<?xml version="1.0" encoding="UTF-8"?>
<beans xmlns="http://www.springframework.org/schema/beans"
       xmlns:xsi="http://www.w3.org/2001/XMLSchema-instance"
       xmlns:context="http://www.springframework.org/schema/context"
       xsi:schemaLocation="http://www.springframework.org/schema/beans http://www.springframework.org/schema/beans/spring-beans.xsd
        http://www.springframework.org/schema/context
        http://www.springframework.org/schema/context/spring-context.xsd">

    <!-- NON SERVICE VERSION -->
    <bean id="oidService" class="fi.vm.sade.oid.service.mock.OIDServiceMock"/>
    <bean id="organisaatioKoodisto" primary="true" class="fi.vm.sade.organisaatio.business.impl.OrganisaatioKoodistoMock" />

    <context:property-placeholder location="classpath:organisaatio-service-test.properties"/>

    <context:annotation-config/>
    <context:component-scan base-package="fi.vm.sade.organisaatio"/>

    <bean id="messageSource" class="org.springframework.context.support.ReloadableResourceBundleMessageSource">
        <property name="basename" value="classpath:Messages"/>
        <property name="defaultEncoding" value="UTF-8"/>
        <property name="useCodeAsDefaultMessage" value="true"/>
    </bean>

    <bean id="httpClientBuilder" class="fi.vm.sade.javautils.http.OphHttpClient$Builder">
        <constructor-arg value="organisaatio-test" />
    </bean>

    <bean id="koodistoHttpClient" class="fi.vm.sade.javautils.http.OphHttpClient" factory-bean="httpClientBuilder" factory-method="build"/>

    <import resource="classpath:META-INF/spring/context/service-context.xml"/>
    <import resource="classpath:META-INF/spring/context/dao-context.xml"/>
</beans>
