<?xml version="1.0" encoding="UTF-8"?>
<beans xmlns="http://www.springframework.org/schema/beans"
       xmlns:xsi="http://www.w3.org/2001/XMLSchema-instance"
       xmlns:context="http://www.springframework.org/schema/context"
       xmlns:jaxws="http://cxf.apache.org/jaxws"
       xsi:schemaLocation="http://www.springframework.org/schema/beans http://www.springframework.org/schema/beans/spring-beans.xsd
        http://www.springframework.org/schema/context
        http://www.springframework.org/schema/context/spring-context.xsd
        http://cxf.apache.org/jaxws http://cxf.apache.org/schemas/jaxws.xsd">

    <!-- NON SERVICE VERSION -->
    <bean id="oidService" class="fi.vm.sade.oid.service.mock.OIDServiceMock"/>
    <!-- Use following for testing purposes -->
    <bean id="ytjService" class="fi.vm.sade.rajapinnat.ytj.mock.YTJServiceMock"/>

    <context:property-placeholder location="classpath:organisaatio-service-test.properties"/>

    <context:annotation-config/>
    <context:component-scan base-package="fi.vm.sade.organisaatio"/>

    <import resource="classpath:META-INF/spring/context/service-context.xml"/>
    <import resource="classpath:META-INF/spring/context/dao-context.xml"/>
    <import resource="classpath:/META-INF/spring/logger-mock-context.xml"/>

    <bean id="auditLogger" class="fi.vm.sade.log.client.LoggerMock"/>
</beans>
