<?xml version="1.0" encoding="UTF-8"?>
<persistence version="2.0"
	xmlns="http://java.sun.com/xml/ns/persistence" xmlns:xsi="http://www.w3.org/2001/XMLSchema-instance"
	xsi:schemaLocation="http://java.sun.com/xml/ns/persistence
 http://java.sun.com/xml/ns/persistence/persistence_2_0.xsd">


	<persistence-unit name="organisaatio" transaction-type="RESOURCE_LOCAL">
		<provider>org.hibernate.ejb.HibernatePersistence</provider>

        <class>fi.vm.sade.organisaatio.model.Organisaatio</class>
        <class>fi.vm.sade.organisaatio.model.OrganisaatioNimi</class>
        <class>fi.vm.sade.organisaatio.model.OrganisaatioSuhde</class>
        <class>fi.vm.sade.organisaatio.model.HistoryMetadata</class>
        <class>fi.vm.sade.organisaatio.model.Yhteystieto</class>
        <class>fi.vm.sade.organisaatio.model.Puhelinnumero</class>
        <class>fi.vm.sade.organisaatio.model.Osoite</class>
        <class>fi.vm.sade.organisaatio.model.Email</class>
        <class>fi.vm.sade.organisaatio.model.YhteystietoElementti</class>
        <class>fi.vm.sade.organisaatio.model.YhteystietojenTyyppi</class>
        <class>fi.vm.sade.organisaatio.model.YhteystietoArvo</class>
        <class>fi.vm.sade.organisaatio.model.Www</class>
        <class>fi.vm.sade.organisaatio.model.MonikielinenTeksti</class>

        <class>fi.vm.sade.organisaatio.model.lop.BinaryData</class>
        <class>fi.vm.sade.organisaatio.model.lop.OrganisaatioMetaData</class>
        <class>fi.vm.sade.organisaatio.model.lop.NamedMonikielinenTeksti</class>

        <properties>
			<property name="hibernate.hbm2ddl.auto" value="update" />
			<property name="hibernate.show_sql" value="false" />
			<property name="hibernate.dialect" value="org.hibernate.dialect.HSQLDialect" />
			<property name="hibernate.connection.driver_class" value="org.hsqldb.jdbcDriver" />
			<property name="hibernate.connection.url" value="jdbc:hsqldb:mem:organisaatio" />
			<property name="hibernate.connection.username" value="sa" />
			<property name="hibernate.connection.password" value="" />

			<property name="hibernate.c3p0.min_size" value="5" />
			<property name="hibernate.c3p0.max_size" value="20" />
			<property name="hibernate.c3p0.timeout" value="300" />
			<property name="hibernate.c3p0.max_statements" value="50" />
			<property name="hibernate.c3p0.idle_test_period" value="3000" />
		</properties>

	</persistence-unit>

</persistence>


