<?xml version="1.0" encoding="UTF-8"?>
<beans xmlns="http://www.springframework.org/schema/beans"
       xmlns:xsi="http://www.w3.org/2001/XMLSchema-instance"
       xmlns:cxf="http://camel.apache.org/schema/cxf"
       xsi:schemaLocation="http://www.springframework.org/schema/beans http://www.springframework.org/schema/beans/spring-beans.xsd


       http://camel.apache.org/schema/cxf
       http://camel.apache.org/schema/cxf/camel-cxf.xsd">

    <cxf:cxfEndpoint
            id="organisaatioRouter"
            address="/organisaatioService"
            endpointName="s:OrganisaatioServiceImplPort"
            serviceName="s:OrganisaatioServiceImplService"
            wsdlURL="http://localhost:7070/cxf/organisaatio?wsdl"
            serviceClass="fi.vm.sade.organisaatio.service.OrganisaatioService"
            xmlns:s="http://service.organisaatio.sade.vm.fi/"
            >
    </cxf:cxfEndpoint>

    <camelContext id="camelContext" xmlns="http://camel.apache.org/schema/spring">
        <route>
            <from uri="cxf:bean:organisaatioRouter" />
            <to uri="cxf:http://localhost:7070/cxf/organisaatio?serviceClass=fi.vm.sade.organisaatio.service.OrganisaatioService"  />
        </route>
    </camelContext>

</beans>