<?xml version="1.0" encoding="UTF-8"?>
<testsuite name="fi.vm.sade.organisaatio.service.OrganisationHierarchyValidatorTopLevelTest" tests="16" skipped="0" failures="0" errors="0" timestamp="2020-06-10T17:39:14" hostname="Miikkas-MacBook-Pro.local" time="0.984">
  <properties/>
  <testcase name="test[parent:null + child:KOULUTUSTOIMIJA -&gt; true]" classname="fi.vm.sade.organisaatio.service.OrganisationHierarchyValidatorTopLevelTest" time="0.001"/>
  <testcase name="test[parent:null + child:OPPILAITOS -&gt; false]" classname="fi.vm.sade.organisaatio.service.OrganisationHierarchyValidatorTopLevelTest" time="0.0"/>
  <testcase name="test[parent:null + child:TOIMIPISTE -&gt; false]" classname="fi.vm.sade.organisaatio.service.OrganisationHierarchyValidatorTopLevelTest" time="0.0"/>
  <testcase name="test[parent:null + child:OPPISOPIMUSTOIMIPISTE -&gt; false]" classname="fi.vm.sade.organisaatio.service.OrganisationHierarchyValidatorTopLevelTest" time="0.001"/>
  <testcase name="test[parent:null + child:MUU_ORGANISAATIO -&gt; true]" classname="fi.vm.sade.organisaatio.service.OrganisationHierarchyValidatorTopLevelTest" time="0.0"/>
  <testcase name="test[parent:null + child:VARHAISKASVATUKSEN_JARJESTAJA -&gt; true]" classname="fi.vm.sade.organisaatio.service.OrganisationHierarchyValidatorTopLevelTest" time="0.0"/>
  <testcase name="test[parent:null + child:VARHAISKASVATUKSEN_TOIMIPAIKKA -&gt; false]" classname="fi.vm.sade.organisaatio.service.OrganisationHierarchyValidatorTopLevelTest" time="0.0"/>
  <testcase name="test[parent:null + child:TYOELAMAJARJESTO -&gt; true]" classname="fi.vm.sade.organisaatio.service.OrganisationHierarchyValidatorTopLevelTest" time="0.0"/>
  <testcase name="test[parent:null + child:KOULUTUSTOIMIJA -&gt; true]" classname="fi.vm.sade.organisaatio.service.OrganisationHierarchyValidatorTopLevelTest" time="0.0"/>
  <testcase name="test[parent:null + child:OPPILAITOS -&gt; false]" classname="fi.vm.sade.organisaatio.service.OrganisationHierarchyValidatorTopLevelTest" time="0.0"/>
  <testcase name="test[parent:null + child:TOIMIPISTE -&gt; false]" classname="fi.vm.sade.organisaatio.service.OrganisationHierarchyValidatorTopLevelTest" time="0.0"/>
  <testcase name="test[parent:null + child:OPPISOPIMUSTOIMIPISTE -&gt; false]" classname="fi.vm.sade.organisaatio.service.OrganisationHierarchyValidatorTopLevelTest" time="0.0"/>
  <testcase name="test[parent:null + child:MUU_ORGANISAATIO -&gt; true]" classname="fi.vm.sade.organisaatio.service.OrganisationHierarchyValidatorTopLevelTest" time="0.0"/>
  <testcase name="test[parent:null + child:VARHAISKASVATUKSEN_JARJESTAJA -&gt; true]" classname="fi.vm.sade.organisaatio.service.OrganisationHierarchyValidatorTopLevelTest" time="0.0"/>
  <testcase name="test[parent:null + child:VARHAISKASVATUKSEN_TOIMIPAIKKA -&gt; false]" classname="fi.vm.sade.organisaatio.service.OrganisationHierarchyValidatorTopLevelTest" time="0.001"/>
  <testcase name="test[parent:null + child:TYOELAMAJARJESTO -&gt; true]" classname="fi.vm.sade.organisaatio.service.OrganisationHierarchyValidatorTopLevelTest" time="0.0"/>
  <system-out><![CDATA[]]></system-out>
  <system-err><![CDATA[]]></system-err>
</testsuite>
