<?xml version="1.0" encoding="UTF-8"?>
<testsuite name="fi.vm.sade.organisaatio.repository.YtjPaivitysLokiRepositoryImplTest" tests="3" skipped="0" failures="0" errors="0" timestamp="2020-06-10T17:38:37" hostname="Miikkas-MacBook-Pro.local" time="0.613">
  <properties/>
  <testcase name="fetchBothLogs" classname="fi.vm.sade.organisaatio.repository.YtjPaivitysLokiRepositoryImplTest" time="0.573"/>
  <testcase name="fetchOnlyNewLog" classname="fi.vm.sade.organisaatio.repository.YtjPaivitysLokiRepositoryImplTest" time="0.017"/>
  <testcase name="fetchLatest" classname="fi.vm.sade.organisaatio.repository.YtjPaivitysLokiRepositoryImplTest" time="0.022"/>
  <system-out><![CDATA[20:38:30.167 [Test worker] DEBUG org.springframework.test.annotation.ProfileValueUtils - Retrieved @ProfileValueSourceConfiguration [null] for test class [fi.vm.sade.organisaatio.repository.YtjPaivitysLokiRepositoryImplTest]
20:38:30.167 [Test worker] DEBUG org.springframework.test.annotation.ProfileValueUtils - Retrieved ProfileValueSource type [class org.springframework.test.annotation.SystemProfileValueSource] for class [fi.vm.sade.organisaatio.repository.YtjPaivitysLokiRepositoryImplTest]
20:38:30.167 [Test worker] DEBUG org.springframework.test.annotation.ProfileValueUtils - Retrieved @ProfileValueSourceConfiguration [null] for test class [fi.vm.sade.organisaatio.repository.YtjPaivitysLokiRepositoryImplTest]
20:38:30.167 [Test worker] DEBUG org.springframework.test.annotation.ProfileValueUtils - Retrieved ProfileValueSource type [class org.springframework.test.annotation.SystemProfileValueSource] for class [fi.vm.sade.organisaatio.repository.YtjPaivitysLokiRepositoryImplTest]
20:38:30.169 [Test worker] DEBUG org.springframework.test.context.support.AbstractDirtiesContextTestExecutionListener - Before test class: context [DefaultTestContext@4fb162a2 testClass = YtjPaivitysLokiRepositoryImplTest, testInstance = [null], testMethod = [null], testException = [null], mergedContextConfiguration = [WebMergedContextConfiguration@4aca94ab testClass = YtjPaivitysLokiRepositoryImplTest, locations = '{}', classes = '{class fi.vm.sade.organisaatio.OrganisaatioApplication}', contextInitializerClasses = '[]', activeProfiles = '{}', propertySourceLocations = '{}', propertySourceProperties = '{org.springframework.boot.test.context.SpringBootTestContextBootstrapper=true}', contextCustomizers = set[org.springframework.boot.test.autoconfigure.properties.PropertyMappingContextCustomizer@83020a4e, org.springframework.boot.test.autoconfigure.web.servlet.WebDriverContextCustomizerFactory$Customizer@5e540114, [ImportsContextCustomizer@1b73f002 key = [org.springframework.boot.test.autoconfigure.jdbc.TestDatabaseAutoConfiguration, org.springframework.boot.autoconfigure.jdbc.DataSourceAutoConfiguration]], org.springframework.boot.test.context.filter.ExcludeFilterContextCustomizer@41cdf26a, org.springframework.boot.test.json.DuplicateJsonObjectContextCustomizerFactory$DuplicateJsonObjectContextCustomizer@1e95fe99, org.springframework.boot.test.mock.mockito.MockitoContextCustomizer@0, org.springframework.boot.test.web.client.TestRestTemplateContextCustomizer@6d8bcece, org.springframework.boot.test.context.SpringBootTestArgs@1], resourceBasePath = 'src/main/webapp', contextLoader = 'org.springframework.boot.test.context.SpringBootContextLoader', parent = [null]], attributes = map['org.springframework.test.context.web.ServletTestExecutionListener.activateListener' -> true]], class annotated with @DirtiesContext [false] with mode [null].
20:38:30.170 [Test worker] DEBUG org.springframework.test.annotation.ProfileValueUtils - Retrieved @ProfileValueSourceConfiguration [null] for test class [fi.vm.sade.organisaatio.repository.YtjPaivitysLokiRepositoryImplTest]
20:38:30.170 [Test worker] DEBUG org.springframework.test.annotation.ProfileValueUtils - Retrieved ProfileValueSource type [class org.springframework.test.annotation.SystemProfileValueSource] for class [fi.vm.sade.organisaatio.repository.YtjPaivitysLokiRepositoryImplTest]
20:38:30.193 [Test worker] DEBUG org.springframework.test.context.support.TestPropertySourceUtils - Adding inlined properties to environment: {spring.jmx.enabled=false, org.springframework.boot.test.context.SpringBootTestContextBootstrapper=true}

  .   ____          _            __ _ _
 /\\ / ___'_ __ _ _(_)_ __  __ _ \ \ \ \
( ( )\___ | '_ | '_| | '_ \/ _` | \ \ \ \
 \\/  ___)| |_)| | | | | || (_| |  ) ) ) )
  '  |____| .__|_| |_|_| |_\__, | / / / /
 =========|_|==============|___/=/_/_/_/
 :: Spring Boot ::        (v2.3.0.RELEASE)

2020-06-10 20:38:30.532  INFO 56553 --- [    Test worker] .s.o.r.YtjPaivitysLokiRepositoryImplTest : Starting YtjPaivitysLokiRepositoryImplTest on Miikkas-MacBook-Pro.local with PID 56553 (started by mkamka in /Users/mkamka/git/wunderdog/oph/yleiskayttoiset/organisaatio/organisaatio-service)
2020-06-10 20:38:30.533  INFO 56553 --- [    Test worker] .s.o.r.YtjPaivitysLokiRepositoryImplTest : No active profile set, falling back to default profiles: default
2020-06-10 20:38:31.627  INFO 56553 --- [    Test worker] .s.d.r.c.RepositoryConfigurationDelegate : Bootstrapping Spring Data JPA repositories in DEFERRED mode.
2020-06-10 20:38:31.781  INFO 56553 --- [    Test worker] .s.d.r.c.RepositoryConfigurationDelegate : Finished Spring Data repository scanning in 143ms. Found 12 JPA repository interfaces.
2020-06-10 20:38:31.877  INFO 56553 --- [    Test worker] beddedDataSourceBeanFactoryPostProcessor : Replacing 'dataSource' DataSource bean with embedded version
2020-06-10 20:38:32.338  INFO 56553 --- [    Test worker] o.s.j.d.e.EmbeddedDatabaseFactory        : Starting embedded database: url='jdbc:h2:mem:54ed1eb9-a11c-4562-939f-229d4e4d7e8a;DB_CLOSE_DELAY=-1;DB_CLOSE_ON_EXIT=false', username='sa'
2020-06-10 20:38:32.628  INFO 56553 --- [    Test worker] o.s.s.concurrent.ThreadPoolTaskExecutor  : Initializing ExecutorService 'applicationTaskExecutor'
2020-06-10 20:38:32.737  INFO 56553 --- [         task-1] o.hibernate.jpa.internal.util.LogHelper  : HHH000204: Processing PersistenceUnitInfo [name: default]
2020-06-10 20:38:32.816  INFO 56553 --- [         task-1] org.hibernate.Version                    : HHH000412: Hibernate ORM core version 5.4.15.Final
2020-06-10 20:38:33.033  INFO 56553 --- [         task-1] o.hibernate.annotations.common.Version   : HCANN000001: Hibernate Commons Annotations {5.1.0.Final}
2020-06-10 20:38:33.078 DEBUG 56553 --- [         task-1] org.hibernate.type.BasicTypeRegistry     : Adding type registration boolean -> org.hibernate.type.BooleanType@522d1133
2020-06-10 20:38:33.078 DEBUG 56553 --- [         task-1] org.hibernate.type.BasicTypeRegistry     : Adding type registration boolean -> org.hibernate.type.BooleanType@522d1133
2020-06-10 20:38:33.078 DEBUG 56553 --- [         task-1] org.hibernate.type.BasicTypeRegistry     : Adding type registration java.lang.Boolean -> org.hibernate.type.BooleanType@522d1133
2020-06-10 20:38:33.079 DEBUG 56553 --- [         task-1] org.hibernate.type.BasicTypeRegistry     : Adding type registration numeric_boolean -> org.hibernate.type.NumericBooleanType@22ae80e1
2020-06-10 20:38:33.079 DEBUG 56553 --- [         task-1] org.hibernate.type.BasicTypeRegistry     : Adding type registration true_false -> org.hibernate.type.TrueFalseType@59db20f2
2020-06-10 20:38:33.080 DEBUG 56553 --- [         task-1] org.hibernate.type.BasicTypeRegistry     : Adding type registration yes_no -> org.hibernate.type.YesNoType@fa51239
2020-06-10 20:38:33.081 DEBUG 56553 --- [         task-1] org.hibernate.type.BasicTypeRegistry     : Adding type registration byte -> org.hibernate.type.ByteType@53bec7aa
2020-06-10 20:38:33.081 DEBUG 56553 --- [         task-1] org.hibernate.type.BasicTypeRegistry     : Adding type registration byte -> org.hibernate.type.ByteType@53bec7aa
2020-06-10 20:38:33.082 DEBUG 56553 --- [         task-1] org.hibernate.type.BasicTypeRegistry     : Adding type registration java.lang.Byte -> org.hibernate.type.ByteType@53bec7aa
2020-06-10 20:38:33.083 DEBUG 56553 --- [         task-1] org.hibernate.type.BasicTypeRegistry     : Adding type registration character -> org.hibernate.type.CharacterType@1c430539
2020-06-10 20:38:33.083 DEBUG 56553 --- [         task-1] org.hibernate.type.BasicTypeRegistry     : Adding type registration char -> org.hibernate.type.CharacterType@1c430539
2020-06-10 20:38:33.083 DEBUG 56553 --- [         task-1] org.hibernate.type.BasicTypeRegistry     : Adding type registration java.lang.Character -> org.hibernate.type.CharacterType@1c430539
2020-06-10 20:38:33.085 DEBUG 56553 --- [         task-1] org.hibernate.type.BasicTypeRegistry     : Adding type registration short -> org.hibernate.type.ShortType@476dda9b
2020-06-10 20:38:33.085 DEBUG 56553 --- [         task-1] org.hibernate.type.BasicTypeRegistry     : Adding type registration short -> org.hibernate.type.ShortType@476dda9b
2020-06-10 20:38:33.085 DEBUG 56553 --- [         task-1] org.hibernate.type.BasicTypeRegistry     : Adding type registration java.lang.Short -> org.hibernate.type.ShortType@476dda9b
2020-06-10 20:38:33.086 DEBUG 56553 --- [         task-1] org.hibernate.type.BasicTypeRegistry     : Adding type registration integer -> org.hibernate.type.IntegerType@4d38d4b7
2020-06-10 20:38:33.086 DEBUG 56553 --- [         task-1] org.hibernate.type.BasicTypeRegistry     : Adding type registration int -> org.hibernate.type.IntegerType@4d38d4b7
2020-06-10 20:38:33.086 DEBUG 56553 --- [         task-1] org.hibernate.type.BasicTypeRegistry     : Adding type registration java.lang.Integer -> org.hibernate.type.IntegerType@4d38d4b7
2020-06-10 20:38:33.087 DEBUG 56553 --- [         task-1] org.hibernate.type.BasicTypeRegistry     : Adding type registration long -> org.hibernate.type.LongType@69b44bdc
2020-06-10 20:38:33.088 DEBUG 56553 --- [         task-1] org.hibernate.type.BasicTypeRegistry     : Adding type registration long -> org.hibernate.type.LongType@69b44bdc
2020-06-10 20:38:33.088 DEBUG 56553 --- [         task-1] org.hibernate.type.BasicTypeRegistry     : Adding type registration java.lang.Long -> org.hibernate.type.LongType@69b44bdc
2020-06-10 20:38:33.089 DEBUG 56553 --- [         task-1] org.hibernate.type.BasicTypeRegistry     : Adding type registration float -> org.hibernate.type.FloatType@78101572
2020-06-10 20:38:33.089 DEBUG 56553 --- [         task-1] org.hibernate.type.BasicTypeRegistry     : Adding type registration float -> org.hibernate.type.FloatType@78101572
2020-06-10 20:38:33.089 DEBUG 56553 --- [         task-1] org.hibernate.type.BasicTypeRegistry     : Adding type registration java.lang.Float -> org.hibernate.type.FloatType@78101572
2020-06-10 20:38:33.090 DEBUG 56553 --- [         task-1] org.hibernate.type.BasicTypeRegistry     : Adding type registration double -> org.hibernate.type.DoubleType@526e483e
2020-06-10 20:38:33.090 DEBUG 56553 --- [         task-1] org.hibernate.type.BasicTypeRegistry     : Adding type registration double -> org.hibernate.type.DoubleType@526e483e
2020-06-10 20:38:33.090 DEBUG 56553 --- [         task-1] org.hibernate.type.BasicTypeRegistry     : Adding type registration java.lang.Double -> org.hibernate.type.DoubleType@526e483e
2020-06-10 20:38:33.091 DEBUG 56553 --- [         task-1] org.hibernate.type.BasicTypeRegistry     : Adding type registration big_decimal -> org.hibernate.type.BigDecimalType@49fab90e
2020-06-10 20:38:33.091 DEBUG 56553 --- [         task-1] org.hibernate.type.BasicTypeRegistry     : Adding type registration java.math.BigDecimal -> org.hibernate.type.BigDecimalType@49fab90e
2020-06-10 20:38:33.092 DEBUG 56553 --- [         task-1] org.hibernate.type.BasicTypeRegistry     : Adding type registration big_integer -> org.hibernate.type.BigIntegerType@6942968d
2020-06-10 20:38:33.092 DEBUG 56553 --- [         task-1] org.hibernate.type.BasicTypeRegistry     : Adding type registration java.math.BigInteger -> org.hibernate.type.BigIntegerType@6942968d
2020-06-10 20:38:33.093 DEBUG 56553 --- [         task-1] org.hibernate.type.BasicTypeRegistry     : Adding type registration string -> org.hibernate.type.StringType@7c919f77
2020-06-10 20:38:33.093 DEBUG 56553 --- [         task-1] org.hibernate.type.BasicTypeRegistry     : Adding type registration java.lang.String -> org.hibernate.type.StringType@7c919f77
2020-06-10 20:38:33.094 DEBUG 56553 --- [         task-1] org.hibernate.type.BasicTypeRegistry     : Adding type registration nstring -> org.hibernate.type.StringNVarcharType@1a73a322
2020-06-10 20:38:33.095 DEBUG 56553 --- [         task-1] org.hibernate.type.BasicTypeRegistry     : Adding type registration ncharacter -> org.hibernate.type.CharacterNCharType@7e0bc6be
2020-06-10 20:38:33.096 DEBUG 56553 --- [         task-1] org.hibernate.type.BasicTypeRegistry     : Adding type registration url -> org.hibernate.type.UrlType@40000ea8
2020-06-10 20:38:33.096 DEBUG 56553 --- [         task-1] org.hibernate.type.BasicTypeRegistry     : Adding type registration java.net.URL -> org.hibernate.type.UrlType@40000ea8
2020-06-10 20:38:33.096 DEBUG 56553 --- [         task-1] org.hibernate.type.BasicTypeRegistry     : Adding type registration Duration -> org.hibernate.type.DurationType@4debc20a
2020-06-10 20:38:33.097 DEBUG 56553 --- [         task-1] org.hibernate.type.BasicTypeRegistry     : Adding type registration java.time.Duration -> org.hibernate.type.DurationType@4debc20a
2020-06-10 20:38:33.098 DEBUG 56553 --- [         task-1] org.hibernate.type.BasicTypeRegistry     : Adding type registration Instant -> org.hibernate.type.InstantType@707b906d
2020-06-10 20:38:33.098 DEBUG 56553 --- [         task-1] org.hibernate.type.BasicTypeRegistry     : Adding type registration java.time.Instant -> org.hibernate.type.InstantType@707b906d
2020-06-10 20:38:33.099 DEBUG 56553 --- [         task-1] org.hibernate.type.BasicTypeRegistry     : Adding type registration LocalDateTime -> org.hibernate.type.LocalDateTimeType@4535de2b
2020-06-10 20:38:33.099 DEBUG 56553 --- [         task-1] org.hibernate.type.BasicTypeRegistry     : Adding type registration java.time.LocalDateTime -> org.hibernate.type.LocalDateTimeType@4535de2b
2020-06-10 20:38:33.100 DEBUG 56553 --- [         task-1] org.hibernate.type.BasicTypeRegistry     : Adding type registration LocalDate -> org.hibernate.type.LocalDateType@116bbe39
2020-06-10 20:38:33.100 DEBUG 56553 --- [         task-1] org.hibernate.type.BasicTypeRegistry     : Adding type registration java.time.LocalDate -> org.hibernate.type.LocalDateType@116bbe39
2020-06-10 20:38:33.101 DEBUG 56553 --- [         task-1] org.hibernate.type.BasicTypeRegistry     : Adding type registration LocalTime -> org.hibernate.type.LocalTimeType@60d3c2e8
2020-06-10 20:38:33.101 DEBUG 56553 --- [         task-1] org.hibernate.type.BasicTypeRegistry     : Adding type registration java.time.LocalTime -> org.hibernate.type.LocalTimeType@60d3c2e8
2020-06-10 20:38:33.103 DEBUG 56553 --- [         task-1] org.hibernate.type.BasicTypeRegistry     : Adding type registration OffsetDateTime -> org.hibernate.type.OffsetDateTimeType@356f6d2
2020-06-10 20:38:33.103 DEBUG 56553 --- [         task-1] org.hibernate.type.BasicTypeRegistry     : Adding type registration java.time.OffsetDateTime -> org.hibernate.type.OffsetDateTimeType@356f6d2
2020-06-10 20:38:33.104 DEBUG 56553 --- [         task-1] org.hibernate.type.BasicTypeRegistry     : Adding type registration OffsetTime -> org.hibernate.type.OffsetTimeType@4dc9162
2020-06-10 20:38:33.104 DEBUG 56553 --- [         task-1] org.hibernate.type.BasicTypeRegistry     : Adding type registration java.time.OffsetTime -> org.hibernate.type.OffsetTimeType@4dc9162
2020-06-10 20:38:33.105 DEBUG 56553 --- [         task-1] org.hibernate.type.BasicTypeRegistry     : Adding type registration ZonedDateTime -> org.hibernate.type.ZonedDateTimeType@6f4a7ae2
2020-06-10 20:38:33.105 DEBUG 56553 --- [         task-1] org.hibernate.type.BasicTypeRegistry     : Adding type registration java.time.ZonedDateTime -> org.hibernate.type.ZonedDateTimeType@6f4a7ae2
2020-06-10 20:38:33.107 DEBUG 56553 --- [         task-1] org.hibernate.type.BasicTypeRegistry     : Adding type registration date -> org.hibernate.type.DateType@5b9b5794
2020-06-10 20:38:33.107 DEBUG 56553 --- [         task-1] org.hibernate.type.BasicTypeRegistry     : Adding type registration java.sql.Date -> org.hibernate.type.DateType@5b9b5794
2020-06-10 20:38:33.108 DEBUG 56553 --- [         task-1] org.hibernate.type.BasicTypeRegistry     : Adding type registration time -> org.hibernate.type.TimeType@deef864
2020-06-10 20:38:33.108 DEBUG 56553 --- [         task-1] org.hibernate.type.BasicTypeRegistry     : Adding type registration java.sql.Time -> org.hibernate.type.TimeType@deef864
2020-06-10 20:38:33.109 DEBUG 56553 --- [         task-1] org.hibernate.type.BasicTypeRegistry     : Adding type registration timestamp -> org.hibernate.type.TimestampType@1893c812
2020-06-10 20:38:33.109 DEBUG 56553 --- [         task-1] org.hibernate.type.BasicTypeRegistry     : Adding type registration java.sql.Timestamp -> org.hibernate.type.TimestampType@1893c812
2020-06-10 20:38:33.109 DEBUG 56553 --- [         task-1] org.hibernate.type.BasicTypeRegistry     : Adding type registration java.util.Date -> org.hibernate.type.TimestampType@1893c812
2020-06-10 20:38:33.110 DEBUG 56553 --- [         task-1] org.hibernate.type.BasicTypeRegistry     : Adding type registration dbtimestamp -> org.hibernate.type.DbTimestampType@2fca8a09
2020-06-10 20:38:33.111 DEBUG 56553 --- [         task-1] org.hibernate.type.BasicTypeRegistry     : Adding type registration calendar -> org.hibernate.type.CalendarType@e8f29f5
2020-06-10 20:38:33.111 DEBUG 56553 --- [         task-1] org.hibernate.type.BasicTypeRegistry     : Adding type registration java.util.Calendar -> org.hibernate.type.CalendarType@e8f29f5
2020-06-10 20:38:33.111 DEBUG 56553 --- [         task-1] org.hibernate.type.BasicTypeRegistry     : Adding type registration java.util.GregorianCalendar -> org.hibernate.type.CalendarType@e8f29f5
2020-06-10 20:38:33.112 DEBUG 56553 --- [         task-1] org.hibernate.type.BasicTypeRegistry     : Adding type registration calendar_date -> org.hibernate.type.CalendarDateType@22802e9e
2020-06-10 20:38:33.113 DEBUG 56553 --- [         task-1] org.hibernate.type.BasicTypeRegistry     : Adding type registration calendar_time -> org.hibernate.type.CalendarTimeType@6b7e8311
2020-06-10 20:38:33.114 DEBUG 56553 --- [         task-1] org.hibernate.type.BasicTypeRegistry     : Adding type registration locale -> org.hibernate.type.LocaleType@1cbd2173
2020-06-10 20:38:33.114 DEBUG 56553 --- [         task-1] org.hibernate.type.BasicTypeRegistry     : Adding type registration java.util.Locale -> org.hibernate.type.LocaleType@1cbd2173
2020-06-10 20:38:33.115 DEBUG 56553 --- [         task-1] org.hibernate.type.BasicTypeRegistry     : Adding type registration currency -> org.hibernate.type.CurrencyType@5b4a1a37
2020-06-10 20:38:33.115 DEBUG 56553 --- [         task-1] org.hibernate.type.BasicTypeRegistry     : Adding type registration java.util.Currency -> org.hibernate.type.CurrencyType@5b4a1a37
2020-06-10 20:38:33.116 DEBUG 56553 --- [         task-1] org.hibernate.type.BasicTypeRegistry     : Adding type registration timezone -> org.hibernate.type.TimeZoneType@1765f8eb
2020-06-10 20:38:33.116 DEBUG 56553 --- [         task-1] org.hibernate.type.BasicTypeRegistry     : Adding type registration java.util.TimeZone -> org.hibernate.type.TimeZoneType@1765f8eb
2020-06-10 20:38:33.117 DEBUG 56553 --- [         task-1] org.hibernate.type.BasicTypeRegistry     : Adding type registration class -> org.hibernate.type.ClassType@72906078
2020-06-10 20:38:33.117 DEBUG 56553 --- [         task-1] org.hibernate.type.BasicTypeRegistry     : Adding type registration java.lang.Class -> org.hibernate.type.ClassType@72906078
2020-06-10 20:38:33.118 DEBUG 56553 --- [         task-1] org.hibernate.type.BasicTypeRegistry     : Adding type registration uuid-binary -> org.hibernate.type.UUIDBinaryType@49c7680a
2020-06-10 20:38:33.118 DEBUG 56553 --- [         task-1] org.hibernate.type.BasicTypeRegistry     : Adding type registration java.util.UUID -> org.hibernate.type.UUIDBinaryType@49c7680a
2020-06-10 20:38:33.119 DEBUG 56553 --- [         task-1] org.hibernate.type.BasicTypeRegistry     : Adding type registration uuid-char -> org.hibernate.type.UUIDCharType@75e27771
2020-06-10 20:38:33.120 DEBUG 56553 --- [         task-1] org.hibernate.type.BasicTypeRegistry     : Adding type registration binary -> org.hibernate.type.BinaryType@11a46473
2020-06-10 20:38:33.120 DEBUG 56553 --- [         task-1] org.hibernate.type.BasicTypeRegistry     : Adding type registration byte[] -> org.hibernate.type.BinaryType@11a46473
2020-06-10 20:38:33.120 DEBUG 56553 --- [         task-1] org.hibernate.type.BasicTypeRegistry     : Adding type registration [B -> org.hibernate.type.BinaryType@11a46473
2020-06-10 20:38:33.121 DEBUG 56553 --- [         task-1] org.hibernate.type.BasicTypeRegistry     : Adding type registration wrapper-binary -> org.hibernate.type.WrapperBinaryType@782112ad
2020-06-10 20:38:33.121 DEBUG 56553 --- [         task-1] org.hibernate.type.BasicTypeRegistry     : Adding type registration Byte[] -> org.hibernate.type.WrapperBinaryType@782112ad
2020-06-10 20:38:33.121 DEBUG 56553 --- [         task-1] org.hibernate.type.BasicTypeRegistry     : Adding type registration [Ljava.lang.Byte; -> org.hibernate.type.WrapperBinaryType@782112ad
2020-06-10 20:38:33.122 DEBUG 56553 --- [         task-1] org.hibernate.type.BasicTypeRegistry     : Adding type registration row_version -> org.hibernate.type.RowVersionType@6ce134df
2020-06-10 20:38:33.123 DEBUG 56553 --- [         task-1] org.hibernate.type.BasicTypeRegistry     : Adding type registration image -> org.hibernate.type.ImageType@7d89ac69
2020-06-10 20:38:33.124 DEBUG 56553 --- [         task-1] org.hibernate.type.BasicTypeRegistry     : Adding type registration characters -> org.hibernate.type.CharArrayType@664e071e
2020-06-10 20:38:33.124 DEBUG 56553 --- [         task-1] org.hibernate.type.BasicTypeRegistry     : Adding type registration char[] -> org.hibernate.type.CharArrayType@664e071e
2020-06-10 20:38:33.124 DEBUG 56553 --- [         task-1] org.hibernate.type.BasicTypeRegistry     : Adding type registration [C -> org.hibernate.type.CharArrayType@664e071e
2020-06-10 20:38:33.125 DEBUG 56553 --- [         task-1] org.hibernate.type.BasicTypeRegistry     : Adding type registration wrapper-characters -> org.hibernate.type.CharacterArrayType@5e433219
2020-06-10 20:38:33.125 DEBUG 56553 --- [         task-1] org.hibernate.type.BasicTypeRegistry     : Adding type registration [Ljava.lang.Character; -> org.hibernate.type.CharacterArrayType@5e433219
2020-06-10 20:38:33.125 DEBUG 56553 --- [         task-1] org.hibernate.type.BasicTypeRegistry     : Adding type registration Character[] -> org.hibernate.type.CharacterArrayType@5e433219
2020-06-10 20:38:33.125 DEBUG 56553 --- [         task-1] org.hibernate.type.BasicTypeRegistry     : Adding type registration text -> org.hibernate.type.TextType@1dd5be31
2020-06-10 20:38:33.126 DEBUG 56553 --- [         task-1] org.hibernate.type.BasicTypeRegistry     : Adding type registration ntext -> org.hibernate.type.NTextType@26d9e304
2020-06-10 20:38:33.127 DEBUG 56553 --- [         task-1] org.hibernate.type.BasicTypeRegistry     : Adding type registration blob -> org.hibernate.type.BlobType@1494a27c
2020-06-10 20:38:33.127 DEBUG 56553 --- [         task-1] org.hibernate.type.BasicTypeRegistry     : Adding type registration java.sql.Blob -> org.hibernate.type.BlobType@1494a27c
2020-06-10 20:38:33.128 DEBUG 56553 --- [         task-1] org.hibernate.type.BasicTypeRegistry     : Adding type registration materialized_blob -> org.hibernate.type.MaterializedBlobType@2ece2bc5
2020-06-10 20:38:33.129 DEBUG 56553 --- [         task-1] org.hibernate.type.BasicTypeRegistry     : Adding type registration clob -> org.hibernate.type.ClobType@7fdf8a06
2020-06-10 20:38:33.129 DEBUG 56553 --- [         task-1] org.hibernate.type.BasicTypeRegistry     : Adding type registration java.sql.Clob -> org.hibernate.type.ClobType@7fdf8a06
2020-06-10 20:38:33.130 DEBUG 56553 --- [         task-1] org.hibernate.type.BasicTypeRegistry     : Adding type registration nclob -> org.hibernate.type.NClobType@2d76351c
2020-06-10 20:38:33.130 DEBUG 56553 --- [         task-1] org.hibernate.type.BasicTypeRegistry     : Adding type registration java.sql.NClob -> org.hibernate.type.NClobType@2d76351c
2020-06-10 20:38:33.131 DEBUG 56553 --- [         task-1] org.hibernate.type.BasicTypeRegistry     : Adding type registration materialized_clob -> org.hibernate.type.MaterializedClobType@4fec3165
2020-06-10 20:38:33.131 DEBUG 56553 --- [         task-1] org.hibernate.type.BasicTypeRegistry     : Adding type registration materialized_nclob -> org.hibernate.type.MaterializedNClobType@a16cd5c
2020-06-10 20:38:33.132 DEBUG 56553 --- [         task-1] org.hibernate.type.BasicTypeRegistry     : Adding type registration serializable -> org.hibernate.type.SerializableType@406b01c4
2020-06-10 20:38:33.136 DEBUG 56553 --- [         task-1] org.hibernate.type.BasicTypeRegistry     : Adding type registration object -> org.hibernate.type.ObjectType@45cbe814
2020-06-10 20:38:33.136 DEBUG 56553 --- [         task-1] org.hibernate.type.BasicTypeRegistry     : Adding type registration java.lang.Object -> org.hibernate.type.ObjectType@45cbe814
2020-06-10 20:38:33.136 DEBUG 56553 --- [         task-1] org.hibernate.type.BasicTypeRegistry     : Adding type registration imm_date -> org.hibernate.type.AdaptedImmutableType@3519d6e4
2020-06-10 20:38:33.136 DEBUG 56553 --- [         task-1] org.hibernate.type.BasicTypeRegistry     : Adding type registration imm_time -> org.hibernate.type.AdaptedImmutableType@5953f54
2020-06-10 20:38:33.137 DEBUG 56553 --- [         task-1] org.hibernate.type.BasicTypeRegistry     : Adding type registration imm_timestamp -> org.hibernate.type.AdaptedImmutableType@7f0bd4ce
2020-06-10 20:38:33.137 DEBUG 56553 --- [         task-1] org.hibernate.type.BasicTypeRegistry     : Adding type registration imm_dbtimestamp -> org.hibernate.type.AdaptedImmutableType@10ee99ae
2020-06-10 20:38:33.137 DEBUG 56553 --- [         task-1] org.hibernate.type.BasicTypeRegistry     : Adding type registration imm_calendar -> org.hibernate.type.AdaptedImmutableType@6b3bd3a1
2020-06-10 20:38:33.137 DEBUG 56553 --- [         task-1] org.hibernate.type.BasicTypeRegistry     : Adding type registration imm_calendar_date -> org.hibernate.type.AdaptedImmutableType@47783e0d
2020-06-10 20:38:33.137 DEBUG 56553 --- [         task-1] org.hibernate.type.BasicTypeRegistry     : Adding type registration imm_binary -> org.hibernate.type.AdaptedImmutableType@66742f88
2020-06-10 20:38:33.137 DEBUG 56553 --- [         task-1] org.hibernate.type.BasicTypeRegistry     : Adding type registration imm_serializable -> org.hibernate.type.AdaptedImmutableType@2b3e901
2020-06-10 20:38:33.234  WARN 56553 --- [    Test worker] JpaBaseConfiguration$JpaWebConfiguration : spring.jpa.open-in-view is enabled by default. Therefore, database queries may be performed during view rendering. Explicitly configure spring.jpa.open-in-view to disable this warning
2020-06-10 20:38:33.247  INFO 56553 --- [         task-1] org.hibernate.dialect.Dialect            : HHH000400: Using dialect: org.hibernate.dialect.H2Dialect
2020-06-10 20:38:33.335 DEBUG 56553 --- [         task-1] o.h.type.spi.TypeConfiguration$Scope     : Scoping TypeConfiguration [org.hibernate.type.spi.TypeConfiguration@3ce37ab7] to MetadataBuildingContext [org.hibernate.boot.internal.MetadataBuildingContextRootImpl@5379663f]
2020-06-10 20:38:33.624 DEBUG 56553 --- [         task-1] org.hibernate.type.EnumType              : Using NAMED-based conversion for Enum fi.vm.sade.organisaatio.model.YtjVirhe$YTJVirheKohde
2020-06-10 20:38:33.625 DEBUG 56553 --- [         task-1] org.hibernate.type.EnumType              : Using NAMED-based conversion for Enum fi.vm.sade.organisaatio.model.OrganisaatioSahkoposti$Tyyppi
2020-06-10 20:38:33.626 DEBUG 56553 --- [         task-1] org.hibernate.type.EnumType              : Using NAMED-based conversion for Enum fi.vm.sade.organisaatio.model.OrganisaatioSuhde$OrganisaatioSuhdeTyyppi
2020-06-10 20:38:33.627 DEBUG 56553 --- [         task-1] org.hibernate.type.EnumType              : Using NAMED-based conversion for Enum fi.vm.sade.organisaatio.model.YtjPaivitysLoki$YTJPaivitysStatus
2020-06-10 20:38:33.684 DEBUG 56553 --- [         task-1] org.hibernate.type.EnumType              : Using NAMED-based conversion for Enum fi.vm.sade.organisaatio.model.YtjVirhe$YTJVirheKohde
2020-06-10 20:38:33.687 DEBUG 56553 --- [         task-1] org.hibernate.type.EnumType              : Using NAMED-based conversion for Enum fi.vm.sade.organisaatio.model.OrganisaatioSahkoposti$Tyyppi
2020-06-10 20:38:33.692 DEBUG 56553 --- [         task-1] org.hibernate.type.EnumType              : Using NAMED-based conversion for Enum fi.vm.sade.organisaatio.model.OrganisaatioSuhde$OrganisaatioSuhdeTyyppi
2020-06-10 20:38:33.693 DEBUG 56553 --- [         task-1] org.hibernate.type.EnumType              : Using NAMED-based conversion for Enum fi.vm.sade.organisaatio.model.YtjPaivitysLoki$YTJPaivitysStatus
2020-06-10 20:38:33.828 DEBUG 56553 --- [         task-1] o.h.type.spi.TypeConfiguration$Scope     : Scoping TypeConfiguration [org.hibernate.type.spi.TypeConfiguration@3ce37ab7] to SessionFactoryImpl [org.hibernate.internal.SessionFactoryImpl@65b7e2be]
2020-06-10 20:38:33.890 DEBUG 56553 --- [         task-1] org.hibernate.type.EnumType              : Using NAMED-based conversion for Enum fi.vm.sade.organisaatio.model.YtjVirhe$YTJVirheKohde
2020-06-10 20:38:33.890 DEBUG 56553 --- [         task-1] org.hibernate.type.EnumType              : Using NAMED-based conversion for Enum fi.vm.sade.organisaatio.model.YtjVirhe$YTJVirheKohde
2020-06-10 20:38:34.127 DEBUG 56553 --- [         task-1] org.hibernate.type.EnumType              : Using NAMED-based conversion for Enum fi.vm.sade.organisaatio.model.YtjVirhe$YTJVirheKohde
2020-06-10 20:38:34.127 DEBUG 56553 --- [         task-1] org.hibernate.type.EnumType              : Using NAMED-based conversion for Enum fi.vm.sade.organisaatio.model.YtjVirhe$YTJVirheKohde
2020-06-10 20:38:34.202 DEBUG 56553 --- [         task-1] org.hibernate.type.EnumType              : Using NAMED-based conversion for Enum fi.vm.sade.organisaatio.model.OrganisaatioSahkoposti$Tyyppi
2020-06-10 20:38:34.203 DEBUG 56553 --- [         task-1] org.hibernate.type.EnumType              : Using NAMED-based conversion for Enum fi.vm.sade.organisaatio.model.OrganisaatioSahkoposti$Tyyppi
2020-06-10 20:38:34.210 DEBUG 56553 --- [         task-1] org.hibernate.type.EnumType              : Using NAMED-based conversion for Enum fi.vm.sade.organisaatio.model.OrganisaatioSahkoposti$Tyyppi
2020-06-10 20:38:34.210 DEBUG 56553 --- [         task-1] org.hibernate.type.EnumType              : Using NAMED-based conversion for Enum fi.vm.sade.organisaatio.model.OrganisaatioSahkoposti$Tyyppi
2020-06-10 20:38:34.315 DEBUG 56553 --- [         task-1] org.hibernate.type.EnumType              : Using NAMED-based conversion for Enum fi.vm.sade.organisaatio.model.OrganisaatioSuhde$OrganisaatioSuhdeTyyppi
2020-06-10 20:38:34.315 DEBUG 56553 --- [         task-1] org.hibernate.type.EnumType              : Using NAMED-based conversion for Enum fi.vm.sade.organisaatio.model.OrganisaatioSuhde$OrganisaatioSuhdeTyyppi
2020-06-10 20:38:34.322 DEBUG 56553 --- [         task-1] org.hibernate.type.EnumType              : Using NAMED-based conversion for Enum fi.vm.sade.organisaatio.model.OrganisaatioSuhde$OrganisaatioSuhdeTyyppi
2020-06-10 20:38:34.322 DEBUG 56553 --- [         task-1] org.hibernate.type.EnumType              : Using NAMED-based conversion for Enum fi.vm.sade.organisaatio.model.OrganisaatioSuhde$OrganisaatioSuhdeTyyppi
2020-06-10 20:38:34.367 DEBUG 56553 --- [         task-1] org.hibernate.type.EnumType              : Using NAMED-based conversion for Enum fi.vm.sade.organisaatio.model.YtjPaivitysLoki$YTJPaivitysStatus
2020-06-10 20:38:34.367 DEBUG 56553 --- [         task-1] org.hibernate.type.EnumType              : Using NAMED-based conversion for Enum fi.vm.sade.organisaatio.model.YtjPaivitysLoki$YTJPaivitysStatus
2020-06-10 20:38:34.372 DEBUG 56553 --- [         task-1] org.hibernate.type.EnumType              : Using NAMED-based conversion for Enum fi.vm.sade.organisaatio.model.YtjPaivitysLoki$YTJPaivitysStatus
2020-06-10 20:38:34.372 DEBUG 56553 --- [         task-1] org.hibernate.type.EnumType              : Using NAMED-based conversion for Enum fi.vm.sade.organisaatio.model.YtjPaivitysLoki$YTJPaivitysStatus
2020-06-10 20:38:34.580 DEBUG 56553 --- [         task-1] org.hibernate.type.EnumType              : Using NAMED-based conversion for Enum fi.vm.sade.organisaatio.model.YtjVirhe$YTJVirheKohde
2020-06-10 20:38:34.580 DEBUG 56553 --- [         task-1] org.hibernate.type.EnumType              : Using NAMED-based conversion for Enum fi.vm.sade.organisaatio.model.YtjVirhe$YTJVirheKohde
2020-06-10 20:38:34.584 DEBUG 56553 --- [         task-1] org.hibernate.type.EnumType              : Using NAMED-based conversion for Enum fi.vm.sade.organisaatio.model.OrganisaatioSahkoposti$Tyyppi
2020-06-10 20:38:34.584 DEBUG 56553 --- [         task-1] org.hibernate.type.EnumType              : Using NAMED-based conversion for Enum fi.vm.sade.organisaatio.model.OrganisaatioSahkoposti$Tyyppi
2020-06-10 20:38:34.596 DEBUG 56553 --- [         task-1] org.hibernate.type.EnumType              : Using NAMED-based conversion for Enum fi.vm.sade.organisaatio.model.OrganisaatioSuhde$OrganisaatioSuhdeTyyppi
2020-06-10 20:38:34.596 DEBUG 56553 --- [         task-1] org.hibernate.type.EnumType              : Using NAMED-based conversion for Enum fi.vm.sade.organisaatio.model.OrganisaatioSuhde$OrganisaatioSuhdeTyyppi
2020-06-10 20:38:34.601 DEBUG 56553 --- [         task-1] org.hibernate.type.EnumType              : Using NAMED-based conversion for Enum fi.vm.sade.organisaatio.model.YtjPaivitysLoki$YTJPaivitysStatus
2020-06-10 20:38:34.601 DEBUG 56553 --- [         task-1] org.hibernate.type.EnumType              : Using NAMED-based conversion for Enum fi.vm.sade.organisaatio.model.YtjPaivitysLoki$YTJPaivitysStatus
Hibernate: 
    
    drop table if exists binary_data CASCADE 
Hibernate: 
    
    drop table if exists lisatietotyyppi CASCADE 
Hibernate: 
    
    drop table if exists monikielinen_teksti CASCADE 
Hibernate: 
    
    drop table if exists monikielinen_teksti_values CASCADE 
Hibernate: 
    
    drop table if exists named_monikielinen_teksti CASCADE 
Hibernate: 
    
    drop table if exists organisaatio CASCADE 
Hibernate: 
    
    drop table if exists organisaatio_kayttoryhmat CASCADE 
Hibernate: 
    
    drop table if exists organisaatio_kielet CASCADE 
Hibernate: 
    
    drop table if exists organisaatio_lisatieto CASCADE 
Hibernate: 
    
    drop table if exists organisaatio_muut_kotipaikat_uris CASCADE 
Hibernate: 
    
    drop table if exists organisaatio_muut_oppilaitostyypit CASCADE 
Hibernate: 
    
    drop table if exists organisaatio_nimi CASCADE 
Hibernate: 
    
    drop table if exists organisaatio_ryhmatyypit CASCADE 
Hibernate: 
    
    drop table if exists organisaatio_sahkoposti CASCADE 
Hibernate: 
    
    drop table if exists organisaatio_tyypit CASCADE 
Hibernate: 
    
    drop table if exists organisaatio_vuosiluokat CASCADE 
Hibernate: 
    
    drop table if exists organisaatio_meta_data CASCADE 
Hibernate: 
    
    drop table if exists organisaatio_meta_data_values CASCADE 
Hibernate: 
    
    drop table if exists organisaatio_meta_data_yhteystiedot CASCADE 
Hibernate: 
    
    drop table if exists organisaatiosuhde CASCADE 
Hibernate: 
    
    drop table if exists rajoite CASCADE 
Hibernate: 
    
    drop table if exists varhaiskasvatuksen_jarjestamismuoto CASCADE 
Hibernate: 
    
    drop table if exists varhaiskasvatuksen_kielipainotus CASCADE 
Hibernate: 
    
    drop table if exists varhaiskasvatuksen_toiminnallinenpainotus CASCADE 
Hibernate: 
    
    drop table if exists varhaiskasvatuksen_toimipaikka_tiedot CASCADE 
Hibernate: 
    
    drop table if exists yhteystieto CASCADE 
Hibernate: 
    
    drop table if exists yhteystieto_arvo CASCADE 
Hibernate: 
    
    drop table if exists yhteystieto_elementti CASCADE 
Hibernate: 
    
    drop table if exists yhteystietojen_tyyppi CASCADE 
Hibernate: 
    
    drop table if exists yhteystietojen_tyyppi_sovellettavat_oppilaitostyyppis CASCADE 
Hibernate: 
    
    drop table if exists yhteystietojen_tyyppi_sovellettavat_organisaatio_tyyppis CASCADE 
Hibernate: 
    
    drop table if exists ytjpaivitysloki CASCADE 
Hibernate: 
    
    drop table if exists ytjvirhe CASCADE 
Hibernate: 
    
    create table binary_data (
       id bigint generated by default as identity,
        version bigint not null,
        data blob,
        filename varchar(255),
        mime_type varchar(255),
        name_id bigint,
        primary key (id)
    )
Hibernate: 
    
    create table lisatietotyyppi (
       id bigint generated by default as identity,
        version bigint not null,
        nimi varchar(255),
        primary key (id)
    )
Hibernate: 
    
    create table monikielinen_teksti (
       id bigint generated by default as identity,
        version bigint not null,
        primary key (id)
    )
Hibernate: 
    
    create table monikielinen_teksti_values (
       id bigint not null,
        value varchar(16384),
        key varchar(255) not null,
        primary key (id, key)
    )
Hibernate: 
    
    create table named_monikielinen_teksti (
       id bigint generated by default as identity,
        version bigint not null,
        key varchar(255),
        name_id bigint,
        value_id bigint,
        primary key (id)
    )
Hibernate: 
    
    create table organisaatio (
       id bigint generated by default as identity,
        version bigint not null,
        alkupvm date,
        domainnimi varchar(255),
        kotipaikka varchar(255),
        lakkautuspvm date,
        maa varchar(255),
        nimihaku varchar(256000),
        oid varchar(255) not null,
        opetuspisteenjarjnro varchar(255),
        oppilaitoskoodi varchar(255),
        oppilaitos_tyyppi varchar(255),
        organisaatio_poistettu boolean,
        paivittaja varchar(255),
        paivityspvm timestamp,
        parentidpath varchar(255),
        parentoidpath varchar(255),
        piilotettu boolean default false not null,
        tarkastus_pvm timestamp,
        toimipistekoodi varchar(32),
        tuontipvm timestamp,
        virastotunnus varchar(255),
        yhteishaunkoulukoodi varchar(255),
        yritysmuoto varchar(255),
        ytj_kieli varchar(255),
        ytjpaivityspvm date,
        ytunnus varchar(255),
        kuvaus_mkt bigint,
        metadata_id bigint,
        nimi_mkt bigint,
        varhaiskasvatuksen_toimipaikka_tiedot_id bigint,
        primary key (id)
    )
Hibernate: 
    
    create table organisaatio_kayttoryhmat (
       organisaatio_id bigint not null,
        kayttoryhmat varchar(255)
    )
Hibernate: 
    
    create table organisaatio_kielet (
       organisaatio_id bigint not null,
        kielet varchar(255) not null,
        primary key (organisaatio_id, kielet)
    )
Hibernate: 
    
    create table organisaatio_lisatieto (
       id bigint generated by default as identity,
        version bigint not null,
        lisatietotyyppi_id bigint,
        organisaatio_id bigint,
        primary key (id)
    )
Hibernate: 
    
    create table organisaatio_muut_kotipaikat_uris (
       organisaatio_id bigint not null,
        muut_kotipaikat varchar(255) not null,
        primary key (organisaatio_id, muut_kotipaikat)
    )
Hibernate: 
    
    create table organisaatio_muut_oppilaitostyypit (
       organisaatio_id bigint not null,
        oppilaitostyyppi varchar(255) not null,
        primary key (organisaatio_id, oppilaitostyyppi)
    )
Hibernate: 
    
    create table organisaatio_nimi (
       id bigint generated by default as identity,
        version bigint not null,
        alkupvm date,
        paivittaja varchar(255),
        nimi_mkt bigint,
        organisaatio_id bigint,
        primary key (id)
    )
Hibernate: 
    
    create table organisaatio_ryhmatyypit (
       organisaatio_id bigint not null,
        ryhmatyypit varchar(255)
    )
2020-06-10 20:38:34.650 DEBUG 56553 --- [         task-1] org.hibernate.type.EnumType              : Using NAMED-based conversion for Enum fi.vm.sade.organisaatio.model.OrganisaatioSahkoposti$Tyyppi
Hibernate: 
    
    create table organisaatio_sahkoposti (
       id bigint generated by default as identity,
        version bigint not null,
        aikaleima timestamp not null,
        tyyppi varchar(255) not null,
        viestintapalvelu_id varchar(255),
        organisaatio_id bigint not null,
        primary key (id)
    )
Hibernate: 
    
    create table organisaatio_tyypit (
       organisaatio_id bigint not null,
        tyypit varchar(255)
    )
Hibernate: 
    
    create table organisaatio_vuosiluokat (
       organisaatio_id bigint not null,
        vuosiluokat varchar(255)
    )
Hibernate: 
    
    create table organisaatio_meta_data (
       id bigint generated by default as identity,
        version bigint not null,
        koodi varchar(255),
        luontipvm timestamp not null,
        muokkauspvm timestamp not null,
        hakutoimistoectsemailmkt bigint,
        hakutoimistoectsnimimkt bigint,
        hakutoimistoectspuhelinmkt bigint,
        hakutoimistoectstehtavanimikemkt bigint,
        hakutoimisto_nimi_id bigint,
        kuva_id bigint,
        nimi_id bigint,
        primary key (id)
    )
Hibernate: 
    
    create table organisaatio_meta_data_values (
       organisaatio_meta_data_id bigint not null,
        values_id bigint not null,
        primary key (organisaatio_meta_data_id, values_id)
    )
Hibernate: 
    
    create table organisaatio_meta_data_yhteystiedot (
       organisaatio_meta_data_id bigint not null,
        yhteystiedot_id bigint not null
    )
2020-06-10 20:38:34.652 DEBUG 56553 --- [         task-1] org.hibernate.type.EnumType              : Using NAMED-based conversion for Enum fi.vm.sade.organisaatio.model.OrganisaatioSuhde$OrganisaatioSuhdeTyyppi
Hibernate: 
    
    create table organisaatiosuhde (
       id bigint generated by default as identity,
        version bigint not null,
        alkupvm date,
        loppupvm date,
        opetuspisteenjarjnro varchar(255),
        suhdetyyppi varchar(255) not null,
        child_id bigint not null,
        parent_id bigint not null,
        primary key (id)
    )
Hibernate: 
    
    create table rajoite (
       rajoitetyyppi varchar(31) not null,
        id bigint generated by default as identity,
        version bigint not null,
        arvo varchar(255),
        lisatietotyyppi_id bigint,
        primary key (id)
    )
Hibernate: 
    
    create table varhaiskasvatuksen_jarjestamismuoto (
       varhaiskasvatuksen_toimipaikka_tiedot_id bigint not null,
        toimintamuoto varchar(255) not null,
        primary key (varhaiskasvatuksen_toimipaikka_tiedot_id, toimintamuoto)
    )
Hibernate: 
    
    create table varhaiskasvatuksen_kielipainotus (
       id bigint generated by default as identity,
        version bigint not null,
        alkupvm timestamp,
        kielipainotus varchar(255),
        loppupvm timestamp,
        varhaiskasvatuksen_toimipaikka_tiedot_id bigint,
        primary key (id)
    )
Hibernate: 
    
    create table varhaiskasvatuksen_toiminnallinenpainotus (
       id bigint generated by default as identity,
        version bigint not null,
        alkupvm timestamp,
        loppupvm timestamp,
        toiminnallinenpainotus varchar(255),
        varhaiskasvatuksen_toimipaikka_tiedot_id bigint,
        primary key (id)
    )
Hibernate: 
    
    create table varhaiskasvatuksen_toimipaikka_tiedot (
       id bigint generated by default as identity,
        version bigint not null,
        kasvatusopillinen_jarjestelma varchar(255) not null,
        paikkojen_lukumaara bigint not null,
        toimintamuoto varchar(255) not null,
        primary key (id)
    )
Hibernate: 
    
    create table yhteystieto (
       dtype varchar(31) not null,
        id bigint generated by default as identity,
        version bigint not null,
        kieli varchar(255),
        yhteystieto_oid varchar(255) not null,
        email varchar(255),
        coordinatetype varchar(255),
        extrarivi varchar(255),
        lat double,
        lng double,
        maa varchar(255),
        osavaltio varchar(255),
        osoite varchar(100),
        osoite_tyyppi varchar(255),
        postinumero varchar(255),
        postitoimipaikka varchar(255),
        ytjpaivityspvm date,
        puhelinnumero varchar(255),
        tyyppi varchar(255),
        www_osoite varchar(255),
        organisaatio_id bigint,
        primary key (id)
    )
Hibernate: 
    
    create table yhteystieto_arvo (
       id bigint generated by default as identity,
        version bigint not null,
        arvo_text varchar(100),
        kieli varchar(255),
        yhteystieto_arvo_oid varchar(255) not null,
        arvo_yhteystieto_id bigint,
        kentta_id bigint not null,
        organisaatio_id bigint not null,
        primary key (id)
    )
Hibernate: 
    
    create table yhteystieto_elementti (
       id bigint generated by default as identity,
        version bigint not null,
        kaytossa boolean not null,
        nimi varchar(100) not null,
        nimi_en varchar(255),
        nimi_sv varchar(255),
        oid varchar(255) not null,
        pakollinen boolean not null,
        tyyppi varchar(255) not null,
        yhteystietojen_tyyppi_id bigint not null,
        primary key (id)
    )
Hibernate: 
    
    create table yhteystietojen_tyyppi (
       id bigint generated by default as identity,
        version bigint not null,
        oid varchar(255) not null,
        nimi_mkt bigint,
        primary key (id)
    )
Hibernate: 
    
    create table yhteystietojen_tyyppi_sovellettavat_oppilaitostyyppis (
       id bigint not null,
        oppilaitos_tyyppi varchar(255)
    )
Hibernate: 
    
    create table yhteystietojen_tyyppi_sovellettavat_organisaatio_tyyppis (
       id bigint not null,
        organisaatio_tyyppi varchar(255)
    )
2020-06-10 20:38:34.660 DEBUG 56553 --- [         task-1] org.hibernate.type.EnumType              : Using NAMED-based conversion for Enum fi.vm.sade.organisaatio.model.YtjPaivitysLoki$YTJPaivitysStatus
Hibernate: 
    
    create table ytjpaivitysloki (
       id bigint generated by default as identity,
        version bigint not null,
        paivitetyt_lkm bigint,
        paivitys_tila varchar(255),
        paivitys_tila_selite varchar(255),
        paivitysaika timestamp,
        primary key (id)
    )
2020-06-10 20:38:34.660 DEBUG 56553 --- [         task-1] org.hibernate.type.EnumType              : Using NAMED-based conversion for Enum fi.vm.sade.organisaatio.model.YtjVirhe$YTJVirheKohde
Hibernate: 
    
    create table ytjvirhe (
       id bigint generated by default as identity,
        version bigint not null,
        oid varchar(255) not null,
        org_nimi varchar(255),
        virhekohde varchar(255),
        virheviesti varchar(255),
        ytj_paivitys_loki_id bigint,
        primary key (id)
    )
Hibernate: 
    
    alter table lisatietotyyppi 
       add constraint UK_e7pxtttw3wrna1wjw61ick6vl unique (nimi)
Hibernate: 
    
    alter table organisaatio 
       add constraint UKc6jnudh0bxmcy5fc7y0eokbkj unique (oid)
Hibernate: 
    
    alter table organisaatio 
       add constraint UK6htp7inu0bb40kgmylnlvxjo1 unique (ytunnus, organisaatio_poistettu)
Hibernate: 
    
    alter table organisaatio 
       add constraint UK_kbbl6aavaqs852gioayq5dehw unique (oppilaitoskoodi)
Hibernate: 
    
    alter table organisaatio_meta_data_values 
       add constraint UK_g35xuy6ir6nfqehs1mdpb0odd unique (values_id)
Hibernate: 
    
    alter table organisaatio_meta_data_yhteystiedot 
       add constraint UK_758cu0hyetr6eyrj1kbylgasw unique (yhteystiedot_id)
Hibernate: 
    
    alter table yhteystieto_arvo 
       add constraint UKd9q8ra5w26jde1w6l6ymfx9k4 unique (kentta_id, organisaatio_id, kieli)
Hibernate: 
    
    alter table yhteystieto_elementti 
       add constraint UKieg9ee1a951xgtme9aji0k4fs unique (yhteystietojen_tyyppi_id, nimi)
Hibernate: 
    
    alter table binary_data 
       add constraint FKssnh8n1s66lsvm2yjnbrcmvvw 
       foreign key (name_id) 
       references monikielinen_teksti
Hibernate: 
    
    alter table monikielinen_teksti_values 
       add constraint FKrdlbmp10y4f2boe47juw9bqwx 
       foreign key (id) 
       references monikielinen_teksti
Hibernate: 
    
    alter table named_monikielinen_teksti 
       add constraint FKr22740y3ut1n0sju0qmryng4y 
       foreign key (name_id) 
       references monikielinen_teksti
Hibernate: 
    
    alter table named_monikielinen_teksti 
       add constraint FK7jq92bs1p0oyijwx6jdnf3igq 
       foreign key (value_id) 
       references monikielinen_teksti
Hibernate: 
    
    alter table organisaatio 
       add constraint FKic8d5tlmo7mmc01r0e6h844cp 
       foreign key (kuvaus_mkt) 
       references monikielinen_teksti
Hibernate: 
    
    alter table organisaatio 
       add constraint FK6f3doa3r89e3gib24hnfdinj7 
       foreign key (metadata_id) 
       references organisaatio_meta_data
Hibernate: 
    
    alter table organisaatio 
       add constraint FKc6gfifn7bviifrq5irvaq9qrs 
       foreign key (nimi_mkt) 
       references monikielinen_teksti
Hibernate: 
    
    alter table organisaatio 
       add constraint FKocandrafxw8npk6c3h7liadjf 
       foreign key (varhaiskasvatuksen_toimipaikka_tiedot_id) 
       references varhaiskasvatuksen_toimipaikka_tiedot
Hibernate: 
    
    alter table organisaatio_kayttoryhmat 
       add constraint FK10yp10g3f2cf607vu0tni61gj 
       foreign key (organisaatio_id) 
       references organisaatio
Hibernate: 
    
    alter table organisaatio_kielet 
       add constraint FKnaihhk0jghdudh6pbobaswf1t 
       foreign key (organisaatio_id) 
       references organisaatio
Hibernate: 
    
    alter table organisaatio_lisatieto 
       add constraint FKa6s9w6dypgh7ss24f1oy4w23y 
       foreign key (lisatietotyyppi_id) 
       references lisatietotyyppi
Hibernate: 
    
    alter table organisaatio_lisatieto 
       add constraint FKpb1pf6w0puvaai93numrqyxum 
       foreign key (organisaatio_id) 
       references organisaatio
Hibernate: 
    
    alter table organisaatio_muut_kotipaikat_uris 
       add constraint FKt0k0u60ux3rggl4ioogafdfba 
       foreign key (organisaatio_id) 
       references organisaatio
Hibernate: 
    
    alter table organisaatio_muut_oppilaitostyypit 
       add constraint organisaatio_muut_oppilaitostyypit_organisaatio_id_fkey 
       foreign key (organisaatio_id) 
       references organisaatio
Hibernate: 
    
    alter table organisaatio_nimi 
       add constraint FKgbhx14jx5w673be2gfowqv4sq 
       foreign key (nimi_mkt) 
       references monikielinen_teksti
Hibernate: 
    
    alter table organisaatio_nimi 
       add constraint FKh6sjwfk2f1vbquymjrjs2fg4i 
       foreign key (organisaatio_id) 
       references organisaatio
Hibernate: 
    
    alter table organisaatio_ryhmatyypit 
       add constraint FKcmx0x0pxsp2q6op3btctgg8q 
       foreign key (organisaatio_id) 
       references organisaatio
Hibernate: 
    
    alter table organisaatio_sahkoposti 
       add constraint organisaatio_sahkoposti_organisaatio_id_fkey 
       foreign key (organisaatio_id) 
       references organisaatio
Hibernate: 
    
    alter table organisaatio_tyypit 
       add constraint FKrpw0rau0dvcsk5ue6ax97kogd 
       foreign key (organisaatio_id) 
       references organisaatio
Hibernate: 
    
    alter table organisaatio_vuosiluokat 
       add constraint FKm9gcj129o866ipeu65ifk710 
       foreign key (organisaatio_id) 
       references organisaatio
Hibernate: 
    
    alter table organisaatio_meta_data 
       add constraint FKhgb2944ry4o37ob4x310wik49 
       foreign key (hakutoimistoectsemailmkt) 
       references monikielinen_teksti
Hibernate: 
    
    alter table organisaatio_meta_data 
       add constraint FK57at2ysc6dlpaifapn925h9la 
       foreign key (hakutoimistoectsnimimkt) 
       references monikielinen_teksti
Hibernate: 
    
    alter table organisaatio_meta_data 
       add constraint FKidlrk3xqv24jh3dlyqfotp7gp 
       foreign key (hakutoimistoectspuhelinmkt) 
       references monikielinen_teksti
Hibernate: 
    
    alter table organisaatio_meta_data 
       add constraint FK394pgu58twk2v3agpbvpkudqs 
       foreign key (hakutoimistoectstehtavanimikemkt) 
       references monikielinen_teksti
Hibernate: 
    
    alter table organisaatio_meta_data 
       add constraint FKhujfyydy7au7931rx31pmstf7 
       foreign key (hakutoimisto_nimi_id) 
       references monikielinen_teksti
Hibernate: 
    
    alter table organisaatio_meta_data 
       add constraint FKa3j8bs5yqbrejqb8wrvgpimrl 
       foreign key (kuva_id) 
       references binary_data
Hibernate: 
    
    alter table organisaatio_meta_data 
       add constraint FKb2ehg2vf31sl02u4fff2x2jof 
       foreign key (nimi_id) 
       references monikielinen_teksti
Hibernate: 
    
    alter table organisaatio_meta_data_values 
       add constraint FK2dyf7gsrikqeiebn6f64pto1c 
       foreign key (values_id) 
       references named_monikielinen_teksti
Hibernate: 
    
    alter table organisaatio_meta_data_values 
       add constraint FKh6v5k2b2bgaf2khvqkd1l7pbs 
       foreign key (organisaatio_meta_data_id) 
       references organisaatio_meta_data
Hibernate: 
    
    alter table organisaatio_meta_data_yhteystiedot 
       add constraint FKpoxhldprmw67hfydue6vrec59 
       foreign key (yhteystiedot_id) 
       references yhteystieto
Hibernate: 
    
    alter table organisaatio_meta_data_yhteystiedot 
       add constraint FKoath2196e85hpwbw7fdfg95xb 
       foreign key (organisaatio_meta_data_id) 
       references organisaatio_meta_data
Hibernate: 
    
    alter table organisaatiosuhde 
       add constraint FK48p0wus5mebwan5c8p9tbdapr 
       foreign key (child_id) 
       references organisaatio
Hibernate: 
    
    alter table organisaatiosuhde 
       add constraint FK5ed7m6bo9brfmf08umasnp68o 
       foreign key (parent_id) 
       references organisaatio
Hibernate: 
    
    alter table rajoite 
       add constraint FK3v1g6p71215r9q5syemd0wh6 
       foreign key (lisatietotyyppi_id) 
       references lisatietotyyppi
Hibernate: 
    
    alter table varhaiskasvatuksen_jarjestamismuoto 
       add constraint FKqq2uaxliuau68807jjvddqcdw 
       foreign key (varhaiskasvatuksen_toimipaikka_tiedot_id) 
       references varhaiskasvatuksen_toimipaikka_tiedot
Hibernate: 
    
    alter table varhaiskasvatuksen_kielipainotus 
       add constraint FKeo6sd2swrsevc96o0v3k1gdov 
       foreign key (varhaiskasvatuksen_toimipaikka_tiedot_id) 
       references varhaiskasvatuksen_toimipaikka_tiedot
Hibernate: 
    
    alter table varhaiskasvatuksen_toiminnallinenpainotus 
       add constraint FKkb1vf7mxi9jovxxok8p1h9089 
       foreign key (varhaiskasvatuksen_toimipaikka_tiedot_id) 
       references varhaiskasvatuksen_toimipaikka_tiedot
Hibernate: 
    
    alter table yhteystieto 
       add constraint FKc4f5icrr53k9fin533f8wf8ck 
       foreign key (organisaatio_id) 
       references organisaatio
Hibernate: 
    
    alter table yhteystieto_arvo 
       add constraint FK9vtl6q70mk1j7cggl1se3grs6 
       foreign key (arvo_yhteystieto_id) 
       references yhteystieto
Hibernate: 
    
    alter table yhteystieto_arvo 
       add constraint FKhbfhp21mnuebqbelkx241pn7c 
       foreign key (kentta_id) 
       references yhteystieto_elementti
Hibernate: 
    
    alter table yhteystieto_arvo 
       add constraint FKo6gphkqjgah8gjomcuq072hmb 
       foreign key (organisaatio_id) 
       references organisaatio
Hibernate: 
    
    alter table yhteystieto_elementti 
       add constraint FK61qq0pvu0jvdkx1edni9y4qpr 
       foreign key (yhteystietojen_tyyppi_id) 
       references yhteystietojen_tyyppi
Hibernate: 
    
    alter table yhteystietojen_tyyppi 
       add constraint FKfv2o24xdj13vkudj5xbc09sbg 
       foreign key (nimi_mkt) 
       references monikielinen_teksti
Hibernate: 
    
    alter table yhteystietojen_tyyppi_sovellettavat_oppilaitostyyppis 
       add constraint FKqqcb5656tu5wruuagdqj6wx15 
       foreign key (id) 
       references yhteystietojen_tyyppi
Hibernate: 
    
    alter table yhteystietojen_tyyppi_sovellettavat_organisaatio_tyyppis 
       add constraint FKhg9iy7u0sxq1qjoka6rjbn7h2 
       foreign key (id) 
       references yhteystietojen_tyyppi
Hibernate: 
    
    alter table ytjvirhe 
       add constraint FK6lnd3ilr54i81swnh5nwbvupb 
       foreign key (ytj_paivitys_loki_id) 
       references ytjpaivitysloki
2020-06-10 20:38:34.713  INFO 56553 --- [         task-1] o.h.e.t.j.p.i.JtaPlatformInitiator       : HHH000490: Using JtaPlatform implementation: [org.hibernate.engine.transaction.jta.platform.internal.NoJtaPlatform]
2020-06-10 20:38:34.721 TRACE 56553 --- [         task-1] o.h.type.spi.TypeConfiguration$Scope     : Handling #sessionFactoryCreated from [org.hibernate.internal.SessionFactoryImpl@65b7e2be] for TypeConfiguration
2020-06-10 20:38:34.723  INFO 56553 --- [         task-1] j.LocalContainerEntityManagerFactoryBean : Initialized JPA EntityManagerFactory for persistence unit 'default'
2020-06-10 20:38:36.271  INFO 56553 --- [    Test worker] org.dozer.config.GlobalSettings          : Trying to find Dozer configuration file: dozer.properties
2020-06-10 20:38:36.277  WARN 56553 --- [    Test worker] org.dozer.config.GlobalSettings          : Dozer configuration file not found: dozer.properties.  Using defaults for all Dozer global properties.
2020-06-10 20:38:36.278  INFO 56553 --- [    Test worker] org.dozer.DozerInitializer               : Initializing Dozer. Version: 5.5.0, Thread Name: Test worker
2020-06-10 20:38:36.317  INFO 56553 --- [    Test worker] org.dozer.jmx.JMXPlatformImpl            : Dozer JMX MBean [org.dozer.jmx:type=DozerStatisticsController] auto registered with the Platform MBean Server
2020-06-10 20:38:36.318  INFO 56553 --- [    Test worker] org.dozer.jmx.JMXPlatformImpl            : Dozer JMX MBean [org.dozer.jmx:type=DozerAdminController] auto registered with the Platform MBean Server
2020-06-10 20:38:36.319  INFO 56553 --- [    Test worker] org.dozer.DozerBeanMapper                : Initializing a new instance of dozer bean mapper.
2020-06-10 20:38:37.263  INFO 56553 --- [    Test worker] o.s.b.a.h2.H2ConsoleAutoConfiguration    : H2 console available at '/console/'. Database available at 'jdbc:h2:mem:54ed1eb9-a11c-4562-939f-229d4e4d7e8a'
2020-06-10 20:38:37.332  INFO 56553 --- [    Test worker] o.s.b.a.e.web.EndpointLinksResolver      : Exposing 2 endpoint(s) beneath base path '/actuator'
2020-06-10 20:38:37.391  INFO 56553 --- [    Test worker] DeferredRepositoryInitializationListener : Triggering deferred initialization of Spring Data repositories…
2020-06-10 20:38:37.917  INFO 56553 --- [    Test worker] DeferredRepositoryInitializationListener : Spring Data repositories initialized!
2020-06-10 20:38:37.933  INFO 56553 --- [    Test worker] .s.o.r.YtjPaivitysLokiRepositoryImplTest : Started YtjPaivitysLokiRepositoryImplTest in 7.73 seconds (JVM running for 9.939)
2020-06-10 20:38:37.979  INFO 56553 --- [    Test worker] o.s.t.c.transaction.TransactionContext   : Began transaction (1) for test context [DefaultTestContext@4fb162a2 testClass = YtjPaivitysLokiRepositoryImplTest, testInstance = fi.vm.sade.organisaatio.repository.YtjPaivitysLokiRepositoryImplTest@6f4f7da3, testMethod = fetchBothLogs@YtjPaivitysLokiRepositoryImplTest, testException = [null], mergedContextConfiguration = [WebMergedContextConfiguration@4aca94ab testClass = YtjPaivitysLokiRepositoryImplTest, locations = '{}', classes = '{class fi.vm.sade.organisaatio.OrganisaatioApplication}', contextInitializerClasses = '[]', activeProfiles = '{}', propertySourceLocations = '{}', propertySourceProperties = '{org.springframework.boot.test.context.SpringBootTestContextBootstrapper=true}', contextCustomizers = set[org.springframework.boot.test.autoconfigure.properties.PropertyMappingContextCustomizer@83020a4e, org.springframework.boot.test.autoconfigure.web.servlet.WebDriverContextCustomizerFactory$Customizer@5e540114, [ImportsContextCustomizer@1b73f002 key = [org.springframework.boot.test.autoconfigure.jdbc.TestDatabaseAutoConfiguration, org.springframework.boot.autoconfigure.jdbc.DataSourceAutoConfiguration]], org.springframework.boot.test.context.filter.ExcludeFilterContextCustomizer@41cdf26a, org.springframework.boot.test.json.DuplicateJsonObjectContextCustomizerFactory$DuplicateJsonObjectContextCustomizer@1e95fe99, org.springframework.boot.test.mock.mockito.MockitoContextCustomizer@0, org.springframework.boot.test.web.client.TestRestTemplateContextCustomizer@6d8bcece, org.springframework.boot.test.context.SpringBootTestArgs@1], resourceBasePath = 'src/main/webapp', contextLoader = 'org.springframework.boot.test.context.SpringBootContextLoader', parent = [null]], attributes = map['org.springframework.test.context.web.ServletTestExecutionListener.activateListener' -> true, 'org.springframework.test.context.web.ServletTestExecutionListener.populatedRequestContextHolder' -> true, 'org.springframework.test.context.web.ServletTestExecutionListener.resetRequestContextHolder' -> true]]; transaction manager [org.springframework.orm.jpa.JpaTransactionManager@20031d49]; rollback [true]
Hibernate: 
    insert 
    into
        ytjpaivitysloki
        (id, version, paivitetyt_lkm, paivitys_tila, paivitys_tila_selite, paivitysaika) 
    values
        (null, ?, ?, ?, ?, ?)
2020-06-10 20:38:38.118 TRACE 56553 --- [    Test worker] o.h.type.descriptor.sql.BasicBinder      : binding parameter [1] as [BIGINT] - [0]
2020-06-10 20:38:38.119 TRACE 56553 --- [    Test worker] o.h.type.descriptor.sql.BasicBinder      : binding parameter [2] as [BIGINT] - [1]
2020-06-10 20:38:38.120 TRACE 56553 --- [    Test worker] o.h.type.descriptor.sql.BasicBinder      : binding parameter [3] as [VARCHAR] - [null]
2020-06-10 20:38:38.120 TRACE 56553 --- [    Test worker] o.h.type.descriptor.sql.BasicBinder      : binding parameter [4] as [VARCHAR] - [null]
2020-06-10 20:38:38.132 TRACE 56553 --- [    Test worker] o.h.type.descriptor.sql.BasicBinder      : binding parameter [5] as [TIMESTAMP] - [Sun Jan 01 00:00:00 EET 2017]
Hibernate: 
    insert 
    into
        ytjvirhe
        (id, version, oid, org_nimi, virhekohde, virheviesti, ytj_paivitys_loki_id) 
    values
        (null, ?, ?, ?, ?, ?, ?)
2020-06-10 20:38:38.303 TRACE 56553 --- [    Test worker] o.h.type.descriptor.sql.BasicBinder      : binding parameter [1] as [BIGINT] - [0]
2020-06-10 20:38:38.304 TRACE 56553 --- [    Test worker] o.h.type.descriptor.sql.BasicBinder      : binding parameter [2] as [VARCHAR] - [12345.0]
2020-06-10 20:38:38.304 TRACE 56553 --- [    Test worker] o.h.type.descriptor.sql.BasicBinder      : binding parameter [3] as [VARCHAR] - [null]
2020-06-10 20:38:38.304 TRACE 56553 --- [    Test worker] o.h.type.descriptor.sql.BasicBinder      : binding parameter [4] as [VARCHAR] - [ALKUPVM]
2020-06-10 20:38:38.304 TRACE 56553 --- [    Test worker] o.h.type.descriptor.sql.BasicBinder      : binding parameter [5] as [VARCHAR] - [bar]
2020-06-10 20:38:38.305 TRACE 56553 --- [    Test worker] o.h.type.descriptor.sql.BasicBinder      : binding parameter [6] as [BIGINT] - [null]
Hibernate: 
    insert 
    into
        ytjpaivitysloki
        (id, version, paivitetyt_lkm, paivitys_tila, paivitys_tila_selite, paivitysaika) 
    values
        (null, ?, ?, ?, ?, ?)
2020-06-10 20:38:38.310 TRACE 56553 --- [    Test worker] o.h.type.descriptor.sql.BasicBinder      : binding parameter [1] as [BIGINT] - [0]
2020-06-10 20:38:38.310 TRACE 56553 --- [    Test worker] o.h.type.descriptor.sql.BasicBinder      : binding parameter [2] as [BIGINT] - [1]
2020-06-10 20:38:38.310 TRACE 56553 --- [    Test worker] o.h.type.descriptor.sql.BasicBinder      : binding parameter [3] as [VARCHAR] - [null]
2020-06-10 20:38:38.310 TRACE 56553 --- [    Test worker] o.h.type.descriptor.sql.BasicBinder      : binding parameter [4] as [VARCHAR] - [null]
2020-06-10 20:38:38.310 TRACE 56553 --- [    Test worker] o.h.type.descriptor.sql.BasicBinder      : binding parameter [5] as [TIMESTAMP] - [Mon Jun 05 00:00:00 EEST 2017]
Hibernate: 
    select
        ytjpaivity0_.id as id1_31_,
        ytjpaivity0_.version as version2_31_,
        ytjpaivity0_.paivitetyt_lkm as paivitet3_31_,
        ytjpaivity0_.paivitys_tila as paivitys4_31_,
        ytjpaivity0_.paivitys_tila_selite as paivitys5_31_,
        ytjpaivity0_.paivitysaika as paivitys6_31_ 
    from
        ytjpaivitysloki ytjpaivity0_ 
    where
        ytjpaivity0_.paivitysaika between ? and ?
2020-06-10 20:38:38.512 TRACE 56553 --- [    Test worker] o.h.type.descriptor.sql.BasicBinder      : binding parameter [1] as [TIMESTAMP] - [Wed Mar 02 00:00:00 EET 2016]
2020-06-10 20:38:38.512 TRACE 56553 --- [    Test worker] o.h.type.descriptor.sql.BasicBinder      : binding parameter [2] as [TIMESTAMP] - [Fri Jul 06 00:00:00 EEST 2018]
2020-06-10 20:38:38.517 TRACE 56553 --- [    Test worker] o.h.type.descriptor.sql.BasicExtractor   : extracted value ([id1_31_] : [BIGINT]) - [1]
2020-06-10 20:38:38.520 TRACE 56553 --- [    Test worker] o.h.type.descriptor.sql.BasicExtractor   : extracted value ([id1_31_] : [BIGINT]) - [2]
2020-06-10 20:38:38.536  INFO 56553 --- [    Test worker] o.s.t.c.transaction.TransactionContext   : Rolled back transaction for test: [DefaultTestContext@4fb162a2 testClass = YtjPaivitysLokiRepositoryImplTest, testInstance = fi.vm.sade.organisaatio.repository.YtjPaivitysLokiRepositoryImplTest@6f4f7da3, testMethod = fetchBothLogs@YtjPaivitysLokiRepositoryImplTest, testException = [null], mergedContextConfiguration = [WebMergedContextConfiguration@4aca94ab testClass = YtjPaivitysLokiRepositoryImplTest, locations = '{}', classes = '{class fi.vm.sade.organisaatio.OrganisaatioApplication}', contextInitializerClasses = '[]', activeProfiles = '{}', propertySourceLocations = '{}', propertySourceProperties = '{org.springframework.boot.test.context.SpringBootTestContextBootstrapper=true}', contextCustomizers = set[org.springframework.boot.test.autoconfigure.properties.PropertyMappingContextCustomizer@83020a4e, org.springframework.boot.test.autoconfigure.web.servlet.WebDriverContextCustomizerFactory$Customizer@5e540114, [ImportsContextCustomizer@1b73f002 key = [org.springframework.boot.test.autoconfigure.jdbc.TestDatabaseAutoConfiguration, org.springframework.boot.autoconfigure.jdbc.DataSourceAutoConfiguration]], org.springframework.boot.test.context.filter.ExcludeFilterContextCustomizer@41cdf26a, org.springframework.boot.test.json.DuplicateJsonObjectContextCustomizerFactory$DuplicateJsonObjectContextCustomizer@1e95fe99, org.springframework.boot.test.mock.mockito.MockitoContextCustomizer@0, org.springframework.boot.test.web.client.TestRestTemplateContextCustomizer@6d8bcece, org.springframework.boot.test.context.SpringBootTestArgs@1], resourceBasePath = 'src/main/webapp', contextLoader = 'org.springframework.boot.test.context.SpringBootContextLoader', parent = [null]], attributes = map['org.springframework.test.context.web.ServletTestExecutionListener.activateListener' -> true, 'org.springframework.test.context.web.ServletTestExecutionListener.populatedRequestContextHolder' -> true, 'org.springframework.test.context.web.ServletTestExecutionListener.resetRequestContextHolder' -> true]]
2020-06-10 20:38:38.538  INFO 56553 --- [    Test worker] o.s.t.c.transaction.TransactionContext   : Began transaction (1) for test context [DefaultTestContext@4fb162a2 testClass = YtjPaivitysLokiRepositoryImplTest, testInstance = fi.vm.sade.organisaatio.repository.YtjPaivitysLokiRepositoryImplTest@1b105d17, testMethod = fetchOnlyNewLog@YtjPaivitysLokiRepositoryImplTest, testException = [null], mergedContextConfiguration = [WebMergedContextConfiguration@4aca94ab testClass = YtjPaivitysLokiRepositoryImplTest, locations = '{}', classes = '{class fi.vm.sade.organisaatio.OrganisaatioApplication}', contextInitializerClasses = '[]', activeProfiles = '{}', propertySourceLocations = '{}', propertySourceProperties = '{org.springframework.boot.test.context.SpringBootTestContextBootstrapper=true}', contextCustomizers = set[org.springframework.boot.test.autoconfigure.properties.PropertyMappingContextCustomizer@83020a4e, org.springframework.boot.test.autoconfigure.web.servlet.WebDriverContextCustomizerFactory$Customizer@5e540114, [ImportsContextCustomizer@1b73f002 key = [org.springframework.boot.test.autoconfigure.jdbc.TestDatabaseAutoConfiguration, org.springframework.boot.autoconfigure.jdbc.DataSourceAutoConfiguration]], org.springframework.boot.test.context.filter.ExcludeFilterContextCustomizer@41cdf26a, org.springframework.boot.test.json.DuplicateJsonObjectContextCustomizerFactory$DuplicateJsonObjectContextCustomizer@1e95fe99, org.springframework.boot.test.mock.mockito.MockitoContextCustomizer@0, org.springframework.boot.test.web.client.TestRestTemplateContextCustomizer@6d8bcece, org.springframework.boot.test.context.SpringBootTestArgs@1], resourceBasePath = 'src/main/webapp', contextLoader = 'org.springframework.boot.test.context.SpringBootContextLoader', parent = [null]], attributes = map['org.springframework.test.context.web.ServletTestExecutionListener.activateListener' -> true, 'org.springframework.test.context.web.ServletTestExecutionListener.populatedRequestContextHolder' -> true, 'org.springframework.test.context.web.ServletTestExecutionListener.resetRequestContextHolder' -> true]]; transaction manager [org.springframework.orm.jpa.JpaTransactionManager@20031d49]; rollback [true]
Hibernate: 
    insert 
    into
        ytjpaivitysloki
        (id, version, paivitetyt_lkm, paivitys_tila, paivitys_tila_selite, paivitysaika) 
    values
        (null, ?, ?, ?, ?, ?)
2020-06-10 20:38:38.540 TRACE 56553 --- [    Test worker] o.h.type.descriptor.sql.BasicBinder      : binding parameter [1] as [BIGINT] - [0]
2020-06-10 20:38:38.540 TRACE 56553 --- [    Test worker] o.h.type.descriptor.sql.BasicBinder      : binding parameter [2] as [BIGINT] - [1]
2020-06-10 20:38:38.540 TRACE 56553 --- [    Test worker] o.h.type.descriptor.sql.BasicBinder      : binding parameter [3] as [VARCHAR] - [null]
2020-06-10 20:38:38.540 TRACE 56553 --- [    Test worker] o.h.type.descriptor.sql.BasicBinder      : binding parameter [4] as [VARCHAR] - [null]
2020-06-10 20:38:38.541 TRACE 56553 --- [    Test worker] o.h.type.descriptor.sql.BasicBinder      : binding parameter [5] as [TIMESTAMP] - [Sun Jan 01 00:00:00 EET 2017]
Hibernate: 
    insert 
    into
        ytjvirhe
        (id, version, oid, org_nimi, virhekohde, virheviesti, ytj_paivitys_loki_id) 
    values
        (null, ?, ?, ?, ?, ?, ?)
2020-06-10 20:38:38.542 TRACE 56553 --- [    Test worker] o.h.type.descriptor.sql.BasicBinder      : binding parameter [1] as [BIGINT] - [0]
2020-06-10 20:38:38.542 TRACE 56553 --- [    Test worker] o.h.type.descriptor.sql.BasicBinder      : binding parameter [2] as [VARCHAR] - [12345.0]
2020-06-10 20:38:38.542 TRACE 56553 --- [    Test worker] o.h.type.descriptor.sql.BasicBinder      : binding parameter [3] as [VARCHAR] - [null]
2020-06-10 20:38:38.542 TRACE 56553 --- [    Test worker] o.h.type.descriptor.sql.BasicBinder      : binding parameter [4] as [VARCHAR] - [ALKUPVM]
2020-06-10 20:38:38.542 TRACE 56553 --- [    Test worker] o.h.type.descriptor.sql.BasicBinder      : binding parameter [5] as [VARCHAR] - [bar]
2020-06-10 20:38:38.543 TRACE 56553 --- [    Test worker] o.h.type.descriptor.sql.BasicBinder      : binding parameter [6] as [BIGINT] - [null]
Hibernate: 
    insert 
    into
        ytjpaivitysloki
        (id, version, paivitetyt_lkm, paivitys_tila, paivitys_tila_selite, paivitysaika) 
    values
        (null, ?, ?, ?, ?, ?)
2020-06-10 20:38:38.544 TRACE 56553 --- [    Test worker] o.h.type.descriptor.sql.BasicBinder      : binding parameter [1] as [BIGINT] - [0]
2020-06-10 20:38:38.544 TRACE 56553 --- [    Test worker] o.h.type.descriptor.sql.BasicBinder      : binding parameter [2] as [BIGINT] - [1]
2020-06-10 20:38:38.545 TRACE 56553 --- [    Test worker] o.h.type.descriptor.sql.BasicBinder      : binding parameter [3] as [VARCHAR] - [null]
2020-06-10 20:38:38.545 TRACE 56553 --- [    Test worker] o.h.type.descriptor.sql.BasicBinder      : binding parameter [4] as [VARCHAR] - [null]
2020-06-10 20:38:38.545 TRACE 56553 --- [    Test worker] o.h.type.descriptor.sql.BasicBinder      : binding parameter [5] as [TIMESTAMP] - [Mon Jun 05 00:00:00 EEST 2017]
Hibernate: 
    select
        ytjpaivity0_.id as id1_31_,
        ytjpaivity0_.version as version2_31_,
        ytjpaivity0_.paivitetyt_lkm as paivitet3_31_,
        ytjpaivity0_.paivitys_tila as paivitys4_31_,
        ytjpaivity0_.paivitys_tila_selite as paivitys5_31_,
        ytjpaivity0_.paivitysaika as paivitys6_31_ 
    from
        ytjpaivitysloki ytjpaivity0_ 
    where
        ytjpaivity0_.paivitysaika between ? and ?
2020-06-10 20:38:38.548 TRACE 56553 --- [    Test worker] o.h.type.descriptor.sql.BasicBinder      : binding parameter [1] as [TIMESTAMP] - [Thu Mar 02 00:00:00 EET 2017]
2020-06-10 20:38:38.549 TRACE 56553 --- [    Test worker] o.h.type.descriptor.sql.BasicBinder      : binding parameter [2] as [TIMESTAMP] - [Thu Jul 06 00:00:00 EEST 2017]
2020-06-10 20:38:38.549 TRACE 56553 --- [    Test worker] o.h.type.descriptor.sql.BasicExtractor   : extracted value ([id1_31_] : [BIGINT]) - [4]
2020-06-10 20:38:38.554  INFO 56553 --- [    Test worker] o.s.t.c.transaction.TransactionContext   : Rolled back transaction for test: [DefaultTestContext@4fb162a2 testClass = YtjPaivitysLokiRepositoryImplTest, testInstance = fi.vm.sade.organisaatio.repository.YtjPaivitysLokiRepositoryImplTest@1b105d17, testMethod = fetchOnlyNewLog@YtjPaivitysLokiRepositoryImplTest, testException = [null], mergedContextConfiguration = [WebMergedContextConfiguration@4aca94ab testClass = YtjPaivitysLokiRepositoryImplTest, locations = '{}', classes = '{class fi.vm.sade.organisaatio.OrganisaatioApplication}', contextInitializerClasses = '[]', activeProfiles = '{}', propertySourceLocations = '{}', propertySourceProperties = '{org.springframework.boot.test.context.SpringBootTestContextBootstrapper=true}', contextCustomizers = set[org.springframework.boot.test.autoconfigure.properties.PropertyMappingContextCustomizer@83020a4e, org.springframework.boot.test.autoconfigure.web.servlet.WebDriverContextCustomizerFactory$Customizer@5e540114, [ImportsContextCustomizer@1b73f002 key = [org.springframework.boot.test.autoconfigure.jdbc.TestDatabaseAutoConfiguration, org.springframework.boot.autoconfigure.jdbc.DataSourceAutoConfiguration]], org.springframework.boot.test.context.filter.ExcludeFilterContextCustomizer@41cdf26a, org.springframework.boot.test.json.DuplicateJsonObjectContextCustomizerFactory$DuplicateJsonObjectContextCustomizer@1e95fe99, org.springframework.boot.test.mock.mockito.MockitoContextCustomizer@0, org.springframework.boot.test.web.client.TestRestTemplateContextCustomizer@6d8bcece, org.springframework.boot.test.context.SpringBootTestArgs@1], resourceBasePath = 'src/main/webapp', contextLoader = 'org.springframework.boot.test.context.SpringBootContextLoader', parent = [null]], attributes = map['org.springframework.test.context.web.ServletTestExecutionListener.activateListener' -> true, 'org.springframework.test.context.web.ServletTestExecutionListener.populatedRequestContextHolder' -> true, 'org.springframework.test.context.web.ServletTestExecutionListener.resetRequestContextHolder' -> true]]
2020-06-10 20:38:38.556  INFO 56553 --- [    Test worker] o.s.t.c.transaction.TransactionContext   : Began transaction (1) for test context [DefaultTestContext@4fb162a2 testClass = YtjPaivitysLokiRepositoryImplTest, testInstance = fi.vm.sade.organisaatio.repository.YtjPaivitysLokiRepositoryImplTest@73d82ed9, testMethod = fetchLatest@YtjPaivitysLokiRepositoryImplTest, testException = [null], mergedContextConfiguration = [WebMergedContextConfiguration@4aca94ab testClass = YtjPaivitysLokiRepositoryImplTest, locations = '{}', classes = '{class fi.vm.sade.organisaatio.OrganisaatioApplication}', contextInitializerClasses = '[]', activeProfiles = '{}', propertySourceLocations = '{}', propertySourceProperties = '{org.springframework.boot.test.context.SpringBootTestContextBootstrapper=true}', contextCustomizers = set[org.springframework.boot.test.autoconfigure.properties.PropertyMappingContextCustomizer@83020a4e, org.springframework.boot.test.autoconfigure.web.servlet.WebDriverContextCustomizerFactory$Customizer@5e540114, [ImportsContextCustomizer@1b73f002 key = [org.springframework.boot.test.autoconfigure.jdbc.TestDatabaseAutoConfiguration, org.springframework.boot.autoconfigure.jdbc.DataSourceAutoConfiguration]], org.springframework.boot.test.context.filter.ExcludeFilterContextCustomizer@41cdf26a, org.springframework.boot.test.json.DuplicateJsonObjectContextCustomizerFactory$DuplicateJsonObjectContextCustomizer@1e95fe99, org.springframework.boot.test.mock.mockito.MockitoContextCustomizer@0, org.springframework.boot.test.web.client.TestRestTemplateContextCustomizer@6d8bcece, org.springframework.boot.test.context.SpringBootTestArgs@1], resourceBasePath = 'src/main/webapp', contextLoader = 'org.springframework.boot.test.context.SpringBootContextLoader', parent = [null]], attributes = map['org.springframework.test.context.web.ServletTestExecutionListener.activateListener' -> true, 'org.springframework.test.context.web.ServletTestExecutionListener.populatedRequestContextHolder' -> true, 'org.springframework.test.context.web.ServletTestExecutionListener.resetRequestContextHolder' -> true]]; transaction manager [org.springframework.orm.jpa.JpaTransactionManager@20031d49]; rollback [true]
Hibernate: 
    insert 
    into
        ytjpaivitysloki
        (id, version, paivitetyt_lkm, paivitys_tila, paivitys_tila_selite, paivitysaika) 
    values
        (null, ?, ?, ?, ?, ?)
2020-06-10 20:38:38.558 TRACE 56553 --- [    Test worker] o.h.type.descriptor.sql.BasicBinder      : binding parameter [1] as [BIGINT] - [0]
2020-06-10 20:38:38.558 TRACE 56553 --- [    Test worker] o.h.type.descriptor.sql.BasicBinder      : binding parameter [2] as [BIGINT] - [1]
2020-06-10 20:38:38.558 TRACE 56553 --- [    Test worker] o.h.type.descriptor.sql.BasicBinder      : binding parameter [3] as [VARCHAR] - [null]
2020-06-10 20:38:38.558 TRACE 56553 --- [    Test worker] o.h.type.descriptor.sql.BasicBinder      : binding parameter [4] as [VARCHAR] - [null]
2020-06-10 20:38:38.559 TRACE 56553 --- [    Test worker] o.h.type.descriptor.sql.BasicBinder      : binding parameter [5] as [TIMESTAMP] - [Sun Jan 01 00:00:00 EET 2017]
Hibernate: 
    insert 
    into
        ytjvirhe
        (id, version, oid, org_nimi, virhekohde, virheviesti, ytj_paivitys_loki_id) 
    values
        (null, ?, ?, ?, ?, ?, ?)
2020-06-10 20:38:38.562 TRACE 56553 --- [    Test worker] o.h.type.descriptor.sql.BasicBinder      : binding parameter [1] as [BIGINT] - [0]
2020-06-10 20:38:38.563 TRACE 56553 --- [    Test worker] o.h.type.descriptor.sql.BasicBinder      : binding parameter [2] as [VARCHAR] - [12345.0]
2020-06-10 20:38:38.563 TRACE 56553 --- [    Test worker] o.h.type.descriptor.sql.BasicBinder      : binding parameter [3] as [VARCHAR] - [null]
2020-06-10 20:38:38.563 TRACE 56553 --- [    Test worker] o.h.type.descriptor.sql.BasicBinder      : binding parameter [4] as [VARCHAR] - [ALKUPVM]
2020-06-10 20:38:38.563 TRACE 56553 --- [    Test worker] o.h.type.descriptor.sql.BasicBinder      : binding parameter [5] as [VARCHAR] - [bar]
2020-06-10 20:38:38.563 TRACE 56553 --- [    Test worker] o.h.type.descriptor.sql.BasicBinder      : binding parameter [6] as [BIGINT] - [null]
Hibernate: 
    insert 
    into
        ytjpaivitysloki
        (id, version, paivitetyt_lkm, paivitys_tila, paivitys_tila_selite, paivitysaika) 
    values
        (null, ?, ?, ?, ?, ?)
2020-06-10 20:38:38.564 TRACE 56553 --- [    Test worker] o.h.type.descriptor.sql.BasicBinder      : binding parameter [1] as [BIGINT] - [0]
2020-06-10 20:38:38.565 TRACE 56553 --- [    Test worker] o.h.type.descriptor.sql.BasicBinder      : binding parameter [2] as [BIGINT] - [1]
2020-06-10 20:38:38.565 TRACE 56553 --- [    Test worker] o.h.type.descriptor.sql.BasicBinder      : binding parameter [3] as [VARCHAR] - [null]
2020-06-10 20:38:38.565 TRACE 56553 --- [    Test worker] o.h.type.descriptor.sql.BasicBinder      : binding parameter [4] as [VARCHAR] - [null]
2020-06-10 20:38:38.565 TRACE 56553 --- [    Test worker] o.h.type.descriptor.sql.BasicBinder      : binding parameter [5] as [TIMESTAMP] - [Mon Jun 05 00:00:00 EEST 2017]
Hibernate: 
    select
        ytjpaivity0_.id as id1_31_,
        ytjpaivity0_.version as version2_31_,
        ytjpaivity0_.paivitetyt_lkm as paivitet3_31_,
        ytjpaivity0_.paivitys_tila as paivitys4_31_,
        ytjpaivity0_.paivitys_tila_selite as paivitys5_31_,
        ytjpaivity0_.paivitysaika as paivitys6_31_ 
    from
        ytjpaivitysloki ytjpaivity0_ 
    order by
        ytjpaivity0_.paivitysaika DESC limit ?
2020-06-10 20:38:38.572 TRACE 56553 --- [    Test worker] o.h.type.descriptor.sql.BasicExtractor   : extracted value ([id1_31_] : [BIGINT]) - [6]
2020-06-10 20:38:38.576  INFO 56553 --- [    Test worker] o.s.t.c.transaction.TransactionContext   : Rolled back transaction for test: [DefaultTestContext@4fb162a2 testClass = YtjPaivitysLokiRepositoryImplTest, testInstance = fi.vm.sade.organisaatio.repository.YtjPaivitysLokiRepositoryImplTest@73d82ed9, testMethod = fetchLatest@YtjPaivitysLokiRepositoryImplTest, testException = [null], mergedContextConfiguration = [WebMergedContextConfiguration@4aca94ab testClass = YtjPaivitysLokiRepositoryImplTest, locations = '{}', classes = '{class fi.vm.sade.organisaatio.OrganisaatioApplication}', contextInitializerClasses = '[]', activeProfiles = '{}', propertySourceLocations = '{}', propertySourceProperties = '{org.springframework.boot.test.context.SpringBootTestContextBootstrapper=true}', contextCustomizers = set[org.springframework.boot.test.autoconfigure.properties.PropertyMappingContextCustomizer@83020a4e, org.springframework.boot.test.autoconfigure.web.servlet.WebDriverContextCustomizerFactory$Customizer@5e540114, [ImportsContextCustomizer@1b73f002 key = [org.springframework.boot.test.autoconfigure.jdbc.TestDatabaseAutoConfiguration, org.springframework.boot.autoconfigure.jdbc.DataSourceAutoConfiguration]], org.springframework.boot.test.context.filter.ExcludeFilterContextCustomizer@41cdf26a, org.springframework.boot.test.json.DuplicateJsonObjectContextCustomizerFactory$DuplicateJsonObjectContextCustomizer@1e95fe99, org.springframework.boot.test.mock.mockito.MockitoContextCustomizer@0, org.springframework.boot.test.web.client.TestRestTemplateContextCustomizer@6d8bcece, org.springframework.boot.test.context.SpringBootTestArgs@1], resourceBasePath = 'src/main/webapp', contextLoader = 'org.springframework.boot.test.context.SpringBootContextLoader', parent = [null]], attributes = map['org.springframework.test.context.web.ServletTestExecutionListener.activateListener' -> true, 'org.springframework.test.context.web.ServletTestExecutionListener.populatedRequestContextHolder' -> true, 'org.springframework.test.context.web.ServletTestExecutionListener.resetRequestContextHolder' -> true]]
]]></system-out>
  <system-err><![CDATA[]]></system-err>
</testsuite>
