<?xml version="1.0" encoding="UTF-8"?>
<testsuite name="fi.vm.sade.organisaatio.service.OrganisationHierarchyValidatorSecondLevelTest" tests="16" skipped="0" failures="0" errors="0" timestamp="2020-06-10T15:12:01" hostname="Miikkas-MacBook-Pro.local" time="1.014">
  <properties/>
  <testcase name="test[parent:root + child:KOULUTUSTOIMIJA -&gt; true]" classname="fi.vm.sade.organisaatio.service.OrganisationHierarchyValidatorSecondLevelTest" time="0.0"/>
  <testcase name="test[parent:root + child:OPPILAITOS -&gt; false]" classname="fi.vm.sade.organisaatio.service.OrganisationHierarchyValidatorSecondLevelTest" time="0.0"/>
  <testcase name="test[parent:root + child:TOIMIPISTE -&gt; false]" classname="fi.vm.sade.organisaatio.service.OrganisationHierarchyValidatorSecondLevelTest" time="0.001"/>
  <testcase name="test[parent:root + child:OPPISOPIMUSTOIMIPISTE -&gt; false]" classname="fi.vm.sade.organisaatio.service.OrganisationHierarchyValidatorSecondLevelTest" time="0.0"/>
  <testcase name="test[parent:root + child:MUU_ORGANISAATIO -&gt; true]" classname="fi.vm.sade.organisaatio.service.OrganisationHierarchyValidatorSecondLevelTest" time="0.0"/>
  <testcase name="test[parent:root + child:VARHAISKASVATUKSEN_JARJESTAJA -&gt; true]" classname="fi.vm.sade.organisaatio.service.OrganisationHierarchyValidatorSecondLevelTest" time="0.0"/>
  <testcase name="test[parent:root + child:VARHAISKASVATUKSEN_TOIMIPAIKKA -&gt; false]" classname="fi.vm.sade.organisaatio.service.OrganisationHierarchyValidatorSecondLevelTest" time="0.0"/>
  <testcase name="test[parent:root + child:TYOELAMAJARJESTO -&gt; true]" classname="fi.vm.sade.organisaatio.service.OrganisationHierarchyValidatorSecondLevelTest" time="0.0"/>
  <testcase name="test[parent:root + child:KOULUTUSTOIMIJA -&gt; true]" classname="fi.vm.sade.organisaatio.service.OrganisationHierarchyValidatorSecondLevelTest" time="0.0"/>
  <testcase name="test[parent:root + child:OPPILAITOS -&gt; false]" classname="fi.vm.sade.organisaatio.service.OrganisationHierarchyValidatorSecondLevelTest" time="0.0"/>
  <testcase name="test[parent:root + child:TOIMIPISTE -&gt; false]" classname="fi.vm.sade.organisaatio.service.OrganisationHierarchyValidatorSecondLevelTest" time="0.0"/>
  <testcase name="test[parent:root + child:OPPISOPIMUSTOIMIPISTE -&gt; false]" classname="fi.vm.sade.organisaatio.service.OrganisationHierarchyValidatorSecondLevelTest" time="0.0"/>
  <testcase name="test[parent:root + child:MUU_ORGANISAATIO -&gt; true]" classname="fi.vm.sade.organisaatio.service.OrganisationHierarchyValidatorSecondLevelTest" time="0.0"/>
  <testcase name="test[parent:root + child:VARHAISKASVATUKSEN_JARJESTAJA -&gt; true]" classname="fi.vm.sade.organisaatio.service.OrganisationHierarchyValidatorSecondLevelTest" time="0.0"/>
  <testcase name="test[parent:root + child:VARHAISKASVATUKSEN_TOIMIPAIKKA -&gt; false]" classname="fi.vm.sade.organisaatio.service.OrganisationHierarchyValidatorSecondLevelTest" time="0.0"/>
  <testcase name="test[parent:root + child:TYOELAMAJARJESTO -&gt; true]" classname="fi.vm.sade.organisaatio.service.OrganisationHierarchyValidatorSecondLevelTest" time="0.001"/>
  <system-out><![CDATA[]]></system-out>
  <system-err><![CDATA[]]></system-err>
</testsuite>
