<?xml version="1.0" encoding="UTF-8"?>
<testsuite name="fi.vm.sade.organisaatio.integrationtest.MonikielinenTekstiTest" tests="1" skipped="0" failures="0" errors="0" timestamp="2020-06-10T17:39:15" hostname="Miikkas-MacBook-Pro.local" time="0.013">
  <properties/>
  <testcase name="testInsertAndUpdate" classname="fi.vm.sade.organisaatio.integrationtest.MonikielinenTekstiTest" time="0.013"/>
  <system-out><![CDATA[2020-06-10 20:39:15.085  INFO 56553 --- [    Test worker] o.s.t.c.transaction.TransactionContext   : Began transaction (1) for test context [DefaultTestContext@55477c4a testClass = MonikielinenTekstiTest, testInstance = fi.vm.sade.organisaatio.integrationtest.MonikielinenTekstiTest@37c90757, testMethod = testInsertAndUpdate@MonikielinenTekstiTest, testException = [null], mergedContextConfiguration = [WebMergedContextConfiguration@30c38e95 testClass = MonikielinenTekstiTest, locations = '{}', classes = '{class fi.vm.sade.organisaatio.OrganisaatioApplication}', contextInitializerClasses = '[]', activeProfiles = '{}', propertySourceLocations = '{}', propertySourceProperties = '{org.springframework.boot.test.context.SpringBootTestContextBootstrapper=true}', contextCustomizers = set[org.springframework.boot.test.autoconfigure.properties.PropertyMappingContextCustomizer@83020a4e, org.springframework.boot.test.autoconfigure.web.servlet.WebDriverContextCustomizerFactory$Customizer@5e540114, [ImportsContextCustomizer@26b3fa00 key = [org.springframework.boot.test.autoconfigure.jdbc.TestDatabaseAutoConfiguration, org.springframework.boot.autoconfigure.jdbc.DataSourceAutoConfiguration]], org.springframework.boot.test.context.filter.ExcludeFilterContextCustomizer@41cdf26a, org.springframework.boot.test.json.DuplicateJsonObjectContextCustomizerFactory$DuplicateJsonObjectContextCustomizer@1e95fe99, org.springframework.boot.test.mock.mockito.MockitoContextCustomizer@0, org.springframework.boot.test.web.client.TestRestTemplateContextCustomizer@6d8bcece, org.springframework.boot.test.context.SpringBootTestArgs@1], resourceBasePath = 'src/main/webapp', contextLoader = 'org.springframework.boot.test.context.SpringBootContextLoader', parent = [null]], attributes = map['org.springframework.test.context.web.ServletTestExecutionListener.activateListener' -> true, 'org.springframework.test.context.web.ServletTestExecutionListener.populatedRequestContextHolder' -> true, 'org.springframework.test.context.web.ServletTestExecutionListener.resetRequestContextHolder' -> true]]; transaction manager [org.springframework.orm.jpa.JpaTransactionManager@20031d49]; rollback [true]
Hibernate: 
    select
        count(monikielin0_.id) as col_0_0_ 
    from
        monikielinen_teksti monikielin0_
2020-06-10 20:39:15.088 TRACE 56553 --- [    Test worker] o.h.type.descriptor.sql.BasicExtractor   : extracted value ([col_0_0_] : [BIGINT]) - [0]
Hibernate: 
    insert 
    into
        monikielinen_teksti
        (id, version) 
    values
        (null, ?)
2020-06-10 20:39:15.088 TRACE 56553 --- [    Test worker] o.h.type.descriptor.sql.BasicBinder      : binding parameter [1] as [BIGINT] - [0]
Hibernate: 
    select
        count(monikielin0_.id) as col_0_0_ 
    from
        monikielinen_teksti monikielin0_
2020-06-10 20:39:15.089 TRACE 56553 --- [    Test worker] o.h.type.descriptor.sql.BasicExtractor   : extracted value ([col_0_0_] : [BIGINT]) - [1]
Hibernate: 
    select
        count(monikielin0_.id) as col_0_0_ 
    from
        monikielinen_teksti monikielin0_
2020-06-10 20:39:15.089 TRACE 56553 --- [    Test worker] o.h.type.descriptor.sql.BasicExtractor   : extracted value ([col_0_0_] : [BIGINT]) - [1]
Hibernate: 
    select
        monikielin0_.id as id1_2_,
        monikielin0_.version as version2_2_ 
    from
        monikielinen_teksti monikielin0_ 
    where
        monikielin0_.id=?
2020-06-10 20:39:15.091 TRACE 56553 --- [    Test worker] o.h.type.descriptor.sql.BasicBinder      : binding parameter [1] as [BIGINT] - [35]
2020-06-10 20:39:15.091 TRACE 56553 --- [    Test worker] o.h.type.descriptor.sql.BasicExtractor   : extracted value ([id1_2_] : [BIGINT]) - [35]
Hibernate: 
    update
        monikielinen_teksti 
    set
        version=? 
    where
        id=? 
        and version=?
2020-06-10 20:39:15.091 TRACE 56553 --- [    Test worker] o.h.type.descriptor.sql.BasicBinder      : binding parameter [1] as [BIGINT] - [1]
2020-06-10 20:39:15.092 TRACE 56553 --- [    Test worker] o.h.type.descriptor.sql.BasicBinder      : binding parameter [2] as [BIGINT] - [35]
2020-06-10 20:39:15.092 TRACE 56553 --- [    Test worker] o.h.type.descriptor.sql.BasicBinder      : binding parameter [3] as [BIGINT] - [0]
Hibernate: 
    insert 
    into
        monikielinen_teksti_values
        (id, key, value) 
    values
        (?, ?, ?)
2020-06-10 20:39:15.092 TRACE 56553 --- [    Test worker] o.h.type.descriptor.sql.BasicBinder      : binding parameter [1] as [BIGINT] - [35]
2020-06-10 20:39:15.092 TRACE 56553 --- [    Test worker] o.h.type.descriptor.sql.BasicBinder      : binding parameter [2] as [VARCHAR] - [fi]
2020-06-10 20:39:15.092 TRACE 56553 --- [    Test worker] o.h.type.descriptor.sql.BasicBinder      : binding parameter [3] as [VARCHAR] - [fi2]
Hibernate: 
    insert 
    into
        monikielinen_teksti_values
        (id, key, value) 
    values
        (?, ?, ?)
2020-06-10 20:39:15.092 TRACE 56553 --- [    Test worker] o.h.type.descriptor.sql.BasicBinder      : binding parameter [1] as [BIGINT] - [35]
2020-06-10 20:39:15.092 TRACE 56553 --- [    Test worker] o.h.type.descriptor.sql.BasicBinder      : binding parameter [2] as [VARCHAR] - [sv]
2020-06-10 20:39:15.092 TRACE 56553 --- [    Test worker] o.h.type.descriptor.sql.BasicBinder      : binding parameter [3] as [VARCHAR] - [hejssan]
Hibernate: 
    insert 
    into
        monikielinen_teksti_values
        (id, key, value) 
    values
        (?, ?, ?)
2020-06-10 20:39:15.092 TRACE 56553 --- [    Test worker] o.h.type.descriptor.sql.BasicBinder      : binding parameter [1] as [BIGINT] - [35]
2020-06-10 20:39:15.092 TRACE 56553 --- [    Test worker] o.h.type.descriptor.sql.BasicBinder      : binding parameter [2] as [VARCHAR] - [en]
2020-06-10 20:39:15.092 TRACE 56553 --- [    Test worker] o.h.type.descriptor.sql.BasicBinder      : binding parameter [3] as [VARCHAR] - [en2]
Hibernate: 
    insert 
    into
        monikielinen_teksti_values
        (id, key, value) 
    values
        (?, ?, ?)
2020-06-10 20:39:15.093 TRACE 56553 --- [    Test worker] o.h.type.descriptor.sql.BasicBinder      : binding parameter [1] as [BIGINT] - [35]
2020-06-10 20:39:15.093 TRACE 56553 --- [    Test worker] o.h.type.descriptor.sql.BasicBinder      : binding parameter [2] as [VARCHAR] - [es]
2020-06-10 20:39:15.093 TRACE 56553 --- [    Test worker] o.h.type.descriptor.sql.BasicBinder      : binding parameter [3] as [VARCHAR] - [hola!]
Hibernate: 
    select
        monikielin0_.id as id1_2_,
        monikielin0_.version as version2_2_ 
    from
        monikielinen_teksti monikielin0_ 
    where
        monikielin0_.id=?
2020-06-10 20:39:15.093 TRACE 56553 --- [    Test worker] o.h.type.descriptor.sql.BasicBinder      : binding parameter [1] as [BIGINT] - [35]
2020-06-10 20:39:15.093 TRACE 56553 --- [    Test worker] o.h.type.descriptor.sql.BasicExtractor   : extracted value ([id1_2_] : [BIGINT]) - [35]
Hibernate: 
    update
        monikielinen_teksti 
    set
        version=? 
    where
        id=? 
        and version=?
2020-06-10 20:39:15.093 TRACE 56553 --- [    Test worker] o.h.type.descriptor.sql.BasicBinder      : binding parameter [1] as [BIGINT] - [2]
2020-06-10 20:39:15.094 TRACE 56553 --- [    Test worker] o.h.type.descriptor.sql.BasicBinder      : binding parameter [2] as [BIGINT] - [35]
2020-06-10 20:39:15.094 TRACE 56553 --- [    Test worker] o.h.type.descriptor.sql.BasicBinder      : binding parameter [3] as [BIGINT] - [1]
Hibernate: 
    delete 
    from
        monikielinen_teksti_values 
    where
        id=? 
        and key=?
2020-06-10 20:39:15.094 TRACE 56553 --- [    Test worker] o.h.type.descriptor.sql.BasicBinder      : binding parameter [1] as [BIGINT] - [35]
2020-06-10 20:39:15.094 TRACE 56553 --- [    Test worker] o.h.type.descriptor.sql.BasicBinder      : binding parameter [2] as [VARCHAR] - [en]
Hibernate: 
    delete 
    from
        monikielinen_teksti_values 
    where
        id=? 
        and key=?
2020-06-10 20:39:15.094 TRACE 56553 --- [    Test worker] o.h.type.descriptor.sql.BasicBinder      : binding parameter [1] as [BIGINT] - [35]
2020-06-10 20:39:15.094 TRACE 56553 --- [    Test worker] o.h.type.descriptor.sql.BasicBinder      : binding parameter [2] as [VARCHAR] - [sv]
Hibernate: 
    select
        monikielin0_.id as id1_2_,
        monikielin0_.version as version2_2_ 
    from
        monikielinen_teksti monikielin0_ 
    where
        monikielin0_.id=?
2020-06-10 20:39:15.094 TRACE 56553 --- [    Test worker] o.h.type.descriptor.sql.BasicBinder      : binding parameter [1] as [BIGINT] - [35]
2020-06-10 20:39:15.095 TRACE 56553 --- [    Test worker] o.h.type.descriptor.sql.BasicExtractor   : extracted value ([id1_2_] : [BIGINT]) - [35]
2020-06-10 20:39:15.097  INFO 56553 --- [    Test worker] o.s.t.c.transaction.TransactionContext   : Rolled back transaction for test: [DefaultTestContext@55477c4a testClass = MonikielinenTekstiTest, testInstance = fi.vm.sade.organisaatio.integrationtest.MonikielinenTekstiTest@37c90757, testMethod = testInsertAndUpdate@MonikielinenTekstiTest, testException = [null], mergedContextConfiguration = [WebMergedContextConfiguration@30c38e95 testClass = MonikielinenTekstiTest, locations = '{}', classes = '{class fi.vm.sade.organisaatio.OrganisaatioApplication}', contextInitializerClasses = '[]', activeProfiles = '{}', propertySourceLocations = '{}', propertySourceProperties = '{org.springframework.boot.test.context.SpringBootTestContextBootstrapper=true}', contextCustomizers = set[org.springframework.boot.test.autoconfigure.properties.PropertyMappingContextCustomizer@83020a4e, org.springframework.boot.test.autoconfigure.web.servlet.WebDriverContextCustomizerFactory$Customizer@5e540114, [ImportsContextCustomizer@26b3fa00 key = [org.springframework.boot.test.autoconfigure.jdbc.TestDatabaseAutoConfiguration, org.springframework.boot.autoconfigure.jdbc.DataSourceAutoConfiguration]], org.springframework.boot.test.context.filter.ExcludeFilterContextCustomizer@41cdf26a, org.springframework.boot.test.json.DuplicateJsonObjectContextCustomizerFactory$DuplicateJsonObjectContextCustomizer@1e95fe99, org.springframework.boot.test.mock.mockito.MockitoContextCustomizer@0, org.springframework.boot.test.web.client.TestRestTemplateContextCustomizer@6d8bcece, org.springframework.boot.test.context.SpringBootTestArgs@1], resourceBasePath = 'src/main/webapp', contextLoader = 'org.springframework.boot.test.context.SpringBootContextLoader', parent = [null]], attributes = map['org.springframework.test.context.web.ServletTestExecutionListener.activateListener' -> true, 'org.springframework.test.context.web.ServletTestExecutionListener.populatedRequestContextHolder' -> true, 'org.springframework.test.context.web.ServletTestExecutionListener.resetRequestContextHolder' -> true]]
]]></system-out>
  <system-err><![CDATA[]]></system-err>
</testsuite>
