<?xml version="1.0" encoding="UTF-8"?>
<testsuite name="fi.vm.sade.organisaatio.business.impl.OrganisaatioBusinessCheckerTest" tests="15" skipped="0" failures="0" errors="0" timestamp="2020-06-10T15:12:01" hostname="Miikkas-MacBook-Pro.local" time="0.026">
  <properties/>
  <testcase name="childWithStartDateParentWithout" classname="fi.vm.sade.organisaatio.business.impl.OrganisaatioBusinessCheckerTest" time="0.001"/>
  <testcase name="childWithLaterEndDate" classname="fi.vm.sade.organisaatio.business.impl.OrganisaatioBusinessCheckerTest" time="0.001"/>
  <testcase name="olderChild" classname="fi.vm.sade.organisaatio.business.impl.OrganisaatioBusinessCheckerTest" time="0.001"/>
  <testcase name="testRootLevelOrgEndsBeforeStartDate" classname="fi.vm.sade.organisaatio.business.impl.OrganisaatioBusinessCheckerTest" time="0.001"/>
  <testcase name="parentWithStartDateChildWithout" classname="fi.vm.sade.organisaatio.business.impl.OrganisaatioBusinessCheckerTest" time="0.001"/>
  <testcase name="sameStartDates" classname="fi.vm.sade.organisaatio.business.impl.OrganisaatioBusinessCheckerTest" time="0.002"/>
  <testcase name="youngerChild" classname="fi.vm.sade.organisaatio.business.impl.OrganisaatioBusinessCheckerTest" time="0.002"/>
  <testcase name="testRootLevelOrgEndsAfterMaxDate" classname="fi.vm.sade.organisaatio.business.impl.OrganisaatioBusinessCheckerTest" time="0.001"/>
  <testcase name="parentWithEndDateChildWithout" classname="fi.vm.sade.organisaatio.business.impl.OrganisaatioBusinessCheckerTest" time="0.001"/>
  <testcase name="testRootLevelOrgEndsWithMaxDate" classname="fi.vm.sade.organisaatio.business.impl.OrganisaatioBusinessCheckerTest" time="0.001"/>
  <testcase name="childWithEndDate" classname="fi.vm.sade.organisaatio.business.impl.OrganisaatioBusinessCheckerTest" time="0.001"/>
  <testcase name="testRootLevelOrgWithMinDate" classname="fi.vm.sade.organisaatio.business.impl.OrganisaatioBusinessCheckerTest" time="0.001"/>
  <testcase name="testOrgWithNoChildrenValidAlkupvm" classname="fi.vm.sade.organisaatio.business.impl.OrganisaatioBusinessCheckerTest" time="0.001"/>
  <testcase name="testNullDates" classname="fi.vm.sade.organisaatio.business.impl.OrganisaatioBusinessCheckerTest" time="0.002"/>
  <testcase name="testRootLevelOrgBeforeMinDate" classname="fi.vm.sade.organisaatio.business.impl.OrganisaatioBusinessCheckerTest" time="0.001"/>
  <system-out><![CDATA[2020-06-10 18:12:01.565 ERROR 55751 --- [    Test worker] f.v.s.o.b.i.OrganisaatioBusinessChecker  : oid: null: käytetty loppuPvm (Mon Jan 01 00:00:00 EET 2018) > max päivämäärä (Sun Jan 01 00:00:00 EET 2017)
2020-06-10 18:12:01.566 ERROR 55751 --- [    Test worker] f.v.s.o.b.i.OrganisaatioBusinessChecker  : lapsella ajat NOK: oid: null: käytetty loppuPvm (Mon Jan 01 00:00:00 EET 2018) > max päivämäärä (Sun Jan 01 00:00:00 EET 2017)
2020-06-10 18:12:01.569 ERROR 55751 --- [    Test worker] f.v.s.o.b.i.OrganisaatioBusinessChecker  : oid: 1.2.2004.1: käytetty alkuPvm (Fri Jan 01 00:00:00 EET 2500) > käytetty loppuPvm (Sun Jan 01 00:00:00 EET 2017)
2020-06-10 18:12:01.576 ERROR 55751 --- [    Test worker] f.v.s.o.b.i.OrganisaatioBusinessChecker  : oid: 1.2.2004.1: käytetty loppuPvm (Fri Jan 01 00:00:00 EET 2500) > max päivämäärä (Tue Dec 31 00:00:00 EET 2030)
2020-06-10 18:12:01.578 ERROR 55751 --- [    Test worker] f.v.s.o.b.i.OrganisaatioBusinessChecker  : oid: null: käytetty loppuPvm (Tue Dec 31 00:00:00 EET 2030) > max päivämäärä (Sun Jan 01 00:00:00 EET 2017)
2020-06-10 18:12:01.578 ERROR 55751 --- [    Test worker] f.v.s.o.b.i.OrganisaatioBusinessChecker  : lapsella ajat NOK: oid: null: käytetty loppuPvm (Tue Dec 31 00:00:00 EET 2030) > max päivämäärä (Sun Jan 01 00:00:00 EET 2017)
2020-06-10 18:12:01.589 ERROR 55751 --- [    Test worker] f.v.s.o.b.i.OrganisaatioBusinessChecker  : oid: 1.2.2004.1: käytetty alkuPvm (Wed Jan 01 00:00:00 EET 1800) < min päivämäärä (Mon Jan 01 00:00:00 EET 1900)
]]></system-out>
  <system-err><![CDATA[]]></system-err>
</testsuite>
