<?xml version="1.0" encoding="UTF-8"?>
<testsuite name="fi.vm.sade.organisaatio.service.search.SearchCriteriaServiceTest" tests="10" skipped="0" failures="0" errors="0" timestamp="2020-06-10T15:12:01" hostname="Miikkas-MacBook-Pro.local" time="0.99">
  <properties/>
  <testcase name="getServiceSearchCriteriaV2ReadAccessToAllTrue" classname="fi.vm.sade.organisaatio.service.search.SearchCriteriaServiceTest" time="0.111"/>
  <testcase name="getServiceSearchCriteriaV4ReadAccessToAllFalse" classname="fi.vm.sade.organisaatio.service.search.SearchCriteriaServiceTest" time="0.103"/>
  <testcase name="getServiceSearchCriteriaV2UserCanReadOrganisationFalse" classname="fi.vm.sade.organisaatio.service.search.SearchCriteriaServiceTest" time="0.103"/>
  <testcase name="getServiceSearchCriteriaV4UserCanReadOrganisationTrue" classname="fi.vm.sade.organisaatio.service.search.SearchCriteriaServiceTest" time="0.1"/>
  <testcase name="getServiceSearchCriteriaV2UserCanReadOrganisationTrue" classname="fi.vm.sade.organisaatio.service.search.SearchCriteriaServiceTest" time="0.099"/>
  <testcase name="getServiceSearchCriteriaV4UserCanReadOrganisationFalse" classname="fi.vm.sade.organisaatio.service.search.SearchCriteriaServiceTest" time="0.095"/>
  <testcase name="getServiceSearchCriteriaV4SearchStr" classname="fi.vm.sade.organisaatio.service.search.SearchCriteriaServiceTest" time="0.099"/>
  <testcase name="getServiceSearchCriteriaV2SearchStr" classname="fi.vm.sade.organisaatio.service.search.SearchCriteriaServiceTest" time="0.094"/>
  <testcase name="getServiceSearchCriteriaV4ReadAccessToAllTrue" classname="fi.vm.sade.organisaatio.service.search.SearchCriteriaServiceTest" time="0.096"/>
  <testcase name="getServiceSearchCriteriaV2ReadAccessToAllFalse" classname="fi.vm.sade.organisaatio.service.search.SearchCriteriaServiceTest" time="0.09"/>
  <system-out><![CDATA[]]></system-out>
  <system-err><![CDATA[]]></system-err>
</testsuite>
