<?xml version="1.0" encoding="UTF-8"?>
<testsuite name="fi.vm.sade.organisaatio.business.impl.OrganisaatioKoodistoImplTest" tests="2" skipped="0" failures="0" errors="0" timestamp="2020-06-10T17:39:04" hostname="Miikkas-MacBook-Pro.local" time="0.047">
  <properties/>
  <testcase name="paivitaKoodistoKoulutustoimija" classname="fi.vm.sade.organisaatio.business.impl.OrganisaatioKoodistoImplTest" time="0.04"/>
  <testcase name="paivitaKoodistoOppilaitosIncludesCodeElementsPassive" classname="fi.vm.sade.organisaatio.business.impl.OrganisaatioKoodistoImplTest" time="0.006"/>
  <system-out><![CDATA[2020-06-10 20:39:04.980  INFO 56553 --- [    Test worker] f.v.s.o.b.impl.OrganisaatioKoodistoImpl  : Koodi koulutustoimija_2228357-4 päivitettiin
2020-06-10 20:39:05.000  INFO 56553 --- [    Test worker] f.v.s.o.b.impl.OrganisaatioKoodistoImpl  : Koodi oppilaitosnumero_02428 päivitettiin
]]></system-out>
  <system-err><![CDATA[]]></system-err>
</testsuite>
