<?xml version="1.0" encoding="UTF-8"?>
<testsuite name="fi.vm.sade.organisaatio.service.OrganisationHierarchyValidatorTypeTest" tests="128" skipped="0" failures="0" errors="0" timestamp="2020-06-10T15:12:01" hostname="Miikkas-MacBook-Pro.local" time="1.008">
  <properties/>
  <testcase name="test[parent:KOULUTUSTOIMIJA + child:KOULUTUSTOIMIJA -&gt; false]" classname="fi.vm.sade.organisaatio.service.OrganisationHierarchyValidatorTypeTest" time="0.001"/>
  <testcase name="test[parent:OPPILAITOS + child:KOULUTUSTOIMIJA -&gt; false]" classname="fi.vm.sade.organisaatio.service.OrganisationHierarchyValidatorTypeTest" time="0.0"/>
  <testcase name="test[parent:TOIMIPISTE + child:KOULUTUSTOIMIJA -&gt; false]" classname="fi.vm.sade.organisaatio.service.OrganisationHierarchyValidatorTypeTest" time="0.0"/>
  <testcase name="test[parent:OPPISOPIMUSTOIMIPISTE + child:KOULUTUSTOIMIJA -&gt; false]" classname="fi.vm.sade.organisaatio.service.OrganisationHierarchyValidatorTypeTest" time="0.0"/>
  <testcase name="test[parent:MUU_ORGANISAATIO + child:KOULUTUSTOIMIJA -&gt; false]" classname="fi.vm.sade.organisaatio.service.OrganisationHierarchyValidatorTypeTest" time="0.0"/>
  <testcase name="test[parent:VARHAISKASVATUKSEN_JARJESTAJA + child:KOULUTUSTOIMIJA -&gt; false]" classname="fi.vm.sade.organisaatio.service.OrganisationHierarchyValidatorTypeTest" time="0.0"/>
  <testcase name="test[parent:VARHAISKASVATUKSEN_TOIMIPAIKKA + child:KOULUTUSTOIMIJA -&gt; false]" classname="fi.vm.sade.organisaatio.service.OrganisationHierarchyValidatorTypeTest" time="0.0"/>
  <testcase name="test[parent:TYOELAMAJARJESTO + child:KOULUTUSTOIMIJA -&gt; false]" classname="fi.vm.sade.organisaatio.service.OrganisationHierarchyValidatorTypeTest" time="0.0"/>
  <testcase name="test[parent:KOULUTUSTOIMIJA + child:OPPILAITOS -&gt; true]" classname="fi.vm.sade.organisaatio.service.OrganisationHierarchyValidatorTypeTest" time="0.0"/>
  <testcase name="test[parent:OPPILAITOS + child:OPPILAITOS -&gt; false]" classname="fi.vm.sade.organisaatio.service.OrganisationHierarchyValidatorTypeTest" time="0.0"/>
  <testcase name="test[parent:TOIMIPISTE + child:OPPILAITOS -&gt; false]" classname="fi.vm.sade.organisaatio.service.OrganisationHierarchyValidatorTypeTest" time="0.0"/>
  <testcase name="test[parent:OPPISOPIMUSTOIMIPISTE + child:OPPILAITOS -&gt; false]" classname="fi.vm.sade.organisaatio.service.OrganisationHierarchyValidatorTypeTest" time="0.0"/>
  <testcase name="test[parent:MUU_ORGANISAATIO + child:OPPILAITOS -&gt; false]" classname="fi.vm.sade.organisaatio.service.OrganisationHierarchyValidatorTypeTest" time="0.0"/>
  <testcase name="test[parent:VARHAISKASVATUKSEN_JARJESTAJA + child:OPPILAITOS -&gt; false]" classname="fi.vm.sade.organisaatio.service.OrganisationHierarchyValidatorTypeTest" time="0.0"/>
  <testcase name="test[parent:VARHAISKASVATUKSEN_TOIMIPAIKKA + child:OPPILAITOS -&gt; false]" classname="fi.vm.sade.organisaatio.service.OrganisationHierarchyValidatorTypeTest" time="0.0"/>
  <testcase name="test[parent:TYOELAMAJARJESTO + child:OPPILAITOS -&gt; false]" classname="fi.vm.sade.organisaatio.service.OrganisationHierarchyValidatorTypeTest" time="0.0"/>
  <testcase name="test[parent:KOULUTUSTOIMIJA + child:TOIMIPISTE -&gt; false]" classname="fi.vm.sade.organisaatio.service.OrganisationHierarchyValidatorTypeTest" time="0.0"/>
  <testcase name="test[parent:OPPILAITOS + child:TOIMIPISTE -&gt; true]" classname="fi.vm.sade.organisaatio.service.OrganisationHierarchyValidatorTypeTest" time="0.0"/>
  <testcase name="test[parent:TOIMIPISTE + child:TOIMIPISTE -&gt; true]" classname="fi.vm.sade.organisaatio.service.OrganisationHierarchyValidatorTypeTest" time="0.0"/>
  <testcase name="test[parent:OPPISOPIMUSTOIMIPISTE + child:TOIMIPISTE -&gt; false]" classname="fi.vm.sade.organisaatio.service.OrganisationHierarchyValidatorTypeTest" time="0.0"/>
  <testcase name="test[parent:MUU_ORGANISAATIO + child:TOIMIPISTE -&gt; true]" classname="fi.vm.sade.organisaatio.service.OrganisationHierarchyValidatorTypeTest" time="0.0"/>
  <testcase name="test[parent:VARHAISKASVATUKSEN_JARJESTAJA + child:TOIMIPISTE -&gt; false]" classname="fi.vm.sade.organisaatio.service.OrganisationHierarchyValidatorTypeTest" time="0.0"/>
  <testcase name="test[parent:VARHAISKASVATUKSEN_TOIMIPAIKKA + child:TOIMIPISTE -&gt; false]" classname="fi.vm.sade.organisaatio.service.OrganisationHierarchyValidatorTypeTest" time="0.0"/>
  <testcase name="test[parent:TYOELAMAJARJESTO + child:TOIMIPISTE -&gt; true]" classname="fi.vm.sade.organisaatio.service.OrganisationHierarchyValidatorTypeTest" time="0.0"/>
  <testcase name="test[parent:KOULUTUSTOIMIJA + child:OPPISOPIMUSTOIMIPISTE -&gt; true]" classname="fi.vm.sade.organisaatio.service.OrganisationHierarchyValidatorTypeTest" time="0.0"/>
  <testcase name="test[parent:OPPILAITOS + child:OPPISOPIMUSTOIMIPISTE -&gt; false]" classname="fi.vm.sade.organisaatio.service.OrganisationHierarchyValidatorTypeTest" time="0.0"/>
  <testcase name="test[parent:TOIMIPISTE + child:OPPISOPIMUSTOIMIPISTE -&gt; false]" classname="fi.vm.sade.organisaatio.service.OrganisationHierarchyValidatorTypeTest" time="0.0"/>
  <testcase name="test[parent:OPPISOPIMUSTOIMIPISTE + child:OPPISOPIMUSTOIMIPISTE -&gt; false]" classname="fi.vm.sade.organisaatio.service.OrganisationHierarchyValidatorTypeTest" time="0.0"/>
  <testcase name="test[parent:MUU_ORGANISAATIO + child:OPPISOPIMUSTOIMIPISTE -&gt; false]" classname="fi.vm.sade.organisaatio.service.OrganisationHierarchyValidatorTypeTest" time="0.0"/>
  <testcase name="test[parent:VARHAISKASVATUKSEN_JARJESTAJA + child:OPPISOPIMUSTOIMIPISTE -&gt; false]" classname="fi.vm.sade.organisaatio.service.OrganisationHierarchyValidatorTypeTest" time="0.0"/>
  <testcase name="test[parent:VARHAISKASVATUKSEN_TOIMIPAIKKA + child:OPPISOPIMUSTOIMIPISTE -&gt; false]" classname="fi.vm.sade.organisaatio.service.OrganisationHierarchyValidatorTypeTest" time="0.0"/>
  <testcase name="test[parent:TYOELAMAJARJESTO + child:OPPISOPIMUSTOIMIPISTE -&gt; false]" classname="fi.vm.sade.organisaatio.service.OrganisationHierarchyValidatorTypeTest" time="0.0"/>
  <testcase name="test[parent:KOULUTUSTOIMIJA + child:MUU_ORGANISAATIO -&gt; false]" classname="fi.vm.sade.organisaatio.service.OrganisationHierarchyValidatorTypeTest" time="0.0"/>
  <testcase name="test[parent:OPPILAITOS + child:MUU_ORGANISAATIO -&gt; false]" classname="fi.vm.sade.organisaatio.service.OrganisationHierarchyValidatorTypeTest" time="0.0"/>
  <testcase name="test[parent:TOIMIPISTE + child:MUU_ORGANISAATIO -&gt; false]" classname="fi.vm.sade.organisaatio.service.OrganisationHierarchyValidatorTypeTest" time="0.0"/>
  <testcase name="test[parent:OPPISOPIMUSTOIMIPISTE + child:MUU_ORGANISAATIO -&gt; false]" classname="fi.vm.sade.organisaatio.service.OrganisationHierarchyValidatorTypeTest" time="0.0"/>
  <testcase name="test[parent:MUU_ORGANISAATIO + child:MUU_ORGANISAATIO -&gt; true]" classname="fi.vm.sade.organisaatio.service.OrganisationHierarchyValidatorTypeTest" time="0.0"/>
  <testcase name="test[parent:VARHAISKASVATUKSEN_JARJESTAJA + child:MUU_ORGANISAATIO -&gt; false]" classname="fi.vm.sade.organisaatio.service.OrganisationHierarchyValidatorTypeTest" time="0.0"/>
  <testcase name="test[parent:VARHAISKASVATUKSEN_TOIMIPAIKKA + child:MUU_ORGANISAATIO -&gt; false]" classname="fi.vm.sade.organisaatio.service.OrganisationHierarchyValidatorTypeTest" time="0.0"/>
  <testcase name="test[parent:TYOELAMAJARJESTO + child:MUU_ORGANISAATIO -&gt; false]" classname="fi.vm.sade.organisaatio.service.OrganisationHierarchyValidatorTypeTest" time="0.0"/>
  <testcase name="test[parent:KOULUTUSTOIMIJA + child:VARHAISKASVATUKSEN_JARJESTAJA -&gt; false]" classname="fi.vm.sade.organisaatio.service.OrganisationHierarchyValidatorTypeTest" time="0.0"/>
  <testcase name="test[parent:OPPILAITOS + child:VARHAISKASVATUKSEN_JARJESTAJA -&gt; false]" classname="fi.vm.sade.organisaatio.service.OrganisationHierarchyValidatorTypeTest" time="0.0"/>
  <testcase name="test[parent:TOIMIPISTE + child:VARHAISKASVATUKSEN_JARJESTAJA -&gt; false]" classname="fi.vm.sade.organisaatio.service.OrganisationHierarchyValidatorTypeTest" time="0.0"/>
  <testcase name="test[parent:OPPISOPIMUSTOIMIPISTE + child:VARHAISKASVATUKSEN_JARJESTAJA -&gt; false]" classname="fi.vm.sade.organisaatio.service.OrganisationHierarchyValidatorTypeTest" time="0.0"/>
  <testcase name="test[parent:MUU_ORGANISAATIO + child:VARHAISKASVATUKSEN_JARJESTAJA -&gt; false]" classname="fi.vm.sade.organisaatio.service.OrganisationHierarchyValidatorTypeTest" time="0.0"/>
  <testcase name="test[parent:VARHAISKASVATUKSEN_JARJESTAJA + child:VARHAISKASVATUKSEN_JARJESTAJA -&gt; false]" classname="fi.vm.sade.organisaatio.service.OrganisationHierarchyValidatorTypeTest" time="0.0"/>
  <testcase name="test[parent:VARHAISKASVATUKSEN_TOIMIPAIKKA + child:VARHAISKASVATUKSEN_JARJESTAJA -&gt; false]" classname="fi.vm.sade.organisaatio.service.OrganisationHierarchyValidatorTypeTest" time="0.0"/>
  <testcase name="test[parent:TYOELAMAJARJESTO + child:VARHAISKASVATUKSEN_JARJESTAJA -&gt; false]" classname="fi.vm.sade.organisaatio.service.OrganisationHierarchyValidatorTypeTest" time="0.001"/>
  <testcase name="test[parent:KOULUTUSTOIMIJA + child:VARHAISKASVATUKSEN_TOIMIPAIKKA -&gt; false]" classname="fi.vm.sade.organisaatio.service.OrganisationHierarchyValidatorTypeTest" time="0.0"/>
  <testcase name="test[parent:OPPILAITOS + child:VARHAISKASVATUKSEN_TOIMIPAIKKA -&gt; false]" classname="fi.vm.sade.organisaatio.service.OrganisationHierarchyValidatorTypeTest" time="0.0"/>
  <testcase name="test[parent:TOIMIPISTE + child:VARHAISKASVATUKSEN_TOIMIPAIKKA -&gt; false]" classname="fi.vm.sade.organisaatio.service.OrganisationHierarchyValidatorTypeTest" time="0.0"/>
  <testcase name="test[parent:OPPISOPIMUSTOIMIPISTE + child:VARHAISKASVATUKSEN_TOIMIPAIKKA -&gt; false]" classname="fi.vm.sade.organisaatio.service.OrganisationHierarchyValidatorTypeTest" time="0.0"/>
  <testcase name="test[parent:MUU_ORGANISAATIO + child:VARHAISKASVATUKSEN_TOIMIPAIKKA -&gt; false]" classname="fi.vm.sade.organisaatio.service.OrganisationHierarchyValidatorTypeTest" time="0.0"/>
  <testcase name="test[parent:VARHAISKASVATUKSEN_JARJESTAJA + child:VARHAISKASVATUKSEN_TOIMIPAIKKA -&gt; true]" classname="fi.vm.sade.organisaatio.service.OrganisationHierarchyValidatorTypeTest" time="0.0"/>
  <testcase name="test[parent:VARHAISKASVATUKSEN_TOIMIPAIKKA + child:VARHAISKASVATUKSEN_TOIMIPAIKKA -&gt; true]" classname="fi.vm.sade.organisaatio.service.OrganisationHierarchyValidatorTypeTest" time="0.0"/>
  <testcase name="test[parent:TYOELAMAJARJESTO + child:VARHAISKASVATUKSEN_TOIMIPAIKKA -&gt; false]" classname="fi.vm.sade.organisaatio.service.OrganisationHierarchyValidatorTypeTest" time="0.0"/>
  <testcase name="test[parent:KOULUTUSTOIMIJA + child:TYOELAMAJARJESTO -&gt; false]" classname="fi.vm.sade.organisaatio.service.OrganisationHierarchyValidatorTypeTest" time="0.0"/>
  <testcase name="test[parent:OPPILAITOS + child:TYOELAMAJARJESTO -&gt; false]" classname="fi.vm.sade.organisaatio.service.OrganisationHierarchyValidatorTypeTest" time="0.0"/>
  <testcase name="test[parent:TOIMIPISTE + child:TYOELAMAJARJESTO -&gt; false]" classname="fi.vm.sade.organisaatio.service.OrganisationHierarchyValidatorTypeTest" time="0.0"/>
  <testcase name="test[parent:OPPISOPIMUSTOIMIPISTE + child:TYOELAMAJARJESTO -&gt; false]" classname="fi.vm.sade.organisaatio.service.OrganisationHierarchyValidatorTypeTest" time="0.0"/>
  <testcase name="test[parent:MUU_ORGANISAATIO + child:TYOELAMAJARJESTO -&gt; false]" classname="fi.vm.sade.organisaatio.service.OrganisationHierarchyValidatorTypeTest" time="0.0"/>
  <testcase name="test[parent:VARHAISKASVATUKSEN_JARJESTAJA + child:TYOELAMAJARJESTO -&gt; false]" classname="fi.vm.sade.organisaatio.service.OrganisationHierarchyValidatorTypeTest" time="0.0"/>
  <testcase name="test[parent:VARHAISKASVATUKSEN_TOIMIPAIKKA + child:TYOELAMAJARJESTO -&gt; false]" classname="fi.vm.sade.organisaatio.service.OrganisationHierarchyValidatorTypeTest" time="0.0"/>
  <testcase name="test[parent:TYOELAMAJARJESTO + child:TYOELAMAJARJESTO -&gt; true]" classname="fi.vm.sade.organisaatio.service.OrganisationHierarchyValidatorTypeTest" time="0.0"/>
  <testcase name="test[parent:KOULUTUSTOIMIJA + child:KOULUTUSTOIMIJA -&gt; false]" classname="fi.vm.sade.organisaatio.service.OrganisationHierarchyValidatorTypeTest" time="0.0"/>
  <testcase name="test[parent:OPPILAITOS + child:KOULUTUSTOIMIJA -&gt; false]" classname="fi.vm.sade.organisaatio.service.OrganisationHierarchyValidatorTypeTest" time="0.0"/>
  <testcase name="test[parent:TOIMIPISTE + child:KOULUTUSTOIMIJA -&gt; false]" classname="fi.vm.sade.organisaatio.service.OrganisationHierarchyValidatorTypeTest" time="0.0"/>
  <testcase name="test[parent:OPPISOPIMUSTOIMIPISTE + child:KOULUTUSTOIMIJA -&gt; false]" classname="fi.vm.sade.organisaatio.service.OrganisationHierarchyValidatorTypeTest" time="0.0"/>
  <testcase name="test[parent:MUU_ORGANISAATIO + child:KOULUTUSTOIMIJA -&gt; false]" classname="fi.vm.sade.organisaatio.service.OrganisationHierarchyValidatorTypeTest" time="0.0"/>
  <testcase name="test[parent:VARHAISKASVATUKSEN_JARJESTAJA + child:KOULUTUSTOIMIJA -&gt; false]" classname="fi.vm.sade.organisaatio.service.OrganisationHierarchyValidatorTypeTest" time="0.0"/>
  <testcase name="test[parent:VARHAISKASVATUKSEN_TOIMIPAIKKA + child:KOULUTUSTOIMIJA -&gt; false]" classname="fi.vm.sade.organisaatio.service.OrganisationHierarchyValidatorTypeTest" time="0.0"/>
  <testcase name="test[parent:TYOELAMAJARJESTO + child:KOULUTUSTOIMIJA -&gt; false]" classname="fi.vm.sade.organisaatio.service.OrganisationHierarchyValidatorTypeTest" time="0.0"/>
  <testcase name="test[parent:KOULUTUSTOIMIJA + child:OPPILAITOS -&gt; true]" classname="fi.vm.sade.organisaatio.service.OrganisationHierarchyValidatorTypeTest" time="0.0"/>
  <testcase name="test[parent:OPPILAITOS + child:OPPILAITOS -&gt; false]" classname="fi.vm.sade.organisaatio.service.OrganisationHierarchyValidatorTypeTest" time="0.0"/>
  <testcase name="test[parent:TOIMIPISTE + child:OPPILAITOS -&gt; false]" classname="fi.vm.sade.organisaatio.service.OrganisationHierarchyValidatorTypeTest" time="0.0"/>
  <testcase name="test[parent:OPPISOPIMUSTOIMIPISTE + child:OPPILAITOS -&gt; false]" classname="fi.vm.sade.organisaatio.service.OrganisationHierarchyValidatorTypeTest" time="0.0"/>
  <testcase name="test[parent:MUU_ORGANISAATIO + child:OPPILAITOS -&gt; false]" classname="fi.vm.sade.organisaatio.service.OrganisationHierarchyValidatorTypeTest" time="0.0"/>
  <testcase name="test[parent:VARHAISKASVATUKSEN_JARJESTAJA + child:OPPILAITOS -&gt; false]" classname="fi.vm.sade.organisaatio.service.OrganisationHierarchyValidatorTypeTest" time="0.0"/>
  <testcase name="test[parent:VARHAISKASVATUKSEN_TOIMIPAIKKA + child:OPPILAITOS -&gt; false]" classname="fi.vm.sade.organisaatio.service.OrganisationHierarchyValidatorTypeTest" time="0.0"/>
  <testcase name="test[parent:TYOELAMAJARJESTO + child:OPPILAITOS -&gt; false]" classname="fi.vm.sade.organisaatio.service.OrganisationHierarchyValidatorTypeTest" time="0.0"/>
  <testcase name="test[parent:KOULUTUSTOIMIJA + child:TOIMIPISTE -&gt; false]" classname="fi.vm.sade.organisaatio.service.OrganisationHierarchyValidatorTypeTest" time="0.0"/>
  <testcase name="test[parent:OPPILAITOS + child:TOIMIPISTE -&gt; true]" classname="fi.vm.sade.organisaatio.service.OrganisationHierarchyValidatorTypeTest" time="0.0"/>
  <testcase name="test[parent:TOIMIPISTE + child:TOIMIPISTE -&gt; true]" classname="fi.vm.sade.organisaatio.service.OrganisationHierarchyValidatorTypeTest" time="0.0"/>
  <testcase name="test[parent:OPPISOPIMUSTOIMIPISTE + child:TOIMIPISTE -&gt; false]" classname="fi.vm.sade.organisaatio.service.OrganisationHierarchyValidatorTypeTest" time="0.0"/>
  <testcase name="test[parent:MUU_ORGANISAATIO + child:TOIMIPISTE -&gt; true]" classname="fi.vm.sade.organisaatio.service.OrganisationHierarchyValidatorTypeTest" time="0.0"/>
  <testcase name="test[parent:VARHAISKASVATUKSEN_JARJESTAJA + child:TOIMIPISTE -&gt; false]" classname="fi.vm.sade.organisaatio.service.OrganisationHierarchyValidatorTypeTest" time="0.001"/>
  <testcase name="test[parent:VARHAISKASVATUKSEN_TOIMIPAIKKA + child:TOIMIPISTE -&gt; false]" classname="fi.vm.sade.organisaatio.service.OrganisationHierarchyValidatorTypeTest" time="0.0"/>
  <testcase name="test[parent:TYOELAMAJARJESTO + child:TOIMIPISTE -&gt; true]" classname="fi.vm.sade.organisaatio.service.OrganisationHierarchyValidatorTypeTest" time="0.0"/>
  <testcase name="test[parent:KOULUTUSTOIMIJA + child:OPPISOPIMUSTOIMIPISTE -&gt; true]" classname="fi.vm.sade.organisaatio.service.OrganisationHierarchyValidatorTypeTest" time="0.0"/>
  <testcase name="test[parent:OPPILAITOS + child:OPPISOPIMUSTOIMIPISTE -&gt; false]" classname="fi.vm.sade.organisaatio.service.OrganisationHierarchyValidatorTypeTest" time="0.0"/>
  <testcase name="test[parent:TOIMIPISTE + child:OPPISOPIMUSTOIMIPISTE -&gt; false]" classname="fi.vm.sade.organisaatio.service.OrganisationHierarchyValidatorTypeTest" time="0.0"/>
  <testcase name="test[parent:OPPISOPIMUSTOIMIPISTE + child:OPPISOPIMUSTOIMIPISTE -&gt; false]" classname="fi.vm.sade.organisaatio.service.OrganisationHierarchyValidatorTypeTest" time="0.0"/>
  <testcase name="test[parent:MUU_ORGANISAATIO + child:OPPISOPIMUSTOIMIPISTE -&gt; false]" classname="fi.vm.sade.organisaatio.service.OrganisationHierarchyValidatorTypeTest" time="0.0"/>
  <testcase name="test[parent:VARHAISKASVATUKSEN_JARJESTAJA + child:OPPISOPIMUSTOIMIPISTE -&gt; false]" classname="fi.vm.sade.organisaatio.service.OrganisationHierarchyValidatorTypeTest" time="0.0"/>
  <testcase name="test[parent:VARHAISKASVATUKSEN_TOIMIPAIKKA + child:OPPISOPIMUSTOIMIPISTE -&gt; false]" classname="fi.vm.sade.organisaatio.service.OrganisationHierarchyValidatorTypeTest" time="0.0"/>
  <testcase name="test[parent:TYOELAMAJARJESTO + child:OPPISOPIMUSTOIMIPISTE -&gt; false]" classname="fi.vm.sade.organisaatio.service.OrganisationHierarchyValidatorTypeTest" time="0.0"/>
  <testcase name="test[parent:KOULUTUSTOIMIJA + child:MUU_ORGANISAATIO -&gt; false]" classname="fi.vm.sade.organisaatio.service.OrganisationHierarchyValidatorTypeTest" time="0.0"/>
  <testcase name="test[parent:OPPILAITOS + child:MUU_ORGANISAATIO -&gt; false]" classname="fi.vm.sade.organisaatio.service.OrganisationHierarchyValidatorTypeTest" time="0.0"/>
  <testcase name="test[parent:TOIMIPISTE + child:MUU_ORGANISAATIO -&gt; false]" classname="fi.vm.sade.organisaatio.service.OrganisationHierarchyValidatorTypeTest" time="0.0"/>
  <testcase name="test[parent:OPPISOPIMUSTOIMIPISTE + child:MUU_ORGANISAATIO -&gt; false]" classname="fi.vm.sade.organisaatio.service.OrganisationHierarchyValidatorTypeTest" time="0.0"/>
  <testcase name="test[parent:MUU_ORGANISAATIO + child:MUU_ORGANISAATIO -&gt; true]" classname="fi.vm.sade.organisaatio.service.OrganisationHierarchyValidatorTypeTest" time="0.0"/>
  <testcase name="test[parent:VARHAISKASVATUKSEN_JARJESTAJA + child:MUU_ORGANISAATIO -&gt; false]" classname="fi.vm.sade.organisaatio.service.OrganisationHierarchyValidatorTypeTest" time="0.0"/>
  <testcase name="test[parent:VARHAISKASVATUKSEN_TOIMIPAIKKA + child:MUU_ORGANISAATIO -&gt; false]" classname="fi.vm.sade.organisaatio.service.OrganisationHierarchyValidatorTypeTest" time="0.0"/>
  <testcase name="test[parent:TYOELAMAJARJESTO + child:MUU_ORGANISAATIO -&gt; false]" classname="fi.vm.sade.organisaatio.service.OrganisationHierarchyValidatorTypeTest" time="0.001"/>
  <testcase name="test[parent:KOULUTUSTOIMIJA + child:VARHAISKASVATUKSEN_JARJESTAJA -&gt; false]" classname="fi.vm.sade.organisaatio.service.OrganisationHierarchyValidatorTypeTest" time="0.0"/>
  <testcase name="test[parent:OPPILAITOS + child:VARHAISKASVATUKSEN_JARJESTAJA -&gt; false]" classname="fi.vm.sade.organisaatio.service.OrganisationHierarchyValidatorTypeTest" time="0.0"/>
  <testcase name="test[parent:TOIMIPISTE + child:VARHAISKASVATUKSEN_JARJESTAJA -&gt; false]" classname="fi.vm.sade.organisaatio.service.OrganisationHierarchyValidatorTypeTest" time="0.0"/>
  <testcase name="test[parent:OPPISOPIMUSTOIMIPISTE + child:VARHAISKASVATUKSEN_JARJESTAJA -&gt; false]" classname="fi.vm.sade.organisaatio.service.OrganisationHierarchyValidatorTypeTest" time="0.0"/>
  <testcase name="test[parent:MUU_ORGANISAATIO + child:VARHAISKASVATUKSEN_JARJESTAJA -&gt; false]" classname="fi.vm.sade.organisaatio.service.OrganisationHierarchyValidatorTypeTest" time="0.0"/>
  <testcase name="test[parent:VARHAISKASVATUKSEN_JARJESTAJA + child:VARHAISKASVATUKSEN_JARJESTAJA -&gt; false]" classname="fi.vm.sade.organisaatio.service.OrganisationHierarchyValidatorTypeTest" time="0.0"/>
  <testcase name="test[parent:VARHAISKASVATUKSEN_TOIMIPAIKKA + child:VARHAISKASVATUKSEN_JARJESTAJA -&gt; false]" classname="fi.vm.sade.organisaatio.service.OrganisationHierarchyValidatorTypeTest" time="0.0"/>
  <testcase name="test[parent:TYOELAMAJARJESTO + child:VARHAISKASVATUKSEN_JARJESTAJA -&gt; false]" classname="fi.vm.sade.organisaatio.service.OrganisationHierarchyValidatorTypeTest" time="0.0"/>
  <testcase name="test[parent:KOULUTUSTOIMIJA + child:VARHAISKASVATUKSEN_TOIMIPAIKKA -&gt; false]" classname="fi.vm.sade.organisaatio.service.OrganisationHierarchyValidatorTypeTest" time="0.0"/>
  <testcase name="test[parent:OPPILAITOS + child:VARHAISKASVATUKSEN_TOIMIPAIKKA -&gt; false]" classname="fi.vm.sade.organisaatio.service.OrganisationHierarchyValidatorTypeTest" time="0.0"/>
  <testcase name="test[parent:TOIMIPISTE + child:VARHAISKASVATUKSEN_TOIMIPAIKKA -&gt; false]" classname="fi.vm.sade.organisaatio.service.OrganisationHierarchyValidatorTypeTest" time="0.0"/>
  <testcase name="test[parent:OPPISOPIMUSTOIMIPISTE + child:VARHAISKASVATUKSEN_TOIMIPAIKKA -&gt; false]" classname="fi.vm.sade.organisaatio.service.OrganisationHierarchyValidatorTypeTest" time="0.0"/>
  <testcase name="test[parent:MUU_ORGANISAATIO + child:VARHAISKASVATUKSEN_TOIMIPAIKKA -&gt; false]" classname="fi.vm.sade.organisaatio.service.OrganisationHierarchyValidatorTypeTest" time="0.0"/>
  <testcase name="test[parent:VARHAISKASVATUKSEN_JARJESTAJA + child:VARHAISKASVATUKSEN_TOIMIPAIKKA -&gt; true]" classname="fi.vm.sade.organisaatio.service.OrganisationHierarchyValidatorTypeTest" time="0.0"/>
  <testcase name="test[parent:VARHAISKASVATUKSEN_TOIMIPAIKKA + child:VARHAISKASVATUKSEN_TOIMIPAIKKA -&gt; true]" classname="fi.vm.sade.organisaatio.service.OrganisationHierarchyValidatorTypeTest" time="0.0"/>
  <testcase name="test[parent:TYOELAMAJARJESTO + child:VARHAISKASVATUKSEN_TOIMIPAIKKA -&gt; false]" classname="fi.vm.sade.organisaatio.service.OrganisationHierarchyValidatorTypeTest" time="0.0"/>
  <testcase name="test[parent:KOULUTUSTOIMIJA + child:TYOELAMAJARJESTO -&gt; false]" classname="fi.vm.sade.organisaatio.service.OrganisationHierarchyValidatorTypeTest" time="0.0"/>
  <testcase name="test[parent:OPPILAITOS + child:TYOELAMAJARJESTO -&gt; false]" classname="fi.vm.sade.organisaatio.service.OrganisationHierarchyValidatorTypeTest" time="0.0"/>
  <testcase name="test[parent:TOIMIPISTE + child:TYOELAMAJARJESTO -&gt; false]" classname="fi.vm.sade.organisaatio.service.OrganisationHierarchyValidatorTypeTest" time="0.0"/>
  <testcase name="test[parent:OPPISOPIMUSTOIMIPISTE + child:TYOELAMAJARJESTO -&gt; false]" classname="fi.vm.sade.organisaatio.service.OrganisationHierarchyValidatorTypeTest" time="0.0"/>
  <testcase name="test[parent:MUU_ORGANISAATIO + child:TYOELAMAJARJESTO -&gt; false]" classname="fi.vm.sade.organisaatio.service.OrganisationHierarchyValidatorTypeTest" time="0.0"/>
  <testcase name="test[parent:VARHAISKASVATUKSEN_JARJESTAJA + child:TYOELAMAJARJESTO -&gt; false]" classname="fi.vm.sade.organisaatio.service.OrganisationHierarchyValidatorTypeTest" time="0.0"/>
  <testcase name="test[parent:VARHAISKASVATUKSEN_TOIMIPAIKKA + child:TYOELAMAJARJESTO -&gt; false]" classname="fi.vm.sade.organisaatio.service.OrganisationHierarchyValidatorTypeTest" time="0.0"/>
  <testcase name="test[parent:TYOELAMAJARJESTO + child:TYOELAMAJARJESTO -&gt; true]" classname="fi.vm.sade.organisaatio.service.OrganisationHierarchyValidatorTypeTest" time="0.001"/>
  <system-out><![CDATA[]]></system-out>
  <system-err><![CDATA[]]></system-err>
</testsuite>
