<?xml version="1.0" encoding="UTF-8"?>
<testsuite name="fi.vm.sade.organisaatio.business.impl.OrganisaatioKoodistoClientTest" tests="3" skipped="0" failures="0" errors="0" timestamp="2020-06-10T15:12:00" hostname="Miikkas-MacBook-Pro.local" time="1.098">
  <properties/>
  <testcase name="getWithStatus404ShouldReturnNull" classname="fi.vm.sade.organisaatio.business.impl.OrganisaatioKoodistoClientTest" time="0.52"/>
  <testcase name="getWithStatus200ShouldReturnBody" classname="fi.vm.sade.organisaatio.business.impl.OrganisaatioKoodistoClientTest" time="0.296"/>
  <testcase name="getWithStatus500ShouldReturnNull" classname="fi.vm.sade.organisaatio.business.impl.OrganisaatioKoodistoClientTest" time="0.275"/>
  <system-out><![CDATA[2020-06-10 18:12:00.030  INFO 55751 --- [    Test worker] org.eclipse.jetty.util.log               : Logging initialized @41464ms to org.eclipse.jetty.util.log.Slf4jLog
2020-06-10 18:12:00.461  INFO 55751 --- [    Test worker] org.eclipse.jetty.server.Server          : jetty-9.4.28.v20200408; built: 2020-04-08T17:49:39.557Z; git: ab228fde9e55e9164c738d7fa121f8ac5acd51c9; jvm 13.0.1+10-MTS
2020-06-10 18:12:00.477  INFO 55751 --- [    Test worker] o.e.jetty.server.handler.ContextHandler  : Started o.e.j.s.ServletContextHandler@19366803{/__admin,null,AVAILABLE}
2020-06-10 18:12:00.479  INFO 55751 --- [    Test worker] o.e.jetty.server.handler.ContextHandler  : Started o.e.j.s.ServletContextHandler@272a84f5{/,null,AVAILABLE}
2020-06-10 18:12:00.490  INFO 55751 --- [    Test worker] o.e.jetty.server.AbstractConnector       : Started NetworkTrafficServerConnector@239b87e6{HTTP/1.1, (http/1.1)}{0.0.0.0:57957}
2020-06-10 18:12:00.495  INFO 55751 --- [    Test worker] o.e.jetty.util.ssl.SslContextFactory     : x509=X509@2f1d14c3(wiremock,h=[],w=[]) for Server@45e45040[provider=Conscrypt,keyStore=jar:file:/Users/mkamka/.gradle/caches/modules-2/files-2.1/com.github.tomakehurst/wiremock-jre8/2.26.3/45777ae0d6c8a2b886489ecc0d5be0f65d6ce07f/wiremock-jre8-2.26.3.jar!/keystore,trustStore=null]
2020-06-10 18:12:00.497  INFO 55751 --- [    Test worker] o.e.jetty.util.ssl.SslContextFactory     : Unable to get KeyManagerFactory instance for algorithm [SunX509] on provider [Conscrypt], using default
2020-06-10 18:12:00.524  INFO 55751 --- [    Test worker] o.e.jetty.server.AbstractConnector       : Started NetworkTrafficServerConnector@708e6201{SSL, (ssl, alpn, h2, http/1.1)}{0.0.0.0:57958}
2020-06-10 18:12:00.524  INFO 55751 --- [    Test worker] org.eclipse.jetty.server.Server          : Started @41958ms
2020-06-10 18:12:00.527  INFO 55751 --- [    Test worker] o.s.t.c.transaction.TransactionContext   : Began transaction (1) for test context [DefaultTestContext@2690c3bf testClass = OrganisaatioKoodistoClientTest, testInstance = fi.vm.sade.organisaatio.business.impl.OrganisaatioKoodistoClientTest@6509e5f4, testMethod = getWithStatus404ShouldReturnNull@OrganisaatioKoodistoClientTest, testException = [null], mergedContextConfiguration = [WebMergedContextConfiguration@3bb596ee testClass = OrganisaatioKoodistoClientTest, locations = '{}', classes = '{class fi.vm.sade.organisaatio.OrganisaatioApplication}', contextInitializerClasses = '[]', activeProfiles = '{}', propertySourceLocations = '{}', propertySourceProperties = '{org.springframework.boot.test.context.SpringBootTestContextBootstrapper=true}', contextCustomizers = set[org.springframework.boot.test.autoconfigure.properties.PropertyMappingContextCustomizer@a273518a, org.springframework.boot.test.autoconfigure.web.servlet.WebDriverContextCustomizerFactory$Customizer@25a95d7a, [ImportsContextCustomizer@11ad8112 key = [org.springframework.boot.test.autoconfigure.jdbc.TestDatabaseAutoConfiguration, org.springframework.boot.autoconfigure.jdbc.DataSourceAutoConfiguration]], org.springframework.boot.test.context.filter.ExcludeFilterContextCustomizer@33d60c3d, org.springframework.boot.test.json.DuplicateJsonObjectContextCustomizerFactory$DuplicateJsonObjectContextCustomizer@6943770e, org.springframework.boot.test.mock.mockito.MockitoContextCustomizer@0, org.springframework.boot.test.web.client.TestRestTemplateContextCustomizer@536042e6, org.springframework.boot.test.context.SpringBootTestArgs@1], resourceBasePath = 'src/main/webapp', contextLoader = 'org.springframework.boot.test.context.SpringBootContextLoader', parent = [null]], attributes = map['org.springframework.test.context.web.ServletTestExecutionListener.activateListener' -> true, 'org.springframework.test.context.web.ServletTestExecutionListener.populatedRequestContextHolder' -> true, 'org.springframework.test.context.web.ServletTestExecutionListener.resetRequestContextHolder' -> true]]; transaction manager [org.springframework.orm.jpa.JpaTransactionManager@af9fb3]; rollback [true]
2020-06-10 18:12:00.637  INFO 55751 --- [1580089142-3396] o.e.j.s.handler.ContextHandler.__admin   : RequestHandlerClass from context returned com.github.tomakehurst.wiremock.http.AdminRequestHandler. Normalized mapped under returned 'null'
2020-06-10 18:12:00.950  WARN 55751 --- [    Test worker] fi.vm.sade.javautils.http.OphHttpClient  : Failed to CAS authenticate. Renewing proxy ticket.
2020-06-10 18:12:00.955  INFO 55751 --- [1580089142-3384] o.e.j.s.handler.ContextHandler.ROOT      : RequestHandlerClass from context returned com.github.tomakehurst.wiremock.http.StubRequestHandler. Normalized mapped under returned 'null'
2020-06-10 18:12:00.964 ERROR 55751 --- [    Test worker] fi.vm.sade.javautils.http.LogUtil        : Not found error calling REST resource, url: http://localhost:57957/test, method: GET, status: 404, userInfo: , connectionTimeoutMs: 10000, socketTimeoutMs: 10000
2020-06-10 18:12:00.968  INFO 55751 --- [    Test worker] o.s.t.c.transaction.TransactionContext   : Rolled back transaction for test: [DefaultTestContext@2690c3bf testClass = OrganisaatioKoodistoClientTest, testInstance = fi.vm.sade.organisaatio.business.impl.OrganisaatioKoodistoClientTest@6509e5f4, testMethod = getWithStatus404ShouldReturnNull@OrganisaatioKoodistoClientTest, testException = [null], mergedContextConfiguration = [WebMergedContextConfiguration@3bb596ee testClass = OrganisaatioKoodistoClientTest, locations = '{}', classes = '{class fi.vm.sade.organisaatio.OrganisaatioApplication}', contextInitializerClasses = '[]', activeProfiles = '{}', propertySourceLocations = '{}', propertySourceProperties = '{org.springframework.boot.test.context.SpringBootTestContextBootstrapper=true}', contextCustomizers = set[org.springframework.boot.test.autoconfigure.properties.PropertyMappingContextCustomizer@a273518a, org.springframework.boot.test.autoconfigure.web.servlet.WebDriverContextCustomizerFactory$Customizer@25a95d7a, [ImportsContextCustomizer@11ad8112 key = [org.springframework.boot.test.autoconfigure.jdbc.TestDatabaseAutoConfiguration, org.springframework.boot.autoconfigure.jdbc.DataSourceAutoConfiguration]], org.springframework.boot.test.context.filter.ExcludeFilterContextCustomizer@33d60c3d, org.springframework.boot.test.json.DuplicateJsonObjectContextCustomizerFactory$DuplicateJsonObjectContextCustomizer@6943770e, org.springframework.boot.test.mock.mockito.MockitoContextCustomizer@0, org.springframework.boot.test.web.client.TestRestTemplateContextCustomizer@536042e6, org.springframework.boot.test.context.SpringBootTestArgs@1], resourceBasePath = 'src/main/webapp', contextLoader = 'org.springframework.boot.test.context.SpringBootContextLoader', parent = [null]], attributes = map['org.springframework.test.context.web.ServletTestExecutionListener.activateListener' -> true, 'org.springframework.test.context.web.ServletTestExecutionListener.populatedRequestContextHolder' -> true, 'org.springframework.test.context.web.ServletTestExecutionListener.resetRequestContextHolder' -> true]]
2020-06-10 18:12:00.976  INFO 55751 --- [    Test worker] o.e.jetty.server.AbstractConnector       : Stopped NetworkTrafficServerConnector@239b87e6{HTTP/1.1, (http/1.1)}{0.0.0.0:0}
2020-06-10 18:12:00.976  INFO 55751 --- [    Test worker] o.e.jetty.server.AbstractConnector       : Stopped NetworkTrafficServerConnector@708e6201{SSL, (ssl, alpn, h2, http/1.1)}{0.0.0.0:0}
2020-06-10 18:12:00.978  INFO 55751 --- [    Test worker] o.e.jetty.server.handler.ContextHandler  : Stopped o.e.j.s.ServletContextHandler@272a84f5{/,null,UNAVAILABLE}
2020-06-10 18:12:00.978  INFO 55751 --- [    Test worker] o.e.jetty.server.handler.ContextHandler  : Stopped o.e.j.s.ServletContextHandler@19366803{/__admin,null,UNAVAILABLE}
2020-06-10 18:12:00.982  INFO 55751 --- [    Test worker] org.eclipse.jetty.server.Server          : jetty-9.4.28.v20200408; built: 2020-04-08T17:49:39.557Z; git: ab228fde9e55e9164c738d7fa121f8ac5acd51c9; jvm 13.0.1+10-MTS
2020-06-10 18:12:00.988  INFO 55751 --- [    Test worker] o.e.jetty.server.handler.ContextHandler  : Started o.e.j.s.ServletContextHandler@5efcddc5{/__admin,null,AVAILABLE}
2020-06-10 18:12:00.989  INFO 55751 --- [    Test worker] o.e.jetty.server.handler.ContextHandler  : Started o.e.j.s.ServletContextHandler@536a1cac{/,null,AVAILABLE}
2020-06-10 18:12:00.990  INFO 55751 --- [    Test worker] o.e.jetty.server.AbstractConnector       : Started NetworkTrafficServerConnector@8725fa2{HTTP/1.1, (http/1.1)}{0.0.0.0:57962}
2020-06-10 18:12:00.990  INFO 55751 --- [    Test worker] o.e.jetty.util.ssl.SslContextFactory     : x509=X509@674af3f2(wiremock,h=[],w=[]) for Server@21829caf[provider=Conscrypt,keyStore=jar:file:/Users/mkamka/.gradle/caches/modules-2/files-2.1/com.github.tomakehurst/wiremock-jre8/2.26.3/45777ae0d6c8a2b886489ecc0d5be0f65d6ce07f/wiremock-jre8-2.26.3.jar!/keystore,trustStore=null]
2020-06-10 18:12:00.991  INFO 55751 --- [    Test worker] o.e.jetty.util.ssl.SslContextFactory     : Unable to get KeyManagerFactory instance for algorithm [SunX509] on provider [Conscrypt], using default
2020-06-10 18:12:00.992  INFO 55751 --- [    Test worker] o.e.jetty.server.AbstractConnector       : Started NetworkTrafficServerConnector@6b94df03{SSL, (ssl, alpn, h2, http/1.1)}{0.0.0.0:57963}
2020-06-10 18:12:00.992  INFO 55751 --- [    Test worker] org.eclipse.jetty.server.Server          : Started @42426ms
2020-06-10 18:12:00.994  INFO 55751 --- [    Test worker] o.s.t.c.transaction.TransactionContext   : Began transaction (1) for test context [DefaultTestContext@2690c3bf testClass = OrganisaatioKoodistoClientTest, testInstance = fi.vm.sade.organisaatio.business.impl.OrganisaatioKoodistoClientTest@67bf0cf7, testMethod = getWithStatus200ShouldReturnBody@OrganisaatioKoodistoClientTest, testException = [null], mergedContextConfiguration = [WebMergedContextConfiguration@3bb596ee testClass = OrganisaatioKoodistoClientTest, locations = '{}', classes = '{class fi.vm.sade.organisaatio.OrganisaatioApplication}', contextInitializerClasses = '[]', activeProfiles = '{}', propertySourceLocations = '{}', propertySourceProperties = '{org.springframework.boot.test.context.SpringBootTestContextBootstrapper=true}', contextCustomizers = set[org.springframework.boot.test.autoconfigure.properties.PropertyMappingContextCustomizer@a273518a, org.springframework.boot.test.autoconfigure.web.servlet.WebDriverContextCustomizerFactory$Customizer@25a95d7a, [ImportsContextCustomizer@11ad8112 key = [org.springframework.boot.test.autoconfigure.jdbc.TestDatabaseAutoConfiguration, org.springframework.boot.autoconfigure.jdbc.DataSourceAutoConfiguration]], org.springframework.boot.test.context.filter.ExcludeFilterContextCustomizer@33d60c3d, org.springframework.boot.test.json.DuplicateJsonObjectContextCustomizerFactory$DuplicateJsonObjectContextCustomizer@6943770e, org.springframework.boot.test.mock.mockito.MockitoContextCustomizer@0, org.springframework.boot.test.web.client.TestRestTemplateContextCustomizer@536042e6, org.springframework.boot.test.context.SpringBootTestArgs@1], resourceBasePath = 'src/main/webapp', contextLoader = 'org.springframework.boot.test.context.SpringBootContextLoader', parent = [null]], attributes = map['org.springframework.test.context.web.ServletTestExecutionListener.activateListener' -> true, 'org.springframework.test.context.web.ServletTestExecutionListener.populatedRequestContextHolder' -> true, 'org.springframework.test.context.web.ServletTestExecutionListener.resetRequestContextHolder' -> true]]; transaction manager [org.springframework.orm.jpa.JpaTransactionManager@af9fb3]; rollback [true]
2020-06-10 18:12:00.998  INFO 55751 --- [p888367510-3409] o.e.j.s.handler.ContextHandler.__admin   : RequestHandlerClass from context returned com.github.tomakehurst.wiremock.http.AdminRequestHandler. Normalized mapped under returned 'null'
2020-06-10 18:12:01.259  WARN 55751 --- [    Test worker] fi.vm.sade.javautils.http.OphHttpClient  : Failed to CAS authenticate. Renewing proxy ticket.
2020-06-10 18:12:01.263  INFO 55751 --- [p888367510-3397] o.e.j.s.handler.ContextHandler.ROOT      : RequestHandlerClass from context returned com.github.tomakehurst.wiremock.http.StubRequestHandler. Normalized mapped under returned 'null'
2020-06-10 18:12:01.276  INFO 55751 --- [    Test worker] o.s.t.c.transaction.TransactionContext   : Rolled back transaction for test: [DefaultTestContext@2690c3bf testClass = OrganisaatioKoodistoClientTest, testInstance = fi.vm.sade.organisaatio.business.impl.OrganisaatioKoodistoClientTest@67bf0cf7, testMethod = getWithStatus200ShouldReturnBody@OrganisaatioKoodistoClientTest, testException = [null], mergedContextConfiguration = [WebMergedContextConfiguration@3bb596ee testClass = OrganisaatioKoodistoClientTest, locations = '{}', classes = '{class fi.vm.sade.organisaatio.OrganisaatioApplication}', contextInitializerClasses = '[]', activeProfiles = '{}', propertySourceLocations = '{}', propertySourceProperties = '{org.springframework.boot.test.context.SpringBootTestContextBootstrapper=true}', contextCustomizers = set[org.springframework.boot.test.autoconfigure.properties.PropertyMappingContextCustomizer@a273518a, org.springframework.boot.test.autoconfigure.web.servlet.WebDriverContextCustomizerFactory$Customizer@25a95d7a, [ImportsContextCustomizer@11ad8112 key = [org.springframework.boot.test.autoconfigure.jdbc.TestDatabaseAutoConfiguration, org.springframework.boot.autoconfigure.jdbc.DataSourceAutoConfiguration]], org.springframework.boot.test.context.filter.ExcludeFilterContextCustomizer@33d60c3d, org.springframework.boot.test.json.DuplicateJsonObjectContextCustomizerFactory$DuplicateJsonObjectContextCustomizer@6943770e, org.springframework.boot.test.mock.mockito.MockitoContextCustomizer@0, org.springframework.boot.test.web.client.TestRestTemplateContextCustomizer@536042e6, org.springframework.boot.test.context.SpringBootTestArgs@1], resourceBasePath = 'src/main/webapp', contextLoader = 'org.springframework.boot.test.context.SpringBootContextLoader', parent = [null]], attributes = map['org.springframework.test.context.web.ServletTestExecutionListener.activateListener' -> true, 'org.springframework.test.context.web.ServletTestExecutionListener.populatedRequestContextHolder' -> true, 'org.springframework.test.context.web.ServletTestExecutionListener.resetRequestContextHolder' -> true]]
2020-06-10 18:12:01.277  INFO 55751 --- [    Test worker] o.e.jetty.server.AbstractConnector       : Stopped NetworkTrafficServerConnector@8725fa2{HTTP/1.1, (http/1.1)}{0.0.0.0:0}
2020-06-10 18:12:01.277  INFO 55751 --- [    Test worker] o.e.jetty.server.AbstractConnector       : Stopped NetworkTrafficServerConnector@6b94df03{SSL, (ssl, alpn, h2, http/1.1)}{0.0.0.0:0}
2020-06-10 18:12:01.277  INFO 55751 --- [    Test worker] o.e.jetty.server.handler.ContextHandler  : Stopped o.e.j.s.ServletContextHandler@536a1cac{/,null,UNAVAILABLE}
2020-06-10 18:12:01.277  INFO 55751 --- [    Test worker] o.e.jetty.server.handler.ContextHandler  : Stopped o.e.j.s.ServletContextHandler@5efcddc5{/__admin,null,UNAVAILABLE}
2020-06-10 18:12:01.282  INFO 55751 --- [    Test worker] org.eclipse.jetty.server.Server          : jetty-9.4.28.v20200408; built: 2020-04-08T17:49:39.557Z; git: ab228fde9e55e9164c738d7fa121f8ac5acd51c9; jvm 13.0.1+10-MTS
2020-06-10 18:12:01.284  INFO 55751 --- [    Test worker] o.e.jetty.server.handler.ContextHandler  : Started o.e.j.s.ServletContextHandler@1f2121fc{/__admin,null,AVAILABLE}
2020-06-10 18:12:01.284  INFO 55751 --- [    Test worker] o.e.jetty.server.handler.ContextHandler  : Started o.e.j.s.ServletContextHandler@3ff863b1{/,null,AVAILABLE}
2020-06-10 18:12:01.285  INFO 55751 --- [    Test worker] o.e.jetty.server.AbstractConnector       : Started NetworkTrafficServerConnector@2698fcfc{HTTP/1.1, (http/1.1)}{0.0.0.0:57971}
2020-06-10 18:12:01.286  INFO 55751 --- [    Test worker] o.e.jetty.util.ssl.SslContextFactory     : x509=X509@373422cf(wiremock,h=[],w=[]) for Server@72f158c9[provider=Conscrypt,keyStore=jar:file:/Users/mkamka/.gradle/caches/modules-2/files-2.1/com.github.tomakehurst/wiremock-jre8/2.26.3/45777ae0d6c8a2b886489ecc0d5be0f65d6ce07f/wiremock-jre8-2.26.3.jar!/keystore,trustStore=null]
2020-06-10 18:12:01.286  INFO 55751 --- [    Test worker] o.e.jetty.util.ssl.SslContextFactory     : Unable to get KeyManagerFactory instance for algorithm [SunX509] on provider [Conscrypt], using default
2020-06-10 18:12:01.288  INFO 55751 --- [    Test worker] o.e.jetty.server.AbstractConnector       : Started NetworkTrafficServerConnector@71464473{SSL, (ssl, alpn, h2, http/1.1)}{0.0.0.0:57972}
2020-06-10 18:12:01.288  INFO 55751 --- [    Test worker] org.eclipse.jetty.server.Server          : Started @42722ms
2020-06-10 18:12:01.290  INFO 55751 --- [    Test worker] o.s.t.c.transaction.TransactionContext   : Began transaction (1) for test context [DefaultTestContext@2690c3bf testClass = OrganisaatioKoodistoClientTest, testInstance = fi.vm.sade.organisaatio.business.impl.OrganisaatioKoodistoClientTest@1c0dd0c3, testMethod = getWithStatus500ShouldReturnNull@OrganisaatioKoodistoClientTest, testException = [null], mergedContextConfiguration = [WebMergedContextConfiguration@3bb596ee testClass = OrganisaatioKoodistoClientTest, locations = '{}', classes = '{class fi.vm.sade.organisaatio.OrganisaatioApplication}', contextInitializerClasses = '[]', activeProfiles = '{}', propertySourceLocations = '{}', propertySourceProperties = '{org.springframework.boot.test.context.SpringBootTestContextBootstrapper=true}', contextCustomizers = set[org.springframework.boot.test.autoconfigure.properties.PropertyMappingContextCustomizer@a273518a, org.springframework.boot.test.autoconfigure.web.servlet.WebDriverContextCustomizerFactory$Customizer@25a95d7a, [ImportsContextCustomizer@11ad8112 key = [org.springframework.boot.test.autoconfigure.jdbc.TestDatabaseAutoConfiguration, org.springframework.boot.autoconfigure.jdbc.DataSourceAutoConfiguration]], org.springframework.boot.test.context.filter.ExcludeFilterContextCustomizer@33d60c3d, org.springframework.boot.test.json.DuplicateJsonObjectContextCustomizerFactory$DuplicateJsonObjectContextCustomizer@6943770e, org.springframework.boot.test.mock.mockito.MockitoContextCustomizer@0, org.springframework.boot.test.web.client.TestRestTemplateContextCustomizer@536042e6, org.springframework.boot.test.context.SpringBootTestArgs@1], resourceBasePath = 'src/main/webapp', contextLoader = 'org.springframework.boot.test.context.SpringBootContextLoader', parent = [null]], attributes = map['org.springframework.test.context.web.ServletTestExecutionListener.activateListener' -> true, 'org.springframework.test.context.web.ServletTestExecutionListener.populatedRequestContextHolder' -> true, 'org.springframework.test.context.web.ServletTestExecutionListener.resetRequestContextHolder' -> true]]; transaction manager [org.springframework.orm.jpa.JpaTransactionManager@af9fb3]; rollback [true]
2020-06-10 18:12:01.294  INFO 55751 --- [p929109852-3422] o.e.j.s.handler.ContextHandler.__admin   : RequestHandlerClass from context returned com.github.tomakehurst.wiremock.http.AdminRequestHandler. Normalized mapped under returned 'null'
2020-06-10 18:12:01.541  WARN 55751 --- [    Test worker] fi.vm.sade.javautils.http.OphHttpClient  : Failed to CAS authenticate. Renewing proxy ticket.
2020-06-10 18:12:01.546  INFO 55751 --- [p929109852-3410] o.e.j.s.handler.ContextHandler.ROOT      : RequestHandlerClass from context returned com.github.tomakehurst.wiremock.http.StubRequestHandler. Normalized mapped under returned 'null'
2020-06-10 18:12:01.551 ERROR 55751 --- [    Test worker] fi.vm.sade.javautils.http.LogUtil        : Internal error calling REST resource, url: http://localhost:57971/test, method: GET, status: 500, userInfo: , connectionTimeoutMs: 10000, socketTimeoutMs: 10000
2020-06-10 18:12:01.551 ERROR 55751 --- [    Test worker] fi.vm.sade.javautils.http.LogUtil        : Not found error calling REST resource, url: http://localhost:57971/test, method: GET, status: 500, userInfo: , connectionTimeoutMs: 10000, socketTimeoutMs: 10000
2020-06-10 18:12:01.555  INFO 55751 --- [    Test worker] o.s.t.c.transaction.TransactionContext   : Rolled back transaction for test: [DefaultTestContext@2690c3bf testClass = OrganisaatioKoodistoClientTest, testInstance = fi.vm.sade.organisaatio.business.impl.OrganisaatioKoodistoClientTest@1c0dd0c3, testMethod = getWithStatus500ShouldReturnNull@OrganisaatioKoodistoClientTest, testException = [null], mergedContextConfiguration = [WebMergedContextConfiguration@3bb596ee testClass = OrganisaatioKoodistoClientTest, locations = '{}', classes = '{class fi.vm.sade.organisaatio.OrganisaatioApplication}', contextInitializerClasses = '[]', activeProfiles = '{}', propertySourceLocations = '{}', propertySourceProperties = '{org.springframework.boot.test.context.SpringBootTestContextBootstrapper=true}', contextCustomizers = set[org.springframework.boot.test.autoconfigure.properties.PropertyMappingContextCustomizer@a273518a, org.springframework.boot.test.autoconfigure.web.servlet.WebDriverContextCustomizerFactory$Customizer@25a95d7a, [ImportsContextCustomizer@11ad8112 key = [org.springframework.boot.test.autoconfigure.jdbc.TestDatabaseAutoConfiguration, org.springframework.boot.autoconfigure.jdbc.DataSourceAutoConfiguration]], org.springframework.boot.test.context.filter.ExcludeFilterContextCustomizer@33d60c3d, org.springframework.boot.test.json.DuplicateJsonObjectContextCustomizerFactory$DuplicateJsonObjectContextCustomizer@6943770e, org.springframework.boot.test.mock.mockito.MockitoContextCustomizer@0, org.springframework.boot.test.web.client.TestRestTemplateContextCustomizer@536042e6, org.springframework.boot.test.context.SpringBootTestArgs@1], resourceBasePath = 'src/main/webapp', contextLoader = 'org.springframework.boot.test.context.SpringBootContextLoader', parent = [null]], attributes = map['org.springframework.test.context.web.ServletTestExecutionListener.activateListener' -> true, 'org.springframework.test.context.web.ServletTestExecutionListener.populatedRequestContextHolder' -> true, 'org.springframework.test.context.web.ServletTestExecutionListener.resetRequestContextHolder' -> true]]
2020-06-10 18:12:01.556  INFO 55751 --- [    Test worker] o.e.jetty.server.AbstractConnector       : Stopped NetworkTrafficServerConnector@2698fcfc{HTTP/1.1, (http/1.1)}{0.0.0.0:0}
2020-06-10 18:12:01.556  INFO 55751 --- [    Test worker] o.e.jetty.server.AbstractConnector       : Stopped NetworkTrafficServerConnector@71464473{SSL, (ssl, alpn, h2, http/1.1)}{0.0.0.0:0}
2020-06-10 18:12:01.557  INFO 55751 --- [    Test worker] o.e.jetty.server.handler.ContextHandler  : Stopped o.e.j.s.ServletContextHandler@3ff863b1{/,null,UNAVAILABLE}
2020-06-10 18:12:01.557  INFO 55751 --- [    Test worker] o.e.jetty.server.handler.ContextHandler  : Stopped o.e.j.s.ServletContextHandler@1f2121fc{/__admin,null,UNAVAILABLE}
]]></system-out>
  <system-err><![CDATA[]]></system-err>
</testsuite>
