<?xml version="1.0" encoding="UTF-8"?>
<testsuite name="fi.vm.sade.organisaatio.repository.OrganisaatioRepositoryImplTest" tests="8" skipped="0" failures="0" errors="0" timestamp="2020-06-10T17:38:40" hostname="Miikkas-MacBook-Pro.local" time="0.429">
  <properties/>
  <testcase name="findModifedSinceExcludesDiscontinued" classname="fi.vm.sade.organisaatio.repository.OrganisaatioRepositoryImplTest" time="0.035"/>
  <testcase name="doTest" classname="fi.vm.sade.organisaatio.repository.OrganisaatioRepositoryImplTest" time="0.071"/>
  <testcase name="parentTest" classname="fi.vm.sade.organisaatio.repository.OrganisaatioRepositoryImplTest" time="0.022"/>
  <testcase name="findChildrenTest" classname="fi.vm.sade.organisaatio.repository.OrganisaatioRepositoryImplTest" time="0.096"/>
  <testcase name="findGroupsTest" classname="fi.vm.sade.organisaatio.repository.OrganisaatioRepositoryImplTest" time="0.13"/>
  <testcase name="findModifedSinceLimitsByModificationTime" classname="fi.vm.sade.organisaatio.repository.OrganisaatioRepositoryImplTest" time="0.031"/>
  <testcase name="findModifedSinceLimitsByOrganizationType" classname="fi.vm.sade.organisaatio.repository.OrganisaatioRepositoryImplTest" time="0.028"/>
  <testcase name="findModifedSinceIncludesDiscontinuedInTheFuture" classname="fi.vm.sade.organisaatio.repository.OrganisaatioRepositoryImplTest" time="0.012"/>
  <system-out><![CDATA[2020-06-10 20:38:40.041  INFO 56553 --- [    Test worker] o.s.t.c.transaction.TransactionContext   : Began transaction (1) for test context [DefaultTestContext@6d49fbd0 testClass = OrganisaatioRepositoryImplTest, testInstance = fi.vm.sade.organisaatio.repository.OrganisaatioRepositoryImplTest@452bcdee, testMethod = findModifedSinceExcludesDiscontinued@OrganisaatioRepositoryImplTest, testException = [null], mergedContextConfiguration = [WebMergedContextConfiguration@6b2d0172 testClass = OrganisaatioRepositoryImplTest, locations = '{}', classes = '{class fi.vm.sade.organisaatio.OrganisaatioApplication}', contextInitializerClasses = '[]', activeProfiles = '{}', propertySourceLocations = '{}', propertySourceProperties = '{org.springframework.boot.test.context.SpringBootTestContextBootstrapper=true}', contextCustomizers = set[org.springframework.boot.test.autoconfigure.properties.PropertyMappingContextCustomizer@83020a4e, org.springframework.boot.test.autoconfigure.web.servlet.WebDriverContextCustomizerFactory$Customizer@5e540114, [ImportsContextCustomizer@1cb00945 key = [org.springframework.boot.test.autoconfigure.jdbc.TestDatabaseAutoConfiguration, org.springframework.boot.autoconfigure.jdbc.DataSourceAutoConfiguration]], org.springframework.boot.test.context.filter.ExcludeFilterContextCustomizer@41cdf26a, org.springframework.boot.test.json.DuplicateJsonObjectContextCustomizerFactory$DuplicateJsonObjectContextCustomizer@1e95fe99, org.springframework.boot.test.mock.mockito.MockitoContextCustomizer@0, org.springframework.boot.test.web.client.TestRestTemplateContextCustomizer@6d8bcece, org.springframework.boot.test.context.SpringBootTestArgs@1], resourceBasePath = 'src/main/webapp', contextLoader = 'org.springframework.boot.test.context.SpringBootContextLoader', parent = [null]], attributes = map['org.springframework.test.context.web.ServletTestExecutionListener.activateListener' -> true, 'org.springframework.test.context.web.ServletTestExecutionListener.populatedRequestContextHolder' -> true, 'org.springframework.test.context.web.ServletTestExecutionListener.resetRequestContextHolder' -> true]]; transaction manager [org.springframework.orm.jpa.JpaTransactionManager@20031d49]; rollback [true]
2020-06-10 20:38:40.042  INFO 56553 --- [    Test worker] f.v.s.o.r.OrganisaatioRepositoryImplTest : createOrganisaatio(A)
Hibernate: 
    insert 
    into
        monikielinen_teksti
        (id, version) 
    values
        (null, ?)
2020-06-10 20:38:40.043 TRACE 56553 --- [    Test worker] o.h.type.descriptor.sql.BasicBinder      : binding parameter [1] as [BIGINT] - [0]
Hibernate: 
    insert 
    into
        organisaatio
        (id, version, alkupvm, domainnimi, kotipaikka, kuvaus_mkt, lakkautuspvm, maa, metadata_id, nimi_mkt, nimihaku, oid, opetuspisteenjarjnro, oppilaitoskoodi, oppilaitos_tyyppi, organisaatio_poistettu, paivittaja, paivityspvm, parentidpath, parentoidpath, piilotettu, tarkastus_pvm, toimipistekoodi, tuontipvm, varhaiskasvatuksen_toimipaikka_tiedot_id, virastotunnus, yhteishaunkoulukoodi, yritysmuoto, ytj_kieli, ytjpaivityspvm, ytunnus) 
    values
        (null, ?, ?, ?, ?, ?, ?, ?, ?, ?, ?, ?, ?, ?, ?, ?, ?, ?, ?, ?, ?, ?, ?, ?, ?, ?, ?, ?, ?, ?, ?)
2020-06-10 20:38:40.045 TRACE 56553 --- [    Test worker] o.h.type.descriptor.sql.BasicBinder      : binding parameter [1] as [BIGINT] - [0]
2020-06-10 20:38:40.045 TRACE 56553 --- [    Test worker] o.h.type.descriptor.sql.BasicBinder      : binding parameter [2] as [DATE] - [null]
2020-06-10 20:38:40.045 TRACE 56553 --- [    Test worker] o.h.type.descriptor.sql.BasicBinder      : binding parameter [3] as [VARCHAR] - [null]
2020-06-10 20:38:40.045 TRACE 56553 --- [    Test worker] o.h.type.descriptor.sql.BasicBinder      : binding parameter [4] as [VARCHAR] - [null]
2020-06-10 20:38:40.045 TRACE 56553 --- [    Test worker] o.h.type.descriptor.sql.BasicBinder      : binding parameter [5] as [BIGINT] - [null]
2020-06-10 20:38:40.045 TRACE 56553 --- [    Test worker] o.h.type.descriptor.sql.BasicBinder      : binding parameter [6] as [DATE] - [null]
2020-06-10 20:38:40.045 TRACE 56553 --- [    Test worker] o.h.type.descriptor.sql.BasicBinder      : binding parameter [7] as [VARCHAR] - [null]
2020-06-10 20:38:40.045 TRACE 56553 --- [    Test worker] o.h.type.descriptor.sql.BasicBinder      : binding parameter [8] as [BIGINT] - [null]
2020-06-10 20:38:40.045 TRACE 56553 --- [    Test worker] o.h.type.descriptor.sql.BasicBinder      : binding parameter [9] as [BIGINT] - [7]
2020-06-10 20:38:40.045 TRACE 56553 --- [    Test worker] o.h.type.descriptor.sql.BasicBinder      : binding parameter [10] as [VARCHAR] - [null]
2020-06-10 20:38:40.045 TRACE 56553 --- [    Test worker] o.h.type.descriptor.sql.BasicBinder      : binding parameter [11] as [VARCHAR] - [-4962768465676381896]
2020-06-10 20:38:40.045 TRACE 56553 --- [    Test worker] o.h.type.descriptor.sql.BasicBinder      : binding parameter [12] as [VARCHAR] - [null]
2020-06-10 20:38:40.045 TRACE 56553 --- [    Test worker] o.h.type.descriptor.sql.BasicBinder      : binding parameter [13] as [VARCHAR] - [null]
2020-06-10 20:38:40.045 TRACE 56553 --- [    Test worker] o.h.type.descriptor.sql.BasicBinder      : binding parameter [14] as [VARCHAR] - [null]
2020-06-10 20:38:40.045 TRACE 56553 --- [    Test worker] o.h.type.descriptor.sql.BasicBinder      : binding parameter [15] as [BOOLEAN] - [false]
2020-06-10 20:38:40.045 TRACE 56553 --- [    Test worker] o.h.type.descriptor.sql.BasicBinder      : binding parameter [16] as [VARCHAR] - [null]
2020-06-10 20:38:40.045 TRACE 56553 --- [    Test worker] o.h.type.descriptor.sql.BasicBinder      : binding parameter [17] as [TIMESTAMP] - [null]
2020-06-10 20:38:40.045 TRACE 56553 --- [    Test worker] o.h.type.descriptor.sql.BasicBinder      : binding parameter [18] as [VARCHAR] - [null]
2020-06-10 20:38:40.045 TRACE 56553 --- [    Test worker] o.h.type.descriptor.sql.BasicBinder      : binding parameter [19] as [VARCHAR] - [null]
2020-06-10 20:38:40.045 TRACE 56553 --- [    Test worker] o.h.type.descriptor.sql.BasicBinder      : binding parameter [20] as [BOOLEAN] - [false]
2020-06-10 20:38:40.046 TRACE 56553 --- [    Test worker] o.h.type.descriptor.sql.BasicBinder      : binding parameter [21] as [TIMESTAMP] - [null]
2020-06-10 20:38:40.046 TRACE 56553 --- [    Test worker] o.h.type.descriptor.sql.BasicBinder      : binding parameter [22] as [VARCHAR] - [null]
2020-06-10 20:38:40.046 TRACE 56553 --- [    Test worker] o.h.type.descriptor.sql.BasicBinder      : binding parameter [23] as [TIMESTAMP] - [null]
2020-06-10 20:38:40.046 TRACE 56553 --- [    Test worker] o.h.type.descriptor.sql.BasicBinder      : binding parameter [24] as [BIGINT] - [null]
2020-06-10 20:38:40.046 TRACE 56553 --- [    Test worker] o.h.type.descriptor.sql.BasicBinder      : binding parameter [25] as [VARCHAR] - [null]
2020-06-10 20:38:40.046 TRACE 56553 --- [    Test worker] o.h.type.descriptor.sql.BasicBinder      : binding parameter [26] as [VARCHAR] - [null]
2020-06-10 20:38:40.046 TRACE 56553 --- [    Test worker] o.h.type.descriptor.sql.BasicBinder      : binding parameter [27] as [VARCHAR] - [null]
2020-06-10 20:38:40.046 TRACE 56553 --- [    Test worker] o.h.type.descriptor.sql.BasicBinder      : binding parameter [28] as [VARCHAR] - [null]
2020-06-10 20:38:40.046 TRACE 56553 --- [    Test worker] o.h.type.descriptor.sql.BasicBinder      : binding parameter [29] as [DATE] - [null]
2020-06-10 20:38:40.046 TRACE 56553 --- [    Test worker] o.h.type.descriptor.sql.BasicBinder      : binding parameter [30] as [VARCHAR] - [null]
Hibernate: 
    insert 
    into
        yhteystieto
        (id, version, kieli, organisaatio_id, yhteystieto_oid, coordinatetype, extrarivi, lat, lng, maa, osavaltio, osoite, osoite_tyyppi, postinumero, postitoimipaikka, ytjpaivityspvm, dtype) 
    values
        (null, ?, ?, ?, ?, ?, ?, ?, ?, ?, ?, ?, ?, ?, ?, ?, 'Osoite')
2020-06-10 20:38:40.047 TRACE 56553 --- [    Test worker] o.h.type.descriptor.sql.BasicBinder      : binding parameter [1] as [BIGINT] - [0]
2020-06-10 20:38:40.047 TRACE 56553 --- [    Test worker] o.h.type.descriptor.sql.BasicBinder      : binding parameter [2] as [VARCHAR] - [null]
2020-06-10 20:38:40.047 TRACE 56553 --- [    Test worker] o.h.type.descriptor.sql.BasicBinder      : binding parameter [3] as [BIGINT] - [null]
2020-06-10 20:38:40.047 TRACE 56553 --- [    Test worker] o.h.type.descriptor.sql.BasicBinder      : binding parameter [4] as [VARCHAR] - [d3bb7b6b-5956-4e37-8eb7-b3c2c25dbaf7]
2020-06-10 20:38:40.047 TRACE 56553 --- [    Test worker] o.h.type.descriptor.sql.BasicBinder      : binding parameter [5] as [VARCHAR] - [null]
2020-06-10 20:38:40.047 TRACE 56553 --- [    Test worker] o.h.type.descriptor.sql.BasicBinder      : binding parameter [6] as [VARCHAR] - [null]
2020-06-10 20:38:40.047 TRACE 56553 --- [    Test worker] o.h.type.descriptor.sql.BasicBinder      : binding parameter [7] as [DOUBLE] - [null]
2020-06-10 20:38:40.047 TRACE 56553 --- [    Test worker] o.h.type.descriptor.sql.BasicBinder      : binding parameter [8] as [DOUBLE] - [null]
2020-06-10 20:38:40.047 TRACE 56553 --- [    Test worker] o.h.type.descriptor.sql.BasicBinder      : binding parameter [9] as [VARCHAR] - [null]
2020-06-10 20:38:40.048 TRACE 56553 --- [    Test worker] o.h.type.descriptor.sql.BasicBinder      : binding parameter [10] as [VARCHAR] - [null]
2020-06-10 20:38:40.048 TRACE 56553 --- [    Test worker] o.h.type.descriptor.sql.BasicBinder      : binding parameter [11] as [VARCHAR] - [katu]
2020-06-10 20:38:40.048 TRACE 56553 --- [    Test worker] o.h.type.descriptor.sql.BasicBinder      : binding parameter [12] as [VARCHAR] - [kaynti]
2020-06-10 20:38:40.048 TRACE 56553 --- [    Test worker] o.h.type.descriptor.sql.BasicBinder      : binding parameter [13] as [VARCHAR] - [0000]
2020-06-10 20:38:40.048 TRACE 56553 --- [    Test worker] o.h.type.descriptor.sql.BasicBinder      : binding parameter [14] as [VARCHAR] - [Helsinki]
2020-06-10 20:38:40.048 TRACE 56553 --- [    Test worker] o.h.type.descriptor.sql.BasicBinder      : binding parameter [15] as [DATE] - [null]
Hibernate: 
    update
        organisaatio 
    set
        version=?,
        alkupvm=?,
        domainnimi=?,
        kotipaikka=?,
        kuvaus_mkt=?,
        lakkautuspvm=?,
        maa=?,
        metadata_id=?,
        nimi_mkt=?,
        nimihaku=?,
        oid=?,
        opetuspisteenjarjnro=?,
        oppilaitoskoodi=?,
        oppilaitos_tyyppi=?,
        organisaatio_poistettu=?,
        paivittaja=?,
        paivityspvm=?,
        parentidpath=?,
        parentoidpath=?,
        piilotettu=?,
        tarkastus_pvm=?,
        toimipistekoodi=?,
        tuontipvm=?,
        varhaiskasvatuksen_toimipaikka_tiedot_id=?,
        virastotunnus=?,
        yhteishaunkoulukoodi=?,
        yritysmuoto=?,
        ytj_kieli=?,
        ytjpaivityspvm=?,
        ytunnus=? 
    where
        id=? 
        and version=?
2020-06-10 20:38:40.063 TRACE 56553 --- [    Test worker] o.h.type.descriptor.sql.BasicBinder      : binding parameter [1] as [BIGINT] - [1]
2020-06-10 20:38:40.064 TRACE 56553 --- [    Test worker] o.h.type.descriptor.sql.BasicBinder      : binding parameter [2] as [DATE] - [null]
2020-06-10 20:38:40.064 TRACE 56553 --- [    Test worker] o.h.type.descriptor.sql.BasicBinder      : binding parameter [3] as [VARCHAR] - [null]
2020-06-10 20:38:40.064 TRACE 56553 --- [    Test worker] o.h.type.descriptor.sql.BasicBinder      : binding parameter [4] as [VARCHAR] - [null]
2020-06-10 20:38:40.064 TRACE 56553 --- [    Test worker] o.h.type.descriptor.sql.BasicBinder      : binding parameter [5] as [BIGINT] - [null]
2020-06-10 20:38:40.064 TRACE 56553 --- [    Test worker] o.h.type.descriptor.sql.BasicBinder      : binding parameter [6] as [DATE] - [Wed Jun 10 00:00:00 EEST 2020]
2020-06-10 20:38:40.064 TRACE 56553 --- [    Test worker] o.h.type.descriptor.sql.BasicBinder      : binding parameter [7] as [VARCHAR] - [null]
2020-06-10 20:38:40.064 TRACE 56553 --- [    Test worker] o.h.type.descriptor.sql.BasicBinder      : binding parameter [8] as [BIGINT] - [null]
2020-06-10 20:38:40.064 TRACE 56553 --- [    Test worker] o.h.type.descriptor.sql.BasicBinder      : binding parameter [9] as [BIGINT] - [7]
2020-06-10 20:38:40.064 TRACE 56553 --- [    Test worker] o.h.type.descriptor.sql.BasicBinder      : binding parameter [10] as [VARCHAR] - [null]
2020-06-10 20:38:40.064 TRACE 56553 --- [    Test worker] o.h.type.descriptor.sql.BasicBinder      : binding parameter [11] as [VARCHAR] - [-4962768465676381896]
2020-06-10 20:38:40.064 TRACE 56553 --- [    Test worker] o.h.type.descriptor.sql.BasicBinder      : binding parameter [12] as [VARCHAR] - [null]
2020-06-10 20:38:40.064 TRACE 56553 --- [    Test worker] o.h.type.descriptor.sql.BasicBinder      : binding parameter [13] as [VARCHAR] - [null]
2020-06-10 20:38:40.064 TRACE 56553 --- [    Test worker] o.h.type.descriptor.sql.BasicBinder      : binding parameter [14] as [VARCHAR] - [null]
2020-06-10 20:38:40.064 TRACE 56553 --- [    Test worker] o.h.type.descriptor.sql.BasicBinder      : binding parameter [15] as [BOOLEAN] - [false]
2020-06-10 20:38:40.064 TRACE 56553 --- [    Test worker] o.h.type.descriptor.sql.BasicBinder      : binding parameter [16] as [VARCHAR] - [null]
2020-06-10 20:38:40.065 TRACE 56553 --- [    Test worker] o.h.type.descriptor.sql.BasicBinder      : binding parameter [17] as [TIMESTAMP] - [Wed Jun 10 20:38:40 EEST 2020]
2020-06-10 20:38:40.065 TRACE 56553 --- [    Test worker] o.h.type.descriptor.sql.BasicBinder      : binding parameter [18] as [VARCHAR] - [null]
2020-06-10 20:38:40.065 TRACE 56553 --- [    Test worker] o.h.type.descriptor.sql.BasicBinder      : binding parameter [19] as [VARCHAR] - [null]
2020-06-10 20:38:40.065 TRACE 56553 --- [    Test worker] o.h.type.descriptor.sql.BasicBinder      : binding parameter [20] as [BOOLEAN] - [false]
2020-06-10 20:38:40.065 TRACE 56553 --- [    Test worker] o.h.type.descriptor.sql.BasicBinder      : binding parameter [21] as [TIMESTAMP] - [null]
2020-06-10 20:38:40.065 TRACE 56553 --- [    Test worker] o.h.type.descriptor.sql.BasicBinder      : binding parameter [22] as [VARCHAR] - [null]
2020-06-10 20:38:40.065 TRACE 56553 --- [    Test worker] o.h.type.descriptor.sql.BasicBinder      : binding parameter [23] as [TIMESTAMP] - [null]
2020-06-10 20:38:40.065 TRACE 56553 --- [    Test worker] o.h.type.descriptor.sql.BasicBinder      : binding parameter [24] as [BIGINT] - [null]
2020-06-10 20:38:40.065 TRACE 56553 --- [    Test worker] o.h.type.descriptor.sql.BasicBinder      : binding parameter [25] as [VARCHAR] - [null]
2020-06-10 20:38:40.065 TRACE 56553 --- [    Test worker] o.h.type.descriptor.sql.BasicBinder      : binding parameter [26] as [VARCHAR] - [null]
2020-06-10 20:38:40.065 TRACE 56553 --- [    Test worker] o.h.type.descriptor.sql.BasicBinder      : binding parameter [27] as [VARCHAR] - [null]
2020-06-10 20:38:40.065 TRACE 56553 --- [    Test worker] o.h.type.descriptor.sql.BasicBinder      : binding parameter [28] as [VARCHAR] - [null]
2020-06-10 20:38:40.065 TRACE 56553 --- [    Test worker] o.h.type.descriptor.sql.BasicBinder      : binding parameter [29] as [DATE] - [null]
2020-06-10 20:38:40.065 TRACE 56553 --- [    Test worker] o.h.type.descriptor.sql.BasicBinder      : binding parameter [30] as [VARCHAR] - [null]
2020-06-10 20:38:40.065 TRACE 56553 --- [    Test worker] o.h.type.descriptor.sql.BasicBinder      : binding parameter [31] as [BIGINT] - [16]
2020-06-10 20:38:40.065 TRACE 56553 --- [    Test worker] o.h.type.descriptor.sql.BasicBinder      : binding parameter [32] as [BIGINT] - [0]
Hibernate: 
    insert 
    into
        monikielinen_teksti_values
        (id, key, value) 
    values
        (?, ?, ?)
2020-06-10 20:38:40.066 TRACE 56553 --- [    Test worker] o.h.type.descriptor.sql.BasicBinder      : binding parameter [1] as [BIGINT] - [7]
2020-06-10 20:38:40.067 TRACE 56553 --- [    Test worker] o.h.type.descriptor.sql.BasicBinder      : binding parameter [2] as [VARCHAR] - [FI]
2020-06-10 20:38:40.067 TRACE 56553 --- [    Test worker] o.h.type.descriptor.sql.BasicBinder      : binding parameter [3] as [VARCHAR] - [A]
Hibernate: 
    select
        distinct organisaat0_.id as id1_5_,
        organisaat0_.version as version2_5_,
        organisaat0_.alkupvm as alkupvm3_5_,
        organisaat0_.domainnimi as domainni4_5_,
        organisaat0_.kotipaikka as kotipaik5_5_,
        organisaat0_.kuvaus_mkt as kuvaus_28_5_,
        organisaat0_.lakkautuspvm as lakkautu6_5_,
        organisaat0_.maa as maa7_5_,
        organisaat0_.metadata_id as metadat29_5_,
        organisaat0_.nimi_mkt as nimi_mk30_5_,
        organisaat0_.nimihaku as nimihaku8_5_,
        organisaat0_.oid as oid9_5_,
        organisaat0_.opetuspisteenjarjnro as opetusp10_5_,
        organisaat0_.oppilaitoskoodi as oppilai11_5_,
        organisaat0_.oppilaitos_tyyppi as oppilai12_5_,
        organisaat0_.organisaatio_poistettu as organis13_5_,
        organisaat0_.paivittaja as paivitt14_5_,
        organisaat0_.paivityspvm as paivity15_5_,
        organisaat0_.parentidpath as parenti16_5_,
        organisaat0_.parentoidpath as parento17_5_,
        organisaat0_.piilotettu as piilote18_5_,
        organisaat0_.tarkastus_pvm as tarkast19_5_,
        organisaat0_.toimipistekoodi as toimipi20_5_,
        organisaat0_.tuontipvm as tuontip21_5_,
        organisaat0_.varhaiskasvatuksen_toimipaikka_tiedot_id as varhais31_5_,
        organisaat0_.virastotunnus as virasto22_5_,
        organisaat0_.yhteishaunkoulukoodi as yhteish23_5_,
        organisaat0_.yritysmuoto as yritysm24_5_,
        organisaat0_.ytj_kieli as ytj_kie25_5_,
        organisaat0_.ytjpaivityspvm as ytjpaiv26_5_,
        organisaat0_.ytunnus as ytunnus27_5_ 
    from
        organisaatio organisaat0_ 
    where
        organisaat0_.paivityspvm>? 
        and (
            organisaat0_.lakkautuspvm is null 
            or organisaat0_.lakkautuspvm>?
        )
2020-06-10 20:38:40.068 TRACE 56553 --- [    Test worker] o.h.type.descriptor.sql.BasicBinder      : binding parameter [1] as [TIMESTAMP] - [Wed Jun 10 20:38:40 EEST 2020]
2020-06-10 20:38:40.068 TRACE 56553 --- [    Test worker] o.h.type.descriptor.sql.BasicBinder      : binding parameter [2] as [DATE] - [Wed Jun 10 20:38:40 EEST 2020]
2020-06-10 20:38:40.075  INFO 56553 --- [    Test worker] o.s.t.c.transaction.TransactionContext   : Rolled back transaction for test: [DefaultTestContext@6d49fbd0 testClass = OrganisaatioRepositoryImplTest, testInstance = fi.vm.sade.organisaatio.repository.OrganisaatioRepositoryImplTest@452bcdee, testMethod = findModifedSinceExcludesDiscontinued@OrganisaatioRepositoryImplTest, testException = [null], mergedContextConfiguration = [WebMergedContextConfiguration@6b2d0172 testClass = OrganisaatioRepositoryImplTest, locations = '{}', classes = '{class fi.vm.sade.organisaatio.OrganisaatioApplication}', contextInitializerClasses = '[]', activeProfiles = '{}', propertySourceLocations = '{}', propertySourceProperties = '{org.springframework.boot.test.context.SpringBootTestContextBootstrapper=true}', contextCustomizers = set[org.springframework.boot.test.autoconfigure.properties.PropertyMappingContextCustomizer@83020a4e, org.springframework.boot.test.autoconfigure.web.servlet.WebDriverContextCustomizerFactory$Customizer@5e540114, [ImportsContextCustomizer@1cb00945 key = [org.springframework.boot.test.autoconfigure.jdbc.TestDatabaseAutoConfiguration, org.springframework.boot.autoconfigure.jdbc.DataSourceAutoConfiguration]], org.springframework.boot.test.context.filter.ExcludeFilterContextCustomizer@41cdf26a, org.springframework.boot.test.json.DuplicateJsonObjectContextCustomizerFactory$DuplicateJsonObjectContextCustomizer@1e95fe99, org.springframework.boot.test.mock.mockito.MockitoContextCustomizer@0, org.springframework.boot.test.web.client.TestRestTemplateContextCustomizer@6d8bcece, org.springframework.boot.test.context.SpringBootTestArgs@1], resourceBasePath = 'src/main/webapp', contextLoader = 'org.springframework.boot.test.context.SpringBootContextLoader', parent = [null]], attributes = map['org.springframework.test.context.web.ServletTestExecutionListener.activateListener' -> true, 'org.springframework.test.context.web.ServletTestExecutionListener.populatedRequestContextHolder' -> true, 'org.springframework.test.context.web.ServletTestExecutionListener.resetRequestContextHolder' -> true]]
2020-06-10 20:38:40.076  INFO 56553 --- [    Test worker] o.s.t.c.transaction.TransactionContext   : Began transaction (1) for test context [DefaultTestContext@6d49fbd0 testClass = OrganisaatioRepositoryImplTest, testInstance = fi.vm.sade.organisaatio.repository.OrganisaatioRepositoryImplTest@7197d806, testMethod = doTest@OrganisaatioRepositoryImplTest, testException = [null], mergedContextConfiguration = [WebMergedContextConfiguration@6b2d0172 testClass = OrganisaatioRepositoryImplTest, locations = '{}', classes = '{class fi.vm.sade.organisaatio.OrganisaatioApplication}', contextInitializerClasses = '[]', activeProfiles = '{}', propertySourceLocations = '{}', propertySourceProperties = '{org.springframework.boot.test.context.SpringBootTestContextBootstrapper=true}', contextCustomizers = set[org.springframework.boot.test.autoconfigure.properties.PropertyMappingContextCustomizer@83020a4e, org.springframework.boot.test.autoconfigure.web.servlet.WebDriverContextCustomizerFactory$Customizer@5e540114, [ImportsContextCustomizer@1cb00945 key = [org.springframework.boot.test.autoconfigure.jdbc.TestDatabaseAutoConfiguration, org.springframework.boot.autoconfigure.jdbc.DataSourceAutoConfiguration]], org.springframework.boot.test.context.filter.ExcludeFilterContextCustomizer@41cdf26a, org.springframework.boot.test.json.DuplicateJsonObjectContextCustomizerFactory$DuplicateJsonObjectContextCustomizer@1e95fe99, org.springframework.boot.test.mock.mockito.MockitoContextCustomizer@0, org.springframework.boot.test.web.client.TestRestTemplateContextCustomizer@6d8bcece, org.springframework.boot.test.context.SpringBootTestArgs@1], resourceBasePath = 'src/main/webapp', contextLoader = 'org.springframework.boot.test.context.SpringBootContextLoader', parent = [null]], attributes = map['org.springframework.test.context.web.ServletTestExecutionListener.activateListener' -> true, 'org.springframework.test.context.web.ServletTestExecutionListener.populatedRequestContextHolder' -> true, 'org.springframework.test.context.web.ServletTestExecutionListener.resetRequestContextHolder' -> true]]; transaction manager [org.springframework.orm.jpa.JpaTransactionManager@20031d49]; rollback [true]
2020-06-10 20:38:40.077  INFO 56553 --- [    Test worker] f.v.s.o.r.OrganisaatioRepositoryImplTest : doTest()...
2020-06-10 20:38:40.077  INFO 56553 --- [    Test worker] f.v.s.o.r.OrganisaatioRepositoryImplTest : createOrganisaatio(A)
Hibernate: 
    insert 
    into
        monikielinen_teksti
        (id, version) 
    values
        (null, ?)
2020-06-10 20:38:40.078 TRACE 56553 --- [    Test worker] o.h.type.descriptor.sql.BasicBinder      : binding parameter [1] as [BIGINT] - [0]
Hibernate: 
    insert 
    into
        organisaatio
        (id, version, alkupvm, domainnimi, kotipaikka, kuvaus_mkt, lakkautuspvm, maa, metadata_id, nimi_mkt, nimihaku, oid, opetuspisteenjarjnro, oppilaitoskoodi, oppilaitos_tyyppi, organisaatio_poistettu, paivittaja, paivityspvm, parentidpath, parentoidpath, piilotettu, tarkastus_pvm, toimipistekoodi, tuontipvm, varhaiskasvatuksen_toimipaikka_tiedot_id, virastotunnus, yhteishaunkoulukoodi, yritysmuoto, ytj_kieli, ytjpaivityspvm, ytunnus) 
    values
        (null, ?, ?, ?, ?, ?, ?, ?, ?, ?, ?, ?, ?, ?, ?, ?, ?, ?, ?, ?, ?, ?, ?, ?, ?, ?, ?, ?, ?, ?, ?)
2020-06-10 20:38:40.079 TRACE 56553 --- [    Test worker] o.h.type.descriptor.sql.BasicBinder      : binding parameter [1] as [BIGINT] - [0]
2020-06-10 20:38:40.079 TRACE 56553 --- [    Test worker] o.h.type.descriptor.sql.BasicBinder      : binding parameter [2] as [DATE] - [null]
2020-06-10 20:38:40.079 TRACE 56553 --- [    Test worker] o.h.type.descriptor.sql.BasicBinder      : binding parameter [3] as [VARCHAR] - [null]
2020-06-10 20:38:40.079 TRACE 56553 --- [    Test worker] o.h.type.descriptor.sql.BasicBinder      : binding parameter [4] as [VARCHAR] - [null]
2020-06-10 20:38:40.079 TRACE 56553 --- [    Test worker] o.h.type.descriptor.sql.BasicBinder      : binding parameter [5] as [BIGINT] - [null]
2020-06-10 20:38:40.079 TRACE 56553 --- [    Test worker] o.h.type.descriptor.sql.BasicBinder      : binding parameter [6] as [DATE] - [null]
2020-06-10 20:38:40.079 TRACE 56553 --- [    Test worker] o.h.type.descriptor.sql.BasicBinder      : binding parameter [7] as [VARCHAR] - [null]
2020-06-10 20:38:40.079 TRACE 56553 --- [    Test worker] o.h.type.descriptor.sql.BasicBinder      : binding parameter [8] as [BIGINT] - [null]
2020-06-10 20:38:40.079 TRACE 56553 --- [    Test worker] o.h.type.descriptor.sql.BasicBinder      : binding parameter [9] as [BIGINT] - [8]
2020-06-10 20:38:40.079 TRACE 56553 --- [    Test worker] o.h.type.descriptor.sql.BasicBinder      : binding parameter [10] as [VARCHAR] - [null]
2020-06-10 20:38:40.079 TRACE 56553 --- [    Test worker] o.h.type.descriptor.sql.BasicBinder      : binding parameter [11] as [VARCHAR] - [-4962768465676381896]
2020-06-10 20:38:40.079 TRACE 56553 --- [    Test worker] o.h.type.descriptor.sql.BasicBinder      : binding parameter [12] as [VARCHAR] - [null]
2020-06-10 20:38:40.079 TRACE 56553 --- [    Test worker] o.h.type.descriptor.sql.BasicBinder      : binding parameter [13] as [VARCHAR] - [null]
2020-06-10 20:38:40.079 TRACE 56553 --- [    Test worker] o.h.type.descriptor.sql.BasicBinder      : binding parameter [14] as [VARCHAR] - [null]
2020-06-10 20:38:40.079 TRACE 56553 --- [    Test worker] o.h.type.descriptor.sql.BasicBinder      : binding parameter [15] as [BOOLEAN] - [false]
2020-06-10 20:38:40.079 TRACE 56553 --- [    Test worker] o.h.type.descriptor.sql.BasicBinder      : binding parameter [16] as [VARCHAR] - [null]
2020-06-10 20:38:40.080 TRACE 56553 --- [    Test worker] o.h.type.descriptor.sql.BasicBinder      : binding parameter [17] as [TIMESTAMP] - [null]
2020-06-10 20:38:40.080 TRACE 56553 --- [    Test worker] o.h.type.descriptor.sql.BasicBinder      : binding parameter [18] as [VARCHAR] - [null]
2020-06-10 20:38:40.080 TRACE 56553 --- [    Test worker] o.h.type.descriptor.sql.BasicBinder      : binding parameter [19] as [VARCHAR] - [null]
2020-06-10 20:38:40.080 TRACE 56553 --- [    Test worker] o.h.type.descriptor.sql.BasicBinder      : binding parameter [20] as [BOOLEAN] - [false]
2020-06-10 20:38:40.080 TRACE 56553 --- [    Test worker] o.h.type.descriptor.sql.BasicBinder      : binding parameter [21] as [TIMESTAMP] - [null]
2020-06-10 20:38:40.080 TRACE 56553 --- [    Test worker] o.h.type.descriptor.sql.BasicBinder      : binding parameter [22] as [VARCHAR] - [null]
2020-06-10 20:38:40.080 TRACE 56553 --- [    Test worker] o.h.type.descriptor.sql.BasicBinder      : binding parameter [23] as [TIMESTAMP] - [null]
2020-06-10 20:38:40.080 TRACE 56553 --- [    Test worker] o.h.type.descriptor.sql.BasicBinder      : binding parameter [24] as [BIGINT] - [null]
2020-06-10 20:38:40.080 TRACE 56553 --- [    Test worker] o.h.type.descriptor.sql.BasicBinder      : binding parameter [25] as [VARCHAR] - [null]
2020-06-10 20:38:40.080 TRACE 56553 --- [    Test worker] o.h.type.descriptor.sql.BasicBinder      : binding parameter [26] as [VARCHAR] - [null]
2020-06-10 20:38:40.080 TRACE 56553 --- [    Test worker] o.h.type.descriptor.sql.BasicBinder      : binding parameter [27] as [VARCHAR] - [null]
2020-06-10 20:38:40.080 TRACE 56553 --- [    Test worker] o.h.type.descriptor.sql.BasicBinder      : binding parameter [28] as [VARCHAR] - [null]
2020-06-10 20:38:40.080 TRACE 56553 --- [    Test worker] o.h.type.descriptor.sql.BasicBinder      : binding parameter [29] as [DATE] - [null]
2020-06-10 20:38:40.080 TRACE 56553 --- [    Test worker] o.h.type.descriptor.sql.BasicBinder      : binding parameter [30] as [VARCHAR] - [null]
Hibernate: 
    insert 
    into
        yhteystieto
        (id, version, kieli, organisaatio_id, yhteystieto_oid, coordinatetype, extrarivi, lat, lng, maa, osavaltio, osoite, osoite_tyyppi, postinumero, postitoimipaikka, ytjpaivityspvm, dtype) 
    values
        (null, ?, ?, ?, ?, ?, ?, ?, ?, ?, ?, ?, ?, ?, ?, ?, 'Osoite')
2020-06-10 20:38:40.081 TRACE 56553 --- [    Test worker] o.h.type.descriptor.sql.BasicBinder      : binding parameter [1] as [BIGINT] - [0]
2020-06-10 20:38:40.081 TRACE 56553 --- [    Test worker] o.h.type.descriptor.sql.BasicBinder      : binding parameter [2] as [VARCHAR] - [null]
2020-06-10 20:38:40.081 TRACE 56553 --- [    Test worker] o.h.type.descriptor.sql.BasicBinder      : binding parameter [3] as [BIGINT] - [null]
2020-06-10 20:38:40.081 TRACE 56553 --- [    Test worker] o.h.type.descriptor.sql.BasicBinder      : binding parameter [4] as [VARCHAR] - [5db57e36-796a-4a49-8e9e-58bfa2680002]
2020-06-10 20:38:40.081 TRACE 56553 --- [    Test worker] o.h.type.descriptor.sql.BasicBinder      : binding parameter [5] as [VARCHAR] - [null]
2020-06-10 20:38:40.081 TRACE 56553 --- [    Test worker] o.h.type.descriptor.sql.BasicBinder      : binding parameter [6] as [VARCHAR] - [null]
2020-06-10 20:38:40.081 TRACE 56553 --- [    Test worker] o.h.type.descriptor.sql.BasicBinder      : binding parameter [7] as [DOUBLE] - [null]
2020-06-10 20:38:40.081 TRACE 56553 --- [    Test worker] o.h.type.descriptor.sql.BasicBinder      : binding parameter [8] as [DOUBLE] - [null]
2020-06-10 20:38:40.081 TRACE 56553 --- [    Test worker] o.h.type.descriptor.sql.BasicBinder      : binding parameter [9] as [VARCHAR] - [null]
2020-06-10 20:38:40.081 TRACE 56553 --- [    Test worker] o.h.type.descriptor.sql.BasicBinder      : binding parameter [10] as [VARCHAR] - [null]
2020-06-10 20:38:40.082 TRACE 56553 --- [    Test worker] o.h.type.descriptor.sql.BasicBinder      : binding parameter [11] as [VARCHAR] - [katu]
2020-06-10 20:38:40.082 TRACE 56553 --- [    Test worker] o.h.type.descriptor.sql.BasicBinder      : binding parameter [12] as [VARCHAR] - [kaynti]
2020-06-10 20:38:40.082 TRACE 56553 --- [    Test worker] o.h.type.descriptor.sql.BasicBinder      : binding parameter [13] as [VARCHAR] - [0000]
2020-06-10 20:38:40.082 TRACE 56553 --- [    Test worker] o.h.type.descriptor.sql.BasicBinder      : binding parameter [14] as [VARCHAR] - [Helsinki]
2020-06-10 20:38:40.082 TRACE 56553 --- [    Test worker] o.h.type.descriptor.sql.BasicBinder      : binding parameter [15] as [DATE] - [null]
2020-06-10 20:38:40.086  INFO 56553 --- [    Test worker] f.v.s.o.r.OrganisaatioRepositoryImplTest : createOrganisaatio(B)
Hibernate: 
    insert 
    into
        monikielinen_teksti
        (id, version) 
    values
        (null, ?)
2020-06-10 20:38:40.087 TRACE 56553 --- [    Test worker] o.h.type.descriptor.sql.BasicBinder      : binding parameter [1] as [BIGINT] - [0]
Hibernate: 
    insert 
    into
        organisaatio
        (id, version, alkupvm, domainnimi, kotipaikka, kuvaus_mkt, lakkautuspvm, maa, metadata_id, nimi_mkt, nimihaku, oid, opetuspisteenjarjnro, oppilaitoskoodi, oppilaitos_tyyppi, organisaatio_poistettu, paivittaja, paivityspvm, parentidpath, parentoidpath, piilotettu, tarkastus_pvm, toimipistekoodi, tuontipvm, varhaiskasvatuksen_toimipaikka_tiedot_id, virastotunnus, yhteishaunkoulukoodi, yritysmuoto, ytj_kieli, ytjpaivityspvm, ytunnus) 
    values
        (null, ?, ?, ?, ?, ?, ?, ?, ?, ?, ?, ?, ?, ?, ?, ?, ?, ?, ?, ?, ?, ?, ?, ?, ?, ?, ?, ?, ?, ?, ?)
2020-06-10 20:38:40.088 TRACE 56553 --- [    Test worker] o.h.type.descriptor.sql.BasicBinder      : binding parameter [1] as [BIGINT] - [0]
2020-06-10 20:38:40.088 TRACE 56553 --- [    Test worker] o.h.type.descriptor.sql.BasicBinder      : binding parameter [2] as [DATE] - [null]
2020-06-10 20:38:40.088 TRACE 56553 --- [    Test worker] o.h.type.descriptor.sql.BasicBinder      : binding parameter [3] as [VARCHAR] - [null]
2020-06-10 20:38:40.088 TRACE 56553 --- [    Test worker] o.h.type.descriptor.sql.BasicBinder      : binding parameter [4] as [VARCHAR] - [null]
2020-06-10 20:38:40.088 TRACE 56553 --- [    Test worker] o.h.type.descriptor.sql.BasicBinder      : binding parameter [5] as [BIGINT] - [null]
2020-06-10 20:38:40.088 TRACE 56553 --- [    Test worker] o.h.type.descriptor.sql.BasicBinder      : binding parameter [6] as [DATE] - [null]
2020-06-10 20:38:40.088 TRACE 56553 --- [    Test worker] o.h.type.descriptor.sql.BasicBinder      : binding parameter [7] as [VARCHAR] - [null]
2020-06-10 20:38:40.088 TRACE 56553 --- [    Test worker] o.h.type.descriptor.sql.BasicBinder      : binding parameter [8] as [BIGINT] - [null]
2020-06-10 20:38:40.088 TRACE 56553 --- [    Test worker] o.h.type.descriptor.sql.BasicBinder      : binding parameter [9] as [BIGINT] - [9]
2020-06-10 20:38:40.088 TRACE 56553 --- [    Test worker] o.h.type.descriptor.sql.BasicBinder      : binding parameter [10] as [VARCHAR] - [null]
2020-06-10 20:38:40.088 TRACE 56553 --- [    Test worker] o.h.type.descriptor.sql.BasicBinder      : binding parameter [11] as [VARCHAR] - [4437113781045784766]
2020-06-10 20:38:40.088 TRACE 56553 --- [    Test worker] o.h.type.descriptor.sql.BasicBinder      : binding parameter [12] as [VARCHAR] - [null]
2020-06-10 20:38:40.088 TRACE 56553 --- [    Test worker] o.h.type.descriptor.sql.BasicBinder      : binding parameter [13] as [VARCHAR] - [null]
2020-06-10 20:38:40.088 TRACE 56553 --- [    Test worker] o.h.type.descriptor.sql.BasicBinder      : binding parameter [14] as [VARCHAR] - [null]
2020-06-10 20:38:40.088 TRACE 56553 --- [    Test worker] o.h.type.descriptor.sql.BasicBinder      : binding parameter [15] as [BOOLEAN] - [false]
2020-06-10 20:38:40.088 TRACE 56553 --- [    Test worker] o.h.type.descriptor.sql.BasicBinder      : binding parameter [16] as [VARCHAR] - [null]
2020-06-10 20:38:40.088 TRACE 56553 --- [    Test worker] o.h.type.descriptor.sql.BasicBinder      : binding parameter [17] as [TIMESTAMP] - [null]
2020-06-10 20:38:40.088 TRACE 56553 --- [    Test worker] o.h.type.descriptor.sql.BasicBinder      : binding parameter [18] as [VARCHAR] - [null]
2020-06-10 20:38:40.088 TRACE 56553 --- [    Test worker] o.h.type.descriptor.sql.BasicBinder      : binding parameter [19] as [VARCHAR] - [null]
2020-06-10 20:38:40.088 TRACE 56553 --- [    Test worker] o.h.type.descriptor.sql.BasicBinder      : binding parameter [20] as [BOOLEAN] - [false]
2020-06-10 20:38:40.088 TRACE 56553 --- [    Test worker] o.h.type.descriptor.sql.BasicBinder      : binding parameter [21] as [TIMESTAMP] - [null]
2020-06-10 20:38:40.088 TRACE 56553 --- [    Test worker] o.h.type.descriptor.sql.BasicBinder      : binding parameter [22] as [VARCHAR] - [null]
2020-06-10 20:38:40.088 TRACE 56553 --- [    Test worker] o.h.type.descriptor.sql.BasicBinder      : binding parameter [23] as [TIMESTAMP] - [null]
2020-06-10 20:38:40.088 TRACE 56553 --- [    Test worker] o.h.type.descriptor.sql.BasicBinder      : binding parameter [24] as [BIGINT] - [null]
2020-06-10 20:38:40.088 TRACE 56553 --- [    Test worker] o.h.type.descriptor.sql.BasicBinder      : binding parameter [25] as [VARCHAR] - [null]
2020-06-10 20:38:40.088 TRACE 56553 --- [    Test worker] o.h.type.descriptor.sql.BasicBinder      : binding parameter [26] as [VARCHAR] - [null]
2020-06-10 20:38:40.088 TRACE 56553 --- [    Test worker] o.h.type.descriptor.sql.BasicBinder      : binding parameter [27] as [VARCHAR] - [null]
2020-06-10 20:38:40.088 TRACE 56553 --- [    Test worker] o.h.type.descriptor.sql.BasicBinder      : binding parameter [28] as [VARCHAR] - [null]
2020-06-10 20:38:40.088 TRACE 56553 --- [    Test worker] o.h.type.descriptor.sql.BasicBinder      : binding parameter [29] as [DATE] - [null]
2020-06-10 20:38:40.088 TRACE 56553 --- [    Test worker] o.h.type.descriptor.sql.BasicBinder      : binding parameter [30] as [VARCHAR] - [null]
Hibernate: 
    insert 
    into
        yhteystieto
        (id, version, kieli, organisaatio_id, yhteystieto_oid, coordinatetype, extrarivi, lat, lng, maa, osavaltio, osoite, osoite_tyyppi, postinumero, postitoimipaikka, ytjpaivityspvm, dtype) 
    values
        (null, ?, ?, ?, ?, ?, ?, ?, ?, ?, ?, ?, ?, ?, ?, ?, 'Osoite')
2020-06-10 20:38:40.089 TRACE 56553 --- [    Test worker] o.h.type.descriptor.sql.BasicBinder      : binding parameter [1] as [BIGINT] - [0]
2020-06-10 20:38:40.089 TRACE 56553 --- [    Test worker] o.h.type.descriptor.sql.BasicBinder      : binding parameter [2] as [VARCHAR] - [null]
2020-06-10 20:38:40.089 TRACE 56553 --- [    Test worker] o.h.type.descriptor.sql.BasicBinder      : binding parameter [3] as [BIGINT] - [null]
2020-06-10 20:38:40.089 TRACE 56553 --- [    Test worker] o.h.type.descriptor.sql.BasicBinder      : binding parameter [4] as [VARCHAR] - [66c14a80-38d4-439d-b2cb-ee208b78cb54]
2020-06-10 20:38:40.089 TRACE 56553 --- [    Test worker] o.h.type.descriptor.sql.BasicBinder      : binding parameter [5] as [VARCHAR] - [null]
2020-06-10 20:38:40.089 TRACE 56553 --- [    Test worker] o.h.type.descriptor.sql.BasicBinder      : binding parameter [6] as [VARCHAR] - [null]
2020-06-10 20:38:40.089 TRACE 56553 --- [    Test worker] o.h.type.descriptor.sql.BasicBinder      : binding parameter [7] as [DOUBLE] - [null]
2020-06-10 20:38:40.090 TRACE 56553 --- [    Test worker] o.h.type.descriptor.sql.BasicBinder      : binding parameter [8] as [DOUBLE] - [null]
2020-06-10 20:38:40.090 TRACE 56553 --- [    Test worker] o.h.type.descriptor.sql.BasicBinder      : binding parameter [9] as [VARCHAR] - [null]
2020-06-10 20:38:40.090 TRACE 56553 --- [    Test worker] o.h.type.descriptor.sql.BasicBinder      : binding parameter [10] as [VARCHAR] - [null]
2020-06-10 20:38:40.090 TRACE 56553 --- [    Test worker] o.h.type.descriptor.sql.BasicBinder      : binding parameter [11] as [VARCHAR] - [katu]
2020-06-10 20:38:40.090 TRACE 56553 --- [    Test worker] o.h.type.descriptor.sql.BasicBinder      : binding parameter [12] as [VARCHAR] - [kaynti]
2020-06-10 20:38:40.090 TRACE 56553 --- [    Test worker] o.h.type.descriptor.sql.BasicBinder      : binding parameter [13] as [VARCHAR] - [0000]
2020-06-10 20:38:40.090 TRACE 56553 --- [    Test worker] o.h.type.descriptor.sql.BasicBinder      : binding parameter [14] as [VARCHAR] - [Helsinki]
2020-06-10 20:38:40.090 TRACE 56553 --- [    Test worker] o.h.type.descriptor.sql.BasicBinder      : binding parameter [15] as [DATE] - [null]
2020-06-10 20:38:40.090  INFO 56553 --- [    Test worker] .s.o.r.i.OrganisaatioSuhdeRepositoryImpl : addChild(17, 18, null)
Hibernate: 
    insert 
    into
        organisaatiosuhde
        (id, version, alkupvm, child_id, loppupvm, opetuspisteenjarjnro, parent_id, suhdetyyppi) 
    values
        (null, ?, ?, ?, ?, ?, ?, ?)
2020-06-10 20:38:40.091 TRACE 56553 --- [    Test worker] o.h.type.descriptor.sql.BasicBinder      : binding parameter [1] as [BIGINT] - [0]
2020-06-10 20:38:40.092 TRACE 56553 --- [    Test worker] o.h.type.descriptor.sql.BasicBinder      : binding parameter [2] as [DATE] - [Wed Jun 10 20:38:40 EEST 2020]
2020-06-10 20:38:40.092 TRACE 56553 --- [    Test worker] o.h.type.descriptor.sql.BasicBinder      : binding parameter [3] as [BIGINT] - [18]
2020-06-10 20:38:40.092 TRACE 56553 --- [    Test worker] o.h.type.descriptor.sql.BasicBinder      : binding parameter [4] as [DATE] - [null]
2020-06-10 20:38:40.092 TRACE 56553 --- [    Test worker] o.h.type.descriptor.sql.BasicBinder      : binding parameter [5] as [VARCHAR] - [null]
2020-06-10 20:38:40.092 TRACE 56553 --- [    Test worker] o.h.type.descriptor.sql.BasicBinder      : binding parameter [6] as [BIGINT] - [17]
2020-06-10 20:38:40.092 TRACE 56553 --- [    Test worker] o.h.type.descriptor.sql.BasicBinder      : binding parameter [7] as [VARCHAR] - [HISTORIA]
2020-06-10 20:38:40.092  INFO 56553 --- [    Test worker] .s.o.r.i.OrganisaatioSuhdeRepositoryImpl :     Created new child relation:  --> pId=17, cId=18, aPvm=Wed Jun 10 20:38:40 EEST 2020, lPvm=null
2020-06-10 20:38:40.093  INFO 56553 --- [    Test worker] f.v.s.o.r.OrganisaatioRepositoryImplTest : YHTEYSTIEDOT: 1
2020-06-10 20:38:40.093  INFO 56553 --- [    Test worker] f.v.s.o.r.OrganisaatioRepositoryImplTest : PARENTS: 1
2020-06-10 20:38:40.093  INFO 56553 --- [    Test worker] f.v.s.o.r.OrganisaatioRepositoryImplTest : createOrganisaatio(C)
Hibernate: 
    insert 
    into
        monikielinen_teksti
        (id, version) 
    values
        (null, ?)
2020-06-10 20:38:40.094 TRACE 56553 --- [    Test worker] o.h.type.descriptor.sql.BasicBinder      : binding parameter [1] as [BIGINT] - [0]
Hibernate: 
    insert 
    into
        organisaatio
        (id, version, alkupvm, domainnimi, kotipaikka, kuvaus_mkt, lakkautuspvm, maa, metadata_id, nimi_mkt, nimihaku, oid, opetuspisteenjarjnro, oppilaitoskoodi, oppilaitos_tyyppi, organisaatio_poistettu, paivittaja, paivityspvm, parentidpath, parentoidpath, piilotettu, tarkastus_pvm, toimipistekoodi, tuontipvm, varhaiskasvatuksen_toimipaikka_tiedot_id, virastotunnus, yhteishaunkoulukoodi, yritysmuoto, ytj_kieli, ytjpaivityspvm, ytunnus) 
    values
        (null, ?, ?, ?, ?, ?, ?, ?, ?, ?, ?, ?, ?, ?, ?, ?, ?, ?, ?, ?, ?, ?, ?, ?, ?, ?, ?, ?, ?, ?, ?)
2020-06-10 20:38:40.094 TRACE 56553 --- [    Test worker] o.h.type.descriptor.sql.BasicBinder      : binding parameter [1] as [BIGINT] - [0]
2020-06-10 20:38:40.095 TRACE 56553 --- [    Test worker] o.h.type.descriptor.sql.BasicBinder      : binding parameter [2] as [DATE] - [null]
2020-06-10 20:38:40.095 TRACE 56553 --- [    Test worker] o.h.type.descriptor.sql.BasicBinder      : binding parameter [3] as [VARCHAR] - [null]
2020-06-10 20:38:40.095 TRACE 56553 --- [    Test worker] o.h.type.descriptor.sql.BasicBinder      : binding parameter [4] as [VARCHAR] - [null]
2020-06-10 20:38:40.095 TRACE 56553 --- [    Test worker] o.h.type.descriptor.sql.BasicBinder      : binding parameter [5] as [BIGINT] - [null]
2020-06-10 20:38:40.095 TRACE 56553 --- [    Test worker] o.h.type.descriptor.sql.BasicBinder      : binding parameter [6] as [DATE] - [null]
2020-06-10 20:38:40.095 TRACE 56553 --- [    Test worker] o.h.type.descriptor.sql.BasicBinder      : binding parameter [7] as [VARCHAR] - [null]
2020-06-10 20:38:40.095 TRACE 56553 --- [    Test worker] o.h.type.descriptor.sql.BasicBinder      : binding parameter [8] as [BIGINT] - [null]
2020-06-10 20:38:40.095 TRACE 56553 --- [    Test worker] o.h.type.descriptor.sql.BasicBinder      : binding parameter [9] as [BIGINT] - [10]
2020-06-10 20:38:40.095 TRACE 56553 --- [    Test worker] o.h.type.descriptor.sql.BasicBinder      : binding parameter [10] as [VARCHAR] - [null]
2020-06-10 20:38:40.095 TRACE 56553 --- [    Test worker] o.h.type.descriptor.sql.BasicBinder      : binding parameter [11] as [VARCHAR] - [-6688467811848818630]
2020-06-10 20:38:40.095 TRACE 56553 --- [    Test worker] o.h.type.descriptor.sql.BasicBinder      : binding parameter [12] as [VARCHAR] - [null]
2020-06-10 20:38:40.095 TRACE 56553 --- [    Test worker] o.h.type.descriptor.sql.BasicBinder      : binding parameter [13] as [VARCHAR] - [null]
2020-06-10 20:38:40.095 TRACE 56553 --- [    Test worker] o.h.type.descriptor.sql.BasicBinder      : binding parameter [14] as [VARCHAR] - [null]
2020-06-10 20:38:40.095 TRACE 56553 --- [    Test worker] o.h.type.descriptor.sql.BasicBinder      : binding parameter [15] as [BOOLEAN] - [false]
2020-06-10 20:38:40.095 TRACE 56553 --- [    Test worker] o.h.type.descriptor.sql.BasicBinder      : binding parameter [16] as [VARCHAR] - [null]
2020-06-10 20:38:40.095 TRACE 56553 --- [    Test worker] o.h.type.descriptor.sql.BasicBinder      : binding parameter [17] as [TIMESTAMP] - [null]
2020-06-10 20:38:40.095 TRACE 56553 --- [    Test worker] o.h.type.descriptor.sql.BasicBinder      : binding parameter [18] as [VARCHAR] - [null]
2020-06-10 20:38:40.095 TRACE 56553 --- [    Test worker] o.h.type.descriptor.sql.BasicBinder      : binding parameter [19] as [VARCHAR] - [null]
2020-06-10 20:38:40.095 TRACE 56553 --- [    Test worker] o.h.type.descriptor.sql.BasicBinder      : binding parameter [20] as [BOOLEAN] - [false]
2020-06-10 20:38:40.096 TRACE 56553 --- [    Test worker] o.h.type.descriptor.sql.BasicBinder      : binding parameter [21] as [TIMESTAMP] - [null]
2020-06-10 20:38:40.096 TRACE 56553 --- [    Test worker] o.h.type.descriptor.sql.BasicBinder      : binding parameter [22] as [VARCHAR] - [null]
2020-06-10 20:38:40.096 TRACE 56553 --- [    Test worker] o.h.type.descriptor.sql.BasicBinder      : binding parameter [23] as [TIMESTAMP] - [null]
2020-06-10 20:38:40.096 TRACE 56553 --- [    Test worker] o.h.type.descriptor.sql.BasicBinder      : binding parameter [24] as [BIGINT] - [null]
2020-06-10 20:38:40.096 TRACE 56553 --- [    Test worker] o.h.type.descriptor.sql.BasicBinder      : binding parameter [25] as [VARCHAR] - [null]
2020-06-10 20:38:40.096 TRACE 56553 --- [    Test worker] o.h.type.descriptor.sql.BasicBinder      : binding parameter [26] as [VARCHAR] - [null]
2020-06-10 20:38:40.096 TRACE 56553 --- [    Test worker] o.h.type.descriptor.sql.BasicBinder      : binding parameter [27] as [VARCHAR] - [null]
2020-06-10 20:38:40.096 TRACE 56553 --- [    Test worker] o.h.type.descriptor.sql.BasicBinder      : binding parameter [28] as [VARCHAR] - [null]
2020-06-10 20:38:40.096 TRACE 56553 --- [    Test worker] o.h.type.descriptor.sql.BasicBinder      : binding parameter [29] as [DATE] - [null]
2020-06-10 20:38:40.096 TRACE 56553 --- [    Test worker] o.h.type.descriptor.sql.BasicBinder      : binding parameter [30] as [VARCHAR] - [null]
Hibernate: 
    insert 
    into
        yhteystieto
        (id, version, kieli, organisaatio_id, yhteystieto_oid, coordinatetype, extrarivi, lat, lng, maa, osavaltio, osoite, osoite_tyyppi, postinumero, postitoimipaikka, ytjpaivityspvm, dtype) 
    values
        (null, ?, ?, ?, ?, ?, ?, ?, ?, ?, ?, ?, ?, ?, ?, ?, 'Osoite')
2020-06-10 20:38:40.097 TRACE 56553 --- [    Test worker] o.h.type.descriptor.sql.BasicBinder      : binding parameter [1] as [BIGINT] - [0]
2020-06-10 20:38:40.097 TRACE 56553 --- [    Test worker] o.h.type.descriptor.sql.BasicBinder      : binding parameter [2] as [VARCHAR] - [null]
2020-06-10 20:38:40.097 TRACE 56553 --- [    Test worker] o.h.type.descriptor.sql.BasicBinder      : binding parameter [3] as [BIGINT] - [null]
2020-06-10 20:38:40.097 TRACE 56553 --- [    Test worker] o.h.type.descriptor.sql.BasicBinder      : binding parameter [4] as [VARCHAR] - [d07bdae7-5256-4a25-8062-5e22e259cd77]
2020-06-10 20:38:40.097 TRACE 56553 --- [    Test worker] o.h.type.descriptor.sql.BasicBinder      : binding parameter [5] as [VARCHAR] - [null]
2020-06-10 20:38:40.097 TRACE 56553 --- [    Test worker] o.h.type.descriptor.sql.BasicBinder      : binding parameter [6] as [VARCHAR] - [null]
2020-06-10 20:38:40.097 TRACE 56553 --- [    Test worker] o.h.type.descriptor.sql.BasicBinder      : binding parameter [7] as [DOUBLE] - [null]
2020-06-10 20:38:40.097 TRACE 56553 --- [    Test worker] o.h.type.descriptor.sql.BasicBinder      : binding parameter [8] as [DOUBLE] - [null]
2020-06-10 20:38:40.097 TRACE 56553 --- [    Test worker] o.h.type.descriptor.sql.BasicBinder      : binding parameter [9] as [VARCHAR] - [null]
2020-06-10 20:38:40.097 TRACE 56553 --- [    Test worker] o.h.type.descriptor.sql.BasicBinder      : binding parameter [10] as [VARCHAR] - [null]
2020-06-10 20:38:40.098 TRACE 56553 --- [    Test worker] o.h.type.descriptor.sql.BasicBinder      : binding parameter [11] as [VARCHAR] - [katu]
2020-06-10 20:38:40.098 TRACE 56553 --- [    Test worker] o.h.type.descriptor.sql.BasicBinder      : binding parameter [12] as [VARCHAR] - [kaynti]
2020-06-10 20:38:40.098 TRACE 56553 --- [    Test worker] o.h.type.descriptor.sql.BasicBinder      : binding parameter [13] as [VARCHAR] - [0000]
2020-06-10 20:38:40.098 TRACE 56553 --- [    Test worker] o.h.type.descriptor.sql.BasicBinder      : binding parameter [14] as [VARCHAR] - [Helsinki]
2020-06-10 20:38:40.098 TRACE 56553 --- [    Test worker] o.h.type.descriptor.sql.BasicBinder      : binding parameter [15] as [DATE] - [null]
2020-06-10 20:38:40.098  INFO 56553 --- [    Test worker] .s.o.r.i.OrganisaatioSuhdeRepositoryImpl : addChild(18, 19, null)
Hibernate: 
    insert 
    into
        organisaatiosuhde
        (id, version, alkupvm, child_id, loppupvm, opetuspisteenjarjnro, parent_id, suhdetyyppi) 
    values
        (null, ?, ?, ?, ?, ?, ?, ?)
2020-06-10 20:38:40.099 TRACE 56553 --- [    Test worker] o.h.type.descriptor.sql.BasicBinder      : binding parameter [1] as [BIGINT] - [0]
2020-06-10 20:38:40.099 TRACE 56553 --- [    Test worker] o.h.type.descriptor.sql.BasicBinder      : binding parameter [2] as [DATE] - [Wed Jun 10 20:38:40 EEST 2020]
2020-06-10 20:38:40.099 TRACE 56553 --- [    Test worker] o.h.type.descriptor.sql.BasicBinder      : binding parameter [3] as [BIGINT] - [19]
2020-06-10 20:38:40.099 TRACE 56553 --- [    Test worker] o.h.type.descriptor.sql.BasicBinder      : binding parameter [4] as [DATE] - [null]
2020-06-10 20:38:40.099 TRACE 56553 --- [    Test worker] o.h.type.descriptor.sql.BasicBinder      : binding parameter [5] as [VARCHAR] - [null]
2020-06-10 20:38:40.099 TRACE 56553 --- [    Test worker] o.h.type.descriptor.sql.BasicBinder      : binding parameter [6] as [BIGINT] - [18]
2020-06-10 20:38:40.099 TRACE 56553 --- [    Test worker] o.h.type.descriptor.sql.BasicBinder      : binding parameter [7] as [VARCHAR] - [HISTORIA]
2020-06-10 20:38:40.100  INFO 56553 --- [    Test worker] .s.o.r.i.OrganisaatioSuhdeRepositoryImpl :     Created new child relation:  --> pId=18, cId=19, aPvm=Wed Jun 10 20:38:40 EEST 2020, lPvm=null
2020-06-10 20:38:40.100  INFO 56553 --- [    Test worker] f.v.s.o.r.OrganisaatioRepositoryImplTest : YHTEYSTIEDOT: 1
2020-06-10 20:38:40.100  INFO 56553 --- [    Test worker] f.v.s.o.r.OrganisaatioRepositoryImplTest : PARENTS: 1
2020-06-10 20:38:40.100  INFO 56553 --- [    Test worker] f.v.s.o.r.OrganisaatioRepositoryImplTest : createOrganisaatio(D)
Hibernate: 
    insert 
    into
        monikielinen_teksti
        (id, version) 
    values
        (null, ?)
2020-06-10 20:38:40.100 TRACE 56553 --- [    Test worker] o.h.type.descriptor.sql.BasicBinder      : binding parameter [1] as [BIGINT] - [0]
Hibernate: 
    insert 
    into
        organisaatio
        (id, version, alkupvm, domainnimi, kotipaikka, kuvaus_mkt, lakkautuspvm, maa, metadata_id, nimi_mkt, nimihaku, oid, opetuspisteenjarjnro, oppilaitoskoodi, oppilaitos_tyyppi, organisaatio_poistettu, paivittaja, paivityspvm, parentidpath, parentoidpath, piilotettu, tarkastus_pvm, toimipistekoodi, tuontipvm, varhaiskasvatuksen_toimipaikka_tiedot_id, virastotunnus, yhteishaunkoulukoodi, yritysmuoto, ytj_kieli, ytjpaivityspvm, ytunnus) 
    values
        (null, ?, ?, ?, ?, ?, ?, ?, ?, ?, ?, ?, ?, ?, ?, ?, ?, ?, ?, ?, ?, ?, ?, ?, ?, ?, ?, ?, ?, ?, ?)
2020-06-10 20:38:40.101 TRACE 56553 --- [    Test worker] o.h.type.descriptor.sql.BasicBinder      : binding parameter [1] as [BIGINT] - [0]
2020-06-10 20:38:40.101 TRACE 56553 --- [    Test worker] o.h.type.descriptor.sql.BasicBinder      : binding parameter [2] as [DATE] - [null]
2020-06-10 20:38:40.101 TRACE 56553 --- [    Test worker] o.h.type.descriptor.sql.BasicBinder      : binding parameter [3] as [VARCHAR] - [null]
2020-06-10 20:38:40.101 TRACE 56553 --- [    Test worker] o.h.type.descriptor.sql.BasicBinder      : binding parameter [4] as [VARCHAR] - [null]
2020-06-10 20:38:40.101 TRACE 56553 --- [    Test worker] o.h.type.descriptor.sql.BasicBinder      : binding parameter [5] as [BIGINT] - [null]
2020-06-10 20:38:40.101 TRACE 56553 --- [    Test worker] o.h.type.descriptor.sql.BasicBinder      : binding parameter [6] as [DATE] - [null]
2020-06-10 20:38:40.101 TRACE 56553 --- [    Test worker] o.h.type.descriptor.sql.BasicBinder      : binding parameter [7] as [VARCHAR] - [null]
2020-06-10 20:38:40.102 TRACE 56553 --- [    Test worker] o.h.type.descriptor.sql.BasicBinder      : binding parameter [8] as [BIGINT] - [null]
2020-06-10 20:38:40.102 TRACE 56553 --- [    Test worker] o.h.type.descriptor.sql.BasicBinder      : binding parameter [9] as [BIGINT] - [11]
2020-06-10 20:38:40.102 TRACE 56553 --- [    Test worker] o.h.type.descriptor.sql.BasicBinder      : binding parameter [10] as [VARCHAR] - [null]
2020-06-10 20:38:40.102 TRACE 56553 --- [    Test worker] o.h.type.descriptor.sql.BasicBinder      : binding parameter [11] as [VARCHAR] - [-8292973307042192125]
2020-06-10 20:38:40.102 TRACE 56553 --- [    Test worker] o.h.type.descriptor.sql.BasicBinder      : binding parameter [12] as [VARCHAR] - [null]
2020-06-10 20:38:40.102 TRACE 56553 --- [    Test worker] o.h.type.descriptor.sql.BasicBinder      : binding parameter [13] as [VARCHAR] - [null]
2020-06-10 20:38:40.102 TRACE 56553 --- [    Test worker] o.h.type.descriptor.sql.BasicBinder      : binding parameter [14] as [VARCHAR] - [null]
2020-06-10 20:38:40.102 TRACE 56553 --- [    Test worker] o.h.type.descriptor.sql.BasicBinder      : binding parameter [15] as [BOOLEAN] - [false]
2020-06-10 20:38:40.102 TRACE 56553 --- [    Test worker] o.h.type.descriptor.sql.BasicBinder      : binding parameter [16] as [VARCHAR] - [null]
2020-06-10 20:38:40.102 TRACE 56553 --- [    Test worker] o.h.type.descriptor.sql.BasicBinder      : binding parameter [17] as [TIMESTAMP] - [null]
2020-06-10 20:38:40.102 TRACE 56553 --- [    Test worker] o.h.type.descriptor.sql.BasicBinder      : binding parameter [18] as [VARCHAR] - [null]
2020-06-10 20:38:40.102 TRACE 56553 --- [    Test worker] o.h.type.descriptor.sql.BasicBinder      : binding parameter [19] as [VARCHAR] - [null]
2020-06-10 20:38:40.102 TRACE 56553 --- [    Test worker] o.h.type.descriptor.sql.BasicBinder      : binding parameter [20] as [BOOLEAN] - [false]
2020-06-10 20:38:40.102 TRACE 56553 --- [    Test worker] o.h.type.descriptor.sql.BasicBinder      : binding parameter [21] as [TIMESTAMP] - [null]
2020-06-10 20:38:40.102 TRACE 56553 --- [    Test worker] o.h.type.descriptor.sql.BasicBinder      : binding parameter [22] as [VARCHAR] - [null]
2020-06-10 20:38:40.102 TRACE 56553 --- [    Test worker] o.h.type.descriptor.sql.BasicBinder      : binding parameter [23] as [TIMESTAMP] - [null]
2020-06-10 20:38:40.102 TRACE 56553 --- [    Test worker] o.h.type.descriptor.sql.BasicBinder      : binding parameter [24] as [BIGINT] - [null]
2020-06-10 20:38:40.103 TRACE 56553 --- [    Test worker] o.h.type.descriptor.sql.BasicBinder      : binding parameter [25] as [VARCHAR] - [null]
2020-06-10 20:38:40.103 TRACE 56553 --- [    Test worker] o.h.type.descriptor.sql.BasicBinder      : binding parameter [26] as [VARCHAR] - [null]
2020-06-10 20:38:40.103 TRACE 56553 --- [    Test worker] o.h.type.descriptor.sql.BasicBinder      : binding parameter [27] as [VARCHAR] - [null]
2020-06-10 20:38:40.103 TRACE 56553 --- [    Test worker] o.h.type.descriptor.sql.BasicBinder      : binding parameter [28] as [VARCHAR] - [null]
2020-06-10 20:38:40.103 TRACE 56553 --- [    Test worker] o.h.type.descriptor.sql.BasicBinder      : binding parameter [29] as [DATE] - [null]
2020-06-10 20:38:40.103 TRACE 56553 --- [    Test worker] o.h.type.descriptor.sql.BasicBinder      : binding parameter [30] as [VARCHAR] - [null]
Hibernate: 
    insert 
    into
        yhteystieto
        (id, version, kieli, organisaatio_id, yhteystieto_oid, coordinatetype, extrarivi, lat, lng, maa, osavaltio, osoite, osoite_tyyppi, postinumero, postitoimipaikka, ytjpaivityspvm, dtype) 
    values
        (null, ?, ?, ?, ?, ?, ?, ?, ?, ?, ?, ?, ?, ?, ?, ?, 'Osoite')
2020-06-10 20:38:40.104 TRACE 56553 --- [    Test worker] o.h.type.descriptor.sql.BasicBinder      : binding parameter [1] as [BIGINT] - [0]
2020-06-10 20:38:40.104 TRACE 56553 --- [    Test worker] o.h.type.descriptor.sql.BasicBinder      : binding parameter [2] as [VARCHAR] - [null]
2020-06-10 20:38:40.104 TRACE 56553 --- [    Test worker] o.h.type.descriptor.sql.BasicBinder      : binding parameter [3] as [BIGINT] - [null]
2020-06-10 20:38:40.104 TRACE 56553 --- [    Test worker] o.h.type.descriptor.sql.BasicBinder      : binding parameter [4] as [VARCHAR] - [ab497c0e-5c74-4887-9e19-011d91102ff1]
2020-06-10 20:38:40.104 TRACE 56553 --- [    Test worker] o.h.type.descriptor.sql.BasicBinder      : binding parameter [5] as [VARCHAR] - [null]
2020-06-10 20:38:40.104 TRACE 56553 --- [    Test worker] o.h.type.descriptor.sql.BasicBinder      : binding parameter [6] as [VARCHAR] - [null]
2020-06-10 20:38:40.104 TRACE 56553 --- [    Test worker] o.h.type.descriptor.sql.BasicBinder      : binding parameter [7] as [DOUBLE] - [null]
2020-06-10 20:38:40.104 TRACE 56553 --- [    Test worker] o.h.type.descriptor.sql.BasicBinder      : binding parameter [8] as [DOUBLE] - [null]
2020-06-10 20:38:40.104 TRACE 56553 --- [    Test worker] o.h.type.descriptor.sql.BasicBinder      : binding parameter [9] as [VARCHAR] - [null]
2020-06-10 20:38:40.104 TRACE 56553 --- [    Test worker] o.h.type.descriptor.sql.BasicBinder      : binding parameter [10] as [VARCHAR] - [null]
2020-06-10 20:38:40.104 TRACE 56553 --- [    Test worker] o.h.type.descriptor.sql.BasicBinder      : binding parameter [11] as [VARCHAR] - [katu]
2020-06-10 20:38:40.104 TRACE 56553 --- [    Test worker] o.h.type.descriptor.sql.BasicBinder      : binding parameter [12] as [VARCHAR] - [kaynti]
2020-06-10 20:38:40.104 TRACE 56553 --- [    Test worker] o.h.type.descriptor.sql.BasicBinder      : binding parameter [13] as [VARCHAR] - [0000]
2020-06-10 20:38:40.104 TRACE 56553 --- [    Test worker] o.h.type.descriptor.sql.BasicBinder      : binding parameter [14] as [VARCHAR] - [Helsinki]
2020-06-10 20:38:40.104 TRACE 56553 --- [    Test worker] o.h.type.descriptor.sql.BasicBinder      : binding parameter [15] as [DATE] - [null]
2020-06-10 20:38:40.105  INFO 56553 --- [    Test worker] .s.o.r.i.OrganisaatioSuhdeRepositoryImpl : addChild(19, 20, null)
Hibernate: 
    insert 
    into
        organisaatiosuhde
        (id, version, alkupvm, child_id, loppupvm, opetuspisteenjarjnro, parent_id, suhdetyyppi) 
    values
        (null, ?, ?, ?, ?, ?, ?, ?)
2020-06-10 20:38:40.106 TRACE 56553 --- [    Test worker] o.h.type.descriptor.sql.BasicBinder      : binding parameter [1] as [BIGINT] - [0]
2020-06-10 20:38:40.106 TRACE 56553 --- [    Test worker] o.h.type.descriptor.sql.BasicBinder      : binding parameter [2] as [DATE] - [Wed Jun 10 20:38:40 EEST 2020]
2020-06-10 20:38:40.106 TRACE 56553 --- [    Test worker] o.h.type.descriptor.sql.BasicBinder      : binding parameter [3] as [BIGINT] - [20]
2020-06-10 20:38:40.106 TRACE 56553 --- [    Test worker] o.h.type.descriptor.sql.BasicBinder      : binding parameter [4] as [DATE] - [null]
2020-06-10 20:38:40.106 TRACE 56553 --- [    Test worker] o.h.type.descriptor.sql.BasicBinder      : binding parameter [5] as [VARCHAR] - [null]
2020-06-10 20:38:40.106 TRACE 56553 --- [    Test worker] o.h.type.descriptor.sql.BasicBinder      : binding parameter [6] as [BIGINT] - [19]
2020-06-10 20:38:40.106 TRACE 56553 --- [    Test worker] o.h.type.descriptor.sql.BasicBinder      : binding parameter [7] as [VARCHAR] - [HISTORIA]
2020-06-10 20:38:40.106  INFO 56553 --- [    Test worker] .s.o.r.i.OrganisaatioSuhdeRepositoryImpl :     Created new child relation:  --> pId=19, cId=20, aPvm=Wed Jun 10 20:38:40 EEST 2020, lPvm=null
2020-06-10 20:38:40.106  INFO 56553 --- [    Test worker] f.v.s.o.r.OrganisaatioRepositoryImplTest : YHTEYSTIEDOT: 1
2020-06-10 20:38:40.106  INFO 56553 --- [    Test worker] f.v.s.o.r.OrganisaatioRepositoryImplTest : PARENTS: 1
2020-06-10 20:38:40.106  INFO 56553 --- [    Test worker] f.v.s.o.r.OrganisaatioRepositoryImplTest : createOrganisaatio(E)
Hibernate: 
    insert 
    into
        monikielinen_teksti
        (id, version) 
    values
        (null, ?)
2020-06-10 20:38:40.107 TRACE 56553 --- [    Test worker] o.h.type.descriptor.sql.BasicBinder      : binding parameter [1] as [BIGINT] - [0]
Hibernate: 
    insert 
    into
        organisaatio
        (id, version, alkupvm, domainnimi, kotipaikka, kuvaus_mkt, lakkautuspvm, maa, metadata_id, nimi_mkt, nimihaku, oid, opetuspisteenjarjnro, oppilaitoskoodi, oppilaitos_tyyppi, organisaatio_poistettu, paivittaja, paivityspvm, parentidpath, parentoidpath, piilotettu, tarkastus_pvm, toimipistekoodi, tuontipvm, varhaiskasvatuksen_toimipaikka_tiedot_id, virastotunnus, yhteishaunkoulukoodi, yritysmuoto, ytj_kieli, ytjpaivityspvm, ytunnus) 
    values
        (null, ?, ?, ?, ?, ?, ?, ?, ?, ?, ?, ?, ?, ?, ?, ?, ?, ?, ?, ?, ?, ?, ?, ?, ?, ?, ?, ?, ?, ?, ?)
2020-06-10 20:38:40.108 TRACE 56553 --- [    Test worker] o.h.type.descriptor.sql.BasicBinder      : binding parameter [1] as [BIGINT] - [0]
2020-06-10 20:38:40.108 TRACE 56553 --- [    Test worker] o.h.type.descriptor.sql.BasicBinder      : binding parameter [2] as [DATE] - [null]
2020-06-10 20:38:40.108 TRACE 56553 --- [    Test worker] o.h.type.descriptor.sql.BasicBinder      : binding parameter [3] as [VARCHAR] - [null]
2020-06-10 20:38:40.108 TRACE 56553 --- [    Test worker] o.h.type.descriptor.sql.BasicBinder      : binding parameter [4] as [VARCHAR] - [null]
2020-06-10 20:38:40.108 TRACE 56553 --- [    Test worker] o.h.type.descriptor.sql.BasicBinder      : binding parameter [5] as [BIGINT] - [null]
2020-06-10 20:38:40.108 TRACE 56553 --- [    Test worker] o.h.type.descriptor.sql.BasicBinder      : binding parameter [6] as [DATE] - [null]
2020-06-10 20:38:40.108 TRACE 56553 --- [    Test worker] o.h.type.descriptor.sql.BasicBinder      : binding parameter [7] as [VARCHAR] - [null]
2020-06-10 20:38:40.108 TRACE 56553 --- [    Test worker] o.h.type.descriptor.sql.BasicBinder      : binding parameter [8] as [BIGINT] - [null]
2020-06-10 20:38:40.108 TRACE 56553 --- [    Test worker] o.h.type.descriptor.sql.BasicBinder      : binding parameter [9] as [BIGINT] - [12]
2020-06-10 20:38:40.108 TRACE 56553 --- [    Test worker] o.h.type.descriptor.sql.BasicBinder      : binding parameter [10] as [VARCHAR] - [null]
2020-06-10 20:38:40.108 TRACE 56553 --- [    Test worker] o.h.type.descriptor.sql.BasicBinder      : binding parameter [11] as [VARCHAR] - [-7423979211207825555]
2020-06-10 20:38:40.108 TRACE 56553 --- [    Test worker] o.h.type.descriptor.sql.BasicBinder      : binding parameter [12] as [VARCHAR] - [null]
2020-06-10 20:38:40.108 TRACE 56553 --- [    Test worker] o.h.type.descriptor.sql.BasicBinder      : binding parameter [13] as [VARCHAR] - [null]
2020-06-10 20:38:40.108 TRACE 56553 --- [    Test worker] o.h.type.descriptor.sql.BasicBinder      : binding parameter [14] as [VARCHAR] - [null]
2020-06-10 20:38:40.108 TRACE 56553 --- [    Test worker] o.h.type.descriptor.sql.BasicBinder      : binding parameter [15] as [BOOLEAN] - [false]
2020-06-10 20:38:40.108 TRACE 56553 --- [    Test worker] o.h.type.descriptor.sql.BasicBinder      : binding parameter [16] as [VARCHAR] - [null]
2020-06-10 20:38:40.109 TRACE 56553 --- [    Test worker] o.h.type.descriptor.sql.BasicBinder      : binding parameter [17] as [TIMESTAMP] - [null]
2020-06-10 20:38:40.109 TRACE 56553 --- [    Test worker] o.h.type.descriptor.sql.BasicBinder      : binding parameter [18] as [VARCHAR] - [null]
2020-06-10 20:38:40.109 TRACE 56553 --- [    Test worker] o.h.type.descriptor.sql.BasicBinder      : binding parameter [19] as [VARCHAR] - [null]
2020-06-10 20:38:40.109 TRACE 56553 --- [    Test worker] o.h.type.descriptor.sql.BasicBinder      : binding parameter [20] as [BOOLEAN] - [false]
2020-06-10 20:38:40.109 TRACE 56553 --- [    Test worker] o.h.type.descriptor.sql.BasicBinder      : binding parameter [21] as [TIMESTAMP] - [null]
2020-06-10 20:38:40.109 TRACE 56553 --- [    Test worker] o.h.type.descriptor.sql.BasicBinder      : binding parameter [22] as [VARCHAR] - [null]
2020-06-10 20:38:40.109 TRACE 56553 --- [    Test worker] o.h.type.descriptor.sql.BasicBinder      : binding parameter [23] as [TIMESTAMP] - [null]
2020-06-10 20:38:40.109 TRACE 56553 --- [    Test worker] o.h.type.descriptor.sql.BasicBinder      : binding parameter [24] as [BIGINT] - [null]
2020-06-10 20:38:40.109 TRACE 56553 --- [    Test worker] o.h.type.descriptor.sql.BasicBinder      : binding parameter [25] as [VARCHAR] - [null]
2020-06-10 20:38:40.109 TRACE 56553 --- [    Test worker] o.h.type.descriptor.sql.BasicBinder      : binding parameter [26] as [VARCHAR] - [null]
2020-06-10 20:38:40.109 TRACE 56553 --- [    Test worker] o.h.type.descriptor.sql.BasicBinder      : binding parameter [27] as [VARCHAR] - [null]
2020-06-10 20:38:40.109 TRACE 56553 --- [    Test worker] o.h.type.descriptor.sql.BasicBinder      : binding parameter [28] as [VARCHAR] - [null]
2020-06-10 20:38:40.109 TRACE 56553 --- [    Test worker] o.h.type.descriptor.sql.BasicBinder      : binding parameter [29] as [DATE] - [null]
2020-06-10 20:38:40.109 TRACE 56553 --- [    Test worker] o.h.type.descriptor.sql.BasicBinder      : binding parameter [30] as [VARCHAR] - [null]
Hibernate: 
    insert 
    into
        yhteystieto
        (id, version, kieli, organisaatio_id, yhteystieto_oid, coordinatetype, extrarivi, lat, lng, maa, osavaltio, osoite, osoite_tyyppi, postinumero, postitoimipaikka, ytjpaivityspvm, dtype) 
    values
        (null, ?, ?, ?, ?, ?, ?, ?, ?, ?, ?, ?, ?, ?, ?, ?, 'Osoite')
2020-06-10 20:38:40.110 TRACE 56553 --- [    Test worker] o.h.type.descriptor.sql.BasicBinder      : binding parameter [1] as [BIGINT] - [0]
2020-06-10 20:38:40.110 TRACE 56553 --- [    Test worker] o.h.type.descriptor.sql.BasicBinder      : binding parameter [2] as [VARCHAR] - [null]
2020-06-10 20:38:40.110 TRACE 56553 --- [    Test worker] o.h.type.descriptor.sql.BasicBinder      : binding parameter [3] as [BIGINT] - [null]
2020-06-10 20:38:40.110 TRACE 56553 --- [    Test worker] o.h.type.descriptor.sql.BasicBinder      : binding parameter [4] as [VARCHAR] - [7c8ec7ea-1690-4aaa-804d-b4c5256ea927]
2020-06-10 20:38:40.110 TRACE 56553 --- [    Test worker] o.h.type.descriptor.sql.BasicBinder      : binding parameter [5] as [VARCHAR] - [null]
2020-06-10 20:38:40.110 TRACE 56553 --- [    Test worker] o.h.type.descriptor.sql.BasicBinder      : binding parameter [6] as [VARCHAR] - [null]
2020-06-10 20:38:40.110 TRACE 56553 --- [    Test worker] o.h.type.descriptor.sql.BasicBinder      : binding parameter [7] as [DOUBLE] - [null]
2020-06-10 20:38:40.110 TRACE 56553 --- [    Test worker] o.h.type.descriptor.sql.BasicBinder      : binding parameter [8] as [DOUBLE] - [null]
2020-06-10 20:38:40.110 TRACE 56553 --- [    Test worker] o.h.type.descriptor.sql.BasicBinder      : binding parameter [9] as [VARCHAR] - [null]
2020-06-10 20:38:40.111 TRACE 56553 --- [    Test worker] o.h.type.descriptor.sql.BasicBinder      : binding parameter [10] as [VARCHAR] - [null]
2020-06-10 20:38:40.111 TRACE 56553 --- [    Test worker] o.h.type.descriptor.sql.BasicBinder      : binding parameter [11] as [VARCHAR] - [katu]
2020-06-10 20:38:40.111 TRACE 56553 --- [    Test worker] o.h.type.descriptor.sql.BasicBinder      : binding parameter [12] as [VARCHAR] - [kaynti]
2020-06-10 20:38:40.111 TRACE 56553 --- [    Test worker] o.h.type.descriptor.sql.BasicBinder      : binding parameter [13] as [VARCHAR] - [0000]
2020-06-10 20:38:40.111 TRACE 56553 --- [    Test worker] o.h.type.descriptor.sql.BasicBinder      : binding parameter [14] as [VARCHAR] - [Helsinki]
2020-06-10 20:38:40.111 TRACE 56553 --- [    Test worker] o.h.type.descriptor.sql.BasicBinder      : binding parameter [15] as [DATE] - [null]
2020-06-10 20:38:40.111  INFO 56553 --- [    Test worker] .s.o.r.i.OrganisaatioSuhdeRepositoryImpl : addChild(20, 21, null)
Hibernate: 
    insert 
    into
        organisaatiosuhde
        (id, version, alkupvm, child_id, loppupvm, opetuspisteenjarjnro, parent_id, suhdetyyppi) 
    values
        (null, ?, ?, ?, ?, ?, ?, ?)
2020-06-10 20:38:40.112 TRACE 56553 --- [    Test worker] o.h.type.descriptor.sql.BasicBinder      : binding parameter [1] as [BIGINT] - [0]
2020-06-10 20:38:40.112 TRACE 56553 --- [    Test worker] o.h.type.descriptor.sql.BasicBinder      : binding parameter [2] as [DATE] - [Wed Jun 10 20:38:40 EEST 2020]
2020-06-10 20:38:40.112 TRACE 56553 --- [    Test worker] o.h.type.descriptor.sql.BasicBinder      : binding parameter [3] as [BIGINT] - [21]
2020-06-10 20:38:40.112 TRACE 56553 --- [    Test worker] o.h.type.descriptor.sql.BasicBinder      : binding parameter [4] as [DATE] - [null]
2020-06-10 20:38:40.112 TRACE 56553 --- [    Test worker] o.h.type.descriptor.sql.BasicBinder      : binding parameter [5] as [VARCHAR] - [null]
2020-06-10 20:38:40.112 TRACE 56553 --- [    Test worker] o.h.type.descriptor.sql.BasicBinder      : binding parameter [6] as [BIGINT] - [20]
2020-06-10 20:38:40.112 TRACE 56553 --- [    Test worker] o.h.type.descriptor.sql.BasicBinder      : binding parameter [7] as [VARCHAR] - [HISTORIA]
2020-06-10 20:38:40.113  INFO 56553 --- [    Test worker] .s.o.r.i.OrganisaatioSuhdeRepositoryImpl :     Created new child relation:  --> pId=20, cId=21, aPvm=Wed Jun 10 20:38:40 EEST 2020, lPvm=null
2020-06-10 20:38:40.113  INFO 56553 --- [    Test worker] f.v.s.o.r.OrganisaatioRepositoryImplTest : YHTEYSTIEDOT: 1
2020-06-10 20:38:40.113  INFO 56553 --- [    Test worker] f.v.s.o.r.OrganisaatioRepositoryImplTest : PARENTS: 1
Hibernate: 
    update
        organisaatio 
    set
        version=?,
        alkupvm=?,
        domainnimi=?,
        kotipaikka=?,
        kuvaus_mkt=?,
        lakkautuspvm=?,
        maa=?,
        metadata_id=?,
        nimi_mkt=?,
        nimihaku=?,
        oid=?,
        opetuspisteenjarjnro=?,
        oppilaitoskoodi=?,
        oppilaitos_tyyppi=?,
        organisaatio_poistettu=?,
        paivittaja=?,
        paivityspvm=?,
        parentidpath=?,
        parentoidpath=?,
        piilotettu=?,
        tarkastus_pvm=?,
        toimipistekoodi=?,
        tuontipvm=?,
        varhaiskasvatuksen_toimipaikka_tiedot_id=?,
        virastotunnus=?,
        yhteishaunkoulukoodi=?,
        yritysmuoto=?,
        ytj_kieli=?,
        ytjpaivityspvm=?,
        ytunnus=? 
    where
        id=? 
        and version=?
2020-06-10 20:38:40.120 TRACE 56553 --- [    Test worker] o.h.type.descriptor.sql.BasicBinder      : binding parameter [1] as [BIGINT] - [1]
2020-06-10 20:38:40.120 TRACE 56553 --- [    Test worker] o.h.type.descriptor.sql.BasicBinder      : binding parameter [2] as [DATE] - [null]
2020-06-10 20:38:40.120 TRACE 56553 --- [    Test worker] o.h.type.descriptor.sql.BasicBinder      : binding parameter [3] as [VARCHAR] - [null]
2020-06-10 20:38:40.120 TRACE 56553 --- [    Test worker] o.h.type.descriptor.sql.BasicBinder      : binding parameter [4] as [VARCHAR] - [null]
2020-06-10 20:38:40.120 TRACE 56553 --- [    Test worker] o.h.type.descriptor.sql.BasicBinder      : binding parameter [5] as [BIGINT] - [null]
2020-06-10 20:38:40.120 TRACE 56553 --- [    Test worker] o.h.type.descriptor.sql.BasicBinder      : binding parameter [6] as [DATE] - [null]
2020-06-10 20:38:40.120 TRACE 56553 --- [    Test worker] o.h.type.descriptor.sql.BasicBinder      : binding parameter [7] as [VARCHAR] - [null]
2020-06-10 20:38:40.120 TRACE 56553 --- [    Test worker] o.h.type.descriptor.sql.BasicBinder      : binding parameter [8] as [BIGINT] - [null]
2020-06-10 20:38:40.120 TRACE 56553 --- [    Test worker] o.h.type.descriptor.sql.BasicBinder      : binding parameter [9] as [BIGINT] - [9]
2020-06-10 20:38:40.120 TRACE 56553 --- [    Test worker] o.h.type.descriptor.sql.BasicBinder      : binding parameter [10] as [VARCHAR] - [null]
2020-06-10 20:38:40.120 TRACE 56553 --- [    Test worker] o.h.type.descriptor.sql.BasicBinder      : binding parameter [11] as [VARCHAR] - [4437113781045784766]
2020-06-10 20:38:40.120 TRACE 56553 --- [    Test worker] o.h.type.descriptor.sql.BasicBinder      : binding parameter [12] as [VARCHAR] - [null]
2020-06-10 20:38:40.120 TRACE 56553 --- [    Test worker] o.h.type.descriptor.sql.BasicBinder      : binding parameter [13] as [VARCHAR] - [null]
2020-06-10 20:38:40.120 TRACE 56553 --- [    Test worker] o.h.type.descriptor.sql.BasicBinder      : binding parameter [14] as [VARCHAR] - [null]
2020-06-10 20:38:40.120 TRACE 56553 --- [    Test worker] o.h.type.descriptor.sql.BasicBinder      : binding parameter [15] as [BOOLEAN] - [false]
2020-06-10 20:38:40.120 TRACE 56553 --- [    Test worker] o.h.type.descriptor.sql.BasicBinder      : binding parameter [16] as [VARCHAR] - [null]
2020-06-10 20:38:40.120 TRACE 56553 --- [    Test worker] o.h.type.descriptor.sql.BasicBinder      : binding parameter [17] as [TIMESTAMP] - [null]
2020-06-10 20:38:40.120 TRACE 56553 --- [    Test worker] o.h.type.descriptor.sql.BasicBinder      : binding parameter [18] as [VARCHAR] - [|17|]
2020-06-10 20:38:40.121 TRACE 56553 --- [    Test worker] o.h.type.descriptor.sql.BasicBinder      : binding parameter [19] as [VARCHAR] - [|-4962768465676381896|]
2020-06-10 20:38:40.121 TRACE 56553 --- [    Test worker] o.h.type.descriptor.sql.BasicBinder      : binding parameter [20] as [BOOLEAN] - [false]
2020-06-10 20:38:40.121 TRACE 56553 --- [    Test worker] o.h.type.descriptor.sql.BasicBinder      : binding parameter [21] as [TIMESTAMP] - [null]
2020-06-10 20:38:40.121 TRACE 56553 --- [    Test worker] o.h.type.descriptor.sql.BasicBinder      : binding parameter [22] as [VARCHAR] - [null]
2020-06-10 20:38:40.121 TRACE 56553 --- [    Test worker] o.h.type.descriptor.sql.BasicBinder      : binding parameter [23] as [TIMESTAMP] - [null]
2020-06-10 20:38:40.121 TRACE 56553 --- [    Test worker] o.h.type.descriptor.sql.BasicBinder      : binding parameter [24] as [BIGINT] - [null]
2020-06-10 20:38:40.121 TRACE 56553 --- [    Test worker] o.h.type.descriptor.sql.BasicBinder      : binding parameter [25] as [VARCHAR] - [null]
2020-06-10 20:38:40.121 TRACE 56553 --- [    Test worker] o.h.type.descriptor.sql.BasicBinder      : binding parameter [26] as [VARCHAR] - [null]
2020-06-10 20:38:40.121 TRACE 56553 --- [    Test worker] o.h.type.descriptor.sql.BasicBinder      : binding parameter [27] as [VARCHAR] - [null]
2020-06-10 20:38:40.121 TRACE 56553 --- [    Test worker] o.h.type.descriptor.sql.BasicBinder      : binding parameter [28] as [VARCHAR] - [null]
2020-06-10 20:38:40.121 TRACE 56553 --- [    Test worker] o.h.type.descriptor.sql.BasicBinder      : binding parameter [29] as [DATE] - [null]
2020-06-10 20:38:40.121 TRACE 56553 --- [    Test worker] o.h.type.descriptor.sql.BasicBinder      : binding parameter [30] as [VARCHAR] - [null]
2020-06-10 20:38:40.121 TRACE 56553 --- [    Test worker] o.h.type.descriptor.sql.BasicBinder      : binding parameter [31] as [BIGINT] - [18]
2020-06-10 20:38:40.121 TRACE 56553 --- [    Test worker] o.h.type.descriptor.sql.BasicBinder      : binding parameter [32] as [BIGINT] - [0]
Hibernate: 
    update
        organisaatio 
    set
        version=?,
        alkupvm=?,
        domainnimi=?,
        kotipaikka=?,
        kuvaus_mkt=?,
        lakkautuspvm=?,
        maa=?,
        metadata_id=?,
        nimi_mkt=?,
        nimihaku=?,
        oid=?,
        opetuspisteenjarjnro=?,
        oppilaitoskoodi=?,
        oppilaitos_tyyppi=?,
        organisaatio_poistettu=?,
        paivittaja=?,
        paivityspvm=?,
        parentidpath=?,
        parentoidpath=?,
        piilotettu=?,
        tarkastus_pvm=?,
        toimipistekoodi=?,
        tuontipvm=?,
        varhaiskasvatuksen_toimipaikka_tiedot_id=?,
        virastotunnus=?,
        yhteishaunkoulukoodi=?,
        yritysmuoto=?,
        ytj_kieli=?,
        ytjpaivityspvm=?,
        ytunnus=? 
    where
        id=? 
        and version=?
2020-06-10 20:38:40.122 TRACE 56553 --- [    Test worker] o.h.type.descriptor.sql.BasicBinder      : binding parameter [1] as [BIGINT] - [1]
2020-06-10 20:38:40.122 TRACE 56553 --- [    Test worker] o.h.type.descriptor.sql.BasicBinder      : binding parameter [2] as [DATE] - [null]
2020-06-10 20:38:40.122 TRACE 56553 --- [    Test worker] o.h.type.descriptor.sql.BasicBinder      : binding parameter [3] as [VARCHAR] - [null]
2020-06-10 20:38:40.122 TRACE 56553 --- [    Test worker] o.h.type.descriptor.sql.BasicBinder      : binding parameter [4] as [VARCHAR] - [null]
2020-06-10 20:38:40.122 TRACE 56553 --- [    Test worker] o.h.type.descriptor.sql.BasicBinder      : binding parameter [5] as [BIGINT] - [null]
2020-06-10 20:38:40.122 TRACE 56553 --- [    Test worker] o.h.type.descriptor.sql.BasicBinder      : binding parameter [6] as [DATE] - [null]
2020-06-10 20:38:40.122 TRACE 56553 --- [    Test worker] o.h.type.descriptor.sql.BasicBinder      : binding parameter [7] as [VARCHAR] - [null]
2020-06-10 20:38:40.122 TRACE 56553 --- [    Test worker] o.h.type.descriptor.sql.BasicBinder      : binding parameter [8] as [BIGINT] - [null]
2020-06-10 20:38:40.122 TRACE 56553 --- [    Test worker] o.h.type.descriptor.sql.BasicBinder      : binding parameter [9] as [BIGINT] - [10]
2020-06-10 20:38:40.122 TRACE 56553 --- [    Test worker] o.h.type.descriptor.sql.BasicBinder      : binding parameter [10] as [VARCHAR] - [null]
2020-06-10 20:38:40.122 TRACE 56553 --- [    Test worker] o.h.type.descriptor.sql.BasicBinder      : binding parameter [11] as [VARCHAR] - [-6688467811848818630]
2020-06-10 20:38:40.122 TRACE 56553 --- [    Test worker] o.h.type.descriptor.sql.BasicBinder      : binding parameter [12] as [VARCHAR] - [null]
2020-06-10 20:38:40.122 TRACE 56553 --- [    Test worker] o.h.type.descriptor.sql.BasicBinder      : binding parameter [13] as [VARCHAR] - [null]
2020-06-10 20:38:40.122 TRACE 56553 --- [    Test worker] o.h.type.descriptor.sql.BasicBinder      : binding parameter [14] as [VARCHAR] - [null]
2020-06-10 20:38:40.122 TRACE 56553 --- [    Test worker] o.h.type.descriptor.sql.BasicBinder      : binding parameter [15] as [BOOLEAN] - [false]
2020-06-10 20:38:40.122 TRACE 56553 --- [    Test worker] o.h.type.descriptor.sql.BasicBinder      : binding parameter [16] as [VARCHAR] - [null]
2020-06-10 20:38:40.122 TRACE 56553 --- [    Test worker] o.h.type.descriptor.sql.BasicBinder      : binding parameter [17] as [TIMESTAMP] - [null]
2020-06-10 20:38:40.122 TRACE 56553 --- [    Test worker] o.h.type.descriptor.sql.BasicBinder      : binding parameter [18] as [VARCHAR] - [|17|18|]
2020-06-10 20:38:40.122 TRACE 56553 --- [    Test worker] o.h.type.descriptor.sql.BasicBinder      : binding parameter [19] as [VARCHAR] - [|-4962768465676381896|4437113781045784766|]
2020-06-10 20:38:40.123 TRACE 56553 --- [    Test worker] o.h.type.descriptor.sql.BasicBinder      : binding parameter [20] as [BOOLEAN] - [false]
2020-06-10 20:38:40.123 TRACE 56553 --- [    Test worker] o.h.type.descriptor.sql.BasicBinder      : binding parameter [21] as [TIMESTAMP] - [null]
2020-06-10 20:38:40.123 TRACE 56553 --- [    Test worker] o.h.type.descriptor.sql.BasicBinder      : binding parameter [22] as [VARCHAR] - [null]
2020-06-10 20:38:40.123 TRACE 56553 --- [    Test worker] o.h.type.descriptor.sql.BasicBinder      : binding parameter [23] as [TIMESTAMP] - [null]
2020-06-10 20:38:40.123 TRACE 56553 --- [    Test worker] o.h.type.descriptor.sql.BasicBinder      : binding parameter [24] as [BIGINT] - [null]
2020-06-10 20:38:40.123 TRACE 56553 --- [    Test worker] o.h.type.descriptor.sql.BasicBinder      : binding parameter [25] as [VARCHAR] - [null]
2020-06-10 20:38:40.123 TRACE 56553 --- [    Test worker] o.h.type.descriptor.sql.BasicBinder      : binding parameter [26] as [VARCHAR] - [null]
2020-06-10 20:38:40.123 TRACE 56553 --- [    Test worker] o.h.type.descriptor.sql.BasicBinder      : binding parameter [27] as [VARCHAR] - [null]
2020-06-10 20:38:40.123 TRACE 56553 --- [    Test worker] o.h.type.descriptor.sql.BasicBinder      : binding parameter [28] as [VARCHAR] - [null]
2020-06-10 20:38:40.123 TRACE 56553 --- [    Test worker] o.h.type.descriptor.sql.BasicBinder      : binding parameter [29] as [DATE] - [null]
2020-06-10 20:38:40.123 TRACE 56553 --- [    Test worker] o.h.type.descriptor.sql.BasicBinder      : binding parameter [30] as [VARCHAR] - [null]
2020-06-10 20:38:40.123 TRACE 56553 --- [    Test worker] o.h.type.descriptor.sql.BasicBinder      : binding parameter [31] as [BIGINT] - [19]
2020-06-10 20:38:40.123 TRACE 56553 --- [    Test worker] o.h.type.descriptor.sql.BasicBinder      : binding parameter [32] as [BIGINT] - [0]
Hibernate: 
    update
        organisaatio 
    set
        version=?,
        alkupvm=?,
        domainnimi=?,
        kotipaikka=?,
        kuvaus_mkt=?,
        lakkautuspvm=?,
        maa=?,
        metadata_id=?,
        nimi_mkt=?,
        nimihaku=?,
        oid=?,
        opetuspisteenjarjnro=?,
        oppilaitoskoodi=?,
        oppilaitos_tyyppi=?,
        organisaatio_poistettu=?,
        paivittaja=?,
        paivityspvm=?,
        parentidpath=?,
        parentoidpath=?,
        piilotettu=?,
        tarkastus_pvm=?,
        toimipistekoodi=?,
        tuontipvm=?,
        varhaiskasvatuksen_toimipaikka_tiedot_id=?,
        virastotunnus=?,
        yhteishaunkoulukoodi=?,
        yritysmuoto=?,
        ytj_kieli=?,
        ytjpaivityspvm=?,
        ytunnus=? 
    where
        id=? 
        and version=?
2020-06-10 20:38:40.124 TRACE 56553 --- [    Test worker] o.h.type.descriptor.sql.BasicBinder      : binding parameter [1] as [BIGINT] - [1]
2020-06-10 20:38:40.124 TRACE 56553 --- [    Test worker] o.h.type.descriptor.sql.BasicBinder      : binding parameter [2] as [DATE] - [null]
2020-06-10 20:38:40.124 TRACE 56553 --- [    Test worker] o.h.type.descriptor.sql.BasicBinder      : binding parameter [3] as [VARCHAR] - [null]
2020-06-10 20:38:40.124 TRACE 56553 --- [    Test worker] o.h.type.descriptor.sql.BasicBinder      : binding parameter [4] as [VARCHAR] - [null]
2020-06-10 20:38:40.124 TRACE 56553 --- [    Test worker] o.h.type.descriptor.sql.BasicBinder      : binding parameter [5] as [BIGINT] - [null]
2020-06-10 20:38:40.124 TRACE 56553 --- [    Test worker] o.h.type.descriptor.sql.BasicBinder      : binding parameter [6] as [DATE] - [null]
2020-06-10 20:38:40.124 TRACE 56553 --- [    Test worker] o.h.type.descriptor.sql.BasicBinder      : binding parameter [7] as [VARCHAR] - [null]
2020-06-10 20:38:40.124 TRACE 56553 --- [    Test worker] o.h.type.descriptor.sql.BasicBinder      : binding parameter [8] as [BIGINT] - [null]
2020-06-10 20:38:40.124 TRACE 56553 --- [    Test worker] o.h.type.descriptor.sql.BasicBinder      : binding parameter [9] as [BIGINT] - [11]
2020-06-10 20:38:40.124 TRACE 56553 --- [    Test worker] o.h.type.descriptor.sql.BasicBinder      : binding parameter [10] as [VARCHAR] - [null]
2020-06-10 20:38:40.124 TRACE 56553 --- [    Test worker] o.h.type.descriptor.sql.BasicBinder      : binding parameter [11] as [VARCHAR] - [-8292973307042192125]
2020-06-10 20:38:40.124 TRACE 56553 --- [    Test worker] o.h.type.descriptor.sql.BasicBinder      : binding parameter [12] as [VARCHAR] - [null]
2020-06-10 20:38:40.124 TRACE 56553 --- [    Test worker] o.h.type.descriptor.sql.BasicBinder      : binding parameter [13] as [VARCHAR] - [null]
2020-06-10 20:38:40.124 TRACE 56553 --- [    Test worker] o.h.type.descriptor.sql.BasicBinder      : binding parameter [14] as [VARCHAR] - [null]
2020-06-10 20:38:40.124 TRACE 56553 --- [    Test worker] o.h.type.descriptor.sql.BasicBinder      : binding parameter [15] as [BOOLEAN] - [false]
2020-06-10 20:38:40.124 TRACE 56553 --- [    Test worker] o.h.type.descriptor.sql.BasicBinder      : binding parameter [16] as [VARCHAR] - [null]
2020-06-10 20:38:40.124 TRACE 56553 --- [    Test worker] o.h.type.descriptor.sql.BasicBinder      : binding parameter [17] as [TIMESTAMP] - [null]
2020-06-10 20:38:40.124 TRACE 56553 --- [    Test worker] o.h.type.descriptor.sql.BasicBinder      : binding parameter [18] as [VARCHAR] - [|17|18|19|]
2020-06-10 20:38:40.124 TRACE 56553 --- [    Test worker] o.h.type.descriptor.sql.BasicBinder      : binding parameter [19] as [VARCHAR] - [|-4962768465676381896|4437113781045784766|-6688467811848818630|]
2020-06-10 20:38:40.125 TRACE 56553 --- [    Test worker] o.h.type.descriptor.sql.BasicBinder      : binding parameter [20] as [BOOLEAN] - [false]
2020-06-10 20:38:40.125 TRACE 56553 --- [    Test worker] o.h.type.descriptor.sql.BasicBinder      : binding parameter [21] as [TIMESTAMP] - [null]
2020-06-10 20:38:40.125 TRACE 56553 --- [    Test worker] o.h.type.descriptor.sql.BasicBinder      : binding parameter [22] as [VARCHAR] - [null]
2020-06-10 20:38:40.125 TRACE 56553 --- [    Test worker] o.h.type.descriptor.sql.BasicBinder      : binding parameter [23] as [TIMESTAMP] - [null]
2020-06-10 20:38:40.125 TRACE 56553 --- [    Test worker] o.h.type.descriptor.sql.BasicBinder      : binding parameter [24] as [BIGINT] - [null]
2020-06-10 20:38:40.125 TRACE 56553 --- [    Test worker] o.h.type.descriptor.sql.BasicBinder      : binding parameter [25] as [VARCHAR] - [null]
2020-06-10 20:38:40.125 TRACE 56553 --- [    Test worker] o.h.type.descriptor.sql.BasicBinder      : binding parameter [26] as [VARCHAR] - [null]
2020-06-10 20:38:40.125 TRACE 56553 --- [    Test worker] o.h.type.descriptor.sql.BasicBinder      : binding parameter [27] as [VARCHAR] - [null]
2020-06-10 20:38:40.125 TRACE 56553 --- [    Test worker] o.h.type.descriptor.sql.BasicBinder      : binding parameter [28] as [VARCHAR] - [null]
2020-06-10 20:38:40.125 TRACE 56553 --- [    Test worker] o.h.type.descriptor.sql.BasicBinder      : binding parameter [29] as [DATE] - [null]
2020-06-10 20:38:40.125 TRACE 56553 --- [    Test worker] o.h.type.descriptor.sql.BasicBinder      : binding parameter [30] as [VARCHAR] - [null]
2020-06-10 20:38:40.125 TRACE 56553 --- [    Test worker] o.h.type.descriptor.sql.BasicBinder      : binding parameter [31] as [BIGINT] - [20]
2020-06-10 20:38:40.125 TRACE 56553 --- [    Test worker] o.h.type.descriptor.sql.BasicBinder      : binding parameter [32] as [BIGINT] - [0]
Hibernate: 
    update
        organisaatio 
    set
        version=?,
        alkupvm=?,
        domainnimi=?,
        kotipaikka=?,
        kuvaus_mkt=?,
        lakkautuspvm=?,
        maa=?,
        metadata_id=?,
        nimi_mkt=?,
        nimihaku=?,
        oid=?,
        opetuspisteenjarjnro=?,
        oppilaitoskoodi=?,
        oppilaitos_tyyppi=?,
        organisaatio_poistettu=?,
        paivittaja=?,
        paivityspvm=?,
        parentidpath=?,
        parentoidpath=?,
        piilotettu=?,
        tarkastus_pvm=?,
        toimipistekoodi=?,
        tuontipvm=?,
        varhaiskasvatuksen_toimipaikka_tiedot_id=?,
        virastotunnus=?,
        yhteishaunkoulukoodi=?,
        yritysmuoto=?,
        ytj_kieli=?,
        ytjpaivityspvm=?,
        ytunnus=? 
    where
        id=? 
        and version=?
2020-06-10 20:38:40.126 TRACE 56553 --- [    Test worker] o.h.type.descriptor.sql.BasicBinder      : binding parameter [1] as [BIGINT] - [1]
2020-06-10 20:38:40.126 TRACE 56553 --- [    Test worker] o.h.type.descriptor.sql.BasicBinder      : binding parameter [2] as [DATE] - [null]
2020-06-10 20:38:40.126 TRACE 56553 --- [    Test worker] o.h.type.descriptor.sql.BasicBinder      : binding parameter [3] as [VARCHAR] - [null]
2020-06-10 20:38:40.126 TRACE 56553 --- [    Test worker] o.h.type.descriptor.sql.BasicBinder      : binding parameter [4] as [VARCHAR] - [null]
2020-06-10 20:38:40.126 TRACE 56553 --- [    Test worker] o.h.type.descriptor.sql.BasicBinder      : binding parameter [5] as [BIGINT] - [null]
2020-06-10 20:38:40.126 TRACE 56553 --- [    Test worker] o.h.type.descriptor.sql.BasicBinder      : binding parameter [6] as [DATE] - [null]
2020-06-10 20:38:40.126 TRACE 56553 --- [    Test worker] o.h.type.descriptor.sql.BasicBinder      : binding parameter [7] as [VARCHAR] - [null]
2020-06-10 20:38:40.126 TRACE 56553 --- [    Test worker] o.h.type.descriptor.sql.BasicBinder      : binding parameter [8] as [BIGINT] - [null]
2020-06-10 20:38:40.126 TRACE 56553 --- [    Test worker] o.h.type.descriptor.sql.BasicBinder      : binding parameter [9] as [BIGINT] - [12]
2020-06-10 20:38:40.126 TRACE 56553 --- [    Test worker] o.h.type.descriptor.sql.BasicBinder      : binding parameter [10] as [VARCHAR] - [null]
2020-06-10 20:38:40.126 TRACE 56553 --- [    Test worker] o.h.type.descriptor.sql.BasicBinder      : binding parameter [11] as [VARCHAR] - [-7423979211207825555]
2020-06-10 20:38:40.127 TRACE 56553 --- [    Test worker] o.h.type.descriptor.sql.BasicBinder      : binding parameter [12] as [VARCHAR] - [null]
2020-06-10 20:38:40.127 TRACE 56553 --- [    Test worker] o.h.type.descriptor.sql.BasicBinder      : binding parameter [13] as [VARCHAR] - [null]
2020-06-10 20:38:40.127 TRACE 56553 --- [    Test worker] o.h.type.descriptor.sql.BasicBinder      : binding parameter [14] as [VARCHAR] - [null]
2020-06-10 20:38:40.127 TRACE 56553 --- [    Test worker] o.h.type.descriptor.sql.BasicBinder      : binding parameter [15] as [BOOLEAN] - [false]
2020-06-10 20:38:40.127 TRACE 56553 --- [    Test worker] o.h.type.descriptor.sql.BasicBinder      : binding parameter [16] as [VARCHAR] - [null]
2020-06-10 20:38:40.127 TRACE 56553 --- [    Test worker] o.h.type.descriptor.sql.BasicBinder      : binding parameter [17] as [TIMESTAMP] - [null]
2020-06-10 20:38:40.127 TRACE 56553 --- [    Test worker] o.h.type.descriptor.sql.BasicBinder      : binding parameter [18] as [VARCHAR] - [|17|18|19|20|]
2020-06-10 20:38:40.127 TRACE 56553 --- [    Test worker] o.h.type.descriptor.sql.BasicBinder      : binding parameter [19] as [VARCHAR] - [|-4962768465676381896|4437113781045784766|-6688467811848818630|-8292973307042192125|]
2020-06-10 20:38:40.127 TRACE 56553 --- [    Test worker] o.h.type.descriptor.sql.BasicBinder      : binding parameter [20] as [BOOLEAN] - [false]
2020-06-10 20:38:40.127 TRACE 56553 --- [    Test worker] o.h.type.descriptor.sql.BasicBinder      : binding parameter [21] as [TIMESTAMP] - [null]
2020-06-10 20:38:40.127 TRACE 56553 --- [    Test worker] o.h.type.descriptor.sql.BasicBinder      : binding parameter [22] as [VARCHAR] - [null]
2020-06-10 20:38:40.127 TRACE 56553 --- [    Test worker] o.h.type.descriptor.sql.BasicBinder      : binding parameter [23] as [TIMESTAMP] - [null]
2020-06-10 20:38:40.127 TRACE 56553 --- [    Test worker] o.h.type.descriptor.sql.BasicBinder      : binding parameter [24] as [BIGINT] - [null]
2020-06-10 20:38:40.127 TRACE 56553 --- [    Test worker] o.h.type.descriptor.sql.BasicBinder      : binding parameter [25] as [VARCHAR] - [null]
2020-06-10 20:38:40.127 TRACE 56553 --- [    Test worker] o.h.type.descriptor.sql.BasicBinder      : binding parameter [26] as [VARCHAR] - [null]
2020-06-10 20:38:40.127 TRACE 56553 --- [    Test worker] o.h.type.descriptor.sql.BasicBinder      : binding parameter [27] as [VARCHAR] - [null]
2020-06-10 20:38:40.127 TRACE 56553 --- [    Test worker] o.h.type.descriptor.sql.BasicBinder      : binding parameter [28] as [VARCHAR] - [null]
2020-06-10 20:38:40.128 TRACE 56553 --- [    Test worker] o.h.type.descriptor.sql.BasicBinder      : binding parameter [29] as [DATE] - [null]
2020-06-10 20:38:40.128 TRACE 56553 --- [    Test worker] o.h.type.descriptor.sql.BasicBinder      : binding parameter [30] as [VARCHAR] - [null]
2020-06-10 20:38:40.128 TRACE 56553 --- [    Test worker] o.h.type.descriptor.sql.BasicBinder      : binding parameter [31] as [BIGINT] - [21]
2020-06-10 20:38:40.128 TRACE 56553 --- [    Test worker] o.h.type.descriptor.sql.BasicBinder      : binding parameter [32] as [BIGINT] - [0]
Hibernate: 
    insert 
    into
        monikielinen_teksti_values
        (id, key, value) 
    values
        (?, ?, ?)
2020-06-10 20:38:40.128 TRACE 56553 --- [    Test worker] o.h.type.descriptor.sql.BasicBinder      : binding parameter [1] as [BIGINT] - [8]
2020-06-10 20:38:40.128 TRACE 56553 --- [    Test worker] o.h.type.descriptor.sql.BasicBinder      : binding parameter [2] as [VARCHAR] - [FI]
2020-06-10 20:38:40.128 TRACE 56553 --- [    Test worker] o.h.type.descriptor.sql.BasicBinder      : binding parameter [3] as [VARCHAR] - [A]
Hibernate: 
    insert 
    into
        monikielinen_teksti_values
        (id, key, value) 
    values
        (?, ?, ?)
2020-06-10 20:38:40.129 TRACE 56553 --- [    Test worker] o.h.type.descriptor.sql.BasicBinder      : binding parameter [1] as [BIGINT] - [9]
2020-06-10 20:38:40.129 TRACE 56553 --- [    Test worker] o.h.type.descriptor.sql.BasicBinder      : binding parameter [2] as [VARCHAR] - [FI]
2020-06-10 20:38:40.129 TRACE 56553 --- [    Test worker] o.h.type.descriptor.sql.BasicBinder      : binding parameter [3] as [VARCHAR] - [B]
Hibernate: 
    insert 
    into
        monikielinen_teksti_values
        (id, key, value) 
    values
        (?, ?, ?)
2020-06-10 20:38:40.129 TRACE 56553 --- [    Test worker] o.h.type.descriptor.sql.BasicBinder      : binding parameter [1] as [BIGINT] - [10]
2020-06-10 20:38:40.129 TRACE 56553 --- [    Test worker] o.h.type.descriptor.sql.BasicBinder      : binding parameter [2] as [VARCHAR] - [FI]
2020-06-10 20:38:40.129 TRACE 56553 --- [    Test worker] o.h.type.descriptor.sql.BasicBinder      : binding parameter [3] as [VARCHAR] - [C]
Hibernate: 
    insert 
    into
        monikielinen_teksti_values
        (id, key, value) 
    values
        (?, ?, ?)
2020-06-10 20:38:40.130 TRACE 56553 --- [    Test worker] o.h.type.descriptor.sql.BasicBinder      : binding parameter [1] as [BIGINT] - [11]
2020-06-10 20:38:40.130 TRACE 56553 --- [    Test worker] o.h.type.descriptor.sql.BasicBinder      : binding parameter [2] as [VARCHAR] - [FI]
2020-06-10 20:38:40.130 TRACE 56553 --- [    Test worker] o.h.type.descriptor.sql.BasicBinder      : binding parameter [3] as [VARCHAR] - [D]
Hibernate: 
    insert 
    into
        monikielinen_teksti_values
        (id, key, value) 
    values
        (?, ?, ?)
2020-06-10 20:38:40.130 TRACE 56553 --- [    Test worker] o.h.type.descriptor.sql.BasicBinder      : binding parameter [1] as [BIGINT] - [12]
2020-06-10 20:38:40.130 TRACE 56553 --- [    Test worker] o.h.type.descriptor.sql.BasicBinder      : binding parameter [2] as [VARCHAR] - [FI]
2020-06-10 20:38:40.130 TRACE 56553 --- [    Test worker] o.h.type.descriptor.sql.BasicBinder      : binding parameter [3] as [VARCHAR] - [E]
Hibernate: 
    select
        organisaat0_.id as id1_5_,
        organisaat0_.version as version2_5_,
        organisaat0_.alkupvm as alkupvm3_5_,
        organisaat0_.domainnimi as domainni4_5_,
        organisaat0_.kotipaikka as kotipaik5_5_,
        organisaat0_.kuvaus_mkt as kuvaus_28_5_,
        organisaat0_.lakkautuspvm as lakkautu6_5_,
        organisaat0_.maa as maa7_5_,
        organisaat0_.metadata_id as metadat29_5_,
        organisaat0_.nimi_mkt as nimi_mk30_5_,
        organisaat0_.nimihaku as nimihaku8_5_,
        organisaat0_.oid as oid9_5_,
        organisaat0_.opetuspisteenjarjnro as opetusp10_5_,
        organisaat0_.oppilaitoskoodi as oppilai11_5_,
        organisaat0_.oppilaitos_tyyppi as oppilai12_5_,
        organisaat0_.organisaatio_poistettu as organis13_5_,
        organisaat0_.paivittaja as paivitt14_5_,
        organisaat0_.paivityspvm as paivity15_5_,
        organisaat0_.parentidpath as parenti16_5_,
        organisaat0_.parentoidpath as parento17_5_,
        organisaat0_.piilotettu as piilote18_5_,
        organisaat0_.tarkastus_pvm as tarkast19_5_,
        organisaat0_.toimipistekoodi as toimipi20_5_,
        organisaat0_.tuontipvm as tuontip21_5_,
        organisaat0_.varhaiskasvatuksen_toimipaikka_tiedot_id as varhais31_5_,
        organisaat0_.virastotunnus as virasto22_5_,
        organisaat0_.yhteishaunkoulukoodi as yhteish23_5_,
        organisaat0_.yritysmuoto as yritysm24_5_,
        organisaat0_.ytj_kieli as ytj_kie25_5_,
        organisaat0_.ytjpaivityspvm as ytjpaiv26_5_,
        organisaat0_.ytunnus as ytunnus27_5_ 
    from
        organisaatio organisaat0_ 
    where
        organisaat0_.oid=?
2020-06-10 20:38:40.131 TRACE 56553 --- [    Test worker] o.h.type.descriptor.sql.BasicBinder      : binding parameter [1] as [VARCHAR] - [-7423979211207825555]
2020-06-10 20:38:40.131 TRACE 56553 --- [    Test worker] o.h.type.descriptor.sql.BasicExtractor   : extracted value ([id1_5_] : [BIGINT]) - [21]
2020-06-10 20:38:40.132  INFO 56553 --- [    Test worker] .s.o.r.i.OrganisaatioSuhdeRepositoryImpl : findParentTo(21, Wed Jun 10 20:38:40 EEST 2020)
Hibernate: 
    select
        organisaat0_.id as id1_19_0_,
        organisaat1_.id as id1_5_1_,
        organisaat0_.version as version2_19_0_,
        organisaat0_.alkupvm as alkupvm3_19_0_,
        organisaat0_.child_id as child_id7_19_0_,
        organisaat0_.loppupvm as loppupvm4_19_0_,
        organisaat0_.opetuspisteenjarjnro as opetuspi5_19_0_,
        organisaat0_.parent_id as parent_i8_19_0_,
        organisaat0_.suhdetyyppi as suhdetyy6_19_0_,
        organisaat1_.version as version2_5_1_,
        organisaat1_.alkupvm as alkupvm3_5_1_,
        organisaat1_.domainnimi as domainni4_5_1_,
        organisaat1_.kotipaikka as kotipaik5_5_1_,
        organisaat1_.kuvaus_mkt as kuvaus_28_5_1_,
        organisaat1_.lakkautuspvm as lakkautu6_5_1_,
        organisaat1_.maa as maa7_5_1_,
        organisaat1_.metadata_id as metadat29_5_1_,
        organisaat1_.nimi_mkt as nimi_mk30_5_1_,
        organisaat1_.nimihaku as nimihaku8_5_1_,
        organisaat1_.oid as oid9_5_1_,
        organisaat1_.opetuspisteenjarjnro as opetusp10_5_1_,
        organisaat1_.oppilaitoskoodi as oppilai11_5_1_,
        organisaat1_.oppilaitos_tyyppi as oppilai12_5_1_,
        organisaat1_.organisaatio_poistettu as organis13_5_1_,
        organisaat1_.paivittaja as paivitt14_5_1_,
        organisaat1_.paivityspvm as paivity15_5_1_,
        organisaat1_.parentidpath as parenti16_5_1_,
        organisaat1_.parentoidpath as parento17_5_1_,
        organisaat1_.piilotettu as piilote18_5_1_,
        organisaat1_.tarkastus_pvm as tarkast19_5_1_,
        organisaat1_.toimipistekoodi as toimipi20_5_1_,
        organisaat1_.tuontipvm as tuontip21_5_1_,
        organisaat1_.varhaiskasvatuksen_toimipaikka_tiedot_id as varhais31_5_1_,
        organisaat1_.virastotunnus as virasto22_5_1_,
        organisaat1_.yhteishaunkoulukoodi as yhteish23_5_1_,
        organisaat1_.yritysmuoto as yritysm24_5_1_,
        organisaat1_.ytj_kieli as ytj_kie25_5_1_,
        organisaat1_.ytjpaivityspvm as ytjpaiv26_5_1_,
        organisaat1_.ytunnus as ytunnus27_5_1_ 
    from
        organisaatiosuhde organisaat0_ 
    inner join
        organisaatio organisaat1_ 
            on organisaat0_.parent_id=organisaat1_.id 
    where
        organisaat0_.child_id=? 
        and organisaat0_.suhdetyyppi=? 
        and (
            organisaat0_.alkupvm=? 
            or organisaat0_.alkupvm<?
        ) 
        and (
            organisaat0_.loppupvm is null 
            or organisaat0_.loppupvm>?
        ) 
        and organisaat1_.organisaatio_poistettu=? 
    order by
        organisaat0_.alkupvm desc
2020-06-10 20:38:40.134 TRACE 56553 --- [    Test worker] o.h.type.descriptor.sql.BasicBinder      : binding parameter [1] as [BIGINT] - [21]
2020-06-10 20:38:40.134 TRACE 56553 --- [    Test worker] o.h.type.descriptor.sql.BasicBinder      : binding parameter [2] as [VARCHAR] - [HISTORIA]
2020-06-10 20:38:40.134 TRACE 56553 --- [    Test worker] o.h.type.descriptor.sql.BasicBinder      : binding parameter [3] as [DATE] - [Wed Jun 10 20:38:40 EEST 2020]
2020-06-10 20:38:40.134 TRACE 56553 --- [    Test worker] o.h.type.descriptor.sql.BasicBinder      : binding parameter [4] as [DATE] - [Wed Jun 10 20:38:40 EEST 2020]
2020-06-10 20:38:40.134 TRACE 56553 --- [    Test worker] o.h.type.descriptor.sql.BasicBinder      : binding parameter [5] as [DATE] - [Wed Jun 10 20:38:40 EEST 2020]
2020-06-10 20:38:40.134 TRACE 56553 --- [    Test worker] o.h.type.descriptor.sql.BasicBinder      : binding parameter [6] as [BOOLEAN] - [false]
2020-06-10 20:38:40.135 TRACE 56553 --- [    Test worker] o.h.type.descriptor.sql.BasicExtractor   : extracted value ([id1_19_0_] : [BIGINT]) - [15]
2020-06-10 20:38:40.135 TRACE 56553 --- [    Test worker] o.h.type.descriptor.sql.BasicExtractor   : extracted value ([id1_5_1_] : [BIGINT]) - [20]
2020-06-10 20:38:40.135  INFO 56553 --- [    Test worker] .s.o.r.i.OrganisaatioSuhdeRepositoryImpl : findParentTo(20, Wed Jun 10 20:38:40 EEST 2020)
Hibernate: 
    select
        organisaat0_.id as id1_19_0_,
        organisaat1_.id as id1_5_1_,
        organisaat0_.version as version2_19_0_,
        organisaat0_.alkupvm as alkupvm3_19_0_,
        organisaat0_.child_id as child_id7_19_0_,
        organisaat0_.loppupvm as loppupvm4_19_0_,
        organisaat0_.opetuspisteenjarjnro as opetuspi5_19_0_,
        organisaat0_.parent_id as parent_i8_19_0_,
        organisaat0_.suhdetyyppi as suhdetyy6_19_0_,
        organisaat1_.version as version2_5_1_,
        organisaat1_.alkupvm as alkupvm3_5_1_,
        organisaat1_.domainnimi as domainni4_5_1_,
        organisaat1_.kotipaikka as kotipaik5_5_1_,
        organisaat1_.kuvaus_mkt as kuvaus_28_5_1_,
        organisaat1_.lakkautuspvm as lakkautu6_5_1_,
        organisaat1_.maa as maa7_5_1_,
        organisaat1_.metadata_id as metadat29_5_1_,
        organisaat1_.nimi_mkt as nimi_mk30_5_1_,
        organisaat1_.nimihaku as nimihaku8_5_1_,
        organisaat1_.oid as oid9_5_1_,
        organisaat1_.opetuspisteenjarjnro as opetusp10_5_1_,
        organisaat1_.oppilaitoskoodi as oppilai11_5_1_,
        organisaat1_.oppilaitos_tyyppi as oppilai12_5_1_,
        organisaat1_.organisaatio_poistettu as organis13_5_1_,
        organisaat1_.paivittaja as paivitt14_5_1_,
        organisaat1_.paivityspvm as paivity15_5_1_,
        organisaat1_.parentidpath as parenti16_5_1_,
        organisaat1_.parentoidpath as parento17_5_1_,
        organisaat1_.piilotettu as piilote18_5_1_,
        organisaat1_.tarkastus_pvm as tarkast19_5_1_,
        organisaat1_.toimipistekoodi as toimipi20_5_1_,
        organisaat1_.tuontipvm as tuontip21_5_1_,
        organisaat1_.varhaiskasvatuksen_toimipaikka_tiedot_id as varhais31_5_1_,
        organisaat1_.virastotunnus as virasto22_5_1_,
        organisaat1_.yhteishaunkoulukoodi as yhteish23_5_1_,
        organisaat1_.yritysmuoto as yritysm24_5_1_,
        organisaat1_.ytj_kieli as ytj_kie25_5_1_,
        organisaat1_.ytjpaivityspvm as ytjpaiv26_5_1_,
        organisaat1_.ytunnus as ytunnus27_5_1_ 
    from
        organisaatiosuhde organisaat0_ 
    inner join
        organisaatio organisaat1_ 
            on organisaat0_.parent_id=organisaat1_.id 
    where
        organisaat0_.child_id=? 
        and organisaat0_.suhdetyyppi=? 
        and (
            organisaat0_.alkupvm=? 
            or organisaat0_.alkupvm<?
        ) 
        and (
            organisaat0_.loppupvm is null 
            or organisaat0_.loppupvm>?
        ) 
        and organisaat1_.organisaatio_poistettu=? 
    order by
        organisaat0_.alkupvm desc
2020-06-10 20:38:40.136 TRACE 56553 --- [    Test worker] o.h.type.descriptor.sql.BasicBinder      : binding parameter [1] as [BIGINT] - [20]
2020-06-10 20:38:40.136 TRACE 56553 --- [    Test worker] o.h.type.descriptor.sql.BasicBinder      : binding parameter [2] as [VARCHAR] - [HISTORIA]
2020-06-10 20:38:40.136 TRACE 56553 --- [    Test worker] o.h.type.descriptor.sql.BasicBinder      : binding parameter [3] as [DATE] - [Wed Jun 10 20:38:40 EEST 2020]
2020-06-10 20:38:40.136 TRACE 56553 --- [    Test worker] o.h.type.descriptor.sql.BasicBinder      : binding parameter [4] as [DATE] - [Wed Jun 10 20:38:40 EEST 2020]
2020-06-10 20:38:40.137 TRACE 56553 --- [    Test worker] o.h.type.descriptor.sql.BasicBinder      : binding parameter [5] as [DATE] - [Wed Jun 10 20:38:40 EEST 2020]
2020-06-10 20:38:40.137 TRACE 56553 --- [    Test worker] o.h.type.descriptor.sql.BasicBinder      : binding parameter [6] as [BOOLEAN] - [false]
2020-06-10 20:38:40.137 TRACE 56553 --- [    Test worker] o.h.type.descriptor.sql.BasicExtractor   : extracted value ([id1_19_0_] : [BIGINT]) - [14]
2020-06-10 20:38:40.137 TRACE 56553 --- [    Test worker] o.h.type.descriptor.sql.BasicExtractor   : extracted value ([id1_5_1_] : [BIGINT]) - [19]
2020-06-10 20:38:40.137  INFO 56553 --- [    Test worker] .s.o.r.i.OrganisaatioSuhdeRepositoryImpl : findParentTo(19, Wed Jun 10 20:38:40 EEST 2020)
Hibernate: 
    select
        organisaat0_.id as id1_19_0_,
        organisaat1_.id as id1_5_1_,
        organisaat0_.version as version2_19_0_,
        organisaat0_.alkupvm as alkupvm3_19_0_,
        organisaat0_.child_id as child_id7_19_0_,
        organisaat0_.loppupvm as loppupvm4_19_0_,
        organisaat0_.opetuspisteenjarjnro as opetuspi5_19_0_,
        organisaat0_.parent_id as parent_i8_19_0_,
        organisaat0_.suhdetyyppi as suhdetyy6_19_0_,
        organisaat1_.version as version2_5_1_,
        organisaat1_.alkupvm as alkupvm3_5_1_,
        organisaat1_.domainnimi as domainni4_5_1_,
        organisaat1_.kotipaikka as kotipaik5_5_1_,
        organisaat1_.kuvaus_mkt as kuvaus_28_5_1_,
        organisaat1_.lakkautuspvm as lakkautu6_5_1_,
        organisaat1_.maa as maa7_5_1_,
        organisaat1_.metadata_id as metadat29_5_1_,
        organisaat1_.nimi_mkt as nimi_mk30_5_1_,
        organisaat1_.nimihaku as nimihaku8_5_1_,
        organisaat1_.oid as oid9_5_1_,
        organisaat1_.opetuspisteenjarjnro as opetusp10_5_1_,
        organisaat1_.oppilaitoskoodi as oppilai11_5_1_,
        organisaat1_.oppilaitos_tyyppi as oppilai12_5_1_,
        organisaat1_.organisaatio_poistettu as organis13_5_1_,
        organisaat1_.paivittaja as paivitt14_5_1_,
        organisaat1_.paivityspvm as paivity15_5_1_,
        organisaat1_.parentidpath as parenti16_5_1_,
        organisaat1_.parentoidpath as parento17_5_1_,
        organisaat1_.piilotettu as piilote18_5_1_,
        organisaat1_.tarkastus_pvm as tarkast19_5_1_,
        organisaat1_.toimipistekoodi as toimipi20_5_1_,
        organisaat1_.tuontipvm as tuontip21_5_1_,
        organisaat1_.varhaiskasvatuksen_toimipaikka_tiedot_id as varhais31_5_1_,
        organisaat1_.virastotunnus as virasto22_5_1_,
        organisaat1_.yhteishaunkoulukoodi as yhteish23_5_1_,
        organisaat1_.yritysmuoto as yritysm24_5_1_,
        organisaat1_.ytj_kieli as ytj_kie25_5_1_,
        organisaat1_.ytjpaivityspvm as ytjpaiv26_5_1_,
        organisaat1_.ytunnus as ytunnus27_5_1_ 
    from
        organisaatiosuhde organisaat0_ 
    inner join
        organisaatio organisaat1_ 
            on organisaat0_.parent_id=organisaat1_.id 
    where
        organisaat0_.child_id=? 
        and organisaat0_.suhdetyyppi=? 
        and (
            organisaat0_.alkupvm=? 
            or organisaat0_.alkupvm<?
        ) 
        and (
            organisaat0_.loppupvm is null 
            or organisaat0_.loppupvm>?
        ) 
        and organisaat1_.organisaatio_poistettu=? 
    order by
        organisaat0_.alkupvm desc
2020-06-10 20:38:40.138 TRACE 56553 --- [    Test worker] o.h.type.descriptor.sql.BasicBinder      : binding parameter [1] as [BIGINT] - [19]
2020-06-10 20:38:40.138 TRACE 56553 --- [    Test worker] o.h.type.descriptor.sql.BasicBinder      : binding parameter [2] as [VARCHAR] - [HISTORIA]
2020-06-10 20:38:40.138 TRACE 56553 --- [    Test worker] o.h.type.descriptor.sql.BasicBinder      : binding parameter [3] as [DATE] - [Wed Jun 10 20:38:40 EEST 2020]
2020-06-10 20:38:40.139 TRACE 56553 --- [    Test worker] o.h.type.descriptor.sql.BasicBinder      : binding parameter [4] as [DATE] - [Wed Jun 10 20:38:40 EEST 2020]
2020-06-10 20:38:40.139 TRACE 56553 --- [    Test worker] o.h.type.descriptor.sql.BasicBinder      : binding parameter [5] as [DATE] - [Wed Jun 10 20:38:40 EEST 2020]
2020-06-10 20:38:40.139 TRACE 56553 --- [    Test worker] o.h.type.descriptor.sql.BasicBinder      : binding parameter [6] as [BOOLEAN] - [false]
2020-06-10 20:38:40.139 TRACE 56553 --- [    Test worker] o.h.type.descriptor.sql.BasicExtractor   : extracted value ([id1_19_0_] : [BIGINT]) - [13]
2020-06-10 20:38:40.139 TRACE 56553 --- [    Test worker] o.h.type.descriptor.sql.BasicExtractor   : extracted value ([id1_5_1_] : [BIGINT]) - [18]
2020-06-10 20:38:40.139  INFO 56553 --- [    Test worker] .s.o.r.i.OrganisaatioSuhdeRepositoryImpl : findParentTo(18, Wed Jun 10 20:38:40 EEST 2020)
Hibernate: 
    select
        organisaat0_.id as id1_19_0_,
        organisaat1_.id as id1_5_1_,
        organisaat0_.version as version2_19_0_,
        organisaat0_.alkupvm as alkupvm3_19_0_,
        organisaat0_.child_id as child_id7_19_0_,
        organisaat0_.loppupvm as loppupvm4_19_0_,
        organisaat0_.opetuspisteenjarjnro as opetuspi5_19_0_,
        organisaat0_.parent_id as parent_i8_19_0_,
        organisaat0_.suhdetyyppi as suhdetyy6_19_0_,
        organisaat1_.version as version2_5_1_,
        organisaat1_.alkupvm as alkupvm3_5_1_,
        organisaat1_.domainnimi as domainni4_5_1_,
        organisaat1_.kotipaikka as kotipaik5_5_1_,
        organisaat1_.kuvaus_mkt as kuvaus_28_5_1_,
        organisaat1_.lakkautuspvm as lakkautu6_5_1_,
        organisaat1_.maa as maa7_5_1_,
        organisaat1_.metadata_id as metadat29_5_1_,
        organisaat1_.nimi_mkt as nimi_mk30_5_1_,
        organisaat1_.nimihaku as nimihaku8_5_1_,
        organisaat1_.oid as oid9_5_1_,
        organisaat1_.opetuspisteenjarjnro as opetusp10_5_1_,
        organisaat1_.oppilaitoskoodi as oppilai11_5_1_,
        organisaat1_.oppilaitos_tyyppi as oppilai12_5_1_,
        organisaat1_.organisaatio_poistettu as organis13_5_1_,
        organisaat1_.paivittaja as paivitt14_5_1_,
        organisaat1_.paivityspvm as paivity15_5_1_,
        organisaat1_.parentidpath as parenti16_5_1_,
        organisaat1_.parentoidpath as parento17_5_1_,
        organisaat1_.piilotettu as piilote18_5_1_,
        organisaat1_.tarkastus_pvm as tarkast19_5_1_,
        organisaat1_.toimipistekoodi as toimipi20_5_1_,
        organisaat1_.tuontipvm as tuontip21_5_1_,
        organisaat1_.varhaiskasvatuksen_toimipaikka_tiedot_id as varhais31_5_1_,
        organisaat1_.virastotunnus as virasto22_5_1_,
        organisaat1_.yhteishaunkoulukoodi as yhteish23_5_1_,
        organisaat1_.yritysmuoto as yritysm24_5_1_,
        organisaat1_.ytj_kieli as ytj_kie25_5_1_,
        organisaat1_.ytjpaivityspvm as ytjpaiv26_5_1_,
        organisaat1_.ytunnus as ytunnus27_5_1_ 
    from
        organisaatiosuhde organisaat0_ 
    inner join
        organisaatio organisaat1_ 
            on organisaat0_.parent_id=organisaat1_.id 
    where
        organisaat0_.child_id=? 
        and organisaat0_.suhdetyyppi=? 
        and (
            organisaat0_.alkupvm=? 
            or organisaat0_.alkupvm<?
        ) 
        and (
            organisaat0_.loppupvm is null 
            or organisaat0_.loppupvm>?
        ) 
        and organisaat1_.organisaatio_poistettu=? 
    order by
        organisaat0_.alkupvm desc
2020-06-10 20:38:40.140 TRACE 56553 --- [    Test worker] o.h.type.descriptor.sql.BasicBinder      : binding parameter [1] as [BIGINT] - [18]
2020-06-10 20:38:40.140 TRACE 56553 --- [    Test worker] o.h.type.descriptor.sql.BasicBinder      : binding parameter [2] as [VARCHAR] - [HISTORIA]
2020-06-10 20:38:40.141 TRACE 56553 --- [    Test worker] o.h.type.descriptor.sql.BasicBinder      : binding parameter [3] as [DATE] - [Wed Jun 10 20:38:40 EEST 2020]
2020-06-10 20:38:40.141 TRACE 56553 --- [    Test worker] o.h.type.descriptor.sql.BasicBinder      : binding parameter [4] as [DATE] - [Wed Jun 10 20:38:40 EEST 2020]
2020-06-10 20:38:40.141 TRACE 56553 --- [    Test worker] o.h.type.descriptor.sql.BasicBinder      : binding parameter [5] as [DATE] - [Wed Jun 10 20:38:40 EEST 2020]
2020-06-10 20:38:40.141 TRACE 56553 --- [    Test worker] o.h.type.descriptor.sql.BasicBinder      : binding parameter [6] as [BOOLEAN] - [false]
2020-06-10 20:38:40.141 TRACE 56553 --- [    Test worker] o.h.type.descriptor.sql.BasicExtractor   : extracted value ([id1_19_0_] : [BIGINT]) - [12]
2020-06-10 20:38:40.141 TRACE 56553 --- [    Test worker] o.h.type.descriptor.sql.BasicExtractor   : extracted value ([id1_5_1_] : [BIGINT]) - [17]
2020-06-10 20:38:40.141  INFO 56553 --- [    Test worker] .s.o.r.i.OrganisaatioSuhdeRepositoryImpl : findParentTo(17, Wed Jun 10 20:38:40 EEST 2020)
Hibernate: 
    select
        organisaat0_.id as id1_19_0_,
        organisaat1_.id as id1_5_1_,
        organisaat0_.version as version2_19_0_,
        organisaat0_.alkupvm as alkupvm3_19_0_,
        organisaat0_.child_id as child_id7_19_0_,
        organisaat0_.loppupvm as loppupvm4_19_0_,
        organisaat0_.opetuspisteenjarjnro as opetuspi5_19_0_,
        organisaat0_.parent_id as parent_i8_19_0_,
        organisaat0_.suhdetyyppi as suhdetyy6_19_0_,
        organisaat1_.version as version2_5_1_,
        organisaat1_.alkupvm as alkupvm3_5_1_,
        organisaat1_.domainnimi as domainni4_5_1_,
        organisaat1_.kotipaikka as kotipaik5_5_1_,
        organisaat1_.kuvaus_mkt as kuvaus_28_5_1_,
        organisaat1_.lakkautuspvm as lakkautu6_5_1_,
        organisaat1_.maa as maa7_5_1_,
        organisaat1_.metadata_id as metadat29_5_1_,
        organisaat1_.nimi_mkt as nimi_mk30_5_1_,
        organisaat1_.nimihaku as nimihaku8_5_1_,
        organisaat1_.oid as oid9_5_1_,
        organisaat1_.opetuspisteenjarjnro as opetusp10_5_1_,
        organisaat1_.oppilaitoskoodi as oppilai11_5_1_,
        organisaat1_.oppilaitos_tyyppi as oppilai12_5_1_,
        organisaat1_.organisaatio_poistettu as organis13_5_1_,
        organisaat1_.paivittaja as paivitt14_5_1_,
        organisaat1_.paivityspvm as paivity15_5_1_,
        organisaat1_.parentidpath as parenti16_5_1_,
        organisaat1_.parentoidpath as parento17_5_1_,
        organisaat1_.piilotettu as piilote18_5_1_,
        organisaat1_.tarkastus_pvm as tarkast19_5_1_,
        organisaat1_.toimipistekoodi as toimipi20_5_1_,
        organisaat1_.tuontipvm as tuontip21_5_1_,
        organisaat1_.varhaiskasvatuksen_toimipaikka_tiedot_id as varhais31_5_1_,
        organisaat1_.virastotunnus as virasto22_5_1_,
        organisaat1_.yhteishaunkoulukoodi as yhteish23_5_1_,
        organisaat1_.yritysmuoto as yritysm24_5_1_,
        organisaat1_.ytj_kieli as ytj_kie25_5_1_,
        organisaat1_.ytjpaivityspvm as ytjpaiv26_5_1_,
        organisaat1_.ytunnus as ytunnus27_5_1_ 
    from
        organisaatiosuhde organisaat0_ 
    inner join
        organisaatio organisaat1_ 
            on organisaat0_.parent_id=organisaat1_.id 
    where
        organisaat0_.child_id=? 
        and organisaat0_.suhdetyyppi=? 
        and (
            organisaat0_.alkupvm=? 
            or organisaat0_.alkupvm<?
        ) 
        and (
            organisaat0_.loppupvm is null 
            or organisaat0_.loppupvm>?
        ) 
        and organisaat1_.organisaatio_poistettu=? 
    order by
        organisaat0_.alkupvm desc
2020-06-10 20:38:40.143 TRACE 56553 --- [    Test worker] o.h.type.descriptor.sql.BasicBinder      : binding parameter [1] as [BIGINT] - [17]
2020-06-10 20:38:40.143 TRACE 56553 --- [    Test worker] o.h.type.descriptor.sql.BasicBinder      : binding parameter [2] as [VARCHAR] - [HISTORIA]
2020-06-10 20:38:40.143 TRACE 56553 --- [    Test worker] o.h.type.descriptor.sql.BasicBinder      : binding parameter [3] as [DATE] - [Wed Jun 10 20:38:40 EEST 2020]
2020-06-10 20:38:40.143 TRACE 56553 --- [    Test worker] o.h.type.descriptor.sql.BasicBinder      : binding parameter [4] as [DATE] - [Wed Jun 10 20:38:40 EEST 2020]
2020-06-10 20:38:40.143 TRACE 56553 --- [    Test worker] o.h.type.descriptor.sql.BasicBinder      : binding parameter [5] as [DATE] - [Wed Jun 10 20:38:40 EEST 2020]
2020-06-10 20:38:40.143 TRACE 56553 --- [    Test worker] o.h.type.descriptor.sql.BasicBinder      : binding parameter [6] as [BOOLEAN] - [false]
2020-06-10 20:38:40.146  INFO 56553 --- [    Test worker] o.s.t.c.transaction.TransactionContext   : Rolled back transaction for test: [DefaultTestContext@6d49fbd0 testClass = OrganisaatioRepositoryImplTest, testInstance = fi.vm.sade.organisaatio.repository.OrganisaatioRepositoryImplTest@7197d806, testMethod = doTest@OrganisaatioRepositoryImplTest, testException = [null], mergedContextConfiguration = [WebMergedContextConfiguration@6b2d0172 testClass = OrganisaatioRepositoryImplTest, locations = '{}', classes = '{class fi.vm.sade.organisaatio.OrganisaatioApplication}', contextInitializerClasses = '[]', activeProfiles = '{}', propertySourceLocations = '{}', propertySourceProperties = '{org.springframework.boot.test.context.SpringBootTestContextBootstrapper=true}', contextCustomizers = set[org.springframework.boot.test.autoconfigure.properties.PropertyMappingContextCustomizer@83020a4e, org.springframework.boot.test.autoconfigure.web.servlet.WebDriverContextCustomizerFactory$Customizer@5e540114, [ImportsContextCustomizer@1cb00945 key = [org.springframework.boot.test.autoconfigure.jdbc.TestDatabaseAutoConfiguration, org.springframework.boot.autoconfigure.jdbc.DataSourceAutoConfiguration]], org.springframework.boot.test.context.filter.ExcludeFilterContextCustomizer@41cdf26a, org.springframework.boot.test.json.DuplicateJsonObjectContextCustomizerFactory$DuplicateJsonObjectContextCustomizer@1e95fe99, org.springframework.boot.test.mock.mockito.MockitoContextCustomizer@0, org.springframework.boot.test.web.client.TestRestTemplateContextCustomizer@6d8bcece, org.springframework.boot.test.context.SpringBootTestArgs@1], resourceBasePath = 'src/main/webapp', contextLoader = 'org.springframework.boot.test.context.SpringBootContextLoader', parent = [null]], attributes = map['org.springframework.test.context.web.ServletTestExecutionListener.activateListener' -> true, 'org.springframework.test.context.web.ServletTestExecutionListener.populatedRequestContextHolder' -> true, 'org.springframework.test.context.web.ServletTestExecutionListener.resetRequestContextHolder' -> true]]
2020-06-10 20:38:40.148  INFO 56553 --- [    Test worker] o.s.t.c.transaction.TransactionContext   : Began transaction (1) for test context [DefaultTestContext@6d49fbd0 testClass = OrganisaatioRepositoryImplTest, testInstance = fi.vm.sade.organisaatio.repository.OrganisaatioRepositoryImplTest@e754fd3, testMethod = parentTest@OrganisaatioRepositoryImplTest, testException = [null], mergedContextConfiguration = [WebMergedContextConfiguration@6b2d0172 testClass = OrganisaatioRepositoryImplTest, locations = '{}', classes = '{class fi.vm.sade.organisaatio.OrganisaatioApplication}', contextInitializerClasses = '[]', activeProfiles = '{}', propertySourceLocations = '{}', propertySourceProperties = '{org.springframework.boot.test.context.SpringBootTestContextBootstrapper=true}', contextCustomizers = set[org.springframework.boot.test.autoconfigure.properties.PropertyMappingContextCustomizer@83020a4e, org.springframework.boot.test.autoconfigure.web.servlet.WebDriverContextCustomizerFactory$Customizer@5e540114, [ImportsContextCustomizer@1cb00945 key = [org.springframework.boot.test.autoconfigure.jdbc.TestDatabaseAutoConfiguration, org.springframework.boot.autoconfigure.jdbc.DataSourceAutoConfiguration]], org.springframework.boot.test.context.filter.ExcludeFilterContextCustomizer@41cdf26a, org.springframework.boot.test.json.DuplicateJsonObjectContextCustomizerFactory$DuplicateJsonObjectContextCustomizer@1e95fe99, org.springframework.boot.test.mock.mockito.MockitoContextCustomizer@0, org.springframework.boot.test.web.client.TestRestTemplateContextCustomizer@6d8bcece, org.springframework.boot.test.context.SpringBootTestArgs@1], resourceBasePath = 'src/main/webapp', contextLoader = 'org.springframework.boot.test.context.SpringBootContextLoader', parent = [null]], attributes = map['org.springframework.test.context.web.ServletTestExecutionListener.activateListener' -> true, 'org.springframework.test.context.web.ServletTestExecutionListener.populatedRequestContextHolder' -> true, 'org.springframework.test.context.web.ServletTestExecutionListener.resetRequestContextHolder' -> true]]; transaction manager [org.springframework.orm.jpa.JpaTransactionManager@20031d49]; rollback [true]
2020-06-10 20:38:40.149  INFO 56553 --- [    Test worker] f.v.s.o.r.OrganisaatioRepositoryImplTest : createOrganisaatio(A)
Hibernate: 
    insert 
    into
        monikielinen_teksti
        (id, version) 
    values
        (null, ?)
2020-06-10 20:38:40.150 TRACE 56553 --- [    Test worker] o.h.type.descriptor.sql.BasicBinder      : binding parameter [1] as [BIGINT] - [0]
Hibernate: 
    insert 
    into
        organisaatio
        (id, version, alkupvm, domainnimi, kotipaikka, kuvaus_mkt, lakkautuspvm, maa, metadata_id, nimi_mkt, nimihaku, oid, opetuspisteenjarjnro, oppilaitoskoodi, oppilaitos_tyyppi, organisaatio_poistettu, paivittaja, paivityspvm, parentidpath, parentoidpath, piilotettu, tarkastus_pvm, toimipistekoodi, tuontipvm, varhaiskasvatuksen_toimipaikka_tiedot_id, virastotunnus, yhteishaunkoulukoodi, yritysmuoto, ytj_kieli, ytjpaivityspvm, ytunnus) 
    values
        (null, ?, ?, ?, ?, ?, ?, ?, ?, ?, ?, ?, ?, ?, ?, ?, ?, ?, ?, ?, ?, ?, ?, ?, ?, ?, ?, ?, ?, ?, ?)
2020-06-10 20:38:40.151 TRACE 56553 --- [    Test worker] o.h.type.descriptor.sql.BasicBinder      : binding parameter [1] as [BIGINT] - [0]
2020-06-10 20:38:40.151 TRACE 56553 --- [    Test worker] o.h.type.descriptor.sql.BasicBinder      : binding parameter [2] as [DATE] - [null]
2020-06-10 20:38:40.151 TRACE 56553 --- [    Test worker] o.h.type.descriptor.sql.BasicBinder      : binding parameter [3] as [VARCHAR] - [null]
2020-06-10 20:38:40.151 TRACE 56553 --- [    Test worker] o.h.type.descriptor.sql.BasicBinder      : binding parameter [4] as [VARCHAR] - [null]
2020-06-10 20:38:40.151 TRACE 56553 --- [    Test worker] o.h.type.descriptor.sql.BasicBinder      : binding parameter [5] as [BIGINT] - [null]
2020-06-10 20:38:40.151 TRACE 56553 --- [    Test worker] o.h.type.descriptor.sql.BasicBinder      : binding parameter [6] as [DATE] - [null]
2020-06-10 20:38:40.151 TRACE 56553 --- [    Test worker] o.h.type.descriptor.sql.BasicBinder      : binding parameter [7] as [VARCHAR] - [null]
2020-06-10 20:38:40.151 TRACE 56553 --- [    Test worker] o.h.type.descriptor.sql.BasicBinder      : binding parameter [8] as [BIGINT] - [null]
2020-06-10 20:38:40.151 TRACE 56553 --- [    Test worker] o.h.type.descriptor.sql.BasicBinder      : binding parameter [9] as [BIGINT] - [13]
2020-06-10 20:38:40.151 TRACE 56553 --- [    Test worker] o.h.type.descriptor.sql.BasicBinder      : binding parameter [10] as [VARCHAR] - [null]
2020-06-10 20:38:40.151 TRACE 56553 --- [    Test worker] o.h.type.descriptor.sql.BasicBinder      : binding parameter [11] as [VARCHAR] - [-4962768465676381896]
2020-06-10 20:38:40.151 TRACE 56553 --- [    Test worker] o.h.type.descriptor.sql.BasicBinder      : binding parameter [12] as [VARCHAR] - [null]
2020-06-10 20:38:40.151 TRACE 56553 --- [    Test worker] o.h.type.descriptor.sql.BasicBinder      : binding parameter [13] as [VARCHAR] - [null]
2020-06-10 20:38:40.151 TRACE 56553 --- [    Test worker] o.h.type.descriptor.sql.BasicBinder      : binding parameter [14] as [VARCHAR] - [null]
2020-06-10 20:38:40.151 TRACE 56553 --- [    Test worker] o.h.type.descriptor.sql.BasicBinder      : binding parameter [15] as [BOOLEAN] - [false]
2020-06-10 20:38:40.152 TRACE 56553 --- [    Test worker] o.h.type.descriptor.sql.BasicBinder      : binding parameter [16] as [VARCHAR] - [null]
2020-06-10 20:38:40.152 TRACE 56553 --- [    Test worker] o.h.type.descriptor.sql.BasicBinder      : binding parameter [17] as [TIMESTAMP] - [null]
2020-06-10 20:38:40.152 TRACE 56553 --- [    Test worker] o.h.type.descriptor.sql.BasicBinder      : binding parameter [18] as [VARCHAR] - [null]
2020-06-10 20:38:40.152 TRACE 56553 --- [    Test worker] o.h.type.descriptor.sql.BasicBinder      : binding parameter [19] as [VARCHAR] - [null]
2020-06-10 20:38:40.152 TRACE 56553 --- [    Test worker] o.h.type.descriptor.sql.BasicBinder      : binding parameter [20] as [BOOLEAN] - [false]
2020-06-10 20:38:40.152 TRACE 56553 --- [    Test worker] o.h.type.descriptor.sql.BasicBinder      : binding parameter [21] as [TIMESTAMP] - [null]
2020-06-10 20:38:40.152 TRACE 56553 --- [    Test worker] o.h.type.descriptor.sql.BasicBinder      : binding parameter [22] as [VARCHAR] - [null]
2020-06-10 20:38:40.152 TRACE 56553 --- [    Test worker] o.h.type.descriptor.sql.BasicBinder      : binding parameter [23] as [TIMESTAMP] - [null]
2020-06-10 20:38:40.152 TRACE 56553 --- [    Test worker] o.h.type.descriptor.sql.BasicBinder      : binding parameter [24] as [BIGINT] - [null]
2020-06-10 20:38:40.152 TRACE 56553 --- [    Test worker] o.h.type.descriptor.sql.BasicBinder      : binding parameter [25] as [VARCHAR] - [null]
2020-06-10 20:38:40.152 TRACE 56553 --- [    Test worker] o.h.type.descriptor.sql.BasicBinder      : binding parameter [26] as [VARCHAR] - [null]
2020-06-10 20:38:40.152 TRACE 56553 --- [    Test worker] o.h.type.descriptor.sql.BasicBinder      : binding parameter [27] as [VARCHAR] - [null]
2020-06-10 20:38:40.152 TRACE 56553 --- [    Test worker] o.h.type.descriptor.sql.BasicBinder      : binding parameter [28] as [VARCHAR] - [null]
2020-06-10 20:38:40.152 TRACE 56553 --- [    Test worker] o.h.type.descriptor.sql.BasicBinder      : binding parameter [29] as [DATE] - [null]
2020-06-10 20:38:40.152 TRACE 56553 --- [    Test worker] o.h.type.descriptor.sql.BasicBinder      : binding parameter [30] as [VARCHAR] - [null]
Hibernate: 
    insert 
    into
        yhteystieto
        (id, version, kieli, organisaatio_id, yhteystieto_oid, coordinatetype, extrarivi, lat, lng, maa, osavaltio, osoite, osoite_tyyppi, postinumero, postitoimipaikka, ytjpaivityspvm, dtype) 
    values
        (null, ?, ?, ?, ?, ?, ?, ?, ?, ?, ?, ?, ?, ?, ?, ?, 'Osoite')
2020-06-10 20:38:40.153 TRACE 56553 --- [    Test worker] o.h.type.descriptor.sql.BasicBinder      : binding parameter [1] as [BIGINT] - [0]
2020-06-10 20:38:40.153 TRACE 56553 --- [    Test worker] o.h.type.descriptor.sql.BasicBinder      : binding parameter [2] as [VARCHAR] - [null]
2020-06-10 20:38:40.153 TRACE 56553 --- [    Test worker] o.h.type.descriptor.sql.BasicBinder      : binding parameter [3] as [BIGINT] - [null]
2020-06-10 20:38:40.153 TRACE 56553 --- [    Test worker] o.h.type.descriptor.sql.BasicBinder      : binding parameter [4] as [VARCHAR] - [bf8e03d3-8641-4e2f-9c12-91bdecca6a4c]
2020-06-10 20:38:40.153 TRACE 56553 --- [    Test worker] o.h.type.descriptor.sql.BasicBinder      : binding parameter [5] as [VARCHAR] - [null]
2020-06-10 20:38:40.153 TRACE 56553 --- [    Test worker] o.h.type.descriptor.sql.BasicBinder      : binding parameter [6] as [VARCHAR] - [null]
2020-06-10 20:38:40.153 TRACE 56553 --- [    Test worker] o.h.type.descriptor.sql.BasicBinder      : binding parameter [7] as [DOUBLE] - [null]
2020-06-10 20:38:40.153 TRACE 56553 --- [    Test worker] o.h.type.descriptor.sql.BasicBinder      : binding parameter [8] as [DOUBLE] - [null]
2020-06-10 20:38:40.154 TRACE 56553 --- [    Test worker] o.h.type.descriptor.sql.BasicBinder      : binding parameter [9] as [VARCHAR] - [null]
2020-06-10 20:38:40.154 TRACE 56553 --- [    Test worker] o.h.type.descriptor.sql.BasicBinder      : binding parameter [10] as [VARCHAR] - [null]
2020-06-10 20:38:40.154 TRACE 56553 --- [    Test worker] o.h.type.descriptor.sql.BasicBinder      : binding parameter [11] as [VARCHAR] - [katu]
2020-06-10 20:38:40.154 TRACE 56553 --- [    Test worker] o.h.type.descriptor.sql.BasicBinder      : binding parameter [12] as [VARCHAR] - [kaynti]
2020-06-10 20:38:40.154 TRACE 56553 --- [    Test worker] o.h.type.descriptor.sql.BasicBinder      : binding parameter [13] as [VARCHAR] - [0000]
2020-06-10 20:38:40.154 TRACE 56553 --- [    Test worker] o.h.type.descriptor.sql.BasicBinder      : binding parameter [14] as [VARCHAR] - [Helsinki]
2020-06-10 20:38:40.154 TRACE 56553 --- [    Test worker] o.h.type.descriptor.sql.BasicBinder      : binding parameter [15] as [DATE] - [null]
2020-06-10 20:38:40.154  INFO 56553 --- [    Test worker] f.v.s.o.r.OrganisaatioRepositoryImplTest : createOrganisaatio(B)
Hibernate: 
    insert 
    into
        monikielinen_teksti
        (id, version) 
    values
        (null, ?)
2020-06-10 20:38:40.155 TRACE 56553 --- [    Test worker] o.h.type.descriptor.sql.BasicBinder      : binding parameter [1] as [BIGINT] - [0]
Hibernate: 
    insert 
    into
        organisaatio
        (id, version, alkupvm, domainnimi, kotipaikka, kuvaus_mkt, lakkautuspvm, maa, metadata_id, nimi_mkt, nimihaku, oid, opetuspisteenjarjnro, oppilaitoskoodi, oppilaitos_tyyppi, organisaatio_poistettu, paivittaja, paivityspvm, parentidpath, parentoidpath, piilotettu, tarkastus_pvm, toimipistekoodi, tuontipvm, varhaiskasvatuksen_toimipaikka_tiedot_id, virastotunnus, yhteishaunkoulukoodi, yritysmuoto, ytj_kieli, ytjpaivityspvm, ytunnus) 
    values
        (null, ?, ?, ?, ?, ?, ?, ?, ?, ?, ?, ?, ?, ?, ?, ?, ?, ?, ?, ?, ?, ?, ?, ?, ?, ?, ?, ?, ?, ?, ?)
2020-06-10 20:38:40.156 TRACE 56553 --- [    Test worker] o.h.type.descriptor.sql.BasicBinder      : binding parameter [1] as [BIGINT] - [0]
2020-06-10 20:38:40.156 TRACE 56553 --- [    Test worker] o.h.type.descriptor.sql.BasicBinder      : binding parameter [2] as [DATE] - [null]
2020-06-10 20:38:40.156 TRACE 56553 --- [    Test worker] o.h.type.descriptor.sql.BasicBinder      : binding parameter [3] as [VARCHAR] - [null]
2020-06-10 20:38:40.156 TRACE 56553 --- [    Test worker] o.h.type.descriptor.sql.BasicBinder      : binding parameter [4] as [VARCHAR] - [null]
2020-06-10 20:38:40.156 TRACE 56553 --- [    Test worker] o.h.type.descriptor.sql.BasicBinder      : binding parameter [5] as [BIGINT] - [null]
2020-06-10 20:38:40.156 TRACE 56553 --- [    Test worker] o.h.type.descriptor.sql.BasicBinder      : binding parameter [6] as [DATE] - [null]
2020-06-10 20:38:40.156 TRACE 56553 --- [    Test worker] o.h.type.descriptor.sql.BasicBinder      : binding parameter [7] as [VARCHAR] - [null]
2020-06-10 20:38:40.156 TRACE 56553 --- [    Test worker] o.h.type.descriptor.sql.BasicBinder      : binding parameter [8] as [BIGINT] - [null]
2020-06-10 20:38:40.156 TRACE 56553 --- [    Test worker] o.h.type.descriptor.sql.BasicBinder      : binding parameter [9] as [BIGINT] - [14]
2020-06-10 20:38:40.156 TRACE 56553 --- [    Test worker] o.h.type.descriptor.sql.BasicBinder      : binding parameter [10] as [VARCHAR] - [null]
2020-06-10 20:38:40.156 TRACE 56553 --- [    Test worker] o.h.type.descriptor.sql.BasicBinder      : binding parameter [11] as [VARCHAR] - [4437113781045784766]
2020-06-10 20:38:40.156 TRACE 56553 --- [    Test worker] o.h.type.descriptor.sql.BasicBinder      : binding parameter [12] as [VARCHAR] - [null]
2020-06-10 20:38:40.156 TRACE 56553 --- [    Test worker] o.h.type.descriptor.sql.BasicBinder      : binding parameter [13] as [VARCHAR] - [null]
2020-06-10 20:38:40.156 TRACE 56553 --- [    Test worker] o.h.type.descriptor.sql.BasicBinder      : binding parameter [14] as [VARCHAR] - [null]
2020-06-10 20:38:40.156 TRACE 56553 --- [    Test worker] o.h.type.descriptor.sql.BasicBinder      : binding parameter [15] as [BOOLEAN] - [false]
2020-06-10 20:38:40.156 TRACE 56553 --- [    Test worker] o.h.type.descriptor.sql.BasicBinder      : binding parameter [16] as [VARCHAR] - [null]
2020-06-10 20:38:40.157 TRACE 56553 --- [    Test worker] o.h.type.descriptor.sql.BasicBinder      : binding parameter [17] as [TIMESTAMP] - [null]
2020-06-10 20:38:40.157 TRACE 56553 --- [    Test worker] o.h.type.descriptor.sql.BasicBinder      : binding parameter [18] as [VARCHAR] - [null]
2020-06-10 20:38:40.157 TRACE 56553 --- [    Test worker] o.h.type.descriptor.sql.BasicBinder      : binding parameter [19] as [VARCHAR] - [null]
2020-06-10 20:38:40.157 TRACE 56553 --- [    Test worker] o.h.type.descriptor.sql.BasicBinder      : binding parameter [20] as [BOOLEAN] - [false]
2020-06-10 20:38:40.157 TRACE 56553 --- [    Test worker] o.h.type.descriptor.sql.BasicBinder      : binding parameter [21] as [TIMESTAMP] - [null]
2020-06-10 20:38:40.157 TRACE 56553 --- [    Test worker] o.h.type.descriptor.sql.BasicBinder      : binding parameter [22] as [VARCHAR] - [null]
2020-06-10 20:38:40.157 TRACE 56553 --- [    Test worker] o.h.type.descriptor.sql.BasicBinder      : binding parameter [23] as [TIMESTAMP] - [null]
2020-06-10 20:38:40.157 TRACE 56553 --- [    Test worker] o.h.type.descriptor.sql.BasicBinder      : binding parameter [24] as [BIGINT] - [null]
2020-06-10 20:38:40.157 TRACE 56553 --- [    Test worker] o.h.type.descriptor.sql.BasicBinder      : binding parameter [25] as [VARCHAR] - [null]
2020-06-10 20:38:40.157 TRACE 56553 --- [    Test worker] o.h.type.descriptor.sql.BasicBinder      : binding parameter [26] as [VARCHAR] - [null]
2020-06-10 20:38:40.157 TRACE 56553 --- [    Test worker] o.h.type.descriptor.sql.BasicBinder      : binding parameter [27] as [VARCHAR] - [null]
2020-06-10 20:38:40.157 TRACE 56553 --- [    Test worker] o.h.type.descriptor.sql.BasicBinder      : binding parameter [28] as [VARCHAR] - [null]
2020-06-10 20:38:40.157 TRACE 56553 --- [    Test worker] o.h.type.descriptor.sql.BasicBinder      : binding parameter [29] as [DATE] - [null]
2020-06-10 20:38:40.157 TRACE 56553 --- [    Test worker] o.h.type.descriptor.sql.BasicBinder      : binding parameter [30] as [VARCHAR] - [null]
Hibernate: 
    insert 
    into
        yhteystieto
        (id, version, kieli, organisaatio_id, yhteystieto_oid, coordinatetype, extrarivi, lat, lng, maa, osavaltio, osoite, osoite_tyyppi, postinumero, postitoimipaikka, ytjpaivityspvm, dtype) 
    values
        (null, ?, ?, ?, ?, ?, ?, ?, ?, ?, ?, ?, ?, ?, ?, ?, 'Osoite')
2020-06-10 20:38:40.158 TRACE 56553 --- [    Test worker] o.h.type.descriptor.sql.BasicBinder      : binding parameter [1] as [BIGINT] - [0]
2020-06-10 20:38:40.158 TRACE 56553 --- [    Test worker] o.h.type.descriptor.sql.BasicBinder      : binding parameter [2] as [VARCHAR] - [null]
2020-06-10 20:38:40.158 TRACE 56553 --- [    Test worker] o.h.type.descriptor.sql.BasicBinder      : binding parameter [3] as [BIGINT] - [null]
2020-06-10 20:38:40.158 TRACE 56553 --- [    Test worker] o.h.type.descriptor.sql.BasicBinder      : binding parameter [4] as [VARCHAR] - [7fa08c31-e4d2-47f4-b820-292b9ea25baa]
2020-06-10 20:38:40.158 TRACE 56553 --- [    Test worker] o.h.type.descriptor.sql.BasicBinder      : binding parameter [5] as [VARCHAR] - [null]
2020-06-10 20:38:40.158 TRACE 56553 --- [    Test worker] o.h.type.descriptor.sql.BasicBinder      : binding parameter [6] as [VARCHAR] - [null]
2020-06-10 20:38:40.158 TRACE 56553 --- [    Test worker] o.h.type.descriptor.sql.BasicBinder      : binding parameter [7] as [DOUBLE] - [null]
2020-06-10 20:38:40.158 TRACE 56553 --- [    Test worker] o.h.type.descriptor.sql.BasicBinder      : binding parameter [8] as [DOUBLE] - [null]
2020-06-10 20:38:40.158 TRACE 56553 --- [    Test worker] o.h.type.descriptor.sql.BasicBinder      : binding parameter [9] as [VARCHAR] - [null]
2020-06-10 20:38:40.158 TRACE 56553 --- [    Test worker] o.h.type.descriptor.sql.BasicBinder      : binding parameter [10] as [VARCHAR] - [null]
2020-06-10 20:38:40.158 TRACE 56553 --- [    Test worker] o.h.type.descriptor.sql.BasicBinder      : binding parameter [11] as [VARCHAR] - [katu]
2020-06-10 20:38:40.158 TRACE 56553 --- [    Test worker] o.h.type.descriptor.sql.BasicBinder      : binding parameter [12] as [VARCHAR] - [kaynti]
2020-06-10 20:38:40.158 TRACE 56553 --- [    Test worker] o.h.type.descriptor.sql.BasicBinder      : binding parameter [13] as [VARCHAR] - [0000]
2020-06-10 20:38:40.158 TRACE 56553 --- [    Test worker] o.h.type.descriptor.sql.BasicBinder      : binding parameter [14] as [VARCHAR] - [Helsinki]
2020-06-10 20:38:40.158 TRACE 56553 --- [    Test worker] o.h.type.descriptor.sql.BasicBinder      : binding parameter [15] as [DATE] - [null]
2020-06-10 20:38:40.159  INFO 56553 --- [    Test worker] .s.o.r.i.OrganisaatioSuhdeRepositoryImpl : addChild(22, 23, null)
Hibernate: 
    insert 
    into
        organisaatiosuhde
        (id, version, alkupvm, child_id, loppupvm, opetuspisteenjarjnro, parent_id, suhdetyyppi) 
    values
        (null, ?, ?, ?, ?, ?, ?, ?)
2020-06-10 20:38:40.160 TRACE 56553 --- [    Test worker] o.h.type.descriptor.sql.BasicBinder      : binding parameter [1] as [BIGINT] - [0]
2020-06-10 20:38:40.160 TRACE 56553 --- [    Test worker] o.h.type.descriptor.sql.BasicBinder      : binding parameter [2] as [DATE] - [Wed Jun 10 20:38:40 EEST 2020]
2020-06-10 20:38:40.160 TRACE 56553 --- [    Test worker] o.h.type.descriptor.sql.BasicBinder      : binding parameter [3] as [BIGINT] - [23]
2020-06-10 20:38:40.160 TRACE 56553 --- [    Test worker] o.h.type.descriptor.sql.BasicBinder      : binding parameter [4] as [DATE] - [null]
2020-06-10 20:38:40.160 TRACE 56553 --- [    Test worker] o.h.type.descriptor.sql.BasicBinder      : binding parameter [5] as [VARCHAR] - [null]
2020-06-10 20:38:40.160 TRACE 56553 --- [    Test worker] o.h.type.descriptor.sql.BasicBinder      : binding parameter [6] as [BIGINT] - [22]
2020-06-10 20:38:40.160 TRACE 56553 --- [    Test worker] o.h.type.descriptor.sql.BasicBinder      : binding parameter [7] as [VARCHAR] - [HISTORIA]
2020-06-10 20:38:40.160  INFO 56553 --- [    Test worker] .s.o.r.i.OrganisaatioSuhdeRepositoryImpl :     Created new child relation:  --> pId=22, cId=23, aPvm=Wed Jun 10 20:38:40 EEST 2020, lPvm=null
2020-06-10 20:38:40.160  INFO 56553 --- [    Test worker] f.v.s.o.r.OrganisaatioRepositoryImplTest : YHTEYSTIEDOT: 1
2020-06-10 20:38:40.160  INFO 56553 --- [    Test worker] f.v.s.o.r.OrganisaatioRepositoryImplTest : PARENTS: 1
Hibernate: 
    update
        organisaatio 
    set
        version=?,
        alkupvm=?,
        domainnimi=?,
        kotipaikka=?,
        kuvaus_mkt=?,
        lakkautuspvm=?,
        maa=?,
        metadata_id=?,
        nimi_mkt=?,
        nimihaku=?,
        oid=?,
        opetuspisteenjarjnro=?,
        oppilaitoskoodi=?,
        oppilaitos_tyyppi=?,
        organisaatio_poistettu=?,
        paivittaja=?,
        paivityspvm=?,
        parentidpath=?,
        parentoidpath=?,
        piilotettu=?,
        tarkastus_pvm=?,
        toimipistekoodi=?,
        tuontipvm=?,
        varhaiskasvatuksen_toimipaikka_tiedot_id=?,
        virastotunnus=?,
        yhteishaunkoulukoodi=?,
        yritysmuoto=?,
        ytj_kieli=?,
        ytjpaivityspvm=?,
        ytunnus=? 
    where
        id=? 
        and version=?
2020-06-10 20:38:40.162 TRACE 56553 --- [    Test worker] o.h.type.descriptor.sql.BasicBinder      : binding parameter [1] as [BIGINT] - [1]
2020-06-10 20:38:40.162 TRACE 56553 --- [    Test worker] o.h.type.descriptor.sql.BasicBinder      : binding parameter [2] as [DATE] - [null]
2020-06-10 20:38:40.162 TRACE 56553 --- [    Test worker] o.h.type.descriptor.sql.BasicBinder      : binding parameter [3] as [VARCHAR] - [null]
2020-06-10 20:38:40.162 TRACE 56553 --- [    Test worker] o.h.type.descriptor.sql.BasicBinder      : binding parameter [4] as [VARCHAR] - [null]
2020-06-10 20:38:40.162 TRACE 56553 --- [    Test worker] o.h.type.descriptor.sql.BasicBinder      : binding parameter [5] as [BIGINT] - [null]
2020-06-10 20:38:40.162 TRACE 56553 --- [    Test worker] o.h.type.descriptor.sql.BasicBinder      : binding parameter [6] as [DATE] - [null]
2020-06-10 20:38:40.163 TRACE 56553 --- [    Test worker] o.h.type.descriptor.sql.BasicBinder      : binding parameter [7] as [VARCHAR] - [null]
2020-06-10 20:38:40.163 TRACE 56553 --- [    Test worker] o.h.type.descriptor.sql.BasicBinder      : binding parameter [8] as [BIGINT] - [null]
2020-06-10 20:38:40.163 TRACE 56553 --- [    Test worker] o.h.type.descriptor.sql.BasicBinder      : binding parameter [9] as [BIGINT] - [14]
2020-06-10 20:38:40.163 TRACE 56553 --- [    Test worker] o.h.type.descriptor.sql.BasicBinder      : binding parameter [10] as [VARCHAR] - [null]
2020-06-10 20:38:40.163 TRACE 56553 --- [    Test worker] o.h.type.descriptor.sql.BasicBinder      : binding parameter [11] as [VARCHAR] - [4437113781045784766]
2020-06-10 20:38:40.163 TRACE 56553 --- [    Test worker] o.h.type.descriptor.sql.BasicBinder      : binding parameter [12] as [VARCHAR] - [null]
2020-06-10 20:38:40.163 TRACE 56553 --- [    Test worker] o.h.type.descriptor.sql.BasicBinder      : binding parameter [13] as [VARCHAR] - [null]
2020-06-10 20:38:40.163 TRACE 56553 --- [    Test worker] o.h.type.descriptor.sql.BasicBinder      : binding parameter [14] as [VARCHAR] - [null]
2020-06-10 20:38:40.163 TRACE 56553 --- [    Test worker] o.h.type.descriptor.sql.BasicBinder      : binding parameter [15] as [BOOLEAN] - [false]
2020-06-10 20:38:40.163 TRACE 56553 --- [    Test worker] o.h.type.descriptor.sql.BasicBinder      : binding parameter [16] as [VARCHAR] - [null]
2020-06-10 20:38:40.163 TRACE 56553 --- [    Test worker] o.h.type.descriptor.sql.BasicBinder      : binding parameter [17] as [TIMESTAMP] - [null]
2020-06-10 20:38:40.163 TRACE 56553 --- [    Test worker] o.h.type.descriptor.sql.BasicBinder      : binding parameter [18] as [VARCHAR] - [|22|]
2020-06-10 20:38:40.163 TRACE 56553 --- [    Test worker] o.h.type.descriptor.sql.BasicBinder      : binding parameter [19] as [VARCHAR] - [|-4962768465676381896|]
2020-06-10 20:38:40.163 TRACE 56553 --- [    Test worker] o.h.type.descriptor.sql.BasicBinder      : binding parameter [20] as [BOOLEAN] - [false]
2020-06-10 20:38:40.163 TRACE 56553 --- [    Test worker] o.h.type.descriptor.sql.BasicBinder      : binding parameter [21] as [TIMESTAMP] - [null]
2020-06-10 20:38:40.163 TRACE 56553 --- [    Test worker] o.h.type.descriptor.sql.BasicBinder      : binding parameter [22] as [VARCHAR] - [null]
2020-06-10 20:38:40.163 TRACE 56553 --- [    Test worker] o.h.type.descriptor.sql.BasicBinder      : binding parameter [23] as [TIMESTAMP] - [null]
2020-06-10 20:38:40.163 TRACE 56553 --- [    Test worker] o.h.type.descriptor.sql.BasicBinder      : binding parameter [24] as [BIGINT] - [null]
2020-06-10 20:38:40.163 TRACE 56553 --- [    Test worker] o.h.type.descriptor.sql.BasicBinder      : binding parameter [25] as [VARCHAR] - [null]
2020-06-10 20:38:40.163 TRACE 56553 --- [    Test worker] o.h.type.descriptor.sql.BasicBinder      : binding parameter [26] as [VARCHAR] - [null]
2020-06-10 20:38:40.163 TRACE 56553 --- [    Test worker] o.h.type.descriptor.sql.BasicBinder      : binding parameter [27] as [VARCHAR] - [null]
2020-06-10 20:38:40.164 TRACE 56553 --- [    Test worker] o.h.type.descriptor.sql.BasicBinder      : binding parameter [28] as [VARCHAR] - [null]
2020-06-10 20:38:40.164 TRACE 56553 --- [    Test worker] o.h.type.descriptor.sql.BasicBinder      : binding parameter [29] as [DATE] - [null]
2020-06-10 20:38:40.164 TRACE 56553 --- [    Test worker] o.h.type.descriptor.sql.BasicBinder      : binding parameter [30] as [VARCHAR] - [null]
2020-06-10 20:38:40.164 TRACE 56553 --- [    Test worker] o.h.type.descriptor.sql.BasicBinder      : binding parameter [31] as [BIGINT] - [23]
2020-06-10 20:38:40.164 TRACE 56553 --- [    Test worker] o.h.type.descriptor.sql.BasicBinder      : binding parameter [32] as [BIGINT] - [0]
Hibernate: 
    insert 
    into
        monikielinen_teksti_values
        (id, key, value) 
    values
        (?, ?, ?)
2020-06-10 20:38:40.164 TRACE 56553 --- [    Test worker] o.h.type.descriptor.sql.BasicBinder      : binding parameter [1] as [BIGINT] - [13]
2020-06-10 20:38:40.164 TRACE 56553 --- [    Test worker] o.h.type.descriptor.sql.BasicBinder      : binding parameter [2] as [VARCHAR] - [FI]
2020-06-10 20:38:40.164 TRACE 56553 --- [    Test worker] o.h.type.descriptor.sql.BasicBinder      : binding parameter [3] as [VARCHAR] - [A]
Hibernate: 
    insert 
    into
        monikielinen_teksti_values
        (id, key, value) 
    values
        (?, ?, ?)
2020-06-10 20:38:40.165 TRACE 56553 --- [    Test worker] o.h.type.descriptor.sql.BasicBinder      : binding parameter [1] as [BIGINT] - [14]
2020-06-10 20:38:40.165 TRACE 56553 --- [    Test worker] o.h.type.descriptor.sql.BasicBinder      : binding parameter [2] as [VARCHAR] - [FI]
2020-06-10 20:38:40.165 TRACE 56553 --- [    Test worker] o.h.type.descriptor.sql.BasicBinder      : binding parameter [3] as [VARCHAR] - [B]
Hibernate: 
    select
        organisaat0_.id as id1_5_,
        organisaat0_.version as version2_5_,
        organisaat0_.alkupvm as alkupvm3_5_,
        organisaat0_.domainnimi as domainni4_5_,
        organisaat0_.kotipaikka as kotipaik5_5_,
        organisaat0_.kuvaus_mkt as kuvaus_28_5_,
        organisaat0_.lakkautuspvm as lakkautu6_5_,
        organisaat0_.maa as maa7_5_,
        organisaat0_.metadata_id as metadat29_5_,
        organisaat0_.nimi_mkt as nimi_mk30_5_,
        organisaat0_.nimihaku as nimihaku8_5_,
        organisaat0_.oid as oid9_5_,
        organisaat0_.opetuspisteenjarjnro as opetusp10_5_,
        organisaat0_.oppilaitoskoodi as oppilai11_5_,
        organisaat0_.oppilaitos_tyyppi as oppilai12_5_,
        organisaat0_.organisaatio_poistettu as organis13_5_,
        organisaat0_.paivittaja as paivitt14_5_,
        organisaat0_.paivityspvm as paivity15_5_,
        organisaat0_.parentidpath as parenti16_5_,
        organisaat0_.parentoidpath as parento17_5_,
        organisaat0_.piilotettu as piilote18_5_,
        organisaat0_.tarkastus_pvm as tarkast19_5_,
        organisaat0_.toimipistekoodi as toimipi20_5_,
        organisaat0_.tuontipvm as tuontip21_5_,
        organisaat0_.varhaiskasvatuksen_toimipaikka_tiedot_id as varhais31_5_,
        organisaat0_.virastotunnus as virasto22_5_,
        organisaat0_.yhteishaunkoulukoodi as yhteish23_5_,
        organisaat0_.yritysmuoto as yritysm24_5_,
        organisaat0_.ytj_kieli as ytj_kie25_5_,
        organisaat0_.ytjpaivityspvm as ytjpaiv26_5_,
        organisaat0_.ytunnus as ytunnus27_5_ 
    from
        organisaatio organisaat0_ 
    where
        organisaat0_.oid=?
2020-06-10 20:38:40.166 TRACE 56553 --- [    Test worker] o.h.type.descriptor.sql.BasicBinder      : binding parameter [1] as [VARCHAR] - [4437113781045784766]
2020-06-10 20:38:40.166 TRACE 56553 --- [    Test worker] o.h.type.descriptor.sql.BasicExtractor   : extracted value ([id1_5_] : [BIGINT]) - [23]
2020-06-10 20:38:40.169  INFO 56553 --- [    Test worker] o.s.t.c.transaction.TransactionContext   : Rolled back transaction for test: [DefaultTestContext@6d49fbd0 testClass = OrganisaatioRepositoryImplTest, testInstance = fi.vm.sade.organisaatio.repository.OrganisaatioRepositoryImplTest@e754fd3, testMethod = parentTest@OrganisaatioRepositoryImplTest, testException = [null], mergedContextConfiguration = [WebMergedContextConfiguration@6b2d0172 testClass = OrganisaatioRepositoryImplTest, locations = '{}', classes = '{class fi.vm.sade.organisaatio.OrganisaatioApplication}', contextInitializerClasses = '[]', activeProfiles = '{}', propertySourceLocations = '{}', propertySourceProperties = '{org.springframework.boot.test.context.SpringBootTestContextBootstrapper=true}', contextCustomizers = set[org.springframework.boot.test.autoconfigure.properties.PropertyMappingContextCustomizer@83020a4e, org.springframework.boot.test.autoconfigure.web.servlet.WebDriverContextCustomizerFactory$Customizer@5e540114, [ImportsContextCustomizer@1cb00945 key = [org.springframework.boot.test.autoconfigure.jdbc.TestDatabaseAutoConfiguration, org.springframework.boot.autoconfigure.jdbc.DataSourceAutoConfiguration]], org.springframework.boot.test.context.filter.ExcludeFilterContextCustomizer@41cdf26a, org.springframework.boot.test.json.DuplicateJsonObjectContextCustomizerFactory$DuplicateJsonObjectContextCustomizer@1e95fe99, org.springframework.boot.test.mock.mockito.MockitoContextCustomizer@0, org.springframework.boot.test.web.client.TestRestTemplateContextCustomizer@6d8bcece, org.springframework.boot.test.context.SpringBootTestArgs@1], resourceBasePath = 'src/main/webapp', contextLoader = 'org.springframework.boot.test.context.SpringBootContextLoader', parent = [null]], attributes = map['org.springframework.test.context.web.ServletTestExecutionListener.activateListener' -> true, 'org.springframework.test.context.web.ServletTestExecutionListener.populatedRequestContextHolder' -> true, 'org.springframework.test.context.web.ServletTestExecutionListener.resetRequestContextHolder' -> true]]
2020-06-10 20:38:40.171  INFO 56553 --- [    Test worker] o.s.t.c.transaction.TransactionContext   : Began transaction (1) for test context [DefaultTestContext@6d49fbd0 testClass = OrganisaatioRepositoryImplTest, testInstance = fi.vm.sade.organisaatio.repository.OrganisaatioRepositoryImplTest@6e5f5c94, testMethod = findChildrenTest@OrganisaatioRepositoryImplTest, testException = [null], mergedContextConfiguration = [WebMergedContextConfiguration@6b2d0172 testClass = OrganisaatioRepositoryImplTest, locations = '{}', classes = '{class fi.vm.sade.organisaatio.OrganisaatioApplication}', contextInitializerClasses = '[]', activeProfiles = '{}', propertySourceLocations = '{}', propertySourceProperties = '{org.springframework.boot.test.context.SpringBootTestContextBootstrapper=true}', contextCustomizers = set[org.springframework.boot.test.autoconfigure.properties.PropertyMappingContextCustomizer@83020a4e, org.springframework.boot.test.autoconfigure.web.servlet.WebDriverContextCustomizerFactory$Customizer@5e540114, [ImportsContextCustomizer@1cb00945 key = [org.springframework.boot.test.autoconfigure.jdbc.TestDatabaseAutoConfiguration, org.springframework.boot.autoconfigure.jdbc.DataSourceAutoConfiguration]], org.springframework.boot.test.context.filter.ExcludeFilterContextCustomizer@41cdf26a, org.springframework.boot.test.json.DuplicateJsonObjectContextCustomizerFactory$DuplicateJsonObjectContextCustomizer@1e95fe99, org.springframework.boot.test.mock.mockito.MockitoContextCustomizer@0, org.springframework.boot.test.web.client.TestRestTemplateContextCustomizer@6d8bcece, org.springframework.boot.test.context.SpringBootTestArgs@1], resourceBasePath = 'src/main/webapp', contextLoader = 'org.springframework.boot.test.context.SpringBootContextLoader', parent = [null]], attributes = map['org.springframework.test.context.web.ServletTestExecutionListener.activateListener' -> true, 'org.springframework.test.context.web.ServletTestExecutionListener.populatedRequestContextHolder' -> true, 'org.springframework.test.context.web.ServletTestExecutionListener.resetRequestContextHolder' -> true]]; transaction manager [org.springframework.orm.jpa.JpaTransactionManager@20031d49]; rollback [true]
2020-06-10 20:38:40.172  INFO 56553 --- [    Test worker] f.v.s.o.r.OrganisaatioRepositoryImplTest : createOrganisaatio(A)
Hibernate: 
    insert 
    into
        monikielinen_teksti
        (id, version) 
    values
        (null, ?)
2020-06-10 20:38:40.173 TRACE 56553 --- [    Test worker] o.h.type.descriptor.sql.BasicBinder      : binding parameter [1] as [BIGINT] - [0]
Hibernate: 
    insert 
    into
        organisaatio
        (id, version, alkupvm, domainnimi, kotipaikka, kuvaus_mkt, lakkautuspvm, maa, metadata_id, nimi_mkt, nimihaku, oid, opetuspisteenjarjnro, oppilaitoskoodi, oppilaitos_tyyppi, organisaatio_poistettu, paivittaja, paivityspvm, parentidpath, parentoidpath, piilotettu, tarkastus_pvm, toimipistekoodi, tuontipvm, varhaiskasvatuksen_toimipaikka_tiedot_id, virastotunnus, yhteishaunkoulukoodi, yritysmuoto, ytj_kieli, ytjpaivityspvm, ytunnus) 
    values
        (null, ?, ?, ?, ?, ?, ?, ?, ?, ?, ?, ?, ?, ?, ?, ?, ?, ?, ?, ?, ?, ?, ?, ?, ?, ?, ?, ?, ?, ?, ?)
2020-06-10 20:38:40.173 TRACE 56553 --- [    Test worker] o.h.type.descriptor.sql.BasicBinder      : binding parameter [1] as [BIGINT] - [0]
2020-06-10 20:38:40.173 TRACE 56553 --- [    Test worker] o.h.type.descriptor.sql.BasicBinder      : binding parameter [2] as [DATE] - [null]
2020-06-10 20:38:40.173 TRACE 56553 --- [    Test worker] o.h.type.descriptor.sql.BasicBinder      : binding parameter [3] as [VARCHAR] - [null]
2020-06-10 20:38:40.173 TRACE 56553 --- [    Test worker] o.h.type.descriptor.sql.BasicBinder      : binding parameter [4] as [VARCHAR] - [null]
2020-06-10 20:38:40.174 TRACE 56553 --- [    Test worker] o.h.type.descriptor.sql.BasicBinder      : binding parameter [5] as [BIGINT] - [null]
2020-06-10 20:38:40.174 TRACE 56553 --- [    Test worker] o.h.type.descriptor.sql.BasicBinder      : binding parameter [6] as [DATE] - [null]
2020-06-10 20:38:40.174 TRACE 56553 --- [    Test worker] o.h.type.descriptor.sql.BasicBinder      : binding parameter [7] as [VARCHAR] - [null]
2020-06-10 20:38:40.174 TRACE 56553 --- [    Test worker] o.h.type.descriptor.sql.BasicBinder      : binding parameter [8] as [BIGINT] - [null]
2020-06-10 20:38:40.174 TRACE 56553 --- [    Test worker] o.h.type.descriptor.sql.BasicBinder      : binding parameter [9] as [BIGINT] - [15]
2020-06-10 20:38:40.174 TRACE 56553 --- [    Test worker] o.h.type.descriptor.sql.BasicBinder      : binding parameter [10] as [VARCHAR] - [null]
2020-06-10 20:38:40.174 TRACE 56553 --- [    Test worker] o.h.type.descriptor.sql.BasicBinder      : binding parameter [11] as [VARCHAR] - [-4962768465676381896]
2020-06-10 20:38:40.174 TRACE 56553 --- [    Test worker] o.h.type.descriptor.sql.BasicBinder      : binding parameter [12] as [VARCHAR] - [null]
2020-06-10 20:38:40.174 TRACE 56553 --- [    Test worker] o.h.type.descriptor.sql.BasicBinder      : binding parameter [13] as [VARCHAR] - [null]
2020-06-10 20:38:40.174 TRACE 56553 --- [    Test worker] o.h.type.descriptor.sql.BasicBinder      : binding parameter [14] as [VARCHAR] - [null]
2020-06-10 20:38:40.174 TRACE 56553 --- [    Test worker] o.h.type.descriptor.sql.BasicBinder      : binding parameter [15] as [BOOLEAN] - [false]
2020-06-10 20:38:40.174 TRACE 56553 --- [    Test worker] o.h.type.descriptor.sql.BasicBinder      : binding parameter [16] as [VARCHAR] - [null]
2020-06-10 20:38:40.174 TRACE 56553 --- [    Test worker] o.h.type.descriptor.sql.BasicBinder      : binding parameter [17] as [TIMESTAMP] - [null]
2020-06-10 20:38:40.174 TRACE 56553 --- [    Test worker] o.h.type.descriptor.sql.BasicBinder      : binding parameter [18] as [VARCHAR] - [null]
2020-06-10 20:38:40.174 TRACE 56553 --- [    Test worker] o.h.type.descriptor.sql.BasicBinder      : binding parameter [19] as [VARCHAR] - [null]
2020-06-10 20:38:40.174 TRACE 56553 --- [    Test worker] o.h.type.descriptor.sql.BasicBinder      : binding parameter [20] as [BOOLEAN] - [false]
2020-06-10 20:38:40.174 TRACE 56553 --- [    Test worker] o.h.type.descriptor.sql.BasicBinder      : binding parameter [21] as [TIMESTAMP] - [null]
2020-06-10 20:38:40.174 TRACE 56553 --- [    Test worker] o.h.type.descriptor.sql.BasicBinder      : binding parameter [22] as [VARCHAR] - [null]
2020-06-10 20:38:40.175 TRACE 56553 --- [    Test worker] o.h.type.descriptor.sql.BasicBinder      : binding parameter [23] as [TIMESTAMP] - [null]
2020-06-10 20:38:40.175 TRACE 56553 --- [    Test worker] o.h.type.descriptor.sql.BasicBinder      : binding parameter [24] as [BIGINT] - [null]
2020-06-10 20:38:40.175 TRACE 56553 --- [    Test worker] o.h.type.descriptor.sql.BasicBinder      : binding parameter [25] as [VARCHAR] - [null]
2020-06-10 20:38:40.175 TRACE 56553 --- [    Test worker] o.h.type.descriptor.sql.BasicBinder      : binding parameter [26] as [VARCHAR] - [null]
2020-06-10 20:38:40.175 TRACE 56553 --- [    Test worker] o.h.type.descriptor.sql.BasicBinder      : binding parameter [27] as [VARCHAR] - [null]
2020-06-10 20:38:40.175 TRACE 56553 --- [    Test worker] o.h.type.descriptor.sql.BasicBinder      : binding parameter [28] as [VARCHAR] - [null]
2020-06-10 20:38:40.175 TRACE 56553 --- [    Test worker] o.h.type.descriptor.sql.BasicBinder      : binding parameter [29] as [DATE] - [null]
2020-06-10 20:38:40.175 TRACE 56553 --- [    Test worker] o.h.type.descriptor.sql.BasicBinder      : binding parameter [30] as [VARCHAR] - [null]
Hibernate: 
    insert 
    into
        yhteystieto
        (id, version, kieli, organisaatio_id, yhteystieto_oid, coordinatetype, extrarivi, lat, lng, maa, osavaltio, osoite, osoite_tyyppi, postinumero, postitoimipaikka, ytjpaivityspvm, dtype) 
    values
        (null, ?, ?, ?, ?, ?, ?, ?, ?, ?, ?, ?, ?, ?, ?, ?, 'Osoite')
2020-06-10 20:38:40.177 TRACE 56553 --- [    Test worker] o.h.type.descriptor.sql.BasicBinder      : binding parameter [1] as [BIGINT] - [0]
2020-06-10 20:38:40.177 TRACE 56553 --- [    Test worker] o.h.type.descriptor.sql.BasicBinder      : binding parameter [2] as [VARCHAR] - [null]
2020-06-10 20:38:40.177 TRACE 56553 --- [    Test worker] o.h.type.descriptor.sql.BasicBinder      : binding parameter [3] as [BIGINT] - [null]
2020-06-10 20:38:40.177 TRACE 56553 --- [    Test worker] o.h.type.descriptor.sql.BasicBinder      : binding parameter [4] as [VARCHAR] - [c53fa8f8-968f-4da9-b4fd-dfa8ff35d031]
2020-06-10 20:38:40.177 TRACE 56553 --- [    Test worker] o.h.type.descriptor.sql.BasicBinder      : binding parameter [5] as [VARCHAR] - [null]
2020-06-10 20:38:40.177 TRACE 56553 --- [    Test worker] o.h.type.descriptor.sql.BasicBinder      : binding parameter [6] as [VARCHAR] - [null]
2020-06-10 20:38:40.177 TRACE 56553 --- [    Test worker] o.h.type.descriptor.sql.BasicBinder      : binding parameter [7] as [DOUBLE] - [null]
2020-06-10 20:38:40.177 TRACE 56553 --- [    Test worker] o.h.type.descriptor.sql.BasicBinder      : binding parameter [8] as [DOUBLE] - [null]
2020-06-10 20:38:40.177 TRACE 56553 --- [    Test worker] o.h.type.descriptor.sql.BasicBinder      : binding parameter [9] as [VARCHAR] - [null]
2020-06-10 20:38:40.177 TRACE 56553 --- [    Test worker] o.h.type.descriptor.sql.BasicBinder      : binding parameter [10] as [VARCHAR] - [null]
2020-06-10 20:38:40.177 TRACE 56553 --- [    Test worker] o.h.type.descriptor.sql.BasicBinder      : binding parameter [11] as [VARCHAR] - [katu]
2020-06-10 20:38:40.177 TRACE 56553 --- [    Test worker] o.h.type.descriptor.sql.BasicBinder      : binding parameter [12] as [VARCHAR] - [kaynti]
2020-06-10 20:38:40.178 TRACE 56553 --- [    Test worker] o.h.type.descriptor.sql.BasicBinder      : binding parameter [13] as [VARCHAR] - [0000]
2020-06-10 20:38:40.178 TRACE 56553 --- [    Test worker] o.h.type.descriptor.sql.BasicBinder      : binding parameter [14] as [VARCHAR] - [Helsinki]
2020-06-10 20:38:40.178 TRACE 56553 --- [    Test worker] o.h.type.descriptor.sql.BasicBinder      : binding parameter [15] as [DATE] - [null]
2020-06-10 20:38:40.178  INFO 56553 --- [    Test worker] f.v.s.o.r.OrganisaatioRepositoryImplTest : createOrganisaatio(B)
Hibernate: 
    insert 
    into
        monikielinen_teksti
        (id, version) 
    values
        (null, ?)
2020-06-10 20:38:40.180 TRACE 56553 --- [    Test worker] o.h.type.descriptor.sql.BasicBinder      : binding parameter [1] as [BIGINT] - [0]
Hibernate: 
    insert 
    into
        organisaatio
        (id, version, alkupvm, domainnimi, kotipaikka, kuvaus_mkt, lakkautuspvm, maa, metadata_id, nimi_mkt, nimihaku, oid, opetuspisteenjarjnro, oppilaitoskoodi, oppilaitos_tyyppi, organisaatio_poistettu, paivittaja, paivityspvm, parentidpath, parentoidpath, piilotettu, tarkastus_pvm, toimipistekoodi, tuontipvm, varhaiskasvatuksen_toimipaikka_tiedot_id, virastotunnus, yhteishaunkoulukoodi, yritysmuoto, ytj_kieli, ytjpaivityspvm, ytunnus) 
    values
        (null, ?, ?, ?, ?, ?, ?, ?, ?, ?, ?, ?, ?, ?, ?, ?, ?, ?, ?, ?, ?, ?, ?, ?, ?, ?, ?, ?, ?, ?, ?)
2020-06-10 20:38:40.181 TRACE 56553 --- [    Test worker] o.h.type.descriptor.sql.BasicBinder      : binding parameter [1] as [BIGINT] - [0]
2020-06-10 20:38:40.181 TRACE 56553 --- [    Test worker] o.h.type.descriptor.sql.BasicBinder      : binding parameter [2] as [DATE] - [null]
2020-06-10 20:38:40.181 TRACE 56553 --- [    Test worker] o.h.type.descriptor.sql.BasicBinder      : binding parameter [3] as [VARCHAR] - [null]
2020-06-10 20:38:40.181 TRACE 56553 --- [    Test worker] o.h.type.descriptor.sql.BasicBinder      : binding parameter [4] as [VARCHAR] - [null]
2020-06-10 20:38:40.181 TRACE 56553 --- [    Test worker] o.h.type.descriptor.sql.BasicBinder      : binding parameter [5] as [BIGINT] - [null]
2020-06-10 20:38:40.181 TRACE 56553 --- [    Test worker] o.h.type.descriptor.sql.BasicBinder      : binding parameter [6] as [DATE] - [null]
2020-06-10 20:38:40.181 TRACE 56553 --- [    Test worker] o.h.type.descriptor.sql.BasicBinder      : binding parameter [7] as [VARCHAR] - [null]
2020-06-10 20:38:40.181 TRACE 56553 --- [    Test worker] o.h.type.descriptor.sql.BasicBinder      : binding parameter [8] as [BIGINT] - [null]
2020-06-10 20:38:40.181 TRACE 56553 --- [    Test worker] o.h.type.descriptor.sql.BasicBinder      : binding parameter [9] as [BIGINT] - [16]
2020-06-10 20:38:40.181 TRACE 56553 --- [    Test worker] o.h.type.descriptor.sql.BasicBinder      : binding parameter [10] as [VARCHAR] - [null]
2020-06-10 20:38:40.181 TRACE 56553 --- [    Test worker] o.h.type.descriptor.sql.BasicBinder      : binding parameter [11] as [VARCHAR] - [4437113781045784766]
2020-06-10 20:38:40.181 TRACE 56553 --- [    Test worker] o.h.type.descriptor.sql.BasicBinder      : binding parameter [12] as [VARCHAR] - [null]
2020-06-10 20:38:40.181 TRACE 56553 --- [    Test worker] o.h.type.descriptor.sql.BasicBinder      : binding parameter [13] as [VARCHAR] - [null]
2020-06-10 20:38:40.181 TRACE 56553 --- [    Test worker] o.h.type.descriptor.sql.BasicBinder      : binding parameter [14] as [VARCHAR] - [null]
2020-06-10 20:38:40.181 TRACE 56553 --- [    Test worker] o.h.type.descriptor.sql.BasicBinder      : binding parameter [15] as [BOOLEAN] - [false]
2020-06-10 20:38:40.182 TRACE 56553 --- [    Test worker] o.h.type.descriptor.sql.BasicBinder      : binding parameter [16] as [VARCHAR] - [null]
2020-06-10 20:38:40.182 TRACE 56553 --- [    Test worker] o.h.type.descriptor.sql.BasicBinder      : binding parameter [17] as [TIMESTAMP] - [null]
2020-06-10 20:38:40.182 TRACE 56553 --- [    Test worker] o.h.type.descriptor.sql.BasicBinder      : binding parameter [18] as [VARCHAR] - [null]
2020-06-10 20:38:40.182 TRACE 56553 --- [    Test worker] o.h.type.descriptor.sql.BasicBinder      : binding parameter [19] as [VARCHAR] - [null]
2020-06-10 20:38:40.182 TRACE 56553 --- [    Test worker] o.h.type.descriptor.sql.BasicBinder      : binding parameter [20] as [BOOLEAN] - [false]
2020-06-10 20:38:40.182 TRACE 56553 --- [    Test worker] o.h.type.descriptor.sql.BasicBinder      : binding parameter [21] as [TIMESTAMP] - [null]
2020-06-10 20:38:40.182 TRACE 56553 --- [    Test worker] o.h.type.descriptor.sql.BasicBinder      : binding parameter [22] as [VARCHAR] - [null]
2020-06-10 20:38:40.182 TRACE 56553 --- [    Test worker] o.h.type.descriptor.sql.BasicBinder      : binding parameter [23] as [TIMESTAMP] - [null]
2020-06-10 20:38:40.182 TRACE 56553 --- [    Test worker] o.h.type.descriptor.sql.BasicBinder      : binding parameter [24] as [BIGINT] - [null]
2020-06-10 20:38:40.182 TRACE 56553 --- [    Test worker] o.h.type.descriptor.sql.BasicBinder      : binding parameter [25] as [VARCHAR] - [null]
2020-06-10 20:38:40.182 TRACE 56553 --- [    Test worker] o.h.type.descriptor.sql.BasicBinder      : binding parameter [26] as [VARCHAR] - [null]
2020-06-10 20:38:40.182 TRACE 56553 --- [    Test worker] o.h.type.descriptor.sql.BasicBinder      : binding parameter [27] as [VARCHAR] - [null]
2020-06-10 20:38:40.183 TRACE 56553 --- [    Test worker] o.h.type.descriptor.sql.BasicBinder      : binding parameter [28] as [VARCHAR] - [null]
2020-06-10 20:38:40.183 TRACE 56553 --- [    Test worker] o.h.type.descriptor.sql.BasicBinder      : binding parameter [29] as [DATE] - [null]
2020-06-10 20:38:40.183 TRACE 56553 --- [    Test worker] o.h.type.descriptor.sql.BasicBinder      : binding parameter [30] as [VARCHAR] - [null]
Hibernate: 
    insert 
    into
        yhteystieto
        (id, version, kieli, organisaatio_id, yhteystieto_oid, coordinatetype, extrarivi, lat, lng, maa, osavaltio, osoite, osoite_tyyppi, postinumero, postitoimipaikka, ytjpaivityspvm, dtype) 
    values
        (null, ?, ?, ?, ?, ?, ?, ?, ?, ?, ?, ?, ?, ?, ?, ?, 'Osoite')
2020-06-10 20:38:40.184 TRACE 56553 --- [    Test worker] o.h.type.descriptor.sql.BasicBinder      : binding parameter [1] as [BIGINT] - [0]
2020-06-10 20:38:40.184 TRACE 56553 --- [    Test worker] o.h.type.descriptor.sql.BasicBinder      : binding parameter [2] as [VARCHAR] - [null]
2020-06-10 20:38:40.184 TRACE 56553 --- [    Test worker] o.h.type.descriptor.sql.BasicBinder      : binding parameter [3] as [BIGINT] - [null]
2020-06-10 20:38:40.184 TRACE 56553 --- [    Test worker] o.h.type.descriptor.sql.BasicBinder      : binding parameter [4] as [VARCHAR] - [11703ea9-16d8-44f1-8147-994b47382972]
2020-06-10 20:38:40.184 TRACE 56553 --- [    Test worker] o.h.type.descriptor.sql.BasicBinder      : binding parameter [5] as [VARCHAR] - [null]
2020-06-10 20:38:40.184 TRACE 56553 --- [    Test worker] o.h.type.descriptor.sql.BasicBinder      : binding parameter [6] as [VARCHAR] - [null]
2020-06-10 20:38:40.184 TRACE 56553 --- [    Test worker] o.h.type.descriptor.sql.BasicBinder      : binding parameter [7] as [DOUBLE] - [null]
2020-06-10 20:38:40.184 TRACE 56553 --- [    Test worker] o.h.type.descriptor.sql.BasicBinder      : binding parameter [8] as [DOUBLE] - [null]
2020-06-10 20:38:40.184 TRACE 56553 --- [    Test worker] o.h.type.descriptor.sql.BasicBinder      : binding parameter [9] as [VARCHAR] - [null]
2020-06-10 20:38:40.184 TRACE 56553 --- [    Test worker] o.h.type.descriptor.sql.BasicBinder      : binding parameter [10] as [VARCHAR] - [null]
2020-06-10 20:38:40.184 TRACE 56553 --- [    Test worker] o.h.type.descriptor.sql.BasicBinder      : binding parameter [11] as [VARCHAR] - [katu]
2020-06-10 20:38:40.184 TRACE 56553 --- [    Test worker] o.h.type.descriptor.sql.BasicBinder      : binding parameter [12] as [VARCHAR] - [kaynti]
2020-06-10 20:38:40.184 TRACE 56553 --- [    Test worker] o.h.type.descriptor.sql.BasicBinder      : binding parameter [13] as [VARCHAR] - [0000]
2020-06-10 20:38:40.184 TRACE 56553 --- [    Test worker] o.h.type.descriptor.sql.BasicBinder      : binding parameter [14] as [VARCHAR] - [Helsinki]
2020-06-10 20:38:40.184 TRACE 56553 --- [    Test worker] o.h.type.descriptor.sql.BasicBinder      : binding parameter [15] as [DATE] - [null]
2020-06-10 20:38:40.185  INFO 56553 --- [    Test worker] .s.o.r.i.OrganisaatioSuhdeRepositoryImpl : addChild(24, 25, null)
Hibernate: 
    insert 
    into
        organisaatiosuhde
        (id, version, alkupvm, child_id, loppupvm, opetuspisteenjarjnro, parent_id, suhdetyyppi) 
    values
        (null, ?, ?, ?, ?, ?, ?, ?)
2020-06-10 20:38:40.186 TRACE 56553 --- [    Test worker] o.h.type.descriptor.sql.BasicBinder      : binding parameter [1] as [BIGINT] - [0]
2020-06-10 20:38:40.186 TRACE 56553 --- [    Test worker] o.h.type.descriptor.sql.BasicBinder      : binding parameter [2] as [DATE] - [Wed Jun 10 20:38:40 EEST 2020]
2020-06-10 20:38:40.186 TRACE 56553 --- [    Test worker] o.h.type.descriptor.sql.BasicBinder      : binding parameter [3] as [BIGINT] - [25]
2020-06-10 20:38:40.186 TRACE 56553 --- [    Test worker] o.h.type.descriptor.sql.BasicBinder      : binding parameter [4] as [DATE] - [null]
2020-06-10 20:38:40.186 TRACE 56553 --- [    Test worker] o.h.type.descriptor.sql.BasicBinder      : binding parameter [5] as [VARCHAR] - [null]
2020-06-10 20:38:40.186 TRACE 56553 --- [    Test worker] o.h.type.descriptor.sql.BasicBinder      : binding parameter [6] as [BIGINT] - [24]
2020-06-10 20:38:40.186 TRACE 56553 --- [    Test worker] o.h.type.descriptor.sql.BasicBinder      : binding parameter [7] as [VARCHAR] - [HISTORIA]
2020-06-10 20:38:40.186  INFO 56553 --- [    Test worker] .s.o.r.i.OrganisaatioSuhdeRepositoryImpl :     Created new child relation:  --> pId=24, cId=25, aPvm=Wed Jun 10 20:38:40 EEST 2020, lPvm=null
2020-06-10 20:38:40.187  INFO 56553 --- [    Test worker] f.v.s.o.r.OrganisaatioRepositoryImplTest : YHTEYSTIEDOT: 1
2020-06-10 20:38:40.187  INFO 56553 --- [    Test worker] f.v.s.o.r.OrganisaatioRepositoryImplTest : PARENTS: 1
2020-06-10 20:38:40.187  INFO 56553 --- [    Test worker] f.v.s.o.r.OrganisaatioRepositoryImplTest : createOrganisaatio(C)
Hibernate: 
    insert 
    into
        monikielinen_teksti
        (id, version) 
    values
        (null, ?)
2020-06-10 20:38:40.187 TRACE 56553 --- [    Test worker] o.h.type.descriptor.sql.BasicBinder      : binding parameter [1] as [BIGINT] - [0]
Hibernate: 
    insert 
    into
        organisaatio
        (id, version, alkupvm, domainnimi, kotipaikka, kuvaus_mkt, lakkautuspvm, maa, metadata_id, nimi_mkt, nimihaku, oid, opetuspisteenjarjnro, oppilaitoskoodi, oppilaitos_tyyppi, organisaatio_poistettu, paivittaja, paivityspvm, parentidpath, parentoidpath, piilotettu, tarkastus_pvm, toimipistekoodi, tuontipvm, varhaiskasvatuksen_toimipaikka_tiedot_id, virastotunnus, yhteishaunkoulukoodi, yritysmuoto, ytj_kieli, ytjpaivityspvm, ytunnus) 
    values
        (null, ?, ?, ?, ?, ?, ?, ?, ?, ?, ?, ?, ?, ?, ?, ?, ?, ?, ?, ?, ?, ?, ?, ?, ?, ?, ?, ?, ?, ?, ?)
2020-06-10 20:38:40.188 TRACE 56553 --- [    Test worker] o.h.type.descriptor.sql.BasicBinder      : binding parameter [1] as [BIGINT] - [0]
2020-06-10 20:38:40.188 TRACE 56553 --- [    Test worker] o.h.type.descriptor.sql.BasicBinder      : binding parameter [2] as [DATE] - [null]
2020-06-10 20:38:40.188 TRACE 56553 --- [    Test worker] o.h.type.descriptor.sql.BasicBinder      : binding parameter [3] as [VARCHAR] - [null]
2020-06-10 20:38:40.188 TRACE 56553 --- [    Test worker] o.h.type.descriptor.sql.BasicBinder      : binding parameter [4] as [VARCHAR] - [null]
2020-06-10 20:38:40.188 TRACE 56553 --- [    Test worker] o.h.type.descriptor.sql.BasicBinder      : binding parameter [5] as [BIGINT] - [null]
2020-06-10 20:38:40.188 TRACE 56553 --- [    Test worker] o.h.type.descriptor.sql.BasicBinder      : binding parameter [6] as [DATE] - [null]
2020-06-10 20:38:40.188 TRACE 56553 --- [    Test worker] o.h.type.descriptor.sql.BasicBinder      : binding parameter [7] as [VARCHAR] - [null]
2020-06-10 20:38:40.188 TRACE 56553 --- [    Test worker] o.h.type.descriptor.sql.BasicBinder      : binding parameter [8] as [BIGINT] - [null]
2020-06-10 20:38:40.188 TRACE 56553 --- [    Test worker] o.h.type.descriptor.sql.BasicBinder      : binding parameter [9] as [BIGINT] - [17]
2020-06-10 20:38:40.188 TRACE 56553 --- [    Test worker] o.h.type.descriptor.sql.BasicBinder      : binding parameter [10] as [VARCHAR] - [null]
2020-06-10 20:38:40.188 TRACE 56553 --- [    Test worker] o.h.type.descriptor.sql.BasicBinder      : binding parameter [11] as [VARCHAR] - [-6688467811848818630]
2020-06-10 20:38:40.188 TRACE 56553 --- [    Test worker] o.h.type.descriptor.sql.BasicBinder      : binding parameter [12] as [VARCHAR] - [null]
2020-06-10 20:38:40.188 TRACE 56553 --- [    Test worker] o.h.type.descriptor.sql.BasicBinder      : binding parameter [13] as [VARCHAR] - [null]
2020-06-10 20:38:40.188 TRACE 56553 --- [    Test worker] o.h.type.descriptor.sql.BasicBinder      : binding parameter [14] as [VARCHAR] - [null]
2020-06-10 20:38:40.188 TRACE 56553 --- [    Test worker] o.h.type.descriptor.sql.BasicBinder      : binding parameter [15] as [BOOLEAN] - [false]
2020-06-10 20:38:40.189 TRACE 56553 --- [    Test worker] o.h.type.descriptor.sql.BasicBinder      : binding parameter [16] as [VARCHAR] - [null]
2020-06-10 20:38:40.189 TRACE 56553 --- [    Test worker] o.h.type.descriptor.sql.BasicBinder      : binding parameter [17] as [TIMESTAMP] - [null]
2020-06-10 20:38:40.189 TRACE 56553 --- [    Test worker] o.h.type.descriptor.sql.BasicBinder      : binding parameter [18] as [VARCHAR] - [null]
2020-06-10 20:38:40.189 TRACE 56553 --- [    Test worker] o.h.type.descriptor.sql.BasicBinder      : binding parameter [19] as [VARCHAR] - [null]
2020-06-10 20:38:40.189 TRACE 56553 --- [    Test worker] o.h.type.descriptor.sql.BasicBinder      : binding parameter [20] as [BOOLEAN] - [false]
2020-06-10 20:38:40.189 TRACE 56553 --- [    Test worker] o.h.type.descriptor.sql.BasicBinder      : binding parameter [21] as [TIMESTAMP] - [null]
2020-06-10 20:38:40.189 TRACE 56553 --- [    Test worker] o.h.type.descriptor.sql.BasicBinder      : binding parameter [22] as [VARCHAR] - [null]
2020-06-10 20:38:40.189 TRACE 56553 --- [    Test worker] o.h.type.descriptor.sql.BasicBinder      : binding parameter [23] as [TIMESTAMP] - [null]
2020-06-10 20:38:40.189 TRACE 56553 --- [    Test worker] o.h.type.descriptor.sql.BasicBinder      : binding parameter [24] as [BIGINT] - [null]
2020-06-10 20:38:40.189 TRACE 56553 --- [    Test worker] o.h.type.descriptor.sql.BasicBinder      : binding parameter [25] as [VARCHAR] - [null]
2020-06-10 20:38:40.189 TRACE 56553 --- [    Test worker] o.h.type.descriptor.sql.BasicBinder      : binding parameter [26] as [VARCHAR] - [null]
2020-06-10 20:38:40.189 TRACE 56553 --- [    Test worker] o.h.type.descriptor.sql.BasicBinder      : binding parameter [27] as [VARCHAR] - [null]
2020-06-10 20:38:40.189 TRACE 56553 --- [    Test worker] o.h.type.descriptor.sql.BasicBinder      : binding parameter [28] as [VARCHAR] - [null]
2020-06-10 20:38:40.189 TRACE 56553 --- [    Test worker] o.h.type.descriptor.sql.BasicBinder      : binding parameter [29] as [DATE] - [null]
2020-06-10 20:38:40.189 TRACE 56553 --- [    Test worker] o.h.type.descriptor.sql.BasicBinder      : binding parameter [30] as [VARCHAR] - [null]
Hibernate: 
    insert 
    into
        yhteystieto
        (id, version, kieli, organisaatio_id, yhteystieto_oid, coordinatetype, extrarivi, lat, lng, maa, osavaltio, osoite, osoite_tyyppi, postinumero, postitoimipaikka, ytjpaivityspvm, dtype) 
    values
        (null, ?, ?, ?, ?, ?, ?, ?, ?, ?, ?, ?, ?, ?, ?, ?, 'Osoite')
2020-06-10 20:38:40.190 TRACE 56553 --- [    Test worker] o.h.type.descriptor.sql.BasicBinder      : binding parameter [1] as [BIGINT] - [0]
2020-06-10 20:38:40.190 TRACE 56553 --- [    Test worker] o.h.type.descriptor.sql.BasicBinder      : binding parameter [2] as [VARCHAR] - [null]
2020-06-10 20:38:40.190 TRACE 56553 --- [    Test worker] o.h.type.descriptor.sql.BasicBinder      : binding parameter [3] as [BIGINT] - [null]
2020-06-10 20:38:40.190 TRACE 56553 --- [    Test worker] o.h.type.descriptor.sql.BasicBinder      : binding parameter [4] as [VARCHAR] - [fc8fc30f-04c8-4421-bd94-b1717725aad7]
2020-06-10 20:38:40.190 TRACE 56553 --- [    Test worker] o.h.type.descriptor.sql.BasicBinder      : binding parameter [5] as [VARCHAR] - [null]
2020-06-10 20:38:40.190 TRACE 56553 --- [    Test worker] o.h.type.descriptor.sql.BasicBinder      : binding parameter [6] as [VARCHAR] - [null]
2020-06-10 20:38:40.190 TRACE 56553 --- [    Test worker] o.h.type.descriptor.sql.BasicBinder      : binding parameter [7] as [DOUBLE] - [null]
2020-06-10 20:38:40.190 TRACE 56553 --- [    Test worker] o.h.type.descriptor.sql.BasicBinder      : binding parameter [8] as [DOUBLE] - [null]
2020-06-10 20:38:40.190 TRACE 56553 --- [    Test worker] o.h.type.descriptor.sql.BasicBinder      : binding parameter [9] as [VARCHAR] - [null]
2020-06-10 20:38:40.190 TRACE 56553 --- [    Test worker] o.h.type.descriptor.sql.BasicBinder      : binding parameter [10] as [VARCHAR] - [null]
2020-06-10 20:38:40.190 TRACE 56553 --- [    Test worker] o.h.type.descriptor.sql.BasicBinder      : binding parameter [11] as [VARCHAR] - [katu]
2020-06-10 20:38:40.190 TRACE 56553 --- [    Test worker] o.h.type.descriptor.sql.BasicBinder      : binding parameter [12] as [VARCHAR] - [kaynti]
2020-06-10 20:38:40.190 TRACE 56553 --- [    Test worker] o.h.type.descriptor.sql.BasicBinder      : binding parameter [13] as [VARCHAR] - [0000]
2020-06-10 20:38:40.190 TRACE 56553 --- [    Test worker] o.h.type.descriptor.sql.BasicBinder      : binding parameter [14] as [VARCHAR] - [Helsinki]
2020-06-10 20:38:40.190 TRACE 56553 --- [    Test worker] o.h.type.descriptor.sql.BasicBinder      : binding parameter [15] as [DATE] - [null]
2020-06-10 20:38:40.191  INFO 56553 --- [    Test worker] .s.o.r.i.OrganisaatioSuhdeRepositoryImpl : addChild(24, 26, null)
Hibernate: 
    insert 
    into
        organisaatiosuhde
        (id, version, alkupvm, child_id, loppupvm, opetuspisteenjarjnro, parent_id, suhdetyyppi) 
    values
        (null, ?, ?, ?, ?, ?, ?, ?)
2020-06-10 20:38:40.192 TRACE 56553 --- [    Test worker] o.h.type.descriptor.sql.BasicBinder      : binding parameter [1] as [BIGINT] - [0]
2020-06-10 20:38:40.192 TRACE 56553 --- [    Test worker] o.h.type.descriptor.sql.BasicBinder      : binding parameter [2] as [DATE] - [Wed Jun 10 20:38:40 EEST 2020]
2020-06-10 20:38:40.192 TRACE 56553 --- [    Test worker] o.h.type.descriptor.sql.BasicBinder      : binding parameter [3] as [BIGINT] - [26]
2020-06-10 20:38:40.192 TRACE 56553 --- [    Test worker] o.h.type.descriptor.sql.BasicBinder      : binding parameter [4] as [DATE] - [null]
2020-06-10 20:38:40.192 TRACE 56553 --- [    Test worker] o.h.type.descriptor.sql.BasicBinder      : binding parameter [5] as [VARCHAR] - [null]
2020-06-10 20:38:40.192 TRACE 56553 --- [    Test worker] o.h.type.descriptor.sql.BasicBinder      : binding parameter [6] as [BIGINT] - [24]
2020-06-10 20:38:40.192 TRACE 56553 --- [    Test worker] o.h.type.descriptor.sql.BasicBinder      : binding parameter [7] as [VARCHAR] - [HISTORIA]
2020-06-10 20:38:40.192  INFO 56553 --- [    Test worker] .s.o.r.i.OrganisaatioSuhdeRepositoryImpl :     Created new child relation:  --> pId=24, cId=26, aPvm=Wed Jun 10 20:38:40 EEST 2020, lPvm=null
2020-06-10 20:38:40.192  INFO 56553 --- [    Test worker] f.v.s.o.r.OrganisaatioRepositoryImplTest : YHTEYSTIEDOT: 1
2020-06-10 20:38:40.192  INFO 56553 --- [    Test worker] f.v.s.o.r.OrganisaatioRepositoryImplTest : PARENTS: 1
2020-06-10 20:38:40.192  INFO 56553 --- [    Test worker] f.v.s.o.r.OrganisaatioRepositoryImplTest : createOrganisaatio(D)
Hibernate: 
    insert 
    into
        monikielinen_teksti
        (id, version) 
    values
        (null, ?)
2020-06-10 20:38:40.193 TRACE 56553 --- [    Test worker] o.h.type.descriptor.sql.BasicBinder      : binding parameter [1] as [BIGINT] - [0]
Hibernate: 
    insert 
    into
        organisaatio
        (id, version, alkupvm, domainnimi, kotipaikka, kuvaus_mkt, lakkautuspvm, maa, metadata_id, nimi_mkt, nimihaku, oid, opetuspisteenjarjnro, oppilaitoskoodi, oppilaitos_tyyppi, organisaatio_poistettu, paivittaja, paivityspvm, parentidpath, parentoidpath, piilotettu, tarkastus_pvm, toimipistekoodi, tuontipvm, varhaiskasvatuksen_toimipaikka_tiedot_id, virastotunnus, yhteishaunkoulukoodi, yritysmuoto, ytj_kieli, ytjpaivityspvm, ytunnus) 
    values
        (null, ?, ?, ?, ?, ?, ?, ?, ?, ?, ?, ?, ?, ?, ?, ?, ?, ?, ?, ?, ?, ?, ?, ?, ?, ?, ?, ?, ?, ?, ?)
2020-06-10 20:38:40.194 TRACE 56553 --- [    Test worker] o.h.type.descriptor.sql.BasicBinder      : binding parameter [1] as [BIGINT] - [0]
2020-06-10 20:38:40.194 TRACE 56553 --- [    Test worker] o.h.type.descriptor.sql.BasicBinder      : binding parameter [2] as [DATE] - [null]
2020-06-10 20:38:40.194 TRACE 56553 --- [    Test worker] o.h.type.descriptor.sql.BasicBinder      : binding parameter [3] as [VARCHAR] - [null]
2020-06-10 20:38:40.194 TRACE 56553 --- [    Test worker] o.h.type.descriptor.sql.BasicBinder      : binding parameter [4] as [VARCHAR] - [null]
2020-06-10 20:38:40.194 TRACE 56553 --- [    Test worker] o.h.type.descriptor.sql.BasicBinder      : binding parameter [5] as [BIGINT] - [null]
2020-06-10 20:38:40.194 TRACE 56553 --- [    Test worker] o.h.type.descriptor.sql.BasicBinder      : binding parameter [6] as [DATE] - [null]
2020-06-10 20:38:40.194 TRACE 56553 --- [    Test worker] o.h.type.descriptor.sql.BasicBinder      : binding parameter [7] as [VARCHAR] - [null]
2020-06-10 20:38:40.194 TRACE 56553 --- [    Test worker] o.h.type.descriptor.sql.BasicBinder      : binding parameter [8] as [BIGINT] - [null]
2020-06-10 20:38:40.194 TRACE 56553 --- [    Test worker] o.h.type.descriptor.sql.BasicBinder      : binding parameter [9] as [BIGINT] - [18]
2020-06-10 20:38:40.194 TRACE 56553 --- [    Test worker] o.h.type.descriptor.sql.BasicBinder      : binding parameter [10] as [VARCHAR] - [null]
2020-06-10 20:38:40.194 TRACE 56553 --- [    Test worker] o.h.type.descriptor.sql.BasicBinder      : binding parameter [11] as [VARCHAR] - [-8292973307042192125]
2020-06-10 20:38:40.194 TRACE 56553 --- [    Test worker] o.h.type.descriptor.sql.BasicBinder      : binding parameter [12] as [VARCHAR] - [null]
2020-06-10 20:38:40.194 TRACE 56553 --- [    Test worker] o.h.type.descriptor.sql.BasicBinder      : binding parameter [13] as [VARCHAR] - [null]
2020-06-10 20:38:40.194 TRACE 56553 --- [    Test worker] o.h.type.descriptor.sql.BasicBinder      : binding parameter [14] as [VARCHAR] - [null]
2020-06-10 20:38:40.194 TRACE 56553 --- [    Test worker] o.h.type.descriptor.sql.BasicBinder      : binding parameter [15] as [BOOLEAN] - [false]
2020-06-10 20:38:40.194 TRACE 56553 --- [    Test worker] o.h.type.descriptor.sql.BasicBinder      : binding parameter [16] as [VARCHAR] - [null]
2020-06-10 20:38:40.194 TRACE 56553 --- [    Test worker] o.h.type.descriptor.sql.BasicBinder      : binding parameter [17] as [TIMESTAMP] - [null]
2020-06-10 20:38:40.194 TRACE 56553 --- [    Test worker] o.h.type.descriptor.sql.BasicBinder      : binding parameter [18] as [VARCHAR] - [null]
2020-06-10 20:38:40.194 TRACE 56553 --- [    Test worker] o.h.type.descriptor.sql.BasicBinder      : binding parameter [19] as [VARCHAR] - [null]
2020-06-10 20:38:40.194 TRACE 56553 --- [    Test worker] o.h.type.descriptor.sql.BasicBinder      : binding parameter [20] as [BOOLEAN] - [false]
2020-06-10 20:38:40.194 TRACE 56553 --- [    Test worker] o.h.type.descriptor.sql.BasicBinder      : binding parameter [21] as [TIMESTAMP] - [null]
2020-06-10 20:38:40.194 TRACE 56553 --- [    Test worker] o.h.type.descriptor.sql.BasicBinder      : binding parameter [22] as [VARCHAR] - [null]
2020-06-10 20:38:40.194 TRACE 56553 --- [    Test worker] o.h.type.descriptor.sql.BasicBinder      : binding parameter [23] as [TIMESTAMP] - [null]
2020-06-10 20:38:40.194 TRACE 56553 --- [    Test worker] o.h.type.descriptor.sql.BasicBinder      : binding parameter [24] as [BIGINT] - [null]
2020-06-10 20:38:40.194 TRACE 56553 --- [    Test worker] o.h.type.descriptor.sql.BasicBinder      : binding parameter [25] as [VARCHAR] - [null]
2020-06-10 20:38:40.194 TRACE 56553 --- [    Test worker] o.h.type.descriptor.sql.BasicBinder      : binding parameter [26] as [VARCHAR] - [null]
2020-06-10 20:38:40.195 TRACE 56553 --- [    Test worker] o.h.type.descriptor.sql.BasicBinder      : binding parameter [27] as [VARCHAR] - [null]
2020-06-10 20:38:40.195 TRACE 56553 --- [    Test worker] o.h.type.descriptor.sql.BasicBinder      : binding parameter [28] as [VARCHAR] - [null]
2020-06-10 20:38:40.195 TRACE 56553 --- [    Test worker] o.h.type.descriptor.sql.BasicBinder      : binding parameter [29] as [DATE] - [null]
2020-06-10 20:38:40.195 TRACE 56553 --- [    Test worker] o.h.type.descriptor.sql.BasicBinder      : binding parameter [30] as [VARCHAR] - [null]
Hibernate: 
    insert 
    into
        yhteystieto
        (id, version, kieli, organisaatio_id, yhteystieto_oid, coordinatetype, extrarivi, lat, lng, maa, osavaltio, osoite, osoite_tyyppi, postinumero, postitoimipaikka, ytjpaivityspvm, dtype) 
    values
        (null, ?, ?, ?, ?, ?, ?, ?, ?, ?, ?, ?, ?, ?, ?, ?, 'Osoite')
2020-06-10 20:38:40.196 TRACE 56553 --- [    Test worker] o.h.type.descriptor.sql.BasicBinder      : binding parameter [1] as [BIGINT] - [0]
2020-06-10 20:38:40.196 TRACE 56553 --- [    Test worker] o.h.type.descriptor.sql.BasicBinder      : binding parameter [2] as [VARCHAR] - [null]
2020-06-10 20:38:40.196 TRACE 56553 --- [    Test worker] o.h.type.descriptor.sql.BasicBinder      : binding parameter [3] as [BIGINT] - [null]
2020-06-10 20:38:40.196 TRACE 56553 --- [    Test worker] o.h.type.descriptor.sql.BasicBinder      : binding parameter [4] as [VARCHAR] - [ee47b834-3ea4-453e-a25a-e331d3dafd54]
2020-06-10 20:38:40.196 TRACE 56553 --- [    Test worker] o.h.type.descriptor.sql.BasicBinder      : binding parameter [5] as [VARCHAR] - [null]
2020-06-10 20:38:40.196 TRACE 56553 --- [    Test worker] o.h.type.descriptor.sql.BasicBinder      : binding parameter [6] as [VARCHAR] - [null]
2020-06-10 20:38:40.196 TRACE 56553 --- [    Test worker] o.h.type.descriptor.sql.BasicBinder      : binding parameter [7] as [DOUBLE] - [null]
2020-06-10 20:38:40.196 TRACE 56553 --- [    Test worker] o.h.type.descriptor.sql.BasicBinder      : binding parameter [8] as [DOUBLE] - [null]
2020-06-10 20:38:40.196 TRACE 56553 --- [    Test worker] o.h.type.descriptor.sql.BasicBinder      : binding parameter [9] as [VARCHAR] - [null]
2020-06-10 20:38:40.196 TRACE 56553 --- [    Test worker] o.h.type.descriptor.sql.BasicBinder      : binding parameter [10] as [VARCHAR] - [null]
2020-06-10 20:38:40.196 TRACE 56553 --- [    Test worker] o.h.type.descriptor.sql.BasicBinder      : binding parameter [11] as [VARCHAR] - [katu]
2020-06-10 20:38:40.196 TRACE 56553 --- [    Test worker] o.h.type.descriptor.sql.BasicBinder      : binding parameter [12] as [VARCHAR] - [kaynti]
2020-06-10 20:38:40.196 TRACE 56553 --- [    Test worker] o.h.type.descriptor.sql.BasicBinder      : binding parameter [13] as [VARCHAR] - [0000]
2020-06-10 20:38:40.196 TRACE 56553 --- [    Test worker] o.h.type.descriptor.sql.BasicBinder      : binding parameter [14] as [VARCHAR] - [Helsinki]
2020-06-10 20:38:40.196 TRACE 56553 --- [    Test worker] o.h.type.descriptor.sql.BasicBinder      : binding parameter [15] as [DATE] - [null]
2020-06-10 20:38:40.197  INFO 56553 --- [    Test worker] .s.o.r.i.OrganisaatioSuhdeRepositoryImpl : addChild(25, 27, null)
Hibernate: 
    insert 
    into
        organisaatiosuhde
        (id, version, alkupvm, child_id, loppupvm, opetuspisteenjarjnro, parent_id, suhdetyyppi) 
    values
        (null, ?, ?, ?, ?, ?, ?, ?)
2020-06-10 20:38:40.197 TRACE 56553 --- [    Test worker] o.h.type.descriptor.sql.BasicBinder      : binding parameter [1] as [BIGINT] - [0]
2020-06-10 20:38:40.197 TRACE 56553 --- [    Test worker] o.h.type.descriptor.sql.BasicBinder      : binding parameter [2] as [DATE] - [Wed Jun 10 20:38:40 EEST 2020]
2020-06-10 20:38:40.197 TRACE 56553 --- [    Test worker] o.h.type.descriptor.sql.BasicBinder      : binding parameter [3] as [BIGINT] - [27]
2020-06-10 20:38:40.197 TRACE 56553 --- [    Test worker] o.h.type.descriptor.sql.BasicBinder      : binding parameter [4] as [DATE] - [null]
2020-06-10 20:38:40.198 TRACE 56553 --- [    Test worker] o.h.type.descriptor.sql.BasicBinder      : binding parameter [5] as [VARCHAR] - [null]
2020-06-10 20:38:40.198 TRACE 56553 --- [    Test worker] o.h.type.descriptor.sql.BasicBinder      : binding parameter [6] as [BIGINT] - [25]
2020-06-10 20:38:40.198 TRACE 56553 --- [    Test worker] o.h.type.descriptor.sql.BasicBinder      : binding parameter [7] as [VARCHAR] - [HISTORIA]
2020-06-10 20:38:40.200  INFO 56553 --- [    Test worker] .s.o.r.i.OrganisaatioSuhdeRepositoryImpl :     Created new child relation:  --> pId=25, cId=27, aPvm=Wed Jun 10 20:38:40 EEST 2020, lPvm=null
2020-06-10 20:38:40.200  INFO 56553 --- [    Test worker] f.v.s.o.r.OrganisaatioRepositoryImplTest : YHTEYSTIEDOT: 1
2020-06-10 20:38:40.200  INFO 56553 --- [    Test worker] f.v.s.o.r.OrganisaatioRepositoryImplTest : PARENTS: 1
2020-06-10 20:38:40.200  INFO 56553 --- [    Test worker] f.v.s.o.r.OrganisaatioRepositoryImplTest : createOrganisaatio(E)
Hibernate: 
    insert 
    into
        monikielinen_teksti
        (id, version) 
    values
        (null, ?)
2020-06-10 20:38:40.200 TRACE 56553 --- [    Test worker] o.h.type.descriptor.sql.BasicBinder      : binding parameter [1] as [BIGINT] - [0]
Hibernate: 
    insert 
    into
        organisaatio
        (id, version, alkupvm, domainnimi, kotipaikka, kuvaus_mkt, lakkautuspvm, maa, metadata_id, nimi_mkt, nimihaku, oid, opetuspisteenjarjnro, oppilaitoskoodi, oppilaitos_tyyppi, organisaatio_poistettu, paivittaja, paivityspvm, parentidpath, parentoidpath, piilotettu, tarkastus_pvm, toimipistekoodi, tuontipvm, varhaiskasvatuksen_toimipaikka_tiedot_id, virastotunnus, yhteishaunkoulukoodi, yritysmuoto, ytj_kieli, ytjpaivityspvm, ytunnus) 
    values
        (null, ?, ?, ?, ?, ?, ?, ?, ?, ?, ?, ?, ?, ?, ?, ?, ?, ?, ?, ?, ?, ?, ?, ?, ?, ?, ?, ?, ?, ?, ?)
2020-06-10 20:38:40.202 TRACE 56553 --- [    Test worker] o.h.type.descriptor.sql.BasicBinder      : binding parameter [1] as [BIGINT] - [0]
2020-06-10 20:38:40.202 TRACE 56553 --- [    Test worker] o.h.type.descriptor.sql.BasicBinder      : binding parameter [2] as [DATE] - [null]
2020-06-10 20:38:40.202 TRACE 56553 --- [    Test worker] o.h.type.descriptor.sql.BasicBinder      : binding parameter [3] as [VARCHAR] - [null]
2020-06-10 20:38:40.202 TRACE 56553 --- [    Test worker] o.h.type.descriptor.sql.BasicBinder      : binding parameter [4] as [VARCHAR] - [null]
2020-06-10 20:38:40.202 TRACE 56553 --- [    Test worker] o.h.type.descriptor.sql.BasicBinder      : binding parameter [5] as [BIGINT] - [null]
2020-06-10 20:38:40.202 TRACE 56553 --- [    Test worker] o.h.type.descriptor.sql.BasicBinder      : binding parameter [6] as [DATE] - [null]
2020-06-10 20:38:40.202 TRACE 56553 --- [    Test worker] o.h.type.descriptor.sql.BasicBinder      : binding parameter [7] as [VARCHAR] - [null]
2020-06-10 20:38:40.202 TRACE 56553 --- [    Test worker] o.h.type.descriptor.sql.BasicBinder      : binding parameter [8] as [BIGINT] - [null]
2020-06-10 20:38:40.202 TRACE 56553 --- [    Test worker] o.h.type.descriptor.sql.BasicBinder      : binding parameter [9] as [BIGINT] - [19]
2020-06-10 20:38:40.202 TRACE 56553 --- [    Test worker] o.h.type.descriptor.sql.BasicBinder      : binding parameter [10] as [VARCHAR] - [null]
2020-06-10 20:38:40.202 TRACE 56553 --- [    Test worker] o.h.type.descriptor.sql.BasicBinder      : binding parameter [11] as [VARCHAR] - [-7423979211207825555]
2020-06-10 20:38:40.202 TRACE 56553 --- [    Test worker] o.h.type.descriptor.sql.BasicBinder      : binding parameter [12] as [VARCHAR] - [null]
2020-06-10 20:38:40.202 TRACE 56553 --- [    Test worker] o.h.type.descriptor.sql.BasicBinder      : binding parameter [13] as [VARCHAR] - [null]
2020-06-10 20:38:40.202 TRACE 56553 --- [    Test worker] o.h.type.descriptor.sql.BasicBinder      : binding parameter [14] as [VARCHAR] - [null]
2020-06-10 20:38:40.202 TRACE 56553 --- [    Test worker] o.h.type.descriptor.sql.BasicBinder      : binding parameter [15] as [BOOLEAN] - [false]
2020-06-10 20:38:40.202 TRACE 56553 --- [    Test worker] o.h.type.descriptor.sql.BasicBinder      : binding parameter [16] as [VARCHAR] - [null]
2020-06-10 20:38:40.202 TRACE 56553 --- [    Test worker] o.h.type.descriptor.sql.BasicBinder      : binding parameter [17] as [TIMESTAMP] - [null]
2020-06-10 20:38:40.202 TRACE 56553 --- [    Test worker] o.h.type.descriptor.sql.BasicBinder      : binding parameter [18] as [VARCHAR] - [null]
2020-06-10 20:38:40.202 TRACE 56553 --- [    Test worker] o.h.type.descriptor.sql.BasicBinder      : binding parameter [19] as [VARCHAR] - [null]
2020-06-10 20:38:40.202 TRACE 56553 --- [    Test worker] o.h.type.descriptor.sql.BasicBinder      : binding parameter [20] as [BOOLEAN] - [false]
2020-06-10 20:38:40.203 TRACE 56553 --- [    Test worker] o.h.type.descriptor.sql.BasicBinder      : binding parameter [21] as [TIMESTAMP] - [null]
2020-06-10 20:38:40.203 TRACE 56553 --- [    Test worker] o.h.type.descriptor.sql.BasicBinder      : binding parameter [22] as [VARCHAR] - [null]
2020-06-10 20:38:40.203 TRACE 56553 --- [    Test worker] o.h.type.descriptor.sql.BasicBinder      : binding parameter [23] as [TIMESTAMP] - [null]
2020-06-10 20:38:40.203 TRACE 56553 --- [    Test worker] o.h.type.descriptor.sql.BasicBinder      : binding parameter [24] as [BIGINT] - [null]
2020-06-10 20:38:40.203 TRACE 56553 --- [    Test worker] o.h.type.descriptor.sql.BasicBinder      : binding parameter [25] as [VARCHAR] - [null]
2020-06-10 20:38:40.203 TRACE 56553 --- [    Test worker] o.h.type.descriptor.sql.BasicBinder      : binding parameter [26] as [VARCHAR] - [null]
2020-06-10 20:38:40.203 TRACE 56553 --- [    Test worker] o.h.type.descriptor.sql.BasicBinder      : binding parameter [27] as [VARCHAR] - [null]
2020-06-10 20:38:40.203 TRACE 56553 --- [    Test worker] o.h.type.descriptor.sql.BasicBinder      : binding parameter [28] as [VARCHAR] - [null]
2020-06-10 20:38:40.203 TRACE 56553 --- [    Test worker] o.h.type.descriptor.sql.BasicBinder      : binding parameter [29] as [DATE] - [null]
2020-06-10 20:38:40.203 TRACE 56553 --- [    Test worker] o.h.type.descriptor.sql.BasicBinder      : binding parameter [30] as [VARCHAR] - [null]
Hibernate: 
    insert 
    into
        yhteystieto
        (id, version, kieli, organisaatio_id, yhteystieto_oid, coordinatetype, extrarivi, lat, lng, maa, osavaltio, osoite, osoite_tyyppi, postinumero, postitoimipaikka, ytjpaivityspvm, dtype) 
    values
        (null, ?, ?, ?, ?, ?, ?, ?, ?, ?, ?, ?, ?, ?, ?, ?, 'Osoite')
2020-06-10 20:38:40.204 TRACE 56553 --- [    Test worker] o.h.type.descriptor.sql.BasicBinder      : binding parameter [1] as [BIGINT] - [0]
2020-06-10 20:38:40.204 TRACE 56553 --- [    Test worker] o.h.type.descriptor.sql.BasicBinder      : binding parameter [2] as [VARCHAR] - [null]
2020-06-10 20:38:40.204 TRACE 56553 --- [    Test worker] o.h.type.descriptor.sql.BasicBinder      : binding parameter [3] as [BIGINT] - [null]
2020-06-10 20:38:40.204 TRACE 56553 --- [    Test worker] o.h.type.descriptor.sql.BasicBinder      : binding parameter [4] as [VARCHAR] - [b5526a0e-8f98-468d-bef6-1473d5e27cb6]
2020-06-10 20:38:40.204 TRACE 56553 --- [    Test worker] o.h.type.descriptor.sql.BasicBinder      : binding parameter [5] as [VARCHAR] - [null]
2020-06-10 20:38:40.204 TRACE 56553 --- [    Test worker] o.h.type.descriptor.sql.BasicBinder      : binding parameter [6] as [VARCHAR] - [null]
2020-06-10 20:38:40.204 TRACE 56553 --- [    Test worker] o.h.type.descriptor.sql.BasicBinder      : binding parameter [7] as [DOUBLE] - [null]
2020-06-10 20:38:40.204 TRACE 56553 --- [    Test worker] o.h.type.descriptor.sql.BasicBinder      : binding parameter [8] as [DOUBLE] - [null]
2020-06-10 20:38:40.204 TRACE 56553 --- [    Test worker] o.h.type.descriptor.sql.BasicBinder      : binding parameter [9] as [VARCHAR] - [null]
2020-06-10 20:38:40.204 TRACE 56553 --- [    Test worker] o.h.type.descriptor.sql.BasicBinder      : binding parameter [10] as [VARCHAR] - [null]
2020-06-10 20:38:40.204 TRACE 56553 --- [    Test worker] o.h.type.descriptor.sql.BasicBinder      : binding parameter [11] as [VARCHAR] - [katu]
2020-06-10 20:38:40.204 TRACE 56553 --- [    Test worker] o.h.type.descriptor.sql.BasicBinder      : binding parameter [12] as [VARCHAR] - [kaynti]
2020-06-10 20:38:40.204 TRACE 56553 --- [    Test worker] o.h.type.descriptor.sql.BasicBinder      : binding parameter [13] as [VARCHAR] - [0000]
2020-06-10 20:38:40.204 TRACE 56553 --- [    Test worker] o.h.type.descriptor.sql.BasicBinder      : binding parameter [14] as [VARCHAR] - [Helsinki]
2020-06-10 20:38:40.204 TRACE 56553 --- [    Test worker] o.h.type.descriptor.sql.BasicBinder      : binding parameter [15] as [DATE] - [null]
2020-06-10 20:38:40.205  INFO 56553 --- [    Test worker] .s.o.r.i.OrganisaatioSuhdeRepositoryImpl : addChild(26, 28, null)
Hibernate: 
    insert 
    into
        organisaatiosuhde
        (id, version, alkupvm, child_id, loppupvm, opetuspisteenjarjnro, parent_id, suhdetyyppi) 
    values
        (null, ?, ?, ?, ?, ?, ?, ?)
2020-06-10 20:38:40.206 TRACE 56553 --- [    Test worker] o.h.type.descriptor.sql.BasicBinder      : binding parameter [1] as [BIGINT] - [0]
2020-06-10 20:38:40.206 TRACE 56553 --- [    Test worker] o.h.type.descriptor.sql.BasicBinder      : binding parameter [2] as [DATE] - [Wed Jun 10 20:38:40 EEST 2020]
2020-06-10 20:38:40.206 TRACE 56553 --- [    Test worker] o.h.type.descriptor.sql.BasicBinder      : binding parameter [3] as [BIGINT] - [28]
2020-06-10 20:38:40.206 TRACE 56553 --- [    Test worker] o.h.type.descriptor.sql.BasicBinder      : binding parameter [4] as [DATE] - [null]
2020-06-10 20:38:40.206 TRACE 56553 --- [    Test worker] o.h.type.descriptor.sql.BasicBinder      : binding parameter [5] as [VARCHAR] - [null]
2020-06-10 20:38:40.206 TRACE 56553 --- [    Test worker] o.h.type.descriptor.sql.BasicBinder      : binding parameter [6] as [BIGINT] - [26]
2020-06-10 20:38:40.206 TRACE 56553 --- [    Test worker] o.h.type.descriptor.sql.BasicBinder      : binding parameter [7] as [VARCHAR] - [HISTORIA]
2020-06-10 20:38:40.206  INFO 56553 --- [    Test worker] .s.o.r.i.OrganisaatioSuhdeRepositoryImpl :     Created new child relation:  --> pId=26, cId=28, aPvm=Wed Jun 10 20:38:40 EEST 2020, lPvm=null
2020-06-10 20:38:40.207  INFO 56553 --- [    Test worker] f.v.s.o.r.OrganisaatioRepositoryImplTest : YHTEYSTIEDOT: 1
2020-06-10 20:38:40.207  INFO 56553 --- [    Test worker] f.v.s.o.r.OrganisaatioRepositoryImplTest : PARENTS: 1
2020-06-10 20:38:40.207  INFO 56553 --- [    Test worker] f.v.s.o.r.OrganisaatioRepositoryImplTest : createOrganisaatio(F)
Hibernate: 
    insert 
    into
        monikielinen_teksti
        (id, version) 
    values
        (null, ?)
2020-06-10 20:38:40.207 TRACE 56553 --- [    Test worker] o.h.type.descriptor.sql.BasicBinder      : binding parameter [1] as [BIGINT] - [0]
Hibernate: 
    insert 
    into
        organisaatio
        (id, version, alkupvm, domainnimi, kotipaikka, kuvaus_mkt, lakkautuspvm, maa, metadata_id, nimi_mkt, nimihaku, oid, opetuspisteenjarjnro, oppilaitoskoodi, oppilaitos_tyyppi, organisaatio_poistettu, paivittaja, paivityspvm, parentidpath, parentoidpath, piilotettu, tarkastus_pvm, toimipistekoodi, tuontipvm, varhaiskasvatuksen_toimipaikka_tiedot_id, virastotunnus, yhteishaunkoulukoodi, yritysmuoto, ytj_kieli, ytjpaivityspvm, ytunnus) 
    values
        (null, ?, ?, ?, ?, ?, ?, ?, ?, ?, ?, ?, ?, ?, ?, ?, ?, ?, ?, ?, ?, ?, ?, ?, ?, ?, ?, ?, ?, ?, ?)
2020-06-10 20:38:40.208 TRACE 56553 --- [    Test worker] o.h.type.descriptor.sql.BasicBinder      : binding parameter [1] as [BIGINT] - [0]
2020-06-10 20:38:40.208 TRACE 56553 --- [    Test worker] o.h.type.descriptor.sql.BasicBinder      : binding parameter [2] as [DATE] - [null]
2020-06-10 20:38:40.208 TRACE 56553 --- [    Test worker] o.h.type.descriptor.sql.BasicBinder      : binding parameter [3] as [VARCHAR] - [null]
2020-06-10 20:38:40.208 TRACE 56553 --- [    Test worker] o.h.type.descriptor.sql.BasicBinder      : binding parameter [4] as [VARCHAR] - [null]
2020-06-10 20:38:40.208 TRACE 56553 --- [    Test worker] o.h.type.descriptor.sql.BasicBinder      : binding parameter [5] as [BIGINT] - [null]
2020-06-10 20:38:40.208 TRACE 56553 --- [    Test worker] o.h.type.descriptor.sql.BasicBinder      : binding parameter [6] as [DATE] - [null]
2020-06-10 20:38:40.208 TRACE 56553 --- [    Test worker] o.h.type.descriptor.sql.BasicBinder      : binding parameter [7] as [VARCHAR] - [null]
2020-06-10 20:38:40.208 TRACE 56553 --- [    Test worker] o.h.type.descriptor.sql.BasicBinder      : binding parameter [8] as [BIGINT] - [null]
2020-06-10 20:38:40.208 TRACE 56553 --- [    Test worker] o.h.type.descriptor.sql.BasicBinder      : binding parameter [9] as [BIGINT] - [20]
2020-06-10 20:38:40.208 TRACE 56553 --- [    Test worker] o.h.type.descriptor.sql.BasicBinder      : binding parameter [10] as [VARCHAR] - [null]
2020-06-10 20:38:40.208 TRACE 56553 --- [    Test worker] o.h.type.descriptor.sql.BasicBinder      : binding parameter [11] as [VARCHAR] - [6146794652083548235]
2020-06-10 20:38:40.208 TRACE 56553 --- [    Test worker] o.h.type.descriptor.sql.BasicBinder      : binding parameter [12] as [VARCHAR] - [null]
2020-06-10 20:38:40.209 TRACE 56553 --- [    Test worker] o.h.type.descriptor.sql.BasicBinder      : binding parameter [13] as [VARCHAR] - [null]
2020-06-10 20:38:40.209 TRACE 56553 --- [    Test worker] o.h.type.descriptor.sql.BasicBinder      : binding parameter [14] as [VARCHAR] - [null]
2020-06-10 20:38:40.209 TRACE 56553 --- [    Test worker] o.h.type.descriptor.sql.BasicBinder      : binding parameter [15] as [BOOLEAN] - [true]
2020-06-10 20:38:40.209 TRACE 56553 --- [    Test worker] o.h.type.descriptor.sql.BasicBinder      : binding parameter [16] as [VARCHAR] - [null]
2020-06-10 20:38:40.209 TRACE 56553 --- [    Test worker] o.h.type.descriptor.sql.BasicBinder      : binding parameter [17] as [TIMESTAMP] - [null]
2020-06-10 20:38:40.209 TRACE 56553 --- [    Test worker] o.h.type.descriptor.sql.BasicBinder      : binding parameter [18] as [VARCHAR] - [null]
2020-06-10 20:38:40.209 TRACE 56553 --- [    Test worker] o.h.type.descriptor.sql.BasicBinder      : binding parameter [19] as [VARCHAR] - [null]
2020-06-10 20:38:40.209 TRACE 56553 --- [    Test worker] o.h.type.descriptor.sql.BasicBinder      : binding parameter [20] as [BOOLEAN] - [false]
2020-06-10 20:38:40.209 TRACE 56553 --- [    Test worker] o.h.type.descriptor.sql.BasicBinder      : binding parameter [21] as [TIMESTAMP] - [null]
2020-06-10 20:38:40.209 TRACE 56553 --- [    Test worker] o.h.type.descriptor.sql.BasicBinder      : binding parameter [22] as [VARCHAR] - [null]
2020-06-10 20:38:40.209 TRACE 56553 --- [    Test worker] o.h.type.descriptor.sql.BasicBinder      : binding parameter [23] as [TIMESTAMP] - [null]
2020-06-10 20:38:40.209 TRACE 56553 --- [    Test worker] o.h.type.descriptor.sql.BasicBinder      : binding parameter [24] as [BIGINT] - [null]
2020-06-10 20:38:40.209 TRACE 56553 --- [    Test worker] o.h.type.descriptor.sql.BasicBinder      : binding parameter [25] as [VARCHAR] - [null]
2020-06-10 20:38:40.209 TRACE 56553 --- [    Test worker] o.h.type.descriptor.sql.BasicBinder      : binding parameter [26] as [VARCHAR] - [null]
2020-06-10 20:38:40.209 TRACE 56553 --- [    Test worker] o.h.type.descriptor.sql.BasicBinder      : binding parameter [27] as [VARCHAR] - [null]
2020-06-10 20:38:40.209 TRACE 56553 --- [    Test worker] o.h.type.descriptor.sql.BasicBinder      : binding parameter [28] as [VARCHAR] - [null]
2020-06-10 20:38:40.209 TRACE 56553 --- [    Test worker] o.h.type.descriptor.sql.BasicBinder      : binding parameter [29] as [DATE] - [null]
2020-06-10 20:38:40.209 TRACE 56553 --- [    Test worker] o.h.type.descriptor.sql.BasicBinder      : binding parameter [30] as [VARCHAR] - [null]
Hibernate: 
    insert 
    into
        yhteystieto
        (id, version, kieli, organisaatio_id, yhteystieto_oid, coordinatetype, extrarivi, lat, lng, maa, osavaltio, osoite, osoite_tyyppi, postinumero, postitoimipaikka, ytjpaivityspvm, dtype) 
    values
        (null, ?, ?, ?, ?, ?, ?, ?, ?, ?, ?, ?, ?, ?, ?, ?, 'Osoite')
2020-06-10 20:38:40.210 TRACE 56553 --- [    Test worker] o.h.type.descriptor.sql.BasicBinder      : binding parameter [1] as [BIGINT] - [0]
2020-06-10 20:38:40.210 TRACE 56553 --- [    Test worker] o.h.type.descriptor.sql.BasicBinder      : binding parameter [2] as [VARCHAR] - [null]
2020-06-10 20:38:40.210 TRACE 56553 --- [    Test worker] o.h.type.descriptor.sql.BasicBinder      : binding parameter [3] as [BIGINT] - [null]
2020-06-10 20:38:40.210 TRACE 56553 --- [    Test worker] o.h.type.descriptor.sql.BasicBinder      : binding parameter [4] as [VARCHAR] - [7f6b71ac-3a9f-4a7a-aaea-9257d2c23926]
2020-06-10 20:38:40.210 TRACE 56553 --- [    Test worker] o.h.type.descriptor.sql.BasicBinder      : binding parameter [5] as [VARCHAR] - [null]
2020-06-10 20:38:40.210 TRACE 56553 --- [    Test worker] o.h.type.descriptor.sql.BasicBinder      : binding parameter [6] as [VARCHAR] - [null]
2020-06-10 20:38:40.210 TRACE 56553 --- [    Test worker] o.h.type.descriptor.sql.BasicBinder      : binding parameter [7] as [DOUBLE] - [null]
2020-06-10 20:38:40.210 TRACE 56553 --- [    Test worker] o.h.type.descriptor.sql.BasicBinder      : binding parameter [8] as [DOUBLE] - [null]
2020-06-10 20:38:40.210 TRACE 56553 --- [    Test worker] o.h.type.descriptor.sql.BasicBinder      : binding parameter [9] as [VARCHAR] - [null]
2020-06-10 20:38:40.210 TRACE 56553 --- [    Test worker] o.h.type.descriptor.sql.BasicBinder      : binding parameter [10] as [VARCHAR] - [null]
2020-06-10 20:38:40.210 TRACE 56553 --- [    Test worker] o.h.type.descriptor.sql.BasicBinder      : binding parameter [11] as [VARCHAR] - [katu]
2020-06-10 20:38:40.210 TRACE 56553 --- [    Test worker] o.h.type.descriptor.sql.BasicBinder      : binding parameter [12] as [VARCHAR] - [kaynti]
2020-06-10 20:38:40.211 TRACE 56553 --- [    Test worker] o.h.type.descriptor.sql.BasicBinder      : binding parameter [13] as [VARCHAR] - [0000]
2020-06-10 20:38:40.211 TRACE 56553 --- [    Test worker] o.h.type.descriptor.sql.BasicBinder      : binding parameter [14] as [VARCHAR] - [Helsinki]
2020-06-10 20:38:40.211 TRACE 56553 --- [    Test worker] o.h.type.descriptor.sql.BasicBinder      : binding parameter [15] as [DATE] - [null]
2020-06-10 20:38:40.211  INFO 56553 --- [    Test worker] .s.o.r.i.OrganisaatioSuhdeRepositoryImpl : addChild(24, 29, null)
Hibernate: 
    insert 
    into
        organisaatiosuhde
        (id, version, alkupvm, child_id, loppupvm, opetuspisteenjarjnro, parent_id, suhdetyyppi) 
    values
        (null, ?, ?, ?, ?, ?, ?, ?)
2020-06-10 20:38:40.212 TRACE 56553 --- [    Test worker] o.h.type.descriptor.sql.BasicBinder      : binding parameter [1] as [BIGINT] - [0]
2020-06-10 20:38:40.212 TRACE 56553 --- [    Test worker] o.h.type.descriptor.sql.BasicBinder      : binding parameter [2] as [DATE] - [Wed Jun 10 20:38:40 EEST 2020]
2020-06-10 20:38:40.212 TRACE 56553 --- [    Test worker] o.h.type.descriptor.sql.BasicBinder      : binding parameter [3] as [BIGINT] - [29]
2020-06-10 20:38:40.212 TRACE 56553 --- [    Test worker] o.h.type.descriptor.sql.BasicBinder      : binding parameter [4] as [DATE] - [null]
2020-06-10 20:38:40.212 TRACE 56553 --- [    Test worker] o.h.type.descriptor.sql.BasicBinder      : binding parameter [5] as [VARCHAR] - [null]
2020-06-10 20:38:40.212 TRACE 56553 --- [    Test worker] o.h.type.descriptor.sql.BasicBinder      : binding parameter [6] as [BIGINT] - [24]
2020-06-10 20:38:40.212 TRACE 56553 --- [    Test worker] o.h.type.descriptor.sql.BasicBinder      : binding parameter [7] as [VARCHAR] - [HISTORIA]
2020-06-10 20:38:40.213  INFO 56553 --- [    Test worker] .s.o.r.i.OrganisaatioSuhdeRepositoryImpl :     Created new child relation:  --> pId=24, cId=29, aPvm=Wed Jun 10 20:38:40 EEST 2020, lPvm=null
2020-06-10 20:38:40.213  INFO 56553 --- [    Test worker] f.v.s.o.r.OrganisaatioRepositoryImplTest : YHTEYSTIEDOT: 1
2020-06-10 20:38:40.213  INFO 56553 --- [    Test worker] f.v.s.o.r.OrganisaatioRepositoryImplTest : PARENTS: 1
2020-06-10 20:38:40.213  INFO 56553 --- [    Test worker] f.v.s.o.r.OrganisaatioRepositoryImplTest : createOrganisaatio(G)
Hibernate: 
    insert 
    into
        monikielinen_teksti
        (id, version) 
    values
        (null, ?)
2020-06-10 20:38:40.214 TRACE 56553 --- [    Test worker] o.h.type.descriptor.sql.BasicBinder      : binding parameter [1] as [BIGINT] - [0]
Hibernate: 
    insert 
    into
        organisaatio
        (id, version, alkupvm, domainnimi, kotipaikka, kuvaus_mkt, lakkautuspvm, maa, metadata_id, nimi_mkt, nimihaku, oid, opetuspisteenjarjnro, oppilaitoskoodi, oppilaitos_tyyppi, organisaatio_poistettu, paivittaja, paivityspvm, parentidpath, parentoidpath, piilotettu, tarkastus_pvm, toimipistekoodi, tuontipvm, varhaiskasvatuksen_toimipaikka_tiedot_id, virastotunnus, yhteishaunkoulukoodi, yritysmuoto, ytj_kieli, ytjpaivityspvm, ytunnus) 
    values
        (null, ?, ?, ?, ?, ?, ?, ?, ?, ?, ?, ?, ?, ?, ?, ?, ?, ?, ?, ?, ?, ?, ?, ?, ?, ?, ?, ?, ?, ?, ?)
2020-06-10 20:38:40.215 TRACE 56553 --- [    Test worker] o.h.type.descriptor.sql.BasicBinder      : binding parameter [1] as [BIGINT] - [0]
2020-06-10 20:38:40.215 TRACE 56553 --- [    Test worker] o.h.type.descriptor.sql.BasicBinder      : binding parameter [2] as [DATE] - [null]
2020-06-10 20:38:40.215 TRACE 56553 --- [    Test worker] o.h.type.descriptor.sql.BasicBinder      : binding parameter [3] as [VARCHAR] - [null]
2020-06-10 20:38:40.215 TRACE 56553 --- [    Test worker] o.h.type.descriptor.sql.BasicBinder      : binding parameter [4] as [VARCHAR] - [null]
2020-06-10 20:38:40.215 TRACE 56553 --- [    Test worker] o.h.type.descriptor.sql.BasicBinder      : binding parameter [5] as [BIGINT] - [null]
2020-06-10 20:38:40.215 TRACE 56553 --- [    Test worker] o.h.type.descriptor.sql.BasicBinder      : binding parameter [6] as [DATE] - [null]
2020-06-10 20:38:40.215 TRACE 56553 --- [    Test worker] o.h.type.descriptor.sql.BasicBinder      : binding parameter [7] as [VARCHAR] - [null]
2020-06-10 20:38:40.215 TRACE 56553 --- [    Test worker] o.h.type.descriptor.sql.BasicBinder      : binding parameter [8] as [BIGINT] - [null]
2020-06-10 20:38:40.215 TRACE 56553 --- [    Test worker] o.h.type.descriptor.sql.BasicBinder      : binding parameter [9] as [BIGINT] - [21]
2020-06-10 20:38:40.216 TRACE 56553 --- [    Test worker] o.h.type.descriptor.sql.BasicBinder      : binding parameter [10] as [VARCHAR] - [null]
2020-06-10 20:38:40.216 TRACE 56553 --- [    Test worker] o.h.type.descriptor.sql.BasicBinder      : binding parameter [11] as [VARCHAR] - [7105486291024734541]
2020-06-10 20:38:40.216 TRACE 56553 --- [    Test worker] o.h.type.descriptor.sql.BasicBinder      : binding parameter [12] as [VARCHAR] - [null]
2020-06-10 20:38:40.216 TRACE 56553 --- [    Test worker] o.h.type.descriptor.sql.BasicBinder      : binding parameter [13] as [VARCHAR] - [null]
2020-06-10 20:38:40.216 TRACE 56553 --- [    Test worker] o.h.type.descriptor.sql.BasicBinder      : binding parameter [14] as [VARCHAR] - [null]
2020-06-10 20:38:40.216 TRACE 56553 --- [    Test worker] o.h.type.descriptor.sql.BasicBinder      : binding parameter [15] as [BOOLEAN] - [true]
2020-06-10 20:38:40.216 TRACE 56553 --- [    Test worker] o.h.type.descriptor.sql.BasicBinder      : binding parameter [16] as [VARCHAR] - [null]
2020-06-10 20:38:40.216 TRACE 56553 --- [    Test worker] o.h.type.descriptor.sql.BasicBinder      : binding parameter [17] as [TIMESTAMP] - [null]
2020-06-10 20:38:40.216 TRACE 56553 --- [    Test worker] o.h.type.descriptor.sql.BasicBinder      : binding parameter [18] as [VARCHAR] - [null]
2020-06-10 20:38:40.216 TRACE 56553 --- [    Test worker] o.h.type.descriptor.sql.BasicBinder      : binding parameter [19] as [VARCHAR] - [null]
2020-06-10 20:38:40.216 TRACE 56553 --- [    Test worker] o.h.type.descriptor.sql.BasicBinder      : binding parameter [20] as [BOOLEAN] - [false]
2020-06-10 20:38:40.216 TRACE 56553 --- [    Test worker] o.h.type.descriptor.sql.BasicBinder      : binding parameter [21] as [TIMESTAMP] - [null]
2020-06-10 20:38:40.216 TRACE 56553 --- [    Test worker] o.h.type.descriptor.sql.BasicBinder      : binding parameter [22] as [VARCHAR] - [null]
2020-06-10 20:38:40.216 TRACE 56553 --- [    Test worker] o.h.type.descriptor.sql.BasicBinder      : binding parameter [23] as [TIMESTAMP] - [null]
2020-06-10 20:38:40.216 TRACE 56553 --- [    Test worker] o.h.type.descriptor.sql.BasicBinder      : binding parameter [24] as [BIGINT] - [null]
2020-06-10 20:38:40.216 TRACE 56553 --- [    Test worker] o.h.type.descriptor.sql.BasicBinder      : binding parameter [25] as [VARCHAR] - [null]
2020-06-10 20:38:40.216 TRACE 56553 --- [    Test worker] o.h.type.descriptor.sql.BasicBinder      : binding parameter [26] as [VARCHAR] - [null]
2020-06-10 20:38:40.216 TRACE 56553 --- [    Test worker] o.h.type.descriptor.sql.BasicBinder      : binding parameter [27] as [VARCHAR] - [null]
2020-06-10 20:38:40.216 TRACE 56553 --- [    Test worker] o.h.type.descriptor.sql.BasicBinder      : binding parameter [28] as [VARCHAR] - [null]
2020-06-10 20:38:40.216 TRACE 56553 --- [    Test worker] o.h.type.descriptor.sql.BasicBinder      : binding parameter [29] as [DATE] - [null]
2020-06-10 20:38:40.216 TRACE 56553 --- [    Test worker] o.h.type.descriptor.sql.BasicBinder      : binding parameter [30] as [VARCHAR] - [null]
Hibernate: 
    insert 
    into
        yhteystieto
        (id, version, kieli, organisaatio_id, yhteystieto_oid, coordinatetype, extrarivi, lat, lng, maa, osavaltio, osoite, osoite_tyyppi, postinumero, postitoimipaikka, ytjpaivityspvm, dtype) 
    values
        (null, ?, ?, ?, ?, ?, ?, ?, ?, ?, ?, ?, ?, ?, ?, ?, 'Osoite')
2020-06-10 20:38:40.217 TRACE 56553 --- [    Test worker] o.h.type.descriptor.sql.BasicBinder      : binding parameter [1] as [BIGINT] - [0]
2020-06-10 20:38:40.217 TRACE 56553 --- [    Test worker] o.h.type.descriptor.sql.BasicBinder      : binding parameter [2] as [VARCHAR] - [null]
2020-06-10 20:38:40.217 TRACE 56553 --- [    Test worker] o.h.type.descriptor.sql.BasicBinder      : binding parameter [3] as [BIGINT] - [null]
2020-06-10 20:38:40.217 TRACE 56553 --- [    Test worker] o.h.type.descriptor.sql.BasicBinder      : binding parameter [4] as [VARCHAR] - [30e4a221-8d01-45ef-998d-d8939ad00710]
2020-06-10 20:38:40.217 TRACE 56553 --- [    Test worker] o.h.type.descriptor.sql.BasicBinder      : binding parameter [5] as [VARCHAR] - [null]
2020-06-10 20:38:40.217 TRACE 56553 --- [    Test worker] o.h.type.descriptor.sql.BasicBinder      : binding parameter [6] as [VARCHAR] - [null]
2020-06-10 20:38:40.217 TRACE 56553 --- [    Test worker] o.h.type.descriptor.sql.BasicBinder      : binding parameter [7] as [DOUBLE] - [null]
2020-06-10 20:38:40.218 TRACE 56553 --- [    Test worker] o.h.type.descriptor.sql.BasicBinder      : binding parameter [8] as [DOUBLE] - [null]
2020-06-10 20:38:40.218 TRACE 56553 --- [    Test worker] o.h.type.descriptor.sql.BasicBinder      : binding parameter [9] as [VARCHAR] - [null]
2020-06-10 20:38:40.218 TRACE 56553 --- [    Test worker] o.h.type.descriptor.sql.BasicBinder      : binding parameter [10] as [VARCHAR] - [null]
2020-06-10 20:38:40.218 TRACE 56553 --- [    Test worker] o.h.type.descriptor.sql.BasicBinder      : binding parameter [11] as [VARCHAR] - [katu]
2020-06-10 20:38:40.218 TRACE 56553 --- [    Test worker] o.h.type.descriptor.sql.BasicBinder      : binding parameter [12] as [VARCHAR] - [kaynti]
2020-06-10 20:38:40.218 TRACE 56553 --- [    Test worker] o.h.type.descriptor.sql.BasicBinder      : binding parameter [13] as [VARCHAR] - [0000]
2020-06-10 20:38:40.218 TRACE 56553 --- [    Test worker] o.h.type.descriptor.sql.BasicBinder      : binding parameter [14] as [VARCHAR] - [Helsinki]
2020-06-10 20:38:40.218 TRACE 56553 --- [    Test worker] o.h.type.descriptor.sql.BasicBinder      : binding parameter [15] as [DATE] - [null]
2020-06-10 20:38:40.218  INFO 56553 --- [    Test worker] .s.o.r.i.OrganisaatioSuhdeRepositoryImpl : addChild(28, 30, null)
Hibernate: 
    insert 
    into
        organisaatiosuhde
        (id, version, alkupvm, child_id, loppupvm, opetuspisteenjarjnro, parent_id, suhdetyyppi) 
    values
        (null, ?, ?, ?, ?, ?, ?, ?)
2020-06-10 20:38:40.219 TRACE 56553 --- [    Test worker] o.h.type.descriptor.sql.BasicBinder      : binding parameter [1] as [BIGINT] - [0]
2020-06-10 20:38:40.220 TRACE 56553 --- [    Test worker] o.h.type.descriptor.sql.BasicBinder      : binding parameter [2] as [DATE] - [Wed Jun 10 20:38:40 EEST 2020]
2020-06-10 20:38:40.220 TRACE 56553 --- [    Test worker] o.h.type.descriptor.sql.BasicBinder      : binding parameter [3] as [BIGINT] - [30]
2020-06-10 20:38:40.220 TRACE 56553 --- [    Test worker] o.h.type.descriptor.sql.BasicBinder      : binding parameter [4] as [DATE] - [null]
2020-06-10 20:38:40.220 TRACE 56553 --- [    Test worker] o.h.type.descriptor.sql.BasicBinder      : binding parameter [5] as [VARCHAR] - [null]
2020-06-10 20:38:40.220 TRACE 56553 --- [    Test worker] o.h.type.descriptor.sql.BasicBinder      : binding parameter [6] as [BIGINT] - [28]
2020-06-10 20:38:40.220 TRACE 56553 --- [    Test worker] o.h.type.descriptor.sql.BasicBinder      : binding parameter [7] as [VARCHAR] - [HISTORIA]
2020-06-10 20:38:40.220  INFO 56553 --- [    Test worker] .s.o.r.i.OrganisaatioSuhdeRepositoryImpl :     Created new child relation:  --> pId=28, cId=30, aPvm=Wed Jun 10 20:38:40 EEST 2020, lPvm=null
2020-06-10 20:38:40.220  INFO 56553 --- [    Test worker] f.v.s.o.r.OrganisaatioRepositoryImplTest : YHTEYSTIEDOT: 1
2020-06-10 20:38:40.220  INFO 56553 --- [    Test worker] f.v.s.o.r.OrganisaatioRepositoryImplTest : PARENTS: 1
Hibernate: 
    update
        organisaatio 
    set
        version=?,
        alkupvm=?,
        domainnimi=?,
        kotipaikka=?,
        kuvaus_mkt=?,
        lakkautuspvm=?,
        maa=?,
        metadata_id=?,
        nimi_mkt=?,
        nimihaku=?,
        oid=?,
        opetuspisteenjarjnro=?,
        oppilaitoskoodi=?,
        oppilaitos_tyyppi=?,
        organisaatio_poistettu=?,
        paivittaja=?,
        paivityspvm=?,
        parentidpath=?,
        parentoidpath=?,
        piilotettu=?,
        tarkastus_pvm=?,
        toimipistekoodi=?,
        tuontipvm=?,
        varhaiskasvatuksen_toimipaikka_tiedot_id=?,
        virastotunnus=?,
        yhteishaunkoulukoodi=?,
        yritysmuoto=?,
        ytj_kieli=?,
        ytjpaivityspvm=?,
        ytunnus=? 
    where
        id=? 
        and version=?
2020-06-10 20:38:40.223 TRACE 56553 --- [    Test worker] o.h.type.descriptor.sql.BasicBinder      : binding parameter [1] as [BIGINT] - [1]
2020-06-10 20:38:40.223 TRACE 56553 --- [    Test worker] o.h.type.descriptor.sql.BasicBinder      : binding parameter [2] as [DATE] - [null]
2020-06-10 20:38:40.223 TRACE 56553 --- [    Test worker] o.h.type.descriptor.sql.BasicBinder      : binding parameter [3] as [VARCHAR] - [null]
2020-06-10 20:38:40.223 TRACE 56553 --- [    Test worker] o.h.type.descriptor.sql.BasicBinder      : binding parameter [4] as [VARCHAR] - [null]
2020-06-10 20:38:40.223 TRACE 56553 --- [    Test worker] o.h.type.descriptor.sql.BasicBinder      : binding parameter [5] as [BIGINT] - [null]
2020-06-10 20:38:40.223 TRACE 56553 --- [    Test worker] o.h.type.descriptor.sql.BasicBinder      : binding parameter [6] as [DATE] - [null]
2020-06-10 20:38:40.223 TRACE 56553 --- [    Test worker] o.h.type.descriptor.sql.BasicBinder      : binding parameter [7] as [VARCHAR] - [null]
2020-06-10 20:38:40.223 TRACE 56553 --- [    Test worker] o.h.type.descriptor.sql.BasicBinder      : binding parameter [8] as [BIGINT] - [null]
2020-06-10 20:38:40.223 TRACE 56553 --- [    Test worker] o.h.type.descriptor.sql.BasicBinder      : binding parameter [9] as [BIGINT] - [16]
2020-06-10 20:38:40.224 TRACE 56553 --- [    Test worker] o.h.type.descriptor.sql.BasicBinder      : binding parameter [10] as [VARCHAR] - [null]
2020-06-10 20:38:40.224 TRACE 56553 --- [    Test worker] o.h.type.descriptor.sql.BasicBinder      : binding parameter [11] as [VARCHAR] - [4437113781045784766]
2020-06-10 20:38:40.224 TRACE 56553 --- [    Test worker] o.h.type.descriptor.sql.BasicBinder      : binding parameter [12] as [VARCHAR] - [null]
2020-06-10 20:38:40.224 TRACE 56553 --- [    Test worker] o.h.type.descriptor.sql.BasicBinder      : binding parameter [13] as [VARCHAR] - [null]
2020-06-10 20:38:40.224 TRACE 56553 --- [    Test worker] o.h.type.descriptor.sql.BasicBinder      : binding parameter [14] as [VARCHAR] - [null]
2020-06-10 20:38:40.224 TRACE 56553 --- [    Test worker] o.h.type.descriptor.sql.BasicBinder      : binding parameter [15] as [BOOLEAN] - [false]
2020-06-10 20:38:40.224 TRACE 56553 --- [    Test worker] o.h.type.descriptor.sql.BasicBinder      : binding parameter [16] as [VARCHAR] - [null]
2020-06-10 20:38:40.224 TRACE 56553 --- [    Test worker] o.h.type.descriptor.sql.BasicBinder      : binding parameter [17] as [TIMESTAMP] - [null]
2020-06-10 20:38:40.224 TRACE 56553 --- [    Test worker] o.h.type.descriptor.sql.BasicBinder      : binding parameter [18] as [VARCHAR] - [|24|]
2020-06-10 20:38:40.224 TRACE 56553 --- [    Test worker] o.h.type.descriptor.sql.BasicBinder      : binding parameter [19] as [VARCHAR] - [|-4962768465676381896|]
2020-06-10 20:38:40.224 TRACE 56553 --- [    Test worker] o.h.type.descriptor.sql.BasicBinder      : binding parameter [20] as [BOOLEAN] - [false]
2020-06-10 20:38:40.224 TRACE 56553 --- [    Test worker] o.h.type.descriptor.sql.BasicBinder      : binding parameter [21] as [TIMESTAMP] - [null]
2020-06-10 20:38:40.224 TRACE 56553 --- [    Test worker] o.h.type.descriptor.sql.BasicBinder      : binding parameter [22] as [VARCHAR] - [null]
2020-06-10 20:38:40.224 TRACE 56553 --- [    Test worker] o.h.type.descriptor.sql.BasicBinder      : binding parameter [23] as [TIMESTAMP] - [null]
2020-06-10 20:38:40.224 TRACE 56553 --- [    Test worker] o.h.type.descriptor.sql.BasicBinder      : binding parameter [24] as [BIGINT] - [null]
2020-06-10 20:38:40.224 TRACE 56553 --- [    Test worker] o.h.type.descriptor.sql.BasicBinder      : binding parameter [25] as [VARCHAR] - [null]
2020-06-10 20:38:40.224 TRACE 56553 --- [    Test worker] o.h.type.descriptor.sql.BasicBinder      : binding parameter [26] as [VARCHAR] - [null]
2020-06-10 20:38:40.224 TRACE 56553 --- [    Test worker] o.h.type.descriptor.sql.BasicBinder      : binding parameter [27] as [VARCHAR] - [null]
2020-06-10 20:38:40.224 TRACE 56553 --- [    Test worker] o.h.type.descriptor.sql.BasicBinder      : binding parameter [28] as [VARCHAR] - [null]
2020-06-10 20:38:40.224 TRACE 56553 --- [    Test worker] o.h.type.descriptor.sql.BasicBinder      : binding parameter [29] as [DATE] - [null]
2020-06-10 20:38:40.224 TRACE 56553 --- [    Test worker] o.h.type.descriptor.sql.BasicBinder      : binding parameter [30] as [VARCHAR] - [null]
2020-06-10 20:38:40.224 TRACE 56553 --- [    Test worker] o.h.type.descriptor.sql.BasicBinder      : binding parameter [31] as [BIGINT] - [25]
2020-06-10 20:38:40.224 TRACE 56553 --- [    Test worker] o.h.type.descriptor.sql.BasicBinder      : binding parameter [32] as [BIGINT] - [0]
Hibernate: 
    update
        organisaatio 
    set
        version=?,
        alkupvm=?,
        domainnimi=?,
        kotipaikka=?,
        kuvaus_mkt=?,
        lakkautuspvm=?,
        maa=?,
        metadata_id=?,
        nimi_mkt=?,
        nimihaku=?,
        oid=?,
        opetuspisteenjarjnro=?,
        oppilaitoskoodi=?,
        oppilaitos_tyyppi=?,
        organisaatio_poistettu=?,
        paivittaja=?,
        paivityspvm=?,
        parentidpath=?,
        parentoidpath=?,
        piilotettu=?,
        tarkastus_pvm=?,
        toimipistekoodi=?,
        tuontipvm=?,
        varhaiskasvatuksen_toimipaikka_tiedot_id=?,
        virastotunnus=?,
        yhteishaunkoulukoodi=?,
        yritysmuoto=?,
        ytj_kieli=?,
        ytjpaivityspvm=?,
        ytunnus=? 
    where
        id=? 
        and version=?
2020-06-10 20:38:40.225 TRACE 56553 --- [    Test worker] o.h.type.descriptor.sql.BasicBinder      : binding parameter [1] as [BIGINT] - [1]
2020-06-10 20:38:40.225 TRACE 56553 --- [    Test worker] o.h.type.descriptor.sql.BasicBinder      : binding parameter [2] as [DATE] - [null]
2020-06-10 20:38:40.225 TRACE 56553 --- [    Test worker] o.h.type.descriptor.sql.BasicBinder      : binding parameter [3] as [VARCHAR] - [null]
2020-06-10 20:38:40.225 TRACE 56553 --- [    Test worker] o.h.type.descriptor.sql.BasicBinder      : binding parameter [4] as [VARCHAR] - [null]
2020-06-10 20:38:40.225 TRACE 56553 --- [    Test worker] o.h.type.descriptor.sql.BasicBinder      : binding parameter [5] as [BIGINT] - [null]
2020-06-10 20:38:40.225 TRACE 56553 --- [    Test worker] o.h.type.descriptor.sql.BasicBinder      : binding parameter [6] as [DATE] - [null]
2020-06-10 20:38:40.226 TRACE 56553 --- [    Test worker] o.h.type.descriptor.sql.BasicBinder      : binding parameter [7] as [VARCHAR] - [null]
2020-06-10 20:38:40.226 TRACE 56553 --- [    Test worker] o.h.type.descriptor.sql.BasicBinder      : binding parameter [8] as [BIGINT] - [null]
2020-06-10 20:38:40.226 TRACE 56553 --- [    Test worker] o.h.type.descriptor.sql.BasicBinder      : binding parameter [9] as [BIGINT] - [17]
2020-06-10 20:38:40.226 TRACE 56553 --- [    Test worker] o.h.type.descriptor.sql.BasicBinder      : binding parameter [10] as [VARCHAR] - [null]
2020-06-10 20:38:40.226 TRACE 56553 --- [    Test worker] o.h.type.descriptor.sql.BasicBinder      : binding parameter [11] as [VARCHAR] - [-6688467811848818630]
2020-06-10 20:38:40.226 TRACE 56553 --- [    Test worker] o.h.type.descriptor.sql.BasicBinder      : binding parameter [12] as [VARCHAR] - [null]
2020-06-10 20:38:40.226 TRACE 56553 --- [    Test worker] o.h.type.descriptor.sql.BasicBinder      : binding parameter [13] as [VARCHAR] - [null]
2020-06-10 20:38:40.226 TRACE 56553 --- [    Test worker] o.h.type.descriptor.sql.BasicBinder      : binding parameter [14] as [VARCHAR] - [null]
2020-06-10 20:38:40.226 TRACE 56553 --- [    Test worker] o.h.type.descriptor.sql.BasicBinder      : binding parameter [15] as [BOOLEAN] - [false]
2020-06-10 20:38:40.226 TRACE 56553 --- [    Test worker] o.h.type.descriptor.sql.BasicBinder      : binding parameter [16] as [VARCHAR] - [null]
2020-06-10 20:38:40.226 TRACE 56553 --- [    Test worker] o.h.type.descriptor.sql.BasicBinder      : binding parameter [17] as [TIMESTAMP] - [null]
2020-06-10 20:38:40.226 TRACE 56553 --- [    Test worker] o.h.type.descriptor.sql.BasicBinder      : binding parameter [18] as [VARCHAR] - [|24|]
2020-06-10 20:38:40.226 TRACE 56553 --- [    Test worker] o.h.type.descriptor.sql.BasicBinder      : binding parameter [19] as [VARCHAR] - [|-4962768465676381896|]
2020-06-10 20:38:40.226 TRACE 56553 --- [    Test worker] o.h.type.descriptor.sql.BasicBinder      : binding parameter [20] as [BOOLEAN] - [false]
2020-06-10 20:38:40.226 TRACE 56553 --- [    Test worker] o.h.type.descriptor.sql.BasicBinder      : binding parameter [21] as [TIMESTAMP] - [null]
2020-06-10 20:38:40.226 TRACE 56553 --- [    Test worker] o.h.type.descriptor.sql.BasicBinder      : binding parameter [22] as [VARCHAR] - [null]
2020-06-10 20:38:40.226 TRACE 56553 --- [    Test worker] o.h.type.descriptor.sql.BasicBinder      : binding parameter [23] as [TIMESTAMP] - [null]
2020-06-10 20:38:40.226 TRACE 56553 --- [    Test worker] o.h.type.descriptor.sql.BasicBinder      : binding parameter [24] as [BIGINT] - [null]
2020-06-10 20:38:40.226 TRACE 56553 --- [    Test worker] o.h.type.descriptor.sql.BasicBinder      : binding parameter [25] as [VARCHAR] - [null]
2020-06-10 20:38:40.226 TRACE 56553 --- [    Test worker] o.h.type.descriptor.sql.BasicBinder      : binding parameter [26] as [VARCHAR] - [null]
2020-06-10 20:38:40.226 TRACE 56553 --- [    Test worker] o.h.type.descriptor.sql.BasicBinder      : binding parameter [27] as [VARCHAR] - [null]
2020-06-10 20:38:40.226 TRACE 56553 --- [    Test worker] o.h.type.descriptor.sql.BasicBinder      : binding parameter [28] as [VARCHAR] - [null]
2020-06-10 20:38:40.226 TRACE 56553 --- [    Test worker] o.h.type.descriptor.sql.BasicBinder      : binding parameter [29] as [DATE] - [null]
2020-06-10 20:38:40.226 TRACE 56553 --- [    Test worker] o.h.type.descriptor.sql.BasicBinder      : binding parameter [30] as [VARCHAR] - [null]
2020-06-10 20:38:40.226 TRACE 56553 --- [    Test worker] o.h.type.descriptor.sql.BasicBinder      : binding parameter [31] as [BIGINT] - [26]
2020-06-10 20:38:40.227 TRACE 56553 --- [    Test worker] o.h.type.descriptor.sql.BasicBinder      : binding parameter [32] as [BIGINT] - [0]
Hibernate: 
    update
        organisaatio 
    set
        version=?,
        alkupvm=?,
        domainnimi=?,
        kotipaikka=?,
        kuvaus_mkt=?,
        lakkautuspvm=?,
        maa=?,
        metadata_id=?,
        nimi_mkt=?,
        nimihaku=?,
        oid=?,
        opetuspisteenjarjnro=?,
        oppilaitoskoodi=?,
        oppilaitos_tyyppi=?,
        organisaatio_poistettu=?,
        paivittaja=?,
        paivityspvm=?,
        parentidpath=?,
        parentoidpath=?,
        piilotettu=?,
        tarkastus_pvm=?,
        toimipistekoodi=?,
        tuontipvm=?,
        varhaiskasvatuksen_toimipaikka_tiedot_id=?,
        virastotunnus=?,
        yhteishaunkoulukoodi=?,
        yritysmuoto=?,
        ytj_kieli=?,
        ytjpaivityspvm=?,
        ytunnus=? 
    where
        id=? 
        and version=?
2020-06-10 20:38:40.227 TRACE 56553 --- [    Test worker] o.h.type.descriptor.sql.BasicBinder      : binding parameter [1] as [BIGINT] - [1]
2020-06-10 20:38:40.228 TRACE 56553 --- [    Test worker] o.h.type.descriptor.sql.BasicBinder      : binding parameter [2] as [DATE] - [null]
2020-06-10 20:38:40.228 TRACE 56553 --- [    Test worker] o.h.type.descriptor.sql.BasicBinder      : binding parameter [3] as [VARCHAR] - [null]
2020-06-10 20:38:40.228 TRACE 56553 --- [    Test worker] o.h.type.descriptor.sql.BasicBinder      : binding parameter [4] as [VARCHAR] - [null]
2020-06-10 20:38:40.228 TRACE 56553 --- [    Test worker] o.h.type.descriptor.sql.BasicBinder      : binding parameter [5] as [BIGINT] - [null]
2020-06-10 20:38:40.228 TRACE 56553 --- [    Test worker] o.h.type.descriptor.sql.BasicBinder      : binding parameter [6] as [DATE] - [null]
2020-06-10 20:38:40.228 TRACE 56553 --- [    Test worker] o.h.type.descriptor.sql.BasicBinder      : binding parameter [7] as [VARCHAR] - [null]
2020-06-10 20:38:40.228 TRACE 56553 --- [    Test worker] o.h.type.descriptor.sql.BasicBinder      : binding parameter [8] as [BIGINT] - [null]
2020-06-10 20:38:40.228 TRACE 56553 --- [    Test worker] o.h.type.descriptor.sql.BasicBinder      : binding parameter [9] as [BIGINT] - [18]
2020-06-10 20:38:40.228 TRACE 56553 --- [    Test worker] o.h.type.descriptor.sql.BasicBinder      : binding parameter [10] as [VARCHAR] - [null]
2020-06-10 20:38:40.228 TRACE 56553 --- [    Test worker] o.h.type.descriptor.sql.BasicBinder      : binding parameter [11] as [VARCHAR] - [-8292973307042192125]
2020-06-10 20:38:40.228 TRACE 56553 --- [    Test worker] o.h.type.descriptor.sql.BasicBinder      : binding parameter [12] as [VARCHAR] - [null]
2020-06-10 20:38:40.228 TRACE 56553 --- [    Test worker] o.h.type.descriptor.sql.BasicBinder      : binding parameter [13] as [VARCHAR] - [null]
2020-06-10 20:38:40.228 TRACE 56553 --- [    Test worker] o.h.type.descriptor.sql.BasicBinder      : binding parameter [14] as [VARCHAR] - [null]
2020-06-10 20:38:40.228 TRACE 56553 --- [    Test worker] o.h.type.descriptor.sql.BasicBinder      : binding parameter [15] as [BOOLEAN] - [false]
2020-06-10 20:38:40.228 TRACE 56553 --- [    Test worker] o.h.type.descriptor.sql.BasicBinder      : binding parameter [16] as [VARCHAR] - [null]
2020-06-10 20:38:40.228 TRACE 56553 --- [    Test worker] o.h.type.descriptor.sql.BasicBinder      : binding parameter [17] as [TIMESTAMP] - [null]
2020-06-10 20:38:40.228 TRACE 56553 --- [    Test worker] o.h.type.descriptor.sql.BasicBinder      : binding parameter [18] as [VARCHAR] - [|24|25|]
2020-06-10 20:38:40.229 TRACE 56553 --- [    Test worker] o.h.type.descriptor.sql.BasicBinder      : binding parameter [19] as [VARCHAR] - [|-4962768465676381896|4437113781045784766|]
2020-06-10 20:38:40.229 TRACE 56553 --- [    Test worker] o.h.type.descriptor.sql.BasicBinder      : binding parameter [20] as [BOOLEAN] - [false]
2020-06-10 20:38:40.229 TRACE 56553 --- [    Test worker] o.h.type.descriptor.sql.BasicBinder      : binding parameter [21] as [TIMESTAMP] - [null]
2020-06-10 20:38:40.229 TRACE 56553 --- [    Test worker] o.h.type.descriptor.sql.BasicBinder      : binding parameter [22] as [VARCHAR] - [null]
2020-06-10 20:38:40.229 TRACE 56553 --- [    Test worker] o.h.type.descriptor.sql.BasicBinder      : binding parameter [23] as [TIMESTAMP] - [null]
2020-06-10 20:38:40.229 TRACE 56553 --- [    Test worker] o.h.type.descriptor.sql.BasicBinder      : binding parameter [24] as [BIGINT] - [null]
2020-06-10 20:38:40.229 TRACE 56553 --- [    Test worker] o.h.type.descriptor.sql.BasicBinder      : binding parameter [25] as [VARCHAR] - [null]
2020-06-10 20:38:40.229 TRACE 56553 --- [    Test worker] o.h.type.descriptor.sql.BasicBinder      : binding parameter [26] as [VARCHAR] - [null]
2020-06-10 20:38:40.229 TRACE 56553 --- [    Test worker] o.h.type.descriptor.sql.BasicBinder      : binding parameter [27] as [VARCHAR] - [null]
2020-06-10 20:38:40.229 TRACE 56553 --- [    Test worker] o.h.type.descriptor.sql.BasicBinder      : binding parameter [28] as [VARCHAR] - [null]
2020-06-10 20:38:40.229 TRACE 56553 --- [    Test worker] o.h.type.descriptor.sql.BasicBinder      : binding parameter [29] as [DATE] - [null]
2020-06-10 20:38:40.229 TRACE 56553 --- [    Test worker] o.h.type.descriptor.sql.BasicBinder      : binding parameter [30] as [VARCHAR] - [null]
2020-06-10 20:38:40.229 TRACE 56553 --- [    Test worker] o.h.type.descriptor.sql.BasicBinder      : binding parameter [31] as [BIGINT] - [27]
2020-06-10 20:38:40.229 TRACE 56553 --- [    Test worker] o.h.type.descriptor.sql.BasicBinder      : binding parameter [32] as [BIGINT] - [0]
Hibernate: 
    update
        organisaatio 
    set
        version=?,
        alkupvm=?,
        domainnimi=?,
        kotipaikka=?,
        kuvaus_mkt=?,
        lakkautuspvm=?,
        maa=?,
        metadata_id=?,
        nimi_mkt=?,
        nimihaku=?,
        oid=?,
        opetuspisteenjarjnro=?,
        oppilaitoskoodi=?,
        oppilaitos_tyyppi=?,
        organisaatio_poistettu=?,
        paivittaja=?,
        paivityspvm=?,
        parentidpath=?,
        parentoidpath=?,
        piilotettu=?,
        tarkastus_pvm=?,
        toimipistekoodi=?,
        tuontipvm=?,
        varhaiskasvatuksen_toimipaikka_tiedot_id=?,
        virastotunnus=?,
        yhteishaunkoulukoodi=?,
        yritysmuoto=?,
        ytj_kieli=?,
        ytjpaivityspvm=?,
        ytunnus=? 
    where
        id=? 
        and version=?
2020-06-10 20:38:40.230 TRACE 56553 --- [    Test worker] o.h.type.descriptor.sql.BasicBinder      : binding parameter [1] as [BIGINT] - [1]
2020-06-10 20:38:40.230 TRACE 56553 --- [    Test worker] o.h.type.descriptor.sql.BasicBinder      : binding parameter [2] as [DATE] - [null]
2020-06-10 20:38:40.230 TRACE 56553 --- [    Test worker] o.h.type.descriptor.sql.BasicBinder      : binding parameter [3] as [VARCHAR] - [null]
2020-06-10 20:38:40.230 TRACE 56553 --- [    Test worker] o.h.type.descriptor.sql.BasicBinder      : binding parameter [4] as [VARCHAR] - [null]
2020-06-10 20:38:40.230 TRACE 56553 --- [    Test worker] o.h.type.descriptor.sql.BasicBinder      : binding parameter [5] as [BIGINT] - [null]
2020-06-10 20:38:40.230 TRACE 56553 --- [    Test worker] o.h.type.descriptor.sql.BasicBinder      : binding parameter [6] as [DATE] - [null]
2020-06-10 20:38:40.230 TRACE 56553 --- [    Test worker] o.h.type.descriptor.sql.BasicBinder      : binding parameter [7] as [VARCHAR] - [null]
2020-06-10 20:38:40.230 TRACE 56553 --- [    Test worker] o.h.type.descriptor.sql.BasicBinder      : binding parameter [8] as [BIGINT] - [null]
2020-06-10 20:38:40.230 TRACE 56553 --- [    Test worker] o.h.type.descriptor.sql.BasicBinder      : binding parameter [9] as [BIGINT] - [19]
2020-06-10 20:38:40.230 TRACE 56553 --- [    Test worker] o.h.type.descriptor.sql.BasicBinder      : binding parameter [10] as [VARCHAR] - [null]
2020-06-10 20:38:40.230 TRACE 56553 --- [    Test worker] o.h.type.descriptor.sql.BasicBinder      : binding parameter [11] as [VARCHAR] - [-7423979211207825555]
2020-06-10 20:38:40.230 TRACE 56553 --- [    Test worker] o.h.type.descriptor.sql.BasicBinder      : binding parameter [12] as [VARCHAR] - [null]
2020-06-10 20:38:40.230 TRACE 56553 --- [    Test worker] o.h.type.descriptor.sql.BasicBinder      : binding parameter [13] as [VARCHAR] - [null]
2020-06-10 20:38:40.230 TRACE 56553 --- [    Test worker] o.h.type.descriptor.sql.BasicBinder      : binding parameter [14] as [VARCHAR] - [null]
2020-06-10 20:38:40.231 TRACE 56553 --- [    Test worker] o.h.type.descriptor.sql.BasicBinder      : binding parameter [15] as [BOOLEAN] - [false]
2020-06-10 20:38:40.231 TRACE 56553 --- [    Test worker] o.h.type.descriptor.sql.BasicBinder      : binding parameter [16] as [VARCHAR] - [null]
2020-06-10 20:38:40.231 TRACE 56553 --- [    Test worker] o.h.type.descriptor.sql.BasicBinder      : binding parameter [17] as [TIMESTAMP] - [null]
2020-06-10 20:38:40.231 TRACE 56553 --- [    Test worker] o.h.type.descriptor.sql.BasicBinder      : binding parameter [18] as [VARCHAR] - [|24|26|]
2020-06-10 20:38:40.231 TRACE 56553 --- [    Test worker] o.h.type.descriptor.sql.BasicBinder      : binding parameter [19] as [VARCHAR] - [|-4962768465676381896|-6688467811848818630|]
2020-06-10 20:38:40.231 TRACE 56553 --- [    Test worker] o.h.type.descriptor.sql.BasicBinder      : binding parameter [20] as [BOOLEAN] - [false]
2020-06-10 20:38:40.231 TRACE 56553 --- [    Test worker] o.h.type.descriptor.sql.BasicBinder      : binding parameter [21] as [TIMESTAMP] - [null]
2020-06-10 20:38:40.231 TRACE 56553 --- [    Test worker] o.h.type.descriptor.sql.BasicBinder      : binding parameter [22] as [VARCHAR] - [null]
2020-06-10 20:38:40.231 TRACE 56553 --- [    Test worker] o.h.type.descriptor.sql.BasicBinder      : binding parameter [23] as [TIMESTAMP] - [null]
2020-06-10 20:38:40.231 TRACE 56553 --- [    Test worker] o.h.type.descriptor.sql.BasicBinder      : binding parameter [24] as [BIGINT] - [null]
2020-06-10 20:38:40.231 TRACE 56553 --- [    Test worker] o.h.type.descriptor.sql.BasicBinder      : binding parameter [25] as [VARCHAR] - [null]
2020-06-10 20:38:40.231 TRACE 56553 --- [    Test worker] o.h.type.descriptor.sql.BasicBinder      : binding parameter [26] as [VARCHAR] - [null]
2020-06-10 20:38:40.231 TRACE 56553 --- [    Test worker] o.h.type.descriptor.sql.BasicBinder      : binding parameter [27] as [VARCHAR] - [null]
2020-06-10 20:38:40.231 TRACE 56553 --- [    Test worker] o.h.type.descriptor.sql.BasicBinder      : binding parameter [28] as [VARCHAR] - [null]
2020-06-10 20:38:40.231 TRACE 56553 --- [    Test worker] o.h.type.descriptor.sql.BasicBinder      : binding parameter [29] as [DATE] - [null]
2020-06-10 20:38:40.231 TRACE 56553 --- [    Test worker] o.h.type.descriptor.sql.BasicBinder      : binding parameter [30] as [VARCHAR] - [null]
2020-06-10 20:38:40.231 TRACE 56553 --- [    Test worker] o.h.type.descriptor.sql.BasicBinder      : binding parameter [31] as [BIGINT] - [28]
2020-06-10 20:38:40.231 TRACE 56553 --- [    Test worker] o.h.type.descriptor.sql.BasicBinder      : binding parameter [32] as [BIGINT] - [0]
Hibernate: 
    update
        organisaatio 
    set
        version=?,
        alkupvm=?,
        domainnimi=?,
        kotipaikka=?,
        kuvaus_mkt=?,
        lakkautuspvm=?,
        maa=?,
        metadata_id=?,
        nimi_mkt=?,
        nimihaku=?,
        oid=?,
        opetuspisteenjarjnro=?,
        oppilaitoskoodi=?,
        oppilaitos_tyyppi=?,
        organisaatio_poistettu=?,
        paivittaja=?,
        paivityspvm=?,
        parentidpath=?,
        parentoidpath=?,
        piilotettu=?,
        tarkastus_pvm=?,
        toimipistekoodi=?,
        tuontipvm=?,
        varhaiskasvatuksen_toimipaikka_tiedot_id=?,
        virastotunnus=?,
        yhteishaunkoulukoodi=?,
        yritysmuoto=?,
        ytj_kieli=?,
        ytjpaivityspvm=?,
        ytunnus=? 
    where
        id=? 
        and version=?
2020-06-10 20:38:40.232 TRACE 56553 --- [    Test worker] o.h.type.descriptor.sql.BasicBinder      : binding parameter [1] as [BIGINT] - [1]
2020-06-10 20:38:40.232 TRACE 56553 --- [    Test worker] o.h.type.descriptor.sql.BasicBinder      : binding parameter [2] as [DATE] - [null]
2020-06-10 20:38:40.233 TRACE 56553 --- [    Test worker] o.h.type.descriptor.sql.BasicBinder      : binding parameter [3] as [VARCHAR] - [null]
2020-06-10 20:38:40.233 TRACE 56553 --- [    Test worker] o.h.type.descriptor.sql.BasicBinder      : binding parameter [4] as [VARCHAR] - [null]
2020-06-10 20:38:40.233 TRACE 56553 --- [    Test worker] o.h.type.descriptor.sql.BasicBinder      : binding parameter [5] as [BIGINT] - [null]
2020-06-10 20:38:40.233 TRACE 56553 --- [    Test worker] o.h.type.descriptor.sql.BasicBinder      : binding parameter [6] as [DATE] - [null]
2020-06-10 20:38:40.233 TRACE 56553 --- [    Test worker] o.h.type.descriptor.sql.BasicBinder      : binding parameter [7] as [VARCHAR] - [null]
2020-06-10 20:38:40.233 TRACE 56553 --- [    Test worker] o.h.type.descriptor.sql.BasicBinder      : binding parameter [8] as [BIGINT] - [null]
2020-06-10 20:38:40.233 TRACE 56553 --- [    Test worker] o.h.type.descriptor.sql.BasicBinder      : binding parameter [9] as [BIGINT] - [20]
2020-06-10 20:38:40.233 TRACE 56553 --- [    Test worker] o.h.type.descriptor.sql.BasicBinder      : binding parameter [10] as [VARCHAR] - [null]
2020-06-10 20:38:40.233 TRACE 56553 --- [    Test worker] o.h.type.descriptor.sql.BasicBinder      : binding parameter [11] as [VARCHAR] - [6146794652083548235]
2020-06-10 20:38:40.233 TRACE 56553 --- [    Test worker] o.h.type.descriptor.sql.BasicBinder      : binding parameter [12] as [VARCHAR] - [null]
2020-06-10 20:38:40.233 TRACE 56553 --- [    Test worker] o.h.type.descriptor.sql.BasicBinder      : binding parameter [13] as [VARCHAR] - [null]
2020-06-10 20:38:40.233 TRACE 56553 --- [    Test worker] o.h.type.descriptor.sql.BasicBinder      : binding parameter [14] as [VARCHAR] - [null]
2020-06-10 20:38:40.233 TRACE 56553 --- [    Test worker] o.h.type.descriptor.sql.BasicBinder      : binding parameter [15] as [BOOLEAN] - [true]
2020-06-10 20:38:40.233 TRACE 56553 --- [    Test worker] o.h.type.descriptor.sql.BasicBinder      : binding parameter [16] as [VARCHAR] - [null]
2020-06-10 20:38:40.233 TRACE 56553 --- [    Test worker] o.h.type.descriptor.sql.BasicBinder      : binding parameter [17] as [TIMESTAMP] - [null]
2020-06-10 20:38:40.233 TRACE 56553 --- [    Test worker] o.h.type.descriptor.sql.BasicBinder      : binding parameter [18] as [VARCHAR] - [|24|]
2020-06-10 20:38:40.233 TRACE 56553 --- [    Test worker] o.h.type.descriptor.sql.BasicBinder      : binding parameter [19] as [VARCHAR] - [|-4962768465676381896|]
2020-06-10 20:38:40.233 TRACE 56553 --- [    Test worker] o.h.type.descriptor.sql.BasicBinder      : binding parameter [20] as [BOOLEAN] - [false]
2020-06-10 20:38:40.233 TRACE 56553 --- [    Test worker] o.h.type.descriptor.sql.BasicBinder      : binding parameter [21] as [TIMESTAMP] - [null]
2020-06-10 20:38:40.233 TRACE 56553 --- [    Test worker] o.h.type.descriptor.sql.BasicBinder      : binding parameter [22] as [VARCHAR] - [null]
2020-06-10 20:38:40.233 TRACE 56553 --- [    Test worker] o.h.type.descriptor.sql.BasicBinder      : binding parameter [23] as [TIMESTAMP] - [null]
2020-06-10 20:38:40.233 TRACE 56553 --- [    Test worker] o.h.type.descriptor.sql.BasicBinder      : binding parameter [24] as [BIGINT] - [null]
2020-06-10 20:38:40.233 TRACE 56553 --- [    Test worker] o.h.type.descriptor.sql.BasicBinder      : binding parameter [25] as [VARCHAR] - [null]
2020-06-10 20:38:40.233 TRACE 56553 --- [    Test worker] o.h.type.descriptor.sql.BasicBinder      : binding parameter [26] as [VARCHAR] - [null]
2020-06-10 20:38:40.234 TRACE 56553 --- [    Test worker] o.h.type.descriptor.sql.BasicBinder      : binding parameter [27] as [VARCHAR] - [null]
2020-06-10 20:38:40.234 TRACE 56553 --- [    Test worker] o.h.type.descriptor.sql.BasicBinder      : binding parameter [28] as [VARCHAR] - [null]
2020-06-10 20:38:40.234 TRACE 56553 --- [    Test worker] o.h.type.descriptor.sql.BasicBinder      : binding parameter [29] as [DATE] - [null]
2020-06-10 20:38:40.234 TRACE 56553 --- [    Test worker] o.h.type.descriptor.sql.BasicBinder      : binding parameter [30] as [VARCHAR] - [null]
2020-06-10 20:38:40.234 TRACE 56553 --- [    Test worker] o.h.type.descriptor.sql.BasicBinder      : binding parameter [31] as [BIGINT] - [29]
2020-06-10 20:38:40.234 TRACE 56553 --- [    Test worker] o.h.type.descriptor.sql.BasicBinder      : binding parameter [32] as [BIGINT] - [0]
Hibernate: 
    update
        organisaatio 
    set
        version=?,
        alkupvm=?,
        domainnimi=?,
        kotipaikka=?,
        kuvaus_mkt=?,
        lakkautuspvm=?,
        maa=?,
        metadata_id=?,
        nimi_mkt=?,
        nimihaku=?,
        oid=?,
        opetuspisteenjarjnro=?,
        oppilaitoskoodi=?,
        oppilaitos_tyyppi=?,
        organisaatio_poistettu=?,
        paivittaja=?,
        paivityspvm=?,
        parentidpath=?,
        parentoidpath=?,
        piilotettu=?,
        tarkastus_pvm=?,
        toimipistekoodi=?,
        tuontipvm=?,
        varhaiskasvatuksen_toimipaikka_tiedot_id=?,
        virastotunnus=?,
        yhteishaunkoulukoodi=?,
        yritysmuoto=?,
        ytj_kieli=?,
        ytjpaivityspvm=?,
        ytunnus=? 
    where
        id=? 
        and version=?
2020-06-10 20:38:40.235 TRACE 56553 --- [    Test worker] o.h.type.descriptor.sql.BasicBinder      : binding parameter [1] as [BIGINT] - [1]
2020-06-10 20:38:40.235 TRACE 56553 --- [    Test worker] o.h.type.descriptor.sql.BasicBinder      : binding parameter [2] as [DATE] - [null]
2020-06-10 20:38:40.235 TRACE 56553 --- [    Test worker] o.h.type.descriptor.sql.BasicBinder      : binding parameter [3] as [VARCHAR] - [null]
2020-06-10 20:38:40.235 TRACE 56553 --- [    Test worker] o.h.type.descriptor.sql.BasicBinder      : binding parameter [4] as [VARCHAR] - [null]
2020-06-10 20:38:40.235 TRACE 56553 --- [    Test worker] o.h.type.descriptor.sql.BasicBinder      : binding parameter [5] as [BIGINT] - [null]
2020-06-10 20:38:40.235 TRACE 56553 --- [    Test worker] o.h.type.descriptor.sql.BasicBinder      : binding parameter [6] as [DATE] - [null]
2020-06-10 20:38:40.235 TRACE 56553 --- [    Test worker] o.h.type.descriptor.sql.BasicBinder      : binding parameter [7] as [VARCHAR] - [null]
2020-06-10 20:38:40.235 TRACE 56553 --- [    Test worker] o.h.type.descriptor.sql.BasicBinder      : binding parameter [8] as [BIGINT] - [null]
2020-06-10 20:38:40.235 TRACE 56553 --- [    Test worker] o.h.type.descriptor.sql.BasicBinder      : binding parameter [9] as [BIGINT] - [21]
2020-06-10 20:38:40.235 TRACE 56553 --- [    Test worker] o.h.type.descriptor.sql.BasicBinder      : binding parameter [10] as [VARCHAR] - [null]
2020-06-10 20:38:40.235 TRACE 56553 --- [    Test worker] o.h.type.descriptor.sql.BasicBinder      : binding parameter [11] as [VARCHAR] - [7105486291024734541]
2020-06-10 20:38:40.235 TRACE 56553 --- [    Test worker] o.h.type.descriptor.sql.BasicBinder      : binding parameter [12] as [VARCHAR] - [null]
2020-06-10 20:38:40.235 TRACE 56553 --- [    Test worker] o.h.type.descriptor.sql.BasicBinder      : binding parameter [13] as [VARCHAR] - [null]
2020-06-10 20:38:40.235 TRACE 56553 --- [    Test worker] o.h.type.descriptor.sql.BasicBinder      : binding parameter [14] as [VARCHAR] - [null]
2020-06-10 20:38:40.235 TRACE 56553 --- [    Test worker] o.h.type.descriptor.sql.BasicBinder      : binding parameter [15] as [BOOLEAN] - [true]
2020-06-10 20:38:40.235 TRACE 56553 --- [    Test worker] o.h.type.descriptor.sql.BasicBinder      : binding parameter [16] as [VARCHAR] - [null]
2020-06-10 20:38:40.236 TRACE 56553 --- [    Test worker] o.h.type.descriptor.sql.BasicBinder      : binding parameter [17] as [TIMESTAMP] - [null]
2020-06-10 20:38:40.236 TRACE 56553 --- [    Test worker] o.h.type.descriptor.sql.BasicBinder      : binding parameter [18] as [VARCHAR] - [|24|26|28|]
2020-06-10 20:38:40.236 TRACE 56553 --- [    Test worker] o.h.type.descriptor.sql.BasicBinder      : binding parameter [19] as [VARCHAR] - [|-4962768465676381896|-6688467811848818630|-7423979211207825555|]
2020-06-10 20:38:40.236 TRACE 56553 --- [    Test worker] o.h.type.descriptor.sql.BasicBinder      : binding parameter [20] as [BOOLEAN] - [false]
2020-06-10 20:38:40.236 TRACE 56553 --- [    Test worker] o.h.type.descriptor.sql.BasicBinder      : binding parameter [21] as [TIMESTAMP] - [null]
2020-06-10 20:38:40.236 TRACE 56553 --- [    Test worker] o.h.type.descriptor.sql.BasicBinder      : binding parameter [22] as [VARCHAR] - [null]
2020-06-10 20:38:40.236 TRACE 56553 --- [    Test worker] o.h.type.descriptor.sql.BasicBinder      : binding parameter [23] as [TIMESTAMP] - [null]
2020-06-10 20:38:40.236 TRACE 56553 --- [    Test worker] o.h.type.descriptor.sql.BasicBinder      : binding parameter [24] as [BIGINT] - [null]
2020-06-10 20:38:40.236 TRACE 56553 --- [    Test worker] o.h.type.descriptor.sql.BasicBinder      : binding parameter [25] as [VARCHAR] - [null]
2020-06-10 20:38:40.236 TRACE 56553 --- [    Test worker] o.h.type.descriptor.sql.BasicBinder      : binding parameter [26] as [VARCHAR] - [null]
2020-06-10 20:38:40.236 TRACE 56553 --- [    Test worker] o.h.type.descriptor.sql.BasicBinder      : binding parameter [27] as [VARCHAR] - [null]
2020-06-10 20:38:40.236 TRACE 56553 --- [    Test worker] o.h.type.descriptor.sql.BasicBinder      : binding parameter [28] as [VARCHAR] - [null]
2020-06-10 20:38:40.236 TRACE 56553 --- [    Test worker] o.h.type.descriptor.sql.BasicBinder      : binding parameter [29] as [DATE] - [null]
2020-06-10 20:38:40.236 TRACE 56553 --- [    Test worker] o.h.type.descriptor.sql.BasicBinder      : binding parameter [30] as [VARCHAR] - [null]
2020-06-10 20:38:40.236 TRACE 56553 --- [    Test worker] o.h.type.descriptor.sql.BasicBinder      : binding parameter [31] as [BIGINT] - [30]
2020-06-10 20:38:40.236 TRACE 56553 --- [    Test worker] o.h.type.descriptor.sql.BasicBinder      : binding parameter [32] as [BIGINT] - [0]
Hibernate: 
    insert 
    into
        monikielinen_teksti_values
        (id, key, value) 
    values
        (?, ?, ?)
2020-06-10 20:38:40.237 TRACE 56553 --- [    Test worker] o.h.type.descriptor.sql.BasicBinder      : binding parameter [1] as [BIGINT] - [15]
2020-06-10 20:38:40.237 TRACE 56553 --- [    Test worker] o.h.type.descriptor.sql.BasicBinder      : binding parameter [2] as [VARCHAR] - [FI]
2020-06-10 20:38:40.237 TRACE 56553 --- [    Test worker] o.h.type.descriptor.sql.BasicBinder      : binding parameter [3] as [VARCHAR] - [A]
Hibernate: 
    insert 
    into
        monikielinen_teksti_values
        (id, key, value) 
    values
        (?, ?, ?)
2020-06-10 20:38:40.237 TRACE 56553 --- [    Test worker] o.h.type.descriptor.sql.BasicBinder      : binding parameter [1] as [BIGINT] - [16]
2020-06-10 20:38:40.237 TRACE 56553 --- [    Test worker] o.h.type.descriptor.sql.BasicBinder      : binding parameter [2] as [VARCHAR] - [FI]
2020-06-10 20:38:40.237 TRACE 56553 --- [    Test worker] o.h.type.descriptor.sql.BasicBinder      : binding parameter [3] as [VARCHAR] - [B]
Hibernate: 
    insert 
    into
        monikielinen_teksti_values
        (id, key, value) 
    values
        (?, ?, ?)
2020-06-10 20:38:40.238 TRACE 56553 --- [    Test worker] o.h.type.descriptor.sql.BasicBinder      : binding parameter [1] as [BIGINT] - [17]
2020-06-10 20:38:40.238 TRACE 56553 --- [    Test worker] o.h.type.descriptor.sql.BasicBinder      : binding parameter [2] as [VARCHAR] - [FI]
2020-06-10 20:38:40.238 TRACE 56553 --- [    Test worker] o.h.type.descriptor.sql.BasicBinder      : binding parameter [3] as [VARCHAR] - [C]
Hibernate: 
    insert 
    into
        monikielinen_teksti_values
        (id, key, value) 
    values
        (?, ?, ?)
2020-06-10 20:38:40.238 TRACE 56553 --- [    Test worker] o.h.type.descriptor.sql.BasicBinder      : binding parameter [1] as [BIGINT] - [18]
2020-06-10 20:38:40.238 TRACE 56553 --- [    Test worker] o.h.type.descriptor.sql.BasicBinder      : binding parameter [2] as [VARCHAR] - [FI]
2020-06-10 20:38:40.238 TRACE 56553 --- [    Test worker] o.h.type.descriptor.sql.BasicBinder      : binding parameter [3] as [VARCHAR] - [D]
Hibernate: 
    insert 
    into
        monikielinen_teksti_values
        (id, key, value) 
    values
        (?, ?, ?)
2020-06-10 20:38:40.239 TRACE 56553 --- [    Test worker] o.h.type.descriptor.sql.BasicBinder      : binding parameter [1] as [BIGINT] - [19]
2020-06-10 20:38:40.239 TRACE 56553 --- [    Test worker] o.h.type.descriptor.sql.BasicBinder      : binding parameter [2] as [VARCHAR] - [FI]
2020-06-10 20:38:40.239 TRACE 56553 --- [    Test worker] o.h.type.descriptor.sql.BasicBinder      : binding parameter [3] as [VARCHAR] - [E]
Hibernate: 
    insert 
    into
        monikielinen_teksti_values
        (id, key, value) 
    values
        (?, ?, ?)
2020-06-10 20:38:40.239 TRACE 56553 --- [    Test worker] o.h.type.descriptor.sql.BasicBinder      : binding parameter [1] as [BIGINT] - [20]
2020-06-10 20:38:40.239 TRACE 56553 --- [    Test worker] o.h.type.descriptor.sql.BasicBinder      : binding parameter [2] as [VARCHAR] - [FI]
2020-06-10 20:38:40.239 TRACE 56553 --- [    Test worker] o.h.type.descriptor.sql.BasicBinder      : binding parameter [3] as [VARCHAR] - [F]
Hibernate: 
    insert 
    into
        monikielinen_teksti_values
        (id, key, value) 
    values
        (?, ?, ?)
2020-06-10 20:38:40.240 TRACE 56553 --- [    Test worker] o.h.type.descriptor.sql.BasicBinder      : binding parameter [1] as [BIGINT] - [21]
2020-06-10 20:38:40.240 TRACE 56553 --- [    Test worker] o.h.type.descriptor.sql.BasicBinder      : binding parameter [2] as [VARCHAR] - [FI]
2020-06-10 20:38:40.240 TRACE 56553 --- [    Test worker] o.h.type.descriptor.sql.BasicBinder      : binding parameter [3] as [VARCHAR] - [G]
Hibernate: 
    select
        organisaat0_.id as id1_5_,
        organisaat0_.version as version2_5_,
        organisaat0_.alkupvm as alkupvm3_5_,
        organisaat0_.domainnimi as domainni4_5_,
        organisaat0_.kotipaikka as kotipaik5_5_,
        organisaat0_.kuvaus_mkt as kuvaus_28_5_,
        organisaat0_.lakkautuspvm as lakkautu6_5_,
        organisaat0_.maa as maa7_5_,
        organisaat0_.metadata_id as metadat29_5_,
        organisaat0_.nimi_mkt as nimi_mk30_5_,
        organisaat0_.nimihaku as nimihaku8_5_,
        organisaat0_.oid as oid9_5_,
        organisaat0_.opetuspisteenjarjnro as opetusp10_5_,
        organisaat0_.oppilaitoskoodi as oppilai11_5_,
        organisaat0_.oppilaitos_tyyppi as oppilai12_5_,
        organisaat0_.organisaatio_poistettu as organis13_5_,
        organisaat0_.paivittaja as paivitt14_5_,
        organisaat0_.paivityspvm as paivity15_5_,
        organisaat0_.parentidpath as parenti16_5_,
        organisaat0_.parentoidpath as parento17_5_,
        organisaat0_.piilotettu as piilote18_5_,
        organisaat0_.tarkastus_pvm as tarkast19_5_,
        organisaat0_.toimipistekoodi as toimipi20_5_,
        organisaat0_.tuontipvm as tuontip21_5_,
        organisaat0_.varhaiskasvatuksen_toimipaikka_tiedot_id as varhais31_5_,
        organisaat0_.virastotunnus as virasto22_5_,
        organisaat0_.yhteishaunkoulukoodi as yhteish23_5_,
        organisaat0_.yritysmuoto as yritysm24_5_,
        organisaat0_.ytj_kieli as ytj_kie25_5_,
        organisaat0_.ytjpaivityspvm as ytjpaiv26_5_,
        organisaat0_.ytunnus as ytunnus27_5_ 
    from
        organisaatio organisaat0_ 
    where
        organisaat0_.oid=?
2020-06-10 20:38:40.241 TRACE 56553 --- [    Test worker] o.h.type.descriptor.sql.BasicBinder      : binding parameter [1] as [VARCHAR] - [-4962768465676381896]
2020-06-10 20:38:40.241 TRACE 56553 --- [    Test worker] o.h.type.descriptor.sql.BasicExtractor   : extracted value ([id1_5_] : [BIGINT]) - [24]
Hibernate: 
    select
        distinct organisaat0_.id as id1_5_,
        organisaat0_.version as version2_5_,
        organisaat0_.alkupvm as alkupvm3_5_,
        organisaat0_.domainnimi as domainni4_5_,
        organisaat0_.kotipaikka as kotipaik5_5_,
        organisaat0_.kuvaus_mkt as kuvaus_28_5_,
        organisaat0_.lakkautuspvm as lakkautu6_5_,
        organisaat0_.maa as maa7_5_,
        organisaat0_.metadata_id as metadat29_5_,
        organisaat0_.nimi_mkt as nimi_mk30_5_,
        organisaat0_.nimihaku as nimihaku8_5_,
        organisaat0_.oid as oid9_5_,
        organisaat0_.opetuspisteenjarjnro as opetusp10_5_,
        organisaat0_.oppilaitoskoodi as oppilai11_5_,
        organisaat0_.oppilaitos_tyyppi as oppilai12_5_,
        organisaat0_.organisaatio_poistettu as organis13_5_,
        organisaat0_.paivittaja as paivitt14_5_,
        organisaat0_.paivityspvm as paivity15_5_,
        organisaat0_.parentidpath as parenti16_5_,
        organisaat0_.parentoidpath as parento17_5_,
        organisaat0_.piilotettu as piilote18_5_,
        organisaat0_.tarkastus_pvm as tarkast19_5_,
        organisaat0_.toimipistekoodi as toimipi20_5_,
        organisaat0_.tuontipvm as tuontip21_5_,
        organisaat0_.varhaiskasvatuksen_toimipaikka_tiedot_id as varhais31_5_,
        organisaat0_.virastotunnus as virasto22_5_,
        organisaat0_.yhteishaunkoulukoodi as yhteish23_5_,
        organisaat0_.yritysmuoto as yritysm24_5_,
        organisaat0_.ytj_kieli as ytj_kie25_5_,
        organisaat0_.ytjpaivityspvm as ytjpaiv26_5_,
        organisaat0_.ytunnus as ytunnus27_5_ 
    from
        organisaatio organisaat0_ 
    where
        organisaat0_.parentidpath like ? escape '!'
2020-06-10 20:38:40.245 TRACE 56553 --- [    Test worker] o.h.type.descriptor.sql.BasicBinder      : binding parameter [1] as [VARCHAR] - [%|24|]
2020-06-10 20:38:40.246 TRACE 56553 --- [    Test worker] o.h.type.descriptor.sql.BasicExtractor   : extracted value ([id1_5_] : [BIGINT]) - [29]
2020-06-10 20:38:40.246 TRACE 56553 --- [    Test worker] o.h.type.descriptor.sql.BasicExtractor   : extracted value ([id1_5_] : [BIGINT]) - [26]
2020-06-10 20:38:40.246 TRACE 56553 --- [    Test worker] o.h.type.descriptor.sql.BasicExtractor   : extracted value ([id1_5_] : [BIGINT]) - [25]
Hibernate: 
    select
        organisaat0_.id as id1_5_,
        organisaat0_.version as version2_5_,
        organisaat0_.alkupvm as alkupvm3_5_,
        organisaat0_.domainnimi as domainni4_5_,
        organisaat0_.kotipaikka as kotipaik5_5_,
        organisaat0_.kuvaus_mkt as kuvaus_28_5_,
        organisaat0_.lakkautuspvm as lakkautu6_5_,
        organisaat0_.maa as maa7_5_,
        organisaat0_.metadata_id as metadat29_5_,
        organisaat0_.nimi_mkt as nimi_mk30_5_,
        organisaat0_.nimihaku as nimihaku8_5_,
        organisaat0_.oid as oid9_5_,
        organisaat0_.opetuspisteenjarjnro as opetusp10_5_,
        organisaat0_.oppilaitoskoodi as oppilai11_5_,
        organisaat0_.oppilaitos_tyyppi as oppilai12_5_,
        organisaat0_.organisaatio_poistettu as organis13_5_,
        organisaat0_.paivittaja as paivitt14_5_,
        organisaat0_.paivityspvm as paivity15_5_,
        organisaat0_.parentidpath as parenti16_5_,
        organisaat0_.parentoidpath as parento17_5_,
        organisaat0_.piilotettu as piilote18_5_,
        organisaat0_.tarkastus_pvm as tarkast19_5_,
        organisaat0_.toimipistekoodi as toimipi20_5_,
        organisaat0_.tuontipvm as tuontip21_5_,
        organisaat0_.varhaiskasvatuksen_toimipaikka_tiedot_id as varhais31_5_,
        organisaat0_.virastotunnus as virasto22_5_,
        organisaat0_.yhteishaunkoulukoodi as yhteish23_5_,
        organisaat0_.yritysmuoto as yritysm24_5_,
        organisaat0_.ytj_kieli as ytj_kie25_5_,
        organisaat0_.ytjpaivityspvm as ytjpaiv26_5_,
        organisaat0_.ytunnus as ytunnus27_5_ 
    from
        organisaatio organisaat0_ 
    where
        organisaat0_.oid=?
2020-06-10 20:38:40.248 TRACE 56553 --- [    Test worker] o.h.type.descriptor.sql.BasicBinder      : binding parameter [1] as [VARCHAR] - [-6688467811848818630]
2020-06-10 20:38:40.248 TRACE 56553 --- [    Test worker] o.h.type.descriptor.sql.BasicExtractor   : extracted value ([id1_5_] : [BIGINT]) - [26]
Hibernate: 
    select
        distinct organisaat0_.id as id1_5_,
        organisaat0_.version as version2_5_,
        organisaat0_.alkupvm as alkupvm3_5_,
        organisaat0_.domainnimi as domainni4_5_,
        organisaat0_.kotipaikka as kotipaik5_5_,
        organisaat0_.kuvaus_mkt as kuvaus_28_5_,
        organisaat0_.lakkautuspvm as lakkautu6_5_,
        organisaat0_.maa as maa7_5_,
        organisaat0_.metadata_id as metadat29_5_,
        organisaat0_.nimi_mkt as nimi_mk30_5_,
        organisaat0_.nimihaku as nimihaku8_5_,
        organisaat0_.oid as oid9_5_,
        organisaat0_.opetuspisteenjarjnro as opetusp10_5_,
        organisaat0_.oppilaitoskoodi as oppilai11_5_,
        organisaat0_.oppilaitos_tyyppi as oppilai12_5_,
        organisaat0_.organisaatio_poistettu as organis13_5_,
        organisaat0_.paivittaja as paivitt14_5_,
        organisaat0_.paivityspvm as paivity15_5_,
        organisaat0_.parentidpath as parenti16_5_,
        organisaat0_.parentoidpath as parento17_5_,
        organisaat0_.piilotettu as piilote18_5_,
        organisaat0_.tarkastus_pvm as tarkast19_5_,
        organisaat0_.toimipistekoodi as toimipi20_5_,
        organisaat0_.tuontipvm as tuontip21_5_,
        organisaat0_.varhaiskasvatuksen_toimipaikka_tiedot_id as varhais31_5_,
        organisaat0_.virastotunnus as virasto22_5_,
        organisaat0_.yhteishaunkoulukoodi as yhteish23_5_,
        organisaat0_.yritysmuoto as yritysm24_5_,
        organisaat0_.ytj_kieli as ytj_kie25_5_,
        organisaat0_.ytjpaivityspvm as ytjpaiv26_5_,
        organisaat0_.ytunnus as ytunnus27_5_ 
    from
        organisaatio organisaat0_ 
    where
        organisaat0_.parentidpath like ? escape '!'
2020-06-10 20:38:40.249 TRACE 56553 --- [    Test worker] o.h.type.descriptor.sql.BasicBinder      : binding parameter [1] as [VARCHAR] - [%|26|]
2020-06-10 20:38:40.250 TRACE 56553 --- [    Test worker] o.h.type.descriptor.sql.BasicExtractor   : extracted value ([id1_5_] : [BIGINT]) - [28]
Hibernate: 
    select
        organisaat0_.id as id1_5_,
        organisaat0_.version as version2_5_,
        organisaat0_.alkupvm as alkupvm3_5_,
        organisaat0_.domainnimi as domainni4_5_,
        organisaat0_.kotipaikka as kotipaik5_5_,
        organisaat0_.kuvaus_mkt as kuvaus_28_5_,
        organisaat0_.lakkautuspvm as lakkautu6_5_,
        organisaat0_.maa as maa7_5_,
        organisaat0_.metadata_id as metadat29_5_,
        organisaat0_.nimi_mkt as nimi_mk30_5_,
        organisaat0_.nimihaku as nimihaku8_5_,
        organisaat0_.oid as oid9_5_,
        organisaat0_.opetuspisteenjarjnro as opetusp10_5_,
        organisaat0_.oppilaitoskoodi as oppilai11_5_,
        organisaat0_.oppilaitos_tyyppi as oppilai12_5_,
        organisaat0_.organisaatio_poistettu as organis13_5_,
        organisaat0_.paivittaja as paivitt14_5_,
        organisaat0_.paivityspvm as paivity15_5_,
        organisaat0_.parentidpath as parenti16_5_,
        organisaat0_.parentoidpath as parento17_5_,
        organisaat0_.piilotettu as piilote18_5_,
        organisaat0_.tarkastus_pvm as tarkast19_5_,
        organisaat0_.toimipistekoodi as toimipi20_5_,
        organisaat0_.tuontipvm as tuontip21_5_,
        organisaat0_.varhaiskasvatuksen_toimipaikka_tiedot_id as varhais31_5_,
        organisaat0_.virastotunnus as virasto22_5_,
        organisaat0_.yhteishaunkoulukoodi as yhteish23_5_,
        organisaat0_.yritysmuoto as yritysm24_5_,
        organisaat0_.ytj_kieli as ytj_kie25_5_,
        organisaat0_.ytjpaivityspvm as ytjpaiv26_5_,
        organisaat0_.ytunnus as ytunnus27_5_ 
    from
        organisaatio organisaat0_ 
    where
        organisaat0_.oid=?
2020-06-10 20:38:40.252 TRACE 56553 --- [    Test worker] o.h.type.descriptor.sql.BasicBinder      : binding parameter [1] as [VARCHAR] - [-7423979211207825555]
2020-06-10 20:38:40.252 TRACE 56553 --- [    Test worker] o.h.type.descriptor.sql.BasicExtractor   : extracted value ([id1_5_] : [BIGINT]) - [28]
Hibernate: 
    select
        distinct organisaat0_.id as id1_5_,
        organisaat0_.version as version2_5_,
        organisaat0_.alkupvm as alkupvm3_5_,
        organisaat0_.domainnimi as domainni4_5_,
        organisaat0_.kotipaikka as kotipaik5_5_,
        organisaat0_.kuvaus_mkt as kuvaus_28_5_,
        organisaat0_.lakkautuspvm as lakkautu6_5_,
        organisaat0_.maa as maa7_5_,
        organisaat0_.metadata_id as metadat29_5_,
        organisaat0_.nimi_mkt as nimi_mk30_5_,
        organisaat0_.nimihaku as nimihaku8_5_,
        organisaat0_.oid as oid9_5_,
        organisaat0_.opetuspisteenjarjnro as opetusp10_5_,
        organisaat0_.oppilaitoskoodi as oppilai11_5_,
        organisaat0_.oppilaitos_tyyppi as oppilai12_5_,
        organisaat0_.organisaatio_poistettu as organis13_5_,
        organisaat0_.paivittaja as paivitt14_5_,
        organisaat0_.paivityspvm as paivity15_5_,
        organisaat0_.parentidpath as parenti16_5_,
        organisaat0_.parentoidpath as parento17_5_,
        organisaat0_.piilotettu as piilote18_5_,
        organisaat0_.tarkastus_pvm as tarkast19_5_,
        organisaat0_.toimipistekoodi as toimipi20_5_,
        organisaat0_.tuontipvm as tuontip21_5_,
        organisaat0_.varhaiskasvatuksen_toimipaikka_tiedot_id as varhais31_5_,
        organisaat0_.virastotunnus as virasto22_5_,
        organisaat0_.yhteishaunkoulukoodi as yhteish23_5_,
        organisaat0_.yritysmuoto as yritysm24_5_,
        organisaat0_.ytj_kieli as ytj_kie25_5_,
        organisaat0_.ytjpaivityspvm as ytjpaiv26_5_,
        organisaat0_.ytunnus as ytunnus27_5_ 
    from
        organisaatio organisaat0_ 
    where
        organisaat0_.parentidpath like ? escape '!'
2020-06-10 20:38:40.253 TRACE 56553 --- [    Test worker] o.h.type.descriptor.sql.BasicBinder      : binding parameter [1] as [VARCHAR] - [%|28|]
2020-06-10 20:38:40.254 TRACE 56553 --- [    Test worker] o.h.type.descriptor.sql.BasicExtractor   : extracted value ([id1_5_] : [BIGINT]) - [30]
Hibernate: 
    select
        organisaat0_.id as id1_5_,
        organisaat0_.version as version2_5_,
        organisaat0_.alkupvm as alkupvm3_5_,
        organisaat0_.domainnimi as domainni4_5_,
        organisaat0_.kotipaikka as kotipaik5_5_,
        organisaat0_.kuvaus_mkt as kuvaus_28_5_,
        organisaat0_.lakkautuspvm as lakkautu6_5_,
        organisaat0_.maa as maa7_5_,
        organisaat0_.metadata_id as metadat29_5_,
        organisaat0_.nimi_mkt as nimi_mk30_5_,
        organisaat0_.nimihaku as nimihaku8_5_,
        organisaat0_.oid as oid9_5_,
        organisaat0_.opetuspisteenjarjnro as opetusp10_5_,
        organisaat0_.oppilaitoskoodi as oppilai11_5_,
        organisaat0_.oppilaitos_tyyppi as oppilai12_5_,
        organisaat0_.organisaatio_poistettu as organis13_5_,
        organisaat0_.paivittaja as paivitt14_5_,
        organisaat0_.paivityspvm as paivity15_5_,
        organisaat0_.parentidpath as parenti16_5_,
        organisaat0_.parentoidpath as parento17_5_,
        organisaat0_.piilotettu as piilote18_5_,
        organisaat0_.tarkastus_pvm as tarkast19_5_,
        organisaat0_.toimipistekoodi as toimipi20_5_,
        organisaat0_.tuontipvm as tuontip21_5_,
        organisaat0_.varhaiskasvatuksen_toimipaikka_tiedot_id as varhais31_5_,
        organisaat0_.virastotunnus as virasto22_5_,
        organisaat0_.yhteishaunkoulukoodi as yhteish23_5_,
        organisaat0_.yritysmuoto as yritysm24_5_,
        organisaat0_.ytj_kieli as ytj_kie25_5_,
        organisaat0_.ytjpaivityspvm as ytjpaiv26_5_,
        organisaat0_.ytunnus as ytunnus27_5_ 
    from
        organisaatio organisaat0_ 
    where
        organisaat0_.oid=?
2020-06-10 20:38:40.256 TRACE 56553 --- [    Test worker] o.h.type.descriptor.sql.BasicBinder      : binding parameter [1] as [VARCHAR] - [-8292973307042192125]
2020-06-10 20:38:40.256 TRACE 56553 --- [    Test worker] o.h.type.descriptor.sql.BasicExtractor   : extracted value ([id1_5_] : [BIGINT]) - [27]
Hibernate: 
    select
        distinct organisaat0_.id as id1_5_,
        organisaat0_.version as version2_5_,
        organisaat0_.alkupvm as alkupvm3_5_,
        organisaat0_.domainnimi as domainni4_5_,
        organisaat0_.kotipaikka as kotipaik5_5_,
        organisaat0_.kuvaus_mkt as kuvaus_28_5_,
        organisaat0_.lakkautuspvm as lakkautu6_5_,
        organisaat0_.maa as maa7_5_,
        organisaat0_.metadata_id as metadat29_5_,
        organisaat0_.nimi_mkt as nimi_mk30_5_,
        organisaat0_.nimihaku as nimihaku8_5_,
        organisaat0_.oid as oid9_5_,
        organisaat0_.opetuspisteenjarjnro as opetusp10_5_,
        organisaat0_.oppilaitoskoodi as oppilai11_5_,
        organisaat0_.oppilaitos_tyyppi as oppilai12_5_,
        organisaat0_.organisaatio_poistettu as organis13_5_,
        organisaat0_.paivittaja as paivitt14_5_,
        organisaat0_.paivityspvm as paivity15_5_,
        organisaat0_.parentidpath as parenti16_5_,
        organisaat0_.parentoidpath as parento17_5_,
        organisaat0_.piilotettu as piilote18_5_,
        organisaat0_.tarkastus_pvm as tarkast19_5_,
        organisaat0_.toimipistekoodi as toimipi20_5_,
        organisaat0_.tuontipvm as tuontip21_5_,
        organisaat0_.varhaiskasvatuksen_toimipaikka_tiedot_id as varhais31_5_,
        organisaat0_.virastotunnus as virasto22_5_,
        organisaat0_.yhteishaunkoulukoodi as yhteish23_5_,
        organisaat0_.yritysmuoto as yritysm24_5_,
        organisaat0_.ytj_kieli as ytj_kie25_5_,
        organisaat0_.ytjpaivityspvm as ytjpaiv26_5_,
        organisaat0_.ytunnus as ytunnus27_5_ 
    from
        organisaatio organisaat0_ 
    where
        organisaat0_.parentidpath like ? escape '!'
2020-06-10 20:38:40.258 TRACE 56553 --- [    Test worker] o.h.type.descriptor.sql.BasicBinder      : binding parameter [1] as [VARCHAR] - [%|27|]
Hibernate: 
    select
        organisaat0_.id as id1_5_,
        organisaat0_.version as version2_5_,
        organisaat0_.alkupvm as alkupvm3_5_,
        organisaat0_.domainnimi as domainni4_5_,
        organisaat0_.kotipaikka as kotipaik5_5_,
        organisaat0_.kuvaus_mkt as kuvaus_28_5_,
        organisaat0_.lakkautuspvm as lakkautu6_5_,
        organisaat0_.maa as maa7_5_,
        organisaat0_.metadata_id as metadat29_5_,
        organisaat0_.nimi_mkt as nimi_mk30_5_,
        organisaat0_.nimihaku as nimihaku8_5_,
        organisaat0_.oid as oid9_5_,
        organisaat0_.opetuspisteenjarjnro as opetusp10_5_,
        organisaat0_.oppilaitoskoodi as oppilai11_5_,
        organisaat0_.oppilaitos_tyyppi as oppilai12_5_,
        organisaat0_.organisaatio_poistettu as organis13_5_,
        organisaat0_.paivittaja as paivitt14_5_,
        organisaat0_.paivityspvm as paivity15_5_,
        organisaat0_.parentidpath as parenti16_5_,
        organisaat0_.parentoidpath as parento17_5_,
        organisaat0_.piilotettu as piilote18_5_,
        organisaat0_.tarkastus_pvm as tarkast19_5_,
        organisaat0_.toimipistekoodi as toimipi20_5_,
        organisaat0_.tuontipvm as tuontip21_5_,
        organisaat0_.varhaiskasvatuksen_toimipaikka_tiedot_id as varhais31_5_,
        organisaat0_.virastotunnus as virasto22_5_,
        organisaat0_.yhteishaunkoulukoodi as yhteish23_5_,
        organisaat0_.yritysmuoto as yritysm24_5_,
        organisaat0_.ytj_kieli as ytj_kie25_5_,
        organisaat0_.ytjpaivityspvm as ytjpaiv26_5_,
        organisaat0_.ytunnus as ytunnus27_5_ 
    from
        organisaatio organisaat0_ 
    where
        organisaat0_.oid=?
2020-06-10 20:38:40.260 TRACE 56553 --- [    Test worker] o.h.type.descriptor.sql.BasicBinder      : binding parameter [1] as [VARCHAR] - [-4962768465676381896]
2020-06-10 20:38:40.260 TRACE 56553 --- [    Test worker] o.h.type.descriptor.sql.BasicExtractor   : extracted value ([id1_5_] : [BIGINT]) - [24]
Hibernate: 
    select
        distinct organisaat0_.id as id1_5_,
        organisaat0_.version as version2_5_,
        organisaat0_.alkupvm as alkupvm3_5_,
        organisaat0_.domainnimi as domainni4_5_,
        organisaat0_.kotipaikka as kotipaik5_5_,
        organisaat0_.kuvaus_mkt as kuvaus_28_5_,
        organisaat0_.lakkautuspvm as lakkautu6_5_,
        organisaat0_.maa as maa7_5_,
        organisaat0_.metadata_id as metadat29_5_,
        organisaat0_.nimi_mkt as nimi_mk30_5_,
        organisaat0_.nimihaku as nimihaku8_5_,
        organisaat0_.oid as oid9_5_,
        organisaat0_.opetuspisteenjarjnro as opetusp10_5_,
        organisaat0_.oppilaitoskoodi as oppilai11_5_,
        organisaat0_.oppilaitos_tyyppi as oppilai12_5_,
        organisaat0_.organisaatio_poistettu as organis13_5_,
        organisaat0_.paivittaja as paivitt14_5_,
        organisaat0_.paivityspvm as paivity15_5_,
        organisaat0_.parentidpath as parenti16_5_,
        organisaat0_.parentoidpath as parento17_5_,
        organisaat0_.piilotettu as piilote18_5_,
        organisaat0_.tarkastus_pvm as tarkast19_5_,
        organisaat0_.toimipistekoodi as toimipi20_5_,
        organisaat0_.tuontipvm as tuontip21_5_,
        organisaat0_.varhaiskasvatuksen_toimipaikka_tiedot_id as varhais31_5_,
        organisaat0_.virastotunnus as virasto22_5_,
        organisaat0_.yhteishaunkoulukoodi as yhteish23_5_,
        organisaat0_.yritysmuoto as yritysm24_5_,
        organisaat0_.ytj_kieli as ytj_kie25_5_,
        organisaat0_.ytjpaivityspvm as ytjpaiv26_5_,
        organisaat0_.ytunnus as ytunnus27_5_ 
    from
        organisaatio organisaat0_ 
    where
        organisaat0_.parentidpath like ? escape '!'
2020-06-10 20:38:40.262 TRACE 56553 --- [    Test worker] o.h.type.descriptor.sql.BasicBinder      : binding parameter [1] as [VARCHAR] - [%|24|]
2020-06-10 20:38:40.262 TRACE 56553 --- [    Test worker] o.h.type.descriptor.sql.BasicExtractor   : extracted value ([id1_5_] : [BIGINT]) - [29]
2020-06-10 20:38:40.263 TRACE 56553 --- [    Test worker] o.h.type.descriptor.sql.BasicExtractor   : extracted value ([id1_5_] : [BIGINT]) - [26]
2020-06-10 20:38:40.263 TRACE 56553 --- [    Test worker] o.h.type.descriptor.sql.BasicExtractor   : extracted value ([id1_5_] : [BIGINT]) - [25]
2020-06-10 20:38:40.266  INFO 56553 --- [    Test worker] o.s.t.c.transaction.TransactionContext   : Rolled back transaction for test: [DefaultTestContext@6d49fbd0 testClass = OrganisaatioRepositoryImplTest, testInstance = fi.vm.sade.organisaatio.repository.OrganisaatioRepositoryImplTest@6e5f5c94, testMethod = findChildrenTest@OrganisaatioRepositoryImplTest, testException = [null], mergedContextConfiguration = [WebMergedContextConfiguration@6b2d0172 testClass = OrganisaatioRepositoryImplTest, locations = '{}', classes = '{class fi.vm.sade.organisaatio.OrganisaatioApplication}', contextInitializerClasses = '[]', activeProfiles = '{}', propertySourceLocations = '{}', propertySourceProperties = '{org.springframework.boot.test.context.SpringBootTestContextBootstrapper=true}', contextCustomizers = set[org.springframework.boot.test.autoconfigure.properties.PropertyMappingContextCustomizer@83020a4e, org.springframework.boot.test.autoconfigure.web.servlet.WebDriverContextCustomizerFactory$Customizer@5e540114, [ImportsContextCustomizer@1cb00945 key = [org.springframework.boot.test.autoconfigure.jdbc.TestDatabaseAutoConfiguration, org.springframework.boot.autoconfigure.jdbc.DataSourceAutoConfiguration]], org.springframework.boot.test.context.filter.ExcludeFilterContextCustomizer@41cdf26a, org.springframework.boot.test.json.DuplicateJsonObjectContextCustomizerFactory$DuplicateJsonObjectContextCustomizer@1e95fe99, org.springframework.boot.test.mock.mockito.MockitoContextCustomizer@0, org.springframework.boot.test.web.client.TestRestTemplateContextCustomizer@6d8bcece, org.springframework.boot.test.context.SpringBootTestArgs@1], resourceBasePath = 'src/main/webapp', contextLoader = 'org.springframework.boot.test.context.SpringBootContextLoader', parent = [null]], attributes = map['org.springframework.test.context.web.ServletTestExecutionListener.activateListener' -> true, 'org.springframework.test.context.web.ServletTestExecutionListener.populatedRequestContextHolder' -> true, 'org.springframework.test.context.web.ServletTestExecutionListener.resetRequestContextHolder' -> true]]
2020-06-10 20:38:40.267  INFO 56553 --- [    Test worker] o.s.t.c.transaction.TransactionContext   : Began transaction (1) for test context [DefaultTestContext@6d49fbd0 testClass = OrganisaatioRepositoryImplTest, testInstance = fi.vm.sade.organisaatio.repository.OrganisaatioRepositoryImplTest@2bf5a198, testMethod = findGroupsTest@OrganisaatioRepositoryImplTest, testException = [null], mergedContextConfiguration = [WebMergedContextConfiguration@6b2d0172 testClass = OrganisaatioRepositoryImplTest, locations = '{}', classes = '{class fi.vm.sade.organisaatio.OrganisaatioApplication}', contextInitializerClasses = '[]', activeProfiles = '{}', propertySourceLocations = '{}', propertySourceProperties = '{org.springframework.boot.test.context.SpringBootTestContextBootstrapper=true}', contextCustomizers = set[org.springframework.boot.test.autoconfigure.properties.PropertyMappingContextCustomizer@83020a4e, org.springframework.boot.test.autoconfigure.web.servlet.WebDriverContextCustomizerFactory$Customizer@5e540114, [ImportsContextCustomizer@1cb00945 key = [org.springframework.boot.test.autoconfigure.jdbc.TestDatabaseAutoConfiguration, org.springframework.boot.autoconfigure.jdbc.DataSourceAutoConfiguration]], org.springframework.boot.test.context.filter.ExcludeFilterContextCustomizer@41cdf26a, org.springframework.boot.test.json.DuplicateJsonObjectContextCustomizerFactory$DuplicateJsonObjectContextCustomizer@1e95fe99, org.springframework.boot.test.mock.mockito.MockitoContextCustomizer@0, org.springframework.boot.test.web.client.TestRestTemplateContextCustomizer@6d8bcece, org.springframework.boot.test.context.SpringBootTestArgs@1], resourceBasePath = 'src/main/webapp', contextLoader = 'org.springframework.boot.test.context.SpringBootContextLoader', parent = [null]], attributes = map['org.springframework.test.context.web.ServletTestExecutionListener.activateListener' -> true, 'org.springframework.test.context.web.ServletTestExecutionListener.populatedRequestContextHolder' -> true, 'org.springframework.test.context.web.ServletTestExecutionListener.resetRequestContextHolder' -> true]]; transaction manager [org.springframework.orm.jpa.JpaTransactionManager@20031d49]; rollback [true]
2020-06-10 20:38:40.268  INFO 56553 --- [    Test worker] f.v.s.o.r.OrganisaatioRepositoryImplTest : createOrganisaatio(parent1)
Hibernate: 
    insert 
    into
        monikielinen_teksti
        (id, version) 
    values
        (null, ?)
2020-06-10 20:38:40.269 TRACE 56553 --- [    Test worker] o.h.type.descriptor.sql.BasicBinder      : binding parameter [1] as [BIGINT] - [0]
Hibernate: 
    insert 
    into
        organisaatio
        (id, version, alkupvm, domainnimi, kotipaikka, kuvaus_mkt, lakkautuspvm, maa, metadata_id, nimi_mkt, nimihaku, oid, opetuspisteenjarjnro, oppilaitoskoodi, oppilaitos_tyyppi, organisaatio_poistettu, paivittaja, paivityspvm, parentidpath, parentoidpath, piilotettu, tarkastus_pvm, toimipistekoodi, tuontipvm, varhaiskasvatuksen_toimipaikka_tiedot_id, virastotunnus, yhteishaunkoulukoodi, yritysmuoto, ytj_kieli, ytjpaivityspvm, ytunnus) 
    values
        (null, ?, ?, ?, ?, ?, ?, ?, ?, ?, ?, ?, ?, ?, ?, ?, ?, ?, ?, ?, ?, ?, ?, ?, ?, ?, ?, ?, ?, ?, ?)
2020-06-10 20:38:40.270 TRACE 56553 --- [    Test worker] o.h.type.descriptor.sql.BasicBinder      : binding parameter [1] as [BIGINT] - [0]
2020-06-10 20:38:40.270 TRACE 56553 --- [    Test worker] o.h.type.descriptor.sql.BasicBinder      : binding parameter [2] as [DATE] - [null]
2020-06-10 20:38:40.270 TRACE 56553 --- [    Test worker] o.h.type.descriptor.sql.BasicBinder      : binding parameter [3] as [VARCHAR] - [null]
2020-06-10 20:38:40.270 TRACE 56553 --- [    Test worker] o.h.type.descriptor.sql.BasicBinder      : binding parameter [4] as [VARCHAR] - [null]
2020-06-10 20:38:40.270 TRACE 56553 --- [    Test worker] o.h.type.descriptor.sql.BasicBinder      : binding parameter [5] as [BIGINT] - [null]
2020-06-10 20:38:40.270 TRACE 56553 --- [    Test worker] o.h.type.descriptor.sql.BasicBinder      : binding parameter [6] as [DATE] - [null]
2020-06-10 20:38:40.270 TRACE 56553 --- [    Test worker] o.h.type.descriptor.sql.BasicBinder      : binding parameter [7] as [VARCHAR] - [null]
2020-06-10 20:38:40.271 TRACE 56553 --- [    Test worker] o.h.type.descriptor.sql.BasicBinder      : binding parameter [8] as [BIGINT] - [null]
2020-06-10 20:38:40.271 TRACE 56553 --- [    Test worker] o.h.type.descriptor.sql.BasicBinder      : binding parameter [9] as [BIGINT] - [22]
2020-06-10 20:38:40.271 TRACE 56553 --- [    Test worker] o.h.type.descriptor.sql.BasicBinder      : binding parameter [10] as [VARCHAR] - [null]
2020-06-10 20:38:40.271 TRACE 56553 --- [    Test worker] o.h.type.descriptor.sql.BasicBinder      : binding parameter [11] as [VARCHAR] - [-4962768465676381896]
2020-06-10 20:38:40.271 TRACE 56553 --- [    Test worker] o.h.type.descriptor.sql.BasicBinder      : binding parameter [12] as [VARCHAR] - [null]
2020-06-10 20:38:40.271 TRACE 56553 --- [    Test worker] o.h.type.descriptor.sql.BasicBinder      : binding parameter [13] as [VARCHAR] - [null]
2020-06-10 20:38:40.271 TRACE 56553 --- [    Test worker] o.h.type.descriptor.sql.BasicBinder      : binding parameter [14] as [VARCHAR] - [null]
2020-06-10 20:38:40.271 TRACE 56553 --- [    Test worker] o.h.type.descriptor.sql.BasicBinder      : binding parameter [15] as [BOOLEAN] - [false]
2020-06-10 20:38:40.271 TRACE 56553 --- [    Test worker] o.h.type.descriptor.sql.BasicBinder      : binding parameter [16] as [VARCHAR] - [null]
2020-06-10 20:38:40.271 TRACE 56553 --- [    Test worker] o.h.type.descriptor.sql.BasicBinder      : binding parameter [17] as [TIMESTAMP] - [null]
2020-06-10 20:38:40.271 TRACE 56553 --- [    Test worker] o.h.type.descriptor.sql.BasicBinder      : binding parameter [18] as [VARCHAR] - [null]
2020-06-10 20:38:40.271 TRACE 56553 --- [    Test worker] o.h.type.descriptor.sql.BasicBinder      : binding parameter [19] as [VARCHAR] - [null]
2020-06-10 20:38:40.271 TRACE 56553 --- [    Test worker] o.h.type.descriptor.sql.BasicBinder      : binding parameter [20] as [BOOLEAN] - [false]
2020-06-10 20:38:40.271 TRACE 56553 --- [    Test worker] o.h.type.descriptor.sql.BasicBinder      : binding parameter [21] as [TIMESTAMP] - [null]
2020-06-10 20:38:40.272 TRACE 56553 --- [    Test worker] o.h.type.descriptor.sql.BasicBinder      : binding parameter [22] as [VARCHAR] - [null]
2020-06-10 20:38:40.272 TRACE 56553 --- [    Test worker] o.h.type.descriptor.sql.BasicBinder      : binding parameter [23] as [TIMESTAMP] - [null]
2020-06-10 20:38:40.272 TRACE 56553 --- [    Test worker] o.h.type.descriptor.sql.BasicBinder      : binding parameter [24] as [BIGINT] - [null]
2020-06-10 20:38:40.272 TRACE 56553 --- [    Test worker] o.h.type.descriptor.sql.BasicBinder      : binding parameter [25] as [VARCHAR] - [null]
2020-06-10 20:38:40.272 TRACE 56553 --- [    Test worker] o.h.type.descriptor.sql.BasicBinder      : binding parameter [26] as [VARCHAR] - [null]
2020-06-10 20:38:40.272 TRACE 56553 --- [    Test worker] o.h.type.descriptor.sql.BasicBinder      : binding parameter [27] as [VARCHAR] - [null]
2020-06-10 20:38:40.272 TRACE 56553 --- [    Test worker] o.h.type.descriptor.sql.BasicBinder      : binding parameter [28] as [VARCHAR] - [null]
2020-06-10 20:38:40.272 TRACE 56553 --- [    Test worker] o.h.type.descriptor.sql.BasicBinder      : binding parameter [29] as [DATE] - [null]
2020-06-10 20:38:40.272 TRACE 56553 --- [    Test worker] o.h.type.descriptor.sql.BasicBinder      : binding parameter [30] as [VARCHAR] - [null]
Hibernate: 
    insert 
    into
        yhteystieto
        (id, version, kieli, organisaatio_id, yhteystieto_oid, coordinatetype, extrarivi, lat, lng, maa, osavaltio, osoite, osoite_tyyppi, postinumero, postitoimipaikka, ytjpaivityspvm, dtype) 
    values
        (null, ?, ?, ?, ?, ?, ?, ?, ?, ?, ?, ?, ?, ?, ?, ?, 'Osoite')
2020-06-10 20:38:40.273 TRACE 56553 --- [    Test worker] o.h.type.descriptor.sql.BasicBinder      : binding parameter [1] as [BIGINT] - [0]
2020-06-10 20:38:40.273 TRACE 56553 --- [    Test worker] o.h.type.descriptor.sql.BasicBinder      : binding parameter [2] as [VARCHAR] - [null]
2020-06-10 20:38:40.273 TRACE 56553 --- [    Test worker] o.h.type.descriptor.sql.BasicBinder      : binding parameter [3] as [BIGINT] - [null]
2020-06-10 20:38:40.273 TRACE 56553 --- [    Test worker] o.h.type.descriptor.sql.BasicBinder      : binding parameter [4] as [VARCHAR] - [c4dd55c7-8900-4fcd-8fca-a0915897ec19]
2020-06-10 20:38:40.273 TRACE 56553 --- [    Test worker] o.h.type.descriptor.sql.BasicBinder      : binding parameter [5] as [VARCHAR] - [null]
2020-06-10 20:38:40.273 TRACE 56553 --- [    Test worker] o.h.type.descriptor.sql.BasicBinder      : binding parameter [6] as [VARCHAR] - [null]
2020-06-10 20:38:40.273 TRACE 56553 --- [    Test worker] o.h.type.descriptor.sql.BasicBinder      : binding parameter [7] as [DOUBLE] - [null]
2020-06-10 20:38:40.273 TRACE 56553 --- [    Test worker] o.h.type.descriptor.sql.BasicBinder      : binding parameter [8] as [DOUBLE] - [null]
2020-06-10 20:38:40.273 TRACE 56553 --- [    Test worker] o.h.type.descriptor.sql.BasicBinder      : binding parameter [9] as [VARCHAR] - [null]
2020-06-10 20:38:40.273 TRACE 56553 --- [    Test worker] o.h.type.descriptor.sql.BasicBinder      : binding parameter [10] as [VARCHAR] - [null]
2020-06-10 20:38:40.274 TRACE 56553 --- [    Test worker] o.h.type.descriptor.sql.BasicBinder      : binding parameter [11] as [VARCHAR] - [katu]
2020-06-10 20:38:40.274 TRACE 56553 --- [    Test worker] o.h.type.descriptor.sql.BasicBinder      : binding parameter [12] as [VARCHAR] - [kaynti]
2020-06-10 20:38:40.274 TRACE 56553 --- [    Test worker] o.h.type.descriptor.sql.BasicBinder      : binding parameter [13] as [VARCHAR] - [0000]
2020-06-10 20:38:40.274 TRACE 56553 --- [    Test worker] o.h.type.descriptor.sql.BasicBinder      : binding parameter [14] as [VARCHAR] - [Helsinki]
2020-06-10 20:38:40.274 TRACE 56553 --- [    Test worker] o.h.type.descriptor.sql.BasicBinder      : binding parameter [15] as [DATE] - [null]
2020-06-10 20:38:40.274  INFO 56553 --- [    Test worker] f.v.s.o.r.OrganisaatioRepositoryImplTest : createOrganisaatio(parent2)
Hibernate: 
    insert 
    into
        monikielinen_teksti
        (id, version) 
    values
        (null, ?)
2020-06-10 20:38:40.275 TRACE 56553 --- [    Test worker] o.h.type.descriptor.sql.BasicBinder      : binding parameter [1] as [BIGINT] - [0]
Hibernate: 
    insert 
    into
        organisaatio
        (id, version, alkupvm, domainnimi, kotipaikka, kuvaus_mkt, lakkautuspvm, maa, metadata_id, nimi_mkt, nimihaku, oid, opetuspisteenjarjnro, oppilaitoskoodi, oppilaitos_tyyppi, organisaatio_poistettu, paivittaja, paivityspvm, parentidpath, parentoidpath, piilotettu, tarkastus_pvm, toimipistekoodi, tuontipvm, varhaiskasvatuksen_toimipaikka_tiedot_id, virastotunnus, yhteishaunkoulukoodi, yritysmuoto, ytj_kieli, ytjpaivityspvm, ytunnus) 
    values
        (null, ?, ?, ?, ?, ?, ?, ?, ?, ?, ?, ?, ?, ?, ?, ?, ?, ?, ?, ?, ?, ?, ?, ?, ?, ?, ?, ?, ?, ?, ?)
2020-06-10 20:38:40.276 TRACE 56553 --- [    Test worker] o.h.type.descriptor.sql.BasicBinder      : binding parameter [1] as [BIGINT] - [0]
2020-06-10 20:38:40.276 TRACE 56553 --- [    Test worker] o.h.type.descriptor.sql.BasicBinder      : binding parameter [2] as [DATE] - [null]
2020-06-10 20:38:40.276 TRACE 56553 --- [    Test worker] o.h.type.descriptor.sql.BasicBinder      : binding parameter [3] as [VARCHAR] - [null]
2020-06-10 20:38:40.276 TRACE 56553 --- [    Test worker] o.h.type.descriptor.sql.BasicBinder      : binding parameter [4] as [VARCHAR] - [null]
2020-06-10 20:38:40.276 TRACE 56553 --- [    Test worker] o.h.type.descriptor.sql.BasicBinder      : binding parameter [5] as [BIGINT] - [null]
2020-06-10 20:38:40.276 TRACE 56553 --- [    Test worker] o.h.type.descriptor.sql.BasicBinder      : binding parameter [6] as [DATE] - [null]
2020-06-10 20:38:40.276 TRACE 56553 --- [    Test worker] o.h.type.descriptor.sql.BasicBinder      : binding parameter [7] as [VARCHAR] - [null]
2020-06-10 20:38:40.276 TRACE 56553 --- [    Test worker] o.h.type.descriptor.sql.BasicBinder      : binding parameter [8] as [BIGINT] - [null]
2020-06-10 20:38:40.276 TRACE 56553 --- [    Test worker] o.h.type.descriptor.sql.BasicBinder      : binding parameter [9] as [BIGINT] - [23]
2020-06-10 20:38:40.276 TRACE 56553 --- [    Test worker] o.h.type.descriptor.sql.BasicBinder      : binding parameter [10] as [VARCHAR] - [null]
2020-06-10 20:38:40.276 TRACE 56553 --- [    Test worker] o.h.type.descriptor.sql.BasicBinder      : binding parameter [11] as [VARCHAR] - [4437113781045784766]
2020-06-10 20:38:40.276 TRACE 56553 --- [    Test worker] o.h.type.descriptor.sql.BasicBinder      : binding parameter [12] as [VARCHAR] - [null]
2020-06-10 20:38:40.276 TRACE 56553 --- [    Test worker] o.h.type.descriptor.sql.BasicBinder      : binding parameter [13] as [VARCHAR] - [null]
2020-06-10 20:38:40.276 TRACE 56553 --- [    Test worker] o.h.type.descriptor.sql.BasicBinder      : binding parameter [14] as [VARCHAR] - [null]
2020-06-10 20:38:40.276 TRACE 56553 --- [    Test worker] o.h.type.descriptor.sql.BasicBinder      : binding parameter [15] as [BOOLEAN] - [false]
2020-06-10 20:38:40.276 TRACE 56553 --- [    Test worker] o.h.type.descriptor.sql.BasicBinder      : binding parameter [16] as [VARCHAR] - [null]
2020-06-10 20:38:40.276 TRACE 56553 --- [    Test worker] o.h.type.descriptor.sql.BasicBinder      : binding parameter [17] as [TIMESTAMP] - [null]
2020-06-10 20:38:40.276 TRACE 56553 --- [    Test worker] o.h.type.descriptor.sql.BasicBinder      : binding parameter [18] as [VARCHAR] - [null]
2020-06-10 20:38:40.276 TRACE 56553 --- [    Test worker] o.h.type.descriptor.sql.BasicBinder      : binding parameter [19] as [VARCHAR] - [null]
2020-06-10 20:38:40.276 TRACE 56553 --- [    Test worker] o.h.type.descriptor.sql.BasicBinder      : binding parameter [20] as [BOOLEAN] - [false]
2020-06-10 20:38:40.276 TRACE 56553 --- [    Test worker] o.h.type.descriptor.sql.BasicBinder      : binding parameter [21] as [TIMESTAMP] - [null]
2020-06-10 20:38:40.276 TRACE 56553 --- [    Test worker] o.h.type.descriptor.sql.BasicBinder      : binding parameter [22] as [VARCHAR] - [null]
2020-06-10 20:38:40.277 TRACE 56553 --- [    Test worker] o.h.type.descriptor.sql.BasicBinder      : binding parameter [23] as [TIMESTAMP] - [null]
2020-06-10 20:38:40.277 TRACE 56553 --- [    Test worker] o.h.type.descriptor.sql.BasicBinder      : binding parameter [24] as [BIGINT] - [null]
2020-06-10 20:38:40.277 TRACE 56553 --- [    Test worker] o.h.type.descriptor.sql.BasicBinder      : binding parameter [25] as [VARCHAR] - [null]
2020-06-10 20:38:40.277 TRACE 56553 --- [    Test worker] o.h.type.descriptor.sql.BasicBinder      : binding parameter [26] as [VARCHAR] - [null]
2020-06-10 20:38:40.277 TRACE 56553 --- [    Test worker] o.h.type.descriptor.sql.BasicBinder      : binding parameter [27] as [VARCHAR] - [null]
2020-06-10 20:38:40.277 TRACE 56553 --- [    Test worker] o.h.type.descriptor.sql.BasicBinder      : binding parameter [28] as [VARCHAR] - [null]
2020-06-10 20:38:40.277 TRACE 56553 --- [    Test worker] o.h.type.descriptor.sql.BasicBinder      : binding parameter [29] as [DATE] - [null]
2020-06-10 20:38:40.277 TRACE 56553 --- [    Test worker] o.h.type.descriptor.sql.BasicBinder      : binding parameter [30] as [VARCHAR] - [null]
Hibernate: 
    insert 
    into
        yhteystieto
        (id, version, kieli, organisaatio_id, yhteystieto_oid, coordinatetype, extrarivi, lat, lng, maa, osavaltio, osoite, osoite_tyyppi, postinumero, postitoimipaikka, ytjpaivityspvm, dtype) 
    values
        (null, ?, ?, ?, ?, ?, ?, ?, ?, ?, ?, ?, ?, ?, ?, ?, 'Osoite')
2020-06-10 20:38:40.278 TRACE 56553 --- [    Test worker] o.h.type.descriptor.sql.BasicBinder      : binding parameter [1] as [BIGINT] - [0]
2020-06-10 20:38:40.278 TRACE 56553 --- [    Test worker] o.h.type.descriptor.sql.BasicBinder      : binding parameter [2] as [VARCHAR] - [null]
2020-06-10 20:38:40.278 TRACE 56553 --- [    Test worker] o.h.type.descriptor.sql.BasicBinder      : binding parameter [3] as [BIGINT] - [null]
2020-06-10 20:38:40.278 TRACE 56553 --- [    Test worker] o.h.type.descriptor.sql.BasicBinder      : binding parameter [4] as [VARCHAR] - [7337d85c-8f84-4346-80cc-b28146666618]
2020-06-10 20:38:40.278 TRACE 56553 --- [    Test worker] o.h.type.descriptor.sql.BasicBinder      : binding parameter [5] as [VARCHAR] - [null]
2020-06-10 20:38:40.278 TRACE 56553 --- [    Test worker] o.h.type.descriptor.sql.BasicBinder      : binding parameter [6] as [VARCHAR] - [null]
2020-06-10 20:38:40.278 TRACE 56553 --- [    Test worker] o.h.type.descriptor.sql.BasicBinder      : binding parameter [7] as [DOUBLE] - [null]
2020-06-10 20:38:40.278 TRACE 56553 --- [    Test worker] o.h.type.descriptor.sql.BasicBinder      : binding parameter [8] as [DOUBLE] - [null]
2020-06-10 20:38:40.278 TRACE 56553 --- [    Test worker] o.h.type.descriptor.sql.BasicBinder      : binding parameter [9] as [VARCHAR] - [null]
2020-06-10 20:38:40.278 TRACE 56553 --- [    Test worker] o.h.type.descriptor.sql.BasicBinder      : binding parameter [10] as [VARCHAR] - [null]
2020-06-10 20:38:40.278 TRACE 56553 --- [    Test worker] o.h.type.descriptor.sql.BasicBinder      : binding parameter [11] as [VARCHAR] - [katu]
2020-06-10 20:38:40.278 TRACE 56553 --- [    Test worker] o.h.type.descriptor.sql.BasicBinder      : binding parameter [12] as [VARCHAR] - [kaynti]
2020-06-10 20:38:40.278 TRACE 56553 --- [    Test worker] o.h.type.descriptor.sql.BasicBinder      : binding parameter [13] as [VARCHAR] - [0000]
2020-06-10 20:38:40.278 TRACE 56553 --- [    Test worker] o.h.type.descriptor.sql.BasicBinder      : binding parameter [14] as [VARCHAR] - [Helsinki]
2020-06-10 20:38:40.278 TRACE 56553 --- [    Test worker] o.h.type.descriptor.sql.BasicBinder      : binding parameter [15] as [DATE] - [null]
Hibernate: 
    insert 
    into
        monikielinen_teksti
        (id, version) 
    values
        (null, ?)
2020-06-10 20:38:40.281 TRACE 56553 --- [    Test worker] o.h.type.descriptor.sql.BasicBinder      : binding parameter [1] as [BIGINT] - [0]
Hibernate: 
    insert 
    into
        monikielinen_teksti
        (id, version) 
    values
        (null, ?)
2020-06-10 20:38:40.281 TRACE 56553 --- [    Test worker] o.h.type.descriptor.sql.BasicBinder      : binding parameter [1] as [BIGINT] - [0]
Hibernate: 
    insert 
    into
        organisaatio
        (id, version, alkupvm, domainnimi, kotipaikka, kuvaus_mkt, lakkautuspvm, maa, metadata_id, nimi_mkt, nimihaku, oid, opetuspisteenjarjnro, oppilaitoskoodi, oppilaitos_tyyppi, organisaatio_poistettu, paivittaja, paivityspvm, parentidpath, parentoidpath, piilotettu, tarkastus_pvm, toimipistekoodi, tuontipvm, varhaiskasvatuksen_toimipaikka_tiedot_id, virastotunnus, yhteishaunkoulukoodi, yritysmuoto, ytj_kieli, ytjpaivityspvm, ytunnus) 
    values
        (null, ?, ?, ?, ?, ?, ?, ?, ?, ?, ?, ?, ?, ?, ?, ?, ?, ?, ?, ?, ?, ?, ?, ?, ?, ?, ?, ?, ?, ?, ?)
2020-06-10 20:38:40.282 TRACE 56553 --- [    Test worker] o.h.type.descriptor.sql.BasicBinder      : binding parameter [1] as [BIGINT] - [0]
2020-06-10 20:38:40.282 TRACE 56553 --- [    Test worker] o.h.type.descriptor.sql.BasicBinder      : binding parameter [2] as [DATE] - [null]
2020-06-10 20:38:40.282 TRACE 56553 --- [    Test worker] o.h.type.descriptor.sql.BasicBinder      : binding parameter [3] as [VARCHAR] - [null]
2020-06-10 20:38:40.282 TRACE 56553 --- [    Test worker] o.h.type.descriptor.sql.BasicBinder      : binding parameter [4] as [VARCHAR] - [null]
2020-06-10 20:38:40.282 TRACE 56553 --- [    Test worker] o.h.type.descriptor.sql.BasicBinder      : binding parameter [5] as [BIGINT] - [24]
2020-06-10 20:38:40.282 TRACE 56553 --- [    Test worker] o.h.type.descriptor.sql.BasicBinder      : binding parameter [6] as [DATE] - [null]
2020-06-10 20:38:40.282 TRACE 56553 --- [    Test worker] o.h.type.descriptor.sql.BasicBinder      : binding parameter [7] as [VARCHAR] - [null]
2020-06-10 20:38:40.282 TRACE 56553 --- [    Test worker] o.h.type.descriptor.sql.BasicBinder      : binding parameter [8] as [BIGINT] - [null]
2020-06-10 20:38:40.282 TRACE 56553 --- [    Test worker] o.h.type.descriptor.sql.BasicBinder      : binding parameter [9] as [BIGINT] - [25]
2020-06-10 20:38:40.282 TRACE 56553 --- [    Test worker] o.h.type.descriptor.sql.BasicBinder      : binding parameter [10] as [VARCHAR] - [null]
2020-06-10 20:38:40.282 TRACE 56553 --- [    Test worker] o.h.type.descriptor.sql.BasicBinder      : binding parameter [11] as [VARCHAR] - [-6688467811848818630]
2020-06-10 20:38:40.282 TRACE 56553 --- [    Test worker] o.h.type.descriptor.sql.BasicBinder      : binding parameter [12] as [VARCHAR] - [null]
2020-06-10 20:38:40.282 TRACE 56553 --- [    Test worker] o.h.type.descriptor.sql.BasicBinder      : binding parameter [13] as [VARCHAR] - [null]
2020-06-10 20:38:40.282 TRACE 56553 --- [    Test worker] o.h.type.descriptor.sql.BasicBinder      : binding parameter [14] as [VARCHAR] - [null]
2020-06-10 20:38:40.283 TRACE 56553 --- [    Test worker] o.h.type.descriptor.sql.BasicBinder      : binding parameter [15] as [BOOLEAN] - [false]
2020-06-10 20:38:40.283 TRACE 56553 --- [    Test worker] o.h.type.descriptor.sql.BasicBinder      : binding parameter [16] as [VARCHAR] - [null]
2020-06-10 20:38:40.283 TRACE 56553 --- [    Test worker] o.h.type.descriptor.sql.BasicBinder      : binding parameter [17] as [TIMESTAMP] - [null]
2020-06-10 20:38:40.283 TRACE 56553 --- [    Test worker] o.h.type.descriptor.sql.BasicBinder      : binding parameter [18] as [VARCHAR] - [|31|]
2020-06-10 20:38:40.283 TRACE 56553 --- [    Test worker] o.h.type.descriptor.sql.BasicBinder      : binding parameter [19] as [VARCHAR] - [|-4962768465676381896|]
2020-06-10 20:38:40.283 TRACE 56553 --- [    Test worker] o.h.type.descriptor.sql.BasicBinder      : binding parameter [20] as [BOOLEAN] - [false]
2020-06-10 20:38:40.283 TRACE 56553 --- [    Test worker] o.h.type.descriptor.sql.BasicBinder      : binding parameter [21] as [TIMESTAMP] - [null]
2020-06-10 20:38:40.283 TRACE 56553 --- [    Test worker] o.h.type.descriptor.sql.BasicBinder      : binding parameter [22] as [VARCHAR] - [null]
2020-06-10 20:38:40.283 TRACE 56553 --- [    Test worker] o.h.type.descriptor.sql.BasicBinder      : binding parameter [23] as [TIMESTAMP] - [null]
2020-06-10 20:38:40.283 TRACE 56553 --- [    Test worker] o.h.type.descriptor.sql.BasicBinder      : binding parameter [24] as [BIGINT] - [null]
2020-06-10 20:38:40.283 TRACE 56553 --- [    Test worker] o.h.type.descriptor.sql.BasicBinder      : binding parameter [25] as [VARCHAR] - [null]
2020-06-10 20:38:40.283 TRACE 56553 --- [    Test worker] o.h.type.descriptor.sql.BasicBinder      : binding parameter [26] as [VARCHAR] - [null]
2020-06-10 20:38:40.283 TRACE 56553 --- [    Test worker] o.h.type.descriptor.sql.BasicBinder      : binding parameter [27] as [VARCHAR] - [null]
2020-06-10 20:38:40.283 TRACE 56553 --- [    Test worker] o.h.type.descriptor.sql.BasicBinder      : binding parameter [28] as [VARCHAR] - [null]
2020-06-10 20:38:40.283 TRACE 56553 --- [    Test worker] o.h.type.descriptor.sql.BasicBinder      : binding parameter [29] as [DATE] - [null]
2020-06-10 20:38:40.283 TRACE 56553 --- [    Test worker] o.h.type.descriptor.sql.BasicBinder      : binding parameter [30] as [VARCHAR] - [null]
Hibernate: 
    insert 
    into
        organisaatiosuhde
        (id, version, alkupvm, child_id, loppupvm, opetuspisteenjarjnro, parent_id, suhdetyyppi) 
    values
        (null, ?, ?, ?, ?, ?, ?, ?)
2020-06-10 20:38:40.284 TRACE 56553 --- [    Test worker] o.h.type.descriptor.sql.BasicBinder      : binding parameter [1] as [BIGINT] - [0]
2020-06-10 20:38:40.284 TRACE 56553 --- [    Test worker] o.h.type.descriptor.sql.BasicBinder      : binding parameter [2] as [DATE] - [null]
2020-06-10 20:38:40.284 TRACE 56553 --- [    Test worker] o.h.type.descriptor.sql.BasicBinder      : binding parameter [3] as [BIGINT] - [33]
2020-06-10 20:38:40.284 TRACE 56553 --- [    Test worker] o.h.type.descriptor.sql.BasicBinder      : binding parameter [4] as [DATE] - [null]
2020-06-10 20:38:40.284 TRACE 56553 --- [    Test worker] o.h.type.descriptor.sql.BasicBinder      : binding parameter [5] as [VARCHAR] - [null]
2020-06-10 20:38:40.284 TRACE 56553 --- [    Test worker] o.h.type.descriptor.sql.BasicBinder      : binding parameter [6] as [BIGINT] - [31]
2020-06-10 20:38:40.284 TRACE 56553 --- [    Test worker] o.h.type.descriptor.sql.BasicBinder      : binding parameter [7] as [VARCHAR] - [HISTORIA]
Hibernate: 
    insert 
    into
        monikielinen_teksti
        (id, version) 
    values
        (null, ?)
2020-06-10 20:38:40.285 TRACE 56553 --- [    Test worker] o.h.type.descriptor.sql.BasicBinder      : binding parameter [1] as [BIGINT] - [0]
Hibernate: 
    insert 
    into
        monikielinen_teksti
        (id, version) 
    values
        (null, ?)
2020-06-10 20:38:40.286 TRACE 56553 --- [    Test worker] o.h.type.descriptor.sql.BasicBinder      : binding parameter [1] as [BIGINT] - [0]
Hibernate: 
    insert 
    into
        organisaatio
        (id, version, alkupvm, domainnimi, kotipaikka, kuvaus_mkt, lakkautuspvm, maa, metadata_id, nimi_mkt, nimihaku, oid, opetuspisteenjarjnro, oppilaitoskoodi, oppilaitos_tyyppi, organisaatio_poistettu, paivittaja, paivityspvm, parentidpath, parentoidpath, piilotettu, tarkastus_pvm, toimipistekoodi, tuontipvm, varhaiskasvatuksen_toimipaikka_tiedot_id, virastotunnus, yhteishaunkoulukoodi, yritysmuoto, ytj_kieli, ytjpaivityspvm, ytunnus) 
    values
        (null, ?, ?, ?, ?, ?, ?, ?, ?, ?, ?, ?, ?, ?, ?, ?, ?, ?, ?, ?, ?, ?, ?, ?, ?, ?, ?, ?, ?, ?, ?)
2020-06-10 20:38:40.286 TRACE 56553 --- [    Test worker] o.h.type.descriptor.sql.BasicBinder      : binding parameter [1] as [BIGINT] - [0]
2020-06-10 20:38:40.286 TRACE 56553 --- [    Test worker] o.h.type.descriptor.sql.BasicBinder      : binding parameter [2] as [DATE] - [null]
2020-06-10 20:38:40.286 TRACE 56553 --- [    Test worker] o.h.type.descriptor.sql.BasicBinder      : binding parameter [3] as [VARCHAR] - [null]
2020-06-10 20:38:40.287 TRACE 56553 --- [    Test worker] o.h.type.descriptor.sql.BasicBinder      : binding parameter [4] as [VARCHAR] - [null]
2020-06-10 20:38:40.287 TRACE 56553 --- [    Test worker] o.h.type.descriptor.sql.BasicBinder      : binding parameter [5] as [BIGINT] - [26]
2020-06-10 20:38:40.287 TRACE 56553 --- [    Test worker] o.h.type.descriptor.sql.BasicBinder      : binding parameter [6] as [DATE] - [null]
2020-06-10 20:38:40.287 TRACE 56553 --- [    Test worker] o.h.type.descriptor.sql.BasicBinder      : binding parameter [7] as [VARCHAR] - [null]
2020-06-10 20:38:40.287 TRACE 56553 --- [    Test worker] o.h.type.descriptor.sql.BasicBinder      : binding parameter [8] as [BIGINT] - [null]
2020-06-10 20:38:40.287 TRACE 56553 --- [    Test worker] o.h.type.descriptor.sql.BasicBinder      : binding parameter [9] as [BIGINT] - [27]
2020-06-10 20:38:40.287 TRACE 56553 --- [    Test worker] o.h.type.descriptor.sql.BasicBinder      : binding parameter [10] as [VARCHAR] - [null]
2020-06-10 20:38:40.287 TRACE 56553 --- [    Test worker] o.h.type.descriptor.sql.BasicBinder      : binding parameter [11] as [VARCHAR] - [-8292973307042192125]
2020-06-10 20:38:40.287 TRACE 56553 --- [    Test worker] o.h.type.descriptor.sql.BasicBinder      : binding parameter [12] as [VARCHAR] - [null]
2020-06-10 20:38:40.287 TRACE 56553 --- [    Test worker] o.h.type.descriptor.sql.BasicBinder      : binding parameter [13] as [VARCHAR] - [null]
2020-06-10 20:38:40.287 TRACE 56553 --- [    Test worker] o.h.type.descriptor.sql.BasicBinder      : binding parameter [14] as [VARCHAR] - [null]
2020-06-10 20:38:40.287 TRACE 56553 --- [    Test worker] o.h.type.descriptor.sql.BasicBinder      : binding parameter [15] as [BOOLEAN] - [true]
2020-06-10 20:38:40.287 TRACE 56553 --- [    Test worker] o.h.type.descriptor.sql.BasicBinder      : binding parameter [16] as [VARCHAR] - [null]
2020-06-10 20:38:40.287 TRACE 56553 --- [    Test worker] o.h.type.descriptor.sql.BasicBinder      : binding parameter [17] as [TIMESTAMP] - [null]
2020-06-10 20:38:40.287 TRACE 56553 --- [    Test worker] o.h.type.descriptor.sql.BasicBinder      : binding parameter [18] as [VARCHAR] - [|31|]
2020-06-10 20:38:40.287 TRACE 56553 --- [    Test worker] o.h.type.descriptor.sql.BasicBinder      : binding parameter [19] as [VARCHAR] - [|-4962768465676381896|]
2020-06-10 20:38:40.287 TRACE 56553 --- [    Test worker] o.h.type.descriptor.sql.BasicBinder      : binding parameter [20] as [BOOLEAN] - [false]
2020-06-10 20:38:40.288 TRACE 56553 --- [    Test worker] o.h.type.descriptor.sql.BasicBinder      : binding parameter [21] as [TIMESTAMP] - [null]
2020-06-10 20:38:40.288 TRACE 56553 --- [    Test worker] o.h.type.descriptor.sql.BasicBinder      : binding parameter [22] as [VARCHAR] - [null]
2020-06-10 20:38:40.288 TRACE 56553 --- [    Test worker] o.h.type.descriptor.sql.BasicBinder      : binding parameter [23] as [TIMESTAMP] - [null]
2020-06-10 20:38:40.288 TRACE 56553 --- [    Test worker] o.h.type.descriptor.sql.BasicBinder      : binding parameter [24] as [BIGINT] - [null]
2020-06-10 20:38:40.288 TRACE 56553 --- [    Test worker] o.h.type.descriptor.sql.BasicBinder      : binding parameter [25] as [VARCHAR] - [null]
2020-06-10 20:38:40.288 TRACE 56553 --- [    Test worker] o.h.type.descriptor.sql.BasicBinder      : binding parameter [26] as [VARCHAR] - [null]
2020-06-10 20:38:40.288 TRACE 56553 --- [    Test worker] o.h.type.descriptor.sql.BasicBinder      : binding parameter [27] as [VARCHAR] - [null]
2020-06-10 20:38:40.288 TRACE 56553 --- [    Test worker] o.h.type.descriptor.sql.BasicBinder      : binding parameter [28] as [VARCHAR] - [null]
2020-06-10 20:38:40.288 TRACE 56553 --- [    Test worker] o.h.type.descriptor.sql.BasicBinder      : binding parameter [29] as [DATE] - [null]
2020-06-10 20:38:40.288 TRACE 56553 --- [    Test worker] o.h.type.descriptor.sql.BasicBinder      : binding parameter [30] as [VARCHAR] - [null]
Hibernate: 
    insert 
    into
        organisaatiosuhde
        (id, version, alkupvm, child_id, loppupvm, opetuspisteenjarjnro, parent_id, suhdetyyppi) 
    values
        (null, ?, ?, ?, ?, ?, ?, ?)
2020-06-10 20:38:40.289 TRACE 56553 --- [    Test worker] o.h.type.descriptor.sql.BasicBinder      : binding parameter [1] as [BIGINT] - [0]
2020-06-10 20:38:40.289 TRACE 56553 --- [    Test worker] o.h.type.descriptor.sql.BasicBinder      : binding parameter [2] as [DATE] - [null]
2020-06-10 20:38:40.289 TRACE 56553 --- [    Test worker] o.h.type.descriptor.sql.BasicBinder      : binding parameter [3] as [BIGINT] - [34]
2020-06-10 20:38:40.289 TRACE 56553 --- [    Test worker] o.h.type.descriptor.sql.BasicBinder      : binding parameter [4] as [DATE] - [null]
2020-06-10 20:38:40.289 TRACE 56553 --- [    Test worker] o.h.type.descriptor.sql.BasicBinder      : binding parameter [5] as [VARCHAR] - [null]
2020-06-10 20:38:40.289 TRACE 56553 --- [    Test worker] o.h.type.descriptor.sql.BasicBinder      : binding parameter [6] as [BIGINT] - [31]
2020-06-10 20:38:40.289 TRACE 56553 --- [    Test worker] o.h.type.descriptor.sql.BasicBinder      : binding parameter [7] as [VARCHAR] - [HISTORIA]
Hibernate: 
    insert 
    into
        monikielinen_teksti
        (id, version) 
    values
        (null, ?)
2020-06-10 20:38:40.290 TRACE 56553 --- [    Test worker] o.h.type.descriptor.sql.BasicBinder      : binding parameter [1] as [BIGINT] - [0]
Hibernate: 
    insert 
    into
        monikielinen_teksti
        (id, version) 
    values
        (null, ?)
2020-06-10 20:38:40.290 TRACE 56553 --- [    Test worker] o.h.type.descriptor.sql.BasicBinder      : binding parameter [1] as [BIGINT] - [0]
Hibernate: 
    insert 
    into
        organisaatio
        (id, version, alkupvm, domainnimi, kotipaikka, kuvaus_mkt, lakkautuspvm, maa, metadata_id, nimi_mkt, nimihaku, oid, opetuspisteenjarjnro, oppilaitoskoodi, oppilaitos_tyyppi, organisaatio_poistettu, paivittaja, paivityspvm, parentidpath, parentoidpath, piilotettu, tarkastus_pvm, toimipistekoodi, tuontipvm, varhaiskasvatuksen_toimipaikka_tiedot_id, virastotunnus, yhteishaunkoulukoodi, yritysmuoto, ytj_kieli, ytjpaivityspvm, ytunnus) 
    values
        (null, ?, ?, ?, ?, ?, ?, ?, ?, ?, ?, ?, ?, ?, ?, ?, ?, ?, ?, ?, ?, ?, ?, ?, ?, ?, ?, ?, ?, ?, ?)
2020-06-10 20:38:40.291 TRACE 56553 --- [    Test worker] o.h.type.descriptor.sql.BasicBinder      : binding parameter [1] as [BIGINT] - [0]
2020-06-10 20:38:40.291 TRACE 56553 --- [    Test worker] o.h.type.descriptor.sql.BasicBinder      : binding parameter [2] as [DATE] - [null]
2020-06-10 20:38:40.291 TRACE 56553 --- [    Test worker] o.h.type.descriptor.sql.BasicBinder      : binding parameter [3] as [VARCHAR] - [null]
2020-06-10 20:38:40.291 TRACE 56553 --- [    Test worker] o.h.type.descriptor.sql.BasicBinder      : binding parameter [4] as [VARCHAR] - [null]
2020-06-10 20:38:40.291 TRACE 56553 --- [    Test worker] o.h.type.descriptor.sql.BasicBinder      : binding parameter [5] as [BIGINT] - [28]
2020-06-10 20:38:40.291 TRACE 56553 --- [    Test worker] o.h.type.descriptor.sql.BasicBinder      : binding parameter [6] as [DATE] - [Thu May 31 00:00:00 EEST 2018]
2020-06-10 20:38:40.291 TRACE 56553 --- [    Test worker] o.h.type.descriptor.sql.BasicBinder      : binding parameter [7] as [VARCHAR] - [null]
2020-06-10 20:38:40.291 TRACE 56553 --- [    Test worker] o.h.type.descriptor.sql.BasicBinder      : binding parameter [8] as [BIGINT] - [null]
2020-06-10 20:38:40.291 TRACE 56553 --- [    Test worker] o.h.type.descriptor.sql.BasicBinder      : binding parameter [9] as [BIGINT] - [29]
2020-06-10 20:38:40.291 TRACE 56553 --- [    Test worker] o.h.type.descriptor.sql.BasicBinder      : binding parameter [10] as [VARCHAR] - [null]
2020-06-10 20:38:40.291 TRACE 56553 --- [    Test worker] o.h.type.descriptor.sql.BasicBinder      : binding parameter [11] as [VARCHAR] - [-7423979211207825555]
2020-06-10 20:38:40.291 TRACE 56553 --- [    Test worker] o.h.type.descriptor.sql.BasicBinder      : binding parameter [12] as [VARCHAR] - [null]
2020-06-10 20:38:40.291 TRACE 56553 --- [    Test worker] o.h.type.descriptor.sql.BasicBinder      : binding parameter [13] as [VARCHAR] - [null]
2020-06-10 20:38:40.291 TRACE 56553 --- [    Test worker] o.h.type.descriptor.sql.BasicBinder      : binding parameter [14] as [VARCHAR] - [null]
2020-06-10 20:38:40.291 TRACE 56553 --- [    Test worker] o.h.type.descriptor.sql.BasicBinder      : binding parameter [15] as [BOOLEAN] - [false]
2020-06-10 20:38:40.291 TRACE 56553 --- [    Test worker] o.h.type.descriptor.sql.BasicBinder      : binding parameter [16] as [VARCHAR] - [null]
2020-06-10 20:38:40.291 TRACE 56553 --- [    Test worker] o.h.type.descriptor.sql.BasicBinder      : binding parameter [17] as [TIMESTAMP] - [null]
2020-06-10 20:38:40.292 TRACE 56553 --- [    Test worker] o.h.type.descriptor.sql.BasicBinder      : binding parameter [18] as [VARCHAR] - [|32|]
2020-06-10 20:38:40.292 TRACE 56553 --- [    Test worker] o.h.type.descriptor.sql.BasicBinder      : binding parameter [19] as [VARCHAR] - [|4437113781045784766|]
2020-06-10 20:38:40.292 TRACE 56553 --- [    Test worker] o.h.type.descriptor.sql.BasicBinder      : binding parameter [20] as [BOOLEAN] - [false]
2020-06-10 20:38:40.292 TRACE 56553 --- [    Test worker] o.h.type.descriptor.sql.BasicBinder      : binding parameter [21] as [TIMESTAMP] - [null]
2020-06-10 20:38:40.292 TRACE 56553 --- [    Test worker] o.h.type.descriptor.sql.BasicBinder      : binding parameter [22] as [VARCHAR] - [null]
2020-06-10 20:38:40.292 TRACE 56553 --- [    Test worker] o.h.type.descriptor.sql.BasicBinder      : binding parameter [23] as [TIMESTAMP] - [null]
2020-06-10 20:38:40.292 TRACE 56553 --- [    Test worker] o.h.type.descriptor.sql.BasicBinder      : binding parameter [24] as [BIGINT] - [null]
2020-06-10 20:38:40.292 TRACE 56553 --- [    Test worker] o.h.type.descriptor.sql.BasicBinder      : binding parameter [25] as [VARCHAR] - [null]
2020-06-10 20:38:40.292 TRACE 56553 --- [    Test worker] o.h.type.descriptor.sql.BasicBinder      : binding parameter [26] as [VARCHAR] - [null]
2020-06-10 20:38:40.292 TRACE 56553 --- [    Test worker] o.h.type.descriptor.sql.BasicBinder      : binding parameter [27] as [VARCHAR] - [null]
2020-06-10 20:38:40.292 TRACE 56553 --- [    Test worker] o.h.type.descriptor.sql.BasicBinder      : binding parameter [28] as [VARCHAR] - [null]
2020-06-10 20:38:40.292 TRACE 56553 --- [    Test worker] o.h.type.descriptor.sql.BasicBinder      : binding parameter [29] as [DATE] - [null]
2020-06-10 20:38:40.292 TRACE 56553 --- [    Test worker] o.h.type.descriptor.sql.BasicBinder      : binding parameter [30] as [VARCHAR] - [null]
Hibernate: 
    insert 
    into
        organisaatiosuhde
        (id, version, alkupvm, child_id, loppupvm, opetuspisteenjarjnro, parent_id, suhdetyyppi) 
    values
        (null, ?, ?, ?, ?, ?, ?, ?)
2020-06-10 20:38:40.293 TRACE 56553 --- [    Test worker] o.h.type.descriptor.sql.BasicBinder      : binding parameter [1] as [BIGINT] - [0]
2020-06-10 20:38:40.293 TRACE 56553 --- [    Test worker] o.h.type.descriptor.sql.BasicBinder      : binding parameter [2] as [DATE] - [null]
2020-06-10 20:38:40.293 TRACE 56553 --- [    Test worker] o.h.type.descriptor.sql.BasicBinder      : binding parameter [3] as [BIGINT] - [35]
2020-06-10 20:38:40.293 TRACE 56553 --- [    Test worker] o.h.type.descriptor.sql.BasicBinder      : binding parameter [4] as [DATE] - [null]
2020-06-10 20:38:40.293 TRACE 56553 --- [    Test worker] o.h.type.descriptor.sql.BasicBinder      : binding parameter [5] as [VARCHAR] - [null]
2020-06-10 20:38:40.293 TRACE 56553 --- [    Test worker] o.h.type.descriptor.sql.BasicBinder      : binding parameter [6] as [BIGINT] - [32]
2020-06-10 20:38:40.293 TRACE 56553 --- [    Test worker] o.h.type.descriptor.sql.BasicBinder      : binding parameter [7] as [VARCHAR] - [HISTORIA]
Hibernate: 
    insert 
    into
        monikielinen_teksti_values
        (id, key, value) 
    values
        (?, ?, ?)
2020-06-10 20:38:40.304 TRACE 56553 --- [    Test worker] o.h.type.descriptor.sql.BasicBinder      : binding parameter [1] as [BIGINT] - [22]
2020-06-10 20:38:40.304 TRACE 56553 --- [    Test worker] o.h.type.descriptor.sql.BasicBinder      : binding parameter [2] as [VARCHAR] - [FI]
2020-06-10 20:38:40.304 TRACE 56553 --- [    Test worker] o.h.type.descriptor.sql.BasicBinder      : binding parameter [3] as [VARCHAR] - [parent1]
Hibernate: 
    insert 
    into
        monikielinen_teksti_values
        (id, key, value) 
    values
        (?, ?, ?)
2020-06-10 20:38:40.304 TRACE 56553 --- [    Test worker] o.h.type.descriptor.sql.BasicBinder      : binding parameter [1] as [BIGINT] - [23]
2020-06-10 20:38:40.304 TRACE 56553 --- [    Test worker] o.h.type.descriptor.sql.BasicBinder      : binding parameter [2] as [VARCHAR] - [FI]
2020-06-10 20:38:40.304 TRACE 56553 --- [    Test worker] o.h.type.descriptor.sql.BasicBinder      : binding parameter [3] as [VARCHAR] - [parent2]
Hibernate: 
    insert 
    into
        organisaatio_kayttoryhmat
        (organisaatio_id, kayttoryhmat) 
    values
        (?, ?)
2020-06-10 20:38:40.305 TRACE 56553 --- [    Test worker] o.h.type.descriptor.sql.BasicBinder      : binding parameter [1] as [BIGINT] - [33]
2020-06-10 20:38:40.305 TRACE 56553 --- [    Test worker] o.h.type.descriptor.sql.BasicBinder      : binding parameter [2] as [VARCHAR] - [kayttoryhma2]
Hibernate: 
    insert 
    into
        organisaatio_kayttoryhmat
        (organisaatio_id, kayttoryhmat) 
    values
        (?, ?)
2020-06-10 20:38:40.305 TRACE 56553 --- [    Test worker] o.h.type.descriptor.sql.BasicBinder      : binding parameter [1] as [BIGINT] - [33]
2020-06-10 20:38:40.305 TRACE 56553 --- [    Test worker] o.h.type.descriptor.sql.BasicBinder      : binding parameter [2] as [VARCHAR] - [kayttoryhma1]
Hibernate: 
    insert 
    into
        organisaatio_ryhmatyypit
        (organisaatio_id, ryhmatyypit) 
    values
        (?, ?)
2020-06-10 20:38:40.305 TRACE 56553 --- [    Test worker] o.h.type.descriptor.sql.BasicBinder      : binding parameter [1] as [BIGINT] - [33]
2020-06-10 20:38:40.306 TRACE 56553 --- [    Test worker] o.h.type.descriptor.sql.BasicBinder      : binding parameter [2] as [VARCHAR] - [ryhmatyyppi2]
Hibernate: 
    insert 
    into
        organisaatio_ryhmatyypit
        (organisaatio_id, ryhmatyypit) 
    values
        (?, ?)
2020-06-10 20:38:40.306 TRACE 56553 --- [    Test worker] o.h.type.descriptor.sql.BasicBinder      : binding parameter [1] as [BIGINT] - [33]
2020-06-10 20:38:40.306 TRACE 56553 --- [    Test worker] o.h.type.descriptor.sql.BasicBinder      : binding parameter [2] as [VARCHAR] - [ryhmatyyppi1]
Hibernate: 
    insert 
    into
        organisaatio_tyypit
        (organisaatio_id, tyypit) 
    values
        (?, ?)
2020-06-10 20:38:40.306 TRACE 56553 --- [    Test worker] o.h.type.descriptor.sql.BasicBinder      : binding parameter [1] as [BIGINT] - [33]
2020-06-10 20:38:40.306 TRACE 56553 --- [    Test worker] o.h.type.descriptor.sql.BasicBinder      : binding parameter [2] as [VARCHAR] - [Ryhma]
Hibernate: 
    insert 
    into
        monikielinen_teksti_values
        (id, key, value) 
    values
        (?, ?, ?)
2020-06-10 20:38:40.307 TRACE 56553 --- [    Test worker] o.h.type.descriptor.sql.BasicBinder      : binding parameter [1] as [BIGINT] - [25]
2020-06-10 20:38:40.307 TRACE 56553 --- [    Test worker] o.h.type.descriptor.sql.BasicBinder      : binding parameter [2] as [VARCHAR] - [FI]
2020-06-10 20:38:40.307 TRACE 56553 --- [    Test worker] o.h.type.descriptor.sql.BasicBinder      : binding parameter [3] as [VARCHAR] - [ryhma1]
Hibernate: 
    insert 
    into
        organisaatio_kayttoryhmat
        (organisaatio_id, kayttoryhmat) 
    values
        (?, ?)
2020-06-10 20:38:40.307 TRACE 56553 --- [    Test worker] o.h.type.descriptor.sql.BasicBinder      : binding parameter [1] as [BIGINT] - [34]
2020-06-10 20:38:40.307 TRACE 56553 --- [    Test worker] o.h.type.descriptor.sql.BasicBinder      : binding parameter [2] as [VARCHAR] - [kayttoryhma3]
Hibernate: 
    insert 
    into
        organisaatio_kayttoryhmat
        (organisaatio_id, kayttoryhmat) 
    values
        (?, ?)
2020-06-10 20:38:40.307 TRACE 56553 --- [    Test worker] o.h.type.descriptor.sql.BasicBinder      : binding parameter [1] as [BIGINT] - [34]
2020-06-10 20:38:40.307 TRACE 56553 --- [    Test worker] o.h.type.descriptor.sql.BasicBinder      : binding parameter [2] as [VARCHAR] - [kayttoryhma2]
Hibernate: 
    insert 
    into
        organisaatio_ryhmatyypit
        (organisaatio_id, ryhmatyypit) 
    values
        (?, ?)
2020-06-10 20:38:40.308 TRACE 56553 --- [    Test worker] o.h.type.descriptor.sql.BasicBinder      : binding parameter [1] as [BIGINT] - [34]
2020-06-10 20:38:40.308 TRACE 56553 --- [    Test worker] o.h.type.descriptor.sql.BasicBinder      : binding parameter [2] as [VARCHAR] - [ryhmatyyppi2]
Hibernate: 
    insert 
    into
        organisaatio_ryhmatyypit
        (organisaatio_id, ryhmatyypit) 
    values
        (?, ?)
2020-06-10 20:38:40.308 TRACE 56553 --- [    Test worker] o.h.type.descriptor.sql.BasicBinder      : binding parameter [1] as [BIGINT] - [34]
2020-06-10 20:38:40.308 TRACE 56553 --- [    Test worker] o.h.type.descriptor.sql.BasicBinder      : binding parameter [2] as [VARCHAR] - [ryhmatyyppi3]
Hibernate: 
    insert 
    into
        organisaatio_tyypit
        (organisaatio_id, tyypit) 
    values
        (?, ?)
2020-06-10 20:38:40.308 TRACE 56553 --- [    Test worker] o.h.type.descriptor.sql.BasicBinder      : binding parameter [1] as [BIGINT] - [34]
2020-06-10 20:38:40.308 TRACE 56553 --- [    Test worker] o.h.type.descriptor.sql.BasicBinder      : binding parameter [2] as [VARCHAR] - [Ryhma]
Hibernate: 
    insert 
    into
        monikielinen_teksti_values
        (id, key, value) 
    values
        (?, ?, ?)
2020-06-10 20:38:40.309 TRACE 56553 --- [    Test worker] o.h.type.descriptor.sql.BasicBinder      : binding parameter [1] as [BIGINT] - [27]
2020-06-10 20:38:40.309 TRACE 56553 --- [    Test worker] o.h.type.descriptor.sql.BasicBinder      : binding parameter [2] as [VARCHAR] - [FI]
2020-06-10 20:38:40.309 TRACE 56553 --- [    Test worker] o.h.type.descriptor.sql.BasicBinder      : binding parameter [3] as [VARCHAR] - [ryhma2-poistettu]
Hibernate: 
    insert 
    into
        organisaatio_kayttoryhmat
        (organisaatio_id, kayttoryhmat) 
    values
        (?, ?)
2020-06-10 20:38:40.309 TRACE 56553 --- [    Test worker] o.h.type.descriptor.sql.BasicBinder      : binding parameter [1] as [BIGINT] - [35]
2020-06-10 20:38:40.309 TRACE 56553 --- [    Test worker] o.h.type.descriptor.sql.BasicBinder      : binding parameter [2] as [VARCHAR] - [kayttoryhma3]
Hibernate: 
    insert 
    into
        organisaatio_kayttoryhmat
        (organisaatio_id, kayttoryhmat) 
    values
        (?, ?)
2020-06-10 20:38:40.309 TRACE 56553 --- [    Test worker] o.h.type.descriptor.sql.BasicBinder      : binding parameter [1] as [BIGINT] - [35]
2020-06-10 20:38:40.310 TRACE 56553 --- [    Test worker] o.h.type.descriptor.sql.BasicBinder      : binding parameter [2] as [VARCHAR] - [kayttoryhma1]
Hibernate: 
    insert 
    into
        organisaatio_ryhmatyypit
        (organisaatio_id, ryhmatyypit) 
    values
        (?, ?)
2020-06-10 20:38:40.310 TRACE 56553 --- [    Test worker] o.h.type.descriptor.sql.BasicBinder      : binding parameter [1] as [BIGINT] - [35]
2020-06-10 20:38:40.310 TRACE 56553 --- [    Test worker] o.h.type.descriptor.sql.BasicBinder      : binding parameter [2] as [VARCHAR] - [ryhmatyyppi3]
Hibernate: 
    insert 
    into
        organisaatio_ryhmatyypit
        (organisaatio_id, ryhmatyypit) 
    values
        (?, ?)
2020-06-10 20:38:40.310 TRACE 56553 --- [    Test worker] o.h.type.descriptor.sql.BasicBinder      : binding parameter [1] as [BIGINT] - [35]
2020-06-10 20:38:40.310 TRACE 56553 --- [    Test worker] o.h.type.descriptor.sql.BasicBinder      : binding parameter [2] as [VARCHAR] - [ryhmatyyppi1]
Hibernate: 
    insert 
    into
        organisaatio_tyypit
        (organisaatio_id, tyypit) 
    values
        (?, ?)
2020-06-10 20:38:40.311 TRACE 56553 --- [    Test worker] o.h.type.descriptor.sql.BasicBinder      : binding parameter [1] as [BIGINT] - [35]
2020-06-10 20:38:40.311 TRACE 56553 --- [    Test worker] o.h.type.descriptor.sql.BasicBinder      : binding parameter [2] as [VARCHAR] - [Ryhma]
Hibernate: 
    insert 
    into
        monikielinen_teksti_values
        (id, key, value) 
    values
        (?, ?, ?)
2020-06-10 20:38:40.311 TRACE 56553 --- [    Test worker] o.h.type.descriptor.sql.BasicBinder      : binding parameter [1] as [BIGINT] - [29]
2020-06-10 20:38:40.311 TRACE 56553 --- [    Test worker] o.h.type.descriptor.sql.BasicBinder      : binding parameter [2] as [VARCHAR] - [FI]
2020-06-10 20:38:40.312 TRACE 56553 --- [    Test worker] o.h.type.descriptor.sql.BasicBinder      : binding parameter [3] as [VARCHAR] - [ryhma3-lakkautettu]
Hibernate: 
    select
        organisaat0_.id as id1_5_0_,
        monikielin1_.id as id1_2_1_,
        monikielin2_.id as id1_2_2_,
        organisaat0_.version as version2_5_0_,
        organisaat0_.alkupvm as alkupvm3_5_0_,
        organisaat0_.domainnimi as domainni4_5_0_,
        organisaat0_.kotipaikka as kotipaik5_5_0_,
        organisaat0_.kuvaus_mkt as kuvaus_28_5_0_,
        organisaat0_.lakkautuspvm as lakkautu6_5_0_,
        organisaat0_.maa as maa7_5_0_,
        organisaat0_.metadata_id as metadat29_5_0_,
        organisaat0_.nimi_mkt as nimi_mk30_5_0_,
        organisaat0_.nimihaku as nimihaku8_5_0_,
        organisaat0_.oid as oid9_5_0_,
        organisaat0_.opetuspisteenjarjnro as opetusp10_5_0_,
        organisaat0_.oppilaitoskoodi as oppilai11_5_0_,
        organisaat0_.oppilaitos_tyyppi as oppilai12_5_0_,
        organisaat0_.organisaatio_poistettu as organis13_5_0_,
        organisaat0_.paivittaja as paivitt14_5_0_,
        organisaat0_.paivityspvm as paivity15_5_0_,
        organisaat0_.parentidpath as parenti16_5_0_,
        organisaat0_.parentoidpath as parento17_5_0_,
        organisaat0_.piilotettu as piilote18_5_0_,
        organisaat0_.tarkastus_pvm as tarkast19_5_0_,
        organisaat0_.toimipistekoodi as toimipi20_5_0_,
        organisaat0_.tuontipvm as tuontip21_5_0_,
        organisaat0_.varhaiskasvatuksen_toimipaikka_tiedot_id as varhais31_5_0_,
        organisaat0_.virastotunnus as virasto22_5_0_,
        organisaat0_.yhteishaunkoulukoodi as yhteish23_5_0_,
        organisaat0_.yritysmuoto as yritysm24_5_0_,
        organisaat0_.ytj_kieli as ytj_kie25_5_0_,
        organisaat0_.ytjpaivityspvm as ytjpaiv26_5_0_,
        organisaat0_.ytunnus as ytunnus27_5_0_,
        monikielin1_.version as version2_2_1_,
        monikielin2_.version as version2_2_2_ 
    from
        organisaatio organisaat0_ 
    inner join
        monikielinen_teksti monikielin1_ 
            on organisaat0_.nimi_mkt=monikielin1_.id 
    inner join
        monikielinen_teksti monikielin2_ 
            on organisaat0_.kuvaus_mkt=monikielin2_.id 
    where
        organisaat0_.id in (
            select
                organisaat3_.id 
            from
                organisaatio organisaat3_ 
            inner join
                organisaatio_tyypit tyypit4_ 
                    on organisaat3_.id=tyypit4_.organisaatio_id 
            where
                tyypit4_.tyypit=?
        )
2020-06-10 20:38:40.313 TRACE 56553 --- [    Test worker] o.h.type.descriptor.sql.BasicBinder      : binding parameter [1] as [VARCHAR] - [Ryhma]
2020-06-10 20:38:40.313 TRACE 56553 --- [    Test worker] o.h.type.descriptor.sql.BasicExtractor   : extracted value ([id1_5_0_] : [BIGINT]) - [33]
2020-06-10 20:38:40.313 TRACE 56553 --- [    Test worker] o.h.type.descriptor.sql.BasicExtractor   : extracted value ([id1_2_1_] : [BIGINT]) - [25]
2020-06-10 20:38:40.313 TRACE 56553 --- [    Test worker] o.h.type.descriptor.sql.BasicExtractor   : extracted value ([id1_2_2_] : [BIGINT]) - [24]
2020-06-10 20:38:40.313 TRACE 56553 --- [    Test worker] o.h.type.descriptor.sql.BasicExtractor   : extracted value ([id1_5_0_] : [BIGINT]) - [34]
2020-06-10 20:38:40.313 TRACE 56553 --- [    Test worker] o.h.type.descriptor.sql.BasicExtractor   : extracted value ([id1_2_1_] : [BIGINT]) - [27]
2020-06-10 20:38:40.314 TRACE 56553 --- [    Test worker] o.h.type.descriptor.sql.BasicExtractor   : extracted value ([id1_2_2_] : [BIGINT]) - [26]
2020-06-10 20:38:40.314 TRACE 56553 --- [    Test worker] o.h.type.descriptor.sql.BasicExtractor   : extracted value ([id1_5_0_] : [BIGINT]) - [35]
2020-06-10 20:38:40.314 TRACE 56553 --- [    Test worker] o.h.type.descriptor.sql.BasicExtractor   : extracted value ([id1_2_1_] : [BIGINT]) - [29]
2020-06-10 20:38:40.314 TRACE 56553 --- [    Test worker] o.h.type.descriptor.sql.BasicExtractor   : extracted value ([id1_2_2_] : [BIGINT]) - [28]
Hibernate: 
    select
        organisaat0_.id as id1_5_0_,
        monikielin1_.id as id1_2_1_,
        monikielin2_.id as id1_2_2_,
        organisaat0_.version as version2_5_0_,
        organisaat0_.alkupvm as alkupvm3_5_0_,
        organisaat0_.domainnimi as domainni4_5_0_,
        organisaat0_.kotipaikka as kotipaik5_5_0_,
        organisaat0_.kuvaus_mkt as kuvaus_28_5_0_,
        organisaat0_.lakkautuspvm as lakkautu6_5_0_,
        organisaat0_.maa as maa7_5_0_,
        organisaat0_.metadata_id as metadat29_5_0_,
        organisaat0_.nimi_mkt as nimi_mk30_5_0_,
        organisaat0_.nimihaku as nimihaku8_5_0_,
        organisaat0_.oid as oid9_5_0_,
        organisaat0_.opetuspisteenjarjnro as opetusp10_5_0_,
        organisaat0_.oppilaitoskoodi as oppilai11_5_0_,
        organisaat0_.oppilaitos_tyyppi as oppilai12_5_0_,
        organisaat0_.organisaatio_poistettu as organis13_5_0_,
        organisaat0_.paivittaja as paivitt14_5_0_,
        organisaat0_.paivityspvm as paivity15_5_0_,
        organisaat0_.parentidpath as parenti16_5_0_,
        organisaat0_.parentoidpath as parento17_5_0_,
        organisaat0_.piilotettu as piilote18_5_0_,
        organisaat0_.tarkastus_pvm as tarkast19_5_0_,
        organisaat0_.toimipistekoodi as toimipi20_5_0_,
        organisaat0_.tuontipvm as tuontip21_5_0_,
        organisaat0_.varhaiskasvatuksen_toimipaikka_tiedot_id as varhais31_5_0_,
        organisaat0_.virastotunnus as virasto22_5_0_,
        organisaat0_.yhteishaunkoulukoodi as yhteish23_5_0_,
        organisaat0_.yritysmuoto as yritysm24_5_0_,
        organisaat0_.ytj_kieli as ytj_kie25_5_0_,
        organisaat0_.ytjpaivityspvm as ytjpaiv26_5_0_,
        organisaat0_.ytunnus as ytunnus27_5_0_,
        monikielin1_.version as version2_2_1_,
        monikielin2_.version as version2_2_2_ 
    from
        organisaatio organisaat0_ 
    inner join
        monikielinen_teksti monikielin1_ 
            on organisaat0_.nimi_mkt=monikielin1_.id 
    inner join
        monikielinen_teksti monikielin2_ 
            on organisaat0_.kuvaus_mkt=monikielin2_.id 
    where
        (
            organisaat0_.id in (
                select
                    organisaat3_.id 
                from
                    organisaatio organisaat3_ 
                inner join
                    organisaatio_tyypit tyypit4_ 
                        on organisaat3_.id=tyypit4_.organisaatio_id 
                where
                    tyypit4_.tyypit=?
            )
        ) 
        and (
            monikielin1_.id in (
                select
                    monikielin5_.id 
                from
                    monikielinen_teksti monikielin5_ 
                inner join
                    monikielinen_teksti_values values6_ 
                        on monikielin5_.id=values6_.id 
                where
                    lower(values6_.value) like ? escape '!'
            ) 
            or organisaat0_.oid=?
        )
2020-06-10 20:38:40.323 TRACE 56553 --- [    Test worker] o.h.type.descriptor.sql.BasicBinder      : binding parameter [1] as [VARCHAR] - [Ryhma]
2020-06-10 20:38:40.323 TRACE 56553 --- [    Test worker] o.h.type.descriptor.sql.BasicBinder      : binding parameter [2] as [VARCHAR] - [%ma1%]
2020-06-10 20:38:40.323 TRACE 56553 --- [    Test worker] o.h.type.descriptor.sql.BasicBinder      : binding parameter [3] as [VARCHAR] - [ma1]
2020-06-10 20:38:40.324 TRACE 56553 --- [    Test worker] o.h.type.descriptor.sql.BasicExtractor   : extracted value ([id1_5_0_] : [BIGINT]) - [33]
2020-06-10 20:38:40.324 TRACE 56553 --- [    Test worker] o.h.type.descriptor.sql.BasicExtractor   : extracted value ([id1_2_1_] : [BIGINT]) - [25]
2020-06-10 20:38:40.324 TRACE 56553 --- [    Test worker] o.h.type.descriptor.sql.BasicExtractor   : extracted value ([id1_2_2_] : [BIGINT]) - [24]
Hibernate: 
    select
        organisaat0_.id as id1_5_0_,
        monikielin1_.id as id1_2_1_,
        monikielin2_.id as id1_2_2_,
        organisaat0_.version as version2_5_0_,
        organisaat0_.alkupvm as alkupvm3_5_0_,
        organisaat0_.domainnimi as domainni4_5_0_,
        organisaat0_.kotipaikka as kotipaik5_5_0_,
        organisaat0_.kuvaus_mkt as kuvaus_28_5_0_,
        organisaat0_.lakkautuspvm as lakkautu6_5_0_,
        organisaat0_.maa as maa7_5_0_,
        organisaat0_.metadata_id as metadat29_5_0_,
        organisaat0_.nimi_mkt as nimi_mk30_5_0_,
        organisaat0_.nimihaku as nimihaku8_5_0_,
        organisaat0_.oid as oid9_5_0_,
        organisaat0_.opetuspisteenjarjnro as opetusp10_5_0_,
        organisaat0_.oppilaitoskoodi as oppilai11_5_0_,
        organisaat0_.oppilaitos_tyyppi as oppilai12_5_0_,
        organisaat0_.organisaatio_poistettu as organis13_5_0_,
        organisaat0_.paivittaja as paivitt14_5_0_,
        organisaat0_.paivityspvm as paivity15_5_0_,
        organisaat0_.parentidpath as parenti16_5_0_,
        organisaat0_.parentoidpath as parento17_5_0_,
        organisaat0_.piilotettu as piilote18_5_0_,
        organisaat0_.tarkastus_pvm as tarkast19_5_0_,
        organisaat0_.toimipistekoodi as toimipi20_5_0_,
        organisaat0_.tuontipvm as tuontip21_5_0_,
        organisaat0_.varhaiskasvatuksen_toimipaikka_tiedot_id as varhais31_5_0_,
        organisaat0_.virastotunnus as virasto22_5_0_,
        organisaat0_.yhteishaunkoulukoodi as yhteish23_5_0_,
        organisaat0_.yritysmuoto as yritysm24_5_0_,
        organisaat0_.ytj_kieli as ytj_kie25_5_0_,
        organisaat0_.ytjpaivityspvm as ytjpaiv26_5_0_,
        organisaat0_.ytunnus as ytunnus27_5_0_,
        monikielin1_.version as version2_2_1_,
        monikielin2_.version as version2_2_2_ 
    from
        organisaatio organisaat0_ 
    inner join
        monikielinen_teksti monikielin1_ 
            on organisaat0_.nimi_mkt=monikielin1_.id 
    inner join
        monikielinen_teksti monikielin2_ 
            on organisaat0_.kuvaus_mkt=monikielin2_.id 
    where
        (
            organisaat0_.id in (
                select
                    organisaat3_.id 
                from
                    organisaatio organisaat3_ 
                inner join
                    organisaatio_tyypit tyypit4_ 
                        on organisaat3_.id=tyypit4_.organisaatio_id 
                where
                    tyypit4_.tyypit=?
            )
        ) 
        and (
            monikielin1_.id in (
                select
                    monikielin5_.id 
                from
                    monikielinen_teksti monikielin5_ 
                inner join
                    monikielinen_teksti_values values6_ 
                        on monikielin5_.id=values6_.id 
                where
                    lower(values6_.value) like ? escape '!'
            ) 
            or organisaat0_.oid=?
        )
2020-06-10 20:38:40.326 TRACE 56553 --- [    Test worker] o.h.type.descriptor.sql.BasicBinder      : binding parameter [1] as [VARCHAR] - [Ryhma]
2020-06-10 20:38:40.326 TRACE 56553 --- [    Test worker] o.h.type.descriptor.sql.BasicBinder      : binding parameter [2] as [VARCHAR] - [%olematon%]
2020-06-10 20:38:40.326 TRACE 56553 --- [    Test worker] o.h.type.descriptor.sql.BasicBinder      : binding parameter [3] as [VARCHAR] - [olematon]
Hibernate: 
    select
        organisaat0_.id as id1_5_0_,
        monikielin1_.id as id1_2_1_,
        monikielin2_.id as id1_2_2_,
        organisaat0_.version as version2_5_0_,
        organisaat0_.alkupvm as alkupvm3_5_0_,
        organisaat0_.domainnimi as domainni4_5_0_,
        organisaat0_.kotipaikka as kotipaik5_5_0_,
        organisaat0_.kuvaus_mkt as kuvaus_28_5_0_,
        organisaat0_.lakkautuspvm as lakkautu6_5_0_,
        organisaat0_.maa as maa7_5_0_,
        organisaat0_.metadata_id as metadat29_5_0_,
        organisaat0_.nimi_mkt as nimi_mk30_5_0_,
        organisaat0_.nimihaku as nimihaku8_5_0_,
        organisaat0_.oid as oid9_5_0_,
        organisaat0_.opetuspisteenjarjnro as opetusp10_5_0_,
        organisaat0_.oppilaitoskoodi as oppilai11_5_0_,
        organisaat0_.oppilaitos_tyyppi as oppilai12_5_0_,
        organisaat0_.organisaatio_poistettu as organis13_5_0_,
        organisaat0_.paivittaja as paivitt14_5_0_,
        organisaat0_.paivityspvm as paivity15_5_0_,
        organisaat0_.parentidpath as parenti16_5_0_,
        organisaat0_.parentoidpath as parento17_5_0_,
        organisaat0_.piilotettu as piilote18_5_0_,
        organisaat0_.tarkastus_pvm as tarkast19_5_0_,
        organisaat0_.toimipistekoodi as toimipi20_5_0_,
        organisaat0_.tuontipvm as tuontip21_5_0_,
        organisaat0_.varhaiskasvatuksen_toimipaikka_tiedot_id as varhais31_5_0_,
        organisaat0_.virastotunnus as virasto22_5_0_,
        organisaat0_.yhteishaunkoulukoodi as yhteish23_5_0_,
        organisaat0_.yritysmuoto as yritysm24_5_0_,
        organisaat0_.ytj_kieli as ytj_kie25_5_0_,
        organisaat0_.ytjpaivityspvm as ytjpaiv26_5_0_,
        organisaat0_.ytunnus as ytunnus27_5_0_,
        monikielin1_.version as version2_2_1_,
        monikielin2_.version as version2_2_2_ 
    from
        organisaatio organisaat0_ 
    inner join
        monikielinen_teksti monikielin1_ 
            on organisaat0_.nimi_mkt=monikielin1_.id 
    inner join
        monikielinen_teksti monikielin2_ 
            on organisaat0_.kuvaus_mkt=monikielin2_.id 
    where
        (
            organisaat0_.id in (
                select
                    organisaat3_.id 
                from
                    organisaatio organisaat3_ 
                inner join
                    organisaatio_tyypit tyypit4_ 
                        on organisaat3_.id=tyypit4_.organisaatio_id 
                where
                    tyypit4_.tyypit=?
            )
        ) 
        and (
            organisaat0_.lakkautuspvm is null 
            or organisaat0_.lakkautuspvm>=?
        )
2020-06-10 20:38:40.332 TRACE 56553 --- [    Test worker] o.h.type.descriptor.sql.BasicBinder      : binding parameter [1] as [VARCHAR] - [Ryhma]
2020-06-10 20:38:40.332 TRACE 56553 --- [    Test worker] o.h.type.descriptor.sql.BasicBinder      : binding parameter [2] as [DATE] - [2018-06-01]
2020-06-10 20:38:40.333 TRACE 56553 --- [    Test worker] o.h.type.descriptor.sql.BasicExtractor   : extracted value ([id1_5_0_] : [BIGINT]) - [33]
2020-06-10 20:38:40.333 TRACE 56553 --- [    Test worker] o.h.type.descriptor.sql.BasicExtractor   : extracted value ([id1_2_1_] : [BIGINT]) - [25]
2020-06-10 20:38:40.333 TRACE 56553 --- [    Test worker] o.h.type.descriptor.sql.BasicExtractor   : extracted value ([id1_2_2_] : [BIGINT]) - [24]
2020-06-10 20:38:40.333 TRACE 56553 --- [    Test worker] o.h.type.descriptor.sql.BasicExtractor   : extracted value ([id1_5_0_] : [BIGINT]) - [34]
2020-06-10 20:38:40.333 TRACE 56553 --- [    Test worker] o.h.type.descriptor.sql.BasicExtractor   : extracted value ([id1_2_1_] : [BIGINT]) - [27]
2020-06-10 20:38:40.333 TRACE 56553 --- [    Test worker] o.h.type.descriptor.sql.BasicExtractor   : extracted value ([id1_2_2_] : [BIGINT]) - [26]
Hibernate: 
    select
        organisaat0_.id as id1_5_0_,
        monikielin1_.id as id1_2_1_,
        monikielin2_.id as id1_2_2_,
        organisaat0_.version as version2_5_0_,
        organisaat0_.alkupvm as alkupvm3_5_0_,
        organisaat0_.domainnimi as domainni4_5_0_,
        organisaat0_.kotipaikka as kotipaik5_5_0_,
        organisaat0_.kuvaus_mkt as kuvaus_28_5_0_,
        organisaat0_.lakkautuspvm as lakkautu6_5_0_,
        organisaat0_.maa as maa7_5_0_,
        organisaat0_.metadata_id as metadat29_5_0_,
        organisaat0_.nimi_mkt as nimi_mk30_5_0_,
        organisaat0_.nimihaku as nimihaku8_5_0_,
        organisaat0_.oid as oid9_5_0_,
        organisaat0_.opetuspisteenjarjnro as opetusp10_5_0_,
        organisaat0_.oppilaitoskoodi as oppilai11_5_0_,
        organisaat0_.oppilaitos_tyyppi as oppilai12_5_0_,
        organisaat0_.organisaatio_poistettu as organis13_5_0_,
        organisaat0_.paivittaja as paivitt14_5_0_,
        organisaat0_.paivityspvm as paivity15_5_0_,
        organisaat0_.parentidpath as parenti16_5_0_,
        organisaat0_.parentoidpath as parento17_5_0_,
        organisaat0_.piilotettu as piilote18_5_0_,
        organisaat0_.tarkastus_pvm as tarkast19_5_0_,
        organisaat0_.toimipistekoodi as toimipi20_5_0_,
        organisaat0_.tuontipvm as tuontip21_5_0_,
        organisaat0_.varhaiskasvatuksen_toimipaikka_tiedot_id as varhais31_5_0_,
        organisaat0_.virastotunnus as virasto22_5_0_,
        organisaat0_.yhteishaunkoulukoodi as yhteish23_5_0_,
        organisaat0_.yritysmuoto as yritysm24_5_0_,
        organisaat0_.ytj_kieli as ytj_kie25_5_0_,
        organisaat0_.ytjpaivityspvm as ytjpaiv26_5_0_,
        organisaat0_.ytunnus as ytunnus27_5_0_,
        monikielin1_.version as version2_2_1_,
        monikielin2_.version as version2_2_2_ 
    from
        organisaatio organisaat0_ 
    inner join
        monikielinen_teksti monikielin1_ 
            on organisaat0_.nimi_mkt=monikielin1_.id 
    inner join
        monikielinen_teksti monikielin2_ 
            on organisaat0_.kuvaus_mkt=monikielin2_.id 
    where
        (
            organisaat0_.id in (
                select
                    organisaat3_.id 
                from
                    organisaatio organisaat3_ 
                inner join
                    organisaatio_tyypit tyypit4_ 
                        on organisaat3_.id=tyypit4_.organisaatio_id 
                where
                    tyypit4_.tyypit=?
            )
        ) 
        and (
            organisaat0_.lakkautuspvm is null 
            or organisaat0_.lakkautuspvm>=?
        )
2020-06-10 20:38:40.335 TRACE 56553 --- [    Test worker] o.h.type.descriptor.sql.BasicBinder      : binding parameter [1] as [VARCHAR] - [Ryhma]
2020-06-10 20:38:40.335 TRACE 56553 --- [    Test worker] o.h.type.descriptor.sql.BasicBinder      : binding parameter [2] as [DATE] - [2018-05-30]
2020-06-10 20:38:40.336 TRACE 56553 --- [    Test worker] o.h.type.descriptor.sql.BasicExtractor   : extracted value ([id1_5_0_] : [BIGINT]) - [33]
2020-06-10 20:38:40.336 TRACE 56553 --- [    Test worker] o.h.type.descriptor.sql.BasicExtractor   : extracted value ([id1_2_1_] : [BIGINT]) - [25]
2020-06-10 20:38:40.336 TRACE 56553 --- [    Test worker] o.h.type.descriptor.sql.BasicExtractor   : extracted value ([id1_2_2_] : [BIGINT]) - [24]
2020-06-10 20:38:40.336 TRACE 56553 --- [    Test worker] o.h.type.descriptor.sql.BasicExtractor   : extracted value ([id1_5_0_] : [BIGINT]) - [34]
2020-06-10 20:38:40.336 TRACE 56553 --- [    Test worker] o.h.type.descriptor.sql.BasicExtractor   : extracted value ([id1_2_1_] : [BIGINT]) - [27]
2020-06-10 20:38:40.336 TRACE 56553 --- [    Test worker] o.h.type.descriptor.sql.BasicExtractor   : extracted value ([id1_2_2_] : [BIGINT]) - [26]
2020-06-10 20:38:40.336 TRACE 56553 --- [    Test worker] o.h.type.descriptor.sql.BasicExtractor   : extracted value ([id1_5_0_] : [BIGINT]) - [35]
2020-06-10 20:38:40.336 TRACE 56553 --- [    Test worker] o.h.type.descriptor.sql.BasicExtractor   : extracted value ([id1_2_1_] : [BIGINT]) - [29]
2020-06-10 20:38:40.336 TRACE 56553 --- [    Test worker] o.h.type.descriptor.sql.BasicExtractor   : extracted value ([id1_2_2_] : [BIGINT]) - [28]
Hibernate: 
    select
        organisaat0_.id as id1_5_0_,
        monikielin1_.id as id1_2_1_,
        monikielin2_.id as id1_2_2_,
        organisaat0_.version as version2_5_0_,
        organisaat0_.alkupvm as alkupvm3_5_0_,
        organisaat0_.domainnimi as domainni4_5_0_,
        organisaat0_.kotipaikka as kotipaik5_5_0_,
        organisaat0_.kuvaus_mkt as kuvaus_28_5_0_,
        organisaat0_.lakkautuspvm as lakkautu6_5_0_,
        organisaat0_.maa as maa7_5_0_,
        organisaat0_.metadata_id as metadat29_5_0_,
        organisaat0_.nimi_mkt as nimi_mk30_5_0_,
        organisaat0_.nimihaku as nimihaku8_5_0_,
        organisaat0_.oid as oid9_5_0_,
        organisaat0_.opetuspisteenjarjnro as opetusp10_5_0_,
        organisaat0_.oppilaitoskoodi as oppilai11_5_0_,
        organisaat0_.oppilaitos_tyyppi as oppilai12_5_0_,
        organisaat0_.organisaatio_poistettu as organis13_5_0_,
        organisaat0_.paivittaja as paivitt14_5_0_,
        organisaat0_.paivityspvm as paivity15_5_0_,
        organisaat0_.parentidpath as parenti16_5_0_,
        organisaat0_.parentoidpath as parento17_5_0_,
        organisaat0_.piilotettu as piilote18_5_0_,
        organisaat0_.tarkastus_pvm as tarkast19_5_0_,
        organisaat0_.toimipistekoodi as toimipi20_5_0_,
        organisaat0_.tuontipvm as tuontip21_5_0_,
        organisaat0_.varhaiskasvatuksen_toimipaikka_tiedot_id as varhais31_5_0_,
        organisaat0_.virastotunnus as virasto22_5_0_,
        organisaat0_.yhteishaunkoulukoodi as yhteish23_5_0_,
        organisaat0_.yritysmuoto as yritysm24_5_0_,
        organisaat0_.ytj_kieli as ytj_kie25_5_0_,
        organisaat0_.ytjpaivityspvm as ytjpaiv26_5_0_,
        organisaat0_.ytunnus as ytunnus27_5_0_,
        monikielin1_.version as version2_2_1_,
        monikielin2_.version as version2_2_2_ 
    from
        organisaatio organisaat0_ 
    inner join
        monikielinen_teksti monikielin1_ 
            on organisaat0_.nimi_mkt=monikielin1_.id 
    inner join
        monikielinen_teksti monikielin2_ 
            on organisaat0_.kuvaus_mkt=monikielin2_.id 
    where
        (
            organisaat0_.id in (
                select
                    organisaat3_.id 
                from
                    organisaatio organisaat3_ 
                inner join
                    organisaatio_tyypit tyypit4_ 
                        on organisaat3_.id=tyypit4_.organisaatio_id 
                where
                    tyypit4_.tyypit=?
            )
        ) 
        and organisaat0_.lakkautuspvm<?
2020-06-10 20:38:40.340 TRACE 56553 --- [    Test worker] o.h.type.descriptor.sql.BasicBinder      : binding parameter [1] as [VARCHAR] - [Ryhma]
2020-06-10 20:38:40.340 TRACE 56553 --- [    Test worker] o.h.type.descriptor.sql.BasicBinder      : binding parameter [2] as [DATE] - [2018-06-01]
2020-06-10 20:38:40.340 TRACE 56553 --- [    Test worker] o.h.type.descriptor.sql.BasicExtractor   : extracted value ([id1_5_0_] : [BIGINT]) - [35]
2020-06-10 20:38:40.340 TRACE 56553 --- [    Test worker] o.h.type.descriptor.sql.BasicExtractor   : extracted value ([id1_2_1_] : [BIGINT]) - [29]
2020-06-10 20:38:40.340 TRACE 56553 --- [    Test worker] o.h.type.descriptor.sql.BasicExtractor   : extracted value ([id1_2_2_] : [BIGINT]) - [28]
Hibernate: 
    select
        organisaat0_.id as id1_5_0_,
        monikielin1_.id as id1_2_1_,
        monikielin2_.id as id1_2_2_,
        organisaat0_.version as version2_5_0_,
        organisaat0_.alkupvm as alkupvm3_5_0_,
        organisaat0_.domainnimi as domainni4_5_0_,
        organisaat0_.kotipaikka as kotipaik5_5_0_,
        organisaat0_.kuvaus_mkt as kuvaus_28_5_0_,
        organisaat0_.lakkautuspvm as lakkautu6_5_0_,
        organisaat0_.maa as maa7_5_0_,
        organisaat0_.metadata_id as metadat29_5_0_,
        organisaat0_.nimi_mkt as nimi_mk30_5_0_,
        organisaat0_.nimihaku as nimihaku8_5_0_,
        organisaat0_.oid as oid9_5_0_,
        organisaat0_.opetuspisteenjarjnro as opetusp10_5_0_,
        organisaat0_.oppilaitoskoodi as oppilai11_5_0_,
        organisaat0_.oppilaitos_tyyppi as oppilai12_5_0_,
        organisaat0_.organisaatio_poistettu as organis13_5_0_,
        organisaat0_.paivittaja as paivitt14_5_0_,
        organisaat0_.paivityspvm as paivity15_5_0_,
        organisaat0_.parentidpath as parenti16_5_0_,
        organisaat0_.parentoidpath as parento17_5_0_,
        organisaat0_.piilotettu as piilote18_5_0_,
        organisaat0_.tarkastus_pvm as tarkast19_5_0_,
        organisaat0_.toimipistekoodi as toimipi20_5_0_,
        organisaat0_.tuontipvm as tuontip21_5_0_,
        organisaat0_.varhaiskasvatuksen_toimipaikka_tiedot_id as varhais31_5_0_,
        organisaat0_.virastotunnus as virasto22_5_0_,
        organisaat0_.yhteishaunkoulukoodi as yhteish23_5_0_,
        organisaat0_.yritysmuoto as yritysm24_5_0_,
        organisaat0_.ytj_kieli as ytj_kie25_5_0_,
        organisaat0_.ytjpaivityspvm as ytjpaiv26_5_0_,
        organisaat0_.ytunnus as ytunnus27_5_0_,
        monikielin1_.version as version2_2_1_,
        monikielin2_.version as version2_2_2_ 
    from
        organisaatio organisaat0_ 
    inner join
        monikielinen_teksti monikielin1_ 
            on organisaat0_.nimi_mkt=monikielin1_.id 
    inner join
        monikielinen_teksti monikielin2_ 
            on organisaat0_.kuvaus_mkt=monikielin2_.id 
    where
        (
            organisaat0_.id in (
                select
                    organisaat3_.id 
                from
                    organisaatio organisaat3_ 
                inner join
                    organisaatio_tyypit tyypit4_ 
                        on organisaat3_.id=tyypit4_.organisaatio_id 
                where
                    tyypit4_.tyypit=?
            )
        ) 
        and (
            organisaat0_.id in (
                select
                    organisaat5_.id 
                from
                    organisaatio organisaat5_ 
                inner join
                    organisaatio_ryhmatyypit ryhmatyypi6_ 
                        on organisaat5_.id=ryhmatyypi6_.organisaatio_id 
                where
                    ryhmatyypi6_.ryhmatyypit=?
            )
        )
2020-06-10 20:38:40.347 TRACE 56553 --- [    Test worker] o.h.type.descriptor.sql.BasicBinder      : binding parameter [1] as [VARCHAR] - [Ryhma]
2020-06-10 20:38:40.347 TRACE 56553 --- [    Test worker] o.h.type.descriptor.sql.BasicBinder      : binding parameter [2] as [VARCHAR] - [ryhmatyyppi1]
2020-06-10 20:38:40.347 TRACE 56553 --- [    Test worker] o.h.type.descriptor.sql.BasicExtractor   : extracted value ([id1_5_0_] : [BIGINT]) - [33]
2020-06-10 20:38:40.347 TRACE 56553 --- [    Test worker] o.h.type.descriptor.sql.BasicExtractor   : extracted value ([id1_2_1_] : [BIGINT]) - [25]
2020-06-10 20:38:40.347 TRACE 56553 --- [    Test worker] o.h.type.descriptor.sql.BasicExtractor   : extracted value ([id1_2_2_] : [BIGINT]) - [24]
2020-06-10 20:38:40.347 TRACE 56553 --- [    Test worker] o.h.type.descriptor.sql.BasicExtractor   : extracted value ([id1_5_0_] : [BIGINT]) - [35]
2020-06-10 20:38:40.348 TRACE 56553 --- [    Test worker] o.h.type.descriptor.sql.BasicExtractor   : extracted value ([id1_2_1_] : [BIGINT]) - [29]
2020-06-10 20:38:40.348 TRACE 56553 --- [    Test worker] o.h.type.descriptor.sql.BasicExtractor   : extracted value ([id1_2_2_] : [BIGINT]) - [28]
Hibernate: 
    select
        organisaat0_.id as id1_5_0_,
        monikielin1_.id as id1_2_1_,
        monikielin2_.id as id1_2_2_,
        organisaat0_.version as version2_5_0_,
        organisaat0_.alkupvm as alkupvm3_5_0_,
        organisaat0_.domainnimi as domainni4_5_0_,
        organisaat0_.kotipaikka as kotipaik5_5_0_,
        organisaat0_.kuvaus_mkt as kuvaus_28_5_0_,
        organisaat0_.lakkautuspvm as lakkautu6_5_0_,
        organisaat0_.maa as maa7_5_0_,
        organisaat0_.metadata_id as metadat29_5_0_,
        organisaat0_.nimi_mkt as nimi_mk30_5_0_,
        organisaat0_.nimihaku as nimihaku8_5_0_,
        organisaat0_.oid as oid9_5_0_,
        organisaat0_.opetuspisteenjarjnro as opetusp10_5_0_,
        organisaat0_.oppilaitoskoodi as oppilai11_5_0_,
        organisaat0_.oppilaitos_tyyppi as oppilai12_5_0_,
        organisaat0_.organisaatio_poistettu as organis13_5_0_,
        organisaat0_.paivittaja as paivitt14_5_0_,
        organisaat0_.paivityspvm as paivity15_5_0_,
        organisaat0_.parentidpath as parenti16_5_0_,
        organisaat0_.parentoidpath as parento17_5_0_,
        organisaat0_.piilotettu as piilote18_5_0_,
        organisaat0_.tarkastus_pvm as tarkast19_5_0_,
        organisaat0_.toimipistekoodi as toimipi20_5_0_,
        organisaat0_.tuontipvm as tuontip21_5_0_,
        organisaat0_.varhaiskasvatuksen_toimipaikka_tiedot_id as varhais31_5_0_,
        organisaat0_.virastotunnus as virasto22_5_0_,
        organisaat0_.yhteishaunkoulukoodi as yhteish23_5_0_,
        organisaat0_.yritysmuoto as yritysm24_5_0_,
        organisaat0_.ytj_kieli as ytj_kie25_5_0_,
        organisaat0_.ytjpaivityspvm as ytjpaiv26_5_0_,
        organisaat0_.ytunnus as ytunnus27_5_0_,
        monikielin1_.version as version2_2_1_,
        monikielin2_.version as version2_2_2_ 
    from
        organisaatio organisaat0_ 
    inner join
        monikielinen_teksti monikielin1_ 
            on organisaat0_.nimi_mkt=monikielin1_.id 
    inner join
        monikielinen_teksti monikielin2_ 
            on organisaat0_.kuvaus_mkt=monikielin2_.id 
    where
        (
            organisaat0_.id in (
                select
                    organisaat3_.id 
                from
                    organisaatio organisaat3_ 
                inner join
                    organisaatio_tyypit tyypit4_ 
                        on organisaat3_.id=tyypit4_.organisaatio_id 
                where
                    tyypit4_.tyypit=?
            )
        ) 
        and (
            organisaat0_.id in (
                select
                    organisaat5_.id 
                from
                    organisaatio organisaat5_ 
                inner join
                    organisaatio_ryhmatyypit ryhmatyypi6_ 
                        on organisaat5_.id=ryhmatyypi6_.organisaatio_id 
                where
                    ryhmatyypi6_.ryhmatyypit=?
            )
        )
2020-06-10 20:38:40.350 TRACE 56553 --- [    Test worker] o.h.type.descriptor.sql.BasicBinder      : binding parameter [1] as [VARCHAR] - [Ryhma]
2020-06-10 20:38:40.350 TRACE 56553 --- [    Test worker] o.h.type.descriptor.sql.BasicBinder      : binding parameter [2] as [VARCHAR] - [ryhmatyyppi2]
2020-06-10 20:38:40.350 TRACE 56553 --- [    Test worker] o.h.type.descriptor.sql.BasicExtractor   : extracted value ([id1_5_0_] : [BIGINT]) - [33]
2020-06-10 20:38:40.350 TRACE 56553 --- [    Test worker] o.h.type.descriptor.sql.BasicExtractor   : extracted value ([id1_2_1_] : [BIGINT]) - [25]
2020-06-10 20:38:40.350 TRACE 56553 --- [    Test worker] o.h.type.descriptor.sql.BasicExtractor   : extracted value ([id1_2_2_] : [BIGINT]) - [24]
2020-06-10 20:38:40.350 TRACE 56553 --- [    Test worker] o.h.type.descriptor.sql.BasicExtractor   : extracted value ([id1_5_0_] : [BIGINT]) - [34]
2020-06-10 20:38:40.350 TRACE 56553 --- [    Test worker] o.h.type.descriptor.sql.BasicExtractor   : extracted value ([id1_2_1_] : [BIGINT]) - [27]
2020-06-10 20:38:40.350 TRACE 56553 --- [    Test worker] o.h.type.descriptor.sql.BasicExtractor   : extracted value ([id1_2_2_] : [BIGINT]) - [26]
Hibernate: 
    select
        organisaat0_.id as id1_5_0_,
        monikielin1_.id as id1_2_1_,
        monikielin2_.id as id1_2_2_,
        organisaat0_.version as version2_5_0_,
        organisaat0_.alkupvm as alkupvm3_5_0_,
        organisaat0_.domainnimi as domainni4_5_0_,
        organisaat0_.kotipaikka as kotipaik5_5_0_,
        organisaat0_.kuvaus_mkt as kuvaus_28_5_0_,
        organisaat0_.lakkautuspvm as lakkautu6_5_0_,
        organisaat0_.maa as maa7_5_0_,
        organisaat0_.metadata_id as metadat29_5_0_,
        organisaat0_.nimi_mkt as nimi_mk30_5_0_,
        organisaat0_.nimihaku as nimihaku8_5_0_,
        organisaat0_.oid as oid9_5_0_,
        organisaat0_.opetuspisteenjarjnro as opetusp10_5_0_,
        organisaat0_.oppilaitoskoodi as oppilai11_5_0_,
        organisaat0_.oppilaitos_tyyppi as oppilai12_5_0_,
        organisaat0_.organisaatio_poistettu as organis13_5_0_,
        organisaat0_.paivittaja as paivitt14_5_0_,
        organisaat0_.paivityspvm as paivity15_5_0_,
        organisaat0_.parentidpath as parenti16_5_0_,
        organisaat0_.parentoidpath as parento17_5_0_,
        organisaat0_.piilotettu as piilote18_5_0_,
        organisaat0_.tarkastus_pvm as tarkast19_5_0_,
        organisaat0_.toimipistekoodi as toimipi20_5_0_,
        organisaat0_.tuontipvm as tuontip21_5_0_,
        organisaat0_.varhaiskasvatuksen_toimipaikka_tiedot_id as varhais31_5_0_,
        organisaat0_.virastotunnus as virasto22_5_0_,
        organisaat0_.yhteishaunkoulukoodi as yhteish23_5_0_,
        organisaat0_.yritysmuoto as yritysm24_5_0_,
        organisaat0_.ytj_kieli as ytj_kie25_5_0_,
        organisaat0_.ytjpaivityspvm as ytjpaiv26_5_0_,
        organisaat0_.ytunnus as ytunnus27_5_0_,
        monikielin1_.version as version2_2_1_,
        monikielin2_.version as version2_2_2_ 
    from
        organisaatio organisaat0_ 
    inner join
        monikielinen_teksti monikielin1_ 
            on organisaat0_.nimi_mkt=monikielin1_.id 
    inner join
        monikielinen_teksti monikielin2_ 
            on organisaat0_.kuvaus_mkt=monikielin2_.id 
    where
        (
            organisaat0_.id in (
                select
                    organisaat3_.id 
                from
                    organisaatio organisaat3_ 
                inner join
                    organisaatio_tyypit tyypit4_ 
                        on organisaat3_.id=tyypit4_.organisaatio_id 
                where
                    tyypit4_.tyypit=?
            )
        ) 
        and (
            organisaat0_.id in (
                select
                    organisaat5_.id 
                from
                    organisaatio organisaat5_ 
                inner join
                    organisaatio_kayttoryhmat kayttoryhm6_ 
                        on organisaat5_.id=kayttoryhm6_.organisaatio_id 
                where
                    kayttoryhm6_.kayttoryhmat=?
            )
        )
2020-06-10 20:38:40.363 TRACE 56553 --- [    Test worker] o.h.type.descriptor.sql.BasicBinder      : binding parameter [1] as [VARCHAR] - [Ryhma]
2020-06-10 20:38:40.363 TRACE 56553 --- [    Test worker] o.h.type.descriptor.sql.BasicBinder      : binding parameter [2] as [VARCHAR] - [kayttoryhma1]
2020-06-10 20:38:40.363 TRACE 56553 --- [    Test worker] o.h.type.descriptor.sql.BasicExtractor   : extracted value ([id1_5_0_] : [BIGINT]) - [33]
2020-06-10 20:38:40.363 TRACE 56553 --- [    Test worker] o.h.type.descriptor.sql.BasicExtractor   : extracted value ([id1_2_1_] : [BIGINT]) - [25]
2020-06-10 20:38:40.363 TRACE 56553 --- [    Test worker] o.h.type.descriptor.sql.BasicExtractor   : extracted value ([id1_2_2_] : [BIGINT]) - [24]
2020-06-10 20:38:40.363 TRACE 56553 --- [    Test worker] o.h.type.descriptor.sql.BasicExtractor   : extracted value ([id1_5_0_] : [BIGINT]) - [35]
2020-06-10 20:38:40.363 TRACE 56553 --- [    Test worker] o.h.type.descriptor.sql.BasicExtractor   : extracted value ([id1_2_1_] : [BIGINT]) - [29]
2020-06-10 20:38:40.364 TRACE 56553 --- [    Test worker] o.h.type.descriptor.sql.BasicExtractor   : extracted value ([id1_2_2_] : [BIGINT]) - [28]
Hibernate: 
    select
        organisaat0_.id as id1_5_0_,
        monikielin1_.id as id1_2_1_,
        monikielin2_.id as id1_2_2_,
        organisaat0_.version as version2_5_0_,
        organisaat0_.alkupvm as alkupvm3_5_0_,
        organisaat0_.domainnimi as domainni4_5_0_,
        organisaat0_.kotipaikka as kotipaik5_5_0_,
        organisaat0_.kuvaus_mkt as kuvaus_28_5_0_,
        organisaat0_.lakkautuspvm as lakkautu6_5_0_,
        organisaat0_.maa as maa7_5_0_,
        organisaat0_.metadata_id as metadat29_5_0_,
        organisaat0_.nimi_mkt as nimi_mk30_5_0_,
        organisaat0_.nimihaku as nimihaku8_5_0_,
        organisaat0_.oid as oid9_5_0_,
        organisaat0_.opetuspisteenjarjnro as opetusp10_5_0_,
        organisaat0_.oppilaitoskoodi as oppilai11_5_0_,
        organisaat0_.oppilaitos_tyyppi as oppilai12_5_0_,
        organisaat0_.organisaatio_poistettu as organis13_5_0_,
        organisaat0_.paivittaja as paivitt14_5_0_,
        organisaat0_.paivityspvm as paivity15_5_0_,
        organisaat0_.parentidpath as parenti16_5_0_,
        organisaat0_.parentoidpath as parento17_5_0_,
        organisaat0_.piilotettu as piilote18_5_0_,
        organisaat0_.tarkastus_pvm as tarkast19_5_0_,
        organisaat0_.toimipistekoodi as toimipi20_5_0_,
        organisaat0_.tuontipvm as tuontip21_5_0_,
        organisaat0_.varhaiskasvatuksen_toimipaikka_tiedot_id as varhais31_5_0_,
        organisaat0_.virastotunnus as virasto22_5_0_,
        organisaat0_.yhteishaunkoulukoodi as yhteish23_5_0_,
        organisaat0_.yritysmuoto as yritysm24_5_0_,
        organisaat0_.ytj_kieli as ytj_kie25_5_0_,
        organisaat0_.ytjpaivityspvm as ytjpaiv26_5_0_,
        organisaat0_.ytunnus as ytunnus27_5_0_,
        monikielin1_.version as version2_2_1_,
        monikielin2_.version as version2_2_2_ 
    from
        organisaatio organisaat0_ 
    inner join
        monikielinen_teksti monikielin1_ 
            on organisaat0_.nimi_mkt=monikielin1_.id 
    inner join
        monikielinen_teksti monikielin2_ 
            on organisaat0_.kuvaus_mkt=monikielin2_.id 
    where
        (
            organisaat0_.id in (
                select
                    organisaat3_.id 
                from
                    organisaatio organisaat3_ 
                inner join
                    organisaatio_tyypit tyypit4_ 
                        on organisaat3_.id=tyypit4_.organisaatio_id 
                where
                    tyypit4_.tyypit=?
            )
        ) 
        and (
            organisaat0_.id in (
                select
                    organisaat5_.id 
                from
                    organisaatio organisaat5_ 
                inner join
                    organisaatio_kayttoryhmat kayttoryhm6_ 
                        on organisaat5_.id=kayttoryhm6_.organisaatio_id 
                where
                    kayttoryhm6_.kayttoryhmat=?
            )
        )
2020-06-10 20:38:40.366 TRACE 56553 --- [    Test worker] o.h.type.descriptor.sql.BasicBinder      : binding parameter [1] as [VARCHAR] - [Ryhma]
2020-06-10 20:38:40.366 TRACE 56553 --- [    Test worker] o.h.type.descriptor.sql.BasicBinder      : binding parameter [2] as [VARCHAR] - [kayttoryhma2]
2020-06-10 20:38:40.366 TRACE 56553 --- [    Test worker] o.h.type.descriptor.sql.BasicExtractor   : extracted value ([id1_5_0_] : [BIGINT]) - [33]
2020-06-10 20:38:40.366 TRACE 56553 --- [    Test worker] o.h.type.descriptor.sql.BasicExtractor   : extracted value ([id1_2_1_] : [BIGINT]) - [25]
2020-06-10 20:38:40.366 TRACE 56553 --- [    Test worker] o.h.type.descriptor.sql.BasicExtractor   : extracted value ([id1_2_2_] : [BIGINT]) - [24]
2020-06-10 20:38:40.366 TRACE 56553 --- [    Test worker] o.h.type.descriptor.sql.BasicExtractor   : extracted value ([id1_5_0_] : [BIGINT]) - [34]
2020-06-10 20:38:40.366 TRACE 56553 --- [    Test worker] o.h.type.descriptor.sql.BasicExtractor   : extracted value ([id1_2_1_] : [BIGINT]) - [27]
2020-06-10 20:38:40.366 TRACE 56553 --- [    Test worker] o.h.type.descriptor.sql.BasicExtractor   : extracted value ([id1_2_2_] : [BIGINT]) - [26]
Hibernate: 
    select
        organisaat0_.id as id1_5_0_,
        monikielin1_.id as id1_2_1_,
        monikielin2_.id as id1_2_2_,
        organisaat0_.version as version2_5_0_,
        organisaat0_.alkupvm as alkupvm3_5_0_,
        organisaat0_.domainnimi as domainni4_5_0_,
        organisaat0_.kotipaikka as kotipaik5_5_0_,
        organisaat0_.kuvaus_mkt as kuvaus_28_5_0_,
        organisaat0_.lakkautuspvm as lakkautu6_5_0_,
        organisaat0_.maa as maa7_5_0_,
        organisaat0_.metadata_id as metadat29_5_0_,
        organisaat0_.nimi_mkt as nimi_mk30_5_0_,
        organisaat0_.nimihaku as nimihaku8_5_0_,
        organisaat0_.oid as oid9_5_0_,
        organisaat0_.opetuspisteenjarjnro as opetusp10_5_0_,
        organisaat0_.oppilaitoskoodi as oppilai11_5_0_,
        organisaat0_.oppilaitos_tyyppi as oppilai12_5_0_,
        organisaat0_.organisaatio_poistettu as organis13_5_0_,
        organisaat0_.paivittaja as paivitt14_5_0_,
        organisaat0_.paivityspvm as paivity15_5_0_,
        organisaat0_.parentidpath as parenti16_5_0_,
        organisaat0_.parentoidpath as parento17_5_0_,
        organisaat0_.piilotettu as piilote18_5_0_,
        organisaat0_.tarkastus_pvm as tarkast19_5_0_,
        organisaat0_.toimipistekoodi as toimipi20_5_0_,
        organisaat0_.tuontipvm as tuontip21_5_0_,
        organisaat0_.varhaiskasvatuksen_toimipaikka_tiedot_id as varhais31_5_0_,
        organisaat0_.virastotunnus as virasto22_5_0_,
        organisaat0_.yhteishaunkoulukoodi as yhteish23_5_0_,
        organisaat0_.yritysmuoto as yritysm24_5_0_,
        organisaat0_.ytj_kieli as ytj_kie25_5_0_,
        organisaat0_.ytjpaivityspvm as ytjpaiv26_5_0_,
        organisaat0_.ytunnus as ytunnus27_5_0_,
        monikielin1_.version as version2_2_1_,
        monikielin2_.version as version2_2_2_ 
    from
        organisaatio organisaat0_ 
    inner join
        monikielinen_teksti monikielin1_ 
            on organisaat0_.nimi_mkt=monikielin1_.id 
    inner join
        monikielinen_teksti monikielin2_ 
            on organisaat0_.kuvaus_mkt=monikielin2_.id 
    where
        (
            organisaat0_.id in (
                select
                    organisaat3_.id 
                from
                    organisaatio organisaat3_ 
                inner join
                    organisaatio_tyypit tyypit4_ 
                        on organisaat3_.id=tyypit4_.organisaatio_id 
                where
                    tyypit4_.tyypit=?
            )
        ) 
        and organisaat0_.parentoidpath=?
2020-06-10 20:38:40.371 TRACE 56553 --- [    Test worker] o.h.type.descriptor.sql.BasicBinder      : binding parameter [1] as [VARCHAR] - [Ryhma]
2020-06-10 20:38:40.371 TRACE 56553 --- [    Test worker] o.h.type.descriptor.sql.BasicBinder      : binding parameter [2] as [VARCHAR] - [|4437113781045784766|]
2020-06-10 20:38:40.372 TRACE 56553 --- [    Test worker] o.h.type.descriptor.sql.BasicExtractor   : extracted value ([id1_5_0_] : [BIGINT]) - [35]
2020-06-10 20:38:40.372 TRACE 56553 --- [    Test worker] o.h.type.descriptor.sql.BasicExtractor   : extracted value ([id1_2_1_] : [BIGINT]) - [29]
2020-06-10 20:38:40.372 TRACE 56553 --- [    Test worker] o.h.type.descriptor.sql.BasicExtractor   : extracted value ([id1_2_2_] : [BIGINT]) - [28]
Hibernate: 
    select
        organisaat0_.id as id1_5_0_,
        monikielin1_.id as id1_2_1_,
        monikielin2_.id as id1_2_2_,
        organisaat0_.version as version2_5_0_,
        organisaat0_.alkupvm as alkupvm3_5_0_,
        organisaat0_.domainnimi as domainni4_5_0_,
        organisaat0_.kotipaikka as kotipaik5_5_0_,
        organisaat0_.kuvaus_mkt as kuvaus_28_5_0_,
        organisaat0_.lakkautuspvm as lakkautu6_5_0_,
        organisaat0_.maa as maa7_5_0_,
        organisaat0_.metadata_id as metadat29_5_0_,
        organisaat0_.nimi_mkt as nimi_mk30_5_0_,
        organisaat0_.nimihaku as nimihaku8_5_0_,
        organisaat0_.oid as oid9_5_0_,
        organisaat0_.opetuspisteenjarjnro as opetusp10_5_0_,
        organisaat0_.oppilaitoskoodi as oppilai11_5_0_,
        organisaat0_.oppilaitos_tyyppi as oppilai12_5_0_,
        organisaat0_.organisaatio_poistettu as organis13_5_0_,
        organisaat0_.paivittaja as paivitt14_5_0_,
        organisaat0_.paivityspvm as paivity15_5_0_,
        organisaat0_.parentidpath as parenti16_5_0_,
        organisaat0_.parentoidpath as parento17_5_0_,
        organisaat0_.piilotettu as piilote18_5_0_,
        organisaat0_.tarkastus_pvm as tarkast19_5_0_,
        organisaat0_.toimipistekoodi as toimipi20_5_0_,
        organisaat0_.tuontipvm as tuontip21_5_0_,
        organisaat0_.varhaiskasvatuksen_toimipaikka_tiedot_id as varhais31_5_0_,
        organisaat0_.virastotunnus as virasto22_5_0_,
        organisaat0_.yhteishaunkoulukoodi as yhteish23_5_0_,
        organisaat0_.yritysmuoto as yritysm24_5_0_,
        organisaat0_.ytj_kieli as ytj_kie25_5_0_,
        organisaat0_.ytjpaivityspvm as ytjpaiv26_5_0_,
        organisaat0_.ytunnus as ytunnus27_5_0_,
        monikielin1_.version as version2_2_1_,
        monikielin2_.version as version2_2_2_ 
    from
        organisaatio organisaat0_ 
    inner join
        monikielinen_teksti monikielin1_ 
            on organisaat0_.nimi_mkt=monikielin1_.id 
    inner join
        monikielinen_teksti monikielin2_ 
            on organisaat0_.kuvaus_mkt=monikielin2_.id 
    where
        (
            organisaat0_.id in (
                select
                    organisaat3_.id 
                from
                    organisaatio organisaat3_ 
                inner join
                    organisaatio_tyypit tyypit4_ 
                        on organisaat3_.id=tyypit4_.organisaatio_id 
                where
                    tyypit4_.tyypit=?
            )
        ) 
        and organisaat0_.organisaatio_poistettu=?
2020-06-10 20:38:40.377 TRACE 56553 --- [    Test worker] o.h.type.descriptor.sql.BasicBinder      : binding parameter [1] as [VARCHAR] - [Ryhma]
2020-06-10 20:38:40.377 TRACE 56553 --- [    Test worker] o.h.type.descriptor.sql.BasicBinder      : binding parameter [2] as [BOOLEAN] - [true]
2020-06-10 20:38:40.377 TRACE 56553 --- [    Test worker] o.h.type.descriptor.sql.BasicExtractor   : extracted value ([id1_5_0_] : [BIGINT]) - [34]
2020-06-10 20:38:40.377 TRACE 56553 --- [    Test worker] o.h.type.descriptor.sql.BasicExtractor   : extracted value ([id1_2_1_] : [BIGINT]) - [27]
2020-06-10 20:38:40.377 TRACE 56553 --- [    Test worker] o.h.type.descriptor.sql.BasicExtractor   : extracted value ([id1_2_2_] : [BIGINT]) - [26]
Hibernate: 
    select
        organisaat0_.id as id1_5_0_,
        monikielin1_.id as id1_2_1_,
        monikielin2_.id as id1_2_2_,
        organisaat0_.version as version2_5_0_,
        organisaat0_.alkupvm as alkupvm3_5_0_,
        organisaat0_.domainnimi as domainni4_5_0_,
        organisaat0_.kotipaikka as kotipaik5_5_0_,
        organisaat0_.kuvaus_mkt as kuvaus_28_5_0_,
        organisaat0_.lakkautuspvm as lakkautu6_5_0_,
        organisaat0_.maa as maa7_5_0_,
        organisaat0_.metadata_id as metadat29_5_0_,
        organisaat0_.nimi_mkt as nimi_mk30_5_0_,
        organisaat0_.nimihaku as nimihaku8_5_0_,
        organisaat0_.oid as oid9_5_0_,
        organisaat0_.opetuspisteenjarjnro as opetusp10_5_0_,
        organisaat0_.oppilaitoskoodi as oppilai11_5_0_,
        organisaat0_.oppilaitos_tyyppi as oppilai12_5_0_,
        organisaat0_.organisaatio_poistettu as organis13_5_0_,
        organisaat0_.paivittaja as paivitt14_5_0_,
        organisaat0_.paivityspvm as paivity15_5_0_,
        organisaat0_.parentidpath as parenti16_5_0_,
        organisaat0_.parentoidpath as parento17_5_0_,
        organisaat0_.piilotettu as piilote18_5_0_,
        organisaat0_.tarkastus_pvm as tarkast19_5_0_,
        organisaat0_.toimipistekoodi as toimipi20_5_0_,
        organisaat0_.tuontipvm as tuontip21_5_0_,
        organisaat0_.varhaiskasvatuksen_toimipaikka_tiedot_id as varhais31_5_0_,
        organisaat0_.virastotunnus as virasto22_5_0_,
        organisaat0_.yhteishaunkoulukoodi as yhteish23_5_0_,
        organisaat0_.yritysmuoto as yritysm24_5_0_,
        organisaat0_.ytj_kieli as ytj_kie25_5_0_,
        organisaat0_.ytjpaivityspvm as ytjpaiv26_5_0_,
        organisaat0_.ytunnus as ytunnus27_5_0_,
        monikielin1_.version as version2_2_1_,
        monikielin2_.version as version2_2_2_ 
    from
        organisaatio organisaat0_ 
    inner join
        monikielinen_teksti monikielin1_ 
            on organisaat0_.nimi_mkt=monikielin1_.id 
    inner join
        monikielinen_teksti monikielin2_ 
            on organisaat0_.kuvaus_mkt=monikielin2_.id 
    where
        (
            organisaat0_.id in (
                select
                    organisaat3_.id 
                from
                    organisaatio organisaat3_ 
                inner join
                    organisaatio_tyypit tyypit4_ 
                        on organisaat3_.id=tyypit4_.organisaatio_id 
                where
                    tyypit4_.tyypit=?
            )
        ) 
        and organisaat0_.organisaatio_poistettu=?
2020-06-10 20:38:40.380 TRACE 56553 --- [    Test worker] o.h.type.descriptor.sql.BasicBinder      : binding parameter [1] as [VARCHAR] - [Ryhma]
2020-06-10 20:38:40.380 TRACE 56553 --- [    Test worker] o.h.type.descriptor.sql.BasicBinder      : binding parameter [2] as [BOOLEAN] - [false]
2020-06-10 20:38:40.380 TRACE 56553 --- [    Test worker] o.h.type.descriptor.sql.BasicExtractor   : extracted value ([id1_5_0_] : [BIGINT]) - [33]
2020-06-10 20:38:40.380 TRACE 56553 --- [    Test worker] o.h.type.descriptor.sql.BasicExtractor   : extracted value ([id1_2_1_] : [BIGINT]) - [25]
2020-06-10 20:38:40.380 TRACE 56553 --- [    Test worker] o.h.type.descriptor.sql.BasicExtractor   : extracted value ([id1_2_2_] : [BIGINT]) - [24]
2020-06-10 20:38:40.380 TRACE 56553 --- [    Test worker] o.h.type.descriptor.sql.BasicExtractor   : extracted value ([id1_5_0_] : [BIGINT]) - [35]
2020-06-10 20:38:40.380 TRACE 56553 --- [    Test worker] o.h.type.descriptor.sql.BasicExtractor   : extracted value ([id1_2_1_] : [BIGINT]) - [29]
2020-06-10 20:38:40.380 TRACE 56553 --- [    Test worker] o.h.type.descriptor.sql.BasicExtractor   : extracted value ([id1_2_2_] : [BIGINT]) - [28]
Hibernate: 
    select
        organisaat0_.id as id1_5_0_,
        monikielin1_.id as id1_2_1_,
        monikielin2_.id as id1_2_2_,
        organisaat0_.version as version2_5_0_,
        organisaat0_.alkupvm as alkupvm3_5_0_,
        organisaat0_.domainnimi as domainni4_5_0_,
        organisaat0_.kotipaikka as kotipaik5_5_0_,
        organisaat0_.kuvaus_mkt as kuvaus_28_5_0_,
        organisaat0_.lakkautuspvm as lakkautu6_5_0_,
        organisaat0_.maa as maa7_5_0_,
        organisaat0_.metadata_id as metadat29_5_0_,
        organisaat0_.nimi_mkt as nimi_mk30_5_0_,
        organisaat0_.nimihaku as nimihaku8_5_0_,
        organisaat0_.oid as oid9_5_0_,
        organisaat0_.opetuspisteenjarjnro as opetusp10_5_0_,
        organisaat0_.oppilaitoskoodi as oppilai11_5_0_,
        organisaat0_.oppilaitos_tyyppi as oppilai12_5_0_,
        organisaat0_.organisaatio_poistettu as organis13_5_0_,
        organisaat0_.paivittaja as paivitt14_5_0_,
        organisaat0_.paivityspvm as paivity15_5_0_,
        organisaat0_.parentidpath as parenti16_5_0_,
        organisaat0_.parentoidpath as parento17_5_0_,
        organisaat0_.piilotettu as piilote18_5_0_,
        organisaat0_.tarkastus_pvm as tarkast19_5_0_,
        organisaat0_.toimipistekoodi as toimipi20_5_0_,
        organisaat0_.tuontipvm as tuontip21_5_0_,
        organisaat0_.varhaiskasvatuksen_toimipaikka_tiedot_id as varhais31_5_0_,
        organisaat0_.virastotunnus as virasto22_5_0_,
        organisaat0_.yhteishaunkoulukoodi as yhteish23_5_0_,
        organisaat0_.yritysmuoto as yritysm24_5_0_,
        organisaat0_.ytj_kieli as ytj_kie25_5_0_,
        organisaat0_.ytjpaivityspvm as ytjpaiv26_5_0_,
        organisaat0_.ytunnus as ytunnus27_5_0_,
        monikielin1_.version as version2_2_1_,
        monikielin2_.version as version2_2_2_ 
    from
        organisaatio organisaat0_ 
    inner join
        monikielinen_teksti monikielin1_ 
            on organisaat0_.nimi_mkt=monikielin1_.id 
    inner join
        monikielinen_teksti monikielin2_ 
            on organisaat0_.kuvaus_mkt=monikielin2_.id 
    where
        (
            organisaat0_.id in (
                select
                    organisaat3_.id 
                from
                    organisaatio organisaat3_ 
                inner join
                    organisaatio_tyypit tyypit4_ 
                        on organisaat3_.id=tyypit4_.organisaatio_id 
                where
                    tyypit4_.tyypit=?
            )
        ) 
        and (
            monikielin1_.id in (
                select
                    monikielin5_.id 
                from
                    monikielinen_teksti monikielin5_ 
                inner join
                    monikielinen_teksti_values values6_ 
                        on monikielin5_.id=values6_.id 
                where
                    lower(values6_.value) like ? escape '!'
            ) 
            or organisaat0_.oid=?
        ) 
        and (
            organisaat0_.lakkautuspvm is null 
            or organisaat0_.lakkautuspvm>=?
        ) 
        and (
            organisaat0_.id in (
                select
                    organisaat7_.id 
                from
                    organisaatio organisaat7_ 
                inner join
                    organisaatio_ryhmatyypit ryhmatyypi8_ 
                        on organisaat7_.id=ryhmatyypi8_.organisaatio_id 
                where
                    ryhmatyypi8_.ryhmatyypit=?
            )
        ) 
        and (
            organisaat0_.id in (
                select
                    organisaat9_.id 
                from
                    organisaatio organisaat9_ 
                inner join
                    organisaatio_kayttoryhmat kayttoryhm10_ 
                        on organisaat9_.id=kayttoryhm10_.organisaatio_id 
                where
                    kayttoryhm10_.kayttoryhmat=?
            )
        ) 
        and organisaat0_.parentoidpath=? 
        and organisaat0_.organisaatio_poistettu=?
2020-06-10 20:38:40.392 TRACE 56553 --- [    Test worker] o.h.type.descriptor.sql.BasicBinder      : binding parameter [1] as [VARCHAR] - [Ryhma]
2020-06-10 20:38:40.392 TRACE 56553 --- [    Test worker] o.h.type.descriptor.sql.BasicBinder      : binding parameter [2] as [VARCHAR] - [%ryhma%]
2020-06-10 20:38:40.392 TRACE 56553 --- [    Test worker] o.h.type.descriptor.sql.BasicBinder      : binding parameter [3] as [VARCHAR] - [ryhma]
2020-06-10 20:38:40.392 TRACE 56553 --- [    Test worker] o.h.type.descriptor.sql.BasicBinder      : binding parameter [4] as [DATE] - [2018-06-01]
2020-06-10 20:38:40.392 TRACE 56553 --- [    Test worker] o.h.type.descriptor.sql.BasicBinder      : binding parameter [5] as [VARCHAR] - [ryhmatyyppi1]
2020-06-10 20:38:40.392 TRACE 56553 --- [    Test worker] o.h.type.descriptor.sql.BasicBinder      : binding parameter [6] as [VARCHAR] - [kayttoryhma1]
2020-06-10 20:38:40.392 TRACE 56553 --- [    Test worker] o.h.type.descriptor.sql.BasicBinder      : binding parameter [7] as [VARCHAR] - [|-4962768465676381896|]
2020-06-10 20:38:40.393 TRACE 56553 --- [    Test worker] o.h.type.descriptor.sql.BasicBinder      : binding parameter [8] as [BOOLEAN] - [false]
2020-06-10 20:38:40.394 TRACE 56553 --- [    Test worker] o.h.type.descriptor.sql.BasicExtractor   : extracted value ([id1_5_0_] : [BIGINT]) - [33]
2020-06-10 20:38:40.394 TRACE 56553 --- [    Test worker] o.h.type.descriptor.sql.BasicExtractor   : extracted value ([id1_2_1_] : [BIGINT]) - [25]
2020-06-10 20:38:40.394 TRACE 56553 --- [    Test worker] o.h.type.descriptor.sql.BasicExtractor   : extracted value ([id1_2_2_] : [BIGINT]) - [24]
2020-06-10 20:38:40.396  INFO 56553 --- [    Test worker] o.s.t.c.transaction.TransactionContext   : Rolled back transaction for test: [DefaultTestContext@6d49fbd0 testClass = OrganisaatioRepositoryImplTest, testInstance = fi.vm.sade.organisaatio.repository.OrganisaatioRepositoryImplTest@2bf5a198, testMethod = findGroupsTest@OrganisaatioRepositoryImplTest, testException = [null], mergedContextConfiguration = [WebMergedContextConfiguration@6b2d0172 testClass = OrganisaatioRepositoryImplTest, locations = '{}', classes = '{class fi.vm.sade.organisaatio.OrganisaatioApplication}', contextInitializerClasses = '[]', activeProfiles = '{}', propertySourceLocations = '{}', propertySourceProperties = '{org.springframework.boot.test.context.SpringBootTestContextBootstrapper=true}', contextCustomizers = set[org.springframework.boot.test.autoconfigure.properties.PropertyMappingContextCustomizer@83020a4e, org.springframework.boot.test.autoconfigure.web.servlet.WebDriverContextCustomizerFactory$Customizer@5e540114, [ImportsContextCustomizer@1cb00945 key = [org.springframework.boot.test.autoconfigure.jdbc.TestDatabaseAutoConfiguration, org.springframework.boot.autoconfigure.jdbc.DataSourceAutoConfiguration]], org.springframework.boot.test.context.filter.ExcludeFilterContextCustomizer@41cdf26a, org.springframework.boot.test.json.DuplicateJsonObjectContextCustomizerFactory$DuplicateJsonObjectContextCustomizer@1e95fe99, org.springframework.boot.test.mock.mockito.MockitoContextCustomizer@0, org.springframework.boot.test.web.client.TestRestTemplateContextCustomizer@6d8bcece, org.springframework.boot.test.context.SpringBootTestArgs@1], resourceBasePath = 'src/main/webapp', contextLoader = 'org.springframework.boot.test.context.SpringBootContextLoader', parent = [null]], attributes = map['org.springframework.test.context.web.ServletTestExecutionListener.activateListener' -> true, 'org.springframework.test.context.web.ServletTestExecutionListener.populatedRequestContextHolder' -> true, 'org.springframework.test.context.web.ServletTestExecutionListener.resetRequestContextHolder' -> true]]
2020-06-10 20:38:40.398  INFO 56553 --- [    Test worker] o.s.t.c.transaction.TransactionContext   : Began transaction (1) for test context [DefaultTestContext@6d49fbd0 testClass = OrganisaatioRepositoryImplTest, testInstance = fi.vm.sade.organisaatio.repository.OrganisaatioRepositoryImplTest@51ad34d2, testMethod = findModifedSinceLimitsByModificationTime@OrganisaatioRepositoryImplTest, testException = [null], mergedContextConfiguration = [WebMergedContextConfiguration@6b2d0172 testClass = OrganisaatioRepositoryImplTest, locations = '{}', classes = '{class fi.vm.sade.organisaatio.OrganisaatioApplication}', contextInitializerClasses = '[]', activeProfiles = '{}', propertySourceLocations = '{}', propertySourceProperties = '{org.springframework.boot.test.context.SpringBootTestContextBootstrapper=true}', contextCustomizers = set[org.springframework.boot.test.autoconfigure.properties.PropertyMappingContextCustomizer@83020a4e, org.springframework.boot.test.autoconfigure.web.servlet.WebDriverContextCustomizerFactory$Customizer@5e540114, [ImportsContextCustomizer@1cb00945 key = [org.springframework.boot.test.autoconfigure.jdbc.TestDatabaseAutoConfiguration, org.springframework.boot.autoconfigure.jdbc.DataSourceAutoConfiguration]], org.springframework.boot.test.context.filter.ExcludeFilterContextCustomizer@41cdf26a, org.springframework.boot.test.json.DuplicateJsonObjectContextCustomizerFactory$DuplicateJsonObjectContextCustomizer@1e95fe99, org.springframework.boot.test.mock.mockito.MockitoContextCustomizer@0, org.springframework.boot.test.web.client.TestRestTemplateContextCustomizer@6d8bcece, org.springframework.boot.test.context.SpringBootTestArgs@1], resourceBasePath = 'src/main/webapp', contextLoader = 'org.springframework.boot.test.context.SpringBootContextLoader', parent = [null]], attributes = map['org.springframework.test.context.web.ServletTestExecutionListener.activateListener' -> true, 'org.springframework.test.context.web.ServletTestExecutionListener.populatedRequestContextHolder' -> true, 'org.springframework.test.context.web.ServletTestExecutionListener.resetRequestContextHolder' -> true]]; transaction manager [org.springframework.orm.jpa.JpaTransactionManager@20031d49]; rollback [true]
2020-06-10 20:38:40.399  INFO 56553 --- [    Test worker] f.v.s.o.r.OrganisaatioRepositoryImplTest : createOrganisaatio(A)
Hibernate: 
    insert 
    into
        monikielinen_teksti
        (id, version) 
    values
        (null, ?)
2020-06-10 20:38:40.400 TRACE 56553 --- [    Test worker] o.h.type.descriptor.sql.BasicBinder      : binding parameter [1] as [BIGINT] - [0]
Hibernate: 
    insert 
    into
        organisaatio
        (id, version, alkupvm, domainnimi, kotipaikka, kuvaus_mkt, lakkautuspvm, maa, metadata_id, nimi_mkt, nimihaku, oid, opetuspisteenjarjnro, oppilaitoskoodi, oppilaitos_tyyppi, organisaatio_poistettu, paivittaja, paivityspvm, parentidpath, parentoidpath, piilotettu, tarkastus_pvm, toimipistekoodi, tuontipvm, varhaiskasvatuksen_toimipaikka_tiedot_id, virastotunnus, yhteishaunkoulukoodi, yritysmuoto, ytj_kieli, ytjpaivityspvm, ytunnus) 
    values
        (null, ?, ?, ?, ?, ?, ?, ?, ?, ?, ?, ?, ?, ?, ?, ?, ?, ?, ?, ?, ?, ?, ?, ?, ?, ?, ?, ?, ?, ?, ?)
2020-06-10 20:38:40.401 TRACE 56553 --- [    Test worker] o.h.type.descriptor.sql.BasicBinder      : binding parameter [1] as [BIGINT] - [0]
2020-06-10 20:38:40.401 TRACE 56553 --- [    Test worker] o.h.type.descriptor.sql.BasicBinder      : binding parameter [2] as [DATE] - [null]
2020-06-10 20:38:40.401 TRACE 56553 --- [    Test worker] o.h.type.descriptor.sql.BasicBinder      : binding parameter [3] as [VARCHAR] - [null]
2020-06-10 20:38:40.401 TRACE 56553 --- [    Test worker] o.h.type.descriptor.sql.BasicBinder      : binding parameter [4] as [VARCHAR] - [null]
2020-06-10 20:38:40.402 TRACE 56553 --- [    Test worker] o.h.type.descriptor.sql.BasicBinder      : binding parameter [5] as [BIGINT] - [null]
2020-06-10 20:38:40.402 TRACE 56553 --- [    Test worker] o.h.type.descriptor.sql.BasicBinder      : binding parameter [6] as [DATE] - [null]
2020-06-10 20:38:40.402 TRACE 56553 --- [    Test worker] o.h.type.descriptor.sql.BasicBinder      : binding parameter [7] as [VARCHAR] - [null]
2020-06-10 20:38:40.402 TRACE 56553 --- [    Test worker] o.h.type.descriptor.sql.BasicBinder      : binding parameter [8] as [BIGINT] - [null]
2020-06-10 20:38:40.402 TRACE 56553 --- [    Test worker] o.h.type.descriptor.sql.BasicBinder      : binding parameter [9] as [BIGINT] - [30]
2020-06-10 20:38:40.402 TRACE 56553 --- [    Test worker] o.h.type.descriptor.sql.BasicBinder      : binding parameter [10] as [VARCHAR] - [null]
2020-06-10 20:38:40.402 TRACE 56553 --- [    Test worker] o.h.type.descriptor.sql.BasicBinder      : binding parameter [11] as [VARCHAR] - [-4962768465676381896]
2020-06-10 20:38:40.402 TRACE 56553 --- [    Test worker] o.h.type.descriptor.sql.BasicBinder      : binding parameter [12] as [VARCHAR] - [null]
2020-06-10 20:38:40.402 TRACE 56553 --- [    Test worker] o.h.type.descriptor.sql.BasicBinder      : binding parameter [13] as [VARCHAR] - [null]
2020-06-10 20:38:40.402 TRACE 56553 --- [    Test worker] o.h.type.descriptor.sql.BasicBinder      : binding parameter [14] as [VARCHAR] - [null]
2020-06-10 20:38:40.402 TRACE 56553 --- [    Test worker] o.h.type.descriptor.sql.BasicBinder      : binding parameter [15] as [BOOLEAN] - [false]
2020-06-10 20:38:40.402 TRACE 56553 --- [    Test worker] o.h.type.descriptor.sql.BasicBinder      : binding parameter [16] as [VARCHAR] - [null]
2020-06-10 20:38:40.402 TRACE 56553 --- [    Test worker] o.h.type.descriptor.sql.BasicBinder      : binding parameter [17] as [TIMESTAMP] - [null]
2020-06-10 20:38:40.402 TRACE 56553 --- [    Test worker] o.h.type.descriptor.sql.BasicBinder      : binding parameter [18] as [VARCHAR] - [null]
2020-06-10 20:38:40.402 TRACE 56553 --- [    Test worker] o.h.type.descriptor.sql.BasicBinder      : binding parameter [19] as [VARCHAR] - [null]
2020-06-10 20:38:40.402 TRACE 56553 --- [    Test worker] o.h.type.descriptor.sql.BasicBinder      : binding parameter [20] as [BOOLEAN] - [false]
2020-06-10 20:38:40.402 TRACE 56553 --- [    Test worker] o.h.type.descriptor.sql.BasicBinder      : binding parameter [21] as [TIMESTAMP] - [null]
2020-06-10 20:38:40.402 TRACE 56553 --- [    Test worker] o.h.type.descriptor.sql.BasicBinder      : binding parameter [22] as [VARCHAR] - [null]
2020-06-10 20:38:40.402 TRACE 56553 --- [    Test worker] o.h.type.descriptor.sql.BasicBinder      : binding parameter [23] as [TIMESTAMP] - [null]
2020-06-10 20:38:40.402 TRACE 56553 --- [    Test worker] o.h.type.descriptor.sql.BasicBinder      : binding parameter [24] as [BIGINT] - [null]
2020-06-10 20:38:40.402 TRACE 56553 --- [    Test worker] o.h.type.descriptor.sql.BasicBinder      : binding parameter [25] as [VARCHAR] - [null]
2020-06-10 20:38:40.402 TRACE 56553 --- [    Test worker] o.h.type.descriptor.sql.BasicBinder      : binding parameter [26] as [VARCHAR] - [null]
2020-06-10 20:38:40.402 TRACE 56553 --- [    Test worker] o.h.type.descriptor.sql.BasicBinder      : binding parameter [27] as [VARCHAR] - [null]
2020-06-10 20:38:40.402 TRACE 56553 --- [    Test worker] o.h.type.descriptor.sql.BasicBinder      : binding parameter [28] as [VARCHAR] - [null]
2020-06-10 20:38:40.403 TRACE 56553 --- [    Test worker] o.h.type.descriptor.sql.BasicBinder      : binding parameter [29] as [DATE] - [null]
2020-06-10 20:38:40.403 TRACE 56553 --- [    Test worker] o.h.type.descriptor.sql.BasicBinder      : binding parameter [30] as [VARCHAR] - [null]
Hibernate: 
    insert 
    into
        yhteystieto
        (id, version, kieli, organisaatio_id, yhteystieto_oid, coordinatetype, extrarivi, lat, lng, maa, osavaltio, osoite, osoite_tyyppi, postinumero, postitoimipaikka, ytjpaivityspvm, dtype) 
    values
        (null, ?, ?, ?, ?, ?, ?, ?, ?, ?, ?, ?, ?, ?, ?, ?, 'Osoite')
2020-06-10 20:38:40.404 TRACE 56553 --- [    Test worker] o.h.type.descriptor.sql.BasicBinder      : binding parameter [1] as [BIGINT] - [0]
2020-06-10 20:38:40.404 TRACE 56553 --- [    Test worker] o.h.type.descriptor.sql.BasicBinder      : binding parameter [2] as [VARCHAR] - [null]
2020-06-10 20:38:40.404 TRACE 56553 --- [    Test worker] o.h.type.descriptor.sql.BasicBinder      : binding parameter [3] as [BIGINT] - [null]
2020-06-10 20:38:40.404 TRACE 56553 --- [    Test worker] o.h.type.descriptor.sql.BasicBinder      : binding parameter [4] as [VARCHAR] - [c20b8965-0415-46a3-968f-458b18c3f23d]
2020-06-10 20:38:40.404 TRACE 56553 --- [    Test worker] o.h.type.descriptor.sql.BasicBinder      : binding parameter [5] as [VARCHAR] - [null]
2020-06-10 20:38:40.404 TRACE 56553 --- [    Test worker] o.h.type.descriptor.sql.BasicBinder      : binding parameter [6] as [VARCHAR] - [null]
2020-06-10 20:38:40.404 TRACE 56553 --- [    Test worker] o.h.type.descriptor.sql.BasicBinder      : binding parameter [7] as [DOUBLE] - [null]
2020-06-10 20:38:40.404 TRACE 56553 --- [    Test worker] o.h.type.descriptor.sql.BasicBinder      : binding parameter [8] as [DOUBLE] - [null]
2020-06-10 20:38:40.404 TRACE 56553 --- [    Test worker] o.h.type.descriptor.sql.BasicBinder      : binding parameter [9] as [VARCHAR] - [null]
2020-06-10 20:38:40.404 TRACE 56553 --- [    Test worker] o.h.type.descriptor.sql.BasicBinder      : binding parameter [10] as [VARCHAR] - [null]
2020-06-10 20:38:40.404 TRACE 56553 --- [    Test worker] o.h.type.descriptor.sql.BasicBinder      : binding parameter [11] as [VARCHAR] - [katu]
2020-06-10 20:38:40.404 TRACE 56553 --- [    Test worker] o.h.type.descriptor.sql.BasicBinder      : binding parameter [12] as [VARCHAR] - [kaynti]
2020-06-10 20:38:40.404 TRACE 56553 --- [    Test worker] o.h.type.descriptor.sql.BasicBinder      : binding parameter [13] as [VARCHAR] - [0000]
2020-06-10 20:38:40.404 TRACE 56553 --- [    Test worker] o.h.type.descriptor.sql.BasicBinder      : binding parameter [14] as [VARCHAR] - [Helsinki]
2020-06-10 20:38:40.404 TRACE 56553 --- [    Test worker] o.h.type.descriptor.sql.BasicBinder      : binding parameter [15] as [DATE] - [null]
2020-06-10 20:38:40.405  INFO 56553 --- [    Test worker] f.v.s.o.r.OrganisaatioRepositoryImplTest : createOrganisaatio(B)
Hibernate: 
    insert 
    into
        monikielinen_teksti
        (id, version) 
    values
        (null, ?)
2020-06-10 20:38:40.406 TRACE 56553 --- [    Test worker] o.h.type.descriptor.sql.BasicBinder      : binding parameter [1] as [BIGINT] - [0]
Hibernate: 
    insert 
    into
        organisaatio
        (id, version, alkupvm, domainnimi, kotipaikka, kuvaus_mkt, lakkautuspvm, maa, metadata_id, nimi_mkt, nimihaku, oid, opetuspisteenjarjnro, oppilaitoskoodi, oppilaitos_tyyppi, organisaatio_poistettu, paivittaja, paivityspvm, parentidpath, parentoidpath, piilotettu, tarkastus_pvm, toimipistekoodi, tuontipvm, varhaiskasvatuksen_toimipaikka_tiedot_id, virastotunnus, yhteishaunkoulukoodi, yritysmuoto, ytj_kieli, ytjpaivityspvm, ytunnus) 
    values
        (null, ?, ?, ?, ?, ?, ?, ?, ?, ?, ?, ?, ?, ?, ?, ?, ?, ?, ?, ?, ?, ?, ?, ?, ?, ?, ?, ?, ?, ?, ?)
2020-06-10 20:38:40.406 TRACE 56553 --- [    Test worker] o.h.type.descriptor.sql.BasicBinder      : binding parameter [1] as [BIGINT] - [0]
2020-06-10 20:38:40.406 TRACE 56553 --- [    Test worker] o.h.type.descriptor.sql.BasicBinder      : binding parameter [2] as [DATE] - [null]
2020-06-10 20:38:40.406 TRACE 56553 --- [    Test worker] o.h.type.descriptor.sql.BasicBinder      : binding parameter [3] as [VARCHAR] - [null]
2020-06-10 20:38:40.406 TRACE 56553 --- [    Test worker] o.h.type.descriptor.sql.BasicBinder      : binding parameter [4] as [VARCHAR] - [null]
2020-06-10 20:38:40.406 TRACE 56553 --- [    Test worker] o.h.type.descriptor.sql.BasicBinder      : binding parameter [5] as [BIGINT] - [null]
2020-06-10 20:38:40.406 TRACE 56553 --- [    Test worker] o.h.type.descriptor.sql.BasicBinder      : binding parameter [6] as [DATE] - [null]
2020-06-10 20:38:40.406 TRACE 56553 --- [    Test worker] o.h.type.descriptor.sql.BasicBinder      : binding parameter [7] as [VARCHAR] - [null]
2020-06-10 20:38:40.406 TRACE 56553 --- [    Test worker] o.h.type.descriptor.sql.BasicBinder      : binding parameter [8] as [BIGINT] - [null]
2020-06-10 20:38:40.406 TRACE 56553 --- [    Test worker] o.h.type.descriptor.sql.BasicBinder      : binding parameter [9] as [BIGINT] - [31]
2020-06-10 20:38:40.406 TRACE 56553 --- [    Test worker] o.h.type.descriptor.sql.BasicBinder      : binding parameter [10] as [VARCHAR] - [null]
2020-06-10 20:38:40.407 TRACE 56553 --- [    Test worker] o.h.type.descriptor.sql.BasicBinder      : binding parameter [11] as [VARCHAR] - [4437113781045784766]
2020-06-10 20:38:40.407 TRACE 56553 --- [    Test worker] o.h.type.descriptor.sql.BasicBinder      : binding parameter [12] as [VARCHAR] - [null]
2020-06-10 20:38:40.407 TRACE 56553 --- [    Test worker] o.h.type.descriptor.sql.BasicBinder      : binding parameter [13] as [VARCHAR] - [null]
2020-06-10 20:38:40.407 TRACE 56553 --- [    Test worker] o.h.type.descriptor.sql.BasicBinder      : binding parameter [14] as [VARCHAR] - [null]
2020-06-10 20:38:40.407 TRACE 56553 --- [    Test worker] o.h.type.descriptor.sql.BasicBinder      : binding parameter [15] as [BOOLEAN] - [false]
2020-06-10 20:38:40.407 TRACE 56553 --- [    Test worker] o.h.type.descriptor.sql.BasicBinder      : binding parameter [16] as [VARCHAR] - [null]
2020-06-10 20:38:40.407 TRACE 56553 --- [    Test worker] o.h.type.descriptor.sql.BasicBinder      : binding parameter [17] as [TIMESTAMP] - [null]
2020-06-10 20:38:40.407 TRACE 56553 --- [    Test worker] o.h.type.descriptor.sql.BasicBinder      : binding parameter [18] as [VARCHAR] - [null]
2020-06-10 20:38:40.407 TRACE 56553 --- [    Test worker] o.h.type.descriptor.sql.BasicBinder      : binding parameter [19] as [VARCHAR] - [null]
2020-06-10 20:38:40.407 TRACE 56553 --- [    Test worker] o.h.type.descriptor.sql.BasicBinder      : binding parameter [20] as [BOOLEAN] - [false]
2020-06-10 20:38:40.407 TRACE 56553 --- [    Test worker] o.h.type.descriptor.sql.BasicBinder      : binding parameter [21] as [TIMESTAMP] - [null]
2020-06-10 20:38:40.407 TRACE 56553 --- [    Test worker] o.h.type.descriptor.sql.BasicBinder      : binding parameter [22] as [VARCHAR] - [null]
2020-06-10 20:38:40.407 TRACE 56553 --- [    Test worker] o.h.type.descriptor.sql.BasicBinder      : binding parameter [23] as [TIMESTAMP] - [null]
2020-06-10 20:38:40.407 TRACE 56553 --- [    Test worker] o.h.type.descriptor.sql.BasicBinder      : binding parameter [24] as [BIGINT] - [null]
2020-06-10 20:38:40.407 TRACE 56553 --- [    Test worker] o.h.type.descriptor.sql.BasicBinder      : binding parameter [25] as [VARCHAR] - [null]
2020-06-10 20:38:40.407 TRACE 56553 --- [    Test worker] o.h.type.descriptor.sql.BasicBinder      : binding parameter [26] as [VARCHAR] - [null]
2020-06-10 20:38:40.407 TRACE 56553 --- [    Test worker] o.h.type.descriptor.sql.BasicBinder      : binding parameter [27] as [VARCHAR] - [null]
2020-06-10 20:38:40.407 TRACE 56553 --- [    Test worker] o.h.type.descriptor.sql.BasicBinder      : binding parameter [28] as [VARCHAR] - [null]
2020-06-10 20:38:40.407 TRACE 56553 --- [    Test worker] o.h.type.descriptor.sql.BasicBinder      : binding parameter [29] as [DATE] - [null]
2020-06-10 20:38:40.407 TRACE 56553 --- [    Test worker] o.h.type.descriptor.sql.BasicBinder      : binding parameter [30] as [VARCHAR] - [null]
Hibernate: 
    insert 
    into
        yhteystieto
        (id, version, kieli, organisaatio_id, yhteystieto_oid, coordinatetype, extrarivi, lat, lng, maa, osavaltio, osoite, osoite_tyyppi, postinumero, postitoimipaikka, ytjpaivityspvm, dtype) 
    values
        (null, ?, ?, ?, ?, ?, ?, ?, ?, ?, ?, ?, ?, ?, ?, ?, 'Osoite')
2020-06-10 20:38:40.409 TRACE 56553 --- [    Test worker] o.h.type.descriptor.sql.BasicBinder      : binding parameter [1] as [BIGINT] - [0]
2020-06-10 20:38:40.409 TRACE 56553 --- [    Test worker] o.h.type.descriptor.sql.BasicBinder      : binding parameter [2] as [VARCHAR] - [null]
2020-06-10 20:38:40.409 TRACE 56553 --- [    Test worker] o.h.type.descriptor.sql.BasicBinder      : binding parameter [3] as [BIGINT] - [null]
2020-06-10 20:38:40.409 TRACE 56553 --- [    Test worker] o.h.type.descriptor.sql.BasicBinder      : binding parameter [4] as [VARCHAR] - [c68407c2-2f68-430c-b7c4-477e31a16008]
2020-06-10 20:38:40.409 TRACE 56553 --- [    Test worker] o.h.type.descriptor.sql.BasicBinder      : binding parameter [5] as [VARCHAR] - [null]
2020-06-10 20:38:40.409 TRACE 56553 --- [    Test worker] o.h.type.descriptor.sql.BasicBinder      : binding parameter [6] as [VARCHAR] - [null]
2020-06-10 20:38:40.409 TRACE 56553 --- [    Test worker] o.h.type.descriptor.sql.BasicBinder      : binding parameter [7] as [DOUBLE] - [null]
2020-06-10 20:38:40.409 TRACE 56553 --- [    Test worker] o.h.type.descriptor.sql.BasicBinder      : binding parameter [8] as [DOUBLE] - [null]
2020-06-10 20:38:40.409 TRACE 56553 --- [    Test worker] o.h.type.descriptor.sql.BasicBinder      : binding parameter [9] as [VARCHAR] - [null]
2020-06-10 20:38:40.409 TRACE 56553 --- [    Test worker] o.h.type.descriptor.sql.BasicBinder      : binding parameter [10] as [VARCHAR] - [null]
2020-06-10 20:38:40.409 TRACE 56553 --- [    Test worker] o.h.type.descriptor.sql.BasicBinder      : binding parameter [11] as [VARCHAR] - [katu]
2020-06-10 20:38:40.409 TRACE 56553 --- [    Test worker] o.h.type.descriptor.sql.BasicBinder      : binding parameter [12] as [VARCHAR] - [kaynti]
2020-06-10 20:38:40.409 TRACE 56553 --- [    Test worker] o.h.type.descriptor.sql.BasicBinder      : binding parameter [13] as [VARCHAR] - [0000]
2020-06-10 20:38:40.409 TRACE 56553 --- [    Test worker] o.h.type.descriptor.sql.BasicBinder      : binding parameter [14] as [VARCHAR] - [Helsinki]
2020-06-10 20:38:40.409 TRACE 56553 --- [    Test worker] o.h.type.descriptor.sql.BasicBinder      : binding parameter [15] as [DATE] - [null]
Hibernate: 
    update
        organisaatio 
    set
        version=?,
        alkupvm=?,
        domainnimi=?,
        kotipaikka=?,
        kuvaus_mkt=?,
        lakkautuspvm=?,
        maa=?,
        metadata_id=?,
        nimi_mkt=?,
        nimihaku=?,
        oid=?,
        opetuspisteenjarjnro=?,
        oppilaitoskoodi=?,
        oppilaitos_tyyppi=?,
        organisaatio_poistettu=?,
        paivittaja=?,
        paivityspvm=?,
        parentidpath=?,
        parentoidpath=?,
        piilotettu=?,
        tarkastus_pvm=?,
        toimipistekoodi=?,
        tuontipvm=?,
        varhaiskasvatuksen_toimipaikka_tiedot_id=?,
        virastotunnus=?,
        yhteishaunkoulukoodi=?,
        yritysmuoto=?,
        ytj_kieli=?,
        ytjpaivityspvm=?,
        ytunnus=? 
    where
        id=? 
        and version=?
2020-06-10 20:38:40.416 TRACE 56553 --- [    Test worker] o.h.type.descriptor.sql.BasicBinder      : binding parameter [1] as [BIGINT] - [1]
2020-06-10 20:38:40.416 TRACE 56553 --- [    Test worker] o.h.type.descriptor.sql.BasicBinder      : binding parameter [2] as [DATE] - [null]
2020-06-10 20:38:40.416 TRACE 56553 --- [    Test worker] o.h.type.descriptor.sql.BasicBinder      : binding parameter [3] as [VARCHAR] - [null]
2020-06-10 20:38:40.416 TRACE 56553 --- [    Test worker] o.h.type.descriptor.sql.BasicBinder      : binding parameter [4] as [VARCHAR] - [null]
2020-06-10 20:38:40.416 TRACE 56553 --- [    Test worker] o.h.type.descriptor.sql.BasicBinder      : binding parameter [5] as [BIGINT] - [null]
2020-06-10 20:38:40.416 TRACE 56553 --- [    Test worker] o.h.type.descriptor.sql.BasicBinder      : binding parameter [6] as [DATE] - [null]
2020-06-10 20:38:40.416 TRACE 56553 --- [    Test worker] o.h.type.descriptor.sql.BasicBinder      : binding parameter [7] as [VARCHAR] - [null]
2020-06-10 20:38:40.416 TRACE 56553 --- [    Test worker] o.h.type.descriptor.sql.BasicBinder      : binding parameter [8] as [BIGINT] - [null]
2020-06-10 20:38:40.416 TRACE 56553 --- [    Test worker] o.h.type.descriptor.sql.BasicBinder      : binding parameter [9] as [BIGINT] - [30]
2020-06-10 20:38:40.416 TRACE 56553 --- [    Test worker] o.h.type.descriptor.sql.BasicBinder      : binding parameter [10] as [VARCHAR] - [null]
2020-06-10 20:38:40.416 TRACE 56553 --- [    Test worker] o.h.type.descriptor.sql.BasicBinder      : binding parameter [11] as [VARCHAR] - [-4962768465676381896]
2020-06-10 20:38:40.416 TRACE 56553 --- [    Test worker] o.h.type.descriptor.sql.BasicBinder      : binding parameter [12] as [VARCHAR] - [null]
2020-06-10 20:38:40.416 TRACE 56553 --- [    Test worker] o.h.type.descriptor.sql.BasicBinder      : binding parameter [13] as [VARCHAR] - [null]
2020-06-10 20:38:40.416 TRACE 56553 --- [    Test worker] o.h.type.descriptor.sql.BasicBinder      : binding parameter [14] as [VARCHAR] - [null]
2020-06-10 20:38:40.416 TRACE 56553 --- [    Test worker] o.h.type.descriptor.sql.BasicBinder      : binding parameter [15] as [BOOLEAN] - [false]
2020-06-10 20:38:40.416 TRACE 56553 --- [    Test worker] o.h.type.descriptor.sql.BasicBinder      : binding parameter [16] as [VARCHAR] - [null]
2020-06-10 20:38:40.416 TRACE 56553 --- [    Test worker] o.h.type.descriptor.sql.BasicBinder      : binding parameter [17] as [TIMESTAMP] - [Thu Jan 01 02:00:00 EET 1970]
2020-06-10 20:38:40.416 TRACE 56553 --- [    Test worker] o.h.type.descriptor.sql.BasicBinder      : binding parameter [18] as [VARCHAR] - [null]
2020-06-10 20:38:40.416 TRACE 56553 --- [    Test worker] o.h.type.descriptor.sql.BasicBinder      : binding parameter [19] as [VARCHAR] - [null]
2020-06-10 20:38:40.417 TRACE 56553 --- [    Test worker] o.h.type.descriptor.sql.BasicBinder      : binding parameter [20] as [BOOLEAN] - [false]
2020-06-10 20:38:40.417 TRACE 56553 --- [    Test worker] o.h.type.descriptor.sql.BasicBinder      : binding parameter [21] as [TIMESTAMP] - [null]
2020-06-10 20:38:40.417 TRACE 56553 --- [    Test worker] o.h.type.descriptor.sql.BasicBinder      : binding parameter [22] as [VARCHAR] - [null]
2020-06-10 20:38:40.417 TRACE 56553 --- [    Test worker] o.h.type.descriptor.sql.BasicBinder      : binding parameter [23] as [TIMESTAMP] - [null]
2020-06-10 20:38:40.417 TRACE 56553 --- [    Test worker] o.h.type.descriptor.sql.BasicBinder      : binding parameter [24] as [BIGINT] - [null]
2020-06-10 20:38:40.417 TRACE 56553 --- [    Test worker] o.h.type.descriptor.sql.BasicBinder      : binding parameter [25] as [VARCHAR] - [null]
2020-06-10 20:38:40.417 TRACE 56553 --- [    Test worker] o.h.type.descriptor.sql.BasicBinder      : binding parameter [26] as [VARCHAR] - [null]
2020-06-10 20:38:40.417 TRACE 56553 --- [    Test worker] o.h.type.descriptor.sql.BasicBinder      : binding parameter [27] as [VARCHAR] - [null]
2020-06-10 20:38:40.417 TRACE 56553 --- [    Test worker] o.h.type.descriptor.sql.BasicBinder      : binding parameter [28] as [VARCHAR] - [null]
2020-06-10 20:38:40.417 TRACE 56553 --- [    Test worker] o.h.type.descriptor.sql.BasicBinder      : binding parameter [29] as [DATE] - [null]
2020-06-10 20:38:40.417 TRACE 56553 --- [    Test worker] o.h.type.descriptor.sql.BasicBinder      : binding parameter [30] as [VARCHAR] - [null]
2020-06-10 20:38:40.417 TRACE 56553 --- [    Test worker] o.h.type.descriptor.sql.BasicBinder      : binding parameter [31] as [BIGINT] - [36]
2020-06-10 20:38:40.417 TRACE 56553 --- [    Test worker] o.h.type.descriptor.sql.BasicBinder      : binding parameter [32] as [BIGINT] - [0]
Hibernate: 
    update
        organisaatio 
    set
        version=?,
        alkupvm=?,
        domainnimi=?,
        kotipaikka=?,
        kuvaus_mkt=?,
        lakkautuspvm=?,
        maa=?,
        metadata_id=?,
        nimi_mkt=?,
        nimihaku=?,
        oid=?,
        opetuspisteenjarjnro=?,
        oppilaitoskoodi=?,
        oppilaitos_tyyppi=?,
        organisaatio_poistettu=?,
        paivittaja=?,
        paivityspvm=?,
        parentidpath=?,
        parentoidpath=?,
        piilotettu=?,
        tarkastus_pvm=?,
        toimipistekoodi=?,
        tuontipvm=?,
        varhaiskasvatuksen_toimipaikka_tiedot_id=?,
        virastotunnus=?,
        yhteishaunkoulukoodi=?,
        yritysmuoto=?,
        ytj_kieli=?,
        ytjpaivityspvm=?,
        ytunnus=? 
    where
        id=? 
        and version=?
2020-06-10 20:38:40.418 TRACE 56553 --- [    Test worker] o.h.type.descriptor.sql.BasicBinder      : binding parameter [1] as [BIGINT] - [1]
2020-06-10 20:38:40.418 TRACE 56553 --- [    Test worker] o.h.type.descriptor.sql.BasicBinder      : binding parameter [2] as [DATE] - [null]
2020-06-10 20:38:40.418 TRACE 56553 --- [    Test worker] o.h.type.descriptor.sql.BasicBinder      : binding parameter [3] as [VARCHAR] - [null]
2020-06-10 20:38:40.418 TRACE 56553 --- [    Test worker] o.h.type.descriptor.sql.BasicBinder      : binding parameter [4] as [VARCHAR] - [null]
2020-06-10 20:38:40.418 TRACE 56553 --- [    Test worker] o.h.type.descriptor.sql.BasicBinder      : binding parameter [5] as [BIGINT] - [null]
2020-06-10 20:38:40.418 TRACE 56553 --- [    Test worker] o.h.type.descriptor.sql.BasicBinder      : binding parameter [6] as [DATE] - [null]
2020-06-10 20:38:40.418 TRACE 56553 --- [    Test worker] o.h.type.descriptor.sql.BasicBinder      : binding parameter [7] as [VARCHAR] - [null]
2020-06-10 20:38:40.418 TRACE 56553 --- [    Test worker] o.h.type.descriptor.sql.BasicBinder      : binding parameter [8] as [BIGINT] - [null]
2020-06-10 20:38:40.418 TRACE 56553 --- [    Test worker] o.h.type.descriptor.sql.BasicBinder      : binding parameter [9] as [BIGINT] - [31]
2020-06-10 20:38:40.418 TRACE 56553 --- [    Test worker] o.h.type.descriptor.sql.BasicBinder      : binding parameter [10] as [VARCHAR] - [null]
2020-06-10 20:38:40.418 TRACE 56553 --- [    Test worker] o.h.type.descriptor.sql.BasicBinder      : binding parameter [11] as [VARCHAR] - [4437113781045784766]
2020-06-10 20:38:40.418 TRACE 56553 --- [    Test worker] o.h.type.descriptor.sql.BasicBinder      : binding parameter [12] as [VARCHAR] - [null]
2020-06-10 20:38:40.418 TRACE 56553 --- [    Test worker] o.h.type.descriptor.sql.BasicBinder      : binding parameter [13] as [VARCHAR] - [null]
2020-06-10 20:38:40.418 TRACE 56553 --- [    Test worker] o.h.type.descriptor.sql.BasicBinder      : binding parameter [14] as [VARCHAR] - [null]
2020-06-10 20:38:40.418 TRACE 56553 --- [    Test worker] o.h.type.descriptor.sql.BasicBinder      : binding parameter [15] as [BOOLEAN] - [false]
2020-06-10 20:38:40.418 TRACE 56553 --- [    Test worker] o.h.type.descriptor.sql.BasicBinder      : binding parameter [16] as [VARCHAR] - [null]
2020-06-10 20:38:40.418 TRACE 56553 --- [    Test worker] o.h.type.descriptor.sql.BasicBinder      : binding parameter [17] as [TIMESTAMP] - [Wed Jun 10 20:38:40 EEST 2020]
2020-06-10 20:38:40.419 TRACE 56553 --- [    Test worker] o.h.type.descriptor.sql.BasicBinder      : binding parameter [18] as [VARCHAR] - [null]
2020-06-10 20:38:40.419 TRACE 56553 --- [    Test worker] o.h.type.descriptor.sql.BasicBinder      : binding parameter [19] as [VARCHAR] - [null]
2020-06-10 20:38:40.419 TRACE 56553 --- [    Test worker] o.h.type.descriptor.sql.BasicBinder      : binding parameter [20] as [BOOLEAN] - [false]
2020-06-10 20:38:40.419 TRACE 56553 --- [    Test worker] o.h.type.descriptor.sql.BasicBinder      : binding parameter [21] as [TIMESTAMP] - [null]
2020-06-10 20:38:40.419 TRACE 56553 --- [    Test worker] o.h.type.descriptor.sql.BasicBinder      : binding parameter [22] as [VARCHAR] - [null]
2020-06-10 20:38:40.419 TRACE 56553 --- [    Test worker] o.h.type.descriptor.sql.BasicBinder      : binding parameter [23] as [TIMESTAMP] - [null]
2020-06-10 20:38:40.419 TRACE 56553 --- [    Test worker] o.h.type.descriptor.sql.BasicBinder      : binding parameter [24] as [BIGINT] - [null]
2020-06-10 20:38:40.419 TRACE 56553 --- [    Test worker] o.h.type.descriptor.sql.BasicBinder      : binding parameter [25] as [VARCHAR] - [null]
2020-06-10 20:38:40.419 TRACE 56553 --- [    Test worker] o.h.type.descriptor.sql.BasicBinder      : binding parameter [26] as [VARCHAR] - [null]
2020-06-10 20:38:40.419 TRACE 56553 --- [    Test worker] o.h.type.descriptor.sql.BasicBinder      : binding parameter [27] as [VARCHAR] - [null]
2020-06-10 20:38:40.419 TRACE 56553 --- [    Test worker] o.h.type.descriptor.sql.BasicBinder      : binding parameter [28] as [VARCHAR] - [null]
2020-06-10 20:38:40.419 TRACE 56553 --- [    Test worker] o.h.type.descriptor.sql.BasicBinder      : binding parameter [29] as [DATE] - [null]
2020-06-10 20:38:40.419 TRACE 56553 --- [    Test worker] o.h.type.descriptor.sql.BasicBinder      : binding parameter [30] as [VARCHAR] - [null]
2020-06-10 20:38:40.419 TRACE 56553 --- [    Test worker] o.h.type.descriptor.sql.BasicBinder      : binding parameter [31] as [BIGINT] - [37]
2020-06-10 20:38:40.419 TRACE 56553 --- [    Test worker] o.h.type.descriptor.sql.BasicBinder      : binding parameter [32] as [BIGINT] - [0]
Hibernate: 
    insert 
    into
        monikielinen_teksti_values
        (id, key, value) 
    values
        (?, ?, ?)
2020-06-10 20:38:40.419 TRACE 56553 --- [    Test worker] o.h.type.descriptor.sql.BasicBinder      : binding parameter [1] as [BIGINT] - [30]
2020-06-10 20:38:40.420 TRACE 56553 --- [    Test worker] o.h.type.descriptor.sql.BasicBinder      : binding parameter [2] as [VARCHAR] - [FI]
2020-06-10 20:38:40.420 TRACE 56553 --- [    Test worker] o.h.type.descriptor.sql.BasicBinder      : binding parameter [3] as [VARCHAR] - [A]
Hibernate: 
    insert 
    into
        monikielinen_teksti_values
        (id, key, value) 
    values
        (?, ?, ?)
2020-06-10 20:38:40.420 TRACE 56553 --- [    Test worker] o.h.type.descriptor.sql.BasicBinder      : binding parameter [1] as [BIGINT] - [31]
2020-06-10 20:38:40.420 TRACE 56553 --- [    Test worker] o.h.type.descriptor.sql.BasicBinder      : binding parameter [2] as [VARCHAR] - [FI]
2020-06-10 20:38:40.420 TRACE 56553 --- [    Test worker] o.h.type.descriptor.sql.BasicBinder      : binding parameter [3] as [VARCHAR] - [B]
Hibernate: 
    select
        distinct organisaat0_.id as id1_5_,
        organisaat0_.version as version2_5_,
        organisaat0_.alkupvm as alkupvm3_5_,
        organisaat0_.domainnimi as domainni4_5_,
        organisaat0_.kotipaikka as kotipaik5_5_,
        organisaat0_.kuvaus_mkt as kuvaus_28_5_,
        organisaat0_.lakkautuspvm as lakkautu6_5_,
        organisaat0_.maa as maa7_5_,
        organisaat0_.metadata_id as metadat29_5_,
        organisaat0_.nimi_mkt as nimi_mk30_5_,
        organisaat0_.nimihaku as nimihaku8_5_,
        organisaat0_.oid as oid9_5_,
        organisaat0_.opetuspisteenjarjnro as opetusp10_5_,
        organisaat0_.oppilaitoskoodi as oppilai11_5_,
        organisaat0_.oppilaitos_tyyppi as oppilai12_5_,
        organisaat0_.organisaatio_poistettu as organis13_5_,
        organisaat0_.paivittaja as paivitt14_5_,
        organisaat0_.paivityspvm as paivity15_5_,
        organisaat0_.parentidpath as parenti16_5_,
        organisaat0_.parentoidpath as parento17_5_,
        organisaat0_.piilotettu as piilote18_5_,
        organisaat0_.tarkastus_pvm as tarkast19_5_,
        organisaat0_.toimipistekoodi as toimipi20_5_,
        organisaat0_.tuontipvm as tuontip21_5_,
        organisaat0_.varhaiskasvatuksen_toimipaikka_tiedot_id as varhais31_5_,
        organisaat0_.virastotunnus as virasto22_5_,
        organisaat0_.yhteishaunkoulukoodi as yhteish23_5_,
        organisaat0_.yritysmuoto as yritysm24_5_,
        organisaat0_.ytj_kieli as ytj_kie25_5_,
        organisaat0_.ytjpaivityspvm as ytjpaiv26_5_,
        organisaat0_.ytunnus as ytunnus27_5_ 
    from
        organisaatio organisaat0_ 
    where
        organisaat0_.paivityspvm>? 
        and (
            organisaat0_.lakkautuspvm is null 
            or organisaat0_.lakkautuspvm>?
        )
2020-06-10 20:38:40.421 TRACE 56553 --- [    Test worker] o.h.type.descriptor.sql.BasicBinder      : binding parameter [1] as [TIMESTAMP] - [Wed Jun 10 20:38:40 EEST 2020]
2020-06-10 20:38:40.421 TRACE 56553 --- [    Test worker] o.h.type.descriptor.sql.BasicBinder      : binding parameter [2] as [DATE] - [Wed Jun 10 20:38:40 EEST 2020]
2020-06-10 20:38:40.421 TRACE 56553 --- [    Test worker] o.h.type.descriptor.sql.BasicExtractor   : extracted value ([id1_5_] : [BIGINT]) - [37]
2020-06-10 20:38:40.427  INFO 56553 --- [    Test worker] o.s.t.c.transaction.TransactionContext   : Rolled back transaction for test: [DefaultTestContext@6d49fbd0 testClass = OrganisaatioRepositoryImplTest, testInstance = fi.vm.sade.organisaatio.repository.OrganisaatioRepositoryImplTest@51ad34d2, testMethod = findModifedSinceLimitsByModificationTime@OrganisaatioRepositoryImplTest, testException = [null], mergedContextConfiguration = [WebMergedContextConfiguration@6b2d0172 testClass = OrganisaatioRepositoryImplTest, locations = '{}', classes = '{class fi.vm.sade.organisaatio.OrganisaatioApplication}', contextInitializerClasses = '[]', activeProfiles = '{}', propertySourceLocations = '{}', propertySourceProperties = '{org.springframework.boot.test.context.SpringBootTestContextBootstrapper=true}', contextCustomizers = set[org.springframework.boot.test.autoconfigure.properties.PropertyMappingContextCustomizer@83020a4e, org.springframework.boot.test.autoconfigure.web.servlet.WebDriverContextCustomizerFactory$Customizer@5e540114, [ImportsContextCustomizer@1cb00945 key = [org.springframework.boot.test.autoconfigure.jdbc.TestDatabaseAutoConfiguration, org.springframework.boot.autoconfigure.jdbc.DataSourceAutoConfiguration]], org.springframework.boot.test.context.filter.ExcludeFilterContextCustomizer@41cdf26a, org.springframework.boot.test.json.DuplicateJsonObjectContextCustomizerFactory$DuplicateJsonObjectContextCustomizer@1e95fe99, org.springframework.boot.test.mock.mockito.MockitoContextCustomizer@0, org.springframework.boot.test.web.client.TestRestTemplateContextCustomizer@6d8bcece, org.springframework.boot.test.context.SpringBootTestArgs@1], resourceBasePath = 'src/main/webapp', contextLoader = 'org.springframework.boot.test.context.SpringBootContextLoader', parent = [null]], attributes = map['org.springframework.test.context.web.ServletTestExecutionListener.activateListener' -> true, 'org.springframework.test.context.web.ServletTestExecutionListener.populatedRequestContextHolder' -> true, 'org.springframework.test.context.web.ServletTestExecutionListener.resetRequestContextHolder' -> true]]
2020-06-10 20:38:40.429  INFO 56553 --- [    Test worker] o.s.t.c.transaction.TransactionContext   : Began transaction (1) for test context [DefaultTestContext@6d49fbd0 testClass = OrganisaatioRepositoryImplTest, testInstance = fi.vm.sade.organisaatio.repository.OrganisaatioRepositoryImplTest@42efbbcf, testMethod = findModifedSinceLimitsByOrganizationType@OrganisaatioRepositoryImplTest, testException = [null], mergedContextConfiguration = [WebMergedContextConfiguration@6b2d0172 testClass = OrganisaatioRepositoryImplTest, locations = '{}', classes = '{class fi.vm.sade.organisaatio.OrganisaatioApplication}', contextInitializerClasses = '[]', activeProfiles = '{}', propertySourceLocations = '{}', propertySourceProperties = '{org.springframework.boot.test.context.SpringBootTestContextBootstrapper=true}', contextCustomizers = set[org.springframework.boot.test.autoconfigure.properties.PropertyMappingContextCustomizer@83020a4e, org.springframework.boot.test.autoconfigure.web.servlet.WebDriverContextCustomizerFactory$Customizer@5e540114, [ImportsContextCustomizer@1cb00945 key = [org.springframework.boot.test.autoconfigure.jdbc.TestDatabaseAutoConfiguration, org.springframework.boot.autoconfigure.jdbc.DataSourceAutoConfiguration]], org.springframework.boot.test.context.filter.ExcludeFilterContextCustomizer@41cdf26a, org.springframework.boot.test.json.DuplicateJsonObjectContextCustomizerFactory$DuplicateJsonObjectContextCustomizer@1e95fe99, org.springframework.boot.test.mock.mockito.MockitoContextCustomizer@0, org.springframework.boot.test.web.client.TestRestTemplateContextCustomizer@6d8bcece, org.springframework.boot.test.context.SpringBootTestArgs@1], resourceBasePath = 'src/main/webapp', contextLoader = 'org.springframework.boot.test.context.SpringBootContextLoader', parent = [null]], attributes = map['org.springframework.test.context.web.ServletTestExecutionListener.activateListener' -> true, 'org.springframework.test.context.web.ServletTestExecutionListener.populatedRequestContextHolder' -> true, 'org.springframework.test.context.web.ServletTestExecutionListener.resetRequestContextHolder' -> true]]; transaction manager [org.springframework.orm.jpa.JpaTransactionManager@20031d49]; rollback [true]
2020-06-10 20:38:40.430  INFO 56553 --- [    Test worker] f.v.s.o.r.OrganisaatioRepositoryImplTest : createOrganisaatio(A)
Hibernate: 
    insert 
    into
        monikielinen_teksti
        (id, version) 
    values
        (null, ?)
2020-06-10 20:38:40.431 TRACE 56553 --- [    Test worker] o.h.type.descriptor.sql.BasicBinder      : binding parameter [1] as [BIGINT] - [0]
Hibernate: 
    insert 
    into
        organisaatio
        (id, version, alkupvm, domainnimi, kotipaikka, kuvaus_mkt, lakkautuspvm, maa, metadata_id, nimi_mkt, nimihaku, oid, opetuspisteenjarjnro, oppilaitoskoodi, oppilaitos_tyyppi, organisaatio_poistettu, paivittaja, paivityspvm, parentidpath, parentoidpath, piilotettu, tarkastus_pvm, toimipistekoodi, tuontipvm, varhaiskasvatuksen_toimipaikka_tiedot_id, virastotunnus, yhteishaunkoulukoodi, yritysmuoto, ytj_kieli, ytjpaivityspvm, ytunnus) 
    values
        (null, ?, ?, ?, ?, ?, ?, ?, ?, ?, ?, ?, ?, ?, ?, ?, ?, ?, ?, ?, ?, ?, ?, ?, ?, ?, ?, ?, ?, ?, ?)
2020-06-10 20:38:40.432 TRACE 56553 --- [    Test worker] o.h.type.descriptor.sql.BasicBinder      : binding parameter [1] as [BIGINT] - [0]
2020-06-10 20:38:40.432 TRACE 56553 --- [    Test worker] o.h.type.descriptor.sql.BasicBinder      : binding parameter [2] as [DATE] - [null]
2020-06-10 20:38:40.432 TRACE 56553 --- [    Test worker] o.h.type.descriptor.sql.BasicBinder      : binding parameter [3] as [VARCHAR] - [null]
2020-06-10 20:38:40.432 TRACE 56553 --- [    Test worker] o.h.type.descriptor.sql.BasicBinder      : binding parameter [4] as [VARCHAR] - [null]
2020-06-10 20:38:40.432 TRACE 56553 --- [    Test worker] o.h.type.descriptor.sql.BasicBinder      : binding parameter [5] as [BIGINT] - [null]
2020-06-10 20:38:40.432 TRACE 56553 --- [    Test worker] o.h.type.descriptor.sql.BasicBinder      : binding parameter [6] as [DATE] - [null]
2020-06-10 20:38:40.432 TRACE 56553 --- [    Test worker] o.h.type.descriptor.sql.BasicBinder      : binding parameter [7] as [VARCHAR] - [null]
2020-06-10 20:38:40.432 TRACE 56553 --- [    Test worker] o.h.type.descriptor.sql.BasicBinder      : binding parameter [8] as [BIGINT] - [null]
2020-06-10 20:38:40.432 TRACE 56553 --- [    Test worker] o.h.type.descriptor.sql.BasicBinder      : binding parameter [9] as [BIGINT] - [32]
2020-06-10 20:38:40.432 TRACE 56553 --- [    Test worker] o.h.type.descriptor.sql.BasicBinder      : binding parameter [10] as [VARCHAR] - [null]
2020-06-10 20:38:40.432 TRACE 56553 --- [    Test worker] o.h.type.descriptor.sql.BasicBinder      : binding parameter [11] as [VARCHAR] - [-4962768465676381896]
2020-06-10 20:38:40.432 TRACE 56553 --- [    Test worker] o.h.type.descriptor.sql.BasicBinder      : binding parameter [12] as [VARCHAR] - [null]
2020-06-10 20:38:40.432 TRACE 56553 --- [    Test worker] o.h.type.descriptor.sql.BasicBinder      : binding parameter [13] as [VARCHAR] - [null]
2020-06-10 20:38:40.432 TRACE 56553 --- [    Test worker] o.h.type.descriptor.sql.BasicBinder      : binding parameter [14] as [VARCHAR] - [null]
2020-06-10 20:38:40.432 TRACE 56553 --- [    Test worker] o.h.type.descriptor.sql.BasicBinder      : binding parameter [15] as [BOOLEAN] - [false]
2020-06-10 20:38:40.432 TRACE 56553 --- [    Test worker] o.h.type.descriptor.sql.BasicBinder      : binding parameter [16] as [VARCHAR] - [null]
2020-06-10 20:38:40.432 TRACE 56553 --- [    Test worker] o.h.type.descriptor.sql.BasicBinder      : binding parameter [17] as [TIMESTAMP] - [null]
2020-06-10 20:38:40.432 TRACE 56553 --- [    Test worker] o.h.type.descriptor.sql.BasicBinder      : binding parameter [18] as [VARCHAR] - [null]
2020-06-10 20:38:40.433 TRACE 56553 --- [    Test worker] o.h.type.descriptor.sql.BasicBinder      : binding parameter [19] as [VARCHAR] - [null]
2020-06-10 20:38:40.433 TRACE 56553 --- [    Test worker] o.h.type.descriptor.sql.BasicBinder      : binding parameter [20] as [BOOLEAN] - [false]
2020-06-10 20:38:40.433 TRACE 56553 --- [    Test worker] o.h.type.descriptor.sql.BasicBinder      : binding parameter [21] as [TIMESTAMP] - [null]
2020-06-10 20:38:40.433 TRACE 56553 --- [    Test worker] o.h.type.descriptor.sql.BasicBinder      : binding parameter [22] as [VARCHAR] - [null]
2020-06-10 20:38:40.433 TRACE 56553 --- [    Test worker] o.h.type.descriptor.sql.BasicBinder      : binding parameter [23] as [TIMESTAMP] - [null]
2020-06-10 20:38:40.433 TRACE 56553 --- [    Test worker] o.h.type.descriptor.sql.BasicBinder      : binding parameter [24] as [BIGINT] - [null]
2020-06-10 20:38:40.433 TRACE 56553 --- [    Test worker] o.h.type.descriptor.sql.BasicBinder      : binding parameter [25] as [VARCHAR] - [null]
2020-06-10 20:38:40.433 TRACE 56553 --- [    Test worker] o.h.type.descriptor.sql.BasicBinder      : binding parameter [26] as [VARCHAR] - [null]
2020-06-10 20:38:40.433 TRACE 56553 --- [    Test worker] o.h.type.descriptor.sql.BasicBinder      : binding parameter [27] as [VARCHAR] - [null]
2020-06-10 20:38:40.433 TRACE 56553 --- [    Test worker] o.h.type.descriptor.sql.BasicBinder      : binding parameter [28] as [VARCHAR] - [null]
2020-06-10 20:38:40.433 TRACE 56553 --- [    Test worker] o.h.type.descriptor.sql.BasicBinder      : binding parameter [29] as [DATE] - [null]
2020-06-10 20:38:40.433 TRACE 56553 --- [    Test worker] o.h.type.descriptor.sql.BasicBinder      : binding parameter [30] as [VARCHAR] - [null]
Hibernate: 
    insert 
    into
        yhteystieto
        (id, version, kieli, organisaatio_id, yhteystieto_oid, coordinatetype, extrarivi, lat, lng, maa, osavaltio, osoite, osoite_tyyppi, postinumero, postitoimipaikka, ytjpaivityspvm, dtype) 
    values
        (null, ?, ?, ?, ?, ?, ?, ?, ?, ?, ?, ?, ?, ?, ?, ?, 'Osoite')
2020-06-10 20:38:40.434 TRACE 56553 --- [    Test worker] o.h.type.descriptor.sql.BasicBinder      : binding parameter [1] as [BIGINT] - [0]
2020-06-10 20:38:40.434 TRACE 56553 --- [    Test worker] o.h.type.descriptor.sql.BasicBinder      : binding parameter [2] as [VARCHAR] - [null]
2020-06-10 20:38:40.434 TRACE 56553 --- [    Test worker] o.h.type.descriptor.sql.BasicBinder      : binding parameter [3] as [BIGINT] - [null]
2020-06-10 20:38:40.434 TRACE 56553 --- [    Test worker] o.h.type.descriptor.sql.BasicBinder      : binding parameter [4] as [VARCHAR] - [3e2ad669-7155-43bd-9a92-31ed4c1bc55f]
2020-06-10 20:38:40.434 TRACE 56553 --- [    Test worker] o.h.type.descriptor.sql.BasicBinder      : binding parameter [5] as [VARCHAR] - [null]
2020-06-10 20:38:40.434 TRACE 56553 --- [    Test worker] o.h.type.descriptor.sql.BasicBinder      : binding parameter [6] as [VARCHAR] - [null]
2020-06-10 20:38:40.434 TRACE 56553 --- [    Test worker] o.h.type.descriptor.sql.BasicBinder      : binding parameter [7] as [DOUBLE] - [null]
2020-06-10 20:38:40.434 TRACE 56553 --- [    Test worker] o.h.type.descriptor.sql.BasicBinder      : binding parameter [8] as [DOUBLE] - [null]
2020-06-10 20:38:40.434 TRACE 56553 --- [    Test worker] o.h.type.descriptor.sql.BasicBinder      : binding parameter [9] as [VARCHAR] - [null]
2020-06-10 20:38:40.434 TRACE 56553 --- [    Test worker] o.h.type.descriptor.sql.BasicBinder      : binding parameter [10] as [VARCHAR] - [null]
2020-06-10 20:38:40.434 TRACE 56553 --- [    Test worker] o.h.type.descriptor.sql.BasicBinder      : binding parameter [11] as [VARCHAR] - [katu]
2020-06-10 20:38:40.434 TRACE 56553 --- [    Test worker] o.h.type.descriptor.sql.BasicBinder      : binding parameter [12] as [VARCHAR] - [kaynti]
2020-06-10 20:38:40.434 TRACE 56553 --- [    Test worker] o.h.type.descriptor.sql.BasicBinder      : binding parameter [13] as [VARCHAR] - [0000]
2020-06-10 20:38:40.434 TRACE 56553 --- [    Test worker] o.h.type.descriptor.sql.BasicBinder      : binding parameter [14] as [VARCHAR] - [Helsinki]
2020-06-10 20:38:40.434 TRACE 56553 --- [    Test worker] o.h.type.descriptor.sql.BasicBinder      : binding parameter [15] as [DATE] - [null]
2020-06-10 20:38:40.435  INFO 56553 --- [    Test worker] f.v.s.o.r.OrganisaatioRepositoryImplTest : createOrganisaatio(B)
Hibernate: 
    insert 
    into
        monikielinen_teksti
        (id, version) 
    values
        (null, ?)
2020-06-10 20:38:40.435 TRACE 56553 --- [    Test worker] o.h.type.descriptor.sql.BasicBinder      : binding parameter [1] as [BIGINT] - [0]
Hibernate: 
    insert 
    into
        organisaatio
        (id, version, alkupvm, domainnimi, kotipaikka, kuvaus_mkt, lakkautuspvm, maa, metadata_id, nimi_mkt, nimihaku, oid, opetuspisteenjarjnro, oppilaitoskoodi, oppilaitos_tyyppi, organisaatio_poistettu, paivittaja, paivityspvm, parentidpath, parentoidpath, piilotettu, tarkastus_pvm, toimipistekoodi, tuontipvm, varhaiskasvatuksen_toimipaikka_tiedot_id, virastotunnus, yhteishaunkoulukoodi, yritysmuoto, ytj_kieli, ytjpaivityspvm, ytunnus) 
    values
        (null, ?, ?, ?, ?, ?, ?, ?, ?, ?, ?, ?, ?, ?, ?, ?, ?, ?, ?, ?, ?, ?, ?, ?, ?, ?, ?, ?, ?, ?, ?)
2020-06-10 20:38:40.436 TRACE 56553 --- [    Test worker] o.h.type.descriptor.sql.BasicBinder      : binding parameter [1] as [BIGINT] - [0]
2020-06-10 20:38:40.436 TRACE 56553 --- [    Test worker] o.h.type.descriptor.sql.BasicBinder      : binding parameter [2] as [DATE] - [null]
2020-06-10 20:38:40.436 TRACE 56553 --- [    Test worker] o.h.type.descriptor.sql.BasicBinder      : binding parameter [3] as [VARCHAR] - [null]
2020-06-10 20:38:40.436 TRACE 56553 --- [    Test worker] o.h.type.descriptor.sql.BasicBinder      : binding parameter [4] as [VARCHAR] - [null]
2020-06-10 20:38:40.436 TRACE 56553 --- [    Test worker] o.h.type.descriptor.sql.BasicBinder      : binding parameter [5] as [BIGINT] - [null]
2020-06-10 20:38:40.436 TRACE 56553 --- [    Test worker] o.h.type.descriptor.sql.BasicBinder      : binding parameter [6] as [DATE] - [null]
2020-06-10 20:38:40.436 TRACE 56553 --- [    Test worker] o.h.type.descriptor.sql.BasicBinder      : binding parameter [7] as [VARCHAR] - [null]
2020-06-10 20:38:40.436 TRACE 56553 --- [    Test worker] o.h.type.descriptor.sql.BasicBinder      : binding parameter [8] as [BIGINT] - [null]
2020-06-10 20:38:40.437 TRACE 56553 --- [    Test worker] o.h.type.descriptor.sql.BasicBinder      : binding parameter [9] as [BIGINT] - [33]
2020-06-10 20:38:40.437 TRACE 56553 --- [    Test worker] o.h.type.descriptor.sql.BasicBinder      : binding parameter [10] as [VARCHAR] - [null]
2020-06-10 20:38:40.437 TRACE 56553 --- [    Test worker] o.h.type.descriptor.sql.BasicBinder      : binding parameter [11] as [VARCHAR] - [4437113781045784766]
2020-06-10 20:38:40.437 TRACE 56553 --- [    Test worker] o.h.type.descriptor.sql.BasicBinder      : binding parameter [12] as [VARCHAR] - [null]
2020-06-10 20:38:40.437 TRACE 56553 --- [    Test worker] o.h.type.descriptor.sql.BasicBinder      : binding parameter [13] as [VARCHAR] - [null]
2020-06-10 20:38:40.437 TRACE 56553 --- [    Test worker] o.h.type.descriptor.sql.BasicBinder      : binding parameter [14] as [VARCHAR] - [null]
2020-06-10 20:38:40.437 TRACE 56553 --- [    Test worker] o.h.type.descriptor.sql.BasicBinder      : binding parameter [15] as [BOOLEAN] - [false]
2020-06-10 20:38:40.437 TRACE 56553 --- [    Test worker] o.h.type.descriptor.sql.BasicBinder      : binding parameter [16] as [VARCHAR] - [null]
2020-06-10 20:38:40.437 TRACE 56553 --- [    Test worker] o.h.type.descriptor.sql.BasicBinder      : binding parameter [17] as [TIMESTAMP] - [null]
2020-06-10 20:38:40.437 TRACE 56553 --- [    Test worker] o.h.type.descriptor.sql.BasicBinder      : binding parameter [18] as [VARCHAR] - [null]
2020-06-10 20:38:40.437 TRACE 56553 --- [    Test worker] o.h.type.descriptor.sql.BasicBinder      : binding parameter [19] as [VARCHAR] - [null]
2020-06-10 20:38:40.437 TRACE 56553 --- [    Test worker] o.h.type.descriptor.sql.BasicBinder      : binding parameter [20] as [BOOLEAN] - [false]
2020-06-10 20:38:40.437 TRACE 56553 --- [    Test worker] o.h.type.descriptor.sql.BasicBinder      : binding parameter [21] as [TIMESTAMP] - [null]
2020-06-10 20:38:40.437 TRACE 56553 --- [    Test worker] o.h.type.descriptor.sql.BasicBinder      : binding parameter [22] as [VARCHAR] - [null]
2020-06-10 20:38:40.437 TRACE 56553 --- [    Test worker] o.h.type.descriptor.sql.BasicBinder      : binding parameter [23] as [TIMESTAMP] - [null]
2020-06-10 20:38:40.437 TRACE 56553 --- [    Test worker] o.h.type.descriptor.sql.BasicBinder      : binding parameter [24] as [BIGINT] - [null]
2020-06-10 20:38:40.437 TRACE 56553 --- [    Test worker] o.h.type.descriptor.sql.BasicBinder      : binding parameter [25] as [VARCHAR] - [null]
2020-06-10 20:38:40.437 TRACE 56553 --- [    Test worker] o.h.type.descriptor.sql.BasicBinder      : binding parameter [26] as [VARCHAR] - [null]
2020-06-10 20:38:40.437 TRACE 56553 --- [    Test worker] o.h.type.descriptor.sql.BasicBinder      : binding parameter [27] as [VARCHAR] - [null]
2020-06-10 20:38:40.437 TRACE 56553 --- [    Test worker] o.h.type.descriptor.sql.BasicBinder      : binding parameter [28] as [VARCHAR] - [null]
2020-06-10 20:38:40.437 TRACE 56553 --- [    Test worker] o.h.type.descriptor.sql.BasicBinder      : binding parameter [29] as [DATE] - [null]
2020-06-10 20:38:40.437 TRACE 56553 --- [    Test worker] o.h.type.descriptor.sql.BasicBinder      : binding parameter [30] as [VARCHAR] - [null]
Hibernate: 
    insert 
    into
        yhteystieto
        (id, version, kieli, organisaatio_id, yhteystieto_oid, coordinatetype, extrarivi, lat, lng, maa, osavaltio, osoite, osoite_tyyppi, postinumero, postitoimipaikka, ytjpaivityspvm, dtype) 
    values
        (null, ?, ?, ?, ?, ?, ?, ?, ?, ?, ?, ?, ?, ?, ?, ?, 'Osoite')
2020-06-10 20:38:40.438 TRACE 56553 --- [    Test worker] o.h.type.descriptor.sql.BasicBinder      : binding parameter [1] as [BIGINT] - [0]
2020-06-10 20:38:40.438 TRACE 56553 --- [    Test worker] o.h.type.descriptor.sql.BasicBinder      : binding parameter [2] as [VARCHAR] - [null]
2020-06-10 20:38:40.438 TRACE 56553 --- [    Test worker] o.h.type.descriptor.sql.BasicBinder      : binding parameter [3] as [BIGINT] - [null]
2020-06-10 20:38:40.438 TRACE 56553 --- [    Test worker] o.h.type.descriptor.sql.BasicBinder      : binding parameter [4] as [VARCHAR] - [945c19eb-f3c5-48b1-bc91-7fee22476ebd]
2020-06-10 20:38:40.438 TRACE 56553 --- [    Test worker] o.h.type.descriptor.sql.BasicBinder      : binding parameter [5] as [VARCHAR] - [null]
2020-06-10 20:38:40.438 TRACE 56553 --- [    Test worker] o.h.type.descriptor.sql.BasicBinder      : binding parameter [6] as [VARCHAR] - [null]
2020-06-10 20:38:40.438 TRACE 56553 --- [    Test worker] o.h.type.descriptor.sql.BasicBinder      : binding parameter [7] as [DOUBLE] - [null]
2020-06-10 20:38:40.438 TRACE 56553 --- [    Test worker] o.h.type.descriptor.sql.BasicBinder      : binding parameter [8] as [DOUBLE] - [null]
2020-06-10 20:38:40.438 TRACE 56553 --- [    Test worker] o.h.type.descriptor.sql.BasicBinder      : binding parameter [9] as [VARCHAR] - [null]
2020-06-10 20:38:40.438 TRACE 56553 --- [    Test worker] o.h.type.descriptor.sql.BasicBinder      : binding parameter [10] as [VARCHAR] - [null]
2020-06-10 20:38:40.438 TRACE 56553 --- [    Test worker] o.h.type.descriptor.sql.BasicBinder      : binding parameter [11] as [VARCHAR] - [katu]
2020-06-10 20:38:40.438 TRACE 56553 --- [    Test worker] o.h.type.descriptor.sql.BasicBinder      : binding parameter [12] as [VARCHAR] - [kaynti]
2020-06-10 20:38:40.438 TRACE 56553 --- [    Test worker] o.h.type.descriptor.sql.BasicBinder      : binding parameter [13] as [VARCHAR] - [0000]
2020-06-10 20:38:40.438 TRACE 56553 --- [    Test worker] o.h.type.descriptor.sql.BasicBinder      : binding parameter [14] as [VARCHAR] - [Helsinki]
2020-06-10 20:38:40.438 TRACE 56553 --- [    Test worker] o.h.type.descriptor.sql.BasicBinder      : binding parameter [15] as [DATE] - [null]
Hibernate: 
    update
        organisaatio 
    set
        version=?,
        alkupvm=?,
        domainnimi=?,
        kotipaikka=?,
        kuvaus_mkt=?,
        lakkautuspvm=?,
        maa=?,
        metadata_id=?,
        nimi_mkt=?,
        nimihaku=?,
        oid=?,
        opetuspisteenjarjnro=?,
        oppilaitoskoodi=?,
        oppilaitos_tyyppi=?,
        organisaatio_poistettu=?,
        paivittaja=?,
        paivityspvm=?,
        parentidpath=?,
        parentoidpath=?,
        piilotettu=?,
        tarkastus_pvm=?,
        toimipistekoodi=?,
        tuontipvm=?,
        varhaiskasvatuksen_toimipaikka_tiedot_id=?,
        virastotunnus=?,
        yhteishaunkoulukoodi=?,
        yritysmuoto=?,
        ytj_kieli=?,
        ytjpaivityspvm=?,
        ytunnus=? 
    where
        id=? 
        and version=?
2020-06-10 20:38:40.447 TRACE 56553 --- [    Test worker] o.h.type.descriptor.sql.BasicBinder      : binding parameter [1] as [BIGINT] - [1]
2020-06-10 20:38:40.447 TRACE 56553 --- [    Test worker] o.h.type.descriptor.sql.BasicBinder      : binding parameter [2] as [DATE] - [null]
2020-06-10 20:38:40.447 TRACE 56553 --- [    Test worker] o.h.type.descriptor.sql.BasicBinder      : binding parameter [3] as [VARCHAR] - [null]
2020-06-10 20:38:40.447 TRACE 56553 --- [    Test worker] o.h.type.descriptor.sql.BasicBinder      : binding parameter [4] as [VARCHAR] - [null]
2020-06-10 20:38:40.447 TRACE 56553 --- [    Test worker] o.h.type.descriptor.sql.BasicBinder      : binding parameter [5] as [BIGINT] - [null]
2020-06-10 20:38:40.447 TRACE 56553 --- [    Test worker] o.h.type.descriptor.sql.BasicBinder      : binding parameter [6] as [DATE] - [null]
2020-06-10 20:38:40.447 TRACE 56553 --- [    Test worker] o.h.type.descriptor.sql.BasicBinder      : binding parameter [7] as [VARCHAR] - [null]
2020-06-10 20:38:40.447 TRACE 56553 --- [    Test worker] o.h.type.descriptor.sql.BasicBinder      : binding parameter [8] as [BIGINT] - [null]
2020-06-10 20:38:40.447 TRACE 56553 --- [    Test worker] o.h.type.descriptor.sql.BasicBinder      : binding parameter [9] as [BIGINT] - [32]
2020-06-10 20:38:40.447 TRACE 56553 --- [    Test worker] o.h.type.descriptor.sql.BasicBinder      : binding parameter [10] as [VARCHAR] - [null]
2020-06-10 20:38:40.447 TRACE 56553 --- [    Test worker] o.h.type.descriptor.sql.BasicBinder      : binding parameter [11] as [VARCHAR] - [-4962768465676381896]
2020-06-10 20:38:40.448 TRACE 56553 --- [    Test worker] o.h.type.descriptor.sql.BasicBinder      : binding parameter [12] as [VARCHAR] - [null]
2020-06-10 20:38:40.448 TRACE 56553 --- [    Test worker] o.h.type.descriptor.sql.BasicBinder      : binding parameter [13] as [VARCHAR] - [null]
2020-06-10 20:38:40.448 TRACE 56553 --- [    Test worker] o.h.type.descriptor.sql.BasicBinder      : binding parameter [14] as [VARCHAR] - [null]
2020-06-10 20:38:40.448 TRACE 56553 --- [    Test worker] o.h.type.descriptor.sql.BasicBinder      : binding parameter [15] as [BOOLEAN] - [false]
2020-06-10 20:38:40.448 TRACE 56553 --- [    Test worker] o.h.type.descriptor.sql.BasicBinder      : binding parameter [16] as [VARCHAR] - [null]
2020-06-10 20:38:40.448 TRACE 56553 --- [    Test worker] o.h.type.descriptor.sql.BasicBinder      : binding parameter [17] as [TIMESTAMP] - [Wed Jun 10 20:38:40 EEST 2020]
2020-06-10 20:38:40.448 TRACE 56553 --- [    Test worker] o.h.type.descriptor.sql.BasicBinder      : binding parameter [18] as [VARCHAR] - [null]
2020-06-10 20:38:40.448 TRACE 56553 --- [    Test worker] o.h.type.descriptor.sql.BasicBinder      : binding parameter [19] as [VARCHAR] - [null]
2020-06-10 20:38:40.448 TRACE 56553 --- [    Test worker] o.h.type.descriptor.sql.BasicBinder      : binding parameter [20] as [BOOLEAN] - [false]
2020-06-10 20:38:40.448 TRACE 56553 --- [    Test worker] o.h.type.descriptor.sql.BasicBinder      : binding parameter [21] as [TIMESTAMP] - [null]
2020-06-10 20:38:40.448 TRACE 56553 --- [    Test worker] o.h.type.descriptor.sql.BasicBinder      : binding parameter [22] as [VARCHAR] - [null]
2020-06-10 20:38:40.448 TRACE 56553 --- [    Test worker] o.h.type.descriptor.sql.BasicBinder      : binding parameter [23] as [TIMESTAMP] - [null]
2020-06-10 20:38:40.448 TRACE 56553 --- [    Test worker] o.h.type.descriptor.sql.BasicBinder      : binding parameter [24] as [BIGINT] - [null]
2020-06-10 20:38:40.448 TRACE 56553 --- [    Test worker] o.h.type.descriptor.sql.BasicBinder      : binding parameter [25] as [VARCHAR] - [null]
2020-06-10 20:38:40.448 TRACE 56553 --- [    Test worker] o.h.type.descriptor.sql.BasicBinder      : binding parameter [26] as [VARCHAR] - [null]
2020-06-10 20:38:40.448 TRACE 56553 --- [    Test worker] o.h.type.descriptor.sql.BasicBinder      : binding parameter [27] as [VARCHAR] - [null]
2020-06-10 20:38:40.448 TRACE 56553 --- [    Test worker] o.h.type.descriptor.sql.BasicBinder      : binding parameter [28] as [VARCHAR] - [null]
2020-06-10 20:38:40.448 TRACE 56553 --- [    Test worker] o.h.type.descriptor.sql.BasicBinder      : binding parameter [29] as [DATE] - [null]
2020-06-10 20:38:40.448 TRACE 56553 --- [    Test worker] o.h.type.descriptor.sql.BasicBinder      : binding parameter [30] as [VARCHAR] - [null]
2020-06-10 20:38:40.448 TRACE 56553 --- [    Test worker] o.h.type.descriptor.sql.BasicBinder      : binding parameter [31] as [BIGINT] - [38]
2020-06-10 20:38:40.448 TRACE 56553 --- [    Test worker] o.h.type.descriptor.sql.BasicBinder      : binding parameter [32] as [BIGINT] - [0]
Hibernate: 
    update
        organisaatio 
    set
        version=?,
        alkupvm=?,
        domainnimi=?,
        kotipaikka=?,
        kuvaus_mkt=?,
        lakkautuspvm=?,
        maa=?,
        metadata_id=?,
        nimi_mkt=?,
        nimihaku=?,
        oid=?,
        opetuspisteenjarjnro=?,
        oppilaitoskoodi=?,
        oppilaitos_tyyppi=?,
        organisaatio_poistettu=?,
        paivittaja=?,
        paivityspvm=?,
        parentidpath=?,
        parentoidpath=?,
        piilotettu=?,
        tarkastus_pvm=?,
        toimipistekoodi=?,
        tuontipvm=?,
        varhaiskasvatuksen_toimipaikka_tiedot_id=?,
        virastotunnus=?,
        yhteishaunkoulukoodi=?,
        yritysmuoto=?,
        ytj_kieli=?,
        ytjpaivityspvm=?,
        ytunnus=? 
    where
        id=? 
        and version=?
2020-06-10 20:38:40.449 TRACE 56553 --- [    Test worker] o.h.type.descriptor.sql.BasicBinder      : binding parameter [1] as [BIGINT] - [1]
2020-06-10 20:38:40.449 TRACE 56553 --- [    Test worker] o.h.type.descriptor.sql.BasicBinder      : binding parameter [2] as [DATE] - [null]
2020-06-10 20:38:40.449 TRACE 56553 --- [    Test worker] o.h.type.descriptor.sql.BasicBinder      : binding parameter [3] as [VARCHAR] - [null]
2020-06-10 20:38:40.449 TRACE 56553 --- [    Test worker] o.h.type.descriptor.sql.BasicBinder      : binding parameter [4] as [VARCHAR] - [null]
2020-06-10 20:38:40.449 TRACE 56553 --- [    Test worker] o.h.type.descriptor.sql.BasicBinder      : binding parameter [5] as [BIGINT] - [null]
2020-06-10 20:38:40.449 TRACE 56553 --- [    Test worker] o.h.type.descriptor.sql.BasicBinder      : binding parameter [6] as [DATE] - [null]
2020-06-10 20:38:40.449 TRACE 56553 --- [    Test worker] o.h.type.descriptor.sql.BasicBinder      : binding parameter [7] as [VARCHAR] - [null]
2020-06-10 20:38:40.449 TRACE 56553 --- [    Test worker] o.h.type.descriptor.sql.BasicBinder      : binding parameter [8] as [BIGINT] - [null]
2020-06-10 20:38:40.449 TRACE 56553 --- [    Test worker] o.h.type.descriptor.sql.BasicBinder      : binding parameter [9] as [BIGINT] - [33]
2020-06-10 20:38:40.449 TRACE 56553 --- [    Test worker] o.h.type.descriptor.sql.BasicBinder      : binding parameter [10] as [VARCHAR] - [null]
2020-06-10 20:38:40.450 TRACE 56553 --- [    Test worker] o.h.type.descriptor.sql.BasicBinder      : binding parameter [11] as [VARCHAR] - [4437113781045784766]
2020-06-10 20:38:40.450 TRACE 56553 --- [    Test worker] o.h.type.descriptor.sql.BasicBinder      : binding parameter [12] as [VARCHAR] - [null]
2020-06-10 20:38:40.450 TRACE 56553 --- [    Test worker] o.h.type.descriptor.sql.BasicBinder      : binding parameter [13] as [VARCHAR] - [null]
2020-06-10 20:38:40.450 TRACE 56553 --- [    Test worker] o.h.type.descriptor.sql.BasicBinder      : binding parameter [14] as [VARCHAR] - [null]
2020-06-10 20:38:40.450 TRACE 56553 --- [    Test worker] o.h.type.descriptor.sql.BasicBinder      : binding parameter [15] as [BOOLEAN] - [false]
2020-06-10 20:38:40.450 TRACE 56553 --- [    Test worker] o.h.type.descriptor.sql.BasicBinder      : binding parameter [16] as [VARCHAR] - [null]
2020-06-10 20:38:40.450 TRACE 56553 --- [    Test worker] o.h.type.descriptor.sql.BasicBinder      : binding parameter [17] as [TIMESTAMP] - [Wed Jun 10 20:38:40 EEST 2020]
2020-06-10 20:38:40.450 TRACE 56553 --- [    Test worker] o.h.type.descriptor.sql.BasicBinder      : binding parameter [18] as [VARCHAR] - [null]
2020-06-10 20:38:40.450 TRACE 56553 --- [    Test worker] o.h.type.descriptor.sql.BasicBinder      : binding parameter [19] as [VARCHAR] - [null]
2020-06-10 20:38:40.450 TRACE 56553 --- [    Test worker] o.h.type.descriptor.sql.BasicBinder      : binding parameter [20] as [BOOLEAN] - [false]
2020-06-10 20:38:40.450 TRACE 56553 --- [    Test worker] o.h.type.descriptor.sql.BasicBinder      : binding parameter [21] as [TIMESTAMP] - [null]
2020-06-10 20:38:40.450 TRACE 56553 --- [    Test worker] o.h.type.descriptor.sql.BasicBinder      : binding parameter [22] as [VARCHAR] - [null]
2020-06-10 20:38:40.450 TRACE 56553 --- [    Test worker] o.h.type.descriptor.sql.BasicBinder      : binding parameter [23] as [TIMESTAMP] - [null]
2020-06-10 20:38:40.450 TRACE 56553 --- [    Test worker] o.h.type.descriptor.sql.BasicBinder      : binding parameter [24] as [BIGINT] - [null]
2020-06-10 20:38:40.450 TRACE 56553 --- [    Test worker] o.h.type.descriptor.sql.BasicBinder      : binding parameter [25] as [VARCHAR] - [null]
2020-06-10 20:38:40.450 TRACE 56553 --- [    Test worker] o.h.type.descriptor.sql.BasicBinder      : binding parameter [26] as [VARCHAR] - [null]
2020-06-10 20:38:40.450 TRACE 56553 --- [    Test worker] o.h.type.descriptor.sql.BasicBinder      : binding parameter [27] as [VARCHAR] - [null]
2020-06-10 20:38:40.450 TRACE 56553 --- [    Test worker] o.h.type.descriptor.sql.BasicBinder      : binding parameter [28] as [VARCHAR] - [null]
2020-06-10 20:38:40.450 TRACE 56553 --- [    Test worker] o.h.type.descriptor.sql.BasicBinder      : binding parameter [29] as [DATE] - [null]
2020-06-10 20:38:40.450 TRACE 56553 --- [    Test worker] o.h.type.descriptor.sql.BasicBinder      : binding parameter [30] as [VARCHAR] - [null]
2020-06-10 20:38:40.450 TRACE 56553 --- [    Test worker] o.h.type.descriptor.sql.BasicBinder      : binding parameter [31] as [BIGINT] - [39]
2020-06-10 20:38:40.450 TRACE 56553 --- [    Test worker] o.h.type.descriptor.sql.BasicBinder      : binding parameter [32] as [BIGINT] - [0]
Hibernate: 
    insert 
    into
        organisaatio_tyypit
        (organisaatio_id, tyypit) 
    values
        (?, ?)
2020-06-10 20:38:40.451 TRACE 56553 --- [    Test worker] o.h.type.descriptor.sql.BasicBinder      : binding parameter [1] as [BIGINT] - [38]
2020-06-10 20:38:40.451 TRACE 56553 --- [    Test worker] o.h.type.descriptor.sql.BasicBinder      : binding parameter [2] as [VARCHAR] - [organisaatiotyyppi_02]
Hibernate: 
    insert 
    into
        monikielinen_teksti_values
        (id, key, value) 
    values
        (?, ?, ?)
2020-06-10 20:38:40.451 TRACE 56553 --- [    Test worker] o.h.type.descriptor.sql.BasicBinder      : binding parameter [1] as [BIGINT] - [32]
2020-06-10 20:38:40.451 TRACE 56553 --- [    Test worker] o.h.type.descriptor.sql.BasicBinder      : binding parameter [2] as [VARCHAR] - [FI]
2020-06-10 20:38:40.451 TRACE 56553 --- [    Test worker] o.h.type.descriptor.sql.BasicBinder      : binding parameter [3] as [VARCHAR] - [A]
Hibernate: 
    insert 
    into
        monikielinen_teksti_values
        (id, key, value) 
    values
        (?, ?, ?)
2020-06-10 20:38:40.452 TRACE 56553 --- [    Test worker] o.h.type.descriptor.sql.BasicBinder      : binding parameter [1] as [BIGINT] - [33]
2020-06-10 20:38:40.452 TRACE 56553 --- [    Test worker] o.h.type.descriptor.sql.BasicBinder      : binding parameter [2] as [VARCHAR] - [FI]
2020-06-10 20:38:40.452 TRACE 56553 --- [    Test worker] o.h.type.descriptor.sql.BasicBinder      : binding parameter [3] as [VARCHAR] - [B]
Hibernate: 
    select
        distinct organisaat0_.id as id1_5_,
        organisaat0_.version as version2_5_,
        organisaat0_.alkupvm as alkupvm3_5_,
        organisaat0_.domainnimi as domainni4_5_,
        organisaat0_.kotipaikka as kotipaik5_5_,
        organisaat0_.kuvaus_mkt as kuvaus_28_5_,
        organisaat0_.lakkautuspvm as lakkautu6_5_,
        organisaat0_.maa as maa7_5_,
        organisaat0_.metadata_id as metadat29_5_,
        organisaat0_.nimi_mkt as nimi_mk30_5_,
        organisaat0_.nimihaku as nimihaku8_5_,
        organisaat0_.oid as oid9_5_,
        organisaat0_.opetuspisteenjarjnro as opetusp10_5_,
        organisaat0_.oppilaitoskoodi as oppilai11_5_,
        organisaat0_.oppilaitos_tyyppi as oppilai12_5_,
        organisaat0_.organisaatio_poistettu as organis13_5_,
        organisaat0_.paivittaja as paivitt14_5_,
        organisaat0_.paivityspvm as paivity15_5_,
        organisaat0_.parentidpath as parenti16_5_,
        organisaat0_.parentoidpath as parento17_5_,
        organisaat0_.piilotettu as piilote18_5_,
        organisaat0_.tarkastus_pvm as tarkast19_5_,
        organisaat0_.toimipistekoodi as toimipi20_5_,
        organisaat0_.tuontipvm as tuontip21_5_,
        organisaat0_.varhaiskasvatuksen_toimipaikka_tiedot_id as varhais31_5_,
        organisaat0_.virastotunnus as virasto22_5_,
        organisaat0_.yhteishaunkoulukoodi as yhteish23_5_,
        organisaat0_.yritysmuoto as yritysm24_5_,
        organisaat0_.ytj_kieli as ytj_kie25_5_,
        organisaat0_.ytjpaivityspvm as ytjpaiv26_5_,
        organisaat0_.ytunnus as ytunnus27_5_ 
    from
        organisaatio organisaat0_ 
    where
        organisaat0_.paivityspvm>? 
        and (
            exists (
                select
                    1 
                from
                    organisaatio organisaat1_ 
                inner join
                    organisaatio_tyypit tyypit2_ 
                        on organisaat1_.id=tyypit2_.organisaatio_id 
                where
                    organisaat1_.id=organisaat0_.id 
                    and tyypit2_.tyypit=?
            )
        )
2020-06-10 20:38:40.453 TRACE 56553 --- [    Test worker] o.h.type.descriptor.sql.BasicBinder      : binding parameter [1] as [TIMESTAMP] - [Wed Jun 10 20:38:40 EEST 2020]
2020-06-10 20:38:40.453 TRACE 56553 --- [    Test worker] o.h.type.descriptor.sql.BasicBinder      : binding parameter [2] as [VARCHAR] - [organisaatiotyyppi_02]
2020-06-10 20:38:40.453 TRACE 56553 --- [    Test worker] o.h.type.descriptor.sql.BasicExtractor   : extracted value ([id1_5_] : [BIGINT]) - [38]
2020-06-10 20:38:40.456  INFO 56553 --- [    Test worker] o.s.t.c.transaction.TransactionContext   : Rolled back transaction for test: [DefaultTestContext@6d49fbd0 testClass = OrganisaatioRepositoryImplTest, testInstance = fi.vm.sade.organisaatio.repository.OrganisaatioRepositoryImplTest@42efbbcf, testMethod = findModifedSinceLimitsByOrganizationType@OrganisaatioRepositoryImplTest, testException = [null], mergedContextConfiguration = [WebMergedContextConfiguration@6b2d0172 testClass = OrganisaatioRepositoryImplTest, locations = '{}', classes = '{class fi.vm.sade.organisaatio.OrganisaatioApplication}', contextInitializerClasses = '[]', activeProfiles = '{}', propertySourceLocations = '{}', propertySourceProperties = '{org.springframework.boot.test.context.SpringBootTestContextBootstrapper=true}', contextCustomizers = set[org.springframework.boot.test.autoconfigure.properties.PropertyMappingContextCustomizer@83020a4e, org.springframework.boot.test.autoconfigure.web.servlet.WebDriverContextCustomizerFactory$Customizer@5e540114, [ImportsContextCustomizer@1cb00945 key = [org.springframework.boot.test.autoconfigure.jdbc.TestDatabaseAutoConfiguration, org.springframework.boot.autoconfigure.jdbc.DataSourceAutoConfiguration]], org.springframework.boot.test.context.filter.ExcludeFilterContextCustomizer@41cdf26a, org.springframework.boot.test.json.DuplicateJsonObjectContextCustomizerFactory$DuplicateJsonObjectContextCustomizer@1e95fe99, org.springframework.boot.test.mock.mockito.MockitoContextCustomizer@0, org.springframework.boot.test.web.client.TestRestTemplateContextCustomizer@6d8bcece, org.springframework.boot.test.context.SpringBootTestArgs@1], resourceBasePath = 'src/main/webapp', contextLoader = 'org.springframework.boot.test.context.SpringBootContextLoader', parent = [null]], attributes = map['org.springframework.test.context.web.ServletTestExecutionListener.activateListener' -> true, 'org.springframework.test.context.web.ServletTestExecutionListener.populatedRequestContextHolder' -> true, 'org.springframework.test.context.web.ServletTestExecutionListener.resetRequestContextHolder' -> true]]
2020-06-10 20:38:40.458  INFO 56553 --- [    Test worker] o.s.t.c.transaction.TransactionContext   : Began transaction (1) for test context [DefaultTestContext@6d49fbd0 testClass = OrganisaatioRepositoryImplTest, testInstance = fi.vm.sade.organisaatio.repository.OrganisaatioRepositoryImplTest@434356b5, testMethod = findModifedSinceIncludesDiscontinuedInTheFuture@OrganisaatioRepositoryImplTest, testException = [null], mergedContextConfiguration = [WebMergedContextConfiguration@6b2d0172 testClass = OrganisaatioRepositoryImplTest, locations = '{}', classes = '{class fi.vm.sade.organisaatio.OrganisaatioApplication}', contextInitializerClasses = '[]', activeProfiles = '{}', propertySourceLocations = '{}', propertySourceProperties = '{org.springframework.boot.test.context.SpringBootTestContextBootstrapper=true}', contextCustomizers = set[org.springframework.boot.test.autoconfigure.properties.PropertyMappingContextCustomizer@83020a4e, org.springframework.boot.test.autoconfigure.web.servlet.WebDriverContextCustomizerFactory$Customizer@5e540114, [ImportsContextCustomizer@1cb00945 key = [org.springframework.boot.test.autoconfigure.jdbc.TestDatabaseAutoConfiguration, org.springframework.boot.autoconfigure.jdbc.DataSourceAutoConfiguration]], org.springframework.boot.test.context.filter.ExcludeFilterContextCustomizer@41cdf26a, org.springframework.boot.test.json.DuplicateJsonObjectContextCustomizerFactory$DuplicateJsonObjectContextCustomizer@1e95fe99, org.springframework.boot.test.mock.mockito.MockitoContextCustomizer@0, org.springframework.boot.test.web.client.TestRestTemplateContextCustomizer@6d8bcece, org.springframework.boot.test.context.SpringBootTestArgs@1], resourceBasePath = 'src/main/webapp', contextLoader = 'org.springframework.boot.test.context.SpringBootContextLoader', parent = [null]], attributes = map['org.springframework.test.context.web.ServletTestExecutionListener.activateListener' -> true, 'org.springframework.test.context.web.ServletTestExecutionListener.populatedRequestContextHolder' -> true, 'org.springframework.test.context.web.ServletTestExecutionListener.resetRequestContextHolder' -> true]]; transaction manager [org.springframework.orm.jpa.JpaTransactionManager@20031d49]; rollback [true]
2020-06-10 20:38:40.459  INFO 56553 --- [    Test worker] f.v.s.o.r.OrganisaatioRepositoryImplTest : createOrganisaatio(A)
Hibernate: 
    insert 
    into
        monikielinen_teksti
        (id, version) 
    values
        (null, ?)
2020-06-10 20:38:40.459 TRACE 56553 --- [    Test worker] o.h.type.descriptor.sql.BasicBinder      : binding parameter [1] as [BIGINT] - [0]
Hibernate: 
    insert 
    into
        organisaatio
        (id, version, alkupvm, domainnimi, kotipaikka, kuvaus_mkt, lakkautuspvm, maa, metadata_id, nimi_mkt, nimihaku, oid, opetuspisteenjarjnro, oppilaitoskoodi, oppilaitos_tyyppi, organisaatio_poistettu, paivittaja, paivityspvm, parentidpath, parentoidpath, piilotettu, tarkastus_pvm, toimipistekoodi, tuontipvm, varhaiskasvatuksen_toimipaikka_tiedot_id, virastotunnus, yhteishaunkoulukoodi, yritysmuoto, ytj_kieli, ytjpaivityspvm, ytunnus) 
    values
        (null, ?, ?, ?, ?, ?, ?, ?, ?, ?, ?, ?, ?, ?, ?, ?, ?, ?, ?, ?, ?, ?, ?, ?, ?, ?, ?, ?, ?, ?, ?)
2020-06-10 20:38:40.460 TRACE 56553 --- [    Test worker] o.h.type.descriptor.sql.BasicBinder      : binding parameter [1] as [BIGINT] - [0]
2020-06-10 20:38:40.460 TRACE 56553 --- [    Test worker] o.h.type.descriptor.sql.BasicBinder      : binding parameter [2] as [DATE] - [null]
2020-06-10 20:38:40.460 TRACE 56553 --- [    Test worker] o.h.type.descriptor.sql.BasicBinder      : binding parameter [3] as [VARCHAR] - [null]
2020-06-10 20:38:40.460 TRACE 56553 --- [    Test worker] o.h.type.descriptor.sql.BasicBinder      : binding parameter [4] as [VARCHAR] - [null]
2020-06-10 20:38:40.460 TRACE 56553 --- [    Test worker] o.h.type.descriptor.sql.BasicBinder      : binding parameter [5] as [BIGINT] - [null]
2020-06-10 20:38:40.460 TRACE 56553 --- [    Test worker] o.h.type.descriptor.sql.BasicBinder      : binding parameter [6] as [DATE] - [null]
2020-06-10 20:38:40.460 TRACE 56553 --- [    Test worker] o.h.type.descriptor.sql.BasicBinder      : binding parameter [7] as [VARCHAR] - [null]
2020-06-10 20:38:40.460 TRACE 56553 --- [    Test worker] o.h.type.descriptor.sql.BasicBinder      : binding parameter [8] as [BIGINT] - [null]
2020-06-10 20:38:40.460 TRACE 56553 --- [    Test worker] o.h.type.descriptor.sql.BasicBinder      : binding parameter [9] as [BIGINT] - [34]
2020-06-10 20:38:40.460 TRACE 56553 --- [    Test worker] o.h.type.descriptor.sql.BasicBinder      : binding parameter [10] as [VARCHAR] - [null]
2020-06-10 20:38:40.460 TRACE 56553 --- [    Test worker] o.h.type.descriptor.sql.BasicBinder      : binding parameter [11] as [VARCHAR] - [-4962768465676381896]
2020-06-10 20:38:40.460 TRACE 56553 --- [    Test worker] o.h.type.descriptor.sql.BasicBinder      : binding parameter [12] as [VARCHAR] - [null]
2020-06-10 20:38:40.460 TRACE 56553 --- [    Test worker] o.h.type.descriptor.sql.BasicBinder      : binding parameter [13] as [VARCHAR] - [null]
2020-06-10 20:38:40.460 TRACE 56553 --- [    Test worker] o.h.type.descriptor.sql.BasicBinder      : binding parameter [14] as [VARCHAR] - [null]
2020-06-10 20:38:40.461 TRACE 56553 --- [    Test worker] o.h.type.descriptor.sql.BasicBinder      : binding parameter [15] as [BOOLEAN] - [false]
2020-06-10 20:38:40.461 TRACE 56553 --- [    Test worker] o.h.type.descriptor.sql.BasicBinder      : binding parameter [16] as [VARCHAR] - [null]
2020-06-10 20:38:40.461 TRACE 56553 --- [    Test worker] o.h.type.descriptor.sql.BasicBinder      : binding parameter [17] as [TIMESTAMP] - [null]
2020-06-10 20:38:40.461 TRACE 56553 --- [    Test worker] o.h.type.descriptor.sql.BasicBinder      : binding parameter [18] as [VARCHAR] - [null]
2020-06-10 20:38:40.461 TRACE 56553 --- [    Test worker] o.h.type.descriptor.sql.BasicBinder      : binding parameter [19] as [VARCHAR] - [null]
2020-06-10 20:38:40.461 TRACE 56553 --- [    Test worker] o.h.type.descriptor.sql.BasicBinder      : binding parameter [20] as [BOOLEAN] - [false]
2020-06-10 20:38:40.461 TRACE 56553 --- [    Test worker] o.h.type.descriptor.sql.BasicBinder      : binding parameter [21] as [TIMESTAMP] - [null]
2020-06-10 20:38:40.461 TRACE 56553 --- [    Test worker] o.h.type.descriptor.sql.BasicBinder      : binding parameter [22] as [VARCHAR] - [null]
2020-06-10 20:38:40.461 TRACE 56553 --- [    Test worker] o.h.type.descriptor.sql.BasicBinder      : binding parameter [23] as [TIMESTAMP] - [null]
2020-06-10 20:38:40.461 TRACE 56553 --- [    Test worker] o.h.type.descriptor.sql.BasicBinder      : binding parameter [24] as [BIGINT] - [null]
2020-06-10 20:38:40.461 TRACE 56553 --- [    Test worker] o.h.type.descriptor.sql.BasicBinder      : binding parameter [25] as [VARCHAR] - [null]
2020-06-10 20:38:40.461 TRACE 56553 --- [    Test worker] o.h.type.descriptor.sql.BasicBinder      : binding parameter [26] as [VARCHAR] - [null]
2020-06-10 20:38:40.461 TRACE 56553 --- [    Test worker] o.h.type.descriptor.sql.BasicBinder      : binding parameter [27] as [VARCHAR] - [null]
2020-06-10 20:38:40.461 TRACE 56553 --- [    Test worker] o.h.type.descriptor.sql.BasicBinder      : binding parameter [28] as [VARCHAR] - [null]
2020-06-10 20:38:40.461 TRACE 56553 --- [    Test worker] o.h.type.descriptor.sql.BasicBinder      : binding parameter [29] as [DATE] - [null]
2020-06-10 20:38:40.461 TRACE 56553 --- [    Test worker] o.h.type.descriptor.sql.BasicBinder      : binding parameter [30] as [VARCHAR] - [null]
Hibernate: 
    insert 
    into
        yhteystieto
        (id, version, kieli, organisaatio_id, yhteystieto_oid, coordinatetype, extrarivi, lat, lng, maa, osavaltio, osoite, osoite_tyyppi, postinumero, postitoimipaikka, ytjpaivityspvm, dtype) 
    values
        (null, ?, ?, ?, ?, ?, ?, ?, ?, ?, ?, ?, ?, ?, ?, ?, 'Osoite')
2020-06-10 20:38:40.462 TRACE 56553 --- [    Test worker] o.h.type.descriptor.sql.BasicBinder      : binding parameter [1] as [BIGINT] - [0]
2020-06-10 20:38:40.462 TRACE 56553 --- [    Test worker] o.h.type.descriptor.sql.BasicBinder      : binding parameter [2] as [VARCHAR] - [null]
2020-06-10 20:38:40.462 TRACE 56553 --- [    Test worker] o.h.type.descriptor.sql.BasicBinder      : binding parameter [3] as [BIGINT] - [null]
2020-06-10 20:38:40.462 TRACE 56553 --- [    Test worker] o.h.type.descriptor.sql.BasicBinder      : binding parameter [4] as [VARCHAR] - [5c8b09e8-0d81-4d87-9cdb-03646f6e41b8]
2020-06-10 20:38:40.462 TRACE 56553 --- [    Test worker] o.h.type.descriptor.sql.BasicBinder      : binding parameter [5] as [VARCHAR] - [null]
2020-06-10 20:38:40.462 TRACE 56553 --- [    Test worker] o.h.type.descriptor.sql.BasicBinder      : binding parameter [6] as [VARCHAR] - [null]
2020-06-10 20:38:40.462 TRACE 56553 --- [    Test worker] o.h.type.descriptor.sql.BasicBinder      : binding parameter [7] as [DOUBLE] - [null]
2020-06-10 20:38:40.462 TRACE 56553 --- [    Test worker] o.h.type.descriptor.sql.BasicBinder      : binding parameter [8] as [DOUBLE] - [null]
2020-06-10 20:38:40.462 TRACE 56553 --- [    Test worker] o.h.type.descriptor.sql.BasicBinder      : binding parameter [9] as [VARCHAR] - [null]
2020-06-10 20:38:40.462 TRACE 56553 --- [    Test worker] o.h.type.descriptor.sql.BasicBinder      : binding parameter [10] as [VARCHAR] - [null]
2020-06-10 20:38:40.462 TRACE 56553 --- [    Test worker] o.h.type.descriptor.sql.BasicBinder      : binding parameter [11] as [VARCHAR] - [katu]
2020-06-10 20:38:40.462 TRACE 56553 --- [    Test worker] o.h.type.descriptor.sql.BasicBinder      : binding parameter [12] as [VARCHAR] - [kaynti]
2020-06-10 20:38:40.462 TRACE 56553 --- [    Test worker] o.h.type.descriptor.sql.BasicBinder      : binding parameter [13] as [VARCHAR] - [0000]
2020-06-10 20:38:40.462 TRACE 56553 --- [    Test worker] o.h.type.descriptor.sql.BasicBinder      : binding parameter [14] as [VARCHAR] - [Helsinki]
2020-06-10 20:38:40.462 TRACE 56553 --- [    Test worker] o.h.type.descriptor.sql.BasicBinder      : binding parameter [15] as [DATE] - [null]
Hibernate: 
    update
        organisaatio 
    set
        version=?,
        alkupvm=?,
        domainnimi=?,
        kotipaikka=?,
        kuvaus_mkt=?,
        lakkautuspvm=?,
        maa=?,
        metadata_id=?,
        nimi_mkt=?,
        nimihaku=?,
        oid=?,
        opetuspisteenjarjnro=?,
        oppilaitoskoodi=?,
        oppilaitos_tyyppi=?,
        organisaatio_poistettu=?,
        paivittaja=?,
        paivityspvm=?,
        parentidpath=?,
        parentoidpath=?,
        piilotettu=?,
        tarkastus_pvm=?,
        toimipistekoodi=?,
        tuontipvm=?,
        varhaiskasvatuksen_toimipaikka_tiedot_id=?,
        virastotunnus=?,
        yhteishaunkoulukoodi=?,
        yritysmuoto=?,
        ytj_kieli=?,
        ytjpaivityspvm=?,
        ytunnus=? 
    where
        id=? 
        and version=?
2020-06-10 20:38:40.464 TRACE 56553 --- [    Test worker] o.h.type.descriptor.sql.BasicBinder      : binding parameter [1] as [BIGINT] - [1]
2020-06-10 20:38:40.464 TRACE 56553 --- [    Test worker] o.h.type.descriptor.sql.BasicBinder      : binding parameter [2] as [DATE] - [null]
2020-06-10 20:38:40.464 TRACE 56553 --- [    Test worker] o.h.type.descriptor.sql.BasicBinder      : binding parameter [3] as [VARCHAR] - [null]
2020-06-10 20:38:40.464 TRACE 56553 --- [    Test worker] o.h.type.descriptor.sql.BasicBinder      : binding parameter [4] as [VARCHAR] - [null]
2020-06-10 20:38:40.464 TRACE 56553 --- [    Test worker] o.h.type.descriptor.sql.BasicBinder      : binding parameter [5] as [BIGINT] - [null]
2020-06-10 20:38:40.464 TRACE 56553 --- [    Test worker] o.h.type.descriptor.sql.BasicBinder      : binding parameter [6] as [DATE] - [Thu Jun 11 00:00:00 EEST 2020]
2020-06-10 20:38:40.464 TRACE 56553 --- [    Test worker] o.h.type.descriptor.sql.BasicBinder      : binding parameter [7] as [VARCHAR] - [null]
2020-06-10 20:38:40.464 TRACE 56553 --- [    Test worker] o.h.type.descriptor.sql.BasicBinder      : binding parameter [8] as [BIGINT] - [null]
2020-06-10 20:38:40.464 TRACE 56553 --- [    Test worker] o.h.type.descriptor.sql.BasicBinder      : binding parameter [9] as [BIGINT] - [34]
2020-06-10 20:38:40.464 TRACE 56553 --- [    Test worker] o.h.type.descriptor.sql.BasicBinder      : binding parameter [10] as [VARCHAR] - [null]
2020-06-10 20:38:40.464 TRACE 56553 --- [    Test worker] o.h.type.descriptor.sql.BasicBinder      : binding parameter [11] as [VARCHAR] - [-4962768465676381896]
2020-06-10 20:38:40.464 TRACE 56553 --- [    Test worker] o.h.type.descriptor.sql.BasicBinder      : binding parameter [12] as [VARCHAR] - [null]
2020-06-10 20:38:40.464 TRACE 56553 --- [    Test worker] o.h.type.descriptor.sql.BasicBinder      : binding parameter [13] as [VARCHAR] - [null]
2020-06-10 20:38:40.464 TRACE 56553 --- [    Test worker] o.h.type.descriptor.sql.BasicBinder      : binding parameter [14] as [VARCHAR] - [null]
2020-06-10 20:38:40.464 TRACE 56553 --- [    Test worker] o.h.type.descriptor.sql.BasicBinder      : binding parameter [15] as [BOOLEAN] - [false]
2020-06-10 20:38:40.464 TRACE 56553 --- [    Test worker] o.h.type.descriptor.sql.BasicBinder      : binding parameter [16] as [VARCHAR] - [null]
2020-06-10 20:38:40.464 TRACE 56553 --- [    Test worker] o.h.type.descriptor.sql.BasicBinder      : binding parameter [17] as [TIMESTAMP] - [Wed Jun 10 20:38:40 EEST 2020]
2020-06-10 20:38:40.464 TRACE 56553 --- [    Test worker] o.h.type.descriptor.sql.BasicBinder      : binding parameter [18] as [VARCHAR] - [null]
2020-06-10 20:38:40.464 TRACE 56553 --- [    Test worker] o.h.type.descriptor.sql.BasicBinder      : binding parameter [19] as [VARCHAR] - [null]
2020-06-10 20:38:40.464 TRACE 56553 --- [    Test worker] o.h.type.descriptor.sql.BasicBinder      : binding parameter [20] as [BOOLEAN] - [false]
2020-06-10 20:38:40.464 TRACE 56553 --- [    Test worker] o.h.type.descriptor.sql.BasicBinder      : binding parameter [21] as [TIMESTAMP] - [null]
2020-06-10 20:38:40.464 TRACE 56553 --- [    Test worker] o.h.type.descriptor.sql.BasicBinder      : binding parameter [22] as [VARCHAR] - [null]
2020-06-10 20:38:40.465 TRACE 56553 --- [    Test worker] o.h.type.descriptor.sql.BasicBinder      : binding parameter [23] as [TIMESTAMP] - [null]
2020-06-10 20:38:40.465 TRACE 56553 --- [    Test worker] o.h.type.descriptor.sql.BasicBinder      : binding parameter [24] as [BIGINT] - [null]
2020-06-10 20:38:40.465 TRACE 56553 --- [    Test worker] o.h.type.descriptor.sql.BasicBinder      : binding parameter [25] as [VARCHAR] - [null]
2020-06-10 20:38:40.465 TRACE 56553 --- [    Test worker] o.h.type.descriptor.sql.BasicBinder      : binding parameter [26] as [VARCHAR] - [null]
2020-06-10 20:38:40.465 TRACE 56553 --- [    Test worker] o.h.type.descriptor.sql.BasicBinder      : binding parameter [27] as [VARCHAR] - [null]
2020-06-10 20:38:40.465 TRACE 56553 --- [    Test worker] o.h.type.descriptor.sql.BasicBinder      : binding parameter [28] as [VARCHAR] - [null]
2020-06-10 20:38:40.465 TRACE 56553 --- [    Test worker] o.h.type.descriptor.sql.BasicBinder      : binding parameter [29] as [DATE] - [null]
2020-06-10 20:38:40.465 TRACE 56553 --- [    Test worker] o.h.type.descriptor.sql.BasicBinder      : binding parameter [30] as [VARCHAR] - [null]
2020-06-10 20:38:40.465 TRACE 56553 --- [    Test worker] o.h.type.descriptor.sql.BasicBinder      : binding parameter [31] as [BIGINT] - [40]
2020-06-10 20:38:40.465 TRACE 56553 --- [    Test worker] o.h.type.descriptor.sql.BasicBinder      : binding parameter [32] as [BIGINT] - [0]
Hibernate: 
    insert 
    into
        monikielinen_teksti_values
        (id, key, value) 
    values
        (?, ?, ?)
2020-06-10 20:38:40.465 TRACE 56553 --- [    Test worker] o.h.type.descriptor.sql.BasicBinder      : binding parameter [1] as [BIGINT] - [34]
2020-06-10 20:38:40.465 TRACE 56553 --- [    Test worker] o.h.type.descriptor.sql.BasicBinder      : binding parameter [2] as [VARCHAR] - [FI]
2020-06-10 20:38:40.466 TRACE 56553 --- [    Test worker] o.h.type.descriptor.sql.BasicBinder      : binding parameter [3] as [VARCHAR] - [A]
Hibernate: 
    select
        distinct organisaat0_.id as id1_5_,
        organisaat0_.version as version2_5_,
        organisaat0_.alkupvm as alkupvm3_5_,
        organisaat0_.domainnimi as domainni4_5_,
        organisaat0_.kotipaikka as kotipaik5_5_,
        organisaat0_.kuvaus_mkt as kuvaus_28_5_,
        organisaat0_.lakkautuspvm as lakkautu6_5_,
        organisaat0_.maa as maa7_5_,
        organisaat0_.metadata_id as metadat29_5_,
        organisaat0_.nimi_mkt as nimi_mk30_5_,
        organisaat0_.nimihaku as nimihaku8_5_,
        organisaat0_.oid as oid9_5_,
        organisaat0_.opetuspisteenjarjnro as opetusp10_5_,
        organisaat0_.oppilaitoskoodi as oppilai11_5_,
        organisaat0_.oppilaitos_tyyppi as oppilai12_5_,
        organisaat0_.organisaatio_poistettu as organis13_5_,
        organisaat0_.paivittaja as paivitt14_5_,
        organisaat0_.paivityspvm as paivity15_5_,
        organisaat0_.parentidpath as parenti16_5_,
        organisaat0_.parentoidpath as parento17_5_,
        organisaat0_.piilotettu as piilote18_5_,
        organisaat0_.tarkastus_pvm as tarkast19_5_,
        organisaat0_.toimipistekoodi as toimipi20_5_,
        organisaat0_.tuontipvm as tuontip21_5_,
        organisaat0_.varhaiskasvatuksen_toimipaikka_tiedot_id as varhais31_5_,
        organisaat0_.virastotunnus as virasto22_5_,
        organisaat0_.yhteishaunkoulukoodi as yhteish23_5_,
        organisaat0_.yritysmuoto as yritysm24_5_,
        organisaat0_.ytj_kieli as ytj_kie25_5_,
        organisaat0_.ytjpaivityspvm as ytjpaiv26_5_,
        organisaat0_.ytunnus as ytunnus27_5_ 
    from
        organisaatio organisaat0_ 
    where
        organisaat0_.paivityspvm>? 
        and (
            organisaat0_.lakkautuspvm is null 
            or organisaat0_.lakkautuspvm>?
        )
2020-06-10 20:38:40.466 TRACE 56553 --- [    Test worker] o.h.type.descriptor.sql.BasicBinder      : binding parameter [1] as [TIMESTAMP] - [Wed Jun 10 20:38:40 EEST 2020]
2020-06-10 20:38:40.466 TRACE 56553 --- [    Test worker] o.h.type.descriptor.sql.BasicBinder      : binding parameter [2] as [DATE] - [Wed Jun 10 20:38:40 EEST 2020]
2020-06-10 20:38:40.467 TRACE 56553 --- [    Test worker] o.h.type.descriptor.sql.BasicExtractor   : extracted value ([id1_5_] : [BIGINT]) - [40]
2020-06-10 20:38:40.469  INFO 56553 --- [    Test worker] o.s.t.c.transaction.TransactionContext   : Rolled back transaction for test: [DefaultTestContext@6d49fbd0 testClass = OrganisaatioRepositoryImplTest, testInstance = fi.vm.sade.organisaatio.repository.OrganisaatioRepositoryImplTest@434356b5, testMethod = findModifedSinceIncludesDiscontinuedInTheFuture@OrganisaatioRepositoryImplTest, testException = [null], mergedContextConfiguration = [WebMergedContextConfiguration@6b2d0172 testClass = OrganisaatioRepositoryImplTest, locations = '{}', classes = '{class fi.vm.sade.organisaatio.OrganisaatioApplication}', contextInitializerClasses = '[]', activeProfiles = '{}', propertySourceLocations = '{}', propertySourceProperties = '{org.springframework.boot.test.context.SpringBootTestContextBootstrapper=true}', contextCustomizers = set[org.springframework.boot.test.autoconfigure.properties.PropertyMappingContextCustomizer@83020a4e, org.springframework.boot.test.autoconfigure.web.servlet.WebDriverContextCustomizerFactory$Customizer@5e540114, [ImportsContextCustomizer@1cb00945 key = [org.springframework.boot.test.autoconfigure.jdbc.TestDatabaseAutoConfiguration, org.springframework.boot.autoconfigure.jdbc.DataSourceAutoConfiguration]], org.springframework.boot.test.context.filter.ExcludeFilterContextCustomizer@41cdf26a, org.springframework.boot.test.json.DuplicateJsonObjectContextCustomizerFactory$DuplicateJsonObjectContextCustomizer@1e95fe99, org.springframework.boot.test.mock.mockito.MockitoContextCustomizer@0, org.springframework.boot.test.web.client.TestRestTemplateContextCustomizer@6d8bcece, org.springframework.boot.test.context.SpringBootTestArgs@1], resourceBasePath = 'src/main/webapp', contextLoader = 'org.springframework.boot.test.context.SpringBootContextLoader', parent = [null]], attributes = map['org.springframework.test.context.web.ServletTestExecutionListener.activateListener' -> true, 'org.springframework.test.context.web.ServletTestExecutionListener.populatedRequestContextHolder' -> true, 'org.springframework.test.context.web.ServletTestExecutionListener.resetRequestContextHolder' -> true]]
]]></system-out>
  <system-err><![CDATA[]]></system-err>
</testsuite>
