<?xml version="1.0" encoding="UTF-8"?>
<testsuite name="fi.vm.sade.organisaatio.repository.impl.LisatietoTyyppiDaoImplTest" tests="8" skipped="0" failures="0" errors="0" timestamp="2020-06-10T17:38:38" hostname="Miikkas-MacBook-Pro.local" time="0.825">
  <properties/>
  <testcase name="findByOrganisationWithOrganisaatiotyyppiAndOppilaitostyyppiRajoiteWhileOnlyOneConstraintIsTrue" classname="fi.vm.sade.organisaatio.repository.impl.LisatietoTyyppiDaoImplTest" time="0.467"/>
  <testcase name="oppilaitostyyppiRajoiteIsNotFoundIncorrectly" classname="fi.vm.sade.organisaatio.repository.impl.LisatietoTyyppiDaoImplTest" time="0.021"/>
  <testcase name="findAll" classname="fi.vm.sade.organisaatio.repository.impl.LisatietoTyyppiDaoImplTest" time="0.154"/>
  <testcase name="findByOrganisationWithOrganisaatiotyyppiRajoite" classname="fi.vm.sade.organisaatio.repository.impl.LisatietoTyyppiDaoImplTest" time="0.034"/>
  <testcase name="findByOrganisationWithOppilaitostyyppiRajoite" classname="fi.vm.sade.organisaatio.repository.impl.LisatietoTyyppiDaoImplTest" time="0.054"/>
  <testcase name="findByOrganisationWhenRajoitteetonLisatietotyyppi" classname="fi.vm.sade.organisaatio.repository.impl.LisatietoTyyppiDaoImplTest" time="0.044"/>
  <testcase name="findByOrganisationWithOrganisaatiotyyppiAndOppilaitostyyppiRajoite" classname="fi.vm.sade.organisaatio.repository.impl.LisatietoTyyppiDaoImplTest" time="0.022"/>
  <testcase name="findByOrganisationNotExistsWithOrganisaatiotyyppiRajoite" classname="fi.vm.sade.organisaatio.repository.impl.LisatietoTyyppiDaoImplTest" time="0.013"/>
  <system-out><![CDATA[2020-06-10 20:38:38.588  INFO 56553 --- [    Test worker] o.s.t.c.transaction.TransactionContext   : Began transaction (1) for test context [DefaultTestContext@1ce49492 testClass = LisatietoTyyppiDaoImplTest, testInstance = fi.vm.sade.organisaatio.repository.impl.LisatietoTyyppiDaoImplTest@33f500f9, testMethod = findByOrganisationWithOrganisaatiotyyppiAndOppilaitostyyppiRajoiteWhileOnlyOneConstraintIsTrue@LisatietoTyyppiDaoImplTest, testException = [null], mergedContextConfiguration = [WebMergedContextConfiguration@3aca4286 testClass = LisatietoTyyppiDaoImplTest, locations = '{}', classes = '{class fi.vm.sade.organisaatio.OrganisaatioApplication}', contextInitializerClasses = '[]', activeProfiles = '{}', propertySourceLocations = '{}', propertySourceProperties = '{org.springframework.boot.test.context.SpringBootTestContextBootstrapper=true}', contextCustomizers = set[org.springframework.boot.test.autoconfigure.properties.PropertyMappingContextCustomizer@83020a4e, org.springframework.boot.test.autoconfigure.web.servlet.WebDriverContextCustomizerFactory$Customizer@5e540114, [ImportsContextCustomizer@38df8e5b key = [org.springframework.boot.test.autoconfigure.jdbc.TestDatabaseAutoConfiguration, org.springframework.boot.autoconfigure.jdbc.DataSourceAutoConfiguration]], org.springframework.boot.test.context.filter.ExcludeFilterContextCustomizer@41cdf26a, org.springframework.boot.test.json.DuplicateJsonObjectContextCustomizerFactory$DuplicateJsonObjectContextCustomizer@1e95fe99, org.springframework.boot.test.mock.mockito.MockitoContextCustomizer@0, org.springframework.boot.test.web.client.TestRestTemplateContextCustomizer@6d8bcece, org.springframework.boot.test.context.SpringBootTestArgs@1], resourceBasePath = 'src/main/webapp', contextLoader = 'org.springframework.boot.test.context.SpringBootContextLoader', parent = [null]], attributes = map['org.springframework.test.context.web.ServletTestExecutionListener.activateListener' -> true, 'org.springframework.test.context.web.ServletTestExecutionListener.populatedRequestContextHolder' -> true, 'org.springframework.test.context.web.ServletTestExecutionListener.resetRequestContextHolder' -> true]]; transaction manager [org.springframework.orm.jpa.JpaTransactionManager@20031d49]; rollback [true]
Hibernate: 
    insert 
    into
        organisaatio
        (id, version, alkupvm, domainnimi, kotipaikka, kuvaus_mkt, lakkautuspvm, maa, metadata_id, nimi_mkt, nimihaku, oid, opetuspisteenjarjnro, oppilaitoskoodi, oppilaitos_tyyppi, organisaatio_poistettu, paivittaja, paivityspvm, parentidpath, parentoidpath, piilotettu, tarkastus_pvm, toimipistekoodi, tuontipvm, varhaiskasvatuksen_toimipaikka_tiedot_id, virastotunnus, yhteishaunkoulukoodi, yritysmuoto, ytj_kieli, ytjpaivityspvm, ytunnus) 
    values
        (null, ?, ?, ?, ?, ?, ?, ?, ?, ?, ?, ?, ?, ?, ?, ?, ?, ?, ?, ?, ?, ?, ?, ?, ?, ?, ?, ?, ?, ?, ?)
2020-06-10 20:38:38.596 TRACE 56553 --- [    Test worker] o.h.type.descriptor.sql.BasicBinder      : binding parameter [1] as [BIGINT] - [0]
2020-06-10 20:38:38.597 TRACE 56553 --- [    Test worker] o.h.type.descriptor.sql.BasicBinder      : binding parameter [2] as [DATE] - [null]
2020-06-10 20:38:38.597 TRACE 56553 --- [    Test worker] o.h.type.descriptor.sql.BasicBinder      : binding parameter [3] as [VARCHAR] - [null]
2020-06-10 20:38:38.597 TRACE 56553 --- [    Test worker] o.h.type.descriptor.sql.BasicBinder      : binding parameter [4] as [VARCHAR] - [null]
2020-06-10 20:38:38.597 TRACE 56553 --- [    Test worker] o.h.type.descriptor.sql.BasicBinder      : binding parameter [5] as [BIGINT] - [null]
2020-06-10 20:38:38.597 TRACE 56553 --- [    Test worker] o.h.type.descriptor.sql.BasicBinder      : binding parameter [6] as [DATE] - [null]
2020-06-10 20:38:38.597 TRACE 56553 --- [    Test worker] o.h.type.descriptor.sql.BasicBinder      : binding parameter [7] as [VARCHAR] - [null]
2020-06-10 20:38:38.597 TRACE 56553 --- [    Test worker] o.h.type.descriptor.sql.BasicBinder      : binding parameter [8] as [BIGINT] - [null]
2020-06-10 20:38:38.597 TRACE 56553 --- [    Test worker] o.h.type.descriptor.sql.BasicBinder      : binding parameter [9] as [BIGINT] - [null]
2020-06-10 20:38:38.597 TRACE 56553 --- [    Test worker] o.h.type.descriptor.sql.BasicBinder      : binding parameter [10] as [VARCHAR] - [null]
2020-06-10 20:38:38.598 TRACE 56553 --- [    Test worker] o.h.type.descriptor.sql.BasicBinder      : binding parameter [11] as [VARCHAR] - [oid]
2020-06-10 20:38:38.598 TRACE 56553 --- [    Test worker] o.h.type.descriptor.sql.BasicBinder      : binding parameter [12] as [VARCHAR] - [null]
2020-06-10 20:38:38.598 TRACE 56553 --- [    Test worker] o.h.type.descriptor.sql.BasicBinder      : binding parameter [13] as [VARCHAR] - [null]
2020-06-10 20:38:38.605 TRACE 56553 --- [    Test worker] o.h.type.descriptor.sql.BasicBinder      : binding parameter [14] as [VARCHAR] - [oppilaitoskoodi_12#1]
2020-06-10 20:38:38.606 TRACE 56553 --- [    Test worker] o.h.type.descriptor.sql.BasicBinder      : binding parameter [15] as [BOOLEAN] - [false]
2020-06-10 20:38:38.607 TRACE 56553 --- [    Test worker] o.h.type.descriptor.sql.BasicBinder      : binding parameter [16] as [VARCHAR] - [null]
2020-06-10 20:38:38.607 TRACE 56553 --- [    Test worker] o.h.type.descriptor.sql.BasicBinder      : binding parameter [17] as [TIMESTAMP] - [null]
2020-06-10 20:38:38.607 TRACE 56553 --- [    Test worker] o.h.type.descriptor.sql.BasicBinder      : binding parameter [18] as [VARCHAR] - [null]
2020-06-10 20:38:38.607 TRACE 56553 --- [    Test worker] o.h.type.descriptor.sql.BasicBinder      : binding parameter [19] as [VARCHAR] - [null]
2020-06-10 20:38:38.607 TRACE 56553 --- [    Test worker] o.h.type.descriptor.sql.BasicBinder      : binding parameter [20] as [BOOLEAN] - [false]
2020-06-10 20:38:38.607 TRACE 56553 --- [    Test worker] o.h.type.descriptor.sql.BasicBinder      : binding parameter [21] as [TIMESTAMP] - [null]
2020-06-10 20:38:38.608 TRACE 56553 --- [    Test worker] o.h.type.descriptor.sql.BasicBinder      : binding parameter [22] as [VARCHAR] - [null]
2020-06-10 20:38:38.608 TRACE 56553 --- [    Test worker] o.h.type.descriptor.sql.BasicBinder      : binding parameter [23] as [TIMESTAMP] - [null]
2020-06-10 20:38:38.608 TRACE 56553 --- [    Test worker] o.h.type.descriptor.sql.BasicBinder      : binding parameter [24] as [BIGINT] - [null]
2020-06-10 20:38:38.608 TRACE 56553 --- [    Test worker] o.h.type.descriptor.sql.BasicBinder      : binding parameter [25] as [VARCHAR] - [null]
2020-06-10 20:38:38.608 TRACE 56553 --- [    Test worker] o.h.type.descriptor.sql.BasicBinder      : binding parameter [26] as [VARCHAR] - [null]
2020-06-10 20:38:38.608 TRACE 56553 --- [    Test worker] o.h.type.descriptor.sql.BasicBinder      : binding parameter [27] as [VARCHAR] - [null]
2020-06-10 20:38:38.608 TRACE 56553 --- [    Test worker] o.h.type.descriptor.sql.BasicBinder      : binding parameter [28] as [VARCHAR] - [null]
2020-06-10 20:38:38.608 TRACE 56553 --- [    Test worker] o.h.type.descriptor.sql.BasicBinder      : binding parameter [29] as [DATE] - [null]
2020-06-10 20:38:38.608 TRACE 56553 --- [    Test worker] o.h.type.descriptor.sql.BasicBinder      : binding parameter [30] as [VARCHAR] - [null]
Hibernate: 
    insert 
    into
        organisaatio
        (id, version, alkupvm, domainnimi, kotipaikka, kuvaus_mkt, lakkautuspvm, maa, metadata_id, nimi_mkt, nimihaku, oid, opetuspisteenjarjnro, oppilaitoskoodi, oppilaitos_tyyppi, organisaatio_poistettu, paivittaja, paivityspvm, parentidpath, parentoidpath, piilotettu, tarkastus_pvm, toimipistekoodi, tuontipvm, varhaiskasvatuksen_toimipaikka_tiedot_id, virastotunnus, yhteishaunkoulukoodi, yritysmuoto, ytj_kieli, ytjpaivityspvm, ytunnus) 
    values
        (null, ?, ?, ?, ?, ?, ?, ?, ?, ?, ?, ?, ?, ?, ?, ?, ?, ?, ?, ?, ?, ?, ?, ?, ?, ?, ?, ?, ?, ?, ?)
2020-06-10 20:38:38.613 TRACE 56553 --- [    Test worker] o.h.type.descriptor.sql.BasicBinder      : binding parameter [1] as [BIGINT] - [0]
2020-06-10 20:38:38.614 TRACE 56553 --- [    Test worker] o.h.type.descriptor.sql.BasicBinder      : binding parameter [2] as [DATE] - [null]
2020-06-10 20:38:38.614 TRACE 56553 --- [    Test worker] o.h.type.descriptor.sql.BasicBinder      : binding parameter [3] as [VARCHAR] - [null]
2020-06-10 20:38:38.614 TRACE 56553 --- [    Test worker] o.h.type.descriptor.sql.BasicBinder      : binding parameter [4] as [VARCHAR] - [null]
2020-06-10 20:38:38.614 TRACE 56553 --- [    Test worker] o.h.type.descriptor.sql.BasicBinder      : binding parameter [5] as [BIGINT] - [null]
2020-06-10 20:38:38.614 TRACE 56553 --- [    Test worker] o.h.type.descriptor.sql.BasicBinder      : binding parameter [6] as [DATE] - [null]
2020-06-10 20:38:38.615 TRACE 56553 --- [    Test worker] o.h.type.descriptor.sql.BasicBinder      : binding parameter [7] as [VARCHAR] - [null]
2020-06-10 20:38:38.616 TRACE 56553 --- [    Test worker] o.h.type.descriptor.sql.BasicBinder      : binding parameter [8] as [BIGINT] - [null]
2020-06-10 20:38:38.616 TRACE 56553 --- [    Test worker] o.h.type.descriptor.sql.BasicBinder      : binding parameter [9] as [BIGINT] - [null]
2020-06-10 20:38:38.616 TRACE 56553 --- [    Test worker] o.h.type.descriptor.sql.BasicBinder      : binding parameter [10] as [VARCHAR] - [null]
2020-06-10 20:38:38.617 TRACE 56553 --- [    Test worker] o.h.type.descriptor.sql.BasicBinder      : binding parameter [11] as [VARCHAR] - [oid2]
2020-06-10 20:38:38.617 TRACE 56553 --- [    Test worker] o.h.type.descriptor.sql.BasicBinder      : binding parameter [12] as [VARCHAR] - [null]
2020-06-10 20:38:38.617 TRACE 56553 --- [    Test worker] o.h.type.descriptor.sql.BasicBinder      : binding parameter [13] as [VARCHAR] - [null]
2020-06-10 20:38:38.617 TRACE 56553 --- [    Test worker] o.h.type.descriptor.sql.BasicBinder      : binding parameter [14] as [VARCHAR] - [null]
2020-06-10 20:38:38.617 TRACE 56553 --- [    Test worker] o.h.type.descriptor.sql.BasicBinder      : binding parameter [15] as [BOOLEAN] - [false]
2020-06-10 20:38:38.617 TRACE 56553 --- [    Test worker] o.h.type.descriptor.sql.BasicBinder      : binding parameter [16] as [VARCHAR] - [null]
2020-06-10 20:38:38.618 TRACE 56553 --- [    Test worker] o.h.type.descriptor.sql.BasicBinder      : binding parameter [17] as [TIMESTAMP] - [null]
2020-06-10 20:38:38.618 TRACE 56553 --- [    Test worker] o.h.type.descriptor.sql.BasicBinder      : binding parameter [18] as [VARCHAR] - [null]
2020-06-10 20:38:38.619 TRACE 56553 --- [    Test worker] o.h.type.descriptor.sql.BasicBinder      : binding parameter [19] as [VARCHAR] - [null]
2020-06-10 20:38:38.619 TRACE 56553 --- [    Test worker] o.h.type.descriptor.sql.BasicBinder      : binding parameter [20] as [BOOLEAN] - [false]
2020-06-10 20:38:38.619 TRACE 56553 --- [    Test worker] o.h.type.descriptor.sql.BasicBinder      : binding parameter [21] as [TIMESTAMP] - [null]
2020-06-10 20:38:38.620 TRACE 56553 --- [    Test worker] o.h.type.descriptor.sql.BasicBinder      : binding parameter [22] as [VARCHAR] - [null]
2020-06-10 20:38:38.620 TRACE 56553 --- [    Test worker] o.h.type.descriptor.sql.BasicBinder      : binding parameter [23] as [TIMESTAMP] - [null]
2020-06-10 20:38:38.620 TRACE 56553 --- [    Test worker] o.h.type.descriptor.sql.BasicBinder      : binding parameter [24] as [BIGINT] - [null]
2020-06-10 20:38:38.620 TRACE 56553 --- [    Test worker] o.h.type.descriptor.sql.BasicBinder      : binding parameter [25] as [VARCHAR] - [null]
2020-06-10 20:38:38.620 TRACE 56553 --- [    Test worker] o.h.type.descriptor.sql.BasicBinder      : binding parameter [26] as [VARCHAR] - [null]
2020-06-10 20:38:38.620 TRACE 56553 --- [    Test worker] o.h.type.descriptor.sql.BasicBinder      : binding parameter [27] as [VARCHAR] - [null]
2020-06-10 20:38:38.621 TRACE 56553 --- [    Test worker] o.h.type.descriptor.sql.BasicBinder      : binding parameter [28] as [VARCHAR] - [null]
2020-06-10 20:38:38.621 TRACE 56553 --- [    Test worker] o.h.type.descriptor.sql.BasicBinder      : binding parameter [29] as [DATE] - [null]
2020-06-10 20:38:38.621 TRACE 56553 --- [    Test worker] o.h.type.descriptor.sql.BasicBinder      : binding parameter [30] as [VARCHAR] - [null]
Hibernate: 
    insert 
    into
        lisatietotyyppi
        (id, version, nimi) 
    values
        (null, ?, ?)
2020-06-10 20:38:38.633 TRACE 56553 --- [    Test worker] o.h.type.descriptor.sql.BasicBinder      : binding parameter [1] as [BIGINT] - [0]
2020-06-10 20:38:38.633 TRACE 56553 --- [    Test worker] o.h.type.descriptor.sql.BasicBinder      : binding parameter [2] as [VARCHAR] - [lisatieto.nimi]
Hibernate: 
    insert 
    into
        rajoite
        (id, version, arvo, lisatietotyyppi_id, rajoitetyyppi) 
    values
        (null, ?, ?, ?, 'oppilaitostyyppi')
2020-06-10 20:38:38.635 TRACE 56553 --- [    Test worker] o.h.type.descriptor.sql.BasicBinder      : binding parameter [1] as [BIGINT] - [0]
2020-06-10 20:38:38.635 TRACE 56553 --- [    Test worker] o.h.type.descriptor.sql.BasicBinder      : binding parameter [2] as [VARCHAR] - [oppilaitoskoodi_12#1]
2020-06-10 20:38:38.635 TRACE 56553 --- [    Test worker] o.h.type.descriptor.sql.BasicBinder      : binding parameter [3] as [BIGINT] - [1]
Hibernate: 
    insert 
    into
        rajoite
        (id, version, arvo, lisatietotyyppi_id, rajoitetyyppi) 
    values
        (null, ?, ?, ?, 'organisaatiotyyppi')
2020-06-10 20:38:38.640 TRACE 56553 --- [    Test worker] o.h.type.descriptor.sql.BasicBinder      : binding parameter [1] as [BIGINT] - [0]
2020-06-10 20:38:38.641 TRACE 56553 --- [    Test worker] o.h.type.descriptor.sql.BasicBinder      : binding parameter [2] as [VARCHAR] - [Koulutustoimija]
2020-06-10 20:38:38.641 TRACE 56553 --- [    Test worker] o.h.type.descriptor.sql.BasicBinder      : binding parameter [3] as [BIGINT] - [1]
Hibernate: 
    insert 
    into
        organisaatio_tyypit
        (organisaatio_id, tyypit) 
    values
        (?, ?)
2020-06-10 20:38:39.028 TRACE 56553 --- [    Test worker] o.h.type.descriptor.sql.BasicBinder      : binding parameter [1] as [BIGINT] - [1]
2020-06-10 20:38:39.028 TRACE 56553 --- [    Test worker] o.h.type.descriptor.sql.BasicBinder      : binding parameter [2] as [VARCHAR] - [Oppilaitos]
Hibernate: 
    insert 
    into
        organisaatio_tyypit
        (organisaatio_id, tyypit) 
    values
        (?, ?)
2020-06-10 20:38:39.029 TRACE 56553 --- [    Test worker] o.h.type.descriptor.sql.BasicBinder      : binding parameter [1] as [BIGINT] - [2]
2020-06-10 20:38:39.029 TRACE 56553 --- [    Test worker] o.h.type.descriptor.sql.BasicBinder      : binding parameter [2] as [VARCHAR] - [Koulutustoimija]
Hibernate: 
    select
        distinct lisatietot0_.nimi as col_0_0_ 
    from
        lisatietotyyppi lisatietot0_ 
    inner join
        organisaatio organisaat1_ 
            on (
                organisaat1_.oid=?
            ) 
    left outer join
        rajoite organisaat2_ 
            on (
                organisaat2_.lisatietotyyppi_id=lisatietot0_.id
            ) 
    left outer join
        rajoite oppilaitos3_ 
            on (
                oppilaitos3_.lisatietotyyppi_id=lisatietot0_.id
            ) 
    left outer join
        rajoite rajoite4_ 
            on (
                not (exists (select
                    rajoitteet5_.id 
            from
                rajoite rajoitteet5_ 
            where
                lisatietot0_.id=rajoitteet5_.lisatietotyyppi_id))
        ) 
    where
        organisaat2_.arvo in (
            select
                tyypit6_.tyypit 
            from
                organisaatio_tyypit tyypit6_ 
            where
                organisaat1_.id=tyypit6_.organisaatio_id
        ) 
        or organisaat1_.oppilaitos_tyyppi like (oppilaitos3_.arvo||?) escape '!' 
        or  not (exists (select
            rajoitteet7_.id 
        from
            rajoite rajoitteet7_ 
        where
            lisatietot0_.id=rajoitteet7_.lisatietotyyppi_id))
2020-06-10 20:38:39.037 TRACE 56553 --- [    Test worker] o.h.type.descriptor.sql.BasicBinder      : binding parameter [1] as [VARCHAR] - [oid2]
2020-06-10 20:38:39.037 TRACE 56553 --- [    Test worker] o.h.type.descriptor.sql.BasicBinder      : binding parameter [2] as [VARCHAR] - [#%]
2020-06-10 20:38:39.050 TRACE 56553 --- [    Test worker] o.h.type.descriptor.sql.BasicExtractor   : extracted value ([col_0_0_] : [VARCHAR]) - [lisatieto.nimi]
2020-06-10 20:38:39.052  INFO 56553 --- [    Test worker] o.s.t.c.transaction.TransactionContext   : Rolled back transaction for test: [DefaultTestContext@1ce49492 testClass = LisatietoTyyppiDaoImplTest, testInstance = fi.vm.sade.organisaatio.repository.impl.LisatietoTyyppiDaoImplTest@33f500f9, testMethod = findByOrganisationWithOrganisaatiotyyppiAndOppilaitostyyppiRajoiteWhileOnlyOneConstraintIsTrue@LisatietoTyyppiDaoImplTest, testException = [null], mergedContextConfiguration = [WebMergedContextConfiguration@3aca4286 testClass = LisatietoTyyppiDaoImplTest, locations = '{}', classes = '{class fi.vm.sade.organisaatio.OrganisaatioApplication}', contextInitializerClasses = '[]', activeProfiles = '{}', propertySourceLocations = '{}', propertySourceProperties = '{org.springframework.boot.test.context.SpringBootTestContextBootstrapper=true}', contextCustomizers = set[org.springframework.boot.test.autoconfigure.properties.PropertyMappingContextCustomizer@83020a4e, org.springframework.boot.test.autoconfigure.web.servlet.WebDriverContextCustomizerFactory$Customizer@5e540114, [ImportsContextCustomizer@38df8e5b key = [org.springframework.boot.test.autoconfigure.jdbc.TestDatabaseAutoConfiguration, org.springframework.boot.autoconfigure.jdbc.DataSourceAutoConfiguration]], org.springframework.boot.test.context.filter.ExcludeFilterContextCustomizer@41cdf26a, org.springframework.boot.test.json.DuplicateJsonObjectContextCustomizerFactory$DuplicateJsonObjectContextCustomizer@1e95fe99, org.springframework.boot.test.mock.mockito.MockitoContextCustomizer@0, org.springframework.boot.test.web.client.TestRestTemplateContextCustomizer@6d8bcece, org.springframework.boot.test.context.SpringBootTestArgs@1], resourceBasePath = 'src/main/webapp', contextLoader = 'org.springframework.boot.test.context.SpringBootContextLoader', parent = [null]], attributes = map['org.springframework.test.context.web.ServletTestExecutionListener.activateListener' -> true, 'org.springframework.test.context.web.ServletTestExecutionListener.populatedRequestContextHolder' -> true, 'org.springframework.test.context.web.ServletTestExecutionListener.resetRequestContextHolder' -> true]]
2020-06-10 20:38:39.055  INFO 56553 --- [    Test worker] o.s.t.c.transaction.TransactionContext   : Began transaction (1) for test context [DefaultTestContext@1ce49492 testClass = LisatietoTyyppiDaoImplTest, testInstance = fi.vm.sade.organisaatio.repository.impl.LisatietoTyyppiDaoImplTest@6698e2c0, testMethod = oppilaitostyyppiRajoiteIsNotFoundIncorrectly@LisatietoTyyppiDaoImplTest, testException = [null], mergedContextConfiguration = [WebMergedContextConfiguration@3aca4286 testClass = LisatietoTyyppiDaoImplTest, locations = '{}', classes = '{class fi.vm.sade.organisaatio.OrganisaatioApplication}', contextInitializerClasses = '[]', activeProfiles = '{}', propertySourceLocations = '{}', propertySourceProperties = '{org.springframework.boot.test.context.SpringBootTestContextBootstrapper=true}', contextCustomizers = set[org.springframework.boot.test.autoconfigure.properties.PropertyMappingContextCustomizer@83020a4e, org.springframework.boot.test.autoconfigure.web.servlet.WebDriverContextCustomizerFactory$Customizer@5e540114, [ImportsContextCustomizer@38df8e5b key = [org.springframework.boot.test.autoconfigure.jdbc.TestDatabaseAutoConfiguration, org.springframework.boot.autoconfigure.jdbc.DataSourceAutoConfiguration]], org.springframework.boot.test.context.filter.ExcludeFilterContextCustomizer@41cdf26a, org.springframework.boot.test.json.DuplicateJsonObjectContextCustomizerFactory$DuplicateJsonObjectContextCustomizer@1e95fe99, org.springframework.boot.test.mock.mockito.MockitoContextCustomizer@0, org.springframework.boot.test.web.client.TestRestTemplateContextCustomizer@6d8bcece, org.springframework.boot.test.context.SpringBootTestArgs@1], resourceBasePath = 'src/main/webapp', contextLoader = 'org.springframework.boot.test.context.SpringBootContextLoader', parent = [null]], attributes = map['org.springframework.test.context.web.ServletTestExecutionListener.activateListener' -> true, 'org.springframework.test.context.web.ServletTestExecutionListener.populatedRequestContextHolder' -> true, 'org.springframework.test.context.web.ServletTestExecutionListener.resetRequestContextHolder' -> true]]; transaction manager [org.springframework.orm.jpa.JpaTransactionManager@20031d49]; rollback [true]
Hibernate: 
    insert 
    into
        organisaatio
        (id, version, alkupvm, domainnimi, kotipaikka, kuvaus_mkt, lakkautuspvm, maa, metadata_id, nimi_mkt, nimihaku, oid, opetuspisteenjarjnro, oppilaitoskoodi, oppilaitos_tyyppi, organisaatio_poistettu, paivittaja, paivityspvm, parentidpath, parentoidpath, piilotettu, tarkastus_pvm, toimipistekoodi, tuontipvm, varhaiskasvatuksen_toimipaikka_tiedot_id, virastotunnus, yhteishaunkoulukoodi, yritysmuoto, ytj_kieli, ytjpaivityspvm, ytunnus) 
    values
        (null, ?, ?, ?, ?, ?, ?, ?, ?, ?, ?, ?, ?, ?, ?, ?, ?, ?, ?, ?, ?, ?, ?, ?, ?, ?, ?, ?, ?, ?, ?)
2020-06-10 20:38:39.056 TRACE 56553 --- [    Test worker] o.h.type.descriptor.sql.BasicBinder      : binding parameter [1] as [BIGINT] - [0]
2020-06-10 20:38:39.056 TRACE 56553 --- [    Test worker] o.h.type.descriptor.sql.BasicBinder      : binding parameter [2] as [DATE] - [null]
2020-06-10 20:38:39.056 TRACE 56553 --- [    Test worker] o.h.type.descriptor.sql.BasicBinder      : binding parameter [3] as [VARCHAR] - [null]
2020-06-10 20:38:39.056 TRACE 56553 --- [    Test worker] o.h.type.descriptor.sql.BasicBinder      : binding parameter [4] as [VARCHAR] - [null]
2020-06-10 20:38:39.056 TRACE 56553 --- [    Test worker] o.h.type.descriptor.sql.BasicBinder      : binding parameter [5] as [BIGINT] - [null]
2020-06-10 20:38:39.056 TRACE 56553 --- [    Test worker] o.h.type.descriptor.sql.BasicBinder      : binding parameter [6] as [DATE] - [null]
2020-06-10 20:38:39.057 TRACE 56553 --- [    Test worker] o.h.type.descriptor.sql.BasicBinder      : binding parameter [7] as [VARCHAR] - [null]
2020-06-10 20:38:39.057 TRACE 56553 --- [    Test worker] o.h.type.descriptor.sql.BasicBinder      : binding parameter [8] as [BIGINT] - [null]
2020-06-10 20:38:39.057 TRACE 56553 --- [    Test worker] o.h.type.descriptor.sql.BasicBinder      : binding parameter [9] as [BIGINT] - [null]
2020-06-10 20:38:39.057 TRACE 56553 --- [    Test worker] o.h.type.descriptor.sql.BasicBinder      : binding parameter [10] as [VARCHAR] - [null]
2020-06-10 20:38:39.057 TRACE 56553 --- [    Test worker] o.h.type.descriptor.sql.BasicBinder      : binding parameter [11] as [VARCHAR] - [oid]
2020-06-10 20:38:39.057 TRACE 56553 --- [    Test worker] o.h.type.descriptor.sql.BasicBinder      : binding parameter [12] as [VARCHAR] - [null]
2020-06-10 20:38:39.057 TRACE 56553 --- [    Test worker] o.h.type.descriptor.sql.BasicBinder      : binding parameter [13] as [VARCHAR] - [null]
2020-06-10 20:38:39.057 TRACE 56553 --- [    Test worker] o.h.type.descriptor.sql.BasicBinder      : binding parameter [14] as [VARCHAR] - [oppilaitoskoodi_12#1]
2020-06-10 20:38:39.057 TRACE 56553 --- [    Test worker] o.h.type.descriptor.sql.BasicBinder      : binding parameter [15] as [BOOLEAN] - [false]
2020-06-10 20:38:39.057 TRACE 56553 --- [    Test worker] o.h.type.descriptor.sql.BasicBinder      : binding parameter [16] as [VARCHAR] - [null]
2020-06-10 20:38:39.057 TRACE 56553 --- [    Test worker] o.h.type.descriptor.sql.BasicBinder      : binding parameter [17] as [TIMESTAMP] - [null]
2020-06-10 20:38:39.057 TRACE 56553 --- [    Test worker] o.h.type.descriptor.sql.BasicBinder      : binding parameter [18] as [VARCHAR] - [null]
2020-06-10 20:38:39.057 TRACE 56553 --- [    Test worker] o.h.type.descriptor.sql.BasicBinder      : binding parameter [19] as [VARCHAR] - [null]
2020-06-10 20:38:39.057 TRACE 56553 --- [    Test worker] o.h.type.descriptor.sql.BasicBinder      : binding parameter [20] as [BOOLEAN] - [false]
2020-06-10 20:38:39.058 TRACE 56553 --- [    Test worker] o.h.type.descriptor.sql.BasicBinder      : binding parameter [21] as [TIMESTAMP] - [null]
2020-06-10 20:38:39.058 TRACE 56553 --- [    Test worker] o.h.type.descriptor.sql.BasicBinder      : binding parameter [22] as [VARCHAR] - [null]
2020-06-10 20:38:39.058 TRACE 56553 --- [    Test worker] o.h.type.descriptor.sql.BasicBinder      : binding parameter [23] as [TIMESTAMP] - [null]
2020-06-10 20:38:39.058 TRACE 56553 --- [    Test worker] o.h.type.descriptor.sql.BasicBinder      : binding parameter [24] as [BIGINT] - [null]
2020-06-10 20:38:39.058 TRACE 56553 --- [    Test worker] o.h.type.descriptor.sql.BasicBinder      : binding parameter [25] as [VARCHAR] - [null]
2020-06-10 20:38:39.058 TRACE 56553 --- [    Test worker] o.h.type.descriptor.sql.BasicBinder      : binding parameter [26] as [VARCHAR] - [null]
2020-06-10 20:38:39.058 TRACE 56553 --- [    Test worker] o.h.type.descriptor.sql.BasicBinder      : binding parameter [27] as [VARCHAR] - [null]
2020-06-10 20:38:39.058 TRACE 56553 --- [    Test worker] o.h.type.descriptor.sql.BasicBinder      : binding parameter [28] as [VARCHAR] - [null]
2020-06-10 20:38:39.058 TRACE 56553 --- [    Test worker] o.h.type.descriptor.sql.BasicBinder      : binding parameter [29] as [DATE] - [null]
2020-06-10 20:38:39.058 TRACE 56553 --- [    Test worker] o.h.type.descriptor.sql.BasicBinder      : binding parameter [30] as [VARCHAR] - [null]
Hibernate: 
    insert 
    into
        lisatietotyyppi
        (id, version, nimi) 
    values
        (null, ?, ?)
2020-06-10 20:38:39.065 TRACE 56553 --- [    Test worker] o.h.type.descriptor.sql.BasicBinder      : binding parameter [1] as [BIGINT] - [0]
2020-06-10 20:38:39.065 TRACE 56553 --- [    Test worker] o.h.type.descriptor.sql.BasicBinder      : binding parameter [2] as [VARCHAR] - [lisatieto.nimi]
Hibernate: 
    insert 
    into
        rajoite
        (id, version, arvo, lisatietotyyppi_id, rajoitetyyppi) 
    values
        (null, ?, ?, ?, 'oppilaitostyyppi')
2020-06-10 20:38:39.066 TRACE 56553 --- [    Test worker] o.h.type.descriptor.sql.BasicBinder      : binding parameter [1] as [BIGINT] - [0]
2020-06-10 20:38:39.066 TRACE 56553 --- [    Test worker] o.h.type.descriptor.sql.BasicBinder      : binding parameter [2] as [VARCHAR] - [oppilaitoskoodi_1]
2020-06-10 20:38:39.066 TRACE 56553 --- [    Test worker] o.h.type.descriptor.sql.BasicBinder      : binding parameter [3] as [BIGINT] - [2]
Hibernate: 
    insert 
    into
        organisaatio_tyypit
        (organisaatio_id, tyypit) 
    values
        (?, ?)
2020-06-10 20:38:39.069 TRACE 56553 --- [    Test worker] o.h.type.descriptor.sql.BasicBinder      : binding parameter [1] as [BIGINT] - [3]
2020-06-10 20:38:39.069 TRACE 56553 --- [    Test worker] o.h.type.descriptor.sql.BasicBinder      : binding parameter [2] as [VARCHAR] - [Oppilaitos]
Hibernate: 
    select
        distinct lisatietot0_.nimi as col_0_0_ 
    from
        lisatietotyyppi lisatietot0_ 
    inner join
        organisaatio organisaat1_ 
            on (
                organisaat1_.oid=?
            ) 
    left outer join
        rajoite organisaat2_ 
            on (
                organisaat2_.lisatietotyyppi_id=lisatietot0_.id
            ) 
    left outer join
        rajoite oppilaitos3_ 
            on (
                oppilaitos3_.lisatietotyyppi_id=lisatietot0_.id
            ) 
    left outer join
        rajoite rajoite4_ 
            on (
                not (exists (select
                    rajoitteet5_.id 
            from
                rajoite rajoitteet5_ 
            where
                lisatietot0_.id=rajoitteet5_.lisatietotyyppi_id))
        ) 
    where
        organisaat2_.arvo in (
            select
                tyypit6_.tyypit 
            from
                organisaatio_tyypit tyypit6_ 
            where
                organisaat1_.id=tyypit6_.organisaatio_id
        ) 
        or organisaat1_.oppilaitos_tyyppi like (oppilaitos3_.arvo||?) escape '!' 
        or  not (exists (select
            rajoitteet7_.id 
        from
            rajoite rajoitteet7_ 
        where
            lisatietot0_.id=rajoitteet7_.lisatietotyyppi_id))
2020-06-10 20:38:39.071 TRACE 56553 --- [    Test worker] o.h.type.descriptor.sql.BasicBinder      : binding parameter [1] as [VARCHAR] - [oid]
2020-06-10 20:38:39.071 TRACE 56553 --- [    Test worker] o.h.type.descriptor.sql.BasicBinder      : binding parameter [2] as [VARCHAR] - [#%]
2020-06-10 20:38:39.073  INFO 56553 --- [    Test worker] o.s.t.c.transaction.TransactionContext   : Rolled back transaction for test: [DefaultTestContext@1ce49492 testClass = LisatietoTyyppiDaoImplTest, testInstance = fi.vm.sade.organisaatio.repository.impl.LisatietoTyyppiDaoImplTest@6698e2c0, testMethod = oppilaitostyyppiRajoiteIsNotFoundIncorrectly@LisatietoTyyppiDaoImplTest, testException = [null], mergedContextConfiguration = [WebMergedContextConfiguration@3aca4286 testClass = LisatietoTyyppiDaoImplTest, locations = '{}', classes = '{class fi.vm.sade.organisaatio.OrganisaatioApplication}', contextInitializerClasses = '[]', activeProfiles = '{}', propertySourceLocations = '{}', propertySourceProperties = '{org.springframework.boot.test.context.SpringBootTestContextBootstrapper=true}', contextCustomizers = set[org.springframework.boot.test.autoconfigure.properties.PropertyMappingContextCustomizer@83020a4e, org.springframework.boot.test.autoconfigure.web.servlet.WebDriverContextCustomizerFactory$Customizer@5e540114, [ImportsContextCustomizer@38df8e5b key = [org.springframework.boot.test.autoconfigure.jdbc.TestDatabaseAutoConfiguration, org.springframework.boot.autoconfigure.jdbc.DataSourceAutoConfiguration]], org.springframework.boot.test.context.filter.ExcludeFilterContextCustomizer@41cdf26a, org.springframework.boot.test.json.DuplicateJsonObjectContextCustomizerFactory$DuplicateJsonObjectContextCustomizer@1e95fe99, org.springframework.boot.test.mock.mockito.MockitoContextCustomizer@0, org.springframework.boot.test.web.client.TestRestTemplateContextCustomizer@6d8bcece, org.springframework.boot.test.context.SpringBootTestArgs@1], resourceBasePath = 'src/main/webapp', contextLoader = 'org.springframework.boot.test.context.SpringBootContextLoader', parent = [null]], attributes = map['org.springframework.test.context.web.ServletTestExecutionListener.activateListener' -> true, 'org.springframework.test.context.web.ServletTestExecutionListener.populatedRequestContextHolder' -> true, 'org.springframework.test.context.web.ServletTestExecutionListener.resetRequestContextHolder' -> true]]
2020-06-10 20:38:39.076  INFO 56553 --- [    Test worker] o.s.t.c.transaction.TransactionContext   : Began transaction (1) for test context [DefaultTestContext@1ce49492 testClass = LisatietoTyyppiDaoImplTest, testInstance = fi.vm.sade.organisaatio.repository.impl.LisatietoTyyppiDaoImplTest@3524f6df, testMethod = findAll@LisatietoTyyppiDaoImplTest, testException = [null], mergedContextConfiguration = [WebMergedContextConfiguration@3aca4286 testClass = LisatietoTyyppiDaoImplTest, locations = '{}', classes = '{class fi.vm.sade.organisaatio.OrganisaatioApplication}', contextInitializerClasses = '[]', activeProfiles = '{}', propertySourceLocations = '{}', propertySourceProperties = '{org.springframework.boot.test.context.SpringBootTestContextBootstrapper=true}', contextCustomizers = set[org.springframework.boot.test.autoconfigure.properties.PropertyMappingContextCustomizer@83020a4e, org.springframework.boot.test.autoconfigure.web.servlet.WebDriverContextCustomizerFactory$Customizer@5e540114, [ImportsContextCustomizer@38df8e5b key = [org.springframework.boot.test.autoconfigure.jdbc.TestDatabaseAutoConfiguration, org.springframework.boot.autoconfigure.jdbc.DataSourceAutoConfiguration]], org.springframework.boot.test.context.filter.ExcludeFilterContextCustomizer@41cdf26a, org.springframework.boot.test.json.DuplicateJsonObjectContextCustomizerFactory$DuplicateJsonObjectContextCustomizer@1e95fe99, org.springframework.boot.test.mock.mockito.MockitoContextCustomizer@0, org.springframework.boot.test.web.client.TestRestTemplateContextCustomizer@6d8bcece, org.springframework.boot.test.context.SpringBootTestArgs@1], resourceBasePath = 'src/main/webapp', contextLoader = 'org.springframework.boot.test.context.SpringBootContextLoader', parent = [null]], attributes = map['org.springframework.test.context.web.ServletTestExecutionListener.activateListener' -> true, 'org.springframework.test.context.web.ServletTestExecutionListener.populatedRequestContextHolder' -> true, 'org.springframework.test.context.web.ServletTestExecutionListener.resetRequestContextHolder' -> true]]; transaction manager [org.springframework.orm.jpa.JpaTransactionManager@20031d49]; rollback [true]
Hibernate: 
    insert 
    into
        organisaatio
        (id, version, alkupvm, domainnimi, kotipaikka, kuvaus_mkt, lakkautuspvm, maa, metadata_id, nimi_mkt, nimihaku, oid, opetuspisteenjarjnro, oppilaitoskoodi, oppilaitos_tyyppi, organisaatio_poistettu, paivittaja, paivityspvm, parentidpath, parentoidpath, piilotettu, tarkastus_pvm, toimipistekoodi, tuontipvm, varhaiskasvatuksen_toimipaikka_tiedot_id, virastotunnus, yhteishaunkoulukoodi, yritysmuoto, ytj_kieli, ytjpaivityspvm, ytunnus) 
    values
        (null, ?, ?, ?, ?, ?, ?, ?, ?, ?, ?, ?, ?, ?, ?, ?, ?, ?, ?, ?, ?, ?, ?, ?, ?, ?, ?, ?, ?, ?, ?)
2020-06-10 20:38:39.077 TRACE 56553 --- [    Test worker] o.h.type.descriptor.sql.BasicBinder      : binding parameter [1] as [BIGINT] - [0]
2020-06-10 20:38:39.077 TRACE 56553 --- [    Test worker] o.h.type.descriptor.sql.BasicBinder      : binding parameter [2] as [DATE] - [null]
2020-06-10 20:38:39.077 TRACE 56553 --- [    Test worker] o.h.type.descriptor.sql.BasicBinder      : binding parameter [3] as [VARCHAR] - [null]
2020-06-10 20:38:39.077 TRACE 56553 --- [    Test worker] o.h.type.descriptor.sql.BasicBinder      : binding parameter [4] as [VARCHAR] - [null]
2020-06-10 20:38:39.077 TRACE 56553 --- [    Test worker] o.h.type.descriptor.sql.BasicBinder      : binding parameter [5] as [BIGINT] - [null]
2020-06-10 20:38:39.078 TRACE 56553 --- [    Test worker] o.h.type.descriptor.sql.BasicBinder      : binding parameter [6] as [DATE] - [null]
2020-06-10 20:38:39.078 TRACE 56553 --- [    Test worker] o.h.type.descriptor.sql.BasicBinder      : binding parameter [7] as [VARCHAR] - [null]
2020-06-10 20:38:39.078 TRACE 56553 --- [    Test worker] o.h.type.descriptor.sql.BasicBinder      : binding parameter [8] as [BIGINT] - [null]
2020-06-10 20:38:39.078 TRACE 56553 --- [    Test worker] o.h.type.descriptor.sql.BasicBinder      : binding parameter [9] as [BIGINT] - [null]
2020-06-10 20:38:39.078 TRACE 56553 --- [    Test worker] o.h.type.descriptor.sql.BasicBinder      : binding parameter [10] as [VARCHAR] - [null]
2020-06-10 20:38:39.078 TRACE 56553 --- [    Test worker] o.h.type.descriptor.sql.BasicBinder      : binding parameter [11] as [VARCHAR] - [oid]
2020-06-10 20:38:39.078 TRACE 56553 --- [    Test worker] o.h.type.descriptor.sql.BasicBinder      : binding parameter [12] as [VARCHAR] - [null]
2020-06-10 20:38:39.078 TRACE 56553 --- [    Test worker] o.h.type.descriptor.sql.BasicBinder      : binding parameter [13] as [VARCHAR] - [null]
2020-06-10 20:38:39.078 TRACE 56553 --- [    Test worker] o.h.type.descriptor.sql.BasicBinder      : binding parameter [14] as [VARCHAR] - [oppilaitoskoodi_12#1]
2020-06-10 20:38:39.078 TRACE 56553 --- [    Test worker] o.h.type.descriptor.sql.BasicBinder      : binding parameter [15] as [BOOLEAN] - [false]
2020-06-10 20:38:39.078 TRACE 56553 --- [    Test worker] o.h.type.descriptor.sql.BasicBinder      : binding parameter [16] as [VARCHAR] - [null]
2020-06-10 20:38:39.078 TRACE 56553 --- [    Test worker] o.h.type.descriptor.sql.BasicBinder      : binding parameter [17] as [TIMESTAMP] - [null]
2020-06-10 20:38:39.078 TRACE 56553 --- [    Test worker] o.h.type.descriptor.sql.BasicBinder      : binding parameter [18] as [VARCHAR] - [null]
2020-06-10 20:38:39.078 TRACE 56553 --- [    Test worker] o.h.type.descriptor.sql.BasicBinder      : binding parameter [19] as [VARCHAR] - [null]
2020-06-10 20:38:39.078 TRACE 56553 --- [    Test worker] o.h.type.descriptor.sql.BasicBinder      : binding parameter [20] as [BOOLEAN] - [false]
2020-06-10 20:38:39.078 TRACE 56553 --- [    Test worker] o.h.type.descriptor.sql.BasicBinder      : binding parameter [21] as [TIMESTAMP] - [null]
2020-06-10 20:38:39.078 TRACE 56553 --- [    Test worker] o.h.type.descriptor.sql.BasicBinder      : binding parameter [22] as [VARCHAR] - [null]
2020-06-10 20:38:39.078 TRACE 56553 --- [    Test worker] o.h.type.descriptor.sql.BasicBinder      : binding parameter [23] as [TIMESTAMP] - [null]
2020-06-10 20:38:39.078 TRACE 56553 --- [    Test worker] o.h.type.descriptor.sql.BasicBinder      : binding parameter [24] as [BIGINT] - [null]
2020-06-10 20:38:39.078 TRACE 56553 --- [    Test worker] o.h.type.descriptor.sql.BasicBinder      : binding parameter [25] as [VARCHAR] - [null]
2020-06-10 20:38:39.078 TRACE 56553 --- [    Test worker] o.h.type.descriptor.sql.BasicBinder      : binding parameter [26] as [VARCHAR] - [null]
2020-06-10 20:38:39.078 TRACE 56553 --- [    Test worker] o.h.type.descriptor.sql.BasicBinder      : binding parameter [27] as [VARCHAR] - [null]
2020-06-10 20:38:39.078 TRACE 56553 --- [    Test worker] o.h.type.descriptor.sql.BasicBinder      : binding parameter [28] as [VARCHAR] - [null]
2020-06-10 20:38:39.078 TRACE 56553 --- [    Test worker] o.h.type.descriptor.sql.BasicBinder      : binding parameter [29] as [DATE] - [null]
2020-06-10 20:38:39.078 TRACE 56553 --- [    Test worker] o.h.type.descriptor.sql.BasicBinder      : binding parameter [30] as [VARCHAR] - [null]
Hibernate: 
    insert 
    into
        lisatietotyyppi
        (id, version, nimi) 
    values
        (null, ?, ?)
2020-06-10 20:38:39.092 TRACE 56553 --- [    Test worker] o.h.type.descriptor.sql.BasicBinder      : binding parameter [1] as [BIGINT] - [0]
2020-06-10 20:38:39.092 TRACE 56553 --- [    Test worker] o.h.type.descriptor.sql.BasicBinder      : binding parameter [2] as [VARCHAR] - [lisatieto.nimi]
Hibernate: 
    insert 
    into
        lisatietotyyppi
        (id, version, nimi) 
    values
        (null, ?, ?)
2020-06-10 20:38:39.093 TRACE 56553 --- [    Test worker] o.h.type.descriptor.sql.BasicBinder      : binding parameter [1] as [BIGINT] - [0]
2020-06-10 20:38:39.094 TRACE 56553 --- [    Test worker] o.h.type.descriptor.sql.BasicBinder      : binding parameter [2] as [VARCHAR] - [lisatieto.withOrganisaatioRajoite]
Hibernate: 
    insert 
    into
        rajoite
        (id, version, arvo, lisatietotyyppi_id, rajoitetyyppi) 
    values
        (null, ?, ?, ?, 'organisaatiotyyppi')
2020-06-10 20:38:39.096 TRACE 56553 --- [    Test worker] o.h.type.descriptor.sql.BasicBinder      : binding parameter [1] as [BIGINT] - [0]
2020-06-10 20:38:39.096 TRACE 56553 --- [    Test worker] o.h.type.descriptor.sql.BasicBinder      : binding parameter [2] as [VARCHAR] - [Oppilaitos]
2020-06-10 20:38:39.097 TRACE 56553 --- [    Test worker] o.h.type.descriptor.sql.BasicBinder      : binding parameter [3] as [BIGINT] - [4]
Hibernate: 
    insert 
    into
        lisatietotyyppi
        (id, version, nimi) 
    values
        (null, ?, ?)
2020-06-10 20:38:39.098 TRACE 56553 --- [    Test worker] o.h.type.descriptor.sql.BasicBinder      : binding parameter [1] as [BIGINT] - [0]
2020-06-10 20:38:39.098 TRACE 56553 --- [    Test worker] o.h.type.descriptor.sql.BasicBinder      : binding parameter [2] as [VARCHAR] - [lisatieto.withOppilaitosRajoite]
Hibernate: 
    insert 
    into
        rajoite
        (id, version, arvo, lisatietotyyppi_id, rajoitetyyppi) 
    values
        (null, ?, ?, ?, 'oppilaitostyyppi')
2020-06-10 20:38:39.099 TRACE 56553 --- [    Test worker] o.h.type.descriptor.sql.BasicBinder      : binding parameter [1] as [BIGINT] - [0]
2020-06-10 20:38:39.099 TRACE 56553 --- [    Test worker] o.h.type.descriptor.sql.BasicBinder      : binding parameter [2] as [VARCHAR] - [Oppilaitos]
2020-06-10 20:38:39.099 TRACE 56553 --- [    Test worker] o.h.type.descriptor.sql.BasicBinder      : binding parameter [3] as [BIGINT] - [5]
Hibernate: 
    select
        lisatietot0_.id as id1_1_,
        lisatietot0_.version as version2_1_,
        lisatietot0_.nimi as nimi3_1_ 
    from
        lisatietotyyppi lisatietot0_
2020-06-10 20:38:39.188 TRACE 56553 --- [    Test worker] o.h.type.descriptor.sql.BasicExtractor   : extracted value ([id1_1_] : [BIGINT]) - [3]
2020-06-10 20:38:39.188 TRACE 56553 --- [    Test worker] o.h.type.descriptor.sql.BasicExtractor   : extracted value ([id1_1_] : [BIGINT]) - [4]
2020-06-10 20:38:39.188 TRACE 56553 --- [    Test worker] o.h.type.descriptor.sql.BasicExtractor   : extracted value ([id1_1_] : [BIGINT]) - [5]
2020-06-10 20:38:39.229  INFO 56553 --- [    Test worker] o.s.t.c.transaction.TransactionContext   : Rolled back transaction for test: [DefaultTestContext@1ce49492 testClass = LisatietoTyyppiDaoImplTest, testInstance = fi.vm.sade.organisaatio.repository.impl.LisatietoTyyppiDaoImplTest@3524f6df, testMethod = findAll@LisatietoTyyppiDaoImplTest, testException = [null], mergedContextConfiguration = [WebMergedContextConfiguration@3aca4286 testClass = LisatietoTyyppiDaoImplTest, locations = '{}', classes = '{class fi.vm.sade.organisaatio.OrganisaatioApplication}', contextInitializerClasses = '[]', activeProfiles = '{}', propertySourceLocations = '{}', propertySourceProperties = '{org.springframework.boot.test.context.SpringBootTestContextBootstrapper=true}', contextCustomizers = set[org.springframework.boot.test.autoconfigure.properties.PropertyMappingContextCustomizer@83020a4e, org.springframework.boot.test.autoconfigure.web.servlet.WebDriverContextCustomizerFactory$Customizer@5e540114, [ImportsContextCustomizer@38df8e5b key = [org.springframework.boot.test.autoconfigure.jdbc.TestDatabaseAutoConfiguration, org.springframework.boot.autoconfigure.jdbc.DataSourceAutoConfiguration]], org.springframework.boot.test.context.filter.ExcludeFilterContextCustomizer@41cdf26a, org.springframework.boot.test.json.DuplicateJsonObjectContextCustomizerFactory$DuplicateJsonObjectContextCustomizer@1e95fe99, org.springframework.boot.test.mock.mockito.MockitoContextCustomizer@0, org.springframework.boot.test.web.client.TestRestTemplateContextCustomizer@6d8bcece, org.springframework.boot.test.context.SpringBootTestArgs@1], resourceBasePath = 'src/main/webapp', contextLoader = 'org.springframework.boot.test.context.SpringBootContextLoader', parent = [null]], attributes = map['org.springframework.test.context.web.ServletTestExecutionListener.activateListener' -> true, 'org.springframework.test.context.web.ServletTestExecutionListener.populatedRequestContextHolder' -> true, 'org.springframework.test.context.web.ServletTestExecutionListener.resetRequestContextHolder' -> true]]
2020-06-10 20:38:39.231  INFO 56553 --- [    Test worker] o.s.t.c.transaction.TransactionContext   : Began transaction (1) for test context [DefaultTestContext@1ce49492 testClass = LisatietoTyyppiDaoImplTest, testInstance = fi.vm.sade.organisaatio.repository.impl.LisatietoTyyppiDaoImplTest@63b3c846, testMethod = findByOrganisationWithOrganisaatiotyyppiRajoite@LisatietoTyyppiDaoImplTest, testException = [null], mergedContextConfiguration = [WebMergedContextConfiguration@3aca4286 testClass = LisatietoTyyppiDaoImplTest, locations = '{}', classes = '{class fi.vm.sade.organisaatio.OrganisaatioApplication}', contextInitializerClasses = '[]', activeProfiles = '{}', propertySourceLocations = '{}', propertySourceProperties = '{org.springframework.boot.test.context.SpringBootTestContextBootstrapper=true}', contextCustomizers = set[org.springframework.boot.test.autoconfigure.properties.PropertyMappingContextCustomizer@83020a4e, org.springframework.boot.test.autoconfigure.web.servlet.WebDriverContextCustomizerFactory$Customizer@5e540114, [ImportsContextCustomizer@38df8e5b key = [org.springframework.boot.test.autoconfigure.jdbc.TestDatabaseAutoConfiguration, org.springframework.boot.autoconfigure.jdbc.DataSourceAutoConfiguration]], org.springframework.boot.test.context.filter.ExcludeFilterContextCustomizer@41cdf26a, org.springframework.boot.test.json.DuplicateJsonObjectContextCustomizerFactory$DuplicateJsonObjectContextCustomizer@1e95fe99, org.springframework.boot.test.mock.mockito.MockitoContextCustomizer@0, org.springframework.boot.test.web.client.TestRestTemplateContextCustomizer@6d8bcece, org.springframework.boot.test.context.SpringBootTestArgs@1], resourceBasePath = 'src/main/webapp', contextLoader = 'org.springframework.boot.test.context.SpringBootContextLoader', parent = [null]], attributes = map['org.springframework.test.context.web.ServletTestExecutionListener.activateListener' -> true, 'org.springframework.test.context.web.ServletTestExecutionListener.populatedRequestContextHolder' -> true, 'org.springframework.test.context.web.ServletTestExecutionListener.resetRequestContextHolder' -> true]]; transaction manager [org.springframework.orm.jpa.JpaTransactionManager@20031d49]; rollback [true]
Hibernate: 
    insert 
    into
        organisaatio
        (id, version, alkupvm, domainnimi, kotipaikka, kuvaus_mkt, lakkautuspvm, maa, metadata_id, nimi_mkt, nimihaku, oid, opetuspisteenjarjnro, oppilaitoskoodi, oppilaitos_tyyppi, organisaatio_poistettu, paivittaja, paivityspvm, parentidpath, parentoidpath, piilotettu, tarkastus_pvm, toimipistekoodi, tuontipvm, varhaiskasvatuksen_toimipaikka_tiedot_id, virastotunnus, yhteishaunkoulukoodi, yritysmuoto, ytj_kieli, ytjpaivityspvm, ytunnus) 
    values
        (null, ?, ?, ?, ?, ?, ?, ?, ?, ?, ?, ?, ?, ?, ?, ?, ?, ?, ?, ?, ?, ?, ?, ?, ?, ?, ?, ?, ?, ?, ?)
2020-06-10 20:38:39.243 TRACE 56553 --- [    Test worker] o.h.type.descriptor.sql.BasicBinder      : binding parameter [1] as [BIGINT] - [0]
2020-06-10 20:38:39.243 TRACE 56553 --- [    Test worker] o.h.type.descriptor.sql.BasicBinder      : binding parameter [2] as [DATE] - [null]
2020-06-10 20:38:39.243 TRACE 56553 --- [    Test worker] o.h.type.descriptor.sql.BasicBinder      : binding parameter [3] as [VARCHAR] - [null]
2020-06-10 20:38:39.244 TRACE 56553 --- [    Test worker] o.h.type.descriptor.sql.BasicBinder      : binding parameter [4] as [VARCHAR] - [null]
2020-06-10 20:38:39.244 TRACE 56553 --- [    Test worker] o.h.type.descriptor.sql.BasicBinder      : binding parameter [5] as [BIGINT] - [null]
2020-06-10 20:38:39.244 TRACE 56553 --- [    Test worker] o.h.type.descriptor.sql.BasicBinder      : binding parameter [6] as [DATE] - [null]
2020-06-10 20:38:39.244 TRACE 56553 --- [    Test worker] o.h.type.descriptor.sql.BasicBinder      : binding parameter [7] as [VARCHAR] - [null]
2020-06-10 20:38:39.244 TRACE 56553 --- [    Test worker] o.h.type.descriptor.sql.BasicBinder      : binding parameter [8] as [BIGINT] - [null]
2020-06-10 20:38:39.244 TRACE 56553 --- [    Test worker] o.h.type.descriptor.sql.BasicBinder      : binding parameter [9] as [BIGINT] - [null]
2020-06-10 20:38:39.244 TRACE 56553 --- [    Test worker] o.h.type.descriptor.sql.BasicBinder      : binding parameter [10] as [VARCHAR] - [null]
2020-06-10 20:38:39.244 TRACE 56553 --- [    Test worker] o.h.type.descriptor.sql.BasicBinder      : binding parameter [11] as [VARCHAR] - [oid]
2020-06-10 20:38:39.244 TRACE 56553 --- [    Test worker] o.h.type.descriptor.sql.BasicBinder      : binding parameter [12] as [VARCHAR] - [null]
2020-06-10 20:38:39.244 TRACE 56553 --- [    Test worker] o.h.type.descriptor.sql.BasicBinder      : binding parameter [13] as [VARCHAR] - [null]
2020-06-10 20:38:39.244 TRACE 56553 --- [    Test worker] o.h.type.descriptor.sql.BasicBinder      : binding parameter [14] as [VARCHAR] - [oppilaitoskoodi_12#1]
2020-06-10 20:38:39.244 TRACE 56553 --- [    Test worker] o.h.type.descriptor.sql.BasicBinder      : binding parameter [15] as [BOOLEAN] - [false]
2020-06-10 20:38:39.244 TRACE 56553 --- [    Test worker] o.h.type.descriptor.sql.BasicBinder      : binding parameter [16] as [VARCHAR] - [null]
2020-06-10 20:38:39.244 TRACE 56553 --- [    Test worker] o.h.type.descriptor.sql.BasicBinder      : binding parameter [17] as [TIMESTAMP] - [null]
2020-06-10 20:38:39.244 TRACE 56553 --- [    Test worker] o.h.type.descriptor.sql.BasicBinder      : binding parameter [18] as [VARCHAR] - [null]
2020-06-10 20:38:39.244 TRACE 56553 --- [    Test worker] o.h.type.descriptor.sql.BasicBinder      : binding parameter [19] as [VARCHAR] - [null]
2020-06-10 20:38:39.245 TRACE 56553 --- [    Test worker] o.h.type.descriptor.sql.BasicBinder      : binding parameter [20] as [BOOLEAN] - [false]
2020-06-10 20:38:39.245 TRACE 56553 --- [    Test worker] o.h.type.descriptor.sql.BasicBinder      : binding parameter [21] as [TIMESTAMP] - [null]
2020-06-10 20:38:39.245 TRACE 56553 --- [    Test worker] o.h.type.descriptor.sql.BasicBinder      : binding parameter [22] as [VARCHAR] - [null]
2020-06-10 20:38:39.245 TRACE 56553 --- [    Test worker] o.h.type.descriptor.sql.BasicBinder      : binding parameter [23] as [TIMESTAMP] - [null]
2020-06-10 20:38:39.245 TRACE 56553 --- [    Test worker] o.h.type.descriptor.sql.BasicBinder      : binding parameter [24] as [BIGINT] - [null]
2020-06-10 20:38:39.245 TRACE 56553 --- [    Test worker] o.h.type.descriptor.sql.BasicBinder      : binding parameter [25] as [VARCHAR] - [null]
2020-06-10 20:38:39.245 TRACE 56553 --- [    Test worker] o.h.type.descriptor.sql.BasicBinder      : binding parameter [26] as [VARCHAR] - [null]
2020-06-10 20:38:39.245 TRACE 56553 --- [    Test worker] o.h.type.descriptor.sql.BasicBinder      : binding parameter [27] as [VARCHAR] - [null]
2020-06-10 20:38:39.245 TRACE 56553 --- [    Test worker] o.h.type.descriptor.sql.BasicBinder      : binding parameter [28] as [VARCHAR] - [null]
2020-06-10 20:38:39.245 TRACE 56553 --- [    Test worker] o.h.type.descriptor.sql.BasicBinder      : binding parameter [29] as [DATE] - [null]
2020-06-10 20:38:39.245 TRACE 56553 --- [    Test worker] o.h.type.descriptor.sql.BasicBinder      : binding parameter [30] as [VARCHAR] - [null]
Hibernate: 
    insert 
    into
        lisatietotyyppi
        (id, version, nimi) 
    values
        (null, ?, ?)
2020-06-10 20:38:39.247 TRACE 56553 --- [    Test worker] o.h.type.descriptor.sql.BasicBinder      : binding parameter [1] as [BIGINT] - [0]
2020-06-10 20:38:39.247 TRACE 56553 --- [    Test worker] o.h.type.descriptor.sql.BasicBinder      : binding parameter [2] as [VARCHAR] - [lisatieto.nimi]
Hibernate: 
    insert 
    into
        rajoite
        (id, version, arvo, lisatietotyyppi_id, rajoitetyyppi) 
    values
        (null, ?, ?, ?, 'organisaatiotyyppi')
2020-06-10 20:38:39.248 TRACE 56553 --- [    Test worker] o.h.type.descriptor.sql.BasicBinder      : binding parameter [1] as [BIGINT] - [0]
2020-06-10 20:38:39.248 TRACE 56553 --- [    Test worker] o.h.type.descriptor.sql.BasicBinder      : binding parameter [2] as [VARCHAR] - [Oppilaitos]
2020-06-10 20:38:39.248 TRACE 56553 --- [    Test worker] o.h.type.descriptor.sql.BasicBinder      : binding parameter [3] as [BIGINT] - [6]
Hibernate: 
    insert 
    into
        organisaatio_tyypit
        (organisaatio_id, tyypit) 
    values
        (?, ?)
2020-06-10 20:38:39.260 TRACE 56553 --- [    Test worker] o.h.type.descriptor.sql.BasicBinder      : binding parameter [1] as [BIGINT] - [5]
2020-06-10 20:38:39.260 TRACE 56553 --- [    Test worker] o.h.type.descriptor.sql.BasicBinder      : binding parameter [2] as [VARCHAR] - [Oppilaitos]
Hibernate: 
    select
        distinct lisatietot0_.nimi as col_0_0_ 
    from
        lisatietotyyppi lisatietot0_ 
    inner join
        organisaatio organisaat1_ 
            on (
                organisaat1_.oid=?
            ) 
    left outer join
        rajoite organisaat2_ 
            on (
                organisaat2_.lisatietotyyppi_id=lisatietot0_.id
            ) 
    left outer join
        rajoite oppilaitos3_ 
            on (
                oppilaitos3_.lisatietotyyppi_id=lisatietot0_.id
            ) 
    left outer join
        rajoite rajoite4_ 
            on (
                not (exists (select
                    rajoitteet5_.id 
            from
                rajoite rajoitteet5_ 
            where
                lisatietot0_.id=rajoitteet5_.lisatietotyyppi_id))
        ) 
    where
        organisaat2_.arvo in (
            select
                tyypit6_.tyypit 
            from
                organisaatio_tyypit tyypit6_ 
            where
                organisaat1_.id=tyypit6_.organisaatio_id
        ) 
        or organisaat1_.oppilaitos_tyyppi like (oppilaitos3_.arvo||?) escape '!' 
        or  not (exists (select
            rajoitteet7_.id 
        from
            rajoite rajoitteet7_ 
        where
            lisatietot0_.id=rajoitteet7_.lisatietotyyppi_id))
2020-06-10 20:38:39.262 TRACE 56553 --- [    Test worker] o.h.type.descriptor.sql.BasicBinder      : binding parameter [1] as [VARCHAR] - [oid]
2020-06-10 20:38:39.262 TRACE 56553 --- [    Test worker] o.h.type.descriptor.sql.BasicBinder      : binding parameter [2] as [VARCHAR] - [#%]
2020-06-10 20:38:39.263 TRACE 56553 --- [    Test worker] o.h.type.descriptor.sql.BasicExtractor   : extracted value ([col_0_0_] : [VARCHAR]) - [lisatieto.nimi]
2020-06-10 20:38:39.264  INFO 56553 --- [    Test worker] o.s.t.c.transaction.TransactionContext   : Rolled back transaction for test: [DefaultTestContext@1ce49492 testClass = LisatietoTyyppiDaoImplTest, testInstance = fi.vm.sade.organisaatio.repository.impl.LisatietoTyyppiDaoImplTest@63b3c846, testMethod = findByOrganisationWithOrganisaatiotyyppiRajoite@LisatietoTyyppiDaoImplTest, testException = [null], mergedContextConfiguration = [WebMergedContextConfiguration@3aca4286 testClass = LisatietoTyyppiDaoImplTest, locations = '{}', classes = '{class fi.vm.sade.organisaatio.OrganisaatioApplication}', contextInitializerClasses = '[]', activeProfiles = '{}', propertySourceLocations = '{}', propertySourceProperties = '{org.springframework.boot.test.context.SpringBootTestContextBootstrapper=true}', contextCustomizers = set[org.springframework.boot.test.autoconfigure.properties.PropertyMappingContextCustomizer@83020a4e, org.springframework.boot.test.autoconfigure.web.servlet.WebDriverContextCustomizerFactory$Customizer@5e540114, [ImportsContextCustomizer@38df8e5b key = [org.springframework.boot.test.autoconfigure.jdbc.TestDatabaseAutoConfiguration, org.springframework.boot.autoconfigure.jdbc.DataSourceAutoConfiguration]], org.springframework.boot.test.context.filter.ExcludeFilterContextCustomizer@41cdf26a, org.springframework.boot.test.json.DuplicateJsonObjectContextCustomizerFactory$DuplicateJsonObjectContextCustomizer@1e95fe99, org.springframework.boot.test.mock.mockito.MockitoContextCustomizer@0, org.springframework.boot.test.web.client.TestRestTemplateContextCustomizer@6d8bcece, org.springframework.boot.test.context.SpringBootTestArgs@1], resourceBasePath = 'src/main/webapp', contextLoader = 'org.springframework.boot.test.context.SpringBootContextLoader', parent = [null]], attributes = map['org.springframework.test.context.web.ServletTestExecutionListener.activateListener' -> true, 'org.springframework.test.context.web.ServletTestExecutionListener.populatedRequestContextHolder' -> true, 'org.springframework.test.context.web.ServletTestExecutionListener.resetRequestContextHolder' -> true]]
2020-06-10 20:38:39.266  INFO 56553 --- [    Test worker] o.s.t.c.transaction.TransactionContext   : Began transaction (1) for test context [DefaultTestContext@1ce49492 testClass = LisatietoTyyppiDaoImplTest, testInstance = fi.vm.sade.organisaatio.repository.impl.LisatietoTyyppiDaoImplTest@207b8bc6, testMethod = findByOrganisationWithOppilaitostyyppiRajoite@LisatietoTyyppiDaoImplTest, testException = [null], mergedContextConfiguration = [WebMergedContextConfiguration@3aca4286 testClass = LisatietoTyyppiDaoImplTest, locations = '{}', classes = '{class fi.vm.sade.organisaatio.OrganisaatioApplication}', contextInitializerClasses = '[]', activeProfiles = '{}', propertySourceLocations = '{}', propertySourceProperties = '{org.springframework.boot.test.context.SpringBootTestContextBootstrapper=true}', contextCustomizers = set[org.springframework.boot.test.autoconfigure.properties.PropertyMappingContextCustomizer@83020a4e, org.springframework.boot.test.autoconfigure.web.servlet.WebDriverContextCustomizerFactory$Customizer@5e540114, [ImportsContextCustomizer@38df8e5b key = [org.springframework.boot.test.autoconfigure.jdbc.TestDatabaseAutoConfiguration, org.springframework.boot.autoconfigure.jdbc.DataSourceAutoConfiguration]], org.springframework.boot.test.context.filter.ExcludeFilterContextCustomizer@41cdf26a, org.springframework.boot.test.json.DuplicateJsonObjectContextCustomizerFactory$DuplicateJsonObjectContextCustomizer@1e95fe99, org.springframework.boot.test.mock.mockito.MockitoContextCustomizer@0, org.springframework.boot.test.web.client.TestRestTemplateContextCustomizer@6d8bcece, org.springframework.boot.test.context.SpringBootTestArgs@1], resourceBasePath = 'src/main/webapp', contextLoader = 'org.springframework.boot.test.context.SpringBootContextLoader', parent = [null]], attributes = map['org.springframework.test.context.web.ServletTestExecutionListener.activateListener' -> true, 'org.springframework.test.context.web.ServletTestExecutionListener.populatedRequestContextHolder' -> true, 'org.springframework.test.context.web.ServletTestExecutionListener.resetRequestContextHolder' -> true]]; transaction manager [org.springframework.orm.jpa.JpaTransactionManager@20031d49]; rollback [true]
Hibernate: 
    insert 
    into
        organisaatio
        (id, version, alkupvm, domainnimi, kotipaikka, kuvaus_mkt, lakkautuspvm, maa, metadata_id, nimi_mkt, nimihaku, oid, opetuspisteenjarjnro, oppilaitoskoodi, oppilaitos_tyyppi, organisaatio_poistettu, paivittaja, paivityspvm, parentidpath, parentoidpath, piilotettu, tarkastus_pvm, toimipistekoodi, tuontipvm, varhaiskasvatuksen_toimipaikka_tiedot_id, virastotunnus, yhteishaunkoulukoodi, yritysmuoto, ytj_kieli, ytjpaivityspvm, ytunnus) 
    values
        (null, ?, ?, ?, ?, ?, ?, ?, ?, ?, ?, ?, ?, ?, ?, ?, ?, ?, ?, ?, ?, ?, ?, ?, ?, ?, ?, ?, ?, ?, ?)
2020-06-10 20:38:39.267 TRACE 56553 --- [    Test worker] o.h.type.descriptor.sql.BasicBinder      : binding parameter [1] as [BIGINT] - [0]
2020-06-10 20:38:39.267 TRACE 56553 --- [    Test worker] o.h.type.descriptor.sql.BasicBinder      : binding parameter [2] as [DATE] - [null]
2020-06-10 20:38:39.267 TRACE 56553 --- [    Test worker] o.h.type.descriptor.sql.BasicBinder      : binding parameter [3] as [VARCHAR] - [null]
2020-06-10 20:38:39.267 TRACE 56553 --- [    Test worker] o.h.type.descriptor.sql.BasicBinder      : binding parameter [4] as [VARCHAR] - [null]
2020-06-10 20:38:39.267 TRACE 56553 --- [    Test worker] o.h.type.descriptor.sql.BasicBinder      : binding parameter [5] as [BIGINT] - [null]
2020-06-10 20:38:39.268 TRACE 56553 --- [    Test worker] o.h.type.descriptor.sql.BasicBinder      : binding parameter [6] as [DATE] - [null]
2020-06-10 20:38:39.268 TRACE 56553 --- [    Test worker] o.h.type.descriptor.sql.BasicBinder      : binding parameter [7] as [VARCHAR] - [null]
2020-06-10 20:38:39.268 TRACE 56553 --- [    Test worker] o.h.type.descriptor.sql.BasicBinder      : binding parameter [8] as [BIGINT] - [null]
2020-06-10 20:38:39.268 TRACE 56553 --- [    Test worker] o.h.type.descriptor.sql.BasicBinder      : binding parameter [9] as [BIGINT] - [null]
2020-06-10 20:38:39.268 TRACE 56553 --- [    Test worker] o.h.type.descriptor.sql.BasicBinder      : binding parameter [10] as [VARCHAR] - [null]
2020-06-10 20:38:39.268 TRACE 56553 --- [    Test worker] o.h.type.descriptor.sql.BasicBinder      : binding parameter [11] as [VARCHAR] - [oid]
2020-06-10 20:38:39.268 TRACE 56553 --- [    Test worker] o.h.type.descriptor.sql.BasicBinder      : binding parameter [12] as [VARCHAR] - [null]
2020-06-10 20:38:39.268 TRACE 56553 --- [    Test worker] o.h.type.descriptor.sql.BasicBinder      : binding parameter [13] as [VARCHAR] - [null]
2020-06-10 20:38:39.268 TRACE 56553 --- [    Test worker] o.h.type.descriptor.sql.BasicBinder      : binding parameter [14] as [VARCHAR] - [oppilaitoskoodi_12#1]
2020-06-10 20:38:39.268 TRACE 56553 --- [    Test worker] o.h.type.descriptor.sql.BasicBinder      : binding parameter [15] as [BOOLEAN] - [false]
2020-06-10 20:38:39.268 TRACE 56553 --- [    Test worker] o.h.type.descriptor.sql.BasicBinder      : binding parameter [16] as [VARCHAR] - [null]
2020-06-10 20:38:39.269 TRACE 56553 --- [    Test worker] o.h.type.descriptor.sql.BasicBinder      : binding parameter [17] as [TIMESTAMP] - [null]
2020-06-10 20:38:39.269 TRACE 56553 --- [    Test worker] o.h.type.descriptor.sql.BasicBinder      : binding parameter [18] as [VARCHAR] - [null]
2020-06-10 20:38:39.269 TRACE 56553 --- [    Test worker] o.h.type.descriptor.sql.BasicBinder      : binding parameter [19] as [VARCHAR] - [null]
2020-06-10 20:38:39.269 TRACE 56553 --- [    Test worker] o.h.type.descriptor.sql.BasicBinder      : binding parameter [20] as [BOOLEAN] - [false]
2020-06-10 20:38:39.269 TRACE 56553 --- [    Test worker] o.h.type.descriptor.sql.BasicBinder      : binding parameter [21] as [TIMESTAMP] - [null]
2020-06-10 20:38:39.269 TRACE 56553 --- [    Test worker] o.h.type.descriptor.sql.BasicBinder      : binding parameter [22] as [VARCHAR] - [null]
2020-06-10 20:38:39.269 TRACE 56553 --- [    Test worker] o.h.type.descriptor.sql.BasicBinder      : binding parameter [23] as [TIMESTAMP] - [null]
2020-06-10 20:38:39.269 TRACE 56553 --- [    Test worker] o.h.type.descriptor.sql.BasicBinder      : binding parameter [24] as [BIGINT] - [null]
2020-06-10 20:38:39.269 TRACE 56553 --- [    Test worker] o.h.type.descriptor.sql.BasicBinder      : binding parameter [25] as [VARCHAR] - [null]
2020-06-10 20:38:39.270 TRACE 56553 --- [    Test worker] o.h.type.descriptor.sql.BasicBinder      : binding parameter [26] as [VARCHAR] - [null]
2020-06-10 20:38:39.270 TRACE 56553 --- [    Test worker] o.h.type.descriptor.sql.BasicBinder      : binding parameter [27] as [VARCHAR] - [null]
2020-06-10 20:38:39.270 TRACE 56553 --- [    Test worker] o.h.type.descriptor.sql.BasicBinder      : binding parameter [28] as [VARCHAR] - [null]
2020-06-10 20:38:39.270 TRACE 56553 --- [    Test worker] o.h.type.descriptor.sql.BasicBinder      : binding parameter [29] as [DATE] - [null]
2020-06-10 20:38:39.270 TRACE 56553 --- [    Test worker] o.h.type.descriptor.sql.BasicBinder      : binding parameter [30] as [VARCHAR] - [null]
Hibernate: 
    insert 
    into
        lisatietotyyppi
        (id, version, nimi) 
    values
        (null, ?, ?)
2020-06-10 20:38:39.271 TRACE 56553 --- [    Test worker] o.h.type.descriptor.sql.BasicBinder      : binding parameter [1] as [BIGINT] - [0]
2020-06-10 20:38:39.271 TRACE 56553 --- [    Test worker] o.h.type.descriptor.sql.BasicBinder      : binding parameter [2] as [VARCHAR] - [lisatieto.nimi]
Hibernate: 
    insert 
    into
        rajoite
        (id, version, arvo, lisatietotyyppi_id, rajoitetyyppi) 
    values
        (null, ?, ?, ?, 'oppilaitostyyppi')
2020-06-10 20:38:39.272 TRACE 56553 --- [    Test worker] o.h.type.descriptor.sql.BasicBinder      : binding parameter [1] as [BIGINT] - [0]
2020-06-10 20:38:39.272 TRACE 56553 --- [    Test worker] o.h.type.descriptor.sql.BasicBinder      : binding parameter [2] as [VARCHAR] - [oppilaitoskoodi_12]
2020-06-10 20:38:39.272 TRACE 56553 --- [    Test worker] o.h.type.descriptor.sql.BasicBinder      : binding parameter [3] as [BIGINT] - [7]
Hibernate: 
    insert 
    into
        organisaatio_tyypit
        (organisaatio_id, tyypit) 
    values
        (?, ?)
2020-06-10 20:38:39.274 TRACE 56553 --- [    Test worker] o.h.type.descriptor.sql.BasicBinder      : binding parameter [1] as [BIGINT] - [6]
2020-06-10 20:38:39.275 TRACE 56553 --- [    Test worker] o.h.type.descriptor.sql.BasicBinder      : binding parameter [2] as [VARCHAR] - [Oppilaitos]
Hibernate: 
    select
        distinct lisatietot0_.nimi as col_0_0_ 
    from
        lisatietotyyppi lisatietot0_ 
    inner join
        organisaatio organisaat1_ 
            on (
                organisaat1_.oid=?
            ) 
    left outer join
        rajoite organisaat2_ 
            on (
                organisaat2_.lisatietotyyppi_id=lisatietot0_.id
            ) 
    left outer join
        rajoite oppilaitos3_ 
            on (
                oppilaitos3_.lisatietotyyppi_id=lisatietot0_.id
            ) 
    left outer join
        rajoite rajoite4_ 
            on (
                not (exists (select
                    rajoitteet5_.id 
            from
                rajoite rajoitteet5_ 
            where
                lisatietot0_.id=rajoitteet5_.lisatietotyyppi_id))
        ) 
    where
        organisaat2_.arvo in (
            select
                tyypit6_.tyypit 
            from
                organisaatio_tyypit tyypit6_ 
            where
                organisaat1_.id=tyypit6_.organisaatio_id
        ) 
        or organisaat1_.oppilaitos_tyyppi like (oppilaitos3_.arvo||?) escape '!' 
        or  not (exists (select
            rajoitteet7_.id 
        from
            rajoite rajoitteet7_ 
        where
            lisatietot0_.id=rajoitteet7_.lisatietotyyppi_id))
2020-06-10 20:38:39.276 TRACE 56553 --- [    Test worker] o.h.type.descriptor.sql.BasicBinder      : binding parameter [1] as [VARCHAR] - [oid]
2020-06-10 20:38:39.276 TRACE 56553 --- [    Test worker] o.h.type.descriptor.sql.BasicBinder      : binding parameter [2] as [VARCHAR] - [#%]
2020-06-10 20:38:39.317 TRACE 56553 --- [    Test worker] o.h.type.descriptor.sql.BasicExtractor   : extracted value ([col_0_0_] : [VARCHAR]) - [lisatieto.nimi]
2020-06-10 20:38:39.319  INFO 56553 --- [    Test worker] o.s.t.c.transaction.TransactionContext   : Rolled back transaction for test: [DefaultTestContext@1ce49492 testClass = LisatietoTyyppiDaoImplTest, testInstance = fi.vm.sade.organisaatio.repository.impl.LisatietoTyyppiDaoImplTest@207b8bc6, testMethod = findByOrganisationWithOppilaitostyyppiRajoite@LisatietoTyyppiDaoImplTest, testException = [null], mergedContextConfiguration = [WebMergedContextConfiguration@3aca4286 testClass = LisatietoTyyppiDaoImplTest, locations = '{}', classes = '{class fi.vm.sade.organisaatio.OrganisaatioApplication}', contextInitializerClasses = '[]', activeProfiles = '{}', propertySourceLocations = '{}', propertySourceProperties = '{org.springframework.boot.test.context.SpringBootTestContextBootstrapper=true}', contextCustomizers = set[org.springframework.boot.test.autoconfigure.properties.PropertyMappingContextCustomizer@83020a4e, org.springframework.boot.test.autoconfigure.web.servlet.WebDriverContextCustomizerFactory$Customizer@5e540114, [ImportsContextCustomizer@38df8e5b key = [org.springframework.boot.test.autoconfigure.jdbc.TestDatabaseAutoConfiguration, org.springframework.boot.autoconfigure.jdbc.DataSourceAutoConfiguration]], org.springframework.boot.test.context.filter.ExcludeFilterContextCustomizer@41cdf26a, org.springframework.boot.test.json.DuplicateJsonObjectContextCustomizerFactory$DuplicateJsonObjectContextCustomizer@1e95fe99, org.springframework.boot.test.mock.mockito.MockitoContextCustomizer@0, org.springframework.boot.test.web.client.TestRestTemplateContextCustomizer@6d8bcece, org.springframework.boot.test.context.SpringBootTestArgs@1], resourceBasePath = 'src/main/webapp', contextLoader = 'org.springframework.boot.test.context.SpringBootContextLoader', parent = [null]], attributes = map['org.springframework.test.context.web.ServletTestExecutionListener.activateListener' -> true, 'org.springframework.test.context.web.ServletTestExecutionListener.populatedRequestContextHolder' -> true, 'org.springframework.test.context.web.ServletTestExecutionListener.resetRequestContextHolder' -> true]]
2020-06-10 20:38:39.321  INFO 56553 --- [    Test worker] o.s.t.c.transaction.TransactionContext   : Began transaction (1) for test context [DefaultTestContext@1ce49492 testClass = LisatietoTyyppiDaoImplTest, testInstance = fi.vm.sade.organisaatio.repository.impl.LisatietoTyyppiDaoImplTest@68ecb800, testMethod = findByOrganisationWhenRajoitteetonLisatietotyyppi@LisatietoTyyppiDaoImplTest, testException = [null], mergedContextConfiguration = [WebMergedContextConfiguration@3aca4286 testClass = LisatietoTyyppiDaoImplTest, locations = '{}', classes = '{class fi.vm.sade.organisaatio.OrganisaatioApplication}', contextInitializerClasses = '[]', activeProfiles = '{}', propertySourceLocations = '{}', propertySourceProperties = '{org.springframework.boot.test.context.SpringBootTestContextBootstrapper=true}', contextCustomizers = set[org.springframework.boot.test.autoconfigure.properties.PropertyMappingContextCustomizer@83020a4e, org.springframework.boot.test.autoconfigure.web.servlet.WebDriverContextCustomizerFactory$Customizer@5e540114, [ImportsContextCustomizer@38df8e5b key = [org.springframework.boot.test.autoconfigure.jdbc.TestDatabaseAutoConfiguration, org.springframework.boot.autoconfigure.jdbc.DataSourceAutoConfiguration]], org.springframework.boot.test.context.filter.ExcludeFilterContextCustomizer@41cdf26a, org.springframework.boot.test.json.DuplicateJsonObjectContextCustomizerFactory$DuplicateJsonObjectContextCustomizer@1e95fe99, org.springframework.boot.test.mock.mockito.MockitoContextCustomizer@0, org.springframework.boot.test.web.client.TestRestTemplateContextCustomizer@6d8bcece, org.springframework.boot.test.context.SpringBootTestArgs@1], resourceBasePath = 'src/main/webapp', contextLoader = 'org.springframework.boot.test.context.SpringBootContextLoader', parent = [null]], attributes = map['org.springframework.test.context.web.ServletTestExecutionListener.activateListener' -> true, 'org.springframework.test.context.web.ServletTestExecutionListener.populatedRequestContextHolder' -> true, 'org.springframework.test.context.web.ServletTestExecutionListener.resetRequestContextHolder' -> true]]; transaction manager [org.springframework.orm.jpa.JpaTransactionManager@20031d49]; rollback [true]
Hibernate: 
    insert 
    into
        organisaatio
        (id, version, alkupvm, domainnimi, kotipaikka, kuvaus_mkt, lakkautuspvm, maa, metadata_id, nimi_mkt, nimihaku, oid, opetuspisteenjarjnro, oppilaitoskoodi, oppilaitos_tyyppi, organisaatio_poistettu, paivittaja, paivityspvm, parentidpath, parentoidpath, piilotettu, tarkastus_pvm, toimipistekoodi, tuontipvm, varhaiskasvatuksen_toimipaikka_tiedot_id, virastotunnus, yhteishaunkoulukoodi, yritysmuoto, ytj_kieli, ytjpaivityspvm, ytunnus) 
    values
        (null, ?, ?, ?, ?, ?, ?, ?, ?, ?, ?, ?, ?, ?, ?, ?, ?, ?, ?, ?, ?, ?, ?, ?, ?, ?, ?, ?, ?, ?, ?)
2020-06-10 20:38:39.323 TRACE 56553 --- [    Test worker] o.h.type.descriptor.sql.BasicBinder      : binding parameter [1] as [BIGINT] - [0]
2020-06-10 20:38:39.323 TRACE 56553 --- [    Test worker] o.h.type.descriptor.sql.BasicBinder      : binding parameter [2] as [DATE] - [null]
2020-06-10 20:38:39.323 TRACE 56553 --- [    Test worker] o.h.type.descriptor.sql.BasicBinder      : binding parameter [3] as [VARCHAR] - [null]
2020-06-10 20:38:39.323 TRACE 56553 --- [    Test worker] o.h.type.descriptor.sql.BasicBinder      : binding parameter [4] as [VARCHAR] - [null]
2020-06-10 20:38:39.323 TRACE 56553 --- [    Test worker] o.h.type.descriptor.sql.BasicBinder      : binding parameter [5] as [BIGINT] - [null]
2020-06-10 20:38:39.323 TRACE 56553 --- [    Test worker] o.h.type.descriptor.sql.BasicBinder      : binding parameter [6] as [DATE] - [null]
2020-06-10 20:38:39.323 TRACE 56553 --- [    Test worker] o.h.type.descriptor.sql.BasicBinder      : binding parameter [7] as [VARCHAR] - [null]
2020-06-10 20:38:39.323 TRACE 56553 --- [    Test worker] o.h.type.descriptor.sql.BasicBinder      : binding parameter [8] as [BIGINT] - [null]
2020-06-10 20:38:39.323 TRACE 56553 --- [    Test worker] o.h.type.descriptor.sql.BasicBinder      : binding parameter [9] as [BIGINT] - [null]
2020-06-10 20:38:39.323 TRACE 56553 --- [    Test worker] o.h.type.descriptor.sql.BasicBinder      : binding parameter [10] as [VARCHAR] - [null]
2020-06-10 20:38:39.323 TRACE 56553 --- [    Test worker] o.h.type.descriptor.sql.BasicBinder      : binding parameter [11] as [VARCHAR] - [oid]
2020-06-10 20:38:39.323 TRACE 56553 --- [    Test worker] o.h.type.descriptor.sql.BasicBinder      : binding parameter [12] as [VARCHAR] - [null]
2020-06-10 20:38:39.323 TRACE 56553 --- [    Test worker] o.h.type.descriptor.sql.BasicBinder      : binding parameter [13] as [VARCHAR] - [null]
2020-06-10 20:38:39.323 TRACE 56553 --- [    Test worker] o.h.type.descriptor.sql.BasicBinder      : binding parameter [14] as [VARCHAR] - [oppilaitoskoodi_12#1]
2020-06-10 20:38:39.323 TRACE 56553 --- [    Test worker] o.h.type.descriptor.sql.BasicBinder      : binding parameter [15] as [BOOLEAN] - [false]
2020-06-10 20:38:39.323 TRACE 56553 --- [    Test worker] o.h.type.descriptor.sql.BasicBinder      : binding parameter [16] as [VARCHAR] - [null]
2020-06-10 20:38:39.327 TRACE 56553 --- [    Test worker] o.h.type.descriptor.sql.BasicBinder      : binding parameter [17] as [TIMESTAMP] - [null]
2020-06-10 20:38:39.327 TRACE 56553 --- [    Test worker] o.h.type.descriptor.sql.BasicBinder      : binding parameter [18] as [VARCHAR] - [null]
2020-06-10 20:38:39.327 TRACE 56553 --- [    Test worker] o.h.type.descriptor.sql.BasicBinder      : binding parameter [19] as [VARCHAR] - [null]
2020-06-10 20:38:39.327 TRACE 56553 --- [    Test worker] o.h.type.descriptor.sql.BasicBinder      : binding parameter [20] as [BOOLEAN] - [false]
2020-06-10 20:38:39.327 TRACE 56553 --- [    Test worker] o.h.type.descriptor.sql.BasicBinder      : binding parameter [21] as [TIMESTAMP] - [null]
2020-06-10 20:38:39.327 TRACE 56553 --- [    Test worker] o.h.type.descriptor.sql.BasicBinder      : binding parameter [22] as [VARCHAR] - [null]
2020-06-10 20:38:39.327 TRACE 56553 --- [    Test worker] o.h.type.descriptor.sql.BasicBinder      : binding parameter [23] as [TIMESTAMP] - [null]
2020-06-10 20:38:39.327 TRACE 56553 --- [    Test worker] o.h.type.descriptor.sql.BasicBinder      : binding parameter [24] as [BIGINT] - [null]
2020-06-10 20:38:39.328 TRACE 56553 --- [    Test worker] o.h.type.descriptor.sql.BasicBinder      : binding parameter [25] as [VARCHAR] - [null]
2020-06-10 20:38:39.328 TRACE 56553 --- [    Test worker] o.h.type.descriptor.sql.BasicBinder      : binding parameter [26] as [VARCHAR] - [null]
2020-06-10 20:38:39.328 TRACE 56553 --- [    Test worker] o.h.type.descriptor.sql.BasicBinder      : binding parameter [27] as [VARCHAR] - [null]
2020-06-10 20:38:39.328 TRACE 56553 --- [    Test worker] o.h.type.descriptor.sql.BasicBinder      : binding parameter [28] as [VARCHAR] - [null]
2020-06-10 20:38:39.328 TRACE 56553 --- [    Test worker] o.h.type.descriptor.sql.BasicBinder      : binding parameter [29] as [DATE] - [null]
2020-06-10 20:38:39.328 TRACE 56553 --- [    Test worker] o.h.type.descriptor.sql.BasicBinder      : binding parameter [30] as [VARCHAR] - [null]
Hibernate: 
    insert 
    into
        lisatietotyyppi
        (id, version, nimi) 
    values
        (null, ?, ?)
2020-06-10 20:38:39.334 TRACE 56553 --- [    Test worker] o.h.type.descriptor.sql.BasicBinder      : binding parameter [1] as [BIGINT] - [0]
2020-06-10 20:38:39.339 TRACE 56553 --- [    Test worker] o.h.type.descriptor.sql.BasicBinder      : binding parameter [2] as [VARCHAR] - [lisatieto.rajoitteeton]
Hibernate: 
    insert 
    into
        organisaatio_tyypit
        (organisaatio_id, tyypit) 
    values
        (?, ?)
2020-06-10 20:38:39.352 TRACE 56553 --- [    Test worker] o.h.type.descriptor.sql.BasicBinder      : binding parameter [1] as [BIGINT] - [7]
2020-06-10 20:38:39.352 TRACE 56553 --- [    Test worker] o.h.type.descriptor.sql.BasicBinder      : binding parameter [2] as [VARCHAR] - [Oppilaitos]
Hibernate: 
    select
        distinct lisatietot0_.nimi as col_0_0_ 
    from
        lisatietotyyppi lisatietot0_ 
    inner join
        organisaatio organisaat1_ 
            on (
                organisaat1_.oid=?
            ) 
    left outer join
        rajoite organisaat2_ 
            on (
                organisaat2_.lisatietotyyppi_id=lisatietot0_.id
            ) 
    left outer join
        rajoite oppilaitos3_ 
            on (
                oppilaitos3_.lisatietotyyppi_id=lisatietot0_.id
            ) 
    left outer join
        rajoite rajoite4_ 
            on (
                not (exists (select
                    rajoitteet5_.id 
            from
                rajoite rajoitteet5_ 
            where
                lisatietot0_.id=rajoitteet5_.lisatietotyyppi_id))
        ) 
    where
        organisaat2_.arvo in (
            select
                tyypit6_.tyypit 
            from
                organisaatio_tyypit tyypit6_ 
            where
                organisaat1_.id=tyypit6_.organisaatio_id
        ) 
        or organisaat1_.oppilaitos_tyyppi like (oppilaitos3_.arvo||?) escape '!' 
        or  not (exists (select
            rajoitteet7_.id 
        from
            rajoite rajoitteet7_ 
        where
            lisatietot0_.id=rajoitteet7_.lisatietotyyppi_id))
2020-06-10 20:38:39.355 TRACE 56553 --- [    Test worker] o.h.type.descriptor.sql.BasicBinder      : binding parameter [1] as [VARCHAR] - [oid]
2020-06-10 20:38:39.355 TRACE 56553 --- [    Test worker] o.h.type.descriptor.sql.BasicBinder      : binding parameter [2] as [VARCHAR] - [#%]
2020-06-10 20:38:39.361 TRACE 56553 --- [    Test worker] o.h.type.descriptor.sql.BasicExtractor   : extracted value ([col_0_0_] : [VARCHAR]) - [lisatieto.rajoitteeton]
2020-06-10 20:38:39.363  INFO 56553 --- [    Test worker] o.s.t.c.transaction.TransactionContext   : Rolled back transaction for test: [DefaultTestContext@1ce49492 testClass = LisatietoTyyppiDaoImplTest, testInstance = fi.vm.sade.organisaatio.repository.impl.LisatietoTyyppiDaoImplTest@68ecb800, testMethod = findByOrganisationWhenRajoitteetonLisatietotyyppi@LisatietoTyyppiDaoImplTest, testException = [null], mergedContextConfiguration = [WebMergedContextConfiguration@3aca4286 testClass = LisatietoTyyppiDaoImplTest, locations = '{}', classes = '{class fi.vm.sade.organisaatio.OrganisaatioApplication}', contextInitializerClasses = '[]', activeProfiles = '{}', propertySourceLocations = '{}', propertySourceProperties = '{org.springframework.boot.test.context.SpringBootTestContextBootstrapper=true}', contextCustomizers = set[org.springframework.boot.test.autoconfigure.properties.PropertyMappingContextCustomizer@83020a4e, org.springframework.boot.test.autoconfigure.web.servlet.WebDriverContextCustomizerFactory$Customizer@5e540114, [ImportsContextCustomizer@38df8e5b key = [org.springframework.boot.test.autoconfigure.jdbc.TestDatabaseAutoConfiguration, org.springframework.boot.autoconfigure.jdbc.DataSourceAutoConfiguration]], org.springframework.boot.test.context.filter.ExcludeFilterContextCustomizer@41cdf26a, org.springframework.boot.test.json.DuplicateJsonObjectContextCustomizerFactory$DuplicateJsonObjectContextCustomizer@1e95fe99, org.springframework.boot.test.mock.mockito.MockitoContextCustomizer@0, org.springframework.boot.test.web.client.TestRestTemplateContextCustomizer@6d8bcece, org.springframework.boot.test.context.SpringBootTestArgs@1], resourceBasePath = 'src/main/webapp', contextLoader = 'org.springframework.boot.test.context.SpringBootContextLoader', parent = [null]], attributes = map['org.springframework.test.context.web.ServletTestExecutionListener.activateListener' -> true, 'org.springframework.test.context.web.ServletTestExecutionListener.populatedRequestContextHolder' -> true, 'org.springframework.test.context.web.ServletTestExecutionListener.resetRequestContextHolder' -> true]]
2020-06-10 20:38:39.375  INFO 56553 --- [    Test worker] o.s.t.c.transaction.TransactionContext   : Began transaction (1) for test context [DefaultTestContext@1ce49492 testClass = LisatietoTyyppiDaoImplTest, testInstance = fi.vm.sade.organisaatio.repository.impl.LisatietoTyyppiDaoImplTest@53204168, testMethod = findByOrganisationWithOrganisaatiotyyppiAndOppilaitostyyppiRajoite@LisatietoTyyppiDaoImplTest, testException = [null], mergedContextConfiguration = [WebMergedContextConfiguration@3aca4286 testClass = LisatietoTyyppiDaoImplTest, locations = '{}', classes = '{class fi.vm.sade.organisaatio.OrganisaatioApplication}', contextInitializerClasses = '[]', activeProfiles = '{}', propertySourceLocations = '{}', propertySourceProperties = '{org.springframework.boot.test.context.SpringBootTestContextBootstrapper=true}', contextCustomizers = set[org.springframework.boot.test.autoconfigure.properties.PropertyMappingContextCustomizer@83020a4e, org.springframework.boot.test.autoconfigure.web.servlet.WebDriverContextCustomizerFactory$Customizer@5e540114, [ImportsContextCustomizer@38df8e5b key = [org.springframework.boot.test.autoconfigure.jdbc.TestDatabaseAutoConfiguration, org.springframework.boot.autoconfigure.jdbc.DataSourceAutoConfiguration]], org.springframework.boot.test.context.filter.ExcludeFilterContextCustomizer@41cdf26a, org.springframework.boot.test.json.DuplicateJsonObjectContextCustomizerFactory$DuplicateJsonObjectContextCustomizer@1e95fe99, org.springframework.boot.test.mock.mockito.MockitoContextCustomizer@0, org.springframework.boot.test.web.client.TestRestTemplateContextCustomizer@6d8bcece, org.springframework.boot.test.context.SpringBootTestArgs@1], resourceBasePath = 'src/main/webapp', contextLoader = 'org.springframework.boot.test.context.SpringBootContextLoader', parent = [null]], attributes = map['org.springframework.test.context.web.ServletTestExecutionListener.activateListener' -> true, 'org.springframework.test.context.web.ServletTestExecutionListener.populatedRequestContextHolder' -> true, 'org.springframework.test.context.web.ServletTestExecutionListener.resetRequestContextHolder' -> true]]; transaction manager [org.springframework.orm.jpa.JpaTransactionManager@20031d49]; rollback [true]
Hibernate: 
    insert 
    into
        organisaatio
        (id, version, alkupvm, domainnimi, kotipaikka, kuvaus_mkt, lakkautuspvm, maa, metadata_id, nimi_mkt, nimihaku, oid, opetuspisteenjarjnro, oppilaitoskoodi, oppilaitos_tyyppi, organisaatio_poistettu, paivittaja, paivityspvm, parentidpath, parentoidpath, piilotettu, tarkastus_pvm, toimipistekoodi, tuontipvm, varhaiskasvatuksen_toimipaikka_tiedot_id, virastotunnus, yhteishaunkoulukoodi, yritysmuoto, ytj_kieli, ytjpaivityspvm, ytunnus) 
    values
        (null, ?, ?, ?, ?, ?, ?, ?, ?, ?, ?, ?, ?, ?, ?, ?, ?, ?, ?, ?, ?, ?, ?, ?, ?, ?, ?, ?, ?, ?, ?)
2020-06-10 20:38:39.380 TRACE 56553 --- [    Test worker] o.h.type.descriptor.sql.BasicBinder      : binding parameter [1] as [BIGINT] - [0]
2020-06-10 20:38:39.380 TRACE 56553 --- [    Test worker] o.h.type.descriptor.sql.BasicBinder      : binding parameter [2] as [DATE] - [null]
2020-06-10 20:38:39.380 TRACE 56553 --- [    Test worker] o.h.type.descriptor.sql.BasicBinder      : binding parameter [3] as [VARCHAR] - [null]
2020-06-10 20:38:39.380 TRACE 56553 --- [    Test worker] o.h.type.descriptor.sql.BasicBinder      : binding parameter [4] as [VARCHAR] - [null]
2020-06-10 20:38:39.380 TRACE 56553 --- [    Test worker] o.h.type.descriptor.sql.BasicBinder      : binding parameter [5] as [BIGINT] - [null]
2020-06-10 20:38:39.380 TRACE 56553 --- [    Test worker] o.h.type.descriptor.sql.BasicBinder      : binding parameter [6] as [DATE] - [null]
2020-06-10 20:38:39.380 TRACE 56553 --- [    Test worker] o.h.type.descriptor.sql.BasicBinder      : binding parameter [7] as [VARCHAR] - [null]
2020-06-10 20:38:39.381 TRACE 56553 --- [    Test worker] o.h.type.descriptor.sql.BasicBinder      : binding parameter [8] as [BIGINT] - [null]
2020-06-10 20:38:39.381 TRACE 56553 --- [    Test worker] o.h.type.descriptor.sql.BasicBinder      : binding parameter [9] as [BIGINT] - [null]
2020-06-10 20:38:39.381 TRACE 56553 --- [    Test worker] o.h.type.descriptor.sql.BasicBinder      : binding parameter [10] as [VARCHAR] - [null]
2020-06-10 20:38:39.382 TRACE 56553 --- [    Test worker] o.h.type.descriptor.sql.BasicBinder      : binding parameter [11] as [VARCHAR] - [oid]
2020-06-10 20:38:39.382 TRACE 56553 --- [    Test worker] o.h.type.descriptor.sql.BasicBinder      : binding parameter [12] as [VARCHAR] - [null]
2020-06-10 20:38:39.382 TRACE 56553 --- [    Test worker] o.h.type.descriptor.sql.BasicBinder      : binding parameter [13] as [VARCHAR] - [null]
2020-06-10 20:38:39.382 TRACE 56553 --- [    Test worker] o.h.type.descriptor.sql.BasicBinder      : binding parameter [14] as [VARCHAR] - [oppilaitoskoodi_12#1]
2020-06-10 20:38:39.382 TRACE 56553 --- [    Test worker] o.h.type.descriptor.sql.BasicBinder      : binding parameter [15] as [BOOLEAN] - [false]
2020-06-10 20:38:39.382 TRACE 56553 --- [    Test worker] o.h.type.descriptor.sql.BasicBinder      : binding parameter [16] as [VARCHAR] - [null]
2020-06-10 20:38:39.382 TRACE 56553 --- [    Test worker] o.h.type.descriptor.sql.BasicBinder      : binding parameter [17] as [TIMESTAMP] - [null]
2020-06-10 20:38:39.383 TRACE 56553 --- [    Test worker] o.h.type.descriptor.sql.BasicBinder      : binding parameter [18] as [VARCHAR] - [null]
2020-06-10 20:38:39.383 TRACE 56553 --- [    Test worker] o.h.type.descriptor.sql.BasicBinder      : binding parameter [19] as [VARCHAR] - [null]
2020-06-10 20:38:39.383 TRACE 56553 --- [    Test worker] o.h.type.descriptor.sql.BasicBinder      : binding parameter [20] as [BOOLEAN] - [false]
2020-06-10 20:38:39.383 TRACE 56553 --- [    Test worker] o.h.type.descriptor.sql.BasicBinder      : binding parameter [21] as [TIMESTAMP] - [null]
2020-06-10 20:38:39.383 TRACE 56553 --- [    Test worker] o.h.type.descriptor.sql.BasicBinder      : binding parameter [22] as [VARCHAR] - [null]
2020-06-10 20:38:39.383 TRACE 56553 --- [    Test worker] o.h.type.descriptor.sql.BasicBinder      : binding parameter [23] as [TIMESTAMP] - [null]
2020-06-10 20:38:39.383 TRACE 56553 --- [    Test worker] o.h.type.descriptor.sql.BasicBinder      : binding parameter [24] as [BIGINT] - [null]
2020-06-10 20:38:39.383 TRACE 56553 --- [    Test worker] o.h.type.descriptor.sql.BasicBinder      : binding parameter [25] as [VARCHAR] - [null]
2020-06-10 20:38:39.383 TRACE 56553 --- [    Test worker] o.h.type.descriptor.sql.BasicBinder      : binding parameter [26] as [VARCHAR] - [null]
2020-06-10 20:38:39.383 TRACE 56553 --- [    Test worker] o.h.type.descriptor.sql.BasicBinder      : binding parameter [27] as [VARCHAR] - [null]
2020-06-10 20:38:39.384 TRACE 56553 --- [    Test worker] o.h.type.descriptor.sql.BasicBinder      : binding parameter [28] as [VARCHAR] - [null]
2020-06-10 20:38:39.384 TRACE 56553 --- [    Test worker] o.h.type.descriptor.sql.BasicBinder      : binding parameter [29] as [DATE] - [null]
2020-06-10 20:38:39.384 TRACE 56553 --- [    Test worker] o.h.type.descriptor.sql.BasicBinder      : binding parameter [30] as [VARCHAR] - [null]
Hibernate: 
    insert 
    into
        lisatietotyyppi
        (id, version, nimi) 
    values
        (null, ?, ?)
2020-06-10 20:38:39.386 TRACE 56553 --- [    Test worker] o.h.type.descriptor.sql.BasicBinder      : binding parameter [1] as [BIGINT] - [0]
2020-06-10 20:38:39.386 TRACE 56553 --- [    Test worker] o.h.type.descriptor.sql.BasicBinder      : binding parameter [2] as [VARCHAR] - [lisatieto.nimi]
Hibernate: 
    insert 
    into
        rajoite
        (id, version, arvo, lisatietotyyppi_id, rajoitetyyppi) 
    values
        (null, ?, ?, ?, 'organisaatiotyyppi')
2020-06-10 20:38:39.387 TRACE 56553 --- [    Test worker] o.h.type.descriptor.sql.BasicBinder      : binding parameter [1] as [BIGINT] - [0]
2020-06-10 20:38:39.387 TRACE 56553 --- [    Test worker] o.h.type.descriptor.sql.BasicBinder      : binding parameter [2] as [VARCHAR] - [Oppilaitos]
2020-06-10 20:38:39.387 TRACE 56553 --- [    Test worker] o.h.type.descriptor.sql.BasicBinder      : binding parameter [3] as [BIGINT] - [9]
Hibernate: 
    insert 
    into
        rajoite
        (id, version, arvo, lisatietotyyppi_id, rajoitetyyppi) 
    values
        (null, ?, ?, ?, 'oppilaitostyyppi')
2020-06-10 20:38:39.388 TRACE 56553 --- [    Test worker] o.h.type.descriptor.sql.BasicBinder      : binding parameter [1] as [BIGINT] - [0]
2020-06-10 20:38:39.388 TRACE 56553 --- [    Test worker] o.h.type.descriptor.sql.BasicBinder      : binding parameter [2] as [VARCHAR] - [oppilaitoskoodi_12#1]
2020-06-10 20:38:39.388 TRACE 56553 --- [    Test worker] o.h.type.descriptor.sql.BasicBinder      : binding parameter [3] as [BIGINT] - [9]
Hibernate: 
    insert 
    into
        organisaatio_tyypit
        (organisaatio_id, tyypit) 
    values
        (?, ?)
2020-06-10 20:38:39.392 TRACE 56553 --- [    Test worker] o.h.type.descriptor.sql.BasicBinder      : binding parameter [1] as [BIGINT] - [8]
2020-06-10 20:38:39.392 TRACE 56553 --- [    Test worker] o.h.type.descriptor.sql.BasicBinder      : binding parameter [2] as [VARCHAR] - [Oppilaitos]
Hibernate: 
    select
        distinct lisatietot0_.nimi as col_0_0_ 
    from
        lisatietotyyppi lisatietot0_ 
    inner join
        organisaatio organisaat1_ 
            on (
                organisaat1_.oid=?
            ) 
    left outer join
        rajoite organisaat2_ 
            on (
                organisaat2_.lisatietotyyppi_id=lisatietot0_.id
            ) 
    left outer join
        rajoite oppilaitos3_ 
            on (
                oppilaitos3_.lisatietotyyppi_id=lisatietot0_.id
            ) 
    left outer join
        rajoite rajoite4_ 
            on (
                not (exists (select
                    rajoitteet5_.id 
            from
                rajoite rajoitteet5_ 
            where
                lisatietot0_.id=rajoitteet5_.lisatietotyyppi_id))
        ) 
    where
        organisaat2_.arvo in (
            select
                tyypit6_.tyypit 
            from
                organisaatio_tyypit tyypit6_ 
            where
                organisaat1_.id=tyypit6_.organisaatio_id
        ) 
        or organisaat1_.oppilaitos_tyyppi like (oppilaitos3_.arvo||?) escape '!' 
        or  not (exists (select
            rajoitteet7_.id 
        from
            rajoite rajoitteet7_ 
        where
            lisatietot0_.id=rajoitteet7_.lisatietotyyppi_id))
2020-06-10 20:38:39.393 TRACE 56553 --- [    Test worker] o.h.type.descriptor.sql.BasicBinder      : binding parameter [1] as [VARCHAR] - [oid]
2020-06-10 20:38:39.394 TRACE 56553 --- [    Test worker] o.h.type.descriptor.sql.BasicBinder      : binding parameter [2] as [VARCHAR] - [#%]
2020-06-10 20:38:39.395 TRACE 56553 --- [    Test worker] o.h.type.descriptor.sql.BasicExtractor   : extracted value ([col_0_0_] : [VARCHAR]) - [lisatieto.nimi]
2020-06-10 20:38:39.395  INFO 56553 --- [    Test worker] o.s.t.c.transaction.TransactionContext   : Rolled back transaction for test: [DefaultTestContext@1ce49492 testClass = LisatietoTyyppiDaoImplTest, testInstance = fi.vm.sade.organisaatio.repository.impl.LisatietoTyyppiDaoImplTest@53204168, testMethod = findByOrganisationWithOrganisaatiotyyppiAndOppilaitostyyppiRajoite@LisatietoTyyppiDaoImplTest, testException = [null], mergedContextConfiguration = [WebMergedContextConfiguration@3aca4286 testClass = LisatietoTyyppiDaoImplTest, locations = '{}', classes = '{class fi.vm.sade.organisaatio.OrganisaatioApplication}', contextInitializerClasses = '[]', activeProfiles = '{}', propertySourceLocations = '{}', propertySourceProperties = '{org.springframework.boot.test.context.SpringBootTestContextBootstrapper=true}', contextCustomizers = set[org.springframework.boot.test.autoconfigure.properties.PropertyMappingContextCustomizer@83020a4e, org.springframework.boot.test.autoconfigure.web.servlet.WebDriverContextCustomizerFactory$Customizer@5e540114, [ImportsContextCustomizer@38df8e5b key = [org.springframework.boot.test.autoconfigure.jdbc.TestDatabaseAutoConfiguration, org.springframework.boot.autoconfigure.jdbc.DataSourceAutoConfiguration]], org.springframework.boot.test.context.filter.ExcludeFilterContextCustomizer@41cdf26a, org.springframework.boot.test.json.DuplicateJsonObjectContextCustomizerFactory$DuplicateJsonObjectContextCustomizer@1e95fe99, org.springframework.boot.test.mock.mockito.MockitoContextCustomizer@0, org.springframework.boot.test.web.client.TestRestTemplateContextCustomizer@6d8bcece, org.springframework.boot.test.context.SpringBootTestArgs@1], resourceBasePath = 'src/main/webapp', contextLoader = 'org.springframework.boot.test.context.SpringBootContextLoader', parent = [null]], attributes = map['org.springframework.test.context.web.ServletTestExecutionListener.activateListener' -> true, 'org.springframework.test.context.web.ServletTestExecutionListener.populatedRequestContextHolder' -> true, 'org.springframework.test.context.web.ServletTestExecutionListener.resetRequestContextHolder' -> true]]
2020-06-10 20:38:39.398  INFO 56553 --- [    Test worker] o.s.t.c.transaction.TransactionContext   : Began transaction (1) for test context [DefaultTestContext@1ce49492 testClass = LisatietoTyyppiDaoImplTest, testInstance = fi.vm.sade.organisaatio.repository.impl.LisatietoTyyppiDaoImplTest@65d3bd69, testMethod = findByOrganisationNotExistsWithOrganisaatiotyyppiRajoite@LisatietoTyyppiDaoImplTest, testException = [null], mergedContextConfiguration = [WebMergedContextConfiguration@3aca4286 testClass = LisatietoTyyppiDaoImplTest, locations = '{}', classes = '{class fi.vm.sade.organisaatio.OrganisaatioApplication}', contextInitializerClasses = '[]', activeProfiles = '{}', propertySourceLocations = '{}', propertySourceProperties = '{org.springframework.boot.test.context.SpringBootTestContextBootstrapper=true}', contextCustomizers = set[org.springframework.boot.test.autoconfigure.properties.PropertyMappingContextCustomizer@83020a4e, org.springframework.boot.test.autoconfigure.web.servlet.WebDriverContextCustomizerFactory$Customizer@5e540114, [ImportsContextCustomizer@38df8e5b key = [org.springframework.boot.test.autoconfigure.jdbc.TestDatabaseAutoConfiguration, org.springframework.boot.autoconfigure.jdbc.DataSourceAutoConfiguration]], org.springframework.boot.test.context.filter.ExcludeFilterContextCustomizer@41cdf26a, org.springframework.boot.test.json.DuplicateJsonObjectContextCustomizerFactory$DuplicateJsonObjectContextCustomizer@1e95fe99, org.springframework.boot.test.mock.mockito.MockitoContextCustomizer@0, org.springframework.boot.test.web.client.TestRestTemplateContextCustomizer@6d8bcece, org.springframework.boot.test.context.SpringBootTestArgs@1], resourceBasePath = 'src/main/webapp', contextLoader = 'org.springframework.boot.test.context.SpringBootContextLoader', parent = [null]], attributes = map['org.springframework.test.context.web.ServletTestExecutionListener.activateListener' -> true, 'org.springframework.test.context.web.ServletTestExecutionListener.populatedRequestContextHolder' -> true, 'org.springframework.test.context.web.ServletTestExecutionListener.resetRequestContextHolder' -> true]]; transaction manager [org.springframework.orm.jpa.JpaTransactionManager@20031d49]; rollback [true]
Hibernate: 
    insert 
    into
        organisaatio
        (id, version, alkupvm, domainnimi, kotipaikka, kuvaus_mkt, lakkautuspvm, maa, metadata_id, nimi_mkt, nimihaku, oid, opetuspisteenjarjnro, oppilaitoskoodi, oppilaitos_tyyppi, organisaatio_poistettu, paivittaja, paivityspvm, parentidpath, parentoidpath, piilotettu, tarkastus_pvm, toimipistekoodi, tuontipvm, varhaiskasvatuksen_toimipaikka_tiedot_id, virastotunnus, yhteishaunkoulukoodi, yritysmuoto, ytj_kieli, ytjpaivityspvm, ytunnus) 
    values
        (null, ?, ?, ?, ?, ?, ?, ?, ?, ?, ?, ?, ?, ?, ?, ?, ?, ?, ?, ?, ?, ?, ?, ?, ?, ?, ?, ?, ?, ?, ?)
2020-06-10 20:38:39.400 TRACE 56553 --- [    Test worker] o.h.type.descriptor.sql.BasicBinder      : binding parameter [1] as [BIGINT] - [0]
2020-06-10 20:38:39.400 TRACE 56553 --- [    Test worker] o.h.type.descriptor.sql.BasicBinder      : binding parameter [2] as [DATE] - [null]
2020-06-10 20:38:39.400 TRACE 56553 --- [    Test worker] o.h.type.descriptor.sql.BasicBinder      : binding parameter [3] as [VARCHAR] - [null]
2020-06-10 20:38:39.400 TRACE 56553 --- [    Test worker] o.h.type.descriptor.sql.BasicBinder      : binding parameter [4] as [VARCHAR] - [null]
2020-06-10 20:38:39.400 TRACE 56553 --- [    Test worker] o.h.type.descriptor.sql.BasicBinder      : binding parameter [5] as [BIGINT] - [null]
2020-06-10 20:38:39.400 TRACE 56553 --- [    Test worker] o.h.type.descriptor.sql.BasicBinder      : binding parameter [6] as [DATE] - [null]
2020-06-10 20:38:39.400 TRACE 56553 --- [    Test worker] o.h.type.descriptor.sql.BasicBinder      : binding parameter [7] as [VARCHAR] - [null]
2020-06-10 20:38:39.400 TRACE 56553 --- [    Test worker] o.h.type.descriptor.sql.BasicBinder      : binding parameter [8] as [BIGINT] - [null]
2020-06-10 20:38:39.400 TRACE 56553 --- [    Test worker] o.h.type.descriptor.sql.BasicBinder      : binding parameter [9] as [BIGINT] - [null]
2020-06-10 20:38:39.400 TRACE 56553 --- [    Test worker] o.h.type.descriptor.sql.BasicBinder      : binding parameter [10] as [VARCHAR] - [null]
2020-06-10 20:38:39.400 TRACE 56553 --- [    Test worker] o.h.type.descriptor.sql.BasicBinder      : binding parameter [11] as [VARCHAR] - [oid]
2020-06-10 20:38:39.400 TRACE 56553 --- [    Test worker] o.h.type.descriptor.sql.BasicBinder      : binding parameter [12] as [VARCHAR] - [null]
2020-06-10 20:38:39.400 TRACE 56553 --- [    Test worker] o.h.type.descriptor.sql.BasicBinder      : binding parameter [13] as [VARCHAR] - [null]
2020-06-10 20:38:39.400 TRACE 56553 --- [    Test worker] o.h.type.descriptor.sql.BasicBinder      : binding parameter [14] as [VARCHAR] - [oppilaitoskoodi_12#1]
2020-06-10 20:38:39.401 TRACE 56553 --- [    Test worker] o.h.type.descriptor.sql.BasicBinder      : binding parameter [15] as [BOOLEAN] - [false]
2020-06-10 20:38:39.401 TRACE 56553 --- [    Test worker] o.h.type.descriptor.sql.BasicBinder      : binding parameter [16] as [VARCHAR] - [null]
2020-06-10 20:38:39.401 TRACE 56553 --- [    Test worker] o.h.type.descriptor.sql.BasicBinder      : binding parameter [17] as [TIMESTAMP] - [null]
2020-06-10 20:38:39.401 TRACE 56553 --- [    Test worker] o.h.type.descriptor.sql.BasicBinder      : binding parameter [18] as [VARCHAR] - [null]
2020-06-10 20:38:39.401 TRACE 56553 --- [    Test worker] o.h.type.descriptor.sql.BasicBinder      : binding parameter [19] as [VARCHAR] - [null]
2020-06-10 20:38:39.401 TRACE 56553 --- [    Test worker] o.h.type.descriptor.sql.BasicBinder      : binding parameter [20] as [BOOLEAN] - [false]
2020-06-10 20:38:39.401 TRACE 56553 --- [    Test worker] o.h.type.descriptor.sql.BasicBinder      : binding parameter [21] as [TIMESTAMP] - [null]
2020-06-10 20:38:39.401 TRACE 56553 --- [    Test worker] o.h.type.descriptor.sql.BasicBinder      : binding parameter [22] as [VARCHAR] - [null]
2020-06-10 20:38:39.401 TRACE 56553 --- [    Test worker] o.h.type.descriptor.sql.BasicBinder      : binding parameter [23] as [TIMESTAMP] - [null]
2020-06-10 20:38:39.401 TRACE 56553 --- [    Test worker] o.h.type.descriptor.sql.BasicBinder      : binding parameter [24] as [BIGINT] - [null]
2020-06-10 20:38:39.401 TRACE 56553 --- [    Test worker] o.h.type.descriptor.sql.BasicBinder      : binding parameter [25] as [VARCHAR] - [null]
2020-06-10 20:38:39.401 TRACE 56553 --- [    Test worker] o.h.type.descriptor.sql.BasicBinder      : binding parameter [26] as [VARCHAR] - [null]
2020-06-10 20:38:39.401 TRACE 56553 --- [    Test worker] o.h.type.descriptor.sql.BasicBinder      : binding parameter [27] as [VARCHAR] - [null]
2020-06-10 20:38:39.401 TRACE 56553 --- [    Test worker] o.h.type.descriptor.sql.BasicBinder      : binding parameter [28] as [VARCHAR] - [null]
2020-06-10 20:38:39.401 TRACE 56553 --- [    Test worker] o.h.type.descriptor.sql.BasicBinder      : binding parameter [29] as [DATE] - [null]
2020-06-10 20:38:39.401 TRACE 56553 --- [    Test worker] o.h.type.descriptor.sql.BasicBinder      : binding parameter [30] as [VARCHAR] - [null]
Hibernate: 
    insert 
    into
        lisatietotyyppi
        (id, version, nimi) 
    values
        (null, ?, ?)
2020-06-10 20:38:39.403 TRACE 56553 --- [    Test worker] o.h.type.descriptor.sql.BasicBinder      : binding parameter [1] as [BIGINT] - [0]
2020-06-10 20:38:39.403 TRACE 56553 --- [    Test worker] o.h.type.descriptor.sql.BasicBinder      : binding parameter [2] as [VARCHAR] - [lisatieto.nimi]
Hibernate: 
    insert 
    into
        rajoite
        (id, version, arvo, lisatietotyyppi_id, rajoitetyyppi) 
    values
        (null, ?, ?, ?, 'organisaatiotyyppi')
2020-06-10 20:38:39.404 TRACE 56553 --- [    Test worker] o.h.type.descriptor.sql.BasicBinder      : binding parameter [1] as [BIGINT] - [0]
2020-06-10 20:38:39.404 TRACE 56553 --- [    Test worker] o.h.type.descriptor.sql.BasicBinder      : binding parameter [2] as [VARCHAR] - [Oppilaitos]
2020-06-10 20:38:39.404 TRACE 56553 --- [    Test worker] o.h.type.descriptor.sql.BasicBinder      : binding parameter [3] as [BIGINT] - [10]
Hibernate: 
    insert 
    into
        organisaatio_tyypit
        (organisaatio_id, tyypit) 
    values
        (?, ?)
2020-06-10 20:38:39.406 TRACE 56553 --- [    Test worker] o.h.type.descriptor.sql.BasicBinder      : binding parameter [1] as [BIGINT] - [9]
2020-06-10 20:38:39.406 TRACE 56553 --- [    Test worker] o.h.type.descriptor.sql.BasicBinder      : binding parameter [2] as [VARCHAR] - [Oppilaitos]
Hibernate: 
    select
        distinct lisatietot0_.nimi as col_0_0_ 
    from
        lisatietotyyppi lisatietot0_ 
    inner join
        organisaatio organisaat1_ 
            on (
                organisaat1_.oid=?
            ) 
    left outer join
        rajoite organisaat2_ 
            on (
                organisaat2_.lisatietotyyppi_id=lisatietot0_.id
            ) 
    left outer join
        rajoite oppilaitos3_ 
            on (
                oppilaitos3_.lisatietotyyppi_id=lisatietot0_.id
            ) 
    left outer join
        rajoite rajoite4_ 
            on (
                not (exists (select
                    rajoitteet5_.id 
            from
                rajoite rajoitteet5_ 
            where
                lisatietot0_.id=rajoitteet5_.lisatietotyyppi_id))
        ) 
    where
        organisaat2_.arvo in (
            select
                tyypit6_.tyypit 
            from
                organisaatio_tyypit tyypit6_ 
            where
                organisaat1_.id=tyypit6_.organisaatio_id
        ) 
        or organisaat1_.oppilaitos_tyyppi like (oppilaitos3_.arvo||?) escape '!' 
        or  not (exists (select
            rajoitteet7_.id 
        from
            rajoite rajoitteet7_ 
        where
            lisatietot0_.id=rajoitteet7_.lisatietotyyppi_id))
2020-06-10 20:38:39.408 TRACE 56553 --- [    Test worker] o.h.type.descriptor.sql.BasicBinder      : binding parameter [1] as [VARCHAR] - [wrong oid]
2020-06-10 20:38:39.408 TRACE 56553 --- [    Test worker] o.h.type.descriptor.sql.BasicBinder      : binding parameter [2] as [VARCHAR] - [#%]
2020-06-10 20:38:39.410  INFO 56553 --- [    Test worker] o.s.t.c.transaction.TransactionContext   : Rolled back transaction for test: [DefaultTestContext@1ce49492 testClass = LisatietoTyyppiDaoImplTest, testInstance = fi.vm.sade.organisaatio.repository.impl.LisatietoTyyppiDaoImplTest@65d3bd69, testMethod = findByOrganisationNotExistsWithOrganisaatiotyyppiRajoite@LisatietoTyyppiDaoImplTest, testException = [null], mergedContextConfiguration = [WebMergedContextConfiguration@3aca4286 testClass = LisatietoTyyppiDaoImplTest, locations = '{}', classes = '{class fi.vm.sade.organisaatio.OrganisaatioApplication}', contextInitializerClasses = '[]', activeProfiles = '{}', propertySourceLocations = '{}', propertySourceProperties = '{org.springframework.boot.test.context.SpringBootTestContextBootstrapper=true}', contextCustomizers = set[org.springframework.boot.test.autoconfigure.properties.PropertyMappingContextCustomizer@83020a4e, org.springframework.boot.test.autoconfigure.web.servlet.WebDriverContextCustomizerFactory$Customizer@5e540114, [ImportsContextCustomizer@38df8e5b key = [org.springframework.boot.test.autoconfigure.jdbc.TestDatabaseAutoConfiguration, org.springframework.boot.autoconfigure.jdbc.DataSourceAutoConfiguration]], org.springframework.boot.test.context.filter.ExcludeFilterContextCustomizer@41cdf26a, org.springframework.boot.test.json.DuplicateJsonObjectContextCustomizerFactory$DuplicateJsonObjectContextCustomizer@1e95fe99, org.springframework.boot.test.mock.mockito.MockitoContextCustomizer@0, org.springframework.boot.test.web.client.TestRestTemplateContextCustomizer@6d8bcece, org.springframework.boot.test.context.SpringBootTestArgs@1], resourceBasePath = 'src/main/webapp', contextLoader = 'org.springframework.boot.test.context.SpringBootContextLoader', parent = [null]], attributes = map['org.springframework.test.context.web.ServletTestExecutionListener.activateListener' -> true, 'org.springframework.test.context.web.ServletTestExecutionListener.populatedRequestContextHolder' -> true, 'org.springframework.test.context.web.ServletTestExecutionListener.resetRequestContextHolder' -> true]]
]]></system-out>
  <system-err><![CDATA[]]></system-err>
</testsuite>
