<?xml version="1.0" encoding="UTF-8"?>
<testsuite name="fi.vm.sade.organisaatio.business.impl.OrganisaatioBusinessServiceBatchValidationTest" tests="2" skipped="0" failures="0" errors="0" timestamp="2020-06-10T17:38:43" hostname="Miikkas-MacBook-Pro.local" time="0.013">
  <properties/>
  <testcase name="testBatchValidateWithSameDates" classname="fi.vm.sade.organisaatio.business.impl.OrganisaatioBusinessServiceBatchValidationTest" time="0.012"/>
  <testcase name="testBatchValidateWithOlderChild" classname="fi.vm.sade.organisaatio.business.impl.OrganisaatioBusinessServiceBatchValidationTest" time="0.001"/>
  <system-out><![CDATA[]]></system-out>
  <system-err><![CDATA[]]></system-err>
</testsuite>
