<?xml version="1.0" encoding="UTF-8"?>
<testsuite name="fi.vm.sade.organisaatio.service.search.SearchCriteriaServiceTest" tests="10" skipped="0" failures="0" errors="0" timestamp="2020-06-10T17:39:14" hostname="Miikkas-MacBook-Pro.local" time="0.942">
  <properties/>
  <testcase name="getServiceSearchCriteriaV2ReadAccessToAllTrue" classname="fi.vm.sade.organisaatio.service.search.SearchCriteriaServiceTest" time="0.108"/>
  <testcase name="getServiceSearchCriteriaV4ReadAccessToAllFalse" classname="fi.vm.sade.organisaatio.service.search.SearchCriteriaServiceTest" time="0.111"/>
  <testcase name="getServiceSearchCriteriaV2UserCanReadOrganisationFalse" classname="fi.vm.sade.organisaatio.service.search.SearchCriteriaServiceTest" time="0.098"/>
  <testcase name="getServiceSearchCriteriaV4UserCanReadOrganisationTrue" classname="fi.vm.sade.organisaatio.service.search.SearchCriteriaServiceTest" time="0.095"/>
  <testcase name="getServiceSearchCriteriaV2UserCanReadOrganisationTrue" classname="fi.vm.sade.organisaatio.service.search.SearchCriteriaServiceTest" time="0.09"/>
  <testcase name="getServiceSearchCriteriaV4UserCanReadOrganisationFalse" classname="fi.vm.sade.organisaatio.service.search.SearchCriteriaServiceTest" time="0.092"/>
  <testcase name="getServiceSearchCriteriaV4SearchStr" classname="fi.vm.sade.organisaatio.service.search.SearchCriteriaServiceTest" time="0.09"/>
  <testcase name="getServiceSearchCriteriaV2SearchStr" classname="fi.vm.sade.organisaatio.service.search.SearchCriteriaServiceTest" time="0.086"/>
  <testcase name="getServiceSearchCriteriaV4ReadAccessToAllTrue" classname="fi.vm.sade.organisaatio.service.search.SearchCriteriaServiceTest" time="0.09"/>
  <testcase name="getServiceSearchCriteriaV2ReadAccessToAllFalse" classname="fi.vm.sade.organisaatio.service.search.SearchCriteriaServiceTest" time="0.082"/>
  <system-out><![CDATA[]]></system-out>
  <system-err><![CDATA[]]></system-err>
</testsuite>
