<?xml version="1.0" encoding="UTF-8"?>
<testsuite name="fi.vm.sade.organisaatio.integrationtest.MonikielinenTekstiTest" tests="1" skipped="0" failures="0" errors="0" timestamp="2020-06-10T15:12:02" hostname="Miikkas-MacBook-Pro.local" time="0.009">
  <properties/>
  <testcase name="testInsertAndUpdate" classname="fi.vm.sade.organisaatio.integrationtest.MonikielinenTekstiTest" time="0.009"/>
  <system-out><![CDATA[2020-06-10 18:12:02.973  INFO 55751 --- [    Test worker] o.s.t.c.transaction.TransactionContext   : Began transaction (1) for test context [DefaultTestContext@f046e10 testClass = MonikielinenTekstiTest, testInstance = fi.vm.sade.organisaatio.integrationtest.MonikielinenTekstiTest@3f21ddd6, testMethod = testInsertAndUpdate@MonikielinenTekstiTest, testException = [null], mergedContextConfiguration = [WebMergedContextConfiguration@6dc85274 testClass = MonikielinenTekstiTest, locations = '{}', classes = '{class fi.vm.sade.organisaatio.OrganisaatioApplication}', contextInitializerClasses = '[]', activeProfiles = '{}', propertySourceLocations = '{}', propertySourceProperties = '{org.springframework.boot.test.context.SpringBootTestContextBootstrapper=true}', contextCustomizers = set[org.springframework.boot.test.autoconfigure.properties.PropertyMappingContextCustomizer@a273518a, org.springframework.boot.test.autoconfigure.web.servlet.WebDriverContextCustomizerFactory$Customizer@25a95d7a, [ImportsContextCustomizer@f2d2b84 key = [org.springframework.boot.test.autoconfigure.jdbc.TestDatabaseAutoConfiguration, org.springframework.boot.autoconfigure.jdbc.DataSourceAutoConfiguration]], org.springframework.boot.test.context.filter.ExcludeFilterContextCustomizer@33d60c3d, org.springframework.boot.test.json.DuplicateJsonObjectContextCustomizerFactory$DuplicateJsonObjectContextCustomizer@6943770e, org.springframework.boot.test.mock.mockito.MockitoContextCustomizer@0, org.springframework.boot.test.web.client.TestRestTemplateContextCustomizer@536042e6, org.springframework.boot.test.context.SpringBootTestArgs@1], resourceBasePath = 'src/main/webapp', contextLoader = 'org.springframework.boot.test.context.SpringBootContextLoader', parent = [null]], attributes = map['org.springframework.test.context.web.ServletTestExecutionListener.activateListener' -> true, 'org.springframework.test.context.web.ServletTestExecutionListener.populatedRequestContextHolder' -> true, 'org.springframework.test.context.web.ServletTestExecutionListener.resetRequestContextHolder' -> true]]; transaction manager [org.springframework.orm.jpa.JpaTransactionManager@af9fb3]; rollback [true]
Hibernate: 
    select
        count(monikielin0_.id) as col_0_0_ 
    from
        monikielinen_teksti monikielin0_
2020-06-10 18:12:02.975 TRACE 55751 --- [    Test worker] o.h.type.descriptor.sql.BasicExtractor   : extracted value ([col_0_0_] : [BIGINT]) - [0]
Hibernate: 
    insert 
    into
        monikielinen_teksti
        (id, version) 
    values
        (null, ?)
2020-06-10 18:12:02.975 TRACE 55751 --- [    Test worker] o.h.type.descriptor.sql.BasicBinder      : binding parameter [1] as [BIGINT] - [0]
Hibernate: 
    select
        count(monikielin0_.id) as col_0_0_ 
    from
        monikielinen_teksti monikielin0_
2020-06-10 18:12:02.976 TRACE 55751 --- [    Test worker] o.h.type.descriptor.sql.BasicExtractor   : extracted value ([col_0_0_] : [BIGINT]) - [1]
Hibernate: 
    select
        count(monikielin0_.id) as col_0_0_ 
    from
        monikielinen_teksti monikielin0_
2020-06-10 18:12:02.976 TRACE 55751 --- [    Test worker] o.h.type.descriptor.sql.BasicExtractor   : extracted value ([col_0_0_] : [BIGINT]) - [1]
Hibernate: 
    select
        monikielin0_.id as id1_2_,
        monikielin0_.version as version2_2_ 
    from
        monikielinen_teksti monikielin0_ 
    where
        monikielin0_.id=?
2020-06-10 18:12:02.977 TRACE 55751 --- [    Test worker] o.h.type.descriptor.sql.BasicBinder      : binding parameter [1] as [BIGINT] - [35]
2020-06-10 18:12:02.977 TRACE 55751 --- [    Test worker] o.h.type.descriptor.sql.BasicExtractor   : extracted value ([id1_2_] : [BIGINT]) - [35]
Hibernate: 
    update
        monikielinen_teksti 
    set
        version=? 
    where
        id=? 
        and version=?
2020-06-10 18:12:02.978 TRACE 55751 --- [    Test worker] o.h.type.descriptor.sql.BasicBinder      : binding parameter [1] as [BIGINT] - [1]
2020-06-10 18:12:02.978 TRACE 55751 --- [    Test worker] o.h.type.descriptor.sql.BasicBinder      : binding parameter [2] as [BIGINT] - [35]
2020-06-10 18:12:02.978 TRACE 55751 --- [    Test worker] o.h.type.descriptor.sql.BasicBinder      : binding parameter [3] as [BIGINT] - [0]
Hibernate: 
    insert 
    into
        monikielinen_teksti_values
        (id, key, value) 
    values
        (?, ?, ?)
2020-06-10 18:12:02.978 TRACE 55751 --- [    Test worker] o.h.type.descriptor.sql.BasicBinder      : binding parameter [1] as [BIGINT] - [35]
2020-06-10 18:12:02.978 TRACE 55751 --- [    Test worker] o.h.type.descriptor.sql.BasicBinder      : binding parameter [2] as [VARCHAR] - [fi]
2020-06-10 18:12:02.978 TRACE 55751 --- [    Test worker] o.h.type.descriptor.sql.BasicBinder      : binding parameter [3] as [VARCHAR] - [fi2]
Hibernate: 
    insert 
    into
        monikielinen_teksti_values
        (id, key, value) 
    values
        (?, ?, ?)
2020-06-10 18:12:02.978 TRACE 55751 --- [    Test worker] o.h.type.descriptor.sql.BasicBinder      : binding parameter [1] as [BIGINT] - [35]
2020-06-10 18:12:02.978 TRACE 55751 --- [    Test worker] o.h.type.descriptor.sql.BasicBinder      : binding parameter [2] as [VARCHAR] - [sv]
2020-06-10 18:12:02.978 TRACE 55751 --- [    Test worker] o.h.type.descriptor.sql.BasicBinder      : binding parameter [3] as [VARCHAR] - [hejssan]
Hibernate: 
    insert 
    into
        monikielinen_teksti_values
        (id, key, value) 
    values
        (?, ?, ?)
2020-06-10 18:12:02.978 TRACE 55751 --- [    Test worker] o.h.type.descriptor.sql.BasicBinder      : binding parameter [1] as [BIGINT] - [35]
2020-06-10 18:12:02.978 TRACE 55751 --- [    Test worker] o.h.type.descriptor.sql.BasicBinder      : binding parameter [2] as [VARCHAR] - [en]
2020-06-10 18:12:02.978 TRACE 55751 --- [    Test worker] o.h.type.descriptor.sql.BasicBinder      : binding parameter [3] as [VARCHAR] - [en2]
Hibernate: 
    insert 
    into
        monikielinen_teksti_values
        (id, key, value) 
    values
        (?, ?, ?)
2020-06-10 18:12:02.978 TRACE 55751 --- [    Test worker] o.h.type.descriptor.sql.BasicBinder      : binding parameter [1] as [BIGINT] - [35]
2020-06-10 18:12:02.978 TRACE 55751 --- [    Test worker] o.h.type.descriptor.sql.BasicBinder      : binding parameter [2] as [VARCHAR] - [es]
2020-06-10 18:12:02.978 TRACE 55751 --- [    Test worker] o.h.type.descriptor.sql.BasicBinder      : binding parameter [3] as [VARCHAR] - [hola!]
Hibernate: 
    select
        monikielin0_.id as id1_2_,
        monikielin0_.version as version2_2_ 
    from
        monikielinen_teksti monikielin0_ 
    where
        monikielin0_.id=?
2020-06-10 18:12:02.979 TRACE 55751 --- [    Test worker] o.h.type.descriptor.sql.BasicBinder      : binding parameter [1] as [BIGINT] - [35]
2020-06-10 18:12:02.979 TRACE 55751 --- [    Test worker] o.h.type.descriptor.sql.BasicExtractor   : extracted value ([id1_2_] : [BIGINT]) - [35]
Hibernate: 
    update
        monikielinen_teksti 
    set
        version=? 
    where
        id=? 
        and version=?
2020-06-10 18:12:02.979 TRACE 55751 --- [    Test worker] o.h.type.descriptor.sql.BasicBinder      : binding parameter [1] as [BIGINT] - [2]
2020-06-10 18:12:02.979 TRACE 55751 --- [    Test worker] o.h.type.descriptor.sql.BasicBinder      : binding parameter [2] as [BIGINT] - [35]
2020-06-10 18:12:02.979 TRACE 55751 --- [    Test worker] o.h.type.descriptor.sql.BasicBinder      : binding parameter [3] as [BIGINT] - [1]
Hibernate: 
    delete 
    from
        monikielinen_teksti_values 
    where
        id=? 
        and key=?
2020-06-10 18:12:02.979 TRACE 55751 --- [    Test worker] o.h.type.descriptor.sql.BasicBinder      : binding parameter [1] as [BIGINT] - [35]
2020-06-10 18:12:02.979 TRACE 55751 --- [    Test worker] o.h.type.descriptor.sql.BasicBinder      : binding parameter [2] as [VARCHAR] - [en]
Hibernate: 
    delete 
    from
        monikielinen_teksti_values 
    where
        id=? 
        and key=?
2020-06-10 18:12:02.979 TRACE 55751 --- [    Test worker] o.h.type.descriptor.sql.BasicBinder      : binding parameter [1] as [BIGINT] - [35]
2020-06-10 18:12:02.979 TRACE 55751 --- [    Test worker] o.h.type.descriptor.sql.BasicBinder      : binding parameter [2] as [VARCHAR] - [sv]
Hibernate: 
    select
        monikielin0_.id as id1_2_,
        monikielin0_.version as version2_2_ 
    from
        monikielinen_teksti monikielin0_ 
    where
        monikielin0_.id=?
2020-06-10 18:12:02.980 TRACE 55751 --- [    Test worker] o.h.type.descriptor.sql.BasicBinder      : binding parameter [1] as [BIGINT] - [35]
2020-06-10 18:12:02.980 TRACE 55751 --- [    Test worker] o.h.type.descriptor.sql.BasicExtractor   : extracted value ([id1_2_] : [BIGINT]) - [35]
2020-06-10 18:12:02.982  INFO 55751 --- [    Test worker] o.s.t.c.transaction.TransactionContext   : Rolled back transaction for test: [DefaultTestContext@f046e10 testClass = MonikielinenTekstiTest, testInstance = fi.vm.sade.organisaatio.integrationtest.MonikielinenTekstiTest@3f21ddd6, testMethod = testInsertAndUpdate@MonikielinenTekstiTest, testException = [null], mergedContextConfiguration = [WebMergedContextConfiguration@6dc85274 testClass = MonikielinenTekstiTest, locations = '{}', classes = '{class fi.vm.sade.organisaatio.OrganisaatioApplication}', contextInitializerClasses = '[]', activeProfiles = '{}', propertySourceLocations = '{}', propertySourceProperties = '{org.springframework.boot.test.context.SpringBootTestContextBootstrapper=true}', contextCustomizers = set[org.springframework.boot.test.autoconfigure.properties.PropertyMappingContextCustomizer@a273518a, org.springframework.boot.test.autoconfigure.web.servlet.WebDriverContextCustomizerFactory$Customizer@25a95d7a, [ImportsContextCustomizer@f2d2b84 key = [org.springframework.boot.test.autoconfigure.jdbc.TestDatabaseAutoConfiguration, org.springframework.boot.autoconfigure.jdbc.DataSourceAutoConfiguration]], org.springframework.boot.test.context.filter.ExcludeFilterContextCustomizer@33d60c3d, org.springframework.boot.test.json.DuplicateJsonObjectContextCustomizerFactory$DuplicateJsonObjectContextCustomizer@6943770e, org.springframework.boot.test.mock.mockito.MockitoContextCustomizer@0, org.springframework.boot.test.web.client.TestRestTemplateContextCustomizer@536042e6, org.springframework.boot.test.context.SpringBootTestArgs@1], resourceBasePath = 'src/main/webapp', contextLoader = 'org.springframework.boot.test.context.SpringBootContextLoader', parent = [null]], attributes = map['org.springframework.test.context.web.ServletTestExecutionListener.activateListener' -> true, 'org.springframework.test.context.web.ServletTestExecutionListener.populatedRequestContextHolder' -> true, 'org.springframework.test.context.web.ServletTestExecutionListener.resetRequestContextHolder' -> true]]
]]></system-out>
  <system-err><![CDATA[]]></system-err>
</testsuite>
