<?xml version="1.0" encoding="UTF-8"?>
<testsuite name="fi.vm.sade.organisaatio.business.impl.OrganisaatioFindBusinessServiceImplTest" tests="8" skipped="0" failures="0" errors="0" timestamp="2020-06-10T17:39:13" hostname="Miikkas-MacBook-Pro.local" time="0.077">
  <properties/>
  <testcase name="haeMuutetutIncludesPiilotettuIfReadAccessToAll" classname="fi.vm.sade.organisaatio.business.impl.OrganisaatioFindBusinessServiceImplTest" time="0.01"/>
  <testcase name="findByCountChildren" classname="fi.vm.sade.organisaatio.business.impl.OrganisaatioFindBusinessServiceImplTest" time="0.013"/>
  <testcase name="findByIncludeParents" classname="fi.vm.sade.organisaatio.business.impl.OrganisaatioFindBusinessServiceImplTest" time="0.009"/>
  <testcase name="findBy" classname="fi.vm.sade.organisaatio.business.impl.OrganisaatioFindBusinessServiceImplTest" time="0.006"/>
  <testcase name="findByOidsV4ExcludesPiilotettu" classname="fi.vm.sade.organisaatio.business.impl.OrganisaatioFindBusinessServiceImplTest" time="0.007"/>
  <testcase name="findByIncludeChildren" classname="fi.vm.sade.organisaatio.business.impl.OrganisaatioFindBusinessServiceImplTest" time="0.011"/>
  <testcase name="findByOidsV4IncludesPiilotettuIfReadAccessToAll" classname="fi.vm.sade.organisaatio.business.impl.OrganisaatioFindBusinessServiceImplTest" time="0.005"/>
  <testcase name="haeMuutetutExcludesPiilotettu" classname="fi.vm.sade.organisaatio.business.impl.OrganisaatioFindBusinessServiceImplTest" time="0.006"/>
  <system-out><![CDATA[2020-06-10 20:39:13.803  INFO 56553 --- [    Test worker] o.s.t.c.transaction.TransactionContext   : Began transaction (1) for test context [DefaultTestContext@3e757297 testClass = OrganisaatioFindBusinessServiceImplTest, testInstance = fi.vm.sade.organisaatio.business.impl.OrganisaatioFindBusinessServiceImplTest@54c44487, testMethod = haeMuutetutIncludesPiilotettuIfReadAccessToAll@OrganisaatioFindBusinessServiceImplTest, testException = [null], mergedContextConfiguration = [WebMergedContextConfiguration@394f7a1e testClass = OrganisaatioFindBusinessServiceImplTest, locations = '{}', classes = '{class fi.vm.sade.organisaatio.OrganisaatioApplication}', contextInitializerClasses = '[]', activeProfiles = '{}', propertySourceLocations = '{}', propertySourceProperties = '{org.springframework.boot.test.context.SpringBootTestContextBootstrapper=true}', contextCustomizers = set[org.springframework.boot.test.autoconfigure.properties.PropertyMappingContextCustomizer@83020a4e, org.springframework.boot.test.autoconfigure.web.servlet.WebDriverContextCustomizerFactory$Customizer@5e540114, [ImportsContextCustomizer@5991db8c key = [org.springframework.boot.test.autoconfigure.jdbc.TestDatabaseAutoConfiguration, org.springframework.boot.autoconfigure.jdbc.DataSourceAutoConfiguration]], org.springframework.boot.test.context.filter.ExcludeFilterContextCustomizer@41cdf26a, org.springframework.boot.test.json.DuplicateJsonObjectContextCustomizerFactory$DuplicateJsonObjectContextCustomizer@1e95fe99, org.springframework.boot.test.mock.mockito.MockitoContextCustomizer@0, org.springframework.boot.test.web.client.TestRestTemplateContextCustomizer@6d8bcece, org.springframework.boot.test.context.SpringBootTestArgs@1], resourceBasePath = 'src/main/webapp', contextLoader = 'org.springframework.boot.test.context.SpringBootContextLoader', parent = [null]], attributes = map['org.springframework.test.context.web.ServletTestExecutionListener.activateListener' -> true, 'org.springframework.test.context.web.ServletTestExecutionListener.populatedRequestContextHolder' -> true, 'org.springframework.test.context.web.ServletTestExecutionListener.resetRequestContextHolder' -> true]]; transaction manager [org.springframework.orm.jpa.JpaTransactionManager@20031d49]; rollback [true]
2020-06-10 20:39:13.811  INFO 56553 --- [    Test worker] o.s.t.c.transaction.TransactionContext   : Rolled back transaction for test: [DefaultTestContext@3e757297 testClass = OrganisaatioFindBusinessServiceImplTest, testInstance = fi.vm.sade.organisaatio.business.impl.OrganisaatioFindBusinessServiceImplTest@54c44487, testMethod = haeMuutetutIncludesPiilotettuIfReadAccessToAll@OrganisaatioFindBusinessServiceImplTest, testException = [null], mergedContextConfiguration = [WebMergedContextConfiguration@394f7a1e testClass = OrganisaatioFindBusinessServiceImplTest, locations = '{}', classes = '{class fi.vm.sade.organisaatio.OrganisaatioApplication}', contextInitializerClasses = '[]', activeProfiles = '{}', propertySourceLocations = '{}', propertySourceProperties = '{org.springframework.boot.test.context.SpringBootTestContextBootstrapper=true}', contextCustomizers = set[org.springframework.boot.test.autoconfigure.properties.PropertyMappingContextCustomizer@83020a4e, org.springframework.boot.test.autoconfigure.web.servlet.WebDriverContextCustomizerFactory$Customizer@5e540114, [ImportsContextCustomizer@5991db8c key = [org.springframework.boot.test.autoconfigure.jdbc.TestDatabaseAutoConfiguration, org.springframework.boot.autoconfigure.jdbc.DataSourceAutoConfiguration]], org.springframework.boot.test.context.filter.ExcludeFilterContextCustomizer@41cdf26a, org.springframework.boot.test.json.DuplicateJsonObjectContextCustomizerFactory$DuplicateJsonObjectContextCustomizer@1e95fe99, org.springframework.boot.test.mock.mockito.MockitoContextCustomizer@0, org.springframework.boot.test.web.client.TestRestTemplateContextCustomizer@6d8bcece, org.springframework.boot.test.context.SpringBootTestArgs@1], resourceBasePath = 'src/main/webapp', contextLoader = 'org.springframework.boot.test.context.SpringBootContextLoader', parent = [null]], attributes = map['org.springframework.test.context.web.ServletTestExecutionListener.activateListener' -> true, 'org.springframework.test.context.web.ServletTestExecutionListener.populatedRequestContextHolder' -> true, 'org.springframework.test.context.web.ServletTestExecutionListener.resetRequestContextHolder' -> true]]
2020-06-10 20:39:13.814  INFO 56553 --- [    Test worker] o.s.t.c.transaction.TransactionContext   : Began transaction (1) for test context [DefaultTestContext@3e757297 testClass = OrganisaatioFindBusinessServiceImplTest, testInstance = fi.vm.sade.organisaatio.business.impl.OrganisaatioFindBusinessServiceImplTest@7eabee11, testMethod = findByCountChildren@OrganisaatioFindBusinessServiceImplTest, testException = [null], mergedContextConfiguration = [WebMergedContextConfiguration@394f7a1e testClass = OrganisaatioFindBusinessServiceImplTest, locations = '{}', classes = '{class fi.vm.sade.organisaatio.OrganisaatioApplication}', contextInitializerClasses = '[]', activeProfiles = '{}', propertySourceLocations = '{}', propertySourceProperties = '{org.springframework.boot.test.context.SpringBootTestContextBootstrapper=true}', contextCustomizers = set[org.springframework.boot.test.autoconfigure.properties.PropertyMappingContextCustomizer@83020a4e, org.springframework.boot.test.autoconfigure.web.servlet.WebDriverContextCustomizerFactory$Customizer@5e540114, [ImportsContextCustomizer@5991db8c key = [org.springframework.boot.test.autoconfigure.jdbc.TestDatabaseAutoConfiguration, org.springframework.boot.autoconfigure.jdbc.DataSourceAutoConfiguration]], org.springframework.boot.test.context.filter.ExcludeFilterContextCustomizer@41cdf26a, org.springframework.boot.test.json.DuplicateJsonObjectContextCustomizerFactory$DuplicateJsonObjectContextCustomizer@1e95fe99, org.springframework.boot.test.mock.mockito.MockitoContextCustomizer@0, org.springframework.boot.test.web.client.TestRestTemplateContextCustomizer@6d8bcece, org.springframework.boot.test.context.SpringBootTestArgs@1], resourceBasePath = 'src/main/webapp', contextLoader = 'org.springframework.boot.test.context.SpringBootContextLoader', parent = [null]], attributes = map['org.springframework.test.context.web.ServletTestExecutionListener.activateListener' -> true, 'org.springframework.test.context.web.ServletTestExecutionListener.populatedRequestContextHolder' -> true, 'org.springframework.test.context.web.ServletTestExecutionListener.resetRequestContextHolder' -> true]]; transaction manager [org.springframework.orm.jpa.JpaTransactionManager@20031d49]; rollback [true]
2020-06-10 20:39:13.827  INFO 56553 --- [    Test worker] o.s.t.c.transaction.TransactionContext   : Rolled back transaction for test: [DefaultTestContext@3e757297 testClass = OrganisaatioFindBusinessServiceImplTest, testInstance = fi.vm.sade.organisaatio.business.impl.OrganisaatioFindBusinessServiceImplTest@7eabee11, testMethod = findByCountChildren@OrganisaatioFindBusinessServiceImplTest, testException = [null], mergedContextConfiguration = [WebMergedContextConfiguration@394f7a1e testClass = OrganisaatioFindBusinessServiceImplTest, locations = '{}', classes = '{class fi.vm.sade.organisaatio.OrganisaatioApplication}', contextInitializerClasses = '[]', activeProfiles = '{}', propertySourceLocations = '{}', propertySourceProperties = '{org.springframework.boot.test.context.SpringBootTestContextBootstrapper=true}', contextCustomizers = set[org.springframework.boot.test.autoconfigure.properties.PropertyMappingContextCustomizer@83020a4e, org.springframework.boot.test.autoconfigure.web.servlet.WebDriverContextCustomizerFactory$Customizer@5e540114, [ImportsContextCustomizer@5991db8c key = [org.springframework.boot.test.autoconfigure.jdbc.TestDatabaseAutoConfiguration, org.springframework.boot.autoconfigure.jdbc.DataSourceAutoConfiguration]], org.springframework.boot.test.context.filter.ExcludeFilterContextCustomizer@41cdf26a, org.springframework.boot.test.json.DuplicateJsonObjectContextCustomizerFactory$DuplicateJsonObjectContextCustomizer@1e95fe99, org.springframework.boot.test.mock.mockito.MockitoContextCustomizer@0, org.springframework.boot.test.web.client.TestRestTemplateContextCustomizer@6d8bcece, org.springframework.boot.test.context.SpringBootTestArgs@1], resourceBasePath = 'src/main/webapp', contextLoader = 'org.springframework.boot.test.context.SpringBootContextLoader', parent = [null]], attributes = map['org.springframework.test.context.web.ServletTestExecutionListener.activateListener' -> true, 'org.springframework.test.context.web.ServletTestExecutionListener.populatedRequestContextHolder' -> true, 'org.springframework.test.context.web.ServletTestExecutionListener.resetRequestContextHolder' -> true]]
2020-06-10 20:39:13.829  INFO 56553 --- [    Test worker] o.s.t.c.transaction.TransactionContext   : Began transaction (1) for test context [DefaultTestContext@3e757297 testClass = OrganisaatioFindBusinessServiceImplTest, testInstance = fi.vm.sade.organisaatio.business.impl.OrganisaatioFindBusinessServiceImplTest@1b60dc9f, testMethod = findByIncludeParents@OrganisaatioFindBusinessServiceImplTest, testException = [null], mergedContextConfiguration = [WebMergedContextConfiguration@394f7a1e testClass = OrganisaatioFindBusinessServiceImplTest, locations = '{}', classes = '{class fi.vm.sade.organisaatio.OrganisaatioApplication}', contextInitializerClasses = '[]', activeProfiles = '{}', propertySourceLocations = '{}', propertySourceProperties = '{org.springframework.boot.test.context.SpringBootTestContextBootstrapper=true}', contextCustomizers = set[org.springframework.boot.test.autoconfigure.properties.PropertyMappingContextCustomizer@83020a4e, org.springframework.boot.test.autoconfigure.web.servlet.WebDriverContextCustomizerFactory$Customizer@5e540114, [ImportsContextCustomizer@5991db8c key = [org.springframework.boot.test.autoconfigure.jdbc.TestDatabaseAutoConfiguration, org.springframework.boot.autoconfigure.jdbc.DataSourceAutoConfiguration]], org.springframework.boot.test.context.filter.ExcludeFilterContextCustomizer@41cdf26a, org.springframework.boot.test.json.DuplicateJsonObjectContextCustomizerFactory$DuplicateJsonObjectContextCustomizer@1e95fe99, org.springframework.boot.test.mock.mockito.MockitoContextCustomizer@0, org.springframework.boot.test.web.client.TestRestTemplateContextCustomizer@6d8bcece, org.springframework.boot.test.context.SpringBootTestArgs@1], resourceBasePath = 'src/main/webapp', contextLoader = 'org.springframework.boot.test.context.SpringBootContextLoader', parent = [null]], attributes = map['org.springframework.test.context.web.ServletTestExecutionListener.activateListener' -> true, 'org.springframework.test.context.web.ServletTestExecutionListener.populatedRequestContextHolder' -> true, 'org.springframework.test.context.web.ServletTestExecutionListener.resetRequestContextHolder' -> true]]; transaction manager [org.springframework.orm.jpa.JpaTransactionManager@20031d49]; rollback [true]
2020-06-10 20:39:13.838  INFO 56553 --- [    Test worker] o.s.t.c.transaction.TransactionContext   : Rolled back transaction for test: [DefaultTestContext@3e757297 testClass = OrganisaatioFindBusinessServiceImplTest, testInstance = fi.vm.sade.organisaatio.business.impl.OrganisaatioFindBusinessServiceImplTest@1b60dc9f, testMethod = findByIncludeParents@OrganisaatioFindBusinessServiceImplTest, testException = [null], mergedContextConfiguration = [WebMergedContextConfiguration@394f7a1e testClass = OrganisaatioFindBusinessServiceImplTest, locations = '{}', classes = '{class fi.vm.sade.organisaatio.OrganisaatioApplication}', contextInitializerClasses = '[]', activeProfiles = '{}', propertySourceLocations = '{}', propertySourceProperties = '{org.springframework.boot.test.context.SpringBootTestContextBootstrapper=true}', contextCustomizers = set[org.springframework.boot.test.autoconfigure.properties.PropertyMappingContextCustomizer@83020a4e, org.springframework.boot.test.autoconfigure.web.servlet.WebDriverContextCustomizerFactory$Customizer@5e540114, [ImportsContextCustomizer@5991db8c key = [org.springframework.boot.test.autoconfigure.jdbc.TestDatabaseAutoConfiguration, org.springframework.boot.autoconfigure.jdbc.DataSourceAutoConfiguration]], org.springframework.boot.test.context.filter.ExcludeFilterContextCustomizer@41cdf26a, org.springframework.boot.test.json.DuplicateJsonObjectContextCustomizerFactory$DuplicateJsonObjectContextCustomizer@1e95fe99, org.springframework.boot.test.mock.mockito.MockitoContextCustomizer@0, org.springframework.boot.test.web.client.TestRestTemplateContextCustomizer@6d8bcece, org.springframework.boot.test.context.SpringBootTestArgs@1], resourceBasePath = 'src/main/webapp', contextLoader = 'org.springframework.boot.test.context.SpringBootContextLoader', parent = [null]], attributes = map['org.springframework.test.context.web.ServletTestExecutionListener.activateListener' -> true, 'org.springframework.test.context.web.ServletTestExecutionListener.populatedRequestContextHolder' -> true, 'org.springframework.test.context.web.ServletTestExecutionListener.resetRequestContextHolder' -> true]]
2020-06-10 20:39:13.840  INFO 56553 --- [    Test worker] o.s.t.c.transaction.TransactionContext   : Began transaction (1) for test context [DefaultTestContext@3e757297 testClass = OrganisaatioFindBusinessServiceImplTest, testInstance = fi.vm.sade.organisaatio.business.impl.OrganisaatioFindBusinessServiceImplTest@31005672, testMethod = findBy@OrganisaatioFindBusinessServiceImplTest, testException = [null], mergedContextConfiguration = [WebMergedContextConfiguration@394f7a1e testClass = OrganisaatioFindBusinessServiceImplTest, locations = '{}', classes = '{class fi.vm.sade.organisaatio.OrganisaatioApplication}', contextInitializerClasses = '[]', activeProfiles = '{}', propertySourceLocations = '{}', propertySourceProperties = '{org.springframework.boot.test.context.SpringBootTestContextBootstrapper=true}', contextCustomizers = set[org.springframework.boot.test.autoconfigure.properties.PropertyMappingContextCustomizer@83020a4e, org.springframework.boot.test.autoconfigure.web.servlet.WebDriverContextCustomizerFactory$Customizer@5e540114, [ImportsContextCustomizer@5991db8c key = [org.springframework.boot.test.autoconfigure.jdbc.TestDatabaseAutoConfiguration, org.springframework.boot.autoconfigure.jdbc.DataSourceAutoConfiguration]], org.springframework.boot.test.context.filter.ExcludeFilterContextCustomizer@41cdf26a, org.springframework.boot.test.json.DuplicateJsonObjectContextCustomizerFactory$DuplicateJsonObjectContextCustomizer@1e95fe99, org.springframework.boot.test.mock.mockito.MockitoContextCustomizer@0, org.springframework.boot.test.web.client.TestRestTemplateContextCustomizer@6d8bcece, org.springframework.boot.test.context.SpringBootTestArgs@1], resourceBasePath = 'src/main/webapp', contextLoader = 'org.springframework.boot.test.context.SpringBootContextLoader', parent = [null]], attributes = map['org.springframework.test.context.web.ServletTestExecutionListener.activateListener' -> true, 'org.springframework.test.context.web.ServletTestExecutionListener.populatedRequestContextHolder' -> true, 'org.springframework.test.context.web.ServletTestExecutionListener.resetRequestContextHolder' -> true]]; transaction manager [org.springframework.orm.jpa.JpaTransactionManager@20031d49]; rollback [true]
2020-06-10 20:39:13.845  INFO 56553 --- [    Test worker] o.s.t.c.transaction.TransactionContext   : Rolled back transaction for test: [DefaultTestContext@3e757297 testClass = OrganisaatioFindBusinessServiceImplTest, testInstance = fi.vm.sade.organisaatio.business.impl.OrganisaatioFindBusinessServiceImplTest@31005672, testMethod = findBy@OrganisaatioFindBusinessServiceImplTest, testException = [null], mergedContextConfiguration = [WebMergedContextConfiguration@394f7a1e testClass = OrganisaatioFindBusinessServiceImplTest, locations = '{}', classes = '{class fi.vm.sade.organisaatio.OrganisaatioApplication}', contextInitializerClasses = '[]', activeProfiles = '{}', propertySourceLocations = '{}', propertySourceProperties = '{org.springframework.boot.test.context.SpringBootTestContextBootstrapper=true}', contextCustomizers = set[org.springframework.boot.test.autoconfigure.properties.PropertyMappingContextCustomizer@83020a4e, org.springframework.boot.test.autoconfigure.web.servlet.WebDriverContextCustomizerFactory$Customizer@5e540114, [ImportsContextCustomizer@5991db8c key = [org.springframework.boot.test.autoconfigure.jdbc.TestDatabaseAutoConfiguration, org.springframework.boot.autoconfigure.jdbc.DataSourceAutoConfiguration]], org.springframework.boot.test.context.filter.ExcludeFilterContextCustomizer@41cdf26a, org.springframework.boot.test.json.DuplicateJsonObjectContextCustomizerFactory$DuplicateJsonObjectContextCustomizer@1e95fe99, org.springframework.boot.test.mock.mockito.MockitoContextCustomizer@0, org.springframework.boot.test.web.client.TestRestTemplateContextCustomizer@6d8bcece, org.springframework.boot.test.context.SpringBootTestArgs@1], resourceBasePath = 'src/main/webapp', contextLoader = 'org.springframework.boot.test.context.SpringBootContextLoader', parent = [null]], attributes = map['org.springframework.test.context.web.ServletTestExecutionListener.activateListener' -> true, 'org.springframework.test.context.web.ServletTestExecutionListener.populatedRequestContextHolder' -> true, 'org.springframework.test.context.web.ServletTestExecutionListener.resetRequestContextHolder' -> true]]
2020-06-10 20:39:13.847  INFO 56553 --- [    Test worker] o.s.t.c.transaction.TransactionContext   : Began transaction (1) for test context [DefaultTestContext@3e757297 testClass = OrganisaatioFindBusinessServiceImplTest, testInstance = fi.vm.sade.organisaatio.business.impl.OrganisaatioFindBusinessServiceImplTest@646fb383, testMethod = findByOidsV4ExcludesPiilotettu@OrganisaatioFindBusinessServiceImplTest, testException = [null], mergedContextConfiguration = [WebMergedContextConfiguration@394f7a1e testClass = OrganisaatioFindBusinessServiceImplTest, locations = '{}', classes = '{class fi.vm.sade.organisaatio.OrganisaatioApplication}', contextInitializerClasses = '[]', activeProfiles = '{}', propertySourceLocations = '{}', propertySourceProperties = '{org.springframework.boot.test.context.SpringBootTestContextBootstrapper=true}', contextCustomizers = set[org.springframework.boot.test.autoconfigure.properties.PropertyMappingContextCustomizer@83020a4e, org.springframework.boot.test.autoconfigure.web.servlet.WebDriverContextCustomizerFactory$Customizer@5e540114, [ImportsContextCustomizer@5991db8c key = [org.springframework.boot.test.autoconfigure.jdbc.TestDatabaseAutoConfiguration, org.springframework.boot.autoconfigure.jdbc.DataSourceAutoConfiguration]], org.springframework.boot.test.context.filter.ExcludeFilterContextCustomizer@41cdf26a, org.springframework.boot.test.json.DuplicateJsonObjectContextCustomizerFactory$DuplicateJsonObjectContextCustomizer@1e95fe99, org.springframework.boot.test.mock.mockito.MockitoContextCustomizer@0, org.springframework.boot.test.web.client.TestRestTemplateContextCustomizer@6d8bcece, org.springframework.boot.test.context.SpringBootTestArgs@1], resourceBasePath = 'src/main/webapp', contextLoader = 'org.springframework.boot.test.context.SpringBootContextLoader', parent = [null]], attributes = map['org.springframework.test.context.web.ServletTestExecutionListener.activateListener' -> true, 'org.springframework.test.context.web.ServletTestExecutionListener.populatedRequestContextHolder' -> true, 'org.springframework.test.context.web.ServletTestExecutionListener.resetRequestContextHolder' -> true]]; transaction manager [org.springframework.orm.jpa.JpaTransactionManager@20031d49]; rollback [true]
2020-06-10 20:39:13.853  INFO 56553 --- [    Test worker] o.s.t.c.transaction.TransactionContext   : Rolled back transaction for test: [DefaultTestContext@3e757297 testClass = OrganisaatioFindBusinessServiceImplTest, testInstance = fi.vm.sade.organisaatio.business.impl.OrganisaatioFindBusinessServiceImplTest@646fb383, testMethod = findByOidsV4ExcludesPiilotettu@OrganisaatioFindBusinessServiceImplTest, testException = [null], mergedContextConfiguration = [WebMergedContextConfiguration@394f7a1e testClass = OrganisaatioFindBusinessServiceImplTest, locations = '{}', classes = '{class fi.vm.sade.organisaatio.OrganisaatioApplication}', contextInitializerClasses = '[]', activeProfiles = '{}', propertySourceLocations = '{}', propertySourceProperties = '{org.springframework.boot.test.context.SpringBootTestContextBootstrapper=true}', contextCustomizers = set[org.springframework.boot.test.autoconfigure.properties.PropertyMappingContextCustomizer@83020a4e, org.springframework.boot.test.autoconfigure.web.servlet.WebDriverContextCustomizerFactory$Customizer@5e540114, [ImportsContextCustomizer@5991db8c key = [org.springframework.boot.test.autoconfigure.jdbc.TestDatabaseAutoConfiguration, org.springframework.boot.autoconfigure.jdbc.DataSourceAutoConfiguration]], org.springframework.boot.test.context.filter.ExcludeFilterContextCustomizer@41cdf26a, org.springframework.boot.test.json.DuplicateJsonObjectContextCustomizerFactory$DuplicateJsonObjectContextCustomizer@1e95fe99, org.springframework.boot.test.mock.mockito.MockitoContextCustomizer@0, org.springframework.boot.test.web.client.TestRestTemplateContextCustomizer@6d8bcece, org.springframework.boot.test.context.SpringBootTestArgs@1], resourceBasePath = 'src/main/webapp', contextLoader = 'org.springframework.boot.test.context.SpringBootContextLoader', parent = [null]], attributes = map['org.springframework.test.context.web.ServletTestExecutionListener.activateListener' -> true, 'org.springframework.test.context.web.ServletTestExecutionListener.populatedRequestContextHolder' -> true, 'org.springframework.test.context.web.ServletTestExecutionListener.resetRequestContextHolder' -> true]]
2020-06-10 20:39:13.855  INFO 56553 --- [    Test worker] o.s.t.c.transaction.TransactionContext   : Began transaction (1) for test context [DefaultTestContext@3e757297 testClass = OrganisaatioFindBusinessServiceImplTest, testInstance = fi.vm.sade.organisaatio.business.impl.OrganisaatioFindBusinessServiceImplTest@77642e09, testMethod = findByIncludeChildren@OrganisaatioFindBusinessServiceImplTest, testException = [null], mergedContextConfiguration = [WebMergedContextConfiguration@394f7a1e testClass = OrganisaatioFindBusinessServiceImplTest, locations = '{}', classes = '{class fi.vm.sade.organisaatio.OrganisaatioApplication}', contextInitializerClasses = '[]', activeProfiles = '{}', propertySourceLocations = '{}', propertySourceProperties = '{org.springframework.boot.test.context.SpringBootTestContextBootstrapper=true}', contextCustomizers = set[org.springframework.boot.test.autoconfigure.properties.PropertyMappingContextCustomizer@83020a4e, org.springframework.boot.test.autoconfigure.web.servlet.WebDriverContextCustomizerFactory$Customizer@5e540114, [ImportsContextCustomizer@5991db8c key = [org.springframework.boot.test.autoconfigure.jdbc.TestDatabaseAutoConfiguration, org.springframework.boot.autoconfigure.jdbc.DataSourceAutoConfiguration]], org.springframework.boot.test.context.filter.ExcludeFilterContextCustomizer@41cdf26a, org.springframework.boot.test.json.DuplicateJsonObjectContextCustomizerFactory$DuplicateJsonObjectContextCustomizer@1e95fe99, org.springframework.boot.test.mock.mockito.MockitoContextCustomizer@0, org.springframework.boot.test.web.client.TestRestTemplateContextCustomizer@6d8bcece, org.springframework.boot.test.context.SpringBootTestArgs@1], resourceBasePath = 'src/main/webapp', contextLoader = 'org.springframework.boot.test.context.SpringBootContextLoader', parent = [null]], attributes = map['org.springframework.test.context.web.ServletTestExecutionListener.activateListener' -> true, 'org.springframework.test.context.web.ServletTestExecutionListener.populatedRequestContextHolder' -> true, 'org.springframework.test.context.web.ServletTestExecutionListener.resetRequestContextHolder' -> true]]; transaction manager [org.springframework.orm.jpa.JpaTransactionManager@20031d49]; rollback [true]
2020-06-10 20:39:13.865  INFO 56553 --- [    Test worker] o.s.t.c.transaction.TransactionContext   : Rolled back transaction for test: [DefaultTestContext@3e757297 testClass = OrganisaatioFindBusinessServiceImplTest, testInstance = fi.vm.sade.organisaatio.business.impl.OrganisaatioFindBusinessServiceImplTest@77642e09, testMethod = findByIncludeChildren@OrganisaatioFindBusinessServiceImplTest, testException = [null], mergedContextConfiguration = [WebMergedContextConfiguration@394f7a1e testClass = OrganisaatioFindBusinessServiceImplTest, locations = '{}', classes = '{class fi.vm.sade.organisaatio.OrganisaatioApplication}', contextInitializerClasses = '[]', activeProfiles = '{}', propertySourceLocations = '{}', propertySourceProperties = '{org.springframework.boot.test.context.SpringBootTestContextBootstrapper=true}', contextCustomizers = set[org.springframework.boot.test.autoconfigure.properties.PropertyMappingContextCustomizer@83020a4e, org.springframework.boot.test.autoconfigure.web.servlet.WebDriverContextCustomizerFactory$Customizer@5e540114, [ImportsContextCustomizer@5991db8c key = [org.springframework.boot.test.autoconfigure.jdbc.TestDatabaseAutoConfiguration, org.springframework.boot.autoconfigure.jdbc.DataSourceAutoConfiguration]], org.springframework.boot.test.context.filter.ExcludeFilterContextCustomizer@41cdf26a, org.springframework.boot.test.json.DuplicateJsonObjectContextCustomizerFactory$DuplicateJsonObjectContextCustomizer@1e95fe99, org.springframework.boot.test.mock.mockito.MockitoContextCustomizer@0, org.springframework.boot.test.web.client.TestRestTemplateContextCustomizer@6d8bcece, org.springframework.boot.test.context.SpringBootTestArgs@1], resourceBasePath = 'src/main/webapp', contextLoader = 'org.springframework.boot.test.context.SpringBootContextLoader', parent = [null]], attributes = map['org.springframework.test.context.web.ServletTestExecutionListener.activateListener' -> true, 'org.springframework.test.context.web.ServletTestExecutionListener.populatedRequestContextHolder' -> true, 'org.springframework.test.context.web.ServletTestExecutionListener.resetRequestContextHolder' -> true]]
2020-06-10 20:39:13.867  INFO 56553 --- [    Test worker] o.s.t.c.transaction.TransactionContext   : Began transaction (1) for test context [DefaultTestContext@3e757297 testClass = OrganisaatioFindBusinessServiceImplTest, testInstance = fi.vm.sade.organisaatio.business.impl.OrganisaatioFindBusinessServiceImplTest@7848e280, testMethod = findByOidsV4IncludesPiilotettuIfReadAccessToAll@OrganisaatioFindBusinessServiceImplTest, testException = [null], mergedContextConfiguration = [WebMergedContextConfiguration@394f7a1e testClass = OrganisaatioFindBusinessServiceImplTest, locations = '{}', classes = '{class fi.vm.sade.organisaatio.OrganisaatioApplication}', contextInitializerClasses = '[]', activeProfiles = '{}', propertySourceLocations = '{}', propertySourceProperties = '{org.springframework.boot.test.context.SpringBootTestContextBootstrapper=true}', contextCustomizers = set[org.springframework.boot.test.autoconfigure.properties.PropertyMappingContextCustomizer@83020a4e, org.springframework.boot.test.autoconfigure.web.servlet.WebDriverContextCustomizerFactory$Customizer@5e540114, [ImportsContextCustomizer@5991db8c key = [org.springframework.boot.test.autoconfigure.jdbc.TestDatabaseAutoConfiguration, org.springframework.boot.autoconfigure.jdbc.DataSourceAutoConfiguration]], org.springframework.boot.test.context.filter.ExcludeFilterContextCustomizer@41cdf26a, org.springframework.boot.test.json.DuplicateJsonObjectContextCustomizerFactory$DuplicateJsonObjectContextCustomizer@1e95fe99, org.springframework.boot.test.mock.mockito.MockitoContextCustomizer@0, org.springframework.boot.test.web.client.TestRestTemplateContextCustomizer@6d8bcece, org.springframework.boot.test.context.SpringBootTestArgs@1], resourceBasePath = 'src/main/webapp', contextLoader = 'org.springframework.boot.test.context.SpringBootContextLoader', parent = [null]], attributes = map['org.springframework.test.context.web.ServletTestExecutionListener.activateListener' -> true, 'org.springframework.test.context.web.ServletTestExecutionListener.populatedRequestContextHolder' -> true, 'org.springframework.test.context.web.ServletTestExecutionListener.resetRequestContextHolder' -> true]]; transaction manager [org.springframework.orm.jpa.JpaTransactionManager@20031d49]; rollback [true]
2020-06-10 20:39:13.871  INFO 56553 --- [    Test worker] o.s.t.c.transaction.TransactionContext   : Rolled back transaction for test: [DefaultTestContext@3e757297 testClass = OrganisaatioFindBusinessServiceImplTest, testInstance = fi.vm.sade.organisaatio.business.impl.OrganisaatioFindBusinessServiceImplTest@7848e280, testMethod = findByOidsV4IncludesPiilotettuIfReadAccessToAll@OrganisaatioFindBusinessServiceImplTest, testException = [null], mergedContextConfiguration = [WebMergedContextConfiguration@394f7a1e testClass = OrganisaatioFindBusinessServiceImplTest, locations = '{}', classes = '{class fi.vm.sade.organisaatio.OrganisaatioApplication}', contextInitializerClasses = '[]', activeProfiles = '{}', propertySourceLocations = '{}', propertySourceProperties = '{org.springframework.boot.test.context.SpringBootTestContextBootstrapper=true}', contextCustomizers = set[org.springframework.boot.test.autoconfigure.properties.PropertyMappingContextCustomizer@83020a4e, org.springframework.boot.test.autoconfigure.web.servlet.WebDriverContextCustomizerFactory$Customizer@5e540114, [ImportsContextCustomizer@5991db8c key = [org.springframework.boot.test.autoconfigure.jdbc.TestDatabaseAutoConfiguration, org.springframework.boot.autoconfigure.jdbc.DataSourceAutoConfiguration]], org.springframework.boot.test.context.filter.ExcludeFilterContextCustomizer@41cdf26a, org.springframework.boot.test.json.DuplicateJsonObjectContextCustomizerFactory$DuplicateJsonObjectContextCustomizer@1e95fe99, org.springframework.boot.test.mock.mockito.MockitoContextCustomizer@0, org.springframework.boot.test.web.client.TestRestTemplateContextCustomizer@6d8bcece, org.springframework.boot.test.context.SpringBootTestArgs@1], resourceBasePath = 'src/main/webapp', contextLoader = 'org.springframework.boot.test.context.SpringBootContextLoader', parent = [null]], attributes = map['org.springframework.test.context.web.ServletTestExecutionListener.activateListener' -> true, 'org.springframework.test.context.web.ServletTestExecutionListener.populatedRequestContextHolder' -> true, 'org.springframework.test.context.web.ServletTestExecutionListener.resetRequestContextHolder' -> true]]
2020-06-10 20:39:13.873  INFO 56553 --- [    Test worker] o.s.t.c.transaction.TransactionContext   : Began transaction (1) for test context [DefaultTestContext@3e757297 testClass = OrganisaatioFindBusinessServiceImplTest, testInstance = fi.vm.sade.organisaatio.business.impl.OrganisaatioFindBusinessServiceImplTest@20428015, testMethod = haeMuutetutExcludesPiilotettu@OrganisaatioFindBusinessServiceImplTest, testException = [null], mergedContextConfiguration = [WebMergedContextConfiguration@394f7a1e testClass = OrganisaatioFindBusinessServiceImplTest, locations = '{}', classes = '{class fi.vm.sade.organisaatio.OrganisaatioApplication}', contextInitializerClasses = '[]', activeProfiles = '{}', propertySourceLocations = '{}', propertySourceProperties = '{org.springframework.boot.test.context.SpringBootTestContextBootstrapper=true}', contextCustomizers = set[org.springframework.boot.test.autoconfigure.properties.PropertyMappingContextCustomizer@83020a4e, org.springframework.boot.test.autoconfigure.web.servlet.WebDriverContextCustomizerFactory$Customizer@5e540114, [ImportsContextCustomizer@5991db8c key = [org.springframework.boot.test.autoconfigure.jdbc.TestDatabaseAutoConfiguration, org.springframework.boot.autoconfigure.jdbc.DataSourceAutoConfiguration]], org.springframework.boot.test.context.filter.ExcludeFilterContextCustomizer@41cdf26a, org.springframework.boot.test.json.DuplicateJsonObjectContextCustomizerFactory$DuplicateJsonObjectContextCustomizer@1e95fe99, org.springframework.boot.test.mock.mockito.MockitoContextCustomizer@0, org.springframework.boot.test.web.client.TestRestTemplateContextCustomizer@6d8bcece, org.springframework.boot.test.context.SpringBootTestArgs@1], resourceBasePath = 'src/main/webapp', contextLoader = 'org.springframework.boot.test.context.SpringBootContextLoader', parent = [null]], attributes = map['org.springframework.test.context.web.ServletTestExecutionListener.activateListener' -> true, 'org.springframework.test.context.web.ServletTestExecutionListener.populatedRequestContextHolder' -> true, 'org.springframework.test.context.web.ServletTestExecutionListener.resetRequestContextHolder' -> true]]; transaction manager [org.springframework.orm.jpa.JpaTransactionManager@20031d49]; rollback [true]
2020-06-10 20:39:13.878  INFO 56553 --- [    Test worker] o.s.t.c.transaction.TransactionContext   : Rolled back transaction for test: [DefaultTestContext@3e757297 testClass = OrganisaatioFindBusinessServiceImplTest, testInstance = fi.vm.sade.organisaatio.business.impl.OrganisaatioFindBusinessServiceImplTest@20428015, testMethod = haeMuutetutExcludesPiilotettu@OrganisaatioFindBusinessServiceImplTest, testException = [null], mergedContextConfiguration = [WebMergedContextConfiguration@394f7a1e testClass = OrganisaatioFindBusinessServiceImplTest, locations = '{}', classes = '{class fi.vm.sade.organisaatio.OrganisaatioApplication}', contextInitializerClasses = '[]', activeProfiles = '{}', propertySourceLocations = '{}', propertySourceProperties = '{org.springframework.boot.test.context.SpringBootTestContextBootstrapper=true}', contextCustomizers = set[org.springframework.boot.test.autoconfigure.properties.PropertyMappingContextCustomizer@83020a4e, org.springframework.boot.test.autoconfigure.web.servlet.WebDriverContextCustomizerFactory$Customizer@5e540114, [ImportsContextCustomizer@5991db8c key = [org.springframework.boot.test.autoconfigure.jdbc.TestDatabaseAutoConfiguration, org.springframework.boot.autoconfigure.jdbc.DataSourceAutoConfiguration]], org.springframework.boot.test.context.filter.ExcludeFilterContextCustomizer@41cdf26a, org.springframework.boot.test.json.DuplicateJsonObjectContextCustomizerFactory$DuplicateJsonObjectContextCustomizer@1e95fe99, org.springframework.boot.test.mock.mockito.MockitoContextCustomizer@0, org.springframework.boot.test.web.client.TestRestTemplateContextCustomizer@6d8bcece, org.springframework.boot.test.context.SpringBootTestArgs@1], resourceBasePath = 'src/main/webapp', contextLoader = 'org.springframework.boot.test.context.SpringBootContextLoader', parent = [null]], attributes = map['org.springframework.test.context.web.ServletTestExecutionListener.activateListener' -> true, 'org.springframework.test.context.web.ServletTestExecutionListener.populatedRequestContextHolder' -> true, 'org.springframework.test.context.web.ServletTestExecutionListener.resetRequestContextHolder' -> true]]
]]></system-out>
  <system-err><![CDATA[]]></system-err>
</testsuite>
