<?xml version="1.0" encoding="UTF-8"?>
<testsuite name="fi.vm.sade.organisaatio.repository.OrganisaatioRepositoryImplTest" tests="8" skipped="0" failures="0" errors="0" timestamp="2020-06-10T15:11:28" hostname="Miikkas-MacBook-Pro.local" time="0.384">
  <properties/>
  <testcase name="findModifedSinceExcludesDiscontinued" classname="fi.vm.sade.organisaatio.repository.OrganisaatioRepositoryImplTest" time="0.029"/>
  <testcase name="doTest" classname="fi.vm.sade.organisaatio.repository.OrganisaatioRepositoryImplTest" time="0.065"/>
  <testcase name="parentTest" classname="fi.vm.sade.organisaatio.repository.OrganisaatioRepositoryImplTest" time="0.022"/>
  <testcase name="findChildrenTest" classname="fi.vm.sade.organisaatio.repository.OrganisaatioRepositoryImplTest" time="0.097"/>
  <testcase name="findGroupsTest" classname="fi.vm.sade.organisaatio.repository.OrganisaatioRepositoryImplTest" time="0.105"/>
  <testcase name="findModifedSinceLimitsByModificationTime" classname="fi.vm.sade.organisaatio.repository.OrganisaatioRepositoryImplTest" time="0.024"/>
  <testcase name="findModifedSinceLimitsByOrganizationType" classname="fi.vm.sade.organisaatio.repository.OrganisaatioRepositoryImplTest" time="0.026"/>
  <testcase name="findModifedSinceIncludesDiscontinuedInTheFuture" classname="fi.vm.sade.organisaatio.repository.OrganisaatioRepositoryImplTest" time="0.012"/>
  <system-out><![CDATA[2020-06-10 18:11:28.911  INFO 55751 --- [    Test worker] o.s.t.c.transaction.TransactionContext   : Began transaction (1) for test context [DefaultTestContext@5416d980 testClass = OrganisaatioRepositoryImplTest, testInstance = fi.vm.sade.organisaatio.repository.OrganisaatioRepositoryImplTest@211beda5, testMethod = findModifedSinceExcludesDiscontinued@OrganisaatioRepositoryImplTest, testException = [null], mergedContextConfiguration = [WebMergedContextConfiguration@a27a101 testClass = OrganisaatioRepositoryImplTest, locations = '{}', classes = '{class fi.vm.sade.organisaatio.OrganisaatioApplication}', contextInitializerClasses = '[]', activeProfiles = '{}', propertySourceLocations = '{}', propertySourceProperties = '{org.springframework.boot.test.context.SpringBootTestContextBootstrapper=true}', contextCustomizers = set[org.springframework.boot.test.autoconfigure.properties.PropertyMappingContextCustomizer@a273518a, org.springframework.boot.test.autoconfigure.web.servlet.WebDriverContextCustomizerFactory$Customizer@25a95d7a, [ImportsContextCustomizer@243b4350 key = [org.springframework.boot.test.autoconfigure.jdbc.TestDatabaseAutoConfiguration, org.springframework.boot.autoconfigure.jdbc.DataSourceAutoConfiguration]], org.springframework.boot.test.context.filter.ExcludeFilterContextCustomizer@33d60c3d, org.springframework.boot.test.json.DuplicateJsonObjectContextCustomizerFactory$DuplicateJsonObjectContextCustomizer@6943770e, org.springframework.boot.test.mock.mockito.MockitoContextCustomizer@0, org.springframework.boot.test.web.client.TestRestTemplateContextCustomizer@536042e6, org.springframework.boot.test.context.SpringBootTestArgs@1], resourceBasePath = 'src/main/webapp', contextLoader = 'org.springframework.boot.test.context.SpringBootContextLoader', parent = [null]], attributes = map['org.springframework.test.context.web.ServletTestExecutionListener.activateListener' -> true, 'org.springframework.test.context.web.ServletTestExecutionListener.populatedRequestContextHolder' -> true, 'org.springframework.test.context.web.ServletTestExecutionListener.resetRequestContextHolder' -> true]]; transaction manager [org.springframework.orm.jpa.JpaTransactionManager@af9fb3]; rollback [true]
2020-06-10 18:11:28.913  INFO 55751 --- [    Test worker] f.v.s.o.r.OrganisaatioRepositoryImplTest : createOrganisaatio(A)
Hibernate: 
    insert 
    into
        monikielinen_teksti
        (id, version) 
    values
        (null, ?)
2020-06-10 18:11:28.913 TRACE 55751 --- [    Test worker] o.h.type.descriptor.sql.BasicBinder      : binding parameter [1] as [BIGINT] - [0]
Hibernate: 
    insert 
    into
        organisaatio
        (id, version, alkupvm, domainnimi, kotipaikka, kuvaus_mkt, lakkautuspvm, maa, metadata_id, nimi_mkt, nimihaku, oid, opetuspisteenjarjnro, oppilaitoskoodi, oppilaitos_tyyppi, organisaatio_poistettu, paivittaja, paivityspvm, parentidpath, parentoidpath, piilotettu, tarkastus_pvm, toimipistekoodi, tuontipvm, varhaiskasvatuksen_toimipaikka_tiedot_id, virastotunnus, yhteishaunkoulukoodi, yritysmuoto, ytj_kieli, ytjpaivityspvm, ytunnus) 
    values
        (null, ?, ?, ?, ?, ?, ?, ?, ?, ?, ?, ?, ?, ?, ?, ?, ?, ?, ?, ?, ?, ?, ?, ?, ?, ?, ?, ?, ?, ?, ?)
2020-06-10 18:11:28.914 TRACE 55751 --- [    Test worker] o.h.type.descriptor.sql.BasicBinder      : binding parameter [1] as [BIGINT] - [0]
2020-06-10 18:11:28.914 TRACE 55751 --- [    Test worker] o.h.type.descriptor.sql.BasicBinder      : binding parameter [2] as [DATE] - [null]
2020-06-10 18:11:28.914 TRACE 55751 --- [    Test worker] o.h.type.descriptor.sql.BasicBinder      : binding parameter [3] as [VARCHAR] - [null]
2020-06-10 18:11:28.914 TRACE 55751 --- [    Test worker] o.h.type.descriptor.sql.BasicBinder      : binding parameter [4] as [VARCHAR] - [null]
2020-06-10 18:11:28.914 TRACE 55751 --- [    Test worker] o.h.type.descriptor.sql.BasicBinder      : binding parameter [5] as [BIGINT] - [null]
2020-06-10 18:11:28.914 TRACE 55751 --- [    Test worker] o.h.type.descriptor.sql.BasicBinder      : binding parameter [6] as [DATE] - [null]
2020-06-10 18:11:28.914 TRACE 55751 --- [    Test worker] o.h.type.descriptor.sql.BasicBinder      : binding parameter [7] as [VARCHAR] - [null]
2020-06-10 18:11:28.915 TRACE 55751 --- [    Test worker] o.h.type.descriptor.sql.BasicBinder      : binding parameter [8] as [BIGINT] - [null]
2020-06-10 18:11:28.915 TRACE 55751 --- [    Test worker] o.h.type.descriptor.sql.BasicBinder      : binding parameter [9] as [BIGINT] - [7]
2020-06-10 18:11:28.915 TRACE 55751 --- [    Test worker] o.h.type.descriptor.sql.BasicBinder      : binding parameter [10] as [VARCHAR] - [null]
2020-06-10 18:11:28.915 TRACE 55751 --- [    Test worker] o.h.type.descriptor.sql.BasicBinder      : binding parameter [11] as [VARCHAR] - [-4962768465676381896]
2020-06-10 18:11:28.915 TRACE 55751 --- [    Test worker] o.h.type.descriptor.sql.BasicBinder      : binding parameter [12] as [VARCHAR] - [null]
2020-06-10 18:11:28.915 TRACE 55751 --- [    Test worker] o.h.type.descriptor.sql.BasicBinder      : binding parameter [13] as [VARCHAR] - [null]
2020-06-10 18:11:28.915 TRACE 55751 --- [    Test worker] o.h.type.descriptor.sql.BasicBinder      : binding parameter [14] as [VARCHAR] - [null]
2020-06-10 18:11:28.915 TRACE 55751 --- [    Test worker] o.h.type.descriptor.sql.BasicBinder      : binding parameter [15] as [BOOLEAN] - [false]
2020-06-10 18:11:28.915 TRACE 55751 --- [    Test worker] o.h.type.descriptor.sql.BasicBinder      : binding parameter [16] as [VARCHAR] - [null]
2020-06-10 18:11:28.915 TRACE 55751 --- [    Test worker] o.h.type.descriptor.sql.BasicBinder      : binding parameter [17] as [TIMESTAMP] - [null]
2020-06-10 18:11:28.915 TRACE 55751 --- [    Test worker] o.h.type.descriptor.sql.BasicBinder      : binding parameter [18] as [VARCHAR] - [null]
2020-06-10 18:11:28.915 TRACE 55751 --- [    Test worker] o.h.type.descriptor.sql.BasicBinder      : binding parameter [19] as [VARCHAR] - [null]
2020-06-10 18:11:28.915 TRACE 55751 --- [    Test worker] o.h.type.descriptor.sql.BasicBinder      : binding parameter [20] as [BOOLEAN] - [false]
2020-06-10 18:11:28.915 TRACE 55751 --- [    Test worker] o.h.type.descriptor.sql.BasicBinder      : binding parameter [21] as [TIMESTAMP] - [null]
2020-06-10 18:11:28.915 TRACE 55751 --- [    Test worker] o.h.type.descriptor.sql.BasicBinder      : binding parameter [22] as [VARCHAR] - [null]
2020-06-10 18:11:28.915 TRACE 55751 --- [    Test worker] o.h.type.descriptor.sql.BasicBinder      : binding parameter [23] as [TIMESTAMP] - [null]
2020-06-10 18:11:28.915 TRACE 55751 --- [    Test worker] o.h.type.descriptor.sql.BasicBinder      : binding parameter [24] as [BIGINT] - [null]
2020-06-10 18:11:28.915 TRACE 55751 --- [    Test worker] o.h.type.descriptor.sql.BasicBinder      : binding parameter [25] as [VARCHAR] - [null]
2020-06-10 18:11:28.915 TRACE 55751 --- [    Test worker] o.h.type.descriptor.sql.BasicBinder      : binding parameter [26] as [VARCHAR] - [null]
2020-06-10 18:11:28.915 TRACE 55751 --- [    Test worker] o.h.type.descriptor.sql.BasicBinder      : binding parameter [27] as [VARCHAR] - [null]
2020-06-10 18:11:28.915 TRACE 55751 --- [    Test worker] o.h.type.descriptor.sql.BasicBinder      : binding parameter [28] as [VARCHAR] - [null]
2020-06-10 18:11:28.915 TRACE 55751 --- [    Test worker] o.h.type.descriptor.sql.BasicBinder      : binding parameter [29] as [DATE] - [null]
2020-06-10 18:11:28.915 TRACE 55751 --- [    Test worker] o.h.type.descriptor.sql.BasicBinder      : binding parameter [30] as [VARCHAR] - [null]
Hibernate: 
    insert 
    into
        yhteystieto
        (id, version, kieli, organisaatio_id, yhteystieto_oid, coordinatetype, extrarivi, lat, lng, maa, osavaltio, osoite, osoite_tyyppi, postinumero, postitoimipaikka, ytjpaivityspvm, dtype) 
    values
        (null, ?, ?, ?, ?, ?, ?, ?, ?, ?, ?, ?, ?, ?, ?, ?, 'Osoite')
2020-06-10 18:11:28.916 TRACE 55751 --- [    Test worker] o.h.type.descriptor.sql.BasicBinder      : binding parameter [1] as [BIGINT] - [0]
2020-06-10 18:11:28.916 TRACE 55751 --- [    Test worker] o.h.type.descriptor.sql.BasicBinder      : binding parameter [2] as [VARCHAR] - [null]
2020-06-10 18:11:28.916 TRACE 55751 --- [    Test worker] o.h.type.descriptor.sql.BasicBinder      : binding parameter [3] as [BIGINT] - [null]
2020-06-10 18:11:28.916 TRACE 55751 --- [    Test worker] o.h.type.descriptor.sql.BasicBinder      : binding parameter [4] as [VARCHAR] - [39fc4c47-6641-4a09-945d-c1792594171f]
2020-06-10 18:11:28.916 TRACE 55751 --- [    Test worker] o.h.type.descriptor.sql.BasicBinder      : binding parameter [5] as [VARCHAR] - [null]
2020-06-10 18:11:28.916 TRACE 55751 --- [    Test worker] o.h.type.descriptor.sql.BasicBinder      : binding parameter [6] as [VARCHAR] - [null]
2020-06-10 18:11:28.916 TRACE 55751 --- [    Test worker] o.h.type.descriptor.sql.BasicBinder      : binding parameter [7] as [DOUBLE] - [null]
2020-06-10 18:11:28.916 TRACE 55751 --- [    Test worker] o.h.type.descriptor.sql.BasicBinder      : binding parameter [8] as [DOUBLE] - [null]
2020-06-10 18:11:28.916 TRACE 55751 --- [    Test worker] o.h.type.descriptor.sql.BasicBinder      : binding parameter [9] as [VARCHAR] - [null]
2020-06-10 18:11:28.916 TRACE 55751 --- [    Test worker] o.h.type.descriptor.sql.BasicBinder      : binding parameter [10] as [VARCHAR] - [null]
2020-06-10 18:11:28.916 TRACE 55751 --- [    Test worker] o.h.type.descriptor.sql.BasicBinder      : binding parameter [11] as [VARCHAR] - [katu]
2020-06-10 18:11:28.917 TRACE 55751 --- [    Test worker] o.h.type.descriptor.sql.BasicBinder      : binding parameter [12] as [VARCHAR] - [kaynti]
2020-06-10 18:11:28.917 TRACE 55751 --- [    Test worker] o.h.type.descriptor.sql.BasicBinder      : binding parameter [13] as [VARCHAR] - [0000]
2020-06-10 18:11:28.917 TRACE 55751 --- [    Test worker] o.h.type.descriptor.sql.BasicBinder      : binding parameter [14] as [VARCHAR] - [Helsinki]
2020-06-10 18:11:28.917 TRACE 55751 --- [    Test worker] o.h.type.descriptor.sql.BasicBinder      : binding parameter [15] as [DATE] - [null]
Hibernate: 
    update
        organisaatio 
    set
        version=?,
        alkupvm=?,
        domainnimi=?,
        kotipaikka=?,
        kuvaus_mkt=?,
        lakkautuspvm=?,
        maa=?,
        metadata_id=?,
        nimi_mkt=?,
        nimihaku=?,
        oid=?,
        opetuspisteenjarjnro=?,
        oppilaitoskoodi=?,
        oppilaitos_tyyppi=?,
        organisaatio_poistettu=?,
        paivittaja=?,
        paivityspvm=?,
        parentidpath=?,
        parentoidpath=?,
        piilotettu=?,
        tarkastus_pvm=?,
        toimipistekoodi=?,
        tuontipvm=?,
        varhaiskasvatuksen_toimipaikka_tiedot_id=?,
        virastotunnus=?,
        yhteishaunkoulukoodi=?,
        yritysmuoto=?,
        ytj_kieli=?,
        ytjpaivityspvm=?,
        ytunnus=? 
    where
        id=? 
        and version=?
2020-06-10 18:11:28.930 TRACE 55751 --- [    Test worker] o.h.type.descriptor.sql.BasicBinder      : binding parameter [1] as [BIGINT] - [1]
2020-06-10 18:11:28.930 TRACE 55751 --- [    Test worker] o.h.type.descriptor.sql.BasicBinder      : binding parameter [2] as [DATE] - [null]
2020-06-10 18:11:28.930 TRACE 55751 --- [    Test worker] o.h.type.descriptor.sql.BasicBinder      : binding parameter [3] as [VARCHAR] - [null]
2020-06-10 18:11:28.930 TRACE 55751 --- [    Test worker] o.h.type.descriptor.sql.BasicBinder      : binding parameter [4] as [VARCHAR] - [null]
2020-06-10 18:11:28.930 TRACE 55751 --- [    Test worker] o.h.type.descriptor.sql.BasicBinder      : binding parameter [5] as [BIGINT] - [null]
2020-06-10 18:11:28.930 TRACE 55751 --- [    Test worker] o.h.type.descriptor.sql.BasicBinder      : binding parameter [6] as [DATE] - [Wed Jun 10 00:00:00 EEST 2020]
2020-06-10 18:11:28.930 TRACE 55751 --- [    Test worker] o.h.type.descriptor.sql.BasicBinder      : binding parameter [7] as [VARCHAR] - [null]
2020-06-10 18:11:28.931 TRACE 55751 --- [    Test worker] o.h.type.descriptor.sql.BasicBinder      : binding parameter [8] as [BIGINT] - [null]
2020-06-10 18:11:28.931 TRACE 55751 --- [    Test worker] o.h.type.descriptor.sql.BasicBinder      : binding parameter [9] as [BIGINT] - [7]
2020-06-10 18:11:28.931 TRACE 55751 --- [    Test worker] o.h.type.descriptor.sql.BasicBinder      : binding parameter [10] as [VARCHAR] - [null]
2020-06-10 18:11:28.931 TRACE 55751 --- [    Test worker] o.h.type.descriptor.sql.BasicBinder      : binding parameter [11] as [VARCHAR] - [-4962768465676381896]
2020-06-10 18:11:28.931 TRACE 55751 --- [    Test worker] o.h.type.descriptor.sql.BasicBinder      : binding parameter [12] as [VARCHAR] - [null]
2020-06-10 18:11:28.931 TRACE 55751 --- [    Test worker] o.h.type.descriptor.sql.BasicBinder      : binding parameter [13] as [VARCHAR] - [null]
2020-06-10 18:11:28.931 TRACE 55751 --- [    Test worker] o.h.type.descriptor.sql.BasicBinder      : binding parameter [14] as [VARCHAR] - [null]
2020-06-10 18:11:28.931 TRACE 55751 --- [    Test worker] o.h.type.descriptor.sql.BasicBinder      : binding parameter [15] as [BOOLEAN] - [false]
2020-06-10 18:11:28.931 TRACE 55751 --- [    Test worker] o.h.type.descriptor.sql.BasicBinder      : binding parameter [16] as [VARCHAR] - [null]
2020-06-10 18:11:28.931 TRACE 55751 --- [    Test worker] o.h.type.descriptor.sql.BasicBinder      : binding parameter [17] as [TIMESTAMP] - [Wed Jun 10 18:11:29 EEST 2020]
2020-06-10 18:11:28.931 TRACE 55751 --- [    Test worker] o.h.type.descriptor.sql.BasicBinder      : binding parameter [18] as [VARCHAR] - [null]
2020-06-10 18:11:28.931 TRACE 55751 --- [    Test worker] o.h.type.descriptor.sql.BasicBinder      : binding parameter [19] as [VARCHAR] - [null]
2020-06-10 18:11:28.931 TRACE 55751 --- [    Test worker] o.h.type.descriptor.sql.BasicBinder      : binding parameter [20] as [BOOLEAN] - [false]
2020-06-10 18:11:28.931 TRACE 55751 --- [    Test worker] o.h.type.descriptor.sql.BasicBinder      : binding parameter [21] as [TIMESTAMP] - [null]
2020-06-10 18:11:28.931 TRACE 55751 --- [    Test worker] o.h.type.descriptor.sql.BasicBinder      : binding parameter [22] as [VARCHAR] - [null]
2020-06-10 18:11:28.931 TRACE 55751 --- [    Test worker] o.h.type.descriptor.sql.BasicBinder      : binding parameter [23] as [TIMESTAMP] - [null]
2020-06-10 18:11:28.931 TRACE 55751 --- [    Test worker] o.h.type.descriptor.sql.BasicBinder      : binding parameter [24] as [BIGINT] - [null]
2020-06-10 18:11:28.931 TRACE 55751 --- [    Test worker] o.h.type.descriptor.sql.BasicBinder      : binding parameter [25] as [VARCHAR] - [null]
2020-06-10 18:11:28.931 TRACE 55751 --- [    Test worker] o.h.type.descriptor.sql.BasicBinder      : binding parameter [26] as [VARCHAR] - [null]
2020-06-10 18:11:28.931 TRACE 55751 --- [    Test worker] o.h.type.descriptor.sql.BasicBinder      : binding parameter [27] as [VARCHAR] - [null]
2020-06-10 18:11:28.931 TRACE 55751 --- [    Test worker] o.h.type.descriptor.sql.BasicBinder      : binding parameter [28] as [VARCHAR] - [null]
2020-06-10 18:11:28.931 TRACE 55751 --- [    Test worker] o.h.type.descriptor.sql.BasicBinder      : binding parameter [29] as [DATE] - [null]
2020-06-10 18:11:28.931 TRACE 55751 --- [    Test worker] o.h.type.descriptor.sql.BasicBinder      : binding parameter [30] as [VARCHAR] - [null]
2020-06-10 18:11:28.931 TRACE 55751 --- [    Test worker] o.h.type.descriptor.sql.BasicBinder      : binding parameter [31] as [BIGINT] - [16]
2020-06-10 18:11:28.932 TRACE 55751 --- [    Test worker] o.h.type.descriptor.sql.BasicBinder      : binding parameter [32] as [BIGINT] - [0]
Hibernate: 
    insert 
    into
        monikielinen_teksti_values
        (id, key, value) 
    values
        (?, ?, ?)
2020-06-10 18:11:28.933 TRACE 55751 --- [    Test worker] o.h.type.descriptor.sql.BasicBinder      : binding parameter [1] as [BIGINT] - [7]
2020-06-10 18:11:28.933 TRACE 55751 --- [    Test worker] o.h.type.descriptor.sql.BasicBinder      : binding parameter [2] as [VARCHAR] - [FI]
2020-06-10 18:11:28.933 TRACE 55751 --- [    Test worker] o.h.type.descriptor.sql.BasicBinder      : binding parameter [3] as [VARCHAR] - [A]
Hibernate: 
    select
        distinct organisaat0_.id as id1_5_,
        organisaat0_.version as version2_5_,
        organisaat0_.alkupvm as alkupvm3_5_,
        organisaat0_.domainnimi as domainni4_5_,
        organisaat0_.kotipaikka as kotipaik5_5_,
        organisaat0_.kuvaus_mkt as kuvaus_28_5_,
        organisaat0_.lakkautuspvm as lakkautu6_5_,
        organisaat0_.maa as maa7_5_,
        organisaat0_.metadata_id as metadat29_5_,
        organisaat0_.nimi_mkt as nimi_mk30_5_,
        organisaat0_.nimihaku as nimihaku8_5_,
        organisaat0_.oid as oid9_5_,
        organisaat0_.opetuspisteenjarjnro as opetusp10_5_,
        organisaat0_.oppilaitoskoodi as oppilai11_5_,
        organisaat0_.oppilaitos_tyyppi as oppilai12_5_,
        organisaat0_.organisaatio_poistettu as organis13_5_,
        organisaat0_.paivittaja as paivitt14_5_,
        organisaat0_.paivityspvm as paivity15_5_,
        organisaat0_.parentidpath as parenti16_5_,
        organisaat0_.parentoidpath as parento17_5_,
        organisaat0_.piilotettu as piilote18_5_,
        organisaat0_.tarkastus_pvm as tarkast19_5_,
        organisaat0_.toimipistekoodi as toimipi20_5_,
        organisaat0_.tuontipvm as tuontip21_5_,
        organisaat0_.varhaiskasvatuksen_toimipaikka_tiedot_id as varhais31_5_,
        organisaat0_.virastotunnus as virasto22_5_,
        organisaat0_.yhteishaunkoulukoodi as yhteish23_5_,
        organisaat0_.yritysmuoto as yritysm24_5_,
        organisaat0_.ytj_kieli as ytj_kie25_5_,
        organisaat0_.ytjpaivityspvm as ytjpaiv26_5_,
        organisaat0_.ytunnus as ytunnus27_5_ 
    from
        organisaatio organisaat0_ 
    where
        organisaat0_.paivityspvm>? 
        and (
            organisaat0_.lakkautuspvm is null 
            or organisaat0_.lakkautuspvm>?
        )
2020-06-10 18:11:28.933 TRACE 55751 --- [    Test worker] o.h.type.descriptor.sql.BasicBinder      : binding parameter [1] as [TIMESTAMP] - [Wed Jun 10 18:11:28 EEST 2020]
2020-06-10 18:11:28.933 TRACE 55751 --- [    Test worker] o.h.type.descriptor.sql.BasicBinder      : binding parameter [2] as [DATE] - [Wed Jun 10 18:11:28 EEST 2020]
2020-06-10 18:11:28.940  INFO 55751 --- [    Test worker] o.s.t.c.transaction.TransactionContext   : Rolled back transaction for test: [DefaultTestContext@5416d980 testClass = OrganisaatioRepositoryImplTest, testInstance = fi.vm.sade.organisaatio.repository.OrganisaatioRepositoryImplTest@211beda5, testMethod = findModifedSinceExcludesDiscontinued@OrganisaatioRepositoryImplTest, testException = [null], mergedContextConfiguration = [WebMergedContextConfiguration@a27a101 testClass = OrganisaatioRepositoryImplTest, locations = '{}', classes = '{class fi.vm.sade.organisaatio.OrganisaatioApplication}', contextInitializerClasses = '[]', activeProfiles = '{}', propertySourceLocations = '{}', propertySourceProperties = '{org.springframework.boot.test.context.SpringBootTestContextBootstrapper=true}', contextCustomizers = set[org.springframework.boot.test.autoconfigure.properties.PropertyMappingContextCustomizer@a273518a, org.springframework.boot.test.autoconfigure.web.servlet.WebDriverContextCustomizerFactory$Customizer@25a95d7a, [ImportsContextCustomizer@243b4350 key = [org.springframework.boot.test.autoconfigure.jdbc.TestDatabaseAutoConfiguration, org.springframework.boot.autoconfigure.jdbc.DataSourceAutoConfiguration]], org.springframework.boot.test.context.filter.ExcludeFilterContextCustomizer@33d60c3d, org.springframework.boot.test.json.DuplicateJsonObjectContextCustomizerFactory$DuplicateJsonObjectContextCustomizer@6943770e, org.springframework.boot.test.mock.mockito.MockitoContextCustomizer@0, org.springframework.boot.test.web.client.TestRestTemplateContextCustomizer@536042e6, org.springframework.boot.test.context.SpringBootTestArgs@1], resourceBasePath = 'src/main/webapp', contextLoader = 'org.springframework.boot.test.context.SpringBootContextLoader', parent = [null]], attributes = map['org.springframework.test.context.web.ServletTestExecutionListener.activateListener' -> true, 'org.springframework.test.context.web.ServletTestExecutionListener.populatedRequestContextHolder' -> true, 'org.springframework.test.context.web.ServletTestExecutionListener.resetRequestContextHolder' -> true]]
2020-06-10 18:11:28.941  INFO 55751 --- [    Test worker] o.s.t.c.transaction.TransactionContext   : Began transaction (1) for test context [DefaultTestContext@5416d980 testClass = OrganisaatioRepositoryImplTest, testInstance = fi.vm.sade.organisaatio.repository.OrganisaatioRepositoryImplTest@25e1bd66, testMethod = doTest@OrganisaatioRepositoryImplTest, testException = [null], mergedContextConfiguration = [WebMergedContextConfiguration@a27a101 testClass = OrganisaatioRepositoryImplTest, locations = '{}', classes = '{class fi.vm.sade.organisaatio.OrganisaatioApplication}', contextInitializerClasses = '[]', activeProfiles = '{}', propertySourceLocations = '{}', propertySourceProperties = '{org.springframework.boot.test.context.SpringBootTestContextBootstrapper=true}', contextCustomizers = set[org.springframework.boot.test.autoconfigure.properties.PropertyMappingContextCustomizer@a273518a, org.springframework.boot.test.autoconfigure.web.servlet.WebDriverContextCustomizerFactory$Customizer@25a95d7a, [ImportsContextCustomizer@243b4350 key = [org.springframework.boot.test.autoconfigure.jdbc.TestDatabaseAutoConfiguration, org.springframework.boot.autoconfigure.jdbc.DataSourceAutoConfiguration]], org.springframework.boot.test.context.filter.ExcludeFilterContextCustomizer@33d60c3d, org.springframework.boot.test.json.DuplicateJsonObjectContextCustomizerFactory$DuplicateJsonObjectContextCustomizer@6943770e, org.springframework.boot.test.mock.mockito.MockitoContextCustomizer@0, org.springframework.boot.test.web.client.TestRestTemplateContextCustomizer@536042e6, org.springframework.boot.test.context.SpringBootTestArgs@1], resourceBasePath = 'src/main/webapp', contextLoader = 'org.springframework.boot.test.context.SpringBootContextLoader', parent = [null]], attributes = map['org.springframework.test.context.web.ServletTestExecutionListener.activateListener' -> true, 'org.springframework.test.context.web.ServletTestExecutionListener.populatedRequestContextHolder' -> true, 'org.springframework.test.context.web.ServletTestExecutionListener.resetRequestContextHolder' -> true]]; transaction manager [org.springframework.orm.jpa.JpaTransactionManager@af9fb3]; rollback [true]
2020-06-10 18:11:28.942  INFO 55751 --- [    Test worker] f.v.s.o.r.OrganisaatioRepositoryImplTest : doTest()...
2020-06-10 18:11:28.942  INFO 55751 --- [    Test worker] f.v.s.o.r.OrganisaatioRepositoryImplTest : createOrganisaatio(A)
Hibernate: 
    insert 
    into
        monikielinen_teksti
        (id, version) 
    values
        (null, ?)
2020-06-10 18:11:28.942 TRACE 55751 --- [    Test worker] o.h.type.descriptor.sql.BasicBinder      : binding parameter [1] as [BIGINT] - [0]
Hibernate: 
    insert 
    into
        organisaatio
        (id, version, alkupvm, domainnimi, kotipaikka, kuvaus_mkt, lakkautuspvm, maa, metadata_id, nimi_mkt, nimihaku, oid, opetuspisteenjarjnro, oppilaitoskoodi, oppilaitos_tyyppi, organisaatio_poistettu, paivittaja, paivityspvm, parentidpath, parentoidpath, piilotettu, tarkastus_pvm, toimipistekoodi, tuontipvm, varhaiskasvatuksen_toimipaikka_tiedot_id, virastotunnus, yhteishaunkoulukoodi, yritysmuoto, ytj_kieli, ytjpaivityspvm, ytunnus) 
    values
        (null, ?, ?, ?, ?, ?, ?, ?, ?, ?, ?, ?, ?, ?, ?, ?, ?, ?, ?, ?, ?, ?, ?, ?, ?, ?, ?, ?, ?, ?, ?)
2020-06-10 18:11:28.944 TRACE 55751 --- [    Test worker] o.h.type.descriptor.sql.BasicBinder      : binding parameter [1] as [BIGINT] - [0]
2020-06-10 18:11:28.944 TRACE 55751 --- [    Test worker] o.h.type.descriptor.sql.BasicBinder      : binding parameter [2] as [DATE] - [null]
2020-06-10 18:11:28.944 TRACE 55751 --- [    Test worker] o.h.type.descriptor.sql.BasicBinder      : binding parameter [3] as [VARCHAR] - [null]
2020-06-10 18:11:28.944 TRACE 55751 --- [    Test worker] o.h.type.descriptor.sql.BasicBinder      : binding parameter [4] as [VARCHAR] - [null]
2020-06-10 18:11:28.944 TRACE 55751 --- [    Test worker] o.h.type.descriptor.sql.BasicBinder      : binding parameter [5] as [BIGINT] - [null]
2020-06-10 18:11:28.944 TRACE 55751 --- [    Test worker] o.h.type.descriptor.sql.BasicBinder      : binding parameter [6] as [DATE] - [null]
2020-06-10 18:11:28.944 TRACE 55751 --- [    Test worker] o.h.type.descriptor.sql.BasicBinder      : binding parameter [7] as [VARCHAR] - [null]
2020-06-10 18:11:28.944 TRACE 55751 --- [    Test worker] o.h.type.descriptor.sql.BasicBinder      : binding parameter [8] as [BIGINT] - [null]
2020-06-10 18:11:28.944 TRACE 55751 --- [    Test worker] o.h.type.descriptor.sql.BasicBinder      : binding parameter [9] as [BIGINT] - [8]
2020-06-10 18:11:28.944 TRACE 55751 --- [    Test worker] o.h.type.descriptor.sql.BasicBinder      : binding parameter [10] as [VARCHAR] - [null]
2020-06-10 18:11:28.944 TRACE 55751 --- [    Test worker] o.h.type.descriptor.sql.BasicBinder      : binding parameter [11] as [VARCHAR] - [-4962768465676381896]
2020-06-10 18:11:28.944 TRACE 55751 --- [    Test worker] o.h.type.descriptor.sql.BasicBinder      : binding parameter [12] as [VARCHAR] - [null]
2020-06-10 18:11:28.944 TRACE 55751 --- [    Test worker] o.h.type.descriptor.sql.BasicBinder      : binding parameter [13] as [VARCHAR] - [null]
2020-06-10 18:11:28.944 TRACE 55751 --- [    Test worker] o.h.type.descriptor.sql.BasicBinder      : binding parameter [14] as [VARCHAR] - [null]
2020-06-10 18:11:28.944 TRACE 55751 --- [    Test worker] o.h.type.descriptor.sql.BasicBinder      : binding parameter [15] as [BOOLEAN] - [false]
2020-06-10 18:11:28.944 TRACE 55751 --- [    Test worker] o.h.type.descriptor.sql.BasicBinder      : binding parameter [16] as [VARCHAR] - [null]
2020-06-10 18:11:28.944 TRACE 55751 --- [    Test worker] o.h.type.descriptor.sql.BasicBinder      : binding parameter [17] as [TIMESTAMP] - [null]
2020-06-10 18:11:28.944 TRACE 55751 --- [    Test worker] o.h.type.descriptor.sql.BasicBinder      : binding parameter [18] as [VARCHAR] - [null]
2020-06-10 18:11:28.944 TRACE 55751 --- [    Test worker] o.h.type.descriptor.sql.BasicBinder      : binding parameter [19] as [VARCHAR] - [null]
2020-06-10 18:11:28.944 TRACE 55751 --- [    Test worker] o.h.type.descriptor.sql.BasicBinder      : binding parameter [20] as [BOOLEAN] - [false]
2020-06-10 18:11:28.944 TRACE 55751 --- [    Test worker] o.h.type.descriptor.sql.BasicBinder      : binding parameter [21] as [TIMESTAMP] - [null]
2020-06-10 18:11:28.945 TRACE 55751 --- [    Test worker] o.h.type.descriptor.sql.BasicBinder      : binding parameter [22] as [VARCHAR] - [null]
2020-06-10 18:11:28.945 TRACE 55751 --- [    Test worker] o.h.type.descriptor.sql.BasicBinder      : binding parameter [23] as [TIMESTAMP] - [null]
2020-06-10 18:11:28.945 TRACE 55751 --- [    Test worker] o.h.type.descriptor.sql.BasicBinder      : binding parameter [24] as [BIGINT] - [null]
2020-06-10 18:11:28.945 TRACE 55751 --- [    Test worker] o.h.type.descriptor.sql.BasicBinder      : binding parameter [25] as [VARCHAR] - [null]
2020-06-10 18:11:28.945 TRACE 55751 --- [    Test worker] o.h.type.descriptor.sql.BasicBinder      : binding parameter [26] as [VARCHAR] - [null]
2020-06-10 18:11:28.945 TRACE 55751 --- [    Test worker] o.h.type.descriptor.sql.BasicBinder      : binding parameter [27] as [VARCHAR] - [null]
2020-06-10 18:11:28.945 TRACE 55751 --- [    Test worker] o.h.type.descriptor.sql.BasicBinder      : binding parameter [28] as [VARCHAR] - [null]
2020-06-10 18:11:28.945 TRACE 55751 --- [    Test worker] o.h.type.descriptor.sql.BasicBinder      : binding parameter [29] as [DATE] - [null]
2020-06-10 18:11:28.945 TRACE 55751 --- [    Test worker] o.h.type.descriptor.sql.BasicBinder      : binding parameter [30] as [VARCHAR] - [null]
Hibernate: 
    insert 
    into
        yhteystieto
        (id, version, kieli, organisaatio_id, yhteystieto_oid, coordinatetype, extrarivi, lat, lng, maa, osavaltio, osoite, osoite_tyyppi, postinumero, postitoimipaikka, ytjpaivityspvm, dtype) 
    values
        (null, ?, ?, ?, ?, ?, ?, ?, ?, ?, ?, ?, ?, ?, ?, ?, 'Osoite')
2020-06-10 18:11:28.946 TRACE 55751 --- [    Test worker] o.h.type.descriptor.sql.BasicBinder      : binding parameter [1] as [BIGINT] - [0]
2020-06-10 18:11:28.946 TRACE 55751 --- [    Test worker] o.h.type.descriptor.sql.BasicBinder      : binding parameter [2] as [VARCHAR] - [null]
2020-06-10 18:11:28.946 TRACE 55751 --- [    Test worker] o.h.type.descriptor.sql.BasicBinder      : binding parameter [3] as [BIGINT] - [null]
2020-06-10 18:11:28.946 TRACE 55751 --- [    Test worker] o.h.type.descriptor.sql.BasicBinder      : binding parameter [4] as [VARCHAR] - [3e5859a7-b27b-40a9-a151-8ed38b49d373]
2020-06-10 18:11:28.946 TRACE 55751 --- [    Test worker] o.h.type.descriptor.sql.BasicBinder      : binding parameter [5] as [VARCHAR] - [null]
2020-06-10 18:11:28.946 TRACE 55751 --- [    Test worker] o.h.type.descriptor.sql.BasicBinder      : binding parameter [6] as [VARCHAR] - [null]
2020-06-10 18:11:28.946 TRACE 55751 --- [    Test worker] o.h.type.descriptor.sql.BasicBinder      : binding parameter [7] as [DOUBLE] - [null]
2020-06-10 18:11:28.946 TRACE 55751 --- [    Test worker] o.h.type.descriptor.sql.BasicBinder      : binding parameter [8] as [DOUBLE] - [null]
2020-06-10 18:11:28.946 TRACE 55751 --- [    Test worker] o.h.type.descriptor.sql.BasicBinder      : binding parameter [9] as [VARCHAR] - [null]
2020-06-10 18:11:28.946 TRACE 55751 --- [    Test worker] o.h.type.descriptor.sql.BasicBinder      : binding parameter [10] as [VARCHAR] - [null]
2020-06-10 18:11:28.946 TRACE 55751 --- [    Test worker] o.h.type.descriptor.sql.BasicBinder      : binding parameter [11] as [VARCHAR] - [katu]
2020-06-10 18:11:28.946 TRACE 55751 --- [    Test worker] o.h.type.descriptor.sql.BasicBinder      : binding parameter [12] as [VARCHAR] - [kaynti]
2020-06-10 18:11:28.946 TRACE 55751 --- [    Test worker] o.h.type.descriptor.sql.BasicBinder      : binding parameter [13] as [VARCHAR] - [0000]
2020-06-10 18:11:28.946 TRACE 55751 --- [    Test worker] o.h.type.descriptor.sql.BasicBinder      : binding parameter [14] as [VARCHAR] - [Helsinki]
2020-06-10 18:11:28.946 TRACE 55751 --- [    Test worker] o.h.type.descriptor.sql.BasicBinder      : binding parameter [15] as [DATE] - [null]
2020-06-10 18:11:28.951  INFO 55751 --- [    Test worker] f.v.s.o.r.OrganisaatioRepositoryImplTest : createOrganisaatio(B)
Hibernate: 
    insert 
    into
        monikielinen_teksti
        (id, version) 
    values
        (null, ?)
2020-06-10 18:11:28.951 TRACE 55751 --- [    Test worker] o.h.type.descriptor.sql.BasicBinder      : binding parameter [1] as [BIGINT] - [0]
Hibernate: 
    insert 
    into
        organisaatio
        (id, version, alkupvm, domainnimi, kotipaikka, kuvaus_mkt, lakkautuspvm, maa, metadata_id, nimi_mkt, nimihaku, oid, opetuspisteenjarjnro, oppilaitoskoodi, oppilaitos_tyyppi, organisaatio_poistettu, paivittaja, paivityspvm, parentidpath, parentoidpath, piilotettu, tarkastus_pvm, toimipistekoodi, tuontipvm, varhaiskasvatuksen_toimipaikka_tiedot_id, virastotunnus, yhteishaunkoulukoodi, yritysmuoto, ytj_kieli, ytjpaivityspvm, ytunnus) 
    values
        (null, ?, ?, ?, ?, ?, ?, ?, ?, ?, ?, ?, ?, ?, ?, ?, ?, ?, ?, ?, ?, ?, ?, ?, ?, ?, ?, ?, ?, ?, ?)
2020-06-10 18:11:28.952 TRACE 55751 --- [    Test worker] o.h.type.descriptor.sql.BasicBinder      : binding parameter [1] as [BIGINT] - [0]
2020-06-10 18:11:28.952 TRACE 55751 --- [    Test worker] o.h.type.descriptor.sql.BasicBinder      : binding parameter [2] as [DATE] - [null]
2020-06-10 18:11:28.952 TRACE 55751 --- [    Test worker] o.h.type.descriptor.sql.BasicBinder      : binding parameter [3] as [VARCHAR] - [null]
2020-06-10 18:11:28.952 TRACE 55751 --- [    Test worker] o.h.type.descriptor.sql.BasicBinder      : binding parameter [4] as [VARCHAR] - [null]
2020-06-10 18:11:28.952 TRACE 55751 --- [    Test worker] o.h.type.descriptor.sql.BasicBinder      : binding parameter [5] as [BIGINT] - [null]
2020-06-10 18:11:28.952 TRACE 55751 --- [    Test worker] o.h.type.descriptor.sql.BasicBinder      : binding parameter [6] as [DATE] - [null]
2020-06-10 18:11:28.952 TRACE 55751 --- [    Test worker] o.h.type.descriptor.sql.BasicBinder      : binding parameter [7] as [VARCHAR] - [null]
2020-06-10 18:11:28.952 TRACE 55751 --- [    Test worker] o.h.type.descriptor.sql.BasicBinder      : binding parameter [8] as [BIGINT] - [null]
2020-06-10 18:11:28.952 TRACE 55751 --- [    Test worker] o.h.type.descriptor.sql.BasicBinder      : binding parameter [9] as [BIGINT] - [9]
2020-06-10 18:11:28.953 TRACE 55751 --- [    Test worker] o.h.type.descriptor.sql.BasicBinder      : binding parameter [10] as [VARCHAR] - [null]
2020-06-10 18:11:28.953 TRACE 55751 --- [    Test worker] o.h.type.descriptor.sql.BasicBinder      : binding parameter [11] as [VARCHAR] - [4437113781045784766]
2020-06-10 18:11:28.953 TRACE 55751 --- [    Test worker] o.h.type.descriptor.sql.BasicBinder      : binding parameter [12] as [VARCHAR] - [null]
2020-06-10 18:11:28.953 TRACE 55751 --- [    Test worker] o.h.type.descriptor.sql.BasicBinder      : binding parameter [13] as [VARCHAR] - [null]
2020-06-10 18:11:28.953 TRACE 55751 --- [    Test worker] o.h.type.descriptor.sql.BasicBinder      : binding parameter [14] as [VARCHAR] - [null]
2020-06-10 18:11:28.953 TRACE 55751 --- [    Test worker] o.h.type.descriptor.sql.BasicBinder      : binding parameter [15] as [BOOLEAN] - [false]
2020-06-10 18:11:28.953 TRACE 55751 --- [    Test worker] o.h.type.descriptor.sql.BasicBinder      : binding parameter [16] as [VARCHAR] - [null]
2020-06-10 18:11:28.953 TRACE 55751 --- [    Test worker] o.h.type.descriptor.sql.BasicBinder      : binding parameter [17] as [TIMESTAMP] - [null]
2020-06-10 18:11:28.953 TRACE 55751 --- [    Test worker] o.h.type.descriptor.sql.BasicBinder      : binding parameter [18] as [VARCHAR] - [null]
2020-06-10 18:11:28.953 TRACE 55751 --- [    Test worker] o.h.type.descriptor.sql.BasicBinder      : binding parameter [19] as [VARCHAR] - [null]
2020-06-10 18:11:28.953 TRACE 55751 --- [    Test worker] o.h.type.descriptor.sql.BasicBinder      : binding parameter [20] as [BOOLEAN] - [false]
2020-06-10 18:11:28.953 TRACE 55751 --- [    Test worker] o.h.type.descriptor.sql.BasicBinder      : binding parameter [21] as [TIMESTAMP] - [null]
2020-06-10 18:11:28.953 TRACE 55751 --- [    Test worker] o.h.type.descriptor.sql.BasicBinder      : binding parameter [22] as [VARCHAR] - [null]
2020-06-10 18:11:28.953 TRACE 55751 --- [    Test worker] o.h.type.descriptor.sql.BasicBinder      : binding parameter [23] as [TIMESTAMP] - [null]
2020-06-10 18:11:28.953 TRACE 55751 --- [    Test worker] o.h.type.descriptor.sql.BasicBinder      : binding parameter [24] as [BIGINT] - [null]
2020-06-10 18:11:28.953 TRACE 55751 --- [    Test worker] o.h.type.descriptor.sql.BasicBinder      : binding parameter [25] as [VARCHAR] - [null]
2020-06-10 18:11:28.953 TRACE 55751 --- [    Test worker] o.h.type.descriptor.sql.BasicBinder      : binding parameter [26] as [VARCHAR] - [null]
2020-06-10 18:11:28.953 TRACE 55751 --- [    Test worker] o.h.type.descriptor.sql.BasicBinder      : binding parameter [27] as [VARCHAR] - [null]
2020-06-10 18:11:28.953 TRACE 55751 --- [    Test worker] o.h.type.descriptor.sql.BasicBinder      : binding parameter [28] as [VARCHAR] - [null]
2020-06-10 18:11:28.953 TRACE 55751 --- [    Test worker] o.h.type.descriptor.sql.BasicBinder      : binding parameter [29] as [DATE] - [null]
2020-06-10 18:11:28.953 TRACE 55751 --- [    Test worker] o.h.type.descriptor.sql.BasicBinder      : binding parameter [30] as [VARCHAR] - [null]
Hibernate: 
    insert 
    into
        yhteystieto
        (id, version, kieli, organisaatio_id, yhteystieto_oid, coordinatetype, extrarivi, lat, lng, maa, osavaltio, osoite, osoite_tyyppi, postinumero, postitoimipaikka, ytjpaivityspvm, dtype) 
    values
        (null, ?, ?, ?, ?, ?, ?, ?, ?, ?, ?, ?, ?, ?, ?, ?, 'Osoite')
2020-06-10 18:11:28.954 TRACE 55751 --- [    Test worker] o.h.type.descriptor.sql.BasicBinder      : binding parameter [1] as [BIGINT] - [0]
2020-06-10 18:11:28.954 TRACE 55751 --- [    Test worker] o.h.type.descriptor.sql.BasicBinder      : binding parameter [2] as [VARCHAR] - [null]
2020-06-10 18:11:28.954 TRACE 55751 --- [    Test worker] o.h.type.descriptor.sql.BasicBinder      : binding parameter [3] as [BIGINT] - [null]
2020-06-10 18:11:28.954 TRACE 55751 --- [    Test worker] o.h.type.descriptor.sql.BasicBinder      : binding parameter [4] as [VARCHAR] - [ef636873-806a-4db5-a4c1-e126619e88b9]
2020-06-10 18:11:28.954 TRACE 55751 --- [    Test worker] o.h.type.descriptor.sql.BasicBinder      : binding parameter [5] as [VARCHAR] - [null]
2020-06-10 18:11:28.954 TRACE 55751 --- [    Test worker] o.h.type.descriptor.sql.BasicBinder      : binding parameter [6] as [VARCHAR] - [null]
2020-06-10 18:11:28.954 TRACE 55751 --- [    Test worker] o.h.type.descriptor.sql.BasicBinder      : binding parameter [7] as [DOUBLE] - [null]
2020-06-10 18:11:28.954 TRACE 55751 --- [    Test worker] o.h.type.descriptor.sql.BasicBinder      : binding parameter [8] as [DOUBLE] - [null]
2020-06-10 18:11:28.955 TRACE 55751 --- [    Test worker] o.h.type.descriptor.sql.BasicBinder      : binding parameter [9] as [VARCHAR] - [null]
2020-06-10 18:11:28.955 TRACE 55751 --- [    Test worker] o.h.type.descriptor.sql.BasicBinder      : binding parameter [10] as [VARCHAR] - [null]
2020-06-10 18:11:28.955 TRACE 55751 --- [    Test worker] o.h.type.descriptor.sql.BasicBinder      : binding parameter [11] as [VARCHAR] - [katu]
2020-06-10 18:11:28.955 TRACE 55751 --- [    Test worker] o.h.type.descriptor.sql.BasicBinder      : binding parameter [12] as [VARCHAR] - [kaynti]
2020-06-10 18:11:28.955 TRACE 55751 --- [    Test worker] o.h.type.descriptor.sql.BasicBinder      : binding parameter [13] as [VARCHAR] - [0000]
2020-06-10 18:11:28.955 TRACE 55751 --- [    Test worker] o.h.type.descriptor.sql.BasicBinder      : binding parameter [14] as [VARCHAR] - [Helsinki]
2020-06-10 18:11:28.955 TRACE 55751 --- [    Test worker] o.h.type.descriptor.sql.BasicBinder      : binding parameter [15] as [DATE] - [null]
2020-06-10 18:11:28.955  INFO 55751 --- [    Test worker] .s.o.r.i.OrganisaatioSuhdeRepositoryImpl : addChild(17, 18, null)
Hibernate: 
    insert 
    into
        organisaatiosuhde
        (id, version, alkupvm, child_id, loppupvm, opetuspisteenjarjnro, parent_id, suhdetyyppi) 
    values
        (null, ?, ?, ?, ?, ?, ?, ?)
2020-06-10 18:11:28.956 TRACE 55751 --- [    Test worker] o.h.type.descriptor.sql.BasicBinder      : binding parameter [1] as [BIGINT] - [0]
2020-06-10 18:11:28.956 TRACE 55751 --- [    Test worker] o.h.type.descriptor.sql.BasicBinder      : binding parameter [2] as [DATE] - [Wed Jun 10 18:11:28 EEST 2020]
2020-06-10 18:11:28.956 TRACE 55751 --- [    Test worker] o.h.type.descriptor.sql.BasicBinder      : binding parameter [3] as [BIGINT] - [18]
2020-06-10 18:11:28.956 TRACE 55751 --- [    Test worker] o.h.type.descriptor.sql.BasicBinder      : binding parameter [4] as [DATE] - [null]
2020-06-10 18:11:28.956 TRACE 55751 --- [    Test worker] o.h.type.descriptor.sql.BasicBinder      : binding parameter [5] as [VARCHAR] - [null]
2020-06-10 18:11:28.956 TRACE 55751 --- [    Test worker] o.h.type.descriptor.sql.BasicBinder      : binding parameter [6] as [BIGINT] - [17]
2020-06-10 18:11:28.956 TRACE 55751 --- [    Test worker] o.h.type.descriptor.sql.BasicBinder      : binding parameter [7] as [VARCHAR] - [HISTORIA]
2020-06-10 18:11:28.956  INFO 55751 --- [    Test worker] .s.o.r.i.OrganisaatioSuhdeRepositoryImpl :     Created new child relation:  --> pId=17, cId=18, aPvm=Wed Jun 10 18:11:28 EEST 2020, lPvm=null
2020-06-10 18:11:28.957  INFO 55751 --- [    Test worker] f.v.s.o.r.OrganisaatioRepositoryImplTest : YHTEYSTIEDOT: 1
2020-06-10 18:11:28.957  INFO 55751 --- [    Test worker] f.v.s.o.r.OrganisaatioRepositoryImplTest : PARENTS: 1
2020-06-10 18:11:28.957  INFO 55751 --- [    Test worker] f.v.s.o.r.OrganisaatioRepositoryImplTest : createOrganisaatio(C)
Hibernate: 
    insert 
    into
        monikielinen_teksti
        (id, version) 
    values
        (null, ?)
2020-06-10 18:11:28.958 TRACE 55751 --- [    Test worker] o.h.type.descriptor.sql.BasicBinder      : binding parameter [1] as [BIGINT] - [0]
Hibernate: 
    insert 
    into
        organisaatio
        (id, version, alkupvm, domainnimi, kotipaikka, kuvaus_mkt, lakkautuspvm, maa, metadata_id, nimi_mkt, nimihaku, oid, opetuspisteenjarjnro, oppilaitoskoodi, oppilaitos_tyyppi, organisaatio_poistettu, paivittaja, paivityspvm, parentidpath, parentoidpath, piilotettu, tarkastus_pvm, toimipistekoodi, tuontipvm, varhaiskasvatuksen_toimipaikka_tiedot_id, virastotunnus, yhteishaunkoulukoodi, yritysmuoto, ytj_kieli, ytjpaivityspvm, ytunnus) 
    values
        (null, ?, ?, ?, ?, ?, ?, ?, ?, ?, ?, ?, ?, ?, ?, ?, ?, ?, ?, ?, ?, ?, ?, ?, ?, ?, ?, ?, ?, ?, ?)
2020-06-10 18:11:28.958 TRACE 55751 --- [    Test worker] o.h.type.descriptor.sql.BasicBinder      : binding parameter [1] as [BIGINT] - [0]
2020-06-10 18:11:28.958 TRACE 55751 --- [    Test worker] o.h.type.descriptor.sql.BasicBinder      : binding parameter [2] as [DATE] - [null]
2020-06-10 18:11:28.958 TRACE 55751 --- [    Test worker] o.h.type.descriptor.sql.BasicBinder      : binding parameter [3] as [VARCHAR] - [null]
2020-06-10 18:11:28.958 TRACE 55751 --- [    Test worker] o.h.type.descriptor.sql.BasicBinder      : binding parameter [4] as [VARCHAR] - [null]
2020-06-10 18:11:28.958 TRACE 55751 --- [    Test worker] o.h.type.descriptor.sql.BasicBinder      : binding parameter [5] as [BIGINT] - [null]
2020-06-10 18:11:28.958 TRACE 55751 --- [    Test worker] o.h.type.descriptor.sql.BasicBinder      : binding parameter [6] as [DATE] - [null]
2020-06-10 18:11:28.958 TRACE 55751 --- [    Test worker] o.h.type.descriptor.sql.BasicBinder      : binding parameter [7] as [VARCHAR] - [null]
2020-06-10 18:11:28.959 TRACE 55751 --- [    Test worker] o.h.type.descriptor.sql.BasicBinder      : binding parameter [8] as [BIGINT] - [null]
2020-06-10 18:11:28.959 TRACE 55751 --- [    Test worker] o.h.type.descriptor.sql.BasicBinder      : binding parameter [9] as [BIGINT] - [10]
2020-06-10 18:11:28.959 TRACE 55751 --- [    Test worker] o.h.type.descriptor.sql.BasicBinder      : binding parameter [10] as [VARCHAR] - [null]
2020-06-10 18:11:28.959 TRACE 55751 --- [    Test worker] o.h.type.descriptor.sql.BasicBinder      : binding parameter [11] as [VARCHAR] - [-6688467811848818630]
2020-06-10 18:11:28.959 TRACE 55751 --- [    Test worker] o.h.type.descriptor.sql.BasicBinder      : binding parameter [12] as [VARCHAR] - [null]
2020-06-10 18:11:28.959 TRACE 55751 --- [    Test worker] o.h.type.descriptor.sql.BasicBinder      : binding parameter [13] as [VARCHAR] - [null]
2020-06-10 18:11:28.959 TRACE 55751 --- [    Test worker] o.h.type.descriptor.sql.BasicBinder      : binding parameter [14] as [VARCHAR] - [null]
2020-06-10 18:11:28.959 TRACE 55751 --- [    Test worker] o.h.type.descriptor.sql.BasicBinder      : binding parameter [15] as [BOOLEAN] - [false]
2020-06-10 18:11:28.959 TRACE 55751 --- [    Test worker] o.h.type.descriptor.sql.BasicBinder      : binding parameter [16] as [VARCHAR] - [null]
2020-06-10 18:11:28.959 TRACE 55751 --- [    Test worker] o.h.type.descriptor.sql.BasicBinder      : binding parameter [17] as [TIMESTAMP] - [null]
2020-06-10 18:11:28.959 TRACE 55751 --- [    Test worker] o.h.type.descriptor.sql.BasicBinder      : binding parameter [18] as [VARCHAR] - [null]
2020-06-10 18:11:28.959 TRACE 55751 --- [    Test worker] o.h.type.descriptor.sql.BasicBinder      : binding parameter [19] as [VARCHAR] - [null]
2020-06-10 18:11:28.959 TRACE 55751 --- [    Test worker] o.h.type.descriptor.sql.BasicBinder      : binding parameter [20] as [BOOLEAN] - [false]
2020-06-10 18:11:28.959 TRACE 55751 --- [    Test worker] o.h.type.descriptor.sql.BasicBinder      : binding parameter [21] as [TIMESTAMP] - [null]
2020-06-10 18:11:28.959 TRACE 55751 --- [    Test worker] o.h.type.descriptor.sql.BasicBinder      : binding parameter [22] as [VARCHAR] - [null]
2020-06-10 18:11:28.959 TRACE 55751 --- [    Test worker] o.h.type.descriptor.sql.BasicBinder      : binding parameter [23] as [TIMESTAMP] - [null]
2020-06-10 18:11:28.959 TRACE 55751 --- [    Test worker] o.h.type.descriptor.sql.BasicBinder      : binding parameter [24] as [BIGINT] - [null]
2020-06-10 18:11:28.959 TRACE 55751 --- [    Test worker] o.h.type.descriptor.sql.BasicBinder      : binding parameter [25] as [VARCHAR] - [null]
2020-06-10 18:11:28.959 TRACE 55751 --- [    Test worker] o.h.type.descriptor.sql.BasicBinder      : binding parameter [26] as [VARCHAR] - [null]
2020-06-10 18:11:28.959 TRACE 55751 --- [    Test worker] o.h.type.descriptor.sql.BasicBinder      : binding parameter [27] as [VARCHAR] - [null]
2020-06-10 18:11:28.959 TRACE 55751 --- [    Test worker] o.h.type.descriptor.sql.BasicBinder      : binding parameter [28] as [VARCHAR] - [null]
2020-06-10 18:11:28.959 TRACE 55751 --- [    Test worker] o.h.type.descriptor.sql.BasicBinder      : binding parameter [29] as [DATE] - [null]
2020-06-10 18:11:28.959 TRACE 55751 --- [    Test worker] o.h.type.descriptor.sql.BasicBinder      : binding parameter [30] as [VARCHAR] - [null]
Hibernate: 
    insert 
    into
        yhteystieto
        (id, version, kieli, organisaatio_id, yhteystieto_oid, coordinatetype, extrarivi, lat, lng, maa, osavaltio, osoite, osoite_tyyppi, postinumero, postitoimipaikka, ytjpaivityspvm, dtype) 
    values
        (null, ?, ?, ?, ?, ?, ?, ?, ?, ?, ?, ?, ?, ?, ?, ?, 'Osoite')
2020-06-10 18:11:28.960 TRACE 55751 --- [    Test worker] o.h.type.descriptor.sql.BasicBinder      : binding parameter [1] as [BIGINT] - [0]
2020-06-10 18:11:28.960 TRACE 55751 --- [    Test worker] o.h.type.descriptor.sql.BasicBinder      : binding parameter [2] as [VARCHAR] - [null]
2020-06-10 18:11:28.960 TRACE 55751 --- [    Test worker] o.h.type.descriptor.sql.BasicBinder      : binding parameter [3] as [BIGINT] - [null]
2020-06-10 18:11:28.960 TRACE 55751 --- [    Test worker] o.h.type.descriptor.sql.BasicBinder      : binding parameter [4] as [VARCHAR] - [2f34ca09-fe29-4d84-84d1-ed7718bf2b44]
2020-06-10 18:11:28.960 TRACE 55751 --- [    Test worker] o.h.type.descriptor.sql.BasicBinder      : binding parameter [5] as [VARCHAR] - [null]
2020-06-10 18:11:28.960 TRACE 55751 --- [    Test worker] o.h.type.descriptor.sql.BasicBinder      : binding parameter [6] as [VARCHAR] - [null]
2020-06-10 18:11:28.960 TRACE 55751 --- [    Test worker] o.h.type.descriptor.sql.BasicBinder      : binding parameter [7] as [DOUBLE] - [null]
2020-06-10 18:11:28.960 TRACE 55751 --- [    Test worker] o.h.type.descriptor.sql.BasicBinder      : binding parameter [8] as [DOUBLE] - [null]
2020-06-10 18:11:28.961 TRACE 55751 --- [    Test worker] o.h.type.descriptor.sql.BasicBinder      : binding parameter [9] as [VARCHAR] - [null]
2020-06-10 18:11:28.961 TRACE 55751 --- [    Test worker] o.h.type.descriptor.sql.BasicBinder      : binding parameter [10] as [VARCHAR] - [null]
2020-06-10 18:11:28.961 TRACE 55751 --- [    Test worker] o.h.type.descriptor.sql.BasicBinder      : binding parameter [11] as [VARCHAR] - [katu]
2020-06-10 18:11:28.961 TRACE 55751 --- [    Test worker] o.h.type.descriptor.sql.BasicBinder      : binding parameter [12] as [VARCHAR] - [kaynti]
2020-06-10 18:11:28.961 TRACE 55751 --- [    Test worker] o.h.type.descriptor.sql.BasicBinder      : binding parameter [13] as [VARCHAR] - [0000]
2020-06-10 18:11:28.961 TRACE 55751 --- [    Test worker] o.h.type.descriptor.sql.BasicBinder      : binding parameter [14] as [VARCHAR] - [Helsinki]
2020-06-10 18:11:28.961 TRACE 55751 --- [    Test worker] o.h.type.descriptor.sql.BasicBinder      : binding parameter [15] as [DATE] - [null]
2020-06-10 18:11:28.961  INFO 55751 --- [    Test worker] .s.o.r.i.OrganisaatioSuhdeRepositoryImpl : addChild(18, 19, null)
Hibernate: 
    insert 
    into
        organisaatiosuhde
        (id, version, alkupvm, child_id, loppupvm, opetuspisteenjarjnro, parent_id, suhdetyyppi) 
    values
        (null, ?, ?, ?, ?, ?, ?, ?)
2020-06-10 18:11:28.962 TRACE 55751 --- [    Test worker] o.h.type.descriptor.sql.BasicBinder      : binding parameter [1] as [BIGINT] - [0]
2020-06-10 18:11:28.962 TRACE 55751 --- [    Test worker] o.h.type.descriptor.sql.BasicBinder      : binding parameter [2] as [DATE] - [Wed Jun 10 18:11:28 EEST 2020]
2020-06-10 18:11:28.962 TRACE 55751 --- [    Test worker] o.h.type.descriptor.sql.BasicBinder      : binding parameter [3] as [BIGINT] - [19]
2020-06-10 18:11:28.962 TRACE 55751 --- [    Test worker] o.h.type.descriptor.sql.BasicBinder      : binding parameter [4] as [DATE] - [null]
2020-06-10 18:11:28.962 TRACE 55751 --- [    Test worker] o.h.type.descriptor.sql.BasicBinder      : binding parameter [5] as [VARCHAR] - [null]
2020-06-10 18:11:28.962 TRACE 55751 --- [    Test worker] o.h.type.descriptor.sql.BasicBinder      : binding parameter [6] as [BIGINT] - [18]
2020-06-10 18:11:28.962 TRACE 55751 --- [    Test worker] o.h.type.descriptor.sql.BasicBinder      : binding parameter [7] as [VARCHAR] - [HISTORIA]
2020-06-10 18:11:28.963  INFO 55751 --- [    Test worker] .s.o.r.i.OrganisaatioSuhdeRepositoryImpl :     Created new child relation:  --> pId=18, cId=19, aPvm=Wed Jun 10 18:11:28 EEST 2020, lPvm=null
2020-06-10 18:11:28.963  INFO 55751 --- [    Test worker] f.v.s.o.r.OrganisaatioRepositoryImplTest : YHTEYSTIEDOT: 1
2020-06-10 18:11:28.963  INFO 55751 --- [    Test worker] f.v.s.o.r.OrganisaatioRepositoryImplTest : PARENTS: 1
2020-06-10 18:11:28.963  INFO 55751 --- [    Test worker] f.v.s.o.r.OrganisaatioRepositoryImplTest : createOrganisaatio(D)
Hibernate: 
    insert 
    into
        monikielinen_teksti
        (id, version) 
    values
        (null, ?)
2020-06-10 18:11:28.963 TRACE 55751 --- [    Test worker] o.h.type.descriptor.sql.BasicBinder      : binding parameter [1] as [BIGINT] - [0]
Hibernate: 
    insert 
    into
        organisaatio
        (id, version, alkupvm, domainnimi, kotipaikka, kuvaus_mkt, lakkautuspvm, maa, metadata_id, nimi_mkt, nimihaku, oid, opetuspisteenjarjnro, oppilaitoskoodi, oppilaitos_tyyppi, organisaatio_poistettu, paivittaja, paivityspvm, parentidpath, parentoidpath, piilotettu, tarkastus_pvm, toimipistekoodi, tuontipvm, varhaiskasvatuksen_toimipaikka_tiedot_id, virastotunnus, yhteishaunkoulukoodi, yritysmuoto, ytj_kieli, ytjpaivityspvm, ytunnus) 
    values
        (null, ?, ?, ?, ?, ?, ?, ?, ?, ?, ?, ?, ?, ?, ?, ?, ?, ?, ?, ?, ?, ?, ?, ?, ?, ?, ?, ?, ?, ?, ?)
2020-06-10 18:11:28.964 TRACE 55751 --- [    Test worker] o.h.type.descriptor.sql.BasicBinder      : binding parameter [1] as [BIGINT] - [0]
2020-06-10 18:11:28.964 TRACE 55751 --- [    Test worker] o.h.type.descriptor.sql.BasicBinder      : binding parameter [2] as [DATE] - [null]
2020-06-10 18:11:28.964 TRACE 55751 --- [    Test worker] o.h.type.descriptor.sql.BasicBinder      : binding parameter [3] as [VARCHAR] - [null]
2020-06-10 18:11:28.964 TRACE 55751 --- [    Test worker] o.h.type.descriptor.sql.BasicBinder      : binding parameter [4] as [VARCHAR] - [null]
2020-06-10 18:11:28.964 TRACE 55751 --- [    Test worker] o.h.type.descriptor.sql.BasicBinder      : binding parameter [5] as [BIGINT] - [null]
2020-06-10 18:11:28.964 TRACE 55751 --- [    Test worker] o.h.type.descriptor.sql.BasicBinder      : binding parameter [6] as [DATE] - [null]
2020-06-10 18:11:28.964 TRACE 55751 --- [    Test worker] o.h.type.descriptor.sql.BasicBinder      : binding parameter [7] as [VARCHAR] - [null]
2020-06-10 18:11:28.964 TRACE 55751 --- [    Test worker] o.h.type.descriptor.sql.BasicBinder      : binding parameter [8] as [BIGINT] - [null]
2020-06-10 18:11:28.964 TRACE 55751 --- [    Test worker] o.h.type.descriptor.sql.BasicBinder      : binding parameter [9] as [BIGINT] - [11]
2020-06-10 18:11:28.964 TRACE 55751 --- [    Test worker] o.h.type.descriptor.sql.BasicBinder      : binding parameter [10] as [VARCHAR] - [null]
2020-06-10 18:11:28.964 TRACE 55751 --- [    Test worker] o.h.type.descriptor.sql.BasicBinder      : binding parameter [11] as [VARCHAR] - [-8292973307042192125]
2020-06-10 18:11:28.964 TRACE 55751 --- [    Test worker] o.h.type.descriptor.sql.BasicBinder      : binding parameter [12] as [VARCHAR] - [null]
2020-06-10 18:11:28.964 TRACE 55751 --- [    Test worker] o.h.type.descriptor.sql.BasicBinder      : binding parameter [13] as [VARCHAR] - [null]
2020-06-10 18:11:28.964 TRACE 55751 --- [    Test worker] o.h.type.descriptor.sql.BasicBinder      : binding parameter [14] as [VARCHAR] - [null]
2020-06-10 18:11:28.964 TRACE 55751 --- [    Test worker] o.h.type.descriptor.sql.BasicBinder      : binding parameter [15] as [BOOLEAN] - [false]
2020-06-10 18:11:28.965 TRACE 55751 --- [    Test worker] o.h.type.descriptor.sql.BasicBinder      : binding parameter [16] as [VARCHAR] - [null]
2020-06-10 18:11:28.965 TRACE 55751 --- [    Test worker] o.h.type.descriptor.sql.BasicBinder      : binding parameter [17] as [TIMESTAMP] - [null]
2020-06-10 18:11:28.965 TRACE 55751 --- [    Test worker] o.h.type.descriptor.sql.BasicBinder      : binding parameter [18] as [VARCHAR] - [null]
2020-06-10 18:11:28.965 TRACE 55751 --- [    Test worker] o.h.type.descriptor.sql.BasicBinder      : binding parameter [19] as [VARCHAR] - [null]
2020-06-10 18:11:28.965 TRACE 55751 --- [    Test worker] o.h.type.descriptor.sql.BasicBinder      : binding parameter [20] as [BOOLEAN] - [false]
2020-06-10 18:11:28.965 TRACE 55751 --- [    Test worker] o.h.type.descriptor.sql.BasicBinder      : binding parameter [21] as [TIMESTAMP] - [null]
2020-06-10 18:11:28.965 TRACE 55751 --- [    Test worker] o.h.type.descriptor.sql.BasicBinder      : binding parameter [22] as [VARCHAR] - [null]
2020-06-10 18:11:28.965 TRACE 55751 --- [    Test worker] o.h.type.descriptor.sql.BasicBinder      : binding parameter [23] as [TIMESTAMP] - [null]
2020-06-10 18:11:28.965 TRACE 55751 --- [    Test worker] o.h.type.descriptor.sql.BasicBinder      : binding parameter [24] as [BIGINT] - [null]
2020-06-10 18:11:28.965 TRACE 55751 --- [    Test worker] o.h.type.descriptor.sql.BasicBinder      : binding parameter [25] as [VARCHAR] - [null]
2020-06-10 18:11:28.965 TRACE 55751 --- [    Test worker] o.h.type.descriptor.sql.BasicBinder      : binding parameter [26] as [VARCHAR] - [null]
2020-06-10 18:11:28.965 TRACE 55751 --- [    Test worker] o.h.type.descriptor.sql.BasicBinder      : binding parameter [27] as [VARCHAR] - [null]
2020-06-10 18:11:28.965 TRACE 55751 --- [    Test worker] o.h.type.descriptor.sql.BasicBinder      : binding parameter [28] as [VARCHAR] - [null]
2020-06-10 18:11:28.965 TRACE 55751 --- [    Test worker] o.h.type.descriptor.sql.BasicBinder      : binding parameter [29] as [DATE] - [null]
2020-06-10 18:11:28.965 TRACE 55751 --- [    Test worker] o.h.type.descriptor.sql.BasicBinder      : binding parameter [30] as [VARCHAR] - [null]
Hibernate: 
    insert 
    into
        yhteystieto
        (id, version, kieli, organisaatio_id, yhteystieto_oid, coordinatetype, extrarivi, lat, lng, maa, osavaltio, osoite, osoite_tyyppi, postinumero, postitoimipaikka, ytjpaivityspvm, dtype) 
    values
        (null, ?, ?, ?, ?, ?, ?, ?, ?, ?, ?, ?, ?, ?, ?, ?, 'Osoite')
2020-06-10 18:11:28.966 TRACE 55751 --- [    Test worker] o.h.type.descriptor.sql.BasicBinder      : binding parameter [1] as [BIGINT] - [0]
2020-06-10 18:11:28.966 TRACE 55751 --- [    Test worker] o.h.type.descriptor.sql.BasicBinder      : binding parameter [2] as [VARCHAR] - [null]
2020-06-10 18:11:28.966 TRACE 55751 --- [    Test worker] o.h.type.descriptor.sql.BasicBinder      : binding parameter [3] as [BIGINT] - [null]
2020-06-10 18:11:28.966 TRACE 55751 --- [    Test worker] o.h.type.descriptor.sql.BasicBinder      : binding parameter [4] as [VARCHAR] - [f917299d-8948-4407-932e-b44b7f1cf90e]
2020-06-10 18:11:28.966 TRACE 55751 --- [    Test worker] o.h.type.descriptor.sql.BasicBinder      : binding parameter [5] as [VARCHAR] - [null]
2020-06-10 18:11:28.966 TRACE 55751 --- [    Test worker] o.h.type.descriptor.sql.BasicBinder      : binding parameter [6] as [VARCHAR] - [null]
2020-06-10 18:11:28.966 TRACE 55751 --- [    Test worker] o.h.type.descriptor.sql.BasicBinder      : binding parameter [7] as [DOUBLE] - [null]
2020-06-10 18:11:28.966 TRACE 55751 --- [    Test worker] o.h.type.descriptor.sql.BasicBinder      : binding parameter [8] as [DOUBLE] - [null]
2020-06-10 18:11:28.966 TRACE 55751 --- [    Test worker] o.h.type.descriptor.sql.BasicBinder      : binding parameter [9] as [VARCHAR] - [null]
2020-06-10 18:11:28.966 TRACE 55751 --- [    Test worker] o.h.type.descriptor.sql.BasicBinder      : binding parameter [10] as [VARCHAR] - [null]
2020-06-10 18:11:28.966 TRACE 55751 --- [    Test worker] o.h.type.descriptor.sql.BasicBinder      : binding parameter [11] as [VARCHAR] - [katu]
2020-06-10 18:11:28.966 TRACE 55751 --- [    Test worker] o.h.type.descriptor.sql.BasicBinder      : binding parameter [12] as [VARCHAR] - [kaynti]
2020-06-10 18:11:28.966 TRACE 55751 --- [    Test worker] o.h.type.descriptor.sql.BasicBinder      : binding parameter [13] as [VARCHAR] - [0000]
2020-06-10 18:11:28.966 TRACE 55751 --- [    Test worker] o.h.type.descriptor.sql.BasicBinder      : binding parameter [14] as [VARCHAR] - [Helsinki]
2020-06-10 18:11:28.966 TRACE 55751 --- [    Test worker] o.h.type.descriptor.sql.BasicBinder      : binding parameter [15] as [DATE] - [null]
2020-06-10 18:11:28.967  INFO 55751 --- [    Test worker] .s.o.r.i.OrganisaatioSuhdeRepositoryImpl : addChild(19, 20, null)
Hibernate: 
    insert 
    into
        organisaatiosuhde
        (id, version, alkupvm, child_id, loppupvm, opetuspisteenjarjnro, parent_id, suhdetyyppi) 
    values
        (null, ?, ?, ?, ?, ?, ?, ?)
2020-06-10 18:11:28.968 TRACE 55751 --- [    Test worker] o.h.type.descriptor.sql.BasicBinder      : binding parameter [1] as [BIGINT] - [0]
2020-06-10 18:11:28.968 TRACE 55751 --- [    Test worker] o.h.type.descriptor.sql.BasicBinder      : binding parameter [2] as [DATE] - [Wed Jun 10 18:11:28 EEST 2020]
2020-06-10 18:11:28.968 TRACE 55751 --- [    Test worker] o.h.type.descriptor.sql.BasicBinder      : binding parameter [3] as [BIGINT] - [20]
2020-06-10 18:11:28.968 TRACE 55751 --- [    Test worker] o.h.type.descriptor.sql.BasicBinder      : binding parameter [4] as [DATE] - [null]
2020-06-10 18:11:28.968 TRACE 55751 --- [    Test worker] o.h.type.descriptor.sql.BasicBinder      : binding parameter [5] as [VARCHAR] - [null]
2020-06-10 18:11:28.968 TRACE 55751 --- [    Test worker] o.h.type.descriptor.sql.BasicBinder      : binding parameter [6] as [BIGINT] - [19]
2020-06-10 18:11:28.968 TRACE 55751 --- [    Test worker] o.h.type.descriptor.sql.BasicBinder      : binding parameter [7] as [VARCHAR] - [HISTORIA]
2020-06-10 18:11:28.968  INFO 55751 --- [    Test worker] .s.o.r.i.OrganisaatioSuhdeRepositoryImpl :     Created new child relation:  --> pId=19, cId=20, aPvm=Wed Jun 10 18:11:28 EEST 2020, lPvm=null
2020-06-10 18:11:28.968  INFO 55751 --- [    Test worker] f.v.s.o.r.OrganisaatioRepositoryImplTest : YHTEYSTIEDOT: 1
2020-06-10 18:11:28.968  INFO 55751 --- [    Test worker] f.v.s.o.r.OrganisaatioRepositoryImplTest : PARENTS: 1
2020-06-10 18:11:28.968  INFO 55751 --- [    Test worker] f.v.s.o.r.OrganisaatioRepositoryImplTest : createOrganisaatio(E)
Hibernate: 
    insert 
    into
        monikielinen_teksti
        (id, version) 
    values
        (null, ?)
2020-06-10 18:11:28.969 TRACE 55751 --- [    Test worker] o.h.type.descriptor.sql.BasicBinder      : binding parameter [1] as [BIGINT] - [0]
Hibernate: 
    insert 
    into
        organisaatio
        (id, version, alkupvm, domainnimi, kotipaikka, kuvaus_mkt, lakkautuspvm, maa, metadata_id, nimi_mkt, nimihaku, oid, opetuspisteenjarjnro, oppilaitoskoodi, oppilaitos_tyyppi, organisaatio_poistettu, paivittaja, paivityspvm, parentidpath, parentoidpath, piilotettu, tarkastus_pvm, toimipistekoodi, tuontipvm, varhaiskasvatuksen_toimipaikka_tiedot_id, virastotunnus, yhteishaunkoulukoodi, yritysmuoto, ytj_kieli, ytjpaivityspvm, ytunnus) 
    values
        (null, ?, ?, ?, ?, ?, ?, ?, ?, ?, ?, ?, ?, ?, ?, ?, ?, ?, ?, ?, ?, ?, ?, ?, ?, ?, ?, ?, ?, ?, ?)
2020-06-10 18:11:28.969 TRACE 55751 --- [    Test worker] o.h.type.descriptor.sql.BasicBinder      : binding parameter [1] as [BIGINT] - [0]
2020-06-10 18:11:28.969 TRACE 55751 --- [    Test worker] o.h.type.descriptor.sql.BasicBinder      : binding parameter [2] as [DATE] - [null]
2020-06-10 18:11:28.969 TRACE 55751 --- [    Test worker] o.h.type.descriptor.sql.BasicBinder      : binding parameter [3] as [VARCHAR] - [null]
2020-06-10 18:11:28.969 TRACE 55751 --- [    Test worker] o.h.type.descriptor.sql.BasicBinder      : binding parameter [4] as [VARCHAR] - [null]
2020-06-10 18:11:28.969 TRACE 55751 --- [    Test worker] o.h.type.descriptor.sql.BasicBinder      : binding parameter [5] as [BIGINT] - [null]
2020-06-10 18:11:28.969 TRACE 55751 --- [    Test worker] o.h.type.descriptor.sql.BasicBinder      : binding parameter [6] as [DATE] - [null]
2020-06-10 18:11:28.969 TRACE 55751 --- [    Test worker] o.h.type.descriptor.sql.BasicBinder      : binding parameter [7] as [VARCHAR] - [null]
2020-06-10 18:11:28.969 TRACE 55751 --- [    Test worker] o.h.type.descriptor.sql.BasicBinder      : binding parameter [8] as [BIGINT] - [null]
2020-06-10 18:11:28.969 TRACE 55751 --- [    Test worker] o.h.type.descriptor.sql.BasicBinder      : binding parameter [9] as [BIGINT] - [12]
2020-06-10 18:11:28.969 TRACE 55751 --- [    Test worker] o.h.type.descriptor.sql.BasicBinder      : binding parameter [10] as [VARCHAR] - [null]
2020-06-10 18:11:28.969 TRACE 55751 --- [    Test worker] o.h.type.descriptor.sql.BasicBinder      : binding parameter [11] as [VARCHAR] - [-7423979211207825555]
2020-06-10 18:11:28.970 TRACE 55751 --- [    Test worker] o.h.type.descriptor.sql.BasicBinder      : binding parameter [12] as [VARCHAR] - [null]
2020-06-10 18:11:28.970 TRACE 55751 --- [    Test worker] o.h.type.descriptor.sql.BasicBinder      : binding parameter [13] as [VARCHAR] - [null]
2020-06-10 18:11:28.970 TRACE 55751 --- [    Test worker] o.h.type.descriptor.sql.BasicBinder      : binding parameter [14] as [VARCHAR] - [null]
2020-06-10 18:11:28.970 TRACE 55751 --- [    Test worker] o.h.type.descriptor.sql.BasicBinder      : binding parameter [15] as [BOOLEAN] - [false]
2020-06-10 18:11:28.970 TRACE 55751 --- [    Test worker] o.h.type.descriptor.sql.BasicBinder      : binding parameter [16] as [VARCHAR] - [null]
2020-06-10 18:11:28.970 TRACE 55751 --- [    Test worker] o.h.type.descriptor.sql.BasicBinder      : binding parameter [17] as [TIMESTAMP] - [null]
2020-06-10 18:11:28.970 TRACE 55751 --- [    Test worker] o.h.type.descriptor.sql.BasicBinder      : binding parameter [18] as [VARCHAR] - [null]
2020-06-10 18:11:28.970 TRACE 55751 --- [    Test worker] o.h.type.descriptor.sql.BasicBinder      : binding parameter [19] as [VARCHAR] - [null]
2020-06-10 18:11:28.970 TRACE 55751 --- [    Test worker] o.h.type.descriptor.sql.BasicBinder      : binding parameter [20] as [BOOLEAN] - [false]
2020-06-10 18:11:28.970 TRACE 55751 --- [    Test worker] o.h.type.descriptor.sql.BasicBinder      : binding parameter [21] as [TIMESTAMP] - [null]
2020-06-10 18:11:28.970 TRACE 55751 --- [    Test worker] o.h.type.descriptor.sql.BasicBinder      : binding parameter [22] as [VARCHAR] - [null]
2020-06-10 18:11:28.970 TRACE 55751 --- [    Test worker] o.h.type.descriptor.sql.BasicBinder      : binding parameter [23] as [TIMESTAMP] - [null]
2020-06-10 18:11:28.970 TRACE 55751 --- [    Test worker] o.h.type.descriptor.sql.BasicBinder      : binding parameter [24] as [BIGINT] - [null]
2020-06-10 18:11:28.970 TRACE 55751 --- [    Test worker] o.h.type.descriptor.sql.BasicBinder      : binding parameter [25] as [VARCHAR] - [null]
2020-06-10 18:11:28.970 TRACE 55751 --- [    Test worker] o.h.type.descriptor.sql.BasicBinder      : binding parameter [26] as [VARCHAR] - [null]
2020-06-10 18:11:28.970 TRACE 55751 --- [    Test worker] o.h.type.descriptor.sql.BasicBinder      : binding parameter [27] as [VARCHAR] - [null]
2020-06-10 18:11:28.970 TRACE 55751 --- [    Test worker] o.h.type.descriptor.sql.BasicBinder      : binding parameter [28] as [VARCHAR] - [null]
2020-06-10 18:11:28.970 TRACE 55751 --- [    Test worker] o.h.type.descriptor.sql.BasicBinder      : binding parameter [29] as [DATE] - [null]
2020-06-10 18:11:28.970 TRACE 55751 --- [    Test worker] o.h.type.descriptor.sql.BasicBinder      : binding parameter [30] as [VARCHAR] - [null]
Hibernate: 
    insert 
    into
        yhteystieto
        (id, version, kieli, organisaatio_id, yhteystieto_oid, coordinatetype, extrarivi, lat, lng, maa, osavaltio, osoite, osoite_tyyppi, postinumero, postitoimipaikka, ytjpaivityspvm, dtype) 
    values
        (null, ?, ?, ?, ?, ?, ?, ?, ?, ?, ?, ?, ?, ?, ?, ?, 'Osoite')
2020-06-10 18:11:28.971 TRACE 55751 --- [    Test worker] o.h.type.descriptor.sql.BasicBinder      : binding parameter [1] as [BIGINT] - [0]
2020-06-10 18:11:28.971 TRACE 55751 --- [    Test worker] o.h.type.descriptor.sql.BasicBinder      : binding parameter [2] as [VARCHAR] - [null]
2020-06-10 18:11:28.971 TRACE 55751 --- [    Test worker] o.h.type.descriptor.sql.BasicBinder      : binding parameter [3] as [BIGINT] - [null]
2020-06-10 18:11:28.971 TRACE 55751 --- [    Test worker] o.h.type.descriptor.sql.BasicBinder      : binding parameter [4] as [VARCHAR] - [0ece00e6-4940-410c-b8c5-bec77ebc9ab2]
2020-06-10 18:11:28.971 TRACE 55751 --- [    Test worker] o.h.type.descriptor.sql.BasicBinder      : binding parameter [5] as [VARCHAR] - [null]
2020-06-10 18:11:28.971 TRACE 55751 --- [    Test worker] o.h.type.descriptor.sql.BasicBinder      : binding parameter [6] as [VARCHAR] - [null]
2020-06-10 18:11:28.971 TRACE 55751 --- [    Test worker] o.h.type.descriptor.sql.BasicBinder      : binding parameter [7] as [DOUBLE] - [null]
2020-06-10 18:11:28.971 TRACE 55751 --- [    Test worker] o.h.type.descriptor.sql.BasicBinder      : binding parameter [8] as [DOUBLE] - [null]
2020-06-10 18:11:28.971 TRACE 55751 --- [    Test worker] o.h.type.descriptor.sql.BasicBinder      : binding parameter [9] as [VARCHAR] - [null]
2020-06-10 18:11:28.971 TRACE 55751 --- [    Test worker] o.h.type.descriptor.sql.BasicBinder      : binding parameter [10] as [VARCHAR] - [null]
2020-06-10 18:11:28.971 TRACE 55751 --- [    Test worker] o.h.type.descriptor.sql.BasicBinder      : binding parameter [11] as [VARCHAR] - [katu]
2020-06-10 18:11:28.971 TRACE 55751 --- [    Test worker] o.h.type.descriptor.sql.BasicBinder      : binding parameter [12] as [VARCHAR] - [kaynti]
2020-06-10 18:11:28.971 TRACE 55751 --- [    Test worker] o.h.type.descriptor.sql.BasicBinder      : binding parameter [13] as [VARCHAR] - [0000]
2020-06-10 18:11:28.971 TRACE 55751 --- [    Test worker] o.h.type.descriptor.sql.BasicBinder      : binding parameter [14] as [VARCHAR] - [Helsinki]
2020-06-10 18:11:28.971 TRACE 55751 --- [    Test worker] o.h.type.descriptor.sql.BasicBinder      : binding parameter [15] as [DATE] - [null]
2020-06-10 18:11:28.972  INFO 55751 --- [    Test worker] .s.o.r.i.OrganisaatioSuhdeRepositoryImpl : addChild(20, 21, null)
Hibernate: 
    insert 
    into
        organisaatiosuhde
        (id, version, alkupvm, child_id, loppupvm, opetuspisteenjarjnro, parent_id, suhdetyyppi) 
    values
        (null, ?, ?, ?, ?, ?, ?, ?)
2020-06-10 18:11:28.972 TRACE 55751 --- [    Test worker] o.h.type.descriptor.sql.BasicBinder      : binding parameter [1] as [BIGINT] - [0]
2020-06-10 18:11:28.972 TRACE 55751 --- [    Test worker] o.h.type.descriptor.sql.BasicBinder      : binding parameter [2] as [DATE] - [Wed Jun 10 18:11:28 EEST 2020]
2020-06-10 18:11:28.973 TRACE 55751 --- [    Test worker] o.h.type.descriptor.sql.BasicBinder      : binding parameter [3] as [BIGINT] - [21]
2020-06-10 18:11:28.973 TRACE 55751 --- [    Test worker] o.h.type.descriptor.sql.BasicBinder      : binding parameter [4] as [DATE] - [null]
2020-06-10 18:11:28.973 TRACE 55751 --- [    Test worker] o.h.type.descriptor.sql.BasicBinder      : binding parameter [5] as [VARCHAR] - [null]
2020-06-10 18:11:28.973 TRACE 55751 --- [    Test worker] o.h.type.descriptor.sql.BasicBinder      : binding parameter [6] as [BIGINT] - [20]
2020-06-10 18:11:28.973 TRACE 55751 --- [    Test worker] o.h.type.descriptor.sql.BasicBinder      : binding parameter [7] as [VARCHAR] - [HISTORIA]
2020-06-10 18:11:28.973  INFO 55751 --- [    Test worker] .s.o.r.i.OrganisaatioSuhdeRepositoryImpl :     Created new child relation:  --> pId=20, cId=21, aPvm=Wed Jun 10 18:11:28 EEST 2020, lPvm=null
2020-06-10 18:11:28.973  INFO 55751 --- [    Test worker] f.v.s.o.r.OrganisaatioRepositoryImplTest : YHTEYSTIEDOT: 1
2020-06-10 18:11:28.973  INFO 55751 --- [    Test worker] f.v.s.o.r.OrganisaatioRepositoryImplTest : PARENTS: 1
Hibernate: 
    update
        organisaatio 
    set
        version=?,
        alkupvm=?,
        domainnimi=?,
        kotipaikka=?,
        kuvaus_mkt=?,
        lakkautuspvm=?,
        maa=?,
        metadata_id=?,
        nimi_mkt=?,
        nimihaku=?,
        oid=?,
        opetuspisteenjarjnro=?,
        oppilaitoskoodi=?,
        oppilaitos_tyyppi=?,
        organisaatio_poistettu=?,
        paivittaja=?,
        paivityspvm=?,
        parentidpath=?,
        parentoidpath=?,
        piilotettu=?,
        tarkastus_pvm=?,
        toimipistekoodi=?,
        tuontipvm=?,
        varhaiskasvatuksen_toimipaikka_tiedot_id=?,
        virastotunnus=?,
        yhteishaunkoulukoodi=?,
        yritysmuoto=?,
        ytj_kieli=?,
        ytjpaivityspvm=?,
        ytunnus=? 
    where
        id=? 
        and version=?
2020-06-10 18:11:28.980 TRACE 55751 --- [    Test worker] o.h.type.descriptor.sql.BasicBinder      : binding parameter [1] as [BIGINT] - [1]
2020-06-10 18:11:28.981 TRACE 55751 --- [    Test worker] o.h.type.descriptor.sql.BasicBinder      : binding parameter [2] as [DATE] - [null]
2020-06-10 18:11:28.981 TRACE 55751 --- [    Test worker] o.h.type.descriptor.sql.BasicBinder      : binding parameter [3] as [VARCHAR] - [null]
2020-06-10 18:11:28.981 TRACE 55751 --- [    Test worker] o.h.type.descriptor.sql.BasicBinder      : binding parameter [4] as [VARCHAR] - [null]
2020-06-10 18:11:28.981 TRACE 55751 --- [    Test worker] o.h.type.descriptor.sql.BasicBinder      : binding parameter [5] as [BIGINT] - [null]
2020-06-10 18:11:28.981 TRACE 55751 --- [    Test worker] o.h.type.descriptor.sql.BasicBinder      : binding parameter [6] as [DATE] - [null]
2020-06-10 18:11:28.981 TRACE 55751 --- [    Test worker] o.h.type.descriptor.sql.BasicBinder      : binding parameter [7] as [VARCHAR] - [null]
2020-06-10 18:11:28.981 TRACE 55751 --- [    Test worker] o.h.type.descriptor.sql.BasicBinder      : binding parameter [8] as [BIGINT] - [null]
2020-06-10 18:11:28.981 TRACE 55751 --- [    Test worker] o.h.type.descriptor.sql.BasicBinder      : binding parameter [9] as [BIGINT] - [9]
2020-06-10 18:11:28.981 TRACE 55751 --- [    Test worker] o.h.type.descriptor.sql.BasicBinder      : binding parameter [10] as [VARCHAR] - [null]
2020-06-10 18:11:28.981 TRACE 55751 --- [    Test worker] o.h.type.descriptor.sql.BasicBinder      : binding parameter [11] as [VARCHAR] - [4437113781045784766]
2020-06-10 18:11:28.981 TRACE 55751 --- [    Test worker] o.h.type.descriptor.sql.BasicBinder      : binding parameter [12] as [VARCHAR] - [null]
2020-06-10 18:11:28.981 TRACE 55751 --- [    Test worker] o.h.type.descriptor.sql.BasicBinder      : binding parameter [13] as [VARCHAR] - [null]
2020-06-10 18:11:28.981 TRACE 55751 --- [    Test worker] o.h.type.descriptor.sql.BasicBinder      : binding parameter [14] as [VARCHAR] - [null]
2020-06-10 18:11:28.981 TRACE 55751 --- [    Test worker] o.h.type.descriptor.sql.BasicBinder      : binding parameter [15] as [BOOLEAN] - [false]
2020-06-10 18:11:28.981 TRACE 55751 --- [    Test worker] o.h.type.descriptor.sql.BasicBinder      : binding parameter [16] as [VARCHAR] - [null]
2020-06-10 18:11:28.981 TRACE 55751 --- [    Test worker] o.h.type.descriptor.sql.BasicBinder      : binding parameter [17] as [TIMESTAMP] - [null]
2020-06-10 18:11:28.981 TRACE 55751 --- [    Test worker] o.h.type.descriptor.sql.BasicBinder      : binding parameter [18] as [VARCHAR] - [|17|]
2020-06-10 18:11:28.981 TRACE 55751 --- [    Test worker] o.h.type.descriptor.sql.BasicBinder      : binding parameter [19] as [VARCHAR] - [|-4962768465676381896|]
2020-06-10 18:11:28.981 TRACE 55751 --- [    Test worker] o.h.type.descriptor.sql.BasicBinder      : binding parameter [20] as [BOOLEAN] - [false]
2020-06-10 18:11:28.981 TRACE 55751 --- [    Test worker] o.h.type.descriptor.sql.BasicBinder      : binding parameter [21] as [TIMESTAMP] - [null]
2020-06-10 18:11:28.981 TRACE 55751 --- [    Test worker] o.h.type.descriptor.sql.BasicBinder      : binding parameter [22] as [VARCHAR] - [null]
2020-06-10 18:11:28.981 TRACE 55751 --- [    Test worker] o.h.type.descriptor.sql.BasicBinder      : binding parameter [23] as [TIMESTAMP] - [null]
2020-06-10 18:11:28.981 TRACE 55751 --- [    Test worker] o.h.type.descriptor.sql.BasicBinder      : binding parameter [24] as [BIGINT] - [null]
2020-06-10 18:11:28.981 TRACE 55751 --- [    Test worker] o.h.type.descriptor.sql.BasicBinder      : binding parameter [25] as [VARCHAR] - [null]
2020-06-10 18:11:28.981 TRACE 55751 --- [    Test worker] o.h.type.descriptor.sql.BasicBinder      : binding parameter [26] as [VARCHAR] - [null]
2020-06-10 18:11:28.981 TRACE 55751 --- [    Test worker] o.h.type.descriptor.sql.BasicBinder      : binding parameter [27] as [VARCHAR] - [null]
2020-06-10 18:11:28.981 TRACE 55751 --- [    Test worker] o.h.type.descriptor.sql.BasicBinder      : binding parameter [28] as [VARCHAR] - [null]
2020-06-10 18:11:28.981 TRACE 55751 --- [    Test worker] o.h.type.descriptor.sql.BasicBinder      : binding parameter [29] as [DATE] - [null]
2020-06-10 18:11:28.981 TRACE 55751 --- [    Test worker] o.h.type.descriptor.sql.BasicBinder      : binding parameter [30] as [VARCHAR] - [null]
2020-06-10 18:11:28.981 TRACE 55751 --- [    Test worker] o.h.type.descriptor.sql.BasicBinder      : binding parameter [31] as [BIGINT] - [18]
2020-06-10 18:11:28.981 TRACE 55751 --- [    Test worker] o.h.type.descriptor.sql.BasicBinder      : binding parameter [32] as [BIGINT] - [0]
Hibernate: 
    update
        organisaatio 
    set
        version=?,
        alkupvm=?,
        domainnimi=?,
        kotipaikka=?,
        kuvaus_mkt=?,
        lakkautuspvm=?,
        maa=?,
        metadata_id=?,
        nimi_mkt=?,
        nimihaku=?,
        oid=?,
        opetuspisteenjarjnro=?,
        oppilaitoskoodi=?,
        oppilaitos_tyyppi=?,
        organisaatio_poistettu=?,
        paivittaja=?,
        paivityspvm=?,
        parentidpath=?,
        parentoidpath=?,
        piilotettu=?,
        tarkastus_pvm=?,
        toimipistekoodi=?,
        tuontipvm=?,
        varhaiskasvatuksen_toimipaikka_tiedot_id=?,
        virastotunnus=?,
        yhteishaunkoulukoodi=?,
        yritysmuoto=?,
        ytj_kieli=?,
        ytjpaivityspvm=?,
        ytunnus=? 
    where
        id=? 
        and version=?
2020-06-10 18:11:28.982 TRACE 55751 --- [    Test worker] o.h.type.descriptor.sql.BasicBinder      : binding parameter [1] as [BIGINT] - [1]
2020-06-10 18:11:28.982 TRACE 55751 --- [    Test worker] o.h.type.descriptor.sql.BasicBinder      : binding parameter [2] as [DATE] - [null]
2020-06-10 18:11:28.982 TRACE 55751 --- [    Test worker] o.h.type.descriptor.sql.BasicBinder      : binding parameter [3] as [VARCHAR] - [null]
2020-06-10 18:11:28.982 TRACE 55751 --- [    Test worker] o.h.type.descriptor.sql.BasicBinder      : binding parameter [4] as [VARCHAR] - [null]
2020-06-10 18:11:28.982 TRACE 55751 --- [    Test worker] o.h.type.descriptor.sql.BasicBinder      : binding parameter [5] as [BIGINT] - [null]
2020-06-10 18:11:28.982 TRACE 55751 --- [    Test worker] o.h.type.descriptor.sql.BasicBinder      : binding parameter [6] as [DATE] - [null]
2020-06-10 18:11:28.982 TRACE 55751 --- [    Test worker] o.h.type.descriptor.sql.BasicBinder      : binding parameter [7] as [VARCHAR] - [null]
2020-06-10 18:11:28.982 TRACE 55751 --- [    Test worker] o.h.type.descriptor.sql.BasicBinder      : binding parameter [8] as [BIGINT] - [null]
2020-06-10 18:11:28.982 TRACE 55751 --- [    Test worker] o.h.type.descriptor.sql.BasicBinder      : binding parameter [9] as [BIGINT] - [10]
2020-06-10 18:11:28.982 TRACE 55751 --- [    Test worker] o.h.type.descriptor.sql.BasicBinder      : binding parameter [10] as [VARCHAR] - [null]
2020-06-10 18:11:28.982 TRACE 55751 --- [    Test worker] o.h.type.descriptor.sql.BasicBinder      : binding parameter [11] as [VARCHAR] - [-6688467811848818630]
2020-06-10 18:11:28.982 TRACE 55751 --- [    Test worker] o.h.type.descriptor.sql.BasicBinder      : binding parameter [12] as [VARCHAR] - [null]
2020-06-10 18:11:28.983 TRACE 55751 --- [    Test worker] o.h.type.descriptor.sql.BasicBinder      : binding parameter [13] as [VARCHAR] - [null]
2020-06-10 18:11:28.983 TRACE 55751 --- [    Test worker] o.h.type.descriptor.sql.BasicBinder      : binding parameter [14] as [VARCHAR] - [null]
2020-06-10 18:11:28.983 TRACE 55751 --- [    Test worker] o.h.type.descriptor.sql.BasicBinder      : binding parameter [15] as [BOOLEAN] - [false]
2020-06-10 18:11:28.983 TRACE 55751 --- [    Test worker] o.h.type.descriptor.sql.BasicBinder      : binding parameter [16] as [VARCHAR] - [null]
2020-06-10 18:11:28.983 TRACE 55751 --- [    Test worker] o.h.type.descriptor.sql.BasicBinder      : binding parameter [17] as [TIMESTAMP] - [null]
2020-06-10 18:11:28.983 TRACE 55751 --- [    Test worker] o.h.type.descriptor.sql.BasicBinder      : binding parameter [18] as [VARCHAR] - [|17|18|]
2020-06-10 18:11:28.983 TRACE 55751 --- [    Test worker] o.h.type.descriptor.sql.BasicBinder      : binding parameter [19] as [VARCHAR] - [|-4962768465676381896|4437113781045784766|]
2020-06-10 18:11:28.983 TRACE 55751 --- [    Test worker] o.h.type.descriptor.sql.BasicBinder      : binding parameter [20] as [BOOLEAN] - [false]
2020-06-10 18:11:28.983 TRACE 55751 --- [    Test worker] o.h.type.descriptor.sql.BasicBinder      : binding parameter [21] as [TIMESTAMP] - [null]
2020-06-10 18:11:28.983 TRACE 55751 --- [    Test worker] o.h.type.descriptor.sql.BasicBinder      : binding parameter [22] as [VARCHAR] - [null]
2020-06-10 18:11:28.983 TRACE 55751 --- [    Test worker] o.h.type.descriptor.sql.BasicBinder      : binding parameter [23] as [TIMESTAMP] - [null]
2020-06-10 18:11:28.983 TRACE 55751 --- [    Test worker] o.h.type.descriptor.sql.BasicBinder      : binding parameter [24] as [BIGINT] - [null]
2020-06-10 18:11:28.983 TRACE 55751 --- [    Test worker] o.h.type.descriptor.sql.BasicBinder      : binding parameter [25] as [VARCHAR] - [null]
2020-06-10 18:11:28.983 TRACE 55751 --- [    Test worker] o.h.type.descriptor.sql.BasicBinder      : binding parameter [26] as [VARCHAR] - [null]
2020-06-10 18:11:28.983 TRACE 55751 --- [    Test worker] o.h.type.descriptor.sql.BasicBinder      : binding parameter [27] as [VARCHAR] - [null]
2020-06-10 18:11:28.983 TRACE 55751 --- [    Test worker] o.h.type.descriptor.sql.BasicBinder      : binding parameter [28] as [VARCHAR] - [null]
2020-06-10 18:11:28.983 TRACE 55751 --- [    Test worker] o.h.type.descriptor.sql.BasicBinder      : binding parameter [29] as [DATE] - [null]
2020-06-10 18:11:28.983 TRACE 55751 --- [    Test worker] o.h.type.descriptor.sql.BasicBinder      : binding parameter [30] as [VARCHAR] - [null]
2020-06-10 18:11:28.983 TRACE 55751 --- [    Test worker] o.h.type.descriptor.sql.BasicBinder      : binding parameter [31] as [BIGINT] - [19]
2020-06-10 18:11:28.983 TRACE 55751 --- [    Test worker] o.h.type.descriptor.sql.BasicBinder      : binding parameter [32] as [BIGINT] - [0]
Hibernate: 
    update
        organisaatio 
    set
        version=?,
        alkupvm=?,
        domainnimi=?,
        kotipaikka=?,
        kuvaus_mkt=?,
        lakkautuspvm=?,
        maa=?,
        metadata_id=?,
        nimi_mkt=?,
        nimihaku=?,
        oid=?,
        opetuspisteenjarjnro=?,
        oppilaitoskoodi=?,
        oppilaitos_tyyppi=?,
        organisaatio_poistettu=?,
        paivittaja=?,
        paivityspvm=?,
        parentidpath=?,
        parentoidpath=?,
        piilotettu=?,
        tarkastus_pvm=?,
        toimipistekoodi=?,
        tuontipvm=?,
        varhaiskasvatuksen_toimipaikka_tiedot_id=?,
        virastotunnus=?,
        yhteishaunkoulukoodi=?,
        yritysmuoto=?,
        ytj_kieli=?,
        ytjpaivityspvm=?,
        ytunnus=? 
    where
        id=? 
        and version=?
2020-06-10 18:11:28.984 TRACE 55751 --- [    Test worker] o.h.type.descriptor.sql.BasicBinder      : binding parameter [1] as [BIGINT] - [1]
2020-06-10 18:11:28.984 TRACE 55751 --- [    Test worker] o.h.type.descriptor.sql.BasicBinder      : binding parameter [2] as [DATE] - [null]
2020-06-10 18:11:28.984 TRACE 55751 --- [    Test worker] o.h.type.descriptor.sql.BasicBinder      : binding parameter [3] as [VARCHAR] - [null]
2020-06-10 18:11:28.984 TRACE 55751 --- [    Test worker] o.h.type.descriptor.sql.BasicBinder      : binding parameter [4] as [VARCHAR] - [null]
2020-06-10 18:11:28.984 TRACE 55751 --- [    Test worker] o.h.type.descriptor.sql.BasicBinder      : binding parameter [5] as [BIGINT] - [null]
2020-06-10 18:11:28.984 TRACE 55751 --- [    Test worker] o.h.type.descriptor.sql.BasicBinder      : binding parameter [6] as [DATE] - [null]
2020-06-10 18:11:28.984 TRACE 55751 --- [    Test worker] o.h.type.descriptor.sql.BasicBinder      : binding parameter [7] as [VARCHAR] - [null]
2020-06-10 18:11:28.984 TRACE 55751 --- [    Test worker] o.h.type.descriptor.sql.BasicBinder      : binding parameter [8] as [BIGINT] - [null]
2020-06-10 18:11:28.984 TRACE 55751 --- [    Test worker] o.h.type.descriptor.sql.BasicBinder      : binding parameter [9] as [BIGINT] - [11]
2020-06-10 18:11:28.984 TRACE 55751 --- [    Test worker] o.h.type.descriptor.sql.BasicBinder      : binding parameter [10] as [VARCHAR] - [null]
2020-06-10 18:11:28.984 TRACE 55751 --- [    Test worker] o.h.type.descriptor.sql.BasicBinder      : binding parameter [11] as [VARCHAR] - [-8292973307042192125]
2020-06-10 18:11:28.985 TRACE 55751 --- [    Test worker] o.h.type.descriptor.sql.BasicBinder      : binding parameter [12] as [VARCHAR] - [null]
2020-06-10 18:11:28.985 TRACE 55751 --- [    Test worker] o.h.type.descriptor.sql.BasicBinder      : binding parameter [13] as [VARCHAR] - [null]
2020-06-10 18:11:28.985 TRACE 55751 --- [    Test worker] o.h.type.descriptor.sql.BasicBinder      : binding parameter [14] as [VARCHAR] - [null]
2020-06-10 18:11:28.985 TRACE 55751 --- [    Test worker] o.h.type.descriptor.sql.BasicBinder      : binding parameter [15] as [BOOLEAN] - [false]
2020-06-10 18:11:28.985 TRACE 55751 --- [    Test worker] o.h.type.descriptor.sql.BasicBinder      : binding parameter [16] as [VARCHAR] - [null]
2020-06-10 18:11:28.985 TRACE 55751 --- [    Test worker] o.h.type.descriptor.sql.BasicBinder      : binding parameter [17] as [TIMESTAMP] - [null]
2020-06-10 18:11:28.985 TRACE 55751 --- [    Test worker] o.h.type.descriptor.sql.BasicBinder      : binding parameter [18] as [VARCHAR] - [|17|18|19|]
2020-06-10 18:11:28.985 TRACE 55751 --- [    Test worker] o.h.type.descriptor.sql.BasicBinder      : binding parameter [19] as [VARCHAR] - [|-4962768465676381896|4437113781045784766|-6688467811848818630|]
2020-06-10 18:11:28.985 TRACE 55751 --- [    Test worker] o.h.type.descriptor.sql.BasicBinder      : binding parameter [20] as [BOOLEAN] - [false]
2020-06-10 18:11:28.985 TRACE 55751 --- [    Test worker] o.h.type.descriptor.sql.BasicBinder      : binding parameter [21] as [TIMESTAMP] - [null]
2020-06-10 18:11:28.985 TRACE 55751 --- [    Test worker] o.h.type.descriptor.sql.BasicBinder      : binding parameter [22] as [VARCHAR] - [null]
2020-06-10 18:11:28.985 TRACE 55751 --- [    Test worker] o.h.type.descriptor.sql.BasicBinder      : binding parameter [23] as [TIMESTAMP] - [null]
2020-06-10 18:11:28.985 TRACE 55751 --- [    Test worker] o.h.type.descriptor.sql.BasicBinder      : binding parameter [24] as [BIGINT] - [null]
2020-06-10 18:11:28.985 TRACE 55751 --- [    Test worker] o.h.type.descriptor.sql.BasicBinder      : binding parameter [25] as [VARCHAR] - [null]
2020-06-10 18:11:28.985 TRACE 55751 --- [    Test worker] o.h.type.descriptor.sql.BasicBinder      : binding parameter [26] as [VARCHAR] - [null]
2020-06-10 18:11:28.985 TRACE 55751 --- [    Test worker] o.h.type.descriptor.sql.BasicBinder      : binding parameter [27] as [VARCHAR] - [null]
2020-06-10 18:11:28.985 TRACE 55751 --- [    Test worker] o.h.type.descriptor.sql.BasicBinder      : binding parameter [28] as [VARCHAR] - [null]
2020-06-10 18:11:28.985 TRACE 55751 --- [    Test worker] o.h.type.descriptor.sql.BasicBinder      : binding parameter [29] as [DATE] - [null]
2020-06-10 18:11:28.985 TRACE 55751 --- [    Test worker] o.h.type.descriptor.sql.BasicBinder      : binding parameter [30] as [VARCHAR] - [null]
2020-06-10 18:11:28.985 TRACE 55751 --- [    Test worker] o.h.type.descriptor.sql.BasicBinder      : binding parameter [31] as [BIGINT] - [20]
2020-06-10 18:11:28.985 TRACE 55751 --- [    Test worker] o.h.type.descriptor.sql.BasicBinder      : binding parameter [32] as [BIGINT] - [0]
Hibernate: 
    update
        organisaatio 
    set
        version=?,
        alkupvm=?,
        domainnimi=?,
        kotipaikka=?,
        kuvaus_mkt=?,
        lakkautuspvm=?,
        maa=?,
        metadata_id=?,
        nimi_mkt=?,
        nimihaku=?,
        oid=?,
        opetuspisteenjarjnro=?,
        oppilaitoskoodi=?,
        oppilaitos_tyyppi=?,
        organisaatio_poistettu=?,
        paivittaja=?,
        paivityspvm=?,
        parentidpath=?,
        parentoidpath=?,
        piilotettu=?,
        tarkastus_pvm=?,
        toimipistekoodi=?,
        tuontipvm=?,
        varhaiskasvatuksen_toimipaikka_tiedot_id=?,
        virastotunnus=?,
        yhteishaunkoulukoodi=?,
        yritysmuoto=?,
        ytj_kieli=?,
        ytjpaivityspvm=?,
        ytunnus=? 
    where
        id=? 
        and version=?
2020-06-10 18:11:28.986 TRACE 55751 --- [    Test worker] o.h.type.descriptor.sql.BasicBinder      : binding parameter [1] as [BIGINT] - [1]
2020-06-10 18:11:28.986 TRACE 55751 --- [    Test worker] o.h.type.descriptor.sql.BasicBinder      : binding parameter [2] as [DATE] - [null]
2020-06-10 18:11:28.986 TRACE 55751 --- [    Test worker] o.h.type.descriptor.sql.BasicBinder      : binding parameter [3] as [VARCHAR] - [null]
2020-06-10 18:11:28.986 TRACE 55751 --- [    Test worker] o.h.type.descriptor.sql.BasicBinder      : binding parameter [4] as [VARCHAR] - [null]
2020-06-10 18:11:28.986 TRACE 55751 --- [    Test worker] o.h.type.descriptor.sql.BasicBinder      : binding parameter [5] as [BIGINT] - [null]
2020-06-10 18:11:28.986 TRACE 55751 --- [    Test worker] o.h.type.descriptor.sql.BasicBinder      : binding parameter [6] as [DATE] - [null]
2020-06-10 18:11:28.986 TRACE 55751 --- [    Test worker] o.h.type.descriptor.sql.BasicBinder      : binding parameter [7] as [VARCHAR] - [null]
2020-06-10 18:11:28.986 TRACE 55751 --- [    Test worker] o.h.type.descriptor.sql.BasicBinder      : binding parameter [8] as [BIGINT] - [null]
2020-06-10 18:11:28.986 TRACE 55751 --- [    Test worker] o.h.type.descriptor.sql.BasicBinder      : binding parameter [9] as [BIGINT] - [12]
2020-06-10 18:11:28.986 TRACE 55751 --- [    Test worker] o.h.type.descriptor.sql.BasicBinder      : binding parameter [10] as [VARCHAR] - [null]
2020-06-10 18:11:28.987 TRACE 55751 --- [    Test worker] o.h.type.descriptor.sql.BasicBinder      : binding parameter [11] as [VARCHAR] - [-7423979211207825555]
2020-06-10 18:11:28.987 TRACE 55751 --- [    Test worker] o.h.type.descriptor.sql.BasicBinder      : binding parameter [12] as [VARCHAR] - [null]
2020-06-10 18:11:28.987 TRACE 55751 --- [    Test worker] o.h.type.descriptor.sql.BasicBinder      : binding parameter [13] as [VARCHAR] - [null]
2020-06-10 18:11:28.987 TRACE 55751 --- [    Test worker] o.h.type.descriptor.sql.BasicBinder      : binding parameter [14] as [VARCHAR] - [null]
2020-06-10 18:11:28.987 TRACE 55751 --- [    Test worker] o.h.type.descriptor.sql.BasicBinder      : binding parameter [15] as [BOOLEAN] - [false]
2020-06-10 18:11:28.987 TRACE 55751 --- [    Test worker] o.h.type.descriptor.sql.BasicBinder      : binding parameter [16] as [VARCHAR] - [null]
2020-06-10 18:11:28.987 TRACE 55751 --- [    Test worker] o.h.type.descriptor.sql.BasicBinder      : binding parameter [17] as [TIMESTAMP] - [null]
2020-06-10 18:11:28.987 TRACE 55751 --- [    Test worker] o.h.type.descriptor.sql.BasicBinder      : binding parameter [18] as [VARCHAR] - [|17|18|19|20|]
2020-06-10 18:11:28.987 TRACE 55751 --- [    Test worker] o.h.type.descriptor.sql.BasicBinder      : binding parameter [19] as [VARCHAR] - [|-4962768465676381896|4437113781045784766|-6688467811848818630|-8292973307042192125|]
2020-06-10 18:11:28.987 TRACE 55751 --- [    Test worker] o.h.type.descriptor.sql.BasicBinder      : binding parameter [20] as [BOOLEAN] - [false]
2020-06-10 18:11:28.987 TRACE 55751 --- [    Test worker] o.h.type.descriptor.sql.BasicBinder      : binding parameter [21] as [TIMESTAMP] - [null]
2020-06-10 18:11:28.987 TRACE 55751 --- [    Test worker] o.h.type.descriptor.sql.BasicBinder      : binding parameter [22] as [VARCHAR] - [null]
2020-06-10 18:11:28.987 TRACE 55751 --- [    Test worker] o.h.type.descriptor.sql.BasicBinder      : binding parameter [23] as [TIMESTAMP] - [null]
2020-06-10 18:11:28.987 TRACE 55751 --- [    Test worker] o.h.type.descriptor.sql.BasicBinder      : binding parameter [24] as [BIGINT] - [null]
2020-06-10 18:11:28.987 TRACE 55751 --- [    Test worker] o.h.type.descriptor.sql.BasicBinder      : binding parameter [25] as [VARCHAR] - [null]
2020-06-10 18:11:28.987 TRACE 55751 --- [    Test worker] o.h.type.descriptor.sql.BasicBinder      : binding parameter [26] as [VARCHAR] - [null]
2020-06-10 18:11:28.987 TRACE 55751 --- [    Test worker] o.h.type.descriptor.sql.BasicBinder      : binding parameter [27] as [VARCHAR] - [null]
2020-06-10 18:11:28.987 TRACE 55751 --- [    Test worker] o.h.type.descriptor.sql.BasicBinder      : binding parameter [28] as [VARCHAR] - [null]
2020-06-10 18:11:28.987 TRACE 55751 --- [    Test worker] o.h.type.descriptor.sql.BasicBinder      : binding parameter [29] as [DATE] - [null]
2020-06-10 18:11:28.987 TRACE 55751 --- [    Test worker] o.h.type.descriptor.sql.BasicBinder      : binding parameter [30] as [VARCHAR] - [null]
2020-06-10 18:11:28.987 TRACE 55751 --- [    Test worker] o.h.type.descriptor.sql.BasicBinder      : binding parameter [31] as [BIGINT] - [21]
2020-06-10 18:11:28.987 TRACE 55751 --- [    Test worker] o.h.type.descriptor.sql.BasicBinder      : binding parameter [32] as [BIGINT] - [0]
Hibernate: 
    insert 
    into
        monikielinen_teksti_values
        (id, key, value) 
    values
        (?, ?, ?)
2020-06-10 18:11:28.988 TRACE 55751 --- [    Test worker] o.h.type.descriptor.sql.BasicBinder      : binding parameter [1] as [BIGINT] - [8]
2020-06-10 18:11:28.988 TRACE 55751 --- [    Test worker] o.h.type.descriptor.sql.BasicBinder      : binding parameter [2] as [VARCHAR] - [FI]
2020-06-10 18:11:28.988 TRACE 55751 --- [    Test worker] o.h.type.descriptor.sql.BasicBinder      : binding parameter [3] as [VARCHAR] - [A]
Hibernate: 
    insert 
    into
        monikielinen_teksti_values
        (id, key, value) 
    values
        (?, ?, ?)
2020-06-10 18:11:28.988 TRACE 55751 --- [    Test worker] o.h.type.descriptor.sql.BasicBinder      : binding parameter [1] as [BIGINT] - [9]
2020-06-10 18:11:28.988 TRACE 55751 --- [    Test worker] o.h.type.descriptor.sql.BasicBinder      : binding parameter [2] as [VARCHAR] - [FI]
2020-06-10 18:11:28.988 TRACE 55751 --- [    Test worker] o.h.type.descriptor.sql.BasicBinder      : binding parameter [3] as [VARCHAR] - [B]
Hibernate: 
    insert 
    into
        monikielinen_teksti_values
        (id, key, value) 
    values
        (?, ?, ?)
2020-06-10 18:11:28.988 TRACE 55751 --- [    Test worker] o.h.type.descriptor.sql.BasicBinder      : binding parameter [1] as [BIGINT] - [10]
2020-06-10 18:11:28.988 TRACE 55751 --- [    Test worker] o.h.type.descriptor.sql.BasicBinder      : binding parameter [2] as [VARCHAR] - [FI]
2020-06-10 18:11:28.988 TRACE 55751 --- [    Test worker] o.h.type.descriptor.sql.BasicBinder      : binding parameter [3] as [VARCHAR] - [C]
Hibernate: 
    insert 
    into
        monikielinen_teksti_values
        (id, key, value) 
    values
        (?, ?, ?)
2020-06-10 18:11:28.989 TRACE 55751 --- [    Test worker] o.h.type.descriptor.sql.BasicBinder      : binding parameter [1] as [BIGINT] - [11]
2020-06-10 18:11:28.989 TRACE 55751 --- [    Test worker] o.h.type.descriptor.sql.BasicBinder      : binding parameter [2] as [VARCHAR] - [FI]
2020-06-10 18:11:28.989 TRACE 55751 --- [    Test worker] o.h.type.descriptor.sql.BasicBinder      : binding parameter [3] as [VARCHAR] - [D]
Hibernate: 
    insert 
    into
        monikielinen_teksti_values
        (id, key, value) 
    values
        (?, ?, ?)
2020-06-10 18:11:28.989 TRACE 55751 --- [    Test worker] o.h.type.descriptor.sql.BasicBinder      : binding parameter [1] as [BIGINT] - [12]
2020-06-10 18:11:28.989 TRACE 55751 --- [    Test worker] o.h.type.descriptor.sql.BasicBinder      : binding parameter [2] as [VARCHAR] - [FI]
2020-06-10 18:11:28.989 TRACE 55751 --- [    Test worker] o.h.type.descriptor.sql.BasicBinder      : binding parameter [3] as [VARCHAR] - [E]
Hibernate: 
    select
        organisaat0_.id as id1_5_,
        organisaat0_.version as version2_5_,
        organisaat0_.alkupvm as alkupvm3_5_,
        organisaat0_.domainnimi as domainni4_5_,
        organisaat0_.kotipaikka as kotipaik5_5_,
        organisaat0_.kuvaus_mkt as kuvaus_28_5_,
        organisaat0_.lakkautuspvm as lakkautu6_5_,
        organisaat0_.maa as maa7_5_,
        organisaat0_.metadata_id as metadat29_5_,
        organisaat0_.nimi_mkt as nimi_mk30_5_,
        organisaat0_.nimihaku as nimihaku8_5_,
        organisaat0_.oid as oid9_5_,
        organisaat0_.opetuspisteenjarjnro as opetusp10_5_,
        organisaat0_.oppilaitoskoodi as oppilai11_5_,
        organisaat0_.oppilaitos_tyyppi as oppilai12_5_,
        organisaat0_.organisaatio_poistettu as organis13_5_,
        organisaat0_.paivittaja as paivitt14_5_,
        organisaat0_.paivityspvm as paivity15_5_,
        organisaat0_.parentidpath as parenti16_5_,
        organisaat0_.parentoidpath as parento17_5_,
        organisaat0_.piilotettu as piilote18_5_,
        organisaat0_.tarkastus_pvm as tarkast19_5_,
        organisaat0_.toimipistekoodi as toimipi20_5_,
        organisaat0_.tuontipvm as tuontip21_5_,
        organisaat0_.varhaiskasvatuksen_toimipaikka_tiedot_id as varhais31_5_,
        organisaat0_.virastotunnus as virasto22_5_,
        organisaat0_.yhteishaunkoulukoodi as yhteish23_5_,
        organisaat0_.yritysmuoto as yritysm24_5_,
        organisaat0_.ytj_kieli as ytj_kie25_5_,
        organisaat0_.ytjpaivityspvm as ytjpaiv26_5_,
        organisaat0_.ytunnus as ytunnus27_5_ 
    from
        organisaatio organisaat0_ 
    where
        organisaat0_.oid=?
2020-06-10 18:11:28.990 TRACE 55751 --- [    Test worker] o.h.type.descriptor.sql.BasicBinder      : binding parameter [1] as [VARCHAR] - [-7423979211207825555]
2020-06-10 18:11:28.990 TRACE 55751 --- [    Test worker] o.h.type.descriptor.sql.BasicExtractor   : extracted value ([id1_5_] : [BIGINT]) - [21]
2020-06-10 18:11:28.991  INFO 55751 --- [    Test worker] .s.o.r.i.OrganisaatioSuhdeRepositoryImpl : findParentTo(21, Wed Jun 10 18:11:28 EEST 2020)
Hibernate: 
    select
        organisaat0_.id as id1_19_0_,
        organisaat1_.id as id1_5_1_,
        organisaat0_.version as version2_19_0_,
        organisaat0_.alkupvm as alkupvm3_19_0_,
        organisaat0_.child_id as child_id7_19_0_,
        organisaat0_.loppupvm as loppupvm4_19_0_,
        organisaat0_.opetuspisteenjarjnro as opetuspi5_19_0_,
        organisaat0_.parent_id as parent_i8_19_0_,
        organisaat0_.suhdetyyppi as suhdetyy6_19_0_,
        organisaat1_.version as version2_5_1_,
        organisaat1_.alkupvm as alkupvm3_5_1_,
        organisaat1_.domainnimi as domainni4_5_1_,
        organisaat1_.kotipaikka as kotipaik5_5_1_,
        organisaat1_.kuvaus_mkt as kuvaus_28_5_1_,
        organisaat1_.lakkautuspvm as lakkautu6_5_1_,
        organisaat1_.maa as maa7_5_1_,
        organisaat1_.metadata_id as metadat29_5_1_,
        organisaat1_.nimi_mkt as nimi_mk30_5_1_,
        organisaat1_.nimihaku as nimihaku8_5_1_,
        organisaat1_.oid as oid9_5_1_,
        organisaat1_.opetuspisteenjarjnro as opetusp10_5_1_,
        organisaat1_.oppilaitoskoodi as oppilai11_5_1_,
        organisaat1_.oppilaitos_tyyppi as oppilai12_5_1_,
        organisaat1_.organisaatio_poistettu as organis13_5_1_,
        organisaat1_.paivittaja as paivitt14_5_1_,
        organisaat1_.paivityspvm as paivity15_5_1_,
        organisaat1_.parentidpath as parenti16_5_1_,
        organisaat1_.parentoidpath as parento17_5_1_,
        organisaat1_.piilotettu as piilote18_5_1_,
        organisaat1_.tarkastus_pvm as tarkast19_5_1_,
        organisaat1_.toimipistekoodi as toimipi20_5_1_,
        organisaat1_.tuontipvm as tuontip21_5_1_,
        organisaat1_.varhaiskasvatuksen_toimipaikka_tiedot_id as varhais31_5_1_,
        organisaat1_.virastotunnus as virasto22_5_1_,
        organisaat1_.yhteishaunkoulukoodi as yhteish23_5_1_,
        organisaat1_.yritysmuoto as yritysm24_5_1_,
        organisaat1_.ytj_kieli as ytj_kie25_5_1_,
        organisaat1_.ytjpaivityspvm as ytjpaiv26_5_1_,
        organisaat1_.ytunnus as ytunnus27_5_1_ 
    from
        organisaatiosuhde organisaat0_ 
    inner join
        organisaatio organisaat1_ 
            on organisaat0_.parent_id=organisaat1_.id 
    where
        organisaat0_.child_id=? 
        and organisaat0_.suhdetyyppi=? 
        and (
            organisaat0_.alkupvm=? 
            or organisaat0_.alkupvm<?
        ) 
        and (
            organisaat0_.loppupvm is null 
            or organisaat0_.loppupvm>?
        ) 
        and organisaat1_.organisaatio_poistettu=? 
    order by
        organisaat0_.alkupvm desc
2020-06-10 18:11:28.993 TRACE 55751 --- [    Test worker] o.h.type.descriptor.sql.BasicBinder      : binding parameter [1] as [BIGINT] - [21]
2020-06-10 18:11:28.993 TRACE 55751 --- [    Test worker] o.h.type.descriptor.sql.BasicBinder      : binding parameter [2] as [VARCHAR] - [HISTORIA]
2020-06-10 18:11:28.993 TRACE 55751 --- [    Test worker] o.h.type.descriptor.sql.BasicBinder      : binding parameter [3] as [DATE] - [Wed Jun 10 18:11:28 EEST 2020]
2020-06-10 18:11:28.993 TRACE 55751 --- [    Test worker] o.h.type.descriptor.sql.BasicBinder      : binding parameter [4] as [DATE] - [Wed Jun 10 18:11:28 EEST 2020]
2020-06-10 18:11:28.993 TRACE 55751 --- [    Test worker] o.h.type.descriptor.sql.BasicBinder      : binding parameter [5] as [DATE] - [Wed Jun 10 18:11:28 EEST 2020]
2020-06-10 18:11:28.993 TRACE 55751 --- [    Test worker] o.h.type.descriptor.sql.BasicBinder      : binding parameter [6] as [BOOLEAN] - [false]
2020-06-10 18:11:28.994 TRACE 55751 --- [    Test worker] o.h.type.descriptor.sql.BasicExtractor   : extracted value ([id1_19_0_] : [BIGINT]) - [15]
2020-06-10 18:11:28.994 TRACE 55751 --- [    Test worker] o.h.type.descriptor.sql.BasicExtractor   : extracted value ([id1_5_1_] : [BIGINT]) - [20]
2020-06-10 18:11:28.994  INFO 55751 --- [    Test worker] .s.o.r.i.OrganisaatioSuhdeRepositoryImpl : findParentTo(20, Wed Jun 10 18:11:28 EEST 2020)
Hibernate: 
    select
        organisaat0_.id as id1_19_0_,
        organisaat1_.id as id1_5_1_,
        organisaat0_.version as version2_19_0_,
        organisaat0_.alkupvm as alkupvm3_19_0_,
        organisaat0_.child_id as child_id7_19_0_,
        organisaat0_.loppupvm as loppupvm4_19_0_,
        organisaat0_.opetuspisteenjarjnro as opetuspi5_19_0_,
        organisaat0_.parent_id as parent_i8_19_0_,
        organisaat0_.suhdetyyppi as suhdetyy6_19_0_,
        organisaat1_.version as version2_5_1_,
        organisaat1_.alkupvm as alkupvm3_5_1_,
        organisaat1_.domainnimi as domainni4_5_1_,
        organisaat1_.kotipaikka as kotipaik5_5_1_,
        organisaat1_.kuvaus_mkt as kuvaus_28_5_1_,
        organisaat1_.lakkautuspvm as lakkautu6_5_1_,
        organisaat1_.maa as maa7_5_1_,
        organisaat1_.metadata_id as metadat29_5_1_,
        organisaat1_.nimi_mkt as nimi_mk30_5_1_,
        organisaat1_.nimihaku as nimihaku8_5_1_,
        organisaat1_.oid as oid9_5_1_,
        organisaat1_.opetuspisteenjarjnro as opetusp10_5_1_,
        organisaat1_.oppilaitoskoodi as oppilai11_5_1_,
        organisaat1_.oppilaitos_tyyppi as oppilai12_5_1_,
        organisaat1_.organisaatio_poistettu as organis13_5_1_,
        organisaat1_.paivittaja as paivitt14_5_1_,
        organisaat1_.paivityspvm as paivity15_5_1_,
        organisaat1_.parentidpath as parenti16_5_1_,
        organisaat1_.parentoidpath as parento17_5_1_,
        organisaat1_.piilotettu as piilote18_5_1_,
        organisaat1_.tarkastus_pvm as tarkast19_5_1_,
        organisaat1_.toimipistekoodi as toimipi20_5_1_,
        organisaat1_.tuontipvm as tuontip21_5_1_,
        organisaat1_.varhaiskasvatuksen_toimipaikka_tiedot_id as varhais31_5_1_,
        organisaat1_.virastotunnus as virasto22_5_1_,
        organisaat1_.yhteishaunkoulukoodi as yhteish23_5_1_,
        organisaat1_.yritysmuoto as yritysm24_5_1_,
        organisaat1_.ytj_kieli as ytj_kie25_5_1_,
        organisaat1_.ytjpaivityspvm as ytjpaiv26_5_1_,
        organisaat1_.ytunnus as ytunnus27_5_1_ 
    from
        organisaatiosuhde organisaat0_ 
    inner join
        organisaatio organisaat1_ 
            on organisaat0_.parent_id=organisaat1_.id 
    where
        organisaat0_.child_id=? 
        and organisaat0_.suhdetyyppi=? 
        and (
            organisaat0_.alkupvm=? 
            or organisaat0_.alkupvm<?
        ) 
        and (
            organisaat0_.loppupvm is null 
            or organisaat0_.loppupvm>?
        ) 
        and organisaat1_.organisaatio_poistettu=? 
    order by
        organisaat0_.alkupvm desc
2020-06-10 18:11:28.995 TRACE 55751 --- [    Test worker] o.h.type.descriptor.sql.BasicBinder      : binding parameter [1] as [BIGINT] - [20]
2020-06-10 18:11:28.995 TRACE 55751 --- [    Test worker] o.h.type.descriptor.sql.BasicBinder      : binding parameter [2] as [VARCHAR] - [HISTORIA]
2020-06-10 18:11:28.995 TRACE 55751 --- [    Test worker] o.h.type.descriptor.sql.BasicBinder      : binding parameter [3] as [DATE] - [Wed Jun 10 18:11:28 EEST 2020]
2020-06-10 18:11:28.995 TRACE 55751 --- [    Test worker] o.h.type.descriptor.sql.BasicBinder      : binding parameter [4] as [DATE] - [Wed Jun 10 18:11:28 EEST 2020]
2020-06-10 18:11:28.995 TRACE 55751 --- [    Test worker] o.h.type.descriptor.sql.BasicBinder      : binding parameter [5] as [DATE] - [Wed Jun 10 18:11:28 EEST 2020]
2020-06-10 18:11:28.995 TRACE 55751 --- [    Test worker] o.h.type.descriptor.sql.BasicBinder      : binding parameter [6] as [BOOLEAN] - [false]
2020-06-10 18:11:28.996 TRACE 55751 --- [    Test worker] o.h.type.descriptor.sql.BasicExtractor   : extracted value ([id1_19_0_] : [BIGINT]) - [14]
2020-06-10 18:11:28.996 TRACE 55751 --- [    Test worker] o.h.type.descriptor.sql.BasicExtractor   : extracted value ([id1_5_1_] : [BIGINT]) - [19]
2020-06-10 18:11:28.996  INFO 55751 --- [    Test worker] .s.o.r.i.OrganisaatioSuhdeRepositoryImpl : findParentTo(19, Wed Jun 10 18:11:28 EEST 2020)
Hibernate: 
    select
        organisaat0_.id as id1_19_0_,
        organisaat1_.id as id1_5_1_,
        organisaat0_.version as version2_19_0_,
        organisaat0_.alkupvm as alkupvm3_19_0_,
        organisaat0_.child_id as child_id7_19_0_,
        organisaat0_.loppupvm as loppupvm4_19_0_,
        organisaat0_.opetuspisteenjarjnro as opetuspi5_19_0_,
        organisaat0_.parent_id as parent_i8_19_0_,
        organisaat0_.suhdetyyppi as suhdetyy6_19_0_,
        organisaat1_.version as version2_5_1_,
        organisaat1_.alkupvm as alkupvm3_5_1_,
        organisaat1_.domainnimi as domainni4_5_1_,
        organisaat1_.kotipaikka as kotipaik5_5_1_,
        organisaat1_.kuvaus_mkt as kuvaus_28_5_1_,
        organisaat1_.lakkautuspvm as lakkautu6_5_1_,
        organisaat1_.maa as maa7_5_1_,
        organisaat1_.metadata_id as metadat29_5_1_,
        organisaat1_.nimi_mkt as nimi_mk30_5_1_,
        organisaat1_.nimihaku as nimihaku8_5_1_,
        organisaat1_.oid as oid9_5_1_,
        organisaat1_.opetuspisteenjarjnro as opetusp10_5_1_,
        organisaat1_.oppilaitoskoodi as oppilai11_5_1_,
        organisaat1_.oppilaitos_tyyppi as oppilai12_5_1_,
        organisaat1_.organisaatio_poistettu as organis13_5_1_,
        organisaat1_.paivittaja as paivitt14_5_1_,
        organisaat1_.paivityspvm as paivity15_5_1_,
        organisaat1_.parentidpath as parenti16_5_1_,
        organisaat1_.parentoidpath as parento17_5_1_,
        organisaat1_.piilotettu as piilote18_5_1_,
        organisaat1_.tarkastus_pvm as tarkast19_5_1_,
        organisaat1_.toimipistekoodi as toimipi20_5_1_,
        organisaat1_.tuontipvm as tuontip21_5_1_,
        organisaat1_.varhaiskasvatuksen_toimipaikka_tiedot_id as varhais31_5_1_,
        organisaat1_.virastotunnus as virasto22_5_1_,
        organisaat1_.yhteishaunkoulukoodi as yhteish23_5_1_,
        organisaat1_.yritysmuoto as yritysm24_5_1_,
        organisaat1_.ytj_kieli as ytj_kie25_5_1_,
        organisaat1_.ytjpaivityspvm as ytjpaiv26_5_1_,
        organisaat1_.ytunnus as ytunnus27_5_1_ 
    from
        organisaatiosuhde organisaat0_ 
    inner join
        organisaatio organisaat1_ 
            on organisaat0_.parent_id=organisaat1_.id 
    where
        organisaat0_.child_id=? 
        and organisaat0_.suhdetyyppi=? 
        and (
            organisaat0_.alkupvm=? 
            or organisaat0_.alkupvm<?
        ) 
        and (
            organisaat0_.loppupvm is null 
            or organisaat0_.loppupvm>?
        ) 
        and organisaat1_.organisaatio_poistettu=? 
    order by
        organisaat0_.alkupvm desc
2020-06-10 18:11:28.997 TRACE 55751 --- [    Test worker] o.h.type.descriptor.sql.BasicBinder      : binding parameter [1] as [BIGINT] - [19]
2020-06-10 18:11:28.997 TRACE 55751 --- [    Test worker] o.h.type.descriptor.sql.BasicBinder      : binding parameter [2] as [VARCHAR] - [HISTORIA]
2020-06-10 18:11:28.997 TRACE 55751 --- [    Test worker] o.h.type.descriptor.sql.BasicBinder      : binding parameter [3] as [DATE] - [Wed Jun 10 18:11:28 EEST 2020]
2020-06-10 18:11:28.997 TRACE 55751 --- [    Test worker] o.h.type.descriptor.sql.BasicBinder      : binding parameter [4] as [DATE] - [Wed Jun 10 18:11:28 EEST 2020]
2020-06-10 18:11:28.997 TRACE 55751 --- [    Test worker] o.h.type.descriptor.sql.BasicBinder      : binding parameter [5] as [DATE] - [Wed Jun 10 18:11:28 EEST 2020]
2020-06-10 18:11:28.997 TRACE 55751 --- [    Test worker] o.h.type.descriptor.sql.BasicBinder      : binding parameter [6] as [BOOLEAN] - [false]
2020-06-10 18:11:28.998 TRACE 55751 --- [    Test worker] o.h.type.descriptor.sql.BasicExtractor   : extracted value ([id1_19_0_] : [BIGINT]) - [13]
2020-06-10 18:11:28.998 TRACE 55751 --- [    Test worker] o.h.type.descriptor.sql.BasicExtractor   : extracted value ([id1_5_1_] : [BIGINT]) - [18]
2020-06-10 18:11:28.998  INFO 55751 --- [    Test worker] .s.o.r.i.OrganisaatioSuhdeRepositoryImpl : findParentTo(18, Wed Jun 10 18:11:28 EEST 2020)
Hibernate: 
    select
        organisaat0_.id as id1_19_0_,
        organisaat1_.id as id1_5_1_,
        organisaat0_.version as version2_19_0_,
        organisaat0_.alkupvm as alkupvm3_19_0_,
        organisaat0_.child_id as child_id7_19_0_,
        organisaat0_.loppupvm as loppupvm4_19_0_,
        organisaat0_.opetuspisteenjarjnro as opetuspi5_19_0_,
        organisaat0_.parent_id as parent_i8_19_0_,
        organisaat0_.suhdetyyppi as suhdetyy6_19_0_,
        organisaat1_.version as version2_5_1_,
        organisaat1_.alkupvm as alkupvm3_5_1_,
        organisaat1_.domainnimi as domainni4_5_1_,
        organisaat1_.kotipaikka as kotipaik5_5_1_,
        organisaat1_.kuvaus_mkt as kuvaus_28_5_1_,
        organisaat1_.lakkautuspvm as lakkautu6_5_1_,
        organisaat1_.maa as maa7_5_1_,
        organisaat1_.metadata_id as metadat29_5_1_,
        organisaat1_.nimi_mkt as nimi_mk30_5_1_,
        organisaat1_.nimihaku as nimihaku8_5_1_,
        organisaat1_.oid as oid9_5_1_,
        organisaat1_.opetuspisteenjarjnro as opetusp10_5_1_,
        organisaat1_.oppilaitoskoodi as oppilai11_5_1_,
        organisaat1_.oppilaitos_tyyppi as oppilai12_5_1_,
        organisaat1_.organisaatio_poistettu as organis13_5_1_,
        organisaat1_.paivittaja as paivitt14_5_1_,
        organisaat1_.paivityspvm as paivity15_5_1_,
        organisaat1_.parentidpath as parenti16_5_1_,
        organisaat1_.parentoidpath as parento17_5_1_,
        organisaat1_.piilotettu as piilote18_5_1_,
        organisaat1_.tarkastus_pvm as tarkast19_5_1_,
        organisaat1_.toimipistekoodi as toimipi20_5_1_,
        organisaat1_.tuontipvm as tuontip21_5_1_,
        organisaat1_.varhaiskasvatuksen_toimipaikka_tiedot_id as varhais31_5_1_,
        organisaat1_.virastotunnus as virasto22_5_1_,
        organisaat1_.yhteishaunkoulukoodi as yhteish23_5_1_,
        organisaat1_.yritysmuoto as yritysm24_5_1_,
        organisaat1_.ytj_kieli as ytj_kie25_5_1_,
        organisaat1_.ytjpaivityspvm as ytjpaiv26_5_1_,
        organisaat1_.ytunnus as ytunnus27_5_1_ 
    from
        organisaatiosuhde organisaat0_ 
    inner join
        organisaatio organisaat1_ 
            on organisaat0_.parent_id=organisaat1_.id 
    where
        organisaat0_.child_id=? 
        and organisaat0_.suhdetyyppi=? 
        and (
            organisaat0_.alkupvm=? 
            or organisaat0_.alkupvm<?
        ) 
        and (
            organisaat0_.loppupvm is null 
            or organisaat0_.loppupvm>?
        ) 
        and organisaat1_.organisaatio_poistettu=? 
    order by
        organisaat0_.alkupvm desc
2020-06-10 18:11:28.999 TRACE 55751 --- [    Test worker] o.h.type.descriptor.sql.BasicBinder      : binding parameter [1] as [BIGINT] - [18]
2020-06-10 18:11:28.999 TRACE 55751 --- [    Test worker] o.h.type.descriptor.sql.BasicBinder      : binding parameter [2] as [VARCHAR] - [HISTORIA]
2020-06-10 18:11:28.999 TRACE 55751 --- [    Test worker] o.h.type.descriptor.sql.BasicBinder      : binding parameter [3] as [DATE] - [Wed Jun 10 18:11:28 EEST 2020]
2020-06-10 18:11:28.999 TRACE 55751 --- [    Test worker] o.h.type.descriptor.sql.BasicBinder      : binding parameter [4] as [DATE] - [Wed Jun 10 18:11:28 EEST 2020]
2020-06-10 18:11:28.999 TRACE 55751 --- [    Test worker] o.h.type.descriptor.sql.BasicBinder      : binding parameter [5] as [DATE] - [Wed Jun 10 18:11:28 EEST 2020]
2020-06-10 18:11:29.000 TRACE 55751 --- [    Test worker] o.h.type.descriptor.sql.BasicBinder      : binding parameter [6] as [BOOLEAN] - [false]
2020-06-10 18:11:29.000 TRACE 55751 --- [    Test worker] o.h.type.descriptor.sql.BasicExtractor   : extracted value ([id1_19_0_] : [BIGINT]) - [12]
2020-06-10 18:11:29.000 TRACE 55751 --- [    Test worker] o.h.type.descriptor.sql.BasicExtractor   : extracted value ([id1_5_1_] : [BIGINT]) - [17]
2020-06-10 18:11:29.000  INFO 55751 --- [    Test worker] .s.o.r.i.OrganisaatioSuhdeRepositoryImpl : findParentTo(17, Wed Jun 10 18:11:29 EEST 2020)
Hibernate: 
    select
        organisaat0_.id as id1_19_0_,
        organisaat1_.id as id1_5_1_,
        organisaat0_.version as version2_19_0_,
        organisaat0_.alkupvm as alkupvm3_19_0_,
        organisaat0_.child_id as child_id7_19_0_,
        organisaat0_.loppupvm as loppupvm4_19_0_,
        organisaat0_.opetuspisteenjarjnro as opetuspi5_19_0_,
        organisaat0_.parent_id as parent_i8_19_0_,
        organisaat0_.suhdetyyppi as suhdetyy6_19_0_,
        organisaat1_.version as version2_5_1_,
        organisaat1_.alkupvm as alkupvm3_5_1_,
        organisaat1_.domainnimi as domainni4_5_1_,
        organisaat1_.kotipaikka as kotipaik5_5_1_,
        organisaat1_.kuvaus_mkt as kuvaus_28_5_1_,
        organisaat1_.lakkautuspvm as lakkautu6_5_1_,
        organisaat1_.maa as maa7_5_1_,
        organisaat1_.metadata_id as metadat29_5_1_,
        organisaat1_.nimi_mkt as nimi_mk30_5_1_,
        organisaat1_.nimihaku as nimihaku8_5_1_,
        organisaat1_.oid as oid9_5_1_,
        organisaat1_.opetuspisteenjarjnro as opetusp10_5_1_,
        organisaat1_.oppilaitoskoodi as oppilai11_5_1_,
        organisaat1_.oppilaitos_tyyppi as oppilai12_5_1_,
        organisaat1_.organisaatio_poistettu as organis13_5_1_,
        organisaat1_.paivittaja as paivitt14_5_1_,
        organisaat1_.paivityspvm as paivity15_5_1_,
        organisaat1_.parentidpath as parenti16_5_1_,
        organisaat1_.parentoidpath as parento17_5_1_,
        organisaat1_.piilotettu as piilote18_5_1_,
        organisaat1_.tarkastus_pvm as tarkast19_5_1_,
        organisaat1_.toimipistekoodi as toimipi20_5_1_,
        organisaat1_.tuontipvm as tuontip21_5_1_,
        organisaat1_.varhaiskasvatuksen_toimipaikka_tiedot_id as varhais31_5_1_,
        organisaat1_.virastotunnus as virasto22_5_1_,
        organisaat1_.yhteishaunkoulukoodi as yhteish23_5_1_,
        organisaat1_.yritysmuoto as yritysm24_5_1_,
        organisaat1_.ytj_kieli as ytj_kie25_5_1_,
        organisaat1_.ytjpaivityspvm as ytjpaiv26_5_1_,
        organisaat1_.ytunnus as ytunnus27_5_1_ 
    from
        organisaatiosuhde organisaat0_ 
    inner join
        organisaatio organisaat1_ 
            on organisaat0_.parent_id=organisaat1_.id 
    where
        organisaat0_.child_id=? 
        and organisaat0_.suhdetyyppi=? 
        and (
            organisaat0_.alkupvm=? 
            or organisaat0_.alkupvm<?
        ) 
        and (
            organisaat0_.loppupvm is null 
            or organisaat0_.loppupvm>?
        ) 
        and organisaat1_.organisaatio_poistettu=? 
    order by
        organisaat0_.alkupvm desc
2020-06-10 18:11:29.001 TRACE 55751 --- [    Test worker] o.h.type.descriptor.sql.BasicBinder      : binding parameter [1] as [BIGINT] - [17]
2020-06-10 18:11:29.002 TRACE 55751 --- [    Test worker] o.h.type.descriptor.sql.BasicBinder      : binding parameter [2] as [VARCHAR] - [HISTORIA]
2020-06-10 18:11:29.002 TRACE 55751 --- [    Test worker] o.h.type.descriptor.sql.BasicBinder      : binding parameter [3] as [DATE] - [Wed Jun 10 18:11:29 EEST 2020]
2020-06-10 18:11:29.002 TRACE 55751 --- [    Test worker] o.h.type.descriptor.sql.BasicBinder      : binding parameter [4] as [DATE] - [Wed Jun 10 18:11:29 EEST 2020]
2020-06-10 18:11:29.002 TRACE 55751 --- [    Test worker] o.h.type.descriptor.sql.BasicBinder      : binding parameter [5] as [DATE] - [Wed Jun 10 18:11:29 EEST 2020]
2020-06-10 18:11:29.002 TRACE 55751 --- [    Test worker] o.h.type.descriptor.sql.BasicBinder      : binding parameter [6] as [BOOLEAN] - [false]
2020-06-10 18:11:29.005  INFO 55751 --- [    Test worker] o.s.t.c.transaction.TransactionContext   : Rolled back transaction for test: [DefaultTestContext@5416d980 testClass = OrganisaatioRepositoryImplTest, testInstance = fi.vm.sade.organisaatio.repository.OrganisaatioRepositoryImplTest@25e1bd66, testMethod = doTest@OrganisaatioRepositoryImplTest, testException = [null], mergedContextConfiguration = [WebMergedContextConfiguration@a27a101 testClass = OrganisaatioRepositoryImplTest, locations = '{}', classes = '{class fi.vm.sade.organisaatio.OrganisaatioApplication}', contextInitializerClasses = '[]', activeProfiles = '{}', propertySourceLocations = '{}', propertySourceProperties = '{org.springframework.boot.test.context.SpringBootTestContextBootstrapper=true}', contextCustomizers = set[org.springframework.boot.test.autoconfigure.properties.PropertyMappingContextCustomizer@a273518a, org.springframework.boot.test.autoconfigure.web.servlet.WebDriverContextCustomizerFactory$Customizer@25a95d7a, [ImportsContextCustomizer@243b4350 key = [org.springframework.boot.test.autoconfigure.jdbc.TestDatabaseAutoConfiguration, org.springframework.boot.autoconfigure.jdbc.DataSourceAutoConfiguration]], org.springframework.boot.test.context.filter.ExcludeFilterContextCustomizer@33d60c3d, org.springframework.boot.test.json.DuplicateJsonObjectContextCustomizerFactory$DuplicateJsonObjectContextCustomizer@6943770e, org.springframework.boot.test.mock.mockito.MockitoContextCustomizer@0, org.springframework.boot.test.web.client.TestRestTemplateContextCustomizer@536042e6, org.springframework.boot.test.context.SpringBootTestArgs@1], resourceBasePath = 'src/main/webapp', contextLoader = 'org.springframework.boot.test.context.SpringBootContextLoader', parent = [null]], attributes = map['org.springframework.test.context.web.ServletTestExecutionListener.activateListener' -> true, 'org.springframework.test.context.web.ServletTestExecutionListener.populatedRequestContextHolder' -> true, 'org.springframework.test.context.web.ServletTestExecutionListener.resetRequestContextHolder' -> true]]
2020-06-10 18:11:29.007  INFO 55751 --- [    Test worker] o.s.t.c.transaction.TransactionContext   : Began transaction (1) for test context [DefaultTestContext@5416d980 testClass = OrganisaatioRepositoryImplTest, testInstance = fi.vm.sade.organisaatio.repository.OrganisaatioRepositoryImplTest@16dc2d01, testMethod = parentTest@OrganisaatioRepositoryImplTest, testException = [null], mergedContextConfiguration = [WebMergedContextConfiguration@a27a101 testClass = OrganisaatioRepositoryImplTest, locations = '{}', classes = '{class fi.vm.sade.organisaatio.OrganisaatioApplication}', contextInitializerClasses = '[]', activeProfiles = '{}', propertySourceLocations = '{}', propertySourceProperties = '{org.springframework.boot.test.context.SpringBootTestContextBootstrapper=true}', contextCustomizers = set[org.springframework.boot.test.autoconfigure.properties.PropertyMappingContextCustomizer@a273518a, org.springframework.boot.test.autoconfigure.web.servlet.WebDriverContextCustomizerFactory$Customizer@25a95d7a, [ImportsContextCustomizer@243b4350 key = [org.springframework.boot.test.autoconfigure.jdbc.TestDatabaseAutoConfiguration, org.springframework.boot.autoconfigure.jdbc.DataSourceAutoConfiguration]], org.springframework.boot.test.context.filter.ExcludeFilterContextCustomizer@33d60c3d, org.springframework.boot.test.json.DuplicateJsonObjectContextCustomizerFactory$DuplicateJsonObjectContextCustomizer@6943770e, org.springframework.boot.test.mock.mockito.MockitoContextCustomizer@0, org.springframework.boot.test.web.client.TestRestTemplateContextCustomizer@536042e6, org.springframework.boot.test.context.SpringBootTestArgs@1], resourceBasePath = 'src/main/webapp', contextLoader = 'org.springframework.boot.test.context.SpringBootContextLoader', parent = [null]], attributes = map['org.springframework.test.context.web.ServletTestExecutionListener.activateListener' -> true, 'org.springframework.test.context.web.ServletTestExecutionListener.populatedRequestContextHolder' -> true, 'org.springframework.test.context.web.ServletTestExecutionListener.resetRequestContextHolder' -> true]]; transaction manager [org.springframework.orm.jpa.JpaTransactionManager@af9fb3]; rollback [true]
2020-06-10 18:11:29.008  INFO 55751 --- [    Test worker] f.v.s.o.r.OrganisaatioRepositoryImplTest : createOrganisaatio(A)
Hibernate: 
    insert 
    into
        monikielinen_teksti
        (id, version) 
    values
        (null, ?)
2020-06-10 18:11:29.009 TRACE 55751 --- [    Test worker] o.h.type.descriptor.sql.BasicBinder      : binding parameter [1] as [BIGINT] - [0]
Hibernate: 
    insert 
    into
        organisaatio
        (id, version, alkupvm, domainnimi, kotipaikka, kuvaus_mkt, lakkautuspvm, maa, metadata_id, nimi_mkt, nimihaku, oid, opetuspisteenjarjnro, oppilaitoskoodi, oppilaitos_tyyppi, organisaatio_poistettu, paivittaja, paivityspvm, parentidpath, parentoidpath, piilotettu, tarkastus_pvm, toimipistekoodi, tuontipvm, varhaiskasvatuksen_toimipaikka_tiedot_id, virastotunnus, yhteishaunkoulukoodi, yritysmuoto, ytj_kieli, ytjpaivityspvm, ytunnus) 
    values
        (null, ?, ?, ?, ?, ?, ?, ?, ?, ?, ?, ?, ?, ?, ?, ?, ?, ?, ?, ?, ?, ?, ?, ?, ?, ?, ?, ?, ?, ?, ?)
2020-06-10 18:11:29.010 TRACE 55751 --- [    Test worker] o.h.type.descriptor.sql.BasicBinder      : binding parameter [1] as [BIGINT] - [0]
2020-06-10 18:11:29.010 TRACE 55751 --- [    Test worker] o.h.type.descriptor.sql.BasicBinder      : binding parameter [2] as [DATE] - [null]
2020-06-10 18:11:29.010 TRACE 55751 --- [    Test worker] o.h.type.descriptor.sql.BasicBinder      : binding parameter [3] as [VARCHAR] - [null]
2020-06-10 18:11:29.010 TRACE 55751 --- [    Test worker] o.h.type.descriptor.sql.BasicBinder      : binding parameter [4] as [VARCHAR] - [null]
2020-06-10 18:11:29.010 TRACE 55751 --- [    Test worker] o.h.type.descriptor.sql.BasicBinder      : binding parameter [5] as [BIGINT] - [null]
2020-06-10 18:11:29.010 TRACE 55751 --- [    Test worker] o.h.type.descriptor.sql.BasicBinder      : binding parameter [6] as [DATE] - [null]
2020-06-10 18:11:29.010 TRACE 55751 --- [    Test worker] o.h.type.descriptor.sql.BasicBinder      : binding parameter [7] as [VARCHAR] - [null]
2020-06-10 18:11:29.010 TRACE 55751 --- [    Test worker] o.h.type.descriptor.sql.BasicBinder      : binding parameter [8] as [BIGINT] - [null]
2020-06-10 18:11:29.010 TRACE 55751 --- [    Test worker] o.h.type.descriptor.sql.BasicBinder      : binding parameter [9] as [BIGINT] - [13]
2020-06-10 18:11:29.010 TRACE 55751 --- [    Test worker] o.h.type.descriptor.sql.BasicBinder      : binding parameter [10] as [VARCHAR] - [null]
2020-06-10 18:11:29.010 TRACE 55751 --- [    Test worker] o.h.type.descriptor.sql.BasicBinder      : binding parameter [11] as [VARCHAR] - [-4962768465676381896]
2020-06-10 18:11:29.011 TRACE 55751 --- [    Test worker] o.h.type.descriptor.sql.BasicBinder      : binding parameter [12] as [VARCHAR] - [null]
2020-06-10 18:11:29.011 TRACE 55751 --- [    Test worker] o.h.type.descriptor.sql.BasicBinder      : binding parameter [13] as [VARCHAR] - [null]
2020-06-10 18:11:29.011 TRACE 55751 --- [    Test worker] o.h.type.descriptor.sql.BasicBinder      : binding parameter [14] as [VARCHAR] - [null]
2020-06-10 18:11:29.011 TRACE 55751 --- [    Test worker] o.h.type.descriptor.sql.BasicBinder      : binding parameter [15] as [BOOLEAN] - [false]
2020-06-10 18:11:29.011 TRACE 55751 --- [    Test worker] o.h.type.descriptor.sql.BasicBinder      : binding parameter [16] as [VARCHAR] - [null]
2020-06-10 18:11:29.011 TRACE 55751 --- [    Test worker] o.h.type.descriptor.sql.BasicBinder      : binding parameter [17] as [TIMESTAMP] - [null]
2020-06-10 18:11:29.011 TRACE 55751 --- [    Test worker] o.h.type.descriptor.sql.BasicBinder      : binding parameter [18] as [VARCHAR] - [null]
2020-06-10 18:11:29.011 TRACE 55751 --- [    Test worker] o.h.type.descriptor.sql.BasicBinder      : binding parameter [19] as [VARCHAR] - [null]
2020-06-10 18:11:29.011 TRACE 55751 --- [    Test worker] o.h.type.descriptor.sql.BasicBinder      : binding parameter [20] as [BOOLEAN] - [false]
2020-06-10 18:11:29.011 TRACE 55751 --- [    Test worker] o.h.type.descriptor.sql.BasicBinder      : binding parameter [21] as [TIMESTAMP] - [null]
2020-06-10 18:11:29.011 TRACE 55751 --- [    Test worker] o.h.type.descriptor.sql.BasicBinder      : binding parameter [22] as [VARCHAR] - [null]
2020-06-10 18:11:29.011 TRACE 55751 --- [    Test worker] o.h.type.descriptor.sql.BasicBinder      : binding parameter [23] as [TIMESTAMP] - [null]
2020-06-10 18:11:29.011 TRACE 55751 --- [    Test worker] o.h.type.descriptor.sql.BasicBinder      : binding parameter [24] as [BIGINT] - [null]
2020-06-10 18:11:29.012 TRACE 55751 --- [    Test worker] o.h.type.descriptor.sql.BasicBinder      : binding parameter [25] as [VARCHAR] - [null]
2020-06-10 18:11:29.012 TRACE 55751 --- [    Test worker] o.h.type.descriptor.sql.BasicBinder      : binding parameter [26] as [VARCHAR] - [null]
2020-06-10 18:11:29.012 TRACE 55751 --- [    Test worker] o.h.type.descriptor.sql.BasicBinder      : binding parameter [27] as [VARCHAR] - [null]
2020-06-10 18:11:29.012 TRACE 55751 --- [    Test worker] o.h.type.descriptor.sql.BasicBinder      : binding parameter [28] as [VARCHAR] - [null]
2020-06-10 18:11:29.012 TRACE 55751 --- [    Test worker] o.h.type.descriptor.sql.BasicBinder      : binding parameter [29] as [DATE] - [null]
2020-06-10 18:11:29.012 TRACE 55751 --- [    Test worker] o.h.type.descriptor.sql.BasicBinder      : binding parameter [30] as [VARCHAR] - [null]
Hibernate: 
    insert 
    into
        yhteystieto
        (id, version, kieli, organisaatio_id, yhteystieto_oid, coordinatetype, extrarivi, lat, lng, maa, osavaltio, osoite, osoite_tyyppi, postinumero, postitoimipaikka, ytjpaivityspvm, dtype) 
    values
        (null, ?, ?, ?, ?, ?, ?, ?, ?, ?, ?, ?, ?, ?, ?, ?, 'Osoite')
2020-06-10 18:11:29.013 TRACE 55751 --- [    Test worker] o.h.type.descriptor.sql.BasicBinder      : binding parameter [1] as [BIGINT] - [0]
2020-06-10 18:11:29.013 TRACE 55751 --- [    Test worker] o.h.type.descriptor.sql.BasicBinder      : binding parameter [2] as [VARCHAR] - [null]
2020-06-10 18:11:29.013 TRACE 55751 --- [    Test worker] o.h.type.descriptor.sql.BasicBinder      : binding parameter [3] as [BIGINT] - [null]
2020-06-10 18:11:29.013 TRACE 55751 --- [    Test worker] o.h.type.descriptor.sql.BasicBinder      : binding parameter [4] as [VARCHAR] - [f38ba1df-8872-4193-8d3c-100f6c62271c]
2020-06-10 18:11:29.013 TRACE 55751 --- [    Test worker] o.h.type.descriptor.sql.BasicBinder      : binding parameter [5] as [VARCHAR] - [null]
2020-06-10 18:11:29.013 TRACE 55751 --- [    Test worker] o.h.type.descriptor.sql.BasicBinder      : binding parameter [6] as [VARCHAR] - [null]
2020-06-10 18:11:29.013 TRACE 55751 --- [    Test worker] o.h.type.descriptor.sql.BasicBinder      : binding parameter [7] as [DOUBLE] - [null]
2020-06-10 18:11:29.013 TRACE 55751 --- [    Test worker] o.h.type.descriptor.sql.BasicBinder      : binding parameter [8] as [DOUBLE] - [null]
2020-06-10 18:11:29.013 TRACE 55751 --- [    Test worker] o.h.type.descriptor.sql.BasicBinder      : binding parameter [9] as [VARCHAR] - [null]
2020-06-10 18:11:29.013 TRACE 55751 --- [    Test worker] o.h.type.descriptor.sql.BasicBinder      : binding parameter [10] as [VARCHAR] - [null]
2020-06-10 18:11:29.013 TRACE 55751 --- [    Test worker] o.h.type.descriptor.sql.BasicBinder      : binding parameter [11] as [VARCHAR] - [katu]
2020-06-10 18:11:29.013 TRACE 55751 --- [    Test worker] o.h.type.descriptor.sql.BasicBinder      : binding parameter [12] as [VARCHAR] - [kaynti]
2020-06-10 18:11:29.014 TRACE 55751 --- [    Test worker] o.h.type.descriptor.sql.BasicBinder      : binding parameter [13] as [VARCHAR] - [0000]
2020-06-10 18:11:29.014 TRACE 55751 --- [    Test worker] o.h.type.descriptor.sql.BasicBinder      : binding parameter [14] as [VARCHAR] - [Helsinki]
2020-06-10 18:11:29.014 TRACE 55751 --- [    Test worker] o.h.type.descriptor.sql.BasicBinder      : binding parameter [15] as [DATE] - [null]
2020-06-10 18:11:29.014  INFO 55751 --- [    Test worker] f.v.s.o.r.OrganisaatioRepositoryImplTest : createOrganisaatio(B)
Hibernate: 
    insert 
    into
        monikielinen_teksti
        (id, version) 
    values
        (null, ?)
2020-06-10 18:11:29.015 TRACE 55751 --- [    Test worker] o.h.type.descriptor.sql.BasicBinder      : binding parameter [1] as [BIGINT] - [0]
Hibernate: 
    insert 
    into
        organisaatio
        (id, version, alkupvm, domainnimi, kotipaikka, kuvaus_mkt, lakkautuspvm, maa, metadata_id, nimi_mkt, nimihaku, oid, opetuspisteenjarjnro, oppilaitoskoodi, oppilaitos_tyyppi, organisaatio_poistettu, paivittaja, paivityspvm, parentidpath, parentoidpath, piilotettu, tarkastus_pvm, toimipistekoodi, tuontipvm, varhaiskasvatuksen_toimipaikka_tiedot_id, virastotunnus, yhteishaunkoulukoodi, yritysmuoto, ytj_kieli, ytjpaivityspvm, ytunnus) 
    values
        (null, ?, ?, ?, ?, ?, ?, ?, ?, ?, ?, ?, ?, ?, ?, ?, ?, ?, ?, ?, ?, ?, ?, ?, ?, ?, ?, ?, ?, ?, ?)
2020-06-10 18:11:29.015 TRACE 55751 --- [    Test worker] o.h.type.descriptor.sql.BasicBinder      : binding parameter [1] as [BIGINT] - [0]
2020-06-10 18:11:29.015 TRACE 55751 --- [    Test worker] o.h.type.descriptor.sql.BasicBinder      : binding parameter [2] as [DATE] - [null]
2020-06-10 18:11:29.015 TRACE 55751 --- [    Test worker] o.h.type.descriptor.sql.BasicBinder      : binding parameter [3] as [VARCHAR] - [null]
2020-06-10 18:11:29.015 TRACE 55751 --- [    Test worker] o.h.type.descriptor.sql.BasicBinder      : binding parameter [4] as [VARCHAR] - [null]
2020-06-10 18:11:29.016 TRACE 55751 --- [    Test worker] o.h.type.descriptor.sql.BasicBinder      : binding parameter [5] as [BIGINT] - [null]
2020-06-10 18:11:29.016 TRACE 55751 --- [    Test worker] o.h.type.descriptor.sql.BasicBinder      : binding parameter [6] as [DATE] - [null]
2020-06-10 18:11:29.016 TRACE 55751 --- [    Test worker] o.h.type.descriptor.sql.BasicBinder      : binding parameter [7] as [VARCHAR] - [null]
2020-06-10 18:11:29.016 TRACE 55751 --- [    Test worker] o.h.type.descriptor.sql.BasicBinder      : binding parameter [8] as [BIGINT] - [null]
2020-06-10 18:11:29.016 TRACE 55751 --- [    Test worker] o.h.type.descriptor.sql.BasicBinder      : binding parameter [9] as [BIGINT] - [14]
2020-06-10 18:11:29.016 TRACE 55751 --- [    Test worker] o.h.type.descriptor.sql.BasicBinder      : binding parameter [10] as [VARCHAR] - [null]
2020-06-10 18:11:29.016 TRACE 55751 --- [    Test worker] o.h.type.descriptor.sql.BasicBinder      : binding parameter [11] as [VARCHAR] - [4437113781045784766]
2020-06-10 18:11:29.016 TRACE 55751 --- [    Test worker] o.h.type.descriptor.sql.BasicBinder      : binding parameter [12] as [VARCHAR] - [null]
2020-06-10 18:11:29.016 TRACE 55751 --- [    Test worker] o.h.type.descriptor.sql.BasicBinder      : binding parameter [13] as [VARCHAR] - [null]
2020-06-10 18:11:29.016 TRACE 55751 --- [    Test worker] o.h.type.descriptor.sql.BasicBinder      : binding parameter [14] as [VARCHAR] - [null]
2020-06-10 18:11:29.016 TRACE 55751 --- [    Test worker] o.h.type.descriptor.sql.BasicBinder      : binding parameter [15] as [BOOLEAN] - [false]
2020-06-10 18:11:29.016 TRACE 55751 --- [    Test worker] o.h.type.descriptor.sql.BasicBinder      : binding parameter [16] as [VARCHAR] - [null]
2020-06-10 18:11:29.016 TRACE 55751 --- [    Test worker] o.h.type.descriptor.sql.BasicBinder      : binding parameter [17] as [TIMESTAMP] - [null]
2020-06-10 18:11:29.016 TRACE 55751 --- [    Test worker] o.h.type.descriptor.sql.BasicBinder      : binding parameter [18] as [VARCHAR] - [null]
2020-06-10 18:11:29.016 TRACE 55751 --- [    Test worker] o.h.type.descriptor.sql.BasicBinder      : binding parameter [19] as [VARCHAR] - [null]
2020-06-10 18:11:29.016 TRACE 55751 --- [    Test worker] o.h.type.descriptor.sql.BasicBinder      : binding parameter [20] as [BOOLEAN] - [false]
2020-06-10 18:11:29.016 TRACE 55751 --- [    Test worker] o.h.type.descriptor.sql.BasicBinder      : binding parameter [21] as [TIMESTAMP] - [null]
2020-06-10 18:11:29.016 TRACE 55751 --- [    Test worker] o.h.type.descriptor.sql.BasicBinder      : binding parameter [22] as [VARCHAR] - [null]
2020-06-10 18:11:29.016 TRACE 55751 --- [    Test worker] o.h.type.descriptor.sql.BasicBinder      : binding parameter [23] as [TIMESTAMP] - [null]
2020-06-10 18:11:29.017 TRACE 55751 --- [    Test worker] o.h.type.descriptor.sql.BasicBinder      : binding parameter [24] as [BIGINT] - [null]
2020-06-10 18:11:29.017 TRACE 55751 --- [    Test worker] o.h.type.descriptor.sql.BasicBinder      : binding parameter [25] as [VARCHAR] - [null]
2020-06-10 18:11:29.017 TRACE 55751 --- [    Test worker] o.h.type.descriptor.sql.BasicBinder      : binding parameter [26] as [VARCHAR] - [null]
2020-06-10 18:11:29.017 TRACE 55751 --- [    Test worker] o.h.type.descriptor.sql.BasicBinder      : binding parameter [27] as [VARCHAR] - [null]
2020-06-10 18:11:29.017 TRACE 55751 --- [    Test worker] o.h.type.descriptor.sql.BasicBinder      : binding parameter [28] as [VARCHAR] - [null]
2020-06-10 18:11:29.017 TRACE 55751 --- [    Test worker] o.h.type.descriptor.sql.BasicBinder      : binding parameter [29] as [DATE] - [null]
2020-06-10 18:11:29.017 TRACE 55751 --- [    Test worker] o.h.type.descriptor.sql.BasicBinder      : binding parameter [30] as [VARCHAR] - [null]
Hibernate: 
    insert 
    into
        yhteystieto
        (id, version, kieli, organisaatio_id, yhteystieto_oid, coordinatetype, extrarivi, lat, lng, maa, osavaltio, osoite, osoite_tyyppi, postinumero, postitoimipaikka, ytjpaivityspvm, dtype) 
    values
        (null, ?, ?, ?, ?, ?, ?, ?, ?, ?, ?, ?, ?, ?, ?, ?, 'Osoite')
2020-06-10 18:11:29.017 TRACE 55751 --- [    Test worker] o.h.type.descriptor.sql.BasicBinder      : binding parameter [1] as [BIGINT] - [0]
2020-06-10 18:11:29.018 TRACE 55751 --- [    Test worker] o.h.type.descriptor.sql.BasicBinder      : binding parameter [2] as [VARCHAR] - [null]
2020-06-10 18:11:29.018 TRACE 55751 --- [    Test worker] o.h.type.descriptor.sql.BasicBinder      : binding parameter [3] as [BIGINT] - [null]
2020-06-10 18:11:29.018 TRACE 55751 --- [    Test worker] o.h.type.descriptor.sql.BasicBinder      : binding parameter [4] as [VARCHAR] - [7916f914-5fa3-4e35-a79a-947bd8434c32]
2020-06-10 18:11:29.018 TRACE 55751 --- [    Test worker] o.h.type.descriptor.sql.BasicBinder      : binding parameter [5] as [VARCHAR] - [null]
2020-06-10 18:11:29.018 TRACE 55751 --- [    Test worker] o.h.type.descriptor.sql.BasicBinder      : binding parameter [6] as [VARCHAR] - [null]
2020-06-10 18:11:29.018 TRACE 55751 --- [    Test worker] o.h.type.descriptor.sql.BasicBinder      : binding parameter [7] as [DOUBLE] - [null]
2020-06-10 18:11:29.018 TRACE 55751 --- [    Test worker] o.h.type.descriptor.sql.BasicBinder      : binding parameter [8] as [DOUBLE] - [null]
2020-06-10 18:11:29.018 TRACE 55751 --- [    Test worker] o.h.type.descriptor.sql.BasicBinder      : binding parameter [9] as [VARCHAR] - [null]
2020-06-10 18:11:29.018 TRACE 55751 --- [    Test worker] o.h.type.descriptor.sql.BasicBinder      : binding parameter [10] as [VARCHAR] - [null]
2020-06-10 18:11:29.018 TRACE 55751 --- [    Test worker] o.h.type.descriptor.sql.BasicBinder      : binding parameter [11] as [VARCHAR] - [katu]
2020-06-10 18:11:29.018 TRACE 55751 --- [    Test worker] o.h.type.descriptor.sql.BasicBinder      : binding parameter [12] as [VARCHAR] - [kaynti]
2020-06-10 18:11:29.018 TRACE 55751 --- [    Test worker] o.h.type.descriptor.sql.BasicBinder      : binding parameter [13] as [VARCHAR] - [0000]
2020-06-10 18:11:29.018 TRACE 55751 --- [    Test worker] o.h.type.descriptor.sql.BasicBinder      : binding parameter [14] as [VARCHAR] - [Helsinki]
2020-06-10 18:11:29.018 TRACE 55751 --- [    Test worker] o.h.type.descriptor.sql.BasicBinder      : binding parameter [15] as [DATE] - [null]
2020-06-10 18:11:29.019  INFO 55751 --- [    Test worker] .s.o.r.i.OrganisaatioSuhdeRepositoryImpl : addChild(22, 23, null)
Hibernate: 
    insert 
    into
        organisaatiosuhde
        (id, version, alkupvm, child_id, loppupvm, opetuspisteenjarjnro, parent_id, suhdetyyppi) 
    values
        (null, ?, ?, ?, ?, ?, ?, ?)
2020-06-10 18:11:29.019 TRACE 55751 --- [    Test worker] o.h.type.descriptor.sql.BasicBinder      : binding parameter [1] as [BIGINT] - [0]
2020-06-10 18:11:29.019 TRACE 55751 --- [    Test worker] o.h.type.descriptor.sql.BasicBinder      : binding parameter [2] as [DATE] - [Wed Jun 10 18:11:29 EEST 2020]
2020-06-10 18:11:29.020 TRACE 55751 --- [    Test worker] o.h.type.descriptor.sql.BasicBinder      : binding parameter [3] as [BIGINT] - [23]
2020-06-10 18:11:29.020 TRACE 55751 --- [    Test worker] o.h.type.descriptor.sql.BasicBinder      : binding parameter [4] as [DATE] - [null]
2020-06-10 18:11:29.020 TRACE 55751 --- [    Test worker] o.h.type.descriptor.sql.BasicBinder      : binding parameter [5] as [VARCHAR] - [null]
2020-06-10 18:11:29.020 TRACE 55751 --- [    Test worker] o.h.type.descriptor.sql.BasicBinder      : binding parameter [6] as [BIGINT] - [22]
2020-06-10 18:11:29.020 TRACE 55751 --- [    Test worker] o.h.type.descriptor.sql.BasicBinder      : binding parameter [7] as [VARCHAR] - [HISTORIA]
2020-06-10 18:11:29.020  INFO 55751 --- [    Test worker] .s.o.r.i.OrganisaatioSuhdeRepositoryImpl :     Created new child relation:  --> pId=22, cId=23, aPvm=Wed Jun 10 18:11:29 EEST 2020, lPvm=null
2020-06-10 18:11:29.020  INFO 55751 --- [    Test worker] f.v.s.o.r.OrganisaatioRepositoryImplTest : YHTEYSTIEDOT: 1
2020-06-10 18:11:29.020  INFO 55751 --- [    Test worker] f.v.s.o.r.OrganisaatioRepositoryImplTest : PARENTS: 1
Hibernate: 
    update
        organisaatio 
    set
        version=?,
        alkupvm=?,
        domainnimi=?,
        kotipaikka=?,
        kuvaus_mkt=?,
        lakkautuspvm=?,
        maa=?,
        metadata_id=?,
        nimi_mkt=?,
        nimihaku=?,
        oid=?,
        opetuspisteenjarjnro=?,
        oppilaitoskoodi=?,
        oppilaitos_tyyppi=?,
        organisaatio_poistettu=?,
        paivittaja=?,
        paivityspvm=?,
        parentidpath=?,
        parentoidpath=?,
        piilotettu=?,
        tarkastus_pvm=?,
        toimipistekoodi=?,
        tuontipvm=?,
        varhaiskasvatuksen_toimipaikka_tiedot_id=?,
        virastotunnus=?,
        yhteishaunkoulukoodi=?,
        yritysmuoto=?,
        ytj_kieli=?,
        ytjpaivityspvm=?,
        ytunnus=? 
    where
        id=? 
        and version=?
2020-06-10 18:11:29.022 TRACE 55751 --- [    Test worker] o.h.type.descriptor.sql.BasicBinder      : binding parameter [1] as [BIGINT] - [1]
2020-06-10 18:11:29.022 TRACE 55751 --- [    Test worker] o.h.type.descriptor.sql.BasicBinder      : binding parameter [2] as [DATE] - [null]
2020-06-10 18:11:29.022 TRACE 55751 --- [    Test worker] o.h.type.descriptor.sql.BasicBinder      : binding parameter [3] as [VARCHAR] - [null]
2020-06-10 18:11:29.022 TRACE 55751 --- [    Test worker] o.h.type.descriptor.sql.BasicBinder      : binding parameter [4] as [VARCHAR] - [null]
2020-06-10 18:11:29.022 TRACE 55751 --- [    Test worker] o.h.type.descriptor.sql.BasicBinder      : binding parameter [5] as [BIGINT] - [null]
2020-06-10 18:11:29.022 TRACE 55751 --- [    Test worker] o.h.type.descriptor.sql.BasicBinder      : binding parameter [6] as [DATE] - [null]
2020-06-10 18:11:29.022 TRACE 55751 --- [    Test worker] o.h.type.descriptor.sql.BasicBinder      : binding parameter [7] as [VARCHAR] - [null]
2020-06-10 18:11:29.022 TRACE 55751 --- [    Test worker] o.h.type.descriptor.sql.BasicBinder      : binding parameter [8] as [BIGINT] - [null]
2020-06-10 18:11:29.022 TRACE 55751 --- [    Test worker] o.h.type.descriptor.sql.BasicBinder      : binding parameter [9] as [BIGINT] - [14]
2020-06-10 18:11:29.022 TRACE 55751 --- [    Test worker] o.h.type.descriptor.sql.BasicBinder      : binding parameter [10] as [VARCHAR] - [null]
2020-06-10 18:11:29.022 TRACE 55751 --- [    Test worker] o.h.type.descriptor.sql.BasicBinder      : binding parameter [11] as [VARCHAR] - [4437113781045784766]
2020-06-10 18:11:29.022 TRACE 55751 --- [    Test worker] o.h.type.descriptor.sql.BasicBinder      : binding parameter [12] as [VARCHAR] - [null]
2020-06-10 18:11:29.022 TRACE 55751 --- [    Test worker] o.h.type.descriptor.sql.BasicBinder      : binding parameter [13] as [VARCHAR] - [null]
2020-06-10 18:11:29.022 TRACE 55751 --- [    Test worker] o.h.type.descriptor.sql.BasicBinder      : binding parameter [14] as [VARCHAR] - [null]
2020-06-10 18:11:29.022 TRACE 55751 --- [    Test worker] o.h.type.descriptor.sql.BasicBinder      : binding parameter [15] as [BOOLEAN] - [false]
2020-06-10 18:11:29.022 TRACE 55751 --- [    Test worker] o.h.type.descriptor.sql.BasicBinder      : binding parameter [16] as [VARCHAR] - [null]
2020-06-10 18:11:29.022 TRACE 55751 --- [    Test worker] o.h.type.descriptor.sql.BasicBinder      : binding parameter [17] as [TIMESTAMP] - [null]
2020-06-10 18:11:29.022 TRACE 55751 --- [    Test worker] o.h.type.descriptor.sql.BasicBinder      : binding parameter [18] as [VARCHAR] - [|22|]
2020-06-10 18:11:29.022 TRACE 55751 --- [    Test worker] o.h.type.descriptor.sql.BasicBinder      : binding parameter [19] as [VARCHAR] - [|-4962768465676381896|]
2020-06-10 18:11:29.022 TRACE 55751 --- [    Test worker] o.h.type.descriptor.sql.BasicBinder      : binding parameter [20] as [BOOLEAN] - [false]
2020-06-10 18:11:29.023 TRACE 55751 --- [    Test worker] o.h.type.descriptor.sql.BasicBinder      : binding parameter [21] as [TIMESTAMP] - [null]
2020-06-10 18:11:29.023 TRACE 55751 --- [    Test worker] o.h.type.descriptor.sql.BasicBinder      : binding parameter [22] as [VARCHAR] - [null]
2020-06-10 18:11:29.023 TRACE 55751 --- [    Test worker] o.h.type.descriptor.sql.BasicBinder      : binding parameter [23] as [TIMESTAMP] - [null]
2020-06-10 18:11:29.023 TRACE 55751 --- [    Test worker] o.h.type.descriptor.sql.BasicBinder      : binding parameter [24] as [BIGINT] - [null]
2020-06-10 18:11:29.023 TRACE 55751 --- [    Test worker] o.h.type.descriptor.sql.BasicBinder      : binding parameter [25] as [VARCHAR] - [null]
2020-06-10 18:11:29.023 TRACE 55751 --- [    Test worker] o.h.type.descriptor.sql.BasicBinder      : binding parameter [26] as [VARCHAR] - [null]
2020-06-10 18:11:29.023 TRACE 55751 --- [    Test worker] o.h.type.descriptor.sql.BasicBinder      : binding parameter [27] as [VARCHAR] - [null]
2020-06-10 18:11:29.023 TRACE 55751 --- [    Test worker] o.h.type.descriptor.sql.BasicBinder      : binding parameter [28] as [VARCHAR] - [null]
2020-06-10 18:11:29.023 TRACE 55751 --- [    Test worker] o.h.type.descriptor.sql.BasicBinder      : binding parameter [29] as [DATE] - [null]
2020-06-10 18:11:29.023 TRACE 55751 --- [    Test worker] o.h.type.descriptor.sql.BasicBinder      : binding parameter [30] as [VARCHAR] - [null]
2020-06-10 18:11:29.023 TRACE 55751 --- [    Test worker] o.h.type.descriptor.sql.BasicBinder      : binding parameter [31] as [BIGINT] - [23]
2020-06-10 18:11:29.023 TRACE 55751 --- [    Test worker] o.h.type.descriptor.sql.BasicBinder      : binding parameter [32] as [BIGINT] - [0]
Hibernate: 
    insert 
    into
        monikielinen_teksti_values
        (id, key, value) 
    values
        (?, ?, ?)
2020-06-10 18:11:29.024 TRACE 55751 --- [    Test worker] o.h.type.descriptor.sql.BasicBinder      : binding parameter [1] as [BIGINT] - [13]
2020-06-10 18:11:29.024 TRACE 55751 --- [    Test worker] o.h.type.descriptor.sql.BasicBinder      : binding parameter [2] as [VARCHAR] - [FI]
2020-06-10 18:11:29.024 TRACE 55751 --- [    Test worker] o.h.type.descriptor.sql.BasicBinder      : binding parameter [3] as [VARCHAR] - [A]
Hibernate: 
    insert 
    into
        monikielinen_teksti_values
        (id, key, value) 
    values
        (?, ?, ?)
2020-06-10 18:11:29.024 TRACE 55751 --- [    Test worker] o.h.type.descriptor.sql.BasicBinder      : binding parameter [1] as [BIGINT] - [14]
2020-06-10 18:11:29.024 TRACE 55751 --- [    Test worker] o.h.type.descriptor.sql.BasicBinder      : binding parameter [2] as [VARCHAR] - [FI]
2020-06-10 18:11:29.024 TRACE 55751 --- [    Test worker] o.h.type.descriptor.sql.BasicBinder      : binding parameter [3] as [VARCHAR] - [B]
Hibernate: 
    select
        organisaat0_.id as id1_5_,
        organisaat0_.version as version2_5_,
        organisaat0_.alkupvm as alkupvm3_5_,
        organisaat0_.domainnimi as domainni4_5_,
        organisaat0_.kotipaikka as kotipaik5_5_,
        organisaat0_.kuvaus_mkt as kuvaus_28_5_,
        organisaat0_.lakkautuspvm as lakkautu6_5_,
        organisaat0_.maa as maa7_5_,
        organisaat0_.metadata_id as metadat29_5_,
        organisaat0_.nimi_mkt as nimi_mk30_5_,
        organisaat0_.nimihaku as nimihaku8_5_,
        organisaat0_.oid as oid9_5_,
        organisaat0_.opetuspisteenjarjnro as opetusp10_5_,
        organisaat0_.oppilaitoskoodi as oppilai11_5_,
        organisaat0_.oppilaitos_tyyppi as oppilai12_5_,
        organisaat0_.organisaatio_poistettu as organis13_5_,
        organisaat0_.paivittaja as paivitt14_5_,
        organisaat0_.paivityspvm as paivity15_5_,
        organisaat0_.parentidpath as parenti16_5_,
        organisaat0_.parentoidpath as parento17_5_,
        organisaat0_.piilotettu as piilote18_5_,
        organisaat0_.tarkastus_pvm as tarkast19_5_,
        organisaat0_.toimipistekoodi as toimipi20_5_,
        organisaat0_.tuontipvm as tuontip21_5_,
        organisaat0_.varhaiskasvatuksen_toimipaikka_tiedot_id as varhais31_5_,
        organisaat0_.virastotunnus as virasto22_5_,
        organisaat0_.yhteishaunkoulukoodi as yhteish23_5_,
        organisaat0_.yritysmuoto as yritysm24_5_,
        organisaat0_.ytj_kieli as ytj_kie25_5_,
        organisaat0_.ytjpaivityspvm as ytjpaiv26_5_,
        organisaat0_.ytunnus as ytunnus27_5_ 
    from
        organisaatio organisaat0_ 
    where
        organisaat0_.oid=?
2020-06-10 18:11:29.025 TRACE 55751 --- [    Test worker] o.h.type.descriptor.sql.BasicBinder      : binding parameter [1] as [VARCHAR] - [4437113781045784766]
2020-06-10 18:11:29.025 TRACE 55751 --- [    Test worker] o.h.type.descriptor.sql.BasicExtractor   : extracted value ([id1_5_] : [BIGINT]) - [23]
2020-06-10 18:11:29.028  INFO 55751 --- [    Test worker] o.s.t.c.transaction.TransactionContext   : Rolled back transaction for test: [DefaultTestContext@5416d980 testClass = OrganisaatioRepositoryImplTest, testInstance = fi.vm.sade.organisaatio.repository.OrganisaatioRepositoryImplTest@16dc2d01, testMethod = parentTest@OrganisaatioRepositoryImplTest, testException = [null], mergedContextConfiguration = [WebMergedContextConfiguration@a27a101 testClass = OrganisaatioRepositoryImplTest, locations = '{}', classes = '{class fi.vm.sade.organisaatio.OrganisaatioApplication}', contextInitializerClasses = '[]', activeProfiles = '{}', propertySourceLocations = '{}', propertySourceProperties = '{org.springframework.boot.test.context.SpringBootTestContextBootstrapper=true}', contextCustomizers = set[org.springframework.boot.test.autoconfigure.properties.PropertyMappingContextCustomizer@a273518a, org.springframework.boot.test.autoconfigure.web.servlet.WebDriverContextCustomizerFactory$Customizer@25a95d7a, [ImportsContextCustomizer@243b4350 key = [org.springframework.boot.test.autoconfigure.jdbc.TestDatabaseAutoConfiguration, org.springframework.boot.autoconfigure.jdbc.DataSourceAutoConfiguration]], org.springframework.boot.test.context.filter.ExcludeFilterContextCustomizer@33d60c3d, org.springframework.boot.test.json.DuplicateJsonObjectContextCustomizerFactory$DuplicateJsonObjectContextCustomizer@6943770e, org.springframework.boot.test.mock.mockito.MockitoContextCustomizer@0, org.springframework.boot.test.web.client.TestRestTemplateContextCustomizer@536042e6, org.springframework.boot.test.context.SpringBootTestArgs@1], resourceBasePath = 'src/main/webapp', contextLoader = 'org.springframework.boot.test.context.SpringBootContextLoader', parent = [null]], attributes = map['org.springframework.test.context.web.ServletTestExecutionListener.activateListener' -> true, 'org.springframework.test.context.web.ServletTestExecutionListener.populatedRequestContextHolder' -> true, 'org.springframework.test.context.web.ServletTestExecutionListener.resetRequestContextHolder' -> true]]
2020-06-10 18:11:29.029  INFO 55751 --- [    Test worker] o.s.t.c.transaction.TransactionContext   : Began transaction (1) for test context [DefaultTestContext@5416d980 testClass = OrganisaatioRepositoryImplTest, testInstance = fi.vm.sade.organisaatio.repository.OrganisaatioRepositoryImplTest@3e76d255, testMethod = findChildrenTest@OrganisaatioRepositoryImplTest, testException = [null], mergedContextConfiguration = [WebMergedContextConfiguration@a27a101 testClass = OrganisaatioRepositoryImplTest, locations = '{}', classes = '{class fi.vm.sade.organisaatio.OrganisaatioApplication}', contextInitializerClasses = '[]', activeProfiles = '{}', propertySourceLocations = '{}', propertySourceProperties = '{org.springframework.boot.test.context.SpringBootTestContextBootstrapper=true}', contextCustomizers = set[org.springframework.boot.test.autoconfigure.properties.PropertyMappingContextCustomizer@a273518a, org.springframework.boot.test.autoconfigure.web.servlet.WebDriverContextCustomizerFactory$Customizer@25a95d7a, [ImportsContextCustomizer@243b4350 key = [org.springframework.boot.test.autoconfigure.jdbc.TestDatabaseAutoConfiguration, org.springframework.boot.autoconfigure.jdbc.DataSourceAutoConfiguration]], org.springframework.boot.test.context.filter.ExcludeFilterContextCustomizer@33d60c3d, org.springframework.boot.test.json.DuplicateJsonObjectContextCustomizerFactory$DuplicateJsonObjectContextCustomizer@6943770e, org.springframework.boot.test.mock.mockito.MockitoContextCustomizer@0, org.springframework.boot.test.web.client.TestRestTemplateContextCustomizer@536042e6, org.springframework.boot.test.context.SpringBootTestArgs@1], resourceBasePath = 'src/main/webapp', contextLoader = 'org.springframework.boot.test.context.SpringBootContextLoader', parent = [null]], attributes = map['org.springframework.test.context.web.ServletTestExecutionListener.activateListener' -> true, 'org.springframework.test.context.web.ServletTestExecutionListener.populatedRequestContextHolder' -> true, 'org.springframework.test.context.web.ServletTestExecutionListener.resetRequestContextHolder' -> true]]; transaction manager [org.springframework.orm.jpa.JpaTransactionManager@af9fb3]; rollback [true]
2020-06-10 18:11:29.030  INFO 55751 --- [    Test worker] f.v.s.o.r.OrganisaatioRepositoryImplTest : createOrganisaatio(A)
Hibernate: 
    insert 
    into
        monikielinen_teksti
        (id, version) 
    values
        (null, ?)
2020-06-10 18:11:29.034 TRACE 55751 --- [    Test worker] o.h.type.descriptor.sql.BasicBinder      : binding parameter [1] as [BIGINT] - [0]
Hibernate: 
    insert 
    into
        organisaatio
        (id, version, alkupvm, domainnimi, kotipaikka, kuvaus_mkt, lakkautuspvm, maa, metadata_id, nimi_mkt, nimihaku, oid, opetuspisteenjarjnro, oppilaitoskoodi, oppilaitos_tyyppi, organisaatio_poistettu, paivittaja, paivityspvm, parentidpath, parentoidpath, piilotettu, tarkastus_pvm, toimipistekoodi, tuontipvm, varhaiskasvatuksen_toimipaikka_tiedot_id, virastotunnus, yhteishaunkoulukoodi, yritysmuoto, ytj_kieli, ytjpaivityspvm, ytunnus) 
    values
        (null, ?, ?, ?, ?, ?, ?, ?, ?, ?, ?, ?, ?, ?, ?, ?, ?, ?, ?, ?, ?, ?, ?, ?, ?, ?, ?, ?, ?, ?, ?)
2020-06-10 18:11:29.035 TRACE 55751 --- [    Test worker] o.h.type.descriptor.sql.BasicBinder      : binding parameter [1] as [BIGINT] - [0]
2020-06-10 18:11:29.035 TRACE 55751 --- [    Test worker] o.h.type.descriptor.sql.BasicBinder      : binding parameter [2] as [DATE] - [null]
2020-06-10 18:11:29.035 TRACE 55751 --- [    Test worker] o.h.type.descriptor.sql.BasicBinder      : binding parameter [3] as [VARCHAR] - [null]
2020-06-10 18:11:29.035 TRACE 55751 --- [    Test worker] o.h.type.descriptor.sql.BasicBinder      : binding parameter [4] as [VARCHAR] - [null]
2020-06-10 18:11:29.035 TRACE 55751 --- [    Test worker] o.h.type.descriptor.sql.BasicBinder      : binding parameter [5] as [BIGINT] - [null]
2020-06-10 18:11:29.035 TRACE 55751 --- [    Test worker] o.h.type.descriptor.sql.BasicBinder      : binding parameter [6] as [DATE] - [null]
2020-06-10 18:11:29.035 TRACE 55751 --- [    Test worker] o.h.type.descriptor.sql.BasicBinder      : binding parameter [7] as [VARCHAR] - [null]
2020-06-10 18:11:29.035 TRACE 55751 --- [    Test worker] o.h.type.descriptor.sql.BasicBinder      : binding parameter [8] as [BIGINT] - [null]
2020-06-10 18:11:29.035 TRACE 55751 --- [    Test worker] o.h.type.descriptor.sql.BasicBinder      : binding parameter [9] as [BIGINT] - [15]
2020-06-10 18:11:29.035 TRACE 55751 --- [    Test worker] o.h.type.descriptor.sql.BasicBinder      : binding parameter [10] as [VARCHAR] - [null]
2020-06-10 18:11:29.036 TRACE 55751 --- [    Test worker] o.h.type.descriptor.sql.BasicBinder      : binding parameter [11] as [VARCHAR] - [-4962768465676381896]
2020-06-10 18:11:29.036 TRACE 55751 --- [    Test worker] o.h.type.descriptor.sql.BasicBinder      : binding parameter [12] as [VARCHAR] - [null]
2020-06-10 18:11:29.036 TRACE 55751 --- [    Test worker] o.h.type.descriptor.sql.BasicBinder      : binding parameter [13] as [VARCHAR] - [null]
2020-06-10 18:11:29.036 TRACE 55751 --- [    Test worker] o.h.type.descriptor.sql.BasicBinder      : binding parameter [14] as [VARCHAR] - [null]
2020-06-10 18:11:29.036 TRACE 55751 --- [    Test worker] o.h.type.descriptor.sql.BasicBinder      : binding parameter [15] as [BOOLEAN] - [false]
2020-06-10 18:11:29.036 TRACE 55751 --- [    Test worker] o.h.type.descriptor.sql.BasicBinder      : binding parameter [16] as [VARCHAR] - [null]
2020-06-10 18:11:29.036 TRACE 55751 --- [    Test worker] o.h.type.descriptor.sql.BasicBinder      : binding parameter [17] as [TIMESTAMP] - [null]
2020-06-10 18:11:29.036 TRACE 55751 --- [    Test worker] o.h.type.descriptor.sql.BasicBinder      : binding parameter [18] as [VARCHAR] - [null]
2020-06-10 18:11:29.036 TRACE 55751 --- [    Test worker] o.h.type.descriptor.sql.BasicBinder      : binding parameter [19] as [VARCHAR] - [null]
2020-06-10 18:11:29.036 TRACE 55751 --- [    Test worker] o.h.type.descriptor.sql.BasicBinder      : binding parameter [20] as [BOOLEAN] - [false]
2020-06-10 18:11:29.036 TRACE 55751 --- [    Test worker] o.h.type.descriptor.sql.BasicBinder      : binding parameter [21] as [TIMESTAMP] - [null]
2020-06-10 18:11:29.036 TRACE 55751 --- [    Test worker] o.h.type.descriptor.sql.BasicBinder      : binding parameter [22] as [VARCHAR] - [null]
2020-06-10 18:11:29.036 TRACE 55751 --- [    Test worker] o.h.type.descriptor.sql.BasicBinder      : binding parameter [23] as [TIMESTAMP] - [null]
2020-06-10 18:11:29.036 TRACE 55751 --- [    Test worker] o.h.type.descriptor.sql.BasicBinder      : binding parameter [24] as [BIGINT] - [null]
2020-06-10 18:11:29.036 TRACE 55751 --- [    Test worker] o.h.type.descriptor.sql.BasicBinder      : binding parameter [25] as [VARCHAR] - [null]
2020-06-10 18:11:29.036 TRACE 55751 --- [    Test worker] o.h.type.descriptor.sql.BasicBinder      : binding parameter [26] as [VARCHAR] - [null]
2020-06-10 18:11:29.036 TRACE 55751 --- [    Test worker] o.h.type.descriptor.sql.BasicBinder      : binding parameter [27] as [VARCHAR] - [null]
2020-06-10 18:11:29.036 TRACE 55751 --- [    Test worker] o.h.type.descriptor.sql.BasicBinder      : binding parameter [28] as [VARCHAR] - [null]
2020-06-10 18:11:29.036 TRACE 55751 --- [    Test worker] o.h.type.descriptor.sql.BasicBinder      : binding parameter [29] as [DATE] - [null]
2020-06-10 18:11:29.036 TRACE 55751 --- [    Test worker] o.h.type.descriptor.sql.BasicBinder      : binding parameter [30] as [VARCHAR] - [null]
Hibernate: 
    insert 
    into
        yhteystieto
        (id, version, kieli, organisaatio_id, yhteystieto_oid, coordinatetype, extrarivi, lat, lng, maa, osavaltio, osoite, osoite_tyyppi, postinumero, postitoimipaikka, ytjpaivityspvm, dtype) 
    values
        (null, ?, ?, ?, ?, ?, ?, ?, ?, ?, ?, ?, ?, ?, ?, ?, 'Osoite')
2020-06-10 18:11:29.037 TRACE 55751 --- [    Test worker] o.h.type.descriptor.sql.BasicBinder      : binding parameter [1] as [BIGINT] - [0]
2020-06-10 18:11:29.037 TRACE 55751 --- [    Test worker] o.h.type.descriptor.sql.BasicBinder      : binding parameter [2] as [VARCHAR] - [null]
2020-06-10 18:11:29.037 TRACE 55751 --- [    Test worker] o.h.type.descriptor.sql.BasicBinder      : binding parameter [3] as [BIGINT] - [null]
2020-06-10 18:11:29.037 TRACE 55751 --- [    Test worker] o.h.type.descriptor.sql.BasicBinder      : binding parameter [4] as [VARCHAR] - [7c3b197b-2e55-451c-94a5-fa3e536dcb2b]
2020-06-10 18:11:29.037 TRACE 55751 --- [    Test worker] o.h.type.descriptor.sql.BasicBinder      : binding parameter [5] as [VARCHAR] - [null]
2020-06-10 18:11:29.037 TRACE 55751 --- [    Test worker] o.h.type.descriptor.sql.BasicBinder      : binding parameter [6] as [VARCHAR] - [null]
2020-06-10 18:11:29.037 TRACE 55751 --- [    Test worker] o.h.type.descriptor.sql.BasicBinder      : binding parameter [7] as [DOUBLE] - [null]
2020-06-10 18:11:29.037 TRACE 55751 --- [    Test worker] o.h.type.descriptor.sql.BasicBinder      : binding parameter [8] as [DOUBLE] - [null]
2020-06-10 18:11:29.038 TRACE 55751 --- [    Test worker] o.h.type.descriptor.sql.BasicBinder      : binding parameter [9] as [VARCHAR] - [null]
2020-06-10 18:11:29.038 TRACE 55751 --- [    Test worker] o.h.type.descriptor.sql.BasicBinder      : binding parameter [10] as [VARCHAR] - [null]
2020-06-10 18:11:29.038 TRACE 55751 --- [    Test worker] o.h.type.descriptor.sql.BasicBinder      : binding parameter [11] as [VARCHAR] - [katu]
2020-06-10 18:11:29.038 TRACE 55751 --- [    Test worker] o.h.type.descriptor.sql.BasicBinder      : binding parameter [12] as [VARCHAR] - [kaynti]
2020-06-10 18:11:29.038 TRACE 55751 --- [    Test worker] o.h.type.descriptor.sql.BasicBinder      : binding parameter [13] as [VARCHAR] - [0000]
2020-06-10 18:11:29.038 TRACE 55751 --- [    Test worker] o.h.type.descriptor.sql.BasicBinder      : binding parameter [14] as [VARCHAR] - [Helsinki]
2020-06-10 18:11:29.038 TRACE 55751 --- [    Test worker] o.h.type.descriptor.sql.BasicBinder      : binding parameter [15] as [DATE] - [null]
2020-06-10 18:11:29.038  INFO 55751 --- [    Test worker] f.v.s.o.r.OrganisaatioRepositoryImplTest : createOrganisaatio(B)
Hibernate: 
    insert 
    into
        monikielinen_teksti
        (id, version) 
    values
        (null, ?)
2020-06-10 18:11:29.039 TRACE 55751 --- [    Test worker] o.h.type.descriptor.sql.BasicBinder      : binding parameter [1] as [BIGINT] - [0]
Hibernate: 
    insert 
    into
        organisaatio
        (id, version, alkupvm, domainnimi, kotipaikka, kuvaus_mkt, lakkautuspvm, maa, metadata_id, nimi_mkt, nimihaku, oid, opetuspisteenjarjnro, oppilaitoskoodi, oppilaitos_tyyppi, organisaatio_poistettu, paivittaja, paivityspvm, parentidpath, parentoidpath, piilotettu, tarkastus_pvm, toimipistekoodi, tuontipvm, varhaiskasvatuksen_toimipaikka_tiedot_id, virastotunnus, yhteishaunkoulukoodi, yritysmuoto, ytj_kieli, ytjpaivityspvm, ytunnus) 
    values
        (null, ?, ?, ?, ?, ?, ?, ?, ?, ?, ?, ?, ?, ?, ?, ?, ?, ?, ?, ?, ?, ?, ?, ?, ?, ?, ?, ?, ?, ?, ?)
2020-06-10 18:11:29.040 TRACE 55751 --- [    Test worker] o.h.type.descriptor.sql.BasicBinder      : binding parameter [1] as [BIGINT] - [0]
2020-06-10 18:11:29.040 TRACE 55751 --- [    Test worker] o.h.type.descriptor.sql.BasicBinder      : binding parameter [2] as [DATE] - [null]
2020-06-10 18:11:29.040 TRACE 55751 --- [    Test worker] o.h.type.descriptor.sql.BasicBinder      : binding parameter [3] as [VARCHAR] - [null]
2020-06-10 18:11:29.040 TRACE 55751 --- [    Test worker] o.h.type.descriptor.sql.BasicBinder      : binding parameter [4] as [VARCHAR] - [null]
2020-06-10 18:11:29.040 TRACE 55751 --- [    Test worker] o.h.type.descriptor.sql.BasicBinder      : binding parameter [5] as [BIGINT] - [null]
2020-06-10 18:11:29.041 TRACE 55751 --- [    Test worker] o.h.type.descriptor.sql.BasicBinder      : binding parameter [6] as [DATE] - [null]
2020-06-10 18:11:29.041 TRACE 55751 --- [    Test worker] o.h.type.descriptor.sql.BasicBinder      : binding parameter [7] as [VARCHAR] - [null]
2020-06-10 18:11:29.041 TRACE 55751 --- [    Test worker] o.h.type.descriptor.sql.BasicBinder      : binding parameter [8] as [BIGINT] - [null]
2020-06-10 18:11:29.041 TRACE 55751 --- [    Test worker] o.h.type.descriptor.sql.BasicBinder      : binding parameter [9] as [BIGINT] - [16]
2020-06-10 18:11:29.041 TRACE 55751 --- [    Test worker] o.h.type.descriptor.sql.BasicBinder      : binding parameter [10] as [VARCHAR] - [null]
2020-06-10 18:11:29.041 TRACE 55751 --- [    Test worker] o.h.type.descriptor.sql.BasicBinder      : binding parameter [11] as [VARCHAR] - [4437113781045784766]
2020-06-10 18:11:29.041 TRACE 55751 --- [    Test worker] o.h.type.descriptor.sql.BasicBinder      : binding parameter [12] as [VARCHAR] - [null]
2020-06-10 18:11:29.041 TRACE 55751 --- [    Test worker] o.h.type.descriptor.sql.BasicBinder      : binding parameter [13] as [VARCHAR] - [null]
2020-06-10 18:11:29.041 TRACE 55751 --- [    Test worker] o.h.type.descriptor.sql.BasicBinder      : binding parameter [14] as [VARCHAR] - [null]
2020-06-10 18:11:29.041 TRACE 55751 --- [    Test worker] o.h.type.descriptor.sql.BasicBinder      : binding parameter [15] as [BOOLEAN] - [false]
2020-06-10 18:11:29.042 TRACE 55751 --- [    Test worker] o.h.type.descriptor.sql.BasicBinder      : binding parameter [16] as [VARCHAR] - [null]
2020-06-10 18:11:29.042 TRACE 55751 --- [    Test worker] o.h.type.descriptor.sql.BasicBinder      : binding parameter [17] as [TIMESTAMP] - [null]
2020-06-10 18:11:29.042 TRACE 55751 --- [    Test worker] o.h.type.descriptor.sql.BasicBinder      : binding parameter [18] as [VARCHAR] - [null]
2020-06-10 18:11:29.042 TRACE 55751 --- [    Test worker] o.h.type.descriptor.sql.BasicBinder      : binding parameter [19] as [VARCHAR] - [null]
2020-06-10 18:11:29.042 TRACE 55751 --- [    Test worker] o.h.type.descriptor.sql.BasicBinder      : binding parameter [20] as [BOOLEAN] - [false]
2020-06-10 18:11:29.042 TRACE 55751 --- [    Test worker] o.h.type.descriptor.sql.BasicBinder      : binding parameter [21] as [TIMESTAMP] - [null]
2020-06-10 18:11:29.042 TRACE 55751 --- [    Test worker] o.h.type.descriptor.sql.BasicBinder      : binding parameter [22] as [VARCHAR] - [null]
2020-06-10 18:11:29.042 TRACE 55751 --- [    Test worker] o.h.type.descriptor.sql.BasicBinder      : binding parameter [23] as [TIMESTAMP] - [null]
2020-06-10 18:11:29.042 TRACE 55751 --- [    Test worker] o.h.type.descriptor.sql.BasicBinder      : binding parameter [24] as [BIGINT] - [null]
2020-06-10 18:11:29.042 TRACE 55751 --- [    Test worker] o.h.type.descriptor.sql.BasicBinder      : binding parameter [25] as [VARCHAR] - [null]
2020-06-10 18:11:29.042 TRACE 55751 --- [    Test worker] o.h.type.descriptor.sql.BasicBinder      : binding parameter [26] as [VARCHAR] - [null]
2020-06-10 18:11:29.042 TRACE 55751 --- [    Test worker] o.h.type.descriptor.sql.BasicBinder      : binding parameter [27] as [VARCHAR] - [null]
2020-06-10 18:11:29.042 TRACE 55751 --- [    Test worker] o.h.type.descriptor.sql.BasicBinder      : binding parameter [28] as [VARCHAR] - [null]
2020-06-10 18:11:29.042 TRACE 55751 --- [    Test worker] o.h.type.descriptor.sql.BasicBinder      : binding parameter [29] as [DATE] - [null]
2020-06-10 18:11:29.042 TRACE 55751 --- [    Test worker] o.h.type.descriptor.sql.BasicBinder      : binding parameter [30] as [VARCHAR] - [null]
Hibernate: 
    insert 
    into
        yhteystieto
        (id, version, kieli, organisaatio_id, yhteystieto_oid, coordinatetype, extrarivi, lat, lng, maa, osavaltio, osoite, osoite_tyyppi, postinumero, postitoimipaikka, ytjpaivityspvm, dtype) 
    values
        (null, ?, ?, ?, ?, ?, ?, ?, ?, ?, ?, ?, ?, ?, ?, ?, 'Osoite')
2020-06-10 18:11:29.043 TRACE 55751 --- [    Test worker] o.h.type.descriptor.sql.BasicBinder      : binding parameter [1] as [BIGINT] - [0]
2020-06-10 18:11:29.043 TRACE 55751 --- [    Test worker] o.h.type.descriptor.sql.BasicBinder      : binding parameter [2] as [VARCHAR] - [null]
2020-06-10 18:11:29.044 TRACE 55751 --- [    Test worker] o.h.type.descriptor.sql.BasicBinder      : binding parameter [3] as [BIGINT] - [null]
2020-06-10 18:11:29.044 TRACE 55751 --- [    Test worker] o.h.type.descriptor.sql.BasicBinder      : binding parameter [4] as [VARCHAR] - [9444cf0a-3247-4ea9-8662-70dd5513076e]
2020-06-10 18:11:29.044 TRACE 55751 --- [    Test worker] o.h.type.descriptor.sql.BasicBinder      : binding parameter [5] as [VARCHAR] - [null]
2020-06-10 18:11:29.044 TRACE 55751 --- [    Test worker] o.h.type.descriptor.sql.BasicBinder      : binding parameter [6] as [VARCHAR] - [null]
2020-06-10 18:11:29.044 TRACE 55751 --- [    Test worker] o.h.type.descriptor.sql.BasicBinder      : binding parameter [7] as [DOUBLE] - [null]
2020-06-10 18:11:29.044 TRACE 55751 --- [    Test worker] o.h.type.descriptor.sql.BasicBinder      : binding parameter [8] as [DOUBLE] - [null]
2020-06-10 18:11:29.044 TRACE 55751 --- [    Test worker] o.h.type.descriptor.sql.BasicBinder      : binding parameter [9] as [VARCHAR] - [null]
2020-06-10 18:11:29.044 TRACE 55751 --- [    Test worker] o.h.type.descriptor.sql.BasicBinder      : binding parameter [10] as [VARCHAR] - [null]
2020-06-10 18:11:29.044 TRACE 55751 --- [    Test worker] o.h.type.descriptor.sql.BasicBinder      : binding parameter [11] as [VARCHAR] - [katu]
2020-06-10 18:11:29.044 TRACE 55751 --- [    Test worker] o.h.type.descriptor.sql.BasicBinder      : binding parameter [12] as [VARCHAR] - [kaynti]
2020-06-10 18:11:29.044 TRACE 55751 --- [    Test worker] o.h.type.descriptor.sql.BasicBinder      : binding parameter [13] as [VARCHAR] - [0000]
2020-06-10 18:11:29.044 TRACE 55751 --- [    Test worker] o.h.type.descriptor.sql.BasicBinder      : binding parameter [14] as [VARCHAR] - [Helsinki]
2020-06-10 18:11:29.044 TRACE 55751 --- [    Test worker] o.h.type.descriptor.sql.BasicBinder      : binding parameter [15] as [DATE] - [null]
2020-06-10 18:11:29.045  INFO 55751 --- [    Test worker] .s.o.r.i.OrganisaatioSuhdeRepositoryImpl : addChild(24, 25, null)
Hibernate: 
    insert 
    into
        organisaatiosuhde
        (id, version, alkupvm, child_id, loppupvm, opetuspisteenjarjnro, parent_id, suhdetyyppi) 
    values
        (null, ?, ?, ?, ?, ?, ?, ?)
2020-06-10 18:11:29.046 TRACE 55751 --- [    Test worker] o.h.type.descriptor.sql.BasicBinder      : binding parameter [1] as [BIGINT] - [0]
2020-06-10 18:11:29.046 TRACE 55751 --- [    Test worker] o.h.type.descriptor.sql.BasicBinder      : binding parameter [2] as [DATE] - [Wed Jun 10 18:11:29 EEST 2020]
2020-06-10 18:11:29.046 TRACE 55751 --- [    Test worker] o.h.type.descriptor.sql.BasicBinder      : binding parameter [3] as [BIGINT] - [25]
2020-06-10 18:11:29.046 TRACE 55751 --- [    Test worker] o.h.type.descriptor.sql.BasicBinder      : binding parameter [4] as [DATE] - [null]
2020-06-10 18:11:29.046 TRACE 55751 --- [    Test worker] o.h.type.descriptor.sql.BasicBinder      : binding parameter [5] as [VARCHAR] - [null]
2020-06-10 18:11:29.046 TRACE 55751 --- [    Test worker] o.h.type.descriptor.sql.BasicBinder      : binding parameter [6] as [BIGINT] - [24]
2020-06-10 18:11:29.046 TRACE 55751 --- [    Test worker] o.h.type.descriptor.sql.BasicBinder      : binding parameter [7] as [VARCHAR] - [HISTORIA]
2020-06-10 18:11:29.047  INFO 55751 --- [    Test worker] .s.o.r.i.OrganisaatioSuhdeRepositoryImpl :     Created new child relation:  --> pId=24, cId=25, aPvm=Wed Jun 10 18:11:29 EEST 2020, lPvm=null
2020-06-10 18:11:29.047  INFO 55751 --- [    Test worker] f.v.s.o.r.OrganisaatioRepositoryImplTest : YHTEYSTIEDOT: 1
2020-06-10 18:11:29.047  INFO 55751 --- [    Test worker] f.v.s.o.r.OrganisaatioRepositoryImplTest : PARENTS: 1
2020-06-10 18:11:29.047  INFO 55751 --- [    Test worker] f.v.s.o.r.OrganisaatioRepositoryImplTest : createOrganisaatio(C)
Hibernate: 
    insert 
    into
        monikielinen_teksti
        (id, version) 
    values
        (null, ?)
2020-06-10 18:11:29.048 TRACE 55751 --- [    Test worker] o.h.type.descriptor.sql.BasicBinder      : binding parameter [1] as [BIGINT] - [0]
Hibernate: 
    insert 
    into
        organisaatio
        (id, version, alkupvm, domainnimi, kotipaikka, kuvaus_mkt, lakkautuspvm, maa, metadata_id, nimi_mkt, nimihaku, oid, opetuspisteenjarjnro, oppilaitoskoodi, oppilaitos_tyyppi, organisaatio_poistettu, paivittaja, paivityspvm, parentidpath, parentoidpath, piilotettu, tarkastus_pvm, toimipistekoodi, tuontipvm, varhaiskasvatuksen_toimipaikka_tiedot_id, virastotunnus, yhteishaunkoulukoodi, yritysmuoto, ytj_kieli, ytjpaivityspvm, ytunnus) 
    values
        (null, ?, ?, ?, ?, ?, ?, ?, ?, ?, ?, ?, ?, ?, ?, ?, ?, ?, ?, ?, ?, ?, ?, ?, ?, ?, ?, ?, ?, ?, ?)
2020-06-10 18:11:29.048 TRACE 55751 --- [    Test worker] o.h.type.descriptor.sql.BasicBinder      : binding parameter [1] as [BIGINT] - [0]
2020-06-10 18:11:29.048 TRACE 55751 --- [    Test worker] o.h.type.descriptor.sql.BasicBinder      : binding parameter [2] as [DATE] - [null]
2020-06-10 18:11:29.049 TRACE 55751 --- [    Test worker] o.h.type.descriptor.sql.BasicBinder      : binding parameter [3] as [VARCHAR] - [null]
2020-06-10 18:11:29.049 TRACE 55751 --- [    Test worker] o.h.type.descriptor.sql.BasicBinder      : binding parameter [4] as [VARCHAR] - [null]
2020-06-10 18:11:29.049 TRACE 55751 --- [    Test worker] o.h.type.descriptor.sql.BasicBinder      : binding parameter [5] as [BIGINT] - [null]
2020-06-10 18:11:29.049 TRACE 55751 --- [    Test worker] o.h.type.descriptor.sql.BasicBinder      : binding parameter [6] as [DATE] - [null]
2020-06-10 18:11:29.049 TRACE 55751 --- [    Test worker] o.h.type.descriptor.sql.BasicBinder      : binding parameter [7] as [VARCHAR] - [null]
2020-06-10 18:11:29.049 TRACE 55751 --- [    Test worker] o.h.type.descriptor.sql.BasicBinder      : binding parameter [8] as [BIGINT] - [null]
2020-06-10 18:11:29.049 TRACE 55751 --- [    Test worker] o.h.type.descriptor.sql.BasicBinder      : binding parameter [9] as [BIGINT] - [17]
2020-06-10 18:11:29.049 TRACE 55751 --- [    Test worker] o.h.type.descriptor.sql.BasicBinder      : binding parameter [10] as [VARCHAR] - [null]
2020-06-10 18:11:29.049 TRACE 55751 --- [    Test worker] o.h.type.descriptor.sql.BasicBinder      : binding parameter [11] as [VARCHAR] - [-6688467811848818630]
2020-06-10 18:11:29.049 TRACE 55751 --- [    Test worker] o.h.type.descriptor.sql.BasicBinder      : binding parameter [12] as [VARCHAR] - [null]
2020-06-10 18:11:29.049 TRACE 55751 --- [    Test worker] o.h.type.descriptor.sql.BasicBinder      : binding parameter [13] as [VARCHAR] - [null]
2020-06-10 18:11:29.049 TRACE 55751 --- [    Test worker] o.h.type.descriptor.sql.BasicBinder      : binding parameter [14] as [VARCHAR] - [null]
2020-06-10 18:11:29.049 TRACE 55751 --- [    Test worker] o.h.type.descriptor.sql.BasicBinder      : binding parameter [15] as [BOOLEAN] - [false]
2020-06-10 18:11:29.049 TRACE 55751 --- [    Test worker] o.h.type.descriptor.sql.BasicBinder      : binding parameter [16] as [VARCHAR] - [null]
2020-06-10 18:11:29.049 TRACE 55751 --- [    Test worker] o.h.type.descriptor.sql.BasicBinder      : binding parameter [17] as [TIMESTAMP] - [null]
2020-06-10 18:11:29.049 TRACE 55751 --- [    Test worker] o.h.type.descriptor.sql.BasicBinder      : binding parameter [18] as [VARCHAR] - [null]
2020-06-10 18:11:29.049 TRACE 55751 --- [    Test worker] o.h.type.descriptor.sql.BasicBinder      : binding parameter [19] as [VARCHAR] - [null]
2020-06-10 18:11:29.049 TRACE 55751 --- [    Test worker] o.h.type.descriptor.sql.BasicBinder      : binding parameter [20] as [BOOLEAN] - [false]
2020-06-10 18:11:29.049 TRACE 55751 --- [    Test worker] o.h.type.descriptor.sql.BasicBinder      : binding parameter [21] as [TIMESTAMP] - [null]
2020-06-10 18:11:29.049 TRACE 55751 --- [    Test worker] o.h.type.descriptor.sql.BasicBinder      : binding parameter [22] as [VARCHAR] - [null]
2020-06-10 18:11:29.049 TRACE 55751 --- [    Test worker] o.h.type.descriptor.sql.BasicBinder      : binding parameter [23] as [TIMESTAMP] - [null]
2020-06-10 18:11:29.049 TRACE 55751 --- [    Test worker] o.h.type.descriptor.sql.BasicBinder      : binding parameter [24] as [BIGINT] - [null]
2020-06-10 18:11:29.049 TRACE 55751 --- [    Test worker] o.h.type.descriptor.sql.BasicBinder      : binding parameter [25] as [VARCHAR] - [null]
2020-06-10 18:11:29.049 TRACE 55751 --- [    Test worker] o.h.type.descriptor.sql.BasicBinder      : binding parameter [26] as [VARCHAR] - [null]
2020-06-10 18:11:29.049 TRACE 55751 --- [    Test worker] o.h.type.descriptor.sql.BasicBinder      : binding parameter [27] as [VARCHAR] - [null]
2020-06-10 18:11:29.049 TRACE 55751 --- [    Test worker] o.h.type.descriptor.sql.BasicBinder      : binding parameter [28] as [VARCHAR] - [null]
2020-06-10 18:11:29.050 TRACE 55751 --- [    Test worker] o.h.type.descriptor.sql.BasicBinder      : binding parameter [29] as [DATE] - [null]
2020-06-10 18:11:29.050 TRACE 55751 --- [    Test worker] o.h.type.descriptor.sql.BasicBinder      : binding parameter [30] as [VARCHAR] - [null]
Hibernate: 
    insert 
    into
        yhteystieto
        (id, version, kieli, organisaatio_id, yhteystieto_oid, coordinatetype, extrarivi, lat, lng, maa, osavaltio, osoite, osoite_tyyppi, postinumero, postitoimipaikka, ytjpaivityspvm, dtype) 
    values
        (null, ?, ?, ?, ?, ?, ?, ?, ?, ?, ?, ?, ?, ?, ?, ?, 'Osoite')
2020-06-10 18:11:29.050 TRACE 55751 --- [    Test worker] o.h.type.descriptor.sql.BasicBinder      : binding parameter [1] as [BIGINT] - [0]
2020-06-10 18:11:29.050 TRACE 55751 --- [    Test worker] o.h.type.descriptor.sql.BasicBinder      : binding parameter [2] as [VARCHAR] - [null]
2020-06-10 18:11:29.050 TRACE 55751 --- [    Test worker] o.h.type.descriptor.sql.BasicBinder      : binding parameter [3] as [BIGINT] - [null]
2020-06-10 18:11:29.050 TRACE 55751 --- [    Test worker] o.h.type.descriptor.sql.BasicBinder      : binding parameter [4] as [VARCHAR] - [9c30a5a0-5b1b-407a-ac8c-c6879ea15ebf]
2020-06-10 18:11:29.050 TRACE 55751 --- [    Test worker] o.h.type.descriptor.sql.BasicBinder      : binding parameter [5] as [VARCHAR] - [null]
2020-06-10 18:11:29.050 TRACE 55751 --- [    Test worker] o.h.type.descriptor.sql.BasicBinder      : binding parameter [6] as [VARCHAR] - [null]
2020-06-10 18:11:29.051 TRACE 55751 --- [    Test worker] o.h.type.descriptor.sql.BasicBinder      : binding parameter [7] as [DOUBLE] - [null]
2020-06-10 18:11:29.051 TRACE 55751 --- [    Test worker] o.h.type.descriptor.sql.BasicBinder      : binding parameter [8] as [DOUBLE] - [null]
2020-06-10 18:11:29.051 TRACE 55751 --- [    Test worker] o.h.type.descriptor.sql.BasicBinder      : binding parameter [9] as [VARCHAR] - [null]
2020-06-10 18:11:29.051 TRACE 55751 --- [    Test worker] o.h.type.descriptor.sql.BasicBinder      : binding parameter [10] as [VARCHAR] - [null]
2020-06-10 18:11:29.051 TRACE 55751 --- [    Test worker] o.h.type.descriptor.sql.BasicBinder      : binding parameter [11] as [VARCHAR] - [katu]
2020-06-10 18:11:29.051 TRACE 55751 --- [    Test worker] o.h.type.descriptor.sql.BasicBinder      : binding parameter [12] as [VARCHAR] - [kaynti]
2020-06-10 18:11:29.051 TRACE 55751 --- [    Test worker] o.h.type.descriptor.sql.BasicBinder      : binding parameter [13] as [VARCHAR] - [0000]
2020-06-10 18:11:29.051 TRACE 55751 --- [    Test worker] o.h.type.descriptor.sql.BasicBinder      : binding parameter [14] as [VARCHAR] - [Helsinki]
2020-06-10 18:11:29.051 TRACE 55751 --- [    Test worker] o.h.type.descriptor.sql.BasicBinder      : binding parameter [15] as [DATE] - [null]
2020-06-10 18:11:29.051  INFO 55751 --- [    Test worker] .s.o.r.i.OrganisaatioSuhdeRepositoryImpl : addChild(24, 26, null)
Hibernate: 
    insert 
    into
        organisaatiosuhde
        (id, version, alkupvm, child_id, loppupvm, opetuspisteenjarjnro, parent_id, suhdetyyppi) 
    values
        (null, ?, ?, ?, ?, ?, ?, ?)
2020-06-10 18:11:29.052 TRACE 55751 --- [    Test worker] o.h.type.descriptor.sql.BasicBinder      : binding parameter [1] as [BIGINT] - [0]
2020-06-10 18:11:29.052 TRACE 55751 --- [    Test worker] o.h.type.descriptor.sql.BasicBinder      : binding parameter [2] as [DATE] - [Wed Jun 10 18:11:29 EEST 2020]
2020-06-10 18:11:29.052 TRACE 55751 --- [    Test worker] o.h.type.descriptor.sql.BasicBinder      : binding parameter [3] as [BIGINT] - [26]
2020-06-10 18:11:29.052 TRACE 55751 --- [    Test worker] o.h.type.descriptor.sql.BasicBinder      : binding parameter [4] as [DATE] - [null]
2020-06-10 18:11:29.052 TRACE 55751 --- [    Test worker] o.h.type.descriptor.sql.BasicBinder      : binding parameter [5] as [VARCHAR] - [null]
2020-06-10 18:11:29.052 TRACE 55751 --- [    Test worker] o.h.type.descriptor.sql.BasicBinder      : binding parameter [6] as [BIGINT] - [24]
2020-06-10 18:11:29.052 TRACE 55751 --- [    Test worker] o.h.type.descriptor.sql.BasicBinder      : binding parameter [7] as [VARCHAR] - [HISTORIA]
2020-06-10 18:11:29.053  INFO 55751 --- [    Test worker] .s.o.r.i.OrganisaatioSuhdeRepositoryImpl :     Created new child relation:  --> pId=24, cId=26, aPvm=Wed Jun 10 18:11:29 EEST 2020, lPvm=null
2020-06-10 18:11:29.053  INFO 55751 --- [    Test worker] f.v.s.o.r.OrganisaatioRepositoryImplTest : YHTEYSTIEDOT: 1
2020-06-10 18:11:29.053  INFO 55751 --- [    Test worker] f.v.s.o.r.OrganisaatioRepositoryImplTest : PARENTS: 1
2020-06-10 18:11:29.053  INFO 55751 --- [    Test worker] f.v.s.o.r.OrganisaatioRepositoryImplTest : createOrganisaatio(D)
Hibernate: 
    insert 
    into
        monikielinen_teksti
        (id, version) 
    values
        (null, ?)
2020-06-10 18:11:29.053 TRACE 55751 --- [    Test worker] o.h.type.descriptor.sql.BasicBinder      : binding parameter [1] as [BIGINT] - [0]
Hibernate: 
    insert 
    into
        organisaatio
        (id, version, alkupvm, domainnimi, kotipaikka, kuvaus_mkt, lakkautuspvm, maa, metadata_id, nimi_mkt, nimihaku, oid, opetuspisteenjarjnro, oppilaitoskoodi, oppilaitos_tyyppi, organisaatio_poistettu, paivittaja, paivityspvm, parentidpath, parentoidpath, piilotettu, tarkastus_pvm, toimipistekoodi, tuontipvm, varhaiskasvatuksen_toimipaikka_tiedot_id, virastotunnus, yhteishaunkoulukoodi, yritysmuoto, ytj_kieli, ytjpaivityspvm, ytunnus) 
    values
        (null, ?, ?, ?, ?, ?, ?, ?, ?, ?, ?, ?, ?, ?, ?, ?, ?, ?, ?, ?, ?, ?, ?, ?, ?, ?, ?, ?, ?, ?, ?)
2020-06-10 18:11:29.054 TRACE 55751 --- [    Test worker] o.h.type.descriptor.sql.BasicBinder      : binding parameter [1] as [BIGINT] - [0]
2020-06-10 18:11:29.054 TRACE 55751 --- [    Test worker] o.h.type.descriptor.sql.BasicBinder      : binding parameter [2] as [DATE] - [null]
2020-06-10 18:11:29.054 TRACE 55751 --- [    Test worker] o.h.type.descriptor.sql.BasicBinder      : binding parameter [3] as [VARCHAR] - [null]
2020-06-10 18:11:29.054 TRACE 55751 --- [    Test worker] o.h.type.descriptor.sql.BasicBinder      : binding parameter [4] as [VARCHAR] - [null]
2020-06-10 18:11:29.054 TRACE 55751 --- [    Test worker] o.h.type.descriptor.sql.BasicBinder      : binding parameter [5] as [BIGINT] - [null]
2020-06-10 18:11:29.054 TRACE 55751 --- [    Test worker] o.h.type.descriptor.sql.BasicBinder      : binding parameter [6] as [DATE] - [null]
2020-06-10 18:11:29.054 TRACE 55751 --- [    Test worker] o.h.type.descriptor.sql.BasicBinder      : binding parameter [7] as [VARCHAR] - [null]
2020-06-10 18:11:29.054 TRACE 55751 --- [    Test worker] o.h.type.descriptor.sql.BasicBinder      : binding parameter [8] as [BIGINT] - [null]
2020-06-10 18:11:29.054 TRACE 55751 --- [    Test worker] o.h.type.descriptor.sql.BasicBinder      : binding parameter [9] as [BIGINT] - [18]
2020-06-10 18:11:29.054 TRACE 55751 --- [    Test worker] o.h.type.descriptor.sql.BasicBinder      : binding parameter [10] as [VARCHAR] - [null]
2020-06-10 18:11:29.054 TRACE 55751 --- [    Test worker] o.h.type.descriptor.sql.BasicBinder      : binding parameter [11] as [VARCHAR] - [-8292973307042192125]
2020-06-10 18:11:29.054 TRACE 55751 --- [    Test worker] o.h.type.descriptor.sql.BasicBinder      : binding parameter [12] as [VARCHAR] - [null]
2020-06-10 18:11:29.055 TRACE 55751 --- [    Test worker] o.h.type.descriptor.sql.BasicBinder      : binding parameter [13] as [VARCHAR] - [null]
2020-06-10 18:11:29.055 TRACE 55751 --- [    Test worker] o.h.type.descriptor.sql.BasicBinder      : binding parameter [14] as [VARCHAR] - [null]
2020-06-10 18:11:29.055 TRACE 55751 --- [    Test worker] o.h.type.descriptor.sql.BasicBinder      : binding parameter [15] as [BOOLEAN] - [false]
2020-06-10 18:11:29.055 TRACE 55751 --- [    Test worker] o.h.type.descriptor.sql.BasicBinder      : binding parameter [16] as [VARCHAR] - [null]
2020-06-10 18:11:29.055 TRACE 55751 --- [    Test worker] o.h.type.descriptor.sql.BasicBinder      : binding parameter [17] as [TIMESTAMP] - [null]
2020-06-10 18:11:29.055 TRACE 55751 --- [    Test worker] o.h.type.descriptor.sql.BasicBinder      : binding parameter [18] as [VARCHAR] - [null]
2020-06-10 18:11:29.055 TRACE 55751 --- [    Test worker] o.h.type.descriptor.sql.BasicBinder      : binding parameter [19] as [VARCHAR] - [null]
2020-06-10 18:11:29.055 TRACE 55751 --- [    Test worker] o.h.type.descriptor.sql.BasicBinder      : binding parameter [20] as [BOOLEAN] - [false]
2020-06-10 18:11:29.055 TRACE 55751 --- [    Test worker] o.h.type.descriptor.sql.BasicBinder      : binding parameter [21] as [TIMESTAMP] - [null]
2020-06-10 18:11:29.055 TRACE 55751 --- [    Test worker] o.h.type.descriptor.sql.BasicBinder      : binding parameter [22] as [VARCHAR] - [null]
2020-06-10 18:11:29.055 TRACE 55751 --- [    Test worker] o.h.type.descriptor.sql.BasicBinder      : binding parameter [23] as [TIMESTAMP] - [null]
2020-06-10 18:11:29.055 TRACE 55751 --- [    Test worker] o.h.type.descriptor.sql.BasicBinder      : binding parameter [24] as [BIGINT] - [null]
2020-06-10 18:11:29.055 TRACE 55751 --- [    Test worker] o.h.type.descriptor.sql.BasicBinder      : binding parameter [25] as [VARCHAR] - [null]
2020-06-10 18:11:29.055 TRACE 55751 --- [    Test worker] o.h.type.descriptor.sql.BasicBinder      : binding parameter [26] as [VARCHAR] - [null]
2020-06-10 18:11:29.055 TRACE 55751 --- [    Test worker] o.h.type.descriptor.sql.BasicBinder      : binding parameter [27] as [VARCHAR] - [null]
2020-06-10 18:11:29.055 TRACE 55751 --- [    Test worker] o.h.type.descriptor.sql.BasicBinder      : binding parameter [28] as [VARCHAR] - [null]
2020-06-10 18:11:29.055 TRACE 55751 --- [    Test worker] o.h.type.descriptor.sql.BasicBinder      : binding parameter [29] as [DATE] - [null]
2020-06-10 18:11:29.055 TRACE 55751 --- [    Test worker] o.h.type.descriptor.sql.BasicBinder      : binding parameter [30] as [VARCHAR] - [null]
Hibernate: 
    insert 
    into
        yhteystieto
        (id, version, kieli, organisaatio_id, yhteystieto_oid, coordinatetype, extrarivi, lat, lng, maa, osavaltio, osoite, osoite_tyyppi, postinumero, postitoimipaikka, ytjpaivityspvm, dtype) 
    values
        (null, ?, ?, ?, ?, ?, ?, ?, ?, ?, ?, ?, ?, ?, ?, ?, 'Osoite')
2020-06-10 18:11:29.056 TRACE 55751 --- [    Test worker] o.h.type.descriptor.sql.BasicBinder      : binding parameter [1] as [BIGINT] - [0]
2020-06-10 18:11:29.056 TRACE 55751 --- [    Test worker] o.h.type.descriptor.sql.BasicBinder      : binding parameter [2] as [VARCHAR] - [null]
2020-06-10 18:11:29.056 TRACE 55751 --- [    Test worker] o.h.type.descriptor.sql.BasicBinder      : binding parameter [3] as [BIGINT] - [null]
2020-06-10 18:11:29.056 TRACE 55751 --- [    Test worker] o.h.type.descriptor.sql.BasicBinder      : binding parameter [4] as [VARCHAR] - [0aea428d-6464-416e-b1c9-dd8f0e50c914]
2020-06-10 18:11:29.056 TRACE 55751 --- [    Test worker] o.h.type.descriptor.sql.BasicBinder      : binding parameter [5] as [VARCHAR] - [null]
2020-06-10 18:11:29.056 TRACE 55751 --- [    Test worker] o.h.type.descriptor.sql.BasicBinder      : binding parameter [6] as [VARCHAR] - [null]
2020-06-10 18:11:29.056 TRACE 55751 --- [    Test worker] o.h.type.descriptor.sql.BasicBinder      : binding parameter [7] as [DOUBLE] - [null]
2020-06-10 18:11:29.056 TRACE 55751 --- [    Test worker] o.h.type.descriptor.sql.BasicBinder      : binding parameter [8] as [DOUBLE] - [null]
2020-06-10 18:11:29.056 TRACE 55751 --- [    Test worker] o.h.type.descriptor.sql.BasicBinder      : binding parameter [9] as [VARCHAR] - [null]
2020-06-10 18:11:29.056 TRACE 55751 --- [    Test worker] o.h.type.descriptor.sql.BasicBinder      : binding parameter [10] as [VARCHAR] - [null]
2020-06-10 18:11:29.056 TRACE 55751 --- [    Test worker] o.h.type.descriptor.sql.BasicBinder      : binding parameter [11] as [VARCHAR] - [katu]
2020-06-10 18:11:29.056 TRACE 55751 --- [    Test worker] o.h.type.descriptor.sql.BasicBinder      : binding parameter [12] as [VARCHAR] - [kaynti]
2020-06-10 18:11:29.056 TRACE 55751 --- [    Test worker] o.h.type.descriptor.sql.BasicBinder      : binding parameter [13] as [VARCHAR] - [0000]
2020-06-10 18:11:29.056 TRACE 55751 --- [    Test worker] o.h.type.descriptor.sql.BasicBinder      : binding parameter [14] as [VARCHAR] - [Helsinki]
2020-06-10 18:11:29.056 TRACE 55751 --- [    Test worker] o.h.type.descriptor.sql.BasicBinder      : binding parameter [15] as [DATE] - [null]
2020-06-10 18:11:29.057  INFO 55751 --- [    Test worker] .s.o.r.i.OrganisaatioSuhdeRepositoryImpl : addChild(25, 27, null)
Hibernate: 
    insert 
    into
        organisaatiosuhde
        (id, version, alkupvm, child_id, loppupvm, opetuspisteenjarjnro, parent_id, suhdetyyppi) 
    values
        (null, ?, ?, ?, ?, ?, ?, ?)
2020-06-10 18:11:29.057 TRACE 55751 --- [    Test worker] o.h.type.descriptor.sql.BasicBinder      : binding parameter [1] as [BIGINT] - [0]
2020-06-10 18:11:29.057 TRACE 55751 --- [    Test worker] o.h.type.descriptor.sql.BasicBinder      : binding parameter [2] as [DATE] - [Wed Jun 10 18:11:29 EEST 2020]
2020-06-10 18:11:29.057 TRACE 55751 --- [    Test worker] o.h.type.descriptor.sql.BasicBinder      : binding parameter [3] as [BIGINT] - [27]
2020-06-10 18:11:29.058 TRACE 55751 --- [    Test worker] o.h.type.descriptor.sql.BasicBinder      : binding parameter [4] as [DATE] - [null]
2020-06-10 18:11:29.058 TRACE 55751 --- [    Test worker] o.h.type.descriptor.sql.BasicBinder      : binding parameter [5] as [VARCHAR] - [null]
2020-06-10 18:11:29.058 TRACE 55751 --- [    Test worker] o.h.type.descriptor.sql.BasicBinder      : binding parameter [6] as [BIGINT] - [25]
2020-06-10 18:11:29.058 TRACE 55751 --- [    Test worker] o.h.type.descriptor.sql.BasicBinder      : binding parameter [7] as [VARCHAR] - [HISTORIA]
2020-06-10 18:11:29.058  INFO 55751 --- [    Test worker] .s.o.r.i.OrganisaatioSuhdeRepositoryImpl :     Created new child relation:  --> pId=25, cId=27, aPvm=Wed Jun 10 18:11:29 EEST 2020, lPvm=null
2020-06-10 18:11:29.058  INFO 55751 --- [    Test worker] f.v.s.o.r.OrganisaatioRepositoryImplTest : YHTEYSTIEDOT: 1
2020-06-10 18:11:29.058  INFO 55751 --- [    Test worker] f.v.s.o.r.OrganisaatioRepositoryImplTest : PARENTS: 1
2020-06-10 18:11:29.058  INFO 55751 --- [    Test worker] f.v.s.o.r.OrganisaatioRepositoryImplTest : createOrganisaatio(E)
Hibernate: 
    insert 
    into
        monikielinen_teksti
        (id, version) 
    values
        (null, ?)
2020-06-10 18:11:29.058 TRACE 55751 --- [    Test worker] o.h.type.descriptor.sql.BasicBinder      : binding parameter [1] as [BIGINT] - [0]
Hibernate: 
    insert 
    into
        organisaatio
        (id, version, alkupvm, domainnimi, kotipaikka, kuvaus_mkt, lakkautuspvm, maa, metadata_id, nimi_mkt, nimihaku, oid, opetuspisteenjarjnro, oppilaitoskoodi, oppilaitos_tyyppi, organisaatio_poistettu, paivittaja, paivityspvm, parentidpath, parentoidpath, piilotettu, tarkastus_pvm, toimipistekoodi, tuontipvm, varhaiskasvatuksen_toimipaikka_tiedot_id, virastotunnus, yhteishaunkoulukoodi, yritysmuoto, ytj_kieli, ytjpaivityspvm, ytunnus) 
    values
        (null, ?, ?, ?, ?, ?, ?, ?, ?, ?, ?, ?, ?, ?, ?, ?, ?, ?, ?, ?, ?, ?, ?, ?, ?, ?, ?, ?, ?, ?, ?)
2020-06-10 18:11:29.059 TRACE 55751 --- [    Test worker] o.h.type.descriptor.sql.BasicBinder      : binding parameter [1] as [BIGINT] - [0]
2020-06-10 18:11:29.059 TRACE 55751 --- [    Test worker] o.h.type.descriptor.sql.BasicBinder      : binding parameter [2] as [DATE] - [null]
2020-06-10 18:11:29.059 TRACE 55751 --- [    Test worker] o.h.type.descriptor.sql.BasicBinder      : binding parameter [3] as [VARCHAR] - [null]
2020-06-10 18:11:29.059 TRACE 55751 --- [    Test worker] o.h.type.descriptor.sql.BasicBinder      : binding parameter [4] as [VARCHAR] - [null]
2020-06-10 18:11:29.059 TRACE 55751 --- [    Test worker] o.h.type.descriptor.sql.BasicBinder      : binding parameter [5] as [BIGINT] - [null]
2020-06-10 18:11:29.059 TRACE 55751 --- [    Test worker] o.h.type.descriptor.sql.BasicBinder      : binding parameter [6] as [DATE] - [null]
2020-06-10 18:11:29.059 TRACE 55751 --- [    Test worker] o.h.type.descriptor.sql.BasicBinder      : binding parameter [7] as [VARCHAR] - [null]
2020-06-10 18:11:29.059 TRACE 55751 --- [    Test worker] o.h.type.descriptor.sql.BasicBinder      : binding parameter [8] as [BIGINT] - [null]
2020-06-10 18:11:29.059 TRACE 55751 --- [    Test worker] o.h.type.descriptor.sql.BasicBinder      : binding parameter [9] as [BIGINT] - [19]
2020-06-10 18:11:29.059 TRACE 55751 --- [    Test worker] o.h.type.descriptor.sql.BasicBinder      : binding parameter [10] as [VARCHAR] - [null]
2020-06-10 18:11:29.059 TRACE 55751 --- [    Test worker] o.h.type.descriptor.sql.BasicBinder      : binding parameter [11] as [VARCHAR] - [-7423979211207825555]
2020-06-10 18:11:29.059 TRACE 55751 --- [    Test worker] o.h.type.descriptor.sql.BasicBinder      : binding parameter [12] as [VARCHAR] - [null]
2020-06-10 18:11:29.059 TRACE 55751 --- [    Test worker] o.h.type.descriptor.sql.BasicBinder      : binding parameter [13] as [VARCHAR] - [null]
2020-06-10 18:11:29.059 TRACE 55751 --- [    Test worker] o.h.type.descriptor.sql.BasicBinder      : binding parameter [14] as [VARCHAR] - [null]
2020-06-10 18:11:29.060 TRACE 55751 --- [    Test worker] o.h.type.descriptor.sql.BasicBinder      : binding parameter [15] as [BOOLEAN] - [false]
2020-06-10 18:11:29.060 TRACE 55751 --- [    Test worker] o.h.type.descriptor.sql.BasicBinder      : binding parameter [16] as [VARCHAR] - [null]
2020-06-10 18:11:29.060 TRACE 55751 --- [    Test worker] o.h.type.descriptor.sql.BasicBinder      : binding parameter [17] as [TIMESTAMP] - [null]
2020-06-10 18:11:29.060 TRACE 55751 --- [    Test worker] o.h.type.descriptor.sql.BasicBinder      : binding parameter [18] as [VARCHAR] - [null]
2020-06-10 18:11:29.060 TRACE 55751 --- [    Test worker] o.h.type.descriptor.sql.BasicBinder      : binding parameter [19] as [VARCHAR] - [null]
2020-06-10 18:11:29.060 TRACE 55751 --- [    Test worker] o.h.type.descriptor.sql.BasicBinder      : binding parameter [20] as [BOOLEAN] - [false]
2020-06-10 18:11:29.060 TRACE 55751 --- [    Test worker] o.h.type.descriptor.sql.BasicBinder      : binding parameter [21] as [TIMESTAMP] - [null]
2020-06-10 18:11:29.060 TRACE 55751 --- [    Test worker] o.h.type.descriptor.sql.BasicBinder      : binding parameter [22] as [VARCHAR] - [null]
2020-06-10 18:11:29.060 TRACE 55751 --- [    Test worker] o.h.type.descriptor.sql.BasicBinder      : binding parameter [23] as [TIMESTAMP] - [null]
2020-06-10 18:11:29.060 TRACE 55751 --- [    Test worker] o.h.type.descriptor.sql.BasicBinder      : binding parameter [24] as [BIGINT] - [null]
2020-06-10 18:11:29.060 TRACE 55751 --- [    Test worker] o.h.type.descriptor.sql.BasicBinder      : binding parameter [25] as [VARCHAR] - [null]
2020-06-10 18:11:29.060 TRACE 55751 --- [    Test worker] o.h.type.descriptor.sql.BasicBinder      : binding parameter [26] as [VARCHAR] - [null]
2020-06-10 18:11:29.060 TRACE 55751 --- [    Test worker] o.h.type.descriptor.sql.BasicBinder      : binding parameter [27] as [VARCHAR] - [null]
2020-06-10 18:11:29.060 TRACE 55751 --- [    Test worker] o.h.type.descriptor.sql.BasicBinder      : binding parameter [28] as [VARCHAR] - [null]
2020-06-10 18:11:29.060 TRACE 55751 --- [    Test worker] o.h.type.descriptor.sql.BasicBinder      : binding parameter [29] as [DATE] - [null]
2020-06-10 18:11:29.060 TRACE 55751 --- [    Test worker] o.h.type.descriptor.sql.BasicBinder      : binding parameter [30] as [VARCHAR] - [null]
Hibernate: 
    insert 
    into
        yhteystieto
        (id, version, kieli, organisaatio_id, yhteystieto_oid, coordinatetype, extrarivi, lat, lng, maa, osavaltio, osoite, osoite_tyyppi, postinumero, postitoimipaikka, ytjpaivityspvm, dtype) 
    values
        (null, ?, ?, ?, ?, ?, ?, ?, ?, ?, ?, ?, ?, ?, ?, ?, 'Osoite')
2020-06-10 18:11:29.061 TRACE 55751 --- [    Test worker] o.h.type.descriptor.sql.BasicBinder      : binding parameter [1] as [BIGINT] - [0]
2020-06-10 18:11:29.061 TRACE 55751 --- [    Test worker] o.h.type.descriptor.sql.BasicBinder      : binding parameter [2] as [VARCHAR] - [null]
2020-06-10 18:11:29.061 TRACE 55751 --- [    Test worker] o.h.type.descriptor.sql.BasicBinder      : binding parameter [3] as [BIGINT] - [null]
2020-06-10 18:11:29.061 TRACE 55751 --- [    Test worker] o.h.type.descriptor.sql.BasicBinder      : binding parameter [4] as [VARCHAR] - [6d3b9e93-4640-4997-ae51-786415735e6a]
2020-06-10 18:11:29.061 TRACE 55751 --- [    Test worker] o.h.type.descriptor.sql.BasicBinder      : binding parameter [5] as [VARCHAR] - [null]
2020-06-10 18:11:29.061 TRACE 55751 --- [    Test worker] o.h.type.descriptor.sql.BasicBinder      : binding parameter [6] as [VARCHAR] - [null]
2020-06-10 18:11:29.061 TRACE 55751 --- [    Test worker] o.h.type.descriptor.sql.BasicBinder      : binding parameter [7] as [DOUBLE] - [null]
2020-06-10 18:11:29.062 TRACE 55751 --- [    Test worker] o.h.type.descriptor.sql.BasicBinder      : binding parameter [8] as [DOUBLE] - [null]
2020-06-10 18:11:29.062 TRACE 55751 --- [    Test worker] o.h.type.descriptor.sql.BasicBinder      : binding parameter [9] as [VARCHAR] - [null]
2020-06-10 18:11:29.062 TRACE 55751 --- [    Test worker] o.h.type.descriptor.sql.BasicBinder      : binding parameter [10] as [VARCHAR] - [null]
2020-06-10 18:11:29.062 TRACE 55751 --- [    Test worker] o.h.type.descriptor.sql.BasicBinder      : binding parameter [11] as [VARCHAR] - [katu]
2020-06-10 18:11:29.062 TRACE 55751 --- [    Test worker] o.h.type.descriptor.sql.BasicBinder      : binding parameter [12] as [VARCHAR] - [kaynti]
2020-06-10 18:11:29.062 TRACE 55751 --- [    Test worker] o.h.type.descriptor.sql.BasicBinder      : binding parameter [13] as [VARCHAR] - [0000]
2020-06-10 18:11:29.062 TRACE 55751 --- [    Test worker] o.h.type.descriptor.sql.BasicBinder      : binding parameter [14] as [VARCHAR] - [Helsinki]
2020-06-10 18:11:29.062 TRACE 55751 --- [    Test worker] o.h.type.descriptor.sql.BasicBinder      : binding parameter [15] as [DATE] - [null]
2020-06-10 18:11:29.062  INFO 55751 --- [    Test worker] .s.o.r.i.OrganisaatioSuhdeRepositoryImpl : addChild(26, 28, null)
Hibernate: 
    insert 
    into
        organisaatiosuhde
        (id, version, alkupvm, child_id, loppupvm, opetuspisteenjarjnro, parent_id, suhdetyyppi) 
    values
        (null, ?, ?, ?, ?, ?, ?, ?)
2020-06-10 18:11:29.063 TRACE 55751 --- [    Test worker] o.h.type.descriptor.sql.BasicBinder      : binding parameter [1] as [BIGINT] - [0]
2020-06-10 18:11:29.063 TRACE 55751 --- [    Test worker] o.h.type.descriptor.sql.BasicBinder      : binding parameter [2] as [DATE] - [Wed Jun 10 18:11:29 EEST 2020]
2020-06-10 18:11:29.063 TRACE 55751 --- [    Test worker] o.h.type.descriptor.sql.BasicBinder      : binding parameter [3] as [BIGINT] - [28]
2020-06-10 18:11:29.063 TRACE 55751 --- [    Test worker] o.h.type.descriptor.sql.BasicBinder      : binding parameter [4] as [DATE] - [null]
2020-06-10 18:11:29.063 TRACE 55751 --- [    Test worker] o.h.type.descriptor.sql.BasicBinder      : binding parameter [5] as [VARCHAR] - [null]
2020-06-10 18:11:29.063 TRACE 55751 --- [    Test worker] o.h.type.descriptor.sql.BasicBinder      : binding parameter [6] as [BIGINT] - [26]
2020-06-10 18:11:29.063 TRACE 55751 --- [    Test worker] o.h.type.descriptor.sql.BasicBinder      : binding parameter [7] as [VARCHAR] - [HISTORIA]
2020-06-10 18:11:29.064  INFO 55751 --- [    Test worker] .s.o.r.i.OrganisaatioSuhdeRepositoryImpl :     Created new child relation:  --> pId=26, cId=28, aPvm=Wed Jun 10 18:11:29 EEST 2020, lPvm=null
2020-06-10 18:11:29.064  INFO 55751 --- [    Test worker] f.v.s.o.r.OrganisaatioRepositoryImplTest : YHTEYSTIEDOT: 1
2020-06-10 18:11:29.064  INFO 55751 --- [    Test worker] f.v.s.o.r.OrganisaatioRepositoryImplTest : PARENTS: 1
2020-06-10 18:11:29.064  INFO 55751 --- [    Test worker] f.v.s.o.r.OrganisaatioRepositoryImplTest : createOrganisaatio(F)
Hibernate: 
    insert 
    into
        monikielinen_teksti
        (id, version) 
    values
        (null, ?)
2020-06-10 18:11:29.064 TRACE 55751 --- [    Test worker] o.h.type.descriptor.sql.BasicBinder      : binding parameter [1] as [BIGINT] - [0]
Hibernate: 
    insert 
    into
        organisaatio
        (id, version, alkupvm, domainnimi, kotipaikka, kuvaus_mkt, lakkautuspvm, maa, metadata_id, nimi_mkt, nimihaku, oid, opetuspisteenjarjnro, oppilaitoskoodi, oppilaitos_tyyppi, organisaatio_poistettu, paivittaja, paivityspvm, parentidpath, parentoidpath, piilotettu, tarkastus_pvm, toimipistekoodi, tuontipvm, varhaiskasvatuksen_toimipaikka_tiedot_id, virastotunnus, yhteishaunkoulukoodi, yritysmuoto, ytj_kieli, ytjpaivityspvm, ytunnus) 
    values
        (null, ?, ?, ?, ?, ?, ?, ?, ?, ?, ?, ?, ?, ?, ?, ?, ?, ?, ?, ?, ?, ?, ?, ?, ?, ?, ?, ?, ?, ?, ?)
2020-06-10 18:11:29.065 TRACE 55751 --- [    Test worker] o.h.type.descriptor.sql.BasicBinder      : binding parameter [1] as [BIGINT] - [0]
2020-06-10 18:11:29.065 TRACE 55751 --- [    Test worker] o.h.type.descriptor.sql.BasicBinder      : binding parameter [2] as [DATE] - [null]
2020-06-10 18:11:29.065 TRACE 55751 --- [    Test worker] o.h.type.descriptor.sql.BasicBinder      : binding parameter [3] as [VARCHAR] - [null]
2020-06-10 18:11:29.065 TRACE 55751 --- [    Test worker] o.h.type.descriptor.sql.BasicBinder      : binding parameter [4] as [VARCHAR] - [null]
2020-06-10 18:11:29.065 TRACE 55751 --- [    Test worker] o.h.type.descriptor.sql.BasicBinder      : binding parameter [5] as [BIGINT] - [null]
2020-06-10 18:11:29.065 TRACE 55751 --- [    Test worker] o.h.type.descriptor.sql.BasicBinder      : binding parameter [6] as [DATE] - [null]
2020-06-10 18:11:29.065 TRACE 55751 --- [    Test worker] o.h.type.descriptor.sql.BasicBinder      : binding parameter [7] as [VARCHAR] - [null]
2020-06-10 18:11:29.065 TRACE 55751 --- [    Test worker] o.h.type.descriptor.sql.BasicBinder      : binding parameter [8] as [BIGINT] - [null]
2020-06-10 18:11:29.065 TRACE 55751 --- [    Test worker] o.h.type.descriptor.sql.BasicBinder      : binding parameter [9] as [BIGINT] - [20]
2020-06-10 18:11:29.065 TRACE 55751 --- [    Test worker] o.h.type.descriptor.sql.BasicBinder      : binding parameter [10] as [VARCHAR] - [null]
2020-06-10 18:11:29.065 TRACE 55751 --- [    Test worker] o.h.type.descriptor.sql.BasicBinder      : binding parameter [11] as [VARCHAR] - [6146794652083548235]
2020-06-10 18:11:29.065 TRACE 55751 --- [    Test worker] o.h.type.descriptor.sql.BasicBinder      : binding parameter [12] as [VARCHAR] - [null]
2020-06-10 18:11:29.065 TRACE 55751 --- [    Test worker] o.h.type.descriptor.sql.BasicBinder      : binding parameter [13] as [VARCHAR] - [null]
2020-06-10 18:11:29.065 TRACE 55751 --- [    Test worker] o.h.type.descriptor.sql.BasicBinder      : binding parameter [14] as [VARCHAR] - [null]
2020-06-10 18:11:29.065 TRACE 55751 --- [    Test worker] o.h.type.descriptor.sql.BasicBinder      : binding parameter [15] as [BOOLEAN] - [true]
2020-06-10 18:11:29.065 TRACE 55751 --- [    Test worker] o.h.type.descriptor.sql.BasicBinder      : binding parameter [16] as [VARCHAR] - [null]
2020-06-10 18:11:29.065 TRACE 55751 --- [    Test worker] o.h.type.descriptor.sql.BasicBinder      : binding parameter [17] as [TIMESTAMP] - [null]
2020-06-10 18:11:29.065 TRACE 55751 --- [    Test worker] o.h.type.descriptor.sql.BasicBinder      : binding parameter [18] as [VARCHAR] - [null]
2020-06-10 18:11:29.065 TRACE 55751 --- [    Test worker] o.h.type.descriptor.sql.BasicBinder      : binding parameter [19] as [VARCHAR] - [null]
2020-06-10 18:11:29.066 TRACE 55751 --- [    Test worker] o.h.type.descriptor.sql.BasicBinder      : binding parameter [20] as [BOOLEAN] - [false]
2020-06-10 18:11:29.066 TRACE 55751 --- [    Test worker] o.h.type.descriptor.sql.BasicBinder      : binding parameter [21] as [TIMESTAMP] - [null]
2020-06-10 18:11:29.066 TRACE 55751 --- [    Test worker] o.h.type.descriptor.sql.BasicBinder      : binding parameter [22] as [VARCHAR] - [null]
2020-06-10 18:11:29.066 TRACE 55751 --- [    Test worker] o.h.type.descriptor.sql.BasicBinder      : binding parameter [23] as [TIMESTAMP] - [null]
2020-06-10 18:11:29.066 TRACE 55751 --- [    Test worker] o.h.type.descriptor.sql.BasicBinder      : binding parameter [24] as [BIGINT] - [null]
2020-06-10 18:11:29.066 TRACE 55751 --- [    Test worker] o.h.type.descriptor.sql.BasicBinder      : binding parameter [25] as [VARCHAR] - [null]
2020-06-10 18:11:29.066 TRACE 55751 --- [    Test worker] o.h.type.descriptor.sql.BasicBinder      : binding parameter [26] as [VARCHAR] - [null]
2020-06-10 18:11:29.066 TRACE 55751 --- [    Test worker] o.h.type.descriptor.sql.BasicBinder      : binding parameter [27] as [VARCHAR] - [null]
2020-06-10 18:11:29.066 TRACE 55751 --- [    Test worker] o.h.type.descriptor.sql.BasicBinder      : binding parameter [28] as [VARCHAR] - [null]
2020-06-10 18:11:29.066 TRACE 55751 --- [    Test worker] o.h.type.descriptor.sql.BasicBinder      : binding parameter [29] as [DATE] - [null]
2020-06-10 18:11:29.066 TRACE 55751 --- [    Test worker] o.h.type.descriptor.sql.BasicBinder      : binding parameter [30] as [VARCHAR] - [null]
Hibernate: 
    insert 
    into
        yhteystieto
        (id, version, kieli, organisaatio_id, yhteystieto_oid, coordinatetype, extrarivi, lat, lng, maa, osavaltio, osoite, osoite_tyyppi, postinumero, postitoimipaikka, ytjpaivityspvm, dtype) 
    values
        (null, ?, ?, ?, ?, ?, ?, ?, ?, ?, ?, ?, ?, ?, ?, ?, 'Osoite')
2020-06-10 18:11:29.067 TRACE 55751 --- [    Test worker] o.h.type.descriptor.sql.BasicBinder      : binding parameter [1] as [BIGINT] - [0]
2020-06-10 18:11:29.067 TRACE 55751 --- [    Test worker] o.h.type.descriptor.sql.BasicBinder      : binding parameter [2] as [VARCHAR] - [null]
2020-06-10 18:11:29.067 TRACE 55751 --- [    Test worker] o.h.type.descriptor.sql.BasicBinder      : binding parameter [3] as [BIGINT] - [null]
2020-06-10 18:11:29.067 TRACE 55751 --- [    Test worker] o.h.type.descriptor.sql.BasicBinder      : binding parameter [4] as [VARCHAR] - [8089bc3a-6985-4188-9a47-07ed1c2aa655]
2020-06-10 18:11:29.067 TRACE 55751 --- [    Test worker] o.h.type.descriptor.sql.BasicBinder      : binding parameter [5] as [VARCHAR] - [null]
2020-06-10 18:11:29.067 TRACE 55751 --- [    Test worker] o.h.type.descriptor.sql.BasicBinder      : binding parameter [6] as [VARCHAR] - [null]
2020-06-10 18:11:29.067 TRACE 55751 --- [    Test worker] o.h.type.descriptor.sql.BasicBinder      : binding parameter [7] as [DOUBLE] - [null]
2020-06-10 18:11:29.067 TRACE 55751 --- [    Test worker] o.h.type.descriptor.sql.BasicBinder      : binding parameter [8] as [DOUBLE] - [null]
2020-06-10 18:11:29.067 TRACE 55751 --- [    Test worker] o.h.type.descriptor.sql.BasicBinder      : binding parameter [9] as [VARCHAR] - [null]
2020-06-10 18:11:29.067 TRACE 55751 --- [    Test worker] o.h.type.descriptor.sql.BasicBinder      : binding parameter [10] as [VARCHAR] - [null]
2020-06-10 18:11:29.067 TRACE 55751 --- [    Test worker] o.h.type.descriptor.sql.BasicBinder      : binding parameter [11] as [VARCHAR] - [katu]
2020-06-10 18:11:29.067 TRACE 55751 --- [    Test worker] o.h.type.descriptor.sql.BasicBinder      : binding parameter [12] as [VARCHAR] - [kaynti]
2020-06-10 18:11:29.067 TRACE 55751 --- [    Test worker] o.h.type.descriptor.sql.BasicBinder      : binding parameter [13] as [VARCHAR] - [0000]
2020-06-10 18:11:29.067 TRACE 55751 --- [    Test worker] o.h.type.descriptor.sql.BasicBinder      : binding parameter [14] as [VARCHAR] - [Helsinki]
2020-06-10 18:11:29.067 TRACE 55751 --- [    Test worker] o.h.type.descriptor.sql.BasicBinder      : binding parameter [15] as [DATE] - [null]
2020-06-10 18:11:29.068  INFO 55751 --- [    Test worker] .s.o.r.i.OrganisaatioSuhdeRepositoryImpl : addChild(24, 29, null)
Hibernate: 
    insert 
    into
        organisaatiosuhde
        (id, version, alkupvm, child_id, loppupvm, opetuspisteenjarjnro, parent_id, suhdetyyppi) 
    values
        (null, ?, ?, ?, ?, ?, ?, ?)
2020-06-10 18:11:29.069 TRACE 55751 --- [    Test worker] o.h.type.descriptor.sql.BasicBinder      : binding parameter [1] as [BIGINT] - [0]
2020-06-10 18:11:29.069 TRACE 55751 --- [    Test worker] o.h.type.descriptor.sql.BasicBinder      : binding parameter [2] as [DATE] - [Wed Jun 10 18:11:29 EEST 2020]
2020-06-10 18:11:29.069 TRACE 55751 --- [    Test worker] o.h.type.descriptor.sql.BasicBinder      : binding parameter [3] as [BIGINT] - [29]
2020-06-10 18:11:29.069 TRACE 55751 --- [    Test worker] o.h.type.descriptor.sql.BasicBinder      : binding parameter [4] as [DATE] - [null]
2020-06-10 18:11:29.069 TRACE 55751 --- [    Test worker] o.h.type.descriptor.sql.BasicBinder      : binding parameter [5] as [VARCHAR] - [null]
2020-06-10 18:11:29.069 TRACE 55751 --- [    Test worker] o.h.type.descriptor.sql.BasicBinder      : binding parameter [6] as [BIGINT] - [24]
2020-06-10 18:11:29.069 TRACE 55751 --- [    Test worker] o.h.type.descriptor.sql.BasicBinder      : binding parameter [7] as [VARCHAR] - [HISTORIA]
2020-06-10 18:11:29.069  INFO 55751 --- [    Test worker] .s.o.r.i.OrganisaatioSuhdeRepositoryImpl :     Created new child relation:  --> pId=24, cId=29, aPvm=Wed Jun 10 18:11:29 EEST 2020, lPvm=null
2020-06-10 18:11:29.069  INFO 55751 --- [    Test worker] f.v.s.o.r.OrganisaatioRepositoryImplTest : YHTEYSTIEDOT: 1
2020-06-10 18:11:29.069  INFO 55751 --- [    Test worker] f.v.s.o.r.OrganisaatioRepositoryImplTest : PARENTS: 1
2020-06-10 18:11:29.069  INFO 55751 --- [    Test worker] f.v.s.o.r.OrganisaatioRepositoryImplTest : createOrganisaatio(G)
Hibernate: 
    insert 
    into
        monikielinen_teksti
        (id, version) 
    values
        (null, ?)
2020-06-10 18:11:29.070 TRACE 55751 --- [    Test worker] o.h.type.descriptor.sql.BasicBinder      : binding parameter [1] as [BIGINT] - [0]
Hibernate: 
    insert 
    into
        organisaatio
        (id, version, alkupvm, domainnimi, kotipaikka, kuvaus_mkt, lakkautuspvm, maa, metadata_id, nimi_mkt, nimihaku, oid, opetuspisteenjarjnro, oppilaitoskoodi, oppilaitos_tyyppi, organisaatio_poistettu, paivittaja, paivityspvm, parentidpath, parentoidpath, piilotettu, tarkastus_pvm, toimipistekoodi, tuontipvm, varhaiskasvatuksen_toimipaikka_tiedot_id, virastotunnus, yhteishaunkoulukoodi, yritysmuoto, ytj_kieli, ytjpaivityspvm, ytunnus) 
    values
        (null, ?, ?, ?, ?, ?, ?, ?, ?, ?, ?, ?, ?, ?, ?, ?, ?, ?, ?, ?, ?, ?, ?, ?, ?, ?, ?, ?, ?, ?, ?)
2020-06-10 18:11:29.071 TRACE 55751 --- [    Test worker] o.h.type.descriptor.sql.BasicBinder      : binding parameter [1] as [BIGINT] - [0]
2020-06-10 18:11:29.071 TRACE 55751 --- [    Test worker] o.h.type.descriptor.sql.BasicBinder      : binding parameter [2] as [DATE] - [null]
2020-06-10 18:11:29.071 TRACE 55751 --- [    Test worker] o.h.type.descriptor.sql.BasicBinder      : binding parameter [3] as [VARCHAR] - [null]
2020-06-10 18:11:29.071 TRACE 55751 --- [    Test worker] o.h.type.descriptor.sql.BasicBinder      : binding parameter [4] as [VARCHAR] - [null]
2020-06-10 18:11:29.071 TRACE 55751 --- [    Test worker] o.h.type.descriptor.sql.BasicBinder      : binding parameter [5] as [BIGINT] - [null]
2020-06-10 18:11:29.071 TRACE 55751 --- [    Test worker] o.h.type.descriptor.sql.BasicBinder      : binding parameter [6] as [DATE] - [null]
2020-06-10 18:11:29.071 TRACE 55751 --- [    Test worker] o.h.type.descriptor.sql.BasicBinder      : binding parameter [7] as [VARCHAR] - [null]
2020-06-10 18:11:29.071 TRACE 55751 --- [    Test worker] o.h.type.descriptor.sql.BasicBinder      : binding parameter [8] as [BIGINT] - [null]
2020-06-10 18:11:29.071 TRACE 55751 --- [    Test worker] o.h.type.descriptor.sql.BasicBinder      : binding parameter [9] as [BIGINT] - [21]
2020-06-10 18:11:29.071 TRACE 55751 --- [    Test worker] o.h.type.descriptor.sql.BasicBinder      : binding parameter [10] as [VARCHAR] - [null]
2020-06-10 18:11:29.071 TRACE 55751 --- [    Test worker] o.h.type.descriptor.sql.BasicBinder      : binding parameter [11] as [VARCHAR] - [7105486291024734541]
2020-06-10 18:11:29.071 TRACE 55751 --- [    Test worker] o.h.type.descriptor.sql.BasicBinder      : binding parameter [12] as [VARCHAR] - [null]
2020-06-10 18:11:29.071 TRACE 55751 --- [    Test worker] o.h.type.descriptor.sql.BasicBinder      : binding parameter [13] as [VARCHAR] - [null]
2020-06-10 18:11:29.071 TRACE 55751 --- [    Test worker] o.h.type.descriptor.sql.BasicBinder      : binding parameter [14] as [VARCHAR] - [null]
2020-06-10 18:11:29.071 TRACE 55751 --- [    Test worker] o.h.type.descriptor.sql.BasicBinder      : binding parameter [15] as [BOOLEAN] - [true]
2020-06-10 18:11:29.071 TRACE 55751 --- [    Test worker] o.h.type.descriptor.sql.BasicBinder      : binding parameter [16] as [VARCHAR] - [null]
2020-06-10 18:11:29.071 TRACE 55751 --- [    Test worker] o.h.type.descriptor.sql.BasicBinder      : binding parameter [17] as [TIMESTAMP] - [null]
2020-06-10 18:11:29.071 TRACE 55751 --- [    Test worker] o.h.type.descriptor.sql.BasicBinder      : binding parameter [18] as [VARCHAR] - [null]
2020-06-10 18:11:29.071 TRACE 55751 --- [    Test worker] o.h.type.descriptor.sql.BasicBinder      : binding parameter [19] as [VARCHAR] - [null]
2020-06-10 18:11:29.071 TRACE 55751 --- [    Test worker] o.h.type.descriptor.sql.BasicBinder      : binding parameter [20] as [BOOLEAN] - [false]
2020-06-10 18:11:29.072 TRACE 55751 --- [    Test worker] o.h.type.descriptor.sql.BasicBinder      : binding parameter [21] as [TIMESTAMP] - [null]
2020-06-10 18:11:29.072 TRACE 55751 --- [    Test worker] o.h.type.descriptor.sql.BasicBinder      : binding parameter [22] as [VARCHAR] - [null]
2020-06-10 18:11:29.072 TRACE 55751 --- [    Test worker] o.h.type.descriptor.sql.BasicBinder      : binding parameter [23] as [TIMESTAMP] - [null]
2020-06-10 18:11:29.072 TRACE 55751 --- [    Test worker] o.h.type.descriptor.sql.BasicBinder      : binding parameter [24] as [BIGINT] - [null]
2020-06-10 18:11:29.072 TRACE 55751 --- [    Test worker] o.h.type.descriptor.sql.BasicBinder      : binding parameter [25] as [VARCHAR] - [null]
2020-06-10 18:11:29.072 TRACE 55751 --- [    Test worker] o.h.type.descriptor.sql.BasicBinder      : binding parameter [26] as [VARCHAR] - [null]
2020-06-10 18:11:29.072 TRACE 55751 --- [    Test worker] o.h.type.descriptor.sql.BasicBinder      : binding parameter [27] as [VARCHAR] - [null]
2020-06-10 18:11:29.072 TRACE 55751 --- [    Test worker] o.h.type.descriptor.sql.BasicBinder      : binding parameter [28] as [VARCHAR] - [null]
2020-06-10 18:11:29.072 TRACE 55751 --- [    Test worker] o.h.type.descriptor.sql.BasicBinder      : binding parameter [29] as [DATE] - [null]
2020-06-10 18:11:29.072 TRACE 55751 --- [    Test worker] o.h.type.descriptor.sql.BasicBinder      : binding parameter [30] as [VARCHAR] - [null]
Hibernate: 
    insert 
    into
        yhteystieto
        (id, version, kieli, organisaatio_id, yhteystieto_oid, coordinatetype, extrarivi, lat, lng, maa, osavaltio, osoite, osoite_tyyppi, postinumero, postitoimipaikka, ytjpaivityspvm, dtype) 
    values
        (null, ?, ?, ?, ?, ?, ?, ?, ?, ?, ?, ?, ?, ?, ?, ?, 'Osoite')
2020-06-10 18:11:29.073 TRACE 55751 --- [    Test worker] o.h.type.descriptor.sql.BasicBinder      : binding parameter [1] as [BIGINT] - [0]
2020-06-10 18:11:29.073 TRACE 55751 --- [    Test worker] o.h.type.descriptor.sql.BasicBinder      : binding parameter [2] as [VARCHAR] - [null]
2020-06-10 18:11:29.073 TRACE 55751 --- [    Test worker] o.h.type.descriptor.sql.BasicBinder      : binding parameter [3] as [BIGINT] - [null]
2020-06-10 18:11:29.073 TRACE 55751 --- [    Test worker] o.h.type.descriptor.sql.BasicBinder      : binding parameter [4] as [VARCHAR] - [e539e4fc-fc1b-4fdb-9844-d7441d42baf8]
2020-06-10 18:11:29.073 TRACE 55751 --- [    Test worker] o.h.type.descriptor.sql.BasicBinder      : binding parameter [5] as [VARCHAR] - [null]
2020-06-10 18:11:29.073 TRACE 55751 --- [    Test worker] o.h.type.descriptor.sql.BasicBinder      : binding parameter [6] as [VARCHAR] - [null]
2020-06-10 18:11:29.073 TRACE 55751 --- [    Test worker] o.h.type.descriptor.sql.BasicBinder      : binding parameter [7] as [DOUBLE] - [null]
2020-06-10 18:11:29.073 TRACE 55751 --- [    Test worker] o.h.type.descriptor.sql.BasicBinder      : binding parameter [8] as [DOUBLE] - [null]
2020-06-10 18:11:29.073 TRACE 55751 --- [    Test worker] o.h.type.descriptor.sql.BasicBinder      : binding parameter [9] as [VARCHAR] - [null]
2020-06-10 18:11:29.073 TRACE 55751 --- [    Test worker] o.h.type.descriptor.sql.BasicBinder      : binding parameter [10] as [VARCHAR] - [null]
2020-06-10 18:11:29.073 TRACE 55751 --- [    Test worker] o.h.type.descriptor.sql.BasicBinder      : binding parameter [11] as [VARCHAR] - [katu]
2020-06-10 18:11:29.073 TRACE 55751 --- [    Test worker] o.h.type.descriptor.sql.BasicBinder      : binding parameter [12] as [VARCHAR] - [kaynti]
2020-06-10 18:11:29.073 TRACE 55751 --- [    Test worker] o.h.type.descriptor.sql.BasicBinder      : binding parameter [13] as [VARCHAR] - [0000]
2020-06-10 18:11:29.073 TRACE 55751 --- [    Test worker] o.h.type.descriptor.sql.BasicBinder      : binding parameter [14] as [VARCHAR] - [Helsinki]
2020-06-10 18:11:29.073 TRACE 55751 --- [    Test worker] o.h.type.descriptor.sql.BasicBinder      : binding parameter [15] as [DATE] - [null]
2020-06-10 18:11:29.073  INFO 55751 --- [    Test worker] .s.o.r.i.OrganisaatioSuhdeRepositoryImpl : addChild(28, 30, null)
Hibernate: 
    insert 
    into
        organisaatiosuhde
        (id, version, alkupvm, child_id, loppupvm, opetuspisteenjarjnro, parent_id, suhdetyyppi) 
    values
        (null, ?, ?, ?, ?, ?, ?, ?)
2020-06-10 18:11:29.078 TRACE 55751 --- [    Test worker] o.h.type.descriptor.sql.BasicBinder      : binding parameter [1] as [BIGINT] - [0]
2020-06-10 18:11:29.078 TRACE 55751 --- [    Test worker] o.h.type.descriptor.sql.BasicBinder      : binding parameter [2] as [DATE] - [Wed Jun 10 18:11:29 EEST 2020]
2020-06-10 18:11:29.078 TRACE 55751 --- [    Test worker] o.h.type.descriptor.sql.BasicBinder      : binding parameter [3] as [BIGINT] - [30]
2020-06-10 18:11:29.079 TRACE 55751 --- [    Test worker] o.h.type.descriptor.sql.BasicBinder      : binding parameter [4] as [DATE] - [null]
2020-06-10 18:11:29.079 TRACE 55751 --- [    Test worker] o.h.type.descriptor.sql.BasicBinder      : binding parameter [5] as [VARCHAR] - [null]
2020-06-10 18:11:29.079 TRACE 55751 --- [    Test worker] o.h.type.descriptor.sql.BasicBinder      : binding parameter [6] as [BIGINT] - [28]
2020-06-10 18:11:29.079 TRACE 55751 --- [    Test worker] o.h.type.descriptor.sql.BasicBinder      : binding parameter [7] as [VARCHAR] - [HISTORIA]
2020-06-10 18:11:29.079  INFO 55751 --- [    Test worker] .s.o.r.i.OrganisaatioSuhdeRepositoryImpl :     Created new child relation:  --> pId=28, cId=30, aPvm=Wed Jun 10 18:11:29 EEST 2020, lPvm=null
2020-06-10 18:11:29.079  INFO 55751 --- [    Test worker] f.v.s.o.r.OrganisaatioRepositoryImplTest : YHTEYSTIEDOT: 1
2020-06-10 18:11:29.079  INFO 55751 --- [    Test worker] f.v.s.o.r.OrganisaatioRepositoryImplTest : PARENTS: 1
Hibernate: 
    update
        organisaatio 
    set
        version=?,
        alkupvm=?,
        domainnimi=?,
        kotipaikka=?,
        kuvaus_mkt=?,
        lakkautuspvm=?,
        maa=?,
        metadata_id=?,
        nimi_mkt=?,
        nimihaku=?,
        oid=?,
        opetuspisteenjarjnro=?,
        oppilaitoskoodi=?,
        oppilaitos_tyyppi=?,
        organisaatio_poistettu=?,
        paivittaja=?,
        paivityspvm=?,
        parentidpath=?,
        parentoidpath=?,
        piilotettu=?,
        tarkastus_pvm=?,
        toimipistekoodi=?,
        tuontipvm=?,
        varhaiskasvatuksen_toimipaikka_tiedot_id=?,
        virastotunnus=?,
        yhteishaunkoulukoodi=?,
        yritysmuoto=?,
        ytj_kieli=?,
        ytjpaivityspvm=?,
        ytunnus=? 
    where
        id=? 
        and version=?
2020-06-10 18:11:29.082 TRACE 55751 --- [    Test worker] o.h.type.descriptor.sql.BasicBinder      : binding parameter [1] as [BIGINT] - [1]
2020-06-10 18:11:29.082 TRACE 55751 --- [    Test worker] o.h.type.descriptor.sql.BasicBinder      : binding parameter [2] as [DATE] - [null]
2020-06-10 18:11:29.082 TRACE 55751 --- [    Test worker] o.h.type.descriptor.sql.BasicBinder      : binding parameter [3] as [VARCHAR] - [null]
2020-06-10 18:11:29.082 TRACE 55751 --- [    Test worker] o.h.type.descriptor.sql.BasicBinder      : binding parameter [4] as [VARCHAR] - [null]
2020-06-10 18:11:29.082 TRACE 55751 --- [    Test worker] o.h.type.descriptor.sql.BasicBinder      : binding parameter [5] as [BIGINT] - [null]
2020-06-10 18:11:29.082 TRACE 55751 --- [    Test worker] o.h.type.descriptor.sql.BasicBinder      : binding parameter [6] as [DATE] - [null]
2020-06-10 18:11:29.082 TRACE 55751 --- [    Test worker] o.h.type.descriptor.sql.BasicBinder      : binding parameter [7] as [VARCHAR] - [null]
2020-06-10 18:11:29.082 TRACE 55751 --- [    Test worker] o.h.type.descriptor.sql.BasicBinder      : binding parameter [8] as [BIGINT] - [null]
2020-06-10 18:11:29.082 TRACE 55751 --- [    Test worker] o.h.type.descriptor.sql.BasicBinder      : binding parameter [9] as [BIGINT] - [16]
2020-06-10 18:11:29.082 TRACE 55751 --- [    Test worker] o.h.type.descriptor.sql.BasicBinder      : binding parameter [10] as [VARCHAR] - [null]
2020-06-10 18:11:29.082 TRACE 55751 --- [    Test worker] o.h.type.descriptor.sql.BasicBinder      : binding parameter [11] as [VARCHAR] - [4437113781045784766]
2020-06-10 18:11:29.082 TRACE 55751 --- [    Test worker] o.h.type.descriptor.sql.BasicBinder      : binding parameter [12] as [VARCHAR] - [null]
2020-06-10 18:11:29.083 TRACE 55751 --- [    Test worker] o.h.type.descriptor.sql.BasicBinder      : binding parameter [13] as [VARCHAR] - [null]
2020-06-10 18:11:29.083 TRACE 55751 --- [    Test worker] o.h.type.descriptor.sql.BasicBinder      : binding parameter [14] as [VARCHAR] - [null]
2020-06-10 18:11:29.083 TRACE 55751 --- [    Test worker] o.h.type.descriptor.sql.BasicBinder      : binding parameter [15] as [BOOLEAN] - [false]
2020-06-10 18:11:29.083 TRACE 55751 --- [    Test worker] o.h.type.descriptor.sql.BasicBinder      : binding parameter [16] as [VARCHAR] - [null]
2020-06-10 18:11:29.083 TRACE 55751 --- [    Test worker] o.h.type.descriptor.sql.BasicBinder      : binding parameter [17] as [TIMESTAMP] - [null]
2020-06-10 18:11:29.083 TRACE 55751 --- [    Test worker] o.h.type.descriptor.sql.BasicBinder      : binding parameter [18] as [VARCHAR] - [|24|]
2020-06-10 18:11:29.083 TRACE 55751 --- [    Test worker] o.h.type.descriptor.sql.BasicBinder      : binding parameter [19] as [VARCHAR] - [|-4962768465676381896|]
2020-06-10 18:11:29.083 TRACE 55751 --- [    Test worker] o.h.type.descriptor.sql.BasicBinder      : binding parameter [20] as [BOOLEAN] - [false]
2020-06-10 18:11:29.083 TRACE 55751 --- [    Test worker] o.h.type.descriptor.sql.BasicBinder      : binding parameter [21] as [TIMESTAMP] - [null]
2020-06-10 18:11:29.083 TRACE 55751 --- [    Test worker] o.h.type.descriptor.sql.BasicBinder      : binding parameter [22] as [VARCHAR] - [null]
2020-06-10 18:11:29.083 TRACE 55751 --- [    Test worker] o.h.type.descriptor.sql.BasicBinder      : binding parameter [23] as [TIMESTAMP] - [null]
2020-06-10 18:11:29.083 TRACE 55751 --- [    Test worker] o.h.type.descriptor.sql.BasicBinder      : binding parameter [24] as [BIGINT] - [null]
2020-06-10 18:11:29.083 TRACE 55751 --- [    Test worker] o.h.type.descriptor.sql.BasicBinder      : binding parameter [25] as [VARCHAR] - [null]
2020-06-10 18:11:29.083 TRACE 55751 --- [    Test worker] o.h.type.descriptor.sql.BasicBinder      : binding parameter [26] as [VARCHAR] - [null]
2020-06-10 18:11:29.083 TRACE 55751 --- [    Test worker] o.h.type.descriptor.sql.BasicBinder      : binding parameter [27] as [VARCHAR] - [null]
2020-06-10 18:11:29.083 TRACE 55751 --- [    Test worker] o.h.type.descriptor.sql.BasicBinder      : binding parameter [28] as [VARCHAR] - [null]
2020-06-10 18:11:29.083 TRACE 55751 --- [    Test worker] o.h.type.descriptor.sql.BasicBinder      : binding parameter [29] as [DATE] - [null]
2020-06-10 18:11:29.083 TRACE 55751 --- [    Test worker] o.h.type.descriptor.sql.BasicBinder      : binding parameter [30] as [VARCHAR] - [null]
2020-06-10 18:11:29.083 TRACE 55751 --- [    Test worker] o.h.type.descriptor.sql.BasicBinder      : binding parameter [31] as [BIGINT] - [25]
2020-06-10 18:11:29.083 TRACE 55751 --- [    Test worker] o.h.type.descriptor.sql.BasicBinder      : binding parameter [32] as [BIGINT] - [0]
Hibernate: 
    update
        organisaatio 
    set
        version=?,
        alkupvm=?,
        domainnimi=?,
        kotipaikka=?,
        kuvaus_mkt=?,
        lakkautuspvm=?,
        maa=?,
        metadata_id=?,
        nimi_mkt=?,
        nimihaku=?,
        oid=?,
        opetuspisteenjarjnro=?,
        oppilaitoskoodi=?,
        oppilaitos_tyyppi=?,
        organisaatio_poistettu=?,
        paivittaja=?,
        paivityspvm=?,
        parentidpath=?,
        parentoidpath=?,
        piilotettu=?,
        tarkastus_pvm=?,
        toimipistekoodi=?,
        tuontipvm=?,
        varhaiskasvatuksen_toimipaikka_tiedot_id=?,
        virastotunnus=?,
        yhteishaunkoulukoodi=?,
        yritysmuoto=?,
        ytj_kieli=?,
        ytjpaivityspvm=?,
        ytunnus=? 
    where
        id=? 
        and version=?
2020-06-10 18:11:29.084 TRACE 55751 --- [    Test worker] o.h.type.descriptor.sql.BasicBinder      : binding parameter [1] as [BIGINT] - [1]
2020-06-10 18:11:29.084 TRACE 55751 --- [    Test worker] o.h.type.descriptor.sql.BasicBinder      : binding parameter [2] as [DATE] - [null]
2020-06-10 18:11:29.084 TRACE 55751 --- [    Test worker] o.h.type.descriptor.sql.BasicBinder      : binding parameter [3] as [VARCHAR] - [null]
2020-06-10 18:11:29.084 TRACE 55751 --- [    Test worker] o.h.type.descriptor.sql.BasicBinder      : binding parameter [4] as [VARCHAR] - [null]
2020-06-10 18:11:29.084 TRACE 55751 --- [    Test worker] o.h.type.descriptor.sql.BasicBinder      : binding parameter [5] as [BIGINT] - [null]
2020-06-10 18:11:29.084 TRACE 55751 --- [    Test worker] o.h.type.descriptor.sql.BasicBinder      : binding parameter [6] as [DATE] - [null]
2020-06-10 18:11:29.084 TRACE 55751 --- [    Test worker] o.h.type.descriptor.sql.BasicBinder      : binding parameter [7] as [VARCHAR] - [null]
2020-06-10 18:11:29.084 TRACE 55751 --- [    Test worker] o.h.type.descriptor.sql.BasicBinder      : binding parameter [8] as [BIGINT] - [null]
2020-06-10 18:11:29.084 TRACE 55751 --- [    Test worker] o.h.type.descriptor.sql.BasicBinder      : binding parameter [9] as [BIGINT] - [17]
2020-06-10 18:11:29.084 TRACE 55751 --- [    Test worker] o.h.type.descriptor.sql.BasicBinder      : binding parameter [10] as [VARCHAR] - [null]
2020-06-10 18:11:29.084 TRACE 55751 --- [    Test worker] o.h.type.descriptor.sql.BasicBinder      : binding parameter [11] as [VARCHAR] - [-6688467811848818630]
2020-06-10 18:11:29.084 TRACE 55751 --- [    Test worker] o.h.type.descriptor.sql.BasicBinder      : binding parameter [12] as [VARCHAR] - [null]
2020-06-10 18:11:29.084 TRACE 55751 --- [    Test worker] o.h.type.descriptor.sql.BasicBinder      : binding parameter [13] as [VARCHAR] - [null]
2020-06-10 18:11:29.084 TRACE 55751 --- [    Test worker] o.h.type.descriptor.sql.BasicBinder      : binding parameter [14] as [VARCHAR] - [null]
2020-06-10 18:11:29.084 TRACE 55751 --- [    Test worker] o.h.type.descriptor.sql.BasicBinder      : binding parameter [15] as [BOOLEAN] - [false]
2020-06-10 18:11:29.084 TRACE 55751 --- [    Test worker] o.h.type.descriptor.sql.BasicBinder      : binding parameter [16] as [VARCHAR] - [null]
2020-06-10 18:11:29.085 TRACE 55751 --- [    Test worker] o.h.type.descriptor.sql.BasicBinder      : binding parameter [17] as [TIMESTAMP] - [null]
2020-06-10 18:11:29.085 TRACE 55751 --- [    Test worker] o.h.type.descriptor.sql.BasicBinder      : binding parameter [18] as [VARCHAR] - [|24|]
2020-06-10 18:11:29.085 TRACE 55751 --- [    Test worker] o.h.type.descriptor.sql.BasicBinder      : binding parameter [19] as [VARCHAR] - [|-4962768465676381896|]
2020-06-10 18:11:29.085 TRACE 55751 --- [    Test worker] o.h.type.descriptor.sql.BasicBinder      : binding parameter [20] as [BOOLEAN] - [false]
2020-06-10 18:11:29.085 TRACE 55751 --- [    Test worker] o.h.type.descriptor.sql.BasicBinder      : binding parameter [21] as [TIMESTAMP] - [null]
2020-06-10 18:11:29.085 TRACE 55751 --- [    Test worker] o.h.type.descriptor.sql.BasicBinder      : binding parameter [22] as [VARCHAR] - [null]
2020-06-10 18:11:29.085 TRACE 55751 --- [    Test worker] o.h.type.descriptor.sql.BasicBinder      : binding parameter [23] as [TIMESTAMP] - [null]
2020-06-10 18:11:29.085 TRACE 55751 --- [    Test worker] o.h.type.descriptor.sql.BasicBinder      : binding parameter [24] as [BIGINT] - [null]
2020-06-10 18:11:29.085 TRACE 55751 --- [    Test worker] o.h.type.descriptor.sql.BasicBinder      : binding parameter [25] as [VARCHAR] - [null]
2020-06-10 18:11:29.085 TRACE 55751 --- [    Test worker] o.h.type.descriptor.sql.BasicBinder      : binding parameter [26] as [VARCHAR] - [null]
2020-06-10 18:11:29.085 TRACE 55751 --- [    Test worker] o.h.type.descriptor.sql.BasicBinder      : binding parameter [27] as [VARCHAR] - [null]
2020-06-10 18:11:29.085 TRACE 55751 --- [    Test worker] o.h.type.descriptor.sql.BasicBinder      : binding parameter [28] as [VARCHAR] - [null]
2020-06-10 18:11:29.085 TRACE 55751 --- [    Test worker] o.h.type.descriptor.sql.BasicBinder      : binding parameter [29] as [DATE] - [null]
2020-06-10 18:11:29.085 TRACE 55751 --- [    Test worker] o.h.type.descriptor.sql.BasicBinder      : binding parameter [30] as [VARCHAR] - [null]
2020-06-10 18:11:29.085 TRACE 55751 --- [    Test worker] o.h.type.descriptor.sql.BasicBinder      : binding parameter [31] as [BIGINT] - [26]
2020-06-10 18:11:29.085 TRACE 55751 --- [    Test worker] o.h.type.descriptor.sql.BasicBinder      : binding parameter [32] as [BIGINT] - [0]
Hibernate: 
    update
        organisaatio 
    set
        version=?,
        alkupvm=?,
        domainnimi=?,
        kotipaikka=?,
        kuvaus_mkt=?,
        lakkautuspvm=?,
        maa=?,
        metadata_id=?,
        nimi_mkt=?,
        nimihaku=?,
        oid=?,
        opetuspisteenjarjnro=?,
        oppilaitoskoodi=?,
        oppilaitos_tyyppi=?,
        organisaatio_poistettu=?,
        paivittaja=?,
        paivityspvm=?,
        parentidpath=?,
        parentoidpath=?,
        piilotettu=?,
        tarkastus_pvm=?,
        toimipistekoodi=?,
        tuontipvm=?,
        varhaiskasvatuksen_toimipaikka_tiedot_id=?,
        virastotunnus=?,
        yhteishaunkoulukoodi=?,
        yritysmuoto=?,
        ytj_kieli=?,
        ytjpaivityspvm=?,
        ytunnus=? 
    where
        id=? 
        and version=?
2020-06-10 18:11:29.089 TRACE 55751 --- [    Test worker] o.h.type.descriptor.sql.BasicBinder      : binding parameter [1] as [BIGINT] - [1]
2020-06-10 18:11:29.089 TRACE 55751 --- [    Test worker] o.h.type.descriptor.sql.BasicBinder      : binding parameter [2] as [DATE] - [null]
2020-06-10 18:11:29.089 TRACE 55751 --- [    Test worker] o.h.type.descriptor.sql.BasicBinder      : binding parameter [3] as [VARCHAR] - [null]
2020-06-10 18:11:29.090 TRACE 55751 --- [    Test worker] o.h.type.descriptor.sql.BasicBinder      : binding parameter [4] as [VARCHAR] - [null]
2020-06-10 18:11:29.090 TRACE 55751 --- [    Test worker] o.h.type.descriptor.sql.BasicBinder      : binding parameter [5] as [BIGINT] - [null]
2020-06-10 18:11:29.090 TRACE 55751 --- [    Test worker] o.h.type.descriptor.sql.BasicBinder      : binding parameter [6] as [DATE] - [null]
2020-06-10 18:11:29.090 TRACE 55751 --- [    Test worker] o.h.type.descriptor.sql.BasicBinder      : binding parameter [7] as [VARCHAR] - [null]
2020-06-10 18:11:29.090 TRACE 55751 --- [    Test worker] o.h.type.descriptor.sql.BasicBinder      : binding parameter [8] as [BIGINT] - [null]
2020-06-10 18:11:29.090 TRACE 55751 --- [    Test worker] o.h.type.descriptor.sql.BasicBinder      : binding parameter [9] as [BIGINT] - [18]
2020-06-10 18:11:29.090 TRACE 55751 --- [    Test worker] o.h.type.descriptor.sql.BasicBinder      : binding parameter [10] as [VARCHAR] - [null]
2020-06-10 18:11:29.090 TRACE 55751 --- [    Test worker] o.h.type.descriptor.sql.BasicBinder      : binding parameter [11] as [VARCHAR] - [-8292973307042192125]
2020-06-10 18:11:29.090 TRACE 55751 --- [    Test worker] o.h.type.descriptor.sql.BasicBinder      : binding parameter [12] as [VARCHAR] - [null]
2020-06-10 18:11:29.090 TRACE 55751 --- [    Test worker] o.h.type.descriptor.sql.BasicBinder      : binding parameter [13] as [VARCHAR] - [null]
2020-06-10 18:11:29.090 TRACE 55751 --- [    Test worker] o.h.type.descriptor.sql.BasicBinder      : binding parameter [14] as [VARCHAR] - [null]
2020-06-10 18:11:29.090 TRACE 55751 --- [    Test worker] o.h.type.descriptor.sql.BasicBinder      : binding parameter [15] as [BOOLEAN] - [false]
2020-06-10 18:11:29.090 TRACE 55751 --- [    Test worker] o.h.type.descriptor.sql.BasicBinder      : binding parameter [16] as [VARCHAR] - [null]
2020-06-10 18:11:29.090 TRACE 55751 --- [    Test worker] o.h.type.descriptor.sql.BasicBinder      : binding parameter [17] as [TIMESTAMP] - [null]
2020-06-10 18:11:29.090 TRACE 55751 --- [    Test worker] o.h.type.descriptor.sql.BasicBinder      : binding parameter [18] as [VARCHAR] - [|24|25|]
2020-06-10 18:11:29.090 TRACE 55751 --- [    Test worker] o.h.type.descriptor.sql.BasicBinder      : binding parameter [19] as [VARCHAR] - [|-4962768465676381896|4437113781045784766|]
2020-06-10 18:11:29.090 TRACE 55751 --- [    Test worker] o.h.type.descriptor.sql.BasicBinder      : binding parameter [20] as [BOOLEAN] - [false]
2020-06-10 18:11:29.090 TRACE 55751 --- [    Test worker] o.h.type.descriptor.sql.BasicBinder      : binding parameter [21] as [TIMESTAMP] - [null]
2020-06-10 18:11:29.090 TRACE 55751 --- [    Test worker] o.h.type.descriptor.sql.BasicBinder      : binding parameter [22] as [VARCHAR] - [null]
2020-06-10 18:11:29.090 TRACE 55751 --- [    Test worker] o.h.type.descriptor.sql.BasicBinder      : binding parameter [23] as [TIMESTAMP] - [null]
2020-06-10 18:11:29.090 TRACE 55751 --- [    Test worker] o.h.type.descriptor.sql.BasicBinder      : binding parameter [24] as [BIGINT] - [null]
2020-06-10 18:11:29.090 TRACE 55751 --- [    Test worker] o.h.type.descriptor.sql.BasicBinder      : binding parameter [25] as [VARCHAR] - [null]
2020-06-10 18:11:29.090 TRACE 55751 --- [    Test worker] o.h.type.descriptor.sql.BasicBinder      : binding parameter [26] as [VARCHAR] - [null]
2020-06-10 18:11:29.090 TRACE 55751 --- [    Test worker] o.h.type.descriptor.sql.BasicBinder      : binding parameter [27] as [VARCHAR] - [null]
2020-06-10 18:11:29.090 TRACE 55751 --- [    Test worker] o.h.type.descriptor.sql.BasicBinder      : binding parameter [28] as [VARCHAR] - [null]
2020-06-10 18:11:29.090 TRACE 55751 --- [    Test worker] o.h.type.descriptor.sql.BasicBinder      : binding parameter [29] as [DATE] - [null]
2020-06-10 18:11:29.090 TRACE 55751 --- [    Test worker] o.h.type.descriptor.sql.BasicBinder      : binding parameter [30] as [VARCHAR] - [null]
2020-06-10 18:11:29.090 TRACE 55751 --- [    Test worker] o.h.type.descriptor.sql.BasicBinder      : binding parameter [31] as [BIGINT] - [27]
2020-06-10 18:11:29.090 TRACE 55751 --- [    Test worker] o.h.type.descriptor.sql.BasicBinder      : binding parameter [32] as [BIGINT] - [0]
Hibernate: 
    update
        organisaatio 
    set
        version=?,
        alkupvm=?,
        domainnimi=?,
        kotipaikka=?,
        kuvaus_mkt=?,
        lakkautuspvm=?,
        maa=?,
        metadata_id=?,
        nimi_mkt=?,
        nimihaku=?,
        oid=?,
        opetuspisteenjarjnro=?,
        oppilaitoskoodi=?,
        oppilaitos_tyyppi=?,
        organisaatio_poistettu=?,
        paivittaja=?,
        paivityspvm=?,
        parentidpath=?,
        parentoidpath=?,
        piilotettu=?,
        tarkastus_pvm=?,
        toimipistekoodi=?,
        tuontipvm=?,
        varhaiskasvatuksen_toimipaikka_tiedot_id=?,
        virastotunnus=?,
        yhteishaunkoulukoodi=?,
        yritysmuoto=?,
        ytj_kieli=?,
        ytjpaivityspvm=?,
        ytunnus=? 
    where
        id=? 
        and version=?
2020-06-10 18:11:29.091 TRACE 55751 --- [    Test worker] o.h.type.descriptor.sql.BasicBinder      : binding parameter [1] as [BIGINT] - [1]
2020-06-10 18:11:29.091 TRACE 55751 --- [    Test worker] o.h.type.descriptor.sql.BasicBinder      : binding parameter [2] as [DATE] - [null]
2020-06-10 18:11:29.091 TRACE 55751 --- [    Test worker] o.h.type.descriptor.sql.BasicBinder      : binding parameter [3] as [VARCHAR] - [null]
2020-06-10 18:11:29.091 TRACE 55751 --- [    Test worker] o.h.type.descriptor.sql.BasicBinder      : binding parameter [4] as [VARCHAR] - [null]
2020-06-10 18:11:29.091 TRACE 55751 --- [    Test worker] o.h.type.descriptor.sql.BasicBinder      : binding parameter [5] as [BIGINT] - [null]
2020-06-10 18:11:29.091 TRACE 55751 --- [    Test worker] o.h.type.descriptor.sql.BasicBinder      : binding parameter [6] as [DATE] - [null]
2020-06-10 18:11:29.091 TRACE 55751 --- [    Test worker] o.h.type.descriptor.sql.BasicBinder      : binding parameter [7] as [VARCHAR] - [null]
2020-06-10 18:11:29.091 TRACE 55751 --- [    Test worker] o.h.type.descriptor.sql.BasicBinder      : binding parameter [8] as [BIGINT] - [null]
2020-06-10 18:11:29.091 TRACE 55751 --- [    Test worker] o.h.type.descriptor.sql.BasicBinder      : binding parameter [9] as [BIGINT] - [19]
2020-06-10 18:11:29.091 TRACE 55751 --- [    Test worker] o.h.type.descriptor.sql.BasicBinder      : binding parameter [10] as [VARCHAR] - [null]
2020-06-10 18:11:29.092 TRACE 55751 --- [    Test worker] o.h.type.descriptor.sql.BasicBinder      : binding parameter [11] as [VARCHAR] - [-7423979211207825555]
2020-06-10 18:11:29.092 TRACE 55751 --- [    Test worker] o.h.type.descriptor.sql.BasicBinder      : binding parameter [12] as [VARCHAR] - [null]
2020-06-10 18:11:29.092 TRACE 55751 --- [    Test worker] o.h.type.descriptor.sql.BasicBinder      : binding parameter [13] as [VARCHAR] - [null]
2020-06-10 18:11:29.092 TRACE 55751 --- [    Test worker] o.h.type.descriptor.sql.BasicBinder      : binding parameter [14] as [VARCHAR] - [null]
2020-06-10 18:11:29.092 TRACE 55751 --- [    Test worker] o.h.type.descriptor.sql.BasicBinder      : binding parameter [15] as [BOOLEAN] - [false]
2020-06-10 18:11:29.092 TRACE 55751 --- [    Test worker] o.h.type.descriptor.sql.BasicBinder      : binding parameter [16] as [VARCHAR] - [null]
2020-06-10 18:11:29.092 TRACE 55751 --- [    Test worker] o.h.type.descriptor.sql.BasicBinder      : binding parameter [17] as [TIMESTAMP] - [null]
2020-06-10 18:11:29.092 TRACE 55751 --- [    Test worker] o.h.type.descriptor.sql.BasicBinder      : binding parameter [18] as [VARCHAR] - [|24|26|]
2020-06-10 18:11:29.092 TRACE 55751 --- [    Test worker] o.h.type.descriptor.sql.BasicBinder      : binding parameter [19] as [VARCHAR] - [|-4962768465676381896|-6688467811848818630|]
2020-06-10 18:11:29.092 TRACE 55751 --- [    Test worker] o.h.type.descriptor.sql.BasicBinder      : binding parameter [20] as [BOOLEAN] - [false]
2020-06-10 18:11:29.092 TRACE 55751 --- [    Test worker] o.h.type.descriptor.sql.BasicBinder      : binding parameter [21] as [TIMESTAMP] - [null]
2020-06-10 18:11:29.092 TRACE 55751 --- [    Test worker] o.h.type.descriptor.sql.BasicBinder      : binding parameter [22] as [VARCHAR] - [null]
2020-06-10 18:11:29.092 TRACE 55751 --- [    Test worker] o.h.type.descriptor.sql.BasicBinder      : binding parameter [23] as [TIMESTAMP] - [null]
2020-06-10 18:11:29.092 TRACE 55751 --- [    Test worker] o.h.type.descriptor.sql.BasicBinder      : binding parameter [24] as [BIGINT] - [null]
2020-06-10 18:11:29.092 TRACE 55751 --- [    Test worker] o.h.type.descriptor.sql.BasicBinder      : binding parameter [25] as [VARCHAR] - [null]
2020-06-10 18:11:29.092 TRACE 55751 --- [    Test worker] o.h.type.descriptor.sql.BasicBinder      : binding parameter [26] as [VARCHAR] - [null]
2020-06-10 18:11:29.092 TRACE 55751 --- [    Test worker] o.h.type.descriptor.sql.BasicBinder      : binding parameter [27] as [VARCHAR] - [null]
2020-06-10 18:11:29.092 TRACE 55751 --- [    Test worker] o.h.type.descriptor.sql.BasicBinder      : binding parameter [28] as [VARCHAR] - [null]
2020-06-10 18:11:29.092 TRACE 55751 --- [    Test worker] o.h.type.descriptor.sql.BasicBinder      : binding parameter [29] as [DATE] - [null]
2020-06-10 18:11:29.092 TRACE 55751 --- [    Test worker] o.h.type.descriptor.sql.BasicBinder      : binding parameter [30] as [VARCHAR] - [null]
2020-06-10 18:11:29.092 TRACE 55751 --- [    Test worker] o.h.type.descriptor.sql.BasicBinder      : binding parameter [31] as [BIGINT] - [28]
2020-06-10 18:11:29.092 TRACE 55751 --- [    Test worker] o.h.type.descriptor.sql.BasicBinder      : binding parameter [32] as [BIGINT] - [0]
Hibernate: 
    update
        organisaatio 
    set
        version=?,
        alkupvm=?,
        domainnimi=?,
        kotipaikka=?,
        kuvaus_mkt=?,
        lakkautuspvm=?,
        maa=?,
        metadata_id=?,
        nimi_mkt=?,
        nimihaku=?,
        oid=?,
        opetuspisteenjarjnro=?,
        oppilaitoskoodi=?,
        oppilaitos_tyyppi=?,
        organisaatio_poistettu=?,
        paivittaja=?,
        paivityspvm=?,
        parentidpath=?,
        parentoidpath=?,
        piilotettu=?,
        tarkastus_pvm=?,
        toimipistekoodi=?,
        tuontipvm=?,
        varhaiskasvatuksen_toimipaikka_tiedot_id=?,
        virastotunnus=?,
        yhteishaunkoulukoodi=?,
        yritysmuoto=?,
        ytj_kieli=?,
        ytjpaivityspvm=?,
        ytunnus=? 
    where
        id=? 
        and version=?
2020-06-10 18:11:29.093 TRACE 55751 --- [    Test worker] o.h.type.descriptor.sql.BasicBinder      : binding parameter [1] as [BIGINT] - [1]
2020-06-10 18:11:29.093 TRACE 55751 --- [    Test worker] o.h.type.descriptor.sql.BasicBinder      : binding parameter [2] as [DATE] - [null]
2020-06-10 18:11:29.093 TRACE 55751 --- [    Test worker] o.h.type.descriptor.sql.BasicBinder      : binding parameter [3] as [VARCHAR] - [null]
2020-06-10 18:11:29.093 TRACE 55751 --- [    Test worker] o.h.type.descriptor.sql.BasicBinder      : binding parameter [4] as [VARCHAR] - [null]
2020-06-10 18:11:29.093 TRACE 55751 --- [    Test worker] o.h.type.descriptor.sql.BasicBinder      : binding parameter [5] as [BIGINT] - [null]
2020-06-10 18:11:29.093 TRACE 55751 --- [    Test worker] o.h.type.descriptor.sql.BasicBinder      : binding parameter [6] as [DATE] - [null]
2020-06-10 18:11:29.093 TRACE 55751 --- [    Test worker] o.h.type.descriptor.sql.BasicBinder      : binding parameter [7] as [VARCHAR] - [null]
2020-06-10 18:11:29.093 TRACE 55751 --- [    Test worker] o.h.type.descriptor.sql.BasicBinder      : binding parameter [8] as [BIGINT] - [null]
2020-06-10 18:11:29.093 TRACE 55751 --- [    Test worker] o.h.type.descriptor.sql.BasicBinder      : binding parameter [9] as [BIGINT] - [20]
2020-06-10 18:11:29.093 TRACE 55751 --- [    Test worker] o.h.type.descriptor.sql.BasicBinder      : binding parameter [10] as [VARCHAR] - [null]
2020-06-10 18:11:29.094 TRACE 55751 --- [    Test worker] o.h.type.descriptor.sql.BasicBinder      : binding parameter [11] as [VARCHAR] - [6146794652083548235]
2020-06-10 18:11:29.094 TRACE 55751 --- [    Test worker] o.h.type.descriptor.sql.BasicBinder      : binding parameter [12] as [VARCHAR] - [null]
2020-06-10 18:11:29.094 TRACE 55751 --- [    Test worker] o.h.type.descriptor.sql.BasicBinder      : binding parameter [13] as [VARCHAR] - [null]
2020-06-10 18:11:29.094 TRACE 55751 --- [    Test worker] o.h.type.descriptor.sql.BasicBinder      : binding parameter [14] as [VARCHAR] - [null]
2020-06-10 18:11:29.094 TRACE 55751 --- [    Test worker] o.h.type.descriptor.sql.BasicBinder      : binding parameter [15] as [BOOLEAN] - [true]
2020-06-10 18:11:29.094 TRACE 55751 --- [    Test worker] o.h.type.descriptor.sql.BasicBinder      : binding parameter [16] as [VARCHAR] - [null]
2020-06-10 18:11:29.094 TRACE 55751 --- [    Test worker] o.h.type.descriptor.sql.BasicBinder      : binding parameter [17] as [TIMESTAMP] - [null]
2020-06-10 18:11:29.094 TRACE 55751 --- [    Test worker] o.h.type.descriptor.sql.BasicBinder      : binding parameter [18] as [VARCHAR] - [|24|]
2020-06-10 18:11:29.094 TRACE 55751 --- [    Test worker] o.h.type.descriptor.sql.BasicBinder      : binding parameter [19] as [VARCHAR] - [|-4962768465676381896|]
2020-06-10 18:11:29.094 TRACE 55751 --- [    Test worker] o.h.type.descriptor.sql.BasicBinder      : binding parameter [20] as [BOOLEAN] - [false]
2020-06-10 18:11:29.094 TRACE 55751 --- [    Test worker] o.h.type.descriptor.sql.BasicBinder      : binding parameter [21] as [TIMESTAMP] - [null]
2020-06-10 18:11:29.094 TRACE 55751 --- [    Test worker] o.h.type.descriptor.sql.BasicBinder      : binding parameter [22] as [VARCHAR] - [null]
2020-06-10 18:11:29.094 TRACE 55751 --- [    Test worker] o.h.type.descriptor.sql.BasicBinder      : binding parameter [23] as [TIMESTAMP] - [null]
2020-06-10 18:11:29.094 TRACE 55751 --- [    Test worker] o.h.type.descriptor.sql.BasicBinder      : binding parameter [24] as [BIGINT] - [null]
2020-06-10 18:11:29.094 TRACE 55751 --- [    Test worker] o.h.type.descriptor.sql.BasicBinder      : binding parameter [25] as [VARCHAR] - [null]
2020-06-10 18:11:29.094 TRACE 55751 --- [    Test worker] o.h.type.descriptor.sql.BasicBinder      : binding parameter [26] as [VARCHAR] - [null]
2020-06-10 18:11:29.094 TRACE 55751 --- [    Test worker] o.h.type.descriptor.sql.BasicBinder      : binding parameter [27] as [VARCHAR] - [null]
2020-06-10 18:11:29.094 TRACE 55751 --- [    Test worker] o.h.type.descriptor.sql.BasicBinder      : binding parameter [28] as [VARCHAR] - [null]
2020-06-10 18:11:29.094 TRACE 55751 --- [    Test worker] o.h.type.descriptor.sql.BasicBinder      : binding parameter [29] as [DATE] - [null]
2020-06-10 18:11:29.094 TRACE 55751 --- [    Test worker] o.h.type.descriptor.sql.BasicBinder      : binding parameter [30] as [VARCHAR] - [null]
2020-06-10 18:11:29.095 TRACE 55751 --- [    Test worker] o.h.type.descriptor.sql.BasicBinder      : binding parameter [31] as [BIGINT] - [29]
2020-06-10 18:11:29.095 TRACE 55751 --- [    Test worker] o.h.type.descriptor.sql.BasicBinder      : binding parameter [32] as [BIGINT] - [0]
Hibernate: 
    update
        organisaatio 
    set
        version=?,
        alkupvm=?,
        domainnimi=?,
        kotipaikka=?,
        kuvaus_mkt=?,
        lakkautuspvm=?,
        maa=?,
        metadata_id=?,
        nimi_mkt=?,
        nimihaku=?,
        oid=?,
        opetuspisteenjarjnro=?,
        oppilaitoskoodi=?,
        oppilaitos_tyyppi=?,
        organisaatio_poistettu=?,
        paivittaja=?,
        paivityspvm=?,
        parentidpath=?,
        parentoidpath=?,
        piilotettu=?,
        tarkastus_pvm=?,
        toimipistekoodi=?,
        tuontipvm=?,
        varhaiskasvatuksen_toimipaikka_tiedot_id=?,
        virastotunnus=?,
        yhteishaunkoulukoodi=?,
        yritysmuoto=?,
        ytj_kieli=?,
        ytjpaivityspvm=?,
        ytunnus=? 
    where
        id=? 
        and version=?
2020-06-10 18:11:29.096 TRACE 55751 --- [    Test worker] o.h.type.descriptor.sql.BasicBinder      : binding parameter [1] as [BIGINT] - [1]
2020-06-10 18:11:29.096 TRACE 55751 --- [    Test worker] o.h.type.descriptor.sql.BasicBinder      : binding parameter [2] as [DATE] - [null]
2020-06-10 18:11:29.096 TRACE 55751 --- [    Test worker] o.h.type.descriptor.sql.BasicBinder      : binding parameter [3] as [VARCHAR] - [null]
2020-06-10 18:11:29.096 TRACE 55751 --- [    Test worker] o.h.type.descriptor.sql.BasicBinder      : binding parameter [4] as [VARCHAR] - [null]
2020-06-10 18:11:29.096 TRACE 55751 --- [    Test worker] o.h.type.descriptor.sql.BasicBinder      : binding parameter [5] as [BIGINT] - [null]
2020-06-10 18:11:29.096 TRACE 55751 --- [    Test worker] o.h.type.descriptor.sql.BasicBinder      : binding parameter [6] as [DATE] - [null]
2020-06-10 18:11:29.096 TRACE 55751 --- [    Test worker] o.h.type.descriptor.sql.BasicBinder      : binding parameter [7] as [VARCHAR] - [null]
2020-06-10 18:11:29.096 TRACE 55751 --- [    Test worker] o.h.type.descriptor.sql.BasicBinder      : binding parameter [8] as [BIGINT] - [null]
2020-06-10 18:11:29.096 TRACE 55751 --- [    Test worker] o.h.type.descriptor.sql.BasicBinder      : binding parameter [9] as [BIGINT] - [21]
2020-06-10 18:11:29.096 TRACE 55751 --- [    Test worker] o.h.type.descriptor.sql.BasicBinder      : binding parameter [10] as [VARCHAR] - [null]
2020-06-10 18:11:29.096 TRACE 55751 --- [    Test worker] o.h.type.descriptor.sql.BasicBinder      : binding parameter [11] as [VARCHAR] - [7105486291024734541]
2020-06-10 18:11:29.096 TRACE 55751 --- [    Test worker] o.h.type.descriptor.sql.BasicBinder      : binding parameter [12] as [VARCHAR] - [null]
2020-06-10 18:11:29.096 TRACE 55751 --- [    Test worker] o.h.type.descriptor.sql.BasicBinder      : binding parameter [13] as [VARCHAR] - [null]
2020-06-10 18:11:29.096 TRACE 55751 --- [    Test worker] o.h.type.descriptor.sql.BasicBinder      : binding parameter [14] as [VARCHAR] - [null]
2020-06-10 18:11:29.096 TRACE 55751 --- [    Test worker] o.h.type.descriptor.sql.BasicBinder      : binding parameter [15] as [BOOLEAN] - [true]
2020-06-10 18:11:29.096 TRACE 55751 --- [    Test worker] o.h.type.descriptor.sql.BasicBinder      : binding parameter [16] as [VARCHAR] - [null]
2020-06-10 18:11:29.096 TRACE 55751 --- [    Test worker] o.h.type.descriptor.sql.BasicBinder      : binding parameter [17] as [TIMESTAMP] - [null]
2020-06-10 18:11:29.096 TRACE 55751 --- [    Test worker] o.h.type.descriptor.sql.BasicBinder      : binding parameter [18] as [VARCHAR] - [|24|26|28|]
2020-06-10 18:11:29.096 TRACE 55751 --- [    Test worker] o.h.type.descriptor.sql.BasicBinder      : binding parameter [19] as [VARCHAR] - [|-4962768465676381896|-6688467811848818630|-7423979211207825555|]
2020-06-10 18:11:29.096 TRACE 55751 --- [    Test worker] o.h.type.descriptor.sql.BasicBinder      : binding parameter [20] as [BOOLEAN] - [false]
2020-06-10 18:11:29.096 TRACE 55751 --- [    Test worker] o.h.type.descriptor.sql.BasicBinder      : binding parameter [21] as [TIMESTAMP] - [null]
2020-06-10 18:11:29.096 TRACE 55751 --- [    Test worker] o.h.type.descriptor.sql.BasicBinder      : binding parameter [22] as [VARCHAR] - [null]
2020-06-10 18:11:29.096 TRACE 55751 --- [    Test worker] o.h.type.descriptor.sql.BasicBinder      : binding parameter [23] as [TIMESTAMP] - [null]
2020-06-10 18:11:29.096 TRACE 55751 --- [    Test worker] o.h.type.descriptor.sql.BasicBinder      : binding parameter [24] as [BIGINT] - [null]
2020-06-10 18:11:29.096 TRACE 55751 --- [    Test worker] o.h.type.descriptor.sql.BasicBinder      : binding parameter [25] as [VARCHAR] - [null]
2020-06-10 18:11:29.097 TRACE 55751 --- [    Test worker] o.h.type.descriptor.sql.BasicBinder      : binding parameter [26] as [VARCHAR] - [null]
2020-06-10 18:11:29.097 TRACE 55751 --- [    Test worker] o.h.type.descriptor.sql.BasicBinder      : binding parameter [27] as [VARCHAR] - [null]
2020-06-10 18:11:29.097 TRACE 55751 --- [    Test worker] o.h.type.descriptor.sql.BasicBinder      : binding parameter [28] as [VARCHAR] - [null]
2020-06-10 18:11:29.097 TRACE 55751 --- [    Test worker] o.h.type.descriptor.sql.BasicBinder      : binding parameter [29] as [DATE] - [null]
2020-06-10 18:11:29.097 TRACE 55751 --- [    Test worker] o.h.type.descriptor.sql.BasicBinder      : binding parameter [30] as [VARCHAR] - [null]
2020-06-10 18:11:29.097 TRACE 55751 --- [    Test worker] o.h.type.descriptor.sql.BasicBinder      : binding parameter [31] as [BIGINT] - [30]
2020-06-10 18:11:29.097 TRACE 55751 --- [    Test worker] o.h.type.descriptor.sql.BasicBinder      : binding parameter [32] as [BIGINT] - [0]
Hibernate: 
    insert 
    into
        monikielinen_teksti_values
        (id, key, value) 
    values
        (?, ?, ?)
2020-06-10 18:11:29.097 TRACE 55751 --- [    Test worker] o.h.type.descriptor.sql.BasicBinder      : binding parameter [1] as [BIGINT] - [15]
2020-06-10 18:11:29.097 TRACE 55751 --- [    Test worker] o.h.type.descriptor.sql.BasicBinder      : binding parameter [2] as [VARCHAR] - [FI]
2020-06-10 18:11:29.097 TRACE 55751 --- [    Test worker] o.h.type.descriptor.sql.BasicBinder      : binding parameter [3] as [VARCHAR] - [A]
Hibernate: 
    insert 
    into
        monikielinen_teksti_values
        (id, key, value) 
    values
        (?, ?, ?)
2020-06-10 18:11:29.098 TRACE 55751 --- [    Test worker] o.h.type.descriptor.sql.BasicBinder      : binding parameter [1] as [BIGINT] - [16]
2020-06-10 18:11:29.098 TRACE 55751 --- [    Test worker] o.h.type.descriptor.sql.BasicBinder      : binding parameter [2] as [VARCHAR] - [FI]
2020-06-10 18:11:29.098 TRACE 55751 --- [    Test worker] o.h.type.descriptor.sql.BasicBinder      : binding parameter [3] as [VARCHAR] - [B]
Hibernate: 
    insert 
    into
        monikielinen_teksti_values
        (id, key, value) 
    values
        (?, ?, ?)
2020-06-10 18:11:29.098 TRACE 55751 --- [    Test worker] o.h.type.descriptor.sql.BasicBinder      : binding parameter [1] as [BIGINT] - [17]
2020-06-10 18:11:29.098 TRACE 55751 --- [    Test worker] o.h.type.descriptor.sql.BasicBinder      : binding parameter [2] as [VARCHAR] - [FI]
2020-06-10 18:11:29.098 TRACE 55751 --- [    Test worker] o.h.type.descriptor.sql.BasicBinder      : binding parameter [3] as [VARCHAR] - [C]
Hibernate: 
    insert 
    into
        monikielinen_teksti_values
        (id, key, value) 
    values
        (?, ?, ?)
2020-06-10 18:11:29.098 TRACE 55751 --- [    Test worker] o.h.type.descriptor.sql.BasicBinder      : binding parameter [1] as [BIGINT] - [18]
2020-06-10 18:11:29.098 TRACE 55751 --- [    Test worker] o.h.type.descriptor.sql.BasicBinder      : binding parameter [2] as [VARCHAR] - [FI]
2020-06-10 18:11:29.098 TRACE 55751 --- [    Test worker] o.h.type.descriptor.sql.BasicBinder      : binding parameter [3] as [VARCHAR] - [D]
Hibernate: 
    insert 
    into
        monikielinen_teksti_values
        (id, key, value) 
    values
        (?, ?, ?)
2020-06-10 18:11:29.099 TRACE 55751 --- [    Test worker] o.h.type.descriptor.sql.BasicBinder      : binding parameter [1] as [BIGINT] - [19]
2020-06-10 18:11:29.099 TRACE 55751 --- [    Test worker] o.h.type.descriptor.sql.BasicBinder      : binding parameter [2] as [VARCHAR] - [FI]
2020-06-10 18:11:29.099 TRACE 55751 --- [    Test worker] o.h.type.descriptor.sql.BasicBinder      : binding parameter [3] as [VARCHAR] - [E]
Hibernate: 
    insert 
    into
        monikielinen_teksti_values
        (id, key, value) 
    values
        (?, ?, ?)
2020-06-10 18:11:29.099 TRACE 55751 --- [    Test worker] o.h.type.descriptor.sql.BasicBinder      : binding parameter [1] as [BIGINT] - [20]
2020-06-10 18:11:29.099 TRACE 55751 --- [    Test worker] o.h.type.descriptor.sql.BasicBinder      : binding parameter [2] as [VARCHAR] - [FI]
2020-06-10 18:11:29.099 TRACE 55751 --- [    Test worker] o.h.type.descriptor.sql.BasicBinder      : binding parameter [3] as [VARCHAR] - [F]
Hibernate: 
    insert 
    into
        monikielinen_teksti_values
        (id, key, value) 
    values
        (?, ?, ?)
2020-06-10 18:11:29.100 TRACE 55751 --- [    Test worker] o.h.type.descriptor.sql.BasicBinder      : binding parameter [1] as [BIGINT] - [21]
2020-06-10 18:11:29.100 TRACE 55751 --- [    Test worker] o.h.type.descriptor.sql.BasicBinder      : binding parameter [2] as [VARCHAR] - [FI]
2020-06-10 18:11:29.100 TRACE 55751 --- [    Test worker] o.h.type.descriptor.sql.BasicBinder      : binding parameter [3] as [VARCHAR] - [G]
Hibernate: 
    select
        organisaat0_.id as id1_5_,
        organisaat0_.version as version2_5_,
        organisaat0_.alkupvm as alkupvm3_5_,
        organisaat0_.domainnimi as domainni4_5_,
        organisaat0_.kotipaikka as kotipaik5_5_,
        organisaat0_.kuvaus_mkt as kuvaus_28_5_,
        organisaat0_.lakkautuspvm as lakkautu6_5_,
        organisaat0_.maa as maa7_5_,
        organisaat0_.metadata_id as metadat29_5_,
        organisaat0_.nimi_mkt as nimi_mk30_5_,
        organisaat0_.nimihaku as nimihaku8_5_,
        organisaat0_.oid as oid9_5_,
        organisaat0_.opetuspisteenjarjnro as opetusp10_5_,
        organisaat0_.oppilaitoskoodi as oppilai11_5_,
        organisaat0_.oppilaitos_tyyppi as oppilai12_5_,
        organisaat0_.organisaatio_poistettu as organis13_5_,
        organisaat0_.paivittaja as paivitt14_5_,
        organisaat0_.paivityspvm as paivity15_5_,
        organisaat0_.parentidpath as parenti16_5_,
        organisaat0_.parentoidpath as parento17_5_,
        organisaat0_.piilotettu as piilote18_5_,
        organisaat0_.tarkastus_pvm as tarkast19_5_,
        organisaat0_.toimipistekoodi as toimipi20_5_,
        organisaat0_.tuontipvm as tuontip21_5_,
        organisaat0_.varhaiskasvatuksen_toimipaikka_tiedot_id as varhais31_5_,
        organisaat0_.virastotunnus as virasto22_5_,
        organisaat0_.yhteishaunkoulukoodi as yhteish23_5_,
        organisaat0_.yritysmuoto as yritysm24_5_,
        organisaat0_.ytj_kieli as ytj_kie25_5_,
        organisaat0_.ytjpaivityspvm as ytjpaiv26_5_,
        organisaat0_.ytunnus as ytunnus27_5_ 
    from
        organisaatio organisaat0_ 
    where
        organisaat0_.oid=?
2020-06-10 18:11:29.101 TRACE 55751 --- [    Test worker] o.h.type.descriptor.sql.BasicBinder      : binding parameter [1] as [VARCHAR] - [-4962768465676381896]
2020-06-10 18:11:29.101 TRACE 55751 --- [    Test worker] o.h.type.descriptor.sql.BasicExtractor   : extracted value ([id1_5_] : [BIGINT]) - [24]
Hibernate: 
    select
        distinct organisaat0_.id as id1_5_,
        organisaat0_.version as version2_5_,
        organisaat0_.alkupvm as alkupvm3_5_,
        organisaat0_.domainnimi as domainni4_5_,
        organisaat0_.kotipaikka as kotipaik5_5_,
        organisaat0_.kuvaus_mkt as kuvaus_28_5_,
        organisaat0_.lakkautuspvm as lakkautu6_5_,
        organisaat0_.maa as maa7_5_,
        organisaat0_.metadata_id as metadat29_5_,
        organisaat0_.nimi_mkt as nimi_mk30_5_,
        organisaat0_.nimihaku as nimihaku8_5_,
        organisaat0_.oid as oid9_5_,
        organisaat0_.opetuspisteenjarjnro as opetusp10_5_,
        organisaat0_.oppilaitoskoodi as oppilai11_5_,
        organisaat0_.oppilaitos_tyyppi as oppilai12_5_,
        organisaat0_.organisaatio_poistettu as organis13_5_,
        organisaat0_.paivittaja as paivitt14_5_,
        organisaat0_.paivityspvm as paivity15_5_,
        organisaat0_.parentidpath as parenti16_5_,
        organisaat0_.parentoidpath as parento17_5_,
        organisaat0_.piilotettu as piilote18_5_,
        organisaat0_.tarkastus_pvm as tarkast19_5_,
        organisaat0_.toimipistekoodi as toimipi20_5_,
        organisaat0_.tuontipvm as tuontip21_5_,
        organisaat0_.varhaiskasvatuksen_toimipaikka_tiedot_id as varhais31_5_,
        organisaat0_.virastotunnus as virasto22_5_,
        organisaat0_.yhteishaunkoulukoodi as yhteish23_5_,
        organisaat0_.yritysmuoto as yritysm24_5_,
        organisaat0_.ytj_kieli as ytj_kie25_5_,
        organisaat0_.ytjpaivityspvm as ytjpaiv26_5_,
        organisaat0_.ytunnus as ytunnus27_5_ 
    from
        organisaatio organisaat0_ 
    where
        organisaat0_.parentidpath like ? escape '!'
2020-06-10 18:11:29.106 TRACE 55751 --- [    Test worker] o.h.type.descriptor.sql.BasicBinder      : binding parameter [1] as [VARCHAR] - [%|24|]
2020-06-10 18:11:29.106 TRACE 55751 --- [    Test worker] o.h.type.descriptor.sql.BasicExtractor   : extracted value ([id1_5_] : [BIGINT]) - [29]
2020-06-10 18:11:29.107 TRACE 55751 --- [    Test worker] o.h.type.descriptor.sql.BasicExtractor   : extracted value ([id1_5_] : [BIGINT]) - [26]
2020-06-10 18:11:29.107 TRACE 55751 --- [    Test worker] o.h.type.descriptor.sql.BasicExtractor   : extracted value ([id1_5_] : [BIGINT]) - [25]
Hibernate: 
    select
        organisaat0_.id as id1_5_,
        organisaat0_.version as version2_5_,
        organisaat0_.alkupvm as alkupvm3_5_,
        organisaat0_.domainnimi as domainni4_5_,
        organisaat0_.kotipaikka as kotipaik5_5_,
        organisaat0_.kuvaus_mkt as kuvaus_28_5_,
        organisaat0_.lakkautuspvm as lakkautu6_5_,
        organisaat0_.maa as maa7_5_,
        organisaat0_.metadata_id as metadat29_5_,
        organisaat0_.nimi_mkt as nimi_mk30_5_,
        organisaat0_.nimihaku as nimihaku8_5_,
        organisaat0_.oid as oid9_5_,
        organisaat0_.opetuspisteenjarjnro as opetusp10_5_,
        organisaat0_.oppilaitoskoodi as oppilai11_5_,
        organisaat0_.oppilaitos_tyyppi as oppilai12_5_,
        organisaat0_.organisaatio_poistettu as organis13_5_,
        organisaat0_.paivittaja as paivitt14_5_,
        organisaat0_.paivityspvm as paivity15_5_,
        organisaat0_.parentidpath as parenti16_5_,
        organisaat0_.parentoidpath as parento17_5_,
        organisaat0_.piilotettu as piilote18_5_,
        organisaat0_.tarkastus_pvm as tarkast19_5_,
        organisaat0_.toimipistekoodi as toimipi20_5_,
        organisaat0_.tuontipvm as tuontip21_5_,
        organisaat0_.varhaiskasvatuksen_toimipaikka_tiedot_id as varhais31_5_,
        organisaat0_.virastotunnus as virasto22_5_,
        organisaat0_.yhteishaunkoulukoodi as yhteish23_5_,
        organisaat0_.yritysmuoto as yritysm24_5_,
        organisaat0_.ytj_kieli as ytj_kie25_5_,
        organisaat0_.ytjpaivityspvm as ytjpaiv26_5_,
        organisaat0_.ytunnus as ytunnus27_5_ 
    from
        organisaatio organisaat0_ 
    where
        organisaat0_.oid=?
2020-06-10 18:11:29.109 TRACE 55751 --- [    Test worker] o.h.type.descriptor.sql.BasicBinder      : binding parameter [1] as [VARCHAR] - [-6688467811848818630]
2020-06-10 18:11:29.109 TRACE 55751 --- [    Test worker] o.h.type.descriptor.sql.BasicExtractor   : extracted value ([id1_5_] : [BIGINT]) - [26]
Hibernate: 
    select
        distinct organisaat0_.id as id1_5_,
        organisaat0_.version as version2_5_,
        organisaat0_.alkupvm as alkupvm3_5_,
        organisaat0_.domainnimi as domainni4_5_,
        organisaat0_.kotipaikka as kotipaik5_5_,
        organisaat0_.kuvaus_mkt as kuvaus_28_5_,
        organisaat0_.lakkautuspvm as lakkautu6_5_,
        organisaat0_.maa as maa7_5_,
        organisaat0_.metadata_id as metadat29_5_,
        organisaat0_.nimi_mkt as nimi_mk30_5_,
        organisaat0_.nimihaku as nimihaku8_5_,
        organisaat0_.oid as oid9_5_,
        organisaat0_.opetuspisteenjarjnro as opetusp10_5_,
        organisaat0_.oppilaitoskoodi as oppilai11_5_,
        organisaat0_.oppilaitos_tyyppi as oppilai12_5_,
        organisaat0_.organisaatio_poistettu as organis13_5_,
        organisaat0_.paivittaja as paivitt14_5_,
        organisaat0_.paivityspvm as paivity15_5_,
        organisaat0_.parentidpath as parenti16_5_,
        organisaat0_.parentoidpath as parento17_5_,
        organisaat0_.piilotettu as piilote18_5_,
        organisaat0_.tarkastus_pvm as tarkast19_5_,
        organisaat0_.toimipistekoodi as toimipi20_5_,
        organisaat0_.tuontipvm as tuontip21_5_,
        organisaat0_.varhaiskasvatuksen_toimipaikka_tiedot_id as varhais31_5_,
        organisaat0_.virastotunnus as virasto22_5_,
        organisaat0_.yhteishaunkoulukoodi as yhteish23_5_,
        organisaat0_.yritysmuoto as yritysm24_5_,
        organisaat0_.ytj_kieli as ytj_kie25_5_,
        organisaat0_.ytjpaivityspvm as ytjpaiv26_5_,
        organisaat0_.ytunnus as ytunnus27_5_ 
    from
        organisaatio organisaat0_ 
    where
        organisaat0_.parentidpath like ? escape '!'
2020-06-10 18:11:29.110 TRACE 55751 --- [    Test worker] o.h.type.descriptor.sql.BasicBinder      : binding parameter [1] as [VARCHAR] - [%|26|]
2020-06-10 18:11:29.110 TRACE 55751 --- [    Test worker] o.h.type.descriptor.sql.BasicExtractor   : extracted value ([id1_5_] : [BIGINT]) - [28]
Hibernate: 
    select
        organisaat0_.id as id1_5_,
        organisaat0_.version as version2_5_,
        organisaat0_.alkupvm as alkupvm3_5_,
        organisaat0_.domainnimi as domainni4_5_,
        organisaat0_.kotipaikka as kotipaik5_5_,
        organisaat0_.kuvaus_mkt as kuvaus_28_5_,
        organisaat0_.lakkautuspvm as lakkautu6_5_,
        organisaat0_.maa as maa7_5_,
        organisaat0_.metadata_id as metadat29_5_,
        organisaat0_.nimi_mkt as nimi_mk30_5_,
        organisaat0_.nimihaku as nimihaku8_5_,
        organisaat0_.oid as oid9_5_,
        organisaat0_.opetuspisteenjarjnro as opetusp10_5_,
        organisaat0_.oppilaitoskoodi as oppilai11_5_,
        organisaat0_.oppilaitos_tyyppi as oppilai12_5_,
        organisaat0_.organisaatio_poistettu as organis13_5_,
        organisaat0_.paivittaja as paivitt14_5_,
        organisaat0_.paivityspvm as paivity15_5_,
        organisaat0_.parentidpath as parenti16_5_,
        organisaat0_.parentoidpath as parento17_5_,
        organisaat0_.piilotettu as piilote18_5_,
        organisaat0_.tarkastus_pvm as tarkast19_5_,
        organisaat0_.toimipistekoodi as toimipi20_5_,
        organisaat0_.tuontipvm as tuontip21_5_,
        organisaat0_.varhaiskasvatuksen_toimipaikka_tiedot_id as varhais31_5_,
        organisaat0_.virastotunnus as virasto22_5_,
        organisaat0_.yhteishaunkoulukoodi as yhteish23_5_,
        organisaat0_.yritysmuoto as yritysm24_5_,
        organisaat0_.ytj_kieli as ytj_kie25_5_,
        organisaat0_.ytjpaivityspvm as ytjpaiv26_5_,
        organisaat0_.ytunnus as ytunnus27_5_ 
    from
        organisaatio organisaat0_ 
    where
        organisaat0_.oid=?
2020-06-10 18:11:29.112 TRACE 55751 --- [    Test worker] o.h.type.descriptor.sql.BasicBinder      : binding parameter [1] as [VARCHAR] - [-7423979211207825555]
2020-06-10 18:11:29.112 TRACE 55751 --- [    Test worker] o.h.type.descriptor.sql.BasicExtractor   : extracted value ([id1_5_] : [BIGINT]) - [28]
Hibernate: 
    select
        distinct organisaat0_.id as id1_5_,
        organisaat0_.version as version2_5_,
        organisaat0_.alkupvm as alkupvm3_5_,
        organisaat0_.domainnimi as domainni4_5_,
        organisaat0_.kotipaikka as kotipaik5_5_,
        organisaat0_.kuvaus_mkt as kuvaus_28_5_,
        organisaat0_.lakkautuspvm as lakkautu6_5_,
        organisaat0_.maa as maa7_5_,
        organisaat0_.metadata_id as metadat29_5_,
        organisaat0_.nimi_mkt as nimi_mk30_5_,
        organisaat0_.nimihaku as nimihaku8_5_,
        organisaat0_.oid as oid9_5_,
        organisaat0_.opetuspisteenjarjnro as opetusp10_5_,
        organisaat0_.oppilaitoskoodi as oppilai11_5_,
        organisaat0_.oppilaitos_tyyppi as oppilai12_5_,
        organisaat0_.organisaatio_poistettu as organis13_5_,
        organisaat0_.paivittaja as paivitt14_5_,
        organisaat0_.paivityspvm as paivity15_5_,
        organisaat0_.parentidpath as parenti16_5_,
        organisaat0_.parentoidpath as parento17_5_,
        organisaat0_.piilotettu as piilote18_5_,
        organisaat0_.tarkastus_pvm as tarkast19_5_,
        organisaat0_.toimipistekoodi as toimipi20_5_,
        organisaat0_.tuontipvm as tuontip21_5_,
        organisaat0_.varhaiskasvatuksen_toimipaikka_tiedot_id as varhais31_5_,
        organisaat0_.virastotunnus as virasto22_5_,
        organisaat0_.yhteishaunkoulukoodi as yhteish23_5_,
        organisaat0_.yritysmuoto as yritysm24_5_,
        organisaat0_.ytj_kieli as ytj_kie25_5_,
        organisaat0_.ytjpaivityspvm as ytjpaiv26_5_,
        organisaat0_.ytunnus as ytunnus27_5_ 
    from
        organisaatio organisaat0_ 
    where
        organisaat0_.parentidpath like ? escape '!'
2020-06-10 18:11:29.114 TRACE 55751 --- [    Test worker] o.h.type.descriptor.sql.BasicBinder      : binding parameter [1] as [VARCHAR] - [%|28|]
2020-06-10 18:11:29.114 TRACE 55751 --- [    Test worker] o.h.type.descriptor.sql.BasicExtractor   : extracted value ([id1_5_] : [BIGINT]) - [30]
Hibernate: 
    select
        organisaat0_.id as id1_5_,
        organisaat0_.version as version2_5_,
        organisaat0_.alkupvm as alkupvm3_5_,
        organisaat0_.domainnimi as domainni4_5_,
        organisaat0_.kotipaikka as kotipaik5_5_,
        organisaat0_.kuvaus_mkt as kuvaus_28_5_,
        organisaat0_.lakkautuspvm as lakkautu6_5_,
        organisaat0_.maa as maa7_5_,
        organisaat0_.metadata_id as metadat29_5_,
        organisaat0_.nimi_mkt as nimi_mk30_5_,
        organisaat0_.nimihaku as nimihaku8_5_,
        organisaat0_.oid as oid9_5_,
        organisaat0_.opetuspisteenjarjnro as opetusp10_5_,
        organisaat0_.oppilaitoskoodi as oppilai11_5_,
        organisaat0_.oppilaitos_tyyppi as oppilai12_5_,
        organisaat0_.organisaatio_poistettu as organis13_5_,
        organisaat0_.paivittaja as paivitt14_5_,
        organisaat0_.paivityspvm as paivity15_5_,
        organisaat0_.parentidpath as parenti16_5_,
        organisaat0_.parentoidpath as parento17_5_,
        organisaat0_.piilotettu as piilote18_5_,
        organisaat0_.tarkastus_pvm as tarkast19_5_,
        organisaat0_.toimipistekoodi as toimipi20_5_,
        organisaat0_.tuontipvm as tuontip21_5_,
        organisaat0_.varhaiskasvatuksen_toimipaikka_tiedot_id as varhais31_5_,
        organisaat0_.virastotunnus as virasto22_5_,
        organisaat0_.yhteishaunkoulukoodi as yhteish23_5_,
        organisaat0_.yritysmuoto as yritysm24_5_,
        organisaat0_.ytj_kieli as ytj_kie25_5_,
        organisaat0_.ytjpaivityspvm as ytjpaiv26_5_,
        organisaat0_.ytunnus as ytunnus27_5_ 
    from
        organisaatio organisaat0_ 
    where
        organisaat0_.oid=?
2020-06-10 18:11:29.116 TRACE 55751 --- [    Test worker] o.h.type.descriptor.sql.BasicBinder      : binding parameter [1] as [VARCHAR] - [-8292973307042192125]
2020-06-10 18:11:29.116 TRACE 55751 --- [    Test worker] o.h.type.descriptor.sql.BasicExtractor   : extracted value ([id1_5_] : [BIGINT]) - [27]
Hibernate: 
    select
        distinct organisaat0_.id as id1_5_,
        organisaat0_.version as version2_5_,
        organisaat0_.alkupvm as alkupvm3_5_,
        organisaat0_.domainnimi as domainni4_5_,
        organisaat0_.kotipaikka as kotipaik5_5_,
        organisaat0_.kuvaus_mkt as kuvaus_28_5_,
        organisaat0_.lakkautuspvm as lakkautu6_5_,
        organisaat0_.maa as maa7_5_,
        organisaat0_.metadata_id as metadat29_5_,
        organisaat0_.nimi_mkt as nimi_mk30_5_,
        organisaat0_.nimihaku as nimihaku8_5_,
        organisaat0_.oid as oid9_5_,
        organisaat0_.opetuspisteenjarjnro as opetusp10_5_,
        organisaat0_.oppilaitoskoodi as oppilai11_5_,
        organisaat0_.oppilaitos_tyyppi as oppilai12_5_,
        organisaat0_.organisaatio_poistettu as organis13_5_,
        organisaat0_.paivittaja as paivitt14_5_,
        organisaat0_.paivityspvm as paivity15_5_,
        organisaat0_.parentidpath as parenti16_5_,
        organisaat0_.parentoidpath as parento17_5_,
        organisaat0_.piilotettu as piilote18_5_,
        organisaat0_.tarkastus_pvm as tarkast19_5_,
        organisaat0_.toimipistekoodi as toimipi20_5_,
        organisaat0_.tuontipvm as tuontip21_5_,
        organisaat0_.varhaiskasvatuksen_toimipaikka_tiedot_id as varhais31_5_,
        organisaat0_.virastotunnus as virasto22_5_,
        organisaat0_.yhteishaunkoulukoodi as yhteish23_5_,
        organisaat0_.yritysmuoto as yritysm24_5_,
        organisaat0_.ytj_kieli as ytj_kie25_5_,
        organisaat0_.ytjpaivityspvm as ytjpaiv26_5_,
        organisaat0_.ytunnus as ytunnus27_5_ 
    from
        organisaatio organisaat0_ 
    where
        organisaat0_.parentidpath like ? escape '!'
2020-06-10 18:11:29.118 TRACE 55751 --- [    Test worker] o.h.type.descriptor.sql.BasicBinder      : binding parameter [1] as [VARCHAR] - [%|27|]
Hibernate: 
    select
        organisaat0_.id as id1_5_,
        organisaat0_.version as version2_5_,
        organisaat0_.alkupvm as alkupvm3_5_,
        organisaat0_.domainnimi as domainni4_5_,
        organisaat0_.kotipaikka as kotipaik5_5_,
        organisaat0_.kuvaus_mkt as kuvaus_28_5_,
        organisaat0_.lakkautuspvm as lakkautu6_5_,
        organisaat0_.maa as maa7_5_,
        organisaat0_.metadata_id as metadat29_5_,
        organisaat0_.nimi_mkt as nimi_mk30_5_,
        organisaat0_.nimihaku as nimihaku8_5_,
        organisaat0_.oid as oid9_5_,
        organisaat0_.opetuspisteenjarjnro as opetusp10_5_,
        organisaat0_.oppilaitoskoodi as oppilai11_5_,
        organisaat0_.oppilaitos_tyyppi as oppilai12_5_,
        organisaat0_.organisaatio_poistettu as organis13_5_,
        organisaat0_.paivittaja as paivitt14_5_,
        organisaat0_.paivityspvm as paivity15_5_,
        organisaat0_.parentidpath as parenti16_5_,
        organisaat0_.parentoidpath as parento17_5_,
        organisaat0_.piilotettu as piilote18_5_,
        organisaat0_.tarkastus_pvm as tarkast19_5_,
        organisaat0_.toimipistekoodi as toimipi20_5_,
        organisaat0_.tuontipvm as tuontip21_5_,
        organisaat0_.varhaiskasvatuksen_toimipaikka_tiedot_id as varhais31_5_,
        organisaat0_.virastotunnus as virasto22_5_,
        organisaat0_.yhteishaunkoulukoodi as yhteish23_5_,
        organisaat0_.yritysmuoto as yritysm24_5_,
        organisaat0_.ytj_kieli as ytj_kie25_5_,
        organisaat0_.ytjpaivityspvm as ytjpaiv26_5_,
        organisaat0_.ytunnus as ytunnus27_5_ 
    from
        organisaatio organisaat0_ 
    where
        organisaat0_.oid=?
2020-06-10 18:11:29.120 TRACE 55751 --- [    Test worker] o.h.type.descriptor.sql.BasicBinder      : binding parameter [1] as [VARCHAR] - [-4962768465676381896]
2020-06-10 18:11:29.120 TRACE 55751 --- [    Test worker] o.h.type.descriptor.sql.BasicExtractor   : extracted value ([id1_5_] : [BIGINT]) - [24]
Hibernate: 
    select
        distinct organisaat0_.id as id1_5_,
        organisaat0_.version as version2_5_,
        organisaat0_.alkupvm as alkupvm3_5_,
        organisaat0_.domainnimi as domainni4_5_,
        organisaat0_.kotipaikka as kotipaik5_5_,
        organisaat0_.kuvaus_mkt as kuvaus_28_5_,
        organisaat0_.lakkautuspvm as lakkautu6_5_,
        organisaat0_.maa as maa7_5_,
        organisaat0_.metadata_id as metadat29_5_,
        organisaat0_.nimi_mkt as nimi_mk30_5_,
        organisaat0_.nimihaku as nimihaku8_5_,
        organisaat0_.oid as oid9_5_,
        organisaat0_.opetuspisteenjarjnro as opetusp10_5_,
        organisaat0_.oppilaitoskoodi as oppilai11_5_,
        organisaat0_.oppilaitos_tyyppi as oppilai12_5_,
        organisaat0_.organisaatio_poistettu as organis13_5_,
        organisaat0_.paivittaja as paivitt14_5_,
        organisaat0_.paivityspvm as paivity15_5_,
        organisaat0_.parentidpath as parenti16_5_,
        organisaat0_.parentoidpath as parento17_5_,
        organisaat0_.piilotettu as piilote18_5_,
        organisaat0_.tarkastus_pvm as tarkast19_5_,
        organisaat0_.toimipistekoodi as toimipi20_5_,
        organisaat0_.tuontipvm as tuontip21_5_,
        organisaat0_.varhaiskasvatuksen_toimipaikka_tiedot_id as varhais31_5_,
        organisaat0_.virastotunnus as virasto22_5_,
        organisaat0_.yhteishaunkoulukoodi as yhteish23_5_,
        organisaat0_.yritysmuoto as yritysm24_5_,
        organisaat0_.ytj_kieli as ytj_kie25_5_,
        organisaat0_.ytjpaivityspvm as ytjpaiv26_5_,
        organisaat0_.ytunnus as ytunnus27_5_ 
    from
        organisaatio organisaat0_ 
    where
        organisaat0_.parentidpath like ? escape '!'
2020-06-10 18:11:29.122 TRACE 55751 --- [    Test worker] o.h.type.descriptor.sql.BasicBinder      : binding parameter [1] as [VARCHAR] - [%|24|]
2020-06-10 18:11:29.122 TRACE 55751 --- [    Test worker] o.h.type.descriptor.sql.BasicExtractor   : extracted value ([id1_5_] : [BIGINT]) - [29]
2020-06-10 18:11:29.122 TRACE 55751 --- [    Test worker] o.h.type.descriptor.sql.BasicExtractor   : extracted value ([id1_5_] : [BIGINT]) - [26]
2020-06-10 18:11:29.122 TRACE 55751 --- [    Test worker] o.h.type.descriptor.sql.BasicExtractor   : extracted value ([id1_5_] : [BIGINT]) - [25]
2020-06-10 18:11:29.125  INFO 55751 --- [    Test worker] o.s.t.c.transaction.TransactionContext   : Rolled back transaction for test: [DefaultTestContext@5416d980 testClass = OrganisaatioRepositoryImplTest, testInstance = fi.vm.sade.organisaatio.repository.OrganisaatioRepositoryImplTest@3e76d255, testMethod = findChildrenTest@OrganisaatioRepositoryImplTest, testException = [null], mergedContextConfiguration = [WebMergedContextConfiguration@a27a101 testClass = OrganisaatioRepositoryImplTest, locations = '{}', classes = '{class fi.vm.sade.organisaatio.OrganisaatioApplication}', contextInitializerClasses = '[]', activeProfiles = '{}', propertySourceLocations = '{}', propertySourceProperties = '{org.springframework.boot.test.context.SpringBootTestContextBootstrapper=true}', contextCustomizers = set[org.springframework.boot.test.autoconfigure.properties.PropertyMappingContextCustomizer@a273518a, org.springframework.boot.test.autoconfigure.web.servlet.WebDriverContextCustomizerFactory$Customizer@25a95d7a, [ImportsContextCustomizer@243b4350 key = [org.springframework.boot.test.autoconfigure.jdbc.TestDatabaseAutoConfiguration, org.springframework.boot.autoconfigure.jdbc.DataSourceAutoConfiguration]], org.springframework.boot.test.context.filter.ExcludeFilterContextCustomizer@33d60c3d, org.springframework.boot.test.json.DuplicateJsonObjectContextCustomizerFactory$DuplicateJsonObjectContextCustomizer@6943770e, org.springframework.boot.test.mock.mockito.MockitoContextCustomizer@0, org.springframework.boot.test.web.client.TestRestTemplateContextCustomizer@536042e6, org.springframework.boot.test.context.SpringBootTestArgs@1], resourceBasePath = 'src/main/webapp', contextLoader = 'org.springframework.boot.test.context.SpringBootContextLoader', parent = [null]], attributes = map['org.springframework.test.context.web.ServletTestExecutionListener.activateListener' -> true, 'org.springframework.test.context.web.ServletTestExecutionListener.populatedRequestContextHolder' -> true, 'org.springframework.test.context.web.ServletTestExecutionListener.resetRequestContextHolder' -> true]]
2020-06-10 18:11:29.127  INFO 55751 --- [    Test worker] o.s.t.c.transaction.TransactionContext   : Began transaction (1) for test context [DefaultTestContext@5416d980 testClass = OrganisaatioRepositoryImplTest, testInstance = fi.vm.sade.organisaatio.repository.OrganisaatioRepositoryImplTest@421e23a8, testMethod = findGroupsTest@OrganisaatioRepositoryImplTest, testException = [null], mergedContextConfiguration = [WebMergedContextConfiguration@a27a101 testClass = OrganisaatioRepositoryImplTest, locations = '{}', classes = '{class fi.vm.sade.organisaatio.OrganisaatioApplication}', contextInitializerClasses = '[]', activeProfiles = '{}', propertySourceLocations = '{}', propertySourceProperties = '{org.springframework.boot.test.context.SpringBootTestContextBootstrapper=true}', contextCustomizers = set[org.springframework.boot.test.autoconfigure.properties.PropertyMappingContextCustomizer@a273518a, org.springframework.boot.test.autoconfigure.web.servlet.WebDriverContextCustomizerFactory$Customizer@25a95d7a, [ImportsContextCustomizer@243b4350 key = [org.springframework.boot.test.autoconfigure.jdbc.TestDatabaseAutoConfiguration, org.springframework.boot.autoconfigure.jdbc.DataSourceAutoConfiguration]], org.springframework.boot.test.context.filter.ExcludeFilterContextCustomizer@33d60c3d, org.springframework.boot.test.json.DuplicateJsonObjectContextCustomizerFactory$DuplicateJsonObjectContextCustomizer@6943770e, org.springframework.boot.test.mock.mockito.MockitoContextCustomizer@0, org.springframework.boot.test.web.client.TestRestTemplateContextCustomizer@536042e6, org.springframework.boot.test.context.SpringBootTestArgs@1], resourceBasePath = 'src/main/webapp', contextLoader = 'org.springframework.boot.test.context.SpringBootContextLoader', parent = [null]], attributes = map['org.springframework.test.context.web.ServletTestExecutionListener.activateListener' -> true, 'org.springframework.test.context.web.ServletTestExecutionListener.populatedRequestContextHolder' -> true, 'org.springframework.test.context.web.ServletTestExecutionListener.resetRequestContextHolder' -> true]]; transaction manager [org.springframework.orm.jpa.JpaTransactionManager@af9fb3]; rollback [true]
2020-06-10 18:11:29.128  INFO 55751 --- [    Test worker] f.v.s.o.r.OrganisaatioRepositoryImplTest : createOrganisaatio(parent1)
Hibernate: 
    insert 
    into
        monikielinen_teksti
        (id, version) 
    values
        (null, ?)
2020-06-10 18:11:29.128 TRACE 55751 --- [    Test worker] o.h.type.descriptor.sql.BasicBinder      : binding parameter [1] as [BIGINT] - [0]
Hibernate: 
    insert 
    into
        organisaatio
        (id, version, alkupvm, domainnimi, kotipaikka, kuvaus_mkt, lakkautuspvm, maa, metadata_id, nimi_mkt, nimihaku, oid, opetuspisteenjarjnro, oppilaitoskoodi, oppilaitos_tyyppi, organisaatio_poistettu, paivittaja, paivityspvm, parentidpath, parentoidpath, piilotettu, tarkastus_pvm, toimipistekoodi, tuontipvm, varhaiskasvatuksen_toimipaikka_tiedot_id, virastotunnus, yhteishaunkoulukoodi, yritysmuoto, ytj_kieli, ytjpaivityspvm, ytunnus) 
    values
        (null, ?, ?, ?, ?, ?, ?, ?, ?, ?, ?, ?, ?, ?, ?, ?, ?, ?, ?, ?, ?, ?, ?, ?, ?, ?, ?, ?, ?, ?, ?)
2020-06-10 18:11:29.129 TRACE 55751 --- [    Test worker] o.h.type.descriptor.sql.BasicBinder      : binding parameter [1] as [BIGINT] - [0]
2020-06-10 18:11:29.129 TRACE 55751 --- [    Test worker] o.h.type.descriptor.sql.BasicBinder      : binding parameter [2] as [DATE] - [null]
2020-06-10 18:11:29.129 TRACE 55751 --- [    Test worker] o.h.type.descriptor.sql.BasicBinder      : binding parameter [3] as [VARCHAR] - [null]
2020-06-10 18:11:29.129 TRACE 55751 --- [    Test worker] o.h.type.descriptor.sql.BasicBinder      : binding parameter [4] as [VARCHAR] - [null]
2020-06-10 18:11:29.129 TRACE 55751 --- [    Test worker] o.h.type.descriptor.sql.BasicBinder      : binding parameter [5] as [BIGINT] - [null]
2020-06-10 18:11:29.129 TRACE 55751 --- [    Test worker] o.h.type.descriptor.sql.BasicBinder      : binding parameter [6] as [DATE] - [null]
2020-06-10 18:11:29.129 TRACE 55751 --- [    Test worker] o.h.type.descriptor.sql.BasicBinder      : binding parameter [7] as [VARCHAR] - [null]
2020-06-10 18:11:29.130 TRACE 55751 --- [    Test worker] o.h.type.descriptor.sql.BasicBinder      : binding parameter [8] as [BIGINT] - [null]
2020-06-10 18:11:29.130 TRACE 55751 --- [    Test worker] o.h.type.descriptor.sql.BasicBinder      : binding parameter [9] as [BIGINT] - [22]
2020-06-10 18:11:29.130 TRACE 55751 --- [    Test worker] o.h.type.descriptor.sql.BasicBinder      : binding parameter [10] as [VARCHAR] - [null]
2020-06-10 18:11:29.130 TRACE 55751 --- [    Test worker] o.h.type.descriptor.sql.BasicBinder      : binding parameter [11] as [VARCHAR] - [-4962768465676381896]
2020-06-10 18:11:29.130 TRACE 55751 --- [    Test worker] o.h.type.descriptor.sql.BasicBinder      : binding parameter [12] as [VARCHAR] - [null]
2020-06-10 18:11:29.130 TRACE 55751 --- [    Test worker] o.h.type.descriptor.sql.BasicBinder      : binding parameter [13] as [VARCHAR] - [null]
2020-06-10 18:11:29.130 TRACE 55751 --- [    Test worker] o.h.type.descriptor.sql.BasicBinder      : binding parameter [14] as [VARCHAR] - [null]
2020-06-10 18:11:29.130 TRACE 55751 --- [    Test worker] o.h.type.descriptor.sql.BasicBinder      : binding parameter [15] as [BOOLEAN] - [false]
2020-06-10 18:11:29.130 TRACE 55751 --- [    Test worker] o.h.type.descriptor.sql.BasicBinder      : binding parameter [16] as [VARCHAR] - [null]
2020-06-10 18:11:29.130 TRACE 55751 --- [    Test worker] o.h.type.descriptor.sql.BasicBinder      : binding parameter [17] as [TIMESTAMP] - [null]
2020-06-10 18:11:29.130 TRACE 55751 --- [    Test worker] o.h.type.descriptor.sql.BasicBinder      : binding parameter [18] as [VARCHAR] - [null]
2020-06-10 18:11:29.130 TRACE 55751 --- [    Test worker] o.h.type.descriptor.sql.BasicBinder      : binding parameter [19] as [VARCHAR] - [null]
2020-06-10 18:11:29.130 TRACE 55751 --- [    Test worker] o.h.type.descriptor.sql.BasicBinder      : binding parameter [20] as [BOOLEAN] - [false]
2020-06-10 18:11:29.130 TRACE 55751 --- [    Test worker] o.h.type.descriptor.sql.BasicBinder      : binding parameter [21] as [TIMESTAMP] - [null]
2020-06-10 18:11:29.130 TRACE 55751 --- [    Test worker] o.h.type.descriptor.sql.BasicBinder      : binding parameter [22] as [VARCHAR] - [null]
2020-06-10 18:11:29.130 TRACE 55751 --- [    Test worker] o.h.type.descriptor.sql.BasicBinder      : binding parameter [23] as [TIMESTAMP] - [null]
2020-06-10 18:11:29.130 TRACE 55751 --- [    Test worker] o.h.type.descriptor.sql.BasicBinder      : binding parameter [24] as [BIGINT] - [null]
2020-06-10 18:11:29.130 TRACE 55751 --- [    Test worker] o.h.type.descriptor.sql.BasicBinder      : binding parameter [25] as [VARCHAR] - [null]
2020-06-10 18:11:29.130 TRACE 55751 --- [    Test worker] o.h.type.descriptor.sql.BasicBinder      : binding parameter [26] as [VARCHAR] - [null]
2020-06-10 18:11:29.131 TRACE 55751 --- [    Test worker] o.h.type.descriptor.sql.BasicBinder      : binding parameter [27] as [VARCHAR] - [null]
2020-06-10 18:11:29.131 TRACE 55751 --- [    Test worker] o.h.type.descriptor.sql.BasicBinder      : binding parameter [28] as [VARCHAR] - [null]
2020-06-10 18:11:29.131 TRACE 55751 --- [    Test worker] o.h.type.descriptor.sql.BasicBinder      : binding parameter [29] as [DATE] - [null]
2020-06-10 18:11:29.131 TRACE 55751 --- [    Test worker] o.h.type.descriptor.sql.BasicBinder      : binding parameter [30] as [VARCHAR] - [null]
Hibernate: 
    insert 
    into
        yhteystieto
        (id, version, kieli, organisaatio_id, yhteystieto_oid, coordinatetype, extrarivi, lat, lng, maa, osavaltio, osoite, osoite_tyyppi, postinumero, postitoimipaikka, ytjpaivityspvm, dtype) 
    values
        (null, ?, ?, ?, ?, ?, ?, ?, ?, ?, ?, ?, ?, ?, ?, ?, 'Osoite')
2020-06-10 18:11:29.132 TRACE 55751 --- [    Test worker] o.h.type.descriptor.sql.BasicBinder      : binding parameter [1] as [BIGINT] - [0]
2020-06-10 18:11:29.132 TRACE 55751 --- [    Test worker] o.h.type.descriptor.sql.BasicBinder      : binding parameter [2] as [VARCHAR] - [null]
2020-06-10 18:11:29.132 TRACE 55751 --- [    Test worker] o.h.type.descriptor.sql.BasicBinder      : binding parameter [3] as [BIGINT] - [null]
2020-06-10 18:11:29.132 TRACE 55751 --- [    Test worker] o.h.type.descriptor.sql.BasicBinder      : binding parameter [4] as [VARCHAR] - [b19bc979-05ec-48db-87d4-3114a8c16432]
2020-06-10 18:11:29.132 TRACE 55751 --- [    Test worker] o.h.type.descriptor.sql.BasicBinder      : binding parameter [5] as [VARCHAR] - [null]
2020-06-10 18:11:29.132 TRACE 55751 --- [    Test worker] o.h.type.descriptor.sql.BasicBinder      : binding parameter [6] as [VARCHAR] - [null]
2020-06-10 18:11:29.132 TRACE 55751 --- [    Test worker] o.h.type.descriptor.sql.BasicBinder      : binding parameter [7] as [DOUBLE] - [null]
2020-06-10 18:11:29.132 TRACE 55751 --- [    Test worker] o.h.type.descriptor.sql.BasicBinder      : binding parameter [8] as [DOUBLE] - [null]
2020-06-10 18:11:29.132 TRACE 55751 --- [    Test worker] o.h.type.descriptor.sql.BasicBinder      : binding parameter [9] as [VARCHAR] - [null]
2020-06-10 18:11:29.132 TRACE 55751 --- [    Test worker] o.h.type.descriptor.sql.BasicBinder      : binding parameter [10] as [VARCHAR] - [null]
2020-06-10 18:11:29.132 TRACE 55751 --- [    Test worker] o.h.type.descriptor.sql.BasicBinder      : binding parameter [11] as [VARCHAR] - [katu]
2020-06-10 18:11:29.132 TRACE 55751 --- [    Test worker] o.h.type.descriptor.sql.BasicBinder      : binding parameter [12] as [VARCHAR] - [kaynti]
2020-06-10 18:11:29.132 TRACE 55751 --- [    Test worker] o.h.type.descriptor.sql.BasicBinder      : binding parameter [13] as [VARCHAR] - [0000]
2020-06-10 18:11:29.132 TRACE 55751 --- [    Test worker] o.h.type.descriptor.sql.BasicBinder      : binding parameter [14] as [VARCHAR] - [Helsinki]
2020-06-10 18:11:29.133 TRACE 55751 --- [    Test worker] o.h.type.descriptor.sql.BasicBinder      : binding parameter [15] as [DATE] - [null]
2020-06-10 18:11:29.133  INFO 55751 --- [    Test worker] f.v.s.o.r.OrganisaatioRepositoryImplTest : createOrganisaatio(parent2)
Hibernate: 
    insert 
    into
        monikielinen_teksti
        (id, version) 
    values
        (null, ?)
2020-06-10 18:11:29.133 TRACE 55751 --- [    Test worker] o.h.type.descriptor.sql.BasicBinder      : binding parameter [1] as [BIGINT] - [0]
Hibernate: 
    insert 
    into
        organisaatio
        (id, version, alkupvm, domainnimi, kotipaikka, kuvaus_mkt, lakkautuspvm, maa, metadata_id, nimi_mkt, nimihaku, oid, opetuspisteenjarjnro, oppilaitoskoodi, oppilaitos_tyyppi, organisaatio_poistettu, paivittaja, paivityspvm, parentidpath, parentoidpath, piilotettu, tarkastus_pvm, toimipistekoodi, tuontipvm, varhaiskasvatuksen_toimipaikka_tiedot_id, virastotunnus, yhteishaunkoulukoodi, yritysmuoto, ytj_kieli, ytjpaivityspvm, ytunnus) 
    values
        (null, ?, ?, ?, ?, ?, ?, ?, ?, ?, ?, ?, ?, ?, ?, ?, ?, ?, ?, ?, ?, ?, ?, ?, ?, ?, ?, ?, ?, ?, ?)
2020-06-10 18:11:29.134 TRACE 55751 --- [    Test worker] o.h.type.descriptor.sql.BasicBinder      : binding parameter [1] as [BIGINT] - [0]
2020-06-10 18:11:29.134 TRACE 55751 --- [    Test worker] o.h.type.descriptor.sql.BasicBinder      : binding parameter [2] as [DATE] - [null]
2020-06-10 18:11:29.134 TRACE 55751 --- [    Test worker] o.h.type.descriptor.sql.BasicBinder      : binding parameter [3] as [VARCHAR] - [null]
2020-06-10 18:11:29.134 TRACE 55751 --- [    Test worker] o.h.type.descriptor.sql.BasicBinder      : binding parameter [4] as [VARCHAR] - [null]
2020-06-10 18:11:29.134 TRACE 55751 --- [    Test worker] o.h.type.descriptor.sql.BasicBinder      : binding parameter [5] as [BIGINT] - [null]
2020-06-10 18:11:29.134 TRACE 55751 --- [    Test worker] o.h.type.descriptor.sql.BasicBinder      : binding parameter [6] as [DATE] - [null]
2020-06-10 18:11:29.134 TRACE 55751 --- [    Test worker] o.h.type.descriptor.sql.BasicBinder      : binding parameter [7] as [VARCHAR] - [null]
2020-06-10 18:11:29.134 TRACE 55751 --- [    Test worker] o.h.type.descriptor.sql.BasicBinder      : binding parameter [8] as [BIGINT] - [null]
2020-06-10 18:11:29.134 TRACE 55751 --- [    Test worker] o.h.type.descriptor.sql.BasicBinder      : binding parameter [9] as [BIGINT] - [23]
2020-06-10 18:11:29.135 TRACE 55751 --- [    Test worker] o.h.type.descriptor.sql.BasicBinder      : binding parameter [10] as [VARCHAR] - [null]
2020-06-10 18:11:29.135 TRACE 55751 --- [    Test worker] o.h.type.descriptor.sql.BasicBinder      : binding parameter [11] as [VARCHAR] - [4437113781045784766]
2020-06-10 18:11:29.135 TRACE 55751 --- [    Test worker] o.h.type.descriptor.sql.BasicBinder      : binding parameter [12] as [VARCHAR] - [null]
2020-06-10 18:11:29.135 TRACE 55751 --- [    Test worker] o.h.type.descriptor.sql.BasicBinder      : binding parameter [13] as [VARCHAR] - [null]
2020-06-10 18:11:29.135 TRACE 55751 --- [    Test worker] o.h.type.descriptor.sql.BasicBinder      : binding parameter [14] as [VARCHAR] - [null]
2020-06-10 18:11:29.135 TRACE 55751 --- [    Test worker] o.h.type.descriptor.sql.BasicBinder      : binding parameter [15] as [BOOLEAN] - [false]
2020-06-10 18:11:29.135 TRACE 55751 --- [    Test worker] o.h.type.descriptor.sql.BasicBinder      : binding parameter [16] as [VARCHAR] - [null]
2020-06-10 18:11:29.135 TRACE 55751 --- [    Test worker] o.h.type.descriptor.sql.BasicBinder      : binding parameter [17] as [TIMESTAMP] - [null]
2020-06-10 18:11:29.135 TRACE 55751 --- [    Test worker] o.h.type.descriptor.sql.BasicBinder      : binding parameter [18] as [VARCHAR] - [null]
2020-06-10 18:11:29.135 TRACE 55751 --- [    Test worker] o.h.type.descriptor.sql.BasicBinder      : binding parameter [19] as [VARCHAR] - [null]
2020-06-10 18:11:29.135 TRACE 55751 --- [    Test worker] o.h.type.descriptor.sql.BasicBinder      : binding parameter [20] as [BOOLEAN] - [false]
2020-06-10 18:11:29.135 TRACE 55751 --- [    Test worker] o.h.type.descriptor.sql.BasicBinder      : binding parameter [21] as [TIMESTAMP] - [null]
2020-06-10 18:11:29.135 TRACE 55751 --- [    Test worker] o.h.type.descriptor.sql.BasicBinder      : binding parameter [22] as [VARCHAR] - [null]
2020-06-10 18:11:29.135 TRACE 55751 --- [    Test worker] o.h.type.descriptor.sql.BasicBinder      : binding parameter [23] as [TIMESTAMP] - [null]
2020-06-10 18:11:29.135 TRACE 55751 --- [    Test worker] o.h.type.descriptor.sql.BasicBinder      : binding parameter [24] as [BIGINT] - [null]
2020-06-10 18:11:29.135 TRACE 55751 --- [    Test worker] o.h.type.descriptor.sql.BasicBinder      : binding parameter [25] as [VARCHAR] - [null]
2020-06-10 18:11:29.135 TRACE 55751 --- [    Test worker] o.h.type.descriptor.sql.BasicBinder      : binding parameter [26] as [VARCHAR] - [null]
2020-06-10 18:11:29.135 TRACE 55751 --- [    Test worker] o.h.type.descriptor.sql.BasicBinder      : binding parameter [27] as [VARCHAR] - [null]
2020-06-10 18:11:29.135 TRACE 55751 --- [    Test worker] o.h.type.descriptor.sql.BasicBinder      : binding parameter [28] as [VARCHAR] - [null]
2020-06-10 18:11:29.135 TRACE 55751 --- [    Test worker] o.h.type.descriptor.sql.BasicBinder      : binding parameter [29] as [DATE] - [null]
2020-06-10 18:11:29.135 TRACE 55751 --- [    Test worker] o.h.type.descriptor.sql.BasicBinder      : binding parameter [30] as [VARCHAR] - [null]
Hibernate: 
    insert 
    into
        yhteystieto
        (id, version, kieli, organisaatio_id, yhteystieto_oid, coordinatetype, extrarivi, lat, lng, maa, osavaltio, osoite, osoite_tyyppi, postinumero, postitoimipaikka, ytjpaivityspvm, dtype) 
    values
        (null, ?, ?, ?, ?, ?, ?, ?, ?, ?, ?, ?, ?, ?, ?, ?, 'Osoite')
2020-06-10 18:11:29.136 TRACE 55751 --- [    Test worker] o.h.type.descriptor.sql.BasicBinder      : binding parameter [1] as [BIGINT] - [0]
2020-06-10 18:11:29.136 TRACE 55751 --- [    Test worker] o.h.type.descriptor.sql.BasicBinder      : binding parameter [2] as [VARCHAR] - [null]
2020-06-10 18:11:29.136 TRACE 55751 --- [    Test worker] o.h.type.descriptor.sql.BasicBinder      : binding parameter [3] as [BIGINT] - [null]
2020-06-10 18:11:29.136 TRACE 55751 --- [    Test worker] o.h.type.descriptor.sql.BasicBinder      : binding parameter [4] as [VARCHAR] - [54c19fd7-995e-41a8-874e-409ead1ead1b]
2020-06-10 18:11:29.136 TRACE 55751 --- [    Test worker] o.h.type.descriptor.sql.BasicBinder      : binding parameter [5] as [VARCHAR] - [null]
2020-06-10 18:11:29.136 TRACE 55751 --- [    Test worker] o.h.type.descriptor.sql.BasicBinder      : binding parameter [6] as [VARCHAR] - [null]
2020-06-10 18:11:29.136 TRACE 55751 --- [    Test worker] o.h.type.descriptor.sql.BasicBinder      : binding parameter [7] as [DOUBLE] - [null]
2020-06-10 18:11:29.137 TRACE 55751 --- [    Test worker] o.h.type.descriptor.sql.BasicBinder      : binding parameter [8] as [DOUBLE] - [null]
2020-06-10 18:11:29.137 TRACE 55751 --- [    Test worker] o.h.type.descriptor.sql.BasicBinder      : binding parameter [9] as [VARCHAR] - [null]
2020-06-10 18:11:29.137 TRACE 55751 --- [    Test worker] o.h.type.descriptor.sql.BasicBinder      : binding parameter [10] as [VARCHAR] - [null]
2020-06-10 18:11:29.137 TRACE 55751 --- [    Test worker] o.h.type.descriptor.sql.BasicBinder      : binding parameter [11] as [VARCHAR] - [katu]
2020-06-10 18:11:29.137 TRACE 55751 --- [    Test worker] o.h.type.descriptor.sql.BasicBinder      : binding parameter [12] as [VARCHAR] - [kaynti]
2020-06-10 18:11:29.137 TRACE 55751 --- [    Test worker] o.h.type.descriptor.sql.BasicBinder      : binding parameter [13] as [VARCHAR] - [0000]
2020-06-10 18:11:29.137 TRACE 55751 --- [    Test worker] o.h.type.descriptor.sql.BasicBinder      : binding parameter [14] as [VARCHAR] - [Helsinki]
2020-06-10 18:11:29.137 TRACE 55751 --- [    Test worker] o.h.type.descriptor.sql.BasicBinder      : binding parameter [15] as [DATE] - [null]
Hibernate: 
    insert 
    into
        monikielinen_teksti
        (id, version) 
    values
        (null, ?)
2020-06-10 18:11:29.139 TRACE 55751 --- [    Test worker] o.h.type.descriptor.sql.BasicBinder      : binding parameter [1] as [BIGINT] - [0]
Hibernate: 
    insert 
    into
        monikielinen_teksti
        (id, version) 
    values
        (null, ?)
2020-06-10 18:11:29.140 TRACE 55751 --- [    Test worker] o.h.type.descriptor.sql.BasicBinder      : binding parameter [1] as [BIGINT] - [0]
Hibernate: 
    insert 
    into
        organisaatio
        (id, version, alkupvm, domainnimi, kotipaikka, kuvaus_mkt, lakkautuspvm, maa, metadata_id, nimi_mkt, nimihaku, oid, opetuspisteenjarjnro, oppilaitoskoodi, oppilaitos_tyyppi, organisaatio_poistettu, paivittaja, paivityspvm, parentidpath, parentoidpath, piilotettu, tarkastus_pvm, toimipistekoodi, tuontipvm, varhaiskasvatuksen_toimipaikka_tiedot_id, virastotunnus, yhteishaunkoulukoodi, yritysmuoto, ytj_kieli, ytjpaivityspvm, ytunnus) 
    values
        (null, ?, ?, ?, ?, ?, ?, ?, ?, ?, ?, ?, ?, ?, ?, ?, ?, ?, ?, ?, ?, ?, ?, ?, ?, ?, ?, ?, ?, ?, ?)
2020-06-10 18:11:29.141 TRACE 55751 --- [    Test worker] o.h.type.descriptor.sql.BasicBinder      : binding parameter [1] as [BIGINT] - [0]
2020-06-10 18:11:29.141 TRACE 55751 --- [    Test worker] o.h.type.descriptor.sql.BasicBinder      : binding parameter [2] as [DATE] - [null]
2020-06-10 18:11:29.141 TRACE 55751 --- [    Test worker] o.h.type.descriptor.sql.BasicBinder      : binding parameter [3] as [VARCHAR] - [null]
2020-06-10 18:11:29.141 TRACE 55751 --- [    Test worker] o.h.type.descriptor.sql.BasicBinder      : binding parameter [4] as [VARCHAR] - [null]
2020-06-10 18:11:29.141 TRACE 55751 --- [    Test worker] o.h.type.descriptor.sql.BasicBinder      : binding parameter [5] as [BIGINT] - [24]
2020-06-10 18:11:29.141 TRACE 55751 --- [    Test worker] o.h.type.descriptor.sql.BasicBinder      : binding parameter [6] as [DATE] - [null]
2020-06-10 18:11:29.141 TRACE 55751 --- [    Test worker] o.h.type.descriptor.sql.BasicBinder      : binding parameter [7] as [VARCHAR] - [null]
2020-06-10 18:11:29.141 TRACE 55751 --- [    Test worker] o.h.type.descriptor.sql.BasicBinder      : binding parameter [8] as [BIGINT] - [null]
2020-06-10 18:11:29.141 TRACE 55751 --- [    Test worker] o.h.type.descriptor.sql.BasicBinder      : binding parameter [9] as [BIGINT] - [25]
2020-06-10 18:11:29.141 TRACE 55751 --- [    Test worker] o.h.type.descriptor.sql.BasicBinder      : binding parameter [10] as [VARCHAR] - [null]
2020-06-10 18:11:29.141 TRACE 55751 --- [    Test worker] o.h.type.descriptor.sql.BasicBinder      : binding parameter [11] as [VARCHAR] - [-6688467811848818630]
2020-06-10 18:11:29.141 TRACE 55751 --- [    Test worker] o.h.type.descriptor.sql.BasicBinder      : binding parameter [12] as [VARCHAR] - [null]
2020-06-10 18:11:29.141 TRACE 55751 --- [    Test worker] o.h.type.descriptor.sql.BasicBinder      : binding parameter [13] as [VARCHAR] - [null]
2020-06-10 18:11:29.141 TRACE 55751 --- [    Test worker] o.h.type.descriptor.sql.BasicBinder      : binding parameter [14] as [VARCHAR] - [null]
2020-06-10 18:11:29.141 TRACE 55751 --- [    Test worker] o.h.type.descriptor.sql.BasicBinder      : binding parameter [15] as [BOOLEAN] - [false]
2020-06-10 18:11:29.141 TRACE 55751 --- [    Test worker] o.h.type.descriptor.sql.BasicBinder      : binding parameter [16] as [VARCHAR] - [null]
2020-06-10 18:11:29.141 TRACE 55751 --- [    Test worker] o.h.type.descriptor.sql.BasicBinder      : binding parameter [17] as [TIMESTAMP] - [null]
2020-06-10 18:11:29.141 TRACE 55751 --- [    Test worker] o.h.type.descriptor.sql.BasicBinder      : binding parameter [18] as [VARCHAR] - [|31|]
2020-06-10 18:11:29.141 TRACE 55751 --- [    Test worker] o.h.type.descriptor.sql.BasicBinder      : binding parameter [19] as [VARCHAR] - [|-4962768465676381896|]
2020-06-10 18:11:29.141 TRACE 55751 --- [    Test worker] o.h.type.descriptor.sql.BasicBinder      : binding parameter [20] as [BOOLEAN] - [false]
2020-06-10 18:11:29.141 TRACE 55751 --- [    Test worker] o.h.type.descriptor.sql.BasicBinder      : binding parameter [21] as [TIMESTAMP] - [null]
2020-06-10 18:11:29.142 TRACE 55751 --- [    Test worker] o.h.type.descriptor.sql.BasicBinder      : binding parameter [22] as [VARCHAR] - [null]
2020-06-10 18:11:29.142 TRACE 55751 --- [    Test worker] o.h.type.descriptor.sql.BasicBinder      : binding parameter [23] as [TIMESTAMP] - [null]
2020-06-10 18:11:29.142 TRACE 55751 --- [    Test worker] o.h.type.descriptor.sql.BasicBinder      : binding parameter [24] as [BIGINT] - [null]
2020-06-10 18:11:29.142 TRACE 55751 --- [    Test worker] o.h.type.descriptor.sql.BasicBinder      : binding parameter [25] as [VARCHAR] - [null]
2020-06-10 18:11:29.142 TRACE 55751 --- [    Test worker] o.h.type.descriptor.sql.BasicBinder      : binding parameter [26] as [VARCHAR] - [null]
2020-06-10 18:11:29.142 TRACE 55751 --- [    Test worker] o.h.type.descriptor.sql.BasicBinder      : binding parameter [27] as [VARCHAR] - [null]
2020-06-10 18:11:29.142 TRACE 55751 --- [    Test worker] o.h.type.descriptor.sql.BasicBinder      : binding parameter [28] as [VARCHAR] - [null]
2020-06-10 18:11:29.142 TRACE 55751 --- [    Test worker] o.h.type.descriptor.sql.BasicBinder      : binding parameter [29] as [DATE] - [null]
2020-06-10 18:11:29.142 TRACE 55751 --- [    Test worker] o.h.type.descriptor.sql.BasicBinder      : binding parameter [30] as [VARCHAR] - [null]
Hibernate: 
    insert 
    into
        organisaatiosuhde
        (id, version, alkupvm, child_id, loppupvm, opetuspisteenjarjnro, parent_id, suhdetyyppi) 
    values
        (null, ?, ?, ?, ?, ?, ?, ?)
2020-06-10 18:11:29.143 TRACE 55751 --- [    Test worker] o.h.type.descriptor.sql.BasicBinder      : binding parameter [1] as [BIGINT] - [0]
2020-06-10 18:11:29.143 TRACE 55751 --- [    Test worker] o.h.type.descriptor.sql.BasicBinder      : binding parameter [2] as [DATE] - [null]
2020-06-10 18:11:29.144 TRACE 55751 --- [    Test worker] o.h.type.descriptor.sql.BasicBinder      : binding parameter [3] as [BIGINT] - [33]
2020-06-10 18:11:29.144 TRACE 55751 --- [    Test worker] o.h.type.descriptor.sql.BasicBinder      : binding parameter [4] as [DATE] - [null]
2020-06-10 18:11:29.144 TRACE 55751 --- [    Test worker] o.h.type.descriptor.sql.BasicBinder      : binding parameter [5] as [VARCHAR] - [null]
2020-06-10 18:11:29.144 TRACE 55751 --- [    Test worker] o.h.type.descriptor.sql.BasicBinder      : binding parameter [6] as [BIGINT] - [31]
2020-06-10 18:11:29.144 TRACE 55751 --- [    Test worker] o.h.type.descriptor.sql.BasicBinder      : binding parameter [7] as [VARCHAR] - [HISTORIA]
Hibernate: 
    insert 
    into
        monikielinen_teksti
        (id, version) 
    values
        (null, ?)
2020-06-10 18:11:29.144 TRACE 55751 --- [    Test worker] o.h.type.descriptor.sql.BasicBinder      : binding parameter [1] as [BIGINT] - [0]
Hibernate: 
    insert 
    into
        monikielinen_teksti
        (id, version) 
    values
        (null, ?)
2020-06-10 18:11:29.145 TRACE 55751 --- [    Test worker] o.h.type.descriptor.sql.BasicBinder      : binding parameter [1] as [BIGINT] - [0]
Hibernate: 
    insert 
    into
        organisaatio
        (id, version, alkupvm, domainnimi, kotipaikka, kuvaus_mkt, lakkautuspvm, maa, metadata_id, nimi_mkt, nimihaku, oid, opetuspisteenjarjnro, oppilaitoskoodi, oppilaitos_tyyppi, organisaatio_poistettu, paivittaja, paivityspvm, parentidpath, parentoidpath, piilotettu, tarkastus_pvm, toimipistekoodi, tuontipvm, varhaiskasvatuksen_toimipaikka_tiedot_id, virastotunnus, yhteishaunkoulukoodi, yritysmuoto, ytj_kieli, ytjpaivityspvm, ytunnus) 
    values
        (null, ?, ?, ?, ?, ?, ?, ?, ?, ?, ?, ?, ?, ?, ?, ?, ?, ?, ?, ?, ?, ?, ?, ?, ?, ?, ?, ?, ?, ?, ?)
2020-06-10 18:11:29.145 TRACE 55751 --- [    Test worker] o.h.type.descriptor.sql.BasicBinder      : binding parameter [1] as [BIGINT] - [0]
2020-06-10 18:11:29.145 TRACE 55751 --- [    Test worker] o.h.type.descriptor.sql.BasicBinder      : binding parameter [2] as [DATE] - [null]
2020-06-10 18:11:29.145 TRACE 55751 --- [    Test worker] o.h.type.descriptor.sql.BasicBinder      : binding parameter [3] as [VARCHAR] - [null]
2020-06-10 18:11:29.146 TRACE 55751 --- [    Test worker] o.h.type.descriptor.sql.BasicBinder      : binding parameter [4] as [VARCHAR] - [null]
2020-06-10 18:11:29.146 TRACE 55751 --- [    Test worker] o.h.type.descriptor.sql.BasicBinder      : binding parameter [5] as [BIGINT] - [26]
2020-06-10 18:11:29.146 TRACE 55751 --- [    Test worker] o.h.type.descriptor.sql.BasicBinder      : binding parameter [6] as [DATE] - [null]
2020-06-10 18:11:29.146 TRACE 55751 --- [    Test worker] o.h.type.descriptor.sql.BasicBinder      : binding parameter [7] as [VARCHAR] - [null]
2020-06-10 18:11:29.146 TRACE 55751 --- [    Test worker] o.h.type.descriptor.sql.BasicBinder      : binding parameter [8] as [BIGINT] - [null]
2020-06-10 18:11:29.146 TRACE 55751 --- [    Test worker] o.h.type.descriptor.sql.BasicBinder      : binding parameter [9] as [BIGINT] - [27]
2020-06-10 18:11:29.146 TRACE 55751 --- [    Test worker] o.h.type.descriptor.sql.BasicBinder      : binding parameter [10] as [VARCHAR] - [null]
2020-06-10 18:11:29.146 TRACE 55751 --- [    Test worker] o.h.type.descriptor.sql.BasicBinder      : binding parameter [11] as [VARCHAR] - [-8292973307042192125]
2020-06-10 18:11:29.146 TRACE 55751 --- [    Test worker] o.h.type.descriptor.sql.BasicBinder      : binding parameter [12] as [VARCHAR] - [null]
2020-06-10 18:11:29.146 TRACE 55751 --- [    Test worker] o.h.type.descriptor.sql.BasicBinder      : binding parameter [13] as [VARCHAR] - [null]
2020-06-10 18:11:29.146 TRACE 55751 --- [    Test worker] o.h.type.descriptor.sql.BasicBinder      : binding parameter [14] as [VARCHAR] - [null]
2020-06-10 18:11:29.146 TRACE 55751 --- [    Test worker] o.h.type.descriptor.sql.BasicBinder      : binding parameter [15] as [BOOLEAN] - [true]
2020-06-10 18:11:29.146 TRACE 55751 --- [    Test worker] o.h.type.descriptor.sql.BasicBinder      : binding parameter [16] as [VARCHAR] - [null]
2020-06-10 18:11:29.146 TRACE 55751 --- [    Test worker] o.h.type.descriptor.sql.BasicBinder      : binding parameter [17] as [TIMESTAMP] - [null]
2020-06-10 18:11:29.146 TRACE 55751 --- [    Test worker] o.h.type.descriptor.sql.BasicBinder      : binding parameter [18] as [VARCHAR] - [|31|]
2020-06-10 18:11:29.146 TRACE 55751 --- [    Test worker] o.h.type.descriptor.sql.BasicBinder      : binding parameter [19] as [VARCHAR] - [|-4962768465676381896|]
2020-06-10 18:11:29.146 TRACE 55751 --- [    Test worker] o.h.type.descriptor.sql.BasicBinder      : binding parameter [20] as [BOOLEAN] - [false]
2020-06-10 18:11:29.146 TRACE 55751 --- [    Test worker] o.h.type.descriptor.sql.BasicBinder      : binding parameter [21] as [TIMESTAMP] - [null]
2020-06-10 18:11:29.147 TRACE 55751 --- [    Test worker] o.h.type.descriptor.sql.BasicBinder      : binding parameter [22] as [VARCHAR] - [null]
2020-06-10 18:11:29.147 TRACE 55751 --- [    Test worker] o.h.type.descriptor.sql.BasicBinder      : binding parameter [23] as [TIMESTAMP] - [null]
2020-06-10 18:11:29.147 TRACE 55751 --- [    Test worker] o.h.type.descriptor.sql.BasicBinder      : binding parameter [24] as [BIGINT] - [null]
2020-06-10 18:11:29.147 TRACE 55751 --- [    Test worker] o.h.type.descriptor.sql.BasicBinder      : binding parameter [25] as [VARCHAR] - [null]
2020-06-10 18:11:29.147 TRACE 55751 --- [    Test worker] o.h.type.descriptor.sql.BasicBinder      : binding parameter [26] as [VARCHAR] - [null]
2020-06-10 18:11:29.147 TRACE 55751 --- [    Test worker] o.h.type.descriptor.sql.BasicBinder      : binding parameter [27] as [VARCHAR] - [null]
2020-06-10 18:11:29.147 TRACE 55751 --- [    Test worker] o.h.type.descriptor.sql.BasicBinder      : binding parameter [28] as [VARCHAR] - [null]
2020-06-10 18:11:29.147 TRACE 55751 --- [    Test worker] o.h.type.descriptor.sql.BasicBinder      : binding parameter [29] as [DATE] - [null]
2020-06-10 18:11:29.147 TRACE 55751 --- [    Test worker] o.h.type.descriptor.sql.BasicBinder      : binding parameter [30] as [VARCHAR] - [null]
Hibernate: 
    insert 
    into
        organisaatiosuhde
        (id, version, alkupvm, child_id, loppupvm, opetuspisteenjarjnro, parent_id, suhdetyyppi) 
    values
        (null, ?, ?, ?, ?, ?, ?, ?)
2020-06-10 18:11:29.147 TRACE 55751 --- [    Test worker] o.h.type.descriptor.sql.BasicBinder      : binding parameter [1] as [BIGINT] - [0]
2020-06-10 18:11:29.147 TRACE 55751 --- [    Test worker] o.h.type.descriptor.sql.BasicBinder      : binding parameter [2] as [DATE] - [null]
2020-06-10 18:11:29.147 TRACE 55751 --- [    Test worker] o.h.type.descriptor.sql.BasicBinder      : binding parameter [3] as [BIGINT] - [34]
2020-06-10 18:11:29.147 TRACE 55751 --- [    Test worker] o.h.type.descriptor.sql.BasicBinder      : binding parameter [4] as [DATE] - [null]
2020-06-10 18:11:29.147 TRACE 55751 --- [    Test worker] o.h.type.descriptor.sql.BasicBinder      : binding parameter [5] as [VARCHAR] - [null]
2020-06-10 18:11:29.148 TRACE 55751 --- [    Test worker] o.h.type.descriptor.sql.BasicBinder      : binding parameter [6] as [BIGINT] - [31]
2020-06-10 18:11:29.148 TRACE 55751 --- [    Test worker] o.h.type.descriptor.sql.BasicBinder      : binding parameter [7] as [VARCHAR] - [HISTORIA]
Hibernate: 
    insert 
    into
        monikielinen_teksti
        (id, version) 
    values
        (null, ?)
2020-06-10 18:11:29.148 TRACE 55751 --- [    Test worker] o.h.type.descriptor.sql.BasicBinder      : binding parameter [1] as [BIGINT] - [0]
Hibernate: 
    insert 
    into
        monikielinen_teksti
        (id, version) 
    values
        (null, ?)
2020-06-10 18:11:29.149 TRACE 55751 --- [    Test worker] o.h.type.descriptor.sql.BasicBinder      : binding parameter [1] as [BIGINT] - [0]
Hibernate: 
    insert 
    into
        organisaatio
        (id, version, alkupvm, domainnimi, kotipaikka, kuvaus_mkt, lakkautuspvm, maa, metadata_id, nimi_mkt, nimihaku, oid, opetuspisteenjarjnro, oppilaitoskoodi, oppilaitos_tyyppi, organisaatio_poistettu, paivittaja, paivityspvm, parentidpath, parentoidpath, piilotettu, tarkastus_pvm, toimipistekoodi, tuontipvm, varhaiskasvatuksen_toimipaikka_tiedot_id, virastotunnus, yhteishaunkoulukoodi, yritysmuoto, ytj_kieli, ytjpaivityspvm, ytunnus) 
    values
        (null, ?, ?, ?, ?, ?, ?, ?, ?, ?, ?, ?, ?, ?, ?, ?, ?, ?, ?, ?, ?, ?, ?, ?, ?, ?, ?, ?, ?, ?, ?)
2020-06-10 18:11:29.149 TRACE 55751 --- [    Test worker] o.h.type.descriptor.sql.BasicBinder      : binding parameter [1] as [BIGINT] - [0]
2020-06-10 18:11:29.149 TRACE 55751 --- [    Test worker] o.h.type.descriptor.sql.BasicBinder      : binding parameter [2] as [DATE] - [null]
2020-06-10 18:11:29.149 TRACE 55751 --- [    Test worker] o.h.type.descriptor.sql.BasicBinder      : binding parameter [3] as [VARCHAR] - [null]
2020-06-10 18:11:29.150 TRACE 55751 --- [    Test worker] o.h.type.descriptor.sql.BasicBinder      : binding parameter [4] as [VARCHAR] - [null]
2020-06-10 18:11:29.150 TRACE 55751 --- [    Test worker] o.h.type.descriptor.sql.BasicBinder      : binding parameter [5] as [BIGINT] - [28]
2020-06-10 18:11:29.150 TRACE 55751 --- [    Test worker] o.h.type.descriptor.sql.BasicBinder      : binding parameter [6] as [DATE] - [Thu May 31 00:00:00 EEST 2018]
2020-06-10 18:11:29.150 TRACE 55751 --- [    Test worker] o.h.type.descriptor.sql.BasicBinder      : binding parameter [7] as [VARCHAR] - [null]
2020-06-10 18:11:29.150 TRACE 55751 --- [    Test worker] o.h.type.descriptor.sql.BasicBinder      : binding parameter [8] as [BIGINT] - [null]
2020-06-10 18:11:29.150 TRACE 55751 --- [    Test worker] o.h.type.descriptor.sql.BasicBinder      : binding parameter [9] as [BIGINT] - [29]
2020-06-10 18:11:29.150 TRACE 55751 --- [    Test worker] o.h.type.descriptor.sql.BasicBinder      : binding parameter [10] as [VARCHAR] - [null]
2020-06-10 18:11:29.150 TRACE 55751 --- [    Test worker] o.h.type.descriptor.sql.BasicBinder      : binding parameter [11] as [VARCHAR] - [-7423979211207825555]
2020-06-10 18:11:29.150 TRACE 55751 --- [    Test worker] o.h.type.descriptor.sql.BasicBinder      : binding parameter [12] as [VARCHAR] - [null]
2020-06-10 18:11:29.150 TRACE 55751 --- [    Test worker] o.h.type.descriptor.sql.BasicBinder      : binding parameter [13] as [VARCHAR] - [null]
2020-06-10 18:11:29.150 TRACE 55751 --- [    Test worker] o.h.type.descriptor.sql.BasicBinder      : binding parameter [14] as [VARCHAR] - [null]
2020-06-10 18:11:29.150 TRACE 55751 --- [    Test worker] o.h.type.descriptor.sql.BasicBinder      : binding parameter [15] as [BOOLEAN] - [false]
2020-06-10 18:11:29.150 TRACE 55751 --- [    Test worker] o.h.type.descriptor.sql.BasicBinder      : binding parameter [16] as [VARCHAR] - [null]
2020-06-10 18:11:29.150 TRACE 55751 --- [    Test worker] o.h.type.descriptor.sql.BasicBinder      : binding parameter [17] as [TIMESTAMP] - [null]
2020-06-10 18:11:29.150 TRACE 55751 --- [    Test worker] o.h.type.descriptor.sql.BasicBinder      : binding parameter [18] as [VARCHAR] - [|32|]
2020-06-10 18:11:29.150 TRACE 55751 --- [    Test worker] o.h.type.descriptor.sql.BasicBinder      : binding parameter [19] as [VARCHAR] - [|4437113781045784766|]
2020-06-10 18:11:29.150 TRACE 55751 --- [    Test worker] o.h.type.descriptor.sql.BasicBinder      : binding parameter [20] as [BOOLEAN] - [false]
2020-06-10 18:11:29.150 TRACE 55751 --- [    Test worker] o.h.type.descriptor.sql.BasicBinder      : binding parameter [21] as [TIMESTAMP] - [null]
2020-06-10 18:11:29.150 TRACE 55751 --- [    Test worker] o.h.type.descriptor.sql.BasicBinder      : binding parameter [22] as [VARCHAR] - [null]
2020-06-10 18:11:29.150 TRACE 55751 --- [    Test worker] o.h.type.descriptor.sql.BasicBinder      : binding parameter [23] as [TIMESTAMP] - [null]
2020-06-10 18:11:29.150 TRACE 55751 --- [    Test worker] o.h.type.descriptor.sql.BasicBinder      : binding parameter [24] as [BIGINT] - [null]
2020-06-10 18:11:29.151 TRACE 55751 --- [    Test worker] o.h.type.descriptor.sql.BasicBinder      : binding parameter [25] as [VARCHAR] - [null]
2020-06-10 18:11:29.151 TRACE 55751 --- [    Test worker] o.h.type.descriptor.sql.BasicBinder      : binding parameter [26] as [VARCHAR] - [null]
2020-06-10 18:11:29.151 TRACE 55751 --- [    Test worker] o.h.type.descriptor.sql.BasicBinder      : binding parameter [27] as [VARCHAR] - [null]
2020-06-10 18:11:29.151 TRACE 55751 --- [    Test worker] o.h.type.descriptor.sql.BasicBinder      : binding parameter [28] as [VARCHAR] - [null]
2020-06-10 18:11:29.151 TRACE 55751 --- [    Test worker] o.h.type.descriptor.sql.BasicBinder      : binding parameter [29] as [DATE] - [null]
2020-06-10 18:11:29.151 TRACE 55751 --- [    Test worker] o.h.type.descriptor.sql.BasicBinder      : binding parameter [30] as [VARCHAR] - [null]
Hibernate: 
    insert 
    into
        organisaatiosuhde
        (id, version, alkupvm, child_id, loppupvm, opetuspisteenjarjnro, parent_id, suhdetyyppi) 
    values
        (null, ?, ?, ?, ?, ?, ?, ?)
2020-06-10 18:11:29.151 TRACE 55751 --- [    Test worker] o.h.type.descriptor.sql.BasicBinder      : binding parameter [1] as [BIGINT] - [0]
2020-06-10 18:11:29.151 TRACE 55751 --- [    Test worker] o.h.type.descriptor.sql.BasicBinder      : binding parameter [2] as [DATE] - [null]
2020-06-10 18:11:29.151 TRACE 55751 --- [    Test worker] o.h.type.descriptor.sql.BasicBinder      : binding parameter [3] as [BIGINT] - [35]
2020-06-10 18:11:29.151 TRACE 55751 --- [    Test worker] o.h.type.descriptor.sql.BasicBinder      : binding parameter [4] as [DATE] - [null]
2020-06-10 18:11:29.151 TRACE 55751 --- [    Test worker] o.h.type.descriptor.sql.BasicBinder      : binding parameter [5] as [VARCHAR] - [null]
2020-06-10 18:11:29.151 TRACE 55751 --- [    Test worker] o.h.type.descriptor.sql.BasicBinder      : binding parameter [6] as [BIGINT] - [32]
2020-06-10 18:11:29.151 TRACE 55751 --- [    Test worker] o.h.type.descriptor.sql.BasicBinder      : binding parameter [7] as [VARCHAR] - [HISTORIA]
Hibernate: 
    insert 
    into
        monikielinen_teksti_values
        (id, key, value) 
    values
        (?, ?, ?)
2020-06-10 18:11:29.161 TRACE 55751 --- [    Test worker] o.h.type.descriptor.sql.BasicBinder      : binding parameter [1] as [BIGINT] - [22]
2020-06-10 18:11:29.161 TRACE 55751 --- [    Test worker] o.h.type.descriptor.sql.BasicBinder      : binding parameter [2] as [VARCHAR] - [FI]
2020-06-10 18:11:29.161 TRACE 55751 --- [    Test worker] o.h.type.descriptor.sql.BasicBinder      : binding parameter [3] as [VARCHAR] - [parent1]
Hibernate: 
    insert 
    into
        monikielinen_teksti_values
        (id, key, value) 
    values
        (?, ?, ?)
2020-06-10 18:11:29.161 TRACE 55751 --- [    Test worker] o.h.type.descriptor.sql.BasicBinder      : binding parameter [1] as [BIGINT] - [23]
2020-06-10 18:11:29.162 TRACE 55751 --- [    Test worker] o.h.type.descriptor.sql.BasicBinder      : binding parameter [2] as [VARCHAR] - [FI]
2020-06-10 18:11:29.162 TRACE 55751 --- [    Test worker] o.h.type.descriptor.sql.BasicBinder      : binding parameter [3] as [VARCHAR] - [parent2]
Hibernate: 
    insert 
    into
        organisaatio_kayttoryhmat
        (organisaatio_id, kayttoryhmat) 
    values
        (?, ?)
2020-06-10 18:11:29.162 TRACE 55751 --- [    Test worker] o.h.type.descriptor.sql.BasicBinder      : binding parameter [1] as [BIGINT] - [33]
2020-06-10 18:11:29.162 TRACE 55751 --- [    Test worker] o.h.type.descriptor.sql.BasicBinder      : binding parameter [2] as [VARCHAR] - [kayttoryhma2]
Hibernate: 
    insert 
    into
        organisaatio_kayttoryhmat
        (organisaatio_id, kayttoryhmat) 
    values
        (?, ?)
2020-06-10 18:11:29.162 TRACE 55751 --- [    Test worker] o.h.type.descriptor.sql.BasicBinder      : binding parameter [1] as [BIGINT] - [33]
2020-06-10 18:11:29.162 TRACE 55751 --- [    Test worker] o.h.type.descriptor.sql.BasicBinder      : binding parameter [2] as [VARCHAR] - [kayttoryhma1]
Hibernate: 
    insert 
    into
        organisaatio_ryhmatyypit
        (organisaatio_id, ryhmatyypit) 
    values
        (?, ?)
2020-06-10 18:11:29.163 TRACE 55751 --- [    Test worker] o.h.type.descriptor.sql.BasicBinder      : binding parameter [1] as [BIGINT] - [33]
2020-06-10 18:11:29.163 TRACE 55751 --- [    Test worker] o.h.type.descriptor.sql.BasicBinder      : binding parameter [2] as [VARCHAR] - [ryhmatyyppi2]
Hibernate: 
    insert 
    into
        organisaatio_ryhmatyypit
        (organisaatio_id, ryhmatyypit) 
    values
        (?, ?)
2020-06-10 18:11:29.163 TRACE 55751 --- [    Test worker] o.h.type.descriptor.sql.BasicBinder      : binding parameter [1] as [BIGINT] - [33]
2020-06-10 18:11:29.163 TRACE 55751 --- [    Test worker] o.h.type.descriptor.sql.BasicBinder      : binding parameter [2] as [VARCHAR] - [ryhmatyyppi1]
Hibernate: 
    insert 
    into
        organisaatio_tyypit
        (organisaatio_id, tyypit) 
    values
        (?, ?)
2020-06-10 18:11:29.163 TRACE 55751 --- [    Test worker] o.h.type.descriptor.sql.BasicBinder      : binding parameter [1] as [BIGINT] - [33]
2020-06-10 18:11:29.164 TRACE 55751 --- [    Test worker] o.h.type.descriptor.sql.BasicBinder      : binding parameter [2] as [VARCHAR] - [Ryhma]
Hibernate: 
    insert 
    into
        monikielinen_teksti_values
        (id, key, value) 
    values
        (?, ?, ?)
2020-06-10 18:11:29.164 TRACE 55751 --- [    Test worker] o.h.type.descriptor.sql.BasicBinder      : binding parameter [1] as [BIGINT] - [25]
2020-06-10 18:11:29.164 TRACE 55751 --- [    Test worker] o.h.type.descriptor.sql.BasicBinder      : binding parameter [2] as [VARCHAR] - [FI]
2020-06-10 18:11:29.164 TRACE 55751 --- [    Test worker] o.h.type.descriptor.sql.BasicBinder      : binding parameter [3] as [VARCHAR] - [ryhma1]
Hibernate: 
    insert 
    into
        organisaatio_kayttoryhmat
        (organisaatio_id, kayttoryhmat) 
    values
        (?, ?)
2020-06-10 18:11:29.164 TRACE 55751 --- [    Test worker] o.h.type.descriptor.sql.BasicBinder      : binding parameter [1] as [BIGINT] - [34]
2020-06-10 18:11:29.164 TRACE 55751 --- [    Test worker] o.h.type.descriptor.sql.BasicBinder      : binding parameter [2] as [VARCHAR] - [kayttoryhma3]
Hibernate: 
    insert 
    into
        organisaatio_kayttoryhmat
        (organisaatio_id, kayttoryhmat) 
    values
        (?, ?)
2020-06-10 18:11:29.165 TRACE 55751 --- [    Test worker] o.h.type.descriptor.sql.BasicBinder      : binding parameter [1] as [BIGINT] - [34]
2020-06-10 18:11:29.165 TRACE 55751 --- [    Test worker] o.h.type.descriptor.sql.BasicBinder      : binding parameter [2] as [VARCHAR] - [kayttoryhma2]
Hibernate: 
    insert 
    into
        organisaatio_ryhmatyypit
        (organisaatio_id, ryhmatyypit) 
    values
        (?, ?)
2020-06-10 18:11:29.165 TRACE 55751 --- [    Test worker] o.h.type.descriptor.sql.BasicBinder      : binding parameter [1] as [BIGINT] - [34]
2020-06-10 18:11:29.165 TRACE 55751 --- [    Test worker] o.h.type.descriptor.sql.BasicBinder      : binding parameter [2] as [VARCHAR] - [ryhmatyyppi2]
Hibernate: 
    insert 
    into
        organisaatio_ryhmatyypit
        (organisaatio_id, ryhmatyypit) 
    values
        (?, ?)
2020-06-10 18:11:29.165 TRACE 55751 --- [    Test worker] o.h.type.descriptor.sql.BasicBinder      : binding parameter [1] as [BIGINT] - [34]
2020-06-10 18:11:29.165 TRACE 55751 --- [    Test worker] o.h.type.descriptor.sql.BasicBinder      : binding parameter [2] as [VARCHAR] - [ryhmatyyppi3]
Hibernate: 
    insert 
    into
        organisaatio_tyypit
        (organisaatio_id, tyypit) 
    values
        (?, ?)
2020-06-10 18:11:29.166 TRACE 55751 --- [    Test worker] o.h.type.descriptor.sql.BasicBinder      : binding parameter [1] as [BIGINT] - [34]
2020-06-10 18:11:29.166 TRACE 55751 --- [    Test worker] o.h.type.descriptor.sql.BasicBinder      : binding parameter [2] as [VARCHAR] - [Ryhma]
Hibernate: 
    insert 
    into
        monikielinen_teksti_values
        (id, key, value) 
    values
        (?, ?, ?)
2020-06-10 18:11:29.166 TRACE 55751 --- [    Test worker] o.h.type.descriptor.sql.BasicBinder      : binding parameter [1] as [BIGINT] - [27]
2020-06-10 18:11:29.166 TRACE 55751 --- [    Test worker] o.h.type.descriptor.sql.BasicBinder      : binding parameter [2] as [VARCHAR] - [FI]
2020-06-10 18:11:29.166 TRACE 55751 --- [    Test worker] o.h.type.descriptor.sql.BasicBinder      : binding parameter [3] as [VARCHAR] - [ryhma2-poistettu]
Hibernate: 
    insert 
    into
        organisaatio_kayttoryhmat
        (organisaatio_id, kayttoryhmat) 
    values
        (?, ?)
2020-06-10 18:11:29.166 TRACE 55751 --- [    Test worker] o.h.type.descriptor.sql.BasicBinder      : binding parameter [1] as [BIGINT] - [35]
2020-06-10 18:11:29.166 TRACE 55751 --- [    Test worker] o.h.type.descriptor.sql.BasicBinder      : binding parameter [2] as [VARCHAR] - [kayttoryhma3]
Hibernate: 
    insert 
    into
        organisaatio_kayttoryhmat
        (organisaatio_id, kayttoryhmat) 
    values
        (?, ?)
2020-06-10 18:11:29.167 TRACE 55751 --- [    Test worker] o.h.type.descriptor.sql.BasicBinder      : binding parameter [1] as [BIGINT] - [35]
2020-06-10 18:11:29.167 TRACE 55751 --- [    Test worker] o.h.type.descriptor.sql.BasicBinder      : binding parameter [2] as [VARCHAR] - [kayttoryhma1]
Hibernate: 
    insert 
    into
        organisaatio_ryhmatyypit
        (organisaatio_id, ryhmatyypit) 
    values
        (?, ?)
2020-06-10 18:11:29.167 TRACE 55751 --- [    Test worker] o.h.type.descriptor.sql.BasicBinder      : binding parameter [1] as [BIGINT] - [35]
2020-06-10 18:11:29.167 TRACE 55751 --- [    Test worker] o.h.type.descriptor.sql.BasicBinder      : binding parameter [2] as [VARCHAR] - [ryhmatyyppi3]
Hibernate: 
    insert 
    into
        organisaatio_ryhmatyypit
        (organisaatio_id, ryhmatyypit) 
    values
        (?, ?)
2020-06-10 18:11:29.167 TRACE 55751 --- [    Test worker] o.h.type.descriptor.sql.BasicBinder      : binding parameter [1] as [BIGINT] - [35]
2020-06-10 18:11:29.168 TRACE 55751 --- [    Test worker] o.h.type.descriptor.sql.BasicBinder      : binding parameter [2] as [VARCHAR] - [ryhmatyyppi1]
Hibernate: 
    insert 
    into
        organisaatio_tyypit
        (organisaatio_id, tyypit) 
    values
        (?, ?)
2020-06-10 18:11:29.168 TRACE 55751 --- [    Test worker] o.h.type.descriptor.sql.BasicBinder      : binding parameter [1] as [BIGINT] - [35]
2020-06-10 18:11:29.168 TRACE 55751 --- [    Test worker] o.h.type.descriptor.sql.BasicBinder      : binding parameter [2] as [VARCHAR] - [Ryhma]
Hibernate: 
    insert 
    into
        monikielinen_teksti_values
        (id, key, value) 
    values
        (?, ?, ?)
2020-06-10 18:11:29.168 TRACE 55751 --- [    Test worker] o.h.type.descriptor.sql.BasicBinder      : binding parameter [1] as [BIGINT] - [29]
2020-06-10 18:11:29.168 TRACE 55751 --- [    Test worker] o.h.type.descriptor.sql.BasicBinder      : binding parameter [2] as [VARCHAR] - [FI]
2020-06-10 18:11:29.168 TRACE 55751 --- [    Test worker] o.h.type.descriptor.sql.BasicBinder      : binding parameter [3] as [VARCHAR] - [ryhma3-lakkautettu]
Hibernate: 
    select
        organisaat0_.id as id1_5_0_,
        monikielin1_.id as id1_2_1_,
        monikielin2_.id as id1_2_2_,
        organisaat0_.version as version2_5_0_,
        organisaat0_.alkupvm as alkupvm3_5_0_,
        organisaat0_.domainnimi as domainni4_5_0_,
        organisaat0_.kotipaikka as kotipaik5_5_0_,
        organisaat0_.kuvaus_mkt as kuvaus_28_5_0_,
        organisaat0_.lakkautuspvm as lakkautu6_5_0_,
        organisaat0_.maa as maa7_5_0_,
        organisaat0_.metadata_id as metadat29_5_0_,
        organisaat0_.nimi_mkt as nimi_mk30_5_0_,
        organisaat0_.nimihaku as nimihaku8_5_0_,
        organisaat0_.oid as oid9_5_0_,
        organisaat0_.opetuspisteenjarjnro as opetusp10_5_0_,
        organisaat0_.oppilaitoskoodi as oppilai11_5_0_,
        organisaat0_.oppilaitos_tyyppi as oppilai12_5_0_,
        organisaat0_.organisaatio_poistettu as organis13_5_0_,
        organisaat0_.paivittaja as paivitt14_5_0_,
        organisaat0_.paivityspvm as paivity15_5_0_,
        organisaat0_.parentidpath as parenti16_5_0_,
        organisaat0_.parentoidpath as parento17_5_0_,
        organisaat0_.piilotettu as piilote18_5_0_,
        organisaat0_.tarkastus_pvm as tarkast19_5_0_,
        organisaat0_.toimipistekoodi as toimipi20_5_0_,
        organisaat0_.tuontipvm as tuontip21_5_0_,
        organisaat0_.varhaiskasvatuksen_toimipaikka_tiedot_id as varhais31_5_0_,
        organisaat0_.virastotunnus as virasto22_5_0_,
        organisaat0_.yhteishaunkoulukoodi as yhteish23_5_0_,
        organisaat0_.yritysmuoto as yritysm24_5_0_,
        organisaat0_.ytj_kieli as ytj_kie25_5_0_,
        organisaat0_.ytjpaivityspvm as ytjpaiv26_5_0_,
        organisaat0_.ytunnus as ytunnus27_5_0_,
        monikielin1_.version as version2_2_1_,
        monikielin2_.version as version2_2_2_ 
    from
        organisaatio organisaat0_ 
    inner join
        monikielinen_teksti monikielin1_ 
            on organisaat0_.nimi_mkt=monikielin1_.id 
    inner join
        monikielinen_teksti monikielin2_ 
            on organisaat0_.kuvaus_mkt=monikielin2_.id 
    where
        organisaat0_.id in (
            select
                organisaat3_.id 
            from
                organisaatio organisaat3_ 
            inner join
                organisaatio_tyypit tyypit4_ 
                    on organisaat3_.id=tyypit4_.organisaatio_id 
            where
                tyypit4_.tyypit=?
        )
2020-06-10 18:11:29.169 TRACE 55751 --- [    Test worker] o.h.type.descriptor.sql.BasicBinder      : binding parameter [1] as [VARCHAR] - [Ryhma]
2020-06-10 18:11:29.169 TRACE 55751 --- [    Test worker] o.h.type.descriptor.sql.BasicExtractor   : extracted value ([id1_5_0_] : [BIGINT]) - [33]
2020-06-10 18:11:29.170 TRACE 55751 --- [    Test worker] o.h.type.descriptor.sql.BasicExtractor   : extracted value ([id1_2_1_] : [BIGINT]) - [25]
2020-06-10 18:11:29.170 TRACE 55751 --- [    Test worker] o.h.type.descriptor.sql.BasicExtractor   : extracted value ([id1_2_2_] : [BIGINT]) - [24]
2020-06-10 18:11:29.170 TRACE 55751 --- [    Test worker] o.h.type.descriptor.sql.BasicExtractor   : extracted value ([id1_5_0_] : [BIGINT]) - [34]
2020-06-10 18:11:29.170 TRACE 55751 --- [    Test worker] o.h.type.descriptor.sql.BasicExtractor   : extracted value ([id1_2_1_] : [BIGINT]) - [27]
2020-06-10 18:11:29.170 TRACE 55751 --- [    Test worker] o.h.type.descriptor.sql.BasicExtractor   : extracted value ([id1_2_2_] : [BIGINT]) - [26]
2020-06-10 18:11:29.170 TRACE 55751 --- [    Test worker] o.h.type.descriptor.sql.BasicExtractor   : extracted value ([id1_5_0_] : [BIGINT]) - [35]
2020-06-10 18:11:29.170 TRACE 55751 --- [    Test worker] o.h.type.descriptor.sql.BasicExtractor   : extracted value ([id1_2_1_] : [BIGINT]) - [29]
2020-06-10 18:11:29.170 TRACE 55751 --- [    Test worker] o.h.type.descriptor.sql.BasicExtractor   : extracted value ([id1_2_2_] : [BIGINT]) - [28]
Hibernate: 
    select
        organisaat0_.id as id1_5_0_,
        monikielin1_.id as id1_2_1_,
        monikielin2_.id as id1_2_2_,
        organisaat0_.version as version2_5_0_,
        organisaat0_.alkupvm as alkupvm3_5_0_,
        organisaat0_.domainnimi as domainni4_5_0_,
        organisaat0_.kotipaikka as kotipaik5_5_0_,
        organisaat0_.kuvaus_mkt as kuvaus_28_5_0_,
        organisaat0_.lakkautuspvm as lakkautu6_5_0_,
        organisaat0_.maa as maa7_5_0_,
        organisaat0_.metadata_id as metadat29_5_0_,
        organisaat0_.nimi_mkt as nimi_mk30_5_0_,
        organisaat0_.nimihaku as nimihaku8_5_0_,
        organisaat0_.oid as oid9_5_0_,
        organisaat0_.opetuspisteenjarjnro as opetusp10_5_0_,
        organisaat0_.oppilaitoskoodi as oppilai11_5_0_,
        organisaat0_.oppilaitos_tyyppi as oppilai12_5_0_,
        organisaat0_.organisaatio_poistettu as organis13_5_0_,
        organisaat0_.paivittaja as paivitt14_5_0_,
        organisaat0_.paivityspvm as paivity15_5_0_,
        organisaat0_.parentidpath as parenti16_5_0_,
        organisaat0_.parentoidpath as parento17_5_0_,
        organisaat0_.piilotettu as piilote18_5_0_,
        organisaat0_.tarkastus_pvm as tarkast19_5_0_,
        organisaat0_.toimipistekoodi as toimipi20_5_0_,
        organisaat0_.tuontipvm as tuontip21_5_0_,
        organisaat0_.varhaiskasvatuksen_toimipaikka_tiedot_id as varhais31_5_0_,
        organisaat0_.virastotunnus as virasto22_5_0_,
        organisaat0_.yhteishaunkoulukoodi as yhteish23_5_0_,
        organisaat0_.yritysmuoto as yritysm24_5_0_,
        organisaat0_.ytj_kieli as ytj_kie25_5_0_,
        organisaat0_.ytjpaivityspvm as ytjpaiv26_5_0_,
        organisaat0_.ytunnus as ytunnus27_5_0_,
        monikielin1_.version as version2_2_1_,
        monikielin2_.version as version2_2_2_ 
    from
        organisaatio organisaat0_ 
    inner join
        monikielinen_teksti monikielin1_ 
            on organisaat0_.nimi_mkt=monikielin1_.id 
    inner join
        monikielinen_teksti monikielin2_ 
            on organisaat0_.kuvaus_mkt=monikielin2_.id 
    where
        (
            organisaat0_.id in (
                select
                    organisaat3_.id 
                from
                    organisaatio organisaat3_ 
                inner join
                    organisaatio_tyypit tyypit4_ 
                        on organisaat3_.id=tyypit4_.organisaatio_id 
                where
                    tyypit4_.tyypit=?
            )
        ) 
        and (
            monikielin1_.id in (
                select
                    monikielin5_.id 
                from
                    monikielinen_teksti monikielin5_ 
                inner join
                    monikielinen_teksti_values values6_ 
                        on monikielin5_.id=values6_.id 
                where
                    lower(values6_.value) like ? escape '!'
            ) 
            or organisaat0_.oid=?
        )
2020-06-10 18:11:29.177 TRACE 55751 --- [    Test worker] o.h.type.descriptor.sql.BasicBinder      : binding parameter [1] as [VARCHAR] - [Ryhma]
2020-06-10 18:11:29.177 TRACE 55751 --- [    Test worker] o.h.type.descriptor.sql.BasicBinder      : binding parameter [2] as [VARCHAR] - [%ma1%]
2020-06-10 18:11:29.177 TRACE 55751 --- [    Test worker] o.h.type.descriptor.sql.BasicBinder      : binding parameter [3] as [VARCHAR] - [ma1]
2020-06-10 18:11:29.177 TRACE 55751 --- [    Test worker] o.h.type.descriptor.sql.BasicExtractor   : extracted value ([id1_5_0_] : [BIGINT]) - [33]
2020-06-10 18:11:29.177 TRACE 55751 --- [    Test worker] o.h.type.descriptor.sql.BasicExtractor   : extracted value ([id1_2_1_] : [BIGINT]) - [25]
2020-06-10 18:11:29.177 TRACE 55751 --- [    Test worker] o.h.type.descriptor.sql.BasicExtractor   : extracted value ([id1_2_2_] : [BIGINT]) - [24]
Hibernate: 
    select
        organisaat0_.id as id1_5_0_,
        monikielin1_.id as id1_2_1_,
        monikielin2_.id as id1_2_2_,
        organisaat0_.version as version2_5_0_,
        organisaat0_.alkupvm as alkupvm3_5_0_,
        organisaat0_.domainnimi as domainni4_5_0_,
        organisaat0_.kotipaikka as kotipaik5_5_0_,
        organisaat0_.kuvaus_mkt as kuvaus_28_5_0_,
        organisaat0_.lakkautuspvm as lakkautu6_5_0_,
        organisaat0_.maa as maa7_5_0_,
        organisaat0_.metadata_id as metadat29_5_0_,
        organisaat0_.nimi_mkt as nimi_mk30_5_0_,
        organisaat0_.nimihaku as nimihaku8_5_0_,
        organisaat0_.oid as oid9_5_0_,
        organisaat0_.opetuspisteenjarjnro as opetusp10_5_0_,
        organisaat0_.oppilaitoskoodi as oppilai11_5_0_,
        organisaat0_.oppilaitos_tyyppi as oppilai12_5_0_,
        organisaat0_.organisaatio_poistettu as organis13_5_0_,
        organisaat0_.paivittaja as paivitt14_5_0_,
        organisaat0_.paivityspvm as paivity15_5_0_,
        organisaat0_.parentidpath as parenti16_5_0_,
        organisaat0_.parentoidpath as parento17_5_0_,
        organisaat0_.piilotettu as piilote18_5_0_,
        organisaat0_.tarkastus_pvm as tarkast19_5_0_,
        organisaat0_.toimipistekoodi as toimipi20_5_0_,
        organisaat0_.tuontipvm as tuontip21_5_0_,
        organisaat0_.varhaiskasvatuksen_toimipaikka_tiedot_id as varhais31_5_0_,
        organisaat0_.virastotunnus as virasto22_5_0_,
        organisaat0_.yhteishaunkoulukoodi as yhteish23_5_0_,
        organisaat0_.yritysmuoto as yritysm24_5_0_,
        organisaat0_.ytj_kieli as ytj_kie25_5_0_,
        organisaat0_.ytjpaivityspvm as ytjpaiv26_5_0_,
        organisaat0_.ytunnus as ytunnus27_5_0_,
        monikielin1_.version as version2_2_1_,
        monikielin2_.version as version2_2_2_ 
    from
        organisaatio organisaat0_ 
    inner join
        monikielinen_teksti monikielin1_ 
            on organisaat0_.nimi_mkt=monikielin1_.id 
    inner join
        monikielinen_teksti monikielin2_ 
            on organisaat0_.kuvaus_mkt=monikielin2_.id 
    where
        (
            organisaat0_.id in (
                select
                    organisaat3_.id 
                from
                    organisaatio organisaat3_ 
                inner join
                    organisaatio_tyypit tyypit4_ 
                        on organisaat3_.id=tyypit4_.organisaatio_id 
                where
                    tyypit4_.tyypit=?
            )
        ) 
        and (
            monikielin1_.id in (
                select
                    monikielin5_.id 
                from
                    monikielinen_teksti monikielin5_ 
                inner join
                    monikielinen_teksti_values values6_ 
                        on monikielin5_.id=values6_.id 
                where
                    lower(values6_.value) like ? escape '!'
            ) 
            or organisaat0_.oid=?
        )
2020-06-10 18:11:29.179 TRACE 55751 --- [    Test worker] o.h.type.descriptor.sql.BasicBinder      : binding parameter [1] as [VARCHAR] - [Ryhma]
2020-06-10 18:11:29.179 TRACE 55751 --- [    Test worker] o.h.type.descriptor.sql.BasicBinder      : binding parameter [2] as [VARCHAR] - [%olematon%]
2020-06-10 18:11:29.179 TRACE 55751 --- [    Test worker] o.h.type.descriptor.sql.BasicBinder      : binding parameter [3] as [VARCHAR] - [olematon]
Hibernate: 
    select
        organisaat0_.id as id1_5_0_,
        monikielin1_.id as id1_2_1_,
        monikielin2_.id as id1_2_2_,
        organisaat0_.version as version2_5_0_,
        organisaat0_.alkupvm as alkupvm3_5_0_,
        organisaat0_.domainnimi as domainni4_5_0_,
        organisaat0_.kotipaikka as kotipaik5_5_0_,
        organisaat0_.kuvaus_mkt as kuvaus_28_5_0_,
        organisaat0_.lakkautuspvm as lakkautu6_5_0_,
        organisaat0_.maa as maa7_5_0_,
        organisaat0_.metadata_id as metadat29_5_0_,
        organisaat0_.nimi_mkt as nimi_mk30_5_0_,
        organisaat0_.nimihaku as nimihaku8_5_0_,
        organisaat0_.oid as oid9_5_0_,
        organisaat0_.opetuspisteenjarjnro as opetusp10_5_0_,
        organisaat0_.oppilaitoskoodi as oppilai11_5_0_,
        organisaat0_.oppilaitos_tyyppi as oppilai12_5_0_,
        organisaat0_.organisaatio_poistettu as organis13_5_0_,
        organisaat0_.paivittaja as paivitt14_5_0_,
        organisaat0_.paivityspvm as paivity15_5_0_,
        organisaat0_.parentidpath as parenti16_5_0_,
        organisaat0_.parentoidpath as parento17_5_0_,
        organisaat0_.piilotettu as piilote18_5_0_,
        organisaat0_.tarkastus_pvm as tarkast19_5_0_,
        organisaat0_.toimipistekoodi as toimipi20_5_0_,
        organisaat0_.tuontipvm as tuontip21_5_0_,
        organisaat0_.varhaiskasvatuksen_toimipaikka_tiedot_id as varhais31_5_0_,
        organisaat0_.virastotunnus as virasto22_5_0_,
        organisaat0_.yhteishaunkoulukoodi as yhteish23_5_0_,
        organisaat0_.yritysmuoto as yritysm24_5_0_,
        organisaat0_.ytj_kieli as ytj_kie25_5_0_,
        organisaat0_.ytjpaivityspvm as ytjpaiv26_5_0_,
        organisaat0_.ytunnus as ytunnus27_5_0_,
        monikielin1_.version as version2_2_1_,
        monikielin2_.version as version2_2_2_ 
    from
        organisaatio organisaat0_ 
    inner join
        monikielinen_teksti monikielin1_ 
            on organisaat0_.nimi_mkt=monikielin1_.id 
    inner join
        monikielinen_teksti monikielin2_ 
            on organisaat0_.kuvaus_mkt=monikielin2_.id 
    where
        (
            organisaat0_.id in (
                select
                    organisaat3_.id 
                from
                    organisaatio organisaat3_ 
                inner join
                    organisaatio_tyypit tyypit4_ 
                        on organisaat3_.id=tyypit4_.organisaatio_id 
                where
                    tyypit4_.tyypit=?
            )
        ) 
        and (
            organisaat0_.lakkautuspvm is null 
            or organisaat0_.lakkautuspvm>=?
        )
2020-06-10 18:11:29.184 TRACE 55751 --- [    Test worker] o.h.type.descriptor.sql.BasicBinder      : binding parameter [1] as [VARCHAR] - [Ryhma]
2020-06-10 18:11:29.184 TRACE 55751 --- [    Test worker] o.h.type.descriptor.sql.BasicBinder      : binding parameter [2] as [DATE] - [2018-06-01]
2020-06-10 18:11:29.184 TRACE 55751 --- [    Test worker] o.h.type.descriptor.sql.BasicExtractor   : extracted value ([id1_5_0_] : [BIGINT]) - [33]
2020-06-10 18:11:29.184 TRACE 55751 --- [    Test worker] o.h.type.descriptor.sql.BasicExtractor   : extracted value ([id1_2_1_] : [BIGINT]) - [25]
2020-06-10 18:11:29.184 TRACE 55751 --- [    Test worker] o.h.type.descriptor.sql.BasicExtractor   : extracted value ([id1_2_2_] : [BIGINT]) - [24]
2020-06-10 18:11:29.184 TRACE 55751 --- [    Test worker] o.h.type.descriptor.sql.BasicExtractor   : extracted value ([id1_5_0_] : [BIGINT]) - [34]
2020-06-10 18:11:29.184 TRACE 55751 --- [    Test worker] o.h.type.descriptor.sql.BasicExtractor   : extracted value ([id1_2_1_] : [BIGINT]) - [27]
2020-06-10 18:11:29.184 TRACE 55751 --- [    Test worker] o.h.type.descriptor.sql.BasicExtractor   : extracted value ([id1_2_2_] : [BIGINT]) - [26]
Hibernate: 
    select
        organisaat0_.id as id1_5_0_,
        monikielin1_.id as id1_2_1_,
        monikielin2_.id as id1_2_2_,
        organisaat0_.version as version2_5_0_,
        organisaat0_.alkupvm as alkupvm3_5_0_,
        organisaat0_.domainnimi as domainni4_5_0_,
        organisaat0_.kotipaikka as kotipaik5_5_0_,
        organisaat0_.kuvaus_mkt as kuvaus_28_5_0_,
        organisaat0_.lakkautuspvm as lakkautu6_5_0_,
        organisaat0_.maa as maa7_5_0_,
        organisaat0_.metadata_id as metadat29_5_0_,
        organisaat0_.nimi_mkt as nimi_mk30_5_0_,
        organisaat0_.nimihaku as nimihaku8_5_0_,
        organisaat0_.oid as oid9_5_0_,
        organisaat0_.opetuspisteenjarjnro as opetusp10_5_0_,
        organisaat0_.oppilaitoskoodi as oppilai11_5_0_,
        organisaat0_.oppilaitos_tyyppi as oppilai12_5_0_,
        organisaat0_.organisaatio_poistettu as organis13_5_0_,
        organisaat0_.paivittaja as paivitt14_5_0_,
        organisaat0_.paivityspvm as paivity15_5_0_,
        organisaat0_.parentidpath as parenti16_5_0_,
        organisaat0_.parentoidpath as parento17_5_0_,
        organisaat0_.piilotettu as piilote18_5_0_,
        organisaat0_.tarkastus_pvm as tarkast19_5_0_,
        organisaat0_.toimipistekoodi as toimipi20_5_0_,
        organisaat0_.tuontipvm as tuontip21_5_0_,
        organisaat0_.varhaiskasvatuksen_toimipaikka_tiedot_id as varhais31_5_0_,
        organisaat0_.virastotunnus as virasto22_5_0_,
        organisaat0_.yhteishaunkoulukoodi as yhteish23_5_0_,
        organisaat0_.yritysmuoto as yritysm24_5_0_,
        organisaat0_.ytj_kieli as ytj_kie25_5_0_,
        organisaat0_.ytjpaivityspvm as ytjpaiv26_5_0_,
        organisaat0_.ytunnus as ytunnus27_5_0_,
        monikielin1_.version as version2_2_1_,
        monikielin2_.version as version2_2_2_ 
    from
        organisaatio organisaat0_ 
    inner join
        monikielinen_teksti monikielin1_ 
            on organisaat0_.nimi_mkt=monikielin1_.id 
    inner join
        monikielinen_teksti monikielin2_ 
            on organisaat0_.kuvaus_mkt=monikielin2_.id 
    where
        (
            organisaat0_.id in (
                select
                    organisaat3_.id 
                from
                    organisaatio organisaat3_ 
                inner join
                    organisaatio_tyypit tyypit4_ 
                        on organisaat3_.id=tyypit4_.organisaatio_id 
                where
                    tyypit4_.tyypit=?
            )
        ) 
        and (
            organisaat0_.lakkautuspvm is null 
            or organisaat0_.lakkautuspvm>=?
        )
2020-06-10 18:11:29.186 TRACE 55751 --- [    Test worker] o.h.type.descriptor.sql.BasicBinder      : binding parameter [1] as [VARCHAR] - [Ryhma]
2020-06-10 18:11:29.186 TRACE 55751 --- [    Test worker] o.h.type.descriptor.sql.BasicBinder      : binding parameter [2] as [DATE] - [2018-05-30]
2020-06-10 18:11:29.186 TRACE 55751 --- [    Test worker] o.h.type.descriptor.sql.BasicExtractor   : extracted value ([id1_5_0_] : [BIGINT]) - [33]
2020-06-10 18:11:29.186 TRACE 55751 --- [    Test worker] o.h.type.descriptor.sql.BasicExtractor   : extracted value ([id1_2_1_] : [BIGINT]) - [25]
2020-06-10 18:11:29.186 TRACE 55751 --- [    Test worker] o.h.type.descriptor.sql.BasicExtractor   : extracted value ([id1_2_2_] : [BIGINT]) - [24]
2020-06-10 18:11:29.186 TRACE 55751 --- [    Test worker] o.h.type.descriptor.sql.BasicExtractor   : extracted value ([id1_5_0_] : [BIGINT]) - [34]
2020-06-10 18:11:29.186 TRACE 55751 --- [    Test worker] o.h.type.descriptor.sql.BasicExtractor   : extracted value ([id1_2_1_] : [BIGINT]) - [27]
2020-06-10 18:11:29.186 TRACE 55751 --- [    Test worker] o.h.type.descriptor.sql.BasicExtractor   : extracted value ([id1_2_2_] : [BIGINT]) - [26]
2020-06-10 18:11:29.186 TRACE 55751 --- [    Test worker] o.h.type.descriptor.sql.BasicExtractor   : extracted value ([id1_5_0_] : [BIGINT]) - [35]
2020-06-10 18:11:29.186 TRACE 55751 --- [    Test worker] o.h.type.descriptor.sql.BasicExtractor   : extracted value ([id1_2_1_] : [BIGINT]) - [29]
2020-06-10 18:11:29.187 TRACE 55751 --- [    Test worker] o.h.type.descriptor.sql.BasicExtractor   : extracted value ([id1_2_2_] : [BIGINT]) - [28]
Hibernate: 
    select
        organisaat0_.id as id1_5_0_,
        monikielin1_.id as id1_2_1_,
        monikielin2_.id as id1_2_2_,
        organisaat0_.version as version2_5_0_,
        organisaat0_.alkupvm as alkupvm3_5_0_,
        organisaat0_.domainnimi as domainni4_5_0_,
        organisaat0_.kotipaikka as kotipaik5_5_0_,
        organisaat0_.kuvaus_mkt as kuvaus_28_5_0_,
        organisaat0_.lakkautuspvm as lakkautu6_5_0_,
        organisaat0_.maa as maa7_5_0_,
        organisaat0_.metadata_id as metadat29_5_0_,
        organisaat0_.nimi_mkt as nimi_mk30_5_0_,
        organisaat0_.nimihaku as nimihaku8_5_0_,
        organisaat0_.oid as oid9_5_0_,
        organisaat0_.opetuspisteenjarjnro as opetusp10_5_0_,
        organisaat0_.oppilaitoskoodi as oppilai11_5_0_,
        organisaat0_.oppilaitos_tyyppi as oppilai12_5_0_,
        organisaat0_.organisaatio_poistettu as organis13_5_0_,
        organisaat0_.paivittaja as paivitt14_5_0_,
        organisaat0_.paivityspvm as paivity15_5_0_,
        organisaat0_.parentidpath as parenti16_5_0_,
        organisaat0_.parentoidpath as parento17_5_0_,
        organisaat0_.piilotettu as piilote18_5_0_,
        organisaat0_.tarkastus_pvm as tarkast19_5_0_,
        organisaat0_.toimipistekoodi as toimipi20_5_0_,
        organisaat0_.tuontipvm as tuontip21_5_0_,
        organisaat0_.varhaiskasvatuksen_toimipaikka_tiedot_id as varhais31_5_0_,
        organisaat0_.virastotunnus as virasto22_5_0_,
        organisaat0_.yhteishaunkoulukoodi as yhteish23_5_0_,
        organisaat0_.yritysmuoto as yritysm24_5_0_,
        organisaat0_.ytj_kieli as ytj_kie25_5_0_,
        organisaat0_.ytjpaivityspvm as ytjpaiv26_5_0_,
        organisaat0_.ytunnus as ytunnus27_5_0_,
        monikielin1_.version as version2_2_1_,
        monikielin2_.version as version2_2_2_ 
    from
        organisaatio organisaat0_ 
    inner join
        monikielinen_teksti monikielin1_ 
            on organisaat0_.nimi_mkt=monikielin1_.id 
    inner join
        monikielinen_teksti monikielin2_ 
            on organisaat0_.kuvaus_mkt=monikielin2_.id 
    where
        (
            organisaat0_.id in (
                select
                    organisaat3_.id 
                from
                    organisaatio organisaat3_ 
                inner join
                    organisaatio_tyypit tyypit4_ 
                        on organisaat3_.id=tyypit4_.organisaatio_id 
                where
                    tyypit4_.tyypit=?
            )
        ) 
        and organisaat0_.lakkautuspvm<?
2020-06-10 18:11:29.191 TRACE 55751 --- [    Test worker] o.h.type.descriptor.sql.BasicBinder      : binding parameter [1] as [VARCHAR] - [Ryhma]
2020-06-10 18:11:29.191 TRACE 55751 --- [    Test worker] o.h.type.descriptor.sql.BasicBinder      : binding parameter [2] as [DATE] - [2018-06-01]
2020-06-10 18:11:29.191 TRACE 55751 --- [    Test worker] o.h.type.descriptor.sql.BasicExtractor   : extracted value ([id1_5_0_] : [BIGINT]) - [35]
2020-06-10 18:11:29.191 TRACE 55751 --- [    Test worker] o.h.type.descriptor.sql.BasicExtractor   : extracted value ([id1_2_1_] : [BIGINT]) - [29]
2020-06-10 18:11:29.191 TRACE 55751 --- [    Test worker] o.h.type.descriptor.sql.BasicExtractor   : extracted value ([id1_2_2_] : [BIGINT]) - [28]
Hibernate: 
    select
        organisaat0_.id as id1_5_0_,
        monikielin1_.id as id1_2_1_,
        monikielin2_.id as id1_2_2_,
        organisaat0_.version as version2_5_0_,
        organisaat0_.alkupvm as alkupvm3_5_0_,
        organisaat0_.domainnimi as domainni4_5_0_,
        organisaat0_.kotipaikka as kotipaik5_5_0_,
        organisaat0_.kuvaus_mkt as kuvaus_28_5_0_,
        organisaat0_.lakkautuspvm as lakkautu6_5_0_,
        organisaat0_.maa as maa7_5_0_,
        organisaat0_.metadata_id as metadat29_5_0_,
        organisaat0_.nimi_mkt as nimi_mk30_5_0_,
        organisaat0_.nimihaku as nimihaku8_5_0_,
        organisaat0_.oid as oid9_5_0_,
        organisaat0_.opetuspisteenjarjnro as opetusp10_5_0_,
        organisaat0_.oppilaitoskoodi as oppilai11_5_0_,
        organisaat0_.oppilaitos_tyyppi as oppilai12_5_0_,
        organisaat0_.organisaatio_poistettu as organis13_5_0_,
        organisaat0_.paivittaja as paivitt14_5_0_,
        organisaat0_.paivityspvm as paivity15_5_0_,
        organisaat0_.parentidpath as parenti16_5_0_,
        organisaat0_.parentoidpath as parento17_5_0_,
        organisaat0_.piilotettu as piilote18_5_0_,
        organisaat0_.tarkastus_pvm as tarkast19_5_0_,
        organisaat0_.toimipistekoodi as toimipi20_5_0_,
        organisaat0_.tuontipvm as tuontip21_5_0_,
        organisaat0_.varhaiskasvatuksen_toimipaikka_tiedot_id as varhais31_5_0_,
        organisaat0_.virastotunnus as virasto22_5_0_,
        organisaat0_.yhteishaunkoulukoodi as yhteish23_5_0_,
        organisaat0_.yritysmuoto as yritysm24_5_0_,
        organisaat0_.ytj_kieli as ytj_kie25_5_0_,
        organisaat0_.ytjpaivityspvm as ytjpaiv26_5_0_,
        organisaat0_.ytunnus as ytunnus27_5_0_,
        monikielin1_.version as version2_2_1_,
        monikielin2_.version as version2_2_2_ 
    from
        organisaatio organisaat0_ 
    inner join
        monikielinen_teksti monikielin1_ 
            on organisaat0_.nimi_mkt=monikielin1_.id 
    inner join
        monikielinen_teksti monikielin2_ 
            on organisaat0_.kuvaus_mkt=monikielin2_.id 
    where
        (
            organisaat0_.id in (
                select
                    organisaat3_.id 
                from
                    organisaatio organisaat3_ 
                inner join
                    organisaatio_tyypit tyypit4_ 
                        on organisaat3_.id=tyypit4_.organisaatio_id 
                where
                    tyypit4_.tyypit=?
            )
        ) 
        and (
            organisaat0_.id in (
                select
                    organisaat5_.id 
                from
                    organisaatio organisaat5_ 
                inner join
                    organisaatio_ryhmatyypit ryhmatyypi6_ 
                        on organisaat5_.id=ryhmatyypi6_.organisaatio_id 
                where
                    ryhmatyypi6_.ryhmatyypit=?
            )
        )
2020-06-10 18:11:29.197 TRACE 55751 --- [    Test worker] o.h.type.descriptor.sql.BasicBinder      : binding parameter [1] as [VARCHAR] - [Ryhma]
2020-06-10 18:11:29.197 TRACE 55751 --- [    Test worker] o.h.type.descriptor.sql.BasicBinder      : binding parameter [2] as [VARCHAR] - [ryhmatyyppi1]
2020-06-10 18:11:29.198 TRACE 55751 --- [    Test worker] o.h.type.descriptor.sql.BasicExtractor   : extracted value ([id1_5_0_] : [BIGINT]) - [33]
2020-06-10 18:11:29.198 TRACE 55751 --- [    Test worker] o.h.type.descriptor.sql.BasicExtractor   : extracted value ([id1_2_1_] : [BIGINT]) - [25]
2020-06-10 18:11:29.198 TRACE 55751 --- [    Test worker] o.h.type.descriptor.sql.BasicExtractor   : extracted value ([id1_2_2_] : [BIGINT]) - [24]
2020-06-10 18:11:29.198 TRACE 55751 --- [    Test worker] o.h.type.descriptor.sql.BasicExtractor   : extracted value ([id1_5_0_] : [BIGINT]) - [35]
2020-06-10 18:11:29.198 TRACE 55751 --- [    Test worker] o.h.type.descriptor.sql.BasicExtractor   : extracted value ([id1_2_1_] : [BIGINT]) - [29]
2020-06-10 18:11:29.198 TRACE 55751 --- [    Test worker] o.h.type.descriptor.sql.BasicExtractor   : extracted value ([id1_2_2_] : [BIGINT]) - [28]
Hibernate: 
    select
        organisaat0_.id as id1_5_0_,
        monikielin1_.id as id1_2_1_,
        monikielin2_.id as id1_2_2_,
        organisaat0_.version as version2_5_0_,
        organisaat0_.alkupvm as alkupvm3_5_0_,
        organisaat0_.domainnimi as domainni4_5_0_,
        organisaat0_.kotipaikka as kotipaik5_5_0_,
        organisaat0_.kuvaus_mkt as kuvaus_28_5_0_,
        organisaat0_.lakkautuspvm as lakkautu6_5_0_,
        organisaat0_.maa as maa7_5_0_,
        organisaat0_.metadata_id as metadat29_5_0_,
        organisaat0_.nimi_mkt as nimi_mk30_5_0_,
        organisaat0_.nimihaku as nimihaku8_5_0_,
        organisaat0_.oid as oid9_5_0_,
        organisaat0_.opetuspisteenjarjnro as opetusp10_5_0_,
        organisaat0_.oppilaitoskoodi as oppilai11_5_0_,
        organisaat0_.oppilaitos_tyyppi as oppilai12_5_0_,
        organisaat0_.organisaatio_poistettu as organis13_5_0_,
        organisaat0_.paivittaja as paivitt14_5_0_,
        organisaat0_.paivityspvm as paivity15_5_0_,
        organisaat0_.parentidpath as parenti16_5_0_,
        organisaat0_.parentoidpath as parento17_5_0_,
        organisaat0_.piilotettu as piilote18_5_0_,
        organisaat0_.tarkastus_pvm as tarkast19_5_0_,
        organisaat0_.toimipistekoodi as toimipi20_5_0_,
        organisaat0_.tuontipvm as tuontip21_5_0_,
        organisaat0_.varhaiskasvatuksen_toimipaikka_tiedot_id as varhais31_5_0_,
        organisaat0_.virastotunnus as virasto22_5_0_,
        organisaat0_.yhteishaunkoulukoodi as yhteish23_5_0_,
        organisaat0_.yritysmuoto as yritysm24_5_0_,
        organisaat0_.ytj_kieli as ytj_kie25_5_0_,
        organisaat0_.ytjpaivityspvm as ytjpaiv26_5_0_,
        organisaat0_.ytunnus as ytunnus27_5_0_,
        monikielin1_.version as version2_2_1_,
        monikielin2_.version as version2_2_2_ 
    from
        organisaatio organisaat0_ 
    inner join
        monikielinen_teksti monikielin1_ 
            on organisaat0_.nimi_mkt=monikielin1_.id 
    inner join
        monikielinen_teksti monikielin2_ 
            on organisaat0_.kuvaus_mkt=monikielin2_.id 
    where
        (
            organisaat0_.id in (
                select
                    organisaat3_.id 
                from
                    organisaatio organisaat3_ 
                inner join
                    organisaatio_tyypit tyypit4_ 
                        on organisaat3_.id=tyypit4_.organisaatio_id 
                where
                    tyypit4_.tyypit=?
            )
        ) 
        and (
            organisaat0_.id in (
                select
                    organisaat5_.id 
                from
                    organisaatio organisaat5_ 
                inner join
                    organisaatio_ryhmatyypit ryhmatyypi6_ 
                        on organisaat5_.id=ryhmatyypi6_.organisaatio_id 
                where
                    ryhmatyypi6_.ryhmatyypit=?
            )
        )
2020-06-10 18:11:29.200 TRACE 55751 --- [    Test worker] o.h.type.descriptor.sql.BasicBinder      : binding parameter [1] as [VARCHAR] - [Ryhma]
2020-06-10 18:11:29.200 TRACE 55751 --- [    Test worker] o.h.type.descriptor.sql.BasicBinder      : binding parameter [2] as [VARCHAR] - [ryhmatyyppi2]
2020-06-10 18:11:29.200 TRACE 55751 --- [    Test worker] o.h.type.descriptor.sql.BasicExtractor   : extracted value ([id1_5_0_] : [BIGINT]) - [33]
2020-06-10 18:11:29.200 TRACE 55751 --- [    Test worker] o.h.type.descriptor.sql.BasicExtractor   : extracted value ([id1_2_1_] : [BIGINT]) - [25]
2020-06-10 18:11:29.200 TRACE 55751 --- [    Test worker] o.h.type.descriptor.sql.BasicExtractor   : extracted value ([id1_2_2_] : [BIGINT]) - [24]
2020-06-10 18:11:29.201 TRACE 55751 --- [    Test worker] o.h.type.descriptor.sql.BasicExtractor   : extracted value ([id1_5_0_] : [BIGINT]) - [34]
2020-06-10 18:11:29.201 TRACE 55751 --- [    Test worker] o.h.type.descriptor.sql.BasicExtractor   : extracted value ([id1_2_1_] : [BIGINT]) - [27]
2020-06-10 18:11:29.201 TRACE 55751 --- [    Test worker] o.h.type.descriptor.sql.BasicExtractor   : extracted value ([id1_2_2_] : [BIGINT]) - [26]
Hibernate: 
    select
        organisaat0_.id as id1_5_0_,
        monikielin1_.id as id1_2_1_,
        monikielin2_.id as id1_2_2_,
        organisaat0_.version as version2_5_0_,
        organisaat0_.alkupvm as alkupvm3_5_0_,
        organisaat0_.domainnimi as domainni4_5_0_,
        organisaat0_.kotipaikka as kotipaik5_5_0_,
        organisaat0_.kuvaus_mkt as kuvaus_28_5_0_,
        organisaat0_.lakkautuspvm as lakkautu6_5_0_,
        organisaat0_.maa as maa7_5_0_,
        organisaat0_.metadata_id as metadat29_5_0_,
        organisaat0_.nimi_mkt as nimi_mk30_5_0_,
        organisaat0_.nimihaku as nimihaku8_5_0_,
        organisaat0_.oid as oid9_5_0_,
        organisaat0_.opetuspisteenjarjnro as opetusp10_5_0_,
        organisaat0_.oppilaitoskoodi as oppilai11_5_0_,
        organisaat0_.oppilaitos_tyyppi as oppilai12_5_0_,
        organisaat0_.organisaatio_poistettu as organis13_5_0_,
        organisaat0_.paivittaja as paivitt14_5_0_,
        organisaat0_.paivityspvm as paivity15_5_0_,
        organisaat0_.parentidpath as parenti16_5_0_,
        organisaat0_.parentoidpath as parento17_5_0_,
        organisaat0_.piilotettu as piilote18_5_0_,
        organisaat0_.tarkastus_pvm as tarkast19_5_0_,
        organisaat0_.toimipistekoodi as toimipi20_5_0_,
        organisaat0_.tuontipvm as tuontip21_5_0_,
        organisaat0_.varhaiskasvatuksen_toimipaikka_tiedot_id as varhais31_5_0_,
        organisaat0_.virastotunnus as virasto22_5_0_,
        organisaat0_.yhteishaunkoulukoodi as yhteish23_5_0_,
        organisaat0_.yritysmuoto as yritysm24_5_0_,
        organisaat0_.ytj_kieli as ytj_kie25_5_0_,
        organisaat0_.ytjpaivityspvm as ytjpaiv26_5_0_,
        organisaat0_.ytunnus as ytunnus27_5_0_,
        monikielin1_.version as version2_2_1_,
        monikielin2_.version as version2_2_2_ 
    from
        organisaatio organisaat0_ 
    inner join
        monikielinen_teksti monikielin1_ 
            on organisaat0_.nimi_mkt=monikielin1_.id 
    inner join
        monikielinen_teksti monikielin2_ 
            on organisaat0_.kuvaus_mkt=monikielin2_.id 
    where
        (
            organisaat0_.id in (
                select
                    organisaat3_.id 
                from
                    organisaatio organisaat3_ 
                inner join
                    organisaatio_tyypit tyypit4_ 
                        on organisaat3_.id=tyypit4_.organisaatio_id 
                where
                    tyypit4_.tyypit=?
            )
        ) 
        and (
            organisaat0_.id in (
                select
                    organisaat5_.id 
                from
                    organisaatio organisaat5_ 
                inner join
                    organisaatio_kayttoryhmat kayttoryhm6_ 
                        on organisaat5_.id=kayttoryhm6_.organisaatio_id 
                where
                    kayttoryhm6_.kayttoryhmat=?
            )
        )
2020-06-10 18:11:29.206 TRACE 55751 --- [    Test worker] o.h.type.descriptor.sql.BasicBinder      : binding parameter [1] as [VARCHAR] - [Ryhma]
2020-06-10 18:11:29.206 TRACE 55751 --- [    Test worker] o.h.type.descriptor.sql.BasicBinder      : binding parameter [2] as [VARCHAR] - [kayttoryhma1]
2020-06-10 18:11:29.207 TRACE 55751 --- [    Test worker] o.h.type.descriptor.sql.BasicExtractor   : extracted value ([id1_5_0_] : [BIGINT]) - [33]
2020-06-10 18:11:29.207 TRACE 55751 --- [    Test worker] o.h.type.descriptor.sql.BasicExtractor   : extracted value ([id1_2_1_] : [BIGINT]) - [25]
2020-06-10 18:11:29.207 TRACE 55751 --- [    Test worker] o.h.type.descriptor.sql.BasicExtractor   : extracted value ([id1_2_2_] : [BIGINT]) - [24]
2020-06-10 18:11:29.207 TRACE 55751 --- [    Test worker] o.h.type.descriptor.sql.BasicExtractor   : extracted value ([id1_5_0_] : [BIGINT]) - [35]
2020-06-10 18:11:29.207 TRACE 55751 --- [    Test worker] o.h.type.descriptor.sql.BasicExtractor   : extracted value ([id1_2_1_] : [BIGINT]) - [29]
2020-06-10 18:11:29.207 TRACE 55751 --- [    Test worker] o.h.type.descriptor.sql.BasicExtractor   : extracted value ([id1_2_2_] : [BIGINT]) - [28]
Hibernate: 
    select
        organisaat0_.id as id1_5_0_,
        monikielin1_.id as id1_2_1_,
        monikielin2_.id as id1_2_2_,
        organisaat0_.version as version2_5_0_,
        organisaat0_.alkupvm as alkupvm3_5_0_,
        organisaat0_.domainnimi as domainni4_5_0_,
        organisaat0_.kotipaikka as kotipaik5_5_0_,
        organisaat0_.kuvaus_mkt as kuvaus_28_5_0_,
        organisaat0_.lakkautuspvm as lakkautu6_5_0_,
        organisaat0_.maa as maa7_5_0_,
        organisaat0_.metadata_id as metadat29_5_0_,
        organisaat0_.nimi_mkt as nimi_mk30_5_0_,
        organisaat0_.nimihaku as nimihaku8_5_0_,
        organisaat0_.oid as oid9_5_0_,
        organisaat0_.opetuspisteenjarjnro as opetusp10_5_0_,
        organisaat0_.oppilaitoskoodi as oppilai11_5_0_,
        organisaat0_.oppilaitos_tyyppi as oppilai12_5_0_,
        organisaat0_.organisaatio_poistettu as organis13_5_0_,
        organisaat0_.paivittaja as paivitt14_5_0_,
        organisaat0_.paivityspvm as paivity15_5_0_,
        organisaat0_.parentidpath as parenti16_5_0_,
        organisaat0_.parentoidpath as parento17_5_0_,
        organisaat0_.piilotettu as piilote18_5_0_,
        organisaat0_.tarkastus_pvm as tarkast19_5_0_,
        organisaat0_.toimipistekoodi as toimipi20_5_0_,
        organisaat0_.tuontipvm as tuontip21_5_0_,
        organisaat0_.varhaiskasvatuksen_toimipaikka_tiedot_id as varhais31_5_0_,
        organisaat0_.virastotunnus as virasto22_5_0_,
        organisaat0_.yhteishaunkoulukoodi as yhteish23_5_0_,
        organisaat0_.yritysmuoto as yritysm24_5_0_,
        organisaat0_.ytj_kieli as ytj_kie25_5_0_,
        organisaat0_.ytjpaivityspvm as ytjpaiv26_5_0_,
        organisaat0_.ytunnus as ytunnus27_5_0_,
        monikielin1_.version as version2_2_1_,
        monikielin2_.version as version2_2_2_ 
    from
        organisaatio organisaat0_ 
    inner join
        monikielinen_teksti monikielin1_ 
            on organisaat0_.nimi_mkt=monikielin1_.id 
    inner join
        monikielinen_teksti monikielin2_ 
            on organisaat0_.kuvaus_mkt=monikielin2_.id 
    where
        (
            organisaat0_.id in (
                select
                    organisaat3_.id 
                from
                    organisaatio organisaat3_ 
                inner join
                    organisaatio_tyypit tyypit4_ 
                        on organisaat3_.id=tyypit4_.organisaatio_id 
                where
                    tyypit4_.tyypit=?
            )
        ) 
        and (
            organisaat0_.id in (
                select
                    organisaat5_.id 
                from
                    organisaatio organisaat5_ 
                inner join
                    organisaatio_kayttoryhmat kayttoryhm6_ 
                        on organisaat5_.id=kayttoryhm6_.organisaatio_id 
                where
                    kayttoryhm6_.kayttoryhmat=?
            )
        )
2020-06-10 18:11:29.209 TRACE 55751 --- [    Test worker] o.h.type.descriptor.sql.BasicBinder      : binding parameter [1] as [VARCHAR] - [Ryhma]
2020-06-10 18:11:29.209 TRACE 55751 --- [    Test worker] o.h.type.descriptor.sql.BasicBinder      : binding parameter [2] as [VARCHAR] - [kayttoryhma2]
2020-06-10 18:11:29.209 TRACE 55751 --- [    Test worker] o.h.type.descriptor.sql.BasicExtractor   : extracted value ([id1_5_0_] : [BIGINT]) - [33]
2020-06-10 18:11:29.209 TRACE 55751 --- [    Test worker] o.h.type.descriptor.sql.BasicExtractor   : extracted value ([id1_2_1_] : [BIGINT]) - [25]
2020-06-10 18:11:29.209 TRACE 55751 --- [    Test worker] o.h.type.descriptor.sql.BasicExtractor   : extracted value ([id1_2_2_] : [BIGINT]) - [24]
2020-06-10 18:11:29.209 TRACE 55751 --- [    Test worker] o.h.type.descriptor.sql.BasicExtractor   : extracted value ([id1_5_0_] : [BIGINT]) - [34]
2020-06-10 18:11:29.209 TRACE 55751 --- [    Test worker] o.h.type.descriptor.sql.BasicExtractor   : extracted value ([id1_2_1_] : [BIGINT]) - [27]
2020-06-10 18:11:29.209 TRACE 55751 --- [    Test worker] o.h.type.descriptor.sql.BasicExtractor   : extracted value ([id1_2_2_] : [BIGINT]) - [26]
Hibernate: 
    select
        organisaat0_.id as id1_5_0_,
        monikielin1_.id as id1_2_1_,
        monikielin2_.id as id1_2_2_,
        organisaat0_.version as version2_5_0_,
        organisaat0_.alkupvm as alkupvm3_5_0_,
        organisaat0_.domainnimi as domainni4_5_0_,
        organisaat0_.kotipaikka as kotipaik5_5_0_,
        organisaat0_.kuvaus_mkt as kuvaus_28_5_0_,
        organisaat0_.lakkautuspvm as lakkautu6_5_0_,
        organisaat0_.maa as maa7_5_0_,
        organisaat0_.metadata_id as metadat29_5_0_,
        organisaat0_.nimi_mkt as nimi_mk30_5_0_,
        organisaat0_.nimihaku as nimihaku8_5_0_,
        organisaat0_.oid as oid9_5_0_,
        organisaat0_.opetuspisteenjarjnro as opetusp10_5_0_,
        organisaat0_.oppilaitoskoodi as oppilai11_5_0_,
        organisaat0_.oppilaitos_tyyppi as oppilai12_5_0_,
        organisaat0_.organisaatio_poistettu as organis13_5_0_,
        organisaat0_.paivittaja as paivitt14_5_0_,
        organisaat0_.paivityspvm as paivity15_5_0_,
        organisaat0_.parentidpath as parenti16_5_0_,
        organisaat0_.parentoidpath as parento17_5_0_,
        organisaat0_.piilotettu as piilote18_5_0_,
        organisaat0_.tarkastus_pvm as tarkast19_5_0_,
        organisaat0_.toimipistekoodi as toimipi20_5_0_,
        organisaat0_.tuontipvm as tuontip21_5_0_,
        organisaat0_.varhaiskasvatuksen_toimipaikka_tiedot_id as varhais31_5_0_,
        organisaat0_.virastotunnus as virasto22_5_0_,
        organisaat0_.yhteishaunkoulukoodi as yhteish23_5_0_,
        organisaat0_.yritysmuoto as yritysm24_5_0_,
        organisaat0_.ytj_kieli as ytj_kie25_5_0_,
        organisaat0_.ytjpaivityspvm as ytjpaiv26_5_0_,
        organisaat0_.ytunnus as ytunnus27_5_0_,
        monikielin1_.version as version2_2_1_,
        monikielin2_.version as version2_2_2_ 
    from
        organisaatio organisaat0_ 
    inner join
        monikielinen_teksti monikielin1_ 
            on organisaat0_.nimi_mkt=monikielin1_.id 
    inner join
        monikielinen_teksti monikielin2_ 
            on organisaat0_.kuvaus_mkt=monikielin2_.id 
    where
        (
            organisaat0_.id in (
                select
                    organisaat3_.id 
                from
                    organisaatio organisaat3_ 
                inner join
                    organisaatio_tyypit tyypit4_ 
                        on organisaat3_.id=tyypit4_.organisaatio_id 
                where
                    tyypit4_.tyypit=?
            )
        ) 
        and organisaat0_.parentoidpath=?
2020-06-10 18:11:29.213 TRACE 55751 --- [    Test worker] o.h.type.descriptor.sql.BasicBinder      : binding parameter [1] as [VARCHAR] - [Ryhma]
2020-06-10 18:11:29.213 TRACE 55751 --- [    Test worker] o.h.type.descriptor.sql.BasicBinder      : binding parameter [2] as [VARCHAR] - [|4437113781045784766|]
2020-06-10 18:11:29.214 TRACE 55751 --- [    Test worker] o.h.type.descriptor.sql.BasicExtractor   : extracted value ([id1_5_0_] : [BIGINT]) - [35]
2020-06-10 18:11:29.214 TRACE 55751 --- [    Test worker] o.h.type.descriptor.sql.BasicExtractor   : extracted value ([id1_2_1_] : [BIGINT]) - [29]
2020-06-10 18:11:29.214 TRACE 55751 --- [    Test worker] o.h.type.descriptor.sql.BasicExtractor   : extracted value ([id1_2_2_] : [BIGINT]) - [28]
Hibernate: 
    select
        organisaat0_.id as id1_5_0_,
        monikielin1_.id as id1_2_1_,
        monikielin2_.id as id1_2_2_,
        organisaat0_.version as version2_5_0_,
        organisaat0_.alkupvm as alkupvm3_5_0_,
        organisaat0_.domainnimi as domainni4_5_0_,
        organisaat0_.kotipaikka as kotipaik5_5_0_,
        organisaat0_.kuvaus_mkt as kuvaus_28_5_0_,
        organisaat0_.lakkautuspvm as lakkautu6_5_0_,
        organisaat0_.maa as maa7_5_0_,
        organisaat0_.metadata_id as metadat29_5_0_,
        organisaat0_.nimi_mkt as nimi_mk30_5_0_,
        organisaat0_.nimihaku as nimihaku8_5_0_,
        organisaat0_.oid as oid9_5_0_,
        organisaat0_.opetuspisteenjarjnro as opetusp10_5_0_,
        organisaat0_.oppilaitoskoodi as oppilai11_5_0_,
        organisaat0_.oppilaitos_tyyppi as oppilai12_5_0_,
        organisaat0_.organisaatio_poistettu as organis13_5_0_,
        organisaat0_.paivittaja as paivitt14_5_0_,
        organisaat0_.paivityspvm as paivity15_5_0_,
        organisaat0_.parentidpath as parenti16_5_0_,
        organisaat0_.parentoidpath as parento17_5_0_,
        organisaat0_.piilotettu as piilote18_5_0_,
        organisaat0_.tarkastus_pvm as tarkast19_5_0_,
        organisaat0_.toimipistekoodi as toimipi20_5_0_,
        organisaat0_.tuontipvm as tuontip21_5_0_,
        organisaat0_.varhaiskasvatuksen_toimipaikka_tiedot_id as varhais31_5_0_,
        organisaat0_.virastotunnus as virasto22_5_0_,
        organisaat0_.yhteishaunkoulukoodi as yhteish23_5_0_,
        organisaat0_.yritysmuoto as yritysm24_5_0_,
        organisaat0_.ytj_kieli as ytj_kie25_5_0_,
        organisaat0_.ytjpaivityspvm as ytjpaiv26_5_0_,
        organisaat0_.ytunnus as ytunnus27_5_0_,
        monikielin1_.version as version2_2_1_,
        monikielin2_.version as version2_2_2_ 
    from
        organisaatio organisaat0_ 
    inner join
        monikielinen_teksti monikielin1_ 
            on organisaat0_.nimi_mkt=monikielin1_.id 
    inner join
        monikielinen_teksti monikielin2_ 
            on organisaat0_.kuvaus_mkt=monikielin2_.id 
    where
        (
            organisaat0_.id in (
                select
                    organisaat3_.id 
                from
                    organisaatio organisaat3_ 
                inner join
                    organisaatio_tyypit tyypit4_ 
                        on organisaat3_.id=tyypit4_.organisaatio_id 
                where
                    tyypit4_.tyypit=?
            )
        ) 
        and organisaat0_.organisaatio_poistettu=?
2020-06-10 18:11:29.217 TRACE 55751 --- [    Test worker] o.h.type.descriptor.sql.BasicBinder      : binding parameter [1] as [VARCHAR] - [Ryhma]
2020-06-10 18:11:29.217 TRACE 55751 --- [    Test worker] o.h.type.descriptor.sql.BasicBinder      : binding parameter [2] as [BOOLEAN] - [true]
2020-06-10 18:11:29.217 TRACE 55751 --- [    Test worker] o.h.type.descriptor.sql.BasicExtractor   : extracted value ([id1_5_0_] : [BIGINT]) - [34]
2020-06-10 18:11:29.217 TRACE 55751 --- [    Test worker] o.h.type.descriptor.sql.BasicExtractor   : extracted value ([id1_2_1_] : [BIGINT]) - [27]
2020-06-10 18:11:29.217 TRACE 55751 --- [    Test worker] o.h.type.descriptor.sql.BasicExtractor   : extracted value ([id1_2_2_] : [BIGINT]) - [26]
Hibernate: 
    select
        organisaat0_.id as id1_5_0_,
        monikielin1_.id as id1_2_1_,
        monikielin2_.id as id1_2_2_,
        organisaat0_.version as version2_5_0_,
        organisaat0_.alkupvm as alkupvm3_5_0_,
        organisaat0_.domainnimi as domainni4_5_0_,
        organisaat0_.kotipaikka as kotipaik5_5_0_,
        organisaat0_.kuvaus_mkt as kuvaus_28_5_0_,
        organisaat0_.lakkautuspvm as lakkautu6_5_0_,
        organisaat0_.maa as maa7_5_0_,
        organisaat0_.metadata_id as metadat29_5_0_,
        organisaat0_.nimi_mkt as nimi_mk30_5_0_,
        organisaat0_.nimihaku as nimihaku8_5_0_,
        organisaat0_.oid as oid9_5_0_,
        organisaat0_.opetuspisteenjarjnro as opetusp10_5_0_,
        organisaat0_.oppilaitoskoodi as oppilai11_5_0_,
        organisaat0_.oppilaitos_tyyppi as oppilai12_5_0_,
        organisaat0_.organisaatio_poistettu as organis13_5_0_,
        organisaat0_.paivittaja as paivitt14_5_0_,
        organisaat0_.paivityspvm as paivity15_5_0_,
        organisaat0_.parentidpath as parenti16_5_0_,
        organisaat0_.parentoidpath as parento17_5_0_,
        organisaat0_.piilotettu as piilote18_5_0_,
        organisaat0_.tarkastus_pvm as tarkast19_5_0_,
        organisaat0_.toimipistekoodi as toimipi20_5_0_,
        organisaat0_.tuontipvm as tuontip21_5_0_,
        organisaat0_.varhaiskasvatuksen_toimipaikka_tiedot_id as varhais31_5_0_,
        organisaat0_.virastotunnus as virasto22_5_0_,
        organisaat0_.yhteishaunkoulukoodi as yhteish23_5_0_,
        organisaat0_.yritysmuoto as yritysm24_5_0_,
        organisaat0_.ytj_kieli as ytj_kie25_5_0_,
        organisaat0_.ytjpaivityspvm as ytjpaiv26_5_0_,
        organisaat0_.ytunnus as ytunnus27_5_0_,
        monikielin1_.version as version2_2_1_,
        monikielin2_.version as version2_2_2_ 
    from
        organisaatio organisaat0_ 
    inner join
        monikielinen_teksti monikielin1_ 
            on organisaat0_.nimi_mkt=monikielin1_.id 
    inner join
        monikielinen_teksti monikielin2_ 
            on organisaat0_.kuvaus_mkt=monikielin2_.id 
    where
        (
            organisaat0_.id in (
                select
                    organisaat3_.id 
                from
                    organisaatio organisaat3_ 
                inner join
                    organisaatio_tyypit tyypit4_ 
                        on organisaat3_.id=tyypit4_.organisaatio_id 
                where
                    tyypit4_.tyypit=?
            )
        ) 
        and organisaat0_.organisaatio_poistettu=?
2020-06-10 18:11:29.219 TRACE 55751 --- [    Test worker] o.h.type.descriptor.sql.BasicBinder      : binding parameter [1] as [VARCHAR] - [Ryhma]
2020-06-10 18:11:29.219 TRACE 55751 --- [    Test worker] o.h.type.descriptor.sql.BasicBinder      : binding parameter [2] as [BOOLEAN] - [false]
2020-06-10 18:11:29.219 TRACE 55751 --- [    Test worker] o.h.type.descriptor.sql.BasicExtractor   : extracted value ([id1_5_0_] : [BIGINT]) - [33]
2020-06-10 18:11:29.219 TRACE 55751 --- [    Test worker] o.h.type.descriptor.sql.BasicExtractor   : extracted value ([id1_2_1_] : [BIGINT]) - [25]
2020-06-10 18:11:29.219 TRACE 55751 --- [    Test worker] o.h.type.descriptor.sql.BasicExtractor   : extracted value ([id1_2_2_] : [BIGINT]) - [24]
2020-06-10 18:11:29.219 TRACE 55751 --- [    Test worker] o.h.type.descriptor.sql.BasicExtractor   : extracted value ([id1_5_0_] : [BIGINT]) - [35]
2020-06-10 18:11:29.219 TRACE 55751 --- [    Test worker] o.h.type.descriptor.sql.BasicExtractor   : extracted value ([id1_2_1_] : [BIGINT]) - [29]
2020-06-10 18:11:29.219 TRACE 55751 --- [    Test worker] o.h.type.descriptor.sql.BasicExtractor   : extracted value ([id1_2_2_] : [BIGINT]) - [28]
Hibernate: 
    select
        organisaat0_.id as id1_5_0_,
        monikielin1_.id as id1_2_1_,
        monikielin2_.id as id1_2_2_,
        organisaat0_.version as version2_5_0_,
        organisaat0_.alkupvm as alkupvm3_5_0_,
        organisaat0_.domainnimi as domainni4_5_0_,
        organisaat0_.kotipaikka as kotipaik5_5_0_,
        organisaat0_.kuvaus_mkt as kuvaus_28_5_0_,
        organisaat0_.lakkautuspvm as lakkautu6_5_0_,
        organisaat0_.maa as maa7_5_0_,
        organisaat0_.metadata_id as metadat29_5_0_,
        organisaat0_.nimi_mkt as nimi_mk30_5_0_,
        organisaat0_.nimihaku as nimihaku8_5_0_,
        organisaat0_.oid as oid9_5_0_,
        organisaat0_.opetuspisteenjarjnro as opetusp10_5_0_,
        organisaat0_.oppilaitoskoodi as oppilai11_5_0_,
        organisaat0_.oppilaitos_tyyppi as oppilai12_5_0_,
        organisaat0_.organisaatio_poistettu as organis13_5_0_,
        organisaat0_.paivittaja as paivitt14_5_0_,
        organisaat0_.paivityspvm as paivity15_5_0_,
        organisaat0_.parentidpath as parenti16_5_0_,
        organisaat0_.parentoidpath as parento17_5_0_,
        organisaat0_.piilotettu as piilote18_5_0_,
        organisaat0_.tarkastus_pvm as tarkast19_5_0_,
        organisaat0_.toimipistekoodi as toimipi20_5_0_,
        organisaat0_.tuontipvm as tuontip21_5_0_,
        organisaat0_.varhaiskasvatuksen_toimipaikka_tiedot_id as varhais31_5_0_,
        organisaat0_.virastotunnus as virasto22_5_0_,
        organisaat0_.yhteishaunkoulukoodi as yhteish23_5_0_,
        organisaat0_.yritysmuoto as yritysm24_5_0_,
        organisaat0_.ytj_kieli as ytj_kie25_5_0_,
        organisaat0_.ytjpaivityspvm as ytjpaiv26_5_0_,
        organisaat0_.ytunnus as ytunnus27_5_0_,
        monikielin1_.version as version2_2_1_,
        monikielin2_.version as version2_2_2_ 
    from
        organisaatio organisaat0_ 
    inner join
        monikielinen_teksti monikielin1_ 
            on organisaat0_.nimi_mkt=monikielin1_.id 
    inner join
        monikielinen_teksti monikielin2_ 
            on organisaat0_.kuvaus_mkt=monikielin2_.id 
    where
        (
            organisaat0_.id in (
                select
                    organisaat3_.id 
                from
                    organisaatio organisaat3_ 
                inner join
                    organisaatio_tyypit tyypit4_ 
                        on organisaat3_.id=tyypit4_.organisaatio_id 
                where
                    tyypit4_.tyypit=?
            )
        ) 
        and (
            monikielin1_.id in (
                select
                    monikielin5_.id 
                from
                    monikielinen_teksti monikielin5_ 
                inner join
                    monikielinen_teksti_values values6_ 
                        on monikielin5_.id=values6_.id 
                where
                    lower(values6_.value) like ? escape '!'
            ) 
            or organisaat0_.oid=?
        ) 
        and (
            organisaat0_.lakkautuspvm is null 
            or organisaat0_.lakkautuspvm>=?
        ) 
        and (
            organisaat0_.id in (
                select
                    organisaat7_.id 
                from
                    organisaatio organisaat7_ 
                inner join
                    organisaatio_ryhmatyypit ryhmatyypi8_ 
                        on organisaat7_.id=ryhmatyypi8_.organisaatio_id 
                where
                    ryhmatyypi8_.ryhmatyypit=?
            )
        ) 
        and (
            organisaat0_.id in (
                select
                    organisaat9_.id 
                from
                    organisaatio organisaat9_ 
                inner join
                    organisaatio_kayttoryhmat kayttoryhm10_ 
                        on organisaat9_.id=kayttoryhm10_.organisaatio_id 
                where
                    kayttoryhm10_.kayttoryhmat=?
            )
        ) 
        and organisaat0_.parentoidpath=? 
        and organisaat0_.organisaatio_poistettu=?
2020-06-10 18:11:29.227 TRACE 55751 --- [    Test worker] o.h.type.descriptor.sql.BasicBinder      : binding parameter [1] as [VARCHAR] - [Ryhma]
2020-06-10 18:11:29.227 TRACE 55751 --- [    Test worker] o.h.type.descriptor.sql.BasicBinder      : binding parameter [2] as [VARCHAR] - [%ryhma%]
2020-06-10 18:11:29.227 TRACE 55751 --- [    Test worker] o.h.type.descriptor.sql.BasicBinder      : binding parameter [3] as [VARCHAR] - [ryhma]
2020-06-10 18:11:29.227 TRACE 55751 --- [    Test worker] o.h.type.descriptor.sql.BasicBinder      : binding parameter [4] as [DATE] - [2018-06-01]
2020-06-10 18:11:29.227 TRACE 55751 --- [    Test worker] o.h.type.descriptor.sql.BasicBinder      : binding parameter [5] as [VARCHAR] - [ryhmatyyppi1]
2020-06-10 18:11:29.227 TRACE 55751 --- [    Test worker] o.h.type.descriptor.sql.BasicBinder      : binding parameter [6] as [VARCHAR] - [kayttoryhma1]
2020-06-10 18:11:29.227 TRACE 55751 --- [    Test worker] o.h.type.descriptor.sql.BasicBinder      : binding parameter [7] as [VARCHAR] - [|-4962768465676381896|]
2020-06-10 18:11:29.227 TRACE 55751 --- [    Test worker] o.h.type.descriptor.sql.BasicBinder      : binding parameter [8] as [BOOLEAN] - [false]
2020-06-10 18:11:29.228 TRACE 55751 --- [    Test worker] o.h.type.descriptor.sql.BasicExtractor   : extracted value ([id1_5_0_] : [BIGINT]) - [33]
2020-06-10 18:11:29.228 TRACE 55751 --- [    Test worker] o.h.type.descriptor.sql.BasicExtractor   : extracted value ([id1_2_1_] : [BIGINT]) - [25]
2020-06-10 18:11:29.228 TRACE 55751 --- [    Test worker] o.h.type.descriptor.sql.BasicExtractor   : extracted value ([id1_2_2_] : [BIGINT]) - [24]
2020-06-10 18:11:29.231  INFO 55751 --- [    Test worker] o.s.t.c.transaction.TransactionContext   : Rolled back transaction for test: [DefaultTestContext@5416d980 testClass = OrganisaatioRepositoryImplTest, testInstance = fi.vm.sade.organisaatio.repository.OrganisaatioRepositoryImplTest@421e23a8, testMethod = findGroupsTest@OrganisaatioRepositoryImplTest, testException = [null], mergedContextConfiguration = [WebMergedContextConfiguration@a27a101 testClass = OrganisaatioRepositoryImplTest, locations = '{}', classes = '{class fi.vm.sade.organisaatio.OrganisaatioApplication}', contextInitializerClasses = '[]', activeProfiles = '{}', propertySourceLocations = '{}', propertySourceProperties = '{org.springframework.boot.test.context.SpringBootTestContextBootstrapper=true}', contextCustomizers = set[org.springframework.boot.test.autoconfigure.properties.PropertyMappingContextCustomizer@a273518a, org.springframework.boot.test.autoconfigure.web.servlet.WebDriverContextCustomizerFactory$Customizer@25a95d7a, [ImportsContextCustomizer@243b4350 key = [org.springframework.boot.test.autoconfigure.jdbc.TestDatabaseAutoConfiguration, org.springframework.boot.autoconfigure.jdbc.DataSourceAutoConfiguration]], org.springframework.boot.test.context.filter.ExcludeFilterContextCustomizer@33d60c3d, org.springframework.boot.test.json.DuplicateJsonObjectContextCustomizerFactory$DuplicateJsonObjectContextCustomizer@6943770e, org.springframework.boot.test.mock.mockito.MockitoContextCustomizer@0, org.springframework.boot.test.web.client.TestRestTemplateContextCustomizer@536042e6, org.springframework.boot.test.context.SpringBootTestArgs@1], resourceBasePath = 'src/main/webapp', contextLoader = 'org.springframework.boot.test.context.SpringBootContextLoader', parent = [null]], attributes = map['org.springframework.test.context.web.ServletTestExecutionListener.activateListener' -> true, 'org.springframework.test.context.web.ServletTestExecutionListener.populatedRequestContextHolder' -> true, 'org.springframework.test.context.web.ServletTestExecutionListener.resetRequestContextHolder' -> true]]
2020-06-10 18:11:29.232  INFO 55751 --- [    Test worker] o.s.t.c.transaction.TransactionContext   : Began transaction (1) for test context [DefaultTestContext@5416d980 testClass = OrganisaatioRepositoryImplTest, testInstance = fi.vm.sade.organisaatio.repository.OrganisaatioRepositoryImplTest@9c7f036, testMethod = findModifedSinceLimitsByModificationTime@OrganisaatioRepositoryImplTest, testException = [null], mergedContextConfiguration = [WebMergedContextConfiguration@a27a101 testClass = OrganisaatioRepositoryImplTest, locations = '{}', classes = '{class fi.vm.sade.organisaatio.OrganisaatioApplication}', contextInitializerClasses = '[]', activeProfiles = '{}', propertySourceLocations = '{}', propertySourceProperties = '{org.springframework.boot.test.context.SpringBootTestContextBootstrapper=true}', contextCustomizers = set[org.springframework.boot.test.autoconfigure.properties.PropertyMappingContextCustomizer@a273518a, org.springframework.boot.test.autoconfigure.web.servlet.WebDriverContextCustomizerFactory$Customizer@25a95d7a, [ImportsContextCustomizer@243b4350 key = [org.springframework.boot.test.autoconfigure.jdbc.TestDatabaseAutoConfiguration, org.springframework.boot.autoconfigure.jdbc.DataSourceAutoConfiguration]], org.springframework.boot.test.context.filter.ExcludeFilterContextCustomizer@33d60c3d, org.springframework.boot.test.json.DuplicateJsonObjectContextCustomizerFactory$DuplicateJsonObjectContextCustomizer@6943770e, org.springframework.boot.test.mock.mockito.MockitoContextCustomizer@0, org.springframework.boot.test.web.client.TestRestTemplateContextCustomizer@536042e6, org.springframework.boot.test.context.SpringBootTestArgs@1], resourceBasePath = 'src/main/webapp', contextLoader = 'org.springframework.boot.test.context.SpringBootContextLoader', parent = [null]], attributes = map['org.springframework.test.context.web.ServletTestExecutionListener.activateListener' -> true, 'org.springframework.test.context.web.ServletTestExecutionListener.populatedRequestContextHolder' -> true, 'org.springframework.test.context.web.ServletTestExecutionListener.resetRequestContextHolder' -> true]]; transaction manager [org.springframework.orm.jpa.JpaTransactionManager@af9fb3]; rollback [true]
2020-06-10 18:11:29.234  INFO 55751 --- [    Test worker] f.v.s.o.r.OrganisaatioRepositoryImplTest : createOrganisaatio(A)
Hibernate: 
    insert 
    into
        monikielinen_teksti
        (id, version) 
    values
        (null, ?)
2020-06-10 18:11:29.235 TRACE 55751 --- [    Test worker] o.h.type.descriptor.sql.BasicBinder      : binding parameter [1] as [BIGINT] - [0]
Hibernate: 
    insert 
    into
        organisaatio
        (id, version, alkupvm, domainnimi, kotipaikka, kuvaus_mkt, lakkautuspvm, maa, metadata_id, nimi_mkt, nimihaku, oid, opetuspisteenjarjnro, oppilaitoskoodi, oppilaitos_tyyppi, organisaatio_poistettu, paivittaja, paivityspvm, parentidpath, parentoidpath, piilotettu, tarkastus_pvm, toimipistekoodi, tuontipvm, varhaiskasvatuksen_toimipaikka_tiedot_id, virastotunnus, yhteishaunkoulukoodi, yritysmuoto, ytj_kieli, ytjpaivityspvm, ytunnus) 
    values
        (null, ?, ?, ?, ?, ?, ?, ?, ?, ?, ?, ?, ?, ?, ?, ?, ?, ?, ?, ?, ?, ?, ?, ?, ?, ?, ?, ?, ?, ?, ?)
2020-06-10 18:11:29.235 TRACE 55751 --- [    Test worker] o.h.type.descriptor.sql.BasicBinder      : binding parameter [1] as [BIGINT] - [0]
2020-06-10 18:11:29.235 TRACE 55751 --- [    Test worker] o.h.type.descriptor.sql.BasicBinder      : binding parameter [2] as [DATE] - [null]
2020-06-10 18:11:29.235 TRACE 55751 --- [    Test worker] o.h.type.descriptor.sql.BasicBinder      : binding parameter [3] as [VARCHAR] - [null]
2020-06-10 18:11:29.235 TRACE 55751 --- [    Test worker] o.h.type.descriptor.sql.BasicBinder      : binding parameter [4] as [VARCHAR] - [null]
2020-06-10 18:11:29.236 TRACE 55751 --- [    Test worker] o.h.type.descriptor.sql.BasicBinder      : binding parameter [5] as [BIGINT] - [null]
2020-06-10 18:11:29.236 TRACE 55751 --- [    Test worker] o.h.type.descriptor.sql.BasicBinder      : binding parameter [6] as [DATE] - [null]
2020-06-10 18:11:29.236 TRACE 55751 --- [    Test worker] o.h.type.descriptor.sql.BasicBinder      : binding parameter [7] as [VARCHAR] - [null]
2020-06-10 18:11:29.236 TRACE 55751 --- [    Test worker] o.h.type.descriptor.sql.BasicBinder      : binding parameter [8] as [BIGINT] - [null]
2020-06-10 18:11:29.236 TRACE 55751 --- [    Test worker] o.h.type.descriptor.sql.BasicBinder      : binding parameter [9] as [BIGINT] - [30]
2020-06-10 18:11:29.236 TRACE 55751 --- [    Test worker] o.h.type.descriptor.sql.BasicBinder      : binding parameter [10] as [VARCHAR] - [null]
2020-06-10 18:11:29.236 TRACE 55751 --- [    Test worker] o.h.type.descriptor.sql.BasicBinder      : binding parameter [11] as [VARCHAR] - [-4962768465676381896]
2020-06-10 18:11:29.236 TRACE 55751 --- [    Test worker] o.h.type.descriptor.sql.BasicBinder      : binding parameter [12] as [VARCHAR] - [null]
2020-06-10 18:11:29.236 TRACE 55751 --- [    Test worker] o.h.type.descriptor.sql.BasicBinder      : binding parameter [13] as [VARCHAR] - [null]
2020-06-10 18:11:29.236 TRACE 55751 --- [    Test worker] o.h.type.descriptor.sql.BasicBinder      : binding parameter [14] as [VARCHAR] - [null]
2020-06-10 18:11:29.236 TRACE 55751 --- [    Test worker] o.h.type.descriptor.sql.BasicBinder      : binding parameter [15] as [BOOLEAN] - [false]
2020-06-10 18:11:29.236 TRACE 55751 --- [    Test worker] o.h.type.descriptor.sql.BasicBinder      : binding parameter [16] as [VARCHAR] - [null]
2020-06-10 18:11:29.236 TRACE 55751 --- [    Test worker] o.h.type.descriptor.sql.BasicBinder      : binding parameter [17] as [TIMESTAMP] - [null]
2020-06-10 18:11:29.236 TRACE 55751 --- [    Test worker] o.h.type.descriptor.sql.BasicBinder      : binding parameter [18] as [VARCHAR] - [null]
2020-06-10 18:11:29.236 TRACE 55751 --- [    Test worker] o.h.type.descriptor.sql.BasicBinder      : binding parameter [19] as [VARCHAR] - [null]
2020-06-10 18:11:29.236 TRACE 55751 --- [    Test worker] o.h.type.descriptor.sql.BasicBinder      : binding parameter [20] as [BOOLEAN] - [false]
2020-06-10 18:11:29.236 TRACE 55751 --- [    Test worker] o.h.type.descriptor.sql.BasicBinder      : binding parameter [21] as [TIMESTAMP] - [null]
2020-06-10 18:11:29.236 TRACE 55751 --- [    Test worker] o.h.type.descriptor.sql.BasicBinder      : binding parameter [22] as [VARCHAR] - [null]
2020-06-10 18:11:29.236 TRACE 55751 --- [    Test worker] o.h.type.descriptor.sql.BasicBinder      : binding parameter [23] as [TIMESTAMP] - [null]
2020-06-10 18:11:29.236 TRACE 55751 --- [    Test worker] o.h.type.descriptor.sql.BasicBinder      : binding parameter [24] as [BIGINT] - [null]
2020-06-10 18:11:29.236 TRACE 55751 --- [    Test worker] o.h.type.descriptor.sql.BasicBinder      : binding parameter [25] as [VARCHAR] - [null]
2020-06-10 18:11:29.236 TRACE 55751 --- [    Test worker] o.h.type.descriptor.sql.BasicBinder      : binding parameter [26] as [VARCHAR] - [null]
2020-06-10 18:11:29.236 TRACE 55751 --- [    Test worker] o.h.type.descriptor.sql.BasicBinder      : binding parameter [27] as [VARCHAR] - [null]
2020-06-10 18:11:29.237 TRACE 55751 --- [    Test worker] o.h.type.descriptor.sql.BasicBinder      : binding parameter [28] as [VARCHAR] - [null]
2020-06-10 18:11:29.237 TRACE 55751 --- [    Test worker] o.h.type.descriptor.sql.BasicBinder      : binding parameter [29] as [DATE] - [null]
2020-06-10 18:11:29.237 TRACE 55751 --- [    Test worker] o.h.type.descriptor.sql.BasicBinder      : binding parameter [30] as [VARCHAR] - [null]
Hibernate: 
    insert 
    into
        yhteystieto
        (id, version, kieli, organisaatio_id, yhteystieto_oid, coordinatetype, extrarivi, lat, lng, maa, osavaltio, osoite, osoite_tyyppi, postinumero, postitoimipaikka, ytjpaivityspvm, dtype) 
    values
        (null, ?, ?, ?, ?, ?, ?, ?, ?, ?, ?, ?, ?, ?, ?, ?, 'Osoite')
2020-06-10 18:11:29.237 TRACE 55751 --- [    Test worker] o.h.type.descriptor.sql.BasicBinder      : binding parameter [1] as [BIGINT] - [0]
2020-06-10 18:11:29.237 TRACE 55751 --- [    Test worker] o.h.type.descriptor.sql.BasicBinder      : binding parameter [2] as [VARCHAR] - [null]
2020-06-10 18:11:29.237 TRACE 55751 --- [    Test worker] o.h.type.descriptor.sql.BasicBinder      : binding parameter [3] as [BIGINT] - [null]
2020-06-10 18:11:29.237 TRACE 55751 --- [    Test worker] o.h.type.descriptor.sql.BasicBinder      : binding parameter [4] as [VARCHAR] - [39ff95ee-3101-4893-90b4-477ef5d8e3bf]
2020-06-10 18:11:29.237 TRACE 55751 --- [    Test worker] o.h.type.descriptor.sql.BasicBinder      : binding parameter [5] as [VARCHAR] - [null]
2020-06-10 18:11:29.238 TRACE 55751 --- [    Test worker] o.h.type.descriptor.sql.BasicBinder      : binding parameter [6] as [VARCHAR] - [null]
2020-06-10 18:11:29.238 TRACE 55751 --- [    Test worker] o.h.type.descriptor.sql.BasicBinder      : binding parameter [7] as [DOUBLE] - [null]
2020-06-10 18:11:29.238 TRACE 55751 --- [    Test worker] o.h.type.descriptor.sql.BasicBinder      : binding parameter [8] as [DOUBLE] - [null]
2020-06-10 18:11:29.238 TRACE 55751 --- [    Test worker] o.h.type.descriptor.sql.BasicBinder      : binding parameter [9] as [VARCHAR] - [null]
2020-06-10 18:11:29.238 TRACE 55751 --- [    Test worker] o.h.type.descriptor.sql.BasicBinder      : binding parameter [10] as [VARCHAR] - [null]
2020-06-10 18:11:29.238 TRACE 55751 --- [    Test worker] o.h.type.descriptor.sql.BasicBinder      : binding parameter [11] as [VARCHAR] - [katu]
2020-06-10 18:11:29.238 TRACE 55751 --- [    Test worker] o.h.type.descriptor.sql.BasicBinder      : binding parameter [12] as [VARCHAR] - [kaynti]
2020-06-10 18:11:29.238 TRACE 55751 --- [    Test worker] o.h.type.descriptor.sql.BasicBinder      : binding parameter [13] as [VARCHAR] - [0000]
2020-06-10 18:11:29.238 TRACE 55751 --- [    Test worker] o.h.type.descriptor.sql.BasicBinder      : binding parameter [14] as [VARCHAR] - [Helsinki]
2020-06-10 18:11:29.238 TRACE 55751 --- [    Test worker] o.h.type.descriptor.sql.BasicBinder      : binding parameter [15] as [DATE] - [null]
2020-06-10 18:11:29.239  INFO 55751 --- [    Test worker] f.v.s.o.r.OrganisaatioRepositoryImplTest : createOrganisaatio(B)
Hibernate: 
    insert 
    into
        monikielinen_teksti
        (id, version) 
    values
        (null, ?)
2020-06-10 18:11:29.239 TRACE 55751 --- [    Test worker] o.h.type.descriptor.sql.BasicBinder      : binding parameter [1] as [BIGINT] - [0]
Hibernate: 
    insert 
    into
        organisaatio
        (id, version, alkupvm, domainnimi, kotipaikka, kuvaus_mkt, lakkautuspvm, maa, metadata_id, nimi_mkt, nimihaku, oid, opetuspisteenjarjnro, oppilaitoskoodi, oppilaitos_tyyppi, organisaatio_poistettu, paivittaja, paivityspvm, parentidpath, parentoidpath, piilotettu, tarkastus_pvm, toimipistekoodi, tuontipvm, varhaiskasvatuksen_toimipaikka_tiedot_id, virastotunnus, yhteishaunkoulukoodi, yritysmuoto, ytj_kieli, ytjpaivityspvm, ytunnus) 
    values
        (null, ?, ?, ?, ?, ?, ?, ?, ?, ?, ?, ?, ?, ?, ?, ?, ?, ?, ?, ?, ?, ?, ?, ?, ?, ?, ?, ?, ?, ?, ?)
2020-06-10 18:11:29.240 TRACE 55751 --- [    Test worker] o.h.type.descriptor.sql.BasicBinder      : binding parameter [1] as [BIGINT] - [0]
2020-06-10 18:11:29.240 TRACE 55751 --- [    Test worker] o.h.type.descriptor.sql.BasicBinder      : binding parameter [2] as [DATE] - [null]
2020-06-10 18:11:29.240 TRACE 55751 --- [    Test worker] o.h.type.descriptor.sql.BasicBinder      : binding parameter [3] as [VARCHAR] - [null]
2020-06-10 18:11:29.240 TRACE 55751 --- [    Test worker] o.h.type.descriptor.sql.BasicBinder      : binding parameter [4] as [VARCHAR] - [null]
2020-06-10 18:11:29.240 TRACE 55751 --- [    Test worker] o.h.type.descriptor.sql.BasicBinder      : binding parameter [5] as [BIGINT] - [null]
2020-06-10 18:11:29.240 TRACE 55751 --- [    Test worker] o.h.type.descriptor.sql.BasicBinder      : binding parameter [6] as [DATE] - [null]
2020-06-10 18:11:29.240 TRACE 55751 --- [    Test worker] o.h.type.descriptor.sql.BasicBinder      : binding parameter [7] as [VARCHAR] - [null]
2020-06-10 18:11:29.240 TRACE 55751 --- [    Test worker] o.h.type.descriptor.sql.BasicBinder      : binding parameter [8] as [BIGINT] - [null]
2020-06-10 18:11:29.240 TRACE 55751 --- [    Test worker] o.h.type.descriptor.sql.BasicBinder      : binding parameter [9] as [BIGINT] - [31]
2020-06-10 18:11:29.240 TRACE 55751 --- [    Test worker] o.h.type.descriptor.sql.BasicBinder      : binding parameter [10] as [VARCHAR] - [null]
2020-06-10 18:11:29.240 TRACE 55751 --- [    Test worker] o.h.type.descriptor.sql.BasicBinder      : binding parameter [11] as [VARCHAR] - [4437113781045784766]
2020-06-10 18:11:29.241 TRACE 55751 --- [    Test worker] o.h.type.descriptor.sql.BasicBinder      : binding parameter [12] as [VARCHAR] - [null]
2020-06-10 18:11:29.241 TRACE 55751 --- [    Test worker] o.h.type.descriptor.sql.BasicBinder      : binding parameter [13] as [VARCHAR] - [null]
2020-06-10 18:11:29.241 TRACE 55751 --- [    Test worker] o.h.type.descriptor.sql.BasicBinder      : binding parameter [14] as [VARCHAR] - [null]
2020-06-10 18:11:29.241 TRACE 55751 --- [    Test worker] o.h.type.descriptor.sql.BasicBinder      : binding parameter [15] as [BOOLEAN] - [false]
2020-06-10 18:11:29.241 TRACE 55751 --- [    Test worker] o.h.type.descriptor.sql.BasicBinder      : binding parameter [16] as [VARCHAR] - [null]
2020-06-10 18:11:29.241 TRACE 55751 --- [    Test worker] o.h.type.descriptor.sql.BasicBinder      : binding parameter [17] as [TIMESTAMP] - [null]
2020-06-10 18:11:29.241 TRACE 55751 --- [    Test worker] o.h.type.descriptor.sql.BasicBinder      : binding parameter [18] as [VARCHAR] - [null]
2020-06-10 18:11:29.241 TRACE 55751 --- [    Test worker] o.h.type.descriptor.sql.BasicBinder      : binding parameter [19] as [VARCHAR] - [null]
2020-06-10 18:11:29.241 TRACE 55751 --- [    Test worker] o.h.type.descriptor.sql.BasicBinder      : binding parameter [20] as [BOOLEAN] - [false]
2020-06-10 18:11:29.241 TRACE 55751 --- [    Test worker] o.h.type.descriptor.sql.BasicBinder      : binding parameter [21] as [TIMESTAMP] - [null]
2020-06-10 18:11:29.241 TRACE 55751 --- [    Test worker] o.h.type.descriptor.sql.BasicBinder      : binding parameter [22] as [VARCHAR] - [null]
2020-06-10 18:11:29.241 TRACE 55751 --- [    Test worker] o.h.type.descriptor.sql.BasicBinder      : binding parameter [23] as [TIMESTAMP] - [null]
2020-06-10 18:11:29.241 TRACE 55751 --- [    Test worker] o.h.type.descriptor.sql.BasicBinder      : binding parameter [24] as [BIGINT] - [null]
2020-06-10 18:11:29.241 TRACE 55751 --- [    Test worker] o.h.type.descriptor.sql.BasicBinder      : binding parameter [25] as [VARCHAR] - [null]
2020-06-10 18:11:29.241 TRACE 55751 --- [    Test worker] o.h.type.descriptor.sql.BasicBinder      : binding parameter [26] as [VARCHAR] - [null]
2020-06-10 18:11:29.241 TRACE 55751 --- [    Test worker] o.h.type.descriptor.sql.BasicBinder      : binding parameter [27] as [VARCHAR] - [null]
2020-06-10 18:11:29.241 TRACE 55751 --- [    Test worker] o.h.type.descriptor.sql.BasicBinder      : binding parameter [28] as [VARCHAR] - [null]
2020-06-10 18:11:29.241 TRACE 55751 --- [    Test worker] o.h.type.descriptor.sql.BasicBinder      : binding parameter [29] as [DATE] - [null]
2020-06-10 18:11:29.241 TRACE 55751 --- [    Test worker] o.h.type.descriptor.sql.BasicBinder      : binding parameter [30] as [VARCHAR] - [null]
Hibernate: 
    insert 
    into
        yhteystieto
        (id, version, kieli, organisaatio_id, yhteystieto_oid, coordinatetype, extrarivi, lat, lng, maa, osavaltio, osoite, osoite_tyyppi, postinumero, postitoimipaikka, ytjpaivityspvm, dtype) 
    values
        (null, ?, ?, ?, ?, ?, ?, ?, ?, ?, ?, ?, ?, ?, ?, ?, 'Osoite')
2020-06-10 18:11:29.242 TRACE 55751 --- [    Test worker] o.h.type.descriptor.sql.BasicBinder      : binding parameter [1] as [BIGINT] - [0]
2020-06-10 18:11:29.242 TRACE 55751 --- [    Test worker] o.h.type.descriptor.sql.BasicBinder      : binding parameter [2] as [VARCHAR] - [null]
2020-06-10 18:11:29.242 TRACE 55751 --- [    Test worker] o.h.type.descriptor.sql.BasicBinder      : binding parameter [3] as [BIGINT] - [null]
2020-06-10 18:11:29.242 TRACE 55751 --- [    Test worker] o.h.type.descriptor.sql.BasicBinder      : binding parameter [4] as [VARCHAR] - [0530b28f-9f87-43da-a313-e2c33ba0be6c]
2020-06-10 18:11:29.242 TRACE 55751 --- [    Test worker] o.h.type.descriptor.sql.BasicBinder      : binding parameter [5] as [VARCHAR] - [null]
2020-06-10 18:11:29.242 TRACE 55751 --- [    Test worker] o.h.type.descriptor.sql.BasicBinder      : binding parameter [6] as [VARCHAR] - [null]
2020-06-10 18:11:29.242 TRACE 55751 --- [    Test worker] o.h.type.descriptor.sql.BasicBinder      : binding parameter [7] as [DOUBLE] - [null]
2020-06-10 18:11:29.242 TRACE 55751 --- [    Test worker] o.h.type.descriptor.sql.BasicBinder      : binding parameter [8] as [DOUBLE] - [null]
2020-06-10 18:11:29.243 TRACE 55751 --- [    Test worker] o.h.type.descriptor.sql.BasicBinder      : binding parameter [9] as [VARCHAR] - [null]
2020-06-10 18:11:29.243 TRACE 55751 --- [    Test worker] o.h.type.descriptor.sql.BasicBinder      : binding parameter [10] as [VARCHAR] - [null]
2020-06-10 18:11:29.243 TRACE 55751 --- [    Test worker] o.h.type.descriptor.sql.BasicBinder      : binding parameter [11] as [VARCHAR] - [katu]
2020-06-10 18:11:29.243 TRACE 55751 --- [    Test worker] o.h.type.descriptor.sql.BasicBinder      : binding parameter [12] as [VARCHAR] - [kaynti]
2020-06-10 18:11:29.243 TRACE 55751 --- [    Test worker] o.h.type.descriptor.sql.BasicBinder      : binding parameter [13] as [VARCHAR] - [0000]
2020-06-10 18:11:29.243 TRACE 55751 --- [    Test worker] o.h.type.descriptor.sql.BasicBinder      : binding parameter [14] as [VARCHAR] - [Helsinki]
2020-06-10 18:11:29.243 TRACE 55751 --- [    Test worker] o.h.type.descriptor.sql.BasicBinder      : binding parameter [15] as [DATE] - [null]
Hibernate: 
    update
        organisaatio 
    set
        version=?,
        alkupvm=?,
        domainnimi=?,
        kotipaikka=?,
        kuvaus_mkt=?,
        lakkautuspvm=?,
        maa=?,
        metadata_id=?,
        nimi_mkt=?,
        nimihaku=?,
        oid=?,
        opetuspisteenjarjnro=?,
        oppilaitoskoodi=?,
        oppilaitos_tyyppi=?,
        organisaatio_poistettu=?,
        paivittaja=?,
        paivityspvm=?,
        parentidpath=?,
        parentoidpath=?,
        piilotettu=?,
        tarkastus_pvm=?,
        toimipistekoodi=?,
        tuontipvm=?,
        varhaiskasvatuksen_toimipaikka_tiedot_id=?,
        virastotunnus=?,
        yhteishaunkoulukoodi=?,
        yritysmuoto=?,
        ytj_kieli=?,
        ytjpaivityspvm=?,
        ytunnus=? 
    where
        id=? 
        and version=?
2020-06-10 18:11:29.245 TRACE 55751 --- [    Test worker] o.h.type.descriptor.sql.BasicBinder      : binding parameter [1] as [BIGINT] - [1]
2020-06-10 18:11:29.245 TRACE 55751 --- [    Test worker] o.h.type.descriptor.sql.BasicBinder      : binding parameter [2] as [DATE] - [null]
2020-06-10 18:11:29.245 TRACE 55751 --- [    Test worker] o.h.type.descriptor.sql.BasicBinder      : binding parameter [3] as [VARCHAR] - [null]
2020-06-10 18:11:29.245 TRACE 55751 --- [    Test worker] o.h.type.descriptor.sql.BasicBinder      : binding parameter [4] as [VARCHAR] - [null]
2020-06-10 18:11:29.245 TRACE 55751 --- [    Test worker] o.h.type.descriptor.sql.BasicBinder      : binding parameter [5] as [BIGINT] - [null]
2020-06-10 18:11:29.245 TRACE 55751 --- [    Test worker] o.h.type.descriptor.sql.BasicBinder      : binding parameter [6] as [DATE] - [null]
2020-06-10 18:11:29.245 TRACE 55751 --- [    Test worker] o.h.type.descriptor.sql.BasicBinder      : binding parameter [7] as [VARCHAR] - [null]
2020-06-10 18:11:29.245 TRACE 55751 --- [    Test worker] o.h.type.descriptor.sql.BasicBinder      : binding parameter [8] as [BIGINT] - [null]
2020-06-10 18:11:29.245 TRACE 55751 --- [    Test worker] o.h.type.descriptor.sql.BasicBinder      : binding parameter [9] as [BIGINT] - [30]
2020-06-10 18:11:29.245 TRACE 55751 --- [    Test worker] o.h.type.descriptor.sql.BasicBinder      : binding parameter [10] as [VARCHAR] - [null]
2020-06-10 18:11:29.245 TRACE 55751 --- [    Test worker] o.h.type.descriptor.sql.BasicBinder      : binding parameter [11] as [VARCHAR] - [-4962768465676381896]
2020-06-10 18:11:29.246 TRACE 55751 --- [    Test worker] o.h.type.descriptor.sql.BasicBinder      : binding parameter [12] as [VARCHAR] - [null]
2020-06-10 18:11:29.246 TRACE 55751 --- [    Test worker] o.h.type.descriptor.sql.BasicBinder      : binding parameter [13] as [VARCHAR] - [null]
2020-06-10 18:11:29.246 TRACE 55751 --- [    Test worker] o.h.type.descriptor.sql.BasicBinder      : binding parameter [14] as [VARCHAR] - [null]
2020-06-10 18:11:29.246 TRACE 55751 --- [    Test worker] o.h.type.descriptor.sql.BasicBinder      : binding parameter [15] as [BOOLEAN] - [false]
2020-06-10 18:11:29.246 TRACE 55751 --- [    Test worker] o.h.type.descriptor.sql.BasicBinder      : binding parameter [16] as [VARCHAR] - [null]
2020-06-10 18:11:29.246 TRACE 55751 --- [    Test worker] o.h.type.descriptor.sql.BasicBinder      : binding parameter [17] as [TIMESTAMP] - [Thu Jan 01 02:00:00 EET 1970]
2020-06-10 18:11:29.246 TRACE 55751 --- [    Test worker] o.h.type.descriptor.sql.BasicBinder      : binding parameter [18] as [VARCHAR] - [null]
2020-06-10 18:11:29.246 TRACE 55751 --- [    Test worker] o.h.type.descriptor.sql.BasicBinder      : binding parameter [19] as [VARCHAR] - [null]
2020-06-10 18:11:29.246 TRACE 55751 --- [    Test worker] o.h.type.descriptor.sql.BasicBinder      : binding parameter [20] as [BOOLEAN] - [false]
2020-06-10 18:11:29.246 TRACE 55751 --- [    Test worker] o.h.type.descriptor.sql.BasicBinder      : binding parameter [21] as [TIMESTAMP] - [null]
2020-06-10 18:11:29.246 TRACE 55751 --- [    Test worker] o.h.type.descriptor.sql.BasicBinder      : binding parameter [22] as [VARCHAR] - [null]
2020-06-10 18:11:29.246 TRACE 55751 --- [    Test worker] o.h.type.descriptor.sql.BasicBinder      : binding parameter [23] as [TIMESTAMP] - [null]
2020-06-10 18:11:29.246 TRACE 55751 --- [    Test worker] o.h.type.descriptor.sql.BasicBinder      : binding parameter [24] as [BIGINT] - [null]
2020-06-10 18:11:29.246 TRACE 55751 --- [    Test worker] o.h.type.descriptor.sql.BasicBinder      : binding parameter [25] as [VARCHAR] - [null]
2020-06-10 18:11:29.246 TRACE 55751 --- [    Test worker] o.h.type.descriptor.sql.BasicBinder      : binding parameter [26] as [VARCHAR] - [null]
2020-06-10 18:11:29.246 TRACE 55751 --- [    Test worker] o.h.type.descriptor.sql.BasicBinder      : binding parameter [27] as [VARCHAR] - [null]
2020-06-10 18:11:29.246 TRACE 55751 --- [    Test worker] o.h.type.descriptor.sql.BasicBinder      : binding parameter [28] as [VARCHAR] - [null]
2020-06-10 18:11:29.246 TRACE 55751 --- [    Test worker] o.h.type.descriptor.sql.BasicBinder      : binding parameter [29] as [DATE] - [null]
2020-06-10 18:11:29.246 TRACE 55751 --- [    Test worker] o.h.type.descriptor.sql.BasicBinder      : binding parameter [30] as [VARCHAR] - [null]
2020-06-10 18:11:29.247 TRACE 55751 --- [    Test worker] o.h.type.descriptor.sql.BasicBinder      : binding parameter [31] as [BIGINT] - [36]
2020-06-10 18:11:29.247 TRACE 55751 --- [    Test worker] o.h.type.descriptor.sql.BasicBinder      : binding parameter [32] as [BIGINT] - [0]
Hibernate: 
    update
        organisaatio 
    set
        version=?,
        alkupvm=?,
        domainnimi=?,
        kotipaikka=?,
        kuvaus_mkt=?,
        lakkautuspvm=?,
        maa=?,
        metadata_id=?,
        nimi_mkt=?,
        nimihaku=?,
        oid=?,
        opetuspisteenjarjnro=?,
        oppilaitoskoodi=?,
        oppilaitos_tyyppi=?,
        organisaatio_poistettu=?,
        paivittaja=?,
        paivityspvm=?,
        parentidpath=?,
        parentoidpath=?,
        piilotettu=?,
        tarkastus_pvm=?,
        toimipistekoodi=?,
        tuontipvm=?,
        varhaiskasvatuksen_toimipaikka_tiedot_id=?,
        virastotunnus=?,
        yhteishaunkoulukoodi=?,
        yritysmuoto=?,
        ytj_kieli=?,
        ytjpaivityspvm=?,
        ytunnus=? 
    where
        id=? 
        and version=?
2020-06-10 18:11:29.247 TRACE 55751 --- [    Test worker] o.h.type.descriptor.sql.BasicBinder      : binding parameter [1] as [BIGINT] - [1]
2020-06-10 18:11:29.247 TRACE 55751 --- [    Test worker] o.h.type.descriptor.sql.BasicBinder      : binding parameter [2] as [DATE] - [null]
2020-06-10 18:11:29.248 TRACE 55751 --- [    Test worker] o.h.type.descriptor.sql.BasicBinder      : binding parameter [3] as [VARCHAR] - [null]
2020-06-10 18:11:29.248 TRACE 55751 --- [    Test worker] o.h.type.descriptor.sql.BasicBinder      : binding parameter [4] as [VARCHAR] - [null]
2020-06-10 18:11:29.248 TRACE 55751 --- [    Test worker] o.h.type.descriptor.sql.BasicBinder      : binding parameter [5] as [BIGINT] - [null]
2020-06-10 18:11:29.248 TRACE 55751 --- [    Test worker] o.h.type.descriptor.sql.BasicBinder      : binding parameter [6] as [DATE] - [null]
2020-06-10 18:11:29.248 TRACE 55751 --- [    Test worker] o.h.type.descriptor.sql.BasicBinder      : binding parameter [7] as [VARCHAR] - [null]
2020-06-10 18:11:29.248 TRACE 55751 --- [    Test worker] o.h.type.descriptor.sql.BasicBinder      : binding parameter [8] as [BIGINT] - [null]
2020-06-10 18:11:29.248 TRACE 55751 --- [    Test worker] o.h.type.descriptor.sql.BasicBinder      : binding parameter [9] as [BIGINT] - [31]
2020-06-10 18:11:29.248 TRACE 55751 --- [    Test worker] o.h.type.descriptor.sql.BasicBinder      : binding parameter [10] as [VARCHAR] - [null]
2020-06-10 18:11:29.248 TRACE 55751 --- [    Test worker] o.h.type.descriptor.sql.BasicBinder      : binding parameter [11] as [VARCHAR] - [4437113781045784766]
2020-06-10 18:11:29.248 TRACE 55751 --- [    Test worker] o.h.type.descriptor.sql.BasicBinder      : binding parameter [12] as [VARCHAR] - [null]
2020-06-10 18:11:29.248 TRACE 55751 --- [    Test worker] o.h.type.descriptor.sql.BasicBinder      : binding parameter [13] as [VARCHAR] - [null]
2020-06-10 18:11:29.248 TRACE 55751 --- [    Test worker] o.h.type.descriptor.sql.BasicBinder      : binding parameter [14] as [VARCHAR] - [null]
2020-06-10 18:11:29.248 TRACE 55751 --- [    Test worker] o.h.type.descriptor.sql.BasicBinder      : binding parameter [15] as [BOOLEAN] - [false]
2020-06-10 18:11:29.248 TRACE 55751 --- [    Test worker] o.h.type.descriptor.sql.BasicBinder      : binding parameter [16] as [VARCHAR] - [null]
2020-06-10 18:11:29.248 TRACE 55751 --- [    Test worker] o.h.type.descriptor.sql.BasicBinder      : binding parameter [17] as [TIMESTAMP] - [Wed Jun 10 18:11:29 EEST 2020]
2020-06-10 18:11:29.248 TRACE 55751 --- [    Test worker] o.h.type.descriptor.sql.BasicBinder      : binding parameter [18] as [VARCHAR] - [null]
2020-06-10 18:11:29.248 TRACE 55751 --- [    Test worker] o.h.type.descriptor.sql.BasicBinder      : binding parameter [19] as [VARCHAR] - [null]
2020-06-10 18:11:29.248 TRACE 55751 --- [    Test worker] o.h.type.descriptor.sql.BasicBinder      : binding parameter [20] as [BOOLEAN] - [false]
2020-06-10 18:11:29.248 TRACE 55751 --- [    Test worker] o.h.type.descriptor.sql.BasicBinder      : binding parameter [21] as [TIMESTAMP] - [null]
2020-06-10 18:11:29.248 TRACE 55751 --- [    Test worker] o.h.type.descriptor.sql.BasicBinder      : binding parameter [22] as [VARCHAR] - [null]
2020-06-10 18:11:29.248 TRACE 55751 --- [    Test worker] o.h.type.descriptor.sql.BasicBinder      : binding parameter [23] as [TIMESTAMP] - [null]
2020-06-10 18:11:29.248 TRACE 55751 --- [    Test worker] o.h.type.descriptor.sql.BasicBinder      : binding parameter [24] as [BIGINT] - [null]
2020-06-10 18:11:29.248 TRACE 55751 --- [    Test worker] o.h.type.descriptor.sql.BasicBinder      : binding parameter [25] as [VARCHAR] - [null]
2020-06-10 18:11:29.248 TRACE 55751 --- [    Test worker] o.h.type.descriptor.sql.BasicBinder      : binding parameter [26] as [VARCHAR] - [null]
2020-06-10 18:11:29.248 TRACE 55751 --- [    Test worker] o.h.type.descriptor.sql.BasicBinder      : binding parameter [27] as [VARCHAR] - [null]
2020-06-10 18:11:29.249 TRACE 55751 --- [    Test worker] o.h.type.descriptor.sql.BasicBinder      : binding parameter [28] as [VARCHAR] - [null]
2020-06-10 18:11:29.249 TRACE 55751 --- [    Test worker] o.h.type.descriptor.sql.BasicBinder      : binding parameter [29] as [DATE] - [null]
2020-06-10 18:11:29.249 TRACE 55751 --- [    Test worker] o.h.type.descriptor.sql.BasicBinder      : binding parameter [30] as [VARCHAR] - [null]
2020-06-10 18:11:29.249 TRACE 55751 --- [    Test worker] o.h.type.descriptor.sql.BasicBinder      : binding parameter [31] as [BIGINT] - [37]
2020-06-10 18:11:29.249 TRACE 55751 --- [    Test worker] o.h.type.descriptor.sql.BasicBinder      : binding parameter [32] as [BIGINT] - [0]
Hibernate: 
    insert 
    into
        monikielinen_teksti_values
        (id, key, value) 
    values
        (?, ?, ?)
2020-06-10 18:11:29.249 TRACE 55751 --- [    Test worker] o.h.type.descriptor.sql.BasicBinder      : binding parameter [1] as [BIGINT] - [30]
2020-06-10 18:11:29.249 TRACE 55751 --- [    Test worker] o.h.type.descriptor.sql.BasicBinder      : binding parameter [2] as [VARCHAR] - [FI]
2020-06-10 18:11:29.249 TRACE 55751 --- [    Test worker] o.h.type.descriptor.sql.BasicBinder      : binding parameter [3] as [VARCHAR] - [A]
Hibernate: 
    insert 
    into
        monikielinen_teksti_values
        (id, key, value) 
    values
        (?, ?, ?)
2020-06-10 18:11:29.250 TRACE 55751 --- [    Test worker] o.h.type.descriptor.sql.BasicBinder      : binding parameter [1] as [BIGINT] - [31]
2020-06-10 18:11:29.250 TRACE 55751 --- [    Test worker] o.h.type.descriptor.sql.BasicBinder      : binding parameter [2] as [VARCHAR] - [FI]
2020-06-10 18:11:29.250 TRACE 55751 --- [    Test worker] o.h.type.descriptor.sql.BasicBinder      : binding parameter [3] as [VARCHAR] - [B]
Hibernate: 
    select
        distinct organisaat0_.id as id1_5_,
        organisaat0_.version as version2_5_,
        organisaat0_.alkupvm as alkupvm3_5_,
        organisaat0_.domainnimi as domainni4_5_,
        organisaat0_.kotipaikka as kotipaik5_5_,
        organisaat0_.kuvaus_mkt as kuvaus_28_5_,
        organisaat0_.lakkautuspvm as lakkautu6_5_,
        organisaat0_.maa as maa7_5_,
        organisaat0_.metadata_id as metadat29_5_,
        organisaat0_.nimi_mkt as nimi_mk30_5_,
        organisaat0_.nimihaku as nimihaku8_5_,
        organisaat0_.oid as oid9_5_,
        organisaat0_.opetuspisteenjarjnro as opetusp10_5_,
        organisaat0_.oppilaitoskoodi as oppilai11_5_,
        organisaat0_.oppilaitos_tyyppi as oppilai12_5_,
        organisaat0_.organisaatio_poistettu as organis13_5_,
        organisaat0_.paivittaja as paivitt14_5_,
        organisaat0_.paivityspvm as paivity15_5_,
        organisaat0_.parentidpath as parenti16_5_,
        organisaat0_.parentoidpath as parento17_5_,
        organisaat0_.piilotettu as piilote18_5_,
        organisaat0_.tarkastus_pvm as tarkast19_5_,
        organisaat0_.toimipistekoodi as toimipi20_5_,
        organisaat0_.tuontipvm as tuontip21_5_,
        organisaat0_.varhaiskasvatuksen_toimipaikka_tiedot_id as varhais31_5_,
        organisaat0_.virastotunnus as virasto22_5_,
        organisaat0_.yhteishaunkoulukoodi as yhteish23_5_,
        organisaat0_.yritysmuoto as yritysm24_5_,
        organisaat0_.ytj_kieli as ytj_kie25_5_,
        organisaat0_.ytjpaivityspvm as ytjpaiv26_5_,
        organisaat0_.ytunnus as ytunnus27_5_ 
    from
        organisaatio organisaat0_ 
    where
        organisaat0_.paivityspvm>? 
        and (
            organisaat0_.lakkautuspvm is null 
            or organisaat0_.lakkautuspvm>?
        )
2020-06-10 18:11:29.250 TRACE 55751 --- [    Test worker] o.h.type.descriptor.sql.BasicBinder      : binding parameter [1] as [TIMESTAMP] - [Wed Jun 10 18:11:29 EEST 2020]
2020-06-10 18:11:29.250 TRACE 55751 --- [    Test worker] o.h.type.descriptor.sql.BasicBinder      : binding parameter [2] as [DATE] - [Wed Jun 10 18:11:29 EEST 2020]
2020-06-10 18:11:29.251 TRACE 55751 --- [    Test worker] o.h.type.descriptor.sql.BasicExtractor   : extracted value ([id1_5_] : [BIGINT]) - [37]
2020-06-10 18:11:29.256  INFO 55751 --- [    Test worker] o.s.t.c.transaction.TransactionContext   : Rolled back transaction for test: [DefaultTestContext@5416d980 testClass = OrganisaatioRepositoryImplTest, testInstance = fi.vm.sade.organisaatio.repository.OrganisaatioRepositoryImplTest@9c7f036, testMethod = findModifedSinceLimitsByModificationTime@OrganisaatioRepositoryImplTest, testException = [null], mergedContextConfiguration = [WebMergedContextConfiguration@a27a101 testClass = OrganisaatioRepositoryImplTest, locations = '{}', classes = '{class fi.vm.sade.organisaatio.OrganisaatioApplication}', contextInitializerClasses = '[]', activeProfiles = '{}', propertySourceLocations = '{}', propertySourceProperties = '{org.springframework.boot.test.context.SpringBootTestContextBootstrapper=true}', contextCustomizers = set[org.springframework.boot.test.autoconfigure.properties.PropertyMappingContextCustomizer@a273518a, org.springframework.boot.test.autoconfigure.web.servlet.WebDriverContextCustomizerFactory$Customizer@25a95d7a, [ImportsContextCustomizer@243b4350 key = [org.springframework.boot.test.autoconfigure.jdbc.TestDatabaseAutoConfiguration, org.springframework.boot.autoconfigure.jdbc.DataSourceAutoConfiguration]], org.springframework.boot.test.context.filter.ExcludeFilterContextCustomizer@33d60c3d, org.springframework.boot.test.json.DuplicateJsonObjectContextCustomizerFactory$DuplicateJsonObjectContextCustomizer@6943770e, org.springframework.boot.test.mock.mockito.MockitoContextCustomizer@0, org.springframework.boot.test.web.client.TestRestTemplateContextCustomizer@536042e6, org.springframework.boot.test.context.SpringBootTestArgs@1], resourceBasePath = 'src/main/webapp', contextLoader = 'org.springframework.boot.test.context.SpringBootContextLoader', parent = [null]], attributes = map['org.springframework.test.context.web.ServletTestExecutionListener.activateListener' -> true, 'org.springframework.test.context.web.ServletTestExecutionListener.populatedRequestContextHolder' -> true, 'org.springframework.test.context.web.ServletTestExecutionListener.resetRequestContextHolder' -> true]]
2020-06-10 18:11:29.258  INFO 55751 --- [    Test worker] o.s.t.c.transaction.TransactionContext   : Began transaction (1) for test context [DefaultTestContext@5416d980 testClass = OrganisaatioRepositoryImplTest, testInstance = fi.vm.sade.organisaatio.repository.OrganisaatioRepositoryImplTest@48c7d068, testMethod = findModifedSinceLimitsByOrganizationType@OrganisaatioRepositoryImplTest, testException = [null], mergedContextConfiguration = [WebMergedContextConfiguration@a27a101 testClass = OrganisaatioRepositoryImplTest, locations = '{}', classes = '{class fi.vm.sade.organisaatio.OrganisaatioApplication}', contextInitializerClasses = '[]', activeProfiles = '{}', propertySourceLocations = '{}', propertySourceProperties = '{org.springframework.boot.test.context.SpringBootTestContextBootstrapper=true}', contextCustomizers = set[org.springframework.boot.test.autoconfigure.properties.PropertyMappingContextCustomizer@a273518a, org.springframework.boot.test.autoconfigure.web.servlet.WebDriverContextCustomizerFactory$Customizer@25a95d7a, [ImportsContextCustomizer@243b4350 key = [org.springframework.boot.test.autoconfigure.jdbc.TestDatabaseAutoConfiguration, org.springframework.boot.autoconfigure.jdbc.DataSourceAutoConfiguration]], org.springframework.boot.test.context.filter.ExcludeFilterContextCustomizer@33d60c3d, org.springframework.boot.test.json.DuplicateJsonObjectContextCustomizerFactory$DuplicateJsonObjectContextCustomizer@6943770e, org.springframework.boot.test.mock.mockito.MockitoContextCustomizer@0, org.springframework.boot.test.web.client.TestRestTemplateContextCustomizer@536042e6, org.springframework.boot.test.context.SpringBootTestArgs@1], resourceBasePath = 'src/main/webapp', contextLoader = 'org.springframework.boot.test.context.SpringBootContextLoader', parent = [null]], attributes = map['org.springframework.test.context.web.ServletTestExecutionListener.activateListener' -> true, 'org.springframework.test.context.web.ServletTestExecutionListener.populatedRequestContextHolder' -> true, 'org.springframework.test.context.web.ServletTestExecutionListener.resetRequestContextHolder' -> true]]; transaction manager [org.springframework.orm.jpa.JpaTransactionManager@af9fb3]; rollback [true]
2020-06-10 18:11:29.260  INFO 55751 --- [    Test worker] f.v.s.o.r.OrganisaatioRepositoryImplTest : createOrganisaatio(A)
Hibernate: 
    insert 
    into
        monikielinen_teksti
        (id, version) 
    values
        (null, ?)
2020-06-10 18:11:29.260 TRACE 55751 --- [    Test worker] o.h.type.descriptor.sql.BasicBinder      : binding parameter [1] as [BIGINT] - [0]
Hibernate: 
    insert 
    into
        organisaatio
        (id, version, alkupvm, domainnimi, kotipaikka, kuvaus_mkt, lakkautuspvm, maa, metadata_id, nimi_mkt, nimihaku, oid, opetuspisteenjarjnro, oppilaitoskoodi, oppilaitos_tyyppi, organisaatio_poistettu, paivittaja, paivityspvm, parentidpath, parentoidpath, piilotettu, tarkastus_pvm, toimipistekoodi, tuontipvm, varhaiskasvatuksen_toimipaikka_tiedot_id, virastotunnus, yhteishaunkoulukoodi, yritysmuoto, ytj_kieli, ytjpaivityspvm, ytunnus) 
    values
        (null, ?, ?, ?, ?, ?, ?, ?, ?, ?, ?, ?, ?, ?, ?, ?, ?, ?, ?, ?, ?, ?, ?, ?, ?, ?, ?, ?, ?, ?, ?)
2020-06-10 18:11:29.261 TRACE 55751 --- [    Test worker] o.h.type.descriptor.sql.BasicBinder      : binding parameter [1] as [BIGINT] - [0]
2020-06-10 18:11:29.261 TRACE 55751 --- [    Test worker] o.h.type.descriptor.sql.BasicBinder      : binding parameter [2] as [DATE] - [null]
2020-06-10 18:11:29.261 TRACE 55751 --- [    Test worker] o.h.type.descriptor.sql.BasicBinder      : binding parameter [3] as [VARCHAR] - [null]
2020-06-10 18:11:29.261 TRACE 55751 --- [    Test worker] o.h.type.descriptor.sql.BasicBinder      : binding parameter [4] as [VARCHAR] - [null]
2020-06-10 18:11:29.261 TRACE 55751 --- [    Test worker] o.h.type.descriptor.sql.BasicBinder      : binding parameter [5] as [BIGINT] - [null]
2020-06-10 18:11:29.261 TRACE 55751 --- [    Test worker] o.h.type.descriptor.sql.BasicBinder      : binding parameter [6] as [DATE] - [null]
2020-06-10 18:11:29.261 TRACE 55751 --- [    Test worker] o.h.type.descriptor.sql.BasicBinder      : binding parameter [7] as [VARCHAR] - [null]
2020-06-10 18:11:29.261 TRACE 55751 --- [    Test worker] o.h.type.descriptor.sql.BasicBinder      : binding parameter [8] as [BIGINT] - [null]
2020-06-10 18:11:29.261 TRACE 55751 --- [    Test worker] o.h.type.descriptor.sql.BasicBinder      : binding parameter [9] as [BIGINT] - [32]
2020-06-10 18:11:29.261 TRACE 55751 --- [    Test worker] o.h.type.descriptor.sql.BasicBinder      : binding parameter [10] as [VARCHAR] - [null]
2020-06-10 18:11:29.262 TRACE 55751 --- [    Test worker] o.h.type.descriptor.sql.BasicBinder      : binding parameter [11] as [VARCHAR] - [-4962768465676381896]
2020-06-10 18:11:29.262 TRACE 55751 --- [    Test worker] o.h.type.descriptor.sql.BasicBinder      : binding parameter [12] as [VARCHAR] - [null]
2020-06-10 18:11:29.262 TRACE 55751 --- [    Test worker] o.h.type.descriptor.sql.BasicBinder      : binding parameter [13] as [VARCHAR] - [null]
2020-06-10 18:11:29.262 TRACE 55751 --- [    Test worker] o.h.type.descriptor.sql.BasicBinder      : binding parameter [14] as [VARCHAR] - [null]
2020-06-10 18:11:29.262 TRACE 55751 --- [    Test worker] o.h.type.descriptor.sql.BasicBinder      : binding parameter [15] as [BOOLEAN] - [false]
2020-06-10 18:11:29.262 TRACE 55751 --- [    Test worker] o.h.type.descriptor.sql.BasicBinder      : binding parameter [16] as [VARCHAR] - [null]
2020-06-10 18:11:29.262 TRACE 55751 --- [    Test worker] o.h.type.descriptor.sql.BasicBinder      : binding parameter [17] as [TIMESTAMP] - [null]
2020-06-10 18:11:29.262 TRACE 55751 --- [    Test worker] o.h.type.descriptor.sql.BasicBinder      : binding parameter [18] as [VARCHAR] - [null]
2020-06-10 18:11:29.262 TRACE 55751 --- [    Test worker] o.h.type.descriptor.sql.BasicBinder      : binding parameter [19] as [VARCHAR] - [null]
2020-06-10 18:11:29.262 TRACE 55751 --- [    Test worker] o.h.type.descriptor.sql.BasicBinder      : binding parameter [20] as [BOOLEAN] - [false]
2020-06-10 18:11:29.262 TRACE 55751 --- [    Test worker] o.h.type.descriptor.sql.BasicBinder      : binding parameter [21] as [TIMESTAMP] - [null]
2020-06-10 18:11:29.262 TRACE 55751 --- [    Test worker] o.h.type.descriptor.sql.BasicBinder      : binding parameter [22] as [VARCHAR] - [null]
2020-06-10 18:11:29.262 TRACE 55751 --- [    Test worker] o.h.type.descriptor.sql.BasicBinder      : binding parameter [23] as [TIMESTAMP] - [null]
2020-06-10 18:11:29.262 TRACE 55751 --- [    Test worker] o.h.type.descriptor.sql.BasicBinder      : binding parameter [24] as [BIGINT] - [null]
2020-06-10 18:11:29.262 TRACE 55751 --- [    Test worker] o.h.type.descriptor.sql.BasicBinder      : binding parameter [25] as [VARCHAR] - [null]
2020-06-10 18:11:29.262 TRACE 55751 --- [    Test worker] o.h.type.descriptor.sql.BasicBinder      : binding parameter [26] as [VARCHAR] - [null]
2020-06-10 18:11:29.263 TRACE 55751 --- [    Test worker] o.h.type.descriptor.sql.BasicBinder      : binding parameter [27] as [VARCHAR] - [null]
2020-06-10 18:11:29.263 TRACE 55751 --- [    Test worker] o.h.type.descriptor.sql.BasicBinder      : binding parameter [28] as [VARCHAR] - [null]
2020-06-10 18:11:29.263 TRACE 55751 --- [    Test worker] o.h.type.descriptor.sql.BasicBinder      : binding parameter [29] as [DATE] - [null]
2020-06-10 18:11:29.263 TRACE 55751 --- [    Test worker] o.h.type.descriptor.sql.BasicBinder      : binding parameter [30] as [VARCHAR] - [null]
Hibernate: 
    insert 
    into
        yhteystieto
        (id, version, kieli, organisaatio_id, yhteystieto_oid, coordinatetype, extrarivi, lat, lng, maa, osavaltio, osoite, osoite_tyyppi, postinumero, postitoimipaikka, ytjpaivityspvm, dtype) 
    values
        (null, ?, ?, ?, ?, ?, ?, ?, ?, ?, ?, ?, ?, ?, ?, ?, 'Osoite')
2020-06-10 18:11:29.264 TRACE 55751 --- [    Test worker] o.h.type.descriptor.sql.BasicBinder      : binding parameter [1] as [BIGINT] - [0]
2020-06-10 18:11:29.264 TRACE 55751 --- [    Test worker] o.h.type.descriptor.sql.BasicBinder      : binding parameter [2] as [VARCHAR] - [null]
2020-06-10 18:11:29.264 TRACE 55751 --- [    Test worker] o.h.type.descriptor.sql.BasicBinder      : binding parameter [3] as [BIGINT] - [null]
2020-06-10 18:11:29.264 TRACE 55751 --- [    Test worker] o.h.type.descriptor.sql.BasicBinder      : binding parameter [4] as [VARCHAR] - [29f9ae0d-74ec-47ec-86d7-4e10da688fc7]
2020-06-10 18:11:29.264 TRACE 55751 --- [    Test worker] o.h.type.descriptor.sql.BasicBinder      : binding parameter [5] as [VARCHAR] - [null]
2020-06-10 18:11:29.264 TRACE 55751 --- [    Test worker] o.h.type.descriptor.sql.BasicBinder      : binding parameter [6] as [VARCHAR] - [null]
2020-06-10 18:11:29.264 TRACE 55751 --- [    Test worker] o.h.type.descriptor.sql.BasicBinder      : binding parameter [7] as [DOUBLE] - [null]
2020-06-10 18:11:29.264 TRACE 55751 --- [    Test worker] o.h.type.descriptor.sql.BasicBinder      : binding parameter [8] as [DOUBLE] - [null]
2020-06-10 18:11:29.264 TRACE 55751 --- [    Test worker] o.h.type.descriptor.sql.BasicBinder      : binding parameter [9] as [VARCHAR] - [null]
2020-06-10 18:11:29.264 TRACE 55751 --- [    Test worker] o.h.type.descriptor.sql.BasicBinder      : binding parameter [10] as [VARCHAR] - [null]
2020-06-10 18:11:29.264 TRACE 55751 --- [    Test worker] o.h.type.descriptor.sql.BasicBinder      : binding parameter [11] as [VARCHAR] - [katu]
2020-06-10 18:11:29.264 TRACE 55751 --- [    Test worker] o.h.type.descriptor.sql.BasicBinder      : binding parameter [12] as [VARCHAR] - [kaynti]
2020-06-10 18:11:29.264 TRACE 55751 --- [    Test worker] o.h.type.descriptor.sql.BasicBinder      : binding parameter [13] as [VARCHAR] - [0000]
2020-06-10 18:11:29.264 TRACE 55751 --- [    Test worker] o.h.type.descriptor.sql.BasicBinder      : binding parameter [14] as [VARCHAR] - [Helsinki]
2020-06-10 18:11:29.264 TRACE 55751 --- [    Test worker] o.h.type.descriptor.sql.BasicBinder      : binding parameter [15] as [DATE] - [null]
2020-06-10 18:11:29.265  INFO 55751 --- [    Test worker] f.v.s.o.r.OrganisaatioRepositoryImplTest : createOrganisaatio(B)
Hibernate: 
    insert 
    into
        monikielinen_teksti
        (id, version) 
    values
        (null, ?)
2020-06-10 18:11:29.265 TRACE 55751 --- [    Test worker] o.h.type.descriptor.sql.BasicBinder      : binding parameter [1] as [BIGINT] - [0]
Hibernate: 
    insert 
    into
        organisaatio
        (id, version, alkupvm, domainnimi, kotipaikka, kuvaus_mkt, lakkautuspvm, maa, metadata_id, nimi_mkt, nimihaku, oid, opetuspisteenjarjnro, oppilaitoskoodi, oppilaitos_tyyppi, organisaatio_poistettu, paivittaja, paivityspvm, parentidpath, parentoidpath, piilotettu, tarkastus_pvm, toimipistekoodi, tuontipvm, varhaiskasvatuksen_toimipaikka_tiedot_id, virastotunnus, yhteishaunkoulukoodi, yritysmuoto, ytj_kieli, ytjpaivityspvm, ytunnus) 
    values
        (null, ?, ?, ?, ?, ?, ?, ?, ?, ?, ?, ?, ?, ?, ?, ?, ?, ?, ?, ?, ?, ?, ?, ?, ?, ?, ?, ?, ?, ?, ?)
2020-06-10 18:11:29.266 TRACE 55751 --- [    Test worker] o.h.type.descriptor.sql.BasicBinder      : binding parameter [1] as [BIGINT] - [0]
2020-06-10 18:11:29.266 TRACE 55751 --- [    Test worker] o.h.type.descriptor.sql.BasicBinder      : binding parameter [2] as [DATE] - [null]
2020-06-10 18:11:29.266 TRACE 55751 --- [    Test worker] o.h.type.descriptor.sql.BasicBinder      : binding parameter [3] as [VARCHAR] - [null]
2020-06-10 18:11:29.266 TRACE 55751 --- [    Test worker] o.h.type.descriptor.sql.BasicBinder      : binding parameter [4] as [VARCHAR] - [null]
2020-06-10 18:11:29.266 TRACE 55751 --- [    Test worker] o.h.type.descriptor.sql.BasicBinder      : binding parameter [5] as [BIGINT] - [null]
2020-06-10 18:11:29.266 TRACE 55751 --- [    Test worker] o.h.type.descriptor.sql.BasicBinder      : binding parameter [6] as [DATE] - [null]
2020-06-10 18:11:29.266 TRACE 55751 --- [    Test worker] o.h.type.descriptor.sql.BasicBinder      : binding parameter [7] as [VARCHAR] - [null]
2020-06-10 18:11:29.266 TRACE 55751 --- [    Test worker] o.h.type.descriptor.sql.BasicBinder      : binding parameter [8] as [BIGINT] - [null]
2020-06-10 18:11:29.266 TRACE 55751 --- [    Test worker] o.h.type.descriptor.sql.BasicBinder      : binding parameter [9] as [BIGINT] - [33]
2020-06-10 18:11:29.266 TRACE 55751 --- [    Test worker] o.h.type.descriptor.sql.BasicBinder      : binding parameter [10] as [VARCHAR] - [null]
2020-06-10 18:11:29.266 TRACE 55751 --- [    Test worker] o.h.type.descriptor.sql.BasicBinder      : binding parameter [11] as [VARCHAR] - [4437113781045784766]
2020-06-10 18:11:29.266 TRACE 55751 --- [    Test worker] o.h.type.descriptor.sql.BasicBinder      : binding parameter [12] as [VARCHAR] - [null]
2020-06-10 18:11:29.266 TRACE 55751 --- [    Test worker] o.h.type.descriptor.sql.BasicBinder      : binding parameter [13] as [VARCHAR] - [null]
2020-06-10 18:11:29.266 TRACE 55751 --- [    Test worker] o.h.type.descriptor.sql.BasicBinder      : binding parameter [14] as [VARCHAR] - [null]
2020-06-10 18:11:29.266 TRACE 55751 --- [    Test worker] o.h.type.descriptor.sql.BasicBinder      : binding parameter [15] as [BOOLEAN] - [false]
2020-06-10 18:11:29.266 TRACE 55751 --- [    Test worker] o.h.type.descriptor.sql.BasicBinder      : binding parameter [16] as [VARCHAR] - [null]
2020-06-10 18:11:29.266 TRACE 55751 --- [    Test worker] o.h.type.descriptor.sql.BasicBinder      : binding parameter [17] as [TIMESTAMP] - [null]
2020-06-10 18:11:29.266 TRACE 55751 --- [    Test worker] o.h.type.descriptor.sql.BasicBinder      : binding parameter [18] as [VARCHAR] - [null]
2020-06-10 18:11:29.267 TRACE 55751 --- [    Test worker] o.h.type.descriptor.sql.BasicBinder      : binding parameter [19] as [VARCHAR] - [null]
2020-06-10 18:11:29.267 TRACE 55751 --- [    Test worker] o.h.type.descriptor.sql.BasicBinder      : binding parameter [20] as [BOOLEAN] - [false]
2020-06-10 18:11:29.267 TRACE 55751 --- [    Test worker] o.h.type.descriptor.sql.BasicBinder      : binding parameter [21] as [TIMESTAMP] - [null]
2020-06-10 18:11:29.267 TRACE 55751 --- [    Test worker] o.h.type.descriptor.sql.BasicBinder      : binding parameter [22] as [VARCHAR] - [null]
2020-06-10 18:11:29.267 TRACE 55751 --- [    Test worker] o.h.type.descriptor.sql.BasicBinder      : binding parameter [23] as [TIMESTAMP] - [null]
2020-06-10 18:11:29.267 TRACE 55751 --- [    Test worker] o.h.type.descriptor.sql.BasicBinder      : binding parameter [24] as [BIGINT] - [null]
2020-06-10 18:11:29.267 TRACE 55751 --- [    Test worker] o.h.type.descriptor.sql.BasicBinder      : binding parameter [25] as [VARCHAR] - [null]
2020-06-10 18:11:29.267 TRACE 55751 --- [    Test worker] o.h.type.descriptor.sql.BasicBinder      : binding parameter [26] as [VARCHAR] - [null]
2020-06-10 18:11:29.267 TRACE 55751 --- [    Test worker] o.h.type.descriptor.sql.BasicBinder      : binding parameter [27] as [VARCHAR] - [null]
2020-06-10 18:11:29.267 TRACE 55751 --- [    Test worker] o.h.type.descriptor.sql.BasicBinder      : binding parameter [28] as [VARCHAR] - [null]
2020-06-10 18:11:29.267 TRACE 55751 --- [    Test worker] o.h.type.descriptor.sql.BasicBinder      : binding parameter [29] as [DATE] - [null]
2020-06-10 18:11:29.267 TRACE 55751 --- [    Test worker] o.h.type.descriptor.sql.BasicBinder      : binding parameter [30] as [VARCHAR] - [null]
Hibernate: 
    insert 
    into
        yhteystieto
        (id, version, kieli, organisaatio_id, yhteystieto_oid, coordinatetype, extrarivi, lat, lng, maa, osavaltio, osoite, osoite_tyyppi, postinumero, postitoimipaikka, ytjpaivityspvm, dtype) 
    values
        (null, ?, ?, ?, ?, ?, ?, ?, ?, ?, ?, ?, ?, ?, ?, ?, 'Osoite')
2020-06-10 18:11:29.268 TRACE 55751 --- [    Test worker] o.h.type.descriptor.sql.BasicBinder      : binding parameter [1] as [BIGINT] - [0]
2020-06-10 18:11:29.268 TRACE 55751 --- [    Test worker] o.h.type.descriptor.sql.BasicBinder      : binding parameter [2] as [VARCHAR] - [null]
2020-06-10 18:11:29.268 TRACE 55751 --- [    Test worker] o.h.type.descriptor.sql.BasicBinder      : binding parameter [3] as [BIGINT] - [null]
2020-06-10 18:11:29.268 TRACE 55751 --- [    Test worker] o.h.type.descriptor.sql.BasicBinder      : binding parameter [4] as [VARCHAR] - [9c26e319-1d2d-40ec-a977-55095a6f98ab]
2020-06-10 18:11:29.268 TRACE 55751 --- [    Test worker] o.h.type.descriptor.sql.BasicBinder      : binding parameter [5] as [VARCHAR] - [null]
2020-06-10 18:11:29.268 TRACE 55751 --- [    Test worker] o.h.type.descriptor.sql.BasicBinder      : binding parameter [6] as [VARCHAR] - [null]
2020-06-10 18:11:29.268 TRACE 55751 --- [    Test worker] o.h.type.descriptor.sql.BasicBinder      : binding parameter [7] as [DOUBLE] - [null]
2020-06-10 18:11:29.268 TRACE 55751 --- [    Test worker] o.h.type.descriptor.sql.BasicBinder      : binding parameter [8] as [DOUBLE] - [null]
2020-06-10 18:11:29.268 TRACE 55751 --- [    Test worker] o.h.type.descriptor.sql.BasicBinder      : binding parameter [9] as [VARCHAR] - [null]
2020-06-10 18:11:29.268 TRACE 55751 --- [    Test worker] o.h.type.descriptor.sql.BasicBinder      : binding parameter [10] as [VARCHAR] - [null]
2020-06-10 18:11:29.268 TRACE 55751 --- [    Test worker] o.h.type.descriptor.sql.BasicBinder      : binding parameter [11] as [VARCHAR] - [katu]
2020-06-10 18:11:29.268 TRACE 55751 --- [    Test worker] o.h.type.descriptor.sql.BasicBinder      : binding parameter [12] as [VARCHAR] - [kaynti]
2020-06-10 18:11:29.268 TRACE 55751 --- [    Test worker] o.h.type.descriptor.sql.BasicBinder      : binding parameter [13] as [VARCHAR] - [0000]
2020-06-10 18:11:29.268 TRACE 55751 --- [    Test worker] o.h.type.descriptor.sql.BasicBinder      : binding parameter [14] as [VARCHAR] - [Helsinki]
2020-06-10 18:11:29.268 TRACE 55751 --- [    Test worker] o.h.type.descriptor.sql.BasicBinder      : binding parameter [15] as [DATE] - [null]
Hibernate: 
    update
        organisaatio 
    set
        version=?,
        alkupvm=?,
        domainnimi=?,
        kotipaikka=?,
        kuvaus_mkt=?,
        lakkautuspvm=?,
        maa=?,
        metadata_id=?,
        nimi_mkt=?,
        nimihaku=?,
        oid=?,
        opetuspisteenjarjnro=?,
        oppilaitoskoodi=?,
        oppilaitos_tyyppi=?,
        organisaatio_poistettu=?,
        paivittaja=?,
        paivityspvm=?,
        parentidpath=?,
        parentoidpath=?,
        piilotettu=?,
        tarkastus_pvm=?,
        toimipistekoodi=?,
        tuontipvm=?,
        varhaiskasvatuksen_toimipaikka_tiedot_id=?,
        virastotunnus=?,
        yhteishaunkoulukoodi=?,
        yritysmuoto=?,
        ytj_kieli=?,
        ytjpaivityspvm=?,
        ytunnus=? 
    where
        id=? 
        and version=?
2020-06-10 18:11:29.275 TRACE 55751 --- [    Test worker] o.h.type.descriptor.sql.BasicBinder      : binding parameter [1] as [BIGINT] - [1]
2020-06-10 18:11:29.275 TRACE 55751 --- [    Test worker] o.h.type.descriptor.sql.BasicBinder      : binding parameter [2] as [DATE] - [null]
2020-06-10 18:11:29.275 TRACE 55751 --- [    Test worker] o.h.type.descriptor.sql.BasicBinder      : binding parameter [3] as [VARCHAR] - [null]
2020-06-10 18:11:29.275 TRACE 55751 --- [    Test worker] o.h.type.descriptor.sql.BasicBinder      : binding parameter [4] as [VARCHAR] - [null]
2020-06-10 18:11:29.275 TRACE 55751 --- [    Test worker] o.h.type.descriptor.sql.BasicBinder      : binding parameter [5] as [BIGINT] - [null]
2020-06-10 18:11:29.275 TRACE 55751 --- [    Test worker] o.h.type.descriptor.sql.BasicBinder      : binding parameter [6] as [DATE] - [null]
2020-06-10 18:11:29.275 TRACE 55751 --- [    Test worker] o.h.type.descriptor.sql.BasicBinder      : binding parameter [7] as [VARCHAR] - [null]
2020-06-10 18:11:29.275 TRACE 55751 --- [    Test worker] o.h.type.descriptor.sql.BasicBinder      : binding parameter [8] as [BIGINT] - [null]
2020-06-10 18:11:29.275 TRACE 55751 --- [    Test worker] o.h.type.descriptor.sql.BasicBinder      : binding parameter [9] as [BIGINT] - [32]
2020-06-10 18:11:29.275 TRACE 55751 --- [    Test worker] o.h.type.descriptor.sql.BasicBinder      : binding parameter [10] as [VARCHAR] - [null]
2020-06-10 18:11:29.275 TRACE 55751 --- [    Test worker] o.h.type.descriptor.sql.BasicBinder      : binding parameter [11] as [VARCHAR] - [-4962768465676381896]
2020-06-10 18:11:29.275 TRACE 55751 --- [    Test worker] o.h.type.descriptor.sql.BasicBinder      : binding parameter [12] as [VARCHAR] - [null]
2020-06-10 18:11:29.275 TRACE 55751 --- [    Test worker] o.h.type.descriptor.sql.BasicBinder      : binding parameter [13] as [VARCHAR] - [null]
2020-06-10 18:11:29.275 TRACE 55751 --- [    Test worker] o.h.type.descriptor.sql.BasicBinder      : binding parameter [14] as [VARCHAR] - [null]
2020-06-10 18:11:29.275 TRACE 55751 --- [    Test worker] o.h.type.descriptor.sql.BasicBinder      : binding parameter [15] as [BOOLEAN] - [false]
2020-06-10 18:11:29.275 TRACE 55751 --- [    Test worker] o.h.type.descriptor.sql.BasicBinder      : binding parameter [16] as [VARCHAR] - [null]
2020-06-10 18:11:29.275 TRACE 55751 --- [    Test worker] o.h.type.descriptor.sql.BasicBinder      : binding parameter [17] as [TIMESTAMP] - [Wed Jun 10 18:11:29 EEST 2020]
2020-06-10 18:11:29.275 TRACE 55751 --- [    Test worker] o.h.type.descriptor.sql.BasicBinder      : binding parameter [18] as [VARCHAR] - [null]
2020-06-10 18:11:29.275 TRACE 55751 --- [    Test worker] o.h.type.descriptor.sql.BasicBinder      : binding parameter [19] as [VARCHAR] - [null]
2020-06-10 18:11:29.275 TRACE 55751 --- [    Test worker] o.h.type.descriptor.sql.BasicBinder      : binding parameter [20] as [BOOLEAN] - [false]
2020-06-10 18:11:29.275 TRACE 55751 --- [    Test worker] o.h.type.descriptor.sql.BasicBinder      : binding parameter [21] as [TIMESTAMP] - [null]
2020-06-10 18:11:29.275 TRACE 55751 --- [    Test worker] o.h.type.descriptor.sql.BasicBinder      : binding parameter [22] as [VARCHAR] - [null]
2020-06-10 18:11:29.275 TRACE 55751 --- [    Test worker] o.h.type.descriptor.sql.BasicBinder      : binding parameter [23] as [TIMESTAMP] - [null]
2020-06-10 18:11:29.275 TRACE 55751 --- [    Test worker] o.h.type.descriptor.sql.BasicBinder      : binding parameter [24] as [BIGINT] - [null]
2020-06-10 18:11:29.275 TRACE 55751 --- [    Test worker] o.h.type.descriptor.sql.BasicBinder      : binding parameter [25] as [VARCHAR] - [null]
2020-06-10 18:11:29.276 TRACE 55751 --- [    Test worker] o.h.type.descriptor.sql.BasicBinder      : binding parameter [26] as [VARCHAR] - [null]
2020-06-10 18:11:29.276 TRACE 55751 --- [    Test worker] o.h.type.descriptor.sql.BasicBinder      : binding parameter [27] as [VARCHAR] - [null]
2020-06-10 18:11:29.276 TRACE 55751 --- [    Test worker] o.h.type.descriptor.sql.BasicBinder      : binding parameter [28] as [VARCHAR] - [null]
2020-06-10 18:11:29.276 TRACE 55751 --- [    Test worker] o.h.type.descriptor.sql.BasicBinder      : binding parameter [29] as [DATE] - [null]
2020-06-10 18:11:29.276 TRACE 55751 --- [    Test worker] o.h.type.descriptor.sql.BasicBinder      : binding parameter [30] as [VARCHAR] - [null]
2020-06-10 18:11:29.276 TRACE 55751 --- [    Test worker] o.h.type.descriptor.sql.BasicBinder      : binding parameter [31] as [BIGINT] - [38]
2020-06-10 18:11:29.276 TRACE 55751 --- [    Test worker] o.h.type.descriptor.sql.BasicBinder      : binding parameter [32] as [BIGINT] - [0]
Hibernate: 
    update
        organisaatio 
    set
        version=?,
        alkupvm=?,
        domainnimi=?,
        kotipaikka=?,
        kuvaus_mkt=?,
        lakkautuspvm=?,
        maa=?,
        metadata_id=?,
        nimi_mkt=?,
        nimihaku=?,
        oid=?,
        opetuspisteenjarjnro=?,
        oppilaitoskoodi=?,
        oppilaitos_tyyppi=?,
        organisaatio_poistettu=?,
        paivittaja=?,
        paivityspvm=?,
        parentidpath=?,
        parentoidpath=?,
        piilotettu=?,
        tarkastus_pvm=?,
        toimipistekoodi=?,
        tuontipvm=?,
        varhaiskasvatuksen_toimipaikka_tiedot_id=?,
        virastotunnus=?,
        yhteishaunkoulukoodi=?,
        yritysmuoto=?,
        ytj_kieli=?,
        ytjpaivityspvm=?,
        ytunnus=? 
    where
        id=? 
        and version=?
2020-06-10 18:11:29.276 TRACE 55751 --- [    Test worker] o.h.type.descriptor.sql.BasicBinder      : binding parameter [1] as [BIGINT] - [1]
2020-06-10 18:11:29.276 TRACE 55751 --- [    Test worker] o.h.type.descriptor.sql.BasicBinder      : binding parameter [2] as [DATE] - [null]
2020-06-10 18:11:29.276 TRACE 55751 --- [    Test worker] o.h.type.descriptor.sql.BasicBinder      : binding parameter [3] as [VARCHAR] - [null]
2020-06-10 18:11:29.276 TRACE 55751 --- [    Test worker] o.h.type.descriptor.sql.BasicBinder      : binding parameter [4] as [VARCHAR] - [null]
2020-06-10 18:11:29.277 TRACE 55751 --- [    Test worker] o.h.type.descriptor.sql.BasicBinder      : binding parameter [5] as [BIGINT] - [null]
2020-06-10 18:11:29.277 TRACE 55751 --- [    Test worker] o.h.type.descriptor.sql.BasicBinder      : binding parameter [6] as [DATE] - [null]
2020-06-10 18:11:29.277 TRACE 55751 --- [    Test worker] o.h.type.descriptor.sql.BasicBinder      : binding parameter [7] as [VARCHAR] - [null]
2020-06-10 18:11:29.277 TRACE 55751 --- [    Test worker] o.h.type.descriptor.sql.BasicBinder      : binding parameter [8] as [BIGINT] - [null]
2020-06-10 18:11:29.277 TRACE 55751 --- [    Test worker] o.h.type.descriptor.sql.BasicBinder      : binding parameter [9] as [BIGINT] - [33]
2020-06-10 18:11:29.277 TRACE 55751 --- [    Test worker] o.h.type.descriptor.sql.BasicBinder      : binding parameter [10] as [VARCHAR] - [null]
2020-06-10 18:11:29.277 TRACE 55751 --- [    Test worker] o.h.type.descriptor.sql.BasicBinder      : binding parameter [11] as [VARCHAR] - [4437113781045784766]
2020-06-10 18:11:29.277 TRACE 55751 --- [    Test worker] o.h.type.descriptor.sql.BasicBinder      : binding parameter [12] as [VARCHAR] - [null]
2020-06-10 18:11:29.277 TRACE 55751 --- [    Test worker] o.h.type.descriptor.sql.BasicBinder      : binding parameter [13] as [VARCHAR] - [null]
2020-06-10 18:11:29.277 TRACE 55751 --- [    Test worker] o.h.type.descriptor.sql.BasicBinder      : binding parameter [14] as [VARCHAR] - [null]
2020-06-10 18:11:29.277 TRACE 55751 --- [    Test worker] o.h.type.descriptor.sql.BasicBinder      : binding parameter [15] as [BOOLEAN] - [false]
2020-06-10 18:11:29.277 TRACE 55751 --- [    Test worker] o.h.type.descriptor.sql.BasicBinder      : binding parameter [16] as [VARCHAR] - [null]
2020-06-10 18:11:29.277 TRACE 55751 --- [    Test worker] o.h.type.descriptor.sql.BasicBinder      : binding parameter [17] as [TIMESTAMP] - [Wed Jun 10 18:11:29 EEST 2020]
2020-06-10 18:11:29.277 TRACE 55751 --- [    Test worker] o.h.type.descriptor.sql.BasicBinder      : binding parameter [18] as [VARCHAR] - [null]
2020-06-10 18:11:29.277 TRACE 55751 --- [    Test worker] o.h.type.descriptor.sql.BasicBinder      : binding parameter [19] as [VARCHAR] - [null]
2020-06-10 18:11:29.277 TRACE 55751 --- [    Test worker] o.h.type.descriptor.sql.BasicBinder      : binding parameter [20] as [BOOLEAN] - [false]
2020-06-10 18:11:29.277 TRACE 55751 --- [    Test worker] o.h.type.descriptor.sql.BasicBinder      : binding parameter [21] as [TIMESTAMP] - [null]
2020-06-10 18:11:29.277 TRACE 55751 --- [    Test worker] o.h.type.descriptor.sql.BasicBinder      : binding parameter [22] as [VARCHAR] - [null]
2020-06-10 18:11:29.277 TRACE 55751 --- [    Test worker] o.h.type.descriptor.sql.BasicBinder      : binding parameter [23] as [TIMESTAMP] - [null]
2020-06-10 18:11:29.277 TRACE 55751 --- [    Test worker] o.h.type.descriptor.sql.BasicBinder      : binding parameter [24] as [BIGINT] - [null]
2020-06-10 18:11:29.277 TRACE 55751 --- [    Test worker] o.h.type.descriptor.sql.BasicBinder      : binding parameter [25] as [VARCHAR] - [null]
2020-06-10 18:11:29.277 TRACE 55751 --- [    Test worker] o.h.type.descriptor.sql.BasicBinder      : binding parameter [26] as [VARCHAR] - [null]
2020-06-10 18:11:29.277 TRACE 55751 --- [    Test worker] o.h.type.descriptor.sql.BasicBinder      : binding parameter [27] as [VARCHAR] - [null]
2020-06-10 18:11:29.277 TRACE 55751 --- [    Test worker] o.h.type.descriptor.sql.BasicBinder      : binding parameter [28] as [VARCHAR] - [null]
2020-06-10 18:11:29.277 TRACE 55751 --- [    Test worker] o.h.type.descriptor.sql.BasicBinder      : binding parameter [29] as [DATE] - [null]
2020-06-10 18:11:29.278 TRACE 55751 --- [    Test worker] o.h.type.descriptor.sql.BasicBinder      : binding parameter [30] as [VARCHAR] - [null]
2020-06-10 18:11:29.278 TRACE 55751 --- [    Test worker] o.h.type.descriptor.sql.BasicBinder      : binding parameter [31] as [BIGINT] - [39]
2020-06-10 18:11:29.278 TRACE 55751 --- [    Test worker] o.h.type.descriptor.sql.BasicBinder      : binding parameter [32] as [BIGINT] - [0]
Hibernate: 
    insert 
    into
        organisaatio_tyypit
        (organisaatio_id, tyypit) 
    values
        (?, ?)
2020-06-10 18:11:29.278 TRACE 55751 --- [    Test worker] o.h.type.descriptor.sql.BasicBinder      : binding parameter [1] as [BIGINT] - [38]
2020-06-10 18:11:29.278 TRACE 55751 --- [    Test worker] o.h.type.descriptor.sql.BasicBinder      : binding parameter [2] as [VARCHAR] - [organisaatiotyyppi_02]
Hibernate: 
    insert 
    into
        monikielinen_teksti_values
        (id, key, value) 
    values
        (?, ?, ?)
2020-06-10 18:11:29.279 TRACE 55751 --- [    Test worker] o.h.type.descriptor.sql.BasicBinder      : binding parameter [1] as [BIGINT] - [32]
2020-06-10 18:11:29.279 TRACE 55751 --- [    Test worker] o.h.type.descriptor.sql.BasicBinder      : binding parameter [2] as [VARCHAR] - [FI]
2020-06-10 18:11:29.279 TRACE 55751 --- [    Test worker] o.h.type.descriptor.sql.BasicBinder      : binding parameter [3] as [VARCHAR] - [A]
Hibernate: 
    insert 
    into
        monikielinen_teksti_values
        (id, key, value) 
    values
        (?, ?, ?)
2020-06-10 18:11:29.279 TRACE 55751 --- [    Test worker] o.h.type.descriptor.sql.BasicBinder      : binding parameter [1] as [BIGINT] - [33]
2020-06-10 18:11:29.279 TRACE 55751 --- [    Test worker] o.h.type.descriptor.sql.BasicBinder      : binding parameter [2] as [VARCHAR] - [FI]
2020-06-10 18:11:29.279 TRACE 55751 --- [    Test worker] o.h.type.descriptor.sql.BasicBinder      : binding parameter [3] as [VARCHAR] - [B]
Hibernate: 
    select
        distinct organisaat0_.id as id1_5_,
        organisaat0_.version as version2_5_,
        organisaat0_.alkupvm as alkupvm3_5_,
        organisaat0_.domainnimi as domainni4_5_,
        organisaat0_.kotipaikka as kotipaik5_5_,
        organisaat0_.kuvaus_mkt as kuvaus_28_5_,
        organisaat0_.lakkautuspvm as lakkautu6_5_,
        organisaat0_.maa as maa7_5_,
        organisaat0_.metadata_id as metadat29_5_,
        organisaat0_.nimi_mkt as nimi_mk30_5_,
        organisaat0_.nimihaku as nimihaku8_5_,
        organisaat0_.oid as oid9_5_,
        organisaat0_.opetuspisteenjarjnro as opetusp10_5_,
        organisaat0_.oppilaitoskoodi as oppilai11_5_,
        organisaat0_.oppilaitos_tyyppi as oppilai12_5_,
        organisaat0_.organisaatio_poistettu as organis13_5_,
        organisaat0_.paivittaja as paivitt14_5_,
        organisaat0_.paivityspvm as paivity15_5_,
        organisaat0_.parentidpath as parenti16_5_,
        organisaat0_.parentoidpath as parento17_5_,
        organisaat0_.piilotettu as piilote18_5_,
        organisaat0_.tarkastus_pvm as tarkast19_5_,
        organisaat0_.toimipistekoodi as toimipi20_5_,
        organisaat0_.tuontipvm as tuontip21_5_,
        organisaat0_.varhaiskasvatuksen_toimipaikka_tiedot_id as varhais31_5_,
        organisaat0_.virastotunnus as virasto22_5_,
        organisaat0_.yhteishaunkoulukoodi as yhteish23_5_,
        organisaat0_.yritysmuoto as yritysm24_5_,
        organisaat0_.ytj_kieli as ytj_kie25_5_,
        organisaat0_.ytjpaivityspvm as ytjpaiv26_5_,
        organisaat0_.ytunnus as ytunnus27_5_ 
    from
        organisaatio organisaat0_ 
    where
        organisaat0_.paivityspvm>? 
        and (
            exists (
                select
                    1 
                from
                    organisaatio organisaat1_ 
                inner join
                    organisaatio_tyypit tyypit2_ 
                        on organisaat1_.id=tyypit2_.organisaatio_id 
                where
                    organisaat1_.id=organisaat0_.id 
                    and tyypit2_.tyypit=?
            )
        )
2020-06-10 18:11:29.280 TRACE 55751 --- [    Test worker] o.h.type.descriptor.sql.BasicBinder      : binding parameter [1] as [TIMESTAMP] - [Wed Jun 10 18:11:29 EEST 2020]
2020-06-10 18:11:29.280 TRACE 55751 --- [    Test worker] o.h.type.descriptor.sql.BasicBinder      : binding parameter [2] as [VARCHAR] - [organisaatiotyyppi_02]
2020-06-10 18:11:29.280 TRACE 55751 --- [    Test worker] o.h.type.descriptor.sql.BasicExtractor   : extracted value ([id1_5_] : [BIGINT]) - [38]
2020-06-10 18:11:29.283  INFO 55751 --- [    Test worker] o.s.t.c.transaction.TransactionContext   : Rolled back transaction for test: [DefaultTestContext@5416d980 testClass = OrganisaatioRepositoryImplTest, testInstance = fi.vm.sade.organisaatio.repository.OrganisaatioRepositoryImplTest@48c7d068, testMethod = findModifedSinceLimitsByOrganizationType@OrganisaatioRepositoryImplTest, testException = [null], mergedContextConfiguration = [WebMergedContextConfiguration@a27a101 testClass = OrganisaatioRepositoryImplTest, locations = '{}', classes = '{class fi.vm.sade.organisaatio.OrganisaatioApplication}', contextInitializerClasses = '[]', activeProfiles = '{}', propertySourceLocations = '{}', propertySourceProperties = '{org.springframework.boot.test.context.SpringBootTestContextBootstrapper=true}', contextCustomizers = set[org.springframework.boot.test.autoconfigure.properties.PropertyMappingContextCustomizer@a273518a, org.springframework.boot.test.autoconfigure.web.servlet.WebDriverContextCustomizerFactory$Customizer@25a95d7a, [ImportsContextCustomizer@243b4350 key = [org.springframework.boot.test.autoconfigure.jdbc.TestDatabaseAutoConfiguration, org.springframework.boot.autoconfigure.jdbc.DataSourceAutoConfiguration]], org.springframework.boot.test.context.filter.ExcludeFilterContextCustomizer@33d60c3d, org.springframework.boot.test.json.DuplicateJsonObjectContextCustomizerFactory$DuplicateJsonObjectContextCustomizer@6943770e, org.springframework.boot.test.mock.mockito.MockitoContextCustomizer@0, org.springframework.boot.test.web.client.TestRestTemplateContextCustomizer@536042e6, org.springframework.boot.test.context.SpringBootTestArgs@1], resourceBasePath = 'src/main/webapp', contextLoader = 'org.springframework.boot.test.context.SpringBootContextLoader', parent = [null]], attributes = map['org.springframework.test.context.web.ServletTestExecutionListener.activateListener' -> true, 'org.springframework.test.context.web.ServletTestExecutionListener.populatedRequestContextHolder' -> true, 'org.springframework.test.context.web.ServletTestExecutionListener.resetRequestContextHolder' -> true]]
2020-06-10 18:11:29.284  INFO 55751 --- [    Test worker] o.s.t.c.transaction.TransactionContext   : Began transaction (1) for test context [DefaultTestContext@5416d980 testClass = OrganisaatioRepositoryImplTest, testInstance = fi.vm.sade.organisaatio.repository.OrganisaatioRepositoryImplTest@7762213a, testMethod = findModifedSinceIncludesDiscontinuedInTheFuture@OrganisaatioRepositoryImplTest, testException = [null], mergedContextConfiguration = [WebMergedContextConfiguration@a27a101 testClass = OrganisaatioRepositoryImplTest, locations = '{}', classes = '{class fi.vm.sade.organisaatio.OrganisaatioApplication}', contextInitializerClasses = '[]', activeProfiles = '{}', propertySourceLocations = '{}', propertySourceProperties = '{org.springframework.boot.test.context.SpringBootTestContextBootstrapper=true}', contextCustomizers = set[org.springframework.boot.test.autoconfigure.properties.PropertyMappingContextCustomizer@a273518a, org.springframework.boot.test.autoconfigure.web.servlet.WebDriverContextCustomizerFactory$Customizer@25a95d7a, [ImportsContextCustomizer@243b4350 key = [org.springframework.boot.test.autoconfigure.jdbc.TestDatabaseAutoConfiguration, org.springframework.boot.autoconfigure.jdbc.DataSourceAutoConfiguration]], org.springframework.boot.test.context.filter.ExcludeFilterContextCustomizer@33d60c3d, org.springframework.boot.test.json.DuplicateJsonObjectContextCustomizerFactory$DuplicateJsonObjectContextCustomizer@6943770e, org.springframework.boot.test.mock.mockito.MockitoContextCustomizer@0, org.springframework.boot.test.web.client.TestRestTemplateContextCustomizer@536042e6, org.springframework.boot.test.context.SpringBootTestArgs@1], resourceBasePath = 'src/main/webapp', contextLoader = 'org.springframework.boot.test.context.SpringBootContextLoader', parent = [null]], attributes = map['org.springframework.test.context.web.ServletTestExecutionListener.activateListener' -> true, 'org.springframework.test.context.web.ServletTestExecutionListener.populatedRequestContextHolder' -> true, 'org.springframework.test.context.web.ServletTestExecutionListener.resetRequestContextHolder' -> true]]; transaction manager [org.springframework.orm.jpa.JpaTransactionManager@af9fb3]; rollback [true]
2020-06-10 18:11:29.285  INFO 55751 --- [    Test worker] f.v.s.o.r.OrganisaatioRepositoryImplTest : createOrganisaatio(A)
Hibernate: 
    insert 
    into
        monikielinen_teksti
        (id, version) 
    values
        (null, ?)
2020-06-10 18:11:29.286 TRACE 55751 --- [    Test worker] o.h.type.descriptor.sql.BasicBinder      : binding parameter [1] as [BIGINT] - [0]
Hibernate: 
    insert 
    into
        organisaatio
        (id, version, alkupvm, domainnimi, kotipaikka, kuvaus_mkt, lakkautuspvm, maa, metadata_id, nimi_mkt, nimihaku, oid, opetuspisteenjarjnro, oppilaitoskoodi, oppilaitos_tyyppi, organisaatio_poistettu, paivittaja, paivityspvm, parentidpath, parentoidpath, piilotettu, tarkastus_pvm, toimipistekoodi, tuontipvm, varhaiskasvatuksen_toimipaikka_tiedot_id, virastotunnus, yhteishaunkoulukoodi, yritysmuoto, ytj_kieli, ytjpaivityspvm, ytunnus) 
    values
        (null, ?, ?, ?, ?, ?, ?, ?, ?, ?, ?, ?, ?, ?, ?, ?, ?, ?, ?, ?, ?, ?, ?, ?, ?, ?, ?, ?, ?, ?, ?)
2020-06-10 18:11:29.286 TRACE 55751 --- [    Test worker] o.h.type.descriptor.sql.BasicBinder      : binding parameter [1] as [BIGINT] - [0]
2020-06-10 18:11:29.286 TRACE 55751 --- [    Test worker] o.h.type.descriptor.sql.BasicBinder      : binding parameter [2] as [DATE] - [null]
2020-06-10 18:11:29.286 TRACE 55751 --- [    Test worker] o.h.type.descriptor.sql.BasicBinder      : binding parameter [3] as [VARCHAR] - [null]
2020-06-10 18:11:29.286 TRACE 55751 --- [    Test worker] o.h.type.descriptor.sql.BasicBinder      : binding parameter [4] as [VARCHAR] - [null]
2020-06-10 18:11:29.286 TRACE 55751 --- [    Test worker] o.h.type.descriptor.sql.BasicBinder      : binding parameter [5] as [BIGINT] - [null]
2020-06-10 18:11:29.286 TRACE 55751 --- [    Test worker] o.h.type.descriptor.sql.BasicBinder      : binding parameter [6] as [DATE] - [null]
2020-06-10 18:11:29.286 TRACE 55751 --- [    Test worker] o.h.type.descriptor.sql.BasicBinder      : binding parameter [7] as [VARCHAR] - [null]
2020-06-10 18:11:29.286 TRACE 55751 --- [    Test worker] o.h.type.descriptor.sql.BasicBinder      : binding parameter [8] as [BIGINT] - [null]
2020-06-10 18:11:29.286 TRACE 55751 --- [    Test worker] o.h.type.descriptor.sql.BasicBinder      : binding parameter [9] as [BIGINT] - [34]
2020-06-10 18:11:29.286 TRACE 55751 --- [    Test worker] o.h.type.descriptor.sql.BasicBinder      : binding parameter [10] as [VARCHAR] - [null]
2020-06-10 18:11:29.286 TRACE 55751 --- [    Test worker] o.h.type.descriptor.sql.BasicBinder      : binding parameter [11] as [VARCHAR] - [-4962768465676381896]
2020-06-10 18:11:29.286 TRACE 55751 --- [    Test worker] o.h.type.descriptor.sql.BasicBinder      : binding parameter [12] as [VARCHAR] - [null]
2020-06-10 18:11:29.286 TRACE 55751 --- [    Test worker] o.h.type.descriptor.sql.BasicBinder      : binding parameter [13] as [VARCHAR] - [null]
2020-06-10 18:11:29.286 TRACE 55751 --- [    Test worker] o.h.type.descriptor.sql.BasicBinder      : binding parameter [14] as [VARCHAR] - [null]
2020-06-10 18:11:29.286 TRACE 55751 --- [    Test worker] o.h.type.descriptor.sql.BasicBinder      : binding parameter [15] as [BOOLEAN] - [false]
2020-06-10 18:11:29.286 TRACE 55751 --- [    Test worker] o.h.type.descriptor.sql.BasicBinder      : binding parameter [16] as [VARCHAR] - [null]
2020-06-10 18:11:29.286 TRACE 55751 --- [    Test worker] o.h.type.descriptor.sql.BasicBinder      : binding parameter [17] as [TIMESTAMP] - [null]
2020-06-10 18:11:29.286 TRACE 55751 --- [    Test worker] o.h.type.descriptor.sql.BasicBinder      : binding parameter [18] as [VARCHAR] - [null]
2020-06-10 18:11:29.286 TRACE 55751 --- [    Test worker] o.h.type.descriptor.sql.BasicBinder      : binding parameter [19] as [VARCHAR] - [null]
2020-06-10 18:11:29.287 TRACE 55751 --- [    Test worker] o.h.type.descriptor.sql.BasicBinder      : binding parameter [20] as [BOOLEAN] - [false]
2020-06-10 18:11:29.287 TRACE 55751 --- [    Test worker] o.h.type.descriptor.sql.BasicBinder      : binding parameter [21] as [TIMESTAMP] - [null]
2020-06-10 18:11:29.287 TRACE 55751 --- [    Test worker] o.h.type.descriptor.sql.BasicBinder      : binding parameter [22] as [VARCHAR] - [null]
2020-06-10 18:11:29.287 TRACE 55751 --- [    Test worker] o.h.type.descriptor.sql.BasicBinder      : binding parameter [23] as [TIMESTAMP] - [null]
2020-06-10 18:11:29.287 TRACE 55751 --- [    Test worker] o.h.type.descriptor.sql.BasicBinder      : binding parameter [24] as [BIGINT] - [null]
2020-06-10 18:11:29.287 TRACE 55751 --- [    Test worker] o.h.type.descriptor.sql.BasicBinder      : binding parameter [25] as [VARCHAR] - [null]
2020-06-10 18:11:29.287 TRACE 55751 --- [    Test worker] o.h.type.descriptor.sql.BasicBinder      : binding parameter [26] as [VARCHAR] - [null]
2020-06-10 18:11:29.287 TRACE 55751 --- [    Test worker] o.h.type.descriptor.sql.BasicBinder      : binding parameter [27] as [VARCHAR] - [null]
2020-06-10 18:11:29.287 TRACE 55751 --- [    Test worker] o.h.type.descriptor.sql.BasicBinder      : binding parameter [28] as [VARCHAR] - [null]
2020-06-10 18:11:29.287 TRACE 55751 --- [    Test worker] o.h.type.descriptor.sql.BasicBinder      : binding parameter [29] as [DATE] - [null]
2020-06-10 18:11:29.287 TRACE 55751 --- [    Test worker] o.h.type.descriptor.sql.BasicBinder      : binding parameter [30] as [VARCHAR] - [null]
Hibernate: 
    insert 
    into
        yhteystieto
        (id, version, kieli, organisaatio_id, yhteystieto_oid, coordinatetype, extrarivi, lat, lng, maa, osavaltio, osoite, osoite_tyyppi, postinumero, postitoimipaikka, ytjpaivityspvm, dtype) 
    values
        (null, ?, ?, ?, ?, ?, ?, ?, ?, ?, ?, ?, ?, ?, ?, ?, 'Osoite')
2020-06-10 18:11:29.287 TRACE 55751 --- [    Test worker] o.h.type.descriptor.sql.BasicBinder      : binding parameter [1] as [BIGINT] - [0]
2020-06-10 18:11:29.287 TRACE 55751 --- [    Test worker] o.h.type.descriptor.sql.BasicBinder      : binding parameter [2] as [VARCHAR] - [null]
2020-06-10 18:11:29.287 TRACE 55751 --- [    Test worker] o.h.type.descriptor.sql.BasicBinder      : binding parameter [3] as [BIGINT] - [null]
2020-06-10 18:11:29.287 TRACE 55751 --- [    Test worker] o.h.type.descriptor.sql.BasicBinder      : binding parameter [4] as [VARCHAR] - [0dda66f9-0be2-4b40-ae88-f334537ab770]
2020-06-10 18:11:29.287 TRACE 55751 --- [    Test worker] o.h.type.descriptor.sql.BasicBinder      : binding parameter [5] as [VARCHAR] - [null]
2020-06-10 18:11:29.287 TRACE 55751 --- [    Test worker] o.h.type.descriptor.sql.BasicBinder      : binding parameter [6] as [VARCHAR] - [null]
2020-06-10 18:11:29.287 TRACE 55751 --- [    Test worker] o.h.type.descriptor.sql.BasicBinder      : binding parameter [7] as [DOUBLE] - [null]
2020-06-10 18:11:29.288 TRACE 55751 --- [    Test worker] o.h.type.descriptor.sql.BasicBinder      : binding parameter [8] as [DOUBLE] - [null]
2020-06-10 18:11:29.288 TRACE 55751 --- [    Test worker] o.h.type.descriptor.sql.BasicBinder      : binding parameter [9] as [VARCHAR] - [null]
2020-06-10 18:11:29.288 TRACE 55751 --- [    Test worker] o.h.type.descriptor.sql.BasicBinder      : binding parameter [10] as [VARCHAR] - [null]
2020-06-10 18:11:29.288 TRACE 55751 --- [    Test worker] o.h.type.descriptor.sql.BasicBinder      : binding parameter [11] as [VARCHAR] - [katu]
2020-06-10 18:11:29.288 TRACE 55751 --- [    Test worker] o.h.type.descriptor.sql.BasicBinder      : binding parameter [12] as [VARCHAR] - [kaynti]
2020-06-10 18:11:29.288 TRACE 55751 --- [    Test worker] o.h.type.descriptor.sql.BasicBinder      : binding parameter [13] as [VARCHAR] - [0000]
2020-06-10 18:11:29.288 TRACE 55751 --- [    Test worker] o.h.type.descriptor.sql.BasicBinder      : binding parameter [14] as [VARCHAR] - [Helsinki]
2020-06-10 18:11:29.288 TRACE 55751 --- [    Test worker] o.h.type.descriptor.sql.BasicBinder      : binding parameter [15] as [DATE] - [null]
Hibernate: 
    update
        organisaatio 
    set
        version=?,
        alkupvm=?,
        domainnimi=?,
        kotipaikka=?,
        kuvaus_mkt=?,
        lakkautuspvm=?,
        maa=?,
        metadata_id=?,
        nimi_mkt=?,
        nimihaku=?,
        oid=?,
        opetuspisteenjarjnro=?,
        oppilaitoskoodi=?,
        oppilaitos_tyyppi=?,
        organisaatio_poistettu=?,
        paivittaja=?,
        paivityspvm=?,
        parentidpath=?,
        parentoidpath=?,
        piilotettu=?,
        tarkastus_pvm=?,
        toimipistekoodi=?,
        tuontipvm=?,
        varhaiskasvatuksen_toimipaikka_tiedot_id=?,
        virastotunnus=?,
        yhteishaunkoulukoodi=?,
        yritysmuoto=?,
        ytj_kieli=?,
        ytjpaivityspvm=?,
        ytunnus=? 
    where
        id=? 
        and version=?
2020-06-10 18:11:29.289 TRACE 55751 --- [    Test worker] o.h.type.descriptor.sql.BasicBinder      : binding parameter [1] as [BIGINT] - [1]
2020-06-10 18:11:29.289 TRACE 55751 --- [    Test worker] o.h.type.descriptor.sql.BasicBinder      : binding parameter [2] as [DATE] - [null]
2020-06-10 18:11:29.289 TRACE 55751 --- [    Test worker] o.h.type.descriptor.sql.BasicBinder      : binding parameter [3] as [VARCHAR] - [null]
2020-06-10 18:11:29.289 TRACE 55751 --- [    Test worker] o.h.type.descriptor.sql.BasicBinder      : binding parameter [4] as [VARCHAR] - [null]
2020-06-10 18:11:29.289 TRACE 55751 --- [    Test worker] o.h.type.descriptor.sql.BasicBinder      : binding parameter [5] as [BIGINT] - [null]
2020-06-10 18:11:29.289 TRACE 55751 --- [    Test worker] o.h.type.descriptor.sql.BasicBinder      : binding parameter [6] as [DATE] - [Thu Jun 11 00:00:00 EEST 2020]
2020-06-10 18:11:29.289 TRACE 55751 --- [    Test worker] o.h.type.descriptor.sql.BasicBinder      : binding parameter [7] as [VARCHAR] - [null]
2020-06-10 18:11:29.290 TRACE 55751 --- [    Test worker] o.h.type.descriptor.sql.BasicBinder      : binding parameter [8] as [BIGINT] - [null]
2020-06-10 18:11:29.290 TRACE 55751 --- [    Test worker] o.h.type.descriptor.sql.BasicBinder      : binding parameter [9] as [BIGINT] - [34]
2020-06-10 18:11:29.290 TRACE 55751 --- [    Test worker] o.h.type.descriptor.sql.BasicBinder      : binding parameter [10] as [VARCHAR] - [null]
2020-06-10 18:11:29.290 TRACE 55751 --- [    Test worker] o.h.type.descriptor.sql.BasicBinder      : binding parameter [11] as [VARCHAR] - [-4962768465676381896]
2020-06-10 18:11:29.290 TRACE 55751 --- [    Test worker] o.h.type.descriptor.sql.BasicBinder      : binding parameter [12] as [VARCHAR] - [null]
2020-06-10 18:11:29.290 TRACE 55751 --- [    Test worker] o.h.type.descriptor.sql.BasicBinder      : binding parameter [13] as [VARCHAR] - [null]
2020-06-10 18:11:29.290 TRACE 55751 --- [    Test worker] o.h.type.descriptor.sql.BasicBinder      : binding parameter [14] as [VARCHAR] - [null]
2020-06-10 18:11:29.290 TRACE 55751 --- [    Test worker] o.h.type.descriptor.sql.BasicBinder      : binding parameter [15] as [BOOLEAN] - [false]
2020-06-10 18:11:29.290 TRACE 55751 --- [    Test worker] o.h.type.descriptor.sql.BasicBinder      : binding parameter [16] as [VARCHAR] - [null]
2020-06-10 18:11:29.290 TRACE 55751 --- [    Test worker] o.h.type.descriptor.sql.BasicBinder      : binding parameter [17] as [TIMESTAMP] - [Wed Jun 10 18:11:29 EEST 2020]
2020-06-10 18:11:29.290 TRACE 55751 --- [    Test worker] o.h.type.descriptor.sql.BasicBinder      : binding parameter [18] as [VARCHAR] - [null]
2020-06-10 18:11:29.290 TRACE 55751 --- [    Test worker] o.h.type.descriptor.sql.BasicBinder      : binding parameter [19] as [VARCHAR] - [null]
2020-06-10 18:11:29.290 TRACE 55751 --- [    Test worker] o.h.type.descriptor.sql.BasicBinder      : binding parameter [20] as [BOOLEAN] - [false]
2020-06-10 18:11:29.290 TRACE 55751 --- [    Test worker] o.h.type.descriptor.sql.BasicBinder      : binding parameter [21] as [TIMESTAMP] - [null]
2020-06-10 18:11:29.290 TRACE 55751 --- [    Test worker] o.h.type.descriptor.sql.BasicBinder      : binding parameter [22] as [VARCHAR] - [null]
2020-06-10 18:11:29.290 TRACE 55751 --- [    Test worker] o.h.type.descriptor.sql.BasicBinder      : binding parameter [23] as [TIMESTAMP] - [null]
2020-06-10 18:11:29.290 TRACE 55751 --- [    Test worker] o.h.type.descriptor.sql.BasicBinder      : binding parameter [24] as [BIGINT] - [null]
2020-06-10 18:11:29.290 TRACE 55751 --- [    Test worker] o.h.type.descriptor.sql.BasicBinder      : binding parameter [25] as [VARCHAR] - [null]
2020-06-10 18:11:29.290 TRACE 55751 --- [    Test worker] o.h.type.descriptor.sql.BasicBinder      : binding parameter [26] as [VARCHAR] - [null]
2020-06-10 18:11:29.290 TRACE 55751 --- [    Test worker] o.h.type.descriptor.sql.BasicBinder      : binding parameter [27] as [VARCHAR] - [null]
2020-06-10 18:11:29.290 TRACE 55751 --- [    Test worker] o.h.type.descriptor.sql.BasicBinder      : binding parameter [28] as [VARCHAR] - [null]
2020-06-10 18:11:29.290 TRACE 55751 --- [    Test worker] o.h.type.descriptor.sql.BasicBinder      : binding parameter [29] as [DATE] - [null]
2020-06-10 18:11:29.290 TRACE 55751 --- [    Test worker] o.h.type.descriptor.sql.BasicBinder      : binding parameter [30] as [VARCHAR] - [null]
2020-06-10 18:11:29.290 TRACE 55751 --- [    Test worker] o.h.type.descriptor.sql.BasicBinder      : binding parameter [31] as [BIGINT] - [40]
2020-06-10 18:11:29.291 TRACE 55751 --- [    Test worker] o.h.type.descriptor.sql.BasicBinder      : binding parameter [32] as [BIGINT] - [0]
Hibernate: 
    insert 
    into
        monikielinen_teksti_values
        (id, key, value) 
    values
        (?, ?, ?)
2020-06-10 18:11:29.291 TRACE 55751 --- [    Test worker] o.h.type.descriptor.sql.BasicBinder      : binding parameter [1] as [BIGINT] - [34]
2020-06-10 18:11:29.291 TRACE 55751 --- [    Test worker] o.h.type.descriptor.sql.BasicBinder      : binding parameter [2] as [VARCHAR] - [FI]
2020-06-10 18:11:29.291 TRACE 55751 --- [    Test worker] o.h.type.descriptor.sql.BasicBinder      : binding parameter [3] as [VARCHAR] - [A]
Hibernate: 
    select
        distinct organisaat0_.id as id1_5_,
        organisaat0_.version as version2_5_,
        organisaat0_.alkupvm as alkupvm3_5_,
        organisaat0_.domainnimi as domainni4_5_,
        organisaat0_.kotipaikka as kotipaik5_5_,
        organisaat0_.kuvaus_mkt as kuvaus_28_5_,
        organisaat0_.lakkautuspvm as lakkautu6_5_,
        organisaat0_.maa as maa7_5_,
        organisaat0_.metadata_id as metadat29_5_,
        organisaat0_.nimi_mkt as nimi_mk30_5_,
        organisaat0_.nimihaku as nimihaku8_5_,
        organisaat0_.oid as oid9_5_,
        organisaat0_.opetuspisteenjarjnro as opetusp10_5_,
        organisaat0_.oppilaitoskoodi as oppilai11_5_,
        organisaat0_.oppilaitos_tyyppi as oppilai12_5_,
        organisaat0_.organisaatio_poistettu as organis13_5_,
        organisaat0_.paivittaja as paivitt14_5_,
        organisaat0_.paivityspvm as paivity15_5_,
        organisaat0_.parentidpath as parenti16_5_,
        organisaat0_.parentoidpath as parento17_5_,
        organisaat0_.piilotettu as piilote18_5_,
        organisaat0_.tarkastus_pvm as tarkast19_5_,
        organisaat0_.toimipistekoodi as toimipi20_5_,
        organisaat0_.tuontipvm as tuontip21_5_,
        organisaat0_.varhaiskasvatuksen_toimipaikka_tiedot_id as varhais31_5_,
        organisaat0_.virastotunnus as virasto22_5_,
        organisaat0_.yhteishaunkoulukoodi as yhteish23_5_,
        organisaat0_.yritysmuoto as yritysm24_5_,
        organisaat0_.ytj_kieli as ytj_kie25_5_,
        organisaat0_.ytjpaivityspvm as ytjpaiv26_5_,
        organisaat0_.ytunnus as ytunnus27_5_ 
    from
        organisaatio organisaat0_ 
    where
        organisaat0_.paivityspvm>? 
        and (
            organisaat0_.lakkautuspvm is null 
            or organisaat0_.lakkautuspvm>?
        )
2020-06-10 18:11:29.292 TRACE 55751 --- [    Test worker] o.h.type.descriptor.sql.BasicBinder      : binding parameter [1] as [TIMESTAMP] - [Wed Jun 10 18:11:29 EEST 2020]
2020-06-10 18:11:29.292 TRACE 55751 --- [    Test worker] o.h.type.descriptor.sql.BasicBinder      : binding parameter [2] as [DATE] - [Wed Jun 10 18:11:29 EEST 2020]
2020-06-10 18:11:29.292 TRACE 55751 --- [    Test worker] o.h.type.descriptor.sql.BasicExtractor   : extracted value ([id1_5_] : [BIGINT]) - [40]
2020-06-10 18:11:29.295  INFO 55751 --- [    Test worker] o.s.t.c.transaction.TransactionContext   : Rolled back transaction for test: [DefaultTestContext@5416d980 testClass = OrganisaatioRepositoryImplTest, testInstance = fi.vm.sade.organisaatio.repository.OrganisaatioRepositoryImplTest@7762213a, testMethod = findModifedSinceIncludesDiscontinuedInTheFuture@OrganisaatioRepositoryImplTest, testException = [null], mergedContextConfiguration = [WebMergedContextConfiguration@a27a101 testClass = OrganisaatioRepositoryImplTest, locations = '{}', classes = '{class fi.vm.sade.organisaatio.OrganisaatioApplication}', contextInitializerClasses = '[]', activeProfiles = '{}', propertySourceLocations = '{}', propertySourceProperties = '{org.springframework.boot.test.context.SpringBootTestContextBootstrapper=true}', contextCustomizers = set[org.springframework.boot.test.autoconfigure.properties.PropertyMappingContextCustomizer@a273518a, org.springframework.boot.test.autoconfigure.web.servlet.WebDriverContextCustomizerFactory$Customizer@25a95d7a, [ImportsContextCustomizer@243b4350 key = [org.springframework.boot.test.autoconfigure.jdbc.TestDatabaseAutoConfiguration, org.springframework.boot.autoconfigure.jdbc.DataSourceAutoConfiguration]], org.springframework.boot.test.context.filter.ExcludeFilterContextCustomizer@33d60c3d, org.springframework.boot.test.json.DuplicateJsonObjectContextCustomizerFactory$DuplicateJsonObjectContextCustomizer@6943770e, org.springframework.boot.test.mock.mockito.MockitoContextCustomizer@0, org.springframework.boot.test.web.client.TestRestTemplateContextCustomizer@536042e6, org.springframework.boot.test.context.SpringBootTestArgs@1], resourceBasePath = 'src/main/webapp', contextLoader = 'org.springframework.boot.test.context.SpringBootContextLoader', parent = [null]], attributes = map['org.springframework.test.context.web.ServletTestExecutionListener.activateListener' -> true, 'org.springframework.test.context.web.ServletTestExecutionListener.populatedRequestContextHolder' -> true, 'org.springframework.test.context.web.ServletTestExecutionListener.resetRequestContextHolder' -> true]]
]]></system-out>
  <system-err><![CDATA[]]></system-err>
</testsuite>
