<?xml version="1.0" encoding="UTF-8"?>
<testsuite name="fi.vm.sade.organisaatio.business.impl.VanhentuneetTiedotSahkopostiServiceImplTest" tests="1" skipped="0" failures="0" errors="0" timestamp="2020-06-10T15:12:01" hostname="Miikkas-MacBook-Pro.local" time="0.084">
  <properties/>
  <testcase name="lahetaSahkopostit" classname="fi.vm.sade.organisaatio.business.impl.VanhentuneetTiedotSahkopostiServiceImplTest" time="0.084"/>
  <system-out><![CDATA[EmailData [recipient=[EmailRecipient [oid=null, oidType=null, email=example3@example.com, languageCode=sv, name=null, recipientReplacements=null]], replacements=[], email=EmailMessage [callingProcess=organisaatio, from=null, sender=null, replyTo=null, senderOid=null, organizationOid=null, subject=Granskning av uppgifter, body=
<!doctype html>
<html lang="sv">
<head>
    <meta charset="utf-8">
    <title>Granskning av uppgifter</title>
    <style>
        body {
            background: #F6F4F0;
        }
        .box {
            background: #FFFFFF;
            padding: 1em 2em;
            margin: 2em 4em;
        }
    </style>
</head>
<body>
<div class="box">
    <p>
        Utbildningsförvaltningen ber att ni kontrollerar era läroanstalters kontaktuppgifter och övriga uppgifter i
        Utbildningsstyrelsens Organisationstjänst (<a href="https://virkailija.untuvaopintopolku.fi/organisaatio-ui/html/organisaatiot/org1">https://virkailija.untuvaopintopolku.fi/organisaatio-ui/html/organisaatiot/org1</a>). Verksamhetsställen för
        småbarnspedagogik som finns i Organisationstjänsten administreras i Informationsresursen inom
        småbarnspedagogiken Varda.
    </p>
</div>
<div class="box" style="text-align: right;">
    <img src="http://www.oph.fi/instancedata/prime_product_julkaisu/oph/pics/opetushallitus2.gif" alt="Utbildningsstyrelsen" />
</div>
</body>
</html>
, html=true, charset=UTF-8, attachments=[], attachInfo=[], isValid=true, templateName=null, templateId=null, languageCode=sv, sourceRegister=null, hakuOid=null]]
false
EmailData [recipient=[EmailRecipient [oid=null, oidType=null, email=example2@example.com, languageCode=fi, name=null, recipientReplacements=null], EmailRecipient [oid=null, oidType=null, email=example1@example.com, languageCode=fi, name=null, recipientReplacements=null], EmailRecipient [oid=null, oidType=null, email=example4@example.com, languageCode=fi, name=null, recipientReplacements=null]], replacements=[], email=EmailMessage [callingProcess=organisaatio, from=null, sender=null, replyTo=null, senderOid=null, organizationOid=null, subject=Tietojen tarkistus, body=
<!doctype html>
<html lang="fi">
<head>
    <meta charset="utf-8">
    <title>Tietojen tarkistus</title>
    <style>
        body {
            background: #F6F4F0;
        }
        .box {
            background: #FFFFFF;
            padding: 1em 2em;
            margin: 2em 4em;
        }
    </style>
</head>
<body>
<div class="box">
    <p>
        Opetushallinto pyytää koulutuksen- ja opetuksen järjestäjää tarkistamaan Opetushallituksen
        Organisaatiopalvelussa (<a href="https://virkailija.untuvaopintopolku.fi/organisaatio-ui/html/organisaatiot/org1">https://virkailija.untuvaopintopolku.fi/organisaatio-ui/html/organisaatiot/org1</a>) olevien oppilaitosten yhteys- ja muut tiedot.
        Organisaatiopalvelussa olevia varhaiskasvatuksen toimipaikkoja ylläpidetään Varhaiskasvatuksen tietovarannossa
        (Varda).
    </p>
</div>
<div class="box" style="text-align: right;">
    <img src="http://www.oph.fi/instancedata/prime_product_julkaisu/oph/pics/opetushallitus2.gif" alt="Opetushallitus" />
</div>
</body>
</html>
, html=true, charset=UTF-8, attachments=[], attachInfo=[], isValid=true, templateName=null, templateId=null, languageCode=fi, sourceRegister=null, hakuOid=null]]
false
]]></system-out>
  <system-err><![CDATA[]]></system-err>
</testsuite>
