<?xml version="1.0" encoding="UTF-8"?>
<testsuite name="fi.vm.sade.organisaatio.repository.OrganisaatioSuhdeRepositoryImplTest" tests="4" skipped="0" failures="0" errors="0" timestamp="2020-06-10T17:38:39" hostname="Miikkas-MacBook-Pro.local" time="0.621">
  <properties/>
  <testcase name="doTest" classname="fi.vm.sade.organisaatio.repository.OrganisaatioSuhdeRepositoryImplTest" time="0.586"/>
  <testcase name="findForDayWithZeroDate" classname="fi.vm.sade.organisaatio.repository.OrganisaatioSuhdeRepositoryImplTest" time="0.008"/>
  <testcase name="findForDay" classname="fi.vm.sade.organisaatio.repository.OrganisaatioSuhdeRepositoryImplTest" time="0.021"/>
  <testcase name="findForDayWithNull" classname="fi.vm.sade.organisaatio.repository.OrganisaatioSuhdeRepositoryImplTest" time="0.003"/>
  <system-out><![CDATA[2020-06-10 20:38:39.420  INFO 56553 --- [    Test worker] o.s.t.c.transaction.TransactionContext   : Began transaction (1) for test context [DefaultTestContext@420489c7 testClass = OrganisaatioSuhdeRepositoryImplTest, testInstance = fi.vm.sade.organisaatio.repository.OrganisaatioSuhdeRepositoryImplTest@b3ecf96, testMethod = doTest@OrganisaatioSuhdeRepositoryImplTest, testException = [null], mergedContextConfiguration = [WebMergedContextConfiguration@10ad1b6d testClass = OrganisaatioSuhdeRepositoryImplTest, locations = '{}', classes = '{class fi.vm.sade.organisaatio.OrganisaatioApplication}', contextInitializerClasses = '[]', activeProfiles = '{}', propertySourceLocations = '{}', propertySourceProperties = '{org.springframework.boot.test.context.SpringBootTestContextBootstrapper=true}', contextCustomizers = set[org.springframework.boot.test.autoconfigure.properties.PropertyMappingContextCustomizer@83020a4e, org.springframework.boot.test.autoconfigure.web.servlet.WebDriverContextCustomizerFactory$Customizer@5e540114, [ImportsContextCustomizer@156d01af key = [org.springframework.boot.test.autoconfigure.jdbc.TestDatabaseAutoConfiguration, org.springframework.boot.autoconfigure.jdbc.DataSourceAutoConfiguration]], org.springframework.boot.test.context.filter.ExcludeFilterContextCustomizer@41cdf26a, org.springframework.boot.test.json.DuplicateJsonObjectContextCustomizerFactory$DuplicateJsonObjectContextCustomizer@1e95fe99, org.springframework.boot.test.mock.mockito.MockitoContextCustomizer@0, org.springframework.boot.test.web.client.TestRestTemplateContextCustomizer@6d8bcece, org.springframework.boot.test.context.SpringBootTestArgs@1], resourceBasePath = 'src/main/webapp', contextLoader = 'org.springframework.boot.test.context.SpringBootContextLoader', parent = [null]], attributes = map['org.springframework.test.context.web.ServletTestExecutionListener.activateListener' -> true, 'org.springframework.test.context.web.ServletTestExecutionListener.populatedRequestContextHolder' -> true, 'org.springframework.test.context.web.ServletTestExecutionListener.resetRequestContextHolder' -> true]]; transaction manager [org.springframework.orm.jpa.JpaTransactionManager@20031d49]; rollback [true]
2020-06-10 20:38:39.420  INFO 56553 --- [    Test worker] .o.r.OrganisaatioSuhdeRepositoryImplTest : doTest()...
2020-06-10 20:38:39.420  INFO 56553 --- [    Test worker] .o.r.OrganisaatioSuhdeRepositoryImplTest : createOrganisaatio(OPH)
Hibernate: 
    insert 
    into
        monikielinen_teksti
        (id, version) 
    values
        (null, ?)
2020-06-10 20:38:39.426 TRACE 56553 --- [    Test worker] o.h.type.descriptor.sql.BasicBinder      : binding parameter [1] as [BIGINT] - [0]
Hibernate: 
    insert 
    into
        organisaatio
        (id, version, alkupvm, domainnimi, kotipaikka, kuvaus_mkt, lakkautuspvm, maa, metadata_id, nimi_mkt, nimihaku, oid, opetuspisteenjarjnro, oppilaitoskoodi, oppilaitos_tyyppi, organisaatio_poistettu, paivittaja, paivityspvm, parentidpath, parentoidpath, piilotettu, tarkastus_pvm, toimipistekoodi, tuontipvm, varhaiskasvatuksen_toimipaikka_tiedot_id, virastotunnus, yhteishaunkoulukoodi, yritysmuoto, ytj_kieli, ytjpaivityspvm, ytunnus) 
    values
        (null, ?, ?, ?, ?, ?, ?, ?, ?, ?, ?, ?, ?, ?, ?, ?, ?, ?, ?, ?, ?, ?, ?, ?, ?, ?, ?, ?, ?, ?, ?)
2020-06-10 20:38:39.430 TRACE 56553 --- [    Test worker] o.h.type.descriptor.sql.BasicBinder      : binding parameter [1] as [BIGINT] - [0]
2020-06-10 20:38:39.435 TRACE 56553 --- [    Test worker] o.h.type.descriptor.sql.BasicBinder      : binding parameter [2] as [DATE] - [null]
2020-06-10 20:38:39.436 TRACE 56553 --- [    Test worker] o.h.type.descriptor.sql.BasicBinder      : binding parameter [3] as [VARCHAR] - [null]
2020-06-10 20:38:39.436 TRACE 56553 --- [    Test worker] o.h.type.descriptor.sql.BasicBinder      : binding parameter [4] as [VARCHAR] - [null]
2020-06-10 20:38:39.436 TRACE 56553 --- [    Test worker] o.h.type.descriptor.sql.BasicBinder      : binding parameter [5] as [BIGINT] - [null]
2020-06-10 20:38:39.436 TRACE 56553 --- [    Test worker] o.h.type.descriptor.sql.BasicBinder      : binding parameter [6] as [DATE] - [null]
2020-06-10 20:38:39.436 TRACE 56553 --- [    Test worker] o.h.type.descriptor.sql.BasicBinder      : binding parameter [7] as [VARCHAR] - [null]
2020-06-10 20:38:39.436 TRACE 56553 --- [    Test worker] o.h.type.descriptor.sql.BasicBinder      : binding parameter [8] as [BIGINT] - [null]
2020-06-10 20:38:39.436 TRACE 56553 --- [    Test worker] o.h.type.descriptor.sql.BasicBinder      : binding parameter [9] as [BIGINT] - [1]
2020-06-10 20:38:39.436 TRACE 56553 --- [    Test worker] o.h.type.descriptor.sql.BasicBinder      : binding parameter [10] as [VARCHAR] - [null]
2020-06-10 20:38:39.436 TRACE 56553 --- [    Test worker] o.h.type.descriptor.sql.BasicBinder      : binding parameter [11] as [VARCHAR] - [12345.0]
2020-06-10 20:38:39.436 TRACE 56553 --- [    Test worker] o.h.type.descriptor.sql.BasicBinder      : binding parameter [12] as [VARCHAR] - [null]
2020-06-10 20:38:39.436 TRACE 56553 --- [    Test worker] o.h.type.descriptor.sql.BasicBinder      : binding parameter [13] as [VARCHAR] - [null]
2020-06-10 20:38:39.437 TRACE 56553 --- [    Test worker] o.h.type.descriptor.sql.BasicBinder      : binding parameter [14] as [VARCHAR] - [null]
2020-06-10 20:38:39.437 TRACE 56553 --- [    Test worker] o.h.type.descriptor.sql.BasicBinder      : binding parameter [15] as [BOOLEAN] - [false]
2020-06-10 20:38:39.437 TRACE 56553 --- [    Test worker] o.h.type.descriptor.sql.BasicBinder      : binding parameter [16] as [VARCHAR] - [null]
2020-06-10 20:38:39.437 TRACE 56553 --- [    Test worker] o.h.type.descriptor.sql.BasicBinder      : binding parameter [17] as [TIMESTAMP] - [null]
2020-06-10 20:38:39.437 TRACE 56553 --- [    Test worker] o.h.type.descriptor.sql.BasicBinder      : binding parameter [18] as [VARCHAR] - [null]
2020-06-10 20:38:39.437 TRACE 56553 --- [    Test worker] o.h.type.descriptor.sql.BasicBinder      : binding parameter [19] as [VARCHAR] - [null]
2020-06-10 20:38:39.437 TRACE 56553 --- [    Test worker] o.h.type.descriptor.sql.BasicBinder      : binding parameter [20] as [BOOLEAN] - [false]
2020-06-10 20:38:39.437 TRACE 56553 --- [    Test worker] o.h.type.descriptor.sql.BasicBinder      : binding parameter [21] as [TIMESTAMP] - [null]
2020-06-10 20:38:39.437 TRACE 56553 --- [    Test worker] o.h.type.descriptor.sql.BasicBinder      : binding parameter [22] as [VARCHAR] - [null]
2020-06-10 20:38:39.437 TRACE 56553 --- [    Test worker] o.h.type.descriptor.sql.BasicBinder      : binding parameter [23] as [TIMESTAMP] - [null]
2020-06-10 20:38:39.437 TRACE 56553 --- [    Test worker] o.h.type.descriptor.sql.BasicBinder      : binding parameter [24] as [BIGINT] - [null]
2020-06-10 20:38:39.437 TRACE 56553 --- [    Test worker] o.h.type.descriptor.sql.BasicBinder      : binding parameter [25] as [VARCHAR] - [null]
2020-06-10 20:38:39.437 TRACE 56553 --- [    Test worker] o.h.type.descriptor.sql.BasicBinder      : binding parameter [26] as [VARCHAR] - [null]
2020-06-10 20:38:39.437 TRACE 56553 --- [    Test worker] o.h.type.descriptor.sql.BasicBinder      : binding parameter [27] as [VARCHAR] - [null]
2020-06-10 20:38:39.437 TRACE 56553 --- [    Test worker] o.h.type.descriptor.sql.BasicBinder      : binding parameter [28] as [VARCHAR] - [null]
2020-06-10 20:38:39.437 TRACE 56553 --- [    Test worker] o.h.type.descriptor.sql.BasicBinder      : binding parameter [29] as [DATE] - [null]
2020-06-10 20:38:39.437 TRACE 56553 --- [    Test worker] o.h.type.descriptor.sql.BasicBinder      : binding parameter [30] as [VARCHAR] - [null]
Hibernate: 
    insert 
    into
        yhteystieto
        (id, version, kieli, organisaatio_id, yhteystieto_oid, coordinatetype, extrarivi, lat, lng, maa, osavaltio, osoite, osoite_tyyppi, postinumero, postitoimipaikka, ytjpaivityspvm, dtype) 
    values
        (null, ?, ?, ?, ?, ?, ?, ?, ?, ?, ?, ?, ?, ?, ?, ?, 'Osoite')
2020-06-10 20:38:39.445 TRACE 56553 --- [    Test worker] o.h.type.descriptor.sql.BasicBinder      : binding parameter [1] as [BIGINT] - [0]
2020-06-10 20:38:39.445 TRACE 56553 --- [    Test worker] o.h.type.descriptor.sql.BasicBinder      : binding parameter [2] as [VARCHAR] - [null]
2020-06-10 20:38:39.445 TRACE 56553 --- [    Test worker] o.h.type.descriptor.sql.BasicBinder      : binding parameter [3] as [BIGINT] - [null]
2020-06-10 20:38:39.445 TRACE 56553 --- [    Test worker] o.h.type.descriptor.sql.BasicBinder      : binding parameter [4] as [VARCHAR] - [264040a6-1384-4080-ad13-32a340d29505]
2020-06-10 20:38:39.450 TRACE 56553 --- [    Test worker] o.h.type.descriptor.sql.BasicBinder      : binding parameter [5] as [VARCHAR] - [null]
2020-06-10 20:38:39.451 TRACE 56553 --- [    Test worker] o.h.type.descriptor.sql.BasicBinder      : binding parameter [6] as [VARCHAR] - [null]
2020-06-10 20:38:39.462 TRACE 56553 --- [    Test worker] o.h.type.descriptor.sql.BasicBinder      : binding parameter [7] as [DOUBLE] - [null]
2020-06-10 20:38:39.462 TRACE 56553 --- [    Test worker] o.h.type.descriptor.sql.BasicBinder      : binding parameter [8] as [DOUBLE] - [null]
2020-06-10 20:38:39.462 TRACE 56553 --- [    Test worker] o.h.type.descriptor.sql.BasicBinder      : binding parameter [9] as [VARCHAR] - [null]
2020-06-10 20:38:39.462 TRACE 56553 --- [    Test worker] o.h.type.descriptor.sql.BasicBinder      : binding parameter [10] as [VARCHAR] - [null]
2020-06-10 20:38:39.462 TRACE 56553 --- [    Test worker] o.h.type.descriptor.sql.BasicBinder      : binding parameter [11] as [VARCHAR] - [katu]
2020-06-10 20:38:39.462 TRACE 56553 --- [    Test worker] o.h.type.descriptor.sql.BasicBinder      : binding parameter [12] as [VARCHAR] - [kaynti]
2020-06-10 20:38:39.462 TRACE 56553 --- [    Test worker] o.h.type.descriptor.sql.BasicBinder      : binding parameter [13] as [VARCHAR] - [0000]
2020-06-10 20:38:39.462 TRACE 56553 --- [    Test worker] o.h.type.descriptor.sql.BasicBinder      : binding parameter [14] as [VARCHAR] - [Helsinki]
2020-06-10 20:38:39.463 TRACE 56553 --- [    Test worker] o.h.type.descriptor.sql.BasicBinder      : binding parameter [15] as [DATE] - [null]
2020-06-10 20:38:39.469  INFO 56553 --- [    Test worker] .o.r.OrganisaatioSuhdeRepositoryImplTest : -------------------------------- createDate(1.1.2000)
2020-06-10 20:38:39.469  INFO 56553 --- [    Test worker] .o.r.OrganisaatioSuhdeRepositoryImplTest : createOrganisaatio(A)
Hibernate: 
    insert 
    into
        monikielinen_teksti
        (id, version) 
    values
        (null, ?)
2020-06-10 20:38:39.470 TRACE 56553 --- [    Test worker] o.h.type.descriptor.sql.BasicBinder      : binding parameter [1] as [BIGINT] - [0]
Hibernate: 
    insert 
    into
        organisaatio
        (id, version, alkupvm, domainnimi, kotipaikka, kuvaus_mkt, lakkautuspvm, maa, metadata_id, nimi_mkt, nimihaku, oid, opetuspisteenjarjnro, oppilaitoskoodi, oppilaitos_tyyppi, organisaatio_poistettu, paivittaja, paivityspvm, parentidpath, parentoidpath, piilotettu, tarkastus_pvm, toimipistekoodi, tuontipvm, varhaiskasvatuksen_toimipaikka_tiedot_id, virastotunnus, yhteishaunkoulukoodi, yritysmuoto, ytj_kieli, ytjpaivityspvm, ytunnus) 
    values
        (null, ?, ?, ?, ?, ?, ?, ?, ?, ?, ?, ?, ?, ?, ?, ?, ?, ?, ?, ?, ?, ?, ?, ?, ?, ?, ?, ?, ?, ?, ?)
2020-06-10 20:38:39.474 TRACE 56553 --- [    Test worker] o.h.type.descriptor.sql.BasicBinder      : binding parameter [1] as [BIGINT] - [0]
2020-06-10 20:38:39.475 TRACE 56553 --- [    Test worker] o.h.type.descriptor.sql.BasicBinder      : binding parameter [2] as [DATE] - [null]
2020-06-10 20:38:39.476 TRACE 56553 --- [    Test worker] o.h.type.descriptor.sql.BasicBinder      : binding parameter [3] as [VARCHAR] - [null]
2020-06-10 20:38:39.476 TRACE 56553 --- [    Test worker] o.h.type.descriptor.sql.BasicBinder      : binding parameter [4] as [VARCHAR] - [null]
2020-06-10 20:38:39.480 TRACE 56553 --- [    Test worker] o.h.type.descriptor.sql.BasicBinder      : binding parameter [5] as [BIGINT] - [null]
2020-06-10 20:38:39.480 TRACE 56553 --- [    Test worker] o.h.type.descriptor.sql.BasicBinder      : binding parameter [6] as [DATE] - [null]
2020-06-10 20:38:39.481 TRACE 56553 --- [    Test worker] o.h.type.descriptor.sql.BasicBinder      : binding parameter [7] as [VARCHAR] - [null]
2020-06-10 20:38:39.481 TRACE 56553 --- [    Test worker] o.h.type.descriptor.sql.BasicBinder      : binding parameter [8] as [BIGINT] - [null]
2020-06-10 20:38:39.481 TRACE 56553 --- [    Test worker] o.h.type.descriptor.sql.BasicBinder      : binding parameter [9] as [BIGINT] - [2]
2020-06-10 20:38:39.492 TRACE 56553 --- [    Test worker] o.h.type.descriptor.sql.BasicBinder      : binding parameter [10] as [VARCHAR] - [null]
2020-06-10 20:38:39.492 TRACE 56553 --- [    Test worker] o.h.type.descriptor.sql.BasicBinder      : binding parameter [11] as [VARCHAR] - [12346.0]
2020-06-10 20:38:39.492 TRACE 56553 --- [    Test worker] o.h.type.descriptor.sql.BasicBinder      : binding parameter [12] as [VARCHAR] - [null]
2020-06-10 20:38:39.492 TRACE 56553 --- [    Test worker] o.h.type.descriptor.sql.BasicBinder      : binding parameter [13] as [VARCHAR] - [null]
2020-06-10 20:38:39.492 TRACE 56553 --- [    Test worker] o.h.type.descriptor.sql.BasicBinder      : binding parameter [14] as [VARCHAR] - [null]
2020-06-10 20:38:39.493 TRACE 56553 --- [    Test worker] o.h.type.descriptor.sql.BasicBinder      : binding parameter [15] as [BOOLEAN] - [false]
2020-06-10 20:38:39.494 TRACE 56553 --- [    Test worker] o.h.type.descriptor.sql.BasicBinder      : binding parameter [16] as [VARCHAR] - [null]
2020-06-10 20:38:39.500 TRACE 56553 --- [    Test worker] o.h.type.descriptor.sql.BasicBinder      : binding parameter [17] as [TIMESTAMP] - [null]
2020-06-10 20:38:39.500 TRACE 56553 --- [    Test worker] o.h.type.descriptor.sql.BasicBinder      : binding parameter [18] as [VARCHAR] - [null]
2020-06-10 20:38:39.500 TRACE 56553 --- [    Test worker] o.h.type.descriptor.sql.BasicBinder      : binding parameter [19] as [VARCHAR] - [null]
2020-06-10 20:38:39.501 TRACE 56553 --- [    Test worker] o.h.type.descriptor.sql.BasicBinder      : binding parameter [20] as [BOOLEAN] - [false]
2020-06-10 20:38:39.501 TRACE 56553 --- [    Test worker] o.h.type.descriptor.sql.BasicBinder      : binding parameter [21] as [TIMESTAMP] - [null]
2020-06-10 20:38:39.501 TRACE 56553 --- [    Test worker] o.h.type.descriptor.sql.BasicBinder      : binding parameter [22] as [VARCHAR] - [null]
2020-06-10 20:38:39.501 TRACE 56553 --- [    Test worker] o.h.type.descriptor.sql.BasicBinder      : binding parameter [23] as [TIMESTAMP] - [null]
2020-06-10 20:38:39.502 TRACE 56553 --- [    Test worker] o.h.type.descriptor.sql.BasicBinder      : binding parameter [24] as [BIGINT] - [null]
2020-06-10 20:38:39.502 TRACE 56553 --- [    Test worker] o.h.type.descriptor.sql.BasicBinder      : binding parameter [25] as [VARCHAR] - [null]
2020-06-10 20:38:39.502 TRACE 56553 --- [    Test worker] o.h.type.descriptor.sql.BasicBinder      : binding parameter [26] as [VARCHAR] - [null]
2020-06-10 20:38:39.502 TRACE 56553 --- [    Test worker] o.h.type.descriptor.sql.BasicBinder      : binding parameter [27] as [VARCHAR] - [null]
2020-06-10 20:38:39.502 TRACE 56553 --- [    Test worker] o.h.type.descriptor.sql.BasicBinder      : binding parameter [28] as [VARCHAR] - [null]
2020-06-10 20:38:39.502 TRACE 56553 --- [    Test worker] o.h.type.descriptor.sql.BasicBinder      : binding parameter [29] as [DATE] - [null]
2020-06-10 20:38:39.502 TRACE 56553 --- [    Test worker] o.h.type.descriptor.sql.BasicBinder      : binding parameter [30] as [VARCHAR] - [null]
Hibernate: 
    insert 
    into
        yhteystieto
        (id, version, kieli, organisaatio_id, yhteystieto_oid, coordinatetype, extrarivi, lat, lng, maa, osavaltio, osoite, osoite_tyyppi, postinumero, postitoimipaikka, ytjpaivityspvm, dtype) 
    values
        (null, ?, ?, ?, ?, ?, ?, ?, ?, ?, ?, ?, ?, ?, ?, ?, 'Osoite')
2020-06-10 20:38:39.529 TRACE 56553 --- [    Test worker] o.h.type.descriptor.sql.BasicBinder      : binding parameter [1] as [BIGINT] - [0]
2020-06-10 20:38:39.529 TRACE 56553 --- [    Test worker] o.h.type.descriptor.sql.BasicBinder      : binding parameter [2] as [VARCHAR] - [null]
2020-06-10 20:38:39.530 TRACE 56553 --- [    Test worker] o.h.type.descriptor.sql.BasicBinder      : binding parameter [3] as [BIGINT] - [null]
2020-06-10 20:38:39.530 TRACE 56553 --- [    Test worker] o.h.type.descriptor.sql.BasicBinder      : binding parameter [4] as [VARCHAR] - [574a9c6b-5d4d-402d-9876-78f291f21fb4]
2020-06-10 20:38:39.530 TRACE 56553 --- [    Test worker] o.h.type.descriptor.sql.BasicBinder      : binding parameter [5] as [VARCHAR] - [null]
2020-06-10 20:38:39.530 TRACE 56553 --- [    Test worker] o.h.type.descriptor.sql.BasicBinder      : binding parameter [6] as [VARCHAR] - [null]
2020-06-10 20:38:39.531 TRACE 56553 --- [    Test worker] o.h.type.descriptor.sql.BasicBinder      : binding parameter [7] as [DOUBLE] - [null]
2020-06-10 20:38:39.531 TRACE 56553 --- [    Test worker] o.h.type.descriptor.sql.BasicBinder      : binding parameter [8] as [DOUBLE] - [null]
2020-06-10 20:38:39.533 TRACE 56553 --- [    Test worker] o.h.type.descriptor.sql.BasicBinder      : binding parameter [9] as [VARCHAR] - [null]
2020-06-10 20:38:39.533 TRACE 56553 --- [    Test worker] o.h.type.descriptor.sql.BasicBinder      : binding parameter [10] as [VARCHAR] - [null]
2020-06-10 20:38:39.533 TRACE 56553 --- [    Test worker] o.h.type.descriptor.sql.BasicBinder      : binding parameter [11] as [VARCHAR] - [katu]
2020-06-10 20:38:39.533 TRACE 56553 --- [    Test worker] o.h.type.descriptor.sql.BasicBinder      : binding parameter [12] as [VARCHAR] - [kaynti]
2020-06-10 20:38:39.533 TRACE 56553 --- [    Test worker] o.h.type.descriptor.sql.BasicBinder      : binding parameter [13] as [VARCHAR] - [0000]
2020-06-10 20:38:39.533 TRACE 56553 --- [    Test worker] o.h.type.descriptor.sql.BasicBinder      : binding parameter [14] as [VARCHAR] - [Helsinki]
2020-06-10 20:38:39.534 TRACE 56553 --- [    Test worker] o.h.type.descriptor.sql.BasicBinder      : binding parameter [15] as [DATE] - [null]
2020-06-10 20:38:39.547  INFO 56553 --- [    Test worker] .s.o.r.i.OrganisaatioSuhdeRepositoryImpl : addChild(10, 11, Sat Jan 01 00:00:00 EET 2000)
Hibernate: 
    insert 
    into
        organisaatiosuhde
        (id, version, alkupvm, child_id, loppupvm, opetuspisteenjarjnro, parent_id, suhdetyyppi) 
    values
        (null, ?, ?, ?, ?, ?, ?, ?)
2020-06-10 20:38:39.567 TRACE 56553 --- [    Test worker] o.h.type.descriptor.sql.BasicBinder      : binding parameter [1] as [BIGINT] - [0]
2020-06-10 20:38:39.567 TRACE 56553 --- [    Test worker] o.h.type.descriptor.sql.BasicBinder      : binding parameter [2] as [DATE] - [Sat Jan 01 00:00:00 EET 2000]
2020-06-10 20:38:39.570 TRACE 56553 --- [    Test worker] o.h.type.descriptor.sql.BasicBinder      : binding parameter [3] as [BIGINT] - [11]
2020-06-10 20:38:39.570 TRACE 56553 --- [    Test worker] o.h.type.descriptor.sql.BasicBinder      : binding parameter [4] as [DATE] - [null]
2020-06-10 20:38:39.570 TRACE 56553 --- [    Test worker] o.h.type.descriptor.sql.BasicBinder      : binding parameter [5] as [VARCHAR] - [null]
2020-06-10 20:38:39.570 TRACE 56553 --- [    Test worker] o.h.type.descriptor.sql.BasicBinder      : binding parameter [6] as [BIGINT] - [10]
2020-06-10 20:38:39.570 TRACE 56553 --- [    Test worker] o.h.type.descriptor.sql.BasicBinder      : binding parameter [7] as [VARCHAR] - [HISTORIA]
2020-06-10 20:38:39.571  INFO 56553 --- [    Test worker] .s.o.r.i.OrganisaatioSuhdeRepositoryImpl :     Created new child relation:  --> pId=10, cId=11, aPvm=Sat Jan 01 00:00:00 EET 2000, lPvm=null
2020-06-10 20:38:39.571  INFO 56553 --- [    Test worker] .o.r.OrganisaatioSuhdeRepositoryImplTest : createOrganisaatio(B)
Hibernate: 
    insert 
    into
        monikielinen_teksti
        (id, version) 
    values
        (null, ?)
2020-06-10 20:38:39.572 TRACE 56553 --- [    Test worker] o.h.type.descriptor.sql.BasicBinder      : binding parameter [1] as [BIGINT] - [0]
Hibernate: 
    insert 
    into
        organisaatio
        (id, version, alkupvm, domainnimi, kotipaikka, kuvaus_mkt, lakkautuspvm, maa, metadata_id, nimi_mkt, nimihaku, oid, opetuspisteenjarjnro, oppilaitoskoodi, oppilaitos_tyyppi, organisaatio_poistettu, paivittaja, paivityspvm, parentidpath, parentoidpath, piilotettu, tarkastus_pvm, toimipistekoodi, tuontipvm, varhaiskasvatuksen_toimipaikka_tiedot_id, virastotunnus, yhteishaunkoulukoodi, yritysmuoto, ytj_kieli, ytjpaivityspvm, ytunnus) 
    values
        (null, ?, ?, ?, ?, ?, ?, ?, ?, ?, ?, ?, ?, ?, ?, ?, ?, ?, ?, ?, ?, ?, ?, ?, ?, ?, ?, ?, ?, ?, ?)
2020-06-10 20:38:39.573 TRACE 56553 --- [    Test worker] o.h.type.descriptor.sql.BasicBinder      : binding parameter [1] as [BIGINT] - [0]
2020-06-10 20:38:39.573 TRACE 56553 --- [    Test worker] o.h.type.descriptor.sql.BasicBinder      : binding parameter [2] as [DATE] - [null]
2020-06-10 20:38:39.573 TRACE 56553 --- [    Test worker] o.h.type.descriptor.sql.BasicBinder      : binding parameter [3] as [VARCHAR] - [null]
2020-06-10 20:38:39.573 TRACE 56553 --- [    Test worker] o.h.type.descriptor.sql.BasicBinder      : binding parameter [4] as [VARCHAR] - [null]
2020-06-10 20:38:39.573 TRACE 56553 --- [    Test worker] o.h.type.descriptor.sql.BasicBinder      : binding parameter [5] as [BIGINT] - [null]
2020-06-10 20:38:39.573 TRACE 56553 --- [    Test worker] o.h.type.descriptor.sql.BasicBinder      : binding parameter [6] as [DATE] - [null]
2020-06-10 20:38:39.573 TRACE 56553 --- [    Test worker] o.h.type.descriptor.sql.BasicBinder      : binding parameter [7] as [VARCHAR] - [null]
2020-06-10 20:38:39.574 TRACE 56553 --- [    Test worker] o.h.type.descriptor.sql.BasicBinder      : binding parameter [8] as [BIGINT] - [null]
2020-06-10 20:38:39.574 TRACE 56553 --- [    Test worker] o.h.type.descriptor.sql.BasicBinder      : binding parameter [9] as [BIGINT] - [3]
2020-06-10 20:38:39.574 TRACE 56553 --- [    Test worker] o.h.type.descriptor.sql.BasicBinder      : binding parameter [10] as [VARCHAR] - [null]
2020-06-10 20:38:39.574 TRACE 56553 --- [    Test worker] o.h.type.descriptor.sql.BasicBinder      : binding parameter [11] as [VARCHAR] - [12347.0]
2020-06-10 20:38:39.574 TRACE 56553 --- [    Test worker] o.h.type.descriptor.sql.BasicBinder      : binding parameter [12] as [VARCHAR] - [null]
2020-06-10 20:38:39.574 TRACE 56553 --- [    Test worker] o.h.type.descriptor.sql.BasicBinder      : binding parameter [13] as [VARCHAR] - [null]
2020-06-10 20:38:39.574 TRACE 56553 --- [    Test worker] o.h.type.descriptor.sql.BasicBinder      : binding parameter [14] as [VARCHAR] - [null]
2020-06-10 20:38:39.574 TRACE 56553 --- [    Test worker] o.h.type.descriptor.sql.BasicBinder      : binding parameter [15] as [BOOLEAN] - [false]
2020-06-10 20:38:39.574 TRACE 56553 --- [    Test worker] o.h.type.descriptor.sql.BasicBinder      : binding parameter [16] as [VARCHAR] - [null]
2020-06-10 20:38:39.574 TRACE 56553 --- [    Test worker] o.h.type.descriptor.sql.BasicBinder      : binding parameter [17] as [TIMESTAMP] - [null]
2020-06-10 20:38:39.574 TRACE 56553 --- [    Test worker] o.h.type.descriptor.sql.BasicBinder      : binding parameter [18] as [VARCHAR] - [null]
2020-06-10 20:38:39.574 TRACE 56553 --- [    Test worker] o.h.type.descriptor.sql.BasicBinder      : binding parameter [19] as [VARCHAR] - [null]
2020-06-10 20:38:39.574 TRACE 56553 --- [    Test worker] o.h.type.descriptor.sql.BasicBinder      : binding parameter [20] as [BOOLEAN] - [false]
2020-06-10 20:38:39.574 TRACE 56553 --- [    Test worker] o.h.type.descriptor.sql.BasicBinder      : binding parameter [21] as [TIMESTAMP] - [null]
2020-06-10 20:38:39.574 TRACE 56553 --- [    Test worker] o.h.type.descriptor.sql.BasicBinder      : binding parameter [22] as [VARCHAR] - [null]
2020-06-10 20:38:39.575 TRACE 56553 --- [    Test worker] o.h.type.descriptor.sql.BasicBinder      : binding parameter [23] as [TIMESTAMP] - [null]
2020-06-10 20:38:39.575 TRACE 56553 --- [    Test worker] o.h.type.descriptor.sql.BasicBinder      : binding parameter [24] as [BIGINT] - [null]
2020-06-10 20:38:39.575 TRACE 56553 --- [    Test worker] o.h.type.descriptor.sql.BasicBinder      : binding parameter [25] as [VARCHAR] - [null]
2020-06-10 20:38:39.575 TRACE 56553 --- [    Test worker] o.h.type.descriptor.sql.BasicBinder      : binding parameter [26] as [VARCHAR] - [null]
2020-06-10 20:38:39.575 TRACE 56553 --- [    Test worker] o.h.type.descriptor.sql.BasicBinder      : binding parameter [27] as [VARCHAR] - [null]
2020-06-10 20:38:39.575 TRACE 56553 --- [    Test worker] o.h.type.descriptor.sql.BasicBinder      : binding parameter [28] as [VARCHAR] - [null]
2020-06-10 20:38:39.575 TRACE 56553 --- [    Test worker] o.h.type.descriptor.sql.BasicBinder      : binding parameter [29] as [DATE] - [null]
2020-06-10 20:38:39.575 TRACE 56553 --- [    Test worker] o.h.type.descriptor.sql.BasicBinder      : binding parameter [30] as [VARCHAR] - [null]
Hibernate: 
    insert 
    into
        yhteystieto
        (id, version, kieli, organisaatio_id, yhteystieto_oid, coordinatetype, extrarivi, lat, lng, maa, osavaltio, osoite, osoite_tyyppi, postinumero, postitoimipaikka, ytjpaivityspvm, dtype) 
    values
        (null, ?, ?, ?, ?, ?, ?, ?, ?, ?, ?, ?, ?, ?, ?, ?, 'Osoite')
2020-06-10 20:38:39.578 TRACE 56553 --- [    Test worker] o.h.type.descriptor.sql.BasicBinder      : binding parameter [1] as [BIGINT] - [0]
2020-06-10 20:38:39.578 TRACE 56553 --- [    Test worker] o.h.type.descriptor.sql.BasicBinder      : binding parameter [2] as [VARCHAR] - [null]
2020-06-10 20:38:39.578 TRACE 56553 --- [    Test worker] o.h.type.descriptor.sql.BasicBinder      : binding parameter [3] as [BIGINT] - [null]
2020-06-10 20:38:39.578 TRACE 56553 --- [    Test worker] o.h.type.descriptor.sql.BasicBinder      : binding parameter [4] as [VARCHAR] - [8f1376cc-411b-42ae-9b9d-3e53f69e3541]
2020-06-10 20:38:39.578 TRACE 56553 --- [    Test worker] o.h.type.descriptor.sql.BasicBinder      : binding parameter [5] as [VARCHAR] - [null]
2020-06-10 20:38:39.578 TRACE 56553 --- [    Test worker] o.h.type.descriptor.sql.BasicBinder      : binding parameter [6] as [VARCHAR] - [null]
2020-06-10 20:38:39.578 TRACE 56553 --- [    Test worker] o.h.type.descriptor.sql.BasicBinder      : binding parameter [7] as [DOUBLE] - [null]
2020-06-10 20:38:39.579 TRACE 56553 --- [    Test worker] o.h.type.descriptor.sql.BasicBinder      : binding parameter [8] as [DOUBLE] - [null]
2020-06-10 20:38:39.579 TRACE 56553 --- [    Test worker] o.h.type.descriptor.sql.BasicBinder      : binding parameter [9] as [VARCHAR] - [null]
2020-06-10 20:38:39.579 TRACE 56553 --- [    Test worker] o.h.type.descriptor.sql.BasicBinder      : binding parameter [10] as [VARCHAR] - [null]
2020-06-10 20:38:39.579 TRACE 56553 --- [    Test worker] o.h.type.descriptor.sql.BasicBinder      : binding parameter [11] as [VARCHAR] - [katu]
2020-06-10 20:38:39.579 TRACE 56553 --- [    Test worker] o.h.type.descriptor.sql.BasicBinder      : binding parameter [12] as [VARCHAR] - [kaynti]
2020-06-10 20:38:39.579 TRACE 56553 --- [    Test worker] o.h.type.descriptor.sql.BasicBinder      : binding parameter [13] as [VARCHAR] - [0000]
2020-06-10 20:38:39.579 TRACE 56553 --- [    Test worker] o.h.type.descriptor.sql.BasicBinder      : binding parameter [14] as [VARCHAR] - [Helsinki]
2020-06-10 20:38:39.579 TRACE 56553 --- [    Test worker] o.h.type.descriptor.sql.BasicBinder      : binding parameter [15] as [DATE] - [null]
2020-06-10 20:38:39.580  INFO 56553 --- [    Test worker] .s.o.r.i.OrganisaatioSuhdeRepositoryImpl : addChild(10, 12, Sat Jan 01 00:00:00 EET 2000)
Hibernate: 
    insert 
    into
        organisaatiosuhde
        (id, version, alkupvm, child_id, loppupvm, opetuspisteenjarjnro, parent_id, suhdetyyppi) 
    values
        (null, ?, ?, ?, ?, ?, ?, ?)
2020-06-10 20:38:39.583 TRACE 56553 --- [    Test worker] o.h.type.descriptor.sql.BasicBinder      : binding parameter [1] as [BIGINT] - [0]
2020-06-10 20:38:39.583 TRACE 56553 --- [    Test worker] o.h.type.descriptor.sql.BasicBinder      : binding parameter [2] as [DATE] - [Sat Jan 01 00:00:00 EET 2000]
2020-06-10 20:38:39.583 TRACE 56553 --- [    Test worker] o.h.type.descriptor.sql.BasicBinder      : binding parameter [3] as [BIGINT] - [12]
2020-06-10 20:38:39.584 TRACE 56553 --- [    Test worker] o.h.type.descriptor.sql.BasicBinder      : binding parameter [4] as [DATE] - [null]
2020-06-10 20:38:39.584 TRACE 56553 --- [    Test worker] o.h.type.descriptor.sql.BasicBinder      : binding parameter [5] as [VARCHAR] - [null]
2020-06-10 20:38:39.584 TRACE 56553 --- [    Test worker] o.h.type.descriptor.sql.BasicBinder      : binding parameter [6] as [BIGINT] - [10]
2020-06-10 20:38:39.584 TRACE 56553 --- [    Test worker] o.h.type.descriptor.sql.BasicBinder      : binding parameter [7] as [VARCHAR] - [HISTORIA]
2020-06-10 20:38:39.585  INFO 56553 --- [    Test worker] .s.o.r.i.OrganisaatioSuhdeRepositoryImpl :     Created new child relation:  --> pId=10, cId=12, aPvm=Sat Jan 01 00:00:00 EET 2000, lPvm=null
2020-06-10 20:38:39.585  INFO 56553 --- [    Test worker] .o.r.OrganisaatioSuhdeRepositoryImplTest : createOrganisaatio(C)
Hibernate: 
    insert 
    into
        monikielinen_teksti
        (id, version) 
    values
        (null, ?)
2020-06-10 20:38:39.586 TRACE 56553 --- [    Test worker] o.h.type.descriptor.sql.BasicBinder      : binding parameter [1] as [BIGINT] - [0]
Hibernate: 
    insert 
    into
        organisaatio
        (id, version, alkupvm, domainnimi, kotipaikka, kuvaus_mkt, lakkautuspvm, maa, metadata_id, nimi_mkt, nimihaku, oid, opetuspisteenjarjnro, oppilaitoskoodi, oppilaitos_tyyppi, organisaatio_poistettu, paivittaja, paivityspvm, parentidpath, parentoidpath, piilotettu, tarkastus_pvm, toimipistekoodi, tuontipvm, varhaiskasvatuksen_toimipaikka_tiedot_id, virastotunnus, yhteishaunkoulukoodi, yritysmuoto, ytj_kieli, ytjpaivityspvm, ytunnus) 
    values
        (null, ?, ?, ?, ?, ?, ?, ?, ?, ?, ?, ?, ?, ?, ?, ?, ?, ?, ?, ?, ?, ?, ?, ?, ?, ?, ?, ?, ?, ?, ?)
2020-06-10 20:38:39.587 TRACE 56553 --- [    Test worker] o.h.type.descriptor.sql.BasicBinder      : binding parameter [1] as [BIGINT] - [0]
2020-06-10 20:38:39.588 TRACE 56553 --- [    Test worker] o.h.type.descriptor.sql.BasicBinder      : binding parameter [2] as [DATE] - [null]
2020-06-10 20:38:39.588 TRACE 56553 --- [    Test worker] o.h.type.descriptor.sql.BasicBinder      : binding parameter [3] as [VARCHAR] - [null]
2020-06-10 20:38:39.588 TRACE 56553 --- [    Test worker] o.h.type.descriptor.sql.BasicBinder      : binding parameter [4] as [VARCHAR] - [null]
2020-06-10 20:38:39.588 TRACE 56553 --- [    Test worker] o.h.type.descriptor.sql.BasicBinder      : binding parameter [5] as [BIGINT] - [null]
2020-06-10 20:38:39.588 TRACE 56553 --- [    Test worker] o.h.type.descriptor.sql.BasicBinder      : binding parameter [6] as [DATE] - [null]
2020-06-10 20:38:39.588 TRACE 56553 --- [    Test worker] o.h.type.descriptor.sql.BasicBinder      : binding parameter [7] as [VARCHAR] - [null]
2020-06-10 20:38:39.588 TRACE 56553 --- [    Test worker] o.h.type.descriptor.sql.BasicBinder      : binding parameter [8] as [BIGINT] - [null]
2020-06-10 20:38:39.588 TRACE 56553 --- [    Test worker] o.h.type.descriptor.sql.BasicBinder      : binding parameter [9] as [BIGINT] - [4]
2020-06-10 20:38:39.588 TRACE 56553 --- [    Test worker] o.h.type.descriptor.sql.BasicBinder      : binding parameter [10] as [VARCHAR] - [null]
2020-06-10 20:38:39.588 TRACE 56553 --- [    Test worker] o.h.type.descriptor.sql.BasicBinder      : binding parameter [11] as [VARCHAR] - [12348.0]
2020-06-10 20:38:39.588 TRACE 56553 --- [    Test worker] o.h.type.descriptor.sql.BasicBinder      : binding parameter [12] as [VARCHAR] - [null]
2020-06-10 20:38:39.588 TRACE 56553 --- [    Test worker] o.h.type.descriptor.sql.BasicBinder      : binding parameter [13] as [VARCHAR] - [null]
2020-06-10 20:38:39.588 TRACE 56553 --- [    Test worker] o.h.type.descriptor.sql.BasicBinder      : binding parameter [14] as [VARCHAR] - [null]
2020-06-10 20:38:39.588 TRACE 56553 --- [    Test worker] o.h.type.descriptor.sql.BasicBinder      : binding parameter [15] as [BOOLEAN] - [false]
2020-06-10 20:38:39.588 TRACE 56553 --- [    Test worker] o.h.type.descriptor.sql.BasicBinder      : binding parameter [16] as [VARCHAR] - [null]
2020-06-10 20:38:39.588 TRACE 56553 --- [    Test worker] o.h.type.descriptor.sql.BasicBinder      : binding parameter [17] as [TIMESTAMP] - [null]
2020-06-10 20:38:39.588 TRACE 56553 --- [    Test worker] o.h.type.descriptor.sql.BasicBinder      : binding parameter [18] as [VARCHAR] - [null]
2020-06-10 20:38:39.588 TRACE 56553 --- [    Test worker] o.h.type.descriptor.sql.BasicBinder      : binding parameter [19] as [VARCHAR] - [null]
2020-06-10 20:38:39.588 TRACE 56553 --- [    Test worker] o.h.type.descriptor.sql.BasicBinder      : binding parameter [20] as [BOOLEAN] - [false]
2020-06-10 20:38:39.588 TRACE 56553 --- [    Test worker] o.h.type.descriptor.sql.BasicBinder      : binding parameter [21] as [TIMESTAMP] - [null]
2020-06-10 20:38:39.588 TRACE 56553 --- [    Test worker] o.h.type.descriptor.sql.BasicBinder      : binding parameter [22] as [VARCHAR] - [null]
2020-06-10 20:38:39.588 TRACE 56553 --- [    Test worker] o.h.type.descriptor.sql.BasicBinder      : binding parameter [23] as [TIMESTAMP] - [null]
2020-06-10 20:38:39.588 TRACE 56553 --- [    Test worker] o.h.type.descriptor.sql.BasicBinder      : binding parameter [24] as [BIGINT] - [null]
2020-06-10 20:38:39.589 TRACE 56553 --- [    Test worker] o.h.type.descriptor.sql.BasicBinder      : binding parameter [25] as [VARCHAR] - [null]
2020-06-10 20:38:39.589 TRACE 56553 --- [    Test worker] o.h.type.descriptor.sql.BasicBinder      : binding parameter [26] as [VARCHAR] - [null]
2020-06-10 20:38:39.589 TRACE 56553 --- [    Test worker] o.h.type.descriptor.sql.BasicBinder      : binding parameter [27] as [VARCHAR] - [null]
2020-06-10 20:38:39.589 TRACE 56553 --- [    Test worker] o.h.type.descriptor.sql.BasicBinder      : binding parameter [28] as [VARCHAR] - [null]
2020-06-10 20:38:39.589 TRACE 56553 --- [    Test worker] o.h.type.descriptor.sql.BasicBinder      : binding parameter [29] as [DATE] - [null]
2020-06-10 20:38:39.589 TRACE 56553 --- [    Test worker] o.h.type.descriptor.sql.BasicBinder      : binding parameter [30] as [VARCHAR] - [null]
Hibernate: 
    insert 
    into
        yhteystieto
        (id, version, kieli, organisaatio_id, yhteystieto_oid, coordinatetype, extrarivi, lat, lng, maa, osavaltio, osoite, osoite_tyyppi, postinumero, postitoimipaikka, ytjpaivityspvm, dtype) 
    values
        (null, ?, ?, ?, ?, ?, ?, ?, ?, ?, ?, ?, ?, ?, ?, ?, 'Osoite')
2020-06-10 20:38:39.590 TRACE 56553 --- [    Test worker] o.h.type.descriptor.sql.BasicBinder      : binding parameter [1] as [BIGINT] - [0]
2020-06-10 20:38:39.591 TRACE 56553 --- [    Test worker] o.h.type.descriptor.sql.BasicBinder      : binding parameter [2] as [VARCHAR] - [null]
2020-06-10 20:38:39.591 TRACE 56553 --- [    Test worker] o.h.type.descriptor.sql.BasicBinder      : binding parameter [3] as [BIGINT] - [null]
2020-06-10 20:38:39.591 TRACE 56553 --- [    Test worker] o.h.type.descriptor.sql.BasicBinder      : binding parameter [4] as [VARCHAR] - [e30ced9d-22e6-484a-9cc5-0473f18bf8a7]
2020-06-10 20:38:39.591 TRACE 56553 --- [    Test worker] o.h.type.descriptor.sql.BasicBinder      : binding parameter [5] as [VARCHAR] - [null]
2020-06-10 20:38:39.591 TRACE 56553 --- [    Test worker] o.h.type.descriptor.sql.BasicBinder      : binding parameter [6] as [VARCHAR] - [null]
2020-06-10 20:38:39.591 TRACE 56553 --- [    Test worker] o.h.type.descriptor.sql.BasicBinder      : binding parameter [7] as [DOUBLE] - [null]
2020-06-10 20:38:39.591 TRACE 56553 --- [    Test worker] o.h.type.descriptor.sql.BasicBinder      : binding parameter [8] as [DOUBLE] - [null]
2020-06-10 20:38:39.591 TRACE 56553 --- [    Test worker] o.h.type.descriptor.sql.BasicBinder      : binding parameter [9] as [VARCHAR] - [null]
2020-06-10 20:38:39.591 TRACE 56553 --- [    Test worker] o.h.type.descriptor.sql.BasicBinder      : binding parameter [10] as [VARCHAR] - [null]
2020-06-10 20:38:39.591 TRACE 56553 --- [    Test worker] o.h.type.descriptor.sql.BasicBinder      : binding parameter [11] as [VARCHAR] - [katu]
2020-06-10 20:38:39.591 TRACE 56553 --- [    Test worker] o.h.type.descriptor.sql.BasicBinder      : binding parameter [12] as [VARCHAR] - [kaynti]
2020-06-10 20:38:39.591 TRACE 56553 --- [    Test worker] o.h.type.descriptor.sql.BasicBinder      : binding parameter [13] as [VARCHAR] - [0000]
2020-06-10 20:38:39.591 TRACE 56553 --- [    Test worker] o.h.type.descriptor.sql.BasicBinder      : binding parameter [14] as [VARCHAR] - [Helsinki]
2020-06-10 20:38:39.591 TRACE 56553 --- [    Test worker] o.h.type.descriptor.sql.BasicBinder      : binding parameter [15] as [DATE] - [null]
2020-06-10 20:38:39.592  INFO 56553 --- [    Test worker] .s.o.r.i.OrganisaatioSuhdeRepositoryImpl : addChild(10, 13, Sat Jan 01 00:00:00 EET 2000)
Hibernate: 
    insert 
    into
        organisaatiosuhde
        (id, version, alkupvm, child_id, loppupvm, opetuspisteenjarjnro, parent_id, suhdetyyppi) 
    values
        (null, ?, ?, ?, ?, ?, ?, ?)
2020-06-10 20:38:39.594 TRACE 56553 --- [    Test worker] o.h.type.descriptor.sql.BasicBinder      : binding parameter [1] as [BIGINT] - [0]
2020-06-10 20:38:39.594 TRACE 56553 --- [    Test worker] o.h.type.descriptor.sql.BasicBinder      : binding parameter [2] as [DATE] - [Sat Jan 01 00:00:00 EET 2000]
2020-06-10 20:38:39.594 TRACE 56553 --- [    Test worker] o.h.type.descriptor.sql.BasicBinder      : binding parameter [3] as [BIGINT] - [13]
2020-06-10 20:38:39.594 TRACE 56553 --- [    Test worker] o.h.type.descriptor.sql.BasicBinder      : binding parameter [4] as [DATE] - [null]
2020-06-10 20:38:39.594 TRACE 56553 --- [    Test worker] o.h.type.descriptor.sql.BasicBinder      : binding parameter [5] as [VARCHAR] - [null]
2020-06-10 20:38:39.594 TRACE 56553 --- [    Test worker] o.h.type.descriptor.sql.BasicBinder      : binding parameter [6] as [BIGINT] - [10]
2020-06-10 20:38:39.594 TRACE 56553 --- [    Test worker] o.h.type.descriptor.sql.BasicBinder      : binding parameter [7] as [VARCHAR] - [HISTORIA]
2020-06-10 20:38:39.595  INFO 56553 --- [    Test worker] .s.o.r.i.OrganisaatioSuhdeRepositoryImpl :     Created new child relation:  --> pId=10, cId=13, aPvm=Sat Jan 01 00:00:00 EET 2000, lPvm=null
2020-06-10 20:38:39.595  INFO 56553 --- [    Test worker] .o.r.OrganisaatioSuhdeRepositoryImplTest : createOrganisaatio(D)
Hibernate: 
    insert 
    into
        monikielinen_teksti
        (id, version) 
    values
        (null, ?)
2020-06-10 20:38:39.596 TRACE 56553 --- [    Test worker] o.h.type.descriptor.sql.BasicBinder      : binding parameter [1] as [BIGINT] - [0]
Hibernate: 
    insert 
    into
        organisaatio
        (id, version, alkupvm, domainnimi, kotipaikka, kuvaus_mkt, lakkautuspvm, maa, metadata_id, nimi_mkt, nimihaku, oid, opetuspisteenjarjnro, oppilaitoskoodi, oppilaitos_tyyppi, organisaatio_poistettu, paivittaja, paivityspvm, parentidpath, parentoidpath, piilotettu, tarkastus_pvm, toimipistekoodi, tuontipvm, varhaiskasvatuksen_toimipaikka_tiedot_id, virastotunnus, yhteishaunkoulukoodi, yritysmuoto, ytj_kieli, ytjpaivityspvm, ytunnus) 
    values
        (null, ?, ?, ?, ?, ?, ?, ?, ?, ?, ?, ?, ?, ?, ?, ?, ?, ?, ?, ?, ?, ?, ?, ?, ?, ?, ?, ?, ?, ?, ?)
2020-06-10 20:38:39.597 TRACE 56553 --- [    Test worker] o.h.type.descriptor.sql.BasicBinder      : binding parameter [1] as [BIGINT] - [0]
2020-06-10 20:38:39.597 TRACE 56553 --- [    Test worker] o.h.type.descriptor.sql.BasicBinder      : binding parameter [2] as [DATE] - [null]
2020-06-10 20:38:39.597 TRACE 56553 --- [    Test worker] o.h.type.descriptor.sql.BasicBinder      : binding parameter [3] as [VARCHAR] - [null]
2020-06-10 20:38:39.597 TRACE 56553 --- [    Test worker] o.h.type.descriptor.sql.BasicBinder      : binding parameter [4] as [VARCHAR] - [null]
2020-06-10 20:38:39.597 TRACE 56553 --- [    Test worker] o.h.type.descriptor.sql.BasicBinder      : binding parameter [5] as [BIGINT] - [null]
2020-06-10 20:38:39.597 TRACE 56553 --- [    Test worker] o.h.type.descriptor.sql.BasicBinder      : binding parameter [6] as [DATE] - [null]
2020-06-10 20:38:39.597 TRACE 56553 --- [    Test worker] o.h.type.descriptor.sql.BasicBinder      : binding parameter [7] as [VARCHAR] - [null]
2020-06-10 20:38:39.597 TRACE 56553 --- [    Test worker] o.h.type.descriptor.sql.BasicBinder      : binding parameter [8] as [BIGINT] - [null]
2020-06-10 20:38:39.597 TRACE 56553 --- [    Test worker] o.h.type.descriptor.sql.BasicBinder      : binding parameter [9] as [BIGINT] - [5]
2020-06-10 20:38:39.597 TRACE 56553 --- [    Test worker] o.h.type.descriptor.sql.BasicBinder      : binding parameter [10] as [VARCHAR] - [null]
2020-06-10 20:38:39.598 TRACE 56553 --- [    Test worker] o.h.type.descriptor.sql.BasicBinder      : binding parameter [11] as [VARCHAR] - [12349.0]
2020-06-10 20:38:39.598 TRACE 56553 --- [    Test worker] o.h.type.descriptor.sql.BasicBinder      : binding parameter [12] as [VARCHAR] - [null]
2020-06-10 20:38:39.598 TRACE 56553 --- [    Test worker] o.h.type.descriptor.sql.BasicBinder      : binding parameter [13] as [VARCHAR] - [null]
2020-06-10 20:38:39.598 TRACE 56553 --- [    Test worker] o.h.type.descriptor.sql.BasicBinder      : binding parameter [14] as [VARCHAR] - [null]
2020-06-10 20:38:39.598 TRACE 56553 --- [    Test worker] o.h.type.descriptor.sql.BasicBinder      : binding parameter [15] as [BOOLEAN] - [false]
2020-06-10 20:38:39.598 TRACE 56553 --- [    Test worker] o.h.type.descriptor.sql.BasicBinder      : binding parameter [16] as [VARCHAR] - [null]
2020-06-10 20:38:39.598 TRACE 56553 --- [    Test worker] o.h.type.descriptor.sql.BasicBinder      : binding parameter [17] as [TIMESTAMP] - [null]
2020-06-10 20:38:39.598 TRACE 56553 --- [    Test worker] o.h.type.descriptor.sql.BasicBinder      : binding parameter [18] as [VARCHAR] - [null]
2020-06-10 20:38:39.598 TRACE 56553 --- [    Test worker] o.h.type.descriptor.sql.BasicBinder      : binding parameter [19] as [VARCHAR] - [null]
2020-06-10 20:38:39.598 TRACE 56553 --- [    Test worker] o.h.type.descriptor.sql.BasicBinder      : binding parameter [20] as [BOOLEAN] - [false]
2020-06-10 20:38:39.598 TRACE 56553 --- [    Test worker] o.h.type.descriptor.sql.BasicBinder      : binding parameter [21] as [TIMESTAMP] - [null]
2020-06-10 20:38:39.598 TRACE 56553 --- [    Test worker] o.h.type.descriptor.sql.BasicBinder      : binding parameter [22] as [VARCHAR] - [null]
2020-06-10 20:38:39.598 TRACE 56553 --- [    Test worker] o.h.type.descriptor.sql.BasicBinder      : binding parameter [23] as [TIMESTAMP] - [null]
2020-06-10 20:38:39.598 TRACE 56553 --- [    Test worker] o.h.type.descriptor.sql.BasicBinder      : binding parameter [24] as [BIGINT] - [null]
2020-06-10 20:38:39.598 TRACE 56553 --- [    Test worker] o.h.type.descriptor.sql.BasicBinder      : binding parameter [25] as [VARCHAR] - [null]
2020-06-10 20:38:39.598 TRACE 56553 --- [    Test worker] o.h.type.descriptor.sql.BasicBinder      : binding parameter [26] as [VARCHAR] - [null]
2020-06-10 20:38:39.598 TRACE 56553 --- [    Test worker] o.h.type.descriptor.sql.BasicBinder      : binding parameter [27] as [VARCHAR] - [null]
2020-06-10 20:38:39.598 TRACE 56553 --- [    Test worker] o.h.type.descriptor.sql.BasicBinder      : binding parameter [28] as [VARCHAR] - [null]
2020-06-10 20:38:39.598 TRACE 56553 --- [    Test worker] o.h.type.descriptor.sql.BasicBinder      : binding parameter [29] as [DATE] - [null]
2020-06-10 20:38:39.598 TRACE 56553 --- [    Test worker] o.h.type.descriptor.sql.BasicBinder      : binding parameter [30] as [VARCHAR] - [null]
Hibernate: 
    insert 
    into
        yhteystieto
        (id, version, kieli, organisaatio_id, yhteystieto_oid, coordinatetype, extrarivi, lat, lng, maa, osavaltio, osoite, osoite_tyyppi, postinumero, postitoimipaikka, ytjpaivityspvm, dtype) 
    values
        (null, ?, ?, ?, ?, ?, ?, ?, ?, ?, ?, ?, ?, ?, ?, ?, 'Osoite')
2020-06-10 20:38:39.600 TRACE 56553 --- [    Test worker] o.h.type.descriptor.sql.BasicBinder      : binding parameter [1] as [BIGINT] - [0]
2020-06-10 20:38:39.600 TRACE 56553 --- [    Test worker] o.h.type.descriptor.sql.BasicBinder      : binding parameter [2] as [VARCHAR] - [null]
2020-06-10 20:38:39.600 TRACE 56553 --- [    Test worker] o.h.type.descriptor.sql.BasicBinder      : binding parameter [3] as [BIGINT] - [null]
2020-06-10 20:38:39.600 TRACE 56553 --- [    Test worker] o.h.type.descriptor.sql.BasicBinder      : binding parameter [4] as [VARCHAR] - [4f4367d1-e00e-4fed-b4f5-97f3ae32eea5]
2020-06-10 20:38:39.600 TRACE 56553 --- [    Test worker] o.h.type.descriptor.sql.BasicBinder      : binding parameter [5] as [VARCHAR] - [null]
2020-06-10 20:38:39.600 TRACE 56553 --- [    Test worker] o.h.type.descriptor.sql.BasicBinder      : binding parameter [6] as [VARCHAR] - [null]
2020-06-10 20:38:39.600 TRACE 56553 --- [    Test worker] o.h.type.descriptor.sql.BasicBinder      : binding parameter [7] as [DOUBLE] - [null]
2020-06-10 20:38:39.600 TRACE 56553 --- [    Test worker] o.h.type.descriptor.sql.BasicBinder      : binding parameter [8] as [DOUBLE] - [null]
2020-06-10 20:38:39.600 TRACE 56553 --- [    Test worker] o.h.type.descriptor.sql.BasicBinder      : binding parameter [9] as [VARCHAR] - [null]
2020-06-10 20:38:39.600 TRACE 56553 --- [    Test worker] o.h.type.descriptor.sql.BasicBinder      : binding parameter [10] as [VARCHAR] - [null]
2020-06-10 20:38:39.600 TRACE 56553 --- [    Test worker] o.h.type.descriptor.sql.BasicBinder      : binding parameter [11] as [VARCHAR] - [katu]
2020-06-10 20:38:39.600 TRACE 56553 --- [    Test worker] o.h.type.descriptor.sql.BasicBinder      : binding parameter [12] as [VARCHAR] - [kaynti]
2020-06-10 20:38:39.600 TRACE 56553 --- [    Test worker] o.h.type.descriptor.sql.BasicBinder      : binding parameter [13] as [VARCHAR] - [0000]
2020-06-10 20:38:39.600 TRACE 56553 --- [    Test worker] o.h.type.descriptor.sql.BasicBinder      : binding parameter [14] as [VARCHAR] - [Helsinki]
2020-06-10 20:38:39.600 TRACE 56553 --- [    Test worker] o.h.type.descriptor.sql.BasicBinder      : binding parameter [15] as [DATE] - [null]
2020-06-10 20:38:39.601  INFO 56553 --- [    Test worker] .s.o.r.i.OrganisaatioSuhdeRepositoryImpl : addChild(10, 14, Sat Jan 01 00:00:00 EET 2000)
Hibernate: 
    insert 
    into
        organisaatiosuhde
        (id, version, alkupvm, child_id, loppupvm, opetuspisteenjarjnro, parent_id, suhdetyyppi) 
    values
        (null, ?, ?, ?, ?, ?, ?, ?)
2020-06-10 20:38:39.602 TRACE 56553 --- [    Test worker] o.h.type.descriptor.sql.BasicBinder      : binding parameter [1] as [BIGINT] - [0]
2020-06-10 20:38:39.602 TRACE 56553 --- [    Test worker] o.h.type.descriptor.sql.BasicBinder      : binding parameter [2] as [DATE] - [Sat Jan 01 00:00:00 EET 2000]
2020-06-10 20:38:39.602 TRACE 56553 --- [    Test worker] o.h.type.descriptor.sql.BasicBinder      : binding parameter [3] as [BIGINT] - [14]
2020-06-10 20:38:39.602 TRACE 56553 --- [    Test worker] o.h.type.descriptor.sql.BasicBinder      : binding parameter [4] as [DATE] - [null]
2020-06-10 20:38:39.603 TRACE 56553 --- [    Test worker] o.h.type.descriptor.sql.BasicBinder      : binding parameter [5] as [VARCHAR] - [null]
2020-06-10 20:38:39.603 TRACE 56553 --- [    Test worker] o.h.type.descriptor.sql.BasicBinder      : binding parameter [6] as [BIGINT] - [10]
2020-06-10 20:38:39.603 TRACE 56553 --- [    Test worker] o.h.type.descriptor.sql.BasicBinder      : binding parameter [7] as [VARCHAR] - [HISTORIA]
2020-06-10 20:38:39.603  INFO 56553 --- [    Test worker] .s.o.r.i.OrganisaatioSuhdeRepositoryImpl :     Created new child relation:  --> pId=10, cId=14, aPvm=Sat Jan 01 00:00:00 EET 2000, lPvm=null
2020-06-10 20:38:39.603  INFO 56553 --- [    Test worker] .o.r.OrganisaatioSuhdeRepositoryImplTest : createOrganisaatio(E)
Hibernate: 
    insert 
    into
        monikielinen_teksti
        (id, version) 
    values
        (null, ?)
2020-06-10 20:38:39.604 TRACE 56553 --- [    Test worker] o.h.type.descriptor.sql.BasicBinder      : binding parameter [1] as [BIGINT] - [0]
Hibernate: 
    insert 
    into
        organisaatio
        (id, version, alkupvm, domainnimi, kotipaikka, kuvaus_mkt, lakkautuspvm, maa, metadata_id, nimi_mkt, nimihaku, oid, opetuspisteenjarjnro, oppilaitoskoodi, oppilaitos_tyyppi, organisaatio_poistettu, paivittaja, paivityspvm, parentidpath, parentoidpath, piilotettu, tarkastus_pvm, toimipistekoodi, tuontipvm, varhaiskasvatuksen_toimipaikka_tiedot_id, virastotunnus, yhteishaunkoulukoodi, yritysmuoto, ytj_kieli, ytjpaivityspvm, ytunnus) 
    values
        (null, ?, ?, ?, ?, ?, ?, ?, ?, ?, ?, ?, ?, ?, ?, ?, ?, ?, ?, ?, ?, ?, ?, ?, ?, ?, ?, ?, ?, ?, ?)
2020-06-10 20:38:39.606 TRACE 56553 --- [    Test worker] o.h.type.descriptor.sql.BasicBinder      : binding parameter [1] as [BIGINT] - [0]
2020-06-10 20:38:39.606 TRACE 56553 --- [    Test worker] o.h.type.descriptor.sql.BasicBinder      : binding parameter [2] as [DATE] - [null]
2020-06-10 20:38:39.606 TRACE 56553 --- [    Test worker] o.h.type.descriptor.sql.BasicBinder      : binding parameter [3] as [VARCHAR] - [null]
2020-06-10 20:38:39.607 TRACE 56553 --- [    Test worker] o.h.type.descriptor.sql.BasicBinder      : binding parameter [4] as [VARCHAR] - [null]
2020-06-10 20:38:39.607 TRACE 56553 --- [    Test worker] o.h.type.descriptor.sql.BasicBinder      : binding parameter [5] as [BIGINT] - [null]
2020-06-10 20:38:39.607 TRACE 56553 --- [    Test worker] o.h.type.descriptor.sql.BasicBinder      : binding parameter [6] as [DATE] - [null]
2020-06-10 20:38:39.607 TRACE 56553 --- [    Test worker] o.h.type.descriptor.sql.BasicBinder      : binding parameter [7] as [VARCHAR] - [null]
2020-06-10 20:38:39.607 TRACE 56553 --- [    Test worker] o.h.type.descriptor.sql.BasicBinder      : binding parameter [8] as [BIGINT] - [null]
2020-06-10 20:38:39.607 TRACE 56553 --- [    Test worker] o.h.type.descriptor.sql.BasicBinder      : binding parameter [9] as [BIGINT] - [6]
2020-06-10 20:38:39.608 TRACE 56553 --- [    Test worker] o.h.type.descriptor.sql.BasicBinder      : binding parameter [10] as [VARCHAR] - [null]
2020-06-10 20:38:39.608 TRACE 56553 --- [    Test worker] o.h.type.descriptor.sql.BasicBinder      : binding parameter [11] as [VARCHAR] - [12350.0]
2020-06-10 20:38:39.608 TRACE 56553 --- [    Test worker] o.h.type.descriptor.sql.BasicBinder      : binding parameter [12] as [VARCHAR] - [null]
2020-06-10 20:38:39.608 TRACE 56553 --- [    Test worker] o.h.type.descriptor.sql.BasicBinder      : binding parameter [13] as [VARCHAR] - [null]
2020-06-10 20:38:39.608 TRACE 56553 --- [    Test worker] o.h.type.descriptor.sql.BasicBinder      : binding parameter [14] as [VARCHAR] - [null]
2020-06-10 20:38:39.608 TRACE 56553 --- [    Test worker] o.h.type.descriptor.sql.BasicBinder      : binding parameter [15] as [BOOLEAN] - [false]
2020-06-10 20:38:39.608 TRACE 56553 --- [    Test worker] o.h.type.descriptor.sql.BasicBinder      : binding parameter [16] as [VARCHAR] - [null]
2020-06-10 20:38:39.608 TRACE 56553 --- [    Test worker] o.h.type.descriptor.sql.BasicBinder      : binding parameter [17] as [TIMESTAMP] - [null]
2020-06-10 20:38:39.608 TRACE 56553 --- [    Test worker] o.h.type.descriptor.sql.BasicBinder      : binding parameter [18] as [VARCHAR] - [null]
2020-06-10 20:38:39.608 TRACE 56553 --- [    Test worker] o.h.type.descriptor.sql.BasicBinder      : binding parameter [19] as [VARCHAR] - [null]
2020-06-10 20:38:39.608 TRACE 56553 --- [    Test worker] o.h.type.descriptor.sql.BasicBinder      : binding parameter [20] as [BOOLEAN] - [false]
2020-06-10 20:38:39.608 TRACE 56553 --- [    Test worker] o.h.type.descriptor.sql.BasicBinder      : binding parameter [21] as [TIMESTAMP] - [null]
2020-06-10 20:38:39.608 TRACE 56553 --- [    Test worker] o.h.type.descriptor.sql.BasicBinder      : binding parameter [22] as [VARCHAR] - [null]
2020-06-10 20:38:39.609 TRACE 56553 --- [    Test worker] o.h.type.descriptor.sql.BasicBinder      : binding parameter [23] as [TIMESTAMP] - [null]
2020-06-10 20:38:39.609 TRACE 56553 --- [    Test worker] o.h.type.descriptor.sql.BasicBinder      : binding parameter [24] as [BIGINT] - [null]
2020-06-10 20:38:39.609 TRACE 56553 --- [    Test worker] o.h.type.descriptor.sql.BasicBinder      : binding parameter [25] as [VARCHAR] - [null]
2020-06-10 20:38:39.609 TRACE 56553 --- [    Test worker] o.h.type.descriptor.sql.BasicBinder      : binding parameter [26] as [VARCHAR] - [null]
2020-06-10 20:38:39.609 TRACE 56553 --- [    Test worker] o.h.type.descriptor.sql.BasicBinder      : binding parameter [27] as [VARCHAR] - [null]
2020-06-10 20:38:39.609 TRACE 56553 --- [    Test worker] o.h.type.descriptor.sql.BasicBinder      : binding parameter [28] as [VARCHAR] - [null]
2020-06-10 20:38:39.609 TRACE 56553 --- [    Test worker] o.h.type.descriptor.sql.BasicBinder      : binding parameter [29] as [DATE] - [null]
2020-06-10 20:38:39.609 TRACE 56553 --- [    Test worker] o.h.type.descriptor.sql.BasicBinder      : binding parameter [30] as [VARCHAR] - [null]
Hibernate: 
    insert 
    into
        yhteystieto
        (id, version, kieli, organisaatio_id, yhteystieto_oid, coordinatetype, extrarivi, lat, lng, maa, osavaltio, osoite, osoite_tyyppi, postinumero, postitoimipaikka, ytjpaivityspvm, dtype) 
    values
        (null, ?, ?, ?, ?, ?, ?, ?, ?, ?, ?, ?, ?, ?, ?, ?, 'Osoite')
2020-06-10 20:38:39.611 TRACE 56553 --- [    Test worker] o.h.type.descriptor.sql.BasicBinder      : binding parameter [1] as [BIGINT] - [0]
2020-06-10 20:38:39.611 TRACE 56553 --- [    Test worker] o.h.type.descriptor.sql.BasicBinder      : binding parameter [2] as [VARCHAR] - [null]
2020-06-10 20:38:39.611 TRACE 56553 --- [    Test worker] o.h.type.descriptor.sql.BasicBinder      : binding parameter [3] as [BIGINT] - [null]
2020-06-10 20:38:39.611 TRACE 56553 --- [    Test worker] o.h.type.descriptor.sql.BasicBinder      : binding parameter [4] as [VARCHAR] - [aee3d40c-7755-4bb4-911f-d0851fba9b2a]
2020-06-10 20:38:39.611 TRACE 56553 --- [    Test worker] o.h.type.descriptor.sql.BasicBinder      : binding parameter [5] as [VARCHAR] - [null]
2020-06-10 20:38:39.611 TRACE 56553 --- [    Test worker] o.h.type.descriptor.sql.BasicBinder      : binding parameter [6] as [VARCHAR] - [null]
2020-06-10 20:38:39.612 TRACE 56553 --- [    Test worker] o.h.type.descriptor.sql.BasicBinder      : binding parameter [7] as [DOUBLE] - [null]
2020-06-10 20:38:39.612 TRACE 56553 --- [    Test worker] o.h.type.descriptor.sql.BasicBinder      : binding parameter [8] as [DOUBLE] - [null]
2020-06-10 20:38:39.612 TRACE 56553 --- [    Test worker] o.h.type.descriptor.sql.BasicBinder      : binding parameter [9] as [VARCHAR] - [null]
2020-06-10 20:38:39.612 TRACE 56553 --- [    Test worker] o.h.type.descriptor.sql.BasicBinder      : binding parameter [10] as [VARCHAR] - [null]
2020-06-10 20:38:39.612 TRACE 56553 --- [    Test worker] o.h.type.descriptor.sql.BasicBinder      : binding parameter [11] as [VARCHAR] - [katu]
2020-06-10 20:38:39.612 TRACE 56553 --- [    Test worker] o.h.type.descriptor.sql.BasicBinder      : binding parameter [12] as [VARCHAR] - [kaynti]
2020-06-10 20:38:39.612 TRACE 56553 --- [    Test worker] o.h.type.descriptor.sql.BasicBinder      : binding parameter [13] as [VARCHAR] - [0000]
2020-06-10 20:38:39.612 TRACE 56553 --- [    Test worker] o.h.type.descriptor.sql.BasicBinder      : binding parameter [14] as [VARCHAR] - [Helsinki]
2020-06-10 20:38:39.612 TRACE 56553 --- [    Test worker] o.h.type.descriptor.sql.BasicBinder      : binding parameter [15] as [DATE] - [null]
2020-06-10 20:38:39.613  INFO 56553 --- [    Test worker] .s.o.r.i.OrganisaatioSuhdeRepositoryImpl : addChild(10, 15, Sat Jan 01 00:00:00 EET 2000)
Hibernate: 
    insert 
    into
        organisaatiosuhde
        (id, version, alkupvm, child_id, loppupvm, opetuspisteenjarjnro, parent_id, suhdetyyppi) 
    values
        (null, ?, ?, ?, ?, ?, ?, ?)
2020-06-10 20:38:39.615 TRACE 56553 --- [    Test worker] o.h.type.descriptor.sql.BasicBinder      : binding parameter [1] as [BIGINT] - [0]
2020-06-10 20:38:39.615 TRACE 56553 --- [    Test worker] o.h.type.descriptor.sql.BasicBinder      : binding parameter [2] as [DATE] - [Sat Jan 01 00:00:00 EET 2000]
2020-06-10 20:38:39.615 TRACE 56553 --- [    Test worker] o.h.type.descriptor.sql.BasicBinder      : binding parameter [3] as [BIGINT] - [15]
2020-06-10 20:38:39.615 TRACE 56553 --- [    Test worker] o.h.type.descriptor.sql.BasicBinder      : binding parameter [4] as [DATE] - [null]
2020-06-10 20:38:39.615 TRACE 56553 --- [    Test worker] o.h.type.descriptor.sql.BasicBinder      : binding parameter [5] as [VARCHAR] - [null]
2020-06-10 20:38:39.615 TRACE 56553 --- [    Test worker] o.h.type.descriptor.sql.BasicBinder      : binding parameter [6] as [BIGINT] - [10]
2020-06-10 20:38:39.615 TRACE 56553 --- [    Test worker] o.h.type.descriptor.sql.BasicBinder      : binding parameter [7] as [VARCHAR] - [HISTORIA]
2020-06-10 20:38:39.616  INFO 56553 --- [    Test worker] .s.o.r.i.OrganisaatioSuhdeRepositoryImpl :     Created new child relation:  --> pId=10, cId=15, aPvm=Sat Jan 01 00:00:00 EET 2000, lPvm=null
Hibernate: 
    insert 
    into
        monikielinen_teksti_values
        (id, key, value) 
    values
        (?, ?, ?)
2020-06-10 20:38:39.623 TRACE 56553 --- [    Test worker] o.h.type.descriptor.sql.BasicBinder      : binding parameter [1] as [BIGINT] - [1]
2020-06-10 20:38:39.624 TRACE 56553 --- [    Test worker] o.h.type.descriptor.sql.BasicBinder      : binding parameter [2] as [VARCHAR] - [FI]
2020-06-10 20:38:39.624 TRACE 56553 --- [    Test worker] o.h.type.descriptor.sql.BasicBinder      : binding parameter [3] as [VARCHAR] - [OPH]
Hibernate: 
    insert 
    into
        monikielinen_teksti_values
        (id, key, value) 
    values
        (?, ?, ?)
2020-06-10 20:38:39.624 TRACE 56553 --- [    Test worker] o.h.type.descriptor.sql.BasicBinder      : binding parameter [1] as [BIGINT] - [2]
2020-06-10 20:38:39.624 TRACE 56553 --- [    Test worker] o.h.type.descriptor.sql.BasicBinder      : binding parameter [2] as [VARCHAR] - [FI]
2020-06-10 20:38:39.625 TRACE 56553 --- [    Test worker] o.h.type.descriptor.sql.BasicBinder      : binding parameter [3] as [VARCHAR] - [A]
Hibernate: 
    insert 
    into
        monikielinen_teksti_values
        (id, key, value) 
    values
        (?, ?, ?)
2020-06-10 20:38:39.625 TRACE 56553 --- [    Test worker] o.h.type.descriptor.sql.BasicBinder      : binding parameter [1] as [BIGINT] - [3]
2020-06-10 20:38:39.625 TRACE 56553 --- [    Test worker] o.h.type.descriptor.sql.BasicBinder      : binding parameter [2] as [VARCHAR] - [FI]
2020-06-10 20:38:39.626 TRACE 56553 --- [    Test worker] o.h.type.descriptor.sql.BasicBinder      : binding parameter [3] as [VARCHAR] - [B]
Hibernate: 
    insert 
    into
        monikielinen_teksti_values
        (id, key, value) 
    values
        (?, ?, ?)
2020-06-10 20:38:39.626 TRACE 56553 --- [    Test worker] o.h.type.descriptor.sql.BasicBinder      : binding parameter [1] as [BIGINT] - [4]
2020-06-10 20:38:39.626 TRACE 56553 --- [    Test worker] o.h.type.descriptor.sql.BasicBinder      : binding parameter [2] as [VARCHAR] - [FI]
2020-06-10 20:38:39.626 TRACE 56553 --- [    Test worker] o.h.type.descriptor.sql.BasicBinder      : binding parameter [3] as [VARCHAR] - [C]
Hibernate: 
    insert 
    into
        monikielinen_teksti_values
        (id, key, value) 
    values
        (?, ?, ?)
2020-06-10 20:38:39.627 TRACE 56553 --- [    Test worker] o.h.type.descriptor.sql.BasicBinder      : binding parameter [1] as [BIGINT] - [5]
2020-06-10 20:38:39.627 TRACE 56553 --- [    Test worker] o.h.type.descriptor.sql.BasicBinder      : binding parameter [2] as [VARCHAR] - [FI]
2020-06-10 20:38:39.627 TRACE 56553 --- [    Test worker] o.h.type.descriptor.sql.BasicBinder      : binding parameter [3] as [VARCHAR] - [D]
Hibernate: 
    insert 
    into
        monikielinen_teksti_values
        (id, key, value) 
    values
        (?, ?, ?)
2020-06-10 20:38:39.628 TRACE 56553 --- [    Test worker] o.h.type.descriptor.sql.BasicBinder      : binding parameter [1] as [BIGINT] - [6]
2020-06-10 20:38:39.628 TRACE 56553 --- [    Test worker] o.h.type.descriptor.sql.BasicBinder      : binding parameter [2] as [VARCHAR] - [FI]
2020-06-10 20:38:39.628 TRACE 56553 --- [    Test worker] o.h.type.descriptor.sql.BasicBinder      : binding parameter [3] as [VARCHAR] - [E]
Hibernate: 
    select
        organisaat0_.id as id1_19_,
        organisaat0_.version as version2_19_,
        organisaat0_.alkupvm as alkupvm3_19_,
        organisaat0_.child_id as child_id7_19_,
        organisaat0_.loppupvm as loppupvm4_19_,
        organisaat0_.opetuspisteenjarjnro as opetuspi5_19_,
        organisaat0_.parent_id as parent_i8_19_,
        organisaat0_.suhdetyyppi as suhdetyy6_19_ 
    from
        organisaatiosuhde organisaat0_
2020-06-10 20:38:39.629 TRACE 56553 --- [    Test worker] o.h.type.descriptor.sql.BasicExtractor   : extracted value ([id1_19_] : [BIGINT]) - [1]
2020-06-10 20:38:39.629 TRACE 56553 --- [    Test worker] o.h.type.descriptor.sql.BasicExtractor   : extracted value ([id1_19_] : [BIGINT]) - [2]
2020-06-10 20:38:39.629 TRACE 56553 --- [    Test worker] o.h.type.descriptor.sql.BasicExtractor   : extracted value ([id1_19_] : [BIGINT]) - [3]
2020-06-10 20:38:39.629 TRACE 56553 --- [    Test worker] o.h.type.descriptor.sql.BasicExtractor   : extracted value ([id1_19_] : [BIGINT]) - [4]
2020-06-10 20:38:39.629 TRACE 56553 --- [    Test worker] o.h.type.descriptor.sql.BasicExtractor   : extracted value ([id1_19_] : [BIGINT]) - [5]
2020-06-10 20:38:39.629  INFO 56553 --- [    Test worker] .o.r.OrganisaatioSuhdeRepositoryImplTest : ORGANISAATIOSUHDE TABLE:
2020-06-10 20:38:39.630  INFO 56553 --- [    Test worker] .o.r.OrganisaatioSuhdeRepositoryImplTest :   OS: pId=10, cId=11, a=Sat Jan 01 00:00:00 EET 2000, l=null
2020-06-10 20:38:39.630  INFO 56553 --- [    Test worker] .o.r.OrganisaatioSuhdeRepositoryImplTest :   OS: pId=10, cId=12, a=Sat Jan 01 00:00:00 EET 2000, l=null
2020-06-10 20:38:39.630  INFO 56553 --- [    Test worker] .o.r.OrganisaatioSuhdeRepositoryImplTest :   OS: pId=10, cId=13, a=Sat Jan 01 00:00:00 EET 2000, l=null
2020-06-10 20:38:39.630  INFO 56553 --- [    Test worker] .o.r.OrganisaatioSuhdeRepositoryImplTest :   OS: pId=10, cId=14, a=Sat Jan 01 00:00:00 EET 2000, l=null
2020-06-10 20:38:39.630  INFO 56553 --- [    Test worker] .o.r.OrganisaatioSuhdeRepositoryImplTest :   OS: pId=10, cId=15, a=Sat Jan 01 00:00:00 EET 2000, l=null
2020-06-10 20:38:39.630  INFO 56553 --- [    Test worker] .o.r.OrganisaatioSuhdeRepositoryImplTest : -------------------------------- createDate(1.1.2001)
2020-06-10 20:38:39.630  INFO 56553 --- [    Test worker] .s.o.r.i.OrganisaatioSuhdeRepositoryImpl : addChild(11, 12, Mon Jan 01 00:00:00 EET 2001)
Hibernate: 
    insert 
    into
        organisaatiosuhde
        (id, version, alkupvm, child_id, loppupvm, opetuspisteenjarjnro, parent_id, suhdetyyppi) 
    values
        (null, ?, ?, ?, ?, ?, ?, ?)
2020-06-10 20:38:39.631 TRACE 56553 --- [    Test worker] o.h.type.descriptor.sql.BasicBinder      : binding parameter [1] as [BIGINT] - [0]
2020-06-10 20:38:39.631 TRACE 56553 --- [    Test worker] o.h.type.descriptor.sql.BasicBinder      : binding parameter [2] as [DATE] - [Mon Jan 01 00:00:00 EET 2001]
2020-06-10 20:38:39.631 TRACE 56553 --- [    Test worker] o.h.type.descriptor.sql.BasicBinder      : binding parameter [3] as [BIGINT] - [12]
2020-06-10 20:38:39.631 TRACE 56553 --- [    Test worker] o.h.type.descriptor.sql.BasicBinder      : binding parameter [4] as [DATE] - [null]
2020-06-10 20:38:39.632 TRACE 56553 --- [    Test worker] o.h.type.descriptor.sql.BasicBinder      : binding parameter [5] as [VARCHAR] - [null]
2020-06-10 20:38:39.632 TRACE 56553 --- [    Test worker] o.h.type.descriptor.sql.BasicBinder      : binding parameter [6] as [BIGINT] - [11]
2020-06-10 20:38:39.632 TRACE 56553 --- [    Test worker] o.h.type.descriptor.sql.BasicBinder      : binding parameter [7] as [VARCHAR] - [HISTORIA]
2020-06-10 20:38:39.632  INFO 56553 --- [    Test worker] .s.o.r.i.OrganisaatioSuhdeRepositoryImpl :     Created new child relation:  --> pId=11, cId=12, aPvm=Mon Jan 01 00:00:00 EET 2001, lPvm=null
Hibernate: 
    select
        organisaat0_.id as id1_19_,
        organisaat0_.version as version2_19_,
        organisaat0_.alkupvm as alkupvm3_19_,
        organisaat0_.child_id as child_id7_19_,
        organisaat0_.loppupvm as loppupvm4_19_,
        organisaat0_.opetuspisteenjarjnro as opetuspi5_19_,
        organisaat0_.parent_id as parent_i8_19_,
        organisaat0_.suhdetyyppi as suhdetyy6_19_ 
    from
        organisaatiosuhde organisaat0_
2020-06-10 20:38:39.637 TRACE 56553 --- [    Test worker] o.h.type.descriptor.sql.BasicExtractor   : extracted value ([id1_19_] : [BIGINT]) - [1]
2020-06-10 20:38:39.637 TRACE 56553 --- [    Test worker] o.h.type.descriptor.sql.BasicExtractor   : extracted value ([id1_19_] : [BIGINT]) - [2]
2020-06-10 20:38:39.637 TRACE 56553 --- [    Test worker] o.h.type.descriptor.sql.BasicExtractor   : extracted value ([id1_19_] : [BIGINT]) - [3]
2020-06-10 20:38:39.637 TRACE 56553 --- [    Test worker] o.h.type.descriptor.sql.BasicExtractor   : extracted value ([id1_19_] : [BIGINT]) - [4]
2020-06-10 20:38:39.637 TRACE 56553 --- [    Test worker] o.h.type.descriptor.sql.BasicExtractor   : extracted value ([id1_19_] : [BIGINT]) - [5]
2020-06-10 20:38:39.637 TRACE 56553 --- [    Test worker] o.h.type.descriptor.sql.BasicExtractor   : extracted value ([id1_19_] : [BIGINT]) - [6]
2020-06-10 20:38:39.637  INFO 56553 --- [    Test worker] .o.r.OrganisaatioSuhdeRepositoryImplTest : ORGANISAATIOSUHDE TABLE:
2020-06-10 20:38:39.637  INFO 56553 --- [    Test worker] .o.r.OrganisaatioSuhdeRepositoryImplTest :   OS: pId=10, cId=11, a=Sat Jan 01 00:00:00 EET 2000, l=null
2020-06-10 20:38:39.637  INFO 56553 --- [    Test worker] .o.r.OrganisaatioSuhdeRepositoryImplTest :   OS: pId=10, cId=12, a=Sat Jan 01 00:00:00 EET 2000, l=null
2020-06-10 20:38:39.638  INFO 56553 --- [    Test worker] .o.r.OrganisaatioSuhdeRepositoryImplTest :   OS: pId=10, cId=13, a=Sat Jan 01 00:00:00 EET 2000, l=null
2020-06-10 20:38:39.638  INFO 56553 --- [    Test worker] .o.r.OrganisaatioSuhdeRepositoryImplTest :   OS: pId=10, cId=14, a=Sat Jan 01 00:00:00 EET 2000, l=null
2020-06-10 20:38:39.638  INFO 56553 --- [    Test worker] .o.r.OrganisaatioSuhdeRepositoryImplTest :   OS: pId=10, cId=15, a=Sat Jan 01 00:00:00 EET 2000, l=null
2020-06-10 20:38:39.638  INFO 56553 --- [    Test worker] .o.r.OrganisaatioSuhdeRepositoryImplTest :   OS: pId=11, cId=12, a=Mon Jan 01 00:00:00 EET 2001, l=null
2020-06-10 20:38:39.638  INFO 56553 --- [    Test worker] .s.o.r.i.OrganisaatioSuhdeRepositoryImpl : findChildrenTo(11, Mon Jan 01 00:00:00 EET 2001)
Hibernate: 
    select
        organisaat0_.id as id1_19_0_,
        organisaat1_.id as id1_5_1_,
        organisaat0_.version as version2_19_0_,
        organisaat0_.alkupvm as alkupvm3_19_0_,
        organisaat0_.child_id as child_id7_19_0_,
        organisaat0_.loppupvm as loppupvm4_19_0_,
        organisaat0_.opetuspisteenjarjnro as opetuspi5_19_0_,
        organisaat0_.parent_id as parent_i8_19_0_,
        organisaat0_.suhdetyyppi as suhdetyy6_19_0_,
        organisaat1_.version as version2_5_1_,
        organisaat1_.alkupvm as alkupvm3_5_1_,
        organisaat1_.domainnimi as domainni4_5_1_,
        organisaat1_.kotipaikka as kotipaik5_5_1_,
        organisaat1_.kuvaus_mkt as kuvaus_28_5_1_,
        organisaat1_.lakkautuspvm as lakkautu6_5_1_,
        organisaat1_.maa as maa7_5_1_,
        organisaat1_.metadata_id as metadat29_5_1_,
        organisaat1_.nimi_mkt as nimi_mk30_5_1_,
        organisaat1_.nimihaku as nimihaku8_5_1_,
        organisaat1_.oid as oid9_5_1_,
        organisaat1_.opetuspisteenjarjnro as opetusp10_5_1_,
        organisaat1_.oppilaitoskoodi as oppilai11_5_1_,
        organisaat1_.oppilaitos_tyyppi as oppilai12_5_1_,
        organisaat1_.organisaatio_poistettu as organis13_5_1_,
        organisaat1_.paivittaja as paivitt14_5_1_,
        organisaat1_.paivityspvm as paivity15_5_1_,
        organisaat1_.parentidpath as parenti16_5_1_,
        organisaat1_.parentoidpath as parento17_5_1_,
        organisaat1_.piilotettu as piilote18_5_1_,
        organisaat1_.tarkastus_pvm as tarkast19_5_1_,
        organisaat1_.toimipistekoodi as toimipi20_5_1_,
        organisaat1_.tuontipvm as tuontip21_5_1_,
        organisaat1_.varhaiskasvatuksen_toimipaikka_tiedot_id as varhais31_5_1_,
        organisaat1_.virastotunnus as virasto22_5_1_,
        organisaat1_.yhteishaunkoulukoodi as yhteish23_5_1_,
        organisaat1_.yritysmuoto as yritysm24_5_1_,
        organisaat1_.ytj_kieli as ytj_kie25_5_1_,
        organisaat1_.ytjpaivityspvm as ytjpaiv26_5_1_,
        organisaat1_.ytunnus as ytunnus27_5_1_ 
    from
        organisaatiosuhde organisaat0_ 
    inner join
        organisaatio organisaat1_ 
            on organisaat0_.child_id=organisaat1_.id 
    where
        organisaat0_.parent_id=? 
        and organisaat0_.suhdetyyppi=? 
        and (
            organisaat0_.alkupvm=? 
            or organisaat0_.alkupvm<?
        ) 
        and (
            organisaat0_.loppupvm is null 
            or organisaat0_.loppupvm>?
        ) 
        and organisaat1_.organisaatio_poistettu=? 
    order by
        organisaat0_.alkupvm desc
2020-06-10 20:38:39.650 TRACE 56553 --- [    Test worker] o.h.type.descriptor.sql.BasicBinder      : binding parameter [1] as [BIGINT] - [11]
2020-06-10 20:38:39.650 TRACE 56553 --- [    Test worker] o.h.type.descriptor.sql.BasicBinder      : binding parameter [2] as [VARCHAR] - [HISTORIA]
2020-06-10 20:38:39.650 TRACE 56553 --- [    Test worker] o.h.type.descriptor.sql.BasicBinder      : binding parameter [3] as [DATE] - [Mon Jan 01 00:00:00 EET 2001]
2020-06-10 20:38:39.650 TRACE 56553 --- [    Test worker] o.h.type.descriptor.sql.BasicBinder      : binding parameter [4] as [DATE] - [Mon Jan 01 00:00:00 EET 2001]
2020-06-10 20:38:39.650 TRACE 56553 --- [    Test worker] o.h.type.descriptor.sql.BasicBinder      : binding parameter [5] as [DATE] - [Mon Jan 01 00:00:00 EET 2001]
2020-06-10 20:38:39.650 TRACE 56553 --- [    Test worker] o.h.type.descriptor.sql.BasicBinder      : binding parameter [6] as [BOOLEAN] - [false]
2020-06-10 20:38:39.651 TRACE 56553 --- [    Test worker] o.h.type.descriptor.sql.BasicExtractor   : extracted value ([id1_19_0_] : [BIGINT]) - [6]
2020-06-10 20:38:39.651 TRACE 56553 --- [    Test worker] o.h.type.descriptor.sql.BasicExtractor   : extracted value ([id1_5_1_] : [BIGINT]) - [12]
2020-06-10 20:38:39.651  INFO 56553 --- [    Test worker] .s.o.r.i.OrganisaatioSuhdeRepositoryImpl : findParentTo(12, Mon Jan 01 00:00:00 EET 2001)
Hibernate: 
    select
        organisaat0_.id as id1_19_0_,
        organisaat1_.id as id1_5_1_,
        organisaat0_.version as version2_19_0_,
        organisaat0_.alkupvm as alkupvm3_19_0_,
        organisaat0_.child_id as child_id7_19_0_,
        organisaat0_.loppupvm as loppupvm4_19_0_,
        organisaat0_.opetuspisteenjarjnro as opetuspi5_19_0_,
        organisaat0_.parent_id as parent_i8_19_0_,
        organisaat0_.suhdetyyppi as suhdetyy6_19_0_,
        organisaat1_.version as version2_5_1_,
        organisaat1_.alkupvm as alkupvm3_5_1_,
        organisaat1_.domainnimi as domainni4_5_1_,
        organisaat1_.kotipaikka as kotipaik5_5_1_,
        organisaat1_.kuvaus_mkt as kuvaus_28_5_1_,
        organisaat1_.lakkautuspvm as lakkautu6_5_1_,
        organisaat1_.maa as maa7_5_1_,
        organisaat1_.metadata_id as metadat29_5_1_,
        organisaat1_.nimi_mkt as nimi_mk30_5_1_,
        organisaat1_.nimihaku as nimihaku8_5_1_,
        organisaat1_.oid as oid9_5_1_,
        organisaat1_.opetuspisteenjarjnro as opetusp10_5_1_,
        organisaat1_.oppilaitoskoodi as oppilai11_5_1_,
        organisaat1_.oppilaitos_tyyppi as oppilai12_5_1_,
        organisaat1_.organisaatio_poistettu as organis13_5_1_,
        organisaat1_.paivittaja as paivitt14_5_1_,
        organisaat1_.paivityspvm as paivity15_5_1_,
        organisaat1_.parentidpath as parenti16_5_1_,
        organisaat1_.parentoidpath as parento17_5_1_,
        organisaat1_.piilotettu as piilote18_5_1_,
        organisaat1_.tarkastus_pvm as tarkast19_5_1_,
        organisaat1_.toimipistekoodi as toimipi20_5_1_,
        organisaat1_.tuontipvm as tuontip21_5_1_,
        organisaat1_.varhaiskasvatuksen_toimipaikka_tiedot_id as varhais31_5_1_,
        organisaat1_.virastotunnus as virasto22_5_1_,
        organisaat1_.yhteishaunkoulukoodi as yhteish23_5_1_,
        organisaat1_.yritysmuoto as yritysm24_5_1_,
        organisaat1_.ytj_kieli as ytj_kie25_5_1_,
        organisaat1_.ytjpaivityspvm as ytjpaiv26_5_1_,
        organisaat1_.ytunnus as ytunnus27_5_1_ 
    from
        organisaatiosuhde organisaat0_ 
    inner join
        organisaatio organisaat1_ 
            on organisaat0_.parent_id=organisaat1_.id 
    where
        organisaat0_.child_id=? 
        and organisaat0_.suhdetyyppi=? 
        and (
            organisaat0_.alkupvm=? 
            or organisaat0_.alkupvm<?
        ) 
        and (
            organisaat0_.loppupvm is null 
            or organisaat0_.loppupvm>?
        ) 
        and organisaat1_.organisaatio_poistettu=? 
    order by
        organisaat0_.alkupvm desc
2020-06-10 20:38:39.660 TRACE 56553 --- [    Test worker] o.h.type.descriptor.sql.BasicBinder      : binding parameter [1] as [BIGINT] - [12]
2020-06-10 20:38:39.660 TRACE 56553 --- [    Test worker] o.h.type.descriptor.sql.BasicBinder      : binding parameter [2] as [VARCHAR] - [HISTORIA]
2020-06-10 20:38:39.660 TRACE 56553 --- [    Test worker] o.h.type.descriptor.sql.BasicBinder      : binding parameter [3] as [DATE] - [Mon Jan 01 00:00:00 EET 2001]
2020-06-10 20:38:39.660 TRACE 56553 --- [    Test worker] o.h.type.descriptor.sql.BasicBinder      : binding parameter [4] as [DATE] - [Mon Jan 01 00:00:00 EET 2001]
2020-06-10 20:38:39.660 TRACE 56553 --- [    Test worker] o.h.type.descriptor.sql.BasicBinder      : binding parameter [5] as [DATE] - [Mon Jan 01 00:00:00 EET 2001]
2020-06-10 20:38:39.660 TRACE 56553 --- [    Test worker] o.h.type.descriptor.sql.BasicBinder      : binding parameter [6] as [BOOLEAN] - [false]
2020-06-10 20:38:39.661 TRACE 56553 --- [    Test worker] o.h.type.descriptor.sql.BasicExtractor   : extracted value ([id1_19_0_] : [BIGINT]) - [6]
2020-06-10 20:38:39.661 TRACE 56553 --- [    Test worker] o.h.type.descriptor.sql.BasicExtractor   : extracted value ([id1_5_1_] : [BIGINT]) - [11]
2020-06-10 20:38:39.661 TRACE 56553 --- [    Test worker] o.h.type.descriptor.sql.BasicExtractor   : extracted value ([id1_19_0_] : [BIGINT]) - [2]
2020-06-10 20:38:39.661 TRACE 56553 --- [    Test worker] o.h.type.descriptor.sql.BasicExtractor   : extracted value ([id1_5_1_] : [BIGINT]) - [10]
2020-06-10 20:38:39.662  INFO 56553 --- [    Test worker] .s.o.r.i.OrganisaatioSuhdeRepositoryImpl : findParentTo(12, Mon Jan 01 00:00:00 EET 2001)
Hibernate: 
    select
        organisaat0_.id as id1_19_0_,
        organisaat1_.id as id1_5_1_,
        organisaat0_.version as version2_19_0_,
        organisaat0_.alkupvm as alkupvm3_19_0_,
        organisaat0_.child_id as child_id7_19_0_,
        organisaat0_.loppupvm as loppupvm4_19_0_,
        organisaat0_.opetuspisteenjarjnro as opetuspi5_19_0_,
        organisaat0_.parent_id as parent_i8_19_0_,
        organisaat0_.suhdetyyppi as suhdetyy6_19_0_,
        organisaat1_.version as version2_5_1_,
        organisaat1_.alkupvm as alkupvm3_5_1_,
        organisaat1_.domainnimi as domainni4_5_1_,
        organisaat1_.kotipaikka as kotipaik5_5_1_,
        organisaat1_.kuvaus_mkt as kuvaus_28_5_1_,
        organisaat1_.lakkautuspvm as lakkautu6_5_1_,
        organisaat1_.maa as maa7_5_1_,
        organisaat1_.metadata_id as metadat29_5_1_,
        organisaat1_.nimi_mkt as nimi_mk30_5_1_,
        organisaat1_.nimihaku as nimihaku8_5_1_,
        organisaat1_.oid as oid9_5_1_,
        organisaat1_.opetuspisteenjarjnro as opetusp10_5_1_,
        organisaat1_.oppilaitoskoodi as oppilai11_5_1_,
        organisaat1_.oppilaitos_tyyppi as oppilai12_5_1_,
        organisaat1_.organisaatio_poistettu as organis13_5_1_,
        organisaat1_.paivittaja as paivitt14_5_1_,
        organisaat1_.paivityspvm as paivity15_5_1_,
        organisaat1_.parentidpath as parenti16_5_1_,
        organisaat1_.parentoidpath as parento17_5_1_,
        organisaat1_.piilotettu as piilote18_5_1_,
        organisaat1_.tarkastus_pvm as tarkast19_5_1_,
        organisaat1_.toimipistekoodi as toimipi20_5_1_,
        organisaat1_.tuontipvm as tuontip21_5_1_,
        organisaat1_.varhaiskasvatuksen_toimipaikka_tiedot_id as varhais31_5_1_,
        organisaat1_.virastotunnus as virasto22_5_1_,
        organisaat1_.yhteishaunkoulukoodi as yhteish23_5_1_,
        organisaat1_.yritysmuoto as yritysm24_5_1_,
        organisaat1_.ytj_kieli as ytj_kie25_5_1_,
        organisaat1_.ytjpaivityspvm as ytjpaiv26_5_1_,
        organisaat1_.ytunnus as ytunnus27_5_1_ 
    from
        organisaatiosuhde organisaat0_ 
    inner join
        organisaatio organisaat1_ 
            on organisaat0_.parent_id=organisaat1_.id 
    where
        organisaat0_.child_id=? 
        and organisaat0_.suhdetyyppi=? 
        and (
            organisaat0_.alkupvm=? 
            or organisaat0_.alkupvm<?
        ) 
        and (
            organisaat0_.loppupvm is null 
            or organisaat0_.loppupvm>?
        ) 
        and organisaat1_.organisaatio_poistettu=? 
    order by
        organisaat0_.alkupvm desc
2020-06-10 20:38:39.666 TRACE 56553 --- [    Test worker] o.h.type.descriptor.sql.BasicBinder      : binding parameter [1] as [BIGINT] - [12]
2020-06-10 20:38:39.666 TRACE 56553 --- [    Test worker] o.h.type.descriptor.sql.BasicBinder      : binding parameter [2] as [VARCHAR] - [HISTORIA]
2020-06-10 20:38:39.666 TRACE 56553 --- [    Test worker] o.h.type.descriptor.sql.BasicBinder      : binding parameter [3] as [DATE] - [Mon Jan 01 00:00:00 EET 2001]
2020-06-10 20:38:39.666 TRACE 56553 --- [    Test worker] o.h.type.descriptor.sql.BasicBinder      : binding parameter [4] as [DATE] - [Mon Jan 01 00:00:00 EET 2001]
2020-06-10 20:38:39.666 TRACE 56553 --- [    Test worker] o.h.type.descriptor.sql.BasicBinder      : binding parameter [5] as [DATE] - [Mon Jan 01 00:00:00 EET 2001]
2020-06-10 20:38:39.666 TRACE 56553 --- [    Test worker] o.h.type.descriptor.sql.BasicBinder      : binding parameter [6] as [BOOLEAN] - [false]
2020-06-10 20:38:39.666 TRACE 56553 --- [    Test worker] o.h.type.descriptor.sql.BasicExtractor   : extracted value ([id1_19_0_] : [BIGINT]) - [6]
2020-06-10 20:38:39.666 TRACE 56553 --- [    Test worker] o.h.type.descriptor.sql.BasicExtractor   : extracted value ([id1_5_1_] : [BIGINT]) - [11]
2020-06-10 20:38:39.666 TRACE 56553 --- [    Test worker] o.h.type.descriptor.sql.BasicExtractor   : extracted value ([id1_19_0_] : [BIGINT]) - [2]
2020-06-10 20:38:39.666 TRACE 56553 --- [    Test worker] o.h.type.descriptor.sql.BasicExtractor   : extracted value ([id1_5_1_] : [BIGINT]) - [10]
2020-06-10 20:38:39.667  INFO 56553 --- [    Test worker] .o.r.OrganisaatioSuhdeRepositoryImplTest : -------------------------------- createDate(2.1.2001)
2020-06-10 20:38:39.667  INFO 56553 --- [    Test worker] .s.o.r.i.OrganisaatioSuhdeRepositoryImpl : addChild(11, 13, Tue Jan 02 00:00:00 EET 2001)
Hibernate: 
    insert 
    into
        organisaatiosuhde
        (id, version, alkupvm, child_id, loppupvm, opetuspisteenjarjnro, parent_id, suhdetyyppi) 
    values
        (null, ?, ?, ?, ?, ?, ?, ?)
2020-06-10 20:38:39.669 TRACE 56553 --- [    Test worker] o.h.type.descriptor.sql.BasicBinder      : binding parameter [1] as [BIGINT] - [0]
2020-06-10 20:38:39.669 TRACE 56553 --- [    Test worker] o.h.type.descriptor.sql.BasicBinder      : binding parameter [2] as [DATE] - [Tue Jan 02 00:00:00 EET 2001]
2020-06-10 20:38:39.669 TRACE 56553 --- [    Test worker] o.h.type.descriptor.sql.BasicBinder      : binding parameter [3] as [BIGINT] - [13]
2020-06-10 20:38:39.669 TRACE 56553 --- [    Test worker] o.h.type.descriptor.sql.BasicBinder      : binding parameter [4] as [DATE] - [null]
2020-06-10 20:38:39.669 TRACE 56553 --- [    Test worker] o.h.type.descriptor.sql.BasicBinder      : binding parameter [5] as [VARCHAR] - [null]
2020-06-10 20:38:39.669 TRACE 56553 --- [    Test worker] o.h.type.descriptor.sql.BasicBinder      : binding parameter [6] as [BIGINT] - [11]
2020-06-10 20:38:39.669 TRACE 56553 --- [    Test worker] o.h.type.descriptor.sql.BasicBinder      : binding parameter [7] as [VARCHAR] - [HISTORIA]
2020-06-10 20:38:39.669  INFO 56553 --- [    Test worker] .s.o.r.i.OrganisaatioSuhdeRepositoryImpl :     Created new child relation:  --> pId=11, cId=13, aPvm=Tue Jan 02 00:00:00 EET 2001, lPvm=null
Hibernate: 
    select
        organisaat0_.id as id1_19_,
        organisaat0_.version as version2_19_,
        organisaat0_.alkupvm as alkupvm3_19_,
        organisaat0_.child_id as child_id7_19_,
        organisaat0_.loppupvm as loppupvm4_19_,
        organisaat0_.opetuspisteenjarjnro as opetuspi5_19_,
        organisaat0_.parent_id as parent_i8_19_,
        organisaat0_.suhdetyyppi as suhdetyy6_19_ 
    from
        organisaatiosuhde organisaat0_
2020-06-10 20:38:39.671 TRACE 56553 --- [    Test worker] o.h.type.descriptor.sql.BasicExtractor   : extracted value ([id1_19_] : [BIGINT]) - [1]
2020-06-10 20:38:39.671 TRACE 56553 --- [    Test worker] o.h.type.descriptor.sql.BasicExtractor   : extracted value ([id1_19_] : [BIGINT]) - [2]
2020-06-10 20:38:39.671 TRACE 56553 --- [    Test worker] o.h.type.descriptor.sql.BasicExtractor   : extracted value ([id1_19_] : [BIGINT]) - [3]
2020-06-10 20:38:39.672 TRACE 56553 --- [    Test worker] o.h.type.descriptor.sql.BasicExtractor   : extracted value ([id1_19_] : [BIGINT]) - [4]
2020-06-10 20:38:39.672 TRACE 56553 --- [    Test worker] o.h.type.descriptor.sql.BasicExtractor   : extracted value ([id1_19_] : [BIGINT]) - [5]
2020-06-10 20:38:39.672 TRACE 56553 --- [    Test worker] o.h.type.descriptor.sql.BasicExtractor   : extracted value ([id1_19_] : [BIGINT]) - [6]
2020-06-10 20:38:39.672 TRACE 56553 --- [    Test worker] o.h.type.descriptor.sql.BasicExtractor   : extracted value ([id1_19_] : [BIGINT]) - [7]
2020-06-10 20:38:39.672  INFO 56553 --- [    Test worker] .o.r.OrganisaatioSuhdeRepositoryImplTest : ORGANISAATIOSUHDE TABLE:
2020-06-10 20:38:39.672  INFO 56553 --- [    Test worker] .o.r.OrganisaatioSuhdeRepositoryImplTest :   OS: pId=10, cId=11, a=Sat Jan 01 00:00:00 EET 2000, l=null
2020-06-10 20:38:39.672  INFO 56553 --- [    Test worker] .o.r.OrganisaatioSuhdeRepositoryImplTest :   OS: pId=10, cId=12, a=Sat Jan 01 00:00:00 EET 2000, l=null
2020-06-10 20:38:39.672  INFO 56553 --- [    Test worker] .o.r.OrganisaatioSuhdeRepositoryImplTest :   OS: pId=10, cId=13, a=Sat Jan 01 00:00:00 EET 2000, l=null
2020-06-10 20:38:39.672  INFO 56553 --- [    Test worker] .o.r.OrganisaatioSuhdeRepositoryImplTest :   OS: pId=10, cId=14, a=Sat Jan 01 00:00:00 EET 2000, l=null
2020-06-10 20:38:39.672  INFO 56553 --- [    Test worker] .o.r.OrganisaatioSuhdeRepositoryImplTest :   OS: pId=10, cId=15, a=Sat Jan 01 00:00:00 EET 2000, l=null
2020-06-10 20:38:39.672  INFO 56553 --- [    Test worker] .o.r.OrganisaatioSuhdeRepositoryImplTest :   OS: pId=11, cId=12, a=Mon Jan 01 00:00:00 EET 2001, l=null
2020-06-10 20:38:39.672  INFO 56553 --- [    Test worker] .o.r.OrganisaatioSuhdeRepositoryImplTest :   OS: pId=11, cId=13, a=Tue Jan 02 00:00:00 EET 2001, l=null
2020-06-10 20:38:39.672  INFO 56553 --- [    Test worker] .s.o.r.i.OrganisaatioSuhdeRepositoryImpl : findChildrenTo(11, Tue Jan 02 00:00:00 EET 2001)
Hibernate: 
    select
        organisaat0_.id as id1_19_0_,
        organisaat1_.id as id1_5_1_,
        organisaat0_.version as version2_19_0_,
        organisaat0_.alkupvm as alkupvm3_19_0_,
        organisaat0_.child_id as child_id7_19_0_,
        organisaat0_.loppupvm as loppupvm4_19_0_,
        organisaat0_.opetuspisteenjarjnro as opetuspi5_19_0_,
        organisaat0_.parent_id as parent_i8_19_0_,
        organisaat0_.suhdetyyppi as suhdetyy6_19_0_,
        organisaat1_.version as version2_5_1_,
        organisaat1_.alkupvm as alkupvm3_5_1_,
        organisaat1_.domainnimi as domainni4_5_1_,
        organisaat1_.kotipaikka as kotipaik5_5_1_,
        organisaat1_.kuvaus_mkt as kuvaus_28_5_1_,
        organisaat1_.lakkautuspvm as lakkautu6_5_1_,
        organisaat1_.maa as maa7_5_1_,
        organisaat1_.metadata_id as metadat29_5_1_,
        organisaat1_.nimi_mkt as nimi_mk30_5_1_,
        organisaat1_.nimihaku as nimihaku8_5_1_,
        organisaat1_.oid as oid9_5_1_,
        organisaat1_.opetuspisteenjarjnro as opetusp10_5_1_,
        organisaat1_.oppilaitoskoodi as oppilai11_5_1_,
        organisaat1_.oppilaitos_tyyppi as oppilai12_5_1_,
        organisaat1_.organisaatio_poistettu as organis13_5_1_,
        organisaat1_.paivittaja as paivitt14_5_1_,
        organisaat1_.paivityspvm as paivity15_5_1_,
        organisaat1_.parentidpath as parenti16_5_1_,
        organisaat1_.parentoidpath as parento17_5_1_,
        organisaat1_.piilotettu as piilote18_5_1_,
        organisaat1_.tarkastus_pvm as tarkast19_5_1_,
        organisaat1_.toimipistekoodi as toimipi20_5_1_,
        organisaat1_.tuontipvm as tuontip21_5_1_,
        organisaat1_.varhaiskasvatuksen_toimipaikka_tiedot_id as varhais31_5_1_,
        organisaat1_.virastotunnus as virasto22_5_1_,
        organisaat1_.yhteishaunkoulukoodi as yhteish23_5_1_,
        organisaat1_.yritysmuoto as yritysm24_5_1_,
        organisaat1_.ytj_kieli as ytj_kie25_5_1_,
        organisaat1_.ytjpaivityspvm as ytjpaiv26_5_1_,
        organisaat1_.ytunnus as ytunnus27_5_1_ 
    from
        organisaatiosuhde organisaat0_ 
    inner join
        organisaatio organisaat1_ 
            on organisaat0_.child_id=organisaat1_.id 
    where
        organisaat0_.parent_id=? 
        and organisaat0_.suhdetyyppi=? 
        and (
            organisaat0_.alkupvm=? 
            or organisaat0_.alkupvm<?
        ) 
        and (
            organisaat0_.loppupvm is null 
            or organisaat0_.loppupvm>?
        ) 
        and organisaat1_.organisaatio_poistettu=? 
    order by
        organisaat0_.alkupvm desc
2020-06-10 20:38:39.676 TRACE 56553 --- [    Test worker] o.h.type.descriptor.sql.BasicBinder      : binding parameter [1] as [BIGINT] - [11]
2020-06-10 20:38:39.676 TRACE 56553 --- [    Test worker] o.h.type.descriptor.sql.BasicBinder      : binding parameter [2] as [VARCHAR] - [HISTORIA]
2020-06-10 20:38:39.676 TRACE 56553 --- [    Test worker] o.h.type.descriptor.sql.BasicBinder      : binding parameter [3] as [DATE] - [Tue Jan 02 00:00:00 EET 2001]
2020-06-10 20:38:39.676 TRACE 56553 --- [    Test worker] o.h.type.descriptor.sql.BasicBinder      : binding parameter [4] as [DATE] - [Tue Jan 02 00:00:00 EET 2001]
2020-06-10 20:38:39.676 TRACE 56553 --- [    Test worker] o.h.type.descriptor.sql.BasicBinder      : binding parameter [5] as [DATE] - [Tue Jan 02 00:00:00 EET 2001]
2020-06-10 20:38:39.676 TRACE 56553 --- [    Test worker] o.h.type.descriptor.sql.BasicBinder      : binding parameter [6] as [BOOLEAN] - [false]
2020-06-10 20:38:39.677 TRACE 56553 --- [    Test worker] o.h.type.descriptor.sql.BasicExtractor   : extracted value ([id1_19_0_] : [BIGINT]) - [7]
2020-06-10 20:38:39.677 TRACE 56553 --- [    Test worker] o.h.type.descriptor.sql.BasicExtractor   : extracted value ([id1_5_1_] : [BIGINT]) - [13]
2020-06-10 20:38:39.677 TRACE 56553 --- [    Test worker] o.h.type.descriptor.sql.BasicExtractor   : extracted value ([id1_19_0_] : [BIGINT]) - [6]
2020-06-10 20:38:39.677 TRACE 56553 --- [    Test worker] o.h.type.descriptor.sql.BasicExtractor   : extracted value ([id1_5_1_] : [BIGINT]) - [12]
2020-06-10 20:38:39.678  INFO 56553 --- [    Test worker] .s.o.r.i.OrganisaatioSuhdeRepositoryImpl : findParentTo(13, Tue Jan 02 00:00:00 EET 2001)
Hibernate: 
    select
        organisaat0_.id as id1_19_0_,
        organisaat1_.id as id1_5_1_,
        organisaat0_.version as version2_19_0_,
        organisaat0_.alkupvm as alkupvm3_19_0_,
        organisaat0_.child_id as child_id7_19_0_,
        organisaat0_.loppupvm as loppupvm4_19_0_,
        organisaat0_.opetuspisteenjarjnro as opetuspi5_19_0_,
        organisaat0_.parent_id as parent_i8_19_0_,
        organisaat0_.suhdetyyppi as suhdetyy6_19_0_,
        organisaat1_.version as version2_5_1_,
        organisaat1_.alkupvm as alkupvm3_5_1_,
        organisaat1_.domainnimi as domainni4_5_1_,
        organisaat1_.kotipaikka as kotipaik5_5_1_,
        organisaat1_.kuvaus_mkt as kuvaus_28_5_1_,
        organisaat1_.lakkautuspvm as lakkautu6_5_1_,
        organisaat1_.maa as maa7_5_1_,
        organisaat1_.metadata_id as metadat29_5_1_,
        organisaat1_.nimi_mkt as nimi_mk30_5_1_,
        organisaat1_.nimihaku as nimihaku8_5_1_,
        organisaat1_.oid as oid9_5_1_,
        organisaat1_.opetuspisteenjarjnro as opetusp10_5_1_,
        organisaat1_.oppilaitoskoodi as oppilai11_5_1_,
        organisaat1_.oppilaitos_tyyppi as oppilai12_5_1_,
        organisaat1_.organisaatio_poistettu as organis13_5_1_,
        organisaat1_.paivittaja as paivitt14_5_1_,
        organisaat1_.paivityspvm as paivity15_5_1_,
        organisaat1_.parentidpath as parenti16_5_1_,
        organisaat1_.parentoidpath as parento17_5_1_,
        organisaat1_.piilotettu as piilote18_5_1_,
        organisaat1_.tarkastus_pvm as tarkast19_5_1_,
        organisaat1_.toimipistekoodi as toimipi20_5_1_,
        organisaat1_.tuontipvm as tuontip21_5_1_,
        organisaat1_.varhaiskasvatuksen_toimipaikka_tiedot_id as varhais31_5_1_,
        organisaat1_.virastotunnus as virasto22_5_1_,
        organisaat1_.yhteishaunkoulukoodi as yhteish23_5_1_,
        organisaat1_.yritysmuoto as yritysm24_5_1_,
        organisaat1_.ytj_kieli as ytj_kie25_5_1_,
        organisaat1_.ytjpaivityspvm as ytjpaiv26_5_1_,
        organisaat1_.ytunnus as ytunnus27_5_1_ 
    from
        organisaatiosuhde organisaat0_ 
    inner join
        organisaatio organisaat1_ 
            on organisaat0_.parent_id=organisaat1_.id 
    where
        organisaat0_.child_id=? 
        and organisaat0_.suhdetyyppi=? 
        and (
            organisaat0_.alkupvm=? 
            or organisaat0_.alkupvm<?
        ) 
        and (
            organisaat0_.loppupvm is null 
            or organisaat0_.loppupvm>?
        ) 
        and organisaat1_.organisaatio_poistettu=? 
    order by
        organisaat0_.alkupvm desc
2020-06-10 20:38:39.682 TRACE 56553 --- [    Test worker] o.h.type.descriptor.sql.BasicBinder      : binding parameter [1] as [BIGINT] - [13]
2020-06-10 20:38:39.682 TRACE 56553 --- [    Test worker] o.h.type.descriptor.sql.BasicBinder      : binding parameter [2] as [VARCHAR] - [HISTORIA]
2020-06-10 20:38:39.682 TRACE 56553 --- [    Test worker] o.h.type.descriptor.sql.BasicBinder      : binding parameter [3] as [DATE] - [Tue Jan 02 00:00:00 EET 2001]
2020-06-10 20:38:39.682 TRACE 56553 --- [    Test worker] o.h.type.descriptor.sql.BasicBinder      : binding parameter [4] as [DATE] - [Tue Jan 02 00:00:00 EET 2001]
2020-06-10 20:38:39.682 TRACE 56553 --- [    Test worker] o.h.type.descriptor.sql.BasicBinder      : binding parameter [5] as [DATE] - [Tue Jan 02 00:00:00 EET 2001]
2020-06-10 20:38:39.682 TRACE 56553 --- [    Test worker] o.h.type.descriptor.sql.BasicBinder      : binding parameter [6] as [BOOLEAN] - [false]
2020-06-10 20:38:39.682 TRACE 56553 --- [    Test worker] o.h.type.descriptor.sql.BasicExtractor   : extracted value ([id1_19_0_] : [BIGINT]) - [7]
2020-06-10 20:38:39.682 TRACE 56553 --- [    Test worker] o.h.type.descriptor.sql.BasicExtractor   : extracted value ([id1_5_1_] : [BIGINT]) - [11]
2020-06-10 20:38:39.682 TRACE 56553 --- [    Test worker] o.h.type.descriptor.sql.BasicExtractor   : extracted value ([id1_19_0_] : [BIGINT]) - [3]
2020-06-10 20:38:39.683 TRACE 56553 --- [    Test worker] o.h.type.descriptor.sql.BasicExtractor   : extracted value ([id1_5_1_] : [BIGINT]) - [10]
2020-06-10 20:38:39.683  INFO 56553 --- [    Test worker] .s.o.r.i.OrganisaatioSuhdeRepositoryImpl : findParentTo(12, Tue Jan 02 00:00:00 EET 2001)
Hibernate: 
    select
        organisaat0_.id as id1_19_0_,
        organisaat1_.id as id1_5_1_,
        organisaat0_.version as version2_19_0_,
        organisaat0_.alkupvm as alkupvm3_19_0_,
        organisaat0_.child_id as child_id7_19_0_,
        organisaat0_.loppupvm as loppupvm4_19_0_,
        organisaat0_.opetuspisteenjarjnro as opetuspi5_19_0_,
        organisaat0_.parent_id as parent_i8_19_0_,
        organisaat0_.suhdetyyppi as suhdetyy6_19_0_,
        organisaat1_.version as version2_5_1_,
        organisaat1_.alkupvm as alkupvm3_5_1_,
        organisaat1_.domainnimi as domainni4_5_1_,
        organisaat1_.kotipaikka as kotipaik5_5_1_,
        organisaat1_.kuvaus_mkt as kuvaus_28_5_1_,
        organisaat1_.lakkautuspvm as lakkautu6_5_1_,
        organisaat1_.maa as maa7_5_1_,
        organisaat1_.metadata_id as metadat29_5_1_,
        organisaat1_.nimi_mkt as nimi_mk30_5_1_,
        organisaat1_.nimihaku as nimihaku8_5_1_,
        organisaat1_.oid as oid9_5_1_,
        organisaat1_.opetuspisteenjarjnro as opetusp10_5_1_,
        organisaat1_.oppilaitoskoodi as oppilai11_5_1_,
        organisaat1_.oppilaitos_tyyppi as oppilai12_5_1_,
        organisaat1_.organisaatio_poistettu as organis13_5_1_,
        organisaat1_.paivittaja as paivitt14_5_1_,
        organisaat1_.paivityspvm as paivity15_5_1_,
        organisaat1_.parentidpath as parenti16_5_1_,
        organisaat1_.parentoidpath as parento17_5_1_,
        organisaat1_.piilotettu as piilote18_5_1_,
        organisaat1_.tarkastus_pvm as tarkast19_5_1_,
        organisaat1_.toimipistekoodi as toimipi20_5_1_,
        organisaat1_.tuontipvm as tuontip21_5_1_,
        organisaat1_.varhaiskasvatuksen_toimipaikka_tiedot_id as varhais31_5_1_,
        organisaat1_.virastotunnus as virasto22_5_1_,
        organisaat1_.yhteishaunkoulukoodi as yhteish23_5_1_,
        organisaat1_.yritysmuoto as yritysm24_5_1_,
        organisaat1_.ytj_kieli as ytj_kie25_5_1_,
        organisaat1_.ytjpaivityspvm as ytjpaiv26_5_1_,
        organisaat1_.ytunnus as ytunnus27_5_1_ 
    from
        organisaatiosuhde organisaat0_ 
    inner join
        organisaatio organisaat1_ 
            on organisaat0_.parent_id=organisaat1_.id 
    where
        organisaat0_.child_id=? 
        and organisaat0_.suhdetyyppi=? 
        and (
            organisaat0_.alkupvm=? 
            or organisaat0_.alkupvm<?
        ) 
        and (
            organisaat0_.loppupvm is null 
            or organisaat0_.loppupvm>?
        ) 
        and organisaat1_.organisaatio_poistettu=? 
    order by
        organisaat0_.alkupvm desc
2020-06-10 20:38:39.685 TRACE 56553 --- [    Test worker] o.h.type.descriptor.sql.BasicBinder      : binding parameter [1] as [BIGINT] - [12]
2020-06-10 20:38:39.685 TRACE 56553 --- [    Test worker] o.h.type.descriptor.sql.BasicBinder      : binding parameter [2] as [VARCHAR] - [HISTORIA]
2020-06-10 20:38:39.686 TRACE 56553 --- [    Test worker] o.h.type.descriptor.sql.BasicBinder      : binding parameter [3] as [DATE] - [Tue Jan 02 00:00:00 EET 2001]
2020-06-10 20:38:39.686 TRACE 56553 --- [    Test worker] o.h.type.descriptor.sql.BasicBinder      : binding parameter [4] as [DATE] - [Tue Jan 02 00:00:00 EET 2001]
2020-06-10 20:38:39.686 TRACE 56553 --- [    Test worker] o.h.type.descriptor.sql.BasicBinder      : binding parameter [5] as [DATE] - [Tue Jan 02 00:00:00 EET 2001]
2020-06-10 20:38:39.686 TRACE 56553 --- [    Test worker] o.h.type.descriptor.sql.BasicBinder      : binding parameter [6] as [BOOLEAN] - [false]
2020-06-10 20:38:39.686 TRACE 56553 --- [    Test worker] o.h.type.descriptor.sql.BasicExtractor   : extracted value ([id1_19_0_] : [BIGINT]) - [6]
2020-06-10 20:38:39.686 TRACE 56553 --- [    Test worker] o.h.type.descriptor.sql.BasicExtractor   : extracted value ([id1_5_1_] : [BIGINT]) - [11]
2020-06-10 20:38:39.686 TRACE 56553 --- [    Test worker] o.h.type.descriptor.sql.BasicExtractor   : extracted value ([id1_19_0_] : [BIGINT]) - [2]
2020-06-10 20:38:39.686 TRACE 56553 --- [    Test worker] o.h.type.descriptor.sql.BasicExtractor   : extracted value ([id1_5_1_] : [BIGINT]) - [10]
2020-06-10 20:38:39.687  INFO 56553 --- [    Test worker] .s.o.r.i.OrganisaatioSuhdeRepositoryImpl : findParentTo(12, Tue Jan 02 00:00:00 EET 2001)
Hibernate: 
    select
        organisaat0_.id as id1_19_0_,
        organisaat1_.id as id1_5_1_,
        organisaat0_.version as version2_19_0_,
        organisaat0_.alkupvm as alkupvm3_19_0_,
        organisaat0_.child_id as child_id7_19_0_,
        organisaat0_.loppupvm as loppupvm4_19_0_,
        organisaat0_.opetuspisteenjarjnro as opetuspi5_19_0_,
        organisaat0_.parent_id as parent_i8_19_0_,
        organisaat0_.suhdetyyppi as suhdetyy6_19_0_,
        organisaat1_.version as version2_5_1_,
        organisaat1_.alkupvm as alkupvm3_5_1_,
        organisaat1_.domainnimi as domainni4_5_1_,
        organisaat1_.kotipaikka as kotipaik5_5_1_,
        organisaat1_.kuvaus_mkt as kuvaus_28_5_1_,
        organisaat1_.lakkautuspvm as lakkautu6_5_1_,
        organisaat1_.maa as maa7_5_1_,
        organisaat1_.metadata_id as metadat29_5_1_,
        organisaat1_.nimi_mkt as nimi_mk30_5_1_,
        organisaat1_.nimihaku as nimihaku8_5_1_,
        organisaat1_.oid as oid9_5_1_,
        organisaat1_.opetuspisteenjarjnro as opetusp10_5_1_,
        organisaat1_.oppilaitoskoodi as oppilai11_5_1_,
        organisaat1_.oppilaitos_tyyppi as oppilai12_5_1_,
        organisaat1_.organisaatio_poistettu as organis13_5_1_,
        organisaat1_.paivittaja as paivitt14_5_1_,
        organisaat1_.paivityspvm as paivity15_5_1_,
        organisaat1_.parentidpath as parenti16_5_1_,
        organisaat1_.parentoidpath as parento17_5_1_,
        organisaat1_.piilotettu as piilote18_5_1_,
        organisaat1_.tarkastus_pvm as tarkast19_5_1_,
        organisaat1_.toimipistekoodi as toimipi20_5_1_,
        organisaat1_.tuontipvm as tuontip21_5_1_,
        organisaat1_.varhaiskasvatuksen_toimipaikka_tiedot_id as varhais31_5_1_,
        organisaat1_.virastotunnus as virasto22_5_1_,
        organisaat1_.yhteishaunkoulukoodi as yhteish23_5_1_,
        organisaat1_.yritysmuoto as yritysm24_5_1_,
        organisaat1_.ytj_kieli as ytj_kie25_5_1_,
        organisaat1_.ytjpaivityspvm as ytjpaiv26_5_1_,
        organisaat1_.ytunnus as ytunnus27_5_1_ 
    from
        organisaatiosuhde organisaat0_ 
    inner join
        organisaatio organisaat1_ 
            on organisaat0_.parent_id=organisaat1_.id 
    where
        organisaat0_.child_id=? 
        and organisaat0_.suhdetyyppi=? 
        and (
            organisaat0_.alkupvm=? 
            or organisaat0_.alkupvm<?
        ) 
        and (
            organisaat0_.loppupvm is null 
            or organisaat0_.loppupvm>?
        ) 
        and organisaat1_.organisaatio_poistettu=? 
    order by
        organisaat0_.alkupvm desc
2020-06-10 20:38:39.690 TRACE 56553 --- [    Test worker] o.h.type.descriptor.sql.BasicBinder      : binding parameter [1] as [BIGINT] - [12]
2020-06-10 20:38:39.690 TRACE 56553 --- [    Test worker] o.h.type.descriptor.sql.BasicBinder      : binding parameter [2] as [VARCHAR] - [HISTORIA]
2020-06-10 20:38:39.690 TRACE 56553 --- [    Test worker] o.h.type.descriptor.sql.BasicBinder      : binding parameter [3] as [DATE] - [Tue Jan 02 00:00:00 EET 2001]
2020-06-10 20:38:39.690 TRACE 56553 --- [    Test worker] o.h.type.descriptor.sql.BasicBinder      : binding parameter [4] as [DATE] - [Tue Jan 02 00:00:00 EET 2001]
2020-06-10 20:38:39.690 TRACE 56553 --- [    Test worker] o.h.type.descriptor.sql.BasicBinder      : binding parameter [5] as [DATE] - [Tue Jan 02 00:00:00 EET 2001]
2020-06-10 20:38:39.690 TRACE 56553 --- [    Test worker] o.h.type.descriptor.sql.BasicBinder      : binding parameter [6] as [BOOLEAN] - [false]
2020-06-10 20:38:39.690 TRACE 56553 --- [    Test worker] o.h.type.descriptor.sql.BasicExtractor   : extracted value ([id1_19_0_] : [BIGINT]) - [6]
2020-06-10 20:38:39.690 TRACE 56553 --- [    Test worker] o.h.type.descriptor.sql.BasicExtractor   : extracted value ([id1_5_1_] : [BIGINT]) - [11]
2020-06-10 20:38:39.690 TRACE 56553 --- [    Test worker] o.h.type.descriptor.sql.BasicExtractor   : extracted value ([id1_19_0_] : [BIGINT]) - [2]
2020-06-10 20:38:39.690 TRACE 56553 --- [    Test worker] o.h.type.descriptor.sql.BasicExtractor   : extracted value ([id1_5_1_] : [BIGINT]) - [10]
2020-06-10 20:38:39.691  INFO 56553 --- [    Test worker] .s.o.r.i.OrganisaatioSuhdeRepositoryImpl : findParentTo(13, Tue Jan 02 00:00:00 EET 2001)
Hibernate: 
    select
        organisaat0_.id as id1_19_0_,
        organisaat1_.id as id1_5_1_,
        organisaat0_.version as version2_19_0_,
        organisaat0_.alkupvm as alkupvm3_19_0_,
        organisaat0_.child_id as child_id7_19_0_,
        organisaat0_.loppupvm as loppupvm4_19_0_,
        organisaat0_.opetuspisteenjarjnro as opetuspi5_19_0_,
        organisaat0_.parent_id as parent_i8_19_0_,
        organisaat0_.suhdetyyppi as suhdetyy6_19_0_,
        organisaat1_.version as version2_5_1_,
        organisaat1_.alkupvm as alkupvm3_5_1_,
        organisaat1_.domainnimi as domainni4_5_1_,
        organisaat1_.kotipaikka as kotipaik5_5_1_,
        organisaat1_.kuvaus_mkt as kuvaus_28_5_1_,
        organisaat1_.lakkautuspvm as lakkautu6_5_1_,
        organisaat1_.maa as maa7_5_1_,
        organisaat1_.metadata_id as metadat29_5_1_,
        organisaat1_.nimi_mkt as nimi_mk30_5_1_,
        organisaat1_.nimihaku as nimihaku8_5_1_,
        organisaat1_.oid as oid9_5_1_,
        organisaat1_.opetuspisteenjarjnro as opetusp10_5_1_,
        organisaat1_.oppilaitoskoodi as oppilai11_5_1_,
        organisaat1_.oppilaitos_tyyppi as oppilai12_5_1_,
        organisaat1_.organisaatio_poistettu as organis13_5_1_,
        organisaat1_.paivittaja as paivitt14_5_1_,
        organisaat1_.paivityspvm as paivity15_5_1_,
        organisaat1_.parentidpath as parenti16_5_1_,
        organisaat1_.parentoidpath as parento17_5_1_,
        organisaat1_.piilotettu as piilote18_5_1_,
        organisaat1_.tarkastus_pvm as tarkast19_5_1_,
        organisaat1_.toimipistekoodi as toimipi20_5_1_,
        organisaat1_.tuontipvm as tuontip21_5_1_,
        organisaat1_.varhaiskasvatuksen_toimipaikka_tiedot_id as varhais31_5_1_,
        organisaat1_.virastotunnus as virasto22_5_1_,
        organisaat1_.yhteishaunkoulukoodi as yhteish23_5_1_,
        organisaat1_.yritysmuoto as yritysm24_5_1_,
        organisaat1_.ytj_kieli as ytj_kie25_5_1_,
        organisaat1_.ytjpaivityspvm as ytjpaiv26_5_1_,
        organisaat1_.ytunnus as ytunnus27_5_1_ 
    from
        organisaatiosuhde organisaat0_ 
    inner join
        organisaatio organisaat1_ 
            on organisaat0_.parent_id=organisaat1_.id 
    where
        organisaat0_.child_id=? 
        and organisaat0_.suhdetyyppi=? 
        and (
            organisaat0_.alkupvm=? 
            or organisaat0_.alkupvm<?
        ) 
        and (
            organisaat0_.loppupvm is null 
            or organisaat0_.loppupvm>?
        ) 
        and organisaat1_.organisaatio_poistettu=? 
    order by
        organisaat0_.alkupvm desc
2020-06-10 20:38:39.694 TRACE 56553 --- [    Test worker] o.h.type.descriptor.sql.BasicBinder      : binding parameter [1] as [BIGINT] - [13]
2020-06-10 20:38:39.694 TRACE 56553 --- [    Test worker] o.h.type.descriptor.sql.BasicBinder      : binding parameter [2] as [VARCHAR] - [HISTORIA]
2020-06-10 20:38:39.694 TRACE 56553 --- [    Test worker] o.h.type.descriptor.sql.BasicBinder      : binding parameter [3] as [DATE] - [Tue Jan 02 00:00:00 EET 2001]
2020-06-10 20:38:39.694 TRACE 56553 --- [    Test worker] o.h.type.descriptor.sql.BasicBinder      : binding parameter [4] as [DATE] - [Tue Jan 02 00:00:00 EET 2001]
2020-06-10 20:38:39.694 TRACE 56553 --- [    Test worker] o.h.type.descriptor.sql.BasicBinder      : binding parameter [5] as [DATE] - [Tue Jan 02 00:00:00 EET 2001]
2020-06-10 20:38:39.694 TRACE 56553 --- [    Test worker] o.h.type.descriptor.sql.BasicBinder      : binding parameter [6] as [BOOLEAN] - [false]
2020-06-10 20:38:39.695 TRACE 56553 --- [    Test worker] o.h.type.descriptor.sql.BasicExtractor   : extracted value ([id1_19_0_] : [BIGINT]) - [7]
2020-06-10 20:38:39.695 TRACE 56553 --- [    Test worker] o.h.type.descriptor.sql.BasicExtractor   : extracted value ([id1_5_1_] : [BIGINT]) - [11]
2020-06-10 20:38:39.695 TRACE 56553 --- [    Test worker] o.h.type.descriptor.sql.BasicExtractor   : extracted value ([id1_19_0_] : [BIGINT]) - [3]
2020-06-10 20:38:39.695 TRACE 56553 --- [    Test worker] o.h.type.descriptor.sql.BasicExtractor   : extracted value ([id1_5_1_] : [BIGINT]) - [10]
2020-06-10 20:38:39.695  INFO 56553 --- [    Test worker] .o.r.OrganisaatioSuhdeRepositoryImplTest : -------------------------------- createDate(3.1.2001)
2020-06-10 20:38:39.696  INFO 56553 --- [    Test worker] .s.o.r.i.OrganisaatioSuhdeRepositoryImpl : addChild(14, 15, Wed Jan 03 00:00:00 EET 2001)
Hibernate: 
    insert 
    into
        organisaatiosuhde
        (id, version, alkupvm, child_id, loppupvm, opetuspisteenjarjnro, parent_id, suhdetyyppi) 
    values
        (null, ?, ?, ?, ?, ?, ?, ?)
2020-06-10 20:38:39.697 TRACE 56553 --- [    Test worker] o.h.type.descriptor.sql.BasicBinder      : binding parameter [1] as [BIGINT] - [0]
2020-06-10 20:38:39.697 TRACE 56553 --- [    Test worker] o.h.type.descriptor.sql.BasicBinder      : binding parameter [2] as [DATE] - [Wed Jan 03 00:00:00 EET 2001]
2020-06-10 20:38:39.698 TRACE 56553 --- [    Test worker] o.h.type.descriptor.sql.BasicBinder      : binding parameter [3] as [BIGINT] - [15]
2020-06-10 20:38:39.698 TRACE 56553 --- [    Test worker] o.h.type.descriptor.sql.BasicBinder      : binding parameter [4] as [DATE] - [null]
2020-06-10 20:38:39.698 TRACE 56553 --- [    Test worker] o.h.type.descriptor.sql.BasicBinder      : binding parameter [5] as [VARCHAR] - [null]
2020-06-10 20:38:39.698 TRACE 56553 --- [    Test worker] o.h.type.descriptor.sql.BasicBinder      : binding parameter [6] as [BIGINT] - [14]
2020-06-10 20:38:39.698 TRACE 56553 --- [    Test worker] o.h.type.descriptor.sql.BasicBinder      : binding parameter [7] as [VARCHAR] - [HISTORIA]
2020-06-10 20:38:39.698  INFO 56553 --- [    Test worker] .s.o.r.i.OrganisaatioSuhdeRepositoryImpl :     Created new child relation:  --> pId=14, cId=15, aPvm=Wed Jan 03 00:00:00 EET 2001, lPvm=null
Hibernate: 
    select
        organisaat0_.id as id1_19_,
        organisaat0_.version as version2_19_,
        organisaat0_.alkupvm as alkupvm3_19_,
        organisaat0_.child_id as child_id7_19_,
        organisaat0_.loppupvm as loppupvm4_19_,
        organisaat0_.opetuspisteenjarjnro as opetuspi5_19_,
        organisaat0_.parent_id as parent_i8_19_,
        organisaat0_.suhdetyyppi as suhdetyy6_19_ 
    from
        organisaatiosuhde organisaat0_
2020-06-10 20:38:39.701 TRACE 56553 --- [    Test worker] o.h.type.descriptor.sql.BasicExtractor   : extracted value ([id1_19_] : [BIGINT]) - [1]
2020-06-10 20:38:39.701 TRACE 56553 --- [    Test worker] o.h.type.descriptor.sql.BasicExtractor   : extracted value ([id1_19_] : [BIGINT]) - [2]
2020-06-10 20:38:39.701 TRACE 56553 --- [    Test worker] o.h.type.descriptor.sql.BasicExtractor   : extracted value ([id1_19_] : [BIGINT]) - [3]
2020-06-10 20:38:39.701 TRACE 56553 --- [    Test worker] o.h.type.descriptor.sql.BasicExtractor   : extracted value ([id1_19_] : [BIGINT]) - [4]
2020-06-10 20:38:39.701 TRACE 56553 --- [    Test worker] o.h.type.descriptor.sql.BasicExtractor   : extracted value ([id1_19_] : [BIGINT]) - [5]
2020-06-10 20:38:39.701 TRACE 56553 --- [    Test worker] o.h.type.descriptor.sql.BasicExtractor   : extracted value ([id1_19_] : [BIGINT]) - [6]
2020-06-10 20:38:39.702 TRACE 56553 --- [    Test worker] o.h.type.descriptor.sql.BasicExtractor   : extracted value ([id1_19_] : [BIGINT]) - [7]
2020-06-10 20:38:39.702 TRACE 56553 --- [    Test worker] o.h.type.descriptor.sql.BasicExtractor   : extracted value ([id1_19_] : [BIGINT]) - [8]
2020-06-10 20:38:39.702  INFO 56553 --- [    Test worker] .o.r.OrganisaatioSuhdeRepositoryImplTest : ORGANISAATIOSUHDE TABLE:
2020-06-10 20:38:39.702  INFO 56553 --- [    Test worker] .o.r.OrganisaatioSuhdeRepositoryImplTest :   OS: pId=10, cId=11, a=Sat Jan 01 00:00:00 EET 2000, l=null
2020-06-10 20:38:39.702  INFO 56553 --- [    Test worker] .o.r.OrganisaatioSuhdeRepositoryImplTest :   OS: pId=10, cId=12, a=Sat Jan 01 00:00:00 EET 2000, l=null
2020-06-10 20:38:39.702  INFO 56553 --- [    Test worker] .o.r.OrganisaatioSuhdeRepositoryImplTest :   OS: pId=10, cId=13, a=Sat Jan 01 00:00:00 EET 2000, l=null
2020-06-10 20:38:39.702  INFO 56553 --- [    Test worker] .o.r.OrganisaatioSuhdeRepositoryImplTest :   OS: pId=10, cId=14, a=Sat Jan 01 00:00:00 EET 2000, l=null
2020-06-10 20:38:39.702  INFO 56553 --- [    Test worker] .o.r.OrganisaatioSuhdeRepositoryImplTest :   OS: pId=10, cId=15, a=Sat Jan 01 00:00:00 EET 2000, l=null
2020-06-10 20:38:39.702  INFO 56553 --- [    Test worker] .o.r.OrganisaatioSuhdeRepositoryImplTest :   OS: pId=11, cId=12, a=Mon Jan 01 00:00:00 EET 2001, l=null
2020-06-10 20:38:39.702  INFO 56553 --- [    Test worker] .o.r.OrganisaatioSuhdeRepositoryImplTest :   OS: pId=11, cId=13, a=Tue Jan 02 00:00:00 EET 2001, l=null
2020-06-10 20:38:39.702  INFO 56553 --- [    Test worker] .o.r.OrganisaatioSuhdeRepositoryImplTest :   OS: pId=14, cId=15, a=Wed Jan 03 00:00:00 EET 2001, l=null
2020-06-10 20:38:39.702  INFO 56553 --- [    Test worker] .s.o.r.i.OrganisaatioSuhdeRepositoryImpl : findChildrenTo(14, Wed Jan 03 00:00:00 EET 2001)
Hibernate: 
    select
        organisaat0_.id as id1_19_0_,
        organisaat1_.id as id1_5_1_,
        organisaat0_.version as version2_19_0_,
        organisaat0_.alkupvm as alkupvm3_19_0_,
        organisaat0_.child_id as child_id7_19_0_,
        organisaat0_.loppupvm as loppupvm4_19_0_,
        organisaat0_.opetuspisteenjarjnro as opetuspi5_19_0_,
        organisaat0_.parent_id as parent_i8_19_0_,
        organisaat0_.suhdetyyppi as suhdetyy6_19_0_,
        organisaat1_.version as version2_5_1_,
        organisaat1_.alkupvm as alkupvm3_5_1_,
        organisaat1_.domainnimi as domainni4_5_1_,
        organisaat1_.kotipaikka as kotipaik5_5_1_,
        organisaat1_.kuvaus_mkt as kuvaus_28_5_1_,
        organisaat1_.lakkautuspvm as lakkautu6_5_1_,
        organisaat1_.maa as maa7_5_1_,
        organisaat1_.metadata_id as metadat29_5_1_,
        organisaat1_.nimi_mkt as nimi_mk30_5_1_,
        organisaat1_.nimihaku as nimihaku8_5_1_,
        organisaat1_.oid as oid9_5_1_,
        organisaat1_.opetuspisteenjarjnro as opetusp10_5_1_,
        organisaat1_.oppilaitoskoodi as oppilai11_5_1_,
        organisaat1_.oppilaitos_tyyppi as oppilai12_5_1_,
        organisaat1_.organisaatio_poistettu as organis13_5_1_,
        organisaat1_.paivittaja as paivitt14_5_1_,
        organisaat1_.paivityspvm as paivity15_5_1_,
        organisaat1_.parentidpath as parenti16_5_1_,
        organisaat1_.parentoidpath as parento17_5_1_,
        organisaat1_.piilotettu as piilote18_5_1_,
        organisaat1_.tarkastus_pvm as tarkast19_5_1_,
        organisaat1_.toimipistekoodi as toimipi20_5_1_,
        organisaat1_.tuontipvm as tuontip21_5_1_,
        organisaat1_.varhaiskasvatuksen_toimipaikka_tiedot_id as varhais31_5_1_,
        organisaat1_.virastotunnus as virasto22_5_1_,
        organisaat1_.yhteishaunkoulukoodi as yhteish23_5_1_,
        organisaat1_.yritysmuoto as yritysm24_5_1_,
        organisaat1_.ytj_kieli as ytj_kie25_5_1_,
        organisaat1_.ytjpaivityspvm as ytjpaiv26_5_1_,
        organisaat1_.ytunnus as ytunnus27_5_1_ 
    from
        organisaatiosuhde organisaat0_ 
    inner join
        organisaatio organisaat1_ 
            on organisaat0_.child_id=organisaat1_.id 
    where
        organisaat0_.parent_id=? 
        and organisaat0_.suhdetyyppi=? 
        and (
            organisaat0_.alkupvm=? 
            or organisaat0_.alkupvm<?
        ) 
        and (
            organisaat0_.loppupvm is null 
            or organisaat0_.loppupvm>?
        ) 
        and organisaat1_.organisaatio_poistettu=? 
    order by
        organisaat0_.alkupvm desc
2020-06-10 20:38:39.705 TRACE 56553 --- [    Test worker] o.h.type.descriptor.sql.BasicBinder      : binding parameter [1] as [BIGINT] - [14]
2020-06-10 20:38:39.705 TRACE 56553 --- [    Test worker] o.h.type.descriptor.sql.BasicBinder      : binding parameter [2] as [VARCHAR] - [HISTORIA]
2020-06-10 20:38:39.705 TRACE 56553 --- [    Test worker] o.h.type.descriptor.sql.BasicBinder      : binding parameter [3] as [DATE] - [Wed Jan 03 00:00:00 EET 2001]
2020-06-10 20:38:39.705 TRACE 56553 --- [    Test worker] o.h.type.descriptor.sql.BasicBinder      : binding parameter [4] as [DATE] - [Wed Jan 03 00:00:00 EET 2001]
2020-06-10 20:38:39.705 TRACE 56553 --- [    Test worker] o.h.type.descriptor.sql.BasicBinder      : binding parameter [5] as [DATE] - [Wed Jan 03 00:00:00 EET 2001]
2020-06-10 20:38:39.705 TRACE 56553 --- [    Test worker] o.h.type.descriptor.sql.BasicBinder      : binding parameter [6] as [BOOLEAN] - [false]
2020-06-10 20:38:39.706 TRACE 56553 --- [    Test worker] o.h.type.descriptor.sql.BasicExtractor   : extracted value ([id1_19_0_] : [BIGINT]) - [8]
2020-06-10 20:38:39.706 TRACE 56553 --- [    Test worker] o.h.type.descriptor.sql.BasicExtractor   : extracted value ([id1_5_1_] : [BIGINT]) - [15]
2020-06-10 20:38:39.706  INFO 56553 --- [    Test worker] .s.o.r.i.OrganisaatioSuhdeRepositoryImpl : findParentTo(15, Wed Jan 03 00:00:00 EET 2001)
Hibernate: 
    select
        organisaat0_.id as id1_19_0_,
        organisaat1_.id as id1_5_1_,
        organisaat0_.version as version2_19_0_,
        organisaat0_.alkupvm as alkupvm3_19_0_,
        organisaat0_.child_id as child_id7_19_0_,
        organisaat0_.loppupvm as loppupvm4_19_0_,
        organisaat0_.opetuspisteenjarjnro as opetuspi5_19_0_,
        organisaat0_.parent_id as parent_i8_19_0_,
        organisaat0_.suhdetyyppi as suhdetyy6_19_0_,
        organisaat1_.version as version2_5_1_,
        organisaat1_.alkupvm as alkupvm3_5_1_,
        organisaat1_.domainnimi as domainni4_5_1_,
        organisaat1_.kotipaikka as kotipaik5_5_1_,
        organisaat1_.kuvaus_mkt as kuvaus_28_5_1_,
        organisaat1_.lakkautuspvm as lakkautu6_5_1_,
        organisaat1_.maa as maa7_5_1_,
        organisaat1_.metadata_id as metadat29_5_1_,
        organisaat1_.nimi_mkt as nimi_mk30_5_1_,
        organisaat1_.nimihaku as nimihaku8_5_1_,
        organisaat1_.oid as oid9_5_1_,
        organisaat1_.opetuspisteenjarjnro as opetusp10_5_1_,
        organisaat1_.oppilaitoskoodi as oppilai11_5_1_,
        organisaat1_.oppilaitos_tyyppi as oppilai12_5_1_,
        organisaat1_.organisaatio_poistettu as organis13_5_1_,
        organisaat1_.paivittaja as paivitt14_5_1_,
        organisaat1_.paivityspvm as paivity15_5_1_,
        organisaat1_.parentidpath as parenti16_5_1_,
        organisaat1_.parentoidpath as parento17_5_1_,
        organisaat1_.piilotettu as piilote18_5_1_,
        organisaat1_.tarkastus_pvm as tarkast19_5_1_,
        organisaat1_.toimipistekoodi as toimipi20_5_1_,
        organisaat1_.tuontipvm as tuontip21_5_1_,
        organisaat1_.varhaiskasvatuksen_toimipaikka_tiedot_id as varhais31_5_1_,
        organisaat1_.virastotunnus as virasto22_5_1_,
        organisaat1_.yhteishaunkoulukoodi as yhteish23_5_1_,
        organisaat1_.yritysmuoto as yritysm24_5_1_,
        organisaat1_.ytj_kieli as ytj_kie25_5_1_,
        organisaat1_.ytjpaivityspvm as ytjpaiv26_5_1_,
        organisaat1_.ytunnus as ytunnus27_5_1_ 
    from
        organisaatiosuhde organisaat0_ 
    inner join
        organisaatio organisaat1_ 
            on organisaat0_.parent_id=organisaat1_.id 
    where
        organisaat0_.child_id=? 
        and organisaat0_.suhdetyyppi=? 
        and (
            organisaat0_.alkupvm=? 
            or organisaat0_.alkupvm<?
        ) 
        and (
            organisaat0_.loppupvm is null 
            or organisaat0_.loppupvm>?
        ) 
        and organisaat1_.organisaatio_poistettu=? 
    order by
        organisaat0_.alkupvm desc
2020-06-10 20:38:39.710 TRACE 56553 --- [    Test worker] o.h.type.descriptor.sql.BasicBinder      : binding parameter [1] as [BIGINT] - [15]
2020-06-10 20:38:39.710 TRACE 56553 --- [    Test worker] o.h.type.descriptor.sql.BasicBinder      : binding parameter [2] as [VARCHAR] - [HISTORIA]
2020-06-10 20:38:39.710 TRACE 56553 --- [    Test worker] o.h.type.descriptor.sql.BasicBinder      : binding parameter [3] as [DATE] - [Wed Jan 03 00:00:00 EET 2001]
2020-06-10 20:38:39.710 TRACE 56553 --- [    Test worker] o.h.type.descriptor.sql.BasicBinder      : binding parameter [4] as [DATE] - [Wed Jan 03 00:00:00 EET 2001]
2020-06-10 20:38:39.710 TRACE 56553 --- [    Test worker] o.h.type.descriptor.sql.BasicBinder      : binding parameter [5] as [DATE] - [Wed Jan 03 00:00:00 EET 2001]
2020-06-10 20:38:39.710 TRACE 56553 --- [    Test worker] o.h.type.descriptor.sql.BasicBinder      : binding parameter [6] as [BOOLEAN] - [false]
2020-06-10 20:38:39.710 TRACE 56553 --- [    Test worker] o.h.type.descriptor.sql.BasicExtractor   : extracted value ([id1_19_0_] : [BIGINT]) - [8]
2020-06-10 20:38:39.710 TRACE 56553 --- [    Test worker] o.h.type.descriptor.sql.BasicExtractor   : extracted value ([id1_5_1_] : [BIGINT]) - [14]
2020-06-10 20:38:39.710 TRACE 56553 --- [    Test worker] o.h.type.descriptor.sql.BasicExtractor   : extracted value ([id1_19_0_] : [BIGINT]) - [5]
2020-06-10 20:38:39.711 TRACE 56553 --- [    Test worker] o.h.type.descriptor.sql.BasicExtractor   : extracted value ([id1_5_1_] : [BIGINT]) - [10]
2020-06-10 20:38:39.711  INFO 56553 --- [    Test worker] .s.o.r.i.OrganisaatioSuhdeRepositoryImpl : findParentTo(15, Wed Jan 03 00:00:00 EET 2001)
Hibernate: 
    select
        organisaat0_.id as id1_19_0_,
        organisaat1_.id as id1_5_1_,
        organisaat0_.version as version2_19_0_,
        organisaat0_.alkupvm as alkupvm3_19_0_,
        organisaat0_.child_id as child_id7_19_0_,
        organisaat0_.loppupvm as loppupvm4_19_0_,
        organisaat0_.opetuspisteenjarjnro as opetuspi5_19_0_,
        organisaat0_.parent_id as parent_i8_19_0_,
        organisaat0_.suhdetyyppi as suhdetyy6_19_0_,
        organisaat1_.version as version2_5_1_,
        organisaat1_.alkupvm as alkupvm3_5_1_,
        organisaat1_.domainnimi as domainni4_5_1_,
        organisaat1_.kotipaikka as kotipaik5_5_1_,
        organisaat1_.kuvaus_mkt as kuvaus_28_5_1_,
        organisaat1_.lakkautuspvm as lakkautu6_5_1_,
        organisaat1_.maa as maa7_5_1_,
        organisaat1_.metadata_id as metadat29_5_1_,
        organisaat1_.nimi_mkt as nimi_mk30_5_1_,
        organisaat1_.nimihaku as nimihaku8_5_1_,
        organisaat1_.oid as oid9_5_1_,
        organisaat1_.opetuspisteenjarjnro as opetusp10_5_1_,
        organisaat1_.oppilaitoskoodi as oppilai11_5_1_,
        organisaat1_.oppilaitos_tyyppi as oppilai12_5_1_,
        organisaat1_.organisaatio_poistettu as organis13_5_1_,
        organisaat1_.paivittaja as paivitt14_5_1_,
        organisaat1_.paivityspvm as paivity15_5_1_,
        organisaat1_.parentidpath as parenti16_5_1_,
        organisaat1_.parentoidpath as parento17_5_1_,
        organisaat1_.piilotettu as piilote18_5_1_,
        organisaat1_.tarkastus_pvm as tarkast19_5_1_,
        organisaat1_.toimipistekoodi as toimipi20_5_1_,
        organisaat1_.tuontipvm as tuontip21_5_1_,
        organisaat1_.varhaiskasvatuksen_toimipaikka_tiedot_id as varhais31_5_1_,
        organisaat1_.virastotunnus as virasto22_5_1_,
        organisaat1_.yhteishaunkoulukoodi as yhteish23_5_1_,
        organisaat1_.yritysmuoto as yritysm24_5_1_,
        organisaat1_.ytj_kieli as ytj_kie25_5_1_,
        organisaat1_.ytjpaivityspvm as ytjpaiv26_5_1_,
        organisaat1_.ytunnus as ytunnus27_5_1_ 
    from
        organisaatiosuhde organisaat0_ 
    inner join
        organisaatio organisaat1_ 
            on organisaat0_.parent_id=organisaat1_.id 
    where
        organisaat0_.child_id=? 
        and organisaat0_.suhdetyyppi=? 
        and (
            organisaat0_.alkupvm=? 
            or organisaat0_.alkupvm<?
        ) 
        and (
            organisaat0_.loppupvm is null 
            or organisaat0_.loppupvm>?
        ) 
        and organisaat1_.organisaatio_poistettu=? 
    order by
        organisaat0_.alkupvm desc
2020-06-10 20:38:39.714 TRACE 56553 --- [    Test worker] o.h.type.descriptor.sql.BasicBinder      : binding parameter [1] as [BIGINT] - [15]
2020-06-10 20:38:39.714 TRACE 56553 --- [    Test worker] o.h.type.descriptor.sql.BasicBinder      : binding parameter [2] as [VARCHAR] - [HISTORIA]
2020-06-10 20:38:39.714 TRACE 56553 --- [    Test worker] o.h.type.descriptor.sql.BasicBinder      : binding parameter [3] as [DATE] - [Wed Jan 03 00:00:00 EET 2001]
2020-06-10 20:38:39.714 TRACE 56553 --- [    Test worker] o.h.type.descriptor.sql.BasicBinder      : binding parameter [4] as [DATE] - [Wed Jan 03 00:00:00 EET 2001]
2020-06-10 20:38:39.714 TRACE 56553 --- [    Test worker] o.h.type.descriptor.sql.BasicBinder      : binding parameter [5] as [DATE] - [Wed Jan 03 00:00:00 EET 2001]
2020-06-10 20:38:39.714 TRACE 56553 --- [    Test worker] o.h.type.descriptor.sql.BasicBinder      : binding parameter [6] as [BOOLEAN] - [false]
2020-06-10 20:38:39.714 TRACE 56553 --- [    Test worker] o.h.type.descriptor.sql.BasicExtractor   : extracted value ([id1_19_0_] : [BIGINT]) - [8]
2020-06-10 20:38:39.714 TRACE 56553 --- [    Test worker] o.h.type.descriptor.sql.BasicExtractor   : extracted value ([id1_5_1_] : [BIGINT]) - [14]
2020-06-10 20:38:39.714 TRACE 56553 --- [    Test worker] o.h.type.descriptor.sql.BasicExtractor   : extracted value ([id1_19_0_] : [BIGINT]) - [5]
2020-06-10 20:38:39.714 TRACE 56553 --- [    Test worker] o.h.type.descriptor.sql.BasicExtractor   : extracted value ([id1_5_1_] : [BIGINT]) - [10]
2020-06-10 20:38:39.715  INFO 56553 --- [    Test worker] .o.r.OrganisaatioSuhdeRepositoryImplTest : -------------------------------- createDate(4.1.2001)
2020-06-10 20:38:39.715  INFO 56553 --- [    Test worker] .s.o.r.i.OrganisaatioSuhdeRepositoryImpl : addChild(10, 15, Thu Jan 04 00:00:00 EET 2001)
Hibernate: 
    insert 
    into
        organisaatiosuhde
        (id, version, alkupvm, child_id, loppupvm, opetuspisteenjarjnro, parent_id, suhdetyyppi) 
    values
        (null, ?, ?, ?, ?, ?, ?, ?)
2020-06-10 20:38:39.716 TRACE 56553 --- [    Test worker] o.h.type.descriptor.sql.BasicBinder      : binding parameter [1] as [BIGINT] - [0]
2020-06-10 20:38:39.716 TRACE 56553 --- [    Test worker] o.h.type.descriptor.sql.BasicBinder      : binding parameter [2] as [DATE] - [Thu Jan 04 00:00:00 EET 2001]
2020-06-10 20:38:39.716 TRACE 56553 --- [    Test worker] o.h.type.descriptor.sql.BasicBinder      : binding parameter [3] as [BIGINT] - [15]
2020-06-10 20:38:39.716 TRACE 56553 --- [    Test worker] o.h.type.descriptor.sql.BasicBinder      : binding parameter [4] as [DATE] - [null]
2020-06-10 20:38:39.716 TRACE 56553 --- [    Test worker] o.h.type.descriptor.sql.BasicBinder      : binding parameter [5] as [VARCHAR] - [null]
2020-06-10 20:38:39.716 TRACE 56553 --- [    Test worker] o.h.type.descriptor.sql.BasicBinder      : binding parameter [6] as [BIGINT] - [10]
2020-06-10 20:38:39.716 TRACE 56553 --- [    Test worker] o.h.type.descriptor.sql.BasicBinder      : binding parameter [7] as [VARCHAR] - [HISTORIA]
2020-06-10 20:38:39.717  INFO 56553 --- [    Test worker] .s.o.r.i.OrganisaatioSuhdeRepositoryImpl :     Created new child relation:  --> pId=10, cId=15, aPvm=Thu Jan 04 00:00:00 EET 2001, lPvm=null
Hibernate: 
    select
        organisaat0_.id as id1_19_,
        organisaat0_.version as version2_19_,
        organisaat0_.alkupvm as alkupvm3_19_,
        organisaat0_.child_id as child_id7_19_,
        organisaat0_.loppupvm as loppupvm4_19_,
        organisaat0_.opetuspisteenjarjnro as opetuspi5_19_,
        organisaat0_.parent_id as parent_i8_19_,
        organisaat0_.suhdetyyppi as suhdetyy6_19_ 
    from
        organisaatiosuhde organisaat0_
2020-06-10 20:38:39.719 TRACE 56553 --- [    Test worker] o.h.type.descriptor.sql.BasicExtractor   : extracted value ([id1_19_] : [BIGINT]) - [1]
2020-06-10 20:38:39.719 TRACE 56553 --- [    Test worker] o.h.type.descriptor.sql.BasicExtractor   : extracted value ([id1_19_] : [BIGINT]) - [2]
2020-06-10 20:38:39.719 TRACE 56553 --- [    Test worker] o.h.type.descriptor.sql.BasicExtractor   : extracted value ([id1_19_] : [BIGINT]) - [3]
2020-06-10 20:38:39.719 TRACE 56553 --- [    Test worker] o.h.type.descriptor.sql.BasicExtractor   : extracted value ([id1_19_] : [BIGINT]) - [4]
2020-06-10 20:38:39.719 TRACE 56553 --- [    Test worker] o.h.type.descriptor.sql.BasicExtractor   : extracted value ([id1_19_] : [BIGINT]) - [5]
2020-06-10 20:38:39.719 TRACE 56553 --- [    Test worker] o.h.type.descriptor.sql.BasicExtractor   : extracted value ([id1_19_] : [BIGINT]) - [6]
2020-06-10 20:38:39.719 TRACE 56553 --- [    Test worker] o.h.type.descriptor.sql.BasicExtractor   : extracted value ([id1_19_] : [BIGINT]) - [7]
2020-06-10 20:38:39.719 TRACE 56553 --- [    Test worker] o.h.type.descriptor.sql.BasicExtractor   : extracted value ([id1_19_] : [BIGINT]) - [8]
2020-06-10 20:38:39.719 TRACE 56553 --- [    Test worker] o.h.type.descriptor.sql.BasicExtractor   : extracted value ([id1_19_] : [BIGINT]) - [9]
2020-06-10 20:38:39.720  INFO 56553 --- [    Test worker] .o.r.OrganisaatioSuhdeRepositoryImplTest : ORGANISAATIOSUHDE TABLE:
2020-06-10 20:38:39.720  INFO 56553 --- [    Test worker] .o.r.OrganisaatioSuhdeRepositoryImplTest :   OS: pId=10, cId=11, a=Sat Jan 01 00:00:00 EET 2000, l=null
2020-06-10 20:38:39.720  INFO 56553 --- [    Test worker] .o.r.OrganisaatioSuhdeRepositoryImplTest :   OS: pId=10, cId=12, a=Sat Jan 01 00:00:00 EET 2000, l=null
2020-06-10 20:38:39.720  INFO 56553 --- [    Test worker] .o.r.OrganisaatioSuhdeRepositoryImplTest :   OS: pId=10, cId=13, a=Sat Jan 01 00:00:00 EET 2000, l=null
2020-06-10 20:38:39.720  INFO 56553 --- [    Test worker] .o.r.OrganisaatioSuhdeRepositoryImplTest :   OS: pId=10, cId=14, a=Sat Jan 01 00:00:00 EET 2000, l=null
2020-06-10 20:38:39.720  INFO 56553 --- [    Test worker] .o.r.OrganisaatioSuhdeRepositoryImplTest :   OS: pId=10, cId=15, a=Sat Jan 01 00:00:00 EET 2000, l=null
2020-06-10 20:38:39.720  INFO 56553 --- [    Test worker] .o.r.OrganisaatioSuhdeRepositoryImplTest :   OS: pId=11, cId=12, a=Mon Jan 01 00:00:00 EET 2001, l=null
2020-06-10 20:38:39.720  INFO 56553 --- [    Test worker] .o.r.OrganisaatioSuhdeRepositoryImplTest :   OS: pId=11, cId=13, a=Tue Jan 02 00:00:00 EET 2001, l=null
2020-06-10 20:38:39.720  INFO 56553 --- [    Test worker] .o.r.OrganisaatioSuhdeRepositoryImplTest :   OS: pId=14, cId=15, a=Wed Jan 03 00:00:00 EET 2001, l=null
2020-06-10 20:38:39.720  INFO 56553 --- [    Test worker] .o.r.OrganisaatioSuhdeRepositoryImplTest :   OS: pId=10, cId=15, a=Thu Jan 04 00:00:00 EET 2001, l=null
2020-06-10 20:38:39.720  INFO 56553 --- [    Test worker] .s.o.r.i.OrganisaatioSuhdeRepositoryImpl : findChildrenTo(14, Thu Jan 04 00:00:00 EET 2001)
Hibernate: 
    select
        organisaat0_.id as id1_19_0_,
        organisaat1_.id as id1_5_1_,
        organisaat0_.version as version2_19_0_,
        organisaat0_.alkupvm as alkupvm3_19_0_,
        organisaat0_.child_id as child_id7_19_0_,
        organisaat0_.loppupvm as loppupvm4_19_0_,
        organisaat0_.opetuspisteenjarjnro as opetuspi5_19_0_,
        organisaat0_.parent_id as parent_i8_19_0_,
        organisaat0_.suhdetyyppi as suhdetyy6_19_0_,
        organisaat1_.version as version2_5_1_,
        organisaat1_.alkupvm as alkupvm3_5_1_,
        organisaat1_.domainnimi as domainni4_5_1_,
        organisaat1_.kotipaikka as kotipaik5_5_1_,
        organisaat1_.kuvaus_mkt as kuvaus_28_5_1_,
        organisaat1_.lakkautuspvm as lakkautu6_5_1_,
        organisaat1_.maa as maa7_5_1_,
        organisaat1_.metadata_id as metadat29_5_1_,
        organisaat1_.nimi_mkt as nimi_mk30_5_1_,
        organisaat1_.nimihaku as nimihaku8_5_1_,
        organisaat1_.oid as oid9_5_1_,
        organisaat1_.opetuspisteenjarjnro as opetusp10_5_1_,
        organisaat1_.oppilaitoskoodi as oppilai11_5_1_,
        organisaat1_.oppilaitos_tyyppi as oppilai12_5_1_,
        organisaat1_.organisaatio_poistettu as organis13_5_1_,
        organisaat1_.paivittaja as paivitt14_5_1_,
        organisaat1_.paivityspvm as paivity15_5_1_,
        organisaat1_.parentidpath as parenti16_5_1_,
        organisaat1_.parentoidpath as parento17_5_1_,
        organisaat1_.piilotettu as piilote18_5_1_,
        organisaat1_.tarkastus_pvm as tarkast19_5_1_,
        organisaat1_.toimipistekoodi as toimipi20_5_1_,
        organisaat1_.tuontipvm as tuontip21_5_1_,
        organisaat1_.varhaiskasvatuksen_toimipaikka_tiedot_id as varhais31_5_1_,
        organisaat1_.virastotunnus as virasto22_5_1_,
        organisaat1_.yhteishaunkoulukoodi as yhteish23_5_1_,
        organisaat1_.yritysmuoto as yritysm24_5_1_,
        organisaat1_.ytj_kieli as ytj_kie25_5_1_,
        organisaat1_.ytjpaivityspvm as ytjpaiv26_5_1_,
        organisaat1_.ytunnus as ytunnus27_5_1_ 
    from
        organisaatiosuhde organisaat0_ 
    inner join
        organisaatio organisaat1_ 
            on organisaat0_.child_id=organisaat1_.id 
    where
        organisaat0_.parent_id=? 
        and organisaat0_.suhdetyyppi=? 
        and (
            organisaat0_.alkupvm=? 
            or organisaat0_.alkupvm<?
        ) 
        and (
            organisaat0_.loppupvm is null 
            or organisaat0_.loppupvm>?
        ) 
        and organisaat1_.organisaatio_poistettu=? 
    order by
        organisaat0_.alkupvm desc
2020-06-10 20:38:39.724 TRACE 56553 --- [    Test worker] o.h.type.descriptor.sql.BasicBinder      : binding parameter [1] as [BIGINT] - [14]
2020-06-10 20:38:39.724 TRACE 56553 --- [    Test worker] o.h.type.descriptor.sql.BasicBinder      : binding parameter [2] as [VARCHAR] - [HISTORIA]
2020-06-10 20:38:39.724 TRACE 56553 --- [    Test worker] o.h.type.descriptor.sql.BasicBinder      : binding parameter [3] as [DATE] - [Thu Jan 04 00:00:00 EET 2001]
2020-06-10 20:38:39.724 TRACE 56553 --- [    Test worker] o.h.type.descriptor.sql.BasicBinder      : binding parameter [4] as [DATE] - [Thu Jan 04 00:00:00 EET 2001]
2020-06-10 20:38:39.724 TRACE 56553 --- [    Test worker] o.h.type.descriptor.sql.BasicBinder      : binding parameter [5] as [DATE] - [Thu Jan 04 00:00:00 EET 2001]
2020-06-10 20:38:39.724 TRACE 56553 --- [    Test worker] o.h.type.descriptor.sql.BasicBinder      : binding parameter [6] as [BOOLEAN] - [false]
2020-06-10 20:38:39.725 TRACE 56553 --- [    Test worker] o.h.type.descriptor.sql.BasicExtractor   : extracted value ([id1_19_0_] : [BIGINT]) - [8]
2020-06-10 20:38:39.725 TRACE 56553 --- [    Test worker] o.h.type.descriptor.sql.BasicExtractor   : extracted value ([id1_5_1_] : [BIGINT]) - [15]
2020-06-10 20:38:39.725  INFO 56553 --- [    Test worker] .s.o.r.i.OrganisaatioSuhdeRepositoryImpl : findParentTo(15, Thu Jan 04 00:00:00 EET 2001)
Hibernate: 
    select
        organisaat0_.id as id1_19_0_,
        organisaat1_.id as id1_5_1_,
        organisaat0_.version as version2_19_0_,
        organisaat0_.alkupvm as alkupvm3_19_0_,
        organisaat0_.child_id as child_id7_19_0_,
        organisaat0_.loppupvm as loppupvm4_19_0_,
        organisaat0_.opetuspisteenjarjnro as opetuspi5_19_0_,
        organisaat0_.parent_id as parent_i8_19_0_,
        organisaat0_.suhdetyyppi as suhdetyy6_19_0_,
        organisaat1_.version as version2_5_1_,
        organisaat1_.alkupvm as alkupvm3_5_1_,
        organisaat1_.domainnimi as domainni4_5_1_,
        organisaat1_.kotipaikka as kotipaik5_5_1_,
        organisaat1_.kuvaus_mkt as kuvaus_28_5_1_,
        organisaat1_.lakkautuspvm as lakkautu6_5_1_,
        organisaat1_.maa as maa7_5_1_,
        organisaat1_.metadata_id as metadat29_5_1_,
        organisaat1_.nimi_mkt as nimi_mk30_5_1_,
        organisaat1_.nimihaku as nimihaku8_5_1_,
        organisaat1_.oid as oid9_5_1_,
        organisaat1_.opetuspisteenjarjnro as opetusp10_5_1_,
        organisaat1_.oppilaitoskoodi as oppilai11_5_1_,
        organisaat1_.oppilaitos_tyyppi as oppilai12_5_1_,
        organisaat1_.organisaatio_poistettu as organis13_5_1_,
        organisaat1_.paivittaja as paivitt14_5_1_,
        organisaat1_.paivityspvm as paivity15_5_1_,
        organisaat1_.parentidpath as parenti16_5_1_,
        organisaat1_.parentoidpath as parento17_5_1_,
        organisaat1_.piilotettu as piilote18_5_1_,
        organisaat1_.tarkastus_pvm as tarkast19_5_1_,
        organisaat1_.toimipistekoodi as toimipi20_5_1_,
        organisaat1_.tuontipvm as tuontip21_5_1_,
        organisaat1_.varhaiskasvatuksen_toimipaikka_tiedot_id as varhais31_5_1_,
        organisaat1_.virastotunnus as virasto22_5_1_,
        organisaat1_.yhteishaunkoulukoodi as yhteish23_5_1_,
        organisaat1_.yritysmuoto as yritysm24_5_1_,
        organisaat1_.ytj_kieli as ytj_kie25_5_1_,
        organisaat1_.ytjpaivityspvm as ytjpaiv26_5_1_,
        organisaat1_.ytunnus as ytunnus27_5_1_ 
    from
        organisaatiosuhde organisaat0_ 
    inner join
        organisaatio organisaat1_ 
            on organisaat0_.parent_id=organisaat1_.id 
    where
        organisaat0_.child_id=? 
        and organisaat0_.suhdetyyppi=? 
        and (
            organisaat0_.alkupvm=? 
            or organisaat0_.alkupvm<?
        ) 
        and (
            organisaat0_.loppupvm is null 
            or organisaat0_.loppupvm>?
        ) 
        and organisaat1_.organisaatio_poistettu=? 
    order by
        organisaat0_.alkupvm desc
2020-06-10 20:38:39.729 TRACE 56553 --- [    Test worker] o.h.type.descriptor.sql.BasicBinder      : binding parameter [1] as [BIGINT] - [15]
2020-06-10 20:38:39.730 TRACE 56553 --- [    Test worker] o.h.type.descriptor.sql.BasicBinder      : binding parameter [2] as [VARCHAR] - [HISTORIA]
2020-06-10 20:38:39.730 TRACE 56553 --- [    Test worker] o.h.type.descriptor.sql.BasicBinder      : binding parameter [3] as [DATE] - [Thu Jan 04 00:00:00 EET 2001]
2020-06-10 20:38:39.730 TRACE 56553 --- [    Test worker] o.h.type.descriptor.sql.BasicBinder      : binding parameter [4] as [DATE] - [Thu Jan 04 00:00:00 EET 2001]
2020-06-10 20:38:39.730 TRACE 56553 --- [    Test worker] o.h.type.descriptor.sql.BasicBinder      : binding parameter [5] as [DATE] - [Thu Jan 04 00:00:00 EET 2001]
2020-06-10 20:38:39.730 TRACE 56553 --- [    Test worker] o.h.type.descriptor.sql.BasicBinder      : binding parameter [6] as [BOOLEAN] - [false]
2020-06-10 20:38:39.730 TRACE 56553 --- [    Test worker] o.h.type.descriptor.sql.BasicExtractor   : extracted value ([id1_19_0_] : [BIGINT]) - [9]
2020-06-10 20:38:39.730 TRACE 56553 --- [    Test worker] o.h.type.descriptor.sql.BasicExtractor   : extracted value ([id1_5_1_] : [BIGINT]) - [10]
2020-06-10 20:38:39.730 TRACE 56553 --- [    Test worker] o.h.type.descriptor.sql.BasicExtractor   : extracted value ([id1_19_0_] : [BIGINT]) - [8]
2020-06-10 20:38:39.730 TRACE 56553 --- [    Test worker] o.h.type.descriptor.sql.BasicExtractor   : extracted value ([id1_5_1_] : [BIGINT]) - [14]
2020-06-10 20:38:39.731 TRACE 56553 --- [    Test worker] o.h.type.descriptor.sql.BasicExtractor   : extracted value ([id1_19_0_] : [BIGINT]) - [5]
2020-06-10 20:38:39.731 TRACE 56553 --- [    Test worker] o.h.type.descriptor.sql.BasicExtractor   : extracted value ([id1_5_1_] : [BIGINT]) - [10]
2020-06-10 20:38:39.731  INFO 56553 --- [    Test worker] .o.r.OrganisaatioSuhdeRepositoryImplTest : -------------------------------- createDate(5.1.2001)
2020-06-10 20:38:39.731  INFO 56553 --- [    Test worker] .s.o.r.i.OrganisaatioSuhdeRepositoryImpl : addChild(13, 12, Fri Jan 05 00:00:00 EET 2001)
Hibernate: 
    insert 
    into
        organisaatiosuhde
        (id, version, alkupvm, child_id, loppupvm, opetuspisteenjarjnro, parent_id, suhdetyyppi) 
    values
        (null, ?, ?, ?, ?, ?, ?, ?)
2020-06-10 20:38:39.732 TRACE 56553 --- [    Test worker] o.h.type.descriptor.sql.BasicBinder      : binding parameter [1] as [BIGINT] - [0]
2020-06-10 20:38:39.732 TRACE 56553 --- [    Test worker] o.h.type.descriptor.sql.BasicBinder      : binding parameter [2] as [DATE] - [Fri Jan 05 00:00:00 EET 2001]
2020-06-10 20:38:39.732 TRACE 56553 --- [    Test worker] o.h.type.descriptor.sql.BasicBinder      : binding parameter [3] as [BIGINT] - [12]
2020-06-10 20:38:39.732 TRACE 56553 --- [    Test worker] o.h.type.descriptor.sql.BasicBinder      : binding parameter [4] as [DATE] - [null]
2020-06-10 20:38:39.732 TRACE 56553 --- [    Test worker] o.h.type.descriptor.sql.BasicBinder      : binding parameter [5] as [VARCHAR] - [null]
2020-06-10 20:38:39.732 TRACE 56553 --- [    Test worker] o.h.type.descriptor.sql.BasicBinder      : binding parameter [6] as [BIGINT] - [13]
2020-06-10 20:38:39.732 TRACE 56553 --- [    Test worker] o.h.type.descriptor.sql.BasicBinder      : binding parameter [7] as [VARCHAR] - [HISTORIA]
2020-06-10 20:38:39.733  INFO 56553 --- [    Test worker] .s.o.r.i.OrganisaatioSuhdeRepositoryImpl :     Created new child relation:  --> pId=13, cId=12, aPvm=Fri Jan 05 00:00:00 EET 2001, lPvm=null
Hibernate: 
    select
        organisaat0_.id as id1_19_,
        organisaat0_.version as version2_19_,
        organisaat0_.alkupvm as alkupvm3_19_,
        organisaat0_.child_id as child_id7_19_,
        organisaat0_.loppupvm as loppupvm4_19_,
        organisaat0_.opetuspisteenjarjnro as opetuspi5_19_,
        organisaat0_.parent_id as parent_i8_19_,
        organisaat0_.suhdetyyppi as suhdetyy6_19_ 
    from
        organisaatiosuhde organisaat0_
2020-06-10 20:38:39.735 TRACE 56553 --- [    Test worker] o.h.type.descriptor.sql.BasicExtractor   : extracted value ([id1_19_] : [BIGINT]) - [1]
2020-06-10 20:38:39.735 TRACE 56553 --- [    Test worker] o.h.type.descriptor.sql.BasicExtractor   : extracted value ([id1_19_] : [BIGINT]) - [2]
2020-06-10 20:38:39.735 TRACE 56553 --- [    Test worker] o.h.type.descriptor.sql.BasicExtractor   : extracted value ([id1_19_] : [BIGINT]) - [3]
2020-06-10 20:38:39.735 TRACE 56553 --- [    Test worker] o.h.type.descriptor.sql.BasicExtractor   : extracted value ([id1_19_] : [BIGINT]) - [4]
2020-06-10 20:38:39.735 TRACE 56553 --- [    Test worker] o.h.type.descriptor.sql.BasicExtractor   : extracted value ([id1_19_] : [BIGINT]) - [5]
2020-06-10 20:38:39.735 TRACE 56553 --- [    Test worker] o.h.type.descriptor.sql.BasicExtractor   : extracted value ([id1_19_] : [BIGINT]) - [6]
2020-06-10 20:38:39.735 TRACE 56553 --- [    Test worker] o.h.type.descriptor.sql.BasicExtractor   : extracted value ([id1_19_] : [BIGINT]) - [7]
2020-06-10 20:38:39.735 TRACE 56553 --- [    Test worker] o.h.type.descriptor.sql.BasicExtractor   : extracted value ([id1_19_] : [BIGINT]) - [8]
2020-06-10 20:38:39.735 TRACE 56553 --- [    Test worker] o.h.type.descriptor.sql.BasicExtractor   : extracted value ([id1_19_] : [BIGINT]) - [9]
2020-06-10 20:38:39.735 TRACE 56553 --- [    Test worker] o.h.type.descriptor.sql.BasicExtractor   : extracted value ([id1_19_] : [BIGINT]) - [10]
2020-06-10 20:38:39.736  INFO 56553 --- [    Test worker] .o.r.OrganisaatioSuhdeRepositoryImplTest : ORGANISAATIOSUHDE TABLE:
2020-06-10 20:38:39.736  INFO 56553 --- [    Test worker] .o.r.OrganisaatioSuhdeRepositoryImplTest :   OS: pId=10, cId=11, a=Sat Jan 01 00:00:00 EET 2000, l=null
2020-06-10 20:38:39.736  INFO 56553 --- [    Test worker] .o.r.OrganisaatioSuhdeRepositoryImplTest :   OS: pId=10, cId=12, a=Sat Jan 01 00:00:00 EET 2000, l=null
2020-06-10 20:38:39.736  INFO 56553 --- [    Test worker] .o.r.OrganisaatioSuhdeRepositoryImplTest :   OS: pId=10, cId=13, a=Sat Jan 01 00:00:00 EET 2000, l=null
2020-06-10 20:38:39.736  INFO 56553 --- [    Test worker] .o.r.OrganisaatioSuhdeRepositoryImplTest :   OS: pId=10, cId=14, a=Sat Jan 01 00:00:00 EET 2000, l=null
2020-06-10 20:38:39.736  INFO 56553 --- [    Test worker] .o.r.OrganisaatioSuhdeRepositoryImplTest :   OS: pId=10, cId=15, a=Sat Jan 01 00:00:00 EET 2000, l=null
2020-06-10 20:38:39.736  INFO 56553 --- [    Test worker] .o.r.OrganisaatioSuhdeRepositoryImplTest :   OS: pId=11, cId=12, a=Mon Jan 01 00:00:00 EET 2001, l=null
2020-06-10 20:38:39.736  INFO 56553 --- [    Test worker] .o.r.OrganisaatioSuhdeRepositoryImplTest :   OS: pId=11, cId=13, a=Tue Jan 02 00:00:00 EET 2001, l=null
2020-06-10 20:38:39.736  INFO 56553 --- [    Test worker] .o.r.OrganisaatioSuhdeRepositoryImplTest :   OS: pId=14, cId=15, a=Wed Jan 03 00:00:00 EET 2001, l=null
2020-06-10 20:38:39.736  INFO 56553 --- [    Test worker] .o.r.OrganisaatioSuhdeRepositoryImplTest :   OS: pId=10, cId=15, a=Thu Jan 04 00:00:00 EET 2001, l=null
2020-06-10 20:38:39.736  INFO 56553 --- [    Test worker] .o.r.OrganisaatioSuhdeRepositoryImplTest :   OS: pId=13, cId=12, a=Fri Jan 05 00:00:00 EET 2001, l=null
2020-06-10 20:38:39.736  INFO 56553 --- [    Test worker] .s.o.r.i.OrganisaatioSuhdeRepositoryImpl : findChildrenTo(13, Fri Jan 05 00:00:00 EET 2001)
Hibernate: 
    select
        organisaat0_.id as id1_19_0_,
        organisaat1_.id as id1_5_1_,
        organisaat0_.version as version2_19_0_,
        organisaat0_.alkupvm as alkupvm3_19_0_,
        organisaat0_.child_id as child_id7_19_0_,
        organisaat0_.loppupvm as loppupvm4_19_0_,
        organisaat0_.opetuspisteenjarjnro as opetuspi5_19_0_,
        organisaat0_.parent_id as parent_i8_19_0_,
        organisaat0_.suhdetyyppi as suhdetyy6_19_0_,
        organisaat1_.version as version2_5_1_,
        organisaat1_.alkupvm as alkupvm3_5_1_,
        organisaat1_.domainnimi as domainni4_5_1_,
        organisaat1_.kotipaikka as kotipaik5_5_1_,
        organisaat1_.kuvaus_mkt as kuvaus_28_5_1_,
        organisaat1_.lakkautuspvm as lakkautu6_5_1_,
        organisaat1_.maa as maa7_5_1_,
        organisaat1_.metadata_id as metadat29_5_1_,
        organisaat1_.nimi_mkt as nimi_mk30_5_1_,
        organisaat1_.nimihaku as nimihaku8_5_1_,
        organisaat1_.oid as oid9_5_1_,
        organisaat1_.opetuspisteenjarjnro as opetusp10_5_1_,
        organisaat1_.oppilaitoskoodi as oppilai11_5_1_,
        organisaat1_.oppilaitos_tyyppi as oppilai12_5_1_,
        organisaat1_.organisaatio_poistettu as organis13_5_1_,
        organisaat1_.paivittaja as paivitt14_5_1_,
        organisaat1_.paivityspvm as paivity15_5_1_,
        organisaat1_.parentidpath as parenti16_5_1_,
        organisaat1_.parentoidpath as parento17_5_1_,
        organisaat1_.piilotettu as piilote18_5_1_,
        organisaat1_.tarkastus_pvm as tarkast19_5_1_,
        organisaat1_.toimipistekoodi as toimipi20_5_1_,
        organisaat1_.tuontipvm as tuontip21_5_1_,
        organisaat1_.varhaiskasvatuksen_toimipaikka_tiedot_id as varhais31_5_1_,
        organisaat1_.virastotunnus as virasto22_5_1_,
        organisaat1_.yhteishaunkoulukoodi as yhteish23_5_1_,
        organisaat1_.yritysmuoto as yritysm24_5_1_,
        organisaat1_.ytj_kieli as ytj_kie25_5_1_,
        organisaat1_.ytjpaivityspvm as ytjpaiv26_5_1_,
        organisaat1_.ytunnus as ytunnus27_5_1_ 
    from
        organisaatiosuhde organisaat0_ 
    inner join
        organisaatio organisaat1_ 
            on organisaat0_.child_id=organisaat1_.id 
    where
        organisaat0_.parent_id=? 
        and organisaat0_.suhdetyyppi=? 
        and (
            organisaat0_.alkupvm=? 
            or organisaat0_.alkupvm<?
        ) 
        and (
            organisaat0_.loppupvm is null 
            or organisaat0_.loppupvm>?
        ) 
        and organisaat1_.organisaatio_poistettu=? 
    order by
        organisaat0_.alkupvm desc
2020-06-10 20:38:39.739 TRACE 56553 --- [    Test worker] o.h.type.descriptor.sql.BasicBinder      : binding parameter [1] as [BIGINT] - [13]
2020-06-10 20:38:39.739 TRACE 56553 --- [    Test worker] o.h.type.descriptor.sql.BasicBinder      : binding parameter [2] as [VARCHAR] - [HISTORIA]
2020-06-10 20:38:39.739 TRACE 56553 --- [    Test worker] o.h.type.descriptor.sql.BasicBinder      : binding parameter [3] as [DATE] - [Fri Jan 05 00:00:00 EET 2001]
2020-06-10 20:38:39.739 TRACE 56553 --- [    Test worker] o.h.type.descriptor.sql.BasicBinder      : binding parameter [4] as [DATE] - [Fri Jan 05 00:00:00 EET 2001]
2020-06-10 20:38:39.739 TRACE 56553 --- [    Test worker] o.h.type.descriptor.sql.BasicBinder      : binding parameter [5] as [DATE] - [Fri Jan 05 00:00:00 EET 2001]
2020-06-10 20:38:39.739 TRACE 56553 --- [    Test worker] o.h.type.descriptor.sql.BasicBinder      : binding parameter [6] as [BOOLEAN] - [false]
2020-06-10 20:38:39.739 TRACE 56553 --- [    Test worker] o.h.type.descriptor.sql.BasicExtractor   : extracted value ([id1_19_0_] : [BIGINT]) - [10]
2020-06-10 20:38:39.739 TRACE 56553 --- [    Test worker] o.h.type.descriptor.sql.BasicExtractor   : extracted value ([id1_5_1_] : [BIGINT]) - [12]
2020-06-10 20:38:39.740  INFO 56553 --- [    Test worker] .s.o.r.i.OrganisaatioSuhdeRepositoryImpl : findParentTo(12, Fri Jan 05 00:00:00 EET 2001)
Hibernate: 
    select
        organisaat0_.id as id1_19_0_,
        organisaat1_.id as id1_5_1_,
        organisaat0_.version as version2_19_0_,
        organisaat0_.alkupvm as alkupvm3_19_0_,
        organisaat0_.child_id as child_id7_19_0_,
        organisaat0_.loppupvm as loppupvm4_19_0_,
        organisaat0_.opetuspisteenjarjnro as opetuspi5_19_0_,
        organisaat0_.parent_id as parent_i8_19_0_,
        organisaat0_.suhdetyyppi as suhdetyy6_19_0_,
        organisaat1_.version as version2_5_1_,
        organisaat1_.alkupvm as alkupvm3_5_1_,
        organisaat1_.domainnimi as domainni4_5_1_,
        organisaat1_.kotipaikka as kotipaik5_5_1_,
        organisaat1_.kuvaus_mkt as kuvaus_28_5_1_,
        organisaat1_.lakkautuspvm as lakkautu6_5_1_,
        organisaat1_.maa as maa7_5_1_,
        organisaat1_.metadata_id as metadat29_5_1_,
        organisaat1_.nimi_mkt as nimi_mk30_5_1_,
        organisaat1_.nimihaku as nimihaku8_5_1_,
        organisaat1_.oid as oid9_5_1_,
        organisaat1_.opetuspisteenjarjnro as opetusp10_5_1_,
        organisaat1_.oppilaitoskoodi as oppilai11_5_1_,
        organisaat1_.oppilaitos_tyyppi as oppilai12_5_1_,
        organisaat1_.organisaatio_poistettu as organis13_5_1_,
        organisaat1_.paivittaja as paivitt14_5_1_,
        organisaat1_.paivityspvm as paivity15_5_1_,
        organisaat1_.parentidpath as parenti16_5_1_,
        organisaat1_.parentoidpath as parento17_5_1_,
        organisaat1_.piilotettu as piilote18_5_1_,
        organisaat1_.tarkastus_pvm as tarkast19_5_1_,
        organisaat1_.toimipistekoodi as toimipi20_5_1_,
        organisaat1_.tuontipvm as tuontip21_5_1_,
        organisaat1_.varhaiskasvatuksen_toimipaikka_tiedot_id as varhais31_5_1_,
        organisaat1_.virastotunnus as virasto22_5_1_,
        organisaat1_.yhteishaunkoulukoodi as yhteish23_5_1_,
        organisaat1_.yritysmuoto as yritysm24_5_1_,
        organisaat1_.ytj_kieli as ytj_kie25_5_1_,
        organisaat1_.ytjpaivityspvm as ytjpaiv26_5_1_,
        organisaat1_.ytunnus as ytunnus27_5_1_ 
    from
        organisaatiosuhde organisaat0_ 
    inner join
        organisaatio organisaat1_ 
            on organisaat0_.parent_id=organisaat1_.id 
    where
        organisaat0_.child_id=? 
        and organisaat0_.suhdetyyppi=? 
        and (
            organisaat0_.alkupvm=? 
            or organisaat0_.alkupvm<?
        ) 
        and (
            organisaat0_.loppupvm is null 
            or organisaat0_.loppupvm>?
        ) 
        and organisaat1_.organisaatio_poistettu=? 
    order by
        organisaat0_.alkupvm desc
2020-06-10 20:38:39.742 TRACE 56553 --- [    Test worker] o.h.type.descriptor.sql.BasicBinder      : binding parameter [1] as [BIGINT] - [12]
2020-06-10 20:38:39.742 TRACE 56553 --- [    Test worker] o.h.type.descriptor.sql.BasicBinder      : binding parameter [2] as [VARCHAR] - [HISTORIA]
2020-06-10 20:38:39.742 TRACE 56553 --- [    Test worker] o.h.type.descriptor.sql.BasicBinder      : binding parameter [3] as [DATE] - [Fri Jan 05 00:00:00 EET 2001]
2020-06-10 20:38:39.742 TRACE 56553 --- [    Test worker] o.h.type.descriptor.sql.BasicBinder      : binding parameter [4] as [DATE] - [Fri Jan 05 00:00:00 EET 2001]
2020-06-10 20:38:39.742 TRACE 56553 --- [    Test worker] o.h.type.descriptor.sql.BasicBinder      : binding parameter [5] as [DATE] - [Fri Jan 05 00:00:00 EET 2001]
2020-06-10 20:38:39.742 TRACE 56553 --- [    Test worker] o.h.type.descriptor.sql.BasicBinder      : binding parameter [6] as [BOOLEAN] - [false]
2020-06-10 20:38:39.742 TRACE 56553 --- [    Test worker] o.h.type.descriptor.sql.BasicExtractor   : extracted value ([id1_19_0_] : [BIGINT]) - [10]
2020-06-10 20:38:39.742 TRACE 56553 --- [    Test worker] o.h.type.descriptor.sql.BasicExtractor   : extracted value ([id1_5_1_] : [BIGINT]) - [13]
2020-06-10 20:38:39.742 TRACE 56553 --- [    Test worker] o.h.type.descriptor.sql.BasicExtractor   : extracted value ([id1_19_0_] : [BIGINT]) - [6]
2020-06-10 20:38:39.743 TRACE 56553 --- [    Test worker] o.h.type.descriptor.sql.BasicExtractor   : extracted value ([id1_5_1_] : [BIGINT]) - [11]
2020-06-10 20:38:39.743 TRACE 56553 --- [    Test worker] o.h.type.descriptor.sql.BasicExtractor   : extracted value ([id1_19_0_] : [BIGINT]) - [2]
2020-06-10 20:38:39.743 TRACE 56553 --- [    Test worker] o.h.type.descriptor.sql.BasicExtractor   : extracted value ([id1_5_1_] : [BIGINT]) - [10]
2020-06-10 20:38:39.743  INFO 56553 --- [    Test worker] .s.o.r.i.OrganisaatioSuhdeRepositoryImpl : findParentTo(12, Fri Jan 05 00:00:00 EET 2001)
Hibernate: 
    select
        organisaat0_.id as id1_19_0_,
        organisaat1_.id as id1_5_1_,
        organisaat0_.version as version2_19_0_,
        organisaat0_.alkupvm as alkupvm3_19_0_,
        organisaat0_.child_id as child_id7_19_0_,
        organisaat0_.loppupvm as loppupvm4_19_0_,
        organisaat0_.opetuspisteenjarjnro as opetuspi5_19_0_,
        organisaat0_.parent_id as parent_i8_19_0_,
        organisaat0_.suhdetyyppi as suhdetyy6_19_0_,
        organisaat1_.version as version2_5_1_,
        organisaat1_.alkupvm as alkupvm3_5_1_,
        organisaat1_.domainnimi as domainni4_5_1_,
        organisaat1_.kotipaikka as kotipaik5_5_1_,
        organisaat1_.kuvaus_mkt as kuvaus_28_5_1_,
        organisaat1_.lakkautuspvm as lakkautu6_5_1_,
        organisaat1_.maa as maa7_5_1_,
        organisaat1_.metadata_id as metadat29_5_1_,
        organisaat1_.nimi_mkt as nimi_mk30_5_1_,
        organisaat1_.nimihaku as nimihaku8_5_1_,
        organisaat1_.oid as oid9_5_1_,
        organisaat1_.opetuspisteenjarjnro as opetusp10_5_1_,
        organisaat1_.oppilaitoskoodi as oppilai11_5_1_,
        organisaat1_.oppilaitos_tyyppi as oppilai12_5_1_,
        organisaat1_.organisaatio_poistettu as organis13_5_1_,
        organisaat1_.paivittaja as paivitt14_5_1_,
        organisaat1_.paivityspvm as paivity15_5_1_,
        organisaat1_.parentidpath as parenti16_5_1_,
        organisaat1_.parentoidpath as parento17_5_1_,
        organisaat1_.piilotettu as piilote18_5_1_,
        organisaat1_.tarkastus_pvm as tarkast19_5_1_,
        organisaat1_.toimipistekoodi as toimipi20_5_1_,
        organisaat1_.tuontipvm as tuontip21_5_1_,
        organisaat1_.varhaiskasvatuksen_toimipaikka_tiedot_id as varhais31_5_1_,
        organisaat1_.virastotunnus as virasto22_5_1_,
        organisaat1_.yhteishaunkoulukoodi as yhteish23_5_1_,
        organisaat1_.yritysmuoto as yritysm24_5_1_,
        organisaat1_.ytj_kieli as ytj_kie25_5_1_,
        organisaat1_.ytjpaivityspvm as ytjpaiv26_5_1_,
        organisaat1_.ytunnus as ytunnus27_5_1_ 
    from
        organisaatiosuhde organisaat0_ 
    inner join
        organisaatio organisaat1_ 
            on organisaat0_.parent_id=organisaat1_.id 
    where
        organisaat0_.child_id=? 
        and organisaat0_.suhdetyyppi=? 
        and (
            organisaat0_.alkupvm=? 
            or organisaat0_.alkupvm<?
        ) 
        and (
            organisaat0_.loppupvm is null 
            or organisaat0_.loppupvm>?
        ) 
        and organisaat1_.organisaatio_poistettu=? 
    order by
        organisaat0_.alkupvm desc
2020-06-10 20:38:39.746 TRACE 56553 --- [    Test worker] o.h.type.descriptor.sql.BasicBinder      : binding parameter [1] as [BIGINT] - [12]
2020-06-10 20:38:39.746 TRACE 56553 --- [    Test worker] o.h.type.descriptor.sql.BasicBinder      : binding parameter [2] as [VARCHAR] - [HISTORIA]
2020-06-10 20:38:39.746 TRACE 56553 --- [    Test worker] o.h.type.descriptor.sql.BasicBinder      : binding parameter [3] as [DATE] - [Fri Jan 05 00:00:00 EET 2001]
2020-06-10 20:38:39.746 TRACE 56553 --- [    Test worker] o.h.type.descriptor.sql.BasicBinder      : binding parameter [4] as [DATE] - [Fri Jan 05 00:00:00 EET 2001]
2020-06-10 20:38:39.746 TRACE 56553 --- [    Test worker] o.h.type.descriptor.sql.BasicBinder      : binding parameter [5] as [DATE] - [Fri Jan 05 00:00:00 EET 2001]
2020-06-10 20:38:39.746 TRACE 56553 --- [    Test worker] o.h.type.descriptor.sql.BasicBinder      : binding parameter [6] as [BOOLEAN] - [false]
2020-06-10 20:38:39.746 TRACE 56553 --- [    Test worker] o.h.type.descriptor.sql.BasicExtractor   : extracted value ([id1_19_0_] : [BIGINT]) - [10]
2020-06-10 20:38:39.746 TRACE 56553 --- [    Test worker] o.h.type.descriptor.sql.BasicExtractor   : extracted value ([id1_5_1_] : [BIGINT]) - [13]
2020-06-10 20:38:39.747 TRACE 56553 --- [    Test worker] o.h.type.descriptor.sql.BasicExtractor   : extracted value ([id1_19_0_] : [BIGINT]) - [6]
2020-06-10 20:38:39.747 TRACE 56553 --- [    Test worker] o.h.type.descriptor.sql.BasicExtractor   : extracted value ([id1_5_1_] : [BIGINT]) - [11]
2020-06-10 20:38:39.747 TRACE 56553 --- [    Test worker] o.h.type.descriptor.sql.BasicExtractor   : extracted value ([id1_19_0_] : [BIGINT]) - [2]
2020-06-10 20:38:39.747 TRACE 56553 --- [    Test worker] o.h.type.descriptor.sql.BasicExtractor   : extracted value ([id1_5_1_] : [BIGINT]) - [10]
2020-06-10 20:38:39.747  INFO 56553 --- [    Test worker] .o.r.OrganisaatioSuhdeRepositoryImplTest : -------------------------------- createDate(6.1.2001)
2020-06-10 20:38:39.747  INFO 56553 --- [    Test worker] .s.o.r.i.OrganisaatioSuhdeRepositoryImpl : addChild(13, 14, Sat Jan 06 00:00:00 EET 2001)
Hibernate: 
    insert 
    into
        organisaatiosuhde
        (id, version, alkupvm, child_id, loppupvm, opetuspisteenjarjnro, parent_id, suhdetyyppi) 
    values
        (null, ?, ?, ?, ?, ?, ?, ?)
2020-06-10 20:38:39.749 TRACE 56553 --- [    Test worker] o.h.type.descriptor.sql.BasicBinder      : binding parameter [1] as [BIGINT] - [0]
2020-06-10 20:38:39.749 TRACE 56553 --- [    Test worker] o.h.type.descriptor.sql.BasicBinder      : binding parameter [2] as [DATE] - [Sat Jan 06 00:00:00 EET 2001]
2020-06-10 20:38:39.749 TRACE 56553 --- [    Test worker] o.h.type.descriptor.sql.BasicBinder      : binding parameter [3] as [BIGINT] - [14]
2020-06-10 20:38:39.749 TRACE 56553 --- [    Test worker] o.h.type.descriptor.sql.BasicBinder      : binding parameter [4] as [DATE] - [null]
2020-06-10 20:38:39.749 TRACE 56553 --- [    Test worker] o.h.type.descriptor.sql.BasicBinder      : binding parameter [5] as [VARCHAR] - [null]
2020-06-10 20:38:39.749 TRACE 56553 --- [    Test worker] o.h.type.descriptor.sql.BasicBinder      : binding parameter [6] as [BIGINT] - [13]
2020-06-10 20:38:39.749 TRACE 56553 --- [    Test worker] o.h.type.descriptor.sql.BasicBinder      : binding parameter [7] as [VARCHAR] - [HISTORIA]
2020-06-10 20:38:39.749  INFO 56553 --- [    Test worker] .s.o.r.i.OrganisaatioSuhdeRepositoryImpl :     Created new child relation:  --> pId=13, cId=14, aPvm=Sat Jan 06 00:00:00 EET 2001, lPvm=null
Hibernate: 
    select
        organisaat0_.id as id1_19_,
        organisaat0_.version as version2_19_,
        organisaat0_.alkupvm as alkupvm3_19_,
        organisaat0_.child_id as child_id7_19_,
        organisaat0_.loppupvm as loppupvm4_19_,
        organisaat0_.opetuspisteenjarjnro as opetuspi5_19_,
        organisaat0_.parent_id as parent_i8_19_,
        organisaat0_.suhdetyyppi as suhdetyy6_19_ 
    from
        organisaatiosuhde organisaat0_
2020-06-10 20:38:39.751 TRACE 56553 --- [    Test worker] o.h.type.descriptor.sql.BasicExtractor   : extracted value ([id1_19_] : [BIGINT]) - [1]
2020-06-10 20:38:39.751 TRACE 56553 --- [    Test worker] o.h.type.descriptor.sql.BasicExtractor   : extracted value ([id1_19_] : [BIGINT]) - [2]
2020-06-10 20:38:39.751 TRACE 56553 --- [    Test worker] o.h.type.descriptor.sql.BasicExtractor   : extracted value ([id1_19_] : [BIGINT]) - [3]
2020-06-10 20:38:39.751 TRACE 56553 --- [    Test worker] o.h.type.descriptor.sql.BasicExtractor   : extracted value ([id1_19_] : [BIGINT]) - [4]
2020-06-10 20:38:39.751 TRACE 56553 --- [    Test worker] o.h.type.descriptor.sql.BasicExtractor   : extracted value ([id1_19_] : [BIGINT]) - [5]
2020-06-10 20:38:39.751 TRACE 56553 --- [    Test worker] o.h.type.descriptor.sql.BasicExtractor   : extracted value ([id1_19_] : [BIGINT]) - [6]
2020-06-10 20:38:39.751 TRACE 56553 --- [    Test worker] o.h.type.descriptor.sql.BasicExtractor   : extracted value ([id1_19_] : [BIGINT]) - [7]
2020-06-10 20:38:39.751 TRACE 56553 --- [    Test worker] o.h.type.descriptor.sql.BasicExtractor   : extracted value ([id1_19_] : [BIGINT]) - [8]
2020-06-10 20:38:39.751 TRACE 56553 --- [    Test worker] o.h.type.descriptor.sql.BasicExtractor   : extracted value ([id1_19_] : [BIGINT]) - [9]
2020-06-10 20:38:39.751 TRACE 56553 --- [    Test worker] o.h.type.descriptor.sql.BasicExtractor   : extracted value ([id1_19_] : [BIGINT]) - [10]
2020-06-10 20:38:39.751 TRACE 56553 --- [    Test worker] o.h.type.descriptor.sql.BasicExtractor   : extracted value ([id1_19_] : [BIGINT]) - [11]
2020-06-10 20:38:39.752  INFO 56553 --- [    Test worker] .o.r.OrganisaatioSuhdeRepositoryImplTest : ORGANISAATIOSUHDE TABLE:
2020-06-10 20:38:39.752  INFO 56553 --- [    Test worker] .o.r.OrganisaatioSuhdeRepositoryImplTest :   OS: pId=10, cId=11, a=Sat Jan 01 00:00:00 EET 2000, l=null
2020-06-10 20:38:39.752  INFO 56553 --- [    Test worker] .o.r.OrganisaatioSuhdeRepositoryImplTest :   OS: pId=10, cId=12, a=Sat Jan 01 00:00:00 EET 2000, l=null
2020-06-10 20:38:39.752  INFO 56553 --- [    Test worker] .o.r.OrganisaatioSuhdeRepositoryImplTest :   OS: pId=10, cId=13, a=Sat Jan 01 00:00:00 EET 2000, l=null
2020-06-10 20:38:39.752  INFO 56553 --- [    Test worker] .o.r.OrganisaatioSuhdeRepositoryImplTest :   OS: pId=10, cId=14, a=Sat Jan 01 00:00:00 EET 2000, l=null
2020-06-10 20:38:39.752  INFO 56553 --- [    Test worker] .o.r.OrganisaatioSuhdeRepositoryImplTest :   OS: pId=10, cId=15, a=Sat Jan 01 00:00:00 EET 2000, l=null
2020-06-10 20:38:39.752  INFO 56553 --- [    Test worker] .o.r.OrganisaatioSuhdeRepositoryImplTest :   OS: pId=11, cId=12, a=Mon Jan 01 00:00:00 EET 2001, l=null
2020-06-10 20:38:39.752  INFO 56553 --- [    Test worker] .o.r.OrganisaatioSuhdeRepositoryImplTest :   OS: pId=11, cId=13, a=Tue Jan 02 00:00:00 EET 2001, l=null
2020-06-10 20:38:39.752  INFO 56553 --- [    Test worker] .o.r.OrganisaatioSuhdeRepositoryImplTest :   OS: pId=14, cId=15, a=Wed Jan 03 00:00:00 EET 2001, l=null
2020-06-10 20:38:39.752  INFO 56553 --- [    Test worker] .o.r.OrganisaatioSuhdeRepositoryImplTest :   OS: pId=10, cId=15, a=Thu Jan 04 00:00:00 EET 2001, l=null
2020-06-10 20:38:39.752  INFO 56553 --- [    Test worker] .o.r.OrganisaatioSuhdeRepositoryImplTest :   OS: pId=13, cId=12, a=Fri Jan 05 00:00:00 EET 2001, l=null
2020-06-10 20:38:39.752  INFO 56553 --- [    Test worker] .o.r.OrganisaatioSuhdeRepositoryImplTest :   OS: pId=13, cId=14, a=Sat Jan 06 00:00:00 EET 2001, l=null
2020-06-10 20:38:39.752  INFO 56553 --- [    Test worker] .s.o.r.i.OrganisaatioSuhdeRepositoryImpl : findChildrenTo(13, Sat Jan 06 00:00:00 EET 2001)
Hibernate: 
    select
        organisaat0_.id as id1_19_0_,
        organisaat1_.id as id1_5_1_,
        organisaat0_.version as version2_19_0_,
        organisaat0_.alkupvm as alkupvm3_19_0_,
        organisaat0_.child_id as child_id7_19_0_,
        organisaat0_.loppupvm as loppupvm4_19_0_,
        organisaat0_.opetuspisteenjarjnro as opetuspi5_19_0_,
        organisaat0_.parent_id as parent_i8_19_0_,
        organisaat0_.suhdetyyppi as suhdetyy6_19_0_,
        organisaat1_.version as version2_5_1_,
        organisaat1_.alkupvm as alkupvm3_5_1_,
        organisaat1_.domainnimi as domainni4_5_1_,
        organisaat1_.kotipaikka as kotipaik5_5_1_,
        organisaat1_.kuvaus_mkt as kuvaus_28_5_1_,
        organisaat1_.lakkautuspvm as lakkautu6_5_1_,
        organisaat1_.maa as maa7_5_1_,
        organisaat1_.metadata_id as metadat29_5_1_,
        organisaat1_.nimi_mkt as nimi_mk30_5_1_,
        organisaat1_.nimihaku as nimihaku8_5_1_,
        organisaat1_.oid as oid9_5_1_,
        organisaat1_.opetuspisteenjarjnro as opetusp10_5_1_,
        organisaat1_.oppilaitoskoodi as oppilai11_5_1_,
        organisaat1_.oppilaitos_tyyppi as oppilai12_5_1_,
        organisaat1_.organisaatio_poistettu as organis13_5_1_,
        organisaat1_.paivittaja as paivitt14_5_1_,
        organisaat1_.paivityspvm as paivity15_5_1_,
        organisaat1_.parentidpath as parenti16_5_1_,
        organisaat1_.parentoidpath as parento17_5_1_,
        organisaat1_.piilotettu as piilote18_5_1_,
        organisaat1_.tarkastus_pvm as tarkast19_5_1_,
        organisaat1_.toimipistekoodi as toimipi20_5_1_,
        organisaat1_.tuontipvm as tuontip21_5_1_,
        organisaat1_.varhaiskasvatuksen_toimipaikka_tiedot_id as varhais31_5_1_,
        organisaat1_.virastotunnus as virasto22_5_1_,
        organisaat1_.yhteishaunkoulukoodi as yhteish23_5_1_,
        organisaat1_.yritysmuoto as yritysm24_5_1_,
        organisaat1_.ytj_kieli as ytj_kie25_5_1_,
        organisaat1_.ytjpaivityspvm as ytjpaiv26_5_1_,
        organisaat1_.ytunnus as ytunnus27_5_1_ 
    from
        organisaatiosuhde organisaat0_ 
    inner join
        organisaatio organisaat1_ 
            on organisaat0_.child_id=organisaat1_.id 
    where
        organisaat0_.parent_id=? 
        and organisaat0_.suhdetyyppi=? 
        and (
            organisaat0_.alkupvm=? 
            or organisaat0_.alkupvm<?
        ) 
        and (
            organisaat0_.loppupvm is null 
            or organisaat0_.loppupvm>?
        ) 
        and organisaat1_.organisaatio_poistettu=? 
    order by
        organisaat0_.alkupvm desc
2020-06-10 20:38:39.754 TRACE 56553 --- [    Test worker] o.h.type.descriptor.sql.BasicBinder      : binding parameter [1] as [BIGINT] - [13]
2020-06-10 20:38:39.754 TRACE 56553 --- [    Test worker] o.h.type.descriptor.sql.BasicBinder      : binding parameter [2] as [VARCHAR] - [HISTORIA]
2020-06-10 20:38:39.754 TRACE 56553 --- [    Test worker] o.h.type.descriptor.sql.BasicBinder      : binding parameter [3] as [DATE] - [Sat Jan 06 00:00:00 EET 2001]
2020-06-10 20:38:39.754 TRACE 56553 --- [    Test worker] o.h.type.descriptor.sql.BasicBinder      : binding parameter [4] as [DATE] - [Sat Jan 06 00:00:00 EET 2001]
2020-06-10 20:38:39.754 TRACE 56553 --- [    Test worker] o.h.type.descriptor.sql.BasicBinder      : binding parameter [5] as [DATE] - [Sat Jan 06 00:00:00 EET 2001]
2020-06-10 20:38:39.755 TRACE 56553 --- [    Test worker] o.h.type.descriptor.sql.BasicBinder      : binding parameter [6] as [BOOLEAN] - [false]
2020-06-10 20:38:39.755 TRACE 56553 --- [    Test worker] o.h.type.descriptor.sql.BasicExtractor   : extracted value ([id1_19_0_] : [BIGINT]) - [11]
2020-06-10 20:38:39.755 TRACE 56553 --- [    Test worker] o.h.type.descriptor.sql.BasicExtractor   : extracted value ([id1_5_1_] : [BIGINT]) - [14]
2020-06-10 20:38:39.755 TRACE 56553 --- [    Test worker] o.h.type.descriptor.sql.BasicExtractor   : extracted value ([id1_19_0_] : [BIGINT]) - [10]
2020-06-10 20:38:39.755 TRACE 56553 --- [    Test worker] o.h.type.descriptor.sql.BasicExtractor   : extracted value ([id1_5_1_] : [BIGINT]) - [12]
2020-06-10 20:38:39.755  INFO 56553 --- [    Test worker] .s.o.r.i.OrganisaatioSuhdeRepositoryImpl : findParentTo(14, Sat Jan 06 00:00:00 EET 2001)
Hibernate: 
    select
        organisaat0_.id as id1_19_0_,
        organisaat1_.id as id1_5_1_,
        organisaat0_.version as version2_19_0_,
        organisaat0_.alkupvm as alkupvm3_19_0_,
        organisaat0_.child_id as child_id7_19_0_,
        organisaat0_.loppupvm as loppupvm4_19_0_,
        organisaat0_.opetuspisteenjarjnro as opetuspi5_19_0_,
        organisaat0_.parent_id as parent_i8_19_0_,
        organisaat0_.suhdetyyppi as suhdetyy6_19_0_,
        organisaat1_.version as version2_5_1_,
        organisaat1_.alkupvm as alkupvm3_5_1_,
        organisaat1_.domainnimi as domainni4_5_1_,
        organisaat1_.kotipaikka as kotipaik5_5_1_,
        organisaat1_.kuvaus_mkt as kuvaus_28_5_1_,
        organisaat1_.lakkautuspvm as lakkautu6_5_1_,
        organisaat1_.maa as maa7_5_1_,
        organisaat1_.metadata_id as metadat29_5_1_,
        organisaat1_.nimi_mkt as nimi_mk30_5_1_,
        organisaat1_.nimihaku as nimihaku8_5_1_,
        organisaat1_.oid as oid9_5_1_,
        organisaat1_.opetuspisteenjarjnro as opetusp10_5_1_,
        organisaat1_.oppilaitoskoodi as oppilai11_5_1_,
        organisaat1_.oppilaitos_tyyppi as oppilai12_5_1_,
        organisaat1_.organisaatio_poistettu as organis13_5_1_,
        organisaat1_.paivittaja as paivitt14_5_1_,
        organisaat1_.paivityspvm as paivity15_5_1_,
        organisaat1_.parentidpath as parenti16_5_1_,
        organisaat1_.parentoidpath as parento17_5_1_,
        organisaat1_.piilotettu as piilote18_5_1_,
        organisaat1_.tarkastus_pvm as tarkast19_5_1_,
        organisaat1_.toimipistekoodi as toimipi20_5_1_,
        organisaat1_.tuontipvm as tuontip21_5_1_,
        organisaat1_.varhaiskasvatuksen_toimipaikka_tiedot_id as varhais31_5_1_,
        organisaat1_.virastotunnus as virasto22_5_1_,
        organisaat1_.yhteishaunkoulukoodi as yhteish23_5_1_,
        organisaat1_.yritysmuoto as yritysm24_5_1_,
        organisaat1_.ytj_kieli as ytj_kie25_5_1_,
        organisaat1_.ytjpaivityspvm as ytjpaiv26_5_1_,
        organisaat1_.ytunnus as ytunnus27_5_1_ 
    from
        organisaatiosuhde organisaat0_ 
    inner join
        organisaatio organisaat1_ 
            on organisaat0_.parent_id=organisaat1_.id 
    where
        organisaat0_.child_id=? 
        and organisaat0_.suhdetyyppi=? 
        and (
            organisaat0_.alkupvm=? 
            or organisaat0_.alkupvm<?
        ) 
        and (
            organisaat0_.loppupvm is null 
            or organisaat0_.loppupvm>?
        ) 
        and organisaat1_.organisaatio_poistettu=? 
    order by
        organisaat0_.alkupvm desc
2020-06-10 20:38:39.758 TRACE 56553 --- [    Test worker] o.h.type.descriptor.sql.BasicBinder      : binding parameter [1] as [BIGINT] - [14]
2020-06-10 20:38:39.758 TRACE 56553 --- [    Test worker] o.h.type.descriptor.sql.BasicBinder      : binding parameter [2] as [VARCHAR] - [HISTORIA]
2020-06-10 20:38:39.758 TRACE 56553 --- [    Test worker] o.h.type.descriptor.sql.BasicBinder      : binding parameter [3] as [DATE] - [Sat Jan 06 00:00:00 EET 2001]
2020-06-10 20:38:39.758 TRACE 56553 --- [    Test worker] o.h.type.descriptor.sql.BasicBinder      : binding parameter [4] as [DATE] - [Sat Jan 06 00:00:00 EET 2001]
2020-06-10 20:38:39.758 TRACE 56553 --- [    Test worker] o.h.type.descriptor.sql.BasicBinder      : binding parameter [5] as [DATE] - [Sat Jan 06 00:00:00 EET 2001]
2020-06-10 20:38:39.758 TRACE 56553 --- [    Test worker] o.h.type.descriptor.sql.BasicBinder      : binding parameter [6] as [BOOLEAN] - [false]
2020-06-10 20:38:39.759 TRACE 56553 --- [    Test worker] o.h.type.descriptor.sql.BasicExtractor   : extracted value ([id1_19_0_] : [BIGINT]) - [11]
2020-06-10 20:38:39.759 TRACE 56553 --- [    Test worker] o.h.type.descriptor.sql.BasicExtractor   : extracted value ([id1_5_1_] : [BIGINT]) - [13]
2020-06-10 20:38:39.759 TRACE 56553 --- [    Test worker] o.h.type.descriptor.sql.BasicExtractor   : extracted value ([id1_19_0_] : [BIGINT]) - [4]
2020-06-10 20:38:39.759 TRACE 56553 --- [    Test worker] o.h.type.descriptor.sql.BasicExtractor   : extracted value ([id1_5_1_] : [BIGINT]) - [10]
2020-06-10 20:38:39.759  INFO 56553 --- [    Test worker] .s.o.r.i.OrganisaatioSuhdeRepositoryImpl : findParentTo(12, Sat Jan 06 00:00:00 EET 2001)
Hibernate: 
    select
        organisaat0_.id as id1_19_0_,
        organisaat1_.id as id1_5_1_,
        organisaat0_.version as version2_19_0_,
        organisaat0_.alkupvm as alkupvm3_19_0_,
        organisaat0_.child_id as child_id7_19_0_,
        organisaat0_.loppupvm as loppupvm4_19_0_,
        organisaat0_.opetuspisteenjarjnro as opetuspi5_19_0_,
        organisaat0_.parent_id as parent_i8_19_0_,
        organisaat0_.suhdetyyppi as suhdetyy6_19_0_,
        organisaat1_.version as version2_5_1_,
        organisaat1_.alkupvm as alkupvm3_5_1_,
        organisaat1_.domainnimi as domainni4_5_1_,
        organisaat1_.kotipaikka as kotipaik5_5_1_,
        organisaat1_.kuvaus_mkt as kuvaus_28_5_1_,
        organisaat1_.lakkautuspvm as lakkautu6_5_1_,
        organisaat1_.maa as maa7_5_1_,
        organisaat1_.metadata_id as metadat29_5_1_,
        organisaat1_.nimi_mkt as nimi_mk30_5_1_,
        organisaat1_.nimihaku as nimihaku8_5_1_,
        organisaat1_.oid as oid9_5_1_,
        organisaat1_.opetuspisteenjarjnro as opetusp10_5_1_,
        organisaat1_.oppilaitoskoodi as oppilai11_5_1_,
        organisaat1_.oppilaitos_tyyppi as oppilai12_5_1_,
        organisaat1_.organisaatio_poistettu as organis13_5_1_,
        organisaat1_.paivittaja as paivitt14_5_1_,
        organisaat1_.paivityspvm as paivity15_5_1_,
        organisaat1_.parentidpath as parenti16_5_1_,
        organisaat1_.parentoidpath as parento17_5_1_,
        organisaat1_.piilotettu as piilote18_5_1_,
        organisaat1_.tarkastus_pvm as tarkast19_5_1_,
        organisaat1_.toimipistekoodi as toimipi20_5_1_,
        organisaat1_.tuontipvm as tuontip21_5_1_,
        organisaat1_.varhaiskasvatuksen_toimipaikka_tiedot_id as varhais31_5_1_,
        organisaat1_.virastotunnus as virasto22_5_1_,
        organisaat1_.yhteishaunkoulukoodi as yhteish23_5_1_,
        organisaat1_.yritysmuoto as yritysm24_5_1_,
        organisaat1_.ytj_kieli as ytj_kie25_5_1_,
        organisaat1_.ytjpaivityspvm as ytjpaiv26_5_1_,
        organisaat1_.ytunnus as ytunnus27_5_1_ 
    from
        organisaatiosuhde organisaat0_ 
    inner join
        organisaatio organisaat1_ 
            on organisaat0_.parent_id=organisaat1_.id 
    where
        organisaat0_.child_id=? 
        and organisaat0_.suhdetyyppi=? 
        and (
            organisaat0_.alkupvm=? 
            or organisaat0_.alkupvm<?
        ) 
        and (
            organisaat0_.loppupvm is null 
            or organisaat0_.loppupvm>?
        ) 
        and organisaat1_.organisaatio_poistettu=? 
    order by
        organisaat0_.alkupvm desc
2020-06-10 20:38:39.761 TRACE 56553 --- [    Test worker] o.h.type.descriptor.sql.BasicBinder      : binding parameter [1] as [BIGINT] - [12]
2020-06-10 20:38:39.761 TRACE 56553 --- [    Test worker] o.h.type.descriptor.sql.BasicBinder      : binding parameter [2] as [VARCHAR] - [HISTORIA]
2020-06-10 20:38:39.761 TRACE 56553 --- [    Test worker] o.h.type.descriptor.sql.BasicBinder      : binding parameter [3] as [DATE] - [Sat Jan 06 00:00:00 EET 2001]
2020-06-10 20:38:39.761 TRACE 56553 --- [    Test worker] o.h.type.descriptor.sql.BasicBinder      : binding parameter [4] as [DATE] - [Sat Jan 06 00:00:00 EET 2001]
2020-06-10 20:38:39.761 TRACE 56553 --- [    Test worker] o.h.type.descriptor.sql.BasicBinder      : binding parameter [5] as [DATE] - [Sat Jan 06 00:00:00 EET 2001]
2020-06-10 20:38:39.761 TRACE 56553 --- [    Test worker] o.h.type.descriptor.sql.BasicBinder      : binding parameter [6] as [BOOLEAN] - [false]
2020-06-10 20:38:39.762 TRACE 56553 --- [    Test worker] o.h.type.descriptor.sql.BasicExtractor   : extracted value ([id1_19_0_] : [BIGINT]) - [10]
2020-06-10 20:38:39.762 TRACE 56553 --- [    Test worker] o.h.type.descriptor.sql.BasicExtractor   : extracted value ([id1_5_1_] : [BIGINT]) - [13]
2020-06-10 20:38:39.762 TRACE 56553 --- [    Test worker] o.h.type.descriptor.sql.BasicExtractor   : extracted value ([id1_19_0_] : [BIGINT]) - [6]
2020-06-10 20:38:39.762 TRACE 56553 --- [    Test worker] o.h.type.descriptor.sql.BasicExtractor   : extracted value ([id1_5_1_] : [BIGINT]) - [11]
2020-06-10 20:38:39.762 TRACE 56553 --- [    Test worker] o.h.type.descriptor.sql.BasicExtractor   : extracted value ([id1_19_0_] : [BIGINT]) - [2]
2020-06-10 20:38:39.762 TRACE 56553 --- [    Test worker] o.h.type.descriptor.sql.BasicExtractor   : extracted value ([id1_5_1_] : [BIGINT]) - [10]
2020-06-10 20:38:39.763  INFO 56553 --- [    Test worker] .s.o.r.i.OrganisaatioSuhdeRepositoryImpl : findParentTo(12, Sat Jan 06 00:00:00 EET 2001)
Hibernate: 
    select
        organisaat0_.id as id1_19_0_,
        organisaat1_.id as id1_5_1_,
        organisaat0_.version as version2_19_0_,
        organisaat0_.alkupvm as alkupvm3_19_0_,
        organisaat0_.child_id as child_id7_19_0_,
        organisaat0_.loppupvm as loppupvm4_19_0_,
        organisaat0_.opetuspisteenjarjnro as opetuspi5_19_0_,
        organisaat0_.parent_id as parent_i8_19_0_,
        organisaat0_.suhdetyyppi as suhdetyy6_19_0_,
        organisaat1_.version as version2_5_1_,
        organisaat1_.alkupvm as alkupvm3_5_1_,
        organisaat1_.domainnimi as domainni4_5_1_,
        organisaat1_.kotipaikka as kotipaik5_5_1_,
        organisaat1_.kuvaus_mkt as kuvaus_28_5_1_,
        organisaat1_.lakkautuspvm as lakkautu6_5_1_,
        organisaat1_.maa as maa7_5_1_,
        organisaat1_.metadata_id as metadat29_5_1_,
        organisaat1_.nimi_mkt as nimi_mk30_5_1_,
        organisaat1_.nimihaku as nimihaku8_5_1_,
        organisaat1_.oid as oid9_5_1_,
        organisaat1_.opetuspisteenjarjnro as opetusp10_5_1_,
        organisaat1_.oppilaitoskoodi as oppilai11_5_1_,
        organisaat1_.oppilaitos_tyyppi as oppilai12_5_1_,
        organisaat1_.organisaatio_poistettu as organis13_5_1_,
        organisaat1_.paivittaja as paivitt14_5_1_,
        organisaat1_.paivityspvm as paivity15_5_1_,
        organisaat1_.parentidpath as parenti16_5_1_,
        organisaat1_.parentoidpath as parento17_5_1_,
        organisaat1_.piilotettu as piilote18_5_1_,
        organisaat1_.tarkastus_pvm as tarkast19_5_1_,
        organisaat1_.toimipistekoodi as toimipi20_5_1_,
        organisaat1_.tuontipvm as tuontip21_5_1_,
        organisaat1_.varhaiskasvatuksen_toimipaikka_tiedot_id as varhais31_5_1_,
        organisaat1_.virastotunnus as virasto22_5_1_,
        organisaat1_.yhteishaunkoulukoodi as yhteish23_5_1_,
        organisaat1_.yritysmuoto as yritysm24_5_1_,
        organisaat1_.ytj_kieli as ytj_kie25_5_1_,
        organisaat1_.ytjpaivityspvm as ytjpaiv26_5_1_,
        organisaat1_.ytunnus as ytunnus27_5_1_ 
    from
        organisaatiosuhde organisaat0_ 
    inner join
        organisaatio organisaat1_ 
            on organisaat0_.parent_id=organisaat1_.id 
    where
        organisaat0_.child_id=? 
        and organisaat0_.suhdetyyppi=? 
        and (
            organisaat0_.alkupvm=? 
            or organisaat0_.alkupvm<?
        ) 
        and (
            organisaat0_.loppupvm is null 
            or organisaat0_.loppupvm>?
        ) 
        and organisaat1_.organisaatio_poistettu=? 
    order by
        organisaat0_.alkupvm desc
2020-06-10 20:38:39.765 TRACE 56553 --- [    Test worker] o.h.type.descriptor.sql.BasicBinder      : binding parameter [1] as [BIGINT] - [12]
2020-06-10 20:38:39.765 TRACE 56553 --- [    Test worker] o.h.type.descriptor.sql.BasicBinder      : binding parameter [2] as [VARCHAR] - [HISTORIA]
2020-06-10 20:38:39.765 TRACE 56553 --- [    Test worker] o.h.type.descriptor.sql.BasicBinder      : binding parameter [3] as [DATE] - [Sat Jan 06 00:00:00 EET 2001]
2020-06-10 20:38:39.765 TRACE 56553 --- [    Test worker] o.h.type.descriptor.sql.BasicBinder      : binding parameter [4] as [DATE] - [Sat Jan 06 00:00:00 EET 2001]
2020-06-10 20:38:39.765 TRACE 56553 --- [    Test worker] o.h.type.descriptor.sql.BasicBinder      : binding parameter [5] as [DATE] - [Sat Jan 06 00:00:00 EET 2001]
2020-06-10 20:38:39.767 TRACE 56553 --- [    Test worker] o.h.type.descriptor.sql.BasicBinder      : binding parameter [6] as [BOOLEAN] - [false]
2020-06-10 20:38:39.767 TRACE 56553 --- [    Test worker] o.h.type.descriptor.sql.BasicExtractor   : extracted value ([id1_19_0_] : [BIGINT]) - [10]
2020-06-10 20:38:39.767 TRACE 56553 --- [    Test worker] o.h.type.descriptor.sql.BasicExtractor   : extracted value ([id1_5_1_] : [BIGINT]) - [13]
2020-06-10 20:38:39.767 TRACE 56553 --- [    Test worker] o.h.type.descriptor.sql.BasicExtractor   : extracted value ([id1_19_0_] : [BIGINT]) - [6]
2020-06-10 20:38:39.767 TRACE 56553 --- [    Test worker] o.h.type.descriptor.sql.BasicExtractor   : extracted value ([id1_5_1_] : [BIGINT]) - [11]
2020-06-10 20:38:39.767 TRACE 56553 --- [    Test worker] o.h.type.descriptor.sql.BasicExtractor   : extracted value ([id1_19_0_] : [BIGINT]) - [2]
2020-06-10 20:38:39.767 TRACE 56553 --- [    Test worker] o.h.type.descriptor.sql.BasicExtractor   : extracted value ([id1_5_1_] : [BIGINT]) - [10]
2020-06-10 20:38:39.767  INFO 56553 --- [    Test worker] .s.o.r.i.OrganisaatioSuhdeRepositoryImpl : findParentTo(14, Sat Jan 06 00:00:00 EET 2001)
Hibernate: 
    select
        organisaat0_.id as id1_19_0_,
        organisaat1_.id as id1_5_1_,
        organisaat0_.version as version2_19_0_,
        organisaat0_.alkupvm as alkupvm3_19_0_,
        organisaat0_.child_id as child_id7_19_0_,
        organisaat0_.loppupvm as loppupvm4_19_0_,
        organisaat0_.opetuspisteenjarjnro as opetuspi5_19_0_,
        organisaat0_.parent_id as parent_i8_19_0_,
        organisaat0_.suhdetyyppi as suhdetyy6_19_0_,
        organisaat1_.version as version2_5_1_,
        organisaat1_.alkupvm as alkupvm3_5_1_,
        organisaat1_.domainnimi as domainni4_5_1_,
        organisaat1_.kotipaikka as kotipaik5_5_1_,
        organisaat1_.kuvaus_mkt as kuvaus_28_5_1_,
        organisaat1_.lakkautuspvm as lakkautu6_5_1_,
        organisaat1_.maa as maa7_5_1_,
        organisaat1_.metadata_id as metadat29_5_1_,
        organisaat1_.nimi_mkt as nimi_mk30_5_1_,
        organisaat1_.nimihaku as nimihaku8_5_1_,
        organisaat1_.oid as oid9_5_1_,
        organisaat1_.opetuspisteenjarjnro as opetusp10_5_1_,
        organisaat1_.oppilaitoskoodi as oppilai11_5_1_,
        organisaat1_.oppilaitos_tyyppi as oppilai12_5_1_,
        organisaat1_.organisaatio_poistettu as organis13_5_1_,
        organisaat1_.paivittaja as paivitt14_5_1_,
        organisaat1_.paivityspvm as paivity15_5_1_,
        organisaat1_.parentidpath as parenti16_5_1_,
        organisaat1_.parentoidpath as parento17_5_1_,
        organisaat1_.piilotettu as piilote18_5_1_,
        organisaat1_.tarkastus_pvm as tarkast19_5_1_,
        organisaat1_.toimipistekoodi as toimipi20_5_1_,
        organisaat1_.tuontipvm as tuontip21_5_1_,
        organisaat1_.varhaiskasvatuksen_toimipaikka_tiedot_id as varhais31_5_1_,
        organisaat1_.virastotunnus as virasto22_5_1_,
        organisaat1_.yhteishaunkoulukoodi as yhteish23_5_1_,
        organisaat1_.yritysmuoto as yritysm24_5_1_,
        organisaat1_.ytj_kieli as ytj_kie25_5_1_,
        organisaat1_.ytjpaivityspvm as ytjpaiv26_5_1_,
        organisaat1_.ytunnus as ytunnus27_5_1_ 
    from
        organisaatiosuhde organisaat0_ 
    inner join
        organisaatio organisaat1_ 
            on organisaat0_.parent_id=organisaat1_.id 
    where
        organisaat0_.child_id=? 
        and organisaat0_.suhdetyyppi=? 
        and (
            organisaat0_.alkupvm=? 
            or organisaat0_.alkupvm<?
        ) 
        and (
            organisaat0_.loppupvm is null 
            or organisaat0_.loppupvm>?
        ) 
        and organisaat1_.organisaatio_poistettu=? 
    order by
        organisaat0_.alkupvm desc
2020-06-10 20:38:39.770 TRACE 56553 --- [    Test worker] o.h.type.descriptor.sql.BasicBinder      : binding parameter [1] as [BIGINT] - [14]
2020-06-10 20:38:39.770 TRACE 56553 --- [    Test worker] o.h.type.descriptor.sql.BasicBinder      : binding parameter [2] as [VARCHAR] - [HISTORIA]
2020-06-10 20:38:39.770 TRACE 56553 --- [    Test worker] o.h.type.descriptor.sql.BasicBinder      : binding parameter [3] as [DATE] - [Sat Jan 06 00:00:00 EET 2001]
2020-06-10 20:38:39.770 TRACE 56553 --- [    Test worker] o.h.type.descriptor.sql.BasicBinder      : binding parameter [4] as [DATE] - [Sat Jan 06 00:00:00 EET 2001]
2020-06-10 20:38:39.770 TRACE 56553 --- [    Test worker] o.h.type.descriptor.sql.BasicBinder      : binding parameter [5] as [DATE] - [Sat Jan 06 00:00:00 EET 2001]
2020-06-10 20:38:39.770 TRACE 56553 --- [    Test worker] o.h.type.descriptor.sql.BasicBinder      : binding parameter [6] as [BOOLEAN] - [false]
2020-06-10 20:38:39.770 TRACE 56553 --- [    Test worker] o.h.type.descriptor.sql.BasicExtractor   : extracted value ([id1_19_0_] : [BIGINT]) - [11]
2020-06-10 20:38:39.770 TRACE 56553 --- [    Test worker] o.h.type.descriptor.sql.BasicExtractor   : extracted value ([id1_5_1_] : [BIGINT]) - [13]
2020-06-10 20:38:39.770 TRACE 56553 --- [    Test worker] o.h.type.descriptor.sql.BasicExtractor   : extracted value ([id1_19_0_] : [BIGINT]) - [4]
2020-06-10 20:38:39.771 TRACE 56553 --- [    Test worker] o.h.type.descriptor.sql.BasicExtractor   : extracted value ([id1_5_1_] : [BIGINT]) - [10]
2020-06-10 20:38:39.771  INFO 56553 --- [    Test worker] .o.r.OrganisaatioSuhdeRepositoryImplTest : -------------------------------- createDate(1.1.2000)
2020-06-10 20:38:39.771  INFO 56553 --- [    Test worker] .s.o.r.i.OrganisaatioSuhdeRepositoryImpl : findChildrenTo(11, Sat Jan 01 00:00:00 EET 2000)
Hibernate: 
    select
        organisaat0_.id as id1_19_0_,
        organisaat1_.id as id1_5_1_,
        organisaat0_.version as version2_19_0_,
        organisaat0_.alkupvm as alkupvm3_19_0_,
        organisaat0_.child_id as child_id7_19_0_,
        organisaat0_.loppupvm as loppupvm4_19_0_,
        organisaat0_.opetuspisteenjarjnro as opetuspi5_19_0_,
        organisaat0_.parent_id as parent_i8_19_0_,
        organisaat0_.suhdetyyppi as suhdetyy6_19_0_,
        organisaat1_.version as version2_5_1_,
        organisaat1_.alkupvm as alkupvm3_5_1_,
        organisaat1_.domainnimi as domainni4_5_1_,
        organisaat1_.kotipaikka as kotipaik5_5_1_,
        organisaat1_.kuvaus_mkt as kuvaus_28_5_1_,
        organisaat1_.lakkautuspvm as lakkautu6_5_1_,
        organisaat1_.maa as maa7_5_1_,
        organisaat1_.metadata_id as metadat29_5_1_,
        organisaat1_.nimi_mkt as nimi_mk30_5_1_,
        organisaat1_.nimihaku as nimihaku8_5_1_,
        organisaat1_.oid as oid9_5_1_,
        organisaat1_.opetuspisteenjarjnro as opetusp10_5_1_,
        organisaat1_.oppilaitoskoodi as oppilai11_5_1_,
        organisaat1_.oppilaitos_tyyppi as oppilai12_5_1_,
        organisaat1_.organisaatio_poistettu as organis13_5_1_,
        organisaat1_.paivittaja as paivitt14_5_1_,
        organisaat1_.paivityspvm as paivity15_5_1_,
        organisaat1_.parentidpath as parenti16_5_1_,
        organisaat1_.parentoidpath as parento17_5_1_,
        organisaat1_.piilotettu as piilote18_5_1_,
        organisaat1_.tarkastus_pvm as tarkast19_5_1_,
        organisaat1_.toimipistekoodi as toimipi20_5_1_,
        organisaat1_.tuontipvm as tuontip21_5_1_,
        organisaat1_.varhaiskasvatuksen_toimipaikka_tiedot_id as varhais31_5_1_,
        organisaat1_.virastotunnus as virasto22_5_1_,
        organisaat1_.yhteishaunkoulukoodi as yhteish23_5_1_,
        organisaat1_.yritysmuoto as yritysm24_5_1_,
        organisaat1_.ytj_kieli as ytj_kie25_5_1_,
        organisaat1_.ytjpaivityspvm as ytjpaiv26_5_1_,
        organisaat1_.ytunnus as ytunnus27_5_1_ 
    from
        organisaatiosuhde organisaat0_ 
    inner join
        organisaatio organisaat1_ 
            on organisaat0_.child_id=organisaat1_.id 
    where
        organisaat0_.parent_id=? 
        and organisaat0_.suhdetyyppi=? 
        and (
            organisaat0_.alkupvm=? 
            or organisaat0_.alkupvm<?
        ) 
        and (
            organisaat0_.loppupvm is null 
            or organisaat0_.loppupvm>?
        ) 
        and organisaat1_.organisaatio_poistettu=? 
    order by
        organisaat0_.alkupvm desc
2020-06-10 20:38:39.774 TRACE 56553 --- [    Test worker] o.h.type.descriptor.sql.BasicBinder      : binding parameter [1] as [BIGINT] - [11]
2020-06-10 20:38:39.774 TRACE 56553 --- [    Test worker] o.h.type.descriptor.sql.BasicBinder      : binding parameter [2] as [VARCHAR] - [HISTORIA]
2020-06-10 20:38:39.774 TRACE 56553 --- [    Test worker] o.h.type.descriptor.sql.BasicBinder      : binding parameter [3] as [DATE] - [Sat Jan 01 00:00:00 EET 2000]
2020-06-10 20:38:39.774 TRACE 56553 --- [    Test worker] o.h.type.descriptor.sql.BasicBinder      : binding parameter [4] as [DATE] - [Sat Jan 01 00:00:00 EET 2000]
2020-06-10 20:38:39.774 TRACE 56553 --- [    Test worker] o.h.type.descriptor.sql.BasicBinder      : binding parameter [5] as [DATE] - [Sat Jan 01 00:00:00 EET 2000]
2020-06-10 20:38:39.774 TRACE 56553 --- [    Test worker] o.h.type.descriptor.sql.BasicBinder      : binding parameter [6] as [BOOLEAN] - [false]
2020-06-10 20:38:39.775  INFO 56553 --- [    Test worker] .s.o.r.i.OrganisaatioSuhdeRepositoryImpl : findChildrenTo(12, Sat Jan 01 00:00:00 EET 2000)
Hibernate: 
    select
        organisaat0_.id as id1_19_0_,
        organisaat1_.id as id1_5_1_,
        organisaat0_.version as version2_19_0_,
        organisaat0_.alkupvm as alkupvm3_19_0_,
        organisaat0_.child_id as child_id7_19_0_,
        organisaat0_.loppupvm as loppupvm4_19_0_,
        organisaat0_.opetuspisteenjarjnro as opetuspi5_19_0_,
        organisaat0_.parent_id as parent_i8_19_0_,
        organisaat0_.suhdetyyppi as suhdetyy6_19_0_,
        organisaat1_.version as version2_5_1_,
        organisaat1_.alkupvm as alkupvm3_5_1_,
        organisaat1_.domainnimi as domainni4_5_1_,
        organisaat1_.kotipaikka as kotipaik5_5_1_,
        organisaat1_.kuvaus_mkt as kuvaus_28_5_1_,
        organisaat1_.lakkautuspvm as lakkautu6_5_1_,
        organisaat1_.maa as maa7_5_1_,
        organisaat1_.metadata_id as metadat29_5_1_,
        organisaat1_.nimi_mkt as nimi_mk30_5_1_,
        organisaat1_.nimihaku as nimihaku8_5_1_,
        organisaat1_.oid as oid9_5_1_,
        organisaat1_.opetuspisteenjarjnro as opetusp10_5_1_,
        organisaat1_.oppilaitoskoodi as oppilai11_5_1_,
        organisaat1_.oppilaitos_tyyppi as oppilai12_5_1_,
        organisaat1_.organisaatio_poistettu as organis13_5_1_,
        organisaat1_.paivittaja as paivitt14_5_1_,
        organisaat1_.paivityspvm as paivity15_5_1_,
        organisaat1_.parentidpath as parenti16_5_1_,
        organisaat1_.parentoidpath as parento17_5_1_,
        organisaat1_.piilotettu as piilote18_5_1_,
        organisaat1_.tarkastus_pvm as tarkast19_5_1_,
        organisaat1_.toimipistekoodi as toimipi20_5_1_,
        organisaat1_.tuontipvm as tuontip21_5_1_,
        organisaat1_.varhaiskasvatuksen_toimipaikka_tiedot_id as varhais31_5_1_,
        organisaat1_.virastotunnus as virasto22_5_1_,
        organisaat1_.yhteishaunkoulukoodi as yhteish23_5_1_,
        organisaat1_.yritysmuoto as yritysm24_5_1_,
        organisaat1_.ytj_kieli as ytj_kie25_5_1_,
        organisaat1_.ytjpaivityspvm as ytjpaiv26_5_1_,
        organisaat1_.ytunnus as ytunnus27_5_1_ 
    from
        organisaatiosuhde organisaat0_ 
    inner join
        organisaatio organisaat1_ 
            on organisaat0_.child_id=organisaat1_.id 
    where
        organisaat0_.parent_id=? 
        and organisaat0_.suhdetyyppi=? 
        and (
            organisaat0_.alkupvm=? 
            or organisaat0_.alkupvm<?
        ) 
        and (
            organisaat0_.loppupvm is null 
            or organisaat0_.loppupvm>?
        ) 
        and organisaat1_.organisaatio_poistettu=? 
    order by
        organisaat0_.alkupvm desc
2020-06-10 20:38:39.778 TRACE 56553 --- [    Test worker] o.h.type.descriptor.sql.BasicBinder      : binding parameter [1] as [BIGINT] - [12]
2020-06-10 20:38:39.778 TRACE 56553 --- [    Test worker] o.h.type.descriptor.sql.BasicBinder      : binding parameter [2] as [VARCHAR] - [HISTORIA]
2020-06-10 20:38:39.778 TRACE 56553 --- [    Test worker] o.h.type.descriptor.sql.BasicBinder      : binding parameter [3] as [DATE] - [Sat Jan 01 00:00:00 EET 2000]
2020-06-10 20:38:39.778 TRACE 56553 --- [    Test worker] o.h.type.descriptor.sql.BasicBinder      : binding parameter [4] as [DATE] - [Sat Jan 01 00:00:00 EET 2000]
2020-06-10 20:38:39.778 TRACE 56553 --- [    Test worker] o.h.type.descriptor.sql.BasicBinder      : binding parameter [5] as [DATE] - [Sat Jan 01 00:00:00 EET 2000]
2020-06-10 20:38:39.778 TRACE 56553 --- [    Test worker] o.h.type.descriptor.sql.BasicBinder      : binding parameter [6] as [BOOLEAN] - [false]
2020-06-10 20:38:39.779  INFO 56553 --- [    Test worker] .s.o.r.i.OrganisaatioSuhdeRepositoryImpl : findChildrenTo(13, Sat Jan 01 00:00:00 EET 2000)
Hibernate: 
    select
        organisaat0_.id as id1_19_0_,
        organisaat1_.id as id1_5_1_,
        organisaat0_.version as version2_19_0_,
        organisaat0_.alkupvm as alkupvm3_19_0_,
        organisaat0_.child_id as child_id7_19_0_,
        organisaat0_.loppupvm as loppupvm4_19_0_,
        organisaat0_.opetuspisteenjarjnro as opetuspi5_19_0_,
        organisaat0_.parent_id as parent_i8_19_0_,
        organisaat0_.suhdetyyppi as suhdetyy6_19_0_,
        organisaat1_.version as version2_5_1_,
        organisaat1_.alkupvm as alkupvm3_5_1_,
        organisaat1_.domainnimi as domainni4_5_1_,
        organisaat1_.kotipaikka as kotipaik5_5_1_,
        organisaat1_.kuvaus_mkt as kuvaus_28_5_1_,
        organisaat1_.lakkautuspvm as lakkautu6_5_1_,
        organisaat1_.maa as maa7_5_1_,
        organisaat1_.metadata_id as metadat29_5_1_,
        organisaat1_.nimi_mkt as nimi_mk30_5_1_,
        organisaat1_.nimihaku as nimihaku8_5_1_,
        organisaat1_.oid as oid9_5_1_,
        organisaat1_.opetuspisteenjarjnro as opetusp10_5_1_,
        organisaat1_.oppilaitoskoodi as oppilai11_5_1_,
        organisaat1_.oppilaitos_tyyppi as oppilai12_5_1_,
        organisaat1_.organisaatio_poistettu as organis13_5_1_,
        organisaat1_.paivittaja as paivitt14_5_1_,
        organisaat1_.paivityspvm as paivity15_5_1_,
        organisaat1_.parentidpath as parenti16_5_1_,
        organisaat1_.parentoidpath as parento17_5_1_,
        organisaat1_.piilotettu as piilote18_5_1_,
        organisaat1_.tarkastus_pvm as tarkast19_5_1_,
        organisaat1_.toimipistekoodi as toimipi20_5_1_,
        organisaat1_.tuontipvm as tuontip21_5_1_,
        organisaat1_.varhaiskasvatuksen_toimipaikka_tiedot_id as varhais31_5_1_,
        organisaat1_.virastotunnus as virasto22_5_1_,
        organisaat1_.yhteishaunkoulukoodi as yhteish23_5_1_,
        organisaat1_.yritysmuoto as yritysm24_5_1_,
        organisaat1_.ytj_kieli as ytj_kie25_5_1_,
        organisaat1_.ytjpaivityspvm as ytjpaiv26_5_1_,
        organisaat1_.ytunnus as ytunnus27_5_1_ 
    from
        organisaatiosuhde organisaat0_ 
    inner join
        organisaatio organisaat1_ 
            on organisaat0_.child_id=organisaat1_.id 
    where
        organisaat0_.parent_id=? 
        and organisaat0_.suhdetyyppi=? 
        and (
            organisaat0_.alkupvm=? 
            or organisaat0_.alkupvm<?
        ) 
        and (
            organisaat0_.loppupvm is null 
            or organisaat0_.loppupvm>?
        ) 
        and organisaat1_.organisaatio_poistettu=? 
    order by
        organisaat0_.alkupvm desc
2020-06-10 20:38:39.781 TRACE 56553 --- [    Test worker] o.h.type.descriptor.sql.BasicBinder      : binding parameter [1] as [BIGINT] - [13]
2020-06-10 20:38:39.781 TRACE 56553 --- [    Test worker] o.h.type.descriptor.sql.BasicBinder      : binding parameter [2] as [VARCHAR] - [HISTORIA]
2020-06-10 20:38:39.781 TRACE 56553 --- [    Test worker] o.h.type.descriptor.sql.BasicBinder      : binding parameter [3] as [DATE] - [Sat Jan 01 00:00:00 EET 2000]
2020-06-10 20:38:39.781 TRACE 56553 --- [    Test worker] o.h.type.descriptor.sql.BasicBinder      : binding parameter [4] as [DATE] - [Sat Jan 01 00:00:00 EET 2000]
2020-06-10 20:38:39.781 TRACE 56553 --- [    Test worker] o.h.type.descriptor.sql.BasicBinder      : binding parameter [5] as [DATE] - [Sat Jan 01 00:00:00 EET 2000]
2020-06-10 20:38:39.781 TRACE 56553 --- [    Test worker] o.h.type.descriptor.sql.BasicBinder      : binding parameter [6] as [BOOLEAN] - [false]
2020-06-10 20:38:39.782  INFO 56553 --- [    Test worker] .s.o.r.i.OrganisaatioSuhdeRepositoryImpl : findChildrenTo(14, Sat Jan 01 00:00:00 EET 2000)
Hibernate: 
    select
        organisaat0_.id as id1_19_0_,
        organisaat1_.id as id1_5_1_,
        organisaat0_.version as version2_19_0_,
        organisaat0_.alkupvm as alkupvm3_19_0_,
        organisaat0_.child_id as child_id7_19_0_,
        organisaat0_.loppupvm as loppupvm4_19_0_,
        organisaat0_.opetuspisteenjarjnro as opetuspi5_19_0_,
        organisaat0_.parent_id as parent_i8_19_0_,
        organisaat0_.suhdetyyppi as suhdetyy6_19_0_,
        organisaat1_.version as version2_5_1_,
        organisaat1_.alkupvm as alkupvm3_5_1_,
        organisaat1_.domainnimi as domainni4_5_1_,
        organisaat1_.kotipaikka as kotipaik5_5_1_,
        organisaat1_.kuvaus_mkt as kuvaus_28_5_1_,
        organisaat1_.lakkautuspvm as lakkautu6_5_1_,
        organisaat1_.maa as maa7_5_1_,
        organisaat1_.metadata_id as metadat29_5_1_,
        organisaat1_.nimi_mkt as nimi_mk30_5_1_,
        organisaat1_.nimihaku as nimihaku8_5_1_,
        organisaat1_.oid as oid9_5_1_,
        organisaat1_.opetuspisteenjarjnro as opetusp10_5_1_,
        organisaat1_.oppilaitoskoodi as oppilai11_5_1_,
        organisaat1_.oppilaitos_tyyppi as oppilai12_5_1_,
        organisaat1_.organisaatio_poistettu as organis13_5_1_,
        organisaat1_.paivittaja as paivitt14_5_1_,
        organisaat1_.paivityspvm as paivity15_5_1_,
        organisaat1_.parentidpath as parenti16_5_1_,
        organisaat1_.parentoidpath as parento17_5_1_,
        organisaat1_.piilotettu as piilote18_5_1_,
        organisaat1_.tarkastus_pvm as tarkast19_5_1_,
        organisaat1_.toimipistekoodi as toimipi20_5_1_,
        organisaat1_.tuontipvm as tuontip21_5_1_,
        organisaat1_.varhaiskasvatuksen_toimipaikka_tiedot_id as varhais31_5_1_,
        organisaat1_.virastotunnus as virasto22_5_1_,
        organisaat1_.yhteishaunkoulukoodi as yhteish23_5_1_,
        organisaat1_.yritysmuoto as yritysm24_5_1_,
        organisaat1_.ytj_kieli as ytj_kie25_5_1_,
        organisaat1_.ytjpaivityspvm as ytjpaiv26_5_1_,
        organisaat1_.ytunnus as ytunnus27_5_1_ 
    from
        organisaatiosuhde organisaat0_ 
    inner join
        organisaatio organisaat1_ 
            on organisaat0_.child_id=organisaat1_.id 
    where
        organisaat0_.parent_id=? 
        and organisaat0_.suhdetyyppi=? 
        and (
            organisaat0_.alkupvm=? 
            or organisaat0_.alkupvm<?
        ) 
        and (
            organisaat0_.loppupvm is null 
            or organisaat0_.loppupvm>?
        ) 
        and organisaat1_.organisaatio_poistettu=? 
    order by
        organisaat0_.alkupvm desc
2020-06-10 20:38:39.784 TRACE 56553 --- [    Test worker] o.h.type.descriptor.sql.BasicBinder      : binding parameter [1] as [BIGINT] - [14]
2020-06-10 20:38:39.784 TRACE 56553 --- [    Test worker] o.h.type.descriptor.sql.BasicBinder      : binding parameter [2] as [VARCHAR] - [HISTORIA]
2020-06-10 20:38:39.784 TRACE 56553 --- [    Test worker] o.h.type.descriptor.sql.BasicBinder      : binding parameter [3] as [DATE] - [Sat Jan 01 00:00:00 EET 2000]
2020-06-10 20:38:39.784 TRACE 56553 --- [    Test worker] o.h.type.descriptor.sql.BasicBinder      : binding parameter [4] as [DATE] - [Sat Jan 01 00:00:00 EET 2000]
2020-06-10 20:38:39.784 TRACE 56553 --- [    Test worker] o.h.type.descriptor.sql.BasicBinder      : binding parameter [5] as [DATE] - [Sat Jan 01 00:00:00 EET 2000]
2020-06-10 20:38:39.784 TRACE 56553 --- [    Test worker] o.h.type.descriptor.sql.BasicBinder      : binding parameter [6] as [BOOLEAN] - [false]
2020-06-10 20:38:39.785  INFO 56553 --- [    Test worker] .s.o.r.i.OrganisaatioSuhdeRepositoryImpl : findChildrenTo(15, Sat Jan 01 00:00:00 EET 2000)
Hibernate: 
    select
        organisaat0_.id as id1_19_0_,
        organisaat1_.id as id1_5_1_,
        organisaat0_.version as version2_19_0_,
        organisaat0_.alkupvm as alkupvm3_19_0_,
        organisaat0_.child_id as child_id7_19_0_,
        organisaat0_.loppupvm as loppupvm4_19_0_,
        organisaat0_.opetuspisteenjarjnro as opetuspi5_19_0_,
        organisaat0_.parent_id as parent_i8_19_0_,
        organisaat0_.suhdetyyppi as suhdetyy6_19_0_,
        organisaat1_.version as version2_5_1_,
        organisaat1_.alkupvm as alkupvm3_5_1_,
        organisaat1_.domainnimi as domainni4_5_1_,
        organisaat1_.kotipaikka as kotipaik5_5_1_,
        organisaat1_.kuvaus_mkt as kuvaus_28_5_1_,
        organisaat1_.lakkautuspvm as lakkautu6_5_1_,
        organisaat1_.maa as maa7_5_1_,
        organisaat1_.metadata_id as metadat29_5_1_,
        organisaat1_.nimi_mkt as nimi_mk30_5_1_,
        organisaat1_.nimihaku as nimihaku8_5_1_,
        organisaat1_.oid as oid9_5_1_,
        organisaat1_.opetuspisteenjarjnro as opetusp10_5_1_,
        organisaat1_.oppilaitoskoodi as oppilai11_5_1_,
        organisaat1_.oppilaitos_tyyppi as oppilai12_5_1_,
        organisaat1_.organisaatio_poistettu as organis13_5_1_,
        organisaat1_.paivittaja as paivitt14_5_1_,
        organisaat1_.paivityspvm as paivity15_5_1_,
        organisaat1_.parentidpath as parenti16_5_1_,
        organisaat1_.parentoidpath as parento17_5_1_,
        organisaat1_.piilotettu as piilote18_5_1_,
        organisaat1_.tarkastus_pvm as tarkast19_5_1_,
        organisaat1_.toimipistekoodi as toimipi20_5_1_,
        organisaat1_.tuontipvm as tuontip21_5_1_,
        organisaat1_.varhaiskasvatuksen_toimipaikka_tiedot_id as varhais31_5_1_,
        organisaat1_.virastotunnus as virasto22_5_1_,
        organisaat1_.yhteishaunkoulukoodi as yhteish23_5_1_,
        organisaat1_.yritysmuoto as yritysm24_5_1_,
        organisaat1_.ytj_kieli as ytj_kie25_5_1_,
        organisaat1_.ytjpaivityspvm as ytjpaiv26_5_1_,
        organisaat1_.ytunnus as ytunnus27_5_1_ 
    from
        organisaatiosuhde organisaat0_ 
    inner join
        organisaatio organisaat1_ 
            on organisaat0_.child_id=organisaat1_.id 
    where
        organisaat0_.parent_id=? 
        and organisaat0_.suhdetyyppi=? 
        and (
            organisaat0_.alkupvm=? 
            or organisaat0_.alkupvm<?
        ) 
        and (
            organisaat0_.loppupvm is null 
            or organisaat0_.loppupvm>?
        ) 
        and organisaat1_.organisaatio_poistettu=? 
    order by
        organisaat0_.alkupvm desc
2020-06-10 20:38:39.787 TRACE 56553 --- [    Test worker] o.h.type.descriptor.sql.BasicBinder      : binding parameter [1] as [BIGINT] - [15]
2020-06-10 20:38:39.787 TRACE 56553 --- [    Test worker] o.h.type.descriptor.sql.BasicBinder      : binding parameter [2] as [VARCHAR] - [HISTORIA]
2020-06-10 20:38:39.787 TRACE 56553 --- [    Test worker] o.h.type.descriptor.sql.BasicBinder      : binding parameter [3] as [DATE] - [Sat Jan 01 00:00:00 EET 2000]
2020-06-10 20:38:39.787 TRACE 56553 --- [    Test worker] o.h.type.descriptor.sql.BasicBinder      : binding parameter [4] as [DATE] - [Sat Jan 01 00:00:00 EET 2000]
2020-06-10 20:38:39.787 TRACE 56553 --- [    Test worker] o.h.type.descriptor.sql.BasicBinder      : binding parameter [5] as [DATE] - [Sat Jan 01 00:00:00 EET 2000]
2020-06-10 20:38:39.787 TRACE 56553 --- [    Test worker] o.h.type.descriptor.sql.BasicBinder      : binding parameter [6] as [BOOLEAN] - [false]
2020-06-10 20:38:39.788  INFO 56553 --- [    Test worker] .o.r.OrganisaatioSuhdeRepositoryImplTest : -------------------------------- createDate(1.1.2001)
2020-06-10 20:38:39.788  INFO 56553 --- [    Test worker] .s.o.r.i.OrganisaatioSuhdeRepositoryImpl : findChildrenTo(11, Mon Jan 01 00:00:00 EET 2001)
Hibernate: 
    select
        organisaat0_.id as id1_19_0_,
        organisaat1_.id as id1_5_1_,
        organisaat0_.version as version2_19_0_,
        organisaat0_.alkupvm as alkupvm3_19_0_,
        organisaat0_.child_id as child_id7_19_0_,
        organisaat0_.loppupvm as loppupvm4_19_0_,
        organisaat0_.opetuspisteenjarjnro as opetuspi5_19_0_,
        organisaat0_.parent_id as parent_i8_19_0_,
        organisaat0_.suhdetyyppi as suhdetyy6_19_0_,
        organisaat1_.version as version2_5_1_,
        organisaat1_.alkupvm as alkupvm3_5_1_,
        organisaat1_.domainnimi as domainni4_5_1_,
        organisaat1_.kotipaikka as kotipaik5_5_1_,
        organisaat1_.kuvaus_mkt as kuvaus_28_5_1_,
        organisaat1_.lakkautuspvm as lakkautu6_5_1_,
        organisaat1_.maa as maa7_5_1_,
        organisaat1_.metadata_id as metadat29_5_1_,
        organisaat1_.nimi_mkt as nimi_mk30_5_1_,
        organisaat1_.nimihaku as nimihaku8_5_1_,
        organisaat1_.oid as oid9_5_1_,
        organisaat1_.opetuspisteenjarjnro as opetusp10_5_1_,
        organisaat1_.oppilaitoskoodi as oppilai11_5_1_,
        organisaat1_.oppilaitos_tyyppi as oppilai12_5_1_,
        organisaat1_.organisaatio_poistettu as organis13_5_1_,
        organisaat1_.paivittaja as paivitt14_5_1_,
        organisaat1_.paivityspvm as paivity15_5_1_,
        organisaat1_.parentidpath as parenti16_5_1_,
        organisaat1_.parentoidpath as parento17_5_1_,
        organisaat1_.piilotettu as piilote18_5_1_,
        organisaat1_.tarkastus_pvm as tarkast19_5_1_,
        organisaat1_.toimipistekoodi as toimipi20_5_1_,
        organisaat1_.tuontipvm as tuontip21_5_1_,
        organisaat1_.varhaiskasvatuksen_toimipaikka_tiedot_id as varhais31_5_1_,
        organisaat1_.virastotunnus as virasto22_5_1_,
        organisaat1_.yhteishaunkoulukoodi as yhteish23_5_1_,
        organisaat1_.yritysmuoto as yritysm24_5_1_,
        organisaat1_.ytj_kieli as ytj_kie25_5_1_,
        organisaat1_.ytjpaivityspvm as ytjpaiv26_5_1_,
        organisaat1_.ytunnus as ytunnus27_5_1_ 
    from
        organisaatiosuhde organisaat0_ 
    inner join
        organisaatio organisaat1_ 
            on organisaat0_.child_id=organisaat1_.id 
    where
        organisaat0_.parent_id=? 
        and organisaat0_.suhdetyyppi=? 
        and (
            organisaat0_.alkupvm=? 
            or organisaat0_.alkupvm<?
        ) 
        and (
            organisaat0_.loppupvm is null 
            or organisaat0_.loppupvm>?
        ) 
        and organisaat1_.organisaatio_poistettu=? 
    order by
        organisaat0_.alkupvm desc
2020-06-10 20:38:39.789 TRACE 56553 --- [    Test worker] o.h.type.descriptor.sql.BasicBinder      : binding parameter [1] as [BIGINT] - [11]
2020-06-10 20:38:39.789 TRACE 56553 --- [    Test worker] o.h.type.descriptor.sql.BasicBinder      : binding parameter [2] as [VARCHAR] - [HISTORIA]
2020-06-10 20:38:39.789 TRACE 56553 --- [    Test worker] o.h.type.descriptor.sql.BasicBinder      : binding parameter [3] as [DATE] - [Mon Jan 01 00:00:00 EET 2001]
2020-06-10 20:38:39.790 TRACE 56553 --- [    Test worker] o.h.type.descriptor.sql.BasicBinder      : binding parameter [4] as [DATE] - [Mon Jan 01 00:00:00 EET 2001]
2020-06-10 20:38:39.790 TRACE 56553 --- [    Test worker] o.h.type.descriptor.sql.BasicBinder      : binding parameter [5] as [DATE] - [Mon Jan 01 00:00:00 EET 2001]
2020-06-10 20:38:39.790 TRACE 56553 --- [    Test worker] o.h.type.descriptor.sql.BasicBinder      : binding parameter [6] as [BOOLEAN] - [false]
2020-06-10 20:38:39.790 TRACE 56553 --- [    Test worker] o.h.type.descriptor.sql.BasicExtractor   : extracted value ([id1_19_0_] : [BIGINT]) - [6]
2020-06-10 20:38:39.790 TRACE 56553 --- [    Test worker] o.h.type.descriptor.sql.BasicExtractor   : extracted value ([id1_5_1_] : [BIGINT]) - [12]
2020-06-10 20:38:39.794  INFO 56553 --- [    Test worker] .s.o.r.i.OrganisaatioSuhdeRepositoryImpl : findParentTo(12, Mon Jan 01 00:00:00 EET 2001)
Hibernate: 
    select
        organisaat0_.id as id1_19_0_,
        organisaat1_.id as id1_5_1_,
        organisaat0_.version as version2_19_0_,
        organisaat0_.alkupvm as alkupvm3_19_0_,
        organisaat0_.child_id as child_id7_19_0_,
        organisaat0_.loppupvm as loppupvm4_19_0_,
        organisaat0_.opetuspisteenjarjnro as opetuspi5_19_0_,
        organisaat0_.parent_id as parent_i8_19_0_,
        organisaat0_.suhdetyyppi as suhdetyy6_19_0_,
        organisaat1_.version as version2_5_1_,
        organisaat1_.alkupvm as alkupvm3_5_1_,
        organisaat1_.domainnimi as domainni4_5_1_,
        organisaat1_.kotipaikka as kotipaik5_5_1_,
        organisaat1_.kuvaus_mkt as kuvaus_28_5_1_,
        organisaat1_.lakkautuspvm as lakkautu6_5_1_,
        organisaat1_.maa as maa7_5_1_,
        organisaat1_.metadata_id as metadat29_5_1_,
        organisaat1_.nimi_mkt as nimi_mk30_5_1_,
        organisaat1_.nimihaku as nimihaku8_5_1_,
        organisaat1_.oid as oid9_5_1_,
        organisaat1_.opetuspisteenjarjnro as opetusp10_5_1_,
        organisaat1_.oppilaitoskoodi as oppilai11_5_1_,
        organisaat1_.oppilaitos_tyyppi as oppilai12_5_1_,
        organisaat1_.organisaatio_poistettu as organis13_5_1_,
        organisaat1_.paivittaja as paivitt14_5_1_,
        organisaat1_.paivityspvm as paivity15_5_1_,
        organisaat1_.parentidpath as parenti16_5_1_,
        organisaat1_.parentoidpath as parento17_5_1_,
        organisaat1_.piilotettu as piilote18_5_1_,
        organisaat1_.tarkastus_pvm as tarkast19_5_1_,
        organisaat1_.toimipistekoodi as toimipi20_5_1_,
        organisaat1_.tuontipvm as tuontip21_5_1_,
        organisaat1_.varhaiskasvatuksen_toimipaikka_tiedot_id as varhais31_5_1_,
        organisaat1_.virastotunnus as virasto22_5_1_,
        organisaat1_.yhteishaunkoulukoodi as yhteish23_5_1_,
        organisaat1_.yritysmuoto as yritysm24_5_1_,
        organisaat1_.ytj_kieli as ytj_kie25_5_1_,
        organisaat1_.ytjpaivityspvm as ytjpaiv26_5_1_,
        organisaat1_.ytunnus as ytunnus27_5_1_ 
    from
        organisaatiosuhde organisaat0_ 
    inner join
        organisaatio organisaat1_ 
            on organisaat0_.parent_id=organisaat1_.id 
    where
        organisaat0_.child_id=? 
        and organisaat0_.suhdetyyppi=? 
        and (
            organisaat0_.alkupvm=? 
            or organisaat0_.alkupvm<?
        ) 
        and (
            organisaat0_.loppupvm is null 
            or organisaat0_.loppupvm>?
        ) 
        and organisaat1_.organisaatio_poistettu=? 
    order by
        organisaat0_.alkupvm desc
2020-06-10 20:38:39.797 TRACE 56553 --- [    Test worker] o.h.type.descriptor.sql.BasicBinder      : binding parameter [1] as [BIGINT] - [12]
2020-06-10 20:38:39.797 TRACE 56553 --- [    Test worker] o.h.type.descriptor.sql.BasicBinder      : binding parameter [2] as [VARCHAR] - [HISTORIA]
2020-06-10 20:38:39.797 TRACE 56553 --- [    Test worker] o.h.type.descriptor.sql.BasicBinder      : binding parameter [3] as [DATE] - [Mon Jan 01 00:00:00 EET 2001]
2020-06-10 20:38:39.797 TRACE 56553 --- [    Test worker] o.h.type.descriptor.sql.BasicBinder      : binding parameter [4] as [DATE] - [Mon Jan 01 00:00:00 EET 2001]
2020-06-10 20:38:39.797 TRACE 56553 --- [    Test worker] o.h.type.descriptor.sql.BasicBinder      : binding parameter [5] as [DATE] - [Mon Jan 01 00:00:00 EET 2001]
2020-06-10 20:38:39.797 TRACE 56553 --- [    Test worker] o.h.type.descriptor.sql.BasicBinder      : binding parameter [6] as [BOOLEAN] - [false]
2020-06-10 20:38:39.797 TRACE 56553 --- [    Test worker] o.h.type.descriptor.sql.BasicExtractor   : extracted value ([id1_19_0_] : [BIGINT]) - [6]
2020-06-10 20:38:39.798 TRACE 56553 --- [    Test worker] o.h.type.descriptor.sql.BasicExtractor   : extracted value ([id1_5_1_] : [BIGINT]) - [11]
2020-06-10 20:38:39.798 TRACE 56553 --- [    Test worker] o.h.type.descriptor.sql.BasicExtractor   : extracted value ([id1_19_0_] : [BIGINT]) - [2]
2020-06-10 20:38:39.798 TRACE 56553 --- [    Test worker] o.h.type.descriptor.sql.BasicExtractor   : extracted value ([id1_5_1_] : [BIGINT]) - [10]
2020-06-10 20:38:39.798  INFO 56553 --- [    Test worker] .s.o.r.i.OrganisaatioSuhdeRepositoryImpl : findParentTo(12, Mon Jan 01 00:00:00 EET 2001)
Hibernate: 
    select
        organisaat0_.id as id1_19_0_,
        organisaat1_.id as id1_5_1_,
        organisaat0_.version as version2_19_0_,
        organisaat0_.alkupvm as alkupvm3_19_0_,
        organisaat0_.child_id as child_id7_19_0_,
        organisaat0_.loppupvm as loppupvm4_19_0_,
        organisaat0_.opetuspisteenjarjnro as opetuspi5_19_0_,
        organisaat0_.parent_id as parent_i8_19_0_,
        organisaat0_.suhdetyyppi as suhdetyy6_19_0_,
        organisaat1_.version as version2_5_1_,
        organisaat1_.alkupvm as alkupvm3_5_1_,
        organisaat1_.domainnimi as domainni4_5_1_,
        organisaat1_.kotipaikka as kotipaik5_5_1_,
        organisaat1_.kuvaus_mkt as kuvaus_28_5_1_,
        organisaat1_.lakkautuspvm as lakkautu6_5_1_,
        organisaat1_.maa as maa7_5_1_,
        organisaat1_.metadata_id as metadat29_5_1_,
        organisaat1_.nimi_mkt as nimi_mk30_5_1_,
        organisaat1_.nimihaku as nimihaku8_5_1_,
        organisaat1_.oid as oid9_5_1_,
        organisaat1_.opetuspisteenjarjnro as opetusp10_5_1_,
        organisaat1_.oppilaitoskoodi as oppilai11_5_1_,
        organisaat1_.oppilaitos_tyyppi as oppilai12_5_1_,
        organisaat1_.organisaatio_poistettu as organis13_5_1_,
        organisaat1_.paivittaja as paivitt14_5_1_,
        organisaat1_.paivityspvm as paivity15_5_1_,
        organisaat1_.parentidpath as parenti16_5_1_,
        organisaat1_.parentoidpath as parento17_5_1_,
        organisaat1_.piilotettu as piilote18_5_1_,
        organisaat1_.tarkastus_pvm as tarkast19_5_1_,
        organisaat1_.toimipistekoodi as toimipi20_5_1_,
        organisaat1_.tuontipvm as tuontip21_5_1_,
        organisaat1_.varhaiskasvatuksen_toimipaikka_tiedot_id as varhais31_5_1_,
        organisaat1_.virastotunnus as virasto22_5_1_,
        organisaat1_.yhteishaunkoulukoodi as yhteish23_5_1_,
        organisaat1_.yritysmuoto as yritysm24_5_1_,
        organisaat1_.ytj_kieli as ytj_kie25_5_1_,
        organisaat1_.ytjpaivityspvm as ytjpaiv26_5_1_,
        organisaat1_.ytunnus as ytunnus27_5_1_ 
    from
        organisaatiosuhde organisaat0_ 
    inner join
        organisaatio organisaat1_ 
            on organisaat0_.parent_id=organisaat1_.id 
    where
        organisaat0_.child_id=? 
        and organisaat0_.suhdetyyppi=? 
        and (
            organisaat0_.alkupvm=? 
            or organisaat0_.alkupvm<?
        ) 
        and (
            organisaat0_.loppupvm is null 
            or organisaat0_.loppupvm>?
        ) 
        and organisaat1_.organisaatio_poistettu=? 
    order by
        organisaat0_.alkupvm desc
2020-06-10 20:38:39.800 TRACE 56553 --- [    Test worker] o.h.type.descriptor.sql.BasicBinder      : binding parameter [1] as [BIGINT] - [12]
2020-06-10 20:38:39.801 TRACE 56553 --- [    Test worker] o.h.type.descriptor.sql.BasicBinder      : binding parameter [2] as [VARCHAR] - [HISTORIA]
2020-06-10 20:38:39.801 TRACE 56553 --- [    Test worker] o.h.type.descriptor.sql.BasicBinder      : binding parameter [3] as [DATE] - [Mon Jan 01 00:00:00 EET 2001]
2020-06-10 20:38:39.801 TRACE 56553 --- [    Test worker] o.h.type.descriptor.sql.BasicBinder      : binding parameter [4] as [DATE] - [Mon Jan 01 00:00:00 EET 2001]
2020-06-10 20:38:39.801 TRACE 56553 --- [    Test worker] o.h.type.descriptor.sql.BasicBinder      : binding parameter [5] as [DATE] - [Mon Jan 01 00:00:00 EET 2001]
2020-06-10 20:38:39.801 TRACE 56553 --- [    Test worker] o.h.type.descriptor.sql.BasicBinder      : binding parameter [6] as [BOOLEAN] - [false]
2020-06-10 20:38:39.801 TRACE 56553 --- [    Test worker] o.h.type.descriptor.sql.BasicExtractor   : extracted value ([id1_19_0_] : [BIGINT]) - [6]
2020-06-10 20:38:39.801 TRACE 56553 --- [    Test worker] o.h.type.descriptor.sql.BasicExtractor   : extracted value ([id1_5_1_] : [BIGINT]) - [11]
2020-06-10 20:38:39.801 TRACE 56553 --- [    Test worker] o.h.type.descriptor.sql.BasicExtractor   : extracted value ([id1_19_0_] : [BIGINT]) - [2]
2020-06-10 20:38:39.801 TRACE 56553 --- [    Test worker] o.h.type.descriptor.sql.BasicExtractor   : extracted value ([id1_5_1_] : [BIGINT]) - [10]
2020-06-10 20:38:39.802  INFO 56553 --- [    Test worker] .s.o.r.i.OrganisaatioSuhdeRepositoryImpl : findChildrenTo(12, Mon Jan 01 00:00:00 EET 2001)
Hibernate: 
    select
        organisaat0_.id as id1_19_0_,
        organisaat1_.id as id1_5_1_,
        organisaat0_.version as version2_19_0_,
        organisaat0_.alkupvm as alkupvm3_19_0_,
        organisaat0_.child_id as child_id7_19_0_,
        organisaat0_.loppupvm as loppupvm4_19_0_,
        organisaat0_.opetuspisteenjarjnro as opetuspi5_19_0_,
        organisaat0_.parent_id as parent_i8_19_0_,
        organisaat0_.suhdetyyppi as suhdetyy6_19_0_,
        organisaat1_.version as version2_5_1_,
        organisaat1_.alkupvm as alkupvm3_5_1_,
        organisaat1_.domainnimi as domainni4_5_1_,
        organisaat1_.kotipaikka as kotipaik5_5_1_,
        organisaat1_.kuvaus_mkt as kuvaus_28_5_1_,
        organisaat1_.lakkautuspvm as lakkautu6_5_1_,
        organisaat1_.maa as maa7_5_1_,
        organisaat1_.metadata_id as metadat29_5_1_,
        organisaat1_.nimi_mkt as nimi_mk30_5_1_,
        organisaat1_.nimihaku as nimihaku8_5_1_,
        organisaat1_.oid as oid9_5_1_,
        organisaat1_.opetuspisteenjarjnro as opetusp10_5_1_,
        organisaat1_.oppilaitoskoodi as oppilai11_5_1_,
        organisaat1_.oppilaitos_tyyppi as oppilai12_5_1_,
        organisaat1_.organisaatio_poistettu as organis13_5_1_,
        organisaat1_.paivittaja as paivitt14_5_1_,
        organisaat1_.paivityspvm as paivity15_5_1_,
        organisaat1_.parentidpath as parenti16_5_1_,
        organisaat1_.parentoidpath as parento17_5_1_,
        organisaat1_.piilotettu as piilote18_5_1_,
        organisaat1_.tarkastus_pvm as tarkast19_5_1_,
        organisaat1_.toimipistekoodi as toimipi20_5_1_,
        organisaat1_.tuontipvm as tuontip21_5_1_,
        organisaat1_.varhaiskasvatuksen_toimipaikka_tiedot_id as varhais31_5_1_,
        organisaat1_.virastotunnus as virasto22_5_1_,
        organisaat1_.yhteishaunkoulukoodi as yhteish23_5_1_,
        organisaat1_.yritysmuoto as yritysm24_5_1_,
        organisaat1_.ytj_kieli as ytj_kie25_5_1_,
        organisaat1_.ytjpaivityspvm as ytjpaiv26_5_1_,
        organisaat1_.ytunnus as ytunnus27_5_1_ 
    from
        organisaatiosuhde organisaat0_ 
    inner join
        organisaatio organisaat1_ 
            on organisaat0_.child_id=organisaat1_.id 
    where
        organisaat0_.parent_id=? 
        and organisaat0_.suhdetyyppi=? 
        and (
            organisaat0_.alkupvm=? 
            or organisaat0_.alkupvm<?
        ) 
        and (
            organisaat0_.loppupvm is null 
            or organisaat0_.loppupvm>?
        ) 
        and organisaat1_.organisaatio_poistettu=? 
    order by
        organisaat0_.alkupvm desc
2020-06-10 20:38:39.803 TRACE 56553 --- [    Test worker] o.h.type.descriptor.sql.BasicBinder      : binding parameter [1] as [BIGINT] - [12]
2020-06-10 20:38:39.804 TRACE 56553 --- [    Test worker] o.h.type.descriptor.sql.BasicBinder      : binding parameter [2] as [VARCHAR] - [HISTORIA]
2020-06-10 20:38:39.804 TRACE 56553 --- [    Test worker] o.h.type.descriptor.sql.BasicBinder      : binding parameter [3] as [DATE] - [Mon Jan 01 00:00:00 EET 2001]
2020-06-10 20:38:39.804 TRACE 56553 --- [    Test worker] o.h.type.descriptor.sql.BasicBinder      : binding parameter [4] as [DATE] - [Mon Jan 01 00:00:00 EET 2001]
2020-06-10 20:38:39.804 TRACE 56553 --- [    Test worker] o.h.type.descriptor.sql.BasicBinder      : binding parameter [5] as [DATE] - [Mon Jan 01 00:00:00 EET 2001]
2020-06-10 20:38:39.804 TRACE 56553 --- [    Test worker] o.h.type.descriptor.sql.BasicBinder      : binding parameter [6] as [BOOLEAN] - [false]
2020-06-10 20:38:39.804  INFO 56553 --- [    Test worker] .s.o.r.i.OrganisaatioSuhdeRepositoryImpl : findChildrenTo(13, Mon Jan 01 00:00:00 EET 2001)
Hibernate: 
    select
        organisaat0_.id as id1_19_0_,
        organisaat1_.id as id1_5_1_,
        organisaat0_.version as version2_19_0_,
        organisaat0_.alkupvm as alkupvm3_19_0_,
        organisaat0_.child_id as child_id7_19_0_,
        organisaat0_.loppupvm as loppupvm4_19_0_,
        organisaat0_.opetuspisteenjarjnro as opetuspi5_19_0_,
        organisaat0_.parent_id as parent_i8_19_0_,
        organisaat0_.suhdetyyppi as suhdetyy6_19_0_,
        organisaat1_.version as version2_5_1_,
        organisaat1_.alkupvm as alkupvm3_5_1_,
        organisaat1_.domainnimi as domainni4_5_1_,
        organisaat1_.kotipaikka as kotipaik5_5_1_,
        organisaat1_.kuvaus_mkt as kuvaus_28_5_1_,
        organisaat1_.lakkautuspvm as lakkautu6_5_1_,
        organisaat1_.maa as maa7_5_1_,
        organisaat1_.metadata_id as metadat29_5_1_,
        organisaat1_.nimi_mkt as nimi_mk30_5_1_,
        organisaat1_.nimihaku as nimihaku8_5_1_,
        organisaat1_.oid as oid9_5_1_,
        organisaat1_.opetuspisteenjarjnro as opetusp10_5_1_,
        organisaat1_.oppilaitoskoodi as oppilai11_5_1_,
        organisaat1_.oppilaitos_tyyppi as oppilai12_5_1_,
        organisaat1_.organisaatio_poistettu as organis13_5_1_,
        organisaat1_.paivittaja as paivitt14_5_1_,
        organisaat1_.paivityspvm as paivity15_5_1_,
        organisaat1_.parentidpath as parenti16_5_1_,
        organisaat1_.parentoidpath as parento17_5_1_,
        organisaat1_.piilotettu as piilote18_5_1_,
        organisaat1_.tarkastus_pvm as tarkast19_5_1_,
        organisaat1_.toimipistekoodi as toimipi20_5_1_,
        organisaat1_.tuontipvm as tuontip21_5_1_,
        organisaat1_.varhaiskasvatuksen_toimipaikka_tiedot_id as varhais31_5_1_,
        organisaat1_.virastotunnus as virasto22_5_1_,
        organisaat1_.yhteishaunkoulukoodi as yhteish23_5_1_,
        organisaat1_.yritysmuoto as yritysm24_5_1_,
        organisaat1_.ytj_kieli as ytj_kie25_5_1_,
        organisaat1_.ytjpaivityspvm as ytjpaiv26_5_1_,
        organisaat1_.ytunnus as ytunnus27_5_1_ 
    from
        organisaatiosuhde organisaat0_ 
    inner join
        organisaatio organisaat1_ 
            on organisaat0_.child_id=organisaat1_.id 
    where
        organisaat0_.parent_id=? 
        and organisaat0_.suhdetyyppi=? 
        and (
            organisaat0_.alkupvm=? 
            or organisaat0_.alkupvm<?
        ) 
        and (
            organisaat0_.loppupvm is null 
            or organisaat0_.loppupvm>?
        ) 
        and organisaat1_.organisaatio_poistettu=? 
    order by
        organisaat0_.alkupvm desc
2020-06-10 20:38:39.810 TRACE 56553 --- [    Test worker] o.h.type.descriptor.sql.BasicBinder      : binding parameter [1] as [BIGINT] - [13]
2020-06-10 20:38:39.810 TRACE 56553 --- [    Test worker] o.h.type.descriptor.sql.BasicBinder      : binding parameter [2] as [VARCHAR] - [HISTORIA]
2020-06-10 20:38:39.810 TRACE 56553 --- [    Test worker] o.h.type.descriptor.sql.BasicBinder      : binding parameter [3] as [DATE] - [Mon Jan 01 00:00:00 EET 2001]
2020-06-10 20:38:39.810 TRACE 56553 --- [    Test worker] o.h.type.descriptor.sql.BasicBinder      : binding parameter [4] as [DATE] - [Mon Jan 01 00:00:00 EET 2001]
2020-06-10 20:38:39.810 TRACE 56553 --- [    Test worker] o.h.type.descriptor.sql.BasicBinder      : binding parameter [5] as [DATE] - [Mon Jan 01 00:00:00 EET 2001]
2020-06-10 20:38:39.810 TRACE 56553 --- [    Test worker] o.h.type.descriptor.sql.BasicBinder      : binding parameter [6] as [BOOLEAN] - [false]
2020-06-10 20:38:39.812  INFO 56553 --- [    Test worker] .s.o.r.i.OrganisaatioSuhdeRepositoryImpl : findChildrenTo(14, Mon Jan 01 00:00:00 EET 2001)
Hibernate: 
    select
        organisaat0_.id as id1_19_0_,
        organisaat1_.id as id1_5_1_,
        organisaat0_.version as version2_19_0_,
        organisaat0_.alkupvm as alkupvm3_19_0_,
        organisaat0_.child_id as child_id7_19_0_,
        organisaat0_.loppupvm as loppupvm4_19_0_,
        organisaat0_.opetuspisteenjarjnro as opetuspi5_19_0_,
        organisaat0_.parent_id as parent_i8_19_0_,
        organisaat0_.suhdetyyppi as suhdetyy6_19_0_,
        organisaat1_.version as version2_5_1_,
        organisaat1_.alkupvm as alkupvm3_5_1_,
        organisaat1_.domainnimi as domainni4_5_1_,
        organisaat1_.kotipaikka as kotipaik5_5_1_,
        organisaat1_.kuvaus_mkt as kuvaus_28_5_1_,
        organisaat1_.lakkautuspvm as lakkautu6_5_1_,
        organisaat1_.maa as maa7_5_1_,
        organisaat1_.metadata_id as metadat29_5_1_,
        organisaat1_.nimi_mkt as nimi_mk30_5_1_,
        organisaat1_.nimihaku as nimihaku8_5_1_,
        organisaat1_.oid as oid9_5_1_,
        organisaat1_.opetuspisteenjarjnro as opetusp10_5_1_,
        organisaat1_.oppilaitoskoodi as oppilai11_5_1_,
        organisaat1_.oppilaitos_tyyppi as oppilai12_5_1_,
        organisaat1_.organisaatio_poistettu as organis13_5_1_,
        organisaat1_.paivittaja as paivitt14_5_1_,
        organisaat1_.paivityspvm as paivity15_5_1_,
        organisaat1_.parentidpath as parenti16_5_1_,
        organisaat1_.parentoidpath as parento17_5_1_,
        organisaat1_.piilotettu as piilote18_5_1_,
        organisaat1_.tarkastus_pvm as tarkast19_5_1_,
        organisaat1_.toimipistekoodi as toimipi20_5_1_,
        organisaat1_.tuontipvm as tuontip21_5_1_,
        organisaat1_.varhaiskasvatuksen_toimipaikka_tiedot_id as varhais31_5_1_,
        organisaat1_.virastotunnus as virasto22_5_1_,
        organisaat1_.yhteishaunkoulukoodi as yhteish23_5_1_,
        organisaat1_.yritysmuoto as yritysm24_5_1_,
        organisaat1_.ytj_kieli as ytj_kie25_5_1_,
        organisaat1_.ytjpaivityspvm as ytjpaiv26_5_1_,
        organisaat1_.ytunnus as ytunnus27_5_1_ 
    from
        organisaatiosuhde organisaat0_ 
    inner join
        organisaatio organisaat1_ 
            on organisaat0_.child_id=organisaat1_.id 
    where
        organisaat0_.parent_id=? 
        and organisaat0_.suhdetyyppi=? 
        and (
            organisaat0_.alkupvm=? 
            or organisaat0_.alkupvm<?
        ) 
        and (
            organisaat0_.loppupvm is null 
            or organisaat0_.loppupvm>?
        ) 
        and organisaat1_.organisaatio_poistettu=? 
    order by
        organisaat0_.alkupvm desc
2020-06-10 20:38:39.814 TRACE 56553 --- [    Test worker] o.h.type.descriptor.sql.BasicBinder      : binding parameter [1] as [BIGINT] - [14]
2020-06-10 20:38:39.814 TRACE 56553 --- [    Test worker] o.h.type.descriptor.sql.BasicBinder      : binding parameter [2] as [VARCHAR] - [HISTORIA]
2020-06-10 20:38:39.814 TRACE 56553 --- [    Test worker] o.h.type.descriptor.sql.BasicBinder      : binding parameter [3] as [DATE] - [Mon Jan 01 00:00:00 EET 2001]
2020-06-10 20:38:39.814 TRACE 56553 --- [    Test worker] o.h.type.descriptor.sql.BasicBinder      : binding parameter [4] as [DATE] - [Mon Jan 01 00:00:00 EET 2001]
2020-06-10 20:38:39.814 TRACE 56553 --- [    Test worker] o.h.type.descriptor.sql.BasicBinder      : binding parameter [5] as [DATE] - [Mon Jan 01 00:00:00 EET 2001]
2020-06-10 20:38:39.814 TRACE 56553 --- [    Test worker] o.h.type.descriptor.sql.BasicBinder      : binding parameter [6] as [BOOLEAN] - [false]
2020-06-10 20:38:39.815  INFO 56553 --- [    Test worker] .s.o.r.i.OrganisaatioSuhdeRepositoryImpl : findChildrenTo(15, Mon Jan 01 00:00:00 EET 2001)
Hibernate: 
    select
        organisaat0_.id as id1_19_0_,
        organisaat1_.id as id1_5_1_,
        organisaat0_.version as version2_19_0_,
        organisaat0_.alkupvm as alkupvm3_19_0_,
        organisaat0_.child_id as child_id7_19_0_,
        organisaat0_.loppupvm as loppupvm4_19_0_,
        organisaat0_.opetuspisteenjarjnro as opetuspi5_19_0_,
        organisaat0_.parent_id as parent_i8_19_0_,
        organisaat0_.suhdetyyppi as suhdetyy6_19_0_,
        organisaat1_.version as version2_5_1_,
        organisaat1_.alkupvm as alkupvm3_5_1_,
        organisaat1_.domainnimi as domainni4_5_1_,
        organisaat1_.kotipaikka as kotipaik5_5_1_,
        organisaat1_.kuvaus_mkt as kuvaus_28_5_1_,
        organisaat1_.lakkautuspvm as lakkautu6_5_1_,
        organisaat1_.maa as maa7_5_1_,
        organisaat1_.metadata_id as metadat29_5_1_,
        organisaat1_.nimi_mkt as nimi_mk30_5_1_,
        organisaat1_.nimihaku as nimihaku8_5_1_,
        organisaat1_.oid as oid9_5_1_,
        organisaat1_.opetuspisteenjarjnro as opetusp10_5_1_,
        organisaat1_.oppilaitoskoodi as oppilai11_5_1_,
        organisaat1_.oppilaitos_tyyppi as oppilai12_5_1_,
        organisaat1_.organisaatio_poistettu as organis13_5_1_,
        organisaat1_.paivittaja as paivitt14_5_1_,
        organisaat1_.paivityspvm as paivity15_5_1_,
        organisaat1_.parentidpath as parenti16_5_1_,
        organisaat1_.parentoidpath as parento17_5_1_,
        organisaat1_.piilotettu as piilote18_5_1_,
        organisaat1_.tarkastus_pvm as tarkast19_5_1_,
        organisaat1_.toimipistekoodi as toimipi20_5_1_,
        organisaat1_.tuontipvm as tuontip21_5_1_,
        organisaat1_.varhaiskasvatuksen_toimipaikka_tiedot_id as varhais31_5_1_,
        organisaat1_.virastotunnus as virasto22_5_1_,
        organisaat1_.yhteishaunkoulukoodi as yhteish23_5_1_,
        organisaat1_.yritysmuoto as yritysm24_5_1_,
        organisaat1_.ytj_kieli as ytj_kie25_5_1_,
        organisaat1_.ytjpaivityspvm as ytjpaiv26_5_1_,
        organisaat1_.ytunnus as ytunnus27_5_1_ 
    from
        organisaatiosuhde organisaat0_ 
    inner join
        organisaatio organisaat1_ 
            on organisaat0_.child_id=organisaat1_.id 
    where
        organisaat0_.parent_id=? 
        and organisaat0_.suhdetyyppi=? 
        and (
            organisaat0_.alkupvm=? 
            or organisaat0_.alkupvm<?
        ) 
        and (
            organisaat0_.loppupvm is null 
            or organisaat0_.loppupvm>?
        ) 
        and organisaat1_.organisaatio_poistettu=? 
    order by
        organisaat0_.alkupvm desc
2020-06-10 20:38:39.817 TRACE 56553 --- [    Test worker] o.h.type.descriptor.sql.BasicBinder      : binding parameter [1] as [BIGINT] - [15]
2020-06-10 20:38:39.817 TRACE 56553 --- [    Test worker] o.h.type.descriptor.sql.BasicBinder      : binding parameter [2] as [VARCHAR] - [HISTORIA]
2020-06-10 20:38:39.817 TRACE 56553 --- [    Test worker] o.h.type.descriptor.sql.BasicBinder      : binding parameter [3] as [DATE] - [Mon Jan 01 00:00:00 EET 2001]
2020-06-10 20:38:39.817 TRACE 56553 --- [    Test worker] o.h.type.descriptor.sql.BasicBinder      : binding parameter [4] as [DATE] - [Mon Jan 01 00:00:00 EET 2001]
2020-06-10 20:38:39.817 TRACE 56553 --- [    Test worker] o.h.type.descriptor.sql.BasicBinder      : binding parameter [5] as [DATE] - [Mon Jan 01 00:00:00 EET 2001]
2020-06-10 20:38:39.818 TRACE 56553 --- [    Test worker] o.h.type.descriptor.sql.BasicBinder      : binding parameter [6] as [BOOLEAN] - [false]
2020-06-10 20:38:39.818  INFO 56553 --- [    Test worker] .o.r.OrganisaatioSuhdeRepositoryImplTest : -------------------------------- createDate(2.1.2001)
2020-06-10 20:38:39.818  INFO 56553 --- [    Test worker] .s.o.r.i.OrganisaatioSuhdeRepositoryImpl : findChildrenTo(11, Tue Jan 02 00:00:00 EET 2001)
Hibernate: 
    select
        organisaat0_.id as id1_19_0_,
        organisaat1_.id as id1_5_1_,
        organisaat0_.version as version2_19_0_,
        organisaat0_.alkupvm as alkupvm3_19_0_,
        organisaat0_.child_id as child_id7_19_0_,
        organisaat0_.loppupvm as loppupvm4_19_0_,
        organisaat0_.opetuspisteenjarjnro as opetuspi5_19_0_,
        organisaat0_.parent_id as parent_i8_19_0_,
        organisaat0_.suhdetyyppi as suhdetyy6_19_0_,
        organisaat1_.version as version2_5_1_,
        organisaat1_.alkupvm as alkupvm3_5_1_,
        organisaat1_.domainnimi as domainni4_5_1_,
        organisaat1_.kotipaikka as kotipaik5_5_1_,
        organisaat1_.kuvaus_mkt as kuvaus_28_5_1_,
        organisaat1_.lakkautuspvm as lakkautu6_5_1_,
        organisaat1_.maa as maa7_5_1_,
        organisaat1_.metadata_id as metadat29_5_1_,
        organisaat1_.nimi_mkt as nimi_mk30_5_1_,
        organisaat1_.nimihaku as nimihaku8_5_1_,
        organisaat1_.oid as oid9_5_1_,
        organisaat1_.opetuspisteenjarjnro as opetusp10_5_1_,
        organisaat1_.oppilaitoskoodi as oppilai11_5_1_,
        organisaat1_.oppilaitos_tyyppi as oppilai12_5_1_,
        organisaat1_.organisaatio_poistettu as organis13_5_1_,
        organisaat1_.paivittaja as paivitt14_5_1_,
        organisaat1_.paivityspvm as paivity15_5_1_,
        organisaat1_.parentidpath as parenti16_5_1_,
        organisaat1_.parentoidpath as parento17_5_1_,
        organisaat1_.piilotettu as piilote18_5_1_,
        organisaat1_.tarkastus_pvm as tarkast19_5_1_,
        organisaat1_.toimipistekoodi as toimipi20_5_1_,
        organisaat1_.tuontipvm as tuontip21_5_1_,
        organisaat1_.varhaiskasvatuksen_toimipaikka_tiedot_id as varhais31_5_1_,
        organisaat1_.virastotunnus as virasto22_5_1_,
        organisaat1_.yhteishaunkoulukoodi as yhteish23_5_1_,
        organisaat1_.yritysmuoto as yritysm24_5_1_,
        organisaat1_.ytj_kieli as ytj_kie25_5_1_,
        organisaat1_.ytjpaivityspvm as ytjpaiv26_5_1_,
        organisaat1_.ytunnus as ytunnus27_5_1_ 
    from
        organisaatiosuhde organisaat0_ 
    inner join
        organisaatio organisaat1_ 
            on organisaat0_.child_id=organisaat1_.id 
    where
        organisaat0_.parent_id=? 
        and organisaat0_.suhdetyyppi=? 
        and (
            organisaat0_.alkupvm=? 
            or organisaat0_.alkupvm<?
        ) 
        and (
            organisaat0_.loppupvm is null 
            or organisaat0_.loppupvm>?
        ) 
        and organisaat1_.organisaatio_poistettu=? 
    order by
        organisaat0_.alkupvm desc
2020-06-10 20:38:39.820 TRACE 56553 --- [    Test worker] o.h.type.descriptor.sql.BasicBinder      : binding parameter [1] as [BIGINT] - [11]
2020-06-10 20:38:39.820 TRACE 56553 --- [    Test worker] o.h.type.descriptor.sql.BasicBinder      : binding parameter [2] as [VARCHAR] - [HISTORIA]
2020-06-10 20:38:39.820 TRACE 56553 --- [    Test worker] o.h.type.descriptor.sql.BasicBinder      : binding parameter [3] as [DATE] - [Tue Jan 02 00:00:00 EET 2001]
2020-06-10 20:38:39.820 TRACE 56553 --- [    Test worker] o.h.type.descriptor.sql.BasicBinder      : binding parameter [4] as [DATE] - [Tue Jan 02 00:00:00 EET 2001]
2020-06-10 20:38:39.820 TRACE 56553 --- [    Test worker] o.h.type.descriptor.sql.BasicBinder      : binding parameter [5] as [DATE] - [Tue Jan 02 00:00:00 EET 2001]
2020-06-10 20:38:39.821 TRACE 56553 --- [    Test worker] o.h.type.descriptor.sql.BasicBinder      : binding parameter [6] as [BOOLEAN] - [false]
2020-06-10 20:38:39.821 TRACE 56553 --- [    Test worker] o.h.type.descriptor.sql.BasicExtractor   : extracted value ([id1_19_0_] : [BIGINT]) - [7]
2020-06-10 20:38:39.821 TRACE 56553 --- [    Test worker] o.h.type.descriptor.sql.BasicExtractor   : extracted value ([id1_5_1_] : [BIGINT]) - [13]
2020-06-10 20:38:39.821 TRACE 56553 --- [    Test worker] o.h.type.descriptor.sql.BasicExtractor   : extracted value ([id1_19_0_] : [BIGINT]) - [6]
2020-06-10 20:38:39.821 TRACE 56553 --- [    Test worker] o.h.type.descriptor.sql.BasicExtractor   : extracted value ([id1_5_1_] : [BIGINT]) - [12]
2020-06-10 20:38:39.821  INFO 56553 --- [    Test worker] .s.o.r.i.OrganisaatioSuhdeRepositoryImpl : findParentTo(13, Tue Jan 02 00:00:00 EET 2001)
Hibernate: 
    select
        organisaat0_.id as id1_19_0_,
        organisaat1_.id as id1_5_1_,
        organisaat0_.version as version2_19_0_,
        organisaat0_.alkupvm as alkupvm3_19_0_,
        organisaat0_.child_id as child_id7_19_0_,
        organisaat0_.loppupvm as loppupvm4_19_0_,
        organisaat0_.opetuspisteenjarjnro as opetuspi5_19_0_,
        organisaat0_.parent_id as parent_i8_19_0_,
        organisaat0_.suhdetyyppi as suhdetyy6_19_0_,
        organisaat1_.version as version2_5_1_,
        organisaat1_.alkupvm as alkupvm3_5_1_,
        organisaat1_.domainnimi as domainni4_5_1_,
        organisaat1_.kotipaikka as kotipaik5_5_1_,
        organisaat1_.kuvaus_mkt as kuvaus_28_5_1_,
        organisaat1_.lakkautuspvm as lakkautu6_5_1_,
        organisaat1_.maa as maa7_5_1_,
        organisaat1_.metadata_id as metadat29_5_1_,
        organisaat1_.nimi_mkt as nimi_mk30_5_1_,
        organisaat1_.nimihaku as nimihaku8_5_1_,
        organisaat1_.oid as oid9_5_1_,
        organisaat1_.opetuspisteenjarjnro as opetusp10_5_1_,
        organisaat1_.oppilaitoskoodi as oppilai11_5_1_,
        organisaat1_.oppilaitos_tyyppi as oppilai12_5_1_,
        organisaat1_.organisaatio_poistettu as organis13_5_1_,
        organisaat1_.paivittaja as paivitt14_5_1_,
        organisaat1_.paivityspvm as paivity15_5_1_,
        organisaat1_.parentidpath as parenti16_5_1_,
        organisaat1_.parentoidpath as parento17_5_1_,
        organisaat1_.piilotettu as piilote18_5_1_,
        organisaat1_.tarkastus_pvm as tarkast19_5_1_,
        organisaat1_.toimipistekoodi as toimipi20_5_1_,
        organisaat1_.tuontipvm as tuontip21_5_1_,
        organisaat1_.varhaiskasvatuksen_toimipaikka_tiedot_id as varhais31_5_1_,
        organisaat1_.virastotunnus as virasto22_5_1_,
        organisaat1_.yhteishaunkoulukoodi as yhteish23_5_1_,
        organisaat1_.yritysmuoto as yritysm24_5_1_,
        organisaat1_.ytj_kieli as ytj_kie25_5_1_,
        organisaat1_.ytjpaivityspvm as ytjpaiv26_5_1_,
        organisaat1_.ytunnus as ytunnus27_5_1_ 
    from
        organisaatiosuhde organisaat0_ 
    inner join
        organisaatio organisaat1_ 
            on organisaat0_.parent_id=organisaat1_.id 
    where
        organisaat0_.child_id=? 
        and organisaat0_.suhdetyyppi=? 
        and (
            organisaat0_.alkupvm=? 
            or organisaat0_.alkupvm<?
        ) 
        and (
            organisaat0_.loppupvm is null 
            or organisaat0_.loppupvm>?
        ) 
        and organisaat1_.organisaatio_poistettu=? 
    order by
        organisaat0_.alkupvm desc
2020-06-10 20:38:39.823 TRACE 56553 --- [    Test worker] o.h.type.descriptor.sql.BasicBinder      : binding parameter [1] as [BIGINT] - [13]
2020-06-10 20:38:39.823 TRACE 56553 --- [    Test worker] o.h.type.descriptor.sql.BasicBinder      : binding parameter [2] as [VARCHAR] - [HISTORIA]
2020-06-10 20:38:39.823 TRACE 56553 --- [    Test worker] o.h.type.descriptor.sql.BasicBinder      : binding parameter [3] as [DATE] - [Tue Jan 02 00:00:00 EET 2001]
2020-06-10 20:38:39.823 TRACE 56553 --- [    Test worker] o.h.type.descriptor.sql.BasicBinder      : binding parameter [4] as [DATE] - [Tue Jan 02 00:00:00 EET 2001]
2020-06-10 20:38:39.823 TRACE 56553 --- [    Test worker] o.h.type.descriptor.sql.BasicBinder      : binding parameter [5] as [DATE] - [Tue Jan 02 00:00:00 EET 2001]
2020-06-10 20:38:39.823 TRACE 56553 --- [    Test worker] o.h.type.descriptor.sql.BasicBinder      : binding parameter [6] as [BOOLEAN] - [false]
2020-06-10 20:38:39.824 TRACE 56553 --- [    Test worker] o.h.type.descriptor.sql.BasicExtractor   : extracted value ([id1_19_0_] : [BIGINT]) - [7]
2020-06-10 20:38:39.824 TRACE 56553 --- [    Test worker] o.h.type.descriptor.sql.BasicExtractor   : extracted value ([id1_5_1_] : [BIGINT]) - [11]
2020-06-10 20:38:39.824 TRACE 56553 --- [    Test worker] o.h.type.descriptor.sql.BasicExtractor   : extracted value ([id1_19_0_] : [BIGINT]) - [3]
2020-06-10 20:38:39.824 TRACE 56553 --- [    Test worker] o.h.type.descriptor.sql.BasicExtractor   : extracted value ([id1_5_1_] : [BIGINT]) - [10]
2020-06-10 20:38:39.824  INFO 56553 --- [    Test worker] .s.o.r.i.OrganisaatioSuhdeRepositoryImpl : findParentTo(12, Tue Jan 02 00:00:00 EET 2001)
Hibernate: 
    select
        organisaat0_.id as id1_19_0_,
        organisaat1_.id as id1_5_1_,
        organisaat0_.version as version2_19_0_,
        organisaat0_.alkupvm as alkupvm3_19_0_,
        organisaat0_.child_id as child_id7_19_0_,
        organisaat0_.loppupvm as loppupvm4_19_0_,
        organisaat0_.opetuspisteenjarjnro as opetuspi5_19_0_,
        organisaat0_.parent_id as parent_i8_19_0_,
        organisaat0_.suhdetyyppi as suhdetyy6_19_0_,
        organisaat1_.version as version2_5_1_,
        organisaat1_.alkupvm as alkupvm3_5_1_,
        organisaat1_.domainnimi as domainni4_5_1_,
        organisaat1_.kotipaikka as kotipaik5_5_1_,
        organisaat1_.kuvaus_mkt as kuvaus_28_5_1_,
        organisaat1_.lakkautuspvm as lakkautu6_5_1_,
        organisaat1_.maa as maa7_5_1_,
        organisaat1_.metadata_id as metadat29_5_1_,
        organisaat1_.nimi_mkt as nimi_mk30_5_1_,
        organisaat1_.nimihaku as nimihaku8_5_1_,
        organisaat1_.oid as oid9_5_1_,
        organisaat1_.opetuspisteenjarjnro as opetusp10_5_1_,
        organisaat1_.oppilaitoskoodi as oppilai11_5_1_,
        organisaat1_.oppilaitos_tyyppi as oppilai12_5_1_,
        organisaat1_.organisaatio_poistettu as organis13_5_1_,
        organisaat1_.paivittaja as paivitt14_5_1_,
        organisaat1_.paivityspvm as paivity15_5_1_,
        organisaat1_.parentidpath as parenti16_5_1_,
        organisaat1_.parentoidpath as parento17_5_1_,
        organisaat1_.piilotettu as piilote18_5_1_,
        organisaat1_.tarkastus_pvm as tarkast19_5_1_,
        organisaat1_.toimipistekoodi as toimipi20_5_1_,
        organisaat1_.tuontipvm as tuontip21_5_1_,
        organisaat1_.varhaiskasvatuksen_toimipaikka_tiedot_id as varhais31_5_1_,
        organisaat1_.virastotunnus as virasto22_5_1_,
        organisaat1_.yhteishaunkoulukoodi as yhteish23_5_1_,
        organisaat1_.yritysmuoto as yritysm24_5_1_,
        organisaat1_.ytj_kieli as ytj_kie25_5_1_,
        organisaat1_.ytjpaivityspvm as ytjpaiv26_5_1_,
        organisaat1_.ytunnus as ytunnus27_5_1_ 
    from
        organisaatiosuhde organisaat0_ 
    inner join
        organisaatio organisaat1_ 
            on organisaat0_.parent_id=organisaat1_.id 
    where
        organisaat0_.child_id=? 
        and organisaat0_.suhdetyyppi=? 
        and (
            organisaat0_.alkupvm=? 
            or organisaat0_.alkupvm<?
        ) 
        and (
            organisaat0_.loppupvm is null 
            or organisaat0_.loppupvm>?
        ) 
        and organisaat1_.organisaatio_poistettu=? 
    order by
        organisaat0_.alkupvm desc
2020-06-10 20:38:39.826 TRACE 56553 --- [    Test worker] o.h.type.descriptor.sql.BasicBinder      : binding parameter [1] as [BIGINT] - [12]
2020-06-10 20:38:39.826 TRACE 56553 --- [    Test worker] o.h.type.descriptor.sql.BasicBinder      : binding parameter [2] as [VARCHAR] - [HISTORIA]
2020-06-10 20:38:39.826 TRACE 56553 --- [    Test worker] o.h.type.descriptor.sql.BasicBinder      : binding parameter [3] as [DATE] - [Tue Jan 02 00:00:00 EET 2001]
2020-06-10 20:38:39.827 TRACE 56553 --- [    Test worker] o.h.type.descriptor.sql.BasicBinder      : binding parameter [4] as [DATE] - [Tue Jan 02 00:00:00 EET 2001]
2020-06-10 20:38:39.827 TRACE 56553 --- [    Test worker] o.h.type.descriptor.sql.BasicBinder      : binding parameter [5] as [DATE] - [Tue Jan 02 00:00:00 EET 2001]
2020-06-10 20:38:39.827 TRACE 56553 --- [    Test worker] o.h.type.descriptor.sql.BasicBinder      : binding parameter [6] as [BOOLEAN] - [false]
2020-06-10 20:38:39.827 TRACE 56553 --- [    Test worker] o.h.type.descriptor.sql.BasicExtractor   : extracted value ([id1_19_0_] : [BIGINT]) - [6]
2020-06-10 20:38:39.827 TRACE 56553 --- [    Test worker] o.h.type.descriptor.sql.BasicExtractor   : extracted value ([id1_5_1_] : [BIGINT]) - [11]
2020-06-10 20:38:39.827 TRACE 56553 --- [    Test worker] o.h.type.descriptor.sql.BasicExtractor   : extracted value ([id1_19_0_] : [BIGINT]) - [2]
2020-06-10 20:38:39.827 TRACE 56553 --- [    Test worker] o.h.type.descriptor.sql.BasicExtractor   : extracted value ([id1_5_1_] : [BIGINT]) - [10]
2020-06-10 20:38:39.827  INFO 56553 --- [    Test worker] .s.o.r.i.OrganisaatioSuhdeRepositoryImpl : findParentTo(12, Tue Jan 02 00:00:00 EET 2001)
Hibernate: 
    select
        organisaat0_.id as id1_19_0_,
        organisaat1_.id as id1_5_1_,
        organisaat0_.version as version2_19_0_,
        organisaat0_.alkupvm as alkupvm3_19_0_,
        organisaat0_.child_id as child_id7_19_0_,
        organisaat0_.loppupvm as loppupvm4_19_0_,
        organisaat0_.opetuspisteenjarjnro as opetuspi5_19_0_,
        organisaat0_.parent_id as parent_i8_19_0_,
        organisaat0_.suhdetyyppi as suhdetyy6_19_0_,
        organisaat1_.version as version2_5_1_,
        organisaat1_.alkupvm as alkupvm3_5_1_,
        organisaat1_.domainnimi as domainni4_5_1_,
        organisaat1_.kotipaikka as kotipaik5_5_1_,
        organisaat1_.kuvaus_mkt as kuvaus_28_5_1_,
        organisaat1_.lakkautuspvm as lakkautu6_5_1_,
        organisaat1_.maa as maa7_5_1_,
        organisaat1_.metadata_id as metadat29_5_1_,
        organisaat1_.nimi_mkt as nimi_mk30_5_1_,
        organisaat1_.nimihaku as nimihaku8_5_1_,
        organisaat1_.oid as oid9_5_1_,
        organisaat1_.opetuspisteenjarjnro as opetusp10_5_1_,
        organisaat1_.oppilaitoskoodi as oppilai11_5_1_,
        organisaat1_.oppilaitos_tyyppi as oppilai12_5_1_,
        organisaat1_.organisaatio_poistettu as organis13_5_1_,
        organisaat1_.paivittaja as paivitt14_5_1_,
        organisaat1_.paivityspvm as paivity15_5_1_,
        organisaat1_.parentidpath as parenti16_5_1_,
        organisaat1_.parentoidpath as parento17_5_1_,
        organisaat1_.piilotettu as piilote18_5_1_,
        organisaat1_.tarkastus_pvm as tarkast19_5_1_,
        organisaat1_.toimipistekoodi as toimipi20_5_1_,
        organisaat1_.tuontipvm as tuontip21_5_1_,
        organisaat1_.varhaiskasvatuksen_toimipaikka_tiedot_id as varhais31_5_1_,
        organisaat1_.virastotunnus as virasto22_5_1_,
        organisaat1_.yhteishaunkoulukoodi as yhteish23_5_1_,
        organisaat1_.yritysmuoto as yritysm24_5_1_,
        organisaat1_.ytj_kieli as ytj_kie25_5_1_,
        organisaat1_.ytjpaivityspvm as ytjpaiv26_5_1_,
        organisaat1_.ytunnus as ytunnus27_5_1_ 
    from
        organisaatiosuhde organisaat0_ 
    inner join
        organisaatio organisaat1_ 
            on organisaat0_.parent_id=organisaat1_.id 
    where
        organisaat0_.child_id=? 
        and organisaat0_.suhdetyyppi=? 
        and (
            organisaat0_.alkupvm=? 
            or organisaat0_.alkupvm<?
        ) 
        and (
            organisaat0_.loppupvm is null 
            or organisaat0_.loppupvm>?
        ) 
        and organisaat1_.organisaatio_poistettu=? 
    order by
        organisaat0_.alkupvm desc
2020-06-10 20:38:39.830 TRACE 56553 --- [    Test worker] o.h.type.descriptor.sql.BasicBinder      : binding parameter [1] as [BIGINT] - [12]
2020-06-10 20:38:39.830 TRACE 56553 --- [    Test worker] o.h.type.descriptor.sql.BasicBinder      : binding parameter [2] as [VARCHAR] - [HISTORIA]
2020-06-10 20:38:39.830 TRACE 56553 --- [    Test worker] o.h.type.descriptor.sql.BasicBinder      : binding parameter [3] as [DATE] - [Tue Jan 02 00:00:00 EET 2001]
2020-06-10 20:38:39.830 TRACE 56553 --- [    Test worker] o.h.type.descriptor.sql.BasicBinder      : binding parameter [4] as [DATE] - [Tue Jan 02 00:00:00 EET 2001]
2020-06-10 20:38:39.830 TRACE 56553 --- [    Test worker] o.h.type.descriptor.sql.BasicBinder      : binding parameter [5] as [DATE] - [Tue Jan 02 00:00:00 EET 2001]
2020-06-10 20:38:39.830 TRACE 56553 --- [    Test worker] o.h.type.descriptor.sql.BasicBinder      : binding parameter [6] as [BOOLEAN] - [false]
2020-06-10 20:38:39.830 TRACE 56553 --- [    Test worker] o.h.type.descriptor.sql.BasicExtractor   : extracted value ([id1_19_0_] : [BIGINT]) - [6]
2020-06-10 20:38:39.830 TRACE 56553 --- [    Test worker] o.h.type.descriptor.sql.BasicExtractor   : extracted value ([id1_5_1_] : [BIGINT]) - [11]
2020-06-10 20:38:39.831 TRACE 56553 --- [    Test worker] o.h.type.descriptor.sql.BasicExtractor   : extracted value ([id1_19_0_] : [BIGINT]) - [2]
2020-06-10 20:38:39.831 TRACE 56553 --- [    Test worker] o.h.type.descriptor.sql.BasicExtractor   : extracted value ([id1_5_1_] : [BIGINT]) - [10]
2020-06-10 20:38:39.831  INFO 56553 --- [    Test worker] .s.o.r.i.OrganisaatioSuhdeRepositoryImpl : findParentTo(13, Tue Jan 02 00:00:00 EET 2001)
Hibernate: 
    select
        organisaat0_.id as id1_19_0_,
        organisaat1_.id as id1_5_1_,
        organisaat0_.version as version2_19_0_,
        organisaat0_.alkupvm as alkupvm3_19_0_,
        organisaat0_.child_id as child_id7_19_0_,
        organisaat0_.loppupvm as loppupvm4_19_0_,
        organisaat0_.opetuspisteenjarjnro as opetuspi5_19_0_,
        organisaat0_.parent_id as parent_i8_19_0_,
        organisaat0_.suhdetyyppi as suhdetyy6_19_0_,
        organisaat1_.version as version2_5_1_,
        organisaat1_.alkupvm as alkupvm3_5_1_,
        organisaat1_.domainnimi as domainni4_5_1_,
        organisaat1_.kotipaikka as kotipaik5_5_1_,
        organisaat1_.kuvaus_mkt as kuvaus_28_5_1_,
        organisaat1_.lakkautuspvm as lakkautu6_5_1_,
        organisaat1_.maa as maa7_5_1_,
        organisaat1_.metadata_id as metadat29_5_1_,
        organisaat1_.nimi_mkt as nimi_mk30_5_1_,
        organisaat1_.nimihaku as nimihaku8_5_1_,
        organisaat1_.oid as oid9_5_1_,
        organisaat1_.opetuspisteenjarjnro as opetusp10_5_1_,
        organisaat1_.oppilaitoskoodi as oppilai11_5_1_,
        organisaat1_.oppilaitos_tyyppi as oppilai12_5_1_,
        organisaat1_.organisaatio_poistettu as organis13_5_1_,
        organisaat1_.paivittaja as paivitt14_5_1_,
        organisaat1_.paivityspvm as paivity15_5_1_,
        organisaat1_.parentidpath as parenti16_5_1_,
        organisaat1_.parentoidpath as parento17_5_1_,
        organisaat1_.piilotettu as piilote18_5_1_,
        organisaat1_.tarkastus_pvm as tarkast19_5_1_,
        organisaat1_.toimipistekoodi as toimipi20_5_1_,
        organisaat1_.tuontipvm as tuontip21_5_1_,
        organisaat1_.varhaiskasvatuksen_toimipaikka_tiedot_id as varhais31_5_1_,
        organisaat1_.virastotunnus as virasto22_5_1_,
        organisaat1_.yhteishaunkoulukoodi as yhteish23_5_1_,
        organisaat1_.yritysmuoto as yritysm24_5_1_,
        organisaat1_.ytj_kieli as ytj_kie25_5_1_,
        organisaat1_.ytjpaivityspvm as ytjpaiv26_5_1_,
        organisaat1_.ytunnus as ytunnus27_5_1_ 
    from
        organisaatiosuhde organisaat0_ 
    inner join
        organisaatio organisaat1_ 
            on organisaat0_.parent_id=organisaat1_.id 
    where
        organisaat0_.child_id=? 
        and organisaat0_.suhdetyyppi=? 
        and (
            organisaat0_.alkupvm=? 
            or organisaat0_.alkupvm<?
        ) 
        and (
            organisaat0_.loppupvm is null 
            or organisaat0_.loppupvm>?
        ) 
        and organisaat1_.organisaatio_poistettu=? 
    order by
        organisaat0_.alkupvm desc
2020-06-10 20:38:39.844 TRACE 56553 --- [    Test worker] o.h.type.descriptor.sql.BasicBinder      : binding parameter [1] as [BIGINT] - [13]
2020-06-10 20:38:39.844 TRACE 56553 --- [    Test worker] o.h.type.descriptor.sql.BasicBinder      : binding parameter [2] as [VARCHAR] - [HISTORIA]
2020-06-10 20:38:39.844 TRACE 56553 --- [    Test worker] o.h.type.descriptor.sql.BasicBinder      : binding parameter [3] as [DATE] - [Tue Jan 02 00:00:00 EET 2001]
2020-06-10 20:38:39.844 TRACE 56553 --- [    Test worker] o.h.type.descriptor.sql.BasicBinder      : binding parameter [4] as [DATE] - [Tue Jan 02 00:00:00 EET 2001]
2020-06-10 20:38:39.844 TRACE 56553 --- [    Test worker] o.h.type.descriptor.sql.BasicBinder      : binding parameter [5] as [DATE] - [Tue Jan 02 00:00:00 EET 2001]
2020-06-10 20:38:39.845 TRACE 56553 --- [    Test worker] o.h.type.descriptor.sql.BasicBinder      : binding parameter [6] as [BOOLEAN] - [false]
2020-06-10 20:38:39.845 TRACE 56553 --- [    Test worker] o.h.type.descriptor.sql.BasicExtractor   : extracted value ([id1_19_0_] : [BIGINT]) - [7]
2020-06-10 20:38:39.845 TRACE 56553 --- [    Test worker] o.h.type.descriptor.sql.BasicExtractor   : extracted value ([id1_5_1_] : [BIGINT]) - [11]
2020-06-10 20:38:39.845 TRACE 56553 --- [    Test worker] o.h.type.descriptor.sql.BasicExtractor   : extracted value ([id1_19_0_] : [BIGINT]) - [3]
2020-06-10 20:38:39.845 TRACE 56553 --- [    Test worker] o.h.type.descriptor.sql.BasicExtractor   : extracted value ([id1_5_1_] : [BIGINT]) - [10]
2020-06-10 20:38:39.846  INFO 56553 --- [    Test worker] .s.o.r.i.OrganisaatioSuhdeRepositoryImpl : findChildrenTo(12, Tue Jan 02 00:00:00 EET 2001)
Hibernate: 
    select
        organisaat0_.id as id1_19_0_,
        organisaat1_.id as id1_5_1_,
        organisaat0_.version as version2_19_0_,
        organisaat0_.alkupvm as alkupvm3_19_0_,
        organisaat0_.child_id as child_id7_19_0_,
        organisaat0_.loppupvm as loppupvm4_19_0_,
        organisaat0_.opetuspisteenjarjnro as opetuspi5_19_0_,
        organisaat0_.parent_id as parent_i8_19_0_,
        organisaat0_.suhdetyyppi as suhdetyy6_19_0_,
        organisaat1_.version as version2_5_1_,
        organisaat1_.alkupvm as alkupvm3_5_1_,
        organisaat1_.domainnimi as domainni4_5_1_,
        organisaat1_.kotipaikka as kotipaik5_5_1_,
        organisaat1_.kuvaus_mkt as kuvaus_28_5_1_,
        organisaat1_.lakkautuspvm as lakkautu6_5_1_,
        organisaat1_.maa as maa7_5_1_,
        organisaat1_.metadata_id as metadat29_5_1_,
        organisaat1_.nimi_mkt as nimi_mk30_5_1_,
        organisaat1_.nimihaku as nimihaku8_5_1_,
        organisaat1_.oid as oid9_5_1_,
        organisaat1_.opetuspisteenjarjnro as opetusp10_5_1_,
        organisaat1_.oppilaitoskoodi as oppilai11_5_1_,
        organisaat1_.oppilaitos_tyyppi as oppilai12_5_1_,
        organisaat1_.organisaatio_poistettu as organis13_5_1_,
        organisaat1_.paivittaja as paivitt14_5_1_,
        organisaat1_.paivityspvm as paivity15_5_1_,
        organisaat1_.parentidpath as parenti16_5_1_,
        organisaat1_.parentoidpath as parento17_5_1_,
        organisaat1_.piilotettu as piilote18_5_1_,
        organisaat1_.tarkastus_pvm as tarkast19_5_1_,
        organisaat1_.toimipistekoodi as toimipi20_5_1_,
        organisaat1_.tuontipvm as tuontip21_5_1_,
        organisaat1_.varhaiskasvatuksen_toimipaikka_tiedot_id as varhais31_5_1_,
        organisaat1_.virastotunnus as virasto22_5_1_,
        organisaat1_.yhteishaunkoulukoodi as yhteish23_5_1_,
        organisaat1_.yritysmuoto as yritysm24_5_1_,
        organisaat1_.ytj_kieli as ytj_kie25_5_1_,
        organisaat1_.ytjpaivityspvm as ytjpaiv26_5_1_,
        organisaat1_.ytunnus as ytunnus27_5_1_ 
    from
        organisaatiosuhde organisaat0_ 
    inner join
        organisaatio organisaat1_ 
            on organisaat0_.child_id=organisaat1_.id 
    where
        organisaat0_.parent_id=? 
        and organisaat0_.suhdetyyppi=? 
        and (
            organisaat0_.alkupvm=? 
            or organisaat0_.alkupvm<?
        ) 
        and (
            organisaat0_.loppupvm is null 
            or organisaat0_.loppupvm>?
        ) 
        and organisaat1_.organisaatio_poistettu=? 
    order by
        organisaat0_.alkupvm desc
2020-06-10 20:38:39.848 TRACE 56553 --- [    Test worker] o.h.type.descriptor.sql.BasicBinder      : binding parameter [1] as [BIGINT] - [12]
2020-06-10 20:38:39.848 TRACE 56553 --- [    Test worker] o.h.type.descriptor.sql.BasicBinder      : binding parameter [2] as [VARCHAR] - [HISTORIA]
2020-06-10 20:38:39.848 TRACE 56553 --- [    Test worker] o.h.type.descriptor.sql.BasicBinder      : binding parameter [3] as [DATE] - [Tue Jan 02 00:00:00 EET 2001]
2020-06-10 20:38:39.848 TRACE 56553 --- [    Test worker] o.h.type.descriptor.sql.BasicBinder      : binding parameter [4] as [DATE] - [Tue Jan 02 00:00:00 EET 2001]
2020-06-10 20:38:39.848 TRACE 56553 --- [    Test worker] o.h.type.descriptor.sql.BasicBinder      : binding parameter [5] as [DATE] - [Tue Jan 02 00:00:00 EET 2001]
2020-06-10 20:38:39.848 TRACE 56553 --- [    Test worker] o.h.type.descriptor.sql.BasicBinder      : binding parameter [6] as [BOOLEAN] - [false]
2020-06-10 20:38:39.848  INFO 56553 --- [    Test worker] .s.o.r.i.OrganisaatioSuhdeRepositoryImpl : findChildrenTo(13, Tue Jan 02 00:00:00 EET 2001)
Hibernate: 
    select
        organisaat0_.id as id1_19_0_,
        organisaat1_.id as id1_5_1_,
        organisaat0_.version as version2_19_0_,
        organisaat0_.alkupvm as alkupvm3_19_0_,
        organisaat0_.child_id as child_id7_19_0_,
        organisaat0_.loppupvm as loppupvm4_19_0_,
        organisaat0_.opetuspisteenjarjnro as opetuspi5_19_0_,
        organisaat0_.parent_id as parent_i8_19_0_,
        organisaat0_.suhdetyyppi as suhdetyy6_19_0_,
        organisaat1_.version as version2_5_1_,
        organisaat1_.alkupvm as alkupvm3_5_1_,
        organisaat1_.domainnimi as domainni4_5_1_,
        organisaat1_.kotipaikka as kotipaik5_5_1_,
        organisaat1_.kuvaus_mkt as kuvaus_28_5_1_,
        organisaat1_.lakkautuspvm as lakkautu6_5_1_,
        organisaat1_.maa as maa7_5_1_,
        organisaat1_.metadata_id as metadat29_5_1_,
        organisaat1_.nimi_mkt as nimi_mk30_5_1_,
        organisaat1_.nimihaku as nimihaku8_5_1_,
        organisaat1_.oid as oid9_5_1_,
        organisaat1_.opetuspisteenjarjnro as opetusp10_5_1_,
        organisaat1_.oppilaitoskoodi as oppilai11_5_1_,
        organisaat1_.oppilaitos_tyyppi as oppilai12_5_1_,
        organisaat1_.organisaatio_poistettu as organis13_5_1_,
        organisaat1_.paivittaja as paivitt14_5_1_,
        organisaat1_.paivityspvm as paivity15_5_1_,
        organisaat1_.parentidpath as parenti16_5_1_,
        organisaat1_.parentoidpath as parento17_5_1_,
        organisaat1_.piilotettu as piilote18_5_1_,
        organisaat1_.tarkastus_pvm as tarkast19_5_1_,
        organisaat1_.toimipistekoodi as toimipi20_5_1_,
        organisaat1_.tuontipvm as tuontip21_5_1_,
        organisaat1_.varhaiskasvatuksen_toimipaikka_tiedot_id as varhais31_5_1_,
        organisaat1_.virastotunnus as virasto22_5_1_,
        organisaat1_.yhteishaunkoulukoodi as yhteish23_5_1_,
        organisaat1_.yritysmuoto as yritysm24_5_1_,
        organisaat1_.ytj_kieli as ytj_kie25_5_1_,
        organisaat1_.ytjpaivityspvm as ytjpaiv26_5_1_,
        organisaat1_.ytunnus as ytunnus27_5_1_ 
    from
        organisaatiosuhde organisaat0_ 
    inner join
        organisaatio organisaat1_ 
            on organisaat0_.child_id=organisaat1_.id 
    where
        organisaat0_.parent_id=? 
        and organisaat0_.suhdetyyppi=? 
        and (
            organisaat0_.alkupvm=? 
            or organisaat0_.alkupvm<?
        ) 
        and (
            organisaat0_.loppupvm is null 
            or organisaat0_.loppupvm>?
        ) 
        and organisaat1_.organisaatio_poistettu=? 
    order by
        organisaat0_.alkupvm desc
2020-06-10 20:38:39.850 TRACE 56553 --- [    Test worker] o.h.type.descriptor.sql.BasicBinder      : binding parameter [1] as [BIGINT] - [13]
2020-06-10 20:38:39.850 TRACE 56553 --- [    Test worker] o.h.type.descriptor.sql.BasicBinder      : binding parameter [2] as [VARCHAR] - [HISTORIA]
2020-06-10 20:38:39.850 TRACE 56553 --- [    Test worker] o.h.type.descriptor.sql.BasicBinder      : binding parameter [3] as [DATE] - [Tue Jan 02 00:00:00 EET 2001]
2020-06-10 20:38:39.850 TRACE 56553 --- [    Test worker] o.h.type.descriptor.sql.BasicBinder      : binding parameter [4] as [DATE] - [Tue Jan 02 00:00:00 EET 2001]
2020-06-10 20:38:39.850 TRACE 56553 --- [    Test worker] o.h.type.descriptor.sql.BasicBinder      : binding parameter [5] as [DATE] - [Tue Jan 02 00:00:00 EET 2001]
2020-06-10 20:38:39.850 TRACE 56553 --- [    Test worker] o.h.type.descriptor.sql.BasicBinder      : binding parameter [6] as [BOOLEAN] - [false]
2020-06-10 20:38:39.851  INFO 56553 --- [    Test worker] .s.o.r.i.OrganisaatioSuhdeRepositoryImpl : findChildrenTo(14, Tue Jan 02 00:00:00 EET 2001)
Hibernate: 
    select
        organisaat0_.id as id1_19_0_,
        organisaat1_.id as id1_5_1_,
        organisaat0_.version as version2_19_0_,
        organisaat0_.alkupvm as alkupvm3_19_0_,
        organisaat0_.child_id as child_id7_19_0_,
        organisaat0_.loppupvm as loppupvm4_19_0_,
        organisaat0_.opetuspisteenjarjnro as opetuspi5_19_0_,
        organisaat0_.parent_id as parent_i8_19_0_,
        organisaat0_.suhdetyyppi as suhdetyy6_19_0_,
        organisaat1_.version as version2_5_1_,
        organisaat1_.alkupvm as alkupvm3_5_1_,
        organisaat1_.domainnimi as domainni4_5_1_,
        organisaat1_.kotipaikka as kotipaik5_5_1_,
        organisaat1_.kuvaus_mkt as kuvaus_28_5_1_,
        organisaat1_.lakkautuspvm as lakkautu6_5_1_,
        organisaat1_.maa as maa7_5_1_,
        organisaat1_.metadata_id as metadat29_5_1_,
        organisaat1_.nimi_mkt as nimi_mk30_5_1_,
        organisaat1_.nimihaku as nimihaku8_5_1_,
        organisaat1_.oid as oid9_5_1_,
        organisaat1_.opetuspisteenjarjnro as opetusp10_5_1_,
        organisaat1_.oppilaitoskoodi as oppilai11_5_1_,
        organisaat1_.oppilaitos_tyyppi as oppilai12_5_1_,
        organisaat1_.organisaatio_poistettu as organis13_5_1_,
        organisaat1_.paivittaja as paivitt14_5_1_,
        organisaat1_.paivityspvm as paivity15_5_1_,
        organisaat1_.parentidpath as parenti16_5_1_,
        organisaat1_.parentoidpath as parento17_5_1_,
        organisaat1_.piilotettu as piilote18_5_1_,
        organisaat1_.tarkastus_pvm as tarkast19_5_1_,
        organisaat1_.toimipistekoodi as toimipi20_5_1_,
        organisaat1_.tuontipvm as tuontip21_5_1_,
        organisaat1_.varhaiskasvatuksen_toimipaikka_tiedot_id as varhais31_5_1_,
        organisaat1_.virastotunnus as virasto22_5_1_,
        organisaat1_.yhteishaunkoulukoodi as yhteish23_5_1_,
        organisaat1_.yritysmuoto as yritysm24_5_1_,
        organisaat1_.ytj_kieli as ytj_kie25_5_1_,
        organisaat1_.ytjpaivityspvm as ytjpaiv26_5_1_,
        organisaat1_.ytunnus as ytunnus27_5_1_ 
    from
        organisaatiosuhde organisaat0_ 
    inner join
        organisaatio organisaat1_ 
            on organisaat0_.child_id=organisaat1_.id 
    where
        organisaat0_.parent_id=? 
        and organisaat0_.suhdetyyppi=? 
        and (
            organisaat0_.alkupvm=? 
            or organisaat0_.alkupvm<?
        ) 
        and (
            organisaat0_.loppupvm is null 
            or organisaat0_.loppupvm>?
        ) 
        and organisaat1_.organisaatio_poistettu=? 
    order by
        organisaat0_.alkupvm desc
2020-06-10 20:38:39.853 TRACE 56553 --- [    Test worker] o.h.type.descriptor.sql.BasicBinder      : binding parameter [1] as [BIGINT] - [14]
2020-06-10 20:38:39.853 TRACE 56553 --- [    Test worker] o.h.type.descriptor.sql.BasicBinder      : binding parameter [2] as [VARCHAR] - [HISTORIA]
2020-06-10 20:38:39.853 TRACE 56553 --- [    Test worker] o.h.type.descriptor.sql.BasicBinder      : binding parameter [3] as [DATE] - [Tue Jan 02 00:00:00 EET 2001]
2020-06-10 20:38:39.853 TRACE 56553 --- [    Test worker] o.h.type.descriptor.sql.BasicBinder      : binding parameter [4] as [DATE] - [Tue Jan 02 00:00:00 EET 2001]
2020-06-10 20:38:39.853 TRACE 56553 --- [    Test worker] o.h.type.descriptor.sql.BasicBinder      : binding parameter [5] as [DATE] - [Tue Jan 02 00:00:00 EET 2001]
2020-06-10 20:38:39.853 TRACE 56553 --- [    Test worker] o.h.type.descriptor.sql.BasicBinder      : binding parameter [6] as [BOOLEAN] - [false]
2020-06-10 20:38:39.854  INFO 56553 --- [    Test worker] .s.o.r.i.OrganisaatioSuhdeRepositoryImpl : findChildrenTo(15, Tue Jan 02 00:00:00 EET 2001)
Hibernate: 
    select
        organisaat0_.id as id1_19_0_,
        organisaat1_.id as id1_5_1_,
        organisaat0_.version as version2_19_0_,
        organisaat0_.alkupvm as alkupvm3_19_0_,
        organisaat0_.child_id as child_id7_19_0_,
        organisaat0_.loppupvm as loppupvm4_19_0_,
        organisaat0_.opetuspisteenjarjnro as opetuspi5_19_0_,
        organisaat0_.parent_id as parent_i8_19_0_,
        organisaat0_.suhdetyyppi as suhdetyy6_19_0_,
        organisaat1_.version as version2_5_1_,
        organisaat1_.alkupvm as alkupvm3_5_1_,
        organisaat1_.domainnimi as domainni4_5_1_,
        organisaat1_.kotipaikka as kotipaik5_5_1_,
        organisaat1_.kuvaus_mkt as kuvaus_28_5_1_,
        organisaat1_.lakkautuspvm as lakkautu6_5_1_,
        organisaat1_.maa as maa7_5_1_,
        organisaat1_.metadata_id as metadat29_5_1_,
        organisaat1_.nimi_mkt as nimi_mk30_5_1_,
        organisaat1_.nimihaku as nimihaku8_5_1_,
        organisaat1_.oid as oid9_5_1_,
        organisaat1_.opetuspisteenjarjnro as opetusp10_5_1_,
        organisaat1_.oppilaitoskoodi as oppilai11_5_1_,
        organisaat1_.oppilaitos_tyyppi as oppilai12_5_1_,
        organisaat1_.organisaatio_poistettu as organis13_5_1_,
        organisaat1_.paivittaja as paivitt14_5_1_,
        organisaat1_.paivityspvm as paivity15_5_1_,
        organisaat1_.parentidpath as parenti16_5_1_,
        organisaat1_.parentoidpath as parento17_5_1_,
        organisaat1_.piilotettu as piilote18_5_1_,
        organisaat1_.tarkastus_pvm as tarkast19_5_1_,
        organisaat1_.toimipistekoodi as toimipi20_5_1_,
        organisaat1_.tuontipvm as tuontip21_5_1_,
        organisaat1_.varhaiskasvatuksen_toimipaikka_tiedot_id as varhais31_5_1_,
        organisaat1_.virastotunnus as virasto22_5_1_,
        organisaat1_.yhteishaunkoulukoodi as yhteish23_5_1_,
        organisaat1_.yritysmuoto as yritysm24_5_1_,
        organisaat1_.ytj_kieli as ytj_kie25_5_1_,
        organisaat1_.ytjpaivityspvm as ytjpaiv26_5_1_,
        organisaat1_.ytunnus as ytunnus27_5_1_ 
    from
        organisaatiosuhde organisaat0_ 
    inner join
        organisaatio organisaat1_ 
            on organisaat0_.child_id=organisaat1_.id 
    where
        organisaat0_.parent_id=? 
        and organisaat0_.suhdetyyppi=? 
        and (
            organisaat0_.alkupvm=? 
            or organisaat0_.alkupvm<?
        ) 
        and (
            organisaat0_.loppupvm is null 
            or organisaat0_.loppupvm>?
        ) 
        and organisaat1_.organisaatio_poistettu=? 
    order by
        organisaat0_.alkupvm desc
2020-06-10 20:38:39.857 TRACE 56553 --- [    Test worker] o.h.type.descriptor.sql.BasicBinder      : binding parameter [1] as [BIGINT] - [15]
2020-06-10 20:38:39.857 TRACE 56553 --- [    Test worker] o.h.type.descriptor.sql.BasicBinder      : binding parameter [2] as [VARCHAR] - [HISTORIA]
2020-06-10 20:38:39.857 TRACE 56553 --- [    Test worker] o.h.type.descriptor.sql.BasicBinder      : binding parameter [3] as [DATE] - [Tue Jan 02 00:00:00 EET 2001]
2020-06-10 20:38:39.857 TRACE 56553 --- [    Test worker] o.h.type.descriptor.sql.BasicBinder      : binding parameter [4] as [DATE] - [Tue Jan 02 00:00:00 EET 2001]
2020-06-10 20:38:39.857 TRACE 56553 --- [    Test worker] o.h.type.descriptor.sql.BasicBinder      : binding parameter [5] as [DATE] - [Tue Jan 02 00:00:00 EET 2001]
2020-06-10 20:38:39.857 TRACE 56553 --- [    Test worker] o.h.type.descriptor.sql.BasicBinder      : binding parameter [6] as [BOOLEAN] - [false]
2020-06-10 20:38:39.858  INFO 56553 --- [    Test worker] .o.r.OrganisaatioSuhdeRepositoryImplTest : -------------------------------- createDate(3.1.2001)
2020-06-10 20:38:39.858  INFO 56553 --- [    Test worker] .s.o.r.i.OrganisaatioSuhdeRepositoryImpl : findChildrenTo(11, Wed Jan 03 00:00:00 EET 2001)
Hibernate: 
    select
        organisaat0_.id as id1_19_0_,
        organisaat1_.id as id1_5_1_,
        organisaat0_.version as version2_19_0_,
        organisaat0_.alkupvm as alkupvm3_19_0_,
        organisaat0_.child_id as child_id7_19_0_,
        organisaat0_.loppupvm as loppupvm4_19_0_,
        organisaat0_.opetuspisteenjarjnro as opetuspi5_19_0_,
        organisaat0_.parent_id as parent_i8_19_0_,
        organisaat0_.suhdetyyppi as suhdetyy6_19_0_,
        organisaat1_.version as version2_5_1_,
        organisaat1_.alkupvm as alkupvm3_5_1_,
        organisaat1_.domainnimi as domainni4_5_1_,
        organisaat1_.kotipaikka as kotipaik5_5_1_,
        organisaat1_.kuvaus_mkt as kuvaus_28_5_1_,
        organisaat1_.lakkautuspvm as lakkautu6_5_1_,
        organisaat1_.maa as maa7_5_1_,
        organisaat1_.metadata_id as metadat29_5_1_,
        organisaat1_.nimi_mkt as nimi_mk30_5_1_,
        organisaat1_.nimihaku as nimihaku8_5_1_,
        organisaat1_.oid as oid9_5_1_,
        organisaat1_.opetuspisteenjarjnro as opetusp10_5_1_,
        organisaat1_.oppilaitoskoodi as oppilai11_5_1_,
        organisaat1_.oppilaitos_tyyppi as oppilai12_5_1_,
        organisaat1_.organisaatio_poistettu as organis13_5_1_,
        organisaat1_.paivittaja as paivitt14_5_1_,
        organisaat1_.paivityspvm as paivity15_5_1_,
        organisaat1_.parentidpath as parenti16_5_1_,
        organisaat1_.parentoidpath as parento17_5_1_,
        organisaat1_.piilotettu as piilote18_5_1_,
        organisaat1_.tarkastus_pvm as tarkast19_5_1_,
        organisaat1_.toimipistekoodi as toimipi20_5_1_,
        organisaat1_.tuontipvm as tuontip21_5_1_,
        organisaat1_.varhaiskasvatuksen_toimipaikka_tiedot_id as varhais31_5_1_,
        organisaat1_.virastotunnus as virasto22_5_1_,
        organisaat1_.yhteishaunkoulukoodi as yhteish23_5_1_,
        organisaat1_.yritysmuoto as yritysm24_5_1_,
        organisaat1_.ytj_kieli as ytj_kie25_5_1_,
        organisaat1_.ytjpaivityspvm as ytjpaiv26_5_1_,
        organisaat1_.ytunnus as ytunnus27_5_1_ 
    from
        organisaatiosuhde organisaat0_ 
    inner join
        organisaatio organisaat1_ 
            on organisaat0_.child_id=organisaat1_.id 
    where
        organisaat0_.parent_id=? 
        and organisaat0_.suhdetyyppi=? 
        and (
            organisaat0_.alkupvm=? 
            or organisaat0_.alkupvm<?
        ) 
        and (
            organisaat0_.loppupvm is null 
            or organisaat0_.loppupvm>?
        ) 
        and organisaat1_.organisaatio_poistettu=? 
    order by
        organisaat0_.alkupvm desc
2020-06-10 20:38:39.861 TRACE 56553 --- [    Test worker] o.h.type.descriptor.sql.BasicBinder      : binding parameter [1] as [BIGINT] - [11]
2020-06-10 20:38:39.861 TRACE 56553 --- [    Test worker] o.h.type.descriptor.sql.BasicBinder      : binding parameter [2] as [VARCHAR] - [HISTORIA]
2020-06-10 20:38:39.861 TRACE 56553 --- [    Test worker] o.h.type.descriptor.sql.BasicBinder      : binding parameter [3] as [DATE] - [Wed Jan 03 00:00:00 EET 2001]
2020-06-10 20:38:39.861 TRACE 56553 --- [    Test worker] o.h.type.descriptor.sql.BasicBinder      : binding parameter [4] as [DATE] - [Wed Jan 03 00:00:00 EET 2001]
2020-06-10 20:38:39.861 TRACE 56553 --- [    Test worker] o.h.type.descriptor.sql.BasicBinder      : binding parameter [5] as [DATE] - [Wed Jan 03 00:00:00 EET 2001]
2020-06-10 20:38:39.861 TRACE 56553 --- [    Test worker] o.h.type.descriptor.sql.BasicBinder      : binding parameter [6] as [BOOLEAN] - [false]
2020-06-10 20:38:39.861 TRACE 56553 --- [    Test worker] o.h.type.descriptor.sql.BasicExtractor   : extracted value ([id1_19_0_] : [BIGINT]) - [7]
2020-06-10 20:38:39.861 TRACE 56553 --- [    Test worker] o.h.type.descriptor.sql.BasicExtractor   : extracted value ([id1_5_1_] : [BIGINT]) - [13]
2020-06-10 20:38:39.861 TRACE 56553 --- [    Test worker] o.h.type.descriptor.sql.BasicExtractor   : extracted value ([id1_19_0_] : [BIGINT]) - [6]
2020-06-10 20:38:39.861 TRACE 56553 --- [    Test worker] o.h.type.descriptor.sql.BasicExtractor   : extracted value ([id1_5_1_] : [BIGINT]) - [12]
2020-06-10 20:38:39.862  INFO 56553 --- [    Test worker] .s.o.r.i.OrganisaatioSuhdeRepositoryImpl : findParentTo(13, Wed Jan 03 00:00:00 EET 2001)
Hibernate: 
    select
        organisaat0_.id as id1_19_0_,
        organisaat1_.id as id1_5_1_,
        organisaat0_.version as version2_19_0_,
        organisaat0_.alkupvm as alkupvm3_19_0_,
        organisaat0_.child_id as child_id7_19_0_,
        organisaat0_.loppupvm as loppupvm4_19_0_,
        organisaat0_.opetuspisteenjarjnro as opetuspi5_19_0_,
        organisaat0_.parent_id as parent_i8_19_0_,
        organisaat0_.suhdetyyppi as suhdetyy6_19_0_,
        organisaat1_.version as version2_5_1_,
        organisaat1_.alkupvm as alkupvm3_5_1_,
        organisaat1_.domainnimi as domainni4_5_1_,
        organisaat1_.kotipaikka as kotipaik5_5_1_,
        organisaat1_.kuvaus_mkt as kuvaus_28_5_1_,
        organisaat1_.lakkautuspvm as lakkautu6_5_1_,
        organisaat1_.maa as maa7_5_1_,
        organisaat1_.metadata_id as metadat29_5_1_,
        organisaat1_.nimi_mkt as nimi_mk30_5_1_,
        organisaat1_.nimihaku as nimihaku8_5_1_,
        organisaat1_.oid as oid9_5_1_,
        organisaat1_.opetuspisteenjarjnro as opetusp10_5_1_,
        organisaat1_.oppilaitoskoodi as oppilai11_5_1_,
        organisaat1_.oppilaitos_tyyppi as oppilai12_5_1_,
        organisaat1_.organisaatio_poistettu as organis13_5_1_,
        organisaat1_.paivittaja as paivitt14_5_1_,
        organisaat1_.paivityspvm as paivity15_5_1_,
        organisaat1_.parentidpath as parenti16_5_1_,
        organisaat1_.parentoidpath as parento17_5_1_,
        organisaat1_.piilotettu as piilote18_5_1_,
        organisaat1_.tarkastus_pvm as tarkast19_5_1_,
        organisaat1_.toimipistekoodi as toimipi20_5_1_,
        organisaat1_.tuontipvm as tuontip21_5_1_,
        organisaat1_.varhaiskasvatuksen_toimipaikka_tiedot_id as varhais31_5_1_,
        organisaat1_.virastotunnus as virasto22_5_1_,
        organisaat1_.yhteishaunkoulukoodi as yhteish23_5_1_,
        organisaat1_.yritysmuoto as yritysm24_5_1_,
        organisaat1_.ytj_kieli as ytj_kie25_5_1_,
        organisaat1_.ytjpaivityspvm as ytjpaiv26_5_1_,
        organisaat1_.ytunnus as ytunnus27_5_1_ 
    from
        organisaatiosuhde organisaat0_ 
    inner join
        organisaatio organisaat1_ 
            on organisaat0_.parent_id=organisaat1_.id 
    where
        organisaat0_.child_id=? 
        and organisaat0_.suhdetyyppi=? 
        and (
            organisaat0_.alkupvm=? 
            or organisaat0_.alkupvm<?
        ) 
        and (
            organisaat0_.loppupvm is null 
            or organisaat0_.loppupvm>?
        ) 
        and organisaat1_.organisaatio_poistettu=? 
    order by
        organisaat0_.alkupvm desc
2020-06-10 20:38:39.864 TRACE 56553 --- [    Test worker] o.h.type.descriptor.sql.BasicBinder      : binding parameter [1] as [BIGINT] - [13]
2020-06-10 20:38:39.864 TRACE 56553 --- [    Test worker] o.h.type.descriptor.sql.BasicBinder      : binding parameter [2] as [VARCHAR] - [HISTORIA]
2020-06-10 20:38:39.864 TRACE 56553 --- [    Test worker] o.h.type.descriptor.sql.BasicBinder      : binding parameter [3] as [DATE] - [Wed Jan 03 00:00:00 EET 2001]
2020-06-10 20:38:39.864 TRACE 56553 --- [    Test worker] o.h.type.descriptor.sql.BasicBinder      : binding parameter [4] as [DATE] - [Wed Jan 03 00:00:00 EET 2001]
2020-06-10 20:38:39.864 TRACE 56553 --- [    Test worker] o.h.type.descriptor.sql.BasicBinder      : binding parameter [5] as [DATE] - [Wed Jan 03 00:00:00 EET 2001]
2020-06-10 20:38:39.864 TRACE 56553 --- [    Test worker] o.h.type.descriptor.sql.BasicBinder      : binding parameter [6] as [BOOLEAN] - [false]
2020-06-10 20:38:39.865 TRACE 56553 --- [    Test worker] o.h.type.descriptor.sql.BasicExtractor   : extracted value ([id1_19_0_] : [BIGINT]) - [7]
2020-06-10 20:38:39.865 TRACE 56553 --- [    Test worker] o.h.type.descriptor.sql.BasicExtractor   : extracted value ([id1_5_1_] : [BIGINT]) - [11]
2020-06-10 20:38:39.865 TRACE 56553 --- [    Test worker] o.h.type.descriptor.sql.BasicExtractor   : extracted value ([id1_19_0_] : [BIGINT]) - [3]
2020-06-10 20:38:39.865 TRACE 56553 --- [    Test worker] o.h.type.descriptor.sql.BasicExtractor   : extracted value ([id1_5_1_] : [BIGINT]) - [10]
2020-06-10 20:38:39.865  INFO 56553 --- [    Test worker] .s.o.r.i.OrganisaatioSuhdeRepositoryImpl : findParentTo(12, Wed Jan 03 00:00:00 EET 2001)
Hibernate: 
    select
        organisaat0_.id as id1_19_0_,
        organisaat1_.id as id1_5_1_,
        organisaat0_.version as version2_19_0_,
        organisaat0_.alkupvm as alkupvm3_19_0_,
        organisaat0_.child_id as child_id7_19_0_,
        organisaat0_.loppupvm as loppupvm4_19_0_,
        organisaat0_.opetuspisteenjarjnro as opetuspi5_19_0_,
        organisaat0_.parent_id as parent_i8_19_0_,
        organisaat0_.suhdetyyppi as suhdetyy6_19_0_,
        organisaat1_.version as version2_5_1_,
        organisaat1_.alkupvm as alkupvm3_5_1_,
        organisaat1_.domainnimi as domainni4_5_1_,
        organisaat1_.kotipaikka as kotipaik5_5_1_,
        organisaat1_.kuvaus_mkt as kuvaus_28_5_1_,
        organisaat1_.lakkautuspvm as lakkautu6_5_1_,
        organisaat1_.maa as maa7_5_1_,
        organisaat1_.metadata_id as metadat29_5_1_,
        organisaat1_.nimi_mkt as nimi_mk30_5_1_,
        organisaat1_.nimihaku as nimihaku8_5_1_,
        organisaat1_.oid as oid9_5_1_,
        organisaat1_.opetuspisteenjarjnro as opetusp10_5_1_,
        organisaat1_.oppilaitoskoodi as oppilai11_5_1_,
        organisaat1_.oppilaitos_tyyppi as oppilai12_5_1_,
        organisaat1_.organisaatio_poistettu as organis13_5_1_,
        organisaat1_.paivittaja as paivitt14_5_1_,
        organisaat1_.paivityspvm as paivity15_5_1_,
        organisaat1_.parentidpath as parenti16_5_1_,
        organisaat1_.parentoidpath as parento17_5_1_,
        organisaat1_.piilotettu as piilote18_5_1_,
        organisaat1_.tarkastus_pvm as tarkast19_5_1_,
        organisaat1_.toimipistekoodi as toimipi20_5_1_,
        organisaat1_.tuontipvm as tuontip21_5_1_,
        organisaat1_.varhaiskasvatuksen_toimipaikka_tiedot_id as varhais31_5_1_,
        organisaat1_.virastotunnus as virasto22_5_1_,
        organisaat1_.yhteishaunkoulukoodi as yhteish23_5_1_,
        organisaat1_.yritysmuoto as yritysm24_5_1_,
        organisaat1_.ytj_kieli as ytj_kie25_5_1_,
        organisaat1_.ytjpaivityspvm as ytjpaiv26_5_1_,
        organisaat1_.ytunnus as ytunnus27_5_1_ 
    from
        organisaatiosuhde organisaat0_ 
    inner join
        organisaatio organisaat1_ 
            on organisaat0_.parent_id=organisaat1_.id 
    where
        organisaat0_.child_id=? 
        and organisaat0_.suhdetyyppi=? 
        and (
            organisaat0_.alkupvm=? 
            or organisaat0_.alkupvm<?
        ) 
        and (
            organisaat0_.loppupvm is null 
            or organisaat0_.loppupvm>?
        ) 
        and organisaat1_.organisaatio_poistettu=? 
    order by
        organisaat0_.alkupvm desc
2020-06-10 20:38:39.867 TRACE 56553 --- [    Test worker] o.h.type.descriptor.sql.BasicBinder      : binding parameter [1] as [BIGINT] - [12]
2020-06-10 20:38:39.867 TRACE 56553 --- [    Test worker] o.h.type.descriptor.sql.BasicBinder      : binding parameter [2] as [VARCHAR] - [HISTORIA]
2020-06-10 20:38:39.867 TRACE 56553 --- [    Test worker] o.h.type.descriptor.sql.BasicBinder      : binding parameter [3] as [DATE] - [Wed Jan 03 00:00:00 EET 2001]
2020-06-10 20:38:39.867 TRACE 56553 --- [    Test worker] o.h.type.descriptor.sql.BasicBinder      : binding parameter [4] as [DATE] - [Wed Jan 03 00:00:00 EET 2001]
2020-06-10 20:38:39.867 TRACE 56553 --- [    Test worker] o.h.type.descriptor.sql.BasicBinder      : binding parameter [5] as [DATE] - [Wed Jan 03 00:00:00 EET 2001]
2020-06-10 20:38:39.867 TRACE 56553 --- [    Test worker] o.h.type.descriptor.sql.BasicBinder      : binding parameter [6] as [BOOLEAN] - [false]
2020-06-10 20:38:39.868 TRACE 56553 --- [    Test worker] o.h.type.descriptor.sql.BasicExtractor   : extracted value ([id1_19_0_] : [BIGINT]) - [6]
2020-06-10 20:38:39.868 TRACE 56553 --- [    Test worker] o.h.type.descriptor.sql.BasicExtractor   : extracted value ([id1_5_1_] : [BIGINT]) - [11]
2020-06-10 20:38:39.868 TRACE 56553 --- [    Test worker] o.h.type.descriptor.sql.BasicExtractor   : extracted value ([id1_19_0_] : [BIGINT]) - [2]
2020-06-10 20:38:39.868 TRACE 56553 --- [    Test worker] o.h.type.descriptor.sql.BasicExtractor   : extracted value ([id1_5_1_] : [BIGINT]) - [10]
2020-06-10 20:38:39.868  INFO 56553 --- [    Test worker] .s.o.r.i.OrganisaatioSuhdeRepositoryImpl : findParentTo(12, Wed Jan 03 00:00:00 EET 2001)
Hibernate: 
    select
        organisaat0_.id as id1_19_0_,
        organisaat1_.id as id1_5_1_,
        organisaat0_.version as version2_19_0_,
        organisaat0_.alkupvm as alkupvm3_19_0_,
        organisaat0_.child_id as child_id7_19_0_,
        organisaat0_.loppupvm as loppupvm4_19_0_,
        organisaat0_.opetuspisteenjarjnro as opetuspi5_19_0_,
        organisaat0_.parent_id as parent_i8_19_0_,
        organisaat0_.suhdetyyppi as suhdetyy6_19_0_,
        organisaat1_.version as version2_5_1_,
        organisaat1_.alkupvm as alkupvm3_5_1_,
        organisaat1_.domainnimi as domainni4_5_1_,
        organisaat1_.kotipaikka as kotipaik5_5_1_,
        organisaat1_.kuvaus_mkt as kuvaus_28_5_1_,
        organisaat1_.lakkautuspvm as lakkautu6_5_1_,
        organisaat1_.maa as maa7_5_1_,
        organisaat1_.metadata_id as metadat29_5_1_,
        organisaat1_.nimi_mkt as nimi_mk30_5_1_,
        organisaat1_.nimihaku as nimihaku8_5_1_,
        organisaat1_.oid as oid9_5_1_,
        organisaat1_.opetuspisteenjarjnro as opetusp10_5_1_,
        organisaat1_.oppilaitoskoodi as oppilai11_5_1_,
        organisaat1_.oppilaitos_tyyppi as oppilai12_5_1_,
        organisaat1_.organisaatio_poistettu as organis13_5_1_,
        organisaat1_.paivittaja as paivitt14_5_1_,
        organisaat1_.paivityspvm as paivity15_5_1_,
        organisaat1_.parentidpath as parenti16_5_1_,
        organisaat1_.parentoidpath as parento17_5_1_,
        organisaat1_.piilotettu as piilote18_5_1_,
        organisaat1_.tarkastus_pvm as tarkast19_5_1_,
        organisaat1_.toimipistekoodi as toimipi20_5_1_,
        organisaat1_.tuontipvm as tuontip21_5_1_,
        organisaat1_.varhaiskasvatuksen_toimipaikka_tiedot_id as varhais31_5_1_,
        organisaat1_.virastotunnus as virasto22_5_1_,
        organisaat1_.yhteishaunkoulukoodi as yhteish23_5_1_,
        organisaat1_.yritysmuoto as yritysm24_5_1_,
        organisaat1_.ytj_kieli as ytj_kie25_5_1_,
        organisaat1_.ytjpaivityspvm as ytjpaiv26_5_1_,
        organisaat1_.ytunnus as ytunnus27_5_1_ 
    from
        organisaatiosuhde organisaat0_ 
    inner join
        organisaatio organisaat1_ 
            on organisaat0_.parent_id=organisaat1_.id 
    where
        organisaat0_.child_id=? 
        and organisaat0_.suhdetyyppi=? 
        and (
            organisaat0_.alkupvm=? 
            or organisaat0_.alkupvm<?
        ) 
        and (
            organisaat0_.loppupvm is null 
            or organisaat0_.loppupvm>?
        ) 
        and organisaat1_.organisaatio_poistettu=? 
    order by
        organisaat0_.alkupvm desc
2020-06-10 20:38:39.870 TRACE 56553 --- [    Test worker] o.h.type.descriptor.sql.BasicBinder      : binding parameter [1] as [BIGINT] - [12]
2020-06-10 20:38:39.870 TRACE 56553 --- [    Test worker] o.h.type.descriptor.sql.BasicBinder      : binding parameter [2] as [VARCHAR] - [HISTORIA]
2020-06-10 20:38:39.870 TRACE 56553 --- [    Test worker] o.h.type.descriptor.sql.BasicBinder      : binding parameter [3] as [DATE] - [Wed Jan 03 00:00:00 EET 2001]
2020-06-10 20:38:39.870 TRACE 56553 --- [    Test worker] o.h.type.descriptor.sql.BasicBinder      : binding parameter [4] as [DATE] - [Wed Jan 03 00:00:00 EET 2001]
2020-06-10 20:38:39.870 TRACE 56553 --- [    Test worker] o.h.type.descriptor.sql.BasicBinder      : binding parameter [5] as [DATE] - [Wed Jan 03 00:00:00 EET 2001]
2020-06-10 20:38:39.870 TRACE 56553 --- [    Test worker] o.h.type.descriptor.sql.BasicBinder      : binding parameter [6] as [BOOLEAN] - [false]
2020-06-10 20:38:39.871 TRACE 56553 --- [    Test worker] o.h.type.descriptor.sql.BasicExtractor   : extracted value ([id1_19_0_] : [BIGINT]) - [6]
2020-06-10 20:38:39.871 TRACE 56553 --- [    Test worker] o.h.type.descriptor.sql.BasicExtractor   : extracted value ([id1_5_1_] : [BIGINT]) - [11]
2020-06-10 20:38:39.871 TRACE 56553 --- [    Test worker] o.h.type.descriptor.sql.BasicExtractor   : extracted value ([id1_19_0_] : [BIGINT]) - [2]
2020-06-10 20:38:39.871 TRACE 56553 --- [    Test worker] o.h.type.descriptor.sql.BasicExtractor   : extracted value ([id1_5_1_] : [BIGINT]) - [10]
2020-06-10 20:38:39.871  INFO 56553 --- [    Test worker] .s.o.r.i.OrganisaatioSuhdeRepositoryImpl : findParentTo(13, Wed Jan 03 00:00:00 EET 2001)
Hibernate: 
    select
        organisaat0_.id as id1_19_0_,
        organisaat1_.id as id1_5_1_,
        organisaat0_.version as version2_19_0_,
        organisaat0_.alkupvm as alkupvm3_19_0_,
        organisaat0_.child_id as child_id7_19_0_,
        organisaat0_.loppupvm as loppupvm4_19_0_,
        organisaat0_.opetuspisteenjarjnro as opetuspi5_19_0_,
        organisaat0_.parent_id as parent_i8_19_0_,
        organisaat0_.suhdetyyppi as suhdetyy6_19_0_,
        organisaat1_.version as version2_5_1_,
        organisaat1_.alkupvm as alkupvm3_5_1_,
        organisaat1_.domainnimi as domainni4_5_1_,
        organisaat1_.kotipaikka as kotipaik5_5_1_,
        organisaat1_.kuvaus_mkt as kuvaus_28_5_1_,
        organisaat1_.lakkautuspvm as lakkautu6_5_1_,
        organisaat1_.maa as maa7_5_1_,
        organisaat1_.metadata_id as metadat29_5_1_,
        organisaat1_.nimi_mkt as nimi_mk30_5_1_,
        organisaat1_.nimihaku as nimihaku8_5_1_,
        organisaat1_.oid as oid9_5_1_,
        organisaat1_.opetuspisteenjarjnro as opetusp10_5_1_,
        organisaat1_.oppilaitoskoodi as oppilai11_5_1_,
        organisaat1_.oppilaitos_tyyppi as oppilai12_5_1_,
        organisaat1_.organisaatio_poistettu as organis13_5_1_,
        organisaat1_.paivittaja as paivitt14_5_1_,
        organisaat1_.paivityspvm as paivity15_5_1_,
        organisaat1_.parentidpath as parenti16_5_1_,
        organisaat1_.parentoidpath as parento17_5_1_,
        organisaat1_.piilotettu as piilote18_5_1_,
        organisaat1_.tarkastus_pvm as tarkast19_5_1_,
        organisaat1_.toimipistekoodi as toimipi20_5_1_,
        organisaat1_.tuontipvm as tuontip21_5_1_,
        organisaat1_.varhaiskasvatuksen_toimipaikka_tiedot_id as varhais31_5_1_,
        organisaat1_.virastotunnus as virasto22_5_1_,
        organisaat1_.yhteishaunkoulukoodi as yhteish23_5_1_,
        organisaat1_.yritysmuoto as yritysm24_5_1_,
        organisaat1_.ytj_kieli as ytj_kie25_5_1_,
        organisaat1_.ytjpaivityspvm as ytjpaiv26_5_1_,
        organisaat1_.ytunnus as ytunnus27_5_1_ 
    from
        organisaatiosuhde organisaat0_ 
    inner join
        organisaatio organisaat1_ 
            on organisaat0_.parent_id=organisaat1_.id 
    where
        organisaat0_.child_id=? 
        and organisaat0_.suhdetyyppi=? 
        and (
            organisaat0_.alkupvm=? 
            or organisaat0_.alkupvm<?
        ) 
        and (
            organisaat0_.loppupvm is null 
            or organisaat0_.loppupvm>?
        ) 
        and organisaat1_.organisaatio_poistettu=? 
    order by
        organisaat0_.alkupvm desc
2020-06-10 20:38:39.873 TRACE 56553 --- [    Test worker] o.h.type.descriptor.sql.BasicBinder      : binding parameter [1] as [BIGINT] - [13]
2020-06-10 20:38:39.873 TRACE 56553 --- [    Test worker] o.h.type.descriptor.sql.BasicBinder      : binding parameter [2] as [VARCHAR] - [HISTORIA]
2020-06-10 20:38:39.873 TRACE 56553 --- [    Test worker] o.h.type.descriptor.sql.BasicBinder      : binding parameter [3] as [DATE] - [Wed Jan 03 00:00:00 EET 2001]
2020-06-10 20:38:39.873 TRACE 56553 --- [    Test worker] o.h.type.descriptor.sql.BasicBinder      : binding parameter [4] as [DATE] - [Wed Jan 03 00:00:00 EET 2001]
2020-06-10 20:38:39.874 TRACE 56553 --- [    Test worker] o.h.type.descriptor.sql.BasicBinder      : binding parameter [5] as [DATE] - [Wed Jan 03 00:00:00 EET 2001]
2020-06-10 20:38:39.874 TRACE 56553 --- [    Test worker] o.h.type.descriptor.sql.BasicBinder      : binding parameter [6] as [BOOLEAN] - [false]
2020-06-10 20:38:39.874 TRACE 56553 --- [    Test worker] o.h.type.descriptor.sql.BasicExtractor   : extracted value ([id1_19_0_] : [BIGINT]) - [7]
2020-06-10 20:38:39.874 TRACE 56553 --- [    Test worker] o.h.type.descriptor.sql.BasicExtractor   : extracted value ([id1_5_1_] : [BIGINT]) - [11]
2020-06-10 20:38:39.874 TRACE 56553 --- [    Test worker] o.h.type.descriptor.sql.BasicExtractor   : extracted value ([id1_19_0_] : [BIGINT]) - [3]
2020-06-10 20:38:39.874 TRACE 56553 --- [    Test worker] o.h.type.descriptor.sql.BasicExtractor   : extracted value ([id1_5_1_] : [BIGINT]) - [10]
2020-06-10 20:38:39.874  INFO 56553 --- [    Test worker] .s.o.r.i.OrganisaatioSuhdeRepositoryImpl : findChildrenTo(12, Wed Jan 03 00:00:00 EET 2001)
Hibernate: 
    select
        organisaat0_.id as id1_19_0_,
        organisaat1_.id as id1_5_1_,
        organisaat0_.version as version2_19_0_,
        organisaat0_.alkupvm as alkupvm3_19_0_,
        organisaat0_.child_id as child_id7_19_0_,
        organisaat0_.loppupvm as loppupvm4_19_0_,
        organisaat0_.opetuspisteenjarjnro as opetuspi5_19_0_,
        organisaat0_.parent_id as parent_i8_19_0_,
        organisaat0_.suhdetyyppi as suhdetyy6_19_0_,
        organisaat1_.version as version2_5_1_,
        organisaat1_.alkupvm as alkupvm3_5_1_,
        organisaat1_.domainnimi as domainni4_5_1_,
        organisaat1_.kotipaikka as kotipaik5_5_1_,
        organisaat1_.kuvaus_mkt as kuvaus_28_5_1_,
        organisaat1_.lakkautuspvm as lakkautu6_5_1_,
        organisaat1_.maa as maa7_5_1_,
        organisaat1_.metadata_id as metadat29_5_1_,
        organisaat1_.nimi_mkt as nimi_mk30_5_1_,
        organisaat1_.nimihaku as nimihaku8_5_1_,
        organisaat1_.oid as oid9_5_1_,
        organisaat1_.opetuspisteenjarjnro as opetusp10_5_1_,
        organisaat1_.oppilaitoskoodi as oppilai11_5_1_,
        organisaat1_.oppilaitos_tyyppi as oppilai12_5_1_,
        organisaat1_.organisaatio_poistettu as organis13_5_1_,
        organisaat1_.paivittaja as paivitt14_5_1_,
        organisaat1_.paivityspvm as paivity15_5_1_,
        organisaat1_.parentidpath as parenti16_5_1_,
        organisaat1_.parentoidpath as parento17_5_1_,
        organisaat1_.piilotettu as piilote18_5_1_,
        organisaat1_.tarkastus_pvm as tarkast19_5_1_,
        organisaat1_.toimipistekoodi as toimipi20_5_1_,
        organisaat1_.tuontipvm as tuontip21_5_1_,
        organisaat1_.varhaiskasvatuksen_toimipaikka_tiedot_id as varhais31_5_1_,
        organisaat1_.virastotunnus as virasto22_5_1_,
        organisaat1_.yhteishaunkoulukoodi as yhteish23_5_1_,
        organisaat1_.yritysmuoto as yritysm24_5_1_,
        organisaat1_.ytj_kieli as ytj_kie25_5_1_,
        organisaat1_.ytjpaivityspvm as ytjpaiv26_5_1_,
        organisaat1_.ytunnus as ytunnus27_5_1_ 
    from
        organisaatiosuhde organisaat0_ 
    inner join
        organisaatio organisaat1_ 
            on organisaat0_.child_id=organisaat1_.id 
    where
        organisaat0_.parent_id=? 
        and organisaat0_.suhdetyyppi=? 
        and (
            organisaat0_.alkupvm=? 
            or organisaat0_.alkupvm<?
        ) 
        and (
            organisaat0_.loppupvm is null 
            or organisaat0_.loppupvm>?
        ) 
        and organisaat1_.organisaatio_poistettu=? 
    order by
        organisaat0_.alkupvm desc
2020-06-10 20:38:39.877 TRACE 56553 --- [    Test worker] o.h.type.descriptor.sql.BasicBinder      : binding parameter [1] as [BIGINT] - [12]
2020-06-10 20:38:39.877 TRACE 56553 --- [    Test worker] o.h.type.descriptor.sql.BasicBinder      : binding parameter [2] as [VARCHAR] - [HISTORIA]
2020-06-10 20:38:39.877 TRACE 56553 --- [    Test worker] o.h.type.descriptor.sql.BasicBinder      : binding parameter [3] as [DATE] - [Wed Jan 03 00:00:00 EET 2001]
2020-06-10 20:38:39.877 TRACE 56553 --- [    Test worker] o.h.type.descriptor.sql.BasicBinder      : binding parameter [4] as [DATE] - [Wed Jan 03 00:00:00 EET 2001]
2020-06-10 20:38:39.877 TRACE 56553 --- [    Test worker] o.h.type.descriptor.sql.BasicBinder      : binding parameter [5] as [DATE] - [Wed Jan 03 00:00:00 EET 2001]
2020-06-10 20:38:39.877 TRACE 56553 --- [    Test worker] o.h.type.descriptor.sql.BasicBinder      : binding parameter [6] as [BOOLEAN] - [false]
2020-06-10 20:38:39.877  INFO 56553 --- [    Test worker] .s.o.r.i.OrganisaatioSuhdeRepositoryImpl : findChildrenTo(13, Wed Jan 03 00:00:00 EET 2001)
Hibernate: 
    select
        organisaat0_.id as id1_19_0_,
        organisaat1_.id as id1_5_1_,
        organisaat0_.version as version2_19_0_,
        organisaat0_.alkupvm as alkupvm3_19_0_,
        organisaat0_.child_id as child_id7_19_0_,
        organisaat0_.loppupvm as loppupvm4_19_0_,
        organisaat0_.opetuspisteenjarjnro as opetuspi5_19_0_,
        organisaat0_.parent_id as parent_i8_19_0_,
        organisaat0_.suhdetyyppi as suhdetyy6_19_0_,
        organisaat1_.version as version2_5_1_,
        organisaat1_.alkupvm as alkupvm3_5_1_,
        organisaat1_.domainnimi as domainni4_5_1_,
        organisaat1_.kotipaikka as kotipaik5_5_1_,
        organisaat1_.kuvaus_mkt as kuvaus_28_5_1_,
        organisaat1_.lakkautuspvm as lakkautu6_5_1_,
        organisaat1_.maa as maa7_5_1_,
        organisaat1_.metadata_id as metadat29_5_1_,
        organisaat1_.nimi_mkt as nimi_mk30_5_1_,
        organisaat1_.nimihaku as nimihaku8_5_1_,
        organisaat1_.oid as oid9_5_1_,
        organisaat1_.opetuspisteenjarjnro as opetusp10_5_1_,
        organisaat1_.oppilaitoskoodi as oppilai11_5_1_,
        organisaat1_.oppilaitos_tyyppi as oppilai12_5_1_,
        organisaat1_.organisaatio_poistettu as organis13_5_1_,
        organisaat1_.paivittaja as paivitt14_5_1_,
        organisaat1_.paivityspvm as paivity15_5_1_,
        organisaat1_.parentidpath as parenti16_5_1_,
        organisaat1_.parentoidpath as parento17_5_1_,
        organisaat1_.piilotettu as piilote18_5_1_,
        organisaat1_.tarkastus_pvm as tarkast19_5_1_,
        organisaat1_.toimipistekoodi as toimipi20_5_1_,
        organisaat1_.tuontipvm as tuontip21_5_1_,
        organisaat1_.varhaiskasvatuksen_toimipaikka_tiedot_id as varhais31_5_1_,
        organisaat1_.virastotunnus as virasto22_5_1_,
        organisaat1_.yhteishaunkoulukoodi as yhteish23_5_1_,
        organisaat1_.yritysmuoto as yritysm24_5_1_,
        organisaat1_.ytj_kieli as ytj_kie25_5_1_,
        organisaat1_.ytjpaivityspvm as ytjpaiv26_5_1_,
        organisaat1_.ytunnus as ytunnus27_5_1_ 
    from
        organisaatiosuhde organisaat0_ 
    inner join
        organisaatio organisaat1_ 
            on organisaat0_.child_id=organisaat1_.id 
    where
        organisaat0_.parent_id=? 
        and organisaat0_.suhdetyyppi=? 
        and (
            organisaat0_.alkupvm=? 
            or organisaat0_.alkupvm<?
        ) 
        and (
            organisaat0_.loppupvm is null 
            or organisaat0_.loppupvm>?
        ) 
        and organisaat1_.organisaatio_poistettu=? 
    order by
        organisaat0_.alkupvm desc
2020-06-10 20:38:39.880 TRACE 56553 --- [    Test worker] o.h.type.descriptor.sql.BasicBinder      : binding parameter [1] as [BIGINT] - [13]
2020-06-10 20:38:39.880 TRACE 56553 --- [    Test worker] o.h.type.descriptor.sql.BasicBinder      : binding parameter [2] as [VARCHAR] - [HISTORIA]
2020-06-10 20:38:39.880 TRACE 56553 --- [    Test worker] o.h.type.descriptor.sql.BasicBinder      : binding parameter [3] as [DATE] - [Wed Jan 03 00:00:00 EET 2001]
2020-06-10 20:38:39.880 TRACE 56553 --- [    Test worker] o.h.type.descriptor.sql.BasicBinder      : binding parameter [4] as [DATE] - [Wed Jan 03 00:00:00 EET 2001]
2020-06-10 20:38:39.880 TRACE 56553 --- [    Test worker] o.h.type.descriptor.sql.BasicBinder      : binding parameter [5] as [DATE] - [Wed Jan 03 00:00:00 EET 2001]
2020-06-10 20:38:39.880 TRACE 56553 --- [    Test worker] o.h.type.descriptor.sql.BasicBinder      : binding parameter [6] as [BOOLEAN] - [false]
2020-06-10 20:38:39.880  INFO 56553 --- [    Test worker] .s.o.r.i.OrganisaatioSuhdeRepositoryImpl : findChildrenTo(14, Wed Jan 03 00:00:00 EET 2001)
Hibernate: 
    select
        organisaat0_.id as id1_19_0_,
        organisaat1_.id as id1_5_1_,
        organisaat0_.version as version2_19_0_,
        organisaat0_.alkupvm as alkupvm3_19_0_,
        organisaat0_.child_id as child_id7_19_0_,
        organisaat0_.loppupvm as loppupvm4_19_0_,
        organisaat0_.opetuspisteenjarjnro as opetuspi5_19_0_,
        organisaat0_.parent_id as parent_i8_19_0_,
        organisaat0_.suhdetyyppi as suhdetyy6_19_0_,
        organisaat1_.version as version2_5_1_,
        organisaat1_.alkupvm as alkupvm3_5_1_,
        organisaat1_.domainnimi as domainni4_5_1_,
        organisaat1_.kotipaikka as kotipaik5_5_1_,
        organisaat1_.kuvaus_mkt as kuvaus_28_5_1_,
        organisaat1_.lakkautuspvm as lakkautu6_5_1_,
        organisaat1_.maa as maa7_5_1_,
        organisaat1_.metadata_id as metadat29_5_1_,
        organisaat1_.nimi_mkt as nimi_mk30_5_1_,
        organisaat1_.nimihaku as nimihaku8_5_1_,
        organisaat1_.oid as oid9_5_1_,
        organisaat1_.opetuspisteenjarjnro as opetusp10_5_1_,
        organisaat1_.oppilaitoskoodi as oppilai11_5_1_,
        organisaat1_.oppilaitos_tyyppi as oppilai12_5_1_,
        organisaat1_.organisaatio_poistettu as organis13_5_1_,
        organisaat1_.paivittaja as paivitt14_5_1_,
        organisaat1_.paivityspvm as paivity15_5_1_,
        organisaat1_.parentidpath as parenti16_5_1_,
        organisaat1_.parentoidpath as parento17_5_1_,
        organisaat1_.piilotettu as piilote18_5_1_,
        organisaat1_.tarkastus_pvm as tarkast19_5_1_,
        organisaat1_.toimipistekoodi as toimipi20_5_1_,
        organisaat1_.tuontipvm as tuontip21_5_1_,
        organisaat1_.varhaiskasvatuksen_toimipaikka_tiedot_id as varhais31_5_1_,
        organisaat1_.virastotunnus as virasto22_5_1_,
        organisaat1_.yhteishaunkoulukoodi as yhteish23_5_1_,
        organisaat1_.yritysmuoto as yritysm24_5_1_,
        organisaat1_.ytj_kieli as ytj_kie25_5_1_,
        organisaat1_.ytjpaivityspvm as ytjpaiv26_5_1_,
        organisaat1_.ytunnus as ytunnus27_5_1_ 
    from
        organisaatiosuhde organisaat0_ 
    inner join
        organisaatio organisaat1_ 
            on organisaat0_.child_id=organisaat1_.id 
    where
        organisaat0_.parent_id=? 
        and organisaat0_.suhdetyyppi=? 
        and (
            organisaat0_.alkupvm=? 
            or organisaat0_.alkupvm<?
        ) 
        and (
            organisaat0_.loppupvm is null 
            or organisaat0_.loppupvm>?
        ) 
        and organisaat1_.organisaatio_poistettu=? 
    order by
        organisaat0_.alkupvm desc
2020-06-10 20:38:39.882 TRACE 56553 --- [    Test worker] o.h.type.descriptor.sql.BasicBinder      : binding parameter [1] as [BIGINT] - [14]
2020-06-10 20:38:39.882 TRACE 56553 --- [    Test worker] o.h.type.descriptor.sql.BasicBinder      : binding parameter [2] as [VARCHAR] - [HISTORIA]
2020-06-10 20:38:39.882 TRACE 56553 --- [    Test worker] o.h.type.descriptor.sql.BasicBinder      : binding parameter [3] as [DATE] - [Wed Jan 03 00:00:00 EET 2001]
2020-06-10 20:38:39.882 TRACE 56553 --- [    Test worker] o.h.type.descriptor.sql.BasicBinder      : binding parameter [4] as [DATE] - [Wed Jan 03 00:00:00 EET 2001]
2020-06-10 20:38:39.882 TRACE 56553 --- [    Test worker] o.h.type.descriptor.sql.BasicBinder      : binding parameter [5] as [DATE] - [Wed Jan 03 00:00:00 EET 2001]
2020-06-10 20:38:39.882 TRACE 56553 --- [    Test worker] o.h.type.descriptor.sql.BasicBinder      : binding parameter [6] as [BOOLEAN] - [false]
2020-06-10 20:38:39.882 TRACE 56553 --- [    Test worker] o.h.type.descriptor.sql.BasicExtractor   : extracted value ([id1_19_0_] : [BIGINT]) - [8]
2020-06-10 20:38:39.882 TRACE 56553 --- [    Test worker] o.h.type.descriptor.sql.BasicExtractor   : extracted value ([id1_5_1_] : [BIGINT]) - [15]
2020-06-10 20:38:39.883  INFO 56553 --- [    Test worker] .s.o.r.i.OrganisaatioSuhdeRepositoryImpl : findParentTo(15, Wed Jan 03 00:00:00 EET 2001)
Hibernate: 
    select
        organisaat0_.id as id1_19_0_,
        organisaat1_.id as id1_5_1_,
        organisaat0_.version as version2_19_0_,
        organisaat0_.alkupvm as alkupvm3_19_0_,
        organisaat0_.child_id as child_id7_19_0_,
        organisaat0_.loppupvm as loppupvm4_19_0_,
        organisaat0_.opetuspisteenjarjnro as opetuspi5_19_0_,
        organisaat0_.parent_id as parent_i8_19_0_,
        organisaat0_.suhdetyyppi as suhdetyy6_19_0_,
        organisaat1_.version as version2_5_1_,
        organisaat1_.alkupvm as alkupvm3_5_1_,
        organisaat1_.domainnimi as domainni4_5_1_,
        organisaat1_.kotipaikka as kotipaik5_5_1_,
        organisaat1_.kuvaus_mkt as kuvaus_28_5_1_,
        organisaat1_.lakkautuspvm as lakkautu6_5_1_,
        organisaat1_.maa as maa7_5_1_,
        organisaat1_.metadata_id as metadat29_5_1_,
        organisaat1_.nimi_mkt as nimi_mk30_5_1_,
        organisaat1_.nimihaku as nimihaku8_5_1_,
        organisaat1_.oid as oid9_5_1_,
        organisaat1_.opetuspisteenjarjnro as opetusp10_5_1_,
        organisaat1_.oppilaitoskoodi as oppilai11_5_1_,
        organisaat1_.oppilaitos_tyyppi as oppilai12_5_1_,
        organisaat1_.organisaatio_poistettu as organis13_5_1_,
        organisaat1_.paivittaja as paivitt14_5_1_,
        organisaat1_.paivityspvm as paivity15_5_1_,
        organisaat1_.parentidpath as parenti16_5_1_,
        organisaat1_.parentoidpath as parento17_5_1_,
        organisaat1_.piilotettu as piilote18_5_1_,
        organisaat1_.tarkastus_pvm as tarkast19_5_1_,
        organisaat1_.toimipistekoodi as toimipi20_5_1_,
        organisaat1_.tuontipvm as tuontip21_5_1_,
        organisaat1_.varhaiskasvatuksen_toimipaikka_tiedot_id as varhais31_5_1_,
        organisaat1_.virastotunnus as virasto22_5_1_,
        organisaat1_.yhteishaunkoulukoodi as yhteish23_5_1_,
        organisaat1_.yritysmuoto as yritysm24_5_1_,
        organisaat1_.ytj_kieli as ytj_kie25_5_1_,
        organisaat1_.ytjpaivityspvm as ytjpaiv26_5_1_,
        organisaat1_.ytunnus as ytunnus27_5_1_ 
    from
        organisaatiosuhde organisaat0_ 
    inner join
        organisaatio organisaat1_ 
            on organisaat0_.parent_id=organisaat1_.id 
    where
        organisaat0_.child_id=? 
        and organisaat0_.suhdetyyppi=? 
        and (
            organisaat0_.alkupvm=? 
            or organisaat0_.alkupvm<?
        ) 
        and (
            organisaat0_.loppupvm is null 
            or organisaat0_.loppupvm>?
        ) 
        and organisaat1_.organisaatio_poistettu=? 
    order by
        organisaat0_.alkupvm desc
2020-06-10 20:38:39.884 TRACE 56553 --- [    Test worker] o.h.type.descriptor.sql.BasicBinder      : binding parameter [1] as [BIGINT] - [15]
2020-06-10 20:38:39.884 TRACE 56553 --- [    Test worker] o.h.type.descriptor.sql.BasicBinder      : binding parameter [2] as [VARCHAR] - [HISTORIA]
2020-06-10 20:38:39.884 TRACE 56553 --- [    Test worker] o.h.type.descriptor.sql.BasicBinder      : binding parameter [3] as [DATE] - [Wed Jan 03 00:00:00 EET 2001]
2020-06-10 20:38:39.884 TRACE 56553 --- [    Test worker] o.h.type.descriptor.sql.BasicBinder      : binding parameter [4] as [DATE] - [Wed Jan 03 00:00:00 EET 2001]
2020-06-10 20:38:39.884 TRACE 56553 --- [    Test worker] o.h.type.descriptor.sql.BasicBinder      : binding parameter [5] as [DATE] - [Wed Jan 03 00:00:00 EET 2001]
2020-06-10 20:38:39.884 TRACE 56553 --- [    Test worker] o.h.type.descriptor.sql.BasicBinder      : binding parameter [6] as [BOOLEAN] - [false]
2020-06-10 20:38:39.885 TRACE 56553 --- [    Test worker] o.h.type.descriptor.sql.BasicExtractor   : extracted value ([id1_19_0_] : [BIGINT]) - [8]
2020-06-10 20:38:39.885 TRACE 56553 --- [    Test worker] o.h.type.descriptor.sql.BasicExtractor   : extracted value ([id1_5_1_] : [BIGINT]) - [14]
2020-06-10 20:38:39.885 TRACE 56553 --- [    Test worker] o.h.type.descriptor.sql.BasicExtractor   : extracted value ([id1_19_0_] : [BIGINT]) - [5]
2020-06-10 20:38:39.885 TRACE 56553 --- [    Test worker] o.h.type.descriptor.sql.BasicExtractor   : extracted value ([id1_5_1_] : [BIGINT]) - [10]
2020-06-10 20:38:39.885  INFO 56553 --- [    Test worker] .s.o.r.i.OrganisaatioSuhdeRepositoryImpl : findParentTo(15, Wed Jan 03 00:00:00 EET 2001)
Hibernate: 
    select
        organisaat0_.id as id1_19_0_,
        organisaat1_.id as id1_5_1_,
        organisaat0_.version as version2_19_0_,
        organisaat0_.alkupvm as alkupvm3_19_0_,
        organisaat0_.child_id as child_id7_19_0_,
        organisaat0_.loppupvm as loppupvm4_19_0_,
        organisaat0_.opetuspisteenjarjnro as opetuspi5_19_0_,
        organisaat0_.parent_id as parent_i8_19_0_,
        organisaat0_.suhdetyyppi as suhdetyy6_19_0_,
        organisaat1_.version as version2_5_1_,
        organisaat1_.alkupvm as alkupvm3_5_1_,
        organisaat1_.domainnimi as domainni4_5_1_,
        organisaat1_.kotipaikka as kotipaik5_5_1_,
        organisaat1_.kuvaus_mkt as kuvaus_28_5_1_,
        organisaat1_.lakkautuspvm as lakkautu6_5_1_,
        organisaat1_.maa as maa7_5_1_,
        organisaat1_.metadata_id as metadat29_5_1_,
        organisaat1_.nimi_mkt as nimi_mk30_5_1_,
        organisaat1_.nimihaku as nimihaku8_5_1_,
        organisaat1_.oid as oid9_5_1_,
        organisaat1_.opetuspisteenjarjnro as opetusp10_5_1_,
        organisaat1_.oppilaitoskoodi as oppilai11_5_1_,
        organisaat1_.oppilaitos_tyyppi as oppilai12_5_1_,
        organisaat1_.organisaatio_poistettu as organis13_5_1_,
        organisaat1_.paivittaja as paivitt14_5_1_,
        organisaat1_.paivityspvm as paivity15_5_1_,
        organisaat1_.parentidpath as parenti16_5_1_,
        organisaat1_.parentoidpath as parento17_5_1_,
        organisaat1_.piilotettu as piilote18_5_1_,
        organisaat1_.tarkastus_pvm as tarkast19_5_1_,
        organisaat1_.toimipistekoodi as toimipi20_5_1_,
        organisaat1_.tuontipvm as tuontip21_5_1_,
        organisaat1_.varhaiskasvatuksen_toimipaikka_tiedot_id as varhais31_5_1_,
        organisaat1_.virastotunnus as virasto22_5_1_,
        organisaat1_.yhteishaunkoulukoodi as yhteish23_5_1_,
        organisaat1_.yritysmuoto as yritysm24_5_1_,
        organisaat1_.ytj_kieli as ytj_kie25_5_1_,
        organisaat1_.ytjpaivityspvm as ytjpaiv26_5_1_,
        organisaat1_.ytunnus as ytunnus27_5_1_ 
    from
        organisaatiosuhde organisaat0_ 
    inner join
        organisaatio organisaat1_ 
            on organisaat0_.parent_id=organisaat1_.id 
    where
        organisaat0_.child_id=? 
        and organisaat0_.suhdetyyppi=? 
        and (
            organisaat0_.alkupvm=? 
            or organisaat0_.alkupvm<?
        ) 
        and (
            organisaat0_.loppupvm is null 
            or organisaat0_.loppupvm>?
        ) 
        and organisaat1_.organisaatio_poistettu=? 
    order by
        organisaat0_.alkupvm desc
2020-06-10 20:38:39.887 TRACE 56553 --- [    Test worker] o.h.type.descriptor.sql.BasicBinder      : binding parameter [1] as [BIGINT] - [15]
2020-06-10 20:38:39.887 TRACE 56553 --- [    Test worker] o.h.type.descriptor.sql.BasicBinder      : binding parameter [2] as [VARCHAR] - [HISTORIA]
2020-06-10 20:38:39.887 TRACE 56553 --- [    Test worker] o.h.type.descriptor.sql.BasicBinder      : binding parameter [3] as [DATE] - [Wed Jan 03 00:00:00 EET 2001]
2020-06-10 20:38:39.887 TRACE 56553 --- [    Test worker] o.h.type.descriptor.sql.BasicBinder      : binding parameter [4] as [DATE] - [Wed Jan 03 00:00:00 EET 2001]
2020-06-10 20:38:39.887 TRACE 56553 --- [    Test worker] o.h.type.descriptor.sql.BasicBinder      : binding parameter [5] as [DATE] - [Wed Jan 03 00:00:00 EET 2001]
2020-06-10 20:38:39.887 TRACE 56553 --- [    Test worker] o.h.type.descriptor.sql.BasicBinder      : binding parameter [6] as [BOOLEAN] - [false]
2020-06-10 20:38:39.887 TRACE 56553 --- [    Test worker] o.h.type.descriptor.sql.BasicExtractor   : extracted value ([id1_19_0_] : [BIGINT]) - [8]
2020-06-10 20:38:39.888 TRACE 56553 --- [    Test worker] o.h.type.descriptor.sql.BasicExtractor   : extracted value ([id1_5_1_] : [BIGINT]) - [14]
2020-06-10 20:38:39.888 TRACE 56553 --- [    Test worker] o.h.type.descriptor.sql.BasicExtractor   : extracted value ([id1_19_0_] : [BIGINT]) - [5]
2020-06-10 20:38:39.888 TRACE 56553 --- [    Test worker] o.h.type.descriptor.sql.BasicExtractor   : extracted value ([id1_5_1_] : [BIGINT]) - [10]
2020-06-10 20:38:39.888  INFO 56553 --- [    Test worker] .s.o.r.i.OrganisaatioSuhdeRepositoryImpl : findChildrenTo(15, Wed Jan 03 00:00:00 EET 2001)
Hibernate: 
    select
        organisaat0_.id as id1_19_0_,
        organisaat1_.id as id1_5_1_,
        organisaat0_.version as version2_19_0_,
        organisaat0_.alkupvm as alkupvm3_19_0_,
        organisaat0_.child_id as child_id7_19_0_,
        organisaat0_.loppupvm as loppupvm4_19_0_,
        organisaat0_.opetuspisteenjarjnro as opetuspi5_19_0_,
        organisaat0_.parent_id as parent_i8_19_0_,
        organisaat0_.suhdetyyppi as suhdetyy6_19_0_,
        organisaat1_.version as version2_5_1_,
        organisaat1_.alkupvm as alkupvm3_5_1_,
        organisaat1_.domainnimi as domainni4_5_1_,
        organisaat1_.kotipaikka as kotipaik5_5_1_,
        organisaat1_.kuvaus_mkt as kuvaus_28_5_1_,
        organisaat1_.lakkautuspvm as lakkautu6_5_1_,
        organisaat1_.maa as maa7_5_1_,
        organisaat1_.metadata_id as metadat29_5_1_,
        organisaat1_.nimi_mkt as nimi_mk30_5_1_,
        organisaat1_.nimihaku as nimihaku8_5_1_,
        organisaat1_.oid as oid9_5_1_,
        organisaat1_.opetuspisteenjarjnro as opetusp10_5_1_,
        organisaat1_.oppilaitoskoodi as oppilai11_5_1_,
        organisaat1_.oppilaitos_tyyppi as oppilai12_5_1_,
        organisaat1_.organisaatio_poistettu as organis13_5_1_,
        organisaat1_.paivittaja as paivitt14_5_1_,
        organisaat1_.paivityspvm as paivity15_5_1_,
        organisaat1_.parentidpath as parenti16_5_1_,
        organisaat1_.parentoidpath as parento17_5_1_,
        organisaat1_.piilotettu as piilote18_5_1_,
        organisaat1_.tarkastus_pvm as tarkast19_5_1_,
        organisaat1_.toimipistekoodi as toimipi20_5_1_,
        organisaat1_.tuontipvm as tuontip21_5_1_,
        organisaat1_.varhaiskasvatuksen_toimipaikka_tiedot_id as varhais31_5_1_,
        organisaat1_.virastotunnus as virasto22_5_1_,
        organisaat1_.yhteishaunkoulukoodi as yhteish23_5_1_,
        organisaat1_.yritysmuoto as yritysm24_5_1_,
        organisaat1_.ytj_kieli as ytj_kie25_5_1_,
        organisaat1_.ytjpaivityspvm as ytjpaiv26_5_1_,
        organisaat1_.ytunnus as ytunnus27_5_1_ 
    from
        organisaatiosuhde organisaat0_ 
    inner join
        organisaatio organisaat1_ 
            on organisaat0_.child_id=organisaat1_.id 
    where
        organisaat0_.parent_id=? 
        and organisaat0_.suhdetyyppi=? 
        and (
            organisaat0_.alkupvm=? 
            or organisaat0_.alkupvm<?
        ) 
        and (
            organisaat0_.loppupvm is null 
            or organisaat0_.loppupvm>?
        ) 
        and organisaat1_.organisaatio_poistettu=? 
    order by
        organisaat0_.alkupvm desc
2020-06-10 20:38:39.890 TRACE 56553 --- [    Test worker] o.h.type.descriptor.sql.BasicBinder      : binding parameter [1] as [BIGINT] - [15]
2020-06-10 20:38:39.890 TRACE 56553 --- [    Test worker] o.h.type.descriptor.sql.BasicBinder      : binding parameter [2] as [VARCHAR] - [HISTORIA]
2020-06-10 20:38:39.890 TRACE 56553 --- [    Test worker] o.h.type.descriptor.sql.BasicBinder      : binding parameter [3] as [DATE] - [Wed Jan 03 00:00:00 EET 2001]
2020-06-10 20:38:39.890 TRACE 56553 --- [    Test worker] o.h.type.descriptor.sql.BasicBinder      : binding parameter [4] as [DATE] - [Wed Jan 03 00:00:00 EET 2001]
2020-06-10 20:38:39.890 TRACE 56553 --- [    Test worker] o.h.type.descriptor.sql.BasicBinder      : binding parameter [5] as [DATE] - [Wed Jan 03 00:00:00 EET 2001]
2020-06-10 20:38:39.890 TRACE 56553 --- [    Test worker] o.h.type.descriptor.sql.BasicBinder      : binding parameter [6] as [BOOLEAN] - [false]
2020-06-10 20:38:39.890  INFO 56553 --- [    Test worker] .o.r.OrganisaatioSuhdeRepositoryImplTest : -------------------------------- createDate(4.1.2001)
2020-06-10 20:38:39.890  INFO 56553 --- [    Test worker] .s.o.r.i.OrganisaatioSuhdeRepositoryImpl : findChildrenTo(11, Thu Jan 04 00:00:00 EET 2001)
Hibernate: 
    select
        organisaat0_.id as id1_19_0_,
        organisaat1_.id as id1_5_1_,
        organisaat0_.version as version2_19_0_,
        organisaat0_.alkupvm as alkupvm3_19_0_,
        organisaat0_.child_id as child_id7_19_0_,
        organisaat0_.loppupvm as loppupvm4_19_0_,
        organisaat0_.opetuspisteenjarjnro as opetuspi5_19_0_,
        organisaat0_.parent_id as parent_i8_19_0_,
        organisaat0_.suhdetyyppi as suhdetyy6_19_0_,
        organisaat1_.version as version2_5_1_,
        organisaat1_.alkupvm as alkupvm3_5_1_,
        organisaat1_.domainnimi as domainni4_5_1_,
        organisaat1_.kotipaikka as kotipaik5_5_1_,
        organisaat1_.kuvaus_mkt as kuvaus_28_5_1_,
        organisaat1_.lakkautuspvm as lakkautu6_5_1_,
        organisaat1_.maa as maa7_5_1_,
        organisaat1_.metadata_id as metadat29_5_1_,
        organisaat1_.nimi_mkt as nimi_mk30_5_1_,
        organisaat1_.nimihaku as nimihaku8_5_1_,
        organisaat1_.oid as oid9_5_1_,
        organisaat1_.opetuspisteenjarjnro as opetusp10_5_1_,
        organisaat1_.oppilaitoskoodi as oppilai11_5_1_,
        organisaat1_.oppilaitos_tyyppi as oppilai12_5_1_,
        organisaat1_.organisaatio_poistettu as organis13_5_1_,
        organisaat1_.paivittaja as paivitt14_5_1_,
        organisaat1_.paivityspvm as paivity15_5_1_,
        organisaat1_.parentidpath as parenti16_5_1_,
        organisaat1_.parentoidpath as parento17_5_1_,
        organisaat1_.piilotettu as piilote18_5_1_,
        organisaat1_.tarkastus_pvm as tarkast19_5_1_,
        organisaat1_.toimipistekoodi as toimipi20_5_1_,
        organisaat1_.tuontipvm as tuontip21_5_1_,
        organisaat1_.varhaiskasvatuksen_toimipaikka_tiedot_id as varhais31_5_1_,
        organisaat1_.virastotunnus as virasto22_5_1_,
        organisaat1_.yhteishaunkoulukoodi as yhteish23_5_1_,
        organisaat1_.yritysmuoto as yritysm24_5_1_,
        organisaat1_.ytj_kieli as ytj_kie25_5_1_,
        organisaat1_.ytjpaivityspvm as ytjpaiv26_5_1_,
        organisaat1_.ytunnus as ytunnus27_5_1_ 
    from
        organisaatiosuhde organisaat0_ 
    inner join
        organisaatio organisaat1_ 
            on organisaat0_.child_id=organisaat1_.id 
    where
        organisaat0_.parent_id=? 
        and organisaat0_.suhdetyyppi=? 
        and (
            organisaat0_.alkupvm=? 
            or organisaat0_.alkupvm<?
        ) 
        and (
            organisaat0_.loppupvm is null 
            or organisaat0_.loppupvm>?
        ) 
        and organisaat1_.organisaatio_poistettu=? 
    order by
        organisaat0_.alkupvm desc
2020-06-10 20:38:39.892 TRACE 56553 --- [    Test worker] o.h.type.descriptor.sql.BasicBinder      : binding parameter [1] as [BIGINT] - [11]
2020-06-10 20:38:39.892 TRACE 56553 --- [    Test worker] o.h.type.descriptor.sql.BasicBinder      : binding parameter [2] as [VARCHAR] - [HISTORIA]
2020-06-10 20:38:39.892 TRACE 56553 --- [    Test worker] o.h.type.descriptor.sql.BasicBinder      : binding parameter [3] as [DATE] - [Thu Jan 04 00:00:00 EET 2001]
2020-06-10 20:38:39.892 TRACE 56553 --- [    Test worker] o.h.type.descriptor.sql.BasicBinder      : binding parameter [4] as [DATE] - [Thu Jan 04 00:00:00 EET 2001]
2020-06-10 20:38:39.892 TRACE 56553 --- [    Test worker] o.h.type.descriptor.sql.BasicBinder      : binding parameter [5] as [DATE] - [Thu Jan 04 00:00:00 EET 2001]
2020-06-10 20:38:39.892 TRACE 56553 --- [    Test worker] o.h.type.descriptor.sql.BasicBinder      : binding parameter [6] as [BOOLEAN] - [false]
2020-06-10 20:38:39.893 TRACE 56553 --- [    Test worker] o.h.type.descriptor.sql.BasicExtractor   : extracted value ([id1_19_0_] : [BIGINT]) - [7]
2020-06-10 20:38:39.893 TRACE 56553 --- [    Test worker] o.h.type.descriptor.sql.BasicExtractor   : extracted value ([id1_5_1_] : [BIGINT]) - [13]
2020-06-10 20:38:39.893 TRACE 56553 --- [    Test worker] o.h.type.descriptor.sql.BasicExtractor   : extracted value ([id1_19_0_] : [BIGINT]) - [6]
2020-06-10 20:38:39.893 TRACE 56553 --- [    Test worker] o.h.type.descriptor.sql.BasicExtractor   : extracted value ([id1_5_1_] : [BIGINT]) - [12]
2020-06-10 20:38:39.893  INFO 56553 --- [    Test worker] .s.o.r.i.OrganisaatioSuhdeRepositoryImpl : findParentTo(13, Thu Jan 04 00:00:00 EET 2001)
Hibernate: 
    select
        organisaat0_.id as id1_19_0_,
        organisaat1_.id as id1_5_1_,
        organisaat0_.version as version2_19_0_,
        organisaat0_.alkupvm as alkupvm3_19_0_,
        organisaat0_.child_id as child_id7_19_0_,
        organisaat0_.loppupvm as loppupvm4_19_0_,
        organisaat0_.opetuspisteenjarjnro as opetuspi5_19_0_,
        organisaat0_.parent_id as parent_i8_19_0_,
        organisaat0_.suhdetyyppi as suhdetyy6_19_0_,
        organisaat1_.version as version2_5_1_,
        organisaat1_.alkupvm as alkupvm3_5_1_,
        organisaat1_.domainnimi as domainni4_5_1_,
        organisaat1_.kotipaikka as kotipaik5_5_1_,
        organisaat1_.kuvaus_mkt as kuvaus_28_5_1_,
        organisaat1_.lakkautuspvm as lakkautu6_5_1_,
        organisaat1_.maa as maa7_5_1_,
        organisaat1_.metadata_id as metadat29_5_1_,
        organisaat1_.nimi_mkt as nimi_mk30_5_1_,
        organisaat1_.nimihaku as nimihaku8_5_1_,
        organisaat1_.oid as oid9_5_1_,
        organisaat1_.opetuspisteenjarjnro as opetusp10_5_1_,
        organisaat1_.oppilaitoskoodi as oppilai11_5_1_,
        organisaat1_.oppilaitos_tyyppi as oppilai12_5_1_,
        organisaat1_.organisaatio_poistettu as organis13_5_1_,
        organisaat1_.paivittaja as paivitt14_5_1_,
        organisaat1_.paivityspvm as paivity15_5_1_,
        organisaat1_.parentidpath as parenti16_5_1_,
        organisaat1_.parentoidpath as parento17_5_1_,
        organisaat1_.piilotettu as piilote18_5_1_,
        organisaat1_.tarkastus_pvm as tarkast19_5_1_,
        organisaat1_.toimipistekoodi as toimipi20_5_1_,
        organisaat1_.tuontipvm as tuontip21_5_1_,
        organisaat1_.varhaiskasvatuksen_toimipaikka_tiedot_id as varhais31_5_1_,
        organisaat1_.virastotunnus as virasto22_5_1_,
        organisaat1_.yhteishaunkoulukoodi as yhteish23_5_1_,
        organisaat1_.yritysmuoto as yritysm24_5_1_,
        organisaat1_.ytj_kieli as ytj_kie25_5_1_,
        organisaat1_.ytjpaivityspvm as ytjpaiv26_5_1_,
        organisaat1_.ytunnus as ytunnus27_5_1_ 
    from
        organisaatiosuhde organisaat0_ 
    inner join
        organisaatio organisaat1_ 
            on organisaat0_.parent_id=organisaat1_.id 
    where
        organisaat0_.child_id=? 
        and organisaat0_.suhdetyyppi=? 
        and (
            organisaat0_.alkupvm=? 
            or organisaat0_.alkupvm<?
        ) 
        and (
            organisaat0_.loppupvm is null 
            or organisaat0_.loppupvm>?
        ) 
        and organisaat1_.organisaatio_poistettu=? 
    order by
        organisaat0_.alkupvm desc
2020-06-10 20:38:39.895 TRACE 56553 --- [    Test worker] o.h.type.descriptor.sql.BasicBinder      : binding parameter [1] as [BIGINT] - [13]
2020-06-10 20:38:39.895 TRACE 56553 --- [    Test worker] o.h.type.descriptor.sql.BasicBinder      : binding parameter [2] as [VARCHAR] - [HISTORIA]
2020-06-10 20:38:39.895 TRACE 56553 --- [    Test worker] o.h.type.descriptor.sql.BasicBinder      : binding parameter [3] as [DATE] - [Thu Jan 04 00:00:00 EET 2001]
2020-06-10 20:38:39.895 TRACE 56553 --- [    Test worker] o.h.type.descriptor.sql.BasicBinder      : binding parameter [4] as [DATE] - [Thu Jan 04 00:00:00 EET 2001]
2020-06-10 20:38:39.895 TRACE 56553 --- [    Test worker] o.h.type.descriptor.sql.BasicBinder      : binding parameter [5] as [DATE] - [Thu Jan 04 00:00:00 EET 2001]
2020-06-10 20:38:39.896 TRACE 56553 --- [    Test worker] o.h.type.descriptor.sql.BasicBinder      : binding parameter [6] as [BOOLEAN] - [false]
2020-06-10 20:38:39.896 TRACE 56553 --- [    Test worker] o.h.type.descriptor.sql.BasicExtractor   : extracted value ([id1_19_0_] : [BIGINT]) - [7]
2020-06-10 20:38:39.896 TRACE 56553 --- [    Test worker] o.h.type.descriptor.sql.BasicExtractor   : extracted value ([id1_5_1_] : [BIGINT]) - [11]
2020-06-10 20:38:39.896 TRACE 56553 --- [    Test worker] o.h.type.descriptor.sql.BasicExtractor   : extracted value ([id1_19_0_] : [BIGINT]) - [3]
2020-06-10 20:38:39.896 TRACE 56553 --- [    Test worker] o.h.type.descriptor.sql.BasicExtractor   : extracted value ([id1_5_1_] : [BIGINT]) - [10]
2020-06-10 20:38:39.896  INFO 56553 --- [    Test worker] .s.o.r.i.OrganisaatioSuhdeRepositoryImpl : findParentTo(12, Thu Jan 04 00:00:00 EET 2001)
Hibernate: 
    select
        organisaat0_.id as id1_19_0_,
        organisaat1_.id as id1_5_1_,
        organisaat0_.version as version2_19_0_,
        organisaat0_.alkupvm as alkupvm3_19_0_,
        organisaat0_.child_id as child_id7_19_0_,
        organisaat0_.loppupvm as loppupvm4_19_0_,
        organisaat0_.opetuspisteenjarjnro as opetuspi5_19_0_,
        organisaat0_.parent_id as parent_i8_19_0_,
        organisaat0_.suhdetyyppi as suhdetyy6_19_0_,
        organisaat1_.version as version2_5_1_,
        organisaat1_.alkupvm as alkupvm3_5_1_,
        organisaat1_.domainnimi as domainni4_5_1_,
        organisaat1_.kotipaikka as kotipaik5_5_1_,
        organisaat1_.kuvaus_mkt as kuvaus_28_5_1_,
        organisaat1_.lakkautuspvm as lakkautu6_5_1_,
        organisaat1_.maa as maa7_5_1_,
        organisaat1_.metadata_id as metadat29_5_1_,
        organisaat1_.nimi_mkt as nimi_mk30_5_1_,
        organisaat1_.nimihaku as nimihaku8_5_1_,
        organisaat1_.oid as oid9_5_1_,
        organisaat1_.opetuspisteenjarjnro as opetusp10_5_1_,
        organisaat1_.oppilaitoskoodi as oppilai11_5_1_,
        organisaat1_.oppilaitos_tyyppi as oppilai12_5_1_,
        organisaat1_.organisaatio_poistettu as organis13_5_1_,
        organisaat1_.paivittaja as paivitt14_5_1_,
        organisaat1_.paivityspvm as paivity15_5_1_,
        organisaat1_.parentidpath as parenti16_5_1_,
        organisaat1_.parentoidpath as parento17_5_1_,
        organisaat1_.piilotettu as piilote18_5_1_,
        organisaat1_.tarkastus_pvm as tarkast19_5_1_,
        organisaat1_.toimipistekoodi as toimipi20_5_1_,
        organisaat1_.tuontipvm as tuontip21_5_1_,
        organisaat1_.varhaiskasvatuksen_toimipaikka_tiedot_id as varhais31_5_1_,
        organisaat1_.virastotunnus as virasto22_5_1_,
        organisaat1_.yhteishaunkoulukoodi as yhteish23_5_1_,
        organisaat1_.yritysmuoto as yritysm24_5_1_,
        organisaat1_.ytj_kieli as ytj_kie25_5_1_,
        organisaat1_.ytjpaivityspvm as ytjpaiv26_5_1_,
        organisaat1_.ytunnus as ytunnus27_5_1_ 
    from
        organisaatiosuhde organisaat0_ 
    inner join
        organisaatio organisaat1_ 
            on organisaat0_.parent_id=organisaat1_.id 
    where
        organisaat0_.child_id=? 
        and organisaat0_.suhdetyyppi=? 
        and (
            organisaat0_.alkupvm=? 
            or organisaat0_.alkupvm<?
        ) 
        and (
            organisaat0_.loppupvm is null 
            or organisaat0_.loppupvm>?
        ) 
        and organisaat1_.organisaatio_poistettu=? 
    order by
        organisaat0_.alkupvm desc
2020-06-10 20:38:39.898 TRACE 56553 --- [    Test worker] o.h.type.descriptor.sql.BasicBinder      : binding parameter [1] as [BIGINT] - [12]
2020-06-10 20:38:39.898 TRACE 56553 --- [    Test worker] o.h.type.descriptor.sql.BasicBinder      : binding parameter [2] as [VARCHAR] - [HISTORIA]
2020-06-10 20:38:39.898 TRACE 56553 --- [    Test worker] o.h.type.descriptor.sql.BasicBinder      : binding parameter [3] as [DATE] - [Thu Jan 04 00:00:00 EET 2001]
2020-06-10 20:38:39.898 TRACE 56553 --- [    Test worker] o.h.type.descriptor.sql.BasicBinder      : binding parameter [4] as [DATE] - [Thu Jan 04 00:00:00 EET 2001]
2020-06-10 20:38:39.898 TRACE 56553 --- [    Test worker] o.h.type.descriptor.sql.BasicBinder      : binding parameter [5] as [DATE] - [Thu Jan 04 00:00:00 EET 2001]
2020-06-10 20:38:39.898 TRACE 56553 --- [    Test worker] o.h.type.descriptor.sql.BasicBinder      : binding parameter [6] as [BOOLEAN] - [false]
2020-06-10 20:38:39.898 TRACE 56553 --- [    Test worker] o.h.type.descriptor.sql.BasicExtractor   : extracted value ([id1_19_0_] : [BIGINT]) - [6]
2020-06-10 20:38:39.898 TRACE 56553 --- [    Test worker] o.h.type.descriptor.sql.BasicExtractor   : extracted value ([id1_5_1_] : [BIGINT]) - [11]
2020-06-10 20:38:39.898 TRACE 56553 --- [    Test worker] o.h.type.descriptor.sql.BasicExtractor   : extracted value ([id1_19_0_] : [BIGINT]) - [2]
2020-06-10 20:38:39.899 TRACE 56553 --- [    Test worker] o.h.type.descriptor.sql.BasicExtractor   : extracted value ([id1_5_1_] : [BIGINT]) - [10]
2020-06-10 20:38:39.899  INFO 56553 --- [    Test worker] .s.o.r.i.OrganisaatioSuhdeRepositoryImpl : findParentTo(12, Thu Jan 04 00:00:00 EET 2001)
Hibernate: 
    select
        organisaat0_.id as id1_19_0_,
        organisaat1_.id as id1_5_1_,
        organisaat0_.version as version2_19_0_,
        organisaat0_.alkupvm as alkupvm3_19_0_,
        organisaat0_.child_id as child_id7_19_0_,
        organisaat0_.loppupvm as loppupvm4_19_0_,
        organisaat0_.opetuspisteenjarjnro as opetuspi5_19_0_,
        organisaat0_.parent_id as parent_i8_19_0_,
        organisaat0_.suhdetyyppi as suhdetyy6_19_0_,
        organisaat1_.version as version2_5_1_,
        organisaat1_.alkupvm as alkupvm3_5_1_,
        organisaat1_.domainnimi as domainni4_5_1_,
        organisaat1_.kotipaikka as kotipaik5_5_1_,
        organisaat1_.kuvaus_mkt as kuvaus_28_5_1_,
        organisaat1_.lakkautuspvm as lakkautu6_5_1_,
        organisaat1_.maa as maa7_5_1_,
        organisaat1_.metadata_id as metadat29_5_1_,
        organisaat1_.nimi_mkt as nimi_mk30_5_1_,
        organisaat1_.nimihaku as nimihaku8_5_1_,
        organisaat1_.oid as oid9_5_1_,
        organisaat1_.opetuspisteenjarjnro as opetusp10_5_1_,
        organisaat1_.oppilaitoskoodi as oppilai11_5_1_,
        organisaat1_.oppilaitos_tyyppi as oppilai12_5_1_,
        organisaat1_.organisaatio_poistettu as organis13_5_1_,
        organisaat1_.paivittaja as paivitt14_5_1_,
        organisaat1_.paivityspvm as paivity15_5_1_,
        organisaat1_.parentidpath as parenti16_5_1_,
        organisaat1_.parentoidpath as parento17_5_1_,
        organisaat1_.piilotettu as piilote18_5_1_,
        organisaat1_.tarkastus_pvm as tarkast19_5_1_,
        organisaat1_.toimipistekoodi as toimipi20_5_1_,
        organisaat1_.tuontipvm as tuontip21_5_1_,
        organisaat1_.varhaiskasvatuksen_toimipaikka_tiedot_id as varhais31_5_1_,
        organisaat1_.virastotunnus as virasto22_5_1_,
        organisaat1_.yhteishaunkoulukoodi as yhteish23_5_1_,
        organisaat1_.yritysmuoto as yritysm24_5_1_,
        organisaat1_.ytj_kieli as ytj_kie25_5_1_,
        organisaat1_.ytjpaivityspvm as ytjpaiv26_5_1_,
        organisaat1_.ytunnus as ytunnus27_5_1_ 
    from
        organisaatiosuhde organisaat0_ 
    inner join
        organisaatio organisaat1_ 
            on organisaat0_.parent_id=organisaat1_.id 
    where
        organisaat0_.child_id=? 
        and organisaat0_.suhdetyyppi=? 
        and (
            organisaat0_.alkupvm=? 
            or organisaat0_.alkupvm<?
        ) 
        and (
            organisaat0_.loppupvm is null 
            or organisaat0_.loppupvm>?
        ) 
        and organisaat1_.organisaatio_poistettu=? 
    order by
        organisaat0_.alkupvm desc
2020-06-10 20:38:39.900 TRACE 56553 --- [    Test worker] o.h.type.descriptor.sql.BasicBinder      : binding parameter [1] as [BIGINT] - [12]
2020-06-10 20:38:39.901 TRACE 56553 --- [    Test worker] o.h.type.descriptor.sql.BasicBinder      : binding parameter [2] as [VARCHAR] - [HISTORIA]
2020-06-10 20:38:39.901 TRACE 56553 --- [    Test worker] o.h.type.descriptor.sql.BasicBinder      : binding parameter [3] as [DATE] - [Thu Jan 04 00:00:00 EET 2001]
2020-06-10 20:38:39.901 TRACE 56553 --- [    Test worker] o.h.type.descriptor.sql.BasicBinder      : binding parameter [4] as [DATE] - [Thu Jan 04 00:00:00 EET 2001]
2020-06-10 20:38:39.901 TRACE 56553 --- [    Test worker] o.h.type.descriptor.sql.BasicBinder      : binding parameter [5] as [DATE] - [Thu Jan 04 00:00:00 EET 2001]
2020-06-10 20:38:39.901 TRACE 56553 --- [    Test worker] o.h.type.descriptor.sql.BasicBinder      : binding parameter [6] as [BOOLEAN] - [false]
2020-06-10 20:38:39.901 TRACE 56553 --- [    Test worker] o.h.type.descriptor.sql.BasicExtractor   : extracted value ([id1_19_0_] : [BIGINT]) - [6]
2020-06-10 20:38:39.901 TRACE 56553 --- [    Test worker] o.h.type.descriptor.sql.BasicExtractor   : extracted value ([id1_5_1_] : [BIGINT]) - [11]
2020-06-10 20:38:39.901 TRACE 56553 --- [    Test worker] o.h.type.descriptor.sql.BasicExtractor   : extracted value ([id1_19_0_] : [BIGINT]) - [2]
2020-06-10 20:38:39.901 TRACE 56553 --- [    Test worker] o.h.type.descriptor.sql.BasicExtractor   : extracted value ([id1_5_1_] : [BIGINT]) - [10]
2020-06-10 20:38:39.901  INFO 56553 --- [    Test worker] .s.o.r.i.OrganisaatioSuhdeRepositoryImpl : findParentTo(13, Thu Jan 04 00:00:00 EET 2001)
Hibernate: 
    select
        organisaat0_.id as id1_19_0_,
        organisaat1_.id as id1_5_1_,
        organisaat0_.version as version2_19_0_,
        organisaat0_.alkupvm as alkupvm3_19_0_,
        organisaat0_.child_id as child_id7_19_0_,
        organisaat0_.loppupvm as loppupvm4_19_0_,
        organisaat0_.opetuspisteenjarjnro as opetuspi5_19_0_,
        organisaat0_.parent_id as parent_i8_19_0_,
        organisaat0_.suhdetyyppi as suhdetyy6_19_0_,
        organisaat1_.version as version2_5_1_,
        organisaat1_.alkupvm as alkupvm3_5_1_,
        organisaat1_.domainnimi as domainni4_5_1_,
        organisaat1_.kotipaikka as kotipaik5_5_1_,
        organisaat1_.kuvaus_mkt as kuvaus_28_5_1_,
        organisaat1_.lakkautuspvm as lakkautu6_5_1_,
        organisaat1_.maa as maa7_5_1_,
        organisaat1_.metadata_id as metadat29_5_1_,
        organisaat1_.nimi_mkt as nimi_mk30_5_1_,
        organisaat1_.nimihaku as nimihaku8_5_1_,
        organisaat1_.oid as oid9_5_1_,
        organisaat1_.opetuspisteenjarjnro as opetusp10_5_1_,
        organisaat1_.oppilaitoskoodi as oppilai11_5_1_,
        organisaat1_.oppilaitos_tyyppi as oppilai12_5_1_,
        organisaat1_.organisaatio_poistettu as organis13_5_1_,
        organisaat1_.paivittaja as paivitt14_5_1_,
        organisaat1_.paivityspvm as paivity15_5_1_,
        organisaat1_.parentidpath as parenti16_5_1_,
        organisaat1_.parentoidpath as parento17_5_1_,
        organisaat1_.piilotettu as piilote18_5_1_,
        organisaat1_.tarkastus_pvm as tarkast19_5_1_,
        organisaat1_.toimipistekoodi as toimipi20_5_1_,
        organisaat1_.tuontipvm as tuontip21_5_1_,
        organisaat1_.varhaiskasvatuksen_toimipaikka_tiedot_id as varhais31_5_1_,
        organisaat1_.virastotunnus as virasto22_5_1_,
        organisaat1_.yhteishaunkoulukoodi as yhteish23_5_1_,
        organisaat1_.yritysmuoto as yritysm24_5_1_,
        organisaat1_.ytj_kieli as ytj_kie25_5_1_,
        organisaat1_.ytjpaivityspvm as ytjpaiv26_5_1_,
        organisaat1_.ytunnus as ytunnus27_5_1_ 
    from
        organisaatiosuhde organisaat0_ 
    inner join
        organisaatio organisaat1_ 
            on organisaat0_.parent_id=organisaat1_.id 
    where
        organisaat0_.child_id=? 
        and organisaat0_.suhdetyyppi=? 
        and (
            organisaat0_.alkupvm=? 
            or organisaat0_.alkupvm<?
        ) 
        and (
            organisaat0_.loppupvm is null 
            or organisaat0_.loppupvm>?
        ) 
        and organisaat1_.organisaatio_poistettu=? 
    order by
        organisaat0_.alkupvm desc
2020-06-10 20:38:39.903 TRACE 56553 --- [    Test worker] o.h.type.descriptor.sql.BasicBinder      : binding parameter [1] as [BIGINT] - [13]
2020-06-10 20:38:39.903 TRACE 56553 --- [    Test worker] o.h.type.descriptor.sql.BasicBinder      : binding parameter [2] as [VARCHAR] - [HISTORIA]
2020-06-10 20:38:39.903 TRACE 56553 --- [    Test worker] o.h.type.descriptor.sql.BasicBinder      : binding parameter [3] as [DATE] - [Thu Jan 04 00:00:00 EET 2001]
2020-06-10 20:38:39.903 TRACE 56553 --- [    Test worker] o.h.type.descriptor.sql.BasicBinder      : binding parameter [4] as [DATE] - [Thu Jan 04 00:00:00 EET 2001]
2020-06-10 20:38:39.903 TRACE 56553 --- [    Test worker] o.h.type.descriptor.sql.BasicBinder      : binding parameter [5] as [DATE] - [Thu Jan 04 00:00:00 EET 2001]
2020-06-10 20:38:39.904 TRACE 56553 --- [    Test worker] o.h.type.descriptor.sql.BasicBinder      : binding parameter [6] as [BOOLEAN] - [false]
2020-06-10 20:38:39.904 TRACE 56553 --- [    Test worker] o.h.type.descriptor.sql.BasicExtractor   : extracted value ([id1_19_0_] : [BIGINT]) - [7]
2020-06-10 20:38:39.904 TRACE 56553 --- [    Test worker] o.h.type.descriptor.sql.BasicExtractor   : extracted value ([id1_5_1_] : [BIGINT]) - [11]
2020-06-10 20:38:39.904 TRACE 56553 --- [    Test worker] o.h.type.descriptor.sql.BasicExtractor   : extracted value ([id1_19_0_] : [BIGINT]) - [3]
2020-06-10 20:38:39.904 TRACE 56553 --- [    Test worker] o.h.type.descriptor.sql.BasicExtractor   : extracted value ([id1_5_1_] : [BIGINT]) - [10]
2020-06-10 20:38:39.904  INFO 56553 --- [    Test worker] .s.o.r.i.OrganisaatioSuhdeRepositoryImpl : findChildrenTo(12, Thu Jan 04 00:00:00 EET 2001)
Hibernate: 
    select
        organisaat0_.id as id1_19_0_,
        organisaat1_.id as id1_5_1_,
        organisaat0_.version as version2_19_0_,
        organisaat0_.alkupvm as alkupvm3_19_0_,
        organisaat0_.child_id as child_id7_19_0_,
        organisaat0_.loppupvm as loppupvm4_19_0_,
        organisaat0_.opetuspisteenjarjnro as opetuspi5_19_0_,
        organisaat0_.parent_id as parent_i8_19_0_,
        organisaat0_.suhdetyyppi as suhdetyy6_19_0_,
        organisaat1_.version as version2_5_1_,
        organisaat1_.alkupvm as alkupvm3_5_1_,
        organisaat1_.domainnimi as domainni4_5_1_,
        organisaat1_.kotipaikka as kotipaik5_5_1_,
        organisaat1_.kuvaus_mkt as kuvaus_28_5_1_,
        organisaat1_.lakkautuspvm as lakkautu6_5_1_,
        organisaat1_.maa as maa7_5_1_,
        organisaat1_.metadata_id as metadat29_5_1_,
        organisaat1_.nimi_mkt as nimi_mk30_5_1_,
        organisaat1_.nimihaku as nimihaku8_5_1_,
        organisaat1_.oid as oid9_5_1_,
        organisaat1_.opetuspisteenjarjnro as opetusp10_5_1_,
        organisaat1_.oppilaitoskoodi as oppilai11_5_1_,
        organisaat1_.oppilaitos_tyyppi as oppilai12_5_1_,
        organisaat1_.organisaatio_poistettu as organis13_5_1_,
        organisaat1_.paivittaja as paivitt14_5_1_,
        organisaat1_.paivityspvm as paivity15_5_1_,
        organisaat1_.parentidpath as parenti16_5_1_,
        organisaat1_.parentoidpath as parento17_5_1_,
        organisaat1_.piilotettu as piilote18_5_1_,
        organisaat1_.tarkastus_pvm as tarkast19_5_1_,
        organisaat1_.toimipistekoodi as toimipi20_5_1_,
        organisaat1_.tuontipvm as tuontip21_5_1_,
        organisaat1_.varhaiskasvatuksen_toimipaikka_tiedot_id as varhais31_5_1_,
        organisaat1_.virastotunnus as virasto22_5_1_,
        organisaat1_.yhteishaunkoulukoodi as yhteish23_5_1_,
        organisaat1_.yritysmuoto as yritysm24_5_1_,
        organisaat1_.ytj_kieli as ytj_kie25_5_1_,
        organisaat1_.ytjpaivityspvm as ytjpaiv26_5_1_,
        organisaat1_.ytunnus as ytunnus27_5_1_ 
    from
        organisaatiosuhde organisaat0_ 
    inner join
        organisaatio organisaat1_ 
            on organisaat0_.child_id=organisaat1_.id 
    where
        organisaat0_.parent_id=? 
        and organisaat0_.suhdetyyppi=? 
        and (
            organisaat0_.alkupvm=? 
            or organisaat0_.alkupvm<?
        ) 
        and (
            organisaat0_.loppupvm is null 
            or organisaat0_.loppupvm>?
        ) 
        and organisaat1_.organisaatio_poistettu=? 
    order by
        organisaat0_.alkupvm desc
2020-06-10 20:38:39.906 TRACE 56553 --- [    Test worker] o.h.type.descriptor.sql.BasicBinder      : binding parameter [1] as [BIGINT] - [12]
2020-06-10 20:38:39.906 TRACE 56553 --- [    Test worker] o.h.type.descriptor.sql.BasicBinder      : binding parameter [2] as [VARCHAR] - [HISTORIA]
2020-06-10 20:38:39.906 TRACE 56553 --- [    Test worker] o.h.type.descriptor.sql.BasicBinder      : binding parameter [3] as [DATE] - [Thu Jan 04 00:00:00 EET 2001]
2020-06-10 20:38:39.906 TRACE 56553 --- [    Test worker] o.h.type.descriptor.sql.BasicBinder      : binding parameter [4] as [DATE] - [Thu Jan 04 00:00:00 EET 2001]
2020-06-10 20:38:39.906 TRACE 56553 --- [    Test worker] o.h.type.descriptor.sql.BasicBinder      : binding parameter [5] as [DATE] - [Thu Jan 04 00:00:00 EET 2001]
2020-06-10 20:38:39.906 TRACE 56553 --- [    Test worker] o.h.type.descriptor.sql.BasicBinder      : binding parameter [6] as [BOOLEAN] - [false]
2020-06-10 20:38:39.907  INFO 56553 --- [    Test worker] .s.o.r.i.OrganisaatioSuhdeRepositoryImpl : findChildrenTo(13, Thu Jan 04 00:00:00 EET 2001)
Hibernate: 
    select
        organisaat0_.id as id1_19_0_,
        organisaat1_.id as id1_5_1_,
        organisaat0_.version as version2_19_0_,
        organisaat0_.alkupvm as alkupvm3_19_0_,
        organisaat0_.child_id as child_id7_19_0_,
        organisaat0_.loppupvm as loppupvm4_19_0_,
        organisaat0_.opetuspisteenjarjnro as opetuspi5_19_0_,
        organisaat0_.parent_id as parent_i8_19_0_,
        organisaat0_.suhdetyyppi as suhdetyy6_19_0_,
        organisaat1_.version as version2_5_1_,
        organisaat1_.alkupvm as alkupvm3_5_1_,
        organisaat1_.domainnimi as domainni4_5_1_,
        organisaat1_.kotipaikka as kotipaik5_5_1_,
        organisaat1_.kuvaus_mkt as kuvaus_28_5_1_,
        organisaat1_.lakkautuspvm as lakkautu6_5_1_,
        organisaat1_.maa as maa7_5_1_,
        organisaat1_.metadata_id as metadat29_5_1_,
        organisaat1_.nimi_mkt as nimi_mk30_5_1_,
        organisaat1_.nimihaku as nimihaku8_5_1_,
        organisaat1_.oid as oid9_5_1_,
        organisaat1_.opetuspisteenjarjnro as opetusp10_5_1_,
        organisaat1_.oppilaitoskoodi as oppilai11_5_1_,
        organisaat1_.oppilaitos_tyyppi as oppilai12_5_1_,
        organisaat1_.organisaatio_poistettu as organis13_5_1_,
        organisaat1_.paivittaja as paivitt14_5_1_,
        organisaat1_.paivityspvm as paivity15_5_1_,
        organisaat1_.parentidpath as parenti16_5_1_,
        organisaat1_.parentoidpath as parento17_5_1_,
        organisaat1_.piilotettu as piilote18_5_1_,
        organisaat1_.tarkastus_pvm as tarkast19_5_1_,
        organisaat1_.toimipistekoodi as toimipi20_5_1_,
        organisaat1_.tuontipvm as tuontip21_5_1_,
        organisaat1_.varhaiskasvatuksen_toimipaikka_tiedot_id as varhais31_5_1_,
        organisaat1_.virastotunnus as virasto22_5_1_,
        organisaat1_.yhteishaunkoulukoodi as yhteish23_5_1_,
        organisaat1_.yritysmuoto as yritysm24_5_1_,
        organisaat1_.ytj_kieli as ytj_kie25_5_1_,
        organisaat1_.ytjpaivityspvm as ytjpaiv26_5_1_,
        organisaat1_.ytunnus as ytunnus27_5_1_ 
    from
        organisaatiosuhde organisaat0_ 
    inner join
        organisaatio organisaat1_ 
            on organisaat0_.child_id=organisaat1_.id 
    where
        organisaat0_.parent_id=? 
        and organisaat0_.suhdetyyppi=? 
        and (
            organisaat0_.alkupvm=? 
            or organisaat0_.alkupvm<?
        ) 
        and (
            organisaat0_.loppupvm is null 
            or organisaat0_.loppupvm>?
        ) 
        and organisaat1_.organisaatio_poistettu=? 
    order by
        organisaat0_.alkupvm desc
2020-06-10 20:38:39.908 TRACE 56553 --- [    Test worker] o.h.type.descriptor.sql.BasicBinder      : binding parameter [1] as [BIGINT] - [13]
2020-06-10 20:38:39.909 TRACE 56553 --- [    Test worker] o.h.type.descriptor.sql.BasicBinder      : binding parameter [2] as [VARCHAR] - [HISTORIA]
2020-06-10 20:38:39.909 TRACE 56553 --- [    Test worker] o.h.type.descriptor.sql.BasicBinder      : binding parameter [3] as [DATE] - [Thu Jan 04 00:00:00 EET 2001]
2020-06-10 20:38:39.909 TRACE 56553 --- [    Test worker] o.h.type.descriptor.sql.BasicBinder      : binding parameter [4] as [DATE] - [Thu Jan 04 00:00:00 EET 2001]
2020-06-10 20:38:39.909 TRACE 56553 --- [    Test worker] o.h.type.descriptor.sql.BasicBinder      : binding parameter [5] as [DATE] - [Thu Jan 04 00:00:00 EET 2001]
2020-06-10 20:38:39.909 TRACE 56553 --- [    Test worker] o.h.type.descriptor.sql.BasicBinder      : binding parameter [6] as [BOOLEAN] - [false]
2020-06-10 20:38:39.909  INFO 56553 --- [    Test worker] .s.o.r.i.OrganisaatioSuhdeRepositoryImpl : findChildrenTo(14, Thu Jan 04 00:00:00 EET 2001)
Hibernate: 
    select
        organisaat0_.id as id1_19_0_,
        organisaat1_.id as id1_5_1_,
        organisaat0_.version as version2_19_0_,
        organisaat0_.alkupvm as alkupvm3_19_0_,
        organisaat0_.child_id as child_id7_19_0_,
        organisaat0_.loppupvm as loppupvm4_19_0_,
        organisaat0_.opetuspisteenjarjnro as opetuspi5_19_0_,
        organisaat0_.parent_id as parent_i8_19_0_,
        organisaat0_.suhdetyyppi as suhdetyy6_19_0_,
        organisaat1_.version as version2_5_1_,
        organisaat1_.alkupvm as alkupvm3_5_1_,
        organisaat1_.domainnimi as domainni4_5_1_,
        organisaat1_.kotipaikka as kotipaik5_5_1_,
        organisaat1_.kuvaus_mkt as kuvaus_28_5_1_,
        organisaat1_.lakkautuspvm as lakkautu6_5_1_,
        organisaat1_.maa as maa7_5_1_,
        organisaat1_.metadata_id as metadat29_5_1_,
        organisaat1_.nimi_mkt as nimi_mk30_5_1_,
        organisaat1_.nimihaku as nimihaku8_5_1_,
        organisaat1_.oid as oid9_5_1_,
        organisaat1_.opetuspisteenjarjnro as opetusp10_5_1_,
        organisaat1_.oppilaitoskoodi as oppilai11_5_1_,
        organisaat1_.oppilaitos_tyyppi as oppilai12_5_1_,
        organisaat1_.organisaatio_poistettu as organis13_5_1_,
        organisaat1_.paivittaja as paivitt14_5_1_,
        organisaat1_.paivityspvm as paivity15_5_1_,
        organisaat1_.parentidpath as parenti16_5_1_,
        organisaat1_.parentoidpath as parento17_5_1_,
        organisaat1_.piilotettu as piilote18_5_1_,
        organisaat1_.tarkastus_pvm as tarkast19_5_1_,
        organisaat1_.toimipistekoodi as toimipi20_5_1_,
        organisaat1_.tuontipvm as tuontip21_5_1_,
        organisaat1_.varhaiskasvatuksen_toimipaikka_tiedot_id as varhais31_5_1_,
        organisaat1_.virastotunnus as virasto22_5_1_,
        organisaat1_.yhteishaunkoulukoodi as yhteish23_5_1_,
        organisaat1_.yritysmuoto as yritysm24_5_1_,
        organisaat1_.ytj_kieli as ytj_kie25_5_1_,
        organisaat1_.ytjpaivityspvm as ytjpaiv26_5_1_,
        organisaat1_.ytunnus as ytunnus27_5_1_ 
    from
        organisaatiosuhde organisaat0_ 
    inner join
        organisaatio organisaat1_ 
            on organisaat0_.child_id=organisaat1_.id 
    where
        organisaat0_.parent_id=? 
        and organisaat0_.suhdetyyppi=? 
        and (
            organisaat0_.alkupvm=? 
            or organisaat0_.alkupvm<?
        ) 
        and (
            organisaat0_.loppupvm is null 
            or organisaat0_.loppupvm>?
        ) 
        and organisaat1_.organisaatio_poistettu=? 
    order by
        organisaat0_.alkupvm desc
2020-06-10 20:38:39.911 TRACE 56553 --- [    Test worker] o.h.type.descriptor.sql.BasicBinder      : binding parameter [1] as [BIGINT] - [14]
2020-06-10 20:38:39.912 TRACE 56553 --- [    Test worker] o.h.type.descriptor.sql.BasicBinder      : binding parameter [2] as [VARCHAR] - [HISTORIA]
2020-06-10 20:38:39.912 TRACE 56553 --- [    Test worker] o.h.type.descriptor.sql.BasicBinder      : binding parameter [3] as [DATE] - [Thu Jan 04 00:00:00 EET 2001]
2020-06-10 20:38:39.912 TRACE 56553 --- [    Test worker] o.h.type.descriptor.sql.BasicBinder      : binding parameter [4] as [DATE] - [Thu Jan 04 00:00:00 EET 2001]
2020-06-10 20:38:39.912 TRACE 56553 --- [    Test worker] o.h.type.descriptor.sql.BasicBinder      : binding parameter [5] as [DATE] - [Thu Jan 04 00:00:00 EET 2001]
2020-06-10 20:38:39.912 TRACE 56553 --- [    Test worker] o.h.type.descriptor.sql.BasicBinder      : binding parameter [6] as [BOOLEAN] - [false]
2020-06-10 20:38:39.912 TRACE 56553 --- [    Test worker] o.h.type.descriptor.sql.BasicExtractor   : extracted value ([id1_19_0_] : [BIGINT]) - [8]
2020-06-10 20:38:39.912 TRACE 56553 --- [    Test worker] o.h.type.descriptor.sql.BasicExtractor   : extracted value ([id1_5_1_] : [BIGINT]) - [15]
2020-06-10 20:38:39.913  INFO 56553 --- [    Test worker] .s.o.r.i.OrganisaatioSuhdeRepositoryImpl : findParentTo(15, Thu Jan 04 00:00:00 EET 2001)
Hibernate: 
    select
        organisaat0_.id as id1_19_0_,
        organisaat1_.id as id1_5_1_,
        organisaat0_.version as version2_19_0_,
        organisaat0_.alkupvm as alkupvm3_19_0_,
        organisaat0_.child_id as child_id7_19_0_,
        organisaat0_.loppupvm as loppupvm4_19_0_,
        organisaat0_.opetuspisteenjarjnro as opetuspi5_19_0_,
        organisaat0_.parent_id as parent_i8_19_0_,
        organisaat0_.suhdetyyppi as suhdetyy6_19_0_,
        organisaat1_.version as version2_5_1_,
        organisaat1_.alkupvm as alkupvm3_5_1_,
        organisaat1_.domainnimi as domainni4_5_1_,
        organisaat1_.kotipaikka as kotipaik5_5_1_,
        organisaat1_.kuvaus_mkt as kuvaus_28_5_1_,
        organisaat1_.lakkautuspvm as lakkautu6_5_1_,
        organisaat1_.maa as maa7_5_1_,
        organisaat1_.metadata_id as metadat29_5_1_,
        organisaat1_.nimi_mkt as nimi_mk30_5_1_,
        organisaat1_.nimihaku as nimihaku8_5_1_,
        organisaat1_.oid as oid9_5_1_,
        organisaat1_.opetuspisteenjarjnro as opetusp10_5_1_,
        organisaat1_.oppilaitoskoodi as oppilai11_5_1_,
        organisaat1_.oppilaitos_tyyppi as oppilai12_5_1_,
        organisaat1_.organisaatio_poistettu as organis13_5_1_,
        organisaat1_.paivittaja as paivitt14_5_1_,
        organisaat1_.paivityspvm as paivity15_5_1_,
        organisaat1_.parentidpath as parenti16_5_1_,
        organisaat1_.parentoidpath as parento17_5_1_,
        organisaat1_.piilotettu as piilote18_5_1_,
        organisaat1_.tarkastus_pvm as tarkast19_5_1_,
        organisaat1_.toimipistekoodi as toimipi20_5_1_,
        organisaat1_.tuontipvm as tuontip21_5_1_,
        organisaat1_.varhaiskasvatuksen_toimipaikka_tiedot_id as varhais31_5_1_,
        organisaat1_.virastotunnus as virasto22_5_1_,
        organisaat1_.yhteishaunkoulukoodi as yhteish23_5_1_,
        organisaat1_.yritysmuoto as yritysm24_5_1_,
        organisaat1_.ytj_kieli as ytj_kie25_5_1_,
        organisaat1_.ytjpaivityspvm as ytjpaiv26_5_1_,
        organisaat1_.ytunnus as ytunnus27_5_1_ 
    from
        organisaatiosuhde organisaat0_ 
    inner join
        organisaatio organisaat1_ 
            on organisaat0_.parent_id=organisaat1_.id 
    where
        organisaat0_.child_id=? 
        and organisaat0_.suhdetyyppi=? 
        and (
            organisaat0_.alkupvm=? 
            or organisaat0_.alkupvm<?
        ) 
        and (
            organisaat0_.loppupvm is null 
            or organisaat0_.loppupvm>?
        ) 
        and organisaat1_.organisaatio_poistettu=? 
    order by
        organisaat0_.alkupvm desc
2020-06-10 20:38:39.914 TRACE 56553 --- [    Test worker] o.h.type.descriptor.sql.BasicBinder      : binding parameter [1] as [BIGINT] - [15]
2020-06-10 20:38:39.914 TRACE 56553 --- [    Test worker] o.h.type.descriptor.sql.BasicBinder      : binding parameter [2] as [VARCHAR] - [HISTORIA]
2020-06-10 20:38:39.914 TRACE 56553 --- [    Test worker] o.h.type.descriptor.sql.BasicBinder      : binding parameter [3] as [DATE] - [Thu Jan 04 00:00:00 EET 2001]
2020-06-10 20:38:39.914 TRACE 56553 --- [    Test worker] o.h.type.descriptor.sql.BasicBinder      : binding parameter [4] as [DATE] - [Thu Jan 04 00:00:00 EET 2001]
2020-06-10 20:38:39.914 TRACE 56553 --- [    Test worker] o.h.type.descriptor.sql.BasicBinder      : binding parameter [5] as [DATE] - [Thu Jan 04 00:00:00 EET 2001]
2020-06-10 20:38:39.914 TRACE 56553 --- [    Test worker] o.h.type.descriptor.sql.BasicBinder      : binding parameter [6] as [BOOLEAN] - [false]
2020-06-10 20:38:39.915 TRACE 56553 --- [    Test worker] o.h.type.descriptor.sql.BasicExtractor   : extracted value ([id1_19_0_] : [BIGINT]) - [9]
2020-06-10 20:38:39.915 TRACE 56553 --- [    Test worker] o.h.type.descriptor.sql.BasicExtractor   : extracted value ([id1_5_1_] : [BIGINT]) - [10]
2020-06-10 20:38:39.915 TRACE 56553 --- [    Test worker] o.h.type.descriptor.sql.BasicExtractor   : extracted value ([id1_19_0_] : [BIGINT]) - [8]
2020-06-10 20:38:39.915 TRACE 56553 --- [    Test worker] o.h.type.descriptor.sql.BasicExtractor   : extracted value ([id1_5_1_] : [BIGINT]) - [14]
2020-06-10 20:38:39.915 TRACE 56553 --- [    Test worker] o.h.type.descriptor.sql.BasicExtractor   : extracted value ([id1_19_0_] : [BIGINT]) - [5]
2020-06-10 20:38:39.915 TRACE 56553 --- [    Test worker] o.h.type.descriptor.sql.BasicExtractor   : extracted value ([id1_5_1_] : [BIGINT]) - [10]
2020-06-10 20:38:39.915  INFO 56553 --- [    Test worker] .s.o.r.i.OrganisaatioSuhdeRepositoryImpl : findChildrenTo(15, Thu Jan 04 00:00:00 EET 2001)
Hibernate: 
    select
        organisaat0_.id as id1_19_0_,
        organisaat1_.id as id1_5_1_,
        organisaat0_.version as version2_19_0_,
        organisaat0_.alkupvm as alkupvm3_19_0_,
        organisaat0_.child_id as child_id7_19_0_,
        organisaat0_.loppupvm as loppupvm4_19_0_,
        organisaat0_.opetuspisteenjarjnro as opetuspi5_19_0_,
        organisaat0_.parent_id as parent_i8_19_0_,
        organisaat0_.suhdetyyppi as suhdetyy6_19_0_,
        organisaat1_.version as version2_5_1_,
        organisaat1_.alkupvm as alkupvm3_5_1_,
        organisaat1_.domainnimi as domainni4_5_1_,
        organisaat1_.kotipaikka as kotipaik5_5_1_,
        organisaat1_.kuvaus_mkt as kuvaus_28_5_1_,
        organisaat1_.lakkautuspvm as lakkautu6_5_1_,
        organisaat1_.maa as maa7_5_1_,
        organisaat1_.metadata_id as metadat29_5_1_,
        organisaat1_.nimi_mkt as nimi_mk30_5_1_,
        organisaat1_.nimihaku as nimihaku8_5_1_,
        organisaat1_.oid as oid9_5_1_,
        organisaat1_.opetuspisteenjarjnro as opetusp10_5_1_,
        organisaat1_.oppilaitoskoodi as oppilai11_5_1_,
        organisaat1_.oppilaitos_tyyppi as oppilai12_5_1_,
        organisaat1_.organisaatio_poistettu as organis13_5_1_,
        organisaat1_.paivittaja as paivitt14_5_1_,
        organisaat1_.paivityspvm as paivity15_5_1_,
        organisaat1_.parentidpath as parenti16_5_1_,
        organisaat1_.parentoidpath as parento17_5_1_,
        organisaat1_.piilotettu as piilote18_5_1_,
        organisaat1_.tarkastus_pvm as tarkast19_5_1_,
        organisaat1_.toimipistekoodi as toimipi20_5_1_,
        organisaat1_.tuontipvm as tuontip21_5_1_,
        organisaat1_.varhaiskasvatuksen_toimipaikka_tiedot_id as varhais31_5_1_,
        organisaat1_.virastotunnus as virasto22_5_1_,
        organisaat1_.yhteishaunkoulukoodi as yhteish23_5_1_,
        organisaat1_.yritysmuoto as yritysm24_5_1_,
        organisaat1_.ytj_kieli as ytj_kie25_5_1_,
        organisaat1_.ytjpaivityspvm as ytjpaiv26_5_1_,
        organisaat1_.ytunnus as ytunnus27_5_1_ 
    from
        organisaatiosuhde organisaat0_ 
    inner join
        organisaatio organisaat1_ 
            on organisaat0_.child_id=organisaat1_.id 
    where
        organisaat0_.parent_id=? 
        and organisaat0_.suhdetyyppi=? 
        and (
            organisaat0_.alkupvm=? 
            or organisaat0_.alkupvm<?
        ) 
        and (
            organisaat0_.loppupvm is null 
            or organisaat0_.loppupvm>?
        ) 
        and organisaat1_.organisaatio_poistettu=? 
    order by
        organisaat0_.alkupvm desc
2020-06-10 20:38:39.917 TRACE 56553 --- [    Test worker] o.h.type.descriptor.sql.BasicBinder      : binding parameter [1] as [BIGINT] - [15]
2020-06-10 20:38:39.917 TRACE 56553 --- [    Test worker] o.h.type.descriptor.sql.BasicBinder      : binding parameter [2] as [VARCHAR] - [HISTORIA]
2020-06-10 20:38:39.917 TRACE 56553 --- [    Test worker] o.h.type.descriptor.sql.BasicBinder      : binding parameter [3] as [DATE] - [Thu Jan 04 00:00:00 EET 2001]
2020-06-10 20:38:39.917 TRACE 56553 --- [    Test worker] o.h.type.descriptor.sql.BasicBinder      : binding parameter [4] as [DATE] - [Thu Jan 04 00:00:00 EET 2001]
2020-06-10 20:38:39.917 TRACE 56553 --- [    Test worker] o.h.type.descriptor.sql.BasicBinder      : binding parameter [5] as [DATE] - [Thu Jan 04 00:00:00 EET 2001]
2020-06-10 20:38:39.917 TRACE 56553 --- [    Test worker] o.h.type.descriptor.sql.BasicBinder      : binding parameter [6] as [BOOLEAN] - [false]
2020-06-10 20:38:39.917  INFO 56553 --- [    Test worker] .o.r.OrganisaatioSuhdeRepositoryImplTest : -------------------------------- createDate(5.1.2001)
2020-06-10 20:38:39.918  INFO 56553 --- [    Test worker] .s.o.r.i.OrganisaatioSuhdeRepositoryImpl : findChildrenTo(11, Fri Jan 05 00:00:00 EET 2001)
Hibernate: 
    select
        organisaat0_.id as id1_19_0_,
        organisaat1_.id as id1_5_1_,
        organisaat0_.version as version2_19_0_,
        organisaat0_.alkupvm as alkupvm3_19_0_,
        organisaat0_.child_id as child_id7_19_0_,
        organisaat0_.loppupvm as loppupvm4_19_0_,
        organisaat0_.opetuspisteenjarjnro as opetuspi5_19_0_,
        organisaat0_.parent_id as parent_i8_19_0_,
        organisaat0_.suhdetyyppi as suhdetyy6_19_0_,
        organisaat1_.version as version2_5_1_,
        organisaat1_.alkupvm as alkupvm3_5_1_,
        organisaat1_.domainnimi as domainni4_5_1_,
        organisaat1_.kotipaikka as kotipaik5_5_1_,
        organisaat1_.kuvaus_mkt as kuvaus_28_5_1_,
        organisaat1_.lakkautuspvm as lakkautu6_5_1_,
        organisaat1_.maa as maa7_5_1_,
        organisaat1_.metadata_id as metadat29_5_1_,
        organisaat1_.nimi_mkt as nimi_mk30_5_1_,
        organisaat1_.nimihaku as nimihaku8_5_1_,
        organisaat1_.oid as oid9_5_1_,
        organisaat1_.opetuspisteenjarjnro as opetusp10_5_1_,
        organisaat1_.oppilaitoskoodi as oppilai11_5_1_,
        organisaat1_.oppilaitos_tyyppi as oppilai12_5_1_,
        organisaat1_.organisaatio_poistettu as organis13_5_1_,
        organisaat1_.paivittaja as paivitt14_5_1_,
        organisaat1_.paivityspvm as paivity15_5_1_,
        organisaat1_.parentidpath as parenti16_5_1_,
        organisaat1_.parentoidpath as parento17_5_1_,
        organisaat1_.piilotettu as piilote18_5_1_,
        organisaat1_.tarkastus_pvm as tarkast19_5_1_,
        organisaat1_.toimipistekoodi as toimipi20_5_1_,
        organisaat1_.tuontipvm as tuontip21_5_1_,
        organisaat1_.varhaiskasvatuksen_toimipaikka_tiedot_id as varhais31_5_1_,
        organisaat1_.virastotunnus as virasto22_5_1_,
        organisaat1_.yhteishaunkoulukoodi as yhteish23_5_1_,
        organisaat1_.yritysmuoto as yritysm24_5_1_,
        organisaat1_.ytj_kieli as ytj_kie25_5_1_,
        organisaat1_.ytjpaivityspvm as ytjpaiv26_5_1_,
        organisaat1_.ytunnus as ytunnus27_5_1_ 
    from
        organisaatiosuhde organisaat0_ 
    inner join
        organisaatio organisaat1_ 
            on organisaat0_.child_id=organisaat1_.id 
    where
        organisaat0_.parent_id=? 
        and organisaat0_.suhdetyyppi=? 
        and (
            organisaat0_.alkupvm=? 
            or organisaat0_.alkupvm<?
        ) 
        and (
            organisaat0_.loppupvm is null 
            or organisaat0_.loppupvm>?
        ) 
        and organisaat1_.organisaatio_poistettu=? 
    order by
        organisaat0_.alkupvm desc
2020-06-10 20:38:39.919 TRACE 56553 --- [    Test worker] o.h.type.descriptor.sql.BasicBinder      : binding parameter [1] as [BIGINT] - [11]
2020-06-10 20:38:39.919 TRACE 56553 --- [    Test worker] o.h.type.descriptor.sql.BasicBinder      : binding parameter [2] as [VARCHAR] - [HISTORIA]
2020-06-10 20:38:39.919 TRACE 56553 --- [    Test worker] o.h.type.descriptor.sql.BasicBinder      : binding parameter [3] as [DATE] - [Fri Jan 05 00:00:00 EET 2001]
2020-06-10 20:38:39.920 TRACE 56553 --- [    Test worker] o.h.type.descriptor.sql.BasicBinder      : binding parameter [4] as [DATE] - [Fri Jan 05 00:00:00 EET 2001]
2020-06-10 20:38:39.920 TRACE 56553 --- [    Test worker] o.h.type.descriptor.sql.BasicBinder      : binding parameter [5] as [DATE] - [Fri Jan 05 00:00:00 EET 2001]
2020-06-10 20:38:39.920 TRACE 56553 --- [    Test worker] o.h.type.descriptor.sql.BasicBinder      : binding parameter [6] as [BOOLEAN] - [false]
2020-06-10 20:38:39.920 TRACE 56553 --- [    Test worker] o.h.type.descriptor.sql.BasicExtractor   : extracted value ([id1_19_0_] : [BIGINT]) - [7]
2020-06-10 20:38:39.920 TRACE 56553 --- [    Test worker] o.h.type.descriptor.sql.BasicExtractor   : extracted value ([id1_5_1_] : [BIGINT]) - [13]
2020-06-10 20:38:39.920 TRACE 56553 --- [    Test worker] o.h.type.descriptor.sql.BasicExtractor   : extracted value ([id1_19_0_] : [BIGINT]) - [6]
2020-06-10 20:38:39.920 TRACE 56553 --- [    Test worker] o.h.type.descriptor.sql.BasicExtractor   : extracted value ([id1_5_1_] : [BIGINT]) - [12]
2020-06-10 20:38:39.920  INFO 56553 --- [    Test worker] .s.o.r.i.OrganisaatioSuhdeRepositoryImpl : findParentTo(13, Fri Jan 05 00:00:00 EET 2001)
Hibernate: 
    select
        organisaat0_.id as id1_19_0_,
        organisaat1_.id as id1_5_1_,
        organisaat0_.version as version2_19_0_,
        organisaat0_.alkupvm as alkupvm3_19_0_,
        organisaat0_.child_id as child_id7_19_0_,
        organisaat0_.loppupvm as loppupvm4_19_0_,
        organisaat0_.opetuspisteenjarjnro as opetuspi5_19_0_,
        organisaat0_.parent_id as parent_i8_19_0_,
        organisaat0_.suhdetyyppi as suhdetyy6_19_0_,
        organisaat1_.version as version2_5_1_,
        organisaat1_.alkupvm as alkupvm3_5_1_,
        organisaat1_.domainnimi as domainni4_5_1_,
        organisaat1_.kotipaikka as kotipaik5_5_1_,
        organisaat1_.kuvaus_mkt as kuvaus_28_5_1_,
        organisaat1_.lakkautuspvm as lakkautu6_5_1_,
        organisaat1_.maa as maa7_5_1_,
        organisaat1_.metadata_id as metadat29_5_1_,
        organisaat1_.nimi_mkt as nimi_mk30_5_1_,
        organisaat1_.nimihaku as nimihaku8_5_1_,
        organisaat1_.oid as oid9_5_1_,
        organisaat1_.opetuspisteenjarjnro as opetusp10_5_1_,
        organisaat1_.oppilaitoskoodi as oppilai11_5_1_,
        organisaat1_.oppilaitos_tyyppi as oppilai12_5_1_,
        organisaat1_.organisaatio_poistettu as organis13_5_1_,
        organisaat1_.paivittaja as paivitt14_5_1_,
        organisaat1_.paivityspvm as paivity15_5_1_,
        organisaat1_.parentidpath as parenti16_5_1_,
        organisaat1_.parentoidpath as parento17_5_1_,
        organisaat1_.piilotettu as piilote18_5_1_,
        organisaat1_.tarkastus_pvm as tarkast19_5_1_,
        organisaat1_.toimipistekoodi as toimipi20_5_1_,
        organisaat1_.tuontipvm as tuontip21_5_1_,
        organisaat1_.varhaiskasvatuksen_toimipaikka_tiedot_id as varhais31_5_1_,
        organisaat1_.virastotunnus as virasto22_5_1_,
        organisaat1_.yhteishaunkoulukoodi as yhteish23_5_1_,
        organisaat1_.yritysmuoto as yritysm24_5_1_,
        organisaat1_.ytj_kieli as ytj_kie25_5_1_,
        organisaat1_.ytjpaivityspvm as ytjpaiv26_5_1_,
        organisaat1_.ytunnus as ytunnus27_5_1_ 
    from
        organisaatiosuhde organisaat0_ 
    inner join
        organisaatio organisaat1_ 
            on organisaat0_.parent_id=organisaat1_.id 
    where
        organisaat0_.child_id=? 
        and organisaat0_.suhdetyyppi=? 
        and (
            organisaat0_.alkupvm=? 
            or organisaat0_.alkupvm<?
        ) 
        and (
            organisaat0_.loppupvm is null 
            or organisaat0_.loppupvm>?
        ) 
        and organisaat1_.organisaatio_poistettu=? 
    order by
        organisaat0_.alkupvm desc
2020-06-10 20:38:39.923 TRACE 56553 --- [    Test worker] o.h.type.descriptor.sql.BasicBinder      : binding parameter [1] as [BIGINT] - [13]
2020-06-10 20:38:39.923 TRACE 56553 --- [    Test worker] o.h.type.descriptor.sql.BasicBinder      : binding parameter [2] as [VARCHAR] - [HISTORIA]
2020-06-10 20:38:39.923 TRACE 56553 --- [    Test worker] o.h.type.descriptor.sql.BasicBinder      : binding parameter [3] as [DATE] - [Fri Jan 05 00:00:00 EET 2001]
2020-06-10 20:38:39.923 TRACE 56553 --- [    Test worker] o.h.type.descriptor.sql.BasicBinder      : binding parameter [4] as [DATE] - [Fri Jan 05 00:00:00 EET 2001]
2020-06-10 20:38:39.924 TRACE 56553 --- [    Test worker] o.h.type.descriptor.sql.BasicBinder      : binding parameter [5] as [DATE] - [Fri Jan 05 00:00:00 EET 2001]
2020-06-10 20:38:39.924 TRACE 56553 --- [    Test worker] o.h.type.descriptor.sql.BasicBinder      : binding parameter [6] as [BOOLEAN] - [false]
2020-06-10 20:38:39.924 TRACE 56553 --- [    Test worker] o.h.type.descriptor.sql.BasicExtractor   : extracted value ([id1_19_0_] : [BIGINT]) - [7]
2020-06-10 20:38:39.924 TRACE 56553 --- [    Test worker] o.h.type.descriptor.sql.BasicExtractor   : extracted value ([id1_5_1_] : [BIGINT]) - [11]
2020-06-10 20:38:39.924 TRACE 56553 --- [    Test worker] o.h.type.descriptor.sql.BasicExtractor   : extracted value ([id1_19_0_] : [BIGINT]) - [3]
2020-06-10 20:38:39.924 TRACE 56553 --- [    Test worker] o.h.type.descriptor.sql.BasicExtractor   : extracted value ([id1_5_1_] : [BIGINT]) - [10]
2020-06-10 20:38:39.924  INFO 56553 --- [    Test worker] .s.o.r.i.OrganisaatioSuhdeRepositoryImpl : findParentTo(12, Fri Jan 05 00:00:00 EET 2001)
Hibernate: 
    select
        organisaat0_.id as id1_19_0_,
        organisaat1_.id as id1_5_1_,
        organisaat0_.version as version2_19_0_,
        organisaat0_.alkupvm as alkupvm3_19_0_,
        organisaat0_.child_id as child_id7_19_0_,
        organisaat0_.loppupvm as loppupvm4_19_0_,
        organisaat0_.opetuspisteenjarjnro as opetuspi5_19_0_,
        organisaat0_.parent_id as parent_i8_19_0_,
        organisaat0_.suhdetyyppi as suhdetyy6_19_0_,
        organisaat1_.version as version2_5_1_,
        organisaat1_.alkupvm as alkupvm3_5_1_,
        organisaat1_.domainnimi as domainni4_5_1_,
        organisaat1_.kotipaikka as kotipaik5_5_1_,
        organisaat1_.kuvaus_mkt as kuvaus_28_5_1_,
        organisaat1_.lakkautuspvm as lakkautu6_5_1_,
        organisaat1_.maa as maa7_5_1_,
        organisaat1_.metadata_id as metadat29_5_1_,
        organisaat1_.nimi_mkt as nimi_mk30_5_1_,
        organisaat1_.nimihaku as nimihaku8_5_1_,
        organisaat1_.oid as oid9_5_1_,
        organisaat1_.opetuspisteenjarjnro as opetusp10_5_1_,
        organisaat1_.oppilaitoskoodi as oppilai11_5_1_,
        organisaat1_.oppilaitos_tyyppi as oppilai12_5_1_,
        organisaat1_.organisaatio_poistettu as organis13_5_1_,
        organisaat1_.paivittaja as paivitt14_5_1_,
        organisaat1_.paivityspvm as paivity15_5_1_,
        organisaat1_.parentidpath as parenti16_5_1_,
        organisaat1_.parentoidpath as parento17_5_1_,
        organisaat1_.piilotettu as piilote18_5_1_,
        organisaat1_.tarkastus_pvm as tarkast19_5_1_,
        organisaat1_.toimipistekoodi as toimipi20_5_1_,
        organisaat1_.tuontipvm as tuontip21_5_1_,
        organisaat1_.varhaiskasvatuksen_toimipaikka_tiedot_id as varhais31_5_1_,
        organisaat1_.virastotunnus as virasto22_5_1_,
        organisaat1_.yhteishaunkoulukoodi as yhteish23_5_1_,
        organisaat1_.yritysmuoto as yritysm24_5_1_,
        organisaat1_.ytj_kieli as ytj_kie25_5_1_,
        organisaat1_.ytjpaivityspvm as ytjpaiv26_5_1_,
        organisaat1_.ytunnus as ytunnus27_5_1_ 
    from
        organisaatiosuhde organisaat0_ 
    inner join
        organisaatio organisaat1_ 
            on organisaat0_.parent_id=organisaat1_.id 
    where
        organisaat0_.child_id=? 
        and organisaat0_.suhdetyyppi=? 
        and (
            organisaat0_.alkupvm=? 
            or organisaat0_.alkupvm<?
        ) 
        and (
            organisaat0_.loppupvm is null 
            or organisaat0_.loppupvm>?
        ) 
        and organisaat1_.organisaatio_poistettu=? 
    order by
        organisaat0_.alkupvm desc
2020-06-10 20:38:39.926 TRACE 56553 --- [    Test worker] o.h.type.descriptor.sql.BasicBinder      : binding parameter [1] as [BIGINT] - [12]
2020-06-10 20:38:39.926 TRACE 56553 --- [    Test worker] o.h.type.descriptor.sql.BasicBinder      : binding parameter [2] as [VARCHAR] - [HISTORIA]
2020-06-10 20:38:39.926 TRACE 56553 --- [    Test worker] o.h.type.descriptor.sql.BasicBinder      : binding parameter [3] as [DATE] - [Fri Jan 05 00:00:00 EET 2001]
2020-06-10 20:38:39.926 TRACE 56553 --- [    Test worker] o.h.type.descriptor.sql.BasicBinder      : binding parameter [4] as [DATE] - [Fri Jan 05 00:00:00 EET 2001]
2020-06-10 20:38:39.926 TRACE 56553 --- [    Test worker] o.h.type.descriptor.sql.BasicBinder      : binding parameter [5] as [DATE] - [Fri Jan 05 00:00:00 EET 2001]
2020-06-10 20:38:39.926 TRACE 56553 --- [    Test worker] o.h.type.descriptor.sql.BasicBinder      : binding parameter [6] as [BOOLEAN] - [false]
2020-06-10 20:38:39.926 TRACE 56553 --- [    Test worker] o.h.type.descriptor.sql.BasicExtractor   : extracted value ([id1_19_0_] : [BIGINT]) - [10]
2020-06-10 20:38:39.927 TRACE 56553 --- [    Test worker] o.h.type.descriptor.sql.BasicExtractor   : extracted value ([id1_5_1_] : [BIGINT]) - [13]
2020-06-10 20:38:39.927 TRACE 56553 --- [    Test worker] o.h.type.descriptor.sql.BasicExtractor   : extracted value ([id1_19_0_] : [BIGINT]) - [6]
2020-06-10 20:38:39.927 TRACE 56553 --- [    Test worker] o.h.type.descriptor.sql.BasicExtractor   : extracted value ([id1_5_1_] : [BIGINT]) - [11]
2020-06-10 20:38:39.927 TRACE 56553 --- [    Test worker] o.h.type.descriptor.sql.BasicExtractor   : extracted value ([id1_19_0_] : [BIGINT]) - [2]
2020-06-10 20:38:39.927 TRACE 56553 --- [    Test worker] o.h.type.descriptor.sql.BasicExtractor   : extracted value ([id1_5_1_] : [BIGINT]) - [10]
2020-06-10 20:38:39.928  INFO 56553 --- [    Test worker] .s.o.r.i.OrganisaatioSuhdeRepositoryImpl : findParentTo(13, Fri Jan 05 00:00:00 EET 2001)
Hibernate: 
    select
        organisaat0_.id as id1_19_0_,
        organisaat1_.id as id1_5_1_,
        organisaat0_.version as version2_19_0_,
        organisaat0_.alkupvm as alkupvm3_19_0_,
        organisaat0_.child_id as child_id7_19_0_,
        organisaat0_.loppupvm as loppupvm4_19_0_,
        organisaat0_.opetuspisteenjarjnro as opetuspi5_19_0_,
        organisaat0_.parent_id as parent_i8_19_0_,
        organisaat0_.suhdetyyppi as suhdetyy6_19_0_,
        organisaat1_.version as version2_5_1_,
        organisaat1_.alkupvm as alkupvm3_5_1_,
        organisaat1_.domainnimi as domainni4_5_1_,
        organisaat1_.kotipaikka as kotipaik5_5_1_,
        organisaat1_.kuvaus_mkt as kuvaus_28_5_1_,
        organisaat1_.lakkautuspvm as lakkautu6_5_1_,
        organisaat1_.maa as maa7_5_1_,
        organisaat1_.metadata_id as metadat29_5_1_,
        organisaat1_.nimi_mkt as nimi_mk30_5_1_,
        organisaat1_.nimihaku as nimihaku8_5_1_,
        organisaat1_.oid as oid9_5_1_,
        organisaat1_.opetuspisteenjarjnro as opetusp10_5_1_,
        organisaat1_.oppilaitoskoodi as oppilai11_5_1_,
        organisaat1_.oppilaitos_tyyppi as oppilai12_5_1_,
        organisaat1_.organisaatio_poistettu as organis13_5_1_,
        organisaat1_.paivittaja as paivitt14_5_1_,
        organisaat1_.paivityspvm as paivity15_5_1_,
        organisaat1_.parentidpath as parenti16_5_1_,
        organisaat1_.parentoidpath as parento17_5_1_,
        organisaat1_.piilotettu as piilote18_5_1_,
        organisaat1_.tarkastus_pvm as tarkast19_5_1_,
        organisaat1_.toimipistekoodi as toimipi20_5_1_,
        organisaat1_.tuontipvm as tuontip21_5_1_,
        organisaat1_.varhaiskasvatuksen_toimipaikka_tiedot_id as varhais31_5_1_,
        organisaat1_.virastotunnus as virasto22_5_1_,
        organisaat1_.yhteishaunkoulukoodi as yhteish23_5_1_,
        organisaat1_.yritysmuoto as yritysm24_5_1_,
        organisaat1_.ytj_kieli as ytj_kie25_5_1_,
        organisaat1_.ytjpaivityspvm as ytjpaiv26_5_1_,
        organisaat1_.ytunnus as ytunnus27_5_1_ 
    from
        organisaatiosuhde organisaat0_ 
    inner join
        organisaatio organisaat1_ 
            on organisaat0_.parent_id=organisaat1_.id 
    where
        organisaat0_.child_id=? 
        and organisaat0_.suhdetyyppi=? 
        and (
            organisaat0_.alkupvm=? 
            or organisaat0_.alkupvm<?
        ) 
        and (
            organisaat0_.loppupvm is null 
            or organisaat0_.loppupvm>?
        ) 
        and organisaat1_.organisaatio_poistettu=? 
    order by
        organisaat0_.alkupvm desc
2020-06-10 20:38:39.930 TRACE 56553 --- [    Test worker] o.h.type.descriptor.sql.BasicBinder      : binding parameter [1] as [BIGINT] - [13]
2020-06-10 20:38:39.930 TRACE 56553 --- [    Test worker] o.h.type.descriptor.sql.BasicBinder      : binding parameter [2] as [VARCHAR] - [HISTORIA]
2020-06-10 20:38:39.930 TRACE 56553 --- [    Test worker] o.h.type.descriptor.sql.BasicBinder      : binding parameter [3] as [DATE] - [Fri Jan 05 00:00:00 EET 2001]
2020-06-10 20:38:39.931 TRACE 56553 --- [    Test worker] o.h.type.descriptor.sql.BasicBinder      : binding parameter [4] as [DATE] - [Fri Jan 05 00:00:00 EET 2001]
2020-06-10 20:38:39.931 TRACE 56553 --- [    Test worker] o.h.type.descriptor.sql.BasicBinder      : binding parameter [5] as [DATE] - [Fri Jan 05 00:00:00 EET 2001]
2020-06-10 20:38:39.931 TRACE 56553 --- [    Test worker] o.h.type.descriptor.sql.BasicBinder      : binding parameter [6] as [BOOLEAN] - [false]
2020-06-10 20:38:39.931 TRACE 56553 --- [    Test worker] o.h.type.descriptor.sql.BasicExtractor   : extracted value ([id1_19_0_] : [BIGINT]) - [7]
2020-06-10 20:38:39.931 TRACE 56553 --- [    Test worker] o.h.type.descriptor.sql.BasicExtractor   : extracted value ([id1_5_1_] : [BIGINT]) - [11]
2020-06-10 20:38:39.931 TRACE 56553 --- [    Test worker] o.h.type.descriptor.sql.BasicExtractor   : extracted value ([id1_19_0_] : [BIGINT]) - [3]
2020-06-10 20:38:39.931 TRACE 56553 --- [    Test worker] o.h.type.descriptor.sql.BasicExtractor   : extracted value ([id1_5_1_] : [BIGINT]) - [10]
2020-06-10 20:38:39.931  INFO 56553 --- [    Test worker] .s.o.r.i.OrganisaatioSuhdeRepositoryImpl : findChildrenTo(12, Fri Jan 05 00:00:00 EET 2001)
Hibernate: 
    select
        organisaat0_.id as id1_19_0_,
        organisaat1_.id as id1_5_1_,
        organisaat0_.version as version2_19_0_,
        organisaat0_.alkupvm as alkupvm3_19_0_,
        organisaat0_.child_id as child_id7_19_0_,
        organisaat0_.loppupvm as loppupvm4_19_0_,
        organisaat0_.opetuspisteenjarjnro as opetuspi5_19_0_,
        organisaat0_.parent_id as parent_i8_19_0_,
        organisaat0_.suhdetyyppi as suhdetyy6_19_0_,
        organisaat1_.version as version2_5_1_,
        organisaat1_.alkupvm as alkupvm3_5_1_,
        organisaat1_.domainnimi as domainni4_5_1_,
        organisaat1_.kotipaikka as kotipaik5_5_1_,
        organisaat1_.kuvaus_mkt as kuvaus_28_5_1_,
        organisaat1_.lakkautuspvm as lakkautu6_5_1_,
        organisaat1_.maa as maa7_5_1_,
        organisaat1_.metadata_id as metadat29_5_1_,
        organisaat1_.nimi_mkt as nimi_mk30_5_1_,
        organisaat1_.nimihaku as nimihaku8_5_1_,
        organisaat1_.oid as oid9_5_1_,
        organisaat1_.opetuspisteenjarjnro as opetusp10_5_1_,
        organisaat1_.oppilaitoskoodi as oppilai11_5_1_,
        organisaat1_.oppilaitos_tyyppi as oppilai12_5_1_,
        organisaat1_.organisaatio_poistettu as organis13_5_1_,
        organisaat1_.paivittaja as paivitt14_5_1_,
        organisaat1_.paivityspvm as paivity15_5_1_,
        organisaat1_.parentidpath as parenti16_5_1_,
        organisaat1_.parentoidpath as parento17_5_1_,
        organisaat1_.piilotettu as piilote18_5_1_,
        organisaat1_.tarkastus_pvm as tarkast19_5_1_,
        organisaat1_.toimipistekoodi as toimipi20_5_1_,
        organisaat1_.tuontipvm as tuontip21_5_1_,
        organisaat1_.varhaiskasvatuksen_toimipaikka_tiedot_id as varhais31_5_1_,
        organisaat1_.virastotunnus as virasto22_5_1_,
        organisaat1_.yhteishaunkoulukoodi as yhteish23_5_1_,
        organisaat1_.yritysmuoto as yritysm24_5_1_,
        organisaat1_.ytj_kieli as ytj_kie25_5_1_,
        organisaat1_.ytjpaivityspvm as ytjpaiv26_5_1_,
        organisaat1_.ytunnus as ytunnus27_5_1_ 
    from
        organisaatiosuhde organisaat0_ 
    inner join
        organisaatio organisaat1_ 
            on organisaat0_.child_id=organisaat1_.id 
    where
        organisaat0_.parent_id=? 
        and organisaat0_.suhdetyyppi=? 
        and (
            organisaat0_.alkupvm=? 
            or organisaat0_.alkupvm<?
        ) 
        and (
            organisaat0_.loppupvm is null 
            or organisaat0_.loppupvm>?
        ) 
        and organisaat1_.organisaatio_poistettu=? 
    order by
        organisaat0_.alkupvm desc
2020-06-10 20:38:39.933 TRACE 56553 --- [    Test worker] o.h.type.descriptor.sql.BasicBinder      : binding parameter [1] as [BIGINT] - [12]
2020-06-10 20:38:39.933 TRACE 56553 --- [    Test worker] o.h.type.descriptor.sql.BasicBinder      : binding parameter [2] as [VARCHAR] - [HISTORIA]
2020-06-10 20:38:39.933 TRACE 56553 --- [    Test worker] o.h.type.descriptor.sql.BasicBinder      : binding parameter [3] as [DATE] - [Fri Jan 05 00:00:00 EET 2001]
2020-06-10 20:38:39.933 TRACE 56553 --- [    Test worker] o.h.type.descriptor.sql.BasicBinder      : binding parameter [4] as [DATE] - [Fri Jan 05 00:00:00 EET 2001]
2020-06-10 20:38:39.933 TRACE 56553 --- [    Test worker] o.h.type.descriptor.sql.BasicBinder      : binding parameter [5] as [DATE] - [Fri Jan 05 00:00:00 EET 2001]
2020-06-10 20:38:39.933 TRACE 56553 --- [    Test worker] o.h.type.descriptor.sql.BasicBinder      : binding parameter [6] as [BOOLEAN] - [false]
2020-06-10 20:38:39.934  INFO 56553 --- [    Test worker] .s.o.r.i.OrganisaatioSuhdeRepositoryImpl : findChildrenTo(13, Fri Jan 05 00:00:00 EET 2001)
Hibernate: 
    select
        organisaat0_.id as id1_19_0_,
        organisaat1_.id as id1_5_1_,
        organisaat0_.version as version2_19_0_,
        organisaat0_.alkupvm as alkupvm3_19_0_,
        organisaat0_.child_id as child_id7_19_0_,
        organisaat0_.loppupvm as loppupvm4_19_0_,
        organisaat0_.opetuspisteenjarjnro as opetuspi5_19_0_,
        organisaat0_.parent_id as parent_i8_19_0_,
        organisaat0_.suhdetyyppi as suhdetyy6_19_0_,
        organisaat1_.version as version2_5_1_,
        organisaat1_.alkupvm as alkupvm3_5_1_,
        organisaat1_.domainnimi as domainni4_5_1_,
        organisaat1_.kotipaikka as kotipaik5_5_1_,
        organisaat1_.kuvaus_mkt as kuvaus_28_5_1_,
        organisaat1_.lakkautuspvm as lakkautu6_5_1_,
        organisaat1_.maa as maa7_5_1_,
        organisaat1_.metadata_id as metadat29_5_1_,
        organisaat1_.nimi_mkt as nimi_mk30_5_1_,
        organisaat1_.nimihaku as nimihaku8_5_1_,
        organisaat1_.oid as oid9_5_1_,
        organisaat1_.opetuspisteenjarjnro as opetusp10_5_1_,
        organisaat1_.oppilaitoskoodi as oppilai11_5_1_,
        organisaat1_.oppilaitos_tyyppi as oppilai12_5_1_,
        organisaat1_.organisaatio_poistettu as organis13_5_1_,
        organisaat1_.paivittaja as paivitt14_5_1_,
        organisaat1_.paivityspvm as paivity15_5_1_,
        organisaat1_.parentidpath as parenti16_5_1_,
        organisaat1_.parentoidpath as parento17_5_1_,
        organisaat1_.piilotettu as piilote18_5_1_,
        organisaat1_.tarkastus_pvm as tarkast19_5_1_,
        organisaat1_.toimipistekoodi as toimipi20_5_1_,
        organisaat1_.tuontipvm as tuontip21_5_1_,
        organisaat1_.varhaiskasvatuksen_toimipaikka_tiedot_id as varhais31_5_1_,
        organisaat1_.virastotunnus as virasto22_5_1_,
        organisaat1_.yhteishaunkoulukoodi as yhteish23_5_1_,
        organisaat1_.yritysmuoto as yritysm24_5_1_,
        organisaat1_.ytj_kieli as ytj_kie25_5_1_,
        organisaat1_.ytjpaivityspvm as ytjpaiv26_5_1_,
        organisaat1_.ytunnus as ytunnus27_5_1_ 
    from
        organisaatiosuhde organisaat0_ 
    inner join
        organisaatio organisaat1_ 
            on organisaat0_.child_id=organisaat1_.id 
    where
        organisaat0_.parent_id=? 
        and organisaat0_.suhdetyyppi=? 
        and (
            organisaat0_.alkupvm=? 
            or organisaat0_.alkupvm<?
        ) 
        and (
            organisaat0_.loppupvm is null 
            or organisaat0_.loppupvm>?
        ) 
        and organisaat1_.organisaatio_poistettu=? 
    order by
        organisaat0_.alkupvm desc
2020-06-10 20:38:39.935 TRACE 56553 --- [    Test worker] o.h.type.descriptor.sql.BasicBinder      : binding parameter [1] as [BIGINT] - [13]
2020-06-10 20:38:39.935 TRACE 56553 --- [    Test worker] o.h.type.descriptor.sql.BasicBinder      : binding parameter [2] as [VARCHAR] - [HISTORIA]
2020-06-10 20:38:39.935 TRACE 56553 --- [    Test worker] o.h.type.descriptor.sql.BasicBinder      : binding parameter [3] as [DATE] - [Fri Jan 05 00:00:00 EET 2001]
2020-06-10 20:38:39.935 TRACE 56553 --- [    Test worker] o.h.type.descriptor.sql.BasicBinder      : binding parameter [4] as [DATE] - [Fri Jan 05 00:00:00 EET 2001]
2020-06-10 20:38:39.935 TRACE 56553 --- [    Test worker] o.h.type.descriptor.sql.BasicBinder      : binding parameter [5] as [DATE] - [Fri Jan 05 00:00:00 EET 2001]
2020-06-10 20:38:39.935 TRACE 56553 --- [    Test worker] o.h.type.descriptor.sql.BasicBinder      : binding parameter [6] as [BOOLEAN] - [false]
2020-06-10 20:38:39.936 TRACE 56553 --- [    Test worker] o.h.type.descriptor.sql.BasicExtractor   : extracted value ([id1_19_0_] : [BIGINT]) - [10]
2020-06-10 20:38:39.936 TRACE 56553 --- [    Test worker] o.h.type.descriptor.sql.BasicExtractor   : extracted value ([id1_5_1_] : [BIGINT]) - [12]
2020-06-10 20:38:39.936  INFO 56553 --- [    Test worker] .s.o.r.i.OrganisaatioSuhdeRepositoryImpl : findParentTo(12, Fri Jan 05 00:00:00 EET 2001)
Hibernate: 
    select
        organisaat0_.id as id1_19_0_,
        organisaat1_.id as id1_5_1_,
        organisaat0_.version as version2_19_0_,
        organisaat0_.alkupvm as alkupvm3_19_0_,
        organisaat0_.child_id as child_id7_19_0_,
        organisaat0_.loppupvm as loppupvm4_19_0_,
        organisaat0_.opetuspisteenjarjnro as opetuspi5_19_0_,
        organisaat0_.parent_id as parent_i8_19_0_,
        organisaat0_.suhdetyyppi as suhdetyy6_19_0_,
        organisaat1_.version as version2_5_1_,
        organisaat1_.alkupvm as alkupvm3_5_1_,
        organisaat1_.domainnimi as domainni4_5_1_,
        organisaat1_.kotipaikka as kotipaik5_5_1_,
        organisaat1_.kuvaus_mkt as kuvaus_28_5_1_,
        organisaat1_.lakkautuspvm as lakkautu6_5_1_,
        organisaat1_.maa as maa7_5_1_,
        organisaat1_.metadata_id as metadat29_5_1_,
        organisaat1_.nimi_mkt as nimi_mk30_5_1_,
        organisaat1_.nimihaku as nimihaku8_5_1_,
        organisaat1_.oid as oid9_5_1_,
        organisaat1_.opetuspisteenjarjnro as opetusp10_5_1_,
        organisaat1_.oppilaitoskoodi as oppilai11_5_1_,
        organisaat1_.oppilaitos_tyyppi as oppilai12_5_1_,
        organisaat1_.organisaatio_poistettu as organis13_5_1_,
        organisaat1_.paivittaja as paivitt14_5_1_,
        organisaat1_.paivityspvm as paivity15_5_1_,
        organisaat1_.parentidpath as parenti16_5_1_,
        organisaat1_.parentoidpath as parento17_5_1_,
        organisaat1_.piilotettu as piilote18_5_1_,
        organisaat1_.tarkastus_pvm as tarkast19_5_1_,
        organisaat1_.toimipistekoodi as toimipi20_5_1_,
        organisaat1_.tuontipvm as tuontip21_5_1_,
        organisaat1_.varhaiskasvatuksen_toimipaikka_tiedot_id as varhais31_5_1_,
        organisaat1_.virastotunnus as virasto22_5_1_,
        organisaat1_.yhteishaunkoulukoodi as yhteish23_5_1_,
        organisaat1_.yritysmuoto as yritysm24_5_1_,
        organisaat1_.ytj_kieli as ytj_kie25_5_1_,
        organisaat1_.ytjpaivityspvm as ytjpaiv26_5_1_,
        organisaat1_.ytunnus as ytunnus27_5_1_ 
    from
        organisaatiosuhde organisaat0_ 
    inner join
        organisaatio organisaat1_ 
            on organisaat0_.parent_id=organisaat1_.id 
    where
        organisaat0_.child_id=? 
        and organisaat0_.suhdetyyppi=? 
        and (
            organisaat0_.alkupvm=? 
            or organisaat0_.alkupvm<?
        ) 
        and (
            organisaat0_.loppupvm is null 
            or organisaat0_.loppupvm>?
        ) 
        and organisaat1_.organisaatio_poistettu=? 
    order by
        organisaat0_.alkupvm desc
2020-06-10 20:38:39.937 TRACE 56553 --- [    Test worker] o.h.type.descriptor.sql.BasicBinder      : binding parameter [1] as [BIGINT] - [12]
2020-06-10 20:38:39.937 TRACE 56553 --- [    Test worker] o.h.type.descriptor.sql.BasicBinder      : binding parameter [2] as [VARCHAR] - [HISTORIA]
2020-06-10 20:38:39.937 TRACE 56553 --- [    Test worker] o.h.type.descriptor.sql.BasicBinder      : binding parameter [3] as [DATE] - [Fri Jan 05 00:00:00 EET 2001]
2020-06-10 20:38:39.937 TRACE 56553 --- [    Test worker] o.h.type.descriptor.sql.BasicBinder      : binding parameter [4] as [DATE] - [Fri Jan 05 00:00:00 EET 2001]
2020-06-10 20:38:39.937 TRACE 56553 --- [    Test worker] o.h.type.descriptor.sql.BasicBinder      : binding parameter [5] as [DATE] - [Fri Jan 05 00:00:00 EET 2001]
2020-06-10 20:38:39.937 TRACE 56553 --- [    Test worker] o.h.type.descriptor.sql.BasicBinder      : binding parameter [6] as [BOOLEAN] - [false]
2020-06-10 20:38:39.938 TRACE 56553 --- [    Test worker] o.h.type.descriptor.sql.BasicExtractor   : extracted value ([id1_19_0_] : [BIGINT]) - [10]
2020-06-10 20:38:39.938 TRACE 56553 --- [    Test worker] o.h.type.descriptor.sql.BasicExtractor   : extracted value ([id1_5_1_] : [BIGINT]) - [13]
2020-06-10 20:38:39.938 TRACE 56553 --- [    Test worker] o.h.type.descriptor.sql.BasicExtractor   : extracted value ([id1_19_0_] : [BIGINT]) - [6]
2020-06-10 20:38:39.938 TRACE 56553 --- [    Test worker] o.h.type.descriptor.sql.BasicExtractor   : extracted value ([id1_5_1_] : [BIGINT]) - [11]
2020-06-10 20:38:39.938 TRACE 56553 --- [    Test worker] o.h.type.descriptor.sql.BasicExtractor   : extracted value ([id1_19_0_] : [BIGINT]) - [2]
2020-06-10 20:38:39.938 TRACE 56553 --- [    Test worker] o.h.type.descriptor.sql.BasicExtractor   : extracted value ([id1_5_1_] : [BIGINT]) - [10]
2020-06-10 20:38:39.938  INFO 56553 --- [    Test worker] .s.o.r.i.OrganisaatioSuhdeRepositoryImpl : findParentTo(12, Fri Jan 05 00:00:00 EET 2001)
Hibernate: 
    select
        organisaat0_.id as id1_19_0_,
        organisaat1_.id as id1_5_1_,
        organisaat0_.version as version2_19_0_,
        organisaat0_.alkupvm as alkupvm3_19_0_,
        organisaat0_.child_id as child_id7_19_0_,
        organisaat0_.loppupvm as loppupvm4_19_0_,
        organisaat0_.opetuspisteenjarjnro as opetuspi5_19_0_,
        organisaat0_.parent_id as parent_i8_19_0_,
        organisaat0_.suhdetyyppi as suhdetyy6_19_0_,
        organisaat1_.version as version2_5_1_,
        organisaat1_.alkupvm as alkupvm3_5_1_,
        organisaat1_.domainnimi as domainni4_5_1_,
        organisaat1_.kotipaikka as kotipaik5_5_1_,
        organisaat1_.kuvaus_mkt as kuvaus_28_5_1_,
        organisaat1_.lakkautuspvm as lakkautu6_5_1_,
        organisaat1_.maa as maa7_5_1_,
        organisaat1_.metadata_id as metadat29_5_1_,
        organisaat1_.nimi_mkt as nimi_mk30_5_1_,
        organisaat1_.nimihaku as nimihaku8_5_1_,
        organisaat1_.oid as oid9_5_1_,
        organisaat1_.opetuspisteenjarjnro as opetusp10_5_1_,
        organisaat1_.oppilaitoskoodi as oppilai11_5_1_,
        organisaat1_.oppilaitos_tyyppi as oppilai12_5_1_,
        organisaat1_.organisaatio_poistettu as organis13_5_1_,
        organisaat1_.paivittaja as paivitt14_5_1_,
        organisaat1_.paivityspvm as paivity15_5_1_,
        organisaat1_.parentidpath as parenti16_5_1_,
        organisaat1_.parentoidpath as parento17_5_1_,
        organisaat1_.piilotettu as piilote18_5_1_,
        organisaat1_.tarkastus_pvm as tarkast19_5_1_,
        organisaat1_.toimipistekoodi as toimipi20_5_1_,
        organisaat1_.tuontipvm as tuontip21_5_1_,
        organisaat1_.varhaiskasvatuksen_toimipaikka_tiedot_id as varhais31_5_1_,
        organisaat1_.virastotunnus as virasto22_5_1_,
        organisaat1_.yhteishaunkoulukoodi as yhteish23_5_1_,
        organisaat1_.yritysmuoto as yritysm24_5_1_,
        organisaat1_.ytj_kieli as ytj_kie25_5_1_,
        organisaat1_.ytjpaivityspvm as ytjpaiv26_5_1_,
        organisaat1_.ytunnus as ytunnus27_5_1_ 
    from
        organisaatiosuhde organisaat0_ 
    inner join
        organisaatio organisaat1_ 
            on organisaat0_.parent_id=organisaat1_.id 
    where
        organisaat0_.child_id=? 
        and organisaat0_.suhdetyyppi=? 
        and (
            organisaat0_.alkupvm=? 
            or organisaat0_.alkupvm<?
        ) 
        and (
            organisaat0_.loppupvm is null 
            or organisaat0_.loppupvm>?
        ) 
        and organisaat1_.organisaatio_poistettu=? 
    order by
        organisaat0_.alkupvm desc
2020-06-10 20:38:39.940 TRACE 56553 --- [    Test worker] o.h.type.descriptor.sql.BasicBinder      : binding parameter [1] as [BIGINT] - [12]
2020-06-10 20:38:39.940 TRACE 56553 --- [    Test worker] o.h.type.descriptor.sql.BasicBinder      : binding parameter [2] as [VARCHAR] - [HISTORIA]
2020-06-10 20:38:39.940 TRACE 56553 --- [    Test worker] o.h.type.descriptor.sql.BasicBinder      : binding parameter [3] as [DATE] - [Fri Jan 05 00:00:00 EET 2001]
2020-06-10 20:38:39.940 TRACE 56553 --- [    Test worker] o.h.type.descriptor.sql.BasicBinder      : binding parameter [4] as [DATE] - [Fri Jan 05 00:00:00 EET 2001]
2020-06-10 20:38:39.940 TRACE 56553 --- [    Test worker] o.h.type.descriptor.sql.BasicBinder      : binding parameter [5] as [DATE] - [Fri Jan 05 00:00:00 EET 2001]
2020-06-10 20:38:39.940 TRACE 56553 --- [    Test worker] o.h.type.descriptor.sql.BasicBinder      : binding parameter [6] as [BOOLEAN] - [false]
2020-06-10 20:38:39.940 TRACE 56553 --- [    Test worker] o.h.type.descriptor.sql.BasicExtractor   : extracted value ([id1_19_0_] : [BIGINT]) - [10]
2020-06-10 20:38:39.940 TRACE 56553 --- [    Test worker] o.h.type.descriptor.sql.BasicExtractor   : extracted value ([id1_5_1_] : [BIGINT]) - [13]
2020-06-10 20:38:39.940 TRACE 56553 --- [    Test worker] o.h.type.descriptor.sql.BasicExtractor   : extracted value ([id1_19_0_] : [BIGINT]) - [6]
2020-06-10 20:38:39.941 TRACE 56553 --- [    Test worker] o.h.type.descriptor.sql.BasicExtractor   : extracted value ([id1_5_1_] : [BIGINT]) - [11]
2020-06-10 20:38:39.941 TRACE 56553 --- [    Test worker] o.h.type.descriptor.sql.BasicExtractor   : extracted value ([id1_19_0_] : [BIGINT]) - [2]
2020-06-10 20:38:39.941 TRACE 56553 --- [    Test worker] o.h.type.descriptor.sql.BasicExtractor   : extracted value ([id1_5_1_] : [BIGINT]) - [10]
2020-06-10 20:38:39.941  INFO 56553 --- [    Test worker] .s.o.r.i.OrganisaatioSuhdeRepositoryImpl : findChildrenTo(14, Fri Jan 05 00:00:00 EET 2001)
Hibernate: 
    select
        organisaat0_.id as id1_19_0_,
        organisaat1_.id as id1_5_1_,
        organisaat0_.version as version2_19_0_,
        organisaat0_.alkupvm as alkupvm3_19_0_,
        organisaat0_.child_id as child_id7_19_0_,
        organisaat0_.loppupvm as loppupvm4_19_0_,
        organisaat0_.opetuspisteenjarjnro as opetuspi5_19_0_,
        organisaat0_.parent_id as parent_i8_19_0_,
        organisaat0_.suhdetyyppi as suhdetyy6_19_0_,
        organisaat1_.version as version2_5_1_,
        organisaat1_.alkupvm as alkupvm3_5_1_,
        organisaat1_.domainnimi as domainni4_5_1_,
        organisaat1_.kotipaikka as kotipaik5_5_1_,
        organisaat1_.kuvaus_mkt as kuvaus_28_5_1_,
        organisaat1_.lakkautuspvm as lakkautu6_5_1_,
        organisaat1_.maa as maa7_5_1_,
        organisaat1_.metadata_id as metadat29_5_1_,
        organisaat1_.nimi_mkt as nimi_mk30_5_1_,
        organisaat1_.nimihaku as nimihaku8_5_1_,
        organisaat1_.oid as oid9_5_1_,
        organisaat1_.opetuspisteenjarjnro as opetusp10_5_1_,
        organisaat1_.oppilaitoskoodi as oppilai11_5_1_,
        organisaat1_.oppilaitos_tyyppi as oppilai12_5_1_,
        organisaat1_.organisaatio_poistettu as organis13_5_1_,
        organisaat1_.paivittaja as paivitt14_5_1_,
        organisaat1_.paivityspvm as paivity15_5_1_,
        organisaat1_.parentidpath as parenti16_5_1_,
        organisaat1_.parentoidpath as parento17_5_1_,
        organisaat1_.piilotettu as piilote18_5_1_,
        organisaat1_.tarkastus_pvm as tarkast19_5_1_,
        organisaat1_.toimipistekoodi as toimipi20_5_1_,
        organisaat1_.tuontipvm as tuontip21_5_1_,
        organisaat1_.varhaiskasvatuksen_toimipaikka_tiedot_id as varhais31_5_1_,
        organisaat1_.virastotunnus as virasto22_5_1_,
        organisaat1_.yhteishaunkoulukoodi as yhteish23_5_1_,
        organisaat1_.yritysmuoto as yritysm24_5_1_,
        organisaat1_.ytj_kieli as ytj_kie25_5_1_,
        organisaat1_.ytjpaivityspvm as ytjpaiv26_5_1_,
        organisaat1_.ytunnus as ytunnus27_5_1_ 
    from
        organisaatiosuhde organisaat0_ 
    inner join
        organisaatio organisaat1_ 
            on organisaat0_.child_id=organisaat1_.id 
    where
        organisaat0_.parent_id=? 
        and organisaat0_.suhdetyyppi=? 
        and (
            organisaat0_.alkupvm=? 
            or organisaat0_.alkupvm<?
        ) 
        and (
            organisaat0_.loppupvm is null 
            or organisaat0_.loppupvm>?
        ) 
        and organisaat1_.organisaatio_poistettu=? 
    order by
        organisaat0_.alkupvm desc
2020-06-10 20:38:39.942 TRACE 56553 --- [    Test worker] o.h.type.descriptor.sql.BasicBinder      : binding parameter [1] as [BIGINT] - [14]
2020-06-10 20:38:39.942 TRACE 56553 --- [    Test worker] o.h.type.descriptor.sql.BasicBinder      : binding parameter [2] as [VARCHAR] - [HISTORIA]
2020-06-10 20:38:39.943 TRACE 56553 --- [    Test worker] o.h.type.descriptor.sql.BasicBinder      : binding parameter [3] as [DATE] - [Fri Jan 05 00:00:00 EET 2001]
2020-06-10 20:38:39.943 TRACE 56553 --- [    Test worker] o.h.type.descriptor.sql.BasicBinder      : binding parameter [4] as [DATE] - [Fri Jan 05 00:00:00 EET 2001]
2020-06-10 20:38:39.943 TRACE 56553 --- [    Test worker] o.h.type.descriptor.sql.BasicBinder      : binding parameter [5] as [DATE] - [Fri Jan 05 00:00:00 EET 2001]
2020-06-10 20:38:39.943 TRACE 56553 --- [    Test worker] o.h.type.descriptor.sql.BasicBinder      : binding parameter [6] as [BOOLEAN] - [false]
2020-06-10 20:38:39.943 TRACE 56553 --- [    Test worker] o.h.type.descriptor.sql.BasicExtractor   : extracted value ([id1_19_0_] : [BIGINT]) - [8]
2020-06-10 20:38:39.943 TRACE 56553 --- [    Test worker] o.h.type.descriptor.sql.BasicExtractor   : extracted value ([id1_5_1_] : [BIGINT]) - [15]
2020-06-10 20:38:39.943  INFO 56553 --- [    Test worker] .s.o.r.i.OrganisaatioSuhdeRepositoryImpl : findParentTo(15, Fri Jan 05 00:00:00 EET 2001)
Hibernate: 
    select
        organisaat0_.id as id1_19_0_,
        organisaat1_.id as id1_5_1_,
        organisaat0_.version as version2_19_0_,
        organisaat0_.alkupvm as alkupvm3_19_0_,
        organisaat0_.child_id as child_id7_19_0_,
        organisaat0_.loppupvm as loppupvm4_19_0_,
        organisaat0_.opetuspisteenjarjnro as opetuspi5_19_0_,
        organisaat0_.parent_id as parent_i8_19_0_,
        organisaat0_.suhdetyyppi as suhdetyy6_19_0_,
        organisaat1_.version as version2_5_1_,
        organisaat1_.alkupvm as alkupvm3_5_1_,
        organisaat1_.domainnimi as domainni4_5_1_,
        organisaat1_.kotipaikka as kotipaik5_5_1_,
        organisaat1_.kuvaus_mkt as kuvaus_28_5_1_,
        organisaat1_.lakkautuspvm as lakkautu6_5_1_,
        organisaat1_.maa as maa7_5_1_,
        organisaat1_.metadata_id as metadat29_5_1_,
        organisaat1_.nimi_mkt as nimi_mk30_5_1_,
        organisaat1_.nimihaku as nimihaku8_5_1_,
        organisaat1_.oid as oid9_5_1_,
        organisaat1_.opetuspisteenjarjnro as opetusp10_5_1_,
        organisaat1_.oppilaitoskoodi as oppilai11_5_1_,
        organisaat1_.oppilaitos_tyyppi as oppilai12_5_1_,
        organisaat1_.organisaatio_poistettu as organis13_5_1_,
        organisaat1_.paivittaja as paivitt14_5_1_,
        organisaat1_.paivityspvm as paivity15_5_1_,
        organisaat1_.parentidpath as parenti16_5_1_,
        organisaat1_.parentoidpath as parento17_5_1_,
        organisaat1_.piilotettu as piilote18_5_1_,
        organisaat1_.tarkastus_pvm as tarkast19_5_1_,
        organisaat1_.toimipistekoodi as toimipi20_5_1_,
        organisaat1_.tuontipvm as tuontip21_5_1_,
        organisaat1_.varhaiskasvatuksen_toimipaikka_tiedot_id as varhais31_5_1_,
        organisaat1_.virastotunnus as virasto22_5_1_,
        organisaat1_.yhteishaunkoulukoodi as yhteish23_5_1_,
        organisaat1_.yritysmuoto as yritysm24_5_1_,
        organisaat1_.ytj_kieli as ytj_kie25_5_1_,
        organisaat1_.ytjpaivityspvm as ytjpaiv26_5_1_,
        organisaat1_.ytunnus as ytunnus27_5_1_ 
    from
        organisaatiosuhde organisaat0_ 
    inner join
        organisaatio organisaat1_ 
            on organisaat0_.parent_id=organisaat1_.id 
    where
        organisaat0_.child_id=? 
        and organisaat0_.suhdetyyppi=? 
        and (
            organisaat0_.alkupvm=? 
            or organisaat0_.alkupvm<?
        ) 
        and (
            organisaat0_.loppupvm is null 
            or organisaat0_.loppupvm>?
        ) 
        and organisaat1_.organisaatio_poistettu=? 
    order by
        organisaat0_.alkupvm desc
2020-06-10 20:38:39.945 TRACE 56553 --- [    Test worker] o.h.type.descriptor.sql.BasicBinder      : binding parameter [1] as [BIGINT] - [15]
2020-06-10 20:38:39.945 TRACE 56553 --- [    Test worker] o.h.type.descriptor.sql.BasicBinder      : binding parameter [2] as [VARCHAR] - [HISTORIA]
2020-06-10 20:38:39.945 TRACE 56553 --- [    Test worker] o.h.type.descriptor.sql.BasicBinder      : binding parameter [3] as [DATE] - [Fri Jan 05 00:00:00 EET 2001]
2020-06-10 20:38:39.945 TRACE 56553 --- [    Test worker] o.h.type.descriptor.sql.BasicBinder      : binding parameter [4] as [DATE] - [Fri Jan 05 00:00:00 EET 2001]
2020-06-10 20:38:39.946 TRACE 56553 --- [    Test worker] o.h.type.descriptor.sql.BasicBinder      : binding parameter [5] as [DATE] - [Fri Jan 05 00:00:00 EET 2001]
2020-06-10 20:38:39.946 TRACE 56553 --- [    Test worker] o.h.type.descriptor.sql.BasicBinder      : binding parameter [6] as [BOOLEAN] - [false]
2020-06-10 20:38:39.946 TRACE 56553 --- [    Test worker] o.h.type.descriptor.sql.BasicExtractor   : extracted value ([id1_19_0_] : [BIGINT]) - [9]
2020-06-10 20:38:39.946 TRACE 56553 --- [    Test worker] o.h.type.descriptor.sql.BasicExtractor   : extracted value ([id1_5_1_] : [BIGINT]) - [10]
2020-06-10 20:38:39.946 TRACE 56553 --- [    Test worker] o.h.type.descriptor.sql.BasicExtractor   : extracted value ([id1_19_0_] : [BIGINT]) - [8]
2020-06-10 20:38:39.946 TRACE 56553 --- [    Test worker] o.h.type.descriptor.sql.BasicExtractor   : extracted value ([id1_5_1_] : [BIGINT]) - [14]
2020-06-10 20:38:39.946 TRACE 56553 --- [    Test worker] o.h.type.descriptor.sql.BasicExtractor   : extracted value ([id1_19_0_] : [BIGINT]) - [5]
2020-06-10 20:38:39.946 TRACE 56553 --- [    Test worker] o.h.type.descriptor.sql.BasicExtractor   : extracted value ([id1_5_1_] : [BIGINT]) - [10]
2020-06-10 20:38:39.946  INFO 56553 --- [    Test worker] .s.o.r.i.OrganisaatioSuhdeRepositoryImpl : findChildrenTo(15, Fri Jan 05 00:00:00 EET 2001)
Hibernate: 
    select
        organisaat0_.id as id1_19_0_,
        organisaat1_.id as id1_5_1_,
        organisaat0_.version as version2_19_0_,
        organisaat0_.alkupvm as alkupvm3_19_0_,
        organisaat0_.child_id as child_id7_19_0_,
        organisaat0_.loppupvm as loppupvm4_19_0_,
        organisaat0_.opetuspisteenjarjnro as opetuspi5_19_0_,
        organisaat0_.parent_id as parent_i8_19_0_,
        organisaat0_.suhdetyyppi as suhdetyy6_19_0_,
        organisaat1_.version as version2_5_1_,
        organisaat1_.alkupvm as alkupvm3_5_1_,
        organisaat1_.domainnimi as domainni4_5_1_,
        organisaat1_.kotipaikka as kotipaik5_5_1_,
        organisaat1_.kuvaus_mkt as kuvaus_28_5_1_,
        organisaat1_.lakkautuspvm as lakkautu6_5_1_,
        organisaat1_.maa as maa7_5_1_,
        organisaat1_.metadata_id as metadat29_5_1_,
        organisaat1_.nimi_mkt as nimi_mk30_5_1_,
        organisaat1_.nimihaku as nimihaku8_5_1_,
        organisaat1_.oid as oid9_5_1_,
        organisaat1_.opetuspisteenjarjnro as opetusp10_5_1_,
        organisaat1_.oppilaitoskoodi as oppilai11_5_1_,
        organisaat1_.oppilaitos_tyyppi as oppilai12_5_1_,
        organisaat1_.organisaatio_poistettu as organis13_5_1_,
        organisaat1_.paivittaja as paivitt14_5_1_,
        organisaat1_.paivityspvm as paivity15_5_1_,
        organisaat1_.parentidpath as parenti16_5_1_,
        organisaat1_.parentoidpath as parento17_5_1_,
        organisaat1_.piilotettu as piilote18_5_1_,
        organisaat1_.tarkastus_pvm as tarkast19_5_1_,
        organisaat1_.toimipistekoodi as toimipi20_5_1_,
        organisaat1_.tuontipvm as tuontip21_5_1_,
        organisaat1_.varhaiskasvatuksen_toimipaikka_tiedot_id as varhais31_5_1_,
        organisaat1_.virastotunnus as virasto22_5_1_,
        organisaat1_.yhteishaunkoulukoodi as yhteish23_5_1_,
        organisaat1_.yritysmuoto as yritysm24_5_1_,
        organisaat1_.ytj_kieli as ytj_kie25_5_1_,
        organisaat1_.ytjpaivityspvm as ytjpaiv26_5_1_,
        organisaat1_.ytunnus as ytunnus27_5_1_ 
    from
        organisaatiosuhde organisaat0_ 
    inner join
        organisaatio organisaat1_ 
            on organisaat0_.child_id=organisaat1_.id 
    where
        organisaat0_.parent_id=? 
        and organisaat0_.suhdetyyppi=? 
        and (
            organisaat0_.alkupvm=? 
            or organisaat0_.alkupvm<?
        ) 
        and (
            organisaat0_.loppupvm is null 
            or organisaat0_.loppupvm>?
        ) 
        and organisaat1_.organisaatio_poistettu=? 
    order by
        organisaat0_.alkupvm desc
2020-06-10 20:38:39.947 TRACE 56553 --- [    Test worker] o.h.type.descriptor.sql.BasicBinder      : binding parameter [1] as [BIGINT] - [15]
2020-06-10 20:38:39.948 TRACE 56553 --- [    Test worker] o.h.type.descriptor.sql.BasicBinder      : binding parameter [2] as [VARCHAR] - [HISTORIA]
2020-06-10 20:38:39.948 TRACE 56553 --- [    Test worker] o.h.type.descriptor.sql.BasicBinder      : binding parameter [3] as [DATE] - [Fri Jan 05 00:00:00 EET 2001]
2020-06-10 20:38:39.948 TRACE 56553 --- [    Test worker] o.h.type.descriptor.sql.BasicBinder      : binding parameter [4] as [DATE] - [Fri Jan 05 00:00:00 EET 2001]
2020-06-10 20:38:39.948 TRACE 56553 --- [    Test worker] o.h.type.descriptor.sql.BasicBinder      : binding parameter [5] as [DATE] - [Fri Jan 05 00:00:00 EET 2001]
2020-06-10 20:38:39.948 TRACE 56553 --- [    Test worker] o.h.type.descriptor.sql.BasicBinder      : binding parameter [6] as [BOOLEAN] - [false]
2020-06-10 20:38:39.948  INFO 56553 --- [    Test worker] .o.r.OrganisaatioSuhdeRepositoryImplTest : -------------------------------- createDate(6.1.2001)
2020-06-10 20:38:39.948  INFO 56553 --- [    Test worker] .s.o.r.i.OrganisaatioSuhdeRepositoryImpl : findChildrenTo(11, Sat Jan 06 00:00:00 EET 2001)
Hibernate: 
    select
        organisaat0_.id as id1_19_0_,
        organisaat1_.id as id1_5_1_,
        organisaat0_.version as version2_19_0_,
        organisaat0_.alkupvm as alkupvm3_19_0_,
        organisaat0_.child_id as child_id7_19_0_,
        organisaat0_.loppupvm as loppupvm4_19_0_,
        organisaat0_.opetuspisteenjarjnro as opetuspi5_19_0_,
        organisaat0_.parent_id as parent_i8_19_0_,
        organisaat0_.suhdetyyppi as suhdetyy6_19_0_,
        organisaat1_.version as version2_5_1_,
        organisaat1_.alkupvm as alkupvm3_5_1_,
        organisaat1_.domainnimi as domainni4_5_1_,
        organisaat1_.kotipaikka as kotipaik5_5_1_,
        organisaat1_.kuvaus_mkt as kuvaus_28_5_1_,
        organisaat1_.lakkautuspvm as lakkautu6_5_1_,
        organisaat1_.maa as maa7_5_1_,
        organisaat1_.metadata_id as metadat29_5_1_,
        organisaat1_.nimi_mkt as nimi_mk30_5_1_,
        organisaat1_.nimihaku as nimihaku8_5_1_,
        organisaat1_.oid as oid9_5_1_,
        organisaat1_.opetuspisteenjarjnro as opetusp10_5_1_,
        organisaat1_.oppilaitoskoodi as oppilai11_5_1_,
        organisaat1_.oppilaitos_tyyppi as oppilai12_5_1_,
        organisaat1_.organisaatio_poistettu as organis13_5_1_,
        organisaat1_.paivittaja as paivitt14_5_1_,
        organisaat1_.paivityspvm as paivity15_5_1_,
        organisaat1_.parentidpath as parenti16_5_1_,
        organisaat1_.parentoidpath as parento17_5_1_,
        organisaat1_.piilotettu as piilote18_5_1_,
        organisaat1_.tarkastus_pvm as tarkast19_5_1_,
        organisaat1_.toimipistekoodi as toimipi20_5_1_,
        organisaat1_.tuontipvm as tuontip21_5_1_,
        organisaat1_.varhaiskasvatuksen_toimipaikka_tiedot_id as varhais31_5_1_,
        organisaat1_.virastotunnus as virasto22_5_1_,
        organisaat1_.yhteishaunkoulukoodi as yhteish23_5_1_,
        organisaat1_.yritysmuoto as yritysm24_5_1_,
        organisaat1_.ytj_kieli as ytj_kie25_5_1_,
        organisaat1_.ytjpaivityspvm as ytjpaiv26_5_1_,
        organisaat1_.ytunnus as ytunnus27_5_1_ 
    from
        organisaatiosuhde organisaat0_ 
    inner join
        organisaatio organisaat1_ 
            on organisaat0_.child_id=organisaat1_.id 
    where
        organisaat0_.parent_id=? 
        and organisaat0_.suhdetyyppi=? 
        and (
            organisaat0_.alkupvm=? 
            or organisaat0_.alkupvm<?
        ) 
        and (
            organisaat0_.loppupvm is null 
            or organisaat0_.loppupvm>?
        ) 
        and organisaat1_.organisaatio_poistettu=? 
    order by
        organisaat0_.alkupvm desc
2020-06-10 20:38:39.950 TRACE 56553 --- [    Test worker] o.h.type.descriptor.sql.BasicBinder      : binding parameter [1] as [BIGINT] - [11]
2020-06-10 20:38:39.950 TRACE 56553 --- [    Test worker] o.h.type.descriptor.sql.BasicBinder      : binding parameter [2] as [VARCHAR] - [HISTORIA]
2020-06-10 20:38:39.950 TRACE 56553 --- [    Test worker] o.h.type.descriptor.sql.BasicBinder      : binding parameter [3] as [DATE] - [Sat Jan 06 00:00:00 EET 2001]
2020-06-10 20:38:39.950 TRACE 56553 --- [    Test worker] o.h.type.descriptor.sql.BasicBinder      : binding parameter [4] as [DATE] - [Sat Jan 06 00:00:00 EET 2001]
2020-06-10 20:38:39.950 TRACE 56553 --- [    Test worker] o.h.type.descriptor.sql.BasicBinder      : binding parameter [5] as [DATE] - [Sat Jan 06 00:00:00 EET 2001]
2020-06-10 20:38:39.950 TRACE 56553 --- [    Test worker] o.h.type.descriptor.sql.BasicBinder      : binding parameter [6] as [BOOLEAN] - [false]
2020-06-10 20:38:39.950 TRACE 56553 --- [    Test worker] o.h.type.descriptor.sql.BasicExtractor   : extracted value ([id1_19_0_] : [BIGINT]) - [7]
2020-06-10 20:38:39.950 TRACE 56553 --- [    Test worker] o.h.type.descriptor.sql.BasicExtractor   : extracted value ([id1_5_1_] : [BIGINT]) - [13]
2020-06-10 20:38:39.950 TRACE 56553 --- [    Test worker] o.h.type.descriptor.sql.BasicExtractor   : extracted value ([id1_19_0_] : [BIGINT]) - [6]
2020-06-10 20:38:39.950 TRACE 56553 --- [    Test worker] o.h.type.descriptor.sql.BasicExtractor   : extracted value ([id1_5_1_] : [BIGINT]) - [12]
2020-06-10 20:38:39.951  INFO 56553 --- [    Test worker] .s.o.r.i.OrganisaatioSuhdeRepositoryImpl : findParentTo(13, Sat Jan 06 00:00:00 EET 2001)
Hibernate: 
    select
        organisaat0_.id as id1_19_0_,
        organisaat1_.id as id1_5_1_,
        organisaat0_.version as version2_19_0_,
        organisaat0_.alkupvm as alkupvm3_19_0_,
        organisaat0_.child_id as child_id7_19_0_,
        organisaat0_.loppupvm as loppupvm4_19_0_,
        organisaat0_.opetuspisteenjarjnro as opetuspi5_19_0_,
        organisaat0_.parent_id as parent_i8_19_0_,
        organisaat0_.suhdetyyppi as suhdetyy6_19_0_,
        organisaat1_.version as version2_5_1_,
        organisaat1_.alkupvm as alkupvm3_5_1_,
        organisaat1_.domainnimi as domainni4_5_1_,
        organisaat1_.kotipaikka as kotipaik5_5_1_,
        organisaat1_.kuvaus_mkt as kuvaus_28_5_1_,
        organisaat1_.lakkautuspvm as lakkautu6_5_1_,
        organisaat1_.maa as maa7_5_1_,
        organisaat1_.metadata_id as metadat29_5_1_,
        organisaat1_.nimi_mkt as nimi_mk30_5_1_,
        organisaat1_.nimihaku as nimihaku8_5_1_,
        organisaat1_.oid as oid9_5_1_,
        organisaat1_.opetuspisteenjarjnro as opetusp10_5_1_,
        organisaat1_.oppilaitoskoodi as oppilai11_5_1_,
        organisaat1_.oppilaitos_tyyppi as oppilai12_5_1_,
        organisaat1_.organisaatio_poistettu as organis13_5_1_,
        organisaat1_.paivittaja as paivitt14_5_1_,
        organisaat1_.paivityspvm as paivity15_5_1_,
        organisaat1_.parentidpath as parenti16_5_1_,
        organisaat1_.parentoidpath as parento17_5_1_,
        organisaat1_.piilotettu as piilote18_5_1_,
        organisaat1_.tarkastus_pvm as tarkast19_5_1_,
        organisaat1_.toimipistekoodi as toimipi20_5_1_,
        organisaat1_.tuontipvm as tuontip21_5_1_,
        organisaat1_.varhaiskasvatuksen_toimipaikka_tiedot_id as varhais31_5_1_,
        organisaat1_.virastotunnus as virasto22_5_1_,
        organisaat1_.yhteishaunkoulukoodi as yhteish23_5_1_,
        organisaat1_.yritysmuoto as yritysm24_5_1_,
        organisaat1_.ytj_kieli as ytj_kie25_5_1_,
        organisaat1_.ytjpaivityspvm as ytjpaiv26_5_1_,
        organisaat1_.ytunnus as ytunnus27_5_1_ 
    from
        organisaatiosuhde organisaat0_ 
    inner join
        organisaatio organisaat1_ 
            on organisaat0_.parent_id=organisaat1_.id 
    where
        organisaat0_.child_id=? 
        and organisaat0_.suhdetyyppi=? 
        and (
            organisaat0_.alkupvm=? 
            or organisaat0_.alkupvm<?
        ) 
        and (
            organisaat0_.loppupvm is null 
            or organisaat0_.loppupvm>?
        ) 
        and organisaat1_.organisaatio_poistettu=? 
    order by
        organisaat0_.alkupvm desc
2020-06-10 20:38:39.952 TRACE 56553 --- [    Test worker] o.h.type.descriptor.sql.BasicBinder      : binding parameter [1] as [BIGINT] - [13]
2020-06-10 20:38:39.952 TRACE 56553 --- [    Test worker] o.h.type.descriptor.sql.BasicBinder      : binding parameter [2] as [VARCHAR] - [HISTORIA]
2020-06-10 20:38:39.952 TRACE 56553 --- [    Test worker] o.h.type.descriptor.sql.BasicBinder      : binding parameter [3] as [DATE] - [Sat Jan 06 00:00:00 EET 2001]
2020-06-10 20:38:39.952 TRACE 56553 --- [    Test worker] o.h.type.descriptor.sql.BasicBinder      : binding parameter [4] as [DATE] - [Sat Jan 06 00:00:00 EET 2001]
2020-06-10 20:38:39.952 TRACE 56553 --- [    Test worker] o.h.type.descriptor.sql.BasicBinder      : binding parameter [5] as [DATE] - [Sat Jan 06 00:00:00 EET 2001]
2020-06-10 20:38:39.953 TRACE 56553 --- [    Test worker] o.h.type.descriptor.sql.BasicBinder      : binding parameter [6] as [BOOLEAN] - [false]
2020-06-10 20:38:39.953 TRACE 56553 --- [    Test worker] o.h.type.descriptor.sql.BasicExtractor   : extracted value ([id1_19_0_] : [BIGINT]) - [7]
2020-06-10 20:38:39.953 TRACE 56553 --- [    Test worker] o.h.type.descriptor.sql.BasicExtractor   : extracted value ([id1_5_1_] : [BIGINT]) - [11]
2020-06-10 20:38:39.953 TRACE 56553 --- [    Test worker] o.h.type.descriptor.sql.BasicExtractor   : extracted value ([id1_19_0_] : [BIGINT]) - [3]
2020-06-10 20:38:39.953 TRACE 56553 --- [    Test worker] o.h.type.descriptor.sql.BasicExtractor   : extracted value ([id1_5_1_] : [BIGINT]) - [10]
2020-06-10 20:38:39.953  INFO 56553 --- [    Test worker] .s.o.r.i.OrganisaatioSuhdeRepositoryImpl : findParentTo(12, Sat Jan 06 00:00:00 EET 2001)
Hibernate: 
    select
        organisaat0_.id as id1_19_0_,
        organisaat1_.id as id1_5_1_,
        organisaat0_.version as version2_19_0_,
        organisaat0_.alkupvm as alkupvm3_19_0_,
        organisaat0_.child_id as child_id7_19_0_,
        organisaat0_.loppupvm as loppupvm4_19_0_,
        organisaat0_.opetuspisteenjarjnro as opetuspi5_19_0_,
        organisaat0_.parent_id as parent_i8_19_0_,
        organisaat0_.suhdetyyppi as suhdetyy6_19_0_,
        organisaat1_.version as version2_5_1_,
        organisaat1_.alkupvm as alkupvm3_5_1_,
        organisaat1_.domainnimi as domainni4_5_1_,
        organisaat1_.kotipaikka as kotipaik5_5_1_,
        organisaat1_.kuvaus_mkt as kuvaus_28_5_1_,
        organisaat1_.lakkautuspvm as lakkautu6_5_1_,
        organisaat1_.maa as maa7_5_1_,
        organisaat1_.metadata_id as metadat29_5_1_,
        organisaat1_.nimi_mkt as nimi_mk30_5_1_,
        organisaat1_.nimihaku as nimihaku8_5_1_,
        organisaat1_.oid as oid9_5_1_,
        organisaat1_.opetuspisteenjarjnro as opetusp10_5_1_,
        organisaat1_.oppilaitoskoodi as oppilai11_5_1_,
        organisaat1_.oppilaitos_tyyppi as oppilai12_5_1_,
        organisaat1_.organisaatio_poistettu as organis13_5_1_,
        organisaat1_.paivittaja as paivitt14_5_1_,
        organisaat1_.paivityspvm as paivity15_5_1_,
        organisaat1_.parentidpath as parenti16_5_1_,
        organisaat1_.parentoidpath as parento17_5_1_,
        organisaat1_.piilotettu as piilote18_5_1_,
        organisaat1_.tarkastus_pvm as tarkast19_5_1_,
        organisaat1_.toimipistekoodi as toimipi20_5_1_,
        organisaat1_.tuontipvm as tuontip21_5_1_,
        organisaat1_.varhaiskasvatuksen_toimipaikka_tiedot_id as varhais31_5_1_,
        organisaat1_.virastotunnus as virasto22_5_1_,
        organisaat1_.yhteishaunkoulukoodi as yhteish23_5_1_,
        organisaat1_.yritysmuoto as yritysm24_5_1_,
        organisaat1_.ytj_kieli as ytj_kie25_5_1_,
        organisaat1_.ytjpaivityspvm as ytjpaiv26_5_1_,
        organisaat1_.ytunnus as ytunnus27_5_1_ 
    from
        organisaatiosuhde organisaat0_ 
    inner join
        organisaatio organisaat1_ 
            on organisaat0_.parent_id=organisaat1_.id 
    where
        organisaat0_.child_id=? 
        and organisaat0_.suhdetyyppi=? 
        and (
            organisaat0_.alkupvm=? 
            or organisaat0_.alkupvm<?
        ) 
        and (
            organisaat0_.loppupvm is null 
            or organisaat0_.loppupvm>?
        ) 
        and organisaat1_.organisaatio_poistettu=? 
    order by
        organisaat0_.alkupvm desc
2020-06-10 20:38:39.954 TRACE 56553 --- [    Test worker] o.h.type.descriptor.sql.BasicBinder      : binding parameter [1] as [BIGINT] - [12]
2020-06-10 20:38:39.955 TRACE 56553 --- [    Test worker] o.h.type.descriptor.sql.BasicBinder      : binding parameter [2] as [VARCHAR] - [HISTORIA]
2020-06-10 20:38:39.955 TRACE 56553 --- [    Test worker] o.h.type.descriptor.sql.BasicBinder      : binding parameter [3] as [DATE] - [Sat Jan 06 00:00:00 EET 2001]
2020-06-10 20:38:39.955 TRACE 56553 --- [    Test worker] o.h.type.descriptor.sql.BasicBinder      : binding parameter [4] as [DATE] - [Sat Jan 06 00:00:00 EET 2001]
2020-06-10 20:38:39.955 TRACE 56553 --- [    Test worker] o.h.type.descriptor.sql.BasicBinder      : binding parameter [5] as [DATE] - [Sat Jan 06 00:00:00 EET 2001]
2020-06-10 20:38:39.955 TRACE 56553 --- [    Test worker] o.h.type.descriptor.sql.BasicBinder      : binding parameter [6] as [BOOLEAN] - [false]
2020-06-10 20:38:39.955 TRACE 56553 --- [    Test worker] o.h.type.descriptor.sql.BasicExtractor   : extracted value ([id1_19_0_] : [BIGINT]) - [10]
2020-06-10 20:38:39.955 TRACE 56553 --- [    Test worker] o.h.type.descriptor.sql.BasicExtractor   : extracted value ([id1_5_1_] : [BIGINT]) - [13]
2020-06-10 20:38:39.955 TRACE 56553 --- [    Test worker] o.h.type.descriptor.sql.BasicExtractor   : extracted value ([id1_19_0_] : [BIGINT]) - [6]
2020-06-10 20:38:39.955 TRACE 56553 --- [    Test worker] o.h.type.descriptor.sql.BasicExtractor   : extracted value ([id1_5_1_] : [BIGINT]) - [11]
2020-06-10 20:38:39.955 TRACE 56553 --- [    Test worker] o.h.type.descriptor.sql.BasicExtractor   : extracted value ([id1_19_0_] : [BIGINT]) - [2]
2020-06-10 20:38:39.955 TRACE 56553 --- [    Test worker] o.h.type.descriptor.sql.BasicExtractor   : extracted value ([id1_5_1_] : [BIGINT]) - [10]
2020-06-10 20:38:39.956  INFO 56553 --- [    Test worker] .s.o.r.i.OrganisaatioSuhdeRepositoryImpl : findParentTo(13, Sat Jan 06 00:00:00 EET 2001)
Hibernate: 
    select
        organisaat0_.id as id1_19_0_,
        organisaat1_.id as id1_5_1_,
        organisaat0_.version as version2_19_0_,
        organisaat0_.alkupvm as alkupvm3_19_0_,
        organisaat0_.child_id as child_id7_19_0_,
        organisaat0_.loppupvm as loppupvm4_19_0_,
        organisaat0_.opetuspisteenjarjnro as opetuspi5_19_0_,
        organisaat0_.parent_id as parent_i8_19_0_,
        organisaat0_.suhdetyyppi as suhdetyy6_19_0_,
        organisaat1_.version as version2_5_1_,
        organisaat1_.alkupvm as alkupvm3_5_1_,
        organisaat1_.domainnimi as domainni4_5_1_,
        organisaat1_.kotipaikka as kotipaik5_5_1_,
        organisaat1_.kuvaus_mkt as kuvaus_28_5_1_,
        organisaat1_.lakkautuspvm as lakkautu6_5_1_,
        organisaat1_.maa as maa7_5_1_,
        organisaat1_.metadata_id as metadat29_5_1_,
        organisaat1_.nimi_mkt as nimi_mk30_5_1_,
        organisaat1_.nimihaku as nimihaku8_5_1_,
        organisaat1_.oid as oid9_5_1_,
        organisaat1_.opetuspisteenjarjnro as opetusp10_5_1_,
        organisaat1_.oppilaitoskoodi as oppilai11_5_1_,
        organisaat1_.oppilaitos_tyyppi as oppilai12_5_1_,
        organisaat1_.organisaatio_poistettu as organis13_5_1_,
        organisaat1_.paivittaja as paivitt14_5_1_,
        organisaat1_.paivityspvm as paivity15_5_1_,
        organisaat1_.parentidpath as parenti16_5_1_,
        organisaat1_.parentoidpath as parento17_5_1_,
        organisaat1_.piilotettu as piilote18_5_1_,
        organisaat1_.tarkastus_pvm as tarkast19_5_1_,
        organisaat1_.toimipistekoodi as toimipi20_5_1_,
        organisaat1_.tuontipvm as tuontip21_5_1_,
        organisaat1_.varhaiskasvatuksen_toimipaikka_tiedot_id as varhais31_5_1_,
        organisaat1_.virastotunnus as virasto22_5_1_,
        organisaat1_.yhteishaunkoulukoodi as yhteish23_5_1_,
        organisaat1_.yritysmuoto as yritysm24_5_1_,
        organisaat1_.ytj_kieli as ytj_kie25_5_1_,
        organisaat1_.ytjpaivityspvm as ytjpaiv26_5_1_,
        organisaat1_.ytunnus as ytunnus27_5_1_ 
    from
        organisaatiosuhde organisaat0_ 
    inner join
        organisaatio organisaat1_ 
            on organisaat0_.parent_id=organisaat1_.id 
    where
        organisaat0_.child_id=? 
        and organisaat0_.suhdetyyppi=? 
        and (
            organisaat0_.alkupvm=? 
            or organisaat0_.alkupvm<?
        ) 
        and (
            organisaat0_.loppupvm is null 
            or organisaat0_.loppupvm>?
        ) 
        and organisaat1_.organisaatio_poistettu=? 
    order by
        organisaat0_.alkupvm desc
2020-06-10 20:38:39.957 TRACE 56553 --- [    Test worker] o.h.type.descriptor.sql.BasicBinder      : binding parameter [1] as [BIGINT] - [13]
2020-06-10 20:38:39.957 TRACE 56553 --- [    Test worker] o.h.type.descriptor.sql.BasicBinder      : binding parameter [2] as [VARCHAR] - [HISTORIA]
2020-06-10 20:38:39.957 TRACE 56553 --- [    Test worker] o.h.type.descriptor.sql.BasicBinder      : binding parameter [3] as [DATE] - [Sat Jan 06 00:00:00 EET 2001]
2020-06-10 20:38:39.957 TRACE 56553 --- [    Test worker] o.h.type.descriptor.sql.BasicBinder      : binding parameter [4] as [DATE] - [Sat Jan 06 00:00:00 EET 2001]
2020-06-10 20:38:39.957 TRACE 56553 --- [    Test worker] o.h.type.descriptor.sql.BasicBinder      : binding parameter [5] as [DATE] - [Sat Jan 06 00:00:00 EET 2001]
2020-06-10 20:38:39.957 TRACE 56553 --- [    Test worker] o.h.type.descriptor.sql.BasicBinder      : binding parameter [6] as [BOOLEAN] - [false]
2020-06-10 20:38:39.958 TRACE 56553 --- [    Test worker] o.h.type.descriptor.sql.BasicExtractor   : extracted value ([id1_19_0_] : [BIGINT]) - [7]
2020-06-10 20:38:39.958 TRACE 56553 --- [    Test worker] o.h.type.descriptor.sql.BasicExtractor   : extracted value ([id1_5_1_] : [BIGINT]) - [11]
2020-06-10 20:38:39.958 TRACE 56553 --- [    Test worker] o.h.type.descriptor.sql.BasicExtractor   : extracted value ([id1_19_0_] : [BIGINT]) - [3]
2020-06-10 20:38:39.958 TRACE 56553 --- [    Test worker] o.h.type.descriptor.sql.BasicExtractor   : extracted value ([id1_5_1_] : [BIGINT]) - [10]
2020-06-10 20:38:39.958  INFO 56553 --- [    Test worker] .s.o.r.i.OrganisaatioSuhdeRepositoryImpl : findChildrenTo(12, Sat Jan 06 00:00:00 EET 2001)
Hibernate: 
    select
        organisaat0_.id as id1_19_0_,
        organisaat1_.id as id1_5_1_,
        organisaat0_.version as version2_19_0_,
        organisaat0_.alkupvm as alkupvm3_19_0_,
        organisaat0_.child_id as child_id7_19_0_,
        organisaat0_.loppupvm as loppupvm4_19_0_,
        organisaat0_.opetuspisteenjarjnro as opetuspi5_19_0_,
        organisaat0_.parent_id as parent_i8_19_0_,
        organisaat0_.suhdetyyppi as suhdetyy6_19_0_,
        organisaat1_.version as version2_5_1_,
        organisaat1_.alkupvm as alkupvm3_5_1_,
        organisaat1_.domainnimi as domainni4_5_1_,
        organisaat1_.kotipaikka as kotipaik5_5_1_,
        organisaat1_.kuvaus_mkt as kuvaus_28_5_1_,
        organisaat1_.lakkautuspvm as lakkautu6_5_1_,
        organisaat1_.maa as maa7_5_1_,
        organisaat1_.metadata_id as metadat29_5_1_,
        organisaat1_.nimi_mkt as nimi_mk30_5_1_,
        organisaat1_.nimihaku as nimihaku8_5_1_,
        organisaat1_.oid as oid9_5_1_,
        organisaat1_.opetuspisteenjarjnro as opetusp10_5_1_,
        organisaat1_.oppilaitoskoodi as oppilai11_5_1_,
        organisaat1_.oppilaitos_tyyppi as oppilai12_5_1_,
        organisaat1_.organisaatio_poistettu as organis13_5_1_,
        organisaat1_.paivittaja as paivitt14_5_1_,
        organisaat1_.paivityspvm as paivity15_5_1_,
        organisaat1_.parentidpath as parenti16_5_1_,
        organisaat1_.parentoidpath as parento17_5_1_,
        organisaat1_.piilotettu as piilote18_5_1_,
        organisaat1_.tarkastus_pvm as tarkast19_5_1_,
        organisaat1_.toimipistekoodi as toimipi20_5_1_,
        organisaat1_.tuontipvm as tuontip21_5_1_,
        organisaat1_.varhaiskasvatuksen_toimipaikka_tiedot_id as varhais31_5_1_,
        organisaat1_.virastotunnus as virasto22_5_1_,
        organisaat1_.yhteishaunkoulukoodi as yhteish23_5_1_,
        organisaat1_.yritysmuoto as yritysm24_5_1_,
        organisaat1_.ytj_kieli as ytj_kie25_5_1_,
        organisaat1_.ytjpaivityspvm as ytjpaiv26_5_1_,
        organisaat1_.ytunnus as ytunnus27_5_1_ 
    from
        organisaatiosuhde organisaat0_ 
    inner join
        organisaatio organisaat1_ 
            on organisaat0_.child_id=organisaat1_.id 
    where
        organisaat0_.parent_id=? 
        and organisaat0_.suhdetyyppi=? 
        and (
            organisaat0_.alkupvm=? 
            or organisaat0_.alkupvm<?
        ) 
        and (
            organisaat0_.loppupvm is null 
            or organisaat0_.loppupvm>?
        ) 
        and organisaat1_.organisaatio_poistettu=? 
    order by
        organisaat0_.alkupvm desc
2020-06-10 20:38:39.960 TRACE 56553 --- [    Test worker] o.h.type.descriptor.sql.BasicBinder      : binding parameter [1] as [BIGINT] - [12]
2020-06-10 20:38:39.960 TRACE 56553 --- [    Test worker] o.h.type.descriptor.sql.BasicBinder      : binding parameter [2] as [VARCHAR] - [HISTORIA]
2020-06-10 20:38:39.960 TRACE 56553 --- [    Test worker] o.h.type.descriptor.sql.BasicBinder      : binding parameter [3] as [DATE] - [Sat Jan 06 00:00:00 EET 2001]
2020-06-10 20:38:39.960 TRACE 56553 --- [    Test worker] o.h.type.descriptor.sql.BasicBinder      : binding parameter [4] as [DATE] - [Sat Jan 06 00:00:00 EET 2001]
2020-06-10 20:38:39.960 TRACE 56553 --- [    Test worker] o.h.type.descriptor.sql.BasicBinder      : binding parameter [5] as [DATE] - [Sat Jan 06 00:00:00 EET 2001]
2020-06-10 20:38:39.960 TRACE 56553 --- [    Test worker] o.h.type.descriptor.sql.BasicBinder      : binding parameter [6] as [BOOLEAN] - [false]
2020-06-10 20:38:39.961  INFO 56553 --- [    Test worker] .s.o.r.i.OrganisaatioSuhdeRepositoryImpl : findChildrenTo(13, Sat Jan 06 00:00:00 EET 2001)
Hibernate: 
    select
        organisaat0_.id as id1_19_0_,
        organisaat1_.id as id1_5_1_,
        organisaat0_.version as version2_19_0_,
        organisaat0_.alkupvm as alkupvm3_19_0_,
        organisaat0_.child_id as child_id7_19_0_,
        organisaat0_.loppupvm as loppupvm4_19_0_,
        organisaat0_.opetuspisteenjarjnro as opetuspi5_19_0_,
        organisaat0_.parent_id as parent_i8_19_0_,
        organisaat0_.suhdetyyppi as suhdetyy6_19_0_,
        organisaat1_.version as version2_5_1_,
        organisaat1_.alkupvm as alkupvm3_5_1_,
        organisaat1_.domainnimi as domainni4_5_1_,
        organisaat1_.kotipaikka as kotipaik5_5_1_,
        organisaat1_.kuvaus_mkt as kuvaus_28_5_1_,
        organisaat1_.lakkautuspvm as lakkautu6_5_1_,
        organisaat1_.maa as maa7_5_1_,
        organisaat1_.metadata_id as metadat29_5_1_,
        organisaat1_.nimi_mkt as nimi_mk30_5_1_,
        organisaat1_.nimihaku as nimihaku8_5_1_,
        organisaat1_.oid as oid9_5_1_,
        organisaat1_.opetuspisteenjarjnro as opetusp10_5_1_,
        organisaat1_.oppilaitoskoodi as oppilai11_5_1_,
        organisaat1_.oppilaitos_tyyppi as oppilai12_5_1_,
        organisaat1_.organisaatio_poistettu as organis13_5_1_,
        organisaat1_.paivittaja as paivitt14_5_1_,
        organisaat1_.paivityspvm as paivity15_5_1_,
        organisaat1_.parentidpath as parenti16_5_1_,
        organisaat1_.parentoidpath as parento17_5_1_,
        organisaat1_.piilotettu as piilote18_5_1_,
        organisaat1_.tarkastus_pvm as tarkast19_5_1_,
        organisaat1_.toimipistekoodi as toimipi20_5_1_,
        organisaat1_.tuontipvm as tuontip21_5_1_,
        organisaat1_.varhaiskasvatuksen_toimipaikka_tiedot_id as varhais31_5_1_,
        organisaat1_.virastotunnus as virasto22_5_1_,
        organisaat1_.yhteishaunkoulukoodi as yhteish23_5_1_,
        organisaat1_.yritysmuoto as yritysm24_5_1_,
        organisaat1_.ytj_kieli as ytj_kie25_5_1_,
        organisaat1_.ytjpaivityspvm as ytjpaiv26_5_1_,
        organisaat1_.ytunnus as ytunnus27_5_1_ 
    from
        organisaatiosuhde organisaat0_ 
    inner join
        organisaatio organisaat1_ 
            on organisaat0_.child_id=organisaat1_.id 
    where
        organisaat0_.parent_id=? 
        and organisaat0_.suhdetyyppi=? 
        and (
            organisaat0_.alkupvm=? 
            or organisaat0_.alkupvm<?
        ) 
        and (
            organisaat0_.loppupvm is null 
            or organisaat0_.loppupvm>?
        ) 
        and organisaat1_.organisaatio_poistettu=? 
    order by
        organisaat0_.alkupvm desc
2020-06-10 20:38:39.963 TRACE 56553 --- [    Test worker] o.h.type.descriptor.sql.BasicBinder      : binding parameter [1] as [BIGINT] - [13]
2020-06-10 20:38:39.963 TRACE 56553 --- [    Test worker] o.h.type.descriptor.sql.BasicBinder      : binding parameter [2] as [VARCHAR] - [HISTORIA]
2020-06-10 20:38:39.963 TRACE 56553 --- [    Test worker] o.h.type.descriptor.sql.BasicBinder      : binding parameter [3] as [DATE] - [Sat Jan 06 00:00:00 EET 2001]
2020-06-10 20:38:39.963 TRACE 56553 --- [    Test worker] o.h.type.descriptor.sql.BasicBinder      : binding parameter [4] as [DATE] - [Sat Jan 06 00:00:00 EET 2001]
2020-06-10 20:38:39.963 TRACE 56553 --- [    Test worker] o.h.type.descriptor.sql.BasicBinder      : binding parameter [5] as [DATE] - [Sat Jan 06 00:00:00 EET 2001]
2020-06-10 20:38:39.963 TRACE 56553 --- [    Test worker] o.h.type.descriptor.sql.BasicBinder      : binding parameter [6] as [BOOLEAN] - [false]
2020-06-10 20:38:39.963 TRACE 56553 --- [    Test worker] o.h.type.descriptor.sql.BasicExtractor   : extracted value ([id1_19_0_] : [BIGINT]) - [11]
2020-06-10 20:38:39.963 TRACE 56553 --- [    Test worker] o.h.type.descriptor.sql.BasicExtractor   : extracted value ([id1_5_1_] : [BIGINT]) - [14]
2020-06-10 20:38:39.963 TRACE 56553 --- [    Test worker] o.h.type.descriptor.sql.BasicExtractor   : extracted value ([id1_19_0_] : [BIGINT]) - [10]
2020-06-10 20:38:39.964 TRACE 56553 --- [    Test worker] o.h.type.descriptor.sql.BasicExtractor   : extracted value ([id1_5_1_] : [BIGINT]) - [12]
2020-06-10 20:38:39.964  INFO 56553 --- [    Test worker] .s.o.r.i.OrganisaatioSuhdeRepositoryImpl : findParentTo(14, Sat Jan 06 00:00:00 EET 2001)
Hibernate: 
    select
        organisaat0_.id as id1_19_0_,
        organisaat1_.id as id1_5_1_,
        organisaat0_.version as version2_19_0_,
        organisaat0_.alkupvm as alkupvm3_19_0_,
        organisaat0_.child_id as child_id7_19_0_,
        organisaat0_.loppupvm as loppupvm4_19_0_,
        organisaat0_.opetuspisteenjarjnro as opetuspi5_19_0_,
        organisaat0_.parent_id as parent_i8_19_0_,
        organisaat0_.suhdetyyppi as suhdetyy6_19_0_,
        organisaat1_.version as version2_5_1_,
        organisaat1_.alkupvm as alkupvm3_5_1_,
        organisaat1_.domainnimi as domainni4_5_1_,
        organisaat1_.kotipaikka as kotipaik5_5_1_,
        organisaat1_.kuvaus_mkt as kuvaus_28_5_1_,
        organisaat1_.lakkautuspvm as lakkautu6_5_1_,
        organisaat1_.maa as maa7_5_1_,
        organisaat1_.metadata_id as metadat29_5_1_,
        organisaat1_.nimi_mkt as nimi_mk30_5_1_,
        organisaat1_.nimihaku as nimihaku8_5_1_,
        organisaat1_.oid as oid9_5_1_,
        organisaat1_.opetuspisteenjarjnro as opetusp10_5_1_,
        organisaat1_.oppilaitoskoodi as oppilai11_5_1_,
        organisaat1_.oppilaitos_tyyppi as oppilai12_5_1_,
        organisaat1_.organisaatio_poistettu as organis13_5_1_,
        organisaat1_.paivittaja as paivitt14_5_1_,
        organisaat1_.paivityspvm as paivity15_5_1_,
        organisaat1_.parentidpath as parenti16_5_1_,
        organisaat1_.parentoidpath as parento17_5_1_,
        organisaat1_.piilotettu as piilote18_5_1_,
        organisaat1_.tarkastus_pvm as tarkast19_5_1_,
        organisaat1_.toimipistekoodi as toimipi20_5_1_,
        organisaat1_.tuontipvm as tuontip21_5_1_,
        organisaat1_.varhaiskasvatuksen_toimipaikka_tiedot_id as varhais31_5_1_,
        organisaat1_.virastotunnus as virasto22_5_1_,
        organisaat1_.yhteishaunkoulukoodi as yhteish23_5_1_,
        organisaat1_.yritysmuoto as yritysm24_5_1_,
        organisaat1_.ytj_kieli as ytj_kie25_5_1_,
        organisaat1_.ytjpaivityspvm as ytjpaiv26_5_1_,
        organisaat1_.ytunnus as ytunnus27_5_1_ 
    from
        organisaatiosuhde organisaat0_ 
    inner join
        organisaatio organisaat1_ 
            on organisaat0_.parent_id=organisaat1_.id 
    where
        organisaat0_.child_id=? 
        and organisaat0_.suhdetyyppi=? 
        and (
            organisaat0_.alkupvm=? 
            or organisaat0_.alkupvm<?
        ) 
        and (
            organisaat0_.loppupvm is null 
            or organisaat0_.loppupvm>?
        ) 
        and organisaat1_.organisaatio_poistettu=? 
    order by
        organisaat0_.alkupvm desc
2020-06-10 20:38:39.965 TRACE 56553 --- [    Test worker] o.h.type.descriptor.sql.BasicBinder      : binding parameter [1] as [BIGINT] - [14]
2020-06-10 20:38:39.965 TRACE 56553 --- [    Test worker] o.h.type.descriptor.sql.BasicBinder      : binding parameter [2] as [VARCHAR] - [HISTORIA]
2020-06-10 20:38:39.965 TRACE 56553 --- [    Test worker] o.h.type.descriptor.sql.BasicBinder      : binding parameter [3] as [DATE] - [Sat Jan 06 00:00:00 EET 2001]
2020-06-10 20:38:39.965 TRACE 56553 --- [    Test worker] o.h.type.descriptor.sql.BasicBinder      : binding parameter [4] as [DATE] - [Sat Jan 06 00:00:00 EET 2001]
2020-06-10 20:38:39.965 TRACE 56553 --- [    Test worker] o.h.type.descriptor.sql.BasicBinder      : binding parameter [5] as [DATE] - [Sat Jan 06 00:00:00 EET 2001]
2020-06-10 20:38:39.965 TRACE 56553 --- [    Test worker] o.h.type.descriptor.sql.BasicBinder      : binding parameter [6] as [BOOLEAN] - [false]
2020-06-10 20:38:39.966 TRACE 56553 --- [    Test worker] o.h.type.descriptor.sql.BasicExtractor   : extracted value ([id1_19_0_] : [BIGINT]) - [11]
2020-06-10 20:38:39.966 TRACE 56553 --- [    Test worker] o.h.type.descriptor.sql.BasicExtractor   : extracted value ([id1_5_1_] : [BIGINT]) - [13]
2020-06-10 20:38:39.966 TRACE 56553 --- [    Test worker] o.h.type.descriptor.sql.BasicExtractor   : extracted value ([id1_19_0_] : [BIGINT]) - [4]
2020-06-10 20:38:39.966 TRACE 56553 --- [    Test worker] o.h.type.descriptor.sql.BasicExtractor   : extracted value ([id1_5_1_] : [BIGINT]) - [10]
2020-06-10 20:38:39.966  INFO 56553 --- [    Test worker] .s.o.r.i.OrganisaatioSuhdeRepositoryImpl : findParentTo(12, Sat Jan 06 00:00:00 EET 2001)
Hibernate: 
    select
        organisaat0_.id as id1_19_0_,
        organisaat1_.id as id1_5_1_,
        organisaat0_.version as version2_19_0_,
        organisaat0_.alkupvm as alkupvm3_19_0_,
        organisaat0_.child_id as child_id7_19_0_,
        organisaat0_.loppupvm as loppupvm4_19_0_,
        organisaat0_.opetuspisteenjarjnro as opetuspi5_19_0_,
        organisaat0_.parent_id as parent_i8_19_0_,
        organisaat0_.suhdetyyppi as suhdetyy6_19_0_,
        organisaat1_.version as version2_5_1_,
        organisaat1_.alkupvm as alkupvm3_5_1_,
        organisaat1_.domainnimi as domainni4_5_1_,
        organisaat1_.kotipaikka as kotipaik5_5_1_,
        organisaat1_.kuvaus_mkt as kuvaus_28_5_1_,
        organisaat1_.lakkautuspvm as lakkautu6_5_1_,
        organisaat1_.maa as maa7_5_1_,
        organisaat1_.metadata_id as metadat29_5_1_,
        organisaat1_.nimi_mkt as nimi_mk30_5_1_,
        organisaat1_.nimihaku as nimihaku8_5_1_,
        organisaat1_.oid as oid9_5_1_,
        organisaat1_.opetuspisteenjarjnro as opetusp10_5_1_,
        organisaat1_.oppilaitoskoodi as oppilai11_5_1_,
        organisaat1_.oppilaitos_tyyppi as oppilai12_5_1_,
        organisaat1_.organisaatio_poistettu as organis13_5_1_,
        organisaat1_.paivittaja as paivitt14_5_1_,
        organisaat1_.paivityspvm as paivity15_5_1_,
        organisaat1_.parentidpath as parenti16_5_1_,
        organisaat1_.parentoidpath as parento17_5_1_,
        organisaat1_.piilotettu as piilote18_5_1_,
        organisaat1_.tarkastus_pvm as tarkast19_5_1_,
        organisaat1_.toimipistekoodi as toimipi20_5_1_,
        organisaat1_.tuontipvm as tuontip21_5_1_,
        organisaat1_.varhaiskasvatuksen_toimipaikka_tiedot_id as varhais31_5_1_,
        organisaat1_.virastotunnus as virasto22_5_1_,
        organisaat1_.yhteishaunkoulukoodi as yhteish23_5_1_,
        organisaat1_.yritysmuoto as yritysm24_5_1_,
        organisaat1_.ytj_kieli as ytj_kie25_5_1_,
        organisaat1_.ytjpaivityspvm as ytjpaiv26_5_1_,
        organisaat1_.ytunnus as ytunnus27_5_1_ 
    from
        organisaatiosuhde organisaat0_ 
    inner join
        organisaatio organisaat1_ 
            on organisaat0_.parent_id=organisaat1_.id 
    where
        organisaat0_.child_id=? 
        and organisaat0_.suhdetyyppi=? 
        and (
            organisaat0_.alkupvm=? 
            or organisaat0_.alkupvm<?
        ) 
        and (
            organisaat0_.loppupvm is null 
            or organisaat0_.loppupvm>?
        ) 
        and organisaat1_.organisaatio_poistettu=? 
    order by
        organisaat0_.alkupvm desc
2020-06-10 20:38:39.967 TRACE 56553 --- [    Test worker] o.h.type.descriptor.sql.BasicBinder      : binding parameter [1] as [BIGINT] - [12]
2020-06-10 20:38:39.967 TRACE 56553 --- [    Test worker] o.h.type.descriptor.sql.BasicBinder      : binding parameter [2] as [VARCHAR] - [HISTORIA]
2020-06-10 20:38:39.967 TRACE 56553 --- [    Test worker] o.h.type.descriptor.sql.BasicBinder      : binding parameter [3] as [DATE] - [Sat Jan 06 00:00:00 EET 2001]
2020-06-10 20:38:39.967 TRACE 56553 --- [    Test worker] o.h.type.descriptor.sql.BasicBinder      : binding parameter [4] as [DATE] - [Sat Jan 06 00:00:00 EET 2001]
2020-06-10 20:38:39.968 TRACE 56553 --- [    Test worker] o.h.type.descriptor.sql.BasicBinder      : binding parameter [5] as [DATE] - [Sat Jan 06 00:00:00 EET 2001]
2020-06-10 20:38:39.968 TRACE 56553 --- [    Test worker] o.h.type.descriptor.sql.BasicBinder      : binding parameter [6] as [BOOLEAN] - [false]
2020-06-10 20:38:39.968 TRACE 56553 --- [    Test worker] o.h.type.descriptor.sql.BasicExtractor   : extracted value ([id1_19_0_] : [BIGINT]) - [10]
2020-06-10 20:38:39.968 TRACE 56553 --- [    Test worker] o.h.type.descriptor.sql.BasicExtractor   : extracted value ([id1_5_1_] : [BIGINT]) - [13]
2020-06-10 20:38:39.968 TRACE 56553 --- [    Test worker] o.h.type.descriptor.sql.BasicExtractor   : extracted value ([id1_19_0_] : [BIGINT]) - [6]
2020-06-10 20:38:39.968 TRACE 56553 --- [    Test worker] o.h.type.descriptor.sql.BasicExtractor   : extracted value ([id1_5_1_] : [BIGINT]) - [11]
2020-06-10 20:38:39.968 TRACE 56553 --- [    Test worker] o.h.type.descriptor.sql.BasicExtractor   : extracted value ([id1_19_0_] : [BIGINT]) - [2]
2020-06-10 20:38:39.968 TRACE 56553 --- [    Test worker] o.h.type.descriptor.sql.BasicExtractor   : extracted value ([id1_5_1_] : [BIGINT]) - [10]
2020-06-10 20:38:39.968  INFO 56553 --- [    Test worker] .s.o.r.i.OrganisaatioSuhdeRepositoryImpl : findParentTo(12, Sat Jan 06 00:00:00 EET 2001)
Hibernate: 
    select
        organisaat0_.id as id1_19_0_,
        organisaat1_.id as id1_5_1_,
        organisaat0_.version as version2_19_0_,
        organisaat0_.alkupvm as alkupvm3_19_0_,
        organisaat0_.child_id as child_id7_19_0_,
        organisaat0_.loppupvm as loppupvm4_19_0_,
        organisaat0_.opetuspisteenjarjnro as opetuspi5_19_0_,
        organisaat0_.parent_id as parent_i8_19_0_,
        organisaat0_.suhdetyyppi as suhdetyy6_19_0_,
        organisaat1_.version as version2_5_1_,
        organisaat1_.alkupvm as alkupvm3_5_1_,
        organisaat1_.domainnimi as domainni4_5_1_,
        organisaat1_.kotipaikka as kotipaik5_5_1_,
        organisaat1_.kuvaus_mkt as kuvaus_28_5_1_,
        organisaat1_.lakkautuspvm as lakkautu6_5_1_,
        organisaat1_.maa as maa7_5_1_,
        organisaat1_.metadata_id as metadat29_5_1_,
        organisaat1_.nimi_mkt as nimi_mk30_5_1_,
        organisaat1_.nimihaku as nimihaku8_5_1_,
        organisaat1_.oid as oid9_5_1_,
        organisaat1_.opetuspisteenjarjnro as opetusp10_5_1_,
        organisaat1_.oppilaitoskoodi as oppilai11_5_1_,
        organisaat1_.oppilaitos_tyyppi as oppilai12_5_1_,
        organisaat1_.organisaatio_poistettu as organis13_5_1_,
        organisaat1_.paivittaja as paivitt14_5_1_,
        organisaat1_.paivityspvm as paivity15_5_1_,
        organisaat1_.parentidpath as parenti16_5_1_,
        organisaat1_.parentoidpath as parento17_5_1_,
        organisaat1_.piilotettu as piilote18_5_1_,
        organisaat1_.tarkastus_pvm as tarkast19_5_1_,
        organisaat1_.toimipistekoodi as toimipi20_5_1_,
        organisaat1_.tuontipvm as tuontip21_5_1_,
        organisaat1_.varhaiskasvatuksen_toimipaikka_tiedot_id as varhais31_5_1_,
        organisaat1_.virastotunnus as virasto22_5_1_,
        organisaat1_.yhteishaunkoulukoodi as yhteish23_5_1_,
        organisaat1_.yritysmuoto as yritysm24_5_1_,
        organisaat1_.ytj_kieli as ytj_kie25_5_1_,
        organisaat1_.ytjpaivityspvm as ytjpaiv26_5_1_,
        organisaat1_.ytunnus as ytunnus27_5_1_ 
    from
        organisaatiosuhde organisaat0_ 
    inner join
        organisaatio organisaat1_ 
            on organisaat0_.parent_id=organisaat1_.id 
    where
        organisaat0_.child_id=? 
        and organisaat0_.suhdetyyppi=? 
        and (
            organisaat0_.alkupvm=? 
            or organisaat0_.alkupvm<?
        ) 
        and (
            organisaat0_.loppupvm is null 
            or organisaat0_.loppupvm>?
        ) 
        and organisaat1_.organisaatio_poistettu=? 
    order by
        organisaat0_.alkupvm desc
2020-06-10 20:38:39.970 TRACE 56553 --- [    Test worker] o.h.type.descriptor.sql.BasicBinder      : binding parameter [1] as [BIGINT] - [12]
2020-06-10 20:38:39.970 TRACE 56553 --- [    Test worker] o.h.type.descriptor.sql.BasicBinder      : binding parameter [2] as [VARCHAR] - [HISTORIA]
2020-06-10 20:38:39.970 TRACE 56553 --- [    Test worker] o.h.type.descriptor.sql.BasicBinder      : binding parameter [3] as [DATE] - [Sat Jan 06 00:00:00 EET 2001]
2020-06-10 20:38:39.970 TRACE 56553 --- [    Test worker] o.h.type.descriptor.sql.BasicBinder      : binding parameter [4] as [DATE] - [Sat Jan 06 00:00:00 EET 2001]
2020-06-10 20:38:39.970 TRACE 56553 --- [    Test worker] o.h.type.descriptor.sql.BasicBinder      : binding parameter [5] as [DATE] - [Sat Jan 06 00:00:00 EET 2001]
2020-06-10 20:38:39.970 TRACE 56553 --- [    Test worker] o.h.type.descriptor.sql.BasicBinder      : binding parameter [6] as [BOOLEAN] - [false]
2020-06-10 20:38:39.970 TRACE 56553 --- [    Test worker] o.h.type.descriptor.sql.BasicExtractor   : extracted value ([id1_19_0_] : [BIGINT]) - [10]
2020-06-10 20:38:39.970 TRACE 56553 --- [    Test worker] o.h.type.descriptor.sql.BasicExtractor   : extracted value ([id1_5_1_] : [BIGINT]) - [13]
2020-06-10 20:38:39.970 TRACE 56553 --- [    Test worker] o.h.type.descriptor.sql.BasicExtractor   : extracted value ([id1_19_0_] : [BIGINT]) - [6]
2020-06-10 20:38:39.971 TRACE 56553 --- [    Test worker] o.h.type.descriptor.sql.BasicExtractor   : extracted value ([id1_5_1_] : [BIGINT]) - [11]
2020-06-10 20:38:39.971 TRACE 56553 --- [    Test worker] o.h.type.descriptor.sql.BasicExtractor   : extracted value ([id1_19_0_] : [BIGINT]) - [2]
2020-06-10 20:38:39.971 TRACE 56553 --- [    Test worker] o.h.type.descriptor.sql.BasicExtractor   : extracted value ([id1_5_1_] : [BIGINT]) - [10]
2020-06-10 20:38:39.971  INFO 56553 --- [    Test worker] .s.o.r.i.OrganisaatioSuhdeRepositoryImpl : findParentTo(14, Sat Jan 06 00:00:00 EET 2001)
Hibernate: 
    select
        organisaat0_.id as id1_19_0_,
        organisaat1_.id as id1_5_1_,
        organisaat0_.version as version2_19_0_,
        organisaat0_.alkupvm as alkupvm3_19_0_,
        organisaat0_.child_id as child_id7_19_0_,
        organisaat0_.loppupvm as loppupvm4_19_0_,
        organisaat0_.opetuspisteenjarjnro as opetuspi5_19_0_,
        organisaat0_.parent_id as parent_i8_19_0_,
        organisaat0_.suhdetyyppi as suhdetyy6_19_0_,
        organisaat1_.version as version2_5_1_,
        organisaat1_.alkupvm as alkupvm3_5_1_,
        organisaat1_.domainnimi as domainni4_5_1_,
        organisaat1_.kotipaikka as kotipaik5_5_1_,
        organisaat1_.kuvaus_mkt as kuvaus_28_5_1_,
        organisaat1_.lakkautuspvm as lakkautu6_5_1_,
        organisaat1_.maa as maa7_5_1_,
        organisaat1_.metadata_id as metadat29_5_1_,
        organisaat1_.nimi_mkt as nimi_mk30_5_1_,
        organisaat1_.nimihaku as nimihaku8_5_1_,
        organisaat1_.oid as oid9_5_1_,
        organisaat1_.opetuspisteenjarjnro as opetusp10_5_1_,
        organisaat1_.oppilaitoskoodi as oppilai11_5_1_,
        organisaat1_.oppilaitos_tyyppi as oppilai12_5_1_,
        organisaat1_.organisaatio_poistettu as organis13_5_1_,
        organisaat1_.paivittaja as paivitt14_5_1_,
        organisaat1_.paivityspvm as paivity15_5_1_,
        organisaat1_.parentidpath as parenti16_5_1_,
        organisaat1_.parentoidpath as parento17_5_1_,
        organisaat1_.piilotettu as piilote18_5_1_,
        organisaat1_.tarkastus_pvm as tarkast19_5_1_,
        organisaat1_.toimipistekoodi as toimipi20_5_1_,
        organisaat1_.tuontipvm as tuontip21_5_1_,
        organisaat1_.varhaiskasvatuksen_toimipaikka_tiedot_id as varhais31_5_1_,
        organisaat1_.virastotunnus as virasto22_5_1_,
        organisaat1_.yhteishaunkoulukoodi as yhteish23_5_1_,
        organisaat1_.yritysmuoto as yritysm24_5_1_,
        organisaat1_.ytj_kieli as ytj_kie25_5_1_,
        organisaat1_.ytjpaivityspvm as ytjpaiv26_5_1_,
        organisaat1_.ytunnus as ytunnus27_5_1_ 
    from
        organisaatiosuhde organisaat0_ 
    inner join
        organisaatio organisaat1_ 
            on organisaat0_.parent_id=organisaat1_.id 
    where
        organisaat0_.child_id=? 
        and organisaat0_.suhdetyyppi=? 
        and (
            organisaat0_.alkupvm=? 
            or organisaat0_.alkupvm<?
        ) 
        and (
            organisaat0_.loppupvm is null 
            or organisaat0_.loppupvm>?
        ) 
        and organisaat1_.organisaatio_poistettu=? 
    order by
        organisaat0_.alkupvm desc
2020-06-10 20:38:39.972 TRACE 56553 --- [    Test worker] o.h.type.descriptor.sql.BasicBinder      : binding parameter [1] as [BIGINT] - [14]
2020-06-10 20:38:39.972 TRACE 56553 --- [    Test worker] o.h.type.descriptor.sql.BasicBinder      : binding parameter [2] as [VARCHAR] - [HISTORIA]
2020-06-10 20:38:39.972 TRACE 56553 --- [    Test worker] o.h.type.descriptor.sql.BasicBinder      : binding parameter [3] as [DATE] - [Sat Jan 06 00:00:00 EET 2001]
2020-06-10 20:38:39.973 TRACE 56553 --- [    Test worker] o.h.type.descriptor.sql.BasicBinder      : binding parameter [4] as [DATE] - [Sat Jan 06 00:00:00 EET 2001]
2020-06-10 20:38:39.973 TRACE 56553 --- [    Test worker] o.h.type.descriptor.sql.BasicBinder      : binding parameter [5] as [DATE] - [Sat Jan 06 00:00:00 EET 2001]
2020-06-10 20:38:39.973 TRACE 56553 --- [    Test worker] o.h.type.descriptor.sql.BasicBinder      : binding parameter [6] as [BOOLEAN] - [false]
2020-06-10 20:38:39.973 TRACE 56553 --- [    Test worker] o.h.type.descriptor.sql.BasicExtractor   : extracted value ([id1_19_0_] : [BIGINT]) - [11]
2020-06-10 20:38:39.973 TRACE 56553 --- [    Test worker] o.h.type.descriptor.sql.BasicExtractor   : extracted value ([id1_5_1_] : [BIGINT]) - [13]
2020-06-10 20:38:39.973 TRACE 56553 --- [    Test worker] o.h.type.descriptor.sql.BasicExtractor   : extracted value ([id1_19_0_] : [BIGINT]) - [4]
2020-06-10 20:38:39.973 TRACE 56553 --- [    Test worker] o.h.type.descriptor.sql.BasicExtractor   : extracted value ([id1_5_1_] : [BIGINT]) - [10]
2020-06-10 20:38:39.973  INFO 56553 --- [    Test worker] .s.o.r.i.OrganisaatioSuhdeRepositoryImpl : findChildrenTo(14, Sat Jan 06 00:00:00 EET 2001)
Hibernate: 
    select
        organisaat0_.id as id1_19_0_,
        organisaat1_.id as id1_5_1_,
        organisaat0_.version as version2_19_0_,
        organisaat0_.alkupvm as alkupvm3_19_0_,
        organisaat0_.child_id as child_id7_19_0_,
        organisaat0_.loppupvm as loppupvm4_19_0_,
        organisaat0_.opetuspisteenjarjnro as opetuspi5_19_0_,
        organisaat0_.parent_id as parent_i8_19_0_,
        organisaat0_.suhdetyyppi as suhdetyy6_19_0_,
        organisaat1_.version as version2_5_1_,
        organisaat1_.alkupvm as alkupvm3_5_1_,
        organisaat1_.domainnimi as domainni4_5_1_,
        organisaat1_.kotipaikka as kotipaik5_5_1_,
        organisaat1_.kuvaus_mkt as kuvaus_28_5_1_,
        organisaat1_.lakkautuspvm as lakkautu6_5_1_,
        organisaat1_.maa as maa7_5_1_,
        organisaat1_.metadata_id as metadat29_5_1_,
        organisaat1_.nimi_mkt as nimi_mk30_5_1_,
        organisaat1_.nimihaku as nimihaku8_5_1_,
        organisaat1_.oid as oid9_5_1_,
        organisaat1_.opetuspisteenjarjnro as opetusp10_5_1_,
        organisaat1_.oppilaitoskoodi as oppilai11_5_1_,
        organisaat1_.oppilaitos_tyyppi as oppilai12_5_1_,
        organisaat1_.organisaatio_poistettu as organis13_5_1_,
        organisaat1_.paivittaja as paivitt14_5_1_,
        organisaat1_.paivityspvm as paivity15_5_1_,
        organisaat1_.parentidpath as parenti16_5_1_,
        organisaat1_.parentoidpath as parento17_5_1_,
        organisaat1_.piilotettu as piilote18_5_1_,
        organisaat1_.tarkastus_pvm as tarkast19_5_1_,
        organisaat1_.toimipistekoodi as toimipi20_5_1_,
        organisaat1_.tuontipvm as tuontip21_5_1_,
        organisaat1_.varhaiskasvatuksen_toimipaikka_tiedot_id as varhais31_5_1_,
        organisaat1_.virastotunnus as virasto22_5_1_,
        organisaat1_.yhteishaunkoulukoodi as yhteish23_5_1_,
        organisaat1_.yritysmuoto as yritysm24_5_1_,
        organisaat1_.ytj_kieli as ytj_kie25_5_1_,
        organisaat1_.ytjpaivityspvm as ytjpaiv26_5_1_,
        organisaat1_.ytunnus as ytunnus27_5_1_ 
    from
        organisaatiosuhde organisaat0_ 
    inner join
        organisaatio organisaat1_ 
            on organisaat0_.child_id=organisaat1_.id 
    where
        organisaat0_.parent_id=? 
        and organisaat0_.suhdetyyppi=? 
        and (
            organisaat0_.alkupvm=? 
            or organisaat0_.alkupvm<?
        ) 
        and (
            organisaat0_.loppupvm is null 
            or organisaat0_.loppupvm>?
        ) 
        and organisaat1_.organisaatio_poistettu=? 
    order by
        organisaat0_.alkupvm desc
2020-06-10 20:38:39.974 TRACE 56553 --- [    Test worker] o.h.type.descriptor.sql.BasicBinder      : binding parameter [1] as [BIGINT] - [14]
2020-06-10 20:38:39.975 TRACE 56553 --- [    Test worker] o.h.type.descriptor.sql.BasicBinder      : binding parameter [2] as [VARCHAR] - [HISTORIA]
2020-06-10 20:38:39.975 TRACE 56553 --- [    Test worker] o.h.type.descriptor.sql.BasicBinder      : binding parameter [3] as [DATE] - [Sat Jan 06 00:00:00 EET 2001]
2020-06-10 20:38:39.975 TRACE 56553 --- [    Test worker] o.h.type.descriptor.sql.BasicBinder      : binding parameter [4] as [DATE] - [Sat Jan 06 00:00:00 EET 2001]
2020-06-10 20:38:39.975 TRACE 56553 --- [    Test worker] o.h.type.descriptor.sql.BasicBinder      : binding parameter [5] as [DATE] - [Sat Jan 06 00:00:00 EET 2001]
2020-06-10 20:38:39.975 TRACE 56553 --- [    Test worker] o.h.type.descriptor.sql.BasicBinder      : binding parameter [6] as [BOOLEAN] - [false]
2020-06-10 20:38:39.975 TRACE 56553 --- [    Test worker] o.h.type.descriptor.sql.BasicExtractor   : extracted value ([id1_19_0_] : [BIGINT]) - [8]
2020-06-10 20:38:39.975 TRACE 56553 --- [    Test worker] o.h.type.descriptor.sql.BasicExtractor   : extracted value ([id1_5_1_] : [BIGINT]) - [15]
2020-06-10 20:38:39.975  INFO 56553 --- [    Test worker] .s.o.r.i.OrganisaatioSuhdeRepositoryImpl : findParentTo(15, Sat Jan 06 00:00:00 EET 2001)
Hibernate: 
    select
        organisaat0_.id as id1_19_0_,
        organisaat1_.id as id1_5_1_,
        organisaat0_.version as version2_19_0_,
        organisaat0_.alkupvm as alkupvm3_19_0_,
        organisaat0_.child_id as child_id7_19_0_,
        organisaat0_.loppupvm as loppupvm4_19_0_,
        organisaat0_.opetuspisteenjarjnro as opetuspi5_19_0_,
        organisaat0_.parent_id as parent_i8_19_0_,
        organisaat0_.suhdetyyppi as suhdetyy6_19_0_,
        organisaat1_.version as version2_5_1_,
        organisaat1_.alkupvm as alkupvm3_5_1_,
        organisaat1_.domainnimi as domainni4_5_1_,
        organisaat1_.kotipaikka as kotipaik5_5_1_,
        organisaat1_.kuvaus_mkt as kuvaus_28_5_1_,
        organisaat1_.lakkautuspvm as lakkautu6_5_1_,
        organisaat1_.maa as maa7_5_1_,
        organisaat1_.metadata_id as metadat29_5_1_,
        organisaat1_.nimi_mkt as nimi_mk30_5_1_,
        organisaat1_.nimihaku as nimihaku8_5_1_,
        organisaat1_.oid as oid9_5_1_,
        organisaat1_.opetuspisteenjarjnro as opetusp10_5_1_,
        organisaat1_.oppilaitoskoodi as oppilai11_5_1_,
        organisaat1_.oppilaitos_tyyppi as oppilai12_5_1_,
        organisaat1_.organisaatio_poistettu as organis13_5_1_,
        organisaat1_.paivittaja as paivitt14_5_1_,
        organisaat1_.paivityspvm as paivity15_5_1_,
        organisaat1_.parentidpath as parenti16_5_1_,
        organisaat1_.parentoidpath as parento17_5_1_,
        organisaat1_.piilotettu as piilote18_5_1_,
        organisaat1_.tarkastus_pvm as tarkast19_5_1_,
        organisaat1_.toimipistekoodi as toimipi20_5_1_,
        organisaat1_.tuontipvm as tuontip21_5_1_,
        organisaat1_.varhaiskasvatuksen_toimipaikka_tiedot_id as varhais31_5_1_,
        organisaat1_.virastotunnus as virasto22_5_1_,
        organisaat1_.yhteishaunkoulukoodi as yhteish23_5_1_,
        organisaat1_.yritysmuoto as yritysm24_5_1_,
        organisaat1_.ytj_kieli as ytj_kie25_5_1_,
        organisaat1_.ytjpaivityspvm as ytjpaiv26_5_1_,
        organisaat1_.ytunnus as ytunnus27_5_1_ 
    from
        organisaatiosuhde organisaat0_ 
    inner join
        organisaatio organisaat1_ 
            on organisaat0_.parent_id=organisaat1_.id 
    where
        organisaat0_.child_id=? 
        and organisaat0_.suhdetyyppi=? 
        and (
            organisaat0_.alkupvm=? 
            or organisaat0_.alkupvm<?
        ) 
        and (
            organisaat0_.loppupvm is null 
            or organisaat0_.loppupvm>?
        ) 
        and organisaat1_.organisaatio_poistettu=? 
    order by
        organisaat0_.alkupvm desc
2020-06-10 20:38:39.977 TRACE 56553 --- [    Test worker] o.h.type.descriptor.sql.BasicBinder      : binding parameter [1] as [BIGINT] - [15]
2020-06-10 20:38:39.977 TRACE 56553 --- [    Test worker] o.h.type.descriptor.sql.BasicBinder      : binding parameter [2] as [VARCHAR] - [HISTORIA]
2020-06-10 20:38:39.977 TRACE 56553 --- [    Test worker] o.h.type.descriptor.sql.BasicBinder      : binding parameter [3] as [DATE] - [Sat Jan 06 00:00:00 EET 2001]
2020-06-10 20:38:39.977 TRACE 56553 --- [    Test worker] o.h.type.descriptor.sql.BasicBinder      : binding parameter [4] as [DATE] - [Sat Jan 06 00:00:00 EET 2001]
2020-06-10 20:38:39.977 TRACE 56553 --- [    Test worker] o.h.type.descriptor.sql.BasicBinder      : binding parameter [5] as [DATE] - [Sat Jan 06 00:00:00 EET 2001]
2020-06-10 20:38:39.978 TRACE 56553 --- [    Test worker] o.h.type.descriptor.sql.BasicBinder      : binding parameter [6] as [BOOLEAN] - [false]
2020-06-10 20:38:39.978 TRACE 56553 --- [    Test worker] o.h.type.descriptor.sql.BasicExtractor   : extracted value ([id1_19_0_] : [BIGINT]) - [9]
2020-06-10 20:38:39.978 TRACE 56553 --- [    Test worker] o.h.type.descriptor.sql.BasicExtractor   : extracted value ([id1_5_1_] : [BIGINT]) - [10]
2020-06-10 20:38:39.978 TRACE 56553 --- [    Test worker] o.h.type.descriptor.sql.BasicExtractor   : extracted value ([id1_19_0_] : [BIGINT]) - [8]
2020-06-10 20:38:39.978 TRACE 56553 --- [    Test worker] o.h.type.descriptor.sql.BasicExtractor   : extracted value ([id1_5_1_] : [BIGINT]) - [14]
2020-06-10 20:38:39.978 TRACE 56553 --- [    Test worker] o.h.type.descriptor.sql.BasicExtractor   : extracted value ([id1_19_0_] : [BIGINT]) - [5]
2020-06-10 20:38:39.978 TRACE 56553 --- [    Test worker] o.h.type.descriptor.sql.BasicExtractor   : extracted value ([id1_5_1_] : [BIGINT]) - [10]
2020-06-10 20:38:39.978  INFO 56553 --- [    Test worker] .s.o.r.i.OrganisaatioSuhdeRepositoryImpl : findChildrenTo(15, Sat Jan 06 00:00:00 EET 2001)
Hibernate: 
    select
        organisaat0_.id as id1_19_0_,
        organisaat1_.id as id1_5_1_,
        organisaat0_.version as version2_19_0_,
        organisaat0_.alkupvm as alkupvm3_19_0_,
        organisaat0_.child_id as child_id7_19_0_,
        organisaat0_.loppupvm as loppupvm4_19_0_,
        organisaat0_.opetuspisteenjarjnro as opetuspi5_19_0_,
        organisaat0_.parent_id as parent_i8_19_0_,
        organisaat0_.suhdetyyppi as suhdetyy6_19_0_,
        organisaat1_.version as version2_5_1_,
        organisaat1_.alkupvm as alkupvm3_5_1_,
        organisaat1_.domainnimi as domainni4_5_1_,
        organisaat1_.kotipaikka as kotipaik5_5_1_,
        organisaat1_.kuvaus_mkt as kuvaus_28_5_1_,
        organisaat1_.lakkautuspvm as lakkautu6_5_1_,
        organisaat1_.maa as maa7_5_1_,
        organisaat1_.metadata_id as metadat29_5_1_,
        organisaat1_.nimi_mkt as nimi_mk30_5_1_,
        organisaat1_.nimihaku as nimihaku8_5_1_,
        organisaat1_.oid as oid9_5_1_,
        organisaat1_.opetuspisteenjarjnro as opetusp10_5_1_,
        organisaat1_.oppilaitoskoodi as oppilai11_5_1_,
        organisaat1_.oppilaitos_tyyppi as oppilai12_5_1_,
        organisaat1_.organisaatio_poistettu as organis13_5_1_,
        organisaat1_.paivittaja as paivitt14_5_1_,
        organisaat1_.paivityspvm as paivity15_5_1_,
        organisaat1_.parentidpath as parenti16_5_1_,
        organisaat1_.parentoidpath as parento17_5_1_,
        organisaat1_.piilotettu as piilote18_5_1_,
        organisaat1_.tarkastus_pvm as tarkast19_5_1_,
        organisaat1_.toimipistekoodi as toimipi20_5_1_,
        organisaat1_.tuontipvm as tuontip21_5_1_,
        organisaat1_.varhaiskasvatuksen_toimipaikka_tiedot_id as varhais31_5_1_,
        organisaat1_.virastotunnus as virasto22_5_1_,
        organisaat1_.yhteishaunkoulukoodi as yhteish23_5_1_,
        organisaat1_.yritysmuoto as yritysm24_5_1_,
        organisaat1_.ytj_kieli as ytj_kie25_5_1_,
        organisaat1_.ytjpaivityspvm as ytjpaiv26_5_1_,
        organisaat1_.ytunnus as ytunnus27_5_1_ 
    from
        organisaatiosuhde organisaat0_ 
    inner join
        organisaatio organisaat1_ 
            on organisaat0_.child_id=organisaat1_.id 
    where
        organisaat0_.parent_id=? 
        and organisaat0_.suhdetyyppi=? 
        and (
            organisaat0_.alkupvm=? 
            or organisaat0_.alkupvm<?
        ) 
        and (
            organisaat0_.loppupvm is null 
            or organisaat0_.loppupvm>?
        ) 
        and organisaat1_.organisaatio_poistettu=? 
    order by
        organisaat0_.alkupvm desc
2020-06-10 20:38:39.980 TRACE 56553 --- [    Test worker] o.h.type.descriptor.sql.BasicBinder      : binding parameter [1] as [BIGINT] - [15]
2020-06-10 20:38:39.980 TRACE 56553 --- [    Test worker] o.h.type.descriptor.sql.BasicBinder      : binding parameter [2] as [VARCHAR] - [HISTORIA]
2020-06-10 20:38:39.980 TRACE 56553 --- [    Test worker] o.h.type.descriptor.sql.BasicBinder      : binding parameter [3] as [DATE] - [Sat Jan 06 00:00:00 EET 2001]
2020-06-10 20:38:39.980 TRACE 56553 --- [    Test worker] o.h.type.descriptor.sql.BasicBinder      : binding parameter [4] as [DATE] - [Sat Jan 06 00:00:00 EET 2001]
2020-06-10 20:38:39.980 TRACE 56553 --- [    Test worker] o.h.type.descriptor.sql.BasicBinder      : binding parameter [5] as [DATE] - [Sat Jan 06 00:00:00 EET 2001]
2020-06-10 20:38:39.980 TRACE 56553 --- [    Test worker] o.h.type.descriptor.sql.BasicBinder      : binding parameter [6] as [BOOLEAN] - [false]
Hibernate: 
    select
        organisaat0_.id as id1_19_,
        organisaat0_.version as version2_19_,
        organisaat0_.alkupvm as alkupvm3_19_,
        organisaat0_.child_id as child_id7_19_,
        organisaat0_.loppupvm as loppupvm4_19_,
        organisaat0_.opetuspisteenjarjnro as opetuspi5_19_,
        organisaat0_.parent_id as parent_i8_19_,
        organisaat0_.suhdetyyppi as suhdetyy6_19_ 
    from
        organisaatiosuhde organisaat0_
2020-06-10 20:38:39.981 TRACE 56553 --- [    Test worker] o.h.type.descriptor.sql.BasicExtractor   : extracted value ([id1_19_] : [BIGINT]) - [1]
2020-06-10 20:38:39.981 TRACE 56553 --- [    Test worker] o.h.type.descriptor.sql.BasicExtractor   : extracted value ([id1_19_] : [BIGINT]) - [2]
2020-06-10 20:38:39.981 TRACE 56553 --- [    Test worker] o.h.type.descriptor.sql.BasicExtractor   : extracted value ([id1_19_] : [BIGINT]) - [3]
2020-06-10 20:38:39.982 TRACE 56553 --- [    Test worker] o.h.type.descriptor.sql.BasicExtractor   : extracted value ([id1_19_] : [BIGINT]) - [4]
2020-06-10 20:38:39.982 TRACE 56553 --- [    Test worker] o.h.type.descriptor.sql.BasicExtractor   : extracted value ([id1_19_] : [BIGINT]) - [5]
2020-06-10 20:38:39.982 TRACE 56553 --- [    Test worker] o.h.type.descriptor.sql.BasicExtractor   : extracted value ([id1_19_] : [BIGINT]) - [6]
2020-06-10 20:38:39.982 TRACE 56553 --- [    Test worker] o.h.type.descriptor.sql.BasicExtractor   : extracted value ([id1_19_] : [BIGINT]) - [7]
2020-06-10 20:38:39.982 TRACE 56553 --- [    Test worker] o.h.type.descriptor.sql.BasicExtractor   : extracted value ([id1_19_] : [BIGINT]) - [8]
2020-06-10 20:38:39.982 TRACE 56553 --- [    Test worker] o.h.type.descriptor.sql.BasicExtractor   : extracted value ([id1_19_] : [BIGINT]) - [9]
2020-06-10 20:38:39.982 TRACE 56553 --- [    Test worker] o.h.type.descriptor.sql.BasicExtractor   : extracted value ([id1_19_] : [BIGINT]) - [10]
2020-06-10 20:38:39.982 TRACE 56553 --- [    Test worker] o.h.type.descriptor.sql.BasicExtractor   : extracted value ([id1_19_] : [BIGINT]) - [11]
2020-06-10 20:38:39.982  INFO 56553 --- [    Test worker] .o.r.OrganisaatioSuhdeRepositoryImplTest : ORGANISAATIOSUHDE TABLE:
2020-06-10 20:38:39.982  INFO 56553 --- [    Test worker] .o.r.OrganisaatioSuhdeRepositoryImplTest :   OS: pId=10, cId=11, a=Sat Jan 01 00:00:00 EET 2000, l=null
2020-06-10 20:38:39.982  INFO 56553 --- [    Test worker] .o.r.OrganisaatioSuhdeRepositoryImplTest :   OS: pId=10, cId=12, a=Sat Jan 01 00:00:00 EET 2000, l=null
2020-06-10 20:38:39.982  INFO 56553 --- [    Test worker] .o.r.OrganisaatioSuhdeRepositoryImplTest :   OS: pId=10, cId=13, a=Sat Jan 01 00:00:00 EET 2000, l=null
2020-06-10 20:38:39.983  INFO 56553 --- [    Test worker] .o.r.OrganisaatioSuhdeRepositoryImplTest :   OS: pId=10, cId=14, a=Sat Jan 01 00:00:00 EET 2000, l=null
2020-06-10 20:38:39.983  INFO 56553 --- [    Test worker] .o.r.OrganisaatioSuhdeRepositoryImplTest :   OS: pId=10, cId=15, a=Sat Jan 01 00:00:00 EET 2000, l=null
2020-06-10 20:38:39.983  INFO 56553 --- [    Test worker] .o.r.OrganisaatioSuhdeRepositoryImplTest :   OS: pId=11, cId=12, a=Mon Jan 01 00:00:00 EET 2001, l=null
2020-06-10 20:38:39.983  INFO 56553 --- [    Test worker] .o.r.OrganisaatioSuhdeRepositoryImplTest :   OS: pId=11, cId=13, a=Tue Jan 02 00:00:00 EET 2001, l=null
2020-06-10 20:38:39.983  INFO 56553 --- [    Test worker] .o.r.OrganisaatioSuhdeRepositoryImplTest :   OS: pId=14, cId=15, a=Wed Jan 03 00:00:00 EET 2001, l=null
2020-06-10 20:38:39.983  INFO 56553 --- [    Test worker] .o.r.OrganisaatioSuhdeRepositoryImplTest :   OS: pId=10, cId=15, a=Thu Jan 04 00:00:00 EET 2001, l=null
2020-06-10 20:38:39.983  INFO 56553 --- [    Test worker] .o.r.OrganisaatioSuhdeRepositoryImplTest :   OS: pId=13, cId=12, a=Fri Jan 05 00:00:00 EET 2001, l=null
2020-06-10 20:38:39.983  INFO 56553 --- [    Test worker] .o.r.OrganisaatioSuhdeRepositoryImplTest :   OS: pId=13, cId=14, a=Sat Jan 06 00:00:00 EET 2001, l=null
2020-06-10 20:38:39.983  INFO 56553 --- [    Test worker] .s.o.r.i.OrganisaatioSuhdeRepositoryImpl : findParentTo(15, Wed Jun 10 20:38:39 EEST 2020)
Hibernate: 
    select
        organisaat0_.id as id1_19_0_,
        organisaat1_.id as id1_5_1_,
        organisaat0_.version as version2_19_0_,
        organisaat0_.alkupvm as alkupvm3_19_0_,
        organisaat0_.child_id as child_id7_19_0_,
        organisaat0_.loppupvm as loppupvm4_19_0_,
        organisaat0_.opetuspisteenjarjnro as opetuspi5_19_0_,
        organisaat0_.parent_id as parent_i8_19_0_,
        organisaat0_.suhdetyyppi as suhdetyy6_19_0_,
        organisaat1_.version as version2_5_1_,
        organisaat1_.alkupvm as alkupvm3_5_1_,
        organisaat1_.domainnimi as domainni4_5_1_,
        organisaat1_.kotipaikka as kotipaik5_5_1_,
        organisaat1_.kuvaus_mkt as kuvaus_28_5_1_,
        organisaat1_.lakkautuspvm as lakkautu6_5_1_,
        organisaat1_.maa as maa7_5_1_,
        organisaat1_.metadata_id as metadat29_5_1_,
        organisaat1_.nimi_mkt as nimi_mk30_5_1_,
        organisaat1_.nimihaku as nimihaku8_5_1_,
        organisaat1_.oid as oid9_5_1_,
        organisaat1_.opetuspisteenjarjnro as opetusp10_5_1_,
        organisaat1_.oppilaitoskoodi as oppilai11_5_1_,
        organisaat1_.oppilaitos_tyyppi as oppilai12_5_1_,
        organisaat1_.organisaatio_poistettu as organis13_5_1_,
        organisaat1_.paivittaja as paivitt14_5_1_,
        organisaat1_.paivityspvm as paivity15_5_1_,
        organisaat1_.parentidpath as parenti16_5_1_,
        organisaat1_.parentoidpath as parento17_5_1_,
        organisaat1_.piilotettu as piilote18_5_1_,
        organisaat1_.tarkastus_pvm as tarkast19_5_1_,
        organisaat1_.toimipistekoodi as toimipi20_5_1_,
        organisaat1_.tuontipvm as tuontip21_5_1_,
        organisaat1_.varhaiskasvatuksen_toimipaikka_tiedot_id as varhais31_5_1_,
        organisaat1_.virastotunnus as virasto22_5_1_,
        organisaat1_.yhteishaunkoulukoodi as yhteish23_5_1_,
        organisaat1_.yritysmuoto as yritysm24_5_1_,
        organisaat1_.ytj_kieli as ytj_kie25_5_1_,
        organisaat1_.ytjpaivityspvm as ytjpaiv26_5_1_,
        organisaat1_.ytunnus as ytunnus27_5_1_ 
    from
        organisaatiosuhde organisaat0_ 
    inner join
        organisaatio organisaat1_ 
            on organisaat0_.parent_id=organisaat1_.id 
    where
        organisaat0_.child_id=? 
        and organisaat0_.suhdetyyppi=? 
        and (
            organisaat0_.alkupvm=? 
            or organisaat0_.alkupvm<?
        ) 
        and (
            organisaat0_.loppupvm is null 
            or organisaat0_.loppupvm>?
        ) 
        and organisaat1_.organisaatio_poistettu=? 
    order by
        organisaat0_.alkupvm desc
2020-06-10 20:38:39.985 TRACE 56553 --- [    Test worker] o.h.type.descriptor.sql.BasicBinder      : binding parameter [1] as [BIGINT] - [15]
2020-06-10 20:38:39.985 TRACE 56553 --- [    Test worker] o.h.type.descriptor.sql.BasicBinder      : binding parameter [2] as [VARCHAR] - [HISTORIA]
2020-06-10 20:38:39.985 TRACE 56553 --- [    Test worker] o.h.type.descriptor.sql.BasicBinder      : binding parameter [3] as [DATE] - [Wed Jun 10 20:38:39 EEST 2020]
2020-06-10 20:38:39.985 TRACE 56553 --- [    Test worker] o.h.type.descriptor.sql.BasicBinder      : binding parameter [4] as [DATE] - [Wed Jun 10 20:38:39 EEST 2020]
2020-06-10 20:38:39.985 TRACE 56553 --- [    Test worker] o.h.type.descriptor.sql.BasicBinder      : binding parameter [5] as [DATE] - [Wed Jun 10 20:38:39 EEST 2020]
2020-06-10 20:38:39.985 TRACE 56553 --- [    Test worker] o.h.type.descriptor.sql.BasicBinder      : binding parameter [6] as [BOOLEAN] - [false]
2020-06-10 20:38:39.985 TRACE 56553 --- [    Test worker] o.h.type.descriptor.sql.BasicExtractor   : extracted value ([id1_19_0_] : [BIGINT]) - [9]
2020-06-10 20:38:39.986 TRACE 56553 --- [    Test worker] o.h.type.descriptor.sql.BasicExtractor   : extracted value ([id1_5_1_] : [BIGINT]) - [10]
2020-06-10 20:38:39.986 TRACE 56553 --- [    Test worker] o.h.type.descriptor.sql.BasicExtractor   : extracted value ([id1_19_0_] : [BIGINT]) - [8]
2020-06-10 20:38:39.986 TRACE 56553 --- [    Test worker] o.h.type.descriptor.sql.BasicExtractor   : extracted value ([id1_5_1_] : [BIGINT]) - [14]
2020-06-10 20:38:39.986 TRACE 56553 --- [    Test worker] o.h.type.descriptor.sql.BasicExtractor   : extracted value ([id1_19_0_] : [BIGINT]) - [5]
2020-06-10 20:38:39.986 TRACE 56553 --- [    Test worker] o.h.type.descriptor.sql.BasicExtractor   : extracted value ([id1_5_1_] : [BIGINT]) - [10]
2020-06-10 20:38:39.988  INFO 56553 --- [    Test worker] .s.o.r.i.OrganisaatioSuhdeRepositoryImpl : findChildrenTo(14, Wed Jun 10 20:38:39 EEST 2020)
Hibernate: 
    delete 
    from
        organisaatiosuhde 
    where
        id=? 
        and version=?
2020-06-10 20:38:39.990 TRACE 56553 --- [    Test worker] o.h.type.descriptor.sql.BasicBinder      : binding parameter [1] as [BIGINT] - [9]
2020-06-10 20:38:39.990 TRACE 56553 --- [    Test worker] o.h.type.descriptor.sql.BasicBinder      : binding parameter [2] as [BIGINT] - [0]
Hibernate: 
    select
        organisaat0_.id as id1_19_0_,
        organisaat1_.id as id1_5_1_,
        organisaat0_.version as version2_19_0_,
        organisaat0_.alkupvm as alkupvm3_19_0_,
        organisaat0_.child_id as child_id7_19_0_,
        organisaat0_.loppupvm as loppupvm4_19_0_,
        organisaat0_.opetuspisteenjarjnro as opetuspi5_19_0_,
        organisaat0_.parent_id as parent_i8_19_0_,
        organisaat0_.suhdetyyppi as suhdetyy6_19_0_,
        organisaat1_.version as version2_5_1_,
        organisaat1_.alkupvm as alkupvm3_5_1_,
        organisaat1_.domainnimi as domainni4_5_1_,
        organisaat1_.kotipaikka as kotipaik5_5_1_,
        organisaat1_.kuvaus_mkt as kuvaus_28_5_1_,
        organisaat1_.lakkautuspvm as lakkautu6_5_1_,
        organisaat1_.maa as maa7_5_1_,
        organisaat1_.metadata_id as metadat29_5_1_,
        organisaat1_.nimi_mkt as nimi_mk30_5_1_,
        organisaat1_.nimihaku as nimihaku8_5_1_,
        organisaat1_.oid as oid9_5_1_,
        organisaat1_.opetuspisteenjarjnro as opetusp10_5_1_,
        organisaat1_.oppilaitoskoodi as oppilai11_5_1_,
        organisaat1_.oppilaitos_tyyppi as oppilai12_5_1_,
        organisaat1_.organisaatio_poistettu as organis13_5_1_,
        organisaat1_.paivittaja as paivitt14_5_1_,
        organisaat1_.paivityspvm as paivity15_5_1_,
        organisaat1_.parentidpath as parenti16_5_1_,
        organisaat1_.parentoidpath as parento17_5_1_,
        organisaat1_.piilotettu as piilote18_5_1_,
        organisaat1_.tarkastus_pvm as tarkast19_5_1_,
        organisaat1_.toimipistekoodi as toimipi20_5_1_,
        organisaat1_.tuontipvm as tuontip21_5_1_,
        organisaat1_.varhaiskasvatuksen_toimipaikka_tiedot_id as varhais31_5_1_,
        organisaat1_.virastotunnus as virasto22_5_1_,
        organisaat1_.yhteishaunkoulukoodi as yhteish23_5_1_,
        organisaat1_.yritysmuoto as yritysm24_5_1_,
        organisaat1_.ytj_kieli as ytj_kie25_5_1_,
        organisaat1_.ytjpaivityspvm as ytjpaiv26_5_1_,
        organisaat1_.ytunnus as ytunnus27_5_1_ 
    from
        organisaatiosuhde organisaat0_ 
    inner join
        organisaatio organisaat1_ 
            on organisaat0_.child_id=organisaat1_.id 
    where
        organisaat0_.parent_id=? 
        and organisaat0_.suhdetyyppi=? 
        and (
            organisaat0_.alkupvm=? 
            or organisaat0_.alkupvm<?
        ) 
        and (
            organisaat0_.loppupvm is null 
            or organisaat0_.loppupvm>?
        ) 
        and organisaat1_.organisaatio_poistettu=? 
    order by
        organisaat0_.alkupvm desc
2020-06-10 20:38:39.996 TRACE 56553 --- [    Test worker] o.h.type.descriptor.sql.BasicBinder      : binding parameter [1] as [BIGINT] - [14]
2020-06-10 20:38:39.996 TRACE 56553 --- [    Test worker] o.h.type.descriptor.sql.BasicBinder      : binding parameter [2] as [VARCHAR] - [HISTORIA]
2020-06-10 20:38:39.996 TRACE 56553 --- [    Test worker] o.h.type.descriptor.sql.BasicBinder      : binding parameter [3] as [DATE] - [Wed Jun 10 20:38:39 EEST 2020]
2020-06-10 20:38:39.996 TRACE 56553 --- [    Test worker] o.h.type.descriptor.sql.BasicBinder      : binding parameter [4] as [DATE] - [Wed Jun 10 20:38:39 EEST 2020]
2020-06-10 20:38:39.996 TRACE 56553 --- [    Test worker] o.h.type.descriptor.sql.BasicBinder      : binding parameter [5] as [DATE] - [Wed Jun 10 20:38:39 EEST 2020]
2020-06-10 20:38:39.996 TRACE 56553 --- [    Test worker] o.h.type.descriptor.sql.BasicBinder      : binding parameter [6] as [BOOLEAN] - [false]
2020-06-10 20:38:39.996 TRACE 56553 --- [    Test worker] o.h.type.descriptor.sql.BasicExtractor   : extracted value ([id1_19_0_] : [BIGINT]) - [8]
2020-06-10 20:38:39.996 TRACE 56553 --- [    Test worker] o.h.type.descriptor.sql.BasicExtractor   : extracted value ([id1_5_1_] : [BIGINT]) - [15]
2020-06-10 20:38:39.997  INFO 56553 --- [    Test worker] .s.o.r.i.OrganisaatioSuhdeRepositoryImpl : findParentTo(15, Wed Jun 10 20:38:39 EEST 2020)
Hibernate: 
    select
        organisaat0_.id as id1_19_0_,
        organisaat1_.id as id1_5_1_,
        organisaat0_.version as version2_19_0_,
        organisaat0_.alkupvm as alkupvm3_19_0_,
        organisaat0_.child_id as child_id7_19_0_,
        organisaat0_.loppupvm as loppupvm4_19_0_,
        organisaat0_.opetuspisteenjarjnro as opetuspi5_19_0_,
        organisaat0_.parent_id as parent_i8_19_0_,
        organisaat0_.suhdetyyppi as suhdetyy6_19_0_,
        organisaat1_.version as version2_5_1_,
        organisaat1_.alkupvm as alkupvm3_5_1_,
        organisaat1_.domainnimi as domainni4_5_1_,
        organisaat1_.kotipaikka as kotipaik5_5_1_,
        organisaat1_.kuvaus_mkt as kuvaus_28_5_1_,
        organisaat1_.lakkautuspvm as lakkautu6_5_1_,
        organisaat1_.maa as maa7_5_1_,
        organisaat1_.metadata_id as metadat29_5_1_,
        organisaat1_.nimi_mkt as nimi_mk30_5_1_,
        organisaat1_.nimihaku as nimihaku8_5_1_,
        organisaat1_.oid as oid9_5_1_,
        organisaat1_.opetuspisteenjarjnro as opetusp10_5_1_,
        organisaat1_.oppilaitoskoodi as oppilai11_5_1_,
        organisaat1_.oppilaitos_tyyppi as oppilai12_5_1_,
        organisaat1_.organisaatio_poistettu as organis13_5_1_,
        organisaat1_.paivittaja as paivitt14_5_1_,
        organisaat1_.paivityspvm as paivity15_5_1_,
        organisaat1_.parentidpath as parenti16_5_1_,
        organisaat1_.parentoidpath as parento17_5_1_,
        organisaat1_.piilotettu as piilote18_5_1_,
        organisaat1_.tarkastus_pvm as tarkast19_5_1_,
        organisaat1_.toimipistekoodi as toimipi20_5_1_,
        organisaat1_.tuontipvm as tuontip21_5_1_,
        organisaat1_.varhaiskasvatuksen_toimipaikka_tiedot_id as varhais31_5_1_,
        organisaat1_.virastotunnus as virasto22_5_1_,
        organisaat1_.yhteishaunkoulukoodi as yhteish23_5_1_,
        organisaat1_.yritysmuoto as yritysm24_5_1_,
        organisaat1_.ytj_kieli as ytj_kie25_5_1_,
        organisaat1_.ytjpaivityspvm as ytjpaiv26_5_1_,
        organisaat1_.ytunnus as ytunnus27_5_1_ 
    from
        organisaatiosuhde organisaat0_ 
    inner join
        organisaatio organisaat1_ 
            on organisaat0_.parent_id=organisaat1_.id 
    where
        organisaat0_.child_id=? 
        and organisaat0_.suhdetyyppi=? 
        and (
            organisaat0_.alkupvm=? 
            or organisaat0_.alkupvm<?
        ) 
        and (
            organisaat0_.loppupvm is null 
            or organisaat0_.loppupvm>?
        ) 
        and organisaat1_.organisaatio_poistettu=? 
    order by
        organisaat0_.alkupvm desc
2020-06-10 20:38:39.998 TRACE 56553 --- [    Test worker] o.h.type.descriptor.sql.BasicBinder      : binding parameter [1] as [BIGINT] - [15]
2020-06-10 20:38:39.998 TRACE 56553 --- [    Test worker] o.h.type.descriptor.sql.BasicBinder      : binding parameter [2] as [VARCHAR] - [HISTORIA]
2020-06-10 20:38:39.998 TRACE 56553 --- [    Test worker] o.h.type.descriptor.sql.BasicBinder      : binding parameter [3] as [DATE] - [Wed Jun 10 20:38:39 EEST 2020]
2020-06-10 20:38:39.999 TRACE 56553 --- [    Test worker] o.h.type.descriptor.sql.BasicBinder      : binding parameter [4] as [DATE] - [Wed Jun 10 20:38:39 EEST 2020]
2020-06-10 20:38:39.999 TRACE 56553 --- [    Test worker] o.h.type.descriptor.sql.BasicBinder      : binding parameter [5] as [DATE] - [Wed Jun 10 20:38:39 EEST 2020]
2020-06-10 20:38:39.999 TRACE 56553 --- [    Test worker] o.h.type.descriptor.sql.BasicBinder      : binding parameter [6] as [BOOLEAN] - [false]
2020-06-10 20:38:39.999 TRACE 56553 --- [    Test worker] o.h.type.descriptor.sql.BasicExtractor   : extracted value ([id1_19_0_] : [BIGINT]) - [8]
2020-06-10 20:38:39.999 TRACE 56553 --- [    Test worker] o.h.type.descriptor.sql.BasicExtractor   : extracted value ([id1_5_1_] : [BIGINT]) - [14]
2020-06-10 20:38:39.999 TRACE 56553 --- [    Test worker] o.h.type.descriptor.sql.BasicExtractor   : extracted value ([id1_19_0_] : [BIGINT]) - [5]
2020-06-10 20:38:39.999 TRACE 56553 --- [    Test worker] o.h.type.descriptor.sql.BasicExtractor   : extracted value ([id1_5_1_] : [BIGINT]) - [10]
2020-06-10 20:38:40.000  INFO 56553 --- [    Test worker] .s.o.r.i.OrganisaatioSuhdeRepositoryImpl : findParentTo(15, Wed Jun 10 20:38:39 EEST 2020)
Hibernate: 
    select
        organisaat0_.id as id1_19_0_,
        organisaat1_.id as id1_5_1_,
        organisaat0_.version as version2_19_0_,
        organisaat0_.alkupvm as alkupvm3_19_0_,
        organisaat0_.child_id as child_id7_19_0_,
        organisaat0_.loppupvm as loppupvm4_19_0_,
        organisaat0_.opetuspisteenjarjnro as opetuspi5_19_0_,
        organisaat0_.parent_id as parent_i8_19_0_,
        organisaat0_.suhdetyyppi as suhdetyy6_19_0_,
        organisaat1_.version as version2_5_1_,
        organisaat1_.alkupvm as alkupvm3_5_1_,
        organisaat1_.domainnimi as domainni4_5_1_,
        organisaat1_.kotipaikka as kotipaik5_5_1_,
        organisaat1_.kuvaus_mkt as kuvaus_28_5_1_,
        organisaat1_.lakkautuspvm as lakkautu6_5_1_,
        organisaat1_.maa as maa7_5_1_,
        organisaat1_.metadata_id as metadat29_5_1_,
        organisaat1_.nimi_mkt as nimi_mk30_5_1_,
        organisaat1_.nimihaku as nimihaku8_5_1_,
        organisaat1_.oid as oid9_5_1_,
        organisaat1_.opetuspisteenjarjnro as opetusp10_5_1_,
        organisaat1_.oppilaitoskoodi as oppilai11_5_1_,
        organisaat1_.oppilaitos_tyyppi as oppilai12_5_1_,
        organisaat1_.organisaatio_poistettu as organis13_5_1_,
        organisaat1_.paivittaja as paivitt14_5_1_,
        organisaat1_.paivityspvm as paivity15_5_1_,
        organisaat1_.parentidpath as parenti16_5_1_,
        organisaat1_.parentoidpath as parento17_5_1_,
        organisaat1_.piilotettu as piilote18_5_1_,
        organisaat1_.tarkastus_pvm as tarkast19_5_1_,
        organisaat1_.toimipistekoodi as toimipi20_5_1_,
        organisaat1_.tuontipvm as tuontip21_5_1_,
        organisaat1_.varhaiskasvatuksen_toimipaikka_tiedot_id as varhais31_5_1_,
        organisaat1_.virastotunnus as virasto22_5_1_,
        organisaat1_.yhteishaunkoulukoodi as yhteish23_5_1_,
        organisaat1_.yritysmuoto as yritysm24_5_1_,
        organisaat1_.ytj_kieli as ytj_kie25_5_1_,
        organisaat1_.ytjpaivityspvm as ytjpaiv26_5_1_,
        organisaat1_.ytunnus as ytunnus27_5_1_ 
    from
        organisaatiosuhde organisaat0_ 
    inner join
        organisaatio organisaat1_ 
            on organisaat0_.parent_id=organisaat1_.id 
    where
        organisaat0_.child_id=? 
        and organisaat0_.suhdetyyppi=? 
        and (
            organisaat0_.alkupvm=? 
            or organisaat0_.alkupvm<?
        ) 
        and (
            organisaat0_.loppupvm is null 
            or organisaat0_.loppupvm>?
        ) 
        and organisaat1_.organisaatio_poistettu=? 
    order by
        organisaat0_.alkupvm desc
2020-06-10 20:38:40.001 TRACE 56553 --- [    Test worker] o.h.type.descriptor.sql.BasicBinder      : binding parameter [1] as [BIGINT] - [15]
2020-06-10 20:38:40.001 TRACE 56553 --- [    Test worker] o.h.type.descriptor.sql.BasicBinder      : binding parameter [2] as [VARCHAR] - [HISTORIA]
2020-06-10 20:38:40.001 TRACE 56553 --- [    Test worker] o.h.type.descriptor.sql.BasicBinder      : binding parameter [3] as [DATE] - [Wed Jun 10 20:38:39 EEST 2020]
2020-06-10 20:38:40.002 TRACE 56553 --- [    Test worker] o.h.type.descriptor.sql.BasicBinder      : binding parameter [4] as [DATE] - [Wed Jun 10 20:38:39 EEST 2020]
2020-06-10 20:38:40.002 TRACE 56553 --- [    Test worker] o.h.type.descriptor.sql.BasicBinder      : binding parameter [5] as [DATE] - [Wed Jun 10 20:38:39 EEST 2020]
2020-06-10 20:38:40.002 TRACE 56553 --- [    Test worker] o.h.type.descriptor.sql.BasicBinder      : binding parameter [6] as [BOOLEAN] - [false]
2020-06-10 20:38:40.002 TRACE 56553 --- [    Test worker] o.h.type.descriptor.sql.BasicExtractor   : extracted value ([id1_19_0_] : [BIGINT]) - [8]
2020-06-10 20:38:40.002 TRACE 56553 --- [    Test worker] o.h.type.descriptor.sql.BasicExtractor   : extracted value ([id1_5_1_] : [BIGINT]) - [14]
2020-06-10 20:38:40.002 TRACE 56553 --- [    Test worker] o.h.type.descriptor.sql.BasicExtractor   : extracted value ([id1_19_0_] : [BIGINT]) - [5]
2020-06-10 20:38:40.002 TRACE 56553 --- [    Test worker] o.h.type.descriptor.sql.BasicExtractor   : extracted value ([id1_5_1_] : [BIGINT]) - [10]
2020-06-10 20:38:40.002  INFO 56553 --- [    Test worker] .o.r.OrganisaatioSuhdeRepositoryImplTest : doTest()... done.
2020-06-10 20:38:40.003  INFO 56553 --- [    Test worker] o.s.t.c.transaction.TransactionContext   : Rolled back transaction for test: [DefaultTestContext@420489c7 testClass = OrganisaatioSuhdeRepositoryImplTest, testInstance = fi.vm.sade.organisaatio.repository.OrganisaatioSuhdeRepositoryImplTest@b3ecf96, testMethod = doTest@OrganisaatioSuhdeRepositoryImplTest, testException = [null], mergedContextConfiguration = [WebMergedContextConfiguration@10ad1b6d testClass = OrganisaatioSuhdeRepositoryImplTest, locations = '{}', classes = '{class fi.vm.sade.organisaatio.OrganisaatioApplication}', contextInitializerClasses = '[]', activeProfiles = '{}', propertySourceLocations = '{}', propertySourceProperties = '{org.springframework.boot.test.context.SpringBootTestContextBootstrapper=true}', contextCustomizers = set[org.springframework.boot.test.autoconfigure.properties.PropertyMappingContextCustomizer@83020a4e, org.springframework.boot.test.autoconfigure.web.servlet.WebDriverContextCustomizerFactory$Customizer@5e540114, [ImportsContextCustomizer@156d01af key = [org.springframework.boot.test.autoconfigure.jdbc.TestDatabaseAutoConfiguration, org.springframework.boot.autoconfigure.jdbc.DataSourceAutoConfiguration]], org.springframework.boot.test.context.filter.ExcludeFilterContextCustomizer@41cdf26a, org.springframework.boot.test.json.DuplicateJsonObjectContextCustomizerFactory$DuplicateJsonObjectContextCustomizer@1e95fe99, org.springframework.boot.test.mock.mockito.MockitoContextCustomizer@0, org.springframework.boot.test.web.client.TestRestTemplateContextCustomizer@6d8bcece, org.springframework.boot.test.context.SpringBootTestArgs@1], resourceBasePath = 'src/main/webapp', contextLoader = 'org.springframework.boot.test.context.SpringBootContextLoader', parent = [null]], attributes = map['org.springframework.test.context.web.ServletTestExecutionListener.activateListener' -> true, 'org.springframework.test.context.web.ServletTestExecutionListener.populatedRequestContextHolder' -> true, 'org.springframework.test.context.web.ServletTestExecutionListener.resetRequestContextHolder' -> true]]
2020-06-10 20:38:40.005  INFO 56553 --- [    Test worker] o.s.t.c.transaction.TransactionContext   : Began transaction (1) for test context [DefaultTestContext@420489c7 testClass = OrganisaatioSuhdeRepositoryImplTest, testInstance = fi.vm.sade.organisaatio.repository.OrganisaatioSuhdeRepositoryImplTest@3ca124ef, testMethod = findForDayWithZeroDate@OrganisaatioSuhdeRepositoryImplTest, testException = [null], mergedContextConfiguration = [WebMergedContextConfiguration@10ad1b6d testClass = OrganisaatioSuhdeRepositoryImplTest, locations = '{}', classes = '{class fi.vm.sade.organisaatio.OrganisaatioApplication}', contextInitializerClasses = '[]', activeProfiles = '{}', propertySourceLocations = '{}', propertySourceProperties = '{org.springframework.boot.test.context.SpringBootTestContextBootstrapper=true}', contextCustomizers = set[org.springframework.boot.test.autoconfigure.properties.PropertyMappingContextCustomizer@83020a4e, org.springframework.boot.test.autoconfigure.web.servlet.WebDriverContextCustomizerFactory$Customizer@5e540114, [ImportsContextCustomizer@156d01af key = [org.springframework.boot.test.autoconfigure.jdbc.TestDatabaseAutoConfiguration, org.springframework.boot.autoconfigure.jdbc.DataSourceAutoConfiguration]], org.springframework.boot.test.context.filter.ExcludeFilterContextCustomizer@41cdf26a, org.springframework.boot.test.json.DuplicateJsonObjectContextCustomizerFactory$DuplicateJsonObjectContextCustomizer@1e95fe99, org.springframework.boot.test.mock.mockito.MockitoContextCustomizer@0, org.springframework.boot.test.web.client.TestRestTemplateContextCustomizer@6d8bcece, org.springframework.boot.test.context.SpringBootTestArgs@1], resourceBasePath = 'src/main/webapp', contextLoader = 'org.springframework.boot.test.context.SpringBootContextLoader', parent = [null]], attributes = map['org.springframework.test.context.web.ServletTestExecutionListener.activateListener' -> true, 'org.springframework.test.context.web.ServletTestExecutionListener.populatedRequestContextHolder' -> true, 'org.springframework.test.context.web.ServletTestExecutionListener.resetRequestContextHolder' -> true]]; transaction manager [org.springframework.orm.jpa.JpaTransactionManager@20031d49]; rollback [true]
Hibernate: 
    select
        organisaat0_.id as id1_19_,
        organisaat0_.version as version2_19_,
        organisaat0_.alkupvm as alkupvm3_19_,
        organisaat0_.child_id as child_id7_19_,
        organisaat0_.loppupvm as loppupvm4_19_,
        organisaat0_.opetuspisteenjarjnro as opetuspi5_19_,
        organisaat0_.parent_id as parent_i8_19_,
        organisaat0_.suhdetyyppi as suhdetyy6_19_ 
    from
        organisaatiosuhde organisaat0_ 
    where
        organisaat0_.alkupvm=? 
    order by
        organisaat0_.alkupvm asc
2020-06-10 20:38:40.011 TRACE 56553 --- [    Test worker] o.h.type.descriptor.sql.BasicBinder      : binding parameter [1] as [DATE] - [Thu Jan 01 02:00:00 EET 1970]
2020-06-10 20:38:40.012  INFO 56553 --- [    Test worker] o.s.t.c.transaction.TransactionContext   : Rolled back transaction for test: [DefaultTestContext@420489c7 testClass = OrganisaatioSuhdeRepositoryImplTest, testInstance = fi.vm.sade.organisaatio.repository.OrganisaatioSuhdeRepositoryImplTest@3ca124ef, testMethod = findForDayWithZeroDate@OrganisaatioSuhdeRepositoryImplTest, testException = [null], mergedContextConfiguration = [WebMergedContextConfiguration@10ad1b6d testClass = OrganisaatioSuhdeRepositoryImplTest, locations = '{}', classes = '{class fi.vm.sade.organisaatio.OrganisaatioApplication}', contextInitializerClasses = '[]', activeProfiles = '{}', propertySourceLocations = '{}', propertySourceProperties = '{org.springframework.boot.test.context.SpringBootTestContextBootstrapper=true}', contextCustomizers = set[org.springframework.boot.test.autoconfigure.properties.PropertyMappingContextCustomizer@83020a4e, org.springframework.boot.test.autoconfigure.web.servlet.WebDriverContextCustomizerFactory$Customizer@5e540114, [ImportsContextCustomizer@156d01af key = [org.springframework.boot.test.autoconfigure.jdbc.TestDatabaseAutoConfiguration, org.springframework.boot.autoconfigure.jdbc.DataSourceAutoConfiguration]], org.springframework.boot.test.context.filter.ExcludeFilterContextCustomizer@41cdf26a, org.springframework.boot.test.json.DuplicateJsonObjectContextCustomizerFactory$DuplicateJsonObjectContextCustomizer@1e95fe99, org.springframework.boot.test.mock.mockito.MockitoContextCustomizer@0, org.springframework.boot.test.web.client.TestRestTemplateContextCustomizer@6d8bcece, org.springframework.boot.test.context.SpringBootTestArgs@1], resourceBasePath = 'src/main/webapp', contextLoader = 'org.springframework.boot.test.context.SpringBootContextLoader', parent = [null]], attributes = map['org.springframework.test.context.web.ServletTestExecutionListener.activateListener' -> true, 'org.springframework.test.context.web.ServletTestExecutionListener.populatedRequestContextHolder' -> true, 'org.springframework.test.context.web.ServletTestExecutionListener.resetRequestContextHolder' -> true]]
2020-06-10 20:38:40.014  INFO 56553 --- [    Test worker] o.s.t.c.transaction.TransactionContext   : Began transaction (1) for test context [DefaultTestContext@420489c7 testClass = OrganisaatioSuhdeRepositoryImplTest, testInstance = fi.vm.sade.organisaatio.repository.OrganisaatioSuhdeRepositoryImplTest@2a51a9db, testMethod = findForDay@OrganisaatioSuhdeRepositoryImplTest, testException = [null], mergedContextConfiguration = [WebMergedContextConfiguration@10ad1b6d testClass = OrganisaatioSuhdeRepositoryImplTest, locations = '{}', classes = '{class fi.vm.sade.organisaatio.OrganisaatioApplication}', contextInitializerClasses = '[]', activeProfiles = '{}', propertySourceLocations = '{}', propertySourceProperties = '{org.springframework.boot.test.context.SpringBootTestContextBootstrapper=true}', contextCustomizers = set[org.springframework.boot.test.autoconfigure.properties.PropertyMappingContextCustomizer@83020a4e, org.springframework.boot.test.autoconfigure.web.servlet.WebDriverContextCustomizerFactory$Customizer@5e540114, [ImportsContextCustomizer@156d01af key = [org.springframework.boot.test.autoconfigure.jdbc.TestDatabaseAutoConfiguration, org.springframework.boot.autoconfigure.jdbc.DataSourceAutoConfiguration]], org.springframework.boot.test.context.filter.ExcludeFilterContextCustomizer@41cdf26a, org.springframework.boot.test.json.DuplicateJsonObjectContextCustomizerFactory$DuplicateJsonObjectContextCustomizer@1e95fe99, org.springframework.boot.test.mock.mockito.MockitoContextCustomizer@0, org.springframework.boot.test.web.client.TestRestTemplateContextCustomizer@6d8bcece, org.springframework.boot.test.context.SpringBootTestArgs@1], resourceBasePath = 'src/main/webapp', contextLoader = 'org.springframework.boot.test.context.SpringBootContextLoader', parent = [null]], attributes = map['org.springframework.test.context.web.ServletTestExecutionListener.activateListener' -> true, 'org.springframework.test.context.web.ServletTestExecutionListener.populatedRequestContextHolder' -> true, 'org.springframework.test.context.web.ServletTestExecutionListener.resetRequestContextHolder' -> true]]; transaction manager [org.springframework.orm.jpa.JpaTransactionManager@20031d49]; rollback [true]
2020-06-10 20:38:40.015  INFO 56553 --- [    Test worker] .o.r.OrganisaatioSuhdeRepositoryImplTest : Quering with date Sat Jan 01 00:00:00 EET 2000
Hibernate: 
    select
        organisaat0_.id as id1_19_,
        organisaat0_.version as version2_19_,
        organisaat0_.alkupvm as alkupvm3_19_,
        organisaat0_.child_id as child_id7_19_,
        organisaat0_.loppupvm as loppupvm4_19_,
        organisaat0_.opetuspisteenjarjnro as opetuspi5_19_,
        organisaat0_.parent_id as parent_i8_19_,
        organisaat0_.suhdetyyppi as suhdetyy6_19_ 
    from
        organisaatiosuhde organisaat0_ 
    where
        organisaat0_.alkupvm=? 
    order by
        organisaat0_.alkupvm asc
2020-06-10 20:38:40.016 TRACE 56553 --- [    Test worker] o.h.type.descriptor.sql.BasicBinder      : binding parameter [1] as [DATE] - [Sat Jan 01 00:00:00 EET 2000]
2020-06-10 20:38:40.016 TRACE 56553 --- [    Test worker] o.h.type.descriptor.sql.BasicExtractor   : extracted value ([id1_19_] : [BIGINT]) - [1]
2020-06-10 20:38:40.018 TRACE 56553 --- [    Test worker] o.h.type.descriptor.sql.BasicExtractor   : extracted value ([version2_19_] : [BIGINT]) - [1]
2020-06-10 20:38:40.019 TRACE 56553 --- [    Test worker] o.h.type.descriptor.sql.BasicExtractor   : extracted value ([alkupvm3_19_] : [DATE]) - [2000-01-01]
2020-06-10 20:38:40.019 TRACE 56553 --- [    Test worker] o.h.type.descriptor.sql.BasicExtractor   : extracted value ([child_id7_19_] : [BIGINT]) - [2]
2020-06-10 20:38:40.019 TRACE 56553 --- [    Test worker] o.h.type.descriptor.sql.BasicExtractor   : extracted value ([loppupvm4_19_] : [DATE]) - [null]
2020-06-10 20:38:40.019 TRACE 56553 --- [    Test worker] o.h.type.descriptor.sql.BasicExtractor   : extracted value ([opetuspi5_19_] : [VARCHAR]) - [null]
2020-06-10 20:38:40.019 TRACE 56553 --- [    Test worker] o.h.type.descriptor.sql.BasicExtractor   : extracted value ([parent_i8_19_] : [BIGINT]) - [1]
2020-06-10 20:38:40.019 TRACE 56553 --- [    Test worker] o.h.type.descriptor.sql.BasicExtractor   : extracted value ([suhdetyy6_19_] : [VARCHAR]) - [HISTORIA]
2020-06-10 20:38:40.019 TRACE 56553 --- [    Test worker] o.h.type.descriptor.sql.BasicExtractor   : extracted value ([id1_19_] : [BIGINT]) - [2]
2020-06-10 20:38:40.020 TRACE 56553 --- [    Test worker] o.h.type.descriptor.sql.BasicExtractor   : extracted value ([version2_19_] : [BIGINT]) - [1]
2020-06-10 20:38:40.020 TRACE 56553 --- [    Test worker] o.h.type.descriptor.sql.BasicExtractor   : extracted value ([alkupvm3_19_] : [DATE]) - [2000-01-01]
2020-06-10 20:38:40.020 TRACE 56553 --- [    Test worker] o.h.type.descriptor.sql.BasicExtractor   : extracted value ([child_id7_19_] : [BIGINT]) - [2]
2020-06-10 20:38:40.020 TRACE 56553 --- [    Test worker] o.h.type.descriptor.sql.BasicExtractor   : extracted value ([loppupvm4_19_] : [DATE]) - [null]
2020-06-10 20:38:40.020 TRACE 56553 --- [    Test worker] o.h.type.descriptor.sql.BasicExtractor   : extracted value ([opetuspi5_19_] : [VARCHAR]) - [null]
2020-06-10 20:38:40.020 TRACE 56553 --- [    Test worker] o.h.type.descriptor.sql.BasicExtractor   : extracted value ([parent_i8_19_] : [BIGINT]) - [1]
2020-06-10 20:38:40.020 TRACE 56553 --- [    Test worker] o.h.type.descriptor.sql.BasicExtractor   : extracted value ([suhdetyy6_19_] : [VARCHAR]) - [HISTORIA]
2020-06-10 20:38:40.020 TRACE 56553 --- [    Test worker] o.h.type.descriptor.sql.BasicExtractor   : extracted value ([id1_19_] : [BIGINT]) - [3]
2020-06-10 20:38:40.020 TRACE 56553 --- [    Test worker] o.h.type.descriptor.sql.BasicExtractor   : extracted value ([version2_19_] : [BIGINT]) - [1]
2020-06-10 20:38:40.020 TRACE 56553 --- [    Test worker] o.h.type.descriptor.sql.BasicExtractor   : extracted value ([alkupvm3_19_] : [DATE]) - [2000-01-01]
2020-06-10 20:38:40.020 TRACE 56553 --- [    Test worker] o.h.type.descriptor.sql.BasicExtractor   : extracted value ([child_id7_19_] : [BIGINT]) - [3]
2020-06-10 20:38:40.020 TRACE 56553 --- [    Test worker] o.h.type.descriptor.sql.BasicExtractor   : extracted value ([loppupvm4_19_] : [DATE]) - [null]
2020-06-10 20:38:40.020 TRACE 56553 --- [    Test worker] o.h.type.descriptor.sql.BasicExtractor   : extracted value ([opetuspi5_19_] : [VARCHAR]) - [null]
2020-06-10 20:38:40.020 TRACE 56553 --- [    Test worker] o.h.type.descriptor.sql.BasicExtractor   : extracted value ([parent_i8_19_] : [BIGINT]) - [1]
2020-06-10 20:38:40.020 TRACE 56553 --- [    Test worker] o.h.type.descriptor.sql.BasicExtractor   : extracted value ([suhdetyy6_19_] : [VARCHAR]) - [HISTORIA]
2020-06-10 20:38:40.020 TRACE 56553 --- [    Test worker] o.h.type.descriptor.sql.BasicExtractor   : extracted value ([id1_19_] : [BIGINT]) - [4]
2020-06-10 20:38:40.021 TRACE 56553 --- [    Test worker] o.h.type.descriptor.sql.BasicExtractor   : extracted value ([version2_19_] : [BIGINT]) - [1]
2020-06-10 20:38:40.021 TRACE 56553 --- [    Test worker] o.h.type.descriptor.sql.BasicExtractor   : extracted value ([alkupvm3_19_] : [DATE]) - [2000-01-01]
2020-06-10 20:38:40.021 TRACE 56553 --- [    Test worker] o.h.type.descriptor.sql.BasicExtractor   : extracted value ([child_id7_19_] : [BIGINT]) - [5]
2020-06-10 20:38:40.021 TRACE 56553 --- [    Test worker] o.h.type.descriptor.sql.BasicExtractor   : extracted value ([loppupvm4_19_] : [DATE]) - [null]
2020-06-10 20:38:40.021 TRACE 56553 --- [    Test worker] o.h.type.descriptor.sql.BasicExtractor   : extracted value ([opetuspi5_19_] : [VARCHAR]) - [null]
2020-06-10 20:38:40.021 TRACE 56553 --- [    Test worker] o.h.type.descriptor.sql.BasicExtractor   : extracted value ([parent_i8_19_] : [BIGINT]) - [4]
2020-06-10 20:38:40.021 TRACE 56553 --- [    Test worker] o.h.type.descriptor.sql.BasicExtractor   : extracted value ([suhdetyy6_19_] : [VARCHAR]) - [HISTORIA]
2020-06-10 20:38:40.033  INFO 56553 --- [    Test worker] o.s.t.c.transaction.TransactionContext   : Rolled back transaction for test: [DefaultTestContext@420489c7 testClass = OrganisaatioSuhdeRepositoryImplTest, testInstance = fi.vm.sade.organisaatio.repository.OrganisaatioSuhdeRepositoryImplTest@2a51a9db, testMethod = findForDay@OrganisaatioSuhdeRepositoryImplTest, testException = [null], mergedContextConfiguration = [WebMergedContextConfiguration@10ad1b6d testClass = OrganisaatioSuhdeRepositoryImplTest, locations = '{}', classes = '{class fi.vm.sade.organisaatio.OrganisaatioApplication}', contextInitializerClasses = '[]', activeProfiles = '{}', propertySourceLocations = '{}', propertySourceProperties = '{org.springframework.boot.test.context.SpringBootTestContextBootstrapper=true}', contextCustomizers = set[org.springframework.boot.test.autoconfigure.properties.PropertyMappingContextCustomizer@83020a4e, org.springframework.boot.test.autoconfigure.web.servlet.WebDriverContextCustomizerFactory$Customizer@5e540114, [ImportsContextCustomizer@156d01af key = [org.springframework.boot.test.autoconfigure.jdbc.TestDatabaseAutoConfiguration, org.springframework.boot.autoconfigure.jdbc.DataSourceAutoConfiguration]], org.springframework.boot.test.context.filter.ExcludeFilterContextCustomizer@41cdf26a, org.springframework.boot.test.json.DuplicateJsonObjectContextCustomizerFactory$DuplicateJsonObjectContextCustomizer@1e95fe99, org.springframework.boot.test.mock.mockito.MockitoContextCustomizer@0, org.springframework.boot.test.web.client.TestRestTemplateContextCustomizer@6d8bcece, org.springframework.boot.test.context.SpringBootTestArgs@1], resourceBasePath = 'src/main/webapp', contextLoader = 'org.springframework.boot.test.context.SpringBootContextLoader', parent = [null]], attributes = map['org.springframework.test.context.web.ServletTestExecutionListener.activateListener' -> true, 'org.springframework.test.context.web.ServletTestExecutionListener.populatedRequestContextHolder' -> true, 'org.springframework.test.context.web.ServletTestExecutionListener.resetRequestContextHolder' -> true]]
2020-06-10 20:38:40.035  INFO 56553 --- [    Test worker] o.s.t.c.transaction.TransactionContext   : Began transaction (1) for test context [DefaultTestContext@420489c7 testClass = OrganisaatioSuhdeRepositoryImplTest, testInstance = fi.vm.sade.organisaatio.repository.OrganisaatioSuhdeRepositoryImplTest@50c24d43, testMethod = findForDayWithNull@OrganisaatioSuhdeRepositoryImplTest, testException = [null], mergedContextConfiguration = [WebMergedContextConfiguration@10ad1b6d testClass = OrganisaatioSuhdeRepositoryImplTest, locations = '{}', classes = '{class fi.vm.sade.organisaatio.OrganisaatioApplication}', contextInitializerClasses = '[]', activeProfiles = '{}', propertySourceLocations = '{}', propertySourceProperties = '{org.springframework.boot.test.context.SpringBootTestContextBootstrapper=true}', contextCustomizers = set[org.springframework.boot.test.autoconfigure.properties.PropertyMappingContextCustomizer@83020a4e, org.springframework.boot.test.autoconfigure.web.servlet.WebDriverContextCustomizerFactory$Customizer@5e540114, [ImportsContextCustomizer@156d01af key = [org.springframework.boot.test.autoconfigure.jdbc.TestDatabaseAutoConfiguration, org.springframework.boot.autoconfigure.jdbc.DataSourceAutoConfiguration]], org.springframework.boot.test.context.filter.ExcludeFilterContextCustomizer@41cdf26a, org.springframework.boot.test.json.DuplicateJsonObjectContextCustomizerFactory$DuplicateJsonObjectContextCustomizer@1e95fe99, org.springframework.boot.test.mock.mockito.MockitoContextCustomizer@0, org.springframework.boot.test.web.client.TestRestTemplateContextCustomizer@6d8bcece, org.springframework.boot.test.context.SpringBootTestArgs@1], resourceBasePath = 'src/main/webapp', contextLoader = 'org.springframework.boot.test.context.SpringBootContextLoader', parent = [null]], attributes = map['org.springframework.test.context.web.ServletTestExecutionListener.activateListener' -> true, 'org.springframework.test.context.web.ServletTestExecutionListener.populatedRequestContextHolder' -> true, 'org.springframework.test.context.web.ServletTestExecutionListener.resetRequestContextHolder' -> true]]; transaction manager [org.springframework.orm.jpa.JpaTransactionManager@20031d49]; rollback [true]
2020-06-10 20:38:40.037  INFO 56553 --- [    Test worker] o.s.t.c.transaction.TransactionContext   : Rolled back transaction for test: [DefaultTestContext@420489c7 testClass = OrganisaatioSuhdeRepositoryImplTest, testInstance = fi.vm.sade.organisaatio.repository.OrganisaatioSuhdeRepositoryImplTest@50c24d43, testMethod = findForDayWithNull@OrganisaatioSuhdeRepositoryImplTest, testException = [null], mergedContextConfiguration = [WebMergedContextConfiguration@10ad1b6d testClass = OrganisaatioSuhdeRepositoryImplTest, locations = '{}', classes = '{class fi.vm.sade.organisaatio.OrganisaatioApplication}', contextInitializerClasses = '[]', activeProfiles = '{}', propertySourceLocations = '{}', propertySourceProperties = '{org.springframework.boot.test.context.SpringBootTestContextBootstrapper=true}', contextCustomizers = set[org.springframework.boot.test.autoconfigure.properties.PropertyMappingContextCustomizer@83020a4e, org.springframework.boot.test.autoconfigure.web.servlet.WebDriverContextCustomizerFactory$Customizer@5e540114, [ImportsContextCustomizer@156d01af key = [org.springframework.boot.test.autoconfigure.jdbc.TestDatabaseAutoConfiguration, org.springframework.boot.autoconfigure.jdbc.DataSourceAutoConfiguration]], org.springframework.boot.test.context.filter.ExcludeFilterContextCustomizer@41cdf26a, org.springframework.boot.test.json.DuplicateJsonObjectContextCustomizerFactory$DuplicateJsonObjectContextCustomizer@1e95fe99, org.springframework.boot.test.mock.mockito.MockitoContextCustomizer@0, org.springframework.boot.test.web.client.TestRestTemplateContextCustomizer@6d8bcece, org.springframework.boot.test.context.SpringBootTestArgs@1], resourceBasePath = 'src/main/webapp', contextLoader = 'org.springframework.boot.test.context.SpringBootContextLoader', parent = [null]], attributes = map['org.springframework.test.context.web.ServletTestExecutionListener.activateListener' -> true, 'org.springframework.test.context.web.ServletTestExecutionListener.populatedRequestContextHolder' -> true, 'org.springframework.test.context.web.ServletTestExecutionListener.resetRequestContextHolder' -> true]]
]]></system-out>
  <system-err><![CDATA[]]></system-err>
</testsuite>
