<?xml version="1.0" encoding="UTF-8"?>
<testsuite name="fi.vm.sade.organisaatio.business.impl.OrganisaatioYtjServiceImplTest" tests="1" skipped="0" failures="0" errors="0" timestamp="2020-06-10T15:11:57" hostname="Miikkas-MacBook-Pro.local" time="2.417">
  <properties/>
  <testcase name="updateYTJDataTest" classname="fi.vm.sade.organisaatio.business.impl.OrganisaatioYtjServiceImplTest" time="2.417"/>
  <system-out><![CDATA[
  .   ____          _            __ _ _
 /\\ / ___'_ __ _ _(_)_ __  __ _ \ \ \ \
( ( )\___ | '_ | '_| | '_ \/ _` | \ \ \ \
 \\/  ___)| |_)| | | | | || (_| |  ) ) ) )
  '  |____| .__|_| |_|_| |_\__, | / / / /
 =========|_|==============|___/=/_/_/_/
 :: Spring Boot ::        (v2.3.0.RELEASE)

2020-06-10 18:11:55.708  INFO 55751 --- [    Test worker] v.s.o.b.i.OrganisaatioYtjServiceImplTest : Starting OrganisaatioYtjServiceImplTest on Miikkas-MacBook-Pro.local with PID 55751 (started by mkamka in /Users/mkamka/git/wunderdog/oph/yleiskayttoiset/organisaatio 2/organisaatio-service)
2020-06-10 18:11:55.708  INFO 55751 --- [    Test worker] v.s.o.b.i.OrganisaatioYtjServiceImplTest : No active profile set, falling back to default profiles: default
2020-06-10 18:11:56.021  INFO 55751 --- [    Test worker] .s.d.r.c.RepositoryConfigurationDelegate : Bootstrapping Spring Data JPA repositories in DEFERRED mode.
2020-06-10 18:11:56.083  INFO 55751 --- [    Test worker] .s.d.r.c.RepositoryConfigurationDelegate : Finished Spring Data repository scanning in 61ms. Found 12 JPA repository interfaces.
2020-06-10 18:11:56.103  INFO 55751 --- [    Test worker] beddedDataSourceBeanFactoryPostProcessor : Replacing 'dataSource' DataSource bean with embedded version
2020-06-10 18:11:56.174  INFO 55751 --- [    Test worker] o.s.j.d.e.EmbeddedDatabaseFactory        : Starting embedded database: url='jdbc:h2:mem:9173eea2-f5cf-4cc3-974b-35c87c655742;DB_CLOSE_DELAY=-1;DB_CLOSE_ON_EXIT=false', username='sa'
2020-06-10 18:11:56.220  INFO 55751 --- [    Test worker] o.s.s.concurrent.ThreadPoolTaskExecutor  : Initializing ExecutorService 'applicationTaskExecutor'
2020-06-10 18:11:56.254  INFO 55751 --- [         task-1] o.hibernate.jpa.internal.util.LogHelper  : HHH000204: Processing PersistenceUnitInfo [name: default]
2020-06-10 18:11:56.257 DEBUG 55751 --- [         task-1] org.hibernate.type.BasicTypeRegistry     : Adding type registration boolean -> org.hibernate.type.BooleanType@64832385
2020-06-10 18:11:56.257 DEBUG 55751 --- [         task-1] org.hibernate.type.BasicTypeRegistry     : Adding type registration boolean -> org.hibernate.type.BooleanType@64832385
2020-06-10 18:11:56.257 DEBUG 55751 --- [         task-1] org.hibernate.type.BasicTypeRegistry     : Adding type registration java.lang.Boolean -> org.hibernate.type.BooleanType@64832385
2020-06-10 18:11:56.257 DEBUG 55751 --- [         task-1] org.hibernate.type.BasicTypeRegistry     : Adding type registration numeric_boolean -> org.hibernate.type.NumericBooleanType@2dfabe23
2020-06-10 18:11:56.257 DEBUG 55751 --- [         task-1] org.hibernate.type.BasicTypeRegistry     : Adding type registration true_false -> org.hibernate.type.TrueFalseType@55bedb8b
2020-06-10 18:11:56.257 DEBUG 55751 --- [         task-1] org.hibernate.type.BasicTypeRegistry     : Adding type registration yes_no -> org.hibernate.type.YesNoType@4d73a2ec
2020-06-10 18:11:56.257 DEBUG 55751 --- [         task-1] org.hibernate.type.BasicTypeRegistry     : Adding type registration byte -> org.hibernate.type.ByteType@1bbfb0e1
2020-06-10 18:11:56.257 DEBUG 55751 --- [         task-1] org.hibernate.type.BasicTypeRegistry     : Adding type registration byte -> org.hibernate.type.ByteType@1bbfb0e1
2020-06-10 18:11:56.257 DEBUG 55751 --- [         task-1] org.hibernate.type.BasicTypeRegistry     : Adding type registration java.lang.Byte -> org.hibernate.type.ByteType@1bbfb0e1
2020-06-10 18:11:56.257 DEBUG 55751 --- [         task-1] org.hibernate.type.BasicTypeRegistry     : Adding type registration character -> org.hibernate.type.CharacterType@542babe6
2020-06-10 18:11:56.257 DEBUG 55751 --- [         task-1] org.hibernate.type.BasicTypeRegistry     : Adding type registration char -> org.hibernate.type.CharacterType@542babe6
2020-06-10 18:11:56.257 DEBUG 55751 --- [         task-1] org.hibernate.type.BasicTypeRegistry     : Adding type registration java.lang.Character -> org.hibernate.type.CharacterType@542babe6
2020-06-10 18:11:56.257 DEBUG 55751 --- [         task-1] org.hibernate.type.BasicTypeRegistry     : Adding type registration short -> org.hibernate.type.ShortType@45aa4e90
2020-06-10 18:11:56.257 DEBUG 55751 --- [         task-1] org.hibernate.type.BasicTypeRegistry     : Adding type registration short -> org.hibernate.type.ShortType@45aa4e90
2020-06-10 18:11:56.257 DEBUG 55751 --- [         task-1] org.hibernate.type.BasicTypeRegistry     : Adding type registration java.lang.Short -> org.hibernate.type.ShortType@45aa4e90
2020-06-10 18:11:56.257 DEBUG 55751 --- [         task-1] org.hibernate.type.BasicTypeRegistry     : Adding type registration integer -> org.hibernate.type.IntegerType@5e9acab2
2020-06-10 18:11:56.257 DEBUG 55751 --- [         task-1] org.hibernate.type.BasicTypeRegistry     : Adding type registration int -> org.hibernate.type.IntegerType@5e9acab2
2020-06-10 18:11:56.257 DEBUG 55751 --- [         task-1] org.hibernate.type.BasicTypeRegistry     : Adding type registration java.lang.Integer -> org.hibernate.type.IntegerType@5e9acab2
2020-06-10 18:11:56.257 DEBUG 55751 --- [         task-1] org.hibernate.type.BasicTypeRegistry     : Adding type registration long -> org.hibernate.type.LongType@37885b1d
2020-06-10 18:11:56.257 DEBUG 55751 --- [         task-1] org.hibernate.type.BasicTypeRegistry     : Adding type registration long -> org.hibernate.type.LongType@37885b1d
2020-06-10 18:11:56.257 DEBUG 55751 --- [         task-1] org.hibernate.type.BasicTypeRegistry     : Adding type registration java.lang.Long -> org.hibernate.type.LongType@37885b1d
2020-06-10 18:11:56.257 DEBUG 55751 --- [         task-1] org.hibernate.type.BasicTypeRegistry     : Adding type registration float -> org.hibernate.type.FloatType@607b0cc3
2020-06-10 18:11:56.257 DEBUG 55751 --- [         task-1] org.hibernate.type.BasicTypeRegistry     : Adding type registration float -> org.hibernate.type.FloatType@607b0cc3
2020-06-10 18:11:56.257 DEBUG 55751 --- [         task-1] org.hibernate.type.BasicTypeRegistry     : Adding type registration java.lang.Float -> org.hibernate.type.FloatType@607b0cc3
2020-06-10 18:11:56.257 DEBUG 55751 --- [         task-1] org.hibernate.type.BasicTypeRegistry     : Adding type registration double -> org.hibernate.type.DoubleType@6cef098d
2020-06-10 18:11:56.257 DEBUG 55751 --- [         task-1] org.hibernate.type.BasicTypeRegistry     : Adding type registration double -> org.hibernate.type.DoubleType@6cef098d
2020-06-10 18:11:56.257 DEBUG 55751 --- [         task-1] org.hibernate.type.BasicTypeRegistry     : Adding type registration java.lang.Double -> org.hibernate.type.DoubleType@6cef098d
2020-06-10 18:11:56.257 DEBUG 55751 --- [         task-1] org.hibernate.type.BasicTypeRegistry     : Adding type registration big_decimal -> org.hibernate.type.BigDecimalType@6ca0e59d
2020-06-10 18:11:56.257 DEBUG 55751 --- [         task-1] org.hibernate.type.BasicTypeRegistry     : Adding type registration java.math.BigDecimal -> org.hibernate.type.BigDecimalType@6ca0e59d
2020-06-10 18:11:56.257 DEBUG 55751 --- [         task-1] org.hibernate.type.BasicTypeRegistry     : Adding type registration big_integer -> org.hibernate.type.BigIntegerType@5e476f96
2020-06-10 18:11:56.257 DEBUG 55751 --- [         task-1] org.hibernate.type.BasicTypeRegistry     : Adding type registration java.math.BigInteger -> org.hibernate.type.BigIntegerType@5e476f96
2020-06-10 18:11:56.257 DEBUG 55751 --- [         task-1] org.hibernate.type.BasicTypeRegistry     : Adding type registration string -> org.hibernate.type.StringType@7250e71f
2020-06-10 18:11:56.257 DEBUG 55751 --- [         task-1] org.hibernate.type.BasicTypeRegistry     : Adding type registration java.lang.String -> org.hibernate.type.StringType@7250e71f
2020-06-10 18:11:56.257 DEBUG 55751 --- [         task-1] org.hibernate.type.BasicTypeRegistry     : Adding type registration nstring -> org.hibernate.type.StringNVarcharType@98a4409
2020-06-10 18:11:56.257 DEBUG 55751 --- [         task-1] org.hibernate.type.BasicTypeRegistry     : Adding type registration ncharacter -> org.hibernate.type.CharacterNCharType@51939a53
2020-06-10 18:11:56.257 DEBUG 55751 --- [         task-1] org.hibernate.type.BasicTypeRegistry     : Adding type registration url -> org.hibernate.type.UrlType@5dd004c4
2020-06-10 18:11:56.257 DEBUG 55751 --- [         task-1] org.hibernate.type.BasicTypeRegistry     : Adding type registration java.net.URL -> org.hibernate.type.UrlType@5dd004c4
2020-06-10 18:11:56.257 DEBUG 55751 --- [         task-1] org.hibernate.type.BasicTypeRegistry     : Adding type registration Duration -> org.hibernate.type.DurationType@beb10cd
2020-06-10 18:11:56.258 DEBUG 55751 --- [         task-1] org.hibernate.type.BasicTypeRegistry     : Adding type registration java.time.Duration -> org.hibernate.type.DurationType@beb10cd
2020-06-10 18:11:56.258 DEBUG 55751 --- [         task-1] org.hibernate.type.BasicTypeRegistry     : Adding type registration Instant -> org.hibernate.type.InstantType@614aee68
2020-06-10 18:11:56.258 DEBUG 55751 --- [         task-1] org.hibernate.type.BasicTypeRegistry     : Adding type registration java.time.Instant -> org.hibernate.type.InstantType@614aee68
2020-06-10 18:11:56.258 DEBUG 55751 --- [         task-1] org.hibernate.type.BasicTypeRegistry     : Adding type registration LocalDateTime -> org.hibernate.type.LocalDateTimeType@7f3412aa
2020-06-10 18:11:56.258 DEBUG 55751 --- [         task-1] org.hibernate.type.BasicTypeRegistry     : Adding type registration java.time.LocalDateTime -> org.hibernate.type.LocalDateTimeType@7f3412aa
2020-06-10 18:11:56.258 DEBUG 55751 --- [         task-1] org.hibernate.type.BasicTypeRegistry     : Adding type registration LocalDate -> org.hibernate.type.LocalDateType@230aeaef
2020-06-10 18:11:56.258 DEBUG 55751 --- [         task-1] org.hibernate.type.BasicTypeRegistry     : Adding type registration java.time.LocalDate -> org.hibernate.type.LocalDateType@230aeaef
2020-06-10 18:11:56.258 DEBUG 55751 --- [         task-1] org.hibernate.type.BasicTypeRegistry     : Adding type registration LocalTime -> org.hibernate.type.LocalTimeType@54760927
2020-06-10 18:11:56.258 DEBUG 55751 --- [         task-1] org.hibernate.type.BasicTypeRegistry     : Adding type registration java.time.LocalTime -> org.hibernate.type.LocalTimeType@54760927
2020-06-10 18:11:56.258 DEBUG 55751 --- [         task-1] org.hibernate.type.BasicTypeRegistry     : Adding type registration OffsetDateTime -> org.hibernate.type.OffsetDateTimeType@2822f21e
2020-06-10 18:11:56.258 DEBUG 55751 --- [         task-1] org.hibernate.type.BasicTypeRegistry     : Adding type registration java.time.OffsetDateTime -> org.hibernate.type.OffsetDateTimeType@2822f21e
2020-06-10 18:11:56.258 DEBUG 55751 --- [         task-1] org.hibernate.type.BasicTypeRegistry     : Adding type registration OffsetTime -> org.hibernate.type.OffsetTimeType@30e0cc1d
2020-06-10 18:11:56.258 DEBUG 55751 --- [         task-1] org.hibernate.type.BasicTypeRegistry     : Adding type registration java.time.OffsetTime -> org.hibernate.type.OffsetTimeType@30e0cc1d
2020-06-10 18:11:56.258 DEBUG 55751 --- [         task-1] org.hibernate.type.BasicTypeRegistry     : Adding type registration ZonedDateTime -> org.hibernate.type.ZonedDateTimeType@17453e64
2020-06-10 18:11:56.258 DEBUG 55751 --- [         task-1] org.hibernate.type.BasicTypeRegistry     : Adding type registration java.time.ZonedDateTime -> org.hibernate.type.ZonedDateTimeType@17453e64
2020-06-10 18:11:56.258 DEBUG 55751 --- [         task-1] org.hibernate.type.BasicTypeRegistry     : Adding type registration date -> org.hibernate.type.DateType@6746b6dc
2020-06-10 18:11:56.258 DEBUG 55751 --- [         task-1] org.hibernate.type.BasicTypeRegistry     : Adding type registration java.sql.Date -> org.hibernate.type.DateType@6746b6dc
2020-06-10 18:11:56.258 DEBUG 55751 --- [         task-1] org.hibernate.type.BasicTypeRegistry     : Adding type registration time -> org.hibernate.type.TimeType@22b2b7d4
2020-06-10 18:11:56.258 DEBUG 55751 --- [         task-1] org.hibernate.type.BasicTypeRegistry     : Adding type registration java.sql.Time -> org.hibernate.type.TimeType@22b2b7d4
2020-06-10 18:11:56.258 DEBUG 55751 --- [         task-1] org.hibernate.type.BasicTypeRegistry     : Adding type registration timestamp -> org.hibernate.type.TimestampType@16387082
2020-06-10 18:11:56.258 DEBUG 55751 --- [         task-1] org.hibernate.type.BasicTypeRegistry     : Adding type registration java.sql.Timestamp -> org.hibernate.type.TimestampType@16387082
2020-06-10 18:11:56.258 DEBUG 55751 --- [         task-1] org.hibernate.type.BasicTypeRegistry     : Adding type registration java.util.Date -> org.hibernate.type.TimestampType@16387082
2020-06-10 18:11:56.258 DEBUG 55751 --- [         task-1] org.hibernate.type.BasicTypeRegistry     : Adding type registration dbtimestamp -> org.hibernate.type.DbTimestampType@3b61c4de
2020-06-10 18:11:56.258 DEBUG 55751 --- [         task-1] org.hibernate.type.BasicTypeRegistry     : Adding type registration calendar -> org.hibernate.type.CalendarType@872f114
2020-06-10 18:11:56.258 DEBUG 55751 --- [         task-1] org.hibernate.type.BasicTypeRegistry     : Adding type registration java.util.Calendar -> org.hibernate.type.CalendarType@872f114
2020-06-10 18:11:56.258 DEBUG 55751 --- [         task-1] org.hibernate.type.BasicTypeRegistry     : Adding type registration java.util.GregorianCalendar -> org.hibernate.type.CalendarType@872f114
2020-06-10 18:11:56.258 DEBUG 55751 --- [         task-1] org.hibernate.type.BasicTypeRegistry     : Adding type registration calendar_date -> org.hibernate.type.CalendarDateType@30133667
2020-06-10 18:11:56.258 DEBUG 55751 --- [         task-1] org.hibernate.type.BasicTypeRegistry     : Adding type registration calendar_time -> org.hibernate.type.CalendarTimeType@6db15d50
2020-06-10 18:11:56.258 DEBUG 55751 --- [         task-1] org.hibernate.type.BasicTypeRegistry     : Adding type registration locale -> org.hibernate.type.LocaleType@34dae521
2020-06-10 18:11:56.258 DEBUG 55751 --- [         task-1] org.hibernate.type.BasicTypeRegistry     : Adding type registration java.util.Locale -> org.hibernate.type.LocaleType@34dae521
2020-06-10 18:11:56.258 DEBUG 55751 --- [         task-1] org.hibernate.type.BasicTypeRegistry     : Adding type registration currency -> org.hibernate.type.CurrencyType@4abf8419
2020-06-10 18:11:56.258 DEBUG 55751 --- [         task-1] org.hibernate.type.BasicTypeRegistry     : Adding type registration java.util.Currency -> org.hibernate.type.CurrencyType@4abf8419
2020-06-10 18:11:56.258 DEBUG 55751 --- [         task-1] org.hibernate.type.BasicTypeRegistry     : Adding type registration timezone -> org.hibernate.type.TimeZoneType@475664c7
2020-06-10 18:11:56.258 DEBUG 55751 --- [         task-1] org.hibernate.type.BasicTypeRegistry     : Adding type registration java.util.TimeZone -> org.hibernate.type.TimeZoneType@475664c7
2020-06-10 18:11:56.258 DEBUG 55751 --- [         task-1] org.hibernate.type.BasicTypeRegistry     : Adding type registration class -> org.hibernate.type.ClassType@7ee21a44
2020-06-10 18:11:56.258 DEBUG 55751 --- [         task-1] org.hibernate.type.BasicTypeRegistry     : Adding type registration java.lang.Class -> org.hibernate.type.ClassType@7ee21a44
2020-06-10 18:11:56.258 DEBUG 55751 --- [         task-1] org.hibernate.type.BasicTypeRegistry     : Adding type registration uuid-binary -> org.hibernate.type.UUIDBinaryType@6201aaf9
2020-06-10 18:11:56.258 DEBUG 55751 --- [         task-1] org.hibernate.type.BasicTypeRegistry     : Adding type registration java.util.UUID -> org.hibernate.type.UUIDBinaryType@6201aaf9
2020-06-10 18:11:56.258 DEBUG 55751 --- [         task-1] org.hibernate.type.BasicTypeRegistry     : Adding type registration uuid-char -> org.hibernate.type.UUIDCharType@1f85babe
2020-06-10 18:11:56.258 DEBUG 55751 --- [         task-1] org.hibernate.type.BasicTypeRegistry     : Adding type registration binary -> org.hibernate.type.BinaryType@1cd11657
2020-06-10 18:11:56.258 DEBUG 55751 --- [         task-1] org.hibernate.type.BasicTypeRegistry     : Adding type registration byte[] -> org.hibernate.type.BinaryType@1cd11657
2020-06-10 18:11:56.258 DEBUG 55751 --- [         task-1] org.hibernate.type.BasicTypeRegistry     : Adding type registration [B -> org.hibernate.type.BinaryType@1cd11657
2020-06-10 18:11:56.258 DEBUG 55751 --- [         task-1] org.hibernate.type.BasicTypeRegistry     : Adding type registration wrapper-binary -> org.hibernate.type.WrapperBinaryType@43976e8c
2020-06-10 18:11:56.258 DEBUG 55751 --- [         task-1] org.hibernate.type.BasicTypeRegistry     : Adding type registration Byte[] -> org.hibernate.type.WrapperBinaryType@43976e8c
2020-06-10 18:11:56.258 DEBUG 55751 --- [         task-1] org.hibernate.type.BasicTypeRegistry     : Adding type registration [Ljava.lang.Byte; -> org.hibernate.type.WrapperBinaryType@43976e8c
2020-06-10 18:11:56.258 DEBUG 55751 --- [         task-1] org.hibernate.type.BasicTypeRegistry     : Adding type registration row_version -> org.hibernate.type.RowVersionType@5044e279
2020-06-10 18:11:56.258 DEBUG 55751 --- [         task-1] org.hibernate.type.BasicTypeRegistry     : Adding type registration image -> org.hibernate.type.ImageType@57d6ac5e
2020-06-10 18:11:56.258 DEBUG 55751 --- [         task-1] org.hibernate.type.BasicTypeRegistry     : Adding type registration characters -> org.hibernate.type.CharArrayType@10ee6e56
2020-06-10 18:11:56.258 DEBUG 55751 --- [         task-1] org.hibernate.type.BasicTypeRegistry     : Adding type registration char[] -> org.hibernate.type.CharArrayType@10ee6e56
2020-06-10 18:11:56.258 DEBUG 55751 --- [         task-1] org.hibernate.type.BasicTypeRegistry     : Adding type registration [C -> org.hibernate.type.CharArrayType@10ee6e56
2020-06-10 18:11:56.258 DEBUG 55751 --- [         task-1] org.hibernate.type.BasicTypeRegistry     : Adding type registration wrapper-characters -> org.hibernate.type.CharacterArrayType@79c7d538
2020-06-10 18:11:56.258 DEBUG 55751 --- [         task-1] org.hibernate.type.BasicTypeRegistry     : Adding type registration [Ljava.lang.Character; -> org.hibernate.type.CharacterArrayType@79c7d538
2020-06-10 18:11:56.258 DEBUG 55751 --- [         task-1] org.hibernate.type.BasicTypeRegistry     : Adding type registration Character[] -> org.hibernate.type.CharacterArrayType@79c7d538
2020-06-10 18:11:56.258 DEBUG 55751 --- [         task-1] org.hibernate.type.BasicTypeRegistry     : Adding type registration text -> org.hibernate.type.TextType@2b03af4
2020-06-10 18:11:56.259 DEBUG 55751 --- [         task-1] org.hibernate.type.BasicTypeRegistry     : Adding type registration ntext -> org.hibernate.type.NTextType@6d7d39e
2020-06-10 18:11:56.259 DEBUG 55751 --- [         task-1] org.hibernate.type.BasicTypeRegistry     : Adding type registration blob -> org.hibernate.type.BlobType@4dc78672
2020-06-10 18:11:56.259 DEBUG 55751 --- [         task-1] org.hibernate.type.BasicTypeRegistry     : Adding type registration java.sql.Blob -> org.hibernate.type.BlobType@4dc78672
2020-06-10 18:11:56.259 DEBUG 55751 --- [         task-1] org.hibernate.type.BasicTypeRegistry     : Adding type registration materialized_blob -> org.hibernate.type.MaterializedBlobType@7969dd0d
2020-06-10 18:11:56.259 DEBUG 55751 --- [         task-1] org.hibernate.type.BasicTypeRegistry     : Adding type registration clob -> org.hibernate.type.ClobType@38f39022
2020-06-10 18:11:56.259 DEBUG 55751 --- [         task-1] org.hibernate.type.BasicTypeRegistry     : Adding type registration java.sql.Clob -> org.hibernate.type.ClobType@38f39022
2020-06-10 18:11:56.259 DEBUG 55751 --- [         task-1] org.hibernate.type.BasicTypeRegistry     : Adding type registration nclob -> org.hibernate.type.NClobType@4b4e387b
2020-06-10 18:11:56.259 DEBUG 55751 --- [         task-1] org.hibernate.type.BasicTypeRegistry     : Adding type registration java.sql.NClob -> org.hibernate.type.NClobType@4b4e387b
2020-06-10 18:11:56.259 DEBUG 55751 --- [         task-1] org.hibernate.type.BasicTypeRegistry     : Adding type registration materialized_clob -> org.hibernate.type.MaterializedClobType@33eb9d
2020-06-10 18:11:56.259 DEBUG 55751 --- [         task-1] org.hibernate.type.BasicTypeRegistry     : Adding type registration materialized_nclob -> org.hibernate.type.MaterializedNClobType@4774d2ca
2020-06-10 18:11:56.259 DEBUG 55751 --- [         task-1] org.hibernate.type.BasicTypeRegistry     : Adding type registration serializable -> org.hibernate.type.SerializableType@3298d692
2020-06-10 18:11:56.259 DEBUG 55751 --- [         task-1] org.hibernate.type.BasicTypeRegistry     : Adding type registration object -> org.hibernate.type.ObjectType@22e34fa
2020-06-10 18:11:56.259 DEBUG 55751 --- [         task-1] org.hibernate.type.BasicTypeRegistry     : Adding type registration java.lang.Object -> org.hibernate.type.ObjectType@22e34fa
2020-06-10 18:11:56.259 DEBUG 55751 --- [         task-1] org.hibernate.type.BasicTypeRegistry     : Adding type registration imm_date -> org.hibernate.type.AdaptedImmutableType@284868df
2020-06-10 18:11:56.259 DEBUG 55751 --- [         task-1] org.hibernate.type.BasicTypeRegistry     : Adding type registration imm_time -> org.hibernate.type.AdaptedImmutableType@38c4119a
2020-06-10 18:11:56.259 DEBUG 55751 --- [         task-1] org.hibernate.type.BasicTypeRegistry     : Adding type registration imm_timestamp -> org.hibernate.type.AdaptedImmutableType@79b4ea14
2020-06-10 18:11:56.259 DEBUG 55751 --- [         task-1] org.hibernate.type.BasicTypeRegistry     : Adding type registration imm_dbtimestamp -> org.hibernate.type.AdaptedImmutableType@50f54757
2020-06-10 18:11:56.259 DEBUG 55751 --- [         task-1] org.hibernate.type.BasicTypeRegistry     : Adding type registration imm_calendar -> org.hibernate.type.AdaptedImmutableType@3b90d306
2020-06-10 18:11:56.259 DEBUG 55751 --- [         task-1] org.hibernate.type.BasicTypeRegistry     : Adding type registration imm_calendar_date -> org.hibernate.type.AdaptedImmutableType@23c05d2f
2020-06-10 18:11:56.259 DEBUG 55751 --- [         task-1] org.hibernate.type.BasicTypeRegistry     : Adding type registration imm_binary -> org.hibernate.type.AdaptedImmutableType@7dfaf709
2020-06-10 18:11:56.259 DEBUG 55751 --- [         task-1] org.hibernate.type.BasicTypeRegistry     : Adding type registration imm_serializable -> org.hibernate.type.AdaptedImmutableType@7cfd81e
2020-06-10 18:11:56.263  INFO 55751 --- [         task-1] org.hibernate.dialect.Dialect            : HHH000400: Using dialect: org.hibernate.dialect.H2Dialect
2020-06-10 18:11:56.266 DEBUG 55751 --- [         task-1] o.h.type.spi.TypeConfiguration$Scope     : Scoping TypeConfiguration [org.hibernate.type.spi.TypeConfiguration@12a9c14b] to MetadataBuildingContext [org.hibernate.boot.internal.MetadataBuildingContextRootImpl@7049a098]
2020-06-10 18:11:56.291 DEBUG 55751 --- [         task-1] org.hibernate.type.EnumType              : Using NAMED-based conversion for Enum fi.vm.sade.organisaatio.model.YtjVirhe$YTJVirheKohde
2020-06-10 18:11:56.291 DEBUG 55751 --- [         task-1] org.hibernate.type.EnumType              : Using NAMED-based conversion for Enum fi.vm.sade.organisaatio.model.OrganisaatioSahkoposti$Tyyppi
2020-06-10 18:11:56.291 DEBUG 55751 --- [         task-1] org.hibernate.type.EnumType              : Using NAMED-based conversion for Enum fi.vm.sade.organisaatio.model.OrganisaatioSuhde$OrganisaatioSuhdeTyyppi
2020-06-10 18:11:56.291 DEBUG 55751 --- [         task-1] org.hibernate.type.EnumType              : Using NAMED-based conversion for Enum fi.vm.sade.organisaatio.model.YtjPaivitysLoki$YTJPaivitysStatus
2020-06-10 18:11:56.292 DEBUG 55751 --- [         task-1] org.hibernate.type.EnumType              : Using NAMED-based conversion for Enum fi.vm.sade.organisaatio.model.YtjVirhe$YTJVirheKohde
2020-06-10 18:11:56.293 DEBUG 55751 --- [         task-1] org.hibernate.type.EnumType              : Using NAMED-based conversion for Enum fi.vm.sade.organisaatio.model.OrganisaatioSahkoposti$Tyyppi
2020-06-10 18:11:56.294 DEBUG 55751 --- [         task-1] org.hibernate.type.EnumType              : Using NAMED-based conversion for Enum fi.vm.sade.organisaatio.model.OrganisaatioSuhde$OrganisaatioSuhdeTyyppi
2020-06-10 18:11:56.295 DEBUG 55751 --- [         task-1] org.hibernate.type.EnumType              : Using NAMED-based conversion for Enum fi.vm.sade.organisaatio.model.YtjPaivitysLoki$YTJPaivitysStatus
2020-06-10 18:11:56.323 DEBUG 55751 --- [         task-1] o.h.type.spi.TypeConfiguration$Scope     : Scoping TypeConfiguration [org.hibernate.type.spi.TypeConfiguration@12a9c14b] to SessionFactoryImpl [org.hibernate.internal.SessionFactoryImpl@7b2fde82]
2020-06-10 18:11:56.323 DEBUG 55751 --- [         task-1] org.hibernate.type.EnumType              : Using NAMED-based conversion for Enum fi.vm.sade.organisaatio.model.YtjVirhe$YTJVirheKohde
2020-06-10 18:11:56.323 DEBUG 55751 --- [         task-1] org.hibernate.type.EnumType              : Using NAMED-based conversion for Enum fi.vm.sade.organisaatio.model.YtjVirhe$YTJVirheKohde
2020-06-10 18:11:56.327 DEBUG 55751 --- [         task-1] org.hibernate.type.EnumType              : Using NAMED-based conversion for Enum fi.vm.sade.organisaatio.model.YtjVirhe$YTJVirheKohde
2020-06-10 18:11:56.327 DEBUG 55751 --- [         task-1] org.hibernate.type.EnumType              : Using NAMED-based conversion for Enum fi.vm.sade.organisaatio.model.YtjVirhe$YTJVirheKohde
2020-06-10 18:11:56.347 DEBUG 55751 --- [         task-1] org.hibernate.type.EnumType              : Using NAMED-based conversion for Enum fi.vm.sade.organisaatio.model.OrganisaatioSahkoposti$Tyyppi
2020-06-10 18:11:56.347 DEBUG 55751 --- [         task-1] org.hibernate.type.EnumType              : Using NAMED-based conversion for Enum fi.vm.sade.organisaatio.model.OrganisaatioSahkoposti$Tyyppi
2020-06-10 18:11:56.350 DEBUG 55751 --- [         task-1] org.hibernate.type.EnumType              : Using NAMED-based conversion for Enum fi.vm.sade.organisaatio.model.OrganisaatioSahkoposti$Tyyppi
2020-06-10 18:11:56.350 DEBUG 55751 --- [         task-1] org.hibernate.type.EnumType              : Using NAMED-based conversion for Enum fi.vm.sade.organisaatio.model.OrganisaatioSahkoposti$Tyyppi
2020-06-10 18:11:56.382  WARN 55751 --- [    Test worker] JpaBaseConfiguration$JpaWebConfiguration : spring.jpa.open-in-view is enabled by default. Therefore, database queries may be performed during view rendering. Explicitly configure spring.jpa.open-in-view to disable this warning
2020-06-10 18:11:56.398 DEBUG 55751 --- [         task-1] org.hibernate.type.EnumType              : Using NAMED-based conversion for Enum fi.vm.sade.organisaatio.model.OrganisaatioSuhde$OrganisaatioSuhdeTyyppi
2020-06-10 18:11:56.398 DEBUG 55751 --- [         task-1] org.hibernate.type.EnumType              : Using NAMED-based conversion for Enum fi.vm.sade.organisaatio.model.OrganisaatioSuhde$OrganisaatioSuhdeTyyppi
2020-06-10 18:11:56.401 DEBUG 55751 --- [         task-1] org.hibernate.type.EnumType              : Using NAMED-based conversion for Enum fi.vm.sade.organisaatio.model.OrganisaatioSuhde$OrganisaatioSuhdeTyyppi
2020-06-10 18:11:56.401 DEBUG 55751 --- [         task-1] org.hibernate.type.EnumType              : Using NAMED-based conversion for Enum fi.vm.sade.organisaatio.model.OrganisaatioSuhde$OrganisaatioSuhdeTyyppi
2020-06-10 18:11:56.433 DEBUG 55751 --- [         task-1] org.hibernate.type.EnumType              : Using NAMED-based conversion for Enum fi.vm.sade.organisaatio.model.YtjPaivitysLoki$YTJPaivitysStatus
2020-06-10 18:11:56.433 DEBUG 55751 --- [         task-1] org.hibernate.type.EnumType              : Using NAMED-based conversion for Enum fi.vm.sade.organisaatio.model.YtjPaivitysLoki$YTJPaivitysStatus
2020-06-10 18:11:56.437 DEBUG 55751 --- [         task-1] org.hibernate.type.EnumType              : Using NAMED-based conversion for Enum fi.vm.sade.organisaatio.model.YtjPaivitysLoki$YTJPaivitysStatus
2020-06-10 18:11:56.437 DEBUG 55751 --- [         task-1] org.hibernate.type.EnumType              : Using NAMED-based conversion for Enum fi.vm.sade.organisaatio.model.YtjPaivitysLoki$YTJPaivitysStatus
2020-06-10 18:11:56.463 DEBUG 55751 --- [         task-1] org.hibernate.type.EnumType              : Using NAMED-based conversion for Enum fi.vm.sade.organisaatio.model.YtjVirhe$YTJVirheKohde
2020-06-10 18:11:56.463 DEBUG 55751 --- [         task-1] org.hibernate.type.EnumType              : Using NAMED-based conversion for Enum fi.vm.sade.organisaatio.model.YtjVirhe$YTJVirheKohde
2020-06-10 18:11:56.466 DEBUG 55751 --- [         task-1] org.hibernate.type.EnumType              : Using NAMED-based conversion for Enum fi.vm.sade.organisaatio.model.OrganisaatioSahkoposti$Tyyppi
2020-06-10 18:11:56.466 DEBUG 55751 --- [         task-1] org.hibernate.type.EnumType              : Using NAMED-based conversion for Enum fi.vm.sade.organisaatio.model.OrganisaatioSahkoposti$Tyyppi
2020-06-10 18:11:56.469 DEBUG 55751 --- [         task-1] org.hibernate.type.EnumType              : Using NAMED-based conversion for Enum fi.vm.sade.organisaatio.model.OrganisaatioSuhde$OrganisaatioSuhdeTyyppi
2020-06-10 18:11:56.469 DEBUG 55751 --- [         task-1] org.hibernate.type.EnumType              : Using NAMED-based conversion for Enum fi.vm.sade.organisaatio.model.OrganisaatioSuhde$OrganisaatioSuhdeTyyppi
2020-06-10 18:11:56.472 DEBUG 55751 --- [         task-1] org.hibernate.type.EnumType              : Using NAMED-based conversion for Enum fi.vm.sade.organisaatio.model.YtjPaivitysLoki$YTJPaivitysStatus
2020-06-10 18:11:56.473 DEBUG 55751 --- [         task-1] org.hibernate.type.EnumType              : Using NAMED-based conversion for Enum fi.vm.sade.organisaatio.model.YtjPaivitysLoki$YTJPaivitysStatus
Hibernate: 
    
    drop table if exists binary_data CASCADE 
Hibernate: 
    
    drop table if exists lisatietotyyppi CASCADE 
Hibernate: 
    
    drop table if exists monikielinen_teksti CASCADE 
Hibernate: 
    
    drop table if exists monikielinen_teksti_values CASCADE 
Hibernate: 
    
    drop table if exists named_monikielinen_teksti CASCADE 
Hibernate: 
    
    drop table if exists organisaatio CASCADE 
Hibernate: 
    
    drop table if exists organisaatio_kayttoryhmat CASCADE 
Hibernate: 
    
    drop table if exists organisaatio_kielet CASCADE 
Hibernate: 
    
    drop table if exists organisaatio_lisatieto CASCADE 
Hibernate: 
    
    drop table if exists organisaatio_muut_kotipaikat_uris CASCADE 
Hibernate: 
    
    drop table if exists organisaatio_muut_oppilaitostyypit CASCADE 
Hibernate: 
    
    drop table if exists organisaatio_nimi CASCADE 
Hibernate: 
    
    drop table if exists organisaatio_ryhmatyypit CASCADE 
Hibernate: 
    
    drop table if exists organisaatio_sahkoposti CASCADE 
Hibernate: 
    
    drop table if exists organisaatio_tyypit CASCADE 
Hibernate: 
    
    drop table if exists organisaatio_vuosiluokat CASCADE 
Hibernate: 
    
    drop table if exists organisaatio_meta_data CASCADE 
Hibernate: 
    
    drop table if exists organisaatio_meta_data_values CASCADE 
Hibernate: 
    
    drop table if exists organisaatio_meta_data_yhteystiedot CASCADE 
Hibernate: 
    
    drop table if exists organisaatiosuhde CASCADE 
Hibernate: 
    
    drop table if exists rajoite CASCADE 
Hibernate: 
    
    drop table if exists varhaiskasvatuksen_jarjestamismuoto CASCADE 
Hibernate: 
    
    drop table if exists varhaiskasvatuksen_kielipainotus CASCADE 
Hibernate: 
    
    drop table if exists varhaiskasvatuksen_toiminnallinenpainotus CASCADE 
Hibernate: 
    
    drop table if exists varhaiskasvatuksen_toimipaikka_tiedot CASCADE 
Hibernate: 
    
    drop table if exists yhteystieto CASCADE 
Hibernate: 
    
    drop table if exists yhteystieto_arvo CASCADE 
Hibernate: 
    
    drop table if exists yhteystieto_elementti CASCADE 
Hibernate: 
    
    drop table if exists yhteystietojen_tyyppi CASCADE 
Hibernate: 
    
    drop table if exists yhteystietojen_tyyppi_sovellettavat_oppilaitostyyppis CASCADE 
Hibernate: 
    
    drop table if exists yhteystietojen_tyyppi_sovellettavat_organisaatio_tyyppis CASCADE 
Hibernate: 
    
    drop table if exists ytjpaivitysloki CASCADE 
Hibernate: 
    
    drop table if exists ytjvirhe CASCADE 
Hibernate: 
    
    create table binary_data (
       id bigint generated by default as identity,
        version bigint not null,
        data blob,
        filename varchar(255),
        mime_type varchar(255),
        name_id bigint,
        primary key (id)
    )
Hibernate: 
    
    create table lisatietotyyppi (
       id bigint generated by default as identity,
        version bigint not null,
        nimi varchar(255),
        primary key (id)
    )
Hibernate: 
    
    create table monikielinen_teksti (
       id bigint generated by default as identity,
        version bigint not null,
        primary key (id)
    )
Hibernate: 
    
    create table monikielinen_teksti_values (
       id bigint not null,
        value varchar(16384),
        key varchar(255) not null,
        primary key (id, key)
    )
Hibernate: 
    
    create table named_monikielinen_teksti (
       id bigint generated by default as identity,
        version bigint not null,
        key varchar(255),
        name_id bigint,
        value_id bigint,
        primary key (id)
    )
Hibernate: 
    
    create table organisaatio (
       id bigint generated by default as identity,
        version bigint not null,
        alkupvm date,
        domainnimi varchar(255),
        kotipaikka varchar(255),
        lakkautuspvm date,
        maa varchar(255),
        nimihaku varchar(256000),
        oid varchar(255) not null,
        opetuspisteenjarjnro varchar(255),
        oppilaitoskoodi varchar(255),
        oppilaitos_tyyppi varchar(255),
        organisaatio_poistettu boolean,
        paivittaja varchar(255),
        paivityspvm timestamp,
        parentidpath varchar(255),
        parentoidpath varchar(255),
        piilotettu boolean default false not null,
        tarkastus_pvm timestamp,
        toimipistekoodi varchar(32),
        tuontipvm timestamp,
        virastotunnus varchar(255),
        yhteishaunkoulukoodi varchar(255),
        yritysmuoto varchar(255),
        ytj_kieli varchar(255),
        ytjpaivityspvm date,
        ytunnus varchar(255),
        kuvaus_mkt bigint,
        metadata_id bigint,
        nimi_mkt bigint,
        varhaiskasvatuksen_toimipaikka_tiedot_id bigint,
        primary key (id)
    )
Hibernate: 
    
    create table organisaatio_kayttoryhmat (
       organisaatio_id bigint not null,
        kayttoryhmat varchar(255)
    )
Hibernate: 
    
    create table organisaatio_kielet (
       organisaatio_id bigint not null,
        kielet varchar(255) not null,
        primary key (organisaatio_id, kielet)
    )
Hibernate: 
    
    create table organisaatio_lisatieto (
       id bigint generated by default as identity,
        version bigint not null,
        lisatietotyyppi_id bigint,
        organisaatio_id bigint,
        primary key (id)
    )
Hibernate: 
    
    create table organisaatio_muut_kotipaikat_uris (
       organisaatio_id bigint not null,
        muut_kotipaikat varchar(255) not null,
        primary key (organisaatio_id, muut_kotipaikat)
    )
Hibernate: 
    
    create table organisaatio_muut_oppilaitostyypit (
       organisaatio_id bigint not null,
        oppilaitostyyppi varchar(255) not null,
        primary key (organisaatio_id, oppilaitostyyppi)
    )
Hibernate: 
    
    create table organisaatio_nimi (
       id bigint generated by default as identity,
        version bigint not null,
        alkupvm date,
        paivittaja varchar(255),
        nimi_mkt bigint,
        organisaatio_id bigint,
        primary key (id)
    )
Hibernate: 
    
    create table organisaatio_ryhmatyypit (
       organisaatio_id bigint not null,
        ryhmatyypit varchar(255)
    )
2020-06-10 18:11:56.477 DEBUG 55751 --- [         task-1] org.hibernate.type.EnumType              : Using NAMED-based conversion for Enum fi.vm.sade.organisaatio.model.OrganisaatioSahkoposti$Tyyppi
Hibernate: 
    
    create table organisaatio_sahkoposti (
       id bigint generated by default as identity,
        version bigint not null,
        aikaleima timestamp not null,
        tyyppi varchar(255) not null,
        viestintapalvelu_id varchar(255),
        organisaatio_id bigint not null,
        primary key (id)
    )
Hibernate: 
    
    create table organisaatio_tyypit (
       organisaatio_id bigint not null,
        tyypit varchar(255)
    )
Hibernate: 
    
    create table organisaatio_vuosiluokat (
       organisaatio_id bigint not null,
        vuosiluokat varchar(255)
    )
Hibernate: 
    
    create table organisaatio_meta_data (
       id bigint generated by default as identity,
        version bigint not null,
        koodi varchar(255),
        luontipvm timestamp not null,
        muokkauspvm timestamp not null,
        hakutoimistoectsemailmkt bigint,
        hakutoimistoectsnimimkt bigint,
        hakutoimistoectspuhelinmkt bigint,
        hakutoimistoectstehtavanimikemkt bigint,
        hakutoimisto_nimi_id bigint,
        kuva_id bigint,
        nimi_id bigint,
        primary key (id)
    )
Hibernate: 
    
    create table organisaatio_meta_data_values (
       organisaatio_meta_data_id bigint not null,
        values_id bigint not null,
        primary key (organisaatio_meta_data_id, values_id)
    )
Hibernate: 
    
    create table organisaatio_meta_data_yhteystiedot (
       organisaatio_meta_data_id bigint not null,
        yhteystiedot_id bigint not null
    )
2020-06-10 18:11:56.478 DEBUG 55751 --- [         task-1] org.hibernate.type.EnumType              : Using NAMED-based conversion for Enum fi.vm.sade.organisaatio.model.OrganisaatioSuhde$OrganisaatioSuhdeTyyppi
Hibernate: 
    
    create table organisaatiosuhde (
       id bigint generated by default as identity,
        version bigint not null,
        alkupvm date,
        loppupvm date,
        opetuspisteenjarjnro varchar(255),
        suhdetyyppi varchar(255) not null,
        child_id bigint not null,
        parent_id bigint not null,
        primary key (id)
    )
Hibernate: 
    
    create table rajoite (
       rajoitetyyppi varchar(31) not null,
        id bigint generated by default as identity,
        version bigint not null,
        arvo varchar(255),
        lisatietotyyppi_id bigint,
        primary key (id)
    )
Hibernate: 
    
    create table varhaiskasvatuksen_jarjestamismuoto (
       varhaiskasvatuksen_toimipaikka_tiedot_id bigint not null,
        toimintamuoto varchar(255) not null,
        primary key (varhaiskasvatuksen_toimipaikka_tiedot_id, toimintamuoto)
    )
Hibernate: 
    
    create table varhaiskasvatuksen_kielipainotus (
       id bigint generated by default as identity,
        version bigint not null,
        alkupvm timestamp,
        kielipainotus varchar(255),
        loppupvm timestamp,
        varhaiskasvatuksen_toimipaikka_tiedot_id bigint,
        primary key (id)
    )
Hibernate: 
    
    create table varhaiskasvatuksen_toiminnallinenpainotus (
       id bigint generated by default as identity,
        version bigint not null,
        alkupvm timestamp,
        loppupvm timestamp,
        toiminnallinenpainotus varchar(255),
        varhaiskasvatuksen_toimipaikka_tiedot_id bigint,
        primary key (id)
    )
Hibernate: 
    
    create table varhaiskasvatuksen_toimipaikka_tiedot (
       id bigint generated by default as identity,
        version bigint not null,
        kasvatusopillinen_jarjestelma varchar(255) not null,
        paikkojen_lukumaara bigint not null,
        toimintamuoto varchar(255) not null,
        primary key (id)
    )
Hibernate: 
    
    create table yhteystieto (
       dtype varchar(31) not null,
        id bigint generated by default as identity,
        version bigint not null,
        kieli varchar(255),
        yhteystieto_oid varchar(255) not null,
        email varchar(255),
        coordinatetype varchar(255),
        extrarivi varchar(255),
        lat double,
        lng double,
        maa varchar(255),
        osavaltio varchar(255),
        osoite varchar(100),
        osoite_tyyppi varchar(255),
        postinumero varchar(255),
        postitoimipaikka varchar(255),
        ytjpaivityspvm date,
        puhelinnumero varchar(255),
        tyyppi varchar(255),
        www_osoite varchar(255),
        organisaatio_id bigint,
        primary key (id)
    )
Hibernate: 
    
    create table yhteystieto_arvo (
       id bigint generated by default as identity,
        version bigint not null,
        arvo_text varchar(100),
        kieli varchar(255),
        yhteystieto_arvo_oid varchar(255) not null,
        arvo_yhteystieto_id bigint,
        kentta_id bigint not null,
        organisaatio_id bigint not null,
        primary key (id)
    )
Hibernate: 
    
    create table yhteystieto_elementti (
       id bigint generated by default as identity,
        version bigint not null,
        kaytossa boolean not null,
        nimi varchar(100) not null,
        nimi_en varchar(255),
        nimi_sv varchar(255),
        oid varchar(255) not null,
        pakollinen boolean not null,
        tyyppi varchar(255) not null,
        yhteystietojen_tyyppi_id bigint not null,
        primary key (id)
    )
Hibernate: 
    
    create table yhteystietojen_tyyppi (
       id bigint generated by default as identity,
        version bigint not null,
        oid varchar(255) not null,
        nimi_mkt bigint,
        primary key (id)
    )
Hibernate: 
    
    create table yhteystietojen_tyyppi_sovellettavat_oppilaitostyyppis (
       id bigint not null,
        oppilaitos_tyyppi varchar(255)
    )
Hibernate: 
    
    create table yhteystietojen_tyyppi_sovellettavat_organisaatio_tyyppis (
       id bigint not null,
        organisaatio_tyyppi varchar(255)
    )
2020-06-10 18:11:56.480 DEBUG 55751 --- [         task-1] org.hibernate.type.EnumType              : Using NAMED-based conversion for Enum fi.vm.sade.organisaatio.model.YtjPaivitysLoki$YTJPaivitysStatus
Hibernate: 
    
    create table ytjpaivitysloki (
       id bigint generated by default as identity,
        version bigint not null,
        paivitetyt_lkm bigint,
        paivitys_tila varchar(255),
        paivitys_tila_selite varchar(255),
        paivitysaika timestamp,
        primary key (id)
    )
2020-06-10 18:11:56.481 DEBUG 55751 --- [         task-1] org.hibernate.type.EnumType              : Using NAMED-based conversion for Enum fi.vm.sade.organisaatio.model.YtjVirhe$YTJVirheKohde
Hibernate: 
    
    create table ytjvirhe (
       id bigint generated by default as identity,
        version bigint not null,
        oid varchar(255) not null,
        org_nimi varchar(255),
        virhekohde varchar(255),
        virheviesti varchar(255),
        ytj_paivitys_loki_id bigint,
        primary key (id)
    )
Hibernate: 
    
    alter table lisatietotyyppi 
       add constraint UK_e7pxtttw3wrna1wjw61ick6vl unique (nimi)
Hibernate: 
    
    alter table organisaatio 
       add constraint UKc6jnudh0bxmcy5fc7y0eokbkj unique (oid)
Hibernate: 
    
    alter table organisaatio 
       add constraint UK6htp7inu0bb40kgmylnlvxjo1 unique (ytunnus, organisaatio_poistettu)
Hibernate: 
    
    alter table organisaatio 
       add constraint UK_kbbl6aavaqs852gioayq5dehw unique (oppilaitoskoodi)
Hibernate: 
    
    alter table organisaatio_meta_data_values 
       add constraint UK_g35xuy6ir6nfqehs1mdpb0odd unique (values_id)
Hibernate: 
    
    alter table organisaatio_meta_data_yhteystiedot 
       add constraint UK_758cu0hyetr6eyrj1kbylgasw unique (yhteystiedot_id)
Hibernate: 
    
    alter table yhteystieto_arvo 
       add constraint UKd9q8ra5w26jde1w6l6ymfx9k4 unique (kentta_id, organisaatio_id, kieli)
Hibernate: 
    
    alter table yhteystieto_elementti 
       add constraint UKieg9ee1a951xgtme9aji0k4fs unique (yhteystietojen_tyyppi_id, nimi)
Hibernate: 
    
    alter table binary_data 
       add constraint FKssnh8n1s66lsvm2yjnbrcmvvw 
       foreign key (name_id) 
       references monikielinen_teksti
Hibernate: 
    
    alter table monikielinen_teksti_values 
       add constraint FKrdlbmp10y4f2boe47juw9bqwx 
       foreign key (id) 
       references monikielinen_teksti
Hibernate: 
    
    alter table named_monikielinen_teksti 
       add constraint FKr22740y3ut1n0sju0qmryng4y 
       foreign key (name_id) 
       references monikielinen_teksti
Hibernate: 
    
    alter table named_monikielinen_teksti 
       add constraint FK7jq92bs1p0oyijwx6jdnf3igq 
       foreign key (value_id) 
       references monikielinen_teksti
Hibernate: 
    
    alter table organisaatio 
       add constraint FKic8d5tlmo7mmc01r0e6h844cp 
       foreign key (kuvaus_mkt) 
       references monikielinen_teksti
Hibernate: 
    
    alter table organisaatio 
       add constraint FK6f3doa3r89e3gib24hnfdinj7 
       foreign key (metadata_id) 
       references organisaatio_meta_data
Hibernate: 
    
    alter table organisaatio 
       add constraint FKc6gfifn7bviifrq5irvaq9qrs 
       foreign key (nimi_mkt) 
       references monikielinen_teksti
Hibernate: 
    
    alter table organisaatio 
       add constraint FKocandrafxw8npk6c3h7liadjf 
       foreign key (varhaiskasvatuksen_toimipaikka_tiedot_id) 
       references varhaiskasvatuksen_toimipaikka_tiedot
Hibernate: 
    
    alter table organisaatio_kayttoryhmat 
       add constraint FK10yp10g3f2cf607vu0tni61gj 
       foreign key (organisaatio_id) 
       references organisaatio
Hibernate: 
    
    alter table organisaatio_kielet 
       add constraint FKnaihhk0jghdudh6pbobaswf1t 
       foreign key (organisaatio_id) 
       references organisaatio
Hibernate: 
    
    alter table organisaatio_lisatieto 
       add constraint FKa6s9w6dypgh7ss24f1oy4w23y 
       foreign key (lisatietotyyppi_id) 
       references lisatietotyyppi
Hibernate: 
    
    alter table organisaatio_lisatieto 
       add constraint FKpb1pf6w0puvaai93numrqyxum 
       foreign key (organisaatio_id) 
       references organisaatio
Hibernate: 
    
    alter table organisaatio_muut_kotipaikat_uris 
       add constraint FKt0k0u60ux3rggl4ioogafdfba 
       foreign key (organisaatio_id) 
       references organisaatio
Hibernate: 
    
    alter table organisaatio_muut_oppilaitostyypit 
       add constraint organisaatio_muut_oppilaitostyypit_organisaatio_id_fkey 
       foreign key (organisaatio_id) 
       references organisaatio
Hibernate: 
    
    alter table organisaatio_nimi 
       add constraint FKgbhx14jx5w673be2gfowqv4sq 
       foreign key (nimi_mkt) 
       references monikielinen_teksti
Hibernate: 
    
    alter table organisaatio_nimi 
       add constraint FKh6sjwfk2f1vbquymjrjs2fg4i 
       foreign key (organisaatio_id) 
       references organisaatio
Hibernate: 
    
    alter table organisaatio_ryhmatyypit 
       add constraint FKcmx0x0pxsp2q6op3btctgg8q 
       foreign key (organisaatio_id) 
       references organisaatio
Hibernate: 
    
    alter table organisaatio_sahkoposti 
       add constraint organisaatio_sahkoposti_organisaatio_id_fkey 
       foreign key (organisaatio_id) 
       references organisaatio
Hibernate: 
    
    alter table organisaatio_tyypit 
       add constraint FKrpw0rau0dvcsk5ue6ax97kogd 
       foreign key (organisaatio_id) 
       references organisaatio
Hibernate: 
    
    alter table organisaatio_vuosiluokat 
       add constraint FKm9gcj129o866ipeu65ifk710 
       foreign key (organisaatio_id) 
       references organisaatio
Hibernate: 
    
    alter table organisaatio_meta_data 
       add constraint FKhgb2944ry4o37ob4x310wik49 
       foreign key (hakutoimistoectsemailmkt) 
       references monikielinen_teksti
Hibernate: 
    
    alter table organisaatio_meta_data 
       add constraint FK57at2ysc6dlpaifapn925h9la 
       foreign key (hakutoimistoectsnimimkt) 
       references monikielinen_teksti
Hibernate: 
    
    alter table organisaatio_meta_data 
       add constraint FKidlrk3xqv24jh3dlyqfotp7gp 
       foreign key (hakutoimistoectspuhelinmkt) 
       references monikielinen_teksti
Hibernate: 
    
    alter table organisaatio_meta_data 
       add constraint FK394pgu58twk2v3agpbvpkudqs 
       foreign key (hakutoimistoectstehtavanimikemkt) 
       references monikielinen_teksti
Hibernate: 
    
    alter table organisaatio_meta_data 
       add constraint FKhujfyydy7au7931rx31pmstf7 
       foreign key (hakutoimisto_nimi_id) 
       references monikielinen_teksti
Hibernate: 
    
    alter table organisaatio_meta_data 
       add constraint FKa3j8bs5yqbrejqb8wrvgpimrl 
       foreign key (kuva_id) 
       references binary_data
Hibernate: 
    
    alter table organisaatio_meta_data 
       add constraint FKb2ehg2vf31sl02u4fff2x2jof 
       foreign key (nimi_id) 
       references monikielinen_teksti
Hibernate: 
    
    alter table organisaatio_meta_data_values 
       add constraint FK2dyf7gsrikqeiebn6f64pto1c 
       foreign key (values_id) 
       references named_monikielinen_teksti
Hibernate: 
    
    alter table organisaatio_meta_data_values 
       add constraint FKh6v5k2b2bgaf2khvqkd1l7pbs 
       foreign key (organisaatio_meta_data_id) 
       references organisaatio_meta_data
Hibernate: 
    
    alter table organisaatio_meta_data_yhteystiedot 
       add constraint FKpoxhldprmw67hfydue6vrec59 
       foreign key (yhteystiedot_id) 
       references yhteystieto
Hibernate: 
    
    alter table organisaatio_meta_data_yhteystiedot 
       add constraint FKoath2196e85hpwbw7fdfg95xb 
       foreign key (organisaatio_meta_data_id) 
       references organisaatio_meta_data
Hibernate: 
    
    alter table organisaatiosuhde 
       add constraint FK48p0wus5mebwan5c8p9tbdapr 
       foreign key (child_id) 
       references organisaatio
Hibernate: 
    
    alter table organisaatiosuhde 
       add constraint FK5ed7m6bo9brfmf08umasnp68o 
       foreign key (parent_id) 
       references organisaatio
Hibernate: 
    
    alter table rajoite 
       add constraint FK3v1g6p71215r9q5syemd0wh6 
       foreign key (lisatietotyyppi_id) 
       references lisatietotyyppi
Hibernate: 
    
    alter table varhaiskasvatuksen_jarjestamismuoto 
       add constraint FKqq2uaxliuau68807jjvddqcdw 
       foreign key (varhaiskasvatuksen_toimipaikka_tiedot_id) 
       references varhaiskasvatuksen_toimipaikka_tiedot
Hibernate: 
    
    alter table varhaiskasvatuksen_kielipainotus 
       add constraint FKeo6sd2swrsevc96o0v3k1gdov 
       foreign key (varhaiskasvatuksen_toimipaikka_tiedot_id) 
       references varhaiskasvatuksen_toimipaikka_tiedot
Hibernate: 
    
    alter table varhaiskasvatuksen_toiminnallinenpainotus 
       add constraint FKkb1vf7mxi9jovxxok8p1h9089 
       foreign key (varhaiskasvatuksen_toimipaikka_tiedot_id) 
       references varhaiskasvatuksen_toimipaikka_tiedot
Hibernate: 
    
    alter table yhteystieto 
       add constraint FKc4f5icrr53k9fin533f8wf8ck 
       foreign key (organisaatio_id) 
       references organisaatio
Hibernate: 
    
    alter table yhteystieto_arvo 
       add constraint FK9vtl6q70mk1j7cggl1se3grs6 
       foreign key (arvo_yhteystieto_id) 
       references yhteystieto
Hibernate: 
    
    alter table yhteystieto_arvo 
       add constraint FKhbfhp21mnuebqbelkx241pn7c 
       foreign key (kentta_id) 
       references yhteystieto_elementti
Hibernate: 
    
    alter table yhteystieto_arvo 
       add constraint FKo6gphkqjgah8gjomcuq072hmb 
       foreign key (organisaatio_id) 
       references organisaatio
Hibernate: 
    
    alter table yhteystieto_elementti 
       add constraint FK61qq0pvu0jvdkx1edni9y4qpr 
       foreign key (yhteystietojen_tyyppi_id) 
       references yhteystietojen_tyyppi
Hibernate: 
    
    alter table yhteystietojen_tyyppi 
       add constraint FKfv2o24xdj13vkudj5xbc09sbg 
       foreign key (nimi_mkt) 
       references monikielinen_teksti
Hibernate: 
    
    alter table yhteystietojen_tyyppi_sovellettavat_oppilaitostyyppis 
       add constraint FKqqcb5656tu5wruuagdqj6wx15 
       foreign key (id) 
       references yhteystietojen_tyyppi
Hibernate: 
    
    alter table yhteystietojen_tyyppi_sovellettavat_organisaatio_tyyppis 
       add constraint FKhg9iy7u0sxq1qjoka6rjbn7h2 
       foreign key (id) 
       references yhteystietojen_tyyppi
Hibernate: 
    
    alter table ytjvirhe 
       add constraint FK6lnd3ilr54i81swnh5nwbvupb 
       foreign key (ytj_paivitys_loki_id) 
       references ytjpaivitysloki
2020-06-10 18:11:56.491  INFO 55751 --- [         task-1] o.h.e.t.j.p.i.JtaPlatformInitiator       : HHH000490: Using JtaPlatform implementation: [org.hibernate.engine.transaction.jta.platform.internal.NoJtaPlatform]
2020-06-10 18:11:56.491 TRACE 55751 --- [         task-1] o.h.type.spi.TypeConfiguration$Scope     : Handling #sessionFactoryCreated from [org.hibernate.internal.SessionFactoryImpl@7b2fde82] for TypeConfiguration
2020-06-10 18:11:56.491  INFO 55751 --- [         task-1] j.LocalContainerEntityManagerFactoryBean : Initialized JPA EntityManagerFactory for persistence unit 'default'
2020-06-10 18:11:57.057  INFO 55751 --- [    Test worker] org.dozer.DozerBeanMapper                : Initializing a new instance of dozer bean mapper.
2020-06-10 18:11:57.419  INFO 55751 --- [    Test worker] o.s.b.a.h2.H2ConsoleAutoConfiguration    : H2 console available at '/console/'. Database available at 'jdbc:h2:mem:9173eea2-f5cf-4cc3-974b-35c87c655742'
2020-06-10 18:11:57.448  INFO 55751 --- [    Test worker] o.s.b.a.e.web.EndpointLinksResolver      : Exposing 2 endpoint(s) beneath base path '/actuator'
2020-06-10 18:11:57.474  INFO 55751 --- [    Test worker] DeferredRepositoryInitializationListener : Triggering deferred initialization of Spring Data repositories…
2020-06-10 18:11:57.505  INFO 55751 --- [    Test worker] DeferredRepositoryInitializationListener : Spring Data repositories initialized!
2020-06-10 18:11:57.509  INFO 55751 --- [    Test worker] v.s.o.b.i.OrganisaatioYtjServiceImplTest : Started OrganisaatioYtjServiceImplTest in 1.818 seconds (JVM running for 38.943)
2020-06-10 18:11:57.514  INFO 55751 --- [    Test worker] o.s.t.c.transaction.TransactionContext   : Began transaction (1) for test context [DefaultTestContext@5978e78f testClass = OrganisaatioYtjServiceImplTest, testInstance = fi.vm.sade.organisaatio.business.impl.OrganisaatioYtjServiceImplTest@5c247476, testMethod = updateYTJDataTest@OrganisaatioYtjServiceImplTest, testException = [null], mergedContextConfiguration = [WebMergedContextConfiguration@2f998445 testClass = OrganisaatioYtjServiceImplTest, locations = '{}', classes = '{class fi.vm.sade.organisaatio.OrganisaatioApplication, class fi.vm.sade.organisaatio.business.impl.OrganisaatioYtjServiceImplTest$OrganisaatioYtjServiceImplTestConfiguration}', contextInitializerClasses = '[]', activeProfiles = '{}', propertySourceLocations = '{}', propertySourceProperties = '{org.springframework.boot.test.context.SpringBootTestContextBootstrapper=true}', contextCustomizers = set[org.springframework.boot.test.autoconfigure.properties.PropertyMappingContextCustomizer@a273518a, org.springframework.boot.test.autoconfigure.web.servlet.WebDriverContextCustomizerFactory$Customizer@25a95d7a, [ImportsContextCustomizer@77bcd152 key = [org.springframework.boot.test.autoconfigure.jdbc.TestDatabaseAutoConfiguration, org.springframework.boot.autoconfigure.jdbc.DataSourceAutoConfiguration]], org.springframework.boot.test.context.filter.ExcludeFilterContextCustomizer@33d60c3d, org.springframework.boot.test.json.DuplicateJsonObjectContextCustomizerFactory$DuplicateJsonObjectContextCustomizer@6943770e, org.springframework.boot.test.mock.mockito.MockitoContextCustomizer@0, org.springframework.boot.test.web.client.TestRestTemplateContextCustomizer@536042e6, org.springframework.boot.test.context.SpringBootTestArgs@1], resourceBasePath = 'src/main/webapp', contextLoader = 'org.springframework.boot.test.context.SpringBootContextLoader', parent = [null]], attributes = map['org.springframework.test.context.web.ServletTestExecutionListener.activateListener' -> true, 'org.springframework.test.context.web.ServletTestExecutionListener.populatedRequestContextHolder' -> true, 'org.springframework.test.context.web.ServletTestExecutionListener.resetRequestContextHolder' -> true]]; transaction manager [org.springframework.orm.jpa.JpaTransactionManager@79cec8e5]; rollback [true]
Hibernate: 
    select
        organisaat0_.oid as col_0_0_ 
    from
        organisaatio organisaat0_ 
    where
        organisaat0_.organisaatio_poistettu=? 
        and organisaat0_.piilotettu=? 
        and (
            ? in (
                select
                    tyypit1_.tyypit 
                from
                    organisaatio_tyypit tyypit1_ 
                where
                    organisaat0_.id=tyypit1_.organisaatio_id
            )
        ) 
        and (
            organisaat0_.ytunnus is not null
        ) limit ?
2020-06-10 18:11:57.526 TRACE 55751 --- [    Test worker] o.h.type.descriptor.sql.BasicBinder      : binding parameter [1] as [BOOLEAN] - [false]
2020-06-10 18:11:57.526 TRACE 55751 --- [    Test worker] o.h.type.descriptor.sql.BasicBinder      : binding parameter [2] as [BOOLEAN] - [false]
2020-06-10 18:11:57.526 TRACE 55751 --- [    Test worker] o.h.type.descriptor.sql.BasicBinder      : binding parameter [3] as [VARCHAR] - [organisaatiotyyppi_01]
2020-06-10 18:11:57.526 TRACE 55751 --- [    Test worker] o.h.type.descriptor.sql.BasicExtractor   : extracted value ([col_0_0_] : [VARCHAR]) - [1.2.2004.1]
2020-06-10 18:11:57.526 TRACE 55751 --- [    Test worker] o.h.type.descriptor.sql.BasicExtractor   : extracted value ([col_0_0_] : [VARCHAR]) - [1.2.2004.5]
Hibernate: 
    select
        organisaat0_.oid as col_0_0_ 
    from
        organisaatio organisaat0_ 
    where
        organisaat0_.organisaatio_poistettu=? 
        and organisaat0_.piilotettu=? 
        and (
            ? in (
                select
                    tyypit1_.tyypit 
                from
                    organisaatio_tyypit tyypit1_ 
                where
                    organisaat0_.id=tyypit1_.organisaatio_id
            )
        ) 
        and (
            organisaat0_.ytunnus is not null
        ) limit ?
2020-06-10 18:11:57.527 TRACE 55751 --- [    Test worker] o.h.type.descriptor.sql.BasicBinder      : binding parameter [1] as [BOOLEAN] - [false]
2020-06-10 18:11:57.527 TRACE 55751 --- [    Test worker] o.h.type.descriptor.sql.BasicBinder      : binding parameter [2] as [BOOLEAN] - [false]
2020-06-10 18:11:57.527 TRACE 55751 --- [    Test worker] o.h.type.descriptor.sql.BasicBinder      : binding parameter [3] as [VARCHAR] - [organisaatiotyyppi_06]
2020-06-10 18:11:57.527 TRACE 55751 --- [    Test worker] o.h.type.descriptor.sql.BasicExtractor   : extracted value ([col_0_0_] : [VARCHAR]) - [1.2.2005.5]
Hibernate: 
    select
        organisaat0_.oid as col_0_0_ 
    from
        organisaatio organisaat0_ 
    where
        organisaat0_.organisaatio_poistettu=? 
        and organisaat0_.piilotettu=? 
        and (
            ? in (
                select
                    tyypit1_.tyypit 
                from
                    organisaatio_tyypit tyypit1_ 
                where
                    organisaat0_.id=tyypit1_.organisaatio_id
            )
        ) 
        and (
            organisaat0_.ytunnus is not null
        ) limit ?
2020-06-10 18:11:57.527 TRACE 55751 --- [    Test worker] o.h.type.descriptor.sql.BasicBinder      : binding parameter [1] as [BOOLEAN] - [false]
2020-06-10 18:11:57.527 TRACE 55751 --- [    Test worker] o.h.type.descriptor.sql.BasicBinder      : binding parameter [2] as [BOOLEAN] - [false]
2020-06-10 18:11:57.527 TRACE 55751 --- [    Test worker] o.h.type.descriptor.sql.BasicBinder      : binding parameter [3] as [VARCHAR] - [organisaatiotyyppi_05]
Hibernate: 
    select
        organisaat0_.oid as col_0_0_ 
    from
        organisaatio organisaat0_ 
    where
        organisaat0_.organisaatio_poistettu=? 
        and organisaat0_.piilotettu=? 
        and (
            ? in (
                select
                    tyypit1_.tyypit 
                from
                    organisaatio_tyypit tyypit1_ 
                where
                    organisaat0_.id=tyypit1_.organisaatio_id
            )
        ) 
        and (
            organisaat0_.ytunnus is not null
        ) limit ?
2020-06-10 18:11:57.528 TRACE 55751 --- [    Test worker] o.h.type.descriptor.sql.BasicBinder      : binding parameter [1] as [BOOLEAN] - [false]
2020-06-10 18:11:57.528 TRACE 55751 --- [    Test worker] o.h.type.descriptor.sql.BasicBinder      : binding parameter [2] as [BOOLEAN] - [false]
2020-06-10 18:11:57.528 TRACE 55751 --- [    Test worker] o.h.type.descriptor.sql.BasicBinder      : binding parameter [3] as [VARCHAR] - [organisaatiotyyppi_07]
2020-06-10 18:11:57.528 TRACE 55751 --- [    Test worker] o.h.type.descriptor.sql.BasicExtractor   : extracted value ([col_0_0_] : [VARCHAR]) - [1.2.8000.1]
Hibernate: 
    select
        organisaat0_.id as id1_5_,
        organisaat0_.version as version2_5_,
        organisaat0_.alkupvm as alkupvm3_5_,
        organisaat0_.domainnimi as domainni4_5_,
        organisaat0_.kotipaikka as kotipaik5_5_,
        organisaat0_.kuvaus_mkt as kuvaus_28_5_,
        organisaat0_.lakkautuspvm as lakkautu6_5_,
        organisaat0_.maa as maa7_5_,
        organisaat0_.metadata_id as metadat29_5_,
        organisaat0_.nimi_mkt as nimi_mk30_5_,
        organisaat0_.nimihaku as nimihaku8_5_,
        organisaat0_.oid as oid9_5_,
        organisaat0_.opetuspisteenjarjnro as opetusp10_5_,
        organisaat0_.oppilaitoskoodi as oppilai11_5_,
        organisaat0_.oppilaitos_tyyppi as oppilai12_5_,
        organisaat0_.organisaatio_poistettu as organis13_5_,
        organisaat0_.paivittaja as paivitt14_5_,
        organisaat0_.paivityspvm as paivity15_5_,
        organisaat0_.parentidpath as parenti16_5_,
        organisaat0_.parentoidpath as parento17_5_,
        organisaat0_.piilotettu as piilote18_5_,
        organisaat0_.tarkastus_pvm as tarkast19_5_,
        organisaat0_.toimipistekoodi as toimipi20_5_,
        organisaat0_.tuontipvm as tuontip21_5_,
        organisaat0_.varhaiskasvatuksen_toimipaikka_tiedot_id as varhais31_5_,
        organisaat0_.virastotunnus as virasto22_5_,
        organisaat0_.yhteishaunkoulukoodi as yhteish23_5_,
        organisaat0_.yritysmuoto as yritysm24_5_,
        organisaat0_.ytj_kieli as ytj_kie25_5_,
        organisaat0_.ytjpaivityspvm as ytjpaiv26_5_,
        organisaat0_.ytunnus as ytunnus27_5_ 
    from
        organisaatio organisaat0_ 
    where
        organisaat0_.oid in (
            ? , ? , ? , ?
        ) 
    order by
        organisaat0_.nimihaku asc limit ?
2020-06-10 18:11:57.537 TRACE 55751 --- [    Test worker] o.h.type.descriptor.sql.BasicBinder      : binding parameter [1] as [VARCHAR] - [1.2.2004.1]
2020-06-10 18:11:57.537 TRACE 55751 --- [    Test worker] o.h.type.descriptor.sql.BasicBinder      : binding parameter [2] as [VARCHAR] - [1.2.2004.5]
2020-06-10 18:11:57.537 TRACE 55751 --- [    Test worker] o.h.type.descriptor.sql.BasicBinder      : binding parameter [3] as [VARCHAR] - [1.2.2005.5]
2020-06-10 18:11:57.537 TRACE 55751 --- [    Test worker] o.h.type.descriptor.sql.BasicBinder      : binding parameter [4] as [VARCHAR] - [1.2.8000.1]
2020-06-10 18:11:57.538 TRACE 55751 --- [    Test worker] o.h.type.descriptor.sql.BasicExtractor   : extracted value ([id1_5_] : [BIGINT]) - [10]
2020-06-10 18:11:57.538 TRACE 55751 --- [    Test worker] o.h.type.descriptor.sql.BasicExtractor   : extracted value ([version2_5_] : [BIGINT]) - [2]
2020-06-10 18:11:57.538 TRACE 55751 --- [    Test worker] o.h.type.descriptor.sql.BasicExtractor   : extracted value ([alkupvm3_5_] : [DATE]) - [null]
2020-06-10 18:11:57.538 TRACE 55751 --- [    Test worker] o.h.type.descriptor.sql.BasicExtractor   : extracted value ([domainni4_5_] : [VARCHAR]) - [null]
2020-06-10 18:11:57.538 TRACE 55751 --- [    Test worker] o.h.type.descriptor.sql.BasicExtractor   : extracted value ([kotipaik5_5_] : [VARCHAR]) - [Helsinki]
2020-06-10 18:11:57.538 TRACE 55751 --- [    Test worker] o.h.type.descriptor.sql.BasicExtractor   : extracted value ([kuvaus_28_5_] : [BIGINT]) - [null]
2020-06-10 18:11:57.538 TRACE 55751 --- [    Test worker] o.h.type.descriptor.sql.BasicExtractor   : extracted value ([lakkautu6_5_] : [DATE]) - [null]
2020-06-10 18:11:57.538 TRACE 55751 --- [    Test worker] o.h.type.descriptor.sql.BasicExtractor   : extracted value ([maa7_5_] : [VARCHAR]) - [null]
2020-06-10 18:11:57.538 TRACE 55751 --- [    Test worker] o.h.type.descriptor.sql.BasicExtractor   : extracted value ([metadat29_5_] : [BIGINT]) - [2]
2020-06-10 18:11:57.538 TRACE 55751 --- [    Test worker] o.h.type.descriptor.sql.BasicExtractor   : extracted value ([nimi_mk30_5_] : [BIGINT]) - [6]
2020-06-10 18:11:57.538 TRACE 55751 --- [    Test worker] o.h.type.descriptor.sql.BasicExtractor   : extracted value ([nimihaku8_5_] : [VARCHAR]) - [mixed osoitetyyppi organisaatio]
2020-06-10 18:11:57.538 TRACE 55751 --- [    Test worker] o.h.type.descriptor.sql.BasicExtractor   : extracted value ([oid9_5_] : [VARCHAR]) - [1.2.8000.1]
2020-06-10 18:11:57.538 TRACE 55751 --- [    Test worker] o.h.type.descriptor.sql.BasicExtractor   : extracted value ([opetusp10_5_] : [VARCHAR]) - [null]
2020-06-10 18:11:57.538 TRACE 55751 --- [    Test worker] o.h.type.descriptor.sql.BasicExtractor   : extracted value ([oppilai11_5_] : [VARCHAR]) - [null]
2020-06-10 18:11:57.538 TRACE 55751 --- [    Test worker] o.h.type.descriptor.sql.BasicExtractor   : extracted value ([oppilai12_5_] : [VARCHAR]) - [oppilaitostyyppi_42#1]
2020-06-10 18:11:57.538 TRACE 55751 --- [    Test worker] o.h.type.descriptor.sql.BasicExtractor   : extracted value ([organis13_5_] : [BOOLEAN]) - [false]
2020-06-10 18:11:57.538 TRACE 55751 --- [    Test worker] o.h.type.descriptor.sql.BasicExtractor   : extracted value ([paivitt14_5_] : [VARCHAR]) - [null]
2020-06-10 18:11:57.538 TRACE 55751 --- [    Test worker] o.h.type.descriptor.sql.BasicExtractor   : extracted value ([paivity15_5_] : [TIMESTAMP]) - [null]
2020-06-10 18:11:57.538 TRACE 55751 --- [    Test worker] o.h.type.descriptor.sql.BasicExtractor   : extracted value ([parenti16_5_] : [VARCHAR]) - [|1|]
2020-06-10 18:11:57.538 TRACE 55751 --- [    Test worker] o.h.type.descriptor.sql.BasicExtractor   : extracted value ([parento17_5_] : [VARCHAR]) - [|1.2.246.562.24.00000000001|]
2020-06-10 18:11:57.538 TRACE 55751 --- [    Test worker] o.h.type.descriptor.sql.BasicExtractor   : extracted value ([piilote18_5_] : [BOOLEAN]) - [false]
2020-06-10 18:11:57.538 TRACE 55751 --- [    Test worker] o.h.type.descriptor.sql.BasicExtractor   : extracted value ([tarkast19_5_] : [TIMESTAMP]) - [null]
2020-06-10 18:11:57.538 TRACE 55751 --- [    Test worker] o.h.type.descriptor.sql.BasicExtractor   : extracted value ([toimipi20_5_] : [VARCHAR]) - [null]
2020-06-10 18:11:57.538 TRACE 55751 --- [    Test worker] o.h.type.descriptor.sql.BasicExtractor   : extracted value ([tuontip21_5_] : [TIMESTAMP]) - [null]
2020-06-10 18:11:57.538 TRACE 55751 --- [    Test worker] o.h.type.descriptor.sql.BasicExtractor   : extracted value ([varhais31_5_] : [BIGINT]) - [null]
2020-06-10 18:11:57.538 TRACE 55751 --- [    Test worker] o.h.type.descriptor.sql.BasicExtractor   : extracted value ([virasto22_5_] : [VARCHAR]) - [null]
2020-06-10 18:11:57.538 TRACE 55751 --- [    Test worker] o.h.type.descriptor.sql.BasicExtractor   : extracted value ([yhteish23_5_] : [VARCHAR]) - [null]
2020-06-10 18:11:57.538 TRACE 55751 --- [    Test worker] o.h.type.descriptor.sql.BasicExtractor   : extracted value ([yritysm24_5_] : [VARCHAR]) - [oy]
2020-06-10 18:11:57.538 TRACE 55751 --- [    Test worker] o.h.type.descriptor.sql.BasicExtractor   : extracted value ([ytj_kie25_5_] : [VARCHAR]) - [null]
2020-06-10 18:11:57.538 TRACE 55751 --- [    Test worker] o.h.type.descriptor.sql.BasicExtractor   : extracted value ([ytjpaiv26_5_] : [DATE]) - [null]
2020-06-10 18:11:57.538 TRACE 55751 --- [    Test worker] o.h.type.descriptor.sql.BasicExtractor   : extracted value ([ytunnus27_5_] : [VARCHAR]) - [1234569-5]
2020-06-10 18:11:57.538 TRACE 55751 --- [    Test worker] o.h.type.descriptor.sql.BasicExtractor   : extracted value ([id1_5_] : [BIGINT]) - [9]
2020-06-10 18:11:57.538 TRACE 55751 --- [    Test worker] o.h.type.descriptor.sql.BasicExtractor   : extracted value ([version2_5_] : [BIGINT]) - [2]
2020-06-10 18:11:57.538 TRACE 55751 --- [    Test worker] o.h.type.descriptor.sql.BasicExtractor   : extracted value ([alkupvm3_5_] : [DATE]) - [1960-02-16]
2020-06-10 18:11:57.538 TRACE 55751 --- [    Test worker] o.h.type.descriptor.sql.BasicExtractor   : extracted value ([domainni4_5_] : [VARCHAR]) - [null]
2020-06-10 18:11:57.538 TRACE 55751 --- [    Test worker] o.h.type.descriptor.sql.BasicExtractor   : extracted value ([kotipaik5_5_] : [VARCHAR]) - [Helsinki]
2020-06-10 18:11:57.538 TRACE 55751 --- [    Test worker] o.h.type.descriptor.sql.BasicExtractor   : extracted value ([kuvaus_28_5_] : [BIGINT]) - [null]
2020-06-10 18:11:57.538 TRACE 55751 --- [    Test worker] o.h.type.descriptor.sql.BasicExtractor   : extracted value ([lakkautu6_5_] : [DATE]) - [null]
2020-06-10 18:11:57.538 TRACE 55751 --- [    Test worker] o.h.type.descriptor.sql.BasicExtractor   : extracted value ([maa7_5_] : [VARCHAR]) - [null]
2020-06-10 18:11:57.538 TRACE 55751 --- [    Test worker] o.h.type.descriptor.sql.BasicExtractor   : extracted value ([metadat29_5_] : [BIGINT]) - [null]
2020-06-10 18:11:57.538 TRACE 55751 --- [    Test worker] o.h.type.descriptor.sql.BasicExtractor   : extracted value ([nimi_mk30_5_] : [BIGINT]) - [9]
2020-06-10 18:11:57.538 TRACE 55751 --- [    Test worker] o.h.type.descriptor.sql.BasicExtractor   : extracted value ([nimihaku8_5_] : [VARCHAR]) - [node231 foo bar]
2020-06-10 18:11:57.538 TRACE 55751 --- [    Test worker] o.h.type.descriptor.sql.BasicExtractor   : extracted value ([oid9_5_] : [VARCHAR]) - [1.2.2005.5]
2020-06-10 18:11:57.538 TRACE 55751 --- [    Test worker] o.h.type.descriptor.sql.BasicExtractor   : extracted value ([opetusp10_5_] : [VARCHAR]) - [null]
2020-06-10 18:11:57.538 TRACE 55751 --- [    Test worker] o.h.type.descriptor.sql.BasicExtractor   : extracted value ([oppilai11_5_] : [VARCHAR]) - [null]
2020-06-10 18:11:57.538 TRACE 55751 --- [    Test worker] o.h.type.descriptor.sql.BasicExtractor   : extracted value ([oppilai12_5_] : [VARCHAR]) - [oppilaitostyyppi_42#1]
2020-06-10 18:11:57.539 TRACE 55751 --- [    Test worker] o.h.type.descriptor.sql.BasicExtractor   : extracted value ([organis13_5_] : [BOOLEAN]) - [false]
2020-06-10 18:11:57.539 TRACE 55751 --- [    Test worker] o.h.type.descriptor.sql.BasicExtractor   : extracted value ([paivitt14_5_] : [VARCHAR]) - [null]
2020-06-10 18:11:57.539 TRACE 55751 --- [    Test worker] o.h.type.descriptor.sql.BasicExtractor   : extracted value ([paivity15_5_] : [TIMESTAMP]) - [null]
2020-06-10 18:11:57.539 TRACE 55751 --- [    Test worker] o.h.type.descriptor.sql.BasicExtractor   : extracted value ([parenti16_5_] : [VARCHAR]) - [|1|2|4|5|]
2020-06-10 18:11:57.539 TRACE 55751 --- [    Test worker] o.h.type.descriptor.sql.BasicExtractor   : extracted value ([parento17_5_] : [VARCHAR]) - [|1.2.246.562.24.00000000001|1.2.2004.1|1.2.2004.3|1.2.2004.4|]
2020-06-10 18:11:57.539 TRACE 55751 --- [    Test worker] o.h.type.descriptor.sql.BasicExtractor   : extracted value ([piilote18_5_] : [BOOLEAN]) - [false]
2020-06-10 18:11:57.539 TRACE 55751 --- [    Test worker] o.h.type.descriptor.sql.BasicExtractor   : extracted value ([tarkast19_5_] : [TIMESTAMP]) - [null]
2020-06-10 18:11:57.539 TRACE 55751 --- [    Test worker] o.h.type.descriptor.sql.BasicExtractor   : extracted value ([toimipi20_5_] : [VARCHAR]) - [null]
2020-06-10 18:11:57.539 TRACE 55751 --- [    Test worker] o.h.type.descriptor.sql.BasicExtractor   : extracted value ([tuontip21_5_] : [TIMESTAMP]) - [null]
2020-06-10 18:11:57.539 TRACE 55751 --- [    Test worker] o.h.type.descriptor.sql.BasicExtractor   : extracted value ([varhais31_5_] : [BIGINT]) - [null]
2020-06-10 18:11:57.539 TRACE 55751 --- [    Test worker] o.h.type.descriptor.sql.BasicExtractor   : extracted value ([virasto22_5_] : [VARCHAR]) - [null]
2020-06-10 18:11:57.539 TRACE 55751 --- [    Test worker] o.h.type.descriptor.sql.BasicExtractor   : extracted value ([yhteish23_5_] : [VARCHAR]) - [null]
2020-06-10 18:11:57.539 TRACE 55751 --- [    Test worker] o.h.type.descriptor.sql.BasicExtractor   : extracted value ([yritysm24_5_] : [VARCHAR]) - [oy]
2020-06-10 18:11:57.539 TRACE 55751 --- [    Test worker] o.h.type.descriptor.sql.BasicExtractor   : extracted value ([ytj_kie25_5_] : [VARCHAR]) - [null]
2020-06-10 18:11:57.539 TRACE 55751 --- [    Test worker] o.h.type.descriptor.sql.BasicExtractor   : extracted value ([ytjpaiv26_5_] : [DATE]) - [null]
2020-06-10 18:11:57.539 TRACE 55751 --- [    Test worker] o.h.type.descriptor.sql.BasicExtractor   : extracted value ([ytunnus27_5_] : [VARCHAR]) - [1730639-9]
2020-06-10 18:11:57.539 TRACE 55751 --- [    Test worker] o.h.type.descriptor.sql.BasicExtractor   : extracted value ([id1_5_] : [BIGINT]) - [2]
2020-06-10 18:11:57.539 TRACE 55751 --- [    Test worker] o.h.type.descriptor.sql.BasicExtractor   : extracted value ([version2_5_] : [BIGINT]) - [2]
2020-06-10 18:11:57.539 TRACE 55751 --- [    Test worker] o.h.type.descriptor.sql.BasicExtractor   : extracted value ([alkupvm3_5_] : [DATE]) - [2004-08-08]
2020-06-10 18:11:57.539 TRACE 55751 --- [    Test worker] o.h.type.descriptor.sql.BasicExtractor   : extracted value ([domainni4_5_] : [VARCHAR]) - [null]
2020-06-10 18:11:57.539 TRACE 55751 --- [    Test worker] o.h.type.descriptor.sql.BasicExtractor   : extracted value ([kotipaik5_5_] : [VARCHAR]) - [Helsinki]
2020-06-10 18:11:57.539 TRACE 55751 --- [    Test worker] o.h.type.descriptor.sql.BasicExtractor   : extracted value ([kuvaus_28_5_] : [BIGINT]) - [null]
2020-06-10 18:11:57.539 TRACE 55751 --- [    Test worker] o.h.type.descriptor.sql.BasicExtractor   : extracted value ([lakkautu6_5_] : [DATE]) - [null]
2020-06-10 18:11:57.539 TRACE 55751 --- [    Test worker] o.h.type.descriptor.sql.BasicExtractor   : extracted value ([maa7_5_] : [VARCHAR]) - [null]
2020-06-10 18:11:57.539 TRACE 55751 --- [    Test worker] o.h.type.descriptor.sql.BasicExtractor   : extracted value ([metadat29_5_] : [BIGINT]) - [null]
2020-06-10 18:11:57.539 TRACE 55751 --- [    Test worker] o.h.type.descriptor.sql.BasicExtractor   : extracted value ([nimi_mk30_5_] : [BIGINT]) - [2]
2020-06-10 18:11:57.539 TRACE 55751 --- [    Test worker] o.h.type.descriptor.sql.BasicExtractor   : extracted value ([nimihaku8_5_] : [VARCHAR]) - [root test koulutustoimija]
2020-06-10 18:11:57.539 TRACE 55751 --- [    Test worker] o.h.type.descriptor.sql.BasicExtractor   : extracted value ([oid9_5_] : [VARCHAR]) - [1.2.2004.1]
2020-06-10 18:11:57.539 TRACE 55751 --- [    Test worker] o.h.type.descriptor.sql.BasicExtractor   : extracted value ([opetusp10_5_] : [VARCHAR]) - [null]
2020-06-10 18:11:57.539 TRACE 55751 --- [    Test worker] o.h.type.descriptor.sql.BasicExtractor   : extracted value ([oppilai11_5_] : [VARCHAR]) - [12345]
2020-06-10 18:11:57.539 TRACE 55751 --- [    Test worker] o.h.type.descriptor.sql.BasicExtractor   : extracted value ([oppilai12_5_] : [VARCHAR]) - [null]
2020-06-10 18:11:57.539 TRACE 55751 --- [    Test worker] o.h.type.descriptor.sql.BasicExtractor   : extracted value ([organis13_5_] : [BOOLEAN]) - [false]
2020-06-10 18:11:57.539 TRACE 55751 --- [    Test worker] o.h.type.descriptor.sql.BasicExtractor   : extracted value ([paivitt14_5_] : [VARCHAR]) - [null]
2020-06-10 18:11:57.539 TRACE 55751 --- [    Test worker] o.h.type.descriptor.sql.BasicExtractor   : extracted value ([paivity15_5_] : [TIMESTAMP]) - [null]
2020-06-10 18:11:57.539 TRACE 55751 --- [    Test worker] o.h.type.descriptor.sql.BasicExtractor   : extracted value ([parenti16_5_] : [VARCHAR]) - [|1|]
2020-06-10 18:11:57.539 TRACE 55751 --- [    Test worker] o.h.type.descriptor.sql.BasicExtractor   : extracted value ([parento17_5_] : [VARCHAR]) - [|1.2.246.562.24.00000000001|]
2020-06-10 18:11:57.539 TRACE 55751 --- [    Test worker] o.h.type.descriptor.sql.BasicExtractor   : extracted value ([piilote18_5_] : [BOOLEAN]) - [false]
2020-06-10 18:11:57.539 TRACE 55751 --- [    Test worker] o.h.type.descriptor.sql.BasicExtractor   : extracted value ([tarkast19_5_] : [TIMESTAMP]) - [null]
2020-06-10 18:11:57.539 TRACE 55751 --- [    Test worker] o.h.type.descriptor.sql.BasicExtractor   : extracted value ([toimipi20_5_] : [VARCHAR]) - [null]
2020-06-10 18:11:57.539 TRACE 55751 --- [    Test worker] o.h.type.descriptor.sql.BasicExtractor   : extracted value ([tuontip21_5_] : [TIMESTAMP]) - [null]
2020-06-10 18:11:57.539 TRACE 55751 --- [    Test worker] o.h.type.descriptor.sql.BasicExtractor   : extracted value ([varhais31_5_] : [BIGINT]) - [null]
2020-06-10 18:11:57.539 TRACE 55751 --- [    Test worker] o.h.type.descriptor.sql.BasicExtractor   : extracted value ([virasto22_5_] : [VARCHAR]) - [null]
2020-06-10 18:11:57.539 TRACE 55751 --- [    Test worker] o.h.type.descriptor.sql.BasicExtractor   : extracted value ([yhteish23_5_] : [VARCHAR]) - [null]
2020-06-10 18:11:57.539 TRACE 55751 --- [    Test worker] o.h.type.descriptor.sql.BasicExtractor   : extracted value ([yritysm24_5_] : [VARCHAR]) - [oy]
2020-06-10 18:11:57.539 TRACE 55751 --- [    Test worker] o.h.type.descriptor.sql.BasicExtractor   : extracted value ([ytj_kie25_5_] : [VARCHAR]) - [null]
2020-06-10 18:11:57.539 TRACE 55751 --- [    Test worker] o.h.type.descriptor.sql.BasicExtractor   : extracted value ([ytjpaiv26_5_] : [DATE]) - [null]
2020-06-10 18:11:57.539 TRACE 55751 --- [    Test worker] o.h.type.descriptor.sql.BasicExtractor   : extracted value ([ytunnus27_5_] : [VARCHAR]) - [2255802-1]
2020-06-10 18:11:57.539 TRACE 55751 --- [    Test worker] o.h.type.descriptor.sql.BasicExtractor   : extracted value ([id1_5_] : [BIGINT]) - [7]
2020-06-10 18:11:57.539 TRACE 55751 --- [    Test worker] o.h.type.descriptor.sql.BasicExtractor   : extracted value ([version2_5_] : [BIGINT]) - [2]
2020-06-10 18:11:57.539 TRACE 55751 --- [    Test worker] o.h.type.descriptor.sql.BasicExtractor   : extracted value ([alkupvm3_5_] : [DATE]) - [2006-06-29]
2020-06-10 18:11:57.539 TRACE 55751 --- [    Test worker] o.h.type.descriptor.sql.BasicExtractor   : extracted value ([domainni4_5_] : [VARCHAR]) - [null]
2020-06-10 18:11:57.540 TRACE 55751 --- [    Test worker] o.h.type.descriptor.sql.BasicExtractor   : extracted value ([kotipaik5_5_] : [VARCHAR]) - [Helsinki]
2020-06-10 18:11:57.540 TRACE 55751 --- [    Test worker] o.h.type.descriptor.sql.BasicExtractor   : extracted value ([kuvaus_28_5_] : [BIGINT]) - [null]
2020-06-10 18:11:57.540 TRACE 55751 --- [    Test worker] o.h.type.descriptor.sql.BasicExtractor   : extracted value ([lakkautu6_5_] : [DATE]) - [null]
2020-06-10 18:11:57.540 TRACE 55751 --- [    Test worker] o.h.type.descriptor.sql.BasicExtractor   : extracted value ([maa7_5_] : [VARCHAR]) - [null]
2020-06-10 18:11:57.540 TRACE 55751 --- [    Test worker] o.h.type.descriptor.sql.BasicExtractor   : extracted value ([metadat29_5_] : [BIGINT]) - [null]
2020-06-10 18:11:57.540 TRACE 55751 --- [    Test worker] o.h.type.descriptor.sql.BasicExtractor   : extracted value ([nimi_mk30_5_] : [BIGINT]) - [7]
2020-06-10 18:11:57.540 TRACE 55751 --- [    Test worker] o.h.type.descriptor.sql.BasicExtractor   : extracted value ([nimihaku8_5_] : [VARCHAR]) - [root2 test2 koulutustoimija2]
2020-06-10 18:11:57.540 TRACE 55751 --- [    Test worker] o.h.type.descriptor.sql.BasicExtractor   : extracted value ([oid9_5_] : [VARCHAR]) - [1.2.2004.5]
2020-06-10 18:11:57.540 TRACE 55751 --- [    Test worker] o.h.type.descriptor.sql.BasicExtractor   : extracted value ([opetusp10_5_] : [VARCHAR]) - [null]
2020-06-10 18:11:57.540 TRACE 55751 --- [    Test worker] o.h.type.descriptor.sql.BasicExtractor   : extracted value ([oppilai11_5_] : [VARCHAR]) - [null]
2020-06-10 18:11:57.540 TRACE 55751 --- [    Test worker] o.h.type.descriptor.sql.BasicExtractor   : extracted value ([oppilai12_5_] : [VARCHAR]) - [null]
2020-06-10 18:11:57.540 TRACE 55751 --- [    Test worker] o.h.type.descriptor.sql.BasicExtractor   : extracted value ([organis13_5_] : [BOOLEAN]) - [false]
2020-06-10 18:11:57.540 TRACE 55751 --- [    Test worker] o.h.type.descriptor.sql.BasicExtractor   : extracted value ([paivitt14_5_] : [VARCHAR]) - [null]
2020-06-10 18:11:57.540 TRACE 55751 --- [    Test worker] o.h.type.descriptor.sql.BasicExtractor   : extracted value ([paivity15_5_] : [TIMESTAMP]) - [null]
2020-06-10 18:11:57.540 TRACE 55751 --- [    Test worker] o.h.type.descriptor.sql.BasicExtractor   : extracted value ([parenti16_5_] : [VARCHAR]) - [|1|]
2020-06-10 18:11:57.540 TRACE 55751 --- [    Test worker] o.h.type.descriptor.sql.BasicExtractor   : extracted value ([parento17_5_] : [VARCHAR]) - [|1.2.246.562.24.00000000001|]
2020-06-10 18:11:57.540 TRACE 55751 --- [    Test worker] o.h.type.descriptor.sql.BasicExtractor   : extracted value ([piilote18_5_] : [BOOLEAN]) - [false]
2020-06-10 18:11:57.540 TRACE 55751 --- [    Test worker] o.h.type.descriptor.sql.BasicExtractor   : extracted value ([tarkast19_5_] : [TIMESTAMP]) - [null]
2020-06-10 18:11:57.540 TRACE 55751 --- [    Test worker] o.h.type.descriptor.sql.BasicExtractor   : extracted value ([toimipi20_5_] : [VARCHAR]) - [null]
2020-06-10 18:11:57.540 TRACE 55751 --- [    Test worker] o.h.type.descriptor.sql.BasicExtractor   : extracted value ([tuontip21_5_] : [TIMESTAMP]) - [null]
2020-06-10 18:11:57.540 TRACE 55751 --- [    Test worker] o.h.type.descriptor.sql.BasicExtractor   : extracted value ([varhais31_5_] : [BIGINT]) - [null]
2020-06-10 18:11:57.540 TRACE 55751 --- [    Test worker] o.h.type.descriptor.sql.BasicExtractor   : extracted value ([virasto22_5_] : [VARCHAR]) - [null]
2020-06-10 18:11:57.540 TRACE 55751 --- [    Test worker] o.h.type.descriptor.sql.BasicExtractor   : extracted value ([yhteish23_5_] : [VARCHAR]) - [null]
2020-06-10 18:11:57.540 TRACE 55751 --- [    Test worker] o.h.type.descriptor.sql.BasicExtractor   : extracted value ([yritysm24_5_] : [VARCHAR]) - [oy]
2020-06-10 18:11:57.540 TRACE 55751 --- [    Test worker] o.h.type.descriptor.sql.BasicExtractor   : extracted value ([ytj_kie25_5_] : [VARCHAR]) - [null]
2020-06-10 18:11:57.540 TRACE 55751 --- [    Test worker] o.h.type.descriptor.sql.BasicExtractor   : extracted value ([ytjpaiv26_5_] : [DATE]) - [null]
2020-06-10 18:11:57.540 TRACE 55751 --- [    Test worker] o.h.type.descriptor.sql.BasicExtractor   : extracted value ([ytunnus27_5_] : [VARCHAR]) - [1492449-0]
2020-06-10 18:11:57.540 TRACE 55751 --- [    Test worker] org.hibernate.type.CollectionType        : Created collection wrapper: [fi.vm.sade.organisaatio.model.Organisaatio.childSuhteet#10]
2020-06-10 18:11:57.540 TRACE 55751 --- [    Test worker] org.hibernate.type.CollectionType        : Created collection wrapper: [fi.vm.sade.organisaatio.model.Organisaatio.kayttoryhmat#10]
2020-06-10 18:11:57.540 TRACE 55751 --- [    Test worker] org.hibernate.type.CollectionType        : Created collection wrapper: [fi.vm.sade.organisaatio.model.Organisaatio.kielet#10]
2020-06-10 18:11:57.541 TRACE 55751 --- [    Test worker] org.hibernate.type.CollectionType        : Created collection wrapper: [fi.vm.sade.organisaatio.model.Organisaatio.muutKotipaikatUris#10]
2020-06-10 18:11:57.541 TRACE 55751 --- [    Test worker] org.hibernate.type.CollectionType        : Created collection wrapper: [fi.vm.sade.organisaatio.model.Organisaatio.muutOppilaitosTyyppiUris#10]
2020-06-10 18:11:57.541 TRACE 55751 --- [    Test worker] org.hibernate.type.CollectionType        : Created collection wrapper: [fi.vm.sade.organisaatio.model.Organisaatio.nimet#10]
2020-06-10 18:11:57.541 TRACE 55751 --- [    Test worker] org.hibernate.type.CollectionType        : Created collection wrapper: [fi.vm.sade.organisaatio.model.Organisaatio.organisaatioLisatietotyypit#10]
2020-06-10 18:11:57.541 TRACE 55751 --- [    Test worker] org.hibernate.type.CollectionType        : Created collection wrapper: [fi.vm.sade.organisaatio.model.Organisaatio.parentSuhteet#10]
2020-06-10 18:11:57.541 TRACE 55751 --- [    Test worker] org.hibernate.type.CollectionType        : Created collection wrapper: [fi.vm.sade.organisaatio.model.Organisaatio.ryhmatyypit#10]
2020-06-10 18:11:57.541 TRACE 55751 --- [    Test worker] org.hibernate.type.CollectionType        : Created collection wrapper: [fi.vm.sade.organisaatio.model.Organisaatio.tyypit#10]
2020-06-10 18:11:57.541 TRACE 55751 --- [    Test worker] org.hibernate.type.CollectionType        : Created collection wrapper: [fi.vm.sade.organisaatio.model.Organisaatio.vuosiluokat#10]
2020-06-10 18:11:57.541 TRACE 55751 --- [    Test worker] org.hibernate.type.CollectionType        : Created collection wrapper: [fi.vm.sade.organisaatio.model.Organisaatio.yhteystiedot#10]
2020-06-10 18:11:57.541 TRACE 55751 --- [    Test worker] org.hibernate.type.CollectionType        : Created collection wrapper: [fi.vm.sade.organisaatio.model.Organisaatio.yhteystietoArvos#10]
2020-06-10 18:11:57.541 TRACE 55751 --- [    Test worker] org.hibernate.type.CollectionType        : Created collection wrapper: [fi.vm.sade.organisaatio.model.Organisaatio.childSuhteet#9]
2020-06-10 18:11:57.541 TRACE 55751 --- [    Test worker] org.hibernate.type.CollectionType        : Created collection wrapper: [fi.vm.sade.organisaatio.model.Organisaatio.kayttoryhmat#9]
2020-06-10 18:11:57.541 TRACE 55751 --- [    Test worker] org.hibernate.type.CollectionType        : Created collection wrapper: [fi.vm.sade.organisaatio.model.Organisaatio.kielet#9]
2020-06-10 18:11:57.541 TRACE 55751 --- [    Test worker] org.hibernate.type.CollectionType        : Created collection wrapper: [fi.vm.sade.organisaatio.model.Organisaatio.muutKotipaikatUris#9]
2020-06-10 18:11:57.541 TRACE 55751 --- [    Test worker] org.hibernate.type.CollectionType        : Created collection wrapper: [fi.vm.sade.organisaatio.model.Organisaatio.muutOppilaitosTyyppiUris#9]
2020-06-10 18:11:57.541 TRACE 55751 --- [    Test worker] org.hibernate.type.CollectionType        : Created collection wrapper: [fi.vm.sade.organisaatio.model.Organisaatio.nimet#9]
2020-06-10 18:11:57.541 TRACE 55751 --- [    Test worker] org.hibernate.type.CollectionType        : Created collection wrapper: [fi.vm.sade.organisaatio.model.Organisaatio.organisaatioLisatietotyypit#9]
2020-06-10 18:11:57.541 TRACE 55751 --- [    Test worker] org.hibernate.type.CollectionType        : Created collection wrapper: [fi.vm.sade.organisaatio.model.Organisaatio.parentSuhteet#9]
2020-06-10 18:11:57.541 TRACE 55751 --- [    Test worker] org.hibernate.type.CollectionType        : Created collection wrapper: [fi.vm.sade.organisaatio.model.Organisaatio.ryhmatyypit#9]
2020-06-10 18:11:57.541 TRACE 55751 --- [    Test worker] org.hibernate.type.CollectionType        : Created collection wrapper: [fi.vm.sade.organisaatio.model.Organisaatio.tyypit#9]
2020-06-10 18:11:57.541 TRACE 55751 --- [    Test worker] org.hibernate.type.CollectionType        : Created collection wrapper: [fi.vm.sade.organisaatio.model.Organisaatio.vuosiluokat#9]
2020-06-10 18:11:57.541 TRACE 55751 --- [    Test worker] org.hibernate.type.CollectionType        : Created collection wrapper: [fi.vm.sade.organisaatio.model.Organisaatio.yhteystiedot#9]
2020-06-10 18:11:57.541 TRACE 55751 --- [    Test worker] org.hibernate.type.CollectionType        : Created collection wrapper: [fi.vm.sade.organisaatio.model.Organisaatio.yhteystietoArvos#9]
2020-06-10 18:11:57.541 TRACE 55751 --- [    Test worker] org.hibernate.type.CollectionType        : Created collection wrapper: [fi.vm.sade.organisaatio.model.Organisaatio.childSuhteet#2]
2020-06-10 18:11:57.541 TRACE 55751 --- [    Test worker] org.hibernate.type.CollectionType        : Created collection wrapper: [fi.vm.sade.organisaatio.model.Organisaatio.kayttoryhmat#2]
2020-06-10 18:11:57.541 TRACE 55751 --- [    Test worker] org.hibernate.type.CollectionType        : Created collection wrapper: [fi.vm.sade.organisaatio.model.Organisaatio.kielet#2]
2020-06-10 18:11:57.542 TRACE 55751 --- [    Test worker] org.hibernate.type.CollectionType        : Created collection wrapper: [fi.vm.sade.organisaatio.model.Organisaatio.muutKotipaikatUris#2]
2020-06-10 18:11:57.542 TRACE 55751 --- [    Test worker] org.hibernate.type.CollectionType        : Created collection wrapper: [fi.vm.sade.organisaatio.model.Organisaatio.muutOppilaitosTyyppiUris#2]
2020-06-10 18:11:57.542 TRACE 55751 --- [    Test worker] org.hibernate.type.CollectionType        : Created collection wrapper: [fi.vm.sade.organisaatio.model.Organisaatio.nimet#2]
2020-06-10 18:11:57.542 TRACE 55751 --- [    Test worker] org.hibernate.type.CollectionType        : Created collection wrapper: [fi.vm.sade.organisaatio.model.Organisaatio.organisaatioLisatietotyypit#2]
2020-06-10 18:11:57.542 TRACE 55751 --- [    Test worker] org.hibernate.type.CollectionType        : Created collection wrapper: [fi.vm.sade.organisaatio.model.Organisaatio.parentSuhteet#2]
2020-06-10 18:11:57.542 TRACE 55751 --- [    Test worker] org.hibernate.type.CollectionType        : Created collection wrapper: [fi.vm.sade.organisaatio.model.Organisaatio.ryhmatyypit#2]
2020-06-10 18:11:57.542 TRACE 55751 --- [    Test worker] org.hibernate.type.CollectionType        : Created collection wrapper: [fi.vm.sade.organisaatio.model.Organisaatio.tyypit#2]
2020-06-10 18:11:57.542 TRACE 55751 --- [    Test worker] org.hibernate.type.CollectionType        : Created collection wrapper: [fi.vm.sade.organisaatio.model.Organisaatio.vuosiluokat#2]
2020-06-10 18:11:57.542 TRACE 55751 --- [    Test worker] org.hibernate.type.CollectionType        : Created collection wrapper: [fi.vm.sade.organisaatio.model.Organisaatio.yhteystiedot#2]
2020-06-10 18:11:57.542 TRACE 55751 --- [    Test worker] org.hibernate.type.CollectionType        : Created collection wrapper: [fi.vm.sade.organisaatio.model.Organisaatio.yhteystietoArvos#2]
2020-06-10 18:11:57.542 TRACE 55751 --- [    Test worker] org.hibernate.type.CollectionType        : Created collection wrapper: [fi.vm.sade.organisaatio.model.Organisaatio.childSuhteet#7]
2020-06-10 18:11:57.542 TRACE 55751 --- [    Test worker] org.hibernate.type.CollectionType        : Created collection wrapper: [fi.vm.sade.organisaatio.model.Organisaatio.kayttoryhmat#7]
2020-06-10 18:11:57.542 TRACE 55751 --- [    Test worker] org.hibernate.type.CollectionType        : Created collection wrapper: [fi.vm.sade.organisaatio.model.Organisaatio.kielet#7]
2020-06-10 18:11:57.542 TRACE 55751 --- [    Test worker] org.hibernate.type.CollectionType        : Created collection wrapper: [fi.vm.sade.organisaatio.model.Organisaatio.muutKotipaikatUris#7]
2020-06-10 18:11:57.542 TRACE 55751 --- [    Test worker] org.hibernate.type.CollectionType        : Created collection wrapper: [fi.vm.sade.organisaatio.model.Organisaatio.muutOppilaitosTyyppiUris#7]
2020-06-10 18:11:57.542 TRACE 55751 --- [    Test worker] org.hibernate.type.CollectionType        : Created collection wrapper: [fi.vm.sade.organisaatio.model.Organisaatio.nimet#7]
2020-06-10 18:11:57.542 TRACE 55751 --- [    Test worker] org.hibernate.type.CollectionType        : Created collection wrapper: [fi.vm.sade.organisaatio.model.Organisaatio.organisaatioLisatietotyypit#7]
2020-06-10 18:11:57.542 TRACE 55751 --- [    Test worker] org.hibernate.type.CollectionType        : Created collection wrapper: [fi.vm.sade.organisaatio.model.Organisaatio.parentSuhteet#7]
2020-06-10 18:11:57.542 TRACE 55751 --- [    Test worker] org.hibernate.type.CollectionType        : Created collection wrapper: [fi.vm.sade.organisaatio.model.Organisaatio.ryhmatyypit#7]
2020-06-10 18:11:57.542 TRACE 55751 --- [    Test worker] org.hibernate.type.CollectionType        : Created collection wrapper: [fi.vm.sade.organisaatio.model.Organisaatio.tyypit#7]
2020-06-10 18:11:57.542 TRACE 55751 --- [    Test worker] org.hibernate.type.CollectionType        : Created collection wrapper: [fi.vm.sade.organisaatio.model.Organisaatio.vuosiluokat#7]
2020-06-10 18:11:57.542 TRACE 55751 --- [    Test worker] org.hibernate.type.CollectionType        : Created collection wrapper: [fi.vm.sade.organisaatio.model.Organisaatio.yhteystiedot#7]
2020-06-10 18:11:57.542 TRACE 55751 --- [    Test worker] org.hibernate.type.CollectionType        : Created collection wrapper: [fi.vm.sade.organisaatio.model.Organisaatio.yhteystietoArvos#7]
Hibernate: 
    select
        kielet0_.organisaatio_id as organisa1_7_0_,
        kielet0_.kielet as kielet2_7_0_ 
    from
        organisaatio_kielet kielet0_ 
    where
        kielet0_.organisaatio_id in (
            ?, ?, ?, ?
        )
2020-06-10 18:11:57.547 TRACE 55751 --- [    Test worker] o.h.type.descriptor.sql.BasicBinder      : binding parameter [1] as [BIGINT] - [2]
2020-06-10 18:11:57.547 TRACE 55751 --- [    Test worker] o.h.type.descriptor.sql.BasicBinder      : binding parameter [2] as [BIGINT] - [10]
2020-06-10 18:11:57.548 TRACE 55751 --- [    Test worker] o.h.type.descriptor.sql.BasicBinder      : binding parameter [3] as [BIGINT] - [9]
2020-06-10 18:11:57.548 TRACE 55751 --- [    Test worker] o.h.type.descriptor.sql.BasicBinder      : binding parameter [4] as [BIGINT] - [7]
2020-06-10 18:11:57.548 TRACE 55751 --- [    Test worker] o.h.type.descriptor.sql.BasicExtractor   : extracted value ([organisa1_7_0_] : [BIGINT]) - [10]
2020-06-10 18:11:57.548 TRACE 55751 --- [    Test worker] o.h.type.descriptor.sql.BasicExtractor   : extracted value ([kielet2_7_0_] : [VARCHAR]) - [oppilaitoksenopetuskieli_1#1]
2020-06-10 18:11:57.548 TRACE 55751 --- [    Test worker] o.h.type.descriptor.sql.BasicExtractor   : extracted value ([organisa1_7_0_] : [BIGINT]) - [10]
2020-06-10 18:11:57.548 TRACE 55751 --- [    Test worker] o.h.type.descriptor.sql.BasicExtractor   : extracted value ([kielet2_7_0_] : [VARCHAR]) - [oppilaitoksenopetuskieli_2#1]
2020-06-10 18:11:57.548 TRACE 55751 --- [    Test worker] o.h.type.descriptor.sql.BasicExtractor   : extracted value ([organisa1_7_0_] : [BIGINT]) - [10]
2020-06-10 18:11:57.548 TRACE 55751 --- [    Test worker] o.h.type.descriptor.sql.BasicExtractor   : extracted value ([kielet2_7_0_] : [VARCHAR]) - [oppilaitoksenopetuskieli_3#1]
Hibernate: 
    select
        parentsuht0_.child_id as child_id7_19_0_,
        parentsuht0_.id as id1_19_0_,
        parentsuht0_.id as id1_19_1_,
        parentsuht0_.version as version2_19_1_,
        parentsuht0_.alkupvm as alkupvm3_19_1_,
        parentsuht0_.child_id as child_id7_19_1_,
        parentsuht0_.loppupvm as loppupvm4_19_1_,
        parentsuht0_.opetuspisteenjarjnro as opetuspi5_19_1_,
        parentsuht0_.parent_id as parent_i8_19_1_,
        parentsuht0_.suhdetyyppi as suhdetyy6_19_1_ 
    from
        organisaatiosuhde parentsuht0_ 
    where
        parentsuht0_.child_id=? 
    order by
        parentsuht0_.alkupvm
2020-06-10 18:11:57.549 TRACE 55751 --- [    Test worker] o.h.type.descriptor.sql.BasicBinder      : binding parameter [1] as [BIGINT] - [2]
2020-06-10 18:11:57.549 TRACE 55751 --- [    Test worker] o.h.type.descriptor.sql.BasicExtractor   : extracted value ([id1_19_1_] : [BIGINT]) - [1]
2020-06-10 18:11:57.550 TRACE 55751 --- [    Test worker] o.h.type.descriptor.sql.BasicExtractor   : extracted value ([version2_19_1_] : [BIGINT]) - [0]
2020-06-10 18:11:57.550 TRACE 55751 --- [    Test worker] o.h.type.descriptor.sql.BasicExtractor   : extracted value ([alkupvm3_19_1_] : [DATE]) - [2014-12-02]
2020-06-10 18:11:57.550 TRACE 55751 --- [    Test worker] o.h.type.descriptor.sql.BasicExtractor   : extracted value ([child_id7_19_1_] : [BIGINT]) - [2]
2020-06-10 18:11:57.550 TRACE 55751 --- [    Test worker] o.h.type.descriptor.sql.BasicExtractor   : extracted value ([loppupvm4_19_1_] : [DATE]) - [null]
2020-06-10 18:11:57.550 TRACE 55751 --- [    Test worker] o.h.type.descriptor.sql.BasicExtractor   : extracted value ([opetuspi5_19_1_] : [VARCHAR]) - [null]
2020-06-10 18:11:57.550 TRACE 55751 --- [    Test worker] o.h.type.descriptor.sql.BasicExtractor   : extracted value ([parent_i8_19_1_] : [BIGINT]) - [1]
2020-06-10 18:11:57.550 TRACE 55751 --- [    Test worker] o.h.type.descriptor.sql.BasicExtractor   : extracted value ([suhdetyy6_19_1_] : [VARCHAR]) - [HISTORIA]
2020-06-10 18:11:57.550 TRACE 55751 --- [    Test worker] o.h.type.descriptor.sql.BasicExtractor   : extracted value ([child_id7_19_0_] : [BIGINT]) - [2]
2020-06-10 18:11:57.550 TRACE 55751 --- [    Test worker] o.h.type.descriptor.sql.BasicExtractor   : extracted value ([id1_19_0_] : [BIGINT]) - [1]
Hibernate: 
    select
        organisaat0_.id as id1_5_0_,
        organisaat0_.version as version2_5_0_,
        organisaat0_.alkupvm as alkupvm3_5_0_,
        organisaat0_.domainnimi as domainni4_5_0_,
        organisaat0_.kotipaikka as kotipaik5_5_0_,
        organisaat0_.kuvaus_mkt as kuvaus_28_5_0_,
        organisaat0_.lakkautuspvm as lakkautu6_5_0_,
        organisaat0_.maa as maa7_5_0_,
        organisaat0_.metadata_id as metadat29_5_0_,
        organisaat0_.nimi_mkt as nimi_mk30_5_0_,
        organisaat0_.nimihaku as nimihaku8_5_0_,
        organisaat0_.oid as oid9_5_0_,
        organisaat0_.opetuspisteenjarjnro as opetusp10_5_0_,
        organisaat0_.oppilaitoskoodi as oppilai11_5_0_,
        organisaat0_.oppilaitos_tyyppi as oppilai12_5_0_,
        organisaat0_.organisaatio_poistettu as organis13_5_0_,
        organisaat0_.paivittaja as paivitt14_5_0_,
        organisaat0_.paivityspvm as paivity15_5_0_,
        organisaat0_.parentidpath as parenti16_5_0_,
        organisaat0_.parentoidpath as parento17_5_0_,
        organisaat0_.piilotettu as piilote18_5_0_,
        organisaat0_.tarkastus_pvm as tarkast19_5_0_,
        organisaat0_.toimipistekoodi as toimipi20_5_0_,
        organisaat0_.tuontipvm as tuontip21_5_0_,
        organisaat0_.varhaiskasvatuksen_toimipaikka_tiedot_id as varhais31_5_0_,
        organisaat0_.virastotunnus as virasto22_5_0_,
        organisaat0_.yhteishaunkoulukoodi as yhteish23_5_0_,
        organisaat0_.yritysmuoto as yritysm24_5_0_,
        organisaat0_.ytj_kieli as ytj_kie25_5_0_,
        organisaat0_.ytjpaivityspvm as ytjpaiv26_5_0_,
        organisaat0_.ytunnus as ytunnus27_5_0_ 
    from
        organisaatio organisaat0_ 
    where
        organisaat0_.id=?
2020-06-10 18:11:57.551 TRACE 55751 --- [    Test worker] o.h.type.descriptor.sql.BasicBinder      : binding parameter [1] as [BIGINT] - [1]
2020-06-10 18:11:57.552 TRACE 55751 --- [    Test worker] o.h.type.descriptor.sql.BasicExtractor   : extracted value ([version2_5_0_] : [BIGINT]) - [0]
2020-06-10 18:11:57.552 TRACE 55751 --- [    Test worker] o.h.type.descriptor.sql.BasicExtractor   : extracted value ([alkupvm3_5_0_] : [DATE]) - [2004-06-29]
2020-06-10 18:11:57.552 TRACE 55751 --- [    Test worker] o.h.type.descriptor.sql.BasicExtractor   : extracted value ([domainni4_5_0_] : [VARCHAR]) - [null]
2020-06-10 18:11:57.552 TRACE 55751 --- [    Test worker] o.h.type.descriptor.sql.BasicExtractor   : extracted value ([kotipaik5_5_0_] : [VARCHAR]) - [Helsinki]
2020-06-10 18:11:57.552 TRACE 55751 --- [    Test worker] o.h.type.descriptor.sql.BasicExtractor   : extracted value ([kuvaus_28_5_0_] : [BIGINT]) - [null]
2020-06-10 18:11:57.552 TRACE 55751 --- [    Test worker] o.h.type.descriptor.sql.BasicExtractor   : extracted value ([lakkautu6_5_0_] : [DATE]) - [null]
2020-06-10 18:11:57.552 TRACE 55751 --- [    Test worker] o.h.type.descriptor.sql.BasicExtractor   : extracted value ([maa7_5_0_] : [VARCHAR]) - [null]
2020-06-10 18:11:57.552 TRACE 55751 --- [    Test worker] o.h.type.descriptor.sql.BasicExtractor   : extracted value ([metadat29_5_0_] : [BIGINT]) - [null]
2020-06-10 18:11:57.552 TRACE 55751 --- [    Test worker] o.h.type.descriptor.sql.BasicExtractor   : extracted value ([nimi_mk30_5_0_] : [BIGINT]) - [1]
2020-06-10 18:11:57.552 TRACE 55751 --- [    Test worker] o.h.type.descriptor.sql.BasicExtractor   : extracted value ([nimihaku8_5_0_] : [VARCHAR]) - [opetushallitus]
2020-06-10 18:11:57.552 TRACE 55751 --- [    Test worker] o.h.type.descriptor.sql.BasicExtractor   : extracted value ([oid9_5_0_] : [VARCHAR]) - [1.2.246.562.24.00000000001]
2020-06-10 18:11:57.552 TRACE 55751 --- [    Test worker] o.h.type.descriptor.sql.BasicExtractor   : extracted value ([opetusp10_5_0_] : [VARCHAR]) - [null]
2020-06-10 18:11:57.552 TRACE 55751 --- [    Test worker] o.h.type.descriptor.sql.BasicExtractor   : extracted value ([oppilai11_5_0_] : [VARCHAR]) - [null]
2020-06-10 18:11:57.552 TRACE 55751 --- [    Test worker] o.h.type.descriptor.sql.BasicExtractor   : extracted value ([oppilai12_5_0_] : [VARCHAR]) - [null]
2020-06-10 18:11:57.552 TRACE 55751 --- [    Test worker] o.h.type.descriptor.sql.BasicExtractor   : extracted value ([organis13_5_0_] : [BOOLEAN]) - [false]
2020-06-10 18:11:57.552 TRACE 55751 --- [    Test worker] o.h.type.descriptor.sql.BasicExtractor   : extracted value ([paivitt14_5_0_] : [VARCHAR]) - [null]
2020-06-10 18:11:57.552 TRACE 55751 --- [    Test worker] o.h.type.descriptor.sql.BasicExtractor   : extracted value ([paivity15_5_0_] : [TIMESTAMP]) - [null]
2020-06-10 18:11:57.552 TRACE 55751 --- [    Test worker] o.h.type.descriptor.sql.BasicExtractor   : extracted value ([parenti16_5_0_] : [VARCHAR]) - [null]
2020-06-10 18:11:57.552 TRACE 55751 --- [    Test worker] o.h.type.descriptor.sql.BasicExtractor   : extracted value ([parento17_5_0_] : [VARCHAR]) - [null]
2020-06-10 18:11:57.552 TRACE 55751 --- [    Test worker] o.h.type.descriptor.sql.BasicExtractor   : extracted value ([piilote18_5_0_] : [BOOLEAN]) - [false]
2020-06-10 18:11:57.552 TRACE 55751 --- [    Test worker] o.h.type.descriptor.sql.BasicExtractor   : extracted value ([tarkast19_5_0_] : [TIMESTAMP]) - [null]
2020-06-10 18:11:57.552 TRACE 55751 --- [    Test worker] o.h.type.descriptor.sql.BasicExtractor   : extracted value ([toimipi20_5_0_] : [VARCHAR]) - [null]
2020-06-10 18:11:57.552 TRACE 55751 --- [    Test worker] o.h.type.descriptor.sql.BasicExtractor   : extracted value ([tuontip21_5_0_] : [TIMESTAMP]) - [null]
2020-06-10 18:11:57.552 TRACE 55751 --- [    Test worker] o.h.type.descriptor.sql.BasicExtractor   : extracted value ([varhais31_5_0_] : [BIGINT]) - [null]
2020-06-10 18:11:57.552 TRACE 55751 --- [    Test worker] o.h.type.descriptor.sql.BasicExtractor   : extracted value ([virasto22_5_0_] : [VARCHAR]) - [null]
2020-06-10 18:11:57.552 TRACE 55751 --- [    Test worker] o.h.type.descriptor.sql.BasicExtractor   : extracted value ([yhteish23_5_0_] : [VARCHAR]) - [null]
2020-06-10 18:11:57.552 TRACE 55751 --- [    Test worker] o.h.type.descriptor.sql.BasicExtractor   : extracted value ([yritysm24_5_0_] : [VARCHAR]) - [oy]
2020-06-10 18:11:57.552 TRACE 55751 --- [    Test worker] o.h.type.descriptor.sql.BasicExtractor   : extracted value ([ytj_kie25_5_0_] : [VARCHAR]) - [null]
2020-06-10 18:11:57.552 TRACE 55751 --- [    Test worker] o.h.type.descriptor.sql.BasicExtractor   : extracted value ([ytjpaiv26_5_0_] : [DATE]) - [null]
2020-06-10 18:11:57.552 TRACE 55751 --- [    Test worker] o.h.type.descriptor.sql.BasicExtractor   : extracted value ([ytunnus27_5_0_] : [VARCHAR]) - [null]
2020-06-10 18:11:57.552 TRACE 55751 --- [    Test worker] org.hibernate.type.CollectionType        : Created collection wrapper: [fi.vm.sade.organisaatio.model.Organisaatio.childSuhteet#1]
2020-06-10 18:11:57.552 TRACE 55751 --- [    Test worker] org.hibernate.type.CollectionType        : Created collection wrapper: [fi.vm.sade.organisaatio.model.Organisaatio.kayttoryhmat#1]
2020-06-10 18:11:57.552 TRACE 55751 --- [    Test worker] org.hibernate.type.CollectionType        : Created collection wrapper: [fi.vm.sade.organisaatio.model.Organisaatio.kielet#1]
2020-06-10 18:11:57.552 TRACE 55751 --- [    Test worker] org.hibernate.type.CollectionType        : Created collection wrapper: [fi.vm.sade.organisaatio.model.Organisaatio.muutKotipaikatUris#1]
2020-06-10 18:11:57.552 TRACE 55751 --- [    Test worker] org.hibernate.type.CollectionType        : Created collection wrapper: [fi.vm.sade.organisaatio.model.Organisaatio.muutOppilaitosTyyppiUris#1]
2020-06-10 18:11:57.552 TRACE 55751 --- [    Test worker] org.hibernate.type.CollectionType        : Created collection wrapper: [fi.vm.sade.organisaatio.model.Organisaatio.nimet#1]
2020-06-10 18:11:57.552 TRACE 55751 --- [    Test worker] org.hibernate.type.CollectionType        : Created collection wrapper: [fi.vm.sade.organisaatio.model.Organisaatio.organisaatioLisatietotyypit#1]
2020-06-10 18:11:57.552 TRACE 55751 --- [    Test worker] org.hibernate.type.CollectionType        : Created collection wrapper: [fi.vm.sade.organisaatio.model.Organisaatio.parentSuhteet#1]
2020-06-10 18:11:57.552 TRACE 55751 --- [    Test worker] org.hibernate.type.CollectionType        : Created collection wrapper: [fi.vm.sade.organisaatio.model.Organisaatio.ryhmatyypit#1]
2020-06-10 18:11:57.552 TRACE 55751 --- [    Test worker] org.hibernate.type.CollectionType        : Created collection wrapper: [fi.vm.sade.organisaatio.model.Organisaatio.tyypit#1]
2020-06-10 18:11:57.552 TRACE 55751 --- [    Test worker] org.hibernate.type.CollectionType        : Created collection wrapper: [fi.vm.sade.organisaatio.model.Organisaatio.vuosiluokat#1]
2020-06-10 18:11:57.553 TRACE 55751 --- [    Test worker] org.hibernate.type.CollectionType        : Created collection wrapper: [fi.vm.sade.organisaatio.model.Organisaatio.yhteystiedot#1]
2020-06-10 18:11:57.553 TRACE 55751 --- [    Test worker] org.hibernate.type.CollectionType        : Created collection wrapper: [fi.vm.sade.organisaatio.model.Organisaatio.yhteystietoArvos#1]
Hibernate: 
    select
        childsuhte0_.parent_id as parent_i8_19_0_,
        childsuhte0_.id as id1_19_0_,
        childsuhte0_.id as id1_19_1_,
        childsuhte0_.version as version2_19_1_,
        childsuhte0_.alkupvm as alkupvm3_19_1_,
        childsuhte0_.child_id as child_id7_19_1_,
        childsuhte0_.loppupvm as loppupvm4_19_1_,
        childsuhte0_.opetuspisteenjarjnro as opetuspi5_19_1_,
        childsuhte0_.parent_id as parent_i8_19_1_,
        childsuhte0_.suhdetyyppi as suhdetyy6_19_1_ 
    from
        organisaatiosuhde childsuhte0_ 
    where
        childsuhte0_.parent_id=?
2020-06-10 18:11:57.553 TRACE 55751 --- [    Test worker] o.h.type.descriptor.sql.BasicBinder      : binding parameter [1] as [BIGINT] - [2]
2020-06-10 18:11:57.553 TRACE 55751 --- [    Test worker] o.h.type.descriptor.sql.BasicExtractor   : extracted value ([id1_19_1_] : [BIGINT]) - [2]
2020-06-10 18:11:57.553 TRACE 55751 --- [    Test worker] o.h.type.descriptor.sql.BasicExtractor   : extracted value ([version2_19_1_] : [BIGINT]) - [0]
2020-06-10 18:11:57.553 TRACE 55751 --- [    Test worker] o.h.type.descriptor.sql.BasicExtractor   : extracted value ([alkupvm3_19_1_] : [DATE]) - [2014-12-02]
2020-06-10 18:11:57.553 TRACE 55751 --- [    Test worker] o.h.type.descriptor.sql.BasicExtractor   : extracted value ([child_id7_19_1_] : [BIGINT]) - [3]
2020-06-10 18:11:57.553 TRACE 55751 --- [    Test worker] o.h.type.descriptor.sql.BasicExtractor   : extracted value ([loppupvm4_19_1_] : [DATE]) - [null]
2020-06-10 18:11:57.553 TRACE 55751 --- [    Test worker] o.h.type.descriptor.sql.BasicExtractor   : extracted value ([opetuspi5_19_1_] : [VARCHAR]) - [null]
2020-06-10 18:11:57.553 TRACE 55751 --- [    Test worker] o.h.type.descriptor.sql.BasicExtractor   : extracted value ([parent_i8_19_1_] : [BIGINT]) - [2]
2020-06-10 18:11:57.553 TRACE 55751 --- [    Test worker] o.h.type.descriptor.sql.BasicExtractor   : extracted value ([suhdetyy6_19_1_] : [VARCHAR]) - [HISTORIA]
2020-06-10 18:11:57.553 TRACE 55751 --- [    Test worker] o.h.type.descriptor.sql.BasicExtractor   : extracted value ([parent_i8_19_0_] : [BIGINT]) - [2]
2020-06-10 18:11:57.553 TRACE 55751 --- [    Test worker] o.h.type.descriptor.sql.BasicExtractor   : extracted value ([id1_19_0_] : [BIGINT]) - [2]
2020-06-10 18:11:57.554 TRACE 55751 --- [    Test worker] o.h.type.descriptor.sql.BasicExtractor   : extracted value ([id1_19_1_] : [BIGINT]) - [3]
2020-06-10 18:11:57.554 TRACE 55751 --- [    Test worker] o.h.type.descriptor.sql.BasicExtractor   : extracted value ([version2_19_1_] : [BIGINT]) - [0]
2020-06-10 18:11:57.554 TRACE 55751 --- [    Test worker] o.h.type.descriptor.sql.BasicExtractor   : extracted value ([alkupvm3_19_1_] : [DATE]) - [2014-12-02]
2020-06-10 18:11:57.554 TRACE 55751 --- [    Test worker] o.h.type.descriptor.sql.BasicExtractor   : extracted value ([child_id7_19_1_] : [BIGINT]) - [4]
2020-06-10 18:11:57.554 TRACE 55751 --- [    Test worker] o.h.type.descriptor.sql.BasicExtractor   : extracted value ([loppupvm4_19_1_] : [DATE]) - [null]
2020-06-10 18:11:57.554 TRACE 55751 --- [    Test worker] o.h.type.descriptor.sql.BasicExtractor   : extracted value ([opetuspi5_19_1_] : [VARCHAR]) - [null]
2020-06-10 18:11:57.554 TRACE 55751 --- [    Test worker] o.h.type.descriptor.sql.BasicExtractor   : extracted value ([parent_i8_19_1_] : [BIGINT]) - [2]
2020-06-10 18:11:57.554 TRACE 55751 --- [    Test worker] o.h.type.descriptor.sql.BasicExtractor   : extracted value ([suhdetyy6_19_1_] : [VARCHAR]) - [HISTORIA]
2020-06-10 18:11:57.554 TRACE 55751 --- [    Test worker] o.h.type.descriptor.sql.BasicExtractor   : extracted value ([parent_i8_19_0_] : [BIGINT]) - [2]
2020-06-10 18:11:57.554 TRACE 55751 --- [    Test worker] o.h.type.descriptor.sql.BasicExtractor   : extracted value ([id1_19_0_] : [BIGINT]) - [3]
Hibernate: 
    select
        organisaat0_.id as id1_5_0_,
        organisaat0_.version as version2_5_0_,
        organisaat0_.alkupvm as alkupvm3_5_0_,
        organisaat0_.domainnimi as domainni4_5_0_,
        organisaat0_.kotipaikka as kotipaik5_5_0_,
        organisaat0_.kuvaus_mkt as kuvaus_28_5_0_,
        organisaat0_.lakkautuspvm as lakkautu6_5_0_,
        organisaat0_.maa as maa7_5_0_,
        organisaat0_.metadata_id as metadat29_5_0_,
        organisaat0_.nimi_mkt as nimi_mk30_5_0_,
        organisaat0_.nimihaku as nimihaku8_5_0_,
        organisaat0_.oid as oid9_5_0_,
        organisaat0_.opetuspisteenjarjnro as opetusp10_5_0_,
        organisaat0_.oppilaitoskoodi as oppilai11_5_0_,
        organisaat0_.oppilaitos_tyyppi as oppilai12_5_0_,
        organisaat0_.organisaatio_poistettu as organis13_5_0_,
        organisaat0_.paivittaja as paivitt14_5_0_,
        organisaat0_.paivityspvm as paivity15_5_0_,
        organisaat0_.parentidpath as parenti16_5_0_,
        organisaat0_.parentoidpath as parento17_5_0_,
        organisaat0_.piilotettu as piilote18_5_0_,
        organisaat0_.tarkastus_pvm as tarkast19_5_0_,
        organisaat0_.toimipistekoodi as toimipi20_5_0_,
        organisaat0_.tuontipvm as tuontip21_5_0_,
        organisaat0_.varhaiskasvatuksen_toimipaikka_tiedot_id as varhais31_5_0_,
        organisaat0_.virastotunnus as virasto22_5_0_,
        organisaat0_.yhteishaunkoulukoodi as yhteish23_5_0_,
        organisaat0_.yritysmuoto as yritysm24_5_0_,
        organisaat0_.ytj_kieli as ytj_kie25_5_0_,
        organisaat0_.ytjpaivityspvm as ytjpaiv26_5_0_,
        organisaat0_.ytunnus as ytunnus27_5_0_ 
    from
        organisaatio organisaat0_ 
    where
        organisaat0_.id=?
2020-06-10 18:11:57.554 TRACE 55751 --- [    Test worker] o.h.type.descriptor.sql.BasicBinder      : binding parameter [1] as [BIGINT] - [3]
2020-06-10 18:11:57.555 TRACE 55751 --- [    Test worker] o.h.type.descriptor.sql.BasicExtractor   : extracted value ([version2_5_0_] : [BIGINT]) - [2]
2020-06-10 18:11:57.555 TRACE 55751 --- [    Test worker] o.h.type.descriptor.sql.BasicExtractor   : extracted value ([alkupvm3_5_0_] : [DATE]) - [2013-06-29]
2020-06-10 18:11:57.555 TRACE 55751 --- [    Test worker] o.h.type.descriptor.sql.BasicExtractor   : extracted value ([domainni4_5_0_] : [VARCHAR]) - [null]
2020-06-10 18:11:57.555 TRACE 55751 --- [    Test worker] o.h.type.descriptor.sql.BasicExtractor   : extracted value ([kotipaik5_5_0_] : [VARCHAR]) - [Helsinki]
2020-06-10 18:11:57.555 TRACE 55751 --- [    Test worker] o.h.type.descriptor.sql.BasicExtractor   : extracted value ([kuvaus_28_5_0_] : [BIGINT]) - [null]
2020-06-10 18:11:57.555 TRACE 55751 --- [    Test worker] o.h.type.descriptor.sql.BasicExtractor   : extracted value ([lakkautu6_5_0_] : [DATE]) - [null]
2020-06-10 18:11:57.555 TRACE 55751 --- [    Test worker] o.h.type.descriptor.sql.BasicExtractor   : extracted value ([maa7_5_0_] : [VARCHAR]) - [null]
2020-06-10 18:11:57.555 TRACE 55751 --- [    Test worker] o.h.type.descriptor.sql.BasicExtractor   : extracted value ([metadat29_5_0_] : [BIGINT]) - [null]
2020-06-10 18:11:57.555 TRACE 55751 --- [    Test worker] o.h.type.descriptor.sql.BasicExtractor   : extracted value ([nimi_mk30_5_0_] : [BIGINT]) - [3]
2020-06-10 18:11:57.555 TRACE 55751 --- [    Test worker] o.h.type.descriptor.sql.BasicExtractor   : extracted value ([nimihaku8_5_0_] : [VARCHAR]) - [node1 asd]
2020-06-10 18:11:57.555 TRACE 55751 --- [    Test worker] o.h.type.descriptor.sql.BasicExtractor   : extracted value ([oid9_5_0_] : [VARCHAR]) - [1.2.2004.2]
2020-06-10 18:11:57.555 TRACE 55751 --- [    Test worker] o.h.type.descriptor.sql.BasicExtractor   : extracted value ([opetusp10_5_0_] : [VARCHAR]) - [1]
2020-06-10 18:11:57.555 TRACE 55751 --- [    Test worker] o.h.type.descriptor.sql.BasicExtractor   : extracted value ([oppilai11_5_0_] : [VARCHAR]) - [null]
2020-06-10 18:11:57.555 TRACE 55751 --- [    Test worker] o.h.type.descriptor.sql.BasicExtractor   : extracted value ([oppilai12_5_0_] : [VARCHAR]) - [oppilaitostyyppi_41#1]
2020-06-10 18:11:57.555 TRACE 55751 --- [    Test worker] o.h.type.descriptor.sql.BasicExtractor   : extracted value ([organis13_5_0_] : [BOOLEAN]) - [false]
2020-06-10 18:11:57.555 TRACE 55751 --- [    Test worker] o.h.type.descriptor.sql.BasicExtractor   : extracted value ([paivitt14_5_0_] : [VARCHAR]) - [null]
2020-06-10 18:11:57.555 TRACE 55751 --- [    Test worker] o.h.type.descriptor.sql.BasicExtractor   : extracted value ([paivity15_5_0_] : [TIMESTAMP]) - [null]
2020-06-10 18:11:57.555 TRACE 55751 --- [    Test worker] o.h.type.descriptor.sql.BasicExtractor   : extracted value ([parenti16_5_0_] : [VARCHAR]) - [|1|2|]
2020-06-10 18:11:57.555 TRACE 55751 --- [    Test worker] o.h.type.descriptor.sql.BasicExtractor   : extracted value ([parento17_5_0_] : [VARCHAR]) - [|1.2.246.562.24.00000000001|1.2.2004.1|]
2020-06-10 18:11:57.555 TRACE 55751 --- [    Test worker] o.h.type.descriptor.sql.BasicExtractor   : extracted value ([piilote18_5_0_] : [BOOLEAN]) - [false]
2020-06-10 18:11:57.555 TRACE 55751 --- [    Test worker] o.h.type.descriptor.sql.BasicExtractor   : extracted value ([tarkast19_5_0_] : [TIMESTAMP]) - [null]
2020-06-10 18:11:57.555 TRACE 55751 --- [    Test worker] o.h.type.descriptor.sql.BasicExtractor   : extracted value ([toimipi20_5_0_] : [VARCHAR]) - [123451]
2020-06-10 18:11:57.555 TRACE 55751 --- [    Test worker] o.h.type.descriptor.sql.BasicExtractor   : extracted value ([tuontip21_5_0_] : [TIMESTAMP]) - [null]
2020-06-10 18:11:57.555 TRACE 55751 --- [    Test worker] o.h.type.descriptor.sql.BasicExtractor   : extracted value ([varhais31_5_0_] : [BIGINT]) - [null]
2020-06-10 18:11:57.555 TRACE 55751 --- [    Test worker] o.h.type.descriptor.sql.BasicExtractor   : extracted value ([virasto22_5_0_] : [VARCHAR]) - [null]
2020-06-10 18:11:57.555 TRACE 55751 --- [    Test worker] o.h.type.descriptor.sql.BasicExtractor   : extracted value ([yhteish23_5_0_] : [VARCHAR]) - [null]
2020-06-10 18:11:57.555 TRACE 55751 --- [    Test worker] o.h.type.descriptor.sql.BasicExtractor   : extracted value ([yritysm24_5_0_] : [VARCHAR]) - [oy]
2020-06-10 18:11:57.555 TRACE 55751 --- [    Test worker] o.h.type.descriptor.sql.BasicExtractor   : extracted value ([ytj_kie25_5_0_] : [VARCHAR]) - [null]
2020-06-10 18:11:57.555 TRACE 55751 --- [    Test worker] o.h.type.descriptor.sql.BasicExtractor   : extracted value ([ytjpaiv26_5_0_] : [DATE]) - [null]
2020-06-10 18:11:57.555 TRACE 55751 --- [    Test worker] o.h.type.descriptor.sql.BasicExtractor   : extracted value ([ytunnus27_5_0_] : [VARCHAR]) - [1234567-2]
2020-06-10 18:11:57.555 TRACE 55751 --- [    Test worker] org.hibernate.type.CollectionType        : Created collection wrapper: [fi.vm.sade.organisaatio.model.Organisaatio.childSuhteet#3]
2020-06-10 18:11:57.555 TRACE 55751 --- [    Test worker] org.hibernate.type.CollectionType        : Created collection wrapper: [fi.vm.sade.organisaatio.model.Organisaatio.kayttoryhmat#3]
2020-06-10 18:11:57.555 TRACE 55751 --- [    Test worker] org.hibernate.type.CollectionType        : Created collection wrapper: [fi.vm.sade.organisaatio.model.Organisaatio.kielet#3]
2020-06-10 18:11:57.555 TRACE 55751 --- [    Test worker] org.hibernate.type.CollectionType        : Created collection wrapper: [fi.vm.sade.organisaatio.model.Organisaatio.muutKotipaikatUris#3]
2020-06-10 18:11:57.555 TRACE 55751 --- [    Test worker] org.hibernate.type.CollectionType        : Created collection wrapper: [fi.vm.sade.organisaatio.model.Organisaatio.muutOppilaitosTyyppiUris#3]
2020-06-10 18:11:57.555 TRACE 55751 --- [    Test worker] org.hibernate.type.CollectionType        : Created collection wrapper: [fi.vm.sade.organisaatio.model.Organisaatio.nimet#3]
2020-06-10 18:11:57.556 TRACE 55751 --- [    Test worker] org.hibernate.type.CollectionType        : Created collection wrapper: [fi.vm.sade.organisaatio.model.Organisaatio.organisaatioLisatietotyypit#3]
2020-06-10 18:11:57.556 TRACE 55751 --- [    Test worker] org.hibernate.type.CollectionType        : Created collection wrapper: [fi.vm.sade.organisaatio.model.Organisaatio.parentSuhteet#3]
2020-06-10 18:11:57.556 TRACE 55751 --- [    Test worker] org.hibernate.type.CollectionType        : Created collection wrapper: [fi.vm.sade.organisaatio.model.Organisaatio.ryhmatyypit#3]
2020-06-10 18:11:57.556 TRACE 55751 --- [    Test worker] org.hibernate.type.CollectionType        : Created collection wrapper: [fi.vm.sade.organisaatio.model.Organisaatio.tyypit#3]
2020-06-10 18:11:57.556 TRACE 55751 --- [    Test worker] org.hibernate.type.CollectionType        : Created collection wrapper: [fi.vm.sade.organisaatio.model.Organisaatio.vuosiluokat#3]
2020-06-10 18:11:57.556 TRACE 55751 --- [    Test worker] org.hibernate.type.CollectionType        : Created collection wrapper: [fi.vm.sade.organisaatio.model.Organisaatio.yhteystiedot#3]
2020-06-10 18:11:57.556 TRACE 55751 --- [    Test worker] org.hibernate.type.CollectionType        : Created collection wrapper: [fi.vm.sade.organisaatio.model.Organisaatio.yhteystietoArvos#3]
Hibernate: 
    select
        organisaat0_.id as id1_5_0_,
        organisaat0_.version as version2_5_0_,
        organisaat0_.alkupvm as alkupvm3_5_0_,
        organisaat0_.domainnimi as domainni4_5_0_,
        organisaat0_.kotipaikka as kotipaik5_5_0_,
        organisaat0_.kuvaus_mkt as kuvaus_28_5_0_,
        organisaat0_.lakkautuspvm as lakkautu6_5_0_,
        organisaat0_.maa as maa7_5_0_,
        organisaat0_.metadata_id as metadat29_5_0_,
        organisaat0_.nimi_mkt as nimi_mk30_5_0_,
        organisaat0_.nimihaku as nimihaku8_5_0_,
        organisaat0_.oid as oid9_5_0_,
        organisaat0_.opetuspisteenjarjnro as opetusp10_5_0_,
        organisaat0_.oppilaitoskoodi as oppilai11_5_0_,
        organisaat0_.oppilaitos_tyyppi as oppilai12_5_0_,
        organisaat0_.organisaatio_poistettu as organis13_5_0_,
        organisaat0_.paivittaja as paivitt14_5_0_,
        organisaat0_.paivityspvm as paivity15_5_0_,
        organisaat0_.parentidpath as parenti16_5_0_,
        organisaat0_.parentoidpath as parento17_5_0_,
        organisaat0_.piilotettu as piilote18_5_0_,
        organisaat0_.tarkastus_pvm as tarkast19_5_0_,
        organisaat0_.toimipistekoodi as toimipi20_5_0_,
        organisaat0_.tuontipvm as tuontip21_5_0_,
        organisaat0_.varhaiskasvatuksen_toimipaikka_tiedot_id as varhais31_5_0_,
        organisaat0_.virastotunnus as virasto22_5_0_,
        organisaat0_.yhteishaunkoulukoodi as yhteish23_5_0_,
        organisaat0_.yritysmuoto as yritysm24_5_0_,
        organisaat0_.ytj_kieli as ytj_kie25_5_0_,
        organisaat0_.ytjpaivityspvm as ytjpaiv26_5_0_,
        organisaat0_.ytunnus as ytunnus27_5_0_ 
    from
        organisaatio organisaat0_ 
    where
        organisaat0_.id=?
2020-06-10 18:11:57.556 TRACE 55751 --- [    Test worker] o.h.type.descriptor.sql.BasicBinder      : binding parameter [1] as [BIGINT] - [4]
2020-06-10 18:11:57.556 TRACE 55751 --- [    Test worker] o.h.type.descriptor.sql.BasicExtractor   : extracted value ([version2_5_0_] : [BIGINT]) - [2]
2020-06-10 18:11:57.556 TRACE 55751 --- [    Test worker] o.h.type.descriptor.sql.BasicExtractor   : extracted value ([alkupvm3_5_0_] : [DATE]) - [null]
2020-06-10 18:11:57.556 TRACE 55751 --- [    Test worker] o.h.type.descriptor.sql.BasicExtractor   : extracted value ([domainni4_5_0_] : [VARCHAR]) - [null]
2020-06-10 18:11:57.556 TRACE 55751 --- [    Test worker] o.h.type.descriptor.sql.BasicExtractor   : extracted value ([kotipaik5_5_0_] : [VARCHAR]) - [Helsinki]
2020-06-10 18:11:57.556 TRACE 55751 --- [    Test worker] o.h.type.descriptor.sql.BasicExtractor   : extracted value ([kuvaus_28_5_0_] : [BIGINT]) - [null]
2020-06-10 18:11:57.556 TRACE 55751 --- [    Test worker] o.h.type.descriptor.sql.BasicExtractor   : extracted value ([lakkautu6_5_0_] : [DATE]) - [null]
2020-06-10 18:11:57.556 TRACE 55751 --- [    Test worker] o.h.type.descriptor.sql.BasicExtractor   : extracted value ([maa7_5_0_] : [VARCHAR]) - [null]
2020-06-10 18:11:57.556 TRACE 55751 --- [    Test worker] o.h.type.descriptor.sql.BasicExtractor   : extracted value ([metadat29_5_0_] : [BIGINT]) - [1]
2020-06-10 18:11:57.556 TRACE 55751 --- [    Test worker] o.h.type.descriptor.sql.BasicExtractor   : extracted value ([nimi_mk30_5_0_] : [BIGINT]) - [4]
2020-06-10 18:11:57.556 TRACE 55751 --- [    Test worker] o.h.type.descriptor.sql.BasicExtractor   : extracted value ([nimihaku8_5_0_] : [VARCHAR]) - [node2 foo]
2020-06-10 18:11:57.556 TRACE 55751 --- [    Test worker] o.h.type.descriptor.sql.BasicExtractor   : extracted value ([oid9_5_0_] : [VARCHAR]) - [1.2.2004.3]
2020-06-10 18:11:57.556 TRACE 55751 --- [    Test worker] o.h.type.descriptor.sql.BasicExtractor   : extracted value ([opetusp10_5_0_] : [VARCHAR]) - [2]
2020-06-10 18:11:57.556 TRACE 55751 --- [    Test worker] o.h.type.descriptor.sql.BasicExtractor   : extracted value ([oppilai11_5_0_] : [VARCHAR]) - [null]
2020-06-10 18:11:57.556 TRACE 55751 --- [    Test worker] o.h.type.descriptor.sql.BasicExtractor   : extracted value ([oppilai12_5_0_] : [VARCHAR]) - [oppilaitostyyppi_42#1]
2020-06-10 18:11:57.556 TRACE 55751 --- [    Test worker] o.h.type.descriptor.sql.BasicExtractor   : extracted value ([organis13_5_0_] : [BOOLEAN]) - [false]
2020-06-10 18:11:57.556 TRACE 55751 --- [    Test worker] o.h.type.descriptor.sql.BasicExtractor   : extracted value ([paivitt14_5_0_] : [VARCHAR]) - [null]
2020-06-10 18:11:57.556 TRACE 55751 --- [    Test worker] o.h.type.descriptor.sql.BasicExtractor   : extracted value ([paivity15_5_0_] : [TIMESTAMP]) - [null]
2020-06-10 18:11:57.556 TRACE 55751 --- [    Test worker] o.h.type.descriptor.sql.BasicExtractor   : extracted value ([parenti16_5_0_] : [VARCHAR]) - [|1|2|]
2020-06-10 18:11:57.556 TRACE 55751 --- [    Test worker] o.h.type.descriptor.sql.BasicExtractor   : extracted value ([parento17_5_0_] : [VARCHAR]) - [|1.2.246.562.24.00000000001|1.2.2004.1|]
2020-06-10 18:11:57.556 TRACE 55751 --- [    Test worker] o.h.type.descriptor.sql.BasicExtractor   : extracted value ([piilote18_5_0_] : [BOOLEAN]) - [false]
2020-06-10 18:11:57.556 TRACE 55751 --- [    Test worker] o.h.type.descriptor.sql.BasicExtractor   : extracted value ([tarkast19_5_0_] : [TIMESTAMP]) - [null]
2020-06-10 18:11:57.557 TRACE 55751 --- [    Test worker] o.h.type.descriptor.sql.BasicExtractor   : extracted value ([toimipi20_5_0_] : [VARCHAR]) - [123452]
2020-06-10 18:11:57.557 TRACE 55751 --- [    Test worker] o.h.type.descriptor.sql.BasicExtractor   : extracted value ([tuontip21_5_0_] : [TIMESTAMP]) - [null]
2020-06-10 18:11:57.557 TRACE 55751 --- [    Test worker] o.h.type.descriptor.sql.BasicExtractor   : extracted value ([varhais31_5_0_] : [BIGINT]) - [null]
2020-06-10 18:11:57.557 TRACE 55751 --- [    Test worker] o.h.type.descriptor.sql.BasicExtractor   : extracted value ([virasto22_5_0_] : [VARCHAR]) - [null]
2020-06-10 18:11:57.557 TRACE 55751 --- [    Test worker] o.h.type.descriptor.sql.BasicExtractor   : extracted value ([yhteish23_5_0_] : [VARCHAR]) - [null]
2020-06-10 18:11:57.557 TRACE 55751 --- [    Test worker] o.h.type.descriptor.sql.BasicExtractor   : extracted value ([yritysm24_5_0_] : [VARCHAR]) - [oy]
2020-06-10 18:11:57.557 TRACE 55751 --- [    Test worker] o.h.type.descriptor.sql.BasicExtractor   : extracted value ([ytj_kie25_5_0_] : [VARCHAR]) - [null]
2020-06-10 18:11:57.557 TRACE 55751 --- [    Test worker] o.h.type.descriptor.sql.BasicExtractor   : extracted value ([ytjpaiv26_5_0_] : [DATE]) - [null]
2020-06-10 18:11:57.557 TRACE 55751 --- [    Test worker] o.h.type.descriptor.sql.BasicExtractor   : extracted value ([ytunnus27_5_0_] : [VARCHAR]) - [1234567-3]
2020-06-10 18:11:57.557 TRACE 55751 --- [    Test worker] org.hibernate.type.CollectionType        : Created collection wrapper: [fi.vm.sade.organisaatio.model.Organisaatio.childSuhteet#4]
2020-06-10 18:11:57.557 TRACE 55751 --- [    Test worker] org.hibernate.type.CollectionType        : Created collection wrapper: [fi.vm.sade.organisaatio.model.Organisaatio.kayttoryhmat#4]
2020-06-10 18:11:57.557 TRACE 55751 --- [    Test worker] org.hibernate.type.CollectionType        : Created collection wrapper: [fi.vm.sade.organisaatio.model.Organisaatio.kielet#4]
2020-06-10 18:11:57.557 TRACE 55751 --- [    Test worker] org.hibernate.type.CollectionType        : Created collection wrapper: [fi.vm.sade.organisaatio.model.Organisaatio.muutKotipaikatUris#4]
2020-06-10 18:11:57.557 TRACE 55751 --- [    Test worker] org.hibernate.type.CollectionType        : Created collection wrapper: [fi.vm.sade.organisaatio.model.Organisaatio.muutOppilaitosTyyppiUris#4]
2020-06-10 18:11:57.557 TRACE 55751 --- [    Test worker] org.hibernate.type.CollectionType        : Created collection wrapper: [fi.vm.sade.organisaatio.model.Organisaatio.nimet#4]
2020-06-10 18:11:57.557 TRACE 55751 --- [    Test worker] org.hibernate.type.CollectionType        : Created collection wrapper: [fi.vm.sade.organisaatio.model.Organisaatio.organisaatioLisatietotyypit#4]
2020-06-10 18:11:57.557 TRACE 55751 --- [    Test worker] org.hibernate.type.CollectionType        : Created collection wrapper: [fi.vm.sade.organisaatio.model.Organisaatio.parentSuhteet#4]
2020-06-10 18:11:57.557 TRACE 55751 --- [    Test worker] org.hibernate.type.CollectionType        : Created collection wrapper: [fi.vm.sade.organisaatio.model.Organisaatio.ryhmatyypit#4]
2020-06-10 18:11:57.557 TRACE 55751 --- [    Test worker] org.hibernate.type.CollectionType        : Created collection wrapper: [fi.vm.sade.organisaatio.model.Organisaatio.tyypit#4]
2020-06-10 18:11:57.557 TRACE 55751 --- [    Test worker] org.hibernate.type.CollectionType        : Created collection wrapper: [fi.vm.sade.organisaatio.model.Organisaatio.vuosiluokat#4]
2020-06-10 18:11:57.557 TRACE 55751 --- [    Test worker] org.hibernate.type.CollectionType        : Created collection wrapper: [fi.vm.sade.organisaatio.model.Organisaatio.yhteystiedot#4]
2020-06-10 18:11:57.557 TRACE 55751 --- [    Test worker] org.hibernate.type.CollectionType        : Created collection wrapper: [fi.vm.sade.organisaatio.model.Organisaatio.yhteystietoArvos#4]
Hibernate: 
    select
        childsuhte0_.parent_id as parent_i8_19_0_,
        childsuhte0_.id as id1_19_0_,
        childsuhte0_.id as id1_19_1_,
        childsuhte0_.version as version2_19_1_,
        childsuhte0_.alkupvm as alkupvm3_19_1_,
        childsuhte0_.child_id as child_id7_19_1_,
        childsuhte0_.loppupvm as loppupvm4_19_1_,
        childsuhte0_.opetuspisteenjarjnro as opetuspi5_19_1_,
        childsuhte0_.parent_id as parent_i8_19_1_,
        childsuhte0_.suhdetyyppi as suhdetyy6_19_1_ 
    from
        organisaatiosuhde childsuhte0_ 
    where
        childsuhte0_.parent_id=?
2020-06-10 18:11:57.558 TRACE 55751 --- [    Test worker] o.h.type.descriptor.sql.BasicBinder      : binding parameter [1] as [BIGINT] - [3]
Hibernate: 
    select
        childsuhte0_.parent_id as parent_i8_19_0_,
        childsuhte0_.id as id1_19_0_,
        childsuhte0_.id as id1_19_1_,
        childsuhte0_.version as version2_19_1_,
        childsuhte0_.alkupvm as alkupvm3_19_1_,
        childsuhte0_.child_id as child_id7_19_1_,
        childsuhte0_.loppupvm as loppupvm4_19_1_,
        childsuhte0_.opetuspisteenjarjnro as opetuspi5_19_1_,
        childsuhte0_.parent_id as parent_i8_19_1_,
        childsuhte0_.suhdetyyppi as suhdetyy6_19_1_ 
    from
        organisaatiosuhde childsuhte0_ 
    where
        childsuhte0_.parent_id=?
2020-06-10 18:11:57.558 TRACE 55751 --- [    Test worker] o.h.type.descriptor.sql.BasicBinder      : binding parameter [1] as [BIGINT] - [4]
2020-06-10 18:11:57.558 TRACE 55751 --- [    Test worker] o.h.type.descriptor.sql.BasicExtractor   : extracted value ([id1_19_1_] : [BIGINT]) - [4]
2020-06-10 18:11:57.558 TRACE 55751 --- [    Test worker] o.h.type.descriptor.sql.BasicExtractor   : extracted value ([version2_19_1_] : [BIGINT]) - [0]
2020-06-10 18:11:57.558 TRACE 55751 --- [    Test worker] o.h.type.descriptor.sql.BasicExtractor   : extracted value ([alkupvm3_19_1_] : [DATE]) - [2014-12-02]
2020-06-10 18:11:57.558 TRACE 55751 --- [    Test worker] o.h.type.descriptor.sql.BasicExtractor   : extracted value ([child_id7_19_1_] : [BIGINT]) - [5]
2020-06-10 18:11:57.558 TRACE 55751 --- [    Test worker] o.h.type.descriptor.sql.BasicExtractor   : extracted value ([loppupvm4_19_1_] : [DATE]) - [null]
2020-06-10 18:11:57.558 TRACE 55751 --- [    Test worker] o.h.type.descriptor.sql.BasicExtractor   : extracted value ([opetuspi5_19_1_] : [VARCHAR]) - [null]
2020-06-10 18:11:57.558 TRACE 55751 --- [    Test worker] o.h.type.descriptor.sql.BasicExtractor   : extracted value ([parent_i8_19_1_] : [BIGINT]) - [4]
2020-06-10 18:11:57.558 TRACE 55751 --- [    Test worker] o.h.type.descriptor.sql.BasicExtractor   : extracted value ([suhdetyy6_19_1_] : [VARCHAR]) - [HISTORIA]
2020-06-10 18:11:57.558 TRACE 55751 --- [    Test worker] o.h.type.descriptor.sql.BasicExtractor   : extracted value ([parent_i8_19_0_] : [BIGINT]) - [4]
2020-06-10 18:11:57.558 TRACE 55751 --- [    Test worker] o.h.type.descriptor.sql.BasicExtractor   : extracted value ([id1_19_0_] : [BIGINT]) - [4]
2020-06-10 18:11:57.558 TRACE 55751 --- [    Test worker] o.h.type.descriptor.sql.BasicExtractor   : extracted value ([id1_19_1_] : [BIGINT]) - [5]
2020-06-10 18:11:57.558 TRACE 55751 --- [    Test worker] o.h.type.descriptor.sql.BasicExtractor   : extracted value ([version2_19_1_] : [BIGINT]) - [0]
2020-06-10 18:11:57.558 TRACE 55751 --- [    Test worker] o.h.type.descriptor.sql.BasicExtractor   : extracted value ([alkupvm3_19_1_] : [DATE]) - [2014-12-02]
2020-06-10 18:11:57.558 TRACE 55751 --- [    Test worker] o.h.type.descriptor.sql.BasicExtractor   : extracted value ([child_id7_19_1_] : [BIGINT]) - [6]
2020-06-10 18:11:57.558 TRACE 55751 --- [    Test worker] o.h.type.descriptor.sql.BasicExtractor   : extracted value ([loppupvm4_19_1_] : [DATE]) - [null]
2020-06-10 18:11:57.558 TRACE 55751 --- [    Test worker] o.h.type.descriptor.sql.BasicExtractor   : extracted value ([opetuspi5_19_1_] : [VARCHAR]) - [null]
2020-06-10 18:11:57.558 TRACE 55751 --- [    Test worker] o.h.type.descriptor.sql.BasicExtractor   : extracted value ([parent_i8_19_1_] : [BIGINT]) - [4]
2020-06-10 18:11:57.558 TRACE 55751 --- [    Test worker] o.h.type.descriptor.sql.BasicExtractor   : extracted value ([suhdetyy6_19_1_] : [VARCHAR]) - [HISTORIA]
2020-06-10 18:11:57.558 TRACE 55751 --- [    Test worker] o.h.type.descriptor.sql.BasicExtractor   : extracted value ([parent_i8_19_0_] : [BIGINT]) - [4]
2020-06-10 18:11:57.558 TRACE 55751 --- [    Test worker] o.h.type.descriptor.sql.BasicExtractor   : extracted value ([id1_19_0_] : [BIGINT]) - [5]
Hibernate: 
    select
        organisaat0_.id as id1_5_0_,
        organisaat0_.version as version2_5_0_,
        organisaat0_.alkupvm as alkupvm3_5_0_,
        organisaat0_.domainnimi as domainni4_5_0_,
        organisaat0_.kotipaikka as kotipaik5_5_0_,
        organisaat0_.kuvaus_mkt as kuvaus_28_5_0_,
        organisaat0_.lakkautuspvm as lakkautu6_5_0_,
        organisaat0_.maa as maa7_5_0_,
        organisaat0_.metadata_id as metadat29_5_0_,
        organisaat0_.nimi_mkt as nimi_mk30_5_0_,
        organisaat0_.nimihaku as nimihaku8_5_0_,
        organisaat0_.oid as oid9_5_0_,
        organisaat0_.opetuspisteenjarjnro as opetusp10_5_0_,
        organisaat0_.oppilaitoskoodi as oppilai11_5_0_,
        organisaat0_.oppilaitos_tyyppi as oppilai12_5_0_,
        organisaat0_.organisaatio_poistettu as organis13_5_0_,
        organisaat0_.paivittaja as paivitt14_5_0_,
        organisaat0_.paivityspvm as paivity15_5_0_,
        organisaat0_.parentidpath as parenti16_5_0_,
        organisaat0_.parentoidpath as parento17_5_0_,
        organisaat0_.piilotettu as piilote18_5_0_,
        organisaat0_.tarkastus_pvm as tarkast19_5_0_,
        organisaat0_.toimipistekoodi as toimipi20_5_0_,
        organisaat0_.tuontipvm as tuontip21_5_0_,
        organisaat0_.varhaiskasvatuksen_toimipaikka_tiedot_id as varhais31_5_0_,
        organisaat0_.virastotunnus as virasto22_5_0_,
        organisaat0_.yhteishaunkoulukoodi as yhteish23_5_0_,
        organisaat0_.yritysmuoto as yritysm24_5_0_,
        organisaat0_.ytj_kieli as ytj_kie25_5_0_,
        organisaat0_.ytjpaivityspvm as ytjpaiv26_5_0_,
        organisaat0_.ytunnus as ytunnus27_5_0_ 
    from
        organisaatio organisaat0_ 
    where
        organisaat0_.id=?
2020-06-10 18:11:57.559 TRACE 55751 --- [    Test worker] o.h.type.descriptor.sql.BasicBinder      : binding parameter [1] as [BIGINT] - [5]
2020-06-10 18:11:57.559 TRACE 55751 --- [    Test worker] o.h.type.descriptor.sql.BasicExtractor   : extracted value ([version2_5_0_] : [BIGINT]) - [2]
2020-06-10 18:11:57.559 TRACE 55751 --- [    Test worker] o.h.type.descriptor.sql.BasicExtractor   : extracted value ([alkupvm3_5_0_] : [DATE]) - [null]
2020-06-10 18:11:57.559 TRACE 55751 --- [    Test worker] o.h.type.descriptor.sql.BasicExtractor   : extracted value ([domainni4_5_0_] : [VARCHAR]) - [null]
2020-06-10 18:11:57.559 TRACE 55751 --- [    Test worker] o.h.type.descriptor.sql.BasicExtractor   : extracted value ([kotipaik5_5_0_] : [VARCHAR]) - [Helsinki]
2020-06-10 18:11:57.559 TRACE 55751 --- [    Test worker] o.h.type.descriptor.sql.BasicExtractor   : extracted value ([kuvaus_28_5_0_] : [BIGINT]) - [null]
2020-06-10 18:11:57.559 TRACE 55751 --- [    Test worker] o.h.type.descriptor.sql.BasicExtractor   : extracted value ([lakkautu6_5_0_] : [DATE]) - [null]
2020-06-10 18:11:57.559 TRACE 55751 --- [    Test worker] o.h.type.descriptor.sql.BasicExtractor   : extracted value ([maa7_5_0_] : [VARCHAR]) - [null]
2020-06-10 18:11:57.559 TRACE 55751 --- [    Test worker] o.h.type.descriptor.sql.BasicExtractor   : extracted value ([metadat29_5_0_] : [BIGINT]) - [null]
2020-06-10 18:11:57.559 TRACE 55751 --- [    Test worker] o.h.type.descriptor.sql.BasicExtractor   : extracted value ([nimi_mk30_5_0_] : [BIGINT]) - [5]
2020-06-10 18:11:57.559 TRACE 55751 --- [    Test worker] o.h.type.descriptor.sql.BasicExtractor   : extracted value ([nimihaku8_5_0_] : [VARCHAR]) - [node22 foo bar]
2020-06-10 18:11:57.559 TRACE 55751 --- [    Test worker] o.h.type.descriptor.sql.BasicExtractor   : extracted value ([oid9_5_0_] : [VARCHAR]) - [1.2.2004.4]
2020-06-10 18:11:57.559 TRACE 55751 --- [    Test worker] o.h.type.descriptor.sql.BasicExtractor   : extracted value ([opetusp10_5_0_] : [VARCHAR]) - [null]
2020-06-10 18:11:57.559 TRACE 55751 --- [    Test worker] o.h.type.descriptor.sql.BasicExtractor   : extracted value ([oppilai11_5_0_] : [VARCHAR]) - [null]
2020-06-10 18:11:57.559 TRACE 55751 --- [    Test worker] o.h.type.descriptor.sql.BasicExtractor   : extracted value ([oppilai12_5_0_] : [VARCHAR]) - [oppilaitostyyppi_42#1]
2020-06-10 18:11:57.559 TRACE 55751 --- [    Test worker] o.h.type.descriptor.sql.BasicExtractor   : extracted value ([organis13_5_0_] : [BOOLEAN]) - [false]
2020-06-10 18:11:57.559 TRACE 55751 --- [    Test worker] o.h.type.descriptor.sql.BasicExtractor   : extracted value ([paivitt14_5_0_] : [VARCHAR]) - [null]
2020-06-10 18:11:57.559 TRACE 55751 --- [    Test worker] o.h.type.descriptor.sql.BasicExtractor   : extracted value ([paivity15_5_0_] : [TIMESTAMP]) - [null]
2020-06-10 18:11:57.559 TRACE 55751 --- [    Test worker] o.h.type.descriptor.sql.BasicExtractor   : extracted value ([parenti16_5_0_] : [VARCHAR]) - [|1|2|4|]
2020-06-10 18:11:57.559 TRACE 55751 --- [    Test worker] o.h.type.descriptor.sql.BasicExtractor   : extracted value ([parento17_5_0_] : [VARCHAR]) - [|1.2.246.562.24.00000000001|1.2.2004.1|1.2.2004.3|]
2020-06-10 18:11:57.559 TRACE 55751 --- [    Test worker] o.h.type.descriptor.sql.BasicExtractor   : extracted value ([piilote18_5_0_] : [BOOLEAN]) - [false]
2020-06-10 18:11:57.559 TRACE 55751 --- [    Test worker] o.h.type.descriptor.sql.BasicExtractor   : extracted value ([tarkast19_5_0_] : [TIMESTAMP]) - [null]
2020-06-10 18:11:57.559 TRACE 55751 --- [    Test worker] o.h.type.descriptor.sql.BasicExtractor   : extracted value ([toimipi20_5_0_] : [VARCHAR]) - [null]
2020-06-10 18:11:57.559 TRACE 55751 --- [    Test worker] o.h.type.descriptor.sql.BasicExtractor   : extracted value ([tuontip21_5_0_] : [TIMESTAMP]) - [null]
2020-06-10 18:11:57.559 TRACE 55751 --- [    Test worker] o.h.type.descriptor.sql.BasicExtractor   : extracted value ([varhais31_5_0_] : [BIGINT]) - [null]
2020-06-10 18:11:57.560 TRACE 55751 --- [    Test worker] o.h.type.descriptor.sql.BasicExtractor   : extracted value ([virasto22_5_0_] : [VARCHAR]) - [null]
2020-06-10 18:11:57.560 TRACE 55751 --- [    Test worker] o.h.type.descriptor.sql.BasicExtractor   : extracted value ([yhteish23_5_0_] : [VARCHAR]) - [null]
2020-06-10 18:11:57.560 TRACE 55751 --- [    Test worker] o.h.type.descriptor.sql.BasicExtractor   : extracted value ([yritysm24_5_0_] : [VARCHAR]) - [oy]
2020-06-10 18:11:57.560 TRACE 55751 --- [    Test worker] o.h.type.descriptor.sql.BasicExtractor   : extracted value ([ytj_kie25_5_0_] : [VARCHAR]) - [null]
2020-06-10 18:11:57.560 TRACE 55751 --- [    Test worker] o.h.type.descriptor.sql.BasicExtractor   : extracted value ([ytjpaiv26_5_0_] : [DATE]) - [null]
2020-06-10 18:11:57.560 TRACE 55751 --- [    Test worker] o.h.type.descriptor.sql.BasicExtractor   : extracted value ([ytunnus27_5_0_] : [VARCHAR]) - [1234567-4]
2020-06-10 18:11:57.560 TRACE 55751 --- [    Test worker] org.hibernate.type.CollectionType        : Created collection wrapper: [fi.vm.sade.organisaatio.model.Organisaatio.childSuhteet#5]
2020-06-10 18:11:57.560 TRACE 55751 --- [    Test worker] org.hibernate.type.CollectionType        : Created collection wrapper: [fi.vm.sade.organisaatio.model.Organisaatio.kayttoryhmat#5]
2020-06-10 18:11:57.560 TRACE 55751 --- [    Test worker] org.hibernate.type.CollectionType        : Created collection wrapper: [fi.vm.sade.organisaatio.model.Organisaatio.kielet#5]
2020-06-10 18:11:57.560 TRACE 55751 --- [    Test worker] org.hibernate.type.CollectionType        : Created collection wrapper: [fi.vm.sade.organisaatio.model.Organisaatio.muutKotipaikatUris#5]
2020-06-10 18:11:57.560 TRACE 55751 --- [    Test worker] org.hibernate.type.CollectionType        : Created collection wrapper: [fi.vm.sade.organisaatio.model.Organisaatio.muutOppilaitosTyyppiUris#5]
2020-06-10 18:11:57.560 TRACE 55751 --- [    Test worker] org.hibernate.type.CollectionType        : Created collection wrapper: [fi.vm.sade.organisaatio.model.Organisaatio.nimet#5]
2020-06-10 18:11:57.560 TRACE 55751 --- [    Test worker] org.hibernate.type.CollectionType        : Created collection wrapper: [fi.vm.sade.organisaatio.model.Organisaatio.organisaatioLisatietotyypit#5]
2020-06-10 18:11:57.560 TRACE 55751 --- [    Test worker] org.hibernate.type.CollectionType        : Created collection wrapper: [fi.vm.sade.organisaatio.model.Organisaatio.parentSuhteet#5]
2020-06-10 18:11:57.560 TRACE 55751 --- [    Test worker] org.hibernate.type.CollectionType        : Created collection wrapper: [fi.vm.sade.organisaatio.model.Organisaatio.ryhmatyypit#5]
2020-06-10 18:11:57.560 TRACE 55751 --- [    Test worker] org.hibernate.type.CollectionType        : Created collection wrapper: [fi.vm.sade.organisaatio.model.Organisaatio.tyypit#5]
2020-06-10 18:11:57.560 TRACE 55751 --- [    Test worker] org.hibernate.type.CollectionType        : Created collection wrapper: [fi.vm.sade.organisaatio.model.Organisaatio.vuosiluokat#5]
2020-06-10 18:11:57.560 TRACE 55751 --- [    Test worker] org.hibernate.type.CollectionType        : Created collection wrapper: [fi.vm.sade.organisaatio.model.Organisaatio.yhteystiedot#5]
2020-06-10 18:11:57.560 TRACE 55751 --- [    Test worker] org.hibernate.type.CollectionType        : Created collection wrapper: [fi.vm.sade.organisaatio.model.Organisaatio.yhteystietoArvos#5]
Hibernate: 
    select
        organisaat0_.id as id1_5_0_,
        organisaat0_.version as version2_5_0_,
        organisaat0_.alkupvm as alkupvm3_5_0_,
        organisaat0_.domainnimi as domainni4_5_0_,
        organisaat0_.kotipaikka as kotipaik5_5_0_,
        organisaat0_.kuvaus_mkt as kuvaus_28_5_0_,
        organisaat0_.lakkautuspvm as lakkautu6_5_0_,
        organisaat0_.maa as maa7_5_0_,
        organisaat0_.metadata_id as metadat29_5_0_,
        organisaat0_.nimi_mkt as nimi_mk30_5_0_,
        organisaat0_.nimihaku as nimihaku8_5_0_,
        organisaat0_.oid as oid9_5_0_,
        organisaat0_.opetuspisteenjarjnro as opetusp10_5_0_,
        organisaat0_.oppilaitoskoodi as oppilai11_5_0_,
        organisaat0_.oppilaitos_tyyppi as oppilai12_5_0_,
        organisaat0_.organisaatio_poistettu as organis13_5_0_,
        organisaat0_.paivittaja as paivitt14_5_0_,
        organisaat0_.paivityspvm as paivity15_5_0_,
        organisaat0_.parentidpath as parenti16_5_0_,
        organisaat0_.parentoidpath as parento17_5_0_,
        organisaat0_.piilotettu as piilote18_5_0_,
        organisaat0_.tarkastus_pvm as tarkast19_5_0_,
        organisaat0_.toimipistekoodi as toimipi20_5_0_,
        organisaat0_.tuontipvm as tuontip21_5_0_,
        organisaat0_.varhaiskasvatuksen_toimipaikka_tiedot_id as varhais31_5_0_,
        organisaat0_.virastotunnus as virasto22_5_0_,
        organisaat0_.yhteishaunkoulukoodi as yhteish23_5_0_,
        organisaat0_.yritysmuoto as yritysm24_5_0_,
        organisaat0_.ytj_kieli as ytj_kie25_5_0_,
        organisaat0_.ytjpaivityspvm as ytjpaiv26_5_0_,
        organisaat0_.ytunnus as ytunnus27_5_0_ 
    from
        organisaatio organisaat0_ 
    where
        organisaat0_.id=?
2020-06-10 18:11:57.560 TRACE 55751 --- [    Test worker] o.h.type.descriptor.sql.BasicBinder      : binding parameter [1] as [BIGINT] - [6]
2020-06-10 18:11:57.560 TRACE 55751 --- [    Test worker] o.h.type.descriptor.sql.BasicExtractor   : extracted value ([version2_5_0_] : [BIGINT]) - [2]
2020-06-10 18:11:57.560 TRACE 55751 --- [    Test worker] o.h.type.descriptor.sql.BasicExtractor   : extracted value ([alkupvm3_5_0_] : [DATE]) - [2010-08-29]
2020-06-10 18:11:57.560 TRACE 55751 --- [    Test worker] o.h.type.descriptor.sql.BasicExtractor   : extracted value ([domainni4_5_0_] : [VARCHAR]) - [null]
2020-06-10 18:11:57.560 TRACE 55751 --- [    Test worker] o.h.type.descriptor.sql.BasicExtractor   : extracted value ([kotipaik5_5_0_] : [VARCHAR]) - [Helsinki]
2020-06-10 18:11:57.560 TRACE 55751 --- [    Test worker] o.h.type.descriptor.sql.BasicExtractor   : extracted value ([kuvaus_28_5_0_] : [BIGINT]) - [null]
2020-06-10 18:11:57.560 TRACE 55751 --- [    Test worker] o.h.type.descriptor.sql.BasicExtractor   : extracted value ([lakkautu6_5_0_] : [DATE]) - [null]
2020-06-10 18:11:57.561 TRACE 55751 --- [    Test worker] o.h.type.descriptor.sql.BasicExtractor   : extracted value ([maa7_5_0_] : [VARCHAR]) - [null]
2020-06-10 18:11:57.561 TRACE 55751 --- [    Test worker] o.h.type.descriptor.sql.BasicExtractor   : extracted value ([metadat29_5_0_] : [BIGINT]) - [null]
2020-06-10 18:11:57.561 TRACE 55751 --- [    Test worker] o.h.type.descriptor.sql.BasicExtractor   : extracted value ([nimi_mk30_5_0_] : [BIGINT]) - [6]
2020-06-10 18:11:57.561 TRACE 55751 --- [    Test worker] o.h.type.descriptor.sql.BasicExtractor   : extracted value ([nimihaku8_5_0_] : [VARCHAR]) - [node23 foo bar]
2020-06-10 18:11:57.561 TRACE 55751 --- [    Test worker] o.h.type.descriptor.sql.BasicExtractor   : extracted value ([oid9_5_0_] : [VARCHAR]) - [1.2.2005.4]
2020-06-10 18:11:57.561 TRACE 55751 --- [    Test worker] o.h.type.descriptor.sql.BasicExtractor   : extracted value ([opetusp10_5_0_] : [VARCHAR]) - [null]
2020-06-10 18:11:57.561 TRACE 55751 --- [    Test worker] o.h.type.descriptor.sql.BasicExtractor   : extracted value ([oppilai11_5_0_] : [VARCHAR]) - [null]
2020-06-10 18:11:57.561 TRACE 55751 --- [    Test worker] o.h.type.descriptor.sql.BasicExtractor   : extracted value ([oppilai12_5_0_] : [VARCHAR]) - [oppilaitostyyppi_42#1]
2020-06-10 18:11:57.561 TRACE 55751 --- [    Test worker] o.h.type.descriptor.sql.BasicExtractor   : extracted value ([organis13_5_0_] : [BOOLEAN]) - [false]
2020-06-10 18:11:57.561 TRACE 55751 --- [    Test worker] o.h.type.descriptor.sql.BasicExtractor   : extracted value ([paivitt14_5_0_] : [VARCHAR]) - [null]
2020-06-10 18:11:57.561 TRACE 55751 --- [    Test worker] o.h.type.descriptor.sql.BasicExtractor   : extracted value ([paivity15_5_0_] : [TIMESTAMP]) - [null]
2020-06-10 18:11:57.561 TRACE 55751 --- [    Test worker] o.h.type.descriptor.sql.BasicExtractor   : extracted value ([parenti16_5_0_] : [VARCHAR]) - [|1|2|4|]
2020-06-10 18:11:57.561 TRACE 55751 --- [    Test worker] o.h.type.descriptor.sql.BasicExtractor   : extracted value ([parento17_5_0_] : [VARCHAR]) - [|1.2.246.562.24.00000000001|1.2.2004.1|1.2.2004.3|]
2020-06-10 18:11:57.561 TRACE 55751 --- [    Test worker] o.h.type.descriptor.sql.BasicExtractor   : extracted value ([piilote18_5_0_] : [BOOLEAN]) - [false]
2020-06-10 18:11:57.561 TRACE 55751 --- [    Test worker] o.h.type.descriptor.sql.BasicExtractor   : extracted value ([tarkast19_5_0_] : [TIMESTAMP]) - [null]
2020-06-10 18:11:57.561 TRACE 55751 --- [    Test worker] o.h.type.descriptor.sql.BasicExtractor   : extracted value ([toimipi20_5_0_] : [VARCHAR]) - [null]
2020-06-10 18:11:57.561 TRACE 55751 --- [    Test worker] o.h.type.descriptor.sql.BasicExtractor   : extracted value ([tuontip21_5_0_] : [TIMESTAMP]) - [null]
2020-06-10 18:11:57.561 TRACE 55751 --- [    Test worker] o.h.type.descriptor.sql.BasicExtractor   : extracted value ([varhais31_5_0_] : [BIGINT]) - [null]
2020-06-10 18:11:57.561 TRACE 55751 --- [    Test worker] o.h.type.descriptor.sql.BasicExtractor   : extracted value ([virasto22_5_0_] : [VARCHAR]) - [null]
2020-06-10 18:11:57.561 TRACE 55751 --- [    Test worker] o.h.type.descriptor.sql.BasicExtractor   : extracted value ([yhteish23_5_0_] : [VARCHAR]) - [null]
2020-06-10 18:11:57.561 TRACE 55751 --- [    Test worker] o.h.type.descriptor.sql.BasicExtractor   : extracted value ([yritysm24_5_0_] : [VARCHAR]) - [oy]
2020-06-10 18:11:57.561 TRACE 55751 --- [    Test worker] o.h.type.descriptor.sql.BasicExtractor   : extracted value ([ytj_kie25_5_0_] : [VARCHAR]) - [null]
2020-06-10 18:11:57.561 TRACE 55751 --- [    Test worker] o.h.type.descriptor.sql.BasicExtractor   : extracted value ([ytjpaiv26_5_0_] : [DATE]) - [null]
2020-06-10 18:11:57.561 TRACE 55751 --- [    Test worker] o.h.type.descriptor.sql.BasicExtractor   : extracted value ([ytunnus27_5_0_] : [VARCHAR]) - [1234568-4]
2020-06-10 18:11:57.561 TRACE 55751 --- [    Test worker] org.hibernate.type.CollectionType        : Created collection wrapper: [fi.vm.sade.organisaatio.model.Organisaatio.childSuhteet#6]
2020-06-10 18:11:57.561 TRACE 55751 --- [    Test worker] org.hibernate.type.CollectionType        : Created collection wrapper: [fi.vm.sade.organisaatio.model.Organisaatio.kayttoryhmat#6]
2020-06-10 18:11:57.561 TRACE 55751 --- [    Test worker] org.hibernate.type.CollectionType        : Created collection wrapper: [fi.vm.sade.organisaatio.model.Organisaatio.kielet#6]
2020-06-10 18:11:57.561 TRACE 55751 --- [    Test worker] org.hibernate.type.CollectionType        : Created collection wrapper: [fi.vm.sade.organisaatio.model.Organisaatio.muutKotipaikatUris#6]
2020-06-10 18:11:57.561 TRACE 55751 --- [    Test worker] org.hibernate.type.CollectionType        : Created collection wrapper: [fi.vm.sade.organisaatio.model.Organisaatio.muutOppilaitosTyyppiUris#6]
2020-06-10 18:11:57.561 TRACE 55751 --- [    Test worker] org.hibernate.type.CollectionType        : Created collection wrapper: [fi.vm.sade.organisaatio.model.Organisaatio.nimet#6]
2020-06-10 18:11:57.561 TRACE 55751 --- [    Test worker] org.hibernate.type.CollectionType        : Created collection wrapper: [fi.vm.sade.organisaatio.model.Organisaatio.organisaatioLisatietotyypit#6]
2020-06-10 18:11:57.561 TRACE 55751 --- [    Test worker] org.hibernate.type.CollectionType        : Created collection wrapper: [fi.vm.sade.organisaatio.model.Organisaatio.parentSuhteet#6]
2020-06-10 18:11:57.561 TRACE 55751 --- [    Test worker] org.hibernate.type.CollectionType        : Created collection wrapper: [fi.vm.sade.organisaatio.model.Organisaatio.ryhmatyypit#6]
2020-06-10 18:11:57.561 TRACE 55751 --- [    Test worker] org.hibernate.type.CollectionType        : Created collection wrapper: [fi.vm.sade.organisaatio.model.Organisaatio.tyypit#6]
2020-06-10 18:11:57.562 TRACE 55751 --- [    Test worker] org.hibernate.type.CollectionType        : Created collection wrapper: [fi.vm.sade.organisaatio.model.Organisaatio.vuosiluokat#6]
2020-06-10 18:11:57.562 TRACE 55751 --- [    Test worker] org.hibernate.type.CollectionType        : Created collection wrapper: [fi.vm.sade.organisaatio.model.Organisaatio.yhteystiedot#6]
2020-06-10 18:11:57.562 TRACE 55751 --- [    Test worker] org.hibernate.type.CollectionType        : Created collection wrapper: [fi.vm.sade.organisaatio.model.Organisaatio.yhteystietoArvos#6]
Hibernate: 
    select
        childsuhte0_.parent_id as parent_i8_19_0_,
        childsuhte0_.id as id1_19_0_,
        childsuhte0_.id as id1_19_1_,
        childsuhte0_.version as version2_19_1_,
        childsuhte0_.alkupvm as alkupvm3_19_1_,
        childsuhte0_.child_id as child_id7_19_1_,
        childsuhte0_.loppupvm as loppupvm4_19_1_,
        childsuhte0_.opetuspisteenjarjnro as opetuspi5_19_1_,
        childsuhte0_.parent_id as parent_i8_19_1_,
        childsuhte0_.suhdetyyppi as suhdetyy6_19_1_ 
    from
        organisaatiosuhde childsuhte0_ 
    where
        childsuhte0_.parent_id=?
2020-06-10 18:11:57.562 TRACE 55751 --- [    Test worker] o.h.type.descriptor.sql.BasicBinder      : binding parameter [1] as [BIGINT] - [5]
2020-06-10 18:11:57.562 TRACE 55751 --- [    Test worker] o.h.type.descriptor.sql.BasicExtractor   : extracted value ([id1_19_1_] : [BIGINT]) - [8]
2020-06-10 18:11:57.562 TRACE 55751 --- [    Test worker] o.h.type.descriptor.sql.BasicExtractor   : extracted value ([version2_19_1_] : [BIGINT]) - [0]
2020-06-10 18:11:57.562 TRACE 55751 --- [    Test worker] o.h.type.descriptor.sql.BasicExtractor   : extracted value ([alkupvm3_19_1_] : [DATE]) - [2014-12-02]
2020-06-10 18:11:57.562 TRACE 55751 --- [    Test worker] o.h.type.descriptor.sql.BasicExtractor   : extracted value ([child_id7_19_1_] : [BIGINT]) - [9]
2020-06-10 18:11:57.562 TRACE 55751 --- [    Test worker] o.h.type.descriptor.sql.BasicExtractor   : extracted value ([loppupvm4_19_1_] : [DATE]) - [null]
2020-06-10 18:11:57.562 TRACE 55751 --- [    Test worker] o.h.type.descriptor.sql.BasicExtractor   : extracted value ([opetuspi5_19_1_] : [VARCHAR]) - [null]
2020-06-10 18:11:57.562 TRACE 55751 --- [    Test worker] o.h.type.descriptor.sql.BasicExtractor   : extracted value ([parent_i8_19_1_] : [BIGINT]) - [5]
2020-06-10 18:11:57.562 TRACE 55751 --- [    Test worker] o.h.type.descriptor.sql.BasicExtractor   : extracted value ([suhdetyy6_19_1_] : [VARCHAR]) - [HISTORIA]
2020-06-10 18:11:57.562 TRACE 55751 --- [    Test worker] o.h.type.descriptor.sql.BasicExtractor   : extracted value ([parent_i8_19_0_] : [BIGINT]) - [5]
2020-06-10 18:11:57.562 TRACE 55751 --- [    Test worker] o.h.type.descriptor.sql.BasicExtractor   : extracted value ([id1_19_0_] : [BIGINT]) - [8]
Hibernate: 
    select
        childsuhte0_.parent_id as parent_i8_19_0_,
        childsuhte0_.id as id1_19_0_,
        childsuhte0_.id as id1_19_1_,
        childsuhte0_.version as version2_19_1_,
        childsuhte0_.alkupvm as alkupvm3_19_1_,
        childsuhte0_.child_id as child_id7_19_1_,
        childsuhte0_.loppupvm as loppupvm4_19_1_,
        childsuhte0_.opetuspisteenjarjnro as opetuspi5_19_1_,
        childsuhte0_.parent_id as parent_i8_19_1_,
        childsuhte0_.suhdetyyppi as suhdetyy6_19_1_ 
    from
        organisaatiosuhde childsuhte0_ 
    where
        childsuhte0_.parent_id=?
2020-06-10 18:11:57.563 TRACE 55751 --- [    Test worker] o.h.type.descriptor.sql.BasicBinder      : binding parameter [1] as [BIGINT] - [9]
Hibernate: 
    select
        childsuhte0_.parent_id as parent_i8_19_0_,
        childsuhte0_.id as id1_19_0_,
        childsuhte0_.id as id1_19_1_,
        childsuhte0_.version as version2_19_1_,
        childsuhte0_.alkupvm as alkupvm3_19_1_,
        childsuhte0_.child_id as child_id7_19_1_,
        childsuhte0_.loppupvm as loppupvm4_19_1_,
        childsuhte0_.opetuspisteenjarjnro as opetuspi5_19_1_,
        childsuhte0_.parent_id as parent_i8_19_1_,
        childsuhte0_.suhdetyyppi as suhdetyy6_19_1_ 
    from
        organisaatiosuhde childsuhte0_ 
    where
        childsuhte0_.parent_id=?
2020-06-10 18:11:57.563 TRACE 55751 --- [    Test worker] o.h.type.descriptor.sql.BasicBinder      : binding parameter [1] as [BIGINT] - [6]
Hibernate: 
    select
        nimet0_.organisaatio_id as organisa6_11_2_,
        nimet0_.id as id1_11_2_,
        nimet0_.id as id1_11_1_,
        nimet0_.version as version2_11_1_,
        nimet0_.alkupvm as alkupvm3_11_1_,
        nimet0_.nimi_mkt as nimi_mkt5_11_1_,
        nimet0_.organisaatio_id as organisa6_11_1_,
        nimet0_.paivittaja as paivitta4_11_1_,
        monikielin1_.id as id1_2_0_,
        monikielin1_.version as version2_2_0_ 
    from
        organisaatio_nimi nimet0_ 
    left outer join
        monikielinen_teksti monikielin1_ 
            on nimet0_.nimi_mkt=monikielin1_.id 
    where
        nimet0_.organisaatio_id in (
            ?, ?, ?, ?, ?, ?, ?, ?, ?
        ) 
    order by
        nimet0_.alkupvm
2020-06-10 18:11:57.564 TRACE 55751 --- [    Test worker] o.h.type.descriptor.sql.BasicBinder      : binding parameter [1] as [BIGINT] - [2]
2020-06-10 18:11:57.564 TRACE 55751 --- [    Test worker] o.h.type.descriptor.sql.BasicBinder      : binding parameter [2] as [BIGINT] - [10]
2020-06-10 18:11:57.564 TRACE 55751 --- [    Test worker] o.h.type.descriptor.sql.BasicBinder      : binding parameter [3] as [BIGINT] - [9]
2020-06-10 18:11:57.564 TRACE 55751 --- [    Test worker] o.h.type.descriptor.sql.BasicBinder      : binding parameter [4] as [BIGINT] - [7]
2020-06-10 18:11:57.564 TRACE 55751 --- [    Test worker] o.h.type.descriptor.sql.BasicBinder      : binding parameter [5] as [BIGINT] - [1]
2020-06-10 18:11:57.564 TRACE 55751 --- [    Test worker] o.h.type.descriptor.sql.BasicBinder      : binding parameter [6] as [BIGINT] - [3]
2020-06-10 18:11:57.564 TRACE 55751 --- [    Test worker] o.h.type.descriptor.sql.BasicBinder      : binding parameter [7] as [BIGINT] - [4]
2020-06-10 18:11:57.564 TRACE 55751 --- [    Test worker] o.h.type.descriptor.sql.BasicBinder      : binding parameter [8] as [BIGINT] - [5]
2020-06-10 18:11:57.564 TRACE 55751 --- [    Test worker] o.h.type.descriptor.sql.BasicBinder      : binding parameter [9] as [BIGINT] - [6]
2020-06-10 18:11:57.564 TRACE 55751 --- [    Test worker] o.h.type.descriptor.sql.BasicExtractor   : extracted value ([id1_2_0_] : [BIGINT]) - [1]
2020-06-10 18:11:57.564 TRACE 55751 --- [    Test worker] o.h.type.descriptor.sql.BasicExtractor   : extracted value ([id1_11_1_] : [BIGINT]) - [1]
2020-06-10 18:11:57.564 TRACE 55751 --- [    Test worker] o.h.type.descriptor.sql.BasicExtractor   : extracted value ([version2_2_0_] : [BIGINT]) - [0]
2020-06-10 18:11:57.564 TRACE 55751 --- [    Test worker] o.h.type.descriptor.sql.BasicExtractor   : extracted value ([version2_11_1_] : [BIGINT]) - [0]
2020-06-10 18:11:57.564 TRACE 55751 --- [    Test worker] o.h.type.descriptor.sql.BasicExtractor   : extracted value ([alkupvm3_11_1_] : [DATE]) - [1970-01-01]
2020-06-10 18:11:57.564 TRACE 55751 --- [    Test worker] o.h.type.descriptor.sql.BasicExtractor   : extracted value ([nimi_mkt5_11_1_] : [BIGINT]) - [1]
2020-06-10 18:11:57.564 TRACE 55751 --- [    Test worker] o.h.type.descriptor.sql.BasicExtractor   : extracted value ([organisa6_11_1_] : [BIGINT]) - [1]
2020-06-10 18:11:57.564 TRACE 55751 --- [    Test worker] o.h.type.descriptor.sql.BasicExtractor   : extracted value ([paivitta4_11_1_] : [VARCHAR]) - [null]
2020-06-10 18:11:57.564 TRACE 55751 --- [    Test worker] o.h.type.descriptor.sql.BasicExtractor   : extracted value ([organisa6_11_2_] : [BIGINT]) - [1]
2020-06-10 18:11:57.564 TRACE 55751 --- [    Test worker] o.h.type.descriptor.sql.BasicExtractor   : extracted value ([id1_11_2_] : [BIGINT]) - [1]
2020-06-10 18:11:57.565 TRACE 55751 --- [    Test worker] o.h.type.descriptor.sql.BasicExtractor   : extracted value ([id1_2_0_] : [BIGINT]) - [2]
2020-06-10 18:11:57.565 TRACE 55751 --- [    Test worker] o.h.type.descriptor.sql.BasicExtractor   : extracted value ([id1_11_1_] : [BIGINT]) - [2]
2020-06-10 18:11:57.565 TRACE 55751 --- [    Test worker] o.h.type.descriptor.sql.BasicExtractor   : extracted value ([version2_2_0_] : [BIGINT]) - [0]
2020-06-10 18:11:57.565 TRACE 55751 --- [    Test worker] o.h.type.descriptor.sql.BasicExtractor   : extracted value ([version2_11_1_] : [BIGINT]) - [0]
2020-06-10 18:11:57.565 TRACE 55751 --- [    Test worker] o.h.type.descriptor.sql.BasicExtractor   : extracted value ([alkupvm3_11_1_] : [DATE]) - [1970-01-01]
2020-06-10 18:11:57.565 TRACE 55751 --- [    Test worker] o.h.type.descriptor.sql.BasicExtractor   : extracted value ([nimi_mkt5_11_1_] : [BIGINT]) - [2]
2020-06-10 18:11:57.565 TRACE 55751 --- [    Test worker] o.h.type.descriptor.sql.BasicExtractor   : extracted value ([organisa6_11_1_] : [BIGINT]) - [2]
2020-06-10 18:11:57.565 TRACE 55751 --- [    Test worker] o.h.type.descriptor.sql.BasicExtractor   : extracted value ([paivitta4_11_1_] : [VARCHAR]) - [null]
2020-06-10 18:11:57.565 TRACE 55751 --- [    Test worker] o.h.type.descriptor.sql.BasicExtractor   : extracted value ([organisa6_11_2_] : [BIGINT]) - [2]
2020-06-10 18:11:57.565 TRACE 55751 --- [    Test worker] o.h.type.descriptor.sql.BasicExtractor   : extracted value ([id1_11_2_] : [BIGINT]) - [2]
2020-06-10 18:11:57.565 TRACE 55751 --- [    Test worker] o.h.type.descriptor.sql.BasicExtractor   : extracted value ([id1_2_0_] : [BIGINT]) - [3]
2020-06-10 18:11:57.565 TRACE 55751 --- [    Test worker] o.h.type.descriptor.sql.BasicExtractor   : extracted value ([id1_11_1_] : [BIGINT]) - [3]
2020-06-10 18:11:57.565 TRACE 55751 --- [    Test worker] o.h.type.descriptor.sql.BasicExtractor   : extracted value ([version2_2_0_] : [BIGINT]) - [0]
2020-06-10 18:11:57.565 TRACE 55751 --- [    Test worker] o.h.type.descriptor.sql.BasicExtractor   : extracted value ([version2_11_1_] : [BIGINT]) - [0]
2020-06-10 18:11:57.565 TRACE 55751 --- [    Test worker] o.h.type.descriptor.sql.BasicExtractor   : extracted value ([alkupvm3_11_1_] : [DATE]) - [1970-01-01]
2020-06-10 18:11:57.565 TRACE 55751 --- [    Test worker] o.h.type.descriptor.sql.BasicExtractor   : extracted value ([nimi_mkt5_11_1_] : [BIGINT]) - [3]
2020-06-10 18:11:57.565 TRACE 55751 --- [    Test worker] o.h.type.descriptor.sql.BasicExtractor   : extracted value ([organisa6_11_1_] : [BIGINT]) - [3]
2020-06-10 18:11:57.565 TRACE 55751 --- [    Test worker] o.h.type.descriptor.sql.BasicExtractor   : extracted value ([paivitta4_11_1_] : [VARCHAR]) - [null]
2020-06-10 18:11:57.565 TRACE 55751 --- [    Test worker] o.h.type.descriptor.sql.BasicExtractor   : extracted value ([organisa6_11_2_] : [BIGINT]) - [3]
2020-06-10 18:11:57.565 TRACE 55751 --- [    Test worker] o.h.type.descriptor.sql.BasicExtractor   : extracted value ([id1_11_2_] : [BIGINT]) - [3]
2020-06-10 18:11:57.565 TRACE 55751 --- [    Test worker] o.h.type.descriptor.sql.BasicExtractor   : extracted value ([id1_2_0_] : [BIGINT]) - [4]
2020-06-10 18:11:57.565 TRACE 55751 --- [    Test worker] o.h.type.descriptor.sql.BasicExtractor   : extracted value ([id1_11_1_] : [BIGINT]) - [4]
2020-06-10 18:11:57.565 TRACE 55751 --- [    Test worker] o.h.type.descriptor.sql.BasicExtractor   : extracted value ([version2_2_0_] : [BIGINT]) - [0]
2020-06-10 18:11:57.565 TRACE 55751 --- [    Test worker] o.h.type.descriptor.sql.BasicExtractor   : extracted value ([version2_11_1_] : [BIGINT]) - [0]
2020-06-10 18:11:57.565 TRACE 55751 --- [    Test worker] o.h.type.descriptor.sql.BasicExtractor   : extracted value ([alkupvm3_11_1_] : [DATE]) - [1970-01-01]
2020-06-10 18:11:57.565 TRACE 55751 --- [    Test worker] o.h.type.descriptor.sql.BasicExtractor   : extracted value ([nimi_mkt5_11_1_] : [BIGINT]) - [4]
2020-06-10 18:11:57.565 TRACE 55751 --- [    Test worker] o.h.type.descriptor.sql.BasicExtractor   : extracted value ([organisa6_11_1_] : [BIGINT]) - [4]
2020-06-10 18:11:57.565 TRACE 55751 --- [    Test worker] o.h.type.descriptor.sql.BasicExtractor   : extracted value ([paivitta4_11_1_] : [VARCHAR]) - [null]
2020-06-10 18:11:57.565 TRACE 55751 --- [    Test worker] o.h.type.descriptor.sql.BasicExtractor   : extracted value ([organisa6_11_2_] : [BIGINT]) - [4]
2020-06-10 18:11:57.565 TRACE 55751 --- [    Test worker] o.h.type.descriptor.sql.BasicExtractor   : extracted value ([id1_11_2_] : [BIGINT]) - [4]
2020-06-10 18:11:57.565 TRACE 55751 --- [    Test worker] o.h.type.descriptor.sql.BasicExtractor   : extracted value ([id1_2_0_] : [BIGINT]) - [5]
2020-06-10 18:11:57.565 TRACE 55751 --- [    Test worker] o.h.type.descriptor.sql.BasicExtractor   : extracted value ([id1_11_1_] : [BIGINT]) - [5]
2020-06-10 18:11:57.565 TRACE 55751 --- [    Test worker] o.h.type.descriptor.sql.BasicExtractor   : extracted value ([version2_2_0_] : [BIGINT]) - [0]
2020-06-10 18:11:57.565 TRACE 55751 --- [    Test worker] o.h.type.descriptor.sql.BasicExtractor   : extracted value ([version2_11_1_] : [BIGINT]) - [0]
2020-06-10 18:11:57.565 TRACE 55751 --- [    Test worker] o.h.type.descriptor.sql.BasicExtractor   : extracted value ([alkupvm3_11_1_] : [DATE]) - [1970-01-01]
2020-06-10 18:11:57.565 TRACE 55751 --- [    Test worker] o.h.type.descriptor.sql.BasicExtractor   : extracted value ([nimi_mkt5_11_1_] : [BIGINT]) - [5]
2020-06-10 18:11:57.565 TRACE 55751 --- [    Test worker] o.h.type.descriptor.sql.BasicExtractor   : extracted value ([organisa6_11_1_] : [BIGINT]) - [5]
2020-06-10 18:11:57.565 TRACE 55751 --- [    Test worker] o.h.type.descriptor.sql.BasicExtractor   : extracted value ([paivitta4_11_1_] : [VARCHAR]) - [null]
2020-06-10 18:11:57.565 TRACE 55751 --- [    Test worker] o.h.type.descriptor.sql.BasicExtractor   : extracted value ([organisa6_11_2_] : [BIGINT]) - [5]
2020-06-10 18:11:57.565 TRACE 55751 --- [    Test worker] o.h.type.descriptor.sql.BasicExtractor   : extracted value ([id1_11_2_] : [BIGINT]) - [5]
2020-06-10 18:11:57.565 TRACE 55751 --- [    Test worker] o.h.type.descriptor.sql.BasicExtractor   : extracted value ([id1_2_0_] : [BIGINT]) - [6]
2020-06-10 18:11:57.565 TRACE 55751 --- [    Test worker] o.h.type.descriptor.sql.BasicExtractor   : extracted value ([id1_11_1_] : [BIGINT]) - [6]
2020-06-10 18:11:57.565 TRACE 55751 --- [    Test worker] o.h.type.descriptor.sql.BasicExtractor   : extracted value ([version2_2_0_] : [BIGINT]) - [0]
2020-06-10 18:11:57.565 TRACE 55751 --- [    Test worker] o.h.type.descriptor.sql.BasicExtractor   : extracted value ([version2_11_1_] : [BIGINT]) - [0]
2020-06-10 18:11:57.565 TRACE 55751 --- [    Test worker] o.h.type.descriptor.sql.BasicExtractor   : extracted value ([alkupvm3_11_1_] : [DATE]) - [1970-01-01]
2020-06-10 18:11:57.565 TRACE 55751 --- [    Test worker] o.h.type.descriptor.sql.BasicExtractor   : extracted value ([nimi_mkt5_11_1_] : [BIGINT]) - [6]
2020-06-10 18:11:57.566 TRACE 55751 --- [    Test worker] o.h.type.descriptor.sql.BasicExtractor   : extracted value ([organisa6_11_1_] : [BIGINT]) - [6]
2020-06-10 18:11:57.566 TRACE 55751 --- [    Test worker] o.h.type.descriptor.sql.BasicExtractor   : extracted value ([paivitta4_11_1_] : [VARCHAR]) - [null]
2020-06-10 18:11:57.566 TRACE 55751 --- [    Test worker] o.h.type.descriptor.sql.BasicExtractor   : extracted value ([organisa6_11_2_] : [BIGINT]) - [6]
2020-06-10 18:11:57.566 TRACE 55751 --- [    Test worker] o.h.type.descriptor.sql.BasicExtractor   : extracted value ([id1_11_2_] : [BIGINT]) - [6]
2020-06-10 18:11:57.566 TRACE 55751 --- [    Test worker] o.h.type.descriptor.sql.BasicExtractor   : extracted value ([id1_2_0_] : [BIGINT]) - [7]
2020-06-10 18:11:57.566 TRACE 55751 --- [    Test worker] o.h.type.descriptor.sql.BasicExtractor   : extracted value ([id1_11_1_] : [BIGINT]) - [7]
2020-06-10 18:11:57.566 TRACE 55751 --- [    Test worker] o.h.type.descriptor.sql.BasicExtractor   : extracted value ([version2_2_0_] : [BIGINT]) - [0]
2020-06-10 18:11:57.566 TRACE 55751 --- [    Test worker] o.h.type.descriptor.sql.BasicExtractor   : extracted value ([version2_11_1_] : [BIGINT]) - [0]
2020-06-10 18:11:57.566 TRACE 55751 --- [    Test worker] o.h.type.descriptor.sql.BasicExtractor   : extracted value ([alkupvm3_11_1_] : [DATE]) - [1970-01-01]
2020-06-10 18:11:57.566 TRACE 55751 --- [    Test worker] o.h.type.descriptor.sql.BasicExtractor   : extracted value ([nimi_mkt5_11_1_] : [BIGINT]) - [7]
2020-06-10 18:11:57.566 TRACE 55751 --- [    Test worker] o.h.type.descriptor.sql.BasicExtractor   : extracted value ([organisa6_11_1_] : [BIGINT]) - [7]
2020-06-10 18:11:57.566 TRACE 55751 --- [    Test worker] o.h.type.descriptor.sql.BasicExtractor   : extracted value ([paivitta4_11_1_] : [VARCHAR]) - [null]
2020-06-10 18:11:57.566 TRACE 55751 --- [    Test worker] o.h.type.descriptor.sql.BasicExtractor   : extracted value ([organisa6_11_2_] : [BIGINT]) - [7]
2020-06-10 18:11:57.566 TRACE 55751 --- [    Test worker] o.h.type.descriptor.sql.BasicExtractor   : extracted value ([id1_11_2_] : [BIGINT]) - [7]
2020-06-10 18:11:57.566 TRACE 55751 --- [    Test worker] o.h.type.descriptor.sql.BasicExtractor   : extracted value ([id1_2_0_] : [BIGINT]) - [9]
2020-06-10 18:11:57.566 TRACE 55751 --- [    Test worker] o.h.type.descriptor.sql.BasicExtractor   : extracted value ([id1_11_1_] : [BIGINT]) - [9]
2020-06-10 18:11:57.566 TRACE 55751 --- [    Test worker] o.h.type.descriptor.sql.BasicExtractor   : extracted value ([version2_2_0_] : [BIGINT]) - [0]
2020-06-10 18:11:57.566 TRACE 55751 --- [    Test worker] o.h.type.descriptor.sql.BasicExtractor   : extracted value ([version2_11_1_] : [BIGINT]) - [0]
2020-06-10 18:11:57.566 TRACE 55751 --- [    Test worker] o.h.type.descriptor.sql.BasicExtractor   : extracted value ([alkupvm3_11_1_] : [DATE]) - [1970-01-01]
2020-06-10 18:11:57.566 TRACE 55751 --- [    Test worker] o.h.type.descriptor.sql.BasicExtractor   : extracted value ([nimi_mkt5_11_1_] : [BIGINT]) - [9]
2020-06-10 18:11:57.566 TRACE 55751 --- [    Test worker] o.h.type.descriptor.sql.BasicExtractor   : extracted value ([organisa6_11_1_] : [BIGINT]) - [9]
2020-06-10 18:11:57.566 TRACE 55751 --- [    Test worker] o.h.type.descriptor.sql.BasicExtractor   : extracted value ([paivitta4_11_1_] : [VARCHAR]) - [null]
2020-06-10 18:11:57.566 TRACE 55751 --- [    Test worker] o.h.type.descriptor.sql.BasicExtractor   : extracted value ([organisa6_11_2_] : [BIGINT]) - [9]
2020-06-10 18:11:57.566 TRACE 55751 --- [    Test worker] o.h.type.descriptor.sql.BasicExtractor   : extracted value ([id1_11_2_] : [BIGINT]) - [9]
2020-06-10 18:11:57.566 TRACE 55751 --- [    Test worker] org.hibernate.type.CollectionType        : Created collection wrapper: [fi.vm.sade.organisaatio.model.MonikielinenTeksti.values#1]
2020-06-10 18:11:57.566 TRACE 55751 --- [    Test worker] org.hibernate.type.CollectionType        : Created collection wrapper: [fi.vm.sade.organisaatio.model.MonikielinenTeksti.values#2]
2020-06-10 18:11:57.566 TRACE 55751 --- [    Test worker] org.hibernate.type.CollectionType        : Created collection wrapper: [fi.vm.sade.organisaatio.model.MonikielinenTeksti.values#3]
2020-06-10 18:11:57.566 TRACE 55751 --- [    Test worker] org.hibernate.type.CollectionType        : Created collection wrapper: [fi.vm.sade.organisaatio.model.MonikielinenTeksti.values#4]
2020-06-10 18:11:57.566 TRACE 55751 --- [    Test worker] org.hibernate.type.CollectionType        : Created collection wrapper: [fi.vm.sade.organisaatio.model.MonikielinenTeksti.values#5]
2020-06-10 18:11:57.566 TRACE 55751 --- [    Test worker] org.hibernate.type.CollectionType        : Created collection wrapper: [fi.vm.sade.organisaatio.model.MonikielinenTeksti.values#6]
2020-06-10 18:11:57.567 TRACE 55751 --- [    Test worker] org.hibernate.type.CollectionType        : Created collection wrapper: [fi.vm.sade.organisaatio.model.MonikielinenTeksti.values#7]
2020-06-10 18:11:57.567 TRACE 55751 --- [    Test worker] org.hibernate.type.CollectionType        : Created collection wrapper: [fi.vm.sade.organisaatio.model.MonikielinenTeksti.values#9]
Hibernate: 
    select
        values0_.id as id1_3_0_,
        values0_.value as value2_3_0_,
        values0_.key as key3_0_ 
    from
        monikielinen_teksti_values values0_ 
    where
        values0_.id in (
            ?, ?, ?, ?, ?, ?, ?, ?
        )
2020-06-10 18:11:57.567 TRACE 55751 --- [    Test worker] o.h.type.descriptor.sql.BasicBinder      : binding parameter [1] as [BIGINT] - [2]
2020-06-10 18:11:57.567 TRACE 55751 --- [    Test worker] o.h.type.descriptor.sql.BasicBinder      : binding parameter [2] as [BIGINT] - [1]
2020-06-10 18:11:57.567 TRACE 55751 --- [    Test worker] o.h.type.descriptor.sql.BasicBinder      : binding parameter [3] as [BIGINT] - [3]
2020-06-10 18:11:57.567 TRACE 55751 --- [    Test worker] o.h.type.descriptor.sql.BasicBinder      : binding parameter [4] as [BIGINT] - [4]
2020-06-10 18:11:57.567 TRACE 55751 --- [    Test worker] o.h.type.descriptor.sql.BasicBinder      : binding parameter [5] as [BIGINT] - [5]
2020-06-10 18:11:57.567 TRACE 55751 --- [    Test worker] o.h.type.descriptor.sql.BasicBinder      : binding parameter [6] as [BIGINT] - [6]
2020-06-10 18:11:57.567 TRACE 55751 --- [    Test worker] o.h.type.descriptor.sql.BasicBinder      : binding parameter [7] as [BIGINT] - [7]
2020-06-10 18:11:57.567 TRACE 55751 --- [    Test worker] o.h.type.descriptor.sql.BasicBinder      : binding parameter [8] as [BIGINT] - [9]
2020-06-10 18:11:57.567 TRACE 55751 --- [    Test worker] o.h.type.descriptor.sql.BasicExtractor   : extracted value ([id1_3_0_] : [BIGINT]) - [1]
2020-06-10 18:11:57.567 TRACE 55751 --- [    Test worker] o.h.type.descriptor.sql.BasicExtractor   : extracted value ([value2_3_0_] : [VARCHAR]) - [opetushallitus]
2020-06-10 18:11:57.567 TRACE 55751 --- [    Test worker] o.h.type.descriptor.sql.BasicExtractor   : extracted value ([key3_0_] : [VARCHAR]) - [fi]
2020-06-10 18:11:57.567 TRACE 55751 --- [    Test worker] o.h.type.descriptor.sql.BasicExtractor   : extracted value ([id1_3_0_] : [BIGINT]) - [2]
2020-06-10 18:11:57.567 TRACE 55751 --- [    Test worker] o.h.type.descriptor.sql.BasicExtractor   : extracted value ([value2_3_0_] : [VARCHAR]) - [root test koulutustoimija]
2020-06-10 18:11:57.567 TRACE 55751 --- [    Test worker] o.h.type.descriptor.sql.BasicExtractor   : extracted value ([key3_0_] : [VARCHAR]) - [fi]
2020-06-10 18:11:57.567 TRACE 55751 --- [    Test worker] o.h.type.descriptor.sql.BasicExtractor   : extracted value ([id1_3_0_] : [BIGINT]) - [2]
2020-06-10 18:11:57.567 TRACE 55751 --- [    Test worker] o.h.type.descriptor.sql.BasicExtractor   : extracted value ([value2_3_0_] : [VARCHAR]) - [root test utbildningsoperator]
2020-06-10 18:11:57.567 TRACE 55751 --- [    Test worker] o.h.type.descriptor.sql.BasicExtractor   : extracted value ([key3_0_] : [VARCHAR]) - [sv]
2020-06-10 18:11:57.567 TRACE 55751 --- [    Test worker] o.h.type.descriptor.sql.BasicExtractor   : extracted value ([id1_3_0_] : [BIGINT]) - [3]
2020-06-10 18:11:57.567 TRACE 55751 --- [    Test worker] o.h.type.descriptor.sql.BasicExtractor   : extracted value ([value2_3_0_] : [VARCHAR]) - [node1 asd]
2020-06-10 18:11:57.567 TRACE 55751 --- [    Test worker] o.h.type.descriptor.sql.BasicExtractor   : extracted value ([key3_0_] : [VARCHAR]) - [fi]
2020-06-10 18:11:57.567 TRACE 55751 --- [    Test worker] o.h.type.descriptor.sql.BasicExtractor   : extracted value ([id1_3_0_] : [BIGINT]) - [4]
2020-06-10 18:11:57.567 TRACE 55751 --- [    Test worker] o.h.type.descriptor.sql.BasicExtractor   : extracted value ([value2_3_0_] : [VARCHAR]) - [node2 foo]
2020-06-10 18:11:57.567 TRACE 55751 --- [    Test worker] o.h.type.descriptor.sql.BasicExtractor   : extracted value ([key3_0_] : [VARCHAR]) - [fi]
2020-06-10 18:11:57.567 TRACE 55751 --- [    Test worker] o.h.type.descriptor.sql.BasicExtractor   : extracted value ([id1_3_0_] : [BIGINT]) - [5]
2020-06-10 18:11:57.568 TRACE 55751 --- [    Test worker] o.h.type.descriptor.sql.BasicExtractor   : extracted value ([value2_3_0_] : [VARCHAR]) - [node22 foo bar]
2020-06-10 18:11:57.568 TRACE 55751 --- [    Test worker] o.h.type.descriptor.sql.BasicExtractor   : extracted value ([key3_0_] : [VARCHAR]) - [fi]
2020-06-10 18:11:57.568 TRACE 55751 --- [    Test worker] o.h.type.descriptor.sql.BasicExtractor   : extracted value ([id1_3_0_] : [BIGINT]) - [6]
2020-06-10 18:11:57.568 TRACE 55751 --- [    Test worker] o.h.type.descriptor.sql.BasicExtractor   : extracted value ([value2_3_0_] : [VARCHAR]) - [node23 foo bar]
2020-06-10 18:11:57.568 TRACE 55751 --- [    Test worker] o.h.type.descriptor.sql.BasicExtractor   : extracted value ([key3_0_] : [VARCHAR]) - [fi]
2020-06-10 18:11:57.568 TRACE 55751 --- [    Test worker] o.h.type.descriptor.sql.BasicExtractor   : extracted value ([id1_3_0_] : [BIGINT]) - [7]
2020-06-10 18:11:57.568 TRACE 55751 --- [    Test worker] o.h.type.descriptor.sql.BasicExtractor   : extracted value ([value2_3_0_] : [VARCHAR]) - [root2 test2 koulutustoimija2]
2020-06-10 18:11:57.568 TRACE 55751 --- [    Test worker] o.h.type.descriptor.sql.BasicExtractor   : extracted value ([key3_0_] : [VARCHAR]) - [fi]
2020-06-10 18:11:57.568 TRACE 55751 --- [    Test worker] o.h.type.descriptor.sql.BasicExtractor   : extracted value ([id1_3_0_] : [BIGINT]) - [9]
2020-06-10 18:11:57.568 TRACE 55751 --- [    Test worker] o.h.type.descriptor.sql.BasicExtractor   : extracted value ([value2_3_0_] : [VARCHAR]) - [node231 foo bar]
2020-06-10 18:11:57.568 TRACE 55751 --- [    Test worker] o.h.type.descriptor.sql.BasicExtractor   : extracted value ([key3_0_] : [VARCHAR]) - [sv]
Hibernate: 
    select
        yhteystied0_.organisaatio_id as organis21_25_1_,
        yhteystied0_.id as id2_25_1_,
        yhteystied0_.id as id2_25_0_,
        yhteystied0_.version as version3_25_0_,
        yhteystied0_.kieli as kieli4_25_0_,
        yhteystied0_.organisaatio_id as organis21_25_0_,
        yhteystied0_.yhteystieto_oid as yhteysti5_25_0_,
        yhteystied0_.email as email6_25_0_,
        yhteystied0_.coordinatetype as coordina7_25_0_,
        yhteystied0_.extrarivi as extrariv8_25_0_,
        yhteystied0_.lat as lat9_25_0_,
        yhteystied0_.lng as lng10_25_0_,
        yhteystied0_.maa as maa11_25_0_,
        yhteystied0_.osavaltio as osavalt12_25_0_,
        yhteystied0_.osoite as osoite13_25_0_,
        yhteystied0_.osoite_tyyppi as osoite_14_25_0_,
        yhteystied0_.postinumero as postinu15_25_0_,
        yhteystied0_.postitoimipaikka as postito16_25_0_,
        yhteystied0_.ytjpaivityspvm as ytjpaiv17_25_0_,
        yhteystied0_.puhelinnumero as puhelin18_25_0_,
        yhteystied0_.tyyppi as tyyppi19_25_0_,
        yhteystied0_.www_osoite as www_oso20_25_0_,
        yhteystied0_.dtype as dtype1_25_0_ 
    from
        yhteystieto yhteystied0_ 
    where
        yhteystied0_.organisaatio_id in (
            ?, ?, ?, ?, ?, ?, ?, ?, ?
        )
2020-06-10 18:11:57.569 TRACE 55751 --- [    Test worker] o.h.type.descriptor.sql.BasicBinder      : binding parameter [1] as [BIGINT] - [2]
2020-06-10 18:11:57.569 TRACE 55751 --- [    Test worker] o.h.type.descriptor.sql.BasicBinder      : binding parameter [2] as [BIGINT] - [10]
2020-06-10 18:11:57.569 TRACE 55751 --- [    Test worker] o.h.type.descriptor.sql.BasicBinder      : binding parameter [3] as [BIGINT] - [9]
2020-06-10 18:11:57.569 TRACE 55751 --- [    Test worker] o.h.type.descriptor.sql.BasicBinder      : binding parameter [4] as [BIGINT] - [7]
2020-06-10 18:11:57.569 TRACE 55751 --- [    Test worker] o.h.type.descriptor.sql.BasicBinder      : binding parameter [5] as [BIGINT] - [1]
2020-06-10 18:11:57.569 TRACE 55751 --- [    Test worker] o.h.type.descriptor.sql.BasicBinder      : binding parameter [6] as [BIGINT] - [3]
2020-06-10 18:11:57.569 TRACE 55751 --- [    Test worker] o.h.type.descriptor.sql.BasicBinder      : binding parameter [7] as [BIGINT] - [4]
2020-06-10 18:11:57.569 TRACE 55751 --- [    Test worker] o.h.type.descriptor.sql.BasicBinder      : binding parameter [8] as [BIGINT] - [5]
2020-06-10 18:11:57.569 TRACE 55751 --- [    Test worker] o.h.type.descriptor.sql.BasicBinder      : binding parameter [9] as [BIGINT] - [6]
2020-06-10 18:11:57.569 TRACE 55751 --- [    Test worker] o.h.type.descriptor.sql.BasicExtractor   : extracted value ([id2_25_0_] : [BIGINT]) - [1]
2020-06-10 18:11:57.569 TRACE 55751 --- [    Test worker] o.h.type.descriptor.sql.BasicExtractor   : extracted value ([dtype1_25_0_] : [VARCHAR]) - [Osoite]
2020-06-10 18:11:57.569 TRACE 55751 --- [    Test worker] o.h.type.descriptor.sql.BasicExtractor   : extracted value ([version3_25_0_] : [BIGINT]) - [0]
2020-06-10 18:11:57.569 TRACE 55751 --- [    Test worker] o.h.type.descriptor.sql.BasicExtractor   : extracted value ([kieli4_25_0_] : [VARCHAR]) - [kieli_fi#1]
2020-06-10 18:11:57.569 TRACE 55751 --- [    Test worker] o.h.type.descriptor.sql.BasicExtractor   : extracted value ([organis21_25_0_] : [BIGINT]) - [1]
2020-06-10 18:11:57.569 TRACE 55751 --- [    Test worker] o.h.type.descriptor.sql.BasicExtractor   : extracted value ([yhteysti5_25_0_] : [VARCHAR]) - [14175174062990.39764983115354857]
2020-06-10 18:11:57.569 TRACE 55751 --- [    Test worker] o.h.type.descriptor.sql.BasicExtractor   : extracted value ([coordina7_25_0_] : [VARCHAR]) - [null]
2020-06-10 18:11:57.569 TRACE 55751 --- [    Test worker] o.h.type.descriptor.sql.BasicExtractor   : extracted value ([extrariv8_25_0_] : [VARCHAR]) - [null]
2020-06-10 18:11:57.570 TRACE 55751 --- [    Test worker] o.h.type.descriptor.sql.BasicExtractor   : extracted value ([lat9_25_0_] : [DOUBLE]) - [null]
2020-06-10 18:11:57.570 TRACE 55751 --- [    Test worker] o.h.type.descriptor.sql.BasicExtractor   : extracted value ([lng10_25_0_] : [DOUBLE]) - [null]
2020-06-10 18:11:57.570 TRACE 55751 --- [    Test worker] o.h.type.descriptor.sql.BasicExtractor   : extracted value ([maa11_25_0_] : [VARCHAR]) - [null]
2020-06-10 18:11:57.570 TRACE 55751 --- [    Test worker] o.h.type.descriptor.sql.BasicExtractor   : extracted value ([osavalt12_25_0_] : [VARCHAR]) - [null]
2020-06-10 18:11:57.570 TRACE 55751 --- [    Test worker] o.h.type.descriptor.sql.BasicExtractor   : extracted value ([osoite13_25_0_] : [VARCHAR]) - [Mannerheimintie 1]
2020-06-10 18:11:57.570 TRACE 55751 --- [    Test worker] o.h.type.descriptor.sql.BasicExtractor   : extracted value ([osoite_14_25_0_] : [VARCHAR]) - [posti]
2020-06-10 18:11:57.570 TRACE 55751 --- [    Test worker] o.h.type.descriptor.sql.BasicExtractor   : extracted value ([postinu15_25_0_] : [VARCHAR]) - [posti_00100]
2020-06-10 18:11:57.570 TRACE 55751 --- [    Test worker] o.h.type.descriptor.sql.BasicExtractor   : extracted value ([postito16_25_0_] : [VARCHAR]) - [Helsinki]
2020-06-10 18:11:57.570 TRACE 55751 --- [    Test worker] o.h.type.descriptor.sql.BasicExtractor   : extracted value ([ytjpaiv17_25_0_] : [DATE]) - [null]
2020-06-10 18:11:57.570 TRACE 55751 --- [    Test worker] o.h.type.descriptor.sql.BasicExtractor   : extracted value ([organis21_25_1_] : [BIGINT]) - [1]
2020-06-10 18:11:57.570 TRACE 55751 --- [    Test worker] o.h.type.descriptor.sql.BasicExtractor   : extracted value ([id2_25_1_] : [BIGINT]) - [1]
2020-06-10 18:11:57.570 TRACE 55751 --- [    Test worker] o.h.type.descriptor.sql.BasicExtractor   : extracted value ([id2_25_0_] : [BIGINT]) - [2]
2020-06-10 18:11:57.570 TRACE 55751 --- [    Test worker] o.h.type.descriptor.sql.BasicExtractor   : extracted value ([dtype1_25_0_] : [VARCHAR]) - [Osoite]
2020-06-10 18:11:57.570 TRACE 55751 --- [    Test worker] o.h.type.descriptor.sql.BasicExtractor   : extracted value ([version3_25_0_] : [BIGINT]) - [0]
2020-06-10 18:11:57.570 TRACE 55751 --- [    Test worker] o.h.type.descriptor.sql.BasicExtractor   : extracted value ([kieli4_25_0_] : [VARCHAR]) - [kieli_fi#1]
2020-06-10 18:11:57.570 TRACE 55751 --- [    Test worker] o.h.type.descriptor.sql.BasicExtractor   : extracted value ([organis21_25_0_] : [BIGINT]) - [1]
2020-06-10 18:11:57.570 TRACE 55751 --- [    Test worker] o.h.type.descriptor.sql.BasicExtractor   : extracted value ([yhteysti5_25_0_] : [VARCHAR]) - [14175174062990.620466503755304]
2020-06-10 18:11:57.570 TRACE 55751 --- [    Test worker] o.h.type.descriptor.sql.BasicExtractor   : extracted value ([coordina7_25_0_] : [VARCHAR]) - [null]
2020-06-10 18:11:57.570 TRACE 55751 --- [    Test worker] o.h.type.descriptor.sql.BasicExtractor   : extracted value ([extrariv8_25_0_] : [VARCHAR]) - [null]
2020-06-10 18:11:57.570 TRACE 55751 --- [    Test worker] o.h.type.descriptor.sql.BasicExtractor   : extracted value ([lat9_25_0_] : [DOUBLE]) - [null]
2020-06-10 18:11:57.570 TRACE 55751 --- [    Test worker] o.h.type.descriptor.sql.BasicExtractor   : extracted value ([lng10_25_0_] : [DOUBLE]) - [null]
2020-06-10 18:11:57.570 TRACE 55751 --- [    Test worker] o.h.type.descriptor.sql.BasicExtractor   : extracted value ([maa11_25_0_] : [VARCHAR]) - [null]
2020-06-10 18:11:57.570 TRACE 55751 --- [    Test worker] o.h.type.descriptor.sql.BasicExtractor   : extracted value ([osavalt12_25_0_] : [VARCHAR]) - [null]
2020-06-10 18:11:57.570 TRACE 55751 --- [    Test worker] o.h.type.descriptor.sql.BasicExtractor   : extracted value ([osoite13_25_0_] : [VARCHAR]) - [Mannerheimintie 1]
2020-06-10 18:11:57.570 TRACE 55751 --- [    Test worker] o.h.type.descriptor.sql.BasicExtractor   : extracted value ([osoite_14_25_0_] : [VARCHAR]) - [kaynti]
2020-06-10 18:11:57.570 TRACE 55751 --- [    Test worker] o.h.type.descriptor.sql.BasicExtractor   : extracted value ([postinu15_25_0_] : [VARCHAR]) - [posti_00100]
2020-06-10 18:11:57.570 TRACE 55751 --- [    Test worker] o.h.type.descriptor.sql.BasicExtractor   : extracted value ([postito16_25_0_] : [VARCHAR]) - [Helsinki]
2020-06-10 18:11:57.570 TRACE 55751 --- [    Test worker] o.h.type.descriptor.sql.BasicExtractor   : extracted value ([ytjpaiv17_25_0_] : [DATE]) - [null]
2020-06-10 18:11:57.570 TRACE 55751 --- [    Test worker] o.h.type.descriptor.sql.BasicExtractor   : extracted value ([organis21_25_1_] : [BIGINT]) - [1]
2020-06-10 18:11:57.570 TRACE 55751 --- [    Test worker] o.h.type.descriptor.sql.BasicExtractor   : extracted value ([id2_25_1_] : [BIGINT]) - [2]
2020-06-10 18:11:57.570 TRACE 55751 --- [    Test worker] o.h.type.descriptor.sql.BasicExtractor   : extracted value ([id2_25_0_] : [BIGINT]) - [3]
2020-06-10 18:11:57.570 TRACE 55751 --- [    Test worker] o.h.type.descriptor.sql.BasicExtractor   : extracted value ([dtype1_25_0_] : [VARCHAR]) - [Puhelinnumero]
2020-06-10 18:11:57.570 TRACE 55751 --- [    Test worker] o.h.type.descriptor.sql.BasicExtractor   : extracted value ([version3_25_0_] : [BIGINT]) - [0]
2020-06-10 18:11:57.570 TRACE 55751 --- [    Test worker] o.h.type.descriptor.sql.BasicExtractor   : extracted value ([kieli4_25_0_] : [VARCHAR]) - [kieli_fi#1]
2020-06-10 18:11:57.570 TRACE 55751 --- [    Test worker] o.h.type.descriptor.sql.BasicExtractor   : extracted value ([organis21_25_0_] : [BIGINT]) - [1]
2020-06-10 18:11:57.571 TRACE 55751 --- [    Test worker] o.h.type.descriptor.sql.BasicExtractor   : extracted value ([yhteysti5_25_0_] : [VARCHAR]) - [14175174062990.8204006983929734]
2020-06-10 18:11:57.571 TRACE 55751 --- [    Test worker] o.h.type.descriptor.sql.BasicExtractor   : extracted value ([puhelin18_25_0_] : [VARCHAR]) - [12345]
2020-06-10 18:11:57.571 TRACE 55751 --- [    Test worker] o.h.type.descriptor.sql.BasicExtractor   : extracted value ([tyyppi19_25_0_] : [VARCHAR]) - [puhelin]
2020-06-10 18:11:57.571 TRACE 55751 --- [    Test worker] o.h.type.descriptor.sql.BasicExtractor   : extracted value ([organis21_25_1_] : [BIGINT]) - [1]
2020-06-10 18:11:57.571 TRACE 55751 --- [    Test worker] o.h.type.descriptor.sql.BasicExtractor   : extracted value ([id2_25_1_] : [BIGINT]) - [3]
2020-06-10 18:11:57.571 TRACE 55751 --- [    Test worker] o.h.type.descriptor.sql.BasicExtractor   : extracted value ([id2_25_0_] : [BIGINT]) - [5]
2020-06-10 18:11:57.571 TRACE 55751 --- [    Test worker] o.h.type.descriptor.sql.BasicExtractor   : extracted value ([dtype1_25_0_] : [VARCHAR]) - [Www]
2020-06-10 18:11:57.571 TRACE 55751 --- [    Test worker] o.h.type.descriptor.sql.BasicExtractor   : extracted value ([version3_25_0_] : [BIGINT]) - [0]
2020-06-10 18:11:57.571 TRACE 55751 --- [    Test worker] o.h.type.descriptor.sql.BasicExtractor   : extracted value ([kieli4_25_0_] : [VARCHAR]) - [kieli_fi#1]
2020-06-10 18:11:57.571 TRACE 55751 --- [    Test worker] o.h.type.descriptor.sql.BasicExtractor   : extracted value ([organis21_25_0_] : [BIGINT]) - [1]
2020-06-10 18:11:57.571 TRACE 55751 --- [    Test worker] o.h.type.descriptor.sql.BasicExtractor   : extracted value ([yhteysti5_25_0_] : [VARCHAR]) - [14175174062990.27296380481785454]
2020-06-10 18:11:57.571 TRACE 55751 --- [    Test worker] o.h.type.descriptor.sql.BasicExtractor   : extracted value ([www_oso20_25_0_] : [VARCHAR]) - [http://www.oph.fi]
2020-06-10 18:11:57.571 TRACE 55751 --- [    Test worker] o.h.type.descriptor.sql.BasicExtractor   : extracted value ([organis21_25_1_] : [BIGINT]) - [1]
2020-06-10 18:11:57.571 TRACE 55751 --- [    Test worker] o.h.type.descriptor.sql.BasicExtractor   : extracted value ([id2_25_1_] : [BIGINT]) - [5]
2020-06-10 18:11:57.571 TRACE 55751 --- [    Test worker] o.h.type.descriptor.sql.BasicExtractor   : extracted value ([id2_25_0_] : [BIGINT]) - [6]
2020-06-10 18:11:57.571 TRACE 55751 --- [    Test worker] o.h.type.descriptor.sql.BasicExtractor   : extracted value ([dtype1_25_0_] : [VARCHAR]) - [Email]
2020-06-10 18:11:57.571 TRACE 55751 --- [    Test worker] o.h.type.descriptor.sql.BasicExtractor   : extracted value ([version3_25_0_] : [BIGINT]) - [0]
2020-06-10 18:11:57.571 TRACE 55751 --- [    Test worker] o.h.type.descriptor.sql.BasicExtractor   : extracted value ([kieli4_25_0_] : [VARCHAR]) - [kieli_fi#1]
2020-06-10 18:11:57.571 TRACE 55751 --- [    Test worker] o.h.type.descriptor.sql.BasicExtractor   : extracted value ([organis21_25_0_] : [BIGINT]) - [1]
2020-06-10 18:11:57.571 TRACE 55751 --- [    Test worker] o.h.type.descriptor.sql.BasicExtractor   : extracted value ([yhteysti5_25_0_] : [VARCHAR]) - [14175174062990.12215188486861617]
2020-06-10 18:11:57.571 TRACE 55751 --- [    Test worker] o.h.type.descriptor.sql.BasicExtractor   : extracted value ([email6_25_0_] : [VARCHAR]) - [testi@oph.fi]
2020-06-10 18:11:57.571 TRACE 55751 --- [    Test worker] o.h.type.descriptor.sql.BasicExtractor   : extracted value ([organis21_25_1_] : [BIGINT]) - [1]
2020-06-10 18:11:57.571 TRACE 55751 --- [    Test worker] o.h.type.descriptor.sql.BasicExtractor   : extracted value ([id2_25_1_] : [BIGINT]) - [6]
2020-06-10 18:11:57.571 TRACE 55751 --- [    Test worker] o.h.type.descriptor.sql.BasicExtractor   : extracted value ([id2_25_0_] : [BIGINT]) - [7]
2020-06-10 18:11:57.571 TRACE 55751 --- [    Test worker] o.h.type.descriptor.sql.BasicExtractor   : extracted value ([dtype1_25_0_] : [VARCHAR]) - [Osoite]
2020-06-10 18:11:57.571 TRACE 55751 --- [    Test worker] o.h.type.descriptor.sql.BasicExtractor   : extracted value ([version3_25_0_] : [BIGINT]) - [0]
2020-06-10 18:11:57.571 TRACE 55751 --- [    Test worker] o.h.type.descriptor.sql.BasicExtractor   : extracted value ([kieli4_25_0_] : [VARCHAR]) - [kieli_fi#1]
2020-06-10 18:11:57.571 TRACE 55751 --- [    Test worker] o.h.type.descriptor.sql.BasicExtractor   : extracted value ([organis21_25_0_] : [BIGINT]) - [2]
2020-06-10 18:11:57.571 TRACE 55751 --- [    Test worker] o.h.type.descriptor.sql.BasicExtractor   : extracted value ([yhteysti5_25_0_] : [VARCHAR]) - [14175174064390.7485633929107891]
2020-06-10 18:11:57.571 TRACE 55751 --- [    Test worker] o.h.type.descriptor.sql.BasicExtractor   : extracted value ([coordina7_25_0_] : [VARCHAR]) - [null]
2020-06-10 18:11:57.571 TRACE 55751 --- [    Test worker] o.h.type.descriptor.sql.BasicExtractor   : extracted value ([extrariv8_25_0_] : [VARCHAR]) - [null]
2020-06-10 18:11:57.571 TRACE 55751 --- [    Test worker] o.h.type.descriptor.sql.BasicExtractor   : extracted value ([lat9_25_0_] : [DOUBLE]) - [null]
2020-06-10 18:11:57.571 TRACE 55751 --- [    Test worker] o.h.type.descriptor.sql.BasicExtractor   : extracted value ([lng10_25_0_] : [DOUBLE]) - [null]
2020-06-10 18:11:57.571 TRACE 55751 --- [    Test worker] o.h.type.descriptor.sql.BasicExtractor   : extracted value ([maa11_25_0_] : [VARCHAR]) - [null]
2020-06-10 18:11:57.571 TRACE 55751 --- [    Test worker] o.h.type.descriptor.sql.BasicExtractor   : extracted value ([osavalt12_25_0_] : [VARCHAR]) - [null]
2020-06-10 18:11:57.571 TRACE 55751 --- [    Test worker] o.h.type.descriptor.sql.BasicExtractor   : extracted value ([osoite13_25_0_] : [VARCHAR]) - [Mannerheimintie 1]
2020-06-10 18:11:57.571 TRACE 55751 --- [    Test worker] o.h.type.descriptor.sql.BasicExtractor   : extracted value ([osoite_14_25_0_] : [VARCHAR]) - [posti]
2020-06-10 18:11:57.571 TRACE 55751 --- [    Test worker] o.h.type.descriptor.sql.BasicExtractor   : extracted value ([postinu15_25_0_] : [VARCHAR]) - [posti_00100]
2020-06-10 18:11:57.571 TRACE 55751 --- [    Test worker] o.h.type.descriptor.sql.BasicExtractor   : extracted value ([postito16_25_0_] : [VARCHAR]) - [Helsinki]
2020-06-10 18:11:57.571 TRACE 55751 --- [    Test worker] o.h.type.descriptor.sql.BasicExtractor   : extracted value ([ytjpaiv17_25_0_] : [DATE]) - [null]
2020-06-10 18:11:57.571 TRACE 55751 --- [    Test worker] o.h.type.descriptor.sql.BasicExtractor   : extracted value ([organis21_25_1_] : [BIGINT]) - [2]
2020-06-10 18:11:57.571 TRACE 55751 --- [    Test worker] o.h.type.descriptor.sql.BasicExtractor   : extracted value ([id2_25_1_] : [BIGINT]) - [7]
2020-06-10 18:11:57.571 TRACE 55751 --- [    Test worker] o.h.type.descriptor.sql.BasicExtractor   : extracted value ([id2_25_0_] : [BIGINT]) - [8]
2020-06-10 18:11:57.571 TRACE 55751 --- [    Test worker] o.h.type.descriptor.sql.BasicExtractor   : extracted value ([dtype1_25_0_] : [VARCHAR]) - [Osoite]
2020-06-10 18:11:57.571 TRACE 55751 --- [    Test worker] o.h.type.descriptor.sql.BasicExtractor   : extracted value ([version3_25_0_] : [BIGINT]) - [0]
2020-06-10 18:11:57.571 TRACE 55751 --- [    Test worker] o.h.type.descriptor.sql.BasicExtractor   : extracted value ([kieli4_25_0_] : [VARCHAR]) - [kieli_fi#1]
2020-06-10 18:11:57.571 TRACE 55751 --- [    Test worker] o.h.type.descriptor.sql.BasicExtractor   : extracted value ([organis21_25_0_] : [BIGINT]) - [2]
2020-06-10 18:11:57.571 TRACE 55751 --- [    Test worker] o.h.type.descriptor.sql.BasicExtractor   : extracted value ([yhteysti5_25_0_] : [VARCHAR]) - [14175174064390.6645604532079388]
2020-06-10 18:11:57.571 TRACE 55751 --- [    Test worker] o.h.type.descriptor.sql.BasicExtractor   : extracted value ([coordina7_25_0_] : [VARCHAR]) - [null]
2020-06-10 18:11:57.572 TRACE 55751 --- [    Test worker] o.h.type.descriptor.sql.BasicExtractor   : extracted value ([extrariv8_25_0_] : [VARCHAR]) - [null]
2020-06-10 18:11:57.572 TRACE 55751 --- [    Test worker] o.h.type.descriptor.sql.BasicExtractor   : extracted value ([lat9_25_0_] : [DOUBLE]) - [null]
2020-06-10 18:11:57.572 TRACE 55751 --- [    Test worker] o.h.type.descriptor.sql.BasicExtractor   : extracted value ([lng10_25_0_] : [DOUBLE]) - [null]
2020-06-10 18:11:57.572 TRACE 55751 --- [    Test worker] o.h.type.descriptor.sql.BasicExtractor   : extracted value ([maa11_25_0_] : [VARCHAR]) - [null]
2020-06-10 18:11:57.572 TRACE 55751 --- [    Test worker] o.h.type.descriptor.sql.BasicExtractor   : extracted value ([osavalt12_25_0_] : [VARCHAR]) - [null]
2020-06-10 18:11:57.572 TRACE 55751 --- [    Test worker] o.h.type.descriptor.sql.BasicExtractor   : extracted value ([osoite13_25_0_] : [VARCHAR]) - [Mannerheimintie 1]
2020-06-10 18:11:57.572 TRACE 55751 --- [    Test worker] o.h.type.descriptor.sql.BasicExtractor   : extracted value ([osoite_14_25_0_] : [VARCHAR]) - [kaynti]
2020-06-10 18:11:57.572 TRACE 55751 --- [    Test worker] o.h.type.descriptor.sql.BasicExtractor   : extracted value ([postinu15_25_0_] : [VARCHAR]) - [posti_00100]
2020-06-10 18:11:57.572 TRACE 55751 --- [    Test worker] o.h.type.descriptor.sql.BasicExtractor   : extracted value ([postito16_25_0_] : [VARCHAR]) - [Helsinki]
2020-06-10 18:11:57.572 TRACE 55751 --- [    Test worker] o.h.type.descriptor.sql.BasicExtractor   : extracted value ([ytjpaiv17_25_0_] : [DATE]) - [null]
2020-06-10 18:11:57.572 TRACE 55751 --- [    Test worker] o.h.type.descriptor.sql.BasicExtractor   : extracted value ([organis21_25_1_] : [BIGINT]) - [2]
2020-06-10 18:11:57.572 TRACE 55751 --- [    Test worker] o.h.type.descriptor.sql.BasicExtractor   : extracted value ([id2_25_1_] : [BIGINT]) - [8]
2020-06-10 18:11:57.572 TRACE 55751 --- [    Test worker] o.h.type.descriptor.sql.BasicExtractor   : extracted value ([id2_25_0_] : [BIGINT]) - [9]
2020-06-10 18:11:57.572 TRACE 55751 --- [    Test worker] o.h.type.descriptor.sql.BasicExtractor   : extracted value ([dtype1_25_0_] : [VARCHAR]) - [Puhelinnumero]
2020-06-10 18:11:57.572 TRACE 55751 --- [    Test worker] o.h.type.descriptor.sql.BasicExtractor   : extracted value ([version3_25_0_] : [BIGINT]) - [0]
2020-06-10 18:11:57.572 TRACE 55751 --- [    Test worker] o.h.type.descriptor.sql.BasicExtractor   : extracted value ([kieli4_25_0_] : [VARCHAR]) - [kieli_fi#1]
2020-06-10 18:11:57.572 TRACE 55751 --- [    Test worker] o.h.type.descriptor.sql.BasicExtractor   : extracted value ([organis21_25_0_] : [BIGINT]) - [2]
2020-06-10 18:11:57.572 TRACE 55751 --- [    Test worker] o.h.type.descriptor.sql.BasicExtractor   : extracted value ([yhteysti5_25_0_] : [VARCHAR]) - [14175174064390.759769529586222]
2020-06-10 18:11:57.572 TRACE 55751 --- [    Test worker] o.h.type.descriptor.sql.BasicExtractor   : extracted value ([puhelin18_25_0_] : [VARCHAR]) - [12345]
2020-06-10 18:11:57.572 TRACE 55751 --- [    Test worker] o.h.type.descriptor.sql.BasicExtractor   : extracted value ([tyyppi19_25_0_] : [VARCHAR]) - [puhelin]
2020-06-10 18:11:57.572 TRACE 55751 --- [    Test worker] o.h.type.descriptor.sql.BasicExtractor   : extracted value ([organis21_25_1_] : [BIGINT]) - [2]
2020-06-10 18:11:57.572 TRACE 55751 --- [    Test worker] o.h.type.descriptor.sql.BasicExtractor   : extracted value ([id2_25_1_] : [BIGINT]) - [9]
2020-06-10 18:11:57.572 TRACE 55751 --- [    Test worker] o.h.type.descriptor.sql.BasicExtractor   : extracted value ([id2_25_0_] : [BIGINT]) - [11]
2020-06-10 18:11:57.572 TRACE 55751 --- [    Test worker] o.h.type.descriptor.sql.BasicExtractor   : extracted value ([dtype1_25_0_] : [VARCHAR]) - [Www]
2020-06-10 18:11:57.572 TRACE 55751 --- [    Test worker] o.h.type.descriptor.sql.BasicExtractor   : extracted value ([version3_25_0_] : [BIGINT]) - [0]
2020-06-10 18:11:57.572 TRACE 55751 --- [    Test worker] o.h.type.descriptor.sql.BasicExtractor   : extracted value ([kieli4_25_0_] : [VARCHAR]) - [kieli_fi#1]
2020-06-10 18:11:57.572 TRACE 55751 --- [    Test worker] o.h.type.descriptor.sql.BasicExtractor   : extracted value ([organis21_25_0_] : [BIGINT]) - [2]
2020-06-10 18:11:57.572 TRACE 55751 --- [    Test worker] o.h.type.descriptor.sql.BasicExtractor   : extracted value ([yhteysti5_25_0_] : [VARCHAR]) - [14175174064390.5602732430162826]
2020-06-10 18:11:57.572 TRACE 55751 --- [    Test worker] o.h.type.descriptor.sql.BasicExtractor   : extracted value ([www_oso20_25_0_] : [VARCHAR]) - [http://www.oph.fi]
2020-06-10 18:11:57.572 TRACE 55751 --- [    Test worker] o.h.type.descriptor.sql.BasicExtractor   : extracted value ([organis21_25_1_] : [BIGINT]) - [2]
2020-06-10 18:11:57.572 TRACE 55751 --- [    Test worker] o.h.type.descriptor.sql.BasicExtractor   : extracted value ([id2_25_1_] : [BIGINT]) - [11]
2020-06-10 18:11:57.572 TRACE 55751 --- [    Test worker] o.h.type.descriptor.sql.BasicExtractor   : extracted value ([id2_25_0_] : [BIGINT]) - [12]
2020-06-10 18:11:57.572 TRACE 55751 --- [    Test worker] o.h.type.descriptor.sql.BasicExtractor   : extracted value ([dtype1_25_0_] : [VARCHAR]) - [Email]
2020-06-10 18:11:57.572 TRACE 55751 --- [    Test worker] o.h.type.descriptor.sql.BasicExtractor   : extracted value ([version3_25_0_] : [BIGINT]) - [0]
2020-06-10 18:11:57.572 TRACE 55751 --- [    Test worker] o.h.type.descriptor.sql.BasicExtractor   : extracted value ([kieli4_25_0_] : [VARCHAR]) - [kieli_fi#1]
2020-06-10 18:11:57.572 TRACE 55751 --- [    Test worker] o.h.type.descriptor.sql.BasicExtractor   : extracted value ([organis21_25_0_] : [BIGINT]) - [2]
2020-06-10 18:11:57.572 TRACE 55751 --- [    Test worker] o.h.type.descriptor.sql.BasicExtractor   : extracted value ([yhteysti5_25_0_] : [VARCHAR]) - [14175174064390.5149287835370774]
2020-06-10 18:11:57.572 TRACE 55751 --- [    Test worker] o.h.type.descriptor.sql.BasicExtractor   : extracted value ([email6_25_0_] : [VARCHAR]) - [testi@oph.fi]
2020-06-10 18:11:57.572 TRACE 55751 --- [    Test worker] o.h.type.descriptor.sql.BasicExtractor   : extracted value ([organis21_25_1_] : [BIGINT]) - [2]
2020-06-10 18:11:57.572 TRACE 55751 --- [    Test worker] o.h.type.descriptor.sql.BasicExtractor   : extracted value ([id2_25_1_] : [BIGINT]) - [12]
2020-06-10 18:11:57.572 TRACE 55751 --- [    Test worker] o.h.type.descriptor.sql.BasicExtractor   : extracted value ([id2_25_0_] : [BIGINT]) - [13]
2020-06-10 18:11:57.572 TRACE 55751 --- [    Test worker] o.h.type.descriptor.sql.BasicExtractor   : extracted value ([dtype1_25_0_] : [VARCHAR]) - [Osoite]
2020-06-10 18:11:57.572 TRACE 55751 --- [    Test worker] o.h.type.descriptor.sql.BasicExtractor   : extracted value ([version3_25_0_] : [BIGINT]) - [0]
2020-06-10 18:11:57.572 TRACE 55751 --- [    Test worker] o.h.type.descriptor.sql.BasicExtractor   : extracted value ([kieli4_25_0_] : [VARCHAR]) - [kieli_fi#1]
2020-06-10 18:11:57.572 TRACE 55751 --- [    Test worker] o.h.type.descriptor.sql.BasicExtractor   : extracted value ([organis21_25_0_] : [BIGINT]) - [3]
2020-06-10 18:11:57.572 TRACE 55751 --- [    Test worker] o.h.type.descriptor.sql.BasicExtractor   : extracted value ([yhteysti5_25_0_] : [VARCHAR]) - [14175174064820.8648056949629902]
2020-06-10 18:11:57.572 TRACE 55751 --- [    Test worker] o.h.type.descriptor.sql.BasicExtractor   : extracted value ([coordina7_25_0_] : [VARCHAR]) - [null]
2020-06-10 18:11:57.572 TRACE 55751 --- [    Test worker] o.h.type.descriptor.sql.BasicExtractor   : extracted value ([extrariv8_25_0_] : [VARCHAR]) - [null]
2020-06-10 18:11:57.572 TRACE 55751 --- [    Test worker] o.h.type.descriptor.sql.BasicExtractor   : extracted value ([lat9_25_0_] : [DOUBLE]) - [null]
2020-06-10 18:11:57.572 TRACE 55751 --- [    Test worker] o.h.type.descriptor.sql.BasicExtractor   : extracted value ([lng10_25_0_] : [DOUBLE]) - [null]
2020-06-10 18:11:57.572 TRACE 55751 --- [    Test worker] o.h.type.descriptor.sql.BasicExtractor   : extracted value ([maa11_25_0_] : [VARCHAR]) - [null]
2020-06-10 18:11:57.572 TRACE 55751 --- [    Test worker] o.h.type.descriptor.sql.BasicExtractor   : extracted value ([osavalt12_25_0_] : [VARCHAR]) - [null]
2020-06-10 18:11:57.572 TRACE 55751 --- [    Test worker] o.h.type.descriptor.sql.BasicExtractor   : extracted value ([osoite13_25_0_] : [VARCHAR]) - [Mannerheimintie 1]
2020-06-10 18:11:57.572 TRACE 55751 --- [    Test worker] o.h.type.descriptor.sql.BasicExtractor   : extracted value ([osoite_14_25_0_] : [VARCHAR]) - [posti]
2020-06-10 18:11:57.573 TRACE 55751 --- [    Test worker] o.h.type.descriptor.sql.BasicExtractor   : extracted value ([postinu15_25_0_] : [VARCHAR]) - [posti_00100]
2020-06-10 18:11:57.573 TRACE 55751 --- [    Test worker] o.h.type.descriptor.sql.BasicExtractor   : extracted value ([postito16_25_0_] : [VARCHAR]) - [Helsinki]
2020-06-10 18:11:57.573 TRACE 55751 --- [    Test worker] o.h.type.descriptor.sql.BasicExtractor   : extracted value ([ytjpaiv17_25_0_] : [DATE]) - [null]
2020-06-10 18:11:57.573 TRACE 55751 --- [    Test worker] o.h.type.descriptor.sql.BasicExtractor   : extracted value ([organis21_25_1_] : [BIGINT]) - [3]
2020-06-10 18:11:57.573 TRACE 55751 --- [    Test worker] o.h.type.descriptor.sql.BasicExtractor   : extracted value ([id2_25_1_] : [BIGINT]) - [13]
2020-06-10 18:11:57.573 TRACE 55751 --- [    Test worker] o.h.type.descriptor.sql.BasicExtractor   : extracted value ([id2_25_0_] : [BIGINT]) - [14]
2020-06-10 18:11:57.573 TRACE 55751 --- [    Test worker] o.h.type.descriptor.sql.BasicExtractor   : extracted value ([dtype1_25_0_] : [VARCHAR]) - [Osoite]
2020-06-10 18:11:57.573 TRACE 55751 --- [    Test worker] o.h.type.descriptor.sql.BasicExtractor   : extracted value ([version3_25_0_] : [BIGINT]) - [0]
2020-06-10 18:11:57.573 TRACE 55751 --- [    Test worker] o.h.type.descriptor.sql.BasicExtractor   : extracted value ([kieli4_25_0_] : [VARCHAR]) - [kieli_fi#1]
2020-06-10 18:11:57.573 TRACE 55751 --- [    Test worker] o.h.type.descriptor.sql.BasicExtractor   : extracted value ([organis21_25_0_] : [BIGINT]) - [3]
2020-06-10 18:11:57.573 TRACE 55751 --- [    Test worker] o.h.type.descriptor.sql.BasicExtractor   : extracted value ([yhteysti5_25_0_] : [VARCHAR]) - [14175174064820.7481032001042686]
2020-06-10 18:11:57.573 TRACE 55751 --- [    Test worker] o.h.type.descriptor.sql.BasicExtractor   : extracted value ([coordina7_25_0_] : [VARCHAR]) - [null]
2020-06-10 18:11:57.573 TRACE 55751 --- [    Test worker] o.h.type.descriptor.sql.BasicExtractor   : extracted value ([extrariv8_25_0_] : [VARCHAR]) - [null]
2020-06-10 18:11:57.573 TRACE 55751 --- [    Test worker] o.h.type.descriptor.sql.BasicExtractor   : extracted value ([lat9_25_0_] : [DOUBLE]) - [null]
2020-06-10 18:11:57.573 TRACE 55751 --- [    Test worker] o.h.type.descriptor.sql.BasicExtractor   : extracted value ([lng10_25_0_] : [DOUBLE]) - [null]
2020-06-10 18:11:57.573 TRACE 55751 --- [    Test worker] o.h.type.descriptor.sql.BasicExtractor   : extracted value ([maa11_25_0_] : [VARCHAR]) - [null]
2020-06-10 18:11:57.573 TRACE 55751 --- [    Test worker] o.h.type.descriptor.sql.BasicExtractor   : extracted value ([osavalt12_25_0_] : [VARCHAR]) - [null]
2020-06-10 18:11:57.573 TRACE 55751 --- [    Test worker] o.h.type.descriptor.sql.BasicExtractor   : extracted value ([osoite13_25_0_] : [VARCHAR]) - [Mannerheimintie 1]
2020-06-10 18:11:57.573 TRACE 55751 --- [    Test worker] o.h.type.descriptor.sql.BasicExtractor   : extracted value ([osoite_14_25_0_] : [VARCHAR]) - [kaynti]
2020-06-10 18:11:57.573 TRACE 55751 --- [    Test worker] o.h.type.descriptor.sql.BasicExtractor   : extracted value ([postinu15_25_0_] : [VARCHAR]) - [posti_00100]
2020-06-10 18:11:57.573 TRACE 55751 --- [    Test worker] o.h.type.descriptor.sql.BasicExtractor   : extracted value ([postito16_25_0_] : [VARCHAR]) - [Helsinki]
2020-06-10 18:11:57.573 TRACE 55751 --- [    Test worker] o.h.type.descriptor.sql.BasicExtractor   : extracted value ([ytjpaiv17_25_0_] : [DATE]) - [null]
2020-06-10 18:11:57.573 TRACE 55751 --- [    Test worker] o.h.type.descriptor.sql.BasicExtractor   : extracted value ([organis21_25_1_] : [BIGINT]) - [3]
2020-06-10 18:11:57.573 TRACE 55751 --- [    Test worker] o.h.type.descriptor.sql.BasicExtractor   : extracted value ([id2_25_1_] : [BIGINT]) - [14]
2020-06-10 18:11:57.573 TRACE 55751 --- [    Test worker] o.h.type.descriptor.sql.BasicExtractor   : extracted value ([id2_25_0_] : [BIGINT]) - [15]
2020-06-10 18:11:57.573 TRACE 55751 --- [    Test worker] o.h.type.descriptor.sql.BasicExtractor   : extracted value ([dtype1_25_0_] : [VARCHAR]) - [Puhelinnumero]
2020-06-10 18:11:57.573 TRACE 55751 --- [    Test worker] o.h.type.descriptor.sql.BasicExtractor   : extracted value ([version3_25_0_] : [BIGINT]) - [0]
2020-06-10 18:11:57.573 TRACE 55751 --- [    Test worker] o.h.type.descriptor.sql.BasicExtractor   : extracted value ([kieli4_25_0_] : [VARCHAR]) - [kieli_fi#1]
2020-06-10 18:11:57.573 TRACE 55751 --- [    Test worker] o.h.type.descriptor.sql.BasicExtractor   : extracted value ([organis21_25_0_] : [BIGINT]) - [3]
2020-06-10 18:11:57.573 TRACE 55751 --- [    Test worker] o.h.type.descriptor.sql.BasicExtractor   : extracted value ([yhteysti5_25_0_] : [VARCHAR]) - [14175174064820.023236488244545495]
2020-06-10 18:11:57.573 TRACE 55751 --- [    Test worker] o.h.type.descriptor.sql.BasicExtractor   : extracted value ([puhelin18_25_0_] : [VARCHAR]) - [12345]
2020-06-10 18:11:57.573 TRACE 55751 --- [    Test worker] o.h.type.descriptor.sql.BasicExtractor   : extracted value ([tyyppi19_25_0_] : [VARCHAR]) - [puhelin]
2020-06-10 18:11:57.573 TRACE 55751 --- [    Test worker] o.h.type.descriptor.sql.BasicExtractor   : extracted value ([organis21_25_1_] : [BIGINT]) - [3]
2020-06-10 18:11:57.573 TRACE 55751 --- [    Test worker] o.h.type.descriptor.sql.BasicExtractor   : extracted value ([id2_25_1_] : [BIGINT]) - [15]
2020-06-10 18:11:57.573 TRACE 55751 --- [    Test worker] o.h.type.descriptor.sql.BasicExtractor   : extracted value ([id2_25_0_] : [BIGINT]) - [17]
2020-06-10 18:11:57.573 TRACE 55751 --- [    Test worker] o.h.type.descriptor.sql.BasicExtractor   : extracted value ([dtype1_25_0_] : [VARCHAR]) - [Www]
2020-06-10 18:11:57.573 TRACE 55751 --- [    Test worker] o.h.type.descriptor.sql.BasicExtractor   : extracted value ([version3_25_0_] : [BIGINT]) - [0]
2020-06-10 18:11:57.573 TRACE 55751 --- [    Test worker] o.h.type.descriptor.sql.BasicExtractor   : extracted value ([kieli4_25_0_] : [VARCHAR]) - [kieli_fi#1]
2020-06-10 18:11:57.573 TRACE 55751 --- [    Test worker] o.h.type.descriptor.sql.BasicExtractor   : extracted value ([organis21_25_0_] : [BIGINT]) - [3]
2020-06-10 18:11:57.573 TRACE 55751 --- [    Test worker] o.h.type.descriptor.sql.BasicExtractor   : extracted value ([yhteysti5_25_0_] : [VARCHAR]) - [14175174064820.6076819639840219]
2020-06-10 18:11:57.573 TRACE 55751 --- [    Test worker] o.h.type.descriptor.sql.BasicExtractor   : extracted value ([www_oso20_25_0_] : [VARCHAR]) - [http://www.oph.fi]
2020-06-10 18:11:57.573 TRACE 55751 --- [    Test worker] o.h.type.descriptor.sql.BasicExtractor   : extracted value ([organis21_25_1_] : [BIGINT]) - [3]
2020-06-10 18:11:57.573 TRACE 55751 --- [    Test worker] o.h.type.descriptor.sql.BasicExtractor   : extracted value ([id2_25_1_] : [BIGINT]) - [17]
2020-06-10 18:11:57.573 TRACE 55751 --- [    Test worker] o.h.type.descriptor.sql.BasicExtractor   : extracted value ([id2_25_0_] : [BIGINT]) - [18]
2020-06-10 18:11:57.573 TRACE 55751 --- [    Test worker] o.h.type.descriptor.sql.BasicExtractor   : extracted value ([dtype1_25_0_] : [VARCHAR]) - [Email]
2020-06-10 18:11:57.573 TRACE 55751 --- [    Test worker] o.h.type.descriptor.sql.BasicExtractor   : extracted value ([version3_25_0_] : [BIGINT]) - [0]
2020-06-10 18:11:57.573 TRACE 55751 --- [    Test worker] o.h.type.descriptor.sql.BasicExtractor   : extracted value ([kieli4_25_0_] : [VARCHAR]) - [kieli_fi#1]
2020-06-10 18:11:57.573 TRACE 55751 --- [    Test worker] o.h.type.descriptor.sql.BasicExtractor   : extracted value ([organis21_25_0_] : [BIGINT]) - [3]
2020-06-10 18:11:57.573 TRACE 55751 --- [    Test worker] o.h.type.descriptor.sql.BasicExtractor   : extracted value ([yhteysti5_25_0_] : [VARCHAR]) - [14175174064820.8327622948696073]
2020-06-10 18:11:57.573 TRACE 55751 --- [    Test worker] o.h.type.descriptor.sql.BasicExtractor   : extracted value ([email6_25_0_] : [VARCHAR]) - [testi@oph.fi]
2020-06-10 18:11:57.573 TRACE 55751 --- [    Test worker] o.h.type.descriptor.sql.BasicExtractor   : extracted value ([organis21_25_1_] : [BIGINT]) - [3]
2020-06-10 18:11:57.574 TRACE 55751 --- [    Test worker] o.h.type.descriptor.sql.BasicExtractor   : extracted value ([id2_25_1_] : [BIGINT]) - [18]
2020-06-10 18:11:57.574 TRACE 55751 --- [    Test worker] o.h.type.descriptor.sql.BasicExtractor   : extracted value ([id2_25_0_] : [BIGINT]) - [19]
2020-06-10 18:11:57.574 TRACE 55751 --- [    Test worker] o.h.type.descriptor.sql.BasicExtractor   : extracted value ([dtype1_25_0_] : [VARCHAR]) - [Osoite]
2020-06-10 18:11:57.574 TRACE 55751 --- [    Test worker] o.h.type.descriptor.sql.BasicExtractor   : extracted value ([version3_25_0_] : [BIGINT]) - [0]
2020-06-10 18:11:57.574 TRACE 55751 --- [    Test worker] o.h.type.descriptor.sql.BasicExtractor   : extracted value ([kieli4_25_0_] : [VARCHAR]) - [kieli_fi#1]
2020-06-10 18:11:57.574 TRACE 55751 --- [    Test worker] o.h.type.descriptor.sql.BasicExtractor   : extracted value ([organis21_25_0_] : [BIGINT]) - [4]
2020-06-10 18:11:57.574 TRACE 55751 --- [    Test worker] o.h.type.descriptor.sql.BasicExtractor   : extracted value ([yhteysti5_25_0_] : [VARCHAR]) - [14175174065080.4219192693239784]
2020-06-10 18:11:57.574 TRACE 55751 --- [    Test worker] o.h.type.descriptor.sql.BasicExtractor   : extracted value ([coordina7_25_0_] : [VARCHAR]) - [null]
2020-06-10 18:11:57.574 TRACE 55751 --- [    Test worker] o.h.type.descriptor.sql.BasicExtractor   : extracted value ([extrariv8_25_0_] : [VARCHAR]) - [null]
2020-06-10 18:11:57.574 TRACE 55751 --- [    Test worker] o.h.type.descriptor.sql.BasicExtractor   : extracted value ([lat9_25_0_] : [DOUBLE]) - [null]
2020-06-10 18:11:57.574 TRACE 55751 --- [    Test worker] o.h.type.descriptor.sql.BasicExtractor   : extracted value ([lng10_25_0_] : [DOUBLE]) - [null]
2020-06-10 18:11:57.574 TRACE 55751 --- [    Test worker] o.h.type.descriptor.sql.BasicExtractor   : extracted value ([maa11_25_0_] : [VARCHAR]) - [null]
2020-06-10 18:11:57.574 TRACE 55751 --- [    Test worker] o.h.type.descriptor.sql.BasicExtractor   : extracted value ([osavalt12_25_0_] : [VARCHAR]) - [null]
2020-06-10 18:11:57.574 TRACE 55751 --- [    Test worker] o.h.type.descriptor.sql.BasicExtractor   : extracted value ([osoite13_25_0_] : [VARCHAR]) - [Mannerheimintie 1]
2020-06-10 18:11:57.574 TRACE 55751 --- [    Test worker] o.h.type.descriptor.sql.BasicExtractor   : extracted value ([osoite_14_25_0_] : [VARCHAR]) - [posti]
2020-06-10 18:11:57.574 TRACE 55751 --- [    Test worker] o.h.type.descriptor.sql.BasicExtractor   : extracted value ([postinu15_25_0_] : [VARCHAR]) - [posti_00100]
2020-06-10 18:11:57.574 TRACE 55751 --- [    Test worker] o.h.type.descriptor.sql.BasicExtractor   : extracted value ([postito16_25_0_] : [VARCHAR]) - [Helsinki]
2020-06-10 18:11:57.574 TRACE 55751 --- [    Test worker] o.h.type.descriptor.sql.BasicExtractor   : extracted value ([ytjpaiv17_25_0_] : [DATE]) - [null]
2020-06-10 18:11:57.574 TRACE 55751 --- [    Test worker] o.h.type.descriptor.sql.BasicExtractor   : extracted value ([organis21_25_1_] : [BIGINT]) - [4]
2020-06-10 18:11:57.574 TRACE 55751 --- [    Test worker] o.h.type.descriptor.sql.BasicExtractor   : extracted value ([id2_25_1_] : [BIGINT]) - [19]
2020-06-10 18:11:57.574 TRACE 55751 --- [    Test worker] o.h.type.descriptor.sql.BasicExtractor   : extracted value ([id2_25_0_] : [BIGINT]) - [20]
2020-06-10 18:11:57.574 TRACE 55751 --- [    Test worker] o.h.type.descriptor.sql.BasicExtractor   : extracted value ([dtype1_25_0_] : [VARCHAR]) - [Osoite]
2020-06-10 18:11:57.574 TRACE 55751 --- [    Test worker] o.h.type.descriptor.sql.BasicExtractor   : extracted value ([version3_25_0_] : [BIGINT]) - [0]
2020-06-10 18:11:57.574 TRACE 55751 --- [    Test worker] o.h.type.descriptor.sql.BasicExtractor   : extracted value ([kieli4_25_0_] : [VARCHAR]) - [kieli_fi#1]
2020-06-10 18:11:57.574 TRACE 55751 --- [    Test worker] o.h.type.descriptor.sql.BasicExtractor   : extracted value ([organis21_25_0_] : [BIGINT]) - [4]
2020-06-10 18:11:57.574 TRACE 55751 --- [    Test worker] o.h.type.descriptor.sql.BasicExtractor   : extracted value ([yhteysti5_25_0_] : [VARCHAR]) - [14175174065080.550941563558955]
2020-06-10 18:11:57.574 TRACE 55751 --- [    Test worker] o.h.type.descriptor.sql.BasicExtractor   : extracted value ([coordina7_25_0_] : [VARCHAR]) - [null]
2020-06-10 18:11:57.574 TRACE 55751 --- [    Test worker] o.h.type.descriptor.sql.BasicExtractor   : extracted value ([extrariv8_25_0_] : [VARCHAR]) - [null]
2020-06-10 18:11:57.574 TRACE 55751 --- [    Test worker] o.h.type.descriptor.sql.BasicExtractor   : extracted value ([lat9_25_0_] : [DOUBLE]) - [null]
2020-06-10 18:11:57.574 TRACE 55751 --- [    Test worker] o.h.type.descriptor.sql.BasicExtractor   : extracted value ([lng10_25_0_] : [DOUBLE]) - [null]
2020-06-10 18:11:57.574 TRACE 55751 --- [    Test worker] o.h.type.descriptor.sql.BasicExtractor   : extracted value ([maa11_25_0_] : [VARCHAR]) - [null]
2020-06-10 18:11:57.574 TRACE 55751 --- [    Test worker] o.h.type.descriptor.sql.BasicExtractor   : extracted value ([osavalt12_25_0_] : [VARCHAR]) - [null]
2020-06-10 18:11:57.574 TRACE 55751 --- [    Test worker] o.h.type.descriptor.sql.BasicExtractor   : extracted value ([osoite13_25_0_] : [VARCHAR]) - [Mannerheimintie 1]
2020-06-10 18:11:57.574 TRACE 55751 --- [    Test worker] o.h.type.descriptor.sql.BasicExtractor   : extracted value ([osoite_14_25_0_] : [VARCHAR]) - [kaynti]
2020-06-10 18:11:57.574 TRACE 55751 --- [    Test worker] o.h.type.descriptor.sql.BasicExtractor   : extracted value ([postinu15_25_0_] : [VARCHAR]) - [posti_00100]
2020-06-10 18:11:57.575 TRACE 55751 --- [    Test worker] o.h.type.descriptor.sql.BasicExtractor   : extracted value ([postito16_25_0_] : [VARCHAR]) - [Helsinki]
2020-06-10 18:11:57.575 TRACE 55751 --- [    Test worker] o.h.type.descriptor.sql.BasicExtractor   : extracted value ([ytjpaiv17_25_0_] : [DATE]) - [null]
2020-06-10 18:11:57.575 TRACE 55751 --- [    Test worker] o.h.type.descriptor.sql.BasicExtractor   : extracted value ([organis21_25_1_] : [BIGINT]) - [4]
2020-06-10 18:11:57.575 TRACE 55751 --- [    Test worker] o.h.type.descriptor.sql.BasicExtractor   : extracted value ([id2_25_1_] : [BIGINT]) - [20]
2020-06-10 18:11:57.575 TRACE 55751 --- [    Test worker] o.h.type.descriptor.sql.BasicExtractor   : extracted value ([id2_25_0_] : [BIGINT]) - [21]
2020-06-10 18:11:57.575 TRACE 55751 --- [    Test worker] o.h.type.descriptor.sql.BasicExtractor   : extracted value ([dtype1_25_0_] : [VARCHAR]) - [Puhelinnumero]
2020-06-10 18:11:57.575 TRACE 55751 --- [    Test worker] o.h.type.descriptor.sql.BasicExtractor   : extracted value ([version3_25_0_] : [BIGINT]) - [0]
2020-06-10 18:11:57.575 TRACE 55751 --- [    Test worker] o.h.type.descriptor.sql.BasicExtractor   : extracted value ([kieli4_25_0_] : [VARCHAR]) - [kieli_fi#1]
2020-06-10 18:11:57.575 TRACE 55751 --- [    Test worker] o.h.type.descriptor.sql.BasicExtractor   : extracted value ([organis21_25_0_] : [BIGINT]) - [4]
2020-06-10 18:11:57.575 TRACE 55751 --- [    Test worker] o.h.type.descriptor.sql.BasicExtractor   : extracted value ([yhteysti5_25_0_] : [VARCHAR]) - [14175174065080.10010532775601144]
2020-06-10 18:11:57.575 TRACE 55751 --- [    Test worker] o.h.type.descriptor.sql.BasicExtractor   : extracted value ([puhelin18_25_0_] : [VARCHAR]) - [12345]
2020-06-10 18:11:57.575 TRACE 55751 --- [    Test worker] o.h.type.descriptor.sql.BasicExtractor   : extracted value ([tyyppi19_25_0_] : [VARCHAR]) - [puhelin]
2020-06-10 18:11:57.575 TRACE 55751 --- [    Test worker] o.h.type.descriptor.sql.BasicExtractor   : extracted value ([organis21_25_1_] : [BIGINT]) - [4]
2020-06-10 18:11:57.575 TRACE 55751 --- [    Test worker] o.h.type.descriptor.sql.BasicExtractor   : extracted value ([id2_25_1_] : [BIGINT]) - [21]
2020-06-10 18:11:57.575 TRACE 55751 --- [    Test worker] o.h.type.descriptor.sql.BasicExtractor   : extracted value ([id2_25_0_] : [BIGINT]) - [23]
2020-06-10 18:11:57.575 TRACE 55751 --- [    Test worker] o.h.type.descriptor.sql.BasicExtractor   : extracted value ([dtype1_25_0_] : [VARCHAR]) - [Www]
2020-06-10 18:11:57.575 TRACE 55751 --- [    Test worker] o.h.type.descriptor.sql.BasicExtractor   : extracted value ([version3_25_0_] : [BIGINT]) - [0]
2020-06-10 18:11:57.575 TRACE 55751 --- [    Test worker] o.h.type.descriptor.sql.BasicExtractor   : extracted value ([kieli4_25_0_] : [VARCHAR]) - [kieli_fi#1]
2020-06-10 18:11:57.575 TRACE 55751 --- [    Test worker] o.h.type.descriptor.sql.BasicExtractor   : extracted value ([organis21_25_0_] : [BIGINT]) - [4]
2020-06-10 18:11:57.575 TRACE 55751 --- [    Test worker] o.h.type.descriptor.sql.BasicExtractor   : extracted value ([yhteysti5_25_0_] : [VARCHAR]) - [14175174065080.48943728578096246]
2020-06-10 18:11:57.575 TRACE 55751 --- [    Test worker] o.h.type.descriptor.sql.BasicExtractor   : extracted value ([www_oso20_25_0_] : [VARCHAR]) - [http://www.oph.fi]
2020-06-10 18:11:57.575 TRACE 55751 --- [    Test worker] o.h.type.descriptor.sql.BasicExtractor   : extracted value ([organis21_25_1_] : [BIGINT]) - [4]
2020-06-10 18:11:57.575 TRACE 55751 --- [    Test worker] o.h.type.descriptor.sql.BasicExtractor   : extracted value ([id2_25_1_] : [BIGINT]) - [23]
2020-06-10 18:11:57.575 TRACE 55751 --- [    Test worker] o.h.type.descriptor.sql.BasicExtractor   : extracted value ([id2_25_0_] : [BIGINT]) - [24]
2020-06-10 18:11:57.575 TRACE 55751 --- [    Test worker] o.h.type.descriptor.sql.BasicExtractor   : extracted value ([dtype1_25_0_] : [VARCHAR]) - [Email]
2020-06-10 18:11:57.575 TRACE 55751 --- [    Test worker] o.h.type.descriptor.sql.BasicExtractor   : extracted value ([version3_25_0_] : [BIGINT]) - [0]
2020-06-10 18:11:57.575 TRACE 55751 --- [    Test worker] o.h.type.descriptor.sql.BasicExtractor   : extracted value ([kieli4_25_0_] : [VARCHAR]) - [kieli_fi#1]
2020-06-10 18:11:57.575 TRACE 55751 --- [    Test worker] o.h.type.descriptor.sql.BasicExtractor   : extracted value ([organis21_25_0_] : [BIGINT]) - [4]
2020-06-10 18:11:57.575 TRACE 55751 --- [    Test worker] o.h.type.descriptor.sql.BasicExtractor   : extracted value ([yhteysti5_25_0_] : [VARCHAR]) - [14175174065080.4533891151600614]
2020-06-10 18:11:57.575 TRACE 55751 --- [    Test worker] o.h.type.descriptor.sql.BasicExtractor   : extracted value ([email6_25_0_] : [VARCHAR]) - [testi@oph.fi]
2020-06-10 18:11:57.575 TRACE 55751 --- [    Test worker] o.h.type.descriptor.sql.BasicExtractor   : extracted value ([organis21_25_1_] : [BIGINT]) - [4]
2020-06-10 18:11:57.575 TRACE 55751 --- [    Test worker] o.h.type.descriptor.sql.BasicExtractor   : extracted value ([id2_25_1_] : [BIGINT]) - [24]
2020-06-10 18:11:57.575 TRACE 55751 --- [    Test worker] o.h.type.descriptor.sql.BasicExtractor   : extracted value ([id2_25_0_] : [BIGINT]) - [25]
2020-06-10 18:11:57.575 TRACE 55751 --- [    Test worker] o.h.type.descriptor.sql.BasicExtractor   : extracted value ([dtype1_25_0_] : [VARCHAR]) - [Osoite]
2020-06-10 18:11:57.575 TRACE 55751 --- [    Test worker] o.h.type.descriptor.sql.BasicExtractor   : extracted value ([version3_25_0_] : [BIGINT]) - [0]
2020-06-10 18:11:57.575 TRACE 55751 --- [    Test worker] o.h.type.descriptor.sql.BasicExtractor   : extracted value ([kieli4_25_0_] : [VARCHAR]) - [kieli_fi#1]
2020-06-10 18:11:57.575 TRACE 55751 --- [    Test worker] o.h.type.descriptor.sql.BasicExtractor   : extracted value ([organis21_25_0_] : [BIGINT]) - [5]
2020-06-10 18:11:57.575 TRACE 55751 --- [    Test worker] o.h.type.descriptor.sql.BasicExtractor   : extracted value ([yhteysti5_25_0_] : [VARCHAR]) - [14175174065360.6247828466966071]
2020-06-10 18:11:57.576 TRACE 55751 --- [    Test worker] o.h.type.descriptor.sql.BasicExtractor   : extracted value ([coordina7_25_0_] : [VARCHAR]) - [null]
2020-06-10 18:11:57.576 TRACE 55751 --- [    Test worker] o.h.type.descriptor.sql.BasicExtractor   : extracted value ([extrariv8_25_0_] : [VARCHAR]) - [null]
2020-06-10 18:11:57.576 TRACE 55751 --- [    Test worker] o.h.type.descriptor.sql.BasicExtractor   : extracted value ([lat9_25_0_] : [DOUBLE]) - [null]
2020-06-10 18:11:57.576 TRACE 55751 --- [    Test worker] o.h.type.descriptor.sql.BasicExtractor   : extracted value ([lng10_25_0_] : [DOUBLE]) - [null]
2020-06-10 18:11:57.576 TRACE 55751 --- [    Test worker] o.h.type.descriptor.sql.BasicExtractor   : extracted value ([maa11_25_0_] : [VARCHAR]) - [null]
2020-06-10 18:11:57.576 TRACE 55751 --- [    Test worker] o.h.type.descriptor.sql.BasicExtractor   : extracted value ([osavalt12_25_0_] : [VARCHAR]) - [null]
2020-06-10 18:11:57.576 TRACE 55751 --- [    Test worker] o.h.type.descriptor.sql.BasicExtractor   : extracted value ([osoite13_25_0_] : [VARCHAR]) - [Mannerheimintie 1]
2020-06-10 18:11:57.576 TRACE 55751 --- [    Test worker] o.h.type.descriptor.sql.BasicExtractor   : extracted value ([osoite_14_25_0_] : [VARCHAR]) - [posti]
2020-06-10 18:11:57.576 TRACE 55751 --- [    Test worker] o.h.type.descriptor.sql.BasicExtractor   : extracted value ([postinu15_25_0_] : [VARCHAR]) - [posti_00100]
2020-06-10 18:11:57.576 TRACE 55751 --- [    Test worker] o.h.type.descriptor.sql.BasicExtractor   : extracted value ([postito16_25_0_] : [VARCHAR]) - [Helsinki]
2020-06-10 18:11:57.576 TRACE 55751 --- [    Test worker] o.h.type.descriptor.sql.BasicExtractor   : extracted value ([ytjpaiv17_25_0_] : [DATE]) - [null]
2020-06-10 18:11:57.576 TRACE 55751 --- [    Test worker] o.h.type.descriptor.sql.BasicExtractor   : extracted value ([organis21_25_1_] : [BIGINT]) - [5]
2020-06-10 18:11:57.576 TRACE 55751 --- [    Test worker] o.h.type.descriptor.sql.BasicExtractor   : extracted value ([id2_25_1_] : [BIGINT]) - [25]
2020-06-10 18:11:57.576 TRACE 55751 --- [    Test worker] o.h.type.descriptor.sql.BasicExtractor   : extracted value ([id2_25_0_] : [BIGINT]) - [26]
2020-06-10 18:11:57.576 TRACE 55751 --- [    Test worker] o.h.type.descriptor.sql.BasicExtractor   : extracted value ([dtype1_25_0_] : [VARCHAR]) - [Osoite]
2020-06-10 18:11:57.576 TRACE 55751 --- [    Test worker] o.h.type.descriptor.sql.BasicExtractor   : extracted value ([version3_25_0_] : [BIGINT]) - [0]
2020-06-10 18:11:57.576 TRACE 55751 --- [    Test worker] o.h.type.descriptor.sql.BasicExtractor   : extracted value ([kieli4_25_0_] : [VARCHAR]) - [kieli_fi#1]
2020-06-10 18:11:57.576 TRACE 55751 --- [    Test worker] o.h.type.descriptor.sql.BasicExtractor   : extracted value ([organis21_25_0_] : [BIGINT]) - [5]
2020-06-10 18:11:57.576 TRACE 55751 --- [    Test worker] o.h.type.descriptor.sql.BasicExtractor   : extracted value ([yhteysti5_25_0_] : [VARCHAR]) - [14175174065360.9464436263842728]
2020-06-10 18:11:57.576 TRACE 55751 --- [    Test worker] o.h.type.descriptor.sql.BasicExtractor   : extracted value ([coordina7_25_0_] : [VARCHAR]) - [null]
2020-06-10 18:11:57.576 TRACE 55751 --- [    Test worker] o.h.type.descriptor.sql.BasicExtractor   : extracted value ([extrariv8_25_0_] : [VARCHAR]) - [null]
2020-06-10 18:11:57.576 TRACE 55751 --- [    Test worker] o.h.type.descriptor.sql.BasicExtractor   : extracted value ([lat9_25_0_] : [DOUBLE]) - [null]
2020-06-10 18:11:57.576 TRACE 55751 --- [    Test worker] o.h.type.descriptor.sql.BasicExtractor   : extracted value ([lng10_25_0_] : [DOUBLE]) - [null]
2020-06-10 18:11:57.576 TRACE 55751 --- [    Test worker] o.h.type.descriptor.sql.BasicExtractor   : extracted value ([maa11_25_0_] : [VARCHAR]) - [null]
2020-06-10 18:11:57.576 TRACE 55751 --- [    Test worker] o.h.type.descriptor.sql.BasicExtractor   : extracted value ([osavalt12_25_0_] : [VARCHAR]) - [null]
2020-06-10 18:11:57.576 TRACE 55751 --- [    Test worker] o.h.type.descriptor.sql.BasicExtractor   : extracted value ([osoite13_25_0_] : [VARCHAR]) - [Mannerheimintie 1]
2020-06-10 18:11:57.576 TRACE 55751 --- [    Test worker] o.h.type.descriptor.sql.BasicExtractor   : extracted value ([osoite_14_25_0_] : [VARCHAR]) - [kaynti]
2020-06-10 18:11:57.576 TRACE 55751 --- [    Test worker] o.h.type.descriptor.sql.BasicExtractor   : extracted value ([postinu15_25_0_] : [VARCHAR]) - [posti_00100]
2020-06-10 18:11:57.576 TRACE 55751 --- [    Test worker] o.h.type.descriptor.sql.BasicExtractor   : extracted value ([postito16_25_0_] : [VARCHAR]) - [Helsinki]
2020-06-10 18:11:57.576 TRACE 55751 --- [    Test worker] o.h.type.descriptor.sql.BasicExtractor   : extracted value ([ytjpaiv17_25_0_] : [DATE]) - [null]
2020-06-10 18:11:57.576 TRACE 55751 --- [    Test worker] o.h.type.descriptor.sql.BasicExtractor   : extracted value ([organis21_25_1_] : [BIGINT]) - [5]
2020-06-10 18:11:57.576 TRACE 55751 --- [    Test worker] o.h.type.descriptor.sql.BasicExtractor   : extracted value ([id2_25_1_] : [BIGINT]) - [26]
2020-06-10 18:11:57.576 TRACE 55751 --- [    Test worker] o.h.type.descriptor.sql.BasicExtractor   : extracted value ([id2_25_0_] : [BIGINT]) - [27]
2020-06-10 18:11:57.576 TRACE 55751 --- [    Test worker] o.h.type.descriptor.sql.BasicExtractor   : extracted value ([dtype1_25_0_] : [VARCHAR]) - [Puhelinnumero]
2020-06-10 18:11:57.576 TRACE 55751 --- [    Test worker] o.h.type.descriptor.sql.BasicExtractor   : extracted value ([version3_25_0_] : [BIGINT]) - [0]
2020-06-10 18:11:57.576 TRACE 55751 --- [    Test worker] o.h.type.descriptor.sql.BasicExtractor   : extracted value ([kieli4_25_0_] : [VARCHAR]) - [kieli_fi#1]
2020-06-10 18:11:57.576 TRACE 55751 --- [    Test worker] o.h.type.descriptor.sql.BasicExtractor   : extracted value ([organis21_25_0_] : [BIGINT]) - [5]
2020-06-10 18:11:57.576 TRACE 55751 --- [    Test worker] o.h.type.descriptor.sql.BasicExtractor   : extracted value ([yhteysti5_25_0_] : [VARCHAR]) - [14175174065360.2214006361289652]
2020-06-10 18:11:57.576 TRACE 55751 --- [    Test worker] o.h.type.descriptor.sql.BasicExtractor   : extracted value ([puhelin18_25_0_] : [VARCHAR]) - [12345]
2020-06-10 18:11:57.576 TRACE 55751 --- [    Test worker] o.h.type.descriptor.sql.BasicExtractor   : extracted value ([tyyppi19_25_0_] : [VARCHAR]) - [puhelin]
2020-06-10 18:11:57.576 TRACE 55751 --- [    Test worker] o.h.type.descriptor.sql.BasicExtractor   : extracted value ([organis21_25_1_] : [BIGINT]) - [5]
2020-06-10 18:11:57.576 TRACE 55751 --- [    Test worker] o.h.type.descriptor.sql.BasicExtractor   : extracted value ([id2_25_1_] : [BIGINT]) - [27]
2020-06-10 18:11:57.576 TRACE 55751 --- [    Test worker] o.h.type.descriptor.sql.BasicExtractor   : extracted value ([id2_25_0_] : [BIGINT]) - [29]
2020-06-10 18:11:57.576 TRACE 55751 --- [    Test worker] o.h.type.descriptor.sql.BasicExtractor   : extracted value ([dtype1_25_0_] : [VARCHAR]) - [Www]
2020-06-10 18:11:57.576 TRACE 55751 --- [    Test worker] o.h.type.descriptor.sql.BasicExtractor   : extracted value ([version3_25_0_] : [BIGINT]) - [0]
2020-06-10 18:11:57.576 TRACE 55751 --- [    Test worker] o.h.type.descriptor.sql.BasicExtractor   : extracted value ([kieli4_25_0_] : [VARCHAR]) - [kieli_fi#1]
2020-06-10 18:11:57.576 TRACE 55751 --- [    Test worker] o.h.type.descriptor.sql.BasicExtractor   : extracted value ([organis21_25_0_] : [BIGINT]) - [5]
2020-06-10 18:11:57.576 TRACE 55751 --- [    Test worker] o.h.type.descriptor.sql.BasicExtractor   : extracted value ([yhteysti5_25_0_] : [VARCHAR]) - [14175174065360.6067320470604116]
2020-06-10 18:11:57.576 TRACE 55751 --- [    Test worker] o.h.type.descriptor.sql.BasicExtractor   : extracted value ([www_oso20_25_0_] : [VARCHAR]) - [http://www.oph.fi]
2020-06-10 18:11:57.576 TRACE 55751 --- [    Test worker] o.h.type.descriptor.sql.BasicExtractor   : extracted value ([organis21_25_1_] : [BIGINT]) - [5]
2020-06-10 18:11:57.576 TRACE 55751 --- [    Test worker] o.h.type.descriptor.sql.BasicExtractor   : extracted value ([id2_25_1_] : [BIGINT]) - [29]
2020-06-10 18:11:57.576 TRACE 55751 --- [    Test worker] o.h.type.descriptor.sql.BasicExtractor   : extracted value ([id2_25_0_] : [BIGINT]) - [30]
2020-06-10 18:11:57.576 TRACE 55751 --- [    Test worker] o.h.type.descriptor.sql.BasicExtractor   : extracted value ([dtype1_25_0_] : [VARCHAR]) - [Email]
2020-06-10 18:11:57.576 TRACE 55751 --- [    Test worker] o.h.type.descriptor.sql.BasicExtractor   : extracted value ([version3_25_0_] : [BIGINT]) - [0]
2020-06-10 18:11:57.576 TRACE 55751 --- [    Test worker] o.h.type.descriptor.sql.BasicExtractor   : extracted value ([kieli4_25_0_] : [VARCHAR]) - [kieli_fi#1]
2020-06-10 18:11:57.576 TRACE 55751 --- [    Test worker] o.h.type.descriptor.sql.BasicExtractor   : extracted value ([organis21_25_0_] : [BIGINT]) - [5]
2020-06-10 18:11:57.576 TRACE 55751 --- [    Test worker] o.h.type.descriptor.sql.BasicExtractor   : extracted value ([yhteysti5_25_0_] : [VARCHAR]) - [14175174065360.7605481160245522]
2020-06-10 18:11:57.576 TRACE 55751 --- [    Test worker] o.h.type.descriptor.sql.BasicExtractor   : extracted value ([email6_25_0_] : [VARCHAR]) - [testi@oph.fi]
2020-06-10 18:11:57.576 TRACE 55751 --- [    Test worker] o.h.type.descriptor.sql.BasicExtractor   : extracted value ([organis21_25_1_] : [BIGINT]) - [5]
2020-06-10 18:11:57.577 TRACE 55751 --- [    Test worker] o.h.type.descriptor.sql.BasicExtractor   : extracted value ([id2_25_1_] : [BIGINT]) - [30]
2020-06-10 18:11:57.577 TRACE 55751 --- [    Test worker] o.h.type.descriptor.sql.BasicExtractor   : extracted value ([id2_25_0_] : [BIGINT]) - [31]
2020-06-10 18:11:57.577 TRACE 55751 --- [    Test worker] o.h.type.descriptor.sql.BasicExtractor   : extracted value ([dtype1_25_0_] : [VARCHAR]) - [Osoite]
2020-06-10 18:11:57.577 TRACE 55751 --- [    Test worker] o.h.type.descriptor.sql.BasicExtractor   : extracted value ([version3_25_0_] : [BIGINT]) - [0]
2020-06-10 18:11:57.577 TRACE 55751 --- [    Test worker] o.h.type.descriptor.sql.BasicExtractor   : extracted value ([kieli4_25_0_] : [VARCHAR]) - [kieli_fi#1]
2020-06-10 18:11:57.577 TRACE 55751 --- [    Test worker] o.h.type.descriptor.sql.BasicExtractor   : extracted value ([organis21_25_0_] : [BIGINT]) - [6]
2020-06-10 18:11:57.577 TRACE 55751 --- [    Test worker] o.h.type.descriptor.sql.BasicExtractor   : extracted value ([yhteysti5_25_0_] : [VARCHAR]) - [14175174065630.9590734144321167]
2020-06-10 18:11:57.577 TRACE 55751 --- [    Test worker] o.h.type.descriptor.sql.BasicExtractor   : extracted value ([coordina7_25_0_] : [VARCHAR]) - [null]
2020-06-10 18:11:57.577 TRACE 55751 --- [    Test worker] o.h.type.descriptor.sql.BasicExtractor   : extracted value ([extrariv8_25_0_] : [VARCHAR]) - [null]
2020-06-10 18:11:57.577 TRACE 55751 --- [    Test worker] o.h.type.descriptor.sql.BasicExtractor   : extracted value ([lat9_25_0_] : [DOUBLE]) - [null]
2020-06-10 18:11:57.577 TRACE 55751 --- [    Test worker] o.h.type.descriptor.sql.BasicExtractor   : extracted value ([lng10_25_0_] : [DOUBLE]) - [null]
2020-06-10 18:11:57.577 TRACE 55751 --- [    Test worker] o.h.type.descriptor.sql.BasicExtractor   : extracted value ([maa11_25_0_] : [VARCHAR]) - [null]
2020-06-10 18:11:57.577 TRACE 55751 --- [    Test worker] o.h.type.descriptor.sql.BasicExtractor   : extracted value ([osavalt12_25_0_] : [VARCHAR]) - [null]
2020-06-10 18:11:57.577 TRACE 55751 --- [    Test worker] o.h.type.descriptor.sql.BasicExtractor   : extracted value ([osoite13_25_0_] : [VARCHAR]) - [Mannerheimintie 1]
2020-06-10 18:11:57.577 TRACE 55751 --- [    Test worker] o.h.type.descriptor.sql.BasicExtractor   : extracted value ([osoite_14_25_0_] : [VARCHAR]) - [posti]
2020-06-10 18:11:57.577 TRACE 55751 --- [    Test worker] o.h.type.descriptor.sql.BasicExtractor   : extracted value ([postinu15_25_0_] : [VARCHAR]) - [posti_00100]
2020-06-10 18:11:57.577 TRACE 55751 --- [    Test worker] o.h.type.descriptor.sql.BasicExtractor   : extracted value ([postito16_25_0_] : [VARCHAR]) - [Helsinki]
2020-06-10 18:11:57.577 TRACE 55751 --- [    Test worker] o.h.type.descriptor.sql.BasicExtractor   : extracted value ([ytjpaiv17_25_0_] : [DATE]) - [null]
2020-06-10 18:11:57.577 TRACE 55751 --- [    Test worker] o.h.type.descriptor.sql.BasicExtractor   : extracted value ([organis21_25_1_] : [BIGINT]) - [6]
2020-06-10 18:11:57.577 TRACE 55751 --- [    Test worker] o.h.type.descriptor.sql.BasicExtractor   : extracted value ([id2_25_1_] : [BIGINT]) - [31]
2020-06-10 18:11:57.577 TRACE 55751 --- [    Test worker] o.h.type.descriptor.sql.BasicExtractor   : extracted value ([id2_25_0_] : [BIGINT]) - [32]
2020-06-10 18:11:57.577 TRACE 55751 --- [    Test worker] o.h.type.descriptor.sql.BasicExtractor   : extracted value ([dtype1_25_0_] : [VARCHAR]) - [Osoite]
2020-06-10 18:11:57.577 TRACE 55751 --- [    Test worker] o.h.type.descriptor.sql.BasicExtractor   : extracted value ([version3_25_0_] : [BIGINT]) - [0]
2020-06-10 18:11:57.577 TRACE 55751 --- [    Test worker] o.h.type.descriptor.sql.BasicExtractor   : extracted value ([kieli4_25_0_] : [VARCHAR]) - [kieli_fi#1]
2020-06-10 18:11:57.577 TRACE 55751 --- [    Test worker] o.h.type.descriptor.sql.BasicExtractor   : extracted value ([organis21_25_0_] : [BIGINT]) - [6]
2020-06-10 18:11:57.577 TRACE 55751 --- [    Test worker] o.h.type.descriptor.sql.BasicExtractor   : extracted value ([yhteysti5_25_0_] : [VARCHAR]) - [14175174065630.7513744924059244]
2020-06-10 18:11:57.577 TRACE 55751 --- [    Test worker] o.h.type.descriptor.sql.BasicExtractor   : extracted value ([coordina7_25_0_] : [VARCHAR]) - [null]
2020-06-10 18:11:57.577 TRACE 55751 --- [    Test worker] o.h.type.descriptor.sql.BasicExtractor   : extracted value ([extrariv8_25_0_] : [VARCHAR]) - [null]
2020-06-10 18:11:57.577 TRACE 55751 --- [    Test worker] o.h.type.descriptor.sql.BasicExtractor   : extracted value ([lat9_25_0_] : [DOUBLE]) - [null]
2020-06-10 18:11:57.577 TRACE 55751 --- [    Test worker] o.h.type.descriptor.sql.BasicExtractor   : extracted value ([lng10_25_0_] : [DOUBLE]) - [null]
2020-06-10 18:11:57.577 TRACE 55751 --- [    Test worker] o.h.type.descriptor.sql.BasicExtractor   : extracted value ([maa11_25_0_] : [VARCHAR]) - [null]
2020-06-10 18:11:57.577 TRACE 55751 --- [    Test worker] o.h.type.descriptor.sql.BasicExtractor   : extracted value ([osavalt12_25_0_] : [VARCHAR]) - [null]
2020-06-10 18:11:57.577 TRACE 55751 --- [    Test worker] o.h.type.descriptor.sql.BasicExtractor   : extracted value ([osoite13_25_0_] : [VARCHAR]) - [Mannerheimintie 1]
2020-06-10 18:11:57.577 TRACE 55751 --- [    Test worker] o.h.type.descriptor.sql.BasicExtractor   : extracted value ([osoite_14_25_0_] : [VARCHAR]) - [kaynti]
2020-06-10 18:11:57.577 TRACE 55751 --- [    Test worker] o.h.type.descriptor.sql.BasicExtractor   : extracted value ([postinu15_25_0_] : [VARCHAR]) - [posti_00100]
2020-06-10 18:11:57.577 TRACE 55751 --- [    Test worker] o.h.type.descriptor.sql.BasicExtractor   : extracted value ([postito16_25_0_] : [VARCHAR]) - [Helsinki]
2020-06-10 18:11:57.577 TRACE 55751 --- [    Test worker] o.h.type.descriptor.sql.BasicExtractor   : extracted value ([ytjpaiv17_25_0_] : [DATE]) - [null]
2020-06-10 18:11:57.577 TRACE 55751 --- [    Test worker] o.h.type.descriptor.sql.BasicExtractor   : extracted value ([organis21_25_1_] : [BIGINT]) - [6]
2020-06-10 18:11:57.577 TRACE 55751 --- [    Test worker] o.h.type.descriptor.sql.BasicExtractor   : extracted value ([id2_25_1_] : [BIGINT]) - [32]
2020-06-10 18:11:57.577 TRACE 55751 --- [    Test worker] o.h.type.descriptor.sql.BasicExtractor   : extracted value ([id2_25_0_] : [BIGINT]) - [33]
2020-06-10 18:11:57.577 TRACE 55751 --- [    Test worker] o.h.type.descriptor.sql.BasicExtractor   : extracted value ([dtype1_25_0_] : [VARCHAR]) - [Puhelinnumero]
2020-06-10 18:11:57.577 TRACE 55751 --- [    Test worker] o.h.type.descriptor.sql.BasicExtractor   : extracted value ([version3_25_0_] : [BIGINT]) - [0]
2020-06-10 18:11:57.577 TRACE 55751 --- [    Test worker] o.h.type.descriptor.sql.BasicExtractor   : extracted value ([kieli4_25_0_] : [VARCHAR]) - [kieli_fi#1]
2020-06-10 18:11:57.577 TRACE 55751 --- [    Test worker] o.h.type.descriptor.sql.BasicExtractor   : extracted value ([organis21_25_0_] : [BIGINT]) - [6]
2020-06-10 18:11:57.577 TRACE 55751 --- [    Test worker] o.h.type.descriptor.sql.BasicExtractor   : extracted value ([yhteysti5_25_0_] : [VARCHAR]) - [14175174065630.6480495083244752]
2020-06-10 18:11:57.577 TRACE 55751 --- [    Test worker] o.h.type.descriptor.sql.BasicExtractor   : extracted value ([puhelin18_25_0_] : [VARCHAR]) - [12345]
2020-06-10 18:11:57.577 TRACE 55751 --- [    Test worker] o.h.type.descriptor.sql.BasicExtractor   : extracted value ([tyyppi19_25_0_] : [VARCHAR]) - [puhelin]
2020-06-10 18:11:57.577 TRACE 55751 --- [    Test worker] o.h.type.descriptor.sql.BasicExtractor   : extracted value ([organis21_25_1_] : [BIGINT]) - [6]
2020-06-10 18:11:57.577 TRACE 55751 --- [    Test worker] o.h.type.descriptor.sql.BasicExtractor   : extracted value ([id2_25_1_] : [BIGINT]) - [33]
2020-06-10 18:11:57.578 TRACE 55751 --- [    Test worker] o.h.type.descriptor.sql.BasicExtractor   : extracted value ([id2_25_0_] : [BIGINT]) - [35]
2020-06-10 18:11:57.578 TRACE 55751 --- [    Test worker] o.h.type.descriptor.sql.BasicExtractor   : extracted value ([dtype1_25_0_] : [VARCHAR]) - [Www]
2020-06-10 18:11:57.578 TRACE 55751 --- [    Test worker] o.h.type.descriptor.sql.BasicExtractor   : extracted value ([version3_25_0_] : [BIGINT]) - [0]
2020-06-10 18:11:57.578 TRACE 55751 --- [    Test worker] o.h.type.descriptor.sql.BasicExtractor   : extracted value ([kieli4_25_0_] : [VARCHAR]) - [kieli_fi#1]
2020-06-10 18:11:57.578 TRACE 55751 --- [    Test worker] o.h.type.descriptor.sql.BasicExtractor   : extracted value ([organis21_25_0_] : [BIGINT]) - [6]
2020-06-10 18:11:57.578 TRACE 55751 --- [    Test worker] o.h.type.descriptor.sql.BasicExtractor   : extracted value ([yhteysti5_25_0_] : [VARCHAR]) - [14175174065630.6106530088032424]
2020-06-10 18:11:57.578 TRACE 55751 --- [    Test worker] o.h.type.descriptor.sql.BasicExtractor   : extracted value ([www_oso20_25_0_] : [VARCHAR]) - [http://www.oph.fi]
2020-06-10 18:11:57.578 TRACE 55751 --- [    Test worker] o.h.type.descriptor.sql.BasicExtractor   : extracted value ([organis21_25_1_] : [BIGINT]) - [6]
2020-06-10 18:11:57.578 TRACE 55751 --- [    Test worker] o.h.type.descriptor.sql.BasicExtractor   : extracted value ([id2_25_1_] : [BIGINT]) - [35]
2020-06-10 18:11:57.578 TRACE 55751 --- [    Test worker] o.h.type.descriptor.sql.BasicExtractor   : extracted value ([id2_25_0_] : [BIGINT]) - [36]
2020-06-10 18:11:57.578 TRACE 55751 --- [    Test worker] o.h.type.descriptor.sql.BasicExtractor   : extracted value ([dtype1_25_0_] : [VARCHAR]) - [Email]
2020-06-10 18:11:57.578 TRACE 55751 --- [    Test worker] o.h.type.descriptor.sql.BasicExtractor   : extracted value ([version3_25_0_] : [BIGINT]) - [0]
2020-06-10 18:11:57.578 TRACE 55751 --- [    Test worker] o.h.type.descriptor.sql.BasicExtractor   : extracted value ([kieli4_25_0_] : [VARCHAR]) - [kieli_fi#1]
2020-06-10 18:11:57.578 TRACE 55751 --- [    Test worker] o.h.type.descriptor.sql.BasicExtractor   : extracted value ([organis21_25_0_] : [BIGINT]) - [6]
2020-06-10 18:11:57.578 TRACE 55751 --- [    Test worker] o.h.type.descriptor.sql.BasicExtractor   : extracted value ([yhteysti5_25_0_] : [VARCHAR]) - [14175174065630.7174733712778176]
2020-06-10 18:11:57.578 TRACE 55751 --- [    Test worker] o.h.type.descriptor.sql.BasicExtractor   : extracted value ([email6_25_0_] : [VARCHAR]) - [testi@oph.fi]
2020-06-10 18:11:57.578 TRACE 55751 --- [    Test worker] o.h.type.descriptor.sql.BasicExtractor   : extracted value ([organis21_25_1_] : [BIGINT]) - [6]
2020-06-10 18:11:57.578 TRACE 55751 --- [    Test worker] o.h.type.descriptor.sql.BasicExtractor   : extracted value ([id2_25_1_] : [BIGINT]) - [36]
2020-06-10 18:11:57.578 TRACE 55751 --- [    Test worker] o.h.type.descriptor.sql.BasicExtractor   : extracted value ([id2_25_0_] : [BIGINT]) - [37]
2020-06-10 18:11:57.578 TRACE 55751 --- [    Test worker] o.h.type.descriptor.sql.BasicExtractor   : extracted value ([dtype1_25_0_] : [VARCHAR]) - [Osoite]
2020-06-10 18:11:57.578 TRACE 55751 --- [    Test worker] o.h.type.descriptor.sql.BasicExtractor   : extracted value ([version3_25_0_] : [BIGINT]) - [0]
2020-06-10 18:11:57.578 TRACE 55751 --- [    Test worker] o.h.type.descriptor.sql.BasicExtractor   : extracted value ([kieli4_25_0_] : [VARCHAR]) - [kieli_fi#1]
2020-06-10 18:11:57.578 TRACE 55751 --- [    Test worker] o.h.type.descriptor.sql.BasicExtractor   : extracted value ([organis21_25_0_] : [BIGINT]) - [7]
2020-06-10 18:11:57.578 TRACE 55751 --- [    Test worker] o.h.type.descriptor.sql.BasicExtractor   : extracted value ([yhteysti5_25_0_] : [VARCHAR]) - [14175174066030.7317595529754113]
2020-06-10 18:11:57.578 TRACE 55751 --- [    Test worker] o.h.type.descriptor.sql.BasicExtractor   : extracted value ([coordina7_25_0_] : [VARCHAR]) - [null]
2020-06-10 18:11:57.578 TRACE 55751 --- [    Test worker] o.h.type.descriptor.sql.BasicExtractor   : extracted value ([extrariv8_25_0_] : [VARCHAR]) - [null]
2020-06-10 18:11:57.578 TRACE 55751 --- [    Test worker] o.h.type.descriptor.sql.BasicExtractor   : extracted value ([lat9_25_0_] : [DOUBLE]) - [null]
2020-06-10 18:11:57.578 TRACE 55751 --- [    Test worker] o.h.type.descriptor.sql.BasicExtractor   : extracted value ([lng10_25_0_] : [DOUBLE]) - [null]
2020-06-10 18:11:57.578 TRACE 55751 --- [    Test worker] o.h.type.descriptor.sql.BasicExtractor   : extracted value ([maa11_25_0_] : [VARCHAR]) - [null]
2020-06-10 18:11:57.578 TRACE 55751 --- [    Test worker] o.h.type.descriptor.sql.BasicExtractor   : extracted value ([osavalt12_25_0_] : [VARCHAR]) - [null]
2020-06-10 18:11:57.578 TRACE 55751 --- [    Test worker] o.h.type.descriptor.sql.BasicExtractor   : extracted value ([osoite13_25_0_] : [VARCHAR]) - [Mannerheimintie 1]
2020-06-10 18:11:57.578 TRACE 55751 --- [    Test worker] o.h.type.descriptor.sql.BasicExtractor   : extracted value ([osoite_14_25_0_] : [VARCHAR]) - [posti]
2020-06-10 18:11:57.578 TRACE 55751 --- [    Test worker] o.h.type.descriptor.sql.BasicExtractor   : extracted value ([postinu15_25_0_] : [VARCHAR]) - [posti_00100]
2020-06-10 18:11:57.578 TRACE 55751 --- [    Test worker] o.h.type.descriptor.sql.BasicExtractor   : extracted value ([postito16_25_0_] : [VARCHAR]) - [Helsinki]
2020-06-10 18:11:57.578 TRACE 55751 --- [    Test worker] o.h.type.descriptor.sql.BasicExtractor   : extracted value ([ytjpaiv17_25_0_] : [DATE]) - [null]
2020-06-10 18:11:57.578 TRACE 55751 --- [    Test worker] o.h.type.descriptor.sql.BasicExtractor   : extracted value ([organis21_25_1_] : [BIGINT]) - [7]
2020-06-10 18:11:57.578 TRACE 55751 --- [    Test worker] o.h.type.descriptor.sql.BasicExtractor   : extracted value ([id2_25_1_] : [BIGINT]) - [37]
2020-06-10 18:11:57.579 TRACE 55751 --- [    Test worker] o.h.type.descriptor.sql.BasicExtractor   : extracted value ([id2_25_0_] : [BIGINT]) - [38]
2020-06-10 18:11:57.579 TRACE 55751 --- [    Test worker] o.h.type.descriptor.sql.BasicExtractor   : extracted value ([dtype1_25_0_] : [VARCHAR]) - [Osoite]
2020-06-10 18:11:57.579 TRACE 55751 --- [    Test worker] o.h.type.descriptor.sql.BasicExtractor   : extracted value ([version3_25_0_] : [BIGINT]) - [0]
2020-06-10 18:11:57.579 TRACE 55751 --- [    Test worker] o.h.type.descriptor.sql.BasicExtractor   : extracted value ([kieli4_25_0_] : [VARCHAR]) - [kieli_fi#1]
2020-06-10 18:11:57.579 TRACE 55751 --- [    Test worker] o.h.type.descriptor.sql.BasicExtractor   : extracted value ([organis21_25_0_] : [BIGINT]) - [7]
2020-06-10 18:11:57.579 TRACE 55751 --- [    Test worker] o.h.type.descriptor.sql.BasicExtractor   : extracted value ([yhteysti5_25_0_] : [VARCHAR]) - [14175174066030.21304763052326048]
2020-06-10 18:11:57.579 TRACE 55751 --- [    Test worker] o.h.type.descriptor.sql.BasicExtractor   : extracted value ([coordina7_25_0_] : [VARCHAR]) - [null]
2020-06-10 18:11:57.579 TRACE 55751 --- [    Test worker] o.h.type.descriptor.sql.BasicExtractor   : extracted value ([extrariv8_25_0_] : [VARCHAR]) - [null]
2020-06-10 18:11:57.579 TRACE 55751 --- [    Test worker] o.h.type.descriptor.sql.BasicExtractor   : extracted value ([lat9_25_0_] : [DOUBLE]) - [null]
2020-06-10 18:11:57.579 TRACE 55751 --- [    Test worker] o.h.type.descriptor.sql.BasicExtractor   : extracted value ([lng10_25_0_] : [DOUBLE]) - [null]
2020-06-10 18:11:57.579 TRACE 55751 --- [    Test worker] o.h.type.descriptor.sql.BasicExtractor   : extracted value ([maa11_25_0_] : [VARCHAR]) - [null]
2020-06-10 18:11:57.579 TRACE 55751 --- [    Test worker] o.h.type.descriptor.sql.BasicExtractor   : extracted value ([osavalt12_25_0_] : [VARCHAR]) - [null]
2020-06-10 18:11:57.579 TRACE 55751 --- [    Test worker] o.h.type.descriptor.sql.BasicExtractor   : extracted value ([osoite13_25_0_] : [VARCHAR]) - [Mannerheimintie 1]
2020-06-10 18:11:57.579 TRACE 55751 --- [    Test worker] o.h.type.descriptor.sql.BasicExtractor   : extracted value ([osoite_14_25_0_] : [VARCHAR]) - [kaynti]
2020-06-10 18:11:57.579 TRACE 55751 --- [    Test worker] o.h.type.descriptor.sql.BasicExtractor   : extracted value ([postinu15_25_0_] : [VARCHAR]) - [posti_00100]
2020-06-10 18:11:57.579 TRACE 55751 --- [    Test worker] o.h.type.descriptor.sql.BasicExtractor   : extracted value ([postito16_25_0_] : [VARCHAR]) - [Helsinki]
2020-06-10 18:11:57.579 TRACE 55751 --- [    Test worker] o.h.type.descriptor.sql.BasicExtractor   : extracted value ([ytjpaiv17_25_0_] : [DATE]) - [null]
2020-06-10 18:11:57.579 TRACE 55751 --- [    Test worker] o.h.type.descriptor.sql.BasicExtractor   : extracted value ([organis21_25_1_] : [BIGINT]) - [7]
2020-06-10 18:11:57.579 TRACE 55751 --- [    Test worker] o.h.type.descriptor.sql.BasicExtractor   : extracted value ([id2_25_1_] : [BIGINT]) - [38]
2020-06-10 18:11:57.579 TRACE 55751 --- [    Test worker] o.h.type.descriptor.sql.BasicExtractor   : extracted value ([id2_25_0_] : [BIGINT]) - [39]
2020-06-10 18:11:57.579 TRACE 55751 --- [    Test worker] o.h.type.descriptor.sql.BasicExtractor   : extracted value ([dtype1_25_0_] : [VARCHAR]) - [Puhelinnumero]
2020-06-10 18:11:57.579 TRACE 55751 --- [    Test worker] o.h.type.descriptor.sql.BasicExtractor   : extracted value ([version3_25_0_] : [BIGINT]) - [0]
2020-06-10 18:11:57.579 TRACE 55751 --- [    Test worker] o.h.type.descriptor.sql.BasicExtractor   : extracted value ([kieli4_25_0_] : [VARCHAR]) - [kieli_fi#1]
2020-06-10 18:11:57.579 TRACE 55751 --- [    Test worker] o.h.type.descriptor.sql.BasicExtractor   : extracted value ([organis21_25_0_] : [BIGINT]) - [7]
2020-06-10 18:11:57.579 TRACE 55751 --- [    Test worker] o.h.type.descriptor.sql.BasicExtractor   : extracted value ([yhteysti5_25_0_] : [VARCHAR]) - [14175174066030.517169300422662]
2020-06-10 18:11:57.579 TRACE 55751 --- [    Test worker] o.h.type.descriptor.sql.BasicExtractor   : extracted value ([puhelin18_25_0_] : [VARCHAR]) - [12345]
2020-06-10 18:11:57.579 TRACE 55751 --- [    Test worker] o.h.type.descriptor.sql.BasicExtractor   : extracted value ([tyyppi19_25_0_] : [VARCHAR]) - [puhelin]
2020-06-10 18:11:57.579 TRACE 55751 --- [    Test worker] o.h.type.descriptor.sql.BasicExtractor   : extracted value ([organis21_25_1_] : [BIGINT]) - [7]
2020-06-10 18:11:57.579 TRACE 55751 --- [    Test worker] o.h.type.descriptor.sql.BasicExtractor   : extracted value ([id2_25_1_] : [BIGINT]) - [39]
2020-06-10 18:11:57.579 TRACE 55751 --- [    Test worker] o.h.type.descriptor.sql.BasicExtractor   : extracted value ([id2_25_0_] : [BIGINT]) - [41]
2020-06-10 18:11:57.579 TRACE 55751 --- [    Test worker] o.h.type.descriptor.sql.BasicExtractor   : extracted value ([dtype1_25_0_] : [VARCHAR]) - [Www]
2020-06-10 18:11:57.579 TRACE 55751 --- [    Test worker] o.h.type.descriptor.sql.BasicExtractor   : extracted value ([version3_25_0_] : [BIGINT]) - [0]
2020-06-10 18:11:57.579 TRACE 55751 --- [    Test worker] o.h.type.descriptor.sql.BasicExtractor   : extracted value ([kieli4_25_0_] : [VARCHAR]) - [kieli_fi#1]
2020-06-10 18:11:57.579 TRACE 55751 --- [    Test worker] o.h.type.descriptor.sql.BasicExtractor   : extracted value ([organis21_25_0_] : [BIGINT]) - [7]
2020-06-10 18:11:57.579 TRACE 55751 --- [    Test worker] o.h.type.descriptor.sql.BasicExtractor   : extracted value ([yhteysti5_25_0_] : [VARCHAR]) - [14175174066030.29118402444503866]
2020-06-10 18:11:57.579 TRACE 55751 --- [    Test worker] o.h.type.descriptor.sql.BasicExtractor   : extracted value ([www_oso20_25_0_] : [VARCHAR]) - [http://www.oph.fi]
2020-06-10 18:11:57.579 TRACE 55751 --- [    Test worker] o.h.type.descriptor.sql.BasicExtractor   : extracted value ([organis21_25_1_] : [BIGINT]) - [7]
2020-06-10 18:11:57.579 TRACE 55751 --- [    Test worker] o.h.type.descriptor.sql.BasicExtractor   : extracted value ([id2_25_1_] : [BIGINT]) - [41]
2020-06-10 18:11:57.579 TRACE 55751 --- [    Test worker] o.h.type.descriptor.sql.BasicExtractor   : extracted value ([id2_25_0_] : [BIGINT]) - [42]
2020-06-10 18:11:57.579 TRACE 55751 --- [    Test worker] o.h.type.descriptor.sql.BasicExtractor   : extracted value ([dtype1_25_0_] : [VARCHAR]) - [Email]
2020-06-10 18:11:57.579 TRACE 55751 --- [    Test worker] o.h.type.descriptor.sql.BasicExtractor   : extracted value ([version3_25_0_] : [BIGINT]) - [0]
2020-06-10 18:11:57.580 TRACE 55751 --- [    Test worker] o.h.type.descriptor.sql.BasicExtractor   : extracted value ([kieli4_25_0_] : [VARCHAR]) - [kieli_fi#1]
2020-06-10 18:11:57.580 TRACE 55751 --- [    Test worker] o.h.type.descriptor.sql.BasicExtractor   : extracted value ([organis21_25_0_] : [BIGINT]) - [7]
2020-06-10 18:11:57.580 TRACE 55751 --- [    Test worker] o.h.type.descriptor.sql.BasicExtractor   : extracted value ([yhteysti5_25_0_] : [VARCHAR]) - [14175174066030.945052372475997]
2020-06-10 18:11:57.580 TRACE 55751 --- [    Test worker] o.h.type.descriptor.sql.BasicExtractor   : extracted value ([email6_25_0_] : [VARCHAR]) - [testi@oph.fi]
2020-06-10 18:11:57.580 TRACE 55751 --- [    Test worker] o.h.type.descriptor.sql.BasicExtractor   : extracted value ([organis21_25_1_] : [BIGINT]) - [7]
2020-06-10 18:11:57.580 TRACE 55751 --- [    Test worker] o.h.type.descriptor.sql.BasicExtractor   : extracted value ([id2_25_1_] : [BIGINT]) - [42]
2020-06-10 18:11:57.580 TRACE 55751 --- [    Test worker] o.h.type.descriptor.sql.BasicExtractor   : extracted value ([id2_25_0_] : [BIGINT]) - [49]
2020-06-10 18:11:57.580 TRACE 55751 --- [    Test worker] o.h.type.descriptor.sql.BasicExtractor   : extracted value ([dtype1_25_0_] : [VARCHAR]) - [Osoite]
2020-06-10 18:11:57.580 TRACE 55751 --- [    Test worker] o.h.type.descriptor.sql.BasicExtractor   : extracted value ([version3_25_0_] : [BIGINT]) - [0]
2020-06-10 18:11:57.580 TRACE 55751 --- [    Test worker] o.h.type.descriptor.sql.BasicExtractor   : extracted value ([kieli4_25_0_] : [VARCHAR]) - [kieli_sv#1]
2020-06-10 18:11:57.580 TRACE 55751 --- [    Test worker] o.h.type.descriptor.sql.BasicExtractor   : extracted value ([organis21_25_0_] : [BIGINT]) - [9]
2020-06-10 18:11:57.580 TRACE 55751 --- [    Test worker] o.h.type.descriptor.sql.BasicExtractor   : extracted value ([yhteysti5_25_0_] : [VARCHAR]) - [14175174066260.2634494684757834]
2020-06-10 18:11:57.580 TRACE 55751 --- [    Test worker] o.h.type.descriptor.sql.BasicExtractor   : extracted value ([coordina7_25_0_] : [VARCHAR]) - [null]
2020-06-10 18:11:57.580 TRACE 55751 --- [    Test worker] o.h.type.descriptor.sql.BasicExtractor   : extracted value ([extrariv8_25_0_] : [VARCHAR]) - [null]
2020-06-10 18:11:57.580 TRACE 55751 --- [    Test worker] o.h.type.descriptor.sql.BasicExtractor   : extracted value ([lat9_25_0_] : [DOUBLE]) - [null]
2020-06-10 18:11:57.580 TRACE 55751 --- [    Test worker] o.h.type.descriptor.sql.BasicExtractor   : extracted value ([lng10_25_0_] : [DOUBLE]) - [null]
2020-06-10 18:11:57.580 TRACE 55751 --- [    Test worker] o.h.type.descriptor.sql.BasicExtractor   : extracted value ([maa11_25_0_] : [VARCHAR]) - [null]
2020-06-10 18:11:57.580 TRACE 55751 --- [    Test worker] o.h.type.descriptor.sql.BasicExtractor   : extracted value ([osavalt12_25_0_] : [VARCHAR]) - [null]
2020-06-10 18:11:57.580 TRACE 55751 --- [    Test worker] o.h.type.descriptor.sql.BasicExtractor   : extracted value ([osoite13_25_0_] : [VARCHAR]) - [Mannerheimintie 2]
2020-06-10 18:11:57.580 TRACE 55751 --- [    Test worker] o.h.type.descriptor.sql.BasicExtractor   : extracted value ([osoite_14_25_0_] : [VARCHAR]) - [posti]
2020-06-10 18:11:57.580 TRACE 55751 --- [    Test worker] o.h.type.descriptor.sql.BasicExtractor   : extracted value ([postinu15_25_0_] : [VARCHAR]) - [posti_00100]
2020-06-10 18:11:57.580 TRACE 55751 --- [    Test worker] o.h.type.descriptor.sql.BasicExtractor   : extracted value ([postito16_25_0_] : [VARCHAR]) - [Helsinki]
2020-06-10 18:11:57.580 TRACE 55751 --- [    Test worker] o.h.type.descriptor.sql.BasicExtractor   : extracted value ([ytjpaiv17_25_0_] : [DATE]) - [null]
2020-06-10 18:11:57.580 TRACE 55751 --- [    Test worker] o.h.type.descriptor.sql.BasicExtractor   : extracted value ([organis21_25_1_] : [BIGINT]) - [9]
2020-06-10 18:11:57.580 TRACE 55751 --- [    Test worker] o.h.type.descriptor.sql.BasicExtractor   : extracted value ([id2_25_1_] : [BIGINT]) - [49]
Hibernate: 
    select
        parentsuht0_.child_id as child_id7_19_0_,
        parentsuht0_.id as id1_19_0_,
        parentsuht0_.id as id1_19_1_,
        parentsuht0_.version as version2_19_1_,
        parentsuht0_.alkupvm as alkupvm3_19_1_,
        parentsuht0_.child_id as child_id7_19_1_,
        parentsuht0_.loppupvm as loppupvm4_19_1_,
        parentsuht0_.opetuspisteenjarjnro as opetuspi5_19_1_,
        parentsuht0_.parent_id as parent_i8_19_1_,
        parentsuht0_.suhdetyyppi as suhdetyy6_19_1_ 
    from
        organisaatiosuhde parentsuht0_ 
    where
        parentsuht0_.child_id=? 
    order by
        parentsuht0_.alkupvm
2020-06-10 18:11:57.581 TRACE 55751 --- [    Test worker] o.h.type.descriptor.sql.BasicBinder      : binding parameter [1] as [BIGINT] - [7]
2020-06-10 18:11:57.581 TRACE 55751 --- [    Test worker] o.h.type.descriptor.sql.BasicExtractor   : extracted value ([id1_19_1_] : [BIGINT]) - [6]
2020-06-10 18:11:57.581 TRACE 55751 --- [    Test worker] o.h.type.descriptor.sql.BasicExtractor   : extracted value ([version2_19_1_] : [BIGINT]) - [0]
2020-06-10 18:11:57.581 TRACE 55751 --- [    Test worker] o.h.type.descriptor.sql.BasicExtractor   : extracted value ([alkupvm3_19_1_] : [DATE]) - [2014-12-02]
2020-06-10 18:11:57.581 TRACE 55751 --- [    Test worker] o.h.type.descriptor.sql.BasicExtractor   : extracted value ([child_id7_19_1_] : [BIGINT]) - [7]
2020-06-10 18:11:57.581 TRACE 55751 --- [    Test worker] o.h.type.descriptor.sql.BasicExtractor   : extracted value ([loppupvm4_19_1_] : [DATE]) - [null]
2020-06-10 18:11:57.582 TRACE 55751 --- [    Test worker] o.h.type.descriptor.sql.BasicExtractor   : extracted value ([opetuspi5_19_1_] : [VARCHAR]) - [null]
2020-06-10 18:11:57.582 TRACE 55751 --- [    Test worker] o.h.type.descriptor.sql.BasicExtractor   : extracted value ([parent_i8_19_1_] : [BIGINT]) - [1]
2020-06-10 18:11:57.582 TRACE 55751 --- [    Test worker] o.h.type.descriptor.sql.BasicExtractor   : extracted value ([suhdetyy6_19_1_] : [VARCHAR]) - [HISTORIA]
2020-06-10 18:11:57.582 TRACE 55751 --- [    Test worker] o.h.type.descriptor.sql.BasicExtractor   : extracted value ([child_id7_19_0_] : [BIGINT]) - [7]
2020-06-10 18:11:57.582 TRACE 55751 --- [    Test worker] o.h.type.descriptor.sql.BasicExtractor   : extracted value ([id1_19_0_] : [BIGINT]) - [6]
Hibernate: 
    select
        childsuhte0_.parent_id as parent_i8_19_0_,
        childsuhte0_.id as id1_19_0_,
        childsuhte0_.id as id1_19_1_,
        childsuhte0_.version as version2_19_1_,
        childsuhte0_.alkupvm as alkupvm3_19_1_,
        childsuhte0_.child_id as child_id7_19_1_,
        childsuhte0_.loppupvm as loppupvm4_19_1_,
        childsuhte0_.opetuspisteenjarjnro as opetuspi5_19_1_,
        childsuhte0_.parent_id as parent_i8_19_1_,
        childsuhte0_.suhdetyyppi as suhdetyy6_19_1_ 
    from
        organisaatiosuhde childsuhte0_ 
    where
        childsuhte0_.parent_id=?
2020-06-10 18:11:57.582 TRACE 55751 --- [    Test worker] o.h.type.descriptor.sql.BasicBinder      : binding parameter [1] as [BIGINT] - [7]
2020-06-10 18:11:57.582 TRACE 55751 --- [    Test worker] o.h.type.descriptor.sql.BasicExtractor   : extracted value ([id1_19_1_] : [BIGINT]) - [7]
2020-06-10 18:11:57.582 TRACE 55751 --- [    Test worker] o.h.type.descriptor.sql.BasicExtractor   : extracted value ([version2_19_1_] : [BIGINT]) - [0]
2020-06-10 18:11:57.582 TRACE 55751 --- [    Test worker] o.h.type.descriptor.sql.BasicExtractor   : extracted value ([alkupvm3_19_1_] : [DATE]) - [2014-12-02]
2020-06-10 18:11:57.582 TRACE 55751 --- [    Test worker] o.h.type.descriptor.sql.BasicExtractor   : extracted value ([child_id7_19_1_] : [BIGINT]) - [8]
2020-06-10 18:11:57.582 TRACE 55751 --- [    Test worker] o.h.type.descriptor.sql.BasicExtractor   : extracted value ([loppupvm4_19_1_] : [DATE]) - [null]
2020-06-10 18:11:57.582 TRACE 55751 --- [    Test worker] o.h.type.descriptor.sql.BasicExtractor   : extracted value ([opetuspi5_19_1_] : [VARCHAR]) - [null]
2020-06-10 18:11:57.582 TRACE 55751 --- [    Test worker] o.h.type.descriptor.sql.BasicExtractor   : extracted value ([parent_i8_19_1_] : [BIGINT]) - [7]
2020-06-10 18:11:57.582 TRACE 55751 --- [    Test worker] o.h.type.descriptor.sql.BasicExtractor   : extracted value ([suhdetyy6_19_1_] : [VARCHAR]) - [HISTORIA]
2020-06-10 18:11:57.582 TRACE 55751 --- [    Test worker] o.h.type.descriptor.sql.BasicExtractor   : extracted value ([parent_i8_19_0_] : [BIGINT]) - [7]
2020-06-10 18:11:57.582 TRACE 55751 --- [    Test worker] o.h.type.descriptor.sql.BasicExtractor   : extracted value ([id1_19_0_] : [BIGINT]) - [7]
Hibernate: 
    select
        organisaat0_.id as id1_5_0_,
        organisaat0_.version as version2_5_0_,
        organisaat0_.alkupvm as alkupvm3_5_0_,
        organisaat0_.domainnimi as domainni4_5_0_,
        organisaat0_.kotipaikka as kotipaik5_5_0_,
        organisaat0_.kuvaus_mkt as kuvaus_28_5_0_,
        organisaat0_.lakkautuspvm as lakkautu6_5_0_,
        organisaat0_.maa as maa7_5_0_,
        organisaat0_.metadata_id as metadat29_5_0_,
        organisaat0_.nimi_mkt as nimi_mk30_5_0_,
        organisaat0_.nimihaku as nimihaku8_5_0_,
        organisaat0_.oid as oid9_5_0_,
        organisaat0_.opetuspisteenjarjnro as opetusp10_5_0_,
        organisaat0_.oppilaitoskoodi as oppilai11_5_0_,
        organisaat0_.oppilaitos_tyyppi as oppilai12_5_0_,
        organisaat0_.organisaatio_poistettu as organis13_5_0_,
        organisaat0_.paivittaja as paivitt14_5_0_,
        organisaat0_.paivityspvm as paivity15_5_0_,
        organisaat0_.parentidpath as parenti16_5_0_,
        organisaat0_.parentoidpath as parento17_5_0_,
        organisaat0_.piilotettu as piilote18_5_0_,
        organisaat0_.tarkastus_pvm as tarkast19_5_0_,
        organisaat0_.toimipistekoodi as toimipi20_5_0_,
        organisaat0_.tuontipvm as tuontip21_5_0_,
        organisaat0_.varhaiskasvatuksen_toimipaikka_tiedot_id as varhais31_5_0_,
        organisaat0_.virastotunnus as virasto22_5_0_,
        organisaat0_.yhteishaunkoulukoodi as yhteish23_5_0_,
        organisaat0_.yritysmuoto as yritysm24_5_0_,
        organisaat0_.ytj_kieli as ytj_kie25_5_0_,
        organisaat0_.ytjpaivityspvm as ytjpaiv26_5_0_,
        organisaat0_.ytunnus as ytunnus27_5_0_ 
    from
        organisaatio organisaat0_ 
    where
        organisaat0_.id=?
2020-06-10 18:11:57.583 TRACE 55751 --- [    Test worker] o.h.type.descriptor.sql.BasicBinder      : binding parameter [1] as [BIGINT] - [8]
2020-06-10 18:11:57.583 TRACE 55751 --- [    Test worker] o.h.type.descriptor.sql.BasicExtractor   : extracted value ([version2_5_0_] : [BIGINT]) - [1]
2020-06-10 18:11:57.583 TRACE 55751 --- [    Test worker] o.h.type.descriptor.sql.BasicExtractor   : extracted value ([alkupvm3_5_0_] : [DATE]) - [2008-04-11]
2020-06-10 18:11:57.583 TRACE 55751 --- [    Test worker] o.h.type.descriptor.sql.BasicExtractor   : extracted value ([domainni4_5_0_] : [VARCHAR]) - [null]
2020-06-10 18:11:57.583 TRACE 55751 --- [    Test worker] o.h.type.descriptor.sql.BasicExtractor   : extracted value ([kotipaik5_5_0_] : [VARCHAR]) - [Helsinki]
2020-06-10 18:11:57.583 TRACE 55751 --- [    Test worker] o.h.type.descriptor.sql.BasicExtractor   : extracted value ([kuvaus_28_5_0_] : [BIGINT]) - [null]
2020-06-10 18:11:57.583 TRACE 55751 --- [    Test worker] o.h.type.descriptor.sql.BasicExtractor   : extracted value ([lakkautu6_5_0_] : [DATE]) - [2011-06-29]
2020-06-10 18:11:57.583 TRACE 55751 --- [    Test worker] o.h.type.descriptor.sql.BasicExtractor   : extracted value ([maa7_5_0_] : [VARCHAR]) - [null]
2020-06-10 18:11:57.583 TRACE 55751 --- [    Test worker] o.h.type.descriptor.sql.BasicExtractor   : extracted value ([metadat29_5_0_] : [BIGINT]) - [null]
2020-06-10 18:11:57.583 TRACE 55751 --- [    Test worker] o.h.type.descriptor.sql.BasicExtractor   : extracted value ([nimi_mk30_5_0_] : [BIGINT]) - [8]
2020-06-10 18:11:57.583 TRACE 55751 --- [    Test worker] o.h.type.descriptor.sql.BasicExtractor   : extracted value ([nimihaku8_5_0_] : [VARCHAR]) - [nodex bar]
2020-06-10 18:11:57.583 TRACE 55751 --- [    Test worker] o.h.type.descriptor.sql.BasicExtractor   : extracted value ([oid9_5_0_] : [VARCHAR]) - [1.2.2004.6]
2020-06-10 18:11:57.583 TRACE 55751 --- [    Test worker] o.h.type.descriptor.sql.BasicExtractor   : extracted value ([opetusp10_5_0_] : [VARCHAR]) - [null]
2020-06-10 18:11:57.583 TRACE 55751 --- [    Test worker] o.h.type.descriptor.sql.BasicExtractor   : extracted value ([oppilai11_5_0_] : [VARCHAR]) - [null]
2020-06-10 18:11:57.583 TRACE 55751 --- [    Test worker] o.h.type.descriptor.sql.BasicExtractor   : extracted value ([oppilai12_5_0_] : [VARCHAR]) - [oppilaitostyyppi_41#1]
2020-06-10 18:11:57.583 TRACE 55751 --- [    Test worker] o.h.type.descriptor.sql.BasicExtractor   : extracted value ([organis13_5_0_] : [BOOLEAN]) - [false]
2020-06-10 18:11:57.583 TRACE 55751 --- [    Test worker] o.h.type.descriptor.sql.BasicExtractor   : extracted value ([paivitt14_5_0_] : [VARCHAR]) - [null]
2020-06-10 18:11:57.583 TRACE 55751 --- [    Test worker] o.h.type.descriptor.sql.BasicExtractor   : extracted value ([paivity15_5_0_] : [TIMESTAMP]) - [null]
2020-06-10 18:11:57.583 TRACE 55751 --- [    Test worker] o.h.type.descriptor.sql.BasicExtractor   : extracted value ([parenti16_5_0_] : [VARCHAR]) - [|1|7|]
2020-06-10 18:11:57.583 TRACE 55751 --- [    Test worker] o.h.type.descriptor.sql.BasicExtractor   : extracted value ([parento17_5_0_] : [VARCHAR]) - [|1.2.246.562.24.00000000001|1.2.2004.5|]
2020-06-10 18:11:57.583 TRACE 55751 --- [    Test worker] o.h.type.descriptor.sql.BasicExtractor   : extracted value ([piilote18_5_0_] : [BOOLEAN]) - [false]
2020-06-10 18:11:57.583 TRACE 55751 --- [    Test worker] o.h.type.descriptor.sql.BasicExtractor   : extracted value ([tarkast19_5_0_] : [TIMESTAMP]) - [null]
2020-06-10 18:11:57.583 TRACE 55751 --- [    Test worker] o.h.type.descriptor.sql.BasicExtractor   : extracted value ([toimipi20_5_0_] : [VARCHAR]) - [null]
2020-06-10 18:11:57.583 TRACE 55751 --- [    Test worker] o.h.type.descriptor.sql.BasicExtractor   : extracted value ([tuontip21_5_0_] : [TIMESTAMP]) - [null]
2020-06-10 18:11:57.583 TRACE 55751 --- [    Test worker] o.h.type.descriptor.sql.BasicExtractor   : extracted value ([varhais31_5_0_] : [BIGINT]) - [null]
2020-06-10 18:11:57.583 TRACE 55751 --- [    Test worker] o.h.type.descriptor.sql.BasicExtractor   : extracted value ([virasto22_5_0_] : [VARCHAR]) - [null]
2020-06-10 18:11:57.583 TRACE 55751 --- [    Test worker] o.h.type.descriptor.sql.BasicExtractor   : extracted value ([yhteish23_5_0_] : [VARCHAR]) - [null]
2020-06-10 18:11:57.583 TRACE 55751 --- [    Test worker] o.h.type.descriptor.sql.BasicExtractor   : extracted value ([yritysm24_5_0_] : [VARCHAR]) - [oy]
2020-06-10 18:11:57.583 TRACE 55751 --- [    Test worker] o.h.type.descriptor.sql.BasicExtractor   : extracted value ([ytj_kie25_5_0_] : [VARCHAR]) - [null]
2020-06-10 18:11:57.583 TRACE 55751 --- [    Test worker] o.h.type.descriptor.sql.BasicExtractor   : extracted value ([ytjpaiv26_5_0_] : [DATE]) - [null]
2020-06-10 18:11:57.583 TRACE 55751 --- [    Test worker] o.h.type.descriptor.sql.BasicExtractor   : extracted value ([ytunnus27_5_0_] : [VARCHAR]) - [1234567-6]
2020-06-10 18:11:57.583 TRACE 55751 --- [    Test worker] org.hibernate.type.CollectionType        : Created collection wrapper: [fi.vm.sade.organisaatio.model.Organisaatio.childSuhteet#8]
2020-06-10 18:11:57.583 TRACE 55751 --- [    Test worker] org.hibernate.type.CollectionType        : Created collection wrapper: [fi.vm.sade.organisaatio.model.Organisaatio.kayttoryhmat#8]
2020-06-10 18:11:57.583 TRACE 55751 --- [    Test worker] org.hibernate.type.CollectionType        : Created collection wrapper: [fi.vm.sade.organisaatio.model.Organisaatio.kielet#8]
2020-06-10 18:11:57.583 TRACE 55751 --- [    Test worker] org.hibernate.type.CollectionType        : Created collection wrapper: [fi.vm.sade.organisaatio.model.Organisaatio.muutKotipaikatUris#8]
2020-06-10 18:11:57.584 TRACE 55751 --- [    Test worker] org.hibernate.type.CollectionType        : Created collection wrapper: [fi.vm.sade.organisaatio.model.Organisaatio.muutOppilaitosTyyppiUris#8]
2020-06-10 18:11:57.584 TRACE 55751 --- [    Test worker] org.hibernate.type.CollectionType        : Created collection wrapper: [fi.vm.sade.organisaatio.model.Organisaatio.nimet#8]
2020-06-10 18:11:57.584 TRACE 55751 --- [    Test worker] org.hibernate.type.CollectionType        : Created collection wrapper: [fi.vm.sade.organisaatio.model.Organisaatio.organisaatioLisatietotyypit#8]
2020-06-10 18:11:57.584 TRACE 55751 --- [    Test worker] org.hibernate.type.CollectionType        : Created collection wrapper: [fi.vm.sade.organisaatio.model.Organisaatio.parentSuhteet#8]
2020-06-10 18:11:57.584 TRACE 55751 --- [    Test worker] org.hibernate.type.CollectionType        : Created collection wrapper: [fi.vm.sade.organisaatio.model.Organisaatio.ryhmatyypit#8]
2020-06-10 18:11:57.584 TRACE 55751 --- [    Test worker] org.hibernate.type.CollectionType        : Created collection wrapper: [fi.vm.sade.organisaatio.model.Organisaatio.tyypit#8]
2020-06-10 18:11:57.584 TRACE 55751 --- [    Test worker] org.hibernate.type.CollectionType        : Created collection wrapper: [fi.vm.sade.organisaatio.model.Organisaatio.vuosiluokat#8]
2020-06-10 18:11:57.584 TRACE 55751 --- [    Test worker] org.hibernate.type.CollectionType        : Created collection wrapper: [fi.vm.sade.organisaatio.model.Organisaatio.yhteystiedot#8]
2020-06-10 18:11:57.584 TRACE 55751 --- [    Test worker] org.hibernate.type.CollectionType        : Created collection wrapper: [fi.vm.sade.organisaatio.model.Organisaatio.yhteystietoArvos#8]
Hibernate: 
    select
        childsuhte0_.parent_id as parent_i8_19_0_,
        childsuhte0_.id as id1_19_0_,
        childsuhte0_.id as id1_19_1_,
        childsuhte0_.version as version2_19_1_,
        childsuhte0_.alkupvm as alkupvm3_19_1_,
        childsuhte0_.child_id as child_id7_19_1_,
        childsuhte0_.loppupvm as loppupvm4_19_1_,
        childsuhte0_.opetuspisteenjarjnro as opetuspi5_19_1_,
        childsuhte0_.parent_id as parent_i8_19_1_,
        childsuhte0_.suhdetyyppi as suhdetyy6_19_1_ 
    from
        organisaatiosuhde childsuhte0_ 
    where
        childsuhte0_.parent_id=?
2020-06-10 18:11:57.584 TRACE 55751 --- [    Test worker] o.h.type.descriptor.sql.BasicBinder      : binding parameter [1] as [BIGINT] - [8]
Hibernate: 
    select
        parentsuht0_.child_id as child_id7_19_0_,
        parentsuht0_.id as id1_19_0_,
        parentsuht0_.id as id1_19_1_,
        parentsuht0_.version as version2_19_1_,
        parentsuht0_.alkupvm as alkupvm3_19_1_,
        parentsuht0_.child_id as child_id7_19_1_,
        parentsuht0_.loppupvm as loppupvm4_19_1_,
        parentsuht0_.opetuspisteenjarjnro as opetuspi5_19_1_,
        parentsuht0_.parent_id as parent_i8_19_1_,
        parentsuht0_.suhdetyyppi as suhdetyy6_19_1_ 
    from
        organisaatiosuhde parentsuht0_ 
    where
        parentsuht0_.child_id=? 
    order by
        parentsuht0_.alkupvm
2020-06-10 18:11:57.586 TRACE 55751 --- [    Test worker] o.h.type.descriptor.sql.BasicBinder      : binding parameter [1] as [BIGINT] - [9]
2020-06-10 18:11:57.586 TRACE 55751 --- [    Test worker] o.h.type.descriptor.sql.BasicExtractor   : extracted value ([id1_19_1_] : [BIGINT]) - [8]
2020-06-10 18:11:57.586 TRACE 55751 --- [    Test worker] o.h.type.descriptor.sql.BasicExtractor   : extracted value ([child_id7_19_0_] : [BIGINT]) - [9]
2020-06-10 18:11:57.586 TRACE 55751 --- [    Test worker] o.h.type.descriptor.sql.BasicExtractor   : extracted value ([id1_19_0_] : [BIGINT]) - [8]
2020-06-10 18:11:57.587  WARN 55751 --- [    Test worker] f.v.s.o.b.i.OrganisaatioYtjServiceImpl   : YTJ:ssä ei osoitetta organisaatiolle 1.2.8000.1 / 1234569-5
Hibernate: 
    insert 
    into
        monikielinen_teksti
        (id, version) 
    values
        (null, ?)
2020-06-10 18:11:57.600 TRACE 55751 --- [    Test worker] o.h.type.descriptor.sql.BasicBinder      : binding parameter [1] as [BIGINT] - [0]
Hibernate: 
    insert 
    into
        organisaatio_nimi
        (id, version, alkupvm, nimi_mkt, organisaatio_id, paivittaja) 
    values
        (null, ?, ?, ?, ?, ?)
2020-06-10 18:11:57.600 TRACE 55751 --- [    Test worker] o.h.type.descriptor.sql.BasicBinder      : binding parameter [1] as [BIGINT] - [0]
2020-06-10 18:11:57.600 TRACE 55751 --- [    Test worker] o.h.type.descriptor.sql.BasicBinder      : binding parameter [2] as [DATE] - [Wed Feb 10 00:00:00 EET 1999]
2020-06-10 18:11:57.600 TRACE 55751 --- [    Test worker] o.h.type.descriptor.sql.BasicBinder      : binding parameter [3] as [BIGINT] - [1001]
2020-06-10 18:11:57.600 TRACE 55751 --- [    Test worker] o.h.type.descriptor.sql.BasicBinder      : binding parameter [4] as [BIGINT] - [2]
2020-06-10 18:11:57.600 TRACE 55751 --- [    Test worker] o.h.type.descriptor.sql.BasicBinder      : binding parameter [5] as [VARCHAR] - [null]
2020-06-10 18:11:57.867  WARN 55751 --- [    Test worker] fi.vm.sade.javautils.http.OphHttpClient  : Failed to CAS authenticate. Renewing proxy ticket.
2020-06-10 18:11:58.121 ERROR 55751 --- [    Test worker] f.v.s.o.b.i.OrganisaatioYtjServiceImpl   : Organisaation 1.2.2004.1 päivitys koodistoon epäonnistui

java.lang.NullPointerException: null
	at fi.vm.sade.organisaatio.business.impl.OrganisaatioKoodistoImpl.paivitaCodeElements(OrganisaatioKoodistoImpl.java:177) ~[main/:na]
	at fi.vm.sade.organisaatio.business.impl.OrganisaatioKoodistoImpl.paivitaIncludesCodeElements(OrganisaatioKoodistoImpl.java:253) ~[main/:na]
	at fi.vm.sade.organisaatio.business.impl.OrganisaatioKoodistoImpl.paivitaKoodisto(OrganisaatioKoodistoImpl.java:419) ~[main/:na]
	at fi.vm.sade.organisaatio.business.impl.OrganisaatioKoodistoImpl$$FastClassBySpringCGLIB$$914a4299.invoke(<generated>) ~[main/:na]
	at org.springframework.cglib.proxy.MethodProxy.invoke(MethodProxy.java:218) ~[spring-core-5.2.6.RELEASE.jar:5.2.6.RELEASE]
	at org.springframework.aop.framework.CglibAopProxy$DynamicAdvisedInterceptor.intercept(CglibAopProxy.java:687) ~[spring-aop-5.2.6.RELEASE.jar:5.2.6.RELEASE]
	at fi.vm.sade.organisaatio.business.impl.OrganisaatioKoodistoImpl$$EnhancerBySpringCGLIB$$a17ae0f7.paivitaKoodisto(<generated>) ~[main/:na]
	at fi.vm.sade.organisaatio.business.impl.OrganisaatioYtjServiceImpl.updateYTJData(OrganisaatioYtjServiceImpl.java:152) ~[main/:na]
	at fi.vm.sade.organisaatio.business.impl.OrganisaatioYtjServiceImpl$$FastClassBySpringCGLIB$$b99a6c01.invoke(<generated>) ~[main/:na]
	at org.springframework.cglib.proxy.MethodProxy.invoke(MethodProxy.java:218) ~[spring-core-5.2.6.RELEASE.jar:5.2.6.RELEASE]
	at org.springframework.aop.framework.CglibAopProxy$CglibMethodInvocation.invokeJoinpoint(CglibAopProxy.java:771) ~[spring-aop-5.2.6.RELEASE.jar:5.2.6.RELEASE]
	at org.springframework.aop.framework.ReflectiveMethodInvocation.proceed(ReflectiveMethodInvocation.java:163) ~[spring-aop-5.2.6.RELEASE.jar:5.2.6.RELEASE]
	at org.springframework.aop.framework.CglibAopProxy$CglibMethodInvocation.proceed(CglibAopProxy.java:749) ~[spring-aop-5.2.6.RELEASE.jar:5.2.6.RELEASE]
	at org.springframework.transaction.interceptor.TransactionAspectSupport.invokeWithinTransaction(TransactionAspectSupport.java:366) ~[spring-tx-5.2.6.RELEASE.jar:5.2.6.RELEASE]
	at org.springframework.transaction.interceptor.TransactionInterceptor.invoke(TransactionInterceptor.java:118) ~[spring-tx-5.2.6.RELEASE.jar:5.2.6.RELEASE]
	at org.springframework.aop.framework.ReflectiveMethodInvocation.proceed(ReflectiveMethodInvocation.java:186) ~[spring-aop-5.2.6.RELEASE.jar:5.2.6.RELEASE]
	at org.springframework.aop.framework.CglibAopProxy$CglibMethodInvocation.proceed(CglibAopProxy.java:749) ~[spring-aop-5.2.6.RELEASE.jar:5.2.6.RELEASE]
	at org.springframework.aop.framework.CglibAopProxy$DynamicAdvisedInterceptor.intercept(CglibAopProxy.java:691) ~[spring-aop-5.2.6.RELEASE.jar:5.2.6.RELEASE]
	at fi.vm.sade.organisaatio.business.impl.OrganisaatioYtjServiceImpl$$EnhancerBySpringCGLIB$$ac7c7e2f.updateYTJData(<generated>) ~[main/:na]
	at fi.vm.sade.organisaatio.business.impl.OrganisaatioYtjServiceImplTest.updateYTJDataTest(OrganisaatioYtjServiceImplTest.java:86) ~[test/:na]
	at java.base/jdk.internal.reflect.NativeMethodAccessorImpl.invoke0(Native Method) ~[na:na]
	at java.base/jdk.internal.reflect.NativeMethodAccessorImpl.invoke(NativeMethodAccessorImpl.java:62) ~[na:na]
	at java.base/jdk.internal.reflect.DelegatingMethodAccessorImpl.invoke(DelegatingMethodAccessorImpl.java:43) ~[na:na]
	at java.base/java.lang.reflect.Method.invoke(Method.java:567) ~[na:na]
	at org.junit.runners.model.FrameworkMethod$1.runReflectiveCall(FrameworkMethod.java:59) ~[junit-4.13.jar:4.13]
	at org.junit.internal.runners.model.ReflectiveCallable.run(ReflectiveCallable.java:12) ~[junit-4.13.jar:4.13]
	at org.junit.runners.model.FrameworkMethod.invokeExplosively(FrameworkMethod.java:56) ~[junit-4.13.jar:4.13]
	at org.junit.internal.runners.statements.InvokeMethod.evaluate(InvokeMethod.java:17) ~[junit-4.13.jar:4.13]
	at org.springframework.test.context.junit4.statements.RunBeforeTestExecutionCallbacks.evaluate(RunBeforeTestExecutionCallbacks.java:74) ~[spring-test-5.2.6.RELEASE.jar:5.2.6.RELEASE]
	at org.springframework.test.context.junit4.statements.RunAfterTestExecutionCallbacks.evaluate(RunAfterTestExecutionCallbacks.java:84) ~[spring-test-5.2.6.RELEASE.jar:5.2.6.RELEASE]
	at org.junit.internal.runners.statements.RunBefores.evaluate(RunBefores.java:26) ~[junit-4.13.jar:4.13]
	at org.springframework.test.context.junit4.statements.RunBeforeTestMethodCallbacks.evaluate(RunBeforeTestMethodCallbacks.java:75) ~[spring-test-5.2.6.RELEASE.jar:5.2.6.RELEASE]
	at org.junit.internal.runners.statements.RunAfters.evaluate(RunAfters.java:27) ~[junit-4.13.jar:4.13]
	at org.springframework.test.context.junit4.statements.RunAfterTestMethodCallbacks.evaluate(RunAfterTestMethodCallbacks.java:86) ~[spring-test-5.2.6.RELEASE.jar:5.2.6.RELEASE]
	at org.springframework.test.context.junit4.statements.SpringRepeat.evaluate(SpringRepeat.java:84) ~[spring-test-5.2.6.RELEASE.jar:5.2.6.RELEASE]
	at org.junit.runners.ParentRunner.runLeaf(ParentRunner.java:366) ~[junit-4.13.jar:4.13]
	at org.springframework.test.context.junit4.SpringJUnit4ClassRunner.runChild(SpringJUnit4ClassRunner.java:251) ~[spring-test-5.2.6.RELEASE.jar:5.2.6.RELEASE]
	at org.springframework.test.context.junit4.SpringJUnit4ClassRunner.runChild(SpringJUnit4ClassRunner.java:97) ~[spring-test-5.2.6.RELEASE.jar:5.2.6.RELEASE]
	at org.junit.runners.ParentRunner$4.run(ParentRunner.java:331) ~[junit-4.13.jar:4.13]
	at org.junit.runners.ParentRunner$1.schedule(ParentRunner.java:79) ~[junit-4.13.jar:4.13]
	at org.junit.runners.ParentRunner.runChildren(ParentRunner.java:329) ~[junit-4.13.jar:4.13]
	at org.junit.runners.ParentRunner.access$100(ParentRunner.java:66) ~[junit-4.13.jar:4.13]
	at org.junit.runners.ParentRunner$2.evaluate(ParentRunner.java:293) ~[junit-4.13.jar:4.13]
	at org.springframework.test.context.junit4.statements.RunBeforeTestClassCallbacks.evaluate(RunBeforeTestClassCallbacks.java:61) ~[spring-test-5.2.6.RELEASE.jar:5.2.6.RELEASE]
	at org.springframework.test.context.junit4.statements.RunAfterTestClassCallbacks.evaluate(RunAfterTestClassCallbacks.java:70) ~[spring-test-5.2.6.RELEASE.jar:5.2.6.RELEASE]
	at org.junit.runners.ParentRunner$3.evaluate(ParentRunner.java:306) ~[junit-4.13.jar:4.13]
	at org.junit.runners.ParentRunner.run(ParentRunner.java:413) ~[junit-4.13.jar:4.13]
	at org.springframework.test.context.junit4.SpringJUnit4ClassRunner.run(SpringJUnit4ClassRunner.java:190) ~[spring-test-5.2.6.RELEASE.jar:5.2.6.RELEASE]
	at org.junit.runner.JUnitCore.run(JUnitCore.java:137) ~[junit-4.13.jar:4.13]
	at org.junit.runner.JUnitCore.run(JUnitCore.java:115) ~[junit-4.13.jar:4.13]
	at org.junit.vintage.engine.execution.RunnerExecutor.execute(RunnerExecutor.java:43) ~[junit-vintage-engine-5.6.2.jar:5.6.2]
	at java.base/java.util.stream.ForEachOps$ForEachOp$OfRef.accept(ForEachOps.java:183) ~[na:na]
	at java.base/java.util.stream.ReferencePipeline$3$1.accept(ReferencePipeline.java:195) ~[na:na]
	at java.base/java.util.Iterator.forEachRemaining(Iterator.java:133) ~[na:na]
	at java.base/java.util.Spliterators$IteratorSpliterator.forEachRemaining(Spliterators.java:1801) ~[na:na]
	at java.base/java.util.stream.AbstractPipeline.copyInto(AbstractPipeline.java:484) ~[na:na]
	at java.base/java.util.stream.AbstractPipeline.wrapAndCopyInto(AbstractPipeline.java:474) ~[na:na]
	at java.base/java.util.stream.ForEachOps$ForEachOp.evaluateSequential(ForEachOps.java:150) ~[na:na]
	at java.base/java.util.stream.ForEachOps$ForEachOp$OfRef.evaluateSequential(ForEachOps.java:173) ~[na:na]
	at java.base/java.util.stream.AbstractPipeline.evaluate(AbstractPipeline.java:234) ~[na:na]
	at java.base/java.util.stream.ReferencePipeline.forEach(ReferencePipeline.java:497) ~[na:na]
	at org.junit.vintage.engine.VintageTestEngine.executeAllChildren(VintageTestEngine.java:82) ~[junit-vintage-engine-5.6.2.jar:5.6.2]
	at org.junit.vintage.engine.VintageTestEngine.execute(VintageTestEngine.java:73) ~[junit-vintage-engine-5.6.2.jar:5.6.2]
	at org.junit.platform.launcher.core.DefaultLauncher.execute(DefaultLauncher.java:220) ~[na:na]
	at org.junit.platform.launcher.core.DefaultLauncher.lambda$execute$6(DefaultLauncher.java:188) ~[na:na]
	at org.junit.platform.launcher.core.DefaultLauncher.withInterceptedStreams(DefaultLauncher.java:202) ~[na:na]
	at org.junit.platform.launcher.core.DefaultLauncher.execute(DefaultLauncher.java:181) ~[na:na]
	at org.junit.platform.launcher.core.DefaultLauncher.execute(DefaultLauncher.java:128) ~[na:na]
	at org.gradle.api.internal.tasks.testing.junitplatform.JUnitPlatformTestClassProcessor$CollectAllTestClassesExecutor.processAllTestClasses(JUnitPlatformTestClassProcessor.java:99) ~[na:na]
	at org.gradle.api.internal.tasks.testing.junitplatform.JUnitPlatformTestClassProcessor$CollectAllTestClassesExecutor.access$000(JUnitPlatformTestClassProcessor.java:79) ~[na:na]
	at org.gradle.api.internal.tasks.testing.junitplatform.JUnitPlatformTestClassProcessor.stop(JUnitPlatformTestClassProcessor.java:75) ~[na:na]
	at org.gradle.api.internal.tasks.testing.SuiteTestClassProcessor.stop(SuiteTestClassProcessor.java:61) ~[na:na]
	at java.base/jdk.internal.reflect.NativeMethodAccessorImpl.invoke0(Native Method) ~[na:na]
	at java.base/jdk.internal.reflect.NativeMethodAccessorImpl.invoke(NativeMethodAccessorImpl.java:62) ~[na:na]
	at java.base/jdk.internal.reflect.DelegatingMethodAccessorImpl.invoke(DelegatingMethodAccessorImpl.java:43) ~[na:na]
	at java.base/java.lang.reflect.Method.invoke(Method.java:567) ~[na:na]
	at org.gradle.internal.dispatch.ReflectionDispatch.dispatch(ReflectionDispatch.java:36) ~[na:na]
	at org.gradle.internal.dispatch.ReflectionDispatch.dispatch(ReflectionDispatch.java:24) ~[na:na]
	at org.gradle.internal.dispatch.ContextClassLoaderDispatch.dispatch(ContextClassLoaderDispatch.java:33) ~[na:na]
	at org.gradle.internal.dispatch.ProxyDispatchAdapter$DispatchingInvocationHandler.invoke(ProxyDispatchAdapter.java:94) ~[na:na]
	at com.sun.proxy.$Proxy2.stop(Unknown Source) ~[na:na]
	at org.gradle.api.internal.tasks.testing.worker.TestWorker.stop(TestWorker.java:132) ~[na:na]
	at java.base/jdk.internal.reflect.NativeMethodAccessorImpl.invoke0(Native Method) ~[na:na]
	at java.base/jdk.internal.reflect.NativeMethodAccessorImpl.invoke(NativeMethodAccessorImpl.java:62) ~[na:na]
	at java.base/jdk.internal.reflect.DelegatingMethodAccessorImpl.invoke(DelegatingMethodAccessorImpl.java:43) ~[na:na]
	at java.base/java.lang.reflect.Method.invoke(Method.java:567) ~[na:na]
	at org.gradle.internal.dispatch.ReflectionDispatch.dispatch(ReflectionDispatch.java:36) ~[na:na]
	at org.gradle.internal.dispatch.ReflectionDispatch.dispatch(ReflectionDispatch.java:24) ~[na:na]
	at org.gradle.internal.remote.internal.hub.MessageHubBackedObjectConnection$DispatchWrapper.dispatch(MessageHubBackedObjectConnection.java:182) ~[na:na]
	at org.gradle.internal.remote.internal.hub.MessageHubBackedObjectConnection$DispatchWrapper.dispatch(MessageHubBackedObjectConnection.java:164) ~[na:na]
	at org.gradle.internal.remote.internal.hub.MessageHub$Handler.run(MessageHub.java:412) ~[na:na]
	at org.gradle.internal.concurrent.ExecutorPolicy$CatchAndRecordFailures.onExecute(ExecutorPolicy.java:64) ~[na:na]
	at org.gradle.internal.concurrent.ManagedExecutorImpl$1.run(ManagedExecutorImpl.java:48) ~[na:na]
	at java.base/java.util.concurrent.ThreadPoolExecutor.runWorker(ThreadPoolExecutor.java:1128) ~[na:na]
	at java.base/java.util.concurrent.ThreadPoolExecutor$Worker.run(ThreadPoolExecutor.java:628) ~[na:na]
	at org.gradle.internal.concurrent.ThreadFactoryImpl$ManagedThreadRunnable.run(ThreadFactoryImpl.java:56) ~[na:na]
	at java.base/java.lang.Thread.run(Thread.java:830) ~[na:na]

Hibernate: 
    insert 
    into
        yhteystieto
        (id, version, kieli, organisaatio_id, yhteystieto_oid, puhelinnumero, tyyppi, dtype) 
    values
        (null, ?, ?, ?, ?, ?, ?, 'Puhelinnumero')
2020-06-10 18:11:58.124 TRACE 55751 --- [    Test worker] o.h.type.descriptor.sql.BasicBinder      : binding parameter [1] as [BIGINT] - [0]
2020-06-10 18:11:58.124 TRACE 55751 --- [    Test worker] o.h.type.descriptor.sql.BasicBinder      : binding parameter [2] as [VARCHAR] - [kieli_sv#1]
2020-06-10 18:11:58.124 TRACE 55751 --- [    Test worker] o.h.type.descriptor.sql.BasicBinder      : binding parameter [3] as [BIGINT] - [7]
2020-06-10 18:11:58.124 TRACE 55751 --- [    Test worker] o.h.type.descriptor.sql.BasicBinder      : binding parameter [4] as [VARCHAR] - [1.2.246.562.5.2020061018115758563126]
2020-06-10 18:11:58.124 TRACE 55751 --- [    Test worker] o.h.type.descriptor.sql.BasicBinder      : binding parameter [5] as [VARCHAR] - [0100000210]
2020-06-10 18:11:58.124 TRACE 55751 --- [    Test worker] o.h.type.descriptor.sql.BasicBinder      : binding parameter [6] as [VARCHAR] - [puhelin]
Hibernate: 
    insert 
    into
        yhteystieto
        (id, version, kieli, organisaatio_id, yhteystieto_oid, www_osoite, dtype) 
    values
        (null, ?, ?, ?, ?, ?, 'Www')
2020-06-10 18:11:58.125 TRACE 55751 --- [    Test worker] o.h.type.descriptor.sql.BasicBinder      : binding parameter [1] as [BIGINT] - [0]
2020-06-10 18:11:58.125 TRACE 55751 --- [    Test worker] o.h.type.descriptor.sql.BasicBinder      : binding parameter [2] as [VARCHAR] - [kieli_sv#1]
2020-06-10 18:11:58.125 TRACE 55751 --- [    Test worker] o.h.type.descriptor.sql.BasicBinder      : binding parameter [3] as [BIGINT] - [7]
2020-06-10 18:11:58.125 TRACE 55751 --- [    Test worker] o.h.type.descriptor.sql.BasicBinder      : binding parameter [4] as [VARCHAR] - [1.2.246.562.5.2020061018115758559577]
2020-06-10 18:11:58.125 TRACE 55751 --- [    Test worker] o.h.type.descriptor.sql.BasicBinder      : binding parameter [5] as [VARCHAR] - [http://www.ytj.sv]
Hibernate: 
    insert 
    into
        yhteystieto
        (id, version, kieli, organisaatio_id, yhteystieto_oid, email, dtype) 
    values
        (null, ?, ?, ?, ?, ?, 'Email')
2020-06-10 18:11:58.126 TRACE 55751 --- [    Test worker] o.h.type.descriptor.sql.BasicBinder      : binding parameter [1] as [BIGINT] - [0]
2020-06-10 18:11:58.126 TRACE 55751 --- [    Test worker] o.h.type.descriptor.sql.BasicBinder      : binding parameter [2] as [VARCHAR] - [kieli_sv#1]
2020-06-10 18:11:58.126 TRACE 55751 --- [    Test worker] o.h.type.descriptor.sql.BasicBinder      : binding parameter [3] as [BIGINT] - [7]
2020-06-10 18:11:58.126 TRACE 55751 --- [    Test worker] o.h.type.descriptor.sql.BasicBinder      : binding parameter [4] as [VARCHAR] - [1.2.246.562.5.2020061018115758500289]
2020-06-10 18:11:58.126 TRACE 55751 --- [    Test worker] o.h.type.descriptor.sql.BasicBinder      : binding parameter [5] as [VARCHAR] - [example@example.com]
Hibernate: 
    insert 
    into
        yhteystieto
        (id, version, kieli, organisaatio_id, yhteystieto_oid, coordinatetype, extrarivi, lat, lng, maa, osavaltio, osoite, osoite_tyyppi, postinumero, postitoimipaikka, ytjpaivityspvm, dtype) 
    values
        (null, ?, ?, ?, ?, ?, ?, ?, ?, ?, ?, ?, ?, ?, ?, ?, 'Osoite')
2020-06-10 18:11:58.127 TRACE 55751 --- [    Test worker] o.h.type.descriptor.sql.BasicBinder      : binding parameter [1] as [BIGINT] - [0]
2020-06-10 18:11:58.127 TRACE 55751 --- [    Test worker] o.h.type.descriptor.sql.BasicBinder      : binding parameter [2] as [VARCHAR] - [kieli_sv#1]
2020-06-10 18:11:58.127 TRACE 55751 --- [    Test worker] o.h.type.descriptor.sql.BasicBinder      : binding parameter [3] as [BIGINT] - [7]
2020-06-10 18:11:58.127 TRACE 55751 --- [    Test worker] o.h.type.descriptor.sql.BasicBinder      : binding parameter [4] as [VARCHAR] - [1.2.246.562.5.2020061018115758550905]
2020-06-10 18:11:58.127 TRACE 55751 --- [    Test worker] o.h.type.descriptor.sql.BasicBinder      : binding parameter [5] as [VARCHAR] - [null]
2020-06-10 18:11:58.127 TRACE 55751 --- [    Test worker] o.h.type.descriptor.sql.BasicBinder      : binding parameter [6] as [VARCHAR] - [null]
2020-06-10 18:11:58.127 TRACE 55751 --- [    Test worker] o.h.type.descriptor.sql.BasicBinder      : binding parameter [7] as [DOUBLE] - [null]
2020-06-10 18:11:58.127 TRACE 55751 --- [    Test worker] o.h.type.descriptor.sql.BasicBinder      : binding parameter [8] as [DOUBLE] - [null]
2020-06-10 18:11:58.127 TRACE 55751 --- [    Test worker] o.h.type.descriptor.sql.BasicBinder      : binding parameter [9] as [VARCHAR] - [null]
2020-06-10 18:11:58.127 TRACE 55751 --- [    Test worker] o.h.type.descriptor.sql.BasicBinder      : binding parameter [10] as [VARCHAR] - [null]
2020-06-10 18:11:58.127 TRACE 55751 --- [    Test worker] o.h.type.descriptor.sql.BasicBinder      : binding parameter [11] as [VARCHAR] - [Svenska gatan 1]
2020-06-10 18:11:58.127 TRACE 55751 --- [    Test worker] o.h.type.descriptor.sql.BasicBinder      : binding parameter [12] as [VARCHAR] - [posti]
2020-06-10 18:11:58.127 TRACE 55751 --- [    Test worker] o.h.type.descriptor.sql.BasicBinder      : binding parameter [13] as [VARCHAR] - [posti_00100]
2020-06-10 18:11:58.127 TRACE 55751 --- [    Test worker] o.h.type.descriptor.sql.BasicBinder      : binding parameter [14] as [VARCHAR] - [Helsinki]
2020-06-10 18:11:58.127 TRACE 55751 --- [    Test worker] o.h.type.descriptor.sql.BasicBinder      : binding parameter [15] as [DATE] - [Wed Jun 10 18:11:57 EEST 2020]
2020-06-10 18:11:58.382  WARN 55751 --- [    Test worker] fi.vm.sade.javautils.http.OphHttpClient  : Failed to CAS authenticate. Renewing proxy ticket.
Hibernate: 
    insert 
    into
        yhteystieto
        (id, version, kieli, organisaatio_id, yhteystieto_oid, coordinatetype, extrarivi, lat, lng, maa, osavaltio, osoite, osoite_tyyppi, postinumero, postitoimipaikka, ytjpaivityspvm, dtype) 
    values
        (null, ?, ?, ?, ?, ?, ?, ?, ?, ?, ?, ?, ?, ?, ?, ?, 'Osoite')
2020-06-10 18:11:58.459 TRACE 55751 --- [    Test worker] o.h.type.descriptor.sql.BasicBinder      : binding parameter [1] as [BIGINT] - [0]
2020-06-10 18:11:58.459 TRACE 55751 --- [    Test worker] o.h.type.descriptor.sql.BasicBinder      : binding parameter [2] as [VARCHAR] - [kieli_fi#1]
2020-06-10 18:11:58.459 TRACE 55751 --- [    Test worker] o.h.type.descriptor.sql.BasicBinder      : binding parameter [3] as [BIGINT] - [9]
2020-06-10 18:11:58.459 TRACE 55751 --- [    Test worker] o.h.type.descriptor.sql.BasicBinder      : binding parameter [4] as [VARCHAR] - [1.2.246.562.5.2020061018115758643043]
2020-06-10 18:11:58.459 TRACE 55751 --- [    Test worker] o.h.type.descriptor.sql.BasicBinder      : binding parameter [5] as [VARCHAR] - [null]
2020-06-10 18:11:58.459 TRACE 55751 --- [    Test worker] o.h.type.descriptor.sql.BasicBinder      : binding parameter [6] as [VARCHAR] - [null]
2020-06-10 18:11:58.459 TRACE 55751 --- [    Test worker] o.h.type.descriptor.sql.BasicBinder      : binding parameter [7] as [DOUBLE] - [null]
2020-06-10 18:11:58.459 TRACE 55751 --- [    Test worker] o.h.type.descriptor.sql.BasicBinder      : binding parameter [8] as [DOUBLE] - [null]
2020-06-10 18:11:58.459 TRACE 55751 --- [    Test worker] o.h.type.descriptor.sql.BasicBinder      : binding parameter [9] as [VARCHAR] - [null]
2020-06-10 18:11:58.459 TRACE 55751 --- [    Test worker] o.h.type.descriptor.sql.BasicBinder      : binding parameter [10] as [VARCHAR] - [null]
2020-06-10 18:11:58.459 TRACE 55751 --- [    Test worker] o.h.type.descriptor.sql.BasicBinder      : binding parameter [11] as [VARCHAR] - [Tie 1]
2020-06-10 18:11:58.459 TRACE 55751 --- [    Test worker] o.h.type.descriptor.sql.BasicBinder      : binding parameter [12] as [VARCHAR] - [posti]
2020-06-10 18:11:58.460 TRACE 55751 --- [    Test worker] o.h.type.descriptor.sql.BasicBinder      : binding parameter [13] as [VARCHAR] - [posti_00100]
2020-06-10 18:11:58.460 TRACE 55751 --- [    Test worker] o.h.type.descriptor.sql.BasicBinder      : binding parameter [14] as [VARCHAR] - [Helsinki]
2020-06-10 18:11:58.460 TRACE 55751 --- [    Test worker] o.h.type.descriptor.sql.BasicBinder      : binding parameter [15] as [DATE] - [Wed Jun 10 18:11:57 EEST 2020]
Hibernate: 
    insert 
    into
        yhteystieto
        (id, version, kieli, organisaatio_id, yhteystieto_oid, www_osoite, dtype) 
    values
        (null, ?, ?, ?, ?, ?, 'Www')
2020-06-10 18:11:58.461 TRACE 55751 --- [    Test worker] o.h.type.descriptor.sql.BasicBinder      : binding parameter [1] as [BIGINT] - [0]
2020-06-10 18:11:58.461 TRACE 55751 --- [    Test worker] o.h.type.descriptor.sql.BasicBinder      : binding parameter [2] as [VARCHAR] - [kieli_fi#1]
2020-06-10 18:11:58.461 TRACE 55751 --- [    Test worker] o.h.type.descriptor.sql.BasicBinder      : binding parameter [3] as [BIGINT] - [9]
2020-06-10 18:11:58.461 TRACE 55751 --- [    Test worker] o.h.type.descriptor.sql.BasicBinder      : binding parameter [4] as [VARCHAR] - [1.2.246.562.5.2020061018115758679994]
2020-06-10 18:11:58.461 TRACE 55751 --- [    Test worker] o.h.type.descriptor.sql.BasicBinder      : binding parameter [5] as [VARCHAR] - [http://www.ytj.fi]
Hibernate: 
    insert 
    into
        yhteystieto
        (id, version, kieli, organisaatio_id, yhteystieto_oid, email, dtype) 
    values
        (null, ?, ?, ?, ?, ?, 'Email')
2020-06-10 18:11:58.461 TRACE 55751 --- [    Test worker] o.h.type.descriptor.sql.BasicBinder      : binding parameter [1] as [BIGINT] - [0]
2020-06-10 18:11:58.461 TRACE 55751 --- [    Test worker] o.h.type.descriptor.sql.BasicBinder      : binding parameter [2] as [VARCHAR] - [kieli_fi#1]
2020-06-10 18:11:58.461 TRACE 55751 --- [    Test worker] o.h.type.descriptor.sql.BasicBinder      : binding parameter [3] as [BIGINT] - [9]
2020-06-10 18:11:58.461 TRACE 55751 --- [    Test worker] o.h.type.descriptor.sql.BasicBinder      : binding parameter [4] as [VARCHAR] - [1.2.246.562.5.2020061018115758687530]
2020-06-10 18:11:58.461 TRACE 55751 --- [    Test worker] o.h.type.descriptor.sql.BasicBinder      : binding parameter [5] as [VARCHAR] - [example@example.com]
Hibernate: 
    insert 
    into
        yhteystieto
        (id, version, kieli, organisaatio_id, yhteystieto_oid, puhelinnumero, tyyppi, dtype) 
    values
        (null, ?, ?, ?, ?, ?, ?, 'Puhelinnumero')
2020-06-10 18:11:58.462 TRACE 55751 --- [    Test worker] o.h.type.descriptor.sql.BasicBinder      : binding parameter [1] as [BIGINT] - [0]
2020-06-10 18:11:58.462 TRACE 55751 --- [    Test worker] o.h.type.descriptor.sql.BasicBinder      : binding parameter [2] as [VARCHAR] - [kieli_fi#1]
2020-06-10 18:11:58.462 TRACE 55751 --- [    Test worker] o.h.type.descriptor.sql.BasicBinder      : binding parameter [3] as [BIGINT] - [9]
2020-06-10 18:11:58.462 TRACE 55751 --- [    Test worker] o.h.type.descriptor.sql.BasicBinder      : binding parameter [4] as [VARCHAR] - [1.2.246.562.5.2020061018115758667190]
2020-06-10 18:11:58.462 TRACE 55751 --- [    Test worker] o.h.type.descriptor.sql.BasicBinder      : binding parameter [5] as [VARCHAR] - [0100000211]
2020-06-10 18:11:58.462 TRACE 55751 --- [    Test worker] o.h.type.descriptor.sql.BasicBinder      : binding parameter [6] as [VARCHAR] - [puhelin]
2020-06-10 18:11:58.696  WARN 55751 --- [    Test worker] fi.vm.sade.javautils.http.OphHttpClient  : Failed to CAS authenticate. Renewing proxy ticket.
2020-06-10 18:11:59.026  WARN 55751 --- [    Test worker] fi.vm.sade.javautils.http.OphHttpClient  : Failed to CAS authenticate. Renewing proxy ticket.
2020-06-10 18:11:59.091 ERROR 55751 --- [    Test worker] fi.vm.sade.javautils.http.LogUtil        : Internal error calling REST resource, url: https://virkailija.untuvaopintopolku.fi/koodisto-service/rest/codeelement/koulutustoimija_12345695/1, method: GET, status: 500, userInfo: , connectionTimeoutMs: 10000, socketTimeoutMs: 10000
2020-06-10 18:11:59.091 ERROR 55751 --- [    Test worker] fi.vm.sade.javautils.http.LogUtil        : Not found error calling REST resource, url: https://virkailija.untuvaopintopolku.fi/koodisto-service/rest/codeelement/koulutustoimija_12345695/1, method: GET, status: 500, userInfo: , connectionTimeoutMs: 10000, socketTimeoutMs: 10000
2020-06-10 18:11:59.100 ERROR 55751 --- [    Test worker] f.v.s.o.b.i.OrganisaatioYtjServiceImpl   : Organisaation 1.2.8000.1 päivitys koodistoon epäonnistui

java.lang.NullPointerException: null
	at java.base/java.util.Calendar.setTime(Calendar.java:1800) ~[na:na]
	at java.base/java.text.SimpleDateFormat.format(SimpleDateFormat.java:974) ~[na:na]
	at java.base/java.text.SimpleDateFormat.format(SimpleDateFormat.java:967) ~[na:na]
	at java.base/java.text.DateFormat.format(DateFormat.java:374) ~[na:na]
	at fi.vm.sade.organisaatio.business.impl.OrganisaatioKoodistoImpl.luoKoodi(OrganisaatioKoodistoImpl.java:139) ~[main/:na]
	at fi.vm.sade.organisaatio.business.impl.OrganisaatioKoodistoImpl.paivitaKoodisto(OrganisaatioKoodistoImpl.java:333) ~[main/:na]
	at fi.vm.sade.organisaatio.business.impl.OrganisaatioKoodistoImpl$$FastClassBySpringCGLIB$$914a4299.invoke(<generated>) ~[main/:na]
	at org.springframework.cglib.proxy.MethodProxy.invoke(MethodProxy.java:218) ~[spring-core-5.2.6.RELEASE.jar:5.2.6.RELEASE]
	at org.springframework.aop.framework.CglibAopProxy$DynamicAdvisedInterceptor.intercept(CglibAopProxy.java:687) ~[spring-aop-5.2.6.RELEASE.jar:5.2.6.RELEASE]
	at fi.vm.sade.organisaatio.business.impl.OrganisaatioKoodistoImpl$$EnhancerBySpringCGLIB$$a17ae0f7.paivitaKoodisto(<generated>) ~[main/:na]
	at fi.vm.sade.organisaatio.business.impl.OrganisaatioYtjServiceImpl.updateYTJData(OrganisaatioYtjServiceImpl.java:152) ~[main/:na]
	at fi.vm.sade.organisaatio.business.impl.OrganisaatioYtjServiceImpl$$FastClassBySpringCGLIB$$b99a6c01.invoke(<generated>) ~[main/:na]
	at org.springframework.cglib.proxy.MethodProxy.invoke(MethodProxy.java:218) ~[spring-core-5.2.6.RELEASE.jar:5.2.6.RELEASE]
	at org.springframework.aop.framework.CglibAopProxy$CglibMethodInvocation.invokeJoinpoint(CglibAopProxy.java:771) ~[spring-aop-5.2.6.RELEASE.jar:5.2.6.RELEASE]
	at org.springframework.aop.framework.ReflectiveMethodInvocation.proceed(ReflectiveMethodInvocation.java:163) ~[spring-aop-5.2.6.RELEASE.jar:5.2.6.RELEASE]
	at org.springframework.aop.framework.CglibAopProxy$CglibMethodInvocation.proceed(CglibAopProxy.java:749) ~[spring-aop-5.2.6.RELEASE.jar:5.2.6.RELEASE]
	at org.springframework.transaction.interceptor.TransactionAspectSupport.invokeWithinTransaction(TransactionAspectSupport.java:366) ~[spring-tx-5.2.6.RELEASE.jar:5.2.6.RELEASE]
	at org.springframework.transaction.interceptor.TransactionInterceptor.invoke(TransactionInterceptor.java:118) ~[spring-tx-5.2.6.RELEASE.jar:5.2.6.RELEASE]
	at org.springframework.aop.framework.ReflectiveMethodInvocation.proceed(ReflectiveMethodInvocation.java:186) ~[spring-aop-5.2.6.RELEASE.jar:5.2.6.RELEASE]
	at org.springframework.aop.framework.CglibAopProxy$CglibMethodInvocation.proceed(CglibAopProxy.java:749) ~[spring-aop-5.2.6.RELEASE.jar:5.2.6.RELEASE]
	at org.springframework.aop.framework.CglibAopProxy$DynamicAdvisedInterceptor.intercept(CglibAopProxy.java:691) ~[spring-aop-5.2.6.RELEASE.jar:5.2.6.RELEASE]
	at fi.vm.sade.organisaatio.business.impl.OrganisaatioYtjServiceImpl$$EnhancerBySpringCGLIB$$ac7c7e2f.updateYTJData(<generated>) ~[main/:na]
	at fi.vm.sade.organisaatio.business.impl.OrganisaatioYtjServiceImplTest.updateYTJDataTest(OrganisaatioYtjServiceImplTest.java:86) ~[test/:na]
	at java.base/jdk.internal.reflect.NativeMethodAccessorImpl.invoke0(Native Method) ~[na:na]
	at java.base/jdk.internal.reflect.NativeMethodAccessorImpl.invoke(NativeMethodAccessorImpl.java:62) ~[na:na]
	at java.base/jdk.internal.reflect.DelegatingMethodAccessorImpl.invoke(DelegatingMethodAccessorImpl.java:43) ~[na:na]
	at java.base/java.lang.reflect.Method.invoke(Method.java:567) ~[na:na]
	at org.junit.runners.model.FrameworkMethod$1.runReflectiveCall(FrameworkMethod.java:59) ~[junit-4.13.jar:4.13]
	at org.junit.internal.runners.model.ReflectiveCallable.run(ReflectiveCallable.java:12) ~[junit-4.13.jar:4.13]
	at org.junit.runners.model.FrameworkMethod.invokeExplosively(FrameworkMethod.java:56) ~[junit-4.13.jar:4.13]
	at org.junit.internal.runners.statements.InvokeMethod.evaluate(InvokeMethod.java:17) ~[junit-4.13.jar:4.13]
	at org.springframework.test.context.junit4.statements.RunBeforeTestExecutionCallbacks.evaluate(RunBeforeTestExecutionCallbacks.java:74) ~[spring-test-5.2.6.RELEASE.jar:5.2.6.RELEASE]
	at org.springframework.test.context.junit4.statements.RunAfterTestExecutionCallbacks.evaluate(RunAfterTestExecutionCallbacks.java:84) ~[spring-test-5.2.6.RELEASE.jar:5.2.6.RELEASE]
	at org.junit.internal.runners.statements.RunBefores.evaluate(RunBefores.java:26) ~[junit-4.13.jar:4.13]
	at org.springframework.test.context.junit4.statements.RunBeforeTestMethodCallbacks.evaluate(RunBeforeTestMethodCallbacks.java:75) ~[spring-test-5.2.6.RELEASE.jar:5.2.6.RELEASE]
	at org.junit.internal.runners.statements.RunAfters.evaluate(RunAfters.java:27) ~[junit-4.13.jar:4.13]
	at org.springframework.test.context.junit4.statements.RunAfterTestMethodCallbacks.evaluate(RunAfterTestMethodCallbacks.java:86) ~[spring-test-5.2.6.RELEASE.jar:5.2.6.RELEASE]
	at org.springframework.test.context.junit4.statements.SpringRepeat.evaluate(SpringRepeat.java:84) ~[spring-test-5.2.6.RELEASE.jar:5.2.6.RELEASE]
	at org.junit.runners.ParentRunner.runLeaf(ParentRunner.java:366) ~[junit-4.13.jar:4.13]
	at org.springframework.test.context.junit4.SpringJUnit4ClassRunner.runChild(SpringJUnit4ClassRunner.java:251) ~[spring-test-5.2.6.RELEASE.jar:5.2.6.RELEASE]
	at org.springframework.test.context.junit4.SpringJUnit4ClassRunner.runChild(SpringJUnit4ClassRunner.java:97) ~[spring-test-5.2.6.RELEASE.jar:5.2.6.RELEASE]
	at org.junit.runners.ParentRunner$4.run(ParentRunner.java:331) ~[junit-4.13.jar:4.13]
	at org.junit.runners.ParentRunner$1.schedule(ParentRunner.java:79) ~[junit-4.13.jar:4.13]
	at org.junit.runners.ParentRunner.runChildren(ParentRunner.java:329) ~[junit-4.13.jar:4.13]
	at org.junit.runners.ParentRunner.access$100(ParentRunner.java:66) ~[junit-4.13.jar:4.13]
	at org.junit.runners.ParentRunner$2.evaluate(ParentRunner.java:293) ~[junit-4.13.jar:4.13]
	at org.springframework.test.context.junit4.statements.RunBeforeTestClassCallbacks.evaluate(RunBeforeTestClassCallbacks.java:61) ~[spring-test-5.2.6.RELEASE.jar:5.2.6.RELEASE]
	at org.springframework.test.context.junit4.statements.RunAfterTestClassCallbacks.evaluate(RunAfterTestClassCallbacks.java:70) ~[spring-test-5.2.6.RELEASE.jar:5.2.6.RELEASE]
	at org.junit.runners.ParentRunner$3.evaluate(ParentRunner.java:306) ~[junit-4.13.jar:4.13]
	at org.junit.runners.ParentRunner.run(ParentRunner.java:413) ~[junit-4.13.jar:4.13]
	at org.springframework.test.context.junit4.SpringJUnit4ClassRunner.run(SpringJUnit4ClassRunner.java:190) ~[spring-test-5.2.6.RELEASE.jar:5.2.6.RELEASE]
	at org.junit.runner.JUnitCore.run(JUnitCore.java:137) ~[junit-4.13.jar:4.13]
	at org.junit.runner.JUnitCore.run(JUnitCore.java:115) ~[junit-4.13.jar:4.13]
	at org.junit.vintage.engine.execution.RunnerExecutor.execute(RunnerExecutor.java:43) ~[junit-vintage-engine-5.6.2.jar:5.6.2]
	at java.base/java.util.stream.ForEachOps$ForEachOp$OfRef.accept(ForEachOps.java:183) ~[na:na]
	at java.base/java.util.stream.ReferencePipeline$3$1.accept(ReferencePipeline.java:195) ~[na:na]
	at java.base/java.util.Iterator.forEachRemaining(Iterator.java:133) ~[na:na]
	at java.base/java.util.Spliterators$IteratorSpliterator.forEachRemaining(Spliterators.java:1801) ~[na:na]
	at java.base/java.util.stream.AbstractPipeline.copyInto(AbstractPipeline.java:484) ~[na:na]
	at java.base/java.util.stream.AbstractPipeline.wrapAndCopyInto(AbstractPipeline.java:474) ~[na:na]
	at java.base/java.util.stream.ForEachOps$ForEachOp.evaluateSequential(ForEachOps.java:150) ~[na:na]
	at java.base/java.util.stream.ForEachOps$ForEachOp$OfRef.evaluateSequential(ForEachOps.java:173) ~[na:na]
	at java.base/java.util.stream.AbstractPipeline.evaluate(AbstractPipeline.java:234) ~[na:na]
	at java.base/java.util.stream.ReferencePipeline.forEach(ReferencePipeline.java:497) ~[na:na]
	at org.junit.vintage.engine.VintageTestEngine.executeAllChildren(VintageTestEngine.java:82) ~[junit-vintage-engine-5.6.2.jar:5.6.2]
	at org.junit.vintage.engine.VintageTestEngine.execute(VintageTestEngine.java:73) ~[junit-vintage-engine-5.6.2.jar:5.6.2]
	at org.junit.platform.launcher.core.DefaultLauncher.execute(DefaultLauncher.java:220) ~[na:na]
	at org.junit.platform.launcher.core.DefaultLauncher.lambda$execute$6(DefaultLauncher.java:188) ~[na:na]
	at org.junit.platform.launcher.core.DefaultLauncher.withInterceptedStreams(DefaultLauncher.java:202) ~[na:na]
	at org.junit.platform.launcher.core.DefaultLauncher.execute(DefaultLauncher.java:181) ~[na:na]
	at org.junit.platform.launcher.core.DefaultLauncher.execute(DefaultLauncher.java:128) ~[na:na]
	at org.gradle.api.internal.tasks.testing.junitplatform.JUnitPlatformTestClassProcessor$CollectAllTestClassesExecutor.processAllTestClasses(JUnitPlatformTestClassProcessor.java:99) ~[na:na]
	at org.gradle.api.internal.tasks.testing.junitplatform.JUnitPlatformTestClassProcessor$CollectAllTestClassesExecutor.access$000(JUnitPlatformTestClassProcessor.java:79) ~[na:na]
	at org.gradle.api.internal.tasks.testing.junitplatform.JUnitPlatformTestClassProcessor.stop(JUnitPlatformTestClassProcessor.java:75) ~[na:na]
	at org.gradle.api.internal.tasks.testing.SuiteTestClassProcessor.stop(SuiteTestClassProcessor.java:61) ~[na:na]
	at java.base/jdk.internal.reflect.NativeMethodAccessorImpl.invoke0(Native Method) ~[na:na]
	at java.base/jdk.internal.reflect.NativeMethodAccessorImpl.invoke(NativeMethodAccessorImpl.java:62) ~[na:na]
	at java.base/jdk.internal.reflect.DelegatingMethodAccessorImpl.invoke(DelegatingMethodAccessorImpl.java:43) ~[na:na]
	at java.base/java.lang.reflect.Method.invoke(Method.java:567) ~[na:na]
	at org.gradle.internal.dispatch.ReflectionDispatch.dispatch(ReflectionDispatch.java:36) ~[na:na]
	at org.gradle.internal.dispatch.ReflectionDispatch.dispatch(ReflectionDispatch.java:24) ~[na:na]
	at org.gradle.internal.dispatch.ContextClassLoaderDispatch.dispatch(ContextClassLoaderDispatch.java:33) ~[na:na]
	at org.gradle.internal.dispatch.ProxyDispatchAdapter$DispatchingInvocationHandler.invoke(ProxyDispatchAdapter.java:94) ~[na:na]
	at com.sun.proxy.$Proxy2.stop(Unknown Source) ~[na:na]
	at org.gradle.api.internal.tasks.testing.worker.TestWorker.stop(TestWorker.java:132) ~[na:na]
	at java.base/jdk.internal.reflect.NativeMethodAccessorImpl.invoke0(Native Method) ~[na:na]
	at java.base/jdk.internal.reflect.NativeMethodAccessorImpl.invoke(NativeMethodAccessorImpl.java:62) ~[na:na]
	at java.base/jdk.internal.reflect.DelegatingMethodAccessorImpl.invoke(DelegatingMethodAccessorImpl.java:43) ~[na:na]
	at java.base/java.lang.reflect.Method.invoke(Method.java:567) ~[na:na]
	at org.gradle.internal.dispatch.ReflectionDispatch.dispatch(ReflectionDispatch.java:36) ~[na:na]
	at org.gradle.internal.dispatch.ReflectionDispatch.dispatch(ReflectionDispatch.java:24) ~[na:na]
	at org.gradle.internal.remote.internal.hub.MessageHubBackedObjectConnection$DispatchWrapper.dispatch(MessageHubBackedObjectConnection.java:182) ~[na:na]
	at org.gradle.internal.remote.internal.hub.MessageHubBackedObjectConnection$DispatchWrapper.dispatch(MessageHubBackedObjectConnection.java:164) ~[na:na]
	at org.gradle.internal.remote.internal.hub.MessageHub$Handler.run(MessageHub.java:412) ~[na:na]
	at org.gradle.internal.concurrent.ExecutorPolicy$CatchAndRecordFailures.onExecute(ExecutorPolicy.java:64) ~[na:na]
	at org.gradle.internal.concurrent.ManagedExecutorImpl$1.run(ManagedExecutorImpl.java:48) ~[na:na]
	at java.base/java.util.concurrent.ThreadPoolExecutor.runWorker(ThreadPoolExecutor.java:1128) ~[na:na]
	at java.base/java.util.concurrent.ThreadPoolExecutor$Worker.run(ThreadPoolExecutor.java:628) ~[na:na]
	at org.gradle.internal.concurrent.ThreadFactoryImpl$ManagedThreadRunnable.run(ThreadFactoryImpl.java:56) ~[na:na]
	at java.base/java.lang.Thread.run(Thread.java:830) ~[na:na]

Hibernate: 
    insert 
    into
        ytjpaivitysloki
        (id, version, paivitetyt_lkm, paivitys_tila, paivitys_tila_selite, paivitysaika) 
    values
        (null, ?, ?, ?, ?, ?)
2020-06-10 18:11:59.104 TRACE 55751 --- [    Test worker] o.h.type.descriptor.sql.BasicBinder      : binding parameter [1] as [BIGINT] - [0]
2020-06-10 18:11:59.104 TRACE 55751 --- [    Test worker] o.h.type.descriptor.sql.BasicBinder      : binding parameter [2] as [BIGINT] - [4]
2020-06-10 18:11:59.104 TRACE 55751 --- [    Test worker] o.h.type.descriptor.sql.BasicBinder      : binding parameter [3] as [VARCHAR] - [ONNISTUNUT_VIRHEITA]
2020-06-10 18:11:59.104 TRACE 55751 --- [    Test worker] o.h.type.descriptor.sql.BasicBinder      : binding parameter [4] as [VARCHAR] - [null]
2020-06-10 18:11:59.104 TRACE 55751 --- [    Test worker] o.h.type.descriptor.sql.BasicBinder      : binding parameter [5] as [TIMESTAMP] - [Wed Jun 10 18:11:57 EEST 2020]
Hibernate: 
    insert 
    into
        ytjvirhe
        (id, version, oid, org_nimi, virhekohde, virheviesti, ytj_paivitys_loki_id) 
    values
        (null, ?, ?, ?, ?, ?, ?)
2020-06-10 18:11:59.104 TRACE 55751 --- [    Test worker] o.h.type.descriptor.sql.BasicBinder      : binding parameter [1] as [BIGINT] - [0]
2020-06-10 18:11:59.105 TRACE 55751 --- [    Test worker] o.h.type.descriptor.sql.BasicBinder      : binding parameter [2] as [VARCHAR] - [1.2.8000.1]
2020-06-10 18:11:59.105 TRACE 55751 --- [    Test worker] o.h.type.descriptor.sql.BasicBinder      : binding parameter [3] as [VARCHAR] - [node23 foo bar]
2020-06-10 18:11:59.105 TRACE 55751 --- [    Test worker] o.h.type.descriptor.sql.BasicBinder      : binding parameter [4] as [VARCHAR] - [NIMI]
2020-06-10 18:11:59.105 TRACE 55751 --- [    Test worker] o.h.type.descriptor.sql.BasicBinder      : binding parameter [5] as [VARCHAR] - [ilmoitukset.log.virhe.nimi.puuttuu.ytj]
2020-06-10 18:11:59.105 TRACE 55751 --- [    Test worker] o.h.type.descriptor.sql.BasicBinder      : binding parameter [6] as [BIGINT] - [1]
Hibernate: 
    insert 
    into
        ytjvirhe
        (id, version, oid, org_nimi, virhekohde, virheviesti, ytj_paivitys_loki_id) 
    values
        (null, ?, ?, ?, ?, ?, ?)
2020-06-10 18:11:59.105 TRACE 55751 --- [    Test worker] o.h.type.descriptor.sql.BasicBinder      : binding parameter [1] as [BIGINT] - [0]
2020-06-10 18:11:59.105 TRACE 55751 --- [    Test worker] o.h.type.descriptor.sql.BasicBinder      : binding parameter [2] as [VARCHAR] - [1.2.2004.1]
2020-06-10 18:11:59.105 TRACE 55751 --- [    Test worker] o.h.type.descriptor.sql.BasicBinder      : binding parameter [3] as [VARCHAR] - [Katva Consulting]
2020-06-10 18:11:59.105 TRACE 55751 --- [    Test worker] o.h.type.descriptor.sql.BasicBinder      : binding parameter [4] as [VARCHAR] - [KOODISTO]
2020-06-10 18:11:59.105 TRACE 55751 --- [    Test worker] o.h.type.descriptor.sql.BasicBinder      : binding parameter [5] as [VARCHAR] - [ilmoitukset.log.virhe.koodisto]
2020-06-10 18:11:59.105 TRACE 55751 --- [    Test worker] o.h.type.descriptor.sql.BasicBinder      : binding parameter [6] as [BIGINT] - [1]
Hibernate: 
    insert 
    into
        ytjvirhe
        (id, version, oid, org_nimi, virhekohde, virheviesti, ytj_paivitys_loki_id) 
    values
        (null, ?, ?, ?, ?, ?, ?)
2020-06-10 18:11:59.106 TRACE 55751 --- [    Test worker] o.h.type.descriptor.sql.BasicBinder      : binding parameter [1] as [BIGINT] - [0]
2020-06-10 18:11:59.106 TRACE 55751 --- [    Test worker] o.h.type.descriptor.sql.BasicBinder      : binding parameter [2] as [VARCHAR] - [1.2.8000.1]
2020-06-10 18:11:59.106 TRACE 55751 --- [    Test worker] o.h.type.descriptor.sql.BasicBinder      : binding parameter [3] as [VARCHAR] - [node23 foo bar]
2020-06-10 18:11:59.106 TRACE 55751 --- [    Test worker] o.h.type.descriptor.sql.BasicBinder      : binding parameter [4] as [VARCHAR] - [KOODISTO]
2020-06-10 18:11:59.106 TRACE 55751 --- [    Test worker] o.h.type.descriptor.sql.BasicBinder      : binding parameter [5] as [VARCHAR] - [ilmoitukset.log.virhe.koodisto]
2020-06-10 18:11:59.106 TRACE 55751 --- [    Test worker] o.h.type.descriptor.sql.BasicBinder      : binding parameter [6] as [BIGINT] - [1]
2020-06-10 18:11:59.370  WARN 55751 --- [    Test worker] fi.vm.sade.javautils.http.OphHttpClient  : Failed to CAS authenticate. Renewing proxy ticket.
2020-06-10 18:11:59.609  WARN 55751 --- [    Test worker] fi.vm.sade.javautils.http.OphHttpClient  : Redirected to CAS or 401 unauthorized, retrieving ticket again and retrying request
2020-06-10 18:11:59.882  WARN 55751 --- [    Test worker] fi.vm.sade.javautils.http.OphHttpClient  : Failed second time to CAS authenticate
2020-06-10 18:11:59.891 ERROR 55751 --- [    Test worker] f.v.s.o.b.i.OrganisaatioViestintaImpl    : Could not send email.

fi.vm.sade.organisaatio.business.exception.OrganisaatioViestintaException: Failed to authenticate a second time. CAS likely didn't recognise TGT!
	at fi.vm.sade.organisaatio.business.impl.OrganisaatioViestintaClient.wrapException(OrganisaatioViestintaClient.java:49) ~[main/:na]
	at fi.vm.sade.organisaatio.business.impl.OrganisaatioViestintaClient.post(OrganisaatioViestintaClient.java:68) ~[main/:na]
	at fi.vm.sade.organisaatio.business.impl.OrganisaatioViestintaClient.post(OrganisaatioViestintaClient.java:56) ~[main/:na]
	at fi.vm.sade.organisaatio.business.impl.OrganisaatioViestintaImpl.generateAndSendEmail(OrganisaatioViestintaImpl.java:150) ~[main/:na]
	at fi.vm.sade.organisaatio.business.impl.OrganisaatioViestintaImpl.sendStringViestintaEmail(OrganisaatioViestintaImpl.java:135) ~[main/:na]
	at fi.vm.sade.organisaatio.business.impl.OrganisaatioViestintaImpl.sendPaivitysLokiViestintaEmail(OrganisaatioViestintaImpl.java:80) ~[main/:na]
	at fi.vm.sade.organisaatio.business.impl.OrganisaatioYtjServiceImpl.updateYTJData(OrganisaatioYtjServiceImpl.java:178) ~[main/:na]
	at fi.vm.sade.organisaatio.business.impl.OrganisaatioYtjServiceImpl$$FastClassBySpringCGLIB$$b99a6c01.invoke(<generated>) ~[main/:na]
	at org.springframework.cglib.proxy.MethodProxy.invoke(MethodProxy.java:218) ~[spring-core-5.2.6.RELEASE.jar:5.2.6.RELEASE]
	at org.springframework.aop.framework.CglibAopProxy$CglibMethodInvocation.invokeJoinpoint(CglibAopProxy.java:771) ~[spring-aop-5.2.6.RELEASE.jar:5.2.6.RELEASE]
	at org.springframework.aop.framework.ReflectiveMethodInvocation.proceed(ReflectiveMethodInvocation.java:163) ~[spring-aop-5.2.6.RELEASE.jar:5.2.6.RELEASE]
	at org.springframework.aop.framework.CglibAopProxy$CglibMethodInvocation.proceed(CglibAopProxy.java:749) ~[spring-aop-5.2.6.RELEASE.jar:5.2.6.RELEASE]
	at org.springframework.transaction.interceptor.TransactionAspectSupport.invokeWithinTransaction(TransactionAspectSupport.java:366) ~[spring-tx-5.2.6.RELEASE.jar:5.2.6.RELEASE]
	at org.springframework.transaction.interceptor.TransactionInterceptor.invoke(TransactionInterceptor.java:118) ~[spring-tx-5.2.6.RELEASE.jar:5.2.6.RELEASE]
	at org.springframework.aop.framework.ReflectiveMethodInvocation.proceed(ReflectiveMethodInvocation.java:186) ~[spring-aop-5.2.6.RELEASE.jar:5.2.6.RELEASE]
	at org.springframework.aop.framework.CglibAopProxy$CglibMethodInvocation.proceed(CglibAopProxy.java:749) ~[spring-aop-5.2.6.RELEASE.jar:5.2.6.RELEASE]
	at org.springframework.aop.framework.CglibAopProxy$DynamicAdvisedInterceptor.intercept(CglibAopProxy.java:691) ~[spring-aop-5.2.6.RELEASE.jar:5.2.6.RELEASE]
	at fi.vm.sade.organisaatio.business.impl.OrganisaatioYtjServiceImpl$$EnhancerBySpringCGLIB$$ac7c7e2f.updateYTJData(<generated>) ~[main/:na]
	at fi.vm.sade.organisaatio.business.impl.OrganisaatioYtjServiceImplTest.updateYTJDataTest(OrganisaatioYtjServiceImplTest.java:86) ~[test/:na]
	at java.base/jdk.internal.reflect.NativeMethodAccessorImpl.invoke0(Native Method) ~[na:na]
	at java.base/jdk.internal.reflect.NativeMethodAccessorImpl.invoke(NativeMethodAccessorImpl.java:62) ~[na:na]
	at java.base/jdk.internal.reflect.DelegatingMethodAccessorImpl.invoke(DelegatingMethodAccessorImpl.java:43) ~[na:na]
	at java.base/java.lang.reflect.Method.invoke(Method.java:567) ~[na:na]
	at org.junit.runners.model.FrameworkMethod$1.runReflectiveCall(FrameworkMethod.java:59) ~[junit-4.13.jar:4.13]
	at org.junit.internal.runners.model.ReflectiveCallable.run(ReflectiveCallable.java:12) ~[junit-4.13.jar:4.13]
	at org.junit.runners.model.FrameworkMethod.invokeExplosively(FrameworkMethod.java:56) ~[junit-4.13.jar:4.13]
	at org.junit.internal.runners.statements.InvokeMethod.evaluate(InvokeMethod.java:17) ~[junit-4.13.jar:4.13]
	at org.springframework.test.context.junit4.statements.RunBeforeTestExecutionCallbacks.evaluate(RunBeforeTestExecutionCallbacks.java:74) ~[spring-test-5.2.6.RELEASE.jar:5.2.6.RELEASE]
	at org.springframework.test.context.junit4.statements.RunAfterTestExecutionCallbacks.evaluate(RunAfterTestExecutionCallbacks.java:84) ~[spring-test-5.2.6.RELEASE.jar:5.2.6.RELEASE]
	at org.junit.internal.runners.statements.RunBefores.evaluate(RunBefores.java:26) ~[junit-4.13.jar:4.13]
	at org.springframework.test.context.junit4.statements.RunBeforeTestMethodCallbacks.evaluate(RunBeforeTestMethodCallbacks.java:75) ~[spring-test-5.2.6.RELEASE.jar:5.2.6.RELEASE]
	at org.junit.internal.runners.statements.RunAfters.evaluate(RunAfters.java:27) ~[junit-4.13.jar:4.13]
	at org.springframework.test.context.junit4.statements.RunAfterTestMethodCallbacks.evaluate(RunAfterTestMethodCallbacks.java:86) ~[spring-test-5.2.6.RELEASE.jar:5.2.6.RELEASE]
	at org.springframework.test.context.junit4.statements.SpringRepeat.evaluate(SpringRepeat.java:84) ~[spring-test-5.2.6.RELEASE.jar:5.2.6.RELEASE]
	at org.junit.runners.ParentRunner.runLeaf(ParentRunner.java:366) ~[junit-4.13.jar:4.13]
	at org.springframework.test.context.junit4.SpringJUnit4ClassRunner.runChild(SpringJUnit4ClassRunner.java:251) ~[spring-test-5.2.6.RELEASE.jar:5.2.6.RELEASE]
	at org.springframework.test.context.junit4.SpringJUnit4ClassRunner.runChild(SpringJUnit4ClassRunner.java:97) ~[spring-test-5.2.6.RELEASE.jar:5.2.6.RELEASE]
	at org.junit.runners.ParentRunner$4.run(ParentRunner.java:331) ~[junit-4.13.jar:4.13]
	at org.junit.runners.ParentRunner$1.schedule(ParentRunner.java:79) ~[junit-4.13.jar:4.13]
	at org.junit.runners.ParentRunner.runChildren(ParentRunner.java:329) ~[junit-4.13.jar:4.13]
	at org.junit.runners.ParentRunner.access$100(ParentRunner.java:66) ~[junit-4.13.jar:4.13]
	at org.junit.runners.ParentRunner$2.evaluate(ParentRunner.java:293) ~[junit-4.13.jar:4.13]
	at org.springframework.test.context.junit4.statements.RunBeforeTestClassCallbacks.evaluate(RunBeforeTestClassCallbacks.java:61) ~[spring-test-5.2.6.RELEASE.jar:5.2.6.RELEASE]
	at org.springframework.test.context.junit4.statements.RunAfterTestClassCallbacks.evaluate(RunAfterTestClassCallbacks.java:70) ~[spring-test-5.2.6.RELEASE.jar:5.2.6.RELEASE]
	at org.junit.runners.ParentRunner$3.evaluate(ParentRunner.java:306) ~[junit-4.13.jar:4.13]
	at org.junit.runners.ParentRunner.run(ParentRunner.java:413) ~[junit-4.13.jar:4.13]
	at org.springframework.test.context.junit4.SpringJUnit4ClassRunner.run(SpringJUnit4ClassRunner.java:190) ~[spring-test-5.2.6.RELEASE.jar:5.2.6.RELEASE]
	at org.junit.runner.JUnitCore.run(JUnitCore.java:137) ~[junit-4.13.jar:4.13]
	at org.junit.runner.JUnitCore.run(JUnitCore.java:115) ~[junit-4.13.jar:4.13]
	at org.junit.vintage.engine.execution.RunnerExecutor.execute(RunnerExecutor.java:43) ~[junit-vintage-engine-5.6.2.jar:5.6.2]
	at java.base/java.util.stream.ForEachOps$ForEachOp$OfRef.accept(ForEachOps.java:183) ~[na:na]
	at java.base/java.util.stream.ReferencePipeline$3$1.accept(ReferencePipeline.java:195) ~[na:na]
	at java.base/java.util.Iterator.forEachRemaining(Iterator.java:133) ~[na:na]
	at java.base/java.util.Spliterators$IteratorSpliterator.forEachRemaining(Spliterators.java:1801) ~[na:na]
	at java.base/java.util.stream.AbstractPipeline.copyInto(AbstractPipeline.java:484) ~[na:na]
	at java.base/java.util.stream.AbstractPipeline.wrapAndCopyInto(AbstractPipeline.java:474) ~[na:na]
	at java.base/java.util.stream.ForEachOps$ForEachOp.evaluateSequential(ForEachOps.java:150) ~[na:na]
	at java.base/java.util.stream.ForEachOps$ForEachOp$OfRef.evaluateSequential(ForEachOps.java:173) ~[na:na]
	at java.base/java.util.stream.AbstractPipeline.evaluate(AbstractPipeline.java:234) ~[na:na]
	at java.base/java.util.stream.ReferencePipeline.forEach(ReferencePipeline.java:497) ~[na:na]
	at org.junit.vintage.engine.VintageTestEngine.executeAllChildren(VintageTestEngine.java:82) ~[junit-vintage-engine-5.6.2.jar:5.6.2]
	at org.junit.vintage.engine.VintageTestEngine.execute(VintageTestEngine.java:73) ~[junit-vintage-engine-5.6.2.jar:5.6.2]
	at org.junit.platform.launcher.core.DefaultLauncher.execute(DefaultLauncher.java:220) ~[na:na]
	at org.junit.platform.launcher.core.DefaultLauncher.lambda$execute$6(DefaultLauncher.java:188) ~[na:na]
	at org.junit.platform.launcher.core.DefaultLauncher.withInterceptedStreams(DefaultLauncher.java:202) ~[na:na]
	at org.junit.platform.launcher.core.DefaultLauncher.execute(DefaultLauncher.java:181) ~[na:na]
	at org.junit.platform.launcher.core.DefaultLauncher.execute(DefaultLauncher.java:128) ~[na:na]
	at org.gradle.api.internal.tasks.testing.junitplatform.JUnitPlatformTestClassProcessor$CollectAllTestClassesExecutor.processAllTestClasses(JUnitPlatformTestClassProcessor.java:99) ~[na:na]
	at org.gradle.api.internal.tasks.testing.junitplatform.JUnitPlatformTestClassProcessor$CollectAllTestClassesExecutor.access$000(JUnitPlatformTestClassProcessor.java:79) ~[na:na]
	at org.gradle.api.internal.tasks.testing.junitplatform.JUnitPlatformTestClassProcessor.stop(JUnitPlatformTestClassProcessor.java:75) ~[na:na]
	at org.gradle.api.internal.tasks.testing.SuiteTestClassProcessor.stop(SuiteTestClassProcessor.java:61) ~[na:na]
	at java.base/jdk.internal.reflect.NativeMethodAccessorImpl.invoke0(Native Method) ~[na:na]
	at java.base/jdk.internal.reflect.NativeMethodAccessorImpl.invoke(NativeMethodAccessorImpl.java:62) ~[na:na]
	at java.base/jdk.internal.reflect.DelegatingMethodAccessorImpl.invoke(DelegatingMethodAccessorImpl.java:43) ~[na:na]
	at java.base/java.lang.reflect.Method.invoke(Method.java:567) ~[na:na]
	at org.gradle.internal.dispatch.ReflectionDispatch.dispatch(ReflectionDispatch.java:36) ~[na:na]
	at org.gradle.internal.dispatch.ReflectionDispatch.dispatch(ReflectionDispatch.java:24) ~[na:na]
	at org.gradle.internal.dispatch.ContextClassLoaderDispatch.dispatch(ContextClassLoaderDispatch.java:33) ~[na:na]
	at org.gradle.internal.dispatch.ProxyDispatchAdapter$DispatchingInvocationHandler.invoke(ProxyDispatchAdapter.java:94) ~[na:na]
	at com.sun.proxy.$Proxy2.stop(Unknown Source) ~[na:na]
	at org.gradle.api.internal.tasks.testing.worker.TestWorker.stop(TestWorker.java:132) ~[na:na]
	at java.base/jdk.internal.reflect.NativeMethodAccessorImpl.invoke0(Native Method) ~[na:na]
	at java.base/jdk.internal.reflect.NativeMethodAccessorImpl.invoke(NativeMethodAccessorImpl.java:62) ~[na:na]
	at java.base/jdk.internal.reflect.DelegatingMethodAccessorImpl.invoke(DelegatingMethodAccessorImpl.java:43) ~[na:na]
	at java.base/java.lang.reflect.Method.invoke(Method.java:567) ~[na:na]
	at org.gradle.internal.dispatch.ReflectionDispatch.dispatch(ReflectionDispatch.java:36) ~[na:na]
	at org.gradle.internal.dispatch.ReflectionDispatch.dispatch(ReflectionDispatch.java:24) ~[na:na]
	at org.gradle.internal.remote.internal.hub.MessageHubBackedObjectConnection$DispatchWrapper.dispatch(MessageHubBackedObjectConnection.java:182) ~[na:na]
	at org.gradle.internal.remote.internal.hub.MessageHubBackedObjectConnection$DispatchWrapper.dispatch(MessageHubBackedObjectConnection.java:164) ~[na:na]
	at org.gradle.internal.remote.internal.hub.MessageHub$Handler.run(MessageHub.java:412) ~[na:na]
	at org.gradle.internal.concurrent.ExecutorPolicy$CatchAndRecordFailures.onExecute(ExecutorPolicy.java:64) ~[na:na]
	at org.gradle.internal.concurrent.ManagedExecutorImpl$1.run(ManagedExecutorImpl.java:48) ~[na:na]
	at java.base/java.util.concurrent.ThreadPoolExecutor.runWorker(ThreadPoolExecutor.java:1128) ~[na:na]
	at java.base/java.util.concurrent.ThreadPoolExecutor$Worker.run(ThreadPoolExecutor.java:628) ~[na:na]
	at org.gradle.internal.concurrent.ThreadFactoryImpl$ManagedThreadRunnable.run(ThreadFactoryImpl.java:56) ~[na:na]
	at java.base/java.lang.Thread.run(Thread.java:830) ~[na:na]
Caused by: java.lang.RuntimeException: Failed to authenticate a second time. CAS likely didn't recognise TGT!
	at fi.vm.sade.javautils.http.OphHttpClient.authenticate(OphHttpClient.java:176) ~[java-http-0.6.0-SNAPSHOT.jar:na]
	at fi.vm.sade.javautils.http.OphHttpClient.execute(OphHttpClient.java:115) ~[java-http-0.6.0-SNAPSHOT.jar:na]
	at fi.vm.sade.javautils.http.OphHttpClient.execute(OphHttpClient.java:144) ~[java-http-0.6.0-SNAPSHOT.jar:na]
	at fi.vm.sade.javautils.http.OphHttpClient.execute(OphHttpClient.java:102) ~[java-http-0.6.0-SNAPSHOT.jar:na]
	at fi.vm.sade.organisaatio.business.impl.OrganisaatioViestintaClient.lambda$post$1(OrganisaatioViestintaClient.java:68) ~[main/:na]
	at fi.vm.sade.organisaatio.business.impl.OrganisaatioViestintaClient.wrapException(OrganisaatioViestintaClient.java:47) ~[main/:na]
	... 95 common frames omitted

Hibernate: 
    update
        organisaatio 
    set
        version=?,
        alkupvm=?,
        domainnimi=?,
        kotipaikka=?,
        kuvaus_mkt=?,
        lakkautuspvm=?,
        maa=?,
        metadata_id=?,
        nimi_mkt=?,
        nimihaku=?,
        oid=?,
        opetuspisteenjarjnro=?,
        oppilaitoskoodi=?,
        oppilaitos_tyyppi=?,
        organisaatio_poistettu=?,
        paivittaja=?,
        paivityspvm=?,
        parentidpath=?,
        parentoidpath=?,
        piilotettu=?,
        tarkastus_pvm=?,
        toimipistekoodi=?,
        tuontipvm=?,
        varhaiskasvatuksen_toimipaikka_tiedot_id=?,
        virastotunnus=?,
        yhteishaunkoulukoodi=?,
        yritysmuoto=?,
        ytj_kieli=?,
        ytjpaivityspvm=?,
        ytunnus=? 
    where
        id=? 
        and version=?
2020-06-10 18:11:59.895 TRACE 55751 --- [    Test worker] o.h.type.descriptor.sql.BasicBinder      : binding parameter [1] as [BIGINT] - [3]
2020-06-10 18:11:59.895 TRACE 55751 --- [    Test worker] o.h.type.descriptor.sql.BasicBinder      : binding parameter [2] as [DATE] - [null]
2020-06-10 18:11:59.895 TRACE 55751 --- [    Test worker] o.h.type.descriptor.sql.BasicBinder      : binding parameter [3] as [VARCHAR] - [null]
2020-06-10 18:11:59.895 TRACE 55751 --- [    Test worker] o.h.type.descriptor.sql.BasicBinder      : binding parameter [4] as [VARCHAR] - [Helsinki]
2020-06-10 18:11:59.895 TRACE 55751 --- [    Test worker] o.h.type.descriptor.sql.BasicBinder      : binding parameter [5] as [BIGINT] - [null]
2020-06-10 18:11:59.895 TRACE 55751 --- [    Test worker] o.h.type.descriptor.sql.BasicBinder      : binding parameter [6] as [DATE] - [null]
2020-06-10 18:11:59.895 TRACE 55751 --- [    Test worker] o.h.type.descriptor.sql.BasicBinder      : binding parameter [7] as [VARCHAR] - [null]
2020-06-10 18:11:59.895 TRACE 55751 --- [    Test worker] o.h.type.descriptor.sql.BasicBinder      : binding parameter [8] as [BIGINT] - [2]
2020-06-10 18:11:59.895 TRACE 55751 --- [    Test worker] o.h.type.descriptor.sql.BasicBinder      : binding parameter [9] as [BIGINT] - [6]
2020-06-10 18:11:59.895 TRACE 55751 --- [    Test worker] o.h.type.descriptor.sql.BasicBinder      : binding parameter [10] as [VARCHAR] - [mixed osoitetyyppi organisaatio]
2020-06-10 18:11:59.895 TRACE 55751 --- [    Test worker] o.h.type.descriptor.sql.BasicBinder      : binding parameter [11] as [VARCHAR] - [1.2.8000.1]
2020-06-10 18:11:59.895 TRACE 55751 --- [    Test worker] o.h.type.descriptor.sql.BasicBinder      : binding parameter [12] as [VARCHAR] - [null]
2020-06-10 18:11:59.895 TRACE 55751 --- [    Test worker] o.h.type.descriptor.sql.BasicBinder      : binding parameter [13] as [VARCHAR] - [null]
2020-06-10 18:11:59.896 TRACE 55751 --- [    Test worker] o.h.type.descriptor.sql.BasicBinder      : binding parameter [14] as [VARCHAR] - [oppilaitostyyppi_42#1]
2020-06-10 18:11:59.896 TRACE 55751 --- [    Test worker] o.h.type.descriptor.sql.BasicBinder      : binding parameter [15] as [BOOLEAN] - [false]
2020-06-10 18:11:59.896 TRACE 55751 --- [    Test worker] o.h.type.descriptor.sql.BasicBinder      : binding parameter [16] as [VARCHAR] - [null]
2020-06-10 18:11:59.896 TRACE 55751 --- [    Test worker] o.h.type.descriptor.sql.BasicBinder      : binding parameter [17] as [TIMESTAMP] - [null]
2020-06-10 18:11:59.896 TRACE 55751 --- [    Test worker] o.h.type.descriptor.sql.BasicBinder      : binding parameter [18] as [VARCHAR] - [|1|]
2020-06-10 18:11:59.896 TRACE 55751 --- [    Test worker] o.h.type.descriptor.sql.BasicBinder      : binding parameter [19] as [VARCHAR] - [|1.2.246.562.24.00000000001|]
2020-06-10 18:11:59.896 TRACE 55751 --- [    Test worker] o.h.type.descriptor.sql.BasicBinder      : binding parameter [20] as [BOOLEAN] - [false]
2020-06-10 18:11:59.896 TRACE 55751 --- [    Test worker] o.h.type.descriptor.sql.BasicBinder      : binding parameter [21] as [TIMESTAMP] - [null]
2020-06-10 18:11:59.896 TRACE 55751 --- [    Test worker] o.h.type.descriptor.sql.BasicBinder      : binding parameter [22] as [VARCHAR] - [null]
2020-06-10 18:11:59.896 TRACE 55751 --- [    Test worker] o.h.type.descriptor.sql.BasicBinder      : binding parameter [23] as [TIMESTAMP] - [null]
2020-06-10 18:11:59.896 TRACE 55751 --- [    Test worker] o.h.type.descriptor.sql.BasicBinder      : binding parameter [24] as [BIGINT] - [null]
2020-06-10 18:11:59.896 TRACE 55751 --- [    Test worker] o.h.type.descriptor.sql.BasicBinder      : binding parameter [25] as [VARCHAR] - [null]
2020-06-10 18:11:59.896 TRACE 55751 --- [    Test worker] o.h.type.descriptor.sql.BasicBinder      : binding parameter [26] as [VARCHAR] - [null]
2020-06-10 18:11:59.896 TRACE 55751 --- [    Test worker] o.h.type.descriptor.sql.BasicBinder      : binding parameter [27] as [VARCHAR] - [oy]
2020-06-10 18:11:59.896 TRACE 55751 --- [    Test worker] o.h.type.descriptor.sql.BasicBinder      : binding parameter [28] as [VARCHAR] - [kieli_fi#1]
2020-06-10 18:11:59.896 TRACE 55751 --- [    Test worker] o.h.type.descriptor.sql.BasicBinder      : binding parameter [29] as [DATE] - [Wed Jun 10 18:11:57 EEST 2020]
2020-06-10 18:11:59.896 TRACE 55751 --- [    Test worker] o.h.type.descriptor.sql.BasicBinder      : binding parameter [30] as [VARCHAR] - [1234569-5]
2020-06-10 18:11:59.896 TRACE 55751 --- [    Test worker] o.h.type.descriptor.sql.BasicBinder      : binding parameter [31] as [BIGINT] - [10]
2020-06-10 18:11:59.896 TRACE 55751 --- [    Test worker] o.h.type.descriptor.sql.BasicBinder      : binding parameter [32] as [BIGINT] - [2]
Hibernate: 
    update
        organisaatio 
    set
        version=?,
        alkupvm=?,
        domainnimi=?,
        kotipaikka=?,
        kuvaus_mkt=?,
        lakkautuspvm=?,
        maa=?,
        metadata_id=?,
        nimi_mkt=?,
        nimihaku=?,
        oid=?,
        opetuspisteenjarjnro=?,
        oppilaitoskoodi=?,
        oppilaitos_tyyppi=?,
        organisaatio_poistettu=?,
        paivittaja=?,
        paivityspvm=?,
        parentidpath=?,
        parentoidpath=?,
        piilotettu=?,
        tarkastus_pvm=?,
        toimipistekoodi=?,
        tuontipvm=?,
        varhaiskasvatuksen_toimipaikka_tiedot_id=?,
        virastotunnus=?,
        yhteishaunkoulukoodi=?,
        yritysmuoto=?,
        ytj_kieli=?,
        ytjpaivityspvm=?,
        ytunnus=? 
    where
        id=? 
        and version=?
2020-06-10 18:11:59.897 TRACE 55751 --- [    Test worker] o.h.type.descriptor.sql.BasicBinder      : binding parameter [1] as [BIGINT] - [3]
2020-06-10 18:11:59.897 TRACE 55751 --- [    Test worker] o.h.type.descriptor.sql.BasicBinder      : binding parameter [2] as [DATE] - [Fri Jan 01 00:00:00 EET 1999]
2020-06-10 18:11:59.897 TRACE 55751 --- [    Test worker] o.h.type.descriptor.sql.BasicBinder      : binding parameter [3] as [VARCHAR] - [null]
2020-06-10 18:11:59.897 TRACE 55751 --- [    Test worker] o.h.type.descriptor.sql.BasicBinder      : binding parameter [4] as [VARCHAR] - [Helsinki]
2020-06-10 18:11:59.897 TRACE 55751 --- [    Test worker] o.h.type.descriptor.sql.BasicBinder      : binding parameter [5] as [BIGINT] - [null]
2020-06-10 18:11:59.897 TRACE 55751 --- [    Test worker] o.h.type.descriptor.sql.BasicBinder      : binding parameter [6] as [DATE] - [null]
2020-06-10 18:11:59.897 TRACE 55751 --- [    Test worker] o.h.type.descriptor.sql.BasicBinder      : binding parameter [7] as [VARCHAR] - [null]
2020-06-10 18:11:59.897 TRACE 55751 --- [    Test worker] o.h.type.descriptor.sql.BasicBinder      : binding parameter [8] as [BIGINT] - [null]
2020-06-10 18:11:59.897 TRACE 55751 --- [    Test worker] o.h.type.descriptor.sql.BasicBinder      : binding parameter [9] as [BIGINT] - [9]
2020-06-10 18:11:59.897 TRACE 55751 --- [    Test worker] o.h.type.descriptor.sql.BasicBinder      : binding parameter [10] as [VARCHAR] - [Helsingin yliopistomuseon säätiö ]
2020-06-10 18:11:59.897 TRACE 55751 --- [    Test worker] o.h.type.descriptor.sql.BasicBinder      : binding parameter [11] as [VARCHAR] - [1.2.2005.5]
2020-06-10 18:11:59.897 TRACE 55751 --- [    Test worker] o.h.type.descriptor.sql.BasicBinder      : binding parameter [12] as [VARCHAR] - [null]
2020-06-10 18:11:59.897 TRACE 55751 --- [    Test worker] o.h.type.descriptor.sql.BasicBinder      : binding parameter [13] as [VARCHAR] - [null]
2020-06-10 18:11:59.897 TRACE 55751 --- [    Test worker] o.h.type.descriptor.sql.BasicBinder      : binding parameter [14] as [VARCHAR] - [oppilaitostyyppi_42#1]
2020-06-10 18:11:59.897 TRACE 55751 --- [    Test worker] o.h.type.descriptor.sql.BasicBinder      : binding parameter [15] as [BOOLEAN] - [false]
2020-06-10 18:11:59.897 TRACE 55751 --- [    Test worker] o.h.type.descriptor.sql.BasicBinder      : binding parameter [16] as [VARCHAR] - [null]
2020-06-10 18:11:59.897 TRACE 55751 --- [    Test worker] o.h.type.descriptor.sql.BasicBinder      : binding parameter [17] as [TIMESTAMP] - [null]
2020-06-10 18:11:59.897 TRACE 55751 --- [    Test worker] o.h.type.descriptor.sql.BasicBinder      : binding parameter [18] as [VARCHAR] - [|1|2|4|5|]
2020-06-10 18:11:59.897 TRACE 55751 --- [    Test worker] o.h.type.descriptor.sql.BasicBinder      : binding parameter [19] as [VARCHAR] - [|1.2.246.562.24.00000000001|1.2.2004.1|1.2.2004.3|1.2.2004.4|]
2020-06-10 18:11:59.897 TRACE 55751 --- [    Test worker] o.h.type.descriptor.sql.BasicBinder      : binding parameter [20] as [BOOLEAN] - [false]
2020-06-10 18:11:59.897 TRACE 55751 --- [    Test worker] o.h.type.descriptor.sql.BasicBinder      : binding parameter [21] as [TIMESTAMP] - [null]
2020-06-10 18:11:59.898 TRACE 55751 --- [    Test worker] o.h.type.descriptor.sql.BasicBinder      : binding parameter [22] as [VARCHAR] - [null]
2020-06-10 18:11:59.898 TRACE 55751 --- [    Test worker] o.h.type.descriptor.sql.BasicBinder      : binding parameter [23] as [TIMESTAMP] - [null]
2020-06-10 18:11:59.898 TRACE 55751 --- [    Test worker] o.h.type.descriptor.sql.BasicBinder      : binding parameter [24] as [BIGINT] - [null]
2020-06-10 18:11:59.898 TRACE 55751 --- [    Test worker] o.h.type.descriptor.sql.BasicBinder      : binding parameter [25] as [VARCHAR] - [null]
2020-06-10 18:11:59.898 TRACE 55751 --- [    Test worker] o.h.type.descriptor.sql.BasicBinder      : binding parameter [26] as [VARCHAR] - [null]
2020-06-10 18:11:59.898 TRACE 55751 --- [    Test worker] o.h.type.descriptor.sql.BasicBinder      : binding parameter [27] as [VARCHAR] - [Säätiö]
2020-06-10 18:11:59.898 TRACE 55751 --- [    Test worker] o.h.type.descriptor.sql.BasicBinder      : binding parameter [28] as [VARCHAR] - [kieli_fi#1]
2020-06-10 18:11:59.898 TRACE 55751 --- [    Test worker] o.h.type.descriptor.sql.BasicBinder      : binding parameter [29] as [DATE] - [Wed Jun 10 18:11:57 EEST 2020]
2020-06-10 18:11:59.898 TRACE 55751 --- [    Test worker] o.h.type.descriptor.sql.BasicBinder      : binding parameter [30] as [VARCHAR] - [1730639-9]
2020-06-10 18:11:59.898 TRACE 55751 --- [    Test worker] o.h.type.descriptor.sql.BasicBinder      : binding parameter [31] as [BIGINT] - [9]
2020-06-10 18:11:59.898 TRACE 55751 --- [    Test worker] o.h.type.descriptor.sql.BasicBinder      : binding parameter [32] as [BIGINT] - [2]
Hibernate: 
    update
        organisaatio 
    set
        version=?,
        alkupvm=?,
        domainnimi=?,
        kotipaikka=?,
        kuvaus_mkt=?,
        lakkautuspvm=?,
        maa=?,
        metadata_id=?,
        nimi_mkt=?,
        nimihaku=?,
        oid=?,
        opetuspisteenjarjnro=?,
        oppilaitoskoodi=?,
        oppilaitos_tyyppi=?,
        organisaatio_poistettu=?,
        paivittaja=?,
        paivityspvm=?,
        parentidpath=?,
        parentoidpath=?,
        piilotettu=?,
        tarkastus_pvm=?,
        toimipistekoodi=?,
        tuontipvm=?,
        varhaiskasvatuksen_toimipaikka_tiedot_id=?,
        virastotunnus=?,
        yhteishaunkoulukoodi=?,
        yritysmuoto=?,
        ytj_kieli=?,
        ytjpaivityspvm=?,
        ytunnus=? 
    where
        id=? 
        and version=?
2020-06-10 18:11:59.898 TRACE 55751 --- [    Test worker] o.h.type.descriptor.sql.BasicBinder      : binding parameter [1] as [BIGINT] - [3]
2020-06-10 18:11:59.898 TRACE 55751 --- [    Test worker] o.h.type.descriptor.sql.BasicBinder      : binding parameter [2] as [DATE] - [Mon Feb 28 00:00:00 EET 2011]
2020-06-10 18:11:59.899 TRACE 55751 --- [    Test worker] o.h.type.descriptor.sql.BasicBinder      : binding parameter [3] as [VARCHAR] - [null]
2020-06-10 18:11:59.899 TRACE 55751 --- [    Test worker] o.h.type.descriptor.sql.BasicBinder      : binding parameter [4] as [VARCHAR] - [Helsinki]
2020-06-10 18:11:59.899 TRACE 55751 --- [    Test worker] o.h.type.descriptor.sql.BasicBinder      : binding parameter [5] as [BIGINT] - [null]
2020-06-10 18:11:59.899 TRACE 55751 --- [    Test worker] o.h.type.descriptor.sql.BasicBinder      : binding parameter [6] as [DATE] - [null]
2020-06-10 18:11:59.899 TRACE 55751 --- [    Test worker] o.h.type.descriptor.sql.BasicBinder      : binding parameter [7] as [VARCHAR] - [null]
2020-06-10 18:11:59.899 TRACE 55751 --- [    Test worker] o.h.type.descriptor.sql.BasicBinder      : binding parameter [8] as [BIGINT] - [null]
2020-06-10 18:11:59.899 TRACE 55751 --- [    Test worker] o.h.type.descriptor.sql.BasicBinder      : binding parameter [9] as [BIGINT] - [1001]
2020-06-10 18:11:59.899 TRACE 55751 --- [    Test worker] o.h.type.descriptor.sql.BasicBinder      : binding parameter [10] as [VARCHAR] - [Katva Consulting]
2020-06-10 18:11:59.899 TRACE 55751 --- [    Test worker] o.h.type.descriptor.sql.BasicBinder      : binding parameter [11] as [VARCHAR] - [1.2.2004.1]
2020-06-10 18:11:59.899 TRACE 55751 --- [    Test worker] o.h.type.descriptor.sql.BasicBinder      : binding parameter [12] as [VARCHAR] - [null]
2020-06-10 18:11:59.899 TRACE 55751 --- [    Test worker] o.h.type.descriptor.sql.BasicBinder      : binding parameter [13] as [VARCHAR] - [12345]
2020-06-10 18:11:59.899 TRACE 55751 --- [    Test worker] o.h.type.descriptor.sql.BasicBinder      : binding parameter [14] as [VARCHAR] - [null]
2020-06-10 18:11:59.899 TRACE 55751 --- [    Test worker] o.h.type.descriptor.sql.BasicBinder      : binding parameter [15] as [BOOLEAN] - [false]
2020-06-10 18:11:59.899 TRACE 55751 --- [    Test worker] o.h.type.descriptor.sql.BasicBinder      : binding parameter [16] as [VARCHAR] - [null]
2020-06-10 18:11:59.899 TRACE 55751 --- [    Test worker] o.h.type.descriptor.sql.BasicBinder      : binding parameter [17] as [TIMESTAMP] - [null]
2020-06-10 18:11:59.899 TRACE 55751 --- [    Test worker] o.h.type.descriptor.sql.BasicBinder      : binding parameter [18] as [VARCHAR] - [|1|]
2020-06-10 18:11:59.899 TRACE 55751 --- [    Test worker] o.h.type.descriptor.sql.BasicBinder      : binding parameter [19] as [VARCHAR] - [|1.2.246.562.24.00000000001|]
2020-06-10 18:11:59.899 TRACE 55751 --- [    Test worker] o.h.type.descriptor.sql.BasicBinder      : binding parameter [20] as [BOOLEAN] - [false]
2020-06-10 18:11:59.899 TRACE 55751 --- [    Test worker] o.h.type.descriptor.sql.BasicBinder      : binding parameter [21] as [TIMESTAMP] - [null]
2020-06-10 18:11:59.899 TRACE 55751 --- [    Test worker] o.h.type.descriptor.sql.BasicBinder      : binding parameter [22] as [VARCHAR] - [null]
2020-06-10 18:11:59.899 TRACE 55751 --- [    Test worker] o.h.type.descriptor.sql.BasicBinder      : binding parameter [23] as [TIMESTAMP] - [null]
2020-06-10 18:11:59.899 TRACE 55751 --- [    Test worker] o.h.type.descriptor.sql.BasicBinder      : binding parameter [24] as [BIGINT] - [null]
2020-06-10 18:11:59.899 TRACE 55751 --- [    Test worker] o.h.type.descriptor.sql.BasicBinder      : binding parameter [25] as [VARCHAR] - [null]
2020-06-10 18:11:59.899 TRACE 55751 --- [    Test worker] o.h.type.descriptor.sql.BasicBinder      : binding parameter [26] as [VARCHAR] - [null]
2020-06-10 18:11:59.899 TRACE 55751 --- [    Test worker] o.h.type.descriptor.sql.BasicBinder      : binding parameter [27] as [VARCHAR] - [Yksityinen elinkeinonharjoittaja]
2020-06-10 18:11:59.899 TRACE 55751 --- [    Test worker] o.h.type.descriptor.sql.BasicBinder      : binding parameter [28] as [VARCHAR] - [kieli_fi#1]
2020-06-10 18:11:59.899 TRACE 55751 --- [    Test worker] o.h.type.descriptor.sql.BasicBinder      : binding parameter [29] as [DATE] - [Wed Jun 10 18:11:57 EEST 2020]
2020-06-10 18:11:59.899 TRACE 55751 --- [    Test worker] o.h.type.descriptor.sql.BasicBinder      : binding parameter [30] as [VARCHAR] - [2255802-1]
2020-06-10 18:11:59.899 TRACE 55751 --- [    Test worker] o.h.type.descriptor.sql.BasicBinder      : binding parameter [31] as [BIGINT] - [2]
2020-06-10 18:11:59.899 TRACE 55751 --- [    Test worker] o.h.type.descriptor.sql.BasicBinder      : binding parameter [32] as [BIGINT] - [2]
Hibernate: 
    update
        organisaatio 
    set
        version=?,
        alkupvm=?,
        domainnimi=?,
        kotipaikka=?,
        kuvaus_mkt=?,
        lakkautuspvm=?,
        maa=?,
        metadata_id=?,
        nimi_mkt=?,
        nimihaku=?,
        oid=?,
        opetuspisteenjarjnro=?,
        oppilaitoskoodi=?,
        oppilaitos_tyyppi=?,
        organisaatio_poistettu=?,
        paivittaja=?,
        paivityspvm=?,
        parentidpath=?,
        parentoidpath=?,
        piilotettu=?,
        tarkastus_pvm=?,
        toimipistekoodi=?,
        tuontipvm=?,
        varhaiskasvatuksen_toimipaikka_tiedot_id=?,
        virastotunnus=?,
        yhteishaunkoulukoodi=?,
        yritysmuoto=?,
        ytj_kieli=?,
        ytjpaivityspvm=?,
        ytunnus=? 
    where
        id=? 
        and version=?
2020-06-10 18:11:59.900 TRACE 55751 --- [    Test worker] o.h.type.descriptor.sql.BasicBinder      : binding parameter [1] as [BIGINT] - [3]
2020-06-10 18:11:59.900 TRACE 55751 --- [    Test worker] o.h.type.descriptor.sql.BasicBinder      : binding parameter [2] as [DATE] - [Mon Feb 28 00:00:00 EET 2011]
2020-06-10 18:11:59.900 TRACE 55751 --- [    Test worker] o.h.type.descriptor.sql.BasicBinder      : binding parameter [3] as [VARCHAR] - [null]
2020-06-10 18:11:59.900 TRACE 55751 --- [    Test worker] o.h.type.descriptor.sql.BasicBinder      : binding parameter [4] as [VARCHAR] - [Helsinki]
2020-06-10 18:11:59.900 TRACE 55751 --- [    Test worker] o.h.type.descriptor.sql.BasicBinder      : binding parameter [5] as [BIGINT] - [null]
2020-06-10 18:11:59.900 TRACE 55751 --- [    Test worker] o.h.type.descriptor.sql.BasicBinder      : binding parameter [6] as [DATE] - [null]
2020-06-10 18:11:59.900 TRACE 55751 --- [    Test worker] o.h.type.descriptor.sql.BasicBinder      : binding parameter [7] as [VARCHAR] - [null]
2020-06-10 18:11:59.900 TRACE 55751 --- [    Test worker] o.h.type.descriptor.sql.BasicBinder      : binding parameter [8] as [BIGINT] - [null]
2020-06-10 18:11:59.900 TRACE 55751 --- [    Test worker] o.h.type.descriptor.sql.BasicBinder      : binding parameter [9] as [BIGINT] - [7]
2020-06-10 18:11:59.900 TRACE 55751 --- [    Test worker] o.h.type.descriptor.sql.BasicBinder      : binding parameter [10] as [VARCHAR] - [Ruotsalainen & koulutustoimija]
2020-06-10 18:11:59.900 TRACE 55751 --- [    Test worker] o.h.type.descriptor.sql.BasicBinder      : binding parameter [11] as [VARCHAR] - [1.2.2004.5]
2020-06-10 18:11:59.900 TRACE 55751 --- [    Test worker] o.h.type.descriptor.sql.BasicBinder      : binding parameter [12] as [VARCHAR] - [null]
2020-06-10 18:11:59.900 TRACE 55751 --- [    Test worker] o.h.type.descriptor.sql.BasicBinder      : binding parameter [13] as [VARCHAR] - [null]
2020-06-10 18:11:59.901 TRACE 55751 --- [    Test worker] o.h.type.descriptor.sql.BasicBinder      : binding parameter [14] as [VARCHAR] - [null]
2020-06-10 18:11:59.901 TRACE 55751 --- [    Test worker] o.h.type.descriptor.sql.BasicBinder      : binding parameter [15] as [BOOLEAN] - [false]
2020-06-10 18:11:59.901 TRACE 55751 --- [    Test worker] o.h.type.descriptor.sql.BasicBinder      : binding parameter [16] as [VARCHAR] - [null]
2020-06-10 18:11:59.901 TRACE 55751 --- [    Test worker] o.h.type.descriptor.sql.BasicBinder      : binding parameter [17] as [TIMESTAMP] - [null]
2020-06-10 18:11:59.901 TRACE 55751 --- [    Test worker] o.h.type.descriptor.sql.BasicBinder      : binding parameter [18] as [VARCHAR] - [|1|]
2020-06-10 18:11:59.901 TRACE 55751 --- [    Test worker] o.h.type.descriptor.sql.BasicBinder      : binding parameter [19] as [VARCHAR] - [|1.2.246.562.24.00000000001|]
2020-06-10 18:11:59.901 TRACE 55751 --- [    Test worker] o.h.type.descriptor.sql.BasicBinder      : binding parameter [20] as [BOOLEAN] - [false]
2020-06-10 18:11:59.901 TRACE 55751 --- [    Test worker] o.h.type.descriptor.sql.BasicBinder      : binding parameter [21] as [TIMESTAMP] - [null]
2020-06-10 18:11:59.901 TRACE 55751 --- [    Test worker] o.h.type.descriptor.sql.BasicBinder      : binding parameter [22] as [VARCHAR] - [null]
2020-06-10 18:11:59.901 TRACE 55751 --- [    Test worker] o.h.type.descriptor.sql.BasicBinder      : binding parameter [23] as [TIMESTAMP] - [null]
2020-06-10 18:11:59.901 TRACE 55751 --- [    Test worker] o.h.type.descriptor.sql.BasicBinder      : binding parameter [24] as [BIGINT] - [null]
2020-06-10 18:11:59.901 TRACE 55751 --- [    Test worker] o.h.type.descriptor.sql.BasicBinder      : binding parameter [25] as [VARCHAR] - [null]
2020-06-10 18:11:59.901 TRACE 55751 --- [    Test worker] o.h.type.descriptor.sql.BasicBinder      : binding parameter [26] as [VARCHAR] - [null]
2020-06-10 18:11:59.901 TRACE 55751 --- [    Test worker] o.h.type.descriptor.sql.BasicBinder      : binding parameter [27] as [VARCHAR] - [Yksityinen elinkeinonharjoittaja]
2020-06-10 18:11:59.901 TRACE 55751 --- [    Test worker] o.h.type.descriptor.sql.BasicBinder      : binding parameter [28] as [VARCHAR] - [kieli_sv#1]
2020-06-10 18:11:59.901 TRACE 55751 --- [    Test worker] o.h.type.descriptor.sql.BasicBinder      : binding parameter [29] as [DATE] - [Wed Jun 10 18:11:57 EEST 2020]
2020-06-10 18:11:59.901 TRACE 55751 --- [    Test worker] o.h.type.descriptor.sql.BasicBinder      : binding parameter [30] as [VARCHAR] - [1492449-0]
2020-06-10 18:11:59.901 TRACE 55751 --- [    Test worker] o.h.type.descriptor.sql.BasicBinder      : binding parameter [31] as [BIGINT] - [7]
2020-06-10 18:11:59.901 TRACE 55751 --- [    Test worker] o.h.type.descriptor.sql.BasicBinder      : binding parameter [32] as [BIGINT] - [2]
Hibernate: 
    update
        monikielinen_teksti 
    set
        version=? 
    where
        id=? 
        and version=?
2020-06-10 18:11:59.902 TRACE 55751 --- [    Test worker] o.h.type.descriptor.sql.BasicBinder      : binding parameter [1] as [BIGINT] - [1]
2020-06-10 18:11:59.902 TRACE 55751 --- [    Test worker] o.h.type.descriptor.sql.BasicBinder      : binding parameter [2] as [BIGINT] - [7]
2020-06-10 18:11:59.902 TRACE 55751 --- [    Test worker] o.h.type.descriptor.sql.BasicBinder      : binding parameter [3] as [BIGINT] - [0]
Hibernate: 
    update
        organisaatio_nimi 
    set
        version=?,
        alkupvm=?,
        nimi_mkt=?,
        organisaatio_id=?,
        paivittaja=? 
    where
        id=? 
        and version=?
2020-06-10 18:11:59.902 TRACE 55751 --- [    Test worker] o.h.type.descriptor.sql.BasicBinder      : binding parameter [1] as [BIGINT] - [1]
2020-06-10 18:11:59.902 TRACE 55751 --- [    Test worker] o.h.type.descriptor.sql.BasicBinder      : binding parameter [2] as [DATE] - [Thu Mar 11 00:00:00 EET 1999]
2020-06-10 18:11:59.902 TRACE 55751 --- [    Test worker] o.h.type.descriptor.sql.BasicBinder      : binding parameter [3] as [BIGINT] - [7]
2020-06-10 18:11:59.902 TRACE 55751 --- [    Test worker] o.h.type.descriptor.sql.BasicBinder      : binding parameter [4] as [BIGINT] - [7]
2020-06-10 18:11:59.902 TRACE 55751 --- [    Test worker] o.h.type.descriptor.sql.BasicBinder      : binding parameter [5] as [VARCHAR] - [null]
2020-06-10 18:11:59.902 TRACE 55751 --- [    Test worker] o.h.type.descriptor.sql.BasicBinder      : binding parameter [6] as [BIGINT] - [7]
2020-06-10 18:11:59.902 TRACE 55751 --- [    Test worker] o.h.type.descriptor.sql.BasicBinder      : binding parameter [7] as [BIGINT] - [0]
Hibernate: 
    update
        monikielinen_teksti 
    set
        version=? 
    where
        id=? 
        and version=?
2020-06-10 18:11:59.903 TRACE 55751 --- [    Test worker] o.h.type.descriptor.sql.BasicBinder      : binding parameter [1] as [BIGINT] - [1]
2020-06-10 18:11:59.903 TRACE 55751 --- [    Test worker] o.h.type.descriptor.sql.BasicBinder      : binding parameter [2] as [BIGINT] - [9]
2020-06-10 18:11:59.903 TRACE 55751 --- [    Test worker] o.h.type.descriptor.sql.BasicBinder      : binding parameter [3] as [BIGINT] - [0]
Hibernate: 
    update
        organisaatio_nimi 
    set
        version=?,
        alkupvm=?,
        nimi_mkt=?,
        organisaatio_id=?,
        paivittaja=? 
    where
        id=? 
        and version=?
2020-06-10 18:11:59.903 TRACE 55751 --- [    Test worker] o.h.type.descriptor.sql.BasicBinder      : binding parameter [1] as [BIGINT] - [1]
2020-06-10 18:11:59.903 TRACE 55751 --- [    Test worker] o.h.type.descriptor.sql.BasicBinder      : binding parameter [2] as [DATE] - [Mon Apr 12 00:00:00 EEST 1999]
2020-06-10 18:11:59.903 TRACE 55751 --- [    Test worker] o.h.type.descriptor.sql.BasicBinder      : binding parameter [3] as [BIGINT] - [9]
2020-06-10 18:11:59.903 TRACE 55751 --- [    Test worker] o.h.type.descriptor.sql.BasicBinder      : binding parameter [4] as [BIGINT] - [9]
2020-06-10 18:11:59.903 TRACE 55751 --- [    Test worker] o.h.type.descriptor.sql.BasicBinder      : binding parameter [5] as [VARCHAR] - [null]
2020-06-10 18:11:59.903 TRACE 55751 --- [    Test worker] o.h.type.descriptor.sql.BasicBinder      : binding parameter [6] as [BIGINT] - [9]
2020-06-10 18:11:59.903 TRACE 55751 --- [    Test worker] o.h.type.descriptor.sql.BasicBinder      : binding parameter [7] as [BIGINT] - [0]
Hibernate: 
    update
        yhteystieto 
    set
        version=?,
        kieli=?,
        organisaatio_id=?,
        yhteystieto_oid=?,
        coordinatetype=?,
        extrarivi=?,
        lat=?,
        lng=?,
        maa=?,
        osavaltio=?,
        osoite=?,
        osoite_tyyppi=?,
        postinumero=?,
        postitoimipaikka=?,
        ytjpaivityspvm=? 
    where
        id=? 
        and version=?
2020-06-10 18:11:59.904 TRACE 55751 --- [    Test worker] o.h.type.descriptor.sql.BasicBinder      : binding parameter [1] as [BIGINT] - [1]
2020-06-10 18:11:59.904 TRACE 55751 --- [    Test worker] o.h.type.descriptor.sql.BasicBinder      : binding parameter [2] as [VARCHAR] - [kieli_fi#1]
2020-06-10 18:11:59.904 TRACE 55751 --- [    Test worker] o.h.type.descriptor.sql.BasicBinder      : binding parameter [3] as [BIGINT] - [2]
2020-06-10 18:11:59.904 TRACE 55751 --- [    Test worker] o.h.type.descriptor.sql.BasicBinder      : binding parameter [4] as [VARCHAR] - [14175174064390.7485633929107891]
2020-06-10 18:11:59.904 TRACE 55751 --- [    Test worker] o.h.type.descriptor.sql.BasicBinder      : binding parameter [5] as [VARCHAR] - [null]
2020-06-10 18:11:59.904 TRACE 55751 --- [    Test worker] o.h.type.descriptor.sql.BasicBinder      : binding parameter [6] as [VARCHAR] - [null]
2020-06-10 18:11:59.904 TRACE 55751 --- [    Test worker] o.h.type.descriptor.sql.BasicBinder      : binding parameter [7] as [DOUBLE] - [null]
2020-06-10 18:11:59.904 TRACE 55751 --- [    Test worker] o.h.type.descriptor.sql.BasicBinder      : binding parameter [8] as [DOUBLE] - [null]
2020-06-10 18:11:59.904 TRACE 55751 --- [    Test worker] o.h.type.descriptor.sql.BasicBinder      : binding parameter [9] as [VARCHAR] - [null]
2020-06-10 18:11:59.904 TRACE 55751 --- [    Test worker] o.h.type.descriptor.sql.BasicBinder      : binding parameter [10] as [VARCHAR] - [null]
2020-06-10 18:11:59.904 TRACE 55751 --- [    Test worker] o.h.type.descriptor.sql.BasicBinder      : binding parameter [11] as [VARCHAR] - [Ygankuja 1]
2020-06-10 18:11:59.904 TRACE 55751 --- [    Test worker] o.h.type.descriptor.sql.BasicBinder      : binding parameter [12] as [VARCHAR] - [posti]
2020-06-10 18:11:59.904 TRACE 55751 --- [    Test worker] o.h.type.descriptor.sql.BasicBinder      : binding parameter [13] as [VARCHAR] - [posti_00100]
2020-06-10 18:11:59.904 TRACE 55751 --- [    Test worker] o.h.type.descriptor.sql.BasicBinder      : binding parameter [14] as [VARCHAR] - [Helsinki]
2020-06-10 18:11:59.904 TRACE 55751 --- [    Test worker] o.h.type.descriptor.sql.BasicBinder      : binding parameter [15] as [DATE] - [Wed Jun 10 18:11:57 EEST 2020]
2020-06-10 18:11:59.904 TRACE 55751 --- [    Test worker] o.h.type.descriptor.sql.BasicBinder      : binding parameter [16] as [BIGINT] - [7]
2020-06-10 18:11:59.904 TRACE 55751 --- [    Test worker] o.h.type.descriptor.sql.BasicBinder      : binding parameter [17] as [BIGINT] - [0]
Hibernate: 
    update
        yhteystieto 
    set
        version=?,
        kieli=?,
        organisaatio_id=?,
        yhteystieto_oid=?,
        email=? 
    where
        id=? 
        and version=?
2020-06-10 18:11:59.905 TRACE 55751 --- [    Test worker] o.h.type.descriptor.sql.BasicBinder      : binding parameter [1] as [BIGINT] - [1]
2020-06-10 18:11:59.905 TRACE 55751 --- [    Test worker] o.h.type.descriptor.sql.BasicBinder      : binding parameter [2] as [VARCHAR] - [kieli_fi#1]
2020-06-10 18:11:59.905 TRACE 55751 --- [    Test worker] o.h.type.descriptor.sql.BasicBinder      : binding parameter [3] as [BIGINT] - [2]
2020-06-10 18:11:59.905 TRACE 55751 --- [    Test worker] o.h.type.descriptor.sql.BasicBinder      : binding parameter [4] as [VARCHAR] - [14175174064390.5149287835370774]
2020-06-10 18:11:59.905 TRACE 55751 --- [    Test worker] o.h.type.descriptor.sql.BasicBinder      : binding parameter [5] as [VARCHAR] - [example@example.com]
2020-06-10 18:11:59.905 TRACE 55751 --- [    Test worker] o.h.type.descriptor.sql.BasicBinder      : binding parameter [6] as [BIGINT] - [12]
2020-06-10 18:11:59.905 TRACE 55751 --- [    Test worker] o.h.type.descriptor.sql.BasicBinder      : binding parameter [7] as [BIGINT] - [0]
Hibernate: 
    insert 
    into
        organisaatio_kielet
        (organisaatio_id, kielet) 
    values
        (?, ?)
2020-06-10 18:11:59.905 TRACE 55751 --- [    Test worker] o.h.type.descriptor.sql.BasicBinder      : binding parameter [1] as [BIGINT] - [9]
2020-06-10 18:11:59.905 TRACE 55751 --- [    Test worker] o.h.type.descriptor.sql.BasicBinder      : binding parameter [2] as [VARCHAR] - [oppilaitoksenopetuskieli_1#1]
Hibernate: 
    insert 
    into
        organisaatio_kielet
        (organisaatio_id, kielet) 
    values
        (?, ?)
2020-06-10 18:11:59.906 TRACE 55751 --- [    Test worker] o.h.type.descriptor.sql.BasicBinder      : binding parameter [1] as [BIGINT] - [2]
2020-06-10 18:11:59.906 TRACE 55751 --- [    Test worker] o.h.type.descriptor.sql.BasicBinder      : binding parameter [2] as [VARCHAR] - [oppilaitoksenopetuskieli_1#1]
Hibernate: 
    insert 
    into
        organisaatio_kielet
        (organisaatio_id, kielet) 
    values
        (?, ?)
2020-06-10 18:11:59.906 TRACE 55751 --- [    Test worker] o.h.type.descriptor.sql.BasicBinder      : binding parameter [1] as [BIGINT] - [7]
2020-06-10 18:11:59.906 TRACE 55751 --- [    Test worker] o.h.type.descriptor.sql.BasicBinder      : binding parameter [2] as [VARCHAR] - [oppilaitoksenopetuskieli_2#1]
Hibernate: 
    insert 
    into
        monikielinen_teksti_values
        (id, key, value) 
    values
        (?, ?, ?)
2020-06-10 18:11:59.906 TRACE 55751 --- [    Test worker] o.h.type.descriptor.sql.BasicBinder      : binding parameter [1] as [BIGINT] - [7]
2020-06-10 18:11:59.906 TRACE 55751 --- [    Test worker] o.h.type.descriptor.sql.BasicBinder      : binding parameter [2] as [VARCHAR] - [sv]
2020-06-10 18:11:59.906 TRACE 55751 --- [    Test worker] o.h.type.descriptor.sql.BasicBinder      : binding parameter [3] as [VARCHAR] - [Ruotsalainen & koulutustoimija]
Hibernate: 
    insert 
    into
        monikielinen_teksti_values
        (id, key, value) 
    values
        (?, ?, ?)
2020-06-10 18:11:59.906 TRACE 55751 --- [    Test worker] o.h.type.descriptor.sql.BasicBinder      : binding parameter [1] as [BIGINT] - [9]
2020-06-10 18:11:59.906 TRACE 55751 --- [    Test worker] o.h.type.descriptor.sql.BasicBinder      : binding parameter [2] as [VARCHAR] - [fi]
2020-06-10 18:11:59.906 TRACE 55751 --- [    Test worker] o.h.type.descriptor.sql.BasicBinder      : binding parameter [3] as [VARCHAR] - [Helsingin yliopistomuseon säätiö]
Hibernate: 
    insert 
    into
        monikielinen_teksti_values
        (id, key, value) 
    values
        (?, ?, ?)
2020-06-10 18:11:59.906 TRACE 55751 --- [    Test worker] o.h.type.descriptor.sql.BasicBinder      : binding parameter [1] as [BIGINT] - [1001]
2020-06-10 18:11:59.906 TRACE 55751 --- [    Test worker] o.h.type.descriptor.sql.BasicBinder      : binding parameter [2] as [VARCHAR] - [fi]
2020-06-10 18:11:59.906 TRACE 55751 --- [    Test worker] o.h.type.descriptor.sql.BasicBinder      : binding parameter [3] as [VARCHAR] - [Katva Consulting]
Hibernate: 
    insert 
    into
        monikielinen_teksti_values
        (id, key, value) 
    values
        (?, ?, ?)
2020-06-10 18:11:59.907 TRACE 55751 --- [    Test worker] o.h.type.descriptor.sql.BasicBinder      : binding parameter [1] as [BIGINT] - [1001]
2020-06-10 18:11:59.907 TRACE 55751 --- [    Test worker] o.h.type.descriptor.sql.BasicBinder      : binding parameter [2] as [VARCHAR] - [sv]
2020-06-10 18:11:59.907 TRACE 55751 --- [    Test worker] o.h.type.descriptor.sql.BasicBinder      : binding parameter [3] as [VARCHAR] - [root test utbildningsoperator]
Hibernate: 
    select
        organisaat0_.oid as col_0_0_ 
    from
        organisaatio organisaat0_ 
    where
        organisaat0_.organisaatio_poistettu=? 
        and organisaat0_.piilotettu=? 
        and (
            ? in (
                select
                    tyypit1_.tyypit 
                from
                    organisaatio_tyypit tyypit1_ 
                where
                    organisaat0_.id=tyypit1_.organisaatio_id
            )
        ) 
        and (
            organisaat0_.ytunnus is not null
        ) limit ?
2020-06-10 18:11:59.907 TRACE 55751 --- [    Test worker] o.h.type.descriptor.sql.BasicBinder      : binding parameter [1] as [BOOLEAN] - [false]
2020-06-10 18:11:59.907 TRACE 55751 --- [    Test worker] o.h.type.descriptor.sql.BasicBinder      : binding parameter [2] as [BOOLEAN] - [false]
2020-06-10 18:11:59.907 TRACE 55751 --- [    Test worker] o.h.type.descriptor.sql.BasicBinder      : binding parameter [3] as [VARCHAR] - [organisaatiotyyppi_01]
2020-06-10 18:11:59.907 TRACE 55751 --- [    Test worker] o.h.type.descriptor.sql.BasicExtractor   : extracted value ([col_0_0_] : [VARCHAR]) - [1.2.2004.1]
2020-06-10 18:11:59.907 TRACE 55751 --- [    Test worker] o.h.type.descriptor.sql.BasicExtractor   : extracted value ([col_0_0_] : [VARCHAR]) - [1.2.2004.5]
Hibernate: 
    select
        organisaat0_.oid as col_0_0_ 
    from
        organisaatio organisaat0_ 
    where
        organisaat0_.organisaatio_poistettu=? 
        and organisaat0_.piilotettu=? 
        and (
            ? in (
                select
                    tyypit1_.tyypit 
                from
                    organisaatio_tyypit tyypit1_ 
                where
                    organisaat0_.id=tyypit1_.organisaatio_id
            )
        ) 
        and (
            organisaat0_.ytunnus is not null
        ) limit ?
2020-06-10 18:11:59.909 TRACE 55751 --- [    Test worker] o.h.type.descriptor.sql.BasicBinder      : binding parameter [1] as [BOOLEAN] - [false]
2020-06-10 18:11:59.909 TRACE 55751 --- [    Test worker] o.h.type.descriptor.sql.BasicBinder      : binding parameter [2] as [BOOLEAN] - [false]
2020-06-10 18:11:59.909 TRACE 55751 --- [    Test worker] o.h.type.descriptor.sql.BasicBinder      : binding parameter [3] as [VARCHAR] - [organisaatiotyyppi_06]
2020-06-10 18:11:59.909 TRACE 55751 --- [    Test worker] o.h.type.descriptor.sql.BasicExtractor   : extracted value ([col_0_0_] : [VARCHAR]) - [1.2.2005.5]
Hibernate: 
    select
        organisaat0_.oid as col_0_0_ 
    from
        organisaatio organisaat0_ 
    where
        organisaat0_.organisaatio_poistettu=? 
        and organisaat0_.piilotettu=? 
        and (
            ? in (
                select
                    tyypit1_.tyypit 
                from
                    organisaatio_tyypit tyypit1_ 
                where
                    organisaat0_.id=tyypit1_.organisaatio_id
            )
        ) 
        and (
            organisaat0_.ytunnus is not null
        ) limit ?
2020-06-10 18:11:59.910 TRACE 55751 --- [    Test worker] o.h.type.descriptor.sql.BasicBinder      : binding parameter [1] as [BOOLEAN] - [false]
2020-06-10 18:11:59.910 TRACE 55751 --- [    Test worker] o.h.type.descriptor.sql.BasicBinder      : binding parameter [2] as [BOOLEAN] - [false]
2020-06-10 18:11:59.910 TRACE 55751 --- [    Test worker] o.h.type.descriptor.sql.BasicBinder      : binding parameter [3] as [VARCHAR] - [organisaatiotyyppi_05]
Hibernate: 
    select
        organisaat0_.oid as col_0_0_ 
    from
        organisaatio organisaat0_ 
    where
        organisaat0_.organisaatio_poistettu=? 
        and organisaat0_.piilotettu=? 
        and (
            ? in (
                select
                    tyypit1_.tyypit 
                from
                    organisaatio_tyypit tyypit1_ 
                where
                    organisaat0_.id=tyypit1_.organisaatio_id
            )
        ) 
        and (
            organisaat0_.ytunnus is not null
        ) limit ?
2020-06-10 18:11:59.912 TRACE 55751 --- [    Test worker] o.h.type.descriptor.sql.BasicBinder      : binding parameter [1] as [BOOLEAN] - [false]
2020-06-10 18:11:59.912 TRACE 55751 --- [    Test worker] o.h.type.descriptor.sql.BasicBinder      : binding parameter [2] as [BOOLEAN] - [false]
2020-06-10 18:11:59.912 TRACE 55751 --- [    Test worker] o.h.type.descriptor.sql.BasicBinder      : binding parameter [3] as [VARCHAR] - [organisaatiotyyppi_07]
2020-06-10 18:11:59.912 TRACE 55751 --- [    Test worker] o.h.type.descriptor.sql.BasicExtractor   : extracted value ([col_0_0_] : [VARCHAR]) - [1.2.8000.1]
Hibernate: 
    select
        organisaat0_.id as id1_5_,
        organisaat0_.version as version2_5_,
        organisaat0_.alkupvm as alkupvm3_5_,
        organisaat0_.domainnimi as domainni4_5_,
        organisaat0_.kotipaikka as kotipaik5_5_,
        organisaat0_.kuvaus_mkt as kuvaus_28_5_,
        organisaat0_.lakkautuspvm as lakkautu6_5_,
        organisaat0_.maa as maa7_5_,
        organisaat0_.metadata_id as metadat29_5_,
        organisaat0_.nimi_mkt as nimi_mk30_5_,
        organisaat0_.nimihaku as nimihaku8_5_,
        organisaat0_.oid as oid9_5_,
        organisaat0_.opetuspisteenjarjnro as opetusp10_5_,
        organisaat0_.oppilaitoskoodi as oppilai11_5_,
        organisaat0_.oppilaitos_tyyppi as oppilai12_5_,
        organisaat0_.organisaatio_poistettu as organis13_5_,
        organisaat0_.paivittaja as paivitt14_5_,
        organisaat0_.paivityspvm as paivity15_5_,
        organisaat0_.parentidpath as parenti16_5_,
        organisaat0_.parentoidpath as parento17_5_,
        organisaat0_.piilotettu as piilote18_5_,
        organisaat0_.tarkastus_pvm as tarkast19_5_,
        organisaat0_.toimipistekoodi as toimipi20_5_,
        organisaat0_.tuontipvm as tuontip21_5_,
        organisaat0_.varhaiskasvatuksen_toimipaikka_tiedot_id as varhais31_5_,
        organisaat0_.virastotunnus as virasto22_5_,
        organisaat0_.yhteishaunkoulukoodi as yhteish23_5_,
        organisaat0_.yritysmuoto as yritysm24_5_,
        organisaat0_.ytj_kieli as ytj_kie25_5_,
        organisaat0_.ytjpaivityspvm as ytjpaiv26_5_,
        organisaat0_.ytunnus as ytunnus27_5_ 
    from
        organisaatio organisaat0_ 
    where
        organisaat0_.oid in (
            ? , ? , ? , ?
        ) 
    order by
        organisaat0_.nimihaku asc limit ?
2020-06-10 18:11:59.913 TRACE 55751 --- [    Test worker] o.h.type.descriptor.sql.BasicBinder      : binding parameter [1] as [VARCHAR] - [1.2.2004.1]
2020-06-10 18:11:59.913 TRACE 55751 --- [    Test worker] o.h.type.descriptor.sql.BasicBinder      : binding parameter [2] as [VARCHAR] - [1.2.2004.5]
2020-06-10 18:11:59.913 TRACE 55751 --- [    Test worker] o.h.type.descriptor.sql.BasicBinder      : binding parameter [3] as [VARCHAR] - [1.2.2005.5]
2020-06-10 18:11:59.913 TRACE 55751 --- [    Test worker] o.h.type.descriptor.sql.BasicBinder      : binding parameter [4] as [VARCHAR] - [1.2.8000.1]
2020-06-10 18:11:59.913 TRACE 55751 --- [    Test worker] o.h.type.descriptor.sql.BasicExtractor   : extracted value ([id1_5_] : [BIGINT]) - [9]
2020-06-10 18:11:59.913 TRACE 55751 --- [    Test worker] o.h.type.descriptor.sql.BasicExtractor   : extracted value ([id1_5_] : [BIGINT]) - [2]
2020-06-10 18:11:59.913 TRACE 55751 --- [    Test worker] o.h.type.descriptor.sql.BasicExtractor   : extracted value ([id1_5_] : [BIGINT]) - [7]
2020-06-10 18:11:59.914 TRACE 55751 --- [    Test worker] o.h.type.descriptor.sql.BasicExtractor   : extracted value ([id1_5_] : [BIGINT]) - [10]
Hibernate: 
    select
        organisaat0_.id as id1_5_,
        organisaat0_.version as version2_5_,
        organisaat0_.alkupvm as alkupvm3_5_,
        organisaat0_.domainnimi as domainni4_5_,
        organisaat0_.kotipaikka as kotipaik5_5_,
        organisaat0_.kuvaus_mkt as kuvaus_28_5_,
        organisaat0_.lakkautuspvm as lakkautu6_5_,
        organisaat0_.maa as maa7_5_,
        organisaat0_.metadata_id as metadat29_5_,
        organisaat0_.nimi_mkt as nimi_mk30_5_,
        organisaat0_.nimihaku as nimihaku8_5_,
        organisaat0_.oid as oid9_5_,
        organisaat0_.opetuspisteenjarjnro as opetusp10_5_,
        organisaat0_.oppilaitoskoodi as oppilai11_5_,
        organisaat0_.oppilaitos_tyyppi as oppilai12_5_,
        organisaat0_.organisaatio_poistettu as organis13_5_,
        organisaat0_.paivittaja as paivitt14_5_,
        organisaat0_.paivityspvm as paivity15_5_,
        organisaat0_.parentidpath as parenti16_5_,
        organisaat0_.parentoidpath as parento17_5_,
        organisaat0_.piilotettu as piilote18_5_,
        organisaat0_.tarkastus_pvm as tarkast19_5_,
        organisaat0_.toimipistekoodi as toimipi20_5_,
        organisaat0_.tuontipvm as tuontip21_5_,
        organisaat0_.varhaiskasvatuksen_toimipaikka_tiedot_id as varhais31_5_,
        organisaat0_.virastotunnus as virasto22_5_,
        organisaat0_.yhteishaunkoulukoodi as yhteish23_5_,
        organisaat0_.yritysmuoto as yritysm24_5_,
        organisaat0_.ytj_kieli as ytj_kie25_5_,
        organisaat0_.ytjpaivityspvm as ytjpaiv26_5_,
        organisaat0_.ytunnus as ytunnus27_5_ 
    from
        organisaatio organisaat0_ 
    where
        organisaat0_.oid=?
2020-06-10 18:11:59.916 TRACE 55751 --- [    Test worker] o.h.type.descriptor.sql.BasicBinder      : binding parameter [1] as [VARCHAR] - [1.2.2005.5]
2020-06-10 18:11:59.916 TRACE 55751 --- [    Test worker] o.h.type.descriptor.sql.BasicExtractor   : extracted value ([id1_5_] : [BIGINT]) - [9]
Hibernate: 
    select
        organisaat0_.id as id1_5_,
        organisaat0_.version as version2_5_,
        organisaat0_.alkupvm as alkupvm3_5_,
        organisaat0_.domainnimi as domainni4_5_,
        organisaat0_.kotipaikka as kotipaik5_5_,
        organisaat0_.kuvaus_mkt as kuvaus_28_5_,
        organisaat0_.lakkautuspvm as lakkautu6_5_,
        organisaat0_.maa as maa7_5_,
        organisaat0_.metadata_id as metadat29_5_,
        organisaat0_.nimi_mkt as nimi_mk30_5_,
        organisaat0_.nimihaku as nimihaku8_5_,
        organisaat0_.oid as oid9_5_,
        organisaat0_.opetuspisteenjarjnro as opetusp10_5_,
        organisaat0_.oppilaitoskoodi as oppilai11_5_,
        organisaat0_.oppilaitos_tyyppi as oppilai12_5_,
        organisaat0_.organisaatio_poistettu as organis13_5_,
        organisaat0_.paivittaja as paivitt14_5_,
        organisaat0_.paivityspvm as paivity15_5_,
        organisaat0_.parentidpath as parenti16_5_,
        organisaat0_.parentoidpath as parento17_5_,
        organisaat0_.piilotettu as piilote18_5_,
        organisaat0_.tarkastus_pvm as tarkast19_5_,
        organisaat0_.toimipistekoodi as toimipi20_5_,
        organisaat0_.tuontipvm as tuontip21_5_,
        organisaat0_.varhaiskasvatuksen_toimipaikka_tiedot_id as varhais31_5_,
        organisaat0_.virastotunnus as virasto22_5_,
        organisaat0_.yhteishaunkoulukoodi as yhteish23_5_,
        organisaat0_.yritysmuoto as yritysm24_5_,
        organisaat0_.ytj_kieli as ytj_kie25_5_,
        organisaat0_.ytjpaivityspvm as ytjpaiv26_5_,
        organisaat0_.ytunnus as ytunnus27_5_ 
    from
        organisaatio organisaat0_ 
    where
        organisaat0_.oid=?
2020-06-10 18:11:59.923 TRACE 55751 --- [    Test worker] o.h.type.descriptor.sql.BasicBinder      : binding parameter [1] as [VARCHAR] - [1.2.2004.1]
2020-06-10 18:11:59.923 TRACE 55751 --- [    Test worker] o.h.type.descriptor.sql.BasicExtractor   : extracted value ([id1_5_] : [BIGINT]) - [2]
Hibernate: 
    select
        organisaat0_.id as id1_5_,
        organisaat0_.version as version2_5_,
        organisaat0_.alkupvm as alkupvm3_5_,
        organisaat0_.domainnimi as domainni4_5_,
        organisaat0_.kotipaikka as kotipaik5_5_,
        organisaat0_.kuvaus_mkt as kuvaus_28_5_,
        organisaat0_.lakkautuspvm as lakkautu6_5_,
        organisaat0_.maa as maa7_5_,
        organisaat0_.metadata_id as metadat29_5_,
        organisaat0_.nimi_mkt as nimi_mk30_5_,
        organisaat0_.nimihaku as nimihaku8_5_,
        organisaat0_.oid as oid9_5_,
        organisaat0_.opetuspisteenjarjnro as opetusp10_5_,
        organisaat0_.oppilaitoskoodi as oppilai11_5_,
        organisaat0_.oppilaitos_tyyppi as oppilai12_5_,
        organisaat0_.organisaatio_poistettu as organis13_5_,
        organisaat0_.paivittaja as paivitt14_5_,
        organisaat0_.paivityspvm as paivity15_5_,
        organisaat0_.parentidpath as parenti16_5_,
        organisaat0_.parentoidpath as parento17_5_,
        organisaat0_.piilotettu as piilote18_5_,
        organisaat0_.tarkastus_pvm as tarkast19_5_,
        organisaat0_.toimipistekoodi as toimipi20_5_,
        organisaat0_.tuontipvm as tuontip21_5_,
        organisaat0_.varhaiskasvatuksen_toimipaikka_tiedot_id as varhais31_5_,
        organisaat0_.virastotunnus as virasto22_5_,
        organisaat0_.yhteishaunkoulukoodi as yhteish23_5_,
        organisaat0_.yritysmuoto as yritysm24_5_,
        organisaat0_.ytj_kieli as ytj_kie25_5_,
        organisaat0_.ytjpaivityspvm as ytjpaiv26_5_,
        organisaat0_.ytunnus as ytunnus27_5_ 
    from
        organisaatio organisaat0_ 
    where
        organisaat0_.oid=?
2020-06-10 18:11:59.927 TRACE 55751 --- [    Test worker] o.h.type.descriptor.sql.BasicBinder      : binding parameter [1] as [VARCHAR] - [1.2.2004.5]
2020-06-10 18:11:59.927 TRACE 55751 --- [    Test worker] o.h.type.descriptor.sql.BasicExtractor   : extracted value ([id1_5_] : [BIGINT]) - [7]
2020-06-10 18:11:59.930  INFO 55751 --- [    Test worker] o.s.t.c.transaction.TransactionContext   : Rolled back transaction for test: [DefaultTestContext@5978e78f testClass = OrganisaatioYtjServiceImplTest, testInstance = fi.vm.sade.organisaatio.business.impl.OrganisaatioYtjServiceImplTest@5c247476, testMethod = updateYTJDataTest@OrganisaatioYtjServiceImplTest, testException = [null], mergedContextConfiguration = [WebMergedContextConfiguration@2f998445 testClass = OrganisaatioYtjServiceImplTest, locations = '{}', classes = '{class fi.vm.sade.organisaatio.OrganisaatioApplication, class fi.vm.sade.organisaatio.business.impl.OrganisaatioYtjServiceImplTest$OrganisaatioYtjServiceImplTestConfiguration}', contextInitializerClasses = '[]', activeProfiles = '{}', propertySourceLocations = '{}', propertySourceProperties = '{org.springframework.boot.test.context.SpringBootTestContextBootstrapper=true}', contextCustomizers = set[org.springframework.boot.test.autoconfigure.properties.PropertyMappingContextCustomizer@a273518a, org.springframework.boot.test.autoconfigure.web.servlet.WebDriverContextCustomizerFactory$Customizer@25a95d7a, [ImportsContextCustomizer@77bcd152 key = [org.springframework.boot.test.autoconfigure.jdbc.TestDatabaseAutoConfiguration, org.springframework.boot.autoconfigure.jdbc.DataSourceAutoConfiguration]], org.springframework.boot.test.context.filter.ExcludeFilterContextCustomizer@33d60c3d, org.springframework.boot.test.json.DuplicateJsonObjectContextCustomizerFactory$DuplicateJsonObjectContextCustomizer@6943770e, org.springframework.boot.test.mock.mockito.MockitoContextCustomizer@0, org.springframework.boot.test.web.client.TestRestTemplateContextCustomizer@536042e6, org.springframework.boot.test.context.SpringBootTestArgs@1], resourceBasePath = 'src/main/webapp', contextLoader = 'org.springframework.boot.test.context.SpringBootContextLoader', parent = [null]], attributes = map['org.springframework.test.context.web.ServletTestExecutionListener.activateListener' -> true, 'org.springframework.test.context.web.ServletTestExecutionListener.populatedRequestContextHolder' -> true, 'org.springframework.test.context.web.ServletTestExecutionListener.resetRequestContextHolder' -> true]]
]]></system-out>
  <system-err><![CDATA[]]></system-err>
</testsuite>
