<?xml version="1.0" encoding="UTF-8"?>
<testsuite name="fi.vm.sade.organisaatio.config.ObjectMapperConfigurationTest" tests="2" skipped="0" failures="0" errors="0" timestamp="2020-06-10T17:38:40" hostname="Miikkas-MacBook-Pro.local" time="0.022">
  <properties/>
  <testcase name="javaSqlTimestampSerializer" classname="fi.vm.sade.organisaatio.config.ObjectMapperConfigurationTest" time="0.009"/>
  <testcase name="javaSqlTimestampDeserializer" classname="fi.vm.sade.organisaatio.config.ObjectMapperConfigurationTest" time="0.013"/>
  <system-out><![CDATA[]]></system-out>
  <system-err><![CDATA[]]></system-err>
</testsuite>
