<?xml version="1.0" encoding="UTF-8"?>
<testsuite name="fi.vm.sade.organisaatio.model.OrganisaatioTest" tests="8" skipped="0" failures="0" errors="0" timestamp="2020-06-10T17:39:14" hostname="Miikkas-MacBook-Pro.local" time="0.003">
  <properties/>
  <testcase name="parentOidWithEmptyPath" classname="fi.vm.sade.organisaatio.model.OrganisaatioTest" time="0.001"/>
  <testcase name="parentOidWithValidPath" classname="fi.vm.sade.organisaatio.model.OrganisaatioTest" time="0.0"/>
  <testcase name="parentOidsFromNullPath" classname="fi.vm.sade.organisaatio.model.OrganisaatioTest" time="0.0"/>
  <testcase name="parentOidWithValidRootPath" classname="fi.vm.sade.organisaatio.model.OrganisaatioTest" time="0.0"/>
  <testcase name="parentOidWithNullPath" classname="fi.vm.sade.organisaatio.model.OrganisaatioTest" time="0.001"/>
  <testcase name="parentOidsFromEmptyPath" classname="fi.vm.sade.organisaatio.model.OrganisaatioTest" time="0.001"/>
  <testcase name="parentOidsFromValidPath" classname="fi.vm.sade.organisaatio.model.OrganisaatioTest" time="0.0"/>
  <testcase name="parentOidWithInvalidPath" classname="fi.vm.sade.organisaatio.model.OrganisaatioTest" time="0.0"/>
  <system-out><![CDATA[]]></system-out>
  <system-err><![CDATA[]]></system-err>
</testsuite>
