<?xml version="1.0" encoding="UTF-8"?>
<testsuite name="fi.vm.sade.organisaatio.business.impl.KoodistoTest" tests="1" skipped="0" failures="0" errors="0" timestamp="2020-06-10T15:11:55" hostname="Miikkas-MacBook-Pro.local" time="0.0">
  <properties/>
  <testcase name="test" classname="fi.vm.sade.organisaatio.business.impl.KoodistoTest" time="0.0"/>
  <system-out><![CDATA[]]></system-out>
  <system-err><![CDATA[]]></system-err>
</testsuite>
