<?xml version="1.0" encoding="UTF-8"?>
<testsuite name="fi.vm.sade.organisaatio.config.scheduling.WeekdaysTest" tests="3" skipped="0" failures="0" errors="0" timestamp="2020-06-10T15:11:29" hostname="Miikkas-MacBook-Pro.local" time="0.033">
  <properties/>
  <testcase name="timeDoneSaturday" classname="fi.vm.sade.organisaatio.config.scheduling.WeekdaysTest" time="0.031"/>
  <testcase name="timeDoneFriday" classname="fi.vm.sade.organisaatio.config.scheduling.WeekdaysTest" time="0.0"/>
  <testcase name="timeDoneMonday" classname="fi.vm.sade.organisaatio.config.scheduling.WeekdaysTest" time="0.001"/>
  <system-out><![CDATA[]]></system-out>
  <system-err><![CDATA[]]></system-err>
</testsuite>
