<?xml version="1.0" encoding="UTF-8"?>
<testsuite name="fi.vm.sade.organisaatio.business.impl.OrganisaatioBusinessServiceImplTest" tests="16" skipped="0" failures="0" errors="0" timestamp="2020-06-10T15:11:35" hostname="Miikkas-MacBook-Pro.local" time="18.34">
  <properties/>
  <testcase name="saveToimipisteShouldGenerateToimipistekoodiWhenEmpty" classname="fi.vm.sade.organisaatio.business.impl.OrganisaatioBusinessServiceImplTest" time="2.321"/>
  <testcase name="processNewOrganisaatioSuhdeChangesWithLiitosToAnotherTree" classname="fi.vm.sade.organisaatio.business.impl.OrganisaatioBusinessServiceImplTest" time="2.767"/>
  <testcase name="lisaaVarhaiskasvatuksenToimipaikkaTieto" classname="fi.vm.sade.organisaatio.business.impl.OrganisaatioBusinessServiceImplTest" time="2.112"/>
  <testcase name="UpdateNimiValues" classname="fi.vm.sade.organisaatio.business.impl.OrganisaatioBusinessServiceImplTest" time="0.008"/>
  <testcase name="saveOrganisaatioShouldValidateNimetAlkuPvm" classname="fi.vm.sade.organisaatio.business.impl.OrganisaatioBusinessServiceImplTest" time="0.373"/>
  <testcase name="processNewOrganisaatioSuhdeChangesWithLiitos" classname="fi.vm.sade.organisaatio.business.impl.OrganisaatioBusinessServiceImplTest" time="2.241"/>
  <testcase name="processNewOrganisaatioSuhdeChangesWithHistoria" classname="fi.vm.sade.organisaatio.business.impl.OrganisaatioBusinessServiceImplTest" time="1.575"/>
  <testcase name="saveNewAndUpdateOrganisation" classname="fi.vm.sade.organisaatio.business.impl.OrganisaatioBusinessServiceImplTest" time="0.757"/>
  <testcase name="processOrganisaatiosuhdeChangesOneNewChange" classname="fi.vm.sade.organisaatio.business.impl.OrganisaatioBusinessServiceImplTest" time="0.054"/>
  <testcase name="processOrganisaatioSuhdeChangesNoNewChanges" classname="fi.vm.sade.organisaatio.business.impl.OrganisaatioBusinessServiceImplTest" time="0.006"/>
  <testcase name="updateCurrentOrganisaatioNimet" classname="fi.vm.sade.organisaatio.business.impl.OrganisaatioBusinessServiceImplTest" time="0.409"/>
  <testcase name="updateOppilaitosShouldUpdateToimipisteNames" classname="fi.vm.sade.organisaatio.business.impl.OrganisaatioBusinessServiceImplTest" time="1.542"/>
  <testcase name="lisaaVarhaiskasvatuksenToimipaikkaTietoVaaralleTyypille" classname="fi.vm.sade.organisaatio.business.impl.OrganisaatioBusinessServiceImplTest" time="0.371"/>
  <testcase name="saveToimipisteShouldMaintainToimipistekoodiWhenOpetuspisteenJarjNroEmpty" classname="fi.vm.sade.organisaatio.business.impl.OrganisaatioBusinessServiceImplTest" time="1.506"/>
  <testcase name="editingRemovedIsNotAllowed" classname="fi.vm.sade.organisaatio.business.impl.OrganisaatioBusinessServiceImplTest" time="0.369"/>
  <testcase name="saveToimipisteShouldGenerateOpetuspisteenJarjNroAndToimipistekoodiWhenEmpty" classname="fi.vm.sade.organisaatio.business.impl.OrganisaatioBusinessServiceImplTest" time="1.924"/>
  <system-out><![CDATA[
  .   ____          _            __ _ _
 /\\ / ___'_ __ _ _(_)_ __  __ _ \ \ \ \
( ( )\___ | '_ | '_| | '_ \/ _` | \ \ \ \
 \\/  ___)| |_)| | | | | || (_| |  ) ) ) )
  '  |____| .__|_| |_|_| |_\__, | / / / /
 =========|_|==============|___/=/_/_/_/
 :: Spring Boot ::        (v2.3.0.RELEASE)

2020-06-10 18:11:33.168  INFO 55751 --- [    Test worker] .b.i.OrganisaatioBusinessServiceImplTest : Starting OrganisaatioBusinessServiceImplTest on Miikkas-MacBook-Pro.local with PID 55751 (started by mkamka in /Users/mkamka/git/wunderdog/oph/yleiskayttoiset/organisaatio 2/organisaatio-service)
2020-06-10 18:11:33.168  INFO 55751 --- [    Test worker] .b.i.OrganisaatioBusinessServiceImplTest : No active profile set, falling back to default profiles: default
2020-06-10 18:11:33.525  INFO 55751 --- [    Test worker] .s.d.r.c.RepositoryConfigurationDelegate : Bootstrapping Spring Data JPA repositories in DEFERRED mode.
2020-06-10 18:11:33.593  INFO 55751 --- [    Test worker] .s.d.r.c.RepositoryConfigurationDelegate : Finished Spring Data repository scanning in 67ms. Found 12 JPA repository interfaces.
2020-06-10 18:11:33.618  INFO 55751 --- [    Test worker] beddedDataSourceBeanFactoryPostProcessor : Replacing 'dataSource' DataSource bean with embedded version
2020-06-10 18:11:33.693  INFO 55751 --- [    Test worker] o.s.j.d.e.EmbeddedDatabaseFactory        : Starting embedded database: url='jdbc:h2:mem:14fb4131-1ec0-416f-93f5-0e847e4364df;DB_CLOSE_DELAY=-1;DB_CLOSE_ON_EXIT=false', username='sa'
2020-06-10 18:11:33.743  INFO 55751 --- [    Test worker] o.s.s.concurrent.ThreadPoolTaskExecutor  : Initializing ExecutorService 'applicationTaskExecutor'
2020-06-10 18:11:33.778  INFO 55751 --- [         task-1] o.hibernate.jpa.internal.util.LogHelper  : HHH000204: Processing PersistenceUnitInfo [name: default]
2020-06-10 18:11:33.780 DEBUG 55751 --- [         task-1] org.hibernate.type.BasicTypeRegistry     : Adding type registration boolean -> org.hibernate.type.BooleanType@64832385
2020-06-10 18:11:33.780 DEBUG 55751 --- [         task-1] org.hibernate.type.BasicTypeRegistry     : Adding type registration boolean -> org.hibernate.type.BooleanType@64832385
2020-06-10 18:11:33.780 DEBUG 55751 --- [         task-1] org.hibernate.type.BasicTypeRegistry     : Adding type registration java.lang.Boolean -> org.hibernate.type.BooleanType@64832385
2020-06-10 18:11:33.780 DEBUG 55751 --- [         task-1] org.hibernate.type.BasicTypeRegistry     : Adding type registration numeric_boolean -> org.hibernate.type.NumericBooleanType@2dfabe23
2020-06-10 18:11:33.781 DEBUG 55751 --- [         task-1] org.hibernate.type.BasicTypeRegistry     : Adding type registration true_false -> org.hibernate.type.TrueFalseType@55bedb8b
2020-06-10 18:11:33.781 DEBUG 55751 --- [         task-1] org.hibernate.type.BasicTypeRegistry     : Adding type registration yes_no -> org.hibernate.type.YesNoType@4d73a2ec
2020-06-10 18:11:33.781 DEBUG 55751 --- [         task-1] org.hibernate.type.BasicTypeRegistry     : Adding type registration byte -> org.hibernate.type.ByteType@1bbfb0e1
2020-06-10 18:11:33.781 DEBUG 55751 --- [         task-1] org.hibernate.type.BasicTypeRegistry     : Adding type registration byte -> org.hibernate.type.ByteType@1bbfb0e1
2020-06-10 18:11:33.781 DEBUG 55751 --- [         task-1] org.hibernate.type.BasicTypeRegistry     : Adding type registration java.lang.Byte -> org.hibernate.type.ByteType@1bbfb0e1
2020-06-10 18:11:33.781 DEBUG 55751 --- [         task-1] org.hibernate.type.BasicTypeRegistry     : Adding type registration character -> org.hibernate.type.CharacterType@542babe6
2020-06-10 18:11:33.781 DEBUG 55751 --- [         task-1] org.hibernate.type.BasicTypeRegistry     : Adding type registration char -> org.hibernate.type.CharacterType@542babe6
2020-06-10 18:11:33.781 DEBUG 55751 --- [         task-1] org.hibernate.type.BasicTypeRegistry     : Adding type registration java.lang.Character -> org.hibernate.type.CharacterType@542babe6
2020-06-10 18:11:33.781 DEBUG 55751 --- [         task-1] org.hibernate.type.BasicTypeRegistry     : Adding type registration short -> org.hibernate.type.ShortType@45aa4e90
2020-06-10 18:11:33.781 DEBUG 55751 --- [         task-1] org.hibernate.type.BasicTypeRegistry     : Adding type registration short -> org.hibernate.type.ShortType@45aa4e90
2020-06-10 18:11:33.781 DEBUG 55751 --- [         task-1] org.hibernate.type.BasicTypeRegistry     : Adding type registration java.lang.Short -> org.hibernate.type.ShortType@45aa4e90
2020-06-10 18:11:33.781 DEBUG 55751 --- [         task-1] org.hibernate.type.BasicTypeRegistry     : Adding type registration integer -> org.hibernate.type.IntegerType@5e9acab2
2020-06-10 18:11:33.781 DEBUG 55751 --- [         task-1] org.hibernate.type.BasicTypeRegistry     : Adding type registration int -> org.hibernate.type.IntegerType@5e9acab2
2020-06-10 18:11:33.781 DEBUG 55751 --- [         task-1] org.hibernate.type.BasicTypeRegistry     : Adding type registration java.lang.Integer -> org.hibernate.type.IntegerType@5e9acab2
2020-06-10 18:11:33.781 DEBUG 55751 --- [         task-1] org.hibernate.type.BasicTypeRegistry     : Adding type registration long -> org.hibernate.type.LongType@37885b1d
2020-06-10 18:11:33.781 DEBUG 55751 --- [         task-1] org.hibernate.type.BasicTypeRegistry     : Adding type registration long -> org.hibernate.type.LongType@37885b1d
2020-06-10 18:11:33.781 DEBUG 55751 --- [         task-1] org.hibernate.type.BasicTypeRegistry     : Adding type registration java.lang.Long -> org.hibernate.type.LongType@37885b1d
2020-06-10 18:11:33.781 DEBUG 55751 --- [         task-1] org.hibernate.type.BasicTypeRegistry     : Adding type registration float -> org.hibernate.type.FloatType@607b0cc3
2020-06-10 18:11:33.781 DEBUG 55751 --- [         task-1] org.hibernate.type.BasicTypeRegistry     : Adding type registration float -> org.hibernate.type.FloatType@607b0cc3
2020-06-10 18:11:33.781 DEBUG 55751 --- [         task-1] org.hibernate.type.BasicTypeRegistry     : Adding type registration java.lang.Float -> org.hibernate.type.FloatType@607b0cc3
2020-06-10 18:11:33.781 DEBUG 55751 --- [         task-1] org.hibernate.type.BasicTypeRegistry     : Adding type registration double -> org.hibernate.type.DoubleType@6cef098d
2020-06-10 18:11:33.781 DEBUG 55751 --- [         task-1] org.hibernate.type.BasicTypeRegistry     : Adding type registration double -> org.hibernate.type.DoubleType@6cef098d
2020-06-10 18:11:33.781 DEBUG 55751 --- [         task-1] org.hibernate.type.BasicTypeRegistry     : Adding type registration java.lang.Double -> org.hibernate.type.DoubleType@6cef098d
2020-06-10 18:11:33.781 DEBUG 55751 --- [         task-1] org.hibernate.type.BasicTypeRegistry     : Adding type registration big_decimal -> org.hibernate.type.BigDecimalType@6ca0e59d
2020-06-10 18:11:33.781 DEBUG 55751 --- [         task-1] org.hibernate.type.BasicTypeRegistry     : Adding type registration java.math.BigDecimal -> org.hibernate.type.BigDecimalType@6ca0e59d
2020-06-10 18:11:33.781 DEBUG 55751 --- [         task-1] org.hibernate.type.BasicTypeRegistry     : Adding type registration big_integer -> org.hibernate.type.BigIntegerType@5e476f96
2020-06-10 18:11:33.781 DEBUG 55751 --- [         task-1] org.hibernate.type.BasicTypeRegistry     : Adding type registration java.math.BigInteger -> org.hibernate.type.BigIntegerType@5e476f96
2020-06-10 18:11:33.781 DEBUG 55751 --- [         task-1] org.hibernate.type.BasicTypeRegistry     : Adding type registration string -> org.hibernate.type.StringType@7250e71f
2020-06-10 18:11:33.781 DEBUG 55751 --- [         task-1] org.hibernate.type.BasicTypeRegistry     : Adding type registration java.lang.String -> org.hibernate.type.StringType@7250e71f
2020-06-10 18:11:33.781 DEBUG 55751 --- [         task-1] org.hibernate.type.BasicTypeRegistry     : Adding type registration nstring -> org.hibernate.type.StringNVarcharType@98a4409
2020-06-10 18:11:33.781 DEBUG 55751 --- [         task-1] org.hibernate.type.BasicTypeRegistry     : Adding type registration ncharacter -> org.hibernate.type.CharacterNCharType@51939a53
2020-06-10 18:11:33.781 DEBUG 55751 --- [         task-1] org.hibernate.type.BasicTypeRegistry     : Adding type registration url -> org.hibernate.type.UrlType@5dd004c4
2020-06-10 18:11:33.781 DEBUG 55751 --- [         task-1] org.hibernate.type.BasicTypeRegistry     : Adding type registration java.net.URL -> org.hibernate.type.UrlType@5dd004c4
2020-06-10 18:11:33.781 DEBUG 55751 --- [         task-1] org.hibernate.type.BasicTypeRegistry     : Adding type registration Duration -> org.hibernate.type.DurationType@beb10cd
2020-06-10 18:11:33.781 DEBUG 55751 --- [         task-1] org.hibernate.type.BasicTypeRegistry     : Adding type registration java.time.Duration -> org.hibernate.type.DurationType@beb10cd
2020-06-10 18:11:33.781 DEBUG 55751 --- [         task-1] org.hibernate.type.BasicTypeRegistry     : Adding type registration Instant -> org.hibernate.type.InstantType@614aee68
2020-06-10 18:11:33.781 DEBUG 55751 --- [         task-1] org.hibernate.type.BasicTypeRegistry     : Adding type registration java.time.Instant -> org.hibernate.type.InstantType@614aee68
2020-06-10 18:11:33.781 DEBUG 55751 --- [         task-1] org.hibernate.type.BasicTypeRegistry     : Adding type registration LocalDateTime -> org.hibernate.type.LocalDateTimeType@7f3412aa
2020-06-10 18:11:33.781 DEBUG 55751 --- [         task-1] org.hibernate.type.BasicTypeRegistry     : Adding type registration java.time.LocalDateTime -> org.hibernate.type.LocalDateTimeType@7f3412aa
2020-06-10 18:11:33.781 DEBUG 55751 --- [         task-1] org.hibernate.type.BasicTypeRegistry     : Adding type registration LocalDate -> org.hibernate.type.LocalDateType@230aeaef
2020-06-10 18:11:33.781 DEBUG 55751 --- [         task-1] org.hibernate.type.BasicTypeRegistry     : Adding type registration java.time.LocalDate -> org.hibernate.type.LocalDateType@230aeaef
2020-06-10 18:11:33.781 DEBUG 55751 --- [         task-1] org.hibernate.type.BasicTypeRegistry     : Adding type registration LocalTime -> org.hibernate.type.LocalTimeType@54760927
2020-06-10 18:11:33.781 DEBUG 55751 --- [         task-1] org.hibernate.type.BasicTypeRegistry     : Adding type registration java.time.LocalTime -> org.hibernate.type.LocalTimeType@54760927
2020-06-10 18:11:33.781 DEBUG 55751 --- [         task-1] org.hibernate.type.BasicTypeRegistry     : Adding type registration OffsetDateTime -> org.hibernate.type.OffsetDateTimeType@2822f21e
2020-06-10 18:11:33.782 DEBUG 55751 --- [         task-1] org.hibernate.type.BasicTypeRegistry     : Adding type registration java.time.OffsetDateTime -> org.hibernate.type.OffsetDateTimeType@2822f21e
2020-06-10 18:11:33.782 DEBUG 55751 --- [         task-1] org.hibernate.type.BasicTypeRegistry     : Adding type registration OffsetTime -> org.hibernate.type.OffsetTimeType@30e0cc1d
2020-06-10 18:11:33.782 DEBUG 55751 --- [         task-1] org.hibernate.type.BasicTypeRegistry     : Adding type registration java.time.OffsetTime -> org.hibernate.type.OffsetTimeType@30e0cc1d
2020-06-10 18:11:33.782 DEBUG 55751 --- [         task-1] org.hibernate.type.BasicTypeRegistry     : Adding type registration ZonedDateTime -> org.hibernate.type.ZonedDateTimeType@17453e64
2020-06-10 18:11:33.782 DEBUG 55751 --- [         task-1] org.hibernate.type.BasicTypeRegistry     : Adding type registration java.time.ZonedDateTime -> org.hibernate.type.ZonedDateTimeType@17453e64
2020-06-10 18:11:33.782 DEBUG 55751 --- [         task-1] org.hibernate.type.BasicTypeRegistry     : Adding type registration date -> org.hibernate.type.DateType@6746b6dc
2020-06-10 18:11:33.782 DEBUG 55751 --- [         task-1] org.hibernate.type.BasicTypeRegistry     : Adding type registration java.sql.Date -> org.hibernate.type.DateType@6746b6dc
2020-06-10 18:11:33.782 DEBUG 55751 --- [         task-1] org.hibernate.type.BasicTypeRegistry     : Adding type registration time -> org.hibernate.type.TimeType@22b2b7d4
2020-06-10 18:11:33.782 DEBUG 55751 --- [         task-1] org.hibernate.type.BasicTypeRegistry     : Adding type registration java.sql.Time -> org.hibernate.type.TimeType@22b2b7d4
2020-06-10 18:11:33.782 DEBUG 55751 --- [         task-1] org.hibernate.type.BasicTypeRegistry     : Adding type registration timestamp -> org.hibernate.type.TimestampType@16387082
2020-06-10 18:11:33.782 DEBUG 55751 --- [         task-1] org.hibernate.type.BasicTypeRegistry     : Adding type registration java.sql.Timestamp -> org.hibernate.type.TimestampType@16387082
2020-06-10 18:11:33.782 DEBUG 55751 --- [         task-1] org.hibernate.type.BasicTypeRegistry     : Adding type registration java.util.Date -> org.hibernate.type.TimestampType@16387082
2020-06-10 18:11:33.782 DEBUG 55751 --- [         task-1] org.hibernate.type.BasicTypeRegistry     : Adding type registration dbtimestamp -> org.hibernate.type.DbTimestampType@3b61c4de
2020-06-10 18:11:33.782 DEBUG 55751 --- [         task-1] org.hibernate.type.BasicTypeRegistry     : Adding type registration calendar -> org.hibernate.type.CalendarType@872f114
2020-06-10 18:11:33.782 DEBUG 55751 --- [         task-1] org.hibernate.type.BasicTypeRegistry     : Adding type registration java.util.Calendar -> org.hibernate.type.CalendarType@872f114
2020-06-10 18:11:33.782 DEBUG 55751 --- [         task-1] org.hibernate.type.BasicTypeRegistry     : Adding type registration java.util.GregorianCalendar -> org.hibernate.type.CalendarType@872f114
2020-06-10 18:11:33.782 DEBUG 55751 --- [         task-1] org.hibernate.type.BasicTypeRegistry     : Adding type registration calendar_date -> org.hibernate.type.CalendarDateType@30133667
2020-06-10 18:11:33.782 DEBUG 55751 --- [         task-1] org.hibernate.type.BasicTypeRegistry     : Adding type registration calendar_time -> org.hibernate.type.CalendarTimeType@6db15d50
2020-06-10 18:11:33.782 DEBUG 55751 --- [         task-1] org.hibernate.type.BasicTypeRegistry     : Adding type registration locale -> org.hibernate.type.LocaleType@34dae521
2020-06-10 18:11:33.782 DEBUG 55751 --- [         task-1] org.hibernate.type.BasicTypeRegistry     : Adding type registration java.util.Locale -> org.hibernate.type.LocaleType@34dae521
2020-06-10 18:11:33.782 DEBUG 55751 --- [         task-1] org.hibernate.type.BasicTypeRegistry     : Adding type registration currency -> org.hibernate.type.CurrencyType@4abf8419
2020-06-10 18:11:33.782 DEBUG 55751 --- [         task-1] org.hibernate.type.BasicTypeRegistry     : Adding type registration java.util.Currency -> org.hibernate.type.CurrencyType@4abf8419
2020-06-10 18:11:33.782 DEBUG 55751 --- [         task-1] org.hibernate.type.BasicTypeRegistry     : Adding type registration timezone -> org.hibernate.type.TimeZoneType@475664c7
2020-06-10 18:11:33.782 DEBUG 55751 --- [         task-1] org.hibernate.type.BasicTypeRegistry     : Adding type registration java.util.TimeZone -> org.hibernate.type.TimeZoneType@475664c7
2020-06-10 18:11:33.782 DEBUG 55751 --- [         task-1] org.hibernate.type.BasicTypeRegistry     : Adding type registration class -> org.hibernate.type.ClassType@7ee21a44
2020-06-10 18:11:33.782 DEBUG 55751 --- [         task-1] org.hibernate.type.BasicTypeRegistry     : Adding type registration java.lang.Class -> org.hibernate.type.ClassType@7ee21a44
2020-06-10 18:11:33.782 DEBUG 55751 --- [         task-1] org.hibernate.type.BasicTypeRegistry     : Adding type registration uuid-binary -> org.hibernate.type.UUIDBinaryType@6201aaf9
2020-06-10 18:11:33.782 DEBUG 55751 --- [         task-1] org.hibernate.type.BasicTypeRegistry     : Adding type registration java.util.UUID -> org.hibernate.type.UUIDBinaryType@6201aaf9
2020-06-10 18:11:33.782 DEBUG 55751 --- [         task-1] org.hibernate.type.BasicTypeRegistry     : Adding type registration uuid-char -> org.hibernate.type.UUIDCharType@1f85babe
2020-06-10 18:11:33.782 DEBUG 55751 --- [         task-1] org.hibernate.type.BasicTypeRegistry     : Adding type registration binary -> org.hibernate.type.BinaryType@1cd11657
2020-06-10 18:11:33.782 DEBUG 55751 --- [         task-1] org.hibernate.type.BasicTypeRegistry     : Adding type registration byte[] -> org.hibernate.type.BinaryType@1cd11657
2020-06-10 18:11:33.782 DEBUG 55751 --- [         task-1] org.hibernate.type.BasicTypeRegistry     : Adding type registration [B -> org.hibernate.type.BinaryType@1cd11657
2020-06-10 18:11:33.783 DEBUG 55751 --- [         task-1] org.hibernate.type.BasicTypeRegistry     : Adding type registration wrapper-binary -> org.hibernate.type.WrapperBinaryType@43976e8c
2020-06-10 18:11:33.783 DEBUG 55751 --- [         task-1] org.hibernate.type.BasicTypeRegistry     : Adding type registration Byte[] -> org.hibernate.type.WrapperBinaryType@43976e8c
2020-06-10 18:11:33.783 DEBUG 55751 --- [         task-1] org.hibernate.type.BasicTypeRegistry     : Adding type registration [Ljava.lang.Byte; -> org.hibernate.type.WrapperBinaryType@43976e8c
2020-06-10 18:11:33.783 DEBUG 55751 --- [         task-1] org.hibernate.type.BasicTypeRegistry     : Adding type registration row_version -> org.hibernate.type.RowVersionType@5044e279
2020-06-10 18:11:33.783 DEBUG 55751 --- [         task-1] org.hibernate.type.BasicTypeRegistry     : Adding type registration image -> org.hibernate.type.ImageType@57d6ac5e
2020-06-10 18:11:33.783 DEBUG 55751 --- [         task-1] org.hibernate.type.BasicTypeRegistry     : Adding type registration characters -> org.hibernate.type.CharArrayType@10ee6e56
2020-06-10 18:11:33.783 DEBUG 55751 --- [         task-1] org.hibernate.type.BasicTypeRegistry     : Adding type registration char[] -> org.hibernate.type.CharArrayType@10ee6e56
2020-06-10 18:11:33.783 DEBUG 55751 --- [         task-1] org.hibernate.type.BasicTypeRegistry     : Adding type registration [C -> org.hibernate.type.CharArrayType@10ee6e56
2020-06-10 18:11:33.783 DEBUG 55751 --- [         task-1] org.hibernate.type.BasicTypeRegistry     : Adding type registration wrapper-characters -> org.hibernate.type.CharacterArrayType@79c7d538
2020-06-10 18:11:33.783 DEBUG 55751 --- [         task-1] org.hibernate.type.BasicTypeRegistry     : Adding type registration [Ljava.lang.Character; -> org.hibernate.type.CharacterArrayType@79c7d538
2020-06-10 18:11:33.783 DEBUG 55751 --- [         task-1] org.hibernate.type.BasicTypeRegistry     : Adding type registration Character[] -> org.hibernate.type.CharacterArrayType@79c7d538
2020-06-10 18:11:33.783 DEBUG 55751 --- [         task-1] org.hibernate.type.BasicTypeRegistry     : Adding type registration text -> org.hibernate.type.TextType@2b03af4
2020-06-10 18:11:33.783 DEBUG 55751 --- [         task-1] org.hibernate.type.BasicTypeRegistry     : Adding type registration ntext -> org.hibernate.type.NTextType@6d7d39e
2020-06-10 18:11:33.783 DEBUG 55751 --- [         task-1] org.hibernate.type.BasicTypeRegistry     : Adding type registration blob -> org.hibernate.type.BlobType@4dc78672
2020-06-10 18:11:33.783 DEBUG 55751 --- [         task-1] org.hibernate.type.BasicTypeRegistry     : Adding type registration java.sql.Blob -> org.hibernate.type.BlobType@4dc78672
2020-06-10 18:11:33.783 DEBUG 55751 --- [         task-1] org.hibernate.type.BasicTypeRegistry     : Adding type registration materialized_blob -> org.hibernate.type.MaterializedBlobType@7969dd0d
2020-06-10 18:11:33.783 DEBUG 55751 --- [         task-1] org.hibernate.type.BasicTypeRegistry     : Adding type registration clob -> org.hibernate.type.ClobType@38f39022
2020-06-10 18:11:33.783 DEBUG 55751 --- [         task-1] org.hibernate.type.BasicTypeRegistry     : Adding type registration java.sql.Clob -> org.hibernate.type.ClobType@38f39022
2020-06-10 18:11:33.783 DEBUG 55751 --- [         task-1] org.hibernate.type.BasicTypeRegistry     : Adding type registration nclob -> org.hibernate.type.NClobType@4b4e387b
2020-06-10 18:11:33.783 DEBUG 55751 --- [         task-1] org.hibernate.type.BasicTypeRegistry     : Adding type registration java.sql.NClob -> org.hibernate.type.NClobType@4b4e387b
2020-06-10 18:11:33.783 DEBUG 55751 --- [         task-1] org.hibernate.type.BasicTypeRegistry     : Adding type registration materialized_clob -> org.hibernate.type.MaterializedClobType@33eb9d
2020-06-10 18:11:33.783 DEBUG 55751 --- [         task-1] org.hibernate.type.BasicTypeRegistry     : Adding type registration materialized_nclob -> org.hibernate.type.MaterializedNClobType@4774d2ca
2020-06-10 18:11:33.783 DEBUG 55751 --- [         task-1] org.hibernate.type.BasicTypeRegistry     : Adding type registration serializable -> org.hibernate.type.SerializableType@3298d692
2020-06-10 18:11:33.783 DEBUG 55751 --- [         task-1] org.hibernate.type.BasicTypeRegistry     : Adding type registration object -> org.hibernate.type.ObjectType@22e34fa
2020-06-10 18:11:33.783 DEBUG 55751 --- [         task-1] org.hibernate.type.BasicTypeRegistry     : Adding type registration java.lang.Object -> org.hibernate.type.ObjectType@22e34fa
2020-06-10 18:11:33.783 DEBUG 55751 --- [         task-1] org.hibernate.type.BasicTypeRegistry     : Adding type registration imm_date -> org.hibernate.type.AdaptedImmutableType@151834aa
2020-06-10 18:11:33.783 DEBUG 55751 --- [         task-1] org.hibernate.type.BasicTypeRegistry     : Adding type registration imm_time -> org.hibernate.type.AdaptedImmutableType@50b1c908
2020-06-10 18:11:33.783 DEBUG 55751 --- [         task-1] org.hibernate.type.BasicTypeRegistry     : Adding type registration imm_timestamp -> org.hibernate.type.AdaptedImmutableType@44d9ee07
2020-06-10 18:11:33.783 DEBUG 55751 --- [         task-1] org.hibernate.type.BasicTypeRegistry     : Adding type registration imm_dbtimestamp -> org.hibernate.type.AdaptedImmutableType@41fb1302
2020-06-10 18:11:33.783 DEBUG 55751 --- [         task-1] org.hibernate.type.BasicTypeRegistry     : Adding type registration imm_calendar -> org.hibernate.type.AdaptedImmutableType@1592c2f3
2020-06-10 18:11:33.783 DEBUG 55751 --- [         task-1] org.hibernate.type.BasicTypeRegistry     : Adding type registration imm_calendar_date -> org.hibernate.type.AdaptedImmutableType@4bb5a0c0
2020-06-10 18:11:33.783 DEBUG 55751 --- [         task-1] org.hibernate.type.BasicTypeRegistry     : Adding type registration imm_binary -> org.hibernate.type.AdaptedImmutableType@4097d667
2020-06-10 18:11:33.783 DEBUG 55751 --- [         task-1] org.hibernate.type.BasicTypeRegistry     : Adding type registration imm_serializable -> org.hibernate.type.AdaptedImmutableType@596dae74
2020-06-10 18:11:33.788  INFO 55751 --- [         task-1] org.hibernate.dialect.Dialect            : HHH000400: Using dialect: org.hibernate.dialect.H2Dialect
2020-06-10 18:11:33.791 DEBUG 55751 --- [         task-1] o.h.type.spi.TypeConfiguration$Scope     : Scoping TypeConfiguration [org.hibernate.type.spi.TypeConfiguration@28618723] to MetadataBuildingContext [org.hibernate.boot.internal.MetadataBuildingContextRootImpl@6c439329]
2020-06-10 18:11:33.826 DEBUG 55751 --- [         task-1] org.hibernate.type.EnumType              : Using NAMED-based conversion for Enum fi.vm.sade.organisaatio.model.YtjVirhe$YTJVirheKohde
2020-06-10 18:11:33.826 DEBUG 55751 --- [         task-1] org.hibernate.type.EnumType              : Using NAMED-based conversion for Enum fi.vm.sade.organisaatio.model.OrganisaatioSahkoposti$Tyyppi
2020-06-10 18:11:33.826 DEBUG 55751 --- [         task-1] org.hibernate.type.EnumType              : Using NAMED-based conversion for Enum fi.vm.sade.organisaatio.model.OrganisaatioSuhde$OrganisaatioSuhdeTyyppi
2020-06-10 18:11:33.826 DEBUG 55751 --- [         task-1] org.hibernate.type.EnumType              : Using NAMED-based conversion for Enum fi.vm.sade.organisaatio.model.YtjPaivitysLoki$YTJPaivitysStatus
2020-06-10 18:11:33.828 DEBUG 55751 --- [         task-1] org.hibernate.type.EnumType              : Using NAMED-based conversion for Enum fi.vm.sade.organisaatio.model.YtjVirhe$YTJVirheKohde
2020-06-10 18:11:33.828 DEBUG 55751 --- [         task-1] org.hibernate.type.EnumType              : Using NAMED-based conversion for Enum fi.vm.sade.organisaatio.model.OrganisaatioSahkoposti$Tyyppi
2020-06-10 18:11:33.829 DEBUG 55751 --- [         task-1] org.hibernate.type.EnumType              : Using NAMED-based conversion for Enum fi.vm.sade.organisaatio.model.OrganisaatioSuhde$OrganisaatioSuhdeTyyppi
2020-06-10 18:11:33.830 DEBUG 55751 --- [         task-1] org.hibernate.type.EnumType              : Using NAMED-based conversion for Enum fi.vm.sade.organisaatio.model.YtjPaivitysLoki$YTJPaivitysStatus
2020-06-10 18:11:33.865 DEBUG 55751 --- [         task-1] o.h.type.spi.TypeConfiguration$Scope     : Scoping TypeConfiguration [org.hibernate.type.spi.TypeConfiguration@28618723] to SessionFactoryImpl [org.hibernate.internal.SessionFactoryImpl@65329828]
2020-06-10 18:11:33.865 DEBUG 55751 --- [         task-1] org.hibernate.type.EnumType              : Using NAMED-based conversion for Enum fi.vm.sade.organisaatio.model.YtjVirhe$YTJVirheKohde
2020-06-10 18:11:33.865 DEBUG 55751 --- [         task-1] org.hibernate.type.EnumType              : Using NAMED-based conversion for Enum fi.vm.sade.organisaatio.model.YtjVirhe$YTJVirheKohde
2020-06-10 18:11:33.869 DEBUG 55751 --- [         task-1] org.hibernate.type.EnumType              : Using NAMED-based conversion for Enum fi.vm.sade.organisaatio.model.YtjVirhe$YTJVirheKohde
2020-06-10 18:11:33.869 DEBUG 55751 --- [         task-1] org.hibernate.type.EnumType              : Using NAMED-based conversion for Enum fi.vm.sade.organisaatio.model.YtjVirhe$YTJVirheKohde
2020-06-10 18:11:33.891 DEBUG 55751 --- [         task-1] org.hibernate.type.EnumType              : Using NAMED-based conversion for Enum fi.vm.sade.organisaatio.model.OrganisaatioSahkoposti$Tyyppi
2020-06-10 18:11:33.891 DEBUG 55751 --- [         task-1] org.hibernate.type.EnumType              : Using NAMED-based conversion for Enum fi.vm.sade.organisaatio.model.OrganisaatioSahkoposti$Tyyppi
2020-06-10 18:11:33.894 DEBUG 55751 --- [         task-1] org.hibernate.type.EnumType              : Using NAMED-based conversion for Enum fi.vm.sade.organisaatio.model.OrganisaatioSahkoposti$Tyyppi
2020-06-10 18:11:33.894 DEBUG 55751 --- [         task-1] org.hibernate.type.EnumType              : Using NAMED-based conversion for Enum fi.vm.sade.organisaatio.model.OrganisaatioSahkoposti$Tyyppi
2020-06-10 18:11:33.916  WARN 55751 --- [    Test worker] JpaBaseConfiguration$JpaWebConfiguration : spring.jpa.open-in-view is enabled by default. Therefore, database queries may be performed during view rendering. Explicitly configure spring.jpa.open-in-view to disable this warning
2020-06-10 18:11:33.943 DEBUG 55751 --- [         task-1] org.hibernate.type.EnumType              : Using NAMED-based conversion for Enum fi.vm.sade.organisaatio.model.OrganisaatioSuhde$OrganisaatioSuhdeTyyppi
2020-06-10 18:11:33.943 DEBUG 55751 --- [         task-1] org.hibernate.type.EnumType              : Using NAMED-based conversion for Enum fi.vm.sade.organisaatio.model.OrganisaatioSuhde$OrganisaatioSuhdeTyyppi
2020-06-10 18:11:33.947 DEBUG 55751 --- [         task-1] org.hibernate.type.EnumType              : Using NAMED-based conversion for Enum fi.vm.sade.organisaatio.model.OrganisaatioSuhde$OrganisaatioSuhdeTyyppi
2020-06-10 18:11:33.947 DEBUG 55751 --- [         task-1] org.hibernate.type.EnumType              : Using NAMED-based conversion for Enum fi.vm.sade.organisaatio.model.OrganisaatioSuhde$OrganisaatioSuhdeTyyppi
2020-06-10 18:11:33.984 DEBUG 55751 --- [         task-1] org.hibernate.type.EnumType              : Using NAMED-based conversion for Enum fi.vm.sade.organisaatio.model.YtjPaivitysLoki$YTJPaivitysStatus
2020-06-10 18:11:33.984 DEBUG 55751 --- [         task-1] org.hibernate.type.EnumType              : Using NAMED-based conversion for Enum fi.vm.sade.organisaatio.model.YtjPaivitysLoki$YTJPaivitysStatus
2020-06-10 18:11:33.988 DEBUG 55751 --- [         task-1] org.hibernate.type.EnumType              : Using NAMED-based conversion for Enum fi.vm.sade.organisaatio.model.YtjPaivitysLoki$YTJPaivitysStatus
2020-06-10 18:11:33.988 DEBUG 55751 --- [         task-1] org.hibernate.type.EnumType              : Using NAMED-based conversion for Enum fi.vm.sade.organisaatio.model.YtjPaivitysLoki$YTJPaivitysStatus
2020-06-10 18:11:34.034 DEBUG 55751 --- [         task-1] org.hibernate.type.EnumType              : Using NAMED-based conversion for Enum fi.vm.sade.organisaatio.model.YtjVirhe$YTJVirheKohde
2020-06-10 18:11:34.034 DEBUG 55751 --- [         task-1] org.hibernate.type.EnumType              : Using NAMED-based conversion for Enum fi.vm.sade.organisaatio.model.YtjVirhe$YTJVirheKohde
2020-06-10 18:11:34.041 DEBUG 55751 --- [         task-1] org.hibernate.type.EnumType              : Using NAMED-based conversion for Enum fi.vm.sade.organisaatio.model.OrganisaatioSahkoposti$Tyyppi
2020-06-10 18:11:34.041 DEBUG 55751 --- [         task-1] org.hibernate.type.EnumType              : Using NAMED-based conversion for Enum fi.vm.sade.organisaatio.model.OrganisaatioSahkoposti$Tyyppi
2020-06-10 18:11:34.047 DEBUG 55751 --- [         task-1] org.hibernate.type.EnumType              : Using NAMED-based conversion for Enum fi.vm.sade.organisaatio.model.OrganisaatioSuhde$OrganisaatioSuhdeTyyppi
2020-06-10 18:11:34.047 DEBUG 55751 --- [         task-1] org.hibernate.type.EnumType              : Using NAMED-based conversion for Enum fi.vm.sade.organisaatio.model.OrganisaatioSuhde$OrganisaatioSuhdeTyyppi
2020-06-10 18:11:34.054 DEBUG 55751 --- [         task-1] org.hibernate.type.EnumType              : Using NAMED-based conversion for Enum fi.vm.sade.organisaatio.model.YtjPaivitysLoki$YTJPaivitysStatus
2020-06-10 18:11:34.054 DEBUG 55751 --- [         task-1] org.hibernate.type.EnumType              : Using NAMED-based conversion for Enum fi.vm.sade.organisaatio.model.YtjPaivitysLoki$YTJPaivitysStatus
Hibernate: 
    
    drop table if exists binary_data CASCADE 
Hibernate: 
    
    drop table if exists lisatietotyyppi CASCADE 
Hibernate: 
    
    drop table if exists monikielinen_teksti CASCADE 
Hibernate: 
    
    drop table if exists monikielinen_teksti_values CASCADE 
Hibernate: 
    
    drop table if exists named_monikielinen_teksti CASCADE 
Hibernate: 
    
    drop table if exists organisaatio CASCADE 
Hibernate: 
    
    drop table if exists organisaatio_kayttoryhmat CASCADE 
Hibernate: 
    
    drop table if exists organisaatio_kielet CASCADE 
Hibernate: 
    
    drop table if exists organisaatio_lisatieto CASCADE 
Hibernate: 
    
    drop table if exists organisaatio_muut_kotipaikat_uris CASCADE 
Hibernate: 
    
    drop table if exists organisaatio_muut_oppilaitostyypit CASCADE 
Hibernate: 
    
    drop table if exists organisaatio_nimi CASCADE 
Hibernate: 
    
    drop table if exists organisaatio_ryhmatyypit CASCADE 
Hibernate: 
    
    drop table if exists organisaatio_sahkoposti CASCADE 
Hibernate: 
    
    drop table if exists organisaatio_tyypit CASCADE 
Hibernate: 
    
    drop table if exists organisaatio_vuosiluokat CASCADE 
Hibernate: 
    
    drop table if exists organisaatio_meta_data CASCADE 
Hibernate: 
    
    drop table if exists organisaatio_meta_data_values CASCADE 
Hibernate: 
    
    drop table if exists organisaatio_meta_data_yhteystiedot CASCADE 
Hibernate: 
    
    drop table if exists organisaatiosuhde CASCADE 
Hibernate: 
    
    drop table if exists rajoite CASCADE 
Hibernate: 
    
    drop table if exists varhaiskasvatuksen_jarjestamismuoto CASCADE 
Hibernate: 
    
    drop table if exists varhaiskasvatuksen_kielipainotus CASCADE 
Hibernate: 
    
    drop table if exists varhaiskasvatuksen_toiminnallinenpainotus CASCADE 
Hibernate: 
    
    drop table if exists varhaiskasvatuksen_toimipaikka_tiedot CASCADE 
Hibernate: 
    
    drop table if exists yhteystieto CASCADE 
Hibernate: 
    
    drop table if exists yhteystieto_arvo CASCADE 
Hibernate: 
    
    drop table if exists yhteystieto_elementti CASCADE 
Hibernate: 
    
    drop table if exists yhteystietojen_tyyppi CASCADE 
Hibernate: 
    
    drop table if exists yhteystietojen_tyyppi_sovellettavat_oppilaitostyyppis CASCADE 
Hibernate: 
    
    drop table if exists yhteystietojen_tyyppi_sovellettavat_organisaatio_tyyppis CASCADE 
Hibernate: 
    
    drop table if exists ytjpaivitysloki CASCADE 
Hibernate: 
    
    drop table if exists ytjvirhe CASCADE 
Hibernate: 
    
    create table binary_data (
       id bigint generated by default as identity,
        version bigint not null,
        data blob,
        filename varchar(255),
        mime_type varchar(255),
        name_id bigint,
        primary key (id)
    )
Hibernate: 
    
    create table lisatietotyyppi (
       id bigint generated by default as identity,
        version bigint not null,
        nimi varchar(255),
        primary key (id)
    )
Hibernate: 
    
    create table monikielinen_teksti (
       id bigint generated by default as identity,
        version bigint not null,
        primary key (id)
    )
Hibernate: 
    
    create table monikielinen_teksti_values (
       id bigint not null,
        value varchar(16384),
        key varchar(255) not null,
        primary key (id, key)
    )
Hibernate: 
    
    create table named_monikielinen_teksti (
       id bigint generated by default as identity,
        version bigint not null,
        key varchar(255),
        name_id bigint,
        value_id bigint,
        primary key (id)
    )
Hibernate: 
    
    create table organisaatio (
       id bigint generated by default as identity,
        version bigint not null,
        alkupvm date,
        domainnimi varchar(255),
        kotipaikka varchar(255),
        lakkautuspvm date,
        maa varchar(255),
        nimihaku varchar(256000),
        oid varchar(255) not null,
        opetuspisteenjarjnro varchar(255),
        oppilaitoskoodi varchar(255),
        oppilaitos_tyyppi varchar(255),
        organisaatio_poistettu boolean,
        paivittaja varchar(255),
        paivityspvm timestamp,
        parentidpath varchar(255),
        parentoidpath varchar(255),
        piilotettu boolean default false not null,
        tarkastus_pvm timestamp,
        toimipistekoodi varchar(32),
        tuontipvm timestamp,
        virastotunnus varchar(255),
        yhteishaunkoulukoodi varchar(255),
        yritysmuoto varchar(255),
        ytj_kieli varchar(255),
        ytjpaivityspvm date,
        ytunnus varchar(255),
        kuvaus_mkt bigint,
        metadata_id bigint,
        nimi_mkt bigint,
        varhaiskasvatuksen_toimipaikka_tiedot_id bigint,
        primary key (id)
    )
Hibernate: 
    
    create table organisaatio_kayttoryhmat (
       organisaatio_id bigint not null,
        kayttoryhmat varchar(255)
    )
Hibernate: 
    
    create table organisaatio_kielet (
       organisaatio_id bigint not null,
        kielet varchar(255) not null,
        primary key (organisaatio_id, kielet)
    )
Hibernate: 
    
    create table organisaatio_lisatieto (
       id bigint generated by default as identity,
        version bigint not null,
        lisatietotyyppi_id bigint,
        organisaatio_id bigint,
        primary key (id)
    )
Hibernate: 
    
    create table organisaatio_muut_kotipaikat_uris (
       organisaatio_id bigint not null,
        muut_kotipaikat varchar(255) not null,
        primary key (organisaatio_id, muut_kotipaikat)
    )
Hibernate: 
    
    create table organisaatio_muut_oppilaitostyypit (
       organisaatio_id bigint not null,
        oppilaitostyyppi varchar(255) not null,
        primary key (organisaatio_id, oppilaitostyyppi)
    )
Hibernate: 
    
    create table organisaatio_nimi (
       id bigint generated by default as identity,
        version bigint not null,
        alkupvm date,
        paivittaja varchar(255),
        nimi_mkt bigint,
        organisaatio_id bigint,
        primary key (id)
    )
Hibernate: 
    
    create table organisaatio_ryhmatyypit (
       organisaatio_id bigint not null,
        ryhmatyypit varchar(255)
    )
2020-06-10 18:11:34.062 DEBUG 55751 --- [         task-1] org.hibernate.type.EnumType              : Using NAMED-based conversion for Enum fi.vm.sade.organisaatio.model.OrganisaatioSahkoposti$Tyyppi
Hibernate: 
    
    create table organisaatio_sahkoposti (
       id bigint generated by default as identity,
        version bigint not null,
        aikaleima timestamp not null,
        tyyppi varchar(255) not null,
        viestintapalvelu_id varchar(255),
        organisaatio_id bigint not null,
        primary key (id)
    )
Hibernate: 
    
    create table organisaatio_tyypit (
       organisaatio_id bigint not null,
        tyypit varchar(255)
    )
Hibernate: 
    
    create table organisaatio_vuosiluokat (
       organisaatio_id bigint not null,
        vuosiluokat varchar(255)
    )
Hibernate: 
    
    create table organisaatio_meta_data (
       id bigint generated by default as identity,
        version bigint not null,
        koodi varchar(255),
        luontipvm timestamp not null,
        muokkauspvm timestamp not null,
        hakutoimistoectsemailmkt bigint,
        hakutoimistoectsnimimkt bigint,
        hakutoimistoectspuhelinmkt bigint,
        hakutoimistoectstehtavanimikemkt bigint,
        hakutoimisto_nimi_id bigint,
        kuva_id bigint,
        nimi_id bigint,
        primary key (id)
    )
Hibernate: 
    
    create table organisaatio_meta_data_values (
       organisaatio_meta_data_id bigint not null,
        values_id bigint not null,
        primary key (organisaatio_meta_data_id, values_id)
    )
Hibernate: 
    
    create table organisaatio_meta_data_yhteystiedot (
       organisaatio_meta_data_id bigint not null,
        yhteystiedot_id bigint not null
    )
2020-06-10 18:11:34.064 DEBUG 55751 --- [         task-1] org.hibernate.type.EnumType              : Using NAMED-based conversion for Enum fi.vm.sade.organisaatio.model.OrganisaatioSuhde$OrganisaatioSuhdeTyyppi
Hibernate: 
    
    create table organisaatiosuhde (
       id bigint generated by default as identity,
        version bigint not null,
        alkupvm date,
        loppupvm date,
        opetuspisteenjarjnro varchar(255),
        suhdetyyppi varchar(255) not null,
        child_id bigint not null,
        parent_id bigint not null,
        primary key (id)
    )
Hibernate: 
    
    create table rajoite (
       rajoitetyyppi varchar(31) not null,
        id bigint generated by default as identity,
        version bigint not null,
        arvo varchar(255),
        lisatietotyyppi_id bigint,
        primary key (id)
    )
Hibernate: 
    
    create table varhaiskasvatuksen_jarjestamismuoto (
       varhaiskasvatuksen_toimipaikka_tiedot_id bigint not null,
        toimintamuoto varchar(255) not null,
        primary key (varhaiskasvatuksen_toimipaikka_tiedot_id, toimintamuoto)
    )
Hibernate: 
    
    create table varhaiskasvatuksen_kielipainotus (
       id bigint generated by default as identity,
        version bigint not null,
        alkupvm timestamp,
        kielipainotus varchar(255),
        loppupvm timestamp,
        varhaiskasvatuksen_toimipaikka_tiedot_id bigint,
        primary key (id)
    )
Hibernate: 
    
    create table varhaiskasvatuksen_toiminnallinenpainotus (
       id bigint generated by default as identity,
        version bigint not null,
        alkupvm timestamp,
        loppupvm timestamp,
        toiminnallinenpainotus varchar(255),
        varhaiskasvatuksen_toimipaikka_tiedot_id bigint,
        primary key (id)
    )
Hibernate: 
    
    create table varhaiskasvatuksen_toimipaikka_tiedot (
       id bigint generated by default as identity,
        version bigint not null,
        kasvatusopillinen_jarjestelma varchar(255) not null,
        paikkojen_lukumaara bigint not null,
        toimintamuoto varchar(255) not null,
        primary key (id)
    )
Hibernate: 
    
    create table yhteystieto (
       dtype varchar(31) not null,
        id bigint generated by default as identity,
        version bigint not null,
        kieli varchar(255),
        yhteystieto_oid varchar(255) not null,
        email varchar(255),
        coordinatetype varchar(255),
        extrarivi varchar(255),
        lat double,
        lng double,
        maa varchar(255),
        osavaltio varchar(255),
        osoite varchar(100),
        osoite_tyyppi varchar(255),
        postinumero varchar(255),
        postitoimipaikka varchar(255),
        ytjpaivityspvm date,
        puhelinnumero varchar(255),
        tyyppi varchar(255),
        www_osoite varchar(255),
        organisaatio_id bigint,
        primary key (id)
    )
Hibernate: 
    
    create table yhteystieto_arvo (
       id bigint generated by default as identity,
        version bigint not null,
        arvo_text varchar(100),
        kieli varchar(255),
        yhteystieto_arvo_oid varchar(255) not null,
        arvo_yhteystieto_id bigint,
        kentta_id bigint not null,
        organisaatio_id bigint not null,
        primary key (id)
    )
Hibernate: 
    
    create table yhteystieto_elementti (
       id bigint generated by default as identity,
        version bigint not null,
        kaytossa boolean not null,
        nimi varchar(100) not null,
        nimi_en varchar(255),
        nimi_sv varchar(255),
        oid varchar(255) not null,
        pakollinen boolean not null,
        tyyppi varchar(255) not null,
        yhteystietojen_tyyppi_id bigint not null,
        primary key (id)
    )
Hibernate: 
    
    create table yhteystietojen_tyyppi (
       id bigint generated by default as identity,
        version bigint not null,
        oid varchar(255) not null,
        nimi_mkt bigint,
        primary key (id)
    )
Hibernate: 
    
    create table yhteystietojen_tyyppi_sovellettavat_oppilaitostyyppis (
       id bigint not null,
        oppilaitos_tyyppi varchar(255)
    )
Hibernate: 
    
    create table yhteystietojen_tyyppi_sovellettavat_organisaatio_tyyppis (
       id bigint not null,
        organisaatio_tyyppi varchar(255)
    )
2020-06-10 18:11:34.068 DEBUG 55751 --- [         task-1] org.hibernate.type.EnumType              : Using NAMED-based conversion for Enum fi.vm.sade.organisaatio.model.YtjPaivitysLoki$YTJPaivitysStatus
Hibernate: 
    
    create table ytjpaivitysloki (
       id bigint generated by default as identity,
        version bigint not null,
        paivitetyt_lkm bigint,
        paivitys_tila varchar(255),
        paivitys_tila_selite varchar(255),
        paivitysaika timestamp,
        primary key (id)
    )
2020-06-10 18:11:34.068 DEBUG 55751 --- [         task-1] org.hibernate.type.EnumType              : Using NAMED-based conversion for Enum fi.vm.sade.organisaatio.model.YtjVirhe$YTJVirheKohde
Hibernate: 
    
    create table ytjvirhe (
       id bigint generated by default as identity,
        version bigint not null,
        oid varchar(255) not null,
        org_nimi varchar(255),
        virhekohde varchar(255),
        virheviesti varchar(255),
        ytj_paivitys_loki_id bigint,
        primary key (id)
    )
Hibernate: 
    
    alter table lisatietotyyppi 
       add constraint UK_e7pxtttw3wrna1wjw61ick6vl unique (nimi)
Hibernate: 
    
    alter table organisaatio 
       add constraint UKc6jnudh0bxmcy5fc7y0eokbkj unique (oid)
Hibernate: 
    
    alter table organisaatio 
       add constraint UK6htp7inu0bb40kgmylnlvxjo1 unique (ytunnus, organisaatio_poistettu)
Hibernate: 
    
    alter table organisaatio 
       add constraint UK_kbbl6aavaqs852gioayq5dehw unique (oppilaitoskoodi)
Hibernate: 
    
    alter table organisaatio_meta_data_values 
       add constraint UK_g35xuy6ir6nfqehs1mdpb0odd unique (values_id)
Hibernate: 
    
    alter table organisaatio_meta_data_yhteystiedot 
       add constraint UK_758cu0hyetr6eyrj1kbylgasw unique (yhteystiedot_id)
Hibernate: 
    
    alter table yhteystieto_arvo 
       add constraint UKd9q8ra5w26jde1w6l6ymfx9k4 unique (kentta_id, organisaatio_id, kieli)
Hibernate: 
    
    alter table yhteystieto_elementti 
       add constraint UKieg9ee1a951xgtme9aji0k4fs unique (yhteystietojen_tyyppi_id, nimi)
Hibernate: 
    
    alter table binary_data 
       add constraint FKssnh8n1s66lsvm2yjnbrcmvvw 
       foreign key (name_id) 
       references monikielinen_teksti
Hibernate: 
    
    alter table monikielinen_teksti_values 
       add constraint FKrdlbmp10y4f2boe47juw9bqwx 
       foreign key (id) 
       references monikielinen_teksti
Hibernate: 
    
    alter table named_monikielinen_teksti 
       add constraint FKr22740y3ut1n0sju0qmryng4y 
       foreign key (name_id) 
       references monikielinen_teksti
Hibernate: 
    
    alter table named_monikielinen_teksti 
       add constraint FK7jq92bs1p0oyijwx6jdnf3igq 
       foreign key (value_id) 
       references monikielinen_teksti
Hibernate: 
    
    alter table organisaatio 
       add constraint FKic8d5tlmo7mmc01r0e6h844cp 
       foreign key (kuvaus_mkt) 
       references monikielinen_teksti
Hibernate: 
    
    alter table organisaatio 
       add constraint FK6f3doa3r89e3gib24hnfdinj7 
       foreign key (metadata_id) 
       references organisaatio_meta_data
Hibernate: 
    
    alter table organisaatio 
       add constraint FKc6gfifn7bviifrq5irvaq9qrs 
       foreign key (nimi_mkt) 
       references monikielinen_teksti
Hibernate: 
    
    alter table organisaatio 
       add constraint FKocandrafxw8npk6c3h7liadjf 
       foreign key (varhaiskasvatuksen_toimipaikka_tiedot_id) 
       references varhaiskasvatuksen_toimipaikka_tiedot
Hibernate: 
    
    alter table organisaatio_kayttoryhmat 
       add constraint FK10yp10g3f2cf607vu0tni61gj 
       foreign key (organisaatio_id) 
       references organisaatio
Hibernate: 
    
    alter table organisaatio_kielet 
       add constraint FKnaihhk0jghdudh6pbobaswf1t 
       foreign key (organisaatio_id) 
       references organisaatio
Hibernate: 
    
    alter table organisaatio_lisatieto 
       add constraint FKa6s9w6dypgh7ss24f1oy4w23y 
       foreign key (lisatietotyyppi_id) 
       references lisatietotyyppi
Hibernate: 
    
    alter table organisaatio_lisatieto 
       add constraint FKpb1pf6w0puvaai93numrqyxum 
       foreign key (organisaatio_id) 
       references organisaatio
Hibernate: 
    
    alter table organisaatio_muut_kotipaikat_uris 
       add constraint FKt0k0u60ux3rggl4ioogafdfba 
       foreign key (organisaatio_id) 
       references organisaatio
Hibernate: 
    
    alter table organisaatio_muut_oppilaitostyypit 
       add constraint organisaatio_muut_oppilaitostyypit_organisaatio_id_fkey 
       foreign key (organisaatio_id) 
       references organisaatio
Hibernate: 
    
    alter table organisaatio_nimi 
       add constraint FKgbhx14jx5w673be2gfowqv4sq 
       foreign key (nimi_mkt) 
       references monikielinen_teksti
Hibernate: 
    
    alter table organisaatio_nimi 
       add constraint FKh6sjwfk2f1vbquymjrjs2fg4i 
       foreign key (organisaatio_id) 
       references organisaatio
Hibernate: 
    
    alter table organisaatio_ryhmatyypit 
       add constraint FKcmx0x0pxsp2q6op3btctgg8q 
       foreign key (organisaatio_id) 
       references organisaatio
Hibernate: 
    
    alter table organisaatio_sahkoposti 
       add constraint organisaatio_sahkoposti_organisaatio_id_fkey 
       foreign key (organisaatio_id) 
       references organisaatio
Hibernate: 
    
    alter table organisaatio_tyypit 
       add constraint FKrpw0rau0dvcsk5ue6ax97kogd 
       foreign key (organisaatio_id) 
       references organisaatio
Hibernate: 
    
    alter table organisaatio_vuosiluokat 
       add constraint FKm9gcj129o866ipeu65ifk710 
       foreign key (organisaatio_id) 
       references organisaatio
Hibernate: 
    
    alter table organisaatio_meta_data 
       add constraint FKhgb2944ry4o37ob4x310wik49 
       foreign key (hakutoimistoectsemailmkt) 
       references monikielinen_teksti
Hibernate: 
    
    alter table organisaatio_meta_data 
       add constraint FK57at2ysc6dlpaifapn925h9la 
       foreign key (hakutoimistoectsnimimkt) 
       references monikielinen_teksti
Hibernate: 
    
    alter table organisaatio_meta_data 
       add constraint FKidlrk3xqv24jh3dlyqfotp7gp 
       foreign key (hakutoimistoectspuhelinmkt) 
       references monikielinen_teksti
Hibernate: 
    
    alter table organisaatio_meta_data 
       add constraint FK394pgu58twk2v3agpbvpkudqs 
       foreign key (hakutoimistoectstehtavanimikemkt) 
       references monikielinen_teksti
Hibernate: 
    
    alter table organisaatio_meta_data 
       add constraint FKhujfyydy7au7931rx31pmstf7 
       foreign key (hakutoimisto_nimi_id) 
       references monikielinen_teksti
Hibernate: 
    
    alter table organisaatio_meta_data 
       add constraint FKa3j8bs5yqbrejqb8wrvgpimrl 
       foreign key (kuva_id) 
       references binary_data
Hibernate: 
    
    alter table organisaatio_meta_data 
       add constraint FKb2ehg2vf31sl02u4fff2x2jof 
       foreign key (nimi_id) 
       references monikielinen_teksti
Hibernate: 
    
    alter table organisaatio_meta_data_values 
       add constraint FK2dyf7gsrikqeiebn6f64pto1c 
       foreign key (values_id) 
       references named_monikielinen_teksti
Hibernate: 
    
    alter table organisaatio_meta_data_values 
       add constraint FKh6v5k2b2bgaf2khvqkd1l7pbs 
       foreign key (organisaatio_meta_data_id) 
       references organisaatio_meta_data
Hibernate: 
    
    alter table organisaatio_meta_data_yhteystiedot 
       add constraint FKpoxhldprmw67hfydue6vrec59 
       foreign key (yhteystiedot_id) 
       references yhteystieto
Hibernate: 
    
    alter table organisaatio_meta_data_yhteystiedot 
       add constraint FKoath2196e85hpwbw7fdfg95xb 
       foreign key (organisaatio_meta_data_id) 
       references organisaatio_meta_data
Hibernate: 
    
    alter table organisaatiosuhde 
       add constraint FK48p0wus5mebwan5c8p9tbdapr 
       foreign key (child_id) 
       references organisaatio
Hibernate: 
    
    alter table organisaatiosuhde 
       add constraint FK5ed7m6bo9brfmf08umasnp68o 
       foreign key (parent_id) 
       references organisaatio
Hibernate: 
    
    alter table rajoite 
       add constraint FK3v1g6p71215r9q5syemd0wh6 
       foreign key (lisatietotyyppi_id) 
       references lisatietotyyppi
Hibernate: 
    
    alter table varhaiskasvatuksen_jarjestamismuoto 
       add constraint FKqq2uaxliuau68807jjvddqcdw 
       foreign key (varhaiskasvatuksen_toimipaikka_tiedot_id) 
       references varhaiskasvatuksen_toimipaikka_tiedot
Hibernate: 
    
    alter table varhaiskasvatuksen_kielipainotus 
       add constraint FKeo6sd2swrsevc96o0v3k1gdov 
       foreign key (varhaiskasvatuksen_toimipaikka_tiedot_id) 
       references varhaiskasvatuksen_toimipaikka_tiedot
Hibernate: 
    
    alter table varhaiskasvatuksen_toiminnallinenpainotus 
       add constraint FKkb1vf7mxi9jovxxok8p1h9089 
       foreign key (varhaiskasvatuksen_toimipaikka_tiedot_id) 
       references varhaiskasvatuksen_toimipaikka_tiedot
Hibernate: 
    
    alter table yhteystieto 
       add constraint FKc4f5icrr53k9fin533f8wf8ck 
       foreign key (organisaatio_id) 
       references organisaatio
Hibernate: 
    
    alter table yhteystieto_arvo 
       add constraint FK9vtl6q70mk1j7cggl1se3grs6 
       foreign key (arvo_yhteystieto_id) 
       references yhteystieto
Hibernate: 
    
    alter table yhteystieto_arvo 
       add constraint FKhbfhp21mnuebqbelkx241pn7c 
       foreign key (kentta_id) 
       references yhteystieto_elementti
Hibernate: 
    
    alter table yhteystieto_arvo 
       add constraint FKo6gphkqjgah8gjomcuq072hmb 
       foreign key (organisaatio_id) 
       references organisaatio
Hibernate: 
    
    alter table yhteystieto_elementti 
       add constraint FK61qq0pvu0jvdkx1edni9y4qpr 
       foreign key (yhteystietojen_tyyppi_id) 
       references yhteystietojen_tyyppi
Hibernate: 
    
    alter table yhteystietojen_tyyppi 
       add constraint FKfv2o24xdj13vkudj5xbc09sbg 
       foreign key (nimi_mkt) 
       references monikielinen_teksti
Hibernate: 
    
    alter table yhteystietojen_tyyppi_sovellettavat_oppilaitostyyppis 
       add constraint FKqqcb5656tu5wruuagdqj6wx15 
       foreign key (id) 
       references yhteystietojen_tyyppi
Hibernate: 
    
    alter table yhteystietojen_tyyppi_sovellettavat_organisaatio_tyyppis 
       add constraint FKhg9iy7u0sxq1qjoka6rjbn7h2 
       foreign key (id) 
       references yhteystietojen_tyyppi
Hibernate: 
    
    alter table ytjvirhe 
       add constraint FK6lnd3ilr54i81swnh5nwbvupb 
       foreign key (ytj_paivitys_loki_id) 
       references ytjpaivitysloki
2020-06-10 18:11:34.089  INFO 55751 --- [         task-1] o.h.e.t.j.p.i.JtaPlatformInitiator       : HHH000490: Using JtaPlatform implementation: [org.hibernate.engine.transaction.jta.platform.internal.NoJtaPlatform]
2020-06-10 18:11:34.089 TRACE 55751 --- [         task-1] o.h.type.spi.TypeConfiguration$Scope     : Handling #sessionFactoryCreated from [org.hibernate.internal.SessionFactoryImpl@65329828] for TypeConfiguration
2020-06-10 18:11:34.089  INFO 55751 --- [         task-1] j.LocalContainerEntityManagerFactoryBean : Initialized JPA EntityManagerFactory for persistence unit 'default'
2020-06-10 18:11:34.706  INFO 55751 --- [    Test worker] org.dozer.DozerBeanMapper                : Initializing a new instance of dozer bean mapper.
2020-06-10 18:11:35.087  INFO 55751 --- [    Test worker] o.s.b.a.h2.H2ConsoleAutoConfiguration    : H2 console available at '/console/'. Database available at 'jdbc:h2:mem:14fb4131-1ec0-416f-93f5-0e847e4364df'
2020-06-10 18:11:35.118  INFO 55751 --- [    Test worker] o.s.b.a.e.web.EndpointLinksResolver      : Exposing 2 endpoint(s) beneath base path '/actuator'
2020-06-10 18:11:35.147  INFO 55751 --- [    Test worker] DeferredRepositoryInitializationListener : Triggering deferred initialization of Spring Data repositories…
2020-06-10 18:11:35.184  INFO 55751 --- [    Test worker] DeferredRepositoryInitializationListener : Spring Data repositories initialized!
2020-06-10 18:11:35.189  INFO 55751 --- [    Test worker] .b.i.OrganisaatioBusinessServiceImplTest : Started OrganisaatioBusinessServiceImplTest in 2.041 seconds (JVM running for 16.623)
2020-06-10 18:11:35.195  INFO 55751 --- [    Test worker] o.s.t.c.transaction.TransactionContext   : Began transaction (1) for test context [DefaultTestContext@633e0b9b testClass = OrganisaatioBusinessServiceImplTest, testInstance = fi.vm.sade.organisaatio.business.impl.OrganisaatioBusinessServiceImplTest@3ac903b6, testMethod = saveToimipisteShouldGenerateToimipistekoodiWhenEmpty@OrganisaatioBusinessServiceImplTest, testException = [null], mergedContextConfiguration = [WebMergedContextConfiguration@142403d testClass = OrganisaatioBusinessServiceImplTest, locations = '{}', classes = '{class fi.vm.sade.organisaatio.OrganisaatioApplication, class fi.vm.sade.organisaatio.business.impl.OrganisaatioBusinessServiceImplTest$OrganisaatioBusinessServiceImplTestContextConfiguration}', contextInitializerClasses = '[]', activeProfiles = '{}', propertySourceLocations = '{}', propertySourceProperties = '{org.springframework.boot.test.context.SpringBootTestContextBootstrapper=true}', contextCustomizers = set[org.springframework.boot.test.autoconfigure.properties.PropertyMappingContextCustomizer@a273518a, org.springframework.boot.test.autoconfigure.web.servlet.WebDriverContextCustomizerFactory$Customizer@25a95d7a, [ImportsContextCustomizer@1758189f key = [org.springframework.boot.test.autoconfigure.jdbc.TestDatabaseAutoConfiguration, org.springframework.boot.autoconfigure.jdbc.DataSourceAutoConfiguration]], org.springframework.boot.test.context.filter.ExcludeFilterContextCustomizer@33d60c3d, org.springframework.boot.test.json.DuplicateJsonObjectContextCustomizerFactory$DuplicateJsonObjectContextCustomizer@6943770e, org.springframework.boot.test.mock.mockito.MockitoContextCustomizer@0, org.springframework.boot.test.web.client.TestRestTemplateContextCustomizer@536042e6, org.springframework.boot.test.context.SpringBootTestArgs@1], resourceBasePath = 'src/main/webapp', contextLoader = 'org.springframework.boot.test.context.SpringBootContextLoader', parent = [null]], attributes = map['org.springframework.test.context.web.ServletTestExecutionListener.activateListener' -> true, 'org.springframework.test.context.web.ServletTestExecutionListener.populatedRequestContextHolder' -> true, 'org.springframework.test.context.web.ServletTestExecutionListener.resetRequestContextHolder' -> true]]; transaction manager [org.springframework.orm.jpa.JpaTransactionManager@441d876b]; rollback [true]
Hibernate: 
    select
        organisaat0_.id as id1_5_,
        organisaat0_.version as version2_5_,
        organisaat0_.alkupvm as alkupvm3_5_,
        organisaat0_.domainnimi as domainni4_5_,
        organisaat0_.kotipaikka as kotipaik5_5_,
        organisaat0_.kuvaus_mkt as kuvaus_28_5_,
        organisaat0_.lakkautuspvm as lakkautu6_5_,
        organisaat0_.maa as maa7_5_,
        organisaat0_.metadata_id as metadat29_5_,
        organisaat0_.nimi_mkt as nimi_mk30_5_,
        organisaat0_.nimihaku as nimihaku8_5_,
        organisaat0_.oid as oid9_5_,
        organisaat0_.opetuspisteenjarjnro as opetusp10_5_,
        organisaat0_.oppilaitoskoodi as oppilai11_5_,
        organisaat0_.oppilaitos_tyyppi as oppilai12_5_,
        organisaat0_.organisaatio_poistettu as organis13_5_,
        organisaat0_.paivittaja as paivitt14_5_,
        organisaat0_.paivityspvm as paivity15_5_,
        organisaat0_.parentidpath as parenti16_5_,
        organisaat0_.parentoidpath as parento17_5_,
        organisaat0_.piilotettu as piilote18_5_,
        organisaat0_.tarkastus_pvm as tarkast19_5_,
        organisaat0_.toimipistekoodi as toimipi20_5_,
        organisaat0_.tuontipvm as tuontip21_5_,
        organisaat0_.varhaiskasvatuksen_toimipaikka_tiedot_id as varhais31_5_,
        organisaat0_.virastotunnus as virasto22_5_,
        organisaat0_.yhteishaunkoulukoodi as yhteish23_5_,
        organisaat0_.yritysmuoto as yritysm24_5_,
        organisaat0_.ytj_kieli as ytj_kie25_5_,
        organisaat0_.ytjpaivityspvm as ytjpaiv26_5_,
        organisaat0_.ytunnus as ytunnus27_5_ 
    from
        organisaatio organisaat0_ 
    where
        organisaat0_.oid=?
2020-06-10 18:11:35.231 TRACE 55751 --- [    Test worker] o.h.type.descriptor.sql.BasicBinder      : binding parameter [1] as [VARCHAR] - [1.2.246.562.10.52914687012]
2020-06-10 18:11:35.719  WARN 55751 --- [    Test worker] fi.vm.sade.javautils.http.OphHttpClient  : Failed to CAS authenticate. Renewing proxy ticket.
Hibernate: 
    select
        organisaat0_.id as id1_5_,
        organisaat0_.version as version2_5_,
        organisaat0_.alkupvm as alkupvm3_5_,
        organisaat0_.domainnimi as domainni4_5_,
        organisaat0_.kotipaikka as kotipaik5_5_,
        organisaat0_.kuvaus_mkt as kuvaus_28_5_,
        organisaat0_.lakkautuspvm as lakkautu6_5_,
        organisaat0_.maa as maa7_5_,
        organisaat0_.metadata_id as metadat29_5_,
        organisaat0_.nimi_mkt as nimi_mk30_5_,
        organisaat0_.nimihaku as nimihaku8_5_,
        organisaat0_.oid as oid9_5_,
        organisaat0_.opetuspisteenjarjnro as opetusp10_5_,
        organisaat0_.oppilaitoskoodi as oppilai11_5_,
        organisaat0_.oppilaitos_tyyppi as oppilai12_5_,
        organisaat0_.organisaatio_poistettu as organis13_5_,
        organisaat0_.paivittaja as paivitt14_5_,
        organisaat0_.paivityspvm as paivity15_5_,
        organisaat0_.parentidpath as parenti16_5_,
        organisaat0_.parentoidpath as parento17_5_,
        organisaat0_.piilotettu as piilote18_5_,
        organisaat0_.tarkastus_pvm as tarkast19_5_,
        organisaat0_.toimipistekoodi as toimipi20_5_,
        organisaat0_.tuontipvm as tuontip21_5_,
        organisaat0_.varhaiskasvatuksen_toimipaikka_tiedot_id as varhais31_5_,
        organisaat0_.virastotunnus as virasto22_5_,
        organisaat0_.yhteishaunkoulukoodi as yhteish23_5_,
        organisaat0_.yritysmuoto as yritysm24_5_,
        organisaat0_.ytj_kieli as ytj_kie25_5_,
        organisaat0_.ytjpaivityspvm as ytjpaiv26_5_,
        organisaat0_.ytunnus as ytunnus27_5_ 
    from
        organisaatio organisaat0_ 
    where
        organisaat0_.oid=?
2020-06-10 18:11:36.195 TRACE 55751 --- [    Test worker] o.h.type.descriptor.sql.BasicBinder      : binding parameter [1] as [VARCHAR] - [1.2.246.562.24.00000000001]
2020-06-10 18:11:36.195 TRACE 55751 --- [    Test worker] o.h.type.descriptor.sql.BasicExtractor   : extracted value ([id1_5_] : [BIGINT]) - [1]
2020-06-10 18:11:36.196 TRACE 55751 --- [    Test worker] o.h.type.descriptor.sql.BasicExtractor   : extracted value ([version2_5_] : [BIGINT]) - [0]
2020-06-10 18:11:36.196 TRACE 55751 --- [    Test worker] o.h.type.descriptor.sql.BasicExtractor   : extracted value ([alkupvm3_5_] : [DATE]) - [2004-06-29]
2020-06-10 18:11:36.196 TRACE 55751 --- [    Test worker] o.h.type.descriptor.sql.BasicExtractor   : extracted value ([domainni4_5_] : [VARCHAR]) - [null]
2020-06-10 18:11:36.196 TRACE 55751 --- [    Test worker] o.h.type.descriptor.sql.BasicExtractor   : extracted value ([kotipaik5_5_] : [VARCHAR]) - [Helsinki]
2020-06-10 18:11:36.196 TRACE 55751 --- [    Test worker] o.h.type.descriptor.sql.BasicExtractor   : extracted value ([kuvaus_28_5_] : [BIGINT]) - [null]
2020-06-10 18:11:36.196 TRACE 55751 --- [    Test worker] o.h.type.descriptor.sql.BasicExtractor   : extracted value ([lakkautu6_5_] : [DATE]) - [null]
2020-06-10 18:11:36.196 TRACE 55751 --- [    Test worker] o.h.type.descriptor.sql.BasicExtractor   : extracted value ([maa7_5_] : [VARCHAR]) - [null]
2020-06-10 18:11:36.196 TRACE 55751 --- [    Test worker] o.h.type.descriptor.sql.BasicExtractor   : extracted value ([metadat29_5_] : [BIGINT]) - [null]
2020-06-10 18:11:36.196 TRACE 55751 --- [    Test worker] o.h.type.descriptor.sql.BasicExtractor   : extracted value ([nimi_mk30_5_] : [BIGINT]) - [1]
2020-06-10 18:11:36.197 TRACE 55751 --- [    Test worker] o.h.type.descriptor.sql.BasicExtractor   : extracted value ([nimihaku8_5_] : [VARCHAR]) - [opetushallitus]
2020-06-10 18:11:36.197 TRACE 55751 --- [    Test worker] o.h.type.descriptor.sql.BasicExtractor   : extracted value ([oid9_5_] : [VARCHAR]) - [1.2.246.562.24.00000000001]
2020-06-10 18:11:36.197 TRACE 55751 --- [    Test worker] o.h.type.descriptor.sql.BasicExtractor   : extracted value ([opetusp10_5_] : [VARCHAR]) - [null]
2020-06-10 18:11:36.197 TRACE 55751 --- [    Test worker] o.h.type.descriptor.sql.BasicExtractor   : extracted value ([oppilai11_5_] : [VARCHAR]) - [null]
2020-06-10 18:11:36.197 TRACE 55751 --- [    Test worker] o.h.type.descriptor.sql.BasicExtractor   : extracted value ([oppilai12_5_] : [VARCHAR]) - [null]
2020-06-10 18:11:36.197 TRACE 55751 --- [    Test worker] o.h.type.descriptor.sql.BasicExtractor   : extracted value ([organis13_5_] : [BOOLEAN]) - [false]
2020-06-10 18:11:36.197 TRACE 55751 --- [    Test worker] o.h.type.descriptor.sql.BasicExtractor   : extracted value ([paivitt14_5_] : [VARCHAR]) - [null]
2020-06-10 18:11:36.199 TRACE 55751 --- [    Test worker] o.h.type.descriptor.sql.BasicExtractor   : extracted value ([paivity15_5_] : [TIMESTAMP]) - [null]
2020-06-10 18:11:36.199 TRACE 55751 --- [    Test worker] o.h.type.descriptor.sql.BasicExtractor   : extracted value ([parenti16_5_] : [VARCHAR]) - [null]
2020-06-10 18:11:36.199 TRACE 55751 --- [    Test worker] o.h.type.descriptor.sql.BasicExtractor   : extracted value ([parento17_5_] : [VARCHAR]) - [null]
2020-06-10 18:11:36.199 TRACE 55751 --- [    Test worker] o.h.type.descriptor.sql.BasicExtractor   : extracted value ([piilote18_5_] : [BOOLEAN]) - [false]
2020-06-10 18:11:36.199 TRACE 55751 --- [    Test worker] o.h.type.descriptor.sql.BasicExtractor   : extracted value ([tarkast19_5_] : [TIMESTAMP]) - [null]
2020-06-10 18:11:36.199 TRACE 55751 --- [    Test worker] o.h.type.descriptor.sql.BasicExtractor   : extracted value ([toimipi20_5_] : [VARCHAR]) - [null]
2020-06-10 18:11:36.199 TRACE 55751 --- [    Test worker] o.h.type.descriptor.sql.BasicExtractor   : extracted value ([tuontip21_5_] : [TIMESTAMP]) - [null]
2020-06-10 18:11:36.199 TRACE 55751 --- [    Test worker] o.h.type.descriptor.sql.BasicExtractor   : extracted value ([varhais31_5_] : [BIGINT]) - [null]
2020-06-10 18:11:36.199 TRACE 55751 --- [    Test worker] o.h.type.descriptor.sql.BasicExtractor   : extracted value ([virasto22_5_] : [VARCHAR]) - [null]
2020-06-10 18:11:36.199 TRACE 55751 --- [    Test worker] o.h.type.descriptor.sql.BasicExtractor   : extracted value ([yhteish23_5_] : [VARCHAR]) - [null]
2020-06-10 18:11:36.199 TRACE 55751 --- [    Test worker] o.h.type.descriptor.sql.BasicExtractor   : extracted value ([yritysm24_5_] : [VARCHAR]) - [oy]
2020-06-10 18:11:36.199 TRACE 55751 --- [    Test worker] o.h.type.descriptor.sql.BasicExtractor   : extracted value ([ytj_kie25_5_] : [VARCHAR]) - [null]
2020-06-10 18:11:36.199 TRACE 55751 --- [    Test worker] o.h.type.descriptor.sql.BasicExtractor   : extracted value ([ytjpaiv26_5_] : [DATE]) - [null]
2020-06-10 18:11:36.199 TRACE 55751 --- [    Test worker] o.h.type.descriptor.sql.BasicExtractor   : extracted value ([ytunnus27_5_] : [VARCHAR]) - [null]
2020-06-10 18:11:36.202 TRACE 55751 --- [    Test worker] org.hibernate.type.CollectionType        : Created collection wrapper: [fi.vm.sade.organisaatio.model.Organisaatio.childSuhteet#1]
2020-06-10 18:11:36.203 TRACE 55751 --- [    Test worker] org.hibernate.type.CollectionType        : Created collection wrapper: [fi.vm.sade.organisaatio.model.Organisaatio.kayttoryhmat#1]
2020-06-10 18:11:36.203 TRACE 55751 --- [    Test worker] org.hibernate.type.CollectionType        : Created collection wrapper: [fi.vm.sade.organisaatio.model.Organisaatio.kielet#1]
2020-06-10 18:11:36.203 TRACE 55751 --- [    Test worker] org.hibernate.type.CollectionType        : Created collection wrapper: [fi.vm.sade.organisaatio.model.Organisaatio.muutKotipaikatUris#1]
2020-06-10 18:11:36.203 TRACE 55751 --- [    Test worker] org.hibernate.type.CollectionType        : Created collection wrapper: [fi.vm.sade.organisaatio.model.Organisaatio.muutOppilaitosTyyppiUris#1]
2020-06-10 18:11:36.203 TRACE 55751 --- [    Test worker] org.hibernate.type.CollectionType        : Created collection wrapper: [fi.vm.sade.organisaatio.model.Organisaatio.nimet#1]
2020-06-10 18:11:36.204 TRACE 55751 --- [    Test worker] org.hibernate.type.CollectionType        : Created collection wrapper: [fi.vm.sade.organisaatio.model.Organisaatio.organisaatioLisatietotyypit#1]
2020-06-10 18:11:36.204 TRACE 55751 --- [    Test worker] org.hibernate.type.CollectionType        : Created collection wrapper: [fi.vm.sade.organisaatio.model.Organisaatio.parentSuhteet#1]
2020-06-10 18:11:36.204 TRACE 55751 --- [    Test worker] org.hibernate.type.CollectionType        : Created collection wrapper: [fi.vm.sade.organisaatio.model.Organisaatio.ryhmatyypit#1]
2020-06-10 18:11:36.204 TRACE 55751 --- [    Test worker] org.hibernate.type.CollectionType        : Created collection wrapper: [fi.vm.sade.organisaatio.model.Organisaatio.tyypit#1]
2020-06-10 18:11:36.204 TRACE 55751 --- [    Test worker] org.hibernate.type.CollectionType        : Created collection wrapper: [fi.vm.sade.organisaatio.model.Organisaatio.vuosiluokat#1]
2020-06-10 18:11:36.204 TRACE 55751 --- [    Test worker] org.hibernate.type.CollectionType        : Created collection wrapper: [fi.vm.sade.organisaatio.model.Organisaatio.yhteystiedot#1]
2020-06-10 18:11:36.204 TRACE 55751 --- [    Test worker] org.hibernate.type.CollectionType        : Created collection wrapper: [fi.vm.sade.organisaatio.model.Organisaatio.yhteystietoArvos#1]
Hibernate: 
    select
        parentsuht0_.child_id as child_id7_19_0_,
        parentsuht0_.id as id1_19_0_,
        parentsuht0_.id as id1_19_1_,
        parentsuht0_.version as version2_19_1_,
        parentsuht0_.alkupvm as alkupvm3_19_1_,
        parentsuht0_.child_id as child_id7_19_1_,
        parentsuht0_.loppupvm as loppupvm4_19_1_,
        parentsuht0_.opetuspisteenjarjnro as opetuspi5_19_1_,
        parentsuht0_.parent_id as parent_i8_19_1_,
        parentsuht0_.suhdetyyppi as suhdetyy6_19_1_ 
    from
        organisaatiosuhde parentsuht0_ 
    where
        parentsuht0_.child_id=? 
    order by
        parentsuht0_.alkupvm
2020-06-10 18:11:36.207 TRACE 55751 --- [    Test worker] o.h.type.descriptor.sql.BasicBinder      : binding parameter [1] as [BIGINT] - [1]
Hibernate: 
    select
        organisaat0_.id as id1_5_,
        organisaat0_.version as version2_5_,
        organisaat0_.alkupvm as alkupvm3_5_,
        organisaat0_.domainnimi as domainni4_5_,
        organisaat0_.kotipaikka as kotipaik5_5_,
        organisaat0_.kuvaus_mkt as kuvaus_28_5_,
        organisaat0_.lakkautuspvm as lakkautu6_5_,
        organisaat0_.maa as maa7_5_,
        organisaat0_.metadata_id as metadat29_5_,
        organisaat0_.nimi_mkt as nimi_mk30_5_,
        organisaat0_.nimihaku as nimihaku8_5_,
        organisaat0_.oid as oid9_5_,
        organisaat0_.opetuspisteenjarjnro as opetusp10_5_,
        organisaat0_.oppilaitoskoodi as oppilai11_5_,
        organisaat0_.oppilaitos_tyyppi as oppilai12_5_,
        organisaat0_.organisaatio_poistettu as organis13_5_,
        organisaat0_.paivittaja as paivitt14_5_,
        organisaat0_.paivityspvm as paivity15_5_,
        organisaat0_.parentidpath as parenti16_5_,
        organisaat0_.parentoidpath as parento17_5_,
        organisaat0_.piilotettu as piilote18_5_,
        organisaat0_.tarkastus_pvm as tarkast19_5_,
        organisaat0_.toimipistekoodi as toimipi20_5_,
        organisaat0_.tuontipvm as tuontip21_5_,
        organisaat0_.varhaiskasvatuksen_toimipaikka_tiedot_id as varhais31_5_,
        organisaat0_.virastotunnus as virasto22_5_,
        organisaat0_.yhteishaunkoulukoodi as yhteish23_5_,
        organisaat0_.yritysmuoto as yritysm24_5_,
        organisaat0_.ytj_kieli as ytj_kie25_5_,
        organisaat0_.ytjpaivityspvm as ytjpaiv26_5_,
        organisaat0_.ytunnus as ytunnus27_5_ 
    from
        organisaatio organisaat0_ 
    where
        organisaat0_.oid=?
2020-06-10 18:11:36.216 TRACE 55751 --- [    Test worker] o.h.type.descriptor.sql.BasicBinder      : binding parameter [1] as [VARCHAR] - [1.2.246.562.24.00000000001]
2020-06-10 18:11:36.216 TRACE 55751 --- [    Test worker] o.h.type.descriptor.sql.BasicExtractor   : extracted value ([id1_5_] : [BIGINT]) - [1]
2020-06-10 18:11:36.217  WARN 55751 --- [    Test worker] .s.o.b.i.OrganisaatioBusinessServiceImpl : Oppilaitos not found in parents
Hibernate: 
    insert 
    into
        monikielinen_teksti
        (id, version) 
    values
        (null, ?)
2020-06-10 18:11:36.225 TRACE 55751 --- [    Test worker] o.h.type.descriptor.sql.BasicBinder      : binding parameter [1] as [BIGINT] - [0]
Hibernate: 
    insert 
    into
        monikielinen_teksti
        (id, version) 
    values
        (null, ?)
2020-06-10 18:11:36.225 TRACE 55751 --- [    Test worker] o.h.type.descriptor.sql.BasicBinder      : binding parameter [1] as [BIGINT] - [0]
Hibernate: 
    insert 
    into
        organisaatio
        (id, version, alkupvm, domainnimi, kotipaikka, kuvaus_mkt, lakkautuspvm, maa, metadata_id, nimi_mkt, nimihaku, oid, opetuspisteenjarjnro, oppilaitoskoodi, oppilaitos_tyyppi, organisaatio_poistettu, paivittaja, paivityspvm, parentidpath, parentoidpath, piilotettu, tarkastus_pvm, toimipistekoodi, tuontipvm, varhaiskasvatuksen_toimipaikka_tiedot_id, virastotunnus, yhteishaunkoulukoodi, yritysmuoto, ytj_kieli, ytjpaivityspvm, ytunnus) 
    values
        (null, ?, ?, ?, ?, ?, ?, ?, ?, ?, ?, ?, ?, ?, ?, ?, ?, ?, ?, ?, ?, ?, ?, ?, ?, ?, ?, ?, ?, ?, ?)
2020-06-10 18:11:36.228 TRACE 55751 --- [    Test worker] o.h.type.descriptor.sql.BasicBinder      : binding parameter [1] as [BIGINT] - [0]
2020-06-10 18:11:36.228 TRACE 55751 --- [    Test worker] o.h.type.descriptor.sql.BasicBinder      : binding parameter [2] as [DATE] - [Fri Dec 31 00:00:00 EET 1999]
2020-06-10 18:11:36.228 TRACE 55751 --- [    Test worker] o.h.type.descriptor.sql.BasicBinder      : binding parameter [3] as [VARCHAR] - [null]
2020-06-10 18:11:36.228 TRACE 55751 --- [    Test worker] o.h.type.descriptor.sql.BasicBinder      : binding parameter [4] as [VARCHAR] - [kunta_092]
2020-06-10 18:11:36.228 TRACE 55751 --- [    Test worker] o.h.type.descriptor.sql.BasicBinder      : binding parameter [5] as [BIGINT] - [1001]
2020-06-10 18:11:36.228 TRACE 55751 --- [    Test worker] o.h.type.descriptor.sql.BasicBinder      : binding parameter [6] as [DATE] - [null]
2020-06-10 18:11:36.228 TRACE 55751 --- [    Test worker] o.h.type.descriptor.sql.BasicBinder      : binding parameter [7] as [VARCHAR] - [maatjavaltiot1_fin]
2020-06-10 18:11:36.228 TRACE 55751 --- [    Test worker] o.h.type.descriptor.sql.BasicBinder      : binding parameter [8] as [BIGINT] - [null]
2020-06-10 18:11:36.228 TRACE 55751 --- [    Test worker] o.h.type.descriptor.sql.BasicBinder      : binding parameter [9] as [BIGINT] - [1002]
2020-06-10 18:11:36.228 TRACE 55751 --- [    Test worker] o.h.type.descriptor.sql.BasicBinder      : binding parameter [10] as [VARCHAR] - [,koulutustoimija1]
2020-06-10 18:11:36.228 TRACE 55751 --- [    Test worker] o.h.type.descriptor.sql.BasicBinder      : binding parameter [11] as [VARCHAR] - [1.2.246.562.10.52914687012]
2020-06-10 18:11:36.228 TRACE 55751 --- [    Test worker] o.h.type.descriptor.sql.BasicBinder      : binding parameter [12] as [VARCHAR] - [null]
2020-06-10 18:11:36.228 TRACE 55751 --- [    Test worker] o.h.type.descriptor.sql.BasicBinder      : binding parameter [13] as [VARCHAR] - [null]
2020-06-10 18:11:36.228 TRACE 55751 --- [    Test worker] o.h.type.descriptor.sql.BasicBinder      : binding parameter [14] as [VARCHAR] - [null]
2020-06-10 18:11:36.228 TRACE 55751 --- [    Test worker] o.h.type.descriptor.sql.BasicBinder      : binding parameter [15] as [BOOLEAN] - [false]
2020-06-10 18:11:36.228 TRACE 55751 --- [    Test worker] o.h.type.descriptor.sql.BasicBinder      : binding parameter [16] as [VARCHAR] - [ophadmin]
2020-06-10 18:11:36.228 TRACE 55751 --- [    Test worker] o.h.type.descriptor.sql.BasicBinder      : binding parameter [17] as [TIMESTAMP] - [Wed Jun 10 18:11:36 EEST 2020]
2020-06-10 18:11:36.228 TRACE 55751 --- [    Test worker] o.h.type.descriptor.sql.BasicBinder      : binding parameter [18] as [VARCHAR] - [|1|]
2020-06-10 18:11:36.228 TRACE 55751 --- [    Test worker] o.h.type.descriptor.sql.BasicBinder      : binding parameter [19] as [VARCHAR] - [|1.2.246.562.24.00000000001|]
2020-06-10 18:11:36.228 TRACE 55751 --- [    Test worker] o.h.type.descriptor.sql.BasicBinder      : binding parameter [20] as [BOOLEAN] - [false]
2020-06-10 18:11:36.229 TRACE 55751 --- [    Test worker] o.h.type.descriptor.sql.BasicBinder      : binding parameter [21] as [TIMESTAMP] - [null]
2020-06-10 18:11:36.229 TRACE 55751 --- [    Test worker] o.h.type.descriptor.sql.BasicBinder      : binding parameter [22] as [VARCHAR] - []
2020-06-10 18:11:36.229 TRACE 55751 --- [    Test worker] o.h.type.descriptor.sql.BasicBinder      : binding parameter [23] as [TIMESTAMP] - [null]
2020-06-10 18:11:36.229 TRACE 55751 --- [    Test worker] o.h.type.descriptor.sql.BasicBinder      : binding parameter [24] as [BIGINT] - [null]
2020-06-10 18:11:36.229 TRACE 55751 --- [    Test worker] o.h.type.descriptor.sql.BasicBinder      : binding parameter [25] as [VARCHAR] - [null]
2020-06-10 18:11:36.229 TRACE 55751 --- [    Test worker] o.h.type.descriptor.sql.BasicBinder      : binding parameter [26] as [VARCHAR] - [null]
2020-06-10 18:11:36.229 TRACE 55751 --- [    Test worker] o.h.type.descriptor.sql.BasicBinder      : binding parameter [27] as [VARCHAR] - [null]
2020-06-10 18:11:36.229 TRACE 55751 --- [    Test worker] o.h.type.descriptor.sql.BasicBinder      : binding parameter [28] as [VARCHAR] - [null]
2020-06-10 18:11:36.229 TRACE 55751 --- [    Test worker] o.h.type.descriptor.sql.BasicBinder      : binding parameter [29] as [DATE] - [null]
2020-06-10 18:11:36.229 TRACE 55751 --- [    Test worker] o.h.type.descriptor.sql.BasicBinder      : binding parameter [30] as [VARCHAR] - [null]
Hibernate: 
    insert 
    into
        organisaatio_nimi
        (id, version, alkupvm, nimi_mkt, organisaatio_id, paivittaja) 
    values
        (null, ?, ?, ?, ?, ?)
2020-06-10 18:11:36.229 TRACE 55751 --- [    Test worker] o.h.type.descriptor.sql.BasicBinder      : binding parameter [1] as [BIGINT] - [0]
2020-06-10 18:11:36.229 TRACE 55751 --- [    Test worker] o.h.type.descriptor.sql.BasicBinder      : binding parameter [2] as [DATE] - [Wed Jun 10 18:11:35 EEST 2020]
2020-06-10 18:11:36.229 TRACE 55751 --- [    Test worker] o.h.type.descriptor.sql.BasicBinder      : binding parameter [3] as [BIGINT] - [1002]
2020-06-10 18:11:36.229 TRACE 55751 --- [    Test worker] o.h.type.descriptor.sql.BasicBinder      : binding parameter [4] as [BIGINT] - [11]
2020-06-10 18:11:36.229 TRACE 55751 --- [    Test worker] o.h.type.descriptor.sql.BasicBinder      : binding parameter [5] as [VARCHAR] - [null]
Hibernate: 
    insert 
    into
        yhteystieto
        (id, version, kieli, organisaatio_id, yhteystieto_oid, coordinatetype, extrarivi, lat, lng, maa, osavaltio, osoite, osoite_tyyppi, postinumero, postitoimipaikka, ytjpaivityspvm, dtype) 
    values
        (null, ?, ?, ?, ?, ?, ?, ?, ?, ?, ?, ?, ?, ?, ?, ?, 'Osoite')
2020-06-10 18:11:36.230 TRACE 55751 --- [    Test worker] o.h.type.descriptor.sql.BasicBinder      : binding parameter [1] as [BIGINT] - [0]
2020-06-10 18:11:36.230 TRACE 55751 --- [    Test worker] o.h.type.descriptor.sql.BasicBinder      : binding parameter [2] as [VARCHAR] - [kieli_fi#1]
2020-06-10 18:11:36.230 TRACE 55751 --- [    Test worker] o.h.type.descriptor.sql.BasicBinder      : binding parameter [3] as [BIGINT] - [11]
2020-06-10 18:11:36.230 TRACE 55751 --- [    Test worker] o.h.type.descriptor.sql.BasicBinder      : binding parameter [4] as [VARCHAR] - [1.2.246.562.5.22100279823]
2020-06-10 18:11:36.230 TRACE 55751 --- [    Test worker] o.h.type.descriptor.sql.BasicBinder      : binding parameter [5] as [VARCHAR] - [null]
2020-06-10 18:11:36.230 TRACE 55751 --- [    Test worker] o.h.type.descriptor.sql.BasicBinder      : binding parameter [6] as [VARCHAR] - [null]
2020-06-10 18:11:36.230 TRACE 55751 --- [    Test worker] o.h.type.descriptor.sql.BasicBinder      : binding parameter [7] as [DOUBLE] - [null]
2020-06-10 18:11:36.230 TRACE 55751 --- [    Test worker] o.h.type.descriptor.sql.BasicBinder      : binding parameter [8] as [DOUBLE] - [null]
2020-06-10 18:11:36.230 TRACE 55751 --- [    Test worker] o.h.type.descriptor.sql.BasicBinder      : binding parameter [9] as [VARCHAR] - [null]
2020-06-10 18:11:36.230 TRACE 55751 --- [    Test worker] o.h.type.descriptor.sql.BasicBinder      : binding parameter [10] as [VARCHAR] - [null]
2020-06-10 18:11:36.231 TRACE 55751 --- [    Test worker] o.h.type.descriptor.sql.BasicBinder      : binding parameter [11] as [VARCHAR] - [Kayntiosoite 2B]
2020-06-10 18:11:36.231 TRACE 55751 --- [    Test worker] o.h.type.descriptor.sql.BasicBinder      : binding parameter [12] as [VARCHAR] - [kaynti]
2020-06-10 18:11:36.231 TRACE 55751 --- [    Test worker] o.h.type.descriptor.sql.BasicBinder      : binding parameter [13] as [VARCHAR] - [posti_00550]
2020-06-10 18:11:36.231 TRACE 55751 --- [    Test worker] o.h.type.descriptor.sql.BasicBinder      : binding parameter [14] as [VARCHAR] - [Helsinki]
2020-06-10 18:11:36.231 TRACE 55751 --- [    Test worker] o.h.type.descriptor.sql.BasicBinder      : binding parameter [15] as [DATE] - [null]
Hibernate: 
    insert 
    into
        yhteystieto
        (id, version, kieli, organisaatio_id, yhteystieto_oid, coordinatetype, extrarivi, lat, lng, maa, osavaltio, osoite, osoite_tyyppi, postinumero, postitoimipaikka, ytjpaivityspvm, dtype) 
    values
        (null, ?, ?, ?, ?, ?, ?, ?, ?, ?, ?, ?, ?, ?, ?, ?, 'Osoite')
2020-06-10 18:11:36.231 TRACE 55751 --- [    Test worker] o.h.type.descriptor.sql.BasicBinder      : binding parameter [1] as [BIGINT] - [0]
2020-06-10 18:11:36.231 TRACE 55751 --- [    Test worker] o.h.type.descriptor.sql.BasicBinder      : binding parameter [2] as [VARCHAR] - [kieli_fi#1]
2020-06-10 18:11:36.231 TRACE 55751 --- [    Test worker] o.h.type.descriptor.sql.BasicBinder      : binding parameter [3] as [BIGINT] - [11]
2020-06-10 18:11:36.231 TRACE 55751 --- [    Test worker] o.h.type.descriptor.sql.BasicBinder      : binding parameter [4] as [VARCHAR] - [1.2.246.562.5.51874237441]
2020-06-10 18:11:36.231 TRACE 55751 --- [    Test worker] o.h.type.descriptor.sql.BasicBinder      : binding parameter [5] as [VARCHAR] - [null]
2020-06-10 18:11:36.231 TRACE 55751 --- [    Test worker] o.h.type.descriptor.sql.BasicBinder      : binding parameter [6] as [VARCHAR] - [null]
2020-06-10 18:11:36.231 TRACE 55751 --- [    Test worker] o.h.type.descriptor.sql.BasicBinder      : binding parameter [7] as [DOUBLE] - [null]
2020-06-10 18:11:36.231 TRACE 55751 --- [    Test worker] o.h.type.descriptor.sql.BasicBinder      : binding parameter [8] as [DOUBLE] - [null]
2020-06-10 18:11:36.231 TRACE 55751 --- [    Test worker] o.h.type.descriptor.sql.BasicBinder      : binding parameter [9] as [VARCHAR] - [null]
2020-06-10 18:11:36.232 TRACE 55751 --- [    Test worker] o.h.type.descriptor.sql.BasicBinder      : binding parameter [10] as [VARCHAR] - [null]
2020-06-10 18:11:36.232 TRACE 55751 --- [    Test worker] o.h.type.descriptor.sql.BasicBinder      : binding parameter [11] as [VARCHAR] - [Postiosoite 1A]
2020-06-10 18:11:36.232 TRACE 55751 --- [    Test worker] o.h.type.descriptor.sql.BasicBinder      : binding parameter [12] as [VARCHAR] - [posti]
2020-06-10 18:11:36.232 TRACE 55751 --- [    Test worker] o.h.type.descriptor.sql.BasicBinder      : binding parameter [13] as [VARCHAR] - [00550]
2020-06-10 18:11:36.232 TRACE 55751 --- [    Test worker] o.h.type.descriptor.sql.BasicBinder      : binding parameter [14] as [VARCHAR] - [Helsinki]
2020-06-10 18:11:36.232 TRACE 55751 --- [    Test worker] o.h.type.descriptor.sql.BasicBinder      : binding parameter [15] as [DATE] - [null]
Hibernate: 
    insert 
    into
        yhteystieto
        (id, version, kieli, organisaatio_id, yhteystieto_oid, www_osoite, dtype) 
    values
        (null, ?, ?, ?, ?, ?, 'Www')
2020-06-10 18:11:36.233 TRACE 55751 --- [    Test worker] o.h.type.descriptor.sql.BasicBinder      : binding parameter [1] as [BIGINT] - [0]
2020-06-10 18:11:36.233 TRACE 55751 --- [    Test worker] o.h.type.descriptor.sql.BasicBinder      : binding parameter [2] as [VARCHAR] - [kieli_fi#1]
2020-06-10 18:11:36.233 TRACE 55751 --- [    Test worker] o.h.type.descriptor.sql.BasicBinder      : binding parameter [3] as [BIGINT] - [11]
2020-06-10 18:11:36.233 TRACE 55751 --- [    Test worker] o.h.type.descriptor.sql.BasicBinder      : binding parameter [4] as [VARCHAR] - [15918018952290.19317732306813817]
2020-06-10 18:11:36.233 TRACE 55751 --- [    Test worker] o.h.type.descriptor.sql.BasicBinder      : binding parameter [5] as [VARCHAR] - [http://test.oph.fi]
Hibernate: 
    insert 
    into
        yhteystieto
        (id, version, kieli, organisaatio_id, yhteystieto_oid, puhelinnumero, tyyppi, dtype) 
    values
        (null, ?, ?, ?, ?, ?, ?, 'Puhelinnumero')
2020-06-10 18:11:36.234 TRACE 55751 --- [    Test worker] o.h.type.descriptor.sql.BasicBinder      : binding parameter [1] as [BIGINT] - [0]
2020-06-10 18:11:36.234 TRACE 55751 --- [    Test worker] o.h.type.descriptor.sql.BasicBinder      : binding parameter [2] as [VARCHAR] - [kieli_fi#1]
2020-06-10 18:11:36.234 TRACE 55751 --- [    Test worker] o.h.type.descriptor.sql.BasicBinder      : binding parameter [3] as [BIGINT] - [11]
2020-06-10 18:11:36.234 TRACE 55751 --- [    Test worker] o.h.type.descriptor.sql.BasicBinder      : binding parameter [4] as [VARCHAR] - [1.2.246.562.5.40929192497]
2020-06-10 18:11:36.234 TRACE 55751 --- [    Test worker] o.h.type.descriptor.sql.BasicBinder      : binding parameter [5] as [VARCHAR] - [123]
2020-06-10 18:11:36.234 TRACE 55751 --- [    Test worker] o.h.type.descriptor.sql.BasicBinder      : binding parameter [6] as [VARCHAR] - [puhelin]
Hibernate: 
    insert 
    into
        yhteystieto
        (id, version, kieli, organisaatio_id, yhteystieto_oid, email, dtype) 
    values
        (null, ?, ?, ?, ?, ?, 'Email')
2020-06-10 18:11:36.235 TRACE 55751 --- [    Test worker] o.h.type.descriptor.sql.BasicBinder      : binding parameter [1] as [BIGINT] - [0]
2020-06-10 18:11:36.235 TRACE 55751 --- [    Test worker] o.h.type.descriptor.sql.BasicBinder      : binding parameter [2] as [VARCHAR] - [kieli_fi#1]
2020-06-10 18:11:36.235 TRACE 55751 --- [    Test worker] o.h.type.descriptor.sql.BasicBinder      : binding parameter [3] as [BIGINT] - [11]
2020-06-10 18:11:36.235 TRACE 55751 --- [    Test worker] o.h.type.descriptor.sql.BasicBinder      : binding parameter [4] as [VARCHAR] - [15918018952290.6146892380305591]
2020-06-10 18:11:36.235 TRACE 55751 --- [    Test worker] o.h.type.descriptor.sql.BasicBinder      : binding parameter [5] as [VARCHAR] - [asd@asd.asd]
Hibernate: 
    update
        organisaatio 
    set
        version=?,
        alkupvm=?,
        domainnimi=?,
        kotipaikka=?,
        kuvaus_mkt=?,
        lakkautuspvm=?,
        maa=?,
        metadata_id=?,
        nimi_mkt=?,
        nimihaku=?,
        oid=?,
        opetuspisteenjarjnro=?,
        oppilaitoskoodi=?,
        oppilaitos_tyyppi=?,
        organisaatio_poistettu=?,
        paivittaja=?,
        paivityspvm=?,
        parentidpath=?,
        parentoidpath=?,
        piilotettu=?,
        tarkastus_pvm=?,
        toimipistekoodi=?,
        tuontipvm=?,
        varhaiskasvatuksen_toimipaikka_tiedot_id=?,
        virastotunnus=?,
        yhteishaunkoulukoodi=?,
        yritysmuoto=?,
        ytj_kieli=?,
        ytjpaivityspvm=?,
        ytunnus=? 
    where
        id=? 
        and version=?
2020-06-10 18:11:36.236 TRACE 55751 --- [    Test worker] o.h.type.descriptor.sql.BasicBinder      : binding parameter [1] as [BIGINT] - [1]
2020-06-10 18:11:36.236 TRACE 55751 --- [    Test worker] o.h.type.descriptor.sql.BasicBinder      : binding parameter [2] as [DATE] - [Fri Dec 31 00:00:00 EET 1999]
2020-06-10 18:11:36.236 TRACE 55751 --- [    Test worker] o.h.type.descriptor.sql.BasicBinder      : binding parameter [3] as [VARCHAR] - [null]
2020-06-10 18:11:36.236 TRACE 55751 --- [    Test worker] o.h.type.descriptor.sql.BasicBinder      : binding parameter [4] as [VARCHAR] - [kunta_092]
2020-06-10 18:11:36.236 TRACE 55751 --- [    Test worker] o.h.type.descriptor.sql.BasicBinder      : binding parameter [5] as [BIGINT] - [1001]
2020-06-10 18:11:36.236 TRACE 55751 --- [    Test worker] o.h.type.descriptor.sql.BasicBinder      : binding parameter [6] as [DATE] - [null]
2020-06-10 18:11:36.236 TRACE 55751 --- [    Test worker] o.h.type.descriptor.sql.BasicBinder      : binding parameter [7] as [VARCHAR] - [maatjavaltiot1_fin]
2020-06-10 18:11:36.236 TRACE 55751 --- [    Test worker] o.h.type.descriptor.sql.BasicBinder      : binding parameter [8] as [BIGINT] - [null]
2020-06-10 18:11:36.236 TRACE 55751 --- [    Test worker] o.h.type.descriptor.sql.BasicBinder      : binding parameter [9] as [BIGINT] - [1002]
2020-06-10 18:11:36.236 TRACE 55751 --- [    Test worker] o.h.type.descriptor.sql.BasicBinder      : binding parameter [10] as [VARCHAR] - [,koulutustoimija1]
2020-06-10 18:11:36.236 TRACE 55751 --- [    Test worker] o.h.type.descriptor.sql.BasicBinder      : binding parameter [11] as [VARCHAR] - [1.2.246.562.10.52914687012]
2020-06-10 18:11:36.236 TRACE 55751 --- [    Test worker] o.h.type.descriptor.sql.BasicBinder      : binding parameter [12] as [VARCHAR] - [null]
2020-06-10 18:11:36.236 TRACE 55751 --- [    Test worker] o.h.type.descriptor.sql.BasicBinder      : binding parameter [13] as [VARCHAR] - [null]
2020-06-10 18:11:36.237 TRACE 55751 --- [    Test worker] o.h.type.descriptor.sql.BasicBinder      : binding parameter [14] as [VARCHAR] - [null]
2020-06-10 18:11:36.237 TRACE 55751 --- [    Test worker] o.h.type.descriptor.sql.BasicBinder      : binding parameter [15] as [BOOLEAN] - [false]
2020-06-10 18:11:36.237 TRACE 55751 --- [    Test worker] o.h.type.descriptor.sql.BasicBinder      : binding parameter [16] as [VARCHAR] - [ophadmin]
2020-06-10 18:11:36.237 TRACE 55751 --- [    Test worker] o.h.type.descriptor.sql.BasicBinder      : binding parameter [17] as [TIMESTAMP] - [Wed Jun 10 18:11:36 EEST 2020]
2020-06-10 18:11:36.237 TRACE 55751 --- [    Test worker] o.h.type.descriptor.sql.BasicBinder      : binding parameter [18] as [VARCHAR] - [|1|]
2020-06-10 18:11:36.237 TRACE 55751 --- [    Test worker] o.h.type.descriptor.sql.BasicBinder      : binding parameter [19] as [VARCHAR] - [|1.2.246.562.24.00000000001|]
2020-06-10 18:11:36.237 TRACE 55751 --- [    Test worker] o.h.type.descriptor.sql.BasicBinder      : binding parameter [20] as [BOOLEAN] - [false]
2020-06-10 18:11:36.237 TRACE 55751 --- [    Test worker] o.h.type.descriptor.sql.BasicBinder      : binding parameter [21] as [TIMESTAMP] - [null]
2020-06-10 18:11:36.237 TRACE 55751 --- [    Test worker] o.h.type.descriptor.sql.BasicBinder      : binding parameter [22] as [VARCHAR] - []
2020-06-10 18:11:36.237 TRACE 55751 --- [    Test worker] o.h.type.descriptor.sql.BasicBinder      : binding parameter [23] as [TIMESTAMP] - [null]
2020-06-10 18:11:36.237 TRACE 55751 --- [    Test worker] o.h.type.descriptor.sql.BasicBinder      : binding parameter [24] as [BIGINT] - [null]
2020-06-10 18:11:36.237 TRACE 55751 --- [    Test worker] o.h.type.descriptor.sql.BasicBinder      : binding parameter [25] as [VARCHAR] - [null]
2020-06-10 18:11:36.237 TRACE 55751 --- [    Test worker] o.h.type.descriptor.sql.BasicBinder      : binding parameter [26] as [VARCHAR] - [null]
2020-06-10 18:11:36.237 TRACE 55751 --- [    Test worker] o.h.type.descriptor.sql.BasicBinder      : binding parameter [27] as [VARCHAR] - [null]
2020-06-10 18:11:36.237 TRACE 55751 --- [    Test worker] o.h.type.descriptor.sql.BasicBinder      : binding parameter [28] as [VARCHAR] - [null]
2020-06-10 18:11:36.237 TRACE 55751 --- [    Test worker] o.h.type.descriptor.sql.BasicBinder      : binding parameter [29] as [DATE] - [null]
2020-06-10 18:11:36.237 TRACE 55751 --- [    Test worker] o.h.type.descriptor.sql.BasicBinder      : binding parameter [30] as [VARCHAR] - [null]
2020-06-10 18:11:36.237 TRACE 55751 --- [    Test worker] o.h.type.descriptor.sql.BasicBinder      : binding parameter [31] as [BIGINT] - [11]
2020-06-10 18:11:36.237 TRACE 55751 --- [    Test worker] o.h.type.descriptor.sql.BasicBinder      : binding parameter [32] as [BIGINT] - [0]
Hibernate: 
    insert 
    into
        organisaatio_kielet
        (organisaatio_id, kielet) 
    values
        (?, ?)
2020-06-10 18:11:36.238 TRACE 55751 --- [    Test worker] o.h.type.descriptor.sql.BasicBinder      : binding parameter [1] as [BIGINT] - [11]
2020-06-10 18:11:36.238 TRACE 55751 --- [    Test worker] o.h.type.descriptor.sql.BasicBinder      : binding parameter [2] as [VARCHAR] - [oppilaitoksenopetuskieli_1#1]
Hibernate: 
    insert 
    into
        organisaatio_tyypit
        (organisaatio_id, tyypit) 
    values
        (?, ?)
2020-06-10 18:11:36.238 TRACE 55751 --- [    Test worker] o.h.type.descriptor.sql.BasicBinder      : binding parameter [1] as [BIGINT] - [11]
2020-06-10 18:11:36.238 TRACE 55751 --- [    Test worker] o.h.type.descriptor.sql.BasicBinder      : binding parameter [2] as [VARCHAR] - [organisaatiotyyppi_01]
Hibernate: 
    insert 
    into
        monikielinen_teksti_values
        (id, key, value) 
    values
        (?, ?, ?)
2020-06-10 18:11:36.238 TRACE 55751 --- [    Test worker] o.h.type.descriptor.sql.BasicBinder      : binding parameter [1] as [BIGINT] - [1002]
2020-06-10 18:11:36.238 TRACE 55751 --- [    Test worker] o.h.type.descriptor.sql.BasicBinder      : binding parameter [2] as [VARCHAR] - [fi]
2020-06-10 18:11:36.238 TRACE 55751 --- [    Test worker] o.h.type.descriptor.sql.BasicBinder      : binding parameter [3] as [VARCHAR] - [koulutustoimija1]
Hibernate: 
    select
        organisaat0_.id as id1_5_,
        organisaat0_.version as version2_5_,
        organisaat0_.alkupvm as alkupvm3_5_,
        organisaat0_.domainnimi as domainni4_5_,
        organisaat0_.kotipaikka as kotipaik5_5_,
        organisaat0_.kuvaus_mkt as kuvaus_28_5_,
        organisaat0_.lakkautuspvm as lakkautu6_5_,
        organisaat0_.maa as maa7_5_,
        organisaat0_.metadata_id as metadat29_5_,
        organisaat0_.nimi_mkt as nimi_mk30_5_,
        organisaat0_.nimihaku as nimihaku8_5_,
        organisaat0_.oid as oid9_5_,
        organisaat0_.opetuspisteenjarjnro as opetusp10_5_,
        organisaat0_.oppilaitoskoodi as oppilai11_5_,
        organisaat0_.oppilaitos_tyyppi as oppilai12_5_,
        organisaat0_.organisaatio_poistettu as organis13_5_,
        organisaat0_.paivittaja as paivitt14_5_,
        organisaat0_.paivityspvm as paivity15_5_,
        organisaat0_.parentidpath as parenti16_5_,
        organisaat0_.parentoidpath as parento17_5_,
        organisaat0_.piilotettu as piilote18_5_,
        organisaat0_.tarkastus_pvm as tarkast19_5_,
        organisaat0_.toimipistekoodi as toimipi20_5_,
        organisaat0_.tuontipvm as tuontip21_5_,
        organisaat0_.varhaiskasvatuksen_toimipaikka_tiedot_id as varhais31_5_,
        organisaat0_.virastotunnus as virasto22_5_,
        organisaat0_.yhteishaunkoulukoodi as yhteish23_5_,
        organisaat0_.yritysmuoto as yritysm24_5_,
        organisaat0_.ytj_kieli as ytj_kie25_5_,
        organisaat0_.ytjpaivityspvm as ytjpaiv26_5_,
        organisaat0_.ytunnus as ytunnus27_5_ 
    from
        organisaatio organisaat0_ 
    where
        organisaat0_.oid=?
2020-06-10 18:11:36.239 TRACE 55751 --- [    Test worker] o.h.type.descriptor.sql.BasicBinder      : binding parameter [1] as [VARCHAR] - [1.2.246.562.24.00000000001]
2020-06-10 18:11:36.239 TRACE 55751 --- [    Test worker] o.h.type.descriptor.sql.BasicExtractor   : extracted value ([id1_5_] : [BIGINT]) - [1]
2020-06-10 18:11:36.240  INFO 55751 --- [    Test worker] .s.o.r.i.OrganisaatioSuhdeRepositoryImpl : findParentTo(11, Wed Jun 10 18:11:36 EEST 2020)
Hibernate: 
    select
        organisaat0_.id as id1_19_0_,
        organisaat1_.id as id1_5_1_,
        organisaat0_.version as version2_19_0_,
        organisaat0_.alkupvm as alkupvm3_19_0_,
        organisaat0_.child_id as child_id7_19_0_,
        organisaat0_.loppupvm as loppupvm4_19_0_,
        organisaat0_.opetuspisteenjarjnro as opetuspi5_19_0_,
        organisaat0_.parent_id as parent_i8_19_0_,
        organisaat0_.suhdetyyppi as suhdetyy6_19_0_,
        organisaat1_.version as version2_5_1_,
        organisaat1_.alkupvm as alkupvm3_5_1_,
        organisaat1_.domainnimi as domainni4_5_1_,
        organisaat1_.kotipaikka as kotipaik5_5_1_,
        organisaat1_.kuvaus_mkt as kuvaus_28_5_1_,
        organisaat1_.lakkautuspvm as lakkautu6_5_1_,
        organisaat1_.maa as maa7_5_1_,
        organisaat1_.metadata_id as metadat29_5_1_,
        organisaat1_.nimi_mkt as nimi_mk30_5_1_,
        organisaat1_.nimihaku as nimihaku8_5_1_,
        organisaat1_.oid as oid9_5_1_,
        organisaat1_.opetuspisteenjarjnro as opetusp10_5_1_,
        organisaat1_.oppilaitoskoodi as oppilai11_5_1_,
        organisaat1_.oppilaitos_tyyppi as oppilai12_5_1_,
        organisaat1_.organisaatio_poistettu as organis13_5_1_,
        organisaat1_.paivittaja as paivitt14_5_1_,
        organisaat1_.paivityspvm as paivity15_5_1_,
        organisaat1_.parentidpath as parenti16_5_1_,
        organisaat1_.parentoidpath as parento17_5_1_,
        organisaat1_.piilotettu as piilote18_5_1_,
        organisaat1_.tarkastus_pvm as tarkast19_5_1_,
        organisaat1_.toimipistekoodi as toimipi20_5_1_,
        organisaat1_.tuontipvm as tuontip21_5_1_,
        organisaat1_.varhaiskasvatuksen_toimipaikka_tiedot_id as varhais31_5_1_,
        organisaat1_.virastotunnus as virasto22_5_1_,
        organisaat1_.yhteishaunkoulukoodi as yhteish23_5_1_,
        organisaat1_.yritysmuoto as yritysm24_5_1_,
        organisaat1_.ytj_kieli as ytj_kie25_5_1_,
        organisaat1_.ytjpaivityspvm as ytjpaiv26_5_1_,
        organisaat1_.ytunnus as ytunnus27_5_1_ 
    from
        organisaatiosuhde organisaat0_ 
    inner join
        organisaatio organisaat1_ 
            on organisaat0_.parent_id=organisaat1_.id 
    where
        organisaat0_.child_id=? 
        and organisaat0_.suhdetyyppi=? 
        and (
            organisaat0_.alkupvm=? 
            or organisaat0_.alkupvm<?
        ) 
        and (
            organisaat0_.loppupvm is null 
            or organisaat0_.loppupvm>?
        ) 
        and organisaat1_.organisaatio_poistettu=? 
    order by
        organisaat0_.alkupvm desc
2020-06-10 18:11:36.244 TRACE 55751 --- [    Test worker] o.h.type.descriptor.sql.BasicBinder      : binding parameter [1] as [BIGINT] - [11]
2020-06-10 18:11:36.244 TRACE 55751 --- [    Test worker] o.h.type.descriptor.sql.BasicBinder      : binding parameter [2] as [VARCHAR] - [HISTORIA]
2020-06-10 18:11:36.244 TRACE 55751 --- [    Test worker] o.h.type.descriptor.sql.BasicBinder      : binding parameter [3] as [DATE] - [Wed Jun 10 18:11:36 EEST 2020]
2020-06-10 18:11:36.244 TRACE 55751 --- [    Test worker] o.h.type.descriptor.sql.BasicBinder      : binding parameter [4] as [DATE] - [Wed Jun 10 18:11:36 EEST 2020]
2020-06-10 18:11:36.244 TRACE 55751 --- [    Test worker] o.h.type.descriptor.sql.BasicBinder      : binding parameter [5] as [DATE] - [Wed Jun 10 18:11:36 EEST 2020]
2020-06-10 18:11:36.244 TRACE 55751 --- [    Test worker] o.h.type.descriptor.sql.BasicBinder      : binding parameter [6] as [BOOLEAN] - [false]
2020-06-10 18:11:36.245  INFO 55751 --- [    Test worker] .s.o.r.i.OrganisaatioSuhdeRepositoryImpl : addChild(1, 11, Wed Jun 10 18:11:36 EEST 2020)
Hibernate: 
    insert 
    into
        organisaatiosuhde
        (id, version, alkupvm, child_id, loppupvm, opetuspisteenjarjnro, parent_id, suhdetyyppi) 
    values
        (null, ?, ?, ?, ?, ?, ?, ?)
2020-06-10 18:11:36.247 TRACE 55751 --- [    Test worker] o.h.type.descriptor.sql.BasicBinder      : binding parameter [1] as [BIGINT] - [0]
2020-06-10 18:11:36.247 TRACE 55751 --- [    Test worker] o.h.type.descriptor.sql.BasicBinder      : binding parameter [2] as [DATE] - [Wed Jun 10 18:11:36 EEST 2020]
2020-06-10 18:11:36.247 TRACE 55751 --- [    Test worker] o.h.type.descriptor.sql.BasicBinder      : binding parameter [3] as [BIGINT] - [11]
2020-06-10 18:11:36.247 TRACE 55751 --- [    Test worker] o.h.type.descriptor.sql.BasicBinder      : binding parameter [4] as [DATE] - [null]
2020-06-10 18:11:36.247 TRACE 55751 --- [    Test worker] o.h.type.descriptor.sql.BasicBinder      : binding parameter [5] as [VARCHAR] - [null]
2020-06-10 18:11:36.247 TRACE 55751 --- [    Test worker] o.h.type.descriptor.sql.BasicBinder      : binding parameter [6] as [BIGINT] - [1]
2020-06-10 18:11:36.248 TRACE 55751 --- [    Test worker] o.h.type.descriptor.sql.BasicBinder      : binding parameter [7] as [VARCHAR] - [HISTORIA]
2020-06-10 18:11:36.248  INFO 55751 --- [    Test worker] .s.o.r.i.OrganisaatioSuhdeRepositoryImpl :     Created new child relation:  --> pId=1, cId=11, aPvm=Wed Jun 10 18:11:36 EEST 2020, lPvm=null
Hibernate: 
    select
        organisaat0_.id as id1_19_,
        organisaat0_.version as version2_19_,
        organisaat0_.alkupvm as alkupvm3_19_,
        organisaat0_.child_id as child_id7_19_,
        organisaat0_.loppupvm as loppupvm4_19_,
        organisaat0_.opetuspisteenjarjnro as opetuspi5_19_,
        organisaat0_.parent_id as parent_i8_19_,
        organisaat0_.suhdetyyppi as suhdetyy6_19_ 
    from
        organisaatiosuhde organisaat0_ 
    where
        organisaat0_.child_id=?
2020-06-10 18:11:36.250 TRACE 55751 --- [    Test worker] o.h.type.descriptor.sql.BasicBinder      : binding parameter [1] as [BIGINT] - [11]
2020-06-10 18:11:36.250 TRACE 55751 --- [    Test worker] o.h.type.descriptor.sql.BasicExtractor   : extracted value ([id1_19_] : [BIGINT]) - [10]
Hibernate: 
    select
        organisaat0_.id as id1_5_,
        organisaat0_.version as version2_5_,
        organisaat0_.alkupvm as alkupvm3_5_,
        organisaat0_.domainnimi as domainni4_5_,
        organisaat0_.kotipaikka as kotipaik5_5_,
        organisaat0_.kuvaus_mkt as kuvaus_28_5_,
        organisaat0_.lakkautuspvm as lakkautu6_5_,
        organisaat0_.maa as maa7_5_,
        organisaat0_.metadata_id as metadat29_5_,
        organisaat0_.nimi_mkt as nimi_mk30_5_,
        organisaat0_.nimihaku as nimihaku8_5_,
        organisaat0_.oid as oid9_5_,
        organisaat0_.opetuspisteenjarjnro as opetusp10_5_,
        organisaat0_.oppilaitoskoodi as oppilai11_5_,
        organisaat0_.oppilaitos_tyyppi as oppilai12_5_,
        organisaat0_.organisaatio_poistettu as organis13_5_,
        organisaat0_.paivittaja as paivitt14_5_,
        organisaat0_.paivityspvm as paivity15_5_,
        organisaat0_.parentidpath as parenti16_5_,
        organisaat0_.parentoidpath as parento17_5_,
        organisaat0_.piilotettu as piilote18_5_,
        organisaat0_.tarkastus_pvm as tarkast19_5_,
        organisaat0_.toimipistekoodi as toimipi20_5_,
        organisaat0_.tuontipvm as tuontip21_5_,
        organisaat0_.varhaiskasvatuksen_toimipaikka_tiedot_id as varhais31_5_,
        organisaat0_.virastotunnus as virasto22_5_,
        organisaat0_.yhteishaunkoulukoodi as yhteish23_5_,
        organisaat0_.yritysmuoto as yritysm24_5_,
        organisaat0_.ytj_kieli as ytj_kie25_5_,
        organisaat0_.ytjpaivityspvm as ytjpaiv26_5_,
        organisaat0_.ytunnus as ytunnus27_5_ 
    from
        organisaatio organisaat0_ 
    where
        organisaat0_.oid=?
2020-06-10 18:11:36.251 TRACE 55751 --- [    Test worker] o.h.type.descriptor.sql.BasicBinder      : binding parameter [1] as [VARCHAR] - [1.2.246.562.10.52914687012]
2020-06-10 18:11:36.252 TRACE 55751 --- [    Test worker] o.h.type.descriptor.sql.BasicExtractor   : extracted value ([id1_5_] : [BIGINT]) - [11]
Hibernate: 
    select
        organisaat0_.id as id1_5_,
        organisaat0_.version as version2_5_,
        organisaat0_.alkupvm as alkupvm3_5_,
        organisaat0_.domainnimi as domainni4_5_,
        organisaat0_.kotipaikka as kotipaik5_5_,
        organisaat0_.kuvaus_mkt as kuvaus_28_5_,
        organisaat0_.lakkautuspvm as lakkautu6_5_,
        organisaat0_.maa as maa7_5_,
        organisaat0_.metadata_id as metadat29_5_,
        organisaat0_.nimi_mkt as nimi_mk30_5_,
        organisaat0_.nimihaku as nimihaku8_5_,
        organisaat0_.oid as oid9_5_,
        organisaat0_.opetuspisteenjarjnro as opetusp10_5_,
        organisaat0_.oppilaitoskoodi as oppilai11_5_,
        organisaat0_.oppilaitos_tyyppi as oppilai12_5_,
        organisaat0_.organisaatio_poistettu as organis13_5_,
        organisaat0_.paivittaja as paivitt14_5_,
        organisaat0_.paivityspvm as paivity15_5_,
        organisaat0_.parentidpath as parenti16_5_,
        organisaat0_.parentoidpath as parento17_5_,
        organisaat0_.piilotettu as piilote18_5_,
        organisaat0_.tarkastus_pvm as tarkast19_5_,
        organisaat0_.toimipistekoodi as toimipi20_5_,
        organisaat0_.tuontipvm as tuontip21_5_,
        organisaat0_.varhaiskasvatuksen_toimipaikka_tiedot_id as varhais31_5_,
        organisaat0_.virastotunnus as virasto22_5_,
        organisaat0_.yhteishaunkoulukoodi as yhteish23_5_,
        organisaat0_.yritysmuoto as yritysm24_5_,
        organisaat0_.ytj_kieli as ytj_kie25_5_,
        organisaat0_.ytjpaivityspvm as ytjpaiv26_5_,
        organisaat0_.ytunnus as ytunnus27_5_ 
    from
        organisaatio organisaat0_ 
    where
        organisaat0_.oid=?
2020-06-10 18:11:36.256 TRACE 55751 --- [    Test worker] o.h.type.descriptor.sql.BasicBinder      : binding parameter [1] as [VARCHAR] - [1.2.246.562.10.70889092818]
Hibernate: 
    select
        organisaat0_.id as id1_5_,
        organisaat0_.version as version2_5_,
        organisaat0_.alkupvm as alkupvm3_5_,
        organisaat0_.domainnimi as domainni4_5_,
        organisaat0_.kotipaikka as kotipaik5_5_,
        organisaat0_.kuvaus_mkt as kuvaus_28_5_,
        organisaat0_.lakkautuspvm as lakkautu6_5_,
        organisaat0_.maa as maa7_5_,
        organisaat0_.metadata_id as metadat29_5_,
        organisaat0_.nimi_mkt as nimi_mk30_5_,
        organisaat0_.nimihaku as nimihaku8_5_,
        organisaat0_.oid as oid9_5_,
        organisaat0_.opetuspisteenjarjnro as opetusp10_5_,
        organisaat0_.oppilaitoskoodi as oppilai11_5_,
        organisaat0_.oppilaitos_tyyppi as oppilai12_5_,
        organisaat0_.organisaatio_poistettu as organis13_5_,
        organisaat0_.paivittaja as paivitt14_5_,
        organisaat0_.paivityspvm as paivity15_5_,
        organisaat0_.parentidpath as parenti16_5_,
        organisaat0_.parentoidpath as parento17_5_,
        organisaat0_.piilotettu as piilote18_5_,
        organisaat0_.tarkastus_pvm as tarkast19_5_,
        organisaat0_.toimipistekoodi as toimipi20_5_,
        organisaat0_.tuontipvm as tuontip21_5_,
        organisaat0_.varhaiskasvatuksen_toimipaikka_tiedot_id as varhais31_5_,
        organisaat0_.virastotunnus as virasto22_5_,
        organisaat0_.yhteishaunkoulukoodi as yhteish23_5_,
        organisaat0_.yritysmuoto as yritysm24_5_,
        organisaat0_.ytj_kieli as ytj_kie25_5_,
        organisaat0_.ytjpaivityspvm as ytjpaiv26_5_,
        organisaat0_.ytunnus as ytunnus27_5_ 
    from
        organisaatio organisaat0_ 
    where
        organisaat0_.oppilaitoskoodi=?
2020-06-10 18:11:36.258 TRACE 55751 --- [    Test worker] o.h.type.descriptor.sql.BasicBinder      : binding parameter [1] as [VARCHAR] - [oppilaitoskoodi]
Hibernate: 
    select
        organisaat0_.id as id1_5_,
        organisaat0_.version as version2_5_,
        organisaat0_.alkupvm as alkupvm3_5_,
        organisaat0_.domainnimi as domainni4_5_,
        organisaat0_.kotipaikka as kotipaik5_5_,
        organisaat0_.kuvaus_mkt as kuvaus_28_5_,
        organisaat0_.lakkautuspvm as lakkautu6_5_,
        organisaat0_.maa as maa7_5_,
        organisaat0_.metadata_id as metadat29_5_,
        organisaat0_.nimi_mkt as nimi_mk30_5_,
        organisaat0_.nimihaku as nimihaku8_5_,
        organisaat0_.oid as oid9_5_,
        organisaat0_.opetuspisteenjarjnro as opetusp10_5_,
        organisaat0_.oppilaitoskoodi as oppilai11_5_,
        organisaat0_.oppilaitos_tyyppi as oppilai12_5_,
        organisaat0_.organisaatio_poistettu as organis13_5_,
        organisaat0_.paivittaja as paivitt14_5_,
        organisaat0_.paivityspvm as paivity15_5_,
        organisaat0_.parentidpath as parenti16_5_,
        organisaat0_.parentoidpath as parento17_5_,
        organisaat0_.piilotettu as piilote18_5_,
        organisaat0_.tarkastus_pvm as tarkast19_5_,
        organisaat0_.toimipistekoodi as toimipi20_5_,
        organisaat0_.tuontipvm as tuontip21_5_,
        organisaat0_.varhaiskasvatuksen_toimipaikka_tiedot_id as varhais31_5_,
        organisaat0_.virastotunnus as virasto22_5_,
        organisaat0_.yhteishaunkoulukoodi as yhteish23_5_,
        organisaat0_.yritysmuoto as yritysm24_5_,
        organisaat0_.ytj_kieli as ytj_kie25_5_,
        organisaat0_.ytjpaivityspvm as ytjpaiv26_5_,
        organisaat0_.ytunnus as ytunnus27_5_ 
    from
        organisaatio organisaat0_ 
    where
        organisaat0_.oid=?
2020-06-10 18:11:36.259 TRACE 55751 --- [    Test worker] o.h.type.descriptor.sql.BasicBinder      : binding parameter [1] as [VARCHAR] - [1.2.246.562.10.52914687012]
2020-06-10 18:11:36.260 TRACE 55751 --- [    Test worker] o.h.type.descriptor.sql.BasicExtractor   : extracted value ([id1_5_] : [BIGINT]) - [11]
2020-06-10 18:11:36.512  WARN 55751 --- [    Test worker] fi.vm.sade.javautils.http.OphHttpClient  : Failed to CAS authenticate. Renewing proxy ticket.
Hibernate: 
    select
        organisaat0_.id as id1_5_,
        organisaat0_.version as version2_5_,
        organisaat0_.alkupvm as alkupvm3_5_,
        organisaat0_.domainnimi as domainni4_5_,
        organisaat0_.kotipaikka as kotipaik5_5_,
        organisaat0_.kuvaus_mkt as kuvaus_28_5_,
        organisaat0_.lakkautuspvm as lakkautu6_5_,
        organisaat0_.maa as maa7_5_,
        organisaat0_.metadata_id as metadat29_5_,
        organisaat0_.nimi_mkt as nimi_mk30_5_,
        organisaat0_.nimihaku as nimihaku8_5_,
        organisaat0_.oid as oid9_5_,
        organisaat0_.opetuspisteenjarjnro as opetusp10_5_,
        organisaat0_.oppilaitoskoodi as oppilai11_5_,
        organisaat0_.oppilaitos_tyyppi as oppilai12_5_,
        organisaat0_.organisaatio_poistettu as organis13_5_,
        organisaat0_.paivittaja as paivitt14_5_,
        organisaat0_.paivityspvm as paivity15_5_,
        organisaat0_.parentidpath as parenti16_5_,
        organisaat0_.parentoidpath as parento17_5_,
        organisaat0_.piilotettu as piilote18_5_,
        organisaat0_.tarkastus_pvm as tarkast19_5_,
        organisaat0_.toimipistekoodi as toimipi20_5_,
        organisaat0_.tuontipvm as tuontip21_5_,
        organisaat0_.varhaiskasvatuksen_toimipaikka_tiedot_id as varhais31_5_,
        organisaat0_.virastotunnus as virasto22_5_,
        organisaat0_.yhteishaunkoulukoodi as yhteish23_5_,
        organisaat0_.yritysmuoto as yritysm24_5_,
        organisaat0_.ytj_kieli as ytj_kie25_5_,
        organisaat0_.ytjpaivityspvm as ytjpaiv26_5_,
        organisaat0_.ytunnus as ytunnus27_5_ 
    from
        organisaatio organisaat0_ 
    where
        organisaat0_.oid=?
2020-06-10 18:11:36.657 TRACE 55751 --- [    Test worker] o.h.type.descriptor.sql.BasicBinder      : binding parameter [1] as [VARCHAR] - [1.2.246.562.10.52914687012]
2020-06-10 18:11:36.657 TRACE 55751 --- [    Test worker] o.h.type.descriptor.sql.BasicExtractor   : extracted value ([id1_5_] : [BIGINT]) - [11]
Hibernate: 
    select
        organisaat0_.id as id1_5_,
        organisaat0_.version as version2_5_,
        organisaat0_.alkupvm as alkupvm3_5_,
        organisaat0_.domainnimi as domainni4_5_,
        organisaat0_.kotipaikka as kotipaik5_5_,
        organisaat0_.kuvaus_mkt as kuvaus_28_5_,
        organisaat0_.lakkautuspvm as lakkautu6_5_,
        organisaat0_.maa as maa7_5_,
        organisaat0_.metadata_id as metadat29_5_,
        organisaat0_.nimi_mkt as nimi_mk30_5_,
        organisaat0_.nimihaku as nimihaku8_5_,
        organisaat0_.oid as oid9_5_,
        organisaat0_.opetuspisteenjarjnro as opetusp10_5_,
        organisaat0_.oppilaitoskoodi as oppilai11_5_,
        organisaat0_.oppilaitos_tyyppi as oppilai12_5_,
        organisaat0_.organisaatio_poistettu as organis13_5_,
        organisaat0_.paivittaja as paivitt14_5_,
        organisaat0_.paivityspvm as paivity15_5_,
        organisaat0_.parentidpath as parenti16_5_,
        organisaat0_.parentoidpath as parento17_5_,
        organisaat0_.piilotettu as piilote18_5_,
        organisaat0_.tarkastus_pvm as tarkast19_5_,
        organisaat0_.toimipistekoodi as toimipi20_5_,
        organisaat0_.tuontipvm as tuontip21_5_,
        organisaat0_.varhaiskasvatuksen_toimipaikka_tiedot_id as varhais31_5_,
        organisaat0_.virastotunnus as virasto22_5_,
        organisaat0_.yhteishaunkoulukoodi as yhteish23_5_,
        organisaat0_.yritysmuoto as yritysm24_5_,
        organisaat0_.ytj_kieli as ytj_kie25_5_,
        organisaat0_.ytjpaivityspvm as ytjpaiv26_5_,
        organisaat0_.ytunnus as ytunnus27_5_ 
    from
        organisaatio organisaat0_ 
    where
        organisaat0_.oid=?
2020-06-10 18:11:36.659 TRACE 55751 --- [    Test worker] o.h.type.descriptor.sql.BasicBinder      : binding parameter [1] as [VARCHAR] - [1.2.246.562.10.52914687012]
2020-06-10 18:11:36.659 TRACE 55751 --- [    Test worker] o.h.type.descriptor.sql.BasicExtractor   : extracted value ([id1_5_] : [BIGINT]) - [11]
Hibernate: 
    insert 
    into
        monikielinen_teksti
        (id, version) 
    values
        (null, ?)
2020-06-10 18:11:36.662 TRACE 55751 --- [    Test worker] o.h.type.descriptor.sql.BasicBinder      : binding parameter [1] as [BIGINT] - [0]
Hibernate: 
    insert 
    into
        monikielinen_teksti
        (id, version) 
    values
        (null, ?)
2020-06-10 18:11:36.662 TRACE 55751 --- [    Test worker] o.h.type.descriptor.sql.BasicBinder      : binding parameter [1] as [BIGINT] - [0]
Hibernate: 
    insert 
    into
        organisaatio
        (id, version, alkupvm, domainnimi, kotipaikka, kuvaus_mkt, lakkautuspvm, maa, metadata_id, nimi_mkt, nimihaku, oid, opetuspisteenjarjnro, oppilaitoskoodi, oppilaitos_tyyppi, organisaatio_poistettu, paivittaja, paivityspvm, parentidpath, parentoidpath, piilotettu, tarkastus_pvm, toimipistekoodi, tuontipvm, varhaiskasvatuksen_toimipaikka_tiedot_id, virastotunnus, yhteishaunkoulukoodi, yritysmuoto, ytj_kieli, ytjpaivityspvm, ytunnus) 
    values
        (null, ?, ?, ?, ?, ?, ?, ?, ?, ?, ?, ?, ?, ?, ?, ?, ?, ?, ?, ?, ?, ?, ?, ?, ?, ?, ?, ?, ?, ?, ?)
2020-06-10 18:11:36.663 TRACE 55751 --- [    Test worker] o.h.type.descriptor.sql.BasicBinder      : binding parameter [1] as [BIGINT] - [0]
2020-06-10 18:11:36.663 TRACE 55751 --- [    Test worker] o.h.type.descriptor.sql.BasicBinder      : binding parameter [2] as [DATE] - [Fri Dec 31 00:00:00 EET 1999]
2020-06-10 18:11:36.663 TRACE 55751 --- [    Test worker] o.h.type.descriptor.sql.BasicBinder      : binding parameter [3] as [VARCHAR] - [null]
2020-06-10 18:11:36.663 TRACE 55751 --- [    Test worker] o.h.type.descriptor.sql.BasicBinder      : binding parameter [4] as [VARCHAR] - [kunta_092]
2020-06-10 18:11:36.663 TRACE 55751 --- [    Test worker] o.h.type.descriptor.sql.BasicBinder      : binding parameter [5] as [BIGINT] - [1003]
2020-06-10 18:11:36.663 TRACE 55751 --- [    Test worker] o.h.type.descriptor.sql.BasicBinder      : binding parameter [6] as [DATE] - [null]
2020-06-10 18:11:36.663 TRACE 55751 --- [    Test worker] o.h.type.descriptor.sql.BasicBinder      : binding parameter [7] as [VARCHAR] - [maatjavaltiot1_fin]
2020-06-10 18:11:36.663 TRACE 55751 --- [    Test worker] o.h.type.descriptor.sql.BasicBinder      : binding parameter [8] as [BIGINT] - [null]
2020-06-10 18:11:36.664 TRACE 55751 --- [    Test worker] o.h.type.descriptor.sql.BasicBinder      : binding parameter [9] as [BIGINT] - [1004]
2020-06-10 18:11:36.664 TRACE 55751 --- [    Test worker] o.h.type.descriptor.sql.BasicBinder      : binding parameter [10] as [VARCHAR] - [,oppilaitos1]
2020-06-10 18:11:36.664 TRACE 55751 --- [    Test worker] o.h.type.descriptor.sql.BasicBinder      : binding parameter [11] as [VARCHAR] - [1.2.246.562.10.70889092818]
2020-06-10 18:11:36.664 TRACE 55751 --- [    Test worker] o.h.type.descriptor.sql.BasicBinder      : binding parameter [12] as [VARCHAR] - [null]
2020-06-10 18:11:36.664 TRACE 55751 --- [    Test worker] o.h.type.descriptor.sql.BasicBinder      : binding parameter [13] as [VARCHAR] - [oppilaitoskoodi]
2020-06-10 18:11:36.664 TRACE 55751 --- [    Test worker] o.h.type.descriptor.sql.BasicBinder      : binding parameter [14] as [VARCHAR] - [null]
2020-06-10 18:11:36.664 TRACE 55751 --- [    Test worker] o.h.type.descriptor.sql.BasicBinder      : binding parameter [15] as [BOOLEAN] - [false]
2020-06-10 18:11:36.664 TRACE 55751 --- [    Test worker] o.h.type.descriptor.sql.BasicBinder      : binding parameter [16] as [VARCHAR] - [ophadmin]
2020-06-10 18:11:36.664 TRACE 55751 --- [    Test worker] o.h.type.descriptor.sql.BasicBinder      : binding parameter [17] as [TIMESTAMP] - [Wed Jun 10 18:11:36 EEST 2020]
2020-06-10 18:11:36.664 TRACE 55751 --- [    Test worker] o.h.type.descriptor.sql.BasicBinder      : binding parameter [18] as [VARCHAR] - [|1|11|]
2020-06-10 18:11:36.664 TRACE 55751 --- [    Test worker] o.h.type.descriptor.sql.BasicBinder      : binding parameter [19] as [VARCHAR] - [|1.2.246.562.24.00000000001|1.2.246.562.10.52914687012|]
2020-06-10 18:11:36.664 TRACE 55751 --- [    Test worker] o.h.type.descriptor.sql.BasicBinder      : binding parameter [20] as [BOOLEAN] - [false]
2020-06-10 18:11:36.664 TRACE 55751 --- [    Test worker] o.h.type.descriptor.sql.BasicBinder      : binding parameter [21] as [TIMESTAMP] - [null]
2020-06-10 18:11:36.664 TRACE 55751 --- [    Test worker] o.h.type.descriptor.sql.BasicBinder      : binding parameter [22] as [VARCHAR] - [oppilaitoskoodi]
2020-06-10 18:11:36.664 TRACE 55751 --- [    Test worker] o.h.type.descriptor.sql.BasicBinder      : binding parameter [23] as [TIMESTAMP] - [null]
2020-06-10 18:11:36.664 TRACE 55751 --- [    Test worker] o.h.type.descriptor.sql.BasicBinder      : binding parameter [24] as [BIGINT] - [null]
2020-06-10 18:11:36.664 TRACE 55751 --- [    Test worker] o.h.type.descriptor.sql.BasicBinder      : binding parameter [25] as [VARCHAR] - [null]
2020-06-10 18:11:36.664 TRACE 55751 --- [    Test worker] o.h.type.descriptor.sql.BasicBinder      : binding parameter [26] as [VARCHAR] - [null]
2020-06-10 18:11:36.664 TRACE 55751 --- [    Test worker] o.h.type.descriptor.sql.BasicBinder      : binding parameter [27] as [VARCHAR] - [null]
2020-06-10 18:11:36.664 TRACE 55751 --- [    Test worker] o.h.type.descriptor.sql.BasicBinder      : binding parameter [28] as [VARCHAR] - [null]
2020-06-10 18:11:36.664 TRACE 55751 --- [    Test worker] o.h.type.descriptor.sql.BasicBinder      : binding parameter [29] as [DATE] - [null]
2020-06-10 18:11:36.664 TRACE 55751 --- [    Test worker] o.h.type.descriptor.sql.BasicBinder      : binding parameter [30] as [VARCHAR] - [null]
Hibernate: 
    insert 
    into
        organisaatio_nimi
        (id, version, alkupvm, nimi_mkt, organisaatio_id, paivittaja) 
    values
        (null, ?, ?, ?, ?, ?)
2020-06-10 18:11:36.665 TRACE 55751 --- [    Test worker] o.h.type.descriptor.sql.BasicBinder      : binding parameter [1] as [BIGINT] - [0]
2020-06-10 18:11:36.665 TRACE 55751 --- [    Test worker] o.h.type.descriptor.sql.BasicBinder      : binding parameter [2] as [DATE] - [Wed Jun 10 18:11:36 EEST 2020]
2020-06-10 18:11:36.666 TRACE 55751 --- [    Test worker] o.h.type.descriptor.sql.BasicBinder      : binding parameter [3] as [BIGINT] - [1004]
2020-06-10 18:11:36.666 TRACE 55751 --- [    Test worker] o.h.type.descriptor.sql.BasicBinder      : binding parameter [4] as [BIGINT] - [12]
2020-06-10 18:11:36.666 TRACE 55751 --- [    Test worker] o.h.type.descriptor.sql.BasicBinder      : binding parameter [5] as [VARCHAR] - [null]
Hibernate: 
    insert 
    into
        yhteystieto
        (id, version, kieli, organisaatio_id, yhteystieto_oid, email, dtype) 
    values
        (null, ?, ?, ?, ?, ?, 'Email')
2020-06-10 18:11:36.666 TRACE 55751 --- [    Test worker] o.h.type.descriptor.sql.BasicBinder      : binding parameter [1] as [BIGINT] - [0]
2020-06-10 18:11:36.666 TRACE 55751 --- [    Test worker] o.h.type.descriptor.sql.BasicBinder      : binding parameter [2] as [VARCHAR] - [kieli_fi#1]
2020-06-10 18:11:36.666 TRACE 55751 --- [    Test worker] o.h.type.descriptor.sql.BasicBinder      : binding parameter [3] as [BIGINT] - [12]
2020-06-10 18:11:36.666 TRACE 55751 --- [    Test worker] o.h.type.descriptor.sql.BasicBinder      : binding parameter [4] as [VARCHAR] - [15918018962560.9066930542584469]
2020-06-10 18:11:36.667 TRACE 55751 --- [    Test worker] o.h.type.descriptor.sql.BasicBinder      : binding parameter [5] as [VARCHAR] - [asd@asd.asd]
Hibernate: 
    insert 
    into
        yhteystieto
        (id, version, kieli, organisaatio_id, yhteystieto_oid, www_osoite, dtype) 
    values
        (null, ?, ?, ?, ?, ?, 'Www')
2020-06-10 18:11:36.667 TRACE 55751 --- [    Test worker] o.h.type.descriptor.sql.BasicBinder      : binding parameter [1] as [BIGINT] - [0]
2020-06-10 18:11:36.667 TRACE 55751 --- [    Test worker] o.h.type.descriptor.sql.BasicBinder      : binding parameter [2] as [VARCHAR] - [kieli_fi#1]
2020-06-10 18:11:36.667 TRACE 55751 --- [    Test worker] o.h.type.descriptor.sql.BasicBinder      : binding parameter [3] as [BIGINT] - [12]
2020-06-10 18:11:36.667 TRACE 55751 --- [    Test worker] o.h.type.descriptor.sql.BasicBinder      : binding parameter [4] as [VARCHAR] - [15918018962560.7848671206029204]
2020-06-10 18:11:36.667 TRACE 55751 --- [    Test worker] o.h.type.descriptor.sql.BasicBinder      : binding parameter [5] as [VARCHAR] - [http://test.oph.fi]
Hibernate: 
    insert 
    into
        yhteystieto
        (id, version, kieli, organisaatio_id, yhteystieto_oid, coordinatetype, extrarivi, lat, lng, maa, osavaltio, osoite, osoite_tyyppi, postinumero, postitoimipaikka, ytjpaivityspvm, dtype) 
    values
        (null, ?, ?, ?, ?, ?, ?, ?, ?, ?, ?, ?, ?, ?, ?, ?, 'Osoite')
2020-06-10 18:11:36.668 TRACE 55751 --- [    Test worker] o.h.type.descriptor.sql.BasicBinder      : binding parameter [1] as [BIGINT] - [0]
2020-06-10 18:11:36.668 TRACE 55751 --- [    Test worker] o.h.type.descriptor.sql.BasicBinder      : binding parameter [2] as [VARCHAR] - [kieli_fi#1]
2020-06-10 18:11:36.668 TRACE 55751 --- [    Test worker] o.h.type.descriptor.sql.BasicBinder      : binding parameter [3] as [BIGINT] - [12]
2020-06-10 18:11:36.668 TRACE 55751 --- [    Test worker] o.h.type.descriptor.sql.BasicBinder      : binding parameter [4] as [VARCHAR] - [1.2.246.562.5.75015826191]
2020-06-10 18:11:36.668 TRACE 55751 --- [    Test worker] o.h.type.descriptor.sql.BasicBinder      : binding parameter [5] as [VARCHAR] - [null]
2020-06-10 18:11:36.668 TRACE 55751 --- [    Test worker] o.h.type.descriptor.sql.BasicBinder      : binding parameter [6] as [VARCHAR] - [null]
2020-06-10 18:11:36.668 TRACE 55751 --- [    Test worker] o.h.type.descriptor.sql.BasicBinder      : binding parameter [7] as [DOUBLE] - [null]
2020-06-10 18:11:36.668 TRACE 55751 --- [    Test worker] o.h.type.descriptor.sql.BasicBinder      : binding parameter [8] as [DOUBLE] - [null]
2020-06-10 18:11:36.668 TRACE 55751 --- [    Test worker] o.h.type.descriptor.sql.BasicBinder      : binding parameter [9] as [VARCHAR] - [null]
2020-06-10 18:11:36.669 TRACE 55751 --- [    Test worker] o.h.type.descriptor.sql.BasicBinder      : binding parameter [10] as [VARCHAR] - [null]
2020-06-10 18:11:36.669 TRACE 55751 --- [    Test worker] o.h.type.descriptor.sql.BasicBinder      : binding parameter [11] as [VARCHAR] - [Postiosoite 1A]
2020-06-10 18:11:36.669 TRACE 55751 --- [    Test worker] o.h.type.descriptor.sql.BasicBinder      : binding parameter [12] as [VARCHAR] - [posti]
2020-06-10 18:11:36.669 TRACE 55751 --- [    Test worker] o.h.type.descriptor.sql.BasicBinder      : binding parameter [13] as [VARCHAR] - [00550]
2020-06-10 18:11:36.669 TRACE 55751 --- [    Test worker] o.h.type.descriptor.sql.BasicBinder      : binding parameter [14] as [VARCHAR] - [Helsinki]
2020-06-10 18:11:36.669 TRACE 55751 --- [    Test worker] o.h.type.descriptor.sql.BasicBinder      : binding parameter [15] as [DATE] - [null]
Hibernate: 
    insert 
    into
        yhteystieto
        (id, version, kieli, organisaatio_id, yhteystieto_oid, puhelinnumero, tyyppi, dtype) 
    values
        (null, ?, ?, ?, ?, ?, ?, 'Puhelinnumero')
2020-06-10 18:11:36.669 TRACE 55751 --- [    Test worker] o.h.type.descriptor.sql.BasicBinder      : binding parameter [1] as [BIGINT] - [0]
2020-06-10 18:11:36.669 TRACE 55751 --- [    Test worker] o.h.type.descriptor.sql.BasicBinder      : binding parameter [2] as [VARCHAR] - [kieli_fi#1]
2020-06-10 18:11:36.670 TRACE 55751 --- [    Test worker] o.h.type.descriptor.sql.BasicBinder      : binding parameter [3] as [BIGINT] - [12]
2020-06-10 18:11:36.670 TRACE 55751 --- [    Test worker] o.h.type.descriptor.sql.BasicBinder      : binding parameter [4] as [VARCHAR] - [1.2.246.562.5.22186336015]
2020-06-10 18:11:36.670 TRACE 55751 --- [    Test worker] o.h.type.descriptor.sql.BasicBinder      : binding parameter [5] as [VARCHAR] - [123]
2020-06-10 18:11:36.670 TRACE 55751 --- [    Test worker] o.h.type.descriptor.sql.BasicBinder      : binding parameter [6] as [VARCHAR] - [puhelin]
Hibernate: 
    insert 
    into
        yhteystieto
        (id, version, kieli, organisaatio_id, yhteystieto_oid, coordinatetype, extrarivi, lat, lng, maa, osavaltio, osoite, osoite_tyyppi, postinumero, postitoimipaikka, ytjpaivityspvm, dtype) 
    values
        (null, ?, ?, ?, ?, ?, ?, ?, ?, ?, ?, ?, ?, ?, ?, ?, 'Osoite')
2020-06-10 18:11:36.670 TRACE 55751 --- [    Test worker] o.h.type.descriptor.sql.BasicBinder      : binding parameter [1] as [BIGINT] - [0]
2020-06-10 18:11:36.670 TRACE 55751 --- [    Test worker] o.h.type.descriptor.sql.BasicBinder      : binding parameter [2] as [VARCHAR] - [kieli_fi#1]
2020-06-10 18:11:36.671 TRACE 55751 --- [    Test worker] o.h.type.descriptor.sql.BasicBinder      : binding parameter [3] as [BIGINT] - [12]
2020-06-10 18:11:36.671 TRACE 55751 --- [    Test worker] o.h.type.descriptor.sql.BasicBinder      : binding parameter [4] as [VARCHAR] - [1.2.246.562.5.32821072380]
2020-06-10 18:11:36.671 TRACE 55751 --- [    Test worker] o.h.type.descriptor.sql.BasicBinder      : binding parameter [5] as [VARCHAR] - [null]
2020-06-10 18:11:36.671 TRACE 55751 --- [    Test worker] o.h.type.descriptor.sql.BasicBinder      : binding parameter [6] as [VARCHAR] - [null]
2020-06-10 18:11:36.671 TRACE 55751 --- [    Test worker] o.h.type.descriptor.sql.BasicBinder      : binding parameter [7] as [DOUBLE] - [null]
2020-06-10 18:11:36.671 TRACE 55751 --- [    Test worker] o.h.type.descriptor.sql.BasicBinder      : binding parameter [8] as [DOUBLE] - [null]
2020-06-10 18:11:36.671 TRACE 55751 --- [    Test worker] o.h.type.descriptor.sql.BasicBinder      : binding parameter [9] as [VARCHAR] - [null]
2020-06-10 18:11:36.671 TRACE 55751 --- [    Test worker] o.h.type.descriptor.sql.BasicBinder      : binding parameter [10] as [VARCHAR] - [null]
2020-06-10 18:11:36.671 TRACE 55751 --- [    Test worker] o.h.type.descriptor.sql.BasicBinder      : binding parameter [11] as [VARCHAR] - [Kayntiosoite 2B]
2020-06-10 18:11:36.671 TRACE 55751 --- [    Test worker] o.h.type.descriptor.sql.BasicBinder      : binding parameter [12] as [VARCHAR] - [kaynti]
2020-06-10 18:11:36.671 TRACE 55751 --- [    Test worker] o.h.type.descriptor.sql.BasicBinder      : binding parameter [13] as [VARCHAR] - [posti_00550]
2020-06-10 18:11:36.671 TRACE 55751 --- [    Test worker] o.h.type.descriptor.sql.BasicBinder      : binding parameter [14] as [VARCHAR] - [Helsinki]
2020-06-10 18:11:36.671 TRACE 55751 --- [    Test worker] o.h.type.descriptor.sql.BasicBinder      : binding parameter [15] as [DATE] - [null]
2020-06-10 18:11:36.671  INFO 55751 --- [    Test worker] .s.o.r.i.OrganisaatioSuhdeRepositoryImpl : findParentTo(12, Wed Jun 10 18:11:36 EEST 2020)
Hibernate: 
    update
        organisaatio 
    set
        version=?,
        alkupvm=?,
        domainnimi=?,
        kotipaikka=?,
        kuvaus_mkt=?,
        lakkautuspvm=?,
        maa=?,
        metadata_id=?,
        nimi_mkt=?,
        nimihaku=?,
        oid=?,
        opetuspisteenjarjnro=?,
        oppilaitoskoodi=?,
        oppilaitos_tyyppi=?,
        organisaatio_poistettu=?,
        paivittaja=?,
        paivityspvm=?,
        parentidpath=?,
        parentoidpath=?,
        piilotettu=?,
        tarkastus_pvm=?,
        toimipistekoodi=?,
        tuontipvm=?,
        varhaiskasvatuksen_toimipaikka_tiedot_id=?,
        virastotunnus=?,
        yhteishaunkoulukoodi=?,
        yritysmuoto=?,
        ytj_kieli=?,
        ytjpaivityspvm=?,
        ytunnus=? 
    where
        id=? 
        and version=?
2020-06-10 18:11:36.673 TRACE 55751 --- [    Test worker] o.h.type.descriptor.sql.BasicBinder      : binding parameter [1] as [BIGINT] - [1]
2020-06-10 18:11:36.673 TRACE 55751 --- [    Test worker] o.h.type.descriptor.sql.BasicBinder      : binding parameter [2] as [DATE] - [Fri Dec 31 00:00:00 EET 1999]
2020-06-10 18:11:36.673 TRACE 55751 --- [    Test worker] o.h.type.descriptor.sql.BasicBinder      : binding parameter [3] as [VARCHAR] - [null]
2020-06-10 18:11:36.673 TRACE 55751 --- [    Test worker] o.h.type.descriptor.sql.BasicBinder      : binding parameter [4] as [VARCHAR] - [kunta_092]
2020-06-10 18:11:36.673 TRACE 55751 --- [    Test worker] o.h.type.descriptor.sql.BasicBinder      : binding parameter [5] as [BIGINT] - [1003]
2020-06-10 18:11:36.673 TRACE 55751 --- [    Test worker] o.h.type.descriptor.sql.BasicBinder      : binding parameter [6] as [DATE] - [null]
2020-06-10 18:11:36.673 TRACE 55751 --- [    Test worker] o.h.type.descriptor.sql.BasicBinder      : binding parameter [7] as [VARCHAR] - [maatjavaltiot1_fin]
2020-06-10 18:11:36.673 TRACE 55751 --- [    Test worker] o.h.type.descriptor.sql.BasicBinder      : binding parameter [8] as [BIGINT] - [null]
2020-06-10 18:11:36.673 TRACE 55751 --- [    Test worker] o.h.type.descriptor.sql.BasicBinder      : binding parameter [9] as [BIGINT] - [1004]
2020-06-10 18:11:36.673 TRACE 55751 --- [    Test worker] o.h.type.descriptor.sql.BasicBinder      : binding parameter [10] as [VARCHAR] - [,oppilaitos1]
2020-06-10 18:11:36.673 TRACE 55751 --- [    Test worker] o.h.type.descriptor.sql.BasicBinder      : binding parameter [11] as [VARCHAR] - [1.2.246.562.10.70889092818]
2020-06-10 18:11:36.673 TRACE 55751 --- [    Test worker] o.h.type.descriptor.sql.BasicBinder      : binding parameter [12] as [VARCHAR] - [null]
2020-06-10 18:11:36.673 TRACE 55751 --- [    Test worker] o.h.type.descriptor.sql.BasicBinder      : binding parameter [13] as [VARCHAR] - [oppilaitoskoodi]
2020-06-10 18:11:36.673 TRACE 55751 --- [    Test worker] o.h.type.descriptor.sql.BasicBinder      : binding parameter [14] as [VARCHAR] - [null]
2020-06-10 18:11:36.673 TRACE 55751 --- [    Test worker] o.h.type.descriptor.sql.BasicBinder      : binding parameter [15] as [BOOLEAN] - [false]
2020-06-10 18:11:36.673 TRACE 55751 --- [    Test worker] o.h.type.descriptor.sql.BasicBinder      : binding parameter [16] as [VARCHAR] - [ophadmin]
2020-06-10 18:11:36.673 TRACE 55751 --- [    Test worker] o.h.type.descriptor.sql.BasicBinder      : binding parameter [17] as [TIMESTAMP] - [Wed Jun 10 18:11:36 EEST 2020]
2020-06-10 18:11:36.673 TRACE 55751 --- [    Test worker] o.h.type.descriptor.sql.BasicBinder      : binding parameter [18] as [VARCHAR] - [|1|11|]
2020-06-10 18:11:36.673 TRACE 55751 --- [    Test worker] o.h.type.descriptor.sql.BasicBinder      : binding parameter [19] as [VARCHAR] - [|1.2.246.562.24.00000000001|1.2.246.562.10.52914687012|]
2020-06-10 18:11:36.673 TRACE 55751 --- [    Test worker] o.h.type.descriptor.sql.BasicBinder      : binding parameter [20] as [BOOLEAN] - [false]
2020-06-10 18:11:36.674 TRACE 55751 --- [    Test worker] o.h.type.descriptor.sql.BasicBinder      : binding parameter [21] as [TIMESTAMP] - [null]
2020-06-10 18:11:36.674 TRACE 55751 --- [    Test worker] o.h.type.descriptor.sql.BasicBinder      : binding parameter [22] as [VARCHAR] - [oppilaitoskoodi]
2020-06-10 18:11:36.674 TRACE 55751 --- [    Test worker] o.h.type.descriptor.sql.BasicBinder      : binding parameter [23] as [TIMESTAMP] - [null]
2020-06-10 18:11:36.674 TRACE 55751 --- [    Test worker] o.h.type.descriptor.sql.BasicBinder      : binding parameter [24] as [BIGINT] - [null]
2020-06-10 18:11:36.674 TRACE 55751 --- [    Test worker] o.h.type.descriptor.sql.BasicBinder      : binding parameter [25] as [VARCHAR] - [null]
2020-06-10 18:11:36.674 TRACE 55751 --- [    Test worker] o.h.type.descriptor.sql.BasicBinder      : binding parameter [26] as [VARCHAR] - [null]
2020-06-10 18:11:36.674 TRACE 55751 --- [    Test worker] o.h.type.descriptor.sql.BasicBinder      : binding parameter [27] as [VARCHAR] - [null]
2020-06-10 18:11:36.674 TRACE 55751 --- [    Test worker] o.h.type.descriptor.sql.BasicBinder      : binding parameter [28] as [VARCHAR] - [null]
2020-06-10 18:11:36.674 TRACE 55751 --- [    Test worker] o.h.type.descriptor.sql.BasicBinder      : binding parameter [29] as [DATE] - [null]
2020-06-10 18:11:36.674 TRACE 55751 --- [    Test worker] o.h.type.descriptor.sql.BasicBinder      : binding parameter [30] as [VARCHAR] - [null]
2020-06-10 18:11:36.674 TRACE 55751 --- [    Test worker] o.h.type.descriptor.sql.BasicBinder      : binding parameter [31] as [BIGINT] - [12]
2020-06-10 18:11:36.674 TRACE 55751 --- [    Test worker] o.h.type.descriptor.sql.BasicBinder      : binding parameter [32] as [BIGINT] - [0]
Hibernate: 
    insert 
    into
        organisaatio_kielet
        (organisaatio_id, kielet) 
    values
        (?, ?)
2020-06-10 18:11:36.674 TRACE 55751 --- [    Test worker] o.h.type.descriptor.sql.BasicBinder      : binding parameter [1] as [BIGINT] - [12]
2020-06-10 18:11:36.674 TRACE 55751 --- [    Test worker] o.h.type.descriptor.sql.BasicBinder      : binding parameter [2] as [VARCHAR] - [oppilaitoksenopetuskieli_1#1]
Hibernate: 
    insert 
    into
        organisaatio_tyypit
        (organisaatio_id, tyypit) 
    values
        (?, ?)
2020-06-10 18:11:36.675 TRACE 55751 --- [    Test worker] o.h.type.descriptor.sql.BasicBinder      : binding parameter [1] as [BIGINT] - [12]
2020-06-10 18:11:36.675 TRACE 55751 --- [    Test worker] o.h.type.descriptor.sql.BasicBinder      : binding parameter [2] as [VARCHAR] - [organisaatiotyyppi_02]
Hibernate: 
    insert 
    into
        monikielinen_teksti_values
        (id, key, value) 
    values
        (?, ?, ?)
2020-06-10 18:11:36.675 TRACE 55751 --- [    Test worker] o.h.type.descriptor.sql.BasicBinder      : binding parameter [1] as [BIGINT] - [1004]
2020-06-10 18:11:36.675 TRACE 55751 --- [    Test worker] o.h.type.descriptor.sql.BasicBinder      : binding parameter [2] as [VARCHAR] - [fi]
2020-06-10 18:11:36.675 TRACE 55751 --- [    Test worker] o.h.type.descriptor.sql.BasicBinder      : binding parameter [3] as [VARCHAR] - [oppilaitos1]
Hibernate: 
    select
        organisaat0_.id as id1_19_0_,
        organisaat1_.id as id1_5_1_,
        organisaat0_.version as version2_19_0_,
        organisaat0_.alkupvm as alkupvm3_19_0_,
        organisaat0_.child_id as child_id7_19_0_,
        organisaat0_.loppupvm as loppupvm4_19_0_,
        organisaat0_.opetuspisteenjarjnro as opetuspi5_19_0_,
        organisaat0_.parent_id as parent_i8_19_0_,
        organisaat0_.suhdetyyppi as suhdetyy6_19_0_,
        organisaat1_.version as version2_5_1_,
        organisaat1_.alkupvm as alkupvm3_5_1_,
        organisaat1_.domainnimi as domainni4_5_1_,
        organisaat1_.kotipaikka as kotipaik5_5_1_,
        organisaat1_.kuvaus_mkt as kuvaus_28_5_1_,
        organisaat1_.lakkautuspvm as lakkautu6_5_1_,
        organisaat1_.maa as maa7_5_1_,
        organisaat1_.metadata_id as metadat29_5_1_,
        organisaat1_.nimi_mkt as nimi_mk30_5_1_,
        organisaat1_.nimihaku as nimihaku8_5_1_,
        organisaat1_.oid as oid9_5_1_,
        organisaat1_.opetuspisteenjarjnro as opetusp10_5_1_,
        organisaat1_.oppilaitoskoodi as oppilai11_5_1_,
        organisaat1_.oppilaitos_tyyppi as oppilai12_5_1_,
        organisaat1_.organisaatio_poistettu as organis13_5_1_,
        organisaat1_.paivittaja as paivitt14_5_1_,
        organisaat1_.paivityspvm as paivity15_5_1_,
        organisaat1_.parentidpath as parenti16_5_1_,
        organisaat1_.parentoidpath as parento17_5_1_,
        organisaat1_.piilotettu as piilote18_5_1_,
        organisaat1_.tarkastus_pvm as tarkast19_5_1_,
        organisaat1_.toimipistekoodi as toimipi20_5_1_,
        organisaat1_.tuontipvm as tuontip21_5_1_,
        organisaat1_.varhaiskasvatuksen_toimipaikka_tiedot_id as varhais31_5_1_,
        organisaat1_.virastotunnus as virasto22_5_1_,
        organisaat1_.yhteishaunkoulukoodi as yhteish23_5_1_,
        organisaat1_.yritysmuoto as yritysm24_5_1_,
        organisaat1_.ytj_kieli as ytj_kie25_5_1_,
        organisaat1_.ytjpaivityspvm as ytjpaiv26_5_1_,
        organisaat1_.ytunnus as ytunnus27_5_1_ 
    from
        organisaatiosuhde organisaat0_ 
    inner join
        organisaatio organisaat1_ 
            on organisaat0_.parent_id=organisaat1_.id 
    where
        organisaat0_.child_id=? 
        and organisaat0_.suhdetyyppi=? 
        and (
            organisaat0_.alkupvm=? 
            or organisaat0_.alkupvm<?
        ) 
        and (
            organisaat0_.loppupvm is null 
            or organisaat0_.loppupvm>?
        ) 
        and organisaat1_.organisaatio_poistettu=? 
    order by
        organisaat0_.alkupvm desc
2020-06-10 18:11:36.676 TRACE 55751 --- [    Test worker] o.h.type.descriptor.sql.BasicBinder      : binding parameter [1] as [BIGINT] - [12]
2020-06-10 18:11:36.676 TRACE 55751 --- [    Test worker] o.h.type.descriptor.sql.BasicBinder      : binding parameter [2] as [VARCHAR] - [HISTORIA]
2020-06-10 18:11:36.676 TRACE 55751 --- [    Test worker] o.h.type.descriptor.sql.BasicBinder      : binding parameter [3] as [DATE] - [Wed Jun 10 18:11:36 EEST 2020]
2020-06-10 18:11:36.676 TRACE 55751 --- [    Test worker] o.h.type.descriptor.sql.BasicBinder      : binding parameter [4] as [DATE] - [Wed Jun 10 18:11:36 EEST 2020]
2020-06-10 18:11:36.676 TRACE 55751 --- [    Test worker] o.h.type.descriptor.sql.BasicBinder      : binding parameter [5] as [DATE] - [Wed Jun 10 18:11:36 EEST 2020]
2020-06-10 18:11:36.676 TRACE 55751 --- [    Test worker] o.h.type.descriptor.sql.BasicBinder      : binding parameter [6] as [BOOLEAN] - [false]
2020-06-10 18:11:36.677  INFO 55751 --- [    Test worker] .s.o.r.i.OrganisaatioSuhdeRepositoryImpl : addChild(11, 12, Wed Jun 10 18:11:36 EEST 2020)
Hibernate: 
    insert 
    into
        organisaatiosuhde
        (id, version, alkupvm, child_id, loppupvm, opetuspisteenjarjnro, parent_id, suhdetyyppi) 
    values
        (null, ?, ?, ?, ?, ?, ?, ?)
2020-06-10 18:11:36.677 TRACE 55751 --- [    Test worker] o.h.type.descriptor.sql.BasicBinder      : binding parameter [1] as [BIGINT] - [0]
2020-06-10 18:11:36.678 TRACE 55751 --- [    Test worker] o.h.type.descriptor.sql.BasicBinder      : binding parameter [2] as [DATE] - [Wed Jun 10 18:11:36 EEST 2020]
2020-06-10 18:11:36.678 TRACE 55751 --- [    Test worker] o.h.type.descriptor.sql.BasicBinder      : binding parameter [3] as [BIGINT] - [12]
2020-06-10 18:11:36.678 TRACE 55751 --- [    Test worker] o.h.type.descriptor.sql.BasicBinder      : binding parameter [4] as [DATE] - [null]
2020-06-10 18:11:36.678 TRACE 55751 --- [    Test worker] o.h.type.descriptor.sql.BasicBinder      : binding parameter [5] as [VARCHAR] - [null]
2020-06-10 18:11:36.678 TRACE 55751 --- [    Test worker] o.h.type.descriptor.sql.BasicBinder      : binding parameter [6] as [BIGINT] - [11]
2020-06-10 18:11:36.678 TRACE 55751 --- [    Test worker] o.h.type.descriptor.sql.BasicBinder      : binding parameter [7] as [VARCHAR] - [HISTORIA]
2020-06-10 18:11:36.678  INFO 55751 --- [    Test worker] .s.o.r.i.OrganisaatioSuhdeRepositoryImpl :     Created new child relation:  --> pId=11, cId=12, aPvm=Wed Jun 10 18:11:36 EEST 2020, lPvm=null
Hibernate: 
    select
        organisaat0_.id as id1_19_,
        organisaat0_.version as version2_19_,
        organisaat0_.alkupvm as alkupvm3_19_,
        organisaat0_.child_id as child_id7_19_,
        organisaat0_.loppupvm as loppupvm4_19_,
        organisaat0_.opetuspisteenjarjnro as opetuspi5_19_,
        organisaat0_.parent_id as parent_i8_19_,
        organisaat0_.suhdetyyppi as suhdetyy6_19_ 
    from
        organisaatiosuhde organisaat0_ 
    where
        organisaat0_.child_id=?
2020-06-10 18:11:36.679 TRACE 55751 --- [    Test worker] o.h.type.descriptor.sql.BasicBinder      : binding parameter [1] as [BIGINT] - [12]
2020-06-10 18:11:36.679 TRACE 55751 --- [    Test worker] o.h.type.descriptor.sql.BasicExtractor   : extracted value ([id1_19_] : [BIGINT]) - [11]
Hibernate: 
    select
        organisaat0_.id as id1_5_,
        organisaat0_.version as version2_5_,
        organisaat0_.alkupvm as alkupvm3_5_,
        organisaat0_.domainnimi as domainni4_5_,
        organisaat0_.kotipaikka as kotipaik5_5_,
        organisaat0_.kuvaus_mkt as kuvaus_28_5_,
        organisaat0_.lakkautuspvm as lakkautu6_5_,
        organisaat0_.maa as maa7_5_,
        organisaat0_.metadata_id as metadat29_5_,
        organisaat0_.nimi_mkt as nimi_mk30_5_,
        organisaat0_.nimihaku as nimihaku8_5_,
        organisaat0_.oid as oid9_5_,
        organisaat0_.opetuspisteenjarjnro as opetusp10_5_,
        organisaat0_.oppilaitoskoodi as oppilai11_5_,
        organisaat0_.oppilaitos_tyyppi as oppilai12_5_,
        organisaat0_.organisaatio_poistettu as organis13_5_,
        organisaat0_.paivittaja as paivitt14_5_,
        organisaat0_.paivityspvm as paivity15_5_,
        organisaat0_.parentidpath as parenti16_5_,
        organisaat0_.parentoidpath as parento17_5_,
        organisaat0_.piilotettu as piilote18_5_,
        organisaat0_.tarkastus_pvm as tarkast19_5_,
        organisaat0_.toimipistekoodi as toimipi20_5_,
        organisaat0_.tuontipvm as tuontip21_5_,
        organisaat0_.varhaiskasvatuksen_toimipaikka_tiedot_id as varhais31_5_,
        organisaat0_.virastotunnus as virasto22_5_,
        organisaat0_.yhteishaunkoulukoodi as yhteish23_5_,
        organisaat0_.yritysmuoto as yritysm24_5_,
        organisaat0_.ytj_kieli as ytj_kie25_5_,
        organisaat0_.ytjpaivityspvm as ytjpaiv26_5_,
        organisaat0_.ytunnus as ytunnus27_5_ 
    from
        organisaatio organisaat0_ 
    where
        organisaat0_.oid=?
2020-06-10 18:11:36.681 TRACE 55751 --- [    Test worker] o.h.type.descriptor.sql.BasicBinder      : binding parameter [1] as [VARCHAR] - [1.2.246.562.10.70889092818]
2020-06-10 18:11:36.681 TRACE 55751 --- [    Test worker] o.h.type.descriptor.sql.BasicExtractor   : extracted value ([id1_5_] : [BIGINT]) - [12]
Hibernate: 
    select
        organisaat0_.id as id1_5_,
        organisaat0_.version as version2_5_,
        organisaat0_.alkupvm as alkupvm3_5_,
        organisaat0_.domainnimi as domainni4_5_,
        organisaat0_.kotipaikka as kotipaik5_5_,
        organisaat0_.kuvaus_mkt as kuvaus_28_5_,
        organisaat0_.lakkautuspvm as lakkautu6_5_,
        organisaat0_.maa as maa7_5_,
        organisaat0_.metadata_id as metadat29_5_,
        organisaat0_.nimi_mkt as nimi_mk30_5_,
        organisaat0_.nimihaku as nimihaku8_5_,
        organisaat0_.oid as oid9_5_,
        organisaat0_.opetuspisteenjarjnro as opetusp10_5_,
        organisaat0_.oppilaitoskoodi as oppilai11_5_,
        organisaat0_.oppilaitos_tyyppi as oppilai12_5_,
        organisaat0_.organisaatio_poistettu as organis13_5_,
        organisaat0_.paivittaja as paivitt14_5_,
        organisaat0_.paivityspvm as paivity15_5_,
        organisaat0_.parentidpath as parenti16_5_,
        organisaat0_.parentoidpath as parento17_5_,
        organisaat0_.piilotettu as piilote18_5_,
        organisaat0_.tarkastus_pvm as tarkast19_5_,
        organisaat0_.toimipistekoodi as toimipi20_5_,
        organisaat0_.tuontipvm as tuontip21_5_,
        organisaat0_.varhaiskasvatuksen_toimipaikka_tiedot_id as varhais31_5_,
        organisaat0_.virastotunnus as virasto22_5_,
        organisaat0_.yhteishaunkoulukoodi as yhteish23_5_,
        organisaat0_.yritysmuoto as yritysm24_5_,
        organisaat0_.ytj_kieli as ytj_kie25_5_,
        organisaat0_.ytjpaivityspvm as ytjpaiv26_5_,
        organisaat0_.ytunnus as ytunnus27_5_ 
    from
        organisaatio organisaat0_ 
    where
        organisaat0_.oid=?
2020-06-10 18:11:36.684 TRACE 55751 --- [    Test worker] o.h.type.descriptor.sql.BasicBinder      : binding parameter [1] as [VARCHAR] - [1.2.246.562.10.61436894305]
Hibernate: 
    select
        organisaat0_.id as id1_5_,
        organisaat0_.version as version2_5_,
        organisaat0_.alkupvm as alkupvm3_5_,
        organisaat0_.domainnimi as domainni4_5_,
        organisaat0_.kotipaikka as kotipaik5_5_,
        organisaat0_.kuvaus_mkt as kuvaus_28_5_,
        organisaat0_.lakkautuspvm as lakkautu6_5_,
        organisaat0_.maa as maa7_5_,
        organisaat0_.metadata_id as metadat29_5_,
        organisaat0_.nimi_mkt as nimi_mk30_5_,
        organisaat0_.nimihaku as nimihaku8_5_,
        organisaat0_.oid as oid9_5_,
        organisaat0_.opetuspisteenjarjnro as opetusp10_5_,
        organisaat0_.oppilaitoskoodi as oppilai11_5_,
        organisaat0_.oppilaitos_tyyppi as oppilai12_5_,
        organisaat0_.organisaatio_poistettu as organis13_5_,
        organisaat0_.paivittaja as paivitt14_5_,
        organisaat0_.paivityspvm as paivity15_5_,
        organisaat0_.parentidpath as parenti16_5_,
        organisaat0_.parentoidpath as parento17_5_,
        organisaat0_.piilotettu as piilote18_5_,
        organisaat0_.tarkastus_pvm as tarkast19_5_,
        organisaat0_.toimipistekoodi as toimipi20_5_,
        organisaat0_.tuontipvm as tuontip21_5_,
        organisaat0_.varhaiskasvatuksen_toimipaikka_tiedot_id as varhais31_5_,
        organisaat0_.virastotunnus as virasto22_5_,
        organisaat0_.yhteishaunkoulukoodi as yhteish23_5_,
        organisaat0_.yritysmuoto as yritysm24_5_,
        organisaat0_.ytj_kieli as ytj_kie25_5_,
        organisaat0_.ytjpaivityspvm as ytjpaiv26_5_,
        organisaat0_.ytunnus as ytunnus27_5_ 
    from
        organisaatio organisaat0_ 
    where
        organisaat0_.oid=?
2020-06-10 18:11:36.685 TRACE 55751 --- [    Test worker] o.h.type.descriptor.sql.BasicBinder      : binding parameter [1] as [VARCHAR] - [1.2.246.562.10.70889092818]
2020-06-10 18:11:36.685 TRACE 55751 --- [    Test worker] o.h.type.descriptor.sql.BasicExtractor   : extracted value ([id1_5_] : [BIGINT]) - [12]
2020-06-10 18:11:36.931  WARN 55751 --- [    Test worker] fi.vm.sade.javautils.http.OphHttpClient  : Failed to CAS authenticate. Renewing proxy ticket.
Hibernate: 
    select
        organisaat0_.id as id1_5_,
        organisaat0_.version as version2_5_,
        organisaat0_.alkupvm as alkupvm3_5_,
        organisaat0_.domainnimi as domainni4_5_,
        organisaat0_.kotipaikka as kotipaik5_5_,
        organisaat0_.kuvaus_mkt as kuvaus_28_5_,
        organisaat0_.lakkautuspvm as lakkautu6_5_,
        organisaat0_.maa as maa7_5_,
        organisaat0_.metadata_id as metadat29_5_,
        organisaat0_.nimi_mkt as nimi_mk30_5_,
        organisaat0_.nimihaku as nimihaku8_5_,
        organisaat0_.oid as oid9_5_,
        organisaat0_.opetuspisteenjarjnro as opetusp10_5_,
        organisaat0_.oppilaitoskoodi as oppilai11_5_,
        organisaat0_.oppilaitos_tyyppi as oppilai12_5_,
        organisaat0_.organisaatio_poistettu as organis13_5_,
        organisaat0_.paivittaja as paivitt14_5_,
        organisaat0_.paivityspvm as paivity15_5_,
        organisaat0_.parentidpath as parenti16_5_,
        organisaat0_.parentoidpath as parento17_5_,
        organisaat0_.piilotettu as piilote18_5_,
        organisaat0_.tarkastus_pvm as tarkast19_5_,
        organisaat0_.toimipistekoodi as toimipi20_5_,
        organisaat0_.tuontipvm as tuontip21_5_,
        organisaat0_.varhaiskasvatuksen_toimipaikka_tiedot_id as varhais31_5_,
        organisaat0_.virastotunnus as virasto22_5_,
        organisaat0_.yhteishaunkoulukoodi as yhteish23_5_,
        organisaat0_.yritysmuoto as yritysm24_5_,
        organisaat0_.ytj_kieli as ytj_kie25_5_,
        organisaat0_.ytjpaivityspvm as ytjpaiv26_5_,
        organisaat0_.ytunnus as ytunnus27_5_ 
    from
        organisaatio organisaat0_ 
    where
        organisaat0_.oid=?
2020-06-10 18:11:37.063 TRACE 55751 --- [    Test worker] o.h.type.descriptor.sql.BasicBinder      : binding parameter [1] as [VARCHAR] - [1.2.246.562.10.70889092818]
2020-06-10 18:11:37.063 TRACE 55751 --- [    Test worker] o.h.type.descriptor.sql.BasicExtractor   : extracted value ([id1_5_] : [BIGINT]) - [12]
Hibernate: 
    select
        organisaat0_.id as id1_5_,
        organisaat0_.version as version2_5_,
        organisaat0_.alkupvm as alkupvm3_5_,
        organisaat0_.domainnimi as domainni4_5_,
        organisaat0_.kotipaikka as kotipaik5_5_,
        organisaat0_.kuvaus_mkt as kuvaus_28_5_,
        organisaat0_.lakkautuspvm as lakkautu6_5_,
        organisaat0_.maa as maa7_5_,
        organisaat0_.metadata_id as metadat29_5_,
        organisaat0_.nimi_mkt as nimi_mk30_5_,
        organisaat0_.nimihaku as nimihaku8_5_,
        organisaat0_.oid as oid9_5_,
        organisaat0_.opetuspisteenjarjnro as opetusp10_5_,
        organisaat0_.oppilaitoskoodi as oppilai11_5_,
        organisaat0_.oppilaitos_tyyppi as oppilai12_5_,
        organisaat0_.organisaatio_poistettu as organis13_5_,
        organisaat0_.paivittaja as paivitt14_5_,
        organisaat0_.paivityspvm as paivity15_5_,
        organisaat0_.parentidpath as parenti16_5_,
        organisaat0_.parentoidpath as parento17_5_,
        organisaat0_.piilotettu as piilote18_5_,
        organisaat0_.tarkastus_pvm as tarkast19_5_,
        organisaat0_.toimipistekoodi as toimipi20_5_,
        organisaat0_.tuontipvm as tuontip21_5_,
        organisaat0_.varhaiskasvatuksen_toimipaikka_tiedot_id as varhais31_5_,
        organisaat0_.virastotunnus as virasto22_5_,
        organisaat0_.yhteishaunkoulukoodi as yhteish23_5_,
        organisaat0_.yritysmuoto as yritysm24_5_,
        organisaat0_.ytj_kieli as ytj_kie25_5_,
        organisaat0_.ytjpaivityspvm as ytjpaiv26_5_,
        organisaat0_.ytunnus as ytunnus27_5_ 
    from
        organisaatio organisaat0_ 
    where
        organisaat0_.oid=?
2020-06-10 18:11:37.065 TRACE 55751 --- [    Test worker] o.h.type.descriptor.sql.BasicBinder      : binding parameter [1] as [VARCHAR] - [1.2.246.562.10.70889092818]
2020-06-10 18:11:37.065 TRACE 55751 --- [    Test worker] o.h.type.descriptor.sql.BasicExtractor   : extracted value ([id1_5_] : [BIGINT]) - [12]
Hibernate: 
    select
        organisaat0_.id as id1_5_,
        organisaat0_.version as version2_5_,
        organisaat0_.alkupvm as alkupvm3_5_,
        organisaat0_.domainnimi as domainni4_5_,
        organisaat0_.kotipaikka as kotipaik5_5_,
        organisaat0_.kuvaus_mkt as kuvaus_28_5_,
        organisaat0_.lakkautuspvm as lakkautu6_5_,
        organisaat0_.maa as maa7_5_,
        organisaat0_.metadata_id as metadat29_5_,
        organisaat0_.nimi_mkt as nimi_mk30_5_,
        organisaat0_.nimihaku as nimihaku8_5_,
        organisaat0_.oid as oid9_5_,
        organisaat0_.opetuspisteenjarjnro as opetusp10_5_,
        organisaat0_.oppilaitoskoodi as oppilai11_5_,
        organisaat0_.oppilaitos_tyyppi as oppilai12_5_,
        organisaat0_.organisaatio_poistettu as organis13_5_,
        organisaat0_.paivittaja as paivitt14_5_,
        organisaat0_.paivityspvm as paivity15_5_,
        organisaat0_.parentidpath as parenti16_5_,
        organisaat0_.parentoidpath as parento17_5_,
        organisaat0_.piilotettu as piilote18_5_,
        organisaat0_.tarkastus_pvm as tarkast19_5_,
        organisaat0_.toimipistekoodi as toimipi20_5_,
        organisaat0_.tuontipvm as tuontip21_5_,
        organisaat0_.varhaiskasvatuksen_toimipaikka_tiedot_id as varhais31_5_,
        organisaat0_.virastotunnus as virasto22_5_,
        organisaat0_.yhteishaunkoulukoodi as yhteish23_5_,
        organisaat0_.yritysmuoto as yritysm24_5_,
        organisaat0_.ytj_kieli as ytj_kie25_5_,
        organisaat0_.ytjpaivityspvm as ytjpaiv26_5_,
        organisaat0_.ytunnus as ytunnus27_5_ 
    from
        organisaatio organisaat0_ 
    where
        organisaat0_.toimipistekoodi=?
2020-06-10 18:11:37.068 TRACE 55751 --- [    Test worker] o.h.type.descriptor.sql.BasicBinder      : binding parameter [1] as [VARCHAR] - [oppilaitoskoodi01]
Hibernate: 
    insert 
    into
        monikielinen_teksti
        (id, version) 
    values
        (null, ?)
2020-06-10 18:11:37.069 TRACE 55751 --- [    Test worker] o.h.type.descriptor.sql.BasicBinder      : binding parameter [1] as [BIGINT] - [0]
Hibernate: 
    insert 
    into
        monikielinen_teksti
        (id, version) 
    values
        (null, ?)
2020-06-10 18:11:37.070 TRACE 55751 --- [    Test worker] o.h.type.descriptor.sql.BasicBinder      : binding parameter [1] as [BIGINT] - [0]
Hibernate: 
    insert 
    into
        organisaatio
        (id, version, alkupvm, domainnimi, kotipaikka, kuvaus_mkt, lakkautuspvm, maa, metadata_id, nimi_mkt, nimihaku, oid, opetuspisteenjarjnro, oppilaitoskoodi, oppilaitos_tyyppi, organisaatio_poistettu, paivittaja, paivityspvm, parentidpath, parentoidpath, piilotettu, tarkastus_pvm, toimipistekoodi, tuontipvm, varhaiskasvatuksen_toimipaikka_tiedot_id, virastotunnus, yhteishaunkoulukoodi, yritysmuoto, ytj_kieli, ytjpaivityspvm, ytunnus) 
    values
        (null, ?, ?, ?, ?, ?, ?, ?, ?, ?, ?, ?, ?, ?, ?, ?, ?, ?, ?, ?, ?, ?, ?, ?, ?, ?, ?, ?, ?, ?, ?)
2020-06-10 18:11:37.070 TRACE 55751 --- [    Test worker] o.h.type.descriptor.sql.BasicBinder      : binding parameter [1] as [BIGINT] - [0]
2020-06-10 18:11:37.071 TRACE 55751 --- [    Test worker] o.h.type.descriptor.sql.BasicBinder      : binding parameter [2] as [DATE] - [Fri Dec 31 00:00:00 EET 1999]
2020-06-10 18:11:37.071 TRACE 55751 --- [    Test worker] o.h.type.descriptor.sql.BasicBinder      : binding parameter [3] as [VARCHAR] - [null]
2020-06-10 18:11:37.071 TRACE 55751 --- [    Test worker] o.h.type.descriptor.sql.BasicBinder      : binding parameter [4] as [VARCHAR] - [kunta_092]
2020-06-10 18:11:37.071 TRACE 55751 --- [    Test worker] o.h.type.descriptor.sql.BasicBinder      : binding parameter [5] as [BIGINT] - [1005]
2020-06-10 18:11:37.071 TRACE 55751 --- [    Test worker] o.h.type.descriptor.sql.BasicBinder      : binding parameter [6] as [DATE] - [null]
2020-06-10 18:11:37.071 TRACE 55751 --- [    Test worker] o.h.type.descriptor.sql.BasicBinder      : binding parameter [7] as [VARCHAR] - [maatjavaltiot1_fin]
2020-06-10 18:11:37.071 TRACE 55751 --- [    Test worker] o.h.type.descriptor.sql.BasicBinder      : binding parameter [8] as [BIGINT] - [null]
2020-06-10 18:11:37.071 TRACE 55751 --- [    Test worker] o.h.type.descriptor.sql.BasicBinder      : binding parameter [9] as [BIGINT] - [1006]
2020-06-10 18:11:37.071 TRACE 55751 --- [    Test worker] o.h.type.descriptor.sql.BasicBinder      : binding parameter [10] as [VARCHAR] - [,oppilaitos1, toimipiste1]
2020-06-10 18:11:37.071 TRACE 55751 --- [    Test worker] o.h.type.descriptor.sql.BasicBinder      : binding parameter [11] as [VARCHAR] - [1.2.246.562.10.61436894305]
2020-06-10 18:11:37.071 TRACE 55751 --- [    Test worker] o.h.type.descriptor.sql.BasicBinder      : binding parameter [12] as [VARCHAR] - [01]
2020-06-10 18:11:37.071 TRACE 55751 --- [    Test worker] o.h.type.descriptor.sql.BasicBinder      : binding parameter [13] as [VARCHAR] - [null]
2020-06-10 18:11:37.071 TRACE 55751 --- [    Test worker] o.h.type.descriptor.sql.BasicBinder      : binding parameter [14] as [VARCHAR] - [null]
2020-06-10 18:11:37.071 TRACE 55751 --- [    Test worker] o.h.type.descriptor.sql.BasicBinder      : binding parameter [15] as [BOOLEAN] - [false]
2020-06-10 18:11:37.071 TRACE 55751 --- [    Test worker] o.h.type.descriptor.sql.BasicBinder      : binding parameter [16] as [VARCHAR] - [ophadmin]
2020-06-10 18:11:37.071 TRACE 55751 --- [    Test worker] o.h.type.descriptor.sql.BasicBinder      : binding parameter [17] as [TIMESTAMP] - [Wed Jun 10 18:11:37 EEST 2020]
2020-06-10 18:11:37.071 TRACE 55751 --- [    Test worker] o.h.type.descriptor.sql.BasicBinder      : binding parameter [18] as [VARCHAR] - [|1|11|12|]
2020-06-10 18:11:37.071 TRACE 55751 --- [    Test worker] o.h.type.descriptor.sql.BasicBinder      : binding parameter [19] as [VARCHAR] - [|1.2.246.562.24.00000000001|1.2.246.562.10.52914687012|1.2.246.562.10.70889092818|]
2020-06-10 18:11:37.071 TRACE 55751 --- [    Test worker] o.h.type.descriptor.sql.BasicBinder      : binding parameter [20] as [BOOLEAN] - [false]
2020-06-10 18:11:37.071 TRACE 55751 --- [    Test worker] o.h.type.descriptor.sql.BasicBinder      : binding parameter [21] as [TIMESTAMP] - [null]
2020-06-10 18:11:37.071 TRACE 55751 --- [    Test worker] o.h.type.descriptor.sql.BasicBinder      : binding parameter [22] as [VARCHAR] - [oppilaitoskoodi01]
2020-06-10 18:11:37.071 TRACE 55751 --- [    Test worker] o.h.type.descriptor.sql.BasicBinder      : binding parameter [23] as [TIMESTAMP] - [null]
2020-06-10 18:11:37.071 TRACE 55751 --- [    Test worker] o.h.type.descriptor.sql.BasicBinder      : binding parameter [24] as [BIGINT] - [null]
2020-06-10 18:11:37.071 TRACE 55751 --- [    Test worker] o.h.type.descriptor.sql.BasicBinder      : binding parameter [25] as [VARCHAR] - [null]
2020-06-10 18:11:37.071 TRACE 55751 --- [    Test worker] o.h.type.descriptor.sql.BasicBinder      : binding parameter [26] as [VARCHAR] - [null]
2020-06-10 18:11:37.071 TRACE 55751 --- [    Test worker] o.h.type.descriptor.sql.BasicBinder      : binding parameter [27] as [VARCHAR] - [null]
2020-06-10 18:11:37.071 TRACE 55751 --- [    Test worker] o.h.type.descriptor.sql.BasicBinder      : binding parameter [28] as [VARCHAR] - [null]
2020-06-10 18:11:37.071 TRACE 55751 --- [    Test worker] o.h.type.descriptor.sql.BasicBinder      : binding parameter [29] as [DATE] - [null]
2020-06-10 18:11:37.071 TRACE 55751 --- [    Test worker] o.h.type.descriptor.sql.BasicBinder      : binding parameter [30] as [VARCHAR] - [null]
Hibernate: 
    insert 
    into
        organisaatio_nimi
        (id, version, alkupvm, nimi_mkt, organisaatio_id, paivittaja) 
    values
        (null, ?, ?, ?, ?, ?)
2020-06-10 18:11:37.072 TRACE 55751 --- [    Test worker] o.h.type.descriptor.sql.BasicBinder      : binding parameter [1] as [BIGINT] - [0]
2020-06-10 18:11:37.072 TRACE 55751 --- [    Test worker] o.h.type.descriptor.sql.BasicBinder      : binding parameter [2] as [DATE] - [Wed Jun 10 18:11:36 EEST 2020]
2020-06-10 18:11:37.072 TRACE 55751 --- [    Test worker] o.h.type.descriptor.sql.BasicBinder      : binding parameter [3] as [BIGINT] - [1006]
2020-06-10 18:11:37.072 TRACE 55751 --- [    Test worker] o.h.type.descriptor.sql.BasicBinder      : binding parameter [4] as [BIGINT] - [13]
2020-06-10 18:11:37.072 TRACE 55751 --- [    Test worker] o.h.type.descriptor.sql.BasicBinder      : binding parameter [5] as [VARCHAR] - [null]
Hibernate: 
    insert 
    into
        yhteystieto
        (id, version, kieli, organisaatio_id, yhteystieto_oid, puhelinnumero, tyyppi, dtype) 
    values
        (null, ?, ?, ?, ?, ?, ?, 'Puhelinnumero')
2020-06-10 18:11:37.073 TRACE 55751 --- [    Test worker] o.h.type.descriptor.sql.BasicBinder      : binding parameter [1] as [BIGINT] - [0]
2020-06-10 18:11:37.073 TRACE 55751 --- [    Test worker] o.h.type.descriptor.sql.BasicBinder      : binding parameter [2] as [VARCHAR] - [kieli_fi#1]
2020-06-10 18:11:37.073 TRACE 55751 --- [    Test worker] o.h.type.descriptor.sql.BasicBinder      : binding parameter [3] as [BIGINT] - [13]
2020-06-10 18:11:37.073 TRACE 55751 --- [    Test worker] o.h.type.descriptor.sql.BasicBinder      : binding parameter [4] as [VARCHAR] - [1.2.246.562.5.88423908565]
2020-06-10 18:11:37.073 TRACE 55751 --- [    Test worker] o.h.type.descriptor.sql.BasicBinder      : binding parameter [5] as [VARCHAR] - [123]
2020-06-10 18:11:37.073 TRACE 55751 --- [    Test worker] o.h.type.descriptor.sql.BasicBinder      : binding parameter [6] as [VARCHAR] - [puhelin]
Hibernate: 
    insert 
    into
        yhteystieto
        (id, version, kieli, organisaatio_id, yhteystieto_oid, email, dtype) 
    values
        (null, ?, ?, ?, ?, ?, 'Email')
2020-06-10 18:11:37.074 TRACE 55751 --- [    Test worker] o.h.type.descriptor.sql.BasicBinder      : binding parameter [1] as [BIGINT] - [0]
2020-06-10 18:11:37.074 TRACE 55751 --- [    Test worker] o.h.type.descriptor.sql.BasicBinder      : binding parameter [2] as [VARCHAR] - [kieli_fi#1]
2020-06-10 18:11:37.074 TRACE 55751 --- [    Test worker] o.h.type.descriptor.sql.BasicBinder      : binding parameter [3] as [BIGINT] - [13]
2020-06-10 18:11:37.074 TRACE 55751 --- [    Test worker] o.h.type.descriptor.sql.BasicBinder      : binding parameter [4] as [VARCHAR] - [15918018966820.34906468094175147]
2020-06-10 18:11:37.074 TRACE 55751 --- [    Test worker] o.h.type.descriptor.sql.BasicBinder      : binding parameter [5] as [VARCHAR] - [asd@asd.asd]
Hibernate: 
    insert 
    into
        yhteystieto
        (id, version, kieli, organisaatio_id, yhteystieto_oid, coordinatetype, extrarivi, lat, lng, maa, osavaltio, osoite, osoite_tyyppi, postinumero, postitoimipaikka, ytjpaivityspvm, dtype) 
    values
        (null, ?, ?, ?, ?, ?, ?, ?, ?, ?, ?, ?, ?, ?, ?, ?, 'Osoite')
2020-06-10 18:11:37.075 TRACE 55751 --- [    Test worker] o.h.type.descriptor.sql.BasicBinder      : binding parameter [1] as [BIGINT] - [0]
2020-06-10 18:11:37.075 TRACE 55751 --- [    Test worker] o.h.type.descriptor.sql.BasicBinder      : binding parameter [2] as [VARCHAR] - [kieli_fi#1]
2020-06-10 18:11:37.075 TRACE 55751 --- [    Test worker] o.h.type.descriptor.sql.BasicBinder      : binding parameter [3] as [BIGINT] - [13]
2020-06-10 18:11:37.075 TRACE 55751 --- [    Test worker] o.h.type.descriptor.sql.BasicBinder      : binding parameter [4] as [VARCHAR] - [1.2.246.562.5.68435063305]
2020-06-10 18:11:37.075 TRACE 55751 --- [    Test worker] o.h.type.descriptor.sql.BasicBinder      : binding parameter [5] as [VARCHAR] - [null]
2020-06-10 18:11:37.075 TRACE 55751 --- [    Test worker] o.h.type.descriptor.sql.BasicBinder      : binding parameter [6] as [VARCHAR] - [null]
2020-06-10 18:11:37.075 TRACE 55751 --- [    Test worker] o.h.type.descriptor.sql.BasicBinder      : binding parameter [7] as [DOUBLE] - [null]
2020-06-10 18:11:37.075 TRACE 55751 --- [    Test worker] o.h.type.descriptor.sql.BasicBinder      : binding parameter [8] as [DOUBLE] - [null]
2020-06-10 18:11:37.075 TRACE 55751 --- [    Test worker] o.h.type.descriptor.sql.BasicBinder      : binding parameter [9] as [VARCHAR] - [null]
2020-06-10 18:11:37.075 TRACE 55751 --- [    Test worker] o.h.type.descriptor.sql.BasicBinder      : binding parameter [10] as [VARCHAR] - [null]
2020-06-10 18:11:37.075 TRACE 55751 --- [    Test worker] o.h.type.descriptor.sql.BasicBinder      : binding parameter [11] as [VARCHAR] - [Postiosoite 1A]
2020-06-10 18:11:37.075 TRACE 55751 --- [    Test worker] o.h.type.descriptor.sql.BasicBinder      : binding parameter [12] as [VARCHAR] - [posti]
2020-06-10 18:11:37.075 TRACE 55751 --- [    Test worker] o.h.type.descriptor.sql.BasicBinder      : binding parameter [13] as [VARCHAR] - [00550]
2020-06-10 18:11:37.075 TRACE 55751 --- [    Test worker] o.h.type.descriptor.sql.BasicBinder      : binding parameter [14] as [VARCHAR] - [Helsinki]
2020-06-10 18:11:37.075 TRACE 55751 --- [    Test worker] o.h.type.descriptor.sql.BasicBinder      : binding parameter [15] as [DATE] - [null]
Hibernate: 
    insert 
    into
        yhteystieto
        (id, version, kieli, organisaatio_id, yhteystieto_oid, www_osoite, dtype) 
    values
        (null, ?, ?, ?, ?, ?, 'Www')
2020-06-10 18:11:37.076 TRACE 55751 --- [    Test worker] o.h.type.descriptor.sql.BasicBinder      : binding parameter [1] as [BIGINT] - [0]
2020-06-10 18:11:37.076 TRACE 55751 --- [    Test worker] o.h.type.descriptor.sql.BasicBinder      : binding parameter [2] as [VARCHAR] - [kieli_fi#1]
2020-06-10 18:11:37.076 TRACE 55751 --- [    Test worker] o.h.type.descriptor.sql.BasicBinder      : binding parameter [3] as [BIGINT] - [13]
2020-06-10 18:11:37.076 TRACE 55751 --- [    Test worker] o.h.type.descriptor.sql.BasicBinder      : binding parameter [4] as [VARCHAR] - [15918018966820.9559480991606004]
2020-06-10 18:11:37.076 TRACE 55751 --- [    Test worker] o.h.type.descriptor.sql.BasicBinder      : binding parameter [5] as [VARCHAR] - [http://test.oph.fi]
Hibernate: 
    insert 
    into
        yhteystieto
        (id, version, kieli, organisaatio_id, yhteystieto_oid, coordinatetype, extrarivi, lat, lng, maa, osavaltio, osoite, osoite_tyyppi, postinumero, postitoimipaikka, ytjpaivityspvm, dtype) 
    values
        (null, ?, ?, ?, ?, ?, ?, ?, ?, ?, ?, ?, ?, ?, ?, ?, 'Osoite')
2020-06-10 18:11:37.077 TRACE 55751 --- [    Test worker] o.h.type.descriptor.sql.BasicBinder      : binding parameter [1] as [BIGINT] - [0]
2020-06-10 18:11:37.077 TRACE 55751 --- [    Test worker] o.h.type.descriptor.sql.BasicBinder      : binding parameter [2] as [VARCHAR] - [kieli_fi#1]
2020-06-10 18:11:37.077 TRACE 55751 --- [    Test worker] o.h.type.descriptor.sql.BasicBinder      : binding parameter [3] as [BIGINT] - [13]
2020-06-10 18:11:37.077 TRACE 55751 --- [    Test worker] o.h.type.descriptor.sql.BasicBinder      : binding parameter [4] as [VARCHAR] - [1.2.246.562.5.48906336640]
2020-06-10 18:11:37.077 TRACE 55751 --- [    Test worker] o.h.type.descriptor.sql.BasicBinder      : binding parameter [5] as [VARCHAR] - [null]
2020-06-10 18:11:37.077 TRACE 55751 --- [    Test worker] o.h.type.descriptor.sql.BasicBinder      : binding parameter [6] as [VARCHAR] - [null]
2020-06-10 18:11:37.077 TRACE 55751 --- [    Test worker] o.h.type.descriptor.sql.BasicBinder      : binding parameter [7] as [DOUBLE] - [null]
2020-06-10 18:11:37.077 TRACE 55751 --- [    Test worker] o.h.type.descriptor.sql.BasicBinder      : binding parameter [8] as [DOUBLE] - [null]
2020-06-10 18:11:37.077 TRACE 55751 --- [    Test worker] o.h.type.descriptor.sql.BasicBinder      : binding parameter [9] as [VARCHAR] - [null]
2020-06-10 18:11:37.077 TRACE 55751 --- [    Test worker] o.h.type.descriptor.sql.BasicBinder      : binding parameter [10] as [VARCHAR] - [null]
2020-06-10 18:11:37.077 TRACE 55751 --- [    Test worker] o.h.type.descriptor.sql.BasicBinder      : binding parameter [11] as [VARCHAR] - [Kayntiosoite 2B]
2020-06-10 18:11:37.077 TRACE 55751 --- [    Test worker] o.h.type.descriptor.sql.BasicBinder      : binding parameter [12] as [VARCHAR] - [kaynti]
2020-06-10 18:11:37.077 TRACE 55751 --- [    Test worker] o.h.type.descriptor.sql.BasicBinder      : binding parameter [13] as [VARCHAR] - [posti_00550]
2020-06-10 18:11:37.077 TRACE 55751 --- [    Test worker] o.h.type.descriptor.sql.BasicBinder      : binding parameter [14] as [VARCHAR] - [Helsinki]
2020-06-10 18:11:37.077 TRACE 55751 --- [    Test worker] o.h.type.descriptor.sql.BasicBinder      : binding parameter [15] as [DATE] - [null]
2020-06-10 18:11:37.078  INFO 55751 --- [    Test worker] .s.o.r.i.OrganisaatioSuhdeRepositoryImpl : findParentTo(13, Wed Jun 10 18:11:37 EEST 2020)
Hibernate: 
    update
        organisaatio 
    set
        version=?,
        alkupvm=?,
        domainnimi=?,
        kotipaikka=?,
        kuvaus_mkt=?,
        lakkautuspvm=?,
        maa=?,
        metadata_id=?,
        nimi_mkt=?,
        nimihaku=?,
        oid=?,
        opetuspisteenjarjnro=?,
        oppilaitoskoodi=?,
        oppilaitos_tyyppi=?,
        organisaatio_poistettu=?,
        paivittaja=?,
        paivityspvm=?,
        parentidpath=?,
        parentoidpath=?,
        piilotettu=?,
        tarkastus_pvm=?,
        toimipistekoodi=?,
        tuontipvm=?,
        varhaiskasvatuksen_toimipaikka_tiedot_id=?,
        virastotunnus=?,
        yhteishaunkoulukoodi=?,
        yritysmuoto=?,
        ytj_kieli=?,
        ytjpaivityspvm=?,
        ytunnus=? 
    where
        id=? 
        and version=?
2020-06-10 18:11:37.079 TRACE 55751 --- [    Test worker] o.h.type.descriptor.sql.BasicBinder      : binding parameter [1] as [BIGINT] - [1]
2020-06-10 18:11:37.079 TRACE 55751 --- [    Test worker] o.h.type.descriptor.sql.BasicBinder      : binding parameter [2] as [DATE] - [Fri Dec 31 00:00:00 EET 1999]
2020-06-10 18:11:37.079 TRACE 55751 --- [    Test worker] o.h.type.descriptor.sql.BasicBinder      : binding parameter [3] as [VARCHAR] - [null]
2020-06-10 18:11:37.079 TRACE 55751 --- [    Test worker] o.h.type.descriptor.sql.BasicBinder      : binding parameter [4] as [VARCHAR] - [kunta_092]
2020-06-10 18:11:37.079 TRACE 55751 --- [    Test worker] o.h.type.descriptor.sql.BasicBinder      : binding parameter [5] as [BIGINT] - [1005]
2020-06-10 18:11:37.079 TRACE 55751 --- [    Test worker] o.h.type.descriptor.sql.BasicBinder      : binding parameter [6] as [DATE] - [null]
2020-06-10 18:11:37.080 TRACE 55751 --- [    Test worker] o.h.type.descriptor.sql.BasicBinder      : binding parameter [7] as [VARCHAR] - [maatjavaltiot1_fin]
2020-06-10 18:11:37.080 TRACE 55751 --- [    Test worker] o.h.type.descriptor.sql.BasicBinder      : binding parameter [8] as [BIGINT] - [null]
2020-06-10 18:11:37.080 TRACE 55751 --- [    Test worker] o.h.type.descriptor.sql.BasicBinder      : binding parameter [9] as [BIGINT] - [1006]
2020-06-10 18:11:37.080 TRACE 55751 --- [    Test worker] o.h.type.descriptor.sql.BasicBinder      : binding parameter [10] as [VARCHAR] - [,oppilaitos1, toimipiste1]
2020-06-10 18:11:37.080 TRACE 55751 --- [    Test worker] o.h.type.descriptor.sql.BasicBinder      : binding parameter [11] as [VARCHAR] - [1.2.246.562.10.61436894305]
2020-06-10 18:11:37.080 TRACE 55751 --- [    Test worker] o.h.type.descriptor.sql.BasicBinder      : binding parameter [12] as [VARCHAR] - [01]
2020-06-10 18:11:37.080 TRACE 55751 --- [    Test worker] o.h.type.descriptor.sql.BasicBinder      : binding parameter [13] as [VARCHAR] - [null]
2020-06-10 18:11:37.080 TRACE 55751 --- [    Test worker] o.h.type.descriptor.sql.BasicBinder      : binding parameter [14] as [VARCHAR] - [null]
2020-06-10 18:11:37.080 TRACE 55751 --- [    Test worker] o.h.type.descriptor.sql.BasicBinder      : binding parameter [15] as [BOOLEAN] - [false]
2020-06-10 18:11:37.080 TRACE 55751 --- [    Test worker] o.h.type.descriptor.sql.BasicBinder      : binding parameter [16] as [VARCHAR] - [ophadmin]
2020-06-10 18:11:37.080 TRACE 55751 --- [    Test worker] o.h.type.descriptor.sql.BasicBinder      : binding parameter [17] as [TIMESTAMP] - [Wed Jun 10 18:11:37 EEST 2020]
2020-06-10 18:11:37.080 TRACE 55751 --- [    Test worker] o.h.type.descriptor.sql.BasicBinder      : binding parameter [18] as [VARCHAR] - [|1|11|12|]
2020-06-10 18:11:37.080 TRACE 55751 --- [    Test worker] o.h.type.descriptor.sql.BasicBinder      : binding parameter [19] as [VARCHAR] - [|1.2.246.562.24.00000000001|1.2.246.562.10.52914687012|1.2.246.562.10.70889092818|]
2020-06-10 18:11:37.080 TRACE 55751 --- [    Test worker] o.h.type.descriptor.sql.BasicBinder      : binding parameter [20] as [BOOLEAN] - [false]
2020-06-10 18:11:37.080 TRACE 55751 --- [    Test worker] o.h.type.descriptor.sql.BasicBinder      : binding parameter [21] as [TIMESTAMP] - [null]
2020-06-10 18:11:37.080 TRACE 55751 --- [    Test worker] o.h.type.descriptor.sql.BasicBinder      : binding parameter [22] as [VARCHAR] - [oppilaitoskoodi01]
2020-06-10 18:11:37.080 TRACE 55751 --- [    Test worker] o.h.type.descriptor.sql.BasicBinder      : binding parameter [23] as [TIMESTAMP] - [null]
2020-06-10 18:11:37.080 TRACE 55751 --- [    Test worker] o.h.type.descriptor.sql.BasicBinder      : binding parameter [24] as [BIGINT] - [null]
2020-06-10 18:11:37.080 TRACE 55751 --- [    Test worker] o.h.type.descriptor.sql.BasicBinder      : binding parameter [25] as [VARCHAR] - [null]
2020-06-10 18:11:37.080 TRACE 55751 --- [    Test worker] o.h.type.descriptor.sql.BasicBinder      : binding parameter [26] as [VARCHAR] - [null]
2020-06-10 18:11:37.080 TRACE 55751 --- [    Test worker] o.h.type.descriptor.sql.BasicBinder      : binding parameter [27] as [VARCHAR] - [null]
2020-06-10 18:11:37.080 TRACE 55751 --- [    Test worker] o.h.type.descriptor.sql.BasicBinder      : binding parameter [28] as [VARCHAR] - [null]
2020-06-10 18:11:37.080 TRACE 55751 --- [    Test worker] o.h.type.descriptor.sql.BasicBinder      : binding parameter [29] as [DATE] - [null]
2020-06-10 18:11:37.080 TRACE 55751 --- [    Test worker] o.h.type.descriptor.sql.BasicBinder      : binding parameter [30] as [VARCHAR] - [null]
2020-06-10 18:11:37.080 TRACE 55751 --- [    Test worker] o.h.type.descriptor.sql.BasicBinder      : binding parameter [31] as [BIGINT] - [13]
2020-06-10 18:11:37.080 TRACE 55751 --- [    Test worker] o.h.type.descriptor.sql.BasicBinder      : binding parameter [32] as [BIGINT] - [0]
Hibernate: 
    insert 
    into
        organisaatio_kielet
        (organisaatio_id, kielet) 
    values
        (?, ?)
2020-06-10 18:11:37.081 TRACE 55751 --- [    Test worker] o.h.type.descriptor.sql.BasicBinder      : binding parameter [1] as [BIGINT] - [13]
2020-06-10 18:11:37.081 TRACE 55751 --- [    Test worker] o.h.type.descriptor.sql.BasicBinder      : binding parameter [2] as [VARCHAR] - [oppilaitoksenopetuskieli_1#1]
Hibernate: 
    insert 
    into
        organisaatio_tyypit
        (organisaatio_id, tyypit) 
    values
        (?, ?)
2020-06-10 18:11:37.081 TRACE 55751 --- [    Test worker] o.h.type.descriptor.sql.BasicBinder      : binding parameter [1] as [BIGINT] - [13]
2020-06-10 18:11:37.081 TRACE 55751 --- [    Test worker] o.h.type.descriptor.sql.BasicBinder      : binding parameter [2] as [VARCHAR] - [organisaatiotyyppi_03]
Hibernate: 
    insert 
    into
        monikielinen_teksti_values
        (id, key, value) 
    values
        (?, ?, ?)
2020-06-10 18:11:37.081 TRACE 55751 --- [    Test worker] o.h.type.descriptor.sql.BasicBinder      : binding parameter [1] as [BIGINT] - [1006]
2020-06-10 18:11:37.081 TRACE 55751 --- [    Test worker] o.h.type.descriptor.sql.BasicBinder      : binding parameter [2] as [VARCHAR] - [fi]
2020-06-10 18:11:37.081 TRACE 55751 --- [    Test worker] o.h.type.descriptor.sql.BasicBinder      : binding parameter [3] as [VARCHAR] - [oppilaitos1, toimipiste1]
Hibernate: 
    select
        organisaat0_.id as id1_19_0_,
        organisaat1_.id as id1_5_1_,
        organisaat0_.version as version2_19_0_,
        organisaat0_.alkupvm as alkupvm3_19_0_,
        organisaat0_.child_id as child_id7_19_0_,
        organisaat0_.loppupvm as loppupvm4_19_0_,
        organisaat0_.opetuspisteenjarjnro as opetuspi5_19_0_,
        organisaat0_.parent_id as parent_i8_19_0_,
        organisaat0_.suhdetyyppi as suhdetyy6_19_0_,
        organisaat1_.version as version2_5_1_,
        organisaat1_.alkupvm as alkupvm3_5_1_,
        organisaat1_.domainnimi as domainni4_5_1_,
        organisaat1_.kotipaikka as kotipaik5_5_1_,
        organisaat1_.kuvaus_mkt as kuvaus_28_5_1_,
        organisaat1_.lakkautuspvm as lakkautu6_5_1_,
        organisaat1_.maa as maa7_5_1_,
        organisaat1_.metadata_id as metadat29_5_1_,
        organisaat1_.nimi_mkt as nimi_mk30_5_1_,
        organisaat1_.nimihaku as nimihaku8_5_1_,
        organisaat1_.oid as oid9_5_1_,
        organisaat1_.opetuspisteenjarjnro as opetusp10_5_1_,
        organisaat1_.oppilaitoskoodi as oppilai11_5_1_,
        organisaat1_.oppilaitos_tyyppi as oppilai12_5_1_,
        organisaat1_.organisaatio_poistettu as organis13_5_1_,
        organisaat1_.paivittaja as paivitt14_5_1_,
        organisaat1_.paivityspvm as paivity15_5_1_,
        organisaat1_.parentidpath as parenti16_5_1_,
        organisaat1_.parentoidpath as parento17_5_1_,
        organisaat1_.piilotettu as piilote18_5_1_,
        organisaat1_.tarkastus_pvm as tarkast19_5_1_,
        organisaat1_.toimipistekoodi as toimipi20_5_1_,
        organisaat1_.tuontipvm as tuontip21_5_1_,
        organisaat1_.varhaiskasvatuksen_toimipaikka_tiedot_id as varhais31_5_1_,
        organisaat1_.virastotunnus as virasto22_5_1_,
        organisaat1_.yhteishaunkoulukoodi as yhteish23_5_1_,
        organisaat1_.yritysmuoto as yritysm24_5_1_,
        organisaat1_.ytj_kieli as ytj_kie25_5_1_,
        organisaat1_.ytjpaivityspvm as ytjpaiv26_5_1_,
        organisaat1_.ytunnus as ytunnus27_5_1_ 
    from
        organisaatiosuhde organisaat0_ 
    inner join
        organisaatio organisaat1_ 
            on organisaat0_.parent_id=organisaat1_.id 
    where
        organisaat0_.child_id=? 
        and organisaat0_.suhdetyyppi=? 
        and (
            organisaat0_.alkupvm=? 
            or organisaat0_.alkupvm<?
        ) 
        and (
            organisaat0_.loppupvm is null 
            or organisaat0_.loppupvm>?
        ) 
        and organisaat1_.organisaatio_poistettu=? 
    order by
        organisaat0_.alkupvm desc
2020-06-10 18:11:37.082 TRACE 55751 --- [    Test worker] o.h.type.descriptor.sql.BasicBinder      : binding parameter [1] as [BIGINT] - [13]
2020-06-10 18:11:37.082 TRACE 55751 --- [    Test worker] o.h.type.descriptor.sql.BasicBinder      : binding parameter [2] as [VARCHAR] - [HISTORIA]
2020-06-10 18:11:37.082 TRACE 55751 --- [    Test worker] o.h.type.descriptor.sql.BasicBinder      : binding parameter [3] as [DATE] - [Wed Jun 10 18:11:37 EEST 2020]
2020-06-10 18:11:37.082 TRACE 55751 --- [    Test worker] o.h.type.descriptor.sql.BasicBinder      : binding parameter [4] as [DATE] - [Wed Jun 10 18:11:37 EEST 2020]
2020-06-10 18:11:37.082 TRACE 55751 --- [    Test worker] o.h.type.descriptor.sql.BasicBinder      : binding parameter [5] as [DATE] - [Wed Jun 10 18:11:37 EEST 2020]
2020-06-10 18:11:37.082 TRACE 55751 --- [    Test worker] o.h.type.descriptor.sql.BasicBinder      : binding parameter [6] as [BOOLEAN] - [false]
2020-06-10 18:11:37.082  INFO 55751 --- [    Test worker] .s.o.r.i.OrganisaatioSuhdeRepositoryImpl : addChild(12, 13, Wed Jun 10 18:11:37 EEST 2020)
Hibernate: 
    insert 
    into
        organisaatiosuhde
        (id, version, alkupvm, child_id, loppupvm, opetuspisteenjarjnro, parent_id, suhdetyyppi) 
    values
        (null, ?, ?, ?, ?, ?, ?, ?)
2020-06-10 18:11:37.083 TRACE 55751 --- [    Test worker] o.h.type.descriptor.sql.BasicBinder      : binding parameter [1] as [BIGINT] - [0]
2020-06-10 18:11:37.083 TRACE 55751 --- [    Test worker] o.h.type.descriptor.sql.BasicBinder      : binding parameter [2] as [DATE] - [Wed Jun 10 18:11:37 EEST 2020]
2020-06-10 18:11:37.083 TRACE 55751 --- [    Test worker] o.h.type.descriptor.sql.BasicBinder      : binding parameter [3] as [BIGINT] - [13]
2020-06-10 18:11:37.083 TRACE 55751 --- [    Test worker] o.h.type.descriptor.sql.BasicBinder      : binding parameter [4] as [DATE] - [null]
2020-06-10 18:11:37.083 TRACE 55751 --- [    Test worker] o.h.type.descriptor.sql.BasicBinder      : binding parameter [5] as [VARCHAR] - [01]
2020-06-10 18:11:37.083 TRACE 55751 --- [    Test worker] o.h.type.descriptor.sql.BasicBinder      : binding parameter [6] as [BIGINT] - [12]
2020-06-10 18:11:37.083 TRACE 55751 --- [    Test worker] o.h.type.descriptor.sql.BasicBinder      : binding parameter [7] as [VARCHAR] - [HISTORIA]
2020-06-10 18:11:37.084  INFO 55751 --- [    Test worker] .s.o.r.i.OrganisaatioSuhdeRepositoryImpl :     Created new child relation:  --> pId=12, cId=13, aPvm=Wed Jun 10 18:11:37 EEST 2020, lPvm=null
Hibernate: 
    select
        organisaat0_.id as id1_19_,
        organisaat0_.version as version2_19_,
        organisaat0_.alkupvm as alkupvm3_19_,
        organisaat0_.child_id as child_id7_19_,
        organisaat0_.loppupvm as loppupvm4_19_,
        organisaat0_.opetuspisteenjarjnro as opetuspi5_19_,
        organisaat0_.parent_id as parent_i8_19_,
        organisaat0_.suhdetyyppi as suhdetyy6_19_ 
    from
        organisaatiosuhde organisaat0_ 
    where
        organisaat0_.child_id=?
2020-06-10 18:11:37.085 TRACE 55751 --- [    Test worker] o.h.type.descriptor.sql.BasicBinder      : binding parameter [1] as [BIGINT] - [13]
2020-06-10 18:11:37.085 TRACE 55751 --- [    Test worker] o.h.type.descriptor.sql.BasicExtractor   : extracted value ([id1_19_] : [BIGINT]) - [12]
Hibernate: 
    select
        organisaat0_.id as id1_5_,
        organisaat0_.version as version2_5_,
        organisaat0_.alkupvm as alkupvm3_5_,
        organisaat0_.domainnimi as domainni4_5_,
        organisaat0_.kotipaikka as kotipaik5_5_,
        organisaat0_.kuvaus_mkt as kuvaus_28_5_,
        organisaat0_.lakkautuspvm as lakkautu6_5_,
        organisaat0_.maa as maa7_5_,
        organisaat0_.metadata_id as metadat29_5_,
        organisaat0_.nimi_mkt as nimi_mk30_5_,
        organisaat0_.nimihaku as nimihaku8_5_,
        organisaat0_.oid as oid9_5_,
        organisaat0_.opetuspisteenjarjnro as opetusp10_5_,
        organisaat0_.oppilaitoskoodi as oppilai11_5_,
        organisaat0_.oppilaitos_tyyppi as oppilai12_5_,
        organisaat0_.organisaatio_poistettu as organis13_5_,
        organisaat0_.paivittaja as paivitt14_5_,
        organisaat0_.paivityspvm as paivity15_5_,
        organisaat0_.parentidpath as parenti16_5_,
        organisaat0_.parentoidpath as parento17_5_,
        organisaat0_.piilotettu as piilote18_5_,
        organisaat0_.tarkastus_pvm as tarkast19_5_,
        organisaat0_.toimipistekoodi as toimipi20_5_,
        organisaat0_.tuontipvm as tuontip21_5_,
        organisaat0_.varhaiskasvatuksen_toimipaikka_tiedot_id as varhais31_5_,
        organisaat0_.virastotunnus as virasto22_5_,
        organisaat0_.yhteishaunkoulukoodi as yhteish23_5_,
        organisaat0_.yritysmuoto as yritysm24_5_,
        organisaat0_.ytj_kieli as ytj_kie25_5_,
        organisaat0_.ytjpaivityspvm as ytjpaiv26_5_,
        organisaat0_.ytunnus as ytunnus27_5_ 
    from
        organisaatio organisaat0_ 
    where
        organisaat0_.oid=?
2020-06-10 18:11:37.086 TRACE 55751 --- [    Test worker] o.h.type.descriptor.sql.BasicBinder      : binding parameter [1] as [VARCHAR] - [1.2.246.562.10.61436894305]
2020-06-10 18:11:37.086 TRACE 55751 --- [    Test worker] o.h.type.descriptor.sql.BasicExtractor   : extracted value ([id1_5_] : [BIGINT]) - [13]
2020-06-10 18:11:37.089 DEBUG 55751 --- [    Test worker] o.s.jdbc.core.JdbcTemplate               : Executing prepared SQL update
2020-06-10 18:11:37.090 DEBUG 55751 --- [    Test worker] o.s.jdbc.core.JdbcTemplate               : Executing prepared SQL statement [update organisaatio set toimipistekoodi = null where oid = ?]
2020-06-10 18:11:37.091 TRACE 55751 --- [    Test worker] o.s.jdbc.core.StatementCreatorUtils      : Setting SQL statement parameter value: column index 1, parameter value [1.2.246.562.10.61436894305], value class [java.lang.String], SQL type unknown
Hibernate: 
    select
        organisaat0_.id as id1_5_,
        organisaat0_.version as version2_5_,
        organisaat0_.alkupvm as alkupvm3_5_,
        organisaat0_.domainnimi as domainni4_5_,
        organisaat0_.kotipaikka as kotipaik5_5_,
        organisaat0_.kuvaus_mkt as kuvaus_28_5_,
        organisaat0_.lakkautuspvm as lakkautu6_5_,
        organisaat0_.maa as maa7_5_,
        organisaat0_.metadata_id as metadat29_5_,
        organisaat0_.nimi_mkt as nimi_mk30_5_,
        organisaat0_.nimihaku as nimihaku8_5_,
        organisaat0_.oid as oid9_5_,
        organisaat0_.opetuspisteenjarjnro as opetusp10_5_,
        organisaat0_.oppilaitoskoodi as oppilai11_5_,
        organisaat0_.oppilaitos_tyyppi as oppilai12_5_,
        organisaat0_.organisaatio_poistettu as organis13_5_,
        organisaat0_.paivittaja as paivitt14_5_,
        organisaat0_.paivityspvm as paivity15_5_,
        organisaat0_.parentidpath as parenti16_5_,
        organisaat0_.parentoidpath as parento17_5_,
        organisaat0_.piilotettu as piilote18_5_,
        organisaat0_.tarkastus_pvm as tarkast19_5_,
        organisaat0_.toimipistekoodi as toimipi20_5_,
        organisaat0_.tuontipvm as tuontip21_5_,
        organisaat0_.varhaiskasvatuksen_toimipaikka_tiedot_id as varhais31_5_,
        organisaat0_.virastotunnus as virasto22_5_,
        organisaat0_.yhteishaunkoulukoodi as yhteish23_5_,
        organisaat0_.yritysmuoto as yritysm24_5_,
        organisaat0_.ytj_kieli as ytj_kie25_5_,
        organisaat0_.ytjpaivityspvm as ytjpaiv26_5_,
        organisaat0_.ytunnus as ytunnus27_5_ 
    from
        organisaatio organisaat0_ 
    where
        organisaat0_.oid=?
2020-06-10 18:11:37.097 TRACE 55751 --- [    Test worker] o.h.type.descriptor.sql.BasicBinder      : binding parameter [1] as [VARCHAR] - [1.2.246.562.10.70889092818]
2020-06-10 18:11:37.097 TRACE 55751 --- [    Test worker] o.h.type.descriptor.sql.BasicExtractor   : extracted value ([id1_5_] : [BIGINT]) - [12]
2020-06-10 18:11:37.347  WARN 55751 --- [    Test worker] fi.vm.sade.javautils.http.OphHttpClient  : Failed to CAS authenticate. Renewing proxy ticket.
Hibernate: 
    select
        organisaat0_.id as id1_5_,
        organisaat0_.version as version2_5_,
        organisaat0_.alkupvm as alkupvm3_5_,
        organisaat0_.domainnimi as domainni4_5_,
        organisaat0_.kotipaikka as kotipaik5_5_,
        organisaat0_.kuvaus_mkt as kuvaus_28_5_,
        organisaat0_.lakkautuspvm as lakkautu6_5_,
        organisaat0_.maa as maa7_5_,
        organisaat0_.metadata_id as metadat29_5_,
        organisaat0_.nimi_mkt as nimi_mk30_5_,
        organisaat0_.nimihaku as nimihaku8_5_,
        organisaat0_.oid as oid9_5_,
        organisaat0_.opetuspisteenjarjnro as opetusp10_5_,
        organisaat0_.oppilaitoskoodi as oppilai11_5_,
        organisaat0_.oppilaitos_tyyppi as oppilai12_5_,
        organisaat0_.organisaatio_poistettu as organis13_5_,
        organisaat0_.paivittaja as paivitt14_5_,
        organisaat0_.paivityspvm as paivity15_5_,
        organisaat0_.parentidpath as parenti16_5_,
        organisaat0_.parentoidpath as parento17_5_,
        organisaat0_.piilotettu as piilote18_5_,
        organisaat0_.tarkastus_pvm as tarkast19_5_,
        organisaat0_.toimipistekoodi as toimipi20_5_,
        organisaat0_.tuontipvm as tuontip21_5_,
        organisaat0_.varhaiskasvatuksen_toimipaikka_tiedot_id as varhais31_5_,
        organisaat0_.virastotunnus as virasto22_5_,
        organisaat0_.yhteishaunkoulukoodi as yhteish23_5_,
        organisaat0_.yritysmuoto as yritysm24_5_,
        organisaat0_.ytj_kieli as ytj_kie25_5_,
        organisaat0_.ytjpaivityspvm as ytjpaiv26_5_,
        organisaat0_.ytunnus as ytunnus27_5_ 
    from
        organisaatio organisaat0_ 
    where
        organisaat0_.oid=?
2020-06-10 18:11:37.472 TRACE 55751 --- [    Test worker] o.h.type.descriptor.sql.BasicBinder      : binding parameter [1] as [VARCHAR] - [1.2.246.562.10.61436894305]
2020-06-10 18:11:37.472 TRACE 55751 --- [    Test worker] o.h.type.descriptor.sql.BasicExtractor   : extracted value ([id1_5_] : [BIGINT]) - [13]
Hibernate: 
    select
        organisaat0_.id as id1_5_,
        organisaat0_.version as version2_5_,
        organisaat0_.alkupvm as alkupvm3_5_,
        organisaat0_.domainnimi as domainni4_5_,
        organisaat0_.kotipaikka as kotipaik5_5_,
        organisaat0_.kuvaus_mkt as kuvaus_28_5_,
        organisaat0_.lakkautuspvm as lakkautu6_5_,
        organisaat0_.maa as maa7_5_,
        organisaat0_.metadata_id as metadat29_5_,
        organisaat0_.nimi_mkt as nimi_mk30_5_,
        organisaat0_.nimihaku as nimihaku8_5_,
        organisaat0_.oid as oid9_5_,
        organisaat0_.opetuspisteenjarjnro as opetusp10_5_,
        organisaat0_.oppilaitoskoodi as oppilai11_5_,
        organisaat0_.oppilaitos_tyyppi as oppilai12_5_,
        organisaat0_.organisaatio_poistettu as organis13_5_,
        organisaat0_.paivittaja as paivitt14_5_,
        organisaat0_.paivityspvm as paivity15_5_,
        organisaat0_.parentidpath as parenti16_5_,
        organisaat0_.parentoidpath as parento17_5_,
        organisaat0_.piilotettu as piilote18_5_,
        organisaat0_.tarkastus_pvm as tarkast19_5_,
        organisaat0_.toimipistekoodi as toimipi20_5_,
        organisaat0_.tuontipvm as tuontip21_5_,
        organisaat0_.varhaiskasvatuksen_toimipaikka_tiedot_id as varhais31_5_,
        organisaat0_.virastotunnus as virasto22_5_,
        organisaat0_.yhteishaunkoulukoodi as yhteish23_5_,
        organisaat0_.yritysmuoto as yritysm24_5_,
        organisaat0_.ytj_kieli as ytj_kie25_5_,
        organisaat0_.ytjpaivityspvm as ytjpaiv26_5_,
        organisaat0_.ytunnus as ytunnus27_5_ 
    from
        organisaatio organisaat0_ 
    where
        organisaat0_.oid=?
2020-06-10 18:11:37.475 TRACE 55751 --- [    Test worker] o.h.type.descriptor.sql.BasicBinder      : binding parameter [1] as [VARCHAR] - [1.2.246.562.10.70889092818]
2020-06-10 18:11:37.475 TRACE 55751 --- [    Test worker] o.h.type.descriptor.sql.BasicExtractor   : extracted value ([id1_5_] : [BIGINT]) - [12]
Hibernate: 
    select
        yhteystiet0_.id as id1_26_,
        yhteystiet0_.version as version2_26_,
        yhteystiet0_.arvo_text as arvo_tex3_26_,
        yhteystiet0_.arvo_yhteystieto_id as arvo_yht6_26_,
        yhteystiet0_.kentta_id as kentta_i7_26_,
        yhteystiet0_.kieli as kieli4_26_,
        yhteystiet0_.organisaatio_id as organisa8_26_,
        yhteystiet0_.yhteystieto_arvo_oid as yhteysti5_26_ 
    from
        yhteystieto_arvo yhteystiet0_ 
    where
        yhteystiet0_.organisaatio_id=?
2020-06-10 18:11:37.478 TRACE 55751 --- [    Test worker] o.h.type.descriptor.sql.BasicBinder      : binding parameter [1] as [BIGINT] - [13]
Hibernate: 
    insert 
    into
        monikielinen_teksti
        (id, version) 
    values
        (null, ?)
2020-06-10 18:11:37.480 TRACE 55751 --- [    Test worker] o.h.type.descriptor.sql.BasicBinder      : binding parameter [1] as [BIGINT] - [0]
Hibernate: 
    insert 
    into
        organisaatio_nimi
        (id, version, alkupvm, nimi_mkt, organisaatio_id, paivittaja) 
    values
        (null, ?, ?, ?, ?, ?)
2020-06-10 18:11:37.480 TRACE 55751 --- [    Test worker] o.h.type.descriptor.sql.BasicBinder      : binding parameter [1] as [BIGINT] - [0]
2020-06-10 18:11:37.480 TRACE 55751 --- [    Test worker] o.h.type.descriptor.sql.BasicBinder      : binding parameter [2] as [DATE] - [Wed Jun 10 18:11:36 EEST 2020]
2020-06-10 18:11:37.480 TRACE 55751 --- [    Test worker] o.h.type.descriptor.sql.BasicBinder      : binding parameter [3] as [BIGINT] - [1007]
2020-06-10 18:11:37.480 TRACE 55751 --- [    Test worker] o.h.type.descriptor.sql.BasicBinder      : binding parameter [4] as [BIGINT] - [13]
2020-06-10 18:11:37.480 TRACE 55751 --- [    Test worker] o.h.type.descriptor.sql.BasicBinder      : binding parameter [5] as [VARCHAR] - [null]
Hibernate: 
    insert 
    into
        yhteystieto
        (id, version, kieli, organisaatio_id, yhteystieto_oid, www_osoite, dtype) 
    values
        (null, ?, ?, ?, ?, ?, 'Www')
2020-06-10 18:11:37.481 TRACE 55751 --- [    Test worker] o.h.type.descriptor.sql.BasicBinder      : binding parameter [1] as [BIGINT] - [0]
2020-06-10 18:11:37.481 TRACE 55751 --- [    Test worker] o.h.type.descriptor.sql.BasicBinder      : binding parameter [2] as [VARCHAR] - [kieli_fi#1]
2020-06-10 18:11:37.481 TRACE 55751 --- [    Test worker] o.h.type.descriptor.sql.BasicBinder      : binding parameter [3] as [BIGINT] - [13]
2020-06-10 18:11:37.481 TRACE 55751 --- [    Test worker] o.h.type.descriptor.sql.BasicBinder      : binding parameter [4] as [VARCHAR] - [15918018970950.8355460233657811]
2020-06-10 18:11:37.481 TRACE 55751 --- [    Test worker] o.h.type.descriptor.sql.BasicBinder      : binding parameter [5] as [VARCHAR] - [http://test.oph.fi]
Hibernate: 
    insert 
    into
        yhteystieto
        (id, version, kieli, organisaatio_id, yhteystieto_oid, puhelinnumero, tyyppi, dtype) 
    values
        (null, ?, ?, ?, ?, ?, ?, 'Puhelinnumero')
2020-06-10 18:11:37.482 TRACE 55751 --- [    Test worker] o.h.type.descriptor.sql.BasicBinder      : binding parameter [1] as [BIGINT] - [0]
2020-06-10 18:11:37.482 TRACE 55751 --- [    Test worker] o.h.type.descriptor.sql.BasicBinder      : binding parameter [2] as [VARCHAR] - [kieli_fi#1]
2020-06-10 18:11:37.482 TRACE 55751 --- [    Test worker] o.h.type.descriptor.sql.BasicBinder      : binding parameter [3] as [BIGINT] - [13]
2020-06-10 18:11:37.482 TRACE 55751 --- [    Test worker] o.h.type.descriptor.sql.BasicBinder      : binding parameter [4] as [VARCHAR] - [1.2.246.562.5.23675737268]
2020-06-10 18:11:37.482 TRACE 55751 --- [    Test worker] o.h.type.descriptor.sql.BasicBinder      : binding parameter [5] as [VARCHAR] - [123]
2020-06-10 18:11:37.482 TRACE 55751 --- [    Test worker] o.h.type.descriptor.sql.BasicBinder      : binding parameter [6] as [VARCHAR] - [puhelin]
Hibernate: 
    insert 
    into
        yhteystieto
        (id, version, kieli, organisaatio_id, yhteystieto_oid, coordinatetype, extrarivi, lat, lng, maa, osavaltio, osoite, osoite_tyyppi, postinumero, postitoimipaikka, ytjpaivityspvm, dtype) 
    values
        (null, ?, ?, ?, ?, ?, ?, ?, ?, ?, ?, ?, ?, ?, ?, ?, 'Osoite')
2020-06-10 18:11:37.483 TRACE 55751 --- [    Test worker] o.h.type.descriptor.sql.BasicBinder      : binding parameter [1] as [BIGINT] - [0]
2020-06-10 18:11:37.483 TRACE 55751 --- [    Test worker] o.h.type.descriptor.sql.BasicBinder      : binding parameter [2] as [VARCHAR] - [kieli_fi#1]
2020-06-10 18:11:37.483 TRACE 55751 --- [    Test worker] o.h.type.descriptor.sql.BasicBinder      : binding parameter [3] as [BIGINT] - [13]
2020-06-10 18:11:37.483 TRACE 55751 --- [    Test worker] o.h.type.descriptor.sql.BasicBinder      : binding parameter [4] as [VARCHAR] - [1.2.246.562.5.93495501541]
2020-06-10 18:11:37.483 TRACE 55751 --- [    Test worker] o.h.type.descriptor.sql.BasicBinder      : binding parameter [5] as [VARCHAR] - [null]
2020-06-10 18:11:37.483 TRACE 55751 --- [    Test worker] o.h.type.descriptor.sql.BasicBinder      : binding parameter [6] as [VARCHAR] - [null]
2020-06-10 18:11:37.483 TRACE 55751 --- [    Test worker] o.h.type.descriptor.sql.BasicBinder      : binding parameter [7] as [DOUBLE] - [null]
2020-06-10 18:11:37.483 TRACE 55751 --- [    Test worker] o.h.type.descriptor.sql.BasicBinder      : binding parameter [8] as [DOUBLE] - [null]
2020-06-10 18:11:37.483 TRACE 55751 --- [    Test worker] o.h.type.descriptor.sql.BasicBinder      : binding parameter [9] as [VARCHAR] - [null]
2020-06-10 18:11:37.483 TRACE 55751 --- [    Test worker] o.h.type.descriptor.sql.BasicBinder      : binding parameter [10] as [VARCHAR] - [null]
2020-06-10 18:11:37.483 TRACE 55751 --- [    Test worker] o.h.type.descriptor.sql.BasicBinder      : binding parameter [11] as [VARCHAR] - [Postiosoite 1A]
2020-06-10 18:11:37.483 TRACE 55751 --- [    Test worker] o.h.type.descriptor.sql.BasicBinder      : binding parameter [12] as [VARCHAR] - [posti]
2020-06-10 18:11:37.483 TRACE 55751 --- [    Test worker] o.h.type.descriptor.sql.BasicBinder      : binding parameter [13] as [VARCHAR] - [00550]
2020-06-10 18:11:37.483 TRACE 55751 --- [    Test worker] o.h.type.descriptor.sql.BasicBinder      : binding parameter [14] as [VARCHAR] - [Helsinki]
2020-06-10 18:11:37.483 TRACE 55751 --- [    Test worker] o.h.type.descriptor.sql.BasicBinder      : binding parameter [15] as [DATE] - [null]
Hibernate: 
    insert 
    into
        yhteystieto
        (id, version, kieli, organisaatio_id, yhteystieto_oid, coordinatetype, extrarivi, lat, lng, maa, osavaltio, osoite, osoite_tyyppi, postinumero, postitoimipaikka, ytjpaivityspvm, dtype) 
    values
        (null, ?, ?, ?, ?, ?, ?, ?, ?, ?, ?, ?, ?, ?, ?, ?, 'Osoite')
2020-06-10 18:11:37.484 TRACE 55751 --- [    Test worker] o.h.type.descriptor.sql.BasicBinder      : binding parameter [1] as [BIGINT] - [0]
2020-06-10 18:11:37.484 TRACE 55751 --- [    Test worker] o.h.type.descriptor.sql.BasicBinder      : binding parameter [2] as [VARCHAR] - [kieli_fi#1]
2020-06-10 18:11:37.484 TRACE 55751 --- [    Test worker] o.h.type.descriptor.sql.BasicBinder      : binding parameter [3] as [BIGINT] - [13]
2020-06-10 18:11:37.484 TRACE 55751 --- [    Test worker] o.h.type.descriptor.sql.BasicBinder      : binding parameter [4] as [VARCHAR] - [1.2.246.562.5.99699838012]
2020-06-10 18:11:37.484 TRACE 55751 --- [    Test worker] o.h.type.descriptor.sql.BasicBinder      : binding parameter [5] as [VARCHAR] - [null]
2020-06-10 18:11:37.484 TRACE 55751 --- [    Test worker] o.h.type.descriptor.sql.BasicBinder      : binding parameter [6] as [VARCHAR] - [null]
2020-06-10 18:11:37.484 TRACE 55751 --- [    Test worker] o.h.type.descriptor.sql.BasicBinder      : binding parameter [7] as [DOUBLE] - [null]
2020-06-10 18:11:37.485 TRACE 55751 --- [    Test worker] o.h.type.descriptor.sql.BasicBinder      : binding parameter [8] as [DOUBLE] - [null]
2020-06-10 18:11:37.485 TRACE 55751 --- [    Test worker] o.h.type.descriptor.sql.BasicBinder      : binding parameter [9] as [VARCHAR] - [null]
2020-06-10 18:11:37.485 TRACE 55751 --- [    Test worker] o.h.type.descriptor.sql.BasicBinder      : binding parameter [10] as [VARCHAR] - [null]
2020-06-10 18:11:37.485 TRACE 55751 --- [    Test worker] o.h.type.descriptor.sql.BasicBinder      : binding parameter [11] as [VARCHAR] - [Kayntiosoite 2B]
2020-06-10 18:11:37.485 TRACE 55751 --- [    Test worker] o.h.type.descriptor.sql.BasicBinder      : binding parameter [12] as [VARCHAR] - [kaynti]
2020-06-10 18:11:37.485 TRACE 55751 --- [    Test worker] o.h.type.descriptor.sql.BasicBinder      : binding parameter [13] as [VARCHAR] - [posti_00550]
2020-06-10 18:11:37.485 TRACE 55751 --- [    Test worker] o.h.type.descriptor.sql.BasicBinder      : binding parameter [14] as [VARCHAR] - [Helsinki]
2020-06-10 18:11:37.485 TRACE 55751 --- [    Test worker] o.h.type.descriptor.sql.BasicBinder      : binding parameter [15] as [DATE] - [null]
Hibernate: 
    insert 
    into
        yhteystieto
        (id, version, kieli, organisaatio_id, yhteystieto_oid, email, dtype) 
    values
        (null, ?, ?, ?, ?, ?, 'Email')
2020-06-10 18:11:37.485 TRACE 55751 --- [    Test worker] o.h.type.descriptor.sql.BasicBinder      : binding parameter [1] as [BIGINT] - [0]
2020-06-10 18:11:37.486 TRACE 55751 --- [    Test worker] o.h.type.descriptor.sql.BasicBinder      : binding parameter [2] as [VARCHAR] - [kieli_fi#1]
2020-06-10 18:11:37.486 TRACE 55751 --- [    Test worker] o.h.type.descriptor.sql.BasicBinder      : binding parameter [3] as [BIGINT] - [13]
2020-06-10 18:11:37.486 TRACE 55751 --- [    Test worker] o.h.type.descriptor.sql.BasicBinder      : binding parameter [4] as [VARCHAR] - [15918018970950.8459028063607275]
2020-06-10 18:11:37.486 TRACE 55751 --- [    Test worker] o.h.type.descriptor.sql.BasicBinder      : binding parameter [5] as [VARCHAR] - [asd@asd.asd]
2020-06-10 18:11:37.486  INFO 55751 --- [    Test worker] .s.o.r.i.OrganisaatioSuhdeRepositoryImpl : findParentTo(13, Wed Jun 10 18:11:37 EEST 2020)
Hibernate: 
    update
        organisaatio 
    set
        version=?,
        alkupvm=?,
        domainnimi=?,
        kotipaikka=?,
        kuvaus_mkt=?,
        lakkautuspvm=?,
        maa=?,
        metadata_id=?,
        nimi_mkt=?,
        nimihaku=?,
        oid=?,
        opetuspisteenjarjnro=?,
        oppilaitoskoodi=?,
        oppilaitos_tyyppi=?,
        organisaatio_poistettu=?,
        paivittaja=?,
        paivityspvm=?,
        parentidpath=?,
        parentoidpath=?,
        piilotettu=?,
        tarkastus_pvm=?,
        toimipistekoodi=?,
        tuontipvm=?,
        varhaiskasvatuksen_toimipaikka_tiedot_id=?,
        virastotunnus=?,
        yhteishaunkoulukoodi=?,
        yritysmuoto=?,
        ytj_kieli=?,
        ytjpaivityspvm=?,
        ytunnus=? 
    where
        id=? 
        and version=?
2020-06-10 18:11:37.489 TRACE 55751 --- [    Test worker] o.h.type.descriptor.sql.BasicBinder      : binding parameter [1] as [BIGINT] - [2]
2020-06-10 18:11:37.489 TRACE 55751 --- [    Test worker] o.h.type.descriptor.sql.BasicBinder      : binding parameter [2] as [DATE] - [Fri Dec 31 00:00:00 EET 1999]
2020-06-10 18:11:37.489 TRACE 55751 --- [    Test worker] o.h.type.descriptor.sql.BasicBinder      : binding parameter [3] as [VARCHAR] - [null]
2020-06-10 18:11:37.489 TRACE 55751 --- [    Test worker] o.h.type.descriptor.sql.BasicBinder      : binding parameter [4] as [VARCHAR] - [kunta_092]
2020-06-10 18:11:37.489 TRACE 55751 --- [    Test worker] o.h.type.descriptor.sql.BasicBinder      : binding parameter [5] as [BIGINT] - [1005]
2020-06-10 18:11:37.489 TRACE 55751 --- [    Test worker] o.h.type.descriptor.sql.BasicBinder      : binding parameter [6] as [DATE] - [null]
2020-06-10 18:11:37.489 TRACE 55751 --- [    Test worker] o.h.type.descriptor.sql.BasicBinder      : binding parameter [7] as [VARCHAR] - [maatjavaltiot1_fin]
2020-06-10 18:11:37.489 TRACE 55751 --- [    Test worker] o.h.type.descriptor.sql.BasicBinder      : binding parameter [8] as [BIGINT] - [null]
2020-06-10 18:11:37.489 TRACE 55751 --- [    Test worker] o.h.type.descriptor.sql.BasicBinder      : binding parameter [9] as [BIGINT] - [1007]
2020-06-10 18:11:37.489 TRACE 55751 --- [    Test worker] o.h.type.descriptor.sql.BasicBinder      : binding parameter [10] as [VARCHAR] - [,oppilaitos1, toimipiste1]
2020-06-10 18:11:37.489 TRACE 55751 --- [    Test worker] o.h.type.descriptor.sql.BasicBinder      : binding parameter [11] as [VARCHAR] - [1.2.246.562.10.61436894305]
2020-06-10 18:11:37.489 TRACE 55751 --- [    Test worker] o.h.type.descriptor.sql.BasicBinder      : binding parameter [12] as [VARCHAR] - [01]
2020-06-10 18:11:37.489 TRACE 55751 --- [    Test worker] o.h.type.descriptor.sql.BasicBinder      : binding parameter [13] as [VARCHAR] - [null]
2020-06-10 18:11:37.489 TRACE 55751 --- [    Test worker] o.h.type.descriptor.sql.BasicBinder      : binding parameter [14] as [VARCHAR] - [null]
2020-06-10 18:11:37.489 TRACE 55751 --- [    Test worker] o.h.type.descriptor.sql.BasicBinder      : binding parameter [15] as [BOOLEAN] - [false]
2020-06-10 18:11:37.489 TRACE 55751 --- [    Test worker] o.h.type.descriptor.sql.BasicBinder      : binding parameter [16] as [VARCHAR] - [ophadmin]
2020-06-10 18:11:37.489 TRACE 55751 --- [    Test worker] o.h.type.descriptor.sql.BasicBinder      : binding parameter [17] as [TIMESTAMP] - [Wed Jun 10 18:11:37 EEST 2020]
2020-06-10 18:11:37.489 TRACE 55751 --- [    Test worker] o.h.type.descriptor.sql.BasicBinder      : binding parameter [18] as [VARCHAR] - [|1|11|12|]
2020-06-10 18:11:37.489 TRACE 55751 --- [    Test worker] o.h.type.descriptor.sql.BasicBinder      : binding parameter [19] as [VARCHAR] - [|1.2.246.562.24.00000000001|1.2.246.562.10.52914687012|1.2.246.562.10.70889092818|]
2020-06-10 18:11:37.489 TRACE 55751 --- [    Test worker] o.h.type.descriptor.sql.BasicBinder      : binding parameter [20] as [BOOLEAN] - [false]
2020-06-10 18:11:37.489 TRACE 55751 --- [    Test worker] o.h.type.descriptor.sql.BasicBinder      : binding parameter [21] as [TIMESTAMP] - [null]
2020-06-10 18:11:37.489 TRACE 55751 --- [    Test worker] o.h.type.descriptor.sql.BasicBinder      : binding parameter [22] as [VARCHAR] - [oppilaitoskoodi01]
2020-06-10 18:11:37.489 TRACE 55751 --- [    Test worker] o.h.type.descriptor.sql.BasicBinder      : binding parameter [23] as [TIMESTAMP] - [null]
2020-06-10 18:11:37.489 TRACE 55751 --- [    Test worker] o.h.type.descriptor.sql.BasicBinder      : binding parameter [24] as [BIGINT] - [null]
2020-06-10 18:11:37.489 TRACE 55751 --- [    Test worker] o.h.type.descriptor.sql.BasicBinder      : binding parameter [25] as [VARCHAR] - [null]
2020-06-10 18:11:37.489 TRACE 55751 --- [    Test worker] o.h.type.descriptor.sql.BasicBinder      : binding parameter [26] as [VARCHAR] - [null]
2020-06-10 18:11:37.490 TRACE 55751 --- [    Test worker] o.h.type.descriptor.sql.BasicBinder      : binding parameter [27] as [VARCHAR] - [null]
2020-06-10 18:11:37.490 TRACE 55751 --- [    Test worker] o.h.type.descriptor.sql.BasicBinder      : binding parameter [28] as [VARCHAR] - [null]
2020-06-10 18:11:37.490 TRACE 55751 --- [    Test worker] o.h.type.descriptor.sql.BasicBinder      : binding parameter [29] as [DATE] - [null]
2020-06-10 18:11:37.490 TRACE 55751 --- [    Test worker] o.h.type.descriptor.sql.BasicBinder      : binding parameter [30] as [VARCHAR] - [null]
2020-06-10 18:11:37.490 TRACE 55751 --- [    Test worker] o.h.type.descriptor.sql.BasicBinder      : binding parameter [31] as [BIGINT] - [13]
2020-06-10 18:11:37.490 TRACE 55751 --- [    Test worker] o.h.type.descriptor.sql.BasicBinder      : binding parameter [32] as [BIGINT] - [1]
Hibernate: 
    insert 
    into
        monikielinen_teksti_values
        (id, key, value) 
    values
        (?, ?, ?)
2020-06-10 18:11:37.490 TRACE 55751 --- [    Test worker] o.h.type.descriptor.sql.BasicBinder      : binding parameter [1] as [BIGINT] - [1007]
2020-06-10 18:11:37.490 TRACE 55751 --- [    Test worker] o.h.type.descriptor.sql.BasicBinder      : binding parameter [2] as [VARCHAR] - [fi]
2020-06-10 18:11:37.490 TRACE 55751 --- [    Test worker] o.h.type.descriptor.sql.BasicBinder      : binding parameter [3] as [VARCHAR] - [oppilaitos1, toimipiste1]
Hibernate: 
    delete 
    from
        yhteystieto 
    where
        id=? 
        and version=?
2020-06-10 18:11:37.491 TRACE 55751 --- [    Test worker] o.h.type.descriptor.sql.BasicBinder      : binding parameter [1] as [BIGINT] - [1312]
2020-06-10 18:11:37.491 TRACE 55751 --- [    Test worker] o.h.type.descriptor.sql.BasicBinder      : binding parameter [2] as [BIGINT] - [0]
Hibernate: 
    delete 
    from
        yhteystieto 
    where
        id=? 
        and version=?
2020-06-10 18:11:37.491 TRACE 55751 --- [    Test worker] o.h.type.descriptor.sql.BasicBinder      : binding parameter [1] as [BIGINT] - [1313]
2020-06-10 18:11:37.491 TRACE 55751 --- [    Test worker] o.h.type.descriptor.sql.BasicBinder      : binding parameter [2] as [BIGINT] - [0]
Hibernate: 
    delete 
    from
        yhteystieto 
    where
        id=? 
        and version=?
2020-06-10 18:11:37.492 TRACE 55751 --- [    Test worker] o.h.type.descriptor.sql.BasicBinder      : binding parameter [1] as [BIGINT] - [1314]
2020-06-10 18:11:37.492 TRACE 55751 --- [    Test worker] o.h.type.descriptor.sql.BasicBinder      : binding parameter [2] as [BIGINT] - [0]
Hibernate: 
    delete 
    from
        yhteystieto 
    where
        id=? 
        and version=?
2020-06-10 18:11:37.492 TRACE 55751 --- [    Test worker] o.h.type.descriptor.sql.BasicBinder      : binding parameter [1] as [BIGINT] - [1315]
2020-06-10 18:11:37.492 TRACE 55751 --- [    Test worker] o.h.type.descriptor.sql.BasicBinder      : binding parameter [2] as [BIGINT] - [0]
Hibernate: 
    delete 
    from
        yhteystieto 
    where
        id=? 
        and version=?
2020-06-10 18:11:37.492 TRACE 55751 --- [    Test worker] o.h.type.descriptor.sql.BasicBinder      : binding parameter [1] as [BIGINT] - [1316]
2020-06-10 18:11:37.492 TRACE 55751 --- [    Test worker] o.h.type.descriptor.sql.BasicBinder      : binding parameter [2] as [BIGINT] - [0]
Hibernate: 
    select
        organisaat0_.id as id1_19_0_,
        organisaat1_.id as id1_5_1_,
        organisaat0_.version as version2_19_0_,
        organisaat0_.alkupvm as alkupvm3_19_0_,
        organisaat0_.child_id as child_id7_19_0_,
        organisaat0_.loppupvm as loppupvm4_19_0_,
        organisaat0_.opetuspisteenjarjnro as opetuspi5_19_0_,
        organisaat0_.parent_id as parent_i8_19_0_,
        organisaat0_.suhdetyyppi as suhdetyy6_19_0_,
        organisaat1_.version as version2_5_1_,
        organisaat1_.alkupvm as alkupvm3_5_1_,
        organisaat1_.domainnimi as domainni4_5_1_,
        organisaat1_.kotipaikka as kotipaik5_5_1_,
        organisaat1_.kuvaus_mkt as kuvaus_28_5_1_,
        organisaat1_.lakkautuspvm as lakkautu6_5_1_,
        organisaat1_.maa as maa7_5_1_,
        organisaat1_.metadata_id as metadat29_5_1_,
        organisaat1_.nimi_mkt as nimi_mk30_5_1_,
        organisaat1_.nimihaku as nimihaku8_5_1_,
        organisaat1_.oid as oid9_5_1_,
        organisaat1_.opetuspisteenjarjnro as opetusp10_5_1_,
        organisaat1_.oppilaitoskoodi as oppilai11_5_1_,
        organisaat1_.oppilaitos_tyyppi as oppilai12_5_1_,
        organisaat1_.organisaatio_poistettu as organis13_5_1_,
        organisaat1_.paivittaja as paivitt14_5_1_,
        organisaat1_.paivityspvm as paivity15_5_1_,
        organisaat1_.parentidpath as parenti16_5_1_,
        organisaat1_.parentoidpath as parento17_5_1_,
        organisaat1_.piilotettu as piilote18_5_1_,
        organisaat1_.tarkastus_pvm as tarkast19_5_1_,
        organisaat1_.toimipistekoodi as toimipi20_5_1_,
        organisaat1_.tuontipvm as tuontip21_5_1_,
        organisaat1_.varhaiskasvatuksen_toimipaikka_tiedot_id as varhais31_5_1_,
        organisaat1_.virastotunnus as virasto22_5_1_,
        organisaat1_.yhteishaunkoulukoodi as yhteish23_5_1_,
        organisaat1_.yritysmuoto as yritysm24_5_1_,
        organisaat1_.ytj_kieli as ytj_kie25_5_1_,
        organisaat1_.ytjpaivityspvm as ytjpaiv26_5_1_,
        organisaat1_.ytunnus as ytunnus27_5_1_ 
    from
        organisaatiosuhde organisaat0_ 
    inner join
        organisaatio organisaat1_ 
            on organisaat0_.parent_id=organisaat1_.id 
    where
        organisaat0_.child_id=? 
        and organisaat0_.suhdetyyppi=? 
        and (
            organisaat0_.alkupvm=? 
            or organisaat0_.alkupvm<?
        ) 
        and (
            organisaat0_.loppupvm is null 
            or organisaat0_.loppupvm>?
        ) 
        and organisaat1_.organisaatio_poistettu=? 
    order by
        organisaat0_.alkupvm desc
2020-06-10 18:11:37.493 TRACE 55751 --- [    Test worker] o.h.type.descriptor.sql.BasicBinder      : binding parameter [1] as [BIGINT] - [13]
2020-06-10 18:11:37.493 TRACE 55751 --- [    Test worker] o.h.type.descriptor.sql.BasicBinder      : binding parameter [2] as [VARCHAR] - [HISTORIA]
2020-06-10 18:11:37.493 TRACE 55751 --- [    Test worker] o.h.type.descriptor.sql.BasicBinder      : binding parameter [3] as [DATE] - [Wed Jun 10 18:11:37 EEST 2020]
2020-06-10 18:11:37.493 TRACE 55751 --- [    Test worker] o.h.type.descriptor.sql.BasicBinder      : binding parameter [4] as [DATE] - [Wed Jun 10 18:11:37 EEST 2020]
2020-06-10 18:11:37.493 TRACE 55751 --- [    Test worker] o.h.type.descriptor.sql.BasicBinder      : binding parameter [5] as [DATE] - [Wed Jun 10 18:11:37 EEST 2020]
2020-06-10 18:11:37.493 TRACE 55751 --- [    Test worker] o.h.type.descriptor.sql.BasicBinder      : binding parameter [6] as [BOOLEAN] - [false]
2020-06-10 18:11:37.493 TRACE 55751 --- [    Test worker] o.h.type.descriptor.sql.BasicExtractor   : extracted value ([id1_19_0_] : [BIGINT]) - [12]
2020-06-10 18:11:37.493 TRACE 55751 --- [    Test worker] o.h.type.descriptor.sql.BasicExtractor   : extracted value ([id1_5_1_] : [BIGINT]) - [12]
Hibernate: 
    select
        organisaat0_.id as id1_19_,
        organisaat0_.version as version2_19_,
        organisaat0_.alkupvm as alkupvm3_19_,
        organisaat0_.child_id as child_id7_19_,
        organisaat0_.loppupvm as loppupvm4_19_,
        organisaat0_.opetuspisteenjarjnro as opetuspi5_19_,
        organisaat0_.parent_id as parent_i8_19_,
        organisaat0_.suhdetyyppi as suhdetyy6_19_ 
    from
        organisaatiosuhde organisaat0_ 
    where
        organisaat0_.child_id=?
2020-06-10 18:11:37.495 TRACE 55751 --- [    Test worker] o.h.type.descriptor.sql.BasicBinder      : binding parameter [1] as [BIGINT] - [13]
2020-06-10 18:11:37.495 TRACE 55751 --- [    Test worker] o.h.type.descriptor.sql.BasicExtractor   : extracted value ([id1_19_] : [BIGINT]) - [12]
Hibernate: 
    select
        organisaat0_.id as id1_5_,
        organisaat0_.version as version2_5_,
        organisaat0_.alkupvm as alkupvm3_5_,
        organisaat0_.domainnimi as domainni4_5_,
        organisaat0_.kotipaikka as kotipaik5_5_,
        organisaat0_.kuvaus_mkt as kuvaus_28_5_,
        organisaat0_.lakkautuspvm as lakkautu6_5_,
        organisaat0_.maa as maa7_5_,
        organisaat0_.metadata_id as metadat29_5_,
        organisaat0_.nimi_mkt as nimi_mk30_5_,
        organisaat0_.nimihaku as nimihaku8_5_,
        organisaat0_.oid as oid9_5_,
        organisaat0_.opetuspisteenjarjnro as opetusp10_5_,
        organisaat0_.oppilaitoskoodi as oppilai11_5_,
        organisaat0_.oppilaitos_tyyppi as oppilai12_5_,
        organisaat0_.organisaatio_poistettu as organis13_5_,
        organisaat0_.paivittaja as paivitt14_5_,
        organisaat0_.paivityspvm as paivity15_5_,
        organisaat0_.parentidpath as parenti16_5_,
        organisaat0_.parentoidpath as parento17_5_,
        organisaat0_.piilotettu as piilote18_5_,
        organisaat0_.tarkastus_pvm as tarkast19_5_,
        organisaat0_.toimipistekoodi as toimipi20_5_,
        organisaat0_.tuontipvm as tuontip21_5_,
        organisaat0_.varhaiskasvatuksen_toimipaikka_tiedot_id as varhais31_5_,
        organisaat0_.virastotunnus as virasto22_5_,
        organisaat0_.yhteishaunkoulukoodi as yhteish23_5_,
        organisaat0_.yritysmuoto as yritysm24_5_,
        organisaat0_.ytj_kieli as ytj_kie25_5_,
        organisaat0_.ytjpaivityspvm as ytjpaiv26_5_,
        organisaat0_.ytunnus as ytunnus27_5_ 
    from
        organisaatio organisaat0_ 
    where
        organisaat0_.oid=?
2020-06-10 18:11:37.503 TRACE 55751 --- [    Test worker] o.h.type.descriptor.sql.BasicBinder      : binding parameter [1] as [VARCHAR] - [1.2.246.562.10.61436894305]
2020-06-10 18:11:37.503 TRACE 55751 --- [    Test worker] o.h.type.descriptor.sql.BasicExtractor   : extracted value ([id1_5_] : [BIGINT]) - [13]
2020-06-10 18:11:37.514  INFO 55751 --- [    Test worker] o.s.t.c.transaction.TransactionContext   : Rolled back transaction for test: [DefaultTestContext@633e0b9b testClass = OrganisaatioBusinessServiceImplTest, testInstance = fi.vm.sade.organisaatio.business.impl.OrganisaatioBusinessServiceImplTest@3ac903b6, testMethod = saveToimipisteShouldGenerateToimipistekoodiWhenEmpty@OrganisaatioBusinessServiceImplTest, testException = [null], mergedContextConfiguration = [WebMergedContextConfiguration@142403d testClass = OrganisaatioBusinessServiceImplTest, locations = '{}', classes = '{class fi.vm.sade.organisaatio.OrganisaatioApplication, class fi.vm.sade.organisaatio.business.impl.OrganisaatioBusinessServiceImplTest$OrganisaatioBusinessServiceImplTestContextConfiguration}', contextInitializerClasses = '[]', activeProfiles = '{}', propertySourceLocations = '{}', propertySourceProperties = '{org.springframework.boot.test.context.SpringBootTestContextBootstrapper=true}', contextCustomizers = set[org.springframework.boot.test.autoconfigure.properties.PropertyMappingContextCustomizer@a273518a, org.springframework.boot.test.autoconfigure.web.servlet.WebDriverContextCustomizerFactory$Customizer@25a95d7a, [ImportsContextCustomizer@1758189f key = [org.springframework.boot.test.autoconfigure.jdbc.TestDatabaseAutoConfiguration, org.springframework.boot.autoconfigure.jdbc.DataSourceAutoConfiguration]], org.springframework.boot.test.context.filter.ExcludeFilterContextCustomizer@33d60c3d, org.springframework.boot.test.json.DuplicateJsonObjectContextCustomizerFactory$DuplicateJsonObjectContextCustomizer@6943770e, org.springframework.boot.test.mock.mockito.MockitoContextCustomizer@0, org.springframework.boot.test.web.client.TestRestTemplateContextCustomizer@536042e6, org.springframework.boot.test.context.SpringBootTestArgs@1], resourceBasePath = 'src/main/webapp', contextLoader = 'org.springframework.boot.test.context.SpringBootContextLoader', parent = [null]], attributes = map['org.springframework.test.context.web.ServletTestExecutionListener.activateListener' -> true, 'org.springframework.test.context.web.ServletTestExecutionListener.populatedRequestContextHolder' -> true, 'org.springframework.test.context.web.ServletTestExecutionListener.resetRequestContextHolder' -> true]]
2020-06-10 18:11:37.516  INFO 55751 --- [    Test worker] o.s.t.c.transaction.TransactionContext   : Began transaction (1) for test context [DefaultTestContext@633e0b9b testClass = OrganisaatioBusinessServiceImplTest, testInstance = fi.vm.sade.organisaatio.business.impl.OrganisaatioBusinessServiceImplTest@510b3f62, testMethod = processNewOrganisaatioSuhdeChangesWithLiitosToAnotherTree@OrganisaatioBusinessServiceImplTest, testException = [null], mergedContextConfiguration = [WebMergedContextConfiguration@142403d testClass = OrganisaatioBusinessServiceImplTest, locations = '{}', classes = '{class fi.vm.sade.organisaatio.OrganisaatioApplication, class fi.vm.sade.organisaatio.business.impl.OrganisaatioBusinessServiceImplTest$OrganisaatioBusinessServiceImplTestContextConfiguration}', contextInitializerClasses = '[]', activeProfiles = '{}', propertySourceLocations = '{}', propertySourceProperties = '{org.springframework.boot.test.context.SpringBootTestContextBootstrapper=true}', contextCustomizers = set[org.springframework.boot.test.autoconfigure.properties.PropertyMappingContextCustomizer@a273518a, org.springframework.boot.test.autoconfigure.web.servlet.WebDriverContextCustomizerFactory$Customizer@25a95d7a, [ImportsContextCustomizer@1758189f key = [org.springframework.boot.test.autoconfigure.jdbc.TestDatabaseAutoConfiguration, org.springframework.boot.autoconfigure.jdbc.DataSourceAutoConfiguration]], org.springframework.boot.test.context.filter.ExcludeFilterContextCustomizer@33d60c3d, org.springframework.boot.test.json.DuplicateJsonObjectContextCustomizerFactory$DuplicateJsonObjectContextCustomizer@6943770e, org.springframework.boot.test.mock.mockito.MockitoContextCustomizer@0, org.springframework.boot.test.web.client.TestRestTemplateContextCustomizer@536042e6, org.springframework.boot.test.context.SpringBootTestArgs@1], resourceBasePath = 'src/main/webapp', contextLoader = 'org.springframework.boot.test.context.SpringBootContextLoader', parent = [null]], attributes = map['org.springframework.test.context.web.ServletTestExecutionListener.activateListener' -> true, 'org.springframework.test.context.web.ServletTestExecutionListener.populatedRequestContextHolder' -> true, 'org.springframework.test.context.web.ServletTestExecutionListener.resetRequestContextHolder' -> true]]; transaction manager [org.springframework.orm.jpa.JpaTransactionManager@441d876b]; rollback [true]
Hibernate: 
    select
        organisaat0_.id as id1_5_,
        organisaat0_.version as version2_5_,
        organisaat0_.alkupvm as alkupvm3_5_,
        organisaat0_.domainnimi as domainni4_5_,
        organisaat0_.kotipaikka as kotipaik5_5_,
        organisaat0_.kuvaus_mkt as kuvaus_28_5_,
        organisaat0_.lakkautuspvm as lakkautu6_5_,
        organisaat0_.maa as maa7_5_,
        organisaat0_.metadata_id as metadat29_5_,
        organisaat0_.nimi_mkt as nimi_mk30_5_,
        organisaat0_.nimihaku as nimihaku8_5_,
        organisaat0_.oid as oid9_5_,
        organisaat0_.opetuspisteenjarjnro as opetusp10_5_,
        organisaat0_.oppilaitoskoodi as oppilai11_5_,
        organisaat0_.oppilaitos_tyyppi as oppilai12_5_,
        organisaat0_.organisaatio_poistettu as organis13_5_,
        organisaat0_.paivittaja as paivitt14_5_,
        organisaat0_.paivityspvm as paivity15_5_,
        organisaat0_.parentidpath as parenti16_5_,
        organisaat0_.parentoidpath as parento17_5_,
        organisaat0_.piilotettu as piilote18_5_,
        organisaat0_.tarkastus_pvm as tarkast19_5_,
        organisaat0_.toimipistekoodi as toimipi20_5_,
        organisaat0_.tuontipvm as tuontip21_5_,
        organisaat0_.varhaiskasvatuksen_toimipaikka_tiedot_id as varhais31_5_,
        organisaat0_.virastotunnus as virasto22_5_,
        organisaat0_.yhteishaunkoulukoodi as yhteish23_5_,
        organisaat0_.yritysmuoto as yritysm24_5_,
        organisaat0_.ytj_kieli as ytj_kie25_5_,
        organisaat0_.ytjpaivityspvm as ytjpaiv26_5_,
        organisaat0_.ytunnus as ytunnus27_5_ 
    from
        organisaatio organisaat0_ 
    where
        organisaat0_.oid=?
2020-06-10 18:11:37.525 TRACE 55751 --- [    Test worker] o.h.type.descriptor.sql.BasicBinder      : binding parameter [1] as [VARCHAR] - [koulutustoimija1]
2020-06-10 18:11:37.769  WARN 55751 --- [    Test worker] fi.vm.sade.javautils.http.OphHttpClient  : Failed to CAS authenticate. Renewing proxy ticket.
Hibernate: 
    select
        organisaat0_.id as id1_5_,
        organisaat0_.version as version2_5_,
        organisaat0_.alkupvm as alkupvm3_5_,
        organisaat0_.domainnimi as domainni4_5_,
        organisaat0_.kotipaikka as kotipaik5_5_,
        organisaat0_.kuvaus_mkt as kuvaus_28_5_,
        organisaat0_.lakkautuspvm as lakkautu6_5_,
        organisaat0_.maa as maa7_5_,
        organisaat0_.metadata_id as metadat29_5_,
        organisaat0_.nimi_mkt as nimi_mk30_5_,
        organisaat0_.nimihaku as nimihaku8_5_,
        organisaat0_.oid as oid9_5_,
        organisaat0_.opetuspisteenjarjnro as opetusp10_5_,
        organisaat0_.oppilaitoskoodi as oppilai11_5_,
        organisaat0_.oppilaitos_tyyppi as oppilai12_5_,
        organisaat0_.organisaatio_poistettu as organis13_5_,
        organisaat0_.paivittaja as paivitt14_5_,
        organisaat0_.paivityspvm as paivity15_5_,
        organisaat0_.parentidpath as parenti16_5_,
        organisaat0_.parentoidpath as parento17_5_,
        organisaat0_.piilotettu as piilote18_5_,
        organisaat0_.tarkastus_pvm as tarkast19_5_,
        organisaat0_.toimipistekoodi as toimipi20_5_,
        organisaat0_.tuontipvm as tuontip21_5_,
        organisaat0_.varhaiskasvatuksen_toimipaikka_tiedot_id as varhais31_5_,
        organisaat0_.virastotunnus as virasto22_5_,
        organisaat0_.yhteishaunkoulukoodi as yhteish23_5_,
        organisaat0_.yritysmuoto as yritysm24_5_,
        organisaat0_.ytj_kieli as ytj_kie25_5_,
        organisaat0_.ytjpaivityspvm as ytjpaiv26_5_,
        organisaat0_.ytunnus as ytunnus27_5_ 
    from
        organisaatio organisaat0_ 
    where
        organisaat0_.oid=?
2020-06-10 18:11:37.890 TRACE 55751 --- [    Test worker] o.h.type.descriptor.sql.BasicBinder      : binding parameter [1] as [VARCHAR] - [1.2.246.562.24.00000000001]
2020-06-10 18:11:37.890 TRACE 55751 --- [    Test worker] o.h.type.descriptor.sql.BasicExtractor   : extracted value ([id1_5_] : [BIGINT]) - [1]
2020-06-10 18:11:37.890 TRACE 55751 --- [    Test worker] o.h.type.descriptor.sql.BasicExtractor   : extracted value ([version2_5_] : [BIGINT]) - [0]
2020-06-10 18:11:37.890 TRACE 55751 --- [    Test worker] o.h.type.descriptor.sql.BasicExtractor   : extracted value ([alkupvm3_5_] : [DATE]) - [2004-06-29]
2020-06-10 18:11:37.890 TRACE 55751 --- [    Test worker] o.h.type.descriptor.sql.BasicExtractor   : extracted value ([domainni4_5_] : [VARCHAR]) - [null]
2020-06-10 18:11:37.890 TRACE 55751 --- [    Test worker] o.h.type.descriptor.sql.BasicExtractor   : extracted value ([kotipaik5_5_] : [VARCHAR]) - [Helsinki]
2020-06-10 18:11:37.890 TRACE 55751 --- [    Test worker] o.h.type.descriptor.sql.BasicExtractor   : extracted value ([kuvaus_28_5_] : [BIGINT]) - [null]
2020-06-10 18:11:37.890 TRACE 55751 --- [    Test worker] o.h.type.descriptor.sql.BasicExtractor   : extracted value ([lakkautu6_5_] : [DATE]) - [null]
2020-06-10 18:11:37.890 TRACE 55751 --- [    Test worker] o.h.type.descriptor.sql.BasicExtractor   : extracted value ([maa7_5_] : [VARCHAR]) - [null]
2020-06-10 18:11:37.890 TRACE 55751 --- [    Test worker] o.h.type.descriptor.sql.BasicExtractor   : extracted value ([metadat29_5_] : [BIGINT]) - [null]
2020-06-10 18:11:37.890 TRACE 55751 --- [    Test worker] o.h.type.descriptor.sql.BasicExtractor   : extracted value ([nimi_mk30_5_] : [BIGINT]) - [1]
2020-06-10 18:11:37.890 TRACE 55751 --- [    Test worker] o.h.type.descriptor.sql.BasicExtractor   : extracted value ([nimihaku8_5_] : [VARCHAR]) - [opetushallitus]
2020-06-10 18:11:37.890 TRACE 55751 --- [    Test worker] o.h.type.descriptor.sql.BasicExtractor   : extracted value ([oid9_5_] : [VARCHAR]) - [1.2.246.562.24.00000000001]
2020-06-10 18:11:37.890 TRACE 55751 --- [    Test worker] o.h.type.descriptor.sql.BasicExtractor   : extracted value ([opetusp10_5_] : [VARCHAR]) - [null]
2020-06-10 18:11:37.890 TRACE 55751 --- [    Test worker] o.h.type.descriptor.sql.BasicExtractor   : extracted value ([oppilai11_5_] : [VARCHAR]) - [null]
2020-06-10 18:11:37.890 TRACE 55751 --- [    Test worker] o.h.type.descriptor.sql.BasicExtractor   : extracted value ([oppilai12_5_] : [VARCHAR]) - [null]
2020-06-10 18:11:37.890 TRACE 55751 --- [    Test worker] o.h.type.descriptor.sql.BasicExtractor   : extracted value ([organis13_5_] : [BOOLEAN]) - [false]
2020-06-10 18:11:37.890 TRACE 55751 --- [    Test worker] o.h.type.descriptor.sql.BasicExtractor   : extracted value ([paivitt14_5_] : [VARCHAR]) - [null]
2020-06-10 18:11:37.890 TRACE 55751 --- [    Test worker] o.h.type.descriptor.sql.BasicExtractor   : extracted value ([paivity15_5_] : [TIMESTAMP]) - [null]
2020-06-10 18:11:37.891 TRACE 55751 --- [    Test worker] o.h.type.descriptor.sql.BasicExtractor   : extracted value ([parenti16_5_] : [VARCHAR]) - [null]
2020-06-10 18:11:37.891 TRACE 55751 --- [    Test worker] o.h.type.descriptor.sql.BasicExtractor   : extracted value ([parento17_5_] : [VARCHAR]) - [null]
2020-06-10 18:11:37.891 TRACE 55751 --- [    Test worker] o.h.type.descriptor.sql.BasicExtractor   : extracted value ([piilote18_5_] : [BOOLEAN]) - [false]
2020-06-10 18:11:37.891 TRACE 55751 --- [    Test worker] o.h.type.descriptor.sql.BasicExtractor   : extracted value ([tarkast19_5_] : [TIMESTAMP]) - [null]
2020-06-10 18:11:37.891 TRACE 55751 --- [    Test worker] o.h.type.descriptor.sql.BasicExtractor   : extracted value ([toimipi20_5_] : [VARCHAR]) - [null]
2020-06-10 18:11:37.891 TRACE 55751 --- [    Test worker] o.h.type.descriptor.sql.BasicExtractor   : extracted value ([tuontip21_5_] : [TIMESTAMP]) - [null]
2020-06-10 18:11:37.891 TRACE 55751 --- [    Test worker] o.h.type.descriptor.sql.BasicExtractor   : extracted value ([varhais31_5_] : [BIGINT]) - [null]
2020-06-10 18:11:37.891 TRACE 55751 --- [    Test worker] o.h.type.descriptor.sql.BasicExtractor   : extracted value ([virasto22_5_] : [VARCHAR]) - [null]
2020-06-10 18:11:37.891 TRACE 55751 --- [    Test worker] o.h.type.descriptor.sql.BasicExtractor   : extracted value ([yhteish23_5_] : [VARCHAR]) - [null]
2020-06-10 18:11:37.891 TRACE 55751 --- [    Test worker] o.h.type.descriptor.sql.BasicExtractor   : extracted value ([yritysm24_5_] : [VARCHAR]) - [oy]
2020-06-10 18:11:37.891 TRACE 55751 --- [    Test worker] o.h.type.descriptor.sql.BasicExtractor   : extracted value ([ytj_kie25_5_] : [VARCHAR]) - [null]
2020-06-10 18:11:37.891 TRACE 55751 --- [    Test worker] o.h.type.descriptor.sql.BasicExtractor   : extracted value ([ytjpaiv26_5_] : [DATE]) - [null]
2020-06-10 18:11:37.891 TRACE 55751 --- [    Test worker] o.h.type.descriptor.sql.BasicExtractor   : extracted value ([ytunnus27_5_] : [VARCHAR]) - [null]
2020-06-10 18:11:37.891 TRACE 55751 --- [    Test worker] org.hibernate.type.CollectionType        : Created collection wrapper: [fi.vm.sade.organisaatio.model.Organisaatio.childSuhteet#1]
2020-06-10 18:11:37.891 TRACE 55751 --- [    Test worker] org.hibernate.type.CollectionType        : Created collection wrapper: [fi.vm.sade.organisaatio.model.Organisaatio.kayttoryhmat#1]
2020-06-10 18:11:37.891 TRACE 55751 --- [    Test worker] org.hibernate.type.CollectionType        : Created collection wrapper: [fi.vm.sade.organisaatio.model.Organisaatio.kielet#1]
2020-06-10 18:11:37.891 TRACE 55751 --- [    Test worker] org.hibernate.type.CollectionType        : Created collection wrapper: [fi.vm.sade.organisaatio.model.Organisaatio.muutKotipaikatUris#1]
2020-06-10 18:11:37.891 TRACE 55751 --- [    Test worker] org.hibernate.type.CollectionType        : Created collection wrapper: [fi.vm.sade.organisaatio.model.Organisaatio.muutOppilaitosTyyppiUris#1]
2020-06-10 18:11:37.891 TRACE 55751 --- [    Test worker] org.hibernate.type.CollectionType        : Created collection wrapper: [fi.vm.sade.organisaatio.model.Organisaatio.nimet#1]
2020-06-10 18:11:37.891 TRACE 55751 --- [    Test worker] org.hibernate.type.CollectionType        : Created collection wrapper: [fi.vm.sade.organisaatio.model.Organisaatio.organisaatioLisatietotyypit#1]
2020-06-10 18:11:37.891 TRACE 55751 --- [    Test worker] org.hibernate.type.CollectionType        : Created collection wrapper: [fi.vm.sade.organisaatio.model.Organisaatio.parentSuhteet#1]
2020-06-10 18:11:37.891 TRACE 55751 --- [    Test worker] org.hibernate.type.CollectionType        : Created collection wrapper: [fi.vm.sade.organisaatio.model.Organisaatio.ryhmatyypit#1]
2020-06-10 18:11:37.891 TRACE 55751 --- [    Test worker] org.hibernate.type.CollectionType        : Created collection wrapper: [fi.vm.sade.organisaatio.model.Organisaatio.tyypit#1]
2020-06-10 18:11:37.891 TRACE 55751 --- [    Test worker] org.hibernate.type.CollectionType        : Created collection wrapper: [fi.vm.sade.organisaatio.model.Organisaatio.vuosiluokat#1]
2020-06-10 18:11:37.892 TRACE 55751 --- [    Test worker] org.hibernate.type.CollectionType        : Created collection wrapper: [fi.vm.sade.organisaatio.model.Organisaatio.yhteystiedot#1]
2020-06-10 18:11:37.892 TRACE 55751 --- [    Test worker] org.hibernate.type.CollectionType        : Created collection wrapper: [fi.vm.sade.organisaatio.model.Organisaatio.yhteystietoArvos#1]
Hibernate: 
    select
        parentsuht0_.child_id as child_id7_19_0_,
        parentsuht0_.id as id1_19_0_,
        parentsuht0_.id as id1_19_1_,
        parentsuht0_.version as version2_19_1_,
        parentsuht0_.alkupvm as alkupvm3_19_1_,
        parentsuht0_.child_id as child_id7_19_1_,
        parentsuht0_.loppupvm as loppupvm4_19_1_,
        parentsuht0_.opetuspisteenjarjnro as opetuspi5_19_1_,
        parentsuht0_.parent_id as parent_i8_19_1_,
        parentsuht0_.suhdetyyppi as suhdetyy6_19_1_ 
    from
        organisaatiosuhde parentsuht0_ 
    where
        parentsuht0_.child_id=? 
    order by
        parentsuht0_.alkupvm
2020-06-10 18:11:37.892 TRACE 55751 --- [    Test worker] o.h.type.descriptor.sql.BasicBinder      : binding parameter [1] as [BIGINT] - [1]
Hibernate: 
    select
        organisaat0_.id as id1_5_,
        organisaat0_.version as version2_5_,
        organisaat0_.alkupvm as alkupvm3_5_,
        organisaat0_.domainnimi as domainni4_5_,
        organisaat0_.kotipaikka as kotipaik5_5_,
        organisaat0_.kuvaus_mkt as kuvaus_28_5_,
        organisaat0_.lakkautuspvm as lakkautu6_5_,
        organisaat0_.maa as maa7_5_,
        organisaat0_.metadata_id as metadat29_5_,
        organisaat0_.nimi_mkt as nimi_mk30_5_,
        organisaat0_.nimihaku as nimihaku8_5_,
        organisaat0_.oid as oid9_5_,
        organisaat0_.opetuspisteenjarjnro as opetusp10_5_,
        organisaat0_.oppilaitoskoodi as oppilai11_5_,
        organisaat0_.oppilaitos_tyyppi as oppilai12_5_,
        organisaat0_.organisaatio_poistettu as organis13_5_,
        organisaat0_.paivittaja as paivitt14_5_,
        organisaat0_.paivityspvm as paivity15_5_,
        organisaat0_.parentidpath as parenti16_5_,
        organisaat0_.parentoidpath as parento17_5_,
        organisaat0_.piilotettu as piilote18_5_,
        organisaat0_.tarkastus_pvm as tarkast19_5_,
        organisaat0_.toimipistekoodi as toimipi20_5_,
        organisaat0_.tuontipvm as tuontip21_5_,
        organisaat0_.varhaiskasvatuksen_toimipaikka_tiedot_id as varhais31_5_,
        organisaat0_.virastotunnus as virasto22_5_,
        organisaat0_.yhteishaunkoulukoodi as yhteish23_5_,
        organisaat0_.yritysmuoto as yritysm24_5_,
        organisaat0_.ytj_kieli as ytj_kie25_5_,
        organisaat0_.ytjpaivityspvm as ytjpaiv26_5_,
        organisaat0_.ytunnus as ytunnus27_5_ 
    from
        organisaatio organisaat0_ 
    where
        organisaat0_.oid=?
2020-06-10 18:11:37.893 TRACE 55751 --- [    Test worker] o.h.type.descriptor.sql.BasicBinder      : binding parameter [1] as [VARCHAR] - [1.2.246.562.24.00000000001]
2020-06-10 18:11:37.894 TRACE 55751 --- [    Test worker] o.h.type.descriptor.sql.BasicExtractor   : extracted value ([id1_5_] : [BIGINT]) - [1]
2020-06-10 18:11:37.894  WARN 55751 --- [    Test worker] .s.o.b.i.OrganisaatioBusinessServiceImpl : Oppilaitos not found in parents
Hibernate: 
    insert 
    into
        monikielinen_teksti
        (id, version) 
    values
        (null, ?)
2020-06-10 18:11:37.895 TRACE 55751 --- [    Test worker] o.h.type.descriptor.sql.BasicBinder      : binding parameter [1] as [BIGINT] - [0]
Hibernate: 
    insert 
    into
        monikielinen_teksti
        (id, version) 
    values
        (null, ?)
2020-06-10 18:11:37.895 TRACE 55751 --- [    Test worker] o.h.type.descriptor.sql.BasicBinder      : binding parameter [1] as [BIGINT] - [0]
Hibernate: 
    insert 
    into
        organisaatio
        (id, version, alkupvm, domainnimi, kotipaikka, kuvaus_mkt, lakkautuspvm, maa, metadata_id, nimi_mkt, nimihaku, oid, opetuspisteenjarjnro, oppilaitoskoodi, oppilaitos_tyyppi, organisaatio_poistettu, paivittaja, paivityspvm, parentidpath, parentoidpath, piilotettu, tarkastus_pvm, toimipistekoodi, tuontipvm, varhaiskasvatuksen_toimipaikka_tiedot_id, virastotunnus, yhteishaunkoulukoodi, yritysmuoto, ytj_kieli, ytjpaivityspvm, ytunnus) 
    values
        (null, ?, ?, ?, ?, ?, ?, ?, ?, ?, ?, ?, ?, ?, ?, ?, ?, ?, ?, ?, ?, ?, ?, ?, ?, ?, ?, ?, ?, ?, ?)
2020-06-10 18:11:37.896 TRACE 55751 --- [    Test worker] o.h.type.descriptor.sql.BasicBinder      : binding parameter [1] as [BIGINT] - [0]
2020-06-10 18:11:37.896 TRACE 55751 --- [    Test worker] o.h.type.descriptor.sql.BasicBinder      : binding parameter [2] as [DATE] - [Fri Dec 31 00:00:00 EET 1999]
2020-06-10 18:11:37.896 TRACE 55751 --- [    Test worker] o.h.type.descriptor.sql.BasicBinder      : binding parameter [3] as [VARCHAR] - [null]
2020-06-10 18:11:37.896 TRACE 55751 --- [    Test worker] o.h.type.descriptor.sql.BasicBinder      : binding parameter [4] as [VARCHAR] - [kunta_092]
2020-06-10 18:11:37.896 TRACE 55751 --- [    Test worker] o.h.type.descriptor.sql.BasicBinder      : binding parameter [5] as [BIGINT] - [1008]
2020-06-10 18:11:37.896 TRACE 55751 --- [    Test worker] o.h.type.descriptor.sql.BasicBinder      : binding parameter [6] as [DATE] - [null]
2020-06-10 18:11:37.896 TRACE 55751 --- [    Test worker] o.h.type.descriptor.sql.BasicBinder      : binding parameter [7] as [VARCHAR] - [maatjavaltiot1_fin]
2020-06-10 18:11:37.896 TRACE 55751 --- [    Test worker] o.h.type.descriptor.sql.BasicBinder      : binding parameter [8] as [BIGINT] - [null]
2020-06-10 18:11:37.896 TRACE 55751 --- [    Test worker] o.h.type.descriptor.sql.BasicBinder      : binding parameter [9] as [BIGINT] - [1009]
2020-06-10 18:11:37.896 TRACE 55751 --- [    Test worker] o.h.type.descriptor.sql.BasicBinder      : binding parameter [10] as [VARCHAR] - [,koulutustoimija1]
2020-06-10 18:11:37.896 TRACE 55751 --- [    Test worker] o.h.type.descriptor.sql.BasicBinder      : binding parameter [11] as [VARCHAR] - [koulutustoimija1]
2020-06-10 18:11:37.896 TRACE 55751 --- [    Test worker] o.h.type.descriptor.sql.BasicBinder      : binding parameter [12] as [VARCHAR] - [null]
2020-06-10 18:11:37.896 TRACE 55751 --- [    Test worker] o.h.type.descriptor.sql.BasicBinder      : binding parameter [13] as [VARCHAR] - [null]
2020-06-10 18:11:37.896 TRACE 55751 --- [    Test worker] o.h.type.descriptor.sql.BasicBinder      : binding parameter [14] as [VARCHAR] - [null]
2020-06-10 18:11:37.896 TRACE 55751 --- [    Test worker] o.h.type.descriptor.sql.BasicBinder      : binding parameter [15] as [BOOLEAN] - [false]
2020-06-10 18:11:37.896 TRACE 55751 --- [    Test worker] o.h.type.descriptor.sql.BasicBinder      : binding parameter [16] as [VARCHAR] - [ophadmin]
2020-06-10 18:11:37.896 TRACE 55751 --- [    Test worker] o.h.type.descriptor.sql.BasicBinder      : binding parameter [17] as [TIMESTAMP] - [Wed Jun 10 18:11:37 EEST 2020]
2020-06-10 18:11:37.896 TRACE 55751 --- [    Test worker] o.h.type.descriptor.sql.BasicBinder      : binding parameter [18] as [VARCHAR] - [|1|]
2020-06-10 18:11:37.896 TRACE 55751 --- [    Test worker] o.h.type.descriptor.sql.BasicBinder      : binding parameter [19] as [VARCHAR] - [|1.2.246.562.24.00000000001|]
2020-06-10 18:11:37.896 TRACE 55751 --- [    Test worker] o.h.type.descriptor.sql.BasicBinder      : binding parameter [20] as [BOOLEAN] - [false]
2020-06-10 18:11:37.896 TRACE 55751 --- [    Test worker] o.h.type.descriptor.sql.BasicBinder      : binding parameter [21] as [TIMESTAMP] - [null]
2020-06-10 18:11:37.896 TRACE 55751 --- [    Test worker] o.h.type.descriptor.sql.BasicBinder      : binding parameter [22] as [VARCHAR] - []
2020-06-10 18:11:37.897 TRACE 55751 --- [    Test worker] o.h.type.descriptor.sql.BasicBinder      : binding parameter [23] as [TIMESTAMP] - [null]
2020-06-10 18:11:37.897 TRACE 55751 --- [    Test worker] o.h.type.descriptor.sql.BasicBinder      : binding parameter [24] as [BIGINT] - [null]
2020-06-10 18:11:37.897 TRACE 55751 --- [    Test worker] o.h.type.descriptor.sql.BasicBinder      : binding parameter [25] as [VARCHAR] - [null]
2020-06-10 18:11:37.897 TRACE 55751 --- [    Test worker] o.h.type.descriptor.sql.BasicBinder      : binding parameter [26] as [VARCHAR] - [null]
2020-06-10 18:11:37.897 TRACE 55751 --- [    Test worker] o.h.type.descriptor.sql.BasicBinder      : binding parameter [27] as [VARCHAR] - [null]
2020-06-10 18:11:37.897 TRACE 55751 --- [    Test worker] o.h.type.descriptor.sql.BasicBinder      : binding parameter [28] as [VARCHAR] - [null]
2020-06-10 18:11:37.897 TRACE 55751 --- [    Test worker] o.h.type.descriptor.sql.BasicBinder      : binding parameter [29] as [DATE] - [null]
2020-06-10 18:11:37.897 TRACE 55751 --- [    Test worker] o.h.type.descriptor.sql.BasicBinder      : binding parameter [30] as [VARCHAR] - [null]
Hibernate: 
    insert 
    into
        organisaatio_nimi
        (id, version, alkupvm, nimi_mkt, organisaatio_id, paivittaja) 
    values
        (null, ?, ?, ?, ?, ?)
2020-06-10 18:11:37.897 TRACE 55751 --- [    Test worker] o.h.type.descriptor.sql.BasicBinder      : binding parameter [1] as [BIGINT] - [0]
2020-06-10 18:11:37.897 TRACE 55751 --- [    Test worker] o.h.type.descriptor.sql.BasicBinder      : binding parameter [2] as [DATE] - [Wed Jun 10 18:11:37 EEST 2020]
2020-06-10 18:11:37.897 TRACE 55751 --- [    Test worker] o.h.type.descriptor.sql.BasicBinder      : binding parameter [3] as [BIGINT] - [1009]
2020-06-10 18:11:37.897 TRACE 55751 --- [    Test worker] o.h.type.descriptor.sql.BasicBinder      : binding parameter [4] as [BIGINT] - [14]
2020-06-10 18:11:37.897 TRACE 55751 --- [    Test worker] o.h.type.descriptor.sql.BasicBinder      : binding parameter [5] as [VARCHAR] - [null]
Hibernate: 
    insert 
    into
        yhteystieto
        (id, version, kieli, organisaatio_id, yhteystieto_oid, email, dtype) 
    values
        (null, ?, ?, ?, ?, ?, 'Email')
2020-06-10 18:11:37.898 TRACE 55751 --- [    Test worker] o.h.type.descriptor.sql.BasicBinder      : binding parameter [1] as [BIGINT] - [0]
2020-06-10 18:11:37.898 TRACE 55751 --- [    Test worker] o.h.type.descriptor.sql.BasicBinder      : binding parameter [2] as [VARCHAR] - [kieli_fi#1]
2020-06-10 18:11:37.898 TRACE 55751 --- [    Test worker] o.h.type.descriptor.sql.BasicBinder      : binding parameter [3] as [BIGINT] - [14]
2020-06-10 18:11:37.898 TRACE 55751 --- [    Test worker] o.h.type.descriptor.sql.BasicBinder      : binding parameter [4] as [VARCHAR] - [15918018975230.6033464180110073]
2020-06-10 18:11:37.898 TRACE 55751 --- [    Test worker] o.h.type.descriptor.sql.BasicBinder      : binding parameter [5] as [VARCHAR] - [asd@asd.asd]
Hibernate: 
    insert 
    into
        yhteystieto
        (id, version, kieli, organisaatio_id, yhteystieto_oid, puhelinnumero, tyyppi, dtype) 
    values
        (null, ?, ?, ?, ?, ?, ?, 'Puhelinnumero')
2020-06-10 18:11:37.899 TRACE 55751 --- [    Test worker] o.h.type.descriptor.sql.BasicBinder      : binding parameter [1] as [BIGINT] - [0]
2020-06-10 18:11:37.899 TRACE 55751 --- [    Test worker] o.h.type.descriptor.sql.BasicBinder      : binding parameter [2] as [VARCHAR] - [kieli_fi#1]
2020-06-10 18:11:37.899 TRACE 55751 --- [    Test worker] o.h.type.descriptor.sql.BasicBinder      : binding parameter [3] as [BIGINT] - [14]
2020-06-10 18:11:37.899 TRACE 55751 --- [    Test worker] o.h.type.descriptor.sql.BasicBinder      : binding parameter [4] as [VARCHAR] - [1.2.246.562.5.90012789074]
2020-06-10 18:11:37.899 TRACE 55751 --- [    Test worker] o.h.type.descriptor.sql.BasicBinder      : binding parameter [5] as [VARCHAR] - [123]
2020-06-10 18:11:37.899 TRACE 55751 --- [    Test worker] o.h.type.descriptor.sql.BasicBinder      : binding parameter [6] as [VARCHAR] - [puhelin]
Hibernate: 
    insert 
    into
        yhteystieto
        (id, version, kieli, organisaatio_id, yhteystieto_oid, coordinatetype, extrarivi, lat, lng, maa, osavaltio, osoite, osoite_tyyppi, postinumero, postitoimipaikka, ytjpaivityspvm, dtype) 
    values
        (null, ?, ?, ?, ?, ?, ?, ?, ?, ?, ?, ?, ?, ?, ?, ?, 'Osoite')
2020-06-10 18:11:37.900 TRACE 55751 --- [    Test worker] o.h.type.descriptor.sql.BasicBinder      : binding parameter [1] as [BIGINT] - [0]
2020-06-10 18:11:37.900 TRACE 55751 --- [    Test worker] o.h.type.descriptor.sql.BasicBinder      : binding parameter [2] as [VARCHAR] - [kieli_fi#1]
2020-06-10 18:11:37.900 TRACE 55751 --- [    Test worker] o.h.type.descriptor.sql.BasicBinder      : binding parameter [3] as [BIGINT] - [14]
2020-06-10 18:11:37.900 TRACE 55751 --- [    Test worker] o.h.type.descriptor.sql.BasicBinder      : binding parameter [4] as [VARCHAR] - [1.2.246.562.5.10675200276]
2020-06-10 18:11:37.900 TRACE 55751 --- [    Test worker] o.h.type.descriptor.sql.BasicBinder      : binding parameter [5] as [VARCHAR] - [null]
2020-06-10 18:11:37.900 TRACE 55751 --- [    Test worker] o.h.type.descriptor.sql.BasicBinder      : binding parameter [6] as [VARCHAR] - [null]
2020-06-10 18:11:37.900 TRACE 55751 --- [    Test worker] o.h.type.descriptor.sql.BasicBinder      : binding parameter [7] as [DOUBLE] - [null]
2020-06-10 18:11:37.900 TRACE 55751 --- [    Test worker] o.h.type.descriptor.sql.BasicBinder      : binding parameter [8] as [DOUBLE] - [null]
2020-06-10 18:11:37.900 TRACE 55751 --- [    Test worker] o.h.type.descriptor.sql.BasicBinder      : binding parameter [9] as [VARCHAR] - [null]
2020-06-10 18:11:37.900 TRACE 55751 --- [    Test worker] o.h.type.descriptor.sql.BasicBinder      : binding parameter [10] as [VARCHAR] - [null]
2020-06-10 18:11:37.900 TRACE 55751 --- [    Test worker] o.h.type.descriptor.sql.BasicBinder      : binding parameter [11] as [VARCHAR] - [Postiosoite 1A]
2020-06-10 18:11:37.900 TRACE 55751 --- [    Test worker] o.h.type.descriptor.sql.BasicBinder      : binding parameter [12] as [VARCHAR] - [posti]
2020-06-10 18:11:37.900 TRACE 55751 --- [    Test worker] o.h.type.descriptor.sql.BasicBinder      : binding parameter [13] as [VARCHAR] - [00550]
2020-06-10 18:11:37.900 TRACE 55751 --- [    Test worker] o.h.type.descriptor.sql.BasicBinder      : binding parameter [14] as [VARCHAR] - [Helsinki]
2020-06-10 18:11:37.900 TRACE 55751 --- [    Test worker] o.h.type.descriptor.sql.BasicBinder      : binding parameter [15] as [DATE] - [null]
Hibernate: 
    insert 
    into
        yhteystieto
        (id, version, kieli, organisaatio_id, yhteystieto_oid, www_osoite, dtype) 
    values
        (null, ?, ?, ?, ?, ?, 'Www')
2020-06-10 18:11:37.901 TRACE 55751 --- [    Test worker] o.h.type.descriptor.sql.BasicBinder      : binding parameter [1] as [BIGINT] - [0]
2020-06-10 18:11:37.901 TRACE 55751 --- [    Test worker] o.h.type.descriptor.sql.BasicBinder      : binding parameter [2] as [VARCHAR] - [kieli_fi#1]
2020-06-10 18:11:37.901 TRACE 55751 --- [    Test worker] o.h.type.descriptor.sql.BasicBinder      : binding parameter [3] as [BIGINT] - [14]
2020-06-10 18:11:37.901 TRACE 55751 --- [    Test worker] o.h.type.descriptor.sql.BasicBinder      : binding parameter [4] as [VARCHAR] - [15918018975230.6850155726741584]
2020-06-10 18:11:37.901 TRACE 55751 --- [    Test worker] o.h.type.descriptor.sql.BasicBinder      : binding parameter [5] as [VARCHAR] - [http://test.oph.fi]
Hibernate: 
    insert 
    into
        yhteystieto
        (id, version, kieli, organisaatio_id, yhteystieto_oid, coordinatetype, extrarivi, lat, lng, maa, osavaltio, osoite, osoite_tyyppi, postinumero, postitoimipaikka, ytjpaivityspvm, dtype) 
    values
        (null, ?, ?, ?, ?, ?, ?, ?, ?, ?, ?, ?, ?, ?, ?, ?, 'Osoite')
2020-06-10 18:11:37.901 TRACE 55751 --- [    Test worker] o.h.type.descriptor.sql.BasicBinder      : binding parameter [1] as [BIGINT] - [0]
2020-06-10 18:11:37.901 TRACE 55751 --- [    Test worker] o.h.type.descriptor.sql.BasicBinder      : binding parameter [2] as [VARCHAR] - [kieli_fi#1]
2020-06-10 18:11:37.901 TRACE 55751 --- [    Test worker] o.h.type.descriptor.sql.BasicBinder      : binding parameter [3] as [BIGINT] - [14]
2020-06-10 18:11:37.901 TRACE 55751 --- [    Test worker] o.h.type.descriptor.sql.BasicBinder      : binding parameter [4] as [VARCHAR] - [1.2.246.562.5.70936401049]
2020-06-10 18:11:37.901 TRACE 55751 --- [    Test worker] o.h.type.descriptor.sql.BasicBinder      : binding parameter [5] as [VARCHAR] - [null]
2020-06-10 18:11:37.901 TRACE 55751 --- [    Test worker] o.h.type.descriptor.sql.BasicBinder      : binding parameter [6] as [VARCHAR] - [null]
2020-06-10 18:11:37.901 TRACE 55751 --- [    Test worker] o.h.type.descriptor.sql.BasicBinder      : binding parameter [7] as [DOUBLE] - [null]
2020-06-10 18:11:37.902 TRACE 55751 --- [    Test worker] o.h.type.descriptor.sql.BasicBinder      : binding parameter [8] as [DOUBLE] - [null]
2020-06-10 18:11:37.902 TRACE 55751 --- [    Test worker] o.h.type.descriptor.sql.BasicBinder      : binding parameter [9] as [VARCHAR] - [null]
2020-06-10 18:11:37.902 TRACE 55751 --- [    Test worker] o.h.type.descriptor.sql.BasicBinder      : binding parameter [10] as [VARCHAR] - [null]
2020-06-10 18:11:37.902 TRACE 55751 --- [    Test worker] o.h.type.descriptor.sql.BasicBinder      : binding parameter [11] as [VARCHAR] - [Kayntiosoite 2B]
2020-06-10 18:11:37.902 TRACE 55751 --- [    Test worker] o.h.type.descriptor.sql.BasicBinder      : binding parameter [12] as [VARCHAR] - [kaynti]
2020-06-10 18:11:37.902 TRACE 55751 --- [    Test worker] o.h.type.descriptor.sql.BasicBinder      : binding parameter [13] as [VARCHAR] - [posti_00550]
2020-06-10 18:11:37.902 TRACE 55751 --- [    Test worker] o.h.type.descriptor.sql.BasicBinder      : binding parameter [14] as [VARCHAR] - [Helsinki]
2020-06-10 18:11:37.902 TRACE 55751 --- [    Test worker] o.h.type.descriptor.sql.BasicBinder      : binding parameter [15] as [DATE] - [null]
Hibernate: 
    update
        organisaatio 
    set
        version=?,
        alkupvm=?,
        domainnimi=?,
        kotipaikka=?,
        kuvaus_mkt=?,
        lakkautuspvm=?,
        maa=?,
        metadata_id=?,
        nimi_mkt=?,
        nimihaku=?,
        oid=?,
        opetuspisteenjarjnro=?,
        oppilaitoskoodi=?,
        oppilaitos_tyyppi=?,
        organisaatio_poistettu=?,
        paivittaja=?,
        paivityspvm=?,
        parentidpath=?,
        parentoidpath=?,
        piilotettu=?,
        tarkastus_pvm=?,
        toimipistekoodi=?,
        tuontipvm=?,
        varhaiskasvatuksen_toimipaikka_tiedot_id=?,
        virastotunnus=?,
        yhteishaunkoulukoodi=?,
        yritysmuoto=?,
        ytj_kieli=?,
        ytjpaivityspvm=?,
        ytunnus=? 
    where
        id=? 
        and version=?
2020-06-10 18:11:37.903 TRACE 55751 --- [    Test worker] o.h.type.descriptor.sql.BasicBinder      : binding parameter [1] as [BIGINT] - [1]
2020-06-10 18:11:37.903 TRACE 55751 --- [    Test worker] o.h.type.descriptor.sql.BasicBinder      : binding parameter [2] as [DATE] - [Fri Dec 31 00:00:00 EET 1999]
2020-06-10 18:11:37.903 TRACE 55751 --- [    Test worker] o.h.type.descriptor.sql.BasicBinder      : binding parameter [3] as [VARCHAR] - [null]
2020-06-10 18:11:37.903 TRACE 55751 --- [    Test worker] o.h.type.descriptor.sql.BasicBinder      : binding parameter [4] as [VARCHAR] - [kunta_092]
2020-06-10 18:11:37.903 TRACE 55751 --- [    Test worker] o.h.type.descriptor.sql.BasicBinder      : binding parameter [5] as [BIGINT] - [1008]
2020-06-10 18:11:37.903 TRACE 55751 --- [    Test worker] o.h.type.descriptor.sql.BasicBinder      : binding parameter [6] as [DATE] - [null]
2020-06-10 18:11:37.903 TRACE 55751 --- [    Test worker] o.h.type.descriptor.sql.BasicBinder      : binding parameter [7] as [VARCHAR] - [maatjavaltiot1_fin]
2020-06-10 18:11:37.903 TRACE 55751 --- [    Test worker] o.h.type.descriptor.sql.BasicBinder      : binding parameter [8] as [BIGINT] - [null]
2020-06-10 18:11:37.904 TRACE 55751 --- [    Test worker] o.h.type.descriptor.sql.BasicBinder      : binding parameter [9] as [BIGINT] - [1009]
2020-06-10 18:11:37.904 TRACE 55751 --- [    Test worker] o.h.type.descriptor.sql.BasicBinder      : binding parameter [10] as [VARCHAR] - [,koulutustoimija1]
2020-06-10 18:11:37.904 TRACE 55751 --- [    Test worker] o.h.type.descriptor.sql.BasicBinder      : binding parameter [11] as [VARCHAR] - [koulutustoimija1]
2020-06-10 18:11:37.904 TRACE 55751 --- [    Test worker] o.h.type.descriptor.sql.BasicBinder      : binding parameter [12] as [VARCHAR] - [null]
2020-06-10 18:11:37.904 TRACE 55751 --- [    Test worker] o.h.type.descriptor.sql.BasicBinder      : binding parameter [13] as [VARCHAR] - [null]
2020-06-10 18:11:37.904 TRACE 55751 --- [    Test worker] o.h.type.descriptor.sql.BasicBinder      : binding parameter [14] as [VARCHAR] - [null]
2020-06-10 18:11:37.904 TRACE 55751 --- [    Test worker] o.h.type.descriptor.sql.BasicBinder      : binding parameter [15] as [BOOLEAN] - [false]
2020-06-10 18:11:37.904 TRACE 55751 --- [    Test worker] o.h.type.descriptor.sql.BasicBinder      : binding parameter [16] as [VARCHAR] - [ophadmin]
2020-06-10 18:11:37.904 TRACE 55751 --- [    Test worker] o.h.type.descriptor.sql.BasicBinder      : binding parameter [17] as [TIMESTAMP] - [Wed Jun 10 18:11:37 EEST 2020]
2020-06-10 18:11:37.904 TRACE 55751 --- [    Test worker] o.h.type.descriptor.sql.BasicBinder      : binding parameter [18] as [VARCHAR] - [|1|]
2020-06-10 18:11:37.904 TRACE 55751 --- [    Test worker] o.h.type.descriptor.sql.BasicBinder      : binding parameter [19] as [VARCHAR] - [|1.2.246.562.24.00000000001|]
2020-06-10 18:11:37.904 TRACE 55751 --- [    Test worker] o.h.type.descriptor.sql.BasicBinder      : binding parameter [20] as [BOOLEAN] - [false]
2020-06-10 18:11:37.904 TRACE 55751 --- [    Test worker] o.h.type.descriptor.sql.BasicBinder      : binding parameter [21] as [TIMESTAMP] - [null]
2020-06-10 18:11:37.904 TRACE 55751 --- [    Test worker] o.h.type.descriptor.sql.BasicBinder      : binding parameter [22] as [VARCHAR] - []
2020-06-10 18:11:37.904 TRACE 55751 --- [    Test worker] o.h.type.descriptor.sql.BasicBinder      : binding parameter [23] as [TIMESTAMP] - [null]
2020-06-10 18:11:37.904 TRACE 55751 --- [    Test worker] o.h.type.descriptor.sql.BasicBinder      : binding parameter [24] as [BIGINT] - [null]
2020-06-10 18:11:37.904 TRACE 55751 --- [    Test worker] o.h.type.descriptor.sql.BasicBinder      : binding parameter [25] as [VARCHAR] - [null]
2020-06-10 18:11:37.904 TRACE 55751 --- [    Test worker] o.h.type.descriptor.sql.BasicBinder      : binding parameter [26] as [VARCHAR] - [null]
2020-06-10 18:11:37.904 TRACE 55751 --- [    Test worker] o.h.type.descriptor.sql.BasicBinder      : binding parameter [27] as [VARCHAR] - [null]
2020-06-10 18:11:37.904 TRACE 55751 --- [    Test worker] o.h.type.descriptor.sql.BasicBinder      : binding parameter [28] as [VARCHAR] - [null]
2020-06-10 18:11:37.904 TRACE 55751 --- [    Test worker] o.h.type.descriptor.sql.BasicBinder      : binding parameter [29] as [DATE] - [null]
2020-06-10 18:11:37.904 TRACE 55751 --- [    Test worker] o.h.type.descriptor.sql.BasicBinder      : binding parameter [30] as [VARCHAR] - [null]
2020-06-10 18:11:37.904 TRACE 55751 --- [    Test worker] o.h.type.descriptor.sql.BasicBinder      : binding parameter [31] as [BIGINT] - [14]
2020-06-10 18:11:37.904 TRACE 55751 --- [    Test worker] o.h.type.descriptor.sql.BasicBinder      : binding parameter [32] as [BIGINT] - [0]
Hibernate: 
    insert 
    into
        organisaatio_kielet
        (organisaatio_id, kielet) 
    values
        (?, ?)
2020-06-10 18:11:37.904 TRACE 55751 --- [    Test worker] o.h.type.descriptor.sql.BasicBinder      : binding parameter [1] as [BIGINT] - [14]
2020-06-10 18:11:37.904 TRACE 55751 --- [    Test worker] o.h.type.descriptor.sql.BasicBinder      : binding parameter [2] as [VARCHAR] - [oppilaitoksenopetuskieli_1#1]
Hibernate: 
    insert 
    into
        organisaatio_tyypit
        (organisaatio_id, tyypit) 
    values
        (?, ?)
2020-06-10 18:11:37.905 TRACE 55751 --- [    Test worker] o.h.type.descriptor.sql.BasicBinder      : binding parameter [1] as [BIGINT] - [14]
2020-06-10 18:11:37.905 TRACE 55751 --- [    Test worker] o.h.type.descriptor.sql.BasicBinder      : binding parameter [2] as [VARCHAR] - [organisaatiotyyppi_01]
Hibernate: 
    insert 
    into
        monikielinen_teksti_values
        (id, key, value) 
    values
        (?, ?, ?)
2020-06-10 18:11:37.905 TRACE 55751 --- [    Test worker] o.h.type.descriptor.sql.BasicBinder      : binding parameter [1] as [BIGINT] - [1009]
2020-06-10 18:11:37.905 TRACE 55751 --- [    Test worker] o.h.type.descriptor.sql.BasicBinder      : binding parameter [2] as [VARCHAR] - [fi]
2020-06-10 18:11:37.905 TRACE 55751 --- [    Test worker] o.h.type.descriptor.sql.BasicBinder      : binding parameter [3] as [VARCHAR] - [koulutustoimija1]
Hibernate: 
    select
        organisaat0_.id as id1_5_,
        organisaat0_.version as version2_5_,
        organisaat0_.alkupvm as alkupvm3_5_,
        organisaat0_.domainnimi as domainni4_5_,
        organisaat0_.kotipaikka as kotipaik5_5_,
        organisaat0_.kuvaus_mkt as kuvaus_28_5_,
        organisaat0_.lakkautuspvm as lakkautu6_5_,
        organisaat0_.maa as maa7_5_,
        organisaat0_.metadata_id as metadat29_5_,
        organisaat0_.nimi_mkt as nimi_mk30_5_,
        organisaat0_.nimihaku as nimihaku8_5_,
        organisaat0_.oid as oid9_5_,
        organisaat0_.opetuspisteenjarjnro as opetusp10_5_,
        organisaat0_.oppilaitoskoodi as oppilai11_5_,
        organisaat0_.oppilaitos_tyyppi as oppilai12_5_,
        organisaat0_.organisaatio_poistettu as organis13_5_,
        organisaat0_.paivittaja as paivitt14_5_,
        organisaat0_.paivityspvm as paivity15_5_,
        organisaat0_.parentidpath as parenti16_5_,
        organisaat0_.parentoidpath as parento17_5_,
        organisaat0_.piilotettu as piilote18_5_,
        organisaat0_.tarkastus_pvm as tarkast19_5_,
        organisaat0_.toimipistekoodi as toimipi20_5_,
        organisaat0_.tuontipvm as tuontip21_5_,
        organisaat0_.varhaiskasvatuksen_toimipaikka_tiedot_id as varhais31_5_,
        organisaat0_.virastotunnus as virasto22_5_,
        organisaat0_.yhteishaunkoulukoodi as yhteish23_5_,
        organisaat0_.yritysmuoto as yritysm24_5_,
        organisaat0_.ytj_kieli as ytj_kie25_5_,
        organisaat0_.ytjpaivityspvm as ytjpaiv26_5_,
        organisaat0_.ytunnus as ytunnus27_5_ 
    from
        organisaatio organisaat0_ 
    where
        organisaat0_.oid=?
2020-06-10 18:11:37.905 TRACE 55751 --- [    Test worker] o.h.type.descriptor.sql.BasicBinder      : binding parameter [1] as [VARCHAR] - [1.2.246.562.24.00000000001]
2020-06-10 18:11:37.905 TRACE 55751 --- [    Test worker] o.h.type.descriptor.sql.BasicExtractor   : extracted value ([id1_5_] : [BIGINT]) - [1]
2020-06-10 18:11:37.906  INFO 55751 --- [    Test worker] .s.o.r.i.OrganisaatioSuhdeRepositoryImpl : findParentTo(14, Wed Jun 10 18:11:37 EEST 2020)
Hibernate: 
    select
        organisaat0_.id as id1_19_0_,
        organisaat1_.id as id1_5_1_,
        organisaat0_.version as version2_19_0_,
        organisaat0_.alkupvm as alkupvm3_19_0_,
        organisaat0_.child_id as child_id7_19_0_,
        organisaat0_.loppupvm as loppupvm4_19_0_,
        organisaat0_.opetuspisteenjarjnro as opetuspi5_19_0_,
        organisaat0_.parent_id as parent_i8_19_0_,
        organisaat0_.suhdetyyppi as suhdetyy6_19_0_,
        organisaat1_.version as version2_5_1_,
        organisaat1_.alkupvm as alkupvm3_5_1_,
        organisaat1_.domainnimi as domainni4_5_1_,
        organisaat1_.kotipaikka as kotipaik5_5_1_,
        organisaat1_.kuvaus_mkt as kuvaus_28_5_1_,
        organisaat1_.lakkautuspvm as lakkautu6_5_1_,
        organisaat1_.maa as maa7_5_1_,
        organisaat1_.metadata_id as metadat29_5_1_,
        organisaat1_.nimi_mkt as nimi_mk30_5_1_,
        organisaat1_.nimihaku as nimihaku8_5_1_,
        organisaat1_.oid as oid9_5_1_,
        organisaat1_.opetuspisteenjarjnro as opetusp10_5_1_,
        organisaat1_.oppilaitoskoodi as oppilai11_5_1_,
        organisaat1_.oppilaitos_tyyppi as oppilai12_5_1_,
        organisaat1_.organisaatio_poistettu as organis13_5_1_,
        organisaat1_.paivittaja as paivitt14_5_1_,
        organisaat1_.paivityspvm as paivity15_5_1_,
        organisaat1_.parentidpath as parenti16_5_1_,
        organisaat1_.parentoidpath as parento17_5_1_,
        organisaat1_.piilotettu as piilote18_5_1_,
        organisaat1_.tarkastus_pvm as tarkast19_5_1_,
        organisaat1_.toimipistekoodi as toimipi20_5_1_,
        organisaat1_.tuontipvm as tuontip21_5_1_,
        organisaat1_.varhaiskasvatuksen_toimipaikka_tiedot_id as varhais31_5_1_,
        organisaat1_.virastotunnus as virasto22_5_1_,
        organisaat1_.yhteishaunkoulukoodi as yhteish23_5_1_,
        organisaat1_.yritysmuoto as yritysm24_5_1_,
        organisaat1_.ytj_kieli as ytj_kie25_5_1_,
        organisaat1_.ytjpaivityspvm as ytjpaiv26_5_1_,
        organisaat1_.ytunnus as ytunnus27_5_1_ 
    from
        organisaatiosuhde organisaat0_ 
    inner join
        organisaatio organisaat1_ 
            on organisaat0_.parent_id=organisaat1_.id 
    where
        organisaat0_.child_id=? 
        and organisaat0_.suhdetyyppi=? 
        and (
            organisaat0_.alkupvm=? 
            or organisaat0_.alkupvm<?
        ) 
        and (
            organisaat0_.loppupvm is null 
            or organisaat0_.loppupvm>?
        ) 
        and organisaat1_.organisaatio_poistettu=? 
    order by
        organisaat0_.alkupvm desc
2020-06-10 18:11:37.907 TRACE 55751 --- [    Test worker] o.h.type.descriptor.sql.BasicBinder      : binding parameter [1] as [BIGINT] - [14]
2020-06-10 18:11:37.907 TRACE 55751 --- [    Test worker] o.h.type.descriptor.sql.BasicBinder      : binding parameter [2] as [VARCHAR] - [HISTORIA]
2020-06-10 18:11:37.907 TRACE 55751 --- [    Test worker] o.h.type.descriptor.sql.BasicBinder      : binding parameter [3] as [DATE] - [Wed Jun 10 18:11:37 EEST 2020]
2020-06-10 18:11:37.907 TRACE 55751 --- [    Test worker] o.h.type.descriptor.sql.BasicBinder      : binding parameter [4] as [DATE] - [Wed Jun 10 18:11:37 EEST 2020]
2020-06-10 18:11:37.907 TRACE 55751 --- [    Test worker] o.h.type.descriptor.sql.BasicBinder      : binding parameter [5] as [DATE] - [Wed Jun 10 18:11:37 EEST 2020]
2020-06-10 18:11:37.907 TRACE 55751 --- [    Test worker] o.h.type.descriptor.sql.BasicBinder      : binding parameter [6] as [BOOLEAN] - [false]
2020-06-10 18:11:37.908  INFO 55751 --- [    Test worker] .s.o.r.i.OrganisaatioSuhdeRepositoryImpl : addChild(1, 14, Wed Jun 10 18:11:37 EEST 2020)
Hibernate: 
    insert 
    into
        organisaatiosuhde
        (id, version, alkupvm, child_id, loppupvm, opetuspisteenjarjnro, parent_id, suhdetyyppi) 
    values
        (null, ?, ?, ?, ?, ?, ?, ?)
2020-06-10 18:11:37.908 TRACE 55751 --- [    Test worker] o.h.type.descriptor.sql.BasicBinder      : binding parameter [1] as [BIGINT] - [0]
2020-06-10 18:11:37.909 TRACE 55751 --- [    Test worker] o.h.type.descriptor.sql.BasicBinder      : binding parameter [2] as [DATE] - [Wed Jun 10 18:11:37 EEST 2020]
2020-06-10 18:11:37.909 TRACE 55751 --- [    Test worker] o.h.type.descriptor.sql.BasicBinder      : binding parameter [3] as [BIGINT] - [14]
2020-06-10 18:11:37.909 TRACE 55751 --- [    Test worker] o.h.type.descriptor.sql.BasicBinder      : binding parameter [4] as [DATE] - [null]
2020-06-10 18:11:37.909 TRACE 55751 --- [    Test worker] o.h.type.descriptor.sql.BasicBinder      : binding parameter [5] as [VARCHAR] - [null]
2020-06-10 18:11:37.909 TRACE 55751 --- [    Test worker] o.h.type.descriptor.sql.BasicBinder      : binding parameter [6] as [BIGINT] - [1]
2020-06-10 18:11:37.909 TRACE 55751 --- [    Test worker] o.h.type.descriptor.sql.BasicBinder      : binding parameter [7] as [VARCHAR] - [HISTORIA]
2020-06-10 18:11:37.909  INFO 55751 --- [    Test worker] .s.o.r.i.OrganisaatioSuhdeRepositoryImpl :     Created new child relation:  --> pId=1, cId=14, aPvm=Wed Jun 10 18:11:37 EEST 2020, lPvm=null
Hibernate: 
    select
        organisaat0_.id as id1_19_,
        organisaat0_.version as version2_19_,
        organisaat0_.alkupvm as alkupvm3_19_,
        organisaat0_.child_id as child_id7_19_,
        organisaat0_.loppupvm as loppupvm4_19_,
        organisaat0_.opetuspisteenjarjnro as opetuspi5_19_,
        organisaat0_.parent_id as parent_i8_19_,
        organisaat0_.suhdetyyppi as suhdetyy6_19_ 
    from
        organisaatiosuhde organisaat0_ 
    where
        organisaat0_.child_id=?
2020-06-10 18:11:37.910 TRACE 55751 --- [    Test worker] o.h.type.descriptor.sql.BasicBinder      : binding parameter [1] as [BIGINT] - [14]
2020-06-10 18:11:37.910 TRACE 55751 --- [    Test worker] o.h.type.descriptor.sql.BasicExtractor   : extracted value ([id1_19_] : [BIGINT]) - [13]
Hibernate: 
    select
        organisaat0_.id as id1_5_,
        organisaat0_.version as version2_5_,
        organisaat0_.alkupvm as alkupvm3_5_,
        organisaat0_.domainnimi as domainni4_5_,
        organisaat0_.kotipaikka as kotipaik5_5_,
        organisaat0_.kuvaus_mkt as kuvaus_28_5_,
        organisaat0_.lakkautuspvm as lakkautu6_5_,
        organisaat0_.maa as maa7_5_,
        organisaat0_.metadata_id as metadat29_5_,
        organisaat0_.nimi_mkt as nimi_mk30_5_,
        organisaat0_.nimihaku as nimihaku8_5_,
        organisaat0_.oid as oid9_5_,
        organisaat0_.opetuspisteenjarjnro as opetusp10_5_,
        organisaat0_.oppilaitoskoodi as oppilai11_5_,
        organisaat0_.oppilaitos_tyyppi as oppilai12_5_,
        organisaat0_.organisaatio_poistettu as organis13_5_,
        organisaat0_.paivittaja as paivitt14_5_,
        organisaat0_.paivityspvm as paivity15_5_,
        organisaat0_.parentidpath as parenti16_5_,
        organisaat0_.parentoidpath as parento17_5_,
        organisaat0_.piilotettu as piilote18_5_,
        organisaat0_.tarkastus_pvm as tarkast19_5_,
        organisaat0_.toimipistekoodi as toimipi20_5_,
        organisaat0_.tuontipvm as tuontip21_5_,
        organisaat0_.varhaiskasvatuksen_toimipaikka_tiedot_id as varhais31_5_,
        organisaat0_.virastotunnus as virasto22_5_,
        organisaat0_.yhteishaunkoulukoodi as yhteish23_5_,
        organisaat0_.yritysmuoto as yritysm24_5_,
        organisaat0_.ytj_kieli as ytj_kie25_5_,
        organisaat0_.ytjpaivityspvm as ytjpaiv26_5_,
        organisaat0_.ytunnus as ytunnus27_5_ 
    from
        organisaatio organisaat0_ 
    where
        organisaat0_.oid=?
2020-06-10 18:11:37.911 TRACE 55751 --- [    Test worker] o.h.type.descriptor.sql.BasicBinder      : binding parameter [1] as [VARCHAR] - [koulutustoimija1]
2020-06-10 18:11:37.911 TRACE 55751 --- [    Test worker] o.h.type.descriptor.sql.BasicExtractor   : extracted value ([id1_5_] : [BIGINT]) - [14]
Hibernate: 
    select
        organisaat0_.id as id1_5_,
        organisaat0_.version as version2_5_,
        organisaat0_.alkupvm as alkupvm3_5_,
        organisaat0_.domainnimi as domainni4_5_,
        organisaat0_.kotipaikka as kotipaik5_5_,
        organisaat0_.kuvaus_mkt as kuvaus_28_5_,
        organisaat0_.lakkautuspvm as lakkautu6_5_,
        organisaat0_.maa as maa7_5_,
        organisaat0_.metadata_id as metadat29_5_,
        organisaat0_.nimi_mkt as nimi_mk30_5_,
        organisaat0_.nimihaku as nimihaku8_5_,
        organisaat0_.oid as oid9_5_,
        organisaat0_.opetuspisteenjarjnro as opetusp10_5_,
        organisaat0_.oppilaitoskoodi as oppilai11_5_,
        organisaat0_.oppilaitos_tyyppi as oppilai12_5_,
        organisaat0_.organisaatio_poistettu as organis13_5_,
        organisaat0_.paivittaja as paivitt14_5_,
        organisaat0_.paivityspvm as paivity15_5_,
        organisaat0_.parentidpath as parenti16_5_,
        organisaat0_.parentoidpath as parento17_5_,
        organisaat0_.piilotettu as piilote18_5_,
        organisaat0_.tarkastus_pvm as tarkast19_5_,
        organisaat0_.toimipistekoodi as toimipi20_5_,
        organisaat0_.tuontipvm as tuontip21_5_,
        organisaat0_.varhaiskasvatuksen_toimipaikka_tiedot_id as varhais31_5_,
        organisaat0_.virastotunnus as virasto22_5_,
        organisaat0_.yhteishaunkoulukoodi as yhteish23_5_,
        organisaat0_.yritysmuoto as yritysm24_5_,
        organisaat0_.ytj_kieli as ytj_kie25_5_,
        organisaat0_.ytjpaivityspvm as ytjpaiv26_5_,
        organisaat0_.ytunnus as ytunnus27_5_ 
    from
        organisaatio organisaat0_ 
    where
        organisaat0_.oid=?
2020-06-10 18:11:37.914 TRACE 55751 --- [    Test worker] o.h.type.descriptor.sql.BasicBinder      : binding parameter [1] as [VARCHAR] - [oppilaitos1]
Hibernate: 
    select
        organisaat0_.id as id1_5_,
        organisaat0_.version as version2_5_,
        organisaat0_.alkupvm as alkupvm3_5_,
        organisaat0_.domainnimi as domainni4_5_,
        organisaat0_.kotipaikka as kotipaik5_5_,
        organisaat0_.kuvaus_mkt as kuvaus_28_5_,
        organisaat0_.lakkautuspvm as lakkautu6_5_,
        organisaat0_.maa as maa7_5_,
        organisaat0_.metadata_id as metadat29_5_,
        organisaat0_.nimi_mkt as nimi_mk30_5_,
        organisaat0_.nimihaku as nimihaku8_5_,
        organisaat0_.oid as oid9_5_,
        organisaat0_.opetuspisteenjarjnro as opetusp10_5_,
        organisaat0_.oppilaitoskoodi as oppilai11_5_,
        organisaat0_.oppilaitos_tyyppi as oppilai12_5_,
        organisaat0_.organisaatio_poistettu as organis13_5_,
        organisaat0_.paivittaja as paivitt14_5_,
        organisaat0_.paivityspvm as paivity15_5_,
        organisaat0_.parentidpath as parenti16_5_,
        organisaat0_.parentoidpath as parento17_5_,
        organisaat0_.piilotettu as piilote18_5_,
        organisaat0_.tarkastus_pvm as tarkast19_5_,
        organisaat0_.toimipistekoodi as toimipi20_5_,
        organisaat0_.tuontipvm as tuontip21_5_,
        organisaat0_.varhaiskasvatuksen_toimipaikka_tiedot_id as varhais31_5_,
        organisaat0_.virastotunnus as virasto22_5_,
        organisaat0_.yhteishaunkoulukoodi as yhteish23_5_,
        organisaat0_.yritysmuoto as yritysm24_5_,
        organisaat0_.ytj_kieli as ytj_kie25_5_,
        organisaat0_.ytjpaivityspvm as ytjpaiv26_5_,
        organisaat0_.ytunnus as ytunnus27_5_ 
    from
        organisaatio organisaat0_ 
    where
        organisaat0_.oid=?
2020-06-10 18:11:37.915 TRACE 55751 --- [    Test worker] o.h.type.descriptor.sql.BasicBinder      : binding parameter [1] as [VARCHAR] - [koulutustoimija1]
2020-06-10 18:11:37.915 TRACE 55751 --- [    Test worker] o.h.type.descriptor.sql.BasicExtractor   : extracted value ([id1_5_] : [BIGINT]) - [14]
2020-06-10 18:11:38.161  WARN 55751 --- [    Test worker] fi.vm.sade.javautils.http.OphHttpClient  : Failed to CAS authenticate. Renewing proxy ticket.
Hibernate: 
    select
        organisaat0_.id as id1_5_,
        organisaat0_.version as version2_5_,
        organisaat0_.alkupvm as alkupvm3_5_,
        organisaat0_.domainnimi as domainni4_5_,
        organisaat0_.kotipaikka as kotipaik5_5_,
        organisaat0_.kuvaus_mkt as kuvaus_28_5_,
        organisaat0_.lakkautuspvm as lakkautu6_5_,
        organisaat0_.maa as maa7_5_,
        organisaat0_.metadata_id as metadat29_5_,
        organisaat0_.nimi_mkt as nimi_mk30_5_,
        organisaat0_.nimihaku as nimihaku8_5_,
        organisaat0_.oid as oid9_5_,
        organisaat0_.opetuspisteenjarjnro as opetusp10_5_,
        organisaat0_.oppilaitoskoodi as oppilai11_5_,
        organisaat0_.oppilaitos_tyyppi as oppilai12_5_,
        organisaat0_.organisaatio_poistettu as organis13_5_,
        organisaat0_.paivittaja as paivitt14_5_,
        organisaat0_.paivityspvm as paivity15_5_,
        organisaat0_.parentidpath as parenti16_5_,
        organisaat0_.parentoidpath as parento17_5_,
        organisaat0_.piilotettu as piilote18_5_,
        organisaat0_.tarkastus_pvm as tarkast19_5_,
        organisaat0_.toimipistekoodi as toimipi20_5_,
        organisaat0_.tuontipvm as tuontip21_5_,
        organisaat0_.varhaiskasvatuksen_toimipaikka_tiedot_id as varhais31_5_,
        organisaat0_.virastotunnus as virasto22_5_,
        organisaat0_.yhteishaunkoulukoodi as yhteish23_5_,
        organisaat0_.yritysmuoto as yritysm24_5_,
        organisaat0_.ytj_kieli as ytj_kie25_5_,
        organisaat0_.ytjpaivityspvm as ytjpaiv26_5_,
        organisaat0_.ytunnus as ytunnus27_5_ 
    from
        organisaatio organisaat0_ 
    where
        organisaat0_.oid=?
2020-06-10 18:11:38.289 TRACE 55751 --- [    Test worker] o.h.type.descriptor.sql.BasicBinder      : binding parameter [1] as [VARCHAR] - [koulutustoimija1]
2020-06-10 18:11:38.289 TRACE 55751 --- [    Test worker] o.h.type.descriptor.sql.BasicExtractor   : extracted value ([id1_5_] : [BIGINT]) - [14]
Hibernate: 
    select
        organisaat0_.id as id1_5_,
        organisaat0_.version as version2_5_,
        organisaat0_.alkupvm as alkupvm3_5_,
        organisaat0_.domainnimi as domainni4_5_,
        organisaat0_.kotipaikka as kotipaik5_5_,
        organisaat0_.kuvaus_mkt as kuvaus_28_5_,
        organisaat0_.lakkautuspvm as lakkautu6_5_,
        organisaat0_.maa as maa7_5_,
        organisaat0_.metadata_id as metadat29_5_,
        organisaat0_.nimi_mkt as nimi_mk30_5_,
        organisaat0_.nimihaku as nimihaku8_5_,
        organisaat0_.oid as oid9_5_,
        organisaat0_.opetuspisteenjarjnro as opetusp10_5_,
        organisaat0_.oppilaitoskoodi as oppilai11_5_,
        organisaat0_.oppilaitos_tyyppi as oppilai12_5_,
        organisaat0_.organisaatio_poistettu as organis13_5_,
        organisaat0_.paivittaja as paivitt14_5_,
        organisaat0_.paivityspvm as paivity15_5_,
        organisaat0_.parentidpath as parenti16_5_,
        organisaat0_.parentoidpath as parento17_5_,
        organisaat0_.piilotettu as piilote18_5_,
        organisaat0_.tarkastus_pvm as tarkast19_5_,
        organisaat0_.toimipistekoodi as toimipi20_5_,
        organisaat0_.tuontipvm as tuontip21_5_,
        organisaat0_.varhaiskasvatuksen_toimipaikka_tiedot_id as varhais31_5_,
        organisaat0_.virastotunnus as virasto22_5_,
        organisaat0_.yhteishaunkoulukoodi as yhteish23_5_,
        organisaat0_.yritysmuoto as yritysm24_5_,
        organisaat0_.ytj_kieli as ytj_kie25_5_,
        organisaat0_.ytjpaivityspvm as ytjpaiv26_5_,
        organisaat0_.ytunnus as ytunnus27_5_ 
    from
        organisaatio organisaat0_ 
    where
        organisaat0_.oid=?
2020-06-10 18:11:38.291 TRACE 55751 --- [    Test worker] o.h.type.descriptor.sql.BasicBinder      : binding parameter [1] as [VARCHAR] - [koulutustoimija1]
2020-06-10 18:11:38.291 TRACE 55751 --- [    Test worker] o.h.type.descriptor.sql.BasicExtractor   : extracted value ([id1_5_] : [BIGINT]) - [14]
Hibernate: 
    insert 
    into
        monikielinen_teksti
        (id, version) 
    values
        (null, ?)
2020-06-10 18:11:38.292 TRACE 55751 --- [    Test worker] o.h.type.descriptor.sql.BasicBinder      : binding parameter [1] as [BIGINT] - [0]
Hibernate: 
    insert 
    into
        monikielinen_teksti
        (id, version) 
    values
        (null, ?)
2020-06-10 18:11:38.293 TRACE 55751 --- [    Test worker] o.h.type.descriptor.sql.BasicBinder      : binding parameter [1] as [BIGINT] - [0]
Hibernate: 
    insert 
    into
        organisaatio
        (id, version, alkupvm, domainnimi, kotipaikka, kuvaus_mkt, lakkautuspvm, maa, metadata_id, nimi_mkt, nimihaku, oid, opetuspisteenjarjnro, oppilaitoskoodi, oppilaitos_tyyppi, organisaatio_poistettu, paivittaja, paivityspvm, parentidpath, parentoidpath, piilotettu, tarkastus_pvm, toimipistekoodi, tuontipvm, varhaiskasvatuksen_toimipaikka_tiedot_id, virastotunnus, yhteishaunkoulukoodi, yritysmuoto, ytj_kieli, ytjpaivityspvm, ytunnus) 
    values
        (null, ?, ?, ?, ?, ?, ?, ?, ?, ?, ?, ?, ?, ?, ?, ?, ?, ?, ?, ?, ?, ?, ?, ?, ?, ?, ?, ?, ?, ?, ?)
2020-06-10 18:11:38.294 TRACE 55751 --- [    Test worker] o.h.type.descriptor.sql.BasicBinder      : binding parameter [1] as [BIGINT] - [0]
2020-06-10 18:11:38.294 TRACE 55751 --- [    Test worker] o.h.type.descriptor.sql.BasicBinder      : binding parameter [2] as [DATE] - [Fri Dec 31 00:00:00 EET 1999]
2020-06-10 18:11:38.294 TRACE 55751 --- [    Test worker] o.h.type.descriptor.sql.BasicBinder      : binding parameter [3] as [VARCHAR] - [null]
2020-06-10 18:11:38.294 TRACE 55751 --- [    Test worker] o.h.type.descriptor.sql.BasicBinder      : binding parameter [4] as [VARCHAR] - [kunta_092]
2020-06-10 18:11:38.294 TRACE 55751 --- [    Test worker] o.h.type.descriptor.sql.BasicBinder      : binding parameter [5] as [BIGINT] - [1010]
2020-06-10 18:11:38.294 TRACE 55751 --- [    Test worker] o.h.type.descriptor.sql.BasicBinder      : binding parameter [6] as [DATE] - [null]
2020-06-10 18:11:38.294 TRACE 55751 --- [    Test worker] o.h.type.descriptor.sql.BasicBinder      : binding parameter [7] as [VARCHAR] - [maatjavaltiot1_fin]
2020-06-10 18:11:38.294 TRACE 55751 --- [    Test worker] o.h.type.descriptor.sql.BasicBinder      : binding parameter [8] as [BIGINT] - [null]
2020-06-10 18:11:38.294 TRACE 55751 --- [    Test worker] o.h.type.descriptor.sql.BasicBinder      : binding parameter [9] as [BIGINT] - [1011]
2020-06-10 18:11:38.294 TRACE 55751 --- [    Test worker] o.h.type.descriptor.sql.BasicBinder      : binding parameter [10] as [VARCHAR] - [,oppilaitos1]
2020-06-10 18:11:38.294 TRACE 55751 --- [    Test worker] o.h.type.descriptor.sql.BasicBinder      : binding parameter [11] as [VARCHAR] - [oppilaitos1]
2020-06-10 18:11:38.294 TRACE 55751 --- [    Test worker] o.h.type.descriptor.sql.BasicBinder      : binding parameter [12] as [VARCHAR] - [null]
2020-06-10 18:11:38.294 TRACE 55751 --- [    Test worker] o.h.type.descriptor.sql.BasicBinder      : binding parameter [13] as [VARCHAR] - [null]
2020-06-10 18:11:38.294 TRACE 55751 --- [    Test worker] o.h.type.descriptor.sql.BasicBinder      : binding parameter [14] as [VARCHAR] - [null]
2020-06-10 18:11:38.294 TRACE 55751 --- [    Test worker] o.h.type.descriptor.sql.BasicBinder      : binding parameter [15] as [BOOLEAN] - [false]
2020-06-10 18:11:38.294 TRACE 55751 --- [    Test worker] o.h.type.descriptor.sql.BasicBinder      : binding parameter [16] as [VARCHAR] - [ophadmin]
2020-06-10 18:11:38.294 TRACE 55751 --- [    Test worker] o.h.type.descriptor.sql.BasicBinder      : binding parameter [17] as [TIMESTAMP] - [Wed Jun 10 18:11:38 EEST 2020]
2020-06-10 18:11:38.294 TRACE 55751 --- [    Test worker] o.h.type.descriptor.sql.BasicBinder      : binding parameter [18] as [VARCHAR] - [|1|14|]
2020-06-10 18:11:38.294 TRACE 55751 --- [    Test worker] o.h.type.descriptor.sql.BasicBinder      : binding parameter [19] as [VARCHAR] - [|1.2.246.562.24.00000000001|koulutustoimija1|]
2020-06-10 18:11:38.294 TRACE 55751 --- [    Test worker] o.h.type.descriptor.sql.BasicBinder      : binding parameter [20] as [BOOLEAN] - [false]
2020-06-10 18:11:38.294 TRACE 55751 --- [    Test worker] o.h.type.descriptor.sql.BasicBinder      : binding parameter [21] as [TIMESTAMP] - [null]
2020-06-10 18:11:38.294 TRACE 55751 --- [    Test worker] o.h.type.descriptor.sql.BasicBinder      : binding parameter [22] as [VARCHAR] - [null]
2020-06-10 18:11:38.294 TRACE 55751 --- [    Test worker] o.h.type.descriptor.sql.BasicBinder      : binding parameter [23] as [TIMESTAMP] - [null]
2020-06-10 18:11:38.295 TRACE 55751 --- [    Test worker] o.h.type.descriptor.sql.BasicBinder      : binding parameter [24] as [BIGINT] - [null]
2020-06-10 18:11:38.295 TRACE 55751 --- [    Test worker] o.h.type.descriptor.sql.BasicBinder      : binding parameter [25] as [VARCHAR] - [null]
2020-06-10 18:11:38.295 TRACE 55751 --- [    Test worker] o.h.type.descriptor.sql.BasicBinder      : binding parameter [26] as [VARCHAR] - [null]
2020-06-10 18:11:38.295 TRACE 55751 --- [    Test worker] o.h.type.descriptor.sql.BasicBinder      : binding parameter [27] as [VARCHAR] - [null]
2020-06-10 18:11:38.295 TRACE 55751 --- [    Test worker] o.h.type.descriptor.sql.BasicBinder      : binding parameter [28] as [VARCHAR] - [null]
2020-06-10 18:11:38.295 TRACE 55751 --- [    Test worker] o.h.type.descriptor.sql.BasicBinder      : binding parameter [29] as [DATE] - [null]
2020-06-10 18:11:38.295 TRACE 55751 --- [    Test worker] o.h.type.descriptor.sql.BasicBinder      : binding parameter [30] as [VARCHAR] - [null]
Hibernate: 
    insert 
    into
        organisaatio_nimi
        (id, version, alkupvm, nimi_mkt, organisaatio_id, paivittaja) 
    values
        (null, ?, ?, ?, ?, ?)
2020-06-10 18:11:38.295 TRACE 55751 --- [    Test worker] o.h.type.descriptor.sql.BasicBinder      : binding parameter [1] as [BIGINT] - [0]
2020-06-10 18:11:38.295 TRACE 55751 --- [    Test worker] o.h.type.descriptor.sql.BasicBinder      : binding parameter [2] as [DATE] - [Wed Jun 10 18:11:37 EEST 2020]
2020-06-10 18:11:38.295 TRACE 55751 --- [    Test worker] o.h.type.descriptor.sql.BasicBinder      : binding parameter [3] as [BIGINT] - [1011]
2020-06-10 18:11:38.295 TRACE 55751 --- [    Test worker] o.h.type.descriptor.sql.BasicBinder      : binding parameter [4] as [BIGINT] - [15]
2020-06-10 18:11:38.295 TRACE 55751 --- [    Test worker] o.h.type.descriptor.sql.BasicBinder      : binding parameter [5] as [VARCHAR] - [null]
Hibernate: 
    insert 
    into
        yhteystieto
        (id, version, kieli, organisaatio_id, yhteystieto_oid, www_osoite, dtype) 
    values
        (null, ?, ?, ?, ?, ?, 'Www')
2020-06-10 18:11:38.296 TRACE 55751 --- [    Test worker] o.h.type.descriptor.sql.BasicBinder      : binding parameter [1] as [BIGINT] - [0]
2020-06-10 18:11:38.296 TRACE 55751 --- [    Test worker] o.h.type.descriptor.sql.BasicBinder      : binding parameter [2] as [VARCHAR] - [kieli_fi#1]
2020-06-10 18:11:38.296 TRACE 55751 --- [    Test worker] o.h.type.descriptor.sql.BasicBinder      : binding parameter [3] as [BIGINT] - [15]
2020-06-10 18:11:38.296 TRACE 55751 --- [    Test worker] o.h.type.descriptor.sql.BasicBinder      : binding parameter [4] as [VARCHAR] - [15918018979130.3958386469583087]
2020-06-10 18:11:38.296 TRACE 55751 --- [    Test worker] o.h.type.descriptor.sql.BasicBinder      : binding parameter [5] as [VARCHAR] - [http://test.oph.fi]
Hibernate: 
    insert 
    into
        yhteystieto
        (id, version, kieli, organisaatio_id, yhteystieto_oid, coordinatetype, extrarivi, lat, lng, maa, osavaltio, osoite, osoite_tyyppi, postinumero, postitoimipaikka, ytjpaivityspvm, dtype) 
    values
        (null, ?, ?, ?, ?, ?, ?, ?, ?, ?, ?, ?, ?, ?, ?, ?, 'Osoite')
2020-06-10 18:11:38.297 TRACE 55751 --- [    Test worker] o.h.type.descriptor.sql.BasicBinder      : binding parameter [1] as [BIGINT] - [0]
2020-06-10 18:11:38.297 TRACE 55751 --- [    Test worker] o.h.type.descriptor.sql.BasicBinder      : binding parameter [2] as [VARCHAR] - [kieli_fi#1]
2020-06-10 18:11:38.297 TRACE 55751 --- [    Test worker] o.h.type.descriptor.sql.BasicBinder      : binding parameter [3] as [BIGINT] - [15]
2020-06-10 18:11:38.297 TRACE 55751 --- [    Test worker] o.h.type.descriptor.sql.BasicBinder      : binding parameter [4] as [VARCHAR] - [1.2.246.562.5.47298734729]
2020-06-10 18:11:38.297 TRACE 55751 --- [    Test worker] o.h.type.descriptor.sql.BasicBinder      : binding parameter [5] as [VARCHAR] - [null]
2020-06-10 18:11:38.297 TRACE 55751 --- [    Test worker] o.h.type.descriptor.sql.BasicBinder      : binding parameter [6] as [VARCHAR] - [null]
2020-06-10 18:11:38.297 TRACE 55751 --- [    Test worker] o.h.type.descriptor.sql.BasicBinder      : binding parameter [7] as [DOUBLE] - [null]
2020-06-10 18:11:38.297 TRACE 55751 --- [    Test worker] o.h.type.descriptor.sql.BasicBinder      : binding parameter [8] as [DOUBLE] - [null]
2020-06-10 18:11:38.297 TRACE 55751 --- [    Test worker] o.h.type.descriptor.sql.BasicBinder      : binding parameter [9] as [VARCHAR] - [null]
2020-06-10 18:11:38.297 TRACE 55751 --- [    Test worker] o.h.type.descriptor.sql.BasicBinder      : binding parameter [10] as [VARCHAR] - [null]
2020-06-10 18:11:38.297 TRACE 55751 --- [    Test worker] o.h.type.descriptor.sql.BasicBinder      : binding parameter [11] as [VARCHAR] - [Kayntiosoite 2B]
2020-06-10 18:11:38.297 TRACE 55751 --- [    Test worker] o.h.type.descriptor.sql.BasicBinder      : binding parameter [12] as [VARCHAR] - [kaynti]
2020-06-10 18:11:38.297 TRACE 55751 --- [    Test worker] o.h.type.descriptor.sql.BasicBinder      : binding parameter [13] as [VARCHAR] - [posti_00550]
2020-06-10 18:11:38.297 TRACE 55751 --- [    Test worker] o.h.type.descriptor.sql.BasicBinder      : binding parameter [14] as [VARCHAR] - [Helsinki]
2020-06-10 18:11:38.297 TRACE 55751 --- [    Test worker] o.h.type.descriptor.sql.BasicBinder      : binding parameter [15] as [DATE] - [null]
Hibernate: 
    insert 
    into
        yhteystieto
        (id, version, kieli, organisaatio_id, yhteystieto_oid, puhelinnumero, tyyppi, dtype) 
    values
        (null, ?, ?, ?, ?, ?, ?, 'Puhelinnumero')
2020-06-10 18:11:38.298 TRACE 55751 --- [    Test worker] o.h.type.descriptor.sql.BasicBinder      : binding parameter [1] as [BIGINT] - [0]
2020-06-10 18:11:38.298 TRACE 55751 --- [    Test worker] o.h.type.descriptor.sql.BasicBinder      : binding parameter [2] as [VARCHAR] - [kieli_fi#1]
2020-06-10 18:11:38.298 TRACE 55751 --- [    Test worker] o.h.type.descriptor.sql.BasicBinder      : binding parameter [3] as [BIGINT] - [15]
2020-06-10 18:11:38.298 TRACE 55751 --- [    Test worker] o.h.type.descriptor.sql.BasicBinder      : binding parameter [4] as [VARCHAR] - [1.2.246.562.5.55017105689]
2020-06-10 18:11:38.298 TRACE 55751 --- [    Test worker] o.h.type.descriptor.sql.BasicBinder      : binding parameter [5] as [VARCHAR] - [123]
2020-06-10 18:11:38.298 TRACE 55751 --- [    Test worker] o.h.type.descriptor.sql.BasicBinder      : binding parameter [6] as [VARCHAR] - [puhelin]
Hibernate: 
    insert 
    into
        yhteystieto
        (id, version, kieli, organisaatio_id, yhteystieto_oid, email, dtype) 
    values
        (null, ?, ?, ?, ?, ?, 'Email')
2020-06-10 18:11:38.299 TRACE 55751 --- [    Test worker] o.h.type.descriptor.sql.BasicBinder      : binding parameter [1] as [BIGINT] - [0]
2020-06-10 18:11:38.299 TRACE 55751 --- [    Test worker] o.h.type.descriptor.sql.BasicBinder      : binding parameter [2] as [VARCHAR] - [kieli_fi#1]
2020-06-10 18:11:38.299 TRACE 55751 --- [    Test worker] o.h.type.descriptor.sql.BasicBinder      : binding parameter [3] as [BIGINT] - [15]
2020-06-10 18:11:38.299 TRACE 55751 --- [    Test worker] o.h.type.descriptor.sql.BasicBinder      : binding parameter [4] as [VARCHAR] - [15918018979130.7162309534810878]
2020-06-10 18:11:38.299 TRACE 55751 --- [    Test worker] o.h.type.descriptor.sql.BasicBinder      : binding parameter [5] as [VARCHAR] - [asd@asd.asd]
Hibernate: 
    insert 
    into
        yhteystieto
        (id, version, kieli, organisaatio_id, yhteystieto_oid, coordinatetype, extrarivi, lat, lng, maa, osavaltio, osoite, osoite_tyyppi, postinumero, postitoimipaikka, ytjpaivityspvm, dtype) 
    values
        (null, ?, ?, ?, ?, ?, ?, ?, ?, ?, ?, ?, ?, ?, ?, ?, 'Osoite')
2020-06-10 18:11:38.300 TRACE 55751 --- [    Test worker] o.h.type.descriptor.sql.BasicBinder      : binding parameter [1] as [BIGINT] - [0]
2020-06-10 18:11:38.300 TRACE 55751 --- [    Test worker] o.h.type.descriptor.sql.BasicBinder      : binding parameter [2] as [VARCHAR] - [kieli_fi#1]
2020-06-10 18:11:38.300 TRACE 55751 --- [    Test worker] o.h.type.descriptor.sql.BasicBinder      : binding parameter [3] as [BIGINT] - [15]
2020-06-10 18:11:38.300 TRACE 55751 --- [    Test worker] o.h.type.descriptor.sql.BasicBinder      : binding parameter [4] as [VARCHAR] - [1.2.246.562.5.47124755362]
2020-06-10 18:11:38.300 TRACE 55751 --- [    Test worker] o.h.type.descriptor.sql.BasicBinder      : binding parameter [5] as [VARCHAR] - [null]
2020-06-10 18:11:38.300 TRACE 55751 --- [    Test worker] o.h.type.descriptor.sql.BasicBinder      : binding parameter [6] as [VARCHAR] - [null]
2020-06-10 18:11:38.300 TRACE 55751 --- [    Test worker] o.h.type.descriptor.sql.BasicBinder      : binding parameter [7] as [DOUBLE] - [null]
2020-06-10 18:11:38.300 TRACE 55751 --- [    Test worker] o.h.type.descriptor.sql.BasicBinder      : binding parameter [8] as [DOUBLE] - [null]
2020-06-10 18:11:38.300 TRACE 55751 --- [    Test worker] o.h.type.descriptor.sql.BasicBinder      : binding parameter [9] as [VARCHAR] - [null]
2020-06-10 18:11:38.300 TRACE 55751 --- [    Test worker] o.h.type.descriptor.sql.BasicBinder      : binding parameter [10] as [VARCHAR] - [null]
2020-06-10 18:11:38.300 TRACE 55751 --- [    Test worker] o.h.type.descriptor.sql.BasicBinder      : binding parameter [11] as [VARCHAR] - [Postiosoite 1A]
2020-06-10 18:11:38.300 TRACE 55751 --- [    Test worker] o.h.type.descriptor.sql.BasicBinder      : binding parameter [12] as [VARCHAR] - [posti]
2020-06-10 18:11:38.300 TRACE 55751 --- [    Test worker] o.h.type.descriptor.sql.BasicBinder      : binding parameter [13] as [VARCHAR] - [00550]
2020-06-10 18:11:38.300 TRACE 55751 --- [    Test worker] o.h.type.descriptor.sql.BasicBinder      : binding parameter [14] as [VARCHAR] - [Helsinki]
2020-06-10 18:11:38.300 TRACE 55751 --- [    Test worker] o.h.type.descriptor.sql.BasicBinder      : binding parameter [15] as [DATE] - [null]
2020-06-10 18:11:38.301  INFO 55751 --- [    Test worker] .s.o.r.i.OrganisaatioSuhdeRepositoryImpl : findParentTo(15, Wed Jun 10 18:11:38 EEST 2020)
Hibernate: 
    update
        organisaatio 
    set
        version=?,
        alkupvm=?,
        domainnimi=?,
        kotipaikka=?,
        kuvaus_mkt=?,
        lakkautuspvm=?,
        maa=?,
        metadata_id=?,
        nimi_mkt=?,
        nimihaku=?,
        oid=?,
        opetuspisteenjarjnro=?,
        oppilaitoskoodi=?,
        oppilaitos_tyyppi=?,
        organisaatio_poistettu=?,
        paivittaja=?,
        paivityspvm=?,
        parentidpath=?,
        parentoidpath=?,
        piilotettu=?,
        tarkastus_pvm=?,
        toimipistekoodi=?,
        tuontipvm=?,
        varhaiskasvatuksen_toimipaikka_tiedot_id=?,
        virastotunnus=?,
        yhteishaunkoulukoodi=?,
        yritysmuoto=?,
        ytj_kieli=?,
        ytjpaivityspvm=?,
        ytunnus=? 
    where
        id=? 
        and version=?
2020-06-10 18:11:38.302 TRACE 55751 --- [    Test worker] o.h.type.descriptor.sql.BasicBinder      : binding parameter [1] as [BIGINT] - [1]
2020-06-10 18:11:38.302 TRACE 55751 --- [    Test worker] o.h.type.descriptor.sql.BasicBinder      : binding parameter [2] as [DATE] - [Fri Dec 31 00:00:00 EET 1999]
2020-06-10 18:11:38.302 TRACE 55751 --- [    Test worker] o.h.type.descriptor.sql.BasicBinder      : binding parameter [3] as [VARCHAR] - [null]
2020-06-10 18:11:38.302 TRACE 55751 --- [    Test worker] o.h.type.descriptor.sql.BasicBinder      : binding parameter [4] as [VARCHAR] - [kunta_092]
2020-06-10 18:11:38.302 TRACE 55751 --- [    Test worker] o.h.type.descriptor.sql.BasicBinder      : binding parameter [5] as [BIGINT] - [1010]
2020-06-10 18:11:38.302 TRACE 55751 --- [    Test worker] o.h.type.descriptor.sql.BasicBinder      : binding parameter [6] as [DATE] - [null]
2020-06-10 18:11:38.302 TRACE 55751 --- [    Test worker] o.h.type.descriptor.sql.BasicBinder      : binding parameter [7] as [VARCHAR] - [maatjavaltiot1_fin]
2020-06-10 18:11:38.302 TRACE 55751 --- [    Test worker] o.h.type.descriptor.sql.BasicBinder      : binding parameter [8] as [BIGINT] - [null]
2020-06-10 18:11:38.302 TRACE 55751 --- [    Test worker] o.h.type.descriptor.sql.BasicBinder      : binding parameter [9] as [BIGINT] - [1011]
2020-06-10 18:11:38.303 TRACE 55751 --- [    Test worker] o.h.type.descriptor.sql.BasicBinder      : binding parameter [10] as [VARCHAR] - [,oppilaitos1]
2020-06-10 18:11:38.303 TRACE 55751 --- [    Test worker] o.h.type.descriptor.sql.BasicBinder      : binding parameter [11] as [VARCHAR] - [oppilaitos1]
2020-06-10 18:11:38.303 TRACE 55751 --- [    Test worker] o.h.type.descriptor.sql.BasicBinder      : binding parameter [12] as [VARCHAR] - [null]
2020-06-10 18:11:38.303 TRACE 55751 --- [    Test worker] o.h.type.descriptor.sql.BasicBinder      : binding parameter [13] as [VARCHAR] - [null]
2020-06-10 18:11:38.303 TRACE 55751 --- [    Test worker] o.h.type.descriptor.sql.BasicBinder      : binding parameter [14] as [VARCHAR] - [null]
2020-06-10 18:11:38.303 TRACE 55751 --- [    Test worker] o.h.type.descriptor.sql.BasicBinder      : binding parameter [15] as [BOOLEAN] - [false]
2020-06-10 18:11:38.303 TRACE 55751 --- [    Test worker] o.h.type.descriptor.sql.BasicBinder      : binding parameter [16] as [VARCHAR] - [ophadmin]
2020-06-10 18:11:38.303 TRACE 55751 --- [    Test worker] o.h.type.descriptor.sql.BasicBinder      : binding parameter [17] as [TIMESTAMP] - [Wed Jun 10 18:11:38 EEST 2020]
2020-06-10 18:11:38.303 TRACE 55751 --- [    Test worker] o.h.type.descriptor.sql.BasicBinder      : binding parameter [18] as [VARCHAR] - [|1|14|]
2020-06-10 18:11:38.303 TRACE 55751 --- [    Test worker] o.h.type.descriptor.sql.BasicBinder      : binding parameter [19] as [VARCHAR] - [|1.2.246.562.24.00000000001|koulutustoimija1|]
2020-06-10 18:11:38.303 TRACE 55751 --- [    Test worker] o.h.type.descriptor.sql.BasicBinder      : binding parameter [20] as [BOOLEAN] - [false]
2020-06-10 18:11:38.303 TRACE 55751 --- [    Test worker] o.h.type.descriptor.sql.BasicBinder      : binding parameter [21] as [TIMESTAMP] - [null]
2020-06-10 18:11:38.303 TRACE 55751 --- [    Test worker] o.h.type.descriptor.sql.BasicBinder      : binding parameter [22] as [VARCHAR] - [null]
2020-06-10 18:11:38.303 TRACE 55751 --- [    Test worker] o.h.type.descriptor.sql.BasicBinder      : binding parameter [23] as [TIMESTAMP] - [null]
2020-06-10 18:11:38.303 TRACE 55751 --- [    Test worker] o.h.type.descriptor.sql.BasicBinder      : binding parameter [24] as [BIGINT] - [null]
2020-06-10 18:11:38.303 TRACE 55751 --- [    Test worker] o.h.type.descriptor.sql.BasicBinder      : binding parameter [25] as [VARCHAR] - [null]
2020-06-10 18:11:38.303 TRACE 55751 --- [    Test worker] o.h.type.descriptor.sql.BasicBinder      : binding parameter [26] as [VARCHAR] - [null]
2020-06-10 18:11:38.303 TRACE 55751 --- [    Test worker] o.h.type.descriptor.sql.BasicBinder      : binding parameter [27] as [VARCHAR] - [null]
2020-06-10 18:11:38.303 TRACE 55751 --- [    Test worker] o.h.type.descriptor.sql.BasicBinder      : binding parameter [28] as [VARCHAR] - [null]
2020-06-10 18:11:38.303 TRACE 55751 --- [    Test worker] o.h.type.descriptor.sql.BasicBinder      : binding parameter [29] as [DATE] - [null]
2020-06-10 18:11:38.303 TRACE 55751 --- [    Test worker] o.h.type.descriptor.sql.BasicBinder      : binding parameter [30] as [VARCHAR] - [null]
2020-06-10 18:11:38.303 TRACE 55751 --- [    Test worker] o.h.type.descriptor.sql.BasicBinder      : binding parameter [31] as [BIGINT] - [15]
2020-06-10 18:11:38.303 TRACE 55751 --- [    Test worker] o.h.type.descriptor.sql.BasicBinder      : binding parameter [32] as [BIGINT] - [0]
Hibernate: 
    insert 
    into
        organisaatio_kielet
        (organisaatio_id, kielet) 
    values
        (?, ?)
2020-06-10 18:11:38.304 TRACE 55751 --- [    Test worker] o.h.type.descriptor.sql.BasicBinder      : binding parameter [1] as [BIGINT] - [15]
2020-06-10 18:11:38.304 TRACE 55751 --- [    Test worker] o.h.type.descriptor.sql.BasicBinder      : binding parameter [2] as [VARCHAR] - [oppilaitoksenopetuskieli_1#1]
Hibernate: 
    insert 
    into
        organisaatio_tyypit
        (organisaatio_id, tyypit) 
    values
        (?, ?)
2020-06-10 18:11:38.304 TRACE 55751 --- [    Test worker] o.h.type.descriptor.sql.BasicBinder      : binding parameter [1] as [BIGINT] - [15]
2020-06-10 18:11:38.304 TRACE 55751 --- [    Test worker] o.h.type.descriptor.sql.BasicBinder      : binding parameter [2] as [VARCHAR] - [organisaatiotyyppi_02]
Hibernate: 
    insert 
    into
        monikielinen_teksti_values
        (id, key, value) 
    values
        (?, ?, ?)
2020-06-10 18:11:38.304 TRACE 55751 --- [    Test worker] o.h.type.descriptor.sql.BasicBinder      : binding parameter [1] as [BIGINT] - [1011]
2020-06-10 18:11:38.304 TRACE 55751 --- [    Test worker] o.h.type.descriptor.sql.BasicBinder      : binding parameter [2] as [VARCHAR] - [fi]
2020-06-10 18:11:38.304 TRACE 55751 --- [    Test worker] o.h.type.descriptor.sql.BasicBinder      : binding parameter [3] as [VARCHAR] - [oppilaitos1]
Hibernate: 
    select
        organisaat0_.id as id1_19_0_,
        organisaat1_.id as id1_5_1_,
        organisaat0_.version as version2_19_0_,
        organisaat0_.alkupvm as alkupvm3_19_0_,
        organisaat0_.child_id as child_id7_19_0_,
        organisaat0_.loppupvm as loppupvm4_19_0_,
        organisaat0_.opetuspisteenjarjnro as opetuspi5_19_0_,
        organisaat0_.parent_id as parent_i8_19_0_,
        organisaat0_.suhdetyyppi as suhdetyy6_19_0_,
        organisaat1_.version as version2_5_1_,
        organisaat1_.alkupvm as alkupvm3_5_1_,
        organisaat1_.domainnimi as domainni4_5_1_,
        organisaat1_.kotipaikka as kotipaik5_5_1_,
        organisaat1_.kuvaus_mkt as kuvaus_28_5_1_,
        organisaat1_.lakkautuspvm as lakkautu6_5_1_,
        organisaat1_.maa as maa7_5_1_,
        organisaat1_.metadata_id as metadat29_5_1_,
        organisaat1_.nimi_mkt as nimi_mk30_5_1_,
        organisaat1_.nimihaku as nimihaku8_5_1_,
        organisaat1_.oid as oid9_5_1_,
        organisaat1_.opetuspisteenjarjnro as opetusp10_5_1_,
        organisaat1_.oppilaitoskoodi as oppilai11_5_1_,
        organisaat1_.oppilaitos_tyyppi as oppilai12_5_1_,
        organisaat1_.organisaatio_poistettu as organis13_5_1_,
        organisaat1_.paivittaja as paivitt14_5_1_,
        organisaat1_.paivityspvm as paivity15_5_1_,
        organisaat1_.parentidpath as parenti16_5_1_,
        organisaat1_.parentoidpath as parento17_5_1_,
        organisaat1_.piilotettu as piilote18_5_1_,
        organisaat1_.tarkastus_pvm as tarkast19_5_1_,
        organisaat1_.toimipistekoodi as toimipi20_5_1_,
        organisaat1_.tuontipvm as tuontip21_5_1_,
        organisaat1_.varhaiskasvatuksen_toimipaikka_tiedot_id as varhais31_5_1_,
        organisaat1_.virastotunnus as virasto22_5_1_,
        organisaat1_.yhteishaunkoulukoodi as yhteish23_5_1_,
        organisaat1_.yritysmuoto as yritysm24_5_1_,
        organisaat1_.ytj_kieli as ytj_kie25_5_1_,
        organisaat1_.ytjpaivityspvm as ytjpaiv26_5_1_,
        organisaat1_.ytunnus as ytunnus27_5_1_ 
    from
        organisaatiosuhde organisaat0_ 
    inner join
        organisaatio organisaat1_ 
            on organisaat0_.parent_id=organisaat1_.id 
    where
        organisaat0_.child_id=? 
        and organisaat0_.suhdetyyppi=? 
        and (
            organisaat0_.alkupvm=? 
            or organisaat0_.alkupvm<?
        ) 
        and (
            organisaat0_.loppupvm is null 
            or organisaat0_.loppupvm>?
        ) 
        and organisaat1_.organisaatio_poistettu=? 
    order by
        organisaat0_.alkupvm desc
2020-06-10 18:11:38.305 TRACE 55751 --- [    Test worker] o.h.type.descriptor.sql.BasicBinder      : binding parameter [1] as [BIGINT] - [15]
2020-06-10 18:11:38.305 TRACE 55751 --- [    Test worker] o.h.type.descriptor.sql.BasicBinder      : binding parameter [2] as [VARCHAR] - [HISTORIA]
2020-06-10 18:11:38.305 TRACE 55751 --- [    Test worker] o.h.type.descriptor.sql.BasicBinder      : binding parameter [3] as [DATE] - [Wed Jun 10 18:11:38 EEST 2020]
2020-06-10 18:11:38.305 TRACE 55751 --- [    Test worker] o.h.type.descriptor.sql.BasicBinder      : binding parameter [4] as [DATE] - [Wed Jun 10 18:11:38 EEST 2020]
2020-06-10 18:11:38.305 TRACE 55751 --- [    Test worker] o.h.type.descriptor.sql.BasicBinder      : binding parameter [5] as [DATE] - [Wed Jun 10 18:11:38 EEST 2020]
2020-06-10 18:11:38.305 TRACE 55751 --- [    Test worker] o.h.type.descriptor.sql.BasicBinder      : binding parameter [6] as [BOOLEAN] - [false]
2020-06-10 18:11:38.306  INFO 55751 --- [    Test worker] .s.o.r.i.OrganisaatioSuhdeRepositoryImpl : addChild(14, 15, Wed Jun 10 18:11:38 EEST 2020)
Hibernate: 
    insert 
    into
        organisaatiosuhde
        (id, version, alkupvm, child_id, loppupvm, opetuspisteenjarjnro, parent_id, suhdetyyppi) 
    values
        (null, ?, ?, ?, ?, ?, ?, ?)
2020-06-10 18:11:38.306 TRACE 55751 --- [    Test worker] o.h.type.descriptor.sql.BasicBinder      : binding parameter [1] as [BIGINT] - [0]
2020-06-10 18:11:38.306 TRACE 55751 --- [    Test worker] o.h.type.descriptor.sql.BasicBinder      : binding parameter [2] as [DATE] - [Wed Jun 10 18:11:38 EEST 2020]
2020-06-10 18:11:38.307 TRACE 55751 --- [    Test worker] o.h.type.descriptor.sql.BasicBinder      : binding parameter [3] as [BIGINT] - [15]
2020-06-10 18:11:38.307 TRACE 55751 --- [    Test worker] o.h.type.descriptor.sql.BasicBinder      : binding parameter [4] as [DATE] - [null]
2020-06-10 18:11:38.307 TRACE 55751 --- [    Test worker] o.h.type.descriptor.sql.BasicBinder      : binding parameter [5] as [VARCHAR] - [null]
2020-06-10 18:11:38.307 TRACE 55751 --- [    Test worker] o.h.type.descriptor.sql.BasicBinder      : binding parameter [6] as [BIGINT] - [14]
2020-06-10 18:11:38.307 TRACE 55751 --- [    Test worker] o.h.type.descriptor.sql.BasicBinder      : binding parameter [7] as [VARCHAR] - [HISTORIA]
2020-06-10 18:11:38.307  INFO 55751 --- [    Test worker] .s.o.r.i.OrganisaatioSuhdeRepositoryImpl :     Created new child relation:  --> pId=14, cId=15, aPvm=Wed Jun 10 18:11:38 EEST 2020, lPvm=null
Hibernate: 
    select
        organisaat0_.id as id1_19_,
        organisaat0_.version as version2_19_,
        organisaat0_.alkupvm as alkupvm3_19_,
        organisaat0_.child_id as child_id7_19_,
        organisaat0_.loppupvm as loppupvm4_19_,
        organisaat0_.opetuspisteenjarjnro as opetuspi5_19_,
        organisaat0_.parent_id as parent_i8_19_,
        organisaat0_.suhdetyyppi as suhdetyy6_19_ 
    from
        organisaatiosuhde organisaat0_ 
    where
        organisaat0_.child_id=?
2020-06-10 18:11:38.308 TRACE 55751 --- [    Test worker] o.h.type.descriptor.sql.BasicBinder      : binding parameter [1] as [BIGINT] - [15]
2020-06-10 18:11:38.308 TRACE 55751 --- [    Test worker] o.h.type.descriptor.sql.BasicExtractor   : extracted value ([id1_19_] : [BIGINT]) - [14]
Hibernate: 
    select
        organisaat0_.id as id1_5_,
        organisaat0_.version as version2_5_,
        organisaat0_.alkupvm as alkupvm3_5_,
        organisaat0_.domainnimi as domainni4_5_,
        organisaat0_.kotipaikka as kotipaik5_5_,
        organisaat0_.kuvaus_mkt as kuvaus_28_5_,
        organisaat0_.lakkautuspvm as lakkautu6_5_,
        organisaat0_.maa as maa7_5_,
        organisaat0_.metadata_id as metadat29_5_,
        organisaat0_.nimi_mkt as nimi_mk30_5_,
        organisaat0_.nimihaku as nimihaku8_5_,
        organisaat0_.oid as oid9_5_,
        organisaat0_.opetuspisteenjarjnro as opetusp10_5_,
        organisaat0_.oppilaitoskoodi as oppilai11_5_,
        organisaat0_.oppilaitos_tyyppi as oppilai12_5_,
        organisaat0_.organisaatio_poistettu as organis13_5_,
        organisaat0_.paivittaja as paivitt14_5_,
        organisaat0_.paivityspvm as paivity15_5_,
        organisaat0_.parentidpath as parenti16_5_,
        organisaat0_.parentoidpath as parento17_5_,
        organisaat0_.piilotettu as piilote18_5_,
        organisaat0_.tarkastus_pvm as tarkast19_5_,
        organisaat0_.toimipistekoodi as toimipi20_5_,
        organisaat0_.tuontipvm as tuontip21_5_,
        organisaat0_.varhaiskasvatuksen_toimipaikka_tiedot_id as varhais31_5_,
        organisaat0_.virastotunnus as virasto22_5_,
        organisaat0_.yhteishaunkoulukoodi as yhteish23_5_,
        organisaat0_.yritysmuoto as yritysm24_5_,
        organisaat0_.ytj_kieli as ytj_kie25_5_,
        organisaat0_.ytjpaivityspvm as ytjpaiv26_5_,
        organisaat0_.ytunnus as ytunnus27_5_ 
    from
        organisaatio organisaat0_ 
    where
        organisaat0_.oid=?
2020-06-10 18:11:38.310 TRACE 55751 --- [    Test worker] o.h.type.descriptor.sql.BasicBinder      : binding parameter [1] as [VARCHAR] - [oppilaitos1]
2020-06-10 18:11:38.310 TRACE 55751 --- [    Test worker] o.h.type.descriptor.sql.BasicExtractor   : extracted value ([id1_5_] : [BIGINT]) - [15]
Hibernate: 
    select
        organisaat0_.id as id1_5_,
        organisaat0_.version as version2_5_,
        organisaat0_.alkupvm as alkupvm3_5_,
        organisaat0_.domainnimi as domainni4_5_,
        organisaat0_.kotipaikka as kotipaik5_5_,
        organisaat0_.kuvaus_mkt as kuvaus_28_5_,
        organisaat0_.lakkautuspvm as lakkautu6_5_,
        organisaat0_.maa as maa7_5_,
        organisaat0_.metadata_id as metadat29_5_,
        organisaat0_.nimi_mkt as nimi_mk30_5_,
        organisaat0_.nimihaku as nimihaku8_5_,
        organisaat0_.oid as oid9_5_,
        organisaat0_.opetuspisteenjarjnro as opetusp10_5_,
        organisaat0_.oppilaitoskoodi as oppilai11_5_,
        organisaat0_.oppilaitos_tyyppi as oppilai12_5_,
        organisaat0_.organisaatio_poistettu as organis13_5_,
        organisaat0_.paivittaja as paivitt14_5_,
        organisaat0_.paivityspvm as paivity15_5_,
        organisaat0_.parentidpath as parenti16_5_,
        organisaat0_.parentoidpath as parento17_5_,
        organisaat0_.piilotettu as piilote18_5_,
        organisaat0_.tarkastus_pvm as tarkast19_5_,
        organisaat0_.toimipistekoodi as toimipi20_5_,
        organisaat0_.tuontipvm as tuontip21_5_,
        organisaat0_.varhaiskasvatuksen_toimipaikka_tiedot_id as varhais31_5_,
        organisaat0_.virastotunnus as virasto22_5_,
        organisaat0_.yhteishaunkoulukoodi as yhteish23_5_,
        organisaat0_.yritysmuoto as yritysm24_5_,
        organisaat0_.ytj_kieli as ytj_kie25_5_,
        organisaat0_.ytjpaivityspvm as ytjpaiv26_5_,
        organisaat0_.ytunnus as ytunnus27_5_ 
    from
        organisaatio organisaat0_ 
    where
        organisaat0_.oid=?
2020-06-10 18:11:38.313 TRACE 55751 --- [    Test worker] o.h.type.descriptor.sql.BasicBinder      : binding parameter [1] as [VARCHAR] - [toimipiste1]
Hibernate: 
    select
        organisaat0_.id as id1_5_,
        organisaat0_.version as version2_5_,
        organisaat0_.alkupvm as alkupvm3_5_,
        organisaat0_.domainnimi as domainni4_5_,
        organisaat0_.kotipaikka as kotipaik5_5_,
        organisaat0_.kuvaus_mkt as kuvaus_28_5_,
        organisaat0_.lakkautuspvm as lakkautu6_5_,
        organisaat0_.maa as maa7_5_,
        organisaat0_.metadata_id as metadat29_5_,
        organisaat0_.nimi_mkt as nimi_mk30_5_,
        organisaat0_.nimihaku as nimihaku8_5_,
        organisaat0_.oid as oid9_5_,
        organisaat0_.opetuspisteenjarjnro as opetusp10_5_,
        organisaat0_.oppilaitoskoodi as oppilai11_5_,
        organisaat0_.oppilaitos_tyyppi as oppilai12_5_,
        organisaat0_.organisaatio_poistettu as organis13_5_,
        organisaat0_.paivittaja as paivitt14_5_,
        organisaat0_.paivityspvm as paivity15_5_,
        organisaat0_.parentidpath as parenti16_5_,
        organisaat0_.parentoidpath as parento17_5_,
        organisaat0_.piilotettu as piilote18_5_,
        organisaat0_.tarkastus_pvm as tarkast19_5_,
        organisaat0_.toimipistekoodi as toimipi20_5_,
        organisaat0_.tuontipvm as tuontip21_5_,
        organisaat0_.varhaiskasvatuksen_toimipaikka_tiedot_id as varhais31_5_,
        organisaat0_.virastotunnus as virasto22_5_,
        organisaat0_.yhteishaunkoulukoodi as yhteish23_5_,
        organisaat0_.yritysmuoto as yritysm24_5_,
        organisaat0_.ytj_kieli as ytj_kie25_5_,
        organisaat0_.ytjpaivityspvm as ytjpaiv26_5_,
        organisaat0_.ytunnus as ytunnus27_5_ 
    from
        organisaatio organisaat0_ 
    where
        organisaat0_.oid=?
2020-06-10 18:11:38.314 TRACE 55751 --- [    Test worker] o.h.type.descriptor.sql.BasicBinder      : binding parameter [1] as [VARCHAR] - [oppilaitos1]
2020-06-10 18:11:38.315 TRACE 55751 --- [    Test worker] o.h.type.descriptor.sql.BasicExtractor   : extracted value ([id1_5_] : [BIGINT]) - [15]
2020-06-10 18:11:38.559  WARN 55751 --- [    Test worker] fi.vm.sade.javautils.http.OphHttpClient  : Failed to CAS authenticate. Renewing proxy ticket.
Hibernate: 
    select
        organisaat0_.id as id1_5_,
        organisaat0_.version as version2_5_,
        organisaat0_.alkupvm as alkupvm3_5_,
        organisaat0_.domainnimi as domainni4_5_,
        organisaat0_.kotipaikka as kotipaik5_5_,
        organisaat0_.kuvaus_mkt as kuvaus_28_5_,
        organisaat0_.lakkautuspvm as lakkautu6_5_,
        organisaat0_.maa as maa7_5_,
        organisaat0_.metadata_id as metadat29_5_,
        organisaat0_.nimi_mkt as nimi_mk30_5_,
        organisaat0_.nimihaku as nimihaku8_5_,
        organisaat0_.oid as oid9_5_,
        organisaat0_.opetuspisteenjarjnro as opetusp10_5_,
        organisaat0_.oppilaitoskoodi as oppilai11_5_,
        organisaat0_.oppilaitos_tyyppi as oppilai12_5_,
        organisaat0_.organisaatio_poistettu as organis13_5_,
        organisaat0_.paivittaja as paivitt14_5_,
        organisaat0_.paivityspvm as paivity15_5_,
        organisaat0_.parentidpath as parenti16_5_,
        organisaat0_.parentoidpath as parento17_5_,
        organisaat0_.piilotettu as piilote18_5_,
        organisaat0_.tarkastus_pvm as tarkast19_5_,
        organisaat0_.toimipistekoodi as toimipi20_5_,
        organisaat0_.tuontipvm as tuontip21_5_,
        organisaat0_.varhaiskasvatuksen_toimipaikka_tiedot_id as varhais31_5_,
        organisaat0_.virastotunnus as virasto22_5_,
        organisaat0_.yhteishaunkoulukoodi as yhteish23_5_,
        organisaat0_.yritysmuoto as yritysm24_5_,
        organisaat0_.ytj_kieli as ytj_kie25_5_,
        organisaat0_.ytjpaivityspvm as ytjpaiv26_5_,
        organisaat0_.ytunnus as ytunnus27_5_ 
    from
        organisaatio organisaat0_ 
    where
        organisaat0_.oid=?
2020-06-10 18:11:38.682 TRACE 55751 --- [    Test worker] o.h.type.descriptor.sql.BasicBinder      : binding parameter [1] as [VARCHAR] - [oppilaitos1]
2020-06-10 18:11:38.682 TRACE 55751 --- [    Test worker] o.h.type.descriptor.sql.BasicExtractor   : extracted value ([id1_5_] : [BIGINT]) - [15]
2020-06-10 18:11:38.682  WARN 55751 --- [    Test worker] f.v.s.o.b.i.OrganisaatioBusinessChecker  : Invalid organisation name format: For toimipiste, name must be prefixed with parent name (lang:fi, name:toimipiste1, parentname:oppilaitos1)
Hibernate: 
    select
        organisaat0_.id as id1_5_,
        organisaat0_.version as version2_5_,
        organisaat0_.alkupvm as alkupvm3_5_,
        organisaat0_.domainnimi as domainni4_5_,
        organisaat0_.kotipaikka as kotipaik5_5_,
        organisaat0_.kuvaus_mkt as kuvaus_28_5_,
        organisaat0_.lakkautuspvm as lakkautu6_5_,
        organisaat0_.maa as maa7_5_,
        organisaat0_.metadata_id as metadat29_5_,
        organisaat0_.nimi_mkt as nimi_mk30_5_,
        organisaat0_.nimihaku as nimihaku8_5_,
        organisaat0_.oid as oid9_5_,
        organisaat0_.opetuspisteenjarjnro as opetusp10_5_,
        organisaat0_.oppilaitoskoodi as oppilai11_5_,
        organisaat0_.oppilaitos_tyyppi as oppilai12_5_,
        organisaat0_.organisaatio_poistettu as organis13_5_,
        organisaat0_.paivittaja as paivitt14_5_,
        organisaat0_.paivityspvm as paivity15_5_,
        organisaat0_.parentidpath as parenti16_5_,
        organisaat0_.parentoidpath as parento17_5_,
        organisaat0_.piilotettu as piilote18_5_,
        organisaat0_.tarkastus_pvm as tarkast19_5_,
        organisaat0_.toimipistekoodi as toimipi20_5_,
        organisaat0_.tuontipvm as tuontip21_5_,
        organisaat0_.varhaiskasvatuksen_toimipaikka_tiedot_id as varhais31_5_,
        organisaat0_.virastotunnus as virasto22_5_,
        organisaat0_.yhteishaunkoulukoodi as yhteish23_5_,
        organisaat0_.yritysmuoto as yritysm24_5_,
        organisaat0_.ytj_kieli as ytj_kie25_5_,
        organisaat0_.ytjpaivityspvm as ytjpaiv26_5_,
        organisaat0_.ytunnus as ytunnus27_5_ 
    from
        organisaatio organisaat0_ 
    where
        organisaat0_.oid=?
2020-06-10 18:11:38.684 TRACE 55751 --- [    Test worker] o.h.type.descriptor.sql.BasicBinder      : binding parameter [1] as [VARCHAR] - [oppilaitos1]
2020-06-10 18:11:38.685 TRACE 55751 --- [    Test worker] o.h.type.descriptor.sql.BasicExtractor   : extracted value ([id1_5_] : [BIGINT]) - [15]
Hibernate: 
    select
        organisaat0_.id as id1_5_,
        organisaat0_.version as version2_5_,
        organisaat0_.alkupvm as alkupvm3_5_,
        organisaat0_.domainnimi as domainni4_5_,
        organisaat0_.kotipaikka as kotipaik5_5_,
        organisaat0_.kuvaus_mkt as kuvaus_28_5_,
        organisaat0_.lakkautuspvm as lakkautu6_5_,
        organisaat0_.maa as maa7_5_,
        organisaat0_.metadata_id as metadat29_5_,
        organisaat0_.nimi_mkt as nimi_mk30_5_,
        organisaat0_.nimihaku as nimihaku8_5_,
        organisaat0_.oid as oid9_5_,
        organisaat0_.opetuspisteenjarjnro as opetusp10_5_,
        organisaat0_.oppilaitoskoodi as oppilai11_5_,
        organisaat0_.oppilaitos_tyyppi as oppilai12_5_,
        organisaat0_.organisaatio_poistettu as organis13_5_,
        organisaat0_.paivittaja as paivitt14_5_,
        organisaat0_.paivityspvm as paivity15_5_,
        organisaat0_.parentidpath as parenti16_5_,
        organisaat0_.parentoidpath as parento17_5_,
        organisaat0_.piilotettu as piilote18_5_,
        organisaat0_.tarkastus_pvm as tarkast19_5_,
        organisaat0_.toimipistekoodi as toimipi20_5_,
        organisaat0_.tuontipvm as tuontip21_5_,
        organisaat0_.varhaiskasvatuksen_toimipaikka_tiedot_id as varhais31_5_,
        organisaat0_.virastotunnus as virasto22_5_,
        organisaat0_.yhteishaunkoulukoodi as yhteish23_5_,
        organisaat0_.yritysmuoto as yritysm24_5_,
        organisaat0_.ytj_kieli as ytj_kie25_5_,
        organisaat0_.ytjpaivityspvm as ytjpaiv26_5_,
        organisaat0_.ytunnus as ytunnus27_5_ 
    from
        organisaatio organisaat0_ 
    where
        organisaat0_.toimipistekoodi=?
2020-06-10 18:11:38.686 TRACE 55751 --- [    Test worker] o.h.type.descriptor.sql.BasicBinder      : binding parameter [1] as [VARCHAR] - [null01]
Hibernate: 
    insert 
    into
        monikielinen_teksti
        (id, version) 
    values
        (null, ?)
2020-06-10 18:11:38.687 TRACE 55751 --- [    Test worker] o.h.type.descriptor.sql.BasicBinder      : binding parameter [1] as [BIGINT] - [0]
Hibernate: 
    insert 
    into
        monikielinen_teksti
        (id, version) 
    values
        (null, ?)
2020-06-10 18:11:38.688 TRACE 55751 --- [    Test worker] o.h.type.descriptor.sql.BasicBinder      : binding parameter [1] as [BIGINT] - [0]
Hibernate: 
    insert 
    into
        organisaatio
        (id, version, alkupvm, domainnimi, kotipaikka, kuvaus_mkt, lakkautuspvm, maa, metadata_id, nimi_mkt, nimihaku, oid, opetuspisteenjarjnro, oppilaitoskoodi, oppilaitos_tyyppi, organisaatio_poistettu, paivittaja, paivityspvm, parentidpath, parentoidpath, piilotettu, tarkastus_pvm, toimipistekoodi, tuontipvm, varhaiskasvatuksen_toimipaikka_tiedot_id, virastotunnus, yhteishaunkoulukoodi, yritysmuoto, ytj_kieli, ytjpaivityspvm, ytunnus) 
    values
        (null, ?, ?, ?, ?, ?, ?, ?, ?, ?, ?, ?, ?, ?, ?, ?, ?, ?, ?, ?, ?, ?, ?, ?, ?, ?, ?, ?, ?, ?, ?)
2020-06-10 18:11:38.689 TRACE 55751 --- [    Test worker] o.h.type.descriptor.sql.BasicBinder      : binding parameter [1] as [BIGINT] - [0]
2020-06-10 18:11:38.689 TRACE 55751 --- [    Test worker] o.h.type.descriptor.sql.BasicBinder      : binding parameter [2] as [DATE] - [Fri Dec 31 00:00:00 EET 1999]
2020-06-10 18:11:38.689 TRACE 55751 --- [    Test worker] o.h.type.descriptor.sql.BasicBinder      : binding parameter [3] as [VARCHAR] - [null]
2020-06-10 18:11:38.689 TRACE 55751 --- [    Test worker] o.h.type.descriptor.sql.BasicBinder      : binding parameter [4] as [VARCHAR] - [kunta_092]
2020-06-10 18:11:38.689 TRACE 55751 --- [    Test worker] o.h.type.descriptor.sql.BasicBinder      : binding parameter [5] as [BIGINT] - [1012]
2020-06-10 18:11:38.689 TRACE 55751 --- [    Test worker] o.h.type.descriptor.sql.BasicBinder      : binding parameter [6] as [DATE] - [null]
2020-06-10 18:11:38.689 TRACE 55751 --- [    Test worker] o.h.type.descriptor.sql.BasicBinder      : binding parameter [7] as [VARCHAR] - [maatjavaltiot1_fin]
2020-06-10 18:11:38.689 TRACE 55751 --- [    Test worker] o.h.type.descriptor.sql.BasicBinder      : binding parameter [8] as [BIGINT] - [null]
2020-06-10 18:11:38.689 TRACE 55751 --- [    Test worker] o.h.type.descriptor.sql.BasicBinder      : binding parameter [9] as [BIGINT] - [1013]
2020-06-10 18:11:38.689 TRACE 55751 --- [    Test worker] o.h.type.descriptor.sql.BasicBinder      : binding parameter [10] as [VARCHAR] - [,toimipiste1]
2020-06-10 18:11:38.689 TRACE 55751 --- [    Test worker] o.h.type.descriptor.sql.BasicBinder      : binding parameter [11] as [VARCHAR] - [toimipiste1]
2020-06-10 18:11:38.689 TRACE 55751 --- [    Test worker] o.h.type.descriptor.sql.BasicBinder      : binding parameter [12] as [VARCHAR] - [01]
2020-06-10 18:11:38.689 TRACE 55751 --- [    Test worker] o.h.type.descriptor.sql.BasicBinder      : binding parameter [13] as [VARCHAR] - [null]
2020-06-10 18:11:38.689 TRACE 55751 --- [    Test worker] o.h.type.descriptor.sql.BasicBinder      : binding parameter [14] as [VARCHAR] - [null]
2020-06-10 18:11:38.689 TRACE 55751 --- [    Test worker] o.h.type.descriptor.sql.BasicBinder      : binding parameter [15] as [BOOLEAN] - [false]
2020-06-10 18:11:38.689 TRACE 55751 --- [    Test worker] o.h.type.descriptor.sql.BasicBinder      : binding parameter [16] as [VARCHAR] - [ophadmin]
2020-06-10 18:11:38.689 TRACE 55751 --- [    Test worker] o.h.type.descriptor.sql.BasicBinder      : binding parameter [17] as [TIMESTAMP] - [Wed Jun 10 18:11:38 EEST 2020]
2020-06-10 18:11:38.689 TRACE 55751 --- [    Test worker] o.h.type.descriptor.sql.BasicBinder      : binding parameter [18] as [VARCHAR] - [|1|14|15|]
2020-06-10 18:11:38.689 TRACE 55751 --- [    Test worker] o.h.type.descriptor.sql.BasicBinder      : binding parameter [19] as [VARCHAR] - [|1.2.246.562.24.00000000001|koulutustoimija1|oppilaitos1|]
2020-06-10 18:11:38.690 TRACE 55751 --- [    Test worker] o.h.type.descriptor.sql.BasicBinder      : binding parameter [20] as [BOOLEAN] - [false]
2020-06-10 18:11:38.690 TRACE 55751 --- [    Test worker] o.h.type.descriptor.sql.BasicBinder      : binding parameter [21] as [TIMESTAMP] - [null]
2020-06-10 18:11:38.690 TRACE 55751 --- [    Test worker] o.h.type.descriptor.sql.BasicBinder      : binding parameter [22] as [VARCHAR] - [null01]
2020-06-10 18:11:38.690 TRACE 55751 --- [    Test worker] o.h.type.descriptor.sql.BasicBinder      : binding parameter [23] as [TIMESTAMP] - [null]
2020-06-10 18:11:38.690 TRACE 55751 --- [    Test worker] o.h.type.descriptor.sql.BasicBinder      : binding parameter [24] as [BIGINT] - [null]
2020-06-10 18:11:38.690 TRACE 55751 --- [    Test worker] o.h.type.descriptor.sql.BasicBinder      : binding parameter [25] as [VARCHAR] - [null]
2020-06-10 18:11:38.690 TRACE 55751 --- [    Test worker] o.h.type.descriptor.sql.BasicBinder      : binding parameter [26] as [VARCHAR] - [null]
2020-06-10 18:11:38.690 TRACE 55751 --- [    Test worker] o.h.type.descriptor.sql.BasicBinder      : binding parameter [27] as [VARCHAR] - [null]
2020-06-10 18:11:38.690 TRACE 55751 --- [    Test worker] o.h.type.descriptor.sql.BasicBinder      : binding parameter [28] as [VARCHAR] - [null]
2020-06-10 18:11:38.690 TRACE 55751 --- [    Test worker] o.h.type.descriptor.sql.BasicBinder      : binding parameter [29] as [DATE] - [null]
2020-06-10 18:11:38.690 TRACE 55751 --- [    Test worker] o.h.type.descriptor.sql.BasicBinder      : binding parameter [30] as [VARCHAR] - [null]
Hibernate: 
    insert 
    into
        organisaatio_nimi
        (id, version, alkupvm, nimi_mkt, organisaatio_id, paivittaja) 
    values
        (null, ?, ?, ?, ?, ?)
2020-06-10 18:11:38.691 TRACE 55751 --- [    Test worker] o.h.type.descriptor.sql.BasicBinder      : binding parameter [1] as [BIGINT] - [0]
2020-06-10 18:11:38.691 TRACE 55751 --- [    Test worker] o.h.type.descriptor.sql.BasicBinder      : binding parameter [2] as [DATE] - [Wed Jun 10 18:11:38 EEST 2020]
2020-06-10 18:11:38.691 TRACE 55751 --- [    Test worker] o.h.type.descriptor.sql.BasicBinder      : binding parameter [3] as [BIGINT] - [1013]
2020-06-10 18:11:38.691 TRACE 55751 --- [    Test worker] o.h.type.descriptor.sql.BasicBinder      : binding parameter [4] as [BIGINT] - [16]
2020-06-10 18:11:38.691 TRACE 55751 --- [    Test worker] o.h.type.descriptor.sql.BasicBinder      : binding parameter [5] as [VARCHAR] - [null]
Hibernate: 
    insert 
    into
        yhteystieto
        (id, version, kieli, organisaatio_id, yhteystieto_oid, www_osoite, dtype) 
    values
        (null, ?, ?, ?, ?, ?, 'Www')
2020-06-10 18:11:38.692 TRACE 55751 --- [    Test worker] o.h.type.descriptor.sql.BasicBinder      : binding parameter [1] as [BIGINT] - [0]
2020-06-10 18:11:38.692 TRACE 55751 --- [    Test worker] o.h.type.descriptor.sql.BasicBinder      : binding parameter [2] as [VARCHAR] - [kieli_fi#1]
2020-06-10 18:11:38.692 TRACE 55751 --- [    Test worker] o.h.type.descriptor.sql.BasicBinder      : binding parameter [3] as [BIGINT] - [16]
2020-06-10 18:11:38.692 TRACE 55751 --- [    Test worker] o.h.type.descriptor.sql.BasicBinder      : binding parameter [4] as [VARCHAR] - [15918018983120.775914786876371]
2020-06-10 18:11:38.692 TRACE 55751 --- [    Test worker] o.h.type.descriptor.sql.BasicBinder      : binding parameter [5] as [VARCHAR] - [http://test.oph.fi]
Hibernate: 
    insert 
    into
        yhteystieto
        (id, version, kieli, organisaatio_id, yhteystieto_oid, coordinatetype, extrarivi, lat, lng, maa, osavaltio, osoite, osoite_tyyppi, postinumero, postitoimipaikka, ytjpaivityspvm, dtype) 
    values
        (null, ?, ?, ?, ?, ?, ?, ?, ?, ?, ?, ?, ?, ?, ?, ?, 'Osoite')
2020-06-10 18:11:38.693 TRACE 55751 --- [    Test worker] o.h.type.descriptor.sql.BasicBinder      : binding parameter [1] as [BIGINT] - [0]
2020-06-10 18:11:38.693 TRACE 55751 --- [    Test worker] o.h.type.descriptor.sql.BasicBinder      : binding parameter [2] as [VARCHAR] - [kieli_fi#1]
2020-06-10 18:11:38.693 TRACE 55751 --- [    Test worker] o.h.type.descriptor.sql.BasicBinder      : binding parameter [3] as [BIGINT] - [16]
2020-06-10 18:11:38.693 TRACE 55751 --- [    Test worker] o.h.type.descriptor.sql.BasicBinder      : binding parameter [4] as [VARCHAR] - [1.2.246.562.5.52571631460]
2020-06-10 18:11:38.693 TRACE 55751 --- [    Test worker] o.h.type.descriptor.sql.BasicBinder      : binding parameter [5] as [VARCHAR] - [null]
2020-06-10 18:11:38.693 TRACE 55751 --- [    Test worker] o.h.type.descriptor.sql.BasicBinder      : binding parameter [6] as [VARCHAR] - [null]
2020-06-10 18:11:38.693 TRACE 55751 --- [    Test worker] o.h.type.descriptor.sql.BasicBinder      : binding parameter [7] as [DOUBLE] - [null]
2020-06-10 18:11:38.693 TRACE 55751 --- [    Test worker] o.h.type.descriptor.sql.BasicBinder      : binding parameter [8] as [DOUBLE] - [null]
2020-06-10 18:11:38.693 TRACE 55751 --- [    Test worker] o.h.type.descriptor.sql.BasicBinder      : binding parameter [9] as [VARCHAR] - [null]
2020-06-10 18:11:38.693 TRACE 55751 --- [    Test worker] o.h.type.descriptor.sql.BasicBinder      : binding parameter [10] as [VARCHAR] - [null]
2020-06-10 18:11:38.693 TRACE 55751 --- [    Test worker] o.h.type.descriptor.sql.BasicBinder      : binding parameter [11] as [VARCHAR] - [Postiosoite 1A]
2020-06-10 18:11:38.693 TRACE 55751 --- [    Test worker] o.h.type.descriptor.sql.BasicBinder      : binding parameter [12] as [VARCHAR] - [posti]
2020-06-10 18:11:38.693 TRACE 55751 --- [    Test worker] o.h.type.descriptor.sql.BasicBinder      : binding parameter [13] as [VARCHAR] - [00550]
2020-06-10 18:11:38.693 TRACE 55751 --- [    Test worker] o.h.type.descriptor.sql.BasicBinder      : binding parameter [14] as [VARCHAR] - [Helsinki]
2020-06-10 18:11:38.693 TRACE 55751 --- [    Test worker] o.h.type.descriptor.sql.BasicBinder      : binding parameter [15] as [DATE] - [null]
Hibernate: 
    insert 
    into
        yhteystieto
        (id, version, kieli, organisaatio_id, yhteystieto_oid, email, dtype) 
    values
        (null, ?, ?, ?, ?, ?, 'Email')
2020-06-10 18:11:38.694 TRACE 55751 --- [    Test worker] o.h.type.descriptor.sql.BasicBinder      : binding parameter [1] as [BIGINT] - [0]
2020-06-10 18:11:38.694 TRACE 55751 --- [    Test worker] o.h.type.descriptor.sql.BasicBinder      : binding parameter [2] as [VARCHAR] - [kieli_fi#1]
2020-06-10 18:11:38.694 TRACE 55751 --- [    Test worker] o.h.type.descriptor.sql.BasicBinder      : binding parameter [3] as [BIGINT] - [16]
2020-06-10 18:11:38.694 TRACE 55751 --- [    Test worker] o.h.type.descriptor.sql.BasicBinder      : binding parameter [4] as [VARCHAR] - [15918018983120.8196028832102261]
2020-06-10 18:11:38.694 TRACE 55751 --- [    Test worker] o.h.type.descriptor.sql.BasicBinder      : binding parameter [5] as [VARCHAR] - [asd@asd.asd]
Hibernate: 
    insert 
    into
        yhteystieto
        (id, version, kieli, organisaatio_id, yhteystieto_oid, coordinatetype, extrarivi, lat, lng, maa, osavaltio, osoite, osoite_tyyppi, postinumero, postitoimipaikka, ytjpaivityspvm, dtype) 
    values
        (null, ?, ?, ?, ?, ?, ?, ?, ?, ?, ?, ?, ?, ?, ?, ?, 'Osoite')
2020-06-10 18:11:38.695 TRACE 55751 --- [    Test worker] o.h.type.descriptor.sql.BasicBinder      : binding parameter [1] as [BIGINT] - [0]
2020-06-10 18:11:38.695 TRACE 55751 --- [    Test worker] o.h.type.descriptor.sql.BasicBinder      : binding parameter [2] as [VARCHAR] - [kieli_fi#1]
2020-06-10 18:11:38.695 TRACE 55751 --- [    Test worker] o.h.type.descriptor.sql.BasicBinder      : binding parameter [3] as [BIGINT] - [16]
2020-06-10 18:11:38.695 TRACE 55751 --- [    Test worker] o.h.type.descriptor.sql.BasicBinder      : binding parameter [4] as [VARCHAR] - [1.2.246.562.5.20560309365]
2020-06-10 18:11:38.695 TRACE 55751 --- [    Test worker] o.h.type.descriptor.sql.BasicBinder      : binding parameter [5] as [VARCHAR] - [null]
2020-06-10 18:11:38.695 TRACE 55751 --- [    Test worker] o.h.type.descriptor.sql.BasicBinder      : binding parameter [6] as [VARCHAR] - [null]
2020-06-10 18:11:38.695 TRACE 55751 --- [    Test worker] o.h.type.descriptor.sql.BasicBinder      : binding parameter [7] as [DOUBLE] - [null]
2020-06-10 18:11:38.695 TRACE 55751 --- [    Test worker] o.h.type.descriptor.sql.BasicBinder      : binding parameter [8] as [DOUBLE] - [null]
2020-06-10 18:11:38.695 TRACE 55751 --- [    Test worker] o.h.type.descriptor.sql.BasicBinder      : binding parameter [9] as [VARCHAR] - [null]
2020-06-10 18:11:38.695 TRACE 55751 --- [    Test worker] o.h.type.descriptor.sql.BasicBinder      : binding parameter [10] as [VARCHAR] - [null]
2020-06-10 18:11:38.695 TRACE 55751 --- [    Test worker] o.h.type.descriptor.sql.BasicBinder      : binding parameter [11] as [VARCHAR] - [Kayntiosoite 2B]
2020-06-10 18:11:38.695 TRACE 55751 --- [    Test worker] o.h.type.descriptor.sql.BasicBinder      : binding parameter [12] as [VARCHAR] - [kaynti]
2020-06-10 18:11:38.695 TRACE 55751 --- [    Test worker] o.h.type.descriptor.sql.BasicBinder      : binding parameter [13] as [VARCHAR] - [posti_00550]
2020-06-10 18:11:38.695 TRACE 55751 --- [    Test worker] o.h.type.descriptor.sql.BasicBinder      : binding parameter [14] as [VARCHAR] - [Helsinki]
2020-06-10 18:11:38.695 TRACE 55751 --- [    Test worker] o.h.type.descriptor.sql.BasicBinder      : binding parameter [15] as [DATE] - [null]
Hibernate: 
    insert 
    into
        yhteystieto
        (id, version, kieli, organisaatio_id, yhteystieto_oid, puhelinnumero, tyyppi, dtype) 
    values
        (null, ?, ?, ?, ?, ?, ?, 'Puhelinnumero')
2020-06-10 18:11:38.696 TRACE 55751 --- [    Test worker] o.h.type.descriptor.sql.BasicBinder      : binding parameter [1] as [BIGINT] - [0]
2020-06-10 18:11:38.696 TRACE 55751 --- [    Test worker] o.h.type.descriptor.sql.BasicBinder      : binding parameter [2] as [VARCHAR] - [kieli_fi#1]
2020-06-10 18:11:38.696 TRACE 55751 --- [    Test worker] o.h.type.descriptor.sql.BasicBinder      : binding parameter [3] as [BIGINT] - [16]
2020-06-10 18:11:38.696 TRACE 55751 --- [    Test worker] o.h.type.descriptor.sql.BasicBinder      : binding parameter [4] as [VARCHAR] - [1.2.246.562.5.84134453024]
2020-06-10 18:11:38.696 TRACE 55751 --- [    Test worker] o.h.type.descriptor.sql.BasicBinder      : binding parameter [5] as [VARCHAR] - [123]
2020-06-10 18:11:38.696 TRACE 55751 --- [    Test worker] o.h.type.descriptor.sql.BasicBinder      : binding parameter [6] as [VARCHAR] - [puhelin]
2020-06-10 18:11:38.696  INFO 55751 --- [    Test worker] .s.o.r.i.OrganisaatioSuhdeRepositoryImpl : findParentTo(16, Wed Jun 10 18:11:38 EEST 2020)
Hibernate: 
    update
        organisaatio 
    set
        version=?,
        alkupvm=?,
        domainnimi=?,
        kotipaikka=?,
        kuvaus_mkt=?,
        lakkautuspvm=?,
        maa=?,
        metadata_id=?,
        nimi_mkt=?,
        nimihaku=?,
        oid=?,
        opetuspisteenjarjnro=?,
        oppilaitoskoodi=?,
        oppilaitos_tyyppi=?,
        organisaatio_poistettu=?,
        paivittaja=?,
        paivityspvm=?,
        parentidpath=?,
        parentoidpath=?,
        piilotettu=?,
        tarkastus_pvm=?,
        toimipistekoodi=?,
        tuontipvm=?,
        varhaiskasvatuksen_toimipaikka_tiedot_id=?,
        virastotunnus=?,
        yhteishaunkoulukoodi=?,
        yritysmuoto=?,
        ytj_kieli=?,
        ytjpaivityspvm=?,
        ytunnus=? 
    where
        id=? 
        and version=?
2020-06-10 18:11:38.698 TRACE 55751 --- [    Test worker] o.h.type.descriptor.sql.BasicBinder      : binding parameter [1] as [BIGINT] - [1]
2020-06-10 18:11:38.698 TRACE 55751 --- [    Test worker] o.h.type.descriptor.sql.BasicBinder      : binding parameter [2] as [DATE] - [Fri Dec 31 00:00:00 EET 1999]
2020-06-10 18:11:38.698 TRACE 55751 --- [    Test worker] o.h.type.descriptor.sql.BasicBinder      : binding parameter [3] as [VARCHAR] - [null]
2020-06-10 18:11:38.698 TRACE 55751 --- [    Test worker] o.h.type.descriptor.sql.BasicBinder      : binding parameter [4] as [VARCHAR] - [kunta_092]
2020-06-10 18:11:38.698 TRACE 55751 --- [    Test worker] o.h.type.descriptor.sql.BasicBinder      : binding parameter [5] as [BIGINT] - [1012]
2020-06-10 18:11:38.698 TRACE 55751 --- [    Test worker] o.h.type.descriptor.sql.BasicBinder      : binding parameter [6] as [DATE] - [null]
2020-06-10 18:11:38.698 TRACE 55751 --- [    Test worker] o.h.type.descriptor.sql.BasicBinder      : binding parameter [7] as [VARCHAR] - [maatjavaltiot1_fin]
2020-06-10 18:11:38.698 TRACE 55751 --- [    Test worker] o.h.type.descriptor.sql.BasicBinder      : binding parameter [8] as [BIGINT] - [null]
2020-06-10 18:11:38.698 TRACE 55751 --- [    Test worker] o.h.type.descriptor.sql.BasicBinder      : binding parameter [9] as [BIGINT] - [1013]
2020-06-10 18:11:38.698 TRACE 55751 --- [    Test worker] o.h.type.descriptor.sql.BasicBinder      : binding parameter [10] as [VARCHAR] - [,toimipiste1]
2020-06-10 18:11:38.698 TRACE 55751 --- [    Test worker] o.h.type.descriptor.sql.BasicBinder      : binding parameter [11] as [VARCHAR] - [toimipiste1]
2020-06-10 18:11:38.698 TRACE 55751 --- [    Test worker] o.h.type.descriptor.sql.BasicBinder      : binding parameter [12] as [VARCHAR] - [01]
2020-06-10 18:11:38.699 TRACE 55751 --- [    Test worker] o.h.type.descriptor.sql.BasicBinder      : binding parameter [13] as [VARCHAR] - [null]
2020-06-10 18:11:38.699 TRACE 55751 --- [    Test worker] o.h.type.descriptor.sql.BasicBinder      : binding parameter [14] as [VARCHAR] - [null]
2020-06-10 18:11:38.699 TRACE 55751 --- [    Test worker] o.h.type.descriptor.sql.BasicBinder      : binding parameter [15] as [BOOLEAN] - [false]
2020-06-10 18:11:38.699 TRACE 55751 --- [    Test worker] o.h.type.descriptor.sql.BasicBinder      : binding parameter [16] as [VARCHAR] - [ophadmin]
2020-06-10 18:11:38.699 TRACE 55751 --- [    Test worker] o.h.type.descriptor.sql.BasicBinder      : binding parameter [17] as [TIMESTAMP] - [Wed Jun 10 18:11:38 EEST 2020]
2020-06-10 18:11:38.699 TRACE 55751 --- [    Test worker] o.h.type.descriptor.sql.BasicBinder      : binding parameter [18] as [VARCHAR] - [|1|14|15|]
2020-06-10 18:11:38.699 TRACE 55751 --- [    Test worker] o.h.type.descriptor.sql.BasicBinder      : binding parameter [19] as [VARCHAR] - [|1.2.246.562.24.00000000001|koulutustoimija1|oppilaitos1|]
2020-06-10 18:11:38.699 TRACE 55751 --- [    Test worker] o.h.type.descriptor.sql.BasicBinder      : binding parameter [20] as [BOOLEAN] - [false]
2020-06-10 18:11:38.699 TRACE 55751 --- [    Test worker] o.h.type.descriptor.sql.BasicBinder      : binding parameter [21] as [TIMESTAMP] - [null]
2020-06-10 18:11:38.699 TRACE 55751 --- [    Test worker] o.h.type.descriptor.sql.BasicBinder      : binding parameter [22] as [VARCHAR] - [null01]
2020-06-10 18:11:38.699 TRACE 55751 --- [    Test worker] o.h.type.descriptor.sql.BasicBinder      : binding parameter [23] as [TIMESTAMP] - [null]
2020-06-10 18:11:38.699 TRACE 55751 --- [    Test worker] o.h.type.descriptor.sql.BasicBinder      : binding parameter [24] as [BIGINT] - [null]
2020-06-10 18:11:38.699 TRACE 55751 --- [    Test worker] o.h.type.descriptor.sql.BasicBinder      : binding parameter [25] as [VARCHAR] - [null]
2020-06-10 18:11:38.699 TRACE 55751 --- [    Test worker] o.h.type.descriptor.sql.BasicBinder      : binding parameter [26] as [VARCHAR] - [null]
2020-06-10 18:11:38.699 TRACE 55751 --- [    Test worker] o.h.type.descriptor.sql.BasicBinder      : binding parameter [27] as [VARCHAR] - [null]
2020-06-10 18:11:38.699 TRACE 55751 --- [    Test worker] o.h.type.descriptor.sql.BasicBinder      : binding parameter [28] as [VARCHAR] - [null]
2020-06-10 18:11:38.699 TRACE 55751 --- [    Test worker] o.h.type.descriptor.sql.BasicBinder      : binding parameter [29] as [DATE] - [null]
2020-06-10 18:11:38.699 TRACE 55751 --- [    Test worker] o.h.type.descriptor.sql.BasicBinder      : binding parameter [30] as [VARCHAR] - [null]
2020-06-10 18:11:38.699 TRACE 55751 --- [    Test worker] o.h.type.descriptor.sql.BasicBinder      : binding parameter [31] as [BIGINT] - [16]
2020-06-10 18:11:38.699 TRACE 55751 --- [    Test worker] o.h.type.descriptor.sql.BasicBinder      : binding parameter [32] as [BIGINT] - [0]
Hibernate: 
    insert 
    into
        organisaatio_kielet
        (organisaatio_id, kielet) 
    values
        (?, ?)
2020-06-10 18:11:38.699 TRACE 55751 --- [    Test worker] o.h.type.descriptor.sql.BasicBinder      : binding parameter [1] as [BIGINT] - [16]
2020-06-10 18:11:38.699 TRACE 55751 --- [    Test worker] o.h.type.descriptor.sql.BasicBinder      : binding parameter [2] as [VARCHAR] - [oppilaitoksenopetuskieli_1#1]
Hibernate: 
    insert 
    into
        organisaatio_tyypit
        (organisaatio_id, tyypit) 
    values
        (?, ?)
2020-06-10 18:11:38.700 TRACE 55751 --- [    Test worker] o.h.type.descriptor.sql.BasicBinder      : binding parameter [1] as [BIGINT] - [16]
2020-06-10 18:11:38.700 TRACE 55751 --- [    Test worker] o.h.type.descriptor.sql.BasicBinder      : binding parameter [2] as [VARCHAR] - [organisaatiotyyppi_03]
Hibernate: 
    insert 
    into
        monikielinen_teksti_values
        (id, key, value) 
    values
        (?, ?, ?)
2020-06-10 18:11:38.700 TRACE 55751 --- [    Test worker] o.h.type.descriptor.sql.BasicBinder      : binding parameter [1] as [BIGINT] - [1013]
2020-06-10 18:11:38.700 TRACE 55751 --- [    Test worker] o.h.type.descriptor.sql.BasicBinder      : binding parameter [2] as [VARCHAR] - [fi]
2020-06-10 18:11:38.700 TRACE 55751 --- [    Test worker] o.h.type.descriptor.sql.BasicBinder      : binding parameter [3] as [VARCHAR] - [toimipiste1]
Hibernate: 
    select
        organisaat0_.id as id1_19_0_,
        organisaat1_.id as id1_5_1_,
        organisaat0_.version as version2_19_0_,
        organisaat0_.alkupvm as alkupvm3_19_0_,
        organisaat0_.child_id as child_id7_19_0_,
        organisaat0_.loppupvm as loppupvm4_19_0_,
        organisaat0_.opetuspisteenjarjnro as opetuspi5_19_0_,
        organisaat0_.parent_id as parent_i8_19_0_,
        organisaat0_.suhdetyyppi as suhdetyy6_19_0_,
        organisaat1_.version as version2_5_1_,
        organisaat1_.alkupvm as alkupvm3_5_1_,
        organisaat1_.domainnimi as domainni4_5_1_,
        organisaat1_.kotipaikka as kotipaik5_5_1_,
        organisaat1_.kuvaus_mkt as kuvaus_28_5_1_,
        organisaat1_.lakkautuspvm as lakkautu6_5_1_,
        organisaat1_.maa as maa7_5_1_,
        organisaat1_.metadata_id as metadat29_5_1_,
        organisaat1_.nimi_mkt as nimi_mk30_5_1_,
        organisaat1_.nimihaku as nimihaku8_5_1_,
        organisaat1_.oid as oid9_5_1_,
        organisaat1_.opetuspisteenjarjnro as opetusp10_5_1_,
        organisaat1_.oppilaitoskoodi as oppilai11_5_1_,
        organisaat1_.oppilaitos_tyyppi as oppilai12_5_1_,
        organisaat1_.organisaatio_poistettu as organis13_5_1_,
        organisaat1_.paivittaja as paivitt14_5_1_,
        organisaat1_.paivityspvm as paivity15_5_1_,
        organisaat1_.parentidpath as parenti16_5_1_,
        organisaat1_.parentoidpath as parento17_5_1_,
        organisaat1_.piilotettu as piilote18_5_1_,
        organisaat1_.tarkastus_pvm as tarkast19_5_1_,
        organisaat1_.toimipistekoodi as toimipi20_5_1_,
        organisaat1_.tuontipvm as tuontip21_5_1_,
        organisaat1_.varhaiskasvatuksen_toimipaikka_tiedot_id as varhais31_5_1_,
        organisaat1_.virastotunnus as virasto22_5_1_,
        organisaat1_.yhteishaunkoulukoodi as yhteish23_5_1_,
        organisaat1_.yritysmuoto as yritysm24_5_1_,
        organisaat1_.ytj_kieli as ytj_kie25_5_1_,
        organisaat1_.ytjpaivityspvm as ytjpaiv26_5_1_,
        organisaat1_.ytunnus as ytunnus27_5_1_ 
    from
        organisaatiosuhde organisaat0_ 
    inner join
        organisaatio organisaat1_ 
            on organisaat0_.parent_id=organisaat1_.id 
    where
        organisaat0_.child_id=? 
        and organisaat0_.suhdetyyppi=? 
        and (
            organisaat0_.alkupvm=? 
            or organisaat0_.alkupvm<?
        ) 
        and (
            organisaat0_.loppupvm is null 
            or organisaat0_.loppupvm>?
        ) 
        and organisaat1_.organisaatio_poistettu=? 
    order by
        organisaat0_.alkupvm desc
2020-06-10 18:11:38.700 TRACE 55751 --- [    Test worker] o.h.type.descriptor.sql.BasicBinder      : binding parameter [1] as [BIGINT] - [16]
2020-06-10 18:11:38.700 TRACE 55751 --- [    Test worker] o.h.type.descriptor.sql.BasicBinder      : binding parameter [2] as [VARCHAR] - [HISTORIA]
2020-06-10 18:11:38.700 TRACE 55751 --- [    Test worker] o.h.type.descriptor.sql.BasicBinder      : binding parameter [3] as [DATE] - [Wed Jun 10 18:11:38 EEST 2020]
2020-06-10 18:11:38.700 TRACE 55751 --- [    Test worker] o.h.type.descriptor.sql.BasicBinder      : binding parameter [4] as [DATE] - [Wed Jun 10 18:11:38 EEST 2020]
2020-06-10 18:11:38.700 TRACE 55751 --- [    Test worker] o.h.type.descriptor.sql.BasicBinder      : binding parameter [5] as [DATE] - [Wed Jun 10 18:11:38 EEST 2020]
2020-06-10 18:11:38.701 TRACE 55751 --- [    Test worker] o.h.type.descriptor.sql.BasicBinder      : binding parameter [6] as [BOOLEAN] - [false]
2020-06-10 18:11:38.701  INFO 55751 --- [    Test worker] .s.o.r.i.OrganisaatioSuhdeRepositoryImpl : addChild(15, 16, Wed Jun 10 18:11:38 EEST 2020)
Hibernate: 
    insert 
    into
        organisaatiosuhde
        (id, version, alkupvm, child_id, loppupvm, opetuspisteenjarjnro, parent_id, suhdetyyppi) 
    values
        (null, ?, ?, ?, ?, ?, ?, ?)
2020-06-10 18:11:38.701 TRACE 55751 --- [    Test worker] o.h.type.descriptor.sql.BasicBinder      : binding parameter [1] as [BIGINT] - [0]
2020-06-10 18:11:38.702 TRACE 55751 --- [    Test worker] o.h.type.descriptor.sql.BasicBinder      : binding parameter [2] as [DATE] - [Wed Jun 10 18:11:38 EEST 2020]
2020-06-10 18:11:38.702 TRACE 55751 --- [    Test worker] o.h.type.descriptor.sql.BasicBinder      : binding parameter [3] as [BIGINT] - [16]
2020-06-10 18:11:38.702 TRACE 55751 --- [    Test worker] o.h.type.descriptor.sql.BasicBinder      : binding parameter [4] as [DATE] - [null]
2020-06-10 18:11:38.702 TRACE 55751 --- [    Test worker] o.h.type.descriptor.sql.BasicBinder      : binding parameter [5] as [VARCHAR] - [01]
2020-06-10 18:11:38.702 TRACE 55751 --- [    Test worker] o.h.type.descriptor.sql.BasicBinder      : binding parameter [6] as [BIGINT] - [15]
2020-06-10 18:11:38.702 TRACE 55751 --- [    Test worker] o.h.type.descriptor.sql.BasicBinder      : binding parameter [7] as [VARCHAR] - [HISTORIA]
2020-06-10 18:11:38.702  INFO 55751 --- [    Test worker] .s.o.r.i.OrganisaatioSuhdeRepositoryImpl :     Created new child relation:  --> pId=15, cId=16, aPvm=Wed Jun 10 18:11:38 EEST 2020, lPvm=null
Hibernate: 
    select
        organisaat0_.id as id1_19_,
        organisaat0_.version as version2_19_,
        organisaat0_.alkupvm as alkupvm3_19_,
        organisaat0_.child_id as child_id7_19_,
        organisaat0_.loppupvm as loppupvm4_19_,
        organisaat0_.opetuspisteenjarjnro as opetuspi5_19_,
        organisaat0_.parent_id as parent_i8_19_,
        organisaat0_.suhdetyyppi as suhdetyy6_19_ 
    from
        organisaatiosuhde organisaat0_ 
    where
        organisaat0_.child_id=?
2020-06-10 18:11:38.703 TRACE 55751 --- [    Test worker] o.h.type.descriptor.sql.BasicBinder      : binding parameter [1] as [BIGINT] - [16]
2020-06-10 18:11:38.704 TRACE 55751 --- [    Test worker] o.h.type.descriptor.sql.BasicExtractor   : extracted value ([id1_19_] : [BIGINT]) - [15]
Hibernate: 
    select
        organisaat0_.id as id1_5_,
        organisaat0_.version as version2_5_,
        organisaat0_.alkupvm as alkupvm3_5_,
        organisaat0_.domainnimi as domainni4_5_,
        organisaat0_.kotipaikka as kotipaik5_5_,
        organisaat0_.kuvaus_mkt as kuvaus_28_5_,
        organisaat0_.lakkautuspvm as lakkautu6_5_,
        organisaat0_.maa as maa7_5_,
        organisaat0_.metadata_id as metadat29_5_,
        organisaat0_.nimi_mkt as nimi_mk30_5_,
        organisaat0_.nimihaku as nimihaku8_5_,
        organisaat0_.oid as oid9_5_,
        organisaat0_.opetuspisteenjarjnro as opetusp10_5_,
        organisaat0_.oppilaitoskoodi as oppilai11_5_,
        organisaat0_.oppilaitos_tyyppi as oppilai12_5_,
        organisaat0_.organisaatio_poistettu as organis13_5_,
        organisaat0_.paivittaja as paivitt14_5_,
        organisaat0_.paivityspvm as paivity15_5_,
        organisaat0_.parentidpath as parenti16_5_,
        organisaat0_.parentoidpath as parento17_5_,
        organisaat0_.piilotettu as piilote18_5_,
        organisaat0_.tarkastus_pvm as tarkast19_5_,
        organisaat0_.toimipistekoodi as toimipi20_5_,
        organisaat0_.tuontipvm as tuontip21_5_,
        organisaat0_.varhaiskasvatuksen_toimipaikka_tiedot_id as varhais31_5_,
        organisaat0_.virastotunnus as virasto22_5_,
        organisaat0_.yhteishaunkoulukoodi as yhteish23_5_,
        organisaat0_.yritysmuoto as yritysm24_5_,
        organisaat0_.ytj_kieli as ytj_kie25_5_,
        organisaat0_.ytjpaivityspvm as ytjpaiv26_5_,
        organisaat0_.ytunnus as ytunnus27_5_ 
    from
        organisaatio organisaat0_ 
    where
        organisaat0_.oid=?
2020-06-10 18:11:38.705 TRACE 55751 --- [    Test worker] o.h.type.descriptor.sql.BasicBinder      : binding parameter [1] as [VARCHAR] - [toimipiste1]
2020-06-10 18:11:38.706 TRACE 55751 --- [    Test worker] o.h.type.descriptor.sql.BasicExtractor   : extracted value ([id1_5_] : [BIGINT]) - [16]
Hibernate: 
    select
        organisaat0_.id as id1_5_,
        organisaat0_.version as version2_5_,
        organisaat0_.alkupvm as alkupvm3_5_,
        organisaat0_.domainnimi as domainni4_5_,
        organisaat0_.kotipaikka as kotipaik5_5_,
        organisaat0_.kuvaus_mkt as kuvaus_28_5_,
        organisaat0_.lakkautuspvm as lakkautu6_5_,
        organisaat0_.maa as maa7_5_,
        organisaat0_.metadata_id as metadat29_5_,
        organisaat0_.nimi_mkt as nimi_mk30_5_,
        organisaat0_.nimihaku as nimihaku8_5_,
        organisaat0_.oid as oid9_5_,
        organisaat0_.opetuspisteenjarjnro as opetusp10_5_,
        organisaat0_.oppilaitoskoodi as oppilai11_5_,
        organisaat0_.oppilaitos_tyyppi as oppilai12_5_,
        organisaat0_.organisaatio_poistettu as organis13_5_,
        organisaat0_.paivittaja as paivitt14_5_,
        organisaat0_.paivityspvm as paivity15_5_,
        organisaat0_.parentidpath as parenti16_5_,
        organisaat0_.parentoidpath as parento17_5_,
        organisaat0_.piilotettu as piilote18_5_,
        organisaat0_.tarkastus_pvm as tarkast19_5_,
        organisaat0_.toimipistekoodi as toimipi20_5_,
        organisaat0_.tuontipvm as tuontip21_5_,
        organisaat0_.varhaiskasvatuksen_toimipaikka_tiedot_id as varhais31_5_,
        organisaat0_.virastotunnus as virasto22_5_,
        organisaat0_.yhteishaunkoulukoodi as yhteish23_5_,
        organisaat0_.yritysmuoto as yritysm24_5_,
        organisaat0_.ytj_kieli as ytj_kie25_5_,
        organisaat0_.ytjpaivityspvm as ytjpaiv26_5_,
        organisaat0_.ytunnus as ytunnus27_5_ 
    from
        organisaatio organisaat0_ 
    where
        organisaat0_.oid=?
2020-06-10 18:11:38.710 TRACE 55751 --- [    Test worker] o.h.type.descriptor.sql.BasicBinder      : binding parameter [1] as [VARCHAR] - [koulutustoimija2]
2020-06-10 18:11:38.956  WARN 55751 --- [    Test worker] fi.vm.sade.javautils.http.OphHttpClient  : Failed to CAS authenticate. Renewing proxy ticket.
Hibernate: 
    select
        organisaat0_.id as id1_5_,
        organisaat0_.version as version2_5_,
        organisaat0_.alkupvm as alkupvm3_5_,
        organisaat0_.domainnimi as domainni4_5_,
        organisaat0_.kotipaikka as kotipaik5_5_,
        organisaat0_.kuvaus_mkt as kuvaus_28_5_,
        organisaat0_.lakkautuspvm as lakkautu6_5_,
        organisaat0_.maa as maa7_5_,
        organisaat0_.metadata_id as metadat29_5_,
        organisaat0_.nimi_mkt as nimi_mk30_5_,
        organisaat0_.nimihaku as nimihaku8_5_,
        organisaat0_.oid as oid9_5_,
        organisaat0_.opetuspisteenjarjnro as opetusp10_5_,
        organisaat0_.oppilaitoskoodi as oppilai11_5_,
        organisaat0_.oppilaitos_tyyppi as oppilai12_5_,
        organisaat0_.organisaatio_poistettu as organis13_5_,
        organisaat0_.paivittaja as paivitt14_5_,
        organisaat0_.paivityspvm as paivity15_5_,
        organisaat0_.parentidpath as parenti16_5_,
        organisaat0_.parentoidpath as parento17_5_,
        organisaat0_.piilotettu as piilote18_5_,
        organisaat0_.tarkastus_pvm as tarkast19_5_,
        organisaat0_.toimipistekoodi as toimipi20_5_,
        organisaat0_.tuontipvm as tuontip21_5_,
        organisaat0_.varhaiskasvatuksen_toimipaikka_tiedot_id as varhais31_5_,
        organisaat0_.virastotunnus as virasto22_5_,
        organisaat0_.yhteishaunkoulukoodi as yhteish23_5_,
        organisaat0_.yritysmuoto as yritysm24_5_,
        organisaat0_.ytj_kieli as ytj_kie25_5_,
        organisaat0_.ytjpaivityspvm as ytjpaiv26_5_,
        organisaat0_.ytunnus as ytunnus27_5_ 
    from
        organisaatio organisaat0_ 
    where
        organisaat0_.oid=?
2020-06-10 18:11:39.077 TRACE 55751 --- [    Test worker] o.h.type.descriptor.sql.BasicBinder      : binding parameter [1] as [VARCHAR] - [1.2.246.562.24.00000000001]
2020-06-10 18:11:39.078 TRACE 55751 --- [    Test worker] o.h.type.descriptor.sql.BasicExtractor   : extracted value ([id1_5_] : [BIGINT]) - [1]
Hibernate: 
    select
        organisaat0_.id as id1_5_,
        organisaat0_.version as version2_5_,
        organisaat0_.alkupvm as alkupvm3_5_,
        organisaat0_.domainnimi as domainni4_5_,
        organisaat0_.kotipaikka as kotipaik5_5_,
        organisaat0_.kuvaus_mkt as kuvaus_28_5_,
        organisaat0_.lakkautuspvm as lakkautu6_5_,
        organisaat0_.maa as maa7_5_,
        organisaat0_.metadata_id as metadat29_5_,
        organisaat0_.nimi_mkt as nimi_mk30_5_,
        organisaat0_.nimihaku as nimihaku8_5_,
        organisaat0_.oid as oid9_5_,
        organisaat0_.opetuspisteenjarjnro as opetusp10_5_,
        organisaat0_.oppilaitoskoodi as oppilai11_5_,
        organisaat0_.oppilaitos_tyyppi as oppilai12_5_,
        organisaat0_.organisaatio_poistettu as organis13_5_,
        organisaat0_.paivittaja as paivitt14_5_,
        organisaat0_.paivityspvm as paivity15_5_,
        organisaat0_.parentidpath as parenti16_5_,
        organisaat0_.parentoidpath as parento17_5_,
        organisaat0_.piilotettu as piilote18_5_,
        organisaat0_.tarkastus_pvm as tarkast19_5_,
        organisaat0_.toimipistekoodi as toimipi20_5_,
        organisaat0_.tuontipvm as tuontip21_5_,
        organisaat0_.varhaiskasvatuksen_toimipaikka_tiedot_id as varhais31_5_,
        organisaat0_.virastotunnus as virasto22_5_,
        organisaat0_.yhteishaunkoulukoodi as yhteish23_5_,
        organisaat0_.yritysmuoto as yritysm24_5_,
        organisaat0_.ytj_kieli as ytj_kie25_5_,
        organisaat0_.ytjpaivityspvm as ytjpaiv26_5_,
        organisaat0_.ytunnus as ytunnus27_5_ 
    from
        organisaatio organisaat0_ 
    where
        organisaat0_.oid=?
2020-06-10 18:11:39.079 TRACE 55751 --- [    Test worker] o.h.type.descriptor.sql.BasicBinder      : binding parameter [1] as [VARCHAR] - [1.2.246.562.24.00000000001]
2020-06-10 18:11:39.079 TRACE 55751 --- [    Test worker] o.h.type.descriptor.sql.BasicExtractor   : extracted value ([id1_5_] : [BIGINT]) - [1]
2020-06-10 18:11:39.079  WARN 55751 --- [    Test worker] .s.o.b.i.OrganisaatioBusinessServiceImpl : Oppilaitos not found in parents
Hibernate: 
    insert 
    into
        monikielinen_teksti
        (id, version) 
    values
        (null, ?)
2020-06-10 18:11:39.080 TRACE 55751 --- [    Test worker] o.h.type.descriptor.sql.BasicBinder      : binding parameter [1] as [BIGINT] - [0]
Hibernate: 
    insert 
    into
        monikielinen_teksti
        (id, version) 
    values
        (null, ?)
2020-06-10 18:11:39.081 TRACE 55751 --- [    Test worker] o.h.type.descriptor.sql.BasicBinder      : binding parameter [1] as [BIGINT] - [0]
Hibernate: 
    insert 
    into
        organisaatio
        (id, version, alkupvm, domainnimi, kotipaikka, kuvaus_mkt, lakkautuspvm, maa, metadata_id, nimi_mkt, nimihaku, oid, opetuspisteenjarjnro, oppilaitoskoodi, oppilaitos_tyyppi, organisaatio_poistettu, paivittaja, paivityspvm, parentidpath, parentoidpath, piilotettu, tarkastus_pvm, toimipistekoodi, tuontipvm, varhaiskasvatuksen_toimipaikka_tiedot_id, virastotunnus, yhteishaunkoulukoodi, yritysmuoto, ytj_kieli, ytjpaivityspvm, ytunnus) 
    values
        (null, ?, ?, ?, ?, ?, ?, ?, ?, ?, ?, ?, ?, ?, ?, ?, ?, ?, ?, ?, ?, ?, ?, ?, ?, ?, ?, ?, ?, ?, ?)
2020-06-10 18:11:39.081 TRACE 55751 --- [    Test worker] o.h.type.descriptor.sql.BasicBinder      : binding parameter [1] as [BIGINT] - [0]
2020-06-10 18:11:39.081 TRACE 55751 --- [    Test worker] o.h.type.descriptor.sql.BasicBinder      : binding parameter [2] as [DATE] - [Fri Dec 31 00:00:00 EET 1999]
2020-06-10 18:11:39.081 TRACE 55751 --- [    Test worker] o.h.type.descriptor.sql.BasicBinder      : binding parameter [3] as [VARCHAR] - [null]
2020-06-10 18:11:39.081 TRACE 55751 --- [    Test worker] o.h.type.descriptor.sql.BasicBinder      : binding parameter [4] as [VARCHAR] - [kunta_092]
2020-06-10 18:11:39.081 TRACE 55751 --- [    Test worker] o.h.type.descriptor.sql.BasicBinder      : binding parameter [5] as [BIGINT] - [1014]
2020-06-10 18:11:39.081 TRACE 55751 --- [    Test worker] o.h.type.descriptor.sql.BasicBinder      : binding parameter [6] as [DATE] - [null]
2020-06-10 18:11:39.082 TRACE 55751 --- [    Test worker] o.h.type.descriptor.sql.BasicBinder      : binding parameter [7] as [VARCHAR] - [maatjavaltiot1_fin]
2020-06-10 18:11:39.082 TRACE 55751 --- [    Test worker] o.h.type.descriptor.sql.BasicBinder      : binding parameter [8] as [BIGINT] - [null]
2020-06-10 18:11:39.082 TRACE 55751 --- [    Test worker] o.h.type.descriptor.sql.BasicBinder      : binding parameter [9] as [BIGINT] - [1015]
2020-06-10 18:11:39.082 TRACE 55751 --- [    Test worker] o.h.type.descriptor.sql.BasicBinder      : binding parameter [10] as [VARCHAR] - [,koulutustoimija2]
2020-06-10 18:11:39.082 TRACE 55751 --- [    Test worker] o.h.type.descriptor.sql.BasicBinder      : binding parameter [11] as [VARCHAR] - [koulutustoimija2]
2020-06-10 18:11:39.082 TRACE 55751 --- [    Test worker] o.h.type.descriptor.sql.BasicBinder      : binding parameter [12] as [VARCHAR] - [null]
2020-06-10 18:11:39.082 TRACE 55751 --- [    Test worker] o.h.type.descriptor.sql.BasicBinder      : binding parameter [13] as [VARCHAR] - [null]
2020-06-10 18:11:39.082 TRACE 55751 --- [    Test worker] o.h.type.descriptor.sql.BasicBinder      : binding parameter [14] as [VARCHAR] - [null]
2020-06-10 18:11:39.082 TRACE 55751 --- [    Test worker] o.h.type.descriptor.sql.BasicBinder      : binding parameter [15] as [BOOLEAN] - [false]
2020-06-10 18:11:39.082 TRACE 55751 --- [    Test worker] o.h.type.descriptor.sql.BasicBinder      : binding parameter [16] as [VARCHAR] - [ophadmin]
2020-06-10 18:11:39.082 TRACE 55751 --- [    Test worker] o.h.type.descriptor.sql.BasicBinder      : binding parameter [17] as [TIMESTAMP] - [Wed Jun 10 18:11:39 EEST 2020]
2020-06-10 18:11:39.082 TRACE 55751 --- [    Test worker] o.h.type.descriptor.sql.BasicBinder      : binding parameter [18] as [VARCHAR] - [|1|]
2020-06-10 18:11:39.082 TRACE 55751 --- [    Test worker] o.h.type.descriptor.sql.BasicBinder      : binding parameter [19] as [VARCHAR] - [|1.2.246.562.24.00000000001|]
2020-06-10 18:11:39.082 TRACE 55751 --- [    Test worker] o.h.type.descriptor.sql.BasicBinder      : binding parameter [20] as [BOOLEAN] - [false]
2020-06-10 18:11:39.082 TRACE 55751 --- [    Test worker] o.h.type.descriptor.sql.BasicBinder      : binding parameter [21] as [TIMESTAMP] - [null]
2020-06-10 18:11:39.082 TRACE 55751 --- [    Test worker] o.h.type.descriptor.sql.BasicBinder      : binding parameter [22] as [VARCHAR] - []
2020-06-10 18:11:39.082 TRACE 55751 --- [    Test worker] o.h.type.descriptor.sql.BasicBinder      : binding parameter [23] as [TIMESTAMP] - [null]
2020-06-10 18:11:39.082 TRACE 55751 --- [    Test worker] o.h.type.descriptor.sql.BasicBinder      : binding parameter [24] as [BIGINT] - [null]
2020-06-10 18:11:39.082 TRACE 55751 --- [    Test worker] o.h.type.descriptor.sql.BasicBinder      : binding parameter [25] as [VARCHAR] - [null]
2020-06-10 18:11:39.082 TRACE 55751 --- [    Test worker] o.h.type.descriptor.sql.BasicBinder      : binding parameter [26] as [VARCHAR] - [null]
2020-06-10 18:11:39.082 TRACE 55751 --- [    Test worker] o.h.type.descriptor.sql.BasicBinder      : binding parameter [27] as [VARCHAR] - [null]
2020-06-10 18:11:39.082 TRACE 55751 --- [    Test worker] o.h.type.descriptor.sql.BasicBinder      : binding parameter [28] as [VARCHAR] - [null]
2020-06-10 18:11:39.082 TRACE 55751 --- [    Test worker] o.h.type.descriptor.sql.BasicBinder      : binding parameter [29] as [DATE] - [null]
2020-06-10 18:11:39.082 TRACE 55751 --- [    Test worker] o.h.type.descriptor.sql.BasicBinder      : binding parameter [30] as [VARCHAR] - [null]
Hibernate: 
    insert 
    into
        organisaatio_nimi
        (id, version, alkupvm, nimi_mkt, organisaatio_id, paivittaja) 
    values
        (null, ?, ?, ?, ?, ?)
2020-06-10 18:11:39.083 TRACE 55751 --- [    Test worker] o.h.type.descriptor.sql.BasicBinder      : binding parameter [1] as [BIGINT] - [0]
2020-06-10 18:11:39.083 TRACE 55751 --- [    Test worker] o.h.type.descriptor.sql.BasicBinder      : binding parameter [2] as [DATE] - [Wed Jun 10 18:11:38 EEST 2020]
2020-06-10 18:11:39.083 TRACE 55751 --- [    Test worker] o.h.type.descriptor.sql.BasicBinder      : binding parameter [3] as [BIGINT] - [1015]
2020-06-10 18:11:39.083 TRACE 55751 --- [    Test worker] o.h.type.descriptor.sql.BasicBinder      : binding parameter [4] as [BIGINT] - [17]
2020-06-10 18:11:39.083 TRACE 55751 --- [    Test worker] o.h.type.descriptor.sql.BasicBinder      : binding parameter [5] as [VARCHAR] - [null]
Hibernate: 
    insert 
    into
        yhteystieto
        (id, version, kieli, organisaatio_id, yhteystieto_oid, www_osoite, dtype) 
    values
        (null, ?, ?, ?, ?, ?, 'Www')
2020-06-10 18:11:39.084 TRACE 55751 --- [    Test worker] o.h.type.descriptor.sql.BasicBinder      : binding parameter [1] as [BIGINT] - [0]
2020-06-10 18:11:39.084 TRACE 55751 --- [    Test worker] o.h.type.descriptor.sql.BasicBinder      : binding parameter [2] as [VARCHAR] - [kieli_fi#1]
2020-06-10 18:11:39.084 TRACE 55751 --- [    Test worker] o.h.type.descriptor.sql.BasicBinder      : binding parameter [3] as [BIGINT] - [17]
2020-06-10 18:11:39.084 TRACE 55751 --- [    Test worker] o.h.type.descriptor.sql.BasicBinder      : binding parameter [4] as [VARCHAR] - [15918018987080.8759832387149719]
2020-06-10 18:11:39.084 TRACE 55751 --- [    Test worker] o.h.type.descriptor.sql.BasicBinder      : binding parameter [5] as [VARCHAR] - [http://test.oph.fi]
Hibernate: 
    insert 
    into
        yhteystieto
        (id, version, kieli, organisaatio_id, yhteystieto_oid, coordinatetype, extrarivi, lat, lng, maa, osavaltio, osoite, osoite_tyyppi, postinumero, postitoimipaikka, ytjpaivityspvm, dtype) 
    values
        (null, ?, ?, ?, ?, ?, ?, ?, ?, ?, ?, ?, ?, ?, ?, ?, 'Osoite')
2020-06-10 18:11:39.085 TRACE 55751 --- [    Test worker] o.h.type.descriptor.sql.BasicBinder      : binding parameter [1] as [BIGINT] - [0]
2020-06-10 18:11:39.085 TRACE 55751 --- [    Test worker] o.h.type.descriptor.sql.BasicBinder      : binding parameter [2] as [VARCHAR] - [kieli_fi#1]
2020-06-10 18:11:39.085 TRACE 55751 --- [    Test worker] o.h.type.descriptor.sql.BasicBinder      : binding parameter [3] as [BIGINT] - [17]
2020-06-10 18:11:39.085 TRACE 55751 --- [    Test worker] o.h.type.descriptor.sql.BasicBinder      : binding parameter [4] as [VARCHAR] - [1.2.246.562.5.89288087715]
2020-06-10 18:11:39.085 TRACE 55751 --- [    Test worker] o.h.type.descriptor.sql.BasicBinder      : binding parameter [5] as [VARCHAR] - [null]
2020-06-10 18:11:39.085 TRACE 55751 --- [    Test worker] o.h.type.descriptor.sql.BasicBinder      : binding parameter [6] as [VARCHAR] - [null]
2020-06-10 18:11:39.085 TRACE 55751 --- [    Test worker] o.h.type.descriptor.sql.BasicBinder      : binding parameter [7] as [DOUBLE] - [null]
2020-06-10 18:11:39.085 TRACE 55751 --- [    Test worker] o.h.type.descriptor.sql.BasicBinder      : binding parameter [8] as [DOUBLE] - [null]
2020-06-10 18:11:39.085 TRACE 55751 --- [    Test worker] o.h.type.descriptor.sql.BasicBinder      : binding parameter [9] as [VARCHAR] - [null]
2020-06-10 18:11:39.085 TRACE 55751 --- [    Test worker] o.h.type.descriptor.sql.BasicBinder      : binding parameter [10] as [VARCHAR] - [null]
2020-06-10 18:11:39.085 TRACE 55751 --- [    Test worker] o.h.type.descriptor.sql.BasicBinder      : binding parameter [11] as [VARCHAR] - [Postiosoite 1A]
2020-06-10 18:11:39.085 TRACE 55751 --- [    Test worker] o.h.type.descriptor.sql.BasicBinder      : binding parameter [12] as [VARCHAR] - [posti]
2020-06-10 18:11:39.085 TRACE 55751 --- [    Test worker] o.h.type.descriptor.sql.BasicBinder      : binding parameter [13] as [VARCHAR] - [00550]
2020-06-10 18:11:39.085 TRACE 55751 --- [    Test worker] o.h.type.descriptor.sql.BasicBinder      : binding parameter [14] as [VARCHAR] - [Helsinki]
2020-06-10 18:11:39.085 TRACE 55751 --- [    Test worker] o.h.type.descriptor.sql.BasicBinder      : binding parameter [15] as [DATE] - [null]
Hibernate: 
    insert 
    into
        yhteystieto
        (id, version, kieli, organisaatio_id, yhteystieto_oid, coordinatetype, extrarivi, lat, lng, maa, osavaltio, osoite, osoite_tyyppi, postinumero, postitoimipaikka, ytjpaivityspvm, dtype) 
    values
        (null, ?, ?, ?, ?, ?, ?, ?, ?, ?, ?, ?, ?, ?, ?, ?, 'Osoite')
2020-06-10 18:11:39.086 TRACE 55751 --- [    Test worker] o.h.type.descriptor.sql.BasicBinder      : binding parameter [1] as [BIGINT] - [0]
2020-06-10 18:11:39.086 TRACE 55751 --- [    Test worker] o.h.type.descriptor.sql.BasicBinder      : binding parameter [2] as [VARCHAR] - [kieli_fi#1]
2020-06-10 18:11:39.086 TRACE 55751 --- [    Test worker] o.h.type.descriptor.sql.BasicBinder      : binding parameter [3] as [BIGINT] - [17]
2020-06-10 18:11:39.086 TRACE 55751 --- [    Test worker] o.h.type.descriptor.sql.BasicBinder      : binding parameter [4] as [VARCHAR] - [1.2.246.562.5.49982761613]
2020-06-10 18:11:39.086 TRACE 55751 --- [    Test worker] o.h.type.descriptor.sql.BasicBinder      : binding parameter [5] as [VARCHAR] - [null]
2020-06-10 18:11:39.086 TRACE 55751 --- [    Test worker] o.h.type.descriptor.sql.BasicBinder      : binding parameter [6] as [VARCHAR] - [null]
2020-06-10 18:11:39.086 TRACE 55751 --- [    Test worker] o.h.type.descriptor.sql.BasicBinder      : binding parameter [7] as [DOUBLE] - [null]
2020-06-10 18:11:39.086 TRACE 55751 --- [    Test worker] o.h.type.descriptor.sql.BasicBinder      : binding parameter [8] as [DOUBLE] - [null]
2020-06-10 18:11:39.086 TRACE 55751 --- [    Test worker] o.h.type.descriptor.sql.BasicBinder      : binding parameter [9] as [VARCHAR] - [null]
2020-06-10 18:11:39.086 TRACE 55751 --- [    Test worker] o.h.type.descriptor.sql.BasicBinder      : binding parameter [10] as [VARCHAR] - [null]
2020-06-10 18:11:39.086 TRACE 55751 --- [    Test worker] o.h.type.descriptor.sql.BasicBinder      : binding parameter [11] as [VARCHAR] - [Kayntiosoite 2B]
2020-06-10 18:11:39.086 TRACE 55751 --- [    Test worker] o.h.type.descriptor.sql.BasicBinder      : binding parameter [12] as [VARCHAR] - [kaynti]
2020-06-10 18:11:39.086 TRACE 55751 --- [    Test worker] o.h.type.descriptor.sql.BasicBinder      : binding parameter [13] as [VARCHAR] - [posti_00550]
2020-06-10 18:11:39.086 TRACE 55751 --- [    Test worker] o.h.type.descriptor.sql.BasicBinder      : binding parameter [14] as [VARCHAR] - [Helsinki]
2020-06-10 18:11:39.086 TRACE 55751 --- [    Test worker] o.h.type.descriptor.sql.BasicBinder      : binding parameter [15] as [DATE] - [null]
Hibernate: 
    insert 
    into
        yhteystieto
        (id, version, kieli, organisaatio_id, yhteystieto_oid, email, dtype) 
    values
        (null, ?, ?, ?, ?, ?, 'Email')
2020-06-10 18:11:39.087 TRACE 55751 --- [    Test worker] o.h.type.descriptor.sql.BasicBinder      : binding parameter [1] as [BIGINT] - [0]
2020-06-10 18:11:39.087 TRACE 55751 --- [    Test worker] o.h.type.descriptor.sql.BasicBinder      : binding parameter [2] as [VARCHAR] - [kieli_fi#1]
2020-06-10 18:11:39.087 TRACE 55751 --- [    Test worker] o.h.type.descriptor.sql.BasicBinder      : binding parameter [3] as [BIGINT] - [17]
2020-06-10 18:11:39.087 TRACE 55751 --- [    Test worker] o.h.type.descriptor.sql.BasicBinder      : binding parameter [4] as [VARCHAR] - [15918018987080.6908653683069358]
2020-06-10 18:11:39.087 TRACE 55751 --- [    Test worker] o.h.type.descriptor.sql.BasicBinder      : binding parameter [5] as [VARCHAR] - [asd@asd.asd]
Hibernate: 
    insert 
    into
        yhteystieto
        (id, version, kieli, organisaatio_id, yhteystieto_oid, puhelinnumero, tyyppi, dtype) 
    values
        (null, ?, ?, ?, ?, ?, ?, 'Puhelinnumero')
2020-06-10 18:11:39.088 TRACE 55751 --- [    Test worker] o.h.type.descriptor.sql.BasicBinder      : binding parameter [1] as [BIGINT] - [0]
2020-06-10 18:11:39.088 TRACE 55751 --- [    Test worker] o.h.type.descriptor.sql.BasicBinder      : binding parameter [2] as [VARCHAR] - [kieli_fi#1]
2020-06-10 18:11:39.088 TRACE 55751 --- [    Test worker] o.h.type.descriptor.sql.BasicBinder      : binding parameter [3] as [BIGINT] - [17]
2020-06-10 18:11:39.088 TRACE 55751 --- [    Test worker] o.h.type.descriptor.sql.BasicBinder      : binding parameter [4] as [VARCHAR] - [1.2.246.562.5.26323516018]
2020-06-10 18:11:39.088 TRACE 55751 --- [    Test worker] o.h.type.descriptor.sql.BasicBinder      : binding parameter [5] as [VARCHAR] - [123]
2020-06-10 18:11:39.088 TRACE 55751 --- [    Test worker] o.h.type.descriptor.sql.BasicBinder      : binding parameter [6] as [VARCHAR] - [puhelin]
Hibernate: 
    update
        organisaatio 
    set
        version=?,
        alkupvm=?,
        domainnimi=?,
        kotipaikka=?,
        kuvaus_mkt=?,
        lakkautuspvm=?,
        maa=?,
        metadata_id=?,
        nimi_mkt=?,
        nimihaku=?,
        oid=?,
        opetuspisteenjarjnro=?,
        oppilaitoskoodi=?,
        oppilaitos_tyyppi=?,
        organisaatio_poistettu=?,
        paivittaja=?,
        paivityspvm=?,
        parentidpath=?,
        parentoidpath=?,
        piilotettu=?,
        tarkastus_pvm=?,
        toimipistekoodi=?,
        tuontipvm=?,
        varhaiskasvatuksen_toimipaikka_tiedot_id=?,
        virastotunnus=?,
        yhteishaunkoulukoodi=?,
        yritysmuoto=?,
        ytj_kieli=?,
        ytjpaivityspvm=?,
        ytunnus=? 
    where
        id=? 
        and version=?
2020-06-10 18:11:39.090 TRACE 55751 --- [    Test worker] o.h.type.descriptor.sql.BasicBinder      : binding parameter [1] as [BIGINT] - [1]
2020-06-10 18:11:39.090 TRACE 55751 --- [    Test worker] o.h.type.descriptor.sql.BasicBinder      : binding parameter [2] as [DATE] - [Fri Dec 31 00:00:00 EET 1999]
2020-06-10 18:11:39.090 TRACE 55751 --- [    Test worker] o.h.type.descriptor.sql.BasicBinder      : binding parameter [3] as [VARCHAR] - [null]
2020-06-10 18:11:39.090 TRACE 55751 --- [    Test worker] o.h.type.descriptor.sql.BasicBinder      : binding parameter [4] as [VARCHAR] - [kunta_092]
2020-06-10 18:11:39.091 TRACE 55751 --- [    Test worker] o.h.type.descriptor.sql.BasicBinder      : binding parameter [5] as [BIGINT] - [1014]
2020-06-10 18:11:39.091 TRACE 55751 --- [    Test worker] o.h.type.descriptor.sql.BasicBinder      : binding parameter [6] as [DATE] - [null]
2020-06-10 18:11:39.091 TRACE 55751 --- [    Test worker] o.h.type.descriptor.sql.BasicBinder      : binding parameter [7] as [VARCHAR] - [maatjavaltiot1_fin]
2020-06-10 18:11:39.091 TRACE 55751 --- [    Test worker] o.h.type.descriptor.sql.BasicBinder      : binding parameter [8] as [BIGINT] - [null]
2020-06-10 18:11:39.091 TRACE 55751 --- [    Test worker] o.h.type.descriptor.sql.BasicBinder      : binding parameter [9] as [BIGINT] - [1015]
2020-06-10 18:11:39.091 TRACE 55751 --- [    Test worker] o.h.type.descriptor.sql.BasicBinder      : binding parameter [10] as [VARCHAR] - [,koulutustoimija2]
2020-06-10 18:11:39.091 TRACE 55751 --- [    Test worker] o.h.type.descriptor.sql.BasicBinder      : binding parameter [11] as [VARCHAR] - [koulutustoimija2]
2020-06-10 18:11:39.091 TRACE 55751 --- [    Test worker] o.h.type.descriptor.sql.BasicBinder      : binding parameter [12] as [VARCHAR] - [null]
2020-06-10 18:11:39.091 TRACE 55751 --- [    Test worker] o.h.type.descriptor.sql.BasicBinder      : binding parameter [13] as [VARCHAR] - [null]
2020-06-10 18:11:39.091 TRACE 55751 --- [    Test worker] o.h.type.descriptor.sql.BasicBinder      : binding parameter [14] as [VARCHAR] - [null]
2020-06-10 18:11:39.091 TRACE 55751 --- [    Test worker] o.h.type.descriptor.sql.BasicBinder      : binding parameter [15] as [BOOLEAN] - [false]
2020-06-10 18:11:39.091 TRACE 55751 --- [    Test worker] o.h.type.descriptor.sql.BasicBinder      : binding parameter [16] as [VARCHAR] - [ophadmin]
2020-06-10 18:11:39.091 TRACE 55751 --- [    Test worker] o.h.type.descriptor.sql.BasicBinder      : binding parameter [17] as [TIMESTAMP] - [Wed Jun 10 18:11:39 EEST 2020]
2020-06-10 18:11:39.091 TRACE 55751 --- [    Test worker] o.h.type.descriptor.sql.BasicBinder      : binding parameter [18] as [VARCHAR] - [|1|]
2020-06-10 18:11:39.091 TRACE 55751 --- [    Test worker] o.h.type.descriptor.sql.BasicBinder      : binding parameter [19] as [VARCHAR] - [|1.2.246.562.24.00000000001|]
2020-06-10 18:11:39.091 TRACE 55751 --- [    Test worker] o.h.type.descriptor.sql.BasicBinder      : binding parameter [20] as [BOOLEAN] - [false]
2020-06-10 18:11:39.091 TRACE 55751 --- [    Test worker] o.h.type.descriptor.sql.BasicBinder      : binding parameter [21] as [TIMESTAMP] - [null]
2020-06-10 18:11:39.091 TRACE 55751 --- [    Test worker] o.h.type.descriptor.sql.BasicBinder      : binding parameter [22] as [VARCHAR] - []
2020-06-10 18:11:39.091 TRACE 55751 --- [    Test worker] o.h.type.descriptor.sql.BasicBinder      : binding parameter [23] as [TIMESTAMP] - [null]
2020-06-10 18:11:39.091 TRACE 55751 --- [    Test worker] o.h.type.descriptor.sql.BasicBinder      : binding parameter [24] as [BIGINT] - [null]
2020-06-10 18:11:39.091 TRACE 55751 --- [    Test worker] o.h.type.descriptor.sql.BasicBinder      : binding parameter [25] as [VARCHAR] - [null]
2020-06-10 18:11:39.091 TRACE 55751 --- [    Test worker] o.h.type.descriptor.sql.BasicBinder      : binding parameter [26] as [VARCHAR] - [null]
2020-06-10 18:11:39.091 TRACE 55751 --- [    Test worker] o.h.type.descriptor.sql.BasicBinder      : binding parameter [27] as [VARCHAR] - [null]
2020-06-10 18:11:39.091 TRACE 55751 --- [    Test worker] o.h.type.descriptor.sql.BasicBinder      : binding parameter [28] as [VARCHAR] - [null]
2020-06-10 18:11:39.091 TRACE 55751 --- [    Test worker] o.h.type.descriptor.sql.BasicBinder      : binding parameter [29] as [DATE] - [null]
2020-06-10 18:11:39.091 TRACE 55751 --- [    Test worker] o.h.type.descriptor.sql.BasicBinder      : binding parameter [30] as [VARCHAR] - [null]
2020-06-10 18:11:39.091 TRACE 55751 --- [    Test worker] o.h.type.descriptor.sql.BasicBinder      : binding parameter [31] as [BIGINT] - [17]
2020-06-10 18:11:39.091 TRACE 55751 --- [    Test worker] o.h.type.descriptor.sql.BasicBinder      : binding parameter [32] as [BIGINT] - [0]
Hibernate: 
    insert 
    into
        organisaatio_kielet
        (organisaatio_id, kielet) 
    values
        (?, ?)
2020-06-10 18:11:39.092 TRACE 55751 --- [    Test worker] o.h.type.descriptor.sql.BasicBinder      : binding parameter [1] as [BIGINT] - [17]
2020-06-10 18:11:39.092 TRACE 55751 --- [    Test worker] o.h.type.descriptor.sql.BasicBinder      : binding parameter [2] as [VARCHAR] - [oppilaitoksenopetuskieli_1#1]
Hibernate: 
    insert 
    into
        organisaatio_tyypit
        (organisaatio_id, tyypit) 
    values
        (?, ?)
2020-06-10 18:11:39.092 TRACE 55751 --- [    Test worker] o.h.type.descriptor.sql.BasicBinder      : binding parameter [1] as [BIGINT] - [17]
2020-06-10 18:11:39.092 TRACE 55751 --- [    Test worker] o.h.type.descriptor.sql.BasicBinder      : binding parameter [2] as [VARCHAR] - [organisaatiotyyppi_01]
Hibernate: 
    insert 
    into
        monikielinen_teksti_values
        (id, key, value) 
    values
        (?, ?, ?)
2020-06-10 18:11:39.092 TRACE 55751 --- [    Test worker] o.h.type.descriptor.sql.BasicBinder      : binding parameter [1] as [BIGINT] - [1015]
2020-06-10 18:11:39.092 TRACE 55751 --- [    Test worker] o.h.type.descriptor.sql.BasicBinder      : binding parameter [2] as [VARCHAR] - [fi]
2020-06-10 18:11:39.092 TRACE 55751 --- [    Test worker] o.h.type.descriptor.sql.BasicBinder      : binding parameter [3] as [VARCHAR] - [koulutustoimija2]
Hibernate: 
    select
        organisaat0_.id as id1_5_,
        organisaat0_.version as version2_5_,
        organisaat0_.alkupvm as alkupvm3_5_,
        organisaat0_.domainnimi as domainni4_5_,
        organisaat0_.kotipaikka as kotipaik5_5_,
        organisaat0_.kuvaus_mkt as kuvaus_28_5_,
        organisaat0_.lakkautuspvm as lakkautu6_5_,
        organisaat0_.maa as maa7_5_,
        organisaat0_.metadata_id as metadat29_5_,
        organisaat0_.nimi_mkt as nimi_mk30_5_,
        organisaat0_.nimihaku as nimihaku8_5_,
        organisaat0_.oid as oid9_5_,
        organisaat0_.opetuspisteenjarjnro as opetusp10_5_,
        organisaat0_.oppilaitoskoodi as oppilai11_5_,
        organisaat0_.oppilaitos_tyyppi as oppilai12_5_,
        organisaat0_.organisaatio_poistettu as organis13_5_,
        organisaat0_.paivittaja as paivitt14_5_,
        organisaat0_.paivityspvm as paivity15_5_,
        organisaat0_.parentidpath as parenti16_5_,
        organisaat0_.parentoidpath as parento17_5_,
        organisaat0_.piilotettu as piilote18_5_,
        organisaat0_.tarkastus_pvm as tarkast19_5_,
        organisaat0_.toimipistekoodi as toimipi20_5_,
        organisaat0_.tuontipvm as tuontip21_5_,
        organisaat0_.varhaiskasvatuksen_toimipaikka_tiedot_id as varhais31_5_,
        organisaat0_.virastotunnus as virasto22_5_,
        organisaat0_.yhteishaunkoulukoodi as yhteish23_5_,
        organisaat0_.yritysmuoto as yritysm24_5_,
        organisaat0_.ytj_kieli as ytj_kie25_5_,
        organisaat0_.ytjpaivityspvm as ytjpaiv26_5_,
        organisaat0_.ytunnus as ytunnus27_5_ 
    from
        organisaatio organisaat0_ 
    where
        organisaat0_.oid=?
2020-06-10 18:11:39.093 TRACE 55751 --- [    Test worker] o.h.type.descriptor.sql.BasicBinder      : binding parameter [1] as [VARCHAR] - [1.2.246.562.24.00000000001]
2020-06-10 18:11:39.093 TRACE 55751 --- [    Test worker] o.h.type.descriptor.sql.BasicExtractor   : extracted value ([id1_5_] : [BIGINT]) - [1]
2020-06-10 18:11:39.093  INFO 55751 --- [    Test worker] .s.o.r.i.OrganisaatioSuhdeRepositoryImpl : findParentTo(17, Wed Jun 10 18:11:39 EEST 2020)
Hibernate: 
    select
        organisaat0_.id as id1_19_0_,
        organisaat1_.id as id1_5_1_,
        organisaat0_.version as version2_19_0_,
        organisaat0_.alkupvm as alkupvm3_19_0_,
        organisaat0_.child_id as child_id7_19_0_,
        organisaat0_.loppupvm as loppupvm4_19_0_,
        organisaat0_.opetuspisteenjarjnro as opetuspi5_19_0_,
        organisaat0_.parent_id as parent_i8_19_0_,
        organisaat0_.suhdetyyppi as suhdetyy6_19_0_,
        organisaat1_.version as version2_5_1_,
        organisaat1_.alkupvm as alkupvm3_5_1_,
        organisaat1_.domainnimi as domainni4_5_1_,
        organisaat1_.kotipaikka as kotipaik5_5_1_,
        organisaat1_.kuvaus_mkt as kuvaus_28_5_1_,
        organisaat1_.lakkautuspvm as lakkautu6_5_1_,
        organisaat1_.maa as maa7_5_1_,
        organisaat1_.metadata_id as metadat29_5_1_,
        organisaat1_.nimi_mkt as nimi_mk30_5_1_,
        organisaat1_.nimihaku as nimihaku8_5_1_,
        organisaat1_.oid as oid9_5_1_,
        organisaat1_.opetuspisteenjarjnro as opetusp10_5_1_,
        organisaat1_.oppilaitoskoodi as oppilai11_5_1_,
        organisaat1_.oppilaitos_tyyppi as oppilai12_5_1_,
        organisaat1_.organisaatio_poistettu as organis13_5_1_,
        organisaat1_.paivittaja as paivitt14_5_1_,
        organisaat1_.paivityspvm as paivity15_5_1_,
        organisaat1_.parentidpath as parenti16_5_1_,
        organisaat1_.parentoidpath as parento17_5_1_,
        organisaat1_.piilotettu as piilote18_5_1_,
        organisaat1_.tarkastus_pvm as tarkast19_5_1_,
        organisaat1_.toimipistekoodi as toimipi20_5_1_,
        organisaat1_.tuontipvm as tuontip21_5_1_,
        organisaat1_.varhaiskasvatuksen_toimipaikka_tiedot_id as varhais31_5_1_,
        organisaat1_.virastotunnus as virasto22_5_1_,
        organisaat1_.yhteishaunkoulukoodi as yhteish23_5_1_,
        organisaat1_.yritysmuoto as yritysm24_5_1_,
        organisaat1_.ytj_kieli as ytj_kie25_5_1_,
        organisaat1_.ytjpaivityspvm as ytjpaiv26_5_1_,
        organisaat1_.ytunnus as ytunnus27_5_1_ 
    from
        organisaatiosuhde organisaat0_ 
    inner join
        organisaatio organisaat1_ 
            on organisaat0_.parent_id=organisaat1_.id 
    where
        organisaat0_.child_id=? 
        and organisaat0_.suhdetyyppi=? 
        and (
            organisaat0_.alkupvm=? 
            or organisaat0_.alkupvm<?
        ) 
        and (
            organisaat0_.loppupvm is null 
            or organisaat0_.loppupvm>?
        ) 
        and organisaat1_.organisaatio_poistettu=? 
    order by
        organisaat0_.alkupvm desc
2020-06-10 18:11:39.094 TRACE 55751 --- [    Test worker] o.h.type.descriptor.sql.BasicBinder      : binding parameter [1] as [BIGINT] - [17]
2020-06-10 18:11:39.094 TRACE 55751 --- [    Test worker] o.h.type.descriptor.sql.BasicBinder      : binding parameter [2] as [VARCHAR] - [HISTORIA]
2020-06-10 18:11:39.094 TRACE 55751 --- [    Test worker] o.h.type.descriptor.sql.BasicBinder      : binding parameter [3] as [DATE] - [Wed Jun 10 18:11:39 EEST 2020]
2020-06-10 18:11:39.094 TRACE 55751 --- [    Test worker] o.h.type.descriptor.sql.BasicBinder      : binding parameter [4] as [DATE] - [Wed Jun 10 18:11:39 EEST 2020]
2020-06-10 18:11:39.095 TRACE 55751 --- [    Test worker] o.h.type.descriptor.sql.BasicBinder      : binding parameter [5] as [DATE] - [Wed Jun 10 18:11:39 EEST 2020]
2020-06-10 18:11:39.095 TRACE 55751 --- [    Test worker] o.h.type.descriptor.sql.BasicBinder      : binding parameter [6] as [BOOLEAN] - [false]
2020-06-10 18:11:39.095  INFO 55751 --- [    Test worker] .s.o.r.i.OrganisaatioSuhdeRepositoryImpl : addChild(1, 17, Wed Jun 10 18:11:39 EEST 2020)
Hibernate: 
    insert 
    into
        organisaatiosuhde
        (id, version, alkupvm, child_id, loppupvm, opetuspisteenjarjnro, parent_id, suhdetyyppi) 
    values
        (null, ?, ?, ?, ?, ?, ?, ?)
2020-06-10 18:11:39.096 TRACE 55751 --- [    Test worker] o.h.type.descriptor.sql.BasicBinder      : binding parameter [1] as [BIGINT] - [0]
2020-06-10 18:11:39.096 TRACE 55751 --- [    Test worker] o.h.type.descriptor.sql.BasicBinder      : binding parameter [2] as [DATE] - [Wed Jun 10 18:11:39 EEST 2020]
2020-06-10 18:11:39.096 TRACE 55751 --- [    Test worker] o.h.type.descriptor.sql.BasicBinder      : binding parameter [3] as [BIGINT] - [17]
2020-06-10 18:11:39.096 TRACE 55751 --- [    Test worker] o.h.type.descriptor.sql.BasicBinder      : binding parameter [4] as [DATE] - [null]
2020-06-10 18:11:39.096 TRACE 55751 --- [    Test worker] o.h.type.descriptor.sql.BasicBinder      : binding parameter [5] as [VARCHAR] - [null]
2020-06-10 18:11:39.096 TRACE 55751 --- [    Test worker] o.h.type.descriptor.sql.BasicBinder      : binding parameter [6] as [BIGINT] - [1]
2020-06-10 18:11:39.096 TRACE 55751 --- [    Test worker] o.h.type.descriptor.sql.BasicBinder      : binding parameter [7] as [VARCHAR] - [HISTORIA]
2020-06-10 18:11:39.096  INFO 55751 --- [    Test worker] .s.o.r.i.OrganisaatioSuhdeRepositoryImpl :     Created new child relation:  --> pId=1, cId=17, aPvm=Wed Jun 10 18:11:39 EEST 2020, lPvm=null
Hibernate: 
    select
        organisaat0_.id as id1_19_,
        organisaat0_.version as version2_19_,
        organisaat0_.alkupvm as alkupvm3_19_,
        organisaat0_.child_id as child_id7_19_,
        organisaat0_.loppupvm as loppupvm4_19_,
        organisaat0_.opetuspisteenjarjnro as opetuspi5_19_,
        organisaat0_.parent_id as parent_i8_19_,
        organisaat0_.suhdetyyppi as suhdetyy6_19_ 
    from
        organisaatiosuhde organisaat0_ 
    where
        organisaat0_.child_id=?
2020-06-10 18:11:39.097 TRACE 55751 --- [    Test worker] o.h.type.descriptor.sql.BasicBinder      : binding parameter [1] as [BIGINT] - [17]
2020-06-10 18:11:39.097 TRACE 55751 --- [    Test worker] o.h.type.descriptor.sql.BasicExtractor   : extracted value ([id1_19_] : [BIGINT]) - [16]
Hibernate: 
    select
        organisaat0_.id as id1_5_,
        organisaat0_.version as version2_5_,
        organisaat0_.alkupvm as alkupvm3_5_,
        organisaat0_.domainnimi as domainni4_5_,
        organisaat0_.kotipaikka as kotipaik5_5_,
        organisaat0_.kuvaus_mkt as kuvaus_28_5_,
        organisaat0_.lakkautuspvm as lakkautu6_5_,
        organisaat0_.maa as maa7_5_,
        organisaat0_.metadata_id as metadat29_5_,
        organisaat0_.nimi_mkt as nimi_mk30_5_,
        organisaat0_.nimihaku as nimihaku8_5_,
        organisaat0_.oid as oid9_5_,
        organisaat0_.opetuspisteenjarjnro as opetusp10_5_,
        organisaat0_.oppilaitoskoodi as oppilai11_5_,
        organisaat0_.oppilaitos_tyyppi as oppilai12_5_,
        organisaat0_.organisaatio_poistettu as organis13_5_,
        organisaat0_.paivittaja as paivitt14_5_,
        organisaat0_.paivityspvm as paivity15_5_,
        organisaat0_.parentidpath as parenti16_5_,
        organisaat0_.parentoidpath as parento17_5_,
        organisaat0_.piilotettu as piilote18_5_,
        organisaat0_.tarkastus_pvm as tarkast19_5_,
        organisaat0_.toimipistekoodi as toimipi20_5_,
        organisaat0_.tuontipvm as tuontip21_5_,
        organisaat0_.varhaiskasvatuksen_toimipaikka_tiedot_id as varhais31_5_,
        organisaat0_.virastotunnus as virasto22_5_,
        organisaat0_.yhteishaunkoulukoodi as yhteish23_5_,
        organisaat0_.yritysmuoto as yritysm24_5_,
        organisaat0_.ytj_kieli as ytj_kie25_5_,
        organisaat0_.ytjpaivityspvm as ytjpaiv26_5_,
        organisaat0_.ytunnus as ytunnus27_5_ 
    from
        organisaatio organisaat0_ 
    where
        organisaat0_.oid=?
2020-06-10 18:11:39.099 TRACE 55751 --- [    Test worker] o.h.type.descriptor.sql.BasicBinder      : binding parameter [1] as [VARCHAR] - [koulutustoimija2]
2020-06-10 18:11:39.099 TRACE 55751 --- [    Test worker] o.h.type.descriptor.sql.BasicExtractor   : extracted value ([id1_5_] : [BIGINT]) - [17]
Hibernate: 
    select
        organisaat0_.id as id1_5_,
        organisaat0_.version as version2_5_,
        organisaat0_.alkupvm as alkupvm3_5_,
        organisaat0_.domainnimi as domainni4_5_,
        organisaat0_.kotipaikka as kotipaik5_5_,
        organisaat0_.kuvaus_mkt as kuvaus_28_5_,
        organisaat0_.lakkautuspvm as lakkautu6_5_,
        organisaat0_.maa as maa7_5_,
        organisaat0_.metadata_id as metadat29_5_,
        organisaat0_.nimi_mkt as nimi_mk30_5_,
        organisaat0_.nimihaku as nimihaku8_5_,
        organisaat0_.oid as oid9_5_,
        organisaat0_.opetuspisteenjarjnro as opetusp10_5_,
        organisaat0_.oppilaitoskoodi as oppilai11_5_,
        organisaat0_.oppilaitos_tyyppi as oppilai12_5_,
        organisaat0_.organisaatio_poistettu as organis13_5_,
        organisaat0_.paivittaja as paivitt14_5_,
        organisaat0_.paivityspvm as paivity15_5_,
        organisaat0_.parentidpath as parenti16_5_,
        organisaat0_.parentoidpath as parento17_5_,
        organisaat0_.piilotettu as piilote18_5_,
        organisaat0_.tarkastus_pvm as tarkast19_5_,
        organisaat0_.toimipistekoodi as toimipi20_5_,
        organisaat0_.tuontipvm as tuontip21_5_,
        organisaat0_.varhaiskasvatuksen_toimipaikka_tiedot_id as varhais31_5_,
        organisaat0_.virastotunnus as virasto22_5_,
        organisaat0_.yhteishaunkoulukoodi as yhteish23_5_,
        organisaat0_.yritysmuoto as yritysm24_5_,
        organisaat0_.ytj_kieli as ytj_kie25_5_,
        organisaat0_.ytjpaivityspvm as ytjpaiv26_5_,
        organisaat0_.ytunnus as ytunnus27_5_ 
    from
        organisaatio organisaat0_ 
    where
        organisaat0_.oid=?
2020-06-10 18:11:39.101 TRACE 55751 --- [    Test worker] o.h.type.descriptor.sql.BasicBinder      : binding parameter [1] as [VARCHAR] - [oppilaitos2]
Hibernate: 
    select
        organisaat0_.id as id1_5_,
        organisaat0_.version as version2_5_,
        organisaat0_.alkupvm as alkupvm3_5_,
        organisaat0_.domainnimi as domainni4_5_,
        organisaat0_.kotipaikka as kotipaik5_5_,
        organisaat0_.kuvaus_mkt as kuvaus_28_5_,
        organisaat0_.lakkautuspvm as lakkautu6_5_,
        organisaat0_.maa as maa7_5_,
        organisaat0_.metadata_id as metadat29_5_,
        organisaat0_.nimi_mkt as nimi_mk30_5_,
        organisaat0_.nimihaku as nimihaku8_5_,
        organisaat0_.oid as oid9_5_,
        organisaat0_.opetuspisteenjarjnro as opetusp10_5_,
        organisaat0_.oppilaitoskoodi as oppilai11_5_,
        organisaat0_.oppilaitos_tyyppi as oppilai12_5_,
        organisaat0_.organisaatio_poistettu as organis13_5_,
        organisaat0_.paivittaja as paivitt14_5_,
        organisaat0_.paivityspvm as paivity15_5_,
        organisaat0_.parentidpath as parenti16_5_,
        organisaat0_.parentoidpath as parento17_5_,
        organisaat0_.piilotettu as piilote18_5_,
        organisaat0_.tarkastus_pvm as tarkast19_5_,
        organisaat0_.toimipistekoodi as toimipi20_5_,
        organisaat0_.tuontipvm as tuontip21_5_,
        organisaat0_.varhaiskasvatuksen_toimipaikka_tiedot_id as varhais31_5_,
        organisaat0_.virastotunnus as virasto22_5_,
        organisaat0_.yhteishaunkoulukoodi as yhteish23_5_,
        organisaat0_.yritysmuoto as yritysm24_5_,
        organisaat0_.ytj_kieli as ytj_kie25_5_,
        organisaat0_.ytjpaivityspvm as ytjpaiv26_5_,
        organisaat0_.ytunnus as ytunnus27_5_ 
    from
        organisaatio organisaat0_ 
    where
        organisaat0_.oid=?
2020-06-10 18:11:39.103 TRACE 55751 --- [    Test worker] o.h.type.descriptor.sql.BasicBinder      : binding parameter [1] as [VARCHAR] - [koulutustoimija2]
2020-06-10 18:11:39.103 TRACE 55751 --- [    Test worker] o.h.type.descriptor.sql.BasicExtractor   : extracted value ([id1_5_] : [BIGINT]) - [17]
2020-06-10 18:11:39.350  WARN 55751 --- [    Test worker] fi.vm.sade.javautils.http.OphHttpClient  : Failed to CAS authenticate. Renewing proxy ticket.
Hibernate: 
    select
        organisaat0_.id as id1_5_,
        organisaat0_.version as version2_5_,
        organisaat0_.alkupvm as alkupvm3_5_,
        organisaat0_.domainnimi as domainni4_5_,
        organisaat0_.kotipaikka as kotipaik5_5_,
        organisaat0_.kuvaus_mkt as kuvaus_28_5_,
        organisaat0_.lakkautuspvm as lakkautu6_5_,
        organisaat0_.maa as maa7_5_,
        organisaat0_.metadata_id as metadat29_5_,
        organisaat0_.nimi_mkt as nimi_mk30_5_,
        organisaat0_.nimihaku as nimihaku8_5_,
        organisaat0_.oid as oid9_5_,
        organisaat0_.opetuspisteenjarjnro as opetusp10_5_,
        organisaat0_.oppilaitoskoodi as oppilai11_5_,
        organisaat0_.oppilaitos_tyyppi as oppilai12_5_,
        organisaat0_.organisaatio_poistettu as organis13_5_,
        organisaat0_.paivittaja as paivitt14_5_,
        organisaat0_.paivityspvm as paivity15_5_,
        organisaat0_.parentidpath as parenti16_5_,
        organisaat0_.parentoidpath as parento17_5_,
        organisaat0_.piilotettu as piilote18_5_,
        organisaat0_.tarkastus_pvm as tarkast19_5_,
        organisaat0_.toimipistekoodi as toimipi20_5_,
        organisaat0_.tuontipvm as tuontip21_5_,
        organisaat0_.varhaiskasvatuksen_toimipaikka_tiedot_id as varhais31_5_,
        organisaat0_.virastotunnus as virasto22_5_,
        organisaat0_.yhteishaunkoulukoodi as yhteish23_5_,
        organisaat0_.yritysmuoto as yritysm24_5_,
        organisaat0_.ytj_kieli as ytj_kie25_5_,
        organisaat0_.ytjpaivityspvm as ytjpaiv26_5_,
        organisaat0_.ytunnus as ytunnus27_5_ 
    from
        organisaatio organisaat0_ 
    where
        organisaat0_.oid=?
2020-06-10 18:11:39.463 TRACE 55751 --- [    Test worker] o.h.type.descriptor.sql.BasicBinder      : binding parameter [1] as [VARCHAR] - [koulutustoimija2]
2020-06-10 18:11:39.463 TRACE 55751 --- [    Test worker] o.h.type.descriptor.sql.BasicExtractor   : extracted value ([id1_5_] : [BIGINT]) - [17]
Hibernate: 
    select
        organisaat0_.id as id1_5_,
        organisaat0_.version as version2_5_,
        organisaat0_.alkupvm as alkupvm3_5_,
        organisaat0_.domainnimi as domainni4_5_,
        organisaat0_.kotipaikka as kotipaik5_5_,
        organisaat0_.kuvaus_mkt as kuvaus_28_5_,
        organisaat0_.lakkautuspvm as lakkautu6_5_,
        organisaat0_.maa as maa7_5_,
        organisaat0_.metadata_id as metadat29_5_,
        organisaat0_.nimi_mkt as nimi_mk30_5_,
        organisaat0_.nimihaku as nimihaku8_5_,
        organisaat0_.oid as oid9_5_,
        organisaat0_.opetuspisteenjarjnro as opetusp10_5_,
        organisaat0_.oppilaitoskoodi as oppilai11_5_,
        organisaat0_.oppilaitos_tyyppi as oppilai12_5_,
        organisaat0_.organisaatio_poistettu as organis13_5_,
        organisaat0_.paivittaja as paivitt14_5_,
        organisaat0_.paivityspvm as paivity15_5_,
        organisaat0_.parentidpath as parenti16_5_,
        organisaat0_.parentoidpath as parento17_5_,
        organisaat0_.piilotettu as piilote18_5_,
        organisaat0_.tarkastus_pvm as tarkast19_5_,
        organisaat0_.toimipistekoodi as toimipi20_5_,
        organisaat0_.tuontipvm as tuontip21_5_,
        organisaat0_.varhaiskasvatuksen_toimipaikka_tiedot_id as varhais31_5_,
        organisaat0_.virastotunnus as virasto22_5_,
        organisaat0_.yhteishaunkoulukoodi as yhteish23_5_,
        organisaat0_.yritysmuoto as yritysm24_5_,
        organisaat0_.ytj_kieli as ytj_kie25_5_,
        organisaat0_.ytjpaivityspvm as ytjpaiv26_5_,
        organisaat0_.ytunnus as ytunnus27_5_ 
    from
        organisaatio organisaat0_ 
    where
        organisaat0_.oid=?
2020-06-10 18:11:39.464 TRACE 55751 --- [    Test worker] o.h.type.descriptor.sql.BasicBinder      : binding parameter [1] as [VARCHAR] - [koulutustoimija2]
2020-06-10 18:11:39.464 TRACE 55751 --- [    Test worker] o.h.type.descriptor.sql.BasicExtractor   : extracted value ([id1_5_] : [BIGINT]) - [17]
Hibernate: 
    insert 
    into
        monikielinen_teksti
        (id, version) 
    values
        (null, ?)
2020-06-10 18:11:39.465 TRACE 55751 --- [    Test worker] o.h.type.descriptor.sql.BasicBinder      : binding parameter [1] as [BIGINT] - [0]
Hibernate: 
    insert 
    into
        monikielinen_teksti
        (id, version) 
    values
        (null, ?)
2020-06-10 18:11:39.466 TRACE 55751 --- [    Test worker] o.h.type.descriptor.sql.BasicBinder      : binding parameter [1] as [BIGINT] - [0]
Hibernate: 
    insert 
    into
        organisaatio
        (id, version, alkupvm, domainnimi, kotipaikka, kuvaus_mkt, lakkautuspvm, maa, metadata_id, nimi_mkt, nimihaku, oid, opetuspisteenjarjnro, oppilaitoskoodi, oppilaitos_tyyppi, organisaatio_poistettu, paivittaja, paivityspvm, parentidpath, parentoidpath, piilotettu, tarkastus_pvm, toimipistekoodi, tuontipvm, varhaiskasvatuksen_toimipaikka_tiedot_id, virastotunnus, yhteishaunkoulukoodi, yritysmuoto, ytj_kieli, ytjpaivityspvm, ytunnus) 
    values
        (null, ?, ?, ?, ?, ?, ?, ?, ?, ?, ?, ?, ?, ?, ?, ?, ?, ?, ?, ?, ?, ?, ?, ?, ?, ?, ?, ?, ?, ?, ?)
2020-06-10 18:11:39.467 TRACE 55751 --- [    Test worker] o.h.type.descriptor.sql.BasicBinder      : binding parameter [1] as [BIGINT] - [0]
2020-06-10 18:11:39.467 TRACE 55751 --- [    Test worker] o.h.type.descriptor.sql.BasicBinder      : binding parameter [2] as [DATE] - [Fri Dec 31 00:00:00 EET 1999]
2020-06-10 18:11:39.467 TRACE 55751 --- [    Test worker] o.h.type.descriptor.sql.BasicBinder      : binding parameter [3] as [VARCHAR] - [null]
2020-06-10 18:11:39.467 TRACE 55751 --- [    Test worker] o.h.type.descriptor.sql.BasicBinder      : binding parameter [4] as [VARCHAR] - [kunta_092]
2020-06-10 18:11:39.467 TRACE 55751 --- [    Test worker] o.h.type.descriptor.sql.BasicBinder      : binding parameter [5] as [BIGINT] - [1016]
2020-06-10 18:11:39.467 TRACE 55751 --- [    Test worker] o.h.type.descriptor.sql.BasicBinder      : binding parameter [6] as [DATE] - [null]
2020-06-10 18:11:39.467 TRACE 55751 --- [    Test worker] o.h.type.descriptor.sql.BasicBinder      : binding parameter [7] as [VARCHAR] - [maatjavaltiot1_fin]
2020-06-10 18:11:39.467 TRACE 55751 --- [    Test worker] o.h.type.descriptor.sql.BasicBinder      : binding parameter [8] as [BIGINT] - [null]
2020-06-10 18:11:39.467 TRACE 55751 --- [    Test worker] o.h.type.descriptor.sql.BasicBinder      : binding parameter [9] as [BIGINT] - [1017]
2020-06-10 18:11:39.467 TRACE 55751 --- [    Test worker] o.h.type.descriptor.sql.BasicBinder      : binding parameter [10] as [VARCHAR] - [,oppilaitos2]
2020-06-10 18:11:39.467 TRACE 55751 --- [    Test worker] o.h.type.descriptor.sql.BasicBinder      : binding parameter [11] as [VARCHAR] - [oppilaitos2]
2020-06-10 18:11:39.467 TRACE 55751 --- [    Test worker] o.h.type.descriptor.sql.BasicBinder      : binding parameter [12] as [VARCHAR] - [null]
2020-06-10 18:11:39.467 TRACE 55751 --- [    Test worker] o.h.type.descriptor.sql.BasicBinder      : binding parameter [13] as [VARCHAR] - [null]
2020-06-10 18:11:39.467 TRACE 55751 --- [    Test worker] o.h.type.descriptor.sql.BasicBinder      : binding parameter [14] as [VARCHAR] - [null]
2020-06-10 18:11:39.467 TRACE 55751 --- [    Test worker] o.h.type.descriptor.sql.BasicBinder      : binding parameter [15] as [BOOLEAN] - [false]
2020-06-10 18:11:39.467 TRACE 55751 --- [    Test worker] o.h.type.descriptor.sql.BasicBinder      : binding parameter [16] as [VARCHAR] - [ophadmin]
2020-06-10 18:11:39.467 TRACE 55751 --- [    Test worker] o.h.type.descriptor.sql.BasicBinder      : binding parameter [17] as [TIMESTAMP] - [Wed Jun 10 18:11:39 EEST 2020]
2020-06-10 18:11:39.467 TRACE 55751 --- [    Test worker] o.h.type.descriptor.sql.BasicBinder      : binding parameter [18] as [VARCHAR] - [|1|17|]
2020-06-10 18:11:39.467 TRACE 55751 --- [    Test worker] o.h.type.descriptor.sql.BasicBinder      : binding parameter [19] as [VARCHAR] - [|1.2.246.562.24.00000000001|koulutustoimija2|]
2020-06-10 18:11:39.467 TRACE 55751 --- [    Test worker] o.h.type.descriptor.sql.BasicBinder      : binding parameter [20] as [BOOLEAN] - [false]
2020-06-10 18:11:39.467 TRACE 55751 --- [    Test worker] o.h.type.descriptor.sql.BasicBinder      : binding parameter [21] as [TIMESTAMP] - [null]
2020-06-10 18:11:39.467 TRACE 55751 --- [    Test worker] o.h.type.descriptor.sql.BasicBinder      : binding parameter [22] as [VARCHAR] - [null]
2020-06-10 18:11:39.467 TRACE 55751 --- [    Test worker] o.h.type.descriptor.sql.BasicBinder      : binding parameter [23] as [TIMESTAMP] - [null]
2020-06-10 18:11:39.467 TRACE 55751 --- [    Test worker] o.h.type.descriptor.sql.BasicBinder      : binding parameter [24] as [BIGINT] - [null]
2020-06-10 18:11:39.467 TRACE 55751 --- [    Test worker] o.h.type.descriptor.sql.BasicBinder      : binding parameter [25] as [VARCHAR] - [null]
2020-06-10 18:11:39.467 TRACE 55751 --- [    Test worker] o.h.type.descriptor.sql.BasicBinder      : binding parameter [26] as [VARCHAR] - [null]
2020-06-10 18:11:39.467 TRACE 55751 --- [    Test worker] o.h.type.descriptor.sql.BasicBinder      : binding parameter [27] as [VARCHAR] - [null]
2020-06-10 18:11:39.467 TRACE 55751 --- [    Test worker] o.h.type.descriptor.sql.BasicBinder      : binding parameter [28] as [VARCHAR] - [null]
2020-06-10 18:11:39.467 TRACE 55751 --- [    Test worker] o.h.type.descriptor.sql.BasicBinder      : binding parameter [29] as [DATE] - [null]
2020-06-10 18:11:39.467 TRACE 55751 --- [    Test worker] o.h.type.descriptor.sql.BasicBinder      : binding parameter [30] as [VARCHAR] - [null]
Hibernate: 
    insert 
    into
        organisaatio_nimi
        (id, version, alkupvm, nimi_mkt, organisaatio_id, paivittaja) 
    values
        (null, ?, ?, ?, ?, ?)
2020-06-10 18:11:39.468 TRACE 55751 --- [    Test worker] o.h.type.descriptor.sql.BasicBinder      : binding parameter [1] as [BIGINT] - [0]
2020-06-10 18:11:39.468 TRACE 55751 --- [    Test worker] o.h.type.descriptor.sql.BasicBinder      : binding parameter [2] as [DATE] - [Wed Jun 10 18:11:39 EEST 2020]
2020-06-10 18:11:39.468 TRACE 55751 --- [    Test worker] o.h.type.descriptor.sql.BasicBinder      : binding parameter [3] as [BIGINT] - [1017]
2020-06-10 18:11:39.468 TRACE 55751 --- [    Test worker] o.h.type.descriptor.sql.BasicBinder      : binding parameter [4] as [BIGINT] - [18]
2020-06-10 18:11:39.468 TRACE 55751 --- [    Test worker] o.h.type.descriptor.sql.BasicBinder      : binding parameter [5] as [VARCHAR] - [null]
Hibernate: 
    insert 
    into
        yhteystieto
        (id, version, kieli, organisaatio_id, yhteystieto_oid, coordinatetype, extrarivi, lat, lng, maa, osavaltio, osoite, osoite_tyyppi, postinumero, postitoimipaikka, ytjpaivityspvm, dtype) 
    values
        (null, ?, ?, ?, ?, ?, ?, ?, ?, ?, ?, ?, ?, ?, ?, ?, 'Osoite')
2020-06-10 18:11:39.468 TRACE 55751 --- [    Test worker] o.h.type.descriptor.sql.BasicBinder      : binding parameter [1] as [BIGINT] - [0]
2020-06-10 18:11:39.468 TRACE 55751 --- [    Test worker] o.h.type.descriptor.sql.BasicBinder      : binding parameter [2] as [VARCHAR] - [kieli_fi#1]
2020-06-10 18:11:39.468 TRACE 55751 --- [    Test worker] o.h.type.descriptor.sql.BasicBinder      : binding parameter [3] as [BIGINT] - [18]
2020-06-10 18:11:39.468 TRACE 55751 --- [    Test worker] o.h.type.descriptor.sql.BasicBinder      : binding parameter [4] as [VARCHAR] - [1.2.246.562.5.38538683341]
2020-06-10 18:11:39.468 TRACE 55751 --- [    Test worker] o.h.type.descriptor.sql.BasicBinder      : binding parameter [5] as [VARCHAR] - [null]
2020-06-10 18:11:39.468 TRACE 55751 --- [    Test worker] o.h.type.descriptor.sql.BasicBinder      : binding parameter [6] as [VARCHAR] - [null]
2020-06-10 18:11:39.468 TRACE 55751 --- [    Test worker] o.h.type.descriptor.sql.BasicBinder      : binding parameter [7] as [DOUBLE] - [null]
2020-06-10 18:11:39.468 TRACE 55751 --- [    Test worker] o.h.type.descriptor.sql.BasicBinder      : binding parameter [8] as [DOUBLE] - [null]
2020-06-10 18:11:39.468 TRACE 55751 --- [    Test worker] o.h.type.descriptor.sql.BasicBinder      : binding parameter [9] as [VARCHAR] - [null]
2020-06-10 18:11:39.468 TRACE 55751 --- [    Test worker] o.h.type.descriptor.sql.BasicBinder      : binding parameter [10] as [VARCHAR] - [null]
2020-06-10 18:11:39.469 TRACE 55751 --- [    Test worker] o.h.type.descriptor.sql.BasicBinder      : binding parameter [11] as [VARCHAR] - [Kayntiosoite 2B]
2020-06-10 18:11:39.469 TRACE 55751 --- [    Test worker] o.h.type.descriptor.sql.BasicBinder      : binding parameter [12] as [VARCHAR] - [kaynti]
2020-06-10 18:11:39.469 TRACE 55751 --- [    Test worker] o.h.type.descriptor.sql.BasicBinder      : binding parameter [13] as [VARCHAR] - [posti_00550]
2020-06-10 18:11:39.469 TRACE 55751 --- [    Test worker] o.h.type.descriptor.sql.BasicBinder      : binding parameter [14] as [VARCHAR] - [Helsinki]
2020-06-10 18:11:39.469 TRACE 55751 --- [    Test worker] o.h.type.descriptor.sql.BasicBinder      : binding parameter [15] as [DATE] - [null]
Hibernate: 
    insert 
    into
        yhteystieto
        (id, version, kieli, organisaatio_id, yhteystieto_oid, email, dtype) 
    values
        (null, ?, ?, ?, ?, ?, 'Email')
2020-06-10 18:11:39.469 TRACE 55751 --- [    Test worker] o.h.type.descriptor.sql.BasicBinder      : binding parameter [1] as [BIGINT] - [0]
2020-06-10 18:11:39.469 TRACE 55751 --- [    Test worker] o.h.type.descriptor.sql.BasicBinder      : binding parameter [2] as [VARCHAR] - [kieli_fi#1]
2020-06-10 18:11:39.469 TRACE 55751 --- [    Test worker] o.h.type.descriptor.sql.BasicBinder      : binding parameter [3] as [BIGINT] - [18]
2020-06-10 18:11:39.469 TRACE 55751 --- [    Test worker] o.h.type.descriptor.sql.BasicBinder      : binding parameter [4] as [VARCHAR] - [15918018991000.5252419483098182]
2020-06-10 18:11:39.469 TRACE 55751 --- [    Test worker] o.h.type.descriptor.sql.BasicBinder      : binding parameter [5] as [VARCHAR] - [asd@asd.asd]
Hibernate: 
    insert 
    into
        yhteystieto
        (id, version, kieli, organisaatio_id, yhteystieto_oid, www_osoite, dtype) 
    values
        (null, ?, ?, ?, ?, ?, 'Www')
2020-06-10 18:11:39.470 TRACE 55751 --- [    Test worker] o.h.type.descriptor.sql.BasicBinder      : binding parameter [1] as [BIGINT] - [0]
2020-06-10 18:11:39.470 TRACE 55751 --- [    Test worker] o.h.type.descriptor.sql.BasicBinder      : binding parameter [2] as [VARCHAR] - [kieli_fi#1]
2020-06-10 18:11:39.470 TRACE 55751 --- [    Test worker] o.h.type.descriptor.sql.BasicBinder      : binding parameter [3] as [BIGINT] - [18]
2020-06-10 18:11:39.470 TRACE 55751 --- [    Test worker] o.h.type.descriptor.sql.BasicBinder      : binding parameter [4] as [VARCHAR] - [15918018991000.46826759613226576]
2020-06-10 18:11:39.470 TRACE 55751 --- [    Test worker] o.h.type.descriptor.sql.BasicBinder      : binding parameter [5] as [VARCHAR] - [http://test.oph.fi]
Hibernate: 
    insert 
    into
        yhteystieto
        (id, version, kieli, organisaatio_id, yhteystieto_oid, coordinatetype, extrarivi, lat, lng, maa, osavaltio, osoite, osoite_tyyppi, postinumero, postitoimipaikka, ytjpaivityspvm, dtype) 
    values
        (null, ?, ?, ?, ?, ?, ?, ?, ?, ?, ?, ?, ?, ?, ?, ?, 'Osoite')
2020-06-10 18:11:39.470 TRACE 55751 --- [    Test worker] o.h.type.descriptor.sql.BasicBinder      : binding parameter [1] as [BIGINT] - [0]
2020-06-10 18:11:39.470 TRACE 55751 --- [    Test worker] o.h.type.descriptor.sql.BasicBinder      : binding parameter [2] as [VARCHAR] - [kieli_fi#1]
2020-06-10 18:11:39.470 TRACE 55751 --- [    Test worker] o.h.type.descriptor.sql.BasicBinder      : binding parameter [3] as [BIGINT] - [18]
2020-06-10 18:11:39.470 TRACE 55751 --- [    Test worker] o.h.type.descriptor.sql.BasicBinder      : binding parameter [4] as [VARCHAR] - [1.2.246.562.5.23090152512]
2020-06-10 18:11:39.470 TRACE 55751 --- [    Test worker] o.h.type.descriptor.sql.BasicBinder      : binding parameter [5] as [VARCHAR] - [null]
2020-06-10 18:11:39.470 TRACE 55751 --- [    Test worker] o.h.type.descriptor.sql.BasicBinder      : binding parameter [6] as [VARCHAR] - [null]
2020-06-10 18:11:39.470 TRACE 55751 --- [    Test worker] o.h.type.descriptor.sql.BasicBinder      : binding parameter [7] as [DOUBLE] - [null]
2020-06-10 18:11:39.470 TRACE 55751 --- [    Test worker] o.h.type.descriptor.sql.BasicBinder      : binding parameter [8] as [DOUBLE] - [null]
2020-06-10 18:11:39.470 TRACE 55751 --- [    Test worker] o.h.type.descriptor.sql.BasicBinder      : binding parameter [9] as [VARCHAR] - [null]
2020-06-10 18:11:39.470 TRACE 55751 --- [    Test worker] o.h.type.descriptor.sql.BasicBinder      : binding parameter [10] as [VARCHAR] - [null]
2020-06-10 18:11:39.470 TRACE 55751 --- [    Test worker] o.h.type.descriptor.sql.BasicBinder      : binding parameter [11] as [VARCHAR] - [Postiosoite 1A]
2020-06-10 18:11:39.470 TRACE 55751 --- [    Test worker] o.h.type.descriptor.sql.BasicBinder      : binding parameter [12] as [VARCHAR] - [posti]
2020-06-10 18:11:39.470 TRACE 55751 --- [    Test worker] o.h.type.descriptor.sql.BasicBinder      : binding parameter [13] as [VARCHAR] - [00550]
2020-06-10 18:11:39.470 TRACE 55751 --- [    Test worker] o.h.type.descriptor.sql.BasicBinder      : binding parameter [14] as [VARCHAR] - [Helsinki]
2020-06-10 18:11:39.470 TRACE 55751 --- [    Test worker] o.h.type.descriptor.sql.BasicBinder      : binding parameter [15] as [DATE] - [null]
Hibernate: 
    insert 
    into
        yhteystieto
        (id, version, kieli, organisaatio_id, yhteystieto_oid, puhelinnumero, tyyppi, dtype) 
    values
        (null, ?, ?, ?, ?, ?, ?, 'Puhelinnumero')
2020-06-10 18:11:39.471 TRACE 55751 --- [    Test worker] o.h.type.descriptor.sql.BasicBinder      : binding parameter [1] as [BIGINT] - [0]
2020-06-10 18:11:39.471 TRACE 55751 --- [    Test worker] o.h.type.descriptor.sql.BasicBinder      : binding parameter [2] as [VARCHAR] - [kieli_fi#1]
2020-06-10 18:11:39.471 TRACE 55751 --- [    Test worker] o.h.type.descriptor.sql.BasicBinder      : binding parameter [3] as [BIGINT] - [18]
2020-06-10 18:11:39.471 TRACE 55751 --- [    Test worker] o.h.type.descriptor.sql.BasicBinder      : binding parameter [4] as [VARCHAR] - [1.2.246.562.5.81064945947]
2020-06-10 18:11:39.471 TRACE 55751 --- [    Test worker] o.h.type.descriptor.sql.BasicBinder      : binding parameter [5] as [VARCHAR] - [123]
2020-06-10 18:11:39.471 TRACE 55751 --- [    Test worker] o.h.type.descriptor.sql.BasicBinder      : binding parameter [6] as [VARCHAR] - [puhelin]
2020-06-10 18:11:39.471  INFO 55751 --- [    Test worker] .s.o.r.i.OrganisaatioSuhdeRepositoryImpl : findParentTo(18, Wed Jun 10 18:11:39 EEST 2020)
Hibernate: 
    update
        organisaatio 
    set
        version=?,
        alkupvm=?,
        domainnimi=?,
        kotipaikka=?,
        kuvaus_mkt=?,
        lakkautuspvm=?,
        maa=?,
        metadata_id=?,
        nimi_mkt=?,
        nimihaku=?,
        oid=?,
        opetuspisteenjarjnro=?,
        oppilaitoskoodi=?,
        oppilaitos_tyyppi=?,
        organisaatio_poistettu=?,
        paivittaja=?,
        paivityspvm=?,
        parentidpath=?,
        parentoidpath=?,
        piilotettu=?,
        tarkastus_pvm=?,
        toimipistekoodi=?,
        tuontipvm=?,
        varhaiskasvatuksen_toimipaikka_tiedot_id=?,
        virastotunnus=?,
        yhteishaunkoulukoodi=?,
        yritysmuoto=?,
        ytj_kieli=?,
        ytjpaivityspvm=?,
        ytunnus=? 
    where
        id=? 
        and version=?
2020-06-10 18:11:39.473 TRACE 55751 --- [    Test worker] o.h.type.descriptor.sql.BasicBinder      : binding parameter [1] as [BIGINT] - [1]
2020-06-10 18:11:39.473 TRACE 55751 --- [    Test worker] o.h.type.descriptor.sql.BasicBinder      : binding parameter [2] as [DATE] - [Fri Dec 31 00:00:00 EET 1999]
2020-06-10 18:11:39.473 TRACE 55751 --- [    Test worker] o.h.type.descriptor.sql.BasicBinder      : binding parameter [3] as [VARCHAR] - [null]
2020-06-10 18:11:39.473 TRACE 55751 --- [    Test worker] o.h.type.descriptor.sql.BasicBinder      : binding parameter [4] as [VARCHAR] - [kunta_092]
2020-06-10 18:11:39.473 TRACE 55751 --- [    Test worker] o.h.type.descriptor.sql.BasicBinder      : binding parameter [5] as [BIGINT] - [1016]
2020-06-10 18:11:39.473 TRACE 55751 --- [    Test worker] o.h.type.descriptor.sql.BasicBinder      : binding parameter [6] as [DATE] - [null]
2020-06-10 18:11:39.473 TRACE 55751 --- [    Test worker] o.h.type.descriptor.sql.BasicBinder      : binding parameter [7] as [VARCHAR] - [maatjavaltiot1_fin]
2020-06-10 18:11:39.473 TRACE 55751 --- [    Test worker] o.h.type.descriptor.sql.BasicBinder      : binding parameter [8] as [BIGINT] - [null]
2020-06-10 18:11:39.473 TRACE 55751 --- [    Test worker] o.h.type.descriptor.sql.BasicBinder      : binding parameter [9] as [BIGINT] - [1017]
2020-06-10 18:11:39.473 TRACE 55751 --- [    Test worker] o.h.type.descriptor.sql.BasicBinder      : binding parameter [10] as [VARCHAR] - [,oppilaitos2]
2020-06-10 18:11:39.473 TRACE 55751 --- [    Test worker] o.h.type.descriptor.sql.BasicBinder      : binding parameter [11] as [VARCHAR] - [oppilaitos2]
2020-06-10 18:11:39.473 TRACE 55751 --- [    Test worker] o.h.type.descriptor.sql.BasicBinder      : binding parameter [12] as [VARCHAR] - [null]
2020-06-10 18:11:39.473 TRACE 55751 --- [    Test worker] o.h.type.descriptor.sql.BasicBinder      : binding parameter [13] as [VARCHAR] - [null]
2020-06-10 18:11:39.473 TRACE 55751 --- [    Test worker] o.h.type.descriptor.sql.BasicBinder      : binding parameter [14] as [VARCHAR] - [null]
2020-06-10 18:11:39.473 TRACE 55751 --- [    Test worker] o.h.type.descriptor.sql.BasicBinder      : binding parameter [15] as [BOOLEAN] - [false]
2020-06-10 18:11:39.473 TRACE 55751 --- [    Test worker] o.h.type.descriptor.sql.BasicBinder      : binding parameter [16] as [VARCHAR] - [ophadmin]
2020-06-10 18:11:39.473 TRACE 55751 --- [    Test worker] o.h.type.descriptor.sql.BasicBinder      : binding parameter [17] as [TIMESTAMP] - [Wed Jun 10 18:11:39 EEST 2020]
2020-06-10 18:11:39.473 TRACE 55751 --- [    Test worker] o.h.type.descriptor.sql.BasicBinder      : binding parameter [18] as [VARCHAR] - [|1|17|]
2020-06-10 18:11:39.473 TRACE 55751 --- [    Test worker] o.h.type.descriptor.sql.BasicBinder      : binding parameter [19] as [VARCHAR] - [|1.2.246.562.24.00000000001|koulutustoimija2|]
2020-06-10 18:11:39.473 TRACE 55751 --- [    Test worker] o.h.type.descriptor.sql.BasicBinder      : binding parameter [20] as [BOOLEAN] - [false]
2020-06-10 18:11:39.473 TRACE 55751 --- [    Test worker] o.h.type.descriptor.sql.BasicBinder      : binding parameter [21] as [TIMESTAMP] - [null]
2020-06-10 18:11:39.473 TRACE 55751 --- [    Test worker] o.h.type.descriptor.sql.BasicBinder      : binding parameter [22] as [VARCHAR] - [null]
2020-06-10 18:11:39.473 TRACE 55751 --- [    Test worker] o.h.type.descriptor.sql.BasicBinder      : binding parameter [23] as [TIMESTAMP] - [null]
2020-06-10 18:11:39.473 TRACE 55751 --- [    Test worker] o.h.type.descriptor.sql.BasicBinder      : binding parameter [24] as [BIGINT] - [null]
2020-06-10 18:11:39.473 TRACE 55751 --- [    Test worker] o.h.type.descriptor.sql.BasicBinder      : binding parameter [25] as [VARCHAR] - [null]
2020-06-10 18:11:39.473 TRACE 55751 --- [    Test worker] o.h.type.descriptor.sql.BasicBinder      : binding parameter [26] as [VARCHAR] - [null]
2020-06-10 18:11:39.473 TRACE 55751 --- [    Test worker] o.h.type.descriptor.sql.BasicBinder      : binding parameter [27] as [VARCHAR] - [null]
2020-06-10 18:11:39.473 TRACE 55751 --- [    Test worker] o.h.type.descriptor.sql.BasicBinder      : binding parameter [28] as [VARCHAR] - [null]
2020-06-10 18:11:39.473 TRACE 55751 --- [    Test worker] o.h.type.descriptor.sql.BasicBinder      : binding parameter [29] as [DATE] - [null]
2020-06-10 18:11:39.473 TRACE 55751 --- [    Test worker] o.h.type.descriptor.sql.BasicBinder      : binding parameter [30] as [VARCHAR] - [null]
2020-06-10 18:11:39.473 TRACE 55751 --- [    Test worker] o.h.type.descriptor.sql.BasicBinder      : binding parameter [31] as [BIGINT] - [18]
2020-06-10 18:11:39.473 TRACE 55751 --- [    Test worker] o.h.type.descriptor.sql.BasicBinder      : binding parameter [32] as [BIGINT] - [0]
Hibernate: 
    insert 
    into
        organisaatio_kielet
        (organisaatio_id, kielet) 
    values
        (?, ?)
2020-06-10 18:11:39.474 TRACE 55751 --- [    Test worker] o.h.type.descriptor.sql.BasicBinder      : binding parameter [1] as [BIGINT] - [18]
2020-06-10 18:11:39.474 TRACE 55751 --- [    Test worker] o.h.type.descriptor.sql.BasicBinder      : binding parameter [2] as [VARCHAR] - [oppilaitoksenopetuskieli_1#1]
Hibernate: 
    insert 
    into
        organisaatio_tyypit
        (organisaatio_id, tyypit) 
    values
        (?, ?)
2020-06-10 18:11:39.474 TRACE 55751 --- [    Test worker] o.h.type.descriptor.sql.BasicBinder      : binding parameter [1] as [BIGINT] - [18]
2020-06-10 18:11:39.474 TRACE 55751 --- [    Test worker] o.h.type.descriptor.sql.BasicBinder      : binding parameter [2] as [VARCHAR] - [organisaatiotyyppi_02]
Hibernate: 
    insert 
    into
        monikielinen_teksti_values
        (id, key, value) 
    values
        (?, ?, ?)
2020-06-10 18:11:39.474 TRACE 55751 --- [    Test worker] o.h.type.descriptor.sql.BasicBinder      : binding parameter [1] as [BIGINT] - [1017]
2020-06-10 18:11:39.474 TRACE 55751 --- [    Test worker] o.h.type.descriptor.sql.BasicBinder      : binding parameter [2] as [VARCHAR] - [fi]
2020-06-10 18:11:39.474 TRACE 55751 --- [    Test worker] o.h.type.descriptor.sql.BasicBinder      : binding parameter [3] as [VARCHAR] - [oppilaitos2]
Hibernate: 
    select
        organisaat0_.id as id1_19_0_,
        organisaat1_.id as id1_5_1_,
        organisaat0_.version as version2_19_0_,
        organisaat0_.alkupvm as alkupvm3_19_0_,
        organisaat0_.child_id as child_id7_19_0_,
        organisaat0_.loppupvm as loppupvm4_19_0_,
        organisaat0_.opetuspisteenjarjnro as opetuspi5_19_0_,
        organisaat0_.parent_id as parent_i8_19_0_,
        organisaat0_.suhdetyyppi as suhdetyy6_19_0_,
        organisaat1_.version as version2_5_1_,
        organisaat1_.alkupvm as alkupvm3_5_1_,
        organisaat1_.domainnimi as domainni4_5_1_,
        organisaat1_.kotipaikka as kotipaik5_5_1_,
        organisaat1_.kuvaus_mkt as kuvaus_28_5_1_,
        organisaat1_.lakkautuspvm as lakkautu6_5_1_,
        organisaat1_.maa as maa7_5_1_,
        organisaat1_.metadata_id as metadat29_5_1_,
        organisaat1_.nimi_mkt as nimi_mk30_5_1_,
        organisaat1_.nimihaku as nimihaku8_5_1_,
        organisaat1_.oid as oid9_5_1_,
        organisaat1_.opetuspisteenjarjnro as opetusp10_5_1_,
        organisaat1_.oppilaitoskoodi as oppilai11_5_1_,
        organisaat1_.oppilaitos_tyyppi as oppilai12_5_1_,
        organisaat1_.organisaatio_poistettu as organis13_5_1_,
        organisaat1_.paivittaja as paivitt14_5_1_,
        organisaat1_.paivityspvm as paivity15_5_1_,
        organisaat1_.parentidpath as parenti16_5_1_,
        organisaat1_.parentoidpath as parento17_5_1_,
        organisaat1_.piilotettu as piilote18_5_1_,
        organisaat1_.tarkastus_pvm as tarkast19_5_1_,
        organisaat1_.toimipistekoodi as toimipi20_5_1_,
        organisaat1_.tuontipvm as tuontip21_5_1_,
        organisaat1_.varhaiskasvatuksen_toimipaikka_tiedot_id as varhais31_5_1_,
        organisaat1_.virastotunnus as virasto22_5_1_,
        organisaat1_.yhteishaunkoulukoodi as yhteish23_5_1_,
        organisaat1_.yritysmuoto as yritysm24_5_1_,
        organisaat1_.ytj_kieli as ytj_kie25_5_1_,
        organisaat1_.ytjpaivityspvm as ytjpaiv26_5_1_,
        organisaat1_.ytunnus as ytunnus27_5_1_ 
    from
        organisaatiosuhde organisaat0_ 
    inner join
        organisaatio organisaat1_ 
            on organisaat0_.parent_id=organisaat1_.id 
    where
        organisaat0_.child_id=? 
        and organisaat0_.suhdetyyppi=? 
        and (
            organisaat0_.alkupvm=? 
            or organisaat0_.alkupvm<?
        ) 
        and (
            organisaat0_.loppupvm is null 
            or organisaat0_.loppupvm>?
        ) 
        and organisaat1_.organisaatio_poistettu=? 
    order by
        organisaat0_.alkupvm desc
2020-06-10 18:11:39.475 TRACE 55751 --- [    Test worker] o.h.type.descriptor.sql.BasicBinder      : binding parameter [1] as [BIGINT] - [18]
2020-06-10 18:11:39.475 TRACE 55751 --- [    Test worker] o.h.type.descriptor.sql.BasicBinder      : binding parameter [2] as [VARCHAR] - [HISTORIA]
2020-06-10 18:11:39.475 TRACE 55751 --- [    Test worker] o.h.type.descriptor.sql.BasicBinder      : binding parameter [3] as [DATE] - [Wed Jun 10 18:11:39 EEST 2020]
2020-06-10 18:11:39.475 TRACE 55751 --- [    Test worker] o.h.type.descriptor.sql.BasicBinder      : binding parameter [4] as [DATE] - [Wed Jun 10 18:11:39 EEST 2020]
2020-06-10 18:11:39.475 TRACE 55751 --- [    Test worker] o.h.type.descriptor.sql.BasicBinder      : binding parameter [5] as [DATE] - [Wed Jun 10 18:11:39 EEST 2020]
2020-06-10 18:11:39.475 TRACE 55751 --- [    Test worker] o.h.type.descriptor.sql.BasicBinder      : binding parameter [6] as [BOOLEAN] - [false]
2020-06-10 18:11:39.475  INFO 55751 --- [    Test worker] .s.o.r.i.OrganisaatioSuhdeRepositoryImpl : addChild(17, 18, Wed Jun 10 18:11:39 EEST 2020)
Hibernate: 
    insert 
    into
        organisaatiosuhde
        (id, version, alkupvm, child_id, loppupvm, opetuspisteenjarjnro, parent_id, suhdetyyppi) 
    values
        (null, ?, ?, ?, ?, ?, ?, ?)
2020-06-10 18:11:39.476 TRACE 55751 --- [    Test worker] o.h.type.descriptor.sql.BasicBinder      : binding parameter [1] as [BIGINT] - [0]
2020-06-10 18:11:39.476 TRACE 55751 --- [    Test worker] o.h.type.descriptor.sql.BasicBinder      : binding parameter [2] as [DATE] - [Wed Jun 10 18:11:39 EEST 2020]
2020-06-10 18:11:39.476 TRACE 55751 --- [    Test worker] o.h.type.descriptor.sql.BasicBinder      : binding parameter [3] as [BIGINT] - [18]
2020-06-10 18:11:39.476 TRACE 55751 --- [    Test worker] o.h.type.descriptor.sql.BasicBinder      : binding parameter [4] as [DATE] - [null]
2020-06-10 18:11:39.476 TRACE 55751 --- [    Test worker] o.h.type.descriptor.sql.BasicBinder      : binding parameter [5] as [VARCHAR] - [null]
2020-06-10 18:11:39.476 TRACE 55751 --- [    Test worker] o.h.type.descriptor.sql.BasicBinder      : binding parameter [6] as [BIGINT] - [17]
2020-06-10 18:11:39.476 TRACE 55751 --- [    Test worker] o.h.type.descriptor.sql.BasicBinder      : binding parameter [7] as [VARCHAR] - [HISTORIA]
2020-06-10 18:11:39.476  INFO 55751 --- [    Test worker] .s.o.r.i.OrganisaatioSuhdeRepositoryImpl :     Created new child relation:  --> pId=17, cId=18, aPvm=Wed Jun 10 18:11:39 EEST 2020, lPvm=null
Hibernate: 
    select
        organisaat0_.id as id1_19_,
        organisaat0_.version as version2_19_,
        organisaat0_.alkupvm as alkupvm3_19_,
        organisaat0_.child_id as child_id7_19_,
        organisaat0_.loppupvm as loppupvm4_19_,
        organisaat0_.opetuspisteenjarjnro as opetuspi5_19_,
        organisaat0_.parent_id as parent_i8_19_,
        organisaat0_.suhdetyyppi as suhdetyy6_19_ 
    from
        organisaatiosuhde organisaat0_ 
    where
        organisaat0_.child_id=?
2020-06-10 18:11:39.477 TRACE 55751 --- [    Test worker] o.h.type.descriptor.sql.BasicBinder      : binding parameter [1] as [BIGINT] - [18]
2020-06-10 18:11:39.478 TRACE 55751 --- [    Test worker] o.h.type.descriptor.sql.BasicExtractor   : extracted value ([id1_19_] : [BIGINT]) - [17]
Hibernate: 
    select
        organisaat0_.id as id1_5_,
        organisaat0_.version as version2_5_,
        organisaat0_.alkupvm as alkupvm3_5_,
        organisaat0_.domainnimi as domainni4_5_,
        organisaat0_.kotipaikka as kotipaik5_5_,
        organisaat0_.kuvaus_mkt as kuvaus_28_5_,
        organisaat0_.lakkautuspvm as lakkautu6_5_,
        organisaat0_.maa as maa7_5_,
        organisaat0_.metadata_id as metadat29_5_,
        organisaat0_.nimi_mkt as nimi_mk30_5_,
        organisaat0_.nimihaku as nimihaku8_5_,
        organisaat0_.oid as oid9_5_,
        organisaat0_.opetuspisteenjarjnro as opetusp10_5_,
        organisaat0_.oppilaitoskoodi as oppilai11_5_,
        organisaat0_.oppilaitos_tyyppi as oppilai12_5_,
        organisaat0_.organisaatio_poistettu as organis13_5_,
        organisaat0_.paivittaja as paivitt14_5_,
        organisaat0_.paivityspvm as paivity15_5_,
        organisaat0_.parentidpath as parenti16_5_,
        organisaat0_.parentoidpath as parento17_5_,
        organisaat0_.piilotettu as piilote18_5_,
        organisaat0_.tarkastus_pvm as tarkast19_5_,
        organisaat0_.toimipistekoodi as toimipi20_5_,
        organisaat0_.tuontipvm as tuontip21_5_,
        organisaat0_.varhaiskasvatuksen_toimipaikka_tiedot_id as varhais31_5_,
        organisaat0_.virastotunnus as virasto22_5_,
        organisaat0_.yhteishaunkoulukoodi as yhteish23_5_,
        organisaat0_.yritysmuoto as yritysm24_5_,
        organisaat0_.ytj_kieli as ytj_kie25_5_,
        organisaat0_.ytjpaivityspvm as ytjpaiv26_5_,
        organisaat0_.ytunnus as ytunnus27_5_ 
    from
        organisaatio organisaat0_ 
    where
        organisaat0_.oid=?
2020-06-10 18:11:39.479 TRACE 55751 --- [    Test worker] o.h.type.descriptor.sql.BasicBinder      : binding parameter [1] as [VARCHAR] - [oppilaitos2]
2020-06-10 18:11:39.479 TRACE 55751 --- [    Test worker] o.h.type.descriptor.sql.BasicExtractor   : extracted value ([id1_5_] : [BIGINT]) - [18]
Hibernate: 
    select
        organisaat0_.id as id1_5_,
        organisaat0_.version as version2_5_,
        organisaat0_.alkupvm as alkupvm3_5_,
        organisaat0_.domainnimi as domainni4_5_,
        organisaat0_.kotipaikka as kotipaik5_5_,
        organisaat0_.kuvaus_mkt as kuvaus_28_5_,
        organisaat0_.lakkautuspvm as lakkautu6_5_,
        organisaat0_.maa as maa7_5_,
        organisaat0_.metadata_id as metadat29_5_,
        organisaat0_.nimi_mkt as nimi_mk30_5_,
        organisaat0_.nimihaku as nimihaku8_5_,
        organisaat0_.oid as oid9_5_,
        organisaat0_.opetuspisteenjarjnro as opetusp10_5_,
        organisaat0_.oppilaitoskoodi as oppilai11_5_,
        organisaat0_.oppilaitos_tyyppi as oppilai12_5_,
        organisaat0_.organisaatio_poistettu as organis13_5_,
        organisaat0_.paivittaja as paivitt14_5_,
        organisaat0_.paivityspvm as paivity15_5_,
        organisaat0_.parentidpath as parenti16_5_,
        organisaat0_.parentoidpath as parento17_5_,
        organisaat0_.piilotettu as piilote18_5_,
        organisaat0_.tarkastus_pvm as tarkast19_5_,
        organisaat0_.toimipistekoodi as toimipi20_5_,
        organisaat0_.tuontipvm as tuontip21_5_,
        organisaat0_.varhaiskasvatuksen_toimipaikka_tiedot_id as varhais31_5_,
        organisaat0_.virastotunnus as virasto22_5_,
        organisaat0_.yhteishaunkoulukoodi as yhteish23_5_,
        organisaat0_.yritysmuoto as yritysm24_5_,
        organisaat0_.ytj_kieli as ytj_kie25_5_,
        organisaat0_.ytjpaivityspvm as ytjpaiv26_5_,
        organisaat0_.ytunnus as ytunnus27_5_ 
    from
        organisaatio organisaat0_ 
    where
        organisaat0_.oid=?
2020-06-10 18:11:39.483 TRACE 55751 --- [    Test worker] o.h.type.descriptor.sql.BasicBinder      : binding parameter [1] as [VARCHAR] - [toimipiste2]
Hibernate: 
    select
        organisaat0_.id as id1_5_,
        organisaat0_.version as version2_5_,
        organisaat0_.alkupvm as alkupvm3_5_,
        organisaat0_.domainnimi as domainni4_5_,
        organisaat0_.kotipaikka as kotipaik5_5_,
        organisaat0_.kuvaus_mkt as kuvaus_28_5_,
        organisaat0_.lakkautuspvm as lakkautu6_5_,
        organisaat0_.maa as maa7_5_,
        organisaat0_.metadata_id as metadat29_5_,
        organisaat0_.nimi_mkt as nimi_mk30_5_,
        organisaat0_.nimihaku as nimihaku8_5_,
        organisaat0_.oid as oid9_5_,
        organisaat0_.opetuspisteenjarjnro as opetusp10_5_,
        organisaat0_.oppilaitoskoodi as oppilai11_5_,
        organisaat0_.oppilaitos_tyyppi as oppilai12_5_,
        organisaat0_.organisaatio_poistettu as organis13_5_,
        organisaat0_.paivittaja as paivitt14_5_,
        organisaat0_.paivityspvm as paivity15_5_,
        organisaat0_.parentidpath as parenti16_5_,
        organisaat0_.parentoidpath as parento17_5_,
        organisaat0_.piilotettu as piilote18_5_,
        organisaat0_.tarkastus_pvm as tarkast19_5_,
        organisaat0_.toimipistekoodi as toimipi20_5_,
        organisaat0_.tuontipvm as tuontip21_5_,
        organisaat0_.varhaiskasvatuksen_toimipaikka_tiedot_id as varhais31_5_,
        organisaat0_.virastotunnus as virasto22_5_,
        organisaat0_.yhteishaunkoulukoodi as yhteish23_5_,
        organisaat0_.yritysmuoto as yritysm24_5_,
        organisaat0_.ytj_kieli as ytj_kie25_5_,
        organisaat0_.ytjpaivityspvm as ytjpaiv26_5_,
        organisaat0_.ytunnus as ytunnus27_5_ 
    from
        organisaatio organisaat0_ 
    where
        organisaat0_.oid=?
2020-06-10 18:11:39.485 TRACE 55751 --- [    Test worker] o.h.type.descriptor.sql.BasicBinder      : binding parameter [1] as [VARCHAR] - [oppilaitos2]
2020-06-10 18:11:39.485 TRACE 55751 --- [    Test worker] o.h.type.descriptor.sql.BasicExtractor   : extracted value ([id1_5_] : [BIGINT]) - [18]
2020-06-10 18:11:39.720  WARN 55751 --- [    Test worker] fi.vm.sade.javautils.http.OphHttpClient  : Failed to CAS authenticate. Renewing proxy ticket.
Hibernate: 
    select
        organisaat0_.id as id1_5_,
        organisaat0_.version as version2_5_,
        organisaat0_.alkupvm as alkupvm3_5_,
        organisaat0_.domainnimi as domainni4_5_,
        organisaat0_.kotipaikka as kotipaik5_5_,
        organisaat0_.kuvaus_mkt as kuvaus_28_5_,
        organisaat0_.lakkautuspvm as lakkautu6_5_,
        organisaat0_.maa as maa7_5_,
        organisaat0_.metadata_id as metadat29_5_,
        organisaat0_.nimi_mkt as nimi_mk30_5_,
        organisaat0_.nimihaku as nimihaku8_5_,
        organisaat0_.oid as oid9_5_,
        organisaat0_.opetuspisteenjarjnro as opetusp10_5_,
        organisaat0_.oppilaitoskoodi as oppilai11_5_,
        organisaat0_.oppilaitos_tyyppi as oppilai12_5_,
        organisaat0_.organisaatio_poistettu as organis13_5_,
        organisaat0_.paivittaja as paivitt14_5_,
        organisaat0_.paivityspvm as paivity15_5_,
        organisaat0_.parentidpath as parenti16_5_,
        organisaat0_.parentoidpath as parento17_5_,
        organisaat0_.piilotettu as piilote18_5_,
        organisaat0_.tarkastus_pvm as tarkast19_5_,
        organisaat0_.toimipistekoodi as toimipi20_5_,
        organisaat0_.tuontipvm as tuontip21_5_,
        organisaat0_.varhaiskasvatuksen_toimipaikka_tiedot_id as varhais31_5_,
        organisaat0_.virastotunnus as virasto22_5_,
        organisaat0_.yhteishaunkoulukoodi as yhteish23_5_,
        organisaat0_.yritysmuoto as yritysm24_5_,
        organisaat0_.ytj_kieli as ytj_kie25_5_,
        organisaat0_.ytjpaivityspvm as ytjpaiv26_5_,
        organisaat0_.ytunnus as ytunnus27_5_ 
    from
        organisaatio organisaat0_ 
    where
        organisaat0_.oid=?
2020-06-10 18:11:39.840 TRACE 55751 --- [    Test worker] o.h.type.descriptor.sql.BasicBinder      : binding parameter [1] as [VARCHAR] - [oppilaitos2]
2020-06-10 18:11:39.840 TRACE 55751 --- [    Test worker] o.h.type.descriptor.sql.BasicExtractor   : extracted value ([id1_5_] : [BIGINT]) - [18]
2020-06-10 18:11:39.840  WARN 55751 --- [    Test worker] f.v.s.o.b.i.OrganisaatioBusinessChecker  : Invalid organisation name format: For toimipiste, name must be prefixed with parent name (lang:fi, name:toimipiste2, parentname:oppilaitos2)
Hibernate: 
    select
        organisaat0_.id as id1_5_,
        organisaat0_.version as version2_5_,
        organisaat0_.alkupvm as alkupvm3_5_,
        organisaat0_.domainnimi as domainni4_5_,
        organisaat0_.kotipaikka as kotipaik5_5_,
        organisaat0_.kuvaus_mkt as kuvaus_28_5_,
        organisaat0_.lakkautuspvm as lakkautu6_5_,
        organisaat0_.maa as maa7_5_,
        organisaat0_.metadata_id as metadat29_5_,
        organisaat0_.nimi_mkt as nimi_mk30_5_,
        organisaat0_.nimihaku as nimihaku8_5_,
        organisaat0_.oid as oid9_5_,
        organisaat0_.opetuspisteenjarjnro as opetusp10_5_,
        organisaat0_.oppilaitoskoodi as oppilai11_5_,
        organisaat0_.oppilaitos_tyyppi as oppilai12_5_,
        organisaat0_.organisaatio_poistettu as organis13_5_,
        organisaat0_.paivittaja as paivitt14_5_,
        organisaat0_.paivityspvm as paivity15_5_,
        organisaat0_.parentidpath as parenti16_5_,
        organisaat0_.parentoidpath as parento17_5_,
        organisaat0_.piilotettu as piilote18_5_,
        organisaat0_.tarkastus_pvm as tarkast19_5_,
        organisaat0_.toimipistekoodi as toimipi20_5_,
        organisaat0_.tuontipvm as tuontip21_5_,
        organisaat0_.varhaiskasvatuksen_toimipaikka_tiedot_id as varhais31_5_,
        organisaat0_.virastotunnus as virasto22_5_,
        organisaat0_.yhteishaunkoulukoodi as yhteish23_5_,
        organisaat0_.yritysmuoto as yritysm24_5_,
        organisaat0_.ytj_kieli as ytj_kie25_5_,
        organisaat0_.ytjpaivityspvm as ytjpaiv26_5_,
        organisaat0_.ytunnus as ytunnus27_5_ 
    from
        organisaatio organisaat0_ 
    where
        organisaat0_.oid=?
2020-06-10 18:11:39.842 TRACE 55751 --- [    Test worker] o.h.type.descriptor.sql.BasicBinder      : binding parameter [1] as [VARCHAR] - [oppilaitos2]
2020-06-10 18:11:39.842 TRACE 55751 --- [    Test worker] o.h.type.descriptor.sql.BasicExtractor   : extracted value ([id1_5_] : [BIGINT]) - [18]
Hibernate: 
    select
        organisaat0_.id as id1_5_,
        organisaat0_.version as version2_5_,
        organisaat0_.alkupvm as alkupvm3_5_,
        organisaat0_.domainnimi as domainni4_5_,
        organisaat0_.kotipaikka as kotipaik5_5_,
        organisaat0_.kuvaus_mkt as kuvaus_28_5_,
        organisaat0_.lakkautuspvm as lakkautu6_5_,
        organisaat0_.maa as maa7_5_,
        organisaat0_.metadata_id as metadat29_5_,
        organisaat0_.nimi_mkt as nimi_mk30_5_,
        organisaat0_.nimihaku as nimihaku8_5_,
        organisaat0_.oid as oid9_5_,
        organisaat0_.opetuspisteenjarjnro as opetusp10_5_,
        organisaat0_.oppilaitoskoodi as oppilai11_5_,
        organisaat0_.oppilaitos_tyyppi as oppilai12_5_,
        organisaat0_.organisaatio_poistettu as organis13_5_,
        organisaat0_.paivittaja as paivitt14_5_,
        organisaat0_.paivityspvm as paivity15_5_,
        organisaat0_.parentidpath as parenti16_5_,
        organisaat0_.parentoidpath as parento17_5_,
        organisaat0_.piilotettu as piilote18_5_,
        organisaat0_.tarkastus_pvm as tarkast19_5_,
        organisaat0_.toimipistekoodi as toimipi20_5_,
        organisaat0_.tuontipvm as tuontip21_5_,
        organisaat0_.varhaiskasvatuksen_toimipaikka_tiedot_id as varhais31_5_,
        organisaat0_.virastotunnus as virasto22_5_,
        organisaat0_.yhteishaunkoulukoodi as yhteish23_5_,
        organisaat0_.yritysmuoto as yritysm24_5_,
        organisaat0_.ytj_kieli as ytj_kie25_5_,
        organisaat0_.ytjpaivityspvm as ytjpaiv26_5_,
        organisaat0_.ytunnus as ytunnus27_5_ 
    from
        organisaatio organisaat0_ 
    where
        organisaat0_.toimipistekoodi=?
2020-06-10 18:11:39.844 TRACE 55751 --- [    Test worker] o.h.type.descriptor.sql.BasicBinder      : binding parameter [1] as [VARCHAR] - [null01]
2020-06-10 18:11:39.844 TRACE 55751 --- [    Test worker] o.h.type.descriptor.sql.BasicExtractor   : extracted value ([id1_5_] : [BIGINT]) - [16]
Hibernate: 
    select
        organisaat0_.id as id1_5_,
        organisaat0_.version as version2_5_,
        organisaat0_.alkupvm as alkupvm3_5_,
        organisaat0_.domainnimi as domainni4_5_,
        organisaat0_.kotipaikka as kotipaik5_5_,
        organisaat0_.kuvaus_mkt as kuvaus_28_5_,
        organisaat0_.lakkautuspvm as lakkautu6_5_,
        organisaat0_.maa as maa7_5_,
        organisaat0_.metadata_id as metadat29_5_,
        organisaat0_.nimi_mkt as nimi_mk30_5_,
        organisaat0_.nimihaku as nimihaku8_5_,
        organisaat0_.oid as oid9_5_,
        organisaat0_.opetuspisteenjarjnro as opetusp10_5_,
        organisaat0_.oppilaitoskoodi as oppilai11_5_,
        organisaat0_.oppilaitos_tyyppi as oppilai12_5_,
        organisaat0_.organisaatio_poistettu as organis13_5_,
        organisaat0_.paivittaja as paivitt14_5_,
        organisaat0_.paivityspvm as paivity15_5_,
        organisaat0_.parentidpath as parenti16_5_,
        organisaat0_.parentoidpath as parento17_5_,
        organisaat0_.piilotettu as piilote18_5_,
        organisaat0_.tarkastus_pvm as tarkast19_5_,
        organisaat0_.toimipistekoodi as toimipi20_5_,
        organisaat0_.tuontipvm as tuontip21_5_,
        organisaat0_.varhaiskasvatuksen_toimipaikka_tiedot_id as varhais31_5_,
        organisaat0_.virastotunnus as virasto22_5_,
        organisaat0_.yhteishaunkoulukoodi as yhteish23_5_,
        organisaat0_.yritysmuoto as yritysm24_5_,
        organisaat0_.ytj_kieli as ytj_kie25_5_,
        organisaat0_.ytjpaivityspvm as ytjpaiv26_5_,
        organisaat0_.ytunnus as ytunnus27_5_ 
    from
        organisaatio organisaat0_ 
    where
        organisaat0_.toimipistekoodi=?
2020-06-10 18:11:39.845 TRACE 55751 --- [    Test worker] o.h.type.descriptor.sql.BasicBinder      : binding parameter [1] as [VARCHAR] - [null02]
Hibernate: 
    insert 
    into
        monikielinen_teksti
        (id, version) 
    values
        (null, ?)
2020-06-10 18:11:39.847 TRACE 55751 --- [    Test worker] o.h.type.descriptor.sql.BasicBinder      : binding parameter [1] as [BIGINT] - [0]
Hibernate: 
    insert 
    into
        monikielinen_teksti
        (id, version) 
    values
        (null, ?)
2020-06-10 18:11:39.847 TRACE 55751 --- [    Test worker] o.h.type.descriptor.sql.BasicBinder      : binding parameter [1] as [BIGINT] - [0]
Hibernate: 
    insert 
    into
        organisaatio
        (id, version, alkupvm, domainnimi, kotipaikka, kuvaus_mkt, lakkautuspvm, maa, metadata_id, nimi_mkt, nimihaku, oid, opetuspisteenjarjnro, oppilaitoskoodi, oppilaitos_tyyppi, organisaatio_poistettu, paivittaja, paivityspvm, parentidpath, parentoidpath, piilotettu, tarkastus_pvm, toimipistekoodi, tuontipvm, varhaiskasvatuksen_toimipaikka_tiedot_id, virastotunnus, yhteishaunkoulukoodi, yritysmuoto, ytj_kieli, ytjpaivityspvm, ytunnus) 
    values
        (null, ?, ?, ?, ?, ?, ?, ?, ?, ?, ?, ?, ?, ?, ?, ?, ?, ?, ?, ?, ?, ?, ?, ?, ?, ?, ?, ?, ?, ?, ?)
2020-06-10 18:11:39.848 TRACE 55751 --- [    Test worker] o.h.type.descriptor.sql.BasicBinder      : binding parameter [1] as [BIGINT] - [0]
2020-06-10 18:11:39.848 TRACE 55751 --- [    Test worker] o.h.type.descriptor.sql.BasicBinder      : binding parameter [2] as [DATE] - [Fri Dec 31 00:00:00 EET 1999]
2020-06-10 18:11:39.848 TRACE 55751 --- [    Test worker] o.h.type.descriptor.sql.BasicBinder      : binding parameter [3] as [VARCHAR] - [null]
2020-06-10 18:11:39.848 TRACE 55751 --- [    Test worker] o.h.type.descriptor.sql.BasicBinder      : binding parameter [4] as [VARCHAR] - [kunta_092]
2020-06-10 18:11:39.848 TRACE 55751 --- [    Test worker] o.h.type.descriptor.sql.BasicBinder      : binding parameter [5] as [BIGINT] - [1018]
2020-06-10 18:11:39.848 TRACE 55751 --- [    Test worker] o.h.type.descriptor.sql.BasicBinder      : binding parameter [6] as [DATE] - [null]
2020-06-10 18:11:39.848 TRACE 55751 --- [    Test worker] o.h.type.descriptor.sql.BasicBinder      : binding parameter [7] as [VARCHAR] - [maatjavaltiot1_fin]
2020-06-10 18:11:39.848 TRACE 55751 --- [    Test worker] o.h.type.descriptor.sql.BasicBinder      : binding parameter [8] as [BIGINT] - [null]
2020-06-10 18:11:39.848 TRACE 55751 --- [    Test worker] o.h.type.descriptor.sql.BasicBinder      : binding parameter [9] as [BIGINT] - [1019]
2020-06-10 18:11:39.848 TRACE 55751 --- [    Test worker] o.h.type.descriptor.sql.BasicBinder      : binding parameter [10] as [VARCHAR] - [,toimipiste2]
2020-06-10 18:11:39.848 TRACE 55751 --- [    Test worker] o.h.type.descriptor.sql.BasicBinder      : binding parameter [11] as [VARCHAR] - [toimipiste2]
2020-06-10 18:11:39.848 TRACE 55751 --- [    Test worker] o.h.type.descriptor.sql.BasicBinder      : binding parameter [12] as [VARCHAR] - [02]
2020-06-10 18:11:39.848 TRACE 55751 --- [    Test worker] o.h.type.descriptor.sql.BasicBinder      : binding parameter [13] as [VARCHAR] - [null]
2020-06-10 18:11:39.848 TRACE 55751 --- [    Test worker] o.h.type.descriptor.sql.BasicBinder      : binding parameter [14] as [VARCHAR] - [null]
2020-06-10 18:11:39.848 TRACE 55751 --- [    Test worker] o.h.type.descriptor.sql.BasicBinder      : binding parameter [15] as [BOOLEAN] - [false]
2020-06-10 18:11:39.848 TRACE 55751 --- [    Test worker] o.h.type.descriptor.sql.BasicBinder      : binding parameter [16] as [VARCHAR] - [ophadmin]
2020-06-10 18:11:39.848 TRACE 55751 --- [    Test worker] o.h.type.descriptor.sql.BasicBinder      : binding parameter [17] as [TIMESTAMP] - [Wed Jun 10 18:11:39 EEST 2020]
2020-06-10 18:11:39.848 TRACE 55751 --- [    Test worker] o.h.type.descriptor.sql.BasicBinder      : binding parameter [18] as [VARCHAR] - [|1|17|18|]
2020-06-10 18:11:39.848 TRACE 55751 --- [    Test worker] o.h.type.descriptor.sql.BasicBinder      : binding parameter [19] as [VARCHAR] - [|1.2.246.562.24.00000000001|koulutustoimija2|oppilaitos2|]
2020-06-10 18:11:39.848 TRACE 55751 --- [    Test worker] o.h.type.descriptor.sql.BasicBinder      : binding parameter [20] as [BOOLEAN] - [false]
2020-06-10 18:11:39.848 TRACE 55751 --- [    Test worker] o.h.type.descriptor.sql.BasicBinder      : binding parameter [21] as [TIMESTAMP] - [null]
2020-06-10 18:11:39.848 TRACE 55751 --- [    Test worker] o.h.type.descriptor.sql.BasicBinder      : binding parameter [22] as [VARCHAR] - [null02]
2020-06-10 18:11:39.848 TRACE 55751 --- [    Test worker] o.h.type.descriptor.sql.BasicBinder      : binding parameter [23] as [TIMESTAMP] - [null]
2020-06-10 18:11:39.848 TRACE 55751 --- [    Test worker] o.h.type.descriptor.sql.BasicBinder      : binding parameter [24] as [BIGINT] - [null]
2020-06-10 18:11:39.848 TRACE 55751 --- [    Test worker] o.h.type.descriptor.sql.BasicBinder      : binding parameter [25] as [VARCHAR] - [null]
2020-06-10 18:11:39.848 TRACE 55751 --- [    Test worker] o.h.type.descriptor.sql.BasicBinder      : binding parameter [26] as [VARCHAR] - [null]
2020-06-10 18:11:39.848 TRACE 55751 --- [    Test worker] o.h.type.descriptor.sql.BasicBinder      : binding parameter [27] as [VARCHAR] - [null]
2020-06-10 18:11:39.848 TRACE 55751 --- [    Test worker] o.h.type.descriptor.sql.BasicBinder      : binding parameter [28] as [VARCHAR] - [null]
2020-06-10 18:11:39.849 TRACE 55751 --- [    Test worker] o.h.type.descriptor.sql.BasicBinder      : binding parameter [29] as [DATE] - [null]
2020-06-10 18:11:39.849 TRACE 55751 --- [    Test worker] o.h.type.descriptor.sql.BasicBinder      : binding parameter [30] as [VARCHAR] - [null]
Hibernate: 
    insert 
    into
        organisaatio_nimi
        (id, version, alkupvm, nimi_mkt, organisaatio_id, paivittaja) 
    values
        (null, ?, ?, ?, ?, ?)
2020-06-10 18:11:39.849 TRACE 55751 --- [    Test worker] o.h.type.descriptor.sql.BasicBinder      : binding parameter [1] as [BIGINT] - [0]
2020-06-10 18:11:39.849 TRACE 55751 --- [    Test worker] o.h.type.descriptor.sql.BasicBinder      : binding parameter [2] as [DATE] - [Wed Jun 10 18:11:39 EEST 2020]
2020-06-10 18:11:39.849 TRACE 55751 --- [    Test worker] o.h.type.descriptor.sql.BasicBinder      : binding parameter [3] as [BIGINT] - [1019]
2020-06-10 18:11:39.849 TRACE 55751 --- [    Test worker] o.h.type.descriptor.sql.BasicBinder      : binding parameter [4] as [BIGINT] - [19]
2020-06-10 18:11:39.849 TRACE 55751 --- [    Test worker] o.h.type.descriptor.sql.BasicBinder      : binding parameter [5] as [VARCHAR] - [null]
Hibernate: 
    insert 
    into
        yhteystieto
        (id, version, kieli, organisaatio_id, yhteystieto_oid, coordinatetype, extrarivi, lat, lng, maa, osavaltio, osoite, osoite_tyyppi, postinumero, postitoimipaikka, ytjpaivityspvm, dtype) 
    values
        (null, ?, ?, ?, ?, ?, ?, ?, ?, ?, ?, ?, ?, ?, ?, ?, 'Osoite')
2020-06-10 18:11:39.850 TRACE 55751 --- [    Test worker] o.h.type.descriptor.sql.BasicBinder      : binding parameter [1] as [BIGINT] - [0]
2020-06-10 18:11:39.850 TRACE 55751 --- [    Test worker] o.h.type.descriptor.sql.BasicBinder      : binding parameter [2] as [VARCHAR] - [kieli_fi#1]
2020-06-10 18:11:39.850 TRACE 55751 --- [    Test worker] o.h.type.descriptor.sql.BasicBinder      : binding parameter [3] as [BIGINT] - [19]
2020-06-10 18:11:39.850 TRACE 55751 --- [    Test worker] o.h.type.descriptor.sql.BasicBinder      : binding parameter [4] as [VARCHAR] - [1.2.246.562.5.80972203320]
2020-06-10 18:11:39.850 TRACE 55751 --- [    Test worker] o.h.type.descriptor.sql.BasicBinder      : binding parameter [5] as [VARCHAR] - [null]
2020-06-10 18:11:39.850 TRACE 55751 --- [    Test worker] o.h.type.descriptor.sql.BasicBinder      : binding parameter [6] as [VARCHAR] - [null]
2020-06-10 18:11:39.850 TRACE 55751 --- [    Test worker] o.h.type.descriptor.sql.BasicBinder      : binding parameter [7] as [DOUBLE] - [null]
2020-06-10 18:11:39.850 TRACE 55751 --- [    Test worker] o.h.type.descriptor.sql.BasicBinder      : binding parameter [8] as [DOUBLE] - [null]
2020-06-10 18:11:39.850 TRACE 55751 --- [    Test worker] o.h.type.descriptor.sql.BasicBinder      : binding parameter [9] as [VARCHAR] - [null]
2020-06-10 18:11:39.850 TRACE 55751 --- [    Test worker] o.h.type.descriptor.sql.BasicBinder      : binding parameter [10] as [VARCHAR] - [null]
2020-06-10 18:11:39.850 TRACE 55751 --- [    Test worker] o.h.type.descriptor.sql.BasicBinder      : binding parameter [11] as [VARCHAR] - [Kayntiosoite 2B]
2020-06-10 18:11:39.850 TRACE 55751 --- [    Test worker] o.h.type.descriptor.sql.BasicBinder      : binding parameter [12] as [VARCHAR] - [kaynti]
2020-06-10 18:11:39.851 TRACE 55751 --- [    Test worker] o.h.type.descriptor.sql.BasicBinder      : binding parameter [13] as [VARCHAR] - [posti_00550]
2020-06-10 18:11:39.851 TRACE 55751 --- [    Test worker] o.h.type.descriptor.sql.BasicBinder      : binding parameter [14] as [VARCHAR] - [Helsinki]
2020-06-10 18:11:39.851 TRACE 55751 --- [    Test worker] o.h.type.descriptor.sql.BasicBinder      : binding parameter [15] as [DATE] - [null]
Hibernate: 
    insert 
    into
        yhteystieto
        (id, version, kieli, organisaatio_id, yhteystieto_oid, puhelinnumero, tyyppi, dtype) 
    values
        (null, ?, ?, ?, ?, ?, ?, 'Puhelinnumero')
2020-06-10 18:11:39.851 TRACE 55751 --- [    Test worker] o.h.type.descriptor.sql.BasicBinder      : binding parameter [1] as [BIGINT] - [0]
2020-06-10 18:11:39.851 TRACE 55751 --- [    Test worker] o.h.type.descriptor.sql.BasicBinder      : binding parameter [2] as [VARCHAR] - [kieli_fi#1]
2020-06-10 18:11:39.851 TRACE 55751 --- [    Test worker] o.h.type.descriptor.sql.BasicBinder      : binding parameter [3] as [BIGINT] - [19]
2020-06-10 18:11:39.851 TRACE 55751 --- [    Test worker] o.h.type.descriptor.sql.BasicBinder      : binding parameter [4] as [VARCHAR] - [1.2.246.562.5.96982338811]
2020-06-10 18:11:39.851 TRACE 55751 --- [    Test worker] o.h.type.descriptor.sql.BasicBinder      : binding parameter [5] as [VARCHAR] - [123]
2020-06-10 18:11:39.851 TRACE 55751 --- [    Test worker] o.h.type.descriptor.sql.BasicBinder      : binding parameter [6] as [VARCHAR] - [puhelin]
Hibernate: 
    insert 
    into
        yhteystieto
        (id, version, kieli, organisaatio_id, yhteystieto_oid, coordinatetype, extrarivi, lat, lng, maa, osavaltio, osoite, osoite_tyyppi, postinumero, postitoimipaikka, ytjpaivityspvm, dtype) 
    values
        (null, ?, ?, ?, ?, ?, ?, ?, ?, ?, ?, ?, ?, ?, ?, ?, 'Osoite')
2020-06-10 18:11:39.852 TRACE 55751 --- [    Test worker] o.h.type.descriptor.sql.BasicBinder      : binding parameter [1] as [BIGINT] - [0]
2020-06-10 18:11:39.852 TRACE 55751 --- [    Test worker] o.h.type.descriptor.sql.BasicBinder      : binding parameter [2] as [VARCHAR] - [kieli_fi#1]
2020-06-10 18:11:39.852 TRACE 55751 --- [    Test worker] o.h.type.descriptor.sql.BasicBinder      : binding parameter [3] as [BIGINT] - [19]
2020-06-10 18:11:39.852 TRACE 55751 --- [    Test worker] o.h.type.descriptor.sql.BasicBinder      : binding parameter [4] as [VARCHAR] - [1.2.246.562.5.88844975844]
2020-06-10 18:11:39.852 TRACE 55751 --- [    Test worker] o.h.type.descriptor.sql.BasicBinder      : binding parameter [5] as [VARCHAR] - [null]
2020-06-10 18:11:39.852 TRACE 55751 --- [    Test worker] o.h.type.descriptor.sql.BasicBinder      : binding parameter [6] as [VARCHAR] - [null]
2020-06-10 18:11:39.852 TRACE 55751 --- [    Test worker] o.h.type.descriptor.sql.BasicBinder      : binding parameter [7] as [DOUBLE] - [null]
2020-06-10 18:11:39.852 TRACE 55751 --- [    Test worker] o.h.type.descriptor.sql.BasicBinder      : binding parameter [8] as [DOUBLE] - [null]
2020-06-10 18:11:39.852 TRACE 55751 --- [    Test worker] o.h.type.descriptor.sql.BasicBinder      : binding parameter [9] as [VARCHAR] - [null]
2020-06-10 18:11:39.852 TRACE 55751 --- [    Test worker] o.h.type.descriptor.sql.BasicBinder      : binding parameter [10] as [VARCHAR] - [null]
2020-06-10 18:11:39.852 TRACE 55751 --- [    Test worker] o.h.type.descriptor.sql.BasicBinder      : binding parameter [11] as [VARCHAR] - [Postiosoite 1A]
2020-06-10 18:11:39.852 TRACE 55751 --- [    Test worker] o.h.type.descriptor.sql.BasicBinder      : binding parameter [12] as [VARCHAR] - [posti]
2020-06-10 18:11:39.852 TRACE 55751 --- [    Test worker] o.h.type.descriptor.sql.BasicBinder      : binding parameter [13] as [VARCHAR] - [00550]
2020-06-10 18:11:39.852 TRACE 55751 --- [    Test worker] o.h.type.descriptor.sql.BasicBinder      : binding parameter [14] as [VARCHAR] - [Helsinki]
2020-06-10 18:11:39.852 TRACE 55751 --- [    Test worker] o.h.type.descriptor.sql.BasicBinder      : binding parameter [15] as [DATE] - [null]
Hibernate: 
    insert 
    into
        yhteystieto
        (id, version, kieli, organisaatio_id, yhteystieto_oid, www_osoite, dtype) 
    values
        (null, ?, ?, ?, ?, ?, 'Www')
2020-06-10 18:11:39.853 TRACE 55751 --- [    Test worker] o.h.type.descriptor.sql.BasicBinder      : binding parameter [1] as [BIGINT] - [0]
2020-06-10 18:11:39.853 TRACE 55751 --- [    Test worker] o.h.type.descriptor.sql.BasicBinder      : binding parameter [2] as [VARCHAR] - [kieli_fi#1]
2020-06-10 18:11:39.853 TRACE 55751 --- [    Test worker] o.h.type.descriptor.sql.BasicBinder      : binding parameter [3] as [BIGINT] - [19]
2020-06-10 18:11:39.853 TRACE 55751 --- [    Test worker] o.h.type.descriptor.sql.BasicBinder      : binding parameter [4] as [VARCHAR] - [15918018994810.9310356319612747]
2020-06-10 18:11:39.853 TRACE 55751 --- [    Test worker] o.h.type.descriptor.sql.BasicBinder      : binding parameter [5] as [VARCHAR] - [http://test.oph.fi]
Hibernate: 
    insert 
    into
        yhteystieto
        (id, version, kieli, organisaatio_id, yhteystieto_oid, email, dtype) 
    values
        (null, ?, ?, ?, ?, ?, 'Email')
2020-06-10 18:11:39.853 TRACE 55751 --- [    Test worker] o.h.type.descriptor.sql.BasicBinder      : binding parameter [1] as [BIGINT] - [0]
2020-06-10 18:11:39.853 TRACE 55751 --- [    Test worker] o.h.type.descriptor.sql.BasicBinder      : binding parameter [2] as [VARCHAR] - [kieli_fi#1]
2020-06-10 18:11:39.853 TRACE 55751 --- [    Test worker] o.h.type.descriptor.sql.BasicBinder      : binding parameter [3] as [BIGINT] - [19]
2020-06-10 18:11:39.853 TRACE 55751 --- [    Test worker] o.h.type.descriptor.sql.BasicBinder      : binding parameter [4] as [VARCHAR] - [15918018994810.9754087790189739]
2020-06-10 18:11:39.853 TRACE 55751 --- [    Test worker] o.h.type.descriptor.sql.BasicBinder      : binding parameter [5] as [VARCHAR] - [asd@asd.asd]
2020-06-10 18:11:39.854  INFO 55751 --- [    Test worker] .s.o.r.i.OrganisaatioSuhdeRepositoryImpl : findParentTo(19, Wed Jun 10 18:11:39 EEST 2020)
Hibernate: 
    update
        organisaatio 
    set
        version=?,
        alkupvm=?,
        domainnimi=?,
        kotipaikka=?,
        kuvaus_mkt=?,
        lakkautuspvm=?,
        maa=?,
        metadata_id=?,
        nimi_mkt=?,
        nimihaku=?,
        oid=?,
        opetuspisteenjarjnro=?,
        oppilaitoskoodi=?,
        oppilaitos_tyyppi=?,
        organisaatio_poistettu=?,
        paivittaja=?,
        paivityspvm=?,
        parentidpath=?,
        parentoidpath=?,
        piilotettu=?,
        tarkastus_pvm=?,
        toimipistekoodi=?,
        tuontipvm=?,
        varhaiskasvatuksen_toimipaikka_tiedot_id=?,
        virastotunnus=?,
        yhteishaunkoulukoodi=?,
        yritysmuoto=?,
        ytj_kieli=?,
        ytjpaivityspvm=?,
        ytunnus=? 
    where
        id=? 
        and version=?
2020-06-10 18:11:39.856 TRACE 55751 --- [    Test worker] o.h.type.descriptor.sql.BasicBinder      : binding parameter [1] as [BIGINT] - [1]
2020-06-10 18:11:39.856 TRACE 55751 --- [    Test worker] o.h.type.descriptor.sql.BasicBinder      : binding parameter [2] as [DATE] - [Fri Dec 31 00:00:00 EET 1999]
2020-06-10 18:11:39.856 TRACE 55751 --- [    Test worker] o.h.type.descriptor.sql.BasicBinder      : binding parameter [3] as [VARCHAR] - [null]
2020-06-10 18:11:39.856 TRACE 55751 --- [    Test worker] o.h.type.descriptor.sql.BasicBinder      : binding parameter [4] as [VARCHAR] - [kunta_092]
2020-06-10 18:11:39.856 TRACE 55751 --- [    Test worker] o.h.type.descriptor.sql.BasicBinder      : binding parameter [5] as [BIGINT] - [1018]
2020-06-10 18:11:39.856 TRACE 55751 --- [    Test worker] o.h.type.descriptor.sql.BasicBinder      : binding parameter [6] as [DATE] - [null]
2020-06-10 18:11:39.856 TRACE 55751 --- [    Test worker] o.h.type.descriptor.sql.BasicBinder      : binding parameter [7] as [VARCHAR] - [maatjavaltiot1_fin]
2020-06-10 18:11:39.856 TRACE 55751 --- [    Test worker] o.h.type.descriptor.sql.BasicBinder      : binding parameter [8] as [BIGINT] - [null]
2020-06-10 18:11:39.856 TRACE 55751 --- [    Test worker] o.h.type.descriptor.sql.BasicBinder      : binding parameter [9] as [BIGINT] - [1019]
2020-06-10 18:11:39.856 TRACE 55751 --- [    Test worker] o.h.type.descriptor.sql.BasicBinder      : binding parameter [10] as [VARCHAR] - [,toimipiste2]
2020-06-10 18:11:39.856 TRACE 55751 --- [    Test worker] o.h.type.descriptor.sql.BasicBinder      : binding parameter [11] as [VARCHAR] - [toimipiste2]
2020-06-10 18:11:39.856 TRACE 55751 --- [    Test worker] o.h.type.descriptor.sql.BasicBinder      : binding parameter [12] as [VARCHAR] - [02]
2020-06-10 18:11:39.856 TRACE 55751 --- [    Test worker] o.h.type.descriptor.sql.BasicBinder      : binding parameter [13] as [VARCHAR] - [null]
2020-06-10 18:11:39.856 TRACE 55751 --- [    Test worker] o.h.type.descriptor.sql.BasicBinder      : binding parameter [14] as [VARCHAR] - [null]
2020-06-10 18:11:39.856 TRACE 55751 --- [    Test worker] o.h.type.descriptor.sql.BasicBinder      : binding parameter [15] as [BOOLEAN] - [false]
2020-06-10 18:11:39.856 TRACE 55751 --- [    Test worker] o.h.type.descriptor.sql.BasicBinder      : binding parameter [16] as [VARCHAR] - [ophadmin]
2020-06-10 18:11:39.856 TRACE 55751 --- [    Test worker] o.h.type.descriptor.sql.BasicBinder      : binding parameter [17] as [TIMESTAMP] - [Wed Jun 10 18:11:39 EEST 2020]
2020-06-10 18:11:39.856 TRACE 55751 --- [    Test worker] o.h.type.descriptor.sql.BasicBinder      : binding parameter [18] as [VARCHAR] - [|1|17|18|]
2020-06-10 18:11:39.856 TRACE 55751 --- [    Test worker] o.h.type.descriptor.sql.BasicBinder      : binding parameter [19] as [VARCHAR] - [|1.2.246.562.24.00000000001|koulutustoimija2|oppilaitos2|]
2020-06-10 18:11:39.856 TRACE 55751 --- [    Test worker] o.h.type.descriptor.sql.BasicBinder      : binding parameter [20] as [BOOLEAN] - [false]
2020-06-10 18:11:39.856 TRACE 55751 --- [    Test worker] o.h.type.descriptor.sql.BasicBinder      : binding parameter [21] as [TIMESTAMP] - [null]
2020-06-10 18:11:39.856 TRACE 55751 --- [    Test worker] o.h.type.descriptor.sql.BasicBinder      : binding parameter [22] as [VARCHAR] - [null02]
2020-06-10 18:11:39.856 TRACE 55751 --- [    Test worker] o.h.type.descriptor.sql.BasicBinder      : binding parameter [23] as [TIMESTAMP] - [null]
2020-06-10 18:11:39.856 TRACE 55751 --- [    Test worker] o.h.type.descriptor.sql.BasicBinder      : binding parameter [24] as [BIGINT] - [null]
2020-06-10 18:11:39.856 TRACE 55751 --- [    Test worker] o.h.type.descriptor.sql.BasicBinder      : binding parameter [25] as [VARCHAR] - [null]
2020-06-10 18:11:39.856 TRACE 55751 --- [    Test worker] o.h.type.descriptor.sql.BasicBinder      : binding parameter [26] as [VARCHAR] - [null]
2020-06-10 18:11:39.856 TRACE 55751 --- [    Test worker] o.h.type.descriptor.sql.BasicBinder      : binding parameter [27] as [VARCHAR] - [null]
2020-06-10 18:11:39.856 TRACE 55751 --- [    Test worker] o.h.type.descriptor.sql.BasicBinder      : binding parameter [28] as [VARCHAR] - [null]
2020-06-10 18:11:39.856 TRACE 55751 --- [    Test worker] o.h.type.descriptor.sql.BasicBinder      : binding parameter [29] as [DATE] - [null]
2020-06-10 18:11:39.856 TRACE 55751 --- [    Test worker] o.h.type.descriptor.sql.BasicBinder      : binding parameter [30] as [VARCHAR] - [null]
2020-06-10 18:11:39.856 TRACE 55751 --- [    Test worker] o.h.type.descriptor.sql.BasicBinder      : binding parameter [31] as [BIGINT] - [19]
2020-06-10 18:11:39.856 TRACE 55751 --- [    Test worker] o.h.type.descriptor.sql.BasicBinder      : binding parameter [32] as [BIGINT] - [0]
Hibernate: 
    insert 
    into
        organisaatio_kielet
        (organisaatio_id, kielet) 
    values
        (?, ?)
2020-06-10 18:11:39.857 TRACE 55751 --- [    Test worker] o.h.type.descriptor.sql.BasicBinder      : binding parameter [1] as [BIGINT] - [19]
2020-06-10 18:11:39.857 TRACE 55751 --- [    Test worker] o.h.type.descriptor.sql.BasicBinder      : binding parameter [2] as [VARCHAR] - [oppilaitoksenopetuskieli_1#1]
Hibernate: 
    insert 
    into
        organisaatio_tyypit
        (organisaatio_id, tyypit) 
    values
        (?, ?)
2020-06-10 18:11:39.857 TRACE 55751 --- [    Test worker] o.h.type.descriptor.sql.BasicBinder      : binding parameter [1] as [BIGINT] - [19]
2020-06-10 18:11:39.857 TRACE 55751 --- [    Test worker] o.h.type.descriptor.sql.BasicBinder      : binding parameter [2] as [VARCHAR] - [organisaatiotyyppi_03]
Hibernate: 
    insert 
    into
        monikielinen_teksti_values
        (id, key, value) 
    values
        (?, ?, ?)
2020-06-10 18:11:39.857 TRACE 55751 --- [    Test worker] o.h.type.descriptor.sql.BasicBinder      : binding parameter [1] as [BIGINT] - [1019]
2020-06-10 18:11:39.857 TRACE 55751 --- [    Test worker] o.h.type.descriptor.sql.BasicBinder      : binding parameter [2] as [VARCHAR] - [fi]
2020-06-10 18:11:39.857 TRACE 55751 --- [    Test worker] o.h.type.descriptor.sql.BasicBinder      : binding parameter [3] as [VARCHAR] - [toimipiste2]
Hibernate: 
    select
        organisaat0_.id as id1_19_0_,
        organisaat1_.id as id1_5_1_,
        organisaat0_.version as version2_19_0_,
        organisaat0_.alkupvm as alkupvm3_19_0_,
        organisaat0_.child_id as child_id7_19_0_,
        organisaat0_.loppupvm as loppupvm4_19_0_,
        organisaat0_.opetuspisteenjarjnro as opetuspi5_19_0_,
        organisaat0_.parent_id as parent_i8_19_0_,
        organisaat0_.suhdetyyppi as suhdetyy6_19_0_,
        organisaat1_.version as version2_5_1_,
        organisaat1_.alkupvm as alkupvm3_5_1_,
        organisaat1_.domainnimi as domainni4_5_1_,
        organisaat1_.kotipaikka as kotipaik5_5_1_,
        organisaat1_.kuvaus_mkt as kuvaus_28_5_1_,
        organisaat1_.lakkautuspvm as lakkautu6_5_1_,
        organisaat1_.maa as maa7_5_1_,
        organisaat1_.metadata_id as metadat29_5_1_,
        organisaat1_.nimi_mkt as nimi_mk30_5_1_,
        organisaat1_.nimihaku as nimihaku8_5_1_,
        organisaat1_.oid as oid9_5_1_,
        organisaat1_.opetuspisteenjarjnro as opetusp10_5_1_,
        organisaat1_.oppilaitoskoodi as oppilai11_5_1_,
        organisaat1_.oppilaitos_tyyppi as oppilai12_5_1_,
        organisaat1_.organisaatio_poistettu as organis13_5_1_,
        organisaat1_.paivittaja as paivitt14_5_1_,
        organisaat1_.paivityspvm as paivity15_5_1_,
        organisaat1_.parentidpath as parenti16_5_1_,
        organisaat1_.parentoidpath as parento17_5_1_,
        organisaat1_.piilotettu as piilote18_5_1_,
        organisaat1_.tarkastus_pvm as tarkast19_5_1_,
        organisaat1_.toimipistekoodi as toimipi20_5_1_,
        organisaat1_.tuontipvm as tuontip21_5_1_,
        organisaat1_.varhaiskasvatuksen_toimipaikka_tiedot_id as varhais31_5_1_,
        organisaat1_.virastotunnus as virasto22_5_1_,
        organisaat1_.yhteishaunkoulukoodi as yhteish23_5_1_,
        organisaat1_.yritysmuoto as yritysm24_5_1_,
        organisaat1_.ytj_kieli as ytj_kie25_5_1_,
        organisaat1_.ytjpaivityspvm as ytjpaiv26_5_1_,
        organisaat1_.ytunnus as ytunnus27_5_1_ 
    from
        organisaatiosuhde organisaat0_ 
    inner join
        organisaatio organisaat1_ 
            on organisaat0_.parent_id=organisaat1_.id 
    where
        organisaat0_.child_id=? 
        and organisaat0_.suhdetyyppi=? 
        and (
            organisaat0_.alkupvm=? 
            or organisaat0_.alkupvm<?
        ) 
        and (
            organisaat0_.loppupvm is null 
            or organisaat0_.loppupvm>?
        ) 
        and organisaat1_.organisaatio_poistettu=? 
    order by
        organisaat0_.alkupvm desc
2020-06-10 18:11:39.857 TRACE 55751 --- [    Test worker] o.h.type.descriptor.sql.BasicBinder      : binding parameter [1] as [BIGINT] - [19]
2020-06-10 18:11:39.857 TRACE 55751 --- [    Test worker] o.h.type.descriptor.sql.BasicBinder      : binding parameter [2] as [VARCHAR] - [HISTORIA]
2020-06-10 18:11:39.857 TRACE 55751 --- [    Test worker] o.h.type.descriptor.sql.BasicBinder      : binding parameter [3] as [DATE] - [Wed Jun 10 18:11:39 EEST 2020]
2020-06-10 18:11:39.857 TRACE 55751 --- [    Test worker] o.h.type.descriptor.sql.BasicBinder      : binding parameter [4] as [DATE] - [Wed Jun 10 18:11:39 EEST 2020]
2020-06-10 18:11:39.857 TRACE 55751 --- [    Test worker] o.h.type.descriptor.sql.BasicBinder      : binding parameter [5] as [DATE] - [Wed Jun 10 18:11:39 EEST 2020]
2020-06-10 18:11:39.857 TRACE 55751 --- [    Test worker] o.h.type.descriptor.sql.BasicBinder      : binding parameter [6] as [BOOLEAN] - [false]
2020-06-10 18:11:39.858  INFO 55751 --- [    Test worker] .s.o.r.i.OrganisaatioSuhdeRepositoryImpl : addChild(18, 19, Wed Jun 10 18:11:39 EEST 2020)
Hibernate: 
    insert 
    into
        organisaatiosuhde
        (id, version, alkupvm, child_id, loppupvm, opetuspisteenjarjnro, parent_id, suhdetyyppi) 
    values
        (null, ?, ?, ?, ?, ?, ?, ?)
2020-06-10 18:11:39.858 TRACE 55751 --- [    Test worker] o.h.type.descriptor.sql.BasicBinder      : binding parameter [1] as [BIGINT] - [0]
2020-06-10 18:11:39.858 TRACE 55751 --- [    Test worker] o.h.type.descriptor.sql.BasicBinder      : binding parameter [2] as [DATE] - [Wed Jun 10 18:11:39 EEST 2020]
2020-06-10 18:11:39.858 TRACE 55751 --- [    Test worker] o.h.type.descriptor.sql.BasicBinder      : binding parameter [3] as [BIGINT] - [19]
2020-06-10 18:11:39.858 TRACE 55751 --- [    Test worker] o.h.type.descriptor.sql.BasicBinder      : binding parameter [4] as [DATE] - [null]
2020-06-10 18:11:39.859 TRACE 55751 --- [    Test worker] o.h.type.descriptor.sql.BasicBinder      : binding parameter [5] as [VARCHAR] - [02]
2020-06-10 18:11:39.859 TRACE 55751 --- [    Test worker] o.h.type.descriptor.sql.BasicBinder      : binding parameter [6] as [BIGINT] - [18]
2020-06-10 18:11:39.859 TRACE 55751 --- [    Test worker] o.h.type.descriptor.sql.BasicBinder      : binding parameter [7] as [VARCHAR] - [HISTORIA]
2020-06-10 18:11:39.859  INFO 55751 --- [    Test worker] .s.o.r.i.OrganisaatioSuhdeRepositoryImpl :     Created new child relation:  --> pId=18, cId=19, aPvm=Wed Jun 10 18:11:39 EEST 2020, lPvm=null
Hibernate: 
    select
        organisaat0_.id as id1_19_,
        organisaat0_.version as version2_19_,
        organisaat0_.alkupvm as alkupvm3_19_,
        organisaat0_.child_id as child_id7_19_,
        organisaat0_.loppupvm as loppupvm4_19_,
        organisaat0_.opetuspisteenjarjnro as opetuspi5_19_,
        organisaat0_.parent_id as parent_i8_19_,
        organisaat0_.suhdetyyppi as suhdetyy6_19_ 
    from
        organisaatiosuhde organisaat0_ 
    where
        organisaat0_.child_id=?
2020-06-10 18:11:39.860 TRACE 55751 --- [    Test worker] o.h.type.descriptor.sql.BasicBinder      : binding parameter [1] as [BIGINT] - [19]
2020-06-10 18:11:39.860 TRACE 55751 --- [    Test worker] o.h.type.descriptor.sql.BasicExtractor   : extracted value ([id1_19_] : [BIGINT]) - [18]
Hibernate: 
    select
        organisaat0_.id as id1_5_,
        organisaat0_.version as version2_5_,
        organisaat0_.alkupvm as alkupvm3_5_,
        organisaat0_.domainnimi as domainni4_5_,
        organisaat0_.kotipaikka as kotipaik5_5_,
        organisaat0_.kuvaus_mkt as kuvaus_28_5_,
        organisaat0_.lakkautuspvm as lakkautu6_5_,
        organisaat0_.maa as maa7_5_,
        organisaat0_.metadata_id as metadat29_5_,
        organisaat0_.nimi_mkt as nimi_mk30_5_,
        organisaat0_.nimihaku as nimihaku8_5_,
        organisaat0_.oid as oid9_5_,
        organisaat0_.opetuspisteenjarjnro as opetusp10_5_,
        organisaat0_.oppilaitoskoodi as oppilai11_5_,
        organisaat0_.oppilaitos_tyyppi as oppilai12_5_,
        organisaat0_.organisaatio_poistettu as organis13_5_,
        organisaat0_.paivittaja as paivitt14_5_,
        organisaat0_.paivityspvm as paivity15_5_,
        organisaat0_.parentidpath as parenti16_5_,
        organisaat0_.parentoidpath as parento17_5_,
        organisaat0_.piilotettu as piilote18_5_,
        organisaat0_.tarkastus_pvm as tarkast19_5_,
        organisaat0_.toimipistekoodi as toimipi20_5_,
        organisaat0_.tuontipvm as tuontip21_5_,
        organisaat0_.varhaiskasvatuksen_toimipaikka_tiedot_id as varhais31_5_,
        organisaat0_.virastotunnus as virasto22_5_,
        organisaat0_.yhteishaunkoulukoodi as yhteish23_5_,
        organisaat0_.yritysmuoto as yritysm24_5_,
        organisaat0_.ytj_kieli as ytj_kie25_5_,
        organisaat0_.ytjpaivityspvm as ytjpaiv26_5_,
        organisaat0_.ytunnus as ytunnus27_5_ 
    from
        organisaatio organisaat0_ 
    where
        organisaat0_.oid=?
2020-06-10 18:11:39.862 TRACE 55751 --- [    Test worker] o.h.type.descriptor.sql.BasicBinder      : binding parameter [1] as [VARCHAR] - [toimipiste2]
2020-06-10 18:11:39.862 TRACE 55751 --- [    Test worker] o.h.type.descriptor.sql.BasicExtractor   : extracted value ([id1_5_] : [BIGINT]) - [19]
2020-06-10 18:11:39.864  INFO 55751 --- [    Test worker] .s.o.r.i.OrganisaatioSuhdeRepositoryImpl : addLiitos(Organisaatio[id=15, version=1], Organisaatio[id=18, version=1], Wed Jun 10 18:11:39 EEST 2020)
Hibernate: 
    insert 
    into
        organisaatiosuhde
        (id, version, alkupvm, child_id, loppupvm, opetuspisteenjarjnro, parent_id, suhdetyyppi) 
    values
        (null, ?, ?, ?, ?, ?, ?, ?)
2020-06-10 18:11:39.864 TRACE 55751 --- [    Test worker] o.h.type.descriptor.sql.BasicBinder      : binding parameter [1] as [BIGINT] - [0]
2020-06-10 18:11:39.864 TRACE 55751 --- [    Test worker] o.h.type.descriptor.sql.BasicBinder      : binding parameter [2] as [DATE] - [Wed Jun 10 18:11:39 EEST 2020]
2020-06-10 18:11:39.865 TRACE 55751 --- [    Test worker] o.h.type.descriptor.sql.BasicBinder      : binding parameter [3] as [BIGINT] - [15]
2020-06-10 18:11:39.865 TRACE 55751 --- [    Test worker] o.h.type.descriptor.sql.BasicBinder      : binding parameter [4] as [DATE] - [null]
2020-06-10 18:11:39.865 TRACE 55751 --- [    Test worker] o.h.type.descriptor.sql.BasicBinder      : binding parameter [5] as [VARCHAR] - [null]
2020-06-10 18:11:39.865 TRACE 55751 --- [    Test worker] o.h.type.descriptor.sql.BasicBinder      : binding parameter [6] as [BIGINT] - [18]
2020-06-10 18:11:39.865 TRACE 55751 --- [    Test worker] o.h.type.descriptor.sql.BasicBinder      : binding parameter [7] as [VARCHAR] - [LIITOS]
2020-06-10 18:11:39.865  INFO 55751 --- [    Test worker] .s.o.r.i.OrganisaatioSuhdeRepositoryImpl :     Created new liitos relation:  --> pId=18, cId=15, aPvm=Wed Jun 10 18:11:39 EEST 2020, lPvm=null
2020-06-10 18:11:39.865  INFO 55751 --- [    Test worker] .s.o.r.i.OrganisaatioSuhdeRepositoryImpl : findChildrenTo(15, Wed Jun 10 18:11:39 EEST 2020)
Hibernate: 
    update
        organisaatio 
    set
        version=?,
        alkupvm=?,
        domainnimi=?,
        kotipaikka=?,
        kuvaus_mkt=?,
        lakkautuspvm=?,
        maa=?,
        metadata_id=?,
        nimi_mkt=?,
        nimihaku=?,
        oid=?,
        opetuspisteenjarjnro=?,
        oppilaitoskoodi=?,
        oppilaitos_tyyppi=?,
        organisaatio_poistettu=?,
        paivittaja=?,
        paivityspvm=?,
        parentidpath=?,
        parentoidpath=?,
        piilotettu=?,
        tarkastus_pvm=?,
        toimipistekoodi=?,
        tuontipvm=?,
        varhaiskasvatuksen_toimipaikka_tiedot_id=?,
        virastotunnus=?,
        yhteishaunkoulukoodi=?,
        yritysmuoto=?,
        ytj_kieli=?,
        ytjpaivityspvm=?,
        ytunnus=? 
    where
        id=? 
        and version=?
2020-06-10 18:11:39.869 TRACE 55751 --- [    Test worker] o.h.type.descriptor.sql.BasicBinder      : binding parameter [1] as [BIGINT] - [2]
2020-06-10 18:11:39.869 TRACE 55751 --- [    Test worker] o.h.type.descriptor.sql.BasicBinder      : binding parameter [2] as [DATE] - [Fri Dec 31 00:00:00 EET 1999]
2020-06-10 18:11:39.869 TRACE 55751 --- [    Test worker] o.h.type.descriptor.sql.BasicBinder      : binding parameter [3] as [VARCHAR] - [null]
2020-06-10 18:11:39.869 TRACE 55751 --- [    Test worker] o.h.type.descriptor.sql.BasicBinder      : binding parameter [4] as [VARCHAR] - [kunta_092]
2020-06-10 18:11:39.869 TRACE 55751 --- [    Test worker] o.h.type.descriptor.sql.BasicBinder      : binding parameter [5] as [BIGINT] - [1010]
2020-06-10 18:11:39.869 TRACE 55751 --- [    Test worker] o.h.type.descriptor.sql.BasicBinder      : binding parameter [6] as [DATE] - [Tue Jun 09 00:00:00 EEST 2020]
2020-06-10 18:11:39.869 TRACE 55751 --- [    Test worker] o.h.type.descriptor.sql.BasicBinder      : binding parameter [7] as [VARCHAR] - [maatjavaltiot1_fin]
2020-06-10 18:11:39.869 TRACE 55751 --- [    Test worker] o.h.type.descriptor.sql.BasicBinder      : binding parameter [8] as [BIGINT] - [null]
2020-06-10 18:11:39.869 TRACE 55751 --- [    Test worker] o.h.type.descriptor.sql.BasicBinder      : binding parameter [9] as [BIGINT] - [1011]
2020-06-10 18:11:39.869 TRACE 55751 --- [    Test worker] o.h.type.descriptor.sql.BasicBinder      : binding parameter [10] as [VARCHAR] - [,oppilaitos1]
2020-06-10 18:11:39.869 TRACE 55751 --- [    Test worker] o.h.type.descriptor.sql.BasicBinder      : binding parameter [11] as [VARCHAR] - [oppilaitos1]
2020-06-10 18:11:39.869 TRACE 55751 --- [    Test worker] o.h.type.descriptor.sql.BasicBinder      : binding parameter [12] as [VARCHAR] - [null]
2020-06-10 18:11:39.869 TRACE 55751 --- [    Test worker] o.h.type.descriptor.sql.BasicBinder      : binding parameter [13] as [VARCHAR] - [null]
2020-06-10 18:11:39.869 TRACE 55751 --- [    Test worker] o.h.type.descriptor.sql.BasicBinder      : binding parameter [14] as [VARCHAR] - [null]
2020-06-10 18:11:39.869 TRACE 55751 --- [    Test worker] o.h.type.descriptor.sql.BasicBinder      : binding parameter [15] as [BOOLEAN] - [false]
2020-06-10 18:11:39.869 TRACE 55751 --- [    Test worker] o.h.type.descriptor.sql.BasicBinder      : binding parameter [16] as [VARCHAR] - [ophadmin]
2020-06-10 18:11:39.869 TRACE 55751 --- [    Test worker] o.h.type.descriptor.sql.BasicBinder      : binding parameter [17] as [TIMESTAMP] - [Wed Jun 10 18:11:38 EEST 2020]
2020-06-10 18:11:39.869 TRACE 55751 --- [    Test worker] o.h.type.descriptor.sql.BasicBinder      : binding parameter [18] as [VARCHAR] - [|1|14|]
2020-06-10 18:11:39.869 TRACE 55751 --- [    Test worker] o.h.type.descriptor.sql.BasicBinder      : binding parameter [19] as [VARCHAR] - [|1.2.246.562.24.00000000001|koulutustoimija1|]
2020-06-10 18:11:39.869 TRACE 55751 --- [    Test worker] o.h.type.descriptor.sql.BasicBinder      : binding parameter [20] as [BOOLEAN] - [false]
2020-06-10 18:11:39.869 TRACE 55751 --- [    Test worker] o.h.type.descriptor.sql.BasicBinder      : binding parameter [21] as [TIMESTAMP] - [null]
2020-06-10 18:11:39.869 TRACE 55751 --- [    Test worker] o.h.type.descriptor.sql.BasicBinder      : binding parameter [22] as [VARCHAR] - [null]
2020-06-10 18:11:39.869 TRACE 55751 --- [    Test worker] o.h.type.descriptor.sql.BasicBinder      : binding parameter [23] as [TIMESTAMP] - [null]
2020-06-10 18:11:39.869 TRACE 55751 --- [    Test worker] o.h.type.descriptor.sql.BasicBinder      : binding parameter [24] as [BIGINT] - [null]
2020-06-10 18:11:39.869 TRACE 55751 --- [    Test worker] o.h.type.descriptor.sql.BasicBinder      : binding parameter [25] as [VARCHAR] - [null]
2020-06-10 18:11:39.869 TRACE 55751 --- [    Test worker] o.h.type.descriptor.sql.BasicBinder      : binding parameter [26] as [VARCHAR] - [null]
2020-06-10 18:11:39.869 TRACE 55751 --- [    Test worker] o.h.type.descriptor.sql.BasicBinder      : binding parameter [27] as [VARCHAR] - [null]
2020-06-10 18:11:39.870 TRACE 55751 --- [    Test worker] o.h.type.descriptor.sql.BasicBinder      : binding parameter [28] as [VARCHAR] - [null]
2020-06-10 18:11:39.870 TRACE 55751 --- [    Test worker] o.h.type.descriptor.sql.BasicBinder      : binding parameter [29] as [DATE] - [null]
2020-06-10 18:11:39.870 TRACE 55751 --- [    Test worker] o.h.type.descriptor.sql.BasicBinder      : binding parameter [30] as [VARCHAR] - [null]
2020-06-10 18:11:39.870 TRACE 55751 --- [    Test worker] o.h.type.descriptor.sql.BasicBinder      : binding parameter [31] as [BIGINT] - [15]
2020-06-10 18:11:39.870 TRACE 55751 --- [    Test worker] o.h.type.descriptor.sql.BasicBinder      : binding parameter [32] as [BIGINT] - [1]
Hibernate: 
    select
        organisaat0_.id as id1_19_0_,
        organisaat1_.id as id1_5_1_,
        organisaat0_.version as version2_19_0_,
        organisaat0_.alkupvm as alkupvm3_19_0_,
        organisaat0_.child_id as child_id7_19_0_,
        organisaat0_.loppupvm as loppupvm4_19_0_,
        organisaat0_.opetuspisteenjarjnro as opetuspi5_19_0_,
        organisaat0_.parent_id as parent_i8_19_0_,
        organisaat0_.suhdetyyppi as suhdetyy6_19_0_,
        organisaat1_.version as version2_5_1_,
        organisaat1_.alkupvm as alkupvm3_5_1_,
        organisaat1_.domainnimi as domainni4_5_1_,
        organisaat1_.kotipaikka as kotipaik5_5_1_,
        organisaat1_.kuvaus_mkt as kuvaus_28_5_1_,
        organisaat1_.lakkautuspvm as lakkautu6_5_1_,
        organisaat1_.maa as maa7_5_1_,
        organisaat1_.metadata_id as metadat29_5_1_,
        organisaat1_.nimi_mkt as nimi_mk30_5_1_,
        organisaat1_.nimihaku as nimihaku8_5_1_,
        organisaat1_.oid as oid9_5_1_,
        organisaat1_.opetuspisteenjarjnro as opetusp10_5_1_,
        organisaat1_.oppilaitoskoodi as oppilai11_5_1_,
        organisaat1_.oppilaitos_tyyppi as oppilai12_5_1_,
        organisaat1_.organisaatio_poistettu as organis13_5_1_,
        organisaat1_.paivittaja as paivitt14_5_1_,
        organisaat1_.paivityspvm as paivity15_5_1_,
        organisaat1_.parentidpath as parenti16_5_1_,
        organisaat1_.parentoidpath as parento17_5_1_,
        organisaat1_.piilotettu as piilote18_5_1_,
        organisaat1_.tarkastus_pvm as tarkast19_5_1_,
        organisaat1_.toimipistekoodi as toimipi20_5_1_,
        organisaat1_.tuontipvm as tuontip21_5_1_,
        organisaat1_.varhaiskasvatuksen_toimipaikka_tiedot_id as varhais31_5_1_,
        organisaat1_.virastotunnus as virasto22_5_1_,
        organisaat1_.yhteishaunkoulukoodi as yhteish23_5_1_,
        organisaat1_.yritysmuoto as yritysm24_5_1_,
        organisaat1_.ytj_kieli as ytj_kie25_5_1_,
        organisaat1_.ytjpaivityspvm as ytjpaiv26_5_1_,
        organisaat1_.ytunnus as ytunnus27_5_1_ 
    from
        organisaatiosuhde organisaat0_ 
    inner join
        organisaatio organisaat1_ 
            on organisaat0_.child_id=organisaat1_.id 
    where
        organisaat0_.parent_id=? 
        and organisaat0_.suhdetyyppi=? 
        and (
            organisaat0_.alkupvm=? 
            or organisaat0_.alkupvm<?
        ) 
        and (
            organisaat0_.loppupvm is null 
            or organisaat0_.loppupvm>?
        ) 
        and organisaat1_.organisaatio_poistettu=? 
    order by
        organisaat0_.alkupvm desc
2020-06-10 18:11:39.870 TRACE 55751 --- [    Test worker] o.h.type.descriptor.sql.BasicBinder      : binding parameter [1] as [BIGINT] - [15]
2020-06-10 18:11:39.871 TRACE 55751 --- [    Test worker] o.h.type.descriptor.sql.BasicBinder      : binding parameter [2] as [VARCHAR] - [HISTORIA]
2020-06-10 18:11:39.871 TRACE 55751 --- [    Test worker] o.h.type.descriptor.sql.BasicBinder      : binding parameter [3] as [DATE] - [Wed Jun 10 18:11:39 EEST 2020]
2020-06-10 18:11:39.871 TRACE 55751 --- [    Test worker] o.h.type.descriptor.sql.BasicBinder      : binding parameter [4] as [DATE] - [Wed Jun 10 18:11:39 EEST 2020]
2020-06-10 18:11:39.871 TRACE 55751 --- [    Test worker] o.h.type.descriptor.sql.BasicBinder      : binding parameter [5] as [DATE] - [Wed Jun 10 18:11:39 EEST 2020]
2020-06-10 18:11:39.871 TRACE 55751 --- [    Test worker] o.h.type.descriptor.sql.BasicBinder      : binding parameter [6] as [BOOLEAN] - [false]
2020-06-10 18:11:39.871 TRACE 55751 --- [    Test worker] o.h.type.descriptor.sql.BasicExtractor   : extracted value ([id1_19_0_] : [BIGINT]) - [15]
2020-06-10 18:11:39.871 TRACE 55751 --- [    Test worker] o.h.type.descriptor.sql.BasicExtractor   : extracted value ([id1_5_1_] : [BIGINT]) - [16]
2020-06-10 18:11:39.871  INFO 55751 --- [    Test worker] .s.o.r.i.OrganisaatioSuhdeRepositoryImpl : findParentTo(16, Wed Jun 10 18:11:39 EEST 2020)
Hibernate: 
    select
        organisaat0_.id as id1_19_0_,
        organisaat1_.id as id1_5_1_,
        organisaat0_.version as version2_19_0_,
        organisaat0_.alkupvm as alkupvm3_19_0_,
        organisaat0_.child_id as child_id7_19_0_,
        organisaat0_.loppupvm as loppupvm4_19_0_,
        organisaat0_.opetuspisteenjarjnro as opetuspi5_19_0_,
        organisaat0_.parent_id as parent_i8_19_0_,
        organisaat0_.suhdetyyppi as suhdetyy6_19_0_,
        organisaat1_.version as version2_5_1_,
        organisaat1_.alkupvm as alkupvm3_5_1_,
        organisaat1_.domainnimi as domainni4_5_1_,
        organisaat1_.kotipaikka as kotipaik5_5_1_,
        organisaat1_.kuvaus_mkt as kuvaus_28_5_1_,
        organisaat1_.lakkautuspvm as lakkautu6_5_1_,
        organisaat1_.maa as maa7_5_1_,
        organisaat1_.metadata_id as metadat29_5_1_,
        organisaat1_.nimi_mkt as nimi_mk30_5_1_,
        organisaat1_.nimihaku as nimihaku8_5_1_,
        organisaat1_.oid as oid9_5_1_,
        organisaat1_.opetuspisteenjarjnro as opetusp10_5_1_,
        organisaat1_.oppilaitoskoodi as oppilai11_5_1_,
        organisaat1_.oppilaitos_tyyppi as oppilai12_5_1_,
        organisaat1_.organisaatio_poistettu as organis13_5_1_,
        organisaat1_.paivittaja as paivitt14_5_1_,
        organisaat1_.paivityspvm as paivity15_5_1_,
        organisaat1_.parentidpath as parenti16_5_1_,
        organisaat1_.parentoidpath as parento17_5_1_,
        organisaat1_.piilotettu as piilote18_5_1_,
        organisaat1_.tarkastus_pvm as tarkast19_5_1_,
        organisaat1_.toimipistekoodi as toimipi20_5_1_,
        organisaat1_.tuontipvm as tuontip21_5_1_,
        organisaat1_.varhaiskasvatuksen_toimipaikka_tiedot_id as varhais31_5_1_,
        organisaat1_.virastotunnus as virasto22_5_1_,
        organisaat1_.yhteishaunkoulukoodi as yhteish23_5_1_,
        organisaat1_.yritysmuoto as yritysm24_5_1_,
        organisaat1_.ytj_kieli as ytj_kie25_5_1_,
        organisaat1_.ytjpaivityspvm as ytjpaiv26_5_1_,
        organisaat1_.ytunnus as ytunnus27_5_1_ 
    from
        organisaatiosuhde organisaat0_ 
    inner join
        organisaatio organisaat1_ 
            on organisaat0_.parent_id=organisaat1_.id 
    where
        organisaat0_.child_id=? 
        and organisaat0_.suhdetyyppi=? 
        and (
            organisaat0_.alkupvm=? 
            or organisaat0_.alkupvm<?
        ) 
        and (
            organisaat0_.loppupvm is null 
            or organisaat0_.loppupvm>?
        ) 
        and organisaat1_.organisaatio_poistettu=? 
    order by
        organisaat0_.alkupvm desc
2020-06-10 18:11:39.872 TRACE 55751 --- [    Test worker] o.h.type.descriptor.sql.BasicBinder      : binding parameter [1] as [BIGINT] - [16]
2020-06-10 18:11:39.872 TRACE 55751 --- [    Test worker] o.h.type.descriptor.sql.BasicBinder      : binding parameter [2] as [VARCHAR] - [HISTORIA]
2020-06-10 18:11:39.872 TRACE 55751 --- [    Test worker] o.h.type.descriptor.sql.BasicBinder      : binding parameter [3] as [DATE] - [Wed Jun 10 18:11:39 EEST 2020]
2020-06-10 18:11:39.873 TRACE 55751 --- [    Test worker] o.h.type.descriptor.sql.BasicBinder      : binding parameter [4] as [DATE] - [Wed Jun 10 18:11:39 EEST 2020]
2020-06-10 18:11:39.873 TRACE 55751 --- [    Test worker] o.h.type.descriptor.sql.BasicBinder      : binding parameter [5] as [DATE] - [Wed Jun 10 18:11:39 EEST 2020]
2020-06-10 18:11:39.873 TRACE 55751 --- [    Test worker] o.h.type.descriptor.sql.BasicBinder      : binding parameter [6] as [BOOLEAN] - [false]
2020-06-10 18:11:39.873 TRACE 55751 --- [    Test worker] o.h.type.descriptor.sql.BasicExtractor   : extracted value ([id1_19_0_] : [BIGINT]) - [15]
2020-06-10 18:11:39.873 TRACE 55751 --- [    Test worker] o.h.type.descriptor.sql.BasicExtractor   : extracted value ([id1_5_1_] : [BIGINT]) - [15]
2020-06-10 18:11:39.873  INFO 55751 --- [    Test worker] .s.o.r.i.OrganisaatioSuhdeRepositoryImpl : findParentTo(16, Wed Jun 10 18:11:39 EEST 2020)
Hibernate: 
    select
        organisaat0_.id as id1_19_0_,
        organisaat1_.id as id1_5_1_,
        organisaat0_.version as version2_19_0_,
        organisaat0_.alkupvm as alkupvm3_19_0_,
        organisaat0_.child_id as child_id7_19_0_,
        organisaat0_.loppupvm as loppupvm4_19_0_,
        organisaat0_.opetuspisteenjarjnro as opetuspi5_19_0_,
        organisaat0_.parent_id as parent_i8_19_0_,
        organisaat0_.suhdetyyppi as suhdetyy6_19_0_,
        organisaat1_.version as version2_5_1_,
        organisaat1_.alkupvm as alkupvm3_5_1_,
        organisaat1_.domainnimi as domainni4_5_1_,
        organisaat1_.kotipaikka as kotipaik5_5_1_,
        organisaat1_.kuvaus_mkt as kuvaus_28_5_1_,
        organisaat1_.lakkautuspvm as lakkautu6_5_1_,
        organisaat1_.maa as maa7_5_1_,
        organisaat1_.metadata_id as metadat29_5_1_,
        organisaat1_.nimi_mkt as nimi_mk30_5_1_,
        organisaat1_.nimihaku as nimihaku8_5_1_,
        organisaat1_.oid as oid9_5_1_,
        organisaat1_.opetuspisteenjarjnro as opetusp10_5_1_,
        organisaat1_.oppilaitoskoodi as oppilai11_5_1_,
        organisaat1_.oppilaitos_tyyppi as oppilai12_5_1_,
        organisaat1_.organisaatio_poistettu as organis13_5_1_,
        organisaat1_.paivittaja as paivitt14_5_1_,
        organisaat1_.paivityspvm as paivity15_5_1_,
        organisaat1_.parentidpath as parenti16_5_1_,
        organisaat1_.parentoidpath as parento17_5_1_,
        organisaat1_.piilotettu as piilote18_5_1_,
        organisaat1_.tarkastus_pvm as tarkast19_5_1_,
        organisaat1_.toimipistekoodi as toimipi20_5_1_,
        organisaat1_.tuontipvm as tuontip21_5_1_,
        organisaat1_.varhaiskasvatuksen_toimipaikka_tiedot_id as varhais31_5_1_,
        organisaat1_.virastotunnus as virasto22_5_1_,
        organisaat1_.yhteishaunkoulukoodi as yhteish23_5_1_,
        organisaat1_.yritysmuoto as yritysm24_5_1_,
        organisaat1_.ytj_kieli as ytj_kie25_5_1_,
        organisaat1_.ytjpaivityspvm as ytjpaiv26_5_1_,
        organisaat1_.ytunnus as ytunnus27_5_1_ 
    from
        organisaatiosuhde organisaat0_ 
    inner join
        organisaatio organisaat1_ 
            on organisaat0_.parent_id=organisaat1_.id 
    where
        organisaat0_.child_id=? 
        and organisaat0_.suhdetyyppi=? 
        and (
            organisaat0_.alkupvm=? 
            or organisaat0_.alkupvm<?
        ) 
        and (
            organisaat0_.loppupvm is null 
            or organisaat0_.loppupvm>?
        ) 
        and organisaat1_.organisaatio_poistettu=? 
    order by
        organisaat0_.alkupvm desc
2020-06-10 18:11:39.875 TRACE 55751 --- [    Test worker] o.h.type.descriptor.sql.BasicBinder      : binding parameter [1] as [BIGINT] - [16]
2020-06-10 18:11:39.875 TRACE 55751 --- [    Test worker] o.h.type.descriptor.sql.BasicBinder      : binding parameter [2] as [VARCHAR] - [HISTORIA]
2020-06-10 18:11:39.875 TRACE 55751 --- [    Test worker] o.h.type.descriptor.sql.BasicBinder      : binding parameter [3] as [DATE] - [Wed Jun 10 18:11:39 EEST 2020]
2020-06-10 18:11:39.875 TRACE 55751 --- [    Test worker] o.h.type.descriptor.sql.BasicBinder      : binding parameter [4] as [DATE] - [Wed Jun 10 18:11:39 EEST 2020]
2020-06-10 18:11:39.875 TRACE 55751 --- [    Test worker] o.h.type.descriptor.sql.BasicBinder      : binding parameter [5] as [DATE] - [Wed Jun 10 18:11:39 EEST 2020]
2020-06-10 18:11:39.875 TRACE 55751 --- [    Test worker] o.h.type.descriptor.sql.BasicBinder      : binding parameter [6] as [BOOLEAN] - [false]
2020-06-10 18:11:39.875 TRACE 55751 --- [    Test worker] o.h.type.descriptor.sql.BasicExtractor   : extracted value ([id1_19_0_] : [BIGINT]) - [15]
2020-06-10 18:11:39.875 TRACE 55751 --- [    Test worker] o.h.type.descriptor.sql.BasicExtractor   : extracted value ([id1_5_1_] : [BIGINT]) - [15]
Hibernate: 
    insert 
    into
        organisaatiosuhde
        (id, version, alkupvm, child_id, loppupvm, opetuspisteenjarjnro, parent_id, suhdetyyppi) 
    values
        (null, ?, ?, ?, ?, ?, ?, ?)
2020-06-10 18:11:39.876 TRACE 55751 --- [    Test worker] o.h.type.descriptor.sql.BasicBinder      : binding parameter [1] as [BIGINT] - [0]
2020-06-10 18:11:39.876 TRACE 55751 --- [    Test worker] o.h.type.descriptor.sql.BasicBinder      : binding parameter [2] as [DATE] - [Wed Jun 10 18:11:39 EEST 2020]
2020-06-10 18:11:39.876 TRACE 55751 --- [    Test worker] o.h.type.descriptor.sql.BasicBinder      : binding parameter [3] as [BIGINT] - [16]
2020-06-10 18:11:39.876 TRACE 55751 --- [    Test worker] o.h.type.descriptor.sql.BasicBinder      : binding parameter [4] as [DATE] - [null]
2020-06-10 18:11:39.876 TRACE 55751 --- [    Test worker] o.h.type.descriptor.sql.BasicBinder      : binding parameter [5] as [VARCHAR] - [null]
2020-06-10 18:11:39.876 TRACE 55751 --- [    Test worker] o.h.type.descriptor.sql.BasicBinder      : binding parameter [6] as [BIGINT] - [18]
2020-06-10 18:11:39.876 TRACE 55751 --- [    Test worker] o.h.type.descriptor.sql.BasicBinder      : binding parameter [7] as [VARCHAR] - [HISTORIA]
Hibernate: 
    select
        organisaat0_.id as id1_5_,
        organisaat0_.version as version2_5_,
        organisaat0_.alkupvm as alkupvm3_5_,
        organisaat0_.domainnimi as domainni4_5_,
        organisaat0_.kotipaikka as kotipaik5_5_,
        organisaat0_.kuvaus_mkt as kuvaus_28_5_,
        organisaat0_.lakkautuspvm as lakkautu6_5_,
        organisaat0_.maa as maa7_5_,
        organisaat0_.metadata_id as metadat29_5_,
        organisaat0_.nimi_mkt as nimi_mk30_5_,
        organisaat0_.nimihaku as nimihaku8_5_,
        organisaat0_.oid as oid9_5_,
        organisaat0_.opetuspisteenjarjnro as opetusp10_5_,
        organisaat0_.oppilaitoskoodi as oppilai11_5_,
        organisaat0_.oppilaitos_tyyppi as oppilai12_5_,
        organisaat0_.organisaatio_poistettu as organis13_5_,
        organisaat0_.paivittaja as paivitt14_5_,
        organisaat0_.paivityspvm as paivity15_5_,
        organisaat0_.parentidpath as parenti16_5_,
        organisaat0_.parentoidpath as parento17_5_,
        organisaat0_.piilotettu as piilote18_5_,
        organisaat0_.tarkastus_pvm as tarkast19_5_,
        organisaat0_.toimipistekoodi as toimipi20_5_,
        organisaat0_.tuontipvm as tuontip21_5_,
        organisaat0_.varhaiskasvatuksen_toimipaikka_tiedot_id as varhais31_5_,
        organisaat0_.virastotunnus as virasto22_5_,
        organisaat0_.yhteishaunkoulukoodi as yhteish23_5_,
        organisaat0_.yritysmuoto as yritysm24_5_,
        organisaat0_.ytj_kieli as ytj_kie25_5_,
        organisaat0_.ytjpaivityspvm as ytjpaiv26_5_,
        organisaat0_.ytunnus as ytunnus27_5_ 
    from
        organisaatio organisaat0_ 
    where
        organisaat0_.toimipistekoodi=?
2020-06-10 18:11:39.878 TRACE 55751 --- [    Test worker] o.h.type.descriptor.sql.BasicBinder      : binding parameter [1] as [VARCHAR] - [null01]
2020-06-10 18:11:39.878 TRACE 55751 --- [    Test worker] o.h.type.descriptor.sql.BasicExtractor   : extracted value ([id1_5_] : [BIGINT]) - [16]
Hibernate: 
    select
        organisaat0_.id as id1_5_,
        organisaat0_.version as version2_5_,
        organisaat0_.alkupvm as alkupvm3_5_,
        organisaat0_.domainnimi as domainni4_5_,
        organisaat0_.kotipaikka as kotipaik5_5_,
        organisaat0_.kuvaus_mkt as kuvaus_28_5_,
        organisaat0_.lakkautuspvm as lakkautu6_5_,
        organisaat0_.maa as maa7_5_,
        organisaat0_.metadata_id as metadat29_5_,
        organisaat0_.nimi_mkt as nimi_mk30_5_,
        organisaat0_.nimihaku as nimihaku8_5_,
        organisaat0_.oid as oid9_5_,
        organisaat0_.opetuspisteenjarjnro as opetusp10_5_,
        organisaat0_.oppilaitoskoodi as oppilai11_5_,
        organisaat0_.oppilaitos_tyyppi as oppilai12_5_,
        organisaat0_.organisaatio_poistettu as organis13_5_,
        organisaat0_.paivittaja as paivitt14_5_,
        organisaat0_.paivityspvm as paivity15_5_,
        organisaat0_.parentidpath as parenti16_5_,
        organisaat0_.parentoidpath as parento17_5_,
        organisaat0_.piilotettu as piilote18_5_,
        organisaat0_.tarkastus_pvm as tarkast19_5_,
        organisaat0_.toimipistekoodi as toimipi20_5_,
        organisaat0_.tuontipvm as tuontip21_5_,
        organisaat0_.varhaiskasvatuksen_toimipaikka_tiedot_id as varhais31_5_,
        organisaat0_.virastotunnus as virasto22_5_,
        organisaat0_.yhteishaunkoulukoodi as yhteish23_5_,
        organisaat0_.yritysmuoto as yritysm24_5_,
        organisaat0_.ytj_kieli as ytj_kie25_5_,
        organisaat0_.ytjpaivityspvm as ytjpaiv26_5_,
        organisaat0_.ytunnus as ytunnus27_5_ 
    from
        organisaatio organisaat0_ 
    where
        organisaat0_.toimipistekoodi=?
2020-06-10 18:11:39.880 TRACE 55751 --- [    Test worker] o.h.type.descriptor.sql.BasicBinder      : binding parameter [1] as [VARCHAR] - [null02]
2020-06-10 18:11:39.880 TRACE 55751 --- [    Test worker] o.h.type.descriptor.sql.BasicExtractor   : extracted value ([id1_5_] : [BIGINT]) - [19]
Hibernate: 
    select
        organisaat0_.id as id1_5_,
        organisaat0_.version as version2_5_,
        organisaat0_.alkupvm as alkupvm3_5_,
        organisaat0_.domainnimi as domainni4_5_,
        organisaat0_.kotipaikka as kotipaik5_5_,
        organisaat0_.kuvaus_mkt as kuvaus_28_5_,
        organisaat0_.lakkautuspvm as lakkautu6_5_,
        organisaat0_.maa as maa7_5_,
        organisaat0_.metadata_id as metadat29_5_,
        organisaat0_.nimi_mkt as nimi_mk30_5_,
        organisaat0_.nimihaku as nimihaku8_5_,
        organisaat0_.oid as oid9_5_,
        organisaat0_.opetuspisteenjarjnro as opetusp10_5_,
        organisaat0_.oppilaitoskoodi as oppilai11_5_,
        organisaat0_.oppilaitos_tyyppi as oppilai12_5_,
        organisaat0_.organisaatio_poistettu as organis13_5_,
        organisaat0_.paivittaja as paivitt14_5_,
        organisaat0_.paivityspvm as paivity15_5_,
        organisaat0_.parentidpath as parenti16_5_,
        organisaat0_.parentoidpath as parento17_5_,
        organisaat0_.piilotettu as piilote18_5_,
        organisaat0_.tarkastus_pvm as tarkast19_5_,
        organisaat0_.toimipistekoodi as toimipi20_5_,
        organisaat0_.tuontipvm as tuontip21_5_,
        organisaat0_.varhaiskasvatuksen_toimipaikka_tiedot_id as varhais31_5_,
        organisaat0_.virastotunnus as virasto22_5_,
        organisaat0_.yhteishaunkoulukoodi as yhteish23_5_,
        organisaat0_.yritysmuoto as yritysm24_5_,
        organisaat0_.ytj_kieli as ytj_kie25_5_,
        organisaat0_.ytjpaivityspvm as ytjpaiv26_5_,
        organisaat0_.ytunnus as ytunnus27_5_ 
    from
        organisaatio organisaat0_ 
    where
        organisaat0_.toimipistekoodi=?
2020-06-10 18:11:39.881 TRACE 55751 --- [    Test worker] o.h.type.descriptor.sql.BasicBinder      : binding parameter [1] as [VARCHAR] - [null03]
2020-06-10 18:11:40.127  WARN 55751 --- [    Test worker] fi.vm.sade.javautils.http.OphHttpClient  : Failed to CAS authenticate. Renewing proxy ticket.
2020-06-10 18:11:40.195 ERROR 55751 --- [    Test worker] fi.vm.sade.javautils.http.LogUtil        : Internal error calling REST resource, url: https://virkailija.untuvaopintopolku.fi/koodisto-service/rest/codeelement/opetuspisteet_null01/1, method: GET, status: 500, userInfo: , connectionTimeoutMs: 10000, socketTimeoutMs: 10000
2020-06-10 18:11:40.195 ERROR 55751 --- [    Test worker] fi.vm.sade.javautils.http.LogUtil        : Not found error calling REST resource, url: https://virkailija.untuvaopintopolku.fi/koodisto-service/rest/codeelement/opetuspisteet_null01/1, method: GET, status: 500, userInfo: , connectionTimeoutMs: 10000, socketTimeoutMs: 10000
2020-06-10 18:11:40.198  WARN 55751 --- [    Test worker] f.v.s.o.b.impl.OrganisaatioKoodistoImpl  : Koodin opetuspisteet_null01 hakeminen epäonnistui, koodia ei löytynyt!
Hibernate: 
    update
        monikielinen_teksti 
    set
        version=? 
    where
        id=? 
        and version=?
2020-06-10 18:11:40.202 TRACE 55751 --- [    Test worker] o.h.type.descriptor.sql.BasicBinder      : binding parameter [1] as [BIGINT] - [1]
2020-06-10 18:11:40.202 TRACE 55751 --- [    Test worker] o.h.type.descriptor.sql.BasicBinder      : binding parameter [2] as [BIGINT] - [1013]
2020-06-10 18:11:40.202 TRACE 55751 --- [    Test worker] o.h.type.descriptor.sql.BasicBinder      : binding parameter [3] as [BIGINT] - [0]
Hibernate: 
    update
        organisaatio 
    set
        version=?,
        alkupvm=?,
        domainnimi=?,
        kotipaikka=?,
        kuvaus_mkt=?,
        lakkautuspvm=?,
        maa=?,
        metadata_id=?,
        nimi_mkt=?,
        nimihaku=?,
        oid=?,
        opetuspisteenjarjnro=?,
        oppilaitoskoodi=?,
        oppilaitos_tyyppi=?,
        organisaatio_poistettu=?,
        paivittaja=?,
        paivityspvm=?,
        parentidpath=?,
        parentoidpath=?,
        piilotettu=?,
        tarkastus_pvm=?,
        toimipistekoodi=?,
        tuontipvm=?,
        varhaiskasvatuksen_toimipaikka_tiedot_id=?,
        virastotunnus=?,
        yhteishaunkoulukoodi=?,
        yritysmuoto=?,
        ytj_kieli=?,
        ytjpaivityspvm=?,
        ytunnus=? 
    where
        id=? 
        and version=?
2020-06-10 18:11:40.203 TRACE 55751 --- [    Test worker] o.h.type.descriptor.sql.BasicBinder      : binding parameter [1] as [BIGINT] - [2]
2020-06-10 18:11:40.203 TRACE 55751 --- [    Test worker] o.h.type.descriptor.sql.BasicBinder      : binding parameter [2] as [DATE] - [Fri Dec 31 00:00:00 EET 1999]
2020-06-10 18:11:40.203 TRACE 55751 --- [    Test worker] o.h.type.descriptor.sql.BasicBinder      : binding parameter [3] as [VARCHAR] - [null]
2020-06-10 18:11:40.203 TRACE 55751 --- [    Test worker] o.h.type.descriptor.sql.BasicBinder      : binding parameter [4] as [VARCHAR] - [kunta_092]
2020-06-10 18:11:40.203 TRACE 55751 --- [    Test worker] o.h.type.descriptor.sql.BasicBinder      : binding parameter [5] as [BIGINT] - [1012]
2020-06-10 18:11:40.203 TRACE 55751 --- [    Test worker] o.h.type.descriptor.sql.BasicBinder      : binding parameter [6] as [DATE] - [null]
2020-06-10 18:11:40.203 TRACE 55751 --- [    Test worker] o.h.type.descriptor.sql.BasicBinder      : binding parameter [7] as [VARCHAR] - [maatjavaltiot1_fin]
2020-06-10 18:11:40.203 TRACE 55751 --- [    Test worker] o.h.type.descriptor.sql.BasicBinder      : binding parameter [8] as [BIGINT] - [null]
2020-06-10 18:11:40.203 TRACE 55751 --- [    Test worker] o.h.type.descriptor.sql.BasicBinder      : binding parameter [9] as [BIGINT] - [1013]
2020-06-10 18:11:40.203 TRACE 55751 --- [    Test worker] o.h.type.descriptor.sql.BasicBinder      : binding parameter [10] as [VARCHAR] - [,toimipiste1]
2020-06-10 18:11:40.203 TRACE 55751 --- [    Test worker] o.h.type.descriptor.sql.BasicBinder      : binding parameter [11] as [VARCHAR] - [toimipiste1]
2020-06-10 18:11:40.203 TRACE 55751 --- [    Test worker] o.h.type.descriptor.sql.BasicBinder      : binding parameter [12] as [VARCHAR] - [03]
2020-06-10 18:11:40.203 TRACE 55751 --- [    Test worker] o.h.type.descriptor.sql.BasicBinder      : binding parameter [13] as [VARCHAR] - [null]
2020-06-10 18:11:40.203 TRACE 55751 --- [    Test worker] o.h.type.descriptor.sql.BasicBinder      : binding parameter [14] as [VARCHAR] - [null]
2020-06-10 18:11:40.203 TRACE 55751 --- [    Test worker] o.h.type.descriptor.sql.BasicBinder      : binding parameter [15] as [BOOLEAN] - [false]
2020-06-10 18:11:40.204 TRACE 55751 --- [    Test worker] o.h.type.descriptor.sql.BasicBinder      : binding parameter [16] as [VARCHAR] - [ophadmin]
2020-06-10 18:11:40.204 TRACE 55751 --- [    Test worker] o.h.type.descriptor.sql.BasicBinder      : binding parameter [17] as [TIMESTAMP] - [Wed Jun 10 18:11:38 EEST 2020]
2020-06-10 18:11:40.204 TRACE 55751 --- [    Test worker] o.h.type.descriptor.sql.BasicBinder      : binding parameter [18] as [VARCHAR] - [|1|14|15|]
2020-06-10 18:11:40.204 TRACE 55751 --- [    Test worker] o.h.type.descriptor.sql.BasicBinder      : binding parameter [19] as [VARCHAR] - [|1.2.246.562.24.00000000001|koulutustoimija1|oppilaitos1|]
2020-06-10 18:11:40.204 TRACE 55751 --- [    Test worker] o.h.type.descriptor.sql.BasicBinder      : binding parameter [20] as [BOOLEAN] - [false]
2020-06-10 18:11:40.204 TRACE 55751 --- [    Test worker] o.h.type.descriptor.sql.BasicBinder      : binding parameter [21] as [TIMESTAMP] - [null]
2020-06-10 18:11:40.204 TRACE 55751 --- [    Test worker] o.h.type.descriptor.sql.BasicBinder      : binding parameter [22] as [VARCHAR] - [null03]
2020-06-10 18:11:40.204 TRACE 55751 --- [    Test worker] o.h.type.descriptor.sql.BasicBinder      : binding parameter [23] as [TIMESTAMP] - [null]
2020-06-10 18:11:40.204 TRACE 55751 --- [    Test worker] o.h.type.descriptor.sql.BasicBinder      : binding parameter [24] as [BIGINT] - [null]
2020-06-10 18:11:40.204 TRACE 55751 --- [    Test worker] o.h.type.descriptor.sql.BasicBinder      : binding parameter [25] as [VARCHAR] - [null]
2020-06-10 18:11:40.204 TRACE 55751 --- [    Test worker] o.h.type.descriptor.sql.BasicBinder      : binding parameter [26] as [VARCHAR] - [null]
2020-06-10 18:11:40.204 TRACE 55751 --- [    Test worker] o.h.type.descriptor.sql.BasicBinder      : binding parameter [27] as [VARCHAR] - [null]
2020-06-10 18:11:40.204 TRACE 55751 --- [    Test worker] o.h.type.descriptor.sql.BasicBinder      : binding parameter [28] as [VARCHAR] - [null]
2020-06-10 18:11:40.204 TRACE 55751 --- [    Test worker] o.h.type.descriptor.sql.BasicBinder      : binding parameter [29] as [DATE] - [null]
2020-06-10 18:11:40.204 TRACE 55751 --- [    Test worker] o.h.type.descriptor.sql.BasicBinder      : binding parameter [30] as [VARCHAR] - [null]
2020-06-10 18:11:40.204 TRACE 55751 --- [    Test worker] o.h.type.descriptor.sql.BasicBinder      : binding parameter [31] as [BIGINT] - [16]
2020-06-10 18:11:40.204 TRACE 55751 --- [    Test worker] o.h.type.descriptor.sql.BasicBinder      : binding parameter [32] as [BIGINT] - [1]
Hibernate: 
    update
        organisaatiosuhde 
    set
        version=?,
        alkupvm=?,
        child_id=?,
        loppupvm=?,
        opetuspisteenjarjnro=?,
        parent_id=?,
        suhdetyyppi=? 
    where
        id=? 
        and version=?
2020-06-10 18:11:40.205 TRACE 55751 --- [    Test worker] o.h.type.descriptor.sql.BasicBinder      : binding parameter [1] as [BIGINT] - [1]
2020-06-10 18:11:40.205 TRACE 55751 --- [    Test worker] o.h.type.descriptor.sql.BasicBinder      : binding parameter [2] as [DATE] - [Wed Jun 10 18:11:38 EEST 2020]
2020-06-10 18:11:40.205 TRACE 55751 --- [    Test worker] o.h.type.descriptor.sql.BasicBinder      : binding parameter [3] as [BIGINT] - [16]
2020-06-10 18:11:40.205 TRACE 55751 --- [    Test worker] o.h.type.descriptor.sql.BasicBinder      : binding parameter [4] as [DATE] - [Wed Jun 10 18:11:39 EEST 2020]
2020-06-10 18:11:40.205 TRACE 55751 --- [    Test worker] o.h.type.descriptor.sql.BasicBinder      : binding parameter [5] as [VARCHAR] - [01]
2020-06-10 18:11:40.205 TRACE 55751 --- [    Test worker] o.h.type.descriptor.sql.BasicBinder      : binding parameter [6] as [BIGINT] - [15]
2020-06-10 18:11:40.205 TRACE 55751 --- [    Test worker] o.h.type.descriptor.sql.BasicBinder      : binding parameter [7] as [VARCHAR] - [HISTORIA]
2020-06-10 18:11:40.205 TRACE 55751 --- [    Test worker] o.h.type.descriptor.sql.BasicBinder      : binding parameter [8] as [BIGINT] - [15]
2020-06-10 18:11:40.205 TRACE 55751 --- [    Test worker] o.h.type.descriptor.sql.BasicBinder      : binding parameter [9] as [BIGINT] - [0]
Hibernate: 
    update
        organisaatiosuhde 
    set
        version=?,
        alkupvm=?,
        child_id=?,
        loppupvm=?,
        opetuspisteenjarjnro=?,
        parent_id=?,
        suhdetyyppi=? 
    where
        id=? 
        and version=?
2020-06-10 18:11:40.205 TRACE 55751 --- [    Test worker] o.h.type.descriptor.sql.BasicBinder      : binding parameter [1] as [BIGINT] - [1]
2020-06-10 18:11:40.205 TRACE 55751 --- [    Test worker] o.h.type.descriptor.sql.BasicBinder      : binding parameter [2] as [DATE] - [Wed Jun 10 18:11:39 EEST 2020]
2020-06-10 18:11:40.205 TRACE 55751 --- [    Test worker] o.h.type.descriptor.sql.BasicBinder      : binding parameter [3] as [BIGINT] - [16]
2020-06-10 18:11:40.205 TRACE 55751 --- [    Test worker] o.h.type.descriptor.sql.BasicBinder      : binding parameter [4] as [DATE] - [null]
2020-06-10 18:11:40.205 TRACE 55751 --- [    Test worker] o.h.type.descriptor.sql.BasicBinder      : binding parameter [5] as [VARCHAR] - [03]
2020-06-10 18:11:40.206 TRACE 55751 --- [    Test worker] o.h.type.descriptor.sql.BasicBinder      : binding parameter [6] as [BIGINT] - [18]
2020-06-10 18:11:40.206 TRACE 55751 --- [    Test worker] o.h.type.descriptor.sql.BasicBinder      : binding parameter [7] as [VARCHAR] - [HISTORIA]
2020-06-10 18:11:40.206 TRACE 55751 --- [    Test worker] o.h.type.descriptor.sql.BasicBinder      : binding parameter [8] as [BIGINT] - [20]
2020-06-10 18:11:40.206 TRACE 55751 --- [    Test worker] o.h.type.descriptor.sql.BasicBinder      : binding parameter [9] as [BIGINT] - [0]
Hibernate: 
    update
        monikielinen_teksti_values 
    set
        value=? 
    where
        id=? 
        and key=?
2020-06-10 18:11:40.206 TRACE 55751 --- [    Test worker] o.h.type.descriptor.sql.BasicBinder      : binding parameter [1] as [VARCHAR] - [oppilaitos2, toimipiste1]
2020-06-10 18:11:40.206 TRACE 55751 --- [    Test worker] o.h.type.descriptor.sql.BasicBinder      : binding parameter [2] as [BIGINT] - [1013]
2020-06-10 18:11:40.207 TRACE 55751 --- [    Test worker] o.h.type.descriptor.sql.BasicBinder      : binding parameter [3] as [VARCHAR] - [fi]
Hibernate: 
    select
        organisaat0_.id as id1_5_,
        organisaat0_.version as version2_5_,
        organisaat0_.alkupvm as alkupvm3_5_,
        organisaat0_.domainnimi as domainni4_5_,
        organisaat0_.kotipaikka as kotipaik5_5_,
        organisaat0_.kuvaus_mkt as kuvaus_28_5_,
        organisaat0_.lakkautuspvm as lakkautu6_5_,
        organisaat0_.maa as maa7_5_,
        organisaat0_.metadata_id as metadat29_5_,
        organisaat0_.nimi_mkt as nimi_mk30_5_,
        organisaat0_.nimihaku as nimihaku8_5_,
        organisaat0_.oid as oid9_5_,
        organisaat0_.opetuspisteenjarjnro as opetusp10_5_,
        organisaat0_.oppilaitoskoodi as oppilai11_5_,
        organisaat0_.oppilaitos_tyyppi as oppilai12_5_,
        organisaat0_.organisaatio_poistettu as organis13_5_,
        organisaat0_.paivittaja as paivitt14_5_,
        organisaat0_.paivityspvm as paivity15_5_,
        organisaat0_.parentidpath as parenti16_5_,
        organisaat0_.parentoidpath as parento17_5_,
        organisaat0_.piilotettu as piilote18_5_,
        organisaat0_.tarkastus_pvm as tarkast19_5_,
        organisaat0_.toimipistekoodi as toimipi20_5_,
        organisaat0_.tuontipvm as tuontip21_5_,
        organisaat0_.varhaiskasvatuksen_toimipaikka_tiedot_id as varhais31_5_,
        organisaat0_.virastotunnus as virasto22_5_,
        organisaat0_.yhteishaunkoulukoodi as yhteish23_5_,
        organisaat0_.yritysmuoto as yritysm24_5_,
        organisaat0_.ytj_kieli as ytj_kie25_5_,
        organisaat0_.ytjpaivityspvm as ytjpaiv26_5_,
        organisaat0_.ytunnus as ytunnus27_5_ 
    from
        organisaatio organisaat0_ 
    where
        organisaat0_.oid=?
2020-06-10 18:11:40.207 TRACE 55751 --- [    Test worker] o.h.type.descriptor.sql.BasicBinder      : binding parameter [1] as [VARCHAR] - [oppilaitos2]
2020-06-10 18:11:40.207 TRACE 55751 --- [    Test worker] o.h.type.descriptor.sql.BasicExtractor   : extracted value ([id1_5_] : [BIGINT]) - [18]
Hibernate: 
    update
        organisaatio 
    set
        version=?,
        alkupvm=?,
        domainnimi=?,
        kotipaikka=?,
        kuvaus_mkt=?,
        lakkautuspvm=?,
        maa=?,
        metadata_id=?,
        nimi_mkt=?,
        nimihaku=?,
        oid=?,
        opetuspisteenjarjnro=?,
        oppilaitoskoodi=?,
        oppilaitos_tyyppi=?,
        organisaatio_poistettu=?,
        paivittaja=?,
        paivityspvm=?,
        parentidpath=?,
        parentoidpath=?,
        piilotettu=?,
        tarkastus_pvm=?,
        toimipistekoodi=?,
        tuontipvm=?,
        varhaiskasvatuksen_toimipaikka_tiedot_id=?,
        virastotunnus=?,
        yhteishaunkoulukoodi=?,
        yritysmuoto=?,
        ytj_kieli=?,
        ytjpaivityspvm=?,
        ytunnus=? 
    where
        id=? 
        and version=?
2020-06-10 18:11:40.211 TRACE 55751 --- [    Test worker] o.h.type.descriptor.sql.BasicBinder      : binding parameter [1] as [BIGINT] - [3]
2020-06-10 18:11:40.211 TRACE 55751 --- [    Test worker] o.h.type.descriptor.sql.BasicBinder      : binding parameter [2] as [DATE] - [Fri Dec 31 00:00:00 EET 1999]
2020-06-10 18:11:40.212 TRACE 55751 --- [    Test worker] o.h.type.descriptor.sql.BasicBinder      : binding parameter [3] as [VARCHAR] - [null]
2020-06-10 18:11:40.212 TRACE 55751 --- [    Test worker] o.h.type.descriptor.sql.BasicBinder      : binding parameter [4] as [VARCHAR] - [kunta_092]
2020-06-10 18:11:40.212 TRACE 55751 --- [    Test worker] o.h.type.descriptor.sql.BasicBinder      : binding parameter [5] as [BIGINT] - [1012]
2020-06-10 18:11:40.212 TRACE 55751 --- [    Test worker] o.h.type.descriptor.sql.BasicBinder      : binding parameter [6] as [DATE] - [null]
2020-06-10 18:11:40.212 TRACE 55751 --- [    Test worker] o.h.type.descriptor.sql.BasicBinder      : binding parameter [7] as [VARCHAR] - [maatjavaltiot1_fin]
2020-06-10 18:11:40.212 TRACE 55751 --- [    Test worker] o.h.type.descriptor.sql.BasicBinder      : binding parameter [8] as [BIGINT] - [null]
2020-06-10 18:11:40.212 TRACE 55751 --- [    Test worker] o.h.type.descriptor.sql.BasicBinder      : binding parameter [9] as [BIGINT] - [1013]
2020-06-10 18:11:40.212 TRACE 55751 --- [    Test worker] o.h.type.descriptor.sql.BasicBinder      : binding parameter [10] as [VARCHAR] - [,toimipiste1]
2020-06-10 18:11:40.212 TRACE 55751 --- [    Test worker] o.h.type.descriptor.sql.BasicBinder      : binding parameter [11] as [VARCHAR] - [toimipiste1]
2020-06-10 18:11:40.212 TRACE 55751 --- [    Test worker] o.h.type.descriptor.sql.BasicBinder      : binding parameter [12] as [VARCHAR] - [03]
2020-06-10 18:11:40.212 TRACE 55751 --- [    Test worker] o.h.type.descriptor.sql.BasicBinder      : binding parameter [13] as [VARCHAR] - [null]
2020-06-10 18:11:40.212 TRACE 55751 --- [    Test worker] o.h.type.descriptor.sql.BasicBinder      : binding parameter [14] as [VARCHAR] - [null]
2020-06-10 18:11:40.212 TRACE 55751 --- [    Test worker] o.h.type.descriptor.sql.BasicBinder      : binding parameter [15] as [BOOLEAN] - [false]
2020-06-10 18:11:40.212 TRACE 55751 --- [    Test worker] o.h.type.descriptor.sql.BasicBinder      : binding parameter [16] as [VARCHAR] - [ophadmin]
2020-06-10 18:11:40.212 TRACE 55751 --- [    Test worker] o.h.type.descriptor.sql.BasicBinder      : binding parameter [17] as [TIMESTAMP] - [Wed Jun 10 18:11:38 EEST 2020]
2020-06-10 18:11:40.212 TRACE 55751 --- [    Test worker] o.h.type.descriptor.sql.BasicBinder      : binding parameter [18] as [VARCHAR] - [|1|17|18|]
2020-06-10 18:11:40.212 TRACE 55751 --- [    Test worker] o.h.type.descriptor.sql.BasicBinder      : binding parameter [19] as [VARCHAR] - [|1.2.246.562.24.00000000001|koulutustoimija2|oppilaitos2|]
2020-06-10 18:11:40.212 TRACE 55751 --- [    Test worker] o.h.type.descriptor.sql.BasicBinder      : binding parameter [20] as [BOOLEAN] - [false]
2020-06-10 18:11:40.212 TRACE 55751 --- [    Test worker] o.h.type.descriptor.sql.BasicBinder      : binding parameter [21] as [TIMESTAMP] - [null]
2020-06-10 18:11:40.212 TRACE 55751 --- [    Test worker] o.h.type.descriptor.sql.BasicBinder      : binding parameter [22] as [VARCHAR] - [null03]
2020-06-10 18:11:40.212 TRACE 55751 --- [    Test worker] o.h.type.descriptor.sql.BasicBinder      : binding parameter [23] as [TIMESTAMP] - [null]
2020-06-10 18:11:40.212 TRACE 55751 --- [    Test worker] o.h.type.descriptor.sql.BasicBinder      : binding parameter [24] as [BIGINT] - [null]
2020-06-10 18:11:40.212 TRACE 55751 --- [    Test worker] o.h.type.descriptor.sql.BasicBinder      : binding parameter [25] as [VARCHAR] - [null]
2020-06-10 18:11:40.212 TRACE 55751 --- [    Test worker] o.h.type.descriptor.sql.BasicBinder      : binding parameter [26] as [VARCHAR] - [null]
2020-06-10 18:11:40.212 TRACE 55751 --- [    Test worker] o.h.type.descriptor.sql.BasicBinder      : binding parameter [27] as [VARCHAR] - [null]
2020-06-10 18:11:40.212 TRACE 55751 --- [    Test worker] o.h.type.descriptor.sql.BasicBinder      : binding parameter [28] as [VARCHAR] - [null]
2020-06-10 18:11:40.212 TRACE 55751 --- [    Test worker] o.h.type.descriptor.sql.BasicBinder      : binding parameter [29] as [DATE] - [null]
2020-06-10 18:11:40.212 TRACE 55751 --- [    Test worker] o.h.type.descriptor.sql.BasicBinder      : binding parameter [30] as [VARCHAR] - [null]
2020-06-10 18:11:40.213 TRACE 55751 --- [    Test worker] o.h.type.descriptor.sql.BasicBinder      : binding parameter [31] as [BIGINT] - [16]
2020-06-10 18:11:40.213 TRACE 55751 --- [    Test worker] o.h.type.descriptor.sql.BasicBinder      : binding parameter [32] as [BIGINT] - [2]
Hibernate: 
    select
        distinct organisaat0_.id as id1_5_,
        organisaat0_.version as version2_5_,
        organisaat0_.alkupvm as alkupvm3_5_,
        organisaat0_.domainnimi as domainni4_5_,
        organisaat0_.kotipaikka as kotipaik5_5_,
        organisaat0_.kuvaus_mkt as kuvaus_28_5_,
        organisaat0_.lakkautuspvm as lakkautu6_5_,
        organisaat0_.maa as maa7_5_,
        organisaat0_.metadata_id as metadat29_5_,
        organisaat0_.nimi_mkt as nimi_mk30_5_,
        organisaat0_.nimihaku as nimihaku8_5_,
        organisaat0_.oid as oid9_5_,
        organisaat0_.opetuspisteenjarjnro as opetusp10_5_,
        organisaat0_.oppilaitoskoodi as oppilai11_5_,
        organisaat0_.oppilaitos_tyyppi as oppilai12_5_,
        organisaat0_.organisaatio_poistettu as organis13_5_,
        organisaat0_.paivittaja as paivitt14_5_,
        organisaat0_.paivityspvm as paivity15_5_,
        organisaat0_.parentidpath as parenti16_5_,
        organisaat0_.parentoidpath as parento17_5_,
        organisaat0_.piilotettu as piilote18_5_,
        organisaat0_.tarkastus_pvm as tarkast19_5_,
        organisaat0_.toimipistekoodi as toimipi20_5_,
        organisaat0_.tuontipvm as tuontip21_5_,
        organisaat0_.varhaiskasvatuksen_toimipaikka_tiedot_id as varhais31_5_,
        organisaat0_.virastotunnus as virasto22_5_,
        organisaat0_.yhteishaunkoulukoodi as yhteish23_5_,
        organisaat0_.yritysmuoto as yritysm24_5_,
        organisaat0_.ytj_kieli as ytj_kie25_5_,
        organisaat0_.ytjpaivityspvm as ytjpaiv26_5_,
        organisaat0_.ytunnus as ytunnus27_5_ 
    from
        organisaatio organisaat0_ 
    where
        organisaat0_.parentidpath like ? escape '!'
2020-06-10 18:11:40.213 TRACE 55751 --- [    Test worker] o.h.type.descriptor.sql.BasicBinder      : binding parameter [1] as [VARCHAR] - [%|16|]
Hibernate: 
    select
        organisaat0_.id as id1_19_,
        organisaat0_.version as version2_19_,
        organisaat0_.alkupvm as alkupvm3_19_,
        organisaat0_.child_id as child_id7_19_,
        organisaat0_.loppupvm as loppupvm4_19_,
        organisaat0_.opetuspisteenjarjnro as opetuspi5_19_,
        organisaat0_.parent_id as parent_i8_19_,
        organisaat0_.suhdetyyppi as suhdetyy6_19_ 
    from
        organisaatiosuhde organisaat0_ 
    where
        organisaat0_.alkupvm=? 
    order by
        organisaat0_.alkupvm asc
2020-06-10 18:11:40.217 TRACE 55751 --- [    Test worker] o.h.type.descriptor.sql.BasicBinder      : binding parameter [1] as [DATE] - [Wed Jun 10 18:11:40 EEST 2020]
2020-06-10 18:11:40.217 TRACE 55751 --- [    Test worker] o.h.type.descriptor.sql.BasicExtractor   : extracted value ([id1_19_] : [BIGINT]) - [13]
2020-06-10 18:11:40.218 TRACE 55751 --- [    Test worker] o.h.type.descriptor.sql.BasicExtractor   : extracted value ([id1_19_] : [BIGINT]) - [14]
2020-06-10 18:11:40.218 TRACE 55751 --- [    Test worker] o.h.type.descriptor.sql.BasicExtractor   : extracted value ([id1_19_] : [BIGINT]) - [15]
2020-06-10 18:11:40.218 TRACE 55751 --- [    Test worker] o.h.type.descriptor.sql.BasicExtractor   : extracted value ([id1_19_] : [BIGINT]) - [16]
2020-06-10 18:11:40.218 TRACE 55751 --- [    Test worker] o.h.type.descriptor.sql.BasicExtractor   : extracted value ([id1_19_] : [BIGINT]) - [17]
2020-06-10 18:11:40.218 TRACE 55751 --- [    Test worker] o.h.type.descriptor.sql.BasicExtractor   : extracted value ([id1_19_] : [BIGINT]) - [18]
2020-06-10 18:11:40.218 TRACE 55751 --- [    Test worker] o.h.type.descriptor.sql.BasicExtractor   : extracted value ([id1_19_] : [BIGINT]) - [19]
2020-06-10 18:11:40.218 TRACE 55751 --- [    Test worker] o.h.type.descriptor.sql.BasicExtractor   : extracted value ([id1_19_] : [BIGINT]) - [20]
2020-06-10 18:11:40.218  INFO 55751 --- [    Test worker] .s.o.b.i.OrganisaatioBusinessServiceImpl : Processing OrganisaatioSuhde[id=13, version=0]
Hibernate: 
    select
        organisaat0_.id as id1_5_,
        organisaat0_.version as version2_5_,
        organisaat0_.alkupvm as alkupvm3_5_,
        organisaat0_.domainnimi as domainni4_5_,
        organisaat0_.kotipaikka as kotipaik5_5_,
        organisaat0_.kuvaus_mkt as kuvaus_28_5_,
        organisaat0_.lakkautuspvm as lakkautu6_5_,
        organisaat0_.maa as maa7_5_,
        organisaat0_.metadata_id as metadat29_5_,
        organisaat0_.nimi_mkt as nimi_mk30_5_,
        organisaat0_.nimihaku as nimihaku8_5_,
        organisaat0_.oid as oid9_5_,
        organisaat0_.opetuspisteenjarjnro as opetusp10_5_,
        organisaat0_.oppilaitoskoodi as oppilai11_5_,
        organisaat0_.oppilaitos_tyyppi as oppilai12_5_,
        organisaat0_.organisaatio_poistettu as organis13_5_,
        organisaat0_.paivittaja as paivitt14_5_,
        organisaat0_.paivityspvm as paivity15_5_,
        organisaat0_.parentidpath as parenti16_5_,
        organisaat0_.parentoidpath as parento17_5_,
        organisaat0_.piilotettu as piilote18_5_,
        organisaat0_.tarkastus_pvm as tarkast19_5_,
        organisaat0_.toimipistekoodi as toimipi20_5_,
        organisaat0_.tuontipvm as tuontip21_5_,
        organisaat0_.varhaiskasvatuksen_toimipaikka_tiedot_id as varhais31_5_,
        organisaat0_.virastotunnus as virasto22_5_,
        organisaat0_.yhteishaunkoulukoodi as yhteish23_5_,
        organisaat0_.yritysmuoto as yritysm24_5_,
        organisaat0_.ytj_kieli as ytj_kie25_5_,
        organisaat0_.ytjpaivityspvm as ytjpaiv26_5_,
        organisaat0_.ytunnus as ytunnus27_5_ 
    from
        organisaatio organisaat0_ 
    where
        organisaat0_.oid=?
2020-06-10 18:11:40.220 TRACE 55751 --- [    Test worker] o.h.type.descriptor.sql.BasicBinder      : binding parameter [1] as [VARCHAR] - [1.2.246.562.24.00000000001]
2020-06-10 18:11:40.220 TRACE 55751 --- [    Test worker] o.h.type.descriptor.sql.BasicExtractor   : extracted value ([id1_5_] : [BIGINT]) - [1]
Hibernate: 
    select
        distinct organisaat0_.id as id1_5_,
        organisaat0_.version as version2_5_,
        organisaat0_.alkupvm as alkupvm3_5_,
        organisaat0_.domainnimi as domainni4_5_,
        organisaat0_.kotipaikka as kotipaik5_5_,
        organisaat0_.kuvaus_mkt as kuvaus_28_5_,
        organisaat0_.lakkautuspvm as lakkautu6_5_,
        organisaat0_.maa as maa7_5_,
        organisaat0_.metadata_id as metadat29_5_,
        organisaat0_.nimi_mkt as nimi_mk30_5_,
        organisaat0_.nimihaku as nimihaku8_5_,
        organisaat0_.oid as oid9_5_,
        organisaat0_.opetuspisteenjarjnro as opetusp10_5_,
        organisaat0_.oppilaitoskoodi as oppilai11_5_,
        organisaat0_.oppilaitos_tyyppi as oppilai12_5_,
        organisaat0_.organisaatio_poistettu as organis13_5_,
        organisaat0_.paivittaja as paivitt14_5_,
        organisaat0_.paivityspvm as paivity15_5_,
        organisaat0_.parentidpath as parenti16_5_,
        organisaat0_.parentoidpath as parento17_5_,
        organisaat0_.piilotettu as piilote18_5_,
        organisaat0_.tarkastus_pvm as tarkast19_5_,
        organisaat0_.toimipistekoodi as toimipi20_5_,
        organisaat0_.tuontipvm as tuontip21_5_,
        organisaat0_.varhaiskasvatuksen_toimipaikka_tiedot_id as varhais31_5_,
        organisaat0_.virastotunnus as virasto22_5_,
        organisaat0_.yhteishaunkoulukoodi as yhteish23_5_,
        organisaat0_.yritysmuoto as yritysm24_5_,
        organisaat0_.ytj_kieli as ytj_kie25_5_,
        organisaat0_.ytjpaivityspvm as ytjpaiv26_5_,
        organisaat0_.ytunnus as ytunnus27_5_ 
    from
        organisaatio organisaat0_ 
    where
        organisaat0_.parentidpath like ? escape '!'
2020-06-10 18:11:40.222 TRACE 55751 --- [    Test worker] o.h.type.descriptor.sql.BasicBinder      : binding parameter [1] as [VARCHAR] - [%|14|]
2020-06-10 18:11:40.222 TRACE 55751 --- [    Test worker] o.h.type.descriptor.sql.BasicExtractor   : extracted value ([id1_5_] : [BIGINT]) - [15]
Hibernate: 
    select
        organisaat0_.id as id1_5_,
        organisaat0_.version as version2_5_,
        organisaat0_.alkupvm as alkupvm3_5_,
        organisaat0_.domainnimi as domainni4_5_,
        organisaat0_.kotipaikka as kotipaik5_5_,
        organisaat0_.kuvaus_mkt as kuvaus_28_5_,
        organisaat0_.lakkautuspvm as lakkautu6_5_,
        organisaat0_.maa as maa7_5_,
        organisaat0_.metadata_id as metadat29_5_,
        organisaat0_.nimi_mkt as nimi_mk30_5_,
        organisaat0_.nimihaku as nimihaku8_5_,
        organisaat0_.oid as oid9_5_,
        organisaat0_.opetuspisteenjarjnro as opetusp10_5_,
        organisaat0_.oppilaitoskoodi as oppilai11_5_,
        organisaat0_.oppilaitos_tyyppi as oppilai12_5_,
        organisaat0_.organisaatio_poistettu as organis13_5_,
        organisaat0_.paivittaja as paivitt14_5_,
        organisaat0_.paivityspvm as paivity15_5_,
        organisaat0_.parentidpath as parenti16_5_,
        organisaat0_.parentoidpath as parento17_5_,
        organisaat0_.piilotettu as piilote18_5_,
        organisaat0_.tarkastus_pvm as tarkast19_5_,
        organisaat0_.toimipistekoodi as toimipi20_5_,
        organisaat0_.tuontipvm as tuontip21_5_,
        organisaat0_.varhaiskasvatuksen_toimipaikka_tiedot_id as varhais31_5_,
        organisaat0_.virastotunnus as virasto22_5_,
        organisaat0_.yhteishaunkoulukoodi as yhteish23_5_,
        organisaat0_.yritysmuoto as yritysm24_5_,
        organisaat0_.ytj_kieli as ytj_kie25_5_,
        organisaat0_.ytjpaivityspvm as ytjpaiv26_5_,
        organisaat0_.ytunnus as ytunnus27_5_ 
    from
        organisaatio organisaat0_ 
    where
        organisaat0_.oid=?
2020-06-10 18:11:40.224 TRACE 55751 --- [    Test worker] o.h.type.descriptor.sql.BasicBinder      : binding parameter [1] as [VARCHAR] - [koulutustoimija1]
2020-06-10 18:11:40.225 TRACE 55751 --- [    Test worker] o.h.type.descriptor.sql.BasicExtractor   : extracted value ([id1_5_] : [BIGINT]) - [14]
Hibernate: 
    select
        distinct organisaat0_.id as id1_5_,
        organisaat0_.version as version2_5_,
        organisaat0_.alkupvm as alkupvm3_5_,
        organisaat0_.domainnimi as domainni4_5_,
        organisaat0_.kotipaikka as kotipaik5_5_,
        organisaat0_.kuvaus_mkt as kuvaus_28_5_,
        organisaat0_.lakkautuspvm as lakkautu6_5_,
        organisaat0_.maa as maa7_5_,
        organisaat0_.metadata_id as metadat29_5_,
        organisaat0_.nimi_mkt as nimi_mk30_5_,
        organisaat0_.nimihaku as nimihaku8_5_,
        organisaat0_.oid as oid9_5_,
        organisaat0_.opetuspisteenjarjnro as opetusp10_5_,
        organisaat0_.oppilaitoskoodi as oppilai11_5_,
        organisaat0_.oppilaitos_tyyppi as oppilai12_5_,
        organisaat0_.organisaatio_poistettu as organis13_5_,
        organisaat0_.paivittaja as paivitt14_5_,
        organisaat0_.paivityspvm as paivity15_5_,
        organisaat0_.parentidpath as parenti16_5_,
        organisaat0_.parentoidpath as parento17_5_,
        organisaat0_.piilotettu as piilote18_5_,
        organisaat0_.tarkastus_pvm as tarkast19_5_,
        organisaat0_.toimipistekoodi as toimipi20_5_,
        organisaat0_.tuontipvm as tuontip21_5_,
        organisaat0_.varhaiskasvatuksen_toimipaikka_tiedot_id as varhais31_5_,
        organisaat0_.virastotunnus as virasto22_5_,
        organisaat0_.yhteishaunkoulukoodi as yhteish23_5_,
        organisaat0_.yritysmuoto as yritysm24_5_,
        organisaat0_.ytj_kieli as ytj_kie25_5_,
        organisaat0_.ytjpaivityspvm as ytjpaiv26_5_,
        organisaat0_.ytunnus as ytunnus27_5_ 
    from
        organisaatio organisaat0_ 
    where
        organisaat0_.parentidpath like ? escape '!'
2020-06-10 18:11:40.227 TRACE 55751 --- [    Test worker] o.h.type.descriptor.sql.BasicBinder      : binding parameter [1] as [VARCHAR] - [%|15|]
2020-06-10 18:11:40.227  INFO 55751 --- [    Test worker] .s.o.b.i.OrganisaatioBusinessServiceImpl : Processing OrganisaatioSuhde[id=14, version=0]
Hibernate: 
    select
        organisaat0_.id as id1_5_,
        organisaat0_.version as version2_5_,
        organisaat0_.alkupvm as alkupvm3_5_,
        organisaat0_.domainnimi as domainni4_5_,
        organisaat0_.kotipaikka as kotipaik5_5_,
        organisaat0_.kuvaus_mkt as kuvaus_28_5_,
        organisaat0_.lakkautuspvm as lakkautu6_5_,
        organisaat0_.maa as maa7_5_,
        organisaat0_.metadata_id as metadat29_5_,
        organisaat0_.nimi_mkt as nimi_mk30_5_,
        organisaat0_.nimihaku as nimihaku8_5_,
        organisaat0_.oid as oid9_5_,
        organisaat0_.opetuspisteenjarjnro as opetusp10_5_,
        organisaat0_.oppilaitoskoodi as oppilai11_5_,
        organisaat0_.oppilaitos_tyyppi as oppilai12_5_,
        organisaat0_.organisaatio_poistettu as organis13_5_,
        organisaat0_.paivittaja as paivitt14_5_,
        organisaat0_.paivityspvm as paivity15_5_,
        organisaat0_.parentidpath as parenti16_5_,
        organisaat0_.parentoidpath as parento17_5_,
        organisaat0_.piilotettu as piilote18_5_,
        organisaat0_.tarkastus_pvm as tarkast19_5_,
        organisaat0_.toimipistekoodi as toimipi20_5_,
        organisaat0_.tuontipvm as tuontip21_5_,
        organisaat0_.varhaiskasvatuksen_toimipaikka_tiedot_id as varhais31_5_,
        organisaat0_.virastotunnus as virasto22_5_,
        organisaat0_.yhteishaunkoulukoodi as yhteish23_5_,
        organisaat0_.yritysmuoto as yritysm24_5_,
        organisaat0_.ytj_kieli as ytj_kie25_5_,
        organisaat0_.ytjpaivityspvm as ytjpaiv26_5_,
        organisaat0_.ytunnus as ytunnus27_5_ 
    from
        organisaatio organisaat0_ 
    where
        organisaat0_.oid=?
2020-06-10 18:11:40.228 TRACE 55751 --- [    Test worker] o.h.type.descriptor.sql.BasicBinder      : binding parameter [1] as [VARCHAR] - [koulutustoimija1]
2020-06-10 18:11:40.229 TRACE 55751 --- [    Test worker] o.h.type.descriptor.sql.BasicExtractor   : extracted value ([id1_5_] : [BIGINT]) - [14]
Hibernate: 
    select
        distinct organisaat0_.id as id1_5_,
        organisaat0_.version as version2_5_,
        organisaat0_.alkupvm as alkupvm3_5_,
        organisaat0_.domainnimi as domainni4_5_,
        organisaat0_.kotipaikka as kotipaik5_5_,
        organisaat0_.kuvaus_mkt as kuvaus_28_5_,
        organisaat0_.lakkautuspvm as lakkautu6_5_,
        organisaat0_.maa as maa7_5_,
        organisaat0_.metadata_id as metadat29_5_,
        organisaat0_.nimi_mkt as nimi_mk30_5_,
        organisaat0_.nimihaku as nimihaku8_5_,
        organisaat0_.oid as oid9_5_,
        organisaat0_.opetuspisteenjarjnro as opetusp10_5_,
        organisaat0_.oppilaitoskoodi as oppilai11_5_,
        organisaat0_.oppilaitos_tyyppi as oppilai12_5_,
        organisaat0_.organisaatio_poistettu as organis13_5_,
        organisaat0_.paivittaja as paivitt14_5_,
        organisaat0_.paivityspvm as paivity15_5_,
        organisaat0_.parentidpath as parenti16_5_,
        organisaat0_.parentoidpath as parento17_5_,
        organisaat0_.piilotettu as piilote18_5_,
        organisaat0_.tarkastus_pvm as tarkast19_5_,
        organisaat0_.toimipistekoodi as toimipi20_5_,
        organisaat0_.tuontipvm as tuontip21_5_,
        organisaat0_.varhaiskasvatuksen_toimipaikka_tiedot_id as varhais31_5_,
        organisaat0_.virastotunnus as virasto22_5_,
        organisaat0_.yhteishaunkoulukoodi as yhteish23_5_,
        organisaat0_.yritysmuoto as yritysm24_5_,
        organisaat0_.ytj_kieli as ytj_kie25_5_,
        organisaat0_.ytjpaivityspvm as ytjpaiv26_5_,
        organisaat0_.ytunnus as ytunnus27_5_ 
    from
        organisaatio organisaat0_ 
    where
        organisaat0_.parentidpath like ? escape '!'
2020-06-10 18:11:40.231 TRACE 55751 --- [    Test worker] o.h.type.descriptor.sql.BasicBinder      : binding parameter [1] as [VARCHAR] - [%|15|]
2020-06-10 18:11:40.231  INFO 55751 --- [    Test worker] .s.o.b.i.OrganisaatioBusinessServiceImpl : Processing OrganisaatioSuhde[id=15, version=1]
Hibernate: 
    select
        organisaat0_.id as id1_5_,
        organisaat0_.version as version2_5_,
        organisaat0_.alkupvm as alkupvm3_5_,
        organisaat0_.domainnimi as domainni4_5_,
        organisaat0_.kotipaikka as kotipaik5_5_,
        organisaat0_.kuvaus_mkt as kuvaus_28_5_,
        organisaat0_.lakkautuspvm as lakkautu6_5_,
        organisaat0_.maa as maa7_5_,
        organisaat0_.metadata_id as metadat29_5_,
        organisaat0_.nimi_mkt as nimi_mk30_5_,
        organisaat0_.nimihaku as nimihaku8_5_,
        organisaat0_.oid as oid9_5_,
        organisaat0_.opetuspisteenjarjnro as opetusp10_5_,
        organisaat0_.oppilaitoskoodi as oppilai11_5_,
        organisaat0_.oppilaitos_tyyppi as oppilai12_5_,
        organisaat0_.organisaatio_poistettu as organis13_5_,
        organisaat0_.paivittaja as paivitt14_5_,
        organisaat0_.paivityspvm as paivity15_5_,
        organisaat0_.parentidpath as parenti16_5_,
        organisaat0_.parentoidpath as parento17_5_,
        organisaat0_.piilotettu as piilote18_5_,
        organisaat0_.tarkastus_pvm as tarkast19_5_,
        organisaat0_.toimipistekoodi as toimipi20_5_,
        organisaat0_.tuontipvm as tuontip21_5_,
        organisaat0_.varhaiskasvatuksen_toimipaikka_tiedot_id as varhais31_5_,
        organisaat0_.virastotunnus as virasto22_5_,
        organisaat0_.yhteishaunkoulukoodi as yhteish23_5_,
        organisaat0_.yritysmuoto as yritysm24_5_,
        organisaat0_.ytj_kieli as ytj_kie25_5_,
        organisaat0_.ytjpaivityspvm as ytjpaiv26_5_,
        organisaat0_.ytunnus as ytunnus27_5_ 
    from
        organisaatio organisaat0_ 
    where
        organisaat0_.oid=?
2020-06-10 18:11:40.233 TRACE 55751 --- [    Test worker] o.h.type.descriptor.sql.BasicBinder      : binding parameter [1] as [VARCHAR] - [oppilaitos1]
2020-06-10 18:11:40.233 TRACE 55751 --- [    Test worker] o.h.type.descriptor.sql.BasicExtractor   : extracted value ([id1_5_] : [BIGINT]) - [15]
Hibernate: 
    update
        organisaatio 
    set
        version=?,
        alkupvm=?,
        domainnimi=?,
        kotipaikka=?,
        kuvaus_mkt=?,
        lakkautuspvm=?,
        maa=?,
        metadata_id=?,
        nimi_mkt=?,
        nimihaku=?,
        oid=?,
        opetuspisteenjarjnro=?,
        oppilaitoskoodi=?,
        oppilaitos_tyyppi=?,
        organisaatio_poistettu=?,
        paivittaja=?,
        paivityspvm=?,
        parentidpath=?,
        parentoidpath=?,
        piilotettu=?,
        tarkastus_pvm=?,
        toimipistekoodi=?,
        tuontipvm=?,
        varhaiskasvatuksen_toimipaikka_tiedot_id=?,
        virastotunnus=?,
        yhteishaunkoulukoodi=?,
        yritysmuoto=?,
        ytj_kieli=?,
        ytjpaivityspvm=?,
        ytunnus=? 
    where
        id=? 
        and version=?
2020-06-10 18:11:40.235 TRACE 55751 --- [    Test worker] o.h.type.descriptor.sql.BasicBinder      : binding parameter [1] as [BIGINT] - [4]
2020-06-10 18:11:40.235 TRACE 55751 --- [    Test worker] o.h.type.descriptor.sql.BasicBinder      : binding parameter [2] as [DATE] - [Fri Dec 31 00:00:00 EET 1999]
2020-06-10 18:11:40.235 TRACE 55751 --- [    Test worker] o.h.type.descriptor.sql.BasicBinder      : binding parameter [3] as [VARCHAR] - [null]
2020-06-10 18:11:40.235 TRACE 55751 --- [    Test worker] o.h.type.descriptor.sql.BasicBinder      : binding parameter [4] as [VARCHAR] - [kunta_092]
2020-06-10 18:11:40.235 TRACE 55751 --- [    Test worker] o.h.type.descriptor.sql.BasicBinder      : binding parameter [5] as [BIGINT] - [1012]
2020-06-10 18:11:40.235 TRACE 55751 --- [    Test worker] o.h.type.descriptor.sql.BasicBinder      : binding parameter [6] as [DATE] - [null]
2020-06-10 18:11:40.235 TRACE 55751 --- [    Test worker] o.h.type.descriptor.sql.BasicBinder      : binding parameter [7] as [VARCHAR] - [maatjavaltiot1_fin]
2020-06-10 18:11:40.235 TRACE 55751 --- [    Test worker] o.h.type.descriptor.sql.BasicBinder      : binding parameter [8] as [BIGINT] - [null]
2020-06-10 18:11:40.235 TRACE 55751 --- [    Test worker] o.h.type.descriptor.sql.BasicBinder      : binding parameter [9] as [BIGINT] - [1013]
2020-06-10 18:11:40.235 TRACE 55751 --- [    Test worker] o.h.type.descriptor.sql.BasicBinder      : binding parameter [10] as [VARCHAR] - [,toimipiste1]
2020-06-10 18:11:40.235 TRACE 55751 --- [    Test worker] o.h.type.descriptor.sql.BasicBinder      : binding parameter [11] as [VARCHAR] - [toimipiste1]
2020-06-10 18:11:40.235 TRACE 55751 --- [    Test worker] o.h.type.descriptor.sql.BasicBinder      : binding parameter [12] as [VARCHAR] - [03]
2020-06-10 18:11:40.235 TRACE 55751 --- [    Test worker] o.h.type.descriptor.sql.BasicBinder      : binding parameter [13] as [VARCHAR] - [null]
2020-06-10 18:11:40.235 TRACE 55751 --- [    Test worker] o.h.type.descriptor.sql.BasicBinder      : binding parameter [14] as [VARCHAR] - [null]
2020-06-10 18:11:40.235 TRACE 55751 --- [    Test worker] o.h.type.descriptor.sql.BasicBinder      : binding parameter [15] as [BOOLEAN] - [false]
2020-06-10 18:11:40.235 TRACE 55751 --- [    Test worker] o.h.type.descriptor.sql.BasicBinder      : binding parameter [16] as [VARCHAR] - [ophadmin]
2020-06-10 18:11:40.236 TRACE 55751 --- [    Test worker] o.h.type.descriptor.sql.BasicBinder      : binding parameter [17] as [TIMESTAMP] - [Wed Jun 10 18:11:38 EEST 2020]
2020-06-10 18:11:40.236 TRACE 55751 --- [    Test worker] o.h.type.descriptor.sql.BasicBinder      : binding parameter [18] as [VARCHAR] - [|1|14|15|]
2020-06-10 18:11:40.236 TRACE 55751 --- [    Test worker] o.h.type.descriptor.sql.BasicBinder      : binding parameter [19] as [VARCHAR] - [|1.2.246.562.24.00000000001|koulutustoimija1|oppilaitos1|]
2020-06-10 18:11:40.236 TRACE 55751 --- [    Test worker] o.h.type.descriptor.sql.BasicBinder      : binding parameter [20] as [BOOLEAN] - [false]
2020-06-10 18:11:40.236 TRACE 55751 --- [    Test worker] o.h.type.descriptor.sql.BasicBinder      : binding parameter [21] as [TIMESTAMP] - [null]
2020-06-10 18:11:40.236 TRACE 55751 --- [    Test worker] o.h.type.descriptor.sql.BasicBinder      : binding parameter [22] as [VARCHAR] - [null03]
2020-06-10 18:11:40.236 TRACE 55751 --- [    Test worker] o.h.type.descriptor.sql.BasicBinder      : binding parameter [23] as [TIMESTAMP] - [null]
2020-06-10 18:11:40.236 TRACE 55751 --- [    Test worker] o.h.type.descriptor.sql.BasicBinder      : binding parameter [24] as [BIGINT] - [null]
2020-06-10 18:11:40.236 TRACE 55751 --- [    Test worker] o.h.type.descriptor.sql.BasicBinder      : binding parameter [25] as [VARCHAR] - [null]
2020-06-10 18:11:40.236 TRACE 55751 --- [    Test worker] o.h.type.descriptor.sql.BasicBinder      : binding parameter [26] as [VARCHAR] - [null]
2020-06-10 18:11:40.236 TRACE 55751 --- [    Test worker] o.h.type.descriptor.sql.BasicBinder      : binding parameter [27] as [VARCHAR] - [null]
2020-06-10 18:11:40.236 TRACE 55751 --- [    Test worker] o.h.type.descriptor.sql.BasicBinder      : binding parameter [28] as [VARCHAR] - [null]
2020-06-10 18:11:40.236 TRACE 55751 --- [    Test worker] o.h.type.descriptor.sql.BasicBinder      : binding parameter [29] as [DATE] - [null]
2020-06-10 18:11:40.236 TRACE 55751 --- [    Test worker] o.h.type.descriptor.sql.BasicBinder      : binding parameter [30] as [VARCHAR] - [null]
2020-06-10 18:11:40.236 TRACE 55751 --- [    Test worker] o.h.type.descriptor.sql.BasicBinder      : binding parameter [31] as [BIGINT] - [16]
2020-06-10 18:11:40.236 TRACE 55751 --- [    Test worker] o.h.type.descriptor.sql.BasicBinder      : binding parameter [32] as [BIGINT] - [3]
Hibernate: 
    select
        distinct organisaat0_.id as id1_5_,
        organisaat0_.version as version2_5_,
        organisaat0_.alkupvm as alkupvm3_5_,
        organisaat0_.domainnimi as domainni4_5_,
        organisaat0_.kotipaikka as kotipaik5_5_,
        organisaat0_.kuvaus_mkt as kuvaus_28_5_,
        organisaat0_.lakkautuspvm as lakkautu6_5_,
        organisaat0_.maa as maa7_5_,
        organisaat0_.metadata_id as metadat29_5_,
        organisaat0_.nimi_mkt as nimi_mk30_5_,
        organisaat0_.nimihaku as nimihaku8_5_,
        organisaat0_.oid as oid9_5_,
        organisaat0_.opetuspisteenjarjnro as opetusp10_5_,
        organisaat0_.oppilaitoskoodi as oppilai11_5_,
        organisaat0_.oppilaitos_tyyppi as oppilai12_5_,
        organisaat0_.organisaatio_poistettu as organis13_5_,
        organisaat0_.paivittaja as paivitt14_5_,
        organisaat0_.paivityspvm as paivity15_5_,
        organisaat0_.parentidpath as parenti16_5_,
        organisaat0_.parentoidpath as parento17_5_,
        organisaat0_.piilotettu as piilote18_5_,
        organisaat0_.tarkastus_pvm as tarkast19_5_,
        organisaat0_.toimipistekoodi as toimipi20_5_,
        organisaat0_.tuontipvm as tuontip21_5_,
        organisaat0_.varhaiskasvatuksen_toimipaikka_tiedot_id as varhais31_5_,
        organisaat0_.virastotunnus as virasto22_5_,
        organisaat0_.yhteishaunkoulukoodi as yhteish23_5_,
        organisaat0_.yritysmuoto as yritysm24_5_,
        organisaat0_.ytj_kieli as ytj_kie25_5_,
        organisaat0_.ytjpaivityspvm as ytjpaiv26_5_,
        organisaat0_.ytunnus as ytunnus27_5_ 
    from
        organisaatio organisaat0_ 
    where
        organisaat0_.parentidpath like ? escape '!'
2020-06-10 18:11:40.236 TRACE 55751 --- [    Test worker] o.h.type.descriptor.sql.BasicBinder      : binding parameter [1] as [VARCHAR] - [%|16|]
2020-06-10 18:11:40.237  INFO 55751 --- [    Test worker] .s.o.b.i.OrganisaatioBusinessServiceImpl : Processing OrganisaatioSuhde[id=16, version=0]
Hibernate: 
    select
        organisaat0_.id as id1_5_,
        organisaat0_.version as version2_5_,
        organisaat0_.alkupvm as alkupvm3_5_,
        organisaat0_.domainnimi as domainni4_5_,
        organisaat0_.kotipaikka as kotipaik5_5_,
        organisaat0_.kuvaus_mkt as kuvaus_28_5_,
        organisaat0_.lakkautuspvm as lakkautu6_5_,
        organisaat0_.maa as maa7_5_,
        organisaat0_.metadata_id as metadat29_5_,
        organisaat0_.nimi_mkt as nimi_mk30_5_,
        organisaat0_.nimihaku as nimihaku8_5_,
        organisaat0_.oid as oid9_5_,
        organisaat0_.opetuspisteenjarjnro as opetusp10_5_,
        organisaat0_.oppilaitoskoodi as oppilai11_5_,
        organisaat0_.oppilaitos_tyyppi as oppilai12_5_,
        organisaat0_.organisaatio_poistettu as organis13_5_,
        organisaat0_.paivittaja as paivitt14_5_,
        organisaat0_.paivityspvm as paivity15_5_,
        organisaat0_.parentidpath as parenti16_5_,
        organisaat0_.parentoidpath as parento17_5_,
        organisaat0_.piilotettu as piilote18_5_,
        organisaat0_.tarkastus_pvm as tarkast19_5_,
        organisaat0_.toimipistekoodi as toimipi20_5_,
        organisaat0_.tuontipvm as tuontip21_5_,
        organisaat0_.varhaiskasvatuksen_toimipaikka_tiedot_id as varhais31_5_,
        organisaat0_.virastotunnus as virasto22_5_,
        organisaat0_.yhteishaunkoulukoodi as yhteish23_5_,
        organisaat0_.yritysmuoto as yritysm24_5_,
        organisaat0_.ytj_kieli as ytj_kie25_5_,
        organisaat0_.ytjpaivityspvm as ytjpaiv26_5_,
        organisaat0_.ytunnus as ytunnus27_5_ 
    from
        organisaatio organisaat0_ 
    where
        organisaat0_.oid=?
2020-06-10 18:11:40.238 TRACE 55751 --- [    Test worker] o.h.type.descriptor.sql.BasicBinder      : binding parameter [1] as [VARCHAR] - [1.2.246.562.24.00000000001]
2020-06-10 18:11:40.239 TRACE 55751 --- [    Test worker] o.h.type.descriptor.sql.BasicExtractor   : extracted value ([id1_5_] : [BIGINT]) - [1]
Hibernate: 
    select
        distinct organisaat0_.id as id1_5_,
        organisaat0_.version as version2_5_,
        organisaat0_.alkupvm as alkupvm3_5_,
        organisaat0_.domainnimi as domainni4_5_,
        organisaat0_.kotipaikka as kotipaik5_5_,
        organisaat0_.kuvaus_mkt as kuvaus_28_5_,
        organisaat0_.lakkautuspvm as lakkautu6_5_,
        organisaat0_.maa as maa7_5_,
        organisaat0_.metadata_id as metadat29_5_,
        organisaat0_.nimi_mkt as nimi_mk30_5_,
        organisaat0_.nimihaku as nimihaku8_5_,
        organisaat0_.oid as oid9_5_,
        organisaat0_.opetuspisteenjarjnro as opetusp10_5_,
        organisaat0_.oppilaitoskoodi as oppilai11_5_,
        organisaat0_.oppilaitos_tyyppi as oppilai12_5_,
        organisaat0_.organisaatio_poistettu as organis13_5_,
        organisaat0_.paivittaja as paivitt14_5_,
        organisaat0_.paivityspvm as paivity15_5_,
        organisaat0_.parentidpath as parenti16_5_,
        organisaat0_.parentoidpath as parento17_5_,
        organisaat0_.piilotettu as piilote18_5_,
        organisaat0_.tarkastus_pvm as tarkast19_5_,
        organisaat0_.toimipistekoodi as toimipi20_5_,
        organisaat0_.tuontipvm as tuontip21_5_,
        organisaat0_.varhaiskasvatuksen_toimipaikka_tiedot_id as varhais31_5_,
        organisaat0_.virastotunnus as virasto22_5_,
        organisaat0_.yhteishaunkoulukoodi as yhteish23_5_,
        organisaat0_.yritysmuoto as yritysm24_5_,
        organisaat0_.ytj_kieli as ytj_kie25_5_,
        organisaat0_.ytjpaivityspvm as ytjpaiv26_5_,
        organisaat0_.ytunnus as ytunnus27_5_ 
    from
        organisaatio organisaat0_ 
    where
        organisaat0_.parentidpath like ? escape '!'
2020-06-10 18:11:40.241 TRACE 55751 --- [    Test worker] o.h.type.descriptor.sql.BasicBinder      : binding parameter [1] as [VARCHAR] - [%|17|]
2020-06-10 18:11:40.241 TRACE 55751 --- [    Test worker] o.h.type.descriptor.sql.BasicExtractor   : extracted value ([id1_5_] : [BIGINT]) - [18]
Hibernate: 
    select
        organisaat0_.id as id1_5_,
        organisaat0_.version as version2_5_,
        organisaat0_.alkupvm as alkupvm3_5_,
        organisaat0_.domainnimi as domainni4_5_,
        organisaat0_.kotipaikka as kotipaik5_5_,
        organisaat0_.kuvaus_mkt as kuvaus_28_5_,
        organisaat0_.lakkautuspvm as lakkautu6_5_,
        organisaat0_.maa as maa7_5_,
        organisaat0_.metadata_id as metadat29_5_,
        organisaat0_.nimi_mkt as nimi_mk30_5_,
        organisaat0_.nimihaku as nimihaku8_5_,
        organisaat0_.oid as oid9_5_,
        organisaat0_.opetuspisteenjarjnro as opetusp10_5_,
        organisaat0_.oppilaitoskoodi as oppilai11_5_,
        organisaat0_.oppilaitos_tyyppi as oppilai12_5_,
        organisaat0_.organisaatio_poistettu as organis13_5_,
        organisaat0_.paivittaja as paivitt14_5_,
        organisaat0_.paivityspvm as paivity15_5_,
        organisaat0_.parentidpath as parenti16_5_,
        organisaat0_.parentoidpath as parento17_5_,
        organisaat0_.piilotettu as piilote18_5_,
        organisaat0_.tarkastus_pvm as tarkast19_5_,
        organisaat0_.toimipistekoodi as toimipi20_5_,
        organisaat0_.tuontipvm as tuontip21_5_,
        organisaat0_.varhaiskasvatuksen_toimipaikka_tiedot_id as varhais31_5_,
        organisaat0_.virastotunnus as virasto22_5_,
        organisaat0_.yhteishaunkoulukoodi as yhteish23_5_,
        organisaat0_.yritysmuoto as yritysm24_5_,
        organisaat0_.ytj_kieli as ytj_kie25_5_,
        organisaat0_.ytjpaivityspvm as ytjpaiv26_5_,
        organisaat0_.ytunnus as ytunnus27_5_ 
    from
        organisaatio organisaat0_ 
    where
        organisaat0_.oid=?
2020-06-10 18:11:40.243 TRACE 55751 --- [    Test worker] o.h.type.descriptor.sql.BasicBinder      : binding parameter [1] as [VARCHAR] - [koulutustoimija2]
2020-06-10 18:11:40.243 TRACE 55751 --- [    Test worker] o.h.type.descriptor.sql.BasicExtractor   : extracted value ([id1_5_] : [BIGINT]) - [17]
Hibernate: 
    select
        distinct organisaat0_.id as id1_5_,
        organisaat0_.version as version2_5_,
        organisaat0_.alkupvm as alkupvm3_5_,
        organisaat0_.domainnimi as domainni4_5_,
        organisaat0_.kotipaikka as kotipaik5_5_,
        organisaat0_.kuvaus_mkt as kuvaus_28_5_,
        organisaat0_.lakkautuspvm as lakkautu6_5_,
        organisaat0_.maa as maa7_5_,
        organisaat0_.metadata_id as metadat29_5_,
        organisaat0_.nimi_mkt as nimi_mk30_5_,
        organisaat0_.nimihaku as nimihaku8_5_,
        organisaat0_.oid as oid9_5_,
        organisaat0_.opetuspisteenjarjnro as opetusp10_5_,
        organisaat0_.oppilaitoskoodi as oppilai11_5_,
        organisaat0_.oppilaitos_tyyppi as oppilai12_5_,
        organisaat0_.organisaatio_poistettu as organis13_5_,
        organisaat0_.paivittaja as paivitt14_5_,
        organisaat0_.paivityspvm as paivity15_5_,
        organisaat0_.parentidpath as parenti16_5_,
        organisaat0_.parentoidpath as parento17_5_,
        organisaat0_.piilotettu as piilote18_5_,
        organisaat0_.tarkastus_pvm as tarkast19_5_,
        organisaat0_.toimipistekoodi as toimipi20_5_,
        organisaat0_.tuontipvm as tuontip21_5_,
        organisaat0_.varhaiskasvatuksen_toimipaikka_tiedot_id as varhais31_5_,
        organisaat0_.virastotunnus as virasto22_5_,
        organisaat0_.yhteishaunkoulukoodi as yhteish23_5_,
        organisaat0_.yritysmuoto as yritysm24_5_,
        organisaat0_.ytj_kieli as ytj_kie25_5_,
        organisaat0_.ytjpaivityspvm as ytjpaiv26_5_,
        organisaat0_.ytunnus as ytunnus27_5_ 
    from
        organisaatio organisaat0_ 
    where
        organisaat0_.parentidpath like ? escape '!'
2020-06-10 18:11:40.245 TRACE 55751 --- [    Test worker] o.h.type.descriptor.sql.BasicBinder      : binding parameter [1] as [VARCHAR] - [%|18|]
2020-06-10 18:11:40.245 TRACE 55751 --- [    Test worker] o.h.type.descriptor.sql.BasicExtractor   : extracted value ([id1_5_] : [BIGINT]) - [19]
Hibernate: 
    select
        organisaat0_.id as id1_5_,
        organisaat0_.version as version2_5_,
        organisaat0_.alkupvm as alkupvm3_5_,
        organisaat0_.domainnimi as domainni4_5_,
        organisaat0_.kotipaikka as kotipaik5_5_,
        organisaat0_.kuvaus_mkt as kuvaus_28_5_,
        organisaat0_.lakkautuspvm as lakkautu6_5_,
        organisaat0_.maa as maa7_5_,
        organisaat0_.metadata_id as metadat29_5_,
        organisaat0_.nimi_mkt as nimi_mk30_5_,
        organisaat0_.nimihaku as nimihaku8_5_,
        organisaat0_.oid as oid9_5_,
        organisaat0_.opetuspisteenjarjnro as opetusp10_5_,
        organisaat0_.oppilaitoskoodi as oppilai11_5_,
        organisaat0_.oppilaitos_tyyppi as oppilai12_5_,
        organisaat0_.organisaatio_poistettu as organis13_5_,
        organisaat0_.paivittaja as paivitt14_5_,
        organisaat0_.paivityspvm as paivity15_5_,
        organisaat0_.parentidpath as parenti16_5_,
        organisaat0_.parentoidpath as parento17_5_,
        organisaat0_.piilotettu as piilote18_5_,
        organisaat0_.tarkastus_pvm as tarkast19_5_,
        organisaat0_.toimipistekoodi as toimipi20_5_,
        organisaat0_.tuontipvm as tuontip21_5_,
        organisaat0_.varhaiskasvatuksen_toimipaikka_tiedot_id as varhais31_5_,
        organisaat0_.virastotunnus as virasto22_5_,
        organisaat0_.yhteishaunkoulukoodi as yhteish23_5_,
        organisaat0_.yritysmuoto as yritysm24_5_,
        organisaat0_.ytj_kieli as ytj_kie25_5_,
        organisaat0_.ytjpaivityspvm as ytjpaiv26_5_,
        organisaat0_.ytunnus as ytunnus27_5_ 
    from
        organisaatio organisaat0_ 
    where
        organisaat0_.oid=?
2020-06-10 18:11:40.247 TRACE 55751 --- [    Test worker] o.h.type.descriptor.sql.BasicBinder      : binding parameter [1] as [VARCHAR] - [oppilaitos2]
2020-06-10 18:11:40.247 TRACE 55751 --- [    Test worker] o.h.type.descriptor.sql.BasicExtractor   : extracted value ([id1_5_] : [BIGINT]) - [18]
Hibernate: 
    select
        distinct organisaat0_.id as id1_5_,
        organisaat0_.version as version2_5_,
        organisaat0_.alkupvm as alkupvm3_5_,
        organisaat0_.domainnimi as domainni4_5_,
        organisaat0_.kotipaikka as kotipaik5_5_,
        organisaat0_.kuvaus_mkt as kuvaus_28_5_,
        organisaat0_.lakkautuspvm as lakkautu6_5_,
        organisaat0_.maa as maa7_5_,
        organisaat0_.metadata_id as metadat29_5_,
        organisaat0_.nimi_mkt as nimi_mk30_5_,
        organisaat0_.nimihaku as nimihaku8_5_,
        organisaat0_.oid as oid9_5_,
        organisaat0_.opetuspisteenjarjnro as opetusp10_5_,
        organisaat0_.oppilaitoskoodi as oppilai11_5_,
        organisaat0_.oppilaitos_tyyppi as oppilai12_5_,
        organisaat0_.organisaatio_poistettu as organis13_5_,
        organisaat0_.paivittaja as paivitt14_5_,
        organisaat0_.paivityspvm as paivity15_5_,
        organisaat0_.parentidpath as parenti16_5_,
        organisaat0_.parentoidpath as parento17_5_,
        organisaat0_.piilotettu as piilote18_5_,
        organisaat0_.tarkastus_pvm as tarkast19_5_,
        organisaat0_.toimipistekoodi as toimipi20_5_,
        organisaat0_.tuontipvm as tuontip21_5_,
        organisaat0_.varhaiskasvatuksen_toimipaikka_tiedot_id as varhais31_5_,
        organisaat0_.virastotunnus as virasto22_5_,
        organisaat0_.yhteishaunkoulukoodi as yhteish23_5_,
        organisaat0_.yritysmuoto as yritysm24_5_,
        organisaat0_.ytj_kieli as ytj_kie25_5_,
        organisaat0_.ytjpaivityspvm as ytjpaiv26_5_,
        organisaat0_.ytunnus as ytunnus27_5_ 
    from
        organisaatio organisaat0_ 
    where
        organisaat0_.parentidpath like ? escape '!'
2020-06-10 18:11:40.249 TRACE 55751 --- [    Test worker] o.h.type.descriptor.sql.BasicBinder      : binding parameter [1] as [VARCHAR] - [%|19|]
2020-06-10 18:11:40.249  INFO 55751 --- [    Test worker] .s.o.b.i.OrganisaatioBusinessServiceImpl : Processing OrganisaatioSuhde[id=17, version=0]
Hibernate: 
    select
        organisaat0_.id as id1_5_,
        organisaat0_.version as version2_5_,
        organisaat0_.alkupvm as alkupvm3_5_,
        organisaat0_.domainnimi as domainni4_5_,
        organisaat0_.kotipaikka as kotipaik5_5_,
        organisaat0_.kuvaus_mkt as kuvaus_28_5_,
        organisaat0_.lakkautuspvm as lakkautu6_5_,
        organisaat0_.maa as maa7_5_,
        organisaat0_.metadata_id as metadat29_5_,
        organisaat0_.nimi_mkt as nimi_mk30_5_,
        organisaat0_.nimihaku as nimihaku8_5_,
        organisaat0_.oid as oid9_5_,
        organisaat0_.opetuspisteenjarjnro as opetusp10_5_,
        organisaat0_.oppilaitoskoodi as oppilai11_5_,
        organisaat0_.oppilaitos_tyyppi as oppilai12_5_,
        organisaat0_.organisaatio_poistettu as organis13_5_,
        organisaat0_.paivittaja as paivitt14_5_,
        organisaat0_.paivityspvm as paivity15_5_,
        organisaat0_.parentidpath as parenti16_5_,
        organisaat0_.parentoidpath as parento17_5_,
        organisaat0_.piilotettu as piilote18_5_,
        organisaat0_.tarkastus_pvm as tarkast19_5_,
        organisaat0_.toimipistekoodi as toimipi20_5_,
        organisaat0_.tuontipvm as tuontip21_5_,
        organisaat0_.varhaiskasvatuksen_toimipaikka_tiedot_id as varhais31_5_,
        organisaat0_.virastotunnus as virasto22_5_,
        organisaat0_.yhteishaunkoulukoodi as yhteish23_5_,
        organisaat0_.yritysmuoto as yritysm24_5_,
        organisaat0_.ytj_kieli as ytj_kie25_5_,
        organisaat0_.ytjpaivityspvm as ytjpaiv26_5_,
        organisaat0_.ytunnus as ytunnus27_5_ 
    from
        organisaatio organisaat0_ 
    where
        organisaat0_.oid=?
2020-06-10 18:11:40.251 TRACE 55751 --- [    Test worker] o.h.type.descriptor.sql.BasicBinder      : binding parameter [1] as [VARCHAR] - [koulutustoimija2]
2020-06-10 18:11:40.251 TRACE 55751 --- [    Test worker] o.h.type.descriptor.sql.BasicExtractor   : extracted value ([id1_5_] : [BIGINT]) - [17]
Hibernate: 
    select
        distinct organisaat0_.id as id1_5_,
        organisaat0_.version as version2_5_,
        organisaat0_.alkupvm as alkupvm3_5_,
        organisaat0_.domainnimi as domainni4_5_,
        organisaat0_.kotipaikka as kotipaik5_5_,
        organisaat0_.kuvaus_mkt as kuvaus_28_5_,
        organisaat0_.lakkautuspvm as lakkautu6_5_,
        organisaat0_.maa as maa7_5_,
        organisaat0_.metadata_id as metadat29_5_,
        organisaat0_.nimi_mkt as nimi_mk30_5_,
        organisaat0_.nimihaku as nimihaku8_5_,
        organisaat0_.oid as oid9_5_,
        organisaat0_.opetuspisteenjarjnro as opetusp10_5_,
        organisaat0_.oppilaitoskoodi as oppilai11_5_,
        organisaat0_.oppilaitos_tyyppi as oppilai12_5_,
        organisaat0_.organisaatio_poistettu as organis13_5_,
        organisaat0_.paivittaja as paivitt14_5_,
        organisaat0_.paivityspvm as paivity15_5_,
        organisaat0_.parentidpath as parenti16_5_,
        organisaat0_.parentoidpath as parento17_5_,
        organisaat0_.piilotettu as piilote18_5_,
        organisaat0_.tarkastus_pvm as tarkast19_5_,
        organisaat0_.toimipistekoodi as toimipi20_5_,
        organisaat0_.tuontipvm as tuontip21_5_,
        organisaat0_.varhaiskasvatuksen_toimipaikka_tiedot_id as varhais31_5_,
        organisaat0_.virastotunnus as virasto22_5_,
        organisaat0_.yhteishaunkoulukoodi as yhteish23_5_,
        organisaat0_.yritysmuoto as yritysm24_5_,
        organisaat0_.ytj_kieli as ytj_kie25_5_,
        organisaat0_.ytjpaivityspvm as ytjpaiv26_5_,
        organisaat0_.ytunnus as ytunnus27_5_ 
    from
        organisaatio organisaat0_ 
    where
        organisaat0_.parentidpath like ? escape '!'
2020-06-10 18:11:40.253 TRACE 55751 --- [    Test worker] o.h.type.descriptor.sql.BasicBinder      : binding parameter [1] as [VARCHAR] - [%|18|]
2020-06-10 18:11:40.253 TRACE 55751 --- [    Test worker] o.h.type.descriptor.sql.BasicExtractor   : extracted value ([id1_5_] : [BIGINT]) - [19]
Hibernate: 
    select
        organisaat0_.id as id1_5_,
        organisaat0_.version as version2_5_,
        organisaat0_.alkupvm as alkupvm3_5_,
        organisaat0_.domainnimi as domainni4_5_,
        organisaat0_.kotipaikka as kotipaik5_5_,
        organisaat0_.kuvaus_mkt as kuvaus_28_5_,
        organisaat0_.lakkautuspvm as lakkautu6_5_,
        organisaat0_.maa as maa7_5_,
        organisaat0_.metadata_id as metadat29_5_,
        organisaat0_.nimi_mkt as nimi_mk30_5_,
        organisaat0_.nimihaku as nimihaku8_5_,
        organisaat0_.oid as oid9_5_,
        organisaat0_.opetuspisteenjarjnro as opetusp10_5_,
        organisaat0_.oppilaitoskoodi as oppilai11_5_,
        organisaat0_.oppilaitos_tyyppi as oppilai12_5_,
        organisaat0_.organisaatio_poistettu as organis13_5_,
        organisaat0_.paivittaja as paivitt14_5_,
        organisaat0_.paivityspvm as paivity15_5_,
        organisaat0_.parentidpath as parenti16_5_,
        organisaat0_.parentoidpath as parento17_5_,
        organisaat0_.piilotettu as piilote18_5_,
        organisaat0_.tarkastus_pvm as tarkast19_5_,
        organisaat0_.toimipistekoodi as toimipi20_5_,
        organisaat0_.tuontipvm as tuontip21_5_,
        organisaat0_.varhaiskasvatuksen_toimipaikka_tiedot_id as varhais31_5_,
        organisaat0_.virastotunnus as virasto22_5_,
        organisaat0_.yhteishaunkoulukoodi as yhteish23_5_,
        organisaat0_.yritysmuoto as yritysm24_5_,
        organisaat0_.ytj_kieli as ytj_kie25_5_,
        organisaat0_.ytjpaivityspvm as ytjpaiv26_5_,
        organisaat0_.ytunnus as ytunnus27_5_ 
    from
        organisaatio organisaat0_ 
    where
        organisaat0_.oid=?
2020-06-10 18:11:40.255 TRACE 55751 --- [    Test worker] o.h.type.descriptor.sql.BasicBinder      : binding parameter [1] as [VARCHAR] - [oppilaitos2]
2020-06-10 18:11:40.255 TRACE 55751 --- [    Test worker] o.h.type.descriptor.sql.BasicExtractor   : extracted value ([id1_5_] : [BIGINT]) - [18]
Hibernate: 
    select
        distinct organisaat0_.id as id1_5_,
        organisaat0_.version as version2_5_,
        organisaat0_.alkupvm as alkupvm3_5_,
        organisaat0_.domainnimi as domainni4_5_,
        organisaat0_.kotipaikka as kotipaik5_5_,
        organisaat0_.kuvaus_mkt as kuvaus_28_5_,
        organisaat0_.lakkautuspvm as lakkautu6_5_,
        organisaat0_.maa as maa7_5_,
        organisaat0_.metadata_id as metadat29_5_,
        organisaat0_.nimi_mkt as nimi_mk30_5_,
        organisaat0_.nimihaku as nimihaku8_5_,
        organisaat0_.oid as oid9_5_,
        organisaat0_.opetuspisteenjarjnro as opetusp10_5_,
        organisaat0_.oppilaitoskoodi as oppilai11_5_,
        organisaat0_.oppilaitos_tyyppi as oppilai12_5_,
        organisaat0_.organisaatio_poistettu as organis13_5_,
        organisaat0_.paivittaja as paivitt14_5_,
        organisaat0_.paivityspvm as paivity15_5_,
        organisaat0_.parentidpath as parenti16_5_,
        organisaat0_.parentoidpath as parento17_5_,
        organisaat0_.piilotettu as piilote18_5_,
        organisaat0_.tarkastus_pvm as tarkast19_5_,
        organisaat0_.toimipistekoodi as toimipi20_5_,
        organisaat0_.tuontipvm as tuontip21_5_,
        organisaat0_.varhaiskasvatuksen_toimipaikka_tiedot_id as varhais31_5_,
        organisaat0_.virastotunnus as virasto22_5_,
        organisaat0_.yhteishaunkoulukoodi as yhteish23_5_,
        organisaat0_.yritysmuoto as yritysm24_5_,
        organisaat0_.ytj_kieli as ytj_kie25_5_,
        organisaat0_.ytjpaivityspvm as ytjpaiv26_5_,
        organisaat0_.ytunnus as ytunnus27_5_ 
    from
        organisaatio organisaat0_ 
    where
        organisaat0_.parentidpath like ? escape '!'
2020-06-10 18:11:40.257 TRACE 55751 --- [    Test worker] o.h.type.descriptor.sql.BasicBinder      : binding parameter [1] as [VARCHAR] - [%|19|]
2020-06-10 18:11:40.258  INFO 55751 --- [    Test worker] .s.o.b.i.OrganisaatioBusinessServiceImpl : Processing OrganisaatioSuhde[id=18, version=0]
Hibernate: 
    select
        organisaat0_.id as id1_5_,
        organisaat0_.version as version2_5_,
        organisaat0_.alkupvm as alkupvm3_5_,
        organisaat0_.domainnimi as domainni4_5_,
        organisaat0_.kotipaikka as kotipaik5_5_,
        organisaat0_.kuvaus_mkt as kuvaus_28_5_,
        organisaat0_.lakkautuspvm as lakkautu6_5_,
        organisaat0_.maa as maa7_5_,
        organisaat0_.metadata_id as metadat29_5_,
        organisaat0_.nimi_mkt as nimi_mk30_5_,
        organisaat0_.nimihaku as nimihaku8_5_,
        organisaat0_.oid as oid9_5_,
        organisaat0_.opetuspisteenjarjnro as opetusp10_5_,
        organisaat0_.oppilaitoskoodi as oppilai11_5_,
        organisaat0_.oppilaitos_tyyppi as oppilai12_5_,
        organisaat0_.organisaatio_poistettu as organis13_5_,
        organisaat0_.paivittaja as paivitt14_5_,
        organisaat0_.paivityspvm as paivity15_5_,
        organisaat0_.parentidpath as parenti16_5_,
        organisaat0_.parentoidpath as parento17_5_,
        organisaat0_.piilotettu as piilote18_5_,
        organisaat0_.tarkastus_pvm as tarkast19_5_,
        organisaat0_.toimipistekoodi as toimipi20_5_,
        organisaat0_.tuontipvm as tuontip21_5_,
        organisaat0_.varhaiskasvatuksen_toimipaikka_tiedot_id as varhais31_5_,
        organisaat0_.virastotunnus as virasto22_5_,
        organisaat0_.yhteishaunkoulukoodi as yhteish23_5_,
        organisaat0_.yritysmuoto as yritysm24_5_,
        organisaat0_.ytj_kieli as ytj_kie25_5_,
        organisaat0_.ytjpaivityspvm as ytjpaiv26_5_,
        organisaat0_.ytunnus as ytunnus27_5_ 
    from
        organisaatio organisaat0_ 
    where
        organisaat0_.oid=?
2020-06-10 18:11:40.259 TRACE 55751 --- [    Test worker] o.h.type.descriptor.sql.BasicBinder      : binding parameter [1] as [VARCHAR] - [oppilaitos2]
2020-06-10 18:11:40.259 TRACE 55751 --- [    Test worker] o.h.type.descriptor.sql.BasicExtractor   : extracted value ([id1_5_] : [BIGINT]) - [18]
Hibernate: 
    select
        distinct organisaat0_.id as id1_5_,
        organisaat0_.version as version2_5_,
        organisaat0_.alkupvm as alkupvm3_5_,
        organisaat0_.domainnimi as domainni4_5_,
        organisaat0_.kotipaikka as kotipaik5_5_,
        organisaat0_.kuvaus_mkt as kuvaus_28_5_,
        organisaat0_.lakkautuspvm as lakkautu6_5_,
        organisaat0_.maa as maa7_5_,
        organisaat0_.metadata_id as metadat29_5_,
        organisaat0_.nimi_mkt as nimi_mk30_5_,
        organisaat0_.nimihaku as nimihaku8_5_,
        organisaat0_.oid as oid9_5_,
        organisaat0_.opetuspisteenjarjnro as opetusp10_5_,
        organisaat0_.oppilaitoskoodi as oppilai11_5_,
        organisaat0_.oppilaitos_tyyppi as oppilai12_5_,
        organisaat0_.organisaatio_poistettu as organis13_5_,
        organisaat0_.paivittaja as paivitt14_5_,
        organisaat0_.paivityspvm as paivity15_5_,
        organisaat0_.parentidpath as parenti16_5_,
        organisaat0_.parentoidpath as parento17_5_,
        organisaat0_.piilotettu as piilote18_5_,
        organisaat0_.tarkastus_pvm as tarkast19_5_,
        organisaat0_.toimipistekoodi as toimipi20_5_,
        organisaat0_.tuontipvm as tuontip21_5_,
        organisaat0_.varhaiskasvatuksen_toimipaikka_tiedot_id as varhais31_5_,
        organisaat0_.virastotunnus as virasto22_5_,
        organisaat0_.yhteishaunkoulukoodi as yhteish23_5_,
        organisaat0_.yritysmuoto as yritysm24_5_,
        organisaat0_.ytj_kieli as ytj_kie25_5_,
        organisaat0_.ytjpaivityspvm as ytjpaiv26_5_,
        organisaat0_.ytunnus as ytunnus27_5_ 
    from
        organisaatio organisaat0_ 
    where
        organisaat0_.parentidpath like ? escape '!'
2020-06-10 18:11:40.261 TRACE 55751 --- [    Test worker] o.h.type.descriptor.sql.BasicBinder      : binding parameter [1] as [VARCHAR] - [%|19|]
2020-06-10 18:11:40.262  INFO 55751 --- [    Test worker] .s.o.b.i.OrganisaatioBusinessServiceImpl : Processing OrganisaatioSuhde[id=19, version=0]
Hibernate: 
    select
        distinct organisaat0_.id as id1_5_,
        organisaat0_.version as version2_5_,
        organisaat0_.alkupvm as alkupvm3_5_,
        organisaat0_.domainnimi as domainni4_5_,
        organisaat0_.kotipaikka as kotipaik5_5_,
        organisaat0_.kuvaus_mkt as kuvaus_28_5_,
        organisaat0_.lakkautuspvm as lakkautu6_5_,
        organisaat0_.maa as maa7_5_,
        organisaat0_.metadata_id as metadat29_5_,
        organisaat0_.nimi_mkt as nimi_mk30_5_,
        organisaat0_.nimihaku as nimihaku8_5_,
        organisaat0_.oid as oid9_5_,
        organisaat0_.opetuspisteenjarjnro as opetusp10_5_,
        organisaat0_.oppilaitoskoodi as oppilai11_5_,
        organisaat0_.oppilaitos_tyyppi as oppilai12_5_,
        organisaat0_.organisaatio_poistettu as organis13_5_,
        organisaat0_.paivittaja as paivitt14_5_,
        organisaat0_.paivityspvm as paivity15_5_,
        organisaat0_.parentidpath as parenti16_5_,
        organisaat0_.parentoidpath as parento17_5_,
        organisaat0_.piilotettu as piilote18_5_,
        organisaat0_.tarkastus_pvm as tarkast19_5_,
        organisaat0_.toimipistekoodi as toimipi20_5_,
        organisaat0_.tuontipvm as tuontip21_5_,
        organisaat0_.varhaiskasvatuksen_toimipaikka_tiedot_id as varhais31_5_,
        organisaat0_.virastotunnus as virasto22_5_,
        organisaat0_.yhteishaunkoulukoodi as yhteish23_5_,
        organisaat0_.yritysmuoto as yritysm24_5_,
        organisaat0_.ytj_kieli as ytj_kie25_5_,
        organisaat0_.ytjpaivityspvm as ytjpaiv26_5_,
        organisaat0_.ytunnus as ytunnus27_5_ 
    from
        organisaatio organisaat0_ 
    where
        organisaat0_.parentidpath like ? escape '!'
2020-06-10 18:11:40.263 TRACE 55751 --- [    Test worker] o.h.type.descriptor.sql.BasicBinder      : binding parameter [1] as [VARCHAR] - [%|15|]
2020-06-10 18:11:40.263 TRACE 55751 --- [    Test worker] o.h.type.descriptor.sql.BasicExtractor   : extracted value ([id1_5_] : [BIGINT]) - [16]
Hibernate: 
    select
        organisaat0_.id as id1_5_,
        organisaat0_.version as version2_5_,
        organisaat0_.alkupvm as alkupvm3_5_,
        organisaat0_.domainnimi as domainni4_5_,
        organisaat0_.kotipaikka as kotipaik5_5_,
        organisaat0_.kuvaus_mkt as kuvaus_28_5_,
        organisaat0_.lakkautuspvm as lakkautu6_5_,
        organisaat0_.maa as maa7_5_,
        organisaat0_.metadata_id as metadat29_5_,
        organisaat0_.nimi_mkt as nimi_mk30_5_,
        organisaat0_.nimihaku as nimihaku8_5_,
        organisaat0_.oid as oid9_5_,
        organisaat0_.opetuspisteenjarjnro as opetusp10_5_,
        organisaat0_.oppilaitoskoodi as oppilai11_5_,
        organisaat0_.oppilaitos_tyyppi as oppilai12_5_,
        organisaat0_.organisaatio_poistettu as organis13_5_,
        organisaat0_.paivittaja as paivitt14_5_,
        organisaat0_.paivityspvm as paivity15_5_,
        organisaat0_.parentidpath as parenti16_5_,
        organisaat0_.parentoidpath as parento17_5_,
        organisaat0_.piilotettu as piilote18_5_,
        organisaat0_.tarkastus_pvm as tarkast19_5_,
        organisaat0_.toimipistekoodi as toimipi20_5_,
        organisaat0_.tuontipvm as tuontip21_5_,
        organisaat0_.varhaiskasvatuksen_toimipaikka_tiedot_id as varhais31_5_,
        organisaat0_.virastotunnus as virasto22_5_,
        organisaat0_.yhteishaunkoulukoodi as yhteish23_5_,
        organisaat0_.yritysmuoto as yritysm24_5_,
        organisaat0_.ytj_kieli as ytj_kie25_5_,
        organisaat0_.ytjpaivityspvm as ytjpaiv26_5_,
        organisaat0_.ytunnus as ytunnus27_5_ 
    from
        organisaatio organisaat0_ 
    where
        organisaat0_.oid=?
2020-06-10 18:11:40.265 TRACE 55751 --- [    Test worker] o.h.type.descriptor.sql.BasicBinder      : binding parameter [1] as [VARCHAR] - [oppilaitos1]
2020-06-10 18:11:40.265 TRACE 55751 --- [    Test worker] o.h.type.descriptor.sql.BasicExtractor   : extracted value ([id1_5_] : [BIGINT]) - [15]
Hibernate: 
    select
        distinct organisaat0_.id as id1_5_,
        organisaat0_.version as version2_5_,
        organisaat0_.alkupvm as alkupvm3_5_,
        organisaat0_.domainnimi as domainni4_5_,
        organisaat0_.kotipaikka as kotipaik5_5_,
        organisaat0_.kuvaus_mkt as kuvaus_28_5_,
        organisaat0_.lakkautuspvm as lakkautu6_5_,
        organisaat0_.maa as maa7_5_,
        organisaat0_.metadata_id as metadat29_5_,
        organisaat0_.nimi_mkt as nimi_mk30_5_,
        organisaat0_.nimihaku as nimihaku8_5_,
        organisaat0_.oid as oid9_5_,
        organisaat0_.opetuspisteenjarjnro as opetusp10_5_,
        organisaat0_.oppilaitoskoodi as oppilai11_5_,
        organisaat0_.oppilaitos_tyyppi as oppilai12_5_,
        organisaat0_.organisaatio_poistettu as organis13_5_,
        organisaat0_.paivittaja as paivitt14_5_,
        organisaat0_.paivityspvm as paivity15_5_,
        organisaat0_.parentidpath as parenti16_5_,
        organisaat0_.parentoidpath as parento17_5_,
        organisaat0_.piilotettu as piilote18_5_,
        organisaat0_.tarkastus_pvm as tarkast19_5_,
        organisaat0_.toimipistekoodi as toimipi20_5_,
        organisaat0_.tuontipvm as tuontip21_5_,
        organisaat0_.varhaiskasvatuksen_toimipaikka_tiedot_id as varhais31_5_,
        organisaat0_.virastotunnus as virasto22_5_,
        organisaat0_.yhteishaunkoulukoodi as yhteish23_5_,
        organisaat0_.yritysmuoto as yritysm24_5_,
        organisaat0_.ytj_kieli as ytj_kie25_5_,
        organisaat0_.ytjpaivityspvm as ytjpaiv26_5_,
        organisaat0_.ytunnus as ytunnus27_5_ 
    from
        organisaatio organisaat0_ 
    where
        organisaat0_.parentidpath like ? escape '!'
2020-06-10 18:11:40.267 TRACE 55751 --- [    Test worker] o.h.type.descriptor.sql.BasicBinder      : binding parameter [1] as [VARCHAR] - [%|16|]
2020-06-10 18:11:40.268  INFO 55751 --- [    Test worker] .s.o.b.i.OrganisaatioBusinessServiceImpl : Processing OrganisaatioSuhde[id=20, version=1]
Hibernate: 
    select
        organisaat0_.id as id1_5_,
        organisaat0_.version as version2_5_,
        organisaat0_.alkupvm as alkupvm3_5_,
        organisaat0_.domainnimi as domainni4_5_,
        organisaat0_.kotipaikka as kotipaik5_5_,
        organisaat0_.kuvaus_mkt as kuvaus_28_5_,
        organisaat0_.lakkautuspvm as lakkautu6_5_,
        organisaat0_.maa as maa7_5_,
        organisaat0_.metadata_id as metadat29_5_,
        organisaat0_.nimi_mkt as nimi_mk30_5_,
        organisaat0_.nimihaku as nimihaku8_5_,
        organisaat0_.oid as oid9_5_,
        organisaat0_.opetuspisteenjarjnro as opetusp10_5_,
        organisaat0_.oppilaitoskoodi as oppilai11_5_,
        organisaat0_.oppilaitos_tyyppi as oppilai12_5_,
        organisaat0_.organisaatio_poistettu as organis13_5_,
        organisaat0_.paivittaja as paivitt14_5_,
        organisaat0_.paivityspvm as paivity15_5_,
        organisaat0_.parentidpath as parenti16_5_,
        organisaat0_.parentoidpath as parento17_5_,
        organisaat0_.piilotettu as piilote18_5_,
        organisaat0_.tarkastus_pvm as tarkast19_5_,
        organisaat0_.toimipistekoodi as toimipi20_5_,
        organisaat0_.tuontipvm as tuontip21_5_,
        organisaat0_.varhaiskasvatuksen_toimipaikka_tiedot_id as varhais31_5_,
        organisaat0_.virastotunnus as virasto22_5_,
        organisaat0_.yhteishaunkoulukoodi as yhteish23_5_,
        organisaat0_.yritysmuoto as yritysm24_5_,
        organisaat0_.ytj_kieli as ytj_kie25_5_,
        organisaat0_.ytjpaivityspvm as ytjpaiv26_5_,
        organisaat0_.ytunnus as ytunnus27_5_ 
    from
        organisaatio organisaat0_ 
    where
        organisaat0_.oid=?
2020-06-10 18:11:40.269 TRACE 55751 --- [    Test worker] o.h.type.descriptor.sql.BasicBinder      : binding parameter [1] as [VARCHAR] - [oppilaitos2]
2020-06-10 18:11:40.269 TRACE 55751 --- [    Test worker] o.h.type.descriptor.sql.BasicExtractor   : extracted value ([id1_5_] : [BIGINT]) - [18]
Hibernate: 
    update
        organisaatio 
    set
        version=?,
        alkupvm=?,
        domainnimi=?,
        kotipaikka=?,
        kuvaus_mkt=?,
        lakkautuspvm=?,
        maa=?,
        metadata_id=?,
        nimi_mkt=?,
        nimihaku=?,
        oid=?,
        opetuspisteenjarjnro=?,
        oppilaitoskoodi=?,
        oppilaitos_tyyppi=?,
        organisaatio_poistettu=?,
        paivittaja=?,
        paivityspvm=?,
        parentidpath=?,
        parentoidpath=?,
        piilotettu=?,
        tarkastus_pvm=?,
        toimipistekoodi=?,
        tuontipvm=?,
        varhaiskasvatuksen_toimipaikka_tiedot_id=?,
        virastotunnus=?,
        yhteishaunkoulukoodi=?,
        yritysmuoto=?,
        ytj_kieli=?,
        ytjpaivityspvm=?,
        ytunnus=? 
    where
        id=? 
        and version=?
2020-06-10 18:11:40.272 TRACE 55751 --- [    Test worker] o.h.type.descriptor.sql.BasicBinder      : binding parameter [1] as [BIGINT] - [5]
2020-06-10 18:11:40.272 TRACE 55751 --- [    Test worker] o.h.type.descriptor.sql.BasicBinder      : binding parameter [2] as [DATE] - [Fri Dec 31 00:00:00 EET 1999]
2020-06-10 18:11:40.272 TRACE 55751 --- [    Test worker] o.h.type.descriptor.sql.BasicBinder      : binding parameter [3] as [VARCHAR] - [null]
2020-06-10 18:11:40.272 TRACE 55751 --- [    Test worker] o.h.type.descriptor.sql.BasicBinder      : binding parameter [4] as [VARCHAR] - [kunta_092]
2020-06-10 18:11:40.272 TRACE 55751 --- [    Test worker] o.h.type.descriptor.sql.BasicBinder      : binding parameter [5] as [BIGINT] - [1012]
2020-06-10 18:11:40.272 TRACE 55751 --- [    Test worker] o.h.type.descriptor.sql.BasicBinder      : binding parameter [6] as [DATE] - [null]
2020-06-10 18:11:40.272 TRACE 55751 --- [    Test worker] o.h.type.descriptor.sql.BasicBinder      : binding parameter [7] as [VARCHAR] - [maatjavaltiot1_fin]
2020-06-10 18:11:40.272 TRACE 55751 --- [    Test worker] o.h.type.descriptor.sql.BasicBinder      : binding parameter [8] as [BIGINT] - [null]
2020-06-10 18:11:40.272 TRACE 55751 --- [    Test worker] o.h.type.descriptor.sql.BasicBinder      : binding parameter [9] as [BIGINT] - [1013]
2020-06-10 18:11:40.272 TRACE 55751 --- [    Test worker] o.h.type.descriptor.sql.BasicBinder      : binding parameter [10] as [VARCHAR] - [,toimipiste1]
2020-06-10 18:11:40.272 TRACE 55751 --- [    Test worker] o.h.type.descriptor.sql.BasicBinder      : binding parameter [11] as [VARCHAR] - [toimipiste1]
2020-06-10 18:11:40.272 TRACE 55751 --- [    Test worker] o.h.type.descriptor.sql.BasicBinder      : binding parameter [12] as [VARCHAR] - [03]
2020-06-10 18:11:40.272 TRACE 55751 --- [    Test worker] o.h.type.descriptor.sql.BasicBinder      : binding parameter [13] as [VARCHAR] - [null]
2020-06-10 18:11:40.272 TRACE 55751 --- [    Test worker] o.h.type.descriptor.sql.BasicBinder      : binding parameter [14] as [VARCHAR] - [null]
2020-06-10 18:11:40.272 TRACE 55751 --- [    Test worker] o.h.type.descriptor.sql.BasicBinder      : binding parameter [15] as [BOOLEAN] - [false]
2020-06-10 18:11:40.272 TRACE 55751 --- [    Test worker] o.h.type.descriptor.sql.BasicBinder      : binding parameter [16] as [VARCHAR] - [ophadmin]
2020-06-10 18:11:40.272 TRACE 55751 --- [    Test worker] o.h.type.descriptor.sql.BasicBinder      : binding parameter [17] as [TIMESTAMP] - [Wed Jun 10 18:11:38 EEST 2020]
2020-06-10 18:11:40.273 TRACE 55751 --- [    Test worker] o.h.type.descriptor.sql.BasicBinder      : binding parameter [18] as [VARCHAR] - [|1|17|18|]
2020-06-10 18:11:40.273 TRACE 55751 --- [    Test worker] o.h.type.descriptor.sql.BasicBinder      : binding parameter [19] as [VARCHAR] - [|1.2.246.562.24.00000000001|koulutustoimija2|oppilaitos2|]
2020-06-10 18:11:40.273 TRACE 55751 --- [    Test worker] o.h.type.descriptor.sql.BasicBinder      : binding parameter [20] as [BOOLEAN] - [false]
2020-06-10 18:11:40.273 TRACE 55751 --- [    Test worker] o.h.type.descriptor.sql.BasicBinder      : binding parameter [21] as [TIMESTAMP] - [null]
2020-06-10 18:11:40.273 TRACE 55751 --- [    Test worker] o.h.type.descriptor.sql.BasicBinder      : binding parameter [22] as [VARCHAR] - [null03]
2020-06-10 18:11:40.273 TRACE 55751 --- [    Test worker] o.h.type.descriptor.sql.BasicBinder      : binding parameter [23] as [TIMESTAMP] - [null]
2020-06-10 18:11:40.273 TRACE 55751 --- [    Test worker] o.h.type.descriptor.sql.BasicBinder      : binding parameter [24] as [BIGINT] - [null]
2020-06-10 18:11:40.273 TRACE 55751 --- [    Test worker] o.h.type.descriptor.sql.BasicBinder      : binding parameter [25] as [VARCHAR] - [null]
2020-06-10 18:11:40.273 TRACE 55751 --- [    Test worker] o.h.type.descriptor.sql.BasicBinder      : binding parameter [26] as [VARCHAR] - [null]
2020-06-10 18:11:40.273 TRACE 55751 --- [    Test worker] o.h.type.descriptor.sql.BasicBinder      : binding parameter [27] as [VARCHAR] - [null]
2020-06-10 18:11:40.273 TRACE 55751 --- [    Test worker] o.h.type.descriptor.sql.BasicBinder      : binding parameter [28] as [VARCHAR] - [null]
2020-06-10 18:11:40.273 TRACE 55751 --- [    Test worker] o.h.type.descriptor.sql.BasicBinder      : binding parameter [29] as [DATE] - [null]
2020-06-10 18:11:40.273 TRACE 55751 --- [    Test worker] o.h.type.descriptor.sql.BasicBinder      : binding parameter [30] as [VARCHAR] - [null]
2020-06-10 18:11:40.273 TRACE 55751 --- [    Test worker] o.h.type.descriptor.sql.BasicBinder      : binding parameter [31] as [BIGINT] - [16]
2020-06-10 18:11:40.273 TRACE 55751 --- [    Test worker] o.h.type.descriptor.sql.BasicBinder      : binding parameter [32] as [BIGINT] - [4]
Hibernate: 
    select
        distinct organisaat0_.id as id1_5_,
        organisaat0_.version as version2_5_,
        organisaat0_.alkupvm as alkupvm3_5_,
        organisaat0_.domainnimi as domainni4_5_,
        organisaat0_.kotipaikka as kotipaik5_5_,
        organisaat0_.kuvaus_mkt as kuvaus_28_5_,
        organisaat0_.lakkautuspvm as lakkautu6_5_,
        organisaat0_.maa as maa7_5_,
        organisaat0_.metadata_id as metadat29_5_,
        organisaat0_.nimi_mkt as nimi_mk30_5_,
        organisaat0_.nimihaku as nimihaku8_5_,
        organisaat0_.oid as oid9_5_,
        organisaat0_.opetuspisteenjarjnro as opetusp10_5_,
        organisaat0_.oppilaitoskoodi as oppilai11_5_,
        organisaat0_.oppilaitos_tyyppi as oppilai12_5_,
        organisaat0_.organisaatio_poistettu as organis13_5_,
        organisaat0_.paivittaja as paivitt14_5_,
        organisaat0_.paivityspvm as paivity15_5_,
        organisaat0_.parentidpath as parenti16_5_,
        organisaat0_.parentoidpath as parento17_5_,
        organisaat0_.piilotettu as piilote18_5_,
        organisaat0_.tarkastus_pvm as tarkast19_5_,
        organisaat0_.toimipistekoodi as toimipi20_5_,
        organisaat0_.tuontipvm as tuontip21_5_,
        organisaat0_.varhaiskasvatuksen_toimipaikka_tiedot_id as varhais31_5_,
        organisaat0_.virastotunnus as virasto22_5_,
        organisaat0_.yhteishaunkoulukoodi as yhteish23_5_,
        organisaat0_.yritysmuoto as yritysm24_5_,
        organisaat0_.ytj_kieli as ytj_kie25_5_,
        organisaat0_.ytjpaivityspvm as ytjpaiv26_5_,
        organisaat0_.ytunnus as ytunnus27_5_ 
    from
        organisaatio organisaat0_ 
    where
        organisaat0_.parentidpath like ? escape '!'
2020-06-10 18:11:40.274 TRACE 55751 --- [    Test worker] o.h.type.descriptor.sql.BasicBinder      : binding parameter [1] as [VARCHAR] - [%|16|]
Hibernate: 
    select
        organisaat0_.id as id1_5_,
        organisaat0_.version as version2_5_,
        organisaat0_.alkupvm as alkupvm3_5_,
        organisaat0_.domainnimi as domainni4_5_,
        organisaat0_.kotipaikka as kotipaik5_5_,
        organisaat0_.kuvaus_mkt as kuvaus_28_5_,
        organisaat0_.lakkautuspvm as lakkautu6_5_,
        organisaat0_.maa as maa7_5_,
        organisaat0_.metadata_id as metadat29_5_,
        organisaat0_.nimi_mkt as nimi_mk30_5_,
        organisaat0_.nimihaku as nimihaku8_5_,
        organisaat0_.oid as oid9_5_,
        organisaat0_.opetuspisteenjarjnro as opetusp10_5_,
        organisaat0_.oppilaitoskoodi as oppilai11_5_,
        organisaat0_.oppilaitos_tyyppi as oppilai12_5_,
        organisaat0_.organisaatio_poistettu as organis13_5_,
        organisaat0_.paivittaja as paivitt14_5_,
        organisaat0_.paivityspvm as paivity15_5_,
        organisaat0_.parentidpath as parenti16_5_,
        organisaat0_.parentoidpath as parento17_5_,
        organisaat0_.piilotettu as piilote18_5_,
        organisaat0_.tarkastus_pvm as tarkast19_5_,
        organisaat0_.toimipistekoodi as toimipi20_5_,
        organisaat0_.tuontipvm as tuontip21_5_,
        organisaat0_.varhaiskasvatuksen_toimipaikka_tiedot_id as varhais31_5_,
        organisaat0_.virastotunnus as virasto22_5_,
        organisaat0_.yhteishaunkoulukoodi as yhteish23_5_,
        organisaat0_.yritysmuoto as yritysm24_5_,
        organisaat0_.ytj_kieli as ytj_kie25_5_,
        organisaat0_.ytjpaivityspvm as ytjpaiv26_5_,
        organisaat0_.ytunnus as ytunnus27_5_ 
    from
        organisaatio organisaat0_ 
    where
        organisaat0_.oid=?
2020-06-10 18:11:40.276 TRACE 55751 --- [    Test worker] o.h.type.descriptor.sql.BasicBinder      : binding parameter [1] as [VARCHAR] - [oppilaitos1]
2020-06-10 18:11:40.276 TRACE 55751 --- [    Test worker] o.h.type.descriptor.sql.BasicExtractor   : extracted value ([id1_5_] : [BIGINT]) - [15]
Hibernate: 
    select
        organisaat0_.id as id1_5_,
        organisaat0_.version as version2_5_,
        organisaat0_.alkupvm as alkupvm3_5_,
        organisaat0_.domainnimi as domainni4_5_,
        organisaat0_.kotipaikka as kotipaik5_5_,
        organisaat0_.kuvaus_mkt as kuvaus_28_5_,
        organisaat0_.lakkautuspvm as lakkautu6_5_,
        organisaat0_.maa as maa7_5_,
        organisaat0_.metadata_id as metadat29_5_,
        organisaat0_.nimi_mkt as nimi_mk30_5_,
        organisaat0_.nimihaku as nimihaku8_5_,
        organisaat0_.oid as oid9_5_,
        organisaat0_.opetuspisteenjarjnro as opetusp10_5_,
        organisaat0_.oppilaitoskoodi as oppilai11_5_,
        organisaat0_.oppilaitos_tyyppi as oppilai12_5_,
        organisaat0_.organisaatio_poistettu as organis13_5_,
        organisaat0_.paivittaja as paivitt14_5_,
        organisaat0_.paivityspvm as paivity15_5_,
        organisaat0_.parentidpath as parenti16_5_,
        organisaat0_.parentoidpath as parento17_5_,
        organisaat0_.piilotettu as piilote18_5_,
        organisaat0_.tarkastus_pvm as tarkast19_5_,
        organisaat0_.toimipistekoodi as toimipi20_5_,
        organisaat0_.tuontipvm as tuontip21_5_,
        organisaat0_.varhaiskasvatuksen_toimipaikka_tiedot_id as varhais31_5_,
        organisaat0_.virastotunnus as virasto22_5_,
        organisaat0_.yhteishaunkoulukoodi as yhteish23_5_,
        organisaat0_.yritysmuoto as yritysm24_5_,
        organisaat0_.ytj_kieli as ytj_kie25_5_,
        organisaat0_.ytjpaivityspvm as ytjpaiv26_5_,
        organisaat0_.ytunnus as ytunnus27_5_ 
    from
        organisaatio organisaat0_ 
    where
        organisaat0_.oid=?
2020-06-10 18:11:40.279 TRACE 55751 --- [    Test worker] o.h.type.descriptor.sql.BasicBinder      : binding parameter [1] as [VARCHAR] - [toimipiste1]
2020-06-10 18:11:40.279 TRACE 55751 --- [    Test worker] o.h.type.descriptor.sql.BasicExtractor   : extracted value ([id1_5_] : [BIGINT]) - [16]
2020-06-10 18:11:40.281  INFO 55751 --- [    Test worker] o.s.t.c.transaction.TransactionContext   : Rolled back transaction for test: [DefaultTestContext@633e0b9b testClass = OrganisaatioBusinessServiceImplTest, testInstance = fi.vm.sade.organisaatio.business.impl.OrganisaatioBusinessServiceImplTest@510b3f62, testMethod = processNewOrganisaatioSuhdeChangesWithLiitosToAnotherTree@OrganisaatioBusinessServiceImplTest, testException = [null], mergedContextConfiguration = [WebMergedContextConfiguration@142403d testClass = OrganisaatioBusinessServiceImplTest, locations = '{}', classes = '{class fi.vm.sade.organisaatio.OrganisaatioApplication, class fi.vm.sade.organisaatio.business.impl.OrganisaatioBusinessServiceImplTest$OrganisaatioBusinessServiceImplTestContextConfiguration}', contextInitializerClasses = '[]', activeProfiles = '{}', propertySourceLocations = '{}', propertySourceProperties = '{org.springframework.boot.test.context.SpringBootTestContextBootstrapper=true}', contextCustomizers = set[org.springframework.boot.test.autoconfigure.properties.PropertyMappingContextCustomizer@a273518a, org.springframework.boot.test.autoconfigure.web.servlet.WebDriverContextCustomizerFactory$Customizer@25a95d7a, [ImportsContextCustomizer@1758189f key = [org.springframework.boot.test.autoconfigure.jdbc.TestDatabaseAutoConfiguration, org.springframework.boot.autoconfigure.jdbc.DataSourceAutoConfiguration]], org.springframework.boot.test.context.filter.ExcludeFilterContextCustomizer@33d60c3d, org.springframework.boot.test.json.DuplicateJsonObjectContextCustomizerFactory$DuplicateJsonObjectContextCustomizer@6943770e, org.springframework.boot.test.mock.mockito.MockitoContextCustomizer@0, org.springframework.boot.test.web.client.TestRestTemplateContextCustomizer@536042e6, org.springframework.boot.test.context.SpringBootTestArgs@1], resourceBasePath = 'src/main/webapp', contextLoader = 'org.springframework.boot.test.context.SpringBootContextLoader', parent = [null]], attributes = map['org.springframework.test.context.web.ServletTestExecutionListener.activateListener' -> true, 'org.springframework.test.context.web.ServletTestExecutionListener.populatedRequestContextHolder' -> true, 'org.springframework.test.context.web.ServletTestExecutionListener.resetRequestContextHolder' -> true]]
2020-06-10 18:11:40.283  INFO 55751 --- [    Test worker] o.s.t.c.transaction.TransactionContext   : Began transaction (1) for test context [DefaultTestContext@633e0b9b testClass = OrganisaatioBusinessServiceImplTest, testInstance = fi.vm.sade.organisaatio.business.impl.OrganisaatioBusinessServiceImplTest@8ca0fe4, testMethod = lisaaVarhaiskasvatuksenToimipaikkaTieto@OrganisaatioBusinessServiceImplTest, testException = [null], mergedContextConfiguration = [WebMergedContextConfiguration@142403d testClass = OrganisaatioBusinessServiceImplTest, locations = '{}', classes = '{class fi.vm.sade.organisaatio.OrganisaatioApplication, class fi.vm.sade.organisaatio.business.impl.OrganisaatioBusinessServiceImplTest$OrganisaatioBusinessServiceImplTestContextConfiguration}', contextInitializerClasses = '[]', activeProfiles = '{}', propertySourceLocations = '{}', propertySourceProperties = '{org.springframework.boot.test.context.SpringBootTestContextBootstrapper=true}', contextCustomizers = set[org.springframework.boot.test.autoconfigure.properties.PropertyMappingContextCustomizer@a273518a, org.springframework.boot.test.autoconfigure.web.servlet.WebDriverContextCustomizerFactory$Customizer@25a95d7a, [ImportsContextCustomizer@1758189f key = [org.springframework.boot.test.autoconfigure.jdbc.TestDatabaseAutoConfiguration, org.springframework.boot.autoconfigure.jdbc.DataSourceAutoConfiguration]], org.springframework.boot.test.context.filter.ExcludeFilterContextCustomizer@33d60c3d, org.springframework.boot.test.json.DuplicateJsonObjectContextCustomizerFactory$DuplicateJsonObjectContextCustomizer@6943770e, org.springframework.boot.test.mock.mockito.MockitoContextCustomizer@0, org.springframework.boot.test.web.client.TestRestTemplateContextCustomizer@536042e6, org.springframework.boot.test.context.SpringBootTestArgs@1], resourceBasePath = 'src/main/webapp', contextLoader = 'org.springframework.boot.test.context.SpringBootContextLoader', parent = [null]], attributes = map['org.springframework.test.context.web.ServletTestExecutionListener.activateListener' -> true, 'org.springframework.test.context.web.ServletTestExecutionListener.populatedRequestContextHolder' -> true, 'org.springframework.test.context.web.ServletTestExecutionListener.resetRequestContextHolder' -> true]]; transaction manager [org.springframework.orm.jpa.JpaTransactionManager@441d876b]; rollback [true]
Hibernate: 
    select
        organisaat0_.id as id1_5_,
        organisaat0_.version as version2_5_,
        organisaat0_.alkupvm as alkupvm3_5_,
        organisaat0_.domainnimi as domainni4_5_,
        organisaat0_.kotipaikka as kotipaik5_5_,
        organisaat0_.kuvaus_mkt as kuvaus_28_5_,
        organisaat0_.lakkautuspvm as lakkautu6_5_,
        organisaat0_.maa as maa7_5_,
        organisaat0_.metadata_id as metadat29_5_,
        organisaat0_.nimi_mkt as nimi_mk30_5_,
        organisaat0_.nimihaku as nimihaku8_5_,
        organisaat0_.oid as oid9_5_,
        organisaat0_.opetuspisteenjarjnro as opetusp10_5_,
        organisaat0_.oppilaitoskoodi as oppilai11_5_,
        organisaat0_.oppilaitos_tyyppi as oppilai12_5_,
        organisaat0_.organisaatio_poistettu as organis13_5_,
        organisaat0_.paivittaja as paivitt14_5_,
        organisaat0_.paivityspvm as paivity15_5_,
        organisaat0_.parentidpath as parenti16_5_,
        organisaat0_.parentoidpath as parento17_5_,
        organisaat0_.piilotettu as piilote18_5_,
        organisaat0_.tarkastus_pvm as tarkast19_5_,
        organisaat0_.toimipistekoodi as toimipi20_5_,
        organisaat0_.tuontipvm as tuontip21_5_,
        organisaat0_.varhaiskasvatuksen_toimipaikka_tiedot_id as varhais31_5_,
        organisaat0_.virastotunnus as virasto22_5_,
        organisaat0_.yhteishaunkoulukoodi as yhteish23_5_,
        organisaat0_.yritysmuoto as yritysm24_5_,
        organisaat0_.ytj_kieli as ytj_kie25_5_,
        organisaat0_.ytjpaivityspvm as ytjpaiv26_5_,
        organisaat0_.ytunnus as ytunnus27_5_ 
    from
        organisaatio organisaat0_ 
    where
        organisaat0_.oid=?
2020-06-10 18:11:40.294 TRACE 55751 --- [    Test worker] o.h.type.descriptor.sql.BasicBinder      : binding parameter [1] as [VARCHAR] - [1.2.8000.1]
2020-06-10 18:11:40.294 TRACE 55751 --- [    Test worker] o.h.type.descriptor.sql.BasicExtractor   : extracted value ([id1_5_] : [BIGINT]) - [10]
2020-06-10 18:11:40.294 TRACE 55751 --- [    Test worker] o.h.type.descriptor.sql.BasicExtractor   : extracted value ([version2_5_] : [BIGINT]) - [2]
2020-06-10 18:11:40.294 TRACE 55751 --- [    Test worker] o.h.type.descriptor.sql.BasicExtractor   : extracted value ([alkupvm3_5_] : [DATE]) - [null]
2020-06-10 18:11:40.294 TRACE 55751 --- [    Test worker] o.h.type.descriptor.sql.BasicExtractor   : extracted value ([domainni4_5_] : [VARCHAR]) - [null]
2020-06-10 18:11:40.294 TRACE 55751 --- [    Test worker] o.h.type.descriptor.sql.BasicExtractor   : extracted value ([kotipaik5_5_] : [VARCHAR]) - [Helsinki]
2020-06-10 18:11:40.294 TRACE 55751 --- [    Test worker] o.h.type.descriptor.sql.BasicExtractor   : extracted value ([kuvaus_28_5_] : [BIGINT]) - [null]
2020-06-10 18:11:40.294 TRACE 55751 --- [    Test worker] o.h.type.descriptor.sql.BasicExtractor   : extracted value ([lakkautu6_5_] : [DATE]) - [null]
2020-06-10 18:11:40.294 TRACE 55751 --- [    Test worker] o.h.type.descriptor.sql.BasicExtractor   : extracted value ([maa7_5_] : [VARCHAR]) - [null]
2020-06-10 18:11:40.294 TRACE 55751 --- [    Test worker] o.h.type.descriptor.sql.BasicExtractor   : extracted value ([metadat29_5_] : [BIGINT]) - [2]
2020-06-10 18:11:40.294 TRACE 55751 --- [    Test worker] o.h.type.descriptor.sql.BasicExtractor   : extracted value ([nimi_mk30_5_] : [BIGINT]) - [6]
2020-06-10 18:11:40.295 TRACE 55751 --- [    Test worker] o.h.type.descriptor.sql.BasicExtractor   : extracted value ([nimihaku8_5_] : [VARCHAR]) - [mixed osoitetyyppi organisaatio]
2020-06-10 18:11:40.295 TRACE 55751 --- [    Test worker] o.h.type.descriptor.sql.BasicExtractor   : extracted value ([oid9_5_] : [VARCHAR]) - [1.2.8000.1]
2020-06-10 18:11:40.295 TRACE 55751 --- [    Test worker] o.h.type.descriptor.sql.BasicExtractor   : extracted value ([opetusp10_5_] : [VARCHAR]) - [null]
2020-06-10 18:11:40.295 TRACE 55751 --- [    Test worker] o.h.type.descriptor.sql.BasicExtractor   : extracted value ([oppilai11_5_] : [VARCHAR]) - [null]
2020-06-10 18:11:40.295 TRACE 55751 --- [    Test worker] o.h.type.descriptor.sql.BasicExtractor   : extracted value ([oppilai12_5_] : [VARCHAR]) - [oppilaitostyyppi_42#1]
2020-06-10 18:11:40.295 TRACE 55751 --- [    Test worker] o.h.type.descriptor.sql.BasicExtractor   : extracted value ([organis13_5_] : [BOOLEAN]) - [false]
2020-06-10 18:11:40.295 TRACE 55751 --- [    Test worker] o.h.type.descriptor.sql.BasicExtractor   : extracted value ([paivitt14_5_] : [VARCHAR]) - [null]
2020-06-10 18:11:40.295 TRACE 55751 --- [    Test worker] o.h.type.descriptor.sql.BasicExtractor   : extracted value ([paivity15_5_] : [TIMESTAMP]) - [null]
2020-06-10 18:11:40.295 TRACE 55751 --- [    Test worker] o.h.type.descriptor.sql.BasicExtractor   : extracted value ([parenti16_5_] : [VARCHAR]) - [|1|]
2020-06-10 18:11:40.295 TRACE 55751 --- [    Test worker] o.h.type.descriptor.sql.BasicExtractor   : extracted value ([parento17_5_] : [VARCHAR]) - [|1.2.246.562.24.00000000001|]
2020-06-10 18:11:40.295 TRACE 55751 --- [    Test worker] o.h.type.descriptor.sql.BasicExtractor   : extracted value ([piilote18_5_] : [BOOLEAN]) - [false]
2020-06-10 18:11:40.295 TRACE 55751 --- [    Test worker] o.h.type.descriptor.sql.BasicExtractor   : extracted value ([tarkast19_5_] : [TIMESTAMP]) - [null]
2020-06-10 18:11:40.295 TRACE 55751 --- [    Test worker] o.h.type.descriptor.sql.BasicExtractor   : extracted value ([toimipi20_5_] : [VARCHAR]) - [null]
2020-06-10 18:11:40.295 TRACE 55751 --- [    Test worker] o.h.type.descriptor.sql.BasicExtractor   : extracted value ([tuontip21_5_] : [TIMESTAMP]) - [null]
2020-06-10 18:11:40.295 TRACE 55751 --- [    Test worker] o.h.type.descriptor.sql.BasicExtractor   : extracted value ([varhais31_5_] : [BIGINT]) - [null]
2020-06-10 18:11:40.295 TRACE 55751 --- [    Test worker] o.h.type.descriptor.sql.BasicExtractor   : extracted value ([virasto22_5_] : [VARCHAR]) - [null]
2020-06-10 18:11:40.295 TRACE 55751 --- [    Test worker] o.h.type.descriptor.sql.BasicExtractor   : extracted value ([yhteish23_5_] : [VARCHAR]) - [null]
2020-06-10 18:11:40.295 TRACE 55751 --- [    Test worker] o.h.type.descriptor.sql.BasicExtractor   : extracted value ([yritysm24_5_] : [VARCHAR]) - [oy]
2020-06-10 18:11:40.295 TRACE 55751 --- [    Test worker] o.h.type.descriptor.sql.BasicExtractor   : extracted value ([ytj_kie25_5_] : [VARCHAR]) - [null]
2020-06-10 18:11:40.295 TRACE 55751 --- [    Test worker] o.h.type.descriptor.sql.BasicExtractor   : extracted value ([ytjpaiv26_5_] : [DATE]) - [null]
2020-06-10 18:11:40.295 TRACE 55751 --- [    Test worker] o.h.type.descriptor.sql.BasicExtractor   : extracted value ([ytunnus27_5_] : [VARCHAR]) - [1234569-5]
2020-06-10 18:11:40.295 TRACE 55751 --- [    Test worker] org.hibernate.type.CollectionType        : Created collection wrapper: [fi.vm.sade.organisaatio.model.Organisaatio.childSuhteet#10]
2020-06-10 18:11:40.295 TRACE 55751 --- [    Test worker] org.hibernate.type.CollectionType        : Created collection wrapper: [fi.vm.sade.organisaatio.model.Organisaatio.kayttoryhmat#10]
2020-06-10 18:11:40.295 TRACE 55751 --- [    Test worker] org.hibernate.type.CollectionType        : Created collection wrapper: [fi.vm.sade.organisaatio.model.Organisaatio.kielet#10]
2020-06-10 18:11:40.296 TRACE 55751 --- [    Test worker] org.hibernate.type.CollectionType        : Created collection wrapper: [fi.vm.sade.organisaatio.model.Organisaatio.muutKotipaikatUris#10]
2020-06-10 18:11:40.296 TRACE 55751 --- [    Test worker] org.hibernate.type.CollectionType        : Created collection wrapper: [fi.vm.sade.organisaatio.model.Organisaatio.muutOppilaitosTyyppiUris#10]
2020-06-10 18:11:40.296 TRACE 55751 --- [    Test worker] org.hibernate.type.CollectionType        : Created collection wrapper: [fi.vm.sade.organisaatio.model.Organisaatio.nimet#10]
2020-06-10 18:11:40.296 TRACE 55751 --- [    Test worker] org.hibernate.type.CollectionType        : Created collection wrapper: [fi.vm.sade.organisaatio.model.Organisaatio.organisaatioLisatietotyypit#10]
2020-06-10 18:11:40.296 TRACE 55751 --- [    Test worker] org.hibernate.type.CollectionType        : Created collection wrapper: [fi.vm.sade.organisaatio.model.Organisaatio.parentSuhteet#10]
2020-06-10 18:11:40.296 TRACE 55751 --- [    Test worker] org.hibernate.type.CollectionType        : Created collection wrapper: [fi.vm.sade.organisaatio.model.Organisaatio.ryhmatyypit#10]
2020-06-10 18:11:40.296 TRACE 55751 --- [    Test worker] org.hibernate.type.CollectionType        : Created collection wrapper: [fi.vm.sade.organisaatio.model.Organisaatio.tyypit#10]
2020-06-10 18:11:40.296 TRACE 55751 --- [    Test worker] org.hibernate.type.CollectionType        : Created collection wrapper: [fi.vm.sade.organisaatio.model.Organisaatio.vuosiluokat#10]
2020-06-10 18:11:40.296 TRACE 55751 --- [    Test worker] org.hibernate.type.CollectionType        : Created collection wrapper: [fi.vm.sade.organisaatio.model.Organisaatio.yhteystiedot#10]
2020-06-10 18:11:40.296 TRACE 55751 --- [    Test worker] org.hibernate.type.CollectionType        : Created collection wrapper: [fi.vm.sade.organisaatio.model.Organisaatio.yhteystietoArvos#10]
Hibernate: 
    select
        tyypit0_.organisaatio_id as organisa1_14_0_,
        tyypit0_.tyypit as tyypit2_14_0_ 
    from
        organisaatio_tyypit tyypit0_ 
    where
        tyypit0_.organisaatio_id=?
2020-06-10 18:11:40.297 TRACE 55751 --- [    Test worker] o.h.type.descriptor.sql.BasicBinder      : binding parameter [1] as [BIGINT] - [10]
2020-06-10 18:11:40.298 TRACE 55751 --- [    Test worker] o.h.type.descriptor.sql.BasicExtractor   : extracted value ([organisa1_14_0_] : [BIGINT]) - [10]
2020-06-10 18:11:40.298 TRACE 55751 --- [    Test worker] o.h.type.descriptor.sql.BasicExtractor   : extracted value ([tyypit2_14_0_] : [VARCHAR]) - [organisaatiotyyppi_02]
2020-06-10 18:11:40.298 TRACE 55751 --- [    Test worker] o.h.type.descriptor.sql.BasicExtractor   : extracted value ([organisa1_14_0_] : [BIGINT]) - [10]
2020-06-10 18:11:40.298 TRACE 55751 --- [    Test worker] o.h.type.descriptor.sql.BasicExtractor   : extracted value ([tyypit2_14_0_] : [VARCHAR]) - [organisaatiotyyppi_07]
2020-06-10 18:11:40.540  WARN 55751 --- [    Test worker] fi.vm.sade.javautils.http.OphHttpClient  : Failed to CAS authenticate. Renewing proxy ticket.
2020-06-10 18:11:40.911  WARN 55751 --- [    Test worker] fi.vm.sade.javautils.http.OphHttpClient  : Failed to CAS authenticate. Renewing proxy ticket.
2020-06-10 18:11:41.232  WARN 55751 --- [    Test worker] fi.vm.sade.javautils.http.OphHttpClient  : Failed to CAS authenticate. Renewing proxy ticket.
2020-06-10 18:11:41.565  WARN 55751 --- [    Test worker] fi.vm.sade.javautils.http.OphHttpClient  : Failed to CAS authenticate. Renewing proxy ticket.
2020-06-10 18:11:41.910  WARN 55751 --- [    Test worker] fi.vm.sade.javautils.http.OphHttpClient  : Failed to CAS authenticate. Renewing proxy ticket.
2020-06-10 18:11:42.233  WARN 55751 --- [    Test worker] fi.vm.sade.javautils.http.OphHttpClient  : Failed to CAS authenticate. Renewing proxy ticket.
Hibernate: 
    select
        organisaat0_.id as id1_5_,
        organisaat0_.version as version2_5_,
        organisaat0_.alkupvm as alkupvm3_5_,
        organisaat0_.domainnimi as domainni4_5_,
        organisaat0_.kotipaikka as kotipaik5_5_,
        organisaat0_.kuvaus_mkt as kuvaus_28_5_,
        organisaat0_.lakkautuspvm as lakkautu6_5_,
        organisaat0_.maa as maa7_5_,
        organisaat0_.metadata_id as metadat29_5_,
        organisaat0_.nimi_mkt as nimi_mk30_5_,
        organisaat0_.nimihaku as nimihaku8_5_,
        organisaat0_.oid as oid9_5_,
        organisaat0_.opetuspisteenjarjnro as opetusp10_5_,
        organisaat0_.oppilaitoskoodi as oppilai11_5_,
        organisaat0_.oppilaitos_tyyppi as oppilai12_5_,
        organisaat0_.organisaatio_poistettu as organis13_5_,
        organisaat0_.paivittaja as paivitt14_5_,
        organisaat0_.paivityspvm as paivity15_5_,
        organisaat0_.parentidpath as parenti16_5_,
        organisaat0_.parentoidpath as parento17_5_,
        organisaat0_.piilotettu as piilote18_5_,
        organisaat0_.tarkastus_pvm as tarkast19_5_,
        organisaat0_.toimipistekoodi as toimipi20_5_,
        organisaat0_.tuontipvm as tuontip21_5_,
        organisaat0_.varhaiskasvatuksen_toimipaikka_tiedot_id as varhais31_5_,
        organisaat0_.virastotunnus as virasto22_5_,
        organisaat0_.yhteishaunkoulukoodi as yhteish23_5_,
        organisaat0_.yritysmuoto as yritysm24_5_,
        organisaat0_.ytj_kieli as ytj_kie25_5_,
        organisaat0_.ytjpaivityspvm as ytjpaiv26_5_,
        organisaat0_.ytunnus as ytunnus27_5_ 
    from
        organisaatio organisaat0_ 
    where
        organisaat0_.oid=?
2020-06-10 18:11:42.357 TRACE 55751 --- [    Test worker] o.h.type.descriptor.sql.BasicBinder      : binding parameter [1] as [VARCHAR] - [1.2.8000.1]
2020-06-10 18:11:42.357 TRACE 55751 --- [    Test worker] o.h.type.descriptor.sql.BasicExtractor   : extracted value ([id1_5_] : [BIGINT]) - [10]
Hibernate: 
    select
        parentsuht0_.child_id as child_id7_19_0_,
        parentsuht0_.id as id1_19_0_,
        parentsuht0_.id as id1_19_1_,
        parentsuht0_.version as version2_19_1_,
        parentsuht0_.alkupvm as alkupvm3_19_1_,
        parentsuht0_.child_id as child_id7_19_1_,
        parentsuht0_.loppupvm as loppupvm4_19_1_,
        parentsuht0_.opetuspisteenjarjnro as opetuspi5_19_1_,
        parentsuht0_.parent_id as parent_i8_19_1_,
        parentsuht0_.suhdetyyppi as suhdetyy6_19_1_ 
    from
        organisaatiosuhde parentsuht0_ 
    where
        parentsuht0_.child_id=? 
    order by
        parentsuht0_.alkupvm
2020-06-10 18:11:42.359 TRACE 55751 --- [    Test worker] o.h.type.descriptor.sql.BasicBinder      : binding parameter [1] as [BIGINT] - [10]
2020-06-10 18:11:42.360 TRACE 55751 --- [    Test worker] o.h.type.descriptor.sql.BasicExtractor   : extracted value ([id1_19_1_] : [BIGINT]) - [9]
2020-06-10 18:11:42.360 TRACE 55751 --- [    Test worker] o.h.type.descriptor.sql.BasicExtractor   : extracted value ([version2_19_1_] : [BIGINT]) - [0]
2020-06-10 18:11:42.360 TRACE 55751 --- [    Test worker] o.h.type.descriptor.sql.BasicExtractor   : extracted value ([alkupvm3_19_1_] : [DATE]) - [2014-12-02]
2020-06-10 18:11:42.360 TRACE 55751 --- [    Test worker] o.h.type.descriptor.sql.BasicExtractor   : extracted value ([child_id7_19_1_] : [BIGINT]) - [10]
2020-06-10 18:11:42.360 TRACE 55751 --- [    Test worker] o.h.type.descriptor.sql.BasicExtractor   : extracted value ([loppupvm4_19_1_] : [DATE]) - [null]
2020-06-10 18:11:42.360 TRACE 55751 --- [    Test worker] o.h.type.descriptor.sql.BasicExtractor   : extracted value ([opetuspi5_19_1_] : [VARCHAR]) - [null]
2020-06-10 18:11:42.360 TRACE 55751 --- [    Test worker] o.h.type.descriptor.sql.BasicExtractor   : extracted value ([parent_i8_19_1_] : [BIGINT]) - [1]
2020-06-10 18:11:42.360 TRACE 55751 --- [    Test worker] o.h.type.descriptor.sql.BasicExtractor   : extracted value ([suhdetyy6_19_1_] : [VARCHAR]) - [HISTORIA]
2020-06-10 18:11:42.361 TRACE 55751 --- [    Test worker] o.h.type.descriptor.sql.BasicExtractor   : extracted value ([child_id7_19_0_] : [BIGINT]) - [10]
2020-06-10 18:11:42.361 TRACE 55751 --- [    Test worker] o.h.type.descriptor.sql.BasicExtractor   : extracted value ([id1_19_0_] : [BIGINT]) - [9]
Hibernate: 
    select
        organisaat0_.id as id1_5_0_,
        organisaat0_.version as version2_5_0_,
        organisaat0_.alkupvm as alkupvm3_5_0_,
        organisaat0_.domainnimi as domainni4_5_0_,
        organisaat0_.kotipaikka as kotipaik5_5_0_,
        organisaat0_.kuvaus_mkt as kuvaus_28_5_0_,
        organisaat0_.lakkautuspvm as lakkautu6_5_0_,
        organisaat0_.maa as maa7_5_0_,
        organisaat0_.metadata_id as metadat29_5_0_,
        organisaat0_.nimi_mkt as nimi_mk30_5_0_,
        organisaat0_.nimihaku as nimihaku8_5_0_,
        organisaat0_.oid as oid9_5_0_,
        organisaat0_.opetuspisteenjarjnro as opetusp10_5_0_,
        organisaat0_.oppilaitoskoodi as oppilai11_5_0_,
        organisaat0_.oppilaitos_tyyppi as oppilai12_5_0_,
        organisaat0_.organisaatio_poistettu as organis13_5_0_,
        organisaat0_.paivittaja as paivitt14_5_0_,
        organisaat0_.paivityspvm as paivity15_5_0_,
        organisaat0_.parentidpath as parenti16_5_0_,
        organisaat0_.parentoidpath as parento17_5_0_,
        organisaat0_.piilotettu as piilote18_5_0_,
        organisaat0_.tarkastus_pvm as tarkast19_5_0_,
        organisaat0_.toimipistekoodi as toimipi20_5_0_,
        organisaat0_.tuontipvm as tuontip21_5_0_,
        organisaat0_.varhaiskasvatuksen_toimipaikka_tiedot_id as varhais31_5_0_,
        organisaat0_.virastotunnus as virasto22_5_0_,
        organisaat0_.yhteishaunkoulukoodi as yhteish23_5_0_,
        organisaat0_.yritysmuoto as yritysm24_5_0_,
        organisaat0_.ytj_kieli as ytj_kie25_5_0_,
        organisaat0_.ytjpaivityspvm as ytjpaiv26_5_0_,
        organisaat0_.ytunnus as ytunnus27_5_0_ 
    from
        organisaatio organisaat0_ 
    where
        organisaat0_.id=?
2020-06-10 18:11:42.363 TRACE 55751 --- [    Test worker] o.h.type.descriptor.sql.BasicBinder      : binding parameter [1] as [BIGINT] - [1]
2020-06-10 18:11:42.363 TRACE 55751 --- [    Test worker] o.h.type.descriptor.sql.BasicExtractor   : extracted value ([version2_5_0_] : [BIGINT]) - [0]
2020-06-10 18:11:42.363 TRACE 55751 --- [    Test worker] o.h.type.descriptor.sql.BasicExtractor   : extracted value ([alkupvm3_5_0_] : [DATE]) - [2004-06-29]
2020-06-10 18:11:42.363 TRACE 55751 --- [    Test worker] o.h.type.descriptor.sql.BasicExtractor   : extracted value ([domainni4_5_0_] : [VARCHAR]) - [null]
2020-06-10 18:11:42.363 TRACE 55751 --- [    Test worker] o.h.type.descriptor.sql.BasicExtractor   : extracted value ([kotipaik5_5_0_] : [VARCHAR]) - [Helsinki]
2020-06-10 18:11:42.363 TRACE 55751 --- [    Test worker] o.h.type.descriptor.sql.BasicExtractor   : extracted value ([kuvaus_28_5_0_] : [BIGINT]) - [null]
2020-06-10 18:11:42.363 TRACE 55751 --- [    Test worker] o.h.type.descriptor.sql.BasicExtractor   : extracted value ([lakkautu6_5_0_] : [DATE]) - [null]
2020-06-10 18:11:42.363 TRACE 55751 --- [    Test worker] o.h.type.descriptor.sql.BasicExtractor   : extracted value ([maa7_5_0_] : [VARCHAR]) - [null]
2020-06-10 18:11:42.363 TRACE 55751 --- [    Test worker] o.h.type.descriptor.sql.BasicExtractor   : extracted value ([metadat29_5_0_] : [BIGINT]) - [null]
2020-06-10 18:11:42.363 TRACE 55751 --- [    Test worker] o.h.type.descriptor.sql.BasicExtractor   : extracted value ([nimi_mk30_5_0_] : [BIGINT]) - [1]
2020-06-10 18:11:42.363 TRACE 55751 --- [    Test worker] o.h.type.descriptor.sql.BasicExtractor   : extracted value ([nimihaku8_5_0_] : [VARCHAR]) - [opetushallitus]
2020-06-10 18:11:42.363 TRACE 55751 --- [    Test worker] o.h.type.descriptor.sql.BasicExtractor   : extracted value ([oid9_5_0_] : [VARCHAR]) - [1.2.246.562.24.00000000001]
2020-06-10 18:11:42.363 TRACE 55751 --- [    Test worker] o.h.type.descriptor.sql.BasicExtractor   : extracted value ([opetusp10_5_0_] : [VARCHAR]) - [null]
2020-06-10 18:11:42.363 TRACE 55751 --- [    Test worker] o.h.type.descriptor.sql.BasicExtractor   : extracted value ([oppilai11_5_0_] : [VARCHAR]) - [null]
2020-06-10 18:11:42.363 TRACE 55751 --- [    Test worker] o.h.type.descriptor.sql.BasicExtractor   : extracted value ([oppilai12_5_0_] : [VARCHAR]) - [null]
2020-06-10 18:11:42.364 TRACE 55751 --- [    Test worker] o.h.type.descriptor.sql.BasicExtractor   : extracted value ([organis13_5_0_] : [BOOLEAN]) - [false]
2020-06-10 18:11:42.364 TRACE 55751 --- [    Test worker] o.h.type.descriptor.sql.BasicExtractor   : extracted value ([paivitt14_5_0_] : [VARCHAR]) - [null]
2020-06-10 18:11:42.364 TRACE 55751 --- [    Test worker] o.h.type.descriptor.sql.BasicExtractor   : extracted value ([paivity15_5_0_] : [TIMESTAMP]) - [null]
2020-06-10 18:11:42.364 TRACE 55751 --- [    Test worker] o.h.type.descriptor.sql.BasicExtractor   : extracted value ([parenti16_5_0_] : [VARCHAR]) - [null]
2020-06-10 18:11:42.364 TRACE 55751 --- [    Test worker] o.h.type.descriptor.sql.BasicExtractor   : extracted value ([parento17_5_0_] : [VARCHAR]) - [null]
2020-06-10 18:11:42.364 TRACE 55751 --- [    Test worker] o.h.type.descriptor.sql.BasicExtractor   : extracted value ([piilote18_5_0_] : [BOOLEAN]) - [false]
2020-06-10 18:11:42.364 TRACE 55751 --- [    Test worker] o.h.type.descriptor.sql.BasicExtractor   : extracted value ([tarkast19_5_0_] : [TIMESTAMP]) - [null]
2020-06-10 18:11:42.364 TRACE 55751 --- [    Test worker] o.h.type.descriptor.sql.BasicExtractor   : extracted value ([toimipi20_5_0_] : [VARCHAR]) - [null]
2020-06-10 18:11:42.364 TRACE 55751 --- [    Test worker] o.h.type.descriptor.sql.BasicExtractor   : extracted value ([tuontip21_5_0_] : [TIMESTAMP]) - [null]
2020-06-10 18:11:42.364 TRACE 55751 --- [    Test worker] o.h.type.descriptor.sql.BasicExtractor   : extracted value ([varhais31_5_0_] : [BIGINT]) - [null]
2020-06-10 18:11:42.364 TRACE 55751 --- [    Test worker] o.h.type.descriptor.sql.BasicExtractor   : extracted value ([virasto22_5_0_] : [VARCHAR]) - [null]
2020-06-10 18:11:42.364 TRACE 55751 --- [    Test worker] o.h.type.descriptor.sql.BasicExtractor   : extracted value ([yhteish23_5_0_] : [VARCHAR]) - [null]
2020-06-10 18:11:42.364 TRACE 55751 --- [    Test worker] o.h.type.descriptor.sql.BasicExtractor   : extracted value ([yritysm24_5_0_] : [VARCHAR]) - [oy]
2020-06-10 18:11:42.364 TRACE 55751 --- [    Test worker] o.h.type.descriptor.sql.BasicExtractor   : extracted value ([ytj_kie25_5_0_] : [VARCHAR]) - [null]
2020-06-10 18:11:42.364 TRACE 55751 --- [    Test worker] o.h.type.descriptor.sql.BasicExtractor   : extracted value ([ytjpaiv26_5_0_] : [DATE]) - [null]
2020-06-10 18:11:42.364 TRACE 55751 --- [    Test worker] o.h.type.descriptor.sql.BasicExtractor   : extracted value ([ytunnus27_5_0_] : [VARCHAR]) - [null]
2020-06-10 18:11:42.364 TRACE 55751 --- [    Test worker] org.hibernate.type.CollectionType        : Created collection wrapper: [fi.vm.sade.organisaatio.model.Organisaatio.childSuhteet#1]
2020-06-10 18:11:42.364 TRACE 55751 --- [    Test worker] org.hibernate.type.CollectionType        : Created collection wrapper: [fi.vm.sade.organisaatio.model.Organisaatio.kayttoryhmat#1]
2020-06-10 18:11:42.364 TRACE 55751 --- [    Test worker] org.hibernate.type.CollectionType        : Created collection wrapper: [fi.vm.sade.organisaatio.model.Organisaatio.kielet#1]
2020-06-10 18:11:42.364 TRACE 55751 --- [    Test worker] org.hibernate.type.CollectionType        : Created collection wrapper: [fi.vm.sade.organisaatio.model.Organisaatio.muutKotipaikatUris#1]
2020-06-10 18:11:42.364 TRACE 55751 --- [    Test worker] org.hibernate.type.CollectionType        : Created collection wrapper: [fi.vm.sade.organisaatio.model.Organisaatio.muutOppilaitosTyyppiUris#1]
2020-06-10 18:11:42.364 TRACE 55751 --- [    Test worker] org.hibernate.type.CollectionType        : Created collection wrapper: [fi.vm.sade.organisaatio.model.Organisaatio.nimet#1]
2020-06-10 18:11:42.364 TRACE 55751 --- [    Test worker] org.hibernate.type.CollectionType        : Created collection wrapper: [fi.vm.sade.organisaatio.model.Organisaatio.organisaatioLisatietotyypit#1]
2020-06-10 18:11:42.364 TRACE 55751 --- [    Test worker] org.hibernate.type.CollectionType        : Created collection wrapper: [fi.vm.sade.organisaatio.model.Organisaatio.parentSuhteet#1]
2020-06-10 18:11:42.364 TRACE 55751 --- [    Test worker] org.hibernate.type.CollectionType        : Created collection wrapper: [fi.vm.sade.organisaatio.model.Organisaatio.ryhmatyypit#1]
2020-06-10 18:11:42.364 TRACE 55751 --- [    Test worker] org.hibernate.type.CollectionType        : Created collection wrapper: [fi.vm.sade.organisaatio.model.Organisaatio.tyypit#1]
2020-06-10 18:11:42.364 TRACE 55751 --- [    Test worker] org.hibernate.type.CollectionType        : Created collection wrapper: [fi.vm.sade.organisaatio.model.Organisaatio.vuosiluokat#1]
2020-06-10 18:11:42.364 TRACE 55751 --- [    Test worker] org.hibernate.type.CollectionType        : Created collection wrapper: [fi.vm.sade.organisaatio.model.Organisaatio.yhteystiedot#1]
2020-06-10 18:11:42.364 TRACE 55751 --- [    Test worker] org.hibernate.type.CollectionType        : Created collection wrapper: [fi.vm.sade.organisaatio.model.Organisaatio.yhteystietoArvos#1]
Hibernate: 
    select
        parentsuht0_.child_id as child_id7_19_0_,
        parentsuht0_.id as id1_19_0_,
        parentsuht0_.id as id1_19_1_,
        parentsuht0_.version as version2_19_1_,
        parentsuht0_.alkupvm as alkupvm3_19_1_,
        parentsuht0_.child_id as child_id7_19_1_,
        parentsuht0_.loppupvm as loppupvm4_19_1_,
        parentsuht0_.opetuspisteenjarjnro as opetuspi5_19_1_,
        parentsuht0_.parent_id as parent_i8_19_1_,
        parentsuht0_.suhdetyyppi as suhdetyy6_19_1_ 
    from
        organisaatiosuhde parentsuht0_ 
    where
        parentsuht0_.child_id=? 
    order by
        parentsuht0_.alkupvm
2020-06-10 18:11:42.365 TRACE 55751 --- [    Test worker] o.h.type.descriptor.sql.BasicBinder      : binding parameter [1] as [BIGINT] - [1]
Hibernate: 
    select
        organisaat0_.id as id1_5_,
        organisaat0_.version as version2_5_,
        organisaat0_.alkupvm as alkupvm3_5_,
        organisaat0_.domainnimi as domainni4_5_,
        organisaat0_.kotipaikka as kotipaik5_5_,
        organisaat0_.kuvaus_mkt as kuvaus_28_5_,
        organisaat0_.lakkautuspvm as lakkautu6_5_,
        organisaat0_.maa as maa7_5_,
        organisaat0_.metadata_id as metadat29_5_,
        organisaat0_.nimi_mkt as nimi_mk30_5_,
        organisaat0_.nimihaku as nimihaku8_5_,
        organisaat0_.oid as oid9_5_,
        organisaat0_.opetuspisteenjarjnro as opetusp10_5_,
        organisaat0_.oppilaitoskoodi as oppilai11_5_,
        organisaat0_.oppilaitos_tyyppi as oppilai12_5_,
        organisaat0_.organisaatio_poistettu as organis13_5_,
        organisaat0_.paivittaja as paivitt14_5_,
        organisaat0_.paivityspvm as paivity15_5_,
        organisaat0_.parentidpath as parenti16_5_,
        organisaat0_.parentoidpath as parento17_5_,
        organisaat0_.piilotettu as piilote18_5_,
        organisaat0_.tarkastus_pvm as tarkast19_5_,
        organisaat0_.toimipistekoodi as toimipi20_5_,
        organisaat0_.tuontipvm as tuontip21_5_,
        organisaat0_.varhaiskasvatuksen_toimipaikka_tiedot_id as varhais31_5_,
        organisaat0_.virastotunnus as virasto22_5_,
        organisaat0_.yhteishaunkoulukoodi as yhteish23_5_,
        organisaat0_.yritysmuoto as yritysm24_5_,
        organisaat0_.ytj_kieli as ytj_kie25_5_,
        organisaat0_.ytjpaivityspvm as ytjpaiv26_5_,
        organisaat0_.ytunnus as ytunnus27_5_ 
    from
        organisaatio organisaat0_ 
    where
        organisaat0_.oid=?
2020-06-10 18:11:42.366 TRACE 55751 --- [    Test worker] o.h.type.descriptor.sql.BasicBinder      : binding parameter [1] as [VARCHAR] - [1.2.8000.1]
2020-06-10 18:11:42.366 TRACE 55751 --- [    Test worker] o.h.type.descriptor.sql.BasicExtractor   : extracted value ([id1_5_] : [BIGINT]) - [10]
Hibernate: 
    select
        childsuhte0_.parent_id as parent_i8_19_0_,
        childsuhte0_.id as id1_19_0_,
        childsuhte0_.id as id1_19_1_,
        childsuhte0_.version as version2_19_1_,
        childsuhte0_.alkupvm as alkupvm3_19_1_,
        childsuhte0_.child_id as child_id7_19_1_,
        childsuhte0_.loppupvm as loppupvm4_19_1_,
        childsuhte0_.opetuspisteenjarjnro as opetuspi5_19_1_,
        childsuhte0_.parent_id as parent_i8_19_1_,
        childsuhte0_.suhdetyyppi as suhdetyy6_19_1_ 
    from
        organisaatiosuhde childsuhte0_ 
    where
        childsuhte0_.parent_id=?
2020-06-10 18:11:42.367 TRACE 55751 --- [    Test worker] o.h.type.descriptor.sql.BasicBinder      : binding parameter [1] as [BIGINT] - [10]
Hibernate: 
    select
        organisaat0_.id as id1_5_,
        organisaat0_.version as version2_5_,
        organisaat0_.alkupvm as alkupvm3_5_,
        organisaat0_.domainnimi as domainni4_5_,
        organisaat0_.kotipaikka as kotipaik5_5_,
        organisaat0_.kuvaus_mkt as kuvaus_28_5_,
        organisaat0_.lakkautuspvm as lakkautu6_5_,
        organisaat0_.maa as maa7_5_,
        organisaat0_.metadata_id as metadat29_5_,
        organisaat0_.nimi_mkt as nimi_mk30_5_,
        organisaat0_.nimihaku as nimihaku8_5_,
        organisaat0_.oid as oid9_5_,
        organisaat0_.opetuspisteenjarjnro as opetusp10_5_,
        organisaat0_.oppilaitoskoodi as oppilai11_5_,
        organisaat0_.oppilaitos_tyyppi as oppilai12_5_,
        organisaat0_.organisaatio_poistettu as organis13_5_,
        organisaat0_.paivittaja as paivitt14_5_,
        organisaat0_.paivityspvm as paivity15_5_,
        organisaat0_.parentidpath as parenti16_5_,
        organisaat0_.parentoidpath as parento17_5_,
        organisaat0_.piilotettu as piilote18_5_,
        organisaat0_.tarkastus_pvm as tarkast19_5_,
        organisaat0_.toimipistekoodi as toimipi20_5_,
        organisaat0_.tuontipvm as tuontip21_5_,
        organisaat0_.varhaiskasvatuksen_toimipaikka_tiedot_id as varhais31_5_,
        organisaat0_.virastotunnus as virasto22_5_,
        organisaat0_.yhteishaunkoulukoodi as yhteish23_5_,
        organisaat0_.yritysmuoto as yritysm24_5_,
        organisaat0_.ytj_kieli as ytj_kie25_5_,
        organisaat0_.ytjpaivityspvm as ytjpaiv26_5_,
        organisaat0_.ytunnus as ytunnus27_5_ 
    from
        organisaatio organisaat0_ 
    where
        organisaat0_.toimipistekoodi=?
2020-06-10 18:11:42.367 TRACE 55751 --- [    Test worker] o.h.type.descriptor.sql.BasicBinder      : binding parameter [1] as [VARCHAR] - [null01]
Hibernate: 
    insert 
    into
        monikielinen_teksti
        (id, version) 
    values
        (null, ?)
2020-06-10 18:11:42.368 TRACE 55751 --- [    Test worker] o.h.type.descriptor.sql.BasicBinder      : binding parameter [1] as [BIGINT] - [0]
Hibernate: 
    insert 
    into
        monikielinen_teksti
        (id, version) 
    values
        (null, ?)
2020-06-10 18:11:42.369 TRACE 55751 --- [    Test worker] o.h.type.descriptor.sql.BasicBinder      : binding parameter [1] as [BIGINT] - [0]
Hibernate: 
    insert 
    into
        varhaiskasvatuksen_toimipaikka_tiedot
        (id, version, kasvatusopillinen_jarjestelma, paikkojen_lukumaara, toimintamuoto) 
    values
        (null, ?, ?, ?, ?)
2020-06-10 18:11:42.369 TRACE 55751 --- [    Test worker] o.h.type.descriptor.sql.BasicBinder      : binding parameter [1] as [BIGINT] - [0]
2020-06-10 18:11:42.369 TRACE 55751 --- [    Test worker] o.h.type.descriptor.sql.BasicBinder      : binding parameter [2] as [VARCHAR] - [vardakasvatusopillinenjarjestelma_kj99]
2020-06-10 18:11:42.369 TRACE 55751 --- [    Test worker] o.h.type.descriptor.sql.BasicBinder      : binding parameter [3] as [BIGINT] - [10]
2020-06-10 18:11:42.369 TRACE 55751 --- [    Test worker] o.h.type.descriptor.sql.BasicBinder      : binding parameter [4] as [VARCHAR] - [vardatoimintamuoto_tm02]
Hibernate: 
    insert 
    into
        varhaiskasvatuksen_kielipainotus
        (id, version, alkupvm, kielipainotus, loppupvm, varhaiskasvatuksen_toimipaikka_tiedot_id) 
    values
        (null, ?, ?, ?, ?, ?)
2020-06-10 18:11:42.370 TRACE 55751 --- [    Test worker] o.h.type.descriptor.sql.BasicBinder      : binding parameter [1] as [BIGINT] - [0]
2020-06-10 18:11:42.370 TRACE 55751 --- [    Test worker] o.h.type.descriptor.sql.BasicBinder      : binding parameter [2] as [TIMESTAMP] - [Wed Jun 10 00:00:00 EEST 2020]
2020-06-10 18:11:42.370 TRACE 55751 --- [    Test worker] o.h.type.descriptor.sql.BasicBinder      : binding parameter [3] as [VARCHAR] - [kieli_bh]
2020-06-10 18:11:42.370 TRACE 55751 --- [    Test worker] o.h.type.descriptor.sql.BasicBinder      : binding parameter [4] as [TIMESTAMP] - [Sat Jun 20 00:00:00 EEST 2020]
2020-06-10 18:11:42.370 TRACE 55751 --- [    Test worker] o.h.type.descriptor.sql.BasicBinder      : binding parameter [5] as [BIGINT] - [1]
Hibernate: 
    insert 
    into
        varhaiskasvatuksen_toiminnallinenpainotus
        (id, version, alkupvm, loppupvm, toiminnallinenpainotus, varhaiskasvatuksen_toimipaikka_tiedot_id) 
    values
        (null, ?, ?, ?, ?, ?)
2020-06-10 18:11:42.371 TRACE 55751 --- [    Test worker] o.h.type.descriptor.sql.BasicBinder      : binding parameter [1] as [BIGINT] - [0]
2020-06-10 18:11:42.371 TRACE 55751 --- [    Test worker] o.h.type.descriptor.sql.BasicBinder      : binding parameter [2] as [TIMESTAMP] - [Wed Jun 10 00:00:00 EEST 2020]
2020-06-10 18:11:42.371 TRACE 55751 --- [    Test worker] o.h.type.descriptor.sql.BasicBinder      : binding parameter [3] as [TIMESTAMP] - [Sat Jun 20 00:00:00 EEST 2020]
2020-06-10 18:11:42.371 TRACE 55751 --- [    Test worker] o.h.type.descriptor.sql.BasicBinder      : binding parameter [4] as [VARCHAR] - [vardatoiminnallinenpainotus_tp99]
2020-06-10 18:11:42.371 TRACE 55751 --- [    Test worker] o.h.type.descriptor.sql.BasicBinder      : binding parameter [5] as [BIGINT] - [1]
Hibernate: 
    insert 
    into
        organisaatio
        (id, version, alkupvm, domainnimi, kotipaikka, kuvaus_mkt, lakkautuspvm, maa, metadata_id, nimi_mkt, nimihaku, oid, opetuspisteenjarjnro, oppilaitoskoodi, oppilaitos_tyyppi, organisaatio_poistettu, paivittaja, paivityspvm, parentidpath, parentoidpath, piilotettu, tarkastus_pvm, toimipistekoodi, tuontipvm, varhaiskasvatuksen_toimipaikka_tiedot_id, virastotunnus, yhteishaunkoulukoodi, yritysmuoto, ytj_kieli, ytjpaivityspvm, ytunnus) 
    values
        (null, ?, ?, ?, ?, ?, ?, ?, ?, ?, ?, ?, ?, ?, ?, ?, ?, ?, ?, ?, ?, ?, ?, ?, ?, ?, ?, ?, ?, ?, ?)
2020-06-10 18:11:42.372 TRACE 55751 --- [    Test worker] o.h.type.descriptor.sql.BasicBinder      : binding parameter [1] as [BIGINT] - [0]
2020-06-10 18:11:42.372 TRACE 55751 --- [    Test worker] o.h.type.descriptor.sql.BasicBinder      : binding parameter [2] as [DATE] - [null]
2020-06-10 18:11:42.372 TRACE 55751 --- [    Test worker] o.h.type.descriptor.sql.BasicBinder      : binding parameter [3] as [VARCHAR] - [null]
2020-06-10 18:11:42.373 TRACE 55751 --- [    Test worker] o.h.type.descriptor.sql.BasicBinder      : binding parameter [4] as [VARCHAR] - [null]
2020-06-10 18:11:42.373 TRACE 55751 --- [    Test worker] o.h.type.descriptor.sql.BasicBinder      : binding parameter [5] as [BIGINT] - [1020]
2020-06-10 18:11:42.373 TRACE 55751 --- [    Test worker] o.h.type.descriptor.sql.BasicBinder      : binding parameter [6] as [DATE] - [null]
2020-06-10 18:11:42.373 TRACE 55751 --- [    Test worker] o.h.type.descriptor.sql.BasicBinder      : binding parameter [7] as [VARCHAR] - [null]
2020-06-10 18:11:42.373 TRACE 55751 --- [    Test worker] o.h.type.descriptor.sql.BasicBinder      : binding parameter [8] as [BIGINT] - [null]
2020-06-10 18:11:42.373 TRACE 55751 --- [    Test worker] o.h.type.descriptor.sql.BasicBinder      : binding parameter [9] as [BIGINT] - [1021]
2020-06-10 18:11:42.373 TRACE 55751 --- [    Test worker] o.h.type.descriptor.sql.BasicBinder      : binding parameter [10] as [VARCHAR] - [,nimi]
2020-06-10 18:11:42.373 TRACE 55751 --- [    Test worker] o.h.type.descriptor.sql.BasicBinder      : binding parameter [11] as [VARCHAR] - [1.2.246.562.10.44684726417]
2020-06-10 18:11:42.373 TRACE 55751 --- [    Test worker] o.h.type.descriptor.sql.BasicBinder      : binding parameter [12] as [VARCHAR] - [01]
2020-06-10 18:11:42.373 TRACE 55751 --- [    Test worker] o.h.type.descriptor.sql.BasicBinder      : binding parameter [13] as [VARCHAR] - [null]
2020-06-10 18:11:42.373 TRACE 55751 --- [    Test worker] o.h.type.descriptor.sql.BasicBinder      : binding parameter [14] as [VARCHAR] - [null]
2020-06-10 18:11:42.373 TRACE 55751 --- [    Test worker] o.h.type.descriptor.sql.BasicBinder      : binding parameter [15] as [BOOLEAN] - [false]
2020-06-10 18:11:42.373 TRACE 55751 --- [    Test worker] o.h.type.descriptor.sql.BasicBinder      : binding parameter [16] as [VARCHAR] - [ophadmin]
2020-06-10 18:11:42.373 TRACE 55751 --- [    Test worker] o.h.type.descriptor.sql.BasicBinder      : binding parameter [17] as [TIMESTAMP] - [Wed Jun 10 18:11:42 EEST 2020]
2020-06-10 18:11:42.373 TRACE 55751 --- [    Test worker] o.h.type.descriptor.sql.BasicBinder      : binding parameter [18] as [VARCHAR] - [|1|10|]
2020-06-10 18:11:42.373 TRACE 55751 --- [    Test worker] o.h.type.descriptor.sql.BasicBinder      : binding parameter [19] as [VARCHAR] - [|1.2.246.562.24.00000000001|1.2.8000.1|]
2020-06-10 18:11:42.373 TRACE 55751 --- [    Test worker] o.h.type.descriptor.sql.BasicBinder      : binding parameter [20] as [BOOLEAN] - [false]
2020-06-10 18:11:42.373 TRACE 55751 --- [    Test worker] o.h.type.descriptor.sql.BasicBinder      : binding parameter [21] as [TIMESTAMP] - [null]
2020-06-10 18:11:42.373 TRACE 55751 --- [    Test worker] o.h.type.descriptor.sql.BasicBinder      : binding parameter [22] as [VARCHAR] - []
2020-06-10 18:11:42.373 TRACE 55751 --- [    Test worker] o.h.type.descriptor.sql.BasicBinder      : binding parameter [23] as [TIMESTAMP] - [null]
2020-06-10 18:11:42.373 TRACE 55751 --- [    Test worker] o.h.type.descriptor.sql.BasicBinder      : binding parameter [24] as [BIGINT] - [1]
2020-06-10 18:11:42.373 TRACE 55751 --- [    Test worker] o.h.type.descriptor.sql.BasicBinder      : binding parameter [25] as [VARCHAR] - [null]
2020-06-10 18:11:42.373 TRACE 55751 --- [    Test worker] o.h.type.descriptor.sql.BasicBinder      : binding parameter [26] as [VARCHAR] - [null]
2020-06-10 18:11:42.373 TRACE 55751 --- [    Test worker] o.h.type.descriptor.sql.BasicBinder      : binding parameter [27] as [VARCHAR] - [null]
2020-06-10 18:11:42.373 TRACE 55751 --- [    Test worker] o.h.type.descriptor.sql.BasicBinder      : binding parameter [28] as [VARCHAR] - [null]
2020-06-10 18:11:42.373 TRACE 55751 --- [    Test worker] o.h.type.descriptor.sql.BasicBinder      : binding parameter [29] as [DATE] - [null]
2020-06-10 18:11:42.373 TRACE 55751 --- [    Test worker] o.h.type.descriptor.sql.BasicBinder      : binding parameter [30] as [VARCHAR] - [null]
Hibernate: 
    insert 
    into
        organisaatio_nimi
        (id, version, alkupvm, nimi_mkt, organisaatio_id, paivittaja) 
    values
        (null, ?, ?, ?, ?, ?)
2020-06-10 18:11:42.374 TRACE 55751 --- [    Test worker] o.h.type.descriptor.sql.BasicBinder      : binding parameter [1] as [BIGINT] - [0]
2020-06-10 18:11:42.374 TRACE 55751 --- [    Test worker] o.h.type.descriptor.sql.BasicBinder      : binding parameter [2] as [DATE] - [Wed Jun 10 18:11:40 EEST 2020]
2020-06-10 18:11:42.374 TRACE 55751 --- [    Test worker] o.h.type.descriptor.sql.BasicBinder      : binding parameter [3] as [BIGINT] - [1021]
2020-06-10 18:11:42.374 TRACE 55751 --- [    Test worker] o.h.type.descriptor.sql.BasicBinder      : binding parameter [4] as [BIGINT] - [20]
2020-06-10 18:11:42.374 TRACE 55751 --- [    Test worker] o.h.type.descriptor.sql.BasicBinder      : binding parameter [5] as [VARCHAR] - [null]
2020-06-10 18:11:42.374  INFO 55751 --- [    Test worker] .s.o.r.i.OrganisaatioSuhdeRepositoryImpl : findParentTo(20, Wed Jun 10 18:11:42 EEST 2020)
Hibernate: 
    update
        organisaatio 
    set
        version=?,
        alkupvm=?,
        domainnimi=?,
        kotipaikka=?,
        kuvaus_mkt=?,
        lakkautuspvm=?,
        maa=?,
        metadata_id=?,
        nimi_mkt=?,
        nimihaku=?,
        oid=?,
        opetuspisteenjarjnro=?,
        oppilaitoskoodi=?,
        oppilaitos_tyyppi=?,
        organisaatio_poistettu=?,
        paivittaja=?,
        paivityspvm=?,
        parentidpath=?,
        parentoidpath=?,
        piilotettu=?,
        tarkastus_pvm=?,
        toimipistekoodi=?,
        tuontipvm=?,
        varhaiskasvatuksen_toimipaikka_tiedot_id=?,
        virastotunnus=?,
        yhteishaunkoulukoodi=?,
        yritysmuoto=?,
        ytj_kieli=?,
        ytjpaivityspvm=?,
        ytunnus=? 
    where
        id=? 
        and version=?
2020-06-10 18:11:42.375 TRACE 55751 --- [    Test worker] o.h.type.descriptor.sql.BasicBinder      : binding parameter [1] as [BIGINT] - [1]
2020-06-10 18:11:42.375 TRACE 55751 --- [    Test worker] o.h.type.descriptor.sql.BasicBinder      : binding parameter [2] as [DATE] - [null]
2020-06-10 18:11:42.375 TRACE 55751 --- [    Test worker] o.h.type.descriptor.sql.BasicBinder      : binding parameter [3] as [VARCHAR] - [null]
2020-06-10 18:11:42.375 TRACE 55751 --- [    Test worker] o.h.type.descriptor.sql.BasicBinder      : binding parameter [4] as [VARCHAR] - [null]
2020-06-10 18:11:42.375 TRACE 55751 --- [    Test worker] o.h.type.descriptor.sql.BasicBinder      : binding parameter [5] as [BIGINT] - [1020]
2020-06-10 18:11:42.375 TRACE 55751 --- [    Test worker] o.h.type.descriptor.sql.BasicBinder      : binding parameter [6] as [DATE] - [null]
2020-06-10 18:11:42.375 TRACE 55751 --- [    Test worker] o.h.type.descriptor.sql.BasicBinder      : binding parameter [7] as [VARCHAR] - [null]
2020-06-10 18:11:42.375 TRACE 55751 --- [    Test worker] o.h.type.descriptor.sql.BasicBinder      : binding parameter [8] as [BIGINT] - [null]
2020-06-10 18:11:42.375 TRACE 55751 --- [    Test worker] o.h.type.descriptor.sql.BasicBinder      : binding parameter [9] as [BIGINT] - [1021]
2020-06-10 18:11:42.376 TRACE 55751 --- [    Test worker] o.h.type.descriptor.sql.BasicBinder      : binding parameter [10] as [VARCHAR] - [,nimi]
2020-06-10 18:11:42.376 TRACE 55751 --- [    Test worker] o.h.type.descriptor.sql.BasicBinder      : binding parameter [11] as [VARCHAR] - [1.2.246.562.10.44684726417]
2020-06-10 18:11:42.376 TRACE 55751 --- [    Test worker] o.h.type.descriptor.sql.BasicBinder      : binding parameter [12] as [VARCHAR] - [01]
2020-06-10 18:11:42.376 TRACE 55751 --- [    Test worker] o.h.type.descriptor.sql.BasicBinder      : binding parameter [13] as [VARCHAR] - [null]
2020-06-10 18:11:42.376 TRACE 55751 --- [    Test worker] o.h.type.descriptor.sql.BasicBinder      : binding parameter [14] as [VARCHAR] - [null]
2020-06-10 18:11:42.376 TRACE 55751 --- [    Test worker] o.h.type.descriptor.sql.BasicBinder      : binding parameter [15] as [BOOLEAN] - [false]
2020-06-10 18:11:42.376 TRACE 55751 --- [    Test worker] o.h.type.descriptor.sql.BasicBinder      : binding parameter [16] as [VARCHAR] - [ophadmin]
2020-06-10 18:11:42.376 TRACE 55751 --- [    Test worker] o.h.type.descriptor.sql.BasicBinder      : binding parameter [17] as [TIMESTAMP] - [Wed Jun 10 18:11:42 EEST 2020]
2020-06-10 18:11:42.376 TRACE 55751 --- [    Test worker] o.h.type.descriptor.sql.BasicBinder      : binding parameter [18] as [VARCHAR] - [|1|10|]
2020-06-10 18:11:42.376 TRACE 55751 --- [    Test worker] o.h.type.descriptor.sql.BasicBinder      : binding parameter [19] as [VARCHAR] - [|1.2.246.562.24.00000000001|1.2.8000.1|]
2020-06-10 18:11:42.376 TRACE 55751 --- [    Test worker] o.h.type.descriptor.sql.BasicBinder      : binding parameter [20] as [BOOLEAN] - [false]
2020-06-10 18:11:42.376 TRACE 55751 --- [    Test worker] o.h.type.descriptor.sql.BasicBinder      : binding parameter [21] as [TIMESTAMP] - [null]
2020-06-10 18:11:42.376 TRACE 55751 --- [    Test worker] o.h.type.descriptor.sql.BasicBinder      : binding parameter [22] as [VARCHAR] - []
2020-06-10 18:11:42.376 TRACE 55751 --- [    Test worker] o.h.type.descriptor.sql.BasicBinder      : binding parameter [23] as [TIMESTAMP] - [null]
2020-06-10 18:11:42.376 TRACE 55751 --- [    Test worker] o.h.type.descriptor.sql.BasicBinder      : binding parameter [24] as [BIGINT] - [1]
2020-06-10 18:11:42.376 TRACE 55751 --- [    Test worker] o.h.type.descriptor.sql.BasicBinder      : binding parameter [25] as [VARCHAR] - [null]
2020-06-10 18:11:42.376 TRACE 55751 --- [    Test worker] o.h.type.descriptor.sql.BasicBinder      : binding parameter [26] as [VARCHAR] - [null]
2020-06-10 18:11:42.376 TRACE 55751 --- [    Test worker] o.h.type.descriptor.sql.BasicBinder      : binding parameter [27] as [VARCHAR] - [null]
2020-06-10 18:11:42.376 TRACE 55751 --- [    Test worker] o.h.type.descriptor.sql.BasicBinder      : binding parameter [28] as [VARCHAR] - [null]
2020-06-10 18:11:42.376 TRACE 55751 --- [    Test worker] o.h.type.descriptor.sql.BasicBinder      : binding parameter [29] as [DATE] - [null]
2020-06-10 18:11:42.376 TRACE 55751 --- [    Test worker] o.h.type.descriptor.sql.BasicBinder      : binding parameter [30] as [VARCHAR] - [null]
2020-06-10 18:11:42.376 TRACE 55751 --- [    Test worker] o.h.type.descriptor.sql.BasicBinder      : binding parameter [31] as [BIGINT] - [20]
2020-06-10 18:11:42.376 TRACE 55751 --- [    Test worker] o.h.type.descriptor.sql.BasicBinder      : binding parameter [32] as [BIGINT] - [0]
Hibernate: 
    insert 
    into
        organisaatio_tyypit
        (organisaatio_id, tyypit) 
    values
        (?, ?)
2020-06-10 18:11:42.377 TRACE 55751 --- [    Test worker] o.h.type.descriptor.sql.BasicBinder      : binding parameter [1] as [BIGINT] - [20]
2020-06-10 18:11:42.377 TRACE 55751 --- [    Test worker] o.h.type.descriptor.sql.BasicBinder      : binding parameter [2] as [VARCHAR] - [organisaatiotyyppi_08]
Hibernate: 
    insert 
    into
        monikielinen_teksti_values
        (id, key, value) 
    values
        (?, ?, ?)
2020-06-10 18:11:42.377 TRACE 55751 --- [    Test worker] o.h.type.descriptor.sql.BasicBinder      : binding parameter [1] as [BIGINT] - [1021]
2020-06-10 18:11:42.377 TRACE 55751 --- [    Test worker] o.h.type.descriptor.sql.BasicBinder      : binding parameter [2] as [VARCHAR] - [fi]
2020-06-10 18:11:42.377 TRACE 55751 --- [    Test worker] o.h.type.descriptor.sql.BasicBinder      : binding parameter [3] as [VARCHAR] - [nimi]
Hibernate: 
    insert 
    into
        varhaiskasvatuksen_jarjestamismuoto
        (varhaiskasvatuksen_toimipaikka_tiedot_id, toimintamuoto) 
    values
        (?, ?)
2020-06-10 18:11:42.377 TRACE 55751 --- [    Test worker] o.h.type.descriptor.sql.BasicBinder      : binding parameter [1] as [BIGINT] - [1]
2020-06-10 18:11:42.377 TRACE 55751 --- [    Test worker] o.h.type.descriptor.sql.BasicBinder      : binding parameter [2] as [VARCHAR] - [vardajarjestamismuoto_jm03]
Hibernate: 
    select
        organisaat0_.id as id1_19_0_,
        organisaat1_.id as id1_5_1_,
        organisaat0_.version as version2_19_0_,
        organisaat0_.alkupvm as alkupvm3_19_0_,
        organisaat0_.child_id as child_id7_19_0_,
        organisaat0_.loppupvm as loppupvm4_19_0_,
        organisaat0_.opetuspisteenjarjnro as opetuspi5_19_0_,
        organisaat0_.parent_id as parent_i8_19_0_,
        organisaat0_.suhdetyyppi as suhdetyy6_19_0_,
        organisaat1_.version as version2_5_1_,
        organisaat1_.alkupvm as alkupvm3_5_1_,
        organisaat1_.domainnimi as domainni4_5_1_,
        organisaat1_.kotipaikka as kotipaik5_5_1_,
        organisaat1_.kuvaus_mkt as kuvaus_28_5_1_,
        organisaat1_.lakkautuspvm as lakkautu6_5_1_,
        organisaat1_.maa as maa7_5_1_,
        organisaat1_.metadata_id as metadat29_5_1_,
        organisaat1_.nimi_mkt as nimi_mk30_5_1_,
        organisaat1_.nimihaku as nimihaku8_5_1_,
        organisaat1_.oid as oid9_5_1_,
        organisaat1_.opetuspisteenjarjnro as opetusp10_5_1_,
        organisaat1_.oppilaitoskoodi as oppilai11_5_1_,
        organisaat1_.oppilaitos_tyyppi as oppilai12_5_1_,
        organisaat1_.organisaatio_poistettu as organis13_5_1_,
        organisaat1_.paivittaja as paivitt14_5_1_,
        organisaat1_.paivityspvm as paivity15_5_1_,
        organisaat1_.parentidpath as parenti16_5_1_,
        organisaat1_.parentoidpath as parento17_5_1_,
        organisaat1_.piilotettu as piilote18_5_1_,
        organisaat1_.tarkastus_pvm as tarkast19_5_1_,
        organisaat1_.toimipistekoodi as toimipi20_5_1_,
        organisaat1_.tuontipvm as tuontip21_5_1_,
        organisaat1_.varhaiskasvatuksen_toimipaikka_tiedot_id as varhais31_5_1_,
        organisaat1_.virastotunnus as virasto22_5_1_,
        organisaat1_.yhteishaunkoulukoodi as yhteish23_5_1_,
        organisaat1_.yritysmuoto as yritysm24_5_1_,
        organisaat1_.ytj_kieli as ytj_kie25_5_1_,
        organisaat1_.ytjpaivityspvm as ytjpaiv26_5_1_,
        organisaat1_.ytunnus as ytunnus27_5_1_ 
    from
        organisaatiosuhde organisaat0_ 
    inner join
        organisaatio organisaat1_ 
            on organisaat0_.parent_id=organisaat1_.id 
    where
        organisaat0_.child_id=? 
        and organisaat0_.suhdetyyppi=? 
        and (
            organisaat0_.alkupvm=? 
            or organisaat0_.alkupvm<?
        ) 
        and (
            organisaat0_.loppupvm is null 
            or organisaat0_.loppupvm>?
        ) 
        and organisaat1_.organisaatio_poistettu=? 
    order by
        organisaat0_.alkupvm desc
2020-06-10 18:11:42.378 TRACE 55751 --- [    Test worker] o.h.type.descriptor.sql.BasicBinder      : binding parameter [1] as [BIGINT] - [20]
2020-06-10 18:11:42.378 TRACE 55751 --- [    Test worker] o.h.type.descriptor.sql.BasicBinder      : binding parameter [2] as [VARCHAR] - [HISTORIA]
2020-06-10 18:11:42.378 TRACE 55751 --- [    Test worker] o.h.type.descriptor.sql.BasicBinder      : binding parameter [3] as [DATE] - [Wed Jun 10 18:11:42 EEST 2020]
2020-06-10 18:11:42.378 TRACE 55751 --- [    Test worker] o.h.type.descriptor.sql.BasicBinder      : binding parameter [4] as [DATE] - [Wed Jun 10 18:11:42 EEST 2020]
2020-06-10 18:11:42.378 TRACE 55751 --- [    Test worker] o.h.type.descriptor.sql.BasicBinder      : binding parameter [5] as [DATE] - [Wed Jun 10 18:11:42 EEST 2020]
2020-06-10 18:11:42.378 TRACE 55751 --- [    Test worker] o.h.type.descriptor.sql.BasicBinder      : binding parameter [6] as [BOOLEAN] - [false]
2020-06-10 18:11:42.378  INFO 55751 --- [    Test worker] .s.o.r.i.OrganisaatioSuhdeRepositoryImpl : addChild(10, 20, Wed Jun 10 18:11:42 EEST 2020)
Hibernate: 
    insert 
    into
        organisaatiosuhde
        (id, version, alkupvm, child_id, loppupvm, opetuspisteenjarjnro, parent_id, suhdetyyppi) 
    values
        (null, ?, ?, ?, ?, ?, ?, ?)
2020-06-10 18:11:42.379 TRACE 55751 --- [    Test worker] o.h.type.descriptor.sql.BasicBinder      : binding parameter [1] as [BIGINT] - [0]
2020-06-10 18:11:42.379 TRACE 55751 --- [    Test worker] o.h.type.descriptor.sql.BasicBinder      : binding parameter [2] as [DATE] - [Wed Jun 10 18:11:42 EEST 2020]
2020-06-10 18:11:42.379 TRACE 55751 --- [    Test worker] o.h.type.descriptor.sql.BasicBinder      : binding parameter [3] as [BIGINT] - [20]
2020-06-10 18:11:42.379 TRACE 55751 --- [    Test worker] o.h.type.descriptor.sql.BasicBinder      : binding parameter [4] as [DATE] - [null]
2020-06-10 18:11:42.379 TRACE 55751 --- [    Test worker] o.h.type.descriptor.sql.BasicBinder      : binding parameter [5] as [VARCHAR] - [01]
2020-06-10 18:11:42.379 TRACE 55751 --- [    Test worker] o.h.type.descriptor.sql.BasicBinder      : binding parameter [6] as [BIGINT] - [10]
2020-06-10 18:11:42.379 TRACE 55751 --- [    Test worker] o.h.type.descriptor.sql.BasicBinder      : binding parameter [7] as [VARCHAR] - [HISTORIA]
2020-06-10 18:11:42.379  INFO 55751 --- [    Test worker] .s.o.r.i.OrganisaatioSuhdeRepositoryImpl :     Created new child relation:  --> pId=10, cId=20, aPvm=Wed Jun 10 18:11:42 EEST 2020, lPvm=null
Hibernate: 
    select
        organisaat0_.id as id1_19_,
        organisaat0_.version as version2_19_,
        organisaat0_.alkupvm as alkupvm3_19_,
        organisaat0_.child_id as child_id7_19_,
        organisaat0_.loppupvm as loppupvm4_19_,
        organisaat0_.opetuspisteenjarjnro as opetuspi5_19_,
        organisaat0_.parent_id as parent_i8_19_,
        organisaat0_.suhdetyyppi as suhdetyy6_19_ 
    from
        organisaatiosuhde organisaat0_ 
    where
        organisaat0_.child_id=?
2020-06-10 18:11:42.380 TRACE 55751 --- [    Test worker] o.h.type.descriptor.sql.BasicBinder      : binding parameter [1] as [BIGINT] - [20]
2020-06-10 18:11:42.380 TRACE 55751 --- [    Test worker] o.h.type.descriptor.sql.BasicExtractor   : extracted value ([id1_19_] : [BIGINT]) - [21]
Hibernate: 
    select
        organisaat0_.id as id1_5_,
        organisaat0_.version as version2_5_,
        organisaat0_.alkupvm as alkupvm3_5_,
        organisaat0_.domainnimi as domainni4_5_,
        organisaat0_.kotipaikka as kotipaik5_5_,
        organisaat0_.kuvaus_mkt as kuvaus_28_5_,
        organisaat0_.lakkautuspvm as lakkautu6_5_,
        organisaat0_.maa as maa7_5_,
        organisaat0_.metadata_id as metadat29_5_,
        organisaat0_.nimi_mkt as nimi_mk30_5_,
        organisaat0_.nimihaku as nimihaku8_5_,
        organisaat0_.oid as oid9_5_,
        organisaat0_.opetuspisteenjarjnro as opetusp10_5_,
        organisaat0_.oppilaitoskoodi as oppilai11_5_,
        organisaat0_.oppilaitos_tyyppi as oppilai12_5_,
        organisaat0_.organisaatio_poistettu as organis13_5_,
        organisaat0_.paivittaja as paivitt14_5_,
        organisaat0_.paivityspvm as paivity15_5_,
        organisaat0_.parentidpath as parenti16_5_,
        organisaat0_.parentoidpath as parento17_5_,
        organisaat0_.piilotettu as piilote18_5_,
        organisaat0_.tarkastus_pvm as tarkast19_5_,
        organisaat0_.toimipistekoodi as toimipi20_5_,
        organisaat0_.tuontipvm as tuontip21_5_,
        organisaat0_.varhaiskasvatuksen_toimipaikka_tiedot_id as varhais31_5_,
        organisaat0_.virastotunnus as virasto22_5_,
        organisaat0_.yhteishaunkoulukoodi as yhteish23_5_,
        organisaat0_.yritysmuoto as yritysm24_5_,
        organisaat0_.ytj_kieli as ytj_kie25_5_,
        organisaat0_.ytjpaivityspvm as ytjpaiv26_5_,
        organisaat0_.ytunnus as ytunnus27_5_ 
    from
        organisaatio organisaat0_ 
    where
        organisaat0_.oid=?
2020-06-10 18:11:42.381 TRACE 55751 --- [    Test worker] o.h.type.descriptor.sql.BasicBinder      : binding parameter [1] as [VARCHAR] - [1.2.246.562.10.44684726417]
2020-06-10 18:11:42.381 TRACE 55751 --- [    Test worker] o.h.type.descriptor.sql.BasicExtractor   : extracted value ([id1_5_] : [BIGINT]) - [20]
2020-06-10 18:11:42.393  INFO 55751 --- [    Test worker] o.s.t.c.transaction.TransactionContext   : Rolled back transaction for test: [DefaultTestContext@633e0b9b testClass = OrganisaatioBusinessServiceImplTest, testInstance = fi.vm.sade.organisaatio.business.impl.OrganisaatioBusinessServiceImplTest@8ca0fe4, testMethod = lisaaVarhaiskasvatuksenToimipaikkaTieto@OrganisaatioBusinessServiceImplTest, testException = [null], mergedContextConfiguration = [WebMergedContextConfiguration@142403d testClass = OrganisaatioBusinessServiceImplTest, locations = '{}', classes = '{class fi.vm.sade.organisaatio.OrganisaatioApplication, class fi.vm.sade.organisaatio.business.impl.OrganisaatioBusinessServiceImplTest$OrganisaatioBusinessServiceImplTestContextConfiguration}', contextInitializerClasses = '[]', activeProfiles = '{}', propertySourceLocations = '{}', propertySourceProperties = '{org.springframework.boot.test.context.SpringBootTestContextBootstrapper=true}', contextCustomizers = set[org.springframework.boot.test.autoconfigure.properties.PropertyMappingContextCustomizer@a273518a, org.springframework.boot.test.autoconfigure.web.servlet.WebDriverContextCustomizerFactory$Customizer@25a95d7a, [ImportsContextCustomizer@1758189f key = [org.springframework.boot.test.autoconfigure.jdbc.TestDatabaseAutoConfiguration, org.springframework.boot.autoconfigure.jdbc.DataSourceAutoConfiguration]], org.springframework.boot.test.context.filter.ExcludeFilterContextCustomizer@33d60c3d, org.springframework.boot.test.json.DuplicateJsonObjectContextCustomizerFactory$DuplicateJsonObjectContextCustomizer@6943770e, org.springframework.boot.test.mock.mockito.MockitoContextCustomizer@0, org.springframework.boot.test.web.client.TestRestTemplateContextCustomizer@536042e6, org.springframework.boot.test.context.SpringBootTestArgs@1], resourceBasePath = 'src/main/webapp', contextLoader = 'org.springframework.boot.test.context.SpringBootContextLoader', parent = [null]], attributes = map['org.springframework.test.context.web.ServletTestExecutionListener.activateListener' -> true, 'org.springframework.test.context.web.ServletTestExecutionListener.populatedRequestContextHolder' -> true, 'org.springframework.test.context.web.ServletTestExecutionListener.resetRequestContextHolder' -> true]]
2020-06-10 18:11:42.395  INFO 55751 --- [    Test worker] o.s.t.c.transaction.TransactionContext   : Began transaction (1) for test context [DefaultTestContext@633e0b9b testClass = OrganisaatioBusinessServiceImplTest, testInstance = fi.vm.sade.organisaatio.business.impl.OrganisaatioBusinessServiceImplTest@7ff16bcd, testMethod = UpdateNimiValues@OrganisaatioBusinessServiceImplTest, testException = [null], mergedContextConfiguration = [WebMergedContextConfiguration@142403d testClass = OrganisaatioBusinessServiceImplTest, locations = '{}', classes = '{class fi.vm.sade.organisaatio.OrganisaatioApplication, class fi.vm.sade.organisaatio.business.impl.OrganisaatioBusinessServiceImplTest$OrganisaatioBusinessServiceImplTestContextConfiguration}', contextInitializerClasses = '[]', activeProfiles = '{}', propertySourceLocations = '{}', propertySourceProperties = '{org.springframework.boot.test.context.SpringBootTestContextBootstrapper=true}', contextCustomizers = set[org.springframework.boot.test.autoconfigure.properties.PropertyMappingContextCustomizer@a273518a, org.springframework.boot.test.autoconfigure.web.servlet.WebDriverContextCustomizerFactory$Customizer@25a95d7a, [ImportsContextCustomizer@1758189f key = [org.springframework.boot.test.autoconfigure.jdbc.TestDatabaseAutoConfiguration, org.springframework.boot.autoconfigure.jdbc.DataSourceAutoConfiguration]], org.springframework.boot.test.context.filter.ExcludeFilterContextCustomizer@33d60c3d, org.springframework.boot.test.json.DuplicateJsonObjectContextCustomizerFactory$DuplicateJsonObjectContextCustomizer@6943770e, org.springframework.boot.test.mock.mockito.MockitoContextCustomizer@0, org.springframework.boot.test.web.client.TestRestTemplateContextCustomizer@536042e6, org.springframework.boot.test.context.SpringBootTestArgs@1], resourceBasePath = 'src/main/webapp', contextLoader = 'org.springframework.boot.test.context.SpringBootContextLoader', parent = [null]], attributes = map['org.springframework.test.context.web.ServletTestExecutionListener.activateListener' -> true, 'org.springframework.test.context.web.ServletTestExecutionListener.populatedRequestContextHolder' -> true, 'org.springframework.test.context.web.ServletTestExecutionListener.resetRequestContextHolder' -> true]]; transaction manager [org.springframework.orm.jpa.JpaTransactionManager@441d876b]; rollback [true]
2020-06-10 18:11:42.401  INFO 55751 --- [    Test worker] o.s.t.c.transaction.TransactionContext   : Rolled back transaction for test: [DefaultTestContext@633e0b9b testClass = OrganisaatioBusinessServiceImplTest, testInstance = fi.vm.sade.organisaatio.business.impl.OrganisaatioBusinessServiceImplTest@7ff16bcd, testMethod = UpdateNimiValues@OrganisaatioBusinessServiceImplTest, testException = [null], mergedContextConfiguration = [WebMergedContextConfiguration@142403d testClass = OrganisaatioBusinessServiceImplTest, locations = '{}', classes = '{class fi.vm.sade.organisaatio.OrganisaatioApplication, class fi.vm.sade.organisaatio.business.impl.OrganisaatioBusinessServiceImplTest$OrganisaatioBusinessServiceImplTestContextConfiguration}', contextInitializerClasses = '[]', activeProfiles = '{}', propertySourceLocations = '{}', propertySourceProperties = '{org.springframework.boot.test.context.SpringBootTestContextBootstrapper=true}', contextCustomizers = set[org.springframework.boot.test.autoconfigure.properties.PropertyMappingContextCustomizer@a273518a, org.springframework.boot.test.autoconfigure.web.servlet.WebDriverContextCustomizerFactory$Customizer@25a95d7a, [ImportsContextCustomizer@1758189f key = [org.springframework.boot.test.autoconfigure.jdbc.TestDatabaseAutoConfiguration, org.springframework.boot.autoconfigure.jdbc.DataSourceAutoConfiguration]], org.springframework.boot.test.context.filter.ExcludeFilterContextCustomizer@33d60c3d, org.springframework.boot.test.json.DuplicateJsonObjectContextCustomizerFactory$DuplicateJsonObjectContextCustomizer@6943770e, org.springframework.boot.test.mock.mockito.MockitoContextCustomizer@0, org.springframework.boot.test.web.client.TestRestTemplateContextCustomizer@536042e6, org.springframework.boot.test.context.SpringBootTestArgs@1], resourceBasePath = 'src/main/webapp', contextLoader = 'org.springframework.boot.test.context.SpringBootContextLoader', parent = [null]], attributes = map['org.springframework.test.context.web.ServletTestExecutionListener.activateListener' -> true, 'org.springframework.test.context.web.ServletTestExecutionListener.populatedRequestContextHolder' -> true, 'org.springframework.test.context.web.ServletTestExecutionListener.resetRequestContextHolder' -> true]]
2020-06-10 18:11:42.403  INFO 55751 --- [    Test worker] o.s.t.c.transaction.TransactionContext   : Began transaction (1) for test context [DefaultTestContext@633e0b9b testClass = OrganisaatioBusinessServiceImplTest, testInstance = fi.vm.sade.organisaatio.business.impl.OrganisaatioBusinessServiceImplTest@5e6996d3, testMethod = saveOrganisaatioShouldValidateNimetAlkuPvm@OrganisaatioBusinessServiceImplTest, testException = [null], mergedContextConfiguration = [WebMergedContextConfiguration@142403d testClass = OrganisaatioBusinessServiceImplTest, locations = '{}', classes = '{class fi.vm.sade.organisaatio.OrganisaatioApplication, class fi.vm.sade.organisaatio.business.impl.OrganisaatioBusinessServiceImplTest$OrganisaatioBusinessServiceImplTestContextConfiguration}', contextInitializerClasses = '[]', activeProfiles = '{}', propertySourceLocations = '{}', propertySourceProperties = '{org.springframework.boot.test.context.SpringBootTestContextBootstrapper=true}', contextCustomizers = set[org.springframework.boot.test.autoconfigure.properties.PropertyMappingContextCustomizer@a273518a, org.springframework.boot.test.autoconfigure.web.servlet.WebDriverContextCustomizerFactory$Customizer@25a95d7a, [ImportsContextCustomizer@1758189f key = [org.springframework.boot.test.autoconfigure.jdbc.TestDatabaseAutoConfiguration, org.springframework.boot.autoconfigure.jdbc.DataSourceAutoConfiguration]], org.springframework.boot.test.context.filter.ExcludeFilterContextCustomizer@33d60c3d, org.springframework.boot.test.json.DuplicateJsonObjectContextCustomizerFactory$DuplicateJsonObjectContextCustomizer@6943770e, org.springframework.boot.test.mock.mockito.MockitoContextCustomizer@0, org.springframework.boot.test.web.client.TestRestTemplateContextCustomizer@536042e6, org.springframework.boot.test.context.SpringBootTestArgs@1], resourceBasePath = 'src/main/webapp', contextLoader = 'org.springframework.boot.test.context.SpringBootContextLoader', parent = [null]], attributes = map['org.springframework.test.context.web.ServletTestExecutionListener.activateListener' -> true, 'org.springframework.test.context.web.ServletTestExecutionListener.populatedRequestContextHolder' -> true, 'org.springframework.test.context.web.ServletTestExecutionListener.resetRequestContextHolder' -> true]]; transaction manager [org.springframework.orm.jpa.JpaTransactionManager@441d876b]; rollback [true]
Hibernate: 
    select
        organisaat0_.id as id1_5_,
        organisaat0_.version as version2_5_,
        organisaat0_.alkupvm as alkupvm3_5_,
        organisaat0_.domainnimi as domainni4_5_,
        organisaat0_.kotipaikka as kotipaik5_5_,
        organisaat0_.kuvaus_mkt as kuvaus_28_5_,
        organisaat0_.lakkautuspvm as lakkautu6_5_,
        organisaat0_.maa as maa7_5_,
        organisaat0_.metadata_id as metadat29_5_,
        organisaat0_.nimi_mkt as nimi_mk30_5_,
        organisaat0_.nimihaku as nimihaku8_5_,
        organisaat0_.oid as oid9_5_,
        organisaat0_.opetuspisteenjarjnro as opetusp10_5_,
        organisaat0_.oppilaitoskoodi as oppilai11_5_,
        organisaat0_.oppilaitos_tyyppi as oppilai12_5_,
        organisaat0_.organisaatio_poistettu as organis13_5_,
        organisaat0_.paivittaja as paivitt14_5_,
        organisaat0_.paivityspvm as paivity15_5_,
        organisaat0_.parentidpath as parenti16_5_,
        organisaat0_.parentoidpath as parento17_5_,
        organisaat0_.piilotettu as piilote18_5_,
        organisaat0_.tarkastus_pvm as tarkast19_5_,
        organisaat0_.toimipistekoodi as toimipi20_5_,
        organisaat0_.tuontipvm as tuontip21_5_,
        organisaat0_.varhaiskasvatuksen_toimipaikka_tiedot_id as varhais31_5_,
        organisaat0_.virastotunnus as virasto22_5_,
        organisaat0_.yhteishaunkoulukoodi as yhteish23_5_,
        organisaat0_.yritysmuoto as yritysm24_5_,
        organisaat0_.ytj_kieli as ytj_kie25_5_,
        organisaat0_.ytjpaivityspvm as ytjpaiv26_5_,
        organisaat0_.ytunnus as ytunnus27_5_ 
    from
        organisaatio organisaat0_ 
    where
        organisaat0_.oid=?
2020-06-10 18:11:42.409 TRACE 55751 --- [    Test worker] o.h.type.descriptor.sql.BasicBinder      : binding parameter [1] as [VARCHAR] - [1.2.246.562.10.95349139258]
2020-06-10 18:11:42.650  WARN 55751 --- [    Test worker] fi.vm.sade.javautils.http.OphHttpClient  : Failed to CAS authenticate. Renewing proxy ticket.
Hibernate: 
    select
        organisaat0_.id as id1_5_,
        organisaat0_.version as version2_5_,
        organisaat0_.alkupvm as alkupvm3_5_,
        organisaat0_.domainnimi as domainni4_5_,
        organisaat0_.kotipaikka as kotipaik5_5_,
        organisaat0_.kuvaus_mkt as kuvaus_28_5_,
        organisaat0_.lakkautuspvm as lakkautu6_5_,
        organisaat0_.maa as maa7_5_,
        organisaat0_.metadata_id as metadat29_5_,
        organisaat0_.nimi_mkt as nimi_mk30_5_,
        organisaat0_.nimihaku as nimihaku8_5_,
        organisaat0_.oid as oid9_5_,
        organisaat0_.opetuspisteenjarjnro as opetusp10_5_,
        organisaat0_.oppilaitoskoodi as oppilai11_5_,
        organisaat0_.oppilaitos_tyyppi as oppilai12_5_,
        organisaat0_.organisaatio_poistettu as organis13_5_,
        organisaat0_.paivittaja as paivitt14_5_,
        organisaat0_.paivityspvm as paivity15_5_,
        organisaat0_.parentidpath as parenti16_5_,
        organisaat0_.parentoidpath as parento17_5_,
        organisaat0_.piilotettu as piilote18_5_,
        organisaat0_.tarkastus_pvm as tarkast19_5_,
        organisaat0_.toimipistekoodi as toimipi20_5_,
        organisaat0_.tuontipvm as tuontip21_5_,
        organisaat0_.varhaiskasvatuksen_toimipaikka_tiedot_id as varhais31_5_,
        organisaat0_.virastotunnus as virasto22_5_,
        organisaat0_.yhteishaunkoulukoodi as yhteish23_5_,
        organisaat0_.yritysmuoto as yritysm24_5_,
        organisaat0_.ytj_kieli as ytj_kie25_5_,
        organisaat0_.ytjpaivityspvm as ytjpaiv26_5_,
        organisaat0_.ytunnus as ytunnus27_5_ 
    from
        organisaatio organisaat0_ 
    where
        organisaat0_.oid=?
2020-06-10 18:11:42.769 TRACE 55751 --- [    Test worker] o.h.type.descriptor.sql.BasicBinder      : binding parameter [1] as [VARCHAR] - [1.2.246.562.24.00000000001]
2020-06-10 18:11:42.769 TRACE 55751 --- [    Test worker] o.h.type.descriptor.sql.BasicExtractor   : extracted value ([id1_5_] : [BIGINT]) - [1]
2020-06-10 18:11:42.769 TRACE 55751 --- [    Test worker] o.h.type.descriptor.sql.BasicExtractor   : extracted value ([version2_5_] : [BIGINT]) - [0]
2020-06-10 18:11:42.770 TRACE 55751 --- [    Test worker] o.h.type.descriptor.sql.BasicExtractor   : extracted value ([alkupvm3_5_] : [DATE]) - [2004-06-29]
2020-06-10 18:11:42.770 TRACE 55751 --- [    Test worker] o.h.type.descriptor.sql.BasicExtractor   : extracted value ([domainni4_5_] : [VARCHAR]) - [null]
2020-06-10 18:11:42.770 TRACE 55751 --- [    Test worker] o.h.type.descriptor.sql.BasicExtractor   : extracted value ([kotipaik5_5_] : [VARCHAR]) - [Helsinki]
2020-06-10 18:11:42.770 TRACE 55751 --- [    Test worker] o.h.type.descriptor.sql.BasicExtractor   : extracted value ([kuvaus_28_5_] : [BIGINT]) - [null]
2020-06-10 18:11:42.770 TRACE 55751 --- [    Test worker] o.h.type.descriptor.sql.BasicExtractor   : extracted value ([lakkautu6_5_] : [DATE]) - [null]
2020-06-10 18:11:42.770 TRACE 55751 --- [    Test worker] o.h.type.descriptor.sql.BasicExtractor   : extracted value ([maa7_5_] : [VARCHAR]) - [null]
2020-06-10 18:11:42.770 TRACE 55751 --- [    Test worker] o.h.type.descriptor.sql.BasicExtractor   : extracted value ([metadat29_5_] : [BIGINT]) - [null]
2020-06-10 18:11:42.770 TRACE 55751 --- [    Test worker] o.h.type.descriptor.sql.BasicExtractor   : extracted value ([nimi_mk30_5_] : [BIGINT]) - [1]
2020-06-10 18:11:42.770 TRACE 55751 --- [    Test worker] o.h.type.descriptor.sql.BasicExtractor   : extracted value ([nimihaku8_5_] : [VARCHAR]) - [opetushallitus]
2020-06-10 18:11:42.770 TRACE 55751 --- [    Test worker] o.h.type.descriptor.sql.BasicExtractor   : extracted value ([oid9_5_] : [VARCHAR]) - [1.2.246.562.24.00000000001]
2020-06-10 18:11:42.770 TRACE 55751 --- [    Test worker] o.h.type.descriptor.sql.BasicExtractor   : extracted value ([opetusp10_5_] : [VARCHAR]) - [null]
2020-06-10 18:11:42.770 TRACE 55751 --- [    Test worker] o.h.type.descriptor.sql.BasicExtractor   : extracted value ([oppilai11_5_] : [VARCHAR]) - [null]
2020-06-10 18:11:42.770 TRACE 55751 --- [    Test worker] o.h.type.descriptor.sql.BasicExtractor   : extracted value ([oppilai12_5_] : [VARCHAR]) - [null]
2020-06-10 18:11:42.770 TRACE 55751 --- [    Test worker] o.h.type.descriptor.sql.BasicExtractor   : extracted value ([organis13_5_] : [BOOLEAN]) - [false]
2020-06-10 18:11:42.770 TRACE 55751 --- [    Test worker] o.h.type.descriptor.sql.BasicExtractor   : extracted value ([paivitt14_5_] : [VARCHAR]) - [null]
2020-06-10 18:11:42.770 TRACE 55751 --- [    Test worker] o.h.type.descriptor.sql.BasicExtractor   : extracted value ([paivity15_5_] : [TIMESTAMP]) - [null]
2020-06-10 18:11:42.770 TRACE 55751 --- [    Test worker] o.h.type.descriptor.sql.BasicExtractor   : extracted value ([parenti16_5_] : [VARCHAR]) - [null]
2020-06-10 18:11:42.770 TRACE 55751 --- [    Test worker] o.h.type.descriptor.sql.BasicExtractor   : extracted value ([parento17_5_] : [VARCHAR]) - [null]
2020-06-10 18:11:42.770 TRACE 55751 --- [    Test worker] o.h.type.descriptor.sql.BasicExtractor   : extracted value ([piilote18_5_] : [BOOLEAN]) - [false]
2020-06-10 18:11:42.770 TRACE 55751 --- [    Test worker] o.h.type.descriptor.sql.BasicExtractor   : extracted value ([tarkast19_5_] : [TIMESTAMP]) - [null]
2020-06-10 18:11:42.770 TRACE 55751 --- [    Test worker] o.h.type.descriptor.sql.BasicExtractor   : extracted value ([toimipi20_5_] : [VARCHAR]) - [null]
2020-06-10 18:11:42.770 TRACE 55751 --- [    Test worker] o.h.type.descriptor.sql.BasicExtractor   : extracted value ([tuontip21_5_] : [TIMESTAMP]) - [null]
2020-06-10 18:11:42.771 TRACE 55751 --- [    Test worker] o.h.type.descriptor.sql.BasicExtractor   : extracted value ([varhais31_5_] : [BIGINT]) - [null]
2020-06-10 18:11:42.771 TRACE 55751 --- [    Test worker] o.h.type.descriptor.sql.BasicExtractor   : extracted value ([virasto22_5_] : [VARCHAR]) - [null]
2020-06-10 18:11:42.771 TRACE 55751 --- [    Test worker] o.h.type.descriptor.sql.BasicExtractor   : extracted value ([yhteish23_5_] : [VARCHAR]) - [null]
2020-06-10 18:11:42.771 TRACE 55751 --- [    Test worker] o.h.type.descriptor.sql.BasicExtractor   : extracted value ([yritysm24_5_] : [VARCHAR]) - [oy]
2020-06-10 18:11:42.771 TRACE 55751 --- [    Test worker] o.h.type.descriptor.sql.BasicExtractor   : extracted value ([ytj_kie25_5_] : [VARCHAR]) - [null]
2020-06-10 18:11:42.771 TRACE 55751 --- [    Test worker] o.h.type.descriptor.sql.BasicExtractor   : extracted value ([ytjpaiv26_5_] : [DATE]) - [null]
2020-06-10 18:11:42.771 TRACE 55751 --- [    Test worker] o.h.type.descriptor.sql.BasicExtractor   : extracted value ([ytunnus27_5_] : [VARCHAR]) - [null]
2020-06-10 18:11:42.771 TRACE 55751 --- [    Test worker] org.hibernate.type.CollectionType        : Created collection wrapper: [fi.vm.sade.organisaatio.model.Organisaatio.childSuhteet#1]
2020-06-10 18:11:42.771 TRACE 55751 --- [    Test worker] org.hibernate.type.CollectionType        : Created collection wrapper: [fi.vm.sade.organisaatio.model.Organisaatio.kayttoryhmat#1]
2020-06-10 18:11:42.771 TRACE 55751 --- [    Test worker] org.hibernate.type.CollectionType        : Created collection wrapper: [fi.vm.sade.organisaatio.model.Organisaatio.kielet#1]
2020-06-10 18:11:42.771 TRACE 55751 --- [    Test worker] org.hibernate.type.CollectionType        : Created collection wrapper: [fi.vm.sade.organisaatio.model.Organisaatio.muutKotipaikatUris#1]
2020-06-10 18:11:42.771 TRACE 55751 --- [    Test worker] org.hibernate.type.CollectionType        : Created collection wrapper: [fi.vm.sade.organisaatio.model.Organisaatio.muutOppilaitosTyyppiUris#1]
2020-06-10 18:11:42.771 TRACE 55751 --- [    Test worker] org.hibernate.type.CollectionType        : Created collection wrapper: [fi.vm.sade.organisaatio.model.Organisaatio.nimet#1]
2020-06-10 18:11:42.771 TRACE 55751 --- [    Test worker] org.hibernate.type.CollectionType        : Created collection wrapper: [fi.vm.sade.organisaatio.model.Organisaatio.organisaatioLisatietotyypit#1]
2020-06-10 18:11:42.771 TRACE 55751 --- [    Test worker] org.hibernate.type.CollectionType        : Created collection wrapper: [fi.vm.sade.organisaatio.model.Organisaatio.parentSuhteet#1]
2020-06-10 18:11:42.771 TRACE 55751 --- [    Test worker] org.hibernate.type.CollectionType        : Created collection wrapper: [fi.vm.sade.organisaatio.model.Organisaatio.ryhmatyypit#1]
2020-06-10 18:11:42.771 TRACE 55751 --- [    Test worker] org.hibernate.type.CollectionType        : Created collection wrapper: [fi.vm.sade.organisaatio.model.Organisaatio.tyypit#1]
2020-06-10 18:11:42.771 TRACE 55751 --- [    Test worker] org.hibernate.type.CollectionType        : Created collection wrapper: [fi.vm.sade.organisaatio.model.Organisaatio.vuosiluokat#1]
2020-06-10 18:11:42.771 TRACE 55751 --- [    Test worker] org.hibernate.type.CollectionType        : Created collection wrapper: [fi.vm.sade.organisaatio.model.Organisaatio.yhteystiedot#1]
2020-06-10 18:11:42.771 TRACE 55751 --- [    Test worker] org.hibernate.type.CollectionType        : Created collection wrapper: [fi.vm.sade.organisaatio.model.Organisaatio.yhteystietoArvos#1]
Hibernate: 
    select
        parentsuht0_.child_id as child_id7_19_0_,
        parentsuht0_.id as id1_19_0_,
        parentsuht0_.id as id1_19_1_,
        parentsuht0_.version as version2_19_1_,
        parentsuht0_.alkupvm as alkupvm3_19_1_,
        parentsuht0_.child_id as child_id7_19_1_,
        parentsuht0_.loppupvm as loppupvm4_19_1_,
        parentsuht0_.opetuspisteenjarjnro as opetuspi5_19_1_,
        parentsuht0_.parent_id as parent_i8_19_1_,
        parentsuht0_.suhdetyyppi as suhdetyy6_19_1_ 
    from
        organisaatiosuhde parentsuht0_ 
    where
        parentsuht0_.child_id=? 
    order by
        parentsuht0_.alkupvm
2020-06-10 18:11:42.772 TRACE 55751 --- [    Test worker] o.h.type.descriptor.sql.BasicBinder      : binding parameter [1] as [BIGINT] - [1]
Hibernate: 
    select
        organisaat0_.id as id1_5_,
        organisaat0_.version as version2_5_,
        organisaat0_.alkupvm as alkupvm3_5_,
        organisaat0_.domainnimi as domainni4_5_,
        organisaat0_.kotipaikka as kotipaik5_5_,
        organisaat0_.kuvaus_mkt as kuvaus_28_5_,
        organisaat0_.lakkautuspvm as lakkautu6_5_,
        organisaat0_.maa as maa7_5_,
        organisaat0_.metadata_id as metadat29_5_,
        organisaat0_.nimi_mkt as nimi_mk30_5_,
        organisaat0_.nimihaku as nimihaku8_5_,
        organisaat0_.oid as oid9_5_,
        organisaat0_.opetuspisteenjarjnro as opetusp10_5_,
        organisaat0_.oppilaitoskoodi as oppilai11_5_,
        organisaat0_.oppilaitos_tyyppi as oppilai12_5_,
        organisaat0_.organisaatio_poistettu as organis13_5_,
        organisaat0_.paivittaja as paivitt14_5_,
        organisaat0_.paivityspvm as paivity15_5_,
        organisaat0_.parentidpath as parenti16_5_,
        organisaat0_.parentoidpath as parento17_5_,
        organisaat0_.piilotettu as piilote18_5_,
        organisaat0_.tarkastus_pvm as tarkast19_5_,
        organisaat0_.toimipistekoodi as toimipi20_5_,
        organisaat0_.tuontipvm as tuontip21_5_,
        organisaat0_.varhaiskasvatuksen_toimipaikka_tiedot_id as varhais31_5_,
        organisaat0_.virastotunnus as virasto22_5_,
        organisaat0_.yhteishaunkoulukoodi as yhteish23_5_,
        organisaat0_.yritysmuoto as yritysm24_5_,
        organisaat0_.ytj_kieli as ytj_kie25_5_,
        organisaat0_.ytjpaivityspvm as ytjpaiv26_5_,
        organisaat0_.ytunnus as ytunnus27_5_ 
    from
        organisaatio organisaat0_ 
    where
        organisaat0_.oid=?
2020-06-10 18:11:42.773 TRACE 55751 --- [    Test worker] o.h.type.descriptor.sql.BasicBinder      : binding parameter [1] as [VARCHAR] - [1.2.246.562.24.00000000001]
2020-06-10 18:11:42.773 TRACE 55751 --- [    Test worker] o.h.type.descriptor.sql.BasicExtractor   : extracted value ([id1_5_] : [BIGINT]) - [1]
2020-06-10 18:11:42.773  WARN 55751 --- [    Test worker] .s.o.b.i.OrganisaatioBusinessServiceImpl : Oppilaitos not found in parents
2020-06-10 18:11:42.775  INFO 55751 --- [    Test worker] o.s.t.c.transaction.TransactionContext   : Rolled back transaction for test: [DefaultTestContext@633e0b9b testClass = OrganisaatioBusinessServiceImplTest, testInstance = fi.vm.sade.organisaatio.business.impl.OrganisaatioBusinessServiceImplTest@5e6996d3, testMethod = saveOrganisaatioShouldValidateNimetAlkuPvm@OrganisaatioBusinessServiceImplTest, testException = [null], mergedContextConfiguration = [WebMergedContextConfiguration@142403d testClass = OrganisaatioBusinessServiceImplTest, locations = '{}', classes = '{class fi.vm.sade.organisaatio.OrganisaatioApplication, class fi.vm.sade.organisaatio.business.impl.OrganisaatioBusinessServiceImplTest$OrganisaatioBusinessServiceImplTestContextConfiguration}', contextInitializerClasses = '[]', activeProfiles = '{}', propertySourceLocations = '{}', propertySourceProperties = '{org.springframework.boot.test.context.SpringBootTestContextBootstrapper=true}', contextCustomizers = set[org.springframework.boot.test.autoconfigure.properties.PropertyMappingContextCustomizer@a273518a, org.springframework.boot.test.autoconfigure.web.servlet.WebDriverContextCustomizerFactory$Customizer@25a95d7a, [ImportsContextCustomizer@1758189f key = [org.springframework.boot.test.autoconfigure.jdbc.TestDatabaseAutoConfiguration, org.springframework.boot.autoconfigure.jdbc.DataSourceAutoConfiguration]], org.springframework.boot.test.context.filter.ExcludeFilterContextCustomizer@33d60c3d, org.springframework.boot.test.json.DuplicateJsonObjectContextCustomizerFactory$DuplicateJsonObjectContextCustomizer@6943770e, org.springframework.boot.test.mock.mockito.MockitoContextCustomizer@0, org.springframework.boot.test.web.client.TestRestTemplateContextCustomizer@536042e6, org.springframework.boot.test.context.SpringBootTestArgs@1], resourceBasePath = 'src/main/webapp', contextLoader = 'org.springframework.boot.test.context.SpringBootContextLoader', parent = [null]], attributes = map['org.springframework.test.context.web.ServletTestExecutionListener.activateListener' -> true, 'org.springframework.test.context.web.ServletTestExecutionListener.populatedRequestContextHolder' -> true, 'org.springframework.test.context.web.ServletTestExecutionListener.resetRequestContextHolder' -> true]]
2020-06-10 18:11:42.777  INFO 55751 --- [    Test worker] o.s.t.c.transaction.TransactionContext   : Began transaction (1) for test context [DefaultTestContext@633e0b9b testClass = OrganisaatioBusinessServiceImplTest, testInstance = fi.vm.sade.organisaatio.business.impl.OrganisaatioBusinessServiceImplTest@76c4d4ab, testMethod = processNewOrganisaatioSuhdeChangesWithLiitos@OrganisaatioBusinessServiceImplTest, testException = [null], mergedContextConfiguration = [WebMergedContextConfiguration@142403d testClass = OrganisaatioBusinessServiceImplTest, locations = '{}', classes = '{class fi.vm.sade.organisaatio.OrganisaatioApplication, class fi.vm.sade.organisaatio.business.impl.OrganisaatioBusinessServiceImplTest$OrganisaatioBusinessServiceImplTestContextConfiguration}', contextInitializerClasses = '[]', activeProfiles = '{}', propertySourceLocations = '{}', propertySourceProperties = '{org.springframework.boot.test.context.SpringBootTestContextBootstrapper=true}', contextCustomizers = set[org.springframework.boot.test.autoconfigure.properties.PropertyMappingContextCustomizer@a273518a, org.springframework.boot.test.autoconfigure.web.servlet.WebDriverContextCustomizerFactory$Customizer@25a95d7a, [ImportsContextCustomizer@1758189f key = [org.springframework.boot.test.autoconfigure.jdbc.TestDatabaseAutoConfiguration, org.springframework.boot.autoconfigure.jdbc.DataSourceAutoConfiguration]], org.springframework.boot.test.context.filter.ExcludeFilterContextCustomizer@33d60c3d, org.springframework.boot.test.json.DuplicateJsonObjectContextCustomizerFactory$DuplicateJsonObjectContextCustomizer@6943770e, org.springframework.boot.test.mock.mockito.MockitoContextCustomizer@0, org.springframework.boot.test.web.client.TestRestTemplateContextCustomizer@536042e6, org.springframework.boot.test.context.SpringBootTestArgs@1], resourceBasePath = 'src/main/webapp', contextLoader = 'org.springframework.boot.test.context.SpringBootContextLoader', parent = [null]], attributes = map['org.springframework.test.context.web.ServletTestExecutionListener.activateListener' -> true, 'org.springframework.test.context.web.ServletTestExecutionListener.populatedRequestContextHolder' -> true, 'org.springframework.test.context.web.ServletTestExecutionListener.resetRequestContextHolder' -> true]]; transaction manager [org.springframework.orm.jpa.JpaTransactionManager@441d876b]; rollback [true]
Hibernate: 
    select
        organisaat0_.id as id1_5_,
        organisaat0_.version as version2_5_,
        organisaat0_.alkupvm as alkupvm3_5_,
        organisaat0_.domainnimi as domainni4_5_,
        organisaat0_.kotipaikka as kotipaik5_5_,
        organisaat0_.kuvaus_mkt as kuvaus_28_5_,
        organisaat0_.lakkautuspvm as lakkautu6_5_,
        organisaat0_.maa as maa7_5_,
        organisaat0_.metadata_id as metadat29_5_,
        organisaat0_.nimi_mkt as nimi_mk30_5_,
        organisaat0_.nimihaku as nimihaku8_5_,
        organisaat0_.oid as oid9_5_,
        organisaat0_.opetuspisteenjarjnro as opetusp10_5_,
        organisaat0_.oppilaitoskoodi as oppilai11_5_,
        organisaat0_.oppilaitos_tyyppi as oppilai12_5_,
        organisaat0_.organisaatio_poistettu as organis13_5_,
        organisaat0_.paivittaja as paivitt14_5_,
        organisaat0_.paivityspvm as paivity15_5_,
        organisaat0_.parentidpath as parenti16_5_,
        organisaat0_.parentoidpath as parento17_5_,
        organisaat0_.piilotettu as piilote18_5_,
        organisaat0_.tarkastus_pvm as tarkast19_5_,
        organisaat0_.toimipistekoodi as toimipi20_5_,
        organisaat0_.tuontipvm as tuontip21_5_,
        organisaat0_.varhaiskasvatuksen_toimipaikka_tiedot_id as varhais31_5_,
        organisaat0_.virastotunnus as virasto22_5_,
        organisaat0_.yhteishaunkoulukoodi as yhteish23_5_,
        organisaat0_.yritysmuoto as yritysm24_5_,
        organisaat0_.ytj_kieli as ytj_kie25_5_,
        organisaat0_.ytjpaivityspvm as ytjpaiv26_5_,
        organisaat0_.ytunnus as ytunnus27_5_ 
    from
        organisaatio organisaat0_ 
    where
        organisaat0_.oid=?
2020-06-10 18:11:42.782 TRACE 55751 --- [    Test worker] o.h.type.descriptor.sql.BasicBinder      : binding parameter [1] as [VARCHAR] - [koulutustoimija]
2020-06-10 18:11:43.010  WARN 55751 --- [    Test worker] fi.vm.sade.javautils.http.OphHttpClient  : Failed to CAS authenticate. Renewing proxy ticket.
Hibernate: 
    select
        organisaat0_.id as id1_5_,
        organisaat0_.version as version2_5_,
        organisaat0_.alkupvm as alkupvm3_5_,
        organisaat0_.domainnimi as domainni4_5_,
        organisaat0_.kotipaikka as kotipaik5_5_,
        organisaat0_.kuvaus_mkt as kuvaus_28_5_,
        organisaat0_.lakkautuspvm as lakkautu6_5_,
        organisaat0_.maa as maa7_5_,
        organisaat0_.metadata_id as metadat29_5_,
        organisaat0_.nimi_mkt as nimi_mk30_5_,
        organisaat0_.nimihaku as nimihaku8_5_,
        organisaat0_.oid as oid9_5_,
        organisaat0_.opetuspisteenjarjnro as opetusp10_5_,
        organisaat0_.oppilaitoskoodi as oppilai11_5_,
        organisaat0_.oppilaitos_tyyppi as oppilai12_5_,
        organisaat0_.organisaatio_poistettu as organis13_5_,
        organisaat0_.paivittaja as paivitt14_5_,
        organisaat0_.paivityspvm as paivity15_5_,
        organisaat0_.parentidpath as parenti16_5_,
        organisaat0_.parentoidpath as parento17_5_,
        organisaat0_.piilotettu as piilote18_5_,
        organisaat0_.tarkastus_pvm as tarkast19_5_,
        organisaat0_.toimipistekoodi as toimipi20_5_,
        organisaat0_.tuontipvm as tuontip21_5_,
        organisaat0_.varhaiskasvatuksen_toimipaikka_tiedot_id as varhais31_5_,
        organisaat0_.virastotunnus as virasto22_5_,
        organisaat0_.yhteishaunkoulukoodi as yhteish23_5_,
        organisaat0_.yritysmuoto as yritysm24_5_,
        organisaat0_.ytj_kieli as ytj_kie25_5_,
        organisaat0_.ytjpaivityspvm as ytjpaiv26_5_,
        organisaat0_.ytunnus as ytunnus27_5_ 
    from
        organisaatio organisaat0_ 
    where
        organisaat0_.oid=?
2020-06-10 18:11:43.121 TRACE 55751 --- [    Test worker] o.h.type.descriptor.sql.BasicBinder      : binding parameter [1] as [VARCHAR] - [1.2.246.562.24.00000000001]
2020-06-10 18:11:43.121 TRACE 55751 --- [    Test worker] o.h.type.descriptor.sql.BasicExtractor   : extracted value ([id1_5_] : [BIGINT]) - [1]
2020-06-10 18:11:43.122 TRACE 55751 --- [    Test worker] o.h.type.descriptor.sql.BasicExtractor   : extracted value ([version2_5_] : [BIGINT]) - [0]
2020-06-10 18:11:43.122 TRACE 55751 --- [    Test worker] o.h.type.descriptor.sql.BasicExtractor   : extracted value ([alkupvm3_5_] : [DATE]) - [2004-06-29]
2020-06-10 18:11:43.122 TRACE 55751 --- [    Test worker] o.h.type.descriptor.sql.BasicExtractor   : extracted value ([domainni4_5_] : [VARCHAR]) - [null]
2020-06-10 18:11:43.122 TRACE 55751 --- [    Test worker] o.h.type.descriptor.sql.BasicExtractor   : extracted value ([kotipaik5_5_] : [VARCHAR]) - [Helsinki]
2020-06-10 18:11:43.122 TRACE 55751 --- [    Test worker] o.h.type.descriptor.sql.BasicExtractor   : extracted value ([kuvaus_28_5_] : [BIGINT]) - [null]
2020-06-10 18:11:43.122 TRACE 55751 --- [    Test worker] o.h.type.descriptor.sql.BasicExtractor   : extracted value ([lakkautu6_5_] : [DATE]) - [null]
2020-06-10 18:11:43.122 TRACE 55751 --- [    Test worker] o.h.type.descriptor.sql.BasicExtractor   : extracted value ([maa7_5_] : [VARCHAR]) - [null]
2020-06-10 18:11:43.122 TRACE 55751 --- [    Test worker] o.h.type.descriptor.sql.BasicExtractor   : extracted value ([metadat29_5_] : [BIGINT]) - [null]
2020-06-10 18:11:43.122 TRACE 55751 --- [    Test worker] o.h.type.descriptor.sql.BasicExtractor   : extracted value ([nimi_mk30_5_] : [BIGINT]) - [1]
2020-06-10 18:11:43.122 TRACE 55751 --- [    Test worker] o.h.type.descriptor.sql.BasicExtractor   : extracted value ([nimihaku8_5_] : [VARCHAR]) - [opetushallitus]
2020-06-10 18:11:43.122 TRACE 55751 --- [    Test worker] o.h.type.descriptor.sql.BasicExtractor   : extracted value ([oid9_5_] : [VARCHAR]) - [1.2.246.562.24.00000000001]
2020-06-10 18:11:43.122 TRACE 55751 --- [    Test worker] o.h.type.descriptor.sql.BasicExtractor   : extracted value ([opetusp10_5_] : [VARCHAR]) - [null]
2020-06-10 18:11:43.122 TRACE 55751 --- [    Test worker] o.h.type.descriptor.sql.BasicExtractor   : extracted value ([oppilai11_5_] : [VARCHAR]) - [null]
2020-06-10 18:11:43.122 TRACE 55751 --- [    Test worker] o.h.type.descriptor.sql.BasicExtractor   : extracted value ([oppilai12_5_] : [VARCHAR]) - [null]
2020-06-10 18:11:43.122 TRACE 55751 --- [    Test worker] o.h.type.descriptor.sql.BasicExtractor   : extracted value ([organis13_5_] : [BOOLEAN]) - [false]
2020-06-10 18:11:43.122 TRACE 55751 --- [    Test worker] o.h.type.descriptor.sql.BasicExtractor   : extracted value ([paivitt14_5_] : [VARCHAR]) - [null]
2020-06-10 18:11:43.122 TRACE 55751 --- [    Test worker] o.h.type.descriptor.sql.BasicExtractor   : extracted value ([paivity15_5_] : [TIMESTAMP]) - [null]
2020-06-10 18:11:43.122 TRACE 55751 --- [    Test worker] o.h.type.descriptor.sql.BasicExtractor   : extracted value ([parenti16_5_] : [VARCHAR]) - [null]
2020-06-10 18:11:43.122 TRACE 55751 --- [    Test worker] o.h.type.descriptor.sql.BasicExtractor   : extracted value ([parento17_5_] : [VARCHAR]) - [null]
2020-06-10 18:11:43.122 TRACE 55751 --- [    Test worker] o.h.type.descriptor.sql.BasicExtractor   : extracted value ([piilote18_5_] : [BOOLEAN]) - [false]
2020-06-10 18:11:43.122 TRACE 55751 --- [    Test worker] o.h.type.descriptor.sql.BasicExtractor   : extracted value ([tarkast19_5_] : [TIMESTAMP]) - [null]
2020-06-10 18:11:43.122 TRACE 55751 --- [    Test worker] o.h.type.descriptor.sql.BasicExtractor   : extracted value ([toimipi20_5_] : [VARCHAR]) - [null]
2020-06-10 18:11:43.122 TRACE 55751 --- [    Test worker] o.h.type.descriptor.sql.BasicExtractor   : extracted value ([tuontip21_5_] : [TIMESTAMP]) - [null]
2020-06-10 18:11:43.122 TRACE 55751 --- [    Test worker] o.h.type.descriptor.sql.BasicExtractor   : extracted value ([varhais31_5_] : [BIGINT]) - [null]
2020-06-10 18:11:43.122 TRACE 55751 --- [    Test worker] o.h.type.descriptor.sql.BasicExtractor   : extracted value ([virasto22_5_] : [VARCHAR]) - [null]
2020-06-10 18:11:43.122 TRACE 55751 --- [    Test worker] o.h.type.descriptor.sql.BasicExtractor   : extracted value ([yhteish23_5_] : [VARCHAR]) - [null]
2020-06-10 18:11:43.123 TRACE 55751 --- [    Test worker] o.h.type.descriptor.sql.BasicExtractor   : extracted value ([yritysm24_5_] : [VARCHAR]) - [oy]
2020-06-10 18:11:43.123 TRACE 55751 --- [    Test worker] o.h.type.descriptor.sql.BasicExtractor   : extracted value ([ytj_kie25_5_] : [VARCHAR]) - [null]
2020-06-10 18:11:43.123 TRACE 55751 --- [    Test worker] o.h.type.descriptor.sql.BasicExtractor   : extracted value ([ytjpaiv26_5_] : [DATE]) - [null]
2020-06-10 18:11:43.123 TRACE 55751 --- [    Test worker] o.h.type.descriptor.sql.BasicExtractor   : extracted value ([ytunnus27_5_] : [VARCHAR]) - [null]
2020-06-10 18:11:43.123 TRACE 55751 --- [    Test worker] org.hibernate.type.CollectionType        : Created collection wrapper: [fi.vm.sade.organisaatio.model.Organisaatio.childSuhteet#1]
2020-06-10 18:11:43.123 TRACE 55751 --- [    Test worker] org.hibernate.type.CollectionType        : Created collection wrapper: [fi.vm.sade.organisaatio.model.Organisaatio.kayttoryhmat#1]
2020-06-10 18:11:43.123 TRACE 55751 --- [    Test worker] org.hibernate.type.CollectionType        : Created collection wrapper: [fi.vm.sade.organisaatio.model.Organisaatio.kielet#1]
2020-06-10 18:11:43.123 TRACE 55751 --- [    Test worker] org.hibernate.type.CollectionType        : Created collection wrapper: [fi.vm.sade.organisaatio.model.Organisaatio.muutKotipaikatUris#1]
2020-06-10 18:11:43.123 TRACE 55751 --- [    Test worker] org.hibernate.type.CollectionType        : Created collection wrapper: [fi.vm.sade.organisaatio.model.Organisaatio.muutOppilaitosTyyppiUris#1]
2020-06-10 18:11:43.123 TRACE 55751 --- [    Test worker] org.hibernate.type.CollectionType        : Created collection wrapper: [fi.vm.sade.organisaatio.model.Organisaatio.nimet#1]
2020-06-10 18:11:43.123 TRACE 55751 --- [    Test worker] org.hibernate.type.CollectionType        : Created collection wrapper: [fi.vm.sade.organisaatio.model.Organisaatio.organisaatioLisatietotyypit#1]
2020-06-10 18:11:43.123 TRACE 55751 --- [    Test worker] org.hibernate.type.CollectionType        : Created collection wrapper: [fi.vm.sade.organisaatio.model.Organisaatio.parentSuhteet#1]
2020-06-10 18:11:43.123 TRACE 55751 --- [    Test worker] org.hibernate.type.CollectionType        : Created collection wrapper: [fi.vm.sade.organisaatio.model.Organisaatio.ryhmatyypit#1]
2020-06-10 18:11:43.123 TRACE 55751 --- [    Test worker] org.hibernate.type.CollectionType        : Created collection wrapper: [fi.vm.sade.organisaatio.model.Organisaatio.tyypit#1]
2020-06-10 18:11:43.123 TRACE 55751 --- [    Test worker] org.hibernate.type.CollectionType        : Created collection wrapper: [fi.vm.sade.organisaatio.model.Organisaatio.vuosiluokat#1]
2020-06-10 18:11:43.123 TRACE 55751 --- [    Test worker] org.hibernate.type.CollectionType        : Created collection wrapper: [fi.vm.sade.organisaatio.model.Organisaatio.yhteystiedot#1]
2020-06-10 18:11:43.123 TRACE 55751 --- [    Test worker] org.hibernate.type.CollectionType        : Created collection wrapper: [fi.vm.sade.organisaatio.model.Organisaatio.yhteystietoArvos#1]
Hibernate: 
    select
        parentsuht0_.child_id as child_id7_19_0_,
        parentsuht0_.id as id1_19_0_,
        parentsuht0_.id as id1_19_1_,
        parentsuht0_.version as version2_19_1_,
        parentsuht0_.alkupvm as alkupvm3_19_1_,
        parentsuht0_.child_id as child_id7_19_1_,
        parentsuht0_.loppupvm as loppupvm4_19_1_,
        parentsuht0_.opetuspisteenjarjnro as opetuspi5_19_1_,
        parentsuht0_.parent_id as parent_i8_19_1_,
        parentsuht0_.suhdetyyppi as suhdetyy6_19_1_ 
    from
        organisaatiosuhde parentsuht0_ 
    where
        parentsuht0_.child_id=? 
    order by
        parentsuht0_.alkupvm
2020-06-10 18:11:43.124 TRACE 55751 --- [    Test worker] o.h.type.descriptor.sql.BasicBinder      : binding parameter [1] as [BIGINT] - [1]
Hibernate: 
    select
        organisaat0_.id as id1_5_,
        organisaat0_.version as version2_5_,
        organisaat0_.alkupvm as alkupvm3_5_,
        organisaat0_.domainnimi as domainni4_5_,
        organisaat0_.kotipaikka as kotipaik5_5_,
        organisaat0_.kuvaus_mkt as kuvaus_28_5_,
        organisaat0_.lakkautuspvm as lakkautu6_5_,
        organisaat0_.maa as maa7_5_,
        organisaat0_.metadata_id as metadat29_5_,
        organisaat0_.nimi_mkt as nimi_mk30_5_,
        organisaat0_.nimihaku as nimihaku8_5_,
        organisaat0_.oid as oid9_5_,
        organisaat0_.opetuspisteenjarjnro as opetusp10_5_,
        organisaat0_.oppilaitoskoodi as oppilai11_5_,
        organisaat0_.oppilaitos_tyyppi as oppilai12_5_,
        organisaat0_.organisaatio_poistettu as organis13_5_,
        organisaat0_.paivittaja as paivitt14_5_,
        organisaat0_.paivityspvm as paivity15_5_,
        organisaat0_.parentidpath as parenti16_5_,
        organisaat0_.parentoidpath as parento17_5_,
        organisaat0_.piilotettu as piilote18_5_,
        organisaat0_.tarkastus_pvm as tarkast19_5_,
        organisaat0_.toimipistekoodi as toimipi20_5_,
        organisaat0_.tuontipvm as tuontip21_5_,
        organisaat0_.varhaiskasvatuksen_toimipaikka_tiedot_id as varhais31_5_,
        organisaat0_.virastotunnus as virasto22_5_,
        organisaat0_.yhteishaunkoulukoodi as yhteish23_5_,
        organisaat0_.yritysmuoto as yritysm24_5_,
        organisaat0_.ytj_kieli as ytj_kie25_5_,
        organisaat0_.ytjpaivityspvm as ytjpaiv26_5_,
        organisaat0_.ytunnus as ytunnus27_5_ 
    from
        organisaatio organisaat0_ 
    where
        organisaat0_.oid=?
2020-06-10 18:11:43.125 TRACE 55751 --- [    Test worker] o.h.type.descriptor.sql.BasicBinder      : binding parameter [1] as [VARCHAR] - [1.2.246.562.24.00000000001]
2020-06-10 18:11:43.125 TRACE 55751 --- [    Test worker] o.h.type.descriptor.sql.BasicExtractor   : extracted value ([id1_5_] : [BIGINT]) - [1]
2020-06-10 18:11:43.125  WARN 55751 --- [    Test worker] .s.o.b.i.OrganisaatioBusinessServiceImpl : Oppilaitos not found in parents
Hibernate: 
    insert 
    into
        monikielinen_teksti
        (id, version) 
    values
        (null, ?)
2020-06-10 18:11:43.126 TRACE 55751 --- [    Test worker] o.h.type.descriptor.sql.BasicBinder      : binding parameter [1] as [BIGINT] - [0]
Hibernate: 
    insert 
    into
        monikielinen_teksti
        (id, version) 
    values
        (null, ?)
2020-06-10 18:11:43.127 TRACE 55751 --- [    Test worker] o.h.type.descriptor.sql.BasicBinder      : binding parameter [1] as [BIGINT] - [0]
Hibernate: 
    insert 
    into
        organisaatio
        (id, version, alkupvm, domainnimi, kotipaikka, kuvaus_mkt, lakkautuspvm, maa, metadata_id, nimi_mkt, nimihaku, oid, opetuspisteenjarjnro, oppilaitoskoodi, oppilaitos_tyyppi, organisaatio_poistettu, paivittaja, paivityspvm, parentidpath, parentoidpath, piilotettu, tarkastus_pvm, toimipistekoodi, tuontipvm, varhaiskasvatuksen_toimipaikka_tiedot_id, virastotunnus, yhteishaunkoulukoodi, yritysmuoto, ytj_kieli, ytjpaivityspvm, ytunnus) 
    values
        (null, ?, ?, ?, ?, ?, ?, ?, ?, ?, ?, ?, ?, ?, ?, ?, ?, ?, ?, ?, ?, ?, ?, ?, ?, ?, ?, ?, ?, ?, ?)
2020-06-10 18:11:43.127 TRACE 55751 --- [    Test worker] o.h.type.descriptor.sql.BasicBinder      : binding parameter [1] as [BIGINT] - [0]
2020-06-10 18:11:43.127 TRACE 55751 --- [    Test worker] o.h.type.descriptor.sql.BasicBinder      : binding parameter [2] as [DATE] - [Fri Dec 31 00:00:00 EET 1999]
2020-06-10 18:11:43.128 TRACE 55751 --- [    Test worker] o.h.type.descriptor.sql.BasicBinder      : binding parameter [3] as [VARCHAR] - [null]
2020-06-10 18:11:43.128 TRACE 55751 --- [    Test worker] o.h.type.descriptor.sql.BasicBinder      : binding parameter [4] as [VARCHAR] - [kunta_092]
2020-06-10 18:11:43.128 TRACE 55751 --- [    Test worker] o.h.type.descriptor.sql.BasicBinder      : binding parameter [5] as [BIGINT] - [1022]
2020-06-10 18:11:43.128 TRACE 55751 --- [    Test worker] o.h.type.descriptor.sql.BasicBinder      : binding parameter [6] as [DATE] - [null]
2020-06-10 18:11:43.128 TRACE 55751 --- [    Test worker] o.h.type.descriptor.sql.BasicBinder      : binding parameter [7] as [VARCHAR] - [maatjavaltiot1_fin]
2020-06-10 18:11:43.128 TRACE 55751 --- [    Test worker] o.h.type.descriptor.sql.BasicBinder      : binding parameter [8] as [BIGINT] - [null]
2020-06-10 18:11:43.128 TRACE 55751 --- [    Test worker] o.h.type.descriptor.sql.BasicBinder      : binding parameter [9] as [BIGINT] - [1023]
2020-06-10 18:11:43.128 TRACE 55751 --- [    Test worker] o.h.type.descriptor.sql.BasicBinder      : binding parameter [10] as [VARCHAR] - [,koulutustoimija]
2020-06-10 18:11:43.128 TRACE 55751 --- [    Test worker] o.h.type.descriptor.sql.BasicBinder      : binding parameter [11] as [VARCHAR] - [koulutustoimija]
2020-06-10 18:11:43.128 TRACE 55751 --- [    Test worker] o.h.type.descriptor.sql.BasicBinder      : binding parameter [12] as [VARCHAR] - [null]
2020-06-10 18:11:43.128 TRACE 55751 --- [    Test worker] o.h.type.descriptor.sql.BasicBinder      : binding parameter [13] as [VARCHAR] - [null]
2020-06-10 18:11:43.128 TRACE 55751 --- [    Test worker] o.h.type.descriptor.sql.BasicBinder      : binding parameter [14] as [VARCHAR] - [null]
2020-06-10 18:11:43.128 TRACE 55751 --- [    Test worker] o.h.type.descriptor.sql.BasicBinder      : binding parameter [15] as [BOOLEAN] - [false]
2020-06-10 18:11:43.128 TRACE 55751 --- [    Test worker] o.h.type.descriptor.sql.BasicBinder      : binding parameter [16] as [VARCHAR] - [ophadmin]
2020-06-10 18:11:43.128 TRACE 55751 --- [    Test worker] o.h.type.descriptor.sql.BasicBinder      : binding parameter [17] as [TIMESTAMP] - [Wed Jun 10 18:11:43 EEST 2020]
2020-06-10 18:11:43.128 TRACE 55751 --- [    Test worker] o.h.type.descriptor.sql.BasicBinder      : binding parameter [18] as [VARCHAR] - [|1|]
2020-06-10 18:11:43.128 TRACE 55751 --- [    Test worker] o.h.type.descriptor.sql.BasicBinder      : binding parameter [19] as [VARCHAR] - [|1.2.246.562.24.00000000001|]
2020-06-10 18:11:43.128 TRACE 55751 --- [    Test worker] o.h.type.descriptor.sql.BasicBinder      : binding parameter [20] as [BOOLEAN] - [false]
2020-06-10 18:11:43.128 TRACE 55751 --- [    Test worker] o.h.type.descriptor.sql.BasicBinder      : binding parameter [21] as [TIMESTAMP] - [null]
2020-06-10 18:11:43.128 TRACE 55751 --- [    Test worker] o.h.type.descriptor.sql.BasicBinder      : binding parameter [22] as [VARCHAR] - []
2020-06-10 18:11:43.128 TRACE 55751 --- [    Test worker] o.h.type.descriptor.sql.BasicBinder      : binding parameter [23] as [TIMESTAMP] - [null]
2020-06-10 18:11:43.128 TRACE 55751 --- [    Test worker] o.h.type.descriptor.sql.BasicBinder      : binding parameter [24] as [BIGINT] - [null]
2020-06-10 18:11:43.128 TRACE 55751 --- [    Test worker] o.h.type.descriptor.sql.BasicBinder      : binding parameter [25] as [VARCHAR] - [null]
2020-06-10 18:11:43.128 TRACE 55751 --- [    Test worker] o.h.type.descriptor.sql.BasicBinder      : binding parameter [26] as [VARCHAR] - [null]
2020-06-10 18:11:43.128 TRACE 55751 --- [    Test worker] o.h.type.descriptor.sql.BasicBinder      : binding parameter [27] as [VARCHAR] - [null]
2020-06-10 18:11:43.128 TRACE 55751 --- [    Test worker] o.h.type.descriptor.sql.BasicBinder      : binding parameter [28] as [VARCHAR] - [null]
2020-06-10 18:11:43.128 TRACE 55751 --- [    Test worker] o.h.type.descriptor.sql.BasicBinder      : binding parameter [29] as [DATE] - [null]
2020-06-10 18:11:43.128 TRACE 55751 --- [    Test worker] o.h.type.descriptor.sql.BasicBinder      : binding parameter [30] as [VARCHAR] - [null]
Hibernate: 
    insert 
    into
        organisaatio_nimi
        (id, version, alkupvm, nimi_mkt, organisaatio_id, paivittaja) 
    values
        (null, ?, ?, ?, ?, ?)
2020-06-10 18:11:43.129 TRACE 55751 --- [    Test worker] o.h.type.descriptor.sql.BasicBinder      : binding parameter [1] as [BIGINT] - [0]
2020-06-10 18:11:43.129 TRACE 55751 --- [    Test worker] o.h.type.descriptor.sql.BasicBinder      : binding parameter [2] as [DATE] - [Wed Jun 10 18:11:42 EEST 2020]
2020-06-10 18:11:43.129 TRACE 55751 --- [    Test worker] o.h.type.descriptor.sql.BasicBinder      : binding parameter [3] as [BIGINT] - [1023]
2020-06-10 18:11:43.129 TRACE 55751 --- [    Test worker] o.h.type.descriptor.sql.BasicBinder      : binding parameter [4] as [BIGINT] - [21]
2020-06-10 18:11:43.129 TRACE 55751 --- [    Test worker] o.h.type.descriptor.sql.BasicBinder      : binding parameter [5] as [VARCHAR] - [null]
Hibernate: 
    insert 
    into
        yhteystieto
        (id, version, kieli, organisaatio_id, yhteystieto_oid, coordinatetype, extrarivi, lat, lng, maa, osavaltio, osoite, osoite_tyyppi, postinumero, postitoimipaikka, ytjpaivityspvm, dtype) 
    values
        (null, ?, ?, ?, ?, ?, ?, ?, ?, ?, ?, ?, ?, ?, ?, ?, 'Osoite')
2020-06-10 18:11:43.130 TRACE 55751 --- [    Test worker] o.h.type.descriptor.sql.BasicBinder      : binding parameter [1] as [BIGINT] - [0]
2020-06-10 18:11:43.130 TRACE 55751 --- [    Test worker] o.h.type.descriptor.sql.BasicBinder      : binding parameter [2] as [VARCHAR] - [kieli_fi#1]
2020-06-10 18:11:43.130 TRACE 55751 --- [    Test worker] o.h.type.descriptor.sql.BasicBinder      : binding parameter [3] as [BIGINT] - [21]
2020-06-10 18:11:43.130 TRACE 55751 --- [    Test worker] o.h.type.descriptor.sql.BasicBinder      : binding parameter [4] as [VARCHAR] - [1.2.246.562.5.73642826746]
2020-06-10 18:11:43.130 TRACE 55751 --- [    Test worker] o.h.type.descriptor.sql.BasicBinder      : binding parameter [5] as [VARCHAR] - [null]
2020-06-10 18:11:43.130 TRACE 55751 --- [    Test worker] o.h.type.descriptor.sql.BasicBinder      : binding parameter [6] as [VARCHAR] - [null]
2020-06-10 18:11:43.130 TRACE 55751 --- [    Test worker] o.h.type.descriptor.sql.BasicBinder      : binding parameter [7] as [DOUBLE] - [null]
2020-06-10 18:11:43.130 TRACE 55751 --- [    Test worker] o.h.type.descriptor.sql.BasicBinder      : binding parameter [8] as [DOUBLE] - [null]
2020-06-10 18:11:43.130 TRACE 55751 --- [    Test worker] o.h.type.descriptor.sql.BasicBinder      : binding parameter [9] as [VARCHAR] - [null]
2020-06-10 18:11:43.130 TRACE 55751 --- [    Test worker] o.h.type.descriptor.sql.BasicBinder      : binding parameter [10] as [VARCHAR] - [null]
2020-06-10 18:11:43.130 TRACE 55751 --- [    Test worker] o.h.type.descriptor.sql.BasicBinder      : binding parameter [11] as [VARCHAR] - [Postiosoite 1A]
2020-06-10 18:11:43.130 TRACE 55751 --- [    Test worker] o.h.type.descriptor.sql.BasicBinder      : binding parameter [12] as [VARCHAR] - [posti]
2020-06-10 18:11:43.130 TRACE 55751 --- [    Test worker] o.h.type.descriptor.sql.BasicBinder      : binding parameter [13] as [VARCHAR] - [00550]
2020-06-10 18:11:43.130 TRACE 55751 --- [    Test worker] o.h.type.descriptor.sql.BasicBinder      : binding parameter [14] as [VARCHAR] - [Helsinki]
2020-06-10 18:11:43.130 TRACE 55751 --- [    Test worker] o.h.type.descriptor.sql.BasicBinder      : binding parameter [15] as [DATE] - [null]
Hibernate: 
    insert 
    into
        yhteystieto
        (id, version, kieli, organisaatio_id, yhteystieto_oid, email, dtype) 
    values
        (null, ?, ?, ?, ?, ?, 'Email')
2020-06-10 18:11:43.130 TRACE 55751 --- [    Test worker] o.h.type.descriptor.sql.BasicBinder      : binding parameter [1] as [BIGINT] - [0]
2020-06-10 18:11:43.130 TRACE 55751 --- [    Test worker] o.h.type.descriptor.sql.BasicBinder      : binding parameter [2] as [VARCHAR] - [kieli_fi#1]
2020-06-10 18:11:43.130 TRACE 55751 --- [    Test worker] o.h.type.descriptor.sql.BasicBinder      : binding parameter [3] as [BIGINT] - [21]
2020-06-10 18:11:43.131 TRACE 55751 --- [    Test worker] o.h.type.descriptor.sql.BasicBinder      : binding parameter [4] as [VARCHAR] - [15918019027810.42471522979263787]
2020-06-10 18:11:43.131 TRACE 55751 --- [    Test worker] o.h.type.descriptor.sql.BasicBinder      : binding parameter [5] as [VARCHAR] - [asd@asd.asd]
Hibernate: 
    insert 
    into
        yhteystieto
        (id, version, kieli, organisaatio_id, yhteystieto_oid, coordinatetype, extrarivi, lat, lng, maa, osavaltio, osoite, osoite_tyyppi, postinumero, postitoimipaikka, ytjpaivityspvm, dtype) 
    values
        (null, ?, ?, ?, ?, ?, ?, ?, ?, ?, ?, ?, ?, ?, ?, ?, 'Osoite')
2020-06-10 18:11:43.131 TRACE 55751 --- [    Test worker] o.h.type.descriptor.sql.BasicBinder      : binding parameter [1] as [BIGINT] - [0]
2020-06-10 18:11:43.131 TRACE 55751 --- [    Test worker] o.h.type.descriptor.sql.BasicBinder      : binding parameter [2] as [VARCHAR] - [kieli_fi#1]
2020-06-10 18:11:43.131 TRACE 55751 --- [    Test worker] o.h.type.descriptor.sql.BasicBinder      : binding parameter [3] as [BIGINT] - [21]
2020-06-10 18:11:43.131 TRACE 55751 --- [    Test worker] o.h.type.descriptor.sql.BasicBinder      : binding parameter [4] as [VARCHAR] - [1.2.246.562.5.71374798795]
2020-06-10 18:11:43.131 TRACE 55751 --- [    Test worker] o.h.type.descriptor.sql.BasicBinder      : binding parameter [5] as [VARCHAR] - [null]
2020-06-10 18:11:43.131 TRACE 55751 --- [    Test worker] o.h.type.descriptor.sql.BasicBinder      : binding parameter [6] as [VARCHAR] - [null]
2020-06-10 18:11:43.131 TRACE 55751 --- [    Test worker] o.h.type.descriptor.sql.BasicBinder      : binding parameter [7] as [DOUBLE] - [null]
2020-06-10 18:11:43.131 TRACE 55751 --- [    Test worker] o.h.type.descriptor.sql.BasicBinder      : binding parameter [8] as [DOUBLE] - [null]
2020-06-10 18:11:43.131 TRACE 55751 --- [    Test worker] o.h.type.descriptor.sql.BasicBinder      : binding parameter [9] as [VARCHAR] - [null]
2020-06-10 18:11:43.131 TRACE 55751 --- [    Test worker] o.h.type.descriptor.sql.BasicBinder      : binding parameter [10] as [VARCHAR] - [null]
2020-06-10 18:11:43.131 TRACE 55751 --- [    Test worker] o.h.type.descriptor.sql.BasicBinder      : binding parameter [11] as [VARCHAR] - [Kayntiosoite 2B]
2020-06-10 18:11:43.131 TRACE 55751 --- [    Test worker] o.h.type.descriptor.sql.BasicBinder      : binding parameter [12] as [VARCHAR] - [kaynti]
2020-06-10 18:11:43.131 TRACE 55751 --- [    Test worker] o.h.type.descriptor.sql.BasicBinder      : binding parameter [13] as [VARCHAR] - [posti_00550]
2020-06-10 18:11:43.131 TRACE 55751 --- [    Test worker] o.h.type.descriptor.sql.BasicBinder      : binding parameter [14] as [VARCHAR] - [Helsinki]
2020-06-10 18:11:43.131 TRACE 55751 --- [    Test worker] o.h.type.descriptor.sql.BasicBinder      : binding parameter [15] as [DATE] - [null]
Hibernate: 
    insert 
    into
        yhteystieto
        (id, version, kieli, organisaatio_id, yhteystieto_oid, puhelinnumero, tyyppi, dtype) 
    values
        (null, ?, ?, ?, ?, ?, ?, 'Puhelinnumero')
2020-06-10 18:11:43.132 TRACE 55751 --- [    Test worker] o.h.type.descriptor.sql.BasicBinder      : binding parameter [1] as [BIGINT] - [0]
2020-06-10 18:11:43.132 TRACE 55751 --- [    Test worker] o.h.type.descriptor.sql.BasicBinder      : binding parameter [2] as [VARCHAR] - [kieli_fi#1]
2020-06-10 18:11:43.132 TRACE 55751 --- [    Test worker] o.h.type.descriptor.sql.BasicBinder      : binding parameter [3] as [BIGINT] - [21]
2020-06-10 18:11:43.132 TRACE 55751 --- [    Test worker] o.h.type.descriptor.sql.BasicBinder      : binding parameter [4] as [VARCHAR] - [1.2.246.562.5.55293569978]
2020-06-10 18:11:43.132 TRACE 55751 --- [    Test worker] o.h.type.descriptor.sql.BasicBinder      : binding parameter [5] as [VARCHAR] - [123]
2020-06-10 18:11:43.132 TRACE 55751 --- [    Test worker] o.h.type.descriptor.sql.BasicBinder      : binding parameter [6] as [VARCHAR] - [puhelin]
Hibernate: 
    insert 
    into
        yhteystieto
        (id, version, kieli, organisaatio_id, yhteystieto_oid, www_osoite, dtype) 
    values
        (null, ?, ?, ?, ?, ?, 'Www')
2020-06-10 18:11:43.132 TRACE 55751 --- [    Test worker] o.h.type.descriptor.sql.BasicBinder      : binding parameter [1] as [BIGINT] - [0]
2020-06-10 18:11:43.132 TRACE 55751 --- [    Test worker] o.h.type.descriptor.sql.BasicBinder      : binding parameter [2] as [VARCHAR] - [kieli_fi#1]
2020-06-10 18:11:43.132 TRACE 55751 --- [    Test worker] o.h.type.descriptor.sql.BasicBinder      : binding parameter [3] as [BIGINT] - [21]
2020-06-10 18:11:43.132 TRACE 55751 --- [    Test worker] o.h.type.descriptor.sql.BasicBinder      : binding parameter [4] as [VARCHAR] - [15918019027810.9945099757620232]
2020-06-10 18:11:43.132 TRACE 55751 --- [    Test worker] o.h.type.descriptor.sql.BasicBinder      : binding parameter [5] as [VARCHAR] - [http://test.oph.fi]
Hibernate: 
    update
        organisaatio 
    set
        version=?,
        alkupvm=?,
        domainnimi=?,
        kotipaikka=?,
        kuvaus_mkt=?,
        lakkautuspvm=?,
        maa=?,
        metadata_id=?,
        nimi_mkt=?,
        nimihaku=?,
        oid=?,
        opetuspisteenjarjnro=?,
        oppilaitoskoodi=?,
        oppilaitos_tyyppi=?,
        organisaatio_poistettu=?,
        paivittaja=?,
        paivityspvm=?,
        parentidpath=?,
        parentoidpath=?,
        piilotettu=?,
        tarkastus_pvm=?,
        toimipistekoodi=?,
        tuontipvm=?,
        varhaiskasvatuksen_toimipaikka_tiedot_id=?,
        virastotunnus=?,
        yhteishaunkoulukoodi=?,
        yritysmuoto=?,
        ytj_kieli=?,
        ytjpaivityspvm=?,
        ytunnus=? 
    where
        id=? 
        and version=?
2020-06-10 18:11:43.134 TRACE 55751 --- [    Test worker] o.h.type.descriptor.sql.BasicBinder      : binding parameter [1] as [BIGINT] - [1]
2020-06-10 18:11:43.134 TRACE 55751 --- [    Test worker] o.h.type.descriptor.sql.BasicBinder      : binding parameter [2] as [DATE] - [Fri Dec 31 00:00:00 EET 1999]
2020-06-10 18:11:43.134 TRACE 55751 --- [    Test worker] o.h.type.descriptor.sql.BasicBinder      : binding parameter [3] as [VARCHAR] - [null]
2020-06-10 18:11:43.134 TRACE 55751 --- [    Test worker] o.h.type.descriptor.sql.BasicBinder      : binding parameter [4] as [VARCHAR] - [kunta_092]
2020-06-10 18:11:43.134 TRACE 55751 --- [    Test worker] o.h.type.descriptor.sql.BasicBinder      : binding parameter [5] as [BIGINT] - [1022]
2020-06-10 18:11:43.134 TRACE 55751 --- [    Test worker] o.h.type.descriptor.sql.BasicBinder      : binding parameter [6] as [DATE] - [null]
2020-06-10 18:11:43.134 TRACE 55751 --- [    Test worker] o.h.type.descriptor.sql.BasicBinder      : binding parameter [7] as [VARCHAR] - [maatjavaltiot1_fin]
2020-06-10 18:11:43.134 TRACE 55751 --- [    Test worker] o.h.type.descriptor.sql.BasicBinder      : binding parameter [8] as [BIGINT] - [null]
2020-06-10 18:11:43.134 TRACE 55751 --- [    Test worker] o.h.type.descriptor.sql.BasicBinder      : binding parameter [9] as [BIGINT] - [1023]
2020-06-10 18:11:43.134 TRACE 55751 --- [    Test worker] o.h.type.descriptor.sql.BasicBinder      : binding parameter [10] as [VARCHAR] - [,koulutustoimija]
2020-06-10 18:11:43.134 TRACE 55751 --- [    Test worker] o.h.type.descriptor.sql.BasicBinder      : binding parameter [11] as [VARCHAR] - [koulutustoimija]
2020-06-10 18:11:43.134 TRACE 55751 --- [    Test worker] o.h.type.descriptor.sql.BasicBinder      : binding parameter [12] as [VARCHAR] - [null]
2020-06-10 18:11:43.134 TRACE 55751 --- [    Test worker] o.h.type.descriptor.sql.BasicBinder      : binding parameter [13] as [VARCHAR] - [null]
2020-06-10 18:11:43.134 TRACE 55751 --- [    Test worker] o.h.type.descriptor.sql.BasicBinder      : binding parameter [14] as [VARCHAR] - [null]
2020-06-10 18:11:43.134 TRACE 55751 --- [    Test worker] o.h.type.descriptor.sql.BasicBinder      : binding parameter [15] as [BOOLEAN] - [false]
2020-06-10 18:11:43.134 TRACE 55751 --- [    Test worker] o.h.type.descriptor.sql.BasicBinder      : binding parameter [16] as [VARCHAR] - [ophadmin]
2020-06-10 18:11:43.134 TRACE 55751 --- [    Test worker] o.h.type.descriptor.sql.BasicBinder      : binding parameter [17] as [TIMESTAMP] - [Wed Jun 10 18:11:43 EEST 2020]
2020-06-10 18:11:43.134 TRACE 55751 --- [    Test worker] o.h.type.descriptor.sql.BasicBinder      : binding parameter [18] as [VARCHAR] - [|1|]
2020-06-10 18:11:43.134 TRACE 55751 --- [    Test worker] o.h.type.descriptor.sql.BasicBinder      : binding parameter [19] as [VARCHAR] - [|1.2.246.562.24.00000000001|]
2020-06-10 18:11:43.134 TRACE 55751 --- [    Test worker] o.h.type.descriptor.sql.BasicBinder      : binding parameter [20] as [BOOLEAN] - [false]
2020-06-10 18:11:43.134 TRACE 55751 --- [    Test worker] o.h.type.descriptor.sql.BasicBinder      : binding parameter [21] as [TIMESTAMP] - [null]
2020-06-10 18:11:43.134 TRACE 55751 --- [    Test worker] o.h.type.descriptor.sql.BasicBinder      : binding parameter [22] as [VARCHAR] - []
2020-06-10 18:11:43.134 TRACE 55751 --- [    Test worker] o.h.type.descriptor.sql.BasicBinder      : binding parameter [23] as [TIMESTAMP] - [null]
2020-06-10 18:11:43.134 TRACE 55751 --- [    Test worker] o.h.type.descriptor.sql.BasicBinder      : binding parameter [24] as [BIGINT] - [null]
2020-06-10 18:11:43.134 TRACE 55751 --- [    Test worker] o.h.type.descriptor.sql.BasicBinder      : binding parameter [25] as [VARCHAR] - [null]
2020-06-10 18:11:43.134 TRACE 55751 --- [    Test worker] o.h.type.descriptor.sql.BasicBinder      : binding parameter [26] as [VARCHAR] - [null]
2020-06-10 18:11:43.134 TRACE 55751 --- [    Test worker] o.h.type.descriptor.sql.BasicBinder      : binding parameter [27] as [VARCHAR] - [null]
2020-06-10 18:11:43.134 TRACE 55751 --- [    Test worker] o.h.type.descriptor.sql.BasicBinder      : binding parameter [28] as [VARCHAR] - [null]
2020-06-10 18:11:43.134 TRACE 55751 --- [    Test worker] o.h.type.descriptor.sql.BasicBinder      : binding parameter [29] as [DATE] - [null]
2020-06-10 18:11:43.134 TRACE 55751 --- [    Test worker] o.h.type.descriptor.sql.BasicBinder      : binding parameter [30] as [VARCHAR] - [null]
2020-06-10 18:11:43.134 TRACE 55751 --- [    Test worker] o.h.type.descriptor.sql.BasicBinder      : binding parameter [31] as [BIGINT] - [21]
2020-06-10 18:11:43.134 TRACE 55751 --- [    Test worker] o.h.type.descriptor.sql.BasicBinder      : binding parameter [32] as [BIGINT] - [0]
Hibernate: 
    insert 
    into
        organisaatio_kielet
        (organisaatio_id, kielet) 
    values
        (?, ?)
2020-06-10 18:11:43.135 TRACE 55751 --- [    Test worker] o.h.type.descriptor.sql.BasicBinder      : binding parameter [1] as [BIGINT] - [21]
2020-06-10 18:11:43.135 TRACE 55751 --- [    Test worker] o.h.type.descriptor.sql.BasicBinder      : binding parameter [2] as [VARCHAR] - [oppilaitoksenopetuskieli_1#1]
Hibernate: 
    insert 
    into
        organisaatio_tyypit
        (organisaatio_id, tyypit) 
    values
        (?, ?)
2020-06-10 18:11:43.135 TRACE 55751 --- [    Test worker] o.h.type.descriptor.sql.BasicBinder      : binding parameter [1] as [BIGINT] - [21]
2020-06-10 18:11:43.135 TRACE 55751 --- [    Test worker] o.h.type.descriptor.sql.BasicBinder      : binding parameter [2] as [VARCHAR] - [organisaatiotyyppi_01]
Hibernate: 
    insert 
    into
        monikielinen_teksti_values
        (id, key, value) 
    values
        (?, ?, ?)
2020-06-10 18:11:43.135 TRACE 55751 --- [    Test worker] o.h.type.descriptor.sql.BasicBinder      : binding parameter [1] as [BIGINT] - [1023]
2020-06-10 18:11:43.135 TRACE 55751 --- [    Test worker] o.h.type.descriptor.sql.BasicBinder      : binding parameter [2] as [VARCHAR] - [fi]
2020-06-10 18:11:43.135 TRACE 55751 --- [    Test worker] o.h.type.descriptor.sql.BasicBinder      : binding parameter [3] as [VARCHAR] - [koulutustoimija]
Hibernate: 
    select
        organisaat0_.id as id1_5_,
        organisaat0_.version as version2_5_,
        organisaat0_.alkupvm as alkupvm3_5_,
        organisaat0_.domainnimi as domainni4_5_,
        organisaat0_.kotipaikka as kotipaik5_5_,
        organisaat0_.kuvaus_mkt as kuvaus_28_5_,
        organisaat0_.lakkautuspvm as lakkautu6_5_,
        organisaat0_.maa as maa7_5_,
        organisaat0_.metadata_id as metadat29_5_,
        organisaat0_.nimi_mkt as nimi_mk30_5_,
        organisaat0_.nimihaku as nimihaku8_5_,
        organisaat0_.oid as oid9_5_,
        organisaat0_.opetuspisteenjarjnro as opetusp10_5_,
        organisaat0_.oppilaitoskoodi as oppilai11_5_,
        organisaat0_.oppilaitos_tyyppi as oppilai12_5_,
        organisaat0_.organisaatio_poistettu as organis13_5_,
        organisaat0_.paivittaja as paivitt14_5_,
        organisaat0_.paivityspvm as paivity15_5_,
        organisaat0_.parentidpath as parenti16_5_,
        organisaat0_.parentoidpath as parento17_5_,
        organisaat0_.piilotettu as piilote18_5_,
        organisaat0_.tarkastus_pvm as tarkast19_5_,
        organisaat0_.toimipistekoodi as toimipi20_5_,
        organisaat0_.tuontipvm as tuontip21_5_,
        organisaat0_.varhaiskasvatuksen_toimipaikka_tiedot_id as varhais31_5_,
        organisaat0_.virastotunnus as virasto22_5_,
        organisaat0_.yhteishaunkoulukoodi as yhteish23_5_,
        organisaat0_.yritysmuoto as yritysm24_5_,
        organisaat0_.ytj_kieli as ytj_kie25_5_,
        organisaat0_.ytjpaivityspvm as ytjpaiv26_5_,
        organisaat0_.ytunnus as ytunnus27_5_ 
    from
        organisaatio organisaat0_ 
    where
        organisaat0_.oid=?
2020-06-10 18:11:43.136 TRACE 55751 --- [    Test worker] o.h.type.descriptor.sql.BasicBinder      : binding parameter [1] as [VARCHAR] - [1.2.246.562.24.00000000001]
2020-06-10 18:11:43.136 TRACE 55751 --- [    Test worker] o.h.type.descriptor.sql.BasicExtractor   : extracted value ([id1_5_] : [BIGINT]) - [1]
2020-06-10 18:11:43.136  INFO 55751 --- [    Test worker] .s.o.r.i.OrganisaatioSuhdeRepositoryImpl : findParentTo(21, Wed Jun 10 18:11:43 EEST 2020)
Hibernate: 
    select
        organisaat0_.id as id1_19_0_,
        organisaat1_.id as id1_5_1_,
        organisaat0_.version as version2_19_0_,
        organisaat0_.alkupvm as alkupvm3_19_0_,
        organisaat0_.child_id as child_id7_19_0_,
        organisaat0_.loppupvm as loppupvm4_19_0_,
        organisaat0_.opetuspisteenjarjnro as opetuspi5_19_0_,
        organisaat0_.parent_id as parent_i8_19_0_,
        organisaat0_.suhdetyyppi as suhdetyy6_19_0_,
        organisaat1_.version as version2_5_1_,
        organisaat1_.alkupvm as alkupvm3_5_1_,
        organisaat1_.domainnimi as domainni4_5_1_,
        organisaat1_.kotipaikka as kotipaik5_5_1_,
        organisaat1_.kuvaus_mkt as kuvaus_28_5_1_,
        organisaat1_.lakkautuspvm as lakkautu6_5_1_,
        organisaat1_.maa as maa7_5_1_,
        organisaat1_.metadata_id as metadat29_5_1_,
        organisaat1_.nimi_mkt as nimi_mk30_5_1_,
        organisaat1_.nimihaku as nimihaku8_5_1_,
        organisaat1_.oid as oid9_5_1_,
        organisaat1_.opetuspisteenjarjnro as opetusp10_5_1_,
        organisaat1_.oppilaitoskoodi as oppilai11_5_1_,
        organisaat1_.oppilaitos_tyyppi as oppilai12_5_1_,
        organisaat1_.organisaatio_poistettu as organis13_5_1_,
        organisaat1_.paivittaja as paivitt14_5_1_,
        organisaat1_.paivityspvm as paivity15_5_1_,
        organisaat1_.parentidpath as parenti16_5_1_,
        organisaat1_.parentoidpath as parento17_5_1_,
        organisaat1_.piilotettu as piilote18_5_1_,
        organisaat1_.tarkastus_pvm as tarkast19_5_1_,
        organisaat1_.toimipistekoodi as toimipi20_5_1_,
        organisaat1_.tuontipvm as tuontip21_5_1_,
        organisaat1_.varhaiskasvatuksen_toimipaikka_tiedot_id as varhais31_5_1_,
        organisaat1_.virastotunnus as virasto22_5_1_,
        organisaat1_.yhteishaunkoulukoodi as yhteish23_5_1_,
        organisaat1_.yritysmuoto as yritysm24_5_1_,
        organisaat1_.ytj_kieli as ytj_kie25_5_1_,
        organisaat1_.ytjpaivityspvm as ytjpaiv26_5_1_,
        organisaat1_.ytunnus as ytunnus27_5_1_ 
    from
        organisaatiosuhde organisaat0_ 
    inner join
        organisaatio organisaat1_ 
            on organisaat0_.parent_id=organisaat1_.id 
    where
        organisaat0_.child_id=? 
        and organisaat0_.suhdetyyppi=? 
        and (
            organisaat0_.alkupvm=? 
            or organisaat0_.alkupvm<?
        ) 
        and (
            organisaat0_.loppupvm is null 
            or organisaat0_.loppupvm>?
        ) 
        and organisaat1_.organisaatio_poistettu=? 
    order by
        organisaat0_.alkupvm desc
2020-06-10 18:11:43.137 TRACE 55751 --- [    Test worker] o.h.type.descriptor.sql.BasicBinder      : binding parameter [1] as [BIGINT] - [21]
2020-06-10 18:11:43.137 TRACE 55751 --- [    Test worker] o.h.type.descriptor.sql.BasicBinder      : binding parameter [2] as [VARCHAR] - [HISTORIA]
2020-06-10 18:11:43.137 TRACE 55751 --- [    Test worker] o.h.type.descriptor.sql.BasicBinder      : binding parameter [3] as [DATE] - [Wed Jun 10 18:11:43 EEST 2020]
2020-06-10 18:11:43.137 TRACE 55751 --- [    Test worker] o.h.type.descriptor.sql.BasicBinder      : binding parameter [4] as [DATE] - [Wed Jun 10 18:11:43 EEST 2020]
2020-06-10 18:11:43.137 TRACE 55751 --- [    Test worker] o.h.type.descriptor.sql.BasicBinder      : binding parameter [5] as [DATE] - [Wed Jun 10 18:11:43 EEST 2020]
2020-06-10 18:11:43.137 TRACE 55751 --- [    Test worker] o.h.type.descriptor.sql.BasicBinder      : binding parameter [6] as [BOOLEAN] - [false]
2020-06-10 18:11:43.138  INFO 55751 --- [    Test worker] .s.o.r.i.OrganisaatioSuhdeRepositoryImpl : addChild(1, 21, Wed Jun 10 18:11:43 EEST 2020)
Hibernate: 
    insert 
    into
        organisaatiosuhde
        (id, version, alkupvm, child_id, loppupvm, opetuspisteenjarjnro, parent_id, suhdetyyppi) 
    values
        (null, ?, ?, ?, ?, ?, ?, ?)
2020-06-10 18:11:43.138 TRACE 55751 --- [    Test worker] o.h.type.descriptor.sql.BasicBinder      : binding parameter [1] as [BIGINT] - [0]
2020-06-10 18:11:43.138 TRACE 55751 --- [    Test worker] o.h.type.descriptor.sql.BasicBinder      : binding parameter [2] as [DATE] - [Wed Jun 10 18:11:43 EEST 2020]
2020-06-10 18:11:43.138 TRACE 55751 --- [    Test worker] o.h.type.descriptor.sql.BasicBinder      : binding parameter [3] as [BIGINT] - [21]
2020-06-10 18:11:43.138 TRACE 55751 --- [    Test worker] o.h.type.descriptor.sql.BasicBinder      : binding parameter [4] as [DATE] - [null]
2020-06-10 18:11:43.139 TRACE 55751 --- [    Test worker] o.h.type.descriptor.sql.BasicBinder      : binding parameter [5] as [VARCHAR] - [null]
2020-06-10 18:11:43.139 TRACE 55751 --- [    Test worker] o.h.type.descriptor.sql.BasicBinder      : binding parameter [6] as [BIGINT] - [1]
2020-06-10 18:11:43.139 TRACE 55751 --- [    Test worker] o.h.type.descriptor.sql.BasicBinder      : binding parameter [7] as [VARCHAR] - [HISTORIA]
2020-06-10 18:11:43.139  INFO 55751 --- [    Test worker] .s.o.r.i.OrganisaatioSuhdeRepositoryImpl :     Created new child relation:  --> pId=1, cId=21, aPvm=Wed Jun 10 18:11:43 EEST 2020, lPvm=null
Hibernate: 
    select
        organisaat0_.id as id1_19_,
        organisaat0_.version as version2_19_,
        organisaat0_.alkupvm as alkupvm3_19_,
        organisaat0_.child_id as child_id7_19_,
        organisaat0_.loppupvm as loppupvm4_19_,
        organisaat0_.opetuspisteenjarjnro as opetuspi5_19_,
        organisaat0_.parent_id as parent_i8_19_,
        organisaat0_.suhdetyyppi as suhdetyy6_19_ 
    from
        organisaatiosuhde organisaat0_ 
    where
        organisaat0_.child_id=?
2020-06-10 18:11:43.139 TRACE 55751 --- [    Test worker] o.h.type.descriptor.sql.BasicBinder      : binding parameter [1] as [BIGINT] - [21]
2020-06-10 18:11:43.140 TRACE 55751 --- [    Test worker] o.h.type.descriptor.sql.BasicExtractor   : extracted value ([id1_19_] : [BIGINT]) - [22]
Hibernate: 
    select
        organisaat0_.id as id1_5_,
        organisaat0_.version as version2_5_,
        organisaat0_.alkupvm as alkupvm3_5_,
        organisaat0_.domainnimi as domainni4_5_,
        organisaat0_.kotipaikka as kotipaik5_5_,
        organisaat0_.kuvaus_mkt as kuvaus_28_5_,
        organisaat0_.lakkautuspvm as lakkautu6_5_,
        organisaat0_.maa as maa7_5_,
        organisaat0_.metadata_id as metadat29_5_,
        organisaat0_.nimi_mkt as nimi_mk30_5_,
        organisaat0_.nimihaku as nimihaku8_5_,
        organisaat0_.oid as oid9_5_,
        organisaat0_.opetuspisteenjarjnro as opetusp10_5_,
        organisaat0_.oppilaitoskoodi as oppilai11_5_,
        organisaat0_.oppilaitos_tyyppi as oppilai12_5_,
        organisaat0_.organisaatio_poistettu as organis13_5_,
        organisaat0_.paivittaja as paivitt14_5_,
        organisaat0_.paivityspvm as paivity15_5_,
        organisaat0_.parentidpath as parenti16_5_,
        organisaat0_.parentoidpath as parento17_5_,
        organisaat0_.piilotettu as piilote18_5_,
        organisaat0_.tarkastus_pvm as tarkast19_5_,
        organisaat0_.toimipistekoodi as toimipi20_5_,
        organisaat0_.tuontipvm as tuontip21_5_,
        organisaat0_.varhaiskasvatuksen_toimipaikka_tiedot_id as varhais31_5_,
        organisaat0_.virastotunnus as virasto22_5_,
        organisaat0_.yhteishaunkoulukoodi as yhteish23_5_,
        organisaat0_.yritysmuoto as yritysm24_5_,
        organisaat0_.ytj_kieli as ytj_kie25_5_,
        organisaat0_.ytjpaivityspvm as ytjpaiv26_5_,
        organisaat0_.ytunnus as ytunnus27_5_ 
    from
        organisaatio organisaat0_ 
    where
        organisaat0_.oid=?
2020-06-10 18:11:43.141 TRACE 55751 --- [    Test worker] o.h.type.descriptor.sql.BasicBinder      : binding parameter [1] as [VARCHAR] - [koulutustoimija]
2020-06-10 18:11:43.141 TRACE 55751 --- [    Test worker] o.h.type.descriptor.sql.BasicExtractor   : extracted value ([id1_5_] : [BIGINT]) - [21]
Hibernate: 
    select
        organisaat0_.id as id1_5_,
        organisaat0_.version as version2_5_,
        organisaat0_.alkupvm as alkupvm3_5_,
        organisaat0_.domainnimi as domainni4_5_,
        organisaat0_.kotipaikka as kotipaik5_5_,
        organisaat0_.kuvaus_mkt as kuvaus_28_5_,
        organisaat0_.lakkautuspvm as lakkautu6_5_,
        organisaat0_.maa as maa7_5_,
        organisaat0_.metadata_id as metadat29_5_,
        organisaat0_.nimi_mkt as nimi_mk30_5_,
        organisaat0_.nimihaku as nimihaku8_5_,
        organisaat0_.oid as oid9_5_,
        organisaat0_.opetuspisteenjarjnro as opetusp10_5_,
        organisaat0_.oppilaitoskoodi as oppilai11_5_,
        organisaat0_.oppilaitos_tyyppi as oppilai12_5_,
        organisaat0_.organisaatio_poistettu as organis13_5_,
        organisaat0_.paivittaja as paivitt14_5_,
        organisaat0_.paivityspvm as paivity15_5_,
        organisaat0_.parentidpath as parenti16_5_,
        organisaat0_.parentoidpath as parento17_5_,
        organisaat0_.piilotettu as piilote18_5_,
        organisaat0_.tarkastus_pvm as tarkast19_5_,
        organisaat0_.toimipistekoodi as toimipi20_5_,
        organisaat0_.tuontipvm as tuontip21_5_,
        organisaat0_.varhaiskasvatuksen_toimipaikka_tiedot_id as varhais31_5_,
        organisaat0_.virastotunnus as virasto22_5_,
        organisaat0_.yhteishaunkoulukoodi as yhteish23_5_,
        organisaat0_.yritysmuoto as yritysm24_5_,
        organisaat0_.ytj_kieli as ytj_kie25_5_,
        organisaat0_.ytjpaivityspvm as ytjpaiv26_5_,
        organisaat0_.ytunnus as ytunnus27_5_ 
    from
        organisaatio organisaat0_ 
    where
        organisaat0_.oid=?
2020-06-10 18:11:43.144 TRACE 55751 --- [    Test worker] o.h.type.descriptor.sql.BasicBinder      : binding parameter [1] as [VARCHAR] - [oppilaitos1]
Hibernate: 
    select
        organisaat0_.id as id1_5_,
        organisaat0_.version as version2_5_,
        organisaat0_.alkupvm as alkupvm3_5_,
        organisaat0_.domainnimi as domainni4_5_,
        organisaat0_.kotipaikka as kotipaik5_5_,
        organisaat0_.kuvaus_mkt as kuvaus_28_5_,
        organisaat0_.lakkautuspvm as lakkautu6_5_,
        organisaat0_.maa as maa7_5_,
        organisaat0_.metadata_id as metadat29_5_,
        organisaat0_.nimi_mkt as nimi_mk30_5_,
        organisaat0_.nimihaku as nimihaku8_5_,
        organisaat0_.oid as oid9_5_,
        organisaat0_.opetuspisteenjarjnro as opetusp10_5_,
        organisaat0_.oppilaitoskoodi as oppilai11_5_,
        organisaat0_.oppilaitos_tyyppi as oppilai12_5_,
        organisaat0_.organisaatio_poistettu as organis13_5_,
        organisaat0_.paivittaja as paivitt14_5_,
        organisaat0_.paivityspvm as paivity15_5_,
        organisaat0_.parentidpath as parenti16_5_,
        organisaat0_.parentoidpath as parento17_5_,
        organisaat0_.piilotettu as piilote18_5_,
        organisaat0_.tarkastus_pvm as tarkast19_5_,
        organisaat0_.toimipistekoodi as toimipi20_5_,
        organisaat0_.tuontipvm as tuontip21_5_,
        organisaat0_.varhaiskasvatuksen_toimipaikka_tiedot_id as varhais31_5_,
        organisaat0_.virastotunnus as virasto22_5_,
        organisaat0_.yhteishaunkoulukoodi as yhteish23_5_,
        organisaat0_.yritysmuoto as yritysm24_5_,
        organisaat0_.ytj_kieli as ytj_kie25_5_,
        organisaat0_.ytjpaivityspvm as ytjpaiv26_5_,
        organisaat0_.ytunnus as ytunnus27_5_ 
    from
        organisaatio organisaat0_ 
    where
        organisaat0_.oid=?
2020-06-10 18:11:43.145 TRACE 55751 --- [    Test worker] o.h.type.descriptor.sql.BasicBinder      : binding parameter [1] as [VARCHAR] - [koulutustoimija]
2020-06-10 18:11:43.145 TRACE 55751 --- [    Test worker] o.h.type.descriptor.sql.BasicExtractor   : extracted value ([id1_5_] : [BIGINT]) - [21]
2020-06-10 18:11:43.381  WARN 55751 --- [    Test worker] fi.vm.sade.javautils.http.OphHttpClient  : Failed to CAS authenticate. Renewing proxy ticket.
Hibernate: 
    select
        organisaat0_.id as id1_5_,
        organisaat0_.version as version2_5_,
        organisaat0_.alkupvm as alkupvm3_5_,
        organisaat0_.domainnimi as domainni4_5_,
        organisaat0_.kotipaikka as kotipaik5_5_,
        organisaat0_.kuvaus_mkt as kuvaus_28_5_,
        organisaat0_.lakkautuspvm as lakkautu6_5_,
        organisaat0_.maa as maa7_5_,
        organisaat0_.metadata_id as metadat29_5_,
        organisaat0_.nimi_mkt as nimi_mk30_5_,
        organisaat0_.nimihaku as nimihaku8_5_,
        organisaat0_.oid as oid9_5_,
        organisaat0_.opetuspisteenjarjnro as opetusp10_5_,
        organisaat0_.oppilaitoskoodi as oppilai11_5_,
        organisaat0_.oppilaitos_tyyppi as oppilai12_5_,
        organisaat0_.organisaatio_poistettu as organis13_5_,
        organisaat0_.paivittaja as paivitt14_5_,
        organisaat0_.paivityspvm as paivity15_5_,
        organisaat0_.parentidpath as parenti16_5_,
        organisaat0_.parentoidpath as parento17_5_,
        organisaat0_.piilotettu as piilote18_5_,
        organisaat0_.tarkastus_pvm as tarkast19_5_,
        organisaat0_.toimipistekoodi as toimipi20_5_,
        organisaat0_.tuontipvm as tuontip21_5_,
        organisaat0_.varhaiskasvatuksen_toimipaikka_tiedot_id as varhais31_5_,
        organisaat0_.virastotunnus as virasto22_5_,
        organisaat0_.yhteishaunkoulukoodi as yhteish23_5_,
        organisaat0_.yritysmuoto as yritysm24_5_,
        organisaat0_.ytj_kieli as ytj_kie25_5_,
        organisaat0_.ytjpaivityspvm as ytjpaiv26_5_,
        organisaat0_.ytunnus as ytunnus27_5_ 
    from
        organisaatio organisaat0_ 
    where
        organisaat0_.oid=?
2020-06-10 18:11:43.491 TRACE 55751 --- [    Test worker] o.h.type.descriptor.sql.BasicBinder      : binding parameter [1] as [VARCHAR] - [koulutustoimija]
2020-06-10 18:11:43.491 TRACE 55751 --- [    Test worker] o.h.type.descriptor.sql.BasicExtractor   : extracted value ([id1_5_] : [BIGINT]) - [21]
Hibernate: 
    select
        organisaat0_.id as id1_5_,
        organisaat0_.version as version2_5_,
        organisaat0_.alkupvm as alkupvm3_5_,
        organisaat0_.domainnimi as domainni4_5_,
        organisaat0_.kotipaikka as kotipaik5_5_,
        organisaat0_.kuvaus_mkt as kuvaus_28_5_,
        organisaat0_.lakkautuspvm as lakkautu6_5_,
        organisaat0_.maa as maa7_5_,
        organisaat0_.metadata_id as metadat29_5_,
        organisaat0_.nimi_mkt as nimi_mk30_5_,
        organisaat0_.nimihaku as nimihaku8_5_,
        organisaat0_.oid as oid9_5_,
        organisaat0_.opetuspisteenjarjnro as opetusp10_5_,
        organisaat0_.oppilaitoskoodi as oppilai11_5_,
        organisaat0_.oppilaitos_tyyppi as oppilai12_5_,
        organisaat0_.organisaatio_poistettu as organis13_5_,
        organisaat0_.paivittaja as paivitt14_5_,
        organisaat0_.paivityspvm as paivity15_5_,
        organisaat0_.parentidpath as parenti16_5_,
        organisaat0_.parentoidpath as parento17_5_,
        organisaat0_.piilotettu as piilote18_5_,
        organisaat0_.tarkastus_pvm as tarkast19_5_,
        organisaat0_.toimipistekoodi as toimipi20_5_,
        organisaat0_.tuontipvm as tuontip21_5_,
        organisaat0_.varhaiskasvatuksen_toimipaikka_tiedot_id as varhais31_5_,
        organisaat0_.virastotunnus as virasto22_5_,
        organisaat0_.yhteishaunkoulukoodi as yhteish23_5_,
        organisaat0_.yritysmuoto as yritysm24_5_,
        organisaat0_.ytj_kieli as ytj_kie25_5_,
        organisaat0_.ytjpaivityspvm as ytjpaiv26_5_,
        organisaat0_.ytunnus as ytunnus27_5_ 
    from
        organisaatio organisaat0_ 
    where
        organisaat0_.oid=?
2020-06-10 18:11:43.492 TRACE 55751 --- [    Test worker] o.h.type.descriptor.sql.BasicBinder      : binding parameter [1] as [VARCHAR] - [koulutustoimija]
2020-06-10 18:11:43.493 TRACE 55751 --- [    Test worker] o.h.type.descriptor.sql.BasicExtractor   : extracted value ([id1_5_] : [BIGINT]) - [21]
Hibernate: 
    insert 
    into
        monikielinen_teksti
        (id, version) 
    values
        (null, ?)
2020-06-10 18:11:43.494 TRACE 55751 --- [    Test worker] o.h.type.descriptor.sql.BasicBinder      : binding parameter [1] as [BIGINT] - [0]
Hibernate: 
    insert 
    into
        monikielinen_teksti
        (id, version) 
    values
        (null, ?)
2020-06-10 18:11:43.494 TRACE 55751 --- [    Test worker] o.h.type.descriptor.sql.BasicBinder      : binding parameter [1] as [BIGINT] - [0]
Hibernate: 
    insert 
    into
        organisaatio
        (id, version, alkupvm, domainnimi, kotipaikka, kuvaus_mkt, lakkautuspvm, maa, metadata_id, nimi_mkt, nimihaku, oid, opetuspisteenjarjnro, oppilaitoskoodi, oppilaitos_tyyppi, organisaatio_poistettu, paivittaja, paivityspvm, parentidpath, parentoidpath, piilotettu, tarkastus_pvm, toimipistekoodi, tuontipvm, varhaiskasvatuksen_toimipaikka_tiedot_id, virastotunnus, yhteishaunkoulukoodi, yritysmuoto, ytj_kieli, ytjpaivityspvm, ytunnus) 
    values
        (null, ?, ?, ?, ?, ?, ?, ?, ?, ?, ?, ?, ?, ?, ?, ?, ?, ?, ?, ?, ?, ?, ?, ?, ?, ?, ?, ?, ?, ?, ?)
2020-06-10 18:11:43.495 TRACE 55751 --- [    Test worker] o.h.type.descriptor.sql.BasicBinder      : binding parameter [1] as [BIGINT] - [0]
2020-06-10 18:11:43.495 TRACE 55751 --- [    Test worker] o.h.type.descriptor.sql.BasicBinder      : binding parameter [2] as [DATE] - [Fri Dec 31 00:00:00 EET 1999]
2020-06-10 18:11:43.495 TRACE 55751 --- [    Test worker] o.h.type.descriptor.sql.BasicBinder      : binding parameter [3] as [VARCHAR] - [null]
2020-06-10 18:11:43.495 TRACE 55751 --- [    Test worker] o.h.type.descriptor.sql.BasicBinder      : binding parameter [4] as [VARCHAR] - [kunta_092]
2020-06-10 18:11:43.495 TRACE 55751 --- [    Test worker] o.h.type.descriptor.sql.BasicBinder      : binding parameter [5] as [BIGINT] - [1024]
2020-06-10 18:11:43.495 TRACE 55751 --- [    Test worker] o.h.type.descriptor.sql.BasicBinder      : binding parameter [6] as [DATE] - [null]
2020-06-10 18:11:43.495 TRACE 55751 --- [    Test worker] o.h.type.descriptor.sql.BasicBinder      : binding parameter [7] as [VARCHAR] - [maatjavaltiot1_fin]
2020-06-10 18:11:43.495 TRACE 55751 --- [    Test worker] o.h.type.descriptor.sql.BasicBinder      : binding parameter [8] as [BIGINT] - [null]
2020-06-10 18:11:43.495 TRACE 55751 --- [    Test worker] o.h.type.descriptor.sql.BasicBinder      : binding parameter [9] as [BIGINT] - [1025]
2020-06-10 18:11:43.495 TRACE 55751 --- [    Test worker] o.h.type.descriptor.sql.BasicBinder      : binding parameter [10] as [VARCHAR] - [,oppilaitos1]
2020-06-10 18:11:43.496 TRACE 55751 --- [    Test worker] o.h.type.descriptor.sql.BasicBinder      : binding parameter [11] as [VARCHAR] - [oppilaitos1]
2020-06-10 18:11:43.496 TRACE 55751 --- [    Test worker] o.h.type.descriptor.sql.BasicBinder      : binding parameter [12] as [VARCHAR] - [null]
2020-06-10 18:11:43.496 TRACE 55751 --- [    Test worker] o.h.type.descriptor.sql.BasicBinder      : binding parameter [13] as [VARCHAR] - [null]
2020-06-10 18:11:43.496 TRACE 55751 --- [    Test worker] o.h.type.descriptor.sql.BasicBinder      : binding parameter [14] as [VARCHAR] - [null]
2020-06-10 18:11:43.496 TRACE 55751 --- [    Test worker] o.h.type.descriptor.sql.BasicBinder      : binding parameter [15] as [BOOLEAN] - [false]
2020-06-10 18:11:43.496 TRACE 55751 --- [    Test worker] o.h.type.descriptor.sql.BasicBinder      : binding parameter [16] as [VARCHAR] - [ophadmin]
2020-06-10 18:11:43.496 TRACE 55751 --- [    Test worker] o.h.type.descriptor.sql.BasicBinder      : binding parameter [17] as [TIMESTAMP] - [Wed Jun 10 18:11:43 EEST 2020]
2020-06-10 18:11:43.496 TRACE 55751 --- [    Test worker] o.h.type.descriptor.sql.BasicBinder      : binding parameter [18] as [VARCHAR] - [|1|21|]
2020-06-10 18:11:43.496 TRACE 55751 --- [    Test worker] o.h.type.descriptor.sql.BasicBinder      : binding parameter [19] as [VARCHAR] - [|1.2.246.562.24.00000000001|koulutustoimija|]
2020-06-10 18:11:43.496 TRACE 55751 --- [    Test worker] o.h.type.descriptor.sql.BasicBinder      : binding parameter [20] as [BOOLEAN] - [false]
2020-06-10 18:11:43.496 TRACE 55751 --- [    Test worker] o.h.type.descriptor.sql.BasicBinder      : binding parameter [21] as [TIMESTAMP] - [null]
2020-06-10 18:11:43.496 TRACE 55751 --- [    Test worker] o.h.type.descriptor.sql.BasicBinder      : binding parameter [22] as [VARCHAR] - [null]
2020-06-10 18:11:43.496 TRACE 55751 --- [    Test worker] o.h.type.descriptor.sql.BasicBinder      : binding parameter [23] as [TIMESTAMP] - [null]
2020-06-10 18:11:43.496 TRACE 55751 --- [    Test worker] o.h.type.descriptor.sql.BasicBinder      : binding parameter [24] as [BIGINT] - [null]
2020-06-10 18:11:43.496 TRACE 55751 --- [    Test worker] o.h.type.descriptor.sql.BasicBinder      : binding parameter [25] as [VARCHAR] - [null]
2020-06-10 18:11:43.496 TRACE 55751 --- [    Test worker] o.h.type.descriptor.sql.BasicBinder      : binding parameter [26] as [VARCHAR] - [null]
2020-06-10 18:11:43.496 TRACE 55751 --- [    Test worker] o.h.type.descriptor.sql.BasicBinder      : binding parameter [27] as [VARCHAR] - [null]
2020-06-10 18:11:43.496 TRACE 55751 --- [    Test worker] o.h.type.descriptor.sql.BasicBinder      : binding parameter [28] as [VARCHAR] - [null]
2020-06-10 18:11:43.496 TRACE 55751 --- [    Test worker] o.h.type.descriptor.sql.BasicBinder      : binding parameter [29] as [DATE] - [null]
2020-06-10 18:11:43.496 TRACE 55751 --- [    Test worker] o.h.type.descriptor.sql.BasicBinder      : binding parameter [30] as [VARCHAR] - [null]
Hibernate: 
    insert 
    into
        organisaatio_nimi
        (id, version, alkupvm, nimi_mkt, organisaatio_id, paivittaja) 
    values
        (null, ?, ?, ?, ?, ?)
2020-06-10 18:11:43.497 TRACE 55751 --- [    Test worker] o.h.type.descriptor.sql.BasicBinder      : binding parameter [1] as [BIGINT] - [0]
2020-06-10 18:11:43.497 TRACE 55751 --- [    Test worker] o.h.type.descriptor.sql.BasicBinder      : binding parameter [2] as [DATE] - [Wed Jun 10 18:11:43 EEST 2020]
2020-06-10 18:11:43.497 TRACE 55751 --- [    Test worker] o.h.type.descriptor.sql.BasicBinder      : binding parameter [3] as [BIGINT] - [1025]
2020-06-10 18:11:43.497 TRACE 55751 --- [    Test worker] o.h.type.descriptor.sql.BasicBinder      : binding parameter [4] as [BIGINT] - [22]
2020-06-10 18:11:43.497 TRACE 55751 --- [    Test worker] o.h.type.descriptor.sql.BasicBinder      : binding parameter [5] as [VARCHAR] - [null]
Hibernate: 
    insert 
    into
        yhteystieto
        (id, version, kieli, organisaatio_id, yhteystieto_oid, www_osoite, dtype) 
    values
        (null, ?, ?, ?, ?, ?, 'Www')
2020-06-10 18:11:43.498 TRACE 55751 --- [    Test worker] o.h.type.descriptor.sql.BasicBinder      : binding parameter [1] as [BIGINT] - [0]
2020-06-10 18:11:43.498 TRACE 55751 --- [    Test worker] o.h.type.descriptor.sql.BasicBinder      : binding parameter [2] as [VARCHAR] - [kieli_fi#1]
2020-06-10 18:11:43.498 TRACE 55751 --- [    Test worker] o.h.type.descriptor.sql.BasicBinder      : binding parameter [3] as [BIGINT] - [22]
2020-06-10 18:11:43.498 TRACE 55751 --- [    Test worker] o.h.type.descriptor.sql.BasicBinder      : binding parameter [4] as [VARCHAR] - [15918019031430.3938879951891737]
2020-06-10 18:11:43.498 TRACE 55751 --- [    Test worker] o.h.type.descriptor.sql.BasicBinder      : binding parameter [5] as [VARCHAR] - [http://test.oph.fi]
Hibernate: 
    insert 
    into
        yhteystieto
        (id, version, kieli, organisaatio_id, yhteystieto_oid, coordinatetype, extrarivi, lat, lng, maa, osavaltio, osoite, osoite_tyyppi, postinumero, postitoimipaikka, ytjpaivityspvm, dtype) 
    values
        (null, ?, ?, ?, ?, ?, ?, ?, ?, ?, ?, ?, ?, ?, ?, ?, 'Osoite')
2020-06-10 18:11:43.499 TRACE 55751 --- [    Test worker] o.h.type.descriptor.sql.BasicBinder      : binding parameter [1] as [BIGINT] - [0]
2020-06-10 18:11:43.499 TRACE 55751 --- [    Test worker] o.h.type.descriptor.sql.BasicBinder      : binding parameter [2] as [VARCHAR] - [kieli_fi#1]
2020-06-10 18:11:43.499 TRACE 55751 --- [    Test worker] o.h.type.descriptor.sql.BasicBinder      : binding parameter [3] as [BIGINT] - [22]
2020-06-10 18:11:43.499 TRACE 55751 --- [    Test worker] o.h.type.descriptor.sql.BasicBinder      : binding parameter [4] as [VARCHAR] - [1.2.246.562.5.70778071716]
2020-06-10 18:11:43.499 TRACE 55751 --- [    Test worker] o.h.type.descriptor.sql.BasicBinder      : binding parameter [5] as [VARCHAR] - [null]
2020-06-10 18:11:43.499 TRACE 55751 --- [    Test worker] o.h.type.descriptor.sql.BasicBinder      : binding parameter [6] as [VARCHAR] - [null]
2020-06-10 18:11:43.499 TRACE 55751 --- [    Test worker] o.h.type.descriptor.sql.BasicBinder      : binding parameter [7] as [DOUBLE] - [null]
2020-06-10 18:11:43.499 TRACE 55751 --- [    Test worker] o.h.type.descriptor.sql.BasicBinder      : binding parameter [8] as [DOUBLE] - [null]
2020-06-10 18:11:43.499 TRACE 55751 --- [    Test worker] o.h.type.descriptor.sql.BasicBinder      : binding parameter [9] as [VARCHAR] - [null]
2020-06-10 18:11:43.499 TRACE 55751 --- [    Test worker] o.h.type.descriptor.sql.BasicBinder      : binding parameter [10] as [VARCHAR] - [null]
2020-06-10 18:11:43.499 TRACE 55751 --- [    Test worker] o.h.type.descriptor.sql.BasicBinder      : binding parameter [11] as [VARCHAR] - [Postiosoite 1A]
2020-06-10 18:11:43.499 TRACE 55751 --- [    Test worker] o.h.type.descriptor.sql.BasicBinder      : binding parameter [12] as [VARCHAR] - [posti]
2020-06-10 18:11:43.499 TRACE 55751 --- [    Test worker] o.h.type.descriptor.sql.BasicBinder      : binding parameter [13] as [VARCHAR] - [00550]
2020-06-10 18:11:43.499 TRACE 55751 --- [    Test worker] o.h.type.descriptor.sql.BasicBinder      : binding parameter [14] as [VARCHAR] - [Helsinki]
2020-06-10 18:11:43.499 TRACE 55751 --- [    Test worker] o.h.type.descriptor.sql.BasicBinder      : binding parameter [15] as [DATE] - [null]
Hibernate: 
    insert 
    into
        yhteystieto
        (id, version, kieli, organisaatio_id, yhteystieto_oid, coordinatetype, extrarivi, lat, lng, maa, osavaltio, osoite, osoite_tyyppi, postinumero, postitoimipaikka, ytjpaivityspvm, dtype) 
    values
        (null, ?, ?, ?, ?, ?, ?, ?, ?, ?, ?, ?, ?, ?, ?, ?, 'Osoite')
2020-06-10 18:11:43.500 TRACE 55751 --- [    Test worker] o.h.type.descriptor.sql.BasicBinder      : binding parameter [1] as [BIGINT] - [0]
2020-06-10 18:11:43.500 TRACE 55751 --- [    Test worker] o.h.type.descriptor.sql.BasicBinder      : binding parameter [2] as [VARCHAR] - [kieli_fi#1]
2020-06-10 18:11:43.500 TRACE 55751 --- [    Test worker] o.h.type.descriptor.sql.BasicBinder      : binding parameter [3] as [BIGINT] - [22]
2020-06-10 18:11:43.500 TRACE 55751 --- [    Test worker] o.h.type.descriptor.sql.BasicBinder      : binding parameter [4] as [VARCHAR] - [1.2.246.562.5.99808432572]
2020-06-10 18:11:43.500 TRACE 55751 --- [    Test worker] o.h.type.descriptor.sql.BasicBinder      : binding parameter [5] as [VARCHAR] - [null]
2020-06-10 18:11:43.500 TRACE 55751 --- [    Test worker] o.h.type.descriptor.sql.BasicBinder      : binding parameter [6] as [VARCHAR] - [null]
2020-06-10 18:11:43.500 TRACE 55751 --- [    Test worker] o.h.type.descriptor.sql.BasicBinder      : binding parameter [7] as [DOUBLE] - [null]
2020-06-10 18:11:43.500 TRACE 55751 --- [    Test worker] o.h.type.descriptor.sql.BasicBinder      : binding parameter [8] as [DOUBLE] - [null]
2020-06-10 18:11:43.500 TRACE 55751 --- [    Test worker] o.h.type.descriptor.sql.BasicBinder      : binding parameter [9] as [VARCHAR] - [null]
2020-06-10 18:11:43.500 TRACE 55751 --- [    Test worker] o.h.type.descriptor.sql.BasicBinder      : binding parameter [10] as [VARCHAR] - [null]
2020-06-10 18:11:43.500 TRACE 55751 --- [    Test worker] o.h.type.descriptor.sql.BasicBinder      : binding parameter [11] as [VARCHAR] - [Kayntiosoite 2B]
2020-06-10 18:11:43.500 TRACE 55751 --- [    Test worker] o.h.type.descriptor.sql.BasicBinder      : binding parameter [12] as [VARCHAR] - [kaynti]
2020-06-10 18:11:43.500 TRACE 55751 --- [    Test worker] o.h.type.descriptor.sql.BasicBinder      : binding parameter [13] as [VARCHAR] - [posti_00550]
2020-06-10 18:11:43.500 TRACE 55751 --- [    Test worker] o.h.type.descriptor.sql.BasicBinder      : binding parameter [14] as [VARCHAR] - [Helsinki]
2020-06-10 18:11:43.500 TRACE 55751 --- [    Test worker] o.h.type.descriptor.sql.BasicBinder      : binding parameter [15] as [DATE] - [null]
Hibernate: 
    insert 
    into
        yhteystieto
        (id, version, kieli, organisaatio_id, yhteystieto_oid, puhelinnumero, tyyppi, dtype) 
    values
        (null, ?, ?, ?, ?, ?, ?, 'Puhelinnumero')
2020-06-10 18:11:43.500 TRACE 55751 --- [    Test worker] o.h.type.descriptor.sql.BasicBinder      : binding parameter [1] as [BIGINT] - [0]
2020-06-10 18:11:43.500 TRACE 55751 --- [    Test worker] o.h.type.descriptor.sql.BasicBinder      : binding parameter [2] as [VARCHAR] - [kieli_fi#1]
2020-06-10 18:11:43.500 TRACE 55751 --- [    Test worker] o.h.type.descriptor.sql.BasicBinder      : binding parameter [3] as [BIGINT] - [22]
2020-06-10 18:11:43.500 TRACE 55751 --- [    Test worker] o.h.type.descriptor.sql.BasicBinder      : binding parameter [4] as [VARCHAR] - [1.2.246.562.5.85718924649]
2020-06-10 18:11:43.500 TRACE 55751 --- [    Test worker] o.h.type.descriptor.sql.BasicBinder      : binding parameter [5] as [VARCHAR] - [123]
2020-06-10 18:11:43.500 TRACE 55751 --- [    Test worker] o.h.type.descriptor.sql.BasicBinder      : binding parameter [6] as [VARCHAR] - [puhelin]
Hibernate: 
    insert 
    into
        yhteystieto
        (id, version, kieli, organisaatio_id, yhteystieto_oid, email, dtype) 
    values
        (null, ?, ?, ?, ?, ?, 'Email')
2020-06-10 18:11:43.501 TRACE 55751 --- [    Test worker] o.h.type.descriptor.sql.BasicBinder      : binding parameter [1] as [BIGINT] - [0]
2020-06-10 18:11:43.501 TRACE 55751 --- [    Test worker] o.h.type.descriptor.sql.BasicBinder      : binding parameter [2] as [VARCHAR] - [kieli_fi#1]
2020-06-10 18:11:43.501 TRACE 55751 --- [    Test worker] o.h.type.descriptor.sql.BasicBinder      : binding parameter [3] as [BIGINT] - [22]
2020-06-10 18:11:43.501 TRACE 55751 --- [    Test worker] o.h.type.descriptor.sql.BasicBinder      : binding parameter [4] as [VARCHAR] - [15918019031440.4480721121598823]
2020-06-10 18:11:43.501 TRACE 55751 --- [    Test worker] o.h.type.descriptor.sql.BasicBinder      : binding parameter [5] as [VARCHAR] - [asd@asd.asd]
2020-06-10 18:11:43.502  INFO 55751 --- [    Test worker] .s.o.r.i.OrganisaatioSuhdeRepositoryImpl : findParentTo(22, Wed Jun 10 18:11:43 EEST 2020)
Hibernate: 
    update
        organisaatio 
    set
        version=?,
        alkupvm=?,
        domainnimi=?,
        kotipaikka=?,
        kuvaus_mkt=?,
        lakkautuspvm=?,
        maa=?,
        metadata_id=?,
        nimi_mkt=?,
        nimihaku=?,
        oid=?,
        opetuspisteenjarjnro=?,
        oppilaitoskoodi=?,
        oppilaitos_tyyppi=?,
        organisaatio_poistettu=?,
        paivittaja=?,
        paivityspvm=?,
        parentidpath=?,
        parentoidpath=?,
        piilotettu=?,
        tarkastus_pvm=?,
        toimipistekoodi=?,
        tuontipvm=?,
        varhaiskasvatuksen_toimipaikka_tiedot_id=?,
        virastotunnus=?,
        yhteishaunkoulukoodi=?,
        yritysmuoto=?,
        ytj_kieli=?,
        ytjpaivityspvm=?,
        ytunnus=? 
    where
        id=? 
        and version=?
2020-06-10 18:11:43.503 TRACE 55751 --- [    Test worker] o.h.type.descriptor.sql.BasicBinder      : binding parameter [1] as [BIGINT] - [1]
2020-06-10 18:11:43.503 TRACE 55751 --- [    Test worker] o.h.type.descriptor.sql.BasicBinder      : binding parameter [2] as [DATE] - [Fri Dec 31 00:00:00 EET 1999]
2020-06-10 18:11:43.503 TRACE 55751 --- [    Test worker] o.h.type.descriptor.sql.BasicBinder      : binding parameter [3] as [VARCHAR] - [null]
2020-06-10 18:11:43.503 TRACE 55751 --- [    Test worker] o.h.type.descriptor.sql.BasicBinder      : binding parameter [4] as [VARCHAR] - [kunta_092]
2020-06-10 18:11:43.503 TRACE 55751 --- [    Test worker] o.h.type.descriptor.sql.BasicBinder      : binding parameter [5] as [BIGINT] - [1024]
2020-06-10 18:11:43.503 TRACE 55751 --- [    Test worker] o.h.type.descriptor.sql.BasicBinder      : binding parameter [6] as [DATE] - [null]
2020-06-10 18:11:43.503 TRACE 55751 --- [    Test worker] o.h.type.descriptor.sql.BasicBinder      : binding parameter [7] as [VARCHAR] - [maatjavaltiot1_fin]
2020-06-10 18:11:43.503 TRACE 55751 --- [    Test worker] o.h.type.descriptor.sql.BasicBinder      : binding parameter [8] as [BIGINT] - [null]
2020-06-10 18:11:43.503 TRACE 55751 --- [    Test worker] o.h.type.descriptor.sql.BasicBinder      : binding parameter [9] as [BIGINT] - [1025]
2020-06-10 18:11:43.503 TRACE 55751 --- [    Test worker] o.h.type.descriptor.sql.BasicBinder      : binding parameter [10] as [VARCHAR] - [,oppilaitos1]
2020-06-10 18:11:43.503 TRACE 55751 --- [    Test worker] o.h.type.descriptor.sql.BasicBinder      : binding parameter [11] as [VARCHAR] - [oppilaitos1]
2020-06-10 18:11:43.503 TRACE 55751 --- [    Test worker] o.h.type.descriptor.sql.BasicBinder      : binding parameter [12] as [VARCHAR] - [null]
2020-06-10 18:11:43.503 TRACE 55751 --- [    Test worker] o.h.type.descriptor.sql.BasicBinder      : binding parameter [13] as [VARCHAR] - [null]
2020-06-10 18:11:43.503 TRACE 55751 --- [    Test worker] o.h.type.descriptor.sql.BasicBinder      : binding parameter [14] as [VARCHAR] - [null]
2020-06-10 18:11:43.503 TRACE 55751 --- [    Test worker] o.h.type.descriptor.sql.BasicBinder      : binding parameter [15] as [BOOLEAN] - [false]
2020-06-10 18:11:43.503 TRACE 55751 --- [    Test worker] o.h.type.descriptor.sql.BasicBinder      : binding parameter [16] as [VARCHAR] - [ophadmin]
2020-06-10 18:11:43.504 TRACE 55751 --- [    Test worker] o.h.type.descriptor.sql.BasicBinder      : binding parameter [17] as [TIMESTAMP] - [Wed Jun 10 18:11:43 EEST 2020]
2020-06-10 18:11:43.504 TRACE 55751 --- [    Test worker] o.h.type.descriptor.sql.BasicBinder      : binding parameter [18] as [VARCHAR] - [|1|21|]
2020-06-10 18:11:43.504 TRACE 55751 --- [    Test worker] o.h.type.descriptor.sql.BasicBinder      : binding parameter [19] as [VARCHAR] - [|1.2.246.562.24.00000000001|koulutustoimija|]
2020-06-10 18:11:43.504 TRACE 55751 --- [    Test worker] o.h.type.descriptor.sql.BasicBinder      : binding parameter [20] as [BOOLEAN] - [false]
2020-06-10 18:11:43.504 TRACE 55751 --- [    Test worker] o.h.type.descriptor.sql.BasicBinder      : binding parameter [21] as [TIMESTAMP] - [null]
2020-06-10 18:11:43.504 TRACE 55751 --- [    Test worker] o.h.type.descriptor.sql.BasicBinder      : binding parameter [22] as [VARCHAR] - [null]
2020-06-10 18:11:43.504 TRACE 55751 --- [    Test worker] o.h.type.descriptor.sql.BasicBinder      : binding parameter [23] as [TIMESTAMP] - [null]
2020-06-10 18:11:43.504 TRACE 55751 --- [    Test worker] o.h.type.descriptor.sql.BasicBinder      : binding parameter [24] as [BIGINT] - [null]
2020-06-10 18:11:43.504 TRACE 55751 --- [    Test worker] o.h.type.descriptor.sql.BasicBinder      : binding parameter [25] as [VARCHAR] - [null]
2020-06-10 18:11:43.504 TRACE 55751 --- [    Test worker] o.h.type.descriptor.sql.BasicBinder      : binding parameter [26] as [VARCHAR] - [null]
2020-06-10 18:11:43.504 TRACE 55751 --- [    Test worker] o.h.type.descriptor.sql.BasicBinder      : binding parameter [27] as [VARCHAR] - [null]
2020-06-10 18:11:43.504 TRACE 55751 --- [    Test worker] o.h.type.descriptor.sql.BasicBinder      : binding parameter [28] as [VARCHAR] - [null]
2020-06-10 18:11:43.504 TRACE 55751 --- [    Test worker] o.h.type.descriptor.sql.BasicBinder      : binding parameter [29] as [DATE] - [null]
2020-06-10 18:11:43.504 TRACE 55751 --- [    Test worker] o.h.type.descriptor.sql.BasicBinder      : binding parameter [30] as [VARCHAR] - [null]
2020-06-10 18:11:43.504 TRACE 55751 --- [    Test worker] o.h.type.descriptor.sql.BasicBinder      : binding parameter [31] as [BIGINT] - [22]
2020-06-10 18:11:43.504 TRACE 55751 --- [    Test worker] o.h.type.descriptor.sql.BasicBinder      : binding parameter [32] as [BIGINT] - [0]
Hibernate: 
    insert 
    into
        organisaatio_kielet
        (organisaatio_id, kielet) 
    values
        (?, ?)
2020-06-10 18:11:43.504 TRACE 55751 --- [    Test worker] o.h.type.descriptor.sql.BasicBinder      : binding parameter [1] as [BIGINT] - [22]
2020-06-10 18:11:43.504 TRACE 55751 --- [    Test worker] o.h.type.descriptor.sql.BasicBinder      : binding parameter [2] as [VARCHAR] - [oppilaitoksenopetuskieli_1#1]
Hibernate: 
    insert 
    into
        organisaatio_tyypit
        (organisaatio_id, tyypit) 
    values
        (?, ?)
2020-06-10 18:11:43.505 TRACE 55751 --- [    Test worker] o.h.type.descriptor.sql.BasicBinder      : binding parameter [1] as [BIGINT] - [22]
2020-06-10 18:11:43.505 TRACE 55751 --- [    Test worker] o.h.type.descriptor.sql.BasicBinder      : binding parameter [2] as [VARCHAR] - [organisaatiotyyppi_02]
Hibernate: 
    insert 
    into
        monikielinen_teksti_values
        (id, key, value) 
    values
        (?, ?, ?)
2020-06-10 18:11:43.505 TRACE 55751 --- [    Test worker] o.h.type.descriptor.sql.BasicBinder      : binding parameter [1] as [BIGINT] - [1025]
2020-06-10 18:11:43.505 TRACE 55751 --- [    Test worker] o.h.type.descriptor.sql.BasicBinder      : binding parameter [2] as [VARCHAR] - [fi]
2020-06-10 18:11:43.505 TRACE 55751 --- [    Test worker] o.h.type.descriptor.sql.BasicBinder      : binding parameter [3] as [VARCHAR] - [oppilaitos1]
Hibernate: 
    select
        organisaat0_.id as id1_19_0_,
        organisaat1_.id as id1_5_1_,
        organisaat0_.version as version2_19_0_,
        organisaat0_.alkupvm as alkupvm3_19_0_,
        organisaat0_.child_id as child_id7_19_0_,
        organisaat0_.loppupvm as loppupvm4_19_0_,
        organisaat0_.opetuspisteenjarjnro as opetuspi5_19_0_,
        organisaat0_.parent_id as parent_i8_19_0_,
        organisaat0_.suhdetyyppi as suhdetyy6_19_0_,
        organisaat1_.version as version2_5_1_,
        organisaat1_.alkupvm as alkupvm3_5_1_,
        organisaat1_.domainnimi as domainni4_5_1_,
        organisaat1_.kotipaikka as kotipaik5_5_1_,
        organisaat1_.kuvaus_mkt as kuvaus_28_5_1_,
        organisaat1_.lakkautuspvm as lakkautu6_5_1_,
        organisaat1_.maa as maa7_5_1_,
        organisaat1_.metadata_id as metadat29_5_1_,
        organisaat1_.nimi_mkt as nimi_mk30_5_1_,
        organisaat1_.nimihaku as nimihaku8_5_1_,
        organisaat1_.oid as oid9_5_1_,
        organisaat1_.opetuspisteenjarjnro as opetusp10_5_1_,
        organisaat1_.oppilaitoskoodi as oppilai11_5_1_,
        organisaat1_.oppilaitos_tyyppi as oppilai12_5_1_,
        organisaat1_.organisaatio_poistettu as organis13_5_1_,
        organisaat1_.paivittaja as paivitt14_5_1_,
        organisaat1_.paivityspvm as paivity15_5_1_,
        organisaat1_.parentidpath as parenti16_5_1_,
        organisaat1_.parentoidpath as parento17_5_1_,
        organisaat1_.piilotettu as piilote18_5_1_,
        organisaat1_.tarkastus_pvm as tarkast19_5_1_,
        organisaat1_.toimipistekoodi as toimipi20_5_1_,
        organisaat1_.tuontipvm as tuontip21_5_1_,
        organisaat1_.varhaiskasvatuksen_toimipaikka_tiedot_id as varhais31_5_1_,
        organisaat1_.virastotunnus as virasto22_5_1_,
        organisaat1_.yhteishaunkoulukoodi as yhteish23_5_1_,
        organisaat1_.yritysmuoto as yritysm24_5_1_,
        organisaat1_.ytj_kieli as ytj_kie25_5_1_,
        organisaat1_.ytjpaivityspvm as ytjpaiv26_5_1_,
        organisaat1_.ytunnus as ytunnus27_5_1_ 
    from
        organisaatiosuhde organisaat0_ 
    inner join
        organisaatio organisaat1_ 
            on organisaat0_.parent_id=organisaat1_.id 
    where
        organisaat0_.child_id=? 
        and organisaat0_.suhdetyyppi=? 
        and (
            organisaat0_.alkupvm=? 
            or organisaat0_.alkupvm<?
        ) 
        and (
            organisaat0_.loppupvm is null 
            or organisaat0_.loppupvm>?
        ) 
        and organisaat1_.organisaatio_poistettu=? 
    order by
        organisaat0_.alkupvm desc
2020-06-10 18:11:43.505 TRACE 55751 --- [    Test worker] o.h.type.descriptor.sql.BasicBinder      : binding parameter [1] as [BIGINT] - [22]
2020-06-10 18:11:43.505 TRACE 55751 --- [    Test worker] o.h.type.descriptor.sql.BasicBinder      : binding parameter [2] as [VARCHAR] - [HISTORIA]
2020-06-10 18:11:43.505 TRACE 55751 --- [    Test worker] o.h.type.descriptor.sql.BasicBinder      : binding parameter [3] as [DATE] - [Wed Jun 10 18:11:43 EEST 2020]
2020-06-10 18:11:43.505 TRACE 55751 --- [    Test worker] o.h.type.descriptor.sql.BasicBinder      : binding parameter [4] as [DATE] - [Wed Jun 10 18:11:43 EEST 2020]
2020-06-10 18:11:43.505 TRACE 55751 --- [    Test worker] o.h.type.descriptor.sql.BasicBinder      : binding parameter [5] as [DATE] - [Wed Jun 10 18:11:43 EEST 2020]
2020-06-10 18:11:43.506 TRACE 55751 --- [    Test worker] o.h.type.descriptor.sql.BasicBinder      : binding parameter [6] as [BOOLEAN] - [false]
2020-06-10 18:11:43.506  INFO 55751 --- [    Test worker] .s.o.r.i.OrganisaatioSuhdeRepositoryImpl : addChild(21, 22, Wed Jun 10 18:11:43 EEST 2020)
Hibernate: 
    insert 
    into
        organisaatiosuhde
        (id, version, alkupvm, child_id, loppupvm, opetuspisteenjarjnro, parent_id, suhdetyyppi) 
    values
        (null, ?, ?, ?, ?, ?, ?, ?)
2020-06-10 18:11:43.507 TRACE 55751 --- [    Test worker] o.h.type.descriptor.sql.BasicBinder      : binding parameter [1] as [BIGINT] - [0]
2020-06-10 18:11:43.507 TRACE 55751 --- [    Test worker] o.h.type.descriptor.sql.BasicBinder      : binding parameter [2] as [DATE] - [Wed Jun 10 18:11:43 EEST 2020]
2020-06-10 18:11:43.507 TRACE 55751 --- [    Test worker] o.h.type.descriptor.sql.BasicBinder      : binding parameter [3] as [BIGINT] - [22]
2020-06-10 18:11:43.507 TRACE 55751 --- [    Test worker] o.h.type.descriptor.sql.BasicBinder      : binding parameter [4] as [DATE] - [null]
2020-06-10 18:11:43.507 TRACE 55751 --- [    Test worker] o.h.type.descriptor.sql.BasicBinder      : binding parameter [5] as [VARCHAR] - [null]
2020-06-10 18:11:43.507 TRACE 55751 --- [    Test worker] o.h.type.descriptor.sql.BasicBinder      : binding parameter [6] as [BIGINT] - [21]
2020-06-10 18:11:43.507 TRACE 55751 --- [    Test worker] o.h.type.descriptor.sql.BasicBinder      : binding parameter [7] as [VARCHAR] - [HISTORIA]
2020-06-10 18:11:43.507  INFO 55751 --- [    Test worker] .s.o.r.i.OrganisaatioSuhdeRepositoryImpl :     Created new child relation:  --> pId=21, cId=22, aPvm=Wed Jun 10 18:11:43 EEST 2020, lPvm=null
Hibernate: 
    select
        organisaat0_.id as id1_19_,
        organisaat0_.version as version2_19_,
        organisaat0_.alkupvm as alkupvm3_19_,
        organisaat0_.child_id as child_id7_19_,
        organisaat0_.loppupvm as loppupvm4_19_,
        organisaat0_.opetuspisteenjarjnro as opetuspi5_19_,
        organisaat0_.parent_id as parent_i8_19_,
        organisaat0_.suhdetyyppi as suhdetyy6_19_ 
    from
        organisaatiosuhde organisaat0_ 
    where
        organisaat0_.child_id=?
2020-06-10 18:11:43.508 TRACE 55751 --- [    Test worker] o.h.type.descriptor.sql.BasicBinder      : binding parameter [1] as [BIGINT] - [22]
2020-06-10 18:11:43.508 TRACE 55751 --- [    Test worker] o.h.type.descriptor.sql.BasicExtractor   : extracted value ([id1_19_] : [BIGINT]) - [23]
Hibernate: 
    select
        organisaat0_.id as id1_5_,
        organisaat0_.version as version2_5_,
        organisaat0_.alkupvm as alkupvm3_5_,
        organisaat0_.domainnimi as domainni4_5_,
        organisaat0_.kotipaikka as kotipaik5_5_,
        organisaat0_.kuvaus_mkt as kuvaus_28_5_,
        organisaat0_.lakkautuspvm as lakkautu6_5_,
        organisaat0_.maa as maa7_5_,
        organisaat0_.metadata_id as metadat29_5_,
        organisaat0_.nimi_mkt as nimi_mk30_5_,
        organisaat0_.nimihaku as nimihaku8_5_,
        organisaat0_.oid as oid9_5_,
        organisaat0_.opetuspisteenjarjnro as opetusp10_5_,
        organisaat0_.oppilaitoskoodi as oppilai11_5_,
        organisaat0_.oppilaitos_tyyppi as oppilai12_5_,
        organisaat0_.organisaatio_poistettu as organis13_5_,
        organisaat0_.paivittaja as paivitt14_5_,
        organisaat0_.paivityspvm as paivity15_5_,
        organisaat0_.parentidpath as parenti16_5_,
        organisaat0_.parentoidpath as parento17_5_,
        organisaat0_.piilotettu as piilote18_5_,
        organisaat0_.tarkastus_pvm as tarkast19_5_,
        organisaat0_.toimipistekoodi as toimipi20_5_,
        organisaat0_.tuontipvm as tuontip21_5_,
        organisaat0_.varhaiskasvatuksen_toimipaikka_tiedot_id as varhais31_5_,
        organisaat0_.virastotunnus as virasto22_5_,
        organisaat0_.yhteishaunkoulukoodi as yhteish23_5_,
        organisaat0_.yritysmuoto as yritysm24_5_,
        organisaat0_.ytj_kieli as ytj_kie25_5_,
        organisaat0_.ytjpaivityspvm as ytjpaiv26_5_,
        organisaat0_.ytunnus as ytunnus27_5_ 
    from
        organisaatio organisaat0_ 
    where
        organisaat0_.oid=?
2020-06-10 18:11:43.509 TRACE 55751 --- [    Test worker] o.h.type.descriptor.sql.BasicBinder      : binding parameter [1] as [VARCHAR] - [oppilaitos1]
2020-06-10 18:11:43.509 TRACE 55751 --- [    Test worker] o.h.type.descriptor.sql.BasicExtractor   : extracted value ([id1_5_] : [BIGINT]) - [22]
Hibernate: 
    select
        organisaat0_.id as id1_5_,
        organisaat0_.version as version2_5_,
        organisaat0_.alkupvm as alkupvm3_5_,
        organisaat0_.domainnimi as domainni4_5_,
        organisaat0_.kotipaikka as kotipaik5_5_,
        organisaat0_.kuvaus_mkt as kuvaus_28_5_,
        organisaat0_.lakkautuspvm as lakkautu6_5_,
        organisaat0_.maa as maa7_5_,
        organisaat0_.metadata_id as metadat29_5_,
        organisaat0_.nimi_mkt as nimi_mk30_5_,
        organisaat0_.nimihaku as nimihaku8_5_,
        organisaat0_.oid as oid9_5_,
        organisaat0_.opetuspisteenjarjnro as opetusp10_5_,
        organisaat0_.oppilaitoskoodi as oppilai11_5_,
        organisaat0_.oppilaitos_tyyppi as oppilai12_5_,
        organisaat0_.organisaatio_poistettu as organis13_5_,
        organisaat0_.paivittaja as paivitt14_5_,
        organisaat0_.paivityspvm as paivity15_5_,
        organisaat0_.parentidpath as parenti16_5_,
        organisaat0_.parentoidpath as parento17_5_,
        organisaat0_.piilotettu as piilote18_5_,
        organisaat0_.tarkastus_pvm as tarkast19_5_,
        organisaat0_.toimipistekoodi as toimipi20_5_,
        organisaat0_.tuontipvm as tuontip21_5_,
        organisaat0_.varhaiskasvatuksen_toimipaikka_tiedot_id as varhais31_5_,
        organisaat0_.virastotunnus as virasto22_5_,
        organisaat0_.yhteishaunkoulukoodi as yhteish23_5_,
        organisaat0_.yritysmuoto as yritysm24_5_,
        organisaat0_.ytj_kieli as ytj_kie25_5_,
        organisaat0_.ytjpaivityspvm as ytjpaiv26_5_,
        organisaat0_.ytunnus as ytunnus27_5_ 
    from
        organisaatio organisaat0_ 
    where
        organisaat0_.oid=?
2020-06-10 18:11:43.512 TRACE 55751 --- [    Test worker] o.h.type.descriptor.sql.BasicBinder      : binding parameter [1] as [VARCHAR] - [toimipiste1]
Hibernate: 
    select
        organisaat0_.id as id1_5_,
        organisaat0_.version as version2_5_,
        organisaat0_.alkupvm as alkupvm3_5_,
        organisaat0_.domainnimi as domainni4_5_,
        organisaat0_.kotipaikka as kotipaik5_5_,
        organisaat0_.kuvaus_mkt as kuvaus_28_5_,
        organisaat0_.lakkautuspvm as lakkautu6_5_,
        organisaat0_.maa as maa7_5_,
        organisaat0_.metadata_id as metadat29_5_,
        organisaat0_.nimi_mkt as nimi_mk30_5_,
        organisaat0_.nimihaku as nimihaku8_5_,
        organisaat0_.oid as oid9_5_,
        organisaat0_.opetuspisteenjarjnro as opetusp10_5_,
        organisaat0_.oppilaitoskoodi as oppilai11_5_,
        organisaat0_.oppilaitos_tyyppi as oppilai12_5_,
        organisaat0_.organisaatio_poistettu as organis13_5_,
        organisaat0_.paivittaja as paivitt14_5_,
        organisaat0_.paivityspvm as paivity15_5_,
        organisaat0_.parentidpath as parenti16_5_,
        organisaat0_.parentoidpath as parento17_5_,
        organisaat0_.piilotettu as piilote18_5_,
        organisaat0_.tarkastus_pvm as tarkast19_5_,
        organisaat0_.toimipistekoodi as toimipi20_5_,
        organisaat0_.tuontipvm as tuontip21_5_,
        organisaat0_.varhaiskasvatuksen_toimipaikka_tiedot_id as varhais31_5_,
        organisaat0_.virastotunnus as virasto22_5_,
        organisaat0_.yhteishaunkoulukoodi as yhteish23_5_,
        organisaat0_.yritysmuoto as yritysm24_5_,
        organisaat0_.ytj_kieli as ytj_kie25_5_,
        organisaat0_.ytjpaivityspvm as ytjpaiv26_5_,
        organisaat0_.ytunnus as ytunnus27_5_ 
    from
        organisaatio organisaat0_ 
    where
        organisaat0_.oid=?
2020-06-10 18:11:43.513 TRACE 55751 --- [    Test worker] o.h.type.descriptor.sql.BasicBinder      : binding parameter [1] as [VARCHAR] - [oppilaitos1]
2020-06-10 18:11:43.514 TRACE 55751 --- [    Test worker] o.h.type.descriptor.sql.BasicExtractor   : extracted value ([id1_5_] : [BIGINT]) - [22]
2020-06-10 18:11:43.755  WARN 55751 --- [    Test worker] fi.vm.sade.javautils.http.OphHttpClient  : Failed to CAS authenticate. Renewing proxy ticket.
Hibernate: 
    select
        organisaat0_.id as id1_5_,
        organisaat0_.version as version2_5_,
        organisaat0_.alkupvm as alkupvm3_5_,
        organisaat0_.domainnimi as domainni4_5_,
        organisaat0_.kotipaikka as kotipaik5_5_,
        organisaat0_.kuvaus_mkt as kuvaus_28_5_,
        organisaat0_.lakkautuspvm as lakkautu6_5_,
        organisaat0_.maa as maa7_5_,
        organisaat0_.metadata_id as metadat29_5_,
        organisaat0_.nimi_mkt as nimi_mk30_5_,
        organisaat0_.nimihaku as nimihaku8_5_,
        organisaat0_.oid as oid9_5_,
        organisaat0_.opetuspisteenjarjnro as opetusp10_5_,
        organisaat0_.oppilaitoskoodi as oppilai11_5_,
        organisaat0_.oppilaitos_tyyppi as oppilai12_5_,
        organisaat0_.organisaatio_poistettu as organis13_5_,
        organisaat0_.paivittaja as paivitt14_5_,
        organisaat0_.paivityspvm as paivity15_5_,
        organisaat0_.parentidpath as parenti16_5_,
        organisaat0_.parentoidpath as parento17_5_,
        organisaat0_.piilotettu as piilote18_5_,
        organisaat0_.tarkastus_pvm as tarkast19_5_,
        organisaat0_.toimipistekoodi as toimipi20_5_,
        organisaat0_.tuontipvm as tuontip21_5_,
        organisaat0_.varhaiskasvatuksen_toimipaikka_tiedot_id as varhais31_5_,
        organisaat0_.virastotunnus as virasto22_5_,
        organisaat0_.yhteishaunkoulukoodi as yhteish23_5_,
        organisaat0_.yritysmuoto as yritysm24_5_,
        organisaat0_.ytj_kieli as ytj_kie25_5_,
        organisaat0_.ytjpaivityspvm as ytjpaiv26_5_,
        organisaat0_.ytunnus as ytunnus27_5_ 
    from
        organisaatio organisaat0_ 
    where
        organisaat0_.oid=?
2020-06-10 18:11:43.862 TRACE 55751 --- [    Test worker] o.h.type.descriptor.sql.BasicBinder      : binding parameter [1] as [VARCHAR] - [oppilaitos1]
2020-06-10 18:11:43.862 TRACE 55751 --- [    Test worker] o.h.type.descriptor.sql.BasicExtractor   : extracted value ([id1_5_] : [BIGINT]) - [22]
2020-06-10 18:11:43.862  WARN 55751 --- [    Test worker] f.v.s.o.b.i.OrganisaatioBusinessChecker  : Invalid organisation name format: For toimipiste, name must be prefixed with parent name (lang:fi, name:toimipiste1, parentname:oppilaitos1)
Hibernate: 
    select
        organisaat0_.id as id1_5_,
        organisaat0_.version as version2_5_,
        organisaat0_.alkupvm as alkupvm3_5_,
        organisaat0_.domainnimi as domainni4_5_,
        organisaat0_.kotipaikka as kotipaik5_5_,
        organisaat0_.kuvaus_mkt as kuvaus_28_5_,
        organisaat0_.lakkautuspvm as lakkautu6_5_,
        organisaat0_.maa as maa7_5_,
        organisaat0_.metadata_id as metadat29_5_,
        organisaat0_.nimi_mkt as nimi_mk30_5_,
        organisaat0_.nimihaku as nimihaku8_5_,
        organisaat0_.oid as oid9_5_,
        organisaat0_.opetuspisteenjarjnro as opetusp10_5_,
        organisaat0_.oppilaitoskoodi as oppilai11_5_,
        organisaat0_.oppilaitos_tyyppi as oppilai12_5_,
        organisaat0_.organisaatio_poistettu as organis13_5_,
        organisaat0_.paivittaja as paivitt14_5_,
        organisaat0_.paivityspvm as paivity15_5_,
        organisaat0_.parentidpath as parenti16_5_,
        organisaat0_.parentoidpath as parento17_5_,
        organisaat0_.piilotettu as piilote18_5_,
        organisaat0_.tarkastus_pvm as tarkast19_5_,
        organisaat0_.toimipistekoodi as toimipi20_5_,
        organisaat0_.tuontipvm as tuontip21_5_,
        organisaat0_.varhaiskasvatuksen_toimipaikka_tiedot_id as varhais31_5_,
        organisaat0_.virastotunnus as virasto22_5_,
        organisaat0_.yhteishaunkoulukoodi as yhteish23_5_,
        organisaat0_.yritysmuoto as yritysm24_5_,
        organisaat0_.ytj_kieli as ytj_kie25_5_,
        organisaat0_.ytjpaivityspvm as ytjpaiv26_5_,
        organisaat0_.ytunnus as ytunnus27_5_ 
    from
        organisaatio organisaat0_ 
    where
        organisaat0_.oid=?
2020-06-10 18:11:43.864 TRACE 55751 --- [    Test worker] o.h.type.descriptor.sql.BasicBinder      : binding parameter [1] as [VARCHAR] - [oppilaitos1]
2020-06-10 18:11:43.864 TRACE 55751 --- [    Test worker] o.h.type.descriptor.sql.BasicExtractor   : extracted value ([id1_5_] : [BIGINT]) - [22]
Hibernate: 
    select
        organisaat0_.id as id1_5_,
        organisaat0_.version as version2_5_,
        organisaat0_.alkupvm as alkupvm3_5_,
        organisaat0_.domainnimi as domainni4_5_,
        organisaat0_.kotipaikka as kotipaik5_5_,
        organisaat0_.kuvaus_mkt as kuvaus_28_5_,
        organisaat0_.lakkautuspvm as lakkautu6_5_,
        organisaat0_.maa as maa7_5_,
        organisaat0_.metadata_id as metadat29_5_,
        organisaat0_.nimi_mkt as nimi_mk30_5_,
        organisaat0_.nimihaku as nimihaku8_5_,
        organisaat0_.oid as oid9_5_,
        organisaat0_.opetuspisteenjarjnro as opetusp10_5_,
        organisaat0_.oppilaitoskoodi as oppilai11_5_,
        organisaat0_.oppilaitos_tyyppi as oppilai12_5_,
        organisaat0_.organisaatio_poistettu as organis13_5_,
        organisaat0_.paivittaja as paivitt14_5_,
        organisaat0_.paivityspvm as paivity15_5_,
        organisaat0_.parentidpath as parenti16_5_,
        organisaat0_.parentoidpath as parento17_5_,
        organisaat0_.piilotettu as piilote18_5_,
        organisaat0_.tarkastus_pvm as tarkast19_5_,
        organisaat0_.toimipistekoodi as toimipi20_5_,
        organisaat0_.tuontipvm as tuontip21_5_,
        organisaat0_.varhaiskasvatuksen_toimipaikka_tiedot_id as varhais31_5_,
        organisaat0_.virastotunnus as virasto22_5_,
        organisaat0_.yhteishaunkoulukoodi as yhteish23_5_,
        organisaat0_.yritysmuoto as yritysm24_5_,
        organisaat0_.ytj_kieli as ytj_kie25_5_,
        organisaat0_.ytjpaivityspvm as ytjpaiv26_5_,
        organisaat0_.ytunnus as ytunnus27_5_ 
    from
        organisaatio organisaat0_ 
    where
        organisaat0_.toimipistekoodi=?
2020-06-10 18:11:43.865 TRACE 55751 --- [    Test worker] o.h.type.descriptor.sql.BasicBinder      : binding parameter [1] as [VARCHAR] - [null01]
Hibernate: 
    insert 
    into
        monikielinen_teksti
        (id, version) 
    values
        (null, ?)
2020-06-10 18:11:43.866 TRACE 55751 --- [    Test worker] o.h.type.descriptor.sql.BasicBinder      : binding parameter [1] as [BIGINT] - [0]
Hibernate: 
    insert 
    into
        monikielinen_teksti
        (id, version) 
    values
        (null, ?)
2020-06-10 18:11:43.866 TRACE 55751 --- [    Test worker] o.h.type.descriptor.sql.BasicBinder      : binding parameter [1] as [BIGINT] - [0]
Hibernate: 
    insert 
    into
        organisaatio
        (id, version, alkupvm, domainnimi, kotipaikka, kuvaus_mkt, lakkautuspvm, maa, metadata_id, nimi_mkt, nimihaku, oid, opetuspisteenjarjnro, oppilaitoskoodi, oppilaitos_tyyppi, organisaatio_poistettu, paivittaja, paivityspvm, parentidpath, parentoidpath, piilotettu, tarkastus_pvm, toimipistekoodi, tuontipvm, varhaiskasvatuksen_toimipaikka_tiedot_id, virastotunnus, yhteishaunkoulukoodi, yritysmuoto, ytj_kieli, ytjpaivityspvm, ytunnus) 
    values
        (null, ?, ?, ?, ?, ?, ?, ?, ?, ?, ?, ?, ?, ?, ?, ?, ?, ?, ?, ?, ?, ?, ?, ?, ?, ?, ?, ?, ?, ?, ?)
2020-06-10 18:11:43.867 TRACE 55751 --- [    Test worker] o.h.type.descriptor.sql.BasicBinder      : binding parameter [1] as [BIGINT] - [0]
2020-06-10 18:11:43.867 TRACE 55751 --- [    Test worker] o.h.type.descriptor.sql.BasicBinder      : binding parameter [2] as [DATE] - [Fri Dec 31 00:00:00 EET 1999]
2020-06-10 18:11:43.867 TRACE 55751 --- [    Test worker] o.h.type.descriptor.sql.BasicBinder      : binding parameter [3] as [VARCHAR] - [null]
2020-06-10 18:11:43.867 TRACE 55751 --- [    Test worker] o.h.type.descriptor.sql.BasicBinder      : binding parameter [4] as [VARCHAR] - [kunta_092]
2020-06-10 18:11:43.867 TRACE 55751 --- [    Test worker] o.h.type.descriptor.sql.BasicBinder      : binding parameter [5] as [BIGINT] - [1026]
2020-06-10 18:11:43.867 TRACE 55751 --- [    Test worker] o.h.type.descriptor.sql.BasicBinder      : binding parameter [6] as [DATE] - [null]
2020-06-10 18:11:43.867 TRACE 55751 --- [    Test worker] o.h.type.descriptor.sql.BasicBinder      : binding parameter [7] as [VARCHAR] - [maatjavaltiot1_fin]
2020-06-10 18:11:43.867 TRACE 55751 --- [    Test worker] o.h.type.descriptor.sql.BasicBinder      : binding parameter [8] as [BIGINT] - [null]
2020-06-10 18:11:43.867 TRACE 55751 --- [    Test worker] o.h.type.descriptor.sql.BasicBinder      : binding parameter [9] as [BIGINT] - [1027]
2020-06-10 18:11:43.867 TRACE 55751 --- [    Test worker] o.h.type.descriptor.sql.BasicBinder      : binding parameter [10] as [VARCHAR] - [,toimipiste1]
2020-06-10 18:11:43.867 TRACE 55751 --- [    Test worker] o.h.type.descriptor.sql.BasicBinder      : binding parameter [11] as [VARCHAR] - [toimipiste1]
2020-06-10 18:11:43.867 TRACE 55751 --- [    Test worker] o.h.type.descriptor.sql.BasicBinder      : binding parameter [12] as [VARCHAR] - [01]
2020-06-10 18:11:43.867 TRACE 55751 --- [    Test worker] o.h.type.descriptor.sql.BasicBinder      : binding parameter [13] as [VARCHAR] - [null]
2020-06-10 18:11:43.867 TRACE 55751 --- [    Test worker] o.h.type.descriptor.sql.BasicBinder      : binding parameter [14] as [VARCHAR] - [null]
2020-06-10 18:11:43.867 TRACE 55751 --- [    Test worker] o.h.type.descriptor.sql.BasicBinder      : binding parameter [15] as [BOOLEAN] - [false]
2020-06-10 18:11:43.867 TRACE 55751 --- [    Test worker] o.h.type.descriptor.sql.BasicBinder      : binding parameter [16] as [VARCHAR] - [ophadmin]
2020-06-10 18:11:43.867 TRACE 55751 --- [    Test worker] o.h.type.descriptor.sql.BasicBinder      : binding parameter [17] as [TIMESTAMP] - [Wed Jun 10 18:11:43 EEST 2020]
2020-06-10 18:11:43.868 TRACE 55751 --- [    Test worker] o.h.type.descriptor.sql.BasicBinder      : binding parameter [18] as [VARCHAR] - [|1|21|22|]
2020-06-10 18:11:43.868 TRACE 55751 --- [    Test worker] o.h.type.descriptor.sql.BasicBinder      : binding parameter [19] as [VARCHAR] - [|1.2.246.562.24.00000000001|koulutustoimija|oppilaitos1|]
2020-06-10 18:11:43.868 TRACE 55751 --- [    Test worker] o.h.type.descriptor.sql.BasicBinder      : binding parameter [20] as [BOOLEAN] - [false]
2020-06-10 18:11:43.868 TRACE 55751 --- [    Test worker] o.h.type.descriptor.sql.BasicBinder      : binding parameter [21] as [TIMESTAMP] - [null]
2020-06-10 18:11:43.868 TRACE 55751 --- [    Test worker] o.h.type.descriptor.sql.BasicBinder      : binding parameter [22] as [VARCHAR] - [null01]
2020-06-10 18:11:43.868 TRACE 55751 --- [    Test worker] o.h.type.descriptor.sql.BasicBinder      : binding parameter [23] as [TIMESTAMP] - [null]
2020-06-10 18:11:43.868 TRACE 55751 --- [    Test worker] o.h.type.descriptor.sql.BasicBinder      : binding parameter [24] as [BIGINT] - [null]
2020-06-10 18:11:43.868 TRACE 55751 --- [    Test worker] o.h.type.descriptor.sql.BasicBinder      : binding parameter [25] as [VARCHAR] - [null]
2020-06-10 18:11:43.868 TRACE 55751 --- [    Test worker] o.h.type.descriptor.sql.BasicBinder      : binding parameter [26] as [VARCHAR] - [null]
2020-06-10 18:11:43.868 TRACE 55751 --- [    Test worker] o.h.type.descriptor.sql.BasicBinder      : binding parameter [27] as [VARCHAR] - [null]
2020-06-10 18:11:43.868 TRACE 55751 --- [    Test worker] o.h.type.descriptor.sql.BasicBinder      : binding parameter [28] as [VARCHAR] - [null]
2020-06-10 18:11:43.868 TRACE 55751 --- [    Test worker] o.h.type.descriptor.sql.BasicBinder      : binding parameter [29] as [DATE] - [null]
2020-06-10 18:11:43.868 TRACE 55751 --- [    Test worker] o.h.type.descriptor.sql.BasicBinder      : binding parameter [30] as [VARCHAR] - [null]
Hibernate: 
    insert 
    into
        organisaatio_nimi
        (id, version, alkupvm, nimi_mkt, organisaatio_id, paivittaja) 
    values
        (null, ?, ?, ?, ?, ?)
2020-06-10 18:11:43.868 TRACE 55751 --- [    Test worker] o.h.type.descriptor.sql.BasicBinder      : binding parameter [1] as [BIGINT] - [0]
2020-06-10 18:11:43.869 TRACE 55751 --- [    Test worker] o.h.type.descriptor.sql.BasicBinder      : binding parameter [2] as [DATE] - [Wed Jun 10 18:11:43 EEST 2020]
2020-06-10 18:11:43.869 TRACE 55751 --- [    Test worker] o.h.type.descriptor.sql.BasicBinder      : binding parameter [3] as [BIGINT] - [1027]
2020-06-10 18:11:43.869 TRACE 55751 --- [    Test worker] o.h.type.descriptor.sql.BasicBinder      : binding parameter [4] as [BIGINT] - [23]
2020-06-10 18:11:43.869 TRACE 55751 --- [    Test worker] o.h.type.descriptor.sql.BasicBinder      : binding parameter [5] as [VARCHAR] - [null]
Hibernate: 
    insert 
    into
        yhteystieto
        (id, version, kieli, organisaatio_id, yhteystieto_oid, www_osoite, dtype) 
    values
        (null, ?, ?, ?, ?, ?, 'Www')
2020-06-10 18:11:43.870 TRACE 55751 --- [    Test worker] o.h.type.descriptor.sql.BasicBinder      : binding parameter [1] as [BIGINT] - [0]
2020-06-10 18:11:43.870 TRACE 55751 --- [    Test worker] o.h.type.descriptor.sql.BasicBinder      : binding parameter [2] as [VARCHAR] - [kieli_fi#1]
2020-06-10 18:11:43.870 TRACE 55751 --- [    Test worker] o.h.type.descriptor.sql.BasicBinder      : binding parameter [3] as [BIGINT] - [23]
2020-06-10 18:11:43.870 TRACE 55751 --- [    Test worker] o.h.type.descriptor.sql.BasicBinder      : binding parameter [4] as [VARCHAR] - [15918019035110.23253980592273304]
2020-06-10 18:11:43.870 TRACE 55751 --- [    Test worker] o.h.type.descriptor.sql.BasicBinder      : binding parameter [5] as [VARCHAR] - [http://test.oph.fi]
Hibernate: 
    insert 
    into
        yhteystieto
        (id, version, kieli, organisaatio_id, yhteystieto_oid, coordinatetype, extrarivi, lat, lng, maa, osavaltio, osoite, osoite_tyyppi, postinumero, postitoimipaikka, ytjpaivityspvm, dtype) 
    values
        (null, ?, ?, ?, ?, ?, ?, ?, ?, ?, ?, ?, ?, ?, ?, ?, 'Osoite')
2020-06-10 18:11:43.870 TRACE 55751 --- [    Test worker] o.h.type.descriptor.sql.BasicBinder      : binding parameter [1] as [BIGINT] - [0]
2020-06-10 18:11:43.871 TRACE 55751 --- [    Test worker] o.h.type.descriptor.sql.BasicBinder      : binding parameter [2] as [VARCHAR] - [kieli_fi#1]
2020-06-10 18:11:43.871 TRACE 55751 --- [    Test worker] o.h.type.descriptor.sql.BasicBinder      : binding parameter [3] as [BIGINT] - [23]
2020-06-10 18:11:43.871 TRACE 55751 --- [    Test worker] o.h.type.descriptor.sql.BasicBinder      : binding parameter [4] as [VARCHAR] - [1.2.246.562.5.66266147509]
2020-06-10 18:11:43.871 TRACE 55751 --- [    Test worker] o.h.type.descriptor.sql.BasicBinder      : binding parameter [5] as [VARCHAR] - [null]
2020-06-10 18:11:43.871 TRACE 55751 --- [    Test worker] o.h.type.descriptor.sql.BasicBinder      : binding parameter [6] as [VARCHAR] - [null]
2020-06-10 18:11:43.871 TRACE 55751 --- [    Test worker] o.h.type.descriptor.sql.BasicBinder      : binding parameter [7] as [DOUBLE] - [null]
2020-06-10 18:11:43.871 TRACE 55751 --- [    Test worker] o.h.type.descriptor.sql.BasicBinder      : binding parameter [8] as [DOUBLE] - [null]
2020-06-10 18:11:43.871 TRACE 55751 --- [    Test worker] o.h.type.descriptor.sql.BasicBinder      : binding parameter [9] as [VARCHAR] - [null]
2020-06-10 18:11:43.871 TRACE 55751 --- [    Test worker] o.h.type.descriptor.sql.BasicBinder      : binding parameter [10] as [VARCHAR] - [null]
2020-06-10 18:11:43.871 TRACE 55751 --- [    Test worker] o.h.type.descriptor.sql.BasicBinder      : binding parameter [11] as [VARCHAR] - [Postiosoite 1A]
2020-06-10 18:11:43.871 TRACE 55751 --- [    Test worker] o.h.type.descriptor.sql.BasicBinder      : binding parameter [12] as [VARCHAR] - [posti]
2020-06-10 18:11:43.871 TRACE 55751 --- [    Test worker] o.h.type.descriptor.sql.BasicBinder      : binding parameter [13] as [VARCHAR] - [00550]
2020-06-10 18:11:43.871 TRACE 55751 --- [    Test worker] o.h.type.descriptor.sql.BasicBinder      : binding parameter [14] as [VARCHAR] - [Helsinki]
2020-06-10 18:11:43.871 TRACE 55751 --- [    Test worker] o.h.type.descriptor.sql.BasicBinder      : binding parameter [15] as [DATE] - [null]
Hibernate: 
    insert 
    into
        yhteystieto
        (id, version, kieli, organisaatio_id, yhteystieto_oid, coordinatetype, extrarivi, lat, lng, maa, osavaltio, osoite, osoite_tyyppi, postinumero, postitoimipaikka, ytjpaivityspvm, dtype) 
    values
        (null, ?, ?, ?, ?, ?, ?, ?, ?, ?, ?, ?, ?, ?, ?, ?, 'Osoite')
2020-06-10 18:11:43.872 TRACE 55751 --- [    Test worker] o.h.type.descriptor.sql.BasicBinder      : binding parameter [1] as [BIGINT] - [0]
2020-06-10 18:11:43.872 TRACE 55751 --- [    Test worker] o.h.type.descriptor.sql.BasicBinder      : binding parameter [2] as [VARCHAR] - [kieli_fi#1]
2020-06-10 18:11:43.872 TRACE 55751 --- [    Test worker] o.h.type.descriptor.sql.BasicBinder      : binding parameter [3] as [BIGINT] - [23]
2020-06-10 18:11:43.872 TRACE 55751 --- [    Test worker] o.h.type.descriptor.sql.BasicBinder      : binding parameter [4] as [VARCHAR] - [1.2.246.562.5.42527729667]
2020-06-10 18:11:43.872 TRACE 55751 --- [    Test worker] o.h.type.descriptor.sql.BasicBinder      : binding parameter [5] as [VARCHAR] - [null]
2020-06-10 18:11:43.872 TRACE 55751 --- [    Test worker] o.h.type.descriptor.sql.BasicBinder      : binding parameter [6] as [VARCHAR] - [null]
2020-06-10 18:11:43.872 TRACE 55751 --- [    Test worker] o.h.type.descriptor.sql.BasicBinder      : binding parameter [7] as [DOUBLE] - [null]
2020-06-10 18:11:43.872 TRACE 55751 --- [    Test worker] o.h.type.descriptor.sql.BasicBinder      : binding parameter [8] as [DOUBLE] - [null]
2020-06-10 18:11:43.872 TRACE 55751 --- [    Test worker] o.h.type.descriptor.sql.BasicBinder      : binding parameter [9] as [VARCHAR] - [null]
2020-06-10 18:11:43.872 TRACE 55751 --- [    Test worker] o.h.type.descriptor.sql.BasicBinder      : binding parameter [10] as [VARCHAR] - [null]
2020-06-10 18:11:43.872 TRACE 55751 --- [    Test worker] o.h.type.descriptor.sql.BasicBinder      : binding parameter [11] as [VARCHAR] - [Kayntiosoite 2B]
2020-06-10 18:11:43.872 TRACE 55751 --- [    Test worker] o.h.type.descriptor.sql.BasicBinder      : binding parameter [12] as [VARCHAR] - [kaynti]
2020-06-10 18:11:43.872 TRACE 55751 --- [    Test worker] o.h.type.descriptor.sql.BasicBinder      : binding parameter [13] as [VARCHAR] - [posti_00550]
2020-06-10 18:11:43.872 TRACE 55751 --- [    Test worker] o.h.type.descriptor.sql.BasicBinder      : binding parameter [14] as [VARCHAR] - [Helsinki]
2020-06-10 18:11:43.872 TRACE 55751 --- [    Test worker] o.h.type.descriptor.sql.BasicBinder      : binding parameter [15] as [DATE] - [null]
Hibernate: 
    insert 
    into
        yhteystieto
        (id, version, kieli, organisaatio_id, yhteystieto_oid, puhelinnumero, tyyppi, dtype) 
    values
        (null, ?, ?, ?, ?, ?, ?, 'Puhelinnumero')
2020-06-10 18:11:43.873 TRACE 55751 --- [    Test worker] o.h.type.descriptor.sql.BasicBinder      : binding parameter [1] as [BIGINT] - [0]
2020-06-10 18:11:43.873 TRACE 55751 --- [    Test worker] o.h.type.descriptor.sql.BasicBinder      : binding parameter [2] as [VARCHAR] - [kieli_fi#1]
2020-06-10 18:11:43.873 TRACE 55751 --- [    Test worker] o.h.type.descriptor.sql.BasicBinder      : binding parameter [3] as [BIGINT] - [23]
2020-06-10 18:11:43.873 TRACE 55751 --- [    Test worker] o.h.type.descriptor.sql.BasicBinder      : binding parameter [4] as [VARCHAR] - [1.2.246.562.5.11773409798]
2020-06-10 18:11:43.873 TRACE 55751 --- [    Test worker] o.h.type.descriptor.sql.BasicBinder      : binding parameter [5] as [VARCHAR] - [123]
2020-06-10 18:11:43.873 TRACE 55751 --- [    Test worker] o.h.type.descriptor.sql.BasicBinder      : binding parameter [6] as [VARCHAR] - [puhelin]
Hibernate: 
    insert 
    into
        yhteystieto
        (id, version, kieli, organisaatio_id, yhteystieto_oid, email, dtype) 
    values
        (null, ?, ?, ?, ?, ?, 'Email')
2020-06-10 18:11:43.874 TRACE 55751 --- [    Test worker] o.h.type.descriptor.sql.BasicBinder      : binding parameter [1] as [BIGINT] - [0]
2020-06-10 18:11:43.874 TRACE 55751 --- [    Test worker] o.h.type.descriptor.sql.BasicBinder      : binding parameter [2] as [VARCHAR] - [kieli_fi#1]
2020-06-10 18:11:43.874 TRACE 55751 --- [    Test worker] o.h.type.descriptor.sql.BasicBinder      : binding parameter [3] as [BIGINT] - [23]
2020-06-10 18:11:43.874 TRACE 55751 --- [    Test worker] o.h.type.descriptor.sql.BasicBinder      : binding parameter [4] as [VARCHAR] - [15918019035110.6615859475083803]
2020-06-10 18:11:43.874 TRACE 55751 --- [    Test worker] o.h.type.descriptor.sql.BasicBinder      : binding parameter [5] as [VARCHAR] - [asd@asd.asd]
2020-06-10 18:11:43.875  INFO 55751 --- [    Test worker] .s.o.r.i.OrganisaatioSuhdeRepositoryImpl : findParentTo(23, Wed Jun 10 18:11:43 EEST 2020)
Hibernate: 
    update
        organisaatio 
    set
        version=?,
        alkupvm=?,
        domainnimi=?,
        kotipaikka=?,
        kuvaus_mkt=?,
        lakkautuspvm=?,
        maa=?,
        metadata_id=?,
        nimi_mkt=?,
        nimihaku=?,
        oid=?,
        opetuspisteenjarjnro=?,
        oppilaitoskoodi=?,
        oppilaitos_tyyppi=?,
        organisaatio_poistettu=?,
        paivittaja=?,
        paivityspvm=?,
        parentidpath=?,
        parentoidpath=?,
        piilotettu=?,
        tarkastus_pvm=?,
        toimipistekoodi=?,
        tuontipvm=?,
        varhaiskasvatuksen_toimipaikka_tiedot_id=?,
        virastotunnus=?,
        yhteishaunkoulukoodi=?,
        yritysmuoto=?,
        ytj_kieli=?,
        ytjpaivityspvm=?,
        ytunnus=? 
    where
        id=? 
        and version=?
2020-06-10 18:11:43.876 TRACE 55751 --- [    Test worker] o.h.type.descriptor.sql.BasicBinder      : binding parameter [1] as [BIGINT] - [1]
2020-06-10 18:11:43.876 TRACE 55751 --- [    Test worker] o.h.type.descriptor.sql.BasicBinder      : binding parameter [2] as [DATE] - [Fri Dec 31 00:00:00 EET 1999]
2020-06-10 18:11:43.876 TRACE 55751 --- [    Test worker] o.h.type.descriptor.sql.BasicBinder      : binding parameter [3] as [VARCHAR] - [null]
2020-06-10 18:11:43.876 TRACE 55751 --- [    Test worker] o.h.type.descriptor.sql.BasicBinder      : binding parameter [4] as [VARCHAR] - [kunta_092]
2020-06-10 18:11:43.876 TRACE 55751 --- [    Test worker] o.h.type.descriptor.sql.BasicBinder      : binding parameter [5] as [BIGINT] - [1026]
2020-06-10 18:11:43.876 TRACE 55751 --- [    Test worker] o.h.type.descriptor.sql.BasicBinder      : binding parameter [6] as [DATE] - [null]
2020-06-10 18:11:43.876 TRACE 55751 --- [    Test worker] o.h.type.descriptor.sql.BasicBinder      : binding parameter [7] as [VARCHAR] - [maatjavaltiot1_fin]
2020-06-10 18:11:43.876 TRACE 55751 --- [    Test worker] o.h.type.descriptor.sql.BasicBinder      : binding parameter [8] as [BIGINT] - [null]
2020-06-10 18:11:43.876 TRACE 55751 --- [    Test worker] o.h.type.descriptor.sql.BasicBinder      : binding parameter [9] as [BIGINT] - [1027]
2020-06-10 18:11:43.876 TRACE 55751 --- [    Test worker] o.h.type.descriptor.sql.BasicBinder      : binding parameter [10] as [VARCHAR] - [,toimipiste1]
2020-06-10 18:11:43.876 TRACE 55751 --- [    Test worker] o.h.type.descriptor.sql.BasicBinder      : binding parameter [11] as [VARCHAR] - [toimipiste1]
2020-06-10 18:11:43.876 TRACE 55751 --- [    Test worker] o.h.type.descriptor.sql.BasicBinder      : binding parameter [12] as [VARCHAR] - [01]
2020-06-10 18:11:43.876 TRACE 55751 --- [    Test worker] o.h.type.descriptor.sql.BasicBinder      : binding parameter [13] as [VARCHAR] - [null]
2020-06-10 18:11:43.876 TRACE 55751 --- [    Test worker] o.h.type.descriptor.sql.BasicBinder      : binding parameter [14] as [VARCHAR] - [null]
2020-06-10 18:11:43.876 TRACE 55751 --- [    Test worker] o.h.type.descriptor.sql.BasicBinder      : binding parameter [15] as [BOOLEAN] - [false]
2020-06-10 18:11:43.876 TRACE 55751 --- [    Test worker] o.h.type.descriptor.sql.BasicBinder      : binding parameter [16] as [VARCHAR] - [ophadmin]
2020-06-10 18:11:43.876 TRACE 55751 --- [    Test worker] o.h.type.descriptor.sql.BasicBinder      : binding parameter [17] as [TIMESTAMP] - [Wed Jun 10 18:11:43 EEST 2020]
2020-06-10 18:11:43.876 TRACE 55751 --- [    Test worker] o.h.type.descriptor.sql.BasicBinder      : binding parameter [18] as [VARCHAR] - [|1|21|22|]
2020-06-10 18:11:43.876 TRACE 55751 --- [    Test worker] o.h.type.descriptor.sql.BasicBinder      : binding parameter [19] as [VARCHAR] - [|1.2.246.562.24.00000000001|koulutustoimija|oppilaitos1|]
2020-06-10 18:11:43.876 TRACE 55751 --- [    Test worker] o.h.type.descriptor.sql.BasicBinder      : binding parameter [20] as [BOOLEAN] - [false]
2020-06-10 18:11:43.876 TRACE 55751 --- [    Test worker] o.h.type.descriptor.sql.BasicBinder      : binding parameter [21] as [TIMESTAMP] - [null]
2020-06-10 18:11:43.876 TRACE 55751 --- [    Test worker] o.h.type.descriptor.sql.BasicBinder      : binding parameter [22] as [VARCHAR] - [null01]
2020-06-10 18:11:43.877 TRACE 55751 --- [    Test worker] o.h.type.descriptor.sql.BasicBinder      : binding parameter [23] as [TIMESTAMP] - [null]
2020-06-10 18:11:43.877 TRACE 55751 --- [    Test worker] o.h.type.descriptor.sql.BasicBinder      : binding parameter [24] as [BIGINT] - [null]
2020-06-10 18:11:43.877 TRACE 55751 --- [    Test worker] o.h.type.descriptor.sql.BasicBinder      : binding parameter [25] as [VARCHAR] - [null]
2020-06-10 18:11:43.877 TRACE 55751 --- [    Test worker] o.h.type.descriptor.sql.BasicBinder      : binding parameter [26] as [VARCHAR] - [null]
2020-06-10 18:11:43.877 TRACE 55751 --- [    Test worker] o.h.type.descriptor.sql.BasicBinder      : binding parameter [27] as [VARCHAR] - [null]
2020-06-10 18:11:43.877 TRACE 55751 --- [    Test worker] o.h.type.descriptor.sql.BasicBinder      : binding parameter [28] as [VARCHAR] - [null]
2020-06-10 18:11:43.877 TRACE 55751 --- [    Test worker] o.h.type.descriptor.sql.BasicBinder      : binding parameter [29] as [DATE] - [null]
2020-06-10 18:11:43.877 TRACE 55751 --- [    Test worker] o.h.type.descriptor.sql.BasicBinder      : binding parameter [30] as [VARCHAR] - [null]
2020-06-10 18:11:43.877 TRACE 55751 --- [    Test worker] o.h.type.descriptor.sql.BasicBinder      : binding parameter [31] as [BIGINT] - [23]
2020-06-10 18:11:43.877 TRACE 55751 --- [    Test worker] o.h.type.descriptor.sql.BasicBinder      : binding parameter [32] as [BIGINT] - [0]
Hibernate: 
    insert 
    into
        organisaatio_kielet
        (organisaatio_id, kielet) 
    values
        (?, ?)
2020-06-10 18:11:43.877 TRACE 55751 --- [    Test worker] o.h.type.descriptor.sql.BasicBinder      : binding parameter [1] as [BIGINT] - [23]
2020-06-10 18:11:43.877 TRACE 55751 --- [    Test worker] o.h.type.descriptor.sql.BasicBinder      : binding parameter [2] as [VARCHAR] - [oppilaitoksenopetuskieli_1#1]
Hibernate: 
    insert 
    into
        organisaatio_tyypit
        (organisaatio_id, tyypit) 
    values
        (?, ?)
2020-06-10 18:11:43.877 TRACE 55751 --- [    Test worker] o.h.type.descriptor.sql.BasicBinder      : binding parameter [1] as [BIGINT] - [23]
2020-06-10 18:11:43.877 TRACE 55751 --- [    Test worker] o.h.type.descriptor.sql.BasicBinder      : binding parameter [2] as [VARCHAR] - [organisaatiotyyppi_03]
Hibernate: 
    insert 
    into
        monikielinen_teksti_values
        (id, key, value) 
    values
        (?, ?, ?)
2020-06-10 18:11:43.877 TRACE 55751 --- [    Test worker] o.h.type.descriptor.sql.BasicBinder      : binding parameter [1] as [BIGINT] - [1027]
2020-06-10 18:11:43.877 TRACE 55751 --- [    Test worker] o.h.type.descriptor.sql.BasicBinder      : binding parameter [2] as [VARCHAR] - [fi]
2020-06-10 18:11:43.878 TRACE 55751 --- [    Test worker] o.h.type.descriptor.sql.BasicBinder      : binding parameter [3] as [VARCHAR] - [toimipiste1]
Hibernate: 
    select
        organisaat0_.id as id1_19_0_,
        organisaat1_.id as id1_5_1_,
        organisaat0_.version as version2_19_0_,
        organisaat0_.alkupvm as alkupvm3_19_0_,
        organisaat0_.child_id as child_id7_19_0_,
        organisaat0_.loppupvm as loppupvm4_19_0_,
        organisaat0_.opetuspisteenjarjnro as opetuspi5_19_0_,
        organisaat0_.parent_id as parent_i8_19_0_,
        organisaat0_.suhdetyyppi as suhdetyy6_19_0_,
        organisaat1_.version as version2_5_1_,
        organisaat1_.alkupvm as alkupvm3_5_1_,
        organisaat1_.domainnimi as domainni4_5_1_,
        organisaat1_.kotipaikka as kotipaik5_5_1_,
        organisaat1_.kuvaus_mkt as kuvaus_28_5_1_,
        organisaat1_.lakkautuspvm as lakkautu6_5_1_,
        organisaat1_.maa as maa7_5_1_,
        organisaat1_.metadata_id as metadat29_5_1_,
        organisaat1_.nimi_mkt as nimi_mk30_5_1_,
        organisaat1_.nimihaku as nimihaku8_5_1_,
        organisaat1_.oid as oid9_5_1_,
        organisaat1_.opetuspisteenjarjnro as opetusp10_5_1_,
        organisaat1_.oppilaitoskoodi as oppilai11_5_1_,
        organisaat1_.oppilaitos_tyyppi as oppilai12_5_1_,
        organisaat1_.organisaatio_poistettu as organis13_5_1_,
        organisaat1_.paivittaja as paivitt14_5_1_,
        organisaat1_.paivityspvm as paivity15_5_1_,
        organisaat1_.parentidpath as parenti16_5_1_,
        organisaat1_.parentoidpath as parento17_5_1_,
        organisaat1_.piilotettu as piilote18_5_1_,
        organisaat1_.tarkastus_pvm as tarkast19_5_1_,
        organisaat1_.toimipistekoodi as toimipi20_5_1_,
        organisaat1_.tuontipvm as tuontip21_5_1_,
        organisaat1_.varhaiskasvatuksen_toimipaikka_tiedot_id as varhais31_5_1_,
        organisaat1_.virastotunnus as virasto22_5_1_,
        organisaat1_.yhteishaunkoulukoodi as yhteish23_5_1_,
        organisaat1_.yritysmuoto as yritysm24_5_1_,
        organisaat1_.ytj_kieli as ytj_kie25_5_1_,
        organisaat1_.ytjpaivityspvm as ytjpaiv26_5_1_,
        organisaat1_.ytunnus as ytunnus27_5_1_ 
    from
        organisaatiosuhde organisaat0_ 
    inner join
        organisaatio organisaat1_ 
            on organisaat0_.parent_id=organisaat1_.id 
    where
        organisaat0_.child_id=? 
        and organisaat0_.suhdetyyppi=? 
        and (
            organisaat0_.alkupvm=? 
            or organisaat0_.alkupvm<?
        ) 
        and (
            organisaat0_.loppupvm is null 
            or organisaat0_.loppupvm>?
        ) 
        and organisaat1_.organisaatio_poistettu=? 
    order by
        organisaat0_.alkupvm desc
2020-06-10 18:11:43.878 TRACE 55751 --- [    Test worker] o.h.type.descriptor.sql.BasicBinder      : binding parameter [1] as [BIGINT] - [23]
2020-06-10 18:11:43.878 TRACE 55751 --- [    Test worker] o.h.type.descriptor.sql.BasicBinder      : binding parameter [2] as [VARCHAR] - [HISTORIA]
2020-06-10 18:11:43.878 TRACE 55751 --- [    Test worker] o.h.type.descriptor.sql.BasicBinder      : binding parameter [3] as [DATE] - [Wed Jun 10 18:11:43 EEST 2020]
2020-06-10 18:11:43.878 TRACE 55751 --- [    Test worker] o.h.type.descriptor.sql.BasicBinder      : binding parameter [4] as [DATE] - [Wed Jun 10 18:11:43 EEST 2020]
2020-06-10 18:11:43.878 TRACE 55751 --- [    Test worker] o.h.type.descriptor.sql.BasicBinder      : binding parameter [5] as [DATE] - [Wed Jun 10 18:11:43 EEST 2020]
2020-06-10 18:11:43.878 TRACE 55751 --- [    Test worker] o.h.type.descriptor.sql.BasicBinder      : binding parameter [6] as [BOOLEAN] - [false]
2020-06-10 18:11:43.878  INFO 55751 --- [    Test worker] .s.o.r.i.OrganisaatioSuhdeRepositoryImpl : addChild(22, 23, Wed Jun 10 18:11:43 EEST 2020)
Hibernate: 
    insert 
    into
        organisaatiosuhde
        (id, version, alkupvm, child_id, loppupvm, opetuspisteenjarjnro, parent_id, suhdetyyppi) 
    values
        (null, ?, ?, ?, ?, ?, ?, ?)
2020-06-10 18:11:43.879 TRACE 55751 --- [    Test worker] o.h.type.descriptor.sql.BasicBinder      : binding parameter [1] as [BIGINT] - [0]
2020-06-10 18:11:43.879 TRACE 55751 --- [    Test worker] o.h.type.descriptor.sql.BasicBinder      : binding parameter [2] as [DATE] - [Wed Jun 10 18:11:43 EEST 2020]
2020-06-10 18:11:43.879 TRACE 55751 --- [    Test worker] o.h.type.descriptor.sql.BasicBinder      : binding parameter [3] as [BIGINT] - [23]
2020-06-10 18:11:43.879 TRACE 55751 --- [    Test worker] o.h.type.descriptor.sql.BasicBinder      : binding parameter [4] as [DATE] - [null]
2020-06-10 18:11:43.879 TRACE 55751 --- [    Test worker] o.h.type.descriptor.sql.BasicBinder      : binding parameter [5] as [VARCHAR] - [01]
2020-06-10 18:11:43.879 TRACE 55751 --- [    Test worker] o.h.type.descriptor.sql.BasicBinder      : binding parameter [6] as [BIGINT] - [22]
2020-06-10 18:11:43.879 TRACE 55751 --- [    Test worker] o.h.type.descriptor.sql.BasicBinder      : binding parameter [7] as [VARCHAR] - [HISTORIA]
2020-06-10 18:11:43.879  INFO 55751 --- [    Test worker] .s.o.r.i.OrganisaatioSuhdeRepositoryImpl :     Created new child relation:  --> pId=22, cId=23, aPvm=Wed Jun 10 18:11:43 EEST 2020, lPvm=null
Hibernate: 
    select
        organisaat0_.id as id1_19_,
        organisaat0_.version as version2_19_,
        organisaat0_.alkupvm as alkupvm3_19_,
        organisaat0_.child_id as child_id7_19_,
        organisaat0_.loppupvm as loppupvm4_19_,
        organisaat0_.opetuspisteenjarjnro as opetuspi5_19_,
        organisaat0_.parent_id as parent_i8_19_,
        organisaat0_.suhdetyyppi as suhdetyy6_19_ 
    from
        organisaatiosuhde organisaat0_ 
    where
        organisaat0_.child_id=?
2020-06-10 18:11:43.880 TRACE 55751 --- [    Test worker] o.h.type.descriptor.sql.BasicBinder      : binding parameter [1] as [BIGINT] - [23]
2020-06-10 18:11:43.880 TRACE 55751 --- [    Test worker] o.h.type.descriptor.sql.BasicExtractor   : extracted value ([id1_19_] : [BIGINT]) - [24]
Hibernate: 
    select
        organisaat0_.id as id1_5_,
        organisaat0_.version as version2_5_,
        organisaat0_.alkupvm as alkupvm3_5_,
        organisaat0_.domainnimi as domainni4_5_,
        organisaat0_.kotipaikka as kotipaik5_5_,
        organisaat0_.kuvaus_mkt as kuvaus_28_5_,
        organisaat0_.lakkautuspvm as lakkautu6_5_,
        organisaat0_.maa as maa7_5_,
        organisaat0_.metadata_id as metadat29_5_,
        organisaat0_.nimi_mkt as nimi_mk30_5_,
        organisaat0_.nimihaku as nimihaku8_5_,
        organisaat0_.oid as oid9_5_,
        organisaat0_.opetuspisteenjarjnro as opetusp10_5_,
        organisaat0_.oppilaitoskoodi as oppilai11_5_,
        organisaat0_.oppilaitos_tyyppi as oppilai12_5_,
        organisaat0_.organisaatio_poistettu as organis13_5_,
        organisaat0_.paivittaja as paivitt14_5_,
        organisaat0_.paivityspvm as paivity15_5_,
        organisaat0_.parentidpath as parenti16_5_,
        organisaat0_.parentoidpath as parento17_5_,
        organisaat0_.piilotettu as piilote18_5_,
        organisaat0_.tarkastus_pvm as tarkast19_5_,
        organisaat0_.toimipistekoodi as toimipi20_5_,
        organisaat0_.tuontipvm as tuontip21_5_,
        organisaat0_.varhaiskasvatuksen_toimipaikka_tiedot_id as varhais31_5_,
        organisaat0_.virastotunnus as virasto22_5_,
        organisaat0_.yhteishaunkoulukoodi as yhteish23_5_,
        organisaat0_.yritysmuoto as yritysm24_5_,
        organisaat0_.ytj_kieli as ytj_kie25_5_,
        organisaat0_.ytjpaivityspvm as ytjpaiv26_5_,
        organisaat0_.ytunnus as ytunnus27_5_ 
    from
        organisaatio organisaat0_ 
    where
        organisaat0_.oid=?
2020-06-10 18:11:43.882 TRACE 55751 --- [    Test worker] o.h.type.descriptor.sql.BasicBinder      : binding parameter [1] as [VARCHAR] - [toimipiste1]
2020-06-10 18:11:43.882 TRACE 55751 --- [    Test worker] o.h.type.descriptor.sql.BasicExtractor   : extracted value ([id1_5_] : [BIGINT]) - [23]
Hibernate: 
    select
        organisaat0_.id as id1_5_,
        organisaat0_.version as version2_5_,
        organisaat0_.alkupvm as alkupvm3_5_,
        organisaat0_.domainnimi as domainni4_5_,
        organisaat0_.kotipaikka as kotipaik5_5_,
        organisaat0_.kuvaus_mkt as kuvaus_28_5_,
        organisaat0_.lakkautuspvm as lakkautu6_5_,
        organisaat0_.maa as maa7_5_,
        organisaat0_.metadata_id as metadat29_5_,
        organisaat0_.nimi_mkt as nimi_mk30_5_,
        organisaat0_.nimihaku as nimihaku8_5_,
        organisaat0_.oid as oid9_5_,
        organisaat0_.opetuspisteenjarjnro as opetusp10_5_,
        organisaat0_.oppilaitoskoodi as oppilai11_5_,
        organisaat0_.oppilaitos_tyyppi as oppilai12_5_,
        organisaat0_.organisaatio_poistettu as organis13_5_,
        organisaat0_.paivittaja as paivitt14_5_,
        organisaat0_.paivityspvm as paivity15_5_,
        organisaat0_.parentidpath as parenti16_5_,
        organisaat0_.parentoidpath as parento17_5_,
        organisaat0_.piilotettu as piilote18_5_,
        organisaat0_.tarkastus_pvm as tarkast19_5_,
        organisaat0_.toimipistekoodi as toimipi20_5_,
        organisaat0_.tuontipvm as tuontip21_5_,
        organisaat0_.varhaiskasvatuksen_toimipaikka_tiedot_id as varhais31_5_,
        organisaat0_.virastotunnus as virasto22_5_,
        organisaat0_.yhteishaunkoulukoodi as yhteish23_5_,
        organisaat0_.yritysmuoto as yritysm24_5_,
        organisaat0_.ytj_kieli as ytj_kie25_5_,
        organisaat0_.ytjpaivityspvm as ytjpaiv26_5_,
        organisaat0_.ytunnus as ytunnus27_5_ 
    from
        organisaatio organisaat0_ 
    where
        organisaat0_.oid=?
2020-06-10 18:11:43.884 TRACE 55751 --- [    Test worker] o.h.type.descriptor.sql.BasicBinder      : binding parameter [1] as [VARCHAR] - [oppilaitos2]
Hibernate: 
    select
        organisaat0_.id as id1_5_,
        organisaat0_.version as version2_5_,
        organisaat0_.alkupvm as alkupvm3_5_,
        organisaat0_.domainnimi as domainni4_5_,
        organisaat0_.kotipaikka as kotipaik5_5_,
        organisaat0_.kuvaus_mkt as kuvaus_28_5_,
        organisaat0_.lakkautuspvm as lakkautu6_5_,
        organisaat0_.maa as maa7_5_,
        organisaat0_.metadata_id as metadat29_5_,
        organisaat0_.nimi_mkt as nimi_mk30_5_,
        organisaat0_.nimihaku as nimihaku8_5_,
        organisaat0_.oid as oid9_5_,
        organisaat0_.opetuspisteenjarjnro as opetusp10_5_,
        organisaat0_.oppilaitoskoodi as oppilai11_5_,
        organisaat0_.oppilaitos_tyyppi as oppilai12_5_,
        organisaat0_.organisaatio_poistettu as organis13_5_,
        organisaat0_.paivittaja as paivitt14_5_,
        organisaat0_.paivityspvm as paivity15_5_,
        organisaat0_.parentidpath as parenti16_5_,
        organisaat0_.parentoidpath as parento17_5_,
        organisaat0_.piilotettu as piilote18_5_,
        organisaat0_.tarkastus_pvm as tarkast19_5_,
        organisaat0_.toimipistekoodi as toimipi20_5_,
        organisaat0_.tuontipvm as tuontip21_5_,
        organisaat0_.varhaiskasvatuksen_toimipaikka_tiedot_id as varhais31_5_,
        organisaat0_.virastotunnus as virasto22_5_,
        organisaat0_.yhteishaunkoulukoodi as yhteish23_5_,
        organisaat0_.yritysmuoto as yritysm24_5_,
        organisaat0_.ytj_kieli as ytj_kie25_5_,
        organisaat0_.ytjpaivityspvm as ytjpaiv26_5_,
        organisaat0_.ytunnus as ytunnus27_5_ 
    from
        organisaatio organisaat0_ 
    where
        organisaat0_.oid=?
2020-06-10 18:11:43.886 TRACE 55751 --- [    Test worker] o.h.type.descriptor.sql.BasicBinder      : binding parameter [1] as [VARCHAR] - [koulutustoimija]
2020-06-10 18:11:43.886 TRACE 55751 --- [    Test worker] o.h.type.descriptor.sql.BasicExtractor   : extracted value ([id1_5_] : [BIGINT]) - [21]
2020-06-10 18:11:44.121  WARN 55751 --- [    Test worker] fi.vm.sade.javautils.http.OphHttpClient  : Failed to CAS authenticate. Renewing proxy ticket.
Hibernate: 
    select
        organisaat0_.id as id1_5_,
        organisaat0_.version as version2_5_,
        organisaat0_.alkupvm as alkupvm3_5_,
        organisaat0_.domainnimi as domainni4_5_,
        organisaat0_.kotipaikka as kotipaik5_5_,
        organisaat0_.kuvaus_mkt as kuvaus_28_5_,
        organisaat0_.lakkautuspvm as lakkautu6_5_,
        organisaat0_.maa as maa7_5_,
        organisaat0_.metadata_id as metadat29_5_,
        organisaat0_.nimi_mkt as nimi_mk30_5_,
        organisaat0_.nimihaku as nimihaku8_5_,
        organisaat0_.oid as oid9_5_,
        organisaat0_.opetuspisteenjarjnro as opetusp10_5_,
        organisaat0_.oppilaitoskoodi as oppilai11_5_,
        organisaat0_.oppilaitos_tyyppi as oppilai12_5_,
        organisaat0_.organisaatio_poistettu as organis13_5_,
        organisaat0_.paivittaja as paivitt14_5_,
        organisaat0_.paivityspvm as paivity15_5_,
        organisaat0_.parentidpath as parenti16_5_,
        organisaat0_.parentoidpath as parento17_5_,
        organisaat0_.piilotettu as piilote18_5_,
        organisaat0_.tarkastus_pvm as tarkast19_5_,
        organisaat0_.toimipistekoodi as toimipi20_5_,
        organisaat0_.tuontipvm as tuontip21_5_,
        organisaat0_.varhaiskasvatuksen_toimipaikka_tiedot_id as varhais31_5_,
        organisaat0_.virastotunnus as virasto22_5_,
        organisaat0_.yhteishaunkoulukoodi as yhteish23_5_,
        organisaat0_.yritysmuoto as yritysm24_5_,
        organisaat0_.ytj_kieli as ytj_kie25_5_,
        organisaat0_.ytjpaivityspvm as ytjpaiv26_5_,
        organisaat0_.ytunnus as ytunnus27_5_ 
    from
        organisaatio organisaat0_ 
    where
        organisaat0_.oid=?
2020-06-10 18:11:44.235 TRACE 55751 --- [    Test worker] o.h.type.descriptor.sql.BasicBinder      : binding parameter [1] as [VARCHAR] - [koulutustoimija]
2020-06-10 18:11:44.235 TRACE 55751 --- [    Test worker] o.h.type.descriptor.sql.BasicExtractor   : extracted value ([id1_5_] : [BIGINT]) - [21]
Hibernate: 
    select
        organisaat0_.id as id1_5_,
        organisaat0_.version as version2_5_,
        organisaat0_.alkupvm as alkupvm3_5_,
        organisaat0_.domainnimi as domainni4_5_,
        organisaat0_.kotipaikka as kotipaik5_5_,
        organisaat0_.kuvaus_mkt as kuvaus_28_5_,
        organisaat0_.lakkautuspvm as lakkautu6_5_,
        organisaat0_.maa as maa7_5_,
        organisaat0_.metadata_id as metadat29_5_,
        organisaat0_.nimi_mkt as nimi_mk30_5_,
        organisaat0_.nimihaku as nimihaku8_5_,
        organisaat0_.oid as oid9_5_,
        organisaat0_.opetuspisteenjarjnro as opetusp10_5_,
        organisaat0_.oppilaitoskoodi as oppilai11_5_,
        organisaat0_.oppilaitos_tyyppi as oppilai12_5_,
        organisaat0_.organisaatio_poistettu as organis13_5_,
        organisaat0_.paivittaja as paivitt14_5_,
        organisaat0_.paivityspvm as paivity15_5_,
        organisaat0_.parentidpath as parenti16_5_,
        organisaat0_.parentoidpath as parento17_5_,
        organisaat0_.piilotettu as piilote18_5_,
        organisaat0_.tarkastus_pvm as tarkast19_5_,
        organisaat0_.toimipistekoodi as toimipi20_5_,
        organisaat0_.tuontipvm as tuontip21_5_,
        organisaat0_.varhaiskasvatuksen_toimipaikka_tiedot_id as varhais31_5_,
        organisaat0_.virastotunnus as virasto22_5_,
        organisaat0_.yhteishaunkoulukoodi as yhteish23_5_,
        organisaat0_.yritysmuoto as yritysm24_5_,
        organisaat0_.ytj_kieli as ytj_kie25_5_,
        organisaat0_.ytjpaivityspvm as ytjpaiv26_5_,
        organisaat0_.ytunnus as ytunnus27_5_ 
    from
        organisaatio organisaat0_ 
    where
        organisaat0_.oid=?
2020-06-10 18:11:44.236 TRACE 55751 --- [    Test worker] o.h.type.descriptor.sql.BasicBinder      : binding parameter [1] as [VARCHAR] - [koulutustoimija]
2020-06-10 18:11:44.236 TRACE 55751 --- [    Test worker] o.h.type.descriptor.sql.BasicExtractor   : extracted value ([id1_5_] : [BIGINT]) - [21]
Hibernate: 
    insert 
    into
        monikielinen_teksti
        (id, version) 
    values
        (null, ?)
2020-06-10 18:11:44.238 TRACE 55751 --- [    Test worker] o.h.type.descriptor.sql.BasicBinder      : binding parameter [1] as [BIGINT] - [0]
Hibernate: 
    insert 
    into
        monikielinen_teksti
        (id, version) 
    values
        (null, ?)
2020-06-10 18:11:44.238 TRACE 55751 --- [    Test worker] o.h.type.descriptor.sql.BasicBinder      : binding parameter [1] as [BIGINT] - [0]
Hibernate: 
    insert 
    into
        organisaatio
        (id, version, alkupvm, domainnimi, kotipaikka, kuvaus_mkt, lakkautuspvm, maa, metadata_id, nimi_mkt, nimihaku, oid, opetuspisteenjarjnro, oppilaitoskoodi, oppilaitos_tyyppi, organisaatio_poistettu, paivittaja, paivityspvm, parentidpath, parentoidpath, piilotettu, tarkastus_pvm, toimipistekoodi, tuontipvm, varhaiskasvatuksen_toimipaikka_tiedot_id, virastotunnus, yhteishaunkoulukoodi, yritysmuoto, ytj_kieli, ytjpaivityspvm, ytunnus) 
    values
        (null, ?, ?, ?, ?, ?, ?, ?, ?, ?, ?, ?, ?, ?, ?, ?, ?, ?, ?, ?, ?, ?, ?, ?, ?, ?, ?, ?, ?, ?, ?)
2020-06-10 18:11:44.239 TRACE 55751 --- [    Test worker] o.h.type.descriptor.sql.BasicBinder      : binding parameter [1] as [BIGINT] - [0]
2020-06-10 18:11:44.239 TRACE 55751 --- [    Test worker] o.h.type.descriptor.sql.BasicBinder      : binding parameter [2] as [DATE] - [Fri Dec 31 00:00:00 EET 1999]
2020-06-10 18:11:44.239 TRACE 55751 --- [    Test worker] o.h.type.descriptor.sql.BasicBinder      : binding parameter [3] as [VARCHAR] - [null]
2020-06-10 18:11:44.239 TRACE 55751 --- [    Test worker] o.h.type.descriptor.sql.BasicBinder      : binding parameter [4] as [VARCHAR] - [kunta_092]
2020-06-10 18:11:44.239 TRACE 55751 --- [    Test worker] o.h.type.descriptor.sql.BasicBinder      : binding parameter [5] as [BIGINT] - [1028]
2020-06-10 18:11:44.239 TRACE 55751 --- [    Test worker] o.h.type.descriptor.sql.BasicBinder      : binding parameter [6] as [DATE] - [null]
2020-06-10 18:11:44.239 TRACE 55751 --- [    Test worker] o.h.type.descriptor.sql.BasicBinder      : binding parameter [7] as [VARCHAR] - [maatjavaltiot1_fin]
2020-06-10 18:11:44.239 TRACE 55751 --- [    Test worker] o.h.type.descriptor.sql.BasicBinder      : binding parameter [8] as [BIGINT] - [null]
2020-06-10 18:11:44.239 TRACE 55751 --- [    Test worker] o.h.type.descriptor.sql.BasicBinder      : binding parameter [9] as [BIGINT] - [1029]
2020-06-10 18:11:44.239 TRACE 55751 --- [    Test worker] o.h.type.descriptor.sql.BasicBinder      : binding parameter [10] as [VARCHAR] - [,oppilaitos2]
2020-06-10 18:11:44.239 TRACE 55751 --- [    Test worker] o.h.type.descriptor.sql.BasicBinder      : binding parameter [11] as [VARCHAR] - [oppilaitos2]
2020-06-10 18:11:44.239 TRACE 55751 --- [    Test worker] o.h.type.descriptor.sql.BasicBinder      : binding parameter [12] as [VARCHAR] - [null]
2020-06-10 18:11:44.239 TRACE 55751 --- [    Test worker] o.h.type.descriptor.sql.BasicBinder      : binding parameter [13] as [VARCHAR] - [null]
2020-06-10 18:11:44.239 TRACE 55751 --- [    Test worker] o.h.type.descriptor.sql.BasicBinder      : binding parameter [14] as [VARCHAR] - [null]
2020-06-10 18:11:44.239 TRACE 55751 --- [    Test worker] o.h.type.descriptor.sql.BasicBinder      : binding parameter [15] as [BOOLEAN] - [false]
2020-06-10 18:11:44.239 TRACE 55751 --- [    Test worker] o.h.type.descriptor.sql.BasicBinder      : binding parameter [16] as [VARCHAR] - [ophadmin]
2020-06-10 18:11:44.239 TRACE 55751 --- [    Test worker] o.h.type.descriptor.sql.BasicBinder      : binding parameter [17] as [TIMESTAMP] - [Wed Jun 10 18:11:44 EEST 2020]
2020-06-10 18:11:44.239 TRACE 55751 --- [    Test worker] o.h.type.descriptor.sql.BasicBinder      : binding parameter [18] as [VARCHAR] - [|1|21|]
2020-06-10 18:11:44.239 TRACE 55751 --- [    Test worker] o.h.type.descriptor.sql.BasicBinder      : binding parameter [19] as [VARCHAR] - [|1.2.246.562.24.00000000001|koulutustoimija|]
2020-06-10 18:11:44.239 TRACE 55751 --- [    Test worker] o.h.type.descriptor.sql.BasicBinder      : binding parameter [20] as [BOOLEAN] - [false]
2020-06-10 18:11:44.239 TRACE 55751 --- [    Test worker] o.h.type.descriptor.sql.BasicBinder      : binding parameter [21] as [TIMESTAMP] - [null]
2020-06-10 18:11:44.240 TRACE 55751 --- [    Test worker] o.h.type.descriptor.sql.BasicBinder      : binding parameter [22] as [VARCHAR] - [null]
2020-06-10 18:11:44.240 TRACE 55751 --- [    Test worker] o.h.type.descriptor.sql.BasicBinder      : binding parameter [23] as [TIMESTAMP] - [null]
2020-06-10 18:11:44.240 TRACE 55751 --- [    Test worker] o.h.type.descriptor.sql.BasicBinder      : binding parameter [24] as [BIGINT] - [null]
2020-06-10 18:11:44.240 TRACE 55751 --- [    Test worker] o.h.type.descriptor.sql.BasicBinder      : binding parameter [25] as [VARCHAR] - [null]
2020-06-10 18:11:44.240 TRACE 55751 --- [    Test worker] o.h.type.descriptor.sql.BasicBinder      : binding parameter [26] as [VARCHAR] - [null]
2020-06-10 18:11:44.240 TRACE 55751 --- [    Test worker] o.h.type.descriptor.sql.BasicBinder      : binding parameter [27] as [VARCHAR] - [null]
2020-06-10 18:11:44.240 TRACE 55751 --- [    Test worker] o.h.type.descriptor.sql.BasicBinder      : binding parameter [28] as [VARCHAR] - [null]
2020-06-10 18:11:44.240 TRACE 55751 --- [    Test worker] o.h.type.descriptor.sql.BasicBinder      : binding parameter [29] as [DATE] - [null]
2020-06-10 18:11:44.240 TRACE 55751 --- [    Test worker] o.h.type.descriptor.sql.BasicBinder      : binding parameter [30] as [VARCHAR] - [null]
Hibernate: 
    insert 
    into
        organisaatio_nimi
        (id, version, alkupvm, nimi_mkt, organisaatio_id, paivittaja) 
    values
        (null, ?, ?, ?, ?, ?)
2020-06-10 18:11:44.240 TRACE 55751 --- [    Test worker] o.h.type.descriptor.sql.BasicBinder      : binding parameter [1] as [BIGINT] - [0]
2020-06-10 18:11:44.240 TRACE 55751 --- [    Test worker] o.h.type.descriptor.sql.BasicBinder      : binding parameter [2] as [DATE] - [Wed Jun 10 18:11:43 EEST 2020]
2020-06-10 18:11:44.240 TRACE 55751 --- [    Test worker] o.h.type.descriptor.sql.BasicBinder      : binding parameter [3] as [BIGINT] - [1029]
2020-06-10 18:11:44.240 TRACE 55751 --- [    Test worker] o.h.type.descriptor.sql.BasicBinder      : binding parameter [4] as [BIGINT] - [24]
2020-06-10 18:11:44.240 TRACE 55751 --- [    Test worker] o.h.type.descriptor.sql.BasicBinder      : binding parameter [5] as [VARCHAR] - [null]
Hibernate: 
    insert 
    into
        yhteystieto
        (id, version, kieli, organisaatio_id, yhteystieto_oid, coordinatetype, extrarivi, lat, lng, maa, osavaltio, osoite, osoite_tyyppi, postinumero, postitoimipaikka, ytjpaivityspvm, dtype) 
    values
        (null, ?, ?, ?, ?, ?, ?, ?, ?, ?, ?, ?, ?, ?, ?, ?, 'Osoite')
2020-06-10 18:11:44.241 TRACE 55751 --- [    Test worker] o.h.type.descriptor.sql.BasicBinder      : binding parameter [1] as [BIGINT] - [0]
2020-06-10 18:11:44.241 TRACE 55751 --- [    Test worker] o.h.type.descriptor.sql.BasicBinder      : binding parameter [2] as [VARCHAR] - [kieli_fi#1]
2020-06-10 18:11:44.241 TRACE 55751 --- [    Test worker] o.h.type.descriptor.sql.BasicBinder      : binding parameter [3] as [BIGINT] - [24]
2020-06-10 18:11:44.241 TRACE 55751 --- [    Test worker] o.h.type.descriptor.sql.BasicBinder      : binding parameter [4] as [VARCHAR] - [1.2.246.562.5.95114340200]
2020-06-10 18:11:44.241 TRACE 55751 --- [    Test worker] o.h.type.descriptor.sql.BasicBinder      : binding parameter [5] as [VARCHAR] - [null]
2020-06-10 18:11:44.241 TRACE 55751 --- [    Test worker] o.h.type.descriptor.sql.BasicBinder      : binding parameter [6] as [VARCHAR] - [null]
2020-06-10 18:11:44.241 TRACE 55751 --- [    Test worker] o.h.type.descriptor.sql.BasicBinder      : binding parameter [7] as [DOUBLE] - [null]
2020-06-10 18:11:44.241 TRACE 55751 --- [    Test worker] o.h.type.descriptor.sql.BasicBinder      : binding parameter [8] as [DOUBLE] - [null]
2020-06-10 18:11:44.241 TRACE 55751 --- [    Test worker] o.h.type.descriptor.sql.BasicBinder      : binding parameter [9] as [VARCHAR] - [null]
2020-06-10 18:11:44.241 TRACE 55751 --- [    Test worker] o.h.type.descriptor.sql.BasicBinder      : binding parameter [10] as [VARCHAR] - [null]
2020-06-10 18:11:44.241 TRACE 55751 --- [    Test worker] o.h.type.descriptor.sql.BasicBinder      : binding parameter [11] as [VARCHAR] - [Kayntiosoite 2B]
2020-06-10 18:11:44.241 TRACE 55751 --- [    Test worker] o.h.type.descriptor.sql.BasicBinder      : binding parameter [12] as [VARCHAR] - [kaynti]
2020-06-10 18:11:44.241 TRACE 55751 --- [    Test worker] o.h.type.descriptor.sql.BasicBinder      : binding parameter [13] as [VARCHAR] - [posti_00550]
2020-06-10 18:11:44.241 TRACE 55751 --- [    Test worker] o.h.type.descriptor.sql.BasicBinder      : binding parameter [14] as [VARCHAR] - [Helsinki]
2020-06-10 18:11:44.241 TRACE 55751 --- [    Test worker] o.h.type.descriptor.sql.BasicBinder      : binding parameter [15] as [DATE] - [null]
Hibernate: 
    insert 
    into
        yhteystieto
        (id, version, kieli, organisaatio_id, yhteystieto_oid, email, dtype) 
    values
        (null, ?, ?, ?, ?, ?, 'Email')
2020-06-10 18:11:44.242 TRACE 55751 --- [    Test worker] o.h.type.descriptor.sql.BasicBinder      : binding parameter [1] as [BIGINT] - [0]
2020-06-10 18:11:44.242 TRACE 55751 --- [    Test worker] o.h.type.descriptor.sql.BasicBinder      : binding parameter [2] as [VARCHAR] - [kieli_fi#1]
2020-06-10 18:11:44.242 TRACE 55751 --- [    Test worker] o.h.type.descriptor.sql.BasicBinder      : binding parameter [3] as [BIGINT] - [24]
2020-06-10 18:11:44.242 TRACE 55751 --- [    Test worker] o.h.type.descriptor.sql.BasicBinder      : binding parameter [4] as [VARCHAR] - [15918019038840.45196181380861644]
2020-06-10 18:11:44.242 TRACE 55751 --- [    Test worker] o.h.type.descriptor.sql.BasicBinder      : binding parameter [5] as [VARCHAR] - [asd@asd.asd]
Hibernate: 
    insert 
    into
        yhteystieto
        (id, version, kieli, organisaatio_id, yhteystieto_oid, puhelinnumero, tyyppi, dtype) 
    values
        (null, ?, ?, ?, ?, ?, ?, 'Puhelinnumero')
2020-06-10 18:11:44.243 TRACE 55751 --- [    Test worker] o.h.type.descriptor.sql.BasicBinder      : binding parameter [1] as [BIGINT] - [0]
2020-06-10 18:11:44.243 TRACE 55751 --- [    Test worker] o.h.type.descriptor.sql.BasicBinder      : binding parameter [2] as [VARCHAR] - [kieli_fi#1]
2020-06-10 18:11:44.243 TRACE 55751 --- [    Test worker] o.h.type.descriptor.sql.BasicBinder      : binding parameter [3] as [BIGINT] - [24]
2020-06-10 18:11:44.243 TRACE 55751 --- [    Test worker] o.h.type.descriptor.sql.BasicBinder      : binding parameter [4] as [VARCHAR] - [1.2.246.562.5.88650600214]
2020-06-10 18:11:44.243 TRACE 55751 --- [    Test worker] o.h.type.descriptor.sql.BasicBinder      : binding parameter [5] as [VARCHAR] - [123]
2020-06-10 18:11:44.243 TRACE 55751 --- [    Test worker] o.h.type.descriptor.sql.BasicBinder      : binding parameter [6] as [VARCHAR] - [puhelin]
Hibernate: 
    insert 
    into
        yhteystieto
        (id, version, kieli, organisaatio_id, yhteystieto_oid, www_osoite, dtype) 
    values
        (null, ?, ?, ?, ?, ?, 'Www')
2020-06-10 18:11:44.243 TRACE 55751 --- [    Test worker] o.h.type.descriptor.sql.BasicBinder      : binding parameter [1] as [BIGINT] - [0]
2020-06-10 18:11:44.243 TRACE 55751 --- [    Test worker] o.h.type.descriptor.sql.BasicBinder      : binding parameter [2] as [VARCHAR] - [kieli_fi#1]
2020-06-10 18:11:44.243 TRACE 55751 --- [    Test worker] o.h.type.descriptor.sql.BasicBinder      : binding parameter [3] as [BIGINT] - [24]
2020-06-10 18:11:44.243 TRACE 55751 --- [    Test worker] o.h.type.descriptor.sql.BasicBinder      : binding parameter [4] as [VARCHAR] - [15918019038840.45276809969843435]
2020-06-10 18:11:44.243 TRACE 55751 --- [    Test worker] o.h.type.descriptor.sql.BasicBinder      : binding parameter [5] as [VARCHAR] - [http://test.oph.fi]
Hibernate: 
    insert 
    into
        yhteystieto
        (id, version, kieli, organisaatio_id, yhteystieto_oid, coordinatetype, extrarivi, lat, lng, maa, osavaltio, osoite, osoite_tyyppi, postinumero, postitoimipaikka, ytjpaivityspvm, dtype) 
    values
        (null, ?, ?, ?, ?, ?, ?, ?, ?, ?, ?, ?, ?, ?, ?, ?, 'Osoite')
2020-06-10 18:11:44.244 TRACE 55751 --- [    Test worker] o.h.type.descriptor.sql.BasicBinder      : binding parameter [1] as [BIGINT] - [0]
2020-06-10 18:11:44.244 TRACE 55751 --- [    Test worker] o.h.type.descriptor.sql.BasicBinder      : binding parameter [2] as [VARCHAR] - [kieli_fi#1]
2020-06-10 18:11:44.244 TRACE 55751 --- [    Test worker] o.h.type.descriptor.sql.BasicBinder      : binding parameter [3] as [BIGINT] - [24]
2020-06-10 18:11:44.244 TRACE 55751 --- [    Test worker] o.h.type.descriptor.sql.BasicBinder      : binding parameter [4] as [VARCHAR] - [1.2.246.562.5.63821667833]
2020-06-10 18:11:44.244 TRACE 55751 --- [    Test worker] o.h.type.descriptor.sql.BasicBinder      : binding parameter [5] as [VARCHAR] - [null]
2020-06-10 18:11:44.244 TRACE 55751 --- [    Test worker] o.h.type.descriptor.sql.BasicBinder      : binding parameter [6] as [VARCHAR] - [null]
2020-06-10 18:11:44.244 TRACE 55751 --- [    Test worker] o.h.type.descriptor.sql.BasicBinder      : binding parameter [7] as [DOUBLE] - [null]
2020-06-10 18:11:44.244 TRACE 55751 --- [    Test worker] o.h.type.descriptor.sql.BasicBinder      : binding parameter [8] as [DOUBLE] - [null]
2020-06-10 18:11:44.244 TRACE 55751 --- [    Test worker] o.h.type.descriptor.sql.BasicBinder      : binding parameter [9] as [VARCHAR] - [null]
2020-06-10 18:11:44.244 TRACE 55751 --- [    Test worker] o.h.type.descriptor.sql.BasicBinder      : binding parameter [10] as [VARCHAR] - [null]
2020-06-10 18:11:44.244 TRACE 55751 --- [    Test worker] o.h.type.descriptor.sql.BasicBinder      : binding parameter [11] as [VARCHAR] - [Postiosoite 1A]
2020-06-10 18:11:44.244 TRACE 55751 --- [    Test worker] o.h.type.descriptor.sql.BasicBinder      : binding parameter [12] as [VARCHAR] - [posti]
2020-06-10 18:11:44.244 TRACE 55751 --- [    Test worker] o.h.type.descriptor.sql.BasicBinder      : binding parameter [13] as [VARCHAR] - [00550]
2020-06-10 18:11:44.244 TRACE 55751 --- [    Test worker] o.h.type.descriptor.sql.BasicBinder      : binding parameter [14] as [VARCHAR] - [Helsinki]
2020-06-10 18:11:44.244 TRACE 55751 --- [    Test worker] o.h.type.descriptor.sql.BasicBinder      : binding parameter [15] as [DATE] - [null]
2020-06-10 18:11:44.245  INFO 55751 --- [    Test worker] .s.o.r.i.OrganisaatioSuhdeRepositoryImpl : findParentTo(24, Wed Jun 10 18:11:44 EEST 2020)
Hibernate: 
    update
        organisaatio 
    set
        version=?,
        alkupvm=?,
        domainnimi=?,
        kotipaikka=?,
        kuvaus_mkt=?,
        lakkautuspvm=?,
        maa=?,
        metadata_id=?,
        nimi_mkt=?,
        nimihaku=?,
        oid=?,
        opetuspisteenjarjnro=?,
        oppilaitoskoodi=?,
        oppilaitos_tyyppi=?,
        organisaatio_poistettu=?,
        paivittaja=?,
        paivityspvm=?,
        parentidpath=?,
        parentoidpath=?,
        piilotettu=?,
        tarkastus_pvm=?,
        toimipistekoodi=?,
        tuontipvm=?,
        varhaiskasvatuksen_toimipaikka_tiedot_id=?,
        virastotunnus=?,
        yhteishaunkoulukoodi=?,
        yritysmuoto=?,
        ytj_kieli=?,
        ytjpaivityspvm=?,
        ytunnus=? 
    where
        id=? 
        and version=?
2020-06-10 18:11:44.246 TRACE 55751 --- [    Test worker] o.h.type.descriptor.sql.BasicBinder      : binding parameter [1] as [BIGINT] - [1]
2020-06-10 18:11:44.246 TRACE 55751 --- [    Test worker] o.h.type.descriptor.sql.BasicBinder      : binding parameter [2] as [DATE] - [Fri Dec 31 00:00:00 EET 1999]
2020-06-10 18:11:44.246 TRACE 55751 --- [    Test worker] o.h.type.descriptor.sql.BasicBinder      : binding parameter [3] as [VARCHAR] - [null]
2020-06-10 18:11:44.246 TRACE 55751 --- [    Test worker] o.h.type.descriptor.sql.BasicBinder      : binding parameter [4] as [VARCHAR] - [kunta_092]
2020-06-10 18:11:44.246 TRACE 55751 --- [    Test worker] o.h.type.descriptor.sql.BasicBinder      : binding parameter [5] as [BIGINT] - [1028]
2020-06-10 18:11:44.246 TRACE 55751 --- [    Test worker] o.h.type.descriptor.sql.BasicBinder      : binding parameter [6] as [DATE] - [null]
2020-06-10 18:11:44.246 TRACE 55751 --- [    Test worker] o.h.type.descriptor.sql.BasicBinder      : binding parameter [7] as [VARCHAR] - [maatjavaltiot1_fin]
2020-06-10 18:11:44.246 TRACE 55751 --- [    Test worker] o.h.type.descriptor.sql.BasicBinder      : binding parameter [8] as [BIGINT] - [null]
2020-06-10 18:11:44.246 TRACE 55751 --- [    Test worker] o.h.type.descriptor.sql.BasicBinder      : binding parameter [9] as [BIGINT] - [1029]
2020-06-10 18:11:44.246 TRACE 55751 --- [    Test worker] o.h.type.descriptor.sql.BasicBinder      : binding parameter [10] as [VARCHAR] - [,oppilaitos2]
2020-06-10 18:11:44.246 TRACE 55751 --- [    Test worker] o.h.type.descriptor.sql.BasicBinder      : binding parameter [11] as [VARCHAR] - [oppilaitos2]
2020-06-10 18:11:44.246 TRACE 55751 --- [    Test worker] o.h.type.descriptor.sql.BasicBinder      : binding parameter [12] as [VARCHAR] - [null]
2020-06-10 18:11:44.246 TRACE 55751 --- [    Test worker] o.h.type.descriptor.sql.BasicBinder      : binding parameter [13] as [VARCHAR] - [null]
2020-06-10 18:11:44.246 TRACE 55751 --- [    Test worker] o.h.type.descriptor.sql.BasicBinder      : binding parameter [14] as [VARCHAR] - [null]
2020-06-10 18:11:44.246 TRACE 55751 --- [    Test worker] o.h.type.descriptor.sql.BasicBinder      : binding parameter [15] as [BOOLEAN] - [false]
2020-06-10 18:11:44.246 TRACE 55751 --- [    Test worker] o.h.type.descriptor.sql.BasicBinder      : binding parameter [16] as [VARCHAR] - [ophadmin]
2020-06-10 18:11:44.246 TRACE 55751 --- [    Test worker] o.h.type.descriptor.sql.BasicBinder      : binding parameter [17] as [TIMESTAMP] - [Wed Jun 10 18:11:44 EEST 2020]
2020-06-10 18:11:44.246 TRACE 55751 --- [    Test worker] o.h.type.descriptor.sql.BasicBinder      : binding parameter [18] as [VARCHAR] - [|1|21|]
2020-06-10 18:11:44.246 TRACE 55751 --- [    Test worker] o.h.type.descriptor.sql.BasicBinder      : binding parameter [19] as [VARCHAR] - [|1.2.246.562.24.00000000001|koulutustoimija|]
2020-06-10 18:11:44.246 TRACE 55751 --- [    Test worker] o.h.type.descriptor.sql.BasicBinder      : binding parameter [20] as [BOOLEAN] - [false]
2020-06-10 18:11:44.246 TRACE 55751 --- [    Test worker] o.h.type.descriptor.sql.BasicBinder      : binding parameter [21] as [TIMESTAMP] - [null]
2020-06-10 18:11:44.246 TRACE 55751 --- [    Test worker] o.h.type.descriptor.sql.BasicBinder      : binding parameter [22] as [VARCHAR] - [null]
2020-06-10 18:11:44.246 TRACE 55751 --- [    Test worker] o.h.type.descriptor.sql.BasicBinder      : binding parameter [23] as [TIMESTAMP] - [null]
2020-06-10 18:11:44.246 TRACE 55751 --- [    Test worker] o.h.type.descriptor.sql.BasicBinder      : binding parameter [24] as [BIGINT] - [null]
2020-06-10 18:11:44.246 TRACE 55751 --- [    Test worker] o.h.type.descriptor.sql.BasicBinder      : binding parameter [25] as [VARCHAR] - [null]
2020-06-10 18:11:44.246 TRACE 55751 --- [    Test worker] o.h.type.descriptor.sql.BasicBinder      : binding parameter [26] as [VARCHAR] - [null]
2020-06-10 18:11:44.246 TRACE 55751 --- [    Test worker] o.h.type.descriptor.sql.BasicBinder      : binding parameter [27] as [VARCHAR] - [null]
2020-06-10 18:11:44.246 TRACE 55751 --- [    Test worker] o.h.type.descriptor.sql.BasicBinder      : binding parameter [28] as [VARCHAR] - [null]
2020-06-10 18:11:44.246 TRACE 55751 --- [    Test worker] o.h.type.descriptor.sql.BasicBinder      : binding parameter [29] as [DATE] - [null]
2020-06-10 18:11:44.246 TRACE 55751 --- [    Test worker] o.h.type.descriptor.sql.BasicBinder      : binding parameter [30] as [VARCHAR] - [null]
2020-06-10 18:11:44.246 TRACE 55751 --- [    Test worker] o.h.type.descriptor.sql.BasicBinder      : binding parameter [31] as [BIGINT] - [24]
2020-06-10 18:11:44.246 TRACE 55751 --- [    Test worker] o.h.type.descriptor.sql.BasicBinder      : binding parameter [32] as [BIGINT] - [0]
Hibernate: 
    insert 
    into
        organisaatio_kielet
        (organisaatio_id, kielet) 
    values
        (?, ?)
2020-06-10 18:11:44.247 TRACE 55751 --- [    Test worker] o.h.type.descriptor.sql.BasicBinder      : binding parameter [1] as [BIGINT] - [24]
2020-06-10 18:11:44.247 TRACE 55751 --- [    Test worker] o.h.type.descriptor.sql.BasicBinder      : binding parameter [2] as [VARCHAR] - [oppilaitoksenopetuskieli_1#1]
Hibernate: 
    insert 
    into
        organisaatio_tyypit
        (organisaatio_id, tyypit) 
    values
        (?, ?)
2020-06-10 18:11:44.247 TRACE 55751 --- [    Test worker] o.h.type.descriptor.sql.BasicBinder      : binding parameter [1] as [BIGINT] - [24]
2020-06-10 18:11:44.247 TRACE 55751 --- [    Test worker] o.h.type.descriptor.sql.BasicBinder      : binding parameter [2] as [VARCHAR] - [organisaatiotyyppi_02]
Hibernate: 
    insert 
    into
        monikielinen_teksti_values
        (id, key, value) 
    values
        (?, ?, ?)
2020-06-10 18:11:44.247 TRACE 55751 --- [    Test worker] o.h.type.descriptor.sql.BasicBinder      : binding parameter [1] as [BIGINT] - [1029]
2020-06-10 18:11:44.247 TRACE 55751 --- [    Test worker] o.h.type.descriptor.sql.BasicBinder      : binding parameter [2] as [VARCHAR] - [fi]
2020-06-10 18:11:44.247 TRACE 55751 --- [    Test worker] o.h.type.descriptor.sql.BasicBinder      : binding parameter [3] as [VARCHAR] - [oppilaitos2]
Hibernate: 
    select
        organisaat0_.id as id1_19_0_,
        organisaat1_.id as id1_5_1_,
        organisaat0_.version as version2_19_0_,
        organisaat0_.alkupvm as alkupvm3_19_0_,
        organisaat0_.child_id as child_id7_19_0_,
        organisaat0_.loppupvm as loppupvm4_19_0_,
        organisaat0_.opetuspisteenjarjnro as opetuspi5_19_0_,
        organisaat0_.parent_id as parent_i8_19_0_,
        organisaat0_.suhdetyyppi as suhdetyy6_19_0_,
        organisaat1_.version as version2_5_1_,
        organisaat1_.alkupvm as alkupvm3_5_1_,
        organisaat1_.domainnimi as domainni4_5_1_,
        organisaat1_.kotipaikka as kotipaik5_5_1_,
        organisaat1_.kuvaus_mkt as kuvaus_28_5_1_,
        organisaat1_.lakkautuspvm as lakkautu6_5_1_,
        organisaat1_.maa as maa7_5_1_,
        organisaat1_.metadata_id as metadat29_5_1_,
        organisaat1_.nimi_mkt as nimi_mk30_5_1_,
        organisaat1_.nimihaku as nimihaku8_5_1_,
        organisaat1_.oid as oid9_5_1_,
        organisaat1_.opetuspisteenjarjnro as opetusp10_5_1_,
        organisaat1_.oppilaitoskoodi as oppilai11_5_1_,
        organisaat1_.oppilaitos_tyyppi as oppilai12_5_1_,
        organisaat1_.organisaatio_poistettu as organis13_5_1_,
        organisaat1_.paivittaja as paivitt14_5_1_,
        organisaat1_.paivityspvm as paivity15_5_1_,
        organisaat1_.parentidpath as parenti16_5_1_,
        organisaat1_.parentoidpath as parento17_5_1_,
        organisaat1_.piilotettu as piilote18_5_1_,
        organisaat1_.tarkastus_pvm as tarkast19_5_1_,
        organisaat1_.toimipistekoodi as toimipi20_5_1_,
        organisaat1_.tuontipvm as tuontip21_5_1_,
        organisaat1_.varhaiskasvatuksen_toimipaikka_tiedot_id as varhais31_5_1_,
        organisaat1_.virastotunnus as virasto22_5_1_,
        organisaat1_.yhteishaunkoulukoodi as yhteish23_5_1_,
        organisaat1_.yritysmuoto as yritysm24_5_1_,
        organisaat1_.ytj_kieli as ytj_kie25_5_1_,
        organisaat1_.ytjpaivityspvm as ytjpaiv26_5_1_,
        organisaat1_.ytunnus as ytunnus27_5_1_ 
    from
        organisaatiosuhde organisaat0_ 
    inner join
        organisaatio organisaat1_ 
            on organisaat0_.parent_id=organisaat1_.id 
    where
        organisaat0_.child_id=? 
        and organisaat0_.suhdetyyppi=? 
        and (
            organisaat0_.alkupvm=? 
            or organisaat0_.alkupvm<?
        ) 
        and (
            organisaat0_.loppupvm is null 
            or organisaat0_.loppupvm>?
        ) 
        and organisaat1_.organisaatio_poistettu=? 
    order by
        organisaat0_.alkupvm desc
2020-06-10 18:11:44.248 TRACE 55751 --- [    Test worker] o.h.type.descriptor.sql.BasicBinder      : binding parameter [1] as [BIGINT] - [24]
2020-06-10 18:11:44.248 TRACE 55751 --- [    Test worker] o.h.type.descriptor.sql.BasicBinder      : binding parameter [2] as [VARCHAR] - [HISTORIA]
2020-06-10 18:11:44.248 TRACE 55751 --- [    Test worker] o.h.type.descriptor.sql.BasicBinder      : binding parameter [3] as [DATE] - [Wed Jun 10 18:11:44 EEST 2020]
2020-06-10 18:11:44.248 TRACE 55751 --- [    Test worker] o.h.type.descriptor.sql.BasicBinder      : binding parameter [4] as [DATE] - [Wed Jun 10 18:11:44 EEST 2020]
2020-06-10 18:11:44.248 TRACE 55751 --- [    Test worker] o.h.type.descriptor.sql.BasicBinder      : binding parameter [5] as [DATE] - [Wed Jun 10 18:11:44 EEST 2020]
2020-06-10 18:11:44.248 TRACE 55751 --- [    Test worker] o.h.type.descriptor.sql.BasicBinder      : binding parameter [6] as [BOOLEAN] - [false]
2020-06-10 18:11:44.248  INFO 55751 --- [    Test worker] .s.o.r.i.OrganisaatioSuhdeRepositoryImpl : addChild(21, 24, Wed Jun 10 18:11:44 EEST 2020)
Hibernate: 
    insert 
    into
        organisaatiosuhde
        (id, version, alkupvm, child_id, loppupvm, opetuspisteenjarjnro, parent_id, suhdetyyppi) 
    values
        (null, ?, ?, ?, ?, ?, ?, ?)
2020-06-10 18:11:44.249 TRACE 55751 --- [    Test worker] o.h.type.descriptor.sql.BasicBinder      : binding parameter [1] as [BIGINT] - [0]
2020-06-10 18:11:44.249 TRACE 55751 --- [    Test worker] o.h.type.descriptor.sql.BasicBinder      : binding parameter [2] as [DATE] - [Wed Jun 10 18:11:44 EEST 2020]
2020-06-10 18:11:44.249 TRACE 55751 --- [    Test worker] o.h.type.descriptor.sql.BasicBinder      : binding parameter [3] as [BIGINT] - [24]
2020-06-10 18:11:44.249 TRACE 55751 --- [    Test worker] o.h.type.descriptor.sql.BasicBinder      : binding parameter [4] as [DATE] - [null]
2020-06-10 18:11:44.249 TRACE 55751 --- [    Test worker] o.h.type.descriptor.sql.BasicBinder      : binding parameter [5] as [VARCHAR] - [null]
2020-06-10 18:11:44.249 TRACE 55751 --- [    Test worker] o.h.type.descriptor.sql.BasicBinder      : binding parameter [6] as [BIGINT] - [21]
2020-06-10 18:11:44.249 TRACE 55751 --- [    Test worker] o.h.type.descriptor.sql.BasicBinder      : binding parameter [7] as [VARCHAR] - [HISTORIA]
2020-06-10 18:11:44.249  INFO 55751 --- [    Test worker] .s.o.r.i.OrganisaatioSuhdeRepositoryImpl :     Created new child relation:  --> pId=21, cId=24, aPvm=Wed Jun 10 18:11:44 EEST 2020, lPvm=null
Hibernate: 
    select
        organisaat0_.id as id1_19_,
        organisaat0_.version as version2_19_,
        organisaat0_.alkupvm as alkupvm3_19_,
        organisaat0_.child_id as child_id7_19_,
        organisaat0_.loppupvm as loppupvm4_19_,
        organisaat0_.opetuspisteenjarjnro as opetuspi5_19_,
        organisaat0_.parent_id as parent_i8_19_,
        organisaat0_.suhdetyyppi as suhdetyy6_19_ 
    from
        organisaatiosuhde organisaat0_ 
    where
        organisaat0_.child_id=?
2020-06-10 18:11:44.250 TRACE 55751 --- [    Test worker] o.h.type.descriptor.sql.BasicBinder      : binding parameter [1] as [BIGINT] - [24]
2020-06-10 18:11:44.250 TRACE 55751 --- [    Test worker] o.h.type.descriptor.sql.BasicExtractor   : extracted value ([id1_19_] : [BIGINT]) - [25]
Hibernate: 
    select
        organisaat0_.id as id1_5_,
        organisaat0_.version as version2_5_,
        organisaat0_.alkupvm as alkupvm3_5_,
        organisaat0_.domainnimi as domainni4_5_,
        organisaat0_.kotipaikka as kotipaik5_5_,
        organisaat0_.kuvaus_mkt as kuvaus_28_5_,
        organisaat0_.lakkautuspvm as lakkautu6_5_,
        organisaat0_.maa as maa7_5_,
        organisaat0_.metadata_id as metadat29_5_,
        organisaat0_.nimi_mkt as nimi_mk30_5_,
        organisaat0_.nimihaku as nimihaku8_5_,
        organisaat0_.oid as oid9_5_,
        organisaat0_.opetuspisteenjarjnro as opetusp10_5_,
        organisaat0_.oppilaitoskoodi as oppilai11_5_,
        organisaat0_.oppilaitos_tyyppi as oppilai12_5_,
        organisaat0_.organisaatio_poistettu as organis13_5_,
        organisaat0_.paivittaja as paivitt14_5_,
        organisaat0_.paivityspvm as paivity15_5_,
        organisaat0_.parentidpath as parenti16_5_,
        organisaat0_.parentoidpath as parento17_5_,
        organisaat0_.piilotettu as piilote18_5_,
        organisaat0_.tarkastus_pvm as tarkast19_5_,
        organisaat0_.toimipistekoodi as toimipi20_5_,
        organisaat0_.tuontipvm as tuontip21_5_,
        organisaat0_.varhaiskasvatuksen_toimipaikka_tiedot_id as varhais31_5_,
        organisaat0_.virastotunnus as virasto22_5_,
        organisaat0_.yhteishaunkoulukoodi as yhteish23_5_,
        organisaat0_.yritysmuoto as yritysm24_5_,
        organisaat0_.ytj_kieli as ytj_kie25_5_,
        organisaat0_.ytjpaivityspvm as ytjpaiv26_5_,
        organisaat0_.ytunnus as ytunnus27_5_ 
    from
        organisaatio organisaat0_ 
    where
        organisaat0_.oid=?
2020-06-10 18:11:44.252 TRACE 55751 --- [    Test worker] o.h.type.descriptor.sql.BasicBinder      : binding parameter [1] as [VARCHAR] - [oppilaitos2]
2020-06-10 18:11:44.252 TRACE 55751 --- [    Test worker] o.h.type.descriptor.sql.BasicExtractor   : extracted value ([id1_5_] : [BIGINT]) - [24]
Hibernate: 
    select
        organisaat0_.id as id1_5_,
        organisaat0_.version as version2_5_,
        organisaat0_.alkupvm as alkupvm3_5_,
        organisaat0_.domainnimi as domainni4_5_,
        organisaat0_.kotipaikka as kotipaik5_5_,
        organisaat0_.kuvaus_mkt as kuvaus_28_5_,
        organisaat0_.lakkautuspvm as lakkautu6_5_,
        organisaat0_.maa as maa7_5_,
        organisaat0_.metadata_id as metadat29_5_,
        organisaat0_.nimi_mkt as nimi_mk30_5_,
        organisaat0_.nimihaku as nimihaku8_5_,
        organisaat0_.oid as oid9_5_,
        organisaat0_.opetuspisteenjarjnro as opetusp10_5_,
        organisaat0_.oppilaitoskoodi as oppilai11_5_,
        organisaat0_.oppilaitos_tyyppi as oppilai12_5_,
        organisaat0_.organisaatio_poistettu as organis13_5_,
        organisaat0_.paivittaja as paivitt14_5_,
        organisaat0_.paivityspvm as paivity15_5_,
        organisaat0_.parentidpath as parenti16_5_,
        organisaat0_.parentoidpath as parento17_5_,
        organisaat0_.piilotettu as piilote18_5_,
        organisaat0_.tarkastus_pvm as tarkast19_5_,
        organisaat0_.toimipistekoodi as toimipi20_5_,
        organisaat0_.tuontipvm as tuontip21_5_,
        organisaat0_.varhaiskasvatuksen_toimipaikka_tiedot_id as varhais31_5_,
        organisaat0_.virastotunnus as virasto22_5_,
        organisaat0_.yhteishaunkoulukoodi as yhteish23_5_,
        organisaat0_.yritysmuoto as yritysm24_5_,
        organisaat0_.ytj_kieli as ytj_kie25_5_,
        organisaat0_.ytjpaivityspvm as ytjpaiv26_5_,
        organisaat0_.ytunnus as ytunnus27_5_ 
    from
        organisaatio organisaat0_ 
    where
        organisaat0_.oid=?
2020-06-10 18:11:44.255 TRACE 55751 --- [    Test worker] o.h.type.descriptor.sql.BasicBinder      : binding parameter [1] as [VARCHAR] - [toimipiste2]
Hibernate: 
    select
        organisaat0_.id as id1_5_,
        organisaat0_.version as version2_5_,
        organisaat0_.alkupvm as alkupvm3_5_,
        organisaat0_.domainnimi as domainni4_5_,
        organisaat0_.kotipaikka as kotipaik5_5_,
        organisaat0_.kuvaus_mkt as kuvaus_28_5_,
        organisaat0_.lakkautuspvm as lakkautu6_5_,
        organisaat0_.maa as maa7_5_,
        organisaat0_.metadata_id as metadat29_5_,
        organisaat0_.nimi_mkt as nimi_mk30_5_,
        organisaat0_.nimihaku as nimihaku8_5_,
        organisaat0_.oid as oid9_5_,
        organisaat0_.opetuspisteenjarjnro as opetusp10_5_,
        organisaat0_.oppilaitoskoodi as oppilai11_5_,
        organisaat0_.oppilaitos_tyyppi as oppilai12_5_,
        organisaat0_.organisaatio_poistettu as organis13_5_,
        organisaat0_.paivittaja as paivitt14_5_,
        organisaat0_.paivityspvm as paivity15_5_,
        organisaat0_.parentidpath as parenti16_5_,
        organisaat0_.parentoidpath as parento17_5_,
        organisaat0_.piilotettu as piilote18_5_,
        organisaat0_.tarkastus_pvm as tarkast19_5_,
        organisaat0_.toimipistekoodi as toimipi20_5_,
        organisaat0_.tuontipvm as tuontip21_5_,
        organisaat0_.varhaiskasvatuksen_toimipaikka_tiedot_id as varhais31_5_,
        organisaat0_.virastotunnus as virasto22_5_,
        organisaat0_.yhteishaunkoulukoodi as yhteish23_5_,
        organisaat0_.yritysmuoto as yritysm24_5_,
        organisaat0_.ytj_kieli as ytj_kie25_5_,
        organisaat0_.ytjpaivityspvm as ytjpaiv26_5_,
        organisaat0_.ytunnus as ytunnus27_5_ 
    from
        organisaatio organisaat0_ 
    where
        organisaat0_.oid=?
2020-06-10 18:11:44.256 TRACE 55751 --- [    Test worker] o.h.type.descriptor.sql.BasicBinder      : binding parameter [1] as [VARCHAR] - [oppilaitos2]
2020-06-10 18:11:44.256 TRACE 55751 --- [    Test worker] o.h.type.descriptor.sql.BasicExtractor   : extracted value ([id1_5_] : [BIGINT]) - [24]
2020-06-10 18:11:44.510  WARN 55751 --- [    Test worker] fi.vm.sade.javautils.http.OphHttpClient  : Failed to CAS authenticate. Renewing proxy ticket.
Hibernate: 
    select
        organisaat0_.id as id1_5_,
        organisaat0_.version as version2_5_,
        organisaat0_.alkupvm as alkupvm3_5_,
        organisaat0_.domainnimi as domainni4_5_,
        organisaat0_.kotipaikka as kotipaik5_5_,
        organisaat0_.kuvaus_mkt as kuvaus_28_5_,
        organisaat0_.lakkautuspvm as lakkautu6_5_,
        organisaat0_.maa as maa7_5_,
        organisaat0_.metadata_id as metadat29_5_,
        organisaat0_.nimi_mkt as nimi_mk30_5_,
        organisaat0_.nimihaku as nimihaku8_5_,
        organisaat0_.oid as oid9_5_,
        organisaat0_.opetuspisteenjarjnro as opetusp10_5_,
        organisaat0_.oppilaitoskoodi as oppilai11_5_,
        organisaat0_.oppilaitos_tyyppi as oppilai12_5_,
        organisaat0_.organisaatio_poistettu as organis13_5_,
        organisaat0_.paivittaja as paivitt14_5_,
        organisaat0_.paivityspvm as paivity15_5_,
        organisaat0_.parentidpath as parenti16_5_,
        organisaat0_.parentoidpath as parento17_5_,
        organisaat0_.piilotettu as piilote18_5_,
        organisaat0_.tarkastus_pvm as tarkast19_5_,
        organisaat0_.toimipistekoodi as toimipi20_5_,
        organisaat0_.tuontipvm as tuontip21_5_,
        organisaat0_.varhaiskasvatuksen_toimipaikka_tiedot_id as varhais31_5_,
        organisaat0_.virastotunnus as virasto22_5_,
        organisaat0_.yhteishaunkoulukoodi as yhteish23_5_,
        organisaat0_.yritysmuoto as yritysm24_5_,
        organisaat0_.ytj_kieli as ytj_kie25_5_,
        organisaat0_.ytjpaivityspvm as ytjpaiv26_5_,
        organisaat0_.ytunnus as ytunnus27_5_ 
    from
        organisaatio organisaat0_ 
    where
        organisaat0_.oid=?
2020-06-10 18:11:44.624 TRACE 55751 --- [    Test worker] o.h.type.descriptor.sql.BasicBinder      : binding parameter [1] as [VARCHAR] - [oppilaitos2]
2020-06-10 18:11:44.624 TRACE 55751 --- [    Test worker] o.h.type.descriptor.sql.BasicExtractor   : extracted value ([id1_5_] : [BIGINT]) - [24]
2020-06-10 18:11:44.625  WARN 55751 --- [    Test worker] f.v.s.o.b.i.OrganisaatioBusinessChecker  : Invalid organisation name format: For toimipiste, name must be prefixed with parent name (lang:fi, name:toimipiste2, parentname:oppilaitos2)
Hibernate: 
    select
        organisaat0_.id as id1_5_,
        organisaat0_.version as version2_5_,
        organisaat0_.alkupvm as alkupvm3_5_,
        organisaat0_.domainnimi as domainni4_5_,
        organisaat0_.kotipaikka as kotipaik5_5_,
        organisaat0_.kuvaus_mkt as kuvaus_28_5_,
        organisaat0_.lakkautuspvm as lakkautu6_5_,
        organisaat0_.maa as maa7_5_,
        organisaat0_.metadata_id as metadat29_5_,
        organisaat0_.nimi_mkt as nimi_mk30_5_,
        organisaat0_.nimihaku as nimihaku8_5_,
        organisaat0_.oid as oid9_5_,
        organisaat0_.opetuspisteenjarjnro as opetusp10_5_,
        organisaat0_.oppilaitoskoodi as oppilai11_5_,
        organisaat0_.oppilaitos_tyyppi as oppilai12_5_,
        organisaat0_.organisaatio_poistettu as organis13_5_,
        organisaat0_.paivittaja as paivitt14_5_,
        organisaat0_.paivityspvm as paivity15_5_,
        organisaat0_.parentidpath as parenti16_5_,
        organisaat0_.parentoidpath as parento17_5_,
        organisaat0_.piilotettu as piilote18_5_,
        organisaat0_.tarkastus_pvm as tarkast19_5_,
        organisaat0_.toimipistekoodi as toimipi20_5_,
        organisaat0_.tuontipvm as tuontip21_5_,
        organisaat0_.varhaiskasvatuksen_toimipaikka_tiedot_id as varhais31_5_,
        organisaat0_.virastotunnus as virasto22_5_,
        organisaat0_.yhteishaunkoulukoodi as yhteish23_5_,
        organisaat0_.yritysmuoto as yritysm24_5_,
        organisaat0_.ytj_kieli as ytj_kie25_5_,
        organisaat0_.ytjpaivityspvm as ytjpaiv26_5_,
        organisaat0_.ytunnus as ytunnus27_5_ 
    from
        organisaatio organisaat0_ 
    where
        organisaat0_.oid=?
2020-06-10 18:11:44.626 TRACE 55751 --- [    Test worker] o.h.type.descriptor.sql.BasicBinder      : binding parameter [1] as [VARCHAR] - [oppilaitos2]
2020-06-10 18:11:44.626 TRACE 55751 --- [    Test worker] o.h.type.descriptor.sql.BasicExtractor   : extracted value ([id1_5_] : [BIGINT]) - [24]
Hibernate: 
    select
        organisaat0_.id as id1_5_,
        organisaat0_.version as version2_5_,
        organisaat0_.alkupvm as alkupvm3_5_,
        organisaat0_.domainnimi as domainni4_5_,
        organisaat0_.kotipaikka as kotipaik5_5_,
        organisaat0_.kuvaus_mkt as kuvaus_28_5_,
        organisaat0_.lakkautuspvm as lakkautu6_5_,
        organisaat0_.maa as maa7_5_,
        organisaat0_.metadata_id as metadat29_5_,
        organisaat0_.nimi_mkt as nimi_mk30_5_,
        organisaat0_.nimihaku as nimihaku8_5_,
        organisaat0_.oid as oid9_5_,
        organisaat0_.opetuspisteenjarjnro as opetusp10_5_,
        organisaat0_.oppilaitoskoodi as oppilai11_5_,
        organisaat0_.oppilaitos_tyyppi as oppilai12_5_,
        organisaat0_.organisaatio_poistettu as organis13_5_,
        organisaat0_.paivittaja as paivitt14_5_,
        organisaat0_.paivityspvm as paivity15_5_,
        organisaat0_.parentidpath as parenti16_5_,
        organisaat0_.parentoidpath as parento17_5_,
        organisaat0_.piilotettu as piilote18_5_,
        organisaat0_.tarkastus_pvm as tarkast19_5_,
        organisaat0_.toimipistekoodi as toimipi20_5_,
        organisaat0_.tuontipvm as tuontip21_5_,
        organisaat0_.varhaiskasvatuksen_toimipaikka_tiedot_id as varhais31_5_,
        organisaat0_.virastotunnus as virasto22_5_,
        organisaat0_.yhteishaunkoulukoodi as yhteish23_5_,
        organisaat0_.yritysmuoto as yritysm24_5_,
        organisaat0_.ytj_kieli as ytj_kie25_5_,
        organisaat0_.ytjpaivityspvm as ytjpaiv26_5_,
        organisaat0_.ytunnus as ytunnus27_5_ 
    from
        organisaatio organisaat0_ 
    where
        organisaat0_.toimipistekoodi=?
2020-06-10 18:11:44.627 TRACE 55751 --- [    Test worker] o.h.type.descriptor.sql.BasicBinder      : binding parameter [1] as [VARCHAR] - [null01]
2020-06-10 18:11:44.628 TRACE 55751 --- [    Test worker] o.h.type.descriptor.sql.BasicExtractor   : extracted value ([id1_5_] : [BIGINT]) - [23]
Hibernate: 
    select
        organisaat0_.id as id1_5_,
        organisaat0_.version as version2_5_,
        organisaat0_.alkupvm as alkupvm3_5_,
        organisaat0_.domainnimi as domainni4_5_,
        organisaat0_.kotipaikka as kotipaik5_5_,
        organisaat0_.kuvaus_mkt as kuvaus_28_5_,
        organisaat0_.lakkautuspvm as lakkautu6_5_,
        organisaat0_.maa as maa7_5_,
        organisaat0_.metadata_id as metadat29_5_,
        organisaat0_.nimi_mkt as nimi_mk30_5_,
        organisaat0_.nimihaku as nimihaku8_5_,
        organisaat0_.oid as oid9_5_,
        organisaat0_.opetuspisteenjarjnro as opetusp10_5_,
        organisaat0_.oppilaitoskoodi as oppilai11_5_,
        organisaat0_.oppilaitos_tyyppi as oppilai12_5_,
        organisaat0_.organisaatio_poistettu as organis13_5_,
        organisaat0_.paivittaja as paivitt14_5_,
        organisaat0_.paivityspvm as paivity15_5_,
        organisaat0_.parentidpath as parenti16_5_,
        organisaat0_.parentoidpath as parento17_5_,
        organisaat0_.piilotettu as piilote18_5_,
        organisaat0_.tarkastus_pvm as tarkast19_5_,
        organisaat0_.toimipistekoodi as toimipi20_5_,
        organisaat0_.tuontipvm as tuontip21_5_,
        organisaat0_.varhaiskasvatuksen_toimipaikka_tiedot_id as varhais31_5_,
        organisaat0_.virastotunnus as virasto22_5_,
        organisaat0_.yhteishaunkoulukoodi as yhteish23_5_,
        organisaat0_.yritysmuoto as yritysm24_5_,
        organisaat0_.ytj_kieli as ytj_kie25_5_,
        organisaat0_.ytjpaivityspvm as ytjpaiv26_5_,
        organisaat0_.ytunnus as ytunnus27_5_ 
    from
        organisaatio organisaat0_ 
    where
        organisaat0_.toimipistekoodi=?
2020-06-10 18:11:44.629 TRACE 55751 --- [    Test worker] o.h.type.descriptor.sql.BasicBinder      : binding parameter [1] as [VARCHAR] - [null02]
Hibernate: 
    insert 
    into
        monikielinen_teksti
        (id, version) 
    values
        (null, ?)
2020-06-10 18:11:44.630 TRACE 55751 --- [    Test worker] o.h.type.descriptor.sql.BasicBinder      : binding parameter [1] as [BIGINT] - [0]
Hibernate: 
    insert 
    into
        monikielinen_teksti
        (id, version) 
    values
        (null, ?)
2020-06-10 18:11:44.631 TRACE 55751 --- [    Test worker] o.h.type.descriptor.sql.BasicBinder      : binding parameter [1] as [BIGINT] - [0]
Hibernate: 
    insert 
    into
        organisaatio
        (id, version, alkupvm, domainnimi, kotipaikka, kuvaus_mkt, lakkautuspvm, maa, metadata_id, nimi_mkt, nimihaku, oid, opetuspisteenjarjnro, oppilaitoskoodi, oppilaitos_tyyppi, organisaatio_poistettu, paivittaja, paivityspvm, parentidpath, parentoidpath, piilotettu, tarkastus_pvm, toimipistekoodi, tuontipvm, varhaiskasvatuksen_toimipaikka_tiedot_id, virastotunnus, yhteishaunkoulukoodi, yritysmuoto, ytj_kieli, ytjpaivityspvm, ytunnus) 
    values
        (null, ?, ?, ?, ?, ?, ?, ?, ?, ?, ?, ?, ?, ?, ?, ?, ?, ?, ?, ?, ?, ?, ?, ?, ?, ?, ?, ?, ?, ?, ?)
2020-06-10 18:11:44.631 TRACE 55751 --- [    Test worker] o.h.type.descriptor.sql.BasicBinder      : binding parameter [1] as [BIGINT] - [0]
2020-06-10 18:11:44.631 TRACE 55751 --- [    Test worker] o.h.type.descriptor.sql.BasicBinder      : binding parameter [2] as [DATE] - [Fri Dec 31 00:00:00 EET 1999]
2020-06-10 18:11:44.631 TRACE 55751 --- [    Test worker] o.h.type.descriptor.sql.BasicBinder      : binding parameter [3] as [VARCHAR] - [null]
2020-06-10 18:11:44.631 TRACE 55751 --- [    Test worker] o.h.type.descriptor.sql.BasicBinder      : binding parameter [4] as [VARCHAR] - [kunta_092]
2020-06-10 18:11:44.631 TRACE 55751 --- [    Test worker] o.h.type.descriptor.sql.BasicBinder      : binding parameter [5] as [BIGINT] - [1030]
2020-06-10 18:11:44.632 TRACE 55751 --- [    Test worker] o.h.type.descriptor.sql.BasicBinder      : binding parameter [6] as [DATE] - [null]
2020-06-10 18:11:44.632 TRACE 55751 --- [    Test worker] o.h.type.descriptor.sql.BasicBinder      : binding parameter [7] as [VARCHAR] - [maatjavaltiot1_fin]
2020-06-10 18:11:44.632 TRACE 55751 --- [    Test worker] o.h.type.descriptor.sql.BasicBinder      : binding parameter [8] as [BIGINT] - [null]
2020-06-10 18:11:44.632 TRACE 55751 --- [    Test worker] o.h.type.descriptor.sql.BasicBinder      : binding parameter [9] as [BIGINT] - [1031]
2020-06-10 18:11:44.632 TRACE 55751 --- [    Test worker] o.h.type.descriptor.sql.BasicBinder      : binding parameter [10] as [VARCHAR] - [,toimipiste2]
2020-06-10 18:11:44.632 TRACE 55751 --- [    Test worker] o.h.type.descriptor.sql.BasicBinder      : binding parameter [11] as [VARCHAR] - [toimipiste2]
2020-06-10 18:11:44.632 TRACE 55751 --- [    Test worker] o.h.type.descriptor.sql.BasicBinder      : binding parameter [12] as [VARCHAR] - [02]
2020-06-10 18:11:44.632 TRACE 55751 --- [    Test worker] o.h.type.descriptor.sql.BasicBinder      : binding parameter [13] as [VARCHAR] - [null]
2020-06-10 18:11:44.632 TRACE 55751 --- [    Test worker] o.h.type.descriptor.sql.BasicBinder      : binding parameter [14] as [VARCHAR] - [null]
2020-06-10 18:11:44.632 TRACE 55751 --- [    Test worker] o.h.type.descriptor.sql.BasicBinder      : binding parameter [15] as [BOOLEAN] - [false]
2020-06-10 18:11:44.632 TRACE 55751 --- [    Test worker] o.h.type.descriptor.sql.BasicBinder      : binding parameter [16] as [VARCHAR] - [ophadmin]
2020-06-10 18:11:44.632 TRACE 55751 --- [    Test worker] o.h.type.descriptor.sql.BasicBinder      : binding parameter [17] as [TIMESTAMP] - [Wed Jun 10 18:11:44 EEST 2020]
2020-06-10 18:11:44.632 TRACE 55751 --- [    Test worker] o.h.type.descriptor.sql.BasicBinder      : binding parameter [18] as [VARCHAR] - [|1|21|24|]
2020-06-10 18:11:44.632 TRACE 55751 --- [    Test worker] o.h.type.descriptor.sql.BasicBinder      : binding parameter [19] as [VARCHAR] - [|1.2.246.562.24.00000000001|koulutustoimija|oppilaitos2|]
2020-06-10 18:11:44.632 TRACE 55751 --- [    Test worker] o.h.type.descriptor.sql.BasicBinder      : binding parameter [20] as [BOOLEAN] - [false]
2020-06-10 18:11:44.632 TRACE 55751 --- [    Test worker] o.h.type.descriptor.sql.BasicBinder      : binding parameter [21] as [TIMESTAMP] - [null]
2020-06-10 18:11:44.632 TRACE 55751 --- [    Test worker] o.h.type.descriptor.sql.BasicBinder      : binding parameter [22] as [VARCHAR] - [null02]
2020-06-10 18:11:44.632 TRACE 55751 --- [    Test worker] o.h.type.descriptor.sql.BasicBinder      : binding parameter [23] as [TIMESTAMP] - [null]
2020-06-10 18:11:44.632 TRACE 55751 --- [    Test worker] o.h.type.descriptor.sql.BasicBinder      : binding parameter [24] as [BIGINT] - [null]
2020-06-10 18:11:44.632 TRACE 55751 --- [    Test worker] o.h.type.descriptor.sql.BasicBinder      : binding parameter [25] as [VARCHAR] - [null]
2020-06-10 18:11:44.632 TRACE 55751 --- [    Test worker] o.h.type.descriptor.sql.BasicBinder      : binding parameter [26] as [VARCHAR] - [null]
2020-06-10 18:11:44.632 TRACE 55751 --- [    Test worker] o.h.type.descriptor.sql.BasicBinder      : binding parameter [27] as [VARCHAR] - [null]
2020-06-10 18:11:44.632 TRACE 55751 --- [    Test worker] o.h.type.descriptor.sql.BasicBinder      : binding parameter [28] as [VARCHAR] - [null]
2020-06-10 18:11:44.632 TRACE 55751 --- [    Test worker] o.h.type.descriptor.sql.BasicBinder      : binding parameter [29] as [DATE] - [null]
2020-06-10 18:11:44.632 TRACE 55751 --- [    Test worker] o.h.type.descriptor.sql.BasicBinder      : binding parameter [30] as [VARCHAR] - [null]
Hibernate: 
    insert 
    into
        organisaatio_nimi
        (id, version, alkupvm, nimi_mkt, organisaatio_id, paivittaja) 
    values
        (null, ?, ?, ?, ?, ?)
2020-06-10 18:11:44.633 TRACE 55751 --- [    Test worker] o.h.type.descriptor.sql.BasicBinder      : binding parameter [1] as [BIGINT] - [0]
2020-06-10 18:11:44.633 TRACE 55751 --- [    Test worker] o.h.type.descriptor.sql.BasicBinder      : binding parameter [2] as [DATE] - [Wed Jun 10 18:11:44 EEST 2020]
2020-06-10 18:11:44.633 TRACE 55751 --- [    Test worker] o.h.type.descriptor.sql.BasicBinder      : binding parameter [3] as [BIGINT] - [1031]
2020-06-10 18:11:44.633 TRACE 55751 --- [    Test worker] o.h.type.descriptor.sql.BasicBinder      : binding parameter [4] as [BIGINT] - [25]
2020-06-10 18:11:44.633 TRACE 55751 --- [    Test worker] o.h.type.descriptor.sql.BasicBinder      : binding parameter [5] as [VARCHAR] - [null]
Hibernate: 
    insert 
    into
        yhteystieto
        (id, version, kieli, organisaatio_id, yhteystieto_oid, coordinatetype, extrarivi, lat, lng, maa, osavaltio, osoite, osoite_tyyppi, postinumero, postitoimipaikka, ytjpaivityspvm, dtype) 
    values
        (null, ?, ?, ?, ?, ?, ?, ?, ?, ?, ?, ?, ?, ?, ?, ?, 'Osoite')
2020-06-10 18:11:44.633 TRACE 55751 --- [    Test worker] o.h.type.descriptor.sql.BasicBinder      : binding parameter [1] as [BIGINT] - [0]
2020-06-10 18:11:44.633 TRACE 55751 --- [    Test worker] o.h.type.descriptor.sql.BasicBinder      : binding parameter [2] as [VARCHAR] - [kieli_fi#1]
2020-06-10 18:11:44.634 TRACE 55751 --- [    Test worker] o.h.type.descriptor.sql.BasicBinder      : binding parameter [3] as [BIGINT] - [25]
2020-06-10 18:11:44.634 TRACE 55751 --- [    Test worker] o.h.type.descriptor.sql.BasicBinder      : binding parameter [4] as [VARCHAR] - [1.2.246.562.5.23441156463]
2020-06-10 18:11:44.634 TRACE 55751 --- [    Test worker] o.h.type.descriptor.sql.BasicBinder      : binding parameter [5] as [VARCHAR] - [null]
2020-06-10 18:11:44.634 TRACE 55751 --- [    Test worker] o.h.type.descriptor.sql.BasicBinder      : binding parameter [6] as [VARCHAR] - [null]
2020-06-10 18:11:44.634 TRACE 55751 --- [    Test worker] o.h.type.descriptor.sql.BasicBinder      : binding parameter [7] as [DOUBLE] - [null]
2020-06-10 18:11:44.634 TRACE 55751 --- [    Test worker] o.h.type.descriptor.sql.BasicBinder      : binding parameter [8] as [DOUBLE] - [null]
2020-06-10 18:11:44.634 TRACE 55751 --- [    Test worker] o.h.type.descriptor.sql.BasicBinder      : binding parameter [9] as [VARCHAR] - [null]
2020-06-10 18:11:44.634 TRACE 55751 --- [    Test worker] o.h.type.descriptor.sql.BasicBinder      : binding parameter [10] as [VARCHAR] - [null]
2020-06-10 18:11:44.634 TRACE 55751 --- [    Test worker] o.h.type.descriptor.sql.BasicBinder      : binding parameter [11] as [VARCHAR] - [Kayntiosoite 2B]
2020-06-10 18:11:44.634 TRACE 55751 --- [    Test worker] o.h.type.descriptor.sql.BasicBinder      : binding parameter [12] as [VARCHAR] - [kaynti]
2020-06-10 18:11:44.634 TRACE 55751 --- [    Test worker] o.h.type.descriptor.sql.BasicBinder      : binding parameter [13] as [VARCHAR] - [posti_00550]
2020-06-10 18:11:44.634 TRACE 55751 --- [    Test worker] o.h.type.descriptor.sql.BasicBinder      : binding parameter [14] as [VARCHAR] - [Helsinki]
2020-06-10 18:11:44.634 TRACE 55751 --- [    Test worker] o.h.type.descriptor.sql.BasicBinder      : binding parameter [15] as [DATE] - [null]
Hibernate: 
    insert 
    into
        yhteystieto
        (id, version, kieli, organisaatio_id, yhteystieto_oid, coordinatetype, extrarivi, lat, lng, maa, osavaltio, osoite, osoite_tyyppi, postinumero, postitoimipaikka, ytjpaivityspvm, dtype) 
    values
        (null, ?, ?, ?, ?, ?, ?, ?, ?, ?, ?, ?, ?, ?, ?, ?, 'Osoite')
2020-06-10 18:11:44.634 TRACE 55751 --- [    Test worker] o.h.type.descriptor.sql.BasicBinder      : binding parameter [1] as [BIGINT] - [0]
2020-06-10 18:11:44.634 TRACE 55751 --- [    Test worker] o.h.type.descriptor.sql.BasicBinder      : binding parameter [2] as [VARCHAR] - [kieli_fi#1]
2020-06-10 18:11:44.634 TRACE 55751 --- [    Test worker] o.h.type.descriptor.sql.BasicBinder      : binding parameter [3] as [BIGINT] - [25]
2020-06-10 18:11:44.634 TRACE 55751 --- [    Test worker] o.h.type.descriptor.sql.BasicBinder      : binding parameter [4] as [VARCHAR] - [1.2.246.562.5.33744480198]
2020-06-10 18:11:44.634 TRACE 55751 --- [    Test worker] o.h.type.descriptor.sql.BasicBinder      : binding parameter [5] as [VARCHAR] - [null]
2020-06-10 18:11:44.634 TRACE 55751 --- [    Test worker] o.h.type.descriptor.sql.BasicBinder      : binding parameter [6] as [VARCHAR] - [null]
2020-06-10 18:11:44.634 TRACE 55751 --- [    Test worker] o.h.type.descriptor.sql.BasicBinder      : binding parameter [7] as [DOUBLE] - [null]
2020-06-10 18:11:44.634 TRACE 55751 --- [    Test worker] o.h.type.descriptor.sql.BasicBinder      : binding parameter [8] as [DOUBLE] - [null]
2020-06-10 18:11:44.634 TRACE 55751 --- [    Test worker] o.h.type.descriptor.sql.BasicBinder      : binding parameter [9] as [VARCHAR] - [null]
2020-06-10 18:11:44.635 TRACE 55751 --- [    Test worker] o.h.type.descriptor.sql.BasicBinder      : binding parameter [10] as [VARCHAR] - [null]
2020-06-10 18:11:44.635 TRACE 55751 --- [    Test worker] o.h.type.descriptor.sql.BasicBinder      : binding parameter [11] as [VARCHAR] - [Postiosoite 1A]
2020-06-10 18:11:44.635 TRACE 55751 --- [    Test worker] o.h.type.descriptor.sql.BasicBinder      : binding parameter [12] as [VARCHAR] - [posti]
2020-06-10 18:11:44.635 TRACE 55751 --- [    Test worker] o.h.type.descriptor.sql.BasicBinder      : binding parameter [13] as [VARCHAR] - [00550]
2020-06-10 18:11:44.635 TRACE 55751 --- [    Test worker] o.h.type.descriptor.sql.BasicBinder      : binding parameter [14] as [VARCHAR] - [Helsinki]
2020-06-10 18:11:44.635 TRACE 55751 --- [    Test worker] o.h.type.descriptor.sql.BasicBinder      : binding parameter [15] as [DATE] - [null]
Hibernate: 
    insert 
    into
        yhteystieto
        (id, version, kieli, organisaatio_id, yhteystieto_oid, puhelinnumero, tyyppi, dtype) 
    values
        (null, ?, ?, ?, ?, ?, ?, 'Puhelinnumero')
2020-06-10 18:11:44.635 TRACE 55751 --- [    Test worker] o.h.type.descriptor.sql.BasicBinder      : binding parameter [1] as [BIGINT] - [0]
2020-06-10 18:11:44.635 TRACE 55751 --- [    Test worker] o.h.type.descriptor.sql.BasicBinder      : binding parameter [2] as [VARCHAR] - [kieli_fi#1]
2020-06-10 18:11:44.635 TRACE 55751 --- [    Test worker] o.h.type.descriptor.sql.BasicBinder      : binding parameter [3] as [BIGINT] - [25]
2020-06-10 18:11:44.635 TRACE 55751 --- [    Test worker] o.h.type.descriptor.sql.BasicBinder      : binding parameter [4] as [VARCHAR] - [1.2.246.562.5.62769015013]
2020-06-10 18:11:44.635 TRACE 55751 --- [    Test worker] o.h.type.descriptor.sql.BasicBinder      : binding parameter [5] as [VARCHAR] - [123]
2020-06-10 18:11:44.635 TRACE 55751 --- [    Test worker] o.h.type.descriptor.sql.BasicBinder      : binding parameter [6] as [VARCHAR] - [puhelin]
Hibernate: 
    insert 
    into
        yhteystieto
        (id, version, kieli, organisaatio_id, yhteystieto_oid, email, dtype) 
    values
        (null, ?, ?, ?, ?, ?, 'Email')
2020-06-10 18:11:44.636 TRACE 55751 --- [    Test worker] o.h.type.descriptor.sql.BasicBinder      : binding parameter [1] as [BIGINT] - [0]
2020-06-10 18:11:44.636 TRACE 55751 --- [    Test worker] o.h.type.descriptor.sql.BasicBinder      : binding parameter [2] as [VARCHAR] - [kieli_fi#1]
2020-06-10 18:11:44.636 TRACE 55751 --- [    Test worker] o.h.type.descriptor.sql.BasicBinder      : binding parameter [3] as [BIGINT] - [25]
2020-06-10 18:11:44.636 TRACE 55751 --- [    Test worker] o.h.type.descriptor.sql.BasicBinder      : binding parameter [4] as [VARCHAR] - [15918019042540.8613910277046203]
2020-06-10 18:11:44.636 TRACE 55751 --- [    Test worker] o.h.type.descriptor.sql.BasicBinder      : binding parameter [5] as [VARCHAR] - [asd@asd.asd]
Hibernate: 
    insert 
    into
        yhteystieto
        (id, version, kieli, organisaatio_id, yhteystieto_oid, www_osoite, dtype) 
    values
        (null, ?, ?, ?, ?, ?, 'Www')
2020-06-10 18:11:44.637 TRACE 55751 --- [    Test worker] o.h.type.descriptor.sql.BasicBinder      : binding parameter [1] as [BIGINT] - [0]
2020-06-10 18:11:44.637 TRACE 55751 --- [    Test worker] o.h.type.descriptor.sql.BasicBinder      : binding parameter [2] as [VARCHAR] - [kieli_fi#1]
2020-06-10 18:11:44.637 TRACE 55751 --- [    Test worker] o.h.type.descriptor.sql.BasicBinder      : binding parameter [3] as [BIGINT] - [25]
2020-06-10 18:11:44.637 TRACE 55751 --- [    Test worker] o.h.type.descriptor.sql.BasicBinder      : binding parameter [4] as [VARCHAR] - [15918019042540.05570276117309059]
2020-06-10 18:11:44.637 TRACE 55751 --- [    Test worker] o.h.type.descriptor.sql.BasicBinder      : binding parameter [5] as [VARCHAR] - [http://test.oph.fi]
2020-06-10 18:11:44.637  INFO 55751 --- [    Test worker] .s.o.r.i.OrganisaatioSuhdeRepositoryImpl : findParentTo(25, Wed Jun 10 18:11:44 EEST 2020)
Hibernate: 
    update
        organisaatio 
    set
        version=?,
        alkupvm=?,
        domainnimi=?,
        kotipaikka=?,
        kuvaus_mkt=?,
        lakkautuspvm=?,
        maa=?,
        metadata_id=?,
        nimi_mkt=?,
        nimihaku=?,
        oid=?,
        opetuspisteenjarjnro=?,
        oppilaitoskoodi=?,
        oppilaitos_tyyppi=?,
        organisaatio_poistettu=?,
        paivittaja=?,
        paivityspvm=?,
        parentidpath=?,
        parentoidpath=?,
        piilotettu=?,
        tarkastus_pvm=?,
        toimipistekoodi=?,
        tuontipvm=?,
        varhaiskasvatuksen_toimipaikka_tiedot_id=?,
        virastotunnus=?,
        yhteishaunkoulukoodi=?,
        yritysmuoto=?,
        ytj_kieli=?,
        ytjpaivityspvm=?,
        ytunnus=? 
    where
        id=? 
        and version=?
2020-06-10 18:11:44.638 TRACE 55751 --- [    Test worker] o.h.type.descriptor.sql.BasicBinder      : binding parameter [1] as [BIGINT] - [1]
2020-06-10 18:11:44.638 TRACE 55751 --- [    Test worker] o.h.type.descriptor.sql.BasicBinder      : binding parameter [2] as [DATE] - [Fri Dec 31 00:00:00 EET 1999]
2020-06-10 18:11:44.638 TRACE 55751 --- [    Test worker] o.h.type.descriptor.sql.BasicBinder      : binding parameter [3] as [VARCHAR] - [null]
2020-06-10 18:11:44.639 TRACE 55751 --- [    Test worker] o.h.type.descriptor.sql.BasicBinder      : binding parameter [4] as [VARCHAR] - [kunta_092]
2020-06-10 18:11:44.639 TRACE 55751 --- [    Test worker] o.h.type.descriptor.sql.BasicBinder      : binding parameter [5] as [BIGINT] - [1030]
2020-06-10 18:11:44.639 TRACE 55751 --- [    Test worker] o.h.type.descriptor.sql.BasicBinder      : binding parameter [6] as [DATE] - [null]
2020-06-10 18:11:44.639 TRACE 55751 --- [    Test worker] o.h.type.descriptor.sql.BasicBinder      : binding parameter [7] as [VARCHAR] - [maatjavaltiot1_fin]
2020-06-10 18:11:44.639 TRACE 55751 --- [    Test worker] o.h.type.descriptor.sql.BasicBinder      : binding parameter [8] as [BIGINT] - [null]
2020-06-10 18:11:44.639 TRACE 55751 --- [    Test worker] o.h.type.descriptor.sql.BasicBinder      : binding parameter [9] as [BIGINT] - [1031]
2020-06-10 18:11:44.639 TRACE 55751 --- [    Test worker] o.h.type.descriptor.sql.BasicBinder      : binding parameter [10] as [VARCHAR] - [,toimipiste2]
2020-06-10 18:11:44.639 TRACE 55751 --- [    Test worker] o.h.type.descriptor.sql.BasicBinder      : binding parameter [11] as [VARCHAR] - [toimipiste2]
2020-06-10 18:11:44.639 TRACE 55751 --- [    Test worker] o.h.type.descriptor.sql.BasicBinder      : binding parameter [12] as [VARCHAR] - [02]
2020-06-10 18:11:44.639 TRACE 55751 --- [    Test worker] o.h.type.descriptor.sql.BasicBinder      : binding parameter [13] as [VARCHAR] - [null]
2020-06-10 18:11:44.639 TRACE 55751 --- [    Test worker] o.h.type.descriptor.sql.BasicBinder      : binding parameter [14] as [VARCHAR] - [null]
2020-06-10 18:11:44.639 TRACE 55751 --- [    Test worker] o.h.type.descriptor.sql.BasicBinder      : binding parameter [15] as [BOOLEAN] - [false]
2020-06-10 18:11:44.639 TRACE 55751 --- [    Test worker] o.h.type.descriptor.sql.BasicBinder      : binding parameter [16] as [VARCHAR] - [ophadmin]
2020-06-10 18:11:44.639 TRACE 55751 --- [    Test worker] o.h.type.descriptor.sql.BasicBinder      : binding parameter [17] as [TIMESTAMP] - [Wed Jun 10 18:11:44 EEST 2020]
2020-06-10 18:11:44.639 TRACE 55751 --- [    Test worker] o.h.type.descriptor.sql.BasicBinder      : binding parameter [18] as [VARCHAR] - [|1|21|24|]
2020-06-10 18:11:44.639 TRACE 55751 --- [    Test worker] o.h.type.descriptor.sql.BasicBinder      : binding parameter [19] as [VARCHAR] - [|1.2.246.562.24.00000000001|koulutustoimija|oppilaitos2|]
2020-06-10 18:11:44.639 TRACE 55751 --- [    Test worker] o.h.type.descriptor.sql.BasicBinder      : binding parameter [20] as [BOOLEAN] - [false]
2020-06-10 18:11:44.639 TRACE 55751 --- [    Test worker] o.h.type.descriptor.sql.BasicBinder      : binding parameter [21] as [TIMESTAMP] - [null]
2020-06-10 18:11:44.639 TRACE 55751 --- [    Test worker] o.h.type.descriptor.sql.BasicBinder      : binding parameter [22] as [VARCHAR] - [null02]
2020-06-10 18:11:44.639 TRACE 55751 --- [    Test worker] o.h.type.descriptor.sql.BasicBinder      : binding parameter [23] as [TIMESTAMP] - [null]
2020-06-10 18:11:44.639 TRACE 55751 --- [    Test worker] o.h.type.descriptor.sql.BasicBinder      : binding parameter [24] as [BIGINT] - [null]
2020-06-10 18:11:44.639 TRACE 55751 --- [    Test worker] o.h.type.descriptor.sql.BasicBinder      : binding parameter [25] as [VARCHAR] - [null]
2020-06-10 18:11:44.639 TRACE 55751 --- [    Test worker] o.h.type.descriptor.sql.BasicBinder      : binding parameter [26] as [VARCHAR] - [null]
2020-06-10 18:11:44.639 TRACE 55751 --- [    Test worker] o.h.type.descriptor.sql.BasicBinder      : binding parameter [27] as [VARCHAR] - [null]
2020-06-10 18:11:44.639 TRACE 55751 --- [    Test worker] o.h.type.descriptor.sql.BasicBinder      : binding parameter [28] as [VARCHAR] - [null]
2020-06-10 18:11:44.639 TRACE 55751 --- [    Test worker] o.h.type.descriptor.sql.BasicBinder      : binding parameter [29] as [DATE] - [null]
2020-06-10 18:11:44.639 TRACE 55751 --- [    Test worker] o.h.type.descriptor.sql.BasicBinder      : binding parameter [30] as [VARCHAR] - [null]
2020-06-10 18:11:44.639 TRACE 55751 --- [    Test worker] o.h.type.descriptor.sql.BasicBinder      : binding parameter [31] as [BIGINT] - [25]
2020-06-10 18:11:44.639 TRACE 55751 --- [    Test worker] o.h.type.descriptor.sql.BasicBinder      : binding parameter [32] as [BIGINT] - [0]
Hibernate: 
    insert 
    into
        organisaatio_kielet
        (organisaatio_id, kielet) 
    values
        (?, ?)
2020-06-10 18:11:44.639 TRACE 55751 --- [    Test worker] o.h.type.descriptor.sql.BasicBinder      : binding parameter [1] as [BIGINT] - [25]
2020-06-10 18:11:44.640 TRACE 55751 --- [    Test worker] o.h.type.descriptor.sql.BasicBinder      : binding parameter [2] as [VARCHAR] - [oppilaitoksenopetuskieli_1#1]
Hibernate: 
    insert 
    into
        organisaatio_tyypit
        (organisaatio_id, tyypit) 
    values
        (?, ?)
2020-06-10 18:11:44.640 TRACE 55751 --- [    Test worker] o.h.type.descriptor.sql.BasicBinder      : binding parameter [1] as [BIGINT] - [25]
2020-06-10 18:11:44.640 TRACE 55751 --- [    Test worker] o.h.type.descriptor.sql.BasicBinder      : binding parameter [2] as [VARCHAR] - [organisaatiotyyppi_03]
Hibernate: 
    insert 
    into
        monikielinen_teksti_values
        (id, key, value) 
    values
        (?, ?, ?)
2020-06-10 18:11:44.640 TRACE 55751 --- [    Test worker] o.h.type.descriptor.sql.BasicBinder      : binding parameter [1] as [BIGINT] - [1031]
2020-06-10 18:11:44.640 TRACE 55751 --- [    Test worker] o.h.type.descriptor.sql.BasicBinder      : binding parameter [2] as [VARCHAR] - [fi]
2020-06-10 18:11:44.640 TRACE 55751 --- [    Test worker] o.h.type.descriptor.sql.BasicBinder      : binding parameter [3] as [VARCHAR] - [toimipiste2]
Hibernate: 
    select
        organisaat0_.id as id1_19_0_,
        organisaat1_.id as id1_5_1_,
        organisaat0_.version as version2_19_0_,
        organisaat0_.alkupvm as alkupvm3_19_0_,
        organisaat0_.child_id as child_id7_19_0_,
        organisaat0_.loppupvm as loppupvm4_19_0_,
        organisaat0_.opetuspisteenjarjnro as opetuspi5_19_0_,
        organisaat0_.parent_id as parent_i8_19_0_,
        organisaat0_.suhdetyyppi as suhdetyy6_19_0_,
        organisaat1_.version as version2_5_1_,
        organisaat1_.alkupvm as alkupvm3_5_1_,
        organisaat1_.domainnimi as domainni4_5_1_,
        organisaat1_.kotipaikka as kotipaik5_5_1_,
        organisaat1_.kuvaus_mkt as kuvaus_28_5_1_,
        organisaat1_.lakkautuspvm as lakkautu6_5_1_,
        organisaat1_.maa as maa7_5_1_,
        organisaat1_.metadata_id as metadat29_5_1_,
        organisaat1_.nimi_mkt as nimi_mk30_5_1_,
        organisaat1_.nimihaku as nimihaku8_5_1_,
        organisaat1_.oid as oid9_5_1_,
        organisaat1_.opetuspisteenjarjnro as opetusp10_5_1_,
        organisaat1_.oppilaitoskoodi as oppilai11_5_1_,
        organisaat1_.oppilaitos_tyyppi as oppilai12_5_1_,
        organisaat1_.organisaatio_poistettu as organis13_5_1_,
        organisaat1_.paivittaja as paivitt14_5_1_,
        organisaat1_.paivityspvm as paivity15_5_1_,
        organisaat1_.parentidpath as parenti16_5_1_,
        organisaat1_.parentoidpath as parento17_5_1_,
        organisaat1_.piilotettu as piilote18_5_1_,
        organisaat1_.tarkastus_pvm as tarkast19_5_1_,
        organisaat1_.toimipistekoodi as toimipi20_5_1_,
        organisaat1_.tuontipvm as tuontip21_5_1_,
        organisaat1_.varhaiskasvatuksen_toimipaikka_tiedot_id as varhais31_5_1_,
        organisaat1_.virastotunnus as virasto22_5_1_,
        organisaat1_.yhteishaunkoulukoodi as yhteish23_5_1_,
        organisaat1_.yritysmuoto as yritysm24_5_1_,
        organisaat1_.ytj_kieli as ytj_kie25_5_1_,
        organisaat1_.ytjpaivityspvm as ytjpaiv26_5_1_,
        organisaat1_.ytunnus as ytunnus27_5_1_ 
    from
        organisaatiosuhde organisaat0_ 
    inner join
        organisaatio organisaat1_ 
            on organisaat0_.parent_id=organisaat1_.id 
    where
        organisaat0_.child_id=? 
        and organisaat0_.suhdetyyppi=? 
        and (
            organisaat0_.alkupvm=? 
            or organisaat0_.alkupvm<?
        ) 
        and (
            organisaat0_.loppupvm is null 
            or organisaat0_.loppupvm>?
        ) 
        and organisaat1_.organisaatio_poistettu=? 
    order by
        organisaat0_.alkupvm desc
2020-06-10 18:11:44.640 TRACE 55751 --- [    Test worker] o.h.type.descriptor.sql.BasicBinder      : binding parameter [1] as [BIGINT] - [25]
2020-06-10 18:11:44.640 TRACE 55751 --- [    Test worker] o.h.type.descriptor.sql.BasicBinder      : binding parameter [2] as [VARCHAR] - [HISTORIA]
2020-06-10 18:11:44.641 TRACE 55751 --- [    Test worker] o.h.type.descriptor.sql.BasicBinder      : binding parameter [3] as [DATE] - [Wed Jun 10 18:11:44 EEST 2020]
2020-06-10 18:11:44.641 TRACE 55751 --- [    Test worker] o.h.type.descriptor.sql.BasicBinder      : binding parameter [4] as [DATE] - [Wed Jun 10 18:11:44 EEST 2020]
2020-06-10 18:11:44.641 TRACE 55751 --- [    Test worker] o.h.type.descriptor.sql.BasicBinder      : binding parameter [5] as [DATE] - [Wed Jun 10 18:11:44 EEST 2020]
2020-06-10 18:11:44.641 TRACE 55751 --- [    Test worker] o.h.type.descriptor.sql.BasicBinder      : binding parameter [6] as [BOOLEAN] - [false]
2020-06-10 18:11:44.641  INFO 55751 --- [    Test worker] .s.o.r.i.OrganisaatioSuhdeRepositoryImpl : addChild(24, 25, Wed Jun 10 18:11:44 EEST 2020)
Hibernate: 
    insert 
    into
        organisaatiosuhde
        (id, version, alkupvm, child_id, loppupvm, opetuspisteenjarjnro, parent_id, suhdetyyppi) 
    values
        (null, ?, ?, ?, ?, ?, ?, ?)
2020-06-10 18:11:44.642 TRACE 55751 --- [    Test worker] o.h.type.descriptor.sql.BasicBinder      : binding parameter [1] as [BIGINT] - [0]
2020-06-10 18:11:44.642 TRACE 55751 --- [    Test worker] o.h.type.descriptor.sql.BasicBinder      : binding parameter [2] as [DATE] - [Wed Jun 10 18:11:44 EEST 2020]
2020-06-10 18:11:44.642 TRACE 55751 --- [    Test worker] o.h.type.descriptor.sql.BasicBinder      : binding parameter [3] as [BIGINT] - [25]
2020-06-10 18:11:44.642 TRACE 55751 --- [    Test worker] o.h.type.descriptor.sql.BasicBinder      : binding parameter [4] as [DATE] - [null]
2020-06-10 18:11:44.642 TRACE 55751 --- [    Test worker] o.h.type.descriptor.sql.BasicBinder      : binding parameter [5] as [VARCHAR] - [02]
2020-06-10 18:11:44.642 TRACE 55751 --- [    Test worker] o.h.type.descriptor.sql.BasicBinder      : binding parameter [6] as [BIGINT] - [24]
2020-06-10 18:11:44.642 TRACE 55751 --- [    Test worker] o.h.type.descriptor.sql.BasicBinder      : binding parameter [7] as [VARCHAR] - [HISTORIA]
2020-06-10 18:11:44.642  INFO 55751 --- [    Test worker] .s.o.r.i.OrganisaatioSuhdeRepositoryImpl :     Created new child relation:  --> pId=24, cId=25, aPvm=Wed Jun 10 18:11:44 EEST 2020, lPvm=null
Hibernate: 
    select
        organisaat0_.id as id1_19_,
        organisaat0_.version as version2_19_,
        organisaat0_.alkupvm as alkupvm3_19_,
        organisaat0_.child_id as child_id7_19_,
        organisaat0_.loppupvm as loppupvm4_19_,
        organisaat0_.opetuspisteenjarjnro as opetuspi5_19_,
        organisaat0_.parent_id as parent_i8_19_,
        organisaat0_.suhdetyyppi as suhdetyy6_19_ 
    from
        organisaatiosuhde organisaat0_ 
    where
        organisaat0_.child_id=?
2020-06-10 18:11:44.643 TRACE 55751 --- [    Test worker] o.h.type.descriptor.sql.BasicBinder      : binding parameter [1] as [BIGINT] - [25]
2020-06-10 18:11:44.643 TRACE 55751 --- [    Test worker] o.h.type.descriptor.sql.BasicExtractor   : extracted value ([id1_19_] : [BIGINT]) - [26]
Hibernate: 
    select
        organisaat0_.id as id1_5_,
        organisaat0_.version as version2_5_,
        organisaat0_.alkupvm as alkupvm3_5_,
        organisaat0_.domainnimi as domainni4_5_,
        organisaat0_.kotipaikka as kotipaik5_5_,
        organisaat0_.kuvaus_mkt as kuvaus_28_5_,
        organisaat0_.lakkautuspvm as lakkautu6_5_,
        organisaat0_.maa as maa7_5_,
        organisaat0_.metadata_id as metadat29_5_,
        organisaat0_.nimi_mkt as nimi_mk30_5_,
        organisaat0_.nimihaku as nimihaku8_5_,
        organisaat0_.oid as oid9_5_,
        organisaat0_.opetuspisteenjarjnro as opetusp10_5_,
        organisaat0_.oppilaitoskoodi as oppilai11_5_,
        organisaat0_.oppilaitos_tyyppi as oppilai12_5_,
        organisaat0_.organisaatio_poistettu as organis13_5_,
        organisaat0_.paivittaja as paivitt14_5_,
        organisaat0_.paivityspvm as paivity15_5_,
        organisaat0_.parentidpath as parenti16_5_,
        organisaat0_.parentoidpath as parento17_5_,
        organisaat0_.piilotettu as piilote18_5_,
        organisaat0_.tarkastus_pvm as tarkast19_5_,
        organisaat0_.toimipistekoodi as toimipi20_5_,
        organisaat0_.tuontipvm as tuontip21_5_,
        organisaat0_.varhaiskasvatuksen_toimipaikka_tiedot_id as varhais31_5_,
        organisaat0_.virastotunnus as virasto22_5_,
        organisaat0_.yhteishaunkoulukoodi as yhteish23_5_,
        organisaat0_.yritysmuoto as yritysm24_5_,
        organisaat0_.ytj_kieli as ytj_kie25_5_,
        organisaat0_.ytjpaivityspvm as ytjpaiv26_5_,
        organisaat0_.ytunnus as ytunnus27_5_ 
    from
        organisaatio organisaat0_ 
    where
        organisaat0_.oid=?
2020-06-10 18:11:44.644 TRACE 55751 --- [    Test worker] o.h.type.descriptor.sql.BasicBinder      : binding parameter [1] as [VARCHAR] - [toimipiste2]
2020-06-10 18:11:44.644 TRACE 55751 --- [    Test worker] o.h.type.descriptor.sql.BasicExtractor   : extracted value ([id1_5_] : [BIGINT]) - [25]
2020-06-10 18:11:44.646  INFO 55751 --- [    Test worker] .s.o.r.i.OrganisaatioSuhdeRepositoryImpl : addLiitos(Organisaatio[id=22, version=1], Organisaatio[id=24, version=1], Wed Jun 10 18:11:44 EEST 2020)
Hibernate: 
    insert 
    into
        organisaatiosuhde
        (id, version, alkupvm, child_id, loppupvm, opetuspisteenjarjnro, parent_id, suhdetyyppi) 
    values
        (null, ?, ?, ?, ?, ?, ?, ?)
2020-06-10 18:11:44.647 TRACE 55751 --- [    Test worker] o.h.type.descriptor.sql.BasicBinder      : binding parameter [1] as [BIGINT] - [0]
2020-06-10 18:11:44.647 TRACE 55751 --- [    Test worker] o.h.type.descriptor.sql.BasicBinder      : binding parameter [2] as [DATE] - [Wed Jun 10 18:11:44 EEST 2020]
2020-06-10 18:11:44.647 TRACE 55751 --- [    Test worker] o.h.type.descriptor.sql.BasicBinder      : binding parameter [3] as [BIGINT] - [22]
2020-06-10 18:11:44.647 TRACE 55751 --- [    Test worker] o.h.type.descriptor.sql.BasicBinder      : binding parameter [4] as [DATE] - [null]
2020-06-10 18:11:44.647 TRACE 55751 --- [    Test worker] o.h.type.descriptor.sql.BasicBinder      : binding parameter [5] as [VARCHAR] - [null]
2020-06-10 18:11:44.647 TRACE 55751 --- [    Test worker] o.h.type.descriptor.sql.BasicBinder      : binding parameter [6] as [BIGINT] - [24]
2020-06-10 18:11:44.647 TRACE 55751 --- [    Test worker] o.h.type.descriptor.sql.BasicBinder      : binding parameter [7] as [VARCHAR] - [LIITOS]
2020-06-10 18:11:44.647  INFO 55751 --- [    Test worker] .s.o.r.i.OrganisaatioSuhdeRepositoryImpl :     Created new liitos relation:  --> pId=24, cId=22, aPvm=Wed Jun 10 18:11:44 EEST 2020, lPvm=null
2020-06-10 18:11:44.647  INFO 55751 --- [    Test worker] .s.o.r.i.OrganisaatioSuhdeRepositoryImpl : findChildrenTo(22, Wed Jun 10 18:11:44 EEST 2020)
Hibernate: 
    update
        organisaatio 
    set
        version=?,
        alkupvm=?,
        domainnimi=?,
        kotipaikka=?,
        kuvaus_mkt=?,
        lakkautuspvm=?,
        maa=?,
        metadata_id=?,
        nimi_mkt=?,
        nimihaku=?,
        oid=?,
        opetuspisteenjarjnro=?,
        oppilaitoskoodi=?,
        oppilaitos_tyyppi=?,
        organisaatio_poistettu=?,
        paivittaja=?,
        paivityspvm=?,
        parentidpath=?,
        parentoidpath=?,
        piilotettu=?,
        tarkastus_pvm=?,
        toimipistekoodi=?,
        tuontipvm=?,
        varhaiskasvatuksen_toimipaikka_tiedot_id=?,
        virastotunnus=?,
        yhteishaunkoulukoodi=?,
        yritysmuoto=?,
        ytj_kieli=?,
        ytjpaivityspvm=?,
        ytunnus=? 
    where
        id=? 
        and version=?
2020-06-10 18:11:44.648 TRACE 55751 --- [    Test worker] o.h.type.descriptor.sql.BasicBinder      : binding parameter [1] as [BIGINT] - [2]
2020-06-10 18:11:44.648 TRACE 55751 --- [    Test worker] o.h.type.descriptor.sql.BasicBinder      : binding parameter [2] as [DATE] - [Fri Dec 31 00:00:00 EET 1999]
2020-06-10 18:11:44.648 TRACE 55751 --- [    Test worker] o.h.type.descriptor.sql.BasicBinder      : binding parameter [3] as [VARCHAR] - [null]
2020-06-10 18:11:44.648 TRACE 55751 --- [    Test worker] o.h.type.descriptor.sql.BasicBinder      : binding parameter [4] as [VARCHAR] - [kunta_092]
2020-06-10 18:11:44.648 TRACE 55751 --- [    Test worker] o.h.type.descriptor.sql.BasicBinder      : binding parameter [5] as [BIGINT] - [1024]
2020-06-10 18:11:44.648 TRACE 55751 --- [    Test worker] o.h.type.descriptor.sql.BasicBinder      : binding parameter [6] as [DATE] - [Tue Jun 09 00:00:00 EEST 2020]
2020-06-10 18:11:44.648 TRACE 55751 --- [    Test worker] o.h.type.descriptor.sql.BasicBinder      : binding parameter [7] as [VARCHAR] - [maatjavaltiot1_fin]
2020-06-10 18:11:44.648 TRACE 55751 --- [    Test worker] o.h.type.descriptor.sql.BasicBinder      : binding parameter [8] as [BIGINT] - [null]
2020-06-10 18:11:44.649 TRACE 55751 --- [    Test worker] o.h.type.descriptor.sql.BasicBinder      : binding parameter [9] as [BIGINT] - [1025]
2020-06-10 18:11:44.649 TRACE 55751 --- [    Test worker] o.h.type.descriptor.sql.BasicBinder      : binding parameter [10] as [VARCHAR] - [,oppilaitos1]
2020-06-10 18:11:44.649 TRACE 55751 --- [    Test worker] o.h.type.descriptor.sql.BasicBinder      : binding parameter [11] as [VARCHAR] - [oppilaitos1]
2020-06-10 18:11:44.649 TRACE 55751 --- [    Test worker] o.h.type.descriptor.sql.BasicBinder      : binding parameter [12] as [VARCHAR] - [null]
2020-06-10 18:11:44.649 TRACE 55751 --- [    Test worker] o.h.type.descriptor.sql.BasicBinder      : binding parameter [13] as [VARCHAR] - [null]
2020-06-10 18:11:44.649 TRACE 55751 --- [    Test worker] o.h.type.descriptor.sql.BasicBinder      : binding parameter [14] as [VARCHAR] - [null]
2020-06-10 18:11:44.649 TRACE 55751 --- [    Test worker] o.h.type.descriptor.sql.BasicBinder      : binding parameter [15] as [BOOLEAN] - [false]
2020-06-10 18:11:44.649 TRACE 55751 --- [    Test worker] o.h.type.descriptor.sql.BasicBinder      : binding parameter [16] as [VARCHAR] - [ophadmin]
2020-06-10 18:11:44.649 TRACE 55751 --- [    Test worker] o.h.type.descriptor.sql.BasicBinder      : binding parameter [17] as [TIMESTAMP] - [Wed Jun 10 18:11:43 EEST 2020]
2020-06-10 18:11:44.649 TRACE 55751 --- [    Test worker] o.h.type.descriptor.sql.BasicBinder      : binding parameter [18] as [VARCHAR] - [|1|21|]
2020-06-10 18:11:44.649 TRACE 55751 --- [    Test worker] o.h.type.descriptor.sql.BasicBinder      : binding parameter [19] as [VARCHAR] - [|1.2.246.562.24.00000000001|koulutustoimija|]
2020-06-10 18:11:44.649 TRACE 55751 --- [    Test worker] o.h.type.descriptor.sql.BasicBinder      : binding parameter [20] as [BOOLEAN] - [false]
2020-06-10 18:11:44.649 TRACE 55751 --- [    Test worker] o.h.type.descriptor.sql.BasicBinder      : binding parameter [21] as [TIMESTAMP] - [null]
2020-06-10 18:11:44.649 TRACE 55751 --- [    Test worker] o.h.type.descriptor.sql.BasicBinder      : binding parameter [22] as [VARCHAR] - [null]
2020-06-10 18:11:44.649 TRACE 55751 --- [    Test worker] o.h.type.descriptor.sql.BasicBinder      : binding parameter [23] as [TIMESTAMP] - [null]
2020-06-10 18:11:44.649 TRACE 55751 --- [    Test worker] o.h.type.descriptor.sql.BasicBinder      : binding parameter [24] as [BIGINT] - [null]
2020-06-10 18:11:44.649 TRACE 55751 --- [    Test worker] o.h.type.descriptor.sql.BasicBinder      : binding parameter [25] as [VARCHAR] - [null]
2020-06-10 18:11:44.649 TRACE 55751 --- [    Test worker] o.h.type.descriptor.sql.BasicBinder      : binding parameter [26] as [VARCHAR] - [null]
2020-06-10 18:11:44.649 TRACE 55751 --- [    Test worker] o.h.type.descriptor.sql.BasicBinder      : binding parameter [27] as [VARCHAR] - [null]
2020-06-10 18:11:44.649 TRACE 55751 --- [    Test worker] o.h.type.descriptor.sql.BasicBinder      : binding parameter [28] as [VARCHAR] - [null]
2020-06-10 18:11:44.649 TRACE 55751 --- [    Test worker] o.h.type.descriptor.sql.BasicBinder      : binding parameter [29] as [DATE] - [null]
2020-06-10 18:11:44.649 TRACE 55751 --- [    Test worker] o.h.type.descriptor.sql.BasicBinder      : binding parameter [30] as [VARCHAR] - [null]
2020-06-10 18:11:44.649 TRACE 55751 --- [    Test worker] o.h.type.descriptor.sql.BasicBinder      : binding parameter [31] as [BIGINT] - [22]
2020-06-10 18:11:44.649 TRACE 55751 --- [    Test worker] o.h.type.descriptor.sql.BasicBinder      : binding parameter [32] as [BIGINT] - [1]
Hibernate: 
    select
        organisaat0_.id as id1_19_0_,
        organisaat1_.id as id1_5_1_,
        organisaat0_.version as version2_19_0_,
        organisaat0_.alkupvm as alkupvm3_19_0_,
        organisaat0_.child_id as child_id7_19_0_,
        organisaat0_.loppupvm as loppupvm4_19_0_,
        organisaat0_.opetuspisteenjarjnro as opetuspi5_19_0_,
        organisaat0_.parent_id as parent_i8_19_0_,
        organisaat0_.suhdetyyppi as suhdetyy6_19_0_,
        organisaat1_.version as version2_5_1_,
        organisaat1_.alkupvm as alkupvm3_5_1_,
        organisaat1_.domainnimi as domainni4_5_1_,
        organisaat1_.kotipaikka as kotipaik5_5_1_,
        organisaat1_.kuvaus_mkt as kuvaus_28_5_1_,
        organisaat1_.lakkautuspvm as lakkautu6_5_1_,
        organisaat1_.maa as maa7_5_1_,
        organisaat1_.metadata_id as metadat29_5_1_,
        organisaat1_.nimi_mkt as nimi_mk30_5_1_,
        organisaat1_.nimihaku as nimihaku8_5_1_,
        organisaat1_.oid as oid9_5_1_,
        organisaat1_.opetuspisteenjarjnro as opetusp10_5_1_,
        organisaat1_.oppilaitoskoodi as oppilai11_5_1_,
        organisaat1_.oppilaitos_tyyppi as oppilai12_5_1_,
        organisaat1_.organisaatio_poistettu as organis13_5_1_,
        organisaat1_.paivittaja as paivitt14_5_1_,
        organisaat1_.paivityspvm as paivity15_5_1_,
        organisaat1_.parentidpath as parenti16_5_1_,
        organisaat1_.parentoidpath as parento17_5_1_,
        organisaat1_.piilotettu as piilote18_5_1_,
        organisaat1_.tarkastus_pvm as tarkast19_5_1_,
        organisaat1_.toimipistekoodi as toimipi20_5_1_,
        organisaat1_.tuontipvm as tuontip21_5_1_,
        organisaat1_.varhaiskasvatuksen_toimipaikka_tiedot_id as varhais31_5_1_,
        organisaat1_.virastotunnus as virasto22_5_1_,
        organisaat1_.yhteishaunkoulukoodi as yhteish23_5_1_,
        organisaat1_.yritysmuoto as yritysm24_5_1_,
        organisaat1_.ytj_kieli as ytj_kie25_5_1_,
        organisaat1_.ytjpaivityspvm as ytjpaiv26_5_1_,
        organisaat1_.ytunnus as ytunnus27_5_1_ 
    from
        organisaatiosuhde organisaat0_ 
    inner join
        organisaatio organisaat1_ 
            on organisaat0_.child_id=organisaat1_.id 
    where
        organisaat0_.parent_id=? 
        and organisaat0_.suhdetyyppi=? 
        and (
            organisaat0_.alkupvm=? 
            or organisaat0_.alkupvm<?
        ) 
        and (
            organisaat0_.loppupvm is null 
            or organisaat0_.loppupvm>?
        ) 
        and organisaat1_.organisaatio_poistettu=? 
    order by
        organisaat0_.alkupvm desc
2020-06-10 18:11:44.650 TRACE 55751 --- [    Test worker] o.h.type.descriptor.sql.BasicBinder      : binding parameter [1] as [BIGINT] - [22]
2020-06-10 18:11:44.650 TRACE 55751 --- [    Test worker] o.h.type.descriptor.sql.BasicBinder      : binding parameter [2] as [VARCHAR] - [HISTORIA]
2020-06-10 18:11:44.650 TRACE 55751 --- [    Test worker] o.h.type.descriptor.sql.BasicBinder      : binding parameter [3] as [DATE] - [Wed Jun 10 18:11:44 EEST 2020]
2020-06-10 18:11:44.650 TRACE 55751 --- [    Test worker] o.h.type.descriptor.sql.BasicBinder      : binding parameter [4] as [DATE] - [Wed Jun 10 18:11:44 EEST 2020]
2020-06-10 18:11:44.650 TRACE 55751 --- [    Test worker] o.h.type.descriptor.sql.BasicBinder      : binding parameter [5] as [DATE] - [Wed Jun 10 18:11:44 EEST 2020]
2020-06-10 18:11:44.650 TRACE 55751 --- [    Test worker] o.h.type.descriptor.sql.BasicBinder      : binding parameter [6] as [BOOLEAN] - [false]
2020-06-10 18:11:44.650 TRACE 55751 --- [    Test worker] o.h.type.descriptor.sql.BasicExtractor   : extracted value ([id1_19_0_] : [BIGINT]) - [24]
2020-06-10 18:11:44.650 TRACE 55751 --- [    Test worker] o.h.type.descriptor.sql.BasicExtractor   : extracted value ([id1_5_1_] : [BIGINT]) - [23]
2020-06-10 18:11:44.650  INFO 55751 --- [    Test worker] .s.o.r.i.OrganisaatioSuhdeRepositoryImpl : findParentTo(23, Wed Jun 10 18:11:44 EEST 2020)
Hibernate: 
    select
        organisaat0_.id as id1_19_0_,
        organisaat1_.id as id1_5_1_,
        organisaat0_.version as version2_19_0_,
        organisaat0_.alkupvm as alkupvm3_19_0_,
        organisaat0_.child_id as child_id7_19_0_,
        organisaat0_.loppupvm as loppupvm4_19_0_,
        organisaat0_.opetuspisteenjarjnro as opetuspi5_19_0_,
        organisaat0_.parent_id as parent_i8_19_0_,
        organisaat0_.suhdetyyppi as suhdetyy6_19_0_,
        organisaat1_.version as version2_5_1_,
        organisaat1_.alkupvm as alkupvm3_5_1_,
        organisaat1_.domainnimi as domainni4_5_1_,
        organisaat1_.kotipaikka as kotipaik5_5_1_,
        organisaat1_.kuvaus_mkt as kuvaus_28_5_1_,
        organisaat1_.lakkautuspvm as lakkautu6_5_1_,
        organisaat1_.maa as maa7_5_1_,
        organisaat1_.metadata_id as metadat29_5_1_,
        organisaat1_.nimi_mkt as nimi_mk30_5_1_,
        organisaat1_.nimihaku as nimihaku8_5_1_,
        organisaat1_.oid as oid9_5_1_,
        organisaat1_.opetuspisteenjarjnro as opetusp10_5_1_,
        organisaat1_.oppilaitoskoodi as oppilai11_5_1_,
        organisaat1_.oppilaitos_tyyppi as oppilai12_5_1_,
        organisaat1_.organisaatio_poistettu as organis13_5_1_,
        organisaat1_.paivittaja as paivitt14_5_1_,
        organisaat1_.paivityspvm as paivity15_5_1_,
        organisaat1_.parentidpath as parenti16_5_1_,
        organisaat1_.parentoidpath as parento17_5_1_,
        organisaat1_.piilotettu as piilote18_5_1_,
        organisaat1_.tarkastus_pvm as tarkast19_5_1_,
        organisaat1_.toimipistekoodi as toimipi20_5_1_,
        organisaat1_.tuontipvm as tuontip21_5_1_,
        organisaat1_.varhaiskasvatuksen_toimipaikka_tiedot_id as varhais31_5_1_,
        organisaat1_.virastotunnus as virasto22_5_1_,
        organisaat1_.yhteishaunkoulukoodi as yhteish23_5_1_,
        organisaat1_.yritysmuoto as yritysm24_5_1_,
        organisaat1_.ytj_kieli as ytj_kie25_5_1_,
        organisaat1_.ytjpaivityspvm as ytjpaiv26_5_1_,
        organisaat1_.ytunnus as ytunnus27_5_1_ 
    from
        organisaatiosuhde organisaat0_ 
    inner join
        organisaatio organisaat1_ 
            on organisaat0_.parent_id=organisaat1_.id 
    where
        organisaat0_.child_id=? 
        and organisaat0_.suhdetyyppi=? 
        and (
            organisaat0_.alkupvm=? 
            or organisaat0_.alkupvm<?
        ) 
        and (
            organisaat0_.loppupvm is null 
            or organisaat0_.loppupvm>?
        ) 
        and organisaat1_.organisaatio_poistettu=? 
    order by
        organisaat0_.alkupvm desc
2020-06-10 18:11:44.652 TRACE 55751 --- [    Test worker] o.h.type.descriptor.sql.BasicBinder      : binding parameter [1] as [BIGINT] - [23]
2020-06-10 18:11:44.652 TRACE 55751 --- [    Test worker] o.h.type.descriptor.sql.BasicBinder      : binding parameter [2] as [VARCHAR] - [HISTORIA]
2020-06-10 18:11:44.652 TRACE 55751 --- [    Test worker] o.h.type.descriptor.sql.BasicBinder      : binding parameter [3] as [DATE] - [Wed Jun 10 18:11:44 EEST 2020]
2020-06-10 18:11:44.652 TRACE 55751 --- [    Test worker] o.h.type.descriptor.sql.BasicBinder      : binding parameter [4] as [DATE] - [Wed Jun 10 18:11:44 EEST 2020]
2020-06-10 18:11:44.652 TRACE 55751 --- [    Test worker] o.h.type.descriptor.sql.BasicBinder      : binding parameter [5] as [DATE] - [Wed Jun 10 18:11:44 EEST 2020]
2020-06-10 18:11:44.652 TRACE 55751 --- [    Test worker] o.h.type.descriptor.sql.BasicBinder      : binding parameter [6] as [BOOLEAN] - [false]
2020-06-10 18:11:44.652 TRACE 55751 --- [    Test worker] o.h.type.descriptor.sql.BasicExtractor   : extracted value ([id1_19_0_] : [BIGINT]) - [24]
2020-06-10 18:11:44.652 TRACE 55751 --- [    Test worker] o.h.type.descriptor.sql.BasicExtractor   : extracted value ([id1_5_1_] : [BIGINT]) - [22]
2020-06-10 18:11:44.653  INFO 55751 --- [    Test worker] .s.o.r.i.OrganisaatioSuhdeRepositoryImpl : findParentTo(23, Wed Jun 10 18:11:44 EEST 2020)
Hibernate: 
    select
        organisaat0_.id as id1_19_0_,
        organisaat1_.id as id1_5_1_,
        organisaat0_.version as version2_19_0_,
        organisaat0_.alkupvm as alkupvm3_19_0_,
        organisaat0_.child_id as child_id7_19_0_,
        organisaat0_.loppupvm as loppupvm4_19_0_,
        organisaat0_.opetuspisteenjarjnro as opetuspi5_19_0_,
        organisaat0_.parent_id as parent_i8_19_0_,
        organisaat0_.suhdetyyppi as suhdetyy6_19_0_,
        organisaat1_.version as version2_5_1_,
        organisaat1_.alkupvm as alkupvm3_5_1_,
        organisaat1_.domainnimi as domainni4_5_1_,
        organisaat1_.kotipaikka as kotipaik5_5_1_,
        organisaat1_.kuvaus_mkt as kuvaus_28_5_1_,
        organisaat1_.lakkautuspvm as lakkautu6_5_1_,
        organisaat1_.maa as maa7_5_1_,
        organisaat1_.metadata_id as metadat29_5_1_,
        organisaat1_.nimi_mkt as nimi_mk30_5_1_,
        organisaat1_.nimihaku as nimihaku8_5_1_,
        organisaat1_.oid as oid9_5_1_,
        organisaat1_.opetuspisteenjarjnro as opetusp10_5_1_,
        organisaat1_.oppilaitoskoodi as oppilai11_5_1_,
        organisaat1_.oppilaitos_tyyppi as oppilai12_5_1_,
        organisaat1_.organisaatio_poistettu as organis13_5_1_,
        organisaat1_.paivittaja as paivitt14_5_1_,
        organisaat1_.paivityspvm as paivity15_5_1_,
        organisaat1_.parentidpath as parenti16_5_1_,
        organisaat1_.parentoidpath as parento17_5_1_,
        organisaat1_.piilotettu as piilote18_5_1_,
        organisaat1_.tarkastus_pvm as tarkast19_5_1_,
        organisaat1_.toimipistekoodi as toimipi20_5_1_,
        organisaat1_.tuontipvm as tuontip21_5_1_,
        organisaat1_.varhaiskasvatuksen_toimipaikka_tiedot_id as varhais31_5_1_,
        organisaat1_.virastotunnus as virasto22_5_1_,
        organisaat1_.yhteishaunkoulukoodi as yhteish23_5_1_,
        organisaat1_.yritysmuoto as yritysm24_5_1_,
        organisaat1_.ytj_kieli as ytj_kie25_5_1_,
        organisaat1_.ytjpaivityspvm as ytjpaiv26_5_1_,
        organisaat1_.ytunnus as ytunnus27_5_1_ 
    from
        organisaatiosuhde organisaat0_ 
    inner join
        organisaatio organisaat1_ 
            on organisaat0_.parent_id=organisaat1_.id 
    where
        organisaat0_.child_id=? 
        and organisaat0_.suhdetyyppi=? 
        and (
            organisaat0_.alkupvm=? 
            or organisaat0_.alkupvm<?
        ) 
        and (
            organisaat0_.loppupvm is null 
            or organisaat0_.loppupvm>?
        ) 
        and organisaat1_.organisaatio_poistettu=? 
    order by
        organisaat0_.alkupvm desc
2020-06-10 18:11:44.654 TRACE 55751 --- [    Test worker] o.h.type.descriptor.sql.BasicBinder      : binding parameter [1] as [BIGINT] - [23]
2020-06-10 18:11:44.654 TRACE 55751 --- [    Test worker] o.h.type.descriptor.sql.BasicBinder      : binding parameter [2] as [VARCHAR] - [HISTORIA]
2020-06-10 18:11:44.654 TRACE 55751 --- [    Test worker] o.h.type.descriptor.sql.BasicBinder      : binding parameter [3] as [DATE] - [Wed Jun 10 18:11:44 EEST 2020]
2020-06-10 18:11:44.654 TRACE 55751 --- [    Test worker] o.h.type.descriptor.sql.BasicBinder      : binding parameter [4] as [DATE] - [Wed Jun 10 18:11:44 EEST 2020]
2020-06-10 18:11:44.654 TRACE 55751 --- [    Test worker] o.h.type.descriptor.sql.BasicBinder      : binding parameter [5] as [DATE] - [Wed Jun 10 18:11:44 EEST 2020]
2020-06-10 18:11:44.654 TRACE 55751 --- [    Test worker] o.h.type.descriptor.sql.BasicBinder      : binding parameter [6] as [BOOLEAN] - [false]
2020-06-10 18:11:44.654 TRACE 55751 --- [    Test worker] o.h.type.descriptor.sql.BasicExtractor   : extracted value ([id1_19_0_] : [BIGINT]) - [24]
2020-06-10 18:11:44.654 TRACE 55751 --- [    Test worker] o.h.type.descriptor.sql.BasicExtractor   : extracted value ([id1_5_1_] : [BIGINT]) - [22]
Hibernate: 
    insert 
    into
        organisaatiosuhde
        (id, version, alkupvm, child_id, loppupvm, opetuspisteenjarjnro, parent_id, suhdetyyppi) 
    values
        (null, ?, ?, ?, ?, ?, ?, ?)
2020-06-10 18:11:44.655 TRACE 55751 --- [    Test worker] o.h.type.descriptor.sql.BasicBinder      : binding parameter [1] as [BIGINT] - [0]
2020-06-10 18:11:44.655 TRACE 55751 --- [    Test worker] o.h.type.descriptor.sql.BasicBinder      : binding parameter [2] as [DATE] - [Wed Jun 10 18:11:44 EEST 2020]
2020-06-10 18:11:44.655 TRACE 55751 --- [    Test worker] o.h.type.descriptor.sql.BasicBinder      : binding parameter [3] as [BIGINT] - [23]
2020-06-10 18:11:44.655 TRACE 55751 --- [    Test worker] o.h.type.descriptor.sql.BasicBinder      : binding parameter [4] as [DATE] - [null]
2020-06-10 18:11:44.655 TRACE 55751 --- [    Test worker] o.h.type.descriptor.sql.BasicBinder      : binding parameter [5] as [VARCHAR] - [null]
2020-06-10 18:11:44.655 TRACE 55751 --- [    Test worker] o.h.type.descriptor.sql.BasicBinder      : binding parameter [6] as [BIGINT] - [24]
2020-06-10 18:11:44.655 TRACE 55751 --- [    Test worker] o.h.type.descriptor.sql.BasicBinder      : binding parameter [7] as [VARCHAR] - [HISTORIA]
Hibernate: 
    select
        organisaat0_.id as id1_5_,
        organisaat0_.version as version2_5_,
        organisaat0_.alkupvm as alkupvm3_5_,
        organisaat0_.domainnimi as domainni4_5_,
        organisaat0_.kotipaikka as kotipaik5_5_,
        organisaat0_.kuvaus_mkt as kuvaus_28_5_,
        organisaat0_.lakkautuspvm as lakkautu6_5_,
        organisaat0_.maa as maa7_5_,
        organisaat0_.metadata_id as metadat29_5_,
        organisaat0_.nimi_mkt as nimi_mk30_5_,
        organisaat0_.nimihaku as nimihaku8_5_,
        organisaat0_.oid as oid9_5_,
        organisaat0_.opetuspisteenjarjnro as opetusp10_5_,
        organisaat0_.oppilaitoskoodi as oppilai11_5_,
        organisaat0_.oppilaitos_tyyppi as oppilai12_5_,
        organisaat0_.organisaatio_poistettu as organis13_5_,
        organisaat0_.paivittaja as paivitt14_5_,
        organisaat0_.paivityspvm as paivity15_5_,
        organisaat0_.parentidpath as parenti16_5_,
        organisaat0_.parentoidpath as parento17_5_,
        organisaat0_.piilotettu as piilote18_5_,
        organisaat0_.tarkastus_pvm as tarkast19_5_,
        organisaat0_.toimipistekoodi as toimipi20_5_,
        organisaat0_.tuontipvm as tuontip21_5_,
        organisaat0_.varhaiskasvatuksen_toimipaikka_tiedot_id as varhais31_5_,
        organisaat0_.virastotunnus as virasto22_5_,
        organisaat0_.yhteishaunkoulukoodi as yhteish23_5_,
        organisaat0_.yritysmuoto as yritysm24_5_,
        organisaat0_.ytj_kieli as ytj_kie25_5_,
        organisaat0_.ytjpaivityspvm as ytjpaiv26_5_,
        organisaat0_.ytunnus as ytunnus27_5_ 
    from
        organisaatio organisaat0_ 
    where
        organisaat0_.toimipistekoodi=?
2020-06-10 18:11:44.656 TRACE 55751 --- [    Test worker] o.h.type.descriptor.sql.BasicBinder      : binding parameter [1] as [VARCHAR] - [null01]
2020-06-10 18:11:44.656 TRACE 55751 --- [    Test worker] o.h.type.descriptor.sql.BasicExtractor   : extracted value ([id1_5_] : [BIGINT]) - [23]
Hibernate: 
    select
        organisaat0_.id as id1_5_,
        organisaat0_.version as version2_5_,
        organisaat0_.alkupvm as alkupvm3_5_,
        organisaat0_.domainnimi as domainni4_5_,
        organisaat0_.kotipaikka as kotipaik5_5_,
        organisaat0_.kuvaus_mkt as kuvaus_28_5_,
        organisaat0_.lakkautuspvm as lakkautu6_5_,
        organisaat0_.maa as maa7_5_,
        organisaat0_.metadata_id as metadat29_5_,
        organisaat0_.nimi_mkt as nimi_mk30_5_,
        organisaat0_.nimihaku as nimihaku8_5_,
        organisaat0_.oid as oid9_5_,
        organisaat0_.opetuspisteenjarjnro as opetusp10_5_,
        organisaat0_.oppilaitoskoodi as oppilai11_5_,
        organisaat0_.oppilaitos_tyyppi as oppilai12_5_,
        organisaat0_.organisaatio_poistettu as organis13_5_,
        organisaat0_.paivittaja as paivitt14_5_,
        organisaat0_.paivityspvm as paivity15_5_,
        organisaat0_.parentidpath as parenti16_5_,
        organisaat0_.parentoidpath as parento17_5_,
        organisaat0_.piilotettu as piilote18_5_,
        organisaat0_.tarkastus_pvm as tarkast19_5_,
        organisaat0_.toimipistekoodi as toimipi20_5_,
        organisaat0_.tuontipvm as tuontip21_5_,
        organisaat0_.varhaiskasvatuksen_toimipaikka_tiedot_id as varhais31_5_,
        organisaat0_.virastotunnus as virasto22_5_,
        organisaat0_.yhteishaunkoulukoodi as yhteish23_5_,
        organisaat0_.yritysmuoto as yritysm24_5_,
        organisaat0_.ytj_kieli as ytj_kie25_5_,
        organisaat0_.ytjpaivityspvm as ytjpaiv26_5_,
        organisaat0_.ytunnus as ytunnus27_5_ 
    from
        organisaatio organisaat0_ 
    where
        organisaat0_.toimipistekoodi=?
2020-06-10 18:11:44.657 TRACE 55751 --- [    Test worker] o.h.type.descriptor.sql.BasicBinder      : binding parameter [1] as [VARCHAR] - [null02]
2020-06-10 18:11:44.657 TRACE 55751 --- [    Test worker] o.h.type.descriptor.sql.BasicExtractor   : extracted value ([id1_5_] : [BIGINT]) - [25]
Hibernate: 
    select
        organisaat0_.id as id1_5_,
        organisaat0_.version as version2_5_,
        organisaat0_.alkupvm as alkupvm3_5_,
        organisaat0_.domainnimi as domainni4_5_,
        organisaat0_.kotipaikka as kotipaik5_5_,
        organisaat0_.kuvaus_mkt as kuvaus_28_5_,
        organisaat0_.lakkautuspvm as lakkautu6_5_,
        organisaat0_.maa as maa7_5_,
        organisaat0_.metadata_id as metadat29_5_,
        organisaat0_.nimi_mkt as nimi_mk30_5_,
        organisaat0_.nimihaku as nimihaku8_5_,
        organisaat0_.oid as oid9_5_,
        organisaat0_.opetuspisteenjarjnro as opetusp10_5_,
        organisaat0_.oppilaitoskoodi as oppilai11_5_,
        organisaat0_.oppilaitos_tyyppi as oppilai12_5_,
        organisaat0_.organisaatio_poistettu as organis13_5_,
        organisaat0_.paivittaja as paivitt14_5_,
        organisaat0_.paivityspvm as paivity15_5_,
        organisaat0_.parentidpath as parenti16_5_,
        organisaat0_.parentoidpath as parento17_5_,
        organisaat0_.piilotettu as piilote18_5_,
        organisaat0_.tarkastus_pvm as tarkast19_5_,
        organisaat0_.toimipistekoodi as toimipi20_5_,
        organisaat0_.tuontipvm as tuontip21_5_,
        organisaat0_.varhaiskasvatuksen_toimipaikka_tiedot_id as varhais31_5_,
        organisaat0_.virastotunnus as virasto22_5_,
        organisaat0_.yhteishaunkoulukoodi as yhteish23_5_,
        organisaat0_.yritysmuoto as yritysm24_5_,
        organisaat0_.ytj_kieli as ytj_kie25_5_,
        organisaat0_.ytjpaivityspvm as ytjpaiv26_5_,
        organisaat0_.ytunnus as ytunnus27_5_ 
    from
        organisaatio organisaat0_ 
    where
        organisaat0_.toimipistekoodi=?
2020-06-10 18:11:44.658 TRACE 55751 --- [    Test worker] o.h.type.descriptor.sql.BasicBinder      : binding parameter [1] as [VARCHAR] - [null03]
2020-06-10 18:11:44.899  WARN 55751 --- [    Test worker] fi.vm.sade.javautils.http.OphHttpClient  : Failed to CAS authenticate. Renewing proxy ticket.
2020-06-10 18:11:44.964 ERROR 55751 --- [    Test worker] fi.vm.sade.javautils.http.LogUtil        : Internal error calling REST resource, url: https://virkailija.untuvaopintopolku.fi/koodisto-service/rest/codeelement/opetuspisteet_null01/1, method: GET, status: 500, userInfo: , connectionTimeoutMs: 10000, socketTimeoutMs: 10000
2020-06-10 18:11:44.964 ERROR 55751 --- [    Test worker] fi.vm.sade.javautils.http.LogUtil        : Not found error calling REST resource, url: https://virkailija.untuvaopintopolku.fi/koodisto-service/rest/codeelement/opetuspisteet_null01/1, method: GET, status: 500, userInfo: , connectionTimeoutMs: 10000, socketTimeoutMs: 10000
2020-06-10 18:11:44.964  WARN 55751 --- [    Test worker] f.v.s.o.b.impl.OrganisaatioKoodistoImpl  : Koodin opetuspisteet_null01 hakeminen epäonnistui, koodia ei löytynyt!
Hibernate: 
    update
        monikielinen_teksti 
    set
        version=? 
    where
        id=? 
        and version=?
2020-06-10 18:11:44.966 TRACE 55751 --- [    Test worker] o.h.type.descriptor.sql.BasicBinder      : binding parameter [1] as [BIGINT] - [1]
2020-06-10 18:11:44.966 TRACE 55751 --- [    Test worker] o.h.type.descriptor.sql.BasicBinder      : binding parameter [2] as [BIGINT] - [1027]
2020-06-10 18:11:44.966 TRACE 55751 --- [    Test worker] o.h.type.descriptor.sql.BasicBinder      : binding parameter [3] as [BIGINT] - [0]
Hibernate: 
    update
        organisaatio 
    set
        version=?,
        alkupvm=?,
        domainnimi=?,
        kotipaikka=?,
        kuvaus_mkt=?,
        lakkautuspvm=?,
        maa=?,
        metadata_id=?,
        nimi_mkt=?,
        nimihaku=?,
        oid=?,
        opetuspisteenjarjnro=?,
        oppilaitoskoodi=?,
        oppilaitos_tyyppi=?,
        organisaatio_poistettu=?,
        paivittaja=?,
        paivityspvm=?,
        parentidpath=?,
        parentoidpath=?,
        piilotettu=?,
        tarkastus_pvm=?,
        toimipistekoodi=?,
        tuontipvm=?,
        varhaiskasvatuksen_toimipaikka_tiedot_id=?,
        virastotunnus=?,
        yhteishaunkoulukoodi=?,
        yritysmuoto=?,
        ytj_kieli=?,
        ytjpaivityspvm=?,
        ytunnus=? 
    where
        id=? 
        and version=?
2020-06-10 18:11:44.966 TRACE 55751 --- [    Test worker] o.h.type.descriptor.sql.BasicBinder      : binding parameter [1] as [BIGINT] - [2]
2020-06-10 18:11:44.966 TRACE 55751 --- [    Test worker] o.h.type.descriptor.sql.BasicBinder      : binding parameter [2] as [DATE] - [Fri Dec 31 00:00:00 EET 1999]
2020-06-10 18:11:44.966 TRACE 55751 --- [    Test worker] o.h.type.descriptor.sql.BasicBinder      : binding parameter [3] as [VARCHAR] - [null]
2020-06-10 18:11:44.966 TRACE 55751 --- [    Test worker] o.h.type.descriptor.sql.BasicBinder      : binding parameter [4] as [VARCHAR] - [kunta_092]
2020-06-10 18:11:44.966 TRACE 55751 --- [    Test worker] o.h.type.descriptor.sql.BasicBinder      : binding parameter [5] as [BIGINT] - [1026]
2020-06-10 18:11:44.966 TRACE 55751 --- [    Test worker] o.h.type.descriptor.sql.BasicBinder      : binding parameter [6] as [DATE] - [null]
2020-06-10 18:11:44.966 TRACE 55751 --- [    Test worker] o.h.type.descriptor.sql.BasicBinder      : binding parameter [7] as [VARCHAR] - [maatjavaltiot1_fin]
2020-06-10 18:11:44.966 TRACE 55751 --- [    Test worker] o.h.type.descriptor.sql.BasicBinder      : binding parameter [8] as [BIGINT] - [null]
2020-06-10 18:11:44.966 TRACE 55751 --- [    Test worker] o.h.type.descriptor.sql.BasicBinder      : binding parameter [9] as [BIGINT] - [1027]
2020-06-10 18:11:44.966 TRACE 55751 --- [    Test worker] o.h.type.descriptor.sql.BasicBinder      : binding parameter [10] as [VARCHAR] - [,toimipiste1]
2020-06-10 18:11:44.967 TRACE 55751 --- [    Test worker] o.h.type.descriptor.sql.BasicBinder      : binding parameter [11] as [VARCHAR] - [toimipiste1]
2020-06-10 18:11:44.967 TRACE 55751 --- [    Test worker] o.h.type.descriptor.sql.BasicBinder      : binding parameter [12] as [VARCHAR] - [03]
2020-06-10 18:11:44.967 TRACE 55751 --- [    Test worker] o.h.type.descriptor.sql.BasicBinder      : binding parameter [13] as [VARCHAR] - [null]
2020-06-10 18:11:44.967 TRACE 55751 --- [    Test worker] o.h.type.descriptor.sql.BasicBinder      : binding parameter [14] as [VARCHAR] - [null]
2020-06-10 18:11:44.967 TRACE 55751 --- [    Test worker] o.h.type.descriptor.sql.BasicBinder      : binding parameter [15] as [BOOLEAN] - [false]
2020-06-10 18:11:44.967 TRACE 55751 --- [    Test worker] o.h.type.descriptor.sql.BasicBinder      : binding parameter [16] as [VARCHAR] - [ophadmin]
2020-06-10 18:11:44.967 TRACE 55751 --- [    Test worker] o.h.type.descriptor.sql.BasicBinder      : binding parameter [17] as [TIMESTAMP] - [Wed Jun 10 18:11:43 EEST 2020]
2020-06-10 18:11:44.967 TRACE 55751 --- [    Test worker] o.h.type.descriptor.sql.BasicBinder      : binding parameter [18] as [VARCHAR] - [|1|21|22|]
2020-06-10 18:11:44.967 TRACE 55751 --- [    Test worker] o.h.type.descriptor.sql.BasicBinder      : binding parameter [19] as [VARCHAR] - [|1.2.246.562.24.00000000001|koulutustoimija|oppilaitos1|]
2020-06-10 18:11:44.967 TRACE 55751 --- [    Test worker] o.h.type.descriptor.sql.BasicBinder      : binding parameter [20] as [BOOLEAN] - [false]
2020-06-10 18:11:44.967 TRACE 55751 --- [    Test worker] o.h.type.descriptor.sql.BasicBinder      : binding parameter [21] as [TIMESTAMP] - [null]
2020-06-10 18:11:44.967 TRACE 55751 --- [    Test worker] o.h.type.descriptor.sql.BasicBinder      : binding parameter [22] as [VARCHAR] - [null03]
2020-06-10 18:11:44.967 TRACE 55751 --- [    Test worker] o.h.type.descriptor.sql.BasicBinder      : binding parameter [23] as [TIMESTAMP] - [null]
2020-06-10 18:11:44.967 TRACE 55751 --- [    Test worker] o.h.type.descriptor.sql.BasicBinder      : binding parameter [24] as [BIGINT] - [null]
2020-06-10 18:11:44.967 TRACE 55751 --- [    Test worker] o.h.type.descriptor.sql.BasicBinder      : binding parameter [25] as [VARCHAR] - [null]
2020-06-10 18:11:44.967 TRACE 55751 --- [    Test worker] o.h.type.descriptor.sql.BasicBinder      : binding parameter [26] as [VARCHAR] - [null]
2020-06-10 18:11:44.967 TRACE 55751 --- [    Test worker] o.h.type.descriptor.sql.BasicBinder      : binding parameter [27] as [VARCHAR] - [null]
2020-06-10 18:11:44.967 TRACE 55751 --- [    Test worker] o.h.type.descriptor.sql.BasicBinder      : binding parameter [28] as [VARCHAR] - [null]
2020-06-10 18:11:44.967 TRACE 55751 --- [    Test worker] o.h.type.descriptor.sql.BasicBinder      : binding parameter [29] as [DATE] - [null]
2020-06-10 18:11:44.967 TRACE 55751 --- [    Test worker] o.h.type.descriptor.sql.BasicBinder      : binding parameter [30] as [VARCHAR] - [null]
2020-06-10 18:11:44.967 TRACE 55751 --- [    Test worker] o.h.type.descriptor.sql.BasicBinder      : binding parameter [31] as [BIGINT] - [23]
2020-06-10 18:11:44.967 TRACE 55751 --- [    Test worker] o.h.type.descriptor.sql.BasicBinder      : binding parameter [32] as [BIGINT] - [1]
Hibernate: 
    update
        organisaatiosuhde 
    set
        version=?,
        alkupvm=?,
        child_id=?,
        loppupvm=?,
        opetuspisteenjarjnro=?,
        parent_id=?,
        suhdetyyppi=? 
    where
        id=? 
        and version=?
2020-06-10 18:11:44.967 TRACE 55751 --- [    Test worker] o.h.type.descriptor.sql.BasicBinder      : binding parameter [1] as [BIGINT] - [1]
2020-06-10 18:11:44.967 TRACE 55751 --- [    Test worker] o.h.type.descriptor.sql.BasicBinder      : binding parameter [2] as [DATE] - [Wed Jun 10 18:11:43 EEST 2020]
2020-06-10 18:11:44.967 TRACE 55751 --- [    Test worker] o.h.type.descriptor.sql.BasicBinder      : binding parameter [3] as [BIGINT] - [23]
2020-06-10 18:11:44.967 TRACE 55751 --- [    Test worker] o.h.type.descriptor.sql.BasicBinder      : binding parameter [4] as [DATE] - [Wed Jun 10 18:11:44 EEST 2020]
2020-06-10 18:11:44.967 TRACE 55751 --- [    Test worker] o.h.type.descriptor.sql.BasicBinder      : binding parameter [5] as [VARCHAR] - [01]
2020-06-10 18:11:44.967 TRACE 55751 --- [    Test worker] o.h.type.descriptor.sql.BasicBinder      : binding parameter [6] as [BIGINT] - [22]
2020-06-10 18:11:44.967 TRACE 55751 --- [    Test worker] o.h.type.descriptor.sql.BasicBinder      : binding parameter [7] as [VARCHAR] - [HISTORIA]
2020-06-10 18:11:44.967 TRACE 55751 --- [    Test worker] o.h.type.descriptor.sql.BasicBinder      : binding parameter [8] as [BIGINT] - [24]
2020-06-10 18:11:44.967 TRACE 55751 --- [    Test worker] o.h.type.descriptor.sql.BasicBinder      : binding parameter [9] as [BIGINT] - [0]
Hibernate: 
    update
        organisaatiosuhde 
    set
        version=?,
        alkupvm=?,
        child_id=?,
        loppupvm=?,
        opetuspisteenjarjnro=?,
        parent_id=?,
        suhdetyyppi=? 
    where
        id=? 
        and version=?
2020-06-10 18:11:44.968 TRACE 55751 --- [    Test worker] o.h.type.descriptor.sql.BasicBinder      : binding parameter [1] as [BIGINT] - [1]
2020-06-10 18:11:44.968 TRACE 55751 --- [    Test worker] o.h.type.descriptor.sql.BasicBinder      : binding parameter [2] as [DATE] - [Wed Jun 10 18:11:44 EEST 2020]
2020-06-10 18:11:44.968 TRACE 55751 --- [    Test worker] o.h.type.descriptor.sql.BasicBinder      : binding parameter [3] as [BIGINT] - [23]
2020-06-10 18:11:44.968 TRACE 55751 --- [    Test worker] o.h.type.descriptor.sql.BasicBinder      : binding parameter [4] as [DATE] - [null]
2020-06-10 18:11:44.968 TRACE 55751 --- [    Test worker] o.h.type.descriptor.sql.BasicBinder      : binding parameter [5] as [VARCHAR] - [03]
2020-06-10 18:11:44.968 TRACE 55751 --- [    Test worker] o.h.type.descriptor.sql.BasicBinder      : binding parameter [6] as [BIGINT] - [24]
2020-06-10 18:11:44.968 TRACE 55751 --- [    Test worker] o.h.type.descriptor.sql.BasicBinder      : binding parameter [7] as [VARCHAR] - [HISTORIA]
2020-06-10 18:11:44.968 TRACE 55751 --- [    Test worker] o.h.type.descriptor.sql.BasicBinder      : binding parameter [8] as [BIGINT] - [28]
2020-06-10 18:11:44.968 TRACE 55751 --- [    Test worker] o.h.type.descriptor.sql.BasicBinder      : binding parameter [9] as [BIGINT] - [0]
Hibernate: 
    update
        monikielinen_teksti_values 
    set
        value=? 
    where
        id=? 
        and key=?
2020-06-10 18:11:44.968 TRACE 55751 --- [    Test worker] o.h.type.descriptor.sql.BasicBinder      : binding parameter [1] as [VARCHAR] - [oppilaitos2, toimipiste1]
2020-06-10 18:11:44.968 TRACE 55751 --- [    Test worker] o.h.type.descriptor.sql.BasicBinder      : binding parameter [2] as [BIGINT] - [1027]
2020-06-10 18:11:44.968 TRACE 55751 --- [    Test worker] o.h.type.descriptor.sql.BasicBinder      : binding parameter [3] as [VARCHAR] - [fi]
Hibernate: 
    select
        organisaat0_.id as id1_5_,
        organisaat0_.version as version2_5_,
        organisaat0_.alkupvm as alkupvm3_5_,
        organisaat0_.domainnimi as domainni4_5_,
        organisaat0_.kotipaikka as kotipaik5_5_,
        organisaat0_.kuvaus_mkt as kuvaus_28_5_,
        organisaat0_.lakkautuspvm as lakkautu6_5_,
        organisaat0_.maa as maa7_5_,
        organisaat0_.metadata_id as metadat29_5_,
        organisaat0_.nimi_mkt as nimi_mk30_5_,
        organisaat0_.nimihaku as nimihaku8_5_,
        organisaat0_.oid as oid9_5_,
        organisaat0_.opetuspisteenjarjnro as opetusp10_5_,
        organisaat0_.oppilaitoskoodi as oppilai11_5_,
        organisaat0_.oppilaitos_tyyppi as oppilai12_5_,
        organisaat0_.organisaatio_poistettu as organis13_5_,
        organisaat0_.paivittaja as paivitt14_5_,
        organisaat0_.paivityspvm as paivity15_5_,
        organisaat0_.parentidpath as parenti16_5_,
        organisaat0_.parentoidpath as parento17_5_,
        organisaat0_.piilotettu as piilote18_5_,
        organisaat0_.tarkastus_pvm as tarkast19_5_,
        organisaat0_.toimipistekoodi as toimipi20_5_,
        organisaat0_.tuontipvm as tuontip21_5_,
        organisaat0_.varhaiskasvatuksen_toimipaikka_tiedot_id as varhais31_5_,
        organisaat0_.virastotunnus as virasto22_5_,
        organisaat0_.yhteishaunkoulukoodi as yhteish23_5_,
        organisaat0_.yritysmuoto as yritysm24_5_,
        organisaat0_.ytj_kieli as ytj_kie25_5_,
        organisaat0_.ytjpaivityspvm as ytjpaiv26_5_,
        organisaat0_.ytunnus as ytunnus27_5_ 
    from
        organisaatio organisaat0_ 
    where
        organisaat0_.oid=?
2020-06-10 18:11:44.969 TRACE 55751 --- [    Test worker] o.h.type.descriptor.sql.BasicBinder      : binding parameter [1] as [VARCHAR] - [oppilaitos2]
2020-06-10 18:11:44.969 TRACE 55751 --- [    Test worker] o.h.type.descriptor.sql.BasicExtractor   : extracted value ([id1_5_] : [BIGINT]) - [24]
Hibernate: 
    update
        organisaatio 
    set
        version=?,
        alkupvm=?,
        domainnimi=?,
        kotipaikka=?,
        kuvaus_mkt=?,
        lakkautuspvm=?,
        maa=?,
        metadata_id=?,
        nimi_mkt=?,
        nimihaku=?,
        oid=?,
        opetuspisteenjarjnro=?,
        oppilaitoskoodi=?,
        oppilaitos_tyyppi=?,
        organisaatio_poistettu=?,
        paivittaja=?,
        paivityspvm=?,
        parentidpath=?,
        parentoidpath=?,
        piilotettu=?,
        tarkastus_pvm=?,
        toimipistekoodi=?,
        tuontipvm=?,
        varhaiskasvatuksen_toimipaikka_tiedot_id=?,
        virastotunnus=?,
        yhteishaunkoulukoodi=?,
        yritysmuoto=?,
        ytj_kieli=?,
        ytjpaivityspvm=?,
        ytunnus=? 
    where
        id=? 
        and version=?
2020-06-10 18:11:44.971 TRACE 55751 --- [    Test worker] o.h.type.descriptor.sql.BasicBinder      : binding parameter [1] as [BIGINT] - [3]
2020-06-10 18:11:44.971 TRACE 55751 --- [    Test worker] o.h.type.descriptor.sql.BasicBinder      : binding parameter [2] as [DATE] - [Fri Dec 31 00:00:00 EET 1999]
2020-06-10 18:11:44.971 TRACE 55751 --- [    Test worker] o.h.type.descriptor.sql.BasicBinder      : binding parameter [3] as [VARCHAR] - [null]
2020-06-10 18:11:44.971 TRACE 55751 --- [    Test worker] o.h.type.descriptor.sql.BasicBinder      : binding parameter [4] as [VARCHAR] - [kunta_092]
2020-06-10 18:11:44.971 TRACE 55751 --- [    Test worker] o.h.type.descriptor.sql.BasicBinder      : binding parameter [5] as [BIGINT] - [1026]
2020-06-10 18:11:44.971 TRACE 55751 --- [    Test worker] o.h.type.descriptor.sql.BasicBinder      : binding parameter [6] as [DATE] - [null]
2020-06-10 18:11:44.971 TRACE 55751 --- [    Test worker] o.h.type.descriptor.sql.BasicBinder      : binding parameter [7] as [VARCHAR] - [maatjavaltiot1_fin]
2020-06-10 18:11:44.971 TRACE 55751 --- [    Test worker] o.h.type.descriptor.sql.BasicBinder      : binding parameter [8] as [BIGINT] - [null]
2020-06-10 18:11:44.971 TRACE 55751 --- [    Test worker] o.h.type.descriptor.sql.BasicBinder      : binding parameter [9] as [BIGINT] - [1027]
2020-06-10 18:11:44.971 TRACE 55751 --- [    Test worker] o.h.type.descriptor.sql.BasicBinder      : binding parameter [10] as [VARCHAR] - [,toimipiste1]
2020-06-10 18:11:44.971 TRACE 55751 --- [    Test worker] o.h.type.descriptor.sql.BasicBinder      : binding parameter [11] as [VARCHAR] - [toimipiste1]
2020-06-10 18:11:44.971 TRACE 55751 --- [    Test worker] o.h.type.descriptor.sql.BasicBinder      : binding parameter [12] as [VARCHAR] - [03]
2020-06-10 18:11:44.972 TRACE 55751 --- [    Test worker] o.h.type.descriptor.sql.BasicBinder      : binding parameter [13] as [VARCHAR] - [null]
2020-06-10 18:11:44.972 TRACE 55751 --- [    Test worker] o.h.type.descriptor.sql.BasicBinder      : binding parameter [14] as [VARCHAR] - [null]
2020-06-10 18:11:44.972 TRACE 55751 --- [    Test worker] o.h.type.descriptor.sql.BasicBinder      : binding parameter [15] as [BOOLEAN] - [false]
2020-06-10 18:11:44.972 TRACE 55751 --- [    Test worker] o.h.type.descriptor.sql.BasicBinder      : binding parameter [16] as [VARCHAR] - [ophadmin]
2020-06-10 18:11:44.972 TRACE 55751 --- [    Test worker] o.h.type.descriptor.sql.BasicBinder      : binding parameter [17] as [TIMESTAMP] - [Wed Jun 10 18:11:43 EEST 2020]
2020-06-10 18:11:44.972 TRACE 55751 --- [    Test worker] o.h.type.descriptor.sql.BasicBinder      : binding parameter [18] as [VARCHAR] - [|1|21|24|]
2020-06-10 18:11:44.972 TRACE 55751 --- [    Test worker] o.h.type.descriptor.sql.BasicBinder      : binding parameter [19] as [VARCHAR] - [|1.2.246.562.24.00000000001|koulutustoimija|oppilaitos2|]
2020-06-10 18:11:44.972 TRACE 55751 --- [    Test worker] o.h.type.descriptor.sql.BasicBinder      : binding parameter [20] as [BOOLEAN] - [false]
2020-06-10 18:11:44.972 TRACE 55751 --- [    Test worker] o.h.type.descriptor.sql.BasicBinder      : binding parameter [21] as [TIMESTAMP] - [null]
2020-06-10 18:11:44.972 TRACE 55751 --- [    Test worker] o.h.type.descriptor.sql.BasicBinder      : binding parameter [22] as [VARCHAR] - [null03]
2020-06-10 18:11:44.972 TRACE 55751 --- [    Test worker] o.h.type.descriptor.sql.BasicBinder      : binding parameter [23] as [TIMESTAMP] - [null]
2020-06-10 18:11:44.972 TRACE 55751 --- [    Test worker] o.h.type.descriptor.sql.BasicBinder      : binding parameter [24] as [BIGINT] - [null]
2020-06-10 18:11:44.972 TRACE 55751 --- [    Test worker] o.h.type.descriptor.sql.BasicBinder      : binding parameter [25] as [VARCHAR] - [null]
2020-06-10 18:11:44.972 TRACE 55751 --- [    Test worker] o.h.type.descriptor.sql.BasicBinder      : binding parameter [26] as [VARCHAR] - [null]
2020-06-10 18:11:44.972 TRACE 55751 --- [    Test worker] o.h.type.descriptor.sql.BasicBinder      : binding parameter [27] as [VARCHAR] - [null]
2020-06-10 18:11:44.972 TRACE 55751 --- [    Test worker] o.h.type.descriptor.sql.BasicBinder      : binding parameter [28] as [VARCHAR] - [null]
2020-06-10 18:11:44.972 TRACE 55751 --- [    Test worker] o.h.type.descriptor.sql.BasicBinder      : binding parameter [29] as [DATE] - [null]
2020-06-10 18:11:44.972 TRACE 55751 --- [    Test worker] o.h.type.descriptor.sql.BasicBinder      : binding parameter [30] as [VARCHAR] - [null]
2020-06-10 18:11:44.972 TRACE 55751 --- [    Test worker] o.h.type.descriptor.sql.BasicBinder      : binding parameter [31] as [BIGINT] - [23]
2020-06-10 18:11:44.972 TRACE 55751 --- [    Test worker] o.h.type.descriptor.sql.BasicBinder      : binding parameter [32] as [BIGINT] - [2]
Hibernate: 
    select
        distinct organisaat0_.id as id1_5_,
        organisaat0_.version as version2_5_,
        organisaat0_.alkupvm as alkupvm3_5_,
        organisaat0_.domainnimi as domainni4_5_,
        organisaat0_.kotipaikka as kotipaik5_5_,
        organisaat0_.kuvaus_mkt as kuvaus_28_5_,
        organisaat0_.lakkautuspvm as lakkautu6_5_,
        organisaat0_.maa as maa7_5_,
        organisaat0_.metadata_id as metadat29_5_,
        organisaat0_.nimi_mkt as nimi_mk30_5_,
        organisaat0_.nimihaku as nimihaku8_5_,
        organisaat0_.oid as oid9_5_,
        organisaat0_.opetuspisteenjarjnro as opetusp10_5_,
        organisaat0_.oppilaitoskoodi as oppilai11_5_,
        organisaat0_.oppilaitos_tyyppi as oppilai12_5_,
        organisaat0_.organisaatio_poistettu as organis13_5_,
        organisaat0_.paivittaja as paivitt14_5_,
        organisaat0_.paivityspvm as paivity15_5_,
        organisaat0_.parentidpath as parenti16_5_,
        organisaat0_.parentoidpath as parento17_5_,
        organisaat0_.piilotettu as piilote18_5_,
        organisaat0_.tarkastus_pvm as tarkast19_5_,
        organisaat0_.toimipistekoodi as toimipi20_5_,
        organisaat0_.tuontipvm as tuontip21_5_,
        organisaat0_.varhaiskasvatuksen_toimipaikka_tiedot_id as varhais31_5_,
        organisaat0_.virastotunnus as virasto22_5_,
        organisaat0_.yhteishaunkoulukoodi as yhteish23_5_,
        organisaat0_.yritysmuoto as yritysm24_5_,
        organisaat0_.ytj_kieli as ytj_kie25_5_,
        organisaat0_.ytjpaivityspvm as ytjpaiv26_5_,
        organisaat0_.ytunnus as ytunnus27_5_ 
    from
        organisaatio organisaat0_ 
    where
        organisaat0_.parentidpath like ? escape '!'
2020-06-10 18:11:44.973 TRACE 55751 --- [    Test worker] o.h.type.descriptor.sql.BasicBinder      : binding parameter [1] as [VARCHAR] - [%|23|]
Hibernate: 
    select
        organisaat0_.id as id1_19_,
        organisaat0_.version as version2_19_,
        organisaat0_.alkupvm as alkupvm3_19_,
        organisaat0_.child_id as child_id7_19_,
        organisaat0_.loppupvm as loppupvm4_19_,
        organisaat0_.opetuspisteenjarjnro as opetuspi5_19_,
        organisaat0_.parent_id as parent_i8_19_,
        organisaat0_.suhdetyyppi as suhdetyy6_19_ 
    from
        organisaatiosuhde organisaat0_ 
    where
        organisaat0_.alkupvm=? 
    order by
        organisaat0_.alkupvm asc
2020-06-10 18:11:44.975 TRACE 55751 --- [    Test worker] o.h.type.descriptor.sql.BasicBinder      : binding parameter [1] as [DATE] - [Wed Jun 10 18:11:44 EEST 2020]
2020-06-10 18:11:44.975 TRACE 55751 --- [    Test worker] o.h.type.descriptor.sql.BasicExtractor   : extracted value ([id1_19_] : [BIGINT]) - [22]
2020-06-10 18:11:44.975 TRACE 55751 --- [    Test worker] o.h.type.descriptor.sql.BasicExtractor   : extracted value ([id1_19_] : [BIGINT]) - [23]
2020-06-10 18:11:44.975 TRACE 55751 --- [    Test worker] o.h.type.descriptor.sql.BasicExtractor   : extracted value ([id1_19_] : [BIGINT]) - [24]
2020-06-10 18:11:44.975 TRACE 55751 --- [    Test worker] o.h.type.descriptor.sql.BasicExtractor   : extracted value ([id1_19_] : [BIGINT]) - [25]
2020-06-10 18:11:44.975 TRACE 55751 --- [    Test worker] o.h.type.descriptor.sql.BasicExtractor   : extracted value ([id1_19_] : [BIGINT]) - [26]
2020-06-10 18:11:44.975 TRACE 55751 --- [    Test worker] o.h.type.descriptor.sql.BasicExtractor   : extracted value ([id1_19_] : [BIGINT]) - [27]
2020-06-10 18:11:44.975 TRACE 55751 --- [    Test worker] o.h.type.descriptor.sql.BasicExtractor   : extracted value ([id1_19_] : [BIGINT]) - [28]
2020-06-10 18:11:44.975  INFO 55751 --- [    Test worker] .s.o.b.i.OrganisaatioBusinessServiceImpl : Processing OrganisaatioSuhde[id=22, version=0]
Hibernate: 
    select
        organisaat0_.id as id1_5_,
        organisaat0_.version as version2_5_,
        organisaat0_.alkupvm as alkupvm3_5_,
        organisaat0_.domainnimi as domainni4_5_,
        organisaat0_.kotipaikka as kotipaik5_5_,
        organisaat0_.kuvaus_mkt as kuvaus_28_5_,
        organisaat0_.lakkautuspvm as lakkautu6_5_,
        organisaat0_.maa as maa7_5_,
        organisaat0_.metadata_id as metadat29_5_,
        organisaat0_.nimi_mkt as nimi_mk30_5_,
        organisaat0_.nimihaku as nimihaku8_5_,
        organisaat0_.oid as oid9_5_,
        organisaat0_.opetuspisteenjarjnro as opetusp10_5_,
        organisaat0_.oppilaitoskoodi as oppilai11_5_,
        organisaat0_.oppilaitos_tyyppi as oppilai12_5_,
        organisaat0_.organisaatio_poistettu as organis13_5_,
        organisaat0_.paivittaja as paivitt14_5_,
        organisaat0_.paivityspvm as paivity15_5_,
        organisaat0_.parentidpath as parenti16_5_,
        organisaat0_.parentoidpath as parento17_5_,
        organisaat0_.piilotettu as piilote18_5_,
        organisaat0_.tarkastus_pvm as tarkast19_5_,
        organisaat0_.toimipistekoodi as toimipi20_5_,
        organisaat0_.tuontipvm as tuontip21_5_,
        organisaat0_.varhaiskasvatuksen_toimipaikka_tiedot_id as varhais31_5_,
        organisaat0_.virastotunnus as virasto22_5_,
        organisaat0_.yhteishaunkoulukoodi as yhteish23_5_,
        organisaat0_.yritysmuoto as yritysm24_5_,
        organisaat0_.ytj_kieli as ytj_kie25_5_,
        organisaat0_.ytjpaivityspvm as ytjpaiv26_5_,
        organisaat0_.ytunnus as ytunnus27_5_ 
    from
        organisaatio organisaat0_ 
    where
        organisaat0_.oid=?
2020-06-10 18:11:44.976 TRACE 55751 --- [    Test worker] o.h.type.descriptor.sql.BasicBinder      : binding parameter [1] as [VARCHAR] - [1.2.246.562.24.00000000001]
2020-06-10 18:11:44.976 TRACE 55751 --- [    Test worker] o.h.type.descriptor.sql.BasicExtractor   : extracted value ([id1_5_] : [BIGINT]) - [1]
Hibernate: 
    select
        distinct organisaat0_.id as id1_5_,
        organisaat0_.version as version2_5_,
        organisaat0_.alkupvm as alkupvm3_5_,
        organisaat0_.domainnimi as domainni4_5_,
        organisaat0_.kotipaikka as kotipaik5_5_,
        organisaat0_.kuvaus_mkt as kuvaus_28_5_,
        organisaat0_.lakkautuspvm as lakkautu6_5_,
        organisaat0_.maa as maa7_5_,
        organisaat0_.metadata_id as metadat29_5_,
        organisaat0_.nimi_mkt as nimi_mk30_5_,
        organisaat0_.nimihaku as nimihaku8_5_,
        organisaat0_.oid as oid9_5_,
        organisaat0_.opetuspisteenjarjnro as opetusp10_5_,
        organisaat0_.oppilaitoskoodi as oppilai11_5_,
        organisaat0_.oppilaitos_tyyppi as oppilai12_5_,
        organisaat0_.organisaatio_poistettu as organis13_5_,
        organisaat0_.paivittaja as paivitt14_5_,
        organisaat0_.paivityspvm as paivity15_5_,
        organisaat0_.parentidpath as parenti16_5_,
        organisaat0_.parentoidpath as parento17_5_,
        organisaat0_.piilotettu as piilote18_5_,
        organisaat0_.tarkastus_pvm as tarkast19_5_,
        organisaat0_.toimipistekoodi as toimipi20_5_,
        organisaat0_.tuontipvm as tuontip21_5_,
        organisaat0_.varhaiskasvatuksen_toimipaikka_tiedot_id as varhais31_5_,
        organisaat0_.virastotunnus as virasto22_5_,
        organisaat0_.yhteishaunkoulukoodi as yhteish23_5_,
        organisaat0_.yritysmuoto as yritysm24_5_,
        organisaat0_.ytj_kieli as ytj_kie25_5_,
        organisaat0_.ytjpaivityspvm as ytjpaiv26_5_,
        organisaat0_.ytunnus as ytunnus27_5_ 
    from
        organisaatio organisaat0_ 
    where
        organisaat0_.parentidpath like ? escape '!'
2020-06-10 18:11:44.978 TRACE 55751 --- [    Test worker] o.h.type.descriptor.sql.BasicBinder      : binding parameter [1] as [VARCHAR] - [%|21|]
2020-06-10 18:11:44.978 TRACE 55751 --- [    Test worker] o.h.type.descriptor.sql.BasicExtractor   : extracted value ([id1_5_] : [BIGINT]) - [22]
2020-06-10 18:11:44.978 TRACE 55751 --- [    Test worker] o.h.type.descriptor.sql.BasicExtractor   : extracted value ([id1_5_] : [BIGINT]) - [24]
Hibernate: 
    select
        organisaat0_.id as id1_5_,
        organisaat0_.version as version2_5_,
        organisaat0_.alkupvm as alkupvm3_5_,
        organisaat0_.domainnimi as domainni4_5_,
        organisaat0_.kotipaikka as kotipaik5_5_,
        organisaat0_.kuvaus_mkt as kuvaus_28_5_,
        organisaat0_.lakkautuspvm as lakkautu6_5_,
        organisaat0_.maa as maa7_5_,
        organisaat0_.metadata_id as metadat29_5_,
        organisaat0_.nimi_mkt as nimi_mk30_5_,
        organisaat0_.nimihaku as nimihaku8_5_,
        organisaat0_.oid as oid9_5_,
        organisaat0_.opetuspisteenjarjnro as opetusp10_5_,
        organisaat0_.oppilaitoskoodi as oppilai11_5_,
        organisaat0_.oppilaitos_tyyppi as oppilai12_5_,
        organisaat0_.organisaatio_poistettu as organis13_5_,
        organisaat0_.paivittaja as paivitt14_5_,
        organisaat0_.paivityspvm as paivity15_5_,
        organisaat0_.parentidpath as parenti16_5_,
        organisaat0_.parentoidpath as parento17_5_,
        organisaat0_.piilotettu as piilote18_5_,
        organisaat0_.tarkastus_pvm as tarkast19_5_,
        organisaat0_.toimipistekoodi as toimipi20_5_,
        organisaat0_.tuontipvm as tuontip21_5_,
        organisaat0_.varhaiskasvatuksen_toimipaikka_tiedot_id as varhais31_5_,
        organisaat0_.virastotunnus as virasto22_5_,
        organisaat0_.yhteishaunkoulukoodi as yhteish23_5_,
        organisaat0_.yritysmuoto as yritysm24_5_,
        organisaat0_.ytj_kieli as ytj_kie25_5_,
        organisaat0_.ytjpaivityspvm as ytjpaiv26_5_,
        organisaat0_.ytunnus as ytunnus27_5_ 
    from
        organisaatio organisaat0_ 
    where
        organisaat0_.oid=?
2020-06-10 18:11:44.979 TRACE 55751 --- [    Test worker] o.h.type.descriptor.sql.BasicBinder      : binding parameter [1] as [VARCHAR] - [koulutustoimija]
2020-06-10 18:11:44.979 TRACE 55751 --- [    Test worker] o.h.type.descriptor.sql.BasicExtractor   : extracted value ([id1_5_] : [BIGINT]) - [21]
Hibernate: 
    select
        distinct organisaat0_.id as id1_5_,
        organisaat0_.version as version2_5_,
        organisaat0_.alkupvm as alkupvm3_5_,
        organisaat0_.domainnimi as domainni4_5_,
        organisaat0_.kotipaikka as kotipaik5_5_,
        organisaat0_.kuvaus_mkt as kuvaus_28_5_,
        organisaat0_.lakkautuspvm as lakkautu6_5_,
        organisaat0_.maa as maa7_5_,
        organisaat0_.metadata_id as metadat29_5_,
        organisaat0_.nimi_mkt as nimi_mk30_5_,
        organisaat0_.nimihaku as nimihaku8_5_,
        organisaat0_.oid as oid9_5_,
        organisaat0_.opetuspisteenjarjnro as opetusp10_5_,
        organisaat0_.oppilaitoskoodi as oppilai11_5_,
        organisaat0_.oppilaitos_tyyppi as oppilai12_5_,
        organisaat0_.organisaatio_poistettu as organis13_5_,
        organisaat0_.paivittaja as paivitt14_5_,
        organisaat0_.paivityspvm as paivity15_5_,
        organisaat0_.parentidpath as parenti16_5_,
        organisaat0_.parentoidpath as parento17_5_,
        organisaat0_.piilotettu as piilote18_5_,
        organisaat0_.tarkastus_pvm as tarkast19_5_,
        organisaat0_.toimipistekoodi as toimipi20_5_,
        organisaat0_.tuontipvm as tuontip21_5_,
        organisaat0_.varhaiskasvatuksen_toimipaikka_tiedot_id as varhais31_5_,
        organisaat0_.virastotunnus as virasto22_5_,
        organisaat0_.yhteishaunkoulukoodi as yhteish23_5_,
        organisaat0_.yritysmuoto as yritysm24_5_,
        organisaat0_.ytj_kieli as ytj_kie25_5_,
        organisaat0_.ytjpaivityspvm as ytjpaiv26_5_,
        organisaat0_.ytunnus as ytunnus27_5_ 
    from
        organisaatio organisaat0_ 
    where
        organisaat0_.parentidpath like ? escape '!'
2020-06-10 18:11:44.980 TRACE 55751 --- [    Test worker] o.h.type.descriptor.sql.BasicBinder      : binding parameter [1] as [VARCHAR] - [%|22|]
Hibernate: 
    select
        organisaat0_.id as id1_5_,
        organisaat0_.version as version2_5_,
        organisaat0_.alkupvm as alkupvm3_5_,
        organisaat0_.domainnimi as domainni4_5_,
        organisaat0_.kotipaikka as kotipaik5_5_,
        organisaat0_.kuvaus_mkt as kuvaus_28_5_,
        organisaat0_.lakkautuspvm as lakkautu6_5_,
        organisaat0_.maa as maa7_5_,
        organisaat0_.metadata_id as metadat29_5_,
        organisaat0_.nimi_mkt as nimi_mk30_5_,
        organisaat0_.nimihaku as nimihaku8_5_,
        organisaat0_.oid as oid9_5_,
        organisaat0_.opetuspisteenjarjnro as opetusp10_5_,
        organisaat0_.oppilaitoskoodi as oppilai11_5_,
        organisaat0_.oppilaitos_tyyppi as oppilai12_5_,
        organisaat0_.organisaatio_poistettu as organis13_5_,
        organisaat0_.paivittaja as paivitt14_5_,
        organisaat0_.paivityspvm as paivity15_5_,
        organisaat0_.parentidpath as parenti16_5_,
        organisaat0_.parentoidpath as parento17_5_,
        organisaat0_.piilotettu as piilote18_5_,
        organisaat0_.tarkastus_pvm as tarkast19_5_,
        organisaat0_.toimipistekoodi as toimipi20_5_,
        organisaat0_.tuontipvm as tuontip21_5_,
        organisaat0_.varhaiskasvatuksen_toimipaikka_tiedot_id as varhais31_5_,
        organisaat0_.virastotunnus as virasto22_5_,
        organisaat0_.yhteishaunkoulukoodi as yhteish23_5_,
        organisaat0_.yritysmuoto as yritysm24_5_,
        organisaat0_.ytj_kieli as ytj_kie25_5_,
        organisaat0_.ytjpaivityspvm as ytjpaiv26_5_,
        organisaat0_.ytunnus as ytunnus27_5_ 
    from
        organisaatio organisaat0_ 
    where
        organisaat0_.oid=?
2020-06-10 18:11:44.982 TRACE 55751 --- [    Test worker] o.h.type.descriptor.sql.BasicBinder      : binding parameter [1] as [VARCHAR] - [koulutustoimija]
2020-06-10 18:11:44.982 TRACE 55751 --- [    Test worker] o.h.type.descriptor.sql.BasicExtractor   : extracted value ([id1_5_] : [BIGINT]) - [21]
Hibernate: 
    select
        distinct organisaat0_.id as id1_5_,
        organisaat0_.version as version2_5_,
        organisaat0_.alkupvm as alkupvm3_5_,
        organisaat0_.domainnimi as domainni4_5_,
        organisaat0_.kotipaikka as kotipaik5_5_,
        organisaat0_.kuvaus_mkt as kuvaus_28_5_,
        organisaat0_.lakkautuspvm as lakkautu6_5_,
        organisaat0_.maa as maa7_5_,
        organisaat0_.metadata_id as metadat29_5_,
        organisaat0_.nimi_mkt as nimi_mk30_5_,
        organisaat0_.nimihaku as nimihaku8_5_,
        organisaat0_.oid as oid9_5_,
        organisaat0_.opetuspisteenjarjnro as opetusp10_5_,
        organisaat0_.oppilaitoskoodi as oppilai11_5_,
        organisaat0_.oppilaitos_tyyppi as oppilai12_5_,
        organisaat0_.organisaatio_poistettu as organis13_5_,
        organisaat0_.paivittaja as paivitt14_5_,
        organisaat0_.paivityspvm as paivity15_5_,
        organisaat0_.parentidpath as parenti16_5_,
        organisaat0_.parentoidpath as parento17_5_,
        organisaat0_.piilotettu as piilote18_5_,
        organisaat0_.tarkastus_pvm as tarkast19_5_,
        organisaat0_.toimipistekoodi as toimipi20_5_,
        organisaat0_.tuontipvm as tuontip21_5_,
        organisaat0_.varhaiskasvatuksen_toimipaikka_tiedot_id as varhais31_5_,
        organisaat0_.virastotunnus as virasto22_5_,
        organisaat0_.yhteishaunkoulukoodi as yhteish23_5_,
        organisaat0_.yritysmuoto as yritysm24_5_,
        organisaat0_.ytj_kieli as ytj_kie25_5_,
        organisaat0_.ytjpaivityspvm as ytjpaiv26_5_,
        organisaat0_.ytunnus as ytunnus27_5_ 
    from
        organisaatio organisaat0_ 
    where
        organisaat0_.parentidpath like ? escape '!'
2020-06-10 18:11:44.983 TRACE 55751 --- [    Test worker] o.h.type.descriptor.sql.BasicBinder      : binding parameter [1] as [VARCHAR] - [%|24|]
2020-06-10 18:11:44.984 TRACE 55751 --- [    Test worker] o.h.type.descriptor.sql.BasicExtractor   : extracted value ([id1_5_] : [BIGINT]) - [23]
2020-06-10 18:11:44.984 TRACE 55751 --- [    Test worker] o.h.type.descriptor.sql.BasicExtractor   : extracted value ([id1_5_] : [BIGINT]) - [25]
Hibernate: 
    select
        organisaat0_.id as id1_5_,
        organisaat0_.version as version2_5_,
        organisaat0_.alkupvm as alkupvm3_5_,
        organisaat0_.domainnimi as domainni4_5_,
        organisaat0_.kotipaikka as kotipaik5_5_,
        organisaat0_.kuvaus_mkt as kuvaus_28_5_,
        organisaat0_.lakkautuspvm as lakkautu6_5_,
        organisaat0_.maa as maa7_5_,
        organisaat0_.metadata_id as metadat29_5_,
        organisaat0_.nimi_mkt as nimi_mk30_5_,
        organisaat0_.nimihaku as nimihaku8_5_,
        organisaat0_.oid as oid9_5_,
        organisaat0_.opetuspisteenjarjnro as opetusp10_5_,
        organisaat0_.oppilaitoskoodi as oppilai11_5_,
        organisaat0_.oppilaitos_tyyppi as oppilai12_5_,
        organisaat0_.organisaatio_poistettu as organis13_5_,
        organisaat0_.paivittaja as paivitt14_5_,
        organisaat0_.paivityspvm as paivity15_5_,
        organisaat0_.parentidpath as parenti16_5_,
        organisaat0_.parentoidpath as parento17_5_,
        organisaat0_.piilotettu as piilote18_5_,
        organisaat0_.tarkastus_pvm as tarkast19_5_,
        organisaat0_.toimipistekoodi as toimipi20_5_,
        organisaat0_.tuontipvm as tuontip21_5_,
        organisaat0_.varhaiskasvatuksen_toimipaikka_tiedot_id as varhais31_5_,
        organisaat0_.virastotunnus as virasto22_5_,
        organisaat0_.yhteishaunkoulukoodi as yhteish23_5_,
        organisaat0_.yritysmuoto as yritysm24_5_,
        organisaat0_.ytj_kieli as ytj_kie25_5_,
        organisaat0_.ytjpaivityspvm as ytjpaiv26_5_,
        organisaat0_.ytunnus as ytunnus27_5_ 
    from
        organisaatio organisaat0_ 
    where
        organisaat0_.oid=?
2020-06-10 18:11:44.985 TRACE 55751 --- [    Test worker] o.h.type.descriptor.sql.BasicBinder      : binding parameter [1] as [VARCHAR] - [oppilaitos2]
2020-06-10 18:11:44.985 TRACE 55751 --- [    Test worker] o.h.type.descriptor.sql.BasicExtractor   : extracted value ([id1_5_] : [BIGINT]) - [24]
Hibernate: 
    select
        distinct organisaat0_.id as id1_5_,
        organisaat0_.version as version2_5_,
        organisaat0_.alkupvm as alkupvm3_5_,
        organisaat0_.domainnimi as domainni4_5_,
        organisaat0_.kotipaikka as kotipaik5_5_,
        organisaat0_.kuvaus_mkt as kuvaus_28_5_,
        organisaat0_.lakkautuspvm as lakkautu6_5_,
        organisaat0_.maa as maa7_5_,
        organisaat0_.metadata_id as metadat29_5_,
        organisaat0_.nimi_mkt as nimi_mk30_5_,
        organisaat0_.nimihaku as nimihaku8_5_,
        organisaat0_.oid as oid9_5_,
        organisaat0_.opetuspisteenjarjnro as opetusp10_5_,
        organisaat0_.oppilaitoskoodi as oppilai11_5_,
        organisaat0_.oppilaitos_tyyppi as oppilai12_5_,
        organisaat0_.organisaatio_poistettu as organis13_5_,
        organisaat0_.paivittaja as paivitt14_5_,
        organisaat0_.paivityspvm as paivity15_5_,
        organisaat0_.parentidpath as parenti16_5_,
        organisaat0_.parentoidpath as parento17_5_,
        organisaat0_.piilotettu as piilote18_5_,
        organisaat0_.tarkastus_pvm as tarkast19_5_,
        organisaat0_.toimipistekoodi as toimipi20_5_,
        organisaat0_.tuontipvm as tuontip21_5_,
        organisaat0_.varhaiskasvatuksen_toimipaikka_tiedot_id as varhais31_5_,
        organisaat0_.virastotunnus as virasto22_5_,
        organisaat0_.yhteishaunkoulukoodi as yhteish23_5_,
        organisaat0_.yritysmuoto as yritysm24_5_,
        organisaat0_.ytj_kieli as ytj_kie25_5_,
        organisaat0_.ytjpaivityspvm as ytjpaiv26_5_,
        organisaat0_.ytunnus as ytunnus27_5_ 
    from
        organisaatio organisaat0_ 
    where
        organisaat0_.parentidpath like ? escape '!'
2020-06-10 18:11:44.986 TRACE 55751 --- [    Test worker] o.h.type.descriptor.sql.BasicBinder      : binding parameter [1] as [VARCHAR] - [%|23|]
Hibernate: 
    select
        organisaat0_.id as id1_5_,
        organisaat0_.version as version2_5_,
        organisaat0_.alkupvm as alkupvm3_5_,
        organisaat0_.domainnimi as domainni4_5_,
        organisaat0_.kotipaikka as kotipaik5_5_,
        organisaat0_.kuvaus_mkt as kuvaus_28_5_,
        organisaat0_.lakkautuspvm as lakkautu6_5_,
        organisaat0_.maa as maa7_5_,
        organisaat0_.metadata_id as metadat29_5_,
        organisaat0_.nimi_mkt as nimi_mk30_5_,
        organisaat0_.nimihaku as nimihaku8_5_,
        organisaat0_.oid as oid9_5_,
        organisaat0_.opetuspisteenjarjnro as opetusp10_5_,
        organisaat0_.oppilaitoskoodi as oppilai11_5_,
        organisaat0_.oppilaitos_tyyppi as oppilai12_5_,
        organisaat0_.organisaatio_poistettu as organis13_5_,
        organisaat0_.paivittaja as paivitt14_5_,
        organisaat0_.paivityspvm as paivity15_5_,
        organisaat0_.parentidpath as parenti16_5_,
        organisaat0_.parentoidpath as parento17_5_,
        organisaat0_.piilotettu as piilote18_5_,
        organisaat0_.tarkastus_pvm as tarkast19_5_,
        organisaat0_.toimipistekoodi as toimipi20_5_,
        organisaat0_.tuontipvm as tuontip21_5_,
        organisaat0_.varhaiskasvatuksen_toimipaikka_tiedot_id as varhais31_5_,
        organisaat0_.virastotunnus as virasto22_5_,
        organisaat0_.yhteishaunkoulukoodi as yhteish23_5_,
        organisaat0_.yritysmuoto as yritysm24_5_,
        organisaat0_.ytj_kieli as ytj_kie25_5_,
        organisaat0_.ytjpaivityspvm as ytjpaiv26_5_,
        organisaat0_.ytunnus as ytunnus27_5_ 
    from
        organisaatio organisaat0_ 
    where
        organisaat0_.oid=?
2020-06-10 18:11:44.987 TRACE 55751 --- [    Test worker] o.h.type.descriptor.sql.BasicBinder      : binding parameter [1] as [VARCHAR] - [oppilaitos2]
2020-06-10 18:11:44.988 TRACE 55751 --- [    Test worker] o.h.type.descriptor.sql.BasicExtractor   : extracted value ([id1_5_] : [BIGINT]) - [24]
Hibernate: 
    select
        distinct organisaat0_.id as id1_5_,
        organisaat0_.version as version2_5_,
        organisaat0_.alkupvm as alkupvm3_5_,
        organisaat0_.domainnimi as domainni4_5_,
        organisaat0_.kotipaikka as kotipaik5_5_,
        organisaat0_.kuvaus_mkt as kuvaus_28_5_,
        organisaat0_.lakkautuspvm as lakkautu6_5_,
        organisaat0_.maa as maa7_5_,
        organisaat0_.metadata_id as metadat29_5_,
        organisaat0_.nimi_mkt as nimi_mk30_5_,
        organisaat0_.nimihaku as nimihaku8_5_,
        organisaat0_.oid as oid9_5_,
        organisaat0_.opetuspisteenjarjnro as opetusp10_5_,
        organisaat0_.oppilaitoskoodi as oppilai11_5_,
        organisaat0_.oppilaitos_tyyppi as oppilai12_5_,
        organisaat0_.organisaatio_poistettu as organis13_5_,
        organisaat0_.paivittaja as paivitt14_5_,
        organisaat0_.paivityspvm as paivity15_5_,
        organisaat0_.parentidpath as parenti16_5_,
        organisaat0_.parentoidpath as parento17_5_,
        organisaat0_.piilotettu as piilote18_5_,
        organisaat0_.tarkastus_pvm as tarkast19_5_,
        organisaat0_.toimipistekoodi as toimipi20_5_,
        organisaat0_.tuontipvm as tuontip21_5_,
        organisaat0_.varhaiskasvatuksen_toimipaikka_tiedot_id as varhais31_5_,
        organisaat0_.virastotunnus as virasto22_5_,
        organisaat0_.yhteishaunkoulukoodi as yhteish23_5_,
        organisaat0_.yritysmuoto as yritysm24_5_,
        organisaat0_.ytj_kieli as ytj_kie25_5_,
        organisaat0_.ytjpaivityspvm as ytjpaiv26_5_,
        organisaat0_.ytunnus as ytunnus27_5_ 
    from
        organisaatio organisaat0_ 
    where
        organisaat0_.parentidpath like ? escape '!'
2020-06-10 18:11:44.989 TRACE 55751 --- [    Test worker] o.h.type.descriptor.sql.BasicBinder      : binding parameter [1] as [VARCHAR] - [%|25|]
2020-06-10 18:11:44.989  INFO 55751 --- [    Test worker] .s.o.b.i.OrganisaatioBusinessServiceImpl : Processing OrganisaatioSuhde[id=23, version=0]
Hibernate: 
    select
        organisaat0_.id as id1_5_,
        organisaat0_.version as version2_5_,
        organisaat0_.alkupvm as alkupvm3_5_,
        organisaat0_.domainnimi as domainni4_5_,
        organisaat0_.kotipaikka as kotipaik5_5_,
        organisaat0_.kuvaus_mkt as kuvaus_28_5_,
        organisaat0_.lakkautuspvm as lakkautu6_5_,
        organisaat0_.maa as maa7_5_,
        organisaat0_.metadata_id as metadat29_5_,
        organisaat0_.nimi_mkt as nimi_mk30_5_,
        organisaat0_.nimihaku as nimihaku8_5_,
        organisaat0_.oid as oid9_5_,
        organisaat0_.opetuspisteenjarjnro as opetusp10_5_,
        organisaat0_.oppilaitoskoodi as oppilai11_5_,
        organisaat0_.oppilaitos_tyyppi as oppilai12_5_,
        organisaat0_.organisaatio_poistettu as organis13_5_,
        organisaat0_.paivittaja as paivitt14_5_,
        organisaat0_.paivityspvm as paivity15_5_,
        organisaat0_.parentidpath as parenti16_5_,
        organisaat0_.parentoidpath as parento17_5_,
        organisaat0_.piilotettu as piilote18_5_,
        organisaat0_.tarkastus_pvm as tarkast19_5_,
        organisaat0_.toimipistekoodi as toimipi20_5_,
        organisaat0_.tuontipvm as tuontip21_5_,
        organisaat0_.varhaiskasvatuksen_toimipaikka_tiedot_id as varhais31_5_,
        organisaat0_.virastotunnus as virasto22_5_,
        organisaat0_.yhteishaunkoulukoodi as yhteish23_5_,
        organisaat0_.yritysmuoto as yritysm24_5_,
        organisaat0_.ytj_kieli as ytj_kie25_5_,
        organisaat0_.ytjpaivityspvm as ytjpaiv26_5_,
        organisaat0_.ytunnus as ytunnus27_5_ 
    from
        organisaatio organisaat0_ 
    where
        organisaat0_.oid=?
2020-06-10 18:11:44.990 TRACE 55751 --- [    Test worker] o.h.type.descriptor.sql.BasicBinder      : binding parameter [1] as [VARCHAR] - [koulutustoimija]
2020-06-10 18:11:44.990 TRACE 55751 --- [    Test worker] o.h.type.descriptor.sql.BasicExtractor   : extracted value ([id1_5_] : [BIGINT]) - [21]
Hibernate: 
    select
        distinct organisaat0_.id as id1_5_,
        organisaat0_.version as version2_5_,
        organisaat0_.alkupvm as alkupvm3_5_,
        organisaat0_.domainnimi as domainni4_5_,
        organisaat0_.kotipaikka as kotipaik5_5_,
        organisaat0_.kuvaus_mkt as kuvaus_28_5_,
        organisaat0_.lakkautuspvm as lakkautu6_5_,
        organisaat0_.maa as maa7_5_,
        organisaat0_.metadata_id as metadat29_5_,
        organisaat0_.nimi_mkt as nimi_mk30_5_,
        organisaat0_.nimihaku as nimihaku8_5_,
        organisaat0_.oid as oid9_5_,
        organisaat0_.opetuspisteenjarjnro as opetusp10_5_,
        organisaat0_.oppilaitoskoodi as oppilai11_5_,
        organisaat0_.oppilaitos_tyyppi as oppilai12_5_,
        organisaat0_.organisaatio_poistettu as organis13_5_,
        organisaat0_.paivittaja as paivitt14_5_,
        organisaat0_.paivityspvm as paivity15_5_,
        organisaat0_.parentidpath as parenti16_5_,
        organisaat0_.parentoidpath as parento17_5_,
        organisaat0_.piilotettu as piilote18_5_,
        organisaat0_.tarkastus_pvm as tarkast19_5_,
        organisaat0_.toimipistekoodi as toimipi20_5_,
        organisaat0_.tuontipvm as tuontip21_5_,
        organisaat0_.varhaiskasvatuksen_toimipaikka_tiedot_id as varhais31_5_,
        organisaat0_.virastotunnus as virasto22_5_,
        organisaat0_.yhteishaunkoulukoodi as yhteish23_5_,
        organisaat0_.yritysmuoto as yritysm24_5_,
        organisaat0_.ytj_kieli as ytj_kie25_5_,
        organisaat0_.ytjpaivityspvm as ytjpaiv26_5_,
        organisaat0_.ytunnus as ytunnus27_5_ 
    from
        organisaatio organisaat0_ 
    where
        organisaat0_.parentidpath like ? escape '!'
2020-06-10 18:11:44.992 TRACE 55751 --- [    Test worker] o.h.type.descriptor.sql.BasicBinder      : binding parameter [1] as [VARCHAR] - [%|22|]
2020-06-10 18:11:44.992  INFO 55751 --- [    Test worker] .s.o.b.i.OrganisaatioBusinessServiceImpl : Processing OrganisaatioSuhde[id=24, version=1]
Hibernate: 
    select
        organisaat0_.id as id1_5_,
        organisaat0_.version as version2_5_,
        organisaat0_.alkupvm as alkupvm3_5_,
        organisaat0_.domainnimi as domainni4_5_,
        organisaat0_.kotipaikka as kotipaik5_5_,
        organisaat0_.kuvaus_mkt as kuvaus_28_5_,
        organisaat0_.lakkautuspvm as lakkautu6_5_,
        organisaat0_.maa as maa7_5_,
        organisaat0_.metadata_id as metadat29_5_,
        organisaat0_.nimi_mkt as nimi_mk30_5_,
        organisaat0_.nimihaku as nimihaku8_5_,
        organisaat0_.oid as oid9_5_,
        organisaat0_.opetuspisteenjarjnro as opetusp10_5_,
        organisaat0_.oppilaitoskoodi as oppilai11_5_,
        organisaat0_.oppilaitos_tyyppi as oppilai12_5_,
        organisaat0_.organisaatio_poistettu as organis13_5_,
        organisaat0_.paivittaja as paivitt14_5_,
        organisaat0_.paivityspvm as paivity15_5_,
        organisaat0_.parentidpath as parenti16_5_,
        organisaat0_.parentoidpath as parento17_5_,
        organisaat0_.piilotettu as piilote18_5_,
        organisaat0_.tarkastus_pvm as tarkast19_5_,
        organisaat0_.toimipistekoodi as toimipi20_5_,
        organisaat0_.tuontipvm as tuontip21_5_,
        organisaat0_.varhaiskasvatuksen_toimipaikka_tiedot_id as varhais31_5_,
        organisaat0_.virastotunnus as virasto22_5_,
        organisaat0_.yhteishaunkoulukoodi as yhteish23_5_,
        organisaat0_.yritysmuoto as yritysm24_5_,
        organisaat0_.ytj_kieli as ytj_kie25_5_,
        organisaat0_.ytjpaivityspvm as ytjpaiv26_5_,
        organisaat0_.ytunnus as ytunnus27_5_ 
    from
        organisaatio organisaat0_ 
    where
        organisaat0_.oid=?
2020-06-10 18:11:44.993 TRACE 55751 --- [    Test worker] o.h.type.descriptor.sql.BasicBinder      : binding parameter [1] as [VARCHAR] - [oppilaitos1]
2020-06-10 18:11:44.993 TRACE 55751 --- [    Test worker] o.h.type.descriptor.sql.BasicExtractor   : extracted value ([id1_5_] : [BIGINT]) - [22]
Hibernate: 
    update
        organisaatio 
    set
        version=?,
        alkupvm=?,
        domainnimi=?,
        kotipaikka=?,
        kuvaus_mkt=?,
        lakkautuspvm=?,
        maa=?,
        metadata_id=?,
        nimi_mkt=?,
        nimihaku=?,
        oid=?,
        opetuspisteenjarjnro=?,
        oppilaitoskoodi=?,
        oppilaitos_tyyppi=?,
        organisaatio_poistettu=?,
        paivittaja=?,
        paivityspvm=?,
        parentidpath=?,
        parentoidpath=?,
        piilotettu=?,
        tarkastus_pvm=?,
        toimipistekoodi=?,
        tuontipvm=?,
        varhaiskasvatuksen_toimipaikka_tiedot_id=?,
        virastotunnus=?,
        yhteishaunkoulukoodi=?,
        yritysmuoto=?,
        ytj_kieli=?,
        ytjpaivityspvm=?,
        ytunnus=? 
    where
        id=? 
        and version=?
2020-06-10 18:11:44.995 TRACE 55751 --- [    Test worker] o.h.type.descriptor.sql.BasicBinder      : binding parameter [1] as [BIGINT] - [4]
2020-06-10 18:11:44.995 TRACE 55751 --- [    Test worker] o.h.type.descriptor.sql.BasicBinder      : binding parameter [2] as [DATE] - [Fri Dec 31 00:00:00 EET 1999]
2020-06-10 18:11:44.995 TRACE 55751 --- [    Test worker] o.h.type.descriptor.sql.BasicBinder      : binding parameter [3] as [VARCHAR] - [null]
2020-06-10 18:11:44.995 TRACE 55751 --- [    Test worker] o.h.type.descriptor.sql.BasicBinder      : binding parameter [4] as [VARCHAR] - [kunta_092]
2020-06-10 18:11:44.995 TRACE 55751 --- [    Test worker] o.h.type.descriptor.sql.BasicBinder      : binding parameter [5] as [BIGINT] - [1026]
2020-06-10 18:11:44.995 TRACE 55751 --- [    Test worker] o.h.type.descriptor.sql.BasicBinder      : binding parameter [6] as [DATE] - [null]
2020-06-10 18:11:44.995 TRACE 55751 --- [    Test worker] o.h.type.descriptor.sql.BasicBinder      : binding parameter [7] as [VARCHAR] - [maatjavaltiot1_fin]
2020-06-10 18:11:44.995 TRACE 55751 --- [    Test worker] o.h.type.descriptor.sql.BasicBinder      : binding parameter [8] as [BIGINT] - [null]
2020-06-10 18:11:44.995 TRACE 55751 --- [    Test worker] o.h.type.descriptor.sql.BasicBinder      : binding parameter [9] as [BIGINT] - [1027]
2020-06-10 18:11:44.995 TRACE 55751 --- [    Test worker] o.h.type.descriptor.sql.BasicBinder      : binding parameter [10] as [VARCHAR] - [,toimipiste1]
2020-06-10 18:11:44.995 TRACE 55751 --- [    Test worker] o.h.type.descriptor.sql.BasicBinder      : binding parameter [11] as [VARCHAR] - [toimipiste1]
2020-06-10 18:11:44.995 TRACE 55751 --- [    Test worker] o.h.type.descriptor.sql.BasicBinder      : binding parameter [12] as [VARCHAR] - [03]
2020-06-10 18:11:44.995 TRACE 55751 --- [    Test worker] o.h.type.descriptor.sql.BasicBinder      : binding parameter [13] as [VARCHAR] - [null]
2020-06-10 18:11:44.995 TRACE 55751 --- [    Test worker] o.h.type.descriptor.sql.BasicBinder      : binding parameter [14] as [VARCHAR] - [null]
2020-06-10 18:11:44.995 TRACE 55751 --- [    Test worker] o.h.type.descriptor.sql.BasicBinder      : binding parameter [15] as [BOOLEAN] - [false]
2020-06-10 18:11:44.995 TRACE 55751 --- [    Test worker] o.h.type.descriptor.sql.BasicBinder      : binding parameter [16] as [VARCHAR] - [ophadmin]
2020-06-10 18:11:44.995 TRACE 55751 --- [    Test worker] o.h.type.descriptor.sql.BasicBinder      : binding parameter [17] as [TIMESTAMP] - [Wed Jun 10 18:11:43 EEST 2020]
2020-06-10 18:11:44.995 TRACE 55751 --- [    Test worker] o.h.type.descriptor.sql.BasicBinder      : binding parameter [18] as [VARCHAR] - [|1|21|22|]
2020-06-10 18:11:44.995 TRACE 55751 --- [    Test worker] o.h.type.descriptor.sql.BasicBinder      : binding parameter [19] as [VARCHAR] - [|1.2.246.562.24.00000000001|koulutustoimija|oppilaitos1|]
2020-06-10 18:11:44.995 TRACE 55751 --- [    Test worker] o.h.type.descriptor.sql.BasicBinder      : binding parameter [20] as [BOOLEAN] - [false]
2020-06-10 18:11:44.995 TRACE 55751 --- [    Test worker] o.h.type.descriptor.sql.BasicBinder      : binding parameter [21] as [TIMESTAMP] - [null]
2020-06-10 18:11:44.995 TRACE 55751 --- [    Test worker] o.h.type.descriptor.sql.BasicBinder      : binding parameter [22] as [VARCHAR] - [null03]
2020-06-10 18:11:44.995 TRACE 55751 --- [    Test worker] o.h.type.descriptor.sql.BasicBinder      : binding parameter [23] as [TIMESTAMP] - [null]
2020-06-10 18:11:44.995 TRACE 55751 --- [    Test worker] o.h.type.descriptor.sql.BasicBinder      : binding parameter [24] as [BIGINT] - [null]
2020-06-10 18:11:44.995 TRACE 55751 --- [    Test worker] o.h.type.descriptor.sql.BasicBinder      : binding parameter [25] as [VARCHAR] - [null]
2020-06-10 18:11:44.995 TRACE 55751 --- [    Test worker] o.h.type.descriptor.sql.BasicBinder      : binding parameter [26] as [VARCHAR] - [null]
2020-06-10 18:11:44.996 TRACE 55751 --- [    Test worker] o.h.type.descriptor.sql.BasicBinder      : binding parameter [27] as [VARCHAR] - [null]
2020-06-10 18:11:44.996 TRACE 55751 --- [    Test worker] o.h.type.descriptor.sql.BasicBinder      : binding parameter [28] as [VARCHAR] - [null]
2020-06-10 18:11:44.996 TRACE 55751 --- [    Test worker] o.h.type.descriptor.sql.BasicBinder      : binding parameter [29] as [DATE] - [null]
2020-06-10 18:11:44.996 TRACE 55751 --- [    Test worker] o.h.type.descriptor.sql.BasicBinder      : binding parameter [30] as [VARCHAR] - [null]
2020-06-10 18:11:44.996 TRACE 55751 --- [    Test worker] o.h.type.descriptor.sql.BasicBinder      : binding parameter [31] as [BIGINT] - [23]
2020-06-10 18:11:44.996 TRACE 55751 --- [    Test worker] o.h.type.descriptor.sql.BasicBinder      : binding parameter [32] as [BIGINT] - [3]
Hibernate: 
    select
        distinct organisaat0_.id as id1_5_,
        organisaat0_.version as version2_5_,
        organisaat0_.alkupvm as alkupvm3_5_,
        organisaat0_.domainnimi as domainni4_5_,
        organisaat0_.kotipaikka as kotipaik5_5_,
        organisaat0_.kuvaus_mkt as kuvaus_28_5_,
        organisaat0_.lakkautuspvm as lakkautu6_5_,
        organisaat0_.maa as maa7_5_,
        organisaat0_.metadata_id as metadat29_5_,
        organisaat0_.nimi_mkt as nimi_mk30_5_,
        organisaat0_.nimihaku as nimihaku8_5_,
        organisaat0_.oid as oid9_5_,
        organisaat0_.opetuspisteenjarjnro as opetusp10_5_,
        organisaat0_.oppilaitoskoodi as oppilai11_5_,
        organisaat0_.oppilaitos_tyyppi as oppilai12_5_,
        organisaat0_.organisaatio_poistettu as organis13_5_,
        organisaat0_.paivittaja as paivitt14_5_,
        organisaat0_.paivityspvm as paivity15_5_,
        organisaat0_.parentidpath as parenti16_5_,
        organisaat0_.parentoidpath as parento17_5_,
        organisaat0_.piilotettu as piilote18_5_,
        organisaat0_.tarkastus_pvm as tarkast19_5_,
        organisaat0_.toimipistekoodi as toimipi20_5_,
        organisaat0_.tuontipvm as tuontip21_5_,
        organisaat0_.varhaiskasvatuksen_toimipaikka_tiedot_id as varhais31_5_,
        organisaat0_.virastotunnus as virasto22_5_,
        organisaat0_.yhteishaunkoulukoodi as yhteish23_5_,
        organisaat0_.yritysmuoto as yritysm24_5_,
        organisaat0_.ytj_kieli as ytj_kie25_5_,
        organisaat0_.ytjpaivityspvm as ytjpaiv26_5_,
        organisaat0_.ytunnus as ytunnus27_5_ 
    from
        organisaatio organisaat0_ 
    where
        organisaat0_.parentidpath like ? escape '!'
2020-06-10 18:11:44.996 TRACE 55751 --- [    Test worker] o.h.type.descriptor.sql.BasicBinder      : binding parameter [1] as [VARCHAR] - [%|23|]
2020-06-10 18:11:44.996  INFO 55751 --- [    Test worker] .s.o.b.i.OrganisaatioBusinessServiceImpl : Processing OrganisaatioSuhde[id=25, version=0]
Hibernate: 
    select
        organisaat0_.id as id1_5_,
        organisaat0_.version as version2_5_,
        organisaat0_.alkupvm as alkupvm3_5_,
        organisaat0_.domainnimi as domainni4_5_,
        organisaat0_.kotipaikka as kotipaik5_5_,
        organisaat0_.kuvaus_mkt as kuvaus_28_5_,
        organisaat0_.lakkautuspvm as lakkautu6_5_,
        organisaat0_.maa as maa7_5_,
        organisaat0_.metadata_id as metadat29_5_,
        organisaat0_.nimi_mkt as nimi_mk30_5_,
        organisaat0_.nimihaku as nimihaku8_5_,
        organisaat0_.oid as oid9_5_,
        organisaat0_.opetuspisteenjarjnro as opetusp10_5_,
        organisaat0_.oppilaitoskoodi as oppilai11_5_,
        organisaat0_.oppilaitos_tyyppi as oppilai12_5_,
        organisaat0_.organisaatio_poistettu as organis13_5_,
        organisaat0_.paivittaja as paivitt14_5_,
        organisaat0_.paivityspvm as paivity15_5_,
        organisaat0_.parentidpath as parenti16_5_,
        organisaat0_.parentoidpath as parento17_5_,
        organisaat0_.piilotettu as piilote18_5_,
        organisaat0_.tarkastus_pvm as tarkast19_5_,
        organisaat0_.toimipistekoodi as toimipi20_5_,
        organisaat0_.tuontipvm as tuontip21_5_,
        organisaat0_.varhaiskasvatuksen_toimipaikka_tiedot_id as varhais31_5_,
        organisaat0_.virastotunnus as virasto22_5_,
        organisaat0_.yhteishaunkoulukoodi as yhteish23_5_,
        organisaat0_.yritysmuoto as yritysm24_5_,
        organisaat0_.ytj_kieli as ytj_kie25_5_,
        organisaat0_.ytjpaivityspvm as ytjpaiv26_5_,
        organisaat0_.ytunnus as ytunnus27_5_ 
    from
        organisaatio organisaat0_ 
    where
        organisaat0_.oid=?
2020-06-10 18:11:44.997 TRACE 55751 --- [    Test worker] o.h.type.descriptor.sql.BasicBinder      : binding parameter [1] as [VARCHAR] - [koulutustoimija]
2020-06-10 18:11:44.997 TRACE 55751 --- [    Test worker] o.h.type.descriptor.sql.BasicExtractor   : extracted value ([id1_5_] : [BIGINT]) - [21]
Hibernate: 
    select
        distinct organisaat0_.id as id1_5_,
        organisaat0_.version as version2_5_,
        organisaat0_.alkupvm as alkupvm3_5_,
        organisaat0_.domainnimi as domainni4_5_,
        organisaat0_.kotipaikka as kotipaik5_5_,
        organisaat0_.kuvaus_mkt as kuvaus_28_5_,
        organisaat0_.lakkautuspvm as lakkautu6_5_,
        organisaat0_.maa as maa7_5_,
        organisaat0_.metadata_id as metadat29_5_,
        organisaat0_.nimi_mkt as nimi_mk30_5_,
        organisaat0_.nimihaku as nimihaku8_5_,
        organisaat0_.oid as oid9_5_,
        organisaat0_.opetuspisteenjarjnro as opetusp10_5_,
        organisaat0_.oppilaitoskoodi as oppilai11_5_,
        organisaat0_.oppilaitos_tyyppi as oppilai12_5_,
        organisaat0_.organisaatio_poistettu as organis13_5_,
        organisaat0_.paivittaja as paivitt14_5_,
        organisaat0_.paivityspvm as paivity15_5_,
        organisaat0_.parentidpath as parenti16_5_,
        organisaat0_.parentoidpath as parento17_5_,
        organisaat0_.piilotettu as piilote18_5_,
        organisaat0_.tarkastus_pvm as tarkast19_5_,
        organisaat0_.toimipistekoodi as toimipi20_5_,
        organisaat0_.tuontipvm as tuontip21_5_,
        organisaat0_.varhaiskasvatuksen_toimipaikka_tiedot_id as varhais31_5_,
        organisaat0_.virastotunnus as virasto22_5_,
        organisaat0_.yhteishaunkoulukoodi as yhteish23_5_,
        organisaat0_.yritysmuoto as yritysm24_5_,
        organisaat0_.ytj_kieli as ytj_kie25_5_,
        organisaat0_.ytjpaivityspvm as ytjpaiv26_5_,
        organisaat0_.ytunnus as ytunnus27_5_ 
    from
        organisaatio organisaat0_ 
    where
        organisaat0_.parentidpath like ? escape '!'
2020-06-10 18:11:44.999 TRACE 55751 --- [    Test worker] o.h.type.descriptor.sql.BasicBinder      : binding parameter [1] as [VARCHAR] - [%|24|]
2020-06-10 18:11:44.999 TRACE 55751 --- [    Test worker] o.h.type.descriptor.sql.BasicExtractor   : extracted value ([id1_5_] : [BIGINT]) - [25]
Hibernate: 
    select
        organisaat0_.id as id1_5_,
        organisaat0_.version as version2_5_,
        organisaat0_.alkupvm as alkupvm3_5_,
        organisaat0_.domainnimi as domainni4_5_,
        organisaat0_.kotipaikka as kotipaik5_5_,
        organisaat0_.kuvaus_mkt as kuvaus_28_5_,
        organisaat0_.lakkautuspvm as lakkautu6_5_,
        organisaat0_.maa as maa7_5_,
        organisaat0_.metadata_id as metadat29_5_,
        organisaat0_.nimi_mkt as nimi_mk30_5_,
        organisaat0_.nimihaku as nimihaku8_5_,
        organisaat0_.oid as oid9_5_,
        organisaat0_.opetuspisteenjarjnro as opetusp10_5_,
        organisaat0_.oppilaitoskoodi as oppilai11_5_,
        organisaat0_.oppilaitos_tyyppi as oppilai12_5_,
        organisaat0_.organisaatio_poistettu as organis13_5_,
        organisaat0_.paivittaja as paivitt14_5_,
        organisaat0_.paivityspvm as paivity15_5_,
        organisaat0_.parentidpath as parenti16_5_,
        organisaat0_.parentoidpath as parento17_5_,
        organisaat0_.piilotettu as piilote18_5_,
        organisaat0_.tarkastus_pvm as tarkast19_5_,
        organisaat0_.toimipistekoodi as toimipi20_5_,
        organisaat0_.tuontipvm as tuontip21_5_,
        organisaat0_.varhaiskasvatuksen_toimipaikka_tiedot_id as varhais31_5_,
        organisaat0_.virastotunnus as virasto22_5_,
        organisaat0_.yhteishaunkoulukoodi as yhteish23_5_,
        organisaat0_.yritysmuoto as yritysm24_5_,
        organisaat0_.ytj_kieli as ytj_kie25_5_,
        organisaat0_.ytjpaivityspvm as ytjpaiv26_5_,
        organisaat0_.ytunnus as ytunnus27_5_ 
    from
        organisaatio organisaat0_ 
    where
        organisaat0_.oid=?
2020-06-10 18:11:45.000 TRACE 55751 --- [    Test worker] o.h.type.descriptor.sql.BasicBinder      : binding parameter [1] as [VARCHAR] - [oppilaitos2]
2020-06-10 18:11:45.000 TRACE 55751 --- [    Test worker] o.h.type.descriptor.sql.BasicExtractor   : extracted value ([id1_5_] : [BIGINT]) - [24]
Hibernate: 
    select
        distinct organisaat0_.id as id1_5_,
        organisaat0_.version as version2_5_,
        organisaat0_.alkupvm as alkupvm3_5_,
        organisaat0_.domainnimi as domainni4_5_,
        organisaat0_.kotipaikka as kotipaik5_5_,
        organisaat0_.kuvaus_mkt as kuvaus_28_5_,
        organisaat0_.lakkautuspvm as lakkautu6_5_,
        organisaat0_.maa as maa7_5_,
        organisaat0_.metadata_id as metadat29_5_,
        organisaat0_.nimi_mkt as nimi_mk30_5_,
        organisaat0_.nimihaku as nimihaku8_5_,
        organisaat0_.oid as oid9_5_,
        organisaat0_.opetuspisteenjarjnro as opetusp10_5_,
        organisaat0_.oppilaitoskoodi as oppilai11_5_,
        organisaat0_.oppilaitos_tyyppi as oppilai12_5_,
        organisaat0_.organisaatio_poistettu as organis13_5_,
        organisaat0_.paivittaja as paivitt14_5_,
        organisaat0_.paivityspvm as paivity15_5_,
        organisaat0_.parentidpath as parenti16_5_,
        organisaat0_.parentoidpath as parento17_5_,
        organisaat0_.piilotettu as piilote18_5_,
        organisaat0_.tarkastus_pvm as tarkast19_5_,
        organisaat0_.toimipistekoodi as toimipi20_5_,
        organisaat0_.tuontipvm as tuontip21_5_,
        organisaat0_.varhaiskasvatuksen_toimipaikka_tiedot_id as varhais31_5_,
        organisaat0_.virastotunnus as virasto22_5_,
        organisaat0_.yhteishaunkoulukoodi as yhteish23_5_,
        organisaat0_.yritysmuoto as yritysm24_5_,
        organisaat0_.ytj_kieli as ytj_kie25_5_,
        organisaat0_.ytjpaivityspvm as ytjpaiv26_5_,
        organisaat0_.ytunnus as ytunnus27_5_ 
    from
        organisaatio organisaat0_ 
    where
        organisaat0_.parentidpath like ? escape '!'
2020-06-10 18:11:45.002 TRACE 55751 --- [    Test worker] o.h.type.descriptor.sql.BasicBinder      : binding parameter [1] as [VARCHAR] - [%|25|]
2020-06-10 18:11:45.002  INFO 55751 --- [    Test worker] .s.o.b.i.OrganisaatioBusinessServiceImpl : Processing OrganisaatioSuhde[id=26, version=0]
Hibernate: 
    select
        organisaat0_.id as id1_5_,
        organisaat0_.version as version2_5_,
        organisaat0_.alkupvm as alkupvm3_5_,
        organisaat0_.domainnimi as domainni4_5_,
        organisaat0_.kotipaikka as kotipaik5_5_,
        organisaat0_.kuvaus_mkt as kuvaus_28_5_,
        organisaat0_.lakkautuspvm as lakkautu6_5_,
        organisaat0_.maa as maa7_5_,
        organisaat0_.metadata_id as metadat29_5_,
        organisaat0_.nimi_mkt as nimi_mk30_5_,
        organisaat0_.nimihaku as nimihaku8_5_,
        organisaat0_.oid as oid9_5_,
        organisaat0_.opetuspisteenjarjnro as opetusp10_5_,
        organisaat0_.oppilaitoskoodi as oppilai11_5_,
        organisaat0_.oppilaitos_tyyppi as oppilai12_5_,
        organisaat0_.organisaatio_poistettu as organis13_5_,
        organisaat0_.paivittaja as paivitt14_5_,
        organisaat0_.paivityspvm as paivity15_5_,
        organisaat0_.parentidpath as parenti16_5_,
        organisaat0_.parentoidpath as parento17_5_,
        organisaat0_.piilotettu as piilote18_5_,
        organisaat0_.tarkastus_pvm as tarkast19_5_,
        organisaat0_.toimipistekoodi as toimipi20_5_,
        organisaat0_.tuontipvm as tuontip21_5_,
        organisaat0_.varhaiskasvatuksen_toimipaikka_tiedot_id as varhais31_5_,
        organisaat0_.virastotunnus as virasto22_5_,
        organisaat0_.yhteishaunkoulukoodi as yhteish23_5_,
        organisaat0_.yritysmuoto as yritysm24_5_,
        organisaat0_.ytj_kieli as ytj_kie25_5_,
        organisaat0_.ytjpaivityspvm as ytjpaiv26_5_,
        organisaat0_.ytunnus as ytunnus27_5_ 
    from
        organisaatio organisaat0_ 
    where
        organisaat0_.oid=?
2020-06-10 18:11:45.003 TRACE 55751 --- [    Test worker] o.h.type.descriptor.sql.BasicBinder      : binding parameter [1] as [VARCHAR] - [oppilaitos2]
2020-06-10 18:11:45.003 TRACE 55751 --- [    Test worker] o.h.type.descriptor.sql.BasicExtractor   : extracted value ([id1_5_] : [BIGINT]) - [24]
Hibernate: 
    select
        distinct organisaat0_.id as id1_5_,
        organisaat0_.version as version2_5_,
        organisaat0_.alkupvm as alkupvm3_5_,
        organisaat0_.domainnimi as domainni4_5_,
        organisaat0_.kotipaikka as kotipaik5_5_,
        organisaat0_.kuvaus_mkt as kuvaus_28_5_,
        organisaat0_.lakkautuspvm as lakkautu6_5_,
        organisaat0_.maa as maa7_5_,
        organisaat0_.metadata_id as metadat29_5_,
        organisaat0_.nimi_mkt as nimi_mk30_5_,
        organisaat0_.nimihaku as nimihaku8_5_,
        organisaat0_.oid as oid9_5_,
        organisaat0_.opetuspisteenjarjnro as opetusp10_5_,
        organisaat0_.oppilaitoskoodi as oppilai11_5_,
        organisaat0_.oppilaitos_tyyppi as oppilai12_5_,
        organisaat0_.organisaatio_poistettu as organis13_5_,
        organisaat0_.paivittaja as paivitt14_5_,
        organisaat0_.paivityspvm as paivity15_5_,
        organisaat0_.parentidpath as parenti16_5_,
        organisaat0_.parentoidpath as parento17_5_,
        organisaat0_.piilotettu as piilote18_5_,
        organisaat0_.tarkastus_pvm as tarkast19_5_,
        organisaat0_.toimipistekoodi as toimipi20_5_,
        organisaat0_.tuontipvm as tuontip21_5_,
        organisaat0_.varhaiskasvatuksen_toimipaikka_tiedot_id as varhais31_5_,
        organisaat0_.virastotunnus as virasto22_5_,
        organisaat0_.yhteishaunkoulukoodi as yhteish23_5_,
        organisaat0_.yritysmuoto as yritysm24_5_,
        organisaat0_.ytj_kieli as ytj_kie25_5_,
        organisaat0_.ytjpaivityspvm as ytjpaiv26_5_,
        organisaat0_.ytunnus as ytunnus27_5_ 
    from
        organisaatio organisaat0_ 
    where
        organisaat0_.parentidpath like ? escape '!'
2020-06-10 18:11:45.005 TRACE 55751 --- [    Test worker] o.h.type.descriptor.sql.BasicBinder      : binding parameter [1] as [VARCHAR] - [%|25|]
2020-06-10 18:11:45.005  INFO 55751 --- [    Test worker] .s.o.b.i.OrganisaatioBusinessServiceImpl : Processing OrganisaatioSuhde[id=27, version=0]
Hibernate: 
    select
        distinct organisaat0_.id as id1_5_,
        organisaat0_.version as version2_5_,
        organisaat0_.alkupvm as alkupvm3_5_,
        organisaat0_.domainnimi as domainni4_5_,
        organisaat0_.kotipaikka as kotipaik5_5_,
        organisaat0_.kuvaus_mkt as kuvaus_28_5_,
        organisaat0_.lakkautuspvm as lakkautu6_5_,
        organisaat0_.maa as maa7_5_,
        organisaat0_.metadata_id as metadat29_5_,
        organisaat0_.nimi_mkt as nimi_mk30_5_,
        organisaat0_.nimihaku as nimihaku8_5_,
        organisaat0_.oid as oid9_5_,
        organisaat0_.opetuspisteenjarjnro as opetusp10_5_,
        organisaat0_.oppilaitoskoodi as oppilai11_5_,
        organisaat0_.oppilaitos_tyyppi as oppilai12_5_,
        organisaat0_.organisaatio_poistettu as organis13_5_,
        organisaat0_.paivittaja as paivitt14_5_,
        organisaat0_.paivityspvm as paivity15_5_,
        organisaat0_.parentidpath as parenti16_5_,
        organisaat0_.parentoidpath as parento17_5_,
        organisaat0_.piilotettu as piilote18_5_,
        organisaat0_.tarkastus_pvm as tarkast19_5_,
        organisaat0_.toimipistekoodi as toimipi20_5_,
        organisaat0_.tuontipvm as tuontip21_5_,
        organisaat0_.varhaiskasvatuksen_toimipaikka_tiedot_id as varhais31_5_,
        organisaat0_.virastotunnus as virasto22_5_,
        organisaat0_.yhteishaunkoulukoodi as yhteish23_5_,
        organisaat0_.yritysmuoto as yritysm24_5_,
        organisaat0_.ytj_kieli as ytj_kie25_5_,
        organisaat0_.ytjpaivityspvm as ytjpaiv26_5_,
        organisaat0_.ytunnus as ytunnus27_5_ 
    from
        organisaatio organisaat0_ 
    where
        organisaat0_.parentidpath like ? escape '!'
2020-06-10 18:11:45.006 TRACE 55751 --- [    Test worker] o.h.type.descriptor.sql.BasicBinder      : binding parameter [1] as [VARCHAR] - [%|22|]
2020-06-10 18:11:45.006 TRACE 55751 --- [    Test worker] o.h.type.descriptor.sql.BasicExtractor   : extracted value ([id1_5_] : [BIGINT]) - [23]
Hibernate: 
    select
        organisaat0_.id as id1_5_,
        organisaat0_.version as version2_5_,
        organisaat0_.alkupvm as alkupvm3_5_,
        organisaat0_.domainnimi as domainni4_5_,
        organisaat0_.kotipaikka as kotipaik5_5_,
        organisaat0_.kuvaus_mkt as kuvaus_28_5_,
        organisaat0_.lakkautuspvm as lakkautu6_5_,
        organisaat0_.maa as maa7_5_,
        organisaat0_.metadata_id as metadat29_5_,
        organisaat0_.nimi_mkt as nimi_mk30_5_,
        organisaat0_.nimihaku as nimihaku8_5_,
        organisaat0_.oid as oid9_5_,
        organisaat0_.opetuspisteenjarjnro as opetusp10_5_,
        organisaat0_.oppilaitoskoodi as oppilai11_5_,
        organisaat0_.oppilaitos_tyyppi as oppilai12_5_,
        organisaat0_.organisaatio_poistettu as organis13_5_,
        organisaat0_.paivittaja as paivitt14_5_,
        organisaat0_.paivityspvm as paivity15_5_,
        organisaat0_.parentidpath as parenti16_5_,
        organisaat0_.parentoidpath as parento17_5_,
        organisaat0_.piilotettu as piilote18_5_,
        organisaat0_.tarkastus_pvm as tarkast19_5_,
        organisaat0_.toimipistekoodi as toimipi20_5_,
        organisaat0_.tuontipvm as tuontip21_5_,
        organisaat0_.varhaiskasvatuksen_toimipaikka_tiedot_id as varhais31_5_,
        organisaat0_.virastotunnus as virasto22_5_,
        organisaat0_.yhteishaunkoulukoodi as yhteish23_5_,
        organisaat0_.yritysmuoto as yritysm24_5_,
        organisaat0_.ytj_kieli as ytj_kie25_5_,
        organisaat0_.ytjpaivityspvm as ytjpaiv26_5_,
        organisaat0_.ytunnus as ytunnus27_5_ 
    from
        organisaatio organisaat0_ 
    where
        organisaat0_.oid=?
2020-06-10 18:11:45.007 TRACE 55751 --- [    Test worker] o.h.type.descriptor.sql.BasicBinder      : binding parameter [1] as [VARCHAR] - [oppilaitos1]
2020-06-10 18:11:45.007 TRACE 55751 --- [    Test worker] o.h.type.descriptor.sql.BasicExtractor   : extracted value ([id1_5_] : [BIGINT]) - [22]
Hibernate: 
    select
        distinct organisaat0_.id as id1_5_,
        organisaat0_.version as version2_5_,
        organisaat0_.alkupvm as alkupvm3_5_,
        organisaat0_.domainnimi as domainni4_5_,
        organisaat0_.kotipaikka as kotipaik5_5_,
        organisaat0_.kuvaus_mkt as kuvaus_28_5_,
        organisaat0_.lakkautuspvm as lakkautu6_5_,
        organisaat0_.maa as maa7_5_,
        organisaat0_.metadata_id as metadat29_5_,
        organisaat0_.nimi_mkt as nimi_mk30_5_,
        organisaat0_.nimihaku as nimihaku8_5_,
        organisaat0_.oid as oid9_5_,
        organisaat0_.opetuspisteenjarjnro as opetusp10_5_,
        organisaat0_.oppilaitoskoodi as oppilai11_5_,
        organisaat0_.oppilaitos_tyyppi as oppilai12_5_,
        organisaat0_.organisaatio_poistettu as organis13_5_,
        organisaat0_.paivittaja as paivitt14_5_,
        organisaat0_.paivityspvm as paivity15_5_,
        organisaat0_.parentidpath as parenti16_5_,
        organisaat0_.parentoidpath as parento17_5_,
        organisaat0_.piilotettu as piilote18_5_,
        organisaat0_.tarkastus_pvm as tarkast19_5_,
        organisaat0_.toimipistekoodi as toimipi20_5_,
        organisaat0_.tuontipvm as tuontip21_5_,
        organisaat0_.varhaiskasvatuksen_toimipaikka_tiedot_id as varhais31_5_,
        organisaat0_.virastotunnus as virasto22_5_,
        organisaat0_.yhteishaunkoulukoodi as yhteish23_5_,
        organisaat0_.yritysmuoto as yritysm24_5_,
        organisaat0_.ytj_kieli as ytj_kie25_5_,
        organisaat0_.ytjpaivityspvm as ytjpaiv26_5_,
        organisaat0_.ytunnus as ytunnus27_5_ 
    from
        organisaatio organisaat0_ 
    where
        organisaat0_.parentidpath like ? escape '!'
2020-06-10 18:11:45.009 TRACE 55751 --- [    Test worker] o.h.type.descriptor.sql.BasicBinder      : binding parameter [1] as [VARCHAR] - [%|23|]
2020-06-10 18:11:45.009  INFO 55751 --- [    Test worker] .s.o.b.i.OrganisaatioBusinessServiceImpl : Processing OrganisaatioSuhde[id=28, version=1]
Hibernate: 
    select
        organisaat0_.id as id1_5_,
        organisaat0_.version as version2_5_,
        organisaat0_.alkupvm as alkupvm3_5_,
        organisaat0_.domainnimi as domainni4_5_,
        organisaat0_.kotipaikka as kotipaik5_5_,
        organisaat0_.kuvaus_mkt as kuvaus_28_5_,
        organisaat0_.lakkautuspvm as lakkautu6_5_,
        organisaat0_.maa as maa7_5_,
        organisaat0_.metadata_id as metadat29_5_,
        organisaat0_.nimi_mkt as nimi_mk30_5_,
        organisaat0_.nimihaku as nimihaku8_5_,
        organisaat0_.oid as oid9_5_,
        organisaat0_.opetuspisteenjarjnro as opetusp10_5_,
        organisaat0_.oppilaitoskoodi as oppilai11_5_,
        organisaat0_.oppilaitos_tyyppi as oppilai12_5_,
        organisaat0_.organisaatio_poistettu as organis13_5_,
        organisaat0_.paivittaja as paivitt14_5_,
        organisaat0_.paivityspvm as paivity15_5_,
        organisaat0_.parentidpath as parenti16_5_,
        organisaat0_.parentoidpath as parento17_5_,
        organisaat0_.piilotettu as piilote18_5_,
        organisaat0_.tarkastus_pvm as tarkast19_5_,
        organisaat0_.toimipistekoodi as toimipi20_5_,
        organisaat0_.tuontipvm as tuontip21_5_,
        organisaat0_.varhaiskasvatuksen_toimipaikka_tiedot_id as varhais31_5_,
        organisaat0_.virastotunnus as virasto22_5_,
        organisaat0_.yhteishaunkoulukoodi as yhteish23_5_,
        organisaat0_.yritysmuoto as yritysm24_5_,
        organisaat0_.ytj_kieli as ytj_kie25_5_,
        organisaat0_.ytjpaivityspvm as ytjpaiv26_5_,
        organisaat0_.ytunnus as ytunnus27_5_ 
    from
        organisaatio organisaat0_ 
    where
        organisaat0_.oid=?
2020-06-10 18:11:45.010 TRACE 55751 --- [    Test worker] o.h.type.descriptor.sql.BasicBinder      : binding parameter [1] as [VARCHAR] - [oppilaitos2]
2020-06-10 18:11:45.010 TRACE 55751 --- [    Test worker] o.h.type.descriptor.sql.BasicExtractor   : extracted value ([id1_5_] : [BIGINT]) - [24]
Hibernate: 
    update
        organisaatio 
    set
        version=?,
        alkupvm=?,
        domainnimi=?,
        kotipaikka=?,
        kuvaus_mkt=?,
        lakkautuspvm=?,
        maa=?,
        metadata_id=?,
        nimi_mkt=?,
        nimihaku=?,
        oid=?,
        opetuspisteenjarjnro=?,
        oppilaitoskoodi=?,
        oppilaitos_tyyppi=?,
        organisaatio_poistettu=?,
        paivittaja=?,
        paivityspvm=?,
        parentidpath=?,
        parentoidpath=?,
        piilotettu=?,
        tarkastus_pvm=?,
        toimipistekoodi=?,
        tuontipvm=?,
        varhaiskasvatuksen_toimipaikka_tiedot_id=?,
        virastotunnus=?,
        yhteishaunkoulukoodi=?,
        yritysmuoto=?,
        ytj_kieli=?,
        ytjpaivityspvm=?,
        ytunnus=? 
    where
        id=? 
        and version=?
2020-06-10 18:11:45.011 TRACE 55751 --- [    Test worker] o.h.type.descriptor.sql.BasicBinder      : binding parameter [1] as [BIGINT] - [5]
2020-06-10 18:11:45.011 TRACE 55751 --- [    Test worker] o.h.type.descriptor.sql.BasicBinder      : binding parameter [2] as [DATE] - [Fri Dec 31 00:00:00 EET 1999]
2020-06-10 18:11:45.011 TRACE 55751 --- [    Test worker] o.h.type.descriptor.sql.BasicBinder      : binding parameter [3] as [VARCHAR] - [null]
2020-06-10 18:11:45.011 TRACE 55751 --- [    Test worker] o.h.type.descriptor.sql.BasicBinder      : binding parameter [4] as [VARCHAR] - [kunta_092]
2020-06-10 18:11:45.011 TRACE 55751 --- [    Test worker] o.h.type.descriptor.sql.BasicBinder      : binding parameter [5] as [BIGINT] - [1026]
2020-06-10 18:11:45.011 TRACE 55751 --- [    Test worker] o.h.type.descriptor.sql.BasicBinder      : binding parameter [6] as [DATE] - [null]
2020-06-10 18:11:45.011 TRACE 55751 --- [    Test worker] o.h.type.descriptor.sql.BasicBinder      : binding parameter [7] as [VARCHAR] - [maatjavaltiot1_fin]
2020-06-10 18:11:45.011 TRACE 55751 --- [    Test worker] o.h.type.descriptor.sql.BasicBinder      : binding parameter [8] as [BIGINT] - [null]
2020-06-10 18:11:45.011 TRACE 55751 --- [    Test worker] o.h.type.descriptor.sql.BasicBinder      : binding parameter [9] as [BIGINT] - [1027]
2020-06-10 18:11:45.011 TRACE 55751 --- [    Test worker] o.h.type.descriptor.sql.BasicBinder      : binding parameter [10] as [VARCHAR] - [,toimipiste1]
2020-06-10 18:11:45.011 TRACE 55751 --- [    Test worker] o.h.type.descriptor.sql.BasicBinder      : binding parameter [11] as [VARCHAR] - [toimipiste1]
2020-06-10 18:11:45.011 TRACE 55751 --- [    Test worker] o.h.type.descriptor.sql.BasicBinder      : binding parameter [12] as [VARCHAR] - [03]
2020-06-10 18:11:45.011 TRACE 55751 --- [    Test worker] o.h.type.descriptor.sql.BasicBinder      : binding parameter [13] as [VARCHAR] - [null]
2020-06-10 18:11:45.011 TRACE 55751 --- [    Test worker] o.h.type.descriptor.sql.BasicBinder      : binding parameter [14] as [VARCHAR] - [null]
2020-06-10 18:11:45.011 TRACE 55751 --- [    Test worker] o.h.type.descriptor.sql.BasicBinder      : binding parameter [15] as [BOOLEAN] - [false]
2020-06-10 18:11:45.011 TRACE 55751 --- [    Test worker] o.h.type.descriptor.sql.BasicBinder      : binding parameter [16] as [VARCHAR] - [ophadmin]
2020-06-10 18:11:45.011 TRACE 55751 --- [    Test worker] o.h.type.descriptor.sql.BasicBinder      : binding parameter [17] as [TIMESTAMP] - [Wed Jun 10 18:11:43 EEST 2020]
2020-06-10 18:11:45.011 TRACE 55751 --- [    Test worker] o.h.type.descriptor.sql.BasicBinder      : binding parameter [18] as [VARCHAR] - [|1|21|24|]
2020-06-10 18:11:45.011 TRACE 55751 --- [    Test worker] o.h.type.descriptor.sql.BasicBinder      : binding parameter [19] as [VARCHAR] - [|1.2.246.562.24.00000000001|koulutustoimija|oppilaitos2|]
2020-06-10 18:11:45.011 TRACE 55751 --- [    Test worker] o.h.type.descriptor.sql.BasicBinder      : binding parameter [20] as [BOOLEAN] - [false]
2020-06-10 18:11:45.011 TRACE 55751 --- [    Test worker] o.h.type.descriptor.sql.BasicBinder      : binding parameter [21] as [TIMESTAMP] - [null]
2020-06-10 18:11:45.011 TRACE 55751 --- [    Test worker] o.h.type.descriptor.sql.BasicBinder      : binding parameter [22] as [VARCHAR] - [null03]
2020-06-10 18:11:45.011 TRACE 55751 --- [    Test worker] o.h.type.descriptor.sql.BasicBinder      : binding parameter [23] as [TIMESTAMP] - [null]
2020-06-10 18:11:45.011 TRACE 55751 --- [    Test worker] o.h.type.descriptor.sql.BasicBinder      : binding parameter [24] as [BIGINT] - [null]
2020-06-10 18:11:45.011 TRACE 55751 --- [    Test worker] o.h.type.descriptor.sql.BasicBinder      : binding parameter [25] as [VARCHAR] - [null]
2020-06-10 18:11:45.011 TRACE 55751 --- [    Test worker] o.h.type.descriptor.sql.BasicBinder      : binding parameter [26] as [VARCHAR] - [null]
2020-06-10 18:11:45.011 TRACE 55751 --- [    Test worker] o.h.type.descriptor.sql.BasicBinder      : binding parameter [27] as [VARCHAR] - [null]
2020-06-10 18:11:45.011 TRACE 55751 --- [    Test worker] o.h.type.descriptor.sql.BasicBinder      : binding parameter [28] as [VARCHAR] - [null]
2020-06-10 18:11:45.011 TRACE 55751 --- [    Test worker] o.h.type.descriptor.sql.BasicBinder      : binding parameter [29] as [DATE] - [null]
2020-06-10 18:11:45.011 TRACE 55751 --- [    Test worker] o.h.type.descriptor.sql.BasicBinder      : binding parameter [30] as [VARCHAR] - [null]
2020-06-10 18:11:45.011 TRACE 55751 --- [    Test worker] o.h.type.descriptor.sql.BasicBinder      : binding parameter [31] as [BIGINT] - [23]
2020-06-10 18:11:45.012 TRACE 55751 --- [    Test worker] o.h.type.descriptor.sql.BasicBinder      : binding parameter [32] as [BIGINT] - [4]
Hibernate: 
    select
        distinct organisaat0_.id as id1_5_,
        organisaat0_.version as version2_5_,
        organisaat0_.alkupvm as alkupvm3_5_,
        organisaat0_.domainnimi as domainni4_5_,
        organisaat0_.kotipaikka as kotipaik5_5_,
        organisaat0_.kuvaus_mkt as kuvaus_28_5_,
        organisaat0_.lakkautuspvm as lakkautu6_5_,
        organisaat0_.maa as maa7_5_,
        organisaat0_.metadata_id as metadat29_5_,
        organisaat0_.nimi_mkt as nimi_mk30_5_,
        organisaat0_.nimihaku as nimihaku8_5_,
        organisaat0_.oid as oid9_5_,
        organisaat0_.opetuspisteenjarjnro as opetusp10_5_,
        organisaat0_.oppilaitoskoodi as oppilai11_5_,
        organisaat0_.oppilaitos_tyyppi as oppilai12_5_,
        organisaat0_.organisaatio_poistettu as organis13_5_,
        organisaat0_.paivittaja as paivitt14_5_,
        organisaat0_.paivityspvm as paivity15_5_,
        organisaat0_.parentidpath as parenti16_5_,
        organisaat0_.parentoidpath as parento17_5_,
        organisaat0_.piilotettu as piilote18_5_,
        organisaat0_.tarkastus_pvm as tarkast19_5_,
        organisaat0_.toimipistekoodi as toimipi20_5_,
        organisaat0_.tuontipvm as tuontip21_5_,
        organisaat0_.varhaiskasvatuksen_toimipaikka_tiedot_id as varhais31_5_,
        organisaat0_.virastotunnus as virasto22_5_,
        organisaat0_.yhteishaunkoulukoodi as yhteish23_5_,
        organisaat0_.yritysmuoto as yritysm24_5_,
        organisaat0_.ytj_kieli as ytj_kie25_5_,
        organisaat0_.ytjpaivityspvm as ytjpaiv26_5_,
        organisaat0_.ytunnus as ytunnus27_5_ 
    from
        organisaatio organisaat0_ 
    where
        organisaat0_.parentidpath like ? escape '!'
2020-06-10 18:11:45.012 TRACE 55751 --- [    Test worker] o.h.type.descriptor.sql.BasicBinder      : binding parameter [1] as [VARCHAR] - [%|23|]
Hibernate: 
    select
        organisaat0_.id as id1_5_,
        organisaat0_.version as version2_5_,
        organisaat0_.alkupvm as alkupvm3_5_,
        organisaat0_.domainnimi as domainni4_5_,
        organisaat0_.kotipaikka as kotipaik5_5_,
        organisaat0_.kuvaus_mkt as kuvaus_28_5_,
        organisaat0_.lakkautuspvm as lakkautu6_5_,
        organisaat0_.maa as maa7_5_,
        organisaat0_.metadata_id as metadat29_5_,
        organisaat0_.nimi_mkt as nimi_mk30_5_,
        organisaat0_.nimihaku as nimihaku8_5_,
        organisaat0_.oid as oid9_5_,
        organisaat0_.opetuspisteenjarjnro as opetusp10_5_,
        organisaat0_.oppilaitoskoodi as oppilai11_5_,
        organisaat0_.oppilaitos_tyyppi as oppilai12_5_,
        organisaat0_.organisaatio_poistettu as organis13_5_,
        organisaat0_.paivittaja as paivitt14_5_,
        organisaat0_.paivityspvm as paivity15_5_,
        organisaat0_.parentidpath as parenti16_5_,
        organisaat0_.parentoidpath as parento17_5_,
        organisaat0_.piilotettu as piilote18_5_,
        organisaat0_.tarkastus_pvm as tarkast19_5_,
        organisaat0_.toimipistekoodi as toimipi20_5_,
        organisaat0_.tuontipvm as tuontip21_5_,
        organisaat0_.varhaiskasvatuksen_toimipaikka_tiedot_id as varhais31_5_,
        organisaat0_.virastotunnus as virasto22_5_,
        organisaat0_.yhteishaunkoulukoodi as yhteish23_5_,
        organisaat0_.yritysmuoto as yritysm24_5_,
        organisaat0_.ytj_kieli as ytj_kie25_5_,
        organisaat0_.ytjpaivityspvm as ytjpaiv26_5_,
        organisaat0_.ytunnus as ytunnus27_5_ 
    from
        organisaatio organisaat0_ 
    where
        organisaat0_.oid=?
2020-06-10 18:11:45.013 TRACE 55751 --- [    Test worker] o.h.type.descriptor.sql.BasicBinder      : binding parameter [1] as [VARCHAR] - [oppilaitos1]
2020-06-10 18:11:45.014 TRACE 55751 --- [    Test worker] o.h.type.descriptor.sql.BasicExtractor   : extracted value ([id1_5_] : [BIGINT]) - [22]
Hibernate: 
    select
        organisaat0_.id as id1_5_,
        organisaat0_.version as version2_5_,
        organisaat0_.alkupvm as alkupvm3_5_,
        organisaat0_.domainnimi as domainni4_5_,
        organisaat0_.kotipaikka as kotipaik5_5_,
        organisaat0_.kuvaus_mkt as kuvaus_28_5_,
        organisaat0_.lakkautuspvm as lakkautu6_5_,
        organisaat0_.maa as maa7_5_,
        organisaat0_.metadata_id as metadat29_5_,
        organisaat0_.nimi_mkt as nimi_mk30_5_,
        organisaat0_.nimihaku as nimihaku8_5_,
        organisaat0_.oid as oid9_5_,
        organisaat0_.opetuspisteenjarjnro as opetusp10_5_,
        organisaat0_.oppilaitoskoodi as oppilai11_5_,
        organisaat0_.oppilaitos_tyyppi as oppilai12_5_,
        organisaat0_.organisaatio_poistettu as organis13_5_,
        organisaat0_.paivittaja as paivitt14_5_,
        organisaat0_.paivityspvm as paivity15_5_,
        organisaat0_.parentidpath as parenti16_5_,
        organisaat0_.parentoidpath as parento17_5_,
        organisaat0_.piilotettu as piilote18_5_,
        organisaat0_.tarkastus_pvm as tarkast19_5_,
        organisaat0_.toimipistekoodi as toimipi20_5_,
        organisaat0_.tuontipvm as tuontip21_5_,
        organisaat0_.varhaiskasvatuksen_toimipaikka_tiedot_id as varhais31_5_,
        organisaat0_.virastotunnus as virasto22_5_,
        organisaat0_.yhteishaunkoulukoodi as yhteish23_5_,
        organisaat0_.yritysmuoto as yritysm24_5_,
        organisaat0_.ytj_kieli as ytj_kie25_5_,
        organisaat0_.ytjpaivityspvm as ytjpaiv26_5_,
        organisaat0_.ytunnus as ytunnus27_5_ 
    from
        organisaatio organisaat0_ 
    where
        organisaat0_.oid=?
2020-06-10 18:11:45.015 TRACE 55751 --- [    Test worker] o.h.type.descriptor.sql.BasicBinder      : binding parameter [1] as [VARCHAR] - [toimipiste1]
2020-06-10 18:11:45.015 TRACE 55751 --- [    Test worker] o.h.type.descriptor.sql.BasicExtractor   : extracted value ([id1_5_] : [BIGINT]) - [23]
2020-06-10 18:11:45.018  INFO 55751 --- [    Test worker] o.s.t.c.transaction.TransactionContext   : Rolled back transaction for test: [DefaultTestContext@633e0b9b testClass = OrganisaatioBusinessServiceImplTest, testInstance = fi.vm.sade.organisaatio.business.impl.OrganisaatioBusinessServiceImplTest@76c4d4ab, testMethod = processNewOrganisaatioSuhdeChangesWithLiitos@OrganisaatioBusinessServiceImplTest, testException = [null], mergedContextConfiguration = [WebMergedContextConfiguration@142403d testClass = OrganisaatioBusinessServiceImplTest, locations = '{}', classes = '{class fi.vm.sade.organisaatio.OrganisaatioApplication, class fi.vm.sade.organisaatio.business.impl.OrganisaatioBusinessServiceImplTest$OrganisaatioBusinessServiceImplTestContextConfiguration}', contextInitializerClasses = '[]', activeProfiles = '{}', propertySourceLocations = '{}', propertySourceProperties = '{org.springframework.boot.test.context.SpringBootTestContextBootstrapper=true}', contextCustomizers = set[org.springframework.boot.test.autoconfigure.properties.PropertyMappingContextCustomizer@a273518a, org.springframework.boot.test.autoconfigure.web.servlet.WebDriverContextCustomizerFactory$Customizer@25a95d7a, [ImportsContextCustomizer@1758189f key = [org.springframework.boot.test.autoconfigure.jdbc.TestDatabaseAutoConfiguration, org.springframework.boot.autoconfigure.jdbc.DataSourceAutoConfiguration]], org.springframework.boot.test.context.filter.ExcludeFilterContextCustomizer@33d60c3d, org.springframework.boot.test.json.DuplicateJsonObjectContextCustomizerFactory$DuplicateJsonObjectContextCustomizer@6943770e, org.springframework.boot.test.mock.mockito.MockitoContextCustomizer@0, org.springframework.boot.test.web.client.TestRestTemplateContextCustomizer@536042e6, org.springframework.boot.test.context.SpringBootTestArgs@1], resourceBasePath = 'src/main/webapp', contextLoader = 'org.springframework.boot.test.context.SpringBootContextLoader', parent = [null]], attributes = map['org.springframework.test.context.web.ServletTestExecutionListener.activateListener' -> true, 'org.springframework.test.context.web.ServletTestExecutionListener.populatedRequestContextHolder' -> true, 'org.springframework.test.context.web.ServletTestExecutionListener.resetRequestContextHolder' -> true]]
2020-06-10 18:11:45.019  INFO 55751 --- [    Test worker] o.s.t.c.transaction.TransactionContext   : Began transaction (1) for test context [DefaultTestContext@633e0b9b testClass = OrganisaatioBusinessServiceImplTest, testInstance = fi.vm.sade.organisaatio.business.impl.OrganisaatioBusinessServiceImplTest@479f4f00, testMethod = processNewOrganisaatioSuhdeChangesWithHistoria@OrganisaatioBusinessServiceImplTest, testException = [null], mergedContextConfiguration = [WebMergedContextConfiguration@142403d testClass = OrganisaatioBusinessServiceImplTest, locations = '{}', classes = '{class fi.vm.sade.organisaatio.OrganisaatioApplication, class fi.vm.sade.organisaatio.business.impl.OrganisaatioBusinessServiceImplTest$OrganisaatioBusinessServiceImplTestContextConfiguration}', contextInitializerClasses = '[]', activeProfiles = '{}', propertySourceLocations = '{}', propertySourceProperties = '{org.springframework.boot.test.context.SpringBootTestContextBootstrapper=true}', contextCustomizers = set[org.springframework.boot.test.autoconfigure.properties.PropertyMappingContextCustomizer@a273518a, org.springframework.boot.test.autoconfigure.web.servlet.WebDriverContextCustomizerFactory$Customizer@25a95d7a, [ImportsContextCustomizer@1758189f key = [org.springframework.boot.test.autoconfigure.jdbc.TestDatabaseAutoConfiguration, org.springframework.boot.autoconfigure.jdbc.DataSourceAutoConfiguration]], org.springframework.boot.test.context.filter.ExcludeFilterContextCustomizer@33d60c3d, org.springframework.boot.test.json.DuplicateJsonObjectContextCustomizerFactory$DuplicateJsonObjectContextCustomizer@6943770e, org.springframework.boot.test.mock.mockito.MockitoContextCustomizer@0, org.springframework.boot.test.web.client.TestRestTemplateContextCustomizer@536042e6, org.springframework.boot.test.context.SpringBootTestArgs@1], resourceBasePath = 'src/main/webapp', contextLoader = 'org.springframework.boot.test.context.SpringBootContextLoader', parent = [null]], attributes = map['org.springframework.test.context.web.ServletTestExecutionListener.activateListener' -> true, 'org.springframework.test.context.web.ServletTestExecutionListener.populatedRequestContextHolder' -> true, 'org.springframework.test.context.web.ServletTestExecutionListener.resetRequestContextHolder' -> true]]; transaction manager [org.springframework.orm.jpa.JpaTransactionManager@441d876b]; rollback [true]
Hibernate: 
    select
        organisaat0_.id as id1_5_,
        organisaat0_.version as version2_5_,
        organisaat0_.alkupvm as alkupvm3_5_,
        organisaat0_.domainnimi as domainni4_5_,
        organisaat0_.kotipaikka as kotipaik5_5_,
        organisaat0_.kuvaus_mkt as kuvaus_28_5_,
        organisaat0_.lakkautuspvm as lakkautu6_5_,
        organisaat0_.maa as maa7_5_,
        organisaat0_.metadata_id as metadat29_5_,
        organisaat0_.nimi_mkt as nimi_mk30_5_,
        organisaat0_.nimihaku as nimihaku8_5_,
        organisaat0_.oid as oid9_5_,
        organisaat0_.opetuspisteenjarjnro as opetusp10_5_,
        organisaat0_.oppilaitoskoodi as oppilai11_5_,
        organisaat0_.oppilaitos_tyyppi as oppilai12_5_,
        organisaat0_.organisaatio_poistettu as organis13_5_,
        organisaat0_.paivittaja as paivitt14_5_,
        organisaat0_.paivityspvm as paivity15_5_,
        organisaat0_.parentidpath as parenti16_5_,
        organisaat0_.parentoidpath as parento17_5_,
        organisaat0_.piilotettu as piilote18_5_,
        organisaat0_.tarkastus_pvm as tarkast19_5_,
        organisaat0_.toimipistekoodi as toimipi20_5_,
        organisaat0_.tuontipvm as tuontip21_5_,
        organisaat0_.varhaiskasvatuksen_toimipaikka_tiedot_id as varhais31_5_,
        organisaat0_.virastotunnus as virasto22_5_,
        organisaat0_.yhteishaunkoulukoodi as yhteish23_5_,
        organisaat0_.yritysmuoto as yritysm24_5_,
        organisaat0_.ytj_kieli as ytj_kie25_5_,
        organisaat0_.ytjpaivityspvm as ytjpaiv26_5_,
        organisaat0_.ytunnus as ytunnus27_5_ 
    from
        organisaatio organisaat0_ 
    where
        organisaat0_.oid=?
2020-06-10 18:11:45.023 TRACE 55751 --- [    Test worker] o.h.type.descriptor.sql.BasicBinder      : binding parameter [1] as [VARCHAR] - [koulutustoimija1]
2020-06-10 18:11:45.262  WARN 55751 --- [    Test worker] fi.vm.sade.javautils.http.OphHttpClient  : Failed to CAS authenticate. Renewing proxy ticket.
Hibernate: 
    select
        organisaat0_.id as id1_5_,
        organisaat0_.version as version2_5_,
        organisaat0_.alkupvm as alkupvm3_5_,
        organisaat0_.domainnimi as domainni4_5_,
        organisaat0_.kotipaikka as kotipaik5_5_,
        organisaat0_.kuvaus_mkt as kuvaus_28_5_,
        organisaat0_.lakkautuspvm as lakkautu6_5_,
        organisaat0_.maa as maa7_5_,
        organisaat0_.metadata_id as metadat29_5_,
        organisaat0_.nimi_mkt as nimi_mk30_5_,
        organisaat0_.nimihaku as nimihaku8_5_,
        organisaat0_.oid as oid9_5_,
        organisaat0_.opetuspisteenjarjnro as opetusp10_5_,
        organisaat0_.oppilaitoskoodi as oppilai11_5_,
        organisaat0_.oppilaitos_tyyppi as oppilai12_5_,
        organisaat0_.organisaatio_poistettu as organis13_5_,
        organisaat0_.paivittaja as paivitt14_5_,
        organisaat0_.paivityspvm as paivity15_5_,
        organisaat0_.parentidpath as parenti16_5_,
        organisaat0_.parentoidpath as parento17_5_,
        organisaat0_.piilotettu as piilote18_5_,
        organisaat0_.tarkastus_pvm as tarkast19_5_,
        organisaat0_.toimipistekoodi as toimipi20_5_,
        organisaat0_.tuontipvm as tuontip21_5_,
        organisaat0_.varhaiskasvatuksen_toimipaikka_tiedot_id as varhais31_5_,
        organisaat0_.virastotunnus as virasto22_5_,
        organisaat0_.yhteishaunkoulukoodi as yhteish23_5_,
        organisaat0_.yritysmuoto as yritysm24_5_,
        organisaat0_.ytj_kieli as ytj_kie25_5_,
        organisaat0_.ytjpaivityspvm as ytjpaiv26_5_,
        organisaat0_.ytunnus as ytunnus27_5_ 
    from
        organisaatio organisaat0_ 
    where
        organisaat0_.oid=?
2020-06-10 18:11:45.401 TRACE 55751 --- [    Test worker] o.h.type.descriptor.sql.BasicBinder      : binding parameter [1] as [VARCHAR] - [1.2.246.562.24.00000000001]
2020-06-10 18:11:45.401 TRACE 55751 --- [    Test worker] o.h.type.descriptor.sql.BasicExtractor   : extracted value ([id1_5_] : [BIGINT]) - [1]
2020-06-10 18:11:45.401 TRACE 55751 --- [    Test worker] o.h.type.descriptor.sql.BasicExtractor   : extracted value ([version2_5_] : [BIGINT]) - [0]
2020-06-10 18:11:45.401 TRACE 55751 --- [    Test worker] o.h.type.descriptor.sql.BasicExtractor   : extracted value ([alkupvm3_5_] : [DATE]) - [2004-06-29]
2020-06-10 18:11:45.401 TRACE 55751 --- [    Test worker] o.h.type.descriptor.sql.BasicExtractor   : extracted value ([domainni4_5_] : [VARCHAR]) - [null]
2020-06-10 18:11:45.401 TRACE 55751 --- [    Test worker] o.h.type.descriptor.sql.BasicExtractor   : extracted value ([kotipaik5_5_] : [VARCHAR]) - [Helsinki]
2020-06-10 18:11:45.401 TRACE 55751 --- [    Test worker] o.h.type.descriptor.sql.BasicExtractor   : extracted value ([kuvaus_28_5_] : [BIGINT]) - [null]
2020-06-10 18:11:45.401 TRACE 55751 --- [    Test worker] o.h.type.descriptor.sql.BasicExtractor   : extracted value ([lakkautu6_5_] : [DATE]) - [null]
2020-06-10 18:11:45.401 TRACE 55751 --- [    Test worker] o.h.type.descriptor.sql.BasicExtractor   : extracted value ([maa7_5_] : [VARCHAR]) - [null]
2020-06-10 18:11:45.401 TRACE 55751 --- [    Test worker] o.h.type.descriptor.sql.BasicExtractor   : extracted value ([metadat29_5_] : [BIGINT]) - [null]
2020-06-10 18:11:45.401 TRACE 55751 --- [    Test worker] o.h.type.descriptor.sql.BasicExtractor   : extracted value ([nimi_mk30_5_] : [BIGINT]) - [1]
2020-06-10 18:11:45.401 TRACE 55751 --- [    Test worker] o.h.type.descriptor.sql.BasicExtractor   : extracted value ([nimihaku8_5_] : [VARCHAR]) - [opetushallitus]
2020-06-10 18:11:45.401 TRACE 55751 --- [    Test worker] o.h.type.descriptor.sql.BasicExtractor   : extracted value ([oid9_5_] : [VARCHAR]) - [1.2.246.562.24.00000000001]
2020-06-10 18:11:45.401 TRACE 55751 --- [    Test worker] o.h.type.descriptor.sql.BasicExtractor   : extracted value ([opetusp10_5_] : [VARCHAR]) - [null]
2020-06-10 18:11:45.401 TRACE 55751 --- [    Test worker] o.h.type.descriptor.sql.BasicExtractor   : extracted value ([oppilai11_5_] : [VARCHAR]) - [null]
2020-06-10 18:11:45.401 TRACE 55751 --- [    Test worker] o.h.type.descriptor.sql.BasicExtractor   : extracted value ([oppilai12_5_] : [VARCHAR]) - [null]
2020-06-10 18:11:45.401 TRACE 55751 --- [    Test worker] o.h.type.descriptor.sql.BasicExtractor   : extracted value ([organis13_5_] : [BOOLEAN]) - [false]
2020-06-10 18:11:45.401 TRACE 55751 --- [    Test worker] o.h.type.descriptor.sql.BasicExtractor   : extracted value ([paivitt14_5_] : [VARCHAR]) - [null]
2020-06-10 18:11:45.402 TRACE 55751 --- [    Test worker] o.h.type.descriptor.sql.BasicExtractor   : extracted value ([paivity15_5_] : [TIMESTAMP]) - [null]
2020-06-10 18:11:45.402 TRACE 55751 --- [    Test worker] o.h.type.descriptor.sql.BasicExtractor   : extracted value ([parenti16_5_] : [VARCHAR]) - [null]
2020-06-10 18:11:45.402 TRACE 55751 --- [    Test worker] o.h.type.descriptor.sql.BasicExtractor   : extracted value ([parento17_5_] : [VARCHAR]) - [null]
2020-06-10 18:11:45.402 TRACE 55751 --- [    Test worker] o.h.type.descriptor.sql.BasicExtractor   : extracted value ([piilote18_5_] : [BOOLEAN]) - [false]
2020-06-10 18:11:45.402 TRACE 55751 --- [    Test worker] o.h.type.descriptor.sql.BasicExtractor   : extracted value ([tarkast19_5_] : [TIMESTAMP]) - [null]
2020-06-10 18:11:45.402 TRACE 55751 --- [    Test worker] o.h.type.descriptor.sql.BasicExtractor   : extracted value ([toimipi20_5_] : [VARCHAR]) - [null]
2020-06-10 18:11:45.402 TRACE 55751 --- [    Test worker] o.h.type.descriptor.sql.BasicExtractor   : extracted value ([tuontip21_5_] : [TIMESTAMP]) - [null]
2020-06-10 18:11:45.402 TRACE 55751 --- [    Test worker] o.h.type.descriptor.sql.BasicExtractor   : extracted value ([varhais31_5_] : [BIGINT]) - [null]
2020-06-10 18:11:45.402 TRACE 55751 --- [    Test worker] o.h.type.descriptor.sql.BasicExtractor   : extracted value ([virasto22_5_] : [VARCHAR]) - [null]
2020-06-10 18:11:45.402 TRACE 55751 --- [    Test worker] o.h.type.descriptor.sql.BasicExtractor   : extracted value ([yhteish23_5_] : [VARCHAR]) - [null]
2020-06-10 18:11:45.402 TRACE 55751 --- [    Test worker] o.h.type.descriptor.sql.BasicExtractor   : extracted value ([yritysm24_5_] : [VARCHAR]) - [oy]
2020-06-10 18:11:45.402 TRACE 55751 --- [    Test worker] o.h.type.descriptor.sql.BasicExtractor   : extracted value ([ytj_kie25_5_] : [VARCHAR]) - [null]
2020-06-10 18:11:45.402 TRACE 55751 --- [    Test worker] o.h.type.descriptor.sql.BasicExtractor   : extracted value ([ytjpaiv26_5_] : [DATE]) - [null]
2020-06-10 18:11:45.402 TRACE 55751 --- [    Test worker] o.h.type.descriptor.sql.BasicExtractor   : extracted value ([ytunnus27_5_] : [VARCHAR]) - [null]
2020-06-10 18:11:45.402 TRACE 55751 --- [    Test worker] org.hibernate.type.CollectionType        : Created collection wrapper: [fi.vm.sade.organisaatio.model.Organisaatio.childSuhteet#1]
2020-06-10 18:11:45.402 TRACE 55751 --- [    Test worker] org.hibernate.type.CollectionType        : Created collection wrapper: [fi.vm.sade.organisaatio.model.Organisaatio.kayttoryhmat#1]
2020-06-10 18:11:45.402 TRACE 55751 --- [    Test worker] org.hibernate.type.CollectionType        : Created collection wrapper: [fi.vm.sade.organisaatio.model.Organisaatio.kielet#1]
2020-06-10 18:11:45.402 TRACE 55751 --- [    Test worker] org.hibernate.type.CollectionType        : Created collection wrapper: [fi.vm.sade.organisaatio.model.Organisaatio.muutKotipaikatUris#1]
2020-06-10 18:11:45.402 TRACE 55751 --- [    Test worker] org.hibernate.type.CollectionType        : Created collection wrapper: [fi.vm.sade.organisaatio.model.Organisaatio.muutOppilaitosTyyppiUris#1]
2020-06-10 18:11:45.402 TRACE 55751 --- [    Test worker] org.hibernate.type.CollectionType        : Created collection wrapper: [fi.vm.sade.organisaatio.model.Organisaatio.nimet#1]
2020-06-10 18:11:45.402 TRACE 55751 --- [    Test worker] org.hibernate.type.CollectionType        : Created collection wrapper: [fi.vm.sade.organisaatio.model.Organisaatio.organisaatioLisatietotyypit#1]
2020-06-10 18:11:45.402 TRACE 55751 --- [    Test worker] org.hibernate.type.CollectionType        : Created collection wrapper: [fi.vm.sade.organisaatio.model.Organisaatio.parentSuhteet#1]
2020-06-10 18:11:45.402 TRACE 55751 --- [    Test worker] org.hibernate.type.CollectionType        : Created collection wrapper: [fi.vm.sade.organisaatio.model.Organisaatio.ryhmatyypit#1]
2020-06-10 18:11:45.402 TRACE 55751 --- [    Test worker] org.hibernate.type.CollectionType        : Created collection wrapper: [fi.vm.sade.organisaatio.model.Organisaatio.tyypit#1]
2020-06-10 18:11:45.402 TRACE 55751 --- [    Test worker] org.hibernate.type.CollectionType        : Created collection wrapper: [fi.vm.sade.organisaatio.model.Organisaatio.vuosiluokat#1]
2020-06-10 18:11:45.402 TRACE 55751 --- [    Test worker] org.hibernate.type.CollectionType        : Created collection wrapper: [fi.vm.sade.organisaatio.model.Organisaatio.yhteystiedot#1]
2020-06-10 18:11:45.403 TRACE 55751 --- [    Test worker] org.hibernate.type.CollectionType        : Created collection wrapper: [fi.vm.sade.organisaatio.model.Organisaatio.yhteystietoArvos#1]
Hibernate: 
    select
        parentsuht0_.child_id as child_id7_19_0_,
        parentsuht0_.id as id1_19_0_,
        parentsuht0_.id as id1_19_1_,
        parentsuht0_.version as version2_19_1_,
        parentsuht0_.alkupvm as alkupvm3_19_1_,
        parentsuht0_.child_id as child_id7_19_1_,
        parentsuht0_.loppupvm as loppupvm4_19_1_,
        parentsuht0_.opetuspisteenjarjnro as opetuspi5_19_1_,
        parentsuht0_.parent_id as parent_i8_19_1_,
        parentsuht0_.suhdetyyppi as suhdetyy6_19_1_ 
    from
        organisaatiosuhde parentsuht0_ 
    where
        parentsuht0_.child_id=? 
    order by
        parentsuht0_.alkupvm
2020-06-10 18:11:45.403 TRACE 55751 --- [    Test worker] o.h.type.descriptor.sql.BasicBinder      : binding parameter [1] as [BIGINT] - [1]
Hibernate: 
    select
        organisaat0_.id as id1_5_,
        organisaat0_.version as version2_5_,
        organisaat0_.alkupvm as alkupvm3_5_,
        organisaat0_.domainnimi as domainni4_5_,
        organisaat0_.kotipaikka as kotipaik5_5_,
        organisaat0_.kuvaus_mkt as kuvaus_28_5_,
        organisaat0_.lakkautuspvm as lakkautu6_5_,
        organisaat0_.maa as maa7_5_,
        organisaat0_.metadata_id as metadat29_5_,
        organisaat0_.nimi_mkt as nimi_mk30_5_,
        organisaat0_.nimihaku as nimihaku8_5_,
        organisaat0_.oid as oid9_5_,
        organisaat0_.opetuspisteenjarjnro as opetusp10_5_,
        organisaat0_.oppilaitoskoodi as oppilai11_5_,
        organisaat0_.oppilaitos_tyyppi as oppilai12_5_,
        organisaat0_.organisaatio_poistettu as organis13_5_,
        organisaat0_.paivittaja as paivitt14_5_,
        organisaat0_.paivityspvm as paivity15_5_,
        organisaat0_.parentidpath as parenti16_5_,
        organisaat0_.parentoidpath as parento17_5_,
        organisaat0_.piilotettu as piilote18_5_,
        organisaat0_.tarkastus_pvm as tarkast19_5_,
        organisaat0_.toimipistekoodi as toimipi20_5_,
        organisaat0_.tuontipvm as tuontip21_5_,
        organisaat0_.varhaiskasvatuksen_toimipaikka_tiedot_id as varhais31_5_,
        organisaat0_.virastotunnus as virasto22_5_,
        organisaat0_.yhteishaunkoulukoodi as yhteish23_5_,
        organisaat0_.yritysmuoto as yritysm24_5_,
        organisaat0_.ytj_kieli as ytj_kie25_5_,
        organisaat0_.ytjpaivityspvm as ytjpaiv26_5_,
        organisaat0_.ytunnus as ytunnus27_5_ 
    from
        organisaatio organisaat0_ 
    where
        organisaat0_.oid=?
2020-06-10 18:11:45.405 TRACE 55751 --- [    Test worker] o.h.type.descriptor.sql.BasicBinder      : binding parameter [1] as [VARCHAR] - [1.2.246.562.24.00000000001]
2020-06-10 18:11:45.405 TRACE 55751 --- [    Test worker] o.h.type.descriptor.sql.BasicExtractor   : extracted value ([id1_5_] : [BIGINT]) - [1]
2020-06-10 18:11:45.405  WARN 55751 --- [    Test worker] .s.o.b.i.OrganisaatioBusinessServiceImpl : Oppilaitos not found in parents
Hibernate: 
    insert 
    into
        monikielinen_teksti
        (id, version) 
    values
        (null, ?)
2020-06-10 18:11:45.406 TRACE 55751 --- [    Test worker] o.h.type.descriptor.sql.BasicBinder      : binding parameter [1] as [BIGINT] - [0]
Hibernate: 
    insert 
    into
        monikielinen_teksti
        (id, version) 
    values
        (null, ?)
2020-06-10 18:11:45.406 TRACE 55751 --- [    Test worker] o.h.type.descriptor.sql.BasicBinder      : binding parameter [1] as [BIGINT] - [0]
Hibernate: 
    insert 
    into
        organisaatio
        (id, version, alkupvm, domainnimi, kotipaikka, kuvaus_mkt, lakkautuspvm, maa, metadata_id, nimi_mkt, nimihaku, oid, opetuspisteenjarjnro, oppilaitoskoodi, oppilaitos_tyyppi, organisaatio_poistettu, paivittaja, paivityspvm, parentidpath, parentoidpath, piilotettu, tarkastus_pvm, toimipistekoodi, tuontipvm, varhaiskasvatuksen_toimipaikka_tiedot_id, virastotunnus, yhteishaunkoulukoodi, yritysmuoto, ytj_kieli, ytjpaivityspvm, ytunnus) 
    values
        (null, ?, ?, ?, ?, ?, ?, ?, ?, ?, ?, ?, ?, ?, ?, ?, ?, ?, ?, ?, ?, ?, ?, ?, ?, ?, ?, ?, ?, ?, ?)
2020-06-10 18:11:45.407 TRACE 55751 --- [    Test worker] o.h.type.descriptor.sql.BasicBinder      : binding parameter [1] as [BIGINT] - [0]
2020-06-10 18:11:45.407 TRACE 55751 --- [    Test worker] o.h.type.descriptor.sql.BasicBinder      : binding parameter [2] as [DATE] - [Fri Dec 31 00:00:00 EET 1999]
2020-06-10 18:11:45.407 TRACE 55751 --- [    Test worker] o.h.type.descriptor.sql.BasicBinder      : binding parameter [3] as [VARCHAR] - [null]
2020-06-10 18:11:45.407 TRACE 55751 --- [    Test worker] o.h.type.descriptor.sql.BasicBinder      : binding parameter [4] as [VARCHAR] - [kunta_092]
2020-06-10 18:11:45.407 TRACE 55751 --- [    Test worker] o.h.type.descriptor.sql.BasicBinder      : binding parameter [5] as [BIGINT] - [1032]
2020-06-10 18:11:45.407 TRACE 55751 --- [    Test worker] o.h.type.descriptor.sql.BasicBinder      : binding parameter [6] as [DATE] - [null]
2020-06-10 18:11:45.407 TRACE 55751 --- [    Test worker] o.h.type.descriptor.sql.BasicBinder      : binding parameter [7] as [VARCHAR] - [maatjavaltiot1_fin]
2020-06-10 18:11:45.407 TRACE 55751 --- [    Test worker] o.h.type.descriptor.sql.BasicBinder      : binding parameter [8] as [BIGINT] - [null]
2020-06-10 18:11:45.407 TRACE 55751 --- [    Test worker] o.h.type.descriptor.sql.BasicBinder      : binding parameter [9] as [BIGINT] - [1033]
2020-06-10 18:11:45.407 TRACE 55751 --- [    Test worker] o.h.type.descriptor.sql.BasicBinder      : binding parameter [10] as [VARCHAR] - [,koulutustoimija1]
2020-06-10 18:11:45.407 TRACE 55751 --- [    Test worker] o.h.type.descriptor.sql.BasicBinder      : binding parameter [11] as [VARCHAR] - [koulutustoimija1]
2020-06-10 18:11:45.407 TRACE 55751 --- [    Test worker] o.h.type.descriptor.sql.BasicBinder      : binding parameter [12] as [VARCHAR] - [null]
2020-06-10 18:11:45.407 TRACE 55751 --- [    Test worker] o.h.type.descriptor.sql.BasicBinder      : binding parameter [13] as [VARCHAR] - [null]
2020-06-10 18:11:45.407 TRACE 55751 --- [    Test worker] o.h.type.descriptor.sql.BasicBinder      : binding parameter [14] as [VARCHAR] - [null]
2020-06-10 18:11:45.407 TRACE 55751 --- [    Test worker] o.h.type.descriptor.sql.BasicBinder      : binding parameter [15] as [BOOLEAN] - [false]
2020-06-10 18:11:45.407 TRACE 55751 --- [    Test worker] o.h.type.descriptor.sql.BasicBinder      : binding parameter [16] as [VARCHAR] - [ophadmin]
2020-06-10 18:11:45.407 TRACE 55751 --- [    Test worker] o.h.type.descriptor.sql.BasicBinder      : binding parameter [17] as [TIMESTAMP] - [Wed Jun 10 18:11:45 EEST 2020]
2020-06-10 18:11:45.407 TRACE 55751 --- [    Test worker] o.h.type.descriptor.sql.BasicBinder      : binding parameter [18] as [VARCHAR] - [|1|]
2020-06-10 18:11:45.407 TRACE 55751 --- [    Test worker] o.h.type.descriptor.sql.BasicBinder      : binding parameter [19] as [VARCHAR] - [|1.2.246.562.24.00000000001|]
2020-06-10 18:11:45.407 TRACE 55751 --- [    Test worker] o.h.type.descriptor.sql.BasicBinder      : binding parameter [20] as [BOOLEAN] - [false]
2020-06-10 18:11:45.407 TRACE 55751 --- [    Test worker] o.h.type.descriptor.sql.BasicBinder      : binding parameter [21] as [TIMESTAMP] - [null]
2020-06-10 18:11:45.407 TRACE 55751 --- [    Test worker] o.h.type.descriptor.sql.BasicBinder      : binding parameter [22] as [VARCHAR] - []
2020-06-10 18:11:45.407 TRACE 55751 --- [    Test worker] o.h.type.descriptor.sql.BasicBinder      : binding parameter [23] as [TIMESTAMP] - [null]
2020-06-10 18:11:45.407 TRACE 55751 --- [    Test worker] o.h.type.descriptor.sql.BasicBinder      : binding parameter [24] as [BIGINT] - [null]
2020-06-10 18:11:45.407 TRACE 55751 --- [    Test worker] o.h.type.descriptor.sql.BasicBinder      : binding parameter [25] as [VARCHAR] - [null]
2020-06-10 18:11:45.407 TRACE 55751 --- [    Test worker] o.h.type.descriptor.sql.BasicBinder      : binding parameter [26] as [VARCHAR] - [null]
2020-06-10 18:11:45.407 TRACE 55751 --- [    Test worker] o.h.type.descriptor.sql.BasicBinder      : binding parameter [27] as [VARCHAR] - [null]
2020-06-10 18:11:45.407 TRACE 55751 --- [    Test worker] o.h.type.descriptor.sql.BasicBinder      : binding parameter [28] as [VARCHAR] - [null]
2020-06-10 18:11:45.407 TRACE 55751 --- [    Test worker] o.h.type.descriptor.sql.BasicBinder      : binding parameter [29] as [DATE] - [null]
2020-06-10 18:11:45.407 TRACE 55751 --- [    Test worker] o.h.type.descriptor.sql.BasicBinder      : binding parameter [30] as [VARCHAR] - [null]
Hibernate: 
    insert 
    into
        organisaatio_nimi
        (id, version, alkupvm, nimi_mkt, organisaatio_id, paivittaja) 
    values
        (null, ?, ?, ?, ?, ?)
2020-06-10 18:11:45.408 TRACE 55751 --- [    Test worker] o.h.type.descriptor.sql.BasicBinder      : binding parameter [1] as [BIGINT] - [0]
2020-06-10 18:11:45.408 TRACE 55751 --- [    Test worker] o.h.type.descriptor.sql.BasicBinder      : binding parameter [2] as [DATE] - [Wed Jun 10 18:11:45 EEST 2020]
2020-06-10 18:11:45.408 TRACE 55751 --- [    Test worker] o.h.type.descriptor.sql.BasicBinder      : binding parameter [3] as [BIGINT] - [1033]
2020-06-10 18:11:45.408 TRACE 55751 --- [    Test worker] o.h.type.descriptor.sql.BasicBinder      : binding parameter [4] as [BIGINT] - [26]
2020-06-10 18:11:45.408 TRACE 55751 --- [    Test worker] o.h.type.descriptor.sql.BasicBinder      : binding parameter [5] as [VARCHAR] - [null]
Hibernate: 
    insert 
    into
        yhteystieto
        (id, version, kieli, organisaatio_id, yhteystieto_oid, coordinatetype, extrarivi, lat, lng, maa, osavaltio, osoite, osoite_tyyppi, postinumero, postitoimipaikka, ytjpaivityspvm, dtype) 
    values
        (null, ?, ?, ?, ?, ?, ?, ?, ?, ?, ?, ?, ?, ?, ?, ?, 'Osoite')
2020-06-10 18:11:45.409 TRACE 55751 --- [    Test worker] o.h.type.descriptor.sql.BasicBinder      : binding parameter [1] as [BIGINT] - [0]
2020-06-10 18:11:45.409 TRACE 55751 --- [    Test worker] o.h.type.descriptor.sql.BasicBinder      : binding parameter [2] as [VARCHAR] - [kieli_fi#1]
2020-06-10 18:11:45.409 TRACE 55751 --- [    Test worker] o.h.type.descriptor.sql.BasicBinder      : binding parameter [3] as [BIGINT] - [26]
2020-06-10 18:11:45.409 TRACE 55751 --- [    Test worker] o.h.type.descriptor.sql.BasicBinder      : binding parameter [4] as [VARCHAR] - [1.2.246.562.5.97766767586]
2020-06-10 18:11:45.409 TRACE 55751 --- [    Test worker] o.h.type.descriptor.sql.BasicBinder      : binding parameter [5] as [VARCHAR] - [null]
2020-06-10 18:11:45.409 TRACE 55751 --- [    Test worker] o.h.type.descriptor.sql.BasicBinder      : binding parameter [6] as [VARCHAR] - [null]
2020-06-10 18:11:45.409 TRACE 55751 --- [    Test worker] o.h.type.descriptor.sql.BasicBinder      : binding parameter [7] as [DOUBLE] - [null]
2020-06-10 18:11:45.409 TRACE 55751 --- [    Test worker] o.h.type.descriptor.sql.BasicBinder      : binding parameter [8] as [DOUBLE] - [null]
2020-06-10 18:11:45.409 TRACE 55751 --- [    Test worker] o.h.type.descriptor.sql.BasicBinder      : binding parameter [9] as [VARCHAR] - [null]
2020-06-10 18:11:45.409 TRACE 55751 --- [    Test worker] o.h.type.descriptor.sql.BasicBinder      : binding parameter [10] as [VARCHAR] - [null]
2020-06-10 18:11:45.409 TRACE 55751 --- [    Test worker] o.h.type.descriptor.sql.BasicBinder      : binding parameter [11] as [VARCHAR] - [Postiosoite 1A]
2020-06-10 18:11:45.409 TRACE 55751 --- [    Test worker] o.h.type.descriptor.sql.BasicBinder      : binding parameter [12] as [VARCHAR] - [posti]
2020-06-10 18:11:45.409 TRACE 55751 --- [    Test worker] o.h.type.descriptor.sql.BasicBinder      : binding parameter [13] as [VARCHAR] - [00550]
2020-06-10 18:11:45.409 TRACE 55751 --- [    Test worker] o.h.type.descriptor.sql.BasicBinder      : binding parameter [14] as [VARCHAR] - [Helsinki]
2020-06-10 18:11:45.409 TRACE 55751 --- [    Test worker] o.h.type.descriptor.sql.BasicBinder      : binding parameter [15] as [DATE] - [null]
Hibernate: 
    insert 
    into
        yhteystieto
        (id, version, kieli, organisaatio_id, yhteystieto_oid, email, dtype) 
    values
        (null, ?, ?, ?, ?, ?, 'Email')
2020-06-10 18:11:45.409 TRACE 55751 --- [    Test worker] o.h.type.descriptor.sql.BasicBinder      : binding parameter [1] as [BIGINT] - [0]
2020-06-10 18:11:45.409 TRACE 55751 --- [    Test worker] o.h.type.descriptor.sql.BasicBinder      : binding parameter [2] as [VARCHAR] - [kieli_fi#1]
2020-06-10 18:11:45.409 TRACE 55751 --- [    Test worker] o.h.type.descriptor.sql.BasicBinder      : binding parameter [3] as [BIGINT] - [26]
2020-06-10 18:11:45.409 TRACE 55751 --- [    Test worker] o.h.type.descriptor.sql.BasicBinder      : binding parameter [4] as [VARCHAR] - [15918019050230.9780198881778178]
2020-06-10 18:11:45.409 TRACE 55751 --- [    Test worker] o.h.type.descriptor.sql.BasicBinder      : binding parameter [5] as [VARCHAR] - [asd@asd.asd]
Hibernate: 
    insert 
    into
        yhteystieto
        (id, version, kieli, organisaatio_id, yhteystieto_oid, coordinatetype, extrarivi, lat, lng, maa, osavaltio, osoite, osoite_tyyppi, postinumero, postitoimipaikka, ytjpaivityspvm, dtype) 
    values
        (null, ?, ?, ?, ?, ?, ?, ?, ?, ?, ?, ?, ?, ?, ?, ?, 'Osoite')
2020-06-10 18:11:45.410 TRACE 55751 --- [    Test worker] o.h.type.descriptor.sql.BasicBinder      : binding parameter [1] as [BIGINT] - [0]
2020-06-10 18:11:45.410 TRACE 55751 --- [    Test worker] o.h.type.descriptor.sql.BasicBinder      : binding parameter [2] as [VARCHAR] - [kieli_fi#1]
2020-06-10 18:11:45.410 TRACE 55751 --- [    Test worker] o.h.type.descriptor.sql.BasicBinder      : binding parameter [3] as [BIGINT] - [26]
2020-06-10 18:11:45.410 TRACE 55751 --- [    Test worker] o.h.type.descriptor.sql.BasicBinder      : binding parameter [4] as [VARCHAR] - [1.2.246.562.5.47598576827]
2020-06-10 18:11:45.410 TRACE 55751 --- [    Test worker] o.h.type.descriptor.sql.BasicBinder      : binding parameter [5] as [VARCHAR] - [null]
2020-06-10 18:11:45.410 TRACE 55751 --- [    Test worker] o.h.type.descriptor.sql.BasicBinder      : binding parameter [6] as [VARCHAR] - [null]
2020-06-10 18:11:45.410 TRACE 55751 --- [    Test worker] o.h.type.descriptor.sql.BasicBinder      : binding parameter [7] as [DOUBLE] - [null]
2020-06-10 18:11:45.410 TRACE 55751 --- [    Test worker] o.h.type.descriptor.sql.BasicBinder      : binding parameter [8] as [DOUBLE] - [null]
2020-06-10 18:11:45.410 TRACE 55751 --- [    Test worker] o.h.type.descriptor.sql.BasicBinder      : binding parameter [9] as [VARCHAR] - [null]
2020-06-10 18:11:45.410 TRACE 55751 --- [    Test worker] o.h.type.descriptor.sql.BasicBinder      : binding parameter [10] as [VARCHAR] - [null]
2020-06-10 18:11:45.410 TRACE 55751 --- [    Test worker] o.h.type.descriptor.sql.BasicBinder      : binding parameter [11] as [VARCHAR] - [Kayntiosoite 2B]
2020-06-10 18:11:45.410 TRACE 55751 --- [    Test worker] o.h.type.descriptor.sql.BasicBinder      : binding parameter [12] as [VARCHAR] - [kaynti]
2020-06-10 18:11:45.410 TRACE 55751 --- [    Test worker] o.h.type.descriptor.sql.BasicBinder      : binding parameter [13] as [VARCHAR] - [posti_00550]
2020-06-10 18:11:45.410 TRACE 55751 --- [    Test worker] o.h.type.descriptor.sql.BasicBinder      : binding parameter [14] as [VARCHAR] - [Helsinki]
2020-06-10 18:11:45.410 TRACE 55751 --- [    Test worker] o.h.type.descriptor.sql.BasicBinder      : binding parameter [15] as [DATE] - [null]
Hibernate: 
    insert 
    into
        yhteystieto
        (id, version, kieli, organisaatio_id, yhteystieto_oid, www_osoite, dtype) 
    values
        (null, ?, ?, ?, ?, ?, 'Www')
2020-06-10 18:11:45.411 TRACE 55751 --- [    Test worker] o.h.type.descriptor.sql.BasicBinder      : binding parameter [1] as [BIGINT] - [0]
2020-06-10 18:11:45.411 TRACE 55751 --- [    Test worker] o.h.type.descriptor.sql.BasicBinder      : binding parameter [2] as [VARCHAR] - [kieli_fi#1]
2020-06-10 18:11:45.411 TRACE 55751 --- [    Test worker] o.h.type.descriptor.sql.BasicBinder      : binding parameter [3] as [BIGINT] - [26]
2020-06-10 18:11:45.411 TRACE 55751 --- [    Test worker] o.h.type.descriptor.sql.BasicBinder      : binding parameter [4] as [VARCHAR] - [15918019050230.6760488598324672]
2020-06-10 18:11:45.411 TRACE 55751 --- [    Test worker] o.h.type.descriptor.sql.BasicBinder      : binding parameter [5] as [VARCHAR] - [http://test.oph.fi]
Hibernate: 
    insert 
    into
        yhteystieto
        (id, version, kieli, organisaatio_id, yhteystieto_oid, puhelinnumero, tyyppi, dtype) 
    values
        (null, ?, ?, ?, ?, ?, ?, 'Puhelinnumero')
2020-06-10 18:11:45.411 TRACE 55751 --- [    Test worker] o.h.type.descriptor.sql.BasicBinder      : binding parameter [1] as [BIGINT] - [0]
2020-06-10 18:11:45.411 TRACE 55751 --- [    Test worker] o.h.type.descriptor.sql.BasicBinder      : binding parameter [2] as [VARCHAR] - [kieli_fi#1]
2020-06-10 18:11:45.411 TRACE 55751 --- [    Test worker] o.h.type.descriptor.sql.BasicBinder      : binding parameter [3] as [BIGINT] - [26]
2020-06-10 18:11:45.411 TRACE 55751 --- [    Test worker] o.h.type.descriptor.sql.BasicBinder      : binding parameter [4] as [VARCHAR] - [1.2.246.562.5.31978179209]
2020-06-10 18:11:45.412 TRACE 55751 --- [    Test worker] o.h.type.descriptor.sql.BasicBinder      : binding parameter [5] as [VARCHAR] - [123]
2020-06-10 18:11:45.412 TRACE 55751 --- [    Test worker] o.h.type.descriptor.sql.BasicBinder      : binding parameter [6] as [VARCHAR] - [puhelin]
Hibernate: 
    update
        organisaatio 
    set
        version=?,
        alkupvm=?,
        domainnimi=?,
        kotipaikka=?,
        kuvaus_mkt=?,
        lakkautuspvm=?,
        maa=?,
        metadata_id=?,
        nimi_mkt=?,
        nimihaku=?,
        oid=?,
        opetuspisteenjarjnro=?,
        oppilaitoskoodi=?,
        oppilaitos_tyyppi=?,
        organisaatio_poistettu=?,
        paivittaja=?,
        paivityspvm=?,
        parentidpath=?,
        parentoidpath=?,
        piilotettu=?,
        tarkastus_pvm=?,
        toimipistekoodi=?,
        tuontipvm=?,
        varhaiskasvatuksen_toimipaikka_tiedot_id=?,
        virastotunnus=?,
        yhteishaunkoulukoodi=?,
        yritysmuoto=?,
        ytj_kieli=?,
        ytjpaivityspvm=?,
        ytunnus=? 
    where
        id=? 
        and version=?
2020-06-10 18:11:45.413 TRACE 55751 --- [    Test worker] o.h.type.descriptor.sql.BasicBinder      : binding parameter [1] as [BIGINT] - [1]
2020-06-10 18:11:45.413 TRACE 55751 --- [    Test worker] o.h.type.descriptor.sql.BasicBinder      : binding parameter [2] as [DATE] - [Fri Dec 31 00:00:00 EET 1999]
2020-06-10 18:11:45.413 TRACE 55751 --- [    Test worker] o.h.type.descriptor.sql.BasicBinder      : binding parameter [3] as [VARCHAR] - [null]
2020-06-10 18:11:45.413 TRACE 55751 --- [    Test worker] o.h.type.descriptor.sql.BasicBinder      : binding parameter [4] as [VARCHAR] - [kunta_092]
2020-06-10 18:11:45.413 TRACE 55751 --- [    Test worker] o.h.type.descriptor.sql.BasicBinder      : binding parameter [5] as [BIGINT] - [1032]
2020-06-10 18:11:45.413 TRACE 55751 --- [    Test worker] o.h.type.descriptor.sql.BasicBinder      : binding parameter [6] as [DATE] - [null]
2020-06-10 18:11:45.413 TRACE 55751 --- [    Test worker] o.h.type.descriptor.sql.BasicBinder      : binding parameter [7] as [VARCHAR] - [maatjavaltiot1_fin]
2020-06-10 18:11:45.413 TRACE 55751 --- [    Test worker] o.h.type.descriptor.sql.BasicBinder      : binding parameter [8] as [BIGINT] - [null]
2020-06-10 18:11:45.413 TRACE 55751 --- [    Test worker] o.h.type.descriptor.sql.BasicBinder      : binding parameter [9] as [BIGINT] - [1033]
2020-06-10 18:11:45.413 TRACE 55751 --- [    Test worker] o.h.type.descriptor.sql.BasicBinder      : binding parameter [10] as [VARCHAR] - [,koulutustoimija1]
2020-06-10 18:11:45.413 TRACE 55751 --- [    Test worker] o.h.type.descriptor.sql.BasicBinder      : binding parameter [11] as [VARCHAR] - [koulutustoimija1]
2020-06-10 18:11:45.413 TRACE 55751 --- [    Test worker] o.h.type.descriptor.sql.BasicBinder      : binding parameter [12] as [VARCHAR] - [null]
2020-06-10 18:11:45.413 TRACE 55751 --- [    Test worker] o.h.type.descriptor.sql.BasicBinder      : binding parameter [13] as [VARCHAR] - [null]
2020-06-10 18:11:45.413 TRACE 55751 --- [    Test worker] o.h.type.descriptor.sql.BasicBinder      : binding parameter [14] as [VARCHAR] - [null]
2020-06-10 18:11:45.413 TRACE 55751 --- [    Test worker] o.h.type.descriptor.sql.BasicBinder      : binding parameter [15] as [BOOLEAN] - [false]
2020-06-10 18:11:45.413 TRACE 55751 --- [    Test worker] o.h.type.descriptor.sql.BasicBinder      : binding parameter [16] as [VARCHAR] - [ophadmin]
2020-06-10 18:11:45.414 TRACE 55751 --- [    Test worker] o.h.type.descriptor.sql.BasicBinder      : binding parameter [17] as [TIMESTAMP] - [Wed Jun 10 18:11:45 EEST 2020]
2020-06-10 18:11:45.414 TRACE 55751 --- [    Test worker] o.h.type.descriptor.sql.BasicBinder      : binding parameter [18] as [VARCHAR] - [|1|]
2020-06-10 18:11:45.414 TRACE 55751 --- [    Test worker] o.h.type.descriptor.sql.BasicBinder      : binding parameter [19] as [VARCHAR] - [|1.2.246.562.24.00000000001|]
2020-06-10 18:11:45.414 TRACE 55751 --- [    Test worker] o.h.type.descriptor.sql.BasicBinder      : binding parameter [20] as [BOOLEAN] - [false]
2020-06-10 18:11:45.414 TRACE 55751 --- [    Test worker] o.h.type.descriptor.sql.BasicBinder      : binding parameter [21] as [TIMESTAMP] - [null]
2020-06-10 18:11:45.414 TRACE 55751 --- [    Test worker] o.h.type.descriptor.sql.BasicBinder      : binding parameter [22] as [VARCHAR] - []
2020-06-10 18:11:45.414 TRACE 55751 --- [    Test worker] o.h.type.descriptor.sql.BasicBinder      : binding parameter [23] as [TIMESTAMP] - [null]
2020-06-10 18:11:45.414 TRACE 55751 --- [    Test worker] o.h.type.descriptor.sql.BasicBinder      : binding parameter [24] as [BIGINT] - [null]
2020-06-10 18:11:45.414 TRACE 55751 --- [    Test worker] o.h.type.descriptor.sql.BasicBinder      : binding parameter [25] as [VARCHAR] - [null]
2020-06-10 18:11:45.414 TRACE 55751 --- [    Test worker] o.h.type.descriptor.sql.BasicBinder      : binding parameter [26] as [VARCHAR] - [null]
2020-06-10 18:11:45.414 TRACE 55751 --- [    Test worker] o.h.type.descriptor.sql.BasicBinder      : binding parameter [27] as [VARCHAR] - [null]
2020-06-10 18:11:45.414 TRACE 55751 --- [    Test worker] o.h.type.descriptor.sql.BasicBinder      : binding parameter [28] as [VARCHAR] - [null]
2020-06-10 18:11:45.414 TRACE 55751 --- [    Test worker] o.h.type.descriptor.sql.BasicBinder      : binding parameter [29] as [DATE] - [null]
2020-06-10 18:11:45.414 TRACE 55751 --- [    Test worker] o.h.type.descriptor.sql.BasicBinder      : binding parameter [30] as [VARCHAR] - [null]
2020-06-10 18:11:45.414 TRACE 55751 --- [    Test worker] o.h.type.descriptor.sql.BasicBinder      : binding parameter [31] as [BIGINT] - [26]
2020-06-10 18:11:45.414 TRACE 55751 --- [    Test worker] o.h.type.descriptor.sql.BasicBinder      : binding parameter [32] as [BIGINT] - [0]
Hibernate: 
    insert 
    into
        organisaatio_kielet
        (organisaatio_id, kielet) 
    values
        (?, ?)
2020-06-10 18:11:45.414 TRACE 55751 --- [    Test worker] o.h.type.descriptor.sql.BasicBinder      : binding parameter [1] as [BIGINT] - [26]
2020-06-10 18:11:45.414 TRACE 55751 --- [    Test worker] o.h.type.descriptor.sql.BasicBinder      : binding parameter [2] as [VARCHAR] - [oppilaitoksenopetuskieli_1#1]
Hibernate: 
    insert 
    into
        organisaatio_tyypit
        (organisaatio_id, tyypit) 
    values
        (?, ?)
2020-06-10 18:11:45.414 TRACE 55751 --- [    Test worker] o.h.type.descriptor.sql.BasicBinder      : binding parameter [1] as [BIGINT] - [26]
2020-06-10 18:11:45.414 TRACE 55751 --- [    Test worker] o.h.type.descriptor.sql.BasicBinder      : binding parameter [2] as [VARCHAR] - [organisaatiotyyppi_01]
Hibernate: 
    insert 
    into
        monikielinen_teksti_values
        (id, key, value) 
    values
        (?, ?, ?)
2020-06-10 18:11:45.415 TRACE 55751 --- [    Test worker] o.h.type.descriptor.sql.BasicBinder      : binding parameter [1] as [BIGINT] - [1033]
2020-06-10 18:11:45.415 TRACE 55751 --- [    Test worker] o.h.type.descriptor.sql.BasicBinder      : binding parameter [2] as [VARCHAR] - [fi]
2020-06-10 18:11:45.415 TRACE 55751 --- [    Test worker] o.h.type.descriptor.sql.BasicBinder      : binding parameter [3] as [VARCHAR] - [koulutustoimija1]
Hibernate: 
    select
        organisaat0_.id as id1_5_,
        organisaat0_.version as version2_5_,
        organisaat0_.alkupvm as alkupvm3_5_,
        organisaat0_.domainnimi as domainni4_5_,
        organisaat0_.kotipaikka as kotipaik5_5_,
        organisaat0_.kuvaus_mkt as kuvaus_28_5_,
        organisaat0_.lakkautuspvm as lakkautu6_5_,
        organisaat0_.maa as maa7_5_,
        organisaat0_.metadata_id as metadat29_5_,
        organisaat0_.nimi_mkt as nimi_mk30_5_,
        organisaat0_.nimihaku as nimihaku8_5_,
        organisaat0_.oid as oid9_5_,
        organisaat0_.opetuspisteenjarjnro as opetusp10_5_,
        organisaat0_.oppilaitoskoodi as oppilai11_5_,
        organisaat0_.oppilaitos_tyyppi as oppilai12_5_,
        organisaat0_.organisaatio_poistettu as organis13_5_,
        organisaat0_.paivittaja as paivitt14_5_,
        organisaat0_.paivityspvm as paivity15_5_,
        organisaat0_.parentidpath as parenti16_5_,
        organisaat0_.parentoidpath as parento17_5_,
        organisaat0_.piilotettu as piilote18_5_,
        organisaat0_.tarkastus_pvm as tarkast19_5_,
        organisaat0_.toimipistekoodi as toimipi20_5_,
        organisaat0_.tuontipvm as tuontip21_5_,
        organisaat0_.varhaiskasvatuksen_toimipaikka_tiedot_id as varhais31_5_,
        organisaat0_.virastotunnus as virasto22_5_,
        organisaat0_.yhteishaunkoulukoodi as yhteish23_5_,
        organisaat0_.yritysmuoto as yritysm24_5_,
        organisaat0_.ytj_kieli as ytj_kie25_5_,
        organisaat0_.ytjpaivityspvm as ytjpaiv26_5_,
        organisaat0_.ytunnus as ytunnus27_5_ 
    from
        organisaatio organisaat0_ 
    where
        organisaat0_.oid=?
2020-06-10 18:11:45.415 TRACE 55751 --- [    Test worker] o.h.type.descriptor.sql.BasicBinder      : binding parameter [1] as [VARCHAR] - [1.2.246.562.24.00000000001]
2020-06-10 18:11:45.415 TRACE 55751 --- [    Test worker] o.h.type.descriptor.sql.BasicExtractor   : extracted value ([id1_5_] : [BIGINT]) - [1]
2020-06-10 18:11:45.415  INFO 55751 --- [    Test worker] .s.o.r.i.OrganisaatioSuhdeRepositoryImpl : findParentTo(26, Wed Jun 10 18:11:45 EEST 2020)
Hibernate: 
    select
        organisaat0_.id as id1_19_0_,
        organisaat1_.id as id1_5_1_,
        organisaat0_.version as version2_19_0_,
        organisaat0_.alkupvm as alkupvm3_19_0_,
        organisaat0_.child_id as child_id7_19_0_,
        organisaat0_.loppupvm as loppupvm4_19_0_,
        organisaat0_.opetuspisteenjarjnro as opetuspi5_19_0_,
        organisaat0_.parent_id as parent_i8_19_0_,
        organisaat0_.suhdetyyppi as suhdetyy6_19_0_,
        organisaat1_.version as version2_5_1_,
        organisaat1_.alkupvm as alkupvm3_5_1_,
        organisaat1_.domainnimi as domainni4_5_1_,
        organisaat1_.kotipaikka as kotipaik5_5_1_,
        organisaat1_.kuvaus_mkt as kuvaus_28_5_1_,
        organisaat1_.lakkautuspvm as lakkautu6_5_1_,
        organisaat1_.maa as maa7_5_1_,
        organisaat1_.metadata_id as metadat29_5_1_,
        organisaat1_.nimi_mkt as nimi_mk30_5_1_,
        organisaat1_.nimihaku as nimihaku8_5_1_,
        organisaat1_.oid as oid9_5_1_,
        organisaat1_.opetuspisteenjarjnro as opetusp10_5_1_,
        organisaat1_.oppilaitoskoodi as oppilai11_5_1_,
        organisaat1_.oppilaitos_tyyppi as oppilai12_5_1_,
        organisaat1_.organisaatio_poistettu as organis13_5_1_,
        organisaat1_.paivittaja as paivitt14_5_1_,
        organisaat1_.paivityspvm as paivity15_5_1_,
        organisaat1_.parentidpath as parenti16_5_1_,
        organisaat1_.parentoidpath as parento17_5_1_,
        organisaat1_.piilotettu as piilote18_5_1_,
        organisaat1_.tarkastus_pvm as tarkast19_5_1_,
        organisaat1_.toimipistekoodi as toimipi20_5_1_,
        organisaat1_.tuontipvm as tuontip21_5_1_,
        organisaat1_.varhaiskasvatuksen_toimipaikka_tiedot_id as varhais31_5_1_,
        organisaat1_.virastotunnus as virasto22_5_1_,
        organisaat1_.yhteishaunkoulukoodi as yhteish23_5_1_,
        organisaat1_.yritysmuoto as yritysm24_5_1_,
        organisaat1_.ytj_kieli as ytj_kie25_5_1_,
        organisaat1_.ytjpaivityspvm as ytjpaiv26_5_1_,
        organisaat1_.ytunnus as ytunnus27_5_1_ 
    from
        organisaatiosuhde organisaat0_ 
    inner join
        organisaatio organisaat1_ 
            on organisaat0_.parent_id=organisaat1_.id 
    where
        organisaat0_.child_id=? 
        and organisaat0_.suhdetyyppi=? 
        and (
            organisaat0_.alkupvm=? 
            or organisaat0_.alkupvm<?
        ) 
        and (
            organisaat0_.loppupvm is null 
            or organisaat0_.loppupvm>?
        ) 
        and organisaat1_.organisaatio_poistettu=? 
    order by
        organisaat0_.alkupvm desc
2020-06-10 18:11:45.417 TRACE 55751 --- [    Test worker] o.h.type.descriptor.sql.BasicBinder      : binding parameter [1] as [BIGINT] - [26]
2020-06-10 18:11:45.417 TRACE 55751 --- [    Test worker] o.h.type.descriptor.sql.BasicBinder      : binding parameter [2] as [VARCHAR] - [HISTORIA]
2020-06-10 18:11:45.417 TRACE 55751 --- [    Test worker] o.h.type.descriptor.sql.BasicBinder      : binding parameter [3] as [DATE] - [Wed Jun 10 18:11:45 EEST 2020]
2020-06-10 18:11:45.417 TRACE 55751 --- [    Test worker] o.h.type.descriptor.sql.BasicBinder      : binding parameter [4] as [DATE] - [Wed Jun 10 18:11:45 EEST 2020]
2020-06-10 18:11:45.417 TRACE 55751 --- [    Test worker] o.h.type.descriptor.sql.BasicBinder      : binding parameter [5] as [DATE] - [Wed Jun 10 18:11:45 EEST 2020]
2020-06-10 18:11:45.417 TRACE 55751 --- [    Test worker] o.h.type.descriptor.sql.BasicBinder      : binding parameter [6] as [BOOLEAN] - [false]
2020-06-10 18:11:45.417  INFO 55751 --- [    Test worker] .s.o.r.i.OrganisaatioSuhdeRepositoryImpl : addChild(1, 26, Wed Jun 10 18:11:45 EEST 2020)
Hibernate: 
    insert 
    into
        organisaatiosuhde
        (id, version, alkupvm, child_id, loppupvm, opetuspisteenjarjnro, parent_id, suhdetyyppi) 
    values
        (null, ?, ?, ?, ?, ?, ?, ?)
2020-06-10 18:11:45.418 TRACE 55751 --- [    Test worker] o.h.type.descriptor.sql.BasicBinder      : binding parameter [1] as [BIGINT] - [0]
2020-06-10 18:11:45.418 TRACE 55751 --- [    Test worker] o.h.type.descriptor.sql.BasicBinder      : binding parameter [2] as [DATE] - [Wed Jun 10 18:11:45 EEST 2020]
2020-06-10 18:11:45.418 TRACE 55751 --- [    Test worker] o.h.type.descriptor.sql.BasicBinder      : binding parameter [3] as [BIGINT] - [26]
2020-06-10 18:11:45.418 TRACE 55751 --- [    Test worker] o.h.type.descriptor.sql.BasicBinder      : binding parameter [4] as [DATE] - [null]
2020-06-10 18:11:45.418 TRACE 55751 --- [    Test worker] o.h.type.descriptor.sql.BasicBinder      : binding parameter [5] as [VARCHAR] - [null]
2020-06-10 18:11:45.418 TRACE 55751 --- [    Test worker] o.h.type.descriptor.sql.BasicBinder      : binding parameter [6] as [BIGINT] - [1]
2020-06-10 18:11:45.418 TRACE 55751 --- [    Test worker] o.h.type.descriptor.sql.BasicBinder      : binding parameter [7] as [VARCHAR] - [HISTORIA]
2020-06-10 18:11:45.418  INFO 55751 --- [    Test worker] .s.o.r.i.OrganisaatioSuhdeRepositoryImpl :     Created new child relation:  --> pId=1, cId=26, aPvm=Wed Jun 10 18:11:45 EEST 2020, lPvm=null
Hibernate: 
    select
        organisaat0_.id as id1_19_,
        organisaat0_.version as version2_19_,
        organisaat0_.alkupvm as alkupvm3_19_,
        organisaat0_.child_id as child_id7_19_,
        organisaat0_.loppupvm as loppupvm4_19_,
        organisaat0_.opetuspisteenjarjnro as opetuspi5_19_,
        organisaat0_.parent_id as parent_i8_19_,
        organisaat0_.suhdetyyppi as suhdetyy6_19_ 
    from
        organisaatiosuhde organisaat0_ 
    where
        organisaat0_.child_id=?
2020-06-10 18:11:45.419 TRACE 55751 --- [    Test worker] o.h.type.descriptor.sql.BasicBinder      : binding parameter [1] as [BIGINT] - [26]
2020-06-10 18:11:45.419 TRACE 55751 --- [    Test worker] o.h.type.descriptor.sql.BasicExtractor   : extracted value ([id1_19_] : [BIGINT]) - [29]
Hibernate: 
    select
        organisaat0_.id as id1_5_,
        organisaat0_.version as version2_5_,
        organisaat0_.alkupvm as alkupvm3_5_,
        organisaat0_.domainnimi as domainni4_5_,
        organisaat0_.kotipaikka as kotipaik5_5_,
        organisaat0_.kuvaus_mkt as kuvaus_28_5_,
        organisaat0_.lakkautuspvm as lakkautu6_5_,
        organisaat0_.maa as maa7_5_,
        organisaat0_.metadata_id as metadat29_5_,
        organisaat0_.nimi_mkt as nimi_mk30_5_,
        organisaat0_.nimihaku as nimihaku8_5_,
        organisaat0_.oid as oid9_5_,
        organisaat0_.opetuspisteenjarjnro as opetusp10_5_,
        organisaat0_.oppilaitoskoodi as oppilai11_5_,
        organisaat0_.oppilaitos_tyyppi as oppilai12_5_,
        organisaat0_.organisaatio_poistettu as organis13_5_,
        organisaat0_.paivittaja as paivitt14_5_,
        organisaat0_.paivityspvm as paivity15_5_,
        organisaat0_.parentidpath as parenti16_5_,
        organisaat0_.parentoidpath as parento17_5_,
        organisaat0_.piilotettu as piilote18_5_,
        organisaat0_.tarkastus_pvm as tarkast19_5_,
        organisaat0_.toimipistekoodi as toimipi20_5_,
        organisaat0_.tuontipvm as tuontip21_5_,
        organisaat0_.varhaiskasvatuksen_toimipaikka_tiedot_id as varhais31_5_,
        organisaat0_.virastotunnus as virasto22_5_,
        organisaat0_.yhteishaunkoulukoodi as yhteish23_5_,
        organisaat0_.yritysmuoto as yritysm24_5_,
        organisaat0_.ytj_kieli as ytj_kie25_5_,
        organisaat0_.ytjpaivityspvm as ytjpaiv26_5_,
        organisaat0_.ytunnus as ytunnus27_5_ 
    from
        organisaatio organisaat0_ 
    where
        organisaat0_.oid=?
2020-06-10 18:11:45.420 TRACE 55751 --- [    Test worker] o.h.type.descriptor.sql.BasicBinder      : binding parameter [1] as [VARCHAR] - [koulutustoimija1]
2020-06-10 18:11:45.420 TRACE 55751 --- [    Test worker] o.h.type.descriptor.sql.BasicExtractor   : extracted value ([id1_5_] : [BIGINT]) - [26]
Hibernate: 
    select
        organisaat0_.id as id1_5_,
        organisaat0_.version as version2_5_,
        organisaat0_.alkupvm as alkupvm3_5_,
        organisaat0_.domainnimi as domainni4_5_,
        organisaat0_.kotipaikka as kotipaik5_5_,
        organisaat0_.kuvaus_mkt as kuvaus_28_5_,
        organisaat0_.lakkautuspvm as lakkautu6_5_,
        organisaat0_.maa as maa7_5_,
        organisaat0_.metadata_id as metadat29_5_,
        organisaat0_.nimi_mkt as nimi_mk30_5_,
        organisaat0_.nimihaku as nimihaku8_5_,
        organisaat0_.oid as oid9_5_,
        organisaat0_.opetuspisteenjarjnro as opetusp10_5_,
        organisaat0_.oppilaitoskoodi as oppilai11_5_,
        organisaat0_.oppilaitos_tyyppi as oppilai12_5_,
        organisaat0_.organisaatio_poistettu as organis13_5_,
        organisaat0_.paivittaja as paivitt14_5_,
        organisaat0_.paivityspvm as paivity15_5_,
        organisaat0_.parentidpath as parenti16_5_,
        organisaat0_.parentoidpath as parento17_5_,
        organisaat0_.piilotettu as piilote18_5_,
        organisaat0_.tarkastus_pvm as tarkast19_5_,
        organisaat0_.toimipistekoodi as toimipi20_5_,
        organisaat0_.tuontipvm as tuontip21_5_,
        organisaat0_.varhaiskasvatuksen_toimipaikka_tiedot_id as varhais31_5_,
        organisaat0_.virastotunnus as virasto22_5_,
        organisaat0_.yhteishaunkoulukoodi as yhteish23_5_,
        organisaat0_.yritysmuoto as yritysm24_5_,
        organisaat0_.ytj_kieli as ytj_kie25_5_,
        organisaat0_.ytjpaivityspvm as ytjpaiv26_5_,
        organisaat0_.ytunnus as ytunnus27_5_ 
    from
        organisaatio organisaat0_ 
    where
        organisaat0_.oid=?
2020-06-10 18:11:45.422 TRACE 55751 --- [    Test worker] o.h.type.descriptor.sql.BasicBinder      : binding parameter [1] as [VARCHAR] - [koulutustoimija2]
2020-06-10 18:11:45.674  WARN 55751 --- [    Test worker] fi.vm.sade.javautils.http.OphHttpClient  : Failed to CAS authenticate. Renewing proxy ticket.
Hibernate: 
    select
        organisaat0_.id as id1_5_,
        organisaat0_.version as version2_5_,
        organisaat0_.alkupvm as alkupvm3_5_,
        organisaat0_.domainnimi as domainni4_5_,
        organisaat0_.kotipaikka as kotipaik5_5_,
        organisaat0_.kuvaus_mkt as kuvaus_28_5_,
        organisaat0_.lakkautuspvm as lakkautu6_5_,
        organisaat0_.maa as maa7_5_,
        organisaat0_.metadata_id as metadat29_5_,
        organisaat0_.nimi_mkt as nimi_mk30_5_,
        organisaat0_.nimihaku as nimihaku8_5_,
        organisaat0_.oid as oid9_5_,
        organisaat0_.opetuspisteenjarjnro as opetusp10_5_,
        organisaat0_.oppilaitoskoodi as oppilai11_5_,
        organisaat0_.oppilaitos_tyyppi as oppilai12_5_,
        organisaat0_.organisaatio_poistettu as organis13_5_,
        organisaat0_.paivittaja as paivitt14_5_,
        organisaat0_.paivityspvm as paivity15_5_,
        organisaat0_.parentidpath as parenti16_5_,
        organisaat0_.parentoidpath as parento17_5_,
        organisaat0_.piilotettu as piilote18_5_,
        organisaat0_.tarkastus_pvm as tarkast19_5_,
        organisaat0_.toimipistekoodi as toimipi20_5_,
        organisaat0_.tuontipvm as tuontip21_5_,
        organisaat0_.varhaiskasvatuksen_toimipaikka_tiedot_id as varhais31_5_,
        organisaat0_.virastotunnus as virasto22_5_,
        organisaat0_.yhteishaunkoulukoodi as yhteish23_5_,
        organisaat0_.yritysmuoto as yritysm24_5_,
        organisaat0_.ytj_kieli as ytj_kie25_5_,
        organisaat0_.ytjpaivityspvm as ytjpaiv26_5_,
        organisaat0_.ytunnus as ytunnus27_5_ 
    from
        organisaatio organisaat0_ 
    where
        organisaat0_.oid=?
2020-06-10 18:11:45.794 TRACE 55751 --- [    Test worker] o.h.type.descriptor.sql.BasicBinder      : binding parameter [1] as [VARCHAR] - [1.2.246.562.24.00000000001]
2020-06-10 18:11:45.795 TRACE 55751 --- [    Test worker] o.h.type.descriptor.sql.BasicExtractor   : extracted value ([id1_5_] : [BIGINT]) - [1]
Hibernate: 
    select
        organisaat0_.id as id1_5_,
        organisaat0_.version as version2_5_,
        organisaat0_.alkupvm as alkupvm3_5_,
        organisaat0_.domainnimi as domainni4_5_,
        organisaat0_.kotipaikka as kotipaik5_5_,
        organisaat0_.kuvaus_mkt as kuvaus_28_5_,
        organisaat0_.lakkautuspvm as lakkautu6_5_,
        organisaat0_.maa as maa7_5_,
        organisaat0_.metadata_id as metadat29_5_,
        organisaat0_.nimi_mkt as nimi_mk30_5_,
        organisaat0_.nimihaku as nimihaku8_5_,
        organisaat0_.oid as oid9_5_,
        organisaat0_.opetuspisteenjarjnro as opetusp10_5_,
        organisaat0_.oppilaitoskoodi as oppilai11_5_,
        organisaat0_.oppilaitos_tyyppi as oppilai12_5_,
        organisaat0_.organisaatio_poistettu as organis13_5_,
        organisaat0_.paivittaja as paivitt14_5_,
        organisaat0_.paivityspvm as paivity15_5_,
        organisaat0_.parentidpath as parenti16_5_,
        organisaat0_.parentoidpath as parento17_5_,
        organisaat0_.piilotettu as piilote18_5_,
        organisaat0_.tarkastus_pvm as tarkast19_5_,
        organisaat0_.toimipistekoodi as toimipi20_5_,
        organisaat0_.tuontipvm as tuontip21_5_,
        organisaat0_.varhaiskasvatuksen_toimipaikka_tiedot_id as varhais31_5_,
        organisaat0_.virastotunnus as virasto22_5_,
        organisaat0_.yhteishaunkoulukoodi as yhteish23_5_,
        organisaat0_.yritysmuoto as yritysm24_5_,
        organisaat0_.ytj_kieli as ytj_kie25_5_,
        organisaat0_.ytjpaivityspvm as ytjpaiv26_5_,
        organisaat0_.ytunnus as ytunnus27_5_ 
    from
        organisaatio organisaat0_ 
    where
        organisaat0_.oid=?
2020-06-10 18:11:45.796 TRACE 55751 --- [    Test worker] o.h.type.descriptor.sql.BasicBinder      : binding parameter [1] as [VARCHAR] - [1.2.246.562.24.00000000001]
2020-06-10 18:11:45.796 TRACE 55751 --- [    Test worker] o.h.type.descriptor.sql.BasicExtractor   : extracted value ([id1_5_] : [BIGINT]) - [1]
2020-06-10 18:11:45.796  WARN 55751 --- [    Test worker] .s.o.b.i.OrganisaatioBusinessServiceImpl : Oppilaitos not found in parents
Hibernate: 
    insert 
    into
        monikielinen_teksti
        (id, version) 
    values
        (null, ?)
2020-06-10 18:11:45.797 TRACE 55751 --- [    Test worker] o.h.type.descriptor.sql.BasicBinder      : binding parameter [1] as [BIGINT] - [0]
Hibernate: 
    insert 
    into
        monikielinen_teksti
        (id, version) 
    values
        (null, ?)
2020-06-10 18:11:45.797 TRACE 55751 --- [    Test worker] o.h.type.descriptor.sql.BasicBinder      : binding parameter [1] as [BIGINT] - [0]
Hibernate: 
    insert 
    into
        organisaatio
        (id, version, alkupvm, domainnimi, kotipaikka, kuvaus_mkt, lakkautuspvm, maa, metadata_id, nimi_mkt, nimihaku, oid, opetuspisteenjarjnro, oppilaitoskoodi, oppilaitos_tyyppi, organisaatio_poistettu, paivittaja, paivityspvm, parentidpath, parentoidpath, piilotettu, tarkastus_pvm, toimipistekoodi, tuontipvm, varhaiskasvatuksen_toimipaikka_tiedot_id, virastotunnus, yhteishaunkoulukoodi, yritysmuoto, ytj_kieli, ytjpaivityspvm, ytunnus) 
    values
        (null, ?, ?, ?, ?, ?, ?, ?, ?, ?, ?, ?, ?, ?, ?, ?, ?, ?, ?, ?, ?, ?, ?, ?, ?, ?, ?, ?, ?, ?, ?)
2020-06-10 18:11:45.797 TRACE 55751 --- [    Test worker] o.h.type.descriptor.sql.BasicBinder      : binding parameter [1] as [BIGINT] - [0]
2020-06-10 18:11:45.797 TRACE 55751 --- [    Test worker] o.h.type.descriptor.sql.BasicBinder      : binding parameter [2] as [DATE] - [Fri Dec 31 00:00:00 EET 1999]
2020-06-10 18:11:45.798 TRACE 55751 --- [    Test worker] o.h.type.descriptor.sql.BasicBinder      : binding parameter [3] as [VARCHAR] - [null]
2020-06-10 18:11:45.798 TRACE 55751 --- [    Test worker] o.h.type.descriptor.sql.BasicBinder      : binding parameter [4] as [VARCHAR] - [kunta_092]
2020-06-10 18:11:45.798 TRACE 55751 --- [    Test worker] o.h.type.descriptor.sql.BasicBinder      : binding parameter [5] as [BIGINT] - [1034]
2020-06-10 18:11:45.798 TRACE 55751 --- [    Test worker] o.h.type.descriptor.sql.BasicBinder      : binding parameter [6] as [DATE] - [null]
2020-06-10 18:11:45.798 TRACE 55751 --- [    Test worker] o.h.type.descriptor.sql.BasicBinder      : binding parameter [7] as [VARCHAR] - [maatjavaltiot1_fin]
2020-06-10 18:11:45.798 TRACE 55751 --- [    Test worker] o.h.type.descriptor.sql.BasicBinder      : binding parameter [8] as [BIGINT] - [null]
2020-06-10 18:11:45.798 TRACE 55751 --- [    Test worker] o.h.type.descriptor.sql.BasicBinder      : binding parameter [9] as [BIGINT] - [1035]
2020-06-10 18:11:45.798 TRACE 55751 --- [    Test worker] o.h.type.descriptor.sql.BasicBinder      : binding parameter [10] as [VARCHAR] - [,koulutustoimija2]
2020-06-10 18:11:45.798 TRACE 55751 --- [    Test worker] o.h.type.descriptor.sql.BasicBinder      : binding parameter [11] as [VARCHAR] - [koulutustoimija2]
2020-06-10 18:11:45.798 TRACE 55751 --- [    Test worker] o.h.type.descriptor.sql.BasicBinder      : binding parameter [12] as [VARCHAR] - [null]
2020-06-10 18:11:45.798 TRACE 55751 --- [    Test worker] o.h.type.descriptor.sql.BasicBinder      : binding parameter [13] as [VARCHAR] - [null]
2020-06-10 18:11:45.798 TRACE 55751 --- [    Test worker] o.h.type.descriptor.sql.BasicBinder      : binding parameter [14] as [VARCHAR] - [null]
2020-06-10 18:11:45.798 TRACE 55751 --- [    Test worker] o.h.type.descriptor.sql.BasicBinder      : binding parameter [15] as [BOOLEAN] - [false]
2020-06-10 18:11:45.798 TRACE 55751 --- [    Test worker] o.h.type.descriptor.sql.BasicBinder      : binding parameter [16] as [VARCHAR] - [ophadmin]
2020-06-10 18:11:45.798 TRACE 55751 --- [    Test worker] o.h.type.descriptor.sql.BasicBinder      : binding parameter [17] as [TIMESTAMP] - [Wed Jun 10 18:11:45 EEST 2020]
2020-06-10 18:11:45.798 TRACE 55751 --- [    Test worker] o.h.type.descriptor.sql.BasicBinder      : binding parameter [18] as [VARCHAR] - [|1|]
2020-06-10 18:11:45.798 TRACE 55751 --- [    Test worker] o.h.type.descriptor.sql.BasicBinder      : binding parameter [19] as [VARCHAR] - [|1.2.246.562.24.00000000001|]
2020-06-10 18:11:45.798 TRACE 55751 --- [    Test worker] o.h.type.descriptor.sql.BasicBinder      : binding parameter [20] as [BOOLEAN] - [false]
2020-06-10 18:11:45.798 TRACE 55751 --- [    Test worker] o.h.type.descriptor.sql.BasicBinder      : binding parameter [21] as [TIMESTAMP] - [null]
2020-06-10 18:11:45.798 TRACE 55751 --- [    Test worker] o.h.type.descriptor.sql.BasicBinder      : binding parameter [22] as [VARCHAR] - []
2020-06-10 18:11:45.798 TRACE 55751 --- [    Test worker] o.h.type.descriptor.sql.BasicBinder      : binding parameter [23] as [TIMESTAMP] - [null]
2020-06-10 18:11:45.798 TRACE 55751 --- [    Test worker] o.h.type.descriptor.sql.BasicBinder      : binding parameter [24] as [BIGINT] - [null]
2020-06-10 18:11:45.798 TRACE 55751 --- [    Test worker] o.h.type.descriptor.sql.BasicBinder      : binding parameter [25] as [VARCHAR] - [null]
2020-06-10 18:11:45.798 TRACE 55751 --- [    Test worker] o.h.type.descriptor.sql.BasicBinder      : binding parameter [26] as [VARCHAR] - [null]
2020-06-10 18:11:45.798 TRACE 55751 --- [    Test worker] o.h.type.descriptor.sql.BasicBinder      : binding parameter [27] as [VARCHAR] - [null]
2020-06-10 18:11:45.798 TRACE 55751 --- [    Test worker] o.h.type.descriptor.sql.BasicBinder      : binding parameter [28] as [VARCHAR] - [null]
2020-06-10 18:11:45.798 TRACE 55751 --- [    Test worker] o.h.type.descriptor.sql.BasicBinder      : binding parameter [29] as [DATE] - [null]
2020-06-10 18:11:45.798 TRACE 55751 --- [    Test worker] o.h.type.descriptor.sql.BasicBinder      : binding parameter [30] as [VARCHAR] - [null]
Hibernate: 
    insert 
    into
        organisaatio_nimi
        (id, version, alkupvm, nimi_mkt, organisaatio_id, paivittaja) 
    values
        (null, ?, ?, ?, ?, ?)
2020-06-10 18:11:45.799 TRACE 55751 --- [    Test worker] o.h.type.descriptor.sql.BasicBinder      : binding parameter [1] as [BIGINT] - [0]
2020-06-10 18:11:45.799 TRACE 55751 --- [    Test worker] o.h.type.descriptor.sql.BasicBinder      : binding parameter [2] as [DATE] - [Wed Jun 10 18:11:45 EEST 2020]
2020-06-10 18:11:45.799 TRACE 55751 --- [    Test worker] o.h.type.descriptor.sql.BasicBinder      : binding parameter [3] as [BIGINT] - [1035]
2020-06-10 18:11:45.799 TRACE 55751 --- [    Test worker] o.h.type.descriptor.sql.BasicBinder      : binding parameter [4] as [BIGINT] - [27]
2020-06-10 18:11:45.799 TRACE 55751 --- [    Test worker] o.h.type.descriptor.sql.BasicBinder      : binding parameter [5] as [VARCHAR] - [null]
Hibernate: 
    insert 
    into
        yhteystieto
        (id, version, kieli, organisaatio_id, yhteystieto_oid, coordinatetype, extrarivi, lat, lng, maa, osavaltio, osoite, osoite_tyyppi, postinumero, postitoimipaikka, ytjpaivityspvm, dtype) 
    values
        (null, ?, ?, ?, ?, ?, ?, ?, ?, ?, ?, ?, ?, ?, ?, ?, 'Osoite')
2020-06-10 18:11:45.800 TRACE 55751 --- [    Test worker] o.h.type.descriptor.sql.BasicBinder      : binding parameter [1] as [BIGINT] - [0]
2020-06-10 18:11:45.800 TRACE 55751 --- [    Test worker] o.h.type.descriptor.sql.BasicBinder      : binding parameter [2] as [VARCHAR] - [kieli_fi#1]
2020-06-10 18:11:45.800 TRACE 55751 --- [    Test worker] o.h.type.descriptor.sql.BasicBinder      : binding parameter [3] as [BIGINT] - [27]
2020-06-10 18:11:45.800 TRACE 55751 --- [    Test worker] o.h.type.descriptor.sql.BasicBinder      : binding parameter [4] as [VARCHAR] - [1.2.246.562.5.79426186341]
2020-06-10 18:11:45.800 TRACE 55751 --- [    Test worker] o.h.type.descriptor.sql.BasicBinder      : binding parameter [5] as [VARCHAR] - [null]
2020-06-10 18:11:45.800 TRACE 55751 --- [    Test worker] o.h.type.descriptor.sql.BasicBinder      : binding parameter [6] as [VARCHAR] - [null]
2020-06-10 18:11:45.800 TRACE 55751 --- [    Test worker] o.h.type.descriptor.sql.BasicBinder      : binding parameter [7] as [DOUBLE] - [null]
2020-06-10 18:11:45.800 TRACE 55751 --- [    Test worker] o.h.type.descriptor.sql.BasicBinder      : binding parameter [8] as [DOUBLE] - [null]
2020-06-10 18:11:45.800 TRACE 55751 --- [    Test worker] o.h.type.descriptor.sql.BasicBinder      : binding parameter [9] as [VARCHAR] - [null]
2020-06-10 18:11:45.800 TRACE 55751 --- [    Test worker] o.h.type.descriptor.sql.BasicBinder      : binding parameter [10] as [VARCHAR] - [null]
2020-06-10 18:11:45.800 TRACE 55751 --- [    Test worker] o.h.type.descriptor.sql.BasicBinder      : binding parameter [11] as [VARCHAR] - [Kayntiosoite 2B]
2020-06-10 18:11:45.800 TRACE 55751 --- [    Test worker] o.h.type.descriptor.sql.BasicBinder      : binding parameter [12] as [VARCHAR] - [kaynti]
2020-06-10 18:11:45.800 TRACE 55751 --- [    Test worker] o.h.type.descriptor.sql.BasicBinder      : binding parameter [13] as [VARCHAR] - [posti_00550]
2020-06-10 18:11:45.800 TRACE 55751 --- [    Test worker] o.h.type.descriptor.sql.BasicBinder      : binding parameter [14] as [VARCHAR] - [Helsinki]
2020-06-10 18:11:45.800 TRACE 55751 --- [    Test worker] o.h.type.descriptor.sql.BasicBinder      : binding parameter [15] as [DATE] - [null]
Hibernate: 
    insert 
    into
        yhteystieto
        (id, version, kieli, organisaatio_id, yhteystieto_oid, coordinatetype, extrarivi, lat, lng, maa, osavaltio, osoite, osoite_tyyppi, postinumero, postitoimipaikka, ytjpaivityspvm, dtype) 
    values
        (null, ?, ?, ?, ?, ?, ?, ?, ?, ?, ?, ?, ?, ?, ?, ?, 'Osoite')
2020-06-10 18:11:45.801 TRACE 55751 --- [    Test worker] o.h.type.descriptor.sql.BasicBinder      : binding parameter [1] as [BIGINT] - [0]
2020-06-10 18:11:45.801 TRACE 55751 --- [    Test worker] o.h.type.descriptor.sql.BasicBinder      : binding parameter [2] as [VARCHAR] - [kieli_fi#1]
2020-06-10 18:11:45.801 TRACE 55751 --- [    Test worker] o.h.type.descriptor.sql.BasicBinder      : binding parameter [3] as [BIGINT] - [27]
2020-06-10 18:11:45.801 TRACE 55751 --- [    Test worker] o.h.type.descriptor.sql.BasicBinder      : binding parameter [4] as [VARCHAR] - [1.2.246.562.5.46086883490]
2020-06-10 18:11:45.801 TRACE 55751 --- [    Test worker] o.h.type.descriptor.sql.BasicBinder      : binding parameter [5] as [VARCHAR] - [null]
2020-06-10 18:11:45.801 TRACE 55751 --- [    Test worker] o.h.type.descriptor.sql.BasicBinder      : binding parameter [6] as [VARCHAR] - [null]
2020-06-10 18:11:45.801 TRACE 55751 --- [    Test worker] o.h.type.descriptor.sql.BasicBinder      : binding parameter [7] as [DOUBLE] - [null]
2020-06-10 18:11:45.801 TRACE 55751 --- [    Test worker] o.h.type.descriptor.sql.BasicBinder      : binding parameter [8] as [DOUBLE] - [null]
2020-06-10 18:11:45.801 TRACE 55751 --- [    Test worker] o.h.type.descriptor.sql.BasicBinder      : binding parameter [9] as [VARCHAR] - [null]
2020-06-10 18:11:45.801 TRACE 55751 --- [    Test worker] o.h.type.descriptor.sql.BasicBinder      : binding parameter [10] as [VARCHAR] - [null]
2020-06-10 18:11:45.801 TRACE 55751 --- [    Test worker] o.h.type.descriptor.sql.BasicBinder      : binding parameter [11] as [VARCHAR] - [Postiosoite 1A]
2020-06-10 18:11:45.801 TRACE 55751 --- [    Test worker] o.h.type.descriptor.sql.BasicBinder      : binding parameter [12] as [VARCHAR] - [posti]
2020-06-10 18:11:45.801 TRACE 55751 --- [    Test worker] o.h.type.descriptor.sql.BasicBinder      : binding parameter [13] as [VARCHAR] - [00550]
2020-06-10 18:11:45.801 TRACE 55751 --- [    Test worker] o.h.type.descriptor.sql.BasicBinder      : binding parameter [14] as [VARCHAR] - [Helsinki]
2020-06-10 18:11:45.801 TRACE 55751 --- [    Test worker] o.h.type.descriptor.sql.BasicBinder      : binding parameter [15] as [DATE] - [null]
Hibernate: 
    insert 
    into
        yhteystieto
        (id, version, kieli, organisaatio_id, yhteystieto_oid, puhelinnumero, tyyppi, dtype) 
    values
        (null, ?, ?, ?, ?, ?, ?, 'Puhelinnumero')
2020-06-10 18:11:45.801 TRACE 55751 --- [    Test worker] o.h.type.descriptor.sql.BasicBinder      : binding parameter [1] as [BIGINT] - [0]
2020-06-10 18:11:45.801 TRACE 55751 --- [    Test worker] o.h.type.descriptor.sql.BasicBinder      : binding parameter [2] as [VARCHAR] - [kieli_fi#1]
2020-06-10 18:11:45.801 TRACE 55751 --- [    Test worker] o.h.type.descriptor.sql.BasicBinder      : binding parameter [3] as [BIGINT] - [27]
2020-06-10 18:11:45.801 TRACE 55751 --- [    Test worker] o.h.type.descriptor.sql.BasicBinder      : binding parameter [4] as [VARCHAR] - [1.2.246.562.5.21322209199]
2020-06-10 18:11:45.801 TRACE 55751 --- [    Test worker] o.h.type.descriptor.sql.BasicBinder      : binding parameter [5] as [VARCHAR] - [123]
2020-06-10 18:11:45.801 TRACE 55751 --- [    Test worker] o.h.type.descriptor.sql.BasicBinder      : binding parameter [6] as [VARCHAR] - [puhelin]
Hibernate: 
    insert 
    into
        yhteystieto
        (id, version, kieli, organisaatio_id, yhteystieto_oid, www_osoite, dtype) 
    values
        (null, ?, ?, ?, ?, ?, 'Www')
2020-06-10 18:11:45.802 TRACE 55751 --- [    Test worker] o.h.type.descriptor.sql.BasicBinder      : binding parameter [1] as [BIGINT] - [0]
2020-06-10 18:11:45.802 TRACE 55751 --- [    Test worker] o.h.type.descriptor.sql.BasicBinder      : binding parameter [2] as [VARCHAR] - [kieli_fi#1]
2020-06-10 18:11:45.802 TRACE 55751 --- [    Test worker] o.h.type.descriptor.sql.BasicBinder      : binding parameter [3] as [BIGINT] - [27]
2020-06-10 18:11:45.802 TRACE 55751 --- [    Test worker] o.h.type.descriptor.sql.BasicBinder      : binding parameter [4] as [VARCHAR] - [15918019054210.51610339181312]
2020-06-10 18:11:45.802 TRACE 55751 --- [    Test worker] o.h.type.descriptor.sql.BasicBinder      : binding parameter [5] as [VARCHAR] - [http://test.oph.fi]
Hibernate: 
    insert 
    into
        yhteystieto
        (id, version, kieli, organisaatio_id, yhteystieto_oid, email, dtype) 
    values
        (null, ?, ?, ?, ?, ?, 'Email')
2020-06-10 18:11:45.802 TRACE 55751 --- [    Test worker] o.h.type.descriptor.sql.BasicBinder      : binding parameter [1] as [BIGINT] - [0]
2020-06-10 18:11:45.802 TRACE 55751 --- [    Test worker] o.h.type.descriptor.sql.BasicBinder      : binding parameter [2] as [VARCHAR] - [kieli_fi#1]
2020-06-10 18:11:45.802 TRACE 55751 --- [    Test worker] o.h.type.descriptor.sql.BasicBinder      : binding parameter [3] as [BIGINT] - [27]
2020-06-10 18:11:45.802 TRACE 55751 --- [    Test worker] o.h.type.descriptor.sql.BasicBinder      : binding parameter [4] as [VARCHAR] - [15918019054210.7786820487710572]
2020-06-10 18:11:45.802 TRACE 55751 --- [    Test worker] o.h.type.descriptor.sql.BasicBinder      : binding parameter [5] as [VARCHAR] - [asd@asd.asd]
Hibernate: 
    update
        organisaatio 
    set
        version=?,
        alkupvm=?,
        domainnimi=?,
        kotipaikka=?,
        kuvaus_mkt=?,
        lakkautuspvm=?,
        maa=?,
        metadata_id=?,
        nimi_mkt=?,
        nimihaku=?,
        oid=?,
        opetuspisteenjarjnro=?,
        oppilaitoskoodi=?,
        oppilaitos_tyyppi=?,
        organisaatio_poistettu=?,
        paivittaja=?,
        paivityspvm=?,
        parentidpath=?,
        parentoidpath=?,
        piilotettu=?,
        tarkastus_pvm=?,
        toimipistekoodi=?,
        tuontipvm=?,
        varhaiskasvatuksen_toimipaikka_tiedot_id=?,
        virastotunnus=?,
        yhteishaunkoulukoodi=?,
        yritysmuoto=?,
        ytj_kieli=?,
        ytjpaivityspvm=?,
        ytunnus=? 
    where
        id=? 
        and version=?
2020-06-10 18:11:45.804 TRACE 55751 --- [    Test worker] o.h.type.descriptor.sql.BasicBinder      : binding parameter [1] as [BIGINT] - [1]
2020-06-10 18:11:45.804 TRACE 55751 --- [    Test worker] o.h.type.descriptor.sql.BasicBinder      : binding parameter [2] as [DATE] - [Fri Dec 31 00:00:00 EET 1999]
2020-06-10 18:11:45.804 TRACE 55751 --- [    Test worker] o.h.type.descriptor.sql.BasicBinder      : binding parameter [3] as [VARCHAR] - [null]
2020-06-10 18:11:45.804 TRACE 55751 --- [    Test worker] o.h.type.descriptor.sql.BasicBinder      : binding parameter [4] as [VARCHAR] - [kunta_092]
2020-06-10 18:11:45.804 TRACE 55751 --- [    Test worker] o.h.type.descriptor.sql.BasicBinder      : binding parameter [5] as [BIGINT] - [1034]
2020-06-10 18:11:45.804 TRACE 55751 --- [    Test worker] o.h.type.descriptor.sql.BasicBinder      : binding parameter [6] as [DATE] - [null]
2020-06-10 18:11:45.804 TRACE 55751 --- [    Test worker] o.h.type.descriptor.sql.BasicBinder      : binding parameter [7] as [VARCHAR] - [maatjavaltiot1_fin]
2020-06-10 18:11:45.804 TRACE 55751 --- [    Test worker] o.h.type.descriptor.sql.BasicBinder      : binding parameter [8] as [BIGINT] - [null]
2020-06-10 18:11:45.804 TRACE 55751 --- [    Test worker] o.h.type.descriptor.sql.BasicBinder      : binding parameter [9] as [BIGINT] - [1035]
2020-06-10 18:11:45.804 TRACE 55751 --- [    Test worker] o.h.type.descriptor.sql.BasicBinder      : binding parameter [10] as [VARCHAR] - [,koulutustoimija2]
2020-06-10 18:11:45.804 TRACE 55751 --- [    Test worker] o.h.type.descriptor.sql.BasicBinder      : binding parameter [11] as [VARCHAR] - [koulutustoimija2]
2020-06-10 18:11:45.804 TRACE 55751 --- [    Test worker] o.h.type.descriptor.sql.BasicBinder      : binding parameter [12] as [VARCHAR] - [null]
2020-06-10 18:11:45.804 TRACE 55751 --- [    Test worker] o.h.type.descriptor.sql.BasicBinder      : binding parameter [13] as [VARCHAR] - [null]
2020-06-10 18:11:45.804 TRACE 55751 --- [    Test worker] o.h.type.descriptor.sql.BasicBinder      : binding parameter [14] as [VARCHAR] - [null]
2020-06-10 18:11:45.804 TRACE 55751 --- [    Test worker] o.h.type.descriptor.sql.BasicBinder      : binding parameter [15] as [BOOLEAN] - [false]
2020-06-10 18:11:45.804 TRACE 55751 --- [    Test worker] o.h.type.descriptor.sql.BasicBinder      : binding parameter [16] as [VARCHAR] - [ophadmin]
2020-06-10 18:11:45.804 TRACE 55751 --- [    Test worker] o.h.type.descriptor.sql.BasicBinder      : binding parameter [17] as [TIMESTAMP] - [Wed Jun 10 18:11:45 EEST 2020]
2020-06-10 18:11:45.804 TRACE 55751 --- [    Test worker] o.h.type.descriptor.sql.BasicBinder      : binding parameter [18] as [VARCHAR] - [|1|]
2020-06-10 18:11:45.804 TRACE 55751 --- [    Test worker] o.h.type.descriptor.sql.BasicBinder      : binding parameter [19] as [VARCHAR] - [|1.2.246.562.24.00000000001|]
2020-06-10 18:11:45.804 TRACE 55751 --- [    Test worker] o.h.type.descriptor.sql.BasicBinder      : binding parameter [20] as [BOOLEAN] - [false]
2020-06-10 18:11:45.804 TRACE 55751 --- [    Test worker] o.h.type.descriptor.sql.BasicBinder      : binding parameter [21] as [TIMESTAMP] - [null]
2020-06-10 18:11:45.804 TRACE 55751 --- [    Test worker] o.h.type.descriptor.sql.BasicBinder      : binding parameter [22] as [VARCHAR] - []
2020-06-10 18:11:45.804 TRACE 55751 --- [    Test worker] o.h.type.descriptor.sql.BasicBinder      : binding parameter [23] as [TIMESTAMP] - [null]
2020-06-10 18:11:45.804 TRACE 55751 --- [    Test worker] o.h.type.descriptor.sql.BasicBinder      : binding parameter [24] as [BIGINT] - [null]
2020-06-10 18:11:45.804 TRACE 55751 --- [    Test worker] o.h.type.descriptor.sql.BasicBinder      : binding parameter [25] as [VARCHAR] - [null]
2020-06-10 18:11:45.804 TRACE 55751 --- [    Test worker] o.h.type.descriptor.sql.BasicBinder      : binding parameter [26] as [VARCHAR] - [null]
2020-06-10 18:11:45.804 TRACE 55751 --- [    Test worker] o.h.type.descriptor.sql.BasicBinder      : binding parameter [27] as [VARCHAR] - [null]
2020-06-10 18:11:45.804 TRACE 55751 --- [    Test worker] o.h.type.descriptor.sql.BasicBinder      : binding parameter [28] as [VARCHAR] - [null]
2020-06-10 18:11:45.804 TRACE 55751 --- [    Test worker] o.h.type.descriptor.sql.BasicBinder      : binding parameter [29] as [DATE] - [null]
2020-06-10 18:11:45.804 TRACE 55751 --- [    Test worker] o.h.type.descriptor.sql.BasicBinder      : binding parameter [30] as [VARCHAR] - [null]
2020-06-10 18:11:45.804 TRACE 55751 --- [    Test worker] o.h.type.descriptor.sql.BasicBinder      : binding parameter [31] as [BIGINT] - [27]
2020-06-10 18:11:45.804 TRACE 55751 --- [    Test worker] o.h.type.descriptor.sql.BasicBinder      : binding parameter [32] as [BIGINT] - [0]
Hibernate: 
    insert 
    into
        organisaatio_kielet
        (organisaatio_id, kielet) 
    values
        (?, ?)
2020-06-10 18:11:45.805 TRACE 55751 --- [    Test worker] o.h.type.descriptor.sql.BasicBinder      : binding parameter [1] as [BIGINT] - [27]
2020-06-10 18:11:45.805 TRACE 55751 --- [    Test worker] o.h.type.descriptor.sql.BasicBinder      : binding parameter [2] as [VARCHAR] - [oppilaitoksenopetuskieli_1#1]
Hibernate: 
    insert 
    into
        organisaatio_tyypit
        (organisaatio_id, tyypit) 
    values
        (?, ?)
2020-06-10 18:11:45.805 TRACE 55751 --- [    Test worker] o.h.type.descriptor.sql.BasicBinder      : binding parameter [1] as [BIGINT] - [27]
2020-06-10 18:11:45.805 TRACE 55751 --- [    Test worker] o.h.type.descriptor.sql.BasicBinder      : binding parameter [2] as [VARCHAR] - [organisaatiotyyppi_01]
Hibernate: 
    insert 
    into
        monikielinen_teksti_values
        (id, key, value) 
    values
        (?, ?, ?)
2020-06-10 18:11:45.805 TRACE 55751 --- [    Test worker] o.h.type.descriptor.sql.BasicBinder      : binding parameter [1] as [BIGINT] - [1035]
2020-06-10 18:11:45.805 TRACE 55751 --- [    Test worker] o.h.type.descriptor.sql.BasicBinder      : binding parameter [2] as [VARCHAR] - [fi]
2020-06-10 18:11:45.805 TRACE 55751 --- [    Test worker] o.h.type.descriptor.sql.BasicBinder      : binding parameter [3] as [VARCHAR] - [koulutustoimija2]
Hibernate: 
    select
        organisaat0_.id as id1_5_,
        organisaat0_.version as version2_5_,
        organisaat0_.alkupvm as alkupvm3_5_,
        organisaat0_.domainnimi as domainni4_5_,
        organisaat0_.kotipaikka as kotipaik5_5_,
        organisaat0_.kuvaus_mkt as kuvaus_28_5_,
        organisaat0_.lakkautuspvm as lakkautu6_5_,
        organisaat0_.maa as maa7_5_,
        organisaat0_.metadata_id as metadat29_5_,
        organisaat0_.nimi_mkt as nimi_mk30_5_,
        organisaat0_.nimihaku as nimihaku8_5_,
        organisaat0_.oid as oid9_5_,
        organisaat0_.opetuspisteenjarjnro as opetusp10_5_,
        organisaat0_.oppilaitoskoodi as oppilai11_5_,
        organisaat0_.oppilaitos_tyyppi as oppilai12_5_,
        organisaat0_.organisaatio_poistettu as organis13_5_,
        organisaat0_.paivittaja as paivitt14_5_,
        organisaat0_.paivityspvm as paivity15_5_,
        organisaat0_.parentidpath as parenti16_5_,
        organisaat0_.parentoidpath as parento17_5_,
        organisaat0_.piilotettu as piilote18_5_,
        organisaat0_.tarkastus_pvm as tarkast19_5_,
        organisaat0_.toimipistekoodi as toimipi20_5_,
        organisaat0_.tuontipvm as tuontip21_5_,
        organisaat0_.varhaiskasvatuksen_toimipaikka_tiedot_id as varhais31_5_,
        organisaat0_.virastotunnus as virasto22_5_,
        organisaat0_.yhteishaunkoulukoodi as yhteish23_5_,
        organisaat0_.yritysmuoto as yritysm24_5_,
        organisaat0_.ytj_kieli as ytj_kie25_5_,
        organisaat0_.ytjpaivityspvm as ytjpaiv26_5_,
        organisaat0_.ytunnus as ytunnus27_5_ 
    from
        organisaatio organisaat0_ 
    where
        organisaat0_.oid=?
2020-06-10 18:11:45.806 TRACE 55751 --- [    Test worker] o.h.type.descriptor.sql.BasicBinder      : binding parameter [1] as [VARCHAR] - [1.2.246.562.24.00000000001]
2020-06-10 18:11:45.806 TRACE 55751 --- [    Test worker] o.h.type.descriptor.sql.BasicExtractor   : extracted value ([id1_5_] : [BIGINT]) - [1]
2020-06-10 18:11:45.806  INFO 55751 --- [    Test worker] .s.o.r.i.OrganisaatioSuhdeRepositoryImpl : findParentTo(27, Wed Jun 10 18:11:45 EEST 2020)
Hibernate: 
    select
        organisaat0_.id as id1_19_0_,
        organisaat1_.id as id1_5_1_,
        organisaat0_.version as version2_19_0_,
        organisaat0_.alkupvm as alkupvm3_19_0_,
        organisaat0_.child_id as child_id7_19_0_,
        organisaat0_.loppupvm as loppupvm4_19_0_,
        organisaat0_.opetuspisteenjarjnro as opetuspi5_19_0_,
        organisaat0_.parent_id as parent_i8_19_0_,
        organisaat0_.suhdetyyppi as suhdetyy6_19_0_,
        organisaat1_.version as version2_5_1_,
        organisaat1_.alkupvm as alkupvm3_5_1_,
        organisaat1_.domainnimi as domainni4_5_1_,
        organisaat1_.kotipaikka as kotipaik5_5_1_,
        organisaat1_.kuvaus_mkt as kuvaus_28_5_1_,
        organisaat1_.lakkautuspvm as lakkautu6_5_1_,
        organisaat1_.maa as maa7_5_1_,
        organisaat1_.metadata_id as metadat29_5_1_,
        organisaat1_.nimi_mkt as nimi_mk30_5_1_,
        organisaat1_.nimihaku as nimihaku8_5_1_,
        organisaat1_.oid as oid9_5_1_,
        organisaat1_.opetuspisteenjarjnro as opetusp10_5_1_,
        organisaat1_.oppilaitoskoodi as oppilai11_5_1_,
        organisaat1_.oppilaitos_tyyppi as oppilai12_5_1_,
        organisaat1_.organisaatio_poistettu as organis13_5_1_,
        organisaat1_.paivittaja as paivitt14_5_1_,
        organisaat1_.paivityspvm as paivity15_5_1_,
        organisaat1_.parentidpath as parenti16_5_1_,
        organisaat1_.parentoidpath as parento17_5_1_,
        organisaat1_.piilotettu as piilote18_5_1_,
        organisaat1_.tarkastus_pvm as tarkast19_5_1_,
        organisaat1_.toimipistekoodi as toimipi20_5_1_,
        organisaat1_.tuontipvm as tuontip21_5_1_,
        organisaat1_.varhaiskasvatuksen_toimipaikka_tiedot_id as varhais31_5_1_,
        organisaat1_.virastotunnus as virasto22_5_1_,
        organisaat1_.yhteishaunkoulukoodi as yhteish23_5_1_,
        organisaat1_.yritysmuoto as yritysm24_5_1_,
        organisaat1_.ytj_kieli as ytj_kie25_5_1_,
        organisaat1_.ytjpaivityspvm as ytjpaiv26_5_1_,
        organisaat1_.ytunnus as ytunnus27_5_1_ 
    from
        organisaatiosuhde organisaat0_ 
    inner join
        organisaatio organisaat1_ 
            on organisaat0_.parent_id=organisaat1_.id 
    where
        organisaat0_.child_id=? 
        and organisaat0_.suhdetyyppi=? 
        and (
            organisaat0_.alkupvm=? 
            or organisaat0_.alkupvm<?
        ) 
        and (
            organisaat0_.loppupvm is null 
            or organisaat0_.loppupvm>?
        ) 
        and organisaat1_.organisaatio_poistettu=? 
    order by
        organisaat0_.alkupvm desc
2020-06-10 18:11:45.807 TRACE 55751 --- [    Test worker] o.h.type.descriptor.sql.BasicBinder      : binding parameter [1] as [BIGINT] - [27]
2020-06-10 18:11:45.807 TRACE 55751 --- [    Test worker] o.h.type.descriptor.sql.BasicBinder      : binding parameter [2] as [VARCHAR] - [HISTORIA]
2020-06-10 18:11:45.807 TRACE 55751 --- [    Test worker] o.h.type.descriptor.sql.BasicBinder      : binding parameter [3] as [DATE] - [Wed Jun 10 18:11:45 EEST 2020]
2020-06-10 18:11:45.807 TRACE 55751 --- [    Test worker] o.h.type.descriptor.sql.BasicBinder      : binding parameter [4] as [DATE] - [Wed Jun 10 18:11:45 EEST 2020]
2020-06-10 18:11:45.807 TRACE 55751 --- [    Test worker] o.h.type.descriptor.sql.BasicBinder      : binding parameter [5] as [DATE] - [Wed Jun 10 18:11:45 EEST 2020]
2020-06-10 18:11:45.807 TRACE 55751 --- [    Test worker] o.h.type.descriptor.sql.BasicBinder      : binding parameter [6] as [BOOLEAN] - [false]
2020-06-10 18:11:45.807  INFO 55751 --- [    Test worker] .s.o.r.i.OrganisaatioSuhdeRepositoryImpl : addChild(1, 27, Wed Jun 10 18:11:45 EEST 2020)
Hibernate: 
    insert 
    into
        organisaatiosuhde
        (id, version, alkupvm, child_id, loppupvm, opetuspisteenjarjnro, parent_id, suhdetyyppi) 
    values
        (null, ?, ?, ?, ?, ?, ?, ?)
2020-06-10 18:11:45.808 TRACE 55751 --- [    Test worker] o.h.type.descriptor.sql.BasicBinder      : binding parameter [1] as [BIGINT] - [0]
2020-06-10 18:11:45.808 TRACE 55751 --- [    Test worker] o.h.type.descriptor.sql.BasicBinder      : binding parameter [2] as [DATE] - [Wed Jun 10 18:11:45 EEST 2020]
2020-06-10 18:11:45.808 TRACE 55751 --- [    Test worker] o.h.type.descriptor.sql.BasicBinder      : binding parameter [3] as [BIGINT] - [27]
2020-06-10 18:11:45.808 TRACE 55751 --- [    Test worker] o.h.type.descriptor.sql.BasicBinder      : binding parameter [4] as [DATE] - [null]
2020-06-10 18:11:45.808 TRACE 55751 --- [    Test worker] o.h.type.descriptor.sql.BasicBinder      : binding parameter [5] as [VARCHAR] - [null]
2020-06-10 18:11:45.808 TRACE 55751 --- [    Test worker] o.h.type.descriptor.sql.BasicBinder      : binding parameter [6] as [BIGINT] - [1]
2020-06-10 18:11:45.808 TRACE 55751 --- [    Test worker] o.h.type.descriptor.sql.BasicBinder      : binding parameter [7] as [VARCHAR] - [HISTORIA]
2020-06-10 18:11:45.808  INFO 55751 --- [    Test worker] .s.o.r.i.OrganisaatioSuhdeRepositoryImpl :     Created new child relation:  --> pId=1, cId=27, aPvm=Wed Jun 10 18:11:45 EEST 2020, lPvm=null
Hibernate: 
    select
        organisaat0_.id as id1_19_,
        organisaat0_.version as version2_19_,
        organisaat0_.alkupvm as alkupvm3_19_,
        organisaat0_.child_id as child_id7_19_,
        organisaat0_.loppupvm as loppupvm4_19_,
        organisaat0_.opetuspisteenjarjnro as opetuspi5_19_,
        organisaat0_.parent_id as parent_i8_19_,
        organisaat0_.suhdetyyppi as suhdetyy6_19_ 
    from
        organisaatiosuhde organisaat0_ 
    where
        organisaat0_.child_id=?
2020-06-10 18:11:45.809 TRACE 55751 --- [    Test worker] o.h.type.descriptor.sql.BasicBinder      : binding parameter [1] as [BIGINT] - [27]
2020-06-10 18:11:45.809 TRACE 55751 --- [    Test worker] o.h.type.descriptor.sql.BasicExtractor   : extracted value ([id1_19_] : [BIGINT]) - [30]
Hibernate: 
    select
        organisaat0_.id as id1_5_,
        organisaat0_.version as version2_5_,
        organisaat0_.alkupvm as alkupvm3_5_,
        organisaat0_.domainnimi as domainni4_5_,
        organisaat0_.kotipaikka as kotipaik5_5_,
        organisaat0_.kuvaus_mkt as kuvaus_28_5_,
        organisaat0_.lakkautuspvm as lakkautu6_5_,
        organisaat0_.maa as maa7_5_,
        organisaat0_.metadata_id as metadat29_5_,
        organisaat0_.nimi_mkt as nimi_mk30_5_,
        organisaat0_.nimihaku as nimihaku8_5_,
        organisaat0_.oid as oid9_5_,
        organisaat0_.opetuspisteenjarjnro as opetusp10_5_,
        organisaat0_.oppilaitoskoodi as oppilai11_5_,
        organisaat0_.oppilaitos_tyyppi as oppilai12_5_,
        organisaat0_.organisaatio_poistettu as organis13_5_,
        organisaat0_.paivittaja as paivitt14_5_,
        organisaat0_.paivityspvm as paivity15_5_,
        organisaat0_.parentidpath as parenti16_5_,
        organisaat0_.parentoidpath as parento17_5_,
        organisaat0_.piilotettu as piilote18_5_,
        organisaat0_.tarkastus_pvm as tarkast19_5_,
        organisaat0_.toimipistekoodi as toimipi20_5_,
        organisaat0_.tuontipvm as tuontip21_5_,
        organisaat0_.varhaiskasvatuksen_toimipaikka_tiedot_id as varhais31_5_,
        organisaat0_.virastotunnus as virasto22_5_,
        organisaat0_.yhteishaunkoulukoodi as yhteish23_5_,
        organisaat0_.yritysmuoto as yritysm24_5_,
        organisaat0_.ytj_kieli as ytj_kie25_5_,
        organisaat0_.ytjpaivityspvm as ytjpaiv26_5_,
        organisaat0_.ytunnus as ytunnus27_5_ 
    from
        organisaatio organisaat0_ 
    where
        organisaat0_.oid=?
2020-06-10 18:11:45.810 TRACE 55751 --- [    Test worker] o.h.type.descriptor.sql.BasicBinder      : binding parameter [1] as [VARCHAR] - [koulutustoimija2]
2020-06-10 18:11:45.810 TRACE 55751 --- [    Test worker] o.h.type.descriptor.sql.BasicExtractor   : extracted value ([id1_5_] : [BIGINT]) - [27]
Hibernate: 
    select
        organisaat0_.id as id1_5_,
        organisaat0_.version as version2_5_,
        organisaat0_.alkupvm as alkupvm3_5_,
        organisaat0_.domainnimi as domainni4_5_,
        organisaat0_.kotipaikka as kotipaik5_5_,
        organisaat0_.kuvaus_mkt as kuvaus_28_5_,
        organisaat0_.lakkautuspvm as lakkautu6_5_,
        organisaat0_.maa as maa7_5_,
        organisaat0_.metadata_id as metadat29_5_,
        organisaat0_.nimi_mkt as nimi_mk30_5_,
        organisaat0_.nimihaku as nimihaku8_5_,
        organisaat0_.oid as oid9_5_,
        organisaat0_.opetuspisteenjarjnro as opetusp10_5_,
        organisaat0_.oppilaitoskoodi as oppilai11_5_,
        organisaat0_.oppilaitos_tyyppi as oppilai12_5_,
        organisaat0_.organisaatio_poistettu as organis13_5_,
        organisaat0_.paivittaja as paivitt14_5_,
        organisaat0_.paivityspvm as paivity15_5_,
        organisaat0_.parentidpath as parenti16_5_,
        organisaat0_.parentoidpath as parento17_5_,
        organisaat0_.piilotettu as piilote18_5_,
        organisaat0_.tarkastus_pvm as tarkast19_5_,
        organisaat0_.toimipistekoodi as toimipi20_5_,
        organisaat0_.tuontipvm as tuontip21_5_,
        organisaat0_.varhaiskasvatuksen_toimipaikka_tiedot_id as varhais31_5_,
        organisaat0_.virastotunnus as virasto22_5_,
        organisaat0_.yhteishaunkoulukoodi as yhteish23_5_,
        organisaat0_.yritysmuoto as yritysm24_5_,
        organisaat0_.ytj_kieli as ytj_kie25_5_,
        organisaat0_.ytjpaivityspvm as ytjpaiv26_5_,
        organisaat0_.ytunnus as ytunnus27_5_ 
    from
        organisaatio organisaat0_ 
    where
        organisaat0_.oid=?
2020-06-10 18:11:45.812 TRACE 55751 --- [    Test worker] o.h.type.descriptor.sql.BasicBinder      : binding parameter [1] as [VARCHAR] - [oppilaitos]
Hibernate: 
    select
        organisaat0_.id as id1_5_,
        organisaat0_.version as version2_5_,
        organisaat0_.alkupvm as alkupvm3_5_,
        organisaat0_.domainnimi as domainni4_5_,
        organisaat0_.kotipaikka as kotipaik5_5_,
        organisaat0_.kuvaus_mkt as kuvaus_28_5_,
        organisaat0_.lakkautuspvm as lakkautu6_5_,
        organisaat0_.maa as maa7_5_,
        organisaat0_.metadata_id as metadat29_5_,
        organisaat0_.nimi_mkt as nimi_mk30_5_,
        organisaat0_.nimihaku as nimihaku8_5_,
        organisaat0_.oid as oid9_5_,
        organisaat0_.opetuspisteenjarjnro as opetusp10_5_,
        organisaat0_.oppilaitoskoodi as oppilai11_5_,
        organisaat0_.oppilaitos_tyyppi as oppilai12_5_,
        organisaat0_.organisaatio_poistettu as organis13_5_,
        organisaat0_.paivittaja as paivitt14_5_,
        organisaat0_.paivityspvm as paivity15_5_,
        organisaat0_.parentidpath as parenti16_5_,
        organisaat0_.parentoidpath as parento17_5_,
        organisaat0_.piilotettu as piilote18_5_,
        organisaat0_.tarkastus_pvm as tarkast19_5_,
        organisaat0_.toimipistekoodi as toimipi20_5_,
        organisaat0_.tuontipvm as tuontip21_5_,
        organisaat0_.varhaiskasvatuksen_toimipaikka_tiedot_id as varhais31_5_,
        organisaat0_.virastotunnus as virasto22_5_,
        organisaat0_.yhteishaunkoulukoodi as yhteish23_5_,
        organisaat0_.yritysmuoto as yritysm24_5_,
        organisaat0_.ytj_kieli as ytj_kie25_5_,
        organisaat0_.ytjpaivityspvm as ytjpaiv26_5_,
        organisaat0_.ytunnus as ytunnus27_5_ 
    from
        organisaatio organisaat0_ 
    where
        organisaat0_.oid=?
2020-06-10 18:11:45.813 TRACE 55751 --- [    Test worker] o.h.type.descriptor.sql.BasicBinder      : binding parameter [1] as [VARCHAR] - [koulutustoimija1]
2020-06-10 18:11:45.813 TRACE 55751 --- [    Test worker] o.h.type.descriptor.sql.BasicExtractor   : extracted value ([id1_5_] : [BIGINT]) - [26]
2020-06-10 18:11:46.058  WARN 55751 --- [    Test worker] fi.vm.sade.javautils.http.OphHttpClient  : Failed to CAS authenticate. Renewing proxy ticket.
Hibernate: 
    select
        organisaat0_.id as id1_5_,
        organisaat0_.version as version2_5_,
        organisaat0_.alkupvm as alkupvm3_5_,
        organisaat0_.domainnimi as domainni4_5_,
        organisaat0_.kotipaikka as kotipaik5_5_,
        organisaat0_.kuvaus_mkt as kuvaus_28_5_,
        organisaat0_.lakkautuspvm as lakkautu6_5_,
        organisaat0_.maa as maa7_5_,
        organisaat0_.metadata_id as metadat29_5_,
        organisaat0_.nimi_mkt as nimi_mk30_5_,
        organisaat0_.nimihaku as nimihaku8_5_,
        organisaat0_.oid as oid9_5_,
        organisaat0_.opetuspisteenjarjnro as opetusp10_5_,
        organisaat0_.oppilaitoskoodi as oppilai11_5_,
        organisaat0_.oppilaitos_tyyppi as oppilai12_5_,
        organisaat0_.organisaatio_poistettu as organis13_5_,
        organisaat0_.paivittaja as paivitt14_5_,
        organisaat0_.paivityspvm as paivity15_5_,
        organisaat0_.parentidpath as parenti16_5_,
        organisaat0_.parentoidpath as parento17_5_,
        organisaat0_.piilotettu as piilote18_5_,
        organisaat0_.tarkastus_pvm as tarkast19_5_,
        organisaat0_.toimipistekoodi as toimipi20_5_,
        organisaat0_.tuontipvm as tuontip21_5_,
        organisaat0_.varhaiskasvatuksen_toimipaikka_tiedot_id as varhais31_5_,
        organisaat0_.virastotunnus as virasto22_5_,
        organisaat0_.yhteishaunkoulukoodi as yhteish23_5_,
        organisaat0_.yritysmuoto as yritysm24_5_,
        organisaat0_.ytj_kieli as ytj_kie25_5_,
        organisaat0_.ytjpaivityspvm as ytjpaiv26_5_,
        organisaat0_.ytunnus as ytunnus27_5_ 
    from
        organisaatio organisaat0_ 
    where
        organisaat0_.oid=?
2020-06-10 18:11:46.164 TRACE 55751 --- [    Test worker] o.h.type.descriptor.sql.BasicBinder      : binding parameter [1] as [VARCHAR] - [koulutustoimija1]
2020-06-10 18:11:46.164 TRACE 55751 --- [    Test worker] o.h.type.descriptor.sql.BasicExtractor   : extracted value ([id1_5_] : [BIGINT]) - [26]
Hibernate: 
    select
        organisaat0_.id as id1_5_,
        organisaat0_.version as version2_5_,
        organisaat0_.alkupvm as alkupvm3_5_,
        organisaat0_.domainnimi as domainni4_5_,
        organisaat0_.kotipaikka as kotipaik5_5_,
        organisaat0_.kuvaus_mkt as kuvaus_28_5_,
        organisaat0_.lakkautuspvm as lakkautu6_5_,
        organisaat0_.maa as maa7_5_,
        organisaat0_.metadata_id as metadat29_5_,
        organisaat0_.nimi_mkt as nimi_mk30_5_,
        organisaat0_.nimihaku as nimihaku8_5_,
        organisaat0_.oid as oid9_5_,
        organisaat0_.opetuspisteenjarjnro as opetusp10_5_,
        organisaat0_.oppilaitoskoodi as oppilai11_5_,
        organisaat0_.oppilaitos_tyyppi as oppilai12_5_,
        organisaat0_.organisaatio_poistettu as organis13_5_,
        organisaat0_.paivittaja as paivitt14_5_,
        organisaat0_.paivityspvm as paivity15_5_,
        organisaat0_.parentidpath as parenti16_5_,
        organisaat0_.parentoidpath as parento17_5_,
        organisaat0_.piilotettu as piilote18_5_,
        organisaat0_.tarkastus_pvm as tarkast19_5_,
        organisaat0_.toimipistekoodi as toimipi20_5_,
        organisaat0_.tuontipvm as tuontip21_5_,
        organisaat0_.varhaiskasvatuksen_toimipaikka_tiedot_id as varhais31_5_,
        organisaat0_.virastotunnus as virasto22_5_,
        organisaat0_.yhteishaunkoulukoodi as yhteish23_5_,
        organisaat0_.yritysmuoto as yritysm24_5_,
        organisaat0_.ytj_kieli as ytj_kie25_5_,
        organisaat0_.ytjpaivityspvm as ytjpaiv26_5_,
        organisaat0_.ytunnus as ytunnus27_5_ 
    from
        organisaatio organisaat0_ 
    where
        organisaat0_.oid=?
2020-06-10 18:11:46.165 TRACE 55751 --- [    Test worker] o.h.type.descriptor.sql.BasicBinder      : binding parameter [1] as [VARCHAR] - [koulutustoimija1]
2020-06-10 18:11:46.165 TRACE 55751 --- [    Test worker] o.h.type.descriptor.sql.BasicExtractor   : extracted value ([id1_5_] : [BIGINT]) - [26]
Hibernate: 
    insert 
    into
        monikielinen_teksti
        (id, version) 
    values
        (null, ?)
2020-06-10 18:11:46.166 TRACE 55751 --- [    Test worker] o.h.type.descriptor.sql.BasicBinder      : binding parameter [1] as [BIGINT] - [0]
Hibernate: 
    insert 
    into
        monikielinen_teksti
        (id, version) 
    values
        (null, ?)
2020-06-10 18:11:46.167 TRACE 55751 --- [    Test worker] o.h.type.descriptor.sql.BasicBinder      : binding parameter [1] as [BIGINT] - [0]
Hibernate: 
    insert 
    into
        organisaatio
        (id, version, alkupvm, domainnimi, kotipaikka, kuvaus_mkt, lakkautuspvm, maa, metadata_id, nimi_mkt, nimihaku, oid, opetuspisteenjarjnro, oppilaitoskoodi, oppilaitos_tyyppi, organisaatio_poistettu, paivittaja, paivityspvm, parentidpath, parentoidpath, piilotettu, tarkastus_pvm, toimipistekoodi, tuontipvm, varhaiskasvatuksen_toimipaikka_tiedot_id, virastotunnus, yhteishaunkoulukoodi, yritysmuoto, ytj_kieli, ytjpaivityspvm, ytunnus) 
    values
        (null, ?, ?, ?, ?, ?, ?, ?, ?, ?, ?, ?, ?, ?, ?, ?, ?, ?, ?, ?, ?, ?, ?, ?, ?, ?, ?, ?, ?, ?, ?)
2020-06-10 18:11:46.167 TRACE 55751 --- [    Test worker] o.h.type.descriptor.sql.BasicBinder      : binding parameter [1] as [BIGINT] - [0]
2020-06-10 18:11:46.167 TRACE 55751 --- [    Test worker] o.h.type.descriptor.sql.BasicBinder      : binding parameter [2] as [DATE] - [Fri Dec 31 00:00:00 EET 1999]
2020-06-10 18:11:46.167 TRACE 55751 --- [    Test worker] o.h.type.descriptor.sql.BasicBinder      : binding parameter [3] as [VARCHAR] - [null]
2020-06-10 18:11:46.167 TRACE 55751 --- [    Test worker] o.h.type.descriptor.sql.BasicBinder      : binding parameter [4] as [VARCHAR] - [kunta_092]
2020-06-10 18:11:46.167 TRACE 55751 --- [    Test worker] o.h.type.descriptor.sql.BasicBinder      : binding parameter [5] as [BIGINT] - [1036]
2020-06-10 18:11:46.168 TRACE 55751 --- [    Test worker] o.h.type.descriptor.sql.BasicBinder      : binding parameter [6] as [DATE] - [null]
2020-06-10 18:11:46.168 TRACE 55751 --- [    Test worker] o.h.type.descriptor.sql.BasicBinder      : binding parameter [7] as [VARCHAR] - [maatjavaltiot1_fin]
2020-06-10 18:11:46.168 TRACE 55751 --- [    Test worker] o.h.type.descriptor.sql.BasicBinder      : binding parameter [8] as [BIGINT] - [null]
2020-06-10 18:11:46.168 TRACE 55751 --- [    Test worker] o.h.type.descriptor.sql.BasicBinder      : binding parameter [9] as [BIGINT] - [1037]
2020-06-10 18:11:46.168 TRACE 55751 --- [    Test worker] o.h.type.descriptor.sql.BasicBinder      : binding parameter [10] as [VARCHAR] - [,oppilaitos]
2020-06-10 18:11:46.168 TRACE 55751 --- [    Test worker] o.h.type.descriptor.sql.BasicBinder      : binding parameter [11] as [VARCHAR] - [oppilaitos]
2020-06-10 18:11:46.168 TRACE 55751 --- [    Test worker] o.h.type.descriptor.sql.BasicBinder      : binding parameter [12] as [VARCHAR] - [null]
2020-06-10 18:11:46.168 TRACE 55751 --- [    Test worker] o.h.type.descriptor.sql.BasicBinder      : binding parameter [13] as [VARCHAR] - [null]
2020-06-10 18:11:46.168 TRACE 55751 --- [    Test worker] o.h.type.descriptor.sql.BasicBinder      : binding parameter [14] as [VARCHAR] - [null]
2020-06-10 18:11:46.168 TRACE 55751 --- [    Test worker] o.h.type.descriptor.sql.BasicBinder      : binding parameter [15] as [BOOLEAN] - [false]
2020-06-10 18:11:46.168 TRACE 55751 --- [    Test worker] o.h.type.descriptor.sql.BasicBinder      : binding parameter [16] as [VARCHAR] - [ophadmin]
2020-06-10 18:11:46.168 TRACE 55751 --- [    Test worker] o.h.type.descriptor.sql.BasicBinder      : binding parameter [17] as [TIMESTAMP] - [Wed Jun 10 18:11:46 EEST 2020]
2020-06-10 18:11:46.168 TRACE 55751 --- [    Test worker] o.h.type.descriptor.sql.BasicBinder      : binding parameter [18] as [VARCHAR] - [|1|26|]
2020-06-10 18:11:46.168 TRACE 55751 --- [    Test worker] o.h.type.descriptor.sql.BasicBinder      : binding parameter [19] as [VARCHAR] - [|1.2.246.562.24.00000000001|koulutustoimija1|]
2020-06-10 18:11:46.168 TRACE 55751 --- [    Test worker] o.h.type.descriptor.sql.BasicBinder      : binding parameter [20] as [BOOLEAN] - [false]
2020-06-10 18:11:46.168 TRACE 55751 --- [    Test worker] o.h.type.descriptor.sql.BasicBinder      : binding parameter [21] as [TIMESTAMP] - [null]
2020-06-10 18:11:46.168 TRACE 55751 --- [    Test worker] o.h.type.descriptor.sql.BasicBinder      : binding parameter [22] as [VARCHAR] - [null]
2020-06-10 18:11:46.168 TRACE 55751 --- [    Test worker] o.h.type.descriptor.sql.BasicBinder      : binding parameter [23] as [TIMESTAMP] - [null]
2020-06-10 18:11:46.168 TRACE 55751 --- [    Test worker] o.h.type.descriptor.sql.BasicBinder      : binding parameter [24] as [BIGINT] - [null]
2020-06-10 18:11:46.168 TRACE 55751 --- [    Test worker] o.h.type.descriptor.sql.BasicBinder      : binding parameter [25] as [VARCHAR] - [null]
2020-06-10 18:11:46.168 TRACE 55751 --- [    Test worker] o.h.type.descriptor.sql.BasicBinder      : binding parameter [26] as [VARCHAR] - [null]
2020-06-10 18:11:46.168 TRACE 55751 --- [    Test worker] o.h.type.descriptor.sql.BasicBinder      : binding parameter [27] as [VARCHAR] - [null]
2020-06-10 18:11:46.168 TRACE 55751 --- [    Test worker] o.h.type.descriptor.sql.BasicBinder      : binding parameter [28] as [VARCHAR] - [null]
2020-06-10 18:11:46.168 TRACE 55751 --- [    Test worker] o.h.type.descriptor.sql.BasicBinder      : binding parameter [29] as [DATE] - [null]
2020-06-10 18:11:46.168 TRACE 55751 --- [    Test worker] o.h.type.descriptor.sql.BasicBinder      : binding parameter [30] as [VARCHAR] - [null]
Hibernate: 
    insert 
    into
        organisaatio_nimi
        (id, version, alkupvm, nimi_mkt, organisaatio_id, paivittaja) 
    values
        (null, ?, ?, ?, ?, ?)
2020-06-10 18:11:46.168 TRACE 55751 --- [    Test worker] o.h.type.descriptor.sql.BasicBinder      : binding parameter [1] as [BIGINT] - [0]
2020-06-10 18:11:46.169 TRACE 55751 --- [    Test worker] o.h.type.descriptor.sql.BasicBinder      : binding parameter [2] as [DATE] - [Wed Jun 10 18:11:45 EEST 2020]
2020-06-10 18:11:46.169 TRACE 55751 --- [    Test worker] o.h.type.descriptor.sql.BasicBinder      : binding parameter [3] as [BIGINT] - [1037]
2020-06-10 18:11:46.169 TRACE 55751 --- [    Test worker] o.h.type.descriptor.sql.BasicBinder      : binding parameter [4] as [BIGINT] - [28]
2020-06-10 18:11:46.169 TRACE 55751 --- [    Test worker] o.h.type.descriptor.sql.BasicBinder      : binding parameter [5] as [VARCHAR] - [null]
Hibernate: 
    insert 
    into
        yhteystieto
        (id, version, kieli, organisaatio_id, yhteystieto_oid, coordinatetype, extrarivi, lat, lng, maa, osavaltio, osoite, osoite_tyyppi, postinumero, postitoimipaikka, ytjpaivityspvm, dtype) 
    values
        (null, ?, ?, ?, ?, ?, ?, ?, ?, ?, ?, ?, ?, ?, ?, ?, 'Osoite')
2020-06-10 18:11:46.169 TRACE 55751 --- [    Test worker] o.h.type.descriptor.sql.BasicBinder      : binding parameter [1] as [BIGINT] - [0]
2020-06-10 18:11:46.169 TRACE 55751 --- [    Test worker] o.h.type.descriptor.sql.BasicBinder      : binding parameter [2] as [VARCHAR] - [kieli_fi#1]
2020-06-10 18:11:46.169 TRACE 55751 --- [    Test worker] o.h.type.descriptor.sql.BasicBinder      : binding parameter [3] as [BIGINT] - [28]
2020-06-10 18:11:46.169 TRACE 55751 --- [    Test worker] o.h.type.descriptor.sql.BasicBinder      : binding parameter [4] as [VARCHAR] - [1.2.246.562.5.71582043783]
2020-06-10 18:11:46.169 TRACE 55751 --- [    Test worker] o.h.type.descriptor.sql.BasicBinder      : binding parameter [5] as [VARCHAR] - [null]
2020-06-10 18:11:46.169 TRACE 55751 --- [    Test worker] o.h.type.descriptor.sql.BasicBinder      : binding parameter [6] as [VARCHAR] - [null]
2020-06-10 18:11:46.169 TRACE 55751 --- [    Test worker] o.h.type.descriptor.sql.BasicBinder      : binding parameter [7] as [DOUBLE] - [null]
2020-06-10 18:11:46.169 TRACE 55751 --- [    Test worker] o.h.type.descriptor.sql.BasicBinder      : binding parameter [8] as [DOUBLE] - [null]
2020-06-10 18:11:46.169 TRACE 55751 --- [    Test worker] o.h.type.descriptor.sql.BasicBinder      : binding parameter [9] as [VARCHAR] - [null]
2020-06-10 18:11:46.170 TRACE 55751 --- [    Test worker] o.h.type.descriptor.sql.BasicBinder      : binding parameter [10] as [VARCHAR] - [null]
2020-06-10 18:11:46.170 TRACE 55751 --- [    Test worker] o.h.type.descriptor.sql.BasicBinder      : binding parameter [11] as [VARCHAR] - [Kayntiosoite 2B]
2020-06-10 18:11:46.170 TRACE 55751 --- [    Test worker] o.h.type.descriptor.sql.BasicBinder      : binding parameter [12] as [VARCHAR] - [kaynti]
2020-06-10 18:11:46.170 TRACE 55751 --- [    Test worker] o.h.type.descriptor.sql.BasicBinder      : binding parameter [13] as [VARCHAR] - [posti_00550]
2020-06-10 18:11:46.170 TRACE 55751 --- [    Test worker] o.h.type.descriptor.sql.BasicBinder      : binding parameter [14] as [VARCHAR] - [Helsinki]
2020-06-10 18:11:46.170 TRACE 55751 --- [    Test worker] o.h.type.descriptor.sql.BasicBinder      : binding parameter [15] as [DATE] - [null]
Hibernate: 
    insert 
    into
        yhteystieto
        (id, version, kieli, organisaatio_id, yhteystieto_oid, puhelinnumero, tyyppi, dtype) 
    values
        (null, ?, ?, ?, ?, ?, ?, 'Puhelinnumero')
2020-06-10 18:11:46.170 TRACE 55751 --- [    Test worker] o.h.type.descriptor.sql.BasicBinder      : binding parameter [1] as [BIGINT] - [0]
2020-06-10 18:11:46.170 TRACE 55751 --- [    Test worker] o.h.type.descriptor.sql.BasicBinder      : binding parameter [2] as [VARCHAR] - [kieli_fi#1]
2020-06-10 18:11:46.170 TRACE 55751 --- [    Test worker] o.h.type.descriptor.sql.BasicBinder      : binding parameter [3] as [BIGINT] - [28]
2020-06-10 18:11:46.170 TRACE 55751 --- [    Test worker] o.h.type.descriptor.sql.BasicBinder      : binding parameter [4] as [VARCHAR] - [1.2.246.562.5.76252421478]
2020-06-10 18:11:46.170 TRACE 55751 --- [    Test worker] o.h.type.descriptor.sql.BasicBinder      : binding parameter [5] as [VARCHAR] - [123]
2020-06-10 18:11:46.170 TRACE 55751 --- [    Test worker] o.h.type.descriptor.sql.BasicBinder      : binding parameter [6] as [VARCHAR] - [puhelin]
Hibernate: 
    insert 
    into
        yhteystieto
        (id, version, kieli, organisaatio_id, yhteystieto_oid, coordinatetype, extrarivi, lat, lng, maa, osavaltio, osoite, osoite_tyyppi, postinumero, postitoimipaikka, ytjpaivityspvm, dtype) 
    values
        (null, ?, ?, ?, ?, ?, ?, ?, ?, ?, ?, ?, ?, ?, ?, ?, 'Osoite')
2020-06-10 18:11:46.171 TRACE 55751 --- [    Test worker] o.h.type.descriptor.sql.BasicBinder      : binding parameter [1] as [BIGINT] - [0]
2020-06-10 18:11:46.171 TRACE 55751 --- [    Test worker] o.h.type.descriptor.sql.BasicBinder      : binding parameter [2] as [VARCHAR] - [kieli_fi#1]
2020-06-10 18:11:46.171 TRACE 55751 --- [    Test worker] o.h.type.descriptor.sql.BasicBinder      : binding parameter [3] as [BIGINT] - [28]
2020-06-10 18:11:46.171 TRACE 55751 --- [    Test worker] o.h.type.descriptor.sql.BasicBinder      : binding parameter [4] as [VARCHAR] - [1.2.246.562.5.66194462325]
2020-06-10 18:11:46.171 TRACE 55751 --- [    Test worker] o.h.type.descriptor.sql.BasicBinder      : binding parameter [5] as [VARCHAR] - [null]
2020-06-10 18:11:46.171 TRACE 55751 --- [    Test worker] o.h.type.descriptor.sql.BasicBinder      : binding parameter [6] as [VARCHAR] - [null]
2020-06-10 18:11:46.171 TRACE 55751 --- [    Test worker] o.h.type.descriptor.sql.BasicBinder      : binding parameter [7] as [DOUBLE] - [null]
2020-06-10 18:11:46.171 TRACE 55751 --- [    Test worker] o.h.type.descriptor.sql.BasicBinder      : binding parameter [8] as [DOUBLE] - [null]
2020-06-10 18:11:46.171 TRACE 55751 --- [    Test worker] o.h.type.descriptor.sql.BasicBinder      : binding parameter [9] as [VARCHAR] - [null]
2020-06-10 18:11:46.171 TRACE 55751 --- [    Test worker] o.h.type.descriptor.sql.BasicBinder      : binding parameter [10] as [VARCHAR] - [null]
2020-06-10 18:11:46.171 TRACE 55751 --- [    Test worker] o.h.type.descriptor.sql.BasicBinder      : binding parameter [11] as [VARCHAR] - [Postiosoite 1A]
2020-06-10 18:11:46.171 TRACE 55751 --- [    Test worker] o.h.type.descriptor.sql.BasicBinder      : binding parameter [12] as [VARCHAR] - [posti]
2020-06-10 18:11:46.171 TRACE 55751 --- [    Test worker] o.h.type.descriptor.sql.BasicBinder      : binding parameter [13] as [VARCHAR] - [00550]
2020-06-10 18:11:46.171 TRACE 55751 --- [    Test worker] o.h.type.descriptor.sql.BasicBinder      : binding parameter [14] as [VARCHAR] - [Helsinki]
2020-06-10 18:11:46.171 TRACE 55751 --- [    Test worker] o.h.type.descriptor.sql.BasicBinder      : binding parameter [15] as [DATE] - [null]
Hibernate: 
    insert 
    into
        yhteystieto
        (id, version, kieli, organisaatio_id, yhteystieto_oid, www_osoite, dtype) 
    values
        (null, ?, ?, ?, ?, ?, 'Www')
2020-06-10 18:11:46.172 TRACE 55751 --- [    Test worker] o.h.type.descriptor.sql.BasicBinder      : binding parameter [1] as [BIGINT] - [0]
2020-06-10 18:11:46.172 TRACE 55751 --- [    Test worker] o.h.type.descriptor.sql.BasicBinder      : binding parameter [2] as [VARCHAR] - [kieli_fi#1]
2020-06-10 18:11:46.172 TRACE 55751 --- [    Test worker] o.h.type.descriptor.sql.BasicBinder      : binding parameter [3] as [BIGINT] - [28]
2020-06-10 18:11:46.172 TRACE 55751 --- [    Test worker] o.h.type.descriptor.sql.BasicBinder      : binding parameter [4] as [VARCHAR] - [15918019058110.1393162896653365]
2020-06-10 18:11:46.172 TRACE 55751 --- [    Test worker] o.h.type.descriptor.sql.BasicBinder      : binding parameter [5] as [VARCHAR] - [http://test.oph.fi]
Hibernate: 
    insert 
    into
        yhteystieto
        (id, version, kieli, organisaatio_id, yhteystieto_oid, email, dtype) 
    values
        (null, ?, ?, ?, ?, ?, 'Email')
2020-06-10 18:11:46.172 TRACE 55751 --- [    Test worker] o.h.type.descriptor.sql.BasicBinder      : binding parameter [1] as [BIGINT] - [0]
2020-06-10 18:11:46.173 TRACE 55751 --- [    Test worker] o.h.type.descriptor.sql.BasicBinder      : binding parameter [2] as [VARCHAR] - [kieli_fi#1]
2020-06-10 18:11:46.173 TRACE 55751 --- [    Test worker] o.h.type.descriptor.sql.BasicBinder      : binding parameter [3] as [BIGINT] - [28]
2020-06-10 18:11:46.173 TRACE 55751 --- [    Test worker] o.h.type.descriptor.sql.BasicBinder      : binding parameter [4] as [VARCHAR] - [15918019058110.6558589475570549]
2020-06-10 18:11:46.173 TRACE 55751 --- [    Test worker] o.h.type.descriptor.sql.BasicBinder      : binding parameter [5] as [VARCHAR] - [asd@asd.asd]
2020-06-10 18:11:46.173  INFO 55751 --- [    Test worker] .s.o.r.i.OrganisaatioSuhdeRepositoryImpl : findParentTo(28, Wed Jun 10 18:11:46 EEST 2020)
Hibernate: 
    update
        organisaatio 
    set
        version=?,
        alkupvm=?,
        domainnimi=?,
        kotipaikka=?,
        kuvaus_mkt=?,
        lakkautuspvm=?,
        maa=?,
        metadata_id=?,
        nimi_mkt=?,
        nimihaku=?,
        oid=?,
        opetuspisteenjarjnro=?,
        oppilaitoskoodi=?,
        oppilaitos_tyyppi=?,
        organisaatio_poistettu=?,
        paivittaja=?,
        paivityspvm=?,
        parentidpath=?,
        parentoidpath=?,
        piilotettu=?,
        tarkastus_pvm=?,
        toimipistekoodi=?,
        tuontipvm=?,
        varhaiskasvatuksen_toimipaikka_tiedot_id=?,
        virastotunnus=?,
        yhteishaunkoulukoodi=?,
        yritysmuoto=?,
        ytj_kieli=?,
        ytjpaivityspvm=?,
        ytunnus=? 
    where
        id=? 
        and version=?
2020-06-10 18:11:46.174 TRACE 55751 --- [    Test worker] o.h.type.descriptor.sql.BasicBinder      : binding parameter [1] as [BIGINT] - [1]
2020-06-10 18:11:46.175 TRACE 55751 --- [    Test worker] o.h.type.descriptor.sql.BasicBinder      : binding parameter [2] as [DATE] - [Fri Dec 31 00:00:00 EET 1999]
2020-06-10 18:11:46.175 TRACE 55751 --- [    Test worker] o.h.type.descriptor.sql.BasicBinder      : binding parameter [3] as [VARCHAR] - [null]
2020-06-10 18:11:46.175 TRACE 55751 --- [    Test worker] o.h.type.descriptor.sql.BasicBinder      : binding parameter [4] as [VARCHAR] - [kunta_092]
2020-06-10 18:11:46.175 TRACE 55751 --- [    Test worker] o.h.type.descriptor.sql.BasicBinder      : binding parameter [5] as [BIGINT] - [1036]
2020-06-10 18:11:46.175 TRACE 55751 --- [    Test worker] o.h.type.descriptor.sql.BasicBinder      : binding parameter [6] as [DATE] - [null]
2020-06-10 18:11:46.175 TRACE 55751 --- [    Test worker] o.h.type.descriptor.sql.BasicBinder      : binding parameter [7] as [VARCHAR] - [maatjavaltiot1_fin]
2020-06-10 18:11:46.175 TRACE 55751 --- [    Test worker] o.h.type.descriptor.sql.BasicBinder      : binding parameter [8] as [BIGINT] - [null]
2020-06-10 18:11:46.175 TRACE 55751 --- [    Test worker] o.h.type.descriptor.sql.BasicBinder      : binding parameter [9] as [BIGINT] - [1037]
2020-06-10 18:11:46.175 TRACE 55751 --- [    Test worker] o.h.type.descriptor.sql.BasicBinder      : binding parameter [10] as [VARCHAR] - [,oppilaitos]
2020-06-10 18:11:46.175 TRACE 55751 --- [    Test worker] o.h.type.descriptor.sql.BasicBinder      : binding parameter [11] as [VARCHAR] - [oppilaitos]
2020-06-10 18:11:46.175 TRACE 55751 --- [    Test worker] o.h.type.descriptor.sql.BasicBinder      : binding parameter [12] as [VARCHAR] - [null]
2020-06-10 18:11:46.175 TRACE 55751 --- [    Test worker] o.h.type.descriptor.sql.BasicBinder      : binding parameter [13] as [VARCHAR] - [null]
2020-06-10 18:11:46.175 TRACE 55751 --- [    Test worker] o.h.type.descriptor.sql.BasicBinder      : binding parameter [14] as [VARCHAR] - [null]
2020-06-10 18:11:46.175 TRACE 55751 --- [    Test worker] o.h.type.descriptor.sql.BasicBinder      : binding parameter [15] as [BOOLEAN] - [false]
2020-06-10 18:11:46.175 TRACE 55751 --- [    Test worker] o.h.type.descriptor.sql.BasicBinder      : binding parameter [16] as [VARCHAR] - [ophadmin]
2020-06-10 18:11:46.175 TRACE 55751 --- [    Test worker] o.h.type.descriptor.sql.BasicBinder      : binding parameter [17] as [TIMESTAMP] - [Wed Jun 10 18:11:46 EEST 2020]
2020-06-10 18:11:46.175 TRACE 55751 --- [    Test worker] o.h.type.descriptor.sql.BasicBinder      : binding parameter [18] as [VARCHAR] - [|1|26|]
2020-06-10 18:11:46.175 TRACE 55751 --- [    Test worker] o.h.type.descriptor.sql.BasicBinder      : binding parameter [19] as [VARCHAR] - [|1.2.246.562.24.00000000001|koulutustoimija1|]
2020-06-10 18:11:46.175 TRACE 55751 --- [    Test worker] o.h.type.descriptor.sql.BasicBinder      : binding parameter [20] as [BOOLEAN] - [false]
2020-06-10 18:11:46.175 TRACE 55751 --- [    Test worker] o.h.type.descriptor.sql.BasicBinder      : binding parameter [21] as [TIMESTAMP] - [null]
2020-06-10 18:11:46.175 TRACE 55751 --- [    Test worker] o.h.type.descriptor.sql.BasicBinder      : binding parameter [22] as [VARCHAR] - [null]
2020-06-10 18:11:46.175 TRACE 55751 --- [    Test worker] o.h.type.descriptor.sql.BasicBinder      : binding parameter [23] as [TIMESTAMP] - [null]
2020-06-10 18:11:46.175 TRACE 55751 --- [    Test worker] o.h.type.descriptor.sql.BasicBinder      : binding parameter [24] as [BIGINT] - [null]
2020-06-10 18:11:46.175 TRACE 55751 --- [    Test worker] o.h.type.descriptor.sql.BasicBinder      : binding parameter [25] as [VARCHAR] - [null]
2020-06-10 18:11:46.175 TRACE 55751 --- [    Test worker] o.h.type.descriptor.sql.BasicBinder      : binding parameter [26] as [VARCHAR] - [null]
2020-06-10 18:11:46.175 TRACE 55751 --- [    Test worker] o.h.type.descriptor.sql.BasicBinder      : binding parameter [27] as [VARCHAR] - [null]
2020-06-10 18:11:46.175 TRACE 55751 --- [    Test worker] o.h.type.descriptor.sql.BasicBinder      : binding parameter [28] as [VARCHAR] - [null]
2020-06-10 18:11:46.175 TRACE 55751 --- [    Test worker] o.h.type.descriptor.sql.BasicBinder      : binding parameter [29] as [DATE] - [null]
2020-06-10 18:11:46.175 TRACE 55751 --- [    Test worker] o.h.type.descriptor.sql.BasicBinder      : binding parameter [30] as [VARCHAR] - [null]
2020-06-10 18:11:46.175 TRACE 55751 --- [    Test worker] o.h.type.descriptor.sql.BasicBinder      : binding parameter [31] as [BIGINT] - [28]
2020-06-10 18:11:46.175 TRACE 55751 --- [    Test worker] o.h.type.descriptor.sql.BasicBinder      : binding parameter [32] as [BIGINT] - [0]
Hibernate: 
    insert 
    into
        organisaatio_kielet
        (organisaatio_id, kielet) 
    values
        (?, ?)
2020-06-10 18:11:46.176 TRACE 55751 --- [    Test worker] o.h.type.descriptor.sql.BasicBinder      : binding parameter [1] as [BIGINT] - [28]
2020-06-10 18:11:46.176 TRACE 55751 --- [    Test worker] o.h.type.descriptor.sql.BasicBinder      : binding parameter [2] as [VARCHAR] - [oppilaitoksenopetuskieli_1#1]
Hibernate: 
    insert 
    into
        organisaatio_tyypit
        (organisaatio_id, tyypit) 
    values
        (?, ?)
2020-06-10 18:11:46.176 TRACE 55751 --- [    Test worker] o.h.type.descriptor.sql.BasicBinder      : binding parameter [1] as [BIGINT] - [28]
2020-06-10 18:11:46.176 TRACE 55751 --- [    Test worker] o.h.type.descriptor.sql.BasicBinder      : binding parameter [2] as [VARCHAR] - [organisaatiotyyppi_02]
Hibernate: 
    insert 
    into
        monikielinen_teksti_values
        (id, key, value) 
    values
        (?, ?, ?)
2020-06-10 18:11:46.176 TRACE 55751 --- [    Test worker] o.h.type.descriptor.sql.BasicBinder      : binding parameter [1] as [BIGINT] - [1037]
2020-06-10 18:11:46.176 TRACE 55751 --- [    Test worker] o.h.type.descriptor.sql.BasicBinder      : binding parameter [2] as [VARCHAR] - [fi]
2020-06-10 18:11:46.176 TRACE 55751 --- [    Test worker] o.h.type.descriptor.sql.BasicBinder      : binding parameter [3] as [VARCHAR] - [oppilaitos]
Hibernate: 
    select
        organisaat0_.id as id1_19_0_,
        organisaat1_.id as id1_5_1_,
        organisaat0_.version as version2_19_0_,
        organisaat0_.alkupvm as alkupvm3_19_0_,
        organisaat0_.child_id as child_id7_19_0_,
        organisaat0_.loppupvm as loppupvm4_19_0_,
        organisaat0_.opetuspisteenjarjnro as opetuspi5_19_0_,
        organisaat0_.parent_id as parent_i8_19_0_,
        organisaat0_.suhdetyyppi as suhdetyy6_19_0_,
        organisaat1_.version as version2_5_1_,
        organisaat1_.alkupvm as alkupvm3_5_1_,
        organisaat1_.domainnimi as domainni4_5_1_,
        organisaat1_.kotipaikka as kotipaik5_5_1_,
        organisaat1_.kuvaus_mkt as kuvaus_28_5_1_,
        organisaat1_.lakkautuspvm as lakkautu6_5_1_,
        organisaat1_.maa as maa7_5_1_,
        organisaat1_.metadata_id as metadat29_5_1_,
        organisaat1_.nimi_mkt as nimi_mk30_5_1_,
        organisaat1_.nimihaku as nimihaku8_5_1_,
        organisaat1_.oid as oid9_5_1_,
        organisaat1_.opetuspisteenjarjnro as opetusp10_5_1_,
        organisaat1_.oppilaitoskoodi as oppilai11_5_1_,
        organisaat1_.oppilaitos_tyyppi as oppilai12_5_1_,
        organisaat1_.organisaatio_poistettu as organis13_5_1_,
        organisaat1_.paivittaja as paivitt14_5_1_,
        organisaat1_.paivityspvm as paivity15_5_1_,
        organisaat1_.parentidpath as parenti16_5_1_,
        organisaat1_.parentoidpath as parento17_5_1_,
        organisaat1_.piilotettu as piilote18_5_1_,
        organisaat1_.tarkastus_pvm as tarkast19_5_1_,
        organisaat1_.toimipistekoodi as toimipi20_5_1_,
        organisaat1_.tuontipvm as tuontip21_5_1_,
        organisaat1_.varhaiskasvatuksen_toimipaikka_tiedot_id as varhais31_5_1_,
        organisaat1_.virastotunnus as virasto22_5_1_,
        organisaat1_.yhteishaunkoulukoodi as yhteish23_5_1_,
        organisaat1_.yritysmuoto as yritysm24_5_1_,
        organisaat1_.ytj_kieli as ytj_kie25_5_1_,
        organisaat1_.ytjpaivityspvm as ytjpaiv26_5_1_,
        organisaat1_.ytunnus as ytunnus27_5_1_ 
    from
        organisaatiosuhde organisaat0_ 
    inner join
        organisaatio organisaat1_ 
            on organisaat0_.parent_id=organisaat1_.id 
    where
        organisaat0_.child_id=? 
        and organisaat0_.suhdetyyppi=? 
        and (
            organisaat0_.alkupvm=? 
            or organisaat0_.alkupvm<?
        ) 
        and (
            organisaat0_.loppupvm is null 
            or organisaat0_.loppupvm>?
        ) 
        and organisaat1_.organisaatio_poistettu=? 
    order by
        organisaat0_.alkupvm desc
2020-06-10 18:11:46.177 TRACE 55751 --- [    Test worker] o.h.type.descriptor.sql.BasicBinder      : binding parameter [1] as [BIGINT] - [28]
2020-06-10 18:11:46.177 TRACE 55751 --- [    Test worker] o.h.type.descriptor.sql.BasicBinder      : binding parameter [2] as [VARCHAR] - [HISTORIA]
2020-06-10 18:11:46.177 TRACE 55751 --- [    Test worker] o.h.type.descriptor.sql.BasicBinder      : binding parameter [3] as [DATE] - [Wed Jun 10 18:11:46 EEST 2020]
2020-06-10 18:11:46.177 TRACE 55751 --- [    Test worker] o.h.type.descriptor.sql.BasicBinder      : binding parameter [4] as [DATE] - [Wed Jun 10 18:11:46 EEST 2020]
2020-06-10 18:11:46.177 TRACE 55751 --- [    Test worker] o.h.type.descriptor.sql.BasicBinder      : binding parameter [5] as [DATE] - [Wed Jun 10 18:11:46 EEST 2020]
2020-06-10 18:11:46.177 TRACE 55751 --- [    Test worker] o.h.type.descriptor.sql.BasicBinder      : binding parameter [6] as [BOOLEAN] - [false]
2020-06-10 18:11:46.177  INFO 55751 --- [    Test worker] .s.o.r.i.OrganisaatioSuhdeRepositoryImpl : addChild(26, 28, Wed Jun 10 18:11:46 EEST 2020)
Hibernate: 
    insert 
    into
        organisaatiosuhde
        (id, version, alkupvm, child_id, loppupvm, opetuspisteenjarjnro, parent_id, suhdetyyppi) 
    values
        (null, ?, ?, ?, ?, ?, ?, ?)
2020-06-10 18:11:46.178 TRACE 55751 --- [    Test worker] o.h.type.descriptor.sql.BasicBinder      : binding parameter [1] as [BIGINT] - [0]
2020-06-10 18:11:46.178 TRACE 55751 --- [    Test worker] o.h.type.descriptor.sql.BasicBinder      : binding parameter [2] as [DATE] - [Wed Jun 10 18:11:46 EEST 2020]
2020-06-10 18:11:46.178 TRACE 55751 --- [    Test worker] o.h.type.descriptor.sql.BasicBinder      : binding parameter [3] as [BIGINT] - [28]
2020-06-10 18:11:46.178 TRACE 55751 --- [    Test worker] o.h.type.descriptor.sql.BasicBinder      : binding parameter [4] as [DATE] - [null]
2020-06-10 18:11:46.178 TRACE 55751 --- [    Test worker] o.h.type.descriptor.sql.BasicBinder      : binding parameter [5] as [VARCHAR] - [null]
2020-06-10 18:11:46.178 TRACE 55751 --- [    Test worker] o.h.type.descriptor.sql.BasicBinder      : binding parameter [6] as [BIGINT] - [26]
2020-06-10 18:11:46.178 TRACE 55751 --- [    Test worker] o.h.type.descriptor.sql.BasicBinder      : binding parameter [7] as [VARCHAR] - [HISTORIA]
2020-06-10 18:11:46.178  INFO 55751 --- [    Test worker] .s.o.r.i.OrganisaatioSuhdeRepositoryImpl :     Created new child relation:  --> pId=26, cId=28, aPvm=Wed Jun 10 18:11:46 EEST 2020, lPvm=null
Hibernate: 
    select
        organisaat0_.id as id1_19_,
        organisaat0_.version as version2_19_,
        organisaat0_.alkupvm as alkupvm3_19_,
        organisaat0_.child_id as child_id7_19_,
        organisaat0_.loppupvm as loppupvm4_19_,
        organisaat0_.opetuspisteenjarjnro as opetuspi5_19_,
        organisaat0_.parent_id as parent_i8_19_,
        organisaat0_.suhdetyyppi as suhdetyy6_19_ 
    from
        organisaatiosuhde organisaat0_ 
    where
        organisaat0_.child_id=?
2020-06-10 18:11:46.179 TRACE 55751 --- [    Test worker] o.h.type.descriptor.sql.BasicBinder      : binding parameter [1] as [BIGINT] - [28]
2020-06-10 18:11:46.179 TRACE 55751 --- [    Test worker] o.h.type.descriptor.sql.BasicExtractor   : extracted value ([id1_19_] : [BIGINT]) - [31]
Hibernate: 
    select
        organisaat0_.id as id1_5_,
        organisaat0_.version as version2_5_,
        organisaat0_.alkupvm as alkupvm3_5_,
        organisaat0_.domainnimi as domainni4_5_,
        organisaat0_.kotipaikka as kotipaik5_5_,
        organisaat0_.kuvaus_mkt as kuvaus_28_5_,
        organisaat0_.lakkautuspvm as lakkautu6_5_,
        organisaat0_.maa as maa7_5_,
        organisaat0_.metadata_id as metadat29_5_,
        organisaat0_.nimi_mkt as nimi_mk30_5_,
        organisaat0_.nimihaku as nimihaku8_5_,
        organisaat0_.oid as oid9_5_,
        organisaat0_.opetuspisteenjarjnro as opetusp10_5_,
        organisaat0_.oppilaitoskoodi as oppilai11_5_,
        organisaat0_.oppilaitos_tyyppi as oppilai12_5_,
        organisaat0_.organisaatio_poistettu as organis13_5_,
        organisaat0_.paivittaja as paivitt14_5_,
        organisaat0_.paivityspvm as paivity15_5_,
        organisaat0_.parentidpath as parenti16_5_,
        organisaat0_.parentoidpath as parento17_5_,
        organisaat0_.piilotettu as piilote18_5_,
        organisaat0_.tarkastus_pvm as tarkast19_5_,
        organisaat0_.toimipistekoodi as toimipi20_5_,
        organisaat0_.tuontipvm as tuontip21_5_,
        organisaat0_.varhaiskasvatuksen_toimipaikka_tiedot_id as varhais31_5_,
        organisaat0_.virastotunnus as virasto22_5_,
        organisaat0_.yhteishaunkoulukoodi as yhteish23_5_,
        organisaat0_.yritysmuoto as yritysm24_5_,
        organisaat0_.ytj_kieli as ytj_kie25_5_,
        organisaat0_.ytjpaivityspvm as ytjpaiv26_5_,
        organisaat0_.ytunnus as ytunnus27_5_ 
    from
        organisaatio organisaat0_ 
    where
        organisaat0_.oid=?
2020-06-10 18:11:46.180 TRACE 55751 --- [    Test worker] o.h.type.descriptor.sql.BasicBinder      : binding parameter [1] as [VARCHAR] - [oppilaitos]
2020-06-10 18:11:46.181 TRACE 55751 --- [    Test worker] o.h.type.descriptor.sql.BasicExtractor   : extracted value ([id1_5_] : [BIGINT]) - [28]
Hibernate: 
    select
        organisaat0_.id as id1_5_,
        organisaat0_.version as version2_5_,
        organisaat0_.alkupvm as alkupvm3_5_,
        organisaat0_.domainnimi as domainni4_5_,
        organisaat0_.kotipaikka as kotipaik5_5_,
        organisaat0_.kuvaus_mkt as kuvaus_28_5_,
        organisaat0_.lakkautuspvm as lakkautu6_5_,
        organisaat0_.maa as maa7_5_,
        organisaat0_.metadata_id as metadat29_5_,
        organisaat0_.nimi_mkt as nimi_mk30_5_,
        organisaat0_.nimihaku as nimihaku8_5_,
        organisaat0_.oid as oid9_5_,
        organisaat0_.opetuspisteenjarjnro as opetusp10_5_,
        organisaat0_.oppilaitoskoodi as oppilai11_5_,
        organisaat0_.oppilaitos_tyyppi as oppilai12_5_,
        organisaat0_.organisaatio_poistettu as organis13_5_,
        organisaat0_.paivittaja as paivitt14_5_,
        organisaat0_.paivityspvm as paivity15_5_,
        organisaat0_.parentidpath as parenti16_5_,
        organisaat0_.parentoidpath as parento17_5_,
        organisaat0_.piilotettu as piilote18_5_,
        organisaat0_.tarkastus_pvm as tarkast19_5_,
        organisaat0_.toimipistekoodi as toimipi20_5_,
        organisaat0_.tuontipvm as tuontip21_5_,
        organisaat0_.varhaiskasvatuksen_toimipaikka_tiedot_id as varhais31_5_,
        organisaat0_.virastotunnus as virasto22_5_,
        organisaat0_.yhteishaunkoulukoodi as yhteish23_5_,
        organisaat0_.yritysmuoto as yritysm24_5_,
        organisaat0_.ytj_kieli as ytj_kie25_5_,
        organisaat0_.ytjpaivityspvm as ytjpaiv26_5_,
        organisaat0_.ytunnus as ytunnus27_5_ 
    from
        organisaatio organisaat0_ 
    where
        organisaat0_.oid=?
2020-06-10 18:11:46.183 TRACE 55751 --- [    Test worker] o.h.type.descriptor.sql.BasicBinder      : binding parameter [1] as [VARCHAR] - [toimipiste]
Hibernate: 
    select
        organisaat0_.id as id1_5_,
        organisaat0_.version as version2_5_,
        organisaat0_.alkupvm as alkupvm3_5_,
        organisaat0_.domainnimi as domainni4_5_,
        organisaat0_.kotipaikka as kotipaik5_5_,
        organisaat0_.kuvaus_mkt as kuvaus_28_5_,
        organisaat0_.lakkautuspvm as lakkautu6_5_,
        organisaat0_.maa as maa7_5_,
        organisaat0_.metadata_id as metadat29_5_,
        organisaat0_.nimi_mkt as nimi_mk30_5_,
        organisaat0_.nimihaku as nimihaku8_5_,
        organisaat0_.oid as oid9_5_,
        organisaat0_.opetuspisteenjarjnro as opetusp10_5_,
        organisaat0_.oppilaitoskoodi as oppilai11_5_,
        organisaat0_.oppilaitos_tyyppi as oppilai12_5_,
        organisaat0_.organisaatio_poistettu as organis13_5_,
        organisaat0_.paivittaja as paivitt14_5_,
        organisaat0_.paivityspvm as paivity15_5_,
        organisaat0_.parentidpath as parenti16_5_,
        organisaat0_.parentoidpath as parento17_5_,
        organisaat0_.piilotettu as piilote18_5_,
        organisaat0_.tarkastus_pvm as tarkast19_5_,
        organisaat0_.toimipistekoodi as toimipi20_5_,
        organisaat0_.tuontipvm as tuontip21_5_,
        organisaat0_.varhaiskasvatuksen_toimipaikka_tiedot_id as varhais31_5_,
        organisaat0_.virastotunnus as virasto22_5_,
        organisaat0_.yhteishaunkoulukoodi as yhteish23_5_,
        organisaat0_.yritysmuoto as yritysm24_5_,
        organisaat0_.ytj_kieli as ytj_kie25_5_,
        organisaat0_.ytjpaivityspvm as ytjpaiv26_5_,
        organisaat0_.ytunnus as ytunnus27_5_ 
    from
        organisaatio organisaat0_ 
    where
        organisaat0_.oid=?
2020-06-10 18:11:46.185 TRACE 55751 --- [    Test worker] o.h.type.descriptor.sql.BasicBinder      : binding parameter [1] as [VARCHAR] - [oppilaitos]
2020-06-10 18:11:46.185 TRACE 55751 --- [    Test worker] o.h.type.descriptor.sql.BasicExtractor   : extracted value ([id1_5_] : [BIGINT]) - [28]
2020-06-10 18:11:46.419  WARN 55751 --- [    Test worker] fi.vm.sade.javautils.http.OphHttpClient  : Failed to CAS authenticate. Renewing proxy ticket.
Hibernate: 
    select
        organisaat0_.id as id1_5_,
        organisaat0_.version as version2_5_,
        organisaat0_.alkupvm as alkupvm3_5_,
        organisaat0_.domainnimi as domainni4_5_,
        organisaat0_.kotipaikka as kotipaik5_5_,
        organisaat0_.kuvaus_mkt as kuvaus_28_5_,
        organisaat0_.lakkautuspvm as lakkautu6_5_,
        organisaat0_.maa as maa7_5_,
        organisaat0_.metadata_id as metadat29_5_,
        organisaat0_.nimi_mkt as nimi_mk30_5_,
        organisaat0_.nimihaku as nimihaku8_5_,
        organisaat0_.oid as oid9_5_,
        organisaat0_.opetuspisteenjarjnro as opetusp10_5_,
        organisaat0_.oppilaitoskoodi as oppilai11_5_,
        organisaat0_.oppilaitos_tyyppi as oppilai12_5_,
        organisaat0_.organisaatio_poistettu as organis13_5_,
        organisaat0_.paivittaja as paivitt14_5_,
        organisaat0_.paivityspvm as paivity15_5_,
        organisaat0_.parentidpath as parenti16_5_,
        organisaat0_.parentoidpath as parento17_5_,
        organisaat0_.piilotettu as piilote18_5_,
        organisaat0_.tarkastus_pvm as tarkast19_5_,
        organisaat0_.toimipistekoodi as toimipi20_5_,
        organisaat0_.tuontipvm as tuontip21_5_,
        organisaat0_.varhaiskasvatuksen_toimipaikka_tiedot_id as varhais31_5_,
        organisaat0_.virastotunnus as virasto22_5_,
        organisaat0_.yhteishaunkoulukoodi as yhteish23_5_,
        organisaat0_.yritysmuoto as yritysm24_5_,
        organisaat0_.ytj_kieli as ytj_kie25_5_,
        organisaat0_.ytjpaivityspvm as ytjpaiv26_5_,
        organisaat0_.ytunnus as ytunnus27_5_ 
    from
        organisaatio organisaat0_ 
    where
        organisaat0_.oid=?
2020-06-10 18:11:46.534 TRACE 55751 --- [    Test worker] o.h.type.descriptor.sql.BasicBinder      : binding parameter [1] as [VARCHAR] - [oppilaitos]
2020-06-10 18:11:46.534 TRACE 55751 --- [    Test worker] o.h.type.descriptor.sql.BasicExtractor   : extracted value ([id1_5_] : [BIGINT]) - [28]
2020-06-10 18:11:46.534  WARN 55751 --- [    Test worker] f.v.s.o.b.i.OrganisaatioBusinessChecker  : Invalid organisation name format: For toimipiste, name must be prefixed with parent name (lang:fi, name:toimipiste, parentname:oppilaitos)
Hibernate: 
    select
        organisaat0_.id as id1_5_,
        organisaat0_.version as version2_5_,
        organisaat0_.alkupvm as alkupvm3_5_,
        organisaat0_.domainnimi as domainni4_5_,
        organisaat0_.kotipaikka as kotipaik5_5_,
        organisaat0_.kuvaus_mkt as kuvaus_28_5_,
        organisaat0_.lakkautuspvm as lakkautu6_5_,
        organisaat0_.maa as maa7_5_,
        organisaat0_.metadata_id as metadat29_5_,
        organisaat0_.nimi_mkt as nimi_mk30_5_,
        organisaat0_.nimihaku as nimihaku8_5_,
        organisaat0_.oid as oid9_5_,
        organisaat0_.opetuspisteenjarjnro as opetusp10_5_,
        organisaat0_.oppilaitoskoodi as oppilai11_5_,
        organisaat0_.oppilaitos_tyyppi as oppilai12_5_,
        organisaat0_.organisaatio_poistettu as organis13_5_,
        organisaat0_.paivittaja as paivitt14_5_,
        organisaat0_.paivityspvm as paivity15_5_,
        organisaat0_.parentidpath as parenti16_5_,
        organisaat0_.parentoidpath as parento17_5_,
        organisaat0_.piilotettu as piilote18_5_,
        organisaat0_.tarkastus_pvm as tarkast19_5_,
        organisaat0_.toimipistekoodi as toimipi20_5_,
        organisaat0_.tuontipvm as tuontip21_5_,
        organisaat0_.varhaiskasvatuksen_toimipaikka_tiedot_id as varhais31_5_,
        organisaat0_.virastotunnus as virasto22_5_,
        organisaat0_.yhteishaunkoulukoodi as yhteish23_5_,
        organisaat0_.yritysmuoto as yritysm24_5_,
        organisaat0_.ytj_kieli as ytj_kie25_5_,
        organisaat0_.ytjpaivityspvm as ytjpaiv26_5_,
        organisaat0_.ytunnus as ytunnus27_5_ 
    from
        organisaatio organisaat0_ 
    where
        organisaat0_.oid=?
2020-06-10 18:11:46.535 TRACE 55751 --- [    Test worker] o.h.type.descriptor.sql.BasicBinder      : binding parameter [1] as [VARCHAR] - [oppilaitos]
2020-06-10 18:11:46.535 TRACE 55751 --- [    Test worker] o.h.type.descriptor.sql.BasicExtractor   : extracted value ([id1_5_] : [BIGINT]) - [28]
Hibernate: 
    select
        organisaat0_.id as id1_5_,
        organisaat0_.version as version2_5_,
        organisaat0_.alkupvm as alkupvm3_5_,
        organisaat0_.domainnimi as domainni4_5_,
        organisaat0_.kotipaikka as kotipaik5_5_,
        organisaat0_.kuvaus_mkt as kuvaus_28_5_,
        organisaat0_.lakkautuspvm as lakkautu6_5_,
        organisaat0_.maa as maa7_5_,
        organisaat0_.metadata_id as metadat29_5_,
        organisaat0_.nimi_mkt as nimi_mk30_5_,
        organisaat0_.nimihaku as nimihaku8_5_,
        organisaat0_.oid as oid9_5_,
        organisaat0_.opetuspisteenjarjnro as opetusp10_5_,
        organisaat0_.oppilaitoskoodi as oppilai11_5_,
        organisaat0_.oppilaitos_tyyppi as oppilai12_5_,
        organisaat0_.organisaatio_poistettu as organis13_5_,
        organisaat0_.paivittaja as paivitt14_5_,
        organisaat0_.paivityspvm as paivity15_5_,
        organisaat0_.parentidpath as parenti16_5_,
        organisaat0_.parentoidpath as parento17_5_,
        organisaat0_.piilotettu as piilote18_5_,
        organisaat0_.tarkastus_pvm as tarkast19_5_,
        organisaat0_.toimipistekoodi as toimipi20_5_,
        organisaat0_.tuontipvm as tuontip21_5_,
        organisaat0_.varhaiskasvatuksen_toimipaikka_tiedot_id as varhais31_5_,
        organisaat0_.virastotunnus as virasto22_5_,
        organisaat0_.yhteishaunkoulukoodi as yhteish23_5_,
        organisaat0_.yritysmuoto as yritysm24_5_,
        organisaat0_.ytj_kieli as ytj_kie25_5_,
        organisaat0_.ytjpaivityspvm as ytjpaiv26_5_,
        organisaat0_.ytunnus as ytunnus27_5_ 
    from
        organisaatio organisaat0_ 
    where
        organisaat0_.toimipistekoodi=?
2020-06-10 18:11:46.536 TRACE 55751 --- [    Test worker] o.h.type.descriptor.sql.BasicBinder      : binding parameter [1] as [VARCHAR] - [null01]
Hibernate: 
    insert 
    into
        monikielinen_teksti
        (id, version) 
    values
        (null, ?)
2020-06-10 18:11:46.537 TRACE 55751 --- [    Test worker] o.h.type.descriptor.sql.BasicBinder      : binding parameter [1] as [BIGINT] - [0]
Hibernate: 
    insert 
    into
        monikielinen_teksti
        (id, version) 
    values
        (null, ?)
2020-06-10 18:11:46.538 TRACE 55751 --- [    Test worker] o.h.type.descriptor.sql.BasicBinder      : binding parameter [1] as [BIGINT] - [0]
Hibernate: 
    insert 
    into
        organisaatio
        (id, version, alkupvm, domainnimi, kotipaikka, kuvaus_mkt, lakkautuspvm, maa, metadata_id, nimi_mkt, nimihaku, oid, opetuspisteenjarjnro, oppilaitoskoodi, oppilaitos_tyyppi, organisaatio_poistettu, paivittaja, paivityspvm, parentidpath, parentoidpath, piilotettu, tarkastus_pvm, toimipistekoodi, tuontipvm, varhaiskasvatuksen_toimipaikka_tiedot_id, virastotunnus, yhteishaunkoulukoodi, yritysmuoto, ytj_kieli, ytjpaivityspvm, ytunnus) 
    values
        (null, ?, ?, ?, ?, ?, ?, ?, ?, ?, ?, ?, ?, ?, ?, ?, ?, ?, ?, ?, ?, ?, ?, ?, ?, ?, ?, ?, ?, ?, ?)
2020-06-10 18:11:46.538 TRACE 55751 --- [    Test worker] o.h.type.descriptor.sql.BasicBinder      : binding parameter [1] as [BIGINT] - [0]
2020-06-10 18:11:46.538 TRACE 55751 --- [    Test worker] o.h.type.descriptor.sql.BasicBinder      : binding parameter [2] as [DATE] - [Fri Dec 31 00:00:00 EET 1999]
2020-06-10 18:11:46.538 TRACE 55751 --- [    Test worker] o.h.type.descriptor.sql.BasicBinder      : binding parameter [3] as [VARCHAR] - [null]
2020-06-10 18:11:46.538 TRACE 55751 --- [    Test worker] o.h.type.descriptor.sql.BasicBinder      : binding parameter [4] as [VARCHAR] - [kunta_092]
2020-06-10 18:11:46.538 TRACE 55751 --- [    Test worker] o.h.type.descriptor.sql.BasicBinder      : binding parameter [5] as [BIGINT] - [1038]
2020-06-10 18:11:46.538 TRACE 55751 --- [    Test worker] o.h.type.descriptor.sql.BasicBinder      : binding parameter [6] as [DATE] - [null]
2020-06-10 18:11:46.538 TRACE 55751 --- [    Test worker] o.h.type.descriptor.sql.BasicBinder      : binding parameter [7] as [VARCHAR] - [maatjavaltiot1_fin]
2020-06-10 18:11:46.538 TRACE 55751 --- [    Test worker] o.h.type.descriptor.sql.BasicBinder      : binding parameter [8] as [BIGINT] - [null]
2020-06-10 18:11:46.538 TRACE 55751 --- [    Test worker] o.h.type.descriptor.sql.BasicBinder      : binding parameter [9] as [BIGINT] - [1039]
2020-06-10 18:11:46.538 TRACE 55751 --- [    Test worker] o.h.type.descriptor.sql.BasicBinder      : binding parameter [10] as [VARCHAR] - [,toimipiste]
2020-06-10 18:11:46.538 TRACE 55751 --- [    Test worker] o.h.type.descriptor.sql.BasicBinder      : binding parameter [11] as [VARCHAR] - [toimipiste]
2020-06-10 18:11:46.539 TRACE 55751 --- [    Test worker] o.h.type.descriptor.sql.BasicBinder      : binding parameter [12] as [VARCHAR] - [01]
2020-06-10 18:11:46.539 TRACE 55751 --- [    Test worker] o.h.type.descriptor.sql.BasicBinder      : binding parameter [13] as [VARCHAR] - [null]
2020-06-10 18:11:46.539 TRACE 55751 --- [    Test worker] o.h.type.descriptor.sql.BasicBinder      : binding parameter [14] as [VARCHAR] - [null]
2020-06-10 18:11:46.539 TRACE 55751 --- [    Test worker] o.h.type.descriptor.sql.BasicBinder      : binding parameter [15] as [BOOLEAN] - [false]
2020-06-10 18:11:46.539 TRACE 55751 --- [    Test worker] o.h.type.descriptor.sql.BasicBinder      : binding parameter [16] as [VARCHAR] - [ophadmin]
2020-06-10 18:11:46.539 TRACE 55751 --- [    Test worker] o.h.type.descriptor.sql.BasicBinder      : binding parameter [17] as [TIMESTAMP] - [Wed Jun 10 18:11:46 EEST 2020]
2020-06-10 18:11:46.539 TRACE 55751 --- [    Test worker] o.h.type.descriptor.sql.BasicBinder      : binding parameter [18] as [VARCHAR] - [|1|26|28|]
2020-06-10 18:11:46.539 TRACE 55751 --- [    Test worker] o.h.type.descriptor.sql.BasicBinder      : binding parameter [19] as [VARCHAR] - [|1.2.246.562.24.00000000001|koulutustoimija1|oppilaitos|]
2020-06-10 18:11:46.539 TRACE 55751 --- [    Test worker] o.h.type.descriptor.sql.BasicBinder      : binding parameter [20] as [BOOLEAN] - [false]
2020-06-10 18:11:46.539 TRACE 55751 --- [    Test worker] o.h.type.descriptor.sql.BasicBinder      : binding parameter [21] as [TIMESTAMP] - [null]
2020-06-10 18:11:46.539 TRACE 55751 --- [    Test worker] o.h.type.descriptor.sql.BasicBinder      : binding parameter [22] as [VARCHAR] - [null01]
2020-06-10 18:11:46.539 TRACE 55751 --- [    Test worker] o.h.type.descriptor.sql.BasicBinder      : binding parameter [23] as [TIMESTAMP] - [null]
2020-06-10 18:11:46.539 TRACE 55751 --- [    Test worker] o.h.type.descriptor.sql.BasicBinder      : binding parameter [24] as [BIGINT] - [null]
2020-06-10 18:11:46.539 TRACE 55751 --- [    Test worker] o.h.type.descriptor.sql.BasicBinder      : binding parameter [25] as [VARCHAR] - [null]
2020-06-10 18:11:46.539 TRACE 55751 --- [    Test worker] o.h.type.descriptor.sql.BasicBinder      : binding parameter [26] as [VARCHAR] - [null]
2020-06-10 18:11:46.539 TRACE 55751 --- [    Test worker] o.h.type.descriptor.sql.BasicBinder      : binding parameter [27] as [VARCHAR] - [null]
2020-06-10 18:11:46.539 TRACE 55751 --- [    Test worker] o.h.type.descriptor.sql.BasicBinder      : binding parameter [28] as [VARCHAR] - [null]
2020-06-10 18:11:46.539 TRACE 55751 --- [    Test worker] o.h.type.descriptor.sql.BasicBinder      : binding parameter [29] as [DATE] - [null]
2020-06-10 18:11:46.539 TRACE 55751 --- [    Test worker] o.h.type.descriptor.sql.BasicBinder      : binding parameter [30] as [VARCHAR] - [null]
Hibernate: 
    insert 
    into
        organisaatio_nimi
        (id, version, alkupvm, nimi_mkt, organisaatio_id, paivittaja) 
    values
        (null, ?, ?, ?, ?, ?)
2020-06-10 18:11:46.539 TRACE 55751 --- [    Test worker] o.h.type.descriptor.sql.BasicBinder      : binding parameter [1] as [BIGINT] - [0]
2020-06-10 18:11:46.539 TRACE 55751 --- [    Test worker] o.h.type.descriptor.sql.BasicBinder      : binding parameter [2] as [DATE] - [Wed Jun 10 18:11:46 EEST 2020]
2020-06-10 18:11:46.539 TRACE 55751 --- [    Test worker] o.h.type.descriptor.sql.BasicBinder      : binding parameter [3] as [BIGINT] - [1039]
2020-06-10 18:11:46.539 TRACE 55751 --- [    Test worker] o.h.type.descriptor.sql.BasicBinder      : binding parameter [4] as [BIGINT] - [29]
2020-06-10 18:11:46.539 TRACE 55751 --- [    Test worker] o.h.type.descriptor.sql.BasicBinder      : binding parameter [5] as [VARCHAR] - [null]
Hibernate: 
    insert 
    into
        yhteystieto
        (id, version, kieli, organisaatio_id, yhteystieto_oid, coordinatetype, extrarivi, lat, lng, maa, osavaltio, osoite, osoite_tyyppi, postinumero, postitoimipaikka, ytjpaivityspvm, dtype) 
    values
        (null, ?, ?, ?, ?, ?, ?, ?, ?, ?, ?, ?, ?, ?, ?, ?, 'Osoite')
2020-06-10 18:11:46.540 TRACE 55751 --- [    Test worker] o.h.type.descriptor.sql.BasicBinder      : binding parameter [1] as [BIGINT] - [0]
2020-06-10 18:11:46.540 TRACE 55751 --- [    Test worker] o.h.type.descriptor.sql.BasicBinder      : binding parameter [2] as [VARCHAR] - [kieli_fi#1]
2020-06-10 18:11:46.540 TRACE 55751 --- [    Test worker] o.h.type.descriptor.sql.BasicBinder      : binding parameter [3] as [BIGINT] - [29]
2020-06-10 18:11:46.540 TRACE 55751 --- [    Test worker] o.h.type.descriptor.sql.BasicBinder      : binding parameter [4] as [VARCHAR] - [1.2.246.562.5.70136010700]
2020-06-10 18:11:46.540 TRACE 55751 --- [    Test worker] o.h.type.descriptor.sql.BasicBinder      : binding parameter [5] as [VARCHAR] - [null]
2020-06-10 18:11:46.540 TRACE 55751 --- [    Test worker] o.h.type.descriptor.sql.BasicBinder      : binding parameter [6] as [VARCHAR] - [null]
2020-06-10 18:11:46.540 TRACE 55751 --- [    Test worker] o.h.type.descriptor.sql.BasicBinder      : binding parameter [7] as [DOUBLE] - [null]
2020-06-10 18:11:46.540 TRACE 55751 --- [    Test worker] o.h.type.descriptor.sql.BasicBinder      : binding parameter [8] as [DOUBLE] - [null]
2020-06-10 18:11:46.540 TRACE 55751 --- [    Test worker] o.h.type.descriptor.sql.BasicBinder      : binding parameter [9] as [VARCHAR] - [null]
2020-06-10 18:11:46.540 TRACE 55751 --- [    Test worker] o.h.type.descriptor.sql.BasicBinder      : binding parameter [10] as [VARCHAR] - [null]
2020-06-10 18:11:46.540 TRACE 55751 --- [    Test worker] o.h.type.descriptor.sql.BasicBinder      : binding parameter [11] as [VARCHAR] - [Postiosoite 1A]
2020-06-10 18:11:46.540 TRACE 55751 --- [    Test worker] o.h.type.descriptor.sql.BasicBinder      : binding parameter [12] as [VARCHAR] - [posti]
2020-06-10 18:11:46.540 TRACE 55751 --- [    Test worker] o.h.type.descriptor.sql.BasicBinder      : binding parameter [13] as [VARCHAR] - [00550]
2020-06-10 18:11:46.540 TRACE 55751 --- [    Test worker] o.h.type.descriptor.sql.BasicBinder      : binding parameter [14] as [VARCHAR] - [Helsinki]
2020-06-10 18:11:46.540 TRACE 55751 --- [    Test worker] o.h.type.descriptor.sql.BasicBinder      : binding parameter [15] as [DATE] - [null]
Hibernate: 
    insert 
    into
        yhteystieto
        (id, version, kieli, organisaatio_id, yhteystieto_oid, coordinatetype, extrarivi, lat, lng, maa, osavaltio, osoite, osoite_tyyppi, postinumero, postitoimipaikka, ytjpaivityspvm, dtype) 
    values
        (null, ?, ?, ?, ?, ?, ?, ?, ?, ?, ?, ?, ?, ?, ?, ?, 'Osoite')
2020-06-10 18:11:46.541 TRACE 55751 --- [    Test worker] o.h.type.descriptor.sql.BasicBinder      : binding parameter [1] as [BIGINT] - [0]
2020-06-10 18:11:46.541 TRACE 55751 --- [    Test worker] o.h.type.descriptor.sql.BasicBinder      : binding parameter [2] as [VARCHAR] - [kieli_fi#1]
2020-06-10 18:11:46.541 TRACE 55751 --- [    Test worker] o.h.type.descriptor.sql.BasicBinder      : binding parameter [3] as [BIGINT] - [29]
2020-06-10 18:11:46.541 TRACE 55751 --- [    Test worker] o.h.type.descriptor.sql.BasicBinder      : binding parameter [4] as [VARCHAR] - [1.2.246.562.5.41945816087]
2020-06-10 18:11:46.541 TRACE 55751 --- [    Test worker] o.h.type.descriptor.sql.BasicBinder      : binding parameter [5] as [VARCHAR] - [null]
2020-06-10 18:11:46.541 TRACE 55751 --- [    Test worker] o.h.type.descriptor.sql.BasicBinder      : binding parameter [6] as [VARCHAR] - [null]
2020-06-10 18:11:46.541 TRACE 55751 --- [    Test worker] o.h.type.descriptor.sql.BasicBinder      : binding parameter [7] as [DOUBLE] - [null]
2020-06-10 18:11:46.541 TRACE 55751 --- [    Test worker] o.h.type.descriptor.sql.BasicBinder      : binding parameter [8] as [DOUBLE] - [null]
2020-06-10 18:11:46.541 TRACE 55751 --- [    Test worker] o.h.type.descriptor.sql.BasicBinder      : binding parameter [9] as [VARCHAR] - [null]
2020-06-10 18:11:46.541 TRACE 55751 --- [    Test worker] o.h.type.descriptor.sql.BasicBinder      : binding parameter [10] as [VARCHAR] - [null]
2020-06-10 18:11:46.541 TRACE 55751 --- [    Test worker] o.h.type.descriptor.sql.BasicBinder      : binding parameter [11] as [VARCHAR] - [Kayntiosoite 2B]
2020-06-10 18:11:46.541 TRACE 55751 --- [    Test worker] o.h.type.descriptor.sql.BasicBinder      : binding parameter [12] as [VARCHAR] - [kaynti]
2020-06-10 18:11:46.541 TRACE 55751 --- [    Test worker] o.h.type.descriptor.sql.BasicBinder      : binding parameter [13] as [VARCHAR] - [posti_00550]
2020-06-10 18:11:46.541 TRACE 55751 --- [    Test worker] o.h.type.descriptor.sql.BasicBinder      : binding parameter [14] as [VARCHAR] - [Helsinki]
2020-06-10 18:11:46.541 TRACE 55751 --- [    Test worker] o.h.type.descriptor.sql.BasicBinder      : binding parameter [15] as [DATE] - [null]
Hibernate: 
    insert 
    into
        yhteystieto
        (id, version, kieli, organisaatio_id, yhteystieto_oid, email, dtype) 
    values
        (null, ?, ?, ?, ?, ?, 'Email')
2020-06-10 18:11:46.542 TRACE 55751 --- [    Test worker] o.h.type.descriptor.sql.BasicBinder      : binding parameter [1] as [BIGINT] - [0]
2020-06-10 18:11:46.542 TRACE 55751 --- [    Test worker] o.h.type.descriptor.sql.BasicBinder      : binding parameter [2] as [VARCHAR] - [kieli_fi#1]
2020-06-10 18:11:46.542 TRACE 55751 --- [    Test worker] o.h.type.descriptor.sql.BasicBinder      : binding parameter [3] as [BIGINT] - [29]
2020-06-10 18:11:46.542 TRACE 55751 --- [    Test worker] o.h.type.descriptor.sql.BasicBinder      : binding parameter [4] as [VARCHAR] - [15918019061820.1508713114009227]
2020-06-10 18:11:46.542 TRACE 55751 --- [    Test worker] o.h.type.descriptor.sql.BasicBinder      : binding parameter [5] as [VARCHAR] - [asd@asd.asd]
Hibernate: 
    insert 
    into
        yhteystieto
        (id, version, kieli, organisaatio_id, yhteystieto_oid, puhelinnumero, tyyppi, dtype) 
    values
        (null, ?, ?, ?, ?, ?, ?, 'Puhelinnumero')
2020-06-10 18:11:46.543 TRACE 55751 --- [    Test worker] o.h.type.descriptor.sql.BasicBinder      : binding parameter [1] as [BIGINT] - [0]
2020-06-10 18:11:46.543 TRACE 55751 --- [    Test worker] o.h.type.descriptor.sql.BasicBinder      : binding parameter [2] as [VARCHAR] - [kieli_fi#1]
2020-06-10 18:11:46.543 TRACE 55751 --- [    Test worker] o.h.type.descriptor.sql.BasicBinder      : binding parameter [3] as [BIGINT] - [29]
2020-06-10 18:11:46.543 TRACE 55751 --- [    Test worker] o.h.type.descriptor.sql.BasicBinder      : binding parameter [4] as [VARCHAR] - [1.2.246.562.5.63578836557]
2020-06-10 18:11:46.543 TRACE 55751 --- [    Test worker] o.h.type.descriptor.sql.BasicBinder      : binding parameter [5] as [VARCHAR] - [123]
2020-06-10 18:11:46.543 TRACE 55751 --- [    Test worker] o.h.type.descriptor.sql.BasicBinder      : binding parameter [6] as [VARCHAR] - [puhelin]
Hibernate: 
    insert 
    into
        yhteystieto
        (id, version, kieli, organisaatio_id, yhteystieto_oid, www_osoite, dtype) 
    values
        (null, ?, ?, ?, ?, ?, 'Www')
2020-06-10 18:11:46.543 TRACE 55751 --- [    Test worker] o.h.type.descriptor.sql.BasicBinder      : binding parameter [1] as [BIGINT] - [0]
2020-06-10 18:11:46.543 TRACE 55751 --- [    Test worker] o.h.type.descriptor.sql.BasicBinder      : binding parameter [2] as [VARCHAR] - [kieli_fi#1]
2020-06-10 18:11:46.543 TRACE 55751 --- [    Test worker] o.h.type.descriptor.sql.BasicBinder      : binding parameter [3] as [BIGINT] - [29]
2020-06-10 18:11:46.543 TRACE 55751 --- [    Test worker] o.h.type.descriptor.sql.BasicBinder      : binding parameter [4] as [VARCHAR] - [15918019061820.8121460378032952]
2020-06-10 18:11:46.543 TRACE 55751 --- [    Test worker] o.h.type.descriptor.sql.BasicBinder      : binding parameter [5] as [VARCHAR] - [http://test.oph.fi]
2020-06-10 18:11:46.543  INFO 55751 --- [    Test worker] .s.o.r.i.OrganisaatioSuhdeRepositoryImpl : findParentTo(29, Wed Jun 10 18:11:46 EEST 2020)
Hibernate: 
    update
        organisaatio 
    set
        version=?,
        alkupvm=?,
        domainnimi=?,
        kotipaikka=?,
        kuvaus_mkt=?,
        lakkautuspvm=?,
        maa=?,
        metadata_id=?,
        nimi_mkt=?,
        nimihaku=?,
        oid=?,
        opetuspisteenjarjnro=?,
        oppilaitoskoodi=?,
        oppilaitos_tyyppi=?,
        organisaatio_poistettu=?,
        paivittaja=?,
        paivityspvm=?,
        parentidpath=?,
        parentoidpath=?,
        piilotettu=?,
        tarkastus_pvm=?,
        toimipistekoodi=?,
        tuontipvm=?,
        varhaiskasvatuksen_toimipaikka_tiedot_id=?,
        virastotunnus=?,
        yhteishaunkoulukoodi=?,
        yritysmuoto=?,
        ytj_kieli=?,
        ytjpaivityspvm=?,
        ytunnus=? 
    where
        id=? 
        and version=?
2020-06-10 18:11:46.545 TRACE 55751 --- [    Test worker] o.h.type.descriptor.sql.BasicBinder      : binding parameter [1] as [BIGINT] - [1]
2020-06-10 18:11:46.545 TRACE 55751 --- [    Test worker] o.h.type.descriptor.sql.BasicBinder      : binding parameter [2] as [DATE] - [Fri Dec 31 00:00:00 EET 1999]
2020-06-10 18:11:46.545 TRACE 55751 --- [    Test worker] o.h.type.descriptor.sql.BasicBinder      : binding parameter [3] as [VARCHAR] - [null]
2020-06-10 18:11:46.545 TRACE 55751 --- [    Test worker] o.h.type.descriptor.sql.BasicBinder      : binding parameter [4] as [VARCHAR] - [kunta_092]
2020-06-10 18:11:46.545 TRACE 55751 --- [    Test worker] o.h.type.descriptor.sql.BasicBinder      : binding parameter [5] as [BIGINT] - [1038]
2020-06-10 18:11:46.545 TRACE 55751 --- [    Test worker] o.h.type.descriptor.sql.BasicBinder      : binding parameter [6] as [DATE] - [null]
2020-06-10 18:11:46.545 TRACE 55751 --- [    Test worker] o.h.type.descriptor.sql.BasicBinder      : binding parameter [7] as [VARCHAR] - [maatjavaltiot1_fin]
2020-06-10 18:11:46.545 TRACE 55751 --- [    Test worker] o.h.type.descriptor.sql.BasicBinder      : binding parameter [8] as [BIGINT] - [null]
2020-06-10 18:11:46.545 TRACE 55751 --- [    Test worker] o.h.type.descriptor.sql.BasicBinder      : binding parameter [9] as [BIGINT] - [1039]
2020-06-10 18:11:46.545 TRACE 55751 --- [    Test worker] o.h.type.descriptor.sql.BasicBinder      : binding parameter [10] as [VARCHAR] - [,toimipiste]
2020-06-10 18:11:46.545 TRACE 55751 --- [    Test worker] o.h.type.descriptor.sql.BasicBinder      : binding parameter [11] as [VARCHAR] - [toimipiste]
2020-06-10 18:11:46.545 TRACE 55751 --- [    Test worker] o.h.type.descriptor.sql.BasicBinder      : binding parameter [12] as [VARCHAR] - [01]
2020-06-10 18:11:46.545 TRACE 55751 --- [    Test worker] o.h.type.descriptor.sql.BasicBinder      : binding parameter [13] as [VARCHAR] - [null]
2020-06-10 18:11:46.545 TRACE 55751 --- [    Test worker] o.h.type.descriptor.sql.BasicBinder      : binding parameter [14] as [VARCHAR] - [null]
2020-06-10 18:11:46.545 TRACE 55751 --- [    Test worker] o.h.type.descriptor.sql.BasicBinder      : binding parameter [15] as [BOOLEAN] - [false]
2020-06-10 18:11:46.545 TRACE 55751 --- [    Test worker] o.h.type.descriptor.sql.BasicBinder      : binding parameter [16] as [VARCHAR] - [ophadmin]
2020-06-10 18:11:46.545 TRACE 55751 --- [    Test worker] o.h.type.descriptor.sql.BasicBinder      : binding parameter [17] as [TIMESTAMP] - [Wed Jun 10 18:11:46 EEST 2020]
2020-06-10 18:11:46.545 TRACE 55751 --- [    Test worker] o.h.type.descriptor.sql.BasicBinder      : binding parameter [18] as [VARCHAR] - [|1|26|28|]
2020-06-10 18:11:46.545 TRACE 55751 --- [    Test worker] o.h.type.descriptor.sql.BasicBinder      : binding parameter [19] as [VARCHAR] - [|1.2.246.562.24.00000000001|koulutustoimija1|oppilaitos|]
2020-06-10 18:11:46.545 TRACE 55751 --- [    Test worker] o.h.type.descriptor.sql.BasicBinder      : binding parameter [20] as [BOOLEAN] - [false]
2020-06-10 18:11:46.545 TRACE 55751 --- [    Test worker] o.h.type.descriptor.sql.BasicBinder      : binding parameter [21] as [TIMESTAMP] - [null]
2020-06-10 18:11:46.545 TRACE 55751 --- [    Test worker] o.h.type.descriptor.sql.BasicBinder      : binding parameter [22] as [VARCHAR] - [null01]
2020-06-10 18:11:46.545 TRACE 55751 --- [    Test worker] o.h.type.descriptor.sql.BasicBinder      : binding parameter [23] as [TIMESTAMP] - [null]
2020-06-10 18:11:46.545 TRACE 55751 --- [    Test worker] o.h.type.descriptor.sql.BasicBinder      : binding parameter [24] as [BIGINT] - [null]
2020-06-10 18:11:46.545 TRACE 55751 --- [    Test worker] o.h.type.descriptor.sql.BasicBinder      : binding parameter [25] as [VARCHAR] - [null]
2020-06-10 18:11:46.545 TRACE 55751 --- [    Test worker] o.h.type.descriptor.sql.BasicBinder      : binding parameter [26] as [VARCHAR] - [null]
2020-06-10 18:11:46.545 TRACE 55751 --- [    Test worker] o.h.type.descriptor.sql.BasicBinder      : binding parameter [27] as [VARCHAR] - [null]
2020-06-10 18:11:46.545 TRACE 55751 --- [    Test worker] o.h.type.descriptor.sql.BasicBinder      : binding parameter [28] as [VARCHAR] - [null]
2020-06-10 18:11:46.545 TRACE 55751 --- [    Test worker] o.h.type.descriptor.sql.BasicBinder      : binding parameter [29] as [DATE] - [null]
2020-06-10 18:11:46.545 TRACE 55751 --- [    Test worker] o.h.type.descriptor.sql.BasicBinder      : binding parameter [30] as [VARCHAR] - [null]
2020-06-10 18:11:46.545 TRACE 55751 --- [    Test worker] o.h.type.descriptor.sql.BasicBinder      : binding parameter [31] as [BIGINT] - [29]
2020-06-10 18:11:46.545 TRACE 55751 --- [    Test worker] o.h.type.descriptor.sql.BasicBinder      : binding parameter [32] as [BIGINT] - [0]
Hibernate: 
    insert 
    into
        organisaatio_kielet
        (organisaatio_id, kielet) 
    values
        (?, ?)
2020-06-10 18:11:46.546 TRACE 55751 --- [    Test worker] o.h.type.descriptor.sql.BasicBinder      : binding parameter [1] as [BIGINT] - [29]
2020-06-10 18:11:46.546 TRACE 55751 --- [    Test worker] o.h.type.descriptor.sql.BasicBinder      : binding parameter [2] as [VARCHAR] - [oppilaitoksenopetuskieli_1#1]
Hibernate: 
    insert 
    into
        organisaatio_tyypit
        (organisaatio_id, tyypit) 
    values
        (?, ?)
2020-06-10 18:11:46.546 TRACE 55751 --- [    Test worker] o.h.type.descriptor.sql.BasicBinder      : binding parameter [1] as [BIGINT] - [29]
2020-06-10 18:11:46.546 TRACE 55751 --- [    Test worker] o.h.type.descriptor.sql.BasicBinder      : binding parameter [2] as [VARCHAR] - [organisaatiotyyppi_03]
Hibernate: 
    insert 
    into
        monikielinen_teksti_values
        (id, key, value) 
    values
        (?, ?, ?)
2020-06-10 18:11:46.546 TRACE 55751 --- [    Test worker] o.h.type.descriptor.sql.BasicBinder      : binding parameter [1] as [BIGINT] - [1039]
2020-06-10 18:11:46.546 TRACE 55751 --- [    Test worker] o.h.type.descriptor.sql.BasicBinder      : binding parameter [2] as [VARCHAR] - [fi]
2020-06-10 18:11:46.546 TRACE 55751 --- [    Test worker] o.h.type.descriptor.sql.BasicBinder      : binding parameter [3] as [VARCHAR] - [toimipiste]
Hibernate: 
    select
        organisaat0_.id as id1_19_0_,
        organisaat1_.id as id1_5_1_,
        organisaat0_.version as version2_19_0_,
        organisaat0_.alkupvm as alkupvm3_19_0_,
        organisaat0_.child_id as child_id7_19_0_,
        organisaat0_.loppupvm as loppupvm4_19_0_,
        organisaat0_.opetuspisteenjarjnro as opetuspi5_19_0_,
        organisaat0_.parent_id as parent_i8_19_0_,
        organisaat0_.suhdetyyppi as suhdetyy6_19_0_,
        organisaat1_.version as version2_5_1_,
        organisaat1_.alkupvm as alkupvm3_5_1_,
        organisaat1_.domainnimi as domainni4_5_1_,
        organisaat1_.kotipaikka as kotipaik5_5_1_,
        organisaat1_.kuvaus_mkt as kuvaus_28_5_1_,
        organisaat1_.lakkautuspvm as lakkautu6_5_1_,
        organisaat1_.maa as maa7_5_1_,
        organisaat1_.metadata_id as metadat29_5_1_,
        organisaat1_.nimi_mkt as nimi_mk30_5_1_,
        organisaat1_.nimihaku as nimihaku8_5_1_,
        organisaat1_.oid as oid9_5_1_,
        organisaat1_.opetuspisteenjarjnro as opetusp10_5_1_,
        organisaat1_.oppilaitoskoodi as oppilai11_5_1_,
        organisaat1_.oppilaitos_tyyppi as oppilai12_5_1_,
        organisaat1_.organisaatio_poistettu as organis13_5_1_,
        organisaat1_.paivittaja as paivitt14_5_1_,
        organisaat1_.paivityspvm as paivity15_5_1_,
        organisaat1_.parentidpath as parenti16_5_1_,
        organisaat1_.parentoidpath as parento17_5_1_,
        organisaat1_.piilotettu as piilote18_5_1_,
        organisaat1_.tarkastus_pvm as tarkast19_5_1_,
        organisaat1_.toimipistekoodi as toimipi20_5_1_,
        organisaat1_.tuontipvm as tuontip21_5_1_,
        organisaat1_.varhaiskasvatuksen_toimipaikka_tiedot_id as varhais31_5_1_,
        organisaat1_.virastotunnus as virasto22_5_1_,
        organisaat1_.yhteishaunkoulukoodi as yhteish23_5_1_,
        organisaat1_.yritysmuoto as yritysm24_5_1_,
        organisaat1_.ytj_kieli as ytj_kie25_5_1_,
        organisaat1_.ytjpaivityspvm as ytjpaiv26_5_1_,
        organisaat1_.ytunnus as ytunnus27_5_1_ 
    from
        organisaatiosuhde organisaat0_ 
    inner join
        organisaatio organisaat1_ 
            on organisaat0_.parent_id=organisaat1_.id 
    where
        organisaat0_.child_id=? 
        and organisaat0_.suhdetyyppi=? 
        and (
            organisaat0_.alkupvm=? 
            or organisaat0_.alkupvm<?
        ) 
        and (
            organisaat0_.loppupvm is null 
            or organisaat0_.loppupvm>?
        ) 
        and organisaat1_.organisaatio_poistettu=? 
    order by
        organisaat0_.alkupvm desc
2020-06-10 18:11:46.547 TRACE 55751 --- [    Test worker] o.h.type.descriptor.sql.BasicBinder      : binding parameter [1] as [BIGINT] - [29]
2020-06-10 18:11:46.547 TRACE 55751 --- [    Test worker] o.h.type.descriptor.sql.BasicBinder      : binding parameter [2] as [VARCHAR] - [HISTORIA]
2020-06-10 18:11:46.547 TRACE 55751 --- [    Test worker] o.h.type.descriptor.sql.BasicBinder      : binding parameter [3] as [DATE] - [Wed Jun 10 18:11:46 EEST 2020]
2020-06-10 18:11:46.547 TRACE 55751 --- [    Test worker] o.h.type.descriptor.sql.BasicBinder      : binding parameter [4] as [DATE] - [Wed Jun 10 18:11:46 EEST 2020]
2020-06-10 18:11:46.547 TRACE 55751 --- [    Test worker] o.h.type.descriptor.sql.BasicBinder      : binding parameter [5] as [DATE] - [Wed Jun 10 18:11:46 EEST 2020]
2020-06-10 18:11:46.547 TRACE 55751 --- [    Test worker] o.h.type.descriptor.sql.BasicBinder      : binding parameter [6] as [BOOLEAN] - [false]
2020-06-10 18:11:46.547  INFO 55751 --- [    Test worker] .s.o.r.i.OrganisaatioSuhdeRepositoryImpl : addChild(28, 29, Wed Jun 10 18:11:46 EEST 2020)
Hibernate: 
    insert 
    into
        organisaatiosuhde
        (id, version, alkupvm, child_id, loppupvm, opetuspisteenjarjnro, parent_id, suhdetyyppi) 
    values
        (null, ?, ?, ?, ?, ?, ?, ?)
2020-06-10 18:11:46.548 TRACE 55751 --- [    Test worker] o.h.type.descriptor.sql.BasicBinder      : binding parameter [1] as [BIGINT] - [0]
2020-06-10 18:11:46.548 TRACE 55751 --- [    Test worker] o.h.type.descriptor.sql.BasicBinder      : binding parameter [2] as [DATE] - [Wed Jun 10 18:11:46 EEST 2020]
2020-06-10 18:11:46.548 TRACE 55751 --- [    Test worker] o.h.type.descriptor.sql.BasicBinder      : binding parameter [3] as [BIGINT] - [29]
2020-06-10 18:11:46.548 TRACE 55751 --- [    Test worker] o.h.type.descriptor.sql.BasicBinder      : binding parameter [4] as [DATE] - [null]
2020-06-10 18:11:46.548 TRACE 55751 --- [    Test worker] o.h.type.descriptor.sql.BasicBinder      : binding parameter [5] as [VARCHAR] - [01]
2020-06-10 18:11:46.548 TRACE 55751 --- [    Test worker] o.h.type.descriptor.sql.BasicBinder      : binding parameter [6] as [BIGINT] - [28]
2020-06-10 18:11:46.548 TRACE 55751 --- [    Test worker] o.h.type.descriptor.sql.BasicBinder      : binding parameter [7] as [VARCHAR] - [HISTORIA]
2020-06-10 18:11:46.548  INFO 55751 --- [    Test worker] .s.o.r.i.OrganisaatioSuhdeRepositoryImpl :     Created new child relation:  --> pId=28, cId=29, aPvm=Wed Jun 10 18:11:46 EEST 2020, lPvm=null
Hibernate: 
    select
        organisaat0_.id as id1_19_,
        organisaat0_.version as version2_19_,
        organisaat0_.alkupvm as alkupvm3_19_,
        organisaat0_.child_id as child_id7_19_,
        organisaat0_.loppupvm as loppupvm4_19_,
        organisaat0_.opetuspisteenjarjnro as opetuspi5_19_,
        organisaat0_.parent_id as parent_i8_19_,
        organisaat0_.suhdetyyppi as suhdetyy6_19_ 
    from
        organisaatiosuhde organisaat0_ 
    where
        organisaat0_.child_id=?
2020-06-10 18:11:46.549 TRACE 55751 --- [    Test worker] o.h.type.descriptor.sql.BasicBinder      : binding parameter [1] as [BIGINT] - [29]
2020-06-10 18:11:46.549 TRACE 55751 --- [    Test worker] o.h.type.descriptor.sql.BasicExtractor   : extracted value ([id1_19_] : [BIGINT]) - [32]
Hibernate: 
    select
        organisaat0_.id as id1_5_,
        organisaat0_.version as version2_5_,
        organisaat0_.alkupvm as alkupvm3_5_,
        organisaat0_.domainnimi as domainni4_5_,
        organisaat0_.kotipaikka as kotipaik5_5_,
        organisaat0_.kuvaus_mkt as kuvaus_28_5_,
        organisaat0_.lakkautuspvm as lakkautu6_5_,
        organisaat0_.maa as maa7_5_,
        organisaat0_.metadata_id as metadat29_5_,
        organisaat0_.nimi_mkt as nimi_mk30_5_,
        organisaat0_.nimihaku as nimihaku8_5_,
        organisaat0_.oid as oid9_5_,
        organisaat0_.opetuspisteenjarjnro as opetusp10_5_,
        organisaat0_.oppilaitoskoodi as oppilai11_5_,
        organisaat0_.oppilaitos_tyyppi as oppilai12_5_,
        organisaat0_.organisaatio_poistettu as organis13_5_,
        organisaat0_.paivittaja as paivitt14_5_,
        organisaat0_.paivityspvm as paivity15_5_,
        organisaat0_.parentidpath as parenti16_5_,
        organisaat0_.parentoidpath as parento17_5_,
        organisaat0_.piilotettu as piilote18_5_,
        organisaat0_.tarkastus_pvm as tarkast19_5_,
        organisaat0_.toimipistekoodi as toimipi20_5_,
        organisaat0_.tuontipvm as tuontip21_5_,
        organisaat0_.varhaiskasvatuksen_toimipaikka_tiedot_id as varhais31_5_,
        organisaat0_.virastotunnus as virasto22_5_,
        organisaat0_.yhteishaunkoulukoodi as yhteish23_5_,
        organisaat0_.yritysmuoto as yritysm24_5_,
        organisaat0_.ytj_kieli as ytj_kie25_5_,
        organisaat0_.ytjpaivityspvm as ytjpaiv26_5_,
        organisaat0_.ytunnus as ytunnus27_5_ 
    from
        organisaatio organisaat0_ 
    where
        organisaat0_.oid=?
2020-06-10 18:11:46.551 TRACE 55751 --- [    Test worker] o.h.type.descriptor.sql.BasicBinder      : binding parameter [1] as [VARCHAR] - [toimipiste]
2020-06-10 18:11:46.552 TRACE 55751 --- [    Test worker] o.h.type.descriptor.sql.BasicExtractor   : extracted value ([id1_5_] : [BIGINT]) - [29]
2020-06-10 18:11:46.553  INFO 55751 --- [    Test worker] .s.o.r.i.OrganisaatioSuhdeRepositoryImpl : findParentTo(28, Wed Jun 10 18:11:46 EEST 2020)
Hibernate: 
    select
        organisaat0_.id as id1_19_0_,
        organisaat1_.id as id1_5_1_,
        organisaat0_.version as version2_19_0_,
        organisaat0_.alkupvm as alkupvm3_19_0_,
        organisaat0_.child_id as child_id7_19_0_,
        organisaat0_.loppupvm as loppupvm4_19_0_,
        organisaat0_.opetuspisteenjarjnro as opetuspi5_19_0_,
        organisaat0_.parent_id as parent_i8_19_0_,
        organisaat0_.suhdetyyppi as suhdetyy6_19_0_,
        organisaat1_.version as version2_5_1_,
        organisaat1_.alkupvm as alkupvm3_5_1_,
        organisaat1_.domainnimi as domainni4_5_1_,
        organisaat1_.kotipaikka as kotipaik5_5_1_,
        organisaat1_.kuvaus_mkt as kuvaus_28_5_1_,
        organisaat1_.lakkautuspvm as lakkautu6_5_1_,
        organisaat1_.maa as maa7_5_1_,
        organisaat1_.metadata_id as metadat29_5_1_,
        organisaat1_.nimi_mkt as nimi_mk30_5_1_,
        organisaat1_.nimihaku as nimihaku8_5_1_,
        organisaat1_.oid as oid9_5_1_,
        organisaat1_.opetuspisteenjarjnro as opetusp10_5_1_,
        organisaat1_.oppilaitoskoodi as oppilai11_5_1_,
        organisaat1_.oppilaitos_tyyppi as oppilai12_5_1_,
        organisaat1_.organisaatio_poistettu as organis13_5_1_,
        organisaat1_.paivittaja as paivitt14_5_1_,
        organisaat1_.paivityspvm as paivity15_5_1_,
        organisaat1_.parentidpath as parenti16_5_1_,
        organisaat1_.parentoidpath as parento17_5_1_,
        organisaat1_.piilotettu as piilote18_5_1_,
        organisaat1_.tarkastus_pvm as tarkast19_5_1_,
        organisaat1_.toimipistekoodi as toimipi20_5_1_,
        organisaat1_.tuontipvm as tuontip21_5_1_,
        organisaat1_.varhaiskasvatuksen_toimipaikka_tiedot_id as varhais31_5_1_,
        organisaat1_.virastotunnus as virasto22_5_1_,
        organisaat1_.yhteishaunkoulukoodi as yhteish23_5_1_,
        organisaat1_.yritysmuoto as yritysm24_5_1_,
        organisaat1_.ytj_kieli as ytj_kie25_5_1_,
        organisaat1_.ytjpaivityspvm as ytjpaiv26_5_1_,
        organisaat1_.ytunnus as ytunnus27_5_1_ 
    from
        organisaatiosuhde organisaat0_ 
    inner join
        organisaatio organisaat1_ 
            on organisaat0_.parent_id=organisaat1_.id 
    where
        organisaat0_.child_id=? 
        and organisaat0_.suhdetyyppi=? 
        and (
            organisaat0_.alkupvm=? 
            or organisaat0_.alkupvm<?
        ) 
        and (
            organisaat0_.loppupvm is null 
            or organisaat0_.loppupvm>?
        ) 
        and organisaat1_.organisaatio_poistettu=? 
    order by
        organisaat0_.alkupvm desc
2020-06-10 18:11:46.555 TRACE 55751 --- [    Test worker] o.h.type.descriptor.sql.BasicBinder      : binding parameter [1] as [BIGINT] - [28]
2020-06-10 18:11:46.555 TRACE 55751 --- [    Test worker] o.h.type.descriptor.sql.BasicBinder      : binding parameter [2] as [VARCHAR] - [HISTORIA]
2020-06-10 18:11:46.555 TRACE 55751 --- [    Test worker] o.h.type.descriptor.sql.BasicBinder      : binding parameter [3] as [DATE] - [Wed Jun 10 18:11:46 EEST 2020]
2020-06-10 18:11:46.555 TRACE 55751 --- [    Test worker] o.h.type.descriptor.sql.BasicBinder      : binding parameter [4] as [DATE] - [Wed Jun 10 18:11:46 EEST 2020]
2020-06-10 18:11:46.555 TRACE 55751 --- [    Test worker] o.h.type.descriptor.sql.BasicBinder      : binding parameter [5] as [DATE] - [Wed Jun 10 18:11:46 EEST 2020]
2020-06-10 18:11:46.555 TRACE 55751 --- [    Test worker] o.h.type.descriptor.sql.BasicBinder      : binding parameter [6] as [BOOLEAN] - [false]
2020-06-10 18:11:46.555 TRACE 55751 --- [    Test worker] o.h.type.descriptor.sql.BasicExtractor   : extracted value ([id1_19_0_] : [BIGINT]) - [31]
2020-06-10 18:11:46.555 TRACE 55751 --- [    Test worker] o.h.type.descriptor.sql.BasicExtractor   : extracted value ([id1_5_1_] : [BIGINT]) - [26]
Hibernate: 
    insert 
    into
        organisaatiosuhde
        (id, version, alkupvm, child_id, loppupvm, opetuspisteenjarjnro, parent_id, suhdetyyppi) 
    values
        (null, ?, ?, ?, ?, ?, ?, ?)
2020-06-10 18:11:46.556 TRACE 55751 --- [    Test worker] o.h.type.descriptor.sql.BasicBinder      : binding parameter [1] as [BIGINT] - [0]
2020-06-10 18:11:46.556 TRACE 55751 --- [    Test worker] o.h.type.descriptor.sql.BasicBinder      : binding parameter [2] as [DATE] - [Wed Jun 10 18:11:46 EEST 2020]
2020-06-10 18:11:46.556 TRACE 55751 --- [    Test worker] o.h.type.descriptor.sql.BasicBinder      : binding parameter [3] as [BIGINT] - [28]
2020-06-10 18:11:46.556 TRACE 55751 --- [    Test worker] o.h.type.descriptor.sql.BasicBinder      : binding parameter [4] as [DATE] - [null]
2020-06-10 18:11:46.556 TRACE 55751 --- [    Test worker] o.h.type.descriptor.sql.BasicBinder      : binding parameter [5] as [VARCHAR] - [null]
2020-06-10 18:11:46.557 TRACE 55751 --- [    Test worker] o.h.type.descriptor.sql.BasicBinder      : binding parameter [6] as [BIGINT] - [27]
2020-06-10 18:11:46.557 TRACE 55751 --- [    Test worker] o.h.type.descriptor.sql.BasicBinder      : binding parameter [7] as [VARCHAR] - [HISTORIA]
Hibernate: 
    select
        organisaat0_.id as id1_5_,
        organisaat0_.version as version2_5_,
        organisaat0_.alkupvm as alkupvm3_5_,
        organisaat0_.domainnimi as domainni4_5_,
        organisaat0_.kotipaikka as kotipaik5_5_,
        organisaat0_.kuvaus_mkt as kuvaus_28_5_,
        organisaat0_.lakkautuspvm as lakkautu6_5_,
        organisaat0_.maa as maa7_5_,
        organisaat0_.metadata_id as metadat29_5_,
        organisaat0_.nimi_mkt as nimi_mk30_5_,
        organisaat0_.nimihaku as nimihaku8_5_,
        organisaat0_.oid as oid9_5_,
        organisaat0_.opetuspisteenjarjnro as opetusp10_5_,
        organisaat0_.oppilaitoskoodi as oppilai11_5_,
        organisaat0_.oppilaitos_tyyppi as oppilai12_5_,
        organisaat0_.organisaatio_poistettu as organis13_5_,
        organisaat0_.paivittaja as paivitt14_5_,
        organisaat0_.paivityspvm as paivity15_5_,
        organisaat0_.parentidpath as parenti16_5_,
        organisaat0_.parentoidpath as parento17_5_,
        organisaat0_.piilotettu as piilote18_5_,
        organisaat0_.tarkastus_pvm as tarkast19_5_,
        organisaat0_.toimipistekoodi as toimipi20_5_,
        organisaat0_.tuontipvm as tuontip21_5_,
        organisaat0_.varhaiskasvatuksen_toimipaikka_tiedot_id as varhais31_5_,
        organisaat0_.virastotunnus as virasto22_5_,
        organisaat0_.yhteishaunkoulukoodi as yhteish23_5_,
        organisaat0_.yritysmuoto as yritysm24_5_,
        organisaat0_.ytj_kieli as ytj_kie25_5_,
        organisaat0_.ytjpaivityspvm as ytjpaiv26_5_,
        organisaat0_.ytunnus as ytunnus27_5_ 
    from
        organisaatio organisaat0_ 
    where
        organisaat0_.oid=?
2020-06-10 18:11:46.557 TRACE 55751 --- [    Test worker] o.h.type.descriptor.sql.BasicBinder      : binding parameter [1] as [VARCHAR] - [koulutustoimija2]
2020-06-10 18:11:46.557 TRACE 55751 --- [    Test worker] o.h.type.descriptor.sql.BasicExtractor   : extracted value ([id1_5_] : [BIGINT]) - [27]
Hibernate: 
    update
        organisaatio 
    set
        version=?,
        alkupvm=?,
        domainnimi=?,
        kotipaikka=?,
        kuvaus_mkt=?,
        lakkautuspvm=?,
        maa=?,
        metadata_id=?,
        nimi_mkt=?,
        nimihaku=?,
        oid=?,
        opetuspisteenjarjnro=?,
        oppilaitoskoodi=?,
        oppilaitos_tyyppi=?,
        organisaatio_poistettu=?,
        paivittaja=?,
        paivityspvm=?,
        parentidpath=?,
        parentoidpath=?,
        piilotettu=?,
        tarkastus_pvm=?,
        toimipistekoodi=?,
        tuontipvm=?,
        varhaiskasvatuksen_toimipaikka_tiedot_id=?,
        virastotunnus=?,
        yhteishaunkoulukoodi=?,
        yritysmuoto=?,
        ytj_kieli=?,
        ytjpaivityspvm=?,
        ytunnus=? 
    where
        id=? 
        and version=?
2020-06-10 18:11:46.559 TRACE 55751 --- [    Test worker] o.h.type.descriptor.sql.BasicBinder      : binding parameter [1] as [BIGINT] - [2]
2020-06-10 18:11:46.559 TRACE 55751 --- [    Test worker] o.h.type.descriptor.sql.BasicBinder      : binding parameter [2] as [DATE] - [Fri Dec 31 00:00:00 EET 1999]
2020-06-10 18:11:46.559 TRACE 55751 --- [    Test worker] o.h.type.descriptor.sql.BasicBinder      : binding parameter [3] as [VARCHAR] - [null]
2020-06-10 18:11:46.559 TRACE 55751 --- [    Test worker] o.h.type.descriptor.sql.BasicBinder      : binding parameter [4] as [VARCHAR] - [kunta_092]
2020-06-10 18:11:46.559 TRACE 55751 --- [    Test worker] o.h.type.descriptor.sql.BasicBinder      : binding parameter [5] as [BIGINT] - [1036]
2020-06-10 18:11:46.559 TRACE 55751 --- [    Test worker] o.h.type.descriptor.sql.BasicBinder      : binding parameter [6] as [DATE] - [null]
2020-06-10 18:11:46.559 TRACE 55751 --- [    Test worker] o.h.type.descriptor.sql.BasicBinder      : binding parameter [7] as [VARCHAR] - [maatjavaltiot1_fin]
2020-06-10 18:11:46.559 TRACE 55751 --- [    Test worker] o.h.type.descriptor.sql.BasicBinder      : binding parameter [8] as [BIGINT] - [null]
2020-06-10 18:11:46.559 TRACE 55751 --- [    Test worker] o.h.type.descriptor.sql.BasicBinder      : binding parameter [9] as [BIGINT] - [1037]
2020-06-10 18:11:46.559 TRACE 55751 --- [    Test worker] o.h.type.descriptor.sql.BasicBinder      : binding parameter [10] as [VARCHAR] - [,oppilaitos]
2020-06-10 18:11:46.559 TRACE 55751 --- [    Test worker] o.h.type.descriptor.sql.BasicBinder      : binding parameter [11] as [VARCHAR] - [oppilaitos]
2020-06-10 18:11:46.559 TRACE 55751 --- [    Test worker] o.h.type.descriptor.sql.BasicBinder      : binding parameter [12] as [VARCHAR] - [null]
2020-06-10 18:11:46.559 TRACE 55751 --- [    Test worker] o.h.type.descriptor.sql.BasicBinder      : binding parameter [13] as [VARCHAR] - [null]
2020-06-10 18:11:46.559 TRACE 55751 --- [    Test worker] o.h.type.descriptor.sql.BasicBinder      : binding parameter [14] as [VARCHAR] - [null]
2020-06-10 18:11:46.559 TRACE 55751 --- [    Test worker] o.h.type.descriptor.sql.BasicBinder      : binding parameter [15] as [BOOLEAN] - [false]
2020-06-10 18:11:46.559 TRACE 55751 --- [    Test worker] o.h.type.descriptor.sql.BasicBinder      : binding parameter [16] as [VARCHAR] - [ophadmin]
2020-06-10 18:11:46.559 TRACE 55751 --- [    Test worker] o.h.type.descriptor.sql.BasicBinder      : binding parameter [17] as [TIMESTAMP] - [Wed Jun 10 18:11:46 EEST 2020]
2020-06-10 18:11:46.559 TRACE 55751 --- [    Test worker] o.h.type.descriptor.sql.BasicBinder      : binding parameter [18] as [VARCHAR] - [|1|27|]
2020-06-10 18:11:46.559 TRACE 55751 --- [    Test worker] o.h.type.descriptor.sql.BasicBinder      : binding parameter [19] as [VARCHAR] - [|1.2.246.562.24.00000000001|koulutustoimija2|]
2020-06-10 18:11:46.559 TRACE 55751 --- [    Test worker] o.h.type.descriptor.sql.BasicBinder      : binding parameter [20] as [BOOLEAN] - [false]
2020-06-10 18:11:46.559 TRACE 55751 --- [    Test worker] o.h.type.descriptor.sql.BasicBinder      : binding parameter [21] as [TIMESTAMP] - [null]
2020-06-10 18:11:46.559 TRACE 55751 --- [    Test worker] o.h.type.descriptor.sql.BasicBinder      : binding parameter [22] as [VARCHAR] - [null]
2020-06-10 18:11:46.559 TRACE 55751 --- [    Test worker] o.h.type.descriptor.sql.BasicBinder      : binding parameter [23] as [TIMESTAMP] - [null]
2020-06-10 18:11:46.559 TRACE 55751 --- [    Test worker] o.h.type.descriptor.sql.BasicBinder      : binding parameter [24] as [BIGINT] - [null]
2020-06-10 18:11:46.559 TRACE 55751 --- [    Test worker] o.h.type.descriptor.sql.BasicBinder      : binding parameter [25] as [VARCHAR] - [null]
2020-06-10 18:11:46.559 TRACE 55751 --- [    Test worker] o.h.type.descriptor.sql.BasicBinder      : binding parameter [26] as [VARCHAR] - [null]
2020-06-10 18:11:46.559 TRACE 55751 --- [    Test worker] o.h.type.descriptor.sql.BasicBinder      : binding parameter [27] as [VARCHAR] - [null]
2020-06-10 18:11:46.559 TRACE 55751 --- [    Test worker] o.h.type.descriptor.sql.BasicBinder      : binding parameter [28] as [VARCHAR] - [null]
2020-06-10 18:11:46.559 TRACE 55751 --- [    Test worker] o.h.type.descriptor.sql.BasicBinder      : binding parameter [29] as [DATE] - [null]
2020-06-10 18:11:46.559 TRACE 55751 --- [    Test worker] o.h.type.descriptor.sql.BasicBinder      : binding parameter [30] as [VARCHAR] - [null]
2020-06-10 18:11:46.559 TRACE 55751 --- [    Test worker] o.h.type.descriptor.sql.BasicBinder      : binding parameter [31] as [BIGINT] - [28]
2020-06-10 18:11:46.559 TRACE 55751 --- [    Test worker] o.h.type.descriptor.sql.BasicBinder      : binding parameter [32] as [BIGINT] - [1]
Hibernate: 
    update
        organisaatiosuhde 
    set
        version=?,
        alkupvm=?,
        child_id=?,
        loppupvm=?,
        opetuspisteenjarjnro=?,
        parent_id=?,
        suhdetyyppi=? 
    where
        id=? 
        and version=?
2020-06-10 18:11:46.560 TRACE 55751 --- [    Test worker] o.h.type.descriptor.sql.BasicBinder      : binding parameter [1] as [BIGINT] - [1]
2020-06-10 18:11:46.560 TRACE 55751 --- [    Test worker] o.h.type.descriptor.sql.BasicBinder      : binding parameter [2] as [DATE] - [Wed Jun 10 18:11:46 EEST 2020]
2020-06-10 18:11:46.560 TRACE 55751 --- [    Test worker] o.h.type.descriptor.sql.BasicBinder      : binding parameter [3] as [BIGINT] - [28]
2020-06-10 18:11:46.560 TRACE 55751 --- [    Test worker] o.h.type.descriptor.sql.BasicBinder      : binding parameter [4] as [DATE] - [Wed Jun 10 18:11:46 EEST 2020]
2020-06-10 18:11:46.560 TRACE 55751 --- [    Test worker] o.h.type.descriptor.sql.BasicBinder      : binding parameter [5] as [VARCHAR] - [null]
2020-06-10 18:11:46.560 TRACE 55751 --- [    Test worker] o.h.type.descriptor.sql.BasicBinder      : binding parameter [6] as [BIGINT] - [26]
2020-06-10 18:11:46.560 TRACE 55751 --- [    Test worker] o.h.type.descriptor.sql.BasicBinder      : binding parameter [7] as [VARCHAR] - [HISTORIA]
2020-06-10 18:11:46.560 TRACE 55751 --- [    Test worker] o.h.type.descriptor.sql.BasicBinder      : binding parameter [8] as [BIGINT] - [31]
2020-06-10 18:11:46.560 TRACE 55751 --- [    Test worker] o.h.type.descriptor.sql.BasicBinder      : binding parameter [9] as [BIGINT] - [0]
Hibernate: 
    select
        distinct organisaat0_.id as id1_5_,
        organisaat0_.version as version2_5_,
        organisaat0_.alkupvm as alkupvm3_5_,
        organisaat0_.domainnimi as domainni4_5_,
        organisaat0_.kotipaikka as kotipaik5_5_,
        organisaat0_.kuvaus_mkt as kuvaus_28_5_,
        organisaat0_.lakkautuspvm as lakkautu6_5_,
        organisaat0_.maa as maa7_5_,
        organisaat0_.metadata_id as metadat29_5_,
        organisaat0_.nimi_mkt as nimi_mk30_5_,
        organisaat0_.nimihaku as nimihaku8_5_,
        organisaat0_.oid as oid9_5_,
        organisaat0_.opetuspisteenjarjnro as opetusp10_5_,
        organisaat0_.oppilaitoskoodi as oppilai11_5_,
        organisaat0_.oppilaitos_tyyppi as oppilai12_5_,
        organisaat0_.organisaatio_poistettu as organis13_5_,
        organisaat0_.paivittaja as paivitt14_5_,
        organisaat0_.paivityspvm as paivity15_5_,
        organisaat0_.parentidpath as parenti16_5_,
        organisaat0_.parentoidpath as parento17_5_,
        organisaat0_.piilotettu as piilote18_5_,
        organisaat0_.tarkastus_pvm as tarkast19_5_,
        organisaat0_.toimipistekoodi as toimipi20_5_,
        organisaat0_.tuontipvm as tuontip21_5_,
        organisaat0_.varhaiskasvatuksen_toimipaikka_tiedot_id as varhais31_5_,
        organisaat0_.virastotunnus as virasto22_5_,
        organisaat0_.yhteishaunkoulukoodi as yhteish23_5_,
        organisaat0_.yritysmuoto as yritysm24_5_,
        organisaat0_.ytj_kieli as ytj_kie25_5_,
        organisaat0_.ytjpaivityspvm as ytjpaiv26_5_,
        organisaat0_.ytunnus as ytunnus27_5_ 
    from
        organisaatio organisaat0_ 
    where
        organisaat0_.parentidpath like ? escape '!'
2020-06-10 18:11:46.560 TRACE 55751 --- [    Test worker] o.h.type.descriptor.sql.BasicBinder      : binding parameter [1] as [VARCHAR] - [%|28|]
2020-06-10 18:11:46.560 TRACE 55751 --- [    Test worker] o.h.type.descriptor.sql.BasicExtractor   : extracted value ([id1_5_] : [BIGINT]) - [29]
Hibernate: 
    select
        organisaat0_.id as id1_5_,
        organisaat0_.version as version2_5_,
        organisaat0_.alkupvm as alkupvm3_5_,
        organisaat0_.domainnimi as domainni4_5_,
        organisaat0_.kotipaikka as kotipaik5_5_,
        organisaat0_.kuvaus_mkt as kuvaus_28_5_,
        organisaat0_.lakkautuspvm as lakkautu6_5_,
        organisaat0_.maa as maa7_5_,
        organisaat0_.metadata_id as metadat29_5_,
        organisaat0_.nimi_mkt as nimi_mk30_5_,
        organisaat0_.nimihaku as nimihaku8_5_,
        organisaat0_.oid as oid9_5_,
        organisaat0_.opetuspisteenjarjnro as opetusp10_5_,
        organisaat0_.oppilaitoskoodi as oppilai11_5_,
        organisaat0_.oppilaitos_tyyppi as oppilai12_5_,
        organisaat0_.organisaatio_poistettu as organis13_5_,
        organisaat0_.paivittaja as paivitt14_5_,
        organisaat0_.paivityspvm as paivity15_5_,
        organisaat0_.parentidpath as parenti16_5_,
        organisaat0_.parentoidpath as parento17_5_,
        organisaat0_.piilotettu as piilote18_5_,
        organisaat0_.tarkastus_pvm as tarkast19_5_,
        organisaat0_.toimipistekoodi as toimipi20_5_,
        organisaat0_.tuontipvm as tuontip21_5_,
        organisaat0_.varhaiskasvatuksen_toimipaikka_tiedot_id as varhais31_5_,
        organisaat0_.virastotunnus as virasto22_5_,
        organisaat0_.yhteishaunkoulukoodi as yhteish23_5_,
        organisaat0_.yritysmuoto as yritysm24_5_,
        organisaat0_.ytj_kieli as ytj_kie25_5_,
        organisaat0_.ytjpaivityspvm as ytjpaiv26_5_,
        organisaat0_.ytunnus as ytunnus27_5_ 
    from
        organisaatio organisaat0_ 
    where
        organisaat0_.oid=?
2020-06-10 18:11:46.561 TRACE 55751 --- [    Test worker] o.h.type.descriptor.sql.BasicBinder      : binding parameter [1] as [VARCHAR] - [oppilaitos]
2020-06-10 18:11:46.561 TRACE 55751 --- [    Test worker] o.h.type.descriptor.sql.BasicExtractor   : extracted value ([id1_5_] : [BIGINT]) - [28]
Hibernate: 
    update
        organisaatio 
    set
        version=?,
        alkupvm=?,
        domainnimi=?,
        kotipaikka=?,
        kuvaus_mkt=?,
        lakkautuspvm=?,
        maa=?,
        metadata_id=?,
        nimi_mkt=?,
        nimihaku=?,
        oid=?,
        opetuspisteenjarjnro=?,
        oppilaitoskoodi=?,
        oppilaitos_tyyppi=?,
        organisaatio_poistettu=?,
        paivittaja=?,
        paivityspvm=?,
        parentidpath=?,
        parentoidpath=?,
        piilotettu=?,
        tarkastus_pvm=?,
        toimipistekoodi=?,
        tuontipvm=?,
        varhaiskasvatuksen_toimipaikka_tiedot_id=?,
        virastotunnus=?,
        yhteishaunkoulukoodi=?,
        yritysmuoto=?,
        ytj_kieli=?,
        ytjpaivityspvm=?,
        ytunnus=? 
    where
        id=? 
        and version=?
2020-06-10 18:11:46.563 TRACE 55751 --- [    Test worker] o.h.type.descriptor.sql.BasicBinder      : binding parameter [1] as [BIGINT] - [2]
2020-06-10 18:11:46.563 TRACE 55751 --- [    Test worker] o.h.type.descriptor.sql.BasicBinder      : binding parameter [2] as [DATE] - [Fri Dec 31 00:00:00 EET 1999]
2020-06-10 18:11:46.563 TRACE 55751 --- [    Test worker] o.h.type.descriptor.sql.BasicBinder      : binding parameter [3] as [VARCHAR] - [null]
2020-06-10 18:11:46.563 TRACE 55751 --- [    Test worker] o.h.type.descriptor.sql.BasicBinder      : binding parameter [4] as [VARCHAR] - [kunta_092]
2020-06-10 18:11:46.563 TRACE 55751 --- [    Test worker] o.h.type.descriptor.sql.BasicBinder      : binding parameter [5] as [BIGINT] - [1038]
2020-06-10 18:11:46.563 TRACE 55751 --- [    Test worker] o.h.type.descriptor.sql.BasicBinder      : binding parameter [6] as [DATE] - [null]
2020-06-10 18:11:46.563 TRACE 55751 --- [    Test worker] o.h.type.descriptor.sql.BasicBinder      : binding parameter [7] as [VARCHAR] - [maatjavaltiot1_fin]
2020-06-10 18:11:46.563 TRACE 55751 --- [    Test worker] o.h.type.descriptor.sql.BasicBinder      : binding parameter [8] as [BIGINT] - [null]
2020-06-10 18:11:46.563 TRACE 55751 --- [    Test worker] o.h.type.descriptor.sql.BasicBinder      : binding parameter [9] as [BIGINT] - [1039]
2020-06-10 18:11:46.563 TRACE 55751 --- [    Test worker] o.h.type.descriptor.sql.BasicBinder      : binding parameter [10] as [VARCHAR] - [,toimipiste]
2020-06-10 18:11:46.563 TRACE 55751 --- [    Test worker] o.h.type.descriptor.sql.BasicBinder      : binding parameter [11] as [VARCHAR] - [toimipiste]
2020-06-10 18:11:46.563 TRACE 55751 --- [    Test worker] o.h.type.descriptor.sql.BasicBinder      : binding parameter [12] as [VARCHAR] - [01]
2020-06-10 18:11:46.563 TRACE 55751 --- [    Test worker] o.h.type.descriptor.sql.BasicBinder      : binding parameter [13] as [VARCHAR] - [null]
2020-06-10 18:11:46.563 TRACE 55751 --- [    Test worker] o.h.type.descriptor.sql.BasicBinder      : binding parameter [14] as [VARCHAR] - [null]
2020-06-10 18:11:46.563 TRACE 55751 --- [    Test worker] o.h.type.descriptor.sql.BasicBinder      : binding parameter [15] as [BOOLEAN] - [false]
2020-06-10 18:11:46.563 TRACE 55751 --- [    Test worker] o.h.type.descriptor.sql.BasicBinder      : binding parameter [16] as [VARCHAR] - [ophadmin]
2020-06-10 18:11:46.563 TRACE 55751 --- [    Test worker] o.h.type.descriptor.sql.BasicBinder      : binding parameter [17] as [TIMESTAMP] - [Wed Jun 10 18:11:46 EEST 2020]
2020-06-10 18:11:46.563 TRACE 55751 --- [    Test worker] o.h.type.descriptor.sql.BasicBinder      : binding parameter [18] as [VARCHAR] - [|1|27|28|]
2020-06-10 18:11:46.563 TRACE 55751 --- [    Test worker] o.h.type.descriptor.sql.BasicBinder      : binding parameter [19] as [VARCHAR] - [|1.2.246.562.24.00000000001|koulutustoimija2|oppilaitos|]
2020-06-10 18:11:46.563 TRACE 55751 --- [    Test worker] o.h.type.descriptor.sql.BasicBinder      : binding parameter [20] as [BOOLEAN] - [false]
2020-06-10 18:11:46.563 TRACE 55751 --- [    Test worker] o.h.type.descriptor.sql.BasicBinder      : binding parameter [21] as [TIMESTAMP] - [null]
2020-06-10 18:11:46.563 TRACE 55751 --- [    Test worker] o.h.type.descriptor.sql.BasicBinder      : binding parameter [22] as [VARCHAR] - [null01]
2020-06-10 18:11:46.563 TRACE 55751 --- [    Test worker] o.h.type.descriptor.sql.BasicBinder      : binding parameter [23] as [TIMESTAMP] - [null]
2020-06-10 18:11:46.563 TRACE 55751 --- [    Test worker] o.h.type.descriptor.sql.BasicBinder      : binding parameter [24] as [BIGINT] - [null]
2020-06-10 18:11:46.563 TRACE 55751 --- [    Test worker] o.h.type.descriptor.sql.BasicBinder      : binding parameter [25] as [VARCHAR] - [null]
2020-06-10 18:11:46.563 TRACE 55751 --- [    Test worker] o.h.type.descriptor.sql.BasicBinder      : binding parameter [26] as [VARCHAR] - [null]
2020-06-10 18:11:46.563 TRACE 55751 --- [    Test worker] o.h.type.descriptor.sql.BasicBinder      : binding parameter [27] as [VARCHAR] - [null]
2020-06-10 18:11:46.563 TRACE 55751 --- [    Test worker] o.h.type.descriptor.sql.BasicBinder      : binding parameter [28] as [VARCHAR] - [null]
2020-06-10 18:11:46.563 TRACE 55751 --- [    Test worker] o.h.type.descriptor.sql.BasicBinder      : binding parameter [29] as [DATE] - [null]
2020-06-10 18:11:46.563 TRACE 55751 --- [    Test worker] o.h.type.descriptor.sql.BasicBinder      : binding parameter [30] as [VARCHAR] - [null]
2020-06-10 18:11:46.563 TRACE 55751 --- [    Test worker] o.h.type.descriptor.sql.BasicBinder      : binding parameter [31] as [BIGINT] - [29]
2020-06-10 18:11:46.563 TRACE 55751 --- [    Test worker] o.h.type.descriptor.sql.BasicBinder      : binding parameter [32] as [BIGINT] - [1]
Hibernate: 
    select
        distinct organisaat0_.id as id1_5_,
        organisaat0_.version as version2_5_,
        organisaat0_.alkupvm as alkupvm3_5_,
        organisaat0_.domainnimi as domainni4_5_,
        organisaat0_.kotipaikka as kotipaik5_5_,
        organisaat0_.kuvaus_mkt as kuvaus_28_5_,
        organisaat0_.lakkautuspvm as lakkautu6_5_,
        organisaat0_.maa as maa7_5_,
        organisaat0_.metadata_id as metadat29_5_,
        organisaat0_.nimi_mkt as nimi_mk30_5_,
        organisaat0_.nimihaku as nimihaku8_5_,
        organisaat0_.oid as oid9_5_,
        organisaat0_.opetuspisteenjarjnro as opetusp10_5_,
        organisaat0_.oppilaitoskoodi as oppilai11_5_,
        organisaat0_.oppilaitos_tyyppi as oppilai12_5_,
        organisaat0_.organisaatio_poistettu as organis13_5_,
        organisaat0_.paivittaja as paivitt14_5_,
        organisaat0_.paivityspvm as paivity15_5_,
        organisaat0_.parentidpath as parenti16_5_,
        organisaat0_.parentoidpath as parento17_5_,
        organisaat0_.piilotettu as piilote18_5_,
        organisaat0_.tarkastus_pvm as tarkast19_5_,
        organisaat0_.toimipistekoodi as toimipi20_5_,
        organisaat0_.tuontipvm as tuontip21_5_,
        organisaat0_.varhaiskasvatuksen_toimipaikka_tiedot_id as varhais31_5_,
        organisaat0_.virastotunnus as virasto22_5_,
        organisaat0_.yhteishaunkoulukoodi as yhteish23_5_,
        organisaat0_.yritysmuoto as yritysm24_5_,
        organisaat0_.ytj_kieli as ytj_kie25_5_,
        organisaat0_.ytjpaivityspvm as ytjpaiv26_5_,
        organisaat0_.ytunnus as ytunnus27_5_ 
    from
        organisaatio organisaat0_ 
    where
        organisaat0_.parentidpath like ? escape '!'
2020-06-10 18:11:46.564 TRACE 55751 --- [    Test worker] o.h.type.descriptor.sql.BasicBinder      : binding parameter [1] as [VARCHAR] - [%|29|]
Hibernate: 
    select
        organisaat0_.id as id1_19_,
        organisaat0_.version as version2_19_,
        organisaat0_.alkupvm as alkupvm3_19_,
        organisaat0_.child_id as child_id7_19_,
        organisaat0_.loppupvm as loppupvm4_19_,
        organisaat0_.opetuspisteenjarjnro as opetuspi5_19_,
        organisaat0_.parent_id as parent_i8_19_,
        organisaat0_.suhdetyyppi as suhdetyy6_19_ 
    from
        organisaatiosuhde organisaat0_ 
    where
        organisaat0_.alkupvm=? 
    order by
        organisaat0_.alkupvm asc
2020-06-10 18:11:46.565 TRACE 55751 --- [    Test worker] o.h.type.descriptor.sql.BasicBinder      : binding parameter [1] as [DATE] - [Wed Jun 10 18:11:46 EEST 2020]
2020-06-10 18:11:46.565 TRACE 55751 --- [    Test worker] o.h.type.descriptor.sql.BasicExtractor   : extracted value ([id1_19_] : [BIGINT]) - [29]
2020-06-10 18:11:46.565 TRACE 55751 --- [    Test worker] o.h.type.descriptor.sql.BasicExtractor   : extracted value ([id1_19_] : [BIGINT]) - [30]
2020-06-10 18:11:46.565 TRACE 55751 --- [    Test worker] o.h.type.descriptor.sql.BasicExtractor   : extracted value ([id1_19_] : [BIGINT]) - [31]
2020-06-10 18:11:46.565 TRACE 55751 --- [    Test worker] o.h.type.descriptor.sql.BasicExtractor   : extracted value ([id1_19_] : [BIGINT]) - [32]
2020-06-10 18:11:46.565 TRACE 55751 --- [    Test worker] o.h.type.descriptor.sql.BasicExtractor   : extracted value ([id1_19_] : [BIGINT]) - [33]
2020-06-10 18:11:46.565  INFO 55751 --- [    Test worker] .s.o.b.i.OrganisaatioBusinessServiceImpl : Processing OrganisaatioSuhde[id=29, version=0]
Hibernate: 
    select
        organisaat0_.id as id1_5_,
        organisaat0_.version as version2_5_,
        organisaat0_.alkupvm as alkupvm3_5_,
        organisaat0_.domainnimi as domainni4_5_,
        organisaat0_.kotipaikka as kotipaik5_5_,
        organisaat0_.kuvaus_mkt as kuvaus_28_5_,
        organisaat0_.lakkautuspvm as lakkautu6_5_,
        organisaat0_.maa as maa7_5_,
        organisaat0_.metadata_id as metadat29_5_,
        organisaat0_.nimi_mkt as nimi_mk30_5_,
        organisaat0_.nimihaku as nimihaku8_5_,
        organisaat0_.oid as oid9_5_,
        organisaat0_.opetuspisteenjarjnro as opetusp10_5_,
        organisaat0_.oppilaitoskoodi as oppilai11_5_,
        organisaat0_.oppilaitos_tyyppi as oppilai12_5_,
        organisaat0_.organisaatio_poistettu as organis13_5_,
        organisaat0_.paivittaja as paivitt14_5_,
        organisaat0_.paivityspvm as paivity15_5_,
        organisaat0_.parentidpath as parenti16_5_,
        organisaat0_.parentoidpath as parento17_5_,
        organisaat0_.piilotettu as piilote18_5_,
        organisaat0_.tarkastus_pvm as tarkast19_5_,
        organisaat0_.toimipistekoodi as toimipi20_5_,
        organisaat0_.tuontipvm as tuontip21_5_,
        organisaat0_.varhaiskasvatuksen_toimipaikka_tiedot_id as varhais31_5_,
        organisaat0_.virastotunnus as virasto22_5_,
        organisaat0_.yhteishaunkoulukoodi as yhteish23_5_,
        organisaat0_.yritysmuoto as yritysm24_5_,
        organisaat0_.ytj_kieli as ytj_kie25_5_,
        organisaat0_.ytjpaivityspvm as ytjpaiv26_5_,
        organisaat0_.ytunnus as ytunnus27_5_ 
    from
        organisaatio organisaat0_ 
    where
        organisaat0_.oid=?
2020-06-10 18:11:46.566 TRACE 55751 --- [    Test worker] o.h.type.descriptor.sql.BasicBinder      : binding parameter [1] as [VARCHAR] - [1.2.246.562.24.00000000001]
2020-06-10 18:11:46.566 TRACE 55751 --- [    Test worker] o.h.type.descriptor.sql.BasicExtractor   : extracted value ([id1_5_] : [BIGINT]) - [1]
Hibernate: 
    select
        distinct organisaat0_.id as id1_5_,
        organisaat0_.version as version2_5_,
        organisaat0_.alkupvm as alkupvm3_5_,
        organisaat0_.domainnimi as domainni4_5_,
        organisaat0_.kotipaikka as kotipaik5_5_,
        organisaat0_.kuvaus_mkt as kuvaus_28_5_,
        organisaat0_.lakkautuspvm as lakkautu6_5_,
        organisaat0_.maa as maa7_5_,
        organisaat0_.metadata_id as metadat29_5_,
        organisaat0_.nimi_mkt as nimi_mk30_5_,
        organisaat0_.nimihaku as nimihaku8_5_,
        organisaat0_.oid as oid9_5_,
        organisaat0_.opetuspisteenjarjnro as opetusp10_5_,
        organisaat0_.oppilaitoskoodi as oppilai11_5_,
        organisaat0_.oppilaitos_tyyppi as oppilai12_5_,
        organisaat0_.organisaatio_poistettu as organis13_5_,
        organisaat0_.paivittaja as paivitt14_5_,
        organisaat0_.paivityspvm as paivity15_5_,
        organisaat0_.parentidpath as parenti16_5_,
        organisaat0_.parentoidpath as parento17_5_,
        organisaat0_.piilotettu as piilote18_5_,
        organisaat0_.tarkastus_pvm as tarkast19_5_,
        organisaat0_.toimipistekoodi as toimipi20_5_,
        organisaat0_.tuontipvm as tuontip21_5_,
        organisaat0_.varhaiskasvatuksen_toimipaikka_tiedot_id as varhais31_5_,
        organisaat0_.virastotunnus as virasto22_5_,
        organisaat0_.yhteishaunkoulukoodi as yhteish23_5_,
        organisaat0_.yritysmuoto as yritysm24_5_,
        organisaat0_.ytj_kieli as ytj_kie25_5_,
        organisaat0_.ytjpaivityspvm as ytjpaiv26_5_,
        organisaat0_.ytunnus as ytunnus27_5_ 
    from
        organisaatio organisaat0_ 
    where
        organisaat0_.parentidpath like ? escape '!'
2020-06-10 18:11:46.567 TRACE 55751 --- [    Test worker] o.h.type.descriptor.sql.BasicBinder      : binding parameter [1] as [VARCHAR] - [%|26|]
2020-06-10 18:11:46.568  INFO 55751 --- [    Test worker] .s.o.b.i.OrganisaatioBusinessServiceImpl : Processing OrganisaatioSuhde[id=30, version=0]
Hibernate: 
    select
        organisaat0_.id as id1_5_,
        organisaat0_.version as version2_5_,
        organisaat0_.alkupvm as alkupvm3_5_,
        organisaat0_.domainnimi as domainni4_5_,
        organisaat0_.kotipaikka as kotipaik5_5_,
        organisaat0_.kuvaus_mkt as kuvaus_28_5_,
        organisaat0_.lakkautuspvm as lakkautu6_5_,
        organisaat0_.maa as maa7_5_,
        organisaat0_.metadata_id as metadat29_5_,
        organisaat0_.nimi_mkt as nimi_mk30_5_,
        organisaat0_.nimihaku as nimihaku8_5_,
        organisaat0_.oid as oid9_5_,
        organisaat0_.opetuspisteenjarjnro as opetusp10_5_,
        organisaat0_.oppilaitoskoodi as oppilai11_5_,
        organisaat0_.oppilaitos_tyyppi as oppilai12_5_,
        organisaat0_.organisaatio_poistettu as organis13_5_,
        organisaat0_.paivittaja as paivitt14_5_,
        organisaat0_.paivityspvm as paivity15_5_,
        organisaat0_.parentidpath as parenti16_5_,
        organisaat0_.parentoidpath as parento17_5_,
        organisaat0_.piilotettu as piilote18_5_,
        organisaat0_.tarkastus_pvm as tarkast19_5_,
        organisaat0_.toimipistekoodi as toimipi20_5_,
        organisaat0_.tuontipvm as tuontip21_5_,
        organisaat0_.varhaiskasvatuksen_toimipaikka_tiedot_id as varhais31_5_,
        organisaat0_.virastotunnus as virasto22_5_,
        organisaat0_.yhteishaunkoulukoodi as yhteish23_5_,
        organisaat0_.yritysmuoto as yritysm24_5_,
        organisaat0_.ytj_kieli as ytj_kie25_5_,
        organisaat0_.ytjpaivityspvm as ytjpaiv26_5_,
        organisaat0_.ytunnus as ytunnus27_5_ 
    from
        organisaatio organisaat0_ 
    where
        organisaat0_.oid=?
2020-06-10 18:11:46.568 TRACE 55751 --- [    Test worker] o.h.type.descriptor.sql.BasicBinder      : binding parameter [1] as [VARCHAR] - [1.2.246.562.24.00000000001]
2020-06-10 18:11:46.569 TRACE 55751 --- [    Test worker] o.h.type.descriptor.sql.BasicExtractor   : extracted value ([id1_5_] : [BIGINT]) - [1]
Hibernate: 
    select
        distinct organisaat0_.id as id1_5_,
        organisaat0_.version as version2_5_,
        organisaat0_.alkupvm as alkupvm3_5_,
        organisaat0_.domainnimi as domainni4_5_,
        organisaat0_.kotipaikka as kotipaik5_5_,
        organisaat0_.kuvaus_mkt as kuvaus_28_5_,
        organisaat0_.lakkautuspvm as lakkautu6_5_,
        organisaat0_.maa as maa7_5_,
        organisaat0_.metadata_id as metadat29_5_,
        organisaat0_.nimi_mkt as nimi_mk30_5_,
        organisaat0_.nimihaku as nimihaku8_5_,
        organisaat0_.oid as oid9_5_,
        organisaat0_.opetuspisteenjarjnro as opetusp10_5_,
        organisaat0_.oppilaitoskoodi as oppilai11_5_,
        organisaat0_.oppilaitos_tyyppi as oppilai12_5_,
        organisaat0_.organisaatio_poistettu as organis13_5_,
        organisaat0_.paivittaja as paivitt14_5_,
        organisaat0_.paivityspvm as paivity15_5_,
        organisaat0_.parentidpath as parenti16_5_,
        organisaat0_.parentoidpath as parento17_5_,
        organisaat0_.piilotettu as piilote18_5_,
        organisaat0_.tarkastus_pvm as tarkast19_5_,
        organisaat0_.toimipistekoodi as toimipi20_5_,
        organisaat0_.tuontipvm as tuontip21_5_,
        organisaat0_.varhaiskasvatuksen_toimipaikka_tiedot_id as varhais31_5_,
        organisaat0_.virastotunnus as virasto22_5_,
        organisaat0_.yhteishaunkoulukoodi as yhteish23_5_,
        organisaat0_.yritysmuoto as yritysm24_5_,
        organisaat0_.ytj_kieli as ytj_kie25_5_,
        organisaat0_.ytjpaivityspvm as ytjpaiv26_5_,
        organisaat0_.ytunnus as ytunnus27_5_ 
    from
        organisaatio organisaat0_ 
    where
        organisaat0_.parentidpath like ? escape '!'
2020-06-10 18:11:46.570 TRACE 55751 --- [    Test worker] o.h.type.descriptor.sql.BasicBinder      : binding parameter [1] as [VARCHAR] - [%|27|]
2020-06-10 18:11:46.570 TRACE 55751 --- [    Test worker] o.h.type.descriptor.sql.BasicExtractor   : extracted value ([id1_5_] : [BIGINT]) - [28]
Hibernate: 
    select
        organisaat0_.id as id1_5_,
        organisaat0_.version as version2_5_,
        organisaat0_.alkupvm as alkupvm3_5_,
        organisaat0_.domainnimi as domainni4_5_,
        organisaat0_.kotipaikka as kotipaik5_5_,
        organisaat0_.kuvaus_mkt as kuvaus_28_5_,
        organisaat0_.lakkautuspvm as lakkautu6_5_,
        organisaat0_.maa as maa7_5_,
        organisaat0_.metadata_id as metadat29_5_,
        organisaat0_.nimi_mkt as nimi_mk30_5_,
        organisaat0_.nimihaku as nimihaku8_5_,
        organisaat0_.oid as oid9_5_,
        organisaat0_.opetuspisteenjarjnro as opetusp10_5_,
        organisaat0_.oppilaitoskoodi as oppilai11_5_,
        organisaat0_.oppilaitos_tyyppi as oppilai12_5_,
        organisaat0_.organisaatio_poistettu as organis13_5_,
        organisaat0_.paivittaja as paivitt14_5_,
        organisaat0_.paivityspvm as paivity15_5_,
        organisaat0_.parentidpath as parenti16_5_,
        organisaat0_.parentoidpath as parento17_5_,
        organisaat0_.piilotettu as piilote18_5_,
        organisaat0_.tarkastus_pvm as tarkast19_5_,
        organisaat0_.toimipistekoodi as toimipi20_5_,
        organisaat0_.tuontipvm as tuontip21_5_,
        organisaat0_.varhaiskasvatuksen_toimipaikka_tiedot_id as varhais31_5_,
        organisaat0_.virastotunnus as virasto22_5_,
        organisaat0_.yhteishaunkoulukoodi as yhteish23_5_,
        organisaat0_.yritysmuoto as yritysm24_5_,
        organisaat0_.ytj_kieli as ytj_kie25_5_,
        organisaat0_.ytjpaivityspvm as ytjpaiv26_5_,
        organisaat0_.ytunnus as ytunnus27_5_ 
    from
        organisaatio organisaat0_ 
    where
        organisaat0_.oid=?
2020-06-10 18:11:46.571 TRACE 55751 --- [    Test worker] o.h.type.descriptor.sql.BasicBinder      : binding parameter [1] as [VARCHAR] - [koulutustoimija2]
2020-06-10 18:11:46.571 TRACE 55751 --- [    Test worker] o.h.type.descriptor.sql.BasicExtractor   : extracted value ([id1_5_] : [BIGINT]) - [27]
Hibernate: 
    select
        distinct organisaat0_.id as id1_5_,
        organisaat0_.version as version2_5_,
        organisaat0_.alkupvm as alkupvm3_5_,
        organisaat0_.domainnimi as domainni4_5_,
        organisaat0_.kotipaikka as kotipaik5_5_,
        organisaat0_.kuvaus_mkt as kuvaus_28_5_,
        organisaat0_.lakkautuspvm as lakkautu6_5_,
        organisaat0_.maa as maa7_5_,
        organisaat0_.metadata_id as metadat29_5_,
        organisaat0_.nimi_mkt as nimi_mk30_5_,
        organisaat0_.nimihaku as nimihaku8_5_,
        organisaat0_.oid as oid9_5_,
        organisaat0_.opetuspisteenjarjnro as opetusp10_5_,
        organisaat0_.oppilaitoskoodi as oppilai11_5_,
        organisaat0_.oppilaitos_tyyppi as oppilai12_5_,
        organisaat0_.organisaatio_poistettu as organis13_5_,
        organisaat0_.paivittaja as paivitt14_5_,
        organisaat0_.paivityspvm as paivity15_5_,
        organisaat0_.parentidpath as parenti16_5_,
        organisaat0_.parentoidpath as parento17_5_,
        organisaat0_.piilotettu as piilote18_5_,
        organisaat0_.tarkastus_pvm as tarkast19_5_,
        organisaat0_.toimipistekoodi as toimipi20_5_,
        organisaat0_.tuontipvm as tuontip21_5_,
        organisaat0_.varhaiskasvatuksen_toimipaikka_tiedot_id as varhais31_5_,
        organisaat0_.virastotunnus as virasto22_5_,
        organisaat0_.yhteishaunkoulukoodi as yhteish23_5_,
        organisaat0_.yritysmuoto as yritysm24_5_,
        organisaat0_.ytj_kieli as ytj_kie25_5_,
        organisaat0_.ytjpaivityspvm as ytjpaiv26_5_,
        organisaat0_.ytunnus as ytunnus27_5_ 
    from
        organisaatio organisaat0_ 
    where
        organisaat0_.parentidpath like ? escape '!'
2020-06-10 18:11:46.572 TRACE 55751 --- [    Test worker] o.h.type.descriptor.sql.BasicBinder      : binding parameter [1] as [VARCHAR] - [%|28|]
2020-06-10 18:11:46.572 TRACE 55751 --- [    Test worker] o.h.type.descriptor.sql.BasicExtractor   : extracted value ([id1_5_] : [BIGINT]) - [29]
Hibernate: 
    select
        organisaat0_.id as id1_5_,
        organisaat0_.version as version2_5_,
        organisaat0_.alkupvm as alkupvm3_5_,
        organisaat0_.domainnimi as domainni4_5_,
        organisaat0_.kotipaikka as kotipaik5_5_,
        organisaat0_.kuvaus_mkt as kuvaus_28_5_,
        organisaat0_.lakkautuspvm as lakkautu6_5_,
        organisaat0_.maa as maa7_5_,
        organisaat0_.metadata_id as metadat29_5_,
        organisaat0_.nimi_mkt as nimi_mk30_5_,
        organisaat0_.nimihaku as nimihaku8_5_,
        organisaat0_.oid as oid9_5_,
        organisaat0_.opetuspisteenjarjnro as opetusp10_5_,
        organisaat0_.oppilaitoskoodi as oppilai11_5_,
        organisaat0_.oppilaitos_tyyppi as oppilai12_5_,
        organisaat0_.organisaatio_poistettu as organis13_5_,
        organisaat0_.paivittaja as paivitt14_5_,
        organisaat0_.paivityspvm as paivity15_5_,
        organisaat0_.parentidpath as parenti16_5_,
        organisaat0_.parentoidpath as parento17_5_,
        organisaat0_.piilotettu as piilote18_5_,
        organisaat0_.tarkastus_pvm as tarkast19_5_,
        organisaat0_.toimipistekoodi as toimipi20_5_,
        organisaat0_.tuontipvm as tuontip21_5_,
        organisaat0_.varhaiskasvatuksen_toimipaikka_tiedot_id as varhais31_5_,
        organisaat0_.virastotunnus as virasto22_5_,
        organisaat0_.yhteishaunkoulukoodi as yhteish23_5_,
        organisaat0_.yritysmuoto as yritysm24_5_,
        organisaat0_.ytj_kieli as ytj_kie25_5_,
        organisaat0_.ytjpaivityspvm as ytjpaiv26_5_,
        organisaat0_.ytunnus as ytunnus27_5_ 
    from
        organisaatio organisaat0_ 
    where
        organisaat0_.oid=?
2020-06-10 18:11:46.573 TRACE 55751 --- [    Test worker] o.h.type.descriptor.sql.BasicBinder      : binding parameter [1] as [VARCHAR] - [oppilaitos]
2020-06-10 18:11:46.573 TRACE 55751 --- [    Test worker] o.h.type.descriptor.sql.BasicExtractor   : extracted value ([id1_5_] : [BIGINT]) - [28]
Hibernate: 
    select
        distinct organisaat0_.id as id1_5_,
        organisaat0_.version as version2_5_,
        organisaat0_.alkupvm as alkupvm3_5_,
        organisaat0_.domainnimi as domainni4_5_,
        organisaat0_.kotipaikka as kotipaik5_5_,
        organisaat0_.kuvaus_mkt as kuvaus_28_5_,
        organisaat0_.lakkautuspvm as lakkautu6_5_,
        organisaat0_.maa as maa7_5_,
        organisaat0_.metadata_id as metadat29_5_,
        organisaat0_.nimi_mkt as nimi_mk30_5_,
        organisaat0_.nimihaku as nimihaku8_5_,
        organisaat0_.oid as oid9_5_,
        organisaat0_.opetuspisteenjarjnro as opetusp10_5_,
        organisaat0_.oppilaitoskoodi as oppilai11_5_,
        organisaat0_.oppilaitos_tyyppi as oppilai12_5_,
        organisaat0_.organisaatio_poistettu as organis13_5_,
        organisaat0_.paivittaja as paivitt14_5_,
        organisaat0_.paivityspvm as paivity15_5_,
        organisaat0_.parentidpath as parenti16_5_,
        organisaat0_.parentoidpath as parento17_5_,
        organisaat0_.piilotettu as piilote18_5_,
        organisaat0_.tarkastus_pvm as tarkast19_5_,
        organisaat0_.toimipistekoodi as toimipi20_5_,
        organisaat0_.tuontipvm as tuontip21_5_,
        organisaat0_.varhaiskasvatuksen_toimipaikka_tiedot_id as varhais31_5_,
        organisaat0_.virastotunnus as virasto22_5_,
        organisaat0_.yhteishaunkoulukoodi as yhteish23_5_,
        organisaat0_.yritysmuoto as yritysm24_5_,
        organisaat0_.ytj_kieli as ytj_kie25_5_,
        organisaat0_.ytjpaivityspvm as ytjpaiv26_5_,
        organisaat0_.ytunnus as ytunnus27_5_ 
    from
        organisaatio organisaat0_ 
    where
        organisaat0_.parentidpath like ? escape '!'
2020-06-10 18:11:46.574 TRACE 55751 --- [    Test worker] o.h.type.descriptor.sql.BasicBinder      : binding parameter [1] as [VARCHAR] - [%|29|]
2020-06-10 18:11:46.575  INFO 55751 --- [    Test worker] .s.o.b.i.OrganisaatioBusinessServiceImpl : Processing OrganisaatioSuhde[id=31, version=1]
Hibernate: 
    select
        organisaat0_.id as id1_5_,
        organisaat0_.version as version2_5_,
        organisaat0_.alkupvm as alkupvm3_5_,
        organisaat0_.domainnimi as domainni4_5_,
        organisaat0_.kotipaikka as kotipaik5_5_,
        organisaat0_.kuvaus_mkt as kuvaus_28_5_,
        organisaat0_.lakkautuspvm as lakkautu6_5_,
        organisaat0_.maa as maa7_5_,
        organisaat0_.metadata_id as metadat29_5_,
        organisaat0_.nimi_mkt as nimi_mk30_5_,
        organisaat0_.nimihaku as nimihaku8_5_,
        organisaat0_.oid as oid9_5_,
        organisaat0_.opetuspisteenjarjnro as opetusp10_5_,
        organisaat0_.oppilaitoskoodi as oppilai11_5_,
        organisaat0_.oppilaitos_tyyppi as oppilai12_5_,
        organisaat0_.organisaatio_poistettu as organis13_5_,
        organisaat0_.paivittaja as paivitt14_5_,
        organisaat0_.paivityspvm as paivity15_5_,
        organisaat0_.parentidpath as parenti16_5_,
        organisaat0_.parentoidpath as parento17_5_,
        organisaat0_.piilotettu as piilote18_5_,
        organisaat0_.tarkastus_pvm as tarkast19_5_,
        organisaat0_.toimipistekoodi as toimipi20_5_,
        organisaat0_.tuontipvm as tuontip21_5_,
        organisaat0_.varhaiskasvatuksen_toimipaikka_tiedot_id as varhais31_5_,
        organisaat0_.virastotunnus as virasto22_5_,
        organisaat0_.yhteishaunkoulukoodi as yhteish23_5_,
        organisaat0_.yritysmuoto as yritysm24_5_,
        organisaat0_.ytj_kieli as ytj_kie25_5_,
        organisaat0_.ytjpaivityspvm as ytjpaiv26_5_,
        organisaat0_.ytunnus as ytunnus27_5_ 
    from
        organisaatio organisaat0_ 
    where
        organisaat0_.oid=?
2020-06-10 18:11:46.576 TRACE 55751 --- [    Test worker] o.h.type.descriptor.sql.BasicBinder      : binding parameter [1] as [VARCHAR] - [koulutustoimija1]
2020-06-10 18:11:46.576 TRACE 55751 --- [    Test worker] o.h.type.descriptor.sql.BasicExtractor   : extracted value ([id1_5_] : [BIGINT]) - [26]
Hibernate: 
    update
        organisaatio 
    set
        version=?,
        alkupvm=?,
        domainnimi=?,
        kotipaikka=?,
        kuvaus_mkt=?,
        lakkautuspvm=?,
        maa=?,
        metadata_id=?,
        nimi_mkt=?,
        nimihaku=?,
        oid=?,
        opetuspisteenjarjnro=?,
        oppilaitoskoodi=?,
        oppilaitos_tyyppi=?,
        organisaatio_poistettu=?,
        paivittaja=?,
        paivityspvm=?,
        parentidpath=?,
        parentoidpath=?,
        piilotettu=?,
        tarkastus_pvm=?,
        toimipistekoodi=?,
        tuontipvm=?,
        varhaiskasvatuksen_toimipaikka_tiedot_id=?,
        virastotunnus=?,
        yhteishaunkoulukoodi=?,
        yritysmuoto=?,
        ytj_kieli=?,
        ytjpaivityspvm=?,
        ytunnus=? 
    where
        id=? 
        and version=?
2020-06-10 18:11:46.577 TRACE 55751 --- [    Test worker] o.h.type.descriptor.sql.BasicBinder      : binding parameter [1] as [BIGINT] - [3]
2020-06-10 18:11:46.577 TRACE 55751 --- [    Test worker] o.h.type.descriptor.sql.BasicBinder      : binding parameter [2] as [DATE] - [Fri Dec 31 00:00:00 EET 1999]
2020-06-10 18:11:46.577 TRACE 55751 --- [    Test worker] o.h.type.descriptor.sql.BasicBinder      : binding parameter [3] as [VARCHAR] - [null]
2020-06-10 18:11:46.577 TRACE 55751 --- [    Test worker] o.h.type.descriptor.sql.BasicBinder      : binding parameter [4] as [VARCHAR] - [kunta_092]
2020-06-10 18:11:46.577 TRACE 55751 --- [    Test worker] o.h.type.descriptor.sql.BasicBinder      : binding parameter [5] as [BIGINT] - [1036]
2020-06-10 18:11:46.577 TRACE 55751 --- [    Test worker] o.h.type.descriptor.sql.BasicBinder      : binding parameter [6] as [DATE] - [null]
2020-06-10 18:11:46.577 TRACE 55751 --- [    Test worker] o.h.type.descriptor.sql.BasicBinder      : binding parameter [7] as [VARCHAR] - [maatjavaltiot1_fin]
2020-06-10 18:11:46.577 TRACE 55751 --- [    Test worker] o.h.type.descriptor.sql.BasicBinder      : binding parameter [8] as [BIGINT] - [null]
2020-06-10 18:11:46.577 TRACE 55751 --- [    Test worker] o.h.type.descriptor.sql.BasicBinder      : binding parameter [9] as [BIGINT] - [1037]
2020-06-10 18:11:46.577 TRACE 55751 --- [    Test worker] o.h.type.descriptor.sql.BasicBinder      : binding parameter [10] as [VARCHAR] - [,oppilaitos]
2020-06-10 18:11:46.577 TRACE 55751 --- [    Test worker] o.h.type.descriptor.sql.BasicBinder      : binding parameter [11] as [VARCHAR] - [oppilaitos]
2020-06-10 18:11:46.578 TRACE 55751 --- [    Test worker] o.h.type.descriptor.sql.BasicBinder      : binding parameter [12] as [VARCHAR] - [null]
2020-06-10 18:11:46.578 TRACE 55751 --- [    Test worker] o.h.type.descriptor.sql.BasicBinder      : binding parameter [13] as [VARCHAR] - [null]
2020-06-10 18:11:46.578 TRACE 55751 --- [    Test worker] o.h.type.descriptor.sql.BasicBinder      : binding parameter [14] as [VARCHAR] - [null]
2020-06-10 18:11:46.578 TRACE 55751 --- [    Test worker] o.h.type.descriptor.sql.BasicBinder      : binding parameter [15] as [BOOLEAN] - [false]
2020-06-10 18:11:46.578 TRACE 55751 --- [    Test worker] o.h.type.descriptor.sql.BasicBinder      : binding parameter [16] as [VARCHAR] - [ophadmin]
2020-06-10 18:11:46.578 TRACE 55751 --- [    Test worker] o.h.type.descriptor.sql.BasicBinder      : binding parameter [17] as [TIMESTAMP] - [Wed Jun 10 18:11:46 EEST 2020]
2020-06-10 18:11:46.578 TRACE 55751 --- [    Test worker] o.h.type.descriptor.sql.BasicBinder      : binding parameter [18] as [VARCHAR] - [|1|26|]
2020-06-10 18:11:46.578 TRACE 55751 --- [    Test worker] o.h.type.descriptor.sql.BasicBinder      : binding parameter [19] as [VARCHAR] - [|1.2.246.562.24.00000000001|koulutustoimija1|]
2020-06-10 18:11:46.578 TRACE 55751 --- [    Test worker] o.h.type.descriptor.sql.BasicBinder      : binding parameter [20] as [BOOLEAN] - [false]
2020-06-10 18:11:46.578 TRACE 55751 --- [    Test worker] o.h.type.descriptor.sql.BasicBinder      : binding parameter [21] as [TIMESTAMP] - [null]
2020-06-10 18:11:46.578 TRACE 55751 --- [    Test worker] o.h.type.descriptor.sql.BasicBinder      : binding parameter [22] as [VARCHAR] - [null]
2020-06-10 18:11:46.578 TRACE 55751 --- [    Test worker] o.h.type.descriptor.sql.BasicBinder      : binding parameter [23] as [TIMESTAMP] - [null]
2020-06-10 18:11:46.578 TRACE 55751 --- [    Test worker] o.h.type.descriptor.sql.BasicBinder      : binding parameter [24] as [BIGINT] - [null]
2020-06-10 18:11:46.578 TRACE 55751 --- [    Test worker] o.h.type.descriptor.sql.BasicBinder      : binding parameter [25] as [VARCHAR] - [null]
2020-06-10 18:11:46.578 TRACE 55751 --- [    Test worker] o.h.type.descriptor.sql.BasicBinder      : binding parameter [26] as [VARCHAR] - [null]
2020-06-10 18:11:46.578 TRACE 55751 --- [    Test worker] o.h.type.descriptor.sql.BasicBinder      : binding parameter [27] as [VARCHAR] - [null]
2020-06-10 18:11:46.578 TRACE 55751 --- [    Test worker] o.h.type.descriptor.sql.BasicBinder      : binding parameter [28] as [VARCHAR] - [null]
2020-06-10 18:11:46.578 TRACE 55751 --- [    Test worker] o.h.type.descriptor.sql.BasicBinder      : binding parameter [29] as [DATE] - [null]
2020-06-10 18:11:46.578 TRACE 55751 --- [    Test worker] o.h.type.descriptor.sql.BasicBinder      : binding parameter [30] as [VARCHAR] - [null]
2020-06-10 18:11:46.578 TRACE 55751 --- [    Test worker] o.h.type.descriptor.sql.BasicBinder      : binding parameter [31] as [BIGINT] - [28]
2020-06-10 18:11:46.578 TRACE 55751 --- [    Test worker] o.h.type.descriptor.sql.BasicBinder      : binding parameter [32] as [BIGINT] - [2]
Hibernate: 
    select
        distinct organisaat0_.id as id1_5_,
        organisaat0_.version as version2_5_,
        organisaat0_.alkupvm as alkupvm3_5_,
        organisaat0_.domainnimi as domainni4_5_,
        organisaat0_.kotipaikka as kotipaik5_5_,
        organisaat0_.kuvaus_mkt as kuvaus_28_5_,
        organisaat0_.lakkautuspvm as lakkautu6_5_,
        organisaat0_.maa as maa7_5_,
        organisaat0_.metadata_id as metadat29_5_,
        organisaat0_.nimi_mkt as nimi_mk30_5_,
        organisaat0_.nimihaku as nimihaku8_5_,
        organisaat0_.oid as oid9_5_,
        organisaat0_.opetuspisteenjarjnro as opetusp10_5_,
        organisaat0_.oppilaitoskoodi as oppilai11_5_,
        organisaat0_.oppilaitos_tyyppi as oppilai12_5_,
        organisaat0_.organisaatio_poistettu as organis13_5_,
        organisaat0_.paivittaja as paivitt14_5_,
        organisaat0_.paivityspvm as paivity15_5_,
        organisaat0_.parentidpath as parenti16_5_,
        organisaat0_.parentoidpath as parento17_5_,
        organisaat0_.piilotettu as piilote18_5_,
        organisaat0_.tarkastus_pvm as tarkast19_5_,
        organisaat0_.toimipistekoodi as toimipi20_5_,
        organisaat0_.tuontipvm as tuontip21_5_,
        organisaat0_.varhaiskasvatuksen_toimipaikka_tiedot_id as varhais31_5_,
        organisaat0_.virastotunnus as virasto22_5_,
        organisaat0_.yhteishaunkoulukoodi as yhteish23_5_,
        organisaat0_.yritysmuoto as yritysm24_5_,
        organisaat0_.ytj_kieli as ytj_kie25_5_,
        organisaat0_.ytjpaivityspvm as ytjpaiv26_5_,
        organisaat0_.ytunnus as ytunnus27_5_ 
    from
        organisaatio organisaat0_ 
    where
        organisaat0_.parentidpath like ? escape '!'
2020-06-10 18:11:46.578 TRACE 55751 --- [    Test worker] o.h.type.descriptor.sql.BasicBinder      : binding parameter [1] as [VARCHAR] - [%|28|]
2020-06-10 18:11:46.578 TRACE 55751 --- [    Test worker] o.h.type.descriptor.sql.BasicExtractor   : extracted value ([id1_5_] : [BIGINT]) - [29]
Hibernate: 
    select
        organisaat0_.id as id1_5_,
        organisaat0_.version as version2_5_,
        organisaat0_.alkupvm as alkupvm3_5_,
        organisaat0_.domainnimi as domainni4_5_,
        organisaat0_.kotipaikka as kotipaik5_5_,
        organisaat0_.kuvaus_mkt as kuvaus_28_5_,
        organisaat0_.lakkautuspvm as lakkautu6_5_,
        organisaat0_.maa as maa7_5_,
        organisaat0_.metadata_id as metadat29_5_,
        organisaat0_.nimi_mkt as nimi_mk30_5_,
        organisaat0_.nimihaku as nimihaku8_5_,
        organisaat0_.oid as oid9_5_,
        organisaat0_.opetuspisteenjarjnro as opetusp10_5_,
        organisaat0_.oppilaitoskoodi as oppilai11_5_,
        organisaat0_.oppilaitos_tyyppi as oppilai12_5_,
        organisaat0_.organisaatio_poistettu as organis13_5_,
        organisaat0_.paivittaja as paivitt14_5_,
        organisaat0_.paivityspvm as paivity15_5_,
        organisaat0_.parentidpath as parenti16_5_,
        organisaat0_.parentoidpath as parento17_5_,
        organisaat0_.piilotettu as piilote18_5_,
        organisaat0_.tarkastus_pvm as tarkast19_5_,
        organisaat0_.toimipistekoodi as toimipi20_5_,
        organisaat0_.tuontipvm as tuontip21_5_,
        organisaat0_.varhaiskasvatuksen_toimipaikka_tiedot_id as varhais31_5_,
        organisaat0_.virastotunnus as virasto22_5_,
        organisaat0_.yhteishaunkoulukoodi as yhteish23_5_,
        organisaat0_.yritysmuoto as yritysm24_5_,
        organisaat0_.ytj_kieli as ytj_kie25_5_,
        organisaat0_.ytjpaivityspvm as ytjpaiv26_5_,
        organisaat0_.ytunnus as ytunnus27_5_ 
    from
        organisaatio organisaat0_ 
    where
        organisaat0_.oid=?
2020-06-10 18:11:46.579 TRACE 55751 --- [    Test worker] o.h.type.descriptor.sql.BasicBinder      : binding parameter [1] as [VARCHAR] - [oppilaitos]
2020-06-10 18:11:46.579 TRACE 55751 --- [    Test worker] o.h.type.descriptor.sql.BasicExtractor   : extracted value ([id1_5_] : [BIGINT]) - [28]
Hibernate: 
    select
        distinct organisaat0_.id as id1_5_,
        organisaat0_.version as version2_5_,
        organisaat0_.alkupvm as alkupvm3_5_,
        organisaat0_.domainnimi as domainni4_5_,
        organisaat0_.kotipaikka as kotipaik5_5_,
        organisaat0_.kuvaus_mkt as kuvaus_28_5_,
        organisaat0_.lakkautuspvm as lakkautu6_5_,
        organisaat0_.maa as maa7_5_,
        organisaat0_.metadata_id as metadat29_5_,
        organisaat0_.nimi_mkt as nimi_mk30_5_,
        organisaat0_.nimihaku as nimihaku8_5_,
        organisaat0_.oid as oid9_5_,
        organisaat0_.opetuspisteenjarjnro as opetusp10_5_,
        organisaat0_.oppilaitoskoodi as oppilai11_5_,
        organisaat0_.oppilaitos_tyyppi as oppilai12_5_,
        organisaat0_.organisaatio_poistettu as organis13_5_,
        organisaat0_.paivittaja as paivitt14_5_,
        organisaat0_.paivityspvm as paivity15_5_,
        organisaat0_.parentidpath as parenti16_5_,
        organisaat0_.parentoidpath as parento17_5_,
        organisaat0_.piilotettu as piilote18_5_,
        organisaat0_.tarkastus_pvm as tarkast19_5_,
        organisaat0_.toimipistekoodi as toimipi20_5_,
        organisaat0_.tuontipvm as tuontip21_5_,
        organisaat0_.varhaiskasvatuksen_toimipaikka_tiedot_id as varhais31_5_,
        organisaat0_.virastotunnus as virasto22_5_,
        organisaat0_.yhteishaunkoulukoodi as yhteish23_5_,
        organisaat0_.yritysmuoto as yritysm24_5_,
        organisaat0_.ytj_kieli as ytj_kie25_5_,
        organisaat0_.ytjpaivityspvm as ytjpaiv26_5_,
        organisaat0_.ytunnus as ytunnus27_5_ 
    from
        organisaatio organisaat0_ 
    where
        organisaat0_.parentidpath like ? escape '!'
2020-06-10 18:11:46.580 TRACE 55751 --- [    Test worker] o.h.type.descriptor.sql.BasicBinder      : binding parameter [1] as [VARCHAR] - [%|29|]
2020-06-10 18:11:46.581  INFO 55751 --- [    Test worker] .s.o.b.i.OrganisaatioBusinessServiceImpl : Processing OrganisaatioSuhde[id=32, version=0]
Hibernate: 
    select
        organisaat0_.id as id1_5_,
        organisaat0_.version as version2_5_,
        organisaat0_.alkupvm as alkupvm3_5_,
        organisaat0_.domainnimi as domainni4_5_,
        organisaat0_.kotipaikka as kotipaik5_5_,
        organisaat0_.kuvaus_mkt as kuvaus_28_5_,
        organisaat0_.lakkautuspvm as lakkautu6_5_,
        organisaat0_.maa as maa7_5_,
        organisaat0_.metadata_id as metadat29_5_,
        organisaat0_.nimi_mkt as nimi_mk30_5_,
        organisaat0_.nimihaku as nimihaku8_5_,
        organisaat0_.oid as oid9_5_,
        organisaat0_.opetuspisteenjarjnro as opetusp10_5_,
        organisaat0_.oppilaitoskoodi as oppilai11_5_,
        organisaat0_.oppilaitos_tyyppi as oppilai12_5_,
        organisaat0_.organisaatio_poistettu as organis13_5_,
        organisaat0_.paivittaja as paivitt14_5_,
        organisaat0_.paivityspvm as paivity15_5_,
        organisaat0_.parentidpath as parenti16_5_,
        organisaat0_.parentoidpath as parento17_5_,
        organisaat0_.piilotettu as piilote18_5_,
        organisaat0_.tarkastus_pvm as tarkast19_5_,
        organisaat0_.toimipistekoodi as toimipi20_5_,
        organisaat0_.tuontipvm as tuontip21_5_,
        organisaat0_.varhaiskasvatuksen_toimipaikka_tiedot_id as varhais31_5_,
        organisaat0_.virastotunnus as virasto22_5_,
        organisaat0_.yhteishaunkoulukoodi as yhteish23_5_,
        organisaat0_.yritysmuoto as yritysm24_5_,
        organisaat0_.ytj_kieli as ytj_kie25_5_,
        organisaat0_.ytjpaivityspvm as ytjpaiv26_5_,
        organisaat0_.ytunnus as ytunnus27_5_ 
    from
        organisaatio organisaat0_ 
    where
        organisaat0_.oid=?
2020-06-10 18:11:46.581 TRACE 55751 --- [    Test worker] o.h.type.descriptor.sql.BasicBinder      : binding parameter [1] as [VARCHAR] - [oppilaitos]
2020-06-10 18:11:46.582 TRACE 55751 --- [    Test worker] o.h.type.descriptor.sql.BasicExtractor   : extracted value ([id1_5_] : [BIGINT]) - [28]
Hibernate: 
    select
        distinct organisaat0_.id as id1_5_,
        organisaat0_.version as version2_5_,
        organisaat0_.alkupvm as alkupvm3_5_,
        organisaat0_.domainnimi as domainni4_5_,
        organisaat0_.kotipaikka as kotipaik5_5_,
        organisaat0_.kuvaus_mkt as kuvaus_28_5_,
        organisaat0_.lakkautuspvm as lakkautu6_5_,
        organisaat0_.maa as maa7_5_,
        organisaat0_.metadata_id as metadat29_5_,
        organisaat0_.nimi_mkt as nimi_mk30_5_,
        organisaat0_.nimihaku as nimihaku8_5_,
        organisaat0_.oid as oid9_5_,
        organisaat0_.opetuspisteenjarjnro as opetusp10_5_,
        organisaat0_.oppilaitoskoodi as oppilai11_5_,
        organisaat0_.oppilaitos_tyyppi as oppilai12_5_,
        organisaat0_.organisaatio_poistettu as organis13_5_,
        organisaat0_.paivittaja as paivitt14_5_,
        organisaat0_.paivityspvm as paivity15_5_,
        organisaat0_.parentidpath as parenti16_5_,
        organisaat0_.parentoidpath as parento17_5_,
        organisaat0_.piilotettu as piilote18_5_,
        organisaat0_.tarkastus_pvm as tarkast19_5_,
        organisaat0_.toimipistekoodi as toimipi20_5_,
        organisaat0_.tuontipvm as tuontip21_5_,
        organisaat0_.varhaiskasvatuksen_toimipaikka_tiedot_id as varhais31_5_,
        organisaat0_.virastotunnus as virasto22_5_,
        organisaat0_.yhteishaunkoulukoodi as yhteish23_5_,
        organisaat0_.yritysmuoto as yritysm24_5_,
        organisaat0_.ytj_kieli as ytj_kie25_5_,
        organisaat0_.ytjpaivityspvm as ytjpaiv26_5_,
        organisaat0_.ytunnus as ytunnus27_5_ 
    from
        organisaatio organisaat0_ 
    where
        organisaat0_.parentidpath like ? escape '!'
2020-06-10 18:11:46.583 TRACE 55751 --- [    Test worker] o.h.type.descriptor.sql.BasicBinder      : binding parameter [1] as [VARCHAR] - [%|29|]
2020-06-10 18:11:46.583  INFO 55751 --- [    Test worker] .s.o.b.i.OrganisaatioBusinessServiceImpl : Processing OrganisaatioSuhde[id=33, version=0]
Hibernate: 
    select
        organisaat0_.id as id1_5_,
        organisaat0_.version as version2_5_,
        organisaat0_.alkupvm as alkupvm3_5_,
        organisaat0_.domainnimi as domainni4_5_,
        organisaat0_.kotipaikka as kotipaik5_5_,
        organisaat0_.kuvaus_mkt as kuvaus_28_5_,
        organisaat0_.lakkautuspvm as lakkautu6_5_,
        organisaat0_.maa as maa7_5_,
        organisaat0_.metadata_id as metadat29_5_,
        organisaat0_.nimi_mkt as nimi_mk30_5_,
        organisaat0_.nimihaku as nimihaku8_5_,
        organisaat0_.oid as oid9_5_,
        organisaat0_.opetuspisteenjarjnro as opetusp10_5_,
        organisaat0_.oppilaitoskoodi as oppilai11_5_,
        organisaat0_.oppilaitos_tyyppi as oppilai12_5_,
        organisaat0_.organisaatio_poistettu as organis13_5_,
        organisaat0_.paivittaja as paivitt14_5_,
        organisaat0_.paivityspvm as paivity15_5_,
        organisaat0_.parentidpath as parenti16_5_,
        organisaat0_.parentoidpath as parento17_5_,
        organisaat0_.piilotettu as piilote18_5_,
        organisaat0_.tarkastus_pvm as tarkast19_5_,
        organisaat0_.toimipistekoodi as toimipi20_5_,
        organisaat0_.tuontipvm as tuontip21_5_,
        organisaat0_.varhaiskasvatuksen_toimipaikka_tiedot_id as varhais31_5_,
        organisaat0_.virastotunnus as virasto22_5_,
        organisaat0_.yhteishaunkoulukoodi as yhteish23_5_,
        organisaat0_.yritysmuoto as yritysm24_5_,
        organisaat0_.ytj_kieli as ytj_kie25_5_,
        organisaat0_.ytjpaivityspvm as ytjpaiv26_5_,
        organisaat0_.ytunnus as ytunnus27_5_ 
    from
        organisaatio organisaat0_ 
    where
        organisaat0_.oid=?
2020-06-10 18:11:46.584 TRACE 55751 --- [    Test worker] o.h.type.descriptor.sql.BasicBinder      : binding parameter [1] as [VARCHAR] - [koulutustoimija2]
2020-06-10 18:11:46.584 TRACE 55751 --- [    Test worker] o.h.type.descriptor.sql.BasicExtractor   : extracted value ([id1_5_] : [BIGINT]) - [27]
Hibernate: 
    update
        organisaatio 
    set
        version=?,
        alkupvm=?,
        domainnimi=?,
        kotipaikka=?,
        kuvaus_mkt=?,
        lakkautuspvm=?,
        maa=?,
        metadata_id=?,
        nimi_mkt=?,
        nimihaku=?,
        oid=?,
        opetuspisteenjarjnro=?,
        oppilaitoskoodi=?,
        oppilaitos_tyyppi=?,
        organisaatio_poistettu=?,
        paivittaja=?,
        paivityspvm=?,
        parentidpath=?,
        parentoidpath=?,
        piilotettu=?,
        tarkastus_pvm=?,
        toimipistekoodi=?,
        tuontipvm=?,
        varhaiskasvatuksen_toimipaikka_tiedot_id=?,
        virastotunnus=?,
        yhteishaunkoulukoodi=?,
        yritysmuoto=?,
        ytj_kieli=?,
        ytjpaivityspvm=?,
        ytunnus=? 
    where
        id=? 
        and version=?
2020-06-10 18:11:46.585 TRACE 55751 --- [    Test worker] o.h.type.descriptor.sql.BasicBinder      : binding parameter [1] as [BIGINT] - [4]
2020-06-10 18:11:46.586 TRACE 55751 --- [    Test worker] o.h.type.descriptor.sql.BasicBinder      : binding parameter [2] as [DATE] - [Fri Dec 31 00:00:00 EET 1999]
2020-06-10 18:11:46.586 TRACE 55751 --- [    Test worker] o.h.type.descriptor.sql.BasicBinder      : binding parameter [3] as [VARCHAR] - [null]
2020-06-10 18:11:46.586 TRACE 55751 --- [    Test worker] o.h.type.descriptor.sql.BasicBinder      : binding parameter [4] as [VARCHAR] - [kunta_092]
2020-06-10 18:11:46.586 TRACE 55751 --- [    Test worker] o.h.type.descriptor.sql.BasicBinder      : binding parameter [5] as [BIGINT] - [1036]
2020-06-10 18:11:46.586 TRACE 55751 --- [    Test worker] o.h.type.descriptor.sql.BasicBinder      : binding parameter [6] as [DATE] - [null]
2020-06-10 18:11:46.586 TRACE 55751 --- [    Test worker] o.h.type.descriptor.sql.BasicBinder      : binding parameter [7] as [VARCHAR] - [maatjavaltiot1_fin]
2020-06-10 18:11:46.586 TRACE 55751 --- [    Test worker] o.h.type.descriptor.sql.BasicBinder      : binding parameter [8] as [BIGINT] - [null]
2020-06-10 18:11:46.586 TRACE 55751 --- [    Test worker] o.h.type.descriptor.sql.BasicBinder      : binding parameter [9] as [BIGINT] - [1037]
2020-06-10 18:11:46.586 TRACE 55751 --- [    Test worker] o.h.type.descriptor.sql.BasicBinder      : binding parameter [10] as [VARCHAR] - [,oppilaitos]
2020-06-10 18:11:46.586 TRACE 55751 --- [    Test worker] o.h.type.descriptor.sql.BasicBinder      : binding parameter [11] as [VARCHAR] - [oppilaitos]
2020-06-10 18:11:46.586 TRACE 55751 --- [    Test worker] o.h.type.descriptor.sql.BasicBinder      : binding parameter [12] as [VARCHAR] - [null]
2020-06-10 18:11:46.586 TRACE 55751 --- [    Test worker] o.h.type.descriptor.sql.BasicBinder      : binding parameter [13] as [VARCHAR] - [null]
2020-06-10 18:11:46.586 TRACE 55751 --- [    Test worker] o.h.type.descriptor.sql.BasicBinder      : binding parameter [14] as [VARCHAR] - [null]
2020-06-10 18:11:46.586 TRACE 55751 --- [    Test worker] o.h.type.descriptor.sql.BasicBinder      : binding parameter [15] as [BOOLEAN] - [false]
2020-06-10 18:11:46.586 TRACE 55751 --- [    Test worker] o.h.type.descriptor.sql.BasicBinder      : binding parameter [16] as [VARCHAR] - [ophadmin]
2020-06-10 18:11:46.586 TRACE 55751 --- [    Test worker] o.h.type.descriptor.sql.BasicBinder      : binding parameter [17] as [TIMESTAMP] - [Wed Jun 10 18:11:46 EEST 2020]
2020-06-10 18:11:46.586 TRACE 55751 --- [    Test worker] o.h.type.descriptor.sql.BasicBinder      : binding parameter [18] as [VARCHAR] - [|1|27|]
2020-06-10 18:11:46.586 TRACE 55751 --- [    Test worker] o.h.type.descriptor.sql.BasicBinder      : binding parameter [19] as [VARCHAR] - [|1.2.246.562.24.00000000001|koulutustoimija2|]
2020-06-10 18:11:46.586 TRACE 55751 --- [    Test worker] o.h.type.descriptor.sql.BasicBinder      : binding parameter [20] as [BOOLEAN] - [false]
2020-06-10 18:11:46.586 TRACE 55751 --- [    Test worker] o.h.type.descriptor.sql.BasicBinder      : binding parameter [21] as [TIMESTAMP] - [null]
2020-06-10 18:11:46.586 TRACE 55751 --- [    Test worker] o.h.type.descriptor.sql.BasicBinder      : binding parameter [22] as [VARCHAR] - [null]
2020-06-10 18:11:46.586 TRACE 55751 --- [    Test worker] o.h.type.descriptor.sql.BasicBinder      : binding parameter [23] as [TIMESTAMP] - [null]
2020-06-10 18:11:46.586 TRACE 55751 --- [    Test worker] o.h.type.descriptor.sql.BasicBinder      : binding parameter [24] as [BIGINT] - [null]
2020-06-10 18:11:46.586 TRACE 55751 --- [    Test worker] o.h.type.descriptor.sql.BasicBinder      : binding parameter [25] as [VARCHAR] - [null]
2020-06-10 18:11:46.586 TRACE 55751 --- [    Test worker] o.h.type.descriptor.sql.BasicBinder      : binding parameter [26] as [VARCHAR] - [null]
2020-06-10 18:11:46.586 TRACE 55751 --- [    Test worker] o.h.type.descriptor.sql.BasicBinder      : binding parameter [27] as [VARCHAR] - [null]
2020-06-10 18:11:46.586 TRACE 55751 --- [    Test worker] o.h.type.descriptor.sql.BasicBinder      : binding parameter [28] as [VARCHAR] - [null]
2020-06-10 18:11:46.586 TRACE 55751 --- [    Test worker] o.h.type.descriptor.sql.BasicBinder      : binding parameter [29] as [DATE] - [null]
2020-06-10 18:11:46.586 TRACE 55751 --- [    Test worker] o.h.type.descriptor.sql.BasicBinder      : binding parameter [30] as [VARCHAR] - [null]
2020-06-10 18:11:46.586 TRACE 55751 --- [    Test worker] o.h.type.descriptor.sql.BasicBinder      : binding parameter [31] as [BIGINT] - [28]
2020-06-10 18:11:46.586 TRACE 55751 --- [    Test worker] o.h.type.descriptor.sql.BasicBinder      : binding parameter [32] as [BIGINT] - [3]
Hibernate: 
    select
        distinct organisaat0_.id as id1_5_,
        organisaat0_.version as version2_5_,
        organisaat0_.alkupvm as alkupvm3_5_,
        organisaat0_.domainnimi as domainni4_5_,
        organisaat0_.kotipaikka as kotipaik5_5_,
        organisaat0_.kuvaus_mkt as kuvaus_28_5_,
        organisaat0_.lakkautuspvm as lakkautu6_5_,
        organisaat0_.maa as maa7_5_,
        organisaat0_.metadata_id as metadat29_5_,
        organisaat0_.nimi_mkt as nimi_mk30_5_,
        organisaat0_.nimihaku as nimihaku8_5_,
        organisaat0_.oid as oid9_5_,
        organisaat0_.opetuspisteenjarjnro as opetusp10_5_,
        organisaat0_.oppilaitoskoodi as oppilai11_5_,
        organisaat0_.oppilaitos_tyyppi as oppilai12_5_,
        organisaat0_.organisaatio_poistettu as organis13_5_,
        organisaat0_.paivittaja as paivitt14_5_,
        organisaat0_.paivityspvm as paivity15_5_,
        organisaat0_.parentidpath as parenti16_5_,
        organisaat0_.parentoidpath as parento17_5_,
        organisaat0_.piilotettu as piilote18_5_,
        organisaat0_.tarkastus_pvm as tarkast19_5_,
        organisaat0_.toimipistekoodi as toimipi20_5_,
        organisaat0_.tuontipvm as tuontip21_5_,
        organisaat0_.varhaiskasvatuksen_toimipaikka_tiedot_id as varhais31_5_,
        organisaat0_.virastotunnus as virasto22_5_,
        organisaat0_.yhteishaunkoulukoodi as yhteish23_5_,
        organisaat0_.yritysmuoto as yritysm24_5_,
        organisaat0_.ytj_kieli as ytj_kie25_5_,
        organisaat0_.ytjpaivityspvm as ytjpaiv26_5_,
        organisaat0_.ytunnus as ytunnus27_5_ 
    from
        organisaatio organisaat0_ 
    where
        organisaat0_.parentidpath like ? escape '!'
2020-06-10 18:11:46.586 TRACE 55751 --- [    Test worker] o.h.type.descriptor.sql.BasicBinder      : binding parameter [1] as [VARCHAR] - [%|28|]
2020-06-10 18:11:46.587 TRACE 55751 --- [    Test worker] o.h.type.descriptor.sql.BasicExtractor   : extracted value ([id1_5_] : [BIGINT]) - [29]
Hibernate: 
    select
        organisaat0_.id as id1_5_,
        organisaat0_.version as version2_5_,
        organisaat0_.alkupvm as alkupvm3_5_,
        organisaat0_.domainnimi as domainni4_5_,
        organisaat0_.kotipaikka as kotipaik5_5_,
        organisaat0_.kuvaus_mkt as kuvaus_28_5_,
        organisaat0_.lakkautuspvm as lakkautu6_5_,
        organisaat0_.maa as maa7_5_,
        organisaat0_.metadata_id as metadat29_5_,
        organisaat0_.nimi_mkt as nimi_mk30_5_,
        organisaat0_.nimihaku as nimihaku8_5_,
        organisaat0_.oid as oid9_5_,
        organisaat0_.opetuspisteenjarjnro as opetusp10_5_,
        organisaat0_.oppilaitoskoodi as oppilai11_5_,
        organisaat0_.oppilaitos_tyyppi as oppilai12_5_,
        organisaat0_.organisaatio_poistettu as organis13_5_,
        organisaat0_.paivittaja as paivitt14_5_,
        organisaat0_.paivityspvm as paivity15_5_,
        organisaat0_.parentidpath as parenti16_5_,
        organisaat0_.parentoidpath as parento17_5_,
        organisaat0_.piilotettu as piilote18_5_,
        organisaat0_.tarkastus_pvm as tarkast19_5_,
        organisaat0_.toimipistekoodi as toimipi20_5_,
        organisaat0_.tuontipvm as tuontip21_5_,
        organisaat0_.varhaiskasvatuksen_toimipaikka_tiedot_id as varhais31_5_,
        organisaat0_.virastotunnus as virasto22_5_,
        organisaat0_.yhteishaunkoulukoodi as yhteish23_5_,
        organisaat0_.yritysmuoto as yritysm24_5_,
        organisaat0_.ytj_kieli as ytj_kie25_5_,
        organisaat0_.ytjpaivityspvm as ytjpaiv26_5_,
        organisaat0_.ytunnus as ytunnus27_5_ 
    from
        organisaatio organisaat0_ 
    where
        organisaat0_.oid=?
2020-06-10 18:11:46.587 TRACE 55751 --- [    Test worker] o.h.type.descriptor.sql.BasicBinder      : binding parameter [1] as [VARCHAR] - [oppilaitos]
2020-06-10 18:11:46.588 TRACE 55751 --- [    Test worker] o.h.type.descriptor.sql.BasicExtractor   : extracted value ([id1_5_] : [BIGINT]) - [28]
Hibernate: 
    select
        distinct organisaat0_.id as id1_5_,
        organisaat0_.version as version2_5_,
        organisaat0_.alkupvm as alkupvm3_5_,
        organisaat0_.domainnimi as domainni4_5_,
        organisaat0_.kotipaikka as kotipaik5_5_,
        organisaat0_.kuvaus_mkt as kuvaus_28_5_,
        organisaat0_.lakkautuspvm as lakkautu6_5_,
        organisaat0_.maa as maa7_5_,
        organisaat0_.metadata_id as metadat29_5_,
        organisaat0_.nimi_mkt as nimi_mk30_5_,
        organisaat0_.nimihaku as nimihaku8_5_,
        organisaat0_.oid as oid9_5_,
        organisaat0_.opetuspisteenjarjnro as opetusp10_5_,
        organisaat0_.oppilaitoskoodi as oppilai11_5_,
        organisaat0_.oppilaitos_tyyppi as oppilai12_5_,
        organisaat0_.organisaatio_poistettu as organis13_5_,
        organisaat0_.paivittaja as paivitt14_5_,
        organisaat0_.paivityspvm as paivity15_5_,
        organisaat0_.parentidpath as parenti16_5_,
        organisaat0_.parentoidpath as parento17_5_,
        organisaat0_.piilotettu as piilote18_5_,
        organisaat0_.tarkastus_pvm as tarkast19_5_,
        organisaat0_.toimipistekoodi as toimipi20_5_,
        organisaat0_.tuontipvm as tuontip21_5_,
        organisaat0_.varhaiskasvatuksen_toimipaikka_tiedot_id as varhais31_5_,
        organisaat0_.virastotunnus as virasto22_5_,
        organisaat0_.yhteishaunkoulukoodi as yhteish23_5_,
        organisaat0_.yritysmuoto as yritysm24_5_,
        organisaat0_.ytj_kieli as ytj_kie25_5_,
        organisaat0_.ytjpaivityspvm as ytjpaiv26_5_,
        organisaat0_.ytunnus as ytunnus27_5_ 
    from
        organisaatio organisaat0_ 
    where
        organisaat0_.parentidpath like ? escape '!'
2020-06-10 18:11:46.588 TRACE 55751 --- [    Test worker] o.h.type.descriptor.sql.BasicBinder      : binding parameter [1] as [VARCHAR] - [%|29|]
Hibernate: 
    select
        organisaat0_.id as id1_5_,
        organisaat0_.version as version2_5_,
        organisaat0_.alkupvm as alkupvm3_5_,
        organisaat0_.domainnimi as domainni4_5_,
        organisaat0_.kotipaikka as kotipaik5_5_,
        organisaat0_.kuvaus_mkt as kuvaus_28_5_,
        organisaat0_.lakkautuspvm as lakkautu6_5_,
        organisaat0_.maa as maa7_5_,
        organisaat0_.metadata_id as metadat29_5_,
        organisaat0_.nimi_mkt as nimi_mk30_5_,
        organisaat0_.nimihaku as nimihaku8_5_,
        organisaat0_.oid as oid9_5_,
        organisaat0_.opetuspisteenjarjnro as opetusp10_5_,
        organisaat0_.oppilaitoskoodi as oppilai11_5_,
        organisaat0_.oppilaitos_tyyppi as oppilai12_5_,
        organisaat0_.organisaatio_poistettu as organis13_5_,
        organisaat0_.paivittaja as paivitt14_5_,
        organisaat0_.paivityspvm as paivity15_5_,
        organisaat0_.parentidpath as parenti16_5_,
        organisaat0_.parentoidpath as parento17_5_,
        organisaat0_.piilotettu as piilote18_5_,
        organisaat0_.tarkastus_pvm as tarkast19_5_,
        organisaat0_.toimipistekoodi as toimipi20_5_,
        organisaat0_.tuontipvm as tuontip21_5_,
        organisaat0_.varhaiskasvatuksen_toimipaikka_tiedot_id as varhais31_5_,
        organisaat0_.virastotunnus as virasto22_5_,
        organisaat0_.yhteishaunkoulukoodi as yhteish23_5_,
        organisaat0_.yritysmuoto as yritysm24_5_,
        organisaat0_.ytj_kieli as ytj_kie25_5_,
        organisaat0_.ytjpaivityspvm as ytjpaiv26_5_,
        organisaat0_.ytunnus as ytunnus27_5_ 
    from
        organisaatio organisaat0_ 
    where
        organisaat0_.oid=?
2020-06-10 18:11:46.590 TRACE 55751 --- [    Test worker] o.h.type.descriptor.sql.BasicBinder      : binding parameter [1] as [VARCHAR] - [oppilaitos]
2020-06-10 18:11:46.590 TRACE 55751 --- [    Test worker] o.h.type.descriptor.sql.BasicExtractor   : extracted value ([id1_5_] : [BIGINT]) - [28]
Hibernate: 
    select
        organisaat0_.id as id1_5_,
        organisaat0_.version as version2_5_,
        organisaat0_.alkupvm as alkupvm3_5_,
        organisaat0_.domainnimi as domainni4_5_,
        organisaat0_.kotipaikka as kotipaik5_5_,
        organisaat0_.kuvaus_mkt as kuvaus_28_5_,
        organisaat0_.lakkautuspvm as lakkautu6_5_,
        organisaat0_.maa as maa7_5_,
        organisaat0_.metadata_id as metadat29_5_,
        organisaat0_.nimi_mkt as nimi_mk30_5_,
        organisaat0_.nimihaku as nimihaku8_5_,
        organisaat0_.oid as oid9_5_,
        organisaat0_.opetuspisteenjarjnro as opetusp10_5_,
        organisaat0_.oppilaitoskoodi as oppilai11_5_,
        organisaat0_.oppilaitos_tyyppi as oppilai12_5_,
        organisaat0_.organisaatio_poistettu as organis13_5_,
        organisaat0_.paivittaja as paivitt14_5_,
        organisaat0_.paivityspvm as paivity15_5_,
        organisaat0_.parentidpath as parenti16_5_,
        organisaat0_.parentoidpath as parento17_5_,
        organisaat0_.piilotettu as piilote18_5_,
        organisaat0_.tarkastus_pvm as tarkast19_5_,
        organisaat0_.toimipistekoodi as toimipi20_5_,
        organisaat0_.tuontipvm as tuontip21_5_,
        organisaat0_.varhaiskasvatuksen_toimipaikka_tiedot_id as varhais31_5_,
        organisaat0_.virastotunnus as virasto22_5_,
        organisaat0_.yhteishaunkoulukoodi as yhteish23_5_,
        organisaat0_.yritysmuoto as yritysm24_5_,
        organisaat0_.ytj_kieli as ytj_kie25_5_,
        organisaat0_.ytjpaivityspvm as ytjpaiv26_5_,
        organisaat0_.ytunnus as ytunnus27_5_ 
    from
        organisaatio organisaat0_ 
    where
        organisaat0_.oid=?
2020-06-10 18:11:46.591 TRACE 55751 --- [    Test worker] o.h.type.descriptor.sql.BasicBinder      : binding parameter [1] as [VARCHAR] - [toimipiste]
2020-06-10 18:11:46.591 TRACE 55751 --- [    Test worker] o.h.type.descriptor.sql.BasicExtractor   : extracted value ([id1_5_] : [BIGINT]) - [29]
2020-06-10 18:11:46.593  INFO 55751 --- [    Test worker] o.s.t.c.transaction.TransactionContext   : Rolled back transaction for test: [DefaultTestContext@633e0b9b testClass = OrganisaatioBusinessServiceImplTest, testInstance = fi.vm.sade.organisaatio.business.impl.OrganisaatioBusinessServiceImplTest@479f4f00, testMethod = processNewOrganisaatioSuhdeChangesWithHistoria@OrganisaatioBusinessServiceImplTest, testException = [null], mergedContextConfiguration = [WebMergedContextConfiguration@142403d testClass = OrganisaatioBusinessServiceImplTest, locations = '{}', classes = '{class fi.vm.sade.organisaatio.OrganisaatioApplication, class fi.vm.sade.organisaatio.business.impl.OrganisaatioBusinessServiceImplTest$OrganisaatioBusinessServiceImplTestContextConfiguration}', contextInitializerClasses = '[]', activeProfiles = '{}', propertySourceLocations = '{}', propertySourceProperties = '{org.springframework.boot.test.context.SpringBootTestContextBootstrapper=true}', contextCustomizers = set[org.springframework.boot.test.autoconfigure.properties.PropertyMappingContextCustomizer@a273518a, org.springframework.boot.test.autoconfigure.web.servlet.WebDriverContextCustomizerFactory$Customizer@25a95d7a, [ImportsContextCustomizer@1758189f key = [org.springframework.boot.test.autoconfigure.jdbc.TestDatabaseAutoConfiguration, org.springframework.boot.autoconfigure.jdbc.DataSourceAutoConfiguration]], org.springframework.boot.test.context.filter.ExcludeFilterContextCustomizer@33d60c3d, org.springframework.boot.test.json.DuplicateJsonObjectContextCustomizerFactory$DuplicateJsonObjectContextCustomizer@6943770e, org.springframework.boot.test.mock.mockito.MockitoContextCustomizer@0, org.springframework.boot.test.web.client.TestRestTemplateContextCustomizer@536042e6, org.springframework.boot.test.context.SpringBootTestArgs@1], resourceBasePath = 'src/main/webapp', contextLoader = 'org.springframework.boot.test.context.SpringBootContextLoader', parent = [null]], attributes = map['org.springframework.test.context.web.ServletTestExecutionListener.activateListener' -> true, 'org.springframework.test.context.web.ServletTestExecutionListener.populatedRequestContextHolder' -> true, 'org.springframework.test.context.web.ServletTestExecutionListener.resetRequestContextHolder' -> true]]
2020-06-10 18:11:46.594  INFO 55751 --- [    Test worker] o.s.t.c.transaction.TransactionContext   : Began transaction (1) for test context [DefaultTestContext@633e0b9b testClass = OrganisaatioBusinessServiceImplTest, testInstance = fi.vm.sade.organisaatio.business.impl.OrganisaatioBusinessServiceImplTest@5646960b, testMethod = saveNewAndUpdateOrganisation@OrganisaatioBusinessServiceImplTest, testException = [null], mergedContextConfiguration = [WebMergedContextConfiguration@142403d testClass = OrganisaatioBusinessServiceImplTest, locations = '{}', classes = '{class fi.vm.sade.organisaatio.OrganisaatioApplication, class fi.vm.sade.organisaatio.business.impl.OrganisaatioBusinessServiceImplTest$OrganisaatioBusinessServiceImplTestContextConfiguration}', contextInitializerClasses = '[]', activeProfiles = '{}', propertySourceLocations = '{}', propertySourceProperties = '{org.springframework.boot.test.context.SpringBootTestContextBootstrapper=true}', contextCustomizers = set[org.springframework.boot.test.autoconfigure.properties.PropertyMappingContextCustomizer@a273518a, org.springframework.boot.test.autoconfigure.web.servlet.WebDriverContextCustomizerFactory$Customizer@25a95d7a, [ImportsContextCustomizer@1758189f key = [org.springframework.boot.test.autoconfigure.jdbc.TestDatabaseAutoConfiguration, org.springframework.boot.autoconfigure.jdbc.DataSourceAutoConfiguration]], org.springframework.boot.test.context.filter.ExcludeFilterContextCustomizer@33d60c3d, org.springframework.boot.test.json.DuplicateJsonObjectContextCustomizerFactory$DuplicateJsonObjectContextCustomizer@6943770e, org.springframework.boot.test.mock.mockito.MockitoContextCustomizer@0, org.springframework.boot.test.web.client.TestRestTemplateContextCustomizer@536042e6, org.springframework.boot.test.context.SpringBootTestArgs@1], resourceBasePath = 'src/main/webapp', contextLoader = 'org.springframework.boot.test.context.SpringBootContextLoader', parent = [null]], attributes = map['org.springframework.test.context.web.ServletTestExecutionListener.activateListener' -> true, 'org.springframework.test.context.web.ServletTestExecutionListener.populatedRequestContextHolder' -> true, 'org.springframework.test.context.web.ServletTestExecutionListener.resetRequestContextHolder' -> true]]; transaction manager [org.springframework.orm.jpa.JpaTransactionManager@441d876b]; rollback [true]
Hibernate: 
    select
        organisaat0_.id as id1_5_,
        organisaat0_.version as version2_5_,
        organisaat0_.alkupvm as alkupvm3_5_,
        organisaat0_.domainnimi as domainni4_5_,
        organisaat0_.kotipaikka as kotipaik5_5_,
        organisaat0_.kuvaus_mkt as kuvaus_28_5_,
        organisaat0_.lakkautuspvm as lakkautu6_5_,
        organisaat0_.maa as maa7_5_,
        organisaat0_.metadata_id as metadat29_5_,
        organisaat0_.nimi_mkt as nimi_mk30_5_,
        organisaat0_.nimihaku as nimihaku8_5_,
        organisaat0_.oid as oid9_5_,
        organisaat0_.opetuspisteenjarjnro as opetusp10_5_,
        organisaat0_.oppilaitoskoodi as oppilai11_5_,
        organisaat0_.oppilaitos_tyyppi as oppilai12_5_,
        organisaat0_.organisaatio_poistettu as organis13_5_,
        organisaat0_.paivittaja as paivitt14_5_,
        organisaat0_.paivityspvm as paivity15_5_,
        organisaat0_.parentidpath as parenti16_5_,
        organisaat0_.parentoidpath as parento17_5_,
        organisaat0_.piilotettu as piilote18_5_,
        organisaat0_.tarkastus_pvm as tarkast19_5_,
        organisaat0_.toimipistekoodi as toimipi20_5_,
        organisaat0_.tuontipvm as tuontip21_5_,
        organisaat0_.varhaiskasvatuksen_toimipaikka_tiedot_id as varhais31_5_,
        organisaat0_.virastotunnus as virasto22_5_,
        organisaat0_.yhteishaunkoulukoodi as yhteish23_5_,
        organisaat0_.yritysmuoto as yritysm24_5_,
        organisaat0_.ytj_kieli as ytj_kie25_5_,
        organisaat0_.ytjpaivityspvm as ytjpaiv26_5_,
        organisaat0_.ytunnus as ytunnus27_5_ 
    from
        organisaatio organisaat0_ 
    where
        organisaat0_.oid=?
2020-06-10 18:11:46.598 TRACE 55751 --- [    Test worker] o.h.type.descriptor.sql.BasicBinder      : binding parameter [1] as [VARCHAR] - [65432.1]
2020-06-10 18:11:46.841  WARN 55751 --- [    Test worker] fi.vm.sade.javautils.http.OphHttpClient  : Failed to CAS authenticate. Renewing proxy ticket.
Hibernate: 
    select
        organisaat0_.id as id1_5_,
        organisaat0_.version as version2_5_,
        organisaat0_.alkupvm as alkupvm3_5_,
        organisaat0_.domainnimi as domainni4_5_,
        organisaat0_.kotipaikka as kotipaik5_5_,
        organisaat0_.kuvaus_mkt as kuvaus_28_5_,
        organisaat0_.lakkautuspvm as lakkautu6_5_,
        organisaat0_.maa as maa7_5_,
        organisaat0_.metadata_id as metadat29_5_,
        organisaat0_.nimi_mkt as nimi_mk30_5_,
        organisaat0_.nimihaku as nimihaku8_5_,
        organisaat0_.oid as oid9_5_,
        organisaat0_.opetuspisteenjarjnro as opetusp10_5_,
        organisaat0_.oppilaitoskoodi as oppilai11_5_,
        organisaat0_.oppilaitos_tyyppi as oppilai12_5_,
        organisaat0_.organisaatio_poistettu as organis13_5_,
        organisaat0_.paivittaja as paivitt14_5_,
        organisaat0_.paivityspvm as paivity15_5_,
        organisaat0_.parentidpath as parenti16_5_,
        organisaat0_.parentoidpath as parento17_5_,
        organisaat0_.piilotettu as piilote18_5_,
        organisaat0_.tarkastus_pvm as tarkast19_5_,
        organisaat0_.toimipistekoodi as toimipi20_5_,
        organisaat0_.tuontipvm as tuontip21_5_,
        organisaat0_.varhaiskasvatuksen_toimipaikka_tiedot_id as varhais31_5_,
        organisaat0_.virastotunnus as virasto22_5_,
        organisaat0_.yhteishaunkoulukoodi as yhteish23_5_,
        organisaat0_.yritysmuoto as yritysm24_5_,
        organisaat0_.ytj_kieli as ytj_kie25_5_,
        organisaat0_.ytjpaivityspvm as ytjpaiv26_5_,
        organisaat0_.ytunnus as ytunnus27_5_ 
    from
        organisaatio organisaat0_ 
    where
        organisaat0_.oid=?
2020-06-10 18:11:46.953 TRACE 55751 --- [    Test worker] o.h.type.descriptor.sql.BasicBinder      : binding parameter [1] as [VARCHAR] - [1.2.246.562.24.00000000001]
2020-06-10 18:11:46.953 TRACE 55751 --- [    Test worker] o.h.type.descriptor.sql.BasicExtractor   : extracted value ([id1_5_] : [BIGINT]) - [1]
2020-06-10 18:11:46.953 TRACE 55751 --- [    Test worker] o.h.type.descriptor.sql.BasicExtractor   : extracted value ([version2_5_] : [BIGINT]) - [0]
2020-06-10 18:11:46.953 TRACE 55751 --- [    Test worker] o.h.type.descriptor.sql.BasicExtractor   : extracted value ([alkupvm3_5_] : [DATE]) - [2004-06-29]
2020-06-10 18:11:46.953 TRACE 55751 --- [    Test worker] o.h.type.descriptor.sql.BasicExtractor   : extracted value ([domainni4_5_] : [VARCHAR]) - [null]
2020-06-10 18:11:46.953 TRACE 55751 --- [    Test worker] o.h.type.descriptor.sql.BasicExtractor   : extracted value ([kotipaik5_5_] : [VARCHAR]) - [Helsinki]
2020-06-10 18:11:46.953 TRACE 55751 --- [    Test worker] o.h.type.descriptor.sql.BasicExtractor   : extracted value ([kuvaus_28_5_] : [BIGINT]) - [null]
2020-06-10 18:11:46.953 TRACE 55751 --- [    Test worker] o.h.type.descriptor.sql.BasicExtractor   : extracted value ([lakkautu6_5_] : [DATE]) - [null]
2020-06-10 18:11:46.953 TRACE 55751 --- [    Test worker] o.h.type.descriptor.sql.BasicExtractor   : extracted value ([maa7_5_] : [VARCHAR]) - [null]
2020-06-10 18:11:46.953 TRACE 55751 --- [    Test worker] o.h.type.descriptor.sql.BasicExtractor   : extracted value ([metadat29_5_] : [BIGINT]) - [null]
2020-06-10 18:11:46.953 TRACE 55751 --- [    Test worker] o.h.type.descriptor.sql.BasicExtractor   : extracted value ([nimi_mk30_5_] : [BIGINT]) - [1]
2020-06-10 18:11:46.953 TRACE 55751 --- [    Test worker] o.h.type.descriptor.sql.BasicExtractor   : extracted value ([nimihaku8_5_] : [VARCHAR]) - [opetushallitus]
2020-06-10 18:11:46.953 TRACE 55751 --- [    Test worker] o.h.type.descriptor.sql.BasicExtractor   : extracted value ([oid9_5_] : [VARCHAR]) - [1.2.246.562.24.00000000001]
2020-06-10 18:11:46.953 TRACE 55751 --- [    Test worker] o.h.type.descriptor.sql.BasicExtractor   : extracted value ([opetusp10_5_] : [VARCHAR]) - [null]
2020-06-10 18:11:46.953 TRACE 55751 --- [    Test worker] o.h.type.descriptor.sql.BasicExtractor   : extracted value ([oppilai11_5_] : [VARCHAR]) - [null]
2020-06-10 18:11:46.953 TRACE 55751 --- [    Test worker] o.h.type.descriptor.sql.BasicExtractor   : extracted value ([oppilai12_5_] : [VARCHAR]) - [null]
2020-06-10 18:11:46.953 TRACE 55751 --- [    Test worker] o.h.type.descriptor.sql.BasicExtractor   : extracted value ([organis13_5_] : [BOOLEAN]) - [false]
2020-06-10 18:11:46.953 TRACE 55751 --- [    Test worker] o.h.type.descriptor.sql.BasicExtractor   : extracted value ([paivitt14_5_] : [VARCHAR]) - [null]
2020-06-10 18:11:46.953 TRACE 55751 --- [    Test worker] o.h.type.descriptor.sql.BasicExtractor   : extracted value ([paivity15_5_] : [TIMESTAMP]) - [null]
2020-06-10 18:11:46.953 TRACE 55751 --- [    Test worker] o.h.type.descriptor.sql.BasicExtractor   : extracted value ([parenti16_5_] : [VARCHAR]) - [null]
2020-06-10 18:11:46.953 TRACE 55751 --- [    Test worker] o.h.type.descriptor.sql.BasicExtractor   : extracted value ([parento17_5_] : [VARCHAR]) - [null]
2020-06-10 18:11:46.953 TRACE 55751 --- [    Test worker] o.h.type.descriptor.sql.BasicExtractor   : extracted value ([piilote18_5_] : [BOOLEAN]) - [false]
2020-06-10 18:11:46.953 TRACE 55751 --- [    Test worker] o.h.type.descriptor.sql.BasicExtractor   : extracted value ([tarkast19_5_] : [TIMESTAMP]) - [null]
2020-06-10 18:11:46.953 TRACE 55751 --- [    Test worker] o.h.type.descriptor.sql.BasicExtractor   : extracted value ([toimipi20_5_] : [VARCHAR]) - [null]
2020-06-10 18:11:46.954 TRACE 55751 --- [    Test worker] o.h.type.descriptor.sql.BasicExtractor   : extracted value ([tuontip21_5_] : [TIMESTAMP]) - [null]
2020-06-10 18:11:46.954 TRACE 55751 --- [    Test worker] o.h.type.descriptor.sql.BasicExtractor   : extracted value ([varhais31_5_] : [BIGINT]) - [null]
2020-06-10 18:11:46.954 TRACE 55751 --- [    Test worker] o.h.type.descriptor.sql.BasicExtractor   : extracted value ([virasto22_5_] : [VARCHAR]) - [null]
2020-06-10 18:11:46.954 TRACE 55751 --- [    Test worker] o.h.type.descriptor.sql.BasicExtractor   : extracted value ([yhteish23_5_] : [VARCHAR]) - [null]
2020-06-10 18:11:46.954 TRACE 55751 --- [    Test worker] o.h.type.descriptor.sql.BasicExtractor   : extracted value ([yritysm24_5_] : [VARCHAR]) - [oy]
2020-06-10 18:11:46.954 TRACE 55751 --- [    Test worker] o.h.type.descriptor.sql.BasicExtractor   : extracted value ([ytj_kie25_5_] : [VARCHAR]) - [null]
2020-06-10 18:11:46.954 TRACE 55751 --- [    Test worker] o.h.type.descriptor.sql.BasicExtractor   : extracted value ([ytjpaiv26_5_] : [DATE]) - [null]
2020-06-10 18:11:46.954 TRACE 55751 --- [    Test worker] o.h.type.descriptor.sql.BasicExtractor   : extracted value ([ytunnus27_5_] : [VARCHAR]) - [null]
2020-06-10 18:11:46.954 TRACE 55751 --- [    Test worker] org.hibernate.type.CollectionType        : Created collection wrapper: [fi.vm.sade.organisaatio.model.Organisaatio.childSuhteet#1]
2020-06-10 18:11:46.954 TRACE 55751 --- [    Test worker] org.hibernate.type.CollectionType        : Created collection wrapper: [fi.vm.sade.organisaatio.model.Organisaatio.kayttoryhmat#1]
2020-06-10 18:11:46.954 TRACE 55751 --- [    Test worker] org.hibernate.type.CollectionType        : Created collection wrapper: [fi.vm.sade.organisaatio.model.Organisaatio.kielet#1]
2020-06-10 18:11:46.954 TRACE 55751 --- [    Test worker] org.hibernate.type.CollectionType        : Created collection wrapper: [fi.vm.sade.organisaatio.model.Organisaatio.muutKotipaikatUris#1]
2020-06-10 18:11:46.954 TRACE 55751 --- [    Test worker] org.hibernate.type.CollectionType        : Created collection wrapper: [fi.vm.sade.organisaatio.model.Organisaatio.muutOppilaitosTyyppiUris#1]
2020-06-10 18:11:46.954 TRACE 55751 --- [    Test worker] org.hibernate.type.CollectionType        : Created collection wrapper: [fi.vm.sade.organisaatio.model.Organisaatio.nimet#1]
2020-06-10 18:11:46.954 TRACE 55751 --- [    Test worker] org.hibernate.type.CollectionType        : Created collection wrapper: [fi.vm.sade.organisaatio.model.Organisaatio.organisaatioLisatietotyypit#1]
2020-06-10 18:11:46.954 TRACE 55751 --- [    Test worker] org.hibernate.type.CollectionType        : Created collection wrapper: [fi.vm.sade.organisaatio.model.Organisaatio.parentSuhteet#1]
2020-06-10 18:11:46.954 TRACE 55751 --- [    Test worker] org.hibernate.type.CollectionType        : Created collection wrapper: [fi.vm.sade.organisaatio.model.Organisaatio.ryhmatyypit#1]
2020-06-10 18:11:46.954 TRACE 55751 --- [    Test worker] org.hibernate.type.CollectionType        : Created collection wrapper: [fi.vm.sade.organisaatio.model.Organisaatio.tyypit#1]
2020-06-10 18:11:46.954 TRACE 55751 --- [    Test worker] org.hibernate.type.CollectionType        : Created collection wrapper: [fi.vm.sade.organisaatio.model.Organisaatio.vuosiluokat#1]
2020-06-10 18:11:46.954 TRACE 55751 --- [    Test worker] org.hibernate.type.CollectionType        : Created collection wrapper: [fi.vm.sade.organisaatio.model.Organisaatio.yhteystiedot#1]
2020-06-10 18:11:46.954 TRACE 55751 --- [    Test worker] org.hibernate.type.CollectionType        : Created collection wrapper: [fi.vm.sade.organisaatio.model.Organisaatio.yhteystietoArvos#1]
Hibernate: 
    select
        parentsuht0_.child_id as child_id7_19_0_,
        parentsuht0_.id as id1_19_0_,
        parentsuht0_.id as id1_19_1_,
        parentsuht0_.version as version2_19_1_,
        parentsuht0_.alkupvm as alkupvm3_19_1_,
        parentsuht0_.child_id as child_id7_19_1_,
        parentsuht0_.loppupvm as loppupvm4_19_1_,
        parentsuht0_.opetuspisteenjarjnro as opetuspi5_19_1_,
        parentsuht0_.parent_id as parent_i8_19_1_,
        parentsuht0_.suhdetyyppi as suhdetyy6_19_1_ 
    from
        organisaatiosuhde parentsuht0_ 
    where
        parentsuht0_.child_id=? 
    order by
        parentsuht0_.alkupvm
2020-06-10 18:11:46.955 TRACE 55751 --- [    Test worker] o.h.type.descriptor.sql.BasicBinder      : binding parameter [1] as [BIGINT] - [1]
Hibernate: 
    select
        organisaat0_.id as id1_5_,
        organisaat0_.version as version2_5_,
        organisaat0_.alkupvm as alkupvm3_5_,
        organisaat0_.domainnimi as domainni4_5_,
        organisaat0_.kotipaikka as kotipaik5_5_,
        organisaat0_.kuvaus_mkt as kuvaus_28_5_,
        organisaat0_.lakkautuspvm as lakkautu6_5_,
        organisaat0_.maa as maa7_5_,
        organisaat0_.metadata_id as metadat29_5_,
        organisaat0_.nimi_mkt as nimi_mk30_5_,
        organisaat0_.nimihaku as nimihaku8_5_,
        organisaat0_.oid as oid9_5_,
        organisaat0_.opetuspisteenjarjnro as opetusp10_5_,
        organisaat0_.oppilaitoskoodi as oppilai11_5_,
        organisaat0_.oppilaitos_tyyppi as oppilai12_5_,
        organisaat0_.organisaatio_poistettu as organis13_5_,
        organisaat0_.paivittaja as paivitt14_5_,
        organisaat0_.paivityspvm as paivity15_5_,
        organisaat0_.parentidpath as parenti16_5_,
        organisaat0_.parentoidpath as parento17_5_,
        organisaat0_.piilotettu as piilote18_5_,
        organisaat0_.tarkastus_pvm as tarkast19_5_,
        organisaat0_.toimipistekoodi as toimipi20_5_,
        organisaat0_.tuontipvm as tuontip21_5_,
        organisaat0_.varhaiskasvatuksen_toimipaikka_tiedot_id as varhais31_5_,
        organisaat0_.virastotunnus as virasto22_5_,
        organisaat0_.yhteishaunkoulukoodi as yhteish23_5_,
        organisaat0_.yritysmuoto as yritysm24_5_,
        organisaat0_.ytj_kieli as ytj_kie25_5_,
        organisaat0_.ytjpaivityspvm as ytjpaiv26_5_,
        organisaat0_.ytunnus as ytunnus27_5_ 
    from
        organisaatio organisaat0_ 
    where
        organisaat0_.oid=?
2020-06-10 18:11:46.956 TRACE 55751 --- [    Test worker] o.h.type.descriptor.sql.BasicBinder      : binding parameter [1] as [VARCHAR] - [1.2.246.562.24.00000000001]
2020-06-10 18:11:46.956 TRACE 55751 --- [    Test worker] o.h.type.descriptor.sql.BasicExtractor   : extracted value ([id1_5_] : [BIGINT]) - [1]
2020-06-10 18:11:46.957  WARN 55751 --- [    Test worker] .s.o.b.i.OrganisaatioBusinessServiceImpl : Oppilaitos not found in parents
Hibernate: 
    insert 
    into
        monikielinen_teksti
        (id, version) 
    values
        (null, ?)
2020-06-10 18:11:46.957 TRACE 55751 --- [    Test worker] o.h.type.descriptor.sql.BasicBinder      : binding parameter [1] as [BIGINT] - [0]
Hibernate: 
    insert 
    into
        monikielinen_teksti
        (id, version) 
    values
        (null, ?)
2020-06-10 18:11:46.958 TRACE 55751 --- [    Test worker] o.h.type.descriptor.sql.BasicBinder      : binding parameter [1] as [BIGINT] - [0]
Hibernate: 
    insert 
    into
        organisaatio
        (id, version, alkupvm, domainnimi, kotipaikka, kuvaus_mkt, lakkautuspvm, maa, metadata_id, nimi_mkt, nimihaku, oid, opetuspisteenjarjnro, oppilaitoskoodi, oppilaitos_tyyppi, organisaatio_poistettu, paivittaja, paivityspvm, parentidpath, parentoidpath, piilotettu, tarkastus_pvm, toimipistekoodi, tuontipvm, varhaiskasvatuksen_toimipaikka_tiedot_id, virastotunnus, yhteishaunkoulukoodi, yritysmuoto, ytj_kieli, ytjpaivityspvm, ytunnus) 
    values
        (null, ?, ?, ?, ?, ?, ?, ?, ?, ?, ?, ?, ?, ?, ?, ?, ?, ?, ?, ?, ?, ?, ?, ?, ?, ?, ?, ?, ?, ?, ?)
2020-06-10 18:11:46.959 TRACE 55751 --- [    Test worker] o.h.type.descriptor.sql.BasicBinder      : binding parameter [1] as [BIGINT] - [0]
2020-06-10 18:11:46.959 TRACE 55751 --- [    Test worker] o.h.type.descriptor.sql.BasicBinder      : binding parameter [2] as [DATE] - [Wed Jun 10 00:00:00 EEST 2020]
2020-06-10 18:11:46.959 TRACE 55751 --- [    Test worker] o.h.type.descriptor.sql.BasicBinder      : binding parameter [3] as [VARCHAR] - [null]
2020-06-10 18:11:46.959 TRACE 55751 --- [    Test worker] o.h.type.descriptor.sql.BasicBinder      : binding parameter [4] as [VARCHAR] - [kunta_092]
2020-06-10 18:11:46.959 TRACE 55751 --- [    Test worker] o.h.type.descriptor.sql.BasicBinder      : binding parameter [5] as [BIGINT] - [1040]
2020-06-10 18:11:46.959 TRACE 55751 --- [    Test worker] o.h.type.descriptor.sql.BasicBinder      : binding parameter [6] as [DATE] - [null]
2020-06-10 18:11:46.959 TRACE 55751 --- [    Test worker] o.h.type.descriptor.sql.BasicBinder      : binding parameter [7] as [VARCHAR] - [maatjavaltiot1_fin]
2020-06-10 18:11:46.959 TRACE 55751 --- [    Test worker] o.h.type.descriptor.sql.BasicBinder      : binding parameter [8] as [BIGINT] - [null]
2020-06-10 18:11:46.959 TRACE 55751 --- [    Test worker] o.h.type.descriptor.sql.BasicBinder      : binding parameter [9] as [BIGINT] - [1041]
2020-06-10 18:11:46.959 TRACE 55751 --- [    Test worker] o.h.type.descriptor.sql.BasicBinder      : binding parameter [10] as [VARCHAR] - [,orgrandomnimijsdflsfsf]
2020-06-10 18:11:46.959 TRACE 55751 --- [    Test worker] o.h.type.descriptor.sql.BasicBinder      : binding parameter [11] as [VARCHAR] - [65432.1]
2020-06-10 18:11:46.959 TRACE 55751 --- [    Test worker] o.h.type.descriptor.sql.BasicBinder      : binding parameter [12] as [VARCHAR] - [null]
2020-06-10 18:11:46.959 TRACE 55751 --- [    Test worker] o.h.type.descriptor.sql.BasicBinder      : binding parameter [13] as [VARCHAR] - [null]
2020-06-10 18:11:46.959 TRACE 55751 --- [    Test worker] o.h.type.descriptor.sql.BasicBinder      : binding parameter [14] as [VARCHAR] - [null]
2020-06-10 18:11:46.959 TRACE 55751 --- [    Test worker] o.h.type.descriptor.sql.BasicBinder      : binding parameter [15] as [BOOLEAN] - [false]
2020-06-10 18:11:46.959 TRACE 55751 --- [    Test worker] o.h.type.descriptor.sql.BasicBinder      : binding parameter [16] as [VARCHAR] - [ophadmin]
2020-06-10 18:11:46.959 TRACE 55751 --- [    Test worker] o.h.type.descriptor.sql.BasicBinder      : binding parameter [17] as [TIMESTAMP] - [Wed Jun 10 18:11:46 EEST 2020]
2020-06-10 18:11:46.959 TRACE 55751 --- [    Test worker] o.h.type.descriptor.sql.BasicBinder      : binding parameter [18] as [VARCHAR] - [|1|]
2020-06-10 18:11:46.959 TRACE 55751 --- [    Test worker] o.h.type.descriptor.sql.BasicBinder      : binding parameter [19] as [VARCHAR] - [|1.2.246.562.24.00000000001|]
2020-06-10 18:11:46.959 TRACE 55751 --- [    Test worker] o.h.type.descriptor.sql.BasicBinder      : binding parameter [20] as [BOOLEAN] - [false]
2020-06-10 18:11:46.959 TRACE 55751 --- [    Test worker] o.h.type.descriptor.sql.BasicBinder      : binding parameter [21] as [TIMESTAMP] - [null]
2020-06-10 18:11:46.959 TRACE 55751 --- [    Test worker] o.h.type.descriptor.sql.BasicBinder      : binding parameter [22] as [VARCHAR] - []
2020-06-10 18:11:46.959 TRACE 55751 --- [    Test worker] o.h.type.descriptor.sql.BasicBinder      : binding parameter [23] as [TIMESTAMP] - [null]
2020-06-10 18:11:46.959 TRACE 55751 --- [    Test worker] o.h.type.descriptor.sql.BasicBinder      : binding parameter [24] as [BIGINT] - [null]
2020-06-10 18:11:46.959 TRACE 55751 --- [    Test worker] o.h.type.descriptor.sql.BasicBinder      : binding parameter [25] as [VARCHAR] - [null]
2020-06-10 18:11:46.959 TRACE 55751 --- [    Test worker] o.h.type.descriptor.sql.BasicBinder      : binding parameter [26] as [VARCHAR] - [null]
2020-06-10 18:11:46.959 TRACE 55751 --- [    Test worker] o.h.type.descriptor.sql.BasicBinder      : binding parameter [27] as [VARCHAR] - [null]
2020-06-10 18:11:46.959 TRACE 55751 --- [    Test worker] o.h.type.descriptor.sql.BasicBinder      : binding parameter [28] as [VARCHAR] - [null]
2020-06-10 18:11:46.959 TRACE 55751 --- [    Test worker] o.h.type.descriptor.sql.BasicBinder      : binding parameter [29] as [DATE] - [null]
2020-06-10 18:11:46.959 TRACE 55751 --- [    Test worker] o.h.type.descriptor.sql.BasicBinder      : binding parameter [30] as [VARCHAR] - [null]
Hibernate: 
    insert 
    into
        organisaatio_nimi
        (id, version, alkupvm, nimi_mkt, organisaatio_id, paivittaja) 
    values
        (null, ?, ?, ?, ?, ?)
2020-06-10 18:11:46.960 TRACE 55751 --- [    Test worker] o.h.type.descriptor.sql.BasicBinder      : binding parameter [1] as [BIGINT] - [0]
2020-06-10 18:11:46.960 TRACE 55751 --- [    Test worker] o.h.type.descriptor.sql.BasicBinder      : binding parameter [2] as [DATE] - [Wed Jun 10 18:11:46 EEST 2020]
2020-06-10 18:11:46.960 TRACE 55751 --- [    Test worker] o.h.type.descriptor.sql.BasicBinder      : binding parameter [3] as [BIGINT] - [1041]
2020-06-10 18:11:46.960 TRACE 55751 --- [    Test worker] o.h.type.descriptor.sql.BasicBinder      : binding parameter [4] as [BIGINT] - [30]
2020-06-10 18:11:46.960 TRACE 55751 --- [    Test worker] o.h.type.descriptor.sql.BasicBinder      : binding parameter [5] as [VARCHAR] - [null]
Hibernate: 
    update
        organisaatio 
    set
        version=?,
        alkupvm=?,
        domainnimi=?,
        kotipaikka=?,
        kuvaus_mkt=?,
        lakkautuspvm=?,
        maa=?,
        metadata_id=?,
        nimi_mkt=?,
        nimihaku=?,
        oid=?,
        opetuspisteenjarjnro=?,
        oppilaitoskoodi=?,
        oppilaitos_tyyppi=?,
        organisaatio_poistettu=?,
        paivittaja=?,
        paivityspvm=?,
        parentidpath=?,
        parentoidpath=?,
        piilotettu=?,
        tarkastus_pvm=?,
        toimipistekoodi=?,
        tuontipvm=?,
        varhaiskasvatuksen_toimipaikka_tiedot_id=?,
        virastotunnus=?,
        yhteishaunkoulukoodi=?,
        yritysmuoto=?,
        ytj_kieli=?,
        ytjpaivityspvm=?,
        ytunnus=? 
    where
        id=? 
        and version=?
2020-06-10 18:11:46.961 TRACE 55751 --- [    Test worker] o.h.type.descriptor.sql.BasicBinder      : binding parameter [1] as [BIGINT] - [1]
2020-06-10 18:11:46.961 TRACE 55751 --- [    Test worker] o.h.type.descriptor.sql.BasicBinder      : binding parameter [2] as [DATE] - [Wed Jun 10 00:00:00 EEST 2020]
2020-06-10 18:11:46.961 TRACE 55751 --- [    Test worker] o.h.type.descriptor.sql.BasicBinder      : binding parameter [3] as [VARCHAR] - [null]
2020-06-10 18:11:46.961 TRACE 55751 --- [    Test worker] o.h.type.descriptor.sql.BasicBinder      : binding parameter [4] as [VARCHAR] - [kunta_092]
2020-06-10 18:11:46.961 TRACE 55751 --- [    Test worker] o.h.type.descriptor.sql.BasicBinder      : binding parameter [5] as [BIGINT] - [1040]
2020-06-10 18:11:46.961 TRACE 55751 --- [    Test worker] o.h.type.descriptor.sql.BasicBinder      : binding parameter [6] as [DATE] - [null]
2020-06-10 18:11:46.961 TRACE 55751 --- [    Test worker] o.h.type.descriptor.sql.BasicBinder      : binding parameter [7] as [VARCHAR] - [maatjavaltiot1_fin]
2020-06-10 18:11:46.961 TRACE 55751 --- [    Test worker] o.h.type.descriptor.sql.BasicBinder      : binding parameter [8] as [BIGINT] - [null]
2020-06-10 18:11:46.961 TRACE 55751 --- [    Test worker] o.h.type.descriptor.sql.BasicBinder      : binding parameter [9] as [BIGINT] - [1041]
2020-06-10 18:11:46.961 TRACE 55751 --- [    Test worker] o.h.type.descriptor.sql.BasicBinder      : binding parameter [10] as [VARCHAR] - [,orgrandomnimijsdflsfsf]
2020-06-10 18:11:46.962 TRACE 55751 --- [    Test worker] o.h.type.descriptor.sql.BasicBinder      : binding parameter [11] as [VARCHAR] - [65432.1]
2020-06-10 18:11:46.962 TRACE 55751 --- [    Test worker] o.h.type.descriptor.sql.BasicBinder      : binding parameter [12] as [VARCHAR] - [null]
2020-06-10 18:11:46.962 TRACE 55751 --- [    Test worker] o.h.type.descriptor.sql.BasicBinder      : binding parameter [13] as [VARCHAR] - [null]
2020-06-10 18:11:46.962 TRACE 55751 --- [    Test worker] o.h.type.descriptor.sql.BasicBinder      : binding parameter [14] as [VARCHAR] - [null]
2020-06-10 18:11:46.962 TRACE 55751 --- [    Test worker] o.h.type.descriptor.sql.BasicBinder      : binding parameter [15] as [BOOLEAN] - [false]
2020-06-10 18:11:46.962 TRACE 55751 --- [    Test worker] o.h.type.descriptor.sql.BasicBinder      : binding parameter [16] as [VARCHAR] - [ophadmin]
2020-06-10 18:11:46.962 TRACE 55751 --- [    Test worker] o.h.type.descriptor.sql.BasicBinder      : binding parameter [17] as [TIMESTAMP] - [Wed Jun 10 18:11:46 EEST 2020]
2020-06-10 18:11:46.962 TRACE 55751 --- [    Test worker] o.h.type.descriptor.sql.BasicBinder      : binding parameter [18] as [VARCHAR] - [|1|]
2020-06-10 18:11:46.962 TRACE 55751 --- [    Test worker] o.h.type.descriptor.sql.BasicBinder      : binding parameter [19] as [VARCHAR] - [|1.2.246.562.24.00000000001|]
2020-06-10 18:11:46.962 TRACE 55751 --- [    Test worker] o.h.type.descriptor.sql.BasicBinder      : binding parameter [20] as [BOOLEAN] - [false]
2020-06-10 18:11:46.962 TRACE 55751 --- [    Test worker] o.h.type.descriptor.sql.BasicBinder      : binding parameter [21] as [TIMESTAMP] - [null]
2020-06-10 18:11:46.962 TRACE 55751 --- [    Test worker] o.h.type.descriptor.sql.BasicBinder      : binding parameter [22] as [VARCHAR] - []
2020-06-10 18:11:46.962 TRACE 55751 --- [    Test worker] o.h.type.descriptor.sql.BasicBinder      : binding parameter [23] as [TIMESTAMP] - [null]
2020-06-10 18:11:46.962 TRACE 55751 --- [    Test worker] o.h.type.descriptor.sql.BasicBinder      : binding parameter [24] as [BIGINT] - [null]
2020-06-10 18:11:46.962 TRACE 55751 --- [    Test worker] o.h.type.descriptor.sql.BasicBinder      : binding parameter [25] as [VARCHAR] - [null]
2020-06-10 18:11:46.962 TRACE 55751 --- [    Test worker] o.h.type.descriptor.sql.BasicBinder      : binding parameter [26] as [VARCHAR] - [null]
2020-06-10 18:11:46.962 TRACE 55751 --- [    Test worker] o.h.type.descriptor.sql.BasicBinder      : binding parameter [27] as [VARCHAR] - [null]
2020-06-10 18:11:46.962 TRACE 55751 --- [    Test worker] o.h.type.descriptor.sql.BasicBinder      : binding parameter [28] as [VARCHAR] - [null]
2020-06-10 18:11:46.962 TRACE 55751 --- [    Test worker] o.h.type.descriptor.sql.BasicBinder      : binding parameter [29] as [DATE] - [null]
2020-06-10 18:11:46.962 TRACE 55751 --- [    Test worker] o.h.type.descriptor.sql.BasicBinder      : binding parameter [30] as [VARCHAR] - [null]
2020-06-10 18:11:46.962 TRACE 55751 --- [    Test worker] o.h.type.descriptor.sql.BasicBinder      : binding parameter [31] as [BIGINT] - [30]
2020-06-10 18:11:46.962 TRACE 55751 --- [    Test worker] o.h.type.descriptor.sql.BasicBinder      : binding parameter [32] as [BIGINT] - [0]
Hibernate: 
    insert 
    into
        organisaatio_tyypit
        (organisaatio_id, tyypit) 
    values
        (?, ?)
2020-06-10 18:11:46.962 TRACE 55751 --- [    Test worker] o.h.type.descriptor.sql.BasicBinder      : binding parameter [1] as [BIGINT] - [30]
2020-06-10 18:11:46.962 TRACE 55751 --- [    Test worker] o.h.type.descriptor.sql.BasicBinder      : binding parameter [2] as [VARCHAR] - [organisaatiotyyppi_05]
Hibernate: 
    insert 
    into
        monikielinen_teksti_values
        (id, key, value) 
    values
        (?, ?, ?)
2020-06-10 18:11:46.962 TRACE 55751 --- [    Test worker] o.h.type.descriptor.sql.BasicBinder      : binding parameter [1] as [BIGINT] - [1041]
2020-06-10 18:11:46.962 TRACE 55751 --- [    Test worker] o.h.type.descriptor.sql.BasicBinder      : binding parameter [2] as [VARCHAR] - [fi]
2020-06-10 18:11:46.963 TRACE 55751 --- [    Test worker] o.h.type.descriptor.sql.BasicBinder      : binding parameter [3] as [VARCHAR] - [orgrandomnimijsdflsfsf]
Hibernate: 
    select
        organisaat0_.id as id1_5_,
        organisaat0_.version as version2_5_,
        organisaat0_.alkupvm as alkupvm3_5_,
        organisaat0_.domainnimi as domainni4_5_,
        organisaat0_.kotipaikka as kotipaik5_5_,
        organisaat0_.kuvaus_mkt as kuvaus_28_5_,
        organisaat0_.lakkautuspvm as lakkautu6_5_,
        organisaat0_.maa as maa7_5_,
        organisaat0_.metadata_id as metadat29_5_,
        organisaat0_.nimi_mkt as nimi_mk30_5_,
        organisaat0_.nimihaku as nimihaku8_5_,
        organisaat0_.oid as oid9_5_,
        organisaat0_.opetuspisteenjarjnro as opetusp10_5_,
        organisaat0_.oppilaitoskoodi as oppilai11_5_,
        organisaat0_.oppilaitos_tyyppi as oppilai12_5_,
        organisaat0_.organisaatio_poistettu as organis13_5_,
        organisaat0_.paivittaja as paivitt14_5_,
        organisaat0_.paivityspvm as paivity15_5_,
        organisaat0_.parentidpath as parenti16_5_,
        organisaat0_.parentoidpath as parento17_5_,
        organisaat0_.piilotettu as piilote18_5_,
        organisaat0_.tarkastus_pvm as tarkast19_5_,
        organisaat0_.toimipistekoodi as toimipi20_5_,
        organisaat0_.tuontipvm as tuontip21_5_,
        organisaat0_.varhaiskasvatuksen_toimipaikka_tiedot_id as varhais31_5_,
        organisaat0_.virastotunnus as virasto22_5_,
        organisaat0_.yhteishaunkoulukoodi as yhteish23_5_,
        organisaat0_.yritysmuoto as yritysm24_5_,
        organisaat0_.ytj_kieli as ytj_kie25_5_,
        organisaat0_.ytjpaivityspvm as ytjpaiv26_5_,
        organisaat0_.ytunnus as ytunnus27_5_ 
    from
        organisaatio organisaat0_ 
    where
        organisaat0_.oid=?
2020-06-10 18:11:46.963 TRACE 55751 --- [    Test worker] o.h.type.descriptor.sql.BasicBinder      : binding parameter [1] as [VARCHAR] - [1.2.246.562.24.00000000001]
2020-06-10 18:11:46.963 TRACE 55751 --- [    Test worker] o.h.type.descriptor.sql.BasicExtractor   : extracted value ([id1_5_] : [BIGINT]) - [1]
2020-06-10 18:11:46.963  INFO 55751 --- [    Test worker] .s.o.r.i.OrganisaatioSuhdeRepositoryImpl : findParentTo(30, Wed Jun 10 18:11:46 EEST 2020)
Hibernate: 
    select
        organisaat0_.id as id1_19_0_,
        organisaat1_.id as id1_5_1_,
        organisaat0_.version as version2_19_0_,
        organisaat0_.alkupvm as alkupvm3_19_0_,
        organisaat0_.child_id as child_id7_19_0_,
        organisaat0_.loppupvm as loppupvm4_19_0_,
        organisaat0_.opetuspisteenjarjnro as opetuspi5_19_0_,
        organisaat0_.parent_id as parent_i8_19_0_,
        organisaat0_.suhdetyyppi as suhdetyy6_19_0_,
        organisaat1_.version as version2_5_1_,
        organisaat1_.alkupvm as alkupvm3_5_1_,
        organisaat1_.domainnimi as domainni4_5_1_,
        organisaat1_.kotipaikka as kotipaik5_5_1_,
        organisaat1_.kuvaus_mkt as kuvaus_28_5_1_,
        organisaat1_.lakkautuspvm as lakkautu6_5_1_,
        organisaat1_.maa as maa7_5_1_,
        organisaat1_.metadata_id as metadat29_5_1_,
        organisaat1_.nimi_mkt as nimi_mk30_5_1_,
        organisaat1_.nimihaku as nimihaku8_5_1_,
        organisaat1_.oid as oid9_5_1_,
        organisaat1_.opetuspisteenjarjnro as opetusp10_5_1_,
        organisaat1_.oppilaitoskoodi as oppilai11_5_1_,
        organisaat1_.oppilaitos_tyyppi as oppilai12_5_1_,
        organisaat1_.organisaatio_poistettu as organis13_5_1_,
        organisaat1_.paivittaja as paivitt14_5_1_,
        organisaat1_.paivityspvm as paivity15_5_1_,
        organisaat1_.parentidpath as parenti16_5_1_,
        organisaat1_.parentoidpath as parento17_5_1_,
        organisaat1_.piilotettu as piilote18_5_1_,
        organisaat1_.tarkastus_pvm as tarkast19_5_1_,
        organisaat1_.toimipistekoodi as toimipi20_5_1_,
        organisaat1_.tuontipvm as tuontip21_5_1_,
        organisaat1_.varhaiskasvatuksen_toimipaikka_tiedot_id as varhais31_5_1_,
        organisaat1_.virastotunnus as virasto22_5_1_,
        organisaat1_.yhteishaunkoulukoodi as yhteish23_5_1_,
        organisaat1_.yritysmuoto as yritysm24_5_1_,
        organisaat1_.ytj_kieli as ytj_kie25_5_1_,
        organisaat1_.ytjpaivityspvm as ytjpaiv26_5_1_,
        organisaat1_.ytunnus as ytunnus27_5_1_ 
    from
        organisaatiosuhde organisaat0_ 
    inner join
        organisaatio organisaat1_ 
            on organisaat0_.parent_id=organisaat1_.id 
    where
        organisaat0_.child_id=? 
        and organisaat0_.suhdetyyppi=? 
        and (
            organisaat0_.alkupvm=? 
            or organisaat0_.alkupvm<?
        ) 
        and (
            organisaat0_.loppupvm is null 
            or organisaat0_.loppupvm>?
        ) 
        and organisaat1_.organisaatio_poistettu=? 
    order by
        organisaat0_.alkupvm desc
2020-06-10 18:11:46.964 TRACE 55751 --- [    Test worker] o.h.type.descriptor.sql.BasicBinder      : binding parameter [1] as [BIGINT] - [30]
2020-06-10 18:11:46.964 TRACE 55751 --- [    Test worker] o.h.type.descriptor.sql.BasicBinder      : binding parameter [2] as [VARCHAR] - [HISTORIA]
2020-06-10 18:11:46.964 TRACE 55751 --- [    Test worker] o.h.type.descriptor.sql.BasicBinder      : binding parameter [3] as [DATE] - [Wed Jun 10 18:11:46 EEST 2020]
2020-06-10 18:11:46.964 TRACE 55751 --- [    Test worker] o.h.type.descriptor.sql.BasicBinder      : binding parameter [4] as [DATE] - [Wed Jun 10 18:11:46 EEST 2020]
2020-06-10 18:11:46.964 TRACE 55751 --- [    Test worker] o.h.type.descriptor.sql.BasicBinder      : binding parameter [5] as [DATE] - [Wed Jun 10 18:11:46 EEST 2020]
2020-06-10 18:11:46.964 TRACE 55751 --- [    Test worker] o.h.type.descriptor.sql.BasicBinder      : binding parameter [6] as [BOOLEAN] - [false]
2020-06-10 18:11:46.965  INFO 55751 --- [    Test worker] .s.o.r.i.OrganisaatioSuhdeRepositoryImpl : addChild(1, 30, Wed Jun 10 18:11:46 EEST 2020)
Hibernate: 
    insert 
    into
        organisaatiosuhde
        (id, version, alkupvm, child_id, loppupvm, opetuspisteenjarjnro, parent_id, suhdetyyppi) 
    values
        (null, ?, ?, ?, ?, ?, ?, ?)
2020-06-10 18:11:46.966 TRACE 55751 --- [    Test worker] o.h.type.descriptor.sql.BasicBinder      : binding parameter [1] as [BIGINT] - [0]
2020-06-10 18:11:46.966 TRACE 55751 --- [    Test worker] o.h.type.descriptor.sql.BasicBinder      : binding parameter [2] as [DATE] - [Wed Jun 10 18:11:46 EEST 2020]
2020-06-10 18:11:46.966 TRACE 55751 --- [    Test worker] o.h.type.descriptor.sql.BasicBinder      : binding parameter [3] as [BIGINT] - [30]
2020-06-10 18:11:46.966 TRACE 55751 --- [    Test worker] o.h.type.descriptor.sql.BasicBinder      : binding parameter [4] as [DATE] - [null]
2020-06-10 18:11:46.966 TRACE 55751 --- [    Test worker] o.h.type.descriptor.sql.BasicBinder      : binding parameter [5] as [VARCHAR] - [null]
2020-06-10 18:11:46.966 TRACE 55751 --- [    Test worker] o.h.type.descriptor.sql.BasicBinder      : binding parameter [6] as [BIGINT] - [1]
2020-06-10 18:11:46.966 TRACE 55751 --- [    Test worker] o.h.type.descriptor.sql.BasicBinder      : binding parameter [7] as [VARCHAR] - [HISTORIA]
2020-06-10 18:11:46.966  INFO 55751 --- [    Test worker] .s.o.r.i.OrganisaatioSuhdeRepositoryImpl :     Created new child relation:  --> pId=1, cId=30, aPvm=Wed Jun 10 18:11:46 EEST 2020, lPvm=null
Hibernate: 
    select
        organisaat0_.id as id1_19_,
        organisaat0_.version as version2_19_,
        organisaat0_.alkupvm as alkupvm3_19_,
        organisaat0_.child_id as child_id7_19_,
        organisaat0_.loppupvm as loppupvm4_19_,
        organisaat0_.opetuspisteenjarjnro as opetuspi5_19_,
        organisaat0_.parent_id as parent_i8_19_,
        organisaat0_.suhdetyyppi as suhdetyy6_19_ 
    from
        organisaatiosuhde organisaat0_ 
    where
        organisaat0_.child_id=?
2020-06-10 18:11:46.967 TRACE 55751 --- [    Test worker] o.h.type.descriptor.sql.BasicBinder      : binding parameter [1] as [BIGINT] - [30]
2020-06-10 18:11:46.967 TRACE 55751 --- [    Test worker] o.h.type.descriptor.sql.BasicExtractor   : extracted value ([id1_19_] : [BIGINT]) - [34]
Hibernate: 
    select
        organisaat0_.id as id1_5_,
        organisaat0_.version as version2_5_,
        organisaat0_.alkupvm as alkupvm3_5_,
        organisaat0_.domainnimi as domainni4_5_,
        organisaat0_.kotipaikka as kotipaik5_5_,
        organisaat0_.kuvaus_mkt as kuvaus_28_5_,
        organisaat0_.lakkautuspvm as lakkautu6_5_,
        organisaat0_.maa as maa7_5_,
        organisaat0_.metadata_id as metadat29_5_,
        organisaat0_.nimi_mkt as nimi_mk30_5_,
        organisaat0_.nimihaku as nimihaku8_5_,
        organisaat0_.oid as oid9_5_,
        organisaat0_.opetuspisteenjarjnro as opetusp10_5_,
        organisaat0_.oppilaitoskoodi as oppilai11_5_,
        organisaat0_.oppilaitos_tyyppi as oppilai12_5_,
        organisaat0_.organisaatio_poistettu as organis13_5_,
        organisaat0_.paivittaja as paivitt14_5_,
        organisaat0_.paivityspvm as paivity15_5_,
        organisaat0_.parentidpath as parenti16_5_,
        organisaat0_.parentoidpath as parento17_5_,
        organisaat0_.piilotettu as piilote18_5_,
        organisaat0_.tarkastus_pvm as tarkast19_5_,
        organisaat0_.toimipistekoodi as toimipi20_5_,
        organisaat0_.tuontipvm as tuontip21_5_,
        organisaat0_.varhaiskasvatuksen_toimipaikka_tiedot_id as varhais31_5_,
        organisaat0_.virastotunnus as virasto22_5_,
        organisaat0_.yhteishaunkoulukoodi as yhteish23_5_,
        organisaat0_.yritysmuoto as yritysm24_5_,
        organisaat0_.ytj_kieli as ytj_kie25_5_,
        organisaat0_.ytjpaivityspvm as ytjpaiv26_5_,
        organisaat0_.ytunnus as ytunnus27_5_ 
    from
        organisaatio organisaat0_ 
    where
        organisaat0_.oid=?
2020-06-10 18:11:46.968 TRACE 55751 --- [    Test worker] o.h.type.descriptor.sql.BasicBinder      : binding parameter [1] as [VARCHAR] - [65432.1]
2020-06-10 18:11:46.968 TRACE 55751 --- [    Test worker] o.h.type.descriptor.sql.BasicExtractor   : extracted value ([id1_5_] : [BIGINT]) - [30]
2020-06-10 18:11:47.214  WARN 55751 --- [    Test worker] fi.vm.sade.javautils.http.OphHttpClient  : Failed to CAS authenticate. Renewing proxy ticket.
Hibernate: 
    select
        organisaat0_.id as id1_5_,
        organisaat0_.version as version2_5_,
        organisaat0_.alkupvm as alkupvm3_5_,
        organisaat0_.domainnimi as domainni4_5_,
        organisaat0_.kotipaikka as kotipaik5_5_,
        organisaat0_.kuvaus_mkt as kuvaus_28_5_,
        organisaat0_.lakkautuspvm as lakkautu6_5_,
        organisaat0_.maa as maa7_5_,
        organisaat0_.metadata_id as metadat29_5_,
        organisaat0_.nimi_mkt as nimi_mk30_5_,
        organisaat0_.nimihaku as nimihaku8_5_,
        organisaat0_.oid as oid9_5_,
        organisaat0_.opetuspisteenjarjnro as opetusp10_5_,
        organisaat0_.oppilaitoskoodi as oppilai11_5_,
        organisaat0_.oppilaitos_tyyppi as oppilai12_5_,
        organisaat0_.organisaatio_poistettu as organis13_5_,
        organisaat0_.paivittaja as paivitt14_5_,
        organisaat0_.paivityspvm as paivity15_5_,
        organisaat0_.parentidpath as parenti16_5_,
        organisaat0_.parentoidpath as parento17_5_,
        organisaat0_.piilotettu as piilote18_5_,
        organisaat0_.tarkastus_pvm as tarkast19_5_,
        organisaat0_.toimipistekoodi as toimipi20_5_,
        organisaat0_.tuontipvm as tuontip21_5_,
        organisaat0_.varhaiskasvatuksen_toimipaikka_tiedot_id as varhais31_5_,
        organisaat0_.virastotunnus as virasto22_5_,
        organisaat0_.yhteishaunkoulukoodi as yhteish23_5_,
        organisaat0_.yritysmuoto as yritysm24_5_,
        organisaat0_.ytj_kieli as ytj_kie25_5_,
        organisaat0_.ytjpaivityspvm as ytjpaiv26_5_,
        organisaat0_.ytunnus as ytunnus27_5_ 
    from
        organisaatio organisaat0_ 
    where
        organisaat0_.oid=?
2020-06-10 18:11:47.323 TRACE 55751 --- [    Test worker] o.h.type.descriptor.sql.BasicBinder      : binding parameter [1] as [VARCHAR] - [65432.1]
2020-06-10 18:11:47.324 TRACE 55751 --- [    Test worker] o.h.type.descriptor.sql.BasicExtractor   : extracted value ([id1_5_] : [BIGINT]) - [30]
2020-06-10 18:11:47.324 TRACE 55751 --- [    Test worker] o.h.type.descriptor.sql.BasicExtractor   : extracted value ([version2_5_] : [BIGINT]) - [1]
2020-06-10 18:11:47.324 TRACE 55751 --- [    Test worker] o.h.type.descriptor.sql.BasicExtractor   : extracted value ([alkupvm3_5_] : [DATE]) - [2020-06-10]
2020-06-10 18:11:47.324 TRACE 55751 --- [    Test worker] o.h.type.descriptor.sql.BasicExtractor   : extracted value ([domainni4_5_] : [VARCHAR]) - [null]
2020-06-10 18:11:47.324 TRACE 55751 --- [    Test worker] o.h.type.descriptor.sql.BasicExtractor   : extracted value ([kotipaik5_5_] : [VARCHAR]) - [kunta_092]
2020-06-10 18:11:47.324 TRACE 55751 --- [    Test worker] o.h.type.descriptor.sql.BasicExtractor   : extracted value ([kuvaus_28_5_] : [BIGINT]) - [1040]
2020-06-10 18:11:47.324 TRACE 55751 --- [    Test worker] o.h.type.descriptor.sql.BasicExtractor   : extracted value ([lakkautu6_5_] : [DATE]) - [null]
2020-06-10 18:11:47.324 TRACE 55751 --- [    Test worker] o.h.type.descriptor.sql.BasicExtractor   : extracted value ([maa7_5_] : [VARCHAR]) - [maatjavaltiot1_fin]
2020-06-10 18:11:47.324 TRACE 55751 --- [    Test worker] o.h.type.descriptor.sql.BasicExtractor   : extracted value ([metadat29_5_] : [BIGINT]) - [null]
2020-06-10 18:11:47.324 TRACE 55751 --- [    Test worker] o.h.type.descriptor.sql.BasicExtractor   : extracted value ([nimi_mk30_5_] : [BIGINT]) - [1041]
2020-06-10 18:11:47.324 TRACE 55751 --- [    Test worker] o.h.type.descriptor.sql.BasicExtractor   : extracted value ([nimihaku8_5_] : [VARCHAR]) - [,orgrandomnimijsdflsfsf]
2020-06-10 18:11:47.324 TRACE 55751 --- [    Test worker] o.h.type.descriptor.sql.BasicExtractor   : extracted value ([oid9_5_] : [VARCHAR]) - [65432.1]
2020-06-10 18:11:47.324 TRACE 55751 --- [    Test worker] o.h.type.descriptor.sql.BasicExtractor   : extracted value ([opetusp10_5_] : [VARCHAR]) - [null]
2020-06-10 18:11:47.324 TRACE 55751 --- [    Test worker] o.h.type.descriptor.sql.BasicExtractor   : extracted value ([oppilai11_5_] : [VARCHAR]) - [null]
2020-06-10 18:11:47.324 TRACE 55751 --- [    Test worker] o.h.type.descriptor.sql.BasicExtractor   : extracted value ([oppilai12_5_] : [VARCHAR]) - [null]
2020-06-10 18:11:47.324 TRACE 55751 --- [    Test worker] o.h.type.descriptor.sql.BasicExtractor   : extracted value ([organis13_5_] : [BOOLEAN]) - [false]
2020-06-10 18:11:47.324 TRACE 55751 --- [    Test worker] o.h.type.descriptor.sql.BasicExtractor   : extracted value ([paivitt14_5_] : [VARCHAR]) - [ophadmin]
2020-06-10 18:11:47.324 TRACE 55751 --- [    Test worker] o.h.type.descriptor.sql.BasicExtractor   : extracted value ([paivity15_5_] : [TIMESTAMP]) - [2020-06-10 18:11:46.955]
2020-06-10 18:11:47.324 TRACE 55751 --- [    Test worker] o.h.type.descriptor.sql.BasicExtractor   : extracted value ([parenti16_5_] : [VARCHAR]) - [|1|]
2020-06-10 18:11:47.324 TRACE 55751 --- [    Test worker] o.h.type.descriptor.sql.BasicExtractor   : extracted value ([parento17_5_] : [VARCHAR]) - [|1.2.246.562.24.00000000001|]
2020-06-10 18:11:47.324 TRACE 55751 --- [    Test worker] o.h.type.descriptor.sql.BasicExtractor   : extracted value ([piilote18_5_] : [BOOLEAN]) - [false]
2020-06-10 18:11:47.324 TRACE 55751 --- [    Test worker] o.h.type.descriptor.sql.BasicExtractor   : extracted value ([tarkast19_5_] : [TIMESTAMP]) - [null]
2020-06-10 18:11:47.324 TRACE 55751 --- [    Test worker] o.h.type.descriptor.sql.BasicExtractor   : extracted value ([toimipi20_5_] : [VARCHAR]) - []
2020-06-10 18:11:47.324 TRACE 55751 --- [    Test worker] o.h.type.descriptor.sql.BasicExtractor   : extracted value ([tuontip21_5_] : [TIMESTAMP]) - [null]
2020-06-10 18:11:47.324 TRACE 55751 --- [    Test worker] o.h.type.descriptor.sql.BasicExtractor   : extracted value ([varhais31_5_] : [BIGINT]) - [null]
2020-06-10 18:11:47.324 TRACE 55751 --- [    Test worker] o.h.type.descriptor.sql.BasicExtractor   : extracted value ([virasto22_5_] : [VARCHAR]) - [null]
2020-06-10 18:11:47.324 TRACE 55751 --- [    Test worker] o.h.type.descriptor.sql.BasicExtractor   : extracted value ([yhteish23_5_] : [VARCHAR]) - [null]
2020-06-10 18:11:47.324 TRACE 55751 --- [    Test worker] o.h.type.descriptor.sql.BasicExtractor   : extracted value ([yritysm24_5_] : [VARCHAR]) - [null]
2020-06-10 18:11:47.324 TRACE 55751 --- [    Test worker] o.h.type.descriptor.sql.BasicExtractor   : extracted value ([ytj_kie25_5_] : [VARCHAR]) - [null]
2020-06-10 18:11:47.324 TRACE 55751 --- [    Test worker] o.h.type.descriptor.sql.BasicExtractor   : extracted value ([ytjpaiv26_5_] : [DATE]) - [null]
2020-06-10 18:11:47.325 TRACE 55751 --- [    Test worker] o.h.type.descriptor.sql.BasicExtractor   : extracted value ([ytunnus27_5_] : [VARCHAR]) - [null]
2020-06-10 18:11:47.325 TRACE 55751 --- [    Test worker] org.hibernate.type.CollectionType        : Created collection wrapper: [fi.vm.sade.organisaatio.model.Organisaatio.childSuhteet#30]
2020-06-10 18:11:47.325 TRACE 55751 --- [    Test worker] org.hibernate.type.CollectionType        : Created collection wrapper: [fi.vm.sade.organisaatio.model.Organisaatio.kayttoryhmat#30]
2020-06-10 18:11:47.325 TRACE 55751 --- [    Test worker] org.hibernate.type.CollectionType        : Created collection wrapper: [fi.vm.sade.organisaatio.model.Organisaatio.kielet#30]
2020-06-10 18:11:47.325 TRACE 55751 --- [    Test worker] org.hibernate.type.CollectionType        : Created collection wrapper: [fi.vm.sade.organisaatio.model.Organisaatio.muutKotipaikatUris#30]
2020-06-10 18:11:47.325 TRACE 55751 --- [    Test worker] org.hibernate.type.CollectionType        : Created collection wrapper: [fi.vm.sade.organisaatio.model.Organisaatio.muutOppilaitosTyyppiUris#30]
2020-06-10 18:11:47.325 TRACE 55751 --- [    Test worker] org.hibernate.type.CollectionType        : Created collection wrapper: [fi.vm.sade.organisaatio.model.Organisaatio.nimet#30]
2020-06-10 18:11:47.325 TRACE 55751 --- [    Test worker] org.hibernate.type.CollectionType        : Created collection wrapper: [fi.vm.sade.organisaatio.model.Organisaatio.organisaatioLisatietotyypit#30]
2020-06-10 18:11:47.325 TRACE 55751 --- [    Test worker] org.hibernate.type.CollectionType        : Created collection wrapper: [fi.vm.sade.organisaatio.model.Organisaatio.parentSuhteet#30]
2020-06-10 18:11:47.325 TRACE 55751 --- [    Test worker] org.hibernate.type.CollectionType        : Created collection wrapper: [fi.vm.sade.organisaatio.model.Organisaatio.ryhmatyypit#30]
2020-06-10 18:11:47.325 TRACE 55751 --- [    Test worker] org.hibernate.type.CollectionType        : Created collection wrapper: [fi.vm.sade.organisaatio.model.Organisaatio.tyypit#30]
2020-06-10 18:11:47.325 TRACE 55751 --- [    Test worker] org.hibernate.type.CollectionType        : Created collection wrapper: [fi.vm.sade.organisaatio.model.Organisaatio.vuosiluokat#30]
2020-06-10 18:11:47.325 TRACE 55751 --- [    Test worker] org.hibernate.type.CollectionType        : Created collection wrapper: [fi.vm.sade.organisaatio.model.Organisaatio.yhteystiedot#30]
2020-06-10 18:11:47.325 TRACE 55751 --- [    Test worker] org.hibernate.type.CollectionType        : Created collection wrapper: [fi.vm.sade.organisaatio.model.Organisaatio.yhteystietoArvos#30]
Hibernate: 
    select
        monikielin0_.id as id1_2_0_,
        monikielin0_.version as version2_2_0_ 
    from
        monikielinen_teksti monikielin0_ 
    where
        monikielin0_.id in (
            ?, ?
        )
2020-06-10 18:11:47.326 TRACE 55751 --- [    Test worker] o.h.type.descriptor.sql.BasicBinder      : binding parameter [1] as [BIGINT] - [1041]
2020-06-10 18:11:47.326 TRACE 55751 --- [    Test worker] o.h.type.descriptor.sql.BasicBinder      : binding parameter [2] as [BIGINT] - [1040]
2020-06-10 18:11:47.327 TRACE 55751 --- [    Test worker] o.h.type.descriptor.sql.BasicExtractor   : extracted value ([id1_2_0_] : [BIGINT]) - [1040]
2020-06-10 18:11:47.327 TRACE 55751 --- [    Test worker] o.h.type.descriptor.sql.BasicExtractor   : extracted value ([version2_2_0_] : [BIGINT]) - [0]
2020-06-10 18:11:47.327 TRACE 55751 --- [    Test worker] o.h.type.descriptor.sql.BasicExtractor   : extracted value ([id1_2_0_] : [BIGINT]) - [1041]
2020-06-10 18:11:47.327 TRACE 55751 --- [    Test worker] o.h.type.descriptor.sql.BasicExtractor   : extracted value ([version2_2_0_] : [BIGINT]) - [0]
2020-06-10 18:11:47.327 TRACE 55751 --- [    Test worker] org.hibernate.type.CollectionType        : Created collection wrapper: [fi.vm.sade.organisaatio.model.MonikielinenTeksti.values#1040]
2020-06-10 18:11:47.327 TRACE 55751 --- [    Test worker] org.hibernate.type.CollectionType        : Created collection wrapper: [fi.vm.sade.organisaatio.model.MonikielinenTeksti.values#1041]
Hibernate: 
    select
        values0_.id as id1_3_0_,
        values0_.value as value2_3_0_,
        values0_.key as key3_0_ 
    from
        monikielinen_teksti_values values0_ 
    where
        values0_.id in (
            ?, ?
        )
2020-06-10 18:11:47.330 TRACE 55751 --- [    Test worker] o.h.type.descriptor.sql.BasicBinder      : binding parameter [1] as [BIGINT] - [1041]
2020-06-10 18:11:47.330 TRACE 55751 --- [    Test worker] o.h.type.descriptor.sql.BasicBinder      : binding parameter [2] as [BIGINT] - [1040]
2020-06-10 18:11:47.330 TRACE 55751 --- [    Test worker] o.h.type.descriptor.sql.BasicExtractor   : extracted value ([id1_3_0_] : [BIGINT]) - [1041]
2020-06-10 18:11:47.330 TRACE 55751 --- [    Test worker] o.h.type.descriptor.sql.BasicExtractor   : extracted value ([value2_3_0_] : [VARCHAR]) - [orgrandomnimijsdflsfsf]
2020-06-10 18:11:47.330 TRACE 55751 --- [    Test worker] o.h.type.descriptor.sql.BasicExtractor   : extracted value ([key3_0_] : [VARCHAR]) - [fi]
Hibernate: 
    select
        organisaat0_.id as id1_5_,
        organisaat0_.version as version2_5_,
        organisaat0_.alkupvm as alkupvm3_5_,
        organisaat0_.domainnimi as domainni4_5_,
        organisaat0_.kotipaikka as kotipaik5_5_,
        organisaat0_.kuvaus_mkt as kuvaus_28_5_,
        organisaat0_.lakkautuspvm as lakkautu6_5_,
        organisaat0_.maa as maa7_5_,
        organisaat0_.metadata_id as metadat29_5_,
        organisaat0_.nimi_mkt as nimi_mk30_5_,
        organisaat0_.nimihaku as nimihaku8_5_,
        organisaat0_.oid as oid9_5_,
        organisaat0_.opetuspisteenjarjnro as opetusp10_5_,
        organisaat0_.oppilaitoskoodi as oppilai11_5_,
        organisaat0_.oppilaitos_tyyppi as oppilai12_5_,
        organisaat0_.organisaatio_poistettu as organis13_5_,
        organisaat0_.paivittaja as paivitt14_5_,
        organisaat0_.paivityspvm as paivity15_5_,
        organisaat0_.parentidpath as parenti16_5_,
        organisaat0_.parentoidpath as parento17_5_,
        organisaat0_.piilotettu as piilote18_5_,
        organisaat0_.tarkastus_pvm as tarkast19_5_,
        organisaat0_.toimipistekoodi as toimipi20_5_,
        organisaat0_.tuontipvm as tuontip21_5_,
        organisaat0_.varhaiskasvatuksen_toimipaikka_tiedot_id as varhais31_5_,
        organisaat0_.virastotunnus as virasto22_5_,
        organisaat0_.yhteishaunkoulukoodi as yhteish23_5_,
        organisaat0_.yritysmuoto as yritysm24_5_,
        organisaat0_.ytj_kieli as ytj_kie25_5_,
        organisaat0_.ytjpaivityspvm as ytjpaiv26_5_,
        organisaat0_.ytunnus as ytunnus27_5_ 
    from
        organisaatio organisaat0_ 
    where
        organisaat0_.oid=?
2020-06-10 18:11:47.331 TRACE 55751 --- [    Test worker] o.h.type.descriptor.sql.BasicBinder      : binding parameter [1] as [VARCHAR] - [1.2.246.562.24.00000000001]
2020-06-10 18:11:47.331 TRACE 55751 --- [    Test worker] o.h.type.descriptor.sql.BasicExtractor   : extracted value ([id1_5_] : [BIGINT]) - [1]
Hibernate: 
    select
        parentsuht0_.child_id as child_id7_19_0_,
        parentsuht0_.id as id1_19_0_,
        parentsuht0_.id as id1_19_1_,
        parentsuht0_.version as version2_19_1_,
        parentsuht0_.alkupvm as alkupvm3_19_1_,
        parentsuht0_.child_id as child_id7_19_1_,
        parentsuht0_.loppupvm as loppupvm4_19_1_,
        parentsuht0_.opetuspisteenjarjnro as opetuspi5_19_1_,
        parentsuht0_.parent_id as parent_i8_19_1_,
        parentsuht0_.suhdetyyppi as suhdetyy6_19_1_ 
    from
        organisaatiosuhde parentsuht0_ 
    where
        parentsuht0_.child_id=? 
    order by
        parentsuht0_.alkupvm
2020-06-10 18:11:47.332 TRACE 55751 --- [    Test worker] o.h.type.descriptor.sql.BasicBinder      : binding parameter [1] as [BIGINT] - [30]
2020-06-10 18:11:47.332 TRACE 55751 --- [    Test worker] o.h.type.descriptor.sql.BasicExtractor   : extracted value ([id1_19_1_] : [BIGINT]) - [34]
2020-06-10 18:11:47.332 TRACE 55751 --- [    Test worker] o.h.type.descriptor.sql.BasicExtractor   : extracted value ([version2_19_1_] : [BIGINT]) - [0]
2020-06-10 18:11:47.332 TRACE 55751 --- [    Test worker] o.h.type.descriptor.sql.BasicExtractor   : extracted value ([alkupvm3_19_1_] : [DATE]) - [2020-06-10]
2020-06-10 18:11:47.332 TRACE 55751 --- [    Test worker] o.h.type.descriptor.sql.BasicExtractor   : extracted value ([child_id7_19_1_] : [BIGINT]) - [30]
2020-06-10 18:11:47.332 TRACE 55751 --- [    Test worker] o.h.type.descriptor.sql.BasicExtractor   : extracted value ([loppupvm4_19_1_] : [DATE]) - [null]
2020-06-10 18:11:47.332 TRACE 55751 --- [    Test worker] o.h.type.descriptor.sql.BasicExtractor   : extracted value ([opetuspi5_19_1_] : [VARCHAR]) - [null]
2020-06-10 18:11:47.332 TRACE 55751 --- [    Test worker] o.h.type.descriptor.sql.BasicExtractor   : extracted value ([parent_i8_19_1_] : [BIGINT]) - [1]
2020-06-10 18:11:47.332 TRACE 55751 --- [    Test worker] o.h.type.descriptor.sql.BasicExtractor   : extracted value ([suhdetyy6_19_1_] : [VARCHAR]) - [HISTORIA]
2020-06-10 18:11:47.332 TRACE 55751 --- [    Test worker] o.h.type.descriptor.sql.BasicExtractor   : extracted value ([child_id7_19_0_] : [BIGINT]) - [30]
2020-06-10 18:11:47.332 TRACE 55751 --- [    Test worker] o.h.type.descriptor.sql.BasicExtractor   : extracted value ([id1_19_0_] : [BIGINT]) - [34]
Hibernate: 
    select
        tyypit0_.organisaatio_id as organisa1_14_0_,
        tyypit0_.tyypit as tyypit2_14_0_ 
    from
        organisaatio_tyypit tyypit0_ 
    where
        tyypit0_.organisaatio_id=?
2020-06-10 18:11:47.333 TRACE 55751 --- [    Test worker] o.h.type.descriptor.sql.BasicBinder      : binding parameter [1] as [BIGINT] - [30]
2020-06-10 18:11:47.333 TRACE 55751 --- [    Test worker] o.h.type.descriptor.sql.BasicExtractor   : extracted value ([organisa1_14_0_] : [BIGINT]) - [30]
2020-06-10 18:11:47.333 TRACE 55751 --- [    Test worker] o.h.type.descriptor.sql.BasicExtractor   : extracted value ([tyypit2_14_0_] : [VARCHAR]) - [organisaatiotyyppi_05]
2020-06-10 18:11:47.333  WARN 55751 --- [    Test worker] .s.o.b.i.OrganisaatioBusinessServiceImpl : Oppilaitos not found in parents
Hibernate: 
    select
        yhteystiet0_.id as id1_26_,
        yhteystiet0_.version as version2_26_,
        yhteystiet0_.arvo_text as arvo_tex3_26_,
        yhteystiet0_.arvo_yhteystieto_id as arvo_yht6_26_,
        yhteystiet0_.kentta_id as kentta_i7_26_,
        yhteystiet0_.kieli as kieli4_26_,
        yhteystiet0_.organisaatio_id as organisa8_26_,
        yhteystiet0_.yhteystieto_arvo_oid as yhteysti5_26_ 
    from
        yhteystieto_arvo yhteystiet0_ 
    where
        yhteystiet0_.organisaatio_id=?
2020-06-10 18:11:47.334 TRACE 55751 --- [    Test worker] o.h.type.descriptor.sql.BasicBinder      : binding parameter [1] as [BIGINT] - [30]
Hibernate: 
    insert 
    into
        monikielinen_teksti
        (id, version) 
    values
        (null, ?)
2020-06-10 18:11:47.335 TRACE 55751 --- [    Test worker] o.h.type.descriptor.sql.BasicBinder      : binding parameter [1] as [BIGINT] - [0]
Hibernate: 
    insert 
    into
        organisaatio_nimi
        (id, version, alkupvm, nimi_mkt, organisaatio_id, paivittaja) 
    values
        (null, ?, ?, ?, ?, ?)
2020-06-10 18:11:47.335 TRACE 55751 --- [    Test worker] o.h.type.descriptor.sql.BasicBinder      : binding parameter [1] as [BIGINT] - [0]
2020-06-10 18:11:47.335 TRACE 55751 --- [    Test worker] o.h.type.descriptor.sql.BasicBinder      : binding parameter [2] as [DATE] - [Wed Jun 10 18:11:46 EEST 2020]
2020-06-10 18:11:47.335 TRACE 55751 --- [    Test worker] o.h.type.descriptor.sql.BasicBinder      : binding parameter [3] as [BIGINT] - [1042]
2020-06-10 18:11:47.335 TRACE 55751 --- [    Test worker] o.h.type.descriptor.sql.BasicBinder      : binding parameter [4] as [BIGINT] - [30]
2020-06-10 18:11:47.336 TRACE 55751 --- [    Test worker] o.h.type.descriptor.sql.BasicBinder      : binding parameter [5] as [VARCHAR] - [null]
Hibernate: 
    select
        kayttoryhm0_.organisaatio_id as organisa1_6_0_,
        kayttoryhm0_.kayttoryhmat as kayttory2_6_0_ 
    from
        organisaatio_kayttoryhmat kayttoryhm0_ 
    where
        kayttoryhm0_.organisaatio_id=?
2020-06-10 18:11:47.336 TRACE 55751 --- [    Test worker] o.h.type.descriptor.sql.BasicBinder      : binding parameter [1] as [BIGINT] - [30]
Hibernate: 
    select
        kielet0_.organisaatio_id as organisa1_7_0_,
        kielet0_.kielet as kielet2_7_0_ 
    from
        organisaatio_kielet kielet0_ 
    where
        kielet0_.organisaatio_id=?
2020-06-10 18:11:47.337 TRACE 55751 --- [    Test worker] o.h.type.descriptor.sql.BasicBinder      : binding parameter [1] as [BIGINT] - [30]
Hibernate: 
    select
        muutkotipa0_.organisaatio_id as organisa1_9_0_,
        muutkotipa0_.muut_kotipaikat as muut_kot2_9_0_ 
    from
        organisaatio_muut_kotipaikat_uris muutkotipa0_ 
    where
        muutkotipa0_.organisaatio_id=?
2020-06-10 18:11:47.337 TRACE 55751 --- [    Test worker] o.h.type.descriptor.sql.BasicBinder      : binding parameter [1] as [BIGINT] - [30]
Hibernate: 
    select
        muutoppila0_.organisaatio_id as organisa1_10_0_,
        muutoppila0_.oppilaitostyyppi as oppilait2_10_0_ 
    from
        organisaatio_muut_oppilaitostyypit muutoppila0_ 
    where
        muutoppila0_.organisaatio_id=?
2020-06-10 18:11:47.337 TRACE 55751 --- [    Test worker] o.h.type.descriptor.sql.BasicBinder      : binding parameter [1] as [BIGINT] - [30]
Hibernate: 
    select
        ryhmatyypi0_.organisaatio_id as organisa1_12_0_,
        ryhmatyypi0_.ryhmatyypit as ryhmatyy2_12_0_ 
    from
        organisaatio_ryhmatyypit ryhmatyypi0_ 
    where
        ryhmatyypi0_.organisaatio_id=?
2020-06-10 18:11:47.339 TRACE 55751 --- [    Test worker] o.h.type.descriptor.sql.BasicBinder      : binding parameter [1] as [BIGINT] - [30]
Hibernate: 
    select
        vuosiluoka0_.organisaatio_id as organisa1_15_0_,
        vuosiluoka0_.vuosiluokat as vuosiluo2_15_0_ 
    from
        organisaatio_vuosiluokat vuosiluoka0_ 
    where
        vuosiluoka0_.organisaatio_id=?
2020-06-10 18:11:47.340 TRACE 55751 --- [    Test worker] o.h.type.descriptor.sql.BasicBinder      : binding parameter [1] as [BIGINT] - [30]
Hibernate: 
    select
        yhteystied0_.organisaatio_id as organis21_25_1_,
        yhteystied0_.id as id2_25_1_,
        yhteystied0_.id as id2_25_0_,
        yhteystied0_.version as version3_25_0_,
        yhteystied0_.kieli as kieli4_25_0_,
        yhteystied0_.organisaatio_id as organis21_25_0_,
        yhteystied0_.yhteystieto_oid as yhteysti5_25_0_,
        yhteystied0_.email as email6_25_0_,
        yhteystied0_.coordinatetype as coordina7_25_0_,
        yhteystied0_.extrarivi as extrariv8_25_0_,
        yhteystied0_.lat as lat9_25_0_,
        yhteystied0_.lng as lng10_25_0_,
        yhteystied0_.maa as maa11_25_0_,
        yhteystied0_.osavaltio as osavalt12_25_0_,
        yhteystied0_.osoite as osoite13_25_0_,
        yhteystied0_.osoite_tyyppi as osoite_14_25_0_,
        yhteystied0_.postinumero as postinu15_25_0_,
        yhteystied0_.postitoimipaikka as postito16_25_0_,
        yhteystied0_.ytjpaivityspvm as ytjpaiv17_25_0_,
        yhteystied0_.puhelinnumero as puhelin18_25_0_,
        yhteystied0_.tyyppi as tyyppi19_25_0_,
        yhteystied0_.www_osoite as www_oso20_25_0_,
        yhteystied0_.dtype as dtype1_25_0_ 
    from
        yhteystieto yhteystied0_ 
    where
        yhteystied0_.organisaatio_id=?
2020-06-10 18:11:47.340 TRACE 55751 --- [    Test worker] o.h.type.descriptor.sql.BasicBinder      : binding parameter [1] as [BIGINT] - [30]
Hibernate: 
    select
        yhteystiet0_.organisaatio_id as organisa8_26_6_,
        yhteystiet0_.id as id1_26_6_,
        yhteystiet0_.id as id1_26_5_,
        yhteystiet0_.version as version2_26_5_,
        yhteystiet0_.arvo_text as arvo_tex3_26_5_,
        yhteystiet0_.arvo_yhteystieto_id as arvo_yht6_26_5_,
        yhteystiet0_.kentta_id as kentta_i7_26_5_,
        yhteystiet0_.kieli as kieli4_26_5_,
        yhteystiet0_.organisaatio_id as organisa8_26_5_,
        yhteystiet0_.yhteystieto_arvo_oid as yhteysti5_26_5_,
        yhteystiet1_.id as id2_25_0_,
        yhteystiet1_.version as version3_25_0_,
        yhteystiet1_.kieli as kieli4_25_0_,
        yhteystiet1_.organisaatio_id as organis21_25_0_,
        yhteystiet1_.yhteystieto_oid as yhteysti5_25_0_,
        yhteystiet1_.email as email6_25_0_,
        yhteystiet1_.coordinatetype as coordina7_25_0_,
        yhteystiet1_.extrarivi as extrariv8_25_0_,
        yhteystiet1_.lat as lat9_25_0_,
        yhteystiet1_.lng as lng10_25_0_,
        yhteystiet1_.maa as maa11_25_0_,
        yhteystiet1_.osavaltio as osavalt12_25_0_,
        yhteystiet1_.osoite as osoite13_25_0_,
        yhteystiet1_.osoite_tyyppi as osoite_14_25_0_,
        yhteystiet1_.postinumero as postinu15_25_0_,
        yhteystiet1_.postitoimipaikka as postito16_25_0_,
        yhteystiet1_.ytjpaivityspvm as ytjpaiv17_25_0_,
        yhteystiet1_.puhelinnumero as puhelin18_25_0_,
        yhteystiet1_.tyyppi as tyyppi19_25_0_,
        yhteystiet1_.www_osoite as www_oso20_25_0_,
        yhteystiet1_.dtype as dtype1_25_0_,
        organisaat2_.id as id1_5_1_,
        organisaat2_.version as version2_5_1_,
        organisaat2_.alkupvm as alkupvm3_5_1_,
        organisaat2_.domainnimi as domainni4_5_1_,
        organisaat2_.kotipaikka as kotipaik5_5_1_,
        organisaat2_.kuvaus_mkt as kuvaus_28_5_1_,
        organisaat2_.lakkautuspvm as lakkautu6_5_1_,
        organisaat2_.maa as maa7_5_1_,
        organisaat2_.metadata_id as metadat29_5_1_,
        organisaat2_.nimi_mkt as nimi_mk30_5_1_,
        organisaat2_.nimihaku as nimihaku8_5_1_,
        organisaat2_.oid as oid9_5_1_,
        organisaat2_.opetuspisteenjarjnro as opetusp10_5_1_,
        organisaat2_.oppilaitoskoodi as oppilai11_5_1_,
        organisaat2_.oppilaitos_tyyppi as oppilai12_5_1_,
        organisaat2_.organisaatio_poistettu as organis13_5_1_,
        organisaat2_.paivittaja as paivitt14_5_1_,
        organisaat2_.paivityspvm as paivity15_5_1_,
        organisaat2_.parentidpath as parenti16_5_1_,
        organisaat2_.parentoidpath as parento17_5_1_,
        organisaat2_.piilotettu as piilote18_5_1_,
        organisaat2_.tarkastus_pvm as tarkast19_5_1_,
        organisaat2_.toimipistekoodi as toimipi20_5_1_,
        organisaat2_.tuontipvm as tuontip21_5_1_,
        organisaat2_.varhaiskasvatuksen_toimipaikka_tiedot_id as varhais31_5_1_,
        organisaat2_.virastotunnus as virasto22_5_1_,
        organisaat2_.yhteishaunkoulukoodi as yhteish23_5_1_,
        organisaat2_.yritysmuoto as yritysm24_5_1_,
        organisaat2_.ytj_kieli as ytj_kie25_5_1_,
        organisaat2_.ytjpaivityspvm as ytjpaiv26_5_1_,
        organisaat2_.ytunnus as ytunnus27_5_1_,
        yhteystiet3_.id as id1_27_2_,
        yhteystiet3_.version as version2_27_2_,
        yhteystiet3_.kaytossa as kaytossa3_27_2_,
        yhteystiet3_.nimi as nimi4_27_2_,
        yhteystiet3_.nimi_en as nimi_en5_27_2_,
        yhteystiet3_.nimi_sv as nimi_sv6_27_2_,
        yhteystiet3_.oid as oid7_27_2_,
        yhteystiet3_.pakollinen as pakollin8_27_2_,
        yhteystiet3_.tyyppi as tyyppi9_27_2_,
        yhteystiet3_.yhteystietojen_tyyppi_id as yhteyst10_27_2_,
        yhteystiet4_.id as id1_28_3_,
        yhteystiet4_.version as version2_28_3_,
        yhteystiet4_.nimi_mkt as nimi_mkt4_28_3_,
        yhteystiet4_.oid as oid3_28_3_,
        monikielin5_.id as id1_2_4_,
        monikielin5_.version as version2_2_4_ 
    from
        yhteystieto_arvo yhteystiet0_ 
    left outer join
        yhteystieto yhteystiet1_ 
            on yhteystiet0_.arvo_yhteystieto_id=yhteystiet1_.id 
    left outer join
        organisaatio organisaat2_ 
            on yhteystiet1_.organisaatio_id=organisaat2_.id 
    inner join
        yhteystieto_elementti yhteystiet3_ 
            on yhteystiet0_.kentta_id=yhteystiet3_.id 
    left outer join
        yhteystietojen_tyyppi yhteystiet4_ 
            on yhteystiet3_.yhteystietojen_tyyppi_id=yhteystiet4_.id 
    left outer join
        monikielinen_teksti monikielin5_ 
            on yhteystiet4_.nimi_mkt=monikielin5_.id 
    where
        yhteystiet0_.organisaatio_id=?
2020-06-10 18:11:47.341 TRACE 55751 --- [    Test worker] o.h.type.descriptor.sql.BasicBinder      : binding parameter [1] as [BIGINT] - [30]
Hibernate: 
    update
        organisaatio 
    set
        version=?,
        alkupvm=?,
        domainnimi=?,
        kotipaikka=?,
        kuvaus_mkt=?,
        lakkautuspvm=?,
        maa=?,
        metadata_id=?,
        nimi_mkt=?,
        nimihaku=?,
        oid=?,
        opetuspisteenjarjnro=?,
        oppilaitoskoodi=?,
        oppilaitos_tyyppi=?,
        organisaatio_poistettu=?,
        paivittaja=?,
        paivityspvm=?,
        parentidpath=?,
        parentoidpath=?,
        piilotettu=?,
        tarkastus_pvm=?,
        toimipistekoodi=?,
        tuontipvm=?,
        varhaiskasvatuksen_toimipaikka_tiedot_id=?,
        virastotunnus=?,
        yhteishaunkoulukoodi=?,
        yritysmuoto=?,
        ytj_kieli=?,
        ytjpaivityspvm=?,
        ytunnus=? 
    where
        id=? 
        and version=?
2020-06-10 18:11:47.343 TRACE 55751 --- [    Test worker] o.h.type.descriptor.sql.BasicBinder      : binding parameter [1] as [BIGINT] - [2]
2020-06-10 18:11:47.343 TRACE 55751 --- [    Test worker] o.h.type.descriptor.sql.BasicBinder      : binding parameter [2] as [DATE] - [Wed Jun 10 00:00:00 EEST 2020]
2020-06-10 18:11:47.343 TRACE 55751 --- [    Test worker] o.h.type.descriptor.sql.BasicBinder      : binding parameter [3] as [VARCHAR] - [null]
2020-06-10 18:11:47.343 TRACE 55751 --- [    Test worker] o.h.type.descriptor.sql.BasicBinder      : binding parameter [4] as [VARCHAR] - [kunta_092]
2020-06-10 18:11:47.343 TRACE 55751 --- [    Test worker] o.h.type.descriptor.sql.BasicBinder      : binding parameter [5] as [BIGINT] - [1040]
2020-06-10 18:11:47.343 TRACE 55751 --- [    Test worker] o.h.type.descriptor.sql.BasicBinder      : binding parameter [6] as [DATE] - [null]
2020-06-10 18:11:47.343 TRACE 55751 --- [    Test worker] o.h.type.descriptor.sql.BasicBinder      : binding parameter [7] as [VARCHAR] - [maatjavaltiot1_fin]
2020-06-10 18:11:47.343 TRACE 55751 --- [    Test worker] o.h.type.descriptor.sql.BasicBinder      : binding parameter [8] as [BIGINT] - [null]
2020-06-10 18:11:47.343 TRACE 55751 --- [    Test worker] o.h.type.descriptor.sql.BasicBinder      : binding parameter [9] as [BIGINT] - [1042]
2020-06-10 18:11:47.343 TRACE 55751 --- [    Test worker] o.h.type.descriptor.sql.BasicBinder      : binding parameter [10] as [VARCHAR] - [,orgrandomnimijsdflsfsf]
2020-06-10 18:11:47.343 TRACE 55751 --- [    Test worker] o.h.type.descriptor.sql.BasicBinder      : binding parameter [11] as [VARCHAR] - [65432.1]
2020-06-10 18:11:47.343 TRACE 55751 --- [    Test worker] o.h.type.descriptor.sql.BasicBinder      : binding parameter [12] as [VARCHAR] - [null]
2020-06-10 18:11:47.343 TRACE 55751 --- [    Test worker] o.h.type.descriptor.sql.BasicBinder      : binding parameter [13] as [VARCHAR] - [null]
2020-06-10 18:11:47.343 TRACE 55751 --- [    Test worker] o.h.type.descriptor.sql.BasicBinder      : binding parameter [14] as [VARCHAR] - [null]
2020-06-10 18:11:47.343 TRACE 55751 --- [    Test worker] o.h.type.descriptor.sql.BasicBinder      : binding parameter [15] as [BOOLEAN] - [false]
2020-06-10 18:11:47.343 TRACE 55751 --- [    Test worker] o.h.type.descriptor.sql.BasicBinder      : binding parameter [16] as [VARCHAR] - [ophadmin]
2020-06-10 18:11:47.343 TRACE 55751 --- [    Test worker] o.h.type.descriptor.sql.BasicBinder      : binding parameter [17] as [TIMESTAMP] - [Wed Jun 10 18:11:47 EEST 2020]
2020-06-10 18:11:47.343 TRACE 55751 --- [    Test worker] o.h.type.descriptor.sql.BasicBinder      : binding parameter [18] as [VARCHAR] - [|1|]
2020-06-10 18:11:47.343 TRACE 55751 --- [    Test worker] o.h.type.descriptor.sql.BasicBinder      : binding parameter [19] as [VARCHAR] - [|1.2.246.562.24.00000000001|]
2020-06-10 18:11:47.343 TRACE 55751 --- [    Test worker] o.h.type.descriptor.sql.BasicBinder      : binding parameter [20] as [BOOLEAN] - [false]
2020-06-10 18:11:47.343 TRACE 55751 --- [    Test worker] o.h.type.descriptor.sql.BasicBinder      : binding parameter [21] as [TIMESTAMP] - [null]
2020-06-10 18:11:47.343 TRACE 55751 --- [    Test worker] o.h.type.descriptor.sql.BasicBinder      : binding parameter [22] as [VARCHAR] - []
2020-06-10 18:11:47.343 TRACE 55751 --- [    Test worker] o.h.type.descriptor.sql.BasicBinder      : binding parameter [23] as [TIMESTAMP] - [null]
2020-06-10 18:11:47.343 TRACE 55751 --- [    Test worker] o.h.type.descriptor.sql.BasicBinder      : binding parameter [24] as [BIGINT] - [null]
2020-06-10 18:11:47.343 TRACE 55751 --- [    Test worker] o.h.type.descriptor.sql.BasicBinder      : binding parameter [25] as [VARCHAR] - [null]
2020-06-10 18:11:47.343 TRACE 55751 --- [    Test worker] o.h.type.descriptor.sql.BasicBinder      : binding parameter [26] as [VARCHAR] - [null]
2020-06-10 18:11:47.343 TRACE 55751 --- [    Test worker] o.h.type.descriptor.sql.BasicBinder      : binding parameter [27] as [VARCHAR] - [null]
2020-06-10 18:11:47.343 TRACE 55751 --- [    Test worker] o.h.type.descriptor.sql.BasicBinder      : binding parameter [28] as [VARCHAR] - [null]
2020-06-10 18:11:47.343 TRACE 55751 --- [    Test worker] o.h.type.descriptor.sql.BasicBinder      : binding parameter [29] as [DATE] - [null]
2020-06-10 18:11:47.343 TRACE 55751 --- [    Test worker] o.h.type.descriptor.sql.BasicBinder      : binding parameter [30] as [VARCHAR] - [4567891-0]
2020-06-10 18:11:47.344 TRACE 55751 --- [    Test worker] o.h.type.descriptor.sql.BasicBinder      : binding parameter [31] as [BIGINT] - [30]
2020-06-10 18:11:47.344 TRACE 55751 --- [    Test worker] o.h.type.descriptor.sql.BasicBinder      : binding parameter [32] as [BIGINT] - [1]
Hibernate: 
    insert 
    into
        monikielinen_teksti_values
        (id, key, value) 
    values
        (?, ?, ?)
2020-06-10 18:11:47.344 TRACE 55751 --- [    Test worker] o.h.type.descriptor.sql.BasicBinder      : binding parameter [1] as [BIGINT] - [1042]
2020-06-10 18:11:47.344 TRACE 55751 --- [    Test worker] o.h.type.descriptor.sql.BasicBinder      : binding parameter [2] as [VARCHAR] - [fi]
2020-06-10 18:11:47.344 TRACE 55751 --- [    Test worker] o.h.type.descriptor.sql.BasicBinder      : binding parameter [3] as [VARCHAR] - [orgrandomnimijsdflsfsf]
Hibernate: 
    select
        organisaat0_.id as id1_5_,
        organisaat0_.version as version2_5_,
        organisaat0_.alkupvm as alkupvm3_5_,
        organisaat0_.domainnimi as domainni4_5_,
        organisaat0_.kotipaikka as kotipaik5_5_,
        organisaat0_.kuvaus_mkt as kuvaus_28_5_,
        organisaat0_.lakkautuspvm as lakkautu6_5_,
        organisaat0_.maa as maa7_5_,
        organisaat0_.metadata_id as metadat29_5_,
        organisaat0_.nimi_mkt as nimi_mk30_5_,
        organisaat0_.nimihaku as nimihaku8_5_,
        organisaat0_.oid as oid9_5_,
        organisaat0_.opetuspisteenjarjnro as opetusp10_5_,
        organisaat0_.oppilaitoskoodi as oppilai11_5_,
        organisaat0_.oppilaitos_tyyppi as oppilai12_5_,
        organisaat0_.organisaatio_poistettu as organis13_5_,
        organisaat0_.paivittaja as paivitt14_5_,
        organisaat0_.paivityspvm as paivity15_5_,
        organisaat0_.parentidpath as parenti16_5_,
        organisaat0_.parentoidpath as parento17_5_,
        organisaat0_.piilotettu as piilote18_5_,
        organisaat0_.tarkastus_pvm as tarkast19_5_,
        organisaat0_.toimipistekoodi as toimipi20_5_,
        organisaat0_.tuontipvm as tuontip21_5_,
        organisaat0_.varhaiskasvatuksen_toimipaikka_tiedot_id as varhais31_5_,
        organisaat0_.virastotunnus as virasto22_5_,
        organisaat0_.yhteishaunkoulukoodi as yhteish23_5_,
        organisaat0_.yritysmuoto as yritysm24_5_,
        organisaat0_.ytj_kieli as ytj_kie25_5_,
        organisaat0_.ytjpaivityspvm as ytjpaiv26_5_,
        organisaat0_.ytunnus as ytunnus27_5_ 
    from
        organisaatio organisaat0_ 
    where
        organisaat0_.oid=?
2020-06-10 18:11:47.344 TRACE 55751 --- [    Test worker] o.h.type.descriptor.sql.BasicBinder      : binding parameter [1] as [VARCHAR] - [1.2.246.562.24.00000000001]
2020-06-10 18:11:47.344 TRACE 55751 --- [    Test worker] o.h.type.descriptor.sql.BasicExtractor   : extracted value ([id1_5_] : [BIGINT]) - [1]
2020-06-10 18:11:47.345  INFO 55751 --- [    Test worker] .s.o.r.i.OrganisaatioSuhdeRepositoryImpl : findParentTo(30, Wed Jun 10 18:11:47 EEST 2020)
Hibernate: 
    select
        organisaat0_.id as id1_19_0_,
        organisaat1_.id as id1_5_1_,
        organisaat0_.version as version2_19_0_,
        organisaat0_.alkupvm as alkupvm3_19_0_,
        organisaat0_.child_id as child_id7_19_0_,
        organisaat0_.loppupvm as loppupvm4_19_0_,
        organisaat0_.opetuspisteenjarjnro as opetuspi5_19_0_,
        organisaat0_.parent_id as parent_i8_19_0_,
        organisaat0_.suhdetyyppi as suhdetyy6_19_0_,
        organisaat1_.version as version2_5_1_,
        organisaat1_.alkupvm as alkupvm3_5_1_,
        organisaat1_.domainnimi as domainni4_5_1_,
        organisaat1_.kotipaikka as kotipaik5_5_1_,
        organisaat1_.kuvaus_mkt as kuvaus_28_5_1_,
        organisaat1_.lakkautuspvm as lakkautu6_5_1_,
        organisaat1_.maa as maa7_5_1_,
        organisaat1_.metadata_id as metadat29_5_1_,
        organisaat1_.nimi_mkt as nimi_mk30_5_1_,
        organisaat1_.nimihaku as nimihaku8_5_1_,
        organisaat1_.oid as oid9_5_1_,
        organisaat1_.opetuspisteenjarjnro as opetusp10_5_1_,
        organisaat1_.oppilaitoskoodi as oppilai11_5_1_,
        organisaat1_.oppilaitos_tyyppi as oppilai12_5_1_,
        organisaat1_.organisaatio_poistettu as organis13_5_1_,
        organisaat1_.paivittaja as paivitt14_5_1_,
        organisaat1_.paivityspvm as paivity15_5_1_,
        organisaat1_.parentidpath as parenti16_5_1_,
        organisaat1_.parentoidpath as parento17_5_1_,
        organisaat1_.piilotettu as piilote18_5_1_,
        organisaat1_.tarkastus_pvm as tarkast19_5_1_,
        organisaat1_.toimipistekoodi as toimipi20_5_1_,
        organisaat1_.tuontipvm as tuontip21_5_1_,
        organisaat1_.varhaiskasvatuksen_toimipaikka_tiedot_id as varhais31_5_1_,
        organisaat1_.virastotunnus as virasto22_5_1_,
        organisaat1_.yhteishaunkoulukoodi as yhteish23_5_1_,
        organisaat1_.yritysmuoto as yritysm24_5_1_,
        organisaat1_.ytj_kieli as ytj_kie25_5_1_,
        organisaat1_.ytjpaivityspvm as ytjpaiv26_5_1_,
        organisaat1_.ytunnus as ytunnus27_5_1_ 
    from
        organisaatiosuhde organisaat0_ 
    inner join
        organisaatio organisaat1_ 
            on organisaat0_.parent_id=organisaat1_.id 
    where
        organisaat0_.child_id=? 
        and organisaat0_.suhdetyyppi=? 
        and (
            organisaat0_.alkupvm=? 
            or organisaat0_.alkupvm<?
        ) 
        and (
            organisaat0_.loppupvm is null 
            or organisaat0_.loppupvm>?
        ) 
        and organisaat1_.organisaatio_poistettu=? 
    order by
        organisaat0_.alkupvm desc
2020-06-10 18:11:47.346 TRACE 55751 --- [    Test worker] o.h.type.descriptor.sql.BasicBinder      : binding parameter [1] as [BIGINT] - [30]
2020-06-10 18:11:47.346 TRACE 55751 --- [    Test worker] o.h.type.descriptor.sql.BasicBinder      : binding parameter [2] as [VARCHAR] - [HISTORIA]
2020-06-10 18:11:47.346 TRACE 55751 --- [    Test worker] o.h.type.descriptor.sql.BasicBinder      : binding parameter [3] as [DATE] - [Wed Jun 10 18:11:47 EEST 2020]
2020-06-10 18:11:47.346 TRACE 55751 --- [    Test worker] o.h.type.descriptor.sql.BasicBinder      : binding parameter [4] as [DATE] - [Wed Jun 10 18:11:47 EEST 2020]
2020-06-10 18:11:47.346 TRACE 55751 --- [    Test worker] o.h.type.descriptor.sql.BasicBinder      : binding parameter [5] as [DATE] - [Wed Jun 10 18:11:47 EEST 2020]
2020-06-10 18:11:47.346 TRACE 55751 --- [    Test worker] o.h.type.descriptor.sql.BasicBinder      : binding parameter [6] as [BOOLEAN] - [false]
2020-06-10 18:11:47.346 TRACE 55751 --- [    Test worker] o.h.type.descriptor.sql.BasicExtractor   : extracted value ([id1_19_0_] : [BIGINT]) - [34]
2020-06-10 18:11:47.346 TRACE 55751 --- [    Test worker] o.h.type.descriptor.sql.BasicExtractor   : extracted value ([id1_5_1_] : [BIGINT]) - [1]
Hibernate: 
    select
        organisaat0_.id as id1_19_,
        organisaat0_.version as version2_19_,
        organisaat0_.alkupvm as alkupvm3_19_,
        organisaat0_.child_id as child_id7_19_,
        organisaat0_.loppupvm as loppupvm4_19_,
        organisaat0_.opetuspisteenjarjnro as opetuspi5_19_,
        organisaat0_.parent_id as parent_i8_19_,
        organisaat0_.suhdetyyppi as suhdetyy6_19_ 
    from
        organisaatiosuhde organisaat0_ 
    where
        organisaat0_.child_id=?
2020-06-10 18:11:47.347 TRACE 55751 --- [    Test worker] o.h.type.descriptor.sql.BasicBinder      : binding parameter [1] as [BIGINT] - [30]
2020-06-10 18:11:47.347 TRACE 55751 --- [    Test worker] o.h.type.descriptor.sql.BasicExtractor   : extracted value ([id1_19_] : [BIGINT]) - [34]
Hibernate: 
    select
        organisaat0_.id as id1_5_,
        organisaat0_.version as version2_5_,
        organisaat0_.alkupvm as alkupvm3_5_,
        organisaat0_.domainnimi as domainni4_5_,
        organisaat0_.kotipaikka as kotipaik5_5_,
        organisaat0_.kuvaus_mkt as kuvaus_28_5_,
        organisaat0_.lakkautuspvm as lakkautu6_5_,
        organisaat0_.maa as maa7_5_,
        organisaat0_.metadata_id as metadat29_5_,
        organisaat0_.nimi_mkt as nimi_mk30_5_,
        organisaat0_.nimihaku as nimihaku8_5_,
        organisaat0_.oid as oid9_5_,
        organisaat0_.opetuspisteenjarjnro as opetusp10_5_,
        organisaat0_.oppilaitoskoodi as oppilai11_5_,
        organisaat0_.oppilaitos_tyyppi as oppilai12_5_,
        organisaat0_.organisaatio_poistettu as organis13_5_,
        organisaat0_.paivittaja as paivitt14_5_,
        organisaat0_.paivityspvm as paivity15_5_,
        organisaat0_.parentidpath as parenti16_5_,
        organisaat0_.parentoidpath as parento17_5_,
        organisaat0_.piilotettu as piilote18_5_,
        organisaat0_.tarkastus_pvm as tarkast19_5_,
        organisaat0_.toimipistekoodi as toimipi20_5_,
        organisaat0_.tuontipvm as tuontip21_5_,
        organisaat0_.varhaiskasvatuksen_toimipaikka_tiedot_id as varhais31_5_,
        organisaat0_.virastotunnus as virasto22_5_,
        organisaat0_.yhteishaunkoulukoodi as yhteish23_5_,
        organisaat0_.yritysmuoto as yritysm24_5_,
        organisaat0_.ytj_kieli as ytj_kie25_5_,
        organisaat0_.ytjpaivityspvm as ytjpaiv26_5_,
        organisaat0_.ytunnus as ytunnus27_5_ 
    from
        organisaatio organisaat0_ 
    where
        organisaat0_.oid=?
2020-06-10 18:11:47.348 TRACE 55751 --- [    Test worker] o.h.type.descriptor.sql.BasicBinder      : binding parameter [1] as [VARCHAR] - [65432.1]
2020-06-10 18:11:47.348 TRACE 55751 --- [    Test worker] o.h.type.descriptor.sql.BasicExtractor   : extracted value ([id1_5_] : [BIGINT]) - [30]
2020-06-10 18:11:47.350  INFO 55751 --- [    Test worker] o.s.t.c.transaction.TransactionContext   : Rolled back transaction for test: [DefaultTestContext@633e0b9b testClass = OrganisaatioBusinessServiceImplTest, testInstance = fi.vm.sade.organisaatio.business.impl.OrganisaatioBusinessServiceImplTest@5646960b, testMethod = saveNewAndUpdateOrganisation@OrganisaatioBusinessServiceImplTest, testException = [null], mergedContextConfiguration = [WebMergedContextConfiguration@142403d testClass = OrganisaatioBusinessServiceImplTest, locations = '{}', classes = '{class fi.vm.sade.organisaatio.OrganisaatioApplication, class fi.vm.sade.organisaatio.business.impl.OrganisaatioBusinessServiceImplTest$OrganisaatioBusinessServiceImplTestContextConfiguration}', contextInitializerClasses = '[]', activeProfiles = '{}', propertySourceLocations = '{}', propertySourceProperties = '{org.springframework.boot.test.context.SpringBootTestContextBootstrapper=true}', contextCustomizers = set[org.springframework.boot.test.autoconfigure.properties.PropertyMappingContextCustomizer@a273518a, org.springframework.boot.test.autoconfigure.web.servlet.WebDriverContextCustomizerFactory$Customizer@25a95d7a, [ImportsContextCustomizer@1758189f key = [org.springframework.boot.test.autoconfigure.jdbc.TestDatabaseAutoConfiguration, org.springframework.boot.autoconfigure.jdbc.DataSourceAutoConfiguration]], org.springframework.boot.test.context.filter.ExcludeFilterContextCustomizer@33d60c3d, org.springframework.boot.test.json.DuplicateJsonObjectContextCustomizerFactory$DuplicateJsonObjectContextCustomizer@6943770e, org.springframework.boot.test.mock.mockito.MockitoContextCustomizer@0, org.springframework.boot.test.web.client.TestRestTemplateContextCustomizer@536042e6, org.springframework.boot.test.context.SpringBootTestArgs@1], resourceBasePath = 'src/main/webapp', contextLoader = 'org.springframework.boot.test.context.SpringBootContextLoader', parent = [null]], attributes = map['org.springframework.test.context.web.ServletTestExecutionListener.activateListener' -> true, 'org.springframework.test.context.web.ServletTestExecutionListener.populatedRequestContextHolder' -> true, 'org.springframework.test.context.web.ServletTestExecutionListener.resetRequestContextHolder' -> true]]
2020-06-10 18:11:47.351  INFO 55751 --- [    Test worker] o.s.t.c.transaction.TransactionContext   : Began transaction (1) for test context [DefaultTestContext@633e0b9b testClass = OrganisaatioBusinessServiceImplTest, testInstance = fi.vm.sade.organisaatio.business.impl.OrganisaatioBusinessServiceImplTest@7120e3d1, testMethod = processOrganisaatiosuhdeChangesOneNewChange@OrganisaatioBusinessServiceImplTest, testException = [null], mergedContextConfiguration = [WebMergedContextConfiguration@142403d testClass = OrganisaatioBusinessServiceImplTest, locations = '{}', classes = '{class fi.vm.sade.organisaatio.OrganisaatioApplication, class fi.vm.sade.organisaatio.business.impl.OrganisaatioBusinessServiceImplTest$OrganisaatioBusinessServiceImplTestContextConfiguration}', contextInitializerClasses = '[]', activeProfiles = '{}', propertySourceLocations = '{}', propertySourceProperties = '{org.springframework.boot.test.context.SpringBootTestContextBootstrapper=true}', contextCustomizers = set[org.springframework.boot.test.autoconfigure.properties.PropertyMappingContextCustomizer@a273518a, org.springframework.boot.test.autoconfigure.web.servlet.WebDriverContextCustomizerFactory$Customizer@25a95d7a, [ImportsContextCustomizer@1758189f key = [org.springframework.boot.test.autoconfigure.jdbc.TestDatabaseAutoConfiguration, org.springframework.boot.autoconfigure.jdbc.DataSourceAutoConfiguration]], org.springframework.boot.test.context.filter.ExcludeFilterContextCustomizer@33d60c3d, org.springframework.boot.test.json.DuplicateJsonObjectContextCustomizerFactory$DuplicateJsonObjectContextCustomizer@6943770e, org.springframework.boot.test.mock.mockito.MockitoContextCustomizer@0, org.springframework.boot.test.web.client.TestRestTemplateContextCustomizer@536042e6, org.springframework.boot.test.context.SpringBootTestArgs@1], resourceBasePath = 'src/main/webapp', contextLoader = 'org.springframework.boot.test.context.SpringBootContextLoader', parent = [null]], attributes = map['org.springframework.test.context.web.ServletTestExecutionListener.activateListener' -> true, 'org.springframework.test.context.web.ServletTestExecutionListener.populatedRequestContextHolder' -> true, 'org.springframework.test.context.web.ServletTestExecutionListener.resetRequestContextHolder' -> true]]; transaction manager [org.springframework.orm.jpa.JpaTransactionManager@441d876b]; rollback [true]
2020-06-10 18:11:47.358 DEBUG 55751 --- [    Test worker] o.s.jdbc.core.JdbcTemplate               : Executing SQL query [SELECT COUNT(0) FROM organisaatiosuhde]
2020-06-10 18:11:47.361 DEBUG 55751 --- [    Test worker] o.s.jdbc.core.JdbcTemplate               : Executing prepared SQL update
2020-06-10 18:11:47.361 DEBUG 55751 --- [    Test worker] o.s.jdbc.core.JdbcTemplate               : Executing prepared SQL statement [insert into organisaatiosuhde (id, version, suhdetyyppi, child_id, parent_id, alkupvm) values (-1, 1, 'HISTORIA', ?, ?, ?)]
2020-06-10 18:11:47.361 TRACE 55751 --- [    Test worker] o.s.jdbc.core.StatementCreatorUtils      : Setting SQL statement parameter value: column index 1, parameter value [4], value class [java.lang.Long], SQL type unknown
2020-06-10 18:11:47.361 TRACE 55751 --- [    Test worker] o.s.jdbc.core.StatementCreatorUtils      : Setting SQL statement parameter value: column index 2, parameter value [7], value class [java.lang.Long], SQL type unknown
2020-06-10 18:11:47.361 TRACE 55751 --- [    Test worker] o.s.jdbc.core.StatementCreatorUtils      : Setting SQL statement parameter value: column index 3, parameter value [Wed Jun 10 18:11:47 EEST 2020], value class [java.util.Date], SQL type unknown
2020-06-10 18:11:47.361 DEBUG 55751 --- [    Test worker] o.s.jdbc.core.JdbcTemplate               : Executing prepared SQL update
2020-06-10 18:11:47.361 DEBUG 55751 --- [    Test worker] o.s.jdbc.core.JdbcTemplate               : Executing prepared SQL statement [update organisaatiosuhde set loppupvm = ? where id = ?]
2020-06-10 18:11:47.361 TRACE 55751 --- [    Test worker] o.s.jdbc.core.StatementCreatorUtils      : Setting SQL statement parameter value: column index 1, parameter value [Wed Jun 10 18:11:47 EEST 2020], value class [java.util.Date], SQL type unknown
2020-06-10 18:11:47.361 TRACE 55751 --- [    Test worker] o.s.jdbc.core.StatementCreatorUtils      : Setting SQL statement parameter value: column index 2, parameter value [3], value class [java.lang.Integer], SQL type unknown
2020-06-10 18:11:47.361 DEBUG 55751 --- [    Test worker] o.s.jdbc.core.JdbcTemplate               : Executing SQL query [SELECT COUNT(0) FROM organisaatiosuhde]
Hibernate: 
    select
        organisaat0_.id as id1_19_,
        organisaat0_.version as version2_19_,
        organisaat0_.alkupvm as alkupvm3_19_,
        organisaat0_.child_id as child_id7_19_,
        organisaat0_.loppupvm as loppupvm4_19_,
        organisaat0_.opetuspisteenjarjnro as opetuspi5_19_,
        organisaat0_.parent_id as parent_i8_19_,
        organisaat0_.suhdetyyppi as suhdetyy6_19_ 
    from
        organisaatiosuhde organisaat0_ 
    where
        organisaat0_.alkupvm=? 
    order by
        organisaat0_.alkupvm asc
2020-06-10 18:11:47.362 TRACE 55751 --- [    Test worker] o.h.type.descriptor.sql.BasicBinder      : binding parameter [1] as [DATE] - [Wed Jun 10 18:11:47 EEST 2020]
2020-06-10 18:11:47.362 TRACE 55751 --- [    Test worker] o.h.type.descriptor.sql.BasicExtractor   : extracted value ([id1_19_] : [BIGINT]) - [-1]
2020-06-10 18:11:47.362 TRACE 55751 --- [    Test worker] o.h.type.descriptor.sql.BasicExtractor   : extracted value ([version2_19_] : [BIGINT]) - [1]
2020-06-10 18:11:47.362 TRACE 55751 --- [    Test worker] o.h.type.descriptor.sql.BasicExtractor   : extracted value ([alkupvm3_19_] : [DATE]) - [2020-06-10]
2020-06-10 18:11:47.362 TRACE 55751 --- [    Test worker] o.h.type.descriptor.sql.BasicExtractor   : extracted value ([child_id7_19_] : [BIGINT]) - [4]
2020-06-10 18:11:47.362 TRACE 55751 --- [    Test worker] o.h.type.descriptor.sql.BasicExtractor   : extracted value ([loppupvm4_19_] : [DATE]) - [null]
2020-06-10 18:11:47.362 TRACE 55751 --- [    Test worker] o.h.type.descriptor.sql.BasicExtractor   : extracted value ([opetuspi5_19_] : [VARCHAR]) - [null]
2020-06-10 18:11:47.362 TRACE 55751 --- [    Test worker] o.h.type.descriptor.sql.BasicExtractor   : extracted value ([parent_i8_19_] : [BIGINT]) - [7]
2020-06-10 18:11:47.362 TRACE 55751 --- [    Test worker] o.h.type.descriptor.sql.BasicExtractor   : extracted value ([suhdetyy6_19_] : [VARCHAR]) - [HISTORIA]
2020-06-10 18:11:47.363  INFO 55751 --- [    Test worker] .s.o.b.i.OrganisaatioBusinessServiceImpl : Processing OrganisaatioSuhde[id=-1, version=1]
Hibernate: 
    select
        organisaat0_.id as id1_5_0_,
        organisaat0_.version as version2_5_0_,
        organisaat0_.alkupvm as alkupvm3_5_0_,
        organisaat0_.domainnimi as domainni4_5_0_,
        organisaat0_.kotipaikka as kotipaik5_5_0_,
        organisaat0_.kuvaus_mkt as kuvaus_28_5_0_,
        organisaat0_.lakkautuspvm as lakkautu6_5_0_,
        organisaat0_.maa as maa7_5_0_,
        organisaat0_.metadata_id as metadat29_5_0_,
        organisaat0_.nimi_mkt as nimi_mk30_5_0_,
        organisaat0_.nimihaku as nimihaku8_5_0_,
        organisaat0_.oid as oid9_5_0_,
        organisaat0_.opetuspisteenjarjnro as opetusp10_5_0_,
        organisaat0_.oppilaitoskoodi as oppilai11_5_0_,
        organisaat0_.oppilaitos_tyyppi as oppilai12_5_0_,
        organisaat0_.organisaatio_poistettu as organis13_5_0_,
        organisaat0_.paivittaja as paivitt14_5_0_,
        organisaat0_.paivityspvm as paivity15_5_0_,
        organisaat0_.parentidpath as parenti16_5_0_,
        organisaat0_.parentoidpath as parento17_5_0_,
        organisaat0_.piilotettu as piilote18_5_0_,
        organisaat0_.tarkastus_pvm as tarkast19_5_0_,
        organisaat0_.toimipistekoodi as toimipi20_5_0_,
        organisaat0_.tuontipvm as tuontip21_5_0_,
        organisaat0_.varhaiskasvatuksen_toimipaikka_tiedot_id as varhais31_5_0_,
        organisaat0_.virastotunnus as virasto22_5_0_,
        organisaat0_.yhteishaunkoulukoodi as yhteish23_5_0_,
        organisaat0_.yritysmuoto as yritysm24_5_0_,
        organisaat0_.ytj_kieli as ytj_kie25_5_0_,
        organisaat0_.ytjpaivityspvm as ytjpaiv26_5_0_,
        organisaat0_.ytunnus as ytunnus27_5_0_ 
    from
        organisaatio organisaat0_ 
    where
        organisaat0_.id=?
2020-06-10 18:11:47.363 TRACE 55751 --- [    Test worker] o.h.type.descriptor.sql.BasicBinder      : binding parameter [1] as [BIGINT] - [7]
2020-06-10 18:11:47.363 TRACE 55751 --- [    Test worker] o.h.type.descriptor.sql.BasicExtractor   : extracted value ([version2_5_0_] : [BIGINT]) - [2]
2020-06-10 18:11:47.363 TRACE 55751 --- [    Test worker] o.h.type.descriptor.sql.BasicExtractor   : extracted value ([alkupvm3_5_0_] : [DATE]) - [2006-06-29]
2020-06-10 18:11:47.363 TRACE 55751 --- [    Test worker] o.h.type.descriptor.sql.BasicExtractor   : extracted value ([domainni4_5_0_] : [VARCHAR]) - [null]
2020-06-10 18:11:47.363 TRACE 55751 --- [    Test worker] o.h.type.descriptor.sql.BasicExtractor   : extracted value ([kotipaik5_5_0_] : [VARCHAR]) - [Helsinki]
2020-06-10 18:11:47.363 TRACE 55751 --- [    Test worker] o.h.type.descriptor.sql.BasicExtractor   : extracted value ([kuvaus_28_5_0_] : [BIGINT]) - [null]
2020-06-10 18:11:47.363 TRACE 55751 --- [    Test worker] o.h.type.descriptor.sql.BasicExtractor   : extracted value ([lakkautu6_5_0_] : [DATE]) - [null]
2020-06-10 18:11:47.363 TRACE 55751 --- [    Test worker] o.h.type.descriptor.sql.BasicExtractor   : extracted value ([maa7_5_0_] : [VARCHAR]) - [null]
2020-06-10 18:11:47.363 TRACE 55751 --- [    Test worker] o.h.type.descriptor.sql.BasicExtractor   : extracted value ([metadat29_5_0_] : [BIGINT]) - [null]
2020-06-10 18:11:47.363 TRACE 55751 --- [    Test worker] o.h.type.descriptor.sql.BasicExtractor   : extracted value ([nimi_mk30_5_0_] : [BIGINT]) - [7]
2020-06-10 18:11:47.363 TRACE 55751 --- [    Test worker] o.h.type.descriptor.sql.BasicExtractor   : extracted value ([nimihaku8_5_0_] : [VARCHAR]) - [root2 test2 koulutustoimija2]
2020-06-10 18:11:47.363 TRACE 55751 --- [    Test worker] o.h.type.descriptor.sql.BasicExtractor   : extracted value ([oid9_5_0_] : [VARCHAR]) - [1.2.2004.5]
2020-06-10 18:11:47.363 TRACE 55751 --- [    Test worker] o.h.type.descriptor.sql.BasicExtractor   : extracted value ([opetusp10_5_0_] : [VARCHAR]) - [null]
2020-06-10 18:11:47.363 TRACE 55751 --- [    Test worker] o.h.type.descriptor.sql.BasicExtractor   : extracted value ([oppilai11_5_0_] : [VARCHAR]) - [null]
2020-06-10 18:11:47.363 TRACE 55751 --- [    Test worker] o.h.type.descriptor.sql.BasicExtractor   : extracted value ([oppilai12_5_0_] : [VARCHAR]) - [null]
2020-06-10 18:11:47.363 TRACE 55751 --- [    Test worker] o.h.type.descriptor.sql.BasicExtractor   : extracted value ([organis13_5_0_] : [BOOLEAN]) - [false]
2020-06-10 18:11:47.363 TRACE 55751 --- [    Test worker] o.h.type.descriptor.sql.BasicExtractor   : extracted value ([paivitt14_5_0_] : [VARCHAR]) - [null]
2020-06-10 18:11:47.363 TRACE 55751 --- [    Test worker] o.h.type.descriptor.sql.BasicExtractor   : extracted value ([paivity15_5_0_] : [TIMESTAMP]) - [null]
2020-06-10 18:11:47.363 TRACE 55751 --- [    Test worker] o.h.type.descriptor.sql.BasicExtractor   : extracted value ([parenti16_5_0_] : [VARCHAR]) - [|1|]
2020-06-10 18:11:47.363 TRACE 55751 --- [    Test worker] o.h.type.descriptor.sql.BasicExtractor   : extracted value ([parento17_5_0_] : [VARCHAR]) - [|1.2.246.562.24.00000000001|]
2020-06-10 18:11:47.363 TRACE 55751 --- [    Test worker] o.h.type.descriptor.sql.BasicExtractor   : extracted value ([piilote18_5_0_] : [BOOLEAN]) - [false]
2020-06-10 18:11:47.363 TRACE 55751 --- [    Test worker] o.h.type.descriptor.sql.BasicExtractor   : extracted value ([tarkast19_5_0_] : [TIMESTAMP]) - [null]
2020-06-10 18:11:47.364 TRACE 55751 --- [    Test worker] o.h.type.descriptor.sql.BasicExtractor   : extracted value ([toimipi20_5_0_] : [VARCHAR]) - [null]
2020-06-10 18:11:47.364 TRACE 55751 --- [    Test worker] o.h.type.descriptor.sql.BasicExtractor   : extracted value ([tuontip21_5_0_] : [TIMESTAMP]) - [null]
2020-06-10 18:11:47.364 TRACE 55751 --- [    Test worker] o.h.type.descriptor.sql.BasicExtractor   : extracted value ([varhais31_5_0_] : [BIGINT]) - [null]
2020-06-10 18:11:47.364 TRACE 55751 --- [    Test worker] o.h.type.descriptor.sql.BasicExtractor   : extracted value ([virasto22_5_0_] : [VARCHAR]) - [null]
2020-06-10 18:11:47.364 TRACE 55751 --- [    Test worker] o.h.type.descriptor.sql.BasicExtractor   : extracted value ([yhteish23_5_0_] : [VARCHAR]) - [null]
2020-06-10 18:11:47.364 TRACE 55751 --- [    Test worker] o.h.type.descriptor.sql.BasicExtractor   : extracted value ([yritysm24_5_0_] : [VARCHAR]) - [oy]
2020-06-10 18:11:47.364 TRACE 55751 --- [    Test worker] o.h.type.descriptor.sql.BasicExtractor   : extracted value ([ytj_kie25_5_0_] : [VARCHAR]) - [null]
2020-06-10 18:11:47.364 TRACE 55751 --- [    Test worker] o.h.type.descriptor.sql.BasicExtractor   : extracted value ([ytjpaiv26_5_0_] : [DATE]) - [null]
2020-06-10 18:11:47.364 TRACE 55751 --- [    Test worker] o.h.type.descriptor.sql.BasicExtractor   : extracted value ([ytunnus27_5_0_] : [VARCHAR]) - [1492449-0]
2020-06-10 18:11:47.364 TRACE 55751 --- [    Test worker] org.hibernate.type.CollectionType        : Created collection wrapper: [fi.vm.sade.organisaatio.model.Organisaatio.childSuhteet#7]
2020-06-10 18:11:47.364 TRACE 55751 --- [    Test worker] org.hibernate.type.CollectionType        : Created collection wrapper: [fi.vm.sade.organisaatio.model.Organisaatio.kayttoryhmat#7]
2020-06-10 18:11:47.364 TRACE 55751 --- [    Test worker] org.hibernate.type.CollectionType        : Created collection wrapper: [fi.vm.sade.organisaatio.model.Organisaatio.kielet#7]
2020-06-10 18:11:47.364 TRACE 55751 --- [    Test worker] org.hibernate.type.CollectionType        : Created collection wrapper: [fi.vm.sade.organisaatio.model.Organisaatio.muutKotipaikatUris#7]
2020-06-10 18:11:47.364 TRACE 55751 --- [    Test worker] org.hibernate.type.CollectionType        : Created collection wrapper: [fi.vm.sade.organisaatio.model.Organisaatio.muutOppilaitosTyyppiUris#7]
2020-06-10 18:11:47.364 TRACE 55751 --- [    Test worker] org.hibernate.type.CollectionType        : Created collection wrapper: [fi.vm.sade.organisaatio.model.Organisaatio.nimet#7]
2020-06-10 18:11:47.364 TRACE 55751 --- [    Test worker] org.hibernate.type.CollectionType        : Created collection wrapper: [fi.vm.sade.organisaatio.model.Organisaatio.organisaatioLisatietotyypit#7]
2020-06-10 18:11:47.364 TRACE 55751 --- [    Test worker] org.hibernate.type.CollectionType        : Created collection wrapper: [fi.vm.sade.organisaatio.model.Organisaatio.parentSuhteet#7]
2020-06-10 18:11:47.364 TRACE 55751 --- [    Test worker] org.hibernate.type.CollectionType        : Created collection wrapper: [fi.vm.sade.organisaatio.model.Organisaatio.ryhmatyypit#7]
2020-06-10 18:11:47.364 TRACE 55751 --- [    Test worker] org.hibernate.type.CollectionType        : Created collection wrapper: [fi.vm.sade.organisaatio.model.Organisaatio.tyypit#7]
2020-06-10 18:11:47.364 TRACE 55751 --- [    Test worker] org.hibernate.type.CollectionType        : Created collection wrapper: [fi.vm.sade.organisaatio.model.Organisaatio.vuosiluokat#7]
2020-06-10 18:11:47.364 TRACE 55751 --- [    Test worker] org.hibernate.type.CollectionType        : Created collection wrapper: [fi.vm.sade.organisaatio.model.Organisaatio.yhteystiedot#7]
2020-06-10 18:11:47.364 TRACE 55751 --- [    Test worker] org.hibernate.type.CollectionType        : Created collection wrapper: [fi.vm.sade.organisaatio.model.Organisaatio.yhteystietoArvos#7]
Hibernate: 
    select
        organisaat0_.id as id1_5_,
        organisaat0_.version as version2_5_,
        organisaat0_.alkupvm as alkupvm3_5_,
        organisaat0_.domainnimi as domainni4_5_,
        organisaat0_.kotipaikka as kotipaik5_5_,
        organisaat0_.kuvaus_mkt as kuvaus_28_5_,
        organisaat0_.lakkautuspvm as lakkautu6_5_,
        organisaat0_.maa as maa7_5_,
        organisaat0_.metadata_id as metadat29_5_,
        organisaat0_.nimi_mkt as nimi_mk30_5_,
        organisaat0_.nimihaku as nimihaku8_5_,
        organisaat0_.oid as oid9_5_,
        organisaat0_.opetuspisteenjarjnro as opetusp10_5_,
        organisaat0_.oppilaitoskoodi as oppilai11_5_,
        organisaat0_.oppilaitos_tyyppi as oppilai12_5_,
        organisaat0_.organisaatio_poistettu as organis13_5_,
        organisaat0_.paivittaja as paivitt14_5_,
        organisaat0_.paivityspvm as paivity15_5_,
        organisaat0_.parentidpath as parenti16_5_,
        organisaat0_.parentoidpath as parento17_5_,
        organisaat0_.piilotettu as piilote18_5_,
        organisaat0_.tarkastus_pvm as tarkast19_5_,
        organisaat0_.toimipistekoodi as toimipi20_5_,
        organisaat0_.tuontipvm as tuontip21_5_,
        organisaat0_.varhaiskasvatuksen_toimipaikka_tiedot_id as varhais31_5_,
        organisaat0_.virastotunnus as virasto22_5_,
        organisaat0_.yhteishaunkoulukoodi as yhteish23_5_,
        organisaat0_.yritysmuoto as yritysm24_5_,
        organisaat0_.ytj_kieli as ytj_kie25_5_,
        organisaat0_.ytjpaivityspvm as ytjpaiv26_5_,
        organisaat0_.ytunnus as ytunnus27_5_ 
    from
        organisaatio organisaat0_ 
    where
        organisaat0_.oid=?
2020-06-10 18:11:47.365 TRACE 55751 --- [    Test worker] o.h.type.descriptor.sql.BasicBinder      : binding parameter [1] as [VARCHAR] - [1.2.2004.5]
2020-06-10 18:11:47.365 TRACE 55751 --- [    Test worker] o.h.type.descriptor.sql.BasicExtractor   : extracted value ([id1_5_] : [BIGINT]) - [7]
Hibernate: 
    select
        parentsuht0_.child_id as child_id7_19_0_,
        parentsuht0_.id as id1_19_0_,
        parentsuht0_.id as id1_19_1_,
        parentsuht0_.version as version2_19_1_,
        parentsuht0_.alkupvm as alkupvm3_19_1_,
        parentsuht0_.child_id as child_id7_19_1_,
        parentsuht0_.loppupvm as loppupvm4_19_1_,
        parentsuht0_.opetuspisteenjarjnro as opetuspi5_19_1_,
        parentsuht0_.parent_id as parent_i8_19_1_,
        parentsuht0_.suhdetyyppi as suhdetyy6_19_1_ 
    from
        organisaatiosuhde parentsuht0_ 
    where
        parentsuht0_.child_id=? 
    order by
        parentsuht0_.alkupvm
2020-06-10 18:11:47.366 TRACE 55751 --- [    Test worker] o.h.type.descriptor.sql.BasicBinder      : binding parameter [1] as [BIGINT] - [7]
2020-06-10 18:11:47.366 TRACE 55751 --- [    Test worker] o.h.type.descriptor.sql.BasicExtractor   : extracted value ([id1_19_1_] : [BIGINT]) - [6]
2020-06-10 18:11:47.366 TRACE 55751 --- [    Test worker] o.h.type.descriptor.sql.BasicExtractor   : extracted value ([version2_19_1_] : [BIGINT]) - [0]
2020-06-10 18:11:47.366 TRACE 55751 --- [    Test worker] o.h.type.descriptor.sql.BasicExtractor   : extracted value ([alkupvm3_19_1_] : [DATE]) - [2014-12-02]
2020-06-10 18:11:47.366 TRACE 55751 --- [    Test worker] o.h.type.descriptor.sql.BasicExtractor   : extracted value ([child_id7_19_1_] : [BIGINT]) - [7]
2020-06-10 18:11:47.366 TRACE 55751 --- [    Test worker] o.h.type.descriptor.sql.BasicExtractor   : extracted value ([loppupvm4_19_1_] : [DATE]) - [null]
2020-06-10 18:11:47.366 TRACE 55751 --- [    Test worker] o.h.type.descriptor.sql.BasicExtractor   : extracted value ([opetuspi5_19_1_] : [VARCHAR]) - [null]
2020-06-10 18:11:47.366 TRACE 55751 --- [    Test worker] o.h.type.descriptor.sql.BasicExtractor   : extracted value ([parent_i8_19_1_] : [BIGINT]) - [1]
2020-06-10 18:11:47.366 TRACE 55751 --- [    Test worker] o.h.type.descriptor.sql.BasicExtractor   : extracted value ([suhdetyy6_19_1_] : [VARCHAR]) - [HISTORIA]
2020-06-10 18:11:47.366 TRACE 55751 --- [    Test worker] o.h.type.descriptor.sql.BasicExtractor   : extracted value ([child_id7_19_0_] : [BIGINT]) - [7]
2020-06-10 18:11:47.366 TRACE 55751 --- [    Test worker] o.h.type.descriptor.sql.BasicExtractor   : extracted value ([id1_19_0_] : [BIGINT]) - [6]
Hibernate: 
    select
        organisaat0_.id as id1_5_0_,
        organisaat0_.version as version2_5_0_,
        organisaat0_.alkupvm as alkupvm3_5_0_,
        organisaat0_.domainnimi as domainni4_5_0_,
        organisaat0_.kotipaikka as kotipaik5_5_0_,
        organisaat0_.kuvaus_mkt as kuvaus_28_5_0_,
        organisaat0_.lakkautuspvm as lakkautu6_5_0_,
        organisaat0_.maa as maa7_5_0_,
        organisaat0_.metadata_id as metadat29_5_0_,
        organisaat0_.nimi_mkt as nimi_mk30_5_0_,
        organisaat0_.nimihaku as nimihaku8_5_0_,
        organisaat0_.oid as oid9_5_0_,
        organisaat0_.opetuspisteenjarjnro as opetusp10_5_0_,
        organisaat0_.oppilaitoskoodi as oppilai11_5_0_,
        organisaat0_.oppilaitos_tyyppi as oppilai12_5_0_,
        organisaat0_.organisaatio_poistettu as organis13_5_0_,
        organisaat0_.paivittaja as paivitt14_5_0_,
        organisaat0_.paivityspvm as paivity15_5_0_,
        organisaat0_.parentidpath as parenti16_5_0_,
        organisaat0_.parentoidpath as parento17_5_0_,
        organisaat0_.piilotettu as piilote18_5_0_,
        organisaat0_.tarkastus_pvm as tarkast19_5_0_,
        organisaat0_.toimipistekoodi as toimipi20_5_0_,
        organisaat0_.tuontipvm as tuontip21_5_0_,
        organisaat0_.varhaiskasvatuksen_toimipaikka_tiedot_id as varhais31_5_0_,
        organisaat0_.virastotunnus as virasto22_5_0_,
        organisaat0_.yhteishaunkoulukoodi as yhteish23_5_0_,
        organisaat0_.yritysmuoto as yritysm24_5_0_,
        organisaat0_.ytj_kieli as ytj_kie25_5_0_,
        organisaat0_.ytjpaivityspvm as ytjpaiv26_5_0_,
        organisaat0_.ytunnus as ytunnus27_5_0_ 
    from
        organisaatio organisaat0_ 
    where
        organisaat0_.id=?
2020-06-10 18:11:47.366 TRACE 55751 --- [    Test worker] o.h.type.descriptor.sql.BasicBinder      : binding parameter [1] as [BIGINT] - [1]
2020-06-10 18:11:47.366 TRACE 55751 --- [    Test worker] o.h.type.descriptor.sql.BasicExtractor   : extracted value ([version2_5_0_] : [BIGINT]) - [0]
2020-06-10 18:11:47.366 TRACE 55751 --- [    Test worker] o.h.type.descriptor.sql.BasicExtractor   : extracted value ([alkupvm3_5_0_] : [DATE]) - [2004-06-29]
2020-06-10 18:11:47.366 TRACE 55751 --- [    Test worker] o.h.type.descriptor.sql.BasicExtractor   : extracted value ([domainni4_5_0_] : [VARCHAR]) - [null]
2020-06-10 18:11:47.366 TRACE 55751 --- [    Test worker] o.h.type.descriptor.sql.BasicExtractor   : extracted value ([kotipaik5_5_0_] : [VARCHAR]) - [Helsinki]
2020-06-10 18:11:47.366 TRACE 55751 --- [    Test worker] o.h.type.descriptor.sql.BasicExtractor   : extracted value ([kuvaus_28_5_0_] : [BIGINT]) - [null]
2020-06-10 18:11:47.367 TRACE 55751 --- [    Test worker] o.h.type.descriptor.sql.BasicExtractor   : extracted value ([lakkautu6_5_0_] : [DATE]) - [null]
2020-06-10 18:11:47.367 TRACE 55751 --- [    Test worker] o.h.type.descriptor.sql.BasicExtractor   : extracted value ([maa7_5_0_] : [VARCHAR]) - [null]
2020-06-10 18:11:47.367 TRACE 55751 --- [    Test worker] o.h.type.descriptor.sql.BasicExtractor   : extracted value ([metadat29_5_0_] : [BIGINT]) - [null]
2020-06-10 18:11:47.367 TRACE 55751 --- [    Test worker] o.h.type.descriptor.sql.BasicExtractor   : extracted value ([nimi_mk30_5_0_] : [BIGINT]) - [1]
2020-06-10 18:11:47.367 TRACE 55751 --- [    Test worker] o.h.type.descriptor.sql.BasicExtractor   : extracted value ([nimihaku8_5_0_] : [VARCHAR]) - [opetushallitus]
2020-06-10 18:11:47.367 TRACE 55751 --- [    Test worker] o.h.type.descriptor.sql.BasicExtractor   : extracted value ([oid9_5_0_] : [VARCHAR]) - [1.2.246.562.24.00000000001]
2020-06-10 18:11:47.367 TRACE 55751 --- [    Test worker] o.h.type.descriptor.sql.BasicExtractor   : extracted value ([opetusp10_5_0_] : [VARCHAR]) - [null]
2020-06-10 18:11:47.367 TRACE 55751 --- [    Test worker] o.h.type.descriptor.sql.BasicExtractor   : extracted value ([oppilai11_5_0_] : [VARCHAR]) - [null]
2020-06-10 18:11:47.367 TRACE 55751 --- [    Test worker] o.h.type.descriptor.sql.BasicExtractor   : extracted value ([oppilai12_5_0_] : [VARCHAR]) - [null]
2020-06-10 18:11:47.367 TRACE 55751 --- [    Test worker] o.h.type.descriptor.sql.BasicExtractor   : extracted value ([organis13_5_0_] : [BOOLEAN]) - [false]
2020-06-10 18:11:47.367 TRACE 55751 --- [    Test worker] o.h.type.descriptor.sql.BasicExtractor   : extracted value ([paivitt14_5_0_] : [VARCHAR]) - [null]
2020-06-10 18:11:47.367 TRACE 55751 --- [    Test worker] o.h.type.descriptor.sql.BasicExtractor   : extracted value ([paivity15_5_0_] : [TIMESTAMP]) - [null]
2020-06-10 18:11:47.367 TRACE 55751 --- [    Test worker] o.h.type.descriptor.sql.BasicExtractor   : extracted value ([parenti16_5_0_] : [VARCHAR]) - [null]
2020-06-10 18:11:47.367 TRACE 55751 --- [    Test worker] o.h.type.descriptor.sql.BasicExtractor   : extracted value ([parento17_5_0_] : [VARCHAR]) - [null]
2020-06-10 18:11:47.367 TRACE 55751 --- [    Test worker] o.h.type.descriptor.sql.BasicExtractor   : extracted value ([piilote18_5_0_] : [BOOLEAN]) - [false]
2020-06-10 18:11:47.367 TRACE 55751 --- [    Test worker] o.h.type.descriptor.sql.BasicExtractor   : extracted value ([tarkast19_5_0_] : [TIMESTAMP]) - [null]
2020-06-10 18:11:47.367 TRACE 55751 --- [    Test worker] o.h.type.descriptor.sql.BasicExtractor   : extracted value ([toimipi20_5_0_] : [VARCHAR]) - [null]
2020-06-10 18:11:47.367 TRACE 55751 --- [    Test worker] o.h.type.descriptor.sql.BasicExtractor   : extracted value ([tuontip21_5_0_] : [TIMESTAMP]) - [null]
2020-06-10 18:11:47.367 TRACE 55751 --- [    Test worker] o.h.type.descriptor.sql.BasicExtractor   : extracted value ([varhais31_5_0_] : [BIGINT]) - [null]
2020-06-10 18:11:47.367 TRACE 55751 --- [    Test worker] o.h.type.descriptor.sql.BasicExtractor   : extracted value ([virasto22_5_0_] : [VARCHAR]) - [null]
2020-06-10 18:11:47.367 TRACE 55751 --- [    Test worker] o.h.type.descriptor.sql.BasicExtractor   : extracted value ([yhteish23_5_0_] : [VARCHAR]) - [null]
2020-06-10 18:11:47.367 TRACE 55751 --- [    Test worker] o.h.type.descriptor.sql.BasicExtractor   : extracted value ([yritysm24_5_0_] : [VARCHAR]) - [oy]
2020-06-10 18:11:47.367 TRACE 55751 --- [    Test worker] o.h.type.descriptor.sql.BasicExtractor   : extracted value ([ytj_kie25_5_0_] : [VARCHAR]) - [null]
2020-06-10 18:11:47.367 TRACE 55751 --- [    Test worker] o.h.type.descriptor.sql.BasicExtractor   : extracted value ([ytjpaiv26_5_0_] : [DATE]) - [null]
2020-06-10 18:11:47.367 TRACE 55751 --- [    Test worker] o.h.type.descriptor.sql.BasicExtractor   : extracted value ([ytunnus27_5_0_] : [VARCHAR]) - [null]
2020-06-10 18:11:47.367 TRACE 55751 --- [    Test worker] org.hibernate.type.CollectionType        : Created collection wrapper: [fi.vm.sade.organisaatio.model.Organisaatio.childSuhteet#1]
2020-06-10 18:11:47.367 TRACE 55751 --- [    Test worker] org.hibernate.type.CollectionType        : Created collection wrapper: [fi.vm.sade.organisaatio.model.Organisaatio.kayttoryhmat#1]
2020-06-10 18:11:47.367 TRACE 55751 --- [    Test worker] org.hibernate.type.CollectionType        : Created collection wrapper: [fi.vm.sade.organisaatio.model.Organisaatio.kielet#1]
2020-06-10 18:11:47.367 TRACE 55751 --- [    Test worker] org.hibernate.type.CollectionType        : Created collection wrapper: [fi.vm.sade.organisaatio.model.Organisaatio.muutKotipaikatUris#1]
2020-06-10 18:11:47.367 TRACE 55751 --- [    Test worker] org.hibernate.type.CollectionType        : Created collection wrapper: [fi.vm.sade.organisaatio.model.Organisaatio.muutOppilaitosTyyppiUris#1]
2020-06-10 18:11:47.367 TRACE 55751 --- [    Test worker] org.hibernate.type.CollectionType        : Created collection wrapper: [fi.vm.sade.organisaatio.model.Organisaatio.nimet#1]
2020-06-10 18:11:47.367 TRACE 55751 --- [    Test worker] org.hibernate.type.CollectionType        : Created collection wrapper: [fi.vm.sade.organisaatio.model.Organisaatio.organisaatioLisatietotyypit#1]
2020-06-10 18:11:47.367 TRACE 55751 --- [    Test worker] org.hibernate.type.CollectionType        : Created collection wrapper: [fi.vm.sade.organisaatio.model.Organisaatio.parentSuhteet#1]
2020-06-10 18:11:47.367 TRACE 55751 --- [    Test worker] org.hibernate.type.CollectionType        : Created collection wrapper: [fi.vm.sade.organisaatio.model.Organisaatio.ryhmatyypit#1]
2020-06-10 18:11:47.367 TRACE 55751 --- [    Test worker] org.hibernate.type.CollectionType        : Created collection wrapper: [fi.vm.sade.organisaatio.model.Organisaatio.tyypit#1]
2020-06-10 18:11:47.367 TRACE 55751 --- [    Test worker] org.hibernate.type.CollectionType        : Created collection wrapper: [fi.vm.sade.organisaatio.model.Organisaatio.vuosiluokat#1]
2020-06-10 18:11:47.367 TRACE 55751 --- [    Test worker] org.hibernate.type.CollectionType        : Created collection wrapper: [fi.vm.sade.organisaatio.model.Organisaatio.yhteystiedot#1]
2020-06-10 18:11:47.367 TRACE 55751 --- [    Test worker] org.hibernate.type.CollectionType        : Created collection wrapper: [fi.vm.sade.organisaatio.model.Organisaatio.yhteystietoArvos#1]
Hibernate: 
    select
        parentsuht0_.child_id as child_id7_19_0_,
        parentsuht0_.id as id1_19_0_,
        parentsuht0_.id as id1_19_1_,
        parentsuht0_.version as version2_19_1_,
        parentsuht0_.alkupvm as alkupvm3_19_1_,
        parentsuht0_.child_id as child_id7_19_1_,
        parentsuht0_.loppupvm as loppupvm4_19_1_,
        parentsuht0_.opetuspisteenjarjnro as opetuspi5_19_1_,
        parentsuht0_.parent_id as parent_i8_19_1_,
        parentsuht0_.suhdetyyppi as suhdetyy6_19_1_ 
    from
        organisaatiosuhde parentsuht0_ 
    where
        parentsuht0_.child_id=? 
    order by
        parentsuht0_.alkupvm
2020-06-10 18:11:47.368 TRACE 55751 --- [    Test worker] o.h.type.descriptor.sql.BasicBinder      : binding parameter [1] as [BIGINT] - [1]
Hibernate: 
    select
        organisaat0_.id as id1_5_0_,
        organisaat0_.version as version2_5_0_,
        organisaat0_.alkupvm as alkupvm3_5_0_,
        organisaat0_.domainnimi as domainni4_5_0_,
        organisaat0_.kotipaikka as kotipaik5_5_0_,
        organisaat0_.kuvaus_mkt as kuvaus_28_5_0_,
        organisaat0_.lakkautuspvm as lakkautu6_5_0_,
        organisaat0_.maa as maa7_5_0_,
        organisaat0_.metadata_id as metadat29_5_0_,
        organisaat0_.nimi_mkt as nimi_mk30_5_0_,
        organisaat0_.nimihaku as nimihaku8_5_0_,
        organisaat0_.oid as oid9_5_0_,
        organisaat0_.opetuspisteenjarjnro as opetusp10_5_0_,
        organisaat0_.oppilaitoskoodi as oppilai11_5_0_,
        organisaat0_.oppilaitos_tyyppi as oppilai12_5_0_,
        organisaat0_.organisaatio_poistettu as organis13_5_0_,
        organisaat0_.paivittaja as paivitt14_5_0_,
        organisaat0_.paivityspvm as paivity15_5_0_,
        organisaat0_.parentidpath as parenti16_5_0_,
        organisaat0_.parentoidpath as parento17_5_0_,
        organisaat0_.piilotettu as piilote18_5_0_,
        organisaat0_.tarkastus_pvm as tarkast19_5_0_,
        organisaat0_.toimipistekoodi as toimipi20_5_0_,
        organisaat0_.tuontipvm as tuontip21_5_0_,
        organisaat0_.varhaiskasvatuksen_toimipaikka_tiedot_id as varhais31_5_0_,
        organisaat0_.virastotunnus as virasto22_5_0_,
        organisaat0_.yhteishaunkoulukoodi as yhteish23_5_0_,
        organisaat0_.yritysmuoto as yritysm24_5_0_,
        organisaat0_.ytj_kieli as ytj_kie25_5_0_,
        organisaat0_.ytjpaivityspvm as ytjpaiv26_5_0_,
        organisaat0_.ytunnus as ytunnus27_5_0_ 
    from
        organisaatio organisaat0_ 
    where
        organisaat0_.id=?
2020-06-10 18:11:47.368 TRACE 55751 --- [    Test worker] o.h.type.descriptor.sql.BasicBinder      : binding parameter [1] as [BIGINT] - [4]
2020-06-10 18:11:47.368 TRACE 55751 --- [    Test worker] o.h.type.descriptor.sql.BasicExtractor   : extracted value ([version2_5_0_] : [BIGINT]) - [2]
2020-06-10 18:11:47.368 TRACE 55751 --- [    Test worker] o.h.type.descriptor.sql.BasicExtractor   : extracted value ([alkupvm3_5_0_] : [DATE]) - [null]
2020-06-10 18:11:47.368 TRACE 55751 --- [    Test worker] o.h.type.descriptor.sql.BasicExtractor   : extracted value ([domainni4_5_0_] : [VARCHAR]) - [null]
2020-06-10 18:11:47.368 TRACE 55751 --- [    Test worker] o.h.type.descriptor.sql.BasicExtractor   : extracted value ([kotipaik5_5_0_] : [VARCHAR]) - [Helsinki]
2020-06-10 18:11:47.368 TRACE 55751 --- [    Test worker] o.h.type.descriptor.sql.BasicExtractor   : extracted value ([kuvaus_28_5_0_] : [BIGINT]) - [null]
2020-06-10 18:11:47.368 TRACE 55751 --- [    Test worker] o.h.type.descriptor.sql.BasicExtractor   : extracted value ([lakkautu6_5_0_] : [DATE]) - [null]
2020-06-10 18:11:47.368 TRACE 55751 --- [    Test worker] o.h.type.descriptor.sql.BasicExtractor   : extracted value ([maa7_5_0_] : [VARCHAR]) - [null]
2020-06-10 18:11:47.368 TRACE 55751 --- [    Test worker] o.h.type.descriptor.sql.BasicExtractor   : extracted value ([metadat29_5_0_] : [BIGINT]) - [1]
2020-06-10 18:11:47.368 TRACE 55751 --- [    Test worker] o.h.type.descriptor.sql.BasicExtractor   : extracted value ([nimi_mk30_5_0_] : [BIGINT]) - [4]
2020-06-10 18:11:47.368 TRACE 55751 --- [    Test worker] o.h.type.descriptor.sql.BasicExtractor   : extracted value ([nimihaku8_5_0_] : [VARCHAR]) - [node2 foo]
2020-06-10 18:11:47.368 TRACE 55751 --- [    Test worker] o.h.type.descriptor.sql.BasicExtractor   : extracted value ([oid9_5_0_] : [VARCHAR]) - [1.2.2004.3]
2020-06-10 18:11:47.368 TRACE 55751 --- [    Test worker] o.h.type.descriptor.sql.BasicExtractor   : extracted value ([opetusp10_5_0_] : [VARCHAR]) - [2]
2020-06-10 18:11:47.368 TRACE 55751 --- [    Test worker] o.h.type.descriptor.sql.BasicExtractor   : extracted value ([oppilai11_5_0_] : [VARCHAR]) - [null]
2020-06-10 18:11:47.368 TRACE 55751 --- [    Test worker] o.h.type.descriptor.sql.BasicExtractor   : extracted value ([oppilai12_5_0_] : [VARCHAR]) - [oppilaitostyyppi_42#1]
2020-06-10 18:11:47.368 TRACE 55751 --- [    Test worker] o.h.type.descriptor.sql.BasicExtractor   : extracted value ([organis13_5_0_] : [BOOLEAN]) - [false]
2020-06-10 18:11:47.368 TRACE 55751 --- [    Test worker] o.h.type.descriptor.sql.BasicExtractor   : extracted value ([paivitt14_5_0_] : [VARCHAR]) - [null]
2020-06-10 18:11:47.368 TRACE 55751 --- [    Test worker] o.h.type.descriptor.sql.BasicExtractor   : extracted value ([paivity15_5_0_] : [TIMESTAMP]) - [null]
2020-06-10 18:11:47.368 TRACE 55751 --- [    Test worker] o.h.type.descriptor.sql.BasicExtractor   : extracted value ([parenti16_5_0_] : [VARCHAR]) - [|1|2|]
2020-06-10 18:11:47.368 TRACE 55751 --- [    Test worker] o.h.type.descriptor.sql.BasicExtractor   : extracted value ([parento17_5_0_] : [VARCHAR]) - [|1.2.246.562.24.00000000001|1.2.2004.1|]
2020-06-10 18:11:47.368 TRACE 55751 --- [    Test worker] o.h.type.descriptor.sql.BasicExtractor   : extracted value ([piilote18_5_0_] : [BOOLEAN]) - [false]
2020-06-10 18:11:47.368 TRACE 55751 --- [    Test worker] o.h.type.descriptor.sql.BasicExtractor   : extracted value ([tarkast19_5_0_] : [TIMESTAMP]) - [null]
2020-06-10 18:11:47.369 TRACE 55751 --- [    Test worker] o.h.type.descriptor.sql.BasicExtractor   : extracted value ([toimipi20_5_0_] : [VARCHAR]) - [123452]
2020-06-10 18:11:47.369 TRACE 55751 --- [    Test worker] o.h.type.descriptor.sql.BasicExtractor   : extracted value ([tuontip21_5_0_] : [TIMESTAMP]) - [null]
2020-06-10 18:11:47.369 TRACE 55751 --- [    Test worker] o.h.type.descriptor.sql.BasicExtractor   : extracted value ([varhais31_5_0_] : [BIGINT]) - [null]
2020-06-10 18:11:47.369 TRACE 55751 --- [    Test worker] o.h.type.descriptor.sql.BasicExtractor   : extracted value ([virasto22_5_0_] : [VARCHAR]) - [null]
2020-06-10 18:11:47.369 TRACE 55751 --- [    Test worker] o.h.type.descriptor.sql.BasicExtractor   : extracted value ([yhteish23_5_0_] : [VARCHAR]) - [null]
2020-06-10 18:11:47.369 TRACE 55751 --- [    Test worker] o.h.type.descriptor.sql.BasicExtractor   : extracted value ([yritysm24_5_0_] : [VARCHAR]) - [oy]
2020-06-10 18:11:47.369 TRACE 55751 --- [    Test worker] o.h.type.descriptor.sql.BasicExtractor   : extracted value ([ytj_kie25_5_0_] : [VARCHAR]) - [null]
2020-06-10 18:11:47.369 TRACE 55751 --- [    Test worker] o.h.type.descriptor.sql.BasicExtractor   : extracted value ([ytjpaiv26_5_0_] : [DATE]) - [null]
2020-06-10 18:11:47.369 TRACE 55751 --- [    Test worker] o.h.type.descriptor.sql.BasicExtractor   : extracted value ([ytunnus27_5_0_] : [VARCHAR]) - [1234567-3]
2020-06-10 18:11:47.369 TRACE 55751 --- [    Test worker] org.hibernate.type.CollectionType        : Created collection wrapper: [fi.vm.sade.organisaatio.model.Organisaatio.childSuhteet#4]
2020-06-10 18:11:47.369 TRACE 55751 --- [    Test worker] org.hibernate.type.CollectionType        : Created collection wrapper: [fi.vm.sade.organisaatio.model.Organisaatio.kayttoryhmat#4]
2020-06-10 18:11:47.369 TRACE 55751 --- [    Test worker] org.hibernate.type.CollectionType        : Created collection wrapper: [fi.vm.sade.organisaatio.model.Organisaatio.kielet#4]
2020-06-10 18:11:47.369 TRACE 55751 --- [    Test worker] org.hibernate.type.CollectionType        : Created collection wrapper: [fi.vm.sade.organisaatio.model.Organisaatio.muutKotipaikatUris#4]
2020-06-10 18:11:47.369 TRACE 55751 --- [    Test worker] org.hibernate.type.CollectionType        : Created collection wrapper: [fi.vm.sade.organisaatio.model.Organisaatio.muutOppilaitosTyyppiUris#4]
2020-06-10 18:11:47.369 TRACE 55751 --- [    Test worker] org.hibernate.type.CollectionType        : Created collection wrapper: [fi.vm.sade.organisaatio.model.Organisaatio.nimet#4]
2020-06-10 18:11:47.369 TRACE 55751 --- [    Test worker] org.hibernate.type.CollectionType        : Created collection wrapper: [fi.vm.sade.organisaatio.model.Organisaatio.organisaatioLisatietotyypit#4]
2020-06-10 18:11:47.369 TRACE 55751 --- [    Test worker] org.hibernate.type.CollectionType        : Created collection wrapper: [fi.vm.sade.organisaatio.model.Organisaatio.parentSuhteet#4]
2020-06-10 18:11:47.369 TRACE 55751 --- [    Test worker] org.hibernate.type.CollectionType        : Created collection wrapper: [fi.vm.sade.organisaatio.model.Organisaatio.ryhmatyypit#4]
2020-06-10 18:11:47.369 TRACE 55751 --- [    Test worker] org.hibernate.type.CollectionType        : Created collection wrapper: [fi.vm.sade.organisaatio.model.Organisaatio.tyypit#4]
2020-06-10 18:11:47.369 TRACE 55751 --- [    Test worker] org.hibernate.type.CollectionType        : Created collection wrapper: [fi.vm.sade.organisaatio.model.Organisaatio.vuosiluokat#4]
2020-06-10 18:11:47.369 TRACE 55751 --- [    Test worker] org.hibernate.type.CollectionType        : Created collection wrapper: [fi.vm.sade.organisaatio.model.Organisaatio.yhteystiedot#4]
2020-06-10 18:11:47.369 TRACE 55751 --- [    Test worker] org.hibernate.type.CollectionType        : Created collection wrapper: [fi.vm.sade.organisaatio.model.Organisaatio.yhteystietoArvos#4]
Hibernate: 
    update
        organisaatio 
    set
        version=?,
        alkupvm=?,
        domainnimi=?,
        kotipaikka=?,
        kuvaus_mkt=?,
        lakkautuspvm=?,
        maa=?,
        metadata_id=?,
        nimi_mkt=?,
        nimihaku=?,
        oid=?,
        opetuspisteenjarjnro=?,
        oppilaitoskoodi=?,
        oppilaitos_tyyppi=?,
        organisaatio_poistettu=?,
        paivittaja=?,
        paivityspvm=?,
        parentidpath=?,
        parentoidpath=?,
        piilotettu=?,
        tarkastus_pvm=?,
        toimipistekoodi=?,
        tuontipvm=?,
        varhaiskasvatuksen_toimipaikka_tiedot_id=?,
        virastotunnus=?,
        yhteishaunkoulukoodi=?,
        yritysmuoto=?,
        ytj_kieli=?,
        ytjpaivityspvm=?,
        ytunnus=? 
    where
        id=? 
        and version=?
2020-06-10 18:11:47.377 TRACE 55751 --- [    Test worker] o.h.type.descriptor.sql.BasicBinder      : binding parameter [1] as [BIGINT] - [3]
2020-06-10 18:11:47.377 TRACE 55751 --- [    Test worker] o.h.type.descriptor.sql.BasicBinder      : binding parameter [2] as [DATE] - [null]
2020-06-10 18:11:47.377 TRACE 55751 --- [    Test worker] o.h.type.descriptor.sql.BasicBinder      : binding parameter [3] as [VARCHAR] - [null]
2020-06-10 18:11:47.377 TRACE 55751 --- [    Test worker] o.h.type.descriptor.sql.BasicBinder      : binding parameter [4] as [VARCHAR] - [Helsinki]
2020-06-10 18:11:47.377 TRACE 55751 --- [    Test worker] o.h.type.descriptor.sql.BasicBinder      : binding parameter [5] as [BIGINT] - [null]
2020-06-10 18:11:47.377 TRACE 55751 --- [    Test worker] o.h.type.descriptor.sql.BasicBinder      : binding parameter [6] as [DATE] - [null]
2020-06-10 18:11:47.377 TRACE 55751 --- [    Test worker] o.h.type.descriptor.sql.BasicBinder      : binding parameter [7] as [VARCHAR] - [null]
2020-06-10 18:11:47.377 TRACE 55751 --- [    Test worker] o.h.type.descriptor.sql.BasicBinder      : binding parameter [8] as [BIGINT] - [1]
2020-06-10 18:11:47.377 TRACE 55751 --- [    Test worker] o.h.type.descriptor.sql.BasicBinder      : binding parameter [9] as [BIGINT] - [4]
2020-06-10 18:11:47.377 TRACE 55751 --- [    Test worker] o.h.type.descriptor.sql.BasicBinder      : binding parameter [10] as [VARCHAR] - [node2 foo]
2020-06-10 18:11:47.377 TRACE 55751 --- [    Test worker] o.h.type.descriptor.sql.BasicBinder      : binding parameter [11] as [VARCHAR] - [1.2.2004.3]
2020-06-10 18:11:47.377 TRACE 55751 --- [    Test worker] o.h.type.descriptor.sql.BasicBinder      : binding parameter [12] as [VARCHAR] - [2]
2020-06-10 18:11:47.377 TRACE 55751 --- [    Test worker] o.h.type.descriptor.sql.BasicBinder      : binding parameter [13] as [VARCHAR] - [null]
2020-06-10 18:11:47.377 TRACE 55751 --- [    Test worker] o.h.type.descriptor.sql.BasicBinder      : binding parameter [14] as [VARCHAR] - [oppilaitostyyppi_42#1]
2020-06-10 18:11:47.377 TRACE 55751 --- [    Test worker] o.h.type.descriptor.sql.BasicBinder      : binding parameter [15] as [BOOLEAN] - [false]
2020-06-10 18:11:47.377 TRACE 55751 --- [    Test worker] o.h.type.descriptor.sql.BasicBinder      : binding parameter [16] as [VARCHAR] - [null]
2020-06-10 18:11:47.377 TRACE 55751 --- [    Test worker] o.h.type.descriptor.sql.BasicBinder      : binding parameter [17] as [TIMESTAMP] - [null]
2020-06-10 18:11:47.377 TRACE 55751 --- [    Test worker] o.h.type.descriptor.sql.BasicBinder      : binding parameter [18] as [VARCHAR] - [|1|7|]
2020-06-10 18:11:47.377 TRACE 55751 --- [    Test worker] o.h.type.descriptor.sql.BasicBinder      : binding parameter [19] as [VARCHAR] - [|1.2.246.562.24.00000000001|1.2.2004.5|]
2020-06-10 18:11:47.377 TRACE 55751 --- [    Test worker] o.h.type.descriptor.sql.BasicBinder      : binding parameter [20] as [BOOLEAN] - [false]
2020-06-10 18:11:47.377 TRACE 55751 --- [    Test worker] o.h.type.descriptor.sql.BasicBinder      : binding parameter [21] as [TIMESTAMP] - [null]
2020-06-10 18:11:47.377 TRACE 55751 --- [    Test worker] o.h.type.descriptor.sql.BasicBinder      : binding parameter [22] as [VARCHAR] - [123452]
2020-06-10 18:11:47.377 TRACE 55751 --- [    Test worker] o.h.type.descriptor.sql.BasicBinder      : binding parameter [23] as [TIMESTAMP] - [null]
2020-06-10 18:11:47.377 TRACE 55751 --- [    Test worker] o.h.type.descriptor.sql.BasicBinder      : binding parameter [24] as [BIGINT] - [null]
2020-06-10 18:11:47.377 TRACE 55751 --- [    Test worker] o.h.type.descriptor.sql.BasicBinder      : binding parameter [25] as [VARCHAR] - [null]
2020-06-10 18:11:47.377 TRACE 55751 --- [    Test worker] o.h.type.descriptor.sql.BasicBinder      : binding parameter [26] as [VARCHAR] - [null]
2020-06-10 18:11:47.377 TRACE 55751 --- [    Test worker] o.h.type.descriptor.sql.BasicBinder      : binding parameter [27] as [VARCHAR] - [oy]
2020-06-10 18:11:47.377 TRACE 55751 --- [    Test worker] o.h.type.descriptor.sql.BasicBinder      : binding parameter [28] as [VARCHAR] - [null]
2020-06-10 18:11:47.377 TRACE 55751 --- [    Test worker] o.h.type.descriptor.sql.BasicBinder      : binding parameter [29] as [DATE] - [null]
2020-06-10 18:11:47.377 TRACE 55751 --- [    Test worker] o.h.type.descriptor.sql.BasicBinder      : binding parameter [30] as [VARCHAR] - [1234567-3]
2020-06-10 18:11:47.377 TRACE 55751 --- [    Test worker] o.h.type.descriptor.sql.BasicBinder      : binding parameter [31] as [BIGINT] - [4]
2020-06-10 18:11:47.377 TRACE 55751 --- [    Test worker] o.h.type.descriptor.sql.BasicBinder      : binding parameter [32] as [BIGINT] - [2]
Hibernate: 
    select
        distinct organisaat0_.id as id1_5_,
        organisaat0_.version as version2_5_,
        organisaat0_.alkupvm as alkupvm3_5_,
        organisaat0_.domainnimi as domainni4_5_,
        organisaat0_.kotipaikka as kotipaik5_5_,
        organisaat0_.kuvaus_mkt as kuvaus_28_5_,
        organisaat0_.lakkautuspvm as lakkautu6_5_,
        organisaat0_.maa as maa7_5_,
        organisaat0_.metadata_id as metadat29_5_,
        organisaat0_.nimi_mkt as nimi_mk30_5_,
        organisaat0_.nimihaku as nimihaku8_5_,
        organisaat0_.oid as oid9_5_,
        organisaat0_.opetuspisteenjarjnro as opetusp10_5_,
        organisaat0_.oppilaitoskoodi as oppilai11_5_,
        organisaat0_.oppilaitos_tyyppi as oppilai12_5_,
        organisaat0_.organisaatio_poistettu as organis13_5_,
        organisaat0_.paivittaja as paivitt14_5_,
        organisaat0_.paivityspvm as paivity15_5_,
        organisaat0_.parentidpath as parenti16_5_,
        organisaat0_.parentoidpath as parento17_5_,
        organisaat0_.piilotettu as piilote18_5_,
        organisaat0_.tarkastus_pvm as tarkast19_5_,
        organisaat0_.toimipistekoodi as toimipi20_5_,
        organisaat0_.tuontipvm as tuontip21_5_,
        organisaat0_.varhaiskasvatuksen_toimipaikka_tiedot_id as varhais31_5_,
        organisaat0_.virastotunnus as virasto22_5_,
        organisaat0_.yhteishaunkoulukoodi as yhteish23_5_,
        organisaat0_.yritysmuoto as yritysm24_5_,
        organisaat0_.ytj_kieli as ytj_kie25_5_,
        organisaat0_.ytjpaivityspvm as ytjpaiv26_5_,
        organisaat0_.ytunnus as ytunnus27_5_ 
    from
        organisaatio organisaat0_ 
    where
        organisaat0_.parentidpath like ? escape '!'
2020-06-10 18:11:47.378 TRACE 55751 --- [    Test worker] o.h.type.descriptor.sql.BasicBinder      : binding parameter [1] as [VARCHAR] - [%|4|]
2020-06-10 18:11:47.378 TRACE 55751 --- [    Test worker] o.h.type.descriptor.sql.BasicExtractor   : extracted value ([id1_5_] : [BIGINT]) - [6]
2020-06-10 18:11:47.379 TRACE 55751 --- [    Test worker] o.h.type.descriptor.sql.BasicExtractor   : extracted value ([version2_5_] : [BIGINT]) - [2]
2020-06-10 18:11:47.379 TRACE 55751 --- [    Test worker] o.h.type.descriptor.sql.BasicExtractor   : extracted value ([alkupvm3_5_] : [DATE]) - [2010-08-29]
2020-06-10 18:11:47.379 TRACE 55751 --- [    Test worker] o.h.type.descriptor.sql.BasicExtractor   : extracted value ([domainni4_5_] : [VARCHAR]) - [null]
2020-06-10 18:11:47.379 TRACE 55751 --- [    Test worker] o.h.type.descriptor.sql.BasicExtractor   : extracted value ([kotipaik5_5_] : [VARCHAR]) - [Helsinki]
2020-06-10 18:11:47.379 TRACE 55751 --- [    Test worker] o.h.type.descriptor.sql.BasicExtractor   : extracted value ([kuvaus_28_5_] : [BIGINT]) - [null]
2020-06-10 18:11:47.379 TRACE 55751 --- [    Test worker] o.h.type.descriptor.sql.BasicExtractor   : extracted value ([lakkautu6_5_] : [DATE]) - [null]
2020-06-10 18:11:47.379 TRACE 55751 --- [    Test worker] o.h.type.descriptor.sql.BasicExtractor   : extracted value ([maa7_5_] : [VARCHAR]) - [null]
2020-06-10 18:11:47.379 TRACE 55751 --- [    Test worker] o.h.type.descriptor.sql.BasicExtractor   : extracted value ([metadat29_5_] : [BIGINT]) - [null]
2020-06-10 18:11:47.379 TRACE 55751 --- [    Test worker] o.h.type.descriptor.sql.BasicExtractor   : extracted value ([nimi_mk30_5_] : [BIGINT]) - [6]
2020-06-10 18:11:47.379 TRACE 55751 --- [    Test worker] o.h.type.descriptor.sql.BasicExtractor   : extracted value ([nimihaku8_5_] : [VARCHAR]) - [node23 foo bar]
2020-06-10 18:11:47.379 TRACE 55751 --- [    Test worker] o.h.type.descriptor.sql.BasicExtractor   : extracted value ([oid9_5_] : [VARCHAR]) - [1.2.2005.4]
2020-06-10 18:11:47.379 TRACE 55751 --- [    Test worker] o.h.type.descriptor.sql.BasicExtractor   : extracted value ([opetusp10_5_] : [VARCHAR]) - [null]
2020-06-10 18:11:47.379 TRACE 55751 --- [    Test worker] o.h.type.descriptor.sql.BasicExtractor   : extracted value ([oppilai11_5_] : [VARCHAR]) - [null]
2020-06-10 18:11:47.379 TRACE 55751 --- [    Test worker] o.h.type.descriptor.sql.BasicExtractor   : extracted value ([oppilai12_5_] : [VARCHAR]) - [oppilaitostyyppi_42#1]
2020-06-10 18:11:47.379 TRACE 55751 --- [    Test worker] o.h.type.descriptor.sql.BasicExtractor   : extracted value ([organis13_5_] : [BOOLEAN]) - [false]
2020-06-10 18:11:47.379 TRACE 55751 --- [    Test worker] o.h.type.descriptor.sql.BasicExtractor   : extracted value ([paivitt14_5_] : [VARCHAR]) - [null]
2020-06-10 18:11:47.379 TRACE 55751 --- [    Test worker] o.h.type.descriptor.sql.BasicExtractor   : extracted value ([paivity15_5_] : [TIMESTAMP]) - [null]
2020-06-10 18:11:47.379 TRACE 55751 --- [    Test worker] o.h.type.descriptor.sql.BasicExtractor   : extracted value ([parenti16_5_] : [VARCHAR]) - [|1|2|4|]
2020-06-10 18:11:47.379 TRACE 55751 --- [    Test worker] o.h.type.descriptor.sql.BasicExtractor   : extracted value ([parento17_5_] : [VARCHAR]) - [|1.2.246.562.24.00000000001|1.2.2004.1|1.2.2004.3|]
2020-06-10 18:11:47.379 TRACE 55751 --- [    Test worker] o.h.type.descriptor.sql.BasicExtractor   : extracted value ([piilote18_5_] : [BOOLEAN]) - [false]
2020-06-10 18:11:47.379 TRACE 55751 --- [    Test worker] o.h.type.descriptor.sql.BasicExtractor   : extracted value ([tarkast19_5_] : [TIMESTAMP]) - [null]
2020-06-10 18:11:47.379 TRACE 55751 --- [    Test worker] o.h.type.descriptor.sql.BasicExtractor   : extracted value ([toimipi20_5_] : [VARCHAR]) - [null]
2020-06-10 18:11:47.379 TRACE 55751 --- [    Test worker] o.h.type.descriptor.sql.BasicExtractor   : extracted value ([tuontip21_5_] : [TIMESTAMP]) - [null]
2020-06-10 18:11:47.379 TRACE 55751 --- [    Test worker] o.h.type.descriptor.sql.BasicExtractor   : extracted value ([varhais31_5_] : [BIGINT]) - [null]
2020-06-10 18:11:47.379 TRACE 55751 --- [    Test worker] o.h.type.descriptor.sql.BasicExtractor   : extracted value ([virasto22_5_] : [VARCHAR]) - [null]
2020-06-10 18:11:47.379 TRACE 55751 --- [    Test worker] o.h.type.descriptor.sql.BasicExtractor   : extracted value ([yhteish23_5_] : [VARCHAR]) - [null]
2020-06-10 18:11:47.379 TRACE 55751 --- [    Test worker] o.h.type.descriptor.sql.BasicExtractor   : extracted value ([yritysm24_5_] : [VARCHAR]) - [oy]
2020-06-10 18:11:47.379 TRACE 55751 --- [    Test worker] o.h.type.descriptor.sql.BasicExtractor   : extracted value ([ytj_kie25_5_] : [VARCHAR]) - [null]
2020-06-10 18:11:47.379 TRACE 55751 --- [    Test worker] o.h.type.descriptor.sql.BasicExtractor   : extracted value ([ytjpaiv26_5_] : [DATE]) - [null]
2020-06-10 18:11:47.379 TRACE 55751 --- [    Test worker] o.h.type.descriptor.sql.BasicExtractor   : extracted value ([ytunnus27_5_] : [VARCHAR]) - [1234568-4]
2020-06-10 18:11:47.379 TRACE 55751 --- [    Test worker] o.h.type.descriptor.sql.BasicExtractor   : extracted value ([id1_5_] : [BIGINT]) - [5]
2020-06-10 18:11:47.379 TRACE 55751 --- [    Test worker] o.h.type.descriptor.sql.BasicExtractor   : extracted value ([version2_5_] : [BIGINT]) - [2]
2020-06-10 18:11:47.379 TRACE 55751 --- [    Test worker] o.h.type.descriptor.sql.BasicExtractor   : extracted value ([alkupvm3_5_] : [DATE]) - [null]
2020-06-10 18:11:47.379 TRACE 55751 --- [    Test worker] o.h.type.descriptor.sql.BasicExtractor   : extracted value ([domainni4_5_] : [VARCHAR]) - [null]
2020-06-10 18:11:47.379 TRACE 55751 --- [    Test worker] o.h.type.descriptor.sql.BasicExtractor   : extracted value ([kotipaik5_5_] : [VARCHAR]) - [Helsinki]
2020-06-10 18:11:47.379 TRACE 55751 --- [    Test worker] o.h.type.descriptor.sql.BasicExtractor   : extracted value ([kuvaus_28_5_] : [BIGINT]) - [null]
2020-06-10 18:11:47.379 TRACE 55751 --- [    Test worker] o.h.type.descriptor.sql.BasicExtractor   : extracted value ([lakkautu6_5_] : [DATE]) - [null]
2020-06-10 18:11:47.379 TRACE 55751 --- [    Test worker] o.h.type.descriptor.sql.BasicExtractor   : extracted value ([maa7_5_] : [VARCHAR]) - [null]
2020-06-10 18:11:47.379 TRACE 55751 --- [    Test worker] o.h.type.descriptor.sql.BasicExtractor   : extracted value ([metadat29_5_] : [BIGINT]) - [null]
2020-06-10 18:11:47.379 TRACE 55751 --- [    Test worker] o.h.type.descriptor.sql.BasicExtractor   : extracted value ([nimi_mk30_5_] : [BIGINT]) - [5]
2020-06-10 18:11:47.379 TRACE 55751 --- [    Test worker] o.h.type.descriptor.sql.BasicExtractor   : extracted value ([nimihaku8_5_] : [VARCHAR]) - [node22 foo bar]
2020-06-10 18:11:47.379 TRACE 55751 --- [    Test worker] o.h.type.descriptor.sql.BasicExtractor   : extracted value ([oid9_5_] : [VARCHAR]) - [1.2.2004.4]
2020-06-10 18:11:47.379 TRACE 55751 --- [    Test worker] o.h.type.descriptor.sql.BasicExtractor   : extracted value ([opetusp10_5_] : [VARCHAR]) - [null]
2020-06-10 18:11:47.379 TRACE 55751 --- [    Test worker] o.h.type.descriptor.sql.BasicExtractor   : extracted value ([oppilai11_5_] : [VARCHAR]) - [null]
2020-06-10 18:11:47.379 TRACE 55751 --- [    Test worker] o.h.type.descriptor.sql.BasicExtractor   : extracted value ([oppilai12_5_] : [VARCHAR]) - [oppilaitostyyppi_42#1]
2020-06-10 18:11:47.379 TRACE 55751 --- [    Test worker] o.h.type.descriptor.sql.BasicExtractor   : extracted value ([organis13_5_] : [BOOLEAN]) - [false]
2020-06-10 18:11:47.380 TRACE 55751 --- [    Test worker] o.h.type.descriptor.sql.BasicExtractor   : extracted value ([paivitt14_5_] : [VARCHAR]) - [null]
2020-06-10 18:11:47.380 TRACE 55751 --- [    Test worker] o.h.type.descriptor.sql.BasicExtractor   : extracted value ([paivity15_5_] : [TIMESTAMP]) - [null]
2020-06-10 18:11:47.380 TRACE 55751 --- [    Test worker] o.h.type.descriptor.sql.BasicExtractor   : extracted value ([parenti16_5_] : [VARCHAR]) - [|1|2|4|]
2020-06-10 18:11:47.380 TRACE 55751 --- [    Test worker] o.h.type.descriptor.sql.BasicExtractor   : extracted value ([parento17_5_] : [VARCHAR]) - [|1.2.246.562.24.00000000001|1.2.2004.1|1.2.2004.3|]
2020-06-10 18:11:47.380 TRACE 55751 --- [    Test worker] o.h.type.descriptor.sql.BasicExtractor   : extracted value ([piilote18_5_] : [BOOLEAN]) - [false]
2020-06-10 18:11:47.380 TRACE 55751 --- [    Test worker] o.h.type.descriptor.sql.BasicExtractor   : extracted value ([tarkast19_5_] : [TIMESTAMP]) - [null]
2020-06-10 18:11:47.380 TRACE 55751 --- [    Test worker] o.h.type.descriptor.sql.BasicExtractor   : extracted value ([toimipi20_5_] : [VARCHAR]) - [null]
2020-06-10 18:11:47.380 TRACE 55751 --- [    Test worker] o.h.type.descriptor.sql.BasicExtractor   : extracted value ([tuontip21_5_] : [TIMESTAMP]) - [null]
2020-06-10 18:11:47.380 TRACE 55751 --- [    Test worker] o.h.type.descriptor.sql.BasicExtractor   : extracted value ([varhais31_5_] : [BIGINT]) - [null]
2020-06-10 18:11:47.380 TRACE 55751 --- [    Test worker] o.h.type.descriptor.sql.BasicExtractor   : extracted value ([virasto22_5_] : [VARCHAR]) - [null]
2020-06-10 18:11:47.380 TRACE 55751 --- [    Test worker] o.h.type.descriptor.sql.BasicExtractor   : extracted value ([yhteish23_5_] : [VARCHAR]) - [null]
2020-06-10 18:11:47.380 TRACE 55751 --- [    Test worker] o.h.type.descriptor.sql.BasicExtractor   : extracted value ([yritysm24_5_] : [VARCHAR]) - [oy]
2020-06-10 18:11:47.380 TRACE 55751 --- [    Test worker] o.h.type.descriptor.sql.BasicExtractor   : extracted value ([ytj_kie25_5_] : [VARCHAR]) - [null]
2020-06-10 18:11:47.380 TRACE 55751 --- [    Test worker] o.h.type.descriptor.sql.BasicExtractor   : extracted value ([ytjpaiv26_5_] : [DATE]) - [null]
2020-06-10 18:11:47.380 TRACE 55751 --- [    Test worker] o.h.type.descriptor.sql.BasicExtractor   : extracted value ([ytunnus27_5_] : [VARCHAR]) - [1234567-4]
2020-06-10 18:11:47.380 TRACE 55751 --- [    Test worker] org.hibernate.type.CollectionType        : Created collection wrapper: [fi.vm.sade.organisaatio.model.Organisaatio.childSuhteet#6]
2020-06-10 18:11:47.380 TRACE 55751 --- [    Test worker] org.hibernate.type.CollectionType        : Created collection wrapper: [fi.vm.sade.organisaatio.model.Organisaatio.kayttoryhmat#6]
2020-06-10 18:11:47.380 TRACE 55751 --- [    Test worker] org.hibernate.type.CollectionType        : Created collection wrapper: [fi.vm.sade.organisaatio.model.Organisaatio.kielet#6]
2020-06-10 18:11:47.380 TRACE 55751 --- [    Test worker] org.hibernate.type.CollectionType        : Created collection wrapper: [fi.vm.sade.organisaatio.model.Organisaatio.muutKotipaikatUris#6]
2020-06-10 18:11:47.380 TRACE 55751 --- [    Test worker] org.hibernate.type.CollectionType        : Created collection wrapper: [fi.vm.sade.organisaatio.model.Organisaatio.muutOppilaitosTyyppiUris#6]
2020-06-10 18:11:47.380 TRACE 55751 --- [    Test worker] org.hibernate.type.CollectionType        : Created collection wrapper: [fi.vm.sade.organisaatio.model.Organisaatio.nimet#6]
2020-06-10 18:11:47.380 TRACE 55751 --- [    Test worker] org.hibernate.type.CollectionType        : Created collection wrapper: [fi.vm.sade.organisaatio.model.Organisaatio.organisaatioLisatietotyypit#6]
2020-06-10 18:11:47.380 TRACE 55751 --- [    Test worker] org.hibernate.type.CollectionType        : Created collection wrapper: [fi.vm.sade.organisaatio.model.Organisaatio.parentSuhteet#6]
2020-06-10 18:11:47.380 TRACE 55751 --- [    Test worker] org.hibernate.type.CollectionType        : Created collection wrapper: [fi.vm.sade.organisaatio.model.Organisaatio.ryhmatyypit#6]
2020-06-10 18:11:47.380 TRACE 55751 --- [    Test worker] org.hibernate.type.CollectionType        : Created collection wrapper: [fi.vm.sade.organisaatio.model.Organisaatio.tyypit#6]
2020-06-10 18:11:47.380 TRACE 55751 --- [    Test worker] org.hibernate.type.CollectionType        : Created collection wrapper: [fi.vm.sade.organisaatio.model.Organisaatio.vuosiluokat#6]
2020-06-10 18:11:47.380 TRACE 55751 --- [    Test worker] org.hibernate.type.CollectionType        : Created collection wrapper: [fi.vm.sade.organisaatio.model.Organisaatio.yhteystiedot#6]
2020-06-10 18:11:47.380 TRACE 55751 --- [    Test worker] org.hibernate.type.CollectionType        : Created collection wrapper: [fi.vm.sade.organisaatio.model.Organisaatio.yhteystietoArvos#6]
2020-06-10 18:11:47.380 TRACE 55751 --- [    Test worker] org.hibernate.type.CollectionType        : Created collection wrapper: [fi.vm.sade.organisaatio.model.Organisaatio.childSuhteet#5]
2020-06-10 18:11:47.380 TRACE 55751 --- [    Test worker] org.hibernate.type.CollectionType        : Created collection wrapper: [fi.vm.sade.organisaatio.model.Organisaatio.kayttoryhmat#5]
2020-06-10 18:11:47.380 TRACE 55751 --- [    Test worker] org.hibernate.type.CollectionType        : Created collection wrapper: [fi.vm.sade.organisaatio.model.Organisaatio.kielet#5]
2020-06-10 18:11:47.380 TRACE 55751 --- [    Test worker] org.hibernate.type.CollectionType        : Created collection wrapper: [fi.vm.sade.organisaatio.model.Organisaatio.muutKotipaikatUris#5]
2020-06-10 18:11:47.380 TRACE 55751 --- [    Test worker] org.hibernate.type.CollectionType        : Created collection wrapper: [fi.vm.sade.organisaatio.model.Organisaatio.muutOppilaitosTyyppiUris#5]
2020-06-10 18:11:47.381 TRACE 55751 --- [    Test worker] org.hibernate.type.CollectionType        : Created collection wrapper: [fi.vm.sade.organisaatio.model.Organisaatio.nimet#5]
2020-06-10 18:11:47.381 TRACE 55751 --- [    Test worker] org.hibernate.type.CollectionType        : Created collection wrapper: [fi.vm.sade.organisaatio.model.Organisaatio.organisaatioLisatietotyypit#5]
2020-06-10 18:11:47.381 TRACE 55751 --- [    Test worker] org.hibernate.type.CollectionType        : Created collection wrapper: [fi.vm.sade.organisaatio.model.Organisaatio.parentSuhteet#5]
2020-06-10 18:11:47.381 TRACE 55751 --- [    Test worker] org.hibernate.type.CollectionType        : Created collection wrapper: [fi.vm.sade.organisaatio.model.Organisaatio.ryhmatyypit#5]
2020-06-10 18:11:47.381 TRACE 55751 --- [    Test worker] org.hibernate.type.CollectionType        : Created collection wrapper: [fi.vm.sade.organisaatio.model.Organisaatio.tyypit#5]
2020-06-10 18:11:47.381 TRACE 55751 --- [    Test worker] org.hibernate.type.CollectionType        : Created collection wrapper: [fi.vm.sade.organisaatio.model.Organisaatio.vuosiluokat#5]
2020-06-10 18:11:47.381 TRACE 55751 --- [    Test worker] org.hibernate.type.CollectionType        : Created collection wrapper: [fi.vm.sade.organisaatio.model.Organisaatio.yhteystiedot#5]
2020-06-10 18:11:47.381 TRACE 55751 --- [    Test worker] org.hibernate.type.CollectionType        : Created collection wrapper: [fi.vm.sade.organisaatio.model.Organisaatio.yhteystietoArvos#5]
Hibernate: 
    select
        organisaat0_.id as id1_5_,
        organisaat0_.version as version2_5_,
        organisaat0_.alkupvm as alkupvm3_5_,
        organisaat0_.domainnimi as domainni4_5_,
        organisaat0_.kotipaikka as kotipaik5_5_,
        organisaat0_.kuvaus_mkt as kuvaus_28_5_,
        organisaat0_.lakkautuspvm as lakkautu6_5_,
        organisaat0_.maa as maa7_5_,
        organisaat0_.metadata_id as metadat29_5_,
        organisaat0_.nimi_mkt as nimi_mk30_5_,
        organisaat0_.nimihaku as nimihaku8_5_,
        organisaat0_.oid as oid9_5_,
        organisaat0_.opetuspisteenjarjnro as opetusp10_5_,
        organisaat0_.oppilaitoskoodi as oppilai11_5_,
        organisaat0_.oppilaitos_tyyppi as oppilai12_5_,
        organisaat0_.organisaatio_poistettu as organis13_5_,
        organisaat0_.paivittaja as paivitt14_5_,
        organisaat0_.paivityspvm as paivity15_5_,
        organisaat0_.parentidpath as parenti16_5_,
        organisaat0_.parentoidpath as parento17_5_,
        organisaat0_.piilotettu as piilote18_5_,
        organisaat0_.tarkastus_pvm as tarkast19_5_,
        organisaat0_.toimipistekoodi as toimipi20_5_,
        organisaat0_.tuontipvm as tuontip21_5_,
        organisaat0_.varhaiskasvatuksen_toimipaikka_tiedot_id as varhais31_5_,
        organisaat0_.virastotunnus as virasto22_5_,
        organisaat0_.yhteishaunkoulukoodi as yhteish23_5_,
        organisaat0_.yritysmuoto as yritysm24_5_,
        organisaat0_.ytj_kieli as ytj_kie25_5_,
        organisaat0_.ytjpaivityspvm as ytjpaiv26_5_,
        organisaat0_.ytunnus as ytunnus27_5_ 
    from
        organisaatio organisaat0_ 
    where
        organisaat0_.oid=?
2020-06-10 18:11:47.382 TRACE 55751 --- [    Test worker] o.h.type.descriptor.sql.BasicBinder      : binding parameter [1] as [VARCHAR] - [1.2.2004.3]
2020-06-10 18:11:47.382 TRACE 55751 --- [    Test worker] o.h.type.descriptor.sql.BasicExtractor   : extracted value ([id1_5_] : [BIGINT]) - [4]
Hibernate: 
    select
        parentsuht0_.child_id as child_id7_19_0_,
        parentsuht0_.id as id1_19_0_,
        parentsuht0_.id as id1_19_1_,
        parentsuht0_.version as version2_19_1_,
        parentsuht0_.alkupvm as alkupvm3_19_1_,
        parentsuht0_.child_id as child_id7_19_1_,
        parentsuht0_.loppupvm as loppupvm4_19_1_,
        parentsuht0_.opetuspisteenjarjnro as opetuspi5_19_1_,
        parentsuht0_.parent_id as parent_i8_19_1_,
        parentsuht0_.suhdetyyppi as suhdetyy6_19_1_ 
    from
        organisaatiosuhde parentsuht0_ 
    where
        parentsuht0_.child_id=? 
    order by
        parentsuht0_.alkupvm
2020-06-10 18:11:47.382 TRACE 55751 --- [    Test worker] o.h.type.descriptor.sql.BasicBinder      : binding parameter [1] as [BIGINT] - [4]
2020-06-10 18:11:47.382 TRACE 55751 --- [    Test worker] o.h.type.descriptor.sql.BasicExtractor   : extracted value ([id1_19_1_] : [BIGINT]) - [3]
2020-06-10 18:11:47.382 TRACE 55751 --- [    Test worker] o.h.type.descriptor.sql.BasicExtractor   : extracted value ([version2_19_1_] : [BIGINT]) - [0]
2020-06-10 18:11:47.382 TRACE 55751 --- [    Test worker] o.h.type.descriptor.sql.BasicExtractor   : extracted value ([alkupvm3_19_1_] : [DATE]) - [2014-12-02]
2020-06-10 18:11:47.382 TRACE 55751 --- [    Test worker] o.h.type.descriptor.sql.BasicExtractor   : extracted value ([child_id7_19_1_] : [BIGINT]) - [4]
2020-06-10 18:11:47.382 TRACE 55751 --- [    Test worker] o.h.type.descriptor.sql.BasicExtractor   : extracted value ([loppupvm4_19_1_] : [DATE]) - [2020-06-10]
2020-06-10 18:11:47.382 TRACE 55751 --- [    Test worker] o.h.type.descriptor.sql.BasicExtractor   : extracted value ([opetuspi5_19_1_] : [VARCHAR]) - [null]
2020-06-10 18:11:47.382 TRACE 55751 --- [    Test worker] o.h.type.descriptor.sql.BasicExtractor   : extracted value ([parent_i8_19_1_] : [BIGINT]) - [2]
2020-06-10 18:11:47.382 TRACE 55751 --- [    Test worker] o.h.type.descriptor.sql.BasicExtractor   : extracted value ([suhdetyy6_19_1_] : [VARCHAR]) - [HISTORIA]
2020-06-10 18:11:47.382 TRACE 55751 --- [    Test worker] o.h.type.descriptor.sql.BasicExtractor   : extracted value ([child_id7_19_0_] : [BIGINT]) - [4]
2020-06-10 18:11:47.382 TRACE 55751 --- [    Test worker] o.h.type.descriptor.sql.BasicExtractor   : extracted value ([id1_19_0_] : [BIGINT]) - [3]
2020-06-10 18:11:47.382 TRACE 55751 --- [    Test worker] o.h.type.descriptor.sql.BasicExtractor   : extracted value ([id1_19_1_] : [BIGINT]) - [-1]
2020-06-10 18:11:47.383 TRACE 55751 --- [    Test worker] o.h.type.descriptor.sql.BasicExtractor   : extracted value ([child_id7_19_0_] : [BIGINT]) - [4]
2020-06-10 18:11:47.383 TRACE 55751 --- [    Test worker] o.h.type.descriptor.sql.BasicExtractor   : extracted value ([id1_19_0_] : [BIGINT]) - [-1]
Hibernate: 
    update
        organisaatio 
    set
        version=?,
        alkupvm=?,
        domainnimi=?,
        kotipaikka=?,
        kuvaus_mkt=?,
        lakkautuspvm=?,
        maa=?,
        metadata_id=?,
        nimi_mkt=?,
        nimihaku=?,
        oid=?,
        opetuspisteenjarjnro=?,
        oppilaitoskoodi=?,
        oppilaitos_tyyppi=?,
        organisaatio_poistettu=?,
        paivittaja=?,
        paivityspvm=?,
        parentidpath=?,
        parentoidpath=?,
        piilotettu=?,
        tarkastus_pvm=?,
        toimipistekoodi=?,
        tuontipvm=?,
        varhaiskasvatuksen_toimipaikka_tiedot_id=?,
        virastotunnus=?,
        yhteishaunkoulukoodi=?,
        yritysmuoto=?,
        ytj_kieli=?,
        ytjpaivityspvm=?,
        ytunnus=? 
    where
        id=? 
        and version=?
2020-06-10 18:11:47.384 TRACE 55751 --- [    Test worker] o.h.type.descriptor.sql.BasicBinder      : binding parameter [1] as [BIGINT] - [3]
2020-06-10 18:11:47.384 TRACE 55751 --- [    Test worker] o.h.type.descriptor.sql.BasicBinder      : binding parameter [2] as [DATE] - [2010-08-29]
2020-06-10 18:11:47.384 TRACE 55751 --- [    Test worker] o.h.type.descriptor.sql.BasicBinder      : binding parameter [3] as [VARCHAR] - [null]
2020-06-10 18:11:47.384 TRACE 55751 --- [    Test worker] o.h.type.descriptor.sql.BasicBinder      : binding parameter [4] as [VARCHAR] - [Helsinki]
2020-06-10 18:11:47.384 TRACE 55751 --- [    Test worker] o.h.type.descriptor.sql.BasicBinder      : binding parameter [5] as [BIGINT] - [null]
2020-06-10 18:11:47.384 TRACE 55751 --- [    Test worker] o.h.type.descriptor.sql.BasicBinder      : binding parameter [6] as [DATE] - [null]
2020-06-10 18:11:47.384 TRACE 55751 --- [    Test worker] o.h.type.descriptor.sql.BasicBinder      : binding parameter [7] as [VARCHAR] - [null]
2020-06-10 18:11:47.384 TRACE 55751 --- [    Test worker] o.h.type.descriptor.sql.BasicBinder      : binding parameter [8] as [BIGINT] - [null]
2020-06-10 18:11:47.384 TRACE 55751 --- [    Test worker] o.h.type.descriptor.sql.BasicBinder      : binding parameter [9] as [BIGINT] - [6]
2020-06-10 18:11:47.384 TRACE 55751 --- [    Test worker] o.h.type.descriptor.sql.BasicBinder      : binding parameter [10] as [VARCHAR] - [node23 foo bar]
2020-06-10 18:11:47.384 TRACE 55751 --- [    Test worker] o.h.type.descriptor.sql.BasicBinder      : binding parameter [11] as [VARCHAR] - [1.2.2005.4]
2020-06-10 18:11:47.384 TRACE 55751 --- [    Test worker] o.h.type.descriptor.sql.BasicBinder      : binding parameter [12] as [VARCHAR] - [null]
2020-06-10 18:11:47.384 TRACE 55751 --- [    Test worker] o.h.type.descriptor.sql.BasicBinder      : binding parameter [13] as [VARCHAR] - [null]
2020-06-10 18:11:47.384 TRACE 55751 --- [    Test worker] o.h.type.descriptor.sql.BasicBinder      : binding parameter [14] as [VARCHAR] - [oppilaitostyyppi_42#1]
2020-06-10 18:11:47.384 TRACE 55751 --- [    Test worker] o.h.type.descriptor.sql.BasicBinder      : binding parameter [15] as [BOOLEAN] - [false]
2020-06-10 18:11:47.384 TRACE 55751 --- [    Test worker] o.h.type.descriptor.sql.BasicBinder      : binding parameter [16] as [VARCHAR] - [null]
2020-06-10 18:11:47.384 TRACE 55751 --- [    Test worker] o.h.type.descriptor.sql.BasicBinder      : binding parameter [17] as [TIMESTAMP] - [null]
2020-06-10 18:11:47.384 TRACE 55751 --- [    Test worker] o.h.type.descriptor.sql.BasicBinder      : binding parameter [18] as [VARCHAR] - [|1|7|4|]
2020-06-10 18:11:47.384 TRACE 55751 --- [    Test worker] o.h.type.descriptor.sql.BasicBinder      : binding parameter [19] as [VARCHAR] - [|1.2.246.562.24.00000000001|1.2.2004.5|1.2.2004.3|]
2020-06-10 18:11:47.384 TRACE 55751 --- [    Test worker] o.h.type.descriptor.sql.BasicBinder      : binding parameter [20] as [BOOLEAN] - [false]
2020-06-10 18:11:47.384 TRACE 55751 --- [    Test worker] o.h.type.descriptor.sql.BasicBinder      : binding parameter [21] as [TIMESTAMP] - [null]
2020-06-10 18:11:47.384 TRACE 55751 --- [    Test worker] o.h.type.descriptor.sql.BasicBinder      : binding parameter [22] as [VARCHAR] - [null]
2020-06-10 18:11:47.384 TRACE 55751 --- [    Test worker] o.h.type.descriptor.sql.BasicBinder      : binding parameter [23] as [TIMESTAMP] - [null]
2020-06-10 18:11:47.384 TRACE 55751 --- [    Test worker] o.h.type.descriptor.sql.BasicBinder      : binding parameter [24] as [BIGINT] - [null]
2020-06-10 18:11:47.384 TRACE 55751 --- [    Test worker] o.h.type.descriptor.sql.BasicBinder      : binding parameter [25] as [VARCHAR] - [null]
2020-06-10 18:11:47.385 TRACE 55751 --- [    Test worker] o.h.type.descriptor.sql.BasicBinder      : binding parameter [26] as [VARCHAR] - [null]
2020-06-10 18:11:47.385 TRACE 55751 --- [    Test worker] o.h.type.descriptor.sql.BasicBinder      : binding parameter [27] as [VARCHAR] - [oy]
2020-06-10 18:11:47.385 TRACE 55751 --- [    Test worker] o.h.type.descriptor.sql.BasicBinder      : binding parameter [28] as [VARCHAR] - [null]
2020-06-10 18:11:47.385 TRACE 55751 --- [    Test worker] o.h.type.descriptor.sql.BasicBinder      : binding parameter [29] as [DATE] - [null]
2020-06-10 18:11:47.385 TRACE 55751 --- [    Test worker] o.h.type.descriptor.sql.BasicBinder      : binding parameter [30] as [VARCHAR] - [1234568-4]
2020-06-10 18:11:47.385 TRACE 55751 --- [    Test worker] o.h.type.descriptor.sql.BasicBinder      : binding parameter [31] as [BIGINT] - [6]
2020-06-10 18:11:47.385 TRACE 55751 --- [    Test worker] o.h.type.descriptor.sql.BasicBinder      : binding parameter [32] as [BIGINT] - [2]
Hibernate: 
    select
        distinct organisaat0_.id as id1_5_,
        organisaat0_.version as version2_5_,
        organisaat0_.alkupvm as alkupvm3_5_,
        organisaat0_.domainnimi as domainni4_5_,
        organisaat0_.kotipaikka as kotipaik5_5_,
        organisaat0_.kuvaus_mkt as kuvaus_28_5_,
        organisaat0_.lakkautuspvm as lakkautu6_5_,
        organisaat0_.maa as maa7_5_,
        organisaat0_.metadata_id as metadat29_5_,
        organisaat0_.nimi_mkt as nimi_mk30_5_,
        organisaat0_.nimihaku as nimihaku8_5_,
        organisaat0_.oid as oid9_5_,
        organisaat0_.opetuspisteenjarjnro as opetusp10_5_,
        organisaat0_.oppilaitoskoodi as oppilai11_5_,
        organisaat0_.oppilaitos_tyyppi as oppilai12_5_,
        organisaat0_.organisaatio_poistettu as organis13_5_,
        organisaat0_.paivittaja as paivitt14_5_,
        organisaat0_.paivityspvm as paivity15_5_,
        organisaat0_.parentidpath as parenti16_5_,
        organisaat0_.parentoidpath as parento17_5_,
        organisaat0_.piilotettu as piilote18_5_,
        organisaat0_.tarkastus_pvm as tarkast19_5_,
        organisaat0_.toimipistekoodi as toimipi20_5_,
        organisaat0_.tuontipvm as tuontip21_5_,
        organisaat0_.varhaiskasvatuksen_toimipaikka_tiedot_id as varhais31_5_,
        organisaat0_.virastotunnus as virasto22_5_,
        organisaat0_.yhteishaunkoulukoodi as yhteish23_5_,
        organisaat0_.yritysmuoto as yritysm24_5_,
        organisaat0_.ytj_kieli as ytj_kie25_5_,
        organisaat0_.ytjpaivityspvm as ytjpaiv26_5_,
        organisaat0_.ytunnus as ytunnus27_5_ 
    from
        organisaatio organisaat0_ 
    where
        organisaat0_.parentidpath like ? escape '!'
2020-06-10 18:11:47.385 TRACE 55751 --- [    Test worker] o.h.type.descriptor.sql.BasicBinder      : binding parameter [1] as [VARCHAR] - [%|6|]
Hibernate: 
    select
        organisaat0_.id as id1_5_,
        organisaat0_.version as version2_5_,
        organisaat0_.alkupvm as alkupvm3_5_,
        organisaat0_.domainnimi as domainni4_5_,
        organisaat0_.kotipaikka as kotipaik5_5_,
        organisaat0_.kuvaus_mkt as kuvaus_28_5_,
        organisaat0_.lakkautuspvm as lakkautu6_5_,
        organisaat0_.maa as maa7_5_,
        organisaat0_.metadata_id as metadat29_5_,
        organisaat0_.nimi_mkt as nimi_mk30_5_,
        organisaat0_.nimihaku as nimihaku8_5_,
        organisaat0_.oid as oid9_5_,
        organisaat0_.opetuspisteenjarjnro as opetusp10_5_,
        organisaat0_.oppilaitoskoodi as oppilai11_5_,
        organisaat0_.oppilaitos_tyyppi as oppilai12_5_,
        organisaat0_.organisaatio_poistettu as organis13_5_,
        organisaat0_.paivittaja as paivitt14_5_,
        organisaat0_.paivityspvm as paivity15_5_,
        organisaat0_.parentidpath as parenti16_5_,
        organisaat0_.parentoidpath as parento17_5_,
        organisaat0_.piilotettu as piilote18_5_,
        organisaat0_.tarkastus_pvm as tarkast19_5_,
        organisaat0_.toimipistekoodi as toimipi20_5_,
        organisaat0_.tuontipvm as tuontip21_5_,
        organisaat0_.varhaiskasvatuksen_toimipaikka_tiedot_id as varhais31_5_,
        organisaat0_.virastotunnus as virasto22_5_,
        organisaat0_.yhteishaunkoulukoodi as yhteish23_5_,
        organisaat0_.yritysmuoto as yritysm24_5_,
        organisaat0_.ytj_kieli as ytj_kie25_5_,
        organisaat0_.ytjpaivityspvm as ytjpaiv26_5_,
        organisaat0_.ytunnus as ytunnus27_5_ 
    from
        organisaatio organisaat0_ 
    where
        organisaat0_.oid=?
2020-06-10 18:11:47.386 TRACE 55751 --- [    Test worker] o.h.type.descriptor.sql.BasicBinder      : binding parameter [1] as [VARCHAR] - [1.2.2004.3]
2020-06-10 18:11:47.386 TRACE 55751 --- [    Test worker] o.h.type.descriptor.sql.BasicExtractor   : extracted value ([id1_5_] : [BIGINT]) - [4]
Hibernate: 
    update
        organisaatio 
    set
        version=?,
        alkupvm=?,
        domainnimi=?,
        kotipaikka=?,
        kuvaus_mkt=?,
        lakkautuspvm=?,
        maa=?,
        metadata_id=?,
        nimi_mkt=?,
        nimihaku=?,
        oid=?,
        opetuspisteenjarjnro=?,
        oppilaitoskoodi=?,
        oppilaitos_tyyppi=?,
        organisaatio_poistettu=?,
        paivittaja=?,
        paivityspvm=?,
        parentidpath=?,
        parentoidpath=?,
        piilotettu=?,
        tarkastus_pvm=?,
        toimipistekoodi=?,
        tuontipvm=?,
        varhaiskasvatuksen_toimipaikka_tiedot_id=?,
        virastotunnus=?,
        yhteishaunkoulukoodi=?,
        yritysmuoto=?,
        ytj_kieli=?,
        ytjpaivityspvm=?,
        ytunnus=? 
    where
        id=? 
        and version=?
2020-06-10 18:11:47.387 TRACE 55751 --- [    Test worker] o.h.type.descriptor.sql.BasicBinder      : binding parameter [1] as [BIGINT] - [3]
2020-06-10 18:11:47.387 TRACE 55751 --- [    Test worker] o.h.type.descriptor.sql.BasicBinder      : binding parameter [2] as [DATE] - [null]
2020-06-10 18:11:47.387 TRACE 55751 --- [    Test worker] o.h.type.descriptor.sql.BasicBinder      : binding parameter [3] as [VARCHAR] - [null]
2020-06-10 18:11:47.387 TRACE 55751 --- [    Test worker] o.h.type.descriptor.sql.BasicBinder      : binding parameter [4] as [VARCHAR] - [Helsinki]
2020-06-10 18:11:47.387 TRACE 55751 --- [    Test worker] o.h.type.descriptor.sql.BasicBinder      : binding parameter [5] as [BIGINT] - [null]
2020-06-10 18:11:47.387 TRACE 55751 --- [    Test worker] o.h.type.descriptor.sql.BasicBinder      : binding parameter [6] as [DATE] - [null]
2020-06-10 18:11:47.387 TRACE 55751 --- [    Test worker] o.h.type.descriptor.sql.BasicBinder      : binding parameter [7] as [VARCHAR] - [null]
2020-06-10 18:11:47.387 TRACE 55751 --- [    Test worker] o.h.type.descriptor.sql.BasicBinder      : binding parameter [8] as [BIGINT] - [null]
2020-06-10 18:11:47.387 TRACE 55751 --- [    Test worker] o.h.type.descriptor.sql.BasicBinder      : binding parameter [9] as [BIGINT] - [5]
2020-06-10 18:11:47.388 TRACE 55751 --- [    Test worker] o.h.type.descriptor.sql.BasicBinder      : binding parameter [10] as [VARCHAR] - [node22 foo bar]
2020-06-10 18:11:47.388 TRACE 55751 --- [    Test worker] o.h.type.descriptor.sql.BasicBinder      : binding parameter [11] as [VARCHAR] - [1.2.2004.4]
2020-06-10 18:11:47.388 TRACE 55751 --- [    Test worker] o.h.type.descriptor.sql.BasicBinder      : binding parameter [12] as [VARCHAR] - [null]
2020-06-10 18:11:47.388 TRACE 55751 --- [    Test worker] o.h.type.descriptor.sql.BasicBinder      : binding parameter [13] as [VARCHAR] - [null]
2020-06-10 18:11:47.388 TRACE 55751 --- [    Test worker] o.h.type.descriptor.sql.BasicBinder      : binding parameter [14] as [VARCHAR] - [oppilaitostyyppi_42#1]
2020-06-10 18:11:47.388 TRACE 55751 --- [    Test worker] o.h.type.descriptor.sql.BasicBinder      : binding parameter [15] as [BOOLEAN] - [false]
2020-06-10 18:11:47.388 TRACE 55751 --- [    Test worker] o.h.type.descriptor.sql.BasicBinder      : binding parameter [16] as [VARCHAR] - [null]
2020-06-10 18:11:47.388 TRACE 55751 --- [    Test worker] o.h.type.descriptor.sql.BasicBinder      : binding parameter [17] as [TIMESTAMP] - [null]
2020-06-10 18:11:47.388 TRACE 55751 --- [    Test worker] o.h.type.descriptor.sql.BasicBinder      : binding parameter [18] as [VARCHAR] - [|1|7|4|]
2020-06-10 18:11:47.388 TRACE 55751 --- [    Test worker] o.h.type.descriptor.sql.BasicBinder      : binding parameter [19] as [VARCHAR] - [|1.2.246.562.24.00000000001|1.2.2004.5|1.2.2004.3|]
2020-06-10 18:11:47.388 TRACE 55751 --- [    Test worker] o.h.type.descriptor.sql.BasicBinder      : binding parameter [20] as [BOOLEAN] - [false]
2020-06-10 18:11:47.388 TRACE 55751 --- [    Test worker] o.h.type.descriptor.sql.BasicBinder      : binding parameter [21] as [TIMESTAMP] - [null]
2020-06-10 18:11:47.388 TRACE 55751 --- [    Test worker] o.h.type.descriptor.sql.BasicBinder      : binding parameter [22] as [VARCHAR] - [null]
2020-06-10 18:11:47.388 TRACE 55751 --- [    Test worker] o.h.type.descriptor.sql.BasicBinder      : binding parameter [23] as [TIMESTAMP] - [null]
2020-06-10 18:11:47.388 TRACE 55751 --- [    Test worker] o.h.type.descriptor.sql.BasicBinder      : binding parameter [24] as [BIGINT] - [null]
2020-06-10 18:11:47.388 TRACE 55751 --- [    Test worker] o.h.type.descriptor.sql.BasicBinder      : binding parameter [25] as [VARCHAR] - [null]
2020-06-10 18:11:47.388 TRACE 55751 --- [    Test worker] o.h.type.descriptor.sql.BasicBinder      : binding parameter [26] as [VARCHAR] - [null]
2020-06-10 18:11:47.388 TRACE 55751 --- [    Test worker] o.h.type.descriptor.sql.BasicBinder      : binding parameter [27] as [VARCHAR] - [oy]
2020-06-10 18:11:47.388 TRACE 55751 --- [    Test worker] o.h.type.descriptor.sql.BasicBinder      : binding parameter [28] as [VARCHAR] - [null]
2020-06-10 18:11:47.388 TRACE 55751 --- [    Test worker] o.h.type.descriptor.sql.BasicBinder      : binding parameter [29] as [DATE] - [null]
2020-06-10 18:11:47.388 TRACE 55751 --- [    Test worker] o.h.type.descriptor.sql.BasicBinder      : binding parameter [30] as [VARCHAR] - [1234567-4]
2020-06-10 18:11:47.388 TRACE 55751 --- [    Test worker] o.h.type.descriptor.sql.BasicBinder      : binding parameter [31] as [BIGINT] - [5]
2020-06-10 18:11:47.388 TRACE 55751 --- [    Test worker] o.h.type.descriptor.sql.BasicBinder      : binding parameter [32] as [BIGINT] - [2]
Hibernate: 
    select
        distinct organisaat0_.id as id1_5_,
        organisaat0_.version as version2_5_,
        organisaat0_.alkupvm as alkupvm3_5_,
        organisaat0_.domainnimi as domainni4_5_,
        organisaat0_.kotipaikka as kotipaik5_5_,
        organisaat0_.kuvaus_mkt as kuvaus_28_5_,
        organisaat0_.lakkautuspvm as lakkautu6_5_,
        organisaat0_.maa as maa7_5_,
        organisaat0_.metadata_id as metadat29_5_,
        organisaat0_.nimi_mkt as nimi_mk30_5_,
        organisaat0_.nimihaku as nimihaku8_5_,
        organisaat0_.oid as oid9_5_,
        organisaat0_.opetuspisteenjarjnro as opetusp10_5_,
        organisaat0_.oppilaitoskoodi as oppilai11_5_,
        organisaat0_.oppilaitos_tyyppi as oppilai12_5_,
        organisaat0_.organisaatio_poistettu as organis13_5_,
        organisaat0_.paivittaja as paivitt14_5_,
        organisaat0_.paivityspvm as paivity15_5_,
        organisaat0_.parentidpath as parenti16_5_,
        organisaat0_.parentoidpath as parento17_5_,
        organisaat0_.piilotettu as piilote18_5_,
        organisaat0_.tarkastus_pvm as tarkast19_5_,
        organisaat0_.toimipistekoodi as toimipi20_5_,
        organisaat0_.tuontipvm as tuontip21_5_,
        organisaat0_.varhaiskasvatuksen_toimipaikka_tiedot_id as varhais31_5_,
        organisaat0_.virastotunnus as virasto22_5_,
        organisaat0_.yhteishaunkoulukoodi as yhteish23_5_,
        organisaat0_.yritysmuoto as yritysm24_5_,
        organisaat0_.ytj_kieli as ytj_kie25_5_,
        organisaat0_.ytjpaivityspvm as ytjpaiv26_5_,
        organisaat0_.ytunnus as ytunnus27_5_ 
    from
        organisaatio organisaat0_ 
    where
        organisaat0_.parentidpath like ? escape '!'
2020-06-10 18:11:47.388 TRACE 55751 --- [    Test worker] o.h.type.descriptor.sql.BasicBinder      : binding parameter [1] as [VARCHAR] - [%|5|]
2020-06-10 18:11:47.388 TRACE 55751 --- [    Test worker] o.h.type.descriptor.sql.BasicExtractor   : extracted value ([id1_5_] : [BIGINT]) - [9]
2020-06-10 18:11:47.389 TRACE 55751 --- [    Test worker] o.h.type.descriptor.sql.BasicExtractor   : extracted value ([version2_5_] : [BIGINT]) - [2]
2020-06-10 18:11:47.389 TRACE 55751 --- [    Test worker] o.h.type.descriptor.sql.BasicExtractor   : extracted value ([alkupvm3_5_] : [DATE]) - [1960-02-16]
2020-06-10 18:11:47.389 TRACE 55751 --- [    Test worker] o.h.type.descriptor.sql.BasicExtractor   : extracted value ([domainni4_5_] : [VARCHAR]) - [null]
2020-06-10 18:11:47.389 TRACE 55751 --- [    Test worker] o.h.type.descriptor.sql.BasicExtractor   : extracted value ([kotipaik5_5_] : [VARCHAR]) - [Helsinki]
2020-06-10 18:11:47.389 TRACE 55751 --- [    Test worker] o.h.type.descriptor.sql.BasicExtractor   : extracted value ([kuvaus_28_5_] : [BIGINT]) - [null]
2020-06-10 18:11:47.389 TRACE 55751 --- [    Test worker] o.h.type.descriptor.sql.BasicExtractor   : extracted value ([lakkautu6_5_] : [DATE]) - [null]
2020-06-10 18:11:47.389 TRACE 55751 --- [    Test worker] o.h.type.descriptor.sql.BasicExtractor   : extracted value ([maa7_5_] : [VARCHAR]) - [null]
2020-06-10 18:11:47.389 TRACE 55751 --- [    Test worker] o.h.type.descriptor.sql.BasicExtractor   : extracted value ([metadat29_5_] : [BIGINT]) - [null]
2020-06-10 18:11:47.389 TRACE 55751 --- [    Test worker] o.h.type.descriptor.sql.BasicExtractor   : extracted value ([nimi_mk30_5_] : [BIGINT]) - [9]
2020-06-10 18:11:47.389 TRACE 55751 --- [    Test worker] o.h.type.descriptor.sql.BasicExtractor   : extracted value ([nimihaku8_5_] : [VARCHAR]) - [node231 foo bar]
2020-06-10 18:11:47.389 TRACE 55751 --- [    Test worker] o.h.type.descriptor.sql.BasicExtractor   : extracted value ([oid9_5_] : [VARCHAR]) - [1.2.2005.5]
2020-06-10 18:11:47.389 TRACE 55751 --- [    Test worker] o.h.type.descriptor.sql.BasicExtractor   : extracted value ([opetusp10_5_] : [VARCHAR]) - [null]
2020-06-10 18:11:47.389 TRACE 55751 --- [    Test worker] o.h.type.descriptor.sql.BasicExtractor   : extracted value ([oppilai11_5_] : [VARCHAR]) - [null]
2020-06-10 18:11:47.389 TRACE 55751 --- [    Test worker] o.h.type.descriptor.sql.BasicExtractor   : extracted value ([oppilai12_5_] : [VARCHAR]) - [oppilaitostyyppi_42#1]
2020-06-10 18:11:47.389 TRACE 55751 --- [    Test worker] o.h.type.descriptor.sql.BasicExtractor   : extracted value ([organis13_5_] : [BOOLEAN]) - [false]
2020-06-10 18:11:47.389 TRACE 55751 --- [    Test worker] o.h.type.descriptor.sql.BasicExtractor   : extracted value ([paivitt14_5_] : [VARCHAR]) - [null]
2020-06-10 18:11:47.389 TRACE 55751 --- [    Test worker] o.h.type.descriptor.sql.BasicExtractor   : extracted value ([paivity15_5_] : [TIMESTAMP]) - [null]
2020-06-10 18:11:47.389 TRACE 55751 --- [    Test worker] o.h.type.descriptor.sql.BasicExtractor   : extracted value ([parenti16_5_] : [VARCHAR]) - [|1|2|4|5|]
2020-06-10 18:11:47.389 TRACE 55751 --- [    Test worker] o.h.type.descriptor.sql.BasicExtractor   : extracted value ([parento17_5_] : [VARCHAR]) - [|1.2.246.562.24.00000000001|1.2.2004.1|1.2.2004.3|1.2.2004.4|]
2020-06-10 18:11:47.389 TRACE 55751 --- [    Test worker] o.h.type.descriptor.sql.BasicExtractor   : extracted value ([piilote18_5_] : [BOOLEAN]) - [false]
2020-06-10 18:11:47.389 TRACE 55751 --- [    Test worker] o.h.type.descriptor.sql.BasicExtractor   : extracted value ([tarkast19_5_] : [TIMESTAMP]) - [null]
2020-06-10 18:11:47.389 TRACE 55751 --- [    Test worker] o.h.type.descriptor.sql.BasicExtractor   : extracted value ([toimipi20_5_] : [VARCHAR]) - [null]
2020-06-10 18:11:47.389 TRACE 55751 --- [    Test worker] o.h.type.descriptor.sql.BasicExtractor   : extracted value ([tuontip21_5_] : [TIMESTAMP]) - [null]
2020-06-10 18:11:47.389 TRACE 55751 --- [    Test worker] o.h.type.descriptor.sql.BasicExtractor   : extracted value ([varhais31_5_] : [BIGINT]) - [null]
2020-06-10 18:11:47.389 TRACE 55751 --- [    Test worker] o.h.type.descriptor.sql.BasicExtractor   : extracted value ([virasto22_5_] : [VARCHAR]) - [null]
2020-06-10 18:11:47.389 TRACE 55751 --- [    Test worker] o.h.type.descriptor.sql.BasicExtractor   : extracted value ([yhteish23_5_] : [VARCHAR]) - [null]
2020-06-10 18:11:47.389 TRACE 55751 --- [    Test worker] o.h.type.descriptor.sql.BasicExtractor   : extracted value ([yritysm24_5_] : [VARCHAR]) - [oy]
2020-06-10 18:11:47.389 TRACE 55751 --- [    Test worker] o.h.type.descriptor.sql.BasicExtractor   : extracted value ([ytj_kie25_5_] : [VARCHAR]) - [null]
2020-06-10 18:11:47.389 TRACE 55751 --- [    Test worker] o.h.type.descriptor.sql.BasicExtractor   : extracted value ([ytjpaiv26_5_] : [DATE]) - [null]
2020-06-10 18:11:47.389 TRACE 55751 --- [    Test worker] o.h.type.descriptor.sql.BasicExtractor   : extracted value ([ytunnus27_5_] : [VARCHAR]) - [1730639-9]
2020-06-10 18:11:47.389 TRACE 55751 --- [    Test worker] org.hibernate.type.CollectionType        : Created collection wrapper: [fi.vm.sade.organisaatio.model.Organisaatio.childSuhteet#9]
2020-06-10 18:11:47.389 TRACE 55751 --- [    Test worker] org.hibernate.type.CollectionType        : Created collection wrapper: [fi.vm.sade.organisaatio.model.Organisaatio.kayttoryhmat#9]
2020-06-10 18:11:47.389 TRACE 55751 --- [    Test worker] org.hibernate.type.CollectionType        : Created collection wrapper: [fi.vm.sade.organisaatio.model.Organisaatio.kielet#9]
2020-06-10 18:11:47.389 TRACE 55751 --- [    Test worker] org.hibernate.type.CollectionType        : Created collection wrapper: [fi.vm.sade.organisaatio.model.Organisaatio.muutKotipaikatUris#9]
2020-06-10 18:11:47.389 TRACE 55751 --- [    Test worker] org.hibernate.type.CollectionType        : Created collection wrapper: [fi.vm.sade.organisaatio.model.Organisaatio.muutOppilaitosTyyppiUris#9]
2020-06-10 18:11:47.389 TRACE 55751 --- [    Test worker] org.hibernate.type.CollectionType        : Created collection wrapper: [fi.vm.sade.organisaatio.model.Organisaatio.nimet#9]
2020-06-10 18:11:47.390 TRACE 55751 --- [    Test worker] org.hibernate.type.CollectionType        : Created collection wrapper: [fi.vm.sade.organisaatio.model.Organisaatio.organisaatioLisatietotyypit#9]
2020-06-10 18:11:47.390 TRACE 55751 --- [    Test worker] org.hibernate.type.CollectionType        : Created collection wrapper: [fi.vm.sade.organisaatio.model.Organisaatio.parentSuhteet#9]
2020-06-10 18:11:47.390 TRACE 55751 --- [    Test worker] org.hibernate.type.CollectionType        : Created collection wrapper: [fi.vm.sade.organisaatio.model.Organisaatio.ryhmatyypit#9]
2020-06-10 18:11:47.390 TRACE 55751 --- [    Test worker] org.hibernate.type.CollectionType        : Created collection wrapper: [fi.vm.sade.organisaatio.model.Organisaatio.tyypit#9]
2020-06-10 18:11:47.390 TRACE 55751 --- [    Test worker] org.hibernate.type.CollectionType        : Created collection wrapper: [fi.vm.sade.organisaatio.model.Organisaatio.vuosiluokat#9]
2020-06-10 18:11:47.390 TRACE 55751 --- [    Test worker] org.hibernate.type.CollectionType        : Created collection wrapper: [fi.vm.sade.organisaatio.model.Organisaatio.yhteystiedot#9]
2020-06-10 18:11:47.390 TRACE 55751 --- [    Test worker] org.hibernate.type.CollectionType        : Created collection wrapper: [fi.vm.sade.organisaatio.model.Organisaatio.yhteystietoArvos#9]
Hibernate: 
    select
        organisaat0_.id as id1_5_,
        organisaat0_.version as version2_5_,
        organisaat0_.alkupvm as alkupvm3_5_,
        organisaat0_.domainnimi as domainni4_5_,
        organisaat0_.kotipaikka as kotipaik5_5_,
        organisaat0_.kuvaus_mkt as kuvaus_28_5_,
        organisaat0_.lakkautuspvm as lakkautu6_5_,
        organisaat0_.maa as maa7_5_,
        organisaat0_.metadata_id as metadat29_5_,
        organisaat0_.nimi_mkt as nimi_mk30_5_,
        organisaat0_.nimihaku as nimihaku8_5_,
        organisaat0_.oid as oid9_5_,
        organisaat0_.opetuspisteenjarjnro as opetusp10_5_,
        organisaat0_.oppilaitoskoodi as oppilai11_5_,
        organisaat0_.oppilaitos_tyyppi as oppilai12_5_,
        organisaat0_.organisaatio_poistettu as organis13_5_,
        organisaat0_.paivittaja as paivitt14_5_,
        organisaat0_.paivityspvm as paivity15_5_,
        organisaat0_.parentidpath as parenti16_5_,
        organisaat0_.parentoidpath as parento17_5_,
        organisaat0_.piilotettu as piilote18_5_,
        organisaat0_.tarkastus_pvm as tarkast19_5_,
        organisaat0_.toimipistekoodi as toimipi20_5_,
        organisaat0_.tuontipvm as tuontip21_5_,
        organisaat0_.varhaiskasvatuksen_toimipaikka_tiedot_id as varhais31_5_,
        organisaat0_.virastotunnus as virasto22_5_,
        organisaat0_.yhteishaunkoulukoodi as yhteish23_5_,
        organisaat0_.yritysmuoto as yritysm24_5_,
        organisaat0_.ytj_kieli as ytj_kie25_5_,
        organisaat0_.ytjpaivityspvm as ytjpaiv26_5_,
        organisaat0_.ytunnus as ytunnus27_5_ 
    from
        organisaatio organisaat0_ 
    where
        organisaat0_.oid=?
2020-06-10 18:11:47.391 TRACE 55751 --- [    Test worker] o.h.type.descriptor.sql.BasicBinder      : binding parameter [1] as [VARCHAR] - [1.2.2004.4]
2020-06-10 18:11:47.391 TRACE 55751 --- [    Test worker] o.h.type.descriptor.sql.BasicExtractor   : extracted value ([id1_5_] : [BIGINT]) - [5]
Hibernate: 
    select
        parentsuht0_.child_id as child_id7_19_0_,
        parentsuht0_.id as id1_19_0_,
        parentsuht0_.id as id1_19_1_,
        parentsuht0_.version as version2_19_1_,
        parentsuht0_.alkupvm as alkupvm3_19_1_,
        parentsuht0_.child_id as child_id7_19_1_,
        parentsuht0_.loppupvm as loppupvm4_19_1_,
        parentsuht0_.opetuspisteenjarjnro as opetuspi5_19_1_,
        parentsuht0_.parent_id as parent_i8_19_1_,
        parentsuht0_.suhdetyyppi as suhdetyy6_19_1_ 
    from
        organisaatiosuhde parentsuht0_ 
    where
        parentsuht0_.child_id=? 
    order by
        parentsuht0_.alkupvm
2020-06-10 18:11:47.391 TRACE 55751 --- [    Test worker] o.h.type.descriptor.sql.BasicBinder      : binding parameter [1] as [BIGINT] - [5]
2020-06-10 18:11:47.391 TRACE 55751 --- [    Test worker] o.h.type.descriptor.sql.BasicExtractor   : extracted value ([id1_19_1_] : [BIGINT]) - [4]
2020-06-10 18:11:47.391 TRACE 55751 --- [    Test worker] o.h.type.descriptor.sql.BasicExtractor   : extracted value ([version2_19_1_] : [BIGINT]) - [0]
2020-06-10 18:11:47.391 TRACE 55751 --- [    Test worker] o.h.type.descriptor.sql.BasicExtractor   : extracted value ([alkupvm3_19_1_] : [DATE]) - [2014-12-02]
2020-06-10 18:11:47.391 TRACE 55751 --- [    Test worker] o.h.type.descriptor.sql.BasicExtractor   : extracted value ([child_id7_19_1_] : [BIGINT]) - [5]
2020-06-10 18:11:47.391 TRACE 55751 --- [    Test worker] o.h.type.descriptor.sql.BasicExtractor   : extracted value ([loppupvm4_19_1_] : [DATE]) - [null]
2020-06-10 18:11:47.391 TRACE 55751 --- [    Test worker] o.h.type.descriptor.sql.BasicExtractor   : extracted value ([opetuspi5_19_1_] : [VARCHAR]) - [null]
2020-06-10 18:11:47.391 TRACE 55751 --- [    Test worker] o.h.type.descriptor.sql.BasicExtractor   : extracted value ([parent_i8_19_1_] : [BIGINT]) - [4]
2020-06-10 18:11:47.392 TRACE 55751 --- [    Test worker] o.h.type.descriptor.sql.BasicExtractor   : extracted value ([suhdetyy6_19_1_] : [VARCHAR]) - [HISTORIA]
2020-06-10 18:11:47.392 TRACE 55751 --- [    Test worker] o.h.type.descriptor.sql.BasicExtractor   : extracted value ([child_id7_19_0_] : [BIGINT]) - [5]
2020-06-10 18:11:47.392 TRACE 55751 --- [    Test worker] o.h.type.descriptor.sql.BasicExtractor   : extracted value ([id1_19_0_] : [BIGINT]) - [4]
Hibernate: 
    update
        organisaatio 
    set
        version=?,
        alkupvm=?,
        domainnimi=?,
        kotipaikka=?,
        kuvaus_mkt=?,
        lakkautuspvm=?,
        maa=?,
        metadata_id=?,
        nimi_mkt=?,
        nimihaku=?,
        oid=?,
        opetuspisteenjarjnro=?,
        oppilaitoskoodi=?,
        oppilaitos_tyyppi=?,
        organisaatio_poistettu=?,
        paivittaja=?,
        paivityspvm=?,
        parentidpath=?,
        parentoidpath=?,
        piilotettu=?,
        tarkastus_pvm=?,
        toimipistekoodi=?,
        tuontipvm=?,
        varhaiskasvatuksen_toimipaikka_tiedot_id=?,
        virastotunnus=?,
        yhteishaunkoulukoodi=?,
        yritysmuoto=?,
        ytj_kieli=?,
        ytjpaivityspvm=?,
        ytunnus=? 
    where
        id=? 
        and version=?
2020-06-10 18:11:47.393 TRACE 55751 --- [    Test worker] o.h.type.descriptor.sql.BasicBinder      : binding parameter [1] as [BIGINT] - [3]
2020-06-10 18:11:47.393 TRACE 55751 --- [    Test worker] o.h.type.descriptor.sql.BasicBinder      : binding parameter [2] as [DATE] - [1960-02-16]
2020-06-10 18:11:47.393 TRACE 55751 --- [    Test worker] o.h.type.descriptor.sql.BasicBinder      : binding parameter [3] as [VARCHAR] - [null]
2020-06-10 18:11:47.393 TRACE 55751 --- [    Test worker] o.h.type.descriptor.sql.BasicBinder      : binding parameter [4] as [VARCHAR] - [Helsinki]
2020-06-10 18:11:47.393 TRACE 55751 --- [    Test worker] o.h.type.descriptor.sql.BasicBinder      : binding parameter [5] as [BIGINT] - [null]
2020-06-10 18:11:47.393 TRACE 55751 --- [    Test worker] o.h.type.descriptor.sql.BasicBinder      : binding parameter [6] as [DATE] - [null]
2020-06-10 18:11:47.393 TRACE 55751 --- [    Test worker] o.h.type.descriptor.sql.BasicBinder      : binding parameter [7] as [VARCHAR] - [null]
2020-06-10 18:11:47.393 TRACE 55751 --- [    Test worker] o.h.type.descriptor.sql.BasicBinder      : binding parameter [8] as [BIGINT] - [null]
2020-06-10 18:11:47.393 TRACE 55751 --- [    Test worker] o.h.type.descriptor.sql.BasicBinder      : binding parameter [9] as [BIGINT] - [9]
2020-06-10 18:11:47.393 TRACE 55751 --- [    Test worker] o.h.type.descriptor.sql.BasicBinder      : binding parameter [10] as [VARCHAR] - [node231 foo bar]
2020-06-10 18:11:47.393 TRACE 55751 --- [    Test worker] o.h.type.descriptor.sql.BasicBinder      : binding parameter [11] as [VARCHAR] - [1.2.2005.5]
2020-06-10 18:11:47.393 TRACE 55751 --- [    Test worker] o.h.type.descriptor.sql.BasicBinder      : binding parameter [12] as [VARCHAR] - [null]
2020-06-10 18:11:47.393 TRACE 55751 --- [    Test worker] o.h.type.descriptor.sql.BasicBinder      : binding parameter [13] as [VARCHAR] - [null]
2020-06-10 18:11:47.393 TRACE 55751 --- [    Test worker] o.h.type.descriptor.sql.BasicBinder      : binding parameter [14] as [VARCHAR] - [oppilaitostyyppi_42#1]
2020-06-10 18:11:47.393 TRACE 55751 --- [    Test worker] o.h.type.descriptor.sql.BasicBinder      : binding parameter [15] as [BOOLEAN] - [false]
2020-06-10 18:11:47.393 TRACE 55751 --- [    Test worker] o.h.type.descriptor.sql.BasicBinder      : binding parameter [16] as [VARCHAR] - [null]
2020-06-10 18:11:47.393 TRACE 55751 --- [    Test worker] o.h.type.descriptor.sql.BasicBinder      : binding parameter [17] as [TIMESTAMP] - [null]
2020-06-10 18:11:47.393 TRACE 55751 --- [    Test worker] o.h.type.descriptor.sql.BasicBinder      : binding parameter [18] as [VARCHAR] - [|1|7|4|5|]
2020-06-10 18:11:47.393 TRACE 55751 --- [    Test worker] o.h.type.descriptor.sql.BasicBinder      : binding parameter [19] as [VARCHAR] - [|1.2.246.562.24.00000000001|1.2.2004.5|1.2.2004.3|1.2.2004.4|]
2020-06-10 18:11:47.393 TRACE 55751 --- [    Test worker] o.h.type.descriptor.sql.BasicBinder      : binding parameter [20] as [BOOLEAN] - [false]
2020-06-10 18:11:47.393 TRACE 55751 --- [    Test worker] o.h.type.descriptor.sql.BasicBinder      : binding parameter [21] as [TIMESTAMP] - [null]
2020-06-10 18:11:47.393 TRACE 55751 --- [    Test worker] o.h.type.descriptor.sql.BasicBinder      : binding parameter [22] as [VARCHAR] - [null]
2020-06-10 18:11:47.393 TRACE 55751 --- [    Test worker] o.h.type.descriptor.sql.BasicBinder      : binding parameter [23] as [TIMESTAMP] - [null]
2020-06-10 18:11:47.393 TRACE 55751 --- [    Test worker] o.h.type.descriptor.sql.BasicBinder      : binding parameter [24] as [BIGINT] - [null]
2020-06-10 18:11:47.393 TRACE 55751 --- [    Test worker] o.h.type.descriptor.sql.BasicBinder      : binding parameter [25] as [VARCHAR] - [null]
2020-06-10 18:11:47.393 TRACE 55751 --- [    Test worker] o.h.type.descriptor.sql.BasicBinder      : binding parameter [26] as [VARCHAR] - [null]
2020-06-10 18:11:47.393 TRACE 55751 --- [    Test worker] o.h.type.descriptor.sql.BasicBinder      : binding parameter [27] as [VARCHAR] - [oy]
2020-06-10 18:11:47.393 TRACE 55751 --- [    Test worker] o.h.type.descriptor.sql.BasicBinder      : binding parameter [28] as [VARCHAR] - [null]
2020-06-10 18:11:47.394 TRACE 55751 --- [    Test worker] o.h.type.descriptor.sql.BasicBinder      : binding parameter [29] as [DATE] - [null]
2020-06-10 18:11:47.394 TRACE 55751 --- [    Test worker] o.h.type.descriptor.sql.BasicBinder      : binding parameter [30] as [VARCHAR] - [1730639-9]
2020-06-10 18:11:47.394 TRACE 55751 --- [    Test worker] o.h.type.descriptor.sql.BasicBinder      : binding parameter [31] as [BIGINT] - [9]
2020-06-10 18:11:47.394 TRACE 55751 --- [    Test worker] o.h.type.descriptor.sql.BasicBinder      : binding parameter [32] as [BIGINT] - [2]
Hibernate: 
    select
        distinct organisaat0_.id as id1_5_,
        organisaat0_.version as version2_5_,
        organisaat0_.alkupvm as alkupvm3_5_,
        organisaat0_.domainnimi as domainni4_5_,
        organisaat0_.kotipaikka as kotipaik5_5_,
        organisaat0_.kuvaus_mkt as kuvaus_28_5_,
        organisaat0_.lakkautuspvm as lakkautu6_5_,
        organisaat0_.maa as maa7_5_,
        organisaat0_.metadata_id as metadat29_5_,
        organisaat0_.nimi_mkt as nimi_mk30_5_,
        organisaat0_.nimihaku as nimihaku8_5_,
        organisaat0_.oid as oid9_5_,
        organisaat0_.opetuspisteenjarjnro as opetusp10_5_,
        organisaat0_.oppilaitoskoodi as oppilai11_5_,
        organisaat0_.oppilaitos_tyyppi as oppilai12_5_,
        organisaat0_.organisaatio_poistettu as organis13_5_,
        organisaat0_.paivittaja as paivitt14_5_,
        organisaat0_.paivityspvm as paivity15_5_,
        organisaat0_.parentidpath as parenti16_5_,
        organisaat0_.parentoidpath as parento17_5_,
        organisaat0_.piilotettu as piilote18_5_,
        organisaat0_.tarkastus_pvm as tarkast19_5_,
        organisaat0_.toimipistekoodi as toimipi20_5_,
        organisaat0_.tuontipvm as tuontip21_5_,
        organisaat0_.varhaiskasvatuksen_toimipaikka_tiedot_id as varhais31_5_,
        organisaat0_.virastotunnus as virasto22_5_,
        organisaat0_.yhteishaunkoulukoodi as yhteish23_5_,
        organisaat0_.yritysmuoto as yritysm24_5_,
        organisaat0_.ytj_kieli as ytj_kie25_5_,
        organisaat0_.ytjpaivityspvm as ytjpaiv26_5_,
        organisaat0_.ytunnus as ytunnus27_5_ 
    from
        organisaatio organisaat0_ 
    where
        organisaat0_.parentidpath like ? escape '!'
2020-06-10 18:11:47.394 TRACE 55751 --- [    Test worker] o.h.type.descriptor.sql.BasicBinder      : binding parameter [1] as [VARCHAR] - [%|9|]
Hibernate: 
    select
        organisaat0_.id as id1_5_,
        organisaat0_.version as version2_5_,
        organisaat0_.alkupvm as alkupvm3_5_,
        organisaat0_.domainnimi as domainni4_5_,
        organisaat0_.kotipaikka as kotipaik5_5_,
        organisaat0_.kuvaus_mkt as kuvaus_28_5_,
        organisaat0_.lakkautuspvm as lakkautu6_5_,
        organisaat0_.maa as maa7_5_,
        organisaat0_.metadata_id as metadat29_5_,
        organisaat0_.nimi_mkt as nimi_mk30_5_,
        organisaat0_.nimihaku as nimihaku8_5_,
        organisaat0_.oid as oid9_5_,
        organisaat0_.opetuspisteenjarjnro as opetusp10_5_,
        organisaat0_.oppilaitoskoodi as oppilai11_5_,
        organisaat0_.oppilaitos_tyyppi as oppilai12_5_,
        organisaat0_.organisaatio_poistettu as organis13_5_,
        organisaat0_.paivittaja as paivitt14_5_,
        organisaat0_.paivityspvm as paivity15_5_,
        organisaat0_.parentidpath as parenti16_5_,
        organisaat0_.parentoidpath as parento17_5_,
        organisaat0_.piilotettu as piilote18_5_,
        organisaat0_.tarkastus_pvm as tarkast19_5_,
        organisaat0_.toimipistekoodi as toimipi20_5_,
        organisaat0_.tuontipvm as tuontip21_5_,
        organisaat0_.varhaiskasvatuksen_toimipaikka_tiedot_id as varhais31_5_,
        organisaat0_.virastotunnus as virasto22_5_,
        organisaat0_.yhteishaunkoulukoodi as yhteish23_5_,
        organisaat0_.yritysmuoto as yritysm24_5_,
        organisaat0_.ytj_kieli as ytj_kie25_5_,
        organisaat0_.ytjpaivityspvm as ytjpaiv26_5_,
        organisaat0_.ytunnus as ytunnus27_5_ 
    from
        organisaatio organisaat0_ 
    where
        organisaat0_.oid=?
2020-06-10 18:11:47.395 TRACE 55751 --- [    Test worker] o.h.type.descriptor.sql.BasicBinder      : binding parameter [1] as [VARCHAR] - [1.2.2004.4]
2020-06-10 18:11:47.395 TRACE 55751 --- [    Test worker] o.h.type.descriptor.sql.BasicExtractor   : extracted value ([id1_5_] : [BIGINT]) - [5]
Hibernate: 
    select
        organisaat0_.id as id1_5_,
        organisaat0_.version as version2_5_,
        organisaat0_.alkupvm as alkupvm3_5_,
        organisaat0_.domainnimi as domainni4_5_,
        organisaat0_.kotipaikka as kotipaik5_5_,
        organisaat0_.kuvaus_mkt as kuvaus_28_5_,
        organisaat0_.lakkautuspvm as lakkautu6_5_,
        organisaat0_.maa as maa7_5_,
        organisaat0_.metadata_id as metadat29_5_,
        organisaat0_.nimi_mkt as nimi_mk30_5_,
        organisaat0_.nimihaku as nimihaku8_5_,
        organisaat0_.oid as oid9_5_,
        organisaat0_.opetuspisteenjarjnro as opetusp10_5_,
        organisaat0_.oppilaitoskoodi as oppilai11_5_,
        organisaat0_.oppilaitos_tyyppi as oppilai12_5_,
        organisaat0_.organisaatio_poistettu as organis13_5_,
        organisaat0_.paivittaja as paivitt14_5_,
        organisaat0_.paivityspvm as paivity15_5_,
        organisaat0_.parentidpath as parenti16_5_,
        organisaat0_.parentoidpath as parento17_5_,
        organisaat0_.piilotettu as piilote18_5_,
        organisaat0_.tarkastus_pvm as tarkast19_5_,
        organisaat0_.toimipistekoodi as toimipi20_5_,
        organisaat0_.tuontipvm as tuontip21_5_,
        organisaat0_.varhaiskasvatuksen_toimipaikka_tiedot_id as varhais31_5_,
        organisaat0_.virastotunnus as virasto22_5_,
        organisaat0_.yhteishaunkoulukoodi as yhteish23_5_,
        organisaat0_.yritysmuoto as yritysm24_5_,
        organisaat0_.ytj_kieli as ytj_kie25_5_,
        organisaat0_.ytjpaivityspvm as ytjpaiv26_5_,
        organisaat0_.ytunnus as ytunnus27_5_ 
    from
        organisaatio organisaat0_ 
    where
        organisaat0_.oid=?
2020-06-10 18:11:47.396 TRACE 55751 --- [    Test worker] o.h.type.descriptor.sql.BasicBinder      : binding parameter [1] as [VARCHAR] - [1.2.2005.4]
2020-06-10 18:11:47.396 TRACE 55751 --- [    Test worker] o.h.type.descriptor.sql.BasicExtractor   : extracted value ([id1_5_] : [BIGINT]) - [6]
Hibernate: 
    select
        organisaat0_.id as id1_5_,
        organisaat0_.version as version2_5_,
        organisaat0_.alkupvm as alkupvm3_5_,
        organisaat0_.domainnimi as domainni4_5_,
        organisaat0_.kotipaikka as kotipaik5_5_,
        organisaat0_.kuvaus_mkt as kuvaus_28_5_,
        organisaat0_.lakkautuspvm as lakkautu6_5_,
        organisaat0_.maa as maa7_5_,
        organisaat0_.metadata_id as metadat29_5_,
        organisaat0_.nimi_mkt as nimi_mk30_5_,
        organisaat0_.nimihaku as nimihaku8_5_,
        organisaat0_.oid as oid9_5_,
        organisaat0_.opetuspisteenjarjnro as opetusp10_5_,
        organisaat0_.oppilaitoskoodi as oppilai11_5_,
        organisaat0_.oppilaitos_tyyppi as oppilai12_5_,
        organisaat0_.organisaatio_poistettu as organis13_5_,
        organisaat0_.paivittaja as paivitt14_5_,
        organisaat0_.paivityspvm as paivity15_5_,
        organisaat0_.parentidpath as parenti16_5_,
        organisaat0_.parentoidpath as parento17_5_,
        organisaat0_.piilotettu as piilote18_5_,
        organisaat0_.tarkastus_pvm as tarkast19_5_,
        organisaat0_.toimipistekoodi as toimipi20_5_,
        organisaat0_.tuontipvm as tuontip21_5_,
        organisaat0_.varhaiskasvatuksen_toimipaikka_tiedot_id as varhais31_5_,
        organisaat0_.virastotunnus as virasto22_5_,
        organisaat0_.yhteishaunkoulukoodi as yhteish23_5_,
        organisaat0_.yritysmuoto as yritysm24_5_,
        organisaat0_.ytj_kieli as ytj_kie25_5_,
        organisaat0_.ytjpaivityspvm as ytjpaiv26_5_,
        organisaat0_.ytunnus as ytunnus27_5_ 
    from
        organisaatio organisaat0_ 
    where
        organisaat0_.oid=?
2020-06-10 18:11:47.397 TRACE 55751 --- [    Test worker] o.h.type.descriptor.sql.BasicBinder      : binding parameter [1] as [VARCHAR] - [1.2.2005.5]
2020-06-10 18:11:47.397 TRACE 55751 --- [    Test worker] o.h.type.descriptor.sql.BasicExtractor   : extracted value ([id1_5_] : [BIGINT]) - [9]
Hibernate: 
    select
        organisaat0_.id as id1_5_,
        organisaat0_.version as version2_5_,
        organisaat0_.alkupvm as alkupvm3_5_,
        organisaat0_.domainnimi as domainni4_5_,
        organisaat0_.kotipaikka as kotipaik5_5_,
        organisaat0_.kuvaus_mkt as kuvaus_28_5_,
        organisaat0_.lakkautuspvm as lakkautu6_5_,
        organisaat0_.maa as maa7_5_,
        organisaat0_.metadata_id as metadat29_5_,
        organisaat0_.nimi_mkt as nimi_mk30_5_,
        organisaat0_.nimihaku as nimihaku8_5_,
        organisaat0_.oid as oid9_5_,
        organisaat0_.opetuspisteenjarjnro as opetusp10_5_,
        organisaat0_.oppilaitoskoodi as oppilai11_5_,
        organisaat0_.oppilaitos_tyyppi as oppilai12_5_,
        organisaat0_.organisaatio_poistettu as organis13_5_,
        organisaat0_.paivittaja as paivitt14_5_,
        organisaat0_.paivityspvm as paivity15_5_,
        organisaat0_.parentidpath as parenti16_5_,
        organisaat0_.parentoidpath as parento17_5_,
        organisaat0_.piilotettu as piilote18_5_,
        organisaat0_.tarkastus_pvm as tarkast19_5_,
        organisaat0_.toimipistekoodi as toimipi20_5_,
        organisaat0_.tuontipvm as tuontip21_5_,
        organisaat0_.varhaiskasvatuksen_toimipaikka_tiedot_id as varhais31_5_,
        organisaat0_.virastotunnus as virasto22_5_,
        organisaat0_.yhteishaunkoulukoodi as yhteish23_5_,
        organisaat0_.yritysmuoto as yritysm24_5_,
        organisaat0_.ytj_kieli as ytj_kie25_5_,
        organisaat0_.ytjpaivityspvm as ytjpaiv26_5_,
        organisaat0_.ytunnus as ytunnus27_5_ 
    from
        organisaatio organisaat0_ 
    where
        organisaat0_.oid=?
2020-06-10 18:11:47.398 TRACE 55751 --- [    Test worker] o.h.type.descriptor.sql.BasicBinder      : binding parameter [1] as [VARCHAR] - [1.2.2004.4]
2020-06-10 18:11:47.398 TRACE 55751 --- [    Test worker] o.h.type.descriptor.sql.BasicExtractor   : extracted value ([id1_5_] : [BIGINT]) - [5]
Hibernate: 
    select
        organisaat0_.id as id1_5_,
        organisaat0_.version as version2_5_,
        organisaat0_.alkupvm as alkupvm3_5_,
        organisaat0_.domainnimi as domainni4_5_,
        organisaat0_.kotipaikka as kotipaik5_5_,
        organisaat0_.kuvaus_mkt as kuvaus_28_5_,
        organisaat0_.lakkautuspvm as lakkautu6_5_,
        organisaat0_.maa as maa7_5_,
        organisaat0_.metadata_id as metadat29_5_,
        organisaat0_.nimi_mkt as nimi_mk30_5_,
        organisaat0_.nimihaku as nimihaku8_5_,
        organisaat0_.oid as oid9_5_,
        organisaat0_.opetuspisteenjarjnro as opetusp10_5_,
        organisaat0_.oppilaitoskoodi as oppilai11_5_,
        organisaat0_.oppilaitos_tyyppi as oppilai12_5_,
        organisaat0_.organisaatio_poistettu as organis13_5_,
        organisaat0_.paivittaja as paivitt14_5_,
        organisaat0_.paivityspvm as paivity15_5_,
        organisaat0_.parentidpath as parenti16_5_,
        organisaat0_.parentoidpath as parento17_5_,
        organisaat0_.piilotettu as piilote18_5_,
        organisaat0_.tarkastus_pvm as tarkast19_5_,
        organisaat0_.toimipistekoodi as toimipi20_5_,
        organisaat0_.tuontipvm as tuontip21_5_,
        organisaat0_.varhaiskasvatuksen_toimipaikka_tiedot_id as varhais31_5_,
        organisaat0_.virastotunnus as virasto22_5_,
        organisaat0_.yhteishaunkoulukoodi as yhteish23_5_,
        organisaat0_.yritysmuoto as yritysm24_5_,
        organisaat0_.ytj_kieli as ytj_kie25_5_,
        organisaat0_.ytjpaivityspvm as ytjpaiv26_5_,
        organisaat0_.ytunnus as ytunnus27_5_ 
    from
        organisaatio organisaat0_ 
    where
        organisaat0_.oid=?
2020-06-10 18:11:47.399 TRACE 55751 --- [    Test worker] o.h.type.descriptor.sql.BasicBinder      : binding parameter [1] as [VARCHAR] - [1.2.2004.3]
2020-06-10 18:11:47.399 TRACE 55751 --- [    Test worker] o.h.type.descriptor.sql.BasicExtractor   : extracted value ([id1_5_] : [BIGINT]) - [4]
Hibernate: 
    select
        organisaat0_.id as id1_5_,
        organisaat0_.version as version2_5_,
        organisaat0_.alkupvm as alkupvm3_5_,
        organisaat0_.domainnimi as domainni4_5_,
        organisaat0_.kotipaikka as kotipaik5_5_,
        organisaat0_.kuvaus_mkt as kuvaus_28_5_,
        organisaat0_.lakkautuspvm as lakkautu6_5_,
        organisaat0_.maa as maa7_5_,
        organisaat0_.metadata_id as metadat29_5_,
        organisaat0_.nimi_mkt as nimi_mk30_5_,
        organisaat0_.nimihaku as nimihaku8_5_,
        organisaat0_.oid as oid9_5_,
        organisaat0_.opetuspisteenjarjnro as opetusp10_5_,
        organisaat0_.oppilaitoskoodi as oppilai11_5_,
        organisaat0_.oppilaitos_tyyppi as oppilai12_5_,
        organisaat0_.organisaatio_poistettu as organis13_5_,
        organisaat0_.paivittaja as paivitt14_5_,
        organisaat0_.paivityspvm as paivity15_5_,
        organisaat0_.parentidpath as parenti16_5_,
        organisaat0_.parentoidpath as parento17_5_,
        organisaat0_.piilotettu as piilote18_5_,
        organisaat0_.tarkastus_pvm as tarkast19_5_,
        organisaat0_.toimipistekoodi as toimipi20_5_,
        organisaat0_.tuontipvm as tuontip21_5_,
        organisaat0_.varhaiskasvatuksen_toimipaikka_tiedot_id as varhais31_5_,
        organisaat0_.virastotunnus as virasto22_5_,
        organisaat0_.yhteishaunkoulukoodi as yhteish23_5_,
        organisaat0_.yritysmuoto as yritysm24_5_,
        organisaat0_.ytj_kieli as ytj_kie25_5_,
        organisaat0_.ytjpaivityspvm as ytjpaiv26_5_,
        organisaat0_.ytunnus as ytunnus27_5_ 
    from
        organisaatio organisaat0_ 
    where
        organisaat0_.oid=?
2020-06-10 18:11:47.400 TRACE 55751 --- [    Test worker] o.h.type.descriptor.sql.BasicBinder      : binding parameter [1] as [VARCHAR] - [1.2.2005.4]
2020-06-10 18:11:47.400 TRACE 55751 --- [    Test worker] o.h.type.descriptor.sql.BasicExtractor   : extracted value ([id1_5_] : [BIGINT]) - [6]
Hibernate: 
    select
        organisaat0_.id as id1_5_,
        organisaat0_.version as version2_5_,
        organisaat0_.alkupvm as alkupvm3_5_,
        organisaat0_.domainnimi as domainni4_5_,
        organisaat0_.kotipaikka as kotipaik5_5_,
        organisaat0_.kuvaus_mkt as kuvaus_28_5_,
        organisaat0_.lakkautuspvm as lakkautu6_5_,
        organisaat0_.maa as maa7_5_,
        organisaat0_.metadata_id as metadat29_5_,
        organisaat0_.nimi_mkt as nimi_mk30_5_,
        organisaat0_.nimihaku as nimihaku8_5_,
        organisaat0_.oid as oid9_5_,
        organisaat0_.opetuspisteenjarjnro as opetusp10_5_,
        organisaat0_.oppilaitoskoodi as oppilai11_5_,
        organisaat0_.oppilaitos_tyyppi as oppilai12_5_,
        organisaat0_.organisaatio_poistettu as organis13_5_,
        organisaat0_.paivittaja as paivitt14_5_,
        organisaat0_.paivityspvm as paivity15_5_,
        organisaat0_.parentidpath as parenti16_5_,
        organisaat0_.parentoidpath as parento17_5_,
        organisaat0_.piilotettu as piilote18_5_,
        organisaat0_.tarkastus_pvm as tarkast19_5_,
        organisaat0_.toimipistekoodi as toimipi20_5_,
        organisaat0_.tuontipvm as tuontip21_5_,
        organisaat0_.varhaiskasvatuksen_toimipaikka_tiedot_id as varhais31_5_,
        organisaat0_.virastotunnus as virasto22_5_,
        organisaat0_.yhteishaunkoulukoodi as yhteish23_5_,
        organisaat0_.yritysmuoto as yritysm24_5_,
        organisaat0_.ytj_kieli as ytj_kie25_5_,
        organisaat0_.ytjpaivityspvm as ytjpaiv26_5_,
        organisaat0_.ytunnus as ytunnus27_5_ 
    from
        organisaatio organisaat0_ 
    where
        organisaat0_.oid=?
2020-06-10 18:11:47.401 TRACE 55751 --- [    Test worker] o.h.type.descriptor.sql.BasicBinder      : binding parameter [1] as [VARCHAR] - [1.2.2004.3]
2020-06-10 18:11:47.401 TRACE 55751 --- [    Test worker] o.h.type.descriptor.sql.BasicExtractor   : extracted value ([id1_5_] : [BIGINT]) - [4]
Hibernate: 
    select
        organisaat0_.id as id1_5_,
        organisaat0_.version as version2_5_,
        organisaat0_.alkupvm as alkupvm3_5_,
        organisaat0_.domainnimi as domainni4_5_,
        organisaat0_.kotipaikka as kotipaik5_5_,
        organisaat0_.kuvaus_mkt as kuvaus_28_5_,
        organisaat0_.lakkautuspvm as lakkautu6_5_,
        organisaat0_.maa as maa7_5_,
        organisaat0_.metadata_id as metadat29_5_,
        organisaat0_.nimi_mkt as nimi_mk30_5_,
        organisaat0_.nimihaku as nimihaku8_5_,
        organisaat0_.oid as oid9_5_,
        organisaat0_.opetuspisteenjarjnro as opetusp10_5_,
        organisaat0_.oppilaitoskoodi as oppilai11_5_,
        organisaat0_.oppilaitos_tyyppi as oppilai12_5_,
        organisaat0_.organisaatio_poistettu as organis13_5_,
        organisaat0_.paivittaja as paivitt14_5_,
        organisaat0_.paivityspvm as paivity15_5_,
        organisaat0_.parentidpath as parenti16_5_,
        organisaat0_.parentoidpath as parento17_5_,
        organisaat0_.piilotettu as piilote18_5_,
        organisaat0_.tarkastus_pvm as tarkast19_5_,
        organisaat0_.toimipistekoodi as toimipi20_5_,
        organisaat0_.tuontipvm as tuontip21_5_,
        organisaat0_.varhaiskasvatuksen_toimipaikka_tiedot_id as varhais31_5_,
        organisaat0_.virastotunnus as virasto22_5_,
        organisaat0_.yhteishaunkoulukoodi as yhteish23_5_,
        organisaat0_.yritysmuoto as yritysm24_5_,
        organisaat0_.ytj_kieli as ytj_kie25_5_,
        organisaat0_.ytjpaivityspvm as ytjpaiv26_5_,
        organisaat0_.ytunnus as ytunnus27_5_ 
    from
        organisaatio organisaat0_ 
    where
        organisaat0_.oid=?
2020-06-10 18:11:47.401 TRACE 55751 --- [    Test worker] o.h.type.descriptor.sql.BasicBinder      : binding parameter [1] as [VARCHAR] - [1.2.2005.5]
2020-06-10 18:11:47.401 TRACE 55751 --- [    Test worker] o.h.type.descriptor.sql.BasicExtractor   : extracted value ([id1_5_] : [BIGINT]) - [9]
Hibernate: 
    select
        organisaat0_.id as id1_5_,
        organisaat0_.version as version2_5_,
        organisaat0_.alkupvm as alkupvm3_5_,
        organisaat0_.domainnimi as domainni4_5_,
        organisaat0_.kotipaikka as kotipaik5_5_,
        organisaat0_.kuvaus_mkt as kuvaus_28_5_,
        organisaat0_.lakkautuspvm as lakkautu6_5_,
        organisaat0_.maa as maa7_5_,
        organisaat0_.metadata_id as metadat29_5_,
        organisaat0_.nimi_mkt as nimi_mk30_5_,
        organisaat0_.nimihaku as nimihaku8_5_,
        organisaat0_.oid as oid9_5_,
        organisaat0_.opetuspisteenjarjnro as opetusp10_5_,
        organisaat0_.oppilaitoskoodi as oppilai11_5_,
        organisaat0_.oppilaitos_tyyppi as oppilai12_5_,
        organisaat0_.organisaatio_poistettu as organis13_5_,
        organisaat0_.paivittaja as paivitt14_5_,
        organisaat0_.paivityspvm as paivity15_5_,
        organisaat0_.parentidpath as parenti16_5_,
        organisaat0_.parentoidpath as parento17_5_,
        organisaat0_.piilotettu as piilote18_5_,
        organisaat0_.tarkastus_pvm as tarkast19_5_,
        organisaat0_.toimipistekoodi as toimipi20_5_,
        organisaat0_.tuontipvm as tuontip21_5_,
        organisaat0_.varhaiskasvatuksen_toimipaikka_tiedot_id as varhais31_5_,
        organisaat0_.virastotunnus as virasto22_5_,
        organisaat0_.yhteishaunkoulukoodi as yhteish23_5_,
        organisaat0_.yritysmuoto as yritysm24_5_,
        organisaat0_.ytj_kieli as ytj_kie25_5_,
        organisaat0_.ytjpaivityspvm as ytjpaiv26_5_,
        organisaat0_.ytunnus as ytunnus27_5_ 
    from
        organisaatio organisaat0_ 
    where
        organisaat0_.oid=?
2020-06-10 18:11:47.402 TRACE 55751 --- [    Test worker] o.h.type.descriptor.sql.BasicBinder      : binding parameter [1] as [VARCHAR] - [1.2.2004.4]
2020-06-10 18:11:47.402 TRACE 55751 --- [    Test worker] o.h.type.descriptor.sql.BasicExtractor   : extracted value ([id1_5_] : [BIGINT]) - [5]
Hibernate: 
    select
        organisaat0_.id as id1_5_,
        organisaat0_.version as version2_5_,
        organisaat0_.alkupvm as alkupvm3_5_,
        organisaat0_.domainnimi as domainni4_5_,
        organisaat0_.kotipaikka as kotipaik5_5_,
        organisaat0_.kuvaus_mkt as kuvaus_28_5_,
        organisaat0_.lakkautuspvm as lakkautu6_5_,
        organisaat0_.maa as maa7_5_,
        organisaat0_.metadata_id as metadat29_5_,
        organisaat0_.nimi_mkt as nimi_mk30_5_,
        organisaat0_.nimihaku as nimihaku8_5_,
        organisaat0_.oid as oid9_5_,
        organisaat0_.opetuspisteenjarjnro as opetusp10_5_,
        organisaat0_.oppilaitoskoodi as oppilai11_5_,
        organisaat0_.oppilaitos_tyyppi as oppilai12_5_,
        organisaat0_.organisaatio_poistettu as organis13_5_,
        organisaat0_.paivittaja as paivitt14_5_,
        organisaat0_.paivityspvm as paivity15_5_,
        organisaat0_.parentidpath as parenti16_5_,
        organisaat0_.parentoidpath as parento17_5_,
        organisaat0_.piilotettu as piilote18_5_,
        organisaat0_.tarkastus_pvm as tarkast19_5_,
        organisaat0_.toimipistekoodi as toimipi20_5_,
        organisaat0_.tuontipvm as tuontip21_5_,
        organisaat0_.varhaiskasvatuksen_toimipaikka_tiedot_id as varhais31_5_,
        organisaat0_.virastotunnus as virasto22_5_,
        organisaat0_.yhteishaunkoulukoodi as yhteish23_5_,
        organisaat0_.yritysmuoto as yritysm24_5_,
        organisaat0_.ytj_kieli as ytj_kie25_5_,
        organisaat0_.ytjpaivityspvm as ytjpaiv26_5_,
        organisaat0_.ytunnus as ytunnus27_5_ 
    from
        organisaatio organisaat0_ 
    where
        organisaat0_.oid=?
2020-06-10 18:11:47.402 TRACE 55751 --- [    Test worker] o.h.type.descriptor.sql.BasicBinder      : binding parameter [1] as [VARCHAR] - [1.2.2005.5]
2020-06-10 18:11:47.403 TRACE 55751 --- [    Test worker] o.h.type.descriptor.sql.BasicExtractor   : extracted value ([id1_5_] : [BIGINT]) - [9]
2020-06-10 18:11:47.404  INFO 55751 --- [    Test worker] o.s.t.c.transaction.TransactionContext   : Rolled back transaction for test: [DefaultTestContext@633e0b9b testClass = OrganisaatioBusinessServiceImplTest, testInstance = fi.vm.sade.organisaatio.business.impl.OrganisaatioBusinessServiceImplTest@7120e3d1, testMethod = processOrganisaatiosuhdeChangesOneNewChange@OrganisaatioBusinessServiceImplTest, testException = [null], mergedContextConfiguration = [WebMergedContextConfiguration@142403d testClass = OrganisaatioBusinessServiceImplTest, locations = '{}', classes = '{class fi.vm.sade.organisaatio.OrganisaatioApplication, class fi.vm.sade.organisaatio.business.impl.OrganisaatioBusinessServiceImplTest$OrganisaatioBusinessServiceImplTestContextConfiguration}', contextInitializerClasses = '[]', activeProfiles = '{}', propertySourceLocations = '{}', propertySourceProperties = '{org.springframework.boot.test.context.SpringBootTestContextBootstrapper=true}', contextCustomizers = set[org.springframework.boot.test.autoconfigure.properties.PropertyMappingContextCustomizer@a273518a, org.springframework.boot.test.autoconfigure.web.servlet.WebDriverContextCustomizerFactory$Customizer@25a95d7a, [ImportsContextCustomizer@1758189f key = [org.springframework.boot.test.autoconfigure.jdbc.TestDatabaseAutoConfiguration, org.springframework.boot.autoconfigure.jdbc.DataSourceAutoConfiguration]], org.springframework.boot.test.context.filter.ExcludeFilterContextCustomizer@33d60c3d, org.springframework.boot.test.json.DuplicateJsonObjectContextCustomizerFactory$DuplicateJsonObjectContextCustomizer@6943770e, org.springframework.boot.test.mock.mockito.MockitoContextCustomizer@0, org.springframework.boot.test.web.client.TestRestTemplateContextCustomizer@536042e6, org.springframework.boot.test.context.SpringBootTestArgs@1], resourceBasePath = 'src/main/webapp', contextLoader = 'org.springframework.boot.test.context.SpringBootContextLoader', parent = [null]], attributes = map['org.springframework.test.context.web.ServletTestExecutionListener.activateListener' -> true, 'org.springframework.test.context.web.ServletTestExecutionListener.populatedRequestContextHolder' -> true, 'org.springframework.test.context.web.ServletTestExecutionListener.resetRequestContextHolder' -> true]]
2020-06-10 18:11:47.406  INFO 55751 --- [    Test worker] o.s.t.c.transaction.TransactionContext   : Began transaction (1) for test context [DefaultTestContext@633e0b9b testClass = OrganisaatioBusinessServiceImplTest, testInstance = fi.vm.sade.organisaatio.business.impl.OrganisaatioBusinessServiceImplTest@7ac80a0c, testMethod = processOrganisaatioSuhdeChangesNoNewChanges@OrganisaatioBusinessServiceImplTest, testException = [null], mergedContextConfiguration = [WebMergedContextConfiguration@142403d testClass = OrganisaatioBusinessServiceImplTest, locations = '{}', classes = '{class fi.vm.sade.organisaatio.OrganisaatioApplication, class fi.vm.sade.organisaatio.business.impl.OrganisaatioBusinessServiceImplTest$OrganisaatioBusinessServiceImplTestContextConfiguration}', contextInitializerClasses = '[]', activeProfiles = '{}', propertySourceLocations = '{}', propertySourceProperties = '{org.springframework.boot.test.context.SpringBootTestContextBootstrapper=true}', contextCustomizers = set[org.springframework.boot.test.autoconfigure.properties.PropertyMappingContextCustomizer@a273518a, org.springframework.boot.test.autoconfigure.web.servlet.WebDriverContextCustomizerFactory$Customizer@25a95d7a, [ImportsContextCustomizer@1758189f key = [org.springframework.boot.test.autoconfigure.jdbc.TestDatabaseAutoConfiguration, org.springframework.boot.autoconfigure.jdbc.DataSourceAutoConfiguration]], org.springframework.boot.test.context.filter.ExcludeFilterContextCustomizer@33d60c3d, org.springframework.boot.test.json.DuplicateJsonObjectContextCustomizerFactory$DuplicateJsonObjectContextCustomizer@6943770e, org.springframework.boot.test.mock.mockito.MockitoContextCustomizer@0, org.springframework.boot.test.web.client.TestRestTemplateContextCustomizer@536042e6, org.springframework.boot.test.context.SpringBootTestArgs@1], resourceBasePath = 'src/main/webapp', contextLoader = 'org.springframework.boot.test.context.SpringBootContextLoader', parent = [null]], attributes = map['org.springframework.test.context.web.ServletTestExecutionListener.activateListener' -> true, 'org.springframework.test.context.web.ServletTestExecutionListener.populatedRequestContextHolder' -> true, 'org.springframework.test.context.web.ServletTestExecutionListener.resetRequestContextHolder' -> true]]; transaction manager [org.springframework.orm.jpa.JpaTransactionManager@441d876b]; rollback [true]
Hibernate: 
    select
        organisaat0_.id as id1_19_,
        organisaat0_.version as version2_19_,
        organisaat0_.alkupvm as alkupvm3_19_,
        organisaat0_.child_id as child_id7_19_,
        organisaat0_.loppupvm as loppupvm4_19_,
        organisaat0_.opetuspisteenjarjnro as opetuspi5_19_,
        organisaat0_.parent_id as parent_i8_19_,
        organisaat0_.suhdetyyppi as suhdetyy6_19_ 
    from
        organisaatiosuhde organisaat0_ 
    where
        organisaat0_.alkupvm=? 
    order by
        organisaat0_.alkupvm asc
2020-06-10 18:11:47.410 TRACE 55751 --- [    Test worker] o.h.type.descriptor.sql.BasicBinder      : binding parameter [1] as [DATE] - [Wed Jun 10 18:11:47 EEST 2020]
2020-06-10 18:11:47.411  INFO 55751 --- [    Test worker] o.s.t.c.transaction.TransactionContext   : Rolled back transaction for test: [DefaultTestContext@633e0b9b testClass = OrganisaatioBusinessServiceImplTest, testInstance = fi.vm.sade.organisaatio.business.impl.OrganisaatioBusinessServiceImplTest@7ac80a0c, testMethod = processOrganisaatioSuhdeChangesNoNewChanges@OrganisaatioBusinessServiceImplTest, testException = [null], mergedContextConfiguration = [WebMergedContextConfiguration@142403d testClass = OrganisaatioBusinessServiceImplTest, locations = '{}', classes = '{class fi.vm.sade.organisaatio.OrganisaatioApplication, class fi.vm.sade.organisaatio.business.impl.OrganisaatioBusinessServiceImplTest$OrganisaatioBusinessServiceImplTestContextConfiguration}', contextInitializerClasses = '[]', activeProfiles = '{}', propertySourceLocations = '{}', propertySourceProperties = '{org.springframework.boot.test.context.SpringBootTestContextBootstrapper=true}', contextCustomizers = set[org.springframework.boot.test.autoconfigure.properties.PropertyMappingContextCustomizer@a273518a, org.springframework.boot.test.autoconfigure.web.servlet.WebDriverContextCustomizerFactory$Customizer@25a95d7a, [ImportsContextCustomizer@1758189f key = [org.springframework.boot.test.autoconfigure.jdbc.TestDatabaseAutoConfiguration, org.springframework.boot.autoconfigure.jdbc.DataSourceAutoConfiguration]], org.springframework.boot.test.context.filter.ExcludeFilterContextCustomizer@33d60c3d, org.springframework.boot.test.json.DuplicateJsonObjectContextCustomizerFactory$DuplicateJsonObjectContextCustomizer@6943770e, org.springframework.boot.test.mock.mockito.MockitoContextCustomizer@0, org.springframework.boot.test.web.client.TestRestTemplateContextCustomizer@536042e6, org.springframework.boot.test.context.SpringBootTestArgs@1], resourceBasePath = 'src/main/webapp', contextLoader = 'org.springframework.boot.test.context.SpringBootContextLoader', parent = [null]], attributes = map['org.springframework.test.context.web.ServletTestExecutionListener.activateListener' -> true, 'org.springframework.test.context.web.ServletTestExecutionListener.populatedRequestContextHolder' -> true, 'org.springframework.test.context.web.ServletTestExecutionListener.resetRequestContextHolder' -> true]]
2020-06-10 18:11:47.413  INFO 55751 --- [    Test worker] o.s.t.c.transaction.TransactionContext   : Began transaction (1) for test context [DefaultTestContext@633e0b9b testClass = OrganisaatioBusinessServiceImplTest, testInstance = fi.vm.sade.organisaatio.business.impl.OrganisaatioBusinessServiceImplTest@1857b13d, testMethod = updateCurrentOrganisaatioNimet@OrganisaatioBusinessServiceImplTest, testException = [null], mergedContextConfiguration = [WebMergedContextConfiguration@142403d testClass = OrganisaatioBusinessServiceImplTest, locations = '{}', classes = '{class fi.vm.sade.organisaatio.OrganisaatioApplication, class fi.vm.sade.organisaatio.business.impl.OrganisaatioBusinessServiceImplTest$OrganisaatioBusinessServiceImplTestContextConfiguration}', contextInitializerClasses = '[]', activeProfiles = '{}', propertySourceLocations = '{}', propertySourceProperties = '{org.springframework.boot.test.context.SpringBootTestContextBootstrapper=true}', contextCustomizers = set[org.springframework.boot.test.autoconfigure.properties.PropertyMappingContextCustomizer@a273518a, org.springframework.boot.test.autoconfigure.web.servlet.WebDriverContextCustomizerFactory$Customizer@25a95d7a, [ImportsContextCustomizer@1758189f key = [org.springframework.boot.test.autoconfigure.jdbc.TestDatabaseAutoConfiguration, org.springframework.boot.autoconfigure.jdbc.DataSourceAutoConfiguration]], org.springframework.boot.test.context.filter.ExcludeFilterContextCustomizer@33d60c3d, org.springframework.boot.test.json.DuplicateJsonObjectContextCustomizerFactory$DuplicateJsonObjectContextCustomizer@6943770e, org.springframework.boot.test.mock.mockito.MockitoContextCustomizer@0, org.springframework.boot.test.web.client.TestRestTemplateContextCustomizer@536042e6, org.springframework.boot.test.context.SpringBootTestArgs@1], resourceBasePath = 'src/main/webapp', contextLoader = 'org.springframework.boot.test.context.SpringBootContextLoader', parent = [null]], attributes = map['org.springframework.test.context.web.ServletTestExecutionListener.activateListener' -> true, 'org.springframework.test.context.web.ServletTestExecutionListener.populatedRequestContextHolder' -> true, 'org.springframework.test.context.web.ServletTestExecutionListener.resetRequestContextHolder' -> true]]; transaction manager [org.springframework.orm.jpa.JpaTransactionManager@441d876b]; rollback [true]
Hibernate: 
    select
        organisaat0_.id as id1_5_,
        organisaat0_.version as version2_5_,
        organisaat0_.alkupvm as alkupvm3_5_,
        organisaat0_.domainnimi as domainni4_5_,
        organisaat0_.kotipaikka as kotipaik5_5_,
        organisaat0_.kuvaus_mkt as kuvaus_28_5_,
        organisaat0_.lakkautuspvm as lakkautu6_5_,
        organisaat0_.maa as maa7_5_,
        organisaat0_.metadata_id as metadat29_5_,
        organisaat0_.nimi_mkt as nimi_mk30_5_,
        organisaat0_.nimihaku as nimihaku8_5_,
        organisaat0_.oid as oid9_5_,
        organisaat0_.opetuspisteenjarjnro as opetusp10_5_,
        organisaat0_.oppilaitoskoodi as oppilai11_5_,
        organisaat0_.oppilaitos_tyyppi as oppilai12_5_,
        organisaat0_.organisaatio_poistettu as organis13_5_,
        organisaat0_.paivittaja as paivitt14_5_,
        organisaat0_.paivityspvm as paivity15_5_,
        organisaat0_.parentidpath as parenti16_5_,
        organisaat0_.parentoidpath as parento17_5_,
        organisaat0_.piilotettu as piilote18_5_,
        organisaat0_.tarkastus_pvm as tarkast19_5_,
        organisaat0_.toimipistekoodi as toimipi20_5_,
        organisaat0_.tuontipvm as tuontip21_5_,
        organisaat0_.varhaiskasvatuksen_toimipaikka_tiedot_id as varhais31_5_,
        organisaat0_.virastotunnus as virasto22_5_,
        organisaat0_.yhteishaunkoulukoodi as yhteish23_5_,
        organisaat0_.yritysmuoto as yritysm24_5_,
        organisaat0_.ytj_kieli as ytj_kie25_5_,
        organisaat0_.ytjpaivityspvm as ytjpaiv26_5_,
        organisaat0_.ytunnus as ytunnus27_5_ 
    from
        organisaatio organisaat0_ 
    where
        organisaat0_.oid=?
2020-06-10 18:11:47.418 TRACE 55751 --- [    Test worker] o.h.type.descriptor.sql.BasicBinder      : binding parameter [1] as [VARCHAR] - [1.2.246.562.10.71205503043]
2020-06-10 18:11:47.662  WARN 55751 --- [    Test worker] fi.vm.sade.javautils.http.OphHttpClient  : Failed to CAS authenticate. Renewing proxy ticket.
Hibernate: 
    select
        organisaat0_.id as id1_5_,
        organisaat0_.version as version2_5_,
        organisaat0_.alkupvm as alkupvm3_5_,
        organisaat0_.domainnimi as domainni4_5_,
        organisaat0_.kotipaikka as kotipaik5_5_,
        organisaat0_.kuvaus_mkt as kuvaus_28_5_,
        organisaat0_.lakkautuspvm as lakkautu6_5_,
        organisaat0_.maa as maa7_5_,
        organisaat0_.metadata_id as metadat29_5_,
        organisaat0_.nimi_mkt as nimi_mk30_5_,
        organisaat0_.nimihaku as nimihaku8_5_,
        organisaat0_.oid as oid9_5_,
        organisaat0_.opetuspisteenjarjnro as opetusp10_5_,
        organisaat0_.oppilaitoskoodi as oppilai11_5_,
        organisaat0_.oppilaitos_tyyppi as oppilai12_5_,
        organisaat0_.organisaatio_poistettu as organis13_5_,
        organisaat0_.paivittaja as paivitt14_5_,
        organisaat0_.paivityspvm as paivity15_5_,
        organisaat0_.parentidpath as parenti16_5_,
        organisaat0_.parentoidpath as parento17_5_,
        organisaat0_.piilotettu as piilote18_5_,
        organisaat0_.tarkastus_pvm as tarkast19_5_,
        organisaat0_.toimipistekoodi as toimipi20_5_,
        organisaat0_.tuontipvm as tuontip21_5_,
        organisaat0_.varhaiskasvatuksen_toimipaikka_tiedot_id as varhais31_5_,
        organisaat0_.virastotunnus as virasto22_5_,
        organisaat0_.yhteishaunkoulukoodi as yhteish23_5_,
        organisaat0_.yritysmuoto as yritysm24_5_,
        organisaat0_.ytj_kieli as ytj_kie25_5_,
        organisaat0_.ytjpaivityspvm as ytjpaiv26_5_,
        organisaat0_.ytunnus as ytunnus27_5_ 
    from
        organisaatio organisaat0_ 
    where
        organisaat0_.oid=?
2020-06-10 18:11:47.774 TRACE 55751 --- [    Test worker] o.h.type.descriptor.sql.BasicBinder      : binding parameter [1] as [VARCHAR] - [1.2.246.562.24.00000000001]
2020-06-10 18:11:47.774 TRACE 55751 --- [    Test worker] o.h.type.descriptor.sql.BasicExtractor   : extracted value ([id1_5_] : [BIGINT]) - [1]
2020-06-10 18:11:47.774 TRACE 55751 --- [    Test worker] o.h.type.descriptor.sql.BasicExtractor   : extracted value ([version2_5_] : [BIGINT]) - [0]
2020-06-10 18:11:47.774 TRACE 55751 --- [    Test worker] o.h.type.descriptor.sql.BasicExtractor   : extracted value ([alkupvm3_5_] : [DATE]) - [2004-06-29]
2020-06-10 18:11:47.774 TRACE 55751 --- [    Test worker] o.h.type.descriptor.sql.BasicExtractor   : extracted value ([domainni4_5_] : [VARCHAR]) - [null]
2020-06-10 18:11:47.774 TRACE 55751 --- [    Test worker] o.h.type.descriptor.sql.BasicExtractor   : extracted value ([kotipaik5_5_] : [VARCHAR]) - [Helsinki]
2020-06-10 18:11:47.774 TRACE 55751 --- [    Test worker] o.h.type.descriptor.sql.BasicExtractor   : extracted value ([kuvaus_28_5_] : [BIGINT]) - [null]
2020-06-10 18:11:47.774 TRACE 55751 --- [    Test worker] o.h.type.descriptor.sql.BasicExtractor   : extracted value ([lakkautu6_5_] : [DATE]) - [null]
2020-06-10 18:11:47.774 TRACE 55751 --- [    Test worker] o.h.type.descriptor.sql.BasicExtractor   : extracted value ([maa7_5_] : [VARCHAR]) - [null]
2020-06-10 18:11:47.774 TRACE 55751 --- [    Test worker] o.h.type.descriptor.sql.BasicExtractor   : extracted value ([metadat29_5_] : [BIGINT]) - [null]
2020-06-10 18:11:47.775 TRACE 55751 --- [    Test worker] o.h.type.descriptor.sql.BasicExtractor   : extracted value ([nimi_mk30_5_] : [BIGINT]) - [1]
2020-06-10 18:11:47.775 TRACE 55751 --- [    Test worker] o.h.type.descriptor.sql.BasicExtractor   : extracted value ([nimihaku8_5_] : [VARCHAR]) - [opetushallitus]
2020-06-10 18:11:47.775 TRACE 55751 --- [    Test worker] o.h.type.descriptor.sql.BasicExtractor   : extracted value ([oid9_5_] : [VARCHAR]) - [1.2.246.562.24.00000000001]
2020-06-10 18:11:47.775 TRACE 55751 --- [    Test worker] o.h.type.descriptor.sql.BasicExtractor   : extracted value ([opetusp10_5_] : [VARCHAR]) - [null]
2020-06-10 18:11:47.775 TRACE 55751 --- [    Test worker] o.h.type.descriptor.sql.BasicExtractor   : extracted value ([oppilai11_5_] : [VARCHAR]) - [null]
2020-06-10 18:11:47.775 TRACE 55751 --- [    Test worker] o.h.type.descriptor.sql.BasicExtractor   : extracted value ([oppilai12_5_] : [VARCHAR]) - [null]
2020-06-10 18:11:47.775 TRACE 55751 --- [    Test worker] o.h.type.descriptor.sql.BasicExtractor   : extracted value ([organis13_5_] : [BOOLEAN]) - [false]
2020-06-10 18:11:47.775 TRACE 55751 --- [    Test worker] o.h.type.descriptor.sql.BasicExtractor   : extracted value ([paivitt14_5_] : [VARCHAR]) - [null]
2020-06-10 18:11:47.775 TRACE 55751 --- [    Test worker] o.h.type.descriptor.sql.BasicExtractor   : extracted value ([paivity15_5_] : [TIMESTAMP]) - [null]
2020-06-10 18:11:47.775 TRACE 55751 --- [    Test worker] o.h.type.descriptor.sql.BasicExtractor   : extracted value ([parenti16_5_] : [VARCHAR]) - [null]
2020-06-10 18:11:47.775 TRACE 55751 --- [    Test worker] o.h.type.descriptor.sql.BasicExtractor   : extracted value ([parento17_5_] : [VARCHAR]) - [null]
2020-06-10 18:11:47.775 TRACE 55751 --- [    Test worker] o.h.type.descriptor.sql.BasicExtractor   : extracted value ([piilote18_5_] : [BOOLEAN]) - [false]
2020-06-10 18:11:47.775 TRACE 55751 --- [    Test worker] o.h.type.descriptor.sql.BasicExtractor   : extracted value ([tarkast19_5_] : [TIMESTAMP]) - [null]
2020-06-10 18:11:47.775 TRACE 55751 --- [    Test worker] o.h.type.descriptor.sql.BasicExtractor   : extracted value ([toimipi20_5_] : [VARCHAR]) - [null]
2020-06-10 18:11:47.775 TRACE 55751 --- [    Test worker] o.h.type.descriptor.sql.BasicExtractor   : extracted value ([tuontip21_5_] : [TIMESTAMP]) - [null]
2020-06-10 18:11:47.775 TRACE 55751 --- [    Test worker] o.h.type.descriptor.sql.BasicExtractor   : extracted value ([varhais31_5_] : [BIGINT]) - [null]
2020-06-10 18:11:47.775 TRACE 55751 --- [    Test worker] o.h.type.descriptor.sql.BasicExtractor   : extracted value ([virasto22_5_] : [VARCHAR]) - [null]
2020-06-10 18:11:47.775 TRACE 55751 --- [    Test worker] o.h.type.descriptor.sql.BasicExtractor   : extracted value ([yhteish23_5_] : [VARCHAR]) - [null]
2020-06-10 18:11:47.775 TRACE 55751 --- [    Test worker] o.h.type.descriptor.sql.BasicExtractor   : extracted value ([yritysm24_5_] : [VARCHAR]) - [oy]
2020-06-10 18:11:47.775 TRACE 55751 --- [    Test worker] o.h.type.descriptor.sql.BasicExtractor   : extracted value ([ytj_kie25_5_] : [VARCHAR]) - [null]
2020-06-10 18:11:47.775 TRACE 55751 --- [    Test worker] o.h.type.descriptor.sql.BasicExtractor   : extracted value ([ytjpaiv26_5_] : [DATE]) - [null]
2020-06-10 18:11:47.775 TRACE 55751 --- [    Test worker] o.h.type.descriptor.sql.BasicExtractor   : extracted value ([ytunnus27_5_] : [VARCHAR]) - [null]
2020-06-10 18:11:47.775 TRACE 55751 --- [    Test worker] org.hibernate.type.CollectionType        : Created collection wrapper: [fi.vm.sade.organisaatio.model.Organisaatio.childSuhteet#1]
2020-06-10 18:11:47.775 TRACE 55751 --- [    Test worker] org.hibernate.type.CollectionType        : Created collection wrapper: [fi.vm.sade.organisaatio.model.Organisaatio.kayttoryhmat#1]
2020-06-10 18:11:47.775 TRACE 55751 --- [    Test worker] org.hibernate.type.CollectionType        : Created collection wrapper: [fi.vm.sade.organisaatio.model.Organisaatio.kielet#1]
2020-06-10 18:11:47.775 TRACE 55751 --- [    Test worker] org.hibernate.type.CollectionType        : Created collection wrapper: [fi.vm.sade.organisaatio.model.Organisaatio.muutKotipaikatUris#1]
2020-06-10 18:11:47.775 TRACE 55751 --- [    Test worker] org.hibernate.type.CollectionType        : Created collection wrapper: [fi.vm.sade.organisaatio.model.Organisaatio.muutOppilaitosTyyppiUris#1]
2020-06-10 18:11:47.775 TRACE 55751 --- [    Test worker] org.hibernate.type.CollectionType        : Created collection wrapper: [fi.vm.sade.organisaatio.model.Organisaatio.nimet#1]
2020-06-10 18:11:47.776 TRACE 55751 --- [    Test worker] org.hibernate.type.CollectionType        : Created collection wrapper: [fi.vm.sade.organisaatio.model.Organisaatio.organisaatioLisatietotyypit#1]
2020-06-10 18:11:47.776 TRACE 55751 --- [    Test worker] org.hibernate.type.CollectionType        : Created collection wrapper: [fi.vm.sade.organisaatio.model.Organisaatio.parentSuhteet#1]
2020-06-10 18:11:47.776 TRACE 55751 --- [    Test worker] org.hibernate.type.CollectionType        : Created collection wrapper: [fi.vm.sade.organisaatio.model.Organisaatio.ryhmatyypit#1]
2020-06-10 18:11:47.776 TRACE 55751 --- [    Test worker] org.hibernate.type.CollectionType        : Created collection wrapper: [fi.vm.sade.organisaatio.model.Organisaatio.tyypit#1]
2020-06-10 18:11:47.776 TRACE 55751 --- [    Test worker] org.hibernate.type.CollectionType        : Created collection wrapper: [fi.vm.sade.organisaatio.model.Organisaatio.vuosiluokat#1]
2020-06-10 18:11:47.776 TRACE 55751 --- [    Test worker] org.hibernate.type.CollectionType        : Created collection wrapper: [fi.vm.sade.organisaatio.model.Organisaatio.yhteystiedot#1]
2020-06-10 18:11:47.776 TRACE 55751 --- [    Test worker] org.hibernate.type.CollectionType        : Created collection wrapper: [fi.vm.sade.organisaatio.model.Organisaatio.yhteystietoArvos#1]
Hibernate: 
    select
        parentsuht0_.child_id as child_id7_19_0_,
        parentsuht0_.id as id1_19_0_,
        parentsuht0_.id as id1_19_1_,
        parentsuht0_.version as version2_19_1_,
        parentsuht0_.alkupvm as alkupvm3_19_1_,
        parentsuht0_.child_id as child_id7_19_1_,
        parentsuht0_.loppupvm as loppupvm4_19_1_,
        parentsuht0_.opetuspisteenjarjnro as opetuspi5_19_1_,
        parentsuht0_.parent_id as parent_i8_19_1_,
        parentsuht0_.suhdetyyppi as suhdetyy6_19_1_ 
    from
        organisaatiosuhde parentsuht0_ 
    where
        parentsuht0_.child_id=? 
    order by
        parentsuht0_.alkupvm
2020-06-10 18:11:47.777 TRACE 55751 --- [    Test worker] o.h.type.descriptor.sql.BasicBinder      : binding parameter [1] as [BIGINT] - [1]
Hibernate: 
    select
        organisaat0_.id as id1_5_,
        organisaat0_.version as version2_5_,
        organisaat0_.alkupvm as alkupvm3_5_,
        organisaat0_.domainnimi as domainni4_5_,
        organisaat0_.kotipaikka as kotipaik5_5_,
        organisaat0_.kuvaus_mkt as kuvaus_28_5_,
        organisaat0_.lakkautuspvm as lakkautu6_5_,
        organisaat0_.maa as maa7_5_,
        organisaat0_.metadata_id as metadat29_5_,
        organisaat0_.nimi_mkt as nimi_mk30_5_,
        organisaat0_.nimihaku as nimihaku8_5_,
        organisaat0_.oid as oid9_5_,
        organisaat0_.opetuspisteenjarjnro as opetusp10_5_,
        organisaat0_.oppilaitoskoodi as oppilai11_5_,
        organisaat0_.oppilaitos_tyyppi as oppilai12_5_,
        organisaat0_.organisaatio_poistettu as organis13_5_,
        organisaat0_.paivittaja as paivitt14_5_,
        organisaat0_.paivityspvm as paivity15_5_,
        organisaat0_.parentidpath as parenti16_5_,
        organisaat0_.parentoidpath as parento17_5_,
        organisaat0_.piilotettu as piilote18_5_,
        organisaat0_.tarkastus_pvm as tarkast19_5_,
        organisaat0_.toimipistekoodi as toimipi20_5_,
        organisaat0_.tuontipvm as tuontip21_5_,
        organisaat0_.varhaiskasvatuksen_toimipaikka_tiedot_id as varhais31_5_,
        organisaat0_.virastotunnus as virasto22_5_,
        organisaat0_.yhteishaunkoulukoodi as yhteish23_5_,
        organisaat0_.yritysmuoto as yritysm24_5_,
        organisaat0_.ytj_kieli as ytj_kie25_5_,
        organisaat0_.ytjpaivityspvm as ytjpaiv26_5_,
        organisaat0_.ytunnus as ytunnus27_5_ 
    from
        organisaatio organisaat0_ 
    where
        organisaat0_.oid=?
2020-06-10 18:11:47.778 TRACE 55751 --- [    Test worker] o.h.type.descriptor.sql.BasicBinder      : binding parameter [1] as [VARCHAR] - [1.2.246.562.24.00000000001]
2020-06-10 18:11:47.778 TRACE 55751 --- [    Test worker] o.h.type.descriptor.sql.BasicExtractor   : extracted value ([id1_5_] : [BIGINT]) - [1]
Hibernate: 
    select
        tyypit0_.organisaatio_id as organisa1_14_0_,
        tyypit0_.tyypit as tyypit2_14_0_ 
    from
        organisaatio_tyypit tyypit0_ 
    where
        tyypit0_.organisaatio_id=?
2020-06-10 18:11:47.778 TRACE 55751 --- [    Test worker] o.h.type.descriptor.sql.BasicBinder      : binding parameter [1] as [BIGINT] - [1]
2020-06-10 18:11:47.778 TRACE 55751 --- [    Test worker] o.h.type.descriptor.sql.BasicExtractor   : extracted value ([organisa1_14_0_] : [BIGINT]) - [1]
2020-06-10 18:11:47.778 TRACE 55751 --- [    Test worker] o.h.type.descriptor.sql.BasicExtractor   : extracted value ([tyypit2_14_0_] : [VARCHAR]) - [organisaatiotyyppi_01]
Hibernate: 
    insert 
    into
        monikielinen_teksti
        (id, version) 
    values
        (null, ?)
2020-06-10 18:11:47.779 TRACE 55751 --- [    Test worker] o.h.type.descriptor.sql.BasicBinder      : binding parameter [1] as [BIGINT] - [0]
Hibernate: 
    insert 
    into
        monikielinen_teksti
        (id, version) 
    values
        (null, ?)
2020-06-10 18:11:47.780 TRACE 55751 --- [    Test worker] o.h.type.descriptor.sql.BasicBinder      : binding parameter [1] as [BIGINT] - [0]
Hibernate: 
    insert 
    into
        organisaatio
        (id, version, alkupvm, domainnimi, kotipaikka, kuvaus_mkt, lakkautuspvm, maa, metadata_id, nimi_mkt, nimihaku, oid, opetuspisteenjarjnro, oppilaitoskoodi, oppilaitos_tyyppi, organisaatio_poistettu, paivittaja, paivityspvm, parentidpath, parentoidpath, piilotettu, tarkastus_pvm, toimipistekoodi, tuontipvm, varhaiskasvatuksen_toimipaikka_tiedot_id, virastotunnus, yhteishaunkoulukoodi, yritysmuoto, ytj_kieli, ytjpaivityspvm, ytunnus) 
    values
        (null, ?, ?, ?, ?, ?, ?, ?, ?, ?, ?, ?, ?, ?, ?, ?, ?, ?, ?, ?, ?, ?, ?, ?, ?, ?, ?, ?, ?, ?, ?)
2020-06-10 18:11:47.780 TRACE 55751 --- [    Test worker] o.h.type.descriptor.sql.BasicBinder      : binding parameter [1] as [BIGINT] - [0]
2020-06-10 18:11:47.780 TRACE 55751 --- [    Test worker] o.h.type.descriptor.sql.BasicBinder      : binding parameter [2] as [DATE] - [Fri Dec 31 00:00:00 EET 1999]
2020-06-10 18:11:47.780 TRACE 55751 --- [    Test worker] o.h.type.descriptor.sql.BasicBinder      : binding parameter [3] as [VARCHAR] - [null]
2020-06-10 18:11:47.780 TRACE 55751 --- [    Test worker] o.h.type.descriptor.sql.BasicBinder      : binding parameter [4] as [VARCHAR] - [kunta_092]
2020-06-10 18:11:47.780 TRACE 55751 --- [    Test worker] o.h.type.descriptor.sql.BasicBinder      : binding parameter [5] as [BIGINT] - [1043]
2020-06-10 18:11:47.780 TRACE 55751 --- [    Test worker] o.h.type.descriptor.sql.BasicBinder      : binding parameter [6] as [DATE] - [null]
2020-06-10 18:11:47.780 TRACE 55751 --- [    Test worker] o.h.type.descriptor.sql.BasicBinder      : binding parameter [7] as [VARCHAR] - [maatjavaltiot1_fin]
2020-06-10 18:11:47.780 TRACE 55751 --- [    Test worker] o.h.type.descriptor.sql.BasicBinder      : binding parameter [8] as [BIGINT] - [null]
2020-06-10 18:11:47.780 TRACE 55751 --- [    Test worker] o.h.type.descriptor.sql.BasicBinder      : binding parameter [9] as [BIGINT] - [1044]
2020-06-10 18:11:47.780 TRACE 55751 --- [    Test worker] o.h.type.descriptor.sql.BasicBinder      : binding parameter [10] as [VARCHAR] - [,nimi]
2020-06-10 18:11:47.780 TRACE 55751 --- [    Test worker] o.h.type.descriptor.sql.BasicBinder      : binding parameter [11] as [VARCHAR] - [1.2.246.562.10.71205503043]
2020-06-10 18:11:47.780 TRACE 55751 --- [    Test worker] o.h.type.descriptor.sql.BasicBinder      : binding parameter [12] as [VARCHAR] - [null]
2020-06-10 18:11:47.780 TRACE 55751 --- [    Test worker] o.h.type.descriptor.sql.BasicBinder      : binding parameter [13] as [VARCHAR] - [null]
2020-06-10 18:11:47.780 TRACE 55751 --- [    Test worker] o.h.type.descriptor.sql.BasicBinder      : binding parameter [14] as [VARCHAR] - [null]
2020-06-10 18:11:47.780 TRACE 55751 --- [    Test worker] o.h.type.descriptor.sql.BasicBinder      : binding parameter [15] as [BOOLEAN] - [false]
2020-06-10 18:11:47.780 TRACE 55751 --- [    Test worker] o.h.type.descriptor.sql.BasicBinder      : binding parameter [16] as [VARCHAR] - [ophadmin]
2020-06-10 18:11:47.780 TRACE 55751 --- [    Test worker] o.h.type.descriptor.sql.BasicBinder      : binding parameter [17] as [TIMESTAMP] - [Wed Jun 10 18:11:47 EEST 2020]
2020-06-10 18:11:47.781 TRACE 55751 --- [    Test worker] o.h.type.descriptor.sql.BasicBinder      : binding parameter [18] as [VARCHAR] - [|1|]
2020-06-10 18:11:47.781 TRACE 55751 --- [    Test worker] o.h.type.descriptor.sql.BasicBinder      : binding parameter [19] as [VARCHAR] - [|1.2.246.562.24.00000000001|]
2020-06-10 18:11:47.781 TRACE 55751 --- [    Test worker] o.h.type.descriptor.sql.BasicBinder      : binding parameter [20] as [BOOLEAN] - [false]
2020-06-10 18:11:47.781 TRACE 55751 --- [    Test worker] o.h.type.descriptor.sql.BasicBinder      : binding parameter [21] as [TIMESTAMP] - [null]
2020-06-10 18:11:47.781 TRACE 55751 --- [    Test worker] o.h.type.descriptor.sql.BasicBinder      : binding parameter [22] as [VARCHAR] - [null]
2020-06-10 18:11:47.781 TRACE 55751 --- [    Test worker] o.h.type.descriptor.sql.BasicBinder      : binding parameter [23] as [TIMESTAMP] - [null]
2020-06-10 18:11:47.781 TRACE 55751 --- [    Test worker] o.h.type.descriptor.sql.BasicBinder      : binding parameter [24] as [BIGINT] - [null]
2020-06-10 18:11:47.781 TRACE 55751 --- [    Test worker] o.h.type.descriptor.sql.BasicBinder      : binding parameter [25] as [VARCHAR] - [null]
2020-06-10 18:11:47.781 TRACE 55751 --- [    Test worker] o.h.type.descriptor.sql.BasicBinder      : binding parameter [26] as [VARCHAR] - [null]
2020-06-10 18:11:47.781 TRACE 55751 --- [    Test worker] o.h.type.descriptor.sql.BasicBinder      : binding parameter [27] as [VARCHAR] - [null]
2020-06-10 18:11:47.781 TRACE 55751 --- [    Test worker] o.h.type.descriptor.sql.BasicBinder      : binding parameter [28] as [VARCHAR] - [null]
2020-06-10 18:11:47.781 TRACE 55751 --- [    Test worker] o.h.type.descriptor.sql.BasicBinder      : binding parameter [29] as [DATE] - [null]
2020-06-10 18:11:47.781 TRACE 55751 --- [    Test worker] o.h.type.descriptor.sql.BasicBinder      : binding parameter [30] as [VARCHAR] - [null]
Hibernate: 
    insert 
    into
        organisaatio_nimi
        (id, version, alkupvm, nimi_mkt, organisaatio_id, paivittaja) 
    values
        (null, ?, ?, ?, ?, ?)
2020-06-10 18:11:47.781 TRACE 55751 --- [    Test worker] o.h.type.descriptor.sql.BasicBinder      : binding parameter [1] as [BIGINT] - [0]
2020-06-10 18:11:47.781 TRACE 55751 --- [    Test worker] o.h.type.descriptor.sql.BasicBinder      : binding parameter [2] as [DATE] - [Mon Jun 08 00:00:00 EEST 2020]
2020-06-10 18:11:47.781 TRACE 55751 --- [    Test worker] o.h.type.descriptor.sql.BasicBinder      : binding parameter [3] as [BIGINT] - [1044]
2020-06-10 18:11:47.781 TRACE 55751 --- [    Test worker] o.h.type.descriptor.sql.BasicBinder      : binding parameter [4] as [BIGINT] - [31]
2020-06-10 18:11:47.781 TRACE 55751 --- [    Test worker] o.h.type.descriptor.sql.BasicBinder      : binding parameter [5] as [VARCHAR] - [null]
Hibernate: 
    insert 
    into
        monikielinen_teksti
        (id, version) 
    values
        (null, ?)
2020-06-10 18:11:47.782 TRACE 55751 --- [    Test worker] o.h.type.descriptor.sql.BasicBinder      : binding parameter [1] as [BIGINT] - [0]
Hibernate: 
    insert 
    into
        organisaatio_nimi
        (id, version, alkupvm, nimi_mkt, organisaatio_id, paivittaja) 
    values
        (null, ?, ?, ?, ?, ?)
2020-06-10 18:11:47.782 TRACE 55751 --- [    Test worker] o.h.type.descriptor.sql.BasicBinder      : binding parameter [1] as [BIGINT] - [0]
2020-06-10 18:11:47.782 TRACE 55751 --- [    Test worker] o.h.type.descriptor.sql.BasicBinder      : binding parameter [2] as [DATE] - [Fri Jun 12 00:00:00 EEST 2020]
2020-06-10 18:11:47.782 TRACE 55751 --- [    Test worker] o.h.type.descriptor.sql.BasicBinder      : binding parameter [3] as [BIGINT] - [1045]
2020-06-10 18:11:47.782 TRACE 55751 --- [    Test worker] o.h.type.descriptor.sql.BasicBinder      : binding parameter [4] as [BIGINT] - [31]
2020-06-10 18:11:47.782 TRACE 55751 --- [    Test worker] o.h.type.descriptor.sql.BasicBinder      : binding parameter [5] as [VARCHAR] - [null]
Hibernate: 
    insert 
    into
        yhteystieto
        (id, version, kieli, organisaatio_id, yhteystieto_oid, coordinatetype, extrarivi, lat, lng, maa, osavaltio, osoite, osoite_tyyppi, postinumero, postitoimipaikka, ytjpaivityspvm, dtype) 
    values
        (null, ?, ?, ?, ?, ?, ?, ?, ?, ?, ?, ?, ?, ?, ?, ?, 'Osoite')
2020-06-10 18:11:47.782 TRACE 55751 --- [    Test worker] o.h.type.descriptor.sql.BasicBinder      : binding parameter [1] as [BIGINT] - [0]
2020-06-10 18:11:47.782 TRACE 55751 --- [    Test worker] o.h.type.descriptor.sql.BasicBinder      : binding parameter [2] as [VARCHAR] - [kieli_fi#1]
2020-06-10 18:11:47.782 TRACE 55751 --- [    Test worker] o.h.type.descriptor.sql.BasicBinder      : binding parameter [3] as [BIGINT] - [31]
2020-06-10 18:11:47.783 TRACE 55751 --- [    Test worker] o.h.type.descriptor.sql.BasicBinder      : binding parameter [4] as [VARCHAR] - [1.2.246.562.5.77575912015]
2020-06-10 18:11:47.783 TRACE 55751 --- [    Test worker] o.h.type.descriptor.sql.BasicBinder      : binding parameter [5] as [VARCHAR] - [null]
2020-06-10 18:11:47.783 TRACE 55751 --- [    Test worker] o.h.type.descriptor.sql.BasicBinder      : binding parameter [6] as [VARCHAR] - [null]
2020-06-10 18:11:47.783 TRACE 55751 --- [    Test worker] o.h.type.descriptor.sql.BasicBinder      : binding parameter [7] as [DOUBLE] - [null]
2020-06-10 18:11:47.783 TRACE 55751 --- [    Test worker] o.h.type.descriptor.sql.BasicBinder      : binding parameter [8] as [DOUBLE] - [null]
2020-06-10 18:11:47.783 TRACE 55751 --- [    Test worker] o.h.type.descriptor.sql.BasicBinder      : binding parameter [9] as [VARCHAR] - [null]
2020-06-10 18:11:47.783 TRACE 55751 --- [    Test worker] o.h.type.descriptor.sql.BasicBinder      : binding parameter [10] as [VARCHAR] - [null]
2020-06-10 18:11:47.783 TRACE 55751 --- [    Test worker] o.h.type.descriptor.sql.BasicBinder      : binding parameter [11] as [VARCHAR] - [Postiosoite 1A]
2020-06-10 18:11:47.783 TRACE 55751 --- [    Test worker] o.h.type.descriptor.sql.BasicBinder      : binding parameter [12] as [VARCHAR] - [posti]
2020-06-10 18:11:47.783 TRACE 55751 --- [    Test worker] o.h.type.descriptor.sql.BasicBinder      : binding parameter [13] as [VARCHAR] - [00550]
2020-06-10 18:11:47.783 TRACE 55751 --- [    Test worker] o.h.type.descriptor.sql.BasicBinder      : binding parameter [14] as [VARCHAR] - [Helsinki]
2020-06-10 18:11:47.783 TRACE 55751 --- [    Test worker] o.h.type.descriptor.sql.BasicBinder      : binding parameter [15] as [DATE] - [null]
Hibernate: 
    insert 
    into
        yhteystieto
        (id, version, kieli, organisaatio_id, yhteystieto_oid, email, dtype) 
    values
        (null, ?, ?, ?, ?, ?, 'Email')
2020-06-10 18:11:47.783 TRACE 55751 --- [    Test worker] o.h.type.descriptor.sql.BasicBinder      : binding parameter [1] as [BIGINT] - [0]
2020-06-10 18:11:47.783 TRACE 55751 --- [    Test worker] o.h.type.descriptor.sql.BasicBinder      : binding parameter [2] as [VARCHAR] - [kieli_fi#1]
2020-06-10 18:11:47.783 TRACE 55751 --- [    Test worker] o.h.type.descriptor.sql.BasicBinder      : binding parameter [3] as [BIGINT] - [31]
2020-06-10 18:11:47.783 TRACE 55751 --- [    Test worker] o.h.type.descriptor.sql.BasicBinder      : binding parameter [4] as [VARCHAR] - [15918019074170.7365940895435091]
2020-06-10 18:11:47.783 TRACE 55751 --- [    Test worker] o.h.type.descriptor.sql.BasicBinder      : binding parameter [5] as [VARCHAR] - [asd@asd.asd]
Hibernate: 
    insert 
    into
        yhteystieto
        (id, version, kieli, organisaatio_id, yhteystieto_oid, www_osoite, dtype) 
    values
        (null, ?, ?, ?, ?, ?, 'Www')
2020-06-10 18:11:47.784 TRACE 55751 --- [    Test worker] o.h.type.descriptor.sql.BasicBinder      : binding parameter [1] as [BIGINT] - [0]
2020-06-10 18:11:47.784 TRACE 55751 --- [    Test worker] o.h.type.descriptor.sql.BasicBinder      : binding parameter [2] as [VARCHAR] - [kieli_fi#1]
2020-06-10 18:11:47.784 TRACE 55751 --- [    Test worker] o.h.type.descriptor.sql.BasicBinder      : binding parameter [3] as [BIGINT] - [31]
2020-06-10 18:11:47.784 TRACE 55751 --- [    Test worker] o.h.type.descriptor.sql.BasicBinder      : binding parameter [4] as [VARCHAR] - [15918019074170.05268837639478752]
2020-06-10 18:11:47.784 TRACE 55751 --- [    Test worker] o.h.type.descriptor.sql.BasicBinder      : binding parameter [5] as [VARCHAR] - [http://test.oph.fi]
Hibernate: 
    insert 
    into
        yhteystieto
        (id, version, kieli, organisaatio_id, yhteystieto_oid, coordinatetype, extrarivi, lat, lng, maa, osavaltio, osoite, osoite_tyyppi, postinumero, postitoimipaikka, ytjpaivityspvm, dtype) 
    values
        (null, ?, ?, ?, ?, ?, ?, ?, ?, ?, ?, ?, ?, ?, ?, ?, 'Osoite')
2020-06-10 18:11:47.784 TRACE 55751 --- [    Test worker] o.h.type.descriptor.sql.BasicBinder      : binding parameter [1] as [BIGINT] - [0]
2020-06-10 18:11:47.784 TRACE 55751 --- [    Test worker] o.h.type.descriptor.sql.BasicBinder      : binding parameter [2] as [VARCHAR] - [kieli_fi#1]
2020-06-10 18:11:47.784 TRACE 55751 --- [    Test worker] o.h.type.descriptor.sql.BasicBinder      : binding parameter [3] as [BIGINT] - [31]
2020-06-10 18:11:47.784 TRACE 55751 --- [    Test worker] o.h.type.descriptor.sql.BasicBinder      : binding parameter [4] as [VARCHAR] - [1.2.246.562.5.89429845197]
2020-06-10 18:11:47.785 TRACE 55751 --- [    Test worker] o.h.type.descriptor.sql.BasicBinder      : binding parameter [5] as [VARCHAR] - [null]
2020-06-10 18:11:47.785 TRACE 55751 --- [    Test worker] o.h.type.descriptor.sql.BasicBinder      : binding parameter [6] as [VARCHAR] - [null]
2020-06-10 18:11:47.785 TRACE 55751 --- [    Test worker] o.h.type.descriptor.sql.BasicBinder      : binding parameter [7] as [DOUBLE] - [null]
2020-06-10 18:11:47.785 TRACE 55751 --- [    Test worker] o.h.type.descriptor.sql.BasicBinder      : binding parameter [8] as [DOUBLE] - [null]
2020-06-10 18:11:47.785 TRACE 55751 --- [    Test worker] o.h.type.descriptor.sql.BasicBinder      : binding parameter [9] as [VARCHAR] - [null]
2020-06-10 18:11:47.785 TRACE 55751 --- [    Test worker] o.h.type.descriptor.sql.BasicBinder      : binding parameter [10] as [VARCHAR] - [null]
2020-06-10 18:11:47.785 TRACE 55751 --- [    Test worker] o.h.type.descriptor.sql.BasicBinder      : binding parameter [11] as [VARCHAR] - [Kayntiosoite 2B]
2020-06-10 18:11:47.785 TRACE 55751 --- [    Test worker] o.h.type.descriptor.sql.BasicBinder      : binding parameter [12] as [VARCHAR] - [kaynti]
2020-06-10 18:11:47.785 TRACE 55751 --- [    Test worker] o.h.type.descriptor.sql.BasicBinder      : binding parameter [13] as [VARCHAR] - [posti_00550]
2020-06-10 18:11:47.785 TRACE 55751 --- [    Test worker] o.h.type.descriptor.sql.BasicBinder      : binding parameter [14] as [VARCHAR] - [Helsinki]
2020-06-10 18:11:47.785 TRACE 55751 --- [    Test worker] o.h.type.descriptor.sql.BasicBinder      : binding parameter [15] as [DATE] - [null]
Hibernate: 
    insert 
    into
        yhteystieto
        (id, version, kieli, organisaatio_id, yhteystieto_oid, puhelinnumero, tyyppi, dtype) 
    values
        (null, ?, ?, ?, ?, ?, ?, 'Puhelinnumero')
2020-06-10 18:11:47.785 TRACE 55751 --- [    Test worker] o.h.type.descriptor.sql.BasicBinder      : binding parameter [1] as [BIGINT] - [0]
2020-06-10 18:11:47.785 TRACE 55751 --- [    Test worker] o.h.type.descriptor.sql.BasicBinder      : binding parameter [2] as [VARCHAR] - [kieli_fi#1]
2020-06-10 18:11:47.785 TRACE 55751 --- [    Test worker] o.h.type.descriptor.sql.BasicBinder      : binding parameter [3] as [BIGINT] - [31]
2020-06-10 18:11:47.785 TRACE 55751 --- [    Test worker] o.h.type.descriptor.sql.BasicBinder      : binding parameter [4] as [VARCHAR] - [1.2.246.562.5.10745415913]
2020-06-10 18:11:47.785 TRACE 55751 --- [    Test worker] o.h.type.descriptor.sql.BasicBinder      : binding parameter [5] as [VARCHAR] - [123]
2020-06-10 18:11:47.785 TRACE 55751 --- [    Test worker] o.h.type.descriptor.sql.BasicBinder      : binding parameter [6] as [VARCHAR] - [puhelin]
Hibernate: 
    update
        organisaatio 
    set
        version=?,
        alkupvm=?,
        domainnimi=?,
        kotipaikka=?,
        kuvaus_mkt=?,
        lakkautuspvm=?,
        maa=?,
        metadata_id=?,
        nimi_mkt=?,
        nimihaku=?,
        oid=?,
        opetuspisteenjarjnro=?,
        oppilaitoskoodi=?,
        oppilaitos_tyyppi=?,
        organisaatio_poistettu=?,
        paivittaja=?,
        paivityspvm=?,
        parentidpath=?,
        parentoidpath=?,
        piilotettu=?,
        tarkastus_pvm=?,
        toimipistekoodi=?,
        tuontipvm=?,
        varhaiskasvatuksen_toimipaikka_tiedot_id=?,
        virastotunnus=?,
        yhteishaunkoulukoodi=?,
        yritysmuoto=?,
        ytj_kieli=?,
        ytjpaivityspvm=?,
        ytunnus=? 
    where
        id=? 
        and version=?
2020-06-10 18:11:47.786 TRACE 55751 --- [    Test worker] o.h.type.descriptor.sql.BasicBinder      : binding parameter [1] as [BIGINT] - [1]
2020-06-10 18:11:47.786 TRACE 55751 --- [    Test worker] o.h.type.descriptor.sql.BasicBinder      : binding parameter [2] as [DATE] - [Fri Dec 31 00:00:00 EET 1999]
2020-06-10 18:11:47.786 TRACE 55751 --- [    Test worker] o.h.type.descriptor.sql.BasicBinder      : binding parameter [3] as [VARCHAR] - [null]
2020-06-10 18:11:47.786 TRACE 55751 --- [    Test worker] o.h.type.descriptor.sql.BasicBinder      : binding parameter [4] as [VARCHAR] - [kunta_092]
2020-06-10 18:11:47.786 TRACE 55751 --- [    Test worker] o.h.type.descriptor.sql.BasicBinder      : binding parameter [5] as [BIGINT] - [1043]
2020-06-10 18:11:47.786 TRACE 55751 --- [    Test worker] o.h.type.descriptor.sql.BasicBinder      : binding parameter [6] as [DATE] - [null]
2020-06-10 18:11:47.786 TRACE 55751 --- [    Test worker] o.h.type.descriptor.sql.BasicBinder      : binding parameter [7] as [VARCHAR] - [maatjavaltiot1_fin]
2020-06-10 18:11:47.786 TRACE 55751 --- [    Test worker] o.h.type.descriptor.sql.BasicBinder      : binding parameter [8] as [BIGINT] - [null]
2020-06-10 18:11:47.786 TRACE 55751 --- [    Test worker] o.h.type.descriptor.sql.BasicBinder      : binding parameter [9] as [BIGINT] - [1044]
2020-06-10 18:11:47.786 TRACE 55751 --- [    Test worker] o.h.type.descriptor.sql.BasicBinder      : binding parameter [10] as [VARCHAR] - [,nimi]
2020-06-10 18:11:47.786 TRACE 55751 --- [    Test worker] o.h.type.descriptor.sql.BasicBinder      : binding parameter [11] as [VARCHAR] - [1.2.246.562.10.71205503043]
2020-06-10 18:11:47.786 TRACE 55751 --- [    Test worker] o.h.type.descriptor.sql.BasicBinder      : binding parameter [12] as [VARCHAR] - [null]
2020-06-10 18:11:47.786 TRACE 55751 --- [    Test worker] o.h.type.descriptor.sql.BasicBinder      : binding parameter [13] as [VARCHAR] - [null]
2020-06-10 18:11:47.786 TRACE 55751 --- [    Test worker] o.h.type.descriptor.sql.BasicBinder      : binding parameter [14] as [VARCHAR] - [null]
2020-06-10 18:11:47.787 TRACE 55751 --- [    Test worker] o.h.type.descriptor.sql.BasicBinder      : binding parameter [15] as [BOOLEAN] - [false]
2020-06-10 18:11:47.787 TRACE 55751 --- [    Test worker] o.h.type.descriptor.sql.BasicBinder      : binding parameter [16] as [VARCHAR] - [ophadmin]
2020-06-10 18:11:47.787 TRACE 55751 --- [    Test worker] o.h.type.descriptor.sql.BasicBinder      : binding parameter [17] as [TIMESTAMP] - [Wed Jun 10 18:11:47 EEST 2020]
2020-06-10 18:11:47.787 TRACE 55751 --- [    Test worker] o.h.type.descriptor.sql.BasicBinder      : binding parameter [18] as [VARCHAR] - [|1|]
2020-06-10 18:11:47.787 TRACE 55751 --- [    Test worker] o.h.type.descriptor.sql.BasicBinder      : binding parameter [19] as [VARCHAR] - [|1.2.246.562.24.00000000001|]
2020-06-10 18:11:47.787 TRACE 55751 --- [    Test worker] o.h.type.descriptor.sql.BasicBinder      : binding parameter [20] as [BOOLEAN] - [false]
2020-06-10 18:11:47.787 TRACE 55751 --- [    Test worker] o.h.type.descriptor.sql.BasicBinder      : binding parameter [21] as [TIMESTAMP] - [null]
2020-06-10 18:11:47.787 TRACE 55751 --- [    Test worker] o.h.type.descriptor.sql.BasicBinder      : binding parameter [22] as [VARCHAR] - [null]
2020-06-10 18:11:47.787 TRACE 55751 --- [    Test worker] o.h.type.descriptor.sql.BasicBinder      : binding parameter [23] as [TIMESTAMP] - [null]
2020-06-10 18:11:47.787 TRACE 55751 --- [    Test worker] o.h.type.descriptor.sql.BasicBinder      : binding parameter [24] as [BIGINT] - [null]
2020-06-10 18:11:47.787 TRACE 55751 --- [    Test worker] o.h.type.descriptor.sql.BasicBinder      : binding parameter [25] as [VARCHAR] - [null]
2020-06-10 18:11:47.787 TRACE 55751 --- [    Test worker] o.h.type.descriptor.sql.BasicBinder      : binding parameter [26] as [VARCHAR] - [null]
2020-06-10 18:11:47.787 TRACE 55751 --- [    Test worker] o.h.type.descriptor.sql.BasicBinder      : binding parameter [27] as [VARCHAR] - [null]
2020-06-10 18:11:47.787 TRACE 55751 --- [    Test worker] o.h.type.descriptor.sql.BasicBinder      : binding parameter [28] as [VARCHAR] - [null]
2020-06-10 18:11:47.787 TRACE 55751 --- [    Test worker] o.h.type.descriptor.sql.BasicBinder      : binding parameter [29] as [DATE] - [null]
2020-06-10 18:11:47.787 TRACE 55751 --- [    Test worker] o.h.type.descriptor.sql.BasicBinder      : binding parameter [30] as [VARCHAR] - [null]
2020-06-10 18:11:47.787 TRACE 55751 --- [    Test worker] o.h.type.descriptor.sql.BasicBinder      : binding parameter [31] as [BIGINT] - [31]
2020-06-10 18:11:47.787 TRACE 55751 --- [    Test worker] o.h.type.descriptor.sql.BasicBinder      : binding parameter [32] as [BIGINT] - [0]
Hibernate: 
    insert 
    into
        organisaatio_kielet
        (organisaatio_id, kielet) 
    values
        (?, ?)
2020-06-10 18:11:47.787 TRACE 55751 --- [    Test worker] o.h.type.descriptor.sql.BasicBinder      : binding parameter [1] as [BIGINT] - [31]
2020-06-10 18:11:47.787 TRACE 55751 --- [    Test worker] o.h.type.descriptor.sql.BasicBinder      : binding parameter [2] as [VARCHAR] - [oppilaitoksenopetuskieli_1#1]
Hibernate: 
    insert 
    into
        organisaatio_tyypit
        (organisaatio_id, tyypit) 
    values
        (?, ?)
2020-06-10 18:11:47.787 TRACE 55751 --- [    Test worker] o.h.type.descriptor.sql.BasicBinder      : binding parameter [1] as [BIGINT] - [31]
2020-06-10 18:11:47.787 TRACE 55751 --- [    Test worker] o.h.type.descriptor.sql.BasicBinder      : binding parameter [2] as [VARCHAR] - [organisaatiotyyppi_02]
Hibernate: 
    insert 
    into
        monikielinen_teksti_values
        (id, key, value) 
    values
        (?, ?, ?)
2020-06-10 18:11:47.788 TRACE 55751 --- [    Test worker] o.h.type.descriptor.sql.BasicBinder      : binding parameter [1] as [BIGINT] - [1044]
2020-06-10 18:11:47.788 TRACE 55751 --- [    Test worker] o.h.type.descriptor.sql.BasicBinder      : binding parameter [2] as [VARCHAR] - [fi]
2020-06-10 18:11:47.788 TRACE 55751 --- [    Test worker] o.h.type.descriptor.sql.BasicBinder      : binding parameter [3] as [VARCHAR] - [nimi]
Hibernate: 
    insert 
    into
        monikielinen_teksti_values
        (id, key, value) 
    values
        (?, ?, ?)
2020-06-10 18:11:47.788 TRACE 55751 --- [    Test worker] o.h.type.descriptor.sql.BasicBinder      : binding parameter [1] as [BIGINT] - [1045]
2020-06-10 18:11:47.788 TRACE 55751 --- [    Test worker] o.h.type.descriptor.sql.BasicBinder      : binding parameter [2] as [VARCHAR] - [fi]
2020-06-10 18:11:47.788 TRACE 55751 --- [    Test worker] o.h.type.descriptor.sql.BasicBinder      : binding parameter [3] as [VARCHAR] - [toinen nimi]
Hibernate: 
    select
        organisaat0_.id as id1_5_,
        organisaat0_.version as version2_5_,
        organisaat0_.alkupvm as alkupvm3_5_,
        organisaat0_.domainnimi as domainni4_5_,
        organisaat0_.kotipaikka as kotipaik5_5_,
        organisaat0_.kuvaus_mkt as kuvaus_28_5_,
        organisaat0_.lakkautuspvm as lakkautu6_5_,
        organisaat0_.maa as maa7_5_,
        organisaat0_.metadata_id as metadat29_5_,
        organisaat0_.nimi_mkt as nimi_mk30_5_,
        organisaat0_.nimihaku as nimihaku8_5_,
        organisaat0_.oid as oid9_5_,
        organisaat0_.opetuspisteenjarjnro as opetusp10_5_,
        organisaat0_.oppilaitoskoodi as oppilai11_5_,
        organisaat0_.oppilaitos_tyyppi as oppilai12_5_,
        organisaat0_.organisaatio_poistettu as organis13_5_,
        organisaat0_.paivittaja as paivitt14_5_,
        organisaat0_.paivityspvm as paivity15_5_,
        organisaat0_.parentidpath as parenti16_5_,
        organisaat0_.parentoidpath as parento17_5_,
        organisaat0_.piilotettu as piilote18_5_,
        organisaat0_.tarkastus_pvm as tarkast19_5_,
        organisaat0_.toimipistekoodi as toimipi20_5_,
        organisaat0_.tuontipvm as tuontip21_5_,
        organisaat0_.varhaiskasvatuksen_toimipaikka_tiedot_id as varhais31_5_,
        organisaat0_.virastotunnus as virasto22_5_,
        organisaat0_.yhteishaunkoulukoodi as yhteish23_5_,
        organisaat0_.yritysmuoto as yritysm24_5_,
        organisaat0_.ytj_kieli as ytj_kie25_5_,
        organisaat0_.ytjpaivityspvm as ytjpaiv26_5_,
        organisaat0_.ytunnus as ytunnus27_5_ 
    from
        organisaatio organisaat0_ 
    where
        organisaat0_.oid=?
2020-06-10 18:11:47.788 TRACE 55751 --- [    Test worker] o.h.type.descriptor.sql.BasicBinder      : binding parameter [1] as [VARCHAR] - [1.2.246.562.24.00000000001]
2020-06-10 18:11:47.788 TRACE 55751 --- [    Test worker] o.h.type.descriptor.sql.BasicExtractor   : extracted value ([id1_5_] : [BIGINT]) - [1]
2020-06-10 18:11:47.788  INFO 55751 --- [    Test worker] .s.o.r.i.OrganisaatioSuhdeRepositoryImpl : findParentTo(31, Wed Jun 10 18:11:47 EEST 2020)
Hibernate: 
    select
        organisaat0_.id as id1_19_0_,
        organisaat1_.id as id1_5_1_,
        organisaat0_.version as version2_19_0_,
        organisaat0_.alkupvm as alkupvm3_19_0_,
        organisaat0_.child_id as child_id7_19_0_,
        organisaat0_.loppupvm as loppupvm4_19_0_,
        organisaat0_.opetuspisteenjarjnro as opetuspi5_19_0_,
        organisaat0_.parent_id as parent_i8_19_0_,
        organisaat0_.suhdetyyppi as suhdetyy6_19_0_,
        organisaat1_.version as version2_5_1_,
        organisaat1_.alkupvm as alkupvm3_5_1_,
        organisaat1_.domainnimi as domainni4_5_1_,
        organisaat1_.kotipaikka as kotipaik5_5_1_,
        organisaat1_.kuvaus_mkt as kuvaus_28_5_1_,
        organisaat1_.lakkautuspvm as lakkautu6_5_1_,
        organisaat1_.maa as maa7_5_1_,
        organisaat1_.metadata_id as metadat29_5_1_,
        organisaat1_.nimi_mkt as nimi_mk30_5_1_,
        organisaat1_.nimihaku as nimihaku8_5_1_,
        organisaat1_.oid as oid9_5_1_,
        organisaat1_.opetuspisteenjarjnro as opetusp10_5_1_,
        organisaat1_.oppilaitoskoodi as oppilai11_5_1_,
        organisaat1_.oppilaitos_tyyppi as oppilai12_5_1_,
        organisaat1_.organisaatio_poistettu as organis13_5_1_,
        organisaat1_.paivittaja as paivitt14_5_1_,
        organisaat1_.paivityspvm as paivity15_5_1_,
        organisaat1_.parentidpath as parenti16_5_1_,
        organisaat1_.parentoidpath as parento17_5_1_,
        organisaat1_.piilotettu as piilote18_5_1_,
        organisaat1_.tarkastus_pvm as tarkast19_5_1_,
        organisaat1_.toimipistekoodi as toimipi20_5_1_,
        organisaat1_.tuontipvm as tuontip21_5_1_,
        organisaat1_.varhaiskasvatuksen_toimipaikka_tiedot_id as varhais31_5_1_,
        organisaat1_.virastotunnus as virasto22_5_1_,
        organisaat1_.yhteishaunkoulukoodi as yhteish23_5_1_,
        organisaat1_.yritysmuoto as yritysm24_5_1_,
        organisaat1_.ytj_kieli as ytj_kie25_5_1_,
        organisaat1_.ytjpaivityspvm as ytjpaiv26_5_1_,
        organisaat1_.ytunnus as ytunnus27_5_1_ 
    from
        organisaatiosuhde organisaat0_ 
    inner join
        organisaatio organisaat1_ 
            on organisaat0_.parent_id=organisaat1_.id 
    where
        organisaat0_.child_id=? 
        and organisaat0_.suhdetyyppi=? 
        and (
            organisaat0_.alkupvm=? 
            or organisaat0_.alkupvm<?
        ) 
        and (
            organisaat0_.loppupvm is null 
            or organisaat0_.loppupvm>?
        ) 
        and organisaat1_.organisaatio_poistettu=? 
    order by
        organisaat0_.alkupvm desc
2020-06-10 18:11:47.789 TRACE 55751 --- [    Test worker] o.h.type.descriptor.sql.BasicBinder      : binding parameter [1] as [BIGINT] - [31]
2020-06-10 18:11:47.790 TRACE 55751 --- [    Test worker] o.h.type.descriptor.sql.BasicBinder      : binding parameter [2] as [VARCHAR] - [HISTORIA]
2020-06-10 18:11:47.790 TRACE 55751 --- [    Test worker] o.h.type.descriptor.sql.BasicBinder      : binding parameter [3] as [DATE] - [Wed Jun 10 18:11:47 EEST 2020]
2020-06-10 18:11:47.790 TRACE 55751 --- [    Test worker] o.h.type.descriptor.sql.BasicBinder      : binding parameter [4] as [DATE] - [Wed Jun 10 18:11:47 EEST 2020]
2020-06-10 18:11:47.790 TRACE 55751 --- [    Test worker] o.h.type.descriptor.sql.BasicBinder      : binding parameter [5] as [DATE] - [Wed Jun 10 18:11:47 EEST 2020]
2020-06-10 18:11:47.790 TRACE 55751 --- [    Test worker] o.h.type.descriptor.sql.BasicBinder      : binding parameter [6] as [BOOLEAN] - [false]
2020-06-10 18:11:47.790  INFO 55751 --- [    Test worker] .s.o.r.i.OrganisaatioSuhdeRepositoryImpl : addChild(1, 31, Wed Jun 10 18:11:47 EEST 2020)
Hibernate: 
    insert 
    into
        organisaatiosuhde
        (id, version, alkupvm, child_id, loppupvm, opetuspisteenjarjnro, parent_id, suhdetyyppi) 
    values
        (null, ?, ?, ?, ?, ?, ?, ?)
2020-06-10 18:11:47.790 TRACE 55751 --- [    Test worker] o.h.type.descriptor.sql.BasicBinder      : binding parameter [1] as [BIGINT] - [0]
2020-06-10 18:11:47.790 TRACE 55751 --- [    Test worker] o.h.type.descriptor.sql.BasicBinder      : binding parameter [2] as [DATE] - [Wed Jun 10 18:11:47 EEST 2020]
2020-06-10 18:11:47.791 TRACE 55751 --- [    Test worker] o.h.type.descriptor.sql.BasicBinder      : binding parameter [3] as [BIGINT] - [31]
2020-06-10 18:11:47.791 TRACE 55751 --- [    Test worker] o.h.type.descriptor.sql.BasicBinder      : binding parameter [4] as [DATE] - [null]
2020-06-10 18:11:47.791 TRACE 55751 --- [    Test worker] o.h.type.descriptor.sql.BasicBinder      : binding parameter [5] as [VARCHAR] - [null]
2020-06-10 18:11:47.791 TRACE 55751 --- [    Test worker] o.h.type.descriptor.sql.BasicBinder      : binding parameter [6] as [BIGINT] - [1]
2020-06-10 18:11:47.791 TRACE 55751 --- [    Test worker] o.h.type.descriptor.sql.BasicBinder      : binding parameter [7] as [VARCHAR] - [HISTORIA]
2020-06-10 18:11:47.791  INFO 55751 --- [    Test worker] .s.o.r.i.OrganisaatioSuhdeRepositoryImpl :     Created new child relation:  --> pId=1, cId=31, aPvm=Wed Jun 10 18:11:47 EEST 2020, lPvm=null
Hibernate: 
    select
        organisaat0_.id as id1_19_,
        organisaat0_.version as version2_19_,
        organisaat0_.alkupvm as alkupvm3_19_,
        organisaat0_.child_id as child_id7_19_,
        organisaat0_.loppupvm as loppupvm4_19_,
        organisaat0_.opetuspisteenjarjnro as opetuspi5_19_,
        organisaat0_.parent_id as parent_i8_19_,
        organisaat0_.suhdetyyppi as suhdetyy6_19_ 
    from
        organisaatiosuhde organisaat0_ 
    where
        organisaat0_.child_id=?
2020-06-10 18:11:47.791 TRACE 55751 --- [    Test worker] o.h.type.descriptor.sql.BasicBinder      : binding parameter [1] as [BIGINT] - [31]
2020-06-10 18:11:47.791 TRACE 55751 --- [    Test worker] o.h.type.descriptor.sql.BasicExtractor   : extracted value ([id1_19_] : [BIGINT]) - [35]
Hibernate: 
    select
        organisaat0_.id as id1_5_,
        organisaat0_.version as version2_5_,
        organisaat0_.alkupvm as alkupvm3_5_,
        organisaat0_.domainnimi as domainni4_5_,
        organisaat0_.kotipaikka as kotipaik5_5_,
        organisaat0_.kuvaus_mkt as kuvaus_28_5_,
        organisaat0_.lakkautuspvm as lakkautu6_5_,
        organisaat0_.maa as maa7_5_,
        organisaat0_.metadata_id as metadat29_5_,
        organisaat0_.nimi_mkt as nimi_mk30_5_,
        organisaat0_.nimihaku as nimihaku8_5_,
        organisaat0_.oid as oid9_5_,
        organisaat0_.opetuspisteenjarjnro as opetusp10_5_,
        organisaat0_.oppilaitoskoodi as oppilai11_5_,
        organisaat0_.oppilaitos_tyyppi as oppilai12_5_,
        organisaat0_.organisaatio_poistettu as organis13_5_,
        organisaat0_.paivittaja as paivitt14_5_,
        organisaat0_.paivityspvm as paivity15_5_,
        organisaat0_.parentidpath as parenti16_5_,
        organisaat0_.parentoidpath as parento17_5_,
        organisaat0_.piilotettu as piilote18_5_,
        organisaat0_.tarkastus_pvm as tarkast19_5_,
        organisaat0_.toimipistekoodi as toimipi20_5_,
        organisaat0_.tuontipvm as tuontip21_5_,
        organisaat0_.varhaiskasvatuksen_toimipaikka_tiedot_id as varhais31_5_,
        organisaat0_.virastotunnus as virasto22_5_,
        organisaat0_.yhteishaunkoulukoodi as yhteish23_5_,
        organisaat0_.yritysmuoto as yritysm24_5_,
        organisaat0_.ytj_kieli as ytj_kie25_5_,
        organisaat0_.ytjpaivityspvm as ytjpaiv26_5_,
        organisaat0_.ytunnus as ytunnus27_5_ 
    from
        organisaatio organisaat0_ 
    where
        organisaat0_.oid=?
2020-06-10 18:11:47.792 TRACE 55751 --- [    Test worker] o.h.type.descriptor.sql.BasicBinder      : binding parameter [1] as [VARCHAR] - [1.2.246.562.10.71205503043]
2020-06-10 18:11:47.793 TRACE 55751 --- [    Test worker] o.h.type.descriptor.sql.BasicExtractor   : extracted value ([id1_5_] : [BIGINT]) - [31]
2020-06-10 18:11:47.793 DEBUG 55751 --- [    Test worker] o.s.jdbc.core.JdbcTemplate               : Executing SQL update [UPDATE organisaatio_nimi SET alkupvm = CURRENT_TIMESTAMP WHERE alkupvm > CURRENT_TIMESTAMP ]
Hibernate: 
    select
        organisaat0_.id as id1_5_,
        organisaat0_.version as version2_5_,
        organisaat0_.alkupvm as alkupvm3_5_,
        organisaat0_.domainnimi as domainni4_5_,
        organisaat0_.kotipaikka as kotipaik5_5_,
        organisaat0_.kuvaus_mkt as kuvaus_28_5_,
        organisaat0_.lakkautuspvm as lakkautu6_5_,
        organisaat0_.maa as maa7_5_,
        organisaat0_.metadata_id as metadat29_5_,
        organisaat0_.nimi_mkt as nimi_mk30_5_,
        organisaat0_.nimihaku as nimihaku8_5_,
        organisaat0_.oid as oid9_5_,
        organisaat0_.opetuspisteenjarjnro as opetusp10_5_,
        organisaat0_.oppilaitoskoodi as oppilai11_5_,
        organisaat0_.oppilaitos_tyyppi as oppilai12_5_,
        organisaat0_.organisaatio_poistettu as organis13_5_,
        organisaat0_.paivittaja as paivitt14_5_,
        organisaat0_.paivityspvm as paivity15_5_,
        organisaat0_.parentidpath as parenti16_5_,
        organisaat0_.parentoidpath as parento17_5_,
        organisaat0_.piilotettu as piilote18_5_,
        organisaat0_.tarkastus_pvm as tarkast19_5_,
        organisaat0_.toimipistekoodi as toimipi20_5_,
        organisaat0_.tuontipvm as tuontip21_5_,
        organisaat0_.varhaiskasvatuksen_toimipaikka_tiedot_id as varhais31_5_,
        organisaat0_.virastotunnus as virasto22_5_,
        organisaat0_.yhteishaunkoulukoodi as yhteish23_5_,
        organisaat0_.yritysmuoto as yritysm24_5_,
        organisaat0_.ytj_kieli as ytj_kie25_5_,
        organisaat0_.ytjpaivityspvm as ytjpaiv26_5_,
        organisaat0_.ytunnus as ytunnus27_5_ 
    from
        organisaatio organisaat0_ 
    where
        organisaat0_.nimi_mkt<>(
            select
                organisaat1_.nimi_mkt 
            from
                organisaatio_nimi organisaat1_ cross 
            join
                monikielinen_teksti monikielin2_ 
            where
                organisaat1_.nimi_mkt=monikielin2_.id 
                and organisaat1_.alkupvm=(
                    select
                        max(organisaat3_.alkupvm) 
                    from
                        organisaatio_nimi organisaat3_ 
                    where
                        organisaat1_.organisaatio_id=organisaat3_.organisaatio_id 
                        and organisaat3_.alkupvm<='2020-06-10'
                ) 
                and organisaat0_.id=organisaat1_.organisaatio_id
            )
2020-06-10 18:11:47.805 TRACE 55751 --- [    Test worker] o.h.type.descriptor.sql.BasicExtractor   : extracted value ([id1_5_] : [BIGINT]) - [31]
2020-06-10 18:11:47.805  INFO 55751 --- [    Test worker] .s.o.b.i.OrganisaatioBusinessServiceImpl : Orgnisaation nimen update tarve: Organisaatio[id=31, version=1]
2020-06-10 18:11:47.806  INFO 55751 --- [    Test worker] v.s.o.r.i.OrganisaatioNimiRepositoryImpl : findCurrentNimi(31)
Hibernate: 
    select
        organisaat0_.id as id1_11_,
        organisaat0_.version as version2_11_,
        organisaat0_.alkupvm as alkupvm3_11_,
        organisaat0_.nimi_mkt as nimi_mkt5_11_,
        organisaat0_.organisaatio_id as organisa6_11_,
        organisaat0_.paivittaja as paivitta4_11_ 
    from
        organisaatio_nimi organisaat0_ 
    where
        organisaatio_id=31 
        and alkupvm=(
            select
                max(organisaat1_.alkupvm) 
            from
                organisaatio_nimi organisaat1_ 
            where
                organisaatio_id=31 
                and alkupvm<='2020-06-10'
        )
2020-06-10 18:11:47.810 TRACE 55751 --- [    Test worker] o.h.type.descriptor.sql.BasicExtractor   : extracted value ([id1_11_] : [BIGINT]) - [33]
2020-06-10 18:11:47.810  INFO 55751 --- [    Test worker] v.s.o.r.i.OrganisaatioNimiRepositoryImpl : findCurrentNimi() result size: 1
2020-06-10 18:11:47.811  INFO 55751 --- [    Test worker] .s.o.b.i.OrganisaatioBusinessServiceImpl : updating Organisaatio[id=31, version=1]
Hibernate: 
    update
        organisaatio 
    set
        version=?,
        alkupvm=?,
        domainnimi=?,
        kotipaikka=?,
        kuvaus_mkt=?,
        lakkautuspvm=?,
        maa=?,
        metadata_id=?,
        nimi_mkt=?,
        nimihaku=?,
        oid=?,
        opetuspisteenjarjnro=?,
        oppilaitoskoodi=?,
        oppilaitos_tyyppi=?,
        organisaatio_poistettu=?,
        paivittaja=?,
        paivityspvm=?,
        parentidpath=?,
        parentoidpath=?,
        piilotettu=?,
        tarkastus_pvm=?,
        toimipistekoodi=?,
        tuontipvm=?,
        varhaiskasvatuksen_toimipaikka_tiedot_id=?,
        virastotunnus=?,
        yhteishaunkoulukoodi=?,
        yritysmuoto=?,
        ytj_kieli=?,
        ytjpaivityspvm=?,
        ytunnus=? 
    where
        id=? 
        and version=?
2020-06-10 18:11:47.812 TRACE 55751 --- [    Test worker] o.h.type.descriptor.sql.BasicBinder      : binding parameter [1] as [BIGINT] - [2]
2020-06-10 18:11:47.812 TRACE 55751 --- [    Test worker] o.h.type.descriptor.sql.BasicBinder      : binding parameter [2] as [DATE] - [Fri Dec 31 00:00:00 EET 1999]
2020-06-10 18:11:47.812 TRACE 55751 --- [    Test worker] o.h.type.descriptor.sql.BasicBinder      : binding parameter [3] as [VARCHAR] - [null]
2020-06-10 18:11:47.812 TRACE 55751 --- [    Test worker] o.h.type.descriptor.sql.BasicBinder      : binding parameter [4] as [VARCHAR] - [kunta_092]
2020-06-10 18:11:47.812 TRACE 55751 --- [    Test worker] o.h.type.descriptor.sql.BasicBinder      : binding parameter [5] as [BIGINT] - [1043]
2020-06-10 18:11:47.812 TRACE 55751 --- [    Test worker] o.h.type.descriptor.sql.BasicBinder      : binding parameter [6] as [DATE] - [null]
2020-06-10 18:11:47.812 TRACE 55751 --- [    Test worker] o.h.type.descriptor.sql.BasicBinder      : binding parameter [7] as [VARCHAR] - [maatjavaltiot1_fin]
2020-06-10 18:11:47.812 TRACE 55751 --- [    Test worker] o.h.type.descriptor.sql.BasicBinder      : binding parameter [8] as [BIGINT] - [null]
2020-06-10 18:11:47.812 TRACE 55751 --- [    Test worker] o.h.type.descriptor.sql.BasicBinder      : binding parameter [9] as [BIGINT] - [1045]
2020-06-10 18:11:47.812 TRACE 55751 --- [    Test worker] o.h.type.descriptor.sql.BasicBinder      : binding parameter [10] as [VARCHAR] - [,nimi]
2020-06-10 18:11:47.812 TRACE 55751 --- [    Test worker] o.h.type.descriptor.sql.BasicBinder      : binding parameter [11] as [VARCHAR] - [1.2.246.562.10.71205503043]
2020-06-10 18:11:47.812 TRACE 55751 --- [    Test worker] o.h.type.descriptor.sql.BasicBinder      : binding parameter [12] as [VARCHAR] - [null]
2020-06-10 18:11:47.812 TRACE 55751 --- [    Test worker] o.h.type.descriptor.sql.BasicBinder      : binding parameter [13] as [VARCHAR] - [null]
2020-06-10 18:11:47.812 TRACE 55751 --- [    Test worker] o.h.type.descriptor.sql.BasicBinder      : binding parameter [14] as [VARCHAR] - [null]
2020-06-10 18:11:47.812 TRACE 55751 --- [    Test worker] o.h.type.descriptor.sql.BasicBinder      : binding parameter [15] as [BOOLEAN] - [false]
2020-06-10 18:11:47.812 TRACE 55751 --- [    Test worker] o.h.type.descriptor.sql.BasicBinder      : binding parameter [16] as [VARCHAR] - [ophadmin]
2020-06-10 18:11:47.812 TRACE 55751 --- [    Test worker] o.h.type.descriptor.sql.BasicBinder      : binding parameter [17] as [TIMESTAMP] - [Wed Jun 10 18:11:47 EEST 2020]
2020-06-10 18:11:47.812 TRACE 55751 --- [    Test worker] o.h.type.descriptor.sql.BasicBinder      : binding parameter [18] as [VARCHAR] - [|1|]
2020-06-10 18:11:47.812 TRACE 55751 --- [    Test worker] o.h.type.descriptor.sql.BasicBinder      : binding parameter [19] as [VARCHAR] - [|1.2.246.562.24.00000000001|]
2020-06-10 18:11:47.812 TRACE 55751 --- [    Test worker] o.h.type.descriptor.sql.BasicBinder      : binding parameter [20] as [BOOLEAN] - [false]
2020-06-10 18:11:47.812 TRACE 55751 --- [    Test worker] o.h.type.descriptor.sql.BasicBinder      : binding parameter [21] as [TIMESTAMP] - [null]
2020-06-10 18:11:47.812 TRACE 55751 --- [    Test worker] o.h.type.descriptor.sql.BasicBinder      : binding parameter [22] as [VARCHAR] - [null]
2020-06-10 18:11:47.812 TRACE 55751 --- [    Test worker] o.h.type.descriptor.sql.BasicBinder      : binding parameter [23] as [TIMESTAMP] - [null]
2020-06-10 18:11:47.812 TRACE 55751 --- [    Test worker] o.h.type.descriptor.sql.BasicBinder      : binding parameter [24] as [BIGINT] - [null]
2020-06-10 18:11:47.812 TRACE 55751 --- [    Test worker] o.h.type.descriptor.sql.BasicBinder      : binding parameter [25] as [VARCHAR] - [null]
2020-06-10 18:11:47.812 TRACE 55751 --- [    Test worker] o.h.type.descriptor.sql.BasicBinder      : binding parameter [26] as [VARCHAR] - [null]
2020-06-10 18:11:47.812 TRACE 55751 --- [    Test worker] o.h.type.descriptor.sql.BasicBinder      : binding parameter [27] as [VARCHAR] - [null]
2020-06-10 18:11:47.812 TRACE 55751 --- [    Test worker] o.h.type.descriptor.sql.BasicBinder      : binding parameter [28] as [VARCHAR] - [null]
2020-06-10 18:11:47.812 TRACE 55751 --- [    Test worker] o.h.type.descriptor.sql.BasicBinder      : binding parameter [29] as [DATE] - [null]
2020-06-10 18:11:47.812 TRACE 55751 --- [    Test worker] o.h.type.descriptor.sql.BasicBinder      : binding parameter [30] as [VARCHAR] - [null]
2020-06-10 18:11:47.812 TRACE 55751 --- [    Test worker] o.h.type.descriptor.sql.BasicBinder      : binding parameter [31] as [BIGINT] - [31]
2020-06-10 18:11:47.813 TRACE 55751 --- [    Test worker] o.h.type.descriptor.sql.BasicBinder      : binding parameter [32] as [BIGINT] - [1]
Hibernate: 
    select
        distinct organisaat0_.id as id1_5_,
        organisaat0_.version as version2_5_,
        organisaat0_.alkupvm as alkupvm3_5_,
        organisaat0_.domainnimi as domainni4_5_,
        organisaat0_.kotipaikka as kotipaik5_5_,
        organisaat0_.kuvaus_mkt as kuvaus_28_5_,
        organisaat0_.lakkautuspvm as lakkautu6_5_,
        organisaat0_.maa as maa7_5_,
        organisaat0_.metadata_id as metadat29_5_,
        organisaat0_.nimi_mkt as nimi_mk30_5_,
        organisaat0_.nimihaku as nimihaku8_5_,
        organisaat0_.oid as oid9_5_,
        organisaat0_.opetuspisteenjarjnro as opetusp10_5_,
        organisaat0_.oppilaitoskoodi as oppilai11_5_,
        organisaat0_.oppilaitos_tyyppi as oppilai12_5_,
        organisaat0_.organisaatio_poistettu as organis13_5_,
        organisaat0_.paivittaja as paivitt14_5_,
        organisaat0_.paivityspvm as paivity15_5_,
        organisaat0_.parentidpath as parenti16_5_,
        organisaat0_.parentoidpath as parento17_5_,
        organisaat0_.piilotettu as piilote18_5_,
        organisaat0_.tarkastus_pvm as tarkast19_5_,
        organisaat0_.toimipistekoodi as toimipi20_5_,
        organisaat0_.tuontipvm as tuontip21_5_,
        organisaat0_.varhaiskasvatuksen_toimipaikka_tiedot_id as varhais31_5_,
        organisaat0_.virastotunnus as virasto22_5_,
        organisaat0_.yhteishaunkoulukoodi as yhteish23_5_,
        organisaat0_.yritysmuoto as yritysm24_5_,
        organisaat0_.ytj_kieli as ytj_kie25_5_,
        organisaat0_.ytjpaivityspvm as ytjpaiv26_5_,
        organisaat0_.ytunnus as ytunnus27_5_ 
    from
        organisaatio organisaat0_ 
    where
        organisaat0_.parentidpath like ? escape '!'
2020-06-10 18:11:47.813 TRACE 55751 --- [    Test worker] o.h.type.descriptor.sql.BasicBinder      : binding parameter [1] as [VARCHAR] - [%|31|]
Hibernate: 
    select
        organisaat0_.id as id1_5_,
        organisaat0_.version as version2_5_,
        organisaat0_.alkupvm as alkupvm3_5_,
        organisaat0_.domainnimi as domainni4_5_,
        organisaat0_.kotipaikka as kotipaik5_5_,
        organisaat0_.kuvaus_mkt as kuvaus_28_5_,
        organisaat0_.lakkautuspvm as lakkautu6_5_,
        organisaat0_.maa as maa7_5_,
        organisaat0_.metadata_id as metadat29_5_,
        organisaat0_.nimi_mkt as nimi_mk30_5_,
        organisaat0_.nimihaku as nimihaku8_5_,
        organisaat0_.oid as oid9_5_,
        organisaat0_.opetuspisteenjarjnro as opetusp10_5_,
        organisaat0_.oppilaitoskoodi as oppilai11_5_,
        organisaat0_.oppilaitos_tyyppi as oppilai12_5_,
        organisaat0_.organisaatio_poistettu as organis13_5_,
        organisaat0_.paivittaja as paivitt14_5_,
        organisaat0_.paivityspvm as paivity15_5_,
        organisaat0_.parentidpath as parenti16_5_,
        organisaat0_.parentoidpath as parento17_5_,
        organisaat0_.piilotettu as piilote18_5_,
        organisaat0_.tarkastus_pvm as tarkast19_5_,
        organisaat0_.toimipistekoodi as toimipi20_5_,
        organisaat0_.tuontipvm as tuontip21_5_,
        organisaat0_.varhaiskasvatuksen_toimipaikka_tiedot_id as varhais31_5_,
        organisaat0_.virastotunnus as virasto22_5_,
        organisaat0_.yhteishaunkoulukoodi as yhteish23_5_,
        organisaat0_.yritysmuoto as yritysm24_5_,
        organisaat0_.ytj_kieli as ytj_kie25_5_,
        organisaat0_.ytjpaivityspvm as ytjpaiv26_5_,
        organisaat0_.ytunnus as ytunnus27_5_ 
    from
        organisaatio organisaat0_ 
    where
        organisaat0_.oid=?
2020-06-10 18:11:47.818 TRACE 55751 --- [    Test worker] o.h.type.descriptor.sql.BasicBinder      : binding parameter [1] as [VARCHAR] - [1.2.246.562.10.71205503043]
2020-06-10 18:11:47.818 TRACE 55751 --- [    Test worker] o.h.type.descriptor.sql.BasicExtractor   : extracted value ([id1_5_] : [BIGINT]) - [31]
2020-06-10 18:11:47.820  INFO 55751 --- [    Test worker] o.s.t.c.transaction.TransactionContext   : Rolled back transaction for test: [DefaultTestContext@633e0b9b testClass = OrganisaatioBusinessServiceImplTest, testInstance = fi.vm.sade.organisaatio.business.impl.OrganisaatioBusinessServiceImplTest@1857b13d, testMethod = updateCurrentOrganisaatioNimet@OrganisaatioBusinessServiceImplTest, testException = [null], mergedContextConfiguration = [WebMergedContextConfiguration@142403d testClass = OrganisaatioBusinessServiceImplTest, locations = '{}', classes = '{class fi.vm.sade.organisaatio.OrganisaatioApplication, class fi.vm.sade.organisaatio.business.impl.OrganisaatioBusinessServiceImplTest$OrganisaatioBusinessServiceImplTestContextConfiguration}', contextInitializerClasses = '[]', activeProfiles = '{}', propertySourceLocations = '{}', propertySourceProperties = '{org.springframework.boot.test.context.SpringBootTestContextBootstrapper=true}', contextCustomizers = set[org.springframework.boot.test.autoconfigure.properties.PropertyMappingContextCustomizer@a273518a, org.springframework.boot.test.autoconfigure.web.servlet.WebDriverContextCustomizerFactory$Customizer@25a95d7a, [ImportsContextCustomizer@1758189f key = [org.springframework.boot.test.autoconfigure.jdbc.TestDatabaseAutoConfiguration, org.springframework.boot.autoconfigure.jdbc.DataSourceAutoConfiguration]], org.springframework.boot.test.context.filter.ExcludeFilterContextCustomizer@33d60c3d, org.springframework.boot.test.json.DuplicateJsonObjectContextCustomizerFactory$DuplicateJsonObjectContextCustomizer@6943770e, org.springframework.boot.test.mock.mockito.MockitoContextCustomizer@0, org.springframework.boot.test.web.client.TestRestTemplateContextCustomizer@536042e6, org.springframework.boot.test.context.SpringBootTestArgs@1], resourceBasePath = 'src/main/webapp', contextLoader = 'org.springframework.boot.test.context.SpringBootContextLoader', parent = [null]], attributes = map['org.springframework.test.context.web.ServletTestExecutionListener.activateListener' -> true, 'org.springframework.test.context.web.ServletTestExecutionListener.populatedRequestContextHolder' -> true, 'org.springframework.test.context.web.ServletTestExecutionListener.resetRequestContextHolder' -> true]]
2020-06-10 18:11:47.821  INFO 55751 --- [    Test worker] o.s.t.c.transaction.TransactionContext   : Began transaction (1) for test context [DefaultTestContext@633e0b9b testClass = OrganisaatioBusinessServiceImplTest, testInstance = fi.vm.sade.organisaatio.business.impl.OrganisaatioBusinessServiceImplTest@376d4b49, testMethod = updateOppilaitosShouldUpdateToimipisteNames@OrganisaatioBusinessServiceImplTest, testException = [null], mergedContextConfiguration = [WebMergedContextConfiguration@142403d testClass = OrganisaatioBusinessServiceImplTest, locations = '{}', classes = '{class fi.vm.sade.organisaatio.OrganisaatioApplication, class fi.vm.sade.organisaatio.business.impl.OrganisaatioBusinessServiceImplTest$OrganisaatioBusinessServiceImplTestContextConfiguration}', contextInitializerClasses = '[]', activeProfiles = '{}', propertySourceLocations = '{}', propertySourceProperties = '{org.springframework.boot.test.context.SpringBootTestContextBootstrapper=true}', contextCustomizers = set[org.springframework.boot.test.autoconfigure.properties.PropertyMappingContextCustomizer@a273518a, org.springframework.boot.test.autoconfigure.web.servlet.WebDriverContextCustomizerFactory$Customizer@25a95d7a, [ImportsContextCustomizer@1758189f key = [org.springframework.boot.test.autoconfigure.jdbc.TestDatabaseAutoConfiguration, org.springframework.boot.autoconfigure.jdbc.DataSourceAutoConfiguration]], org.springframework.boot.test.context.filter.ExcludeFilterContextCustomizer@33d60c3d, org.springframework.boot.test.json.DuplicateJsonObjectContextCustomizerFactory$DuplicateJsonObjectContextCustomizer@6943770e, org.springframework.boot.test.mock.mockito.MockitoContextCustomizer@0, org.springframework.boot.test.web.client.TestRestTemplateContextCustomizer@536042e6, org.springframework.boot.test.context.SpringBootTestArgs@1], resourceBasePath = 'src/main/webapp', contextLoader = 'org.springframework.boot.test.context.SpringBootContextLoader', parent = [null]], attributes = map['org.springframework.test.context.web.ServletTestExecutionListener.activateListener' -> true, 'org.springframework.test.context.web.ServletTestExecutionListener.populatedRequestContextHolder' -> true, 'org.springframework.test.context.web.ServletTestExecutionListener.resetRequestContextHolder' -> true]]; transaction manager [org.springframework.orm.jpa.JpaTransactionManager@441d876b]; rollback [true]
Hibernate: 
    select
        organisaat0_.id as id1_5_,
        organisaat0_.version as version2_5_,
        organisaat0_.alkupvm as alkupvm3_5_,
        organisaat0_.domainnimi as domainni4_5_,
        organisaat0_.kotipaikka as kotipaik5_5_,
        organisaat0_.kuvaus_mkt as kuvaus_28_5_,
        organisaat0_.lakkautuspvm as lakkautu6_5_,
        organisaat0_.maa as maa7_5_,
        organisaat0_.metadata_id as metadat29_5_,
        organisaat0_.nimi_mkt as nimi_mk30_5_,
        organisaat0_.nimihaku as nimihaku8_5_,
        organisaat0_.oid as oid9_5_,
        organisaat0_.opetuspisteenjarjnro as opetusp10_5_,
        organisaat0_.oppilaitoskoodi as oppilai11_5_,
        organisaat0_.oppilaitos_tyyppi as oppilai12_5_,
        organisaat0_.organisaatio_poistettu as organis13_5_,
        organisaat0_.paivittaja as paivitt14_5_,
        organisaat0_.paivityspvm as paivity15_5_,
        organisaat0_.parentidpath as parenti16_5_,
        organisaat0_.parentoidpath as parento17_5_,
        organisaat0_.piilotettu as piilote18_5_,
        organisaat0_.tarkastus_pvm as tarkast19_5_,
        organisaat0_.toimipistekoodi as toimipi20_5_,
        organisaat0_.tuontipvm as tuontip21_5_,
        organisaat0_.varhaiskasvatuksen_toimipaikka_tiedot_id as varhais31_5_,
        organisaat0_.virastotunnus as virasto22_5_,
        organisaat0_.yhteishaunkoulukoodi as yhteish23_5_,
        organisaat0_.yritysmuoto as yritysm24_5_,
        organisaat0_.ytj_kieli as ytj_kie25_5_,
        organisaat0_.ytjpaivityspvm as ytjpaiv26_5_,
        organisaat0_.ytunnus as ytunnus27_5_ 
    from
        organisaatio organisaat0_ 
    where
        organisaat0_.oid=?
2020-06-10 18:11:47.825 TRACE 55751 --- [    Test worker] o.h.type.descriptor.sql.BasicBinder      : binding parameter [1] as [VARCHAR] - [1.2.246.562.10.27649343363]
2020-06-10 18:11:48.074  WARN 55751 --- [    Test worker] fi.vm.sade.javautils.http.OphHttpClient  : Failed to CAS authenticate. Renewing proxy ticket.
Hibernate: 
    select
        organisaat0_.id as id1_5_,
        organisaat0_.version as version2_5_,
        organisaat0_.alkupvm as alkupvm3_5_,
        organisaat0_.domainnimi as domainni4_5_,
        organisaat0_.kotipaikka as kotipaik5_5_,
        organisaat0_.kuvaus_mkt as kuvaus_28_5_,
        organisaat0_.lakkautuspvm as lakkautu6_5_,
        organisaat0_.maa as maa7_5_,
        organisaat0_.metadata_id as metadat29_5_,
        organisaat0_.nimi_mkt as nimi_mk30_5_,
        organisaat0_.nimihaku as nimihaku8_5_,
        organisaat0_.oid as oid9_5_,
        organisaat0_.opetuspisteenjarjnro as opetusp10_5_,
        organisaat0_.oppilaitoskoodi as oppilai11_5_,
        organisaat0_.oppilaitos_tyyppi as oppilai12_5_,
        organisaat0_.organisaatio_poistettu as organis13_5_,
        organisaat0_.paivittaja as paivitt14_5_,
        organisaat0_.paivityspvm as paivity15_5_,
        organisaat0_.parentidpath as parenti16_5_,
        organisaat0_.parentoidpath as parento17_5_,
        organisaat0_.piilotettu as piilote18_5_,
        organisaat0_.tarkastus_pvm as tarkast19_5_,
        organisaat0_.toimipistekoodi as toimipi20_5_,
        organisaat0_.tuontipvm as tuontip21_5_,
        organisaat0_.varhaiskasvatuksen_toimipaikka_tiedot_id as varhais31_5_,
        organisaat0_.virastotunnus as virasto22_5_,
        organisaat0_.yhteishaunkoulukoodi as yhteish23_5_,
        organisaat0_.yritysmuoto as yritysm24_5_,
        organisaat0_.ytj_kieli as ytj_kie25_5_,
        organisaat0_.ytjpaivityspvm as ytjpaiv26_5_,
        organisaat0_.ytunnus as ytunnus27_5_ 
    from
        organisaatio organisaat0_ 
    where
        organisaat0_.oid=?
2020-06-10 18:11:48.186 TRACE 55751 --- [    Test worker] o.h.type.descriptor.sql.BasicBinder      : binding parameter [1] as [VARCHAR] - [1.2.246.562.24.00000000001]
2020-06-10 18:11:48.186 TRACE 55751 --- [    Test worker] o.h.type.descriptor.sql.BasicExtractor   : extracted value ([id1_5_] : [BIGINT]) - [1]
2020-06-10 18:11:48.186 TRACE 55751 --- [    Test worker] o.h.type.descriptor.sql.BasicExtractor   : extracted value ([version2_5_] : [BIGINT]) - [0]
2020-06-10 18:11:48.186 TRACE 55751 --- [    Test worker] o.h.type.descriptor.sql.BasicExtractor   : extracted value ([alkupvm3_5_] : [DATE]) - [2004-06-29]
2020-06-10 18:11:48.186 TRACE 55751 --- [    Test worker] o.h.type.descriptor.sql.BasicExtractor   : extracted value ([domainni4_5_] : [VARCHAR]) - [null]
2020-06-10 18:11:48.186 TRACE 55751 --- [    Test worker] o.h.type.descriptor.sql.BasicExtractor   : extracted value ([kotipaik5_5_] : [VARCHAR]) - [Helsinki]
2020-06-10 18:11:48.186 TRACE 55751 --- [    Test worker] o.h.type.descriptor.sql.BasicExtractor   : extracted value ([kuvaus_28_5_] : [BIGINT]) - [null]
2020-06-10 18:11:48.186 TRACE 55751 --- [    Test worker] o.h.type.descriptor.sql.BasicExtractor   : extracted value ([lakkautu6_5_] : [DATE]) - [null]
2020-06-10 18:11:48.186 TRACE 55751 --- [    Test worker] o.h.type.descriptor.sql.BasicExtractor   : extracted value ([maa7_5_] : [VARCHAR]) - [null]
2020-06-10 18:11:48.186 TRACE 55751 --- [    Test worker] o.h.type.descriptor.sql.BasicExtractor   : extracted value ([metadat29_5_] : [BIGINT]) - [null]
2020-06-10 18:11:48.186 TRACE 55751 --- [    Test worker] o.h.type.descriptor.sql.BasicExtractor   : extracted value ([nimi_mk30_5_] : [BIGINT]) - [1]
2020-06-10 18:11:48.186 TRACE 55751 --- [    Test worker] o.h.type.descriptor.sql.BasicExtractor   : extracted value ([nimihaku8_5_] : [VARCHAR]) - [opetushallitus]
2020-06-10 18:11:48.186 TRACE 55751 --- [    Test worker] o.h.type.descriptor.sql.BasicExtractor   : extracted value ([oid9_5_] : [VARCHAR]) - [1.2.246.562.24.00000000001]
2020-06-10 18:11:48.186 TRACE 55751 --- [    Test worker] o.h.type.descriptor.sql.BasicExtractor   : extracted value ([opetusp10_5_] : [VARCHAR]) - [null]
2020-06-10 18:11:48.187 TRACE 55751 --- [    Test worker] o.h.type.descriptor.sql.BasicExtractor   : extracted value ([oppilai11_5_] : [VARCHAR]) - [null]
2020-06-10 18:11:48.187 TRACE 55751 --- [    Test worker] o.h.type.descriptor.sql.BasicExtractor   : extracted value ([oppilai12_5_] : [VARCHAR]) - [null]
2020-06-10 18:11:48.187 TRACE 55751 --- [    Test worker] o.h.type.descriptor.sql.BasicExtractor   : extracted value ([organis13_5_] : [BOOLEAN]) - [false]
2020-06-10 18:11:48.187 TRACE 55751 --- [    Test worker] o.h.type.descriptor.sql.BasicExtractor   : extracted value ([paivitt14_5_] : [VARCHAR]) - [null]
2020-06-10 18:11:48.187 TRACE 55751 --- [    Test worker] o.h.type.descriptor.sql.BasicExtractor   : extracted value ([paivity15_5_] : [TIMESTAMP]) - [null]
2020-06-10 18:11:48.187 TRACE 55751 --- [    Test worker] o.h.type.descriptor.sql.BasicExtractor   : extracted value ([parenti16_5_] : [VARCHAR]) - [null]
2020-06-10 18:11:48.187 TRACE 55751 --- [    Test worker] o.h.type.descriptor.sql.BasicExtractor   : extracted value ([parento17_5_] : [VARCHAR]) - [null]
2020-06-10 18:11:48.187 TRACE 55751 --- [    Test worker] o.h.type.descriptor.sql.BasicExtractor   : extracted value ([piilote18_5_] : [BOOLEAN]) - [false]
2020-06-10 18:11:48.187 TRACE 55751 --- [    Test worker] o.h.type.descriptor.sql.BasicExtractor   : extracted value ([tarkast19_5_] : [TIMESTAMP]) - [null]
2020-06-10 18:11:48.187 TRACE 55751 --- [    Test worker] o.h.type.descriptor.sql.BasicExtractor   : extracted value ([toimipi20_5_] : [VARCHAR]) - [null]
2020-06-10 18:11:48.187 TRACE 55751 --- [    Test worker] o.h.type.descriptor.sql.BasicExtractor   : extracted value ([tuontip21_5_] : [TIMESTAMP]) - [null]
2020-06-10 18:11:48.187 TRACE 55751 --- [    Test worker] o.h.type.descriptor.sql.BasicExtractor   : extracted value ([varhais31_5_] : [BIGINT]) - [null]
2020-06-10 18:11:48.187 TRACE 55751 --- [    Test worker] o.h.type.descriptor.sql.BasicExtractor   : extracted value ([virasto22_5_] : [VARCHAR]) - [null]
2020-06-10 18:11:48.187 TRACE 55751 --- [    Test worker] o.h.type.descriptor.sql.BasicExtractor   : extracted value ([yhteish23_5_] : [VARCHAR]) - [null]
2020-06-10 18:11:48.187 TRACE 55751 --- [    Test worker] o.h.type.descriptor.sql.BasicExtractor   : extracted value ([yritysm24_5_] : [VARCHAR]) - [oy]
2020-06-10 18:11:48.187 TRACE 55751 --- [    Test worker] o.h.type.descriptor.sql.BasicExtractor   : extracted value ([ytj_kie25_5_] : [VARCHAR]) - [null]
2020-06-10 18:11:48.187 TRACE 55751 --- [    Test worker] o.h.type.descriptor.sql.BasicExtractor   : extracted value ([ytjpaiv26_5_] : [DATE]) - [null]
2020-06-10 18:11:48.187 TRACE 55751 --- [    Test worker] o.h.type.descriptor.sql.BasicExtractor   : extracted value ([ytunnus27_5_] : [VARCHAR]) - [null]
2020-06-10 18:11:48.187 TRACE 55751 --- [    Test worker] org.hibernate.type.CollectionType        : Created collection wrapper: [fi.vm.sade.organisaatio.model.Organisaatio.childSuhteet#1]
2020-06-10 18:11:48.187 TRACE 55751 --- [    Test worker] org.hibernate.type.CollectionType        : Created collection wrapper: [fi.vm.sade.organisaatio.model.Organisaatio.kayttoryhmat#1]
2020-06-10 18:11:48.187 TRACE 55751 --- [    Test worker] org.hibernate.type.CollectionType        : Created collection wrapper: [fi.vm.sade.organisaatio.model.Organisaatio.kielet#1]
2020-06-10 18:11:48.187 TRACE 55751 --- [    Test worker] org.hibernate.type.CollectionType        : Created collection wrapper: [fi.vm.sade.organisaatio.model.Organisaatio.muutKotipaikatUris#1]
2020-06-10 18:11:48.187 TRACE 55751 --- [    Test worker] org.hibernate.type.CollectionType        : Created collection wrapper: [fi.vm.sade.organisaatio.model.Organisaatio.muutOppilaitosTyyppiUris#1]
2020-06-10 18:11:48.187 TRACE 55751 --- [    Test worker] org.hibernate.type.CollectionType        : Created collection wrapper: [fi.vm.sade.organisaatio.model.Organisaatio.nimet#1]
2020-06-10 18:11:48.187 TRACE 55751 --- [    Test worker] org.hibernate.type.CollectionType        : Created collection wrapper: [fi.vm.sade.organisaatio.model.Organisaatio.organisaatioLisatietotyypit#1]
2020-06-10 18:11:48.187 TRACE 55751 --- [    Test worker] org.hibernate.type.CollectionType        : Created collection wrapper: [fi.vm.sade.organisaatio.model.Organisaatio.parentSuhteet#1]
2020-06-10 18:11:48.188 TRACE 55751 --- [    Test worker] org.hibernate.type.CollectionType        : Created collection wrapper: [fi.vm.sade.organisaatio.model.Organisaatio.ryhmatyypit#1]
2020-06-10 18:11:48.188 TRACE 55751 --- [    Test worker] org.hibernate.type.CollectionType        : Created collection wrapper: [fi.vm.sade.organisaatio.model.Organisaatio.tyypit#1]
2020-06-10 18:11:48.188 TRACE 55751 --- [    Test worker] org.hibernate.type.CollectionType        : Created collection wrapper: [fi.vm.sade.organisaatio.model.Organisaatio.vuosiluokat#1]
2020-06-10 18:11:48.188 TRACE 55751 --- [    Test worker] org.hibernate.type.CollectionType        : Created collection wrapper: [fi.vm.sade.organisaatio.model.Organisaatio.yhteystiedot#1]
2020-06-10 18:11:48.188 TRACE 55751 --- [    Test worker] org.hibernate.type.CollectionType        : Created collection wrapper: [fi.vm.sade.organisaatio.model.Organisaatio.yhteystietoArvos#1]
Hibernate: 
    select
        parentsuht0_.child_id as child_id7_19_0_,
        parentsuht0_.id as id1_19_0_,
        parentsuht0_.id as id1_19_1_,
        parentsuht0_.version as version2_19_1_,
        parentsuht0_.alkupvm as alkupvm3_19_1_,
        parentsuht0_.child_id as child_id7_19_1_,
        parentsuht0_.loppupvm as loppupvm4_19_1_,
        parentsuht0_.opetuspisteenjarjnro as opetuspi5_19_1_,
        parentsuht0_.parent_id as parent_i8_19_1_,
        parentsuht0_.suhdetyyppi as suhdetyy6_19_1_ 
    from
        organisaatiosuhde parentsuht0_ 
    where
        parentsuht0_.child_id=? 
    order by
        parentsuht0_.alkupvm
2020-06-10 18:11:48.188 TRACE 55751 --- [    Test worker] o.h.type.descriptor.sql.BasicBinder      : binding parameter [1] as [BIGINT] - [1]
Hibernate: 
    select
        organisaat0_.id as id1_5_,
        organisaat0_.version as version2_5_,
        organisaat0_.alkupvm as alkupvm3_5_,
        organisaat0_.domainnimi as domainni4_5_,
        organisaat0_.kotipaikka as kotipaik5_5_,
        organisaat0_.kuvaus_mkt as kuvaus_28_5_,
        organisaat0_.lakkautuspvm as lakkautu6_5_,
        organisaat0_.maa as maa7_5_,
        organisaat0_.metadata_id as metadat29_5_,
        organisaat0_.nimi_mkt as nimi_mk30_5_,
        organisaat0_.nimihaku as nimihaku8_5_,
        organisaat0_.oid as oid9_5_,
        organisaat0_.opetuspisteenjarjnro as opetusp10_5_,
        organisaat0_.oppilaitoskoodi as oppilai11_5_,
        organisaat0_.oppilaitos_tyyppi as oppilai12_5_,
        organisaat0_.organisaatio_poistettu as organis13_5_,
        organisaat0_.paivittaja as paivitt14_5_,
        organisaat0_.paivityspvm as paivity15_5_,
        organisaat0_.parentidpath as parenti16_5_,
        organisaat0_.parentoidpath as parento17_5_,
        organisaat0_.piilotettu as piilote18_5_,
        organisaat0_.tarkastus_pvm as tarkast19_5_,
        organisaat0_.toimipistekoodi as toimipi20_5_,
        organisaat0_.tuontipvm as tuontip21_5_,
        organisaat0_.varhaiskasvatuksen_toimipaikka_tiedot_id as varhais31_5_,
        organisaat0_.virastotunnus as virasto22_5_,
        organisaat0_.yhteishaunkoulukoodi as yhteish23_5_,
        organisaat0_.yritysmuoto as yritysm24_5_,
        organisaat0_.ytj_kieli as ytj_kie25_5_,
        organisaat0_.ytjpaivityspvm as ytjpaiv26_5_,
        organisaat0_.ytunnus as ytunnus27_5_ 
    from
        organisaatio organisaat0_ 
    where
        organisaat0_.oid=?
2020-06-10 18:11:48.189 TRACE 55751 --- [    Test worker] o.h.type.descriptor.sql.BasicBinder      : binding parameter [1] as [VARCHAR] - [1.2.246.562.24.00000000001]
2020-06-10 18:11:48.189 TRACE 55751 --- [    Test worker] o.h.type.descriptor.sql.BasicExtractor   : extracted value ([id1_5_] : [BIGINT]) - [1]
2020-06-10 18:11:48.190  WARN 55751 --- [    Test worker] .s.o.b.i.OrganisaatioBusinessServiceImpl : Oppilaitos not found in parents
Hibernate: 
    insert 
    into
        monikielinen_teksti
        (id, version) 
    values
        (null, ?)
2020-06-10 18:11:48.190 TRACE 55751 --- [    Test worker] o.h.type.descriptor.sql.BasicBinder      : binding parameter [1] as [BIGINT] - [0]
Hibernate: 
    insert 
    into
        monikielinen_teksti
        (id, version) 
    values
        (null, ?)
2020-06-10 18:11:48.191 TRACE 55751 --- [    Test worker] o.h.type.descriptor.sql.BasicBinder      : binding parameter [1] as [BIGINT] - [0]
Hibernate: 
    insert 
    into
        organisaatio
        (id, version, alkupvm, domainnimi, kotipaikka, kuvaus_mkt, lakkautuspvm, maa, metadata_id, nimi_mkt, nimihaku, oid, opetuspisteenjarjnro, oppilaitoskoodi, oppilaitos_tyyppi, organisaatio_poistettu, paivittaja, paivityspvm, parentidpath, parentoidpath, piilotettu, tarkastus_pvm, toimipistekoodi, tuontipvm, varhaiskasvatuksen_toimipaikka_tiedot_id, virastotunnus, yhteishaunkoulukoodi, yritysmuoto, ytj_kieli, ytjpaivityspvm, ytunnus) 
    values
        (null, ?, ?, ?, ?, ?, ?, ?, ?, ?, ?, ?, ?, ?, ?, ?, ?, ?, ?, ?, ?, ?, ?, ?, ?, ?, ?, ?, ?, ?, ?)
2020-06-10 18:11:48.192 TRACE 55751 --- [    Test worker] o.h.type.descriptor.sql.BasicBinder      : binding parameter [1] as [BIGINT] - [0]
2020-06-10 18:11:48.192 TRACE 55751 --- [    Test worker] o.h.type.descriptor.sql.BasicBinder      : binding parameter [2] as [DATE] - [Fri Dec 31 00:00:00 EET 1999]
2020-06-10 18:11:48.192 TRACE 55751 --- [    Test worker] o.h.type.descriptor.sql.BasicBinder      : binding parameter [3] as [VARCHAR] - [null]
2020-06-10 18:11:48.192 TRACE 55751 --- [    Test worker] o.h.type.descriptor.sql.BasicBinder      : binding parameter [4] as [VARCHAR] - [kunta_092]
2020-06-10 18:11:48.192 TRACE 55751 --- [    Test worker] o.h.type.descriptor.sql.BasicBinder      : binding parameter [5] as [BIGINT] - [1046]
2020-06-10 18:11:48.192 TRACE 55751 --- [    Test worker] o.h.type.descriptor.sql.BasicBinder      : binding parameter [6] as [DATE] - [null]
2020-06-10 18:11:48.192 TRACE 55751 --- [    Test worker] o.h.type.descriptor.sql.BasicBinder      : binding parameter [7] as [VARCHAR] - [maatjavaltiot1_fin]
2020-06-10 18:11:48.192 TRACE 55751 --- [    Test worker] o.h.type.descriptor.sql.BasicBinder      : binding parameter [8] as [BIGINT] - [null]
2020-06-10 18:11:48.192 TRACE 55751 --- [    Test worker] o.h.type.descriptor.sql.BasicBinder      : binding parameter [9] as [BIGINT] - [1047]
2020-06-10 18:11:48.192 TRACE 55751 --- [    Test worker] o.h.type.descriptor.sql.BasicBinder      : binding parameter [10] as [VARCHAR] - [,koulutustoimija1]
2020-06-10 18:11:48.192 TRACE 55751 --- [    Test worker] o.h.type.descriptor.sql.BasicBinder      : binding parameter [11] as [VARCHAR] - [1.2.246.562.10.27649343363]
2020-06-10 18:11:48.192 TRACE 55751 --- [    Test worker] o.h.type.descriptor.sql.BasicBinder      : binding parameter [12] as [VARCHAR] - [null]
2020-06-10 18:11:48.192 TRACE 55751 --- [    Test worker] o.h.type.descriptor.sql.BasicBinder      : binding parameter [13] as [VARCHAR] - [null]
2020-06-10 18:11:48.192 TRACE 55751 --- [    Test worker] o.h.type.descriptor.sql.BasicBinder      : binding parameter [14] as [VARCHAR] - [null]
2020-06-10 18:11:48.192 TRACE 55751 --- [    Test worker] o.h.type.descriptor.sql.BasicBinder      : binding parameter [15] as [BOOLEAN] - [false]
2020-06-10 18:11:48.195 TRACE 55751 --- [    Test worker] o.h.type.descriptor.sql.BasicBinder      : binding parameter [16] as [VARCHAR] - [ophadmin]
2020-06-10 18:11:48.195 TRACE 55751 --- [    Test worker] o.h.type.descriptor.sql.BasicBinder      : binding parameter [17] as [TIMESTAMP] - [Wed Jun 10 18:11:48 EEST 2020]
2020-06-10 18:11:48.195 TRACE 55751 --- [    Test worker] o.h.type.descriptor.sql.BasicBinder      : binding parameter [18] as [VARCHAR] - [|1|]
2020-06-10 18:11:48.195 TRACE 55751 --- [    Test worker] o.h.type.descriptor.sql.BasicBinder      : binding parameter [19] as [VARCHAR] - [|1.2.246.562.24.00000000001|]
2020-06-10 18:11:48.195 TRACE 55751 --- [    Test worker] o.h.type.descriptor.sql.BasicBinder      : binding parameter [20] as [BOOLEAN] - [false]
2020-06-10 18:11:48.195 TRACE 55751 --- [    Test worker] o.h.type.descriptor.sql.BasicBinder      : binding parameter [21] as [TIMESTAMP] - [null]
2020-06-10 18:11:48.195 TRACE 55751 --- [    Test worker] o.h.type.descriptor.sql.BasicBinder      : binding parameter [22] as [VARCHAR] - []
2020-06-10 18:11:48.195 TRACE 55751 --- [    Test worker] o.h.type.descriptor.sql.BasicBinder      : binding parameter [23] as [TIMESTAMP] - [null]
2020-06-10 18:11:48.195 TRACE 55751 --- [    Test worker] o.h.type.descriptor.sql.BasicBinder      : binding parameter [24] as [BIGINT] - [null]
2020-06-10 18:11:48.195 TRACE 55751 --- [    Test worker] o.h.type.descriptor.sql.BasicBinder      : binding parameter [25] as [VARCHAR] - [null]
2020-06-10 18:11:48.195 TRACE 55751 --- [    Test worker] o.h.type.descriptor.sql.BasicBinder      : binding parameter [26] as [VARCHAR] - [null]
2020-06-10 18:11:48.195 TRACE 55751 --- [    Test worker] o.h.type.descriptor.sql.BasicBinder      : binding parameter [27] as [VARCHAR] - [null]
2020-06-10 18:11:48.195 TRACE 55751 --- [    Test worker] o.h.type.descriptor.sql.BasicBinder      : binding parameter [28] as [VARCHAR] - [null]
2020-06-10 18:11:48.195 TRACE 55751 --- [    Test worker] o.h.type.descriptor.sql.BasicBinder      : binding parameter [29] as [DATE] - [null]
2020-06-10 18:11:48.195 TRACE 55751 --- [    Test worker] o.h.type.descriptor.sql.BasicBinder      : binding parameter [30] as [VARCHAR] - [null]
Hibernate: 
    insert 
    into
        organisaatio_nimi
        (id, version, alkupvm, nimi_mkt, organisaatio_id, paivittaja) 
    values
        (null, ?, ?, ?, ?, ?)
2020-06-10 18:11:48.195 TRACE 55751 --- [    Test worker] o.h.type.descriptor.sql.BasicBinder      : binding parameter [1] as [BIGINT] - [0]
2020-06-10 18:11:48.195 TRACE 55751 --- [    Test worker] o.h.type.descriptor.sql.BasicBinder      : binding parameter [2] as [DATE] - [Wed Jun 10 18:11:47 EEST 2020]
2020-06-10 18:11:48.196 TRACE 55751 --- [    Test worker] o.h.type.descriptor.sql.BasicBinder      : binding parameter [3] as [BIGINT] - [1047]
2020-06-10 18:11:48.196 TRACE 55751 --- [    Test worker] o.h.type.descriptor.sql.BasicBinder      : binding parameter [4] as [BIGINT] - [32]
2020-06-10 18:11:48.196 TRACE 55751 --- [    Test worker] o.h.type.descriptor.sql.BasicBinder      : binding parameter [5] as [VARCHAR] - [null]
Hibernate: 
    insert 
    into
        yhteystieto
        (id, version, kieli, organisaatio_id, yhteystieto_oid, coordinatetype, extrarivi, lat, lng, maa, osavaltio, osoite, osoite_tyyppi, postinumero, postitoimipaikka, ytjpaivityspvm, dtype) 
    values
        (null, ?, ?, ?, ?, ?, ?, ?, ?, ?, ?, ?, ?, ?, ?, ?, 'Osoite')
2020-06-10 18:11:48.196 TRACE 55751 --- [    Test worker] o.h.type.descriptor.sql.BasicBinder      : binding parameter [1] as [BIGINT] - [0]
2020-06-10 18:11:48.196 TRACE 55751 --- [    Test worker] o.h.type.descriptor.sql.BasicBinder      : binding parameter [2] as [VARCHAR] - [kieli_fi#1]
2020-06-10 18:11:48.196 TRACE 55751 --- [    Test worker] o.h.type.descriptor.sql.BasicBinder      : binding parameter [3] as [BIGINT] - [32]
2020-06-10 18:11:48.196 TRACE 55751 --- [    Test worker] o.h.type.descriptor.sql.BasicBinder      : binding parameter [4] as [VARCHAR] - [1.2.246.562.5.35617298134]
2020-06-10 18:11:48.196 TRACE 55751 --- [    Test worker] o.h.type.descriptor.sql.BasicBinder      : binding parameter [5] as [VARCHAR] - [null]
2020-06-10 18:11:48.196 TRACE 55751 --- [    Test worker] o.h.type.descriptor.sql.BasicBinder      : binding parameter [6] as [VARCHAR] - [null]
2020-06-10 18:11:48.196 TRACE 55751 --- [    Test worker] o.h.type.descriptor.sql.BasicBinder      : binding parameter [7] as [DOUBLE] - [null]
2020-06-10 18:11:48.196 TRACE 55751 --- [    Test worker] o.h.type.descriptor.sql.BasicBinder      : binding parameter [8] as [DOUBLE] - [null]
2020-06-10 18:11:48.196 TRACE 55751 --- [    Test worker] o.h.type.descriptor.sql.BasicBinder      : binding parameter [9] as [VARCHAR] - [null]
2020-06-10 18:11:48.196 TRACE 55751 --- [    Test worker] o.h.type.descriptor.sql.BasicBinder      : binding parameter [10] as [VARCHAR] - [null]
2020-06-10 18:11:48.196 TRACE 55751 --- [    Test worker] o.h.type.descriptor.sql.BasicBinder      : binding parameter [11] as [VARCHAR] - [Postiosoite 1A]
2020-06-10 18:11:48.196 TRACE 55751 --- [    Test worker] o.h.type.descriptor.sql.BasicBinder      : binding parameter [12] as [VARCHAR] - [posti]
2020-06-10 18:11:48.196 TRACE 55751 --- [    Test worker] o.h.type.descriptor.sql.BasicBinder      : binding parameter [13] as [VARCHAR] - [00550]
2020-06-10 18:11:48.196 TRACE 55751 --- [    Test worker] o.h.type.descriptor.sql.BasicBinder      : binding parameter [14] as [VARCHAR] - [Helsinki]
2020-06-10 18:11:48.197 TRACE 55751 --- [    Test worker] o.h.type.descriptor.sql.BasicBinder      : binding parameter [15] as [DATE] - [null]
Hibernate: 
    insert 
    into
        yhteystieto
        (id, version, kieli, organisaatio_id, yhteystieto_oid, coordinatetype, extrarivi, lat, lng, maa, osavaltio, osoite, osoite_tyyppi, postinumero, postitoimipaikka, ytjpaivityspvm, dtype) 
    values
        (null, ?, ?, ?, ?, ?, ?, ?, ?, ?, ?, ?, ?, ?, ?, ?, 'Osoite')
2020-06-10 18:11:48.197 TRACE 55751 --- [    Test worker] o.h.type.descriptor.sql.BasicBinder      : binding parameter [1] as [BIGINT] - [0]
2020-06-10 18:11:48.197 TRACE 55751 --- [    Test worker] o.h.type.descriptor.sql.BasicBinder      : binding parameter [2] as [VARCHAR] - [kieli_fi#1]
2020-06-10 18:11:48.197 TRACE 55751 --- [    Test worker] o.h.type.descriptor.sql.BasicBinder      : binding parameter [3] as [BIGINT] - [32]
2020-06-10 18:11:48.197 TRACE 55751 --- [    Test worker] o.h.type.descriptor.sql.BasicBinder      : binding parameter [4] as [VARCHAR] - [1.2.246.562.5.34898445512]
2020-06-10 18:11:48.198 TRACE 55751 --- [    Test worker] o.h.type.descriptor.sql.BasicBinder      : binding parameter [5] as [VARCHAR] - [null]
2020-06-10 18:11:48.198 TRACE 55751 --- [    Test worker] o.h.type.descriptor.sql.BasicBinder      : binding parameter [6] as [VARCHAR] - [null]
2020-06-10 18:11:48.198 TRACE 55751 --- [    Test worker] o.h.type.descriptor.sql.BasicBinder      : binding parameter [7] as [DOUBLE] - [null]
2020-06-10 18:11:48.198 TRACE 55751 --- [    Test worker] o.h.type.descriptor.sql.BasicBinder      : binding parameter [8] as [DOUBLE] - [null]
2020-06-10 18:11:48.198 TRACE 55751 --- [    Test worker] o.h.type.descriptor.sql.BasicBinder      : binding parameter [9] as [VARCHAR] - [null]
2020-06-10 18:11:48.198 TRACE 55751 --- [    Test worker] o.h.type.descriptor.sql.BasicBinder      : binding parameter [10] as [VARCHAR] - [null]
2020-06-10 18:11:48.198 TRACE 55751 --- [    Test worker] o.h.type.descriptor.sql.BasicBinder      : binding parameter [11] as [VARCHAR] - [Kayntiosoite 2B]
2020-06-10 18:11:48.198 TRACE 55751 --- [    Test worker] o.h.type.descriptor.sql.BasicBinder      : binding parameter [12] as [VARCHAR] - [kaynti]
2020-06-10 18:11:48.198 TRACE 55751 --- [    Test worker] o.h.type.descriptor.sql.BasicBinder      : binding parameter [13] as [VARCHAR] - [posti_00550]
2020-06-10 18:11:48.198 TRACE 55751 --- [    Test worker] o.h.type.descriptor.sql.BasicBinder      : binding parameter [14] as [VARCHAR] - [Helsinki]
2020-06-10 18:11:48.198 TRACE 55751 --- [    Test worker] o.h.type.descriptor.sql.BasicBinder      : binding parameter [15] as [DATE] - [null]
Hibernate: 
    insert 
    into
        yhteystieto
        (id, version, kieli, organisaatio_id, yhteystieto_oid, www_osoite, dtype) 
    values
        (null, ?, ?, ?, ?, ?, 'Www')
2020-06-10 18:11:48.198 TRACE 55751 --- [    Test worker] o.h.type.descriptor.sql.BasicBinder      : binding parameter [1] as [BIGINT] - [0]
2020-06-10 18:11:48.198 TRACE 55751 --- [    Test worker] o.h.type.descriptor.sql.BasicBinder      : binding parameter [2] as [VARCHAR] - [kieli_fi#1]
2020-06-10 18:11:48.198 TRACE 55751 --- [    Test worker] o.h.type.descriptor.sql.BasicBinder      : binding parameter [3] as [BIGINT] - [32]
2020-06-10 18:11:48.199 TRACE 55751 --- [    Test worker] o.h.type.descriptor.sql.BasicBinder      : binding parameter [4] as [VARCHAR] - [15918019078250.7955320415683635]
2020-06-10 18:11:48.199 TRACE 55751 --- [    Test worker] o.h.type.descriptor.sql.BasicBinder      : binding parameter [5] as [VARCHAR] - [http://test.oph.fi]
Hibernate: 
    insert 
    into
        yhteystieto
        (id, version, kieli, organisaatio_id, yhteystieto_oid, email, dtype) 
    values
        (null, ?, ?, ?, ?, ?, 'Email')
2020-06-10 18:11:48.199 TRACE 55751 --- [    Test worker] o.h.type.descriptor.sql.BasicBinder      : binding parameter [1] as [BIGINT] - [0]
2020-06-10 18:11:48.199 TRACE 55751 --- [    Test worker] o.h.type.descriptor.sql.BasicBinder      : binding parameter [2] as [VARCHAR] - [kieli_fi#1]
2020-06-10 18:11:48.199 TRACE 55751 --- [    Test worker] o.h.type.descriptor.sql.BasicBinder      : binding parameter [3] as [BIGINT] - [32]
2020-06-10 18:11:48.199 TRACE 55751 --- [    Test worker] o.h.type.descriptor.sql.BasicBinder      : binding parameter [4] as [VARCHAR] - [15918019078250.8455258604118643]
2020-06-10 18:11:48.199 TRACE 55751 --- [    Test worker] o.h.type.descriptor.sql.BasicBinder      : binding parameter [5] as [VARCHAR] - [asd@asd.asd]
Hibernate: 
    insert 
    into
        yhteystieto
        (id, version, kieli, organisaatio_id, yhteystieto_oid, puhelinnumero, tyyppi, dtype) 
    values
        (null, ?, ?, ?, ?, ?, ?, 'Puhelinnumero')
2020-06-10 18:11:48.200 TRACE 55751 --- [    Test worker] o.h.type.descriptor.sql.BasicBinder      : binding parameter [1] as [BIGINT] - [0]
2020-06-10 18:11:48.200 TRACE 55751 --- [    Test worker] o.h.type.descriptor.sql.BasicBinder      : binding parameter [2] as [VARCHAR] - [kieli_fi#1]
2020-06-10 18:11:48.200 TRACE 55751 --- [    Test worker] o.h.type.descriptor.sql.BasicBinder      : binding parameter [3] as [BIGINT] - [32]
2020-06-10 18:11:48.200 TRACE 55751 --- [    Test worker] o.h.type.descriptor.sql.BasicBinder      : binding parameter [4] as [VARCHAR] - [1.2.246.562.5.56449403562]
2020-06-10 18:11:48.200 TRACE 55751 --- [    Test worker] o.h.type.descriptor.sql.BasicBinder      : binding parameter [5] as [VARCHAR] - [123]
2020-06-10 18:11:48.200 TRACE 55751 --- [    Test worker] o.h.type.descriptor.sql.BasicBinder      : binding parameter [6] as [VARCHAR] - [puhelin]
Hibernate: 
    update
        organisaatio 
    set
        version=?,
        alkupvm=?,
        domainnimi=?,
        kotipaikka=?,
        kuvaus_mkt=?,
        lakkautuspvm=?,
        maa=?,
        metadata_id=?,
        nimi_mkt=?,
        nimihaku=?,
        oid=?,
        opetuspisteenjarjnro=?,
        oppilaitoskoodi=?,
        oppilaitos_tyyppi=?,
        organisaatio_poistettu=?,
        paivittaja=?,
        paivityspvm=?,
        parentidpath=?,
        parentoidpath=?,
        piilotettu=?,
        tarkastus_pvm=?,
        toimipistekoodi=?,
        tuontipvm=?,
        varhaiskasvatuksen_toimipaikka_tiedot_id=?,
        virastotunnus=?,
        yhteishaunkoulukoodi=?,
        yritysmuoto=?,
        ytj_kieli=?,
        ytjpaivityspvm=?,
        ytunnus=? 
    where
        id=? 
        and version=?
2020-06-10 18:11:48.201 TRACE 55751 --- [    Test worker] o.h.type.descriptor.sql.BasicBinder      : binding parameter [1] as [BIGINT] - [1]
2020-06-10 18:11:48.201 TRACE 55751 --- [    Test worker] o.h.type.descriptor.sql.BasicBinder      : binding parameter [2] as [DATE] - [Fri Dec 31 00:00:00 EET 1999]
2020-06-10 18:11:48.201 TRACE 55751 --- [    Test worker] o.h.type.descriptor.sql.BasicBinder      : binding parameter [3] as [VARCHAR] - [null]
2020-06-10 18:11:48.201 TRACE 55751 --- [    Test worker] o.h.type.descriptor.sql.BasicBinder      : binding parameter [4] as [VARCHAR] - [kunta_092]
2020-06-10 18:11:48.201 TRACE 55751 --- [    Test worker] o.h.type.descriptor.sql.BasicBinder      : binding parameter [5] as [BIGINT] - [1046]
2020-06-10 18:11:48.201 TRACE 55751 --- [    Test worker] o.h.type.descriptor.sql.BasicBinder      : binding parameter [6] as [DATE] - [null]
2020-06-10 18:11:48.201 TRACE 55751 --- [    Test worker] o.h.type.descriptor.sql.BasicBinder      : binding parameter [7] as [VARCHAR] - [maatjavaltiot1_fin]
2020-06-10 18:11:48.201 TRACE 55751 --- [    Test worker] o.h.type.descriptor.sql.BasicBinder      : binding parameter [8] as [BIGINT] - [null]
2020-06-10 18:11:48.201 TRACE 55751 --- [    Test worker] o.h.type.descriptor.sql.BasicBinder      : binding parameter [9] as [BIGINT] - [1047]
2020-06-10 18:11:48.201 TRACE 55751 --- [    Test worker] o.h.type.descriptor.sql.BasicBinder      : binding parameter [10] as [VARCHAR] - [,koulutustoimija1]
2020-06-10 18:11:48.201 TRACE 55751 --- [    Test worker] o.h.type.descriptor.sql.BasicBinder      : binding parameter [11] as [VARCHAR] - [1.2.246.562.10.27649343363]
2020-06-10 18:11:48.201 TRACE 55751 --- [    Test worker] o.h.type.descriptor.sql.BasicBinder      : binding parameter [12] as [VARCHAR] - [null]
2020-06-10 18:11:48.201 TRACE 55751 --- [    Test worker] o.h.type.descriptor.sql.BasicBinder      : binding parameter [13] as [VARCHAR] - [null]
2020-06-10 18:11:48.201 TRACE 55751 --- [    Test worker] o.h.type.descriptor.sql.BasicBinder      : binding parameter [14] as [VARCHAR] - [null]
2020-06-10 18:11:48.201 TRACE 55751 --- [    Test worker] o.h.type.descriptor.sql.BasicBinder      : binding parameter [15] as [BOOLEAN] - [false]
2020-06-10 18:11:48.201 TRACE 55751 --- [    Test worker] o.h.type.descriptor.sql.BasicBinder      : binding parameter [16] as [VARCHAR] - [ophadmin]
2020-06-10 18:11:48.201 TRACE 55751 --- [    Test worker] o.h.type.descriptor.sql.BasicBinder      : binding parameter [17] as [TIMESTAMP] - [Wed Jun 10 18:11:48 EEST 2020]
2020-06-10 18:11:48.201 TRACE 55751 --- [    Test worker] o.h.type.descriptor.sql.BasicBinder      : binding parameter [18] as [VARCHAR] - [|1|]
2020-06-10 18:11:48.201 TRACE 55751 --- [    Test worker] o.h.type.descriptor.sql.BasicBinder      : binding parameter [19] as [VARCHAR] - [|1.2.246.562.24.00000000001|]
2020-06-10 18:11:48.201 TRACE 55751 --- [    Test worker] o.h.type.descriptor.sql.BasicBinder      : binding parameter [20] as [BOOLEAN] - [false]
2020-06-10 18:11:48.201 TRACE 55751 --- [    Test worker] o.h.type.descriptor.sql.BasicBinder      : binding parameter [21] as [TIMESTAMP] - [null]
2020-06-10 18:11:48.201 TRACE 55751 --- [    Test worker] o.h.type.descriptor.sql.BasicBinder      : binding parameter [22] as [VARCHAR] - []
2020-06-10 18:11:48.201 TRACE 55751 --- [    Test worker] o.h.type.descriptor.sql.BasicBinder      : binding parameter [23] as [TIMESTAMP] - [null]
2020-06-10 18:11:48.201 TRACE 55751 --- [    Test worker] o.h.type.descriptor.sql.BasicBinder      : binding parameter [24] as [BIGINT] - [null]
2020-06-10 18:11:48.201 TRACE 55751 --- [    Test worker] o.h.type.descriptor.sql.BasicBinder      : binding parameter [25] as [VARCHAR] - [null]
2020-06-10 18:11:48.201 TRACE 55751 --- [    Test worker] o.h.type.descriptor.sql.BasicBinder      : binding parameter [26] as [VARCHAR] - [null]
2020-06-10 18:11:48.201 TRACE 55751 --- [    Test worker] o.h.type.descriptor.sql.BasicBinder      : binding parameter [27] as [VARCHAR] - [null]
2020-06-10 18:11:48.201 TRACE 55751 --- [    Test worker] o.h.type.descriptor.sql.BasicBinder      : binding parameter [28] as [VARCHAR] - [null]
2020-06-10 18:11:48.201 TRACE 55751 --- [    Test worker] o.h.type.descriptor.sql.BasicBinder      : binding parameter [29] as [DATE] - [null]
2020-06-10 18:11:48.201 TRACE 55751 --- [    Test worker] o.h.type.descriptor.sql.BasicBinder      : binding parameter [30] as [VARCHAR] - [null]
2020-06-10 18:11:48.201 TRACE 55751 --- [    Test worker] o.h.type.descriptor.sql.BasicBinder      : binding parameter [31] as [BIGINT] - [32]
2020-06-10 18:11:48.201 TRACE 55751 --- [    Test worker] o.h.type.descriptor.sql.BasicBinder      : binding parameter [32] as [BIGINT] - [0]
Hibernate: 
    insert 
    into
        organisaatio_kielet
        (organisaatio_id, kielet) 
    values
        (?, ?)
2020-06-10 18:11:48.202 TRACE 55751 --- [    Test worker] o.h.type.descriptor.sql.BasicBinder      : binding parameter [1] as [BIGINT] - [32]
2020-06-10 18:11:48.202 TRACE 55751 --- [    Test worker] o.h.type.descriptor.sql.BasicBinder      : binding parameter [2] as [VARCHAR] - [oppilaitoksenopetuskieli_1#1]
Hibernate: 
    insert 
    into
        organisaatio_tyypit
        (organisaatio_id, tyypit) 
    values
        (?, ?)
2020-06-10 18:11:48.202 TRACE 55751 --- [    Test worker] o.h.type.descriptor.sql.BasicBinder      : binding parameter [1] as [BIGINT] - [32]
2020-06-10 18:11:48.202 TRACE 55751 --- [    Test worker] o.h.type.descriptor.sql.BasicBinder      : binding parameter [2] as [VARCHAR] - [organisaatiotyyppi_01]
Hibernate: 
    insert 
    into
        monikielinen_teksti_values
        (id, key, value) 
    values
        (?, ?, ?)
2020-06-10 18:11:48.202 TRACE 55751 --- [    Test worker] o.h.type.descriptor.sql.BasicBinder      : binding parameter [1] as [BIGINT] - [1047]
2020-06-10 18:11:48.202 TRACE 55751 --- [    Test worker] o.h.type.descriptor.sql.BasicBinder      : binding parameter [2] as [VARCHAR] - [fi]
2020-06-10 18:11:48.202 TRACE 55751 --- [    Test worker] o.h.type.descriptor.sql.BasicBinder      : binding parameter [3] as [VARCHAR] - [koulutustoimija1]
Hibernate: 
    select
        organisaat0_.id as id1_5_,
        organisaat0_.version as version2_5_,
        organisaat0_.alkupvm as alkupvm3_5_,
        organisaat0_.domainnimi as domainni4_5_,
        organisaat0_.kotipaikka as kotipaik5_5_,
        organisaat0_.kuvaus_mkt as kuvaus_28_5_,
        organisaat0_.lakkautuspvm as lakkautu6_5_,
        organisaat0_.maa as maa7_5_,
        organisaat0_.metadata_id as metadat29_5_,
        organisaat0_.nimi_mkt as nimi_mk30_5_,
        organisaat0_.nimihaku as nimihaku8_5_,
        organisaat0_.oid as oid9_5_,
        organisaat0_.opetuspisteenjarjnro as opetusp10_5_,
        organisaat0_.oppilaitoskoodi as oppilai11_5_,
        organisaat0_.oppilaitos_tyyppi as oppilai12_5_,
        organisaat0_.organisaatio_poistettu as organis13_5_,
        organisaat0_.paivittaja as paivitt14_5_,
        organisaat0_.paivityspvm as paivity15_5_,
        organisaat0_.parentidpath as parenti16_5_,
        organisaat0_.parentoidpath as parento17_5_,
        organisaat0_.piilotettu as piilote18_5_,
        organisaat0_.tarkastus_pvm as tarkast19_5_,
        organisaat0_.toimipistekoodi as toimipi20_5_,
        organisaat0_.tuontipvm as tuontip21_5_,
        organisaat0_.varhaiskasvatuksen_toimipaikka_tiedot_id as varhais31_5_,
        organisaat0_.virastotunnus as virasto22_5_,
        organisaat0_.yhteishaunkoulukoodi as yhteish23_5_,
        organisaat0_.yritysmuoto as yritysm24_5_,
        organisaat0_.ytj_kieli as ytj_kie25_5_,
        organisaat0_.ytjpaivityspvm as ytjpaiv26_5_,
        organisaat0_.ytunnus as ytunnus27_5_ 
    from
        organisaatio organisaat0_ 
    where
        organisaat0_.oid=?
2020-06-10 18:11:48.202 TRACE 55751 --- [    Test worker] o.h.type.descriptor.sql.BasicBinder      : binding parameter [1] as [VARCHAR] - [1.2.246.562.24.00000000001]
2020-06-10 18:11:48.202 TRACE 55751 --- [    Test worker] o.h.type.descriptor.sql.BasicExtractor   : extracted value ([id1_5_] : [BIGINT]) - [1]
2020-06-10 18:11:48.203  INFO 55751 --- [    Test worker] .s.o.r.i.OrganisaatioSuhdeRepositoryImpl : findParentTo(32, Wed Jun 10 18:11:48 EEST 2020)
Hibernate: 
    select
        organisaat0_.id as id1_19_0_,
        organisaat1_.id as id1_5_1_,
        organisaat0_.version as version2_19_0_,
        organisaat0_.alkupvm as alkupvm3_19_0_,
        organisaat0_.child_id as child_id7_19_0_,
        organisaat0_.loppupvm as loppupvm4_19_0_,
        organisaat0_.opetuspisteenjarjnro as opetuspi5_19_0_,
        organisaat0_.parent_id as parent_i8_19_0_,
        organisaat0_.suhdetyyppi as suhdetyy6_19_0_,
        organisaat1_.version as version2_5_1_,
        organisaat1_.alkupvm as alkupvm3_5_1_,
        organisaat1_.domainnimi as domainni4_5_1_,
        organisaat1_.kotipaikka as kotipaik5_5_1_,
        organisaat1_.kuvaus_mkt as kuvaus_28_5_1_,
        organisaat1_.lakkautuspvm as lakkautu6_5_1_,
        organisaat1_.maa as maa7_5_1_,
        organisaat1_.metadata_id as metadat29_5_1_,
        organisaat1_.nimi_mkt as nimi_mk30_5_1_,
        organisaat1_.nimihaku as nimihaku8_5_1_,
        organisaat1_.oid as oid9_5_1_,
        organisaat1_.opetuspisteenjarjnro as opetusp10_5_1_,
        organisaat1_.oppilaitoskoodi as oppilai11_5_1_,
        organisaat1_.oppilaitos_tyyppi as oppilai12_5_1_,
        organisaat1_.organisaatio_poistettu as organis13_5_1_,
        organisaat1_.paivittaja as paivitt14_5_1_,
        organisaat1_.paivityspvm as paivity15_5_1_,
        organisaat1_.parentidpath as parenti16_5_1_,
        organisaat1_.parentoidpath as parento17_5_1_,
        organisaat1_.piilotettu as piilote18_5_1_,
        organisaat1_.tarkastus_pvm as tarkast19_5_1_,
        organisaat1_.toimipistekoodi as toimipi20_5_1_,
        organisaat1_.tuontipvm as tuontip21_5_1_,
        organisaat1_.varhaiskasvatuksen_toimipaikka_tiedot_id as varhais31_5_1_,
        organisaat1_.virastotunnus as virasto22_5_1_,
        organisaat1_.yhteishaunkoulukoodi as yhteish23_5_1_,
        organisaat1_.yritysmuoto as yritysm24_5_1_,
        organisaat1_.ytj_kieli as ytj_kie25_5_1_,
        organisaat1_.ytjpaivityspvm as ytjpaiv26_5_1_,
        organisaat1_.ytunnus as ytunnus27_5_1_ 
    from
        organisaatiosuhde organisaat0_ 
    inner join
        organisaatio organisaat1_ 
            on organisaat0_.parent_id=organisaat1_.id 
    where
        organisaat0_.child_id=? 
        and organisaat0_.suhdetyyppi=? 
        and (
            organisaat0_.alkupvm=? 
            or organisaat0_.alkupvm<?
        ) 
        and (
            organisaat0_.loppupvm is null 
            or organisaat0_.loppupvm>?
        ) 
        and organisaat1_.organisaatio_poistettu=? 
    order by
        organisaat0_.alkupvm desc
2020-06-10 18:11:48.204 TRACE 55751 --- [    Test worker] o.h.type.descriptor.sql.BasicBinder      : binding parameter [1] as [BIGINT] - [32]
2020-06-10 18:11:48.204 TRACE 55751 --- [    Test worker] o.h.type.descriptor.sql.BasicBinder      : binding parameter [2] as [VARCHAR] - [HISTORIA]
2020-06-10 18:11:48.204 TRACE 55751 --- [    Test worker] o.h.type.descriptor.sql.BasicBinder      : binding parameter [3] as [DATE] - [Wed Jun 10 18:11:48 EEST 2020]
2020-06-10 18:11:48.204 TRACE 55751 --- [    Test worker] o.h.type.descriptor.sql.BasicBinder      : binding parameter [4] as [DATE] - [Wed Jun 10 18:11:48 EEST 2020]
2020-06-10 18:11:48.204 TRACE 55751 --- [    Test worker] o.h.type.descriptor.sql.BasicBinder      : binding parameter [5] as [DATE] - [Wed Jun 10 18:11:48 EEST 2020]
2020-06-10 18:11:48.204 TRACE 55751 --- [    Test worker] o.h.type.descriptor.sql.BasicBinder      : binding parameter [6] as [BOOLEAN] - [false]
2020-06-10 18:11:48.204  INFO 55751 --- [    Test worker] .s.o.r.i.OrganisaatioSuhdeRepositoryImpl : addChild(1, 32, Wed Jun 10 18:11:48 EEST 2020)
Hibernate: 
    insert 
    into
        organisaatiosuhde
        (id, version, alkupvm, child_id, loppupvm, opetuspisteenjarjnro, parent_id, suhdetyyppi) 
    values
        (null, ?, ?, ?, ?, ?, ?, ?)
2020-06-10 18:11:48.205 TRACE 55751 --- [    Test worker] o.h.type.descriptor.sql.BasicBinder      : binding parameter [1] as [BIGINT] - [0]
2020-06-10 18:11:48.205 TRACE 55751 --- [    Test worker] o.h.type.descriptor.sql.BasicBinder      : binding parameter [2] as [DATE] - [Wed Jun 10 18:11:48 EEST 2020]
2020-06-10 18:11:48.205 TRACE 55751 --- [    Test worker] o.h.type.descriptor.sql.BasicBinder      : binding parameter [3] as [BIGINT] - [32]
2020-06-10 18:11:48.205 TRACE 55751 --- [    Test worker] o.h.type.descriptor.sql.BasicBinder      : binding parameter [4] as [DATE] - [null]
2020-06-10 18:11:48.205 TRACE 55751 --- [    Test worker] o.h.type.descriptor.sql.BasicBinder      : binding parameter [5] as [VARCHAR] - [null]
2020-06-10 18:11:48.205 TRACE 55751 --- [    Test worker] o.h.type.descriptor.sql.BasicBinder      : binding parameter [6] as [BIGINT] - [1]
2020-06-10 18:11:48.205 TRACE 55751 --- [    Test worker] o.h.type.descriptor.sql.BasicBinder      : binding parameter [7] as [VARCHAR] - [HISTORIA]
2020-06-10 18:11:48.205  INFO 55751 --- [    Test worker] .s.o.r.i.OrganisaatioSuhdeRepositoryImpl :     Created new child relation:  --> pId=1, cId=32, aPvm=Wed Jun 10 18:11:48 EEST 2020, lPvm=null
Hibernate: 
    select
        organisaat0_.id as id1_19_,
        organisaat0_.version as version2_19_,
        organisaat0_.alkupvm as alkupvm3_19_,
        organisaat0_.child_id as child_id7_19_,
        organisaat0_.loppupvm as loppupvm4_19_,
        organisaat0_.opetuspisteenjarjnro as opetuspi5_19_,
        organisaat0_.parent_id as parent_i8_19_,
        organisaat0_.suhdetyyppi as suhdetyy6_19_ 
    from
        organisaatiosuhde organisaat0_ 
    where
        organisaat0_.child_id=?
2020-06-10 18:11:48.205 TRACE 55751 --- [    Test worker] o.h.type.descriptor.sql.BasicBinder      : binding parameter [1] as [BIGINT] - [32]
2020-06-10 18:11:48.206 TRACE 55751 --- [    Test worker] o.h.type.descriptor.sql.BasicExtractor   : extracted value ([id1_19_] : [BIGINT]) - [36]
Hibernate: 
    select
        organisaat0_.id as id1_5_,
        organisaat0_.version as version2_5_,
        organisaat0_.alkupvm as alkupvm3_5_,
        organisaat0_.domainnimi as domainni4_5_,
        organisaat0_.kotipaikka as kotipaik5_5_,
        organisaat0_.kuvaus_mkt as kuvaus_28_5_,
        organisaat0_.lakkautuspvm as lakkautu6_5_,
        organisaat0_.maa as maa7_5_,
        organisaat0_.metadata_id as metadat29_5_,
        organisaat0_.nimi_mkt as nimi_mk30_5_,
        organisaat0_.nimihaku as nimihaku8_5_,
        organisaat0_.oid as oid9_5_,
        organisaat0_.opetuspisteenjarjnro as opetusp10_5_,
        organisaat0_.oppilaitoskoodi as oppilai11_5_,
        organisaat0_.oppilaitos_tyyppi as oppilai12_5_,
        organisaat0_.organisaatio_poistettu as organis13_5_,
        organisaat0_.paivittaja as paivitt14_5_,
        organisaat0_.paivityspvm as paivity15_5_,
        organisaat0_.parentidpath as parenti16_5_,
        organisaat0_.parentoidpath as parento17_5_,
        organisaat0_.piilotettu as piilote18_5_,
        organisaat0_.tarkastus_pvm as tarkast19_5_,
        organisaat0_.toimipistekoodi as toimipi20_5_,
        organisaat0_.tuontipvm as tuontip21_5_,
        organisaat0_.varhaiskasvatuksen_toimipaikka_tiedot_id as varhais31_5_,
        organisaat0_.virastotunnus as virasto22_5_,
        organisaat0_.yhteishaunkoulukoodi as yhteish23_5_,
        organisaat0_.yritysmuoto as yritysm24_5_,
        organisaat0_.ytj_kieli as ytj_kie25_5_,
        organisaat0_.ytjpaivityspvm as ytjpaiv26_5_,
        organisaat0_.ytunnus as ytunnus27_5_ 
    from
        organisaatio organisaat0_ 
    where
        organisaat0_.oid=?
2020-06-10 18:11:48.207 TRACE 55751 --- [    Test worker] o.h.type.descriptor.sql.BasicBinder      : binding parameter [1] as [VARCHAR] - [1.2.246.562.10.27649343363]
2020-06-10 18:11:48.207 TRACE 55751 --- [    Test worker] o.h.type.descriptor.sql.BasicExtractor   : extracted value ([id1_5_] : [BIGINT]) - [32]
Hibernate: 
    select
        organisaat0_.id as id1_5_,
        organisaat0_.version as version2_5_,
        organisaat0_.alkupvm as alkupvm3_5_,
        organisaat0_.domainnimi as domainni4_5_,
        organisaat0_.kotipaikka as kotipaik5_5_,
        organisaat0_.kuvaus_mkt as kuvaus_28_5_,
        organisaat0_.lakkautuspvm as lakkautu6_5_,
        organisaat0_.maa as maa7_5_,
        organisaat0_.metadata_id as metadat29_5_,
        organisaat0_.nimi_mkt as nimi_mk30_5_,
        organisaat0_.nimihaku as nimihaku8_5_,
        organisaat0_.oid as oid9_5_,
        organisaat0_.opetuspisteenjarjnro as opetusp10_5_,
        organisaat0_.oppilaitoskoodi as oppilai11_5_,
        organisaat0_.oppilaitos_tyyppi as oppilai12_5_,
        organisaat0_.organisaatio_poistettu as organis13_5_,
        organisaat0_.paivittaja as paivitt14_5_,
        organisaat0_.paivityspvm as paivity15_5_,
        organisaat0_.parentidpath as parenti16_5_,
        organisaat0_.parentoidpath as parento17_5_,
        organisaat0_.piilotettu as piilote18_5_,
        organisaat0_.tarkastus_pvm as tarkast19_5_,
        organisaat0_.toimipistekoodi as toimipi20_5_,
        organisaat0_.tuontipvm as tuontip21_5_,
        organisaat0_.varhaiskasvatuksen_toimipaikka_tiedot_id as varhais31_5_,
        organisaat0_.virastotunnus as virasto22_5_,
        organisaat0_.yhteishaunkoulukoodi as yhteish23_5_,
        organisaat0_.yritysmuoto as yritysm24_5_,
        organisaat0_.ytj_kieli as ytj_kie25_5_,
        organisaat0_.ytjpaivityspvm as ytjpaiv26_5_,
        organisaat0_.ytunnus as ytunnus27_5_ 
    from
        organisaatio organisaat0_ 
    where
        organisaat0_.oid=?
2020-06-10 18:11:48.208 TRACE 55751 --- [    Test worker] o.h.type.descriptor.sql.BasicBinder      : binding parameter [1] as [VARCHAR] - [1.2.246.562.10.18669752543]
Hibernate: 
    select
        organisaat0_.id as id1_5_,
        organisaat0_.version as version2_5_,
        organisaat0_.alkupvm as alkupvm3_5_,
        organisaat0_.domainnimi as domainni4_5_,
        organisaat0_.kotipaikka as kotipaik5_5_,
        organisaat0_.kuvaus_mkt as kuvaus_28_5_,
        organisaat0_.lakkautuspvm as lakkautu6_5_,
        organisaat0_.maa as maa7_5_,
        organisaat0_.metadata_id as metadat29_5_,
        organisaat0_.nimi_mkt as nimi_mk30_5_,
        organisaat0_.nimihaku as nimihaku8_5_,
        organisaat0_.oid as oid9_5_,
        organisaat0_.opetuspisteenjarjnro as opetusp10_5_,
        organisaat0_.oppilaitoskoodi as oppilai11_5_,
        organisaat0_.oppilaitos_tyyppi as oppilai12_5_,
        organisaat0_.organisaatio_poistettu as organis13_5_,
        organisaat0_.paivittaja as paivitt14_5_,
        organisaat0_.paivityspvm as paivity15_5_,
        organisaat0_.parentidpath as parenti16_5_,
        organisaat0_.parentoidpath as parento17_5_,
        organisaat0_.piilotettu as piilote18_5_,
        organisaat0_.tarkastus_pvm as tarkast19_5_,
        organisaat0_.toimipistekoodi as toimipi20_5_,
        organisaat0_.tuontipvm as tuontip21_5_,
        organisaat0_.varhaiskasvatuksen_toimipaikka_tiedot_id as varhais31_5_,
        organisaat0_.virastotunnus as virasto22_5_,
        organisaat0_.yhteishaunkoulukoodi as yhteish23_5_,
        organisaat0_.yritysmuoto as yritysm24_5_,
        organisaat0_.ytj_kieli as ytj_kie25_5_,
        organisaat0_.ytjpaivityspvm as ytjpaiv26_5_,
        organisaat0_.ytunnus as ytunnus27_5_ 
    from
        organisaatio organisaat0_ 
    where
        organisaat0_.oid=?
2020-06-10 18:11:48.209 TRACE 55751 --- [    Test worker] o.h.type.descriptor.sql.BasicBinder      : binding parameter [1] as [VARCHAR] - [1.2.246.562.10.27649343363]
2020-06-10 18:11:48.209 TRACE 55751 --- [    Test worker] o.h.type.descriptor.sql.BasicExtractor   : extracted value ([id1_5_] : [BIGINT]) - [32]
2020-06-10 18:11:48.461  WARN 55751 --- [    Test worker] fi.vm.sade.javautils.http.OphHttpClient  : Failed to CAS authenticate. Renewing proxy ticket.
Hibernate: 
    select
        organisaat0_.id as id1_5_,
        organisaat0_.version as version2_5_,
        organisaat0_.alkupvm as alkupvm3_5_,
        organisaat0_.domainnimi as domainni4_5_,
        organisaat0_.kotipaikka as kotipaik5_5_,
        organisaat0_.kuvaus_mkt as kuvaus_28_5_,
        organisaat0_.lakkautuspvm as lakkautu6_5_,
        organisaat0_.maa as maa7_5_,
        organisaat0_.metadata_id as metadat29_5_,
        organisaat0_.nimi_mkt as nimi_mk30_5_,
        organisaat0_.nimihaku as nimihaku8_5_,
        organisaat0_.oid as oid9_5_,
        organisaat0_.opetuspisteenjarjnro as opetusp10_5_,
        organisaat0_.oppilaitoskoodi as oppilai11_5_,
        organisaat0_.oppilaitos_tyyppi as oppilai12_5_,
        organisaat0_.organisaatio_poistettu as organis13_5_,
        organisaat0_.paivittaja as paivitt14_5_,
        organisaat0_.paivityspvm as paivity15_5_,
        organisaat0_.parentidpath as parenti16_5_,
        organisaat0_.parentoidpath as parento17_5_,
        organisaat0_.piilotettu as piilote18_5_,
        organisaat0_.tarkastus_pvm as tarkast19_5_,
        organisaat0_.toimipistekoodi as toimipi20_5_,
        organisaat0_.tuontipvm as tuontip21_5_,
        organisaat0_.varhaiskasvatuksen_toimipaikka_tiedot_id as varhais31_5_,
        organisaat0_.virastotunnus as virasto22_5_,
        organisaat0_.yhteishaunkoulukoodi as yhteish23_5_,
        organisaat0_.yritysmuoto as yritysm24_5_,
        organisaat0_.ytj_kieli as ytj_kie25_5_,
        organisaat0_.ytjpaivityspvm as ytjpaiv26_5_,
        organisaat0_.ytunnus as ytunnus27_5_ 
    from
        organisaatio organisaat0_ 
    where
        organisaat0_.oid=?
2020-06-10 18:11:48.574 TRACE 55751 --- [    Test worker] o.h.type.descriptor.sql.BasicBinder      : binding parameter [1] as [VARCHAR] - [1.2.246.562.10.27649343363]
2020-06-10 18:11:48.575 TRACE 55751 --- [    Test worker] o.h.type.descriptor.sql.BasicExtractor   : extracted value ([id1_5_] : [BIGINT]) - [32]
Hibernate: 
    select
        organisaat0_.id as id1_5_,
        organisaat0_.version as version2_5_,
        organisaat0_.alkupvm as alkupvm3_5_,
        organisaat0_.domainnimi as domainni4_5_,
        organisaat0_.kotipaikka as kotipaik5_5_,
        organisaat0_.kuvaus_mkt as kuvaus_28_5_,
        organisaat0_.lakkautuspvm as lakkautu6_5_,
        organisaat0_.maa as maa7_5_,
        organisaat0_.metadata_id as metadat29_5_,
        organisaat0_.nimi_mkt as nimi_mk30_5_,
        organisaat0_.nimihaku as nimihaku8_5_,
        organisaat0_.oid as oid9_5_,
        organisaat0_.opetuspisteenjarjnro as opetusp10_5_,
        organisaat0_.oppilaitoskoodi as oppilai11_5_,
        organisaat0_.oppilaitos_tyyppi as oppilai12_5_,
        organisaat0_.organisaatio_poistettu as organis13_5_,
        organisaat0_.paivittaja as paivitt14_5_,
        organisaat0_.paivityspvm as paivity15_5_,
        organisaat0_.parentidpath as parenti16_5_,
        organisaat0_.parentoidpath as parento17_5_,
        organisaat0_.piilotettu as piilote18_5_,
        organisaat0_.tarkastus_pvm as tarkast19_5_,
        organisaat0_.toimipistekoodi as toimipi20_5_,
        organisaat0_.tuontipvm as tuontip21_5_,
        organisaat0_.varhaiskasvatuksen_toimipaikka_tiedot_id as varhais31_5_,
        organisaat0_.virastotunnus as virasto22_5_,
        organisaat0_.yhteishaunkoulukoodi as yhteish23_5_,
        organisaat0_.yritysmuoto as yritysm24_5_,
        organisaat0_.ytj_kieli as ytj_kie25_5_,
        organisaat0_.ytjpaivityspvm as ytjpaiv26_5_,
        organisaat0_.ytunnus as ytunnus27_5_ 
    from
        organisaatio organisaat0_ 
    where
        organisaat0_.oid=?
2020-06-10 18:11:48.576 TRACE 55751 --- [    Test worker] o.h.type.descriptor.sql.BasicBinder      : binding parameter [1] as [VARCHAR] - [1.2.246.562.10.27649343363]
2020-06-10 18:11:48.576 TRACE 55751 --- [    Test worker] o.h.type.descriptor.sql.BasicExtractor   : extracted value ([id1_5_] : [BIGINT]) - [32]
Hibernate: 
    insert 
    into
        monikielinen_teksti
        (id, version) 
    values
        (null, ?)
2020-06-10 18:11:48.577 TRACE 55751 --- [    Test worker] o.h.type.descriptor.sql.BasicBinder      : binding parameter [1] as [BIGINT] - [0]
Hibernate: 
    insert 
    into
        monikielinen_teksti
        (id, version) 
    values
        (null, ?)
2020-06-10 18:11:48.577 TRACE 55751 --- [    Test worker] o.h.type.descriptor.sql.BasicBinder      : binding parameter [1] as [BIGINT] - [0]
Hibernate: 
    insert 
    into
        organisaatio
        (id, version, alkupvm, domainnimi, kotipaikka, kuvaus_mkt, lakkautuspvm, maa, metadata_id, nimi_mkt, nimihaku, oid, opetuspisteenjarjnro, oppilaitoskoodi, oppilaitos_tyyppi, organisaatio_poistettu, paivittaja, paivityspvm, parentidpath, parentoidpath, piilotettu, tarkastus_pvm, toimipistekoodi, tuontipvm, varhaiskasvatuksen_toimipaikka_tiedot_id, virastotunnus, yhteishaunkoulukoodi, yritysmuoto, ytj_kieli, ytjpaivityspvm, ytunnus) 
    values
        (null, ?, ?, ?, ?, ?, ?, ?, ?, ?, ?, ?, ?, ?, ?, ?, ?, ?, ?, ?, ?, ?, ?, ?, ?, ?, ?, ?, ?, ?, ?)
2020-06-10 18:11:48.578 TRACE 55751 --- [    Test worker] o.h.type.descriptor.sql.BasicBinder      : binding parameter [1] as [BIGINT] - [0]
2020-06-10 18:11:48.578 TRACE 55751 --- [    Test worker] o.h.type.descriptor.sql.BasicBinder      : binding parameter [2] as [DATE] - [Fri Dec 31 00:00:00 EET 1999]
2020-06-10 18:11:48.578 TRACE 55751 --- [    Test worker] o.h.type.descriptor.sql.BasicBinder      : binding parameter [3] as [VARCHAR] - [null]
2020-06-10 18:11:48.578 TRACE 55751 --- [    Test worker] o.h.type.descriptor.sql.BasicBinder      : binding parameter [4] as [VARCHAR] - [kunta_092]
2020-06-10 18:11:48.578 TRACE 55751 --- [    Test worker] o.h.type.descriptor.sql.BasicBinder      : binding parameter [5] as [BIGINT] - [1048]
2020-06-10 18:11:48.578 TRACE 55751 --- [    Test worker] o.h.type.descriptor.sql.BasicBinder      : binding parameter [6] as [DATE] - [null]
2020-06-10 18:11:48.578 TRACE 55751 --- [    Test worker] o.h.type.descriptor.sql.BasicBinder      : binding parameter [7] as [VARCHAR] - [maatjavaltiot1_fin]
2020-06-10 18:11:48.578 TRACE 55751 --- [    Test worker] o.h.type.descriptor.sql.BasicBinder      : binding parameter [8] as [BIGINT] - [null]
2020-06-10 18:11:48.578 TRACE 55751 --- [    Test worker] o.h.type.descriptor.sql.BasicBinder      : binding parameter [9] as [BIGINT] - [1049]
2020-06-10 18:11:48.578 TRACE 55751 --- [    Test worker] o.h.type.descriptor.sql.BasicBinder      : binding parameter [10] as [VARCHAR] - [,oppilaitos1 (fi)]
2020-06-10 18:11:48.578 TRACE 55751 --- [    Test worker] o.h.type.descriptor.sql.BasicBinder      : binding parameter [11] as [VARCHAR] - [1.2.246.562.10.18669752543]
2020-06-10 18:11:48.578 TRACE 55751 --- [    Test worker] o.h.type.descriptor.sql.BasicBinder      : binding parameter [12] as [VARCHAR] - [null]
2020-06-10 18:11:48.578 TRACE 55751 --- [    Test worker] o.h.type.descriptor.sql.BasicBinder      : binding parameter [13] as [VARCHAR] - [null]
2020-06-10 18:11:48.578 TRACE 55751 --- [    Test worker] o.h.type.descriptor.sql.BasicBinder      : binding parameter [14] as [VARCHAR] - [null]
2020-06-10 18:11:48.578 TRACE 55751 --- [    Test worker] o.h.type.descriptor.sql.BasicBinder      : binding parameter [15] as [BOOLEAN] - [false]
2020-06-10 18:11:48.578 TRACE 55751 --- [    Test worker] o.h.type.descriptor.sql.BasicBinder      : binding parameter [16] as [VARCHAR] - [ophadmin]
2020-06-10 18:11:48.578 TRACE 55751 --- [    Test worker] o.h.type.descriptor.sql.BasicBinder      : binding parameter [17] as [TIMESTAMP] - [Wed Jun 10 18:11:48 EEST 2020]
2020-06-10 18:11:48.578 TRACE 55751 --- [    Test worker] o.h.type.descriptor.sql.BasicBinder      : binding parameter [18] as [VARCHAR] - [|1|32|]
2020-06-10 18:11:48.578 TRACE 55751 --- [    Test worker] o.h.type.descriptor.sql.BasicBinder      : binding parameter [19] as [VARCHAR] - [|1.2.246.562.24.00000000001|1.2.246.562.10.27649343363|]
2020-06-10 18:11:48.578 TRACE 55751 --- [    Test worker] o.h.type.descriptor.sql.BasicBinder      : binding parameter [20] as [BOOLEAN] - [false]
2020-06-10 18:11:48.578 TRACE 55751 --- [    Test worker] o.h.type.descriptor.sql.BasicBinder      : binding parameter [21] as [TIMESTAMP] - [null]
2020-06-10 18:11:48.578 TRACE 55751 --- [    Test worker] o.h.type.descriptor.sql.BasicBinder      : binding parameter [22] as [VARCHAR] - [null]
2020-06-10 18:11:48.578 TRACE 55751 --- [    Test worker] o.h.type.descriptor.sql.BasicBinder      : binding parameter [23] as [TIMESTAMP] - [null]
2020-06-10 18:11:48.578 TRACE 55751 --- [    Test worker] o.h.type.descriptor.sql.BasicBinder      : binding parameter [24] as [BIGINT] - [null]
2020-06-10 18:11:48.578 TRACE 55751 --- [    Test worker] o.h.type.descriptor.sql.BasicBinder      : binding parameter [25] as [VARCHAR] - [null]
2020-06-10 18:11:48.578 TRACE 55751 --- [    Test worker] o.h.type.descriptor.sql.BasicBinder      : binding parameter [26] as [VARCHAR] - [null]
2020-06-10 18:11:48.579 TRACE 55751 --- [    Test worker] o.h.type.descriptor.sql.BasicBinder      : binding parameter [27] as [VARCHAR] - [null]
2020-06-10 18:11:48.579 TRACE 55751 --- [    Test worker] o.h.type.descriptor.sql.BasicBinder      : binding parameter [28] as [VARCHAR] - [null]
2020-06-10 18:11:48.579 TRACE 55751 --- [    Test worker] o.h.type.descriptor.sql.BasicBinder      : binding parameter [29] as [DATE] - [null]
2020-06-10 18:11:48.579 TRACE 55751 --- [    Test worker] o.h.type.descriptor.sql.BasicBinder      : binding parameter [30] as [VARCHAR] - [null]
Hibernate: 
    insert 
    into
        organisaatio_nimi
        (id, version, alkupvm, nimi_mkt, organisaatio_id, paivittaja) 
    values
        (null, ?, ?, ?, ?, ?)
2020-06-10 18:11:48.579 TRACE 55751 --- [    Test worker] o.h.type.descriptor.sql.BasicBinder      : binding parameter [1] as [BIGINT] - [0]
2020-06-10 18:11:48.579 TRACE 55751 --- [    Test worker] o.h.type.descriptor.sql.BasicBinder      : binding parameter [2] as [DATE] - [Wed Jun 10 18:11:48 EEST 2020]
2020-06-10 18:11:48.579 TRACE 55751 --- [    Test worker] o.h.type.descriptor.sql.BasicBinder      : binding parameter [3] as [BIGINT] - [1049]
2020-06-10 18:11:48.579 TRACE 55751 --- [    Test worker] o.h.type.descriptor.sql.BasicBinder      : binding parameter [4] as [BIGINT] - [33]
2020-06-10 18:11:48.579 TRACE 55751 --- [    Test worker] o.h.type.descriptor.sql.BasicBinder      : binding parameter [5] as [VARCHAR] - [null]
Hibernate: 
    insert 
    into
        yhteystieto
        (id, version, kieli, organisaatio_id, yhteystieto_oid, coordinatetype, extrarivi, lat, lng, maa, osavaltio, osoite, osoite_tyyppi, postinumero, postitoimipaikka, ytjpaivityspvm, dtype) 
    values
        (null, ?, ?, ?, ?, ?, ?, ?, ?, ?, ?, ?, ?, ?, ?, ?, 'Osoite')
2020-06-10 18:11:48.580 TRACE 55751 --- [    Test worker] o.h.type.descriptor.sql.BasicBinder      : binding parameter [1] as [BIGINT] - [0]
2020-06-10 18:11:48.580 TRACE 55751 --- [    Test worker] o.h.type.descriptor.sql.BasicBinder      : binding parameter [2] as [VARCHAR] - [kieli_fi#1]
2020-06-10 18:11:48.580 TRACE 55751 --- [    Test worker] o.h.type.descriptor.sql.BasicBinder      : binding parameter [3] as [BIGINT] - [33]
2020-06-10 18:11:48.580 TRACE 55751 --- [    Test worker] o.h.type.descriptor.sql.BasicBinder      : binding parameter [4] as [VARCHAR] - [1.2.246.562.5.67429630181]
2020-06-10 18:11:48.580 TRACE 55751 --- [    Test worker] o.h.type.descriptor.sql.BasicBinder      : binding parameter [5] as [VARCHAR] - [null]
2020-06-10 18:11:48.580 TRACE 55751 --- [    Test worker] o.h.type.descriptor.sql.BasicBinder      : binding parameter [6] as [VARCHAR] - [null]
2020-06-10 18:11:48.580 TRACE 55751 --- [    Test worker] o.h.type.descriptor.sql.BasicBinder      : binding parameter [7] as [DOUBLE] - [null]
2020-06-10 18:11:48.580 TRACE 55751 --- [    Test worker] o.h.type.descriptor.sql.BasicBinder      : binding parameter [8] as [DOUBLE] - [null]
2020-06-10 18:11:48.580 TRACE 55751 --- [    Test worker] o.h.type.descriptor.sql.BasicBinder      : binding parameter [9] as [VARCHAR] - [null]
2020-06-10 18:11:48.580 TRACE 55751 --- [    Test worker] o.h.type.descriptor.sql.BasicBinder      : binding parameter [10] as [VARCHAR] - [null]
2020-06-10 18:11:48.580 TRACE 55751 --- [    Test worker] o.h.type.descriptor.sql.BasicBinder      : binding parameter [11] as [VARCHAR] - [Kayntiosoite 2B]
2020-06-10 18:11:48.580 TRACE 55751 --- [    Test worker] o.h.type.descriptor.sql.BasicBinder      : binding parameter [12] as [VARCHAR] - [kaynti]
2020-06-10 18:11:48.580 TRACE 55751 --- [    Test worker] o.h.type.descriptor.sql.BasicBinder      : binding parameter [13] as [VARCHAR] - [posti_00550]
2020-06-10 18:11:48.580 TRACE 55751 --- [    Test worker] o.h.type.descriptor.sql.BasicBinder      : binding parameter [14] as [VARCHAR] - [Helsinki]
2020-06-10 18:11:48.580 TRACE 55751 --- [    Test worker] o.h.type.descriptor.sql.BasicBinder      : binding parameter [15] as [DATE] - [null]
Hibernate: 
    insert 
    into
        yhteystieto
        (id, version, kieli, organisaatio_id, yhteystieto_oid, coordinatetype, extrarivi, lat, lng, maa, osavaltio, osoite, osoite_tyyppi, postinumero, postitoimipaikka, ytjpaivityspvm, dtype) 
    values
        (null, ?, ?, ?, ?, ?, ?, ?, ?, ?, ?, ?, ?, ?, ?, ?, 'Osoite')
2020-06-10 18:11:48.581 TRACE 55751 --- [    Test worker] o.h.type.descriptor.sql.BasicBinder      : binding parameter [1] as [BIGINT] - [0]
2020-06-10 18:11:48.581 TRACE 55751 --- [    Test worker] o.h.type.descriptor.sql.BasicBinder      : binding parameter [2] as [VARCHAR] - [kieli_fi#1]
2020-06-10 18:11:48.581 TRACE 55751 --- [    Test worker] o.h.type.descriptor.sql.BasicBinder      : binding parameter [3] as [BIGINT] - [33]
2020-06-10 18:11:48.581 TRACE 55751 --- [    Test worker] o.h.type.descriptor.sql.BasicBinder      : binding parameter [4] as [VARCHAR] - [1.2.246.562.5.63604848535]
2020-06-10 18:11:48.581 TRACE 55751 --- [    Test worker] o.h.type.descriptor.sql.BasicBinder      : binding parameter [5] as [VARCHAR] - [null]
2020-06-10 18:11:48.581 TRACE 55751 --- [    Test worker] o.h.type.descriptor.sql.BasicBinder      : binding parameter [6] as [VARCHAR] - [null]
2020-06-10 18:11:48.581 TRACE 55751 --- [    Test worker] o.h.type.descriptor.sql.BasicBinder      : binding parameter [7] as [DOUBLE] - [null]
2020-06-10 18:11:48.581 TRACE 55751 --- [    Test worker] o.h.type.descriptor.sql.BasicBinder      : binding parameter [8] as [DOUBLE] - [null]
2020-06-10 18:11:48.581 TRACE 55751 --- [    Test worker] o.h.type.descriptor.sql.BasicBinder      : binding parameter [9] as [VARCHAR] - [null]
2020-06-10 18:11:48.581 TRACE 55751 --- [    Test worker] o.h.type.descriptor.sql.BasicBinder      : binding parameter [10] as [VARCHAR] - [null]
2020-06-10 18:11:48.581 TRACE 55751 --- [    Test worker] o.h.type.descriptor.sql.BasicBinder      : binding parameter [11] as [VARCHAR] - [Postiosoite 1A]
2020-06-10 18:11:48.581 TRACE 55751 --- [    Test worker] o.h.type.descriptor.sql.BasicBinder      : binding parameter [12] as [VARCHAR] - [posti]
2020-06-10 18:11:48.581 TRACE 55751 --- [    Test worker] o.h.type.descriptor.sql.BasicBinder      : binding parameter [13] as [VARCHAR] - [00550]
2020-06-10 18:11:48.581 TRACE 55751 --- [    Test worker] o.h.type.descriptor.sql.BasicBinder      : binding parameter [14] as [VARCHAR] - [Helsinki]
2020-06-10 18:11:48.581 TRACE 55751 --- [    Test worker] o.h.type.descriptor.sql.BasicBinder      : binding parameter [15] as [DATE] - [null]
Hibernate: 
    insert 
    into
        yhteystieto
        (id, version, kieli, organisaatio_id, yhteystieto_oid, www_osoite, dtype) 
    values
        (null, ?, ?, ?, ?, ?, 'Www')
2020-06-10 18:11:48.582 TRACE 55751 --- [    Test worker] o.h.type.descriptor.sql.BasicBinder      : binding parameter [1] as [BIGINT] - [0]
2020-06-10 18:11:48.582 TRACE 55751 --- [    Test worker] o.h.type.descriptor.sql.BasicBinder      : binding parameter [2] as [VARCHAR] - [kieli_fi#1]
2020-06-10 18:11:48.582 TRACE 55751 --- [    Test worker] o.h.type.descriptor.sql.BasicBinder      : binding parameter [3] as [BIGINT] - [33]
2020-06-10 18:11:48.582 TRACE 55751 --- [    Test worker] o.h.type.descriptor.sql.BasicBinder      : binding parameter [4] as [VARCHAR] - [15918019082080.11452247718803898]
2020-06-10 18:11:48.582 TRACE 55751 --- [    Test worker] o.h.type.descriptor.sql.BasicBinder      : binding parameter [5] as [VARCHAR] - [http://test.oph.fi]
Hibernate: 
    insert 
    into
        yhteystieto
        (id, version, kieli, organisaatio_id, yhteystieto_oid, puhelinnumero, tyyppi, dtype) 
    values
        (null, ?, ?, ?, ?, ?, ?, 'Puhelinnumero')
2020-06-10 18:11:48.583 TRACE 55751 --- [    Test worker] o.h.type.descriptor.sql.BasicBinder      : binding parameter [1] as [BIGINT] - [0]
2020-06-10 18:11:48.583 TRACE 55751 --- [    Test worker] o.h.type.descriptor.sql.BasicBinder      : binding parameter [2] as [VARCHAR] - [kieli_fi#1]
2020-06-10 18:11:48.583 TRACE 55751 --- [    Test worker] o.h.type.descriptor.sql.BasicBinder      : binding parameter [3] as [BIGINT] - [33]
2020-06-10 18:11:48.583 TRACE 55751 --- [    Test worker] o.h.type.descriptor.sql.BasicBinder      : binding parameter [4] as [VARCHAR] - [1.2.246.562.5.25985646392]
2020-06-10 18:11:48.583 TRACE 55751 --- [    Test worker] o.h.type.descriptor.sql.BasicBinder      : binding parameter [5] as [VARCHAR] - [123]
2020-06-10 18:11:48.583 TRACE 55751 --- [    Test worker] o.h.type.descriptor.sql.BasicBinder      : binding parameter [6] as [VARCHAR] - [puhelin]
Hibernate: 
    insert 
    into
        yhteystieto
        (id, version, kieli, organisaatio_id, yhteystieto_oid, email, dtype) 
    values
        (null, ?, ?, ?, ?, ?, 'Email')
2020-06-10 18:11:48.583 TRACE 55751 --- [    Test worker] o.h.type.descriptor.sql.BasicBinder      : binding parameter [1] as [BIGINT] - [0]
2020-06-10 18:11:48.583 TRACE 55751 --- [    Test worker] o.h.type.descriptor.sql.BasicBinder      : binding parameter [2] as [VARCHAR] - [kieli_fi#1]
2020-06-10 18:11:48.583 TRACE 55751 --- [    Test worker] o.h.type.descriptor.sql.BasicBinder      : binding parameter [3] as [BIGINT] - [33]
2020-06-10 18:11:48.583 TRACE 55751 --- [    Test worker] o.h.type.descriptor.sql.BasicBinder      : binding parameter [4] as [VARCHAR] - [15918019082080.7228335084787573]
2020-06-10 18:11:48.584 TRACE 55751 --- [    Test worker] o.h.type.descriptor.sql.BasicBinder      : binding parameter [5] as [VARCHAR] - [asd@asd.asd]
2020-06-10 18:11:48.584  INFO 55751 --- [    Test worker] .s.o.r.i.OrganisaatioSuhdeRepositoryImpl : findParentTo(33, Wed Jun 10 18:11:48 EEST 2020)
Hibernate: 
    update
        organisaatio 
    set
        version=?,
        alkupvm=?,
        domainnimi=?,
        kotipaikka=?,
        kuvaus_mkt=?,
        lakkautuspvm=?,
        maa=?,
        metadata_id=?,
        nimi_mkt=?,
        nimihaku=?,
        oid=?,
        opetuspisteenjarjnro=?,
        oppilaitoskoodi=?,
        oppilaitos_tyyppi=?,
        organisaatio_poistettu=?,
        paivittaja=?,
        paivityspvm=?,
        parentidpath=?,
        parentoidpath=?,
        piilotettu=?,
        tarkastus_pvm=?,
        toimipistekoodi=?,
        tuontipvm=?,
        varhaiskasvatuksen_toimipaikka_tiedot_id=?,
        virastotunnus=?,
        yhteishaunkoulukoodi=?,
        yritysmuoto=?,
        ytj_kieli=?,
        ytjpaivityspvm=?,
        ytunnus=? 
    where
        id=? 
        and version=?
2020-06-10 18:11:48.585 TRACE 55751 --- [    Test worker] o.h.type.descriptor.sql.BasicBinder      : binding parameter [1] as [BIGINT] - [1]
2020-06-10 18:11:48.585 TRACE 55751 --- [    Test worker] o.h.type.descriptor.sql.BasicBinder      : binding parameter [2] as [DATE] - [Fri Dec 31 00:00:00 EET 1999]
2020-06-10 18:11:48.585 TRACE 55751 --- [    Test worker] o.h.type.descriptor.sql.BasicBinder      : binding parameter [3] as [VARCHAR] - [null]
2020-06-10 18:11:48.585 TRACE 55751 --- [    Test worker] o.h.type.descriptor.sql.BasicBinder      : binding parameter [4] as [VARCHAR] - [kunta_092]
2020-06-10 18:11:48.585 TRACE 55751 --- [    Test worker] o.h.type.descriptor.sql.BasicBinder      : binding parameter [5] as [BIGINT] - [1048]
2020-06-10 18:11:48.585 TRACE 55751 --- [    Test worker] o.h.type.descriptor.sql.BasicBinder      : binding parameter [6] as [DATE] - [null]
2020-06-10 18:11:48.585 TRACE 55751 --- [    Test worker] o.h.type.descriptor.sql.BasicBinder      : binding parameter [7] as [VARCHAR] - [maatjavaltiot1_fin]
2020-06-10 18:11:48.586 TRACE 55751 --- [    Test worker] o.h.type.descriptor.sql.BasicBinder      : binding parameter [8] as [BIGINT] - [null]
2020-06-10 18:11:48.586 TRACE 55751 --- [    Test worker] o.h.type.descriptor.sql.BasicBinder      : binding parameter [9] as [BIGINT] - [1049]
2020-06-10 18:11:48.586 TRACE 55751 --- [    Test worker] o.h.type.descriptor.sql.BasicBinder      : binding parameter [10] as [VARCHAR] - [,oppilaitos1 (fi)]
2020-06-10 18:11:48.586 TRACE 55751 --- [    Test worker] o.h.type.descriptor.sql.BasicBinder      : binding parameter [11] as [VARCHAR] - [1.2.246.562.10.18669752543]
2020-06-10 18:11:48.586 TRACE 55751 --- [    Test worker] o.h.type.descriptor.sql.BasicBinder      : binding parameter [12] as [VARCHAR] - [null]
2020-06-10 18:11:48.586 TRACE 55751 --- [    Test worker] o.h.type.descriptor.sql.BasicBinder      : binding parameter [13] as [VARCHAR] - [null]
2020-06-10 18:11:48.586 TRACE 55751 --- [    Test worker] o.h.type.descriptor.sql.BasicBinder      : binding parameter [14] as [VARCHAR] - [null]
2020-06-10 18:11:48.586 TRACE 55751 --- [    Test worker] o.h.type.descriptor.sql.BasicBinder      : binding parameter [15] as [BOOLEAN] - [false]
2020-06-10 18:11:48.586 TRACE 55751 --- [    Test worker] o.h.type.descriptor.sql.BasicBinder      : binding parameter [16] as [VARCHAR] - [ophadmin]
2020-06-10 18:11:48.586 TRACE 55751 --- [    Test worker] o.h.type.descriptor.sql.BasicBinder      : binding parameter [17] as [TIMESTAMP] - [Wed Jun 10 18:11:48 EEST 2020]
2020-06-10 18:11:48.586 TRACE 55751 --- [    Test worker] o.h.type.descriptor.sql.BasicBinder      : binding parameter [18] as [VARCHAR] - [|1|32|]
2020-06-10 18:11:48.586 TRACE 55751 --- [    Test worker] o.h.type.descriptor.sql.BasicBinder      : binding parameter [19] as [VARCHAR] - [|1.2.246.562.24.00000000001|1.2.246.562.10.27649343363|]
2020-06-10 18:11:48.586 TRACE 55751 --- [    Test worker] o.h.type.descriptor.sql.BasicBinder      : binding parameter [20] as [BOOLEAN] - [false]
2020-06-10 18:11:48.586 TRACE 55751 --- [    Test worker] o.h.type.descriptor.sql.BasicBinder      : binding parameter [21] as [TIMESTAMP] - [null]
2020-06-10 18:11:48.586 TRACE 55751 --- [    Test worker] o.h.type.descriptor.sql.BasicBinder      : binding parameter [22] as [VARCHAR] - [null]
2020-06-10 18:11:48.586 TRACE 55751 --- [    Test worker] o.h.type.descriptor.sql.BasicBinder      : binding parameter [23] as [TIMESTAMP] - [null]
2020-06-10 18:11:48.586 TRACE 55751 --- [    Test worker] o.h.type.descriptor.sql.BasicBinder      : binding parameter [24] as [BIGINT] - [null]
2020-06-10 18:11:48.586 TRACE 55751 --- [    Test worker] o.h.type.descriptor.sql.BasicBinder      : binding parameter [25] as [VARCHAR] - [null]
2020-06-10 18:11:48.586 TRACE 55751 --- [    Test worker] o.h.type.descriptor.sql.BasicBinder      : binding parameter [26] as [VARCHAR] - [null]
2020-06-10 18:11:48.586 TRACE 55751 --- [    Test worker] o.h.type.descriptor.sql.BasicBinder      : binding parameter [27] as [VARCHAR] - [null]
2020-06-10 18:11:48.586 TRACE 55751 --- [    Test worker] o.h.type.descriptor.sql.BasicBinder      : binding parameter [28] as [VARCHAR] - [null]
2020-06-10 18:11:48.586 TRACE 55751 --- [    Test worker] o.h.type.descriptor.sql.BasicBinder      : binding parameter [29] as [DATE] - [null]
2020-06-10 18:11:48.586 TRACE 55751 --- [    Test worker] o.h.type.descriptor.sql.BasicBinder      : binding parameter [30] as [VARCHAR] - [null]
2020-06-10 18:11:48.586 TRACE 55751 --- [    Test worker] o.h.type.descriptor.sql.BasicBinder      : binding parameter [31] as [BIGINT] - [33]
2020-06-10 18:11:48.586 TRACE 55751 --- [    Test worker] o.h.type.descriptor.sql.BasicBinder      : binding parameter [32] as [BIGINT] - [0]
Hibernate: 
    insert 
    into
        organisaatio_kielet
        (organisaatio_id, kielet) 
    values
        (?, ?)
2020-06-10 18:11:48.586 TRACE 55751 --- [    Test worker] o.h.type.descriptor.sql.BasicBinder      : binding parameter [1] as [BIGINT] - [33]
2020-06-10 18:11:48.586 TRACE 55751 --- [    Test worker] o.h.type.descriptor.sql.BasicBinder      : binding parameter [2] as [VARCHAR] - [oppilaitoksenopetuskieli_1#1]
Hibernate: 
    insert 
    into
        organisaatio_tyypit
        (organisaatio_id, tyypit) 
    values
        (?, ?)
2020-06-10 18:11:48.587 TRACE 55751 --- [    Test worker] o.h.type.descriptor.sql.BasicBinder      : binding parameter [1] as [BIGINT] - [33]
2020-06-10 18:11:48.587 TRACE 55751 --- [    Test worker] o.h.type.descriptor.sql.BasicBinder      : binding parameter [2] as [VARCHAR] - [organisaatiotyyppi_02]
Hibernate: 
    insert 
    into
        monikielinen_teksti_values
        (id, key, value) 
    values
        (?, ?, ?)
2020-06-10 18:11:48.587 TRACE 55751 --- [    Test worker] o.h.type.descriptor.sql.BasicBinder      : binding parameter [1] as [BIGINT] - [1049]
2020-06-10 18:11:48.587 TRACE 55751 --- [    Test worker] o.h.type.descriptor.sql.BasicBinder      : binding parameter [2] as [VARCHAR] - [fi]
2020-06-10 18:11:48.587 TRACE 55751 --- [    Test worker] o.h.type.descriptor.sql.BasicBinder      : binding parameter [3] as [VARCHAR] - [oppilaitos1 (fi)]
Hibernate: 
    select
        organisaat0_.id as id1_19_0_,
        organisaat1_.id as id1_5_1_,
        organisaat0_.version as version2_19_0_,
        organisaat0_.alkupvm as alkupvm3_19_0_,
        organisaat0_.child_id as child_id7_19_0_,
        organisaat0_.loppupvm as loppupvm4_19_0_,
        organisaat0_.opetuspisteenjarjnro as opetuspi5_19_0_,
        organisaat0_.parent_id as parent_i8_19_0_,
        organisaat0_.suhdetyyppi as suhdetyy6_19_0_,
        organisaat1_.version as version2_5_1_,
        organisaat1_.alkupvm as alkupvm3_5_1_,
        organisaat1_.domainnimi as domainni4_5_1_,
        organisaat1_.kotipaikka as kotipaik5_5_1_,
        organisaat1_.kuvaus_mkt as kuvaus_28_5_1_,
        organisaat1_.lakkautuspvm as lakkautu6_5_1_,
        organisaat1_.maa as maa7_5_1_,
        organisaat1_.metadata_id as metadat29_5_1_,
        organisaat1_.nimi_mkt as nimi_mk30_5_1_,
        organisaat1_.nimihaku as nimihaku8_5_1_,
        organisaat1_.oid as oid9_5_1_,
        organisaat1_.opetuspisteenjarjnro as opetusp10_5_1_,
        organisaat1_.oppilaitoskoodi as oppilai11_5_1_,
        organisaat1_.oppilaitos_tyyppi as oppilai12_5_1_,
        organisaat1_.organisaatio_poistettu as organis13_5_1_,
        organisaat1_.paivittaja as paivitt14_5_1_,
        organisaat1_.paivityspvm as paivity15_5_1_,
        organisaat1_.parentidpath as parenti16_5_1_,
        organisaat1_.parentoidpath as parento17_5_1_,
        organisaat1_.piilotettu as piilote18_5_1_,
        organisaat1_.tarkastus_pvm as tarkast19_5_1_,
        organisaat1_.toimipistekoodi as toimipi20_5_1_,
        organisaat1_.tuontipvm as tuontip21_5_1_,
        organisaat1_.varhaiskasvatuksen_toimipaikka_tiedot_id as varhais31_5_1_,
        organisaat1_.virastotunnus as virasto22_5_1_,
        organisaat1_.yhteishaunkoulukoodi as yhteish23_5_1_,
        organisaat1_.yritysmuoto as yritysm24_5_1_,
        organisaat1_.ytj_kieli as ytj_kie25_5_1_,
        organisaat1_.ytjpaivityspvm as ytjpaiv26_5_1_,
        organisaat1_.ytunnus as ytunnus27_5_1_ 
    from
        organisaatiosuhde organisaat0_ 
    inner join
        organisaatio organisaat1_ 
            on organisaat0_.parent_id=organisaat1_.id 
    where
        organisaat0_.child_id=? 
        and organisaat0_.suhdetyyppi=? 
        and (
            organisaat0_.alkupvm=? 
            or organisaat0_.alkupvm<?
        ) 
        and (
            organisaat0_.loppupvm is null 
            or organisaat0_.loppupvm>?
        ) 
        and organisaat1_.organisaatio_poistettu=? 
    order by
        organisaat0_.alkupvm desc
2020-06-10 18:11:48.587 TRACE 55751 --- [    Test worker] o.h.type.descriptor.sql.BasicBinder      : binding parameter [1] as [BIGINT] - [33]
2020-06-10 18:11:48.587 TRACE 55751 --- [    Test worker] o.h.type.descriptor.sql.BasicBinder      : binding parameter [2] as [VARCHAR] - [HISTORIA]
2020-06-10 18:11:48.587 TRACE 55751 --- [    Test worker] o.h.type.descriptor.sql.BasicBinder      : binding parameter [3] as [DATE] - [Wed Jun 10 18:11:48 EEST 2020]
2020-06-10 18:11:48.587 TRACE 55751 --- [    Test worker] o.h.type.descriptor.sql.BasicBinder      : binding parameter [4] as [DATE] - [Wed Jun 10 18:11:48 EEST 2020]
2020-06-10 18:11:48.587 TRACE 55751 --- [    Test worker] o.h.type.descriptor.sql.BasicBinder      : binding parameter [5] as [DATE] - [Wed Jun 10 18:11:48 EEST 2020]
2020-06-10 18:11:48.587 TRACE 55751 --- [    Test worker] o.h.type.descriptor.sql.BasicBinder      : binding parameter [6] as [BOOLEAN] - [false]
2020-06-10 18:11:48.588  INFO 55751 --- [    Test worker] .s.o.r.i.OrganisaatioSuhdeRepositoryImpl : addChild(32, 33, Wed Jun 10 18:11:48 EEST 2020)
Hibernate: 
    insert 
    into
        organisaatiosuhde
        (id, version, alkupvm, child_id, loppupvm, opetuspisteenjarjnro, parent_id, suhdetyyppi) 
    values
        (null, ?, ?, ?, ?, ?, ?, ?)
2020-06-10 18:11:48.588 TRACE 55751 --- [    Test worker] o.h.type.descriptor.sql.BasicBinder      : binding parameter [1] as [BIGINT] - [0]
2020-06-10 18:11:48.588 TRACE 55751 --- [    Test worker] o.h.type.descriptor.sql.BasicBinder      : binding parameter [2] as [DATE] - [Wed Jun 10 18:11:48 EEST 2020]
2020-06-10 18:11:48.588 TRACE 55751 --- [    Test worker] o.h.type.descriptor.sql.BasicBinder      : binding parameter [3] as [BIGINT] - [33]
2020-06-10 18:11:48.588 TRACE 55751 --- [    Test worker] o.h.type.descriptor.sql.BasicBinder      : binding parameter [4] as [DATE] - [null]
2020-06-10 18:11:48.588 TRACE 55751 --- [    Test worker] o.h.type.descriptor.sql.BasicBinder      : binding parameter [5] as [VARCHAR] - [null]
2020-06-10 18:11:48.588 TRACE 55751 --- [    Test worker] o.h.type.descriptor.sql.BasicBinder      : binding parameter [6] as [BIGINT] - [32]
2020-06-10 18:11:48.588 TRACE 55751 --- [    Test worker] o.h.type.descriptor.sql.BasicBinder      : binding parameter [7] as [VARCHAR] - [HISTORIA]
2020-06-10 18:11:48.588  INFO 55751 --- [    Test worker] .s.o.r.i.OrganisaatioSuhdeRepositoryImpl :     Created new child relation:  --> pId=32, cId=33, aPvm=Wed Jun 10 18:11:48 EEST 2020, lPvm=null
Hibernate: 
    select
        organisaat0_.id as id1_19_,
        organisaat0_.version as version2_19_,
        organisaat0_.alkupvm as alkupvm3_19_,
        organisaat0_.child_id as child_id7_19_,
        organisaat0_.loppupvm as loppupvm4_19_,
        organisaat0_.opetuspisteenjarjnro as opetuspi5_19_,
        organisaat0_.parent_id as parent_i8_19_,
        organisaat0_.suhdetyyppi as suhdetyy6_19_ 
    from
        organisaatiosuhde organisaat0_ 
    where
        organisaat0_.child_id=?
2020-06-10 18:11:48.589 TRACE 55751 --- [    Test worker] o.h.type.descriptor.sql.BasicBinder      : binding parameter [1] as [BIGINT] - [33]
2020-06-10 18:11:48.589 TRACE 55751 --- [    Test worker] o.h.type.descriptor.sql.BasicExtractor   : extracted value ([id1_19_] : [BIGINT]) - [37]
Hibernate: 
    select
        organisaat0_.id as id1_5_,
        organisaat0_.version as version2_5_,
        organisaat0_.alkupvm as alkupvm3_5_,
        organisaat0_.domainnimi as domainni4_5_,
        organisaat0_.kotipaikka as kotipaik5_5_,
        organisaat0_.kuvaus_mkt as kuvaus_28_5_,
        organisaat0_.lakkautuspvm as lakkautu6_5_,
        organisaat0_.maa as maa7_5_,
        organisaat0_.metadata_id as metadat29_5_,
        organisaat0_.nimi_mkt as nimi_mk30_5_,
        organisaat0_.nimihaku as nimihaku8_5_,
        organisaat0_.oid as oid9_5_,
        organisaat0_.opetuspisteenjarjnro as opetusp10_5_,
        organisaat0_.oppilaitoskoodi as oppilai11_5_,
        organisaat0_.oppilaitos_tyyppi as oppilai12_5_,
        organisaat0_.organisaatio_poistettu as organis13_5_,
        organisaat0_.paivittaja as paivitt14_5_,
        organisaat0_.paivityspvm as paivity15_5_,
        organisaat0_.parentidpath as parenti16_5_,
        organisaat0_.parentoidpath as parento17_5_,
        organisaat0_.piilotettu as piilote18_5_,
        organisaat0_.tarkastus_pvm as tarkast19_5_,
        organisaat0_.toimipistekoodi as toimipi20_5_,
        organisaat0_.tuontipvm as tuontip21_5_,
        organisaat0_.varhaiskasvatuksen_toimipaikka_tiedot_id as varhais31_5_,
        organisaat0_.virastotunnus as virasto22_5_,
        organisaat0_.yhteishaunkoulukoodi as yhteish23_5_,
        organisaat0_.yritysmuoto as yritysm24_5_,
        organisaat0_.ytj_kieli as ytj_kie25_5_,
        organisaat0_.ytjpaivityspvm as ytjpaiv26_5_,
        organisaat0_.ytunnus as ytunnus27_5_ 
    from
        organisaatio organisaat0_ 
    where
        organisaat0_.oid=?
2020-06-10 18:11:48.590 TRACE 55751 --- [    Test worker] o.h.type.descriptor.sql.BasicBinder      : binding parameter [1] as [VARCHAR] - [1.2.246.562.10.18669752543]
2020-06-10 18:11:48.590 TRACE 55751 --- [    Test worker] o.h.type.descriptor.sql.BasicExtractor   : extracted value ([id1_5_] : [BIGINT]) - [33]
Hibernate: 
    select
        organisaat0_.id as id1_5_,
        organisaat0_.version as version2_5_,
        organisaat0_.alkupvm as alkupvm3_5_,
        organisaat0_.domainnimi as domainni4_5_,
        organisaat0_.kotipaikka as kotipaik5_5_,
        organisaat0_.kuvaus_mkt as kuvaus_28_5_,
        organisaat0_.lakkautuspvm as lakkautu6_5_,
        organisaat0_.maa as maa7_5_,
        organisaat0_.metadata_id as metadat29_5_,
        organisaat0_.nimi_mkt as nimi_mk30_5_,
        organisaat0_.nimihaku as nimihaku8_5_,
        organisaat0_.oid as oid9_5_,
        organisaat0_.opetuspisteenjarjnro as opetusp10_5_,
        organisaat0_.oppilaitoskoodi as oppilai11_5_,
        organisaat0_.oppilaitos_tyyppi as oppilai12_5_,
        organisaat0_.organisaatio_poistettu as organis13_5_,
        organisaat0_.paivittaja as paivitt14_5_,
        organisaat0_.paivityspvm as paivity15_5_,
        organisaat0_.parentidpath as parenti16_5_,
        organisaat0_.parentoidpath as parento17_5_,
        organisaat0_.piilotettu as piilote18_5_,
        organisaat0_.tarkastus_pvm as tarkast19_5_,
        organisaat0_.toimipistekoodi as toimipi20_5_,
        organisaat0_.tuontipvm as tuontip21_5_,
        organisaat0_.varhaiskasvatuksen_toimipaikka_tiedot_id as varhais31_5_,
        organisaat0_.virastotunnus as virasto22_5_,
        organisaat0_.yhteishaunkoulukoodi as yhteish23_5_,
        organisaat0_.yritysmuoto as yritysm24_5_,
        organisaat0_.ytj_kieli as ytj_kie25_5_,
        organisaat0_.ytjpaivityspvm as ytjpaiv26_5_,
        organisaat0_.ytunnus as ytunnus27_5_ 
    from
        organisaatio organisaat0_ 
    where
        organisaat0_.oid=?
2020-06-10 18:11:48.592 TRACE 55751 --- [    Test worker] o.h.type.descriptor.sql.BasicBinder      : binding parameter [1] as [VARCHAR] - [1.2.246.562.10.82824254888]
Hibernate: 
    select
        organisaat0_.id as id1_5_,
        organisaat0_.version as version2_5_,
        organisaat0_.alkupvm as alkupvm3_5_,
        organisaat0_.domainnimi as domainni4_5_,
        organisaat0_.kotipaikka as kotipaik5_5_,
        organisaat0_.kuvaus_mkt as kuvaus_28_5_,
        organisaat0_.lakkautuspvm as lakkautu6_5_,
        organisaat0_.maa as maa7_5_,
        organisaat0_.metadata_id as metadat29_5_,
        organisaat0_.nimi_mkt as nimi_mk30_5_,
        organisaat0_.nimihaku as nimihaku8_5_,
        organisaat0_.oid as oid9_5_,
        organisaat0_.opetuspisteenjarjnro as opetusp10_5_,
        organisaat0_.oppilaitoskoodi as oppilai11_5_,
        organisaat0_.oppilaitos_tyyppi as oppilai12_5_,
        organisaat0_.organisaatio_poistettu as organis13_5_,
        organisaat0_.paivittaja as paivitt14_5_,
        organisaat0_.paivityspvm as paivity15_5_,
        organisaat0_.parentidpath as parenti16_5_,
        organisaat0_.parentoidpath as parento17_5_,
        organisaat0_.piilotettu as piilote18_5_,
        organisaat0_.tarkastus_pvm as tarkast19_5_,
        organisaat0_.toimipistekoodi as toimipi20_5_,
        organisaat0_.tuontipvm as tuontip21_5_,
        organisaat0_.varhaiskasvatuksen_toimipaikka_tiedot_id as varhais31_5_,
        organisaat0_.virastotunnus as virasto22_5_,
        organisaat0_.yhteishaunkoulukoodi as yhteish23_5_,
        organisaat0_.yritysmuoto as yritysm24_5_,
        organisaat0_.ytj_kieli as ytj_kie25_5_,
        organisaat0_.ytjpaivityspvm as ytjpaiv26_5_,
        organisaat0_.ytunnus as ytunnus27_5_ 
    from
        organisaatio organisaat0_ 
    where
        organisaat0_.oid=?
2020-06-10 18:11:48.592 TRACE 55751 --- [    Test worker] o.h.type.descriptor.sql.BasicBinder      : binding parameter [1] as [VARCHAR] - [1.2.246.562.10.18669752543]
2020-06-10 18:11:48.593 TRACE 55751 --- [    Test worker] o.h.type.descriptor.sql.BasicExtractor   : extracted value ([id1_5_] : [BIGINT]) - [33]
2020-06-10 18:11:48.834  WARN 55751 --- [    Test worker] fi.vm.sade.javautils.http.OphHttpClient  : Failed to CAS authenticate. Renewing proxy ticket.
Hibernate: 
    select
        organisaat0_.id as id1_5_,
        organisaat0_.version as version2_5_,
        organisaat0_.alkupvm as alkupvm3_5_,
        organisaat0_.domainnimi as domainni4_5_,
        organisaat0_.kotipaikka as kotipaik5_5_,
        organisaat0_.kuvaus_mkt as kuvaus_28_5_,
        organisaat0_.lakkautuspvm as lakkautu6_5_,
        organisaat0_.maa as maa7_5_,
        organisaat0_.metadata_id as metadat29_5_,
        organisaat0_.nimi_mkt as nimi_mk30_5_,
        organisaat0_.nimihaku as nimihaku8_5_,
        organisaat0_.oid as oid9_5_,
        organisaat0_.opetuspisteenjarjnro as opetusp10_5_,
        organisaat0_.oppilaitoskoodi as oppilai11_5_,
        organisaat0_.oppilaitos_tyyppi as oppilai12_5_,
        organisaat0_.organisaatio_poistettu as organis13_5_,
        organisaat0_.paivittaja as paivitt14_5_,
        organisaat0_.paivityspvm as paivity15_5_,
        organisaat0_.parentidpath as parenti16_5_,
        organisaat0_.parentoidpath as parento17_5_,
        organisaat0_.piilotettu as piilote18_5_,
        organisaat0_.tarkastus_pvm as tarkast19_5_,
        organisaat0_.toimipistekoodi as toimipi20_5_,
        organisaat0_.tuontipvm as tuontip21_5_,
        organisaat0_.varhaiskasvatuksen_toimipaikka_tiedot_id as varhais31_5_,
        organisaat0_.virastotunnus as virasto22_5_,
        organisaat0_.yhteishaunkoulukoodi as yhteish23_5_,
        organisaat0_.yritysmuoto as yritysm24_5_,
        organisaat0_.ytj_kieli as ytj_kie25_5_,
        organisaat0_.ytjpaivityspvm as ytjpaiv26_5_,
        organisaat0_.ytunnus as ytunnus27_5_ 
    from
        organisaatio organisaat0_ 
    where
        organisaat0_.oid=?
2020-06-10 18:11:48.951 TRACE 55751 --- [    Test worker] o.h.type.descriptor.sql.BasicBinder      : binding parameter [1] as [VARCHAR] - [1.2.246.562.10.18669752543]
2020-06-10 18:11:48.951 TRACE 55751 --- [    Test worker] o.h.type.descriptor.sql.BasicExtractor   : extracted value ([id1_5_] : [BIGINT]) - [33]
2020-06-10 18:11:48.952  WARN 55751 --- [    Test worker] f.v.s.o.b.i.OrganisaatioBusinessChecker  : Organisation name missing: For toimipiste, name must be given in all languages parent name exists (lang:sv, name:toimipiste1 (sv), parentname:null)
2020-06-10 18:11:48.952  WARN 55751 --- [    Test worker] f.v.s.o.b.i.OrganisaatioBusinessChecker  : Organisation name missing: For toimipiste, name must be given in all languages parent name exists (lang:en, name:oppilaitos1-päivitetty (en), toimipiste1 (en), parentname:null)
Hibernate: 
    select
        organisaat0_.id as id1_5_,
        organisaat0_.version as version2_5_,
        organisaat0_.alkupvm as alkupvm3_5_,
        organisaat0_.domainnimi as domainni4_5_,
        organisaat0_.kotipaikka as kotipaik5_5_,
        organisaat0_.kuvaus_mkt as kuvaus_28_5_,
        organisaat0_.lakkautuspvm as lakkautu6_5_,
        organisaat0_.maa as maa7_5_,
        organisaat0_.metadata_id as metadat29_5_,
        organisaat0_.nimi_mkt as nimi_mk30_5_,
        organisaat0_.nimihaku as nimihaku8_5_,
        organisaat0_.oid as oid9_5_,
        organisaat0_.opetuspisteenjarjnro as opetusp10_5_,
        organisaat0_.oppilaitoskoodi as oppilai11_5_,
        organisaat0_.oppilaitos_tyyppi as oppilai12_5_,
        organisaat0_.organisaatio_poistettu as organis13_5_,
        organisaat0_.paivittaja as paivitt14_5_,
        organisaat0_.paivityspvm as paivity15_5_,
        organisaat0_.parentidpath as parenti16_5_,
        organisaat0_.parentoidpath as parento17_5_,
        organisaat0_.piilotettu as piilote18_5_,
        organisaat0_.tarkastus_pvm as tarkast19_5_,
        organisaat0_.toimipistekoodi as toimipi20_5_,
        organisaat0_.tuontipvm as tuontip21_5_,
        organisaat0_.varhaiskasvatuksen_toimipaikka_tiedot_id as varhais31_5_,
        organisaat0_.virastotunnus as virasto22_5_,
        organisaat0_.yhteishaunkoulukoodi as yhteish23_5_,
        organisaat0_.yritysmuoto as yritysm24_5_,
        organisaat0_.ytj_kieli as ytj_kie25_5_,
        organisaat0_.ytjpaivityspvm as ytjpaiv26_5_,
        organisaat0_.ytunnus as ytunnus27_5_ 
    from
        organisaatio organisaat0_ 
    where
        organisaat0_.oid=?
2020-06-10 18:11:48.953 TRACE 55751 --- [    Test worker] o.h.type.descriptor.sql.BasicBinder      : binding parameter [1] as [VARCHAR] - [1.2.246.562.10.18669752543]
2020-06-10 18:11:48.953 TRACE 55751 --- [    Test worker] o.h.type.descriptor.sql.BasicExtractor   : extracted value ([id1_5_] : [BIGINT]) - [33]
Hibernate: 
    select
        organisaat0_.id as id1_5_,
        organisaat0_.version as version2_5_,
        organisaat0_.alkupvm as alkupvm3_5_,
        organisaat0_.domainnimi as domainni4_5_,
        organisaat0_.kotipaikka as kotipaik5_5_,
        organisaat0_.kuvaus_mkt as kuvaus_28_5_,
        organisaat0_.lakkautuspvm as lakkautu6_5_,
        organisaat0_.maa as maa7_5_,
        organisaat0_.metadata_id as metadat29_5_,
        organisaat0_.nimi_mkt as nimi_mk30_5_,
        organisaat0_.nimihaku as nimihaku8_5_,
        organisaat0_.oid as oid9_5_,
        organisaat0_.opetuspisteenjarjnro as opetusp10_5_,
        organisaat0_.oppilaitoskoodi as oppilai11_5_,
        organisaat0_.oppilaitos_tyyppi as oppilai12_5_,
        organisaat0_.organisaatio_poistettu as organis13_5_,
        organisaat0_.paivittaja as paivitt14_5_,
        organisaat0_.paivityspvm as paivity15_5_,
        organisaat0_.parentidpath as parenti16_5_,
        organisaat0_.parentoidpath as parento17_5_,
        organisaat0_.piilotettu as piilote18_5_,
        organisaat0_.tarkastus_pvm as tarkast19_5_,
        organisaat0_.toimipistekoodi as toimipi20_5_,
        organisaat0_.tuontipvm as tuontip21_5_,
        organisaat0_.varhaiskasvatuksen_toimipaikka_tiedot_id as varhais31_5_,
        organisaat0_.virastotunnus as virasto22_5_,
        organisaat0_.yhteishaunkoulukoodi as yhteish23_5_,
        organisaat0_.yritysmuoto as yritysm24_5_,
        organisaat0_.ytj_kieli as ytj_kie25_5_,
        organisaat0_.ytjpaivityspvm as ytjpaiv26_5_,
        organisaat0_.ytunnus as ytunnus27_5_ 
    from
        organisaatio organisaat0_ 
    where
        organisaat0_.toimipistekoodi=?
2020-06-10 18:11:48.954 TRACE 55751 --- [    Test worker] o.h.type.descriptor.sql.BasicBinder      : binding parameter [1] as [VARCHAR] - [null01]
Hibernate: 
    insert 
    into
        monikielinen_teksti
        (id, version) 
    values
        (null, ?)
2020-06-10 18:11:48.955 TRACE 55751 --- [    Test worker] o.h.type.descriptor.sql.BasicBinder      : binding parameter [1] as [BIGINT] - [0]
Hibernate: 
    insert 
    into
        monikielinen_teksti
        (id, version) 
    values
        (null, ?)
2020-06-10 18:11:48.956 TRACE 55751 --- [    Test worker] o.h.type.descriptor.sql.BasicBinder      : binding parameter [1] as [BIGINT] - [0]
Hibernate: 
    insert 
    into
        organisaatio
        (id, version, alkupvm, domainnimi, kotipaikka, kuvaus_mkt, lakkautuspvm, maa, metadata_id, nimi_mkt, nimihaku, oid, opetuspisteenjarjnro, oppilaitoskoodi, oppilaitos_tyyppi, organisaatio_poistettu, paivittaja, paivityspvm, parentidpath, parentoidpath, piilotettu, tarkastus_pvm, toimipistekoodi, tuontipvm, varhaiskasvatuksen_toimipaikka_tiedot_id, virastotunnus, yhteishaunkoulukoodi, yritysmuoto, ytj_kieli, ytjpaivityspvm, ytunnus) 
    values
        (null, ?, ?, ?, ?, ?, ?, ?, ?, ?, ?, ?, ?, ?, ?, ?, ?, ?, ?, ?, ?, ?, ?, ?, ?, ?, ?, ?, ?, ?, ?)
2020-06-10 18:11:48.956 TRACE 55751 --- [    Test worker] o.h.type.descriptor.sql.BasicBinder      : binding parameter [1] as [BIGINT] - [0]
2020-06-10 18:11:48.956 TRACE 55751 --- [    Test worker] o.h.type.descriptor.sql.BasicBinder      : binding parameter [2] as [DATE] - [Fri Dec 31 00:00:00 EET 1999]
2020-06-10 18:11:48.956 TRACE 55751 --- [    Test worker] o.h.type.descriptor.sql.BasicBinder      : binding parameter [3] as [VARCHAR] - [null]
2020-06-10 18:11:48.956 TRACE 55751 --- [    Test worker] o.h.type.descriptor.sql.BasicBinder      : binding parameter [4] as [VARCHAR] - [kunta_092]
2020-06-10 18:11:48.956 TRACE 55751 --- [    Test worker] o.h.type.descriptor.sql.BasicBinder      : binding parameter [5] as [BIGINT] - [1050]
2020-06-10 18:11:48.956 TRACE 55751 --- [    Test worker] o.h.type.descriptor.sql.BasicBinder      : binding parameter [6] as [DATE] - [null]
2020-06-10 18:11:48.956 TRACE 55751 --- [    Test worker] o.h.type.descriptor.sql.BasicBinder      : binding parameter [7] as [VARCHAR] - [maatjavaltiot1_fin]
2020-06-10 18:11:48.956 TRACE 55751 --- [    Test worker] o.h.type.descriptor.sql.BasicBinder      : binding parameter [8] as [BIGINT] - [null]
2020-06-10 18:11:48.956 TRACE 55751 --- [    Test worker] o.h.type.descriptor.sql.BasicBinder      : binding parameter [9] as [BIGINT] - [1051]
2020-06-10 18:11:48.956 TRACE 55751 --- [    Test worker] o.h.type.descriptor.sql.BasicBinder      : binding parameter [10] as [VARCHAR] - [,oppilaitos1 (fi), toimipiste1 (fi),toimipiste1 (sv),oppilaitos1-päivitetty (en), toimipiste1 (en)]
2020-06-10 18:11:48.956 TRACE 55751 --- [    Test worker] o.h.type.descriptor.sql.BasicBinder      : binding parameter [11] as [VARCHAR] - [1.2.246.562.10.82824254888]
2020-06-10 18:11:48.956 TRACE 55751 --- [    Test worker] o.h.type.descriptor.sql.BasicBinder      : binding parameter [12] as [VARCHAR] - [01]
2020-06-10 18:11:48.956 TRACE 55751 --- [    Test worker] o.h.type.descriptor.sql.BasicBinder      : binding parameter [13] as [VARCHAR] - [null]
2020-06-10 18:11:48.956 TRACE 55751 --- [    Test worker] o.h.type.descriptor.sql.BasicBinder      : binding parameter [14] as [VARCHAR] - [null]
2020-06-10 18:11:48.956 TRACE 55751 --- [    Test worker] o.h.type.descriptor.sql.BasicBinder      : binding parameter [15] as [BOOLEAN] - [false]
2020-06-10 18:11:48.956 TRACE 55751 --- [    Test worker] o.h.type.descriptor.sql.BasicBinder      : binding parameter [16] as [VARCHAR] - [ophadmin]
2020-06-10 18:11:48.956 TRACE 55751 --- [    Test worker] o.h.type.descriptor.sql.BasicBinder      : binding parameter [17] as [TIMESTAMP] - [Wed Jun 10 18:11:48 EEST 2020]
2020-06-10 18:11:48.956 TRACE 55751 --- [    Test worker] o.h.type.descriptor.sql.BasicBinder      : binding parameter [18] as [VARCHAR] - [|1|32|33|]
2020-06-10 18:11:48.956 TRACE 55751 --- [    Test worker] o.h.type.descriptor.sql.BasicBinder      : binding parameter [19] as [VARCHAR] - [|1.2.246.562.24.00000000001|1.2.246.562.10.27649343363|1.2.246.562.10.18669752543|]
2020-06-10 18:11:48.956 TRACE 55751 --- [    Test worker] o.h.type.descriptor.sql.BasicBinder      : binding parameter [20] as [BOOLEAN] - [false]
2020-06-10 18:11:48.957 TRACE 55751 --- [    Test worker] o.h.type.descriptor.sql.BasicBinder      : binding parameter [21] as [TIMESTAMP] - [null]
2020-06-10 18:11:48.957 TRACE 55751 --- [    Test worker] o.h.type.descriptor.sql.BasicBinder      : binding parameter [22] as [VARCHAR] - [null01]
2020-06-10 18:11:48.957 TRACE 55751 --- [    Test worker] o.h.type.descriptor.sql.BasicBinder      : binding parameter [23] as [TIMESTAMP] - [null]
2020-06-10 18:11:48.957 TRACE 55751 --- [    Test worker] o.h.type.descriptor.sql.BasicBinder      : binding parameter [24] as [BIGINT] - [null]
2020-06-10 18:11:48.957 TRACE 55751 --- [    Test worker] o.h.type.descriptor.sql.BasicBinder      : binding parameter [25] as [VARCHAR] - [null]
2020-06-10 18:11:48.957 TRACE 55751 --- [    Test worker] o.h.type.descriptor.sql.BasicBinder      : binding parameter [26] as [VARCHAR] - [null]
2020-06-10 18:11:48.957 TRACE 55751 --- [    Test worker] o.h.type.descriptor.sql.BasicBinder      : binding parameter [27] as [VARCHAR] - [null]
2020-06-10 18:11:48.957 TRACE 55751 --- [    Test worker] o.h.type.descriptor.sql.BasicBinder      : binding parameter [28] as [VARCHAR] - [null]
2020-06-10 18:11:48.957 TRACE 55751 --- [    Test worker] o.h.type.descriptor.sql.BasicBinder      : binding parameter [29] as [DATE] - [null]
2020-06-10 18:11:48.957 TRACE 55751 --- [    Test worker] o.h.type.descriptor.sql.BasicBinder      : binding parameter [30] as [VARCHAR] - [null]
Hibernate: 
    insert 
    into
        organisaatio_nimi
        (id, version, alkupvm, nimi_mkt, organisaatio_id, paivittaja) 
    values
        (null, ?, ?, ?, ?, ?)
2020-06-10 18:11:48.957 TRACE 55751 --- [    Test worker] o.h.type.descriptor.sql.BasicBinder      : binding parameter [1] as [BIGINT] - [0]
2020-06-10 18:11:48.957 TRACE 55751 --- [    Test worker] o.h.type.descriptor.sql.BasicBinder      : binding parameter [2] as [DATE] - [Wed Jun 10 18:11:48 EEST 2020]
2020-06-10 18:11:48.957 TRACE 55751 --- [    Test worker] o.h.type.descriptor.sql.BasicBinder      : binding parameter [3] as [BIGINT] - [1051]
2020-06-10 18:11:48.957 TRACE 55751 --- [    Test worker] o.h.type.descriptor.sql.BasicBinder      : binding parameter [4] as [BIGINT] - [34]
2020-06-10 18:11:48.957 TRACE 55751 --- [    Test worker] o.h.type.descriptor.sql.BasicBinder      : binding parameter [5] as [VARCHAR] - [null]
Hibernate: 
    insert 
    into
        yhteystieto
        (id, version, kieli, organisaatio_id, yhteystieto_oid, www_osoite, dtype) 
    values
        (null, ?, ?, ?, ?, ?, 'Www')
2020-06-10 18:11:48.958 TRACE 55751 --- [    Test worker] o.h.type.descriptor.sql.BasicBinder      : binding parameter [1] as [BIGINT] - [0]
2020-06-10 18:11:48.958 TRACE 55751 --- [    Test worker] o.h.type.descriptor.sql.BasicBinder      : binding parameter [2] as [VARCHAR] - [kieli_fi#1]
2020-06-10 18:11:48.958 TRACE 55751 --- [    Test worker] o.h.type.descriptor.sql.BasicBinder      : binding parameter [3] as [BIGINT] - [34]
2020-06-10 18:11:48.958 TRACE 55751 --- [    Test worker] o.h.type.descriptor.sql.BasicBinder      : binding parameter [4] as [VARCHAR] - [15918019085910.7585913090358168]
2020-06-10 18:11:48.958 TRACE 55751 --- [    Test worker] o.h.type.descriptor.sql.BasicBinder      : binding parameter [5] as [VARCHAR] - [http://test.oph.fi]
Hibernate: 
    insert 
    into
        yhteystieto
        (id, version, kieli, organisaatio_id, yhteystieto_oid, coordinatetype, extrarivi, lat, lng, maa, osavaltio, osoite, osoite_tyyppi, postinumero, postitoimipaikka, ytjpaivityspvm, dtype) 
    values
        (null, ?, ?, ?, ?, ?, ?, ?, ?, ?, ?, ?, ?, ?, ?, ?, 'Osoite')
2020-06-10 18:11:48.958 TRACE 55751 --- [    Test worker] o.h.type.descriptor.sql.BasicBinder      : binding parameter [1] as [BIGINT] - [0]
2020-06-10 18:11:48.958 TRACE 55751 --- [    Test worker] o.h.type.descriptor.sql.BasicBinder      : binding parameter [2] as [VARCHAR] - [kieli_fi#1]
2020-06-10 18:11:48.958 TRACE 55751 --- [    Test worker] o.h.type.descriptor.sql.BasicBinder      : binding parameter [3] as [BIGINT] - [34]
2020-06-10 18:11:48.958 TRACE 55751 --- [    Test worker] o.h.type.descriptor.sql.BasicBinder      : binding parameter [4] as [VARCHAR] - [1.2.246.562.5.69686065300]
2020-06-10 18:11:48.958 TRACE 55751 --- [    Test worker] o.h.type.descriptor.sql.BasicBinder      : binding parameter [5] as [VARCHAR] - [null]
2020-06-10 18:11:48.958 TRACE 55751 --- [    Test worker] o.h.type.descriptor.sql.BasicBinder      : binding parameter [6] as [VARCHAR] - [null]
2020-06-10 18:11:48.958 TRACE 55751 --- [    Test worker] o.h.type.descriptor.sql.BasicBinder      : binding parameter [7] as [DOUBLE] - [null]
2020-06-10 18:11:48.958 TRACE 55751 --- [    Test worker] o.h.type.descriptor.sql.BasicBinder      : binding parameter [8] as [DOUBLE] - [null]
2020-06-10 18:11:48.958 TRACE 55751 --- [    Test worker] o.h.type.descriptor.sql.BasicBinder      : binding parameter [9] as [VARCHAR] - [null]
2020-06-10 18:11:48.958 TRACE 55751 --- [    Test worker] o.h.type.descriptor.sql.BasicBinder      : binding parameter [10] as [VARCHAR] - [null]
2020-06-10 18:11:48.958 TRACE 55751 --- [    Test worker] o.h.type.descriptor.sql.BasicBinder      : binding parameter [11] as [VARCHAR] - [Kayntiosoite 2B]
2020-06-10 18:11:48.958 TRACE 55751 --- [    Test worker] o.h.type.descriptor.sql.BasicBinder      : binding parameter [12] as [VARCHAR] - [kaynti]
2020-06-10 18:11:48.958 TRACE 55751 --- [    Test worker] o.h.type.descriptor.sql.BasicBinder      : binding parameter [13] as [VARCHAR] - [posti_00550]
2020-06-10 18:11:48.958 TRACE 55751 --- [    Test worker] o.h.type.descriptor.sql.BasicBinder      : binding parameter [14] as [VARCHAR] - [Helsinki]
2020-06-10 18:11:48.958 TRACE 55751 --- [    Test worker] o.h.type.descriptor.sql.BasicBinder      : binding parameter [15] as [DATE] - [null]
Hibernate: 
    insert 
    into
        yhteystieto
        (id, version, kieli, organisaatio_id, yhteystieto_oid, email, dtype) 
    values
        (null, ?, ?, ?, ?, ?, 'Email')
2020-06-10 18:11:48.959 TRACE 55751 --- [    Test worker] o.h.type.descriptor.sql.BasicBinder      : binding parameter [1] as [BIGINT] - [0]
2020-06-10 18:11:48.959 TRACE 55751 --- [    Test worker] o.h.type.descriptor.sql.BasicBinder      : binding parameter [2] as [VARCHAR] - [kieli_fi#1]
2020-06-10 18:11:48.959 TRACE 55751 --- [    Test worker] o.h.type.descriptor.sql.BasicBinder      : binding parameter [3] as [BIGINT] - [34]
2020-06-10 18:11:48.959 TRACE 55751 --- [    Test worker] o.h.type.descriptor.sql.BasicBinder      : binding parameter [4] as [VARCHAR] - [15918019085910.09903113253813933]
2020-06-10 18:11:48.959 TRACE 55751 --- [    Test worker] o.h.type.descriptor.sql.BasicBinder      : binding parameter [5] as [VARCHAR] - [asd@asd.asd]
Hibernate: 
    insert 
    into
        yhteystieto
        (id, version, kieli, organisaatio_id, yhteystieto_oid, puhelinnumero, tyyppi, dtype) 
    values
        (null, ?, ?, ?, ?, ?, ?, 'Puhelinnumero')
2020-06-10 18:11:48.959 TRACE 55751 --- [    Test worker] o.h.type.descriptor.sql.BasicBinder      : binding parameter [1] as [BIGINT] - [0]
2020-06-10 18:11:48.959 TRACE 55751 --- [    Test worker] o.h.type.descriptor.sql.BasicBinder      : binding parameter [2] as [VARCHAR] - [kieli_fi#1]
2020-06-10 18:11:48.959 TRACE 55751 --- [    Test worker] o.h.type.descriptor.sql.BasicBinder      : binding parameter [3] as [BIGINT] - [34]
2020-06-10 18:11:48.959 TRACE 55751 --- [    Test worker] o.h.type.descriptor.sql.BasicBinder      : binding parameter [4] as [VARCHAR] - [1.2.246.562.5.61127797120]
2020-06-10 18:11:48.959 TRACE 55751 --- [    Test worker] o.h.type.descriptor.sql.BasicBinder      : binding parameter [5] as [VARCHAR] - [123]
2020-06-10 18:11:48.959 TRACE 55751 --- [    Test worker] o.h.type.descriptor.sql.BasicBinder      : binding parameter [6] as [VARCHAR] - [puhelin]
Hibernate: 
    insert 
    into
        yhteystieto
        (id, version, kieli, organisaatio_id, yhteystieto_oid, coordinatetype, extrarivi, lat, lng, maa, osavaltio, osoite, osoite_tyyppi, postinumero, postitoimipaikka, ytjpaivityspvm, dtype) 
    values
        (null, ?, ?, ?, ?, ?, ?, ?, ?, ?, ?, ?, ?, ?, ?, ?, 'Osoite')
2020-06-10 18:11:48.960 TRACE 55751 --- [    Test worker] o.h.type.descriptor.sql.BasicBinder      : binding parameter [1] as [BIGINT] - [0]
2020-06-10 18:11:48.960 TRACE 55751 --- [    Test worker] o.h.type.descriptor.sql.BasicBinder      : binding parameter [2] as [VARCHAR] - [kieli_fi#1]
2020-06-10 18:11:48.960 TRACE 55751 --- [    Test worker] o.h.type.descriptor.sql.BasicBinder      : binding parameter [3] as [BIGINT] - [34]
2020-06-10 18:11:48.960 TRACE 55751 --- [    Test worker] o.h.type.descriptor.sql.BasicBinder      : binding parameter [4] as [VARCHAR] - [1.2.246.562.5.31561320651]
2020-06-10 18:11:48.960 TRACE 55751 --- [    Test worker] o.h.type.descriptor.sql.BasicBinder      : binding parameter [5] as [VARCHAR] - [null]
2020-06-10 18:11:48.960 TRACE 55751 --- [    Test worker] o.h.type.descriptor.sql.BasicBinder      : binding parameter [6] as [VARCHAR] - [null]
2020-06-10 18:11:48.960 TRACE 55751 --- [    Test worker] o.h.type.descriptor.sql.BasicBinder      : binding parameter [7] as [DOUBLE] - [null]
2020-06-10 18:11:48.960 TRACE 55751 --- [    Test worker] o.h.type.descriptor.sql.BasicBinder      : binding parameter [8] as [DOUBLE] - [null]
2020-06-10 18:11:48.960 TRACE 55751 --- [    Test worker] o.h.type.descriptor.sql.BasicBinder      : binding parameter [9] as [VARCHAR] - [null]
2020-06-10 18:11:48.960 TRACE 55751 --- [    Test worker] o.h.type.descriptor.sql.BasicBinder      : binding parameter [10] as [VARCHAR] - [null]
2020-06-10 18:11:48.960 TRACE 55751 --- [    Test worker] o.h.type.descriptor.sql.BasicBinder      : binding parameter [11] as [VARCHAR] - [Postiosoite 1A]
2020-06-10 18:11:48.960 TRACE 55751 --- [    Test worker] o.h.type.descriptor.sql.BasicBinder      : binding parameter [12] as [VARCHAR] - [posti]
2020-06-10 18:11:48.960 TRACE 55751 --- [    Test worker] o.h.type.descriptor.sql.BasicBinder      : binding parameter [13] as [VARCHAR] - [00550]
2020-06-10 18:11:48.960 TRACE 55751 --- [    Test worker] o.h.type.descriptor.sql.BasicBinder      : binding parameter [14] as [VARCHAR] - [Helsinki]
2020-06-10 18:11:48.960 TRACE 55751 --- [    Test worker] o.h.type.descriptor.sql.BasicBinder      : binding parameter [15] as [DATE] - [null]
2020-06-10 18:11:48.960  INFO 55751 --- [    Test worker] .s.o.r.i.OrganisaatioSuhdeRepositoryImpl : findParentTo(34, Wed Jun 10 18:11:48 EEST 2020)
Hibernate: 
    update
        organisaatio 
    set
        version=?,
        alkupvm=?,
        domainnimi=?,
        kotipaikka=?,
        kuvaus_mkt=?,
        lakkautuspvm=?,
        maa=?,
        metadata_id=?,
        nimi_mkt=?,
        nimihaku=?,
        oid=?,
        opetuspisteenjarjnro=?,
        oppilaitoskoodi=?,
        oppilaitos_tyyppi=?,
        organisaatio_poistettu=?,
        paivittaja=?,
        paivityspvm=?,
        parentidpath=?,
        parentoidpath=?,
        piilotettu=?,
        tarkastus_pvm=?,
        toimipistekoodi=?,
        tuontipvm=?,
        varhaiskasvatuksen_toimipaikka_tiedot_id=?,
        virastotunnus=?,
        yhteishaunkoulukoodi=?,
        yritysmuoto=?,
        ytj_kieli=?,
        ytjpaivityspvm=?,
        ytunnus=? 
    where
        id=? 
        and version=?
2020-06-10 18:11:48.962 TRACE 55751 --- [    Test worker] o.h.type.descriptor.sql.BasicBinder      : binding parameter [1] as [BIGINT] - [1]
2020-06-10 18:11:48.962 TRACE 55751 --- [    Test worker] o.h.type.descriptor.sql.BasicBinder      : binding parameter [2] as [DATE] - [Fri Dec 31 00:00:00 EET 1999]
2020-06-10 18:11:48.962 TRACE 55751 --- [    Test worker] o.h.type.descriptor.sql.BasicBinder      : binding parameter [3] as [VARCHAR] - [null]
2020-06-10 18:11:48.962 TRACE 55751 --- [    Test worker] o.h.type.descriptor.sql.BasicBinder      : binding parameter [4] as [VARCHAR] - [kunta_092]
2020-06-10 18:11:48.962 TRACE 55751 --- [    Test worker] o.h.type.descriptor.sql.BasicBinder      : binding parameter [5] as [BIGINT] - [1050]
2020-06-10 18:11:48.962 TRACE 55751 --- [    Test worker] o.h.type.descriptor.sql.BasicBinder      : binding parameter [6] as [DATE] - [null]
2020-06-10 18:11:48.962 TRACE 55751 --- [    Test worker] o.h.type.descriptor.sql.BasicBinder      : binding parameter [7] as [VARCHAR] - [maatjavaltiot1_fin]
2020-06-10 18:11:48.962 TRACE 55751 --- [    Test worker] o.h.type.descriptor.sql.BasicBinder      : binding parameter [8] as [BIGINT] - [null]
2020-06-10 18:11:48.962 TRACE 55751 --- [    Test worker] o.h.type.descriptor.sql.BasicBinder      : binding parameter [9] as [BIGINT] - [1051]
2020-06-10 18:11:48.962 TRACE 55751 --- [    Test worker] o.h.type.descriptor.sql.BasicBinder      : binding parameter [10] as [VARCHAR] - [,oppilaitos1 (fi), toimipiste1 (fi),toimipiste1 (sv),oppilaitos1-päivitetty (en), toimipiste1 (en)]
2020-06-10 18:11:48.962 TRACE 55751 --- [    Test worker] o.h.type.descriptor.sql.BasicBinder      : binding parameter [11] as [VARCHAR] - [1.2.246.562.10.82824254888]
2020-06-10 18:11:48.962 TRACE 55751 --- [    Test worker] o.h.type.descriptor.sql.BasicBinder      : binding parameter [12] as [VARCHAR] - [01]
2020-06-10 18:11:48.962 TRACE 55751 --- [    Test worker] o.h.type.descriptor.sql.BasicBinder      : binding parameter [13] as [VARCHAR] - [null]
2020-06-10 18:11:48.962 TRACE 55751 --- [    Test worker] o.h.type.descriptor.sql.BasicBinder      : binding parameter [14] as [VARCHAR] - [null]
2020-06-10 18:11:48.962 TRACE 55751 --- [    Test worker] o.h.type.descriptor.sql.BasicBinder      : binding parameter [15] as [BOOLEAN] - [false]
2020-06-10 18:11:48.962 TRACE 55751 --- [    Test worker] o.h.type.descriptor.sql.BasicBinder      : binding parameter [16] as [VARCHAR] - [ophadmin]
2020-06-10 18:11:48.962 TRACE 55751 --- [    Test worker] o.h.type.descriptor.sql.BasicBinder      : binding parameter [17] as [TIMESTAMP] - [Wed Jun 10 18:11:48 EEST 2020]
2020-06-10 18:11:48.962 TRACE 55751 --- [    Test worker] o.h.type.descriptor.sql.BasicBinder      : binding parameter [18] as [VARCHAR] - [|1|32|33|]
2020-06-10 18:11:48.962 TRACE 55751 --- [    Test worker] o.h.type.descriptor.sql.BasicBinder      : binding parameter [19] as [VARCHAR] - [|1.2.246.562.24.00000000001|1.2.246.562.10.27649343363|1.2.246.562.10.18669752543|]
2020-06-10 18:11:48.962 TRACE 55751 --- [    Test worker] o.h.type.descriptor.sql.BasicBinder      : binding parameter [20] as [BOOLEAN] - [false]
2020-06-10 18:11:48.962 TRACE 55751 --- [    Test worker] o.h.type.descriptor.sql.BasicBinder      : binding parameter [21] as [TIMESTAMP] - [null]
2020-06-10 18:11:48.962 TRACE 55751 --- [    Test worker] o.h.type.descriptor.sql.BasicBinder      : binding parameter [22] as [VARCHAR] - [null01]
2020-06-10 18:11:48.962 TRACE 55751 --- [    Test worker] o.h.type.descriptor.sql.BasicBinder      : binding parameter [23] as [TIMESTAMP] - [null]
2020-06-10 18:11:48.962 TRACE 55751 --- [    Test worker] o.h.type.descriptor.sql.BasicBinder      : binding parameter [24] as [BIGINT] - [null]
2020-06-10 18:11:48.962 TRACE 55751 --- [    Test worker] o.h.type.descriptor.sql.BasicBinder      : binding parameter [25] as [VARCHAR] - [null]
2020-06-10 18:11:48.962 TRACE 55751 --- [    Test worker] o.h.type.descriptor.sql.BasicBinder      : binding parameter [26] as [VARCHAR] - [null]
2020-06-10 18:11:48.962 TRACE 55751 --- [    Test worker] o.h.type.descriptor.sql.BasicBinder      : binding parameter [27] as [VARCHAR] - [null]
2020-06-10 18:11:48.962 TRACE 55751 --- [    Test worker] o.h.type.descriptor.sql.BasicBinder      : binding parameter [28] as [VARCHAR] - [null]
2020-06-10 18:11:48.962 TRACE 55751 --- [    Test worker] o.h.type.descriptor.sql.BasicBinder      : binding parameter [29] as [DATE] - [null]
2020-06-10 18:11:48.962 TRACE 55751 --- [    Test worker] o.h.type.descriptor.sql.BasicBinder      : binding parameter [30] as [VARCHAR] - [null]
2020-06-10 18:11:48.962 TRACE 55751 --- [    Test worker] o.h.type.descriptor.sql.BasicBinder      : binding parameter [31] as [BIGINT] - [34]
2020-06-10 18:11:48.962 TRACE 55751 --- [    Test worker] o.h.type.descriptor.sql.BasicBinder      : binding parameter [32] as [BIGINT] - [0]
Hibernate: 
    insert 
    into
        organisaatio_kielet
        (organisaatio_id, kielet) 
    values
        (?, ?)
2020-06-10 18:11:48.963 TRACE 55751 --- [    Test worker] o.h.type.descriptor.sql.BasicBinder      : binding parameter [1] as [BIGINT] - [34]
2020-06-10 18:11:48.963 TRACE 55751 --- [    Test worker] o.h.type.descriptor.sql.BasicBinder      : binding parameter [2] as [VARCHAR] - [oppilaitoksenopetuskieli_1#1]
Hibernate: 
    insert 
    into
        organisaatio_tyypit
        (organisaatio_id, tyypit) 
    values
        (?, ?)
2020-06-10 18:11:48.963 TRACE 55751 --- [    Test worker] o.h.type.descriptor.sql.BasicBinder      : binding parameter [1] as [BIGINT] - [34]
2020-06-10 18:11:48.963 TRACE 55751 --- [    Test worker] o.h.type.descriptor.sql.BasicBinder      : binding parameter [2] as [VARCHAR] - [organisaatiotyyppi_03]
Hibernate: 
    insert 
    into
        monikielinen_teksti_values
        (id, key, value) 
    values
        (?, ?, ?)
2020-06-10 18:11:48.963 TRACE 55751 --- [    Test worker] o.h.type.descriptor.sql.BasicBinder      : binding parameter [1] as [BIGINT] - [1051]
2020-06-10 18:11:48.963 TRACE 55751 --- [    Test worker] o.h.type.descriptor.sql.BasicBinder      : binding parameter [2] as [VARCHAR] - [fi]
2020-06-10 18:11:48.963 TRACE 55751 --- [    Test worker] o.h.type.descriptor.sql.BasicBinder      : binding parameter [3] as [VARCHAR] - [oppilaitos1 (fi), toimipiste1 (fi)]
Hibernate: 
    insert 
    into
        monikielinen_teksti_values
        (id, key, value) 
    values
        (?, ?, ?)
2020-06-10 18:11:48.963 TRACE 55751 --- [    Test worker] o.h.type.descriptor.sql.BasicBinder      : binding parameter [1] as [BIGINT] - [1051]
2020-06-10 18:11:48.963 TRACE 55751 --- [    Test worker] o.h.type.descriptor.sql.BasicBinder      : binding parameter [2] as [VARCHAR] - [sv]
2020-06-10 18:11:48.963 TRACE 55751 --- [    Test worker] o.h.type.descriptor.sql.BasicBinder      : binding parameter [3] as [VARCHAR] - [toimipiste1 (sv)]
Hibernate: 
    insert 
    into
        monikielinen_teksti_values
        (id, key, value) 
    values
        (?, ?, ?)
2020-06-10 18:11:48.963 TRACE 55751 --- [    Test worker] o.h.type.descriptor.sql.BasicBinder      : binding parameter [1] as [BIGINT] - [1051]
2020-06-10 18:11:48.963 TRACE 55751 --- [    Test worker] o.h.type.descriptor.sql.BasicBinder      : binding parameter [2] as [VARCHAR] - [en]
2020-06-10 18:11:48.963 TRACE 55751 --- [    Test worker] o.h.type.descriptor.sql.BasicBinder      : binding parameter [3] as [VARCHAR] - [oppilaitos1-päivitetty (en), toimipiste1 (en)]
Hibernate: 
    select
        organisaat0_.id as id1_19_0_,
        organisaat1_.id as id1_5_1_,
        organisaat0_.version as version2_19_0_,
        organisaat0_.alkupvm as alkupvm3_19_0_,
        organisaat0_.child_id as child_id7_19_0_,
        organisaat0_.loppupvm as loppupvm4_19_0_,
        organisaat0_.opetuspisteenjarjnro as opetuspi5_19_0_,
        organisaat0_.parent_id as parent_i8_19_0_,
        organisaat0_.suhdetyyppi as suhdetyy6_19_0_,
        organisaat1_.version as version2_5_1_,
        organisaat1_.alkupvm as alkupvm3_5_1_,
        organisaat1_.domainnimi as domainni4_5_1_,
        organisaat1_.kotipaikka as kotipaik5_5_1_,
        organisaat1_.kuvaus_mkt as kuvaus_28_5_1_,
        organisaat1_.lakkautuspvm as lakkautu6_5_1_,
        organisaat1_.maa as maa7_5_1_,
        organisaat1_.metadata_id as metadat29_5_1_,
        organisaat1_.nimi_mkt as nimi_mk30_5_1_,
        organisaat1_.nimihaku as nimihaku8_5_1_,
        organisaat1_.oid as oid9_5_1_,
        organisaat1_.opetuspisteenjarjnro as opetusp10_5_1_,
        organisaat1_.oppilaitoskoodi as oppilai11_5_1_,
        organisaat1_.oppilaitos_tyyppi as oppilai12_5_1_,
        organisaat1_.organisaatio_poistettu as organis13_5_1_,
        organisaat1_.paivittaja as paivitt14_5_1_,
        organisaat1_.paivityspvm as paivity15_5_1_,
        organisaat1_.parentidpath as parenti16_5_1_,
        organisaat1_.parentoidpath as parento17_5_1_,
        organisaat1_.piilotettu as piilote18_5_1_,
        organisaat1_.tarkastus_pvm as tarkast19_5_1_,
        organisaat1_.toimipistekoodi as toimipi20_5_1_,
        organisaat1_.tuontipvm as tuontip21_5_1_,
        organisaat1_.varhaiskasvatuksen_toimipaikka_tiedot_id as varhais31_5_1_,
        organisaat1_.virastotunnus as virasto22_5_1_,
        organisaat1_.yhteishaunkoulukoodi as yhteish23_5_1_,
        organisaat1_.yritysmuoto as yritysm24_5_1_,
        organisaat1_.ytj_kieli as ytj_kie25_5_1_,
        organisaat1_.ytjpaivityspvm as ytjpaiv26_5_1_,
        organisaat1_.ytunnus as ytunnus27_5_1_ 
    from
        organisaatiosuhde organisaat0_ 
    inner join
        organisaatio organisaat1_ 
            on organisaat0_.parent_id=organisaat1_.id 
    where
        organisaat0_.child_id=? 
        and organisaat0_.suhdetyyppi=? 
        and (
            organisaat0_.alkupvm=? 
            or organisaat0_.alkupvm<?
        ) 
        and (
            organisaat0_.loppupvm is null 
            or organisaat0_.loppupvm>?
        ) 
        and organisaat1_.organisaatio_poistettu=? 
    order by
        organisaat0_.alkupvm desc
2020-06-10 18:11:48.964 TRACE 55751 --- [    Test worker] o.h.type.descriptor.sql.BasicBinder      : binding parameter [1] as [BIGINT] - [34]
2020-06-10 18:11:48.964 TRACE 55751 --- [    Test worker] o.h.type.descriptor.sql.BasicBinder      : binding parameter [2] as [VARCHAR] - [HISTORIA]
2020-06-10 18:11:48.964 TRACE 55751 --- [    Test worker] o.h.type.descriptor.sql.BasicBinder      : binding parameter [3] as [DATE] - [Wed Jun 10 18:11:48 EEST 2020]
2020-06-10 18:11:48.964 TRACE 55751 --- [    Test worker] o.h.type.descriptor.sql.BasicBinder      : binding parameter [4] as [DATE] - [Wed Jun 10 18:11:48 EEST 2020]
2020-06-10 18:11:48.964 TRACE 55751 --- [    Test worker] o.h.type.descriptor.sql.BasicBinder      : binding parameter [5] as [DATE] - [Wed Jun 10 18:11:48 EEST 2020]
2020-06-10 18:11:48.964 TRACE 55751 --- [    Test worker] o.h.type.descriptor.sql.BasicBinder      : binding parameter [6] as [BOOLEAN] - [false]
2020-06-10 18:11:48.964  INFO 55751 --- [    Test worker] .s.o.r.i.OrganisaatioSuhdeRepositoryImpl : addChild(33, 34, Wed Jun 10 18:11:48 EEST 2020)
Hibernate: 
    insert 
    into
        organisaatiosuhde
        (id, version, alkupvm, child_id, loppupvm, opetuspisteenjarjnro, parent_id, suhdetyyppi) 
    values
        (null, ?, ?, ?, ?, ?, ?, ?)
2020-06-10 18:11:48.965 TRACE 55751 --- [    Test worker] o.h.type.descriptor.sql.BasicBinder      : binding parameter [1] as [BIGINT] - [0]
2020-06-10 18:11:48.965 TRACE 55751 --- [    Test worker] o.h.type.descriptor.sql.BasicBinder      : binding parameter [2] as [DATE] - [Wed Jun 10 18:11:48 EEST 2020]
2020-06-10 18:11:48.965 TRACE 55751 --- [    Test worker] o.h.type.descriptor.sql.BasicBinder      : binding parameter [3] as [BIGINT] - [34]
2020-06-10 18:11:48.965 TRACE 55751 --- [    Test worker] o.h.type.descriptor.sql.BasicBinder      : binding parameter [4] as [DATE] - [null]
2020-06-10 18:11:48.965 TRACE 55751 --- [    Test worker] o.h.type.descriptor.sql.BasicBinder      : binding parameter [5] as [VARCHAR] - [01]
2020-06-10 18:11:48.965 TRACE 55751 --- [    Test worker] o.h.type.descriptor.sql.BasicBinder      : binding parameter [6] as [BIGINT] - [33]
2020-06-10 18:11:48.965 TRACE 55751 --- [    Test worker] o.h.type.descriptor.sql.BasicBinder      : binding parameter [7] as [VARCHAR] - [HISTORIA]
2020-06-10 18:11:48.965  INFO 55751 --- [    Test worker] .s.o.r.i.OrganisaatioSuhdeRepositoryImpl :     Created new child relation:  --> pId=33, cId=34, aPvm=Wed Jun 10 18:11:48 EEST 2020, lPvm=null
Hibernate: 
    select
        organisaat0_.id as id1_19_,
        organisaat0_.version as version2_19_,
        organisaat0_.alkupvm as alkupvm3_19_,
        organisaat0_.child_id as child_id7_19_,
        organisaat0_.loppupvm as loppupvm4_19_,
        organisaat0_.opetuspisteenjarjnro as opetuspi5_19_,
        organisaat0_.parent_id as parent_i8_19_,
        organisaat0_.suhdetyyppi as suhdetyy6_19_ 
    from
        organisaatiosuhde organisaat0_ 
    where
        organisaat0_.child_id=?
2020-06-10 18:11:48.966 TRACE 55751 --- [    Test worker] o.h.type.descriptor.sql.BasicBinder      : binding parameter [1] as [BIGINT] - [34]
2020-06-10 18:11:48.966 TRACE 55751 --- [    Test worker] o.h.type.descriptor.sql.BasicExtractor   : extracted value ([id1_19_] : [BIGINT]) - [38]
Hibernate: 
    select
        organisaat0_.id as id1_5_,
        organisaat0_.version as version2_5_,
        organisaat0_.alkupvm as alkupvm3_5_,
        organisaat0_.domainnimi as domainni4_5_,
        organisaat0_.kotipaikka as kotipaik5_5_,
        organisaat0_.kuvaus_mkt as kuvaus_28_5_,
        organisaat0_.lakkautuspvm as lakkautu6_5_,
        organisaat0_.maa as maa7_5_,
        organisaat0_.metadata_id as metadat29_5_,
        organisaat0_.nimi_mkt as nimi_mk30_5_,
        organisaat0_.nimihaku as nimihaku8_5_,
        organisaat0_.oid as oid9_5_,
        organisaat0_.opetuspisteenjarjnro as opetusp10_5_,
        organisaat0_.oppilaitoskoodi as oppilai11_5_,
        organisaat0_.oppilaitos_tyyppi as oppilai12_5_,
        organisaat0_.organisaatio_poistettu as organis13_5_,
        organisaat0_.paivittaja as paivitt14_5_,
        organisaat0_.paivityspvm as paivity15_5_,
        organisaat0_.parentidpath as parenti16_5_,
        organisaat0_.parentoidpath as parento17_5_,
        organisaat0_.piilotettu as piilote18_5_,
        organisaat0_.tarkastus_pvm as tarkast19_5_,
        organisaat0_.toimipistekoodi as toimipi20_5_,
        organisaat0_.tuontipvm as tuontip21_5_,
        organisaat0_.varhaiskasvatuksen_toimipaikka_tiedot_id as varhais31_5_,
        organisaat0_.virastotunnus as virasto22_5_,
        organisaat0_.yhteishaunkoulukoodi as yhteish23_5_,
        organisaat0_.yritysmuoto as yritysm24_5_,
        organisaat0_.ytj_kieli as ytj_kie25_5_,
        organisaat0_.ytjpaivityspvm as ytjpaiv26_5_,
        organisaat0_.ytunnus as ytunnus27_5_ 
    from
        organisaatio organisaat0_ 
    where
        organisaat0_.oid=?
2020-06-10 18:11:48.967 TRACE 55751 --- [    Test worker] o.h.type.descriptor.sql.BasicBinder      : binding parameter [1] as [VARCHAR] - [1.2.246.562.10.82824254888]
2020-06-10 18:11:48.967 TRACE 55751 --- [    Test worker] o.h.type.descriptor.sql.BasicExtractor   : extracted value ([id1_5_] : [BIGINT]) - [34]
Hibernate: 
    select
        organisaat0_.id as id1_5_,
        organisaat0_.version as version2_5_,
        organisaat0_.alkupvm as alkupvm3_5_,
        organisaat0_.domainnimi as domainni4_5_,
        organisaat0_.kotipaikka as kotipaik5_5_,
        organisaat0_.kuvaus_mkt as kuvaus_28_5_,
        organisaat0_.lakkautuspvm as lakkautu6_5_,
        organisaat0_.maa as maa7_5_,
        organisaat0_.metadata_id as metadat29_5_,
        organisaat0_.nimi_mkt as nimi_mk30_5_,
        organisaat0_.nimihaku as nimihaku8_5_,
        organisaat0_.oid as oid9_5_,
        organisaat0_.opetuspisteenjarjnro as opetusp10_5_,
        organisaat0_.oppilaitoskoodi as oppilai11_5_,
        organisaat0_.oppilaitos_tyyppi as oppilai12_5_,
        organisaat0_.organisaatio_poistettu as organis13_5_,
        organisaat0_.paivittaja as paivitt14_5_,
        organisaat0_.paivityspvm as paivity15_5_,
        organisaat0_.parentidpath as parenti16_5_,
        organisaat0_.parentoidpath as parento17_5_,
        organisaat0_.piilotettu as piilote18_5_,
        organisaat0_.tarkastus_pvm as tarkast19_5_,
        organisaat0_.toimipistekoodi as toimipi20_5_,
        organisaat0_.tuontipvm as tuontip21_5_,
        organisaat0_.varhaiskasvatuksen_toimipaikka_tiedot_id as varhais31_5_,
        organisaat0_.virastotunnus as virasto22_5_,
        organisaat0_.yhteishaunkoulukoodi as yhteish23_5_,
        organisaat0_.yritysmuoto as yritysm24_5_,
        organisaat0_.ytj_kieli as ytj_kie25_5_,
        organisaat0_.ytjpaivityspvm as ytjpaiv26_5_,
        organisaat0_.ytunnus as ytunnus27_5_ 
    from
        organisaatio organisaat0_ 
    where
        organisaat0_.oid=?
2020-06-10 18:11:48.969 TRACE 55751 --- [    Test worker] o.h.type.descriptor.sql.BasicBinder      : binding parameter [1] as [VARCHAR] - [1.2.246.562.10.27649343363]
2020-06-10 18:11:48.969 TRACE 55751 --- [    Test worker] o.h.type.descriptor.sql.BasicExtractor   : extracted value ([id1_5_] : [BIGINT]) - [32]
2020-06-10 18:11:49.211  WARN 55751 --- [    Test worker] fi.vm.sade.javautils.http.OphHttpClient  : Failed to CAS authenticate. Renewing proxy ticket.
Hibernate: 
    select
        organisaat0_.id as id1_5_,
        organisaat0_.version as version2_5_,
        organisaat0_.alkupvm as alkupvm3_5_,
        organisaat0_.domainnimi as domainni4_5_,
        organisaat0_.kotipaikka as kotipaik5_5_,
        organisaat0_.kuvaus_mkt as kuvaus_28_5_,
        organisaat0_.lakkautuspvm as lakkautu6_5_,
        organisaat0_.maa as maa7_5_,
        organisaat0_.metadata_id as metadat29_5_,
        organisaat0_.nimi_mkt as nimi_mk30_5_,
        organisaat0_.nimihaku as nimihaku8_5_,
        organisaat0_.oid as oid9_5_,
        organisaat0_.opetuspisteenjarjnro as opetusp10_5_,
        organisaat0_.oppilaitoskoodi as oppilai11_5_,
        organisaat0_.oppilaitos_tyyppi as oppilai12_5_,
        organisaat0_.organisaatio_poistettu as organis13_5_,
        organisaat0_.paivittaja as paivitt14_5_,
        organisaat0_.paivityspvm as paivity15_5_,
        organisaat0_.parentidpath as parenti16_5_,
        organisaat0_.parentoidpath as parento17_5_,
        organisaat0_.piilotettu as piilote18_5_,
        organisaat0_.tarkastus_pvm as tarkast19_5_,
        organisaat0_.toimipistekoodi as toimipi20_5_,
        organisaat0_.tuontipvm as tuontip21_5_,
        organisaat0_.varhaiskasvatuksen_toimipaikka_tiedot_id as varhais31_5_,
        organisaat0_.virastotunnus as virasto22_5_,
        organisaat0_.yhteishaunkoulukoodi as yhteish23_5_,
        organisaat0_.yritysmuoto as yritysm24_5_,
        organisaat0_.ytj_kieli as ytj_kie25_5_,
        organisaat0_.ytjpaivityspvm as ytjpaiv26_5_,
        organisaat0_.ytunnus as ytunnus27_5_ 
    from
        organisaatio organisaat0_ 
    where
        organisaat0_.oid=?
2020-06-10 18:11:49.329 TRACE 55751 --- [    Test worker] o.h.type.descriptor.sql.BasicBinder      : binding parameter [1] as [VARCHAR] - [1.2.246.562.10.18669752543]
2020-06-10 18:11:49.330 TRACE 55751 --- [    Test worker] o.h.type.descriptor.sql.BasicExtractor   : extracted value ([id1_5_] : [BIGINT]) - [33]
Hibernate: 
    select
        organisaat0_.id as id1_5_,
        organisaat0_.version as version2_5_,
        organisaat0_.alkupvm as alkupvm3_5_,
        organisaat0_.domainnimi as domainni4_5_,
        organisaat0_.kotipaikka as kotipaik5_5_,
        organisaat0_.kuvaus_mkt as kuvaus_28_5_,
        organisaat0_.lakkautuspvm as lakkautu6_5_,
        organisaat0_.maa as maa7_5_,
        organisaat0_.metadata_id as metadat29_5_,
        organisaat0_.nimi_mkt as nimi_mk30_5_,
        organisaat0_.nimihaku as nimihaku8_5_,
        organisaat0_.oid as oid9_5_,
        organisaat0_.opetuspisteenjarjnro as opetusp10_5_,
        organisaat0_.oppilaitoskoodi as oppilai11_5_,
        organisaat0_.oppilaitos_tyyppi as oppilai12_5_,
        organisaat0_.organisaatio_poistettu as organis13_5_,
        organisaat0_.paivittaja as paivitt14_5_,
        organisaat0_.paivityspvm as paivity15_5_,
        organisaat0_.parentidpath as parenti16_5_,
        organisaat0_.parentoidpath as parento17_5_,
        organisaat0_.piilotettu as piilote18_5_,
        organisaat0_.tarkastus_pvm as tarkast19_5_,
        organisaat0_.toimipistekoodi as toimipi20_5_,
        organisaat0_.tuontipvm as tuontip21_5_,
        organisaat0_.varhaiskasvatuksen_toimipaikka_tiedot_id as varhais31_5_,
        organisaat0_.virastotunnus as virasto22_5_,
        organisaat0_.yhteishaunkoulukoodi as yhteish23_5_,
        organisaat0_.yritysmuoto as yritysm24_5_,
        organisaat0_.ytj_kieli as ytj_kie25_5_,
        organisaat0_.ytjpaivityspvm as ytjpaiv26_5_,
        organisaat0_.ytunnus as ytunnus27_5_ 
    from
        organisaatio organisaat0_ 
    where
        organisaat0_.oid=?
2020-06-10 18:11:49.331 TRACE 55751 --- [    Test worker] o.h.type.descriptor.sql.BasicBinder      : binding parameter [1] as [VARCHAR] - [1.2.246.562.10.27649343363]
2020-06-10 18:11:49.331 TRACE 55751 --- [    Test worker] o.h.type.descriptor.sql.BasicExtractor   : extracted value ([id1_5_] : [BIGINT]) - [32]
Hibernate: 
    select
        yhteystiet0_.id as id1_26_,
        yhteystiet0_.version as version2_26_,
        yhteystiet0_.arvo_text as arvo_tex3_26_,
        yhteystiet0_.arvo_yhteystieto_id as arvo_yht6_26_,
        yhteystiet0_.kentta_id as kentta_i7_26_,
        yhteystiet0_.kieli as kieli4_26_,
        yhteystiet0_.organisaatio_id as organisa8_26_,
        yhteystiet0_.yhteystieto_arvo_oid as yhteysti5_26_ 
    from
        yhteystieto_arvo yhteystiet0_ 
    where
        yhteystiet0_.organisaatio_id=?
2020-06-10 18:11:49.333 TRACE 55751 --- [    Test worker] o.h.type.descriptor.sql.BasicBinder      : binding parameter [1] as [BIGINT] - [33]
Hibernate: 
    insert 
    into
        monikielinen_teksti
        (id, version) 
    values
        (null, ?)
2020-06-10 18:11:49.334 TRACE 55751 --- [    Test worker] o.h.type.descriptor.sql.BasicBinder      : binding parameter [1] as [BIGINT] - [0]
Hibernate: 
    insert 
    into
        organisaatio_nimi
        (id, version, alkupvm, nimi_mkt, organisaatio_id, paivittaja) 
    values
        (null, ?, ?, ?, ?, ?)
2020-06-10 18:11:49.334 TRACE 55751 --- [    Test worker] o.h.type.descriptor.sql.BasicBinder      : binding parameter [1] as [BIGINT] - [0]
2020-06-10 18:11:49.334 TRACE 55751 --- [    Test worker] o.h.type.descriptor.sql.BasicBinder      : binding parameter [2] as [DATE] - [Wed Jun 10 18:11:48 EEST 2020]
2020-06-10 18:11:49.334 TRACE 55751 --- [    Test worker] o.h.type.descriptor.sql.BasicBinder      : binding parameter [3] as [BIGINT] - [1052]
2020-06-10 18:11:49.334 TRACE 55751 --- [    Test worker] o.h.type.descriptor.sql.BasicBinder      : binding parameter [4] as [BIGINT] - [33]
2020-06-10 18:11:49.334 TRACE 55751 --- [    Test worker] o.h.type.descriptor.sql.BasicBinder      : binding parameter [5] as [VARCHAR] - [null]
Hibernate: 
    insert 
    into
        yhteystieto
        (id, version, kieli, organisaatio_id, yhteystieto_oid, puhelinnumero, tyyppi, dtype) 
    values
        (null, ?, ?, ?, ?, ?, ?, 'Puhelinnumero')
2020-06-10 18:11:49.335 TRACE 55751 --- [    Test worker] o.h.type.descriptor.sql.BasicBinder      : binding parameter [1] as [BIGINT] - [0]
2020-06-10 18:11:49.335 TRACE 55751 --- [    Test worker] o.h.type.descriptor.sql.BasicBinder      : binding parameter [2] as [VARCHAR] - [kieli_fi#1]
2020-06-10 18:11:49.335 TRACE 55751 --- [    Test worker] o.h.type.descriptor.sql.BasicBinder      : binding parameter [3] as [BIGINT] - [33]
2020-06-10 18:11:49.335 TRACE 55751 --- [    Test worker] o.h.type.descriptor.sql.BasicBinder      : binding parameter [4] as [VARCHAR] - [1.2.246.562.5.38973139729]
2020-06-10 18:11:49.335 TRACE 55751 --- [    Test worker] o.h.type.descriptor.sql.BasicBinder      : binding parameter [5] as [VARCHAR] - [123]
2020-06-10 18:11:49.335 TRACE 55751 --- [    Test worker] o.h.type.descriptor.sql.BasicBinder      : binding parameter [6] as [VARCHAR] - [puhelin]
Hibernate: 
    insert 
    into
        yhteystieto
        (id, version, kieli, organisaatio_id, yhteystieto_oid, www_osoite, dtype) 
    values
        (null, ?, ?, ?, ?, ?, 'Www')
2020-06-10 18:11:49.335 TRACE 55751 --- [    Test worker] o.h.type.descriptor.sql.BasicBinder      : binding parameter [1] as [BIGINT] - [0]
2020-06-10 18:11:49.336 TRACE 55751 --- [    Test worker] o.h.type.descriptor.sql.BasicBinder      : binding parameter [2] as [VARCHAR] - [kieli_fi#1]
2020-06-10 18:11:49.336 TRACE 55751 --- [    Test worker] o.h.type.descriptor.sql.BasicBinder      : binding parameter [3] as [BIGINT] - [33]
2020-06-10 18:11:49.336 TRACE 55751 --- [    Test worker] o.h.type.descriptor.sql.BasicBinder      : binding parameter [4] as [VARCHAR] - [15918019089680.8505350976724662]
2020-06-10 18:11:49.336 TRACE 55751 --- [    Test worker] o.h.type.descriptor.sql.BasicBinder      : binding parameter [5] as [VARCHAR] - [http://test.oph.fi]
Hibernate: 
    insert 
    into
        yhteystieto
        (id, version, kieli, organisaatio_id, yhteystieto_oid, coordinatetype, extrarivi, lat, lng, maa, osavaltio, osoite, osoite_tyyppi, postinumero, postitoimipaikka, ytjpaivityspvm, dtype) 
    values
        (null, ?, ?, ?, ?, ?, ?, ?, ?, ?, ?, ?, ?, ?, ?, ?, 'Osoite')
2020-06-10 18:11:49.336 TRACE 55751 --- [    Test worker] o.h.type.descriptor.sql.BasicBinder      : binding parameter [1] as [BIGINT] - [0]
2020-06-10 18:11:49.336 TRACE 55751 --- [    Test worker] o.h.type.descriptor.sql.BasicBinder      : binding parameter [2] as [VARCHAR] - [kieli_fi#1]
2020-06-10 18:11:49.336 TRACE 55751 --- [    Test worker] o.h.type.descriptor.sql.BasicBinder      : binding parameter [3] as [BIGINT] - [33]
2020-06-10 18:11:49.336 TRACE 55751 --- [    Test worker] o.h.type.descriptor.sql.BasicBinder      : binding parameter [4] as [VARCHAR] - [1.2.246.562.5.80070446887]
2020-06-10 18:11:49.336 TRACE 55751 --- [    Test worker] o.h.type.descriptor.sql.BasicBinder      : binding parameter [5] as [VARCHAR] - [null]
2020-06-10 18:11:49.336 TRACE 55751 --- [    Test worker] o.h.type.descriptor.sql.BasicBinder      : binding parameter [6] as [VARCHAR] - [null]
2020-06-10 18:11:49.336 TRACE 55751 --- [    Test worker] o.h.type.descriptor.sql.BasicBinder      : binding parameter [7] as [DOUBLE] - [null]
2020-06-10 18:11:49.336 TRACE 55751 --- [    Test worker] o.h.type.descriptor.sql.BasicBinder      : binding parameter [8] as [DOUBLE] - [null]
2020-06-10 18:11:49.336 TRACE 55751 --- [    Test worker] o.h.type.descriptor.sql.BasicBinder      : binding parameter [9] as [VARCHAR] - [null]
2020-06-10 18:11:49.336 TRACE 55751 --- [    Test worker] o.h.type.descriptor.sql.BasicBinder      : binding parameter [10] as [VARCHAR] - [null]
2020-06-10 18:11:49.336 TRACE 55751 --- [    Test worker] o.h.type.descriptor.sql.BasicBinder      : binding parameter [11] as [VARCHAR] - [Kayntiosoite 2B]
2020-06-10 18:11:49.336 TRACE 55751 --- [    Test worker] o.h.type.descriptor.sql.BasicBinder      : binding parameter [12] as [VARCHAR] - [kaynti]
2020-06-10 18:11:49.336 TRACE 55751 --- [    Test worker] o.h.type.descriptor.sql.BasicBinder      : binding parameter [13] as [VARCHAR] - [posti_00550]
2020-06-10 18:11:49.336 TRACE 55751 --- [    Test worker] o.h.type.descriptor.sql.BasicBinder      : binding parameter [14] as [VARCHAR] - [Helsinki]
2020-06-10 18:11:49.336 TRACE 55751 --- [    Test worker] o.h.type.descriptor.sql.BasicBinder      : binding parameter [15] as [DATE] - [null]
Hibernate: 
    insert 
    into
        yhteystieto
        (id, version, kieli, organisaatio_id, yhteystieto_oid, email, dtype) 
    values
        (null, ?, ?, ?, ?, ?, 'Email')
2020-06-10 18:11:49.337 TRACE 55751 --- [    Test worker] o.h.type.descriptor.sql.BasicBinder      : binding parameter [1] as [BIGINT] - [0]
2020-06-10 18:11:49.337 TRACE 55751 --- [    Test worker] o.h.type.descriptor.sql.BasicBinder      : binding parameter [2] as [VARCHAR] - [kieli_fi#1]
2020-06-10 18:11:49.337 TRACE 55751 --- [    Test worker] o.h.type.descriptor.sql.BasicBinder      : binding parameter [3] as [BIGINT] - [33]
2020-06-10 18:11:49.337 TRACE 55751 --- [    Test worker] o.h.type.descriptor.sql.BasicBinder      : binding parameter [4] as [VARCHAR] - [15918019089680.12324189688509957]
2020-06-10 18:11:49.337 TRACE 55751 --- [    Test worker] o.h.type.descriptor.sql.BasicBinder      : binding parameter [5] as [VARCHAR] - [asd@asd.asd]
Hibernate: 
    insert 
    into
        yhteystieto
        (id, version, kieli, organisaatio_id, yhteystieto_oid, coordinatetype, extrarivi, lat, lng, maa, osavaltio, osoite, osoite_tyyppi, postinumero, postitoimipaikka, ytjpaivityspvm, dtype) 
    values
        (null, ?, ?, ?, ?, ?, ?, ?, ?, ?, ?, ?, ?, ?, ?, ?, 'Osoite')
2020-06-10 18:11:49.338 TRACE 55751 --- [    Test worker] o.h.type.descriptor.sql.BasicBinder      : binding parameter [1] as [BIGINT] - [0]
2020-06-10 18:11:49.338 TRACE 55751 --- [    Test worker] o.h.type.descriptor.sql.BasicBinder      : binding parameter [2] as [VARCHAR] - [kieli_fi#1]
2020-06-10 18:11:49.338 TRACE 55751 --- [    Test worker] o.h.type.descriptor.sql.BasicBinder      : binding parameter [3] as [BIGINT] - [33]
2020-06-10 18:11:49.338 TRACE 55751 --- [    Test worker] o.h.type.descriptor.sql.BasicBinder      : binding parameter [4] as [VARCHAR] - [1.2.246.562.5.84498822112]
2020-06-10 18:11:49.338 TRACE 55751 --- [    Test worker] o.h.type.descriptor.sql.BasicBinder      : binding parameter [5] as [VARCHAR] - [null]
2020-06-10 18:11:49.338 TRACE 55751 --- [    Test worker] o.h.type.descriptor.sql.BasicBinder      : binding parameter [6] as [VARCHAR] - [null]
2020-06-10 18:11:49.338 TRACE 55751 --- [    Test worker] o.h.type.descriptor.sql.BasicBinder      : binding parameter [7] as [DOUBLE] - [null]
2020-06-10 18:11:49.338 TRACE 55751 --- [    Test worker] o.h.type.descriptor.sql.BasicBinder      : binding parameter [8] as [DOUBLE] - [null]
2020-06-10 18:11:49.338 TRACE 55751 --- [    Test worker] o.h.type.descriptor.sql.BasicBinder      : binding parameter [9] as [VARCHAR] - [null]
2020-06-10 18:11:49.338 TRACE 55751 --- [    Test worker] o.h.type.descriptor.sql.BasicBinder      : binding parameter [10] as [VARCHAR] - [null]
2020-06-10 18:11:49.338 TRACE 55751 --- [    Test worker] o.h.type.descriptor.sql.BasicBinder      : binding parameter [11] as [VARCHAR] - [Postiosoite 1A]
2020-06-10 18:11:49.338 TRACE 55751 --- [    Test worker] o.h.type.descriptor.sql.BasicBinder      : binding parameter [12] as [VARCHAR] - [posti]
2020-06-10 18:11:49.338 TRACE 55751 --- [    Test worker] o.h.type.descriptor.sql.BasicBinder      : binding parameter [13] as [VARCHAR] - [00550]
2020-06-10 18:11:49.338 TRACE 55751 --- [    Test worker] o.h.type.descriptor.sql.BasicBinder      : binding parameter [14] as [VARCHAR] - [Helsinki]
2020-06-10 18:11:49.338 TRACE 55751 --- [    Test worker] o.h.type.descriptor.sql.BasicBinder      : binding parameter [15] as [DATE] - [null]
2020-06-10 18:11:49.339  INFO 55751 --- [    Test worker] .s.o.r.i.OrganisaatioSuhdeRepositoryImpl : findParentTo(33, Wed Jun 10 18:11:49 EEST 2020)
Hibernate: 
    update
        organisaatio 
    set
        version=?,
        alkupvm=?,
        domainnimi=?,
        kotipaikka=?,
        kuvaus_mkt=?,
        lakkautuspvm=?,
        maa=?,
        metadata_id=?,
        nimi_mkt=?,
        nimihaku=?,
        oid=?,
        opetuspisteenjarjnro=?,
        oppilaitoskoodi=?,
        oppilaitos_tyyppi=?,
        organisaatio_poistettu=?,
        paivittaja=?,
        paivityspvm=?,
        parentidpath=?,
        parentoidpath=?,
        piilotettu=?,
        tarkastus_pvm=?,
        toimipistekoodi=?,
        tuontipvm=?,
        varhaiskasvatuksen_toimipaikka_tiedot_id=?,
        virastotunnus=?,
        yhteishaunkoulukoodi=?,
        yritysmuoto=?,
        ytj_kieli=?,
        ytjpaivityspvm=?,
        ytunnus=? 
    where
        id=? 
        and version=?
2020-06-10 18:11:49.340 TRACE 55751 --- [    Test worker] o.h.type.descriptor.sql.BasicBinder      : binding parameter [1] as [BIGINT] - [2]
2020-06-10 18:11:49.340 TRACE 55751 --- [    Test worker] o.h.type.descriptor.sql.BasicBinder      : binding parameter [2] as [DATE] - [Fri Dec 31 00:00:00 EET 1999]
2020-06-10 18:11:49.340 TRACE 55751 --- [    Test worker] o.h.type.descriptor.sql.BasicBinder      : binding parameter [3] as [VARCHAR] - [null]
2020-06-10 18:11:49.340 TRACE 55751 --- [    Test worker] o.h.type.descriptor.sql.BasicBinder      : binding parameter [4] as [VARCHAR] - [kunta_092]
2020-06-10 18:11:49.341 TRACE 55751 --- [    Test worker] o.h.type.descriptor.sql.BasicBinder      : binding parameter [5] as [BIGINT] - [1048]
2020-06-10 18:11:49.341 TRACE 55751 --- [    Test worker] o.h.type.descriptor.sql.BasicBinder      : binding parameter [6] as [DATE] - [null]
2020-06-10 18:11:49.341 TRACE 55751 --- [    Test worker] o.h.type.descriptor.sql.BasicBinder      : binding parameter [7] as [VARCHAR] - [maatjavaltiot1_fin]
2020-06-10 18:11:49.341 TRACE 55751 --- [    Test worker] o.h.type.descriptor.sql.BasicBinder      : binding parameter [8] as [BIGINT] - [null]
2020-06-10 18:11:49.341 TRACE 55751 --- [    Test worker] o.h.type.descriptor.sql.BasicBinder      : binding parameter [9] as [BIGINT] - [1052]
2020-06-10 18:11:49.341 TRACE 55751 --- [    Test worker] o.h.type.descriptor.sql.BasicBinder      : binding parameter [10] as [VARCHAR] - [,oppilaitos1-päivitetty (fi),oppilaitos1-päivitetty (en)]
2020-06-10 18:11:49.341 TRACE 55751 --- [    Test worker] o.h.type.descriptor.sql.BasicBinder      : binding parameter [11] as [VARCHAR] - [1.2.246.562.10.18669752543]
2020-06-10 18:11:49.341 TRACE 55751 --- [    Test worker] o.h.type.descriptor.sql.BasicBinder      : binding parameter [12] as [VARCHAR] - [null]
2020-06-10 18:11:49.341 TRACE 55751 --- [    Test worker] o.h.type.descriptor.sql.BasicBinder      : binding parameter [13] as [VARCHAR] - [null]
2020-06-10 18:11:49.341 TRACE 55751 --- [    Test worker] o.h.type.descriptor.sql.BasicBinder      : binding parameter [14] as [VARCHAR] - [null]
2020-06-10 18:11:49.341 TRACE 55751 --- [    Test worker] o.h.type.descriptor.sql.BasicBinder      : binding parameter [15] as [BOOLEAN] - [false]
2020-06-10 18:11:49.341 TRACE 55751 --- [    Test worker] o.h.type.descriptor.sql.BasicBinder      : binding parameter [16] as [VARCHAR] - [ophadmin]
2020-06-10 18:11:49.341 TRACE 55751 --- [    Test worker] o.h.type.descriptor.sql.BasicBinder      : binding parameter [17] as [TIMESTAMP] - [Wed Jun 10 18:11:49 EEST 2020]
2020-06-10 18:11:49.341 TRACE 55751 --- [    Test worker] o.h.type.descriptor.sql.BasicBinder      : binding parameter [18] as [VARCHAR] - [|1|32|]
2020-06-10 18:11:49.341 TRACE 55751 --- [    Test worker] o.h.type.descriptor.sql.BasicBinder      : binding parameter [19] as [VARCHAR] - [|1.2.246.562.24.00000000001|1.2.246.562.10.27649343363|]
2020-06-10 18:11:49.341 TRACE 55751 --- [    Test worker] o.h.type.descriptor.sql.BasicBinder      : binding parameter [20] as [BOOLEAN] - [false]
2020-06-10 18:11:49.341 TRACE 55751 --- [    Test worker] o.h.type.descriptor.sql.BasicBinder      : binding parameter [21] as [TIMESTAMP] - [null]
2020-06-10 18:11:49.341 TRACE 55751 --- [    Test worker] o.h.type.descriptor.sql.BasicBinder      : binding parameter [22] as [VARCHAR] - [null]
2020-06-10 18:11:49.341 TRACE 55751 --- [    Test worker] o.h.type.descriptor.sql.BasicBinder      : binding parameter [23] as [TIMESTAMP] - [null]
2020-06-10 18:11:49.341 TRACE 55751 --- [    Test worker] o.h.type.descriptor.sql.BasicBinder      : binding parameter [24] as [BIGINT] - [null]
2020-06-10 18:11:49.341 TRACE 55751 --- [    Test worker] o.h.type.descriptor.sql.BasicBinder      : binding parameter [25] as [VARCHAR] - [null]
2020-06-10 18:11:49.341 TRACE 55751 --- [    Test worker] o.h.type.descriptor.sql.BasicBinder      : binding parameter [26] as [VARCHAR] - [null]
2020-06-10 18:11:49.341 TRACE 55751 --- [    Test worker] o.h.type.descriptor.sql.BasicBinder      : binding parameter [27] as [VARCHAR] - [null]
2020-06-10 18:11:49.341 TRACE 55751 --- [    Test worker] o.h.type.descriptor.sql.BasicBinder      : binding parameter [28] as [VARCHAR] - [null]
2020-06-10 18:11:49.341 TRACE 55751 --- [    Test worker] o.h.type.descriptor.sql.BasicBinder      : binding parameter [29] as [DATE] - [null]
2020-06-10 18:11:49.341 TRACE 55751 --- [    Test worker] o.h.type.descriptor.sql.BasicBinder      : binding parameter [30] as [VARCHAR] - [null]
2020-06-10 18:11:49.341 TRACE 55751 --- [    Test worker] o.h.type.descriptor.sql.BasicBinder      : binding parameter [31] as [BIGINT] - [33]
2020-06-10 18:11:49.341 TRACE 55751 --- [    Test worker] o.h.type.descriptor.sql.BasicBinder      : binding parameter [32] as [BIGINT] - [1]
Hibernate: 
    insert 
    into
        monikielinen_teksti_values
        (id, key, value) 
    values
        (?, ?, ?)
2020-06-10 18:11:49.342 TRACE 55751 --- [    Test worker] o.h.type.descriptor.sql.BasicBinder      : binding parameter [1] as [BIGINT] - [1052]
2020-06-10 18:11:49.342 TRACE 55751 --- [    Test worker] o.h.type.descriptor.sql.BasicBinder      : binding parameter [2] as [VARCHAR] - [fi]
2020-06-10 18:11:49.342 TRACE 55751 --- [    Test worker] o.h.type.descriptor.sql.BasicBinder      : binding parameter [3] as [VARCHAR] - [oppilaitos1-päivitetty (fi)]
Hibernate: 
    insert 
    into
        monikielinen_teksti_values
        (id, key, value) 
    values
        (?, ?, ?)
2020-06-10 18:11:49.342 TRACE 55751 --- [    Test worker] o.h.type.descriptor.sql.BasicBinder      : binding parameter [1] as [BIGINT] - [1052]
2020-06-10 18:11:49.342 TRACE 55751 --- [    Test worker] o.h.type.descriptor.sql.BasicBinder      : binding parameter [2] as [VARCHAR] - [en]
2020-06-10 18:11:49.342 TRACE 55751 --- [    Test worker] o.h.type.descriptor.sql.BasicBinder      : binding parameter [3] as [VARCHAR] - [oppilaitos1-päivitetty (en)]
Hibernate: 
    delete 
    from
        yhteystieto 
    where
        id=? 
        and version=?
2020-06-10 18:11:49.342 TRACE 55751 --- [    Test worker] o.h.type.descriptor.sql.BasicBinder      : binding parameter [1] as [BIGINT] - [1408]
2020-06-10 18:11:49.342 TRACE 55751 --- [    Test worker] o.h.type.descriptor.sql.BasicBinder      : binding parameter [2] as [BIGINT] - [0]
Hibernate: 
    delete 
    from
        yhteystieto 
    where
        id=? 
        and version=?
2020-06-10 18:11:49.343 TRACE 55751 --- [    Test worker] o.h.type.descriptor.sql.BasicBinder      : binding parameter [1] as [BIGINT] - [1409]
2020-06-10 18:11:49.343 TRACE 55751 --- [    Test worker] o.h.type.descriptor.sql.BasicBinder      : binding parameter [2] as [BIGINT] - [0]
Hibernate: 
    delete 
    from
        yhteystieto 
    where
        id=? 
        and version=?
2020-06-10 18:11:49.343 TRACE 55751 --- [    Test worker] o.h.type.descriptor.sql.BasicBinder      : binding parameter [1] as [BIGINT] - [1410]
2020-06-10 18:11:49.343 TRACE 55751 --- [    Test worker] o.h.type.descriptor.sql.BasicBinder      : binding parameter [2] as [BIGINT] - [0]
Hibernate: 
    delete 
    from
        yhteystieto 
    where
        id=? 
        and version=?
2020-06-10 18:11:49.343 TRACE 55751 --- [    Test worker] o.h.type.descriptor.sql.BasicBinder      : binding parameter [1] as [BIGINT] - [1411]
2020-06-10 18:11:49.343 TRACE 55751 --- [    Test worker] o.h.type.descriptor.sql.BasicBinder      : binding parameter [2] as [BIGINT] - [0]
Hibernate: 
    delete 
    from
        yhteystieto 
    where
        id=? 
        and version=?
2020-06-10 18:11:49.343 TRACE 55751 --- [    Test worker] o.h.type.descriptor.sql.BasicBinder      : binding parameter [1] as [BIGINT] - [1407]
2020-06-10 18:11:49.343 TRACE 55751 --- [    Test worker] o.h.type.descriptor.sql.BasicBinder      : binding parameter [2] as [BIGINT] - [0]
Hibernate: 
    select
        organisaat0_.id as id1_19_0_,
        organisaat1_.id as id1_5_1_,
        organisaat0_.version as version2_19_0_,
        organisaat0_.alkupvm as alkupvm3_19_0_,
        organisaat0_.child_id as child_id7_19_0_,
        organisaat0_.loppupvm as loppupvm4_19_0_,
        organisaat0_.opetuspisteenjarjnro as opetuspi5_19_0_,
        organisaat0_.parent_id as parent_i8_19_0_,
        organisaat0_.suhdetyyppi as suhdetyy6_19_0_,
        organisaat1_.version as version2_5_1_,
        organisaat1_.alkupvm as alkupvm3_5_1_,
        organisaat1_.domainnimi as domainni4_5_1_,
        organisaat1_.kotipaikka as kotipaik5_5_1_,
        organisaat1_.kuvaus_mkt as kuvaus_28_5_1_,
        organisaat1_.lakkautuspvm as lakkautu6_5_1_,
        organisaat1_.maa as maa7_5_1_,
        organisaat1_.metadata_id as metadat29_5_1_,
        organisaat1_.nimi_mkt as nimi_mk30_5_1_,
        organisaat1_.nimihaku as nimihaku8_5_1_,
        organisaat1_.oid as oid9_5_1_,
        organisaat1_.opetuspisteenjarjnro as opetusp10_5_1_,
        organisaat1_.oppilaitoskoodi as oppilai11_5_1_,
        organisaat1_.oppilaitos_tyyppi as oppilai12_5_1_,
        organisaat1_.organisaatio_poistettu as organis13_5_1_,
        organisaat1_.paivittaja as paivitt14_5_1_,
        organisaat1_.paivityspvm as paivity15_5_1_,
        organisaat1_.parentidpath as parenti16_5_1_,
        organisaat1_.parentoidpath as parento17_5_1_,
        organisaat1_.piilotettu as piilote18_5_1_,
        organisaat1_.tarkastus_pvm as tarkast19_5_1_,
        organisaat1_.toimipistekoodi as toimipi20_5_1_,
        organisaat1_.tuontipvm as tuontip21_5_1_,
        organisaat1_.varhaiskasvatuksen_toimipaikka_tiedot_id as varhais31_5_1_,
        organisaat1_.virastotunnus as virasto22_5_1_,
        organisaat1_.yhteishaunkoulukoodi as yhteish23_5_1_,
        organisaat1_.yritysmuoto as yritysm24_5_1_,
        organisaat1_.ytj_kieli as ytj_kie25_5_1_,
        organisaat1_.ytjpaivityspvm as ytjpaiv26_5_1_,
        organisaat1_.ytunnus as ytunnus27_5_1_ 
    from
        organisaatiosuhde organisaat0_ 
    inner join
        organisaatio organisaat1_ 
            on organisaat0_.parent_id=organisaat1_.id 
    where
        organisaat0_.child_id=? 
        and organisaat0_.suhdetyyppi=? 
        and (
            organisaat0_.alkupvm=? 
            or organisaat0_.alkupvm<?
        ) 
        and (
            organisaat0_.loppupvm is null 
            or organisaat0_.loppupvm>?
        ) 
        and organisaat1_.organisaatio_poistettu=? 
    order by
        organisaat0_.alkupvm desc
2020-06-10 18:11:49.344 TRACE 55751 --- [    Test worker] o.h.type.descriptor.sql.BasicBinder      : binding parameter [1] as [BIGINT] - [33]
2020-06-10 18:11:49.344 TRACE 55751 --- [    Test worker] o.h.type.descriptor.sql.BasicBinder      : binding parameter [2] as [VARCHAR] - [HISTORIA]
2020-06-10 18:11:49.344 TRACE 55751 --- [    Test worker] o.h.type.descriptor.sql.BasicBinder      : binding parameter [3] as [DATE] - [Wed Jun 10 18:11:49 EEST 2020]
2020-06-10 18:11:49.344 TRACE 55751 --- [    Test worker] o.h.type.descriptor.sql.BasicBinder      : binding parameter [4] as [DATE] - [Wed Jun 10 18:11:49 EEST 2020]
2020-06-10 18:11:49.344 TRACE 55751 --- [    Test worker] o.h.type.descriptor.sql.BasicBinder      : binding parameter [5] as [DATE] - [Wed Jun 10 18:11:49 EEST 2020]
2020-06-10 18:11:49.344 TRACE 55751 --- [    Test worker] o.h.type.descriptor.sql.BasicBinder      : binding parameter [6] as [BOOLEAN] - [false]
2020-06-10 18:11:49.344 TRACE 55751 --- [    Test worker] o.h.type.descriptor.sql.BasicExtractor   : extracted value ([id1_19_0_] : [BIGINT]) - [37]
2020-06-10 18:11:49.344 TRACE 55751 --- [    Test worker] o.h.type.descriptor.sql.BasicExtractor   : extracted value ([id1_5_1_] : [BIGINT]) - [32]
Hibernate: 
    select
        organisaat0_.id as id1_19_,
        organisaat0_.version as version2_19_,
        organisaat0_.alkupvm as alkupvm3_19_,
        organisaat0_.child_id as child_id7_19_,
        organisaat0_.loppupvm as loppupvm4_19_,
        organisaat0_.opetuspisteenjarjnro as opetuspi5_19_,
        organisaat0_.parent_id as parent_i8_19_,
        organisaat0_.suhdetyyppi as suhdetyy6_19_ 
    from
        organisaatiosuhde organisaat0_ 
    where
        organisaat0_.child_id=?
2020-06-10 18:11:49.345 TRACE 55751 --- [    Test worker] o.h.type.descriptor.sql.BasicBinder      : binding parameter [1] as [BIGINT] - [33]
2020-06-10 18:11:49.345 TRACE 55751 --- [    Test worker] o.h.type.descriptor.sql.BasicExtractor   : extracted value ([id1_19_] : [BIGINT]) - [37]
Hibernate: 
    select
        organisaat0_.id as id1_5_,
        organisaat0_.version as version2_5_,
        organisaat0_.alkupvm as alkupvm3_5_,
        organisaat0_.domainnimi as domainni4_5_,
        organisaat0_.kotipaikka as kotipaik5_5_,
        organisaat0_.kuvaus_mkt as kuvaus_28_5_,
        organisaat0_.lakkautuspvm as lakkautu6_5_,
        organisaat0_.maa as maa7_5_,
        organisaat0_.metadata_id as metadat29_5_,
        organisaat0_.nimi_mkt as nimi_mk30_5_,
        organisaat0_.nimihaku as nimihaku8_5_,
        organisaat0_.oid as oid9_5_,
        organisaat0_.opetuspisteenjarjnro as opetusp10_5_,
        organisaat0_.oppilaitoskoodi as oppilai11_5_,
        organisaat0_.oppilaitos_tyyppi as oppilai12_5_,
        organisaat0_.organisaatio_poistettu as organis13_5_,
        organisaat0_.paivittaja as paivitt14_5_,
        organisaat0_.paivityspvm as paivity15_5_,
        organisaat0_.parentidpath as parenti16_5_,
        organisaat0_.parentoidpath as parento17_5_,
        organisaat0_.piilotettu as piilote18_5_,
        organisaat0_.tarkastus_pvm as tarkast19_5_,
        organisaat0_.toimipistekoodi as toimipi20_5_,
        organisaat0_.tuontipvm as tuontip21_5_,
        organisaat0_.varhaiskasvatuksen_toimipaikka_tiedot_id as varhais31_5_,
        organisaat0_.virastotunnus as virasto22_5_,
        organisaat0_.yhteishaunkoulukoodi as yhteish23_5_,
        organisaat0_.yritysmuoto as yritysm24_5_,
        organisaat0_.ytj_kieli as ytj_kie25_5_,
        organisaat0_.ytjpaivityspvm as ytjpaiv26_5_,
        organisaat0_.ytunnus as ytunnus27_5_ 
    from
        organisaatio organisaat0_ 
    where
        organisaat0_.oid=?
2020-06-10 18:11:49.346 TRACE 55751 --- [    Test worker] o.h.type.descriptor.sql.BasicBinder      : binding parameter [1] as [VARCHAR] - [1.2.246.562.10.18669752543]
2020-06-10 18:11:49.346 TRACE 55751 --- [    Test worker] o.h.type.descriptor.sql.BasicExtractor   : extracted value ([id1_5_] : [BIGINT]) - [33]
Hibernate: 
    select
        distinct organisaat0_.id as id1_5_,
        organisaat0_.version as version2_5_,
        organisaat0_.alkupvm as alkupvm3_5_,
        organisaat0_.domainnimi as domainni4_5_,
        organisaat0_.kotipaikka as kotipaik5_5_,
        organisaat0_.kuvaus_mkt as kuvaus_28_5_,
        organisaat0_.lakkautuspvm as lakkautu6_5_,
        organisaat0_.maa as maa7_5_,
        organisaat0_.metadata_id as metadat29_5_,
        organisaat0_.nimi_mkt as nimi_mk30_5_,
        organisaat0_.nimihaku as nimihaku8_5_,
        organisaat0_.oid as oid9_5_,
        organisaat0_.opetuspisteenjarjnro as opetusp10_5_,
        organisaat0_.oppilaitoskoodi as oppilai11_5_,
        organisaat0_.oppilaitos_tyyppi as oppilai12_5_,
        organisaat0_.organisaatio_poistettu as organis13_5_,
        organisaat0_.paivittaja as paivitt14_5_,
        organisaat0_.paivityspvm as paivity15_5_,
        organisaat0_.parentidpath as parenti16_5_,
        organisaat0_.parentoidpath as parento17_5_,
        organisaat0_.piilotettu as piilote18_5_,
        organisaat0_.tarkastus_pvm as tarkast19_5_,
        organisaat0_.toimipistekoodi as toimipi20_5_,
        organisaat0_.tuontipvm as tuontip21_5_,
        organisaat0_.varhaiskasvatuksen_toimipaikka_tiedot_id as varhais31_5_,
        organisaat0_.virastotunnus as virasto22_5_,
        organisaat0_.yhteishaunkoulukoodi as yhteish23_5_,
        organisaat0_.yritysmuoto as yritysm24_5_,
        organisaat0_.ytj_kieli as ytj_kie25_5_,
        organisaat0_.ytjpaivityspvm as ytjpaiv26_5_,
        organisaat0_.ytunnus as ytunnus27_5_ 
    from
        organisaatio organisaat0_ 
    where
        organisaat0_.parentidpath like ? escape '!'
2020-06-10 18:11:49.347 TRACE 55751 --- [    Test worker] o.h.type.descriptor.sql.BasicBinder      : binding parameter [1] as [VARCHAR] - [%|33|]
2020-06-10 18:11:49.348 TRACE 55751 --- [    Test worker] o.h.type.descriptor.sql.BasicExtractor   : extracted value ([id1_5_] : [BIGINT]) - [34]
Hibernate: 
    update
        monikielinen_teksti 
    set
        version=? 
    where
        id=? 
        and version=?
2020-06-10 18:11:49.350 TRACE 55751 --- [    Test worker] o.h.type.descriptor.sql.BasicBinder      : binding parameter [1] as [BIGINT] - [1]
2020-06-10 18:11:49.350 TRACE 55751 --- [    Test worker] o.h.type.descriptor.sql.BasicBinder      : binding parameter [2] as [BIGINT] - [1051]
2020-06-10 18:11:49.350 TRACE 55751 --- [    Test worker] o.h.type.descriptor.sql.BasicBinder      : binding parameter [3] as [BIGINT] - [0]
Hibernate: 
    update
        organisaatio 
    set
        version=?,
        alkupvm=?,
        domainnimi=?,
        kotipaikka=?,
        kuvaus_mkt=?,
        lakkautuspvm=?,
        maa=?,
        metadata_id=?,
        nimi_mkt=?,
        nimihaku=?,
        oid=?,
        opetuspisteenjarjnro=?,
        oppilaitoskoodi=?,
        oppilaitos_tyyppi=?,
        organisaatio_poistettu=?,
        paivittaja=?,
        paivityspvm=?,
        parentidpath=?,
        parentoidpath=?,
        piilotettu=?,
        tarkastus_pvm=?,
        toimipistekoodi=?,
        tuontipvm=?,
        varhaiskasvatuksen_toimipaikka_tiedot_id=?,
        virastotunnus=?,
        yhteishaunkoulukoodi=?,
        yritysmuoto=?,
        ytj_kieli=?,
        ytjpaivityspvm=?,
        ytunnus=? 
    where
        id=? 
        and version=?
2020-06-10 18:11:49.351 TRACE 55751 --- [    Test worker] o.h.type.descriptor.sql.BasicBinder      : binding parameter [1] as [BIGINT] - [2]
2020-06-10 18:11:49.351 TRACE 55751 --- [    Test worker] o.h.type.descriptor.sql.BasicBinder      : binding parameter [2] as [DATE] - [Fri Dec 31 00:00:00 EET 1999]
2020-06-10 18:11:49.351 TRACE 55751 --- [    Test worker] o.h.type.descriptor.sql.BasicBinder      : binding parameter [3] as [VARCHAR] - [null]
2020-06-10 18:11:49.351 TRACE 55751 --- [    Test worker] o.h.type.descriptor.sql.BasicBinder      : binding parameter [4] as [VARCHAR] - [kunta_092]
2020-06-10 18:11:49.351 TRACE 55751 --- [    Test worker] o.h.type.descriptor.sql.BasicBinder      : binding parameter [5] as [BIGINT] - [1050]
2020-06-10 18:11:49.351 TRACE 55751 --- [    Test worker] o.h.type.descriptor.sql.BasicBinder      : binding parameter [6] as [DATE] - [null]
2020-06-10 18:11:49.351 TRACE 55751 --- [    Test worker] o.h.type.descriptor.sql.BasicBinder      : binding parameter [7] as [VARCHAR] - [maatjavaltiot1_fin]
2020-06-10 18:11:49.351 TRACE 55751 --- [    Test worker] o.h.type.descriptor.sql.BasicBinder      : binding parameter [8] as [BIGINT] - [null]
2020-06-10 18:11:49.351 TRACE 55751 --- [    Test worker] o.h.type.descriptor.sql.BasicBinder      : binding parameter [9] as [BIGINT] - [1051]
2020-06-10 18:11:49.351 TRACE 55751 --- [    Test worker] o.h.type.descriptor.sql.BasicBinder      : binding parameter [10] as [VARCHAR] - [,oppilaitos1 (fi), toimipiste1 (fi),toimipiste1 (sv),oppilaitos1-päivitetty (en), toimipiste1 (en)]
2020-06-10 18:11:49.351 TRACE 55751 --- [    Test worker] o.h.type.descriptor.sql.BasicBinder      : binding parameter [11] as [VARCHAR] - [1.2.246.562.10.82824254888]
2020-06-10 18:11:49.351 TRACE 55751 --- [    Test worker] o.h.type.descriptor.sql.BasicBinder      : binding parameter [12] as [VARCHAR] - [01]
2020-06-10 18:11:49.351 TRACE 55751 --- [    Test worker] o.h.type.descriptor.sql.BasicBinder      : binding parameter [13] as [VARCHAR] - [null]
2020-06-10 18:11:49.351 TRACE 55751 --- [    Test worker] o.h.type.descriptor.sql.BasicBinder      : binding parameter [14] as [VARCHAR] - [null]
2020-06-10 18:11:49.351 TRACE 55751 --- [    Test worker] o.h.type.descriptor.sql.BasicBinder      : binding parameter [15] as [BOOLEAN] - [false]
2020-06-10 18:11:49.351 TRACE 55751 --- [    Test worker] o.h.type.descriptor.sql.BasicBinder      : binding parameter [16] as [VARCHAR] - [ophadmin]
2020-06-10 18:11:49.351 TRACE 55751 --- [    Test worker] o.h.type.descriptor.sql.BasicBinder      : binding parameter [17] as [TIMESTAMP] - [Wed Jun 10 18:11:49 EEST 2020]
2020-06-10 18:11:49.351 TRACE 55751 --- [    Test worker] o.h.type.descriptor.sql.BasicBinder      : binding parameter [18] as [VARCHAR] - [|1|32|33|]
2020-06-10 18:11:49.351 TRACE 55751 --- [    Test worker] o.h.type.descriptor.sql.BasicBinder      : binding parameter [19] as [VARCHAR] - [|1.2.246.562.24.00000000001|1.2.246.562.10.27649343363|1.2.246.562.10.18669752543|]
2020-06-10 18:11:49.351 TRACE 55751 --- [    Test worker] o.h.type.descriptor.sql.BasicBinder      : binding parameter [20] as [BOOLEAN] - [false]
2020-06-10 18:11:49.351 TRACE 55751 --- [    Test worker] o.h.type.descriptor.sql.BasicBinder      : binding parameter [21] as [TIMESTAMP] - [null]
2020-06-10 18:11:49.351 TRACE 55751 --- [    Test worker] o.h.type.descriptor.sql.BasicBinder      : binding parameter [22] as [VARCHAR] - [null01]
2020-06-10 18:11:49.351 TRACE 55751 --- [    Test worker] o.h.type.descriptor.sql.BasicBinder      : binding parameter [23] as [TIMESTAMP] - [null]
2020-06-10 18:11:49.352 TRACE 55751 --- [    Test worker] o.h.type.descriptor.sql.BasicBinder      : binding parameter [24] as [BIGINT] - [null]
2020-06-10 18:11:49.352 TRACE 55751 --- [    Test worker] o.h.type.descriptor.sql.BasicBinder      : binding parameter [25] as [VARCHAR] - [null]
2020-06-10 18:11:49.352 TRACE 55751 --- [    Test worker] o.h.type.descriptor.sql.BasicBinder      : binding parameter [26] as [VARCHAR] - [null]
2020-06-10 18:11:49.352 TRACE 55751 --- [    Test worker] o.h.type.descriptor.sql.BasicBinder      : binding parameter [27] as [VARCHAR] - [null]
2020-06-10 18:11:49.352 TRACE 55751 --- [    Test worker] o.h.type.descriptor.sql.BasicBinder      : binding parameter [28] as [VARCHAR] - [null]
2020-06-10 18:11:49.352 TRACE 55751 --- [    Test worker] o.h.type.descriptor.sql.BasicBinder      : binding parameter [29] as [DATE] - [null]
2020-06-10 18:11:49.352 TRACE 55751 --- [    Test worker] o.h.type.descriptor.sql.BasicBinder      : binding parameter [30] as [VARCHAR] - [null]
2020-06-10 18:11:49.352 TRACE 55751 --- [    Test worker] o.h.type.descriptor.sql.BasicBinder      : binding parameter [31] as [BIGINT] - [34]
2020-06-10 18:11:49.352 TRACE 55751 --- [    Test worker] o.h.type.descriptor.sql.BasicBinder      : binding parameter [32] as [BIGINT] - [1]
Hibernate: 
    update
        monikielinen_teksti_values 
    set
        value=? 
    where
        id=? 
        and key=?
2020-06-10 18:11:49.352 TRACE 55751 --- [    Test worker] o.h.type.descriptor.sql.BasicBinder      : binding parameter [1] as [VARCHAR] - [oppilaitos1-päivitetty (fi), toimipiste1 (fi)]
2020-06-10 18:11:49.352 TRACE 55751 --- [    Test worker] o.h.type.descriptor.sql.BasicBinder      : binding parameter [2] as [BIGINT] - [1051]
2020-06-10 18:11:49.352 TRACE 55751 --- [    Test worker] o.h.type.descriptor.sql.BasicBinder      : binding parameter [3] as [VARCHAR] - [fi]
Hibernate: 
    select
        organisaat0_.id as id1_5_,
        organisaat0_.version as version2_5_,
        organisaat0_.alkupvm as alkupvm3_5_,
        organisaat0_.domainnimi as domainni4_5_,
        organisaat0_.kotipaikka as kotipaik5_5_,
        organisaat0_.kuvaus_mkt as kuvaus_28_5_,
        organisaat0_.lakkautuspvm as lakkautu6_5_,
        organisaat0_.maa as maa7_5_,
        organisaat0_.metadata_id as metadat29_5_,
        organisaat0_.nimi_mkt as nimi_mk30_5_,
        organisaat0_.nimihaku as nimihaku8_5_,
        organisaat0_.oid as oid9_5_,
        organisaat0_.opetuspisteenjarjnro as opetusp10_5_,
        organisaat0_.oppilaitoskoodi as oppilai11_5_,
        organisaat0_.oppilaitos_tyyppi as oppilai12_5_,
        organisaat0_.organisaatio_poistettu as organis13_5_,
        organisaat0_.paivittaja as paivitt14_5_,
        organisaat0_.paivityspvm as paivity15_5_,
        organisaat0_.parentidpath as parenti16_5_,
        organisaat0_.parentoidpath as parento17_5_,
        organisaat0_.piilotettu as piilote18_5_,
        organisaat0_.tarkastus_pvm as tarkast19_5_,
        organisaat0_.toimipistekoodi as toimipi20_5_,
        organisaat0_.tuontipvm as tuontip21_5_,
        organisaat0_.varhaiskasvatuksen_toimipaikka_tiedot_id as varhais31_5_,
        organisaat0_.virastotunnus as virasto22_5_,
        organisaat0_.yhteishaunkoulukoodi as yhteish23_5_,
        organisaat0_.yritysmuoto as yritysm24_5_,
        organisaat0_.ytj_kieli as ytj_kie25_5_,
        organisaat0_.ytjpaivityspvm as ytjpaiv26_5_,
        organisaat0_.ytunnus as ytunnus27_5_ 
    from
        organisaatio organisaat0_ 
    where
        organisaat0_.oid=?
2020-06-10 18:11:49.352 TRACE 55751 --- [    Test worker] o.h.type.descriptor.sql.BasicBinder      : binding parameter [1] as [VARCHAR] - [1.2.246.562.10.82824254888]
2020-06-10 18:11:49.353 TRACE 55751 --- [    Test worker] o.h.type.descriptor.sql.BasicExtractor   : extracted value ([id1_5_] : [BIGINT]) - [34]
2020-06-10 18:11:49.362  INFO 55751 --- [    Test worker] o.s.t.c.transaction.TransactionContext   : Rolled back transaction for test: [DefaultTestContext@633e0b9b testClass = OrganisaatioBusinessServiceImplTest, testInstance = fi.vm.sade.organisaatio.business.impl.OrganisaatioBusinessServiceImplTest@376d4b49, testMethod = updateOppilaitosShouldUpdateToimipisteNames@OrganisaatioBusinessServiceImplTest, testException = [null], mergedContextConfiguration = [WebMergedContextConfiguration@142403d testClass = OrganisaatioBusinessServiceImplTest, locations = '{}', classes = '{class fi.vm.sade.organisaatio.OrganisaatioApplication, class fi.vm.sade.organisaatio.business.impl.OrganisaatioBusinessServiceImplTest$OrganisaatioBusinessServiceImplTestContextConfiguration}', contextInitializerClasses = '[]', activeProfiles = '{}', propertySourceLocations = '{}', propertySourceProperties = '{org.springframework.boot.test.context.SpringBootTestContextBootstrapper=true}', contextCustomizers = set[org.springframework.boot.test.autoconfigure.properties.PropertyMappingContextCustomizer@a273518a, org.springframework.boot.test.autoconfigure.web.servlet.WebDriverContextCustomizerFactory$Customizer@25a95d7a, [ImportsContextCustomizer@1758189f key = [org.springframework.boot.test.autoconfigure.jdbc.TestDatabaseAutoConfiguration, org.springframework.boot.autoconfigure.jdbc.DataSourceAutoConfiguration]], org.springframework.boot.test.context.filter.ExcludeFilterContextCustomizer@33d60c3d, org.springframework.boot.test.json.DuplicateJsonObjectContextCustomizerFactory$DuplicateJsonObjectContextCustomizer@6943770e, org.springframework.boot.test.mock.mockito.MockitoContextCustomizer@0, org.springframework.boot.test.web.client.TestRestTemplateContextCustomizer@536042e6, org.springframework.boot.test.context.SpringBootTestArgs@1], resourceBasePath = 'src/main/webapp', contextLoader = 'org.springframework.boot.test.context.SpringBootContextLoader', parent = [null]], attributes = map['org.springframework.test.context.web.ServletTestExecutionListener.activateListener' -> true, 'org.springframework.test.context.web.ServletTestExecutionListener.populatedRequestContextHolder' -> true, 'org.springframework.test.context.web.ServletTestExecutionListener.resetRequestContextHolder' -> true]]
2020-06-10 18:11:49.363  INFO 55751 --- [    Test worker] o.s.t.c.transaction.TransactionContext   : Began transaction (1) for test context [DefaultTestContext@633e0b9b testClass = OrganisaatioBusinessServiceImplTest, testInstance = fi.vm.sade.organisaatio.business.impl.OrganisaatioBusinessServiceImplTest@49136ddc, testMethod = lisaaVarhaiskasvatuksenToimipaikkaTietoVaaralleTyypille@OrganisaatioBusinessServiceImplTest, testException = [null], mergedContextConfiguration = [WebMergedContextConfiguration@142403d testClass = OrganisaatioBusinessServiceImplTest, locations = '{}', classes = '{class fi.vm.sade.organisaatio.OrganisaatioApplication, class fi.vm.sade.organisaatio.business.impl.OrganisaatioBusinessServiceImplTest$OrganisaatioBusinessServiceImplTestContextConfiguration}', contextInitializerClasses = '[]', activeProfiles = '{}', propertySourceLocations = '{}', propertySourceProperties = '{org.springframework.boot.test.context.SpringBootTestContextBootstrapper=true}', contextCustomizers = set[org.springframework.boot.test.autoconfigure.properties.PropertyMappingContextCustomizer@a273518a, org.springframework.boot.test.autoconfigure.web.servlet.WebDriverContextCustomizerFactory$Customizer@25a95d7a, [ImportsContextCustomizer@1758189f key = [org.springframework.boot.test.autoconfigure.jdbc.TestDatabaseAutoConfiguration, org.springframework.boot.autoconfigure.jdbc.DataSourceAutoConfiguration]], org.springframework.boot.test.context.filter.ExcludeFilterContextCustomizer@33d60c3d, org.springframework.boot.test.json.DuplicateJsonObjectContextCustomizerFactory$DuplicateJsonObjectContextCustomizer@6943770e, org.springframework.boot.test.mock.mockito.MockitoContextCustomizer@0, org.springframework.boot.test.web.client.TestRestTemplateContextCustomizer@536042e6, org.springframework.boot.test.context.SpringBootTestArgs@1], resourceBasePath = 'src/main/webapp', contextLoader = 'org.springframework.boot.test.context.SpringBootContextLoader', parent = [null]], attributes = map['org.springframework.test.context.web.ServletTestExecutionListener.activateListener' -> true, 'org.springframework.test.context.web.ServletTestExecutionListener.populatedRequestContextHolder' -> true, 'org.springframework.test.context.web.ServletTestExecutionListener.resetRequestContextHolder' -> true]]; transaction manager [org.springframework.orm.jpa.JpaTransactionManager@441d876b]; rollback [true]
Hibernate: 
    select
        organisaat0_.id as id1_5_,
        organisaat0_.version as version2_5_,
        organisaat0_.alkupvm as alkupvm3_5_,
        organisaat0_.domainnimi as domainni4_5_,
        organisaat0_.kotipaikka as kotipaik5_5_,
        organisaat0_.kuvaus_mkt as kuvaus_28_5_,
        organisaat0_.lakkautuspvm as lakkautu6_5_,
        organisaat0_.maa as maa7_5_,
        organisaat0_.metadata_id as metadat29_5_,
        organisaat0_.nimi_mkt as nimi_mk30_5_,
        organisaat0_.nimihaku as nimihaku8_5_,
        organisaat0_.oid as oid9_5_,
        organisaat0_.opetuspisteenjarjnro as opetusp10_5_,
        organisaat0_.oppilaitoskoodi as oppilai11_5_,
        organisaat0_.oppilaitos_tyyppi as oppilai12_5_,
        organisaat0_.organisaatio_poistettu as organis13_5_,
        organisaat0_.paivittaja as paivitt14_5_,
        organisaat0_.paivityspvm as paivity15_5_,
        organisaat0_.parentidpath as parenti16_5_,
        organisaat0_.parentoidpath as parento17_5_,
        organisaat0_.piilotettu as piilote18_5_,
        organisaat0_.tarkastus_pvm as tarkast19_5_,
        organisaat0_.toimipistekoodi as toimipi20_5_,
        organisaat0_.tuontipvm as tuontip21_5_,
        organisaat0_.varhaiskasvatuksen_toimipaikka_tiedot_id as varhais31_5_,
        organisaat0_.virastotunnus as virasto22_5_,
        organisaat0_.yhteishaunkoulukoodi as yhteish23_5_,
        organisaat0_.yritysmuoto as yritysm24_5_,
        organisaat0_.ytj_kieli as ytj_kie25_5_,
        organisaat0_.ytjpaivityspvm as ytjpaiv26_5_,
        organisaat0_.ytunnus as ytunnus27_5_ 
    from
        organisaatio organisaat0_ 
    where
        organisaat0_.oid=?
2020-06-10 18:11:49.368 TRACE 55751 --- [    Test worker] o.h.type.descriptor.sql.BasicBinder      : binding parameter [1] as [VARCHAR] - [1.2.8000.1]
2020-06-10 18:11:49.368 TRACE 55751 --- [    Test worker] o.h.type.descriptor.sql.BasicExtractor   : extracted value ([id1_5_] : [BIGINT]) - [10]
2020-06-10 18:11:49.368 TRACE 55751 --- [    Test worker] o.h.type.descriptor.sql.BasicExtractor   : extracted value ([version2_5_] : [BIGINT]) - [2]
2020-06-10 18:11:49.368 TRACE 55751 --- [    Test worker] o.h.type.descriptor.sql.BasicExtractor   : extracted value ([alkupvm3_5_] : [DATE]) - [null]
2020-06-10 18:11:49.368 TRACE 55751 --- [    Test worker] o.h.type.descriptor.sql.BasicExtractor   : extracted value ([domainni4_5_] : [VARCHAR]) - [null]
2020-06-10 18:11:49.368 TRACE 55751 --- [    Test worker] o.h.type.descriptor.sql.BasicExtractor   : extracted value ([kotipaik5_5_] : [VARCHAR]) - [Helsinki]
2020-06-10 18:11:49.368 TRACE 55751 --- [    Test worker] o.h.type.descriptor.sql.BasicExtractor   : extracted value ([kuvaus_28_5_] : [BIGINT]) - [null]
2020-06-10 18:11:49.368 TRACE 55751 --- [    Test worker] o.h.type.descriptor.sql.BasicExtractor   : extracted value ([lakkautu6_5_] : [DATE]) - [null]
2020-06-10 18:11:49.368 TRACE 55751 --- [    Test worker] o.h.type.descriptor.sql.BasicExtractor   : extracted value ([maa7_5_] : [VARCHAR]) - [null]
2020-06-10 18:11:49.368 TRACE 55751 --- [    Test worker] o.h.type.descriptor.sql.BasicExtractor   : extracted value ([metadat29_5_] : [BIGINT]) - [2]
2020-06-10 18:11:49.368 TRACE 55751 --- [    Test worker] o.h.type.descriptor.sql.BasicExtractor   : extracted value ([nimi_mk30_5_] : [BIGINT]) - [6]
2020-06-10 18:11:49.368 TRACE 55751 --- [    Test worker] o.h.type.descriptor.sql.BasicExtractor   : extracted value ([nimihaku8_5_] : [VARCHAR]) - [mixed osoitetyyppi organisaatio]
2020-06-10 18:11:49.368 TRACE 55751 --- [    Test worker] o.h.type.descriptor.sql.BasicExtractor   : extracted value ([oid9_5_] : [VARCHAR]) - [1.2.8000.1]
2020-06-10 18:11:49.368 TRACE 55751 --- [    Test worker] o.h.type.descriptor.sql.BasicExtractor   : extracted value ([opetusp10_5_] : [VARCHAR]) - [null]
2020-06-10 18:11:49.368 TRACE 55751 --- [    Test worker] o.h.type.descriptor.sql.BasicExtractor   : extracted value ([oppilai11_5_] : [VARCHAR]) - [null]
2020-06-10 18:11:49.368 TRACE 55751 --- [    Test worker] o.h.type.descriptor.sql.BasicExtractor   : extracted value ([oppilai12_5_] : [VARCHAR]) - [oppilaitostyyppi_42#1]
2020-06-10 18:11:49.368 TRACE 55751 --- [    Test worker] o.h.type.descriptor.sql.BasicExtractor   : extracted value ([organis13_5_] : [BOOLEAN]) - [false]
2020-06-10 18:11:49.368 TRACE 55751 --- [    Test worker] o.h.type.descriptor.sql.BasicExtractor   : extracted value ([paivitt14_5_] : [VARCHAR]) - [null]
2020-06-10 18:11:49.368 TRACE 55751 --- [    Test worker] o.h.type.descriptor.sql.BasicExtractor   : extracted value ([paivity15_5_] : [TIMESTAMP]) - [null]
2020-06-10 18:11:49.368 TRACE 55751 --- [    Test worker] o.h.type.descriptor.sql.BasicExtractor   : extracted value ([parenti16_5_] : [VARCHAR]) - [|1|]
2020-06-10 18:11:49.368 TRACE 55751 --- [    Test worker] o.h.type.descriptor.sql.BasicExtractor   : extracted value ([parento17_5_] : [VARCHAR]) - [|1.2.246.562.24.00000000001|]
2020-06-10 18:11:49.368 TRACE 55751 --- [    Test worker] o.h.type.descriptor.sql.BasicExtractor   : extracted value ([piilote18_5_] : [BOOLEAN]) - [false]
2020-06-10 18:11:49.368 TRACE 55751 --- [    Test worker] o.h.type.descriptor.sql.BasicExtractor   : extracted value ([tarkast19_5_] : [TIMESTAMP]) - [null]
2020-06-10 18:11:49.368 TRACE 55751 --- [    Test worker] o.h.type.descriptor.sql.BasicExtractor   : extracted value ([toimipi20_5_] : [VARCHAR]) - [null]
2020-06-10 18:11:49.368 TRACE 55751 --- [    Test worker] o.h.type.descriptor.sql.BasicExtractor   : extracted value ([tuontip21_5_] : [TIMESTAMP]) - [null]
2020-06-10 18:11:49.368 TRACE 55751 --- [    Test worker] o.h.type.descriptor.sql.BasicExtractor   : extracted value ([varhais31_5_] : [BIGINT]) - [null]
2020-06-10 18:11:49.369 TRACE 55751 --- [    Test worker] o.h.type.descriptor.sql.BasicExtractor   : extracted value ([virasto22_5_] : [VARCHAR]) - [null]
2020-06-10 18:11:49.369 TRACE 55751 --- [    Test worker] o.h.type.descriptor.sql.BasicExtractor   : extracted value ([yhteish23_5_] : [VARCHAR]) - [null]
2020-06-10 18:11:49.369 TRACE 55751 --- [    Test worker] o.h.type.descriptor.sql.BasicExtractor   : extracted value ([yritysm24_5_] : [VARCHAR]) - [oy]
2020-06-10 18:11:49.369 TRACE 55751 --- [    Test worker] o.h.type.descriptor.sql.BasicExtractor   : extracted value ([ytj_kie25_5_] : [VARCHAR]) - [null]
2020-06-10 18:11:49.369 TRACE 55751 --- [    Test worker] o.h.type.descriptor.sql.BasicExtractor   : extracted value ([ytjpaiv26_5_] : [DATE]) - [null]
2020-06-10 18:11:49.369 TRACE 55751 --- [    Test worker] o.h.type.descriptor.sql.BasicExtractor   : extracted value ([ytunnus27_5_] : [VARCHAR]) - [1234569-5]
2020-06-10 18:11:49.369 TRACE 55751 --- [    Test worker] org.hibernate.type.CollectionType        : Created collection wrapper: [fi.vm.sade.organisaatio.model.Organisaatio.childSuhteet#10]
2020-06-10 18:11:49.369 TRACE 55751 --- [    Test worker] org.hibernate.type.CollectionType        : Created collection wrapper: [fi.vm.sade.organisaatio.model.Organisaatio.kayttoryhmat#10]
2020-06-10 18:11:49.369 TRACE 55751 --- [    Test worker] org.hibernate.type.CollectionType        : Created collection wrapper: [fi.vm.sade.organisaatio.model.Organisaatio.kielet#10]
2020-06-10 18:11:49.369 TRACE 55751 --- [    Test worker] org.hibernate.type.CollectionType        : Created collection wrapper: [fi.vm.sade.organisaatio.model.Organisaatio.muutKotipaikatUris#10]
2020-06-10 18:11:49.369 TRACE 55751 --- [    Test worker] org.hibernate.type.CollectionType        : Created collection wrapper: [fi.vm.sade.organisaatio.model.Organisaatio.muutOppilaitosTyyppiUris#10]
2020-06-10 18:11:49.369 TRACE 55751 --- [    Test worker] org.hibernate.type.CollectionType        : Created collection wrapper: [fi.vm.sade.organisaatio.model.Organisaatio.nimet#10]
2020-06-10 18:11:49.369 TRACE 55751 --- [    Test worker] org.hibernate.type.CollectionType        : Created collection wrapper: [fi.vm.sade.organisaatio.model.Organisaatio.organisaatioLisatietotyypit#10]
2020-06-10 18:11:49.369 TRACE 55751 --- [    Test worker] org.hibernate.type.CollectionType        : Created collection wrapper: [fi.vm.sade.organisaatio.model.Organisaatio.parentSuhteet#10]
2020-06-10 18:11:49.369 TRACE 55751 --- [    Test worker] org.hibernate.type.CollectionType        : Created collection wrapper: [fi.vm.sade.organisaatio.model.Organisaatio.ryhmatyypit#10]
2020-06-10 18:11:49.369 TRACE 55751 --- [    Test worker] org.hibernate.type.CollectionType        : Created collection wrapper: [fi.vm.sade.organisaatio.model.Organisaatio.tyypit#10]
2020-06-10 18:11:49.369 TRACE 55751 --- [    Test worker] org.hibernate.type.CollectionType        : Created collection wrapper: [fi.vm.sade.organisaatio.model.Organisaatio.vuosiluokat#10]
2020-06-10 18:11:49.369 TRACE 55751 --- [    Test worker] org.hibernate.type.CollectionType        : Created collection wrapper: [fi.vm.sade.organisaatio.model.Organisaatio.yhteystiedot#10]
2020-06-10 18:11:49.369 TRACE 55751 --- [    Test worker] org.hibernate.type.CollectionType        : Created collection wrapper: [fi.vm.sade.organisaatio.model.Organisaatio.yhteystietoArvos#10]
Hibernate: 
    select
        tyypit0_.organisaatio_id as organisa1_14_0_,
        tyypit0_.tyypit as tyypit2_14_0_ 
    from
        organisaatio_tyypit tyypit0_ 
    where
        tyypit0_.organisaatio_id=?
2020-06-10 18:11:49.370 TRACE 55751 --- [    Test worker] o.h.type.descriptor.sql.BasicBinder      : binding parameter [1] as [BIGINT] - [10]
2020-06-10 18:11:49.370 TRACE 55751 --- [    Test worker] o.h.type.descriptor.sql.BasicExtractor   : extracted value ([organisa1_14_0_] : [BIGINT]) - [10]
2020-06-10 18:11:49.370 TRACE 55751 --- [    Test worker] o.h.type.descriptor.sql.BasicExtractor   : extracted value ([tyypit2_14_0_] : [VARCHAR]) - [organisaatiotyyppi_02]
2020-06-10 18:11:49.370 TRACE 55751 --- [    Test worker] o.h.type.descriptor.sql.BasicExtractor   : extracted value ([organisa1_14_0_] : [BIGINT]) - [10]
2020-06-10 18:11:49.370 TRACE 55751 --- [    Test worker] o.h.type.descriptor.sql.BasicExtractor   : extracted value ([tyypit2_14_0_] : [VARCHAR]) - [organisaatiotyyppi_07]
2020-06-10 18:11:49.613  WARN 55751 --- [    Test worker] fi.vm.sade.javautils.http.OphHttpClient  : Failed to CAS authenticate. Renewing proxy ticket.
2020-06-10 18:11:49.733  INFO 55751 --- [    Test worker] o.s.t.c.transaction.TransactionContext   : Rolled back transaction for test: [DefaultTestContext@633e0b9b testClass = OrganisaatioBusinessServiceImplTest, testInstance = fi.vm.sade.organisaatio.business.impl.OrganisaatioBusinessServiceImplTest@49136ddc, testMethod = lisaaVarhaiskasvatuksenToimipaikkaTietoVaaralleTyypille@OrganisaatioBusinessServiceImplTest, testException = [null], mergedContextConfiguration = [WebMergedContextConfiguration@142403d testClass = OrganisaatioBusinessServiceImplTest, locations = '{}', classes = '{class fi.vm.sade.organisaatio.OrganisaatioApplication, class fi.vm.sade.organisaatio.business.impl.OrganisaatioBusinessServiceImplTest$OrganisaatioBusinessServiceImplTestContextConfiguration}', contextInitializerClasses = '[]', activeProfiles = '{}', propertySourceLocations = '{}', propertySourceProperties = '{org.springframework.boot.test.context.SpringBootTestContextBootstrapper=true}', contextCustomizers = set[org.springframework.boot.test.autoconfigure.properties.PropertyMappingContextCustomizer@a273518a, org.springframework.boot.test.autoconfigure.web.servlet.WebDriverContextCustomizerFactory$Customizer@25a95d7a, [ImportsContextCustomizer@1758189f key = [org.springframework.boot.test.autoconfigure.jdbc.TestDatabaseAutoConfiguration, org.springframework.boot.autoconfigure.jdbc.DataSourceAutoConfiguration]], org.springframework.boot.test.context.filter.ExcludeFilterContextCustomizer@33d60c3d, org.springframework.boot.test.json.DuplicateJsonObjectContextCustomizerFactory$DuplicateJsonObjectContextCustomizer@6943770e, org.springframework.boot.test.mock.mockito.MockitoContextCustomizer@0, org.springframework.boot.test.web.client.TestRestTemplateContextCustomizer@536042e6, org.springframework.boot.test.context.SpringBootTestArgs@1], resourceBasePath = 'src/main/webapp', contextLoader = 'org.springframework.boot.test.context.SpringBootContextLoader', parent = [null]], attributes = map['org.springframework.test.context.web.ServletTestExecutionListener.activateListener' -> true, 'org.springframework.test.context.web.ServletTestExecutionListener.populatedRequestContextHolder' -> true, 'org.springframework.test.context.web.ServletTestExecutionListener.resetRequestContextHolder' -> true]]
2020-06-10 18:11:49.735  INFO 55751 --- [    Test worker] o.s.t.c.transaction.TransactionContext   : Began transaction (1) for test context [DefaultTestContext@633e0b9b testClass = OrganisaatioBusinessServiceImplTest, testInstance = fi.vm.sade.organisaatio.business.impl.OrganisaatioBusinessServiceImplTest@47c7ad07, testMethod = saveToimipisteShouldMaintainToimipistekoodiWhenOpetuspisteenJarjNroEmpty@OrganisaatioBusinessServiceImplTest, testException = [null], mergedContextConfiguration = [WebMergedContextConfiguration@142403d testClass = OrganisaatioBusinessServiceImplTest, locations = '{}', classes = '{class fi.vm.sade.organisaatio.OrganisaatioApplication, class fi.vm.sade.organisaatio.business.impl.OrganisaatioBusinessServiceImplTest$OrganisaatioBusinessServiceImplTestContextConfiguration}', contextInitializerClasses = '[]', activeProfiles = '{}', propertySourceLocations = '{}', propertySourceProperties = '{org.springframework.boot.test.context.SpringBootTestContextBootstrapper=true}', contextCustomizers = set[org.springframework.boot.test.autoconfigure.properties.PropertyMappingContextCustomizer@a273518a, org.springframework.boot.test.autoconfigure.web.servlet.WebDriverContextCustomizerFactory$Customizer@25a95d7a, [ImportsContextCustomizer@1758189f key = [org.springframework.boot.test.autoconfigure.jdbc.TestDatabaseAutoConfiguration, org.springframework.boot.autoconfigure.jdbc.DataSourceAutoConfiguration]], org.springframework.boot.test.context.filter.ExcludeFilterContextCustomizer@33d60c3d, org.springframework.boot.test.json.DuplicateJsonObjectContextCustomizerFactory$DuplicateJsonObjectContextCustomizer@6943770e, org.springframework.boot.test.mock.mockito.MockitoContextCustomizer@0, org.springframework.boot.test.web.client.TestRestTemplateContextCustomizer@536042e6, org.springframework.boot.test.context.SpringBootTestArgs@1], resourceBasePath = 'src/main/webapp', contextLoader = 'org.springframework.boot.test.context.SpringBootContextLoader', parent = [null]], attributes = map['org.springframework.test.context.web.ServletTestExecutionListener.activateListener' -> true, 'org.springframework.test.context.web.ServletTestExecutionListener.populatedRequestContextHolder' -> true, 'org.springframework.test.context.web.ServletTestExecutionListener.resetRequestContextHolder' -> true]]; transaction manager [org.springframework.orm.jpa.JpaTransactionManager@441d876b]; rollback [true]
Hibernate: 
    select
        organisaat0_.id as id1_5_,
        organisaat0_.version as version2_5_,
        organisaat0_.alkupvm as alkupvm3_5_,
        organisaat0_.domainnimi as domainni4_5_,
        organisaat0_.kotipaikka as kotipaik5_5_,
        organisaat0_.kuvaus_mkt as kuvaus_28_5_,
        organisaat0_.lakkautuspvm as lakkautu6_5_,
        organisaat0_.maa as maa7_5_,
        organisaat0_.metadata_id as metadat29_5_,
        organisaat0_.nimi_mkt as nimi_mk30_5_,
        organisaat0_.nimihaku as nimihaku8_5_,
        organisaat0_.oid as oid9_5_,
        organisaat0_.opetuspisteenjarjnro as opetusp10_5_,
        organisaat0_.oppilaitoskoodi as oppilai11_5_,
        organisaat0_.oppilaitos_tyyppi as oppilai12_5_,
        organisaat0_.organisaatio_poistettu as organis13_5_,
        organisaat0_.paivittaja as paivitt14_5_,
        organisaat0_.paivityspvm as paivity15_5_,
        organisaat0_.parentidpath as parenti16_5_,
        organisaat0_.parentoidpath as parento17_5_,
        organisaat0_.piilotettu as piilote18_5_,
        organisaat0_.tarkastus_pvm as tarkast19_5_,
        organisaat0_.toimipistekoodi as toimipi20_5_,
        organisaat0_.tuontipvm as tuontip21_5_,
        organisaat0_.varhaiskasvatuksen_toimipaikka_tiedot_id as varhais31_5_,
        organisaat0_.virastotunnus as virasto22_5_,
        organisaat0_.yhteishaunkoulukoodi as yhteish23_5_,
        organisaat0_.yritysmuoto as yritysm24_5_,
        organisaat0_.ytj_kieli as ytj_kie25_5_,
        organisaat0_.ytjpaivityspvm as ytjpaiv26_5_,
        organisaat0_.ytunnus as ytunnus27_5_ 
    from
        organisaatio organisaat0_ 
    where
        organisaat0_.oid=?
2020-06-10 18:11:49.739 TRACE 55751 --- [    Test worker] o.h.type.descriptor.sql.BasicBinder      : binding parameter [1] as [VARCHAR] - [1.2.246.562.10.11690556837]
2020-06-10 18:11:49.988  WARN 55751 --- [    Test worker] fi.vm.sade.javautils.http.OphHttpClient  : Failed to CAS authenticate. Renewing proxy ticket.
Hibernate: 
    select
        organisaat0_.id as id1_5_,
        organisaat0_.version as version2_5_,
        organisaat0_.alkupvm as alkupvm3_5_,
        organisaat0_.domainnimi as domainni4_5_,
        organisaat0_.kotipaikka as kotipaik5_5_,
        organisaat0_.kuvaus_mkt as kuvaus_28_5_,
        organisaat0_.lakkautuspvm as lakkautu6_5_,
        organisaat0_.maa as maa7_5_,
        organisaat0_.metadata_id as metadat29_5_,
        organisaat0_.nimi_mkt as nimi_mk30_5_,
        organisaat0_.nimihaku as nimihaku8_5_,
        organisaat0_.oid as oid9_5_,
        organisaat0_.opetuspisteenjarjnro as opetusp10_5_,
        organisaat0_.oppilaitoskoodi as oppilai11_5_,
        organisaat0_.oppilaitos_tyyppi as oppilai12_5_,
        organisaat0_.organisaatio_poistettu as organis13_5_,
        organisaat0_.paivittaja as paivitt14_5_,
        organisaat0_.paivityspvm as paivity15_5_,
        organisaat0_.parentidpath as parenti16_5_,
        organisaat0_.parentoidpath as parento17_5_,
        organisaat0_.piilotettu as piilote18_5_,
        organisaat0_.tarkastus_pvm as tarkast19_5_,
        organisaat0_.toimipistekoodi as toimipi20_5_,
        organisaat0_.tuontipvm as tuontip21_5_,
        organisaat0_.varhaiskasvatuksen_toimipaikka_tiedot_id as varhais31_5_,
        organisaat0_.virastotunnus as virasto22_5_,
        organisaat0_.yhteishaunkoulukoodi as yhteish23_5_,
        organisaat0_.yritysmuoto as yritysm24_5_,
        organisaat0_.ytj_kieli as ytj_kie25_5_,
        organisaat0_.ytjpaivityspvm as ytjpaiv26_5_,
        organisaat0_.ytunnus as ytunnus27_5_ 
    from
        organisaatio organisaat0_ 
    where
        organisaat0_.oid=?
2020-06-10 18:11:50.114 TRACE 55751 --- [    Test worker] o.h.type.descriptor.sql.BasicBinder      : binding parameter [1] as [VARCHAR] - [1.2.246.562.24.00000000001]
2020-06-10 18:11:50.115 TRACE 55751 --- [    Test worker] o.h.type.descriptor.sql.BasicExtractor   : extracted value ([id1_5_] : [BIGINT]) - [1]
2020-06-10 18:11:50.115 TRACE 55751 --- [    Test worker] o.h.type.descriptor.sql.BasicExtractor   : extracted value ([version2_5_] : [BIGINT]) - [0]
2020-06-10 18:11:50.115 TRACE 55751 --- [    Test worker] o.h.type.descriptor.sql.BasicExtractor   : extracted value ([alkupvm3_5_] : [DATE]) - [2004-06-29]
2020-06-10 18:11:50.115 TRACE 55751 --- [    Test worker] o.h.type.descriptor.sql.BasicExtractor   : extracted value ([domainni4_5_] : [VARCHAR]) - [null]
2020-06-10 18:11:50.115 TRACE 55751 --- [    Test worker] o.h.type.descriptor.sql.BasicExtractor   : extracted value ([kotipaik5_5_] : [VARCHAR]) - [Helsinki]
2020-06-10 18:11:50.115 TRACE 55751 --- [    Test worker] o.h.type.descriptor.sql.BasicExtractor   : extracted value ([kuvaus_28_5_] : [BIGINT]) - [null]
2020-06-10 18:11:50.115 TRACE 55751 --- [    Test worker] o.h.type.descriptor.sql.BasicExtractor   : extracted value ([lakkautu6_5_] : [DATE]) - [null]
2020-06-10 18:11:50.115 TRACE 55751 --- [    Test worker] o.h.type.descriptor.sql.BasicExtractor   : extracted value ([maa7_5_] : [VARCHAR]) - [null]
2020-06-10 18:11:50.115 TRACE 55751 --- [    Test worker] o.h.type.descriptor.sql.BasicExtractor   : extracted value ([metadat29_5_] : [BIGINT]) - [null]
2020-06-10 18:11:50.115 TRACE 55751 --- [    Test worker] o.h.type.descriptor.sql.BasicExtractor   : extracted value ([nimi_mk30_5_] : [BIGINT]) - [1]
2020-06-10 18:11:50.115 TRACE 55751 --- [    Test worker] o.h.type.descriptor.sql.BasicExtractor   : extracted value ([nimihaku8_5_] : [VARCHAR]) - [opetushallitus]
2020-06-10 18:11:50.115 TRACE 55751 --- [    Test worker] o.h.type.descriptor.sql.BasicExtractor   : extracted value ([oid9_5_] : [VARCHAR]) - [1.2.246.562.24.00000000001]
2020-06-10 18:11:50.115 TRACE 55751 --- [    Test worker] o.h.type.descriptor.sql.BasicExtractor   : extracted value ([opetusp10_5_] : [VARCHAR]) - [null]
2020-06-10 18:11:50.115 TRACE 55751 --- [    Test worker] o.h.type.descriptor.sql.BasicExtractor   : extracted value ([oppilai11_5_] : [VARCHAR]) - [null]
2020-06-10 18:11:50.115 TRACE 55751 --- [    Test worker] o.h.type.descriptor.sql.BasicExtractor   : extracted value ([oppilai12_5_] : [VARCHAR]) - [null]
2020-06-10 18:11:50.115 TRACE 55751 --- [    Test worker] o.h.type.descriptor.sql.BasicExtractor   : extracted value ([organis13_5_] : [BOOLEAN]) - [false]
2020-06-10 18:11:50.115 TRACE 55751 --- [    Test worker] o.h.type.descriptor.sql.BasicExtractor   : extracted value ([paivitt14_5_] : [VARCHAR]) - [null]
2020-06-10 18:11:50.115 TRACE 55751 --- [    Test worker] o.h.type.descriptor.sql.BasicExtractor   : extracted value ([paivity15_5_] : [TIMESTAMP]) - [null]
2020-06-10 18:11:50.115 TRACE 55751 --- [    Test worker] o.h.type.descriptor.sql.BasicExtractor   : extracted value ([parenti16_5_] : [VARCHAR]) - [null]
2020-06-10 18:11:50.115 TRACE 55751 --- [    Test worker] o.h.type.descriptor.sql.BasicExtractor   : extracted value ([parento17_5_] : [VARCHAR]) - [null]
2020-06-10 18:11:50.115 TRACE 55751 --- [    Test worker] o.h.type.descriptor.sql.BasicExtractor   : extracted value ([piilote18_5_] : [BOOLEAN]) - [false]
2020-06-10 18:11:50.115 TRACE 55751 --- [    Test worker] o.h.type.descriptor.sql.BasicExtractor   : extracted value ([tarkast19_5_] : [TIMESTAMP]) - [null]
2020-06-10 18:11:50.115 TRACE 55751 --- [    Test worker] o.h.type.descriptor.sql.BasicExtractor   : extracted value ([toimipi20_5_] : [VARCHAR]) - [null]
2020-06-10 18:11:50.115 TRACE 55751 --- [    Test worker] o.h.type.descriptor.sql.BasicExtractor   : extracted value ([tuontip21_5_] : [TIMESTAMP]) - [null]
2020-06-10 18:11:50.115 TRACE 55751 --- [    Test worker] o.h.type.descriptor.sql.BasicExtractor   : extracted value ([varhais31_5_] : [BIGINT]) - [null]
2020-06-10 18:11:50.115 TRACE 55751 --- [    Test worker] o.h.type.descriptor.sql.BasicExtractor   : extracted value ([virasto22_5_] : [VARCHAR]) - [null]
2020-06-10 18:11:50.115 TRACE 55751 --- [    Test worker] o.h.type.descriptor.sql.BasicExtractor   : extracted value ([yhteish23_5_] : [VARCHAR]) - [null]
2020-06-10 18:11:50.115 TRACE 55751 --- [    Test worker] o.h.type.descriptor.sql.BasicExtractor   : extracted value ([yritysm24_5_] : [VARCHAR]) - [oy]
2020-06-10 18:11:50.115 TRACE 55751 --- [    Test worker] o.h.type.descriptor.sql.BasicExtractor   : extracted value ([ytj_kie25_5_] : [VARCHAR]) - [null]
2020-06-10 18:11:50.115 TRACE 55751 --- [    Test worker] o.h.type.descriptor.sql.BasicExtractor   : extracted value ([ytjpaiv26_5_] : [DATE]) - [null]
2020-06-10 18:11:50.115 TRACE 55751 --- [    Test worker] o.h.type.descriptor.sql.BasicExtractor   : extracted value ([ytunnus27_5_] : [VARCHAR]) - [null]
2020-06-10 18:11:50.115 TRACE 55751 --- [    Test worker] org.hibernate.type.CollectionType        : Created collection wrapper: [fi.vm.sade.organisaatio.model.Organisaatio.childSuhteet#1]
2020-06-10 18:11:50.116 TRACE 55751 --- [    Test worker] org.hibernate.type.CollectionType        : Created collection wrapper: [fi.vm.sade.organisaatio.model.Organisaatio.kayttoryhmat#1]
2020-06-10 18:11:50.116 TRACE 55751 --- [    Test worker] org.hibernate.type.CollectionType        : Created collection wrapper: [fi.vm.sade.organisaatio.model.Organisaatio.kielet#1]
2020-06-10 18:11:50.116 TRACE 55751 --- [    Test worker] org.hibernate.type.CollectionType        : Created collection wrapper: [fi.vm.sade.organisaatio.model.Organisaatio.muutKotipaikatUris#1]
2020-06-10 18:11:50.116 TRACE 55751 --- [    Test worker] org.hibernate.type.CollectionType        : Created collection wrapper: [fi.vm.sade.organisaatio.model.Organisaatio.muutOppilaitosTyyppiUris#1]
2020-06-10 18:11:50.116 TRACE 55751 --- [    Test worker] org.hibernate.type.CollectionType        : Created collection wrapper: [fi.vm.sade.organisaatio.model.Organisaatio.nimet#1]
2020-06-10 18:11:50.116 TRACE 55751 --- [    Test worker] org.hibernate.type.CollectionType        : Created collection wrapper: [fi.vm.sade.organisaatio.model.Organisaatio.organisaatioLisatietotyypit#1]
2020-06-10 18:11:50.116 TRACE 55751 --- [    Test worker] org.hibernate.type.CollectionType        : Created collection wrapper: [fi.vm.sade.organisaatio.model.Organisaatio.parentSuhteet#1]
2020-06-10 18:11:50.116 TRACE 55751 --- [    Test worker] org.hibernate.type.CollectionType        : Created collection wrapper: [fi.vm.sade.organisaatio.model.Organisaatio.ryhmatyypit#1]
2020-06-10 18:11:50.116 TRACE 55751 --- [    Test worker] org.hibernate.type.CollectionType        : Created collection wrapper: [fi.vm.sade.organisaatio.model.Organisaatio.tyypit#1]
2020-06-10 18:11:50.116 TRACE 55751 --- [    Test worker] org.hibernate.type.CollectionType        : Created collection wrapper: [fi.vm.sade.organisaatio.model.Organisaatio.vuosiluokat#1]
2020-06-10 18:11:50.116 TRACE 55751 --- [    Test worker] org.hibernate.type.CollectionType        : Created collection wrapper: [fi.vm.sade.organisaatio.model.Organisaatio.yhteystiedot#1]
2020-06-10 18:11:50.116 TRACE 55751 --- [    Test worker] org.hibernate.type.CollectionType        : Created collection wrapper: [fi.vm.sade.organisaatio.model.Organisaatio.yhteystietoArvos#1]
Hibernate: 
    select
        parentsuht0_.child_id as child_id7_19_0_,
        parentsuht0_.id as id1_19_0_,
        parentsuht0_.id as id1_19_1_,
        parentsuht0_.version as version2_19_1_,
        parentsuht0_.alkupvm as alkupvm3_19_1_,
        parentsuht0_.child_id as child_id7_19_1_,
        parentsuht0_.loppupvm as loppupvm4_19_1_,
        parentsuht0_.opetuspisteenjarjnro as opetuspi5_19_1_,
        parentsuht0_.parent_id as parent_i8_19_1_,
        parentsuht0_.suhdetyyppi as suhdetyy6_19_1_ 
    from
        organisaatiosuhde parentsuht0_ 
    where
        parentsuht0_.child_id=? 
    order by
        parentsuht0_.alkupvm
2020-06-10 18:11:50.117 TRACE 55751 --- [    Test worker] o.h.type.descriptor.sql.BasicBinder      : binding parameter [1] as [BIGINT] - [1]
Hibernate: 
    select
        organisaat0_.id as id1_5_,
        organisaat0_.version as version2_5_,
        organisaat0_.alkupvm as alkupvm3_5_,
        organisaat0_.domainnimi as domainni4_5_,
        organisaat0_.kotipaikka as kotipaik5_5_,
        organisaat0_.kuvaus_mkt as kuvaus_28_5_,
        organisaat0_.lakkautuspvm as lakkautu6_5_,
        organisaat0_.maa as maa7_5_,
        organisaat0_.metadata_id as metadat29_5_,
        organisaat0_.nimi_mkt as nimi_mk30_5_,
        organisaat0_.nimihaku as nimihaku8_5_,
        organisaat0_.oid as oid9_5_,
        organisaat0_.opetuspisteenjarjnro as opetusp10_5_,
        organisaat0_.oppilaitoskoodi as oppilai11_5_,
        organisaat0_.oppilaitos_tyyppi as oppilai12_5_,
        organisaat0_.organisaatio_poistettu as organis13_5_,
        organisaat0_.paivittaja as paivitt14_5_,
        organisaat0_.paivityspvm as paivity15_5_,
        organisaat0_.parentidpath as parenti16_5_,
        organisaat0_.parentoidpath as parento17_5_,
        organisaat0_.piilotettu as piilote18_5_,
        organisaat0_.tarkastus_pvm as tarkast19_5_,
        organisaat0_.toimipistekoodi as toimipi20_5_,
        organisaat0_.tuontipvm as tuontip21_5_,
        organisaat0_.varhaiskasvatuksen_toimipaikka_tiedot_id as varhais31_5_,
        organisaat0_.virastotunnus as virasto22_5_,
        organisaat0_.yhteishaunkoulukoodi as yhteish23_5_,
        organisaat0_.yritysmuoto as yritysm24_5_,
        organisaat0_.ytj_kieli as ytj_kie25_5_,
        organisaat0_.ytjpaivityspvm as ytjpaiv26_5_,
        organisaat0_.ytunnus as ytunnus27_5_ 
    from
        organisaatio organisaat0_ 
    where
        organisaat0_.oid=?
2020-06-10 18:11:50.118 TRACE 55751 --- [    Test worker] o.h.type.descriptor.sql.BasicBinder      : binding parameter [1] as [VARCHAR] - [1.2.246.562.24.00000000001]
2020-06-10 18:11:50.118 TRACE 55751 --- [    Test worker] o.h.type.descriptor.sql.BasicExtractor   : extracted value ([id1_5_] : [BIGINT]) - [1]
2020-06-10 18:11:50.119  WARN 55751 --- [    Test worker] .s.o.b.i.OrganisaatioBusinessServiceImpl : Oppilaitos not found in parents
Hibernate: 
    insert 
    into
        monikielinen_teksti
        (id, version) 
    values
        (null, ?)
2020-06-10 18:11:50.119 TRACE 55751 --- [    Test worker] o.h.type.descriptor.sql.BasicBinder      : binding parameter [1] as [BIGINT] - [0]
Hibernate: 
    insert 
    into
        monikielinen_teksti
        (id, version) 
    values
        (null, ?)
2020-06-10 18:11:50.120 TRACE 55751 --- [    Test worker] o.h.type.descriptor.sql.BasicBinder      : binding parameter [1] as [BIGINT] - [0]
Hibernate: 
    insert 
    into
        organisaatio
        (id, version, alkupvm, domainnimi, kotipaikka, kuvaus_mkt, lakkautuspvm, maa, metadata_id, nimi_mkt, nimihaku, oid, opetuspisteenjarjnro, oppilaitoskoodi, oppilaitos_tyyppi, organisaatio_poistettu, paivittaja, paivityspvm, parentidpath, parentoidpath, piilotettu, tarkastus_pvm, toimipistekoodi, tuontipvm, varhaiskasvatuksen_toimipaikka_tiedot_id, virastotunnus, yhteishaunkoulukoodi, yritysmuoto, ytj_kieli, ytjpaivityspvm, ytunnus) 
    values
        (null, ?, ?, ?, ?, ?, ?, ?, ?, ?, ?, ?, ?, ?, ?, ?, ?, ?, ?, ?, ?, ?, ?, ?, ?, ?, ?, ?, ?, ?, ?)
2020-06-10 18:11:50.120 TRACE 55751 --- [    Test worker] o.h.type.descriptor.sql.BasicBinder      : binding parameter [1] as [BIGINT] - [0]
2020-06-10 18:11:50.120 TRACE 55751 --- [    Test worker] o.h.type.descriptor.sql.BasicBinder      : binding parameter [2] as [DATE] - [Fri Dec 31 00:00:00 EET 1999]
2020-06-10 18:11:50.120 TRACE 55751 --- [    Test worker] o.h.type.descriptor.sql.BasicBinder      : binding parameter [3] as [VARCHAR] - [null]
2020-06-10 18:11:50.120 TRACE 55751 --- [    Test worker] o.h.type.descriptor.sql.BasicBinder      : binding parameter [4] as [VARCHAR] - [kunta_092]
2020-06-10 18:11:50.120 TRACE 55751 --- [    Test worker] o.h.type.descriptor.sql.BasicBinder      : binding parameter [5] as [BIGINT] - [1053]
2020-06-10 18:11:50.120 TRACE 55751 --- [    Test worker] o.h.type.descriptor.sql.BasicBinder      : binding parameter [6] as [DATE] - [null]
2020-06-10 18:11:50.121 TRACE 55751 --- [    Test worker] o.h.type.descriptor.sql.BasicBinder      : binding parameter [7] as [VARCHAR] - [maatjavaltiot1_fin]
2020-06-10 18:11:50.121 TRACE 55751 --- [    Test worker] o.h.type.descriptor.sql.BasicBinder      : binding parameter [8] as [BIGINT] - [null]
2020-06-10 18:11:50.121 TRACE 55751 --- [    Test worker] o.h.type.descriptor.sql.BasicBinder      : binding parameter [9] as [BIGINT] - [1054]
2020-06-10 18:11:50.121 TRACE 55751 --- [    Test worker] o.h.type.descriptor.sql.BasicBinder      : binding parameter [10] as [VARCHAR] - [,koulutustoimija1]
2020-06-10 18:11:50.121 TRACE 55751 --- [    Test worker] o.h.type.descriptor.sql.BasicBinder      : binding parameter [11] as [VARCHAR] - [1.2.246.562.10.11690556837]
2020-06-10 18:11:50.121 TRACE 55751 --- [    Test worker] o.h.type.descriptor.sql.BasicBinder      : binding parameter [12] as [VARCHAR] - [null]
2020-06-10 18:11:50.121 TRACE 55751 --- [    Test worker] o.h.type.descriptor.sql.BasicBinder      : binding parameter [13] as [VARCHAR] - [null]
2020-06-10 18:11:50.121 TRACE 55751 --- [    Test worker] o.h.type.descriptor.sql.BasicBinder      : binding parameter [14] as [VARCHAR] - [null]
2020-06-10 18:11:50.121 TRACE 55751 --- [    Test worker] o.h.type.descriptor.sql.BasicBinder      : binding parameter [15] as [BOOLEAN] - [false]
2020-06-10 18:11:50.121 TRACE 55751 --- [    Test worker] o.h.type.descriptor.sql.BasicBinder      : binding parameter [16] as [VARCHAR] - [ophadmin]
2020-06-10 18:11:50.121 TRACE 55751 --- [    Test worker] o.h.type.descriptor.sql.BasicBinder      : binding parameter [17] as [TIMESTAMP] - [Wed Jun 10 18:11:50 EEST 2020]
2020-06-10 18:11:50.121 TRACE 55751 --- [    Test worker] o.h.type.descriptor.sql.BasicBinder      : binding parameter [18] as [VARCHAR] - [|1|]
2020-06-10 18:11:50.121 TRACE 55751 --- [    Test worker] o.h.type.descriptor.sql.BasicBinder      : binding parameter [19] as [VARCHAR] - [|1.2.246.562.24.00000000001|]
2020-06-10 18:11:50.121 TRACE 55751 --- [    Test worker] o.h.type.descriptor.sql.BasicBinder      : binding parameter [20] as [BOOLEAN] - [false]
2020-06-10 18:11:50.121 TRACE 55751 --- [    Test worker] o.h.type.descriptor.sql.BasicBinder      : binding parameter [21] as [TIMESTAMP] - [null]
2020-06-10 18:11:50.121 TRACE 55751 --- [    Test worker] o.h.type.descriptor.sql.BasicBinder      : binding parameter [22] as [VARCHAR] - []
2020-06-10 18:11:50.121 TRACE 55751 --- [    Test worker] o.h.type.descriptor.sql.BasicBinder      : binding parameter [23] as [TIMESTAMP] - [null]
2020-06-10 18:11:50.121 TRACE 55751 --- [    Test worker] o.h.type.descriptor.sql.BasicBinder      : binding parameter [24] as [BIGINT] - [null]
2020-06-10 18:11:50.121 TRACE 55751 --- [    Test worker] o.h.type.descriptor.sql.BasicBinder      : binding parameter [25] as [VARCHAR] - [null]
2020-06-10 18:11:50.121 TRACE 55751 --- [    Test worker] o.h.type.descriptor.sql.BasicBinder      : binding parameter [26] as [VARCHAR] - [null]
2020-06-10 18:11:50.121 TRACE 55751 --- [    Test worker] o.h.type.descriptor.sql.BasicBinder      : binding parameter [27] as [VARCHAR] - [null]
2020-06-10 18:11:50.121 TRACE 55751 --- [    Test worker] o.h.type.descriptor.sql.BasicBinder      : binding parameter [28] as [VARCHAR] - [null]
2020-06-10 18:11:50.121 TRACE 55751 --- [    Test worker] o.h.type.descriptor.sql.BasicBinder      : binding parameter [29] as [DATE] - [null]
2020-06-10 18:11:50.121 TRACE 55751 --- [    Test worker] o.h.type.descriptor.sql.BasicBinder      : binding parameter [30] as [VARCHAR] - [null]
Hibernate: 
    insert 
    into
        organisaatio_nimi
        (id, version, alkupvm, nimi_mkt, organisaatio_id, paivittaja) 
    values
        (null, ?, ?, ?, ?, ?)
2020-06-10 18:11:50.121 TRACE 55751 --- [    Test worker] o.h.type.descriptor.sql.BasicBinder      : binding parameter [1] as [BIGINT] - [0]
2020-06-10 18:11:50.121 TRACE 55751 --- [    Test worker] o.h.type.descriptor.sql.BasicBinder      : binding parameter [2] as [DATE] - [Wed Jun 10 18:11:49 EEST 2020]
2020-06-10 18:11:50.121 TRACE 55751 --- [    Test worker] o.h.type.descriptor.sql.BasicBinder      : binding parameter [3] as [BIGINT] - [1054]
2020-06-10 18:11:50.121 TRACE 55751 --- [    Test worker] o.h.type.descriptor.sql.BasicBinder      : binding parameter [4] as [BIGINT] - [35]
2020-06-10 18:11:50.121 TRACE 55751 --- [    Test worker] o.h.type.descriptor.sql.BasicBinder      : binding parameter [5] as [VARCHAR] - [null]
Hibernate: 
    insert 
    into
        yhteystieto
        (id, version, kieli, organisaatio_id, yhteystieto_oid, coordinatetype, extrarivi, lat, lng, maa, osavaltio, osoite, osoite_tyyppi, postinumero, postitoimipaikka, ytjpaivityspvm, dtype) 
    values
        (null, ?, ?, ?, ?, ?, ?, ?, ?, ?, ?, ?, ?, ?, ?, ?, 'Osoite')
2020-06-10 18:11:50.122 TRACE 55751 --- [    Test worker] o.h.type.descriptor.sql.BasicBinder      : binding parameter [1] as [BIGINT] - [0]
2020-06-10 18:11:50.122 TRACE 55751 --- [    Test worker] o.h.type.descriptor.sql.BasicBinder      : binding parameter [2] as [VARCHAR] - [kieli_fi#1]
2020-06-10 18:11:50.122 TRACE 55751 --- [    Test worker] o.h.type.descriptor.sql.BasicBinder      : binding parameter [3] as [BIGINT] - [35]
2020-06-10 18:11:50.122 TRACE 55751 --- [    Test worker] o.h.type.descriptor.sql.BasicBinder      : binding parameter [4] as [VARCHAR] - [1.2.246.562.5.83691755666]
2020-06-10 18:11:50.122 TRACE 55751 --- [    Test worker] o.h.type.descriptor.sql.BasicBinder      : binding parameter [5] as [VARCHAR] - [null]
2020-06-10 18:11:50.122 TRACE 55751 --- [    Test worker] o.h.type.descriptor.sql.BasicBinder      : binding parameter [6] as [VARCHAR] - [null]
2020-06-10 18:11:50.122 TRACE 55751 --- [    Test worker] o.h.type.descriptor.sql.BasicBinder      : binding parameter [7] as [DOUBLE] - [null]
2020-06-10 18:11:50.122 TRACE 55751 --- [    Test worker] o.h.type.descriptor.sql.BasicBinder      : binding parameter [8] as [DOUBLE] - [null]
2020-06-10 18:11:50.122 TRACE 55751 --- [    Test worker] o.h.type.descriptor.sql.BasicBinder      : binding parameter [9] as [VARCHAR] - [null]
2020-06-10 18:11:50.122 TRACE 55751 --- [    Test worker] o.h.type.descriptor.sql.BasicBinder      : binding parameter [10] as [VARCHAR] - [null]
2020-06-10 18:11:50.122 TRACE 55751 --- [    Test worker] o.h.type.descriptor.sql.BasicBinder      : binding parameter [11] as [VARCHAR] - [Postiosoite 1A]
2020-06-10 18:11:50.122 TRACE 55751 --- [    Test worker] o.h.type.descriptor.sql.BasicBinder      : binding parameter [12] as [VARCHAR] - [posti]
2020-06-10 18:11:50.122 TRACE 55751 --- [    Test worker] o.h.type.descriptor.sql.BasicBinder      : binding parameter [13] as [VARCHAR] - [00550]
2020-06-10 18:11:50.122 TRACE 55751 --- [    Test worker] o.h.type.descriptor.sql.BasicBinder      : binding parameter [14] as [VARCHAR] - [Helsinki]
2020-06-10 18:11:50.122 TRACE 55751 --- [    Test worker] o.h.type.descriptor.sql.BasicBinder      : binding parameter [15] as [DATE] - [null]
Hibernate: 
    insert 
    into
        yhteystieto
        (id, version, kieli, organisaatio_id, yhteystieto_oid, coordinatetype, extrarivi, lat, lng, maa, osavaltio, osoite, osoite_tyyppi, postinumero, postitoimipaikka, ytjpaivityspvm, dtype) 
    values
        (null, ?, ?, ?, ?, ?, ?, ?, ?, ?, ?, ?, ?, ?, ?, ?, 'Osoite')
2020-06-10 18:11:50.123 TRACE 55751 --- [    Test worker] o.h.type.descriptor.sql.BasicBinder      : binding parameter [1] as [BIGINT] - [0]
2020-06-10 18:11:50.123 TRACE 55751 --- [    Test worker] o.h.type.descriptor.sql.BasicBinder      : binding parameter [2] as [VARCHAR] - [kieli_fi#1]
2020-06-10 18:11:50.123 TRACE 55751 --- [    Test worker] o.h.type.descriptor.sql.BasicBinder      : binding parameter [3] as [BIGINT] - [35]
2020-06-10 18:11:50.123 TRACE 55751 --- [    Test worker] o.h.type.descriptor.sql.BasicBinder      : binding parameter [4] as [VARCHAR] - [1.2.246.562.5.10470316781]
2020-06-10 18:11:50.123 TRACE 55751 --- [    Test worker] o.h.type.descriptor.sql.BasicBinder      : binding parameter [5] as [VARCHAR] - [null]
2020-06-10 18:11:50.123 TRACE 55751 --- [    Test worker] o.h.type.descriptor.sql.BasicBinder      : binding parameter [6] as [VARCHAR] - [null]
2020-06-10 18:11:50.123 TRACE 55751 --- [    Test worker] o.h.type.descriptor.sql.BasicBinder      : binding parameter [7] as [DOUBLE] - [null]
2020-06-10 18:11:50.123 TRACE 55751 --- [    Test worker] o.h.type.descriptor.sql.BasicBinder      : binding parameter [8] as [DOUBLE] - [null]
2020-06-10 18:11:50.123 TRACE 55751 --- [    Test worker] o.h.type.descriptor.sql.BasicBinder      : binding parameter [9] as [VARCHAR] - [null]
2020-06-10 18:11:50.123 TRACE 55751 --- [    Test worker] o.h.type.descriptor.sql.BasicBinder      : binding parameter [10] as [VARCHAR] - [null]
2020-06-10 18:11:50.123 TRACE 55751 --- [    Test worker] o.h.type.descriptor.sql.BasicBinder      : binding parameter [11] as [VARCHAR] - [Kayntiosoite 2B]
2020-06-10 18:11:50.123 TRACE 55751 --- [    Test worker] o.h.type.descriptor.sql.BasicBinder      : binding parameter [12] as [VARCHAR] - [kaynti]
2020-06-10 18:11:50.123 TRACE 55751 --- [    Test worker] o.h.type.descriptor.sql.BasicBinder      : binding parameter [13] as [VARCHAR] - [posti_00550]
2020-06-10 18:11:50.123 TRACE 55751 --- [    Test worker] o.h.type.descriptor.sql.BasicBinder      : binding parameter [14] as [VARCHAR] - [Helsinki]
2020-06-10 18:11:50.123 TRACE 55751 --- [    Test worker] o.h.type.descriptor.sql.BasicBinder      : binding parameter [15] as [DATE] - [null]
Hibernate: 
    insert 
    into
        yhteystieto
        (id, version, kieli, organisaatio_id, yhteystieto_oid, email, dtype) 
    values
        (null, ?, ?, ?, ?, ?, 'Email')
2020-06-10 18:11:50.124 TRACE 55751 --- [    Test worker] o.h.type.descriptor.sql.BasicBinder      : binding parameter [1] as [BIGINT] - [0]
2020-06-10 18:11:50.124 TRACE 55751 --- [    Test worker] o.h.type.descriptor.sql.BasicBinder      : binding parameter [2] as [VARCHAR] - [kieli_fi#1]
2020-06-10 18:11:50.124 TRACE 55751 --- [    Test worker] o.h.type.descriptor.sql.BasicBinder      : binding parameter [3] as [BIGINT] - [35]
2020-06-10 18:11:50.124 TRACE 55751 --- [    Test worker] o.h.type.descriptor.sql.BasicBinder      : binding parameter [4] as [VARCHAR] - [15918019097380.4755305331048829]
2020-06-10 18:11:50.124 TRACE 55751 --- [    Test worker] o.h.type.descriptor.sql.BasicBinder      : binding parameter [5] as [VARCHAR] - [asd@asd.asd]
Hibernate: 
    insert 
    into
        yhteystieto
        (id, version, kieli, organisaatio_id, yhteystieto_oid, www_osoite, dtype) 
    values
        (null, ?, ?, ?, ?, ?, 'Www')
2020-06-10 18:11:50.124 TRACE 55751 --- [    Test worker] o.h.type.descriptor.sql.BasicBinder      : binding parameter [1] as [BIGINT] - [0]
2020-06-10 18:11:50.124 TRACE 55751 --- [    Test worker] o.h.type.descriptor.sql.BasicBinder      : binding parameter [2] as [VARCHAR] - [kieli_fi#1]
2020-06-10 18:11:50.124 TRACE 55751 --- [    Test worker] o.h.type.descriptor.sql.BasicBinder      : binding parameter [3] as [BIGINT] - [35]
2020-06-10 18:11:50.124 TRACE 55751 --- [    Test worker] o.h.type.descriptor.sql.BasicBinder      : binding parameter [4] as [VARCHAR] - [15918019097380.9746045362552723]
2020-06-10 18:11:50.124 TRACE 55751 --- [    Test worker] o.h.type.descriptor.sql.BasicBinder      : binding parameter [5] as [VARCHAR] - [http://test.oph.fi]
Hibernate: 
    insert 
    into
        yhteystieto
        (id, version, kieli, organisaatio_id, yhteystieto_oid, puhelinnumero, tyyppi, dtype) 
    values
        (null, ?, ?, ?, ?, ?, ?, 'Puhelinnumero')
2020-06-10 18:11:50.125 TRACE 55751 --- [    Test worker] o.h.type.descriptor.sql.BasicBinder      : binding parameter [1] as [BIGINT] - [0]
2020-06-10 18:11:50.125 TRACE 55751 --- [    Test worker] o.h.type.descriptor.sql.BasicBinder      : binding parameter [2] as [VARCHAR] - [kieli_fi#1]
2020-06-10 18:11:50.125 TRACE 55751 --- [    Test worker] o.h.type.descriptor.sql.BasicBinder      : binding parameter [3] as [BIGINT] - [35]
2020-06-10 18:11:50.125 TRACE 55751 --- [    Test worker] o.h.type.descriptor.sql.BasicBinder      : binding parameter [4] as [VARCHAR] - [1.2.246.562.5.82387329721]
2020-06-10 18:11:50.125 TRACE 55751 --- [    Test worker] o.h.type.descriptor.sql.BasicBinder      : binding parameter [5] as [VARCHAR] - [123]
2020-06-10 18:11:50.125 TRACE 55751 --- [    Test worker] o.h.type.descriptor.sql.BasicBinder      : binding parameter [6] as [VARCHAR] - [puhelin]
Hibernate: 
    update
        organisaatio 
    set
        version=?,
        alkupvm=?,
        domainnimi=?,
        kotipaikka=?,
        kuvaus_mkt=?,
        lakkautuspvm=?,
        maa=?,
        metadata_id=?,
        nimi_mkt=?,
        nimihaku=?,
        oid=?,
        opetuspisteenjarjnro=?,
        oppilaitoskoodi=?,
        oppilaitos_tyyppi=?,
        organisaatio_poistettu=?,
        paivittaja=?,
        paivityspvm=?,
        parentidpath=?,
        parentoidpath=?,
        piilotettu=?,
        tarkastus_pvm=?,
        toimipistekoodi=?,
        tuontipvm=?,
        varhaiskasvatuksen_toimipaikka_tiedot_id=?,
        virastotunnus=?,
        yhteishaunkoulukoodi=?,
        yritysmuoto=?,
        ytj_kieli=?,
        ytjpaivityspvm=?,
        ytunnus=? 
    where
        id=? 
        and version=?
2020-06-10 18:11:50.126 TRACE 55751 --- [    Test worker] o.h.type.descriptor.sql.BasicBinder      : binding parameter [1] as [BIGINT] - [1]
2020-06-10 18:11:50.126 TRACE 55751 --- [    Test worker] o.h.type.descriptor.sql.BasicBinder      : binding parameter [2] as [DATE] - [Fri Dec 31 00:00:00 EET 1999]
2020-06-10 18:11:50.126 TRACE 55751 --- [    Test worker] o.h.type.descriptor.sql.BasicBinder      : binding parameter [3] as [VARCHAR] - [null]
2020-06-10 18:11:50.126 TRACE 55751 --- [    Test worker] o.h.type.descriptor.sql.BasicBinder      : binding parameter [4] as [VARCHAR] - [kunta_092]
2020-06-10 18:11:50.126 TRACE 55751 --- [    Test worker] o.h.type.descriptor.sql.BasicBinder      : binding parameter [5] as [BIGINT] - [1053]
2020-06-10 18:11:50.126 TRACE 55751 --- [    Test worker] o.h.type.descriptor.sql.BasicBinder      : binding parameter [6] as [DATE] - [null]
2020-06-10 18:11:50.126 TRACE 55751 --- [    Test worker] o.h.type.descriptor.sql.BasicBinder      : binding parameter [7] as [VARCHAR] - [maatjavaltiot1_fin]
2020-06-10 18:11:50.126 TRACE 55751 --- [    Test worker] o.h.type.descriptor.sql.BasicBinder      : binding parameter [8] as [BIGINT] - [null]
2020-06-10 18:11:50.126 TRACE 55751 --- [    Test worker] o.h.type.descriptor.sql.BasicBinder      : binding parameter [9] as [BIGINT] - [1054]
2020-06-10 18:11:50.126 TRACE 55751 --- [    Test worker] o.h.type.descriptor.sql.BasicBinder      : binding parameter [10] as [VARCHAR] - [,koulutustoimija1]
2020-06-10 18:11:50.126 TRACE 55751 --- [    Test worker] o.h.type.descriptor.sql.BasicBinder      : binding parameter [11] as [VARCHAR] - [1.2.246.562.10.11690556837]
2020-06-10 18:11:50.126 TRACE 55751 --- [    Test worker] o.h.type.descriptor.sql.BasicBinder      : binding parameter [12] as [VARCHAR] - [null]
2020-06-10 18:11:50.126 TRACE 55751 --- [    Test worker] o.h.type.descriptor.sql.BasicBinder      : binding parameter [13] as [VARCHAR] - [null]
2020-06-10 18:11:50.126 TRACE 55751 --- [    Test worker] o.h.type.descriptor.sql.BasicBinder      : binding parameter [14] as [VARCHAR] - [null]
2020-06-10 18:11:50.126 TRACE 55751 --- [    Test worker] o.h.type.descriptor.sql.BasicBinder      : binding parameter [15] as [BOOLEAN] - [false]
2020-06-10 18:11:50.126 TRACE 55751 --- [    Test worker] o.h.type.descriptor.sql.BasicBinder      : binding parameter [16] as [VARCHAR] - [ophadmin]
2020-06-10 18:11:50.126 TRACE 55751 --- [    Test worker] o.h.type.descriptor.sql.BasicBinder      : binding parameter [17] as [TIMESTAMP] - [Wed Jun 10 18:11:50 EEST 2020]
2020-06-10 18:11:50.126 TRACE 55751 --- [    Test worker] o.h.type.descriptor.sql.BasicBinder      : binding parameter [18] as [VARCHAR] - [|1|]
2020-06-10 18:11:50.126 TRACE 55751 --- [    Test worker] o.h.type.descriptor.sql.BasicBinder      : binding parameter [19] as [VARCHAR] - [|1.2.246.562.24.00000000001|]
2020-06-10 18:11:50.126 TRACE 55751 --- [    Test worker] o.h.type.descriptor.sql.BasicBinder      : binding parameter [20] as [BOOLEAN] - [false]
2020-06-10 18:11:50.126 TRACE 55751 --- [    Test worker] o.h.type.descriptor.sql.BasicBinder      : binding parameter [21] as [TIMESTAMP] - [null]
2020-06-10 18:11:50.126 TRACE 55751 --- [    Test worker] o.h.type.descriptor.sql.BasicBinder      : binding parameter [22] as [VARCHAR] - []
2020-06-10 18:11:50.126 TRACE 55751 --- [    Test worker] o.h.type.descriptor.sql.BasicBinder      : binding parameter [23] as [TIMESTAMP] - [null]
2020-06-10 18:11:50.126 TRACE 55751 --- [    Test worker] o.h.type.descriptor.sql.BasicBinder      : binding parameter [24] as [BIGINT] - [null]
2020-06-10 18:11:50.126 TRACE 55751 --- [    Test worker] o.h.type.descriptor.sql.BasicBinder      : binding parameter [25] as [VARCHAR] - [null]
2020-06-10 18:11:50.126 TRACE 55751 --- [    Test worker] o.h.type.descriptor.sql.BasicBinder      : binding parameter [26] as [VARCHAR] - [null]
2020-06-10 18:11:50.126 TRACE 55751 --- [    Test worker] o.h.type.descriptor.sql.BasicBinder      : binding parameter [27] as [VARCHAR] - [null]
2020-06-10 18:11:50.126 TRACE 55751 --- [    Test worker] o.h.type.descriptor.sql.BasicBinder      : binding parameter [28] as [VARCHAR] - [null]
2020-06-10 18:11:50.126 TRACE 55751 --- [    Test worker] o.h.type.descriptor.sql.BasicBinder      : binding parameter [29] as [DATE] - [null]
2020-06-10 18:11:50.126 TRACE 55751 --- [    Test worker] o.h.type.descriptor.sql.BasicBinder      : binding parameter [30] as [VARCHAR] - [null]
2020-06-10 18:11:50.126 TRACE 55751 --- [    Test worker] o.h.type.descriptor.sql.BasicBinder      : binding parameter [31] as [BIGINT] - [35]
2020-06-10 18:11:50.126 TRACE 55751 --- [    Test worker] o.h.type.descriptor.sql.BasicBinder      : binding parameter [32] as [BIGINT] - [0]
Hibernate: 
    insert 
    into
        organisaatio_kielet
        (organisaatio_id, kielet) 
    values
        (?, ?)
2020-06-10 18:11:50.127 TRACE 55751 --- [    Test worker] o.h.type.descriptor.sql.BasicBinder      : binding parameter [1] as [BIGINT] - [35]
2020-06-10 18:11:50.127 TRACE 55751 --- [    Test worker] o.h.type.descriptor.sql.BasicBinder      : binding parameter [2] as [VARCHAR] - [oppilaitoksenopetuskieli_1#1]
Hibernate: 
    insert 
    into
        organisaatio_tyypit
        (organisaatio_id, tyypit) 
    values
        (?, ?)
2020-06-10 18:11:50.127 TRACE 55751 --- [    Test worker] o.h.type.descriptor.sql.BasicBinder      : binding parameter [1] as [BIGINT] - [35]
2020-06-10 18:11:50.127 TRACE 55751 --- [    Test worker] o.h.type.descriptor.sql.BasicBinder      : binding parameter [2] as [VARCHAR] - [organisaatiotyyppi_01]
Hibernate: 
    insert 
    into
        monikielinen_teksti_values
        (id, key, value) 
    values
        (?, ?, ?)
2020-06-10 18:11:50.127 TRACE 55751 --- [    Test worker] o.h.type.descriptor.sql.BasicBinder      : binding parameter [1] as [BIGINT] - [1054]
2020-06-10 18:11:50.127 TRACE 55751 --- [    Test worker] o.h.type.descriptor.sql.BasicBinder      : binding parameter [2] as [VARCHAR] - [fi]
2020-06-10 18:11:50.127 TRACE 55751 --- [    Test worker] o.h.type.descriptor.sql.BasicBinder      : binding parameter [3] as [VARCHAR] - [koulutustoimija1]
Hibernate: 
    select
        organisaat0_.id as id1_5_,
        organisaat0_.version as version2_5_,
        organisaat0_.alkupvm as alkupvm3_5_,
        organisaat0_.domainnimi as domainni4_5_,
        organisaat0_.kotipaikka as kotipaik5_5_,
        organisaat0_.kuvaus_mkt as kuvaus_28_5_,
        organisaat0_.lakkautuspvm as lakkautu6_5_,
        organisaat0_.maa as maa7_5_,
        organisaat0_.metadata_id as metadat29_5_,
        organisaat0_.nimi_mkt as nimi_mk30_5_,
        organisaat0_.nimihaku as nimihaku8_5_,
        organisaat0_.oid as oid9_5_,
        organisaat0_.opetuspisteenjarjnro as opetusp10_5_,
        organisaat0_.oppilaitoskoodi as oppilai11_5_,
        organisaat0_.oppilaitos_tyyppi as oppilai12_5_,
        organisaat0_.organisaatio_poistettu as organis13_5_,
        organisaat0_.paivittaja as paivitt14_5_,
        organisaat0_.paivityspvm as paivity15_5_,
        organisaat0_.parentidpath as parenti16_5_,
        organisaat0_.parentoidpath as parento17_5_,
        organisaat0_.piilotettu as piilote18_5_,
        organisaat0_.tarkastus_pvm as tarkast19_5_,
        organisaat0_.toimipistekoodi as toimipi20_5_,
        organisaat0_.tuontipvm as tuontip21_5_,
        organisaat0_.varhaiskasvatuksen_toimipaikka_tiedot_id as varhais31_5_,
        organisaat0_.virastotunnus as virasto22_5_,
        organisaat0_.yhteishaunkoulukoodi as yhteish23_5_,
        organisaat0_.yritysmuoto as yritysm24_5_,
        organisaat0_.ytj_kieli as ytj_kie25_5_,
        organisaat0_.ytjpaivityspvm as ytjpaiv26_5_,
        organisaat0_.ytunnus as ytunnus27_5_ 
    from
        organisaatio organisaat0_ 
    where
        organisaat0_.oid=?
2020-06-10 18:11:50.127 TRACE 55751 --- [    Test worker] o.h.type.descriptor.sql.BasicBinder      : binding parameter [1] as [VARCHAR] - [1.2.246.562.24.00000000001]
2020-06-10 18:11:50.128 TRACE 55751 --- [    Test worker] o.h.type.descriptor.sql.BasicExtractor   : extracted value ([id1_5_] : [BIGINT]) - [1]
2020-06-10 18:11:50.128  INFO 55751 --- [    Test worker] .s.o.r.i.OrganisaatioSuhdeRepositoryImpl : findParentTo(35, Wed Jun 10 18:11:50 EEST 2020)
Hibernate: 
    select
        organisaat0_.id as id1_19_0_,
        organisaat1_.id as id1_5_1_,
        organisaat0_.version as version2_19_0_,
        organisaat0_.alkupvm as alkupvm3_19_0_,
        organisaat0_.child_id as child_id7_19_0_,
        organisaat0_.loppupvm as loppupvm4_19_0_,
        organisaat0_.opetuspisteenjarjnro as opetuspi5_19_0_,
        organisaat0_.parent_id as parent_i8_19_0_,
        organisaat0_.suhdetyyppi as suhdetyy6_19_0_,
        organisaat1_.version as version2_5_1_,
        organisaat1_.alkupvm as alkupvm3_5_1_,
        organisaat1_.domainnimi as domainni4_5_1_,
        organisaat1_.kotipaikka as kotipaik5_5_1_,
        organisaat1_.kuvaus_mkt as kuvaus_28_5_1_,
        organisaat1_.lakkautuspvm as lakkautu6_5_1_,
        organisaat1_.maa as maa7_5_1_,
        organisaat1_.metadata_id as metadat29_5_1_,
        organisaat1_.nimi_mkt as nimi_mk30_5_1_,
        organisaat1_.nimihaku as nimihaku8_5_1_,
        organisaat1_.oid as oid9_5_1_,
        organisaat1_.opetuspisteenjarjnro as opetusp10_5_1_,
        organisaat1_.oppilaitoskoodi as oppilai11_5_1_,
        organisaat1_.oppilaitos_tyyppi as oppilai12_5_1_,
        organisaat1_.organisaatio_poistettu as organis13_5_1_,
        organisaat1_.paivittaja as paivitt14_5_1_,
        organisaat1_.paivityspvm as paivity15_5_1_,
        organisaat1_.parentidpath as parenti16_5_1_,
        organisaat1_.parentoidpath as parento17_5_1_,
        organisaat1_.piilotettu as piilote18_5_1_,
        organisaat1_.tarkastus_pvm as tarkast19_5_1_,
        organisaat1_.toimipistekoodi as toimipi20_5_1_,
        organisaat1_.tuontipvm as tuontip21_5_1_,
        organisaat1_.varhaiskasvatuksen_toimipaikka_tiedot_id as varhais31_5_1_,
        organisaat1_.virastotunnus as virasto22_5_1_,
        organisaat1_.yhteishaunkoulukoodi as yhteish23_5_1_,
        organisaat1_.yritysmuoto as yritysm24_5_1_,
        organisaat1_.ytj_kieli as ytj_kie25_5_1_,
        organisaat1_.ytjpaivityspvm as ytjpaiv26_5_1_,
        organisaat1_.ytunnus as ytunnus27_5_1_ 
    from
        organisaatiosuhde organisaat0_ 
    inner join
        organisaatio organisaat1_ 
            on organisaat0_.parent_id=organisaat1_.id 
    where
        organisaat0_.child_id=? 
        and organisaat0_.suhdetyyppi=? 
        and (
            organisaat0_.alkupvm=? 
            or organisaat0_.alkupvm<?
        ) 
        and (
            organisaat0_.loppupvm is null 
            or organisaat0_.loppupvm>?
        ) 
        and organisaat1_.organisaatio_poistettu=? 
    order by
        organisaat0_.alkupvm desc
2020-06-10 18:11:50.129 TRACE 55751 --- [    Test worker] o.h.type.descriptor.sql.BasicBinder      : binding parameter [1] as [BIGINT] - [35]
2020-06-10 18:11:50.129 TRACE 55751 --- [    Test worker] o.h.type.descriptor.sql.BasicBinder      : binding parameter [2] as [VARCHAR] - [HISTORIA]
2020-06-10 18:11:50.129 TRACE 55751 --- [    Test worker] o.h.type.descriptor.sql.BasicBinder      : binding parameter [3] as [DATE] - [Wed Jun 10 18:11:50 EEST 2020]
2020-06-10 18:11:50.129 TRACE 55751 --- [    Test worker] o.h.type.descriptor.sql.BasicBinder      : binding parameter [4] as [DATE] - [Wed Jun 10 18:11:50 EEST 2020]
2020-06-10 18:11:50.129 TRACE 55751 --- [    Test worker] o.h.type.descriptor.sql.BasicBinder      : binding parameter [5] as [DATE] - [Wed Jun 10 18:11:50 EEST 2020]
2020-06-10 18:11:50.129 TRACE 55751 --- [    Test worker] o.h.type.descriptor.sql.BasicBinder      : binding parameter [6] as [BOOLEAN] - [false]
2020-06-10 18:11:50.129  INFO 55751 --- [    Test worker] .s.o.r.i.OrganisaatioSuhdeRepositoryImpl : addChild(1, 35, Wed Jun 10 18:11:50 EEST 2020)
Hibernate: 
    insert 
    into
        organisaatiosuhde
        (id, version, alkupvm, child_id, loppupvm, opetuspisteenjarjnro, parent_id, suhdetyyppi) 
    values
        (null, ?, ?, ?, ?, ?, ?, ?)
2020-06-10 18:11:50.130 TRACE 55751 --- [    Test worker] o.h.type.descriptor.sql.BasicBinder      : binding parameter [1] as [BIGINT] - [0]
2020-06-10 18:11:50.130 TRACE 55751 --- [    Test worker] o.h.type.descriptor.sql.BasicBinder      : binding parameter [2] as [DATE] - [Wed Jun 10 18:11:50 EEST 2020]
2020-06-10 18:11:50.130 TRACE 55751 --- [    Test worker] o.h.type.descriptor.sql.BasicBinder      : binding parameter [3] as [BIGINT] - [35]
2020-06-10 18:11:50.130 TRACE 55751 --- [    Test worker] o.h.type.descriptor.sql.BasicBinder      : binding parameter [4] as [DATE] - [null]
2020-06-10 18:11:50.130 TRACE 55751 --- [    Test worker] o.h.type.descriptor.sql.BasicBinder      : binding parameter [5] as [VARCHAR] - [null]
2020-06-10 18:11:50.130 TRACE 55751 --- [    Test worker] o.h.type.descriptor.sql.BasicBinder      : binding parameter [6] as [BIGINT] - [1]
2020-06-10 18:11:50.130 TRACE 55751 --- [    Test worker] o.h.type.descriptor.sql.BasicBinder      : binding parameter [7] as [VARCHAR] - [HISTORIA]
2020-06-10 18:11:50.130  INFO 55751 --- [    Test worker] .s.o.r.i.OrganisaatioSuhdeRepositoryImpl :     Created new child relation:  --> pId=1, cId=35, aPvm=Wed Jun 10 18:11:50 EEST 2020, lPvm=null
Hibernate: 
    select
        organisaat0_.id as id1_19_,
        organisaat0_.version as version2_19_,
        organisaat0_.alkupvm as alkupvm3_19_,
        organisaat0_.child_id as child_id7_19_,
        organisaat0_.loppupvm as loppupvm4_19_,
        organisaat0_.opetuspisteenjarjnro as opetuspi5_19_,
        organisaat0_.parent_id as parent_i8_19_,
        organisaat0_.suhdetyyppi as suhdetyy6_19_ 
    from
        organisaatiosuhde organisaat0_ 
    where
        organisaat0_.child_id=?
2020-06-10 18:11:50.131 TRACE 55751 --- [    Test worker] o.h.type.descriptor.sql.BasicBinder      : binding parameter [1] as [BIGINT] - [35]
2020-06-10 18:11:50.131 TRACE 55751 --- [    Test worker] o.h.type.descriptor.sql.BasicExtractor   : extracted value ([id1_19_] : [BIGINT]) - [39]
Hibernate: 
    select
        organisaat0_.id as id1_5_,
        organisaat0_.version as version2_5_,
        organisaat0_.alkupvm as alkupvm3_5_,
        organisaat0_.domainnimi as domainni4_5_,
        organisaat0_.kotipaikka as kotipaik5_5_,
        organisaat0_.kuvaus_mkt as kuvaus_28_5_,
        organisaat0_.lakkautuspvm as lakkautu6_5_,
        organisaat0_.maa as maa7_5_,
        organisaat0_.metadata_id as metadat29_5_,
        organisaat0_.nimi_mkt as nimi_mk30_5_,
        organisaat0_.nimihaku as nimihaku8_5_,
        organisaat0_.oid as oid9_5_,
        organisaat0_.opetuspisteenjarjnro as opetusp10_5_,
        organisaat0_.oppilaitoskoodi as oppilai11_5_,
        organisaat0_.oppilaitos_tyyppi as oppilai12_5_,
        organisaat0_.organisaatio_poistettu as organis13_5_,
        organisaat0_.paivittaja as paivitt14_5_,
        organisaat0_.paivityspvm as paivity15_5_,
        organisaat0_.parentidpath as parenti16_5_,
        organisaat0_.parentoidpath as parento17_5_,
        organisaat0_.piilotettu as piilote18_5_,
        organisaat0_.tarkastus_pvm as tarkast19_5_,
        organisaat0_.toimipistekoodi as toimipi20_5_,
        organisaat0_.tuontipvm as tuontip21_5_,
        organisaat0_.varhaiskasvatuksen_toimipaikka_tiedot_id as varhais31_5_,
        organisaat0_.virastotunnus as virasto22_5_,
        organisaat0_.yhteishaunkoulukoodi as yhteish23_5_,
        organisaat0_.yritysmuoto as yritysm24_5_,
        organisaat0_.ytj_kieli as ytj_kie25_5_,
        organisaat0_.ytjpaivityspvm as ytjpaiv26_5_,
        organisaat0_.ytunnus as ytunnus27_5_ 
    from
        organisaatio organisaat0_ 
    where
        organisaat0_.oid=?
2020-06-10 18:11:50.132 TRACE 55751 --- [    Test worker] o.h.type.descriptor.sql.BasicBinder      : binding parameter [1] as [VARCHAR] - [1.2.246.562.10.11690556837]
2020-06-10 18:11:50.133 TRACE 55751 --- [    Test worker] o.h.type.descriptor.sql.BasicExtractor   : extracted value ([id1_5_] : [BIGINT]) - [35]
Hibernate: 
    select
        organisaat0_.id as id1_5_,
        organisaat0_.version as version2_5_,
        organisaat0_.alkupvm as alkupvm3_5_,
        organisaat0_.domainnimi as domainni4_5_,
        organisaat0_.kotipaikka as kotipaik5_5_,
        organisaat0_.kuvaus_mkt as kuvaus_28_5_,
        organisaat0_.lakkautuspvm as lakkautu6_5_,
        organisaat0_.maa as maa7_5_,
        organisaat0_.metadata_id as metadat29_5_,
        organisaat0_.nimi_mkt as nimi_mk30_5_,
        organisaat0_.nimihaku as nimihaku8_5_,
        organisaat0_.oid as oid9_5_,
        organisaat0_.opetuspisteenjarjnro as opetusp10_5_,
        organisaat0_.oppilaitoskoodi as oppilai11_5_,
        organisaat0_.oppilaitos_tyyppi as oppilai12_5_,
        organisaat0_.organisaatio_poistettu as organis13_5_,
        organisaat0_.paivittaja as paivitt14_5_,
        organisaat0_.paivityspvm as paivity15_5_,
        organisaat0_.parentidpath as parenti16_5_,
        organisaat0_.parentoidpath as parento17_5_,
        organisaat0_.piilotettu as piilote18_5_,
        organisaat0_.tarkastus_pvm as tarkast19_5_,
        organisaat0_.toimipistekoodi as toimipi20_5_,
        organisaat0_.tuontipvm as tuontip21_5_,
        organisaat0_.varhaiskasvatuksen_toimipaikka_tiedot_id as varhais31_5_,
        organisaat0_.virastotunnus as virasto22_5_,
        organisaat0_.yhteishaunkoulukoodi as yhteish23_5_,
        organisaat0_.yritysmuoto as yritysm24_5_,
        organisaat0_.ytj_kieli as ytj_kie25_5_,
        organisaat0_.ytjpaivityspvm as ytjpaiv26_5_,
        organisaat0_.ytunnus as ytunnus27_5_ 
    from
        organisaatio organisaat0_ 
    where
        organisaat0_.oid=?
2020-06-10 18:11:50.134 TRACE 55751 --- [    Test worker] o.h.type.descriptor.sql.BasicBinder      : binding parameter [1] as [VARCHAR] - [1.2.246.562.10.37683350491]
Hibernate: 
    select
        organisaat0_.id as id1_5_,
        organisaat0_.version as version2_5_,
        organisaat0_.alkupvm as alkupvm3_5_,
        organisaat0_.domainnimi as domainni4_5_,
        organisaat0_.kotipaikka as kotipaik5_5_,
        organisaat0_.kuvaus_mkt as kuvaus_28_5_,
        organisaat0_.lakkautuspvm as lakkautu6_5_,
        organisaat0_.maa as maa7_5_,
        organisaat0_.metadata_id as metadat29_5_,
        organisaat0_.nimi_mkt as nimi_mk30_5_,
        organisaat0_.nimihaku as nimihaku8_5_,
        organisaat0_.oid as oid9_5_,
        organisaat0_.opetuspisteenjarjnro as opetusp10_5_,
        organisaat0_.oppilaitoskoodi as oppilai11_5_,
        organisaat0_.oppilaitos_tyyppi as oppilai12_5_,
        organisaat0_.organisaatio_poistettu as organis13_5_,
        organisaat0_.paivittaja as paivitt14_5_,
        organisaat0_.paivityspvm as paivity15_5_,
        organisaat0_.parentidpath as parenti16_5_,
        organisaat0_.parentoidpath as parento17_5_,
        organisaat0_.piilotettu as piilote18_5_,
        organisaat0_.tarkastus_pvm as tarkast19_5_,
        organisaat0_.toimipistekoodi as toimipi20_5_,
        organisaat0_.tuontipvm as tuontip21_5_,
        organisaat0_.varhaiskasvatuksen_toimipaikka_tiedot_id as varhais31_5_,
        organisaat0_.virastotunnus as virasto22_5_,
        organisaat0_.yhteishaunkoulukoodi as yhteish23_5_,
        organisaat0_.yritysmuoto as yritysm24_5_,
        organisaat0_.ytj_kieli as ytj_kie25_5_,
        organisaat0_.ytjpaivityspvm as ytjpaiv26_5_,
        organisaat0_.ytunnus as ytunnus27_5_ 
    from
        organisaatio organisaat0_ 
    where
        organisaat0_.oppilaitoskoodi=?
2020-06-10 18:11:50.135 TRACE 55751 --- [    Test worker] o.h.type.descriptor.sql.BasicBinder      : binding parameter [1] as [VARCHAR] - [oppilaitoskoodi]
Hibernate: 
    select
        organisaat0_.id as id1_5_,
        organisaat0_.version as version2_5_,
        organisaat0_.alkupvm as alkupvm3_5_,
        organisaat0_.domainnimi as domainni4_5_,
        organisaat0_.kotipaikka as kotipaik5_5_,
        organisaat0_.kuvaus_mkt as kuvaus_28_5_,
        organisaat0_.lakkautuspvm as lakkautu6_5_,
        organisaat0_.maa as maa7_5_,
        organisaat0_.metadata_id as metadat29_5_,
        organisaat0_.nimi_mkt as nimi_mk30_5_,
        organisaat0_.nimihaku as nimihaku8_5_,
        organisaat0_.oid as oid9_5_,
        organisaat0_.opetuspisteenjarjnro as opetusp10_5_,
        organisaat0_.oppilaitoskoodi as oppilai11_5_,
        organisaat0_.oppilaitos_tyyppi as oppilai12_5_,
        organisaat0_.organisaatio_poistettu as organis13_5_,
        organisaat0_.paivittaja as paivitt14_5_,
        organisaat0_.paivityspvm as paivity15_5_,
        organisaat0_.parentidpath as parenti16_5_,
        organisaat0_.parentoidpath as parento17_5_,
        organisaat0_.piilotettu as piilote18_5_,
        organisaat0_.tarkastus_pvm as tarkast19_5_,
        organisaat0_.toimipistekoodi as toimipi20_5_,
        organisaat0_.tuontipvm as tuontip21_5_,
        organisaat0_.varhaiskasvatuksen_toimipaikka_tiedot_id as varhais31_5_,
        organisaat0_.virastotunnus as virasto22_5_,
        organisaat0_.yhteishaunkoulukoodi as yhteish23_5_,
        organisaat0_.yritysmuoto as yritysm24_5_,
        organisaat0_.ytj_kieli as ytj_kie25_5_,
        organisaat0_.ytjpaivityspvm as ytjpaiv26_5_,
        organisaat0_.ytunnus as ytunnus27_5_ 
    from
        organisaatio organisaat0_ 
    where
        organisaat0_.oid=?
2020-06-10 18:11:50.136 TRACE 55751 --- [    Test worker] o.h.type.descriptor.sql.BasicBinder      : binding parameter [1] as [VARCHAR] - [1.2.246.562.10.11690556837]
2020-06-10 18:11:50.136 TRACE 55751 --- [    Test worker] o.h.type.descriptor.sql.BasicExtractor   : extracted value ([id1_5_] : [BIGINT]) - [35]
2020-06-10 18:11:50.376  WARN 55751 --- [    Test worker] fi.vm.sade.javautils.http.OphHttpClient  : Failed to CAS authenticate. Renewing proxy ticket.
Hibernate: 
    select
        organisaat0_.id as id1_5_,
        organisaat0_.version as version2_5_,
        organisaat0_.alkupvm as alkupvm3_5_,
        organisaat0_.domainnimi as domainni4_5_,
        organisaat0_.kotipaikka as kotipaik5_5_,
        organisaat0_.kuvaus_mkt as kuvaus_28_5_,
        organisaat0_.lakkautuspvm as lakkautu6_5_,
        organisaat0_.maa as maa7_5_,
        organisaat0_.metadata_id as metadat29_5_,
        organisaat0_.nimi_mkt as nimi_mk30_5_,
        organisaat0_.nimihaku as nimihaku8_5_,
        organisaat0_.oid as oid9_5_,
        organisaat0_.opetuspisteenjarjnro as opetusp10_5_,
        organisaat0_.oppilaitoskoodi as oppilai11_5_,
        organisaat0_.oppilaitos_tyyppi as oppilai12_5_,
        organisaat0_.organisaatio_poistettu as organis13_5_,
        organisaat0_.paivittaja as paivitt14_5_,
        organisaat0_.paivityspvm as paivity15_5_,
        organisaat0_.parentidpath as parenti16_5_,
        organisaat0_.parentoidpath as parento17_5_,
        organisaat0_.piilotettu as piilote18_5_,
        organisaat0_.tarkastus_pvm as tarkast19_5_,
        organisaat0_.toimipistekoodi as toimipi20_5_,
        organisaat0_.tuontipvm as tuontip21_5_,
        organisaat0_.varhaiskasvatuksen_toimipaikka_tiedot_id as varhais31_5_,
        organisaat0_.virastotunnus as virasto22_5_,
        organisaat0_.yhteishaunkoulukoodi as yhteish23_5_,
        organisaat0_.yritysmuoto as yritysm24_5_,
        organisaat0_.ytj_kieli as ytj_kie25_5_,
        organisaat0_.ytjpaivityspvm as ytjpaiv26_5_,
        organisaat0_.ytunnus as ytunnus27_5_ 
    from
        organisaatio organisaat0_ 
    where
        organisaat0_.oid=?
2020-06-10 18:11:50.491 TRACE 55751 --- [    Test worker] o.h.type.descriptor.sql.BasicBinder      : binding parameter [1] as [VARCHAR] - [1.2.246.562.10.11690556837]
2020-06-10 18:11:50.491 TRACE 55751 --- [    Test worker] o.h.type.descriptor.sql.BasicExtractor   : extracted value ([id1_5_] : [BIGINT]) - [35]
Hibernate: 
    select
        organisaat0_.id as id1_5_,
        organisaat0_.version as version2_5_,
        organisaat0_.alkupvm as alkupvm3_5_,
        organisaat0_.domainnimi as domainni4_5_,
        organisaat0_.kotipaikka as kotipaik5_5_,
        organisaat0_.kuvaus_mkt as kuvaus_28_5_,
        organisaat0_.lakkautuspvm as lakkautu6_5_,
        organisaat0_.maa as maa7_5_,
        organisaat0_.metadata_id as metadat29_5_,
        organisaat0_.nimi_mkt as nimi_mk30_5_,
        organisaat0_.nimihaku as nimihaku8_5_,
        organisaat0_.oid as oid9_5_,
        organisaat0_.opetuspisteenjarjnro as opetusp10_5_,
        organisaat0_.oppilaitoskoodi as oppilai11_5_,
        organisaat0_.oppilaitos_tyyppi as oppilai12_5_,
        organisaat0_.organisaatio_poistettu as organis13_5_,
        organisaat0_.paivittaja as paivitt14_5_,
        organisaat0_.paivityspvm as paivity15_5_,
        organisaat0_.parentidpath as parenti16_5_,
        organisaat0_.parentoidpath as parento17_5_,
        organisaat0_.piilotettu as piilote18_5_,
        organisaat0_.tarkastus_pvm as tarkast19_5_,
        organisaat0_.toimipistekoodi as toimipi20_5_,
        organisaat0_.tuontipvm as tuontip21_5_,
        organisaat0_.varhaiskasvatuksen_toimipaikka_tiedot_id as varhais31_5_,
        organisaat0_.virastotunnus as virasto22_5_,
        organisaat0_.yhteishaunkoulukoodi as yhteish23_5_,
        organisaat0_.yritysmuoto as yritysm24_5_,
        organisaat0_.ytj_kieli as ytj_kie25_5_,
        organisaat0_.ytjpaivityspvm as ytjpaiv26_5_,
        organisaat0_.ytunnus as ytunnus27_5_ 
    from
        organisaatio organisaat0_ 
    where
        organisaat0_.oid=?
2020-06-10 18:11:50.492 TRACE 55751 --- [    Test worker] o.h.type.descriptor.sql.BasicBinder      : binding parameter [1] as [VARCHAR] - [1.2.246.562.10.11690556837]
2020-06-10 18:11:50.492 TRACE 55751 --- [    Test worker] o.h.type.descriptor.sql.BasicExtractor   : extracted value ([id1_5_] : [BIGINT]) - [35]
Hibernate: 
    insert 
    into
        monikielinen_teksti
        (id, version) 
    values
        (null, ?)
2020-06-10 18:11:50.493 TRACE 55751 --- [    Test worker] o.h.type.descriptor.sql.BasicBinder      : binding parameter [1] as [BIGINT] - [0]
Hibernate: 
    insert 
    into
        monikielinen_teksti
        (id, version) 
    values
        (null, ?)
2020-06-10 18:11:50.494 TRACE 55751 --- [    Test worker] o.h.type.descriptor.sql.BasicBinder      : binding parameter [1] as [BIGINT] - [0]
Hibernate: 
    insert 
    into
        organisaatio
        (id, version, alkupvm, domainnimi, kotipaikka, kuvaus_mkt, lakkautuspvm, maa, metadata_id, nimi_mkt, nimihaku, oid, opetuspisteenjarjnro, oppilaitoskoodi, oppilaitos_tyyppi, organisaatio_poistettu, paivittaja, paivityspvm, parentidpath, parentoidpath, piilotettu, tarkastus_pvm, toimipistekoodi, tuontipvm, varhaiskasvatuksen_toimipaikka_tiedot_id, virastotunnus, yhteishaunkoulukoodi, yritysmuoto, ytj_kieli, ytjpaivityspvm, ytunnus) 
    values
        (null, ?, ?, ?, ?, ?, ?, ?, ?, ?, ?, ?, ?, ?, ?, ?, ?, ?, ?, ?, ?, ?, ?, ?, ?, ?, ?, ?, ?, ?, ?)
2020-06-10 18:11:50.495 TRACE 55751 --- [    Test worker] o.h.type.descriptor.sql.BasicBinder      : binding parameter [1] as [BIGINT] - [0]
2020-06-10 18:11:50.495 TRACE 55751 --- [    Test worker] o.h.type.descriptor.sql.BasicBinder      : binding parameter [2] as [DATE] - [Fri Dec 31 00:00:00 EET 1999]
2020-06-10 18:11:50.495 TRACE 55751 --- [    Test worker] o.h.type.descriptor.sql.BasicBinder      : binding parameter [3] as [VARCHAR] - [null]
2020-06-10 18:11:50.495 TRACE 55751 --- [    Test worker] o.h.type.descriptor.sql.BasicBinder      : binding parameter [4] as [VARCHAR] - [kunta_092]
2020-06-10 18:11:50.495 TRACE 55751 --- [    Test worker] o.h.type.descriptor.sql.BasicBinder      : binding parameter [5] as [BIGINT] - [1055]
2020-06-10 18:11:50.495 TRACE 55751 --- [    Test worker] o.h.type.descriptor.sql.BasicBinder      : binding parameter [6] as [DATE] - [null]
2020-06-10 18:11:50.495 TRACE 55751 --- [    Test worker] o.h.type.descriptor.sql.BasicBinder      : binding parameter [7] as [VARCHAR] - [maatjavaltiot1_fin]
2020-06-10 18:11:50.495 TRACE 55751 --- [    Test worker] o.h.type.descriptor.sql.BasicBinder      : binding parameter [8] as [BIGINT] - [null]
2020-06-10 18:11:50.495 TRACE 55751 --- [    Test worker] o.h.type.descriptor.sql.BasicBinder      : binding parameter [9] as [BIGINT] - [1056]
2020-06-10 18:11:50.495 TRACE 55751 --- [    Test worker] o.h.type.descriptor.sql.BasicBinder      : binding parameter [10] as [VARCHAR] - [,oppilaitos1]
2020-06-10 18:11:50.495 TRACE 55751 --- [    Test worker] o.h.type.descriptor.sql.BasicBinder      : binding parameter [11] as [VARCHAR] - [1.2.246.562.10.37683350491]
2020-06-10 18:11:50.495 TRACE 55751 --- [    Test worker] o.h.type.descriptor.sql.BasicBinder      : binding parameter [12] as [VARCHAR] - [null]
2020-06-10 18:11:50.495 TRACE 55751 --- [    Test worker] o.h.type.descriptor.sql.BasicBinder      : binding parameter [13] as [VARCHAR] - [oppilaitoskoodi]
2020-06-10 18:11:50.495 TRACE 55751 --- [    Test worker] o.h.type.descriptor.sql.BasicBinder      : binding parameter [14] as [VARCHAR] - [null]
2020-06-10 18:11:50.495 TRACE 55751 --- [    Test worker] o.h.type.descriptor.sql.BasicBinder      : binding parameter [15] as [BOOLEAN] - [false]
2020-06-10 18:11:50.495 TRACE 55751 --- [    Test worker] o.h.type.descriptor.sql.BasicBinder      : binding parameter [16] as [VARCHAR] - [ophadmin]
2020-06-10 18:11:50.495 TRACE 55751 --- [    Test worker] o.h.type.descriptor.sql.BasicBinder      : binding parameter [17] as [TIMESTAMP] - [Wed Jun 10 18:11:50 EEST 2020]
2020-06-10 18:11:50.495 TRACE 55751 --- [    Test worker] o.h.type.descriptor.sql.BasicBinder      : binding parameter [18] as [VARCHAR] - [|1|35|]
2020-06-10 18:11:50.495 TRACE 55751 --- [    Test worker] o.h.type.descriptor.sql.BasicBinder      : binding parameter [19] as [VARCHAR] - [|1.2.246.562.24.00000000001|1.2.246.562.10.11690556837|]
2020-06-10 18:11:50.495 TRACE 55751 --- [    Test worker] o.h.type.descriptor.sql.BasicBinder      : binding parameter [20] as [BOOLEAN] - [false]
2020-06-10 18:11:50.495 TRACE 55751 --- [    Test worker] o.h.type.descriptor.sql.BasicBinder      : binding parameter [21] as [TIMESTAMP] - [null]
2020-06-10 18:11:50.495 TRACE 55751 --- [    Test worker] o.h.type.descriptor.sql.BasicBinder      : binding parameter [22] as [VARCHAR] - [oppilaitoskoodi]
2020-06-10 18:11:50.495 TRACE 55751 --- [    Test worker] o.h.type.descriptor.sql.BasicBinder      : binding parameter [23] as [TIMESTAMP] - [null]
2020-06-10 18:11:50.495 TRACE 55751 --- [    Test worker] o.h.type.descriptor.sql.BasicBinder      : binding parameter [24] as [BIGINT] - [null]
2020-06-10 18:11:50.495 TRACE 55751 --- [    Test worker] o.h.type.descriptor.sql.BasicBinder      : binding parameter [25] as [VARCHAR] - [null]
2020-06-10 18:11:50.495 TRACE 55751 --- [    Test worker] o.h.type.descriptor.sql.BasicBinder      : binding parameter [26] as [VARCHAR] - [null]
2020-06-10 18:11:50.495 TRACE 55751 --- [    Test worker] o.h.type.descriptor.sql.BasicBinder      : binding parameter [27] as [VARCHAR] - [null]
2020-06-10 18:11:50.495 TRACE 55751 --- [    Test worker] o.h.type.descriptor.sql.BasicBinder      : binding parameter [28] as [VARCHAR] - [null]
2020-06-10 18:11:50.495 TRACE 55751 --- [    Test worker] o.h.type.descriptor.sql.BasicBinder      : binding parameter [29] as [DATE] - [null]
2020-06-10 18:11:50.495 TRACE 55751 --- [    Test worker] o.h.type.descriptor.sql.BasicBinder      : binding parameter [30] as [VARCHAR] - [null]
Hibernate: 
    insert 
    into
        organisaatio_nimi
        (id, version, alkupvm, nimi_mkt, organisaatio_id, paivittaja) 
    values
        (null, ?, ?, ?, ?, ?)
2020-06-10 18:11:50.496 TRACE 55751 --- [    Test worker] o.h.type.descriptor.sql.BasicBinder      : binding parameter [1] as [BIGINT] - [0]
2020-06-10 18:11:50.496 TRACE 55751 --- [    Test worker] o.h.type.descriptor.sql.BasicBinder      : binding parameter [2] as [DATE] - [Wed Jun 10 18:11:50 EEST 2020]
2020-06-10 18:11:50.496 TRACE 55751 --- [    Test worker] o.h.type.descriptor.sql.BasicBinder      : binding parameter [3] as [BIGINT] - [1056]
2020-06-10 18:11:50.496 TRACE 55751 --- [    Test worker] o.h.type.descriptor.sql.BasicBinder      : binding parameter [4] as [BIGINT] - [36]
2020-06-10 18:11:50.496 TRACE 55751 --- [    Test worker] o.h.type.descriptor.sql.BasicBinder      : binding parameter [5] as [VARCHAR] - [null]
Hibernate: 
    insert 
    into
        yhteystieto
        (id, version, kieli, organisaatio_id, yhteystieto_oid, www_osoite, dtype) 
    values
        (null, ?, ?, ?, ?, ?, 'Www')
2020-06-10 18:11:50.497 TRACE 55751 --- [    Test worker] o.h.type.descriptor.sql.BasicBinder      : binding parameter [1] as [BIGINT] - [0]
2020-06-10 18:11:50.497 TRACE 55751 --- [    Test worker] o.h.type.descriptor.sql.BasicBinder      : binding parameter [2] as [VARCHAR] - [kieli_fi#1]
2020-06-10 18:11:50.497 TRACE 55751 --- [    Test worker] o.h.type.descriptor.sql.BasicBinder      : binding parameter [3] as [BIGINT] - [36]
2020-06-10 18:11:50.497 TRACE 55751 --- [    Test worker] o.h.type.descriptor.sql.BasicBinder      : binding parameter [4] as [VARCHAR] - [15918019101340.5359907363585349]
2020-06-10 18:11:50.497 TRACE 55751 --- [    Test worker] o.h.type.descriptor.sql.BasicBinder      : binding parameter [5] as [VARCHAR] - [http://test.oph.fi]
Hibernate: 
    insert 
    into
        yhteystieto
        (id, version, kieli, organisaatio_id, yhteystieto_oid, coordinatetype, extrarivi, lat, lng, maa, osavaltio, osoite, osoite_tyyppi, postinumero, postitoimipaikka, ytjpaivityspvm, dtype) 
    values
        (null, ?, ?, ?, ?, ?, ?, ?, ?, ?, ?, ?, ?, ?, ?, ?, 'Osoite')
2020-06-10 18:11:50.498 TRACE 55751 --- [    Test worker] o.h.type.descriptor.sql.BasicBinder      : binding parameter [1] as [BIGINT] - [0]
2020-06-10 18:11:50.498 TRACE 55751 --- [    Test worker] o.h.type.descriptor.sql.BasicBinder      : binding parameter [2] as [VARCHAR] - [kieli_fi#1]
2020-06-10 18:11:50.498 TRACE 55751 --- [    Test worker] o.h.type.descriptor.sql.BasicBinder      : binding parameter [3] as [BIGINT] - [36]
2020-06-10 18:11:50.498 TRACE 55751 --- [    Test worker] o.h.type.descriptor.sql.BasicBinder      : binding parameter [4] as [VARCHAR] - [1.2.246.562.5.76611787462]
2020-06-10 18:11:50.498 TRACE 55751 --- [    Test worker] o.h.type.descriptor.sql.BasicBinder      : binding parameter [5] as [VARCHAR] - [null]
2020-06-10 18:11:50.498 TRACE 55751 --- [    Test worker] o.h.type.descriptor.sql.BasicBinder      : binding parameter [6] as [VARCHAR] - [null]
2020-06-10 18:11:50.499 TRACE 55751 --- [    Test worker] o.h.type.descriptor.sql.BasicBinder      : binding parameter [7] as [DOUBLE] - [null]
2020-06-10 18:11:50.499 TRACE 55751 --- [    Test worker] o.h.type.descriptor.sql.BasicBinder      : binding parameter [8] as [DOUBLE] - [null]
2020-06-10 18:11:50.499 TRACE 55751 --- [    Test worker] o.h.type.descriptor.sql.BasicBinder      : binding parameter [9] as [VARCHAR] - [null]
2020-06-10 18:11:50.499 TRACE 55751 --- [    Test worker] o.h.type.descriptor.sql.BasicBinder      : binding parameter [10] as [VARCHAR] - [null]
2020-06-10 18:11:50.499 TRACE 55751 --- [    Test worker] o.h.type.descriptor.sql.BasicBinder      : binding parameter [11] as [VARCHAR] - [Kayntiosoite 2B]
2020-06-10 18:11:50.499 TRACE 55751 --- [    Test worker] o.h.type.descriptor.sql.BasicBinder      : binding parameter [12] as [VARCHAR] - [kaynti]
2020-06-10 18:11:50.499 TRACE 55751 --- [    Test worker] o.h.type.descriptor.sql.BasicBinder      : binding parameter [13] as [VARCHAR] - [posti_00550]
2020-06-10 18:11:50.499 TRACE 55751 --- [    Test worker] o.h.type.descriptor.sql.BasicBinder      : binding parameter [14] as [VARCHAR] - [Helsinki]
2020-06-10 18:11:50.499 TRACE 55751 --- [    Test worker] o.h.type.descriptor.sql.BasicBinder      : binding parameter [15] as [DATE] - [null]
Hibernate: 
    insert 
    into
        yhteystieto
        (id, version, kieli, organisaatio_id, yhteystieto_oid, email, dtype) 
    values
        (null, ?, ?, ?, ?, ?, 'Email')
2020-06-10 18:11:50.499 TRACE 55751 --- [    Test worker] o.h.type.descriptor.sql.BasicBinder      : binding parameter [1] as [BIGINT] - [0]
2020-06-10 18:11:50.499 TRACE 55751 --- [    Test worker] o.h.type.descriptor.sql.BasicBinder      : binding parameter [2] as [VARCHAR] - [kieli_fi#1]
2020-06-10 18:11:50.499 TRACE 55751 --- [    Test worker] o.h.type.descriptor.sql.BasicBinder      : binding parameter [3] as [BIGINT] - [36]
2020-06-10 18:11:50.499 TRACE 55751 --- [    Test worker] o.h.type.descriptor.sql.BasicBinder      : binding parameter [4] as [VARCHAR] - [15918019101340.08558266600336262]
2020-06-10 18:11:50.499 TRACE 55751 --- [    Test worker] o.h.type.descriptor.sql.BasicBinder      : binding parameter [5] as [VARCHAR] - [asd@asd.asd]
Hibernate: 
    insert 
    into
        yhteystieto
        (id, version, kieli, organisaatio_id, yhteystieto_oid, puhelinnumero, tyyppi, dtype) 
    values
        (null, ?, ?, ?, ?, ?, ?, 'Puhelinnumero')
2020-06-10 18:11:50.500 TRACE 55751 --- [    Test worker] o.h.type.descriptor.sql.BasicBinder      : binding parameter [1] as [BIGINT] - [0]
2020-06-10 18:11:50.500 TRACE 55751 --- [    Test worker] o.h.type.descriptor.sql.BasicBinder      : binding parameter [2] as [VARCHAR] - [kieli_fi#1]
2020-06-10 18:11:50.500 TRACE 55751 --- [    Test worker] o.h.type.descriptor.sql.BasicBinder      : binding parameter [3] as [BIGINT] - [36]
2020-06-10 18:11:50.500 TRACE 55751 --- [    Test worker] o.h.type.descriptor.sql.BasicBinder      : binding parameter [4] as [VARCHAR] - [1.2.246.562.5.42459607083]
2020-06-10 18:11:50.500 TRACE 55751 --- [    Test worker] o.h.type.descriptor.sql.BasicBinder      : binding parameter [5] as [VARCHAR] - [123]
2020-06-10 18:11:50.500 TRACE 55751 --- [    Test worker] o.h.type.descriptor.sql.BasicBinder      : binding parameter [6] as [VARCHAR] - [puhelin]
Hibernate: 
    insert 
    into
        yhteystieto
        (id, version, kieli, organisaatio_id, yhteystieto_oid, coordinatetype, extrarivi, lat, lng, maa, osavaltio, osoite, osoite_tyyppi, postinumero, postitoimipaikka, ytjpaivityspvm, dtype) 
    values
        (null, ?, ?, ?, ?, ?, ?, ?, ?, ?, ?, ?, ?, ?, ?, ?, 'Osoite')
2020-06-10 18:11:50.500 TRACE 55751 --- [    Test worker] o.h.type.descriptor.sql.BasicBinder      : binding parameter [1] as [BIGINT] - [0]
2020-06-10 18:11:50.500 TRACE 55751 --- [    Test worker] o.h.type.descriptor.sql.BasicBinder      : binding parameter [2] as [VARCHAR] - [kieli_fi#1]
2020-06-10 18:11:50.500 TRACE 55751 --- [    Test worker] o.h.type.descriptor.sql.BasicBinder      : binding parameter [3] as [BIGINT] - [36]
2020-06-10 18:11:50.500 TRACE 55751 --- [    Test worker] o.h.type.descriptor.sql.BasicBinder      : binding parameter [4] as [VARCHAR] - [1.2.246.562.5.72439403468]
2020-06-10 18:11:50.500 TRACE 55751 --- [    Test worker] o.h.type.descriptor.sql.BasicBinder      : binding parameter [5] as [VARCHAR] - [null]
2020-06-10 18:11:50.500 TRACE 55751 --- [    Test worker] o.h.type.descriptor.sql.BasicBinder      : binding parameter [6] as [VARCHAR] - [null]
2020-06-10 18:11:50.500 TRACE 55751 --- [    Test worker] o.h.type.descriptor.sql.BasicBinder      : binding parameter [7] as [DOUBLE] - [null]
2020-06-10 18:11:50.500 TRACE 55751 --- [    Test worker] o.h.type.descriptor.sql.BasicBinder      : binding parameter [8] as [DOUBLE] - [null]
2020-06-10 18:11:50.500 TRACE 55751 --- [    Test worker] o.h.type.descriptor.sql.BasicBinder      : binding parameter [9] as [VARCHAR] - [null]
2020-06-10 18:11:50.500 TRACE 55751 --- [    Test worker] o.h.type.descriptor.sql.BasicBinder      : binding parameter [10] as [VARCHAR] - [null]
2020-06-10 18:11:50.500 TRACE 55751 --- [    Test worker] o.h.type.descriptor.sql.BasicBinder      : binding parameter [11] as [VARCHAR] - [Postiosoite 1A]
2020-06-10 18:11:50.500 TRACE 55751 --- [    Test worker] o.h.type.descriptor.sql.BasicBinder      : binding parameter [12] as [VARCHAR] - [posti]
2020-06-10 18:11:50.500 TRACE 55751 --- [    Test worker] o.h.type.descriptor.sql.BasicBinder      : binding parameter [13] as [VARCHAR] - [00550]
2020-06-10 18:11:50.500 TRACE 55751 --- [    Test worker] o.h.type.descriptor.sql.BasicBinder      : binding parameter [14] as [VARCHAR] - [Helsinki]
2020-06-10 18:11:50.500 TRACE 55751 --- [    Test worker] o.h.type.descriptor.sql.BasicBinder      : binding parameter [15] as [DATE] - [null]
2020-06-10 18:11:50.501  INFO 55751 --- [    Test worker] .s.o.r.i.OrganisaatioSuhdeRepositoryImpl : findParentTo(36, Wed Jun 10 18:11:50 EEST 2020)
Hibernate: 
    update
        organisaatio 
    set
        version=?,
        alkupvm=?,
        domainnimi=?,
        kotipaikka=?,
        kuvaus_mkt=?,
        lakkautuspvm=?,
        maa=?,
        metadata_id=?,
        nimi_mkt=?,
        nimihaku=?,
        oid=?,
        opetuspisteenjarjnro=?,
        oppilaitoskoodi=?,
        oppilaitos_tyyppi=?,
        organisaatio_poistettu=?,
        paivittaja=?,
        paivityspvm=?,
        parentidpath=?,
        parentoidpath=?,
        piilotettu=?,
        tarkastus_pvm=?,
        toimipistekoodi=?,
        tuontipvm=?,
        varhaiskasvatuksen_toimipaikka_tiedot_id=?,
        virastotunnus=?,
        yhteishaunkoulukoodi=?,
        yritysmuoto=?,
        ytj_kieli=?,
        ytjpaivityspvm=?,
        ytunnus=? 
    where
        id=? 
        and version=?
2020-06-10 18:11:50.503 TRACE 55751 --- [    Test worker] o.h.type.descriptor.sql.BasicBinder      : binding parameter [1] as [BIGINT] - [1]
2020-06-10 18:11:50.503 TRACE 55751 --- [    Test worker] o.h.type.descriptor.sql.BasicBinder      : binding parameter [2] as [DATE] - [Fri Dec 31 00:00:00 EET 1999]
2020-06-10 18:11:50.503 TRACE 55751 --- [    Test worker] o.h.type.descriptor.sql.BasicBinder      : binding parameter [3] as [VARCHAR] - [null]
2020-06-10 18:11:50.503 TRACE 55751 --- [    Test worker] o.h.type.descriptor.sql.BasicBinder      : binding parameter [4] as [VARCHAR] - [kunta_092]
2020-06-10 18:11:50.503 TRACE 55751 --- [    Test worker] o.h.type.descriptor.sql.BasicBinder      : binding parameter [5] as [BIGINT] - [1055]
2020-06-10 18:11:50.503 TRACE 55751 --- [    Test worker] o.h.type.descriptor.sql.BasicBinder      : binding parameter [6] as [DATE] - [null]
2020-06-10 18:11:50.503 TRACE 55751 --- [    Test worker] o.h.type.descriptor.sql.BasicBinder      : binding parameter [7] as [VARCHAR] - [maatjavaltiot1_fin]
2020-06-10 18:11:50.503 TRACE 55751 --- [    Test worker] o.h.type.descriptor.sql.BasicBinder      : binding parameter [8] as [BIGINT] - [null]
2020-06-10 18:11:50.503 TRACE 55751 --- [    Test worker] o.h.type.descriptor.sql.BasicBinder      : binding parameter [9] as [BIGINT] - [1056]
2020-06-10 18:11:50.503 TRACE 55751 --- [    Test worker] o.h.type.descriptor.sql.BasicBinder      : binding parameter [10] as [VARCHAR] - [,oppilaitos1]
2020-06-10 18:11:50.503 TRACE 55751 --- [    Test worker] o.h.type.descriptor.sql.BasicBinder      : binding parameter [11] as [VARCHAR] - [1.2.246.562.10.37683350491]
2020-06-10 18:11:50.503 TRACE 55751 --- [    Test worker] o.h.type.descriptor.sql.BasicBinder      : binding parameter [12] as [VARCHAR] - [null]
2020-06-10 18:11:50.503 TRACE 55751 --- [    Test worker] o.h.type.descriptor.sql.BasicBinder      : binding parameter [13] as [VARCHAR] - [oppilaitoskoodi]
2020-06-10 18:11:50.503 TRACE 55751 --- [    Test worker] o.h.type.descriptor.sql.BasicBinder      : binding parameter [14] as [VARCHAR] - [null]
2020-06-10 18:11:50.503 TRACE 55751 --- [    Test worker] o.h.type.descriptor.sql.BasicBinder      : binding parameter [15] as [BOOLEAN] - [false]
2020-06-10 18:11:50.503 TRACE 55751 --- [    Test worker] o.h.type.descriptor.sql.BasicBinder      : binding parameter [16] as [VARCHAR] - [ophadmin]
2020-06-10 18:11:50.503 TRACE 55751 --- [    Test worker] o.h.type.descriptor.sql.BasicBinder      : binding parameter [17] as [TIMESTAMP] - [Wed Jun 10 18:11:50 EEST 2020]
2020-06-10 18:11:50.503 TRACE 55751 --- [    Test worker] o.h.type.descriptor.sql.BasicBinder      : binding parameter [18] as [VARCHAR] - [|1|35|]
2020-06-10 18:11:50.503 TRACE 55751 --- [    Test worker] o.h.type.descriptor.sql.BasicBinder      : binding parameter [19] as [VARCHAR] - [|1.2.246.562.24.00000000001|1.2.246.562.10.11690556837|]
2020-06-10 18:11:50.503 TRACE 55751 --- [    Test worker] o.h.type.descriptor.sql.BasicBinder      : binding parameter [20] as [BOOLEAN] - [false]
2020-06-10 18:11:50.503 TRACE 55751 --- [    Test worker] o.h.type.descriptor.sql.BasicBinder      : binding parameter [21] as [TIMESTAMP] - [null]
2020-06-10 18:11:50.503 TRACE 55751 --- [    Test worker] o.h.type.descriptor.sql.BasicBinder      : binding parameter [22] as [VARCHAR] - [oppilaitoskoodi]
2020-06-10 18:11:50.503 TRACE 55751 --- [    Test worker] o.h.type.descriptor.sql.BasicBinder      : binding parameter [23] as [TIMESTAMP] - [null]
2020-06-10 18:11:50.503 TRACE 55751 --- [    Test worker] o.h.type.descriptor.sql.BasicBinder      : binding parameter [24] as [BIGINT] - [null]
2020-06-10 18:11:50.503 TRACE 55751 --- [    Test worker] o.h.type.descriptor.sql.BasicBinder      : binding parameter [25] as [VARCHAR] - [null]
2020-06-10 18:11:50.503 TRACE 55751 --- [    Test worker] o.h.type.descriptor.sql.BasicBinder      : binding parameter [26] as [VARCHAR] - [null]
2020-06-10 18:11:50.504 TRACE 55751 --- [    Test worker] o.h.type.descriptor.sql.BasicBinder      : binding parameter [27] as [VARCHAR] - [null]
2020-06-10 18:11:50.504 TRACE 55751 --- [    Test worker] o.h.type.descriptor.sql.BasicBinder      : binding parameter [28] as [VARCHAR] - [null]
2020-06-10 18:11:50.504 TRACE 55751 --- [    Test worker] o.h.type.descriptor.sql.BasicBinder      : binding parameter [29] as [DATE] - [null]
2020-06-10 18:11:50.504 TRACE 55751 --- [    Test worker] o.h.type.descriptor.sql.BasicBinder      : binding parameter [30] as [VARCHAR] - [null]
2020-06-10 18:11:50.504 TRACE 55751 --- [    Test worker] o.h.type.descriptor.sql.BasicBinder      : binding parameter [31] as [BIGINT] - [36]
2020-06-10 18:11:50.504 TRACE 55751 --- [    Test worker] o.h.type.descriptor.sql.BasicBinder      : binding parameter [32] as [BIGINT] - [0]
Hibernate: 
    insert 
    into
        organisaatio_kielet
        (organisaatio_id, kielet) 
    values
        (?, ?)
2020-06-10 18:11:50.504 TRACE 55751 --- [    Test worker] o.h.type.descriptor.sql.BasicBinder      : binding parameter [1] as [BIGINT] - [36]
2020-06-10 18:11:50.504 TRACE 55751 --- [    Test worker] o.h.type.descriptor.sql.BasicBinder      : binding parameter [2] as [VARCHAR] - [oppilaitoksenopetuskieli_1#1]
Hibernate: 
    insert 
    into
        organisaatio_tyypit
        (organisaatio_id, tyypit) 
    values
        (?, ?)
2020-06-10 18:11:50.504 TRACE 55751 --- [    Test worker] o.h.type.descriptor.sql.BasicBinder      : binding parameter [1] as [BIGINT] - [36]
2020-06-10 18:11:50.504 TRACE 55751 --- [    Test worker] o.h.type.descriptor.sql.BasicBinder      : binding parameter [2] as [VARCHAR] - [organisaatiotyyppi_02]
Hibernate: 
    insert 
    into
        monikielinen_teksti_values
        (id, key, value) 
    values
        (?, ?, ?)
2020-06-10 18:11:50.505 TRACE 55751 --- [    Test worker] o.h.type.descriptor.sql.BasicBinder      : binding parameter [1] as [BIGINT] - [1056]
2020-06-10 18:11:50.505 TRACE 55751 --- [    Test worker] o.h.type.descriptor.sql.BasicBinder      : binding parameter [2] as [VARCHAR] - [fi]
2020-06-10 18:11:50.505 TRACE 55751 --- [    Test worker] o.h.type.descriptor.sql.BasicBinder      : binding parameter [3] as [VARCHAR] - [oppilaitos1]
Hibernate: 
    select
        organisaat0_.id as id1_19_0_,
        organisaat1_.id as id1_5_1_,
        organisaat0_.version as version2_19_0_,
        organisaat0_.alkupvm as alkupvm3_19_0_,
        organisaat0_.child_id as child_id7_19_0_,
        organisaat0_.loppupvm as loppupvm4_19_0_,
        organisaat0_.opetuspisteenjarjnro as opetuspi5_19_0_,
        organisaat0_.parent_id as parent_i8_19_0_,
        organisaat0_.suhdetyyppi as suhdetyy6_19_0_,
        organisaat1_.version as version2_5_1_,
        organisaat1_.alkupvm as alkupvm3_5_1_,
        organisaat1_.domainnimi as domainni4_5_1_,
        organisaat1_.kotipaikka as kotipaik5_5_1_,
        organisaat1_.kuvaus_mkt as kuvaus_28_5_1_,
        organisaat1_.lakkautuspvm as lakkautu6_5_1_,
        organisaat1_.maa as maa7_5_1_,
        organisaat1_.metadata_id as metadat29_5_1_,
        organisaat1_.nimi_mkt as nimi_mk30_5_1_,
        organisaat1_.nimihaku as nimihaku8_5_1_,
        organisaat1_.oid as oid9_5_1_,
        organisaat1_.opetuspisteenjarjnro as opetusp10_5_1_,
        organisaat1_.oppilaitoskoodi as oppilai11_5_1_,
        organisaat1_.oppilaitos_tyyppi as oppilai12_5_1_,
        organisaat1_.organisaatio_poistettu as organis13_5_1_,
        organisaat1_.paivittaja as paivitt14_5_1_,
        organisaat1_.paivityspvm as paivity15_5_1_,
        organisaat1_.parentidpath as parenti16_5_1_,
        organisaat1_.parentoidpath as parento17_5_1_,
        organisaat1_.piilotettu as piilote18_5_1_,
        organisaat1_.tarkastus_pvm as tarkast19_5_1_,
        organisaat1_.toimipistekoodi as toimipi20_5_1_,
        organisaat1_.tuontipvm as tuontip21_5_1_,
        organisaat1_.varhaiskasvatuksen_toimipaikka_tiedot_id as varhais31_5_1_,
        organisaat1_.virastotunnus as virasto22_5_1_,
        organisaat1_.yhteishaunkoulukoodi as yhteish23_5_1_,
        organisaat1_.yritysmuoto as yritysm24_5_1_,
        organisaat1_.ytj_kieli as ytj_kie25_5_1_,
        organisaat1_.ytjpaivityspvm as ytjpaiv26_5_1_,
        organisaat1_.ytunnus as ytunnus27_5_1_ 
    from
        organisaatiosuhde organisaat0_ 
    inner join
        organisaatio organisaat1_ 
            on organisaat0_.parent_id=organisaat1_.id 
    where
        organisaat0_.child_id=? 
        and organisaat0_.suhdetyyppi=? 
        and (
            organisaat0_.alkupvm=? 
            or organisaat0_.alkupvm<?
        ) 
        and (
            organisaat0_.loppupvm is null 
            or organisaat0_.loppupvm>?
        ) 
        and organisaat1_.organisaatio_poistettu=? 
    order by
        organisaat0_.alkupvm desc
2020-06-10 18:11:50.505 TRACE 55751 --- [    Test worker] o.h.type.descriptor.sql.BasicBinder      : binding parameter [1] as [BIGINT] - [36]
2020-06-10 18:11:50.505 TRACE 55751 --- [    Test worker] o.h.type.descriptor.sql.BasicBinder      : binding parameter [2] as [VARCHAR] - [HISTORIA]
2020-06-10 18:11:50.505 TRACE 55751 --- [    Test worker] o.h.type.descriptor.sql.BasicBinder      : binding parameter [3] as [DATE] - [Wed Jun 10 18:11:50 EEST 2020]
2020-06-10 18:11:50.505 TRACE 55751 --- [    Test worker] o.h.type.descriptor.sql.BasicBinder      : binding parameter [4] as [DATE] - [Wed Jun 10 18:11:50 EEST 2020]
2020-06-10 18:11:50.505 TRACE 55751 --- [    Test worker] o.h.type.descriptor.sql.BasicBinder      : binding parameter [5] as [DATE] - [Wed Jun 10 18:11:50 EEST 2020]
2020-06-10 18:11:50.505 TRACE 55751 --- [    Test worker] o.h.type.descriptor.sql.BasicBinder      : binding parameter [6] as [BOOLEAN] - [false]
2020-06-10 18:11:50.505  INFO 55751 --- [    Test worker] .s.o.r.i.OrganisaatioSuhdeRepositoryImpl : addChild(35, 36, Wed Jun 10 18:11:50 EEST 2020)
Hibernate: 
    insert 
    into
        organisaatiosuhde
        (id, version, alkupvm, child_id, loppupvm, opetuspisteenjarjnro, parent_id, suhdetyyppi) 
    values
        (null, ?, ?, ?, ?, ?, ?, ?)
2020-06-10 18:11:50.506 TRACE 55751 --- [    Test worker] o.h.type.descriptor.sql.BasicBinder      : binding parameter [1] as [BIGINT] - [0]
2020-06-10 18:11:50.506 TRACE 55751 --- [    Test worker] o.h.type.descriptor.sql.BasicBinder      : binding parameter [2] as [DATE] - [Wed Jun 10 18:11:50 EEST 2020]
2020-06-10 18:11:50.506 TRACE 55751 --- [    Test worker] o.h.type.descriptor.sql.BasicBinder      : binding parameter [3] as [BIGINT] - [36]
2020-06-10 18:11:50.506 TRACE 55751 --- [    Test worker] o.h.type.descriptor.sql.BasicBinder      : binding parameter [4] as [DATE] - [null]
2020-06-10 18:11:50.506 TRACE 55751 --- [    Test worker] o.h.type.descriptor.sql.BasicBinder      : binding parameter [5] as [VARCHAR] - [null]
2020-06-10 18:11:50.506 TRACE 55751 --- [    Test worker] o.h.type.descriptor.sql.BasicBinder      : binding parameter [6] as [BIGINT] - [35]
2020-06-10 18:11:50.506 TRACE 55751 --- [    Test worker] o.h.type.descriptor.sql.BasicBinder      : binding parameter [7] as [VARCHAR] - [HISTORIA]
2020-06-10 18:11:50.507  INFO 55751 --- [    Test worker] .s.o.r.i.OrganisaatioSuhdeRepositoryImpl :     Created new child relation:  --> pId=35, cId=36, aPvm=Wed Jun 10 18:11:50 EEST 2020, lPvm=null
Hibernate: 
    select
        organisaat0_.id as id1_19_,
        organisaat0_.version as version2_19_,
        organisaat0_.alkupvm as alkupvm3_19_,
        organisaat0_.child_id as child_id7_19_,
        organisaat0_.loppupvm as loppupvm4_19_,
        organisaat0_.opetuspisteenjarjnro as opetuspi5_19_,
        organisaat0_.parent_id as parent_i8_19_,
        organisaat0_.suhdetyyppi as suhdetyy6_19_ 
    from
        organisaatiosuhde organisaat0_ 
    where
        organisaat0_.child_id=?
2020-06-10 18:11:50.508 TRACE 55751 --- [    Test worker] o.h.type.descriptor.sql.BasicBinder      : binding parameter [1] as [BIGINT] - [36]
2020-06-10 18:11:50.508 TRACE 55751 --- [    Test worker] o.h.type.descriptor.sql.BasicExtractor   : extracted value ([id1_19_] : [BIGINT]) - [40]
Hibernate: 
    select
        organisaat0_.id as id1_5_,
        organisaat0_.version as version2_5_,
        organisaat0_.alkupvm as alkupvm3_5_,
        organisaat0_.domainnimi as domainni4_5_,
        organisaat0_.kotipaikka as kotipaik5_5_,
        organisaat0_.kuvaus_mkt as kuvaus_28_5_,
        organisaat0_.lakkautuspvm as lakkautu6_5_,
        organisaat0_.maa as maa7_5_,
        organisaat0_.metadata_id as metadat29_5_,
        organisaat0_.nimi_mkt as nimi_mk30_5_,
        organisaat0_.nimihaku as nimihaku8_5_,
        organisaat0_.oid as oid9_5_,
        organisaat0_.opetuspisteenjarjnro as opetusp10_5_,
        organisaat0_.oppilaitoskoodi as oppilai11_5_,
        organisaat0_.oppilaitos_tyyppi as oppilai12_5_,
        organisaat0_.organisaatio_poistettu as organis13_5_,
        organisaat0_.paivittaja as paivitt14_5_,
        organisaat0_.paivityspvm as paivity15_5_,
        organisaat0_.parentidpath as parenti16_5_,
        organisaat0_.parentoidpath as parento17_5_,
        organisaat0_.piilotettu as piilote18_5_,
        organisaat0_.tarkastus_pvm as tarkast19_5_,
        organisaat0_.toimipistekoodi as toimipi20_5_,
        organisaat0_.tuontipvm as tuontip21_5_,
        organisaat0_.varhaiskasvatuksen_toimipaikka_tiedot_id as varhais31_5_,
        organisaat0_.virastotunnus as virasto22_5_,
        organisaat0_.yhteishaunkoulukoodi as yhteish23_5_,
        organisaat0_.yritysmuoto as yritysm24_5_,
        organisaat0_.ytj_kieli as ytj_kie25_5_,
        organisaat0_.ytjpaivityspvm as ytjpaiv26_5_,
        organisaat0_.ytunnus as ytunnus27_5_ 
    from
        organisaatio organisaat0_ 
    where
        organisaat0_.oid=?
2020-06-10 18:11:50.511 TRACE 55751 --- [    Test worker] o.h.type.descriptor.sql.BasicBinder      : binding parameter [1] as [VARCHAR] - [1.2.246.562.10.37683350491]
2020-06-10 18:11:50.511 TRACE 55751 --- [    Test worker] o.h.type.descriptor.sql.BasicExtractor   : extracted value ([id1_5_] : [BIGINT]) - [36]
Hibernate: 
    select
        organisaat0_.id as id1_5_,
        organisaat0_.version as version2_5_,
        organisaat0_.alkupvm as alkupvm3_5_,
        organisaat0_.domainnimi as domainni4_5_,
        organisaat0_.kotipaikka as kotipaik5_5_,
        organisaat0_.kuvaus_mkt as kuvaus_28_5_,
        organisaat0_.lakkautuspvm as lakkautu6_5_,
        organisaat0_.maa as maa7_5_,
        organisaat0_.metadata_id as metadat29_5_,
        organisaat0_.nimi_mkt as nimi_mk30_5_,
        organisaat0_.nimihaku as nimihaku8_5_,
        organisaat0_.oid as oid9_5_,
        organisaat0_.opetuspisteenjarjnro as opetusp10_5_,
        organisaat0_.oppilaitoskoodi as oppilai11_5_,
        organisaat0_.oppilaitos_tyyppi as oppilai12_5_,
        organisaat0_.organisaatio_poistettu as organis13_5_,
        organisaat0_.paivittaja as paivitt14_5_,
        organisaat0_.paivityspvm as paivity15_5_,
        organisaat0_.parentidpath as parenti16_5_,
        organisaat0_.parentoidpath as parento17_5_,
        organisaat0_.piilotettu as piilote18_5_,
        organisaat0_.tarkastus_pvm as tarkast19_5_,
        organisaat0_.toimipistekoodi as toimipi20_5_,
        organisaat0_.tuontipvm as tuontip21_5_,
        organisaat0_.varhaiskasvatuksen_toimipaikka_tiedot_id as varhais31_5_,
        organisaat0_.virastotunnus as virasto22_5_,
        organisaat0_.yhteishaunkoulukoodi as yhteish23_5_,
        organisaat0_.yritysmuoto as yritysm24_5_,
        organisaat0_.ytj_kieli as ytj_kie25_5_,
        organisaat0_.ytjpaivityspvm as ytjpaiv26_5_,
        organisaat0_.ytunnus as ytunnus27_5_ 
    from
        organisaatio organisaat0_ 
    where
        organisaat0_.oid=?
2020-06-10 18:11:50.513 TRACE 55751 --- [    Test worker] o.h.type.descriptor.sql.BasicBinder      : binding parameter [1] as [VARCHAR] - [1.2.246.562.10.60403461038]
Hibernate: 
    select
        organisaat0_.id as id1_5_,
        organisaat0_.version as version2_5_,
        organisaat0_.alkupvm as alkupvm3_5_,
        organisaat0_.domainnimi as domainni4_5_,
        organisaat0_.kotipaikka as kotipaik5_5_,
        organisaat0_.kuvaus_mkt as kuvaus_28_5_,
        organisaat0_.lakkautuspvm as lakkautu6_5_,
        organisaat0_.maa as maa7_5_,
        organisaat0_.metadata_id as metadat29_5_,
        organisaat0_.nimi_mkt as nimi_mk30_5_,
        organisaat0_.nimihaku as nimihaku8_5_,
        organisaat0_.oid as oid9_5_,
        organisaat0_.opetuspisteenjarjnro as opetusp10_5_,
        organisaat0_.oppilaitoskoodi as oppilai11_5_,
        organisaat0_.oppilaitos_tyyppi as oppilai12_5_,
        organisaat0_.organisaatio_poistettu as organis13_5_,
        organisaat0_.paivittaja as paivitt14_5_,
        organisaat0_.paivityspvm as paivity15_5_,
        organisaat0_.parentidpath as parenti16_5_,
        organisaat0_.parentoidpath as parento17_5_,
        organisaat0_.piilotettu as piilote18_5_,
        organisaat0_.tarkastus_pvm as tarkast19_5_,
        organisaat0_.toimipistekoodi as toimipi20_5_,
        organisaat0_.tuontipvm as tuontip21_5_,
        organisaat0_.varhaiskasvatuksen_toimipaikka_tiedot_id as varhais31_5_,
        organisaat0_.virastotunnus as virasto22_5_,
        organisaat0_.yhteishaunkoulukoodi as yhteish23_5_,
        organisaat0_.yritysmuoto as yritysm24_5_,
        organisaat0_.ytj_kieli as ytj_kie25_5_,
        organisaat0_.ytjpaivityspvm as ytjpaiv26_5_,
        organisaat0_.ytunnus as ytunnus27_5_ 
    from
        organisaatio organisaat0_ 
    where
        organisaat0_.oid=?
2020-06-10 18:11:50.514 TRACE 55751 --- [    Test worker] o.h.type.descriptor.sql.BasicBinder      : binding parameter [1] as [VARCHAR] - [1.2.246.562.10.37683350491]
2020-06-10 18:11:50.515 TRACE 55751 --- [    Test worker] o.h.type.descriptor.sql.BasicExtractor   : extracted value ([id1_5_] : [BIGINT]) - [36]
2020-06-10 18:11:50.754  WARN 55751 --- [    Test worker] fi.vm.sade.javautils.http.OphHttpClient  : Failed to CAS authenticate. Renewing proxy ticket.
Hibernate: 
    select
        organisaat0_.id as id1_5_,
        organisaat0_.version as version2_5_,
        organisaat0_.alkupvm as alkupvm3_5_,
        organisaat0_.domainnimi as domainni4_5_,
        organisaat0_.kotipaikka as kotipaik5_5_,
        organisaat0_.kuvaus_mkt as kuvaus_28_5_,
        organisaat0_.lakkautuspvm as lakkautu6_5_,
        organisaat0_.maa as maa7_5_,
        organisaat0_.metadata_id as metadat29_5_,
        organisaat0_.nimi_mkt as nimi_mk30_5_,
        organisaat0_.nimihaku as nimihaku8_5_,
        organisaat0_.oid as oid9_5_,
        organisaat0_.opetuspisteenjarjnro as opetusp10_5_,
        organisaat0_.oppilaitoskoodi as oppilai11_5_,
        organisaat0_.oppilaitos_tyyppi as oppilai12_5_,
        organisaat0_.organisaatio_poistettu as organis13_5_,
        organisaat0_.paivittaja as paivitt14_5_,
        organisaat0_.paivityspvm as paivity15_5_,
        organisaat0_.parentidpath as parenti16_5_,
        organisaat0_.parentoidpath as parento17_5_,
        organisaat0_.piilotettu as piilote18_5_,
        organisaat0_.tarkastus_pvm as tarkast19_5_,
        organisaat0_.toimipistekoodi as toimipi20_5_,
        organisaat0_.tuontipvm as tuontip21_5_,
        organisaat0_.varhaiskasvatuksen_toimipaikka_tiedot_id as varhais31_5_,
        organisaat0_.virastotunnus as virasto22_5_,
        organisaat0_.yhteishaunkoulukoodi as yhteish23_5_,
        organisaat0_.yritysmuoto as yritysm24_5_,
        organisaat0_.ytj_kieli as ytj_kie25_5_,
        organisaat0_.ytjpaivityspvm as ytjpaiv26_5_,
        organisaat0_.ytunnus as ytunnus27_5_ 
    from
        organisaatio organisaat0_ 
    where
        organisaat0_.oid=?
2020-06-10 18:11:50.865 TRACE 55751 --- [    Test worker] o.h.type.descriptor.sql.BasicBinder      : binding parameter [1] as [VARCHAR] - [1.2.246.562.10.37683350491]
2020-06-10 18:11:50.865 TRACE 55751 --- [    Test worker] o.h.type.descriptor.sql.BasicExtractor   : extracted value ([id1_5_] : [BIGINT]) - [36]
Hibernate: 
    select
        organisaat0_.id as id1_5_,
        organisaat0_.version as version2_5_,
        organisaat0_.alkupvm as alkupvm3_5_,
        organisaat0_.domainnimi as domainni4_5_,
        organisaat0_.kotipaikka as kotipaik5_5_,
        organisaat0_.kuvaus_mkt as kuvaus_28_5_,
        organisaat0_.lakkautuspvm as lakkautu6_5_,
        organisaat0_.maa as maa7_5_,
        organisaat0_.metadata_id as metadat29_5_,
        organisaat0_.nimi_mkt as nimi_mk30_5_,
        organisaat0_.nimihaku as nimihaku8_5_,
        organisaat0_.oid as oid9_5_,
        organisaat0_.opetuspisteenjarjnro as opetusp10_5_,
        organisaat0_.oppilaitoskoodi as oppilai11_5_,
        organisaat0_.oppilaitos_tyyppi as oppilai12_5_,
        organisaat0_.organisaatio_poistettu as organis13_5_,
        organisaat0_.paivittaja as paivitt14_5_,
        organisaat0_.paivityspvm as paivity15_5_,
        organisaat0_.parentidpath as parenti16_5_,
        organisaat0_.parentoidpath as parento17_5_,
        organisaat0_.piilotettu as piilote18_5_,
        organisaat0_.tarkastus_pvm as tarkast19_5_,
        organisaat0_.toimipistekoodi as toimipi20_5_,
        organisaat0_.tuontipvm as tuontip21_5_,
        organisaat0_.varhaiskasvatuksen_toimipaikka_tiedot_id as varhais31_5_,
        organisaat0_.virastotunnus as virasto22_5_,
        organisaat0_.yhteishaunkoulukoodi as yhteish23_5_,
        organisaat0_.yritysmuoto as yritysm24_5_,
        organisaat0_.ytj_kieli as ytj_kie25_5_,
        organisaat0_.ytjpaivityspvm as ytjpaiv26_5_,
        organisaat0_.ytunnus as ytunnus27_5_ 
    from
        organisaatio organisaat0_ 
    where
        organisaat0_.oid=?
2020-06-10 18:11:50.867 TRACE 55751 --- [    Test worker] o.h.type.descriptor.sql.BasicBinder      : binding parameter [1] as [VARCHAR] - [1.2.246.562.10.37683350491]
2020-06-10 18:11:50.867 TRACE 55751 --- [    Test worker] o.h.type.descriptor.sql.BasicExtractor   : extracted value ([id1_5_] : [BIGINT]) - [36]
Hibernate: 
    select
        organisaat0_.id as id1_5_,
        organisaat0_.version as version2_5_,
        organisaat0_.alkupvm as alkupvm3_5_,
        organisaat0_.domainnimi as domainni4_5_,
        organisaat0_.kotipaikka as kotipaik5_5_,
        organisaat0_.kuvaus_mkt as kuvaus_28_5_,
        organisaat0_.lakkautuspvm as lakkautu6_5_,
        organisaat0_.maa as maa7_5_,
        organisaat0_.metadata_id as metadat29_5_,
        organisaat0_.nimi_mkt as nimi_mk30_5_,
        organisaat0_.nimihaku as nimihaku8_5_,
        organisaat0_.oid as oid9_5_,
        organisaat0_.opetuspisteenjarjnro as opetusp10_5_,
        organisaat0_.oppilaitoskoodi as oppilai11_5_,
        organisaat0_.oppilaitos_tyyppi as oppilai12_5_,
        organisaat0_.organisaatio_poistettu as organis13_5_,
        organisaat0_.paivittaja as paivitt14_5_,
        organisaat0_.paivityspvm as paivity15_5_,
        organisaat0_.parentidpath as parenti16_5_,
        organisaat0_.parentoidpath as parento17_5_,
        organisaat0_.piilotettu as piilote18_5_,
        organisaat0_.tarkastus_pvm as tarkast19_5_,
        organisaat0_.toimipistekoodi as toimipi20_5_,
        organisaat0_.tuontipvm as tuontip21_5_,
        organisaat0_.varhaiskasvatuksen_toimipaikka_tiedot_id as varhais31_5_,
        organisaat0_.virastotunnus as virasto22_5_,
        organisaat0_.yhteishaunkoulukoodi as yhteish23_5_,
        organisaat0_.yritysmuoto as yritysm24_5_,
        organisaat0_.ytj_kieli as ytj_kie25_5_,
        organisaat0_.ytjpaivityspvm as ytjpaiv26_5_,
        organisaat0_.ytunnus as ytunnus27_5_ 
    from
        organisaatio organisaat0_ 
    where
        organisaat0_.toimipistekoodi=?
2020-06-10 18:11:50.868 TRACE 55751 --- [    Test worker] o.h.type.descriptor.sql.BasicBinder      : binding parameter [1] as [VARCHAR] - [oppilaitoskoodi01]
Hibernate: 
    insert 
    into
        monikielinen_teksti
        (id, version) 
    values
        (null, ?)
2020-06-10 18:11:50.869 TRACE 55751 --- [    Test worker] o.h.type.descriptor.sql.BasicBinder      : binding parameter [1] as [BIGINT] - [0]
Hibernate: 
    insert 
    into
        monikielinen_teksti
        (id, version) 
    values
        (null, ?)
2020-06-10 18:11:50.869 TRACE 55751 --- [    Test worker] o.h.type.descriptor.sql.BasicBinder      : binding parameter [1] as [BIGINT] - [0]
Hibernate: 
    insert 
    into
        organisaatio
        (id, version, alkupvm, domainnimi, kotipaikka, kuvaus_mkt, lakkautuspvm, maa, metadata_id, nimi_mkt, nimihaku, oid, opetuspisteenjarjnro, oppilaitoskoodi, oppilaitos_tyyppi, organisaatio_poistettu, paivittaja, paivityspvm, parentidpath, parentoidpath, piilotettu, tarkastus_pvm, toimipistekoodi, tuontipvm, varhaiskasvatuksen_toimipaikka_tiedot_id, virastotunnus, yhteishaunkoulukoodi, yritysmuoto, ytj_kieli, ytjpaivityspvm, ytunnus) 
    values
        (null, ?, ?, ?, ?, ?, ?, ?, ?, ?, ?, ?, ?, ?, ?, ?, ?, ?, ?, ?, ?, ?, ?, ?, ?, ?, ?, ?, ?, ?, ?)
2020-06-10 18:11:50.870 TRACE 55751 --- [    Test worker] o.h.type.descriptor.sql.BasicBinder      : binding parameter [1] as [BIGINT] - [0]
2020-06-10 18:11:50.870 TRACE 55751 --- [    Test worker] o.h.type.descriptor.sql.BasicBinder      : binding parameter [2] as [DATE] - [Fri Dec 31 00:00:00 EET 1999]
2020-06-10 18:11:50.870 TRACE 55751 --- [    Test worker] o.h.type.descriptor.sql.BasicBinder      : binding parameter [3] as [VARCHAR] - [null]
2020-06-10 18:11:50.870 TRACE 55751 --- [    Test worker] o.h.type.descriptor.sql.BasicBinder      : binding parameter [4] as [VARCHAR] - [kunta_092]
2020-06-10 18:11:50.870 TRACE 55751 --- [    Test worker] o.h.type.descriptor.sql.BasicBinder      : binding parameter [5] as [BIGINT] - [1057]
2020-06-10 18:11:50.870 TRACE 55751 --- [    Test worker] o.h.type.descriptor.sql.BasicBinder      : binding parameter [6] as [DATE] - [null]
2020-06-10 18:11:50.870 TRACE 55751 --- [    Test worker] o.h.type.descriptor.sql.BasicBinder      : binding parameter [7] as [VARCHAR] - [maatjavaltiot1_fin]
2020-06-10 18:11:50.870 TRACE 55751 --- [    Test worker] o.h.type.descriptor.sql.BasicBinder      : binding parameter [8] as [BIGINT] - [null]
2020-06-10 18:11:50.870 TRACE 55751 --- [    Test worker] o.h.type.descriptor.sql.BasicBinder      : binding parameter [9] as [BIGINT] - [1058]
2020-06-10 18:11:50.870 TRACE 55751 --- [    Test worker] o.h.type.descriptor.sql.BasicBinder      : binding parameter [10] as [VARCHAR] - [,oppilaitos1, toimipiste1]
2020-06-10 18:11:50.870 TRACE 55751 --- [    Test worker] o.h.type.descriptor.sql.BasicBinder      : binding parameter [11] as [VARCHAR] - [1.2.246.562.10.60403461038]
2020-06-10 18:11:50.870 TRACE 55751 --- [    Test worker] o.h.type.descriptor.sql.BasicBinder      : binding parameter [12] as [VARCHAR] - [01]
2020-06-10 18:11:50.870 TRACE 55751 --- [    Test worker] o.h.type.descriptor.sql.BasicBinder      : binding parameter [13] as [VARCHAR] - [null]
2020-06-10 18:11:50.870 TRACE 55751 --- [    Test worker] o.h.type.descriptor.sql.BasicBinder      : binding parameter [14] as [VARCHAR] - [null]
2020-06-10 18:11:50.870 TRACE 55751 --- [    Test worker] o.h.type.descriptor.sql.BasicBinder      : binding parameter [15] as [BOOLEAN] - [false]
2020-06-10 18:11:50.870 TRACE 55751 --- [    Test worker] o.h.type.descriptor.sql.BasicBinder      : binding parameter [16] as [VARCHAR] - [ophadmin]
2020-06-10 18:11:50.870 TRACE 55751 --- [    Test worker] o.h.type.descriptor.sql.BasicBinder      : binding parameter [17] as [TIMESTAMP] - [Wed Jun 10 18:11:50 EEST 2020]
2020-06-10 18:11:50.870 TRACE 55751 --- [    Test worker] o.h.type.descriptor.sql.BasicBinder      : binding parameter [18] as [VARCHAR] - [|1|35|36|]
2020-06-10 18:11:50.870 TRACE 55751 --- [    Test worker] o.h.type.descriptor.sql.BasicBinder      : binding parameter [19] as [VARCHAR] - [|1.2.246.562.24.00000000001|1.2.246.562.10.11690556837|1.2.246.562.10.37683350491|]
2020-06-10 18:11:50.870 TRACE 55751 --- [    Test worker] o.h.type.descriptor.sql.BasicBinder      : binding parameter [20] as [BOOLEAN] - [false]
2020-06-10 18:11:50.870 TRACE 55751 --- [    Test worker] o.h.type.descriptor.sql.BasicBinder      : binding parameter [21] as [TIMESTAMP] - [null]
2020-06-10 18:11:50.870 TRACE 55751 --- [    Test worker] o.h.type.descriptor.sql.BasicBinder      : binding parameter [22] as [VARCHAR] - [oppilaitoskoodi01]
2020-06-10 18:11:50.870 TRACE 55751 --- [    Test worker] o.h.type.descriptor.sql.BasicBinder      : binding parameter [23] as [TIMESTAMP] - [null]
2020-06-10 18:11:50.870 TRACE 55751 --- [    Test worker] o.h.type.descriptor.sql.BasicBinder      : binding parameter [24] as [BIGINT] - [null]
2020-06-10 18:11:50.870 TRACE 55751 --- [    Test worker] o.h.type.descriptor.sql.BasicBinder      : binding parameter [25] as [VARCHAR] - [null]
2020-06-10 18:11:50.870 TRACE 55751 --- [    Test worker] o.h.type.descriptor.sql.BasicBinder      : binding parameter [26] as [VARCHAR] - [null]
2020-06-10 18:11:50.870 TRACE 55751 --- [    Test worker] o.h.type.descriptor.sql.BasicBinder      : binding parameter [27] as [VARCHAR] - [null]
2020-06-10 18:11:50.870 TRACE 55751 --- [    Test worker] o.h.type.descriptor.sql.BasicBinder      : binding parameter [28] as [VARCHAR] - [null]
2020-06-10 18:11:50.870 TRACE 55751 --- [    Test worker] o.h.type.descriptor.sql.BasicBinder      : binding parameter [29] as [DATE] - [null]
2020-06-10 18:11:50.870 TRACE 55751 --- [    Test worker] o.h.type.descriptor.sql.BasicBinder      : binding parameter [30] as [VARCHAR] - [null]
Hibernate: 
    insert 
    into
        organisaatio_nimi
        (id, version, alkupvm, nimi_mkt, organisaatio_id, paivittaja) 
    values
        (null, ?, ?, ?, ?, ?)
2020-06-10 18:11:50.870 TRACE 55751 --- [    Test worker] o.h.type.descriptor.sql.BasicBinder      : binding parameter [1] as [BIGINT] - [0]
2020-06-10 18:11:50.871 TRACE 55751 --- [    Test worker] o.h.type.descriptor.sql.BasicBinder      : binding parameter [2] as [DATE] - [Wed Jun 10 18:11:50 EEST 2020]
2020-06-10 18:11:50.871 TRACE 55751 --- [    Test worker] o.h.type.descriptor.sql.BasicBinder      : binding parameter [3] as [BIGINT] - [1058]
2020-06-10 18:11:50.871 TRACE 55751 --- [    Test worker] o.h.type.descriptor.sql.BasicBinder      : binding parameter [4] as [BIGINT] - [37]
2020-06-10 18:11:50.871 TRACE 55751 --- [    Test worker] o.h.type.descriptor.sql.BasicBinder      : binding parameter [5] as [VARCHAR] - [null]
Hibernate: 
    insert 
    into
        yhteystieto
        (id, version, kieli, organisaatio_id, yhteystieto_oid, coordinatetype, extrarivi, lat, lng, maa, osavaltio, osoite, osoite_tyyppi, postinumero, postitoimipaikka, ytjpaivityspvm, dtype) 
    values
        (null, ?, ?, ?, ?, ?, ?, ?, ?, ?, ?, ?, ?, ?, ?, ?, 'Osoite')
2020-06-10 18:11:50.871 TRACE 55751 --- [    Test worker] o.h.type.descriptor.sql.BasicBinder      : binding parameter [1] as [BIGINT] - [0]
2020-06-10 18:11:50.871 TRACE 55751 --- [    Test worker] o.h.type.descriptor.sql.BasicBinder      : binding parameter [2] as [VARCHAR] - [kieli_fi#1]
2020-06-10 18:11:50.871 TRACE 55751 --- [    Test worker] o.h.type.descriptor.sql.BasicBinder      : binding parameter [3] as [BIGINT] - [37]
2020-06-10 18:11:50.871 TRACE 55751 --- [    Test worker] o.h.type.descriptor.sql.BasicBinder      : binding parameter [4] as [VARCHAR] - [1.2.246.562.5.14838250324]
2020-06-10 18:11:50.871 TRACE 55751 --- [    Test worker] o.h.type.descriptor.sql.BasicBinder      : binding parameter [5] as [VARCHAR] - [null]
2020-06-10 18:11:50.871 TRACE 55751 --- [    Test worker] o.h.type.descriptor.sql.BasicBinder      : binding parameter [6] as [VARCHAR] - [null]
2020-06-10 18:11:50.871 TRACE 55751 --- [    Test worker] o.h.type.descriptor.sql.BasicBinder      : binding parameter [7] as [DOUBLE] - [null]
2020-06-10 18:11:50.871 TRACE 55751 --- [    Test worker] o.h.type.descriptor.sql.BasicBinder      : binding parameter [8] as [DOUBLE] - [null]
2020-06-10 18:11:50.871 TRACE 55751 --- [    Test worker] o.h.type.descriptor.sql.BasicBinder      : binding parameter [9] as [VARCHAR] - [null]
2020-06-10 18:11:50.871 TRACE 55751 --- [    Test worker] o.h.type.descriptor.sql.BasicBinder      : binding parameter [10] as [VARCHAR] - [null]
2020-06-10 18:11:50.871 TRACE 55751 --- [    Test worker] o.h.type.descriptor.sql.BasicBinder      : binding parameter [11] as [VARCHAR] - [Postiosoite 1A]
2020-06-10 18:11:50.871 TRACE 55751 --- [    Test worker] o.h.type.descriptor.sql.BasicBinder      : binding parameter [12] as [VARCHAR] - [posti]
2020-06-10 18:11:50.871 TRACE 55751 --- [    Test worker] o.h.type.descriptor.sql.BasicBinder      : binding parameter [13] as [VARCHAR] - [00550]
2020-06-10 18:11:50.871 TRACE 55751 --- [    Test worker] o.h.type.descriptor.sql.BasicBinder      : binding parameter [14] as [VARCHAR] - [Helsinki]
2020-06-10 18:11:50.871 TRACE 55751 --- [    Test worker] o.h.type.descriptor.sql.BasicBinder      : binding parameter [15] as [DATE] - [null]
Hibernate: 
    insert 
    into
        yhteystieto
        (id, version, kieli, organisaatio_id, yhteystieto_oid, www_osoite, dtype) 
    values
        (null, ?, ?, ?, ?, ?, 'Www')
2020-06-10 18:11:50.872 TRACE 55751 --- [    Test worker] o.h.type.descriptor.sql.BasicBinder      : binding parameter [1] as [BIGINT] - [0]
2020-06-10 18:11:50.872 TRACE 55751 --- [    Test worker] o.h.type.descriptor.sql.BasicBinder      : binding parameter [2] as [VARCHAR] - [kieli_fi#1]
2020-06-10 18:11:50.872 TRACE 55751 --- [    Test worker] o.h.type.descriptor.sql.BasicBinder      : binding parameter [3] as [BIGINT] - [37]
2020-06-10 18:11:50.872 TRACE 55751 --- [    Test worker] o.h.type.descriptor.sql.BasicBinder      : binding parameter [4] as [VARCHAR] - [15918019105120.7137726163854127]
2020-06-10 18:11:50.872 TRACE 55751 --- [    Test worker] o.h.type.descriptor.sql.BasicBinder      : binding parameter [5] as [VARCHAR] - [http://test.oph.fi]
Hibernate: 
    insert 
    into
        yhteystieto
        (id, version, kieli, organisaatio_id, yhteystieto_oid, puhelinnumero, tyyppi, dtype) 
    values
        (null, ?, ?, ?, ?, ?, ?, 'Puhelinnumero')
2020-06-10 18:11:50.872 TRACE 55751 --- [    Test worker] o.h.type.descriptor.sql.BasicBinder      : binding parameter [1] as [BIGINT] - [0]
2020-06-10 18:11:50.872 TRACE 55751 --- [    Test worker] o.h.type.descriptor.sql.BasicBinder      : binding parameter [2] as [VARCHAR] - [kieli_fi#1]
2020-06-10 18:11:50.872 TRACE 55751 --- [    Test worker] o.h.type.descriptor.sql.BasicBinder      : binding parameter [3] as [BIGINT] - [37]
2020-06-10 18:11:50.872 TRACE 55751 --- [    Test worker] o.h.type.descriptor.sql.BasicBinder      : binding parameter [4] as [VARCHAR] - [1.2.246.562.5.52185394534]
2020-06-10 18:11:50.872 TRACE 55751 --- [    Test worker] o.h.type.descriptor.sql.BasicBinder      : binding parameter [5] as [VARCHAR] - [123]
2020-06-10 18:11:50.872 TRACE 55751 --- [    Test worker] o.h.type.descriptor.sql.BasicBinder      : binding parameter [6] as [VARCHAR] - [puhelin]
Hibernate: 
    insert 
    into
        yhteystieto
        (id, version, kieli, organisaatio_id, yhteystieto_oid, coordinatetype, extrarivi, lat, lng, maa, osavaltio, osoite, osoite_tyyppi, postinumero, postitoimipaikka, ytjpaivityspvm, dtype) 
    values
        (null, ?, ?, ?, ?, ?, ?, ?, ?, ?, ?, ?, ?, ?, ?, ?, 'Osoite')
2020-06-10 18:11:50.872 TRACE 55751 --- [    Test worker] o.h.type.descriptor.sql.BasicBinder      : binding parameter [1] as [BIGINT] - [0]
2020-06-10 18:11:50.873 TRACE 55751 --- [    Test worker] o.h.type.descriptor.sql.BasicBinder      : binding parameter [2] as [VARCHAR] - [kieli_fi#1]
2020-06-10 18:11:50.873 TRACE 55751 --- [    Test worker] o.h.type.descriptor.sql.BasicBinder      : binding parameter [3] as [BIGINT] - [37]
2020-06-10 18:11:50.873 TRACE 55751 --- [    Test worker] o.h.type.descriptor.sql.BasicBinder      : binding parameter [4] as [VARCHAR] - [1.2.246.562.5.87548133142]
2020-06-10 18:11:50.873 TRACE 55751 --- [    Test worker] o.h.type.descriptor.sql.BasicBinder      : binding parameter [5] as [VARCHAR] - [null]
2020-06-10 18:11:50.873 TRACE 55751 --- [    Test worker] o.h.type.descriptor.sql.BasicBinder      : binding parameter [6] as [VARCHAR] - [null]
2020-06-10 18:11:50.873 TRACE 55751 --- [    Test worker] o.h.type.descriptor.sql.BasicBinder      : binding parameter [7] as [DOUBLE] - [null]
2020-06-10 18:11:50.873 TRACE 55751 --- [    Test worker] o.h.type.descriptor.sql.BasicBinder      : binding parameter [8] as [DOUBLE] - [null]
2020-06-10 18:11:50.873 TRACE 55751 --- [    Test worker] o.h.type.descriptor.sql.BasicBinder      : binding parameter [9] as [VARCHAR] - [null]
2020-06-10 18:11:50.873 TRACE 55751 --- [    Test worker] o.h.type.descriptor.sql.BasicBinder      : binding parameter [10] as [VARCHAR] - [null]
2020-06-10 18:11:50.873 TRACE 55751 --- [    Test worker] o.h.type.descriptor.sql.BasicBinder      : binding parameter [11] as [VARCHAR] - [Kayntiosoite 2B]
2020-06-10 18:11:50.873 TRACE 55751 --- [    Test worker] o.h.type.descriptor.sql.BasicBinder      : binding parameter [12] as [VARCHAR] - [kaynti]
2020-06-10 18:11:50.873 TRACE 55751 --- [    Test worker] o.h.type.descriptor.sql.BasicBinder      : binding parameter [13] as [VARCHAR] - [posti_00550]
2020-06-10 18:11:50.873 TRACE 55751 --- [    Test worker] o.h.type.descriptor.sql.BasicBinder      : binding parameter [14] as [VARCHAR] - [Helsinki]
2020-06-10 18:11:50.873 TRACE 55751 --- [    Test worker] o.h.type.descriptor.sql.BasicBinder      : binding parameter [15] as [DATE] - [null]
Hibernate: 
    insert 
    into
        yhteystieto
        (id, version, kieli, organisaatio_id, yhteystieto_oid, email, dtype) 
    values
        (null, ?, ?, ?, ?, ?, 'Email')
2020-06-10 18:11:50.873 TRACE 55751 --- [    Test worker] o.h.type.descriptor.sql.BasicBinder      : binding parameter [1] as [BIGINT] - [0]
2020-06-10 18:11:50.873 TRACE 55751 --- [    Test worker] o.h.type.descriptor.sql.BasicBinder      : binding parameter [2] as [VARCHAR] - [kieli_fi#1]
2020-06-10 18:11:50.873 TRACE 55751 --- [    Test worker] o.h.type.descriptor.sql.BasicBinder      : binding parameter [3] as [BIGINT] - [37]
2020-06-10 18:11:50.873 TRACE 55751 --- [    Test worker] o.h.type.descriptor.sql.BasicBinder      : binding parameter [4] as [VARCHAR] - [15918019105120.42504714391237675]
2020-06-10 18:11:50.873 TRACE 55751 --- [    Test worker] o.h.type.descriptor.sql.BasicBinder      : binding parameter [5] as [VARCHAR] - [asd@asd.asd]
2020-06-10 18:11:50.874  INFO 55751 --- [    Test worker] .s.o.r.i.OrganisaatioSuhdeRepositoryImpl : findParentTo(37, Wed Jun 10 18:11:50 EEST 2020)
Hibernate: 
    update
        organisaatio 
    set
        version=?,
        alkupvm=?,
        domainnimi=?,
        kotipaikka=?,
        kuvaus_mkt=?,
        lakkautuspvm=?,
        maa=?,
        metadata_id=?,
        nimi_mkt=?,
        nimihaku=?,
        oid=?,
        opetuspisteenjarjnro=?,
        oppilaitoskoodi=?,
        oppilaitos_tyyppi=?,
        organisaatio_poistettu=?,
        paivittaja=?,
        paivityspvm=?,
        parentidpath=?,
        parentoidpath=?,
        piilotettu=?,
        tarkastus_pvm=?,
        toimipistekoodi=?,
        tuontipvm=?,
        varhaiskasvatuksen_toimipaikka_tiedot_id=?,
        virastotunnus=?,
        yhteishaunkoulukoodi=?,
        yritysmuoto=?,
        ytj_kieli=?,
        ytjpaivityspvm=?,
        ytunnus=? 
    where
        id=? 
        and version=?
2020-06-10 18:11:50.875 TRACE 55751 --- [    Test worker] o.h.type.descriptor.sql.BasicBinder      : binding parameter [1] as [BIGINT] - [1]
2020-06-10 18:11:50.875 TRACE 55751 --- [    Test worker] o.h.type.descriptor.sql.BasicBinder      : binding parameter [2] as [DATE] - [Fri Dec 31 00:00:00 EET 1999]
2020-06-10 18:11:50.875 TRACE 55751 --- [    Test worker] o.h.type.descriptor.sql.BasicBinder      : binding parameter [3] as [VARCHAR] - [null]
2020-06-10 18:11:50.875 TRACE 55751 --- [    Test worker] o.h.type.descriptor.sql.BasicBinder      : binding parameter [4] as [VARCHAR] - [kunta_092]
2020-06-10 18:11:50.875 TRACE 55751 --- [    Test worker] o.h.type.descriptor.sql.BasicBinder      : binding parameter [5] as [BIGINT] - [1057]
2020-06-10 18:11:50.875 TRACE 55751 --- [    Test worker] o.h.type.descriptor.sql.BasicBinder      : binding parameter [6] as [DATE] - [null]
2020-06-10 18:11:50.875 TRACE 55751 --- [    Test worker] o.h.type.descriptor.sql.BasicBinder      : binding parameter [7] as [VARCHAR] - [maatjavaltiot1_fin]
2020-06-10 18:11:50.875 TRACE 55751 --- [    Test worker] o.h.type.descriptor.sql.BasicBinder      : binding parameter [8] as [BIGINT] - [null]
2020-06-10 18:11:50.875 TRACE 55751 --- [    Test worker] o.h.type.descriptor.sql.BasicBinder      : binding parameter [9] as [BIGINT] - [1058]
2020-06-10 18:11:50.875 TRACE 55751 --- [    Test worker] o.h.type.descriptor.sql.BasicBinder      : binding parameter [10] as [VARCHAR] - [,oppilaitos1, toimipiste1]
2020-06-10 18:11:50.875 TRACE 55751 --- [    Test worker] o.h.type.descriptor.sql.BasicBinder      : binding parameter [11] as [VARCHAR] - [1.2.246.562.10.60403461038]
2020-06-10 18:11:50.875 TRACE 55751 --- [    Test worker] o.h.type.descriptor.sql.BasicBinder      : binding parameter [12] as [VARCHAR] - [01]
2020-06-10 18:11:50.875 TRACE 55751 --- [    Test worker] o.h.type.descriptor.sql.BasicBinder      : binding parameter [13] as [VARCHAR] - [null]
2020-06-10 18:11:50.875 TRACE 55751 --- [    Test worker] o.h.type.descriptor.sql.BasicBinder      : binding parameter [14] as [VARCHAR] - [null]
2020-06-10 18:11:50.875 TRACE 55751 --- [    Test worker] o.h.type.descriptor.sql.BasicBinder      : binding parameter [15] as [BOOLEAN] - [false]
2020-06-10 18:11:50.875 TRACE 55751 --- [    Test worker] o.h.type.descriptor.sql.BasicBinder      : binding parameter [16] as [VARCHAR] - [ophadmin]
2020-06-10 18:11:50.875 TRACE 55751 --- [    Test worker] o.h.type.descriptor.sql.BasicBinder      : binding parameter [17] as [TIMESTAMP] - [Wed Jun 10 18:11:50 EEST 2020]
2020-06-10 18:11:50.875 TRACE 55751 --- [    Test worker] o.h.type.descriptor.sql.BasicBinder      : binding parameter [18] as [VARCHAR] - [|1|35|36|]
2020-06-10 18:11:50.875 TRACE 55751 --- [    Test worker] o.h.type.descriptor.sql.BasicBinder      : binding parameter [19] as [VARCHAR] - [|1.2.246.562.24.00000000001|1.2.246.562.10.11690556837|1.2.246.562.10.37683350491|]
2020-06-10 18:11:50.875 TRACE 55751 --- [    Test worker] o.h.type.descriptor.sql.BasicBinder      : binding parameter [20] as [BOOLEAN] - [false]
2020-06-10 18:11:50.875 TRACE 55751 --- [    Test worker] o.h.type.descriptor.sql.BasicBinder      : binding parameter [21] as [TIMESTAMP] - [null]
2020-06-10 18:11:50.875 TRACE 55751 --- [    Test worker] o.h.type.descriptor.sql.BasicBinder      : binding parameter [22] as [VARCHAR] - [oppilaitoskoodi01]
2020-06-10 18:11:50.875 TRACE 55751 --- [    Test worker] o.h.type.descriptor.sql.BasicBinder      : binding parameter [23] as [TIMESTAMP] - [null]
2020-06-10 18:11:50.875 TRACE 55751 --- [    Test worker] o.h.type.descriptor.sql.BasicBinder      : binding parameter [24] as [BIGINT] - [null]
2020-06-10 18:11:50.875 TRACE 55751 --- [    Test worker] o.h.type.descriptor.sql.BasicBinder      : binding parameter [25] as [VARCHAR] - [null]
2020-06-10 18:11:50.875 TRACE 55751 --- [    Test worker] o.h.type.descriptor.sql.BasicBinder      : binding parameter [26] as [VARCHAR] - [null]
2020-06-10 18:11:50.875 TRACE 55751 --- [    Test worker] o.h.type.descriptor.sql.BasicBinder      : binding parameter [27] as [VARCHAR] - [null]
2020-06-10 18:11:50.875 TRACE 55751 --- [    Test worker] o.h.type.descriptor.sql.BasicBinder      : binding parameter [28] as [VARCHAR] - [null]
2020-06-10 18:11:50.875 TRACE 55751 --- [    Test worker] o.h.type.descriptor.sql.BasicBinder      : binding parameter [29] as [DATE] - [null]
2020-06-10 18:11:50.875 TRACE 55751 --- [    Test worker] o.h.type.descriptor.sql.BasicBinder      : binding parameter [30] as [VARCHAR] - [null]
2020-06-10 18:11:50.875 TRACE 55751 --- [    Test worker] o.h.type.descriptor.sql.BasicBinder      : binding parameter [31] as [BIGINT] - [37]
2020-06-10 18:11:50.875 TRACE 55751 --- [    Test worker] o.h.type.descriptor.sql.BasicBinder      : binding parameter [32] as [BIGINT] - [0]
Hibernate: 
    insert 
    into
        organisaatio_kielet
        (organisaatio_id, kielet) 
    values
        (?, ?)
2020-06-10 18:11:50.876 TRACE 55751 --- [    Test worker] o.h.type.descriptor.sql.BasicBinder      : binding parameter [1] as [BIGINT] - [37]
2020-06-10 18:11:50.876 TRACE 55751 --- [    Test worker] o.h.type.descriptor.sql.BasicBinder      : binding parameter [2] as [VARCHAR] - [oppilaitoksenopetuskieli_1#1]
Hibernate: 
    insert 
    into
        organisaatio_tyypit
        (organisaatio_id, tyypit) 
    values
        (?, ?)
2020-06-10 18:11:50.876 TRACE 55751 --- [    Test worker] o.h.type.descriptor.sql.BasicBinder      : binding parameter [1] as [BIGINT] - [37]
2020-06-10 18:11:50.876 TRACE 55751 --- [    Test worker] o.h.type.descriptor.sql.BasicBinder      : binding parameter [2] as [VARCHAR] - [organisaatiotyyppi_03]
Hibernate: 
    insert 
    into
        monikielinen_teksti_values
        (id, key, value) 
    values
        (?, ?, ?)
2020-06-10 18:11:50.876 TRACE 55751 --- [    Test worker] o.h.type.descriptor.sql.BasicBinder      : binding parameter [1] as [BIGINT] - [1058]
2020-06-10 18:11:50.876 TRACE 55751 --- [    Test worker] o.h.type.descriptor.sql.BasicBinder      : binding parameter [2] as [VARCHAR] - [fi]
2020-06-10 18:11:50.876 TRACE 55751 --- [    Test worker] o.h.type.descriptor.sql.BasicBinder      : binding parameter [3] as [VARCHAR] - [oppilaitos1, toimipiste1]
Hibernate: 
    select
        organisaat0_.id as id1_19_0_,
        organisaat1_.id as id1_5_1_,
        organisaat0_.version as version2_19_0_,
        organisaat0_.alkupvm as alkupvm3_19_0_,
        organisaat0_.child_id as child_id7_19_0_,
        organisaat0_.loppupvm as loppupvm4_19_0_,
        organisaat0_.opetuspisteenjarjnro as opetuspi5_19_0_,
        organisaat0_.parent_id as parent_i8_19_0_,
        organisaat0_.suhdetyyppi as suhdetyy6_19_0_,
        organisaat1_.version as version2_5_1_,
        organisaat1_.alkupvm as alkupvm3_5_1_,
        organisaat1_.domainnimi as domainni4_5_1_,
        organisaat1_.kotipaikka as kotipaik5_5_1_,
        organisaat1_.kuvaus_mkt as kuvaus_28_5_1_,
        organisaat1_.lakkautuspvm as lakkautu6_5_1_,
        organisaat1_.maa as maa7_5_1_,
        organisaat1_.metadata_id as metadat29_5_1_,
        organisaat1_.nimi_mkt as nimi_mk30_5_1_,
        organisaat1_.nimihaku as nimihaku8_5_1_,
        organisaat1_.oid as oid9_5_1_,
        organisaat1_.opetuspisteenjarjnro as opetusp10_5_1_,
        organisaat1_.oppilaitoskoodi as oppilai11_5_1_,
        organisaat1_.oppilaitos_tyyppi as oppilai12_5_1_,
        organisaat1_.organisaatio_poistettu as organis13_5_1_,
        organisaat1_.paivittaja as paivitt14_5_1_,
        organisaat1_.paivityspvm as paivity15_5_1_,
        organisaat1_.parentidpath as parenti16_5_1_,
        organisaat1_.parentoidpath as parento17_5_1_,
        organisaat1_.piilotettu as piilote18_5_1_,
        organisaat1_.tarkastus_pvm as tarkast19_5_1_,
        organisaat1_.toimipistekoodi as toimipi20_5_1_,
        organisaat1_.tuontipvm as tuontip21_5_1_,
        organisaat1_.varhaiskasvatuksen_toimipaikka_tiedot_id as varhais31_5_1_,
        organisaat1_.virastotunnus as virasto22_5_1_,
        organisaat1_.yhteishaunkoulukoodi as yhteish23_5_1_,
        organisaat1_.yritysmuoto as yritysm24_5_1_,
        organisaat1_.ytj_kieli as ytj_kie25_5_1_,
        organisaat1_.ytjpaivityspvm as ytjpaiv26_5_1_,
        organisaat1_.ytunnus as ytunnus27_5_1_ 
    from
        organisaatiosuhde organisaat0_ 
    inner join
        organisaatio organisaat1_ 
            on organisaat0_.parent_id=organisaat1_.id 
    where
        organisaat0_.child_id=? 
        and organisaat0_.suhdetyyppi=? 
        and (
            organisaat0_.alkupvm=? 
            or organisaat0_.alkupvm<?
        ) 
        and (
            organisaat0_.loppupvm is null 
            or organisaat0_.loppupvm>?
        ) 
        and organisaat1_.organisaatio_poistettu=? 
    order by
        organisaat0_.alkupvm desc
2020-06-10 18:11:50.877 TRACE 55751 --- [    Test worker] o.h.type.descriptor.sql.BasicBinder      : binding parameter [1] as [BIGINT] - [37]
2020-06-10 18:11:50.877 TRACE 55751 --- [    Test worker] o.h.type.descriptor.sql.BasicBinder      : binding parameter [2] as [VARCHAR] - [HISTORIA]
2020-06-10 18:11:50.877 TRACE 55751 --- [    Test worker] o.h.type.descriptor.sql.BasicBinder      : binding parameter [3] as [DATE] - [Wed Jun 10 18:11:50 EEST 2020]
2020-06-10 18:11:50.877 TRACE 55751 --- [    Test worker] o.h.type.descriptor.sql.BasicBinder      : binding parameter [4] as [DATE] - [Wed Jun 10 18:11:50 EEST 2020]
2020-06-10 18:11:50.877 TRACE 55751 --- [    Test worker] o.h.type.descriptor.sql.BasicBinder      : binding parameter [5] as [DATE] - [Wed Jun 10 18:11:50 EEST 2020]
2020-06-10 18:11:50.877 TRACE 55751 --- [    Test worker] o.h.type.descriptor.sql.BasicBinder      : binding parameter [6] as [BOOLEAN] - [false]
2020-06-10 18:11:50.877  INFO 55751 --- [    Test worker] .s.o.r.i.OrganisaatioSuhdeRepositoryImpl : addChild(36, 37, Wed Jun 10 18:11:50 EEST 2020)
Hibernate: 
    insert 
    into
        organisaatiosuhde
        (id, version, alkupvm, child_id, loppupvm, opetuspisteenjarjnro, parent_id, suhdetyyppi) 
    values
        (null, ?, ?, ?, ?, ?, ?, ?)
2020-06-10 18:11:50.877 TRACE 55751 --- [    Test worker] o.h.type.descriptor.sql.BasicBinder      : binding parameter [1] as [BIGINT] - [0]
2020-06-10 18:11:50.877 TRACE 55751 --- [    Test worker] o.h.type.descriptor.sql.BasicBinder      : binding parameter [2] as [DATE] - [Wed Jun 10 18:11:50 EEST 2020]
2020-06-10 18:11:50.877 TRACE 55751 --- [    Test worker] o.h.type.descriptor.sql.BasicBinder      : binding parameter [3] as [BIGINT] - [37]
2020-06-10 18:11:50.877 TRACE 55751 --- [    Test worker] o.h.type.descriptor.sql.BasicBinder      : binding parameter [4] as [DATE] - [null]
2020-06-10 18:11:50.877 TRACE 55751 --- [    Test worker] o.h.type.descriptor.sql.BasicBinder      : binding parameter [5] as [VARCHAR] - [01]
2020-06-10 18:11:50.877 TRACE 55751 --- [    Test worker] o.h.type.descriptor.sql.BasicBinder      : binding parameter [6] as [BIGINT] - [36]
2020-06-10 18:11:50.877 TRACE 55751 --- [    Test worker] o.h.type.descriptor.sql.BasicBinder      : binding parameter [7] as [VARCHAR] - [HISTORIA]
2020-06-10 18:11:50.878  INFO 55751 --- [    Test worker] .s.o.r.i.OrganisaatioSuhdeRepositoryImpl :     Created new child relation:  --> pId=36, cId=37, aPvm=Wed Jun 10 18:11:50 EEST 2020, lPvm=null
Hibernate: 
    select
        organisaat0_.id as id1_19_,
        organisaat0_.version as version2_19_,
        organisaat0_.alkupvm as alkupvm3_19_,
        organisaat0_.child_id as child_id7_19_,
        organisaat0_.loppupvm as loppupvm4_19_,
        organisaat0_.opetuspisteenjarjnro as opetuspi5_19_,
        organisaat0_.parent_id as parent_i8_19_,
        organisaat0_.suhdetyyppi as suhdetyy6_19_ 
    from
        organisaatiosuhde organisaat0_ 
    where
        organisaat0_.child_id=?
2020-06-10 18:11:50.878 TRACE 55751 --- [    Test worker] o.h.type.descriptor.sql.BasicBinder      : binding parameter [1] as [BIGINT] - [37]
2020-06-10 18:11:50.878 TRACE 55751 --- [    Test worker] o.h.type.descriptor.sql.BasicExtractor   : extracted value ([id1_19_] : [BIGINT]) - [41]
Hibernate: 
    select
        organisaat0_.id as id1_5_,
        organisaat0_.version as version2_5_,
        organisaat0_.alkupvm as alkupvm3_5_,
        organisaat0_.domainnimi as domainni4_5_,
        organisaat0_.kotipaikka as kotipaik5_5_,
        organisaat0_.kuvaus_mkt as kuvaus_28_5_,
        organisaat0_.lakkautuspvm as lakkautu6_5_,
        organisaat0_.maa as maa7_5_,
        organisaat0_.metadata_id as metadat29_5_,
        organisaat0_.nimi_mkt as nimi_mk30_5_,
        organisaat0_.nimihaku as nimihaku8_5_,
        organisaat0_.oid as oid9_5_,
        organisaat0_.opetuspisteenjarjnro as opetusp10_5_,
        organisaat0_.oppilaitoskoodi as oppilai11_5_,
        organisaat0_.oppilaitos_tyyppi as oppilai12_5_,
        organisaat0_.organisaatio_poistettu as organis13_5_,
        organisaat0_.paivittaja as paivitt14_5_,
        organisaat0_.paivityspvm as paivity15_5_,
        organisaat0_.parentidpath as parenti16_5_,
        organisaat0_.parentoidpath as parento17_5_,
        organisaat0_.piilotettu as piilote18_5_,
        organisaat0_.tarkastus_pvm as tarkast19_5_,
        organisaat0_.toimipistekoodi as toimipi20_5_,
        organisaat0_.tuontipvm as tuontip21_5_,
        organisaat0_.varhaiskasvatuksen_toimipaikka_tiedot_id as varhais31_5_,
        organisaat0_.virastotunnus as virasto22_5_,
        organisaat0_.yhteishaunkoulukoodi as yhteish23_5_,
        organisaat0_.yritysmuoto as yritysm24_5_,
        organisaat0_.ytj_kieli as ytj_kie25_5_,
        organisaat0_.ytjpaivityspvm as ytjpaiv26_5_,
        organisaat0_.ytunnus as ytunnus27_5_ 
    from
        organisaatio organisaat0_ 
    where
        organisaat0_.oid=?
2020-06-10 18:11:50.879 TRACE 55751 --- [    Test worker] o.h.type.descriptor.sql.BasicBinder      : binding parameter [1] as [VARCHAR] - [1.2.246.562.10.60403461038]
2020-06-10 18:11:50.880 TRACE 55751 --- [    Test worker] o.h.type.descriptor.sql.BasicExtractor   : extracted value ([id1_5_] : [BIGINT]) - [37]
Hibernate: 
    update
        organisaatio 
    set
        version=?,
        alkupvm=?,
        domainnimi=?,
        kotipaikka=?,
        kuvaus_mkt=?,
        lakkautuspvm=?,
        maa=?,
        metadata_id=?,
        nimi_mkt=?,
        nimihaku=?,
        oid=?,
        opetuspisteenjarjnro=?,
        oppilaitoskoodi=?,
        oppilaitos_tyyppi=?,
        organisaatio_poistettu=?,
        paivittaja=?,
        paivityspvm=?,
        parentidpath=?,
        parentoidpath=?,
        piilotettu=?,
        tarkastus_pvm=?,
        toimipistekoodi=?,
        tuontipvm=?,
        varhaiskasvatuksen_toimipaikka_tiedot_id=?,
        virastotunnus=?,
        yhteishaunkoulukoodi=?,
        yritysmuoto=?,
        ytj_kieli=?,
        ytjpaivityspvm=?,
        ytunnus=? 
    where
        id=? 
        and version=?
2020-06-10 18:11:50.881 TRACE 55751 --- [    Test worker] o.h.type.descriptor.sql.BasicBinder      : binding parameter [1] as [BIGINT] - [2]
2020-06-10 18:11:50.882 TRACE 55751 --- [    Test worker] o.h.type.descriptor.sql.BasicBinder      : binding parameter [2] as [DATE] - [Fri Dec 31 00:00:00 EET 1999]
2020-06-10 18:11:50.882 TRACE 55751 --- [    Test worker] o.h.type.descriptor.sql.BasicBinder      : binding parameter [3] as [VARCHAR] - [null]
2020-06-10 18:11:50.882 TRACE 55751 --- [    Test worker] o.h.type.descriptor.sql.BasicBinder      : binding parameter [4] as [VARCHAR] - [kunta_092]
2020-06-10 18:11:50.882 TRACE 55751 --- [    Test worker] o.h.type.descriptor.sql.BasicBinder      : binding parameter [5] as [BIGINT] - [1057]
2020-06-10 18:11:50.882 TRACE 55751 --- [    Test worker] o.h.type.descriptor.sql.BasicBinder      : binding parameter [6] as [DATE] - [null]
2020-06-10 18:11:50.882 TRACE 55751 --- [    Test worker] o.h.type.descriptor.sql.BasicBinder      : binding parameter [7] as [VARCHAR] - [maatjavaltiot1_fin]
2020-06-10 18:11:50.882 TRACE 55751 --- [    Test worker] o.h.type.descriptor.sql.BasicBinder      : binding parameter [8] as [BIGINT] - [null]
2020-06-10 18:11:50.882 TRACE 55751 --- [    Test worker] o.h.type.descriptor.sql.BasicBinder      : binding parameter [9] as [BIGINT] - [1058]
2020-06-10 18:11:50.882 TRACE 55751 --- [    Test worker] o.h.type.descriptor.sql.BasicBinder      : binding parameter [10] as [VARCHAR] - [,oppilaitos1, toimipiste1]
2020-06-10 18:11:50.882 TRACE 55751 --- [    Test worker] o.h.type.descriptor.sql.BasicBinder      : binding parameter [11] as [VARCHAR] - [1.2.246.562.10.60403461038]
2020-06-10 18:11:50.882 TRACE 55751 --- [    Test worker] o.h.type.descriptor.sql.BasicBinder      : binding parameter [12] as [VARCHAR] - [null]
2020-06-10 18:11:50.882 TRACE 55751 --- [    Test worker] o.h.type.descriptor.sql.BasicBinder      : binding parameter [13] as [VARCHAR] - [null]
2020-06-10 18:11:50.882 TRACE 55751 --- [    Test worker] o.h.type.descriptor.sql.BasicBinder      : binding parameter [14] as [VARCHAR] - [null]
2020-06-10 18:11:50.882 TRACE 55751 --- [    Test worker] o.h.type.descriptor.sql.BasicBinder      : binding parameter [15] as [BOOLEAN] - [false]
2020-06-10 18:11:50.882 TRACE 55751 --- [    Test worker] o.h.type.descriptor.sql.BasicBinder      : binding parameter [16] as [VARCHAR] - [ophadmin]
2020-06-10 18:11:50.882 TRACE 55751 --- [    Test worker] o.h.type.descriptor.sql.BasicBinder      : binding parameter [17] as [TIMESTAMP] - [Wed Jun 10 18:11:50 EEST 2020]
2020-06-10 18:11:50.882 TRACE 55751 --- [    Test worker] o.h.type.descriptor.sql.BasicBinder      : binding parameter [18] as [VARCHAR] - [|1|35|36|]
2020-06-10 18:11:50.882 TRACE 55751 --- [    Test worker] o.h.type.descriptor.sql.BasicBinder      : binding parameter [19] as [VARCHAR] - [|1.2.246.562.24.00000000001|1.2.246.562.10.11690556837|1.2.246.562.10.37683350491|]
2020-06-10 18:11:50.882 TRACE 55751 --- [    Test worker] o.h.type.descriptor.sql.BasicBinder      : binding parameter [20] as [BOOLEAN] - [false]
2020-06-10 18:11:50.882 TRACE 55751 --- [    Test worker] o.h.type.descriptor.sql.BasicBinder      : binding parameter [21] as [TIMESTAMP] - [null]
2020-06-10 18:11:50.882 TRACE 55751 --- [    Test worker] o.h.type.descriptor.sql.BasicBinder      : binding parameter [22] as [VARCHAR] - [oppilaitoskoodi01]
2020-06-10 18:11:50.882 TRACE 55751 --- [    Test worker] o.h.type.descriptor.sql.BasicBinder      : binding parameter [23] as [TIMESTAMP] - [null]
2020-06-10 18:11:50.882 TRACE 55751 --- [    Test worker] o.h.type.descriptor.sql.BasicBinder      : binding parameter [24] as [BIGINT] - [null]
2020-06-10 18:11:50.882 TRACE 55751 --- [    Test worker] o.h.type.descriptor.sql.BasicBinder      : binding parameter [25] as [VARCHAR] - [null]
2020-06-10 18:11:50.882 TRACE 55751 --- [    Test worker] o.h.type.descriptor.sql.BasicBinder      : binding parameter [26] as [VARCHAR] - [null]
2020-06-10 18:11:50.882 TRACE 55751 --- [    Test worker] o.h.type.descriptor.sql.BasicBinder      : binding parameter [27] as [VARCHAR] - [null]
2020-06-10 18:11:50.882 TRACE 55751 --- [    Test worker] o.h.type.descriptor.sql.BasicBinder      : binding parameter [28] as [VARCHAR] - [null]
2020-06-10 18:11:50.882 TRACE 55751 --- [    Test worker] o.h.type.descriptor.sql.BasicBinder      : binding parameter [29] as [DATE] - [null]
2020-06-10 18:11:50.882 TRACE 55751 --- [    Test worker] o.h.type.descriptor.sql.BasicBinder      : binding parameter [30] as [VARCHAR] - [null]
2020-06-10 18:11:50.882 TRACE 55751 --- [    Test worker] o.h.type.descriptor.sql.BasicBinder      : binding parameter [31] as [BIGINT] - [37]
2020-06-10 18:11:50.882 TRACE 55751 --- [    Test worker] o.h.type.descriptor.sql.BasicBinder      : binding parameter [32] as [BIGINT] - [1]
Hibernate: 
    select
        organisaat0_.id as id1_5_,
        organisaat0_.version as version2_5_,
        organisaat0_.alkupvm as alkupvm3_5_,
        organisaat0_.domainnimi as domainni4_5_,
        organisaat0_.kotipaikka as kotipaik5_5_,
        organisaat0_.kuvaus_mkt as kuvaus_28_5_,
        organisaat0_.lakkautuspvm as lakkautu6_5_,
        organisaat0_.maa as maa7_5_,
        organisaat0_.metadata_id as metadat29_5_,
        organisaat0_.nimi_mkt as nimi_mk30_5_,
        organisaat0_.nimihaku as nimihaku8_5_,
        organisaat0_.oid as oid9_5_,
        organisaat0_.opetuspisteenjarjnro as opetusp10_5_,
        organisaat0_.oppilaitoskoodi as oppilai11_5_,
        organisaat0_.oppilaitos_tyyppi as oppilai12_5_,
        organisaat0_.organisaatio_poistettu as organis13_5_,
        organisaat0_.paivittaja as paivitt14_5_,
        organisaat0_.paivityspvm as paivity15_5_,
        organisaat0_.parentidpath as parenti16_5_,
        organisaat0_.parentoidpath as parento17_5_,
        organisaat0_.piilotettu as piilote18_5_,
        organisaat0_.tarkastus_pvm as tarkast19_5_,
        organisaat0_.toimipistekoodi as toimipi20_5_,
        organisaat0_.tuontipvm as tuontip21_5_,
        organisaat0_.varhaiskasvatuksen_toimipaikka_tiedot_id as varhais31_5_,
        organisaat0_.virastotunnus as virasto22_5_,
        organisaat0_.yhteishaunkoulukoodi as yhteish23_5_,
        organisaat0_.yritysmuoto as yritysm24_5_,
        organisaat0_.ytj_kieli as ytj_kie25_5_,
        organisaat0_.ytjpaivityspvm as ytjpaiv26_5_,
        organisaat0_.ytunnus as ytunnus27_5_ 
    from
        organisaatio organisaat0_ 
    where
        organisaat0_.oid=?
2020-06-10 18:11:50.883 TRACE 55751 --- [    Test worker] o.h.type.descriptor.sql.BasicBinder      : binding parameter [1] as [VARCHAR] - [1.2.246.562.10.37683350491]
2020-06-10 18:11:50.883 TRACE 55751 --- [    Test worker] o.h.type.descriptor.sql.BasicExtractor   : extracted value ([id1_5_] : [BIGINT]) - [36]
2020-06-10 18:11:51.120  WARN 55751 --- [    Test worker] fi.vm.sade.javautils.http.OphHttpClient  : Failed to CAS authenticate. Renewing proxy ticket.
Hibernate: 
    select
        organisaat0_.id as id1_5_,
        organisaat0_.version as version2_5_,
        organisaat0_.alkupvm as alkupvm3_5_,
        organisaat0_.domainnimi as domainni4_5_,
        organisaat0_.kotipaikka as kotipaik5_5_,
        organisaat0_.kuvaus_mkt as kuvaus_28_5_,
        organisaat0_.lakkautuspvm as lakkautu6_5_,
        organisaat0_.maa as maa7_5_,
        organisaat0_.metadata_id as metadat29_5_,
        organisaat0_.nimi_mkt as nimi_mk30_5_,
        organisaat0_.nimihaku as nimihaku8_5_,
        organisaat0_.oid as oid9_5_,
        organisaat0_.opetuspisteenjarjnro as opetusp10_5_,
        organisaat0_.oppilaitoskoodi as oppilai11_5_,
        organisaat0_.oppilaitos_tyyppi as oppilai12_5_,
        organisaat0_.organisaatio_poistettu as organis13_5_,
        organisaat0_.paivittaja as paivitt14_5_,
        organisaat0_.paivityspvm as paivity15_5_,
        organisaat0_.parentidpath as parenti16_5_,
        organisaat0_.parentoidpath as parento17_5_,
        organisaat0_.piilotettu as piilote18_5_,
        organisaat0_.tarkastus_pvm as tarkast19_5_,
        organisaat0_.toimipistekoodi as toimipi20_5_,
        organisaat0_.tuontipvm as tuontip21_5_,
        organisaat0_.varhaiskasvatuksen_toimipaikka_tiedot_id as varhais31_5_,
        organisaat0_.virastotunnus as virasto22_5_,
        organisaat0_.yhteishaunkoulukoodi as yhteish23_5_,
        organisaat0_.yritysmuoto as yritysm24_5_,
        organisaat0_.ytj_kieli as ytj_kie25_5_,
        organisaat0_.ytjpaivityspvm as ytjpaiv26_5_,
        organisaat0_.ytunnus as ytunnus27_5_ 
    from
        organisaatio organisaat0_ 
    where
        organisaat0_.oid=?
2020-06-10 18:11:51.225 TRACE 55751 --- [    Test worker] o.h.type.descriptor.sql.BasicBinder      : binding parameter [1] as [VARCHAR] - [1.2.246.562.10.60403461038]
2020-06-10 18:11:51.225 TRACE 55751 --- [    Test worker] o.h.type.descriptor.sql.BasicExtractor   : extracted value ([id1_5_] : [BIGINT]) - [37]
Hibernate: 
    select
        organisaat0_.id as id1_5_,
        organisaat0_.version as version2_5_,
        organisaat0_.alkupvm as alkupvm3_5_,
        organisaat0_.domainnimi as domainni4_5_,
        organisaat0_.kotipaikka as kotipaik5_5_,
        organisaat0_.kuvaus_mkt as kuvaus_28_5_,
        organisaat0_.lakkautuspvm as lakkautu6_5_,
        organisaat0_.maa as maa7_5_,
        organisaat0_.metadata_id as metadat29_5_,
        organisaat0_.nimi_mkt as nimi_mk30_5_,
        organisaat0_.nimihaku as nimihaku8_5_,
        organisaat0_.oid as oid9_5_,
        organisaat0_.opetuspisteenjarjnro as opetusp10_5_,
        organisaat0_.oppilaitoskoodi as oppilai11_5_,
        organisaat0_.oppilaitos_tyyppi as oppilai12_5_,
        organisaat0_.organisaatio_poistettu as organis13_5_,
        organisaat0_.paivittaja as paivitt14_5_,
        organisaat0_.paivityspvm as paivity15_5_,
        organisaat0_.parentidpath as parenti16_5_,
        organisaat0_.parentoidpath as parento17_5_,
        organisaat0_.piilotettu as piilote18_5_,
        organisaat0_.tarkastus_pvm as tarkast19_5_,
        organisaat0_.toimipistekoodi as toimipi20_5_,
        organisaat0_.tuontipvm as tuontip21_5_,
        organisaat0_.varhaiskasvatuksen_toimipaikka_tiedot_id as varhais31_5_,
        organisaat0_.virastotunnus as virasto22_5_,
        organisaat0_.yhteishaunkoulukoodi as yhteish23_5_,
        organisaat0_.yritysmuoto as yritysm24_5_,
        organisaat0_.ytj_kieli as ytj_kie25_5_,
        organisaat0_.ytjpaivityspvm as ytjpaiv26_5_,
        organisaat0_.ytunnus as ytunnus27_5_ 
    from
        organisaatio organisaat0_ 
    where
        organisaat0_.oid=?
2020-06-10 18:11:51.226 TRACE 55751 --- [    Test worker] o.h.type.descriptor.sql.BasicBinder      : binding parameter [1] as [VARCHAR] - [1.2.246.562.10.37683350491]
2020-06-10 18:11:51.226 TRACE 55751 --- [    Test worker] o.h.type.descriptor.sql.BasicExtractor   : extracted value ([id1_5_] : [BIGINT]) - [36]
Hibernate: 
    select
        yhteystiet0_.id as id1_26_,
        yhteystiet0_.version as version2_26_,
        yhteystiet0_.arvo_text as arvo_tex3_26_,
        yhteystiet0_.arvo_yhteystieto_id as arvo_yht6_26_,
        yhteystiet0_.kentta_id as kentta_i7_26_,
        yhteystiet0_.kieli as kieli4_26_,
        yhteystiet0_.organisaatio_id as organisa8_26_,
        yhteystiet0_.yhteystieto_arvo_oid as yhteysti5_26_ 
    from
        yhteystieto_arvo yhteystiet0_ 
    where
        yhteystiet0_.organisaatio_id=?
2020-06-10 18:11:51.227 TRACE 55751 --- [    Test worker] o.h.type.descriptor.sql.BasicBinder      : binding parameter [1] as [BIGINT] - [37]
Hibernate: 
    insert 
    into
        monikielinen_teksti
        (id, version) 
    values
        (null, ?)
2020-06-10 18:11:51.228 TRACE 55751 --- [    Test worker] o.h.type.descriptor.sql.BasicBinder      : binding parameter [1] as [BIGINT] - [0]
Hibernate: 
    insert 
    into
        organisaatio_nimi
        (id, version, alkupvm, nimi_mkt, organisaatio_id, paivittaja) 
    values
        (null, ?, ?, ?, ?, ?)
2020-06-10 18:11:51.228 TRACE 55751 --- [    Test worker] o.h.type.descriptor.sql.BasicBinder      : binding parameter [1] as [BIGINT] - [0]
2020-06-10 18:11:51.228 TRACE 55751 --- [    Test worker] o.h.type.descriptor.sql.BasicBinder      : binding parameter [2] as [DATE] - [Wed Jun 10 18:11:50 EEST 2020]
2020-06-10 18:11:51.228 TRACE 55751 --- [    Test worker] o.h.type.descriptor.sql.BasicBinder      : binding parameter [3] as [BIGINT] - [1059]
2020-06-10 18:11:51.228 TRACE 55751 --- [    Test worker] o.h.type.descriptor.sql.BasicBinder      : binding parameter [4] as [BIGINT] - [37]
2020-06-10 18:11:51.228 TRACE 55751 --- [    Test worker] o.h.type.descriptor.sql.BasicBinder      : binding parameter [5] as [VARCHAR] - [null]
Hibernate: 
    insert 
    into
        yhteystieto
        (id, version, kieli, organisaatio_id, yhteystieto_oid, coordinatetype, extrarivi, lat, lng, maa, osavaltio, osoite, osoite_tyyppi, postinumero, postitoimipaikka, ytjpaivityspvm, dtype) 
    values
        (null, ?, ?, ?, ?, ?, ?, ?, ?, ?, ?, ?, ?, ?, ?, ?, 'Osoite')
2020-06-10 18:11:51.228 TRACE 55751 --- [    Test worker] o.h.type.descriptor.sql.BasicBinder      : binding parameter [1] as [BIGINT] - [0]
2020-06-10 18:11:51.228 TRACE 55751 --- [    Test worker] o.h.type.descriptor.sql.BasicBinder      : binding parameter [2] as [VARCHAR] - [kieli_fi#1]
2020-06-10 18:11:51.228 TRACE 55751 --- [    Test worker] o.h.type.descriptor.sql.BasicBinder      : binding parameter [3] as [BIGINT] - [37]
2020-06-10 18:11:51.228 TRACE 55751 --- [    Test worker] o.h.type.descriptor.sql.BasicBinder      : binding parameter [4] as [VARCHAR] - [1.2.246.562.5.44250684371]
2020-06-10 18:11:51.228 TRACE 55751 --- [    Test worker] o.h.type.descriptor.sql.BasicBinder      : binding parameter [5] as [VARCHAR] - [null]
2020-06-10 18:11:51.228 TRACE 55751 --- [    Test worker] o.h.type.descriptor.sql.BasicBinder      : binding parameter [6] as [VARCHAR] - [null]
2020-06-10 18:11:51.228 TRACE 55751 --- [    Test worker] o.h.type.descriptor.sql.BasicBinder      : binding parameter [7] as [DOUBLE] - [null]
2020-06-10 18:11:51.228 TRACE 55751 --- [    Test worker] o.h.type.descriptor.sql.BasicBinder      : binding parameter [8] as [DOUBLE] - [null]
2020-06-10 18:11:51.229 TRACE 55751 --- [    Test worker] o.h.type.descriptor.sql.BasicBinder      : binding parameter [9] as [VARCHAR] - [null]
2020-06-10 18:11:51.229 TRACE 55751 --- [    Test worker] o.h.type.descriptor.sql.BasicBinder      : binding parameter [10] as [VARCHAR] - [null]
2020-06-10 18:11:51.229 TRACE 55751 --- [    Test worker] o.h.type.descriptor.sql.BasicBinder      : binding parameter [11] as [VARCHAR] - [Kayntiosoite 2B]
2020-06-10 18:11:51.229 TRACE 55751 --- [    Test worker] o.h.type.descriptor.sql.BasicBinder      : binding parameter [12] as [VARCHAR] - [kaynti]
2020-06-10 18:11:51.229 TRACE 55751 --- [    Test worker] o.h.type.descriptor.sql.BasicBinder      : binding parameter [13] as [VARCHAR] - [posti_00550]
2020-06-10 18:11:51.229 TRACE 55751 --- [    Test worker] o.h.type.descriptor.sql.BasicBinder      : binding parameter [14] as [VARCHAR] - [Helsinki]
2020-06-10 18:11:51.229 TRACE 55751 --- [    Test worker] o.h.type.descriptor.sql.BasicBinder      : binding parameter [15] as [DATE] - [null]
Hibernate: 
    insert 
    into
        yhteystieto
        (id, version, kieli, organisaatio_id, yhteystieto_oid, coordinatetype, extrarivi, lat, lng, maa, osavaltio, osoite, osoite_tyyppi, postinumero, postitoimipaikka, ytjpaivityspvm, dtype) 
    values
        (null, ?, ?, ?, ?, ?, ?, ?, ?, ?, ?, ?, ?, ?, ?, ?, 'Osoite')
2020-06-10 18:11:51.229 TRACE 55751 --- [    Test worker] o.h.type.descriptor.sql.BasicBinder      : binding parameter [1] as [BIGINT] - [0]
2020-06-10 18:11:51.229 TRACE 55751 --- [    Test worker] o.h.type.descriptor.sql.BasicBinder      : binding parameter [2] as [VARCHAR] - [kieli_fi#1]
2020-06-10 18:11:51.229 TRACE 55751 --- [    Test worker] o.h.type.descriptor.sql.BasicBinder      : binding parameter [3] as [BIGINT] - [37]
2020-06-10 18:11:51.229 TRACE 55751 --- [    Test worker] o.h.type.descriptor.sql.BasicBinder      : binding parameter [4] as [VARCHAR] - [1.2.246.562.5.26750928557]
2020-06-10 18:11:51.229 TRACE 55751 --- [    Test worker] o.h.type.descriptor.sql.BasicBinder      : binding parameter [5] as [VARCHAR] - [null]
2020-06-10 18:11:51.229 TRACE 55751 --- [    Test worker] o.h.type.descriptor.sql.BasicBinder      : binding parameter [6] as [VARCHAR] - [null]
2020-06-10 18:11:51.229 TRACE 55751 --- [    Test worker] o.h.type.descriptor.sql.BasicBinder      : binding parameter [7] as [DOUBLE] - [null]
2020-06-10 18:11:51.229 TRACE 55751 --- [    Test worker] o.h.type.descriptor.sql.BasicBinder      : binding parameter [8] as [DOUBLE] - [null]
2020-06-10 18:11:51.229 TRACE 55751 --- [    Test worker] o.h.type.descriptor.sql.BasicBinder      : binding parameter [9] as [VARCHAR] - [null]
2020-06-10 18:11:51.229 TRACE 55751 --- [    Test worker] o.h.type.descriptor.sql.BasicBinder      : binding parameter [10] as [VARCHAR] - [null]
2020-06-10 18:11:51.229 TRACE 55751 --- [    Test worker] o.h.type.descriptor.sql.BasicBinder      : binding parameter [11] as [VARCHAR] - [Postiosoite 1A]
2020-06-10 18:11:51.229 TRACE 55751 --- [    Test worker] o.h.type.descriptor.sql.BasicBinder      : binding parameter [12] as [VARCHAR] - [posti]
2020-06-10 18:11:51.229 TRACE 55751 --- [    Test worker] o.h.type.descriptor.sql.BasicBinder      : binding parameter [13] as [VARCHAR] - [00550]
2020-06-10 18:11:51.229 TRACE 55751 --- [    Test worker] o.h.type.descriptor.sql.BasicBinder      : binding parameter [14] as [VARCHAR] - [Helsinki]
2020-06-10 18:11:51.229 TRACE 55751 --- [    Test worker] o.h.type.descriptor.sql.BasicBinder      : binding parameter [15] as [DATE] - [null]
Hibernate: 
    insert 
    into
        yhteystieto
        (id, version, kieli, organisaatio_id, yhteystieto_oid, www_osoite, dtype) 
    values
        (null, ?, ?, ?, ?, ?, 'Www')
2020-06-10 18:11:51.230 TRACE 55751 --- [    Test worker] o.h.type.descriptor.sql.BasicBinder      : binding parameter [1] as [BIGINT] - [0]
2020-06-10 18:11:51.230 TRACE 55751 --- [    Test worker] o.h.type.descriptor.sql.BasicBinder      : binding parameter [2] as [VARCHAR] - [kieli_fi#1]
2020-06-10 18:11:51.230 TRACE 55751 --- [    Test worker] o.h.type.descriptor.sql.BasicBinder      : binding parameter [3] as [BIGINT] - [37]
2020-06-10 18:11:51.230 TRACE 55751 --- [    Test worker] o.h.type.descriptor.sql.BasicBinder      : binding parameter [4] as [VARCHAR] - [15918019108810.5486157230484124]
2020-06-10 18:11:51.230 TRACE 55751 --- [    Test worker] o.h.type.descriptor.sql.BasicBinder      : binding parameter [5] as [VARCHAR] - [http://test.oph.fi]
Hibernate: 
    insert 
    into
        yhteystieto
        (id, version, kieli, organisaatio_id, yhteystieto_oid, puhelinnumero, tyyppi, dtype) 
    values
        (null, ?, ?, ?, ?, ?, ?, 'Puhelinnumero')
2020-06-10 18:11:51.230 TRACE 55751 --- [    Test worker] o.h.type.descriptor.sql.BasicBinder      : binding parameter [1] as [BIGINT] - [0]
2020-06-10 18:11:51.230 TRACE 55751 --- [    Test worker] o.h.type.descriptor.sql.BasicBinder      : binding parameter [2] as [VARCHAR] - [kieli_fi#1]
2020-06-10 18:11:51.230 TRACE 55751 --- [    Test worker] o.h.type.descriptor.sql.BasicBinder      : binding parameter [3] as [BIGINT] - [37]
2020-06-10 18:11:51.230 TRACE 55751 --- [    Test worker] o.h.type.descriptor.sql.BasicBinder      : binding parameter [4] as [VARCHAR] - [1.2.246.562.5.64516288349]
2020-06-10 18:11:51.230 TRACE 55751 --- [    Test worker] o.h.type.descriptor.sql.BasicBinder      : binding parameter [5] as [VARCHAR] - [123]
2020-06-10 18:11:51.230 TRACE 55751 --- [    Test worker] o.h.type.descriptor.sql.BasicBinder      : binding parameter [6] as [VARCHAR] - [puhelin]
Hibernate: 
    insert 
    into
        yhteystieto
        (id, version, kieli, organisaatio_id, yhteystieto_oid, email, dtype) 
    values
        (null, ?, ?, ?, ?, ?, 'Email')
2020-06-10 18:11:51.231 TRACE 55751 --- [    Test worker] o.h.type.descriptor.sql.BasicBinder      : binding parameter [1] as [BIGINT] - [0]
2020-06-10 18:11:51.231 TRACE 55751 --- [    Test worker] o.h.type.descriptor.sql.BasicBinder      : binding parameter [2] as [VARCHAR] - [kieli_fi#1]
2020-06-10 18:11:51.231 TRACE 55751 --- [    Test worker] o.h.type.descriptor.sql.BasicBinder      : binding parameter [3] as [BIGINT] - [37]
2020-06-10 18:11:51.231 TRACE 55751 --- [    Test worker] o.h.type.descriptor.sql.BasicBinder      : binding parameter [4] as [VARCHAR] - [15918019108810.9121456441081636]
2020-06-10 18:11:51.231 TRACE 55751 --- [    Test worker] o.h.type.descriptor.sql.BasicBinder      : binding parameter [5] as [VARCHAR] - [asd@asd.asd]
2020-06-10 18:11:51.231  INFO 55751 --- [    Test worker] .s.o.r.i.OrganisaatioSuhdeRepositoryImpl : findParentTo(37, Wed Jun 10 18:11:51 EEST 2020)
Hibernate: 
    update
        organisaatio 
    set
        version=?,
        alkupvm=?,
        domainnimi=?,
        kotipaikka=?,
        kuvaus_mkt=?,
        lakkautuspvm=?,
        maa=?,
        metadata_id=?,
        nimi_mkt=?,
        nimihaku=?,
        oid=?,
        opetuspisteenjarjnro=?,
        oppilaitoskoodi=?,
        oppilaitos_tyyppi=?,
        organisaatio_poistettu=?,
        paivittaja=?,
        paivityspvm=?,
        parentidpath=?,
        parentoidpath=?,
        piilotettu=?,
        tarkastus_pvm=?,
        toimipistekoodi=?,
        tuontipvm=?,
        varhaiskasvatuksen_toimipaikka_tiedot_id=?,
        virastotunnus=?,
        yhteishaunkoulukoodi=?,
        yritysmuoto=?,
        ytj_kieli=?,
        ytjpaivityspvm=?,
        ytunnus=? 
    where
        id=? 
        and version=?
2020-06-10 18:11:51.232 TRACE 55751 --- [    Test worker] o.h.type.descriptor.sql.BasicBinder      : binding parameter [1] as [BIGINT] - [3]
2020-06-10 18:11:51.232 TRACE 55751 --- [    Test worker] o.h.type.descriptor.sql.BasicBinder      : binding parameter [2] as [DATE] - [Fri Dec 31 00:00:00 EET 1999]
2020-06-10 18:11:51.232 TRACE 55751 --- [    Test worker] o.h.type.descriptor.sql.BasicBinder      : binding parameter [3] as [VARCHAR] - [null]
2020-06-10 18:11:51.232 TRACE 55751 --- [    Test worker] o.h.type.descriptor.sql.BasicBinder      : binding parameter [4] as [VARCHAR] - [kunta_092]
2020-06-10 18:11:51.233 TRACE 55751 --- [    Test worker] o.h.type.descriptor.sql.BasicBinder      : binding parameter [5] as [BIGINT] - [1057]
2020-06-10 18:11:51.233 TRACE 55751 --- [    Test worker] o.h.type.descriptor.sql.BasicBinder      : binding parameter [6] as [DATE] - [null]
2020-06-10 18:11:51.233 TRACE 55751 --- [    Test worker] o.h.type.descriptor.sql.BasicBinder      : binding parameter [7] as [VARCHAR] - [maatjavaltiot1_fin]
2020-06-10 18:11:51.233 TRACE 55751 --- [    Test worker] o.h.type.descriptor.sql.BasicBinder      : binding parameter [8] as [BIGINT] - [null]
2020-06-10 18:11:51.233 TRACE 55751 --- [    Test worker] o.h.type.descriptor.sql.BasicBinder      : binding parameter [9] as [BIGINT] - [1059]
2020-06-10 18:11:51.233 TRACE 55751 --- [    Test worker] o.h.type.descriptor.sql.BasicBinder      : binding parameter [10] as [VARCHAR] - [,oppilaitos1, toimipiste1]
2020-06-10 18:11:51.233 TRACE 55751 --- [    Test worker] o.h.type.descriptor.sql.BasicBinder      : binding parameter [11] as [VARCHAR] - [1.2.246.562.10.60403461038]
2020-06-10 18:11:51.233 TRACE 55751 --- [    Test worker] o.h.type.descriptor.sql.BasicBinder      : binding parameter [12] as [VARCHAR] - [null]
2020-06-10 18:11:51.233 TRACE 55751 --- [    Test worker] o.h.type.descriptor.sql.BasicBinder      : binding parameter [13] as [VARCHAR] - [null]
2020-06-10 18:11:51.233 TRACE 55751 --- [    Test worker] o.h.type.descriptor.sql.BasicBinder      : binding parameter [14] as [VARCHAR] - [null]
2020-06-10 18:11:51.233 TRACE 55751 --- [    Test worker] o.h.type.descriptor.sql.BasicBinder      : binding parameter [15] as [BOOLEAN] - [false]
2020-06-10 18:11:51.233 TRACE 55751 --- [    Test worker] o.h.type.descriptor.sql.BasicBinder      : binding parameter [16] as [VARCHAR] - [ophadmin]
2020-06-10 18:11:51.233 TRACE 55751 --- [    Test worker] o.h.type.descriptor.sql.BasicBinder      : binding parameter [17] as [TIMESTAMP] - [Wed Jun 10 18:11:51 EEST 2020]
2020-06-10 18:11:51.233 TRACE 55751 --- [    Test worker] o.h.type.descriptor.sql.BasicBinder      : binding parameter [18] as [VARCHAR] - [|1|35|36|]
2020-06-10 18:11:51.233 TRACE 55751 --- [    Test worker] o.h.type.descriptor.sql.BasicBinder      : binding parameter [19] as [VARCHAR] - [|1.2.246.562.24.00000000001|1.2.246.562.10.11690556837|1.2.246.562.10.37683350491|]
2020-06-10 18:11:51.233 TRACE 55751 --- [    Test worker] o.h.type.descriptor.sql.BasicBinder      : binding parameter [20] as [BOOLEAN] - [false]
2020-06-10 18:11:51.233 TRACE 55751 --- [    Test worker] o.h.type.descriptor.sql.BasicBinder      : binding parameter [21] as [TIMESTAMP] - [null]
2020-06-10 18:11:51.233 TRACE 55751 --- [    Test worker] o.h.type.descriptor.sql.BasicBinder      : binding parameter [22] as [VARCHAR] - [oppilaitoskoodi01]
2020-06-10 18:11:51.233 TRACE 55751 --- [    Test worker] o.h.type.descriptor.sql.BasicBinder      : binding parameter [23] as [TIMESTAMP] - [null]
2020-06-10 18:11:51.233 TRACE 55751 --- [    Test worker] o.h.type.descriptor.sql.BasicBinder      : binding parameter [24] as [BIGINT] - [null]
2020-06-10 18:11:51.233 TRACE 55751 --- [    Test worker] o.h.type.descriptor.sql.BasicBinder      : binding parameter [25] as [VARCHAR] - [null]
2020-06-10 18:11:51.233 TRACE 55751 --- [    Test worker] o.h.type.descriptor.sql.BasicBinder      : binding parameter [26] as [VARCHAR] - [null]
2020-06-10 18:11:51.233 TRACE 55751 --- [    Test worker] o.h.type.descriptor.sql.BasicBinder      : binding parameter [27] as [VARCHAR] - [null]
2020-06-10 18:11:51.233 TRACE 55751 --- [    Test worker] o.h.type.descriptor.sql.BasicBinder      : binding parameter [28] as [VARCHAR] - [null]
2020-06-10 18:11:51.233 TRACE 55751 --- [    Test worker] o.h.type.descriptor.sql.BasicBinder      : binding parameter [29] as [DATE] - [null]
2020-06-10 18:11:51.233 TRACE 55751 --- [    Test worker] o.h.type.descriptor.sql.BasicBinder      : binding parameter [30] as [VARCHAR] - [null]
2020-06-10 18:11:51.233 TRACE 55751 --- [    Test worker] o.h.type.descriptor.sql.BasicBinder      : binding parameter [31] as [BIGINT] - [37]
2020-06-10 18:11:51.233 TRACE 55751 --- [    Test worker] o.h.type.descriptor.sql.BasicBinder      : binding parameter [32] as [BIGINT] - [2]
Hibernate: 
    insert 
    into
        monikielinen_teksti_values
        (id, key, value) 
    values
        (?, ?, ?)
2020-06-10 18:11:51.233 TRACE 55751 --- [    Test worker] o.h.type.descriptor.sql.BasicBinder      : binding parameter [1] as [BIGINT] - [1059]
2020-06-10 18:11:51.234 TRACE 55751 --- [    Test worker] o.h.type.descriptor.sql.BasicBinder      : binding parameter [2] as [VARCHAR] - [fi]
2020-06-10 18:11:51.234 TRACE 55751 --- [    Test worker] o.h.type.descriptor.sql.BasicBinder      : binding parameter [3] as [VARCHAR] - [oppilaitos1, toimipiste1]
Hibernate: 
    delete 
    from
        yhteystieto 
    where
        id=? 
        and version=?
2020-06-10 18:11:51.234 TRACE 55751 --- [    Test worker] o.h.type.descriptor.sql.BasicBinder      : binding parameter [1] as [BIGINT] - [1432]
2020-06-10 18:11:51.234 TRACE 55751 --- [    Test worker] o.h.type.descriptor.sql.BasicBinder      : binding parameter [2] as [BIGINT] - [0]
Hibernate: 
    delete 
    from
        yhteystieto 
    where
        id=? 
        and version=?
2020-06-10 18:11:51.234 TRACE 55751 --- [    Test worker] o.h.type.descriptor.sql.BasicBinder      : binding parameter [1] as [BIGINT] - [1433]
2020-06-10 18:11:51.234 TRACE 55751 --- [    Test worker] o.h.type.descriptor.sql.BasicBinder      : binding parameter [2] as [BIGINT] - [0]
Hibernate: 
    delete 
    from
        yhteystieto 
    where
        id=? 
        and version=?
2020-06-10 18:11:51.234 TRACE 55751 --- [    Test worker] o.h.type.descriptor.sql.BasicBinder      : binding parameter [1] as [BIGINT] - [1434]
2020-06-10 18:11:51.234 TRACE 55751 --- [    Test worker] o.h.type.descriptor.sql.BasicBinder      : binding parameter [2] as [BIGINT] - [0]
Hibernate: 
    delete 
    from
        yhteystieto 
    where
        id=? 
        and version=?
2020-06-10 18:11:51.235 TRACE 55751 --- [    Test worker] o.h.type.descriptor.sql.BasicBinder      : binding parameter [1] as [BIGINT] - [1435]
2020-06-10 18:11:51.235 TRACE 55751 --- [    Test worker] o.h.type.descriptor.sql.BasicBinder      : binding parameter [2] as [BIGINT] - [0]
Hibernate: 
    delete 
    from
        yhteystieto 
    where
        id=? 
        and version=?
2020-06-10 18:11:51.235 TRACE 55751 --- [    Test worker] o.h.type.descriptor.sql.BasicBinder      : binding parameter [1] as [BIGINT] - [1436]
2020-06-10 18:11:51.235 TRACE 55751 --- [    Test worker] o.h.type.descriptor.sql.BasicBinder      : binding parameter [2] as [BIGINT] - [0]
Hibernate: 
    select
        organisaat0_.id as id1_19_0_,
        organisaat1_.id as id1_5_1_,
        organisaat0_.version as version2_19_0_,
        organisaat0_.alkupvm as alkupvm3_19_0_,
        organisaat0_.child_id as child_id7_19_0_,
        organisaat0_.loppupvm as loppupvm4_19_0_,
        organisaat0_.opetuspisteenjarjnro as opetuspi5_19_0_,
        organisaat0_.parent_id as parent_i8_19_0_,
        organisaat0_.suhdetyyppi as suhdetyy6_19_0_,
        organisaat1_.version as version2_5_1_,
        organisaat1_.alkupvm as alkupvm3_5_1_,
        organisaat1_.domainnimi as domainni4_5_1_,
        organisaat1_.kotipaikka as kotipaik5_5_1_,
        organisaat1_.kuvaus_mkt as kuvaus_28_5_1_,
        organisaat1_.lakkautuspvm as lakkautu6_5_1_,
        organisaat1_.maa as maa7_5_1_,
        organisaat1_.metadata_id as metadat29_5_1_,
        organisaat1_.nimi_mkt as nimi_mk30_5_1_,
        organisaat1_.nimihaku as nimihaku8_5_1_,
        organisaat1_.oid as oid9_5_1_,
        organisaat1_.opetuspisteenjarjnro as opetusp10_5_1_,
        organisaat1_.oppilaitoskoodi as oppilai11_5_1_,
        organisaat1_.oppilaitos_tyyppi as oppilai12_5_1_,
        organisaat1_.organisaatio_poistettu as organis13_5_1_,
        organisaat1_.paivittaja as paivitt14_5_1_,
        organisaat1_.paivityspvm as paivity15_5_1_,
        organisaat1_.parentidpath as parenti16_5_1_,
        organisaat1_.parentoidpath as parento17_5_1_,
        organisaat1_.piilotettu as piilote18_5_1_,
        organisaat1_.tarkastus_pvm as tarkast19_5_1_,
        organisaat1_.toimipistekoodi as toimipi20_5_1_,
        organisaat1_.tuontipvm as tuontip21_5_1_,
        organisaat1_.varhaiskasvatuksen_toimipaikka_tiedot_id as varhais31_5_1_,
        organisaat1_.virastotunnus as virasto22_5_1_,
        organisaat1_.yhteishaunkoulukoodi as yhteish23_5_1_,
        organisaat1_.yritysmuoto as yritysm24_5_1_,
        organisaat1_.ytj_kieli as ytj_kie25_5_1_,
        organisaat1_.ytjpaivityspvm as ytjpaiv26_5_1_,
        organisaat1_.ytunnus as ytunnus27_5_1_ 
    from
        organisaatiosuhde organisaat0_ 
    inner join
        organisaatio organisaat1_ 
            on organisaat0_.parent_id=organisaat1_.id 
    where
        organisaat0_.child_id=? 
        and organisaat0_.suhdetyyppi=? 
        and (
            organisaat0_.alkupvm=? 
            or organisaat0_.alkupvm<?
        ) 
        and (
            organisaat0_.loppupvm is null 
            or organisaat0_.loppupvm>?
        ) 
        and organisaat1_.organisaatio_poistettu=? 
    order by
        organisaat0_.alkupvm desc
2020-06-10 18:11:51.235 TRACE 55751 --- [    Test worker] o.h.type.descriptor.sql.BasicBinder      : binding parameter [1] as [BIGINT] - [37]
2020-06-10 18:11:51.235 TRACE 55751 --- [    Test worker] o.h.type.descriptor.sql.BasicBinder      : binding parameter [2] as [VARCHAR] - [HISTORIA]
2020-06-10 18:11:51.235 TRACE 55751 --- [    Test worker] o.h.type.descriptor.sql.BasicBinder      : binding parameter [3] as [DATE] - [Wed Jun 10 18:11:51 EEST 2020]
2020-06-10 18:11:51.235 TRACE 55751 --- [    Test worker] o.h.type.descriptor.sql.BasicBinder      : binding parameter [4] as [DATE] - [Wed Jun 10 18:11:51 EEST 2020]
2020-06-10 18:11:51.235 TRACE 55751 --- [    Test worker] o.h.type.descriptor.sql.BasicBinder      : binding parameter [5] as [DATE] - [Wed Jun 10 18:11:51 EEST 2020]
2020-06-10 18:11:51.235 TRACE 55751 --- [    Test worker] o.h.type.descriptor.sql.BasicBinder      : binding parameter [6] as [BOOLEAN] - [false]
2020-06-10 18:11:51.235 TRACE 55751 --- [    Test worker] o.h.type.descriptor.sql.BasicExtractor   : extracted value ([id1_19_0_] : [BIGINT]) - [41]
2020-06-10 18:11:51.235 TRACE 55751 --- [    Test worker] o.h.type.descriptor.sql.BasicExtractor   : extracted value ([id1_5_1_] : [BIGINT]) - [36]
Hibernate: 
    select
        organisaat0_.id as id1_19_,
        organisaat0_.version as version2_19_,
        organisaat0_.alkupvm as alkupvm3_19_,
        organisaat0_.child_id as child_id7_19_,
        organisaat0_.loppupvm as loppupvm4_19_,
        organisaat0_.opetuspisteenjarjnro as opetuspi5_19_,
        organisaat0_.parent_id as parent_i8_19_,
        organisaat0_.suhdetyyppi as suhdetyy6_19_ 
    from
        organisaatiosuhde organisaat0_ 
    where
        organisaat0_.child_id=?
2020-06-10 18:11:51.236 TRACE 55751 --- [    Test worker] o.h.type.descriptor.sql.BasicBinder      : binding parameter [1] as [BIGINT] - [37]
2020-06-10 18:11:51.236 TRACE 55751 --- [    Test worker] o.h.type.descriptor.sql.BasicExtractor   : extracted value ([id1_19_] : [BIGINT]) - [41]
Hibernate: 
    select
        organisaat0_.id as id1_5_,
        organisaat0_.version as version2_5_,
        organisaat0_.alkupvm as alkupvm3_5_,
        organisaat0_.domainnimi as domainni4_5_,
        organisaat0_.kotipaikka as kotipaik5_5_,
        organisaat0_.kuvaus_mkt as kuvaus_28_5_,
        organisaat0_.lakkautuspvm as lakkautu6_5_,
        organisaat0_.maa as maa7_5_,
        organisaat0_.metadata_id as metadat29_5_,
        organisaat0_.nimi_mkt as nimi_mk30_5_,
        organisaat0_.nimihaku as nimihaku8_5_,
        organisaat0_.oid as oid9_5_,
        organisaat0_.opetuspisteenjarjnro as opetusp10_5_,
        organisaat0_.oppilaitoskoodi as oppilai11_5_,
        organisaat0_.oppilaitos_tyyppi as oppilai12_5_,
        organisaat0_.organisaatio_poistettu as organis13_5_,
        organisaat0_.paivittaja as paivitt14_5_,
        organisaat0_.paivityspvm as paivity15_5_,
        organisaat0_.parentidpath as parenti16_5_,
        organisaat0_.parentoidpath as parento17_5_,
        organisaat0_.piilotettu as piilote18_5_,
        organisaat0_.tarkastus_pvm as tarkast19_5_,
        organisaat0_.toimipistekoodi as toimipi20_5_,
        organisaat0_.tuontipvm as tuontip21_5_,
        organisaat0_.varhaiskasvatuksen_toimipaikka_tiedot_id as varhais31_5_,
        organisaat0_.virastotunnus as virasto22_5_,
        organisaat0_.yhteishaunkoulukoodi as yhteish23_5_,
        organisaat0_.yritysmuoto as yritysm24_5_,
        organisaat0_.ytj_kieli as ytj_kie25_5_,
        organisaat0_.ytjpaivityspvm as ytjpaiv26_5_,
        organisaat0_.ytunnus as ytunnus27_5_ 
    from
        organisaatio organisaat0_ 
    where
        organisaat0_.oid=?
2020-06-10 18:11:51.237 TRACE 55751 --- [    Test worker] o.h.type.descriptor.sql.BasicBinder      : binding parameter [1] as [VARCHAR] - [1.2.246.562.10.60403461038]
2020-06-10 18:11:51.238 TRACE 55751 --- [    Test worker] o.h.type.descriptor.sql.BasicExtractor   : extracted value ([id1_5_] : [BIGINT]) - [37]
2020-06-10 18:11:51.239  INFO 55751 --- [    Test worker] o.s.t.c.transaction.TransactionContext   : Rolled back transaction for test: [DefaultTestContext@633e0b9b testClass = OrganisaatioBusinessServiceImplTest, testInstance = fi.vm.sade.organisaatio.business.impl.OrganisaatioBusinessServiceImplTest@47c7ad07, testMethod = saveToimipisteShouldMaintainToimipistekoodiWhenOpetuspisteenJarjNroEmpty@OrganisaatioBusinessServiceImplTest, testException = [null], mergedContextConfiguration = [WebMergedContextConfiguration@142403d testClass = OrganisaatioBusinessServiceImplTest, locations = '{}', classes = '{class fi.vm.sade.organisaatio.OrganisaatioApplication, class fi.vm.sade.organisaatio.business.impl.OrganisaatioBusinessServiceImplTest$OrganisaatioBusinessServiceImplTestContextConfiguration}', contextInitializerClasses = '[]', activeProfiles = '{}', propertySourceLocations = '{}', propertySourceProperties = '{org.springframework.boot.test.context.SpringBootTestContextBootstrapper=true}', contextCustomizers = set[org.springframework.boot.test.autoconfigure.properties.PropertyMappingContextCustomizer@a273518a, org.springframework.boot.test.autoconfigure.web.servlet.WebDriverContextCustomizerFactory$Customizer@25a95d7a, [ImportsContextCustomizer@1758189f key = [org.springframework.boot.test.autoconfigure.jdbc.TestDatabaseAutoConfiguration, org.springframework.boot.autoconfigure.jdbc.DataSourceAutoConfiguration]], org.springframework.boot.test.context.filter.ExcludeFilterContextCustomizer@33d60c3d, org.springframework.boot.test.json.DuplicateJsonObjectContextCustomizerFactory$DuplicateJsonObjectContextCustomizer@6943770e, org.springframework.boot.test.mock.mockito.MockitoContextCustomizer@0, org.springframework.boot.test.web.client.TestRestTemplateContextCustomizer@536042e6, org.springframework.boot.test.context.SpringBootTestArgs@1], resourceBasePath = 'src/main/webapp', contextLoader = 'org.springframework.boot.test.context.SpringBootContextLoader', parent = [null]], attributes = map['org.springframework.test.context.web.ServletTestExecutionListener.activateListener' -> true, 'org.springframework.test.context.web.ServletTestExecutionListener.populatedRequestContextHolder' -> true, 'org.springframework.test.context.web.ServletTestExecutionListener.resetRequestContextHolder' -> true]]
2020-06-10 18:11:51.241  INFO 55751 --- [    Test worker] o.s.t.c.transaction.TransactionContext   : Began transaction (1) for test context [DefaultTestContext@633e0b9b testClass = OrganisaatioBusinessServiceImplTest, testInstance = fi.vm.sade.organisaatio.business.impl.OrganisaatioBusinessServiceImplTest@36f5f9b5, testMethod = editingRemovedIsNotAllowed@OrganisaatioBusinessServiceImplTest, testException = [null], mergedContextConfiguration = [WebMergedContextConfiguration@142403d testClass = OrganisaatioBusinessServiceImplTest, locations = '{}', classes = '{class fi.vm.sade.organisaatio.OrganisaatioApplication, class fi.vm.sade.organisaatio.business.impl.OrganisaatioBusinessServiceImplTest$OrganisaatioBusinessServiceImplTestContextConfiguration}', contextInitializerClasses = '[]', activeProfiles = '{}', propertySourceLocations = '{}', propertySourceProperties = '{org.springframework.boot.test.context.SpringBootTestContextBootstrapper=true}', contextCustomizers = set[org.springframework.boot.test.autoconfigure.properties.PropertyMappingContextCustomizer@a273518a, org.springframework.boot.test.autoconfigure.web.servlet.WebDriverContextCustomizerFactory$Customizer@25a95d7a, [ImportsContextCustomizer@1758189f key = [org.springframework.boot.test.autoconfigure.jdbc.TestDatabaseAutoConfiguration, org.springframework.boot.autoconfigure.jdbc.DataSourceAutoConfiguration]], org.springframework.boot.test.context.filter.ExcludeFilterContextCustomizer@33d60c3d, org.springframework.boot.test.json.DuplicateJsonObjectContextCustomizerFactory$DuplicateJsonObjectContextCustomizer@6943770e, org.springframework.boot.test.mock.mockito.MockitoContextCustomizer@0, org.springframework.boot.test.web.client.TestRestTemplateContextCustomizer@536042e6, org.springframework.boot.test.context.SpringBootTestArgs@1], resourceBasePath = 'src/main/webapp', contextLoader = 'org.springframework.boot.test.context.SpringBootContextLoader', parent = [null]], attributes = map['org.springframework.test.context.web.ServletTestExecutionListener.activateListener' -> true, 'org.springframework.test.context.web.ServletTestExecutionListener.populatedRequestContextHolder' -> true, 'org.springframework.test.context.web.ServletTestExecutionListener.resetRequestContextHolder' -> true]]; transaction manager [org.springframework.orm.jpa.JpaTransactionManager@441d876b]; rollback [true]
2020-06-10 18:11:51.243 DEBUG 55751 --- [    Test worker] o.s.jdbc.core.JdbcTemplate               : Executing prepared SQL update
2020-06-10 18:11:51.243 DEBUG 55751 --- [    Test worker] o.s.jdbc.core.JdbcTemplate               : Executing prepared SQL statement [update organisaatio set organisaatio_poistettu = TRUE where oid = ?]
2020-06-10 18:11:51.243 TRACE 55751 --- [    Test worker] o.s.jdbc.core.StatementCreatorUtils      : Setting SQL statement parameter value: column index 1, parameter value [1.2.2004.4], value class [java.lang.String], SQL type unknown
2020-06-10 18:11:51.243  WARN 55751 --- [    Test worker] OrganisaatioNimiUtil                     : Uusin nimi not found!
2020-06-10 18:11:51.492  WARN 55751 --- [    Test worker] fi.vm.sade.javautils.http.OphHttpClient  : Failed to CAS authenticate. Renewing proxy ticket.
Hibernate: 
    select
        organisaat0_.id as id1_5_,
        organisaat0_.version as version2_5_,
        organisaat0_.alkupvm as alkupvm3_5_,
        organisaat0_.domainnimi as domainni4_5_,
        organisaat0_.kotipaikka as kotipaik5_5_,
        organisaat0_.kuvaus_mkt as kuvaus_28_5_,
        organisaat0_.lakkautuspvm as lakkautu6_5_,
        organisaat0_.maa as maa7_5_,
        organisaat0_.metadata_id as metadat29_5_,
        organisaat0_.nimi_mkt as nimi_mk30_5_,
        organisaat0_.nimihaku as nimihaku8_5_,
        organisaat0_.oid as oid9_5_,
        organisaat0_.opetuspisteenjarjnro as opetusp10_5_,
        organisaat0_.oppilaitoskoodi as oppilai11_5_,
        organisaat0_.oppilaitos_tyyppi as oppilai12_5_,
        organisaat0_.organisaatio_poistettu as organis13_5_,
        organisaat0_.paivittaja as paivitt14_5_,
        organisaat0_.paivityspvm as paivity15_5_,
        organisaat0_.parentidpath as parenti16_5_,
        organisaat0_.parentoidpath as parento17_5_,
        organisaat0_.piilotettu as piilote18_5_,
        organisaat0_.tarkastus_pvm as tarkast19_5_,
        organisaat0_.toimipistekoodi as toimipi20_5_,
        organisaat0_.tuontipvm as tuontip21_5_,
        organisaat0_.varhaiskasvatuksen_toimipaikka_tiedot_id as varhais31_5_,
        organisaat0_.virastotunnus as virasto22_5_,
        organisaat0_.yhteishaunkoulukoodi as yhteish23_5_,
        organisaat0_.yritysmuoto as yritysm24_5_,
        organisaat0_.ytj_kieli as ytj_kie25_5_,
        organisaat0_.ytjpaivityspvm as ytjpaiv26_5_,
        organisaat0_.ytunnus as ytunnus27_5_ 
    from
        organisaatio organisaat0_ 
    where
        organisaat0_.oid=?
2020-06-10 18:11:51.605 TRACE 55751 --- [    Test worker] o.h.type.descriptor.sql.BasicBinder      : binding parameter [1] as [VARCHAR] - [1.2.2004.4]
2020-06-10 18:11:51.605 TRACE 55751 --- [    Test worker] o.h.type.descriptor.sql.BasicExtractor   : extracted value ([id1_5_] : [BIGINT]) - [5]
2020-06-10 18:11:51.605 TRACE 55751 --- [    Test worker] o.h.type.descriptor.sql.BasicExtractor   : extracted value ([version2_5_] : [BIGINT]) - [2]
2020-06-10 18:11:51.605 TRACE 55751 --- [    Test worker] o.h.type.descriptor.sql.BasicExtractor   : extracted value ([alkupvm3_5_] : [DATE]) - [null]
2020-06-10 18:11:51.605 TRACE 55751 --- [    Test worker] o.h.type.descriptor.sql.BasicExtractor   : extracted value ([domainni4_5_] : [VARCHAR]) - [null]
2020-06-10 18:11:51.605 TRACE 55751 --- [    Test worker] o.h.type.descriptor.sql.BasicExtractor   : extracted value ([kotipaik5_5_] : [VARCHAR]) - [Helsinki]
2020-06-10 18:11:51.605 TRACE 55751 --- [    Test worker] o.h.type.descriptor.sql.BasicExtractor   : extracted value ([kuvaus_28_5_] : [BIGINT]) - [null]
2020-06-10 18:11:51.605 TRACE 55751 --- [    Test worker] o.h.type.descriptor.sql.BasicExtractor   : extracted value ([lakkautu6_5_] : [DATE]) - [null]
2020-06-10 18:11:51.605 TRACE 55751 --- [    Test worker] o.h.type.descriptor.sql.BasicExtractor   : extracted value ([maa7_5_] : [VARCHAR]) - [null]
2020-06-10 18:11:51.605 TRACE 55751 --- [    Test worker] o.h.type.descriptor.sql.BasicExtractor   : extracted value ([metadat29_5_] : [BIGINT]) - [null]
2020-06-10 18:11:51.605 TRACE 55751 --- [    Test worker] o.h.type.descriptor.sql.BasicExtractor   : extracted value ([nimi_mk30_5_] : [BIGINT]) - [5]
2020-06-10 18:11:51.605 TRACE 55751 --- [    Test worker] o.h.type.descriptor.sql.BasicExtractor   : extracted value ([nimihaku8_5_] : [VARCHAR]) - [node22 foo bar]
2020-06-10 18:11:51.605 TRACE 55751 --- [    Test worker] o.h.type.descriptor.sql.BasicExtractor   : extracted value ([oid9_5_] : [VARCHAR]) - [1.2.2004.4]
2020-06-10 18:11:51.605 TRACE 55751 --- [    Test worker] o.h.type.descriptor.sql.BasicExtractor   : extracted value ([opetusp10_5_] : [VARCHAR]) - [null]
2020-06-10 18:11:51.605 TRACE 55751 --- [    Test worker] o.h.type.descriptor.sql.BasicExtractor   : extracted value ([oppilai11_5_] : [VARCHAR]) - [null]
2020-06-10 18:11:51.605 TRACE 55751 --- [    Test worker] o.h.type.descriptor.sql.BasicExtractor   : extracted value ([oppilai12_5_] : [VARCHAR]) - [oppilaitostyyppi_42#1]
2020-06-10 18:11:51.605 TRACE 55751 --- [    Test worker] o.h.type.descriptor.sql.BasicExtractor   : extracted value ([organis13_5_] : [BOOLEAN]) - [true]
2020-06-10 18:11:51.605 TRACE 55751 --- [    Test worker] o.h.type.descriptor.sql.BasicExtractor   : extracted value ([paivitt14_5_] : [VARCHAR]) - [null]
2020-06-10 18:11:51.605 TRACE 55751 --- [    Test worker] o.h.type.descriptor.sql.BasicExtractor   : extracted value ([paivity15_5_] : [TIMESTAMP]) - [null]
2020-06-10 18:11:51.605 TRACE 55751 --- [    Test worker] o.h.type.descriptor.sql.BasicExtractor   : extracted value ([parenti16_5_] : [VARCHAR]) - [|1|2|4|]
2020-06-10 18:11:51.605 TRACE 55751 --- [    Test worker] o.h.type.descriptor.sql.BasicExtractor   : extracted value ([parento17_5_] : [VARCHAR]) - [|1.2.246.562.24.00000000001|1.2.2004.1|1.2.2004.3|]
2020-06-10 18:11:51.605 TRACE 55751 --- [    Test worker] o.h.type.descriptor.sql.BasicExtractor   : extracted value ([piilote18_5_] : [BOOLEAN]) - [false]
2020-06-10 18:11:51.605 TRACE 55751 --- [    Test worker] o.h.type.descriptor.sql.BasicExtractor   : extracted value ([tarkast19_5_] : [TIMESTAMP]) - [null]
2020-06-10 18:11:51.605 TRACE 55751 --- [    Test worker] o.h.type.descriptor.sql.BasicExtractor   : extracted value ([toimipi20_5_] : [VARCHAR]) - [null]
2020-06-10 18:11:51.606 TRACE 55751 --- [    Test worker] o.h.type.descriptor.sql.BasicExtractor   : extracted value ([tuontip21_5_] : [TIMESTAMP]) - [null]
2020-06-10 18:11:51.606 TRACE 55751 --- [    Test worker] o.h.type.descriptor.sql.BasicExtractor   : extracted value ([varhais31_5_] : [BIGINT]) - [null]
2020-06-10 18:11:51.606 TRACE 55751 --- [    Test worker] o.h.type.descriptor.sql.BasicExtractor   : extracted value ([virasto22_5_] : [VARCHAR]) - [null]
2020-06-10 18:11:51.606 TRACE 55751 --- [    Test worker] o.h.type.descriptor.sql.BasicExtractor   : extracted value ([yhteish23_5_] : [VARCHAR]) - [null]
2020-06-10 18:11:51.606 TRACE 55751 --- [    Test worker] o.h.type.descriptor.sql.BasicExtractor   : extracted value ([yritysm24_5_] : [VARCHAR]) - [oy]
2020-06-10 18:11:51.606 TRACE 55751 --- [    Test worker] o.h.type.descriptor.sql.BasicExtractor   : extracted value ([ytj_kie25_5_] : [VARCHAR]) - [null]
2020-06-10 18:11:51.606 TRACE 55751 --- [    Test worker] o.h.type.descriptor.sql.BasicExtractor   : extracted value ([ytjpaiv26_5_] : [DATE]) - [null]
2020-06-10 18:11:51.606 TRACE 55751 --- [    Test worker] o.h.type.descriptor.sql.BasicExtractor   : extracted value ([ytunnus27_5_] : [VARCHAR]) - [1234567-4]
2020-06-10 18:11:51.606 TRACE 55751 --- [    Test worker] org.hibernate.type.CollectionType        : Created collection wrapper: [fi.vm.sade.organisaatio.model.Organisaatio.childSuhteet#5]
2020-06-10 18:11:51.606 TRACE 55751 --- [    Test worker] org.hibernate.type.CollectionType        : Created collection wrapper: [fi.vm.sade.organisaatio.model.Organisaatio.kayttoryhmat#5]
2020-06-10 18:11:51.606 TRACE 55751 --- [    Test worker] org.hibernate.type.CollectionType        : Created collection wrapper: [fi.vm.sade.organisaatio.model.Organisaatio.kielet#5]
2020-06-10 18:11:51.606 TRACE 55751 --- [    Test worker] org.hibernate.type.CollectionType        : Created collection wrapper: [fi.vm.sade.organisaatio.model.Organisaatio.muutKotipaikatUris#5]
2020-06-10 18:11:51.606 TRACE 55751 --- [    Test worker] org.hibernate.type.CollectionType        : Created collection wrapper: [fi.vm.sade.organisaatio.model.Organisaatio.muutOppilaitosTyyppiUris#5]
2020-06-10 18:11:51.606 TRACE 55751 --- [    Test worker] org.hibernate.type.CollectionType        : Created collection wrapper: [fi.vm.sade.organisaatio.model.Organisaatio.nimet#5]
2020-06-10 18:11:51.606 TRACE 55751 --- [    Test worker] org.hibernate.type.CollectionType        : Created collection wrapper: [fi.vm.sade.organisaatio.model.Organisaatio.organisaatioLisatietotyypit#5]
2020-06-10 18:11:51.606 TRACE 55751 --- [    Test worker] org.hibernate.type.CollectionType        : Created collection wrapper: [fi.vm.sade.organisaatio.model.Organisaatio.parentSuhteet#5]
2020-06-10 18:11:51.606 TRACE 55751 --- [    Test worker] org.hibernate.type.CollectionType        : Created collection wrapper: [fi.vm.sade.organisaatio.model.Organisaatio.ryhmatyypit#5]
2020-06-10 18:11:51.606 TRACE 55751 --- [    Test worker] org.hibernate.type.CollectionType        : Created collection wrapper: [fi.vm.sade.organisaatio.model.Organisaatio.tyypit#5]
2020-06-10 18:11:51.606 TRACE 55751 --- [    Test worker] org.hibernate.type.CollectionType        : Created collection wrapper: [fi.vm.sade.organisaatio.model.Organisaatio.vuosiluokat#5]
2020-06-10 18:11:51.606 TRACE 55751 --- [    Test worker] org.hibernate.type.CollectionType        : Created collection wrapper: [fi.vm.sade.organisaatio.model.Organisaatio.yhteystiedot#5]
2020-06-10 18:11:51.606 TRACE 55751 --- [    Test worker] org.hibernate.type.CollectionType        : Created collection wrapper: [fi.vm.sade.organisaatio.model.Organisaatio.yhteystietoArvos#5]
2020-06-10 18:11:51.608  INFO 55751 --- [    Test worker] o.s.t.c.transaction.TransactionContext   : Rolled back transaction for test: [DefaultTestContext@633e0b9b testClass = OrganisaatioBusinessServiceImplTest, testInstance = fi.vm.sade.organisaatio.business.impl.OrganisaatioBusinessServiceImplTest@36f5f9b5, testMethod = editingRemovedIsNotAllowed@OrganisaatioBusinessServiceImplTest, testException = [null], mergedContextConfiguration = [WebMergedContextConfiguration@142403d testClass = OrganisaatioBusinessServiceImplTest, locations = '{}', classes = '{class fi.vm.sade.organisaatio.OrganisaatioApplication, class fi.vm.sade.organisaatio.business.impl.OrganisaatioBusinessServiceImplTest$OrganisaatioBusinessServiceImplTestContextConfiguration}', contextInitializerClasses = '[]', activeProfiles = '{}', propertySourceLocations = '{}', propertySourceProperties = '{org.springframework.boot.test.context.SpringBootTestContextBootstrapper=true}', contextCustomizers = set[org.springframework.boot.test.autoconfigure.properties.PropertyMappingContextCustomizer@a273518a, org.springframework.boot.test.autoconfigure.web.servlet.WebDriverContextCustomizerFactory$Customizer@25a95d7a, [ImportsContextCustomizer@1758189f key = [org.springframework.boot.test.autoconfigure.jdbc.TestDatabaseAutoConfiguration, org.springframework.boot.autoconfigure.jdbc.DataSourceAutoConfiguration]], org.springframework.boot.test.context.filter.ExcludeFilterContextCustomizer@33d60c3d, org.springframework.boot.test.json.DuplicateJsonObjectContextCustomizerFactory$DuplicateJsonObjectContextCustomizer@6943770e, org.springframework.boot.test.mock.mockito.MockitoContextCustomizer@0, org.springframework.boot.test.web.client.TestRestTemplateContextCustomizer@536042e6, org.springframework.boot.test.context.SpringBootTestArgs@1], resourceBasePath = 'src/main/webapp', contextLoader = 'org.springframework.boot.test.context.SpringBootContextLoader', parent = [null]], attributes = map['org.springframework.test.context.web.ServletTestExecutionListener.activateListener' -> true, 'org.springframework.test.context.web.ServletTestExecutionListener.populatedRequestContextHolder' -> true, 'org.springframework.test.context.web.ServletTestExecutionListener.resetRequestContextHolder' -> true]]
2020-06-10 18:11:51.611  INFO 55751 --- [    Test worker] o.s.t.c.transaction.TransactionContext   : Began transaction (1) for test context [DefaultTestContext@633e0b9b testClass = OrganisaatioBusinessServiceImplTest, testInstance = fi.vm.sade.organisaatio.business.impl.OrganisaatioBusinessServiceImplTest@6a5dc5ab, testMethod = saveToimipisteShouldGenerateOpetuspisteenJarjNroAndToimipistekoodiWhenEmpty@OrganisaatioBusinessServiceImplTest, testException = [null], mergedContextConfiguration = [WebMergedContextConfiguration@142403d testClass = OrganisaatioBusinessServiceImplTest, locations = '{}', classes = '{class fi.vm.sade.organisaatio.OrganisaatioApplication, class fi.vm.sade.organisaatio.business.impl.OrganisaatioBusinessServiceImplTest$OrganisaatioBusinessServiceImplTestContextConfiguration}', contextInitializerClasses = '[]', activeProfiles = '{}', propertySourceLocations = '{}', propertySourceProperties = '{org.springframework.boot.test.context.SpringBootTestContextBootstrapper=true}', contextCustomizers = set[org.springframework.boot.test.autoconfigure.properties.PropertyMappingContextCustomizer@a273518a, org.springframework.boot.test.autoconfigure.web.servlet.WebDriverContextCustomizerFactory$Customizer@25a95d7a, [ImportsContextCustomizer@1758189f key = [org.springframework.boot.test.autoconfigure.jdbc.TestDatabaseAutoConfiguration, org.springframework.boot.autoconfigure.jdbc.DataSourceAutoConfiguration]], org.springframework.boot.test.context.filter.ExcludeFilterContextCustomizer@33d60c3d, org.springframework.boot.test.json.DuplicateJsonObjectContextCustomizerFactory$DuplicateJsonObjectContextCustomizer@6943770e, org.springframework.boot.test.mock.mockito.MockitoContextCustomizer@0, org.springframework.boot.test.web.client.TestRestTemplateContextCustomizer@536042e6, org.springframework.boot.test.context.SpringBootTestArgs@1], resourceBasePath = 'src/main/webapp', contextLoader = 'org.springframework.boot.test.context.SpringBootContextLoader', parent = [null]], attributes = map['org.springframework.test.context.web.ServletTestExecutionListener.activateListener' -> true, 'org.springframework.test.context.web.ServletTestExecutionListener.populatedRequestContextHolder' -> true, 'org.springframework.test.context.web.ServletTestExecutionListener.resetRequestContextHolder' -> true]]; transaction manager [org.springframework.orm.jpa.JpaTransactionManager@441d876b]; rollback [true]
Hibernate: 
    select
        organisaat0_.id as id1_5_,
        organisaat0_.version as version2_5_,
        organisaat0_.alkupvm as alkupvm3_5_,
        organisaat0_.domainnimi as domainni4_5_,
        organisaat0_.kotipaikka as kotipaik5_5_,
        organisaat0_.kuvaus_mkt as kuvaus_28_5_,
        organisaat0_.lakkautuspvm as lakkautu6_5_,
        organisaat0_.maa as maa7_5_,
        organisaat0_.metadata_id as metadat29_5_,
        organisaat0_.nimi_mkt as nimi_mk30_5_,
        organisaat0_.nimihaku as nimihaku8_5_,
        organisaat0_.oid as oid9_5_,
        organisaat0_.opetuspisteenjarjnro as opetusp10_5_,
        organisaat0_.oppilaitoskoodi as oppilai11_5_,
        organisaat0_.oppilaitos_tyyppi as oppilai12_5_,
        organisaat0_.organisaatio_poistettu as organis13_5_,
        organisaat0_.paivittaja as paivitt14_5_,
        organisaat0_.paivityspvm as paivity15_5_,
        organisaat0_.parentidpath as parenti16_5_,
        organisaat0_.parentoidpath as parento17_5_,
        organisaat0_.piilotettu as piilote18_5_,
        organisaat0_.tarkastus_pvm as tarkast19_5_,
        organisaat0_.toimipistekoodi as toimipi20_5_,
        organisaat0_.tuontipvm as tuontip21_5_,
        organisaat0_.varhaiskasvatuksen_toimipaikka_tiedot_id as varhais31_5_,
        organisaat0_.virastotunnus as virasto22_5_,
        organisaat0_.yhteishaunkoulukoodi as yhteish23_5_,
        organisaat0_.yritysmuoto as yritysm24_5_,
        organisaat0_.ytj_kieli as ytj_kie25_5_,
        organisaat0_.ytjpaivityspvm as ytjpaiv26_5_,
        organisaat0_.ytunnus as ytunnus27_5_ 
    from
        organisaatio organisaat0_ 
    where
        organisaat0_.oid=?
2020-06-10 18:11:51.615 TRACE 55751 --- [    Test worker] o.h.type.descriptor.sql.BasicBinder      : binding parameter [1] as [VARCHAR] - [1.2.246.562.10.46923257671]
2020-06-10 18:11:51.866  WARN 55751 --- [    Test worker] fi.vm.sade.javautils.http.OphHttpClient  : Failed to CAS authenticate. Renewing proxy ticket.
Hibernate: 
    select
        organisaat0_.id as id1_5_,
        organisaat0_.version as version2_5_,
        organisaat0_.alkupvm as alkupvm3_5_,
        organisaat0_.domainnimi as domainni4_5_,
        organisaat0_.kotipaikka as kotipaik5_5_,
        organisaat0_.kuvaus_mkt as kuvaus_28_5_,
        organisaat0_.lakkautuspvm as lakkautu6_5_,
        organisaat0_.maa as maa7_5_,
        organisaat0_.metadata_id as metadat29_5_,
        organisaat0_.nimi_mkt as nimi_mk30_5_,
        organisaat0_.nimihaku as nimihaku8_5_,
        organisaat0_.oid as oid9_5_,
        organisaat0_.opetuspisteenjarjnro as opetusp10_5_,
        organisaat0_.oppilaitoskoodi as oppilai11_5_,
        organisaat0_.oppilaitos_tyyppi as oppilai12_5_,
        organisaat0_.organisaatio_poistettu as organis13_5_,
        organisaat0_.paivittaja as paivitt14_5_,
        organisaat0_.paivityspvm as paivity15_5_,
        organisaat0_.parentidpath as parenti16_5_,
        organisaat0_.parentoidpath as parento17_5_,
        organisaat0_.piilotettu as piilote18_5_,
        organisaat0_.tarkastus_pvm as tarkast19_5_,
        organisaat0_.toimipistekoodi as toimipi20_5_,
        organisaat0_.tuontipvm as tuontip21_5_,
        organisaat0_.varhaiskasvatuksen_toimipaikka_tiedot_id as varhais31_5_,
        organisaat0_.virastotunnus as virasto22_5_,
        organisaat0_.yhteishaunkoulukoodi as yhteish23_5_,
        organisaat0_.yritysmuoto as yritysm24_5_,
        organisaat0_.ytj_kieli as ytj_kie25_5_,
        organisaat0_.ytjpaivityspvm as ytjpaiv26_5_,
        organisaat0_.ytunnus as ytunnus27_5_ 
    from
        organisaatio organisaat0_ 
    where
        organisaat0_.oid=?
2020-06-10 18:11:51.984 TRACE 55751 --- [    Test worker] o.h.type.descriptor.sql.BasicBinder      : binding parameter [1] as [VARCHAR] - [1.2.246.562.24.00000000001]
2020-06-10 18:11:51.984 TRACE 55751 --- [    Test worker] o.h.type.descriptor.sql.BasicExtractor   : extracted value ([id1_5_] : [BIGINT]) - [1]
2020-06-10 18:11:51.984 TRACE 55751 --- [    Test worker] o.h.type.descriptor.sql.BasicExtractor   : extracted value ([version2_5_] : [BIGINT]) - [0]
2020-06-10 18:11:51.984 TRACE 55751 --- [    Test worker] o.h.type.descriptor.sql.BasicExtractor   : extracted value ([alkupvm3_5_] : [DATE]) - [2004-06-29]
2020-06-10 18:11:51.984 TRACE 55751 --- [    Test worker] o.h.type.descriptor.sql.BasicExtractor   : extracted value ([domainni4_5_] : [VARCHAR]) - [null]
2020-06-10 18:11:51.984 TRACE 55751 --- [    Test worker] o.h.type.descriptor.sql.BasicExtractor   : extracted value ([kotipaik5_5_] : [VARCHAR]) - [Helsinki]
2020-06-10 18:11:51.984 TRACE 55751 --- [    Test worker] o.h.type.descriptor.sql.BasicExtractor   : extracted value ([kuvaus_28_5_] : [BIGINT]) - [null]
2020-06-10 18:11:51.984 TRACE 55751 --- [    Test worker] o.h.type.descriptor.sql.BasicExtractor   : extracted value ([lakkautu6_5_] : [DATE]) - [null]
2020-06-10 18:11:51.984 TRACE 55751 --- [    Test worker] o.h.type.descriptor.sql.BasicExtractor   : extracted value ([maa7_5_] : [VARCHAR]) - [null]
2020-06-10 18:11:51.984 TRACE 55751 --- [    Test worker] o.h.type.descriptor.sql.BasicExtractor   : extracted value ([metadat29_5_] : [BIGINT]) - [null]
2020-06-10 18:11:51.984 TRACE 55751 --- [    Test worker] o.h.type.descriptor.sql.BasicExtractor   : extracted value ([nimi_mk30_5_] : [BIGINT]) - [1]
2020-06-10 18:11:51.984 TRACE 55751 --- [    Test worker] o.h.type.descriptor.sql.BasicExtractor   : extracted value ([nimihaku8_5_] : [VARCHAR]) - [opetushallitus]
2020-06-10 18:11:51.984 TRACE 55751 --- [    Test worker] o.h.type.descriptor.sql.BasicExtractor   : extracted value ([oid9_5_] : [VARCHAR]) - [1.2.246.562.24.00000000001]
2020-06-10 18:11:51.984 TRACE 55751 --- [    Test worker] o.h.type.descriptor.sql.BasicExtractor   : extracted value ([opetusp10_5_] : [VARCHAR]) - [null]
2020-06-10 18:11:51.984 TRACE 55751 --- [    Test worker] o.h.type.descriptor.sql.BasicExtractor   : extracted value ([oppilai11_5_] : [VARCHAR]) - [null]
2020-06-10 18:11:51.984 TRACE 55751 --- [    Test worker] o.h.type.descriptor.sql.BasicExtractor   : extracted value ([oppilai12_5_] : [VARCHAR]) - [null]
2020-06-10 18:11:51.984 TRACE 55751 --- [    Test worker] o.h.type.descriptor.sql.BasicExtractor   : extracted value ([organis13_5_] : [BOOLEAN]) - [false]
2020-06-10 18:11:51.984 TRACE 55751 --- [    Test worker] o.h.type.descriptor.sql.BasicExtractor   : extracted value ([paivitt14_5_] : [VARCHAR]) - [null]
2020-06-10 18:11:51.985 TRACE 55751 --- [    Test worker] o.h.type.descriptor.sql.BasicExtractor   : extracted value ([paivity15_5_] : [TIMESTAMP]) - [null]
2020-06-10 18:11:51.985 TRACE 55751 --- [    Test worker] o.h.type.descriptor.sql.BasicExtractor   : extracted value ([parenti16_5_] : [VARCHAR]) - [null]
2020-06-10 18:11:51.985 TRACE 55751 --- [    Test worker] o.h.type.descriptor.sql.BasicExtractor   : extracted value ([parento17_5_] : [VARCHAR]) - [null]
2020-06-10 18:11:51.985 TRACE 55751 --- [    Test worker] o.h.type.descriptor.sql.BasicExtractor   : extracted value ([piilote18_5_] : [BOOLEAN]) - [false]
2020-06-10 18:11:51.985 TRACE 55751 --- [    Test worker] o.h.type.descriptor.sql.BasicExtractor   : extracted value ([tarkast19_5_] : [TIMESTAMP]) - [null]
2020-06-10 18:11:51.985 TRACE 55751 --- [    Test worker] o.h.type.descriptor.sql.BasicExtractor   : extracted value ([toimipi20_5_] : [VARCHAR]) - [null]
2020-06-10 18:11:51.985 TRACE 55751 --- [    Test worker] o.h.type.descriptor.sql.BasicExtractor   : extracted value ([tuontip21_5_] : [TIMESTAMP]) - [null]
2020-06-10 18:11:51.985 TRACE 55751 --- [    Test worker] o.h.type.descriptor.sql.BasicExtractor   : extracted value ([varhais31_5_] : [BIGINT]) - [null]
2020-06-10 18:11:51.985 TRACE 55751 --- [    Test worker] o.h.type.descriptor.sql.BasicExtractor   : extracted value ([virasto22_5_] : [VARCHAR]) - [null]
2020-06-10 18:11:51.985 TRACE 55751 --- [    Test worker] o.h.type.descriptor.sql.BasicExtractor   : extracted value ([yhteish23_5_] : [VARCHAR]) - [null]
2020-06-10 18:11:51.985 TRACE 55751 --- [    Test worker] o.h.type.descriptor.sql.BasicExtractor   : extracted value ([yritysm24_5_] : [VARCHAR]) - [oy]
2020-06-10 18:11:51.985 TRACE 55751 --- [    Test worker] o.h.type.descriptor.sql.BasicExtractor   : extracted value ([ytj_kie25_5_] : [VARCHAR]) - [null]
2020-06-10 18:11:51.985 TRACE 55751 --- [    Test worker] o.h.type.descriptor.sql.BasicExtractor   : extracted value ([ytjpaiv26_5_] : [DATE]) - [null]
2020-06-10 18:11:51.985 TRACE 55751 --- [    Test worker] o.h.type.descriptor.sql.BasicExtractor   : extracted value ([ytunnus27_5_] : [VARCHAR]) - [null]
2020-06-10 18:11:51.985 TRACE 55751 --- [    Test worker] org.hibernate.type.CollectionType        : Created collection wrapper: [fi.vm.sade.organisaatio.model.Organisaatio.childSuhteet#1]
2020-06-10 18:11:51.985 TRACE 55751 --- [    Test worker] org.hibernate.type.CollectionType        : Created collection wrapper: [fi.vm.sade.organisaatio.model.Organisaatio.kayttoryhmat#1]
2020-06-10 18:11:51.985 TRACE 55751 --- [    Test worker] org.hibernate.type.CollectionType        : Created collection wrapper: [fi.vm.sade.organisaatio.model.Organisaatio.kielet#1]
2020-06-10 18:11:51.985 TRACE 55751 --- [    Test worker] org.hibernate.type.CollectionType        : Created collection wrapper: [fi.vm.sade.organisaatio.model.Organisaatio.muutKotipaikatUris#1]
2020-06-10 18:11:51.985 TRACE 55751 --- [    Test worker] org.hibernate.type.CollectionType        : Created collection wrapper: [fi.vm.sade.organisaatio.model.Organisaatio.muutOppilaitosTyyppiUris#1]
2020-06-10 18:11:51.985 TRACE 55751 --- [    Test worker] org.hibernate.type.CollectionType        : Created collection wrapper: [fi.vm.sade.organisaatio.model.Organisaatio.nimet#1]
2020-06-10 18:11:51.985 TRACE 55751 --- [    Test worker] org.hibernate.type.CollectionType        : Created collection wrapper: [fi.vm.sade.organisaatio.model.Organisaatio.organisaatioLisatietotyypit#1]
2020-06-10 18:11:51.985 TRACE 55751 --- [    Test worker] org.hibernate.type.CollectionType        : Created collection wrapper: [fi.vm.sade.organisaatio.model.Organisaatio.parentSuhteet#1]
2020-06-10 18:11:51.985 TRACE 55751 --- [    Test worker] org.hibernate.type.CollectionType        : Created collection wrapper: [fi.vm.sade.organisaatio.model.Organisaatio.ryhmatyypit#1]
2020-06-10 18:11:51.985 TRACE 55751 --- [    Test worker] org.hibernate.type.CollectionType        : Created collection wrapper: [fi.vm.sade.organisaatio.model.Organisaatio.tyypit#1]
2020-06-10 18:11:51.985 TRACE 55751 --- [    Test worker] org.hibernate.type.CollectionType        : Created collection wrapper: [fi.vm.sade.organisaatio.model.Organisaatio.vuosiluokat#1]
2020-06-10 18:11:51.985 TRACE 55751 --- [    Test worker] org.hibernate.type.CollectionType        : Created collection wrapper: [fi.vm.sade.organisaatio.model.Organisaatio.yhteystiedot#1]
2020-06-10 18:11:51.985 TRACE 55751 --- [    Test worker] org.hibernate.type.CollectionType        : Created collection wrapper: [fi.vm.sade.organisaatio.model.Organisaatio.yhteystietoArvos#1]
Hibernate: 
    select
        parentsuht0_.child_id as child_id7_19_0_,
        parentsuht0_.id as id1_19_0_,
        parentsuht0_.id as id1_19_1_,
        parentsuht0_.version as version2_19_1_,
        parentsuht0_.alkupvm as alkupvm3_19_1_,
        parentsuht0_.child_id as child_id7_19_1_,
        parentsuht0_.loppupvm as loppupvm4_19_1_,
        parentsuht0_.opetuspisteenjarjnro as opetuspi5_19_1_,
        parentsuht0_.parent_id as parent_i8_19_1_,
        parentsuht0_.suhdetyyppi as suhdetyy6_19_1_ 
    from
        organisaatiosuhde parentsuht0_ 
    where
        parentsuht0_.child_id=? 
    order by
        parentsuht0_.alkupvm
2020-06-10 18:11:51.986 TRACE 55751 --- [    Test worker] o.h.type.descriptor.sql.BasicBinder      : binding parameter [1] as [BIGINT] - [1]
Hibernate: 
    select
        organisaat0_.id as id1_5_,
        organisaat0_.version as version2_5_,
        organisaat0_.alkupvm as alkupvm3_5_,
        organisaat0_.domainnimi as domainni4_5_,
        organisaat0_.kotipaikka as kotipaik5_5_,
        organisaat0_.kuvaus_mkt as kuvaus_28_5_,
        organisaat0_.lakkautuspvm as lakkautu6_5_,
        organisaat0_.maa as maa7_5_,
        organisaat0_.metadata_id as metadat29_5_,
        organisaat0_.nimi_mkt as nimi_mk30_5_,
        organisaat0_.nimihaku as nimihaku8_5_,
        organisaat0_.oid as oid9_5_,
        organisaat0_.opetuspisteenjarjnro as opetusp10_5_,
        organisaat0_.oppilaitoskoodi as oppilai11_5_,
        organisaat0_.oppilaitos_tyyppi as oppilai12_5_,
        organisaat0_.organisaatio_poistettu as organis13_5_,
        organisaat0_.paivittaja as paivitt14_5_,
        organisaat0_.paivityspvm as paivity15_5_,
        organisaat0_.parentidpath as parenti16_5_,
        organisaat0_.parentoidpath as parento17_5_,
        organisaat0_.piilotettu as piilote18_5_,
        organisaat0_.tarkastus_pvm as tarkast19_5_,
        organisaat0_.toimipistekoodi as toimipi20_5_,
        organisaat0_.tuontipvm as tuontip21_5_,
        organisaat0_.varhaiskasvatuksen_toimipaikka_tiedot_id as varhais31_5_,
        organisaat0_.virastotunnus as virasto22_5_,
        organisaat0_.yhteishaunkoulukoodi as yhteish23_5_,
        organisaat0_.yritysmuoto as yritysm24_5_,
        organisaat0_.ytj_kieli as ytj_kie25_5_,
        organisaat0_.ytjpaivityspvm as ytjpaiv26_5_,
        organisaat0_.ytunnus as ytunnus27_5_ 
    from
        organisaatio organisaat0_ 
    where
        organisaat0_.oid=?
2020-06-10 18:11:51.987 TRACE 55751 --- [    Test worker] o.h.type.descriptor.sql.BasicBinder      : binding parameter [1] as [VARCHAR] - [1.2.246.562.24.00000000001]
2020-06-10 18:11:51.987 TRACE 55751 --- [    Test worker] o.h.type.descriptor.sql.BasicExtractor   : extracted value ([id1_5_] : [BIGINT]) - [1]
2020-06-10 18:11:51.987  WARN 55751 --- [    Test worker] .s.o.b.i.OrganisaatioBusinessServiceImpl : Oppilaitos not found in parents
Hibernate: 
    insert 
    into
        monikielinen_teksti
        (id, version) 
    values
        (null, ?)
2020-06-10 18:11:51.988 TRACE 55751 --- [    Test worker] o.h.type.descriptor.sql.BasicBinder      : binding parameter [1] as [BIGINT] - [0]
Hibernate: 
    insert 
    into
        monikielinen_teksti
        (id, version) 
    values
        (null, ?)
2020-06-10 18:11:51.988 TRACE 55751 --- [    Test worker] o.h.type.descriptor.sql.BasicBinder      : binding parameter [1] as [BIGINT] - [0]
Hibernate: 
    insert 
    into
        organisaatio
        (id, version, alkupvm, domainnimi, kotipaikka, kuvaus_mkt, lakkautuspvm, maa, metadata_id, nimi_mkt, nimihaku, oid, opetuspisteenjarjnro, oppilaitoskoodi, oppilaitos_tyyppi, organisaatio_poistettu, paivittaja, paivityspvm, parentidpath, parentoidpath, piilotettu, tarkastus_pvm, toimipistekoodi, tuontipvm, varhaiskasvatuksen_toimipaikka_tiedot_id, virastotunnus, yhteishaunkoulukoodi, yritysmuoto, ytj_kieli, ytjpaivityspvm, ytunnus) 
    values
        (null, ?, ?, ?, ?, ?, ?, ?, ?, ?, ?, ?, ?, ?, ?, ?, ?, ?, ?, ?, ?, ?, ?, ?, ?, ?, ?, ?, ?, ?, ?)
2020-06-10 18:11:51.988 TRACE 55751 --- [    Test worker] o.h.type.descriptor.sql.BasicBinder      : binding parameter [1] as [BIGINT] - [0]
2020-06-10 18:11:51.988 TRACE 55751 --- [    Test worker] o.h.type.descriptor.sql.BasicBinder      : binding parameter [2] as [DATE] - [Fri Dec 31 00:00:00 EET 1999]
2020-06-10 18:11:51.988 TRACE 55751 --- [    Test worker] o.h.type.descriptor.sql.BasicBinder      : binding parameter [3] as [VARCHAR] - [null]
2020-06-10 18:11:51.988 TRACE 55751 --- [    Test worker] o.h.type.descriptor.sql.BasicBinder      : binding parameter [4] as [VARCHAR] - [kunta_092]
2020-06-10 18:11:51.988 TRACE 55751 --- [    Test worker] o.h.type.descriptor.sql.BasicBinder      : binding parameter [5] as [BIGINT] - [1060]
2020-06-10 18:11:51.988 TRACE 55751 --- [    Test worker] o.h.type.descriptor.sql.BasicBinder      : binding parameter [6] as [DATE] - [null]
2020-06-10 18:11:51.989 TRACE 55751 --- [    Test worker] o.h.type.descriptor.sql.BasicBinder      : binding parameter [7] as [VARCHAR] - [maatjavaltiot1_fin]
2020-06-10 18:11:51.989 TRACE 55751 --- [    Test worker] o.h.type.descriptor.sql.BasicBinder      : binding parameter [8] as [BIGINT] - [null]
2020-06-10 18:11:51.989 TRACE 55751 --- [    Test worker] o.h.type.descriptor.sql.BasicBinder      : binding parameter [9] as [BIGINT] - [1061]
2020-06-10 18:11:51.989 TRACE 55751 --- [    Test worker] o.h.type.descriptor.sql.BasicBinder      : binding parameter [10] as [VARCHAR] - [,koulutustoimija1]
2020-06-10 18:11:51.989 TRACE 55751 --- [    Test worker] o.h.type.descriptor.sql.BasicBinder      : binding parameter [11] as [VARCHAR] - [1.2.246.562.10.46923257671]
2020-06-10 18:11:51.989 TRACE 55751 --- [    Test worker] o.h.type.descriptor.sql.BasicBinder      : binding parameter [12] as [VARCHAR] - [null]
2020-06-10 18:11:51.989 TRACE 55751 --- [    Test worker] o.h.type.descriptor.sql.BasicBinder      : binding parameter [13] as [VARCHAR] - [null]
2020-06-10 18:11:51.989 TRACE 55751 --- [    Test worker] o.h.type.descriptor.sql.BasicBinder      : binding parameter [14] as [VARCHAR] - [null]
2020-06-10 18:11:51.989 TRACE 55751 --- [    Test worker] o.h.type.descriptor.sql.BasicBinder      : binding parameter [15] as [BOOLEAN] - [false]
2020-06-10 18:11:51.989 TRACE 55751 --- [    Test worker] o.h.type.descriptor.sql.BasicBinder      : binding parameter [16] as [VARCHAR] - [ophadmin]
2020-06-10 18:11:51.989 TRACE 55751 --- [    Test worker] o.h.type.descriptor.sql.BasicBinder      : binding parameter [17] as [TIMESTAMP] - [Wed Jun 10 18:11:51 EEST 2020]
2020-06-10 18:11:51.989 TRACE 55751 --- [    Test worker] o.h.type.descriptor.sql.BasicBinder      : binding parameter [18] as [VARCHAR] - [|1|]
2020-06-10 18:11:51.989 TRACE 55751 --- [    Test worker] o.h.type.descriptor.sql.BasicBinder      : binding parameter [19] as [VARCHAR] - [|1.2.246.562.24.00000000001|]
2020-06-10 18:11:51.989 TRACE 55751 --- [    Test worker] o.h.type.descriptor.sql.BasicBinder      : binding parameter [20] as [BOOLEAN] - [false]
2020-06-10 18:11:51.989 TRACE 55751 --- [    Test worker] o.h.type.descriptor.sql.BasicBinder      : binding parameter [21] as [TIMESTAMP] - [null]
2020-06-10 18:11:51.989 TRACE 55751 --- [    Test worker] o.h.type.descriptor.sql.BasicBinder      : binding parameter [22] as [VARCHAR] - []
2020-06-10 18:11:51.989 TRACE 55751 --- [    Test worker] o.h.type.descriptor.sql.BasicBinder      : binding parameter [23] as [TIMESTAMP] - [null]
2020-06-10 18:11:51.989 TRACE 55751 --- [    Test worker] o.h.type.descriptor.sql.BasicBinder      : binding parameter [24] as [BIGINT] - [null]
2020-06-10 18:11:51.989 TRACE 55751 --- [    Test worker] o.h.type.descriptor.sql.BasicBinder      : binding parameter [25] as [VARCHAR] - [null]
2020-06-10 18:11:51.989 TRACE 55751 --- [    Test worker] o.h.type.descriptor.sql.BasicBinder      : binding parameter [26] as [VARCHAR] - [null]
2020-06-10 18:11:51.989 TRACE 55751 --- [    Test worker] o.h.type.descriptor.sql.BasicBinder      : binding parameter [27] as [VARCHAR] - [null]
2020-06-10 18:11:51.989 TRACE 55751 --- [    Test worker] o.h.type.descriptor.sql.BasicBinder      : binding parameter [28] as [VARCHAR] - [null]
2020-06-10 18:11:51.989 TRACE 55751 --- [    Test worker] o.h.type.descriptor.sql.BasicBinder      : binding parameter [29] as [DATE] - [null]
2020-06-10 18:11:51.989 TRACE 55751 --- [    Test worker] o.h.type.descriptor.sql.BasicBinder      : binding parameter [30] as [VARCHAR] - [null]
Hibernate: 
    insert 
    into
        organisaatio_nimi
        (id, version, alkupvm, nimi_mkt, organisaatio_id, paivittaja) 
    values
        (null, ?, ?, ?, ?, ?)
2020-06-10 18:11:51.990 TRACE 55751 --- [    Test worker] o.h.type.descriptor.sql.BasicBinder      : binding parameter [1] as [BIGINT] - [0]
2020-06-10 18:11:51.990 TRACE 55751 --- [    Test worker] o.h.type.descriptor.sql.BasicBinder      : binding parameter [2] as [DATE] - [Wed Jun 10 18:11:51 EEST 2020]
2020-06-10 18:11:51.990 TRACE 55751 --- [    Test worker] o.h.type.descriptor.sql.BasicBinder      : binding parameter [3] as [BIGINT] - [1061]
2020-06-10 18:11:51.990 TRACE 55751 --- [    Test worker] o.h.type.descriptor.sql.BasicBinder      : binding parameter [4] as [BIGINT] - [38]
2020-06-10 18:11:51.990 TRACE 55751 --- [    Test worker] o.h.type.descriptor.sql.BasicBinder      : binding parameter [5] as [VARCHAR] - [null]
Hibernate: 
    insert 
    into
        yhteystieto
        (id, version, kieli, organisaatio_id, yhteystieto_oid, coordinatetype, extrarivi, lat, lng, maa, osavaltio, osoite, osoite_tyyppi, postinumero, postitoimipaikka, ytjpaivityspvm, dtype) 
    values
        (null, ?, ?, ?, ?, ?, ?, ?, ?, ?, ?, ?, ?, ?, ?, ?, 'Osoite')
2020-06-10 18:11:51.990 TRACE 55751 --- [    Test worker] o.h.type.descriptor.sql.BasicBinder      : binding parameter [1] as [BIGINT] - [0]
2020-06-10 18:11:51.990 TRACE 55751 --- [    Test worker] o.h.type.descriptor.sql.BasicBinder      : binding parameter [2] as [VARCHAR] - [kieli_fi#1]
2020-06-10 18:11:51.990 TRACE 55751 --- [    Test worker] o.h.type.descriptor.sql.BasicBinder      : binding parameter [3] as [BIGINT] - [38]
2020-06-10 18:11:51.990 TRACE 55751 --- [    Test worker] o.h.type.descriptor.sql.BasicBinder      : binding parameter [4] as [VARCHAR] - [1.2.246.562.5.98219967260]
2020-06-10 18:11:51.990 TRACE 55751 --- [    Test worker] o.h.type.descriptor.sql.BasicBinder      : binding parameter [5] as [VARCHAR] - [null]
2020-06-10 18:11:51.990 TRACE 55751 --- [    Test worker] o.h.type.descriptor.sql.BasicBinder      : binding parameter [6] as [VARCHAR] - [null]
2020-06-10 18:11:51.990 TRACE 55751 --- [    Test worker] o.h.type.descriptor.sql.BasicBinder      : binding parameter [7] as [DOUBLE] - [null]
2020-06-10 18:11:51.990 TRACE 55751 --- [    Test worker] o.h.type.descriptor.sql.BasicBinder      : binding parameter [8] as [DOUBLE] - [null]
2020-06-10 18:11:51.990 TRACE 55751 --- [    Test worker] o.h.type.descriptor.sql.BasicBinder      : binding parameter [9] as [VARCHAR] - [null]
2020-06-10 18:11:51.990 TRACE 55751 --- [    Test worker] o.h.type.descriptor.sql.BasicBinder      : binding parameter [10] as [VARCHAR] - [null]
2020-06-10 18:11:51.990 TRACE 55751 --- [    Test worker] o.h.type.descriptor.sql.BasicBinder      : binding parameter [11] as [VARCHAR] - [Kayntiosoite 2B]
2020-06-10 18:11:51.990 TRACE 55751 --- [    Test worker] o.h.type.descriptor.sql.BasicBinder      : binding parameter [12] as [VARCHAR] - [kaynti]
2020-06-10 18:11:51.990 TRACE 55751 --- [    Test worker] o.h.type.descriptor.sql.BasicBinder      : binding parameter [13] as [VARCHAR] - [posti_00550]
2020-06-10 18:11:51.990 TRACE 55751 --- [    Test worker] o.h.type.descriptor.sql.BasicBinder      : binding parameter [14] as [VARCHAR] - [Helsinki]
2020-06-10 18:11:51.990 TRACE 55751 --- [    Test worker] o.h.type.descriptor.sql.BasicBinder      : binding parameter [15] as [DATE] - [null]
Hibernate: 
    insert 
    into
        yhteystieto
        (id, version, kieli, organisaatio_id, yhteystieto_oid, coordinatetype, extrarivi, lat, lng, maa, osavaltio, osoite, osoite_tyyppi, postinumero, postitoimipaikka, ytjpaivityspvm, dtype) 
    values
        (null, ?, ?, ?, ?, ?, ?, ?, ?, ?, ?, ?, ?, ?, ?, ?, 'Osoite')
2020-06-10 18:11:51.991 TRACE 55751 --- [    Test worker] o.h.type.descriptor.sql.BasicBinder      : binding parameter [1] as [BIGINT] - [0]
2020-06-10 18:11:51.991 TRACE 55751 --- [    Test worker] o.h.type.descriptor.sql.BasicBinder      : binding parameter [2] as [VARCHAR] - [kieli_fi#1]
2020-06-10 18:11:51.991 TRACE 55751 --- [    Test worker] o.h.type.descriptor.sql.BasicBinder      : binding parameter [3] as [BIGINT] - [38]
2020-06-10 18:11:51.991 TRACE 55751 --- [    Test worker] o.h.type.descriptor.sql.BasicBinder      : binding parameter [4] as [VARCHAR] - [1.2.246.562.5.69647823748]
2020-06-10 18:11:51.991 TRACE 55751 --- [    Test worker] o.h.type.descriptor.sql.BasicBinder      : binding parameter [5] as [VARCHAR] - [null]
2020-06-10 18:11:51.991 TRACE 55751 --- [    Test worker] o.h.type.descriptor.sql.BasicBinder      : binding parameter [6] as [VARCHAR] - [null]
2020-06-10 18:11:51.991 TRACE 55751 --- [    Test worker] o.h.type.descriptor.sql.BasicBinder      : binding parameter [7] as [DOUBLE] - [null]
2020-06-10 18:11:51.991 TRACE 55751 --- [    Test worker] o.h.type.descriptor.sql.BasicBinder      : binding parameter [8] as [DOUBLE] - [null]
2020-06-10 18:11:51.991 TRACE 55751 --- [    Test worker] o.h.type.descriptor.sql.BasicBinder      : binding parameter [9] as [VARCHAR] - [null]
2020-06-10 18:11:51.991 TRACE 55751 --- [    Test worker] o.h.type.descriptor.sql.BasicBinder      : binding parameter [10] as [VARCHAR] - [null]
2020-06-10 18:11:51.991 TRACE 55751 --- [    Test worker] o.h.type.descriptor.sql.BasicBinder      : binding parameter [11] as [VARCHAR] - [Postiosoite 1A]
2020-06-10 18:11:51.991 TRACE 55751 --- [    Test worker] o.h.type.descriptor.sql.BasicBinder      : binding parameter [12] as [VARCHAR] - [posti]
2020-06-10 18:11:51.991 TRACE 55751 --- [    Test worker] o.h.type.descriptor.sql.BasicBinder      : binding parameter [13] as [VARCHAR] - [00550]
2020-06-10 18:11:51.991 TRACE 55751 --- [    Test worker] o.h.type.descriptor.sql.BasicBinder      : binding parameter [14] as [VARCHAR] - [Helsinki]
2020-06-10 18:11:51.991 TRACE 55751 --- [    Test worker] o.h.type.descriptor.sql.BasicBinder      : binding parameter [15] as [DATE] - [null]
Hibernate: 
    insert 
    into
        yhteystieto
        (id, version, kieli, organisaatio_id, yhteystieto_oid, www_osoite, dtype) 
    values
        (null, ?, ?, ?, ?, ?, 'Www')
2020-06-10 18:11:51.992 TRACE 55751 --- [    Test worker] o.h.type.descriptor.sql.BasicBinder      : binding parameter [1] as [BIGINT] - [0]
2020-06-10 18:11:51.992 TRACE 55751 --- [    Test worker] o.h.type.descriptor.sql.BasicBinder      : binding parameter [2] as [VARCHAR] - [kieli_fi#1]
2020-06-10 18:11:51.992 TRACE 55751 --- [    Test worker] o.h.type.descriptor.sql.BasicBinder      : binding parameter [3] as [BIGINT] - [38]
2020-06-10 18:11:51.992 TRACE 55751 --- [    Test worker] o.h.type.descriptor.sql.BasicBinder      : binding parameter [4] as [VARCHAR] - [15918019116140.7074890005023659]
2020-06-10 18:11:51.992 TRACE 55751 --- [    Test worker] o.h.type.descriptor.sql.BasicBinder      : binding parameter [5] as [VARCHAR] - [http://test.oph.fi]
Hibernate: 
    insert 
    into
        yhteystieto
        (id, version, kieli, organisaatio_id, yhteystieto_oid, puhelinnumero, tyyppi, dtype) 
    values
        (null, ?, ?, ?, ?, ?, ?, 'Puhelinnumero')
2020-06-10 18:11:51.992 TRACE 55751 --- [    Test worker] o.h.type.descriptor.sql.BasicBinder      : binding parameter [1] as [BIGINT] - [0]
2020-06-10 18:11:51.992 TRACE 55751 --- [    Test worker] o.h.type.descriptor.sql.BasicBinder      : binding parameter [2] as [VARCHAR] - [kieli_fi#1]
2020-06-10 18:11:51.992 TRACE 55751 --- [    Test worker] o.h.type.descriptor.sql.BasicBinder      : binding parameter [3] as [BIGINT] - [38]
2020-06-10 18:11:51.992 TRACE 55751 --- [    Test worker] o.h.type.descriptor.sql.BasicBinder      : binding parameter [4] as [VARCHAR] - [1.2.246.562.5.99781240640]
2020-06-10 18:11:51.992 TRACE 55751 --- [    Test worker] o.h.type.descriptor.sql.BasicBinder      : binding parameter [5] as [VARCHAR] - [123]
2020-06-10 18:11:51.992 TRACE 55751 --- [    Test worker] o.h.type.descriptor.sql.BasicBinder      : binding parameter [6] as [VARCHAR] - [puhelin]
Hibernate: 
    insert 
    into
        yhteystieto
        (id, version, kieli, organisaatio_id, yhteystieto_oid, email, dtype) 
    values
        (null, ?, ?, ?, ?, ?, 'Email')
2020-06-10 18:11:51.993 TRACE 55751 --- [    Test worker] o.h.type.descriptor.sql.BasicBinder      : binding parameter [1] as [BIGINT] - [0]
2020-06-10 18:11:51.993 TRACE 55751 --- [    Test worker] o.h.type.descriptor.sql.BasicBinder      : binding parameter [2] as [VARCHAR] - [kieli_fi#1]
2020-06-10 18:11:51.993 TRACE 55751 --- [    Test worker] o.h.type.descriptor.sql.BasicBinder      : binding parameter [3] as [BIGINT] - [38]
2020-06-10 18:11:51.993 TRACE 55751 --- [    Test worker] o.h.type.descriptor.sql.BasicBinder      : binding parameter [4] as [VARCHAR] - [15918019116140.5696937534823722]
2020-06-10 18:11:51.993 TRACE 55751 --- [    Test worker] o.h.type.descriptor.sql.BasicBinder      : binding parameter [5] as [VARCHAR] - [asd@asd.asd]
Hibernate: 
    update
        organisaatio 
    set
        version=?,
        alkupvm=?,
        domainnimi=?,
        kotipaikka=?,
        kuvaus_mkt=?,
        lakkautuspvm=?,
        maa=?,
        metadata_id=?,
        nimi_mkt=?,
        nimihaku=?,
        oid=?,
        opetuspisteenjarjnro=?,
        oppilaitoskoodi=?,
        oppilaitos_tyyppi=?,
        organisaatio_poistettu=?,
        paivittaja=?,
        paivityspvm=?,
        parentidpath=?,
        parentoidpath=?,
        piilotettu=?,
        tarkastus_pvm=?,
        toimipistekoodi=?,
        tuontipvm=?,
        varhaiskasvatuksen_toimipaikka_tiedot_id=?,
        virastotunnus=?,
        yhteishaunkoulukoodi=?,
        yritysmuoto=?,
        ytj_kieli=?,
        ytjpaivityspvm=?,
        ytunnus=? 
    where
        id=? 
        and version=?
2020-06-10 18:11:51.994 TRACE 55751 --- [    Test worker] o.h.type.descriptor.sql.BasicBinder      : binding parameter [1] as [BIGINT] - [1]
2020-06-10 18:11:51.994 TRACE 55751 --- [    Test worker] o.h.type.descriptor.sql.BasicBinder      : binding parameter [2] as [DATE] - [Fri Dec 31 00:00:00 EET 1999]
2020-06-10 18:11:51.994 TRACE 55751 --- [    Test worker] o.h.type.descriptor.sql.BasicBinder      : binding parameter [3] as [VARCHAR] - [null]
2020-06-10 18:11:51.994 TRACE 55751 --- [    Test worker] o.h.type.descriptor.sql.BasicBinder      : binding parameter [4] as [VARCHAR] - [kunta_092]
2020-06-10 18:11:51.994 TRACE 55751 --- [    Test worker] o.h.type.descriptor.sql.BasicBinder      : binding parameter [5] as [BIGINT] - [1060]
2020-06-10 18:11:51.994 TRACE 55751 --- [    Test worker] o.h.type.descriptor.sql.BasicBinder      : binding parameter [6] as [DATE] - [null]
2020-06-10 18:11:51.994 TRACE 55751 --- [    Test worker] o.h.type.descriptor.sql.BasicBinder      : binding parameter [7] as [VARCHAR] - [maatjavaltiot1_fin]
2020-06-10 18:11:51.994 TRACE 55751 --- [    Test worker] o.h.type.descriptor.sql.BasicBinder      : binding parameter [8] as [BIGINT] - [null]
2020-06-10 18:11:51.994 TRACE 55751 --- [    Test worker] o.h.type.descriptor.sql.BasicBinder      : binding parameter [9] as [BIGINT] - [1061]
2020-06-10 18:11:51.994 TRACE 55751 --- [    Test worker] o.h.type.descriptor.sql.BasicBinder      : binding parameter [10] as [VARCHAR] - [,koulutustoimija1]
2020-06-10 18:11:51.994 TRACE 55751 --- [    Test worker] o.h.type.descriptor.sql.BasicBinder      : binding parameter [11] as [VARCHAR] - [1.2.246.562.10.46923257671]
2020-06-10 18:11:51.994 TRACE 55751 --- [    Test worker] o.h.type.descriptor.sql.BasicBinder      : binding parameter [12] as [VARCHAR] - [null]
2020-06-10 18:11:51.994 TRACE 55751 --- [    Test worker] o.h.type.descriptor.sql.BasicBinder      : binding parameter [13] as [VARCHAR] - [null]
2020-06-10 18:11:51.994 TRACE 55751 --- [    Test worker] o.h.type.descriptor.sql.BasicBinder      : binding parameter [14] as [VARCHAR] - [null]
2020-06-10 18:11:51.994 TRACE 55751 --- [    Test worker] o.h.type.descriptor.sql.BasicBinder      : binding parameter [15] as [BOOLEAN] - [false]
2020-06-10 18:11:51.994 TRACE 55751 --- [    Test worker] o.h.type.descriptor.sql.BasicBinder      : binding parameter [16] as [VARCHAR] - [ophadmin]
2020-06-10 18:11:51.994 TRACE 55751 --- [    Test worker] o.h.type.descriptor.sql.BasicBinder      : binding parameter [17] as [TIMESTAMP] - [Wed Jun 10 18:11:51 EEST 2020]
2020-06-10 18:11:51.994 TRACE 55751 --- [    Test worker] o.h.type.descriptor.sql.BasicBinder      : binding parameter [18] as [VARCHAR] - [|1|]
2020-06-10 18:11:51.994 TRACE 55751 --- [    Test worker] o.h.type.descriptor.sql.BasicBinder      : binding parameter [19] as [VARCHAR] - [|1.2.246.562.24.00000000001|]
2020-06-10 18:11:51.994 TRACE 55751 --- [    Test worker] o.h.type.descriptor.sql.BasicBinder      : binding parameter [20] as [BOOLEAN] - [false]
2020-06-10 18:11:51.994 TRACE 55751 --- [    Test worker] o.h.type.descriptor.sql.BasicBinder      : binding parameter [21] as [TIMESTAMP] - [null]
2020-06-10 18:11:51.994 TRACE 55751 --- [    Test worker] o.h.type.descriptor.sql.BasicBinder      : binding parameter [22] as [VARCHAR] - []
2020-06-10 18:11:51.994 TRACE 55751 --- [    Test worker] o.h.type.descriptor.sql.BasicBinder      : binding parameter [23] as [TIMESTAMP] - [null]
2020-06-10 18:11:51.994 TRACE 55751 --- [    Test worker] o.h.type.descriptor.sql.BasicBinder      : binding parameter [24] as [BIGINT] - [null]
2020-06-10 18:11:51.994 TRACE 55751 --- [    Test worker] o.h.type.descriptor.sql.BasicBinder      : binding parameter [25] as [VARCHAR] - [null]
2020-06-10 18:11:51.994 TRACE 55751 --- [    Test worker] o.h.type.descriptor.sql.BasicBinder      : binding parameter [26] as [VARCHAR] - [null]
2020-06-10 18:11:51.994 TRACE 55751 --- [    Test worker] o.h.type.descriptor.sql.BasicBinder      : binding parameter [27] as [VARCHAR] - [null]
2020-06-10 18:11:51.994 TRACE 55751 --- [    Test worker] o.h.type.descriptor.sql.BasicBinder      : binding parameter [28] as [VARCHAR] - [null]
2020-06-10 18:11:51.995 TRACE 55751 --- [    Test worker] o.h.type.descriptor.sql.BasicBinder      : binding parameter [29] as [DATE] - [null]
2020-06-10 18:11:51.995 TRACE 55751 --- [    Test worker] o.h.type.descriptor.sql.BasicBinder      : binding parameter [30] as [VARCHAR] - [null]
2020-06-10 18:11:51.995 TRACE 55751 --- [    Test worker] o.h.type.descriptor.sql.BasicBinder      : binding parameter [31] as [BIGINT] - [38]
2020-06-10 18:11:51.995 TRACE 55751 --- [    Test worker] o.h.type.descriptor.sql.BasicBinder      : binding parameter [32] as [BIGINT] - [0]
Hibernate: 
    insert 
    into
        organisaatio_kielet
        (organisaatio_id, kielet) 
    values
        (?, ?)
2020-06-10 18:11:51.995 TRACE 55751 --- [    Test worker] o.h.type.descriptor.sql.BasicBinder      : binding parameter [1] as [BIGINT] - [38]
2020-06-10 18:11:51.995 TRACE 55751 --- [    Test worker] o.h.type.descriptor.sql.BasicBinder      : binding parameter [2] as [VARCHAR] - [oppilaitoksenopetuskieli_1#1]
Hibernate: 
    insert 
    into
        organisaatio_tyypit
        (organisaatio_id, tyypit) 
    values
        (?, ?)
2020-06-10 18:11:51.995 TRACE 55751 --- [    Test worker] o.h.type.descriptor.sql.BasicBinder      : binding parameter [1] as [BIGINT] - [38]
2020-06-10 18:11:51.995 TRACE 55751 --- [    Test worker] o.h.type.descriptor.sql.BasicBinder      : binding parameter [2] as [VARCHAR] - [organisaatiotyyppi_01]
Hibernate: 
    insert 
    into
        monikielinen_teksti_values
        (id, key, value) 
    values
        (?, ?, ?)
2020-06-10 18:11:51.995 TRACE 55751 --- [    Test worker] o.h.type.descriptor.sql.BasicBinder      : binding parameter [1] as [BIGINT] - [1061]
2020-06-10 18:11:51.995 TRACE 55751 --- [    Test worker] o.h.type.descriptor.sql.BasicBinder      : binding parameter [2] as [VARCHAR] - [fi]
2020-06-10 18:11:51.995 TRACE 55751 --- [    Test worker] o.h.type.descriptor.sql.BasicBinder      : binding parameter [3] as [VARCHAR] - [koulutustoimija1]
Hibernate: 
    select
        organisaat0_.id as id1_5_,
        organisaat0_.version as version2_5_,
        organisaat0_.alkupvm as alkupvm3_5_,
        organisaat0_.domainnimi as domainni4_5_,
        organisaat0_.kotipaikka as kotipaik5_5_,
        organisaat0_.kuvaus_mkt as kuvaus_28_5_,
        organisaat0_.lakkautuspvm as lakkautu6_5_,
        organisaat0_.maa as maa7_5_,
        organisaat0_.metadata_id as metadat29_5_,
        organisaat0_.nimi_mkt as nimi_mk30_5_,
        organisaat0_.nimihaku as nimihaku8_5_,
        organisaat0_.oid as oid9_5_,
        organisaat0_.opetuspisteenjarjnro as opetusp10_5_,
        organisaat0_.oppilaitoskoodi as oppilai11_5_,
        organisaat0_.oppilaitos_tyyppi as oppilai12_5_,
        organisaat0_.organisaatio_poistettu as organis13_5_,
        organisaat0_.paivittaja as paivitt14_5_,
        organisaat0_.paivityspvm as paivity15_5_,
        organisaat0_.parentidpath as parenti16_5_,
        organisaat0_.parentoidpath as parento17_5_,
        organisaat0_.piilotettu as piilote18_5_,
        organisaat0_.tarkastus_pvm as tarkast19_5_,
        organisaat0_.toimipistekoodi as toimipi20_5_,
        organisaat0_.tuontipvm as tuontip21_5_,
        organisaat0_.varhaiskasvatuksen_toimipaikka_tiedot_id as varhais31_5_,
        organisaat0_.virastotunnus as virasto22_5_,
        organisaat0_.yhteishaunkoulukoodi as yhteish23_5_,
        organisaat0_.yritysmuoto as yritysm24_5_,
        organisaat0_.ytj_kieli as ytj_kie25_5_,
        organisaat0_.ytjpaivityspvm as ytjpaiv26_5_,
        organisaat0_.ytunnus as ytunnus27_5_ 
    from
        organisaatio organisaat0_ 
    where
        organisaat0_.oid=?
2020-06-10 18:11:51.996 TRACE 55751 --- [    Test worker] o.h.type.descriptor.sql.BasicBinder      : binding parameter [1] as [VARCHAR] - [1.2.246.562.24.00000000001]
2020-06-10 18:11:51.996 TRACE 55751 --- [    Test worker] o.h.type.descriptor.sql.BasicExtractor   : extracted value ([id1_5_] : [BIGINT]) - [1]
2020-06-10 18:11:51.996  INFO 55751 --- [    Test worker] .s.o.r.i.OrganisaatioSuhdeRepositoryImpl : findParentTo(38, Wed Jun 10 18:11:51 EEST 2020)
Hibernate: 
    select
        organisaat0_.id as id1_19_0_,
        organisaat1_.id as id1_5_1_,
        organisaat0_.version as version2_19_0_,
        organisaat0_.alkupvm as alkupvm3_19_0_,
        organisaat0_.child_id as child_id7_19_0_,
        organisaat0_.loppupvm as loppupvm4_19_0_,
        organisaat0_.opetuspisteenjarjnro as opetuspi5_19_0_,
        organisaat0_.parent_id as parent_i8_19_0_,
        organisaat0_.suhdetyyppi as suhdetyy6_19_0_,
        organisaat1_.version as version2_5_1_,
        organisaat1_.alkupvm as alkupvm3_5_1_,
        organisaat1_.domainnimi as domainni4_5_1_,
        organisaat1_.kotipaikka as kotipaik5_5_1_,
        organisaat1_.kuvaus_mkt as kuvaus_28_5_1_,
        organisaat1_.lakkautuspvm as lakkautu6_5_1_,
        organisaat1_.maa as maa7_5_1_,
        organisaat1_.metadata_id as metadat29_5_1_,
        organisaat1_.nimi_mkt as nimi_mk30_5_1_,
        organisaat1_.nimihaku as nimihaku8_5_1_,
        organisaat1_.oid as oid9_5_1_,
        organisaat1_.opetuspisteenjarjnro as opetusp10_5_1_,
        organisaat1_.oppilaitoskoodi as oppilai11_5_1_,
        organisaat1_.oppilaitos_tyyppi as oppilai12_5_1_,
        organisaat1_.organisaatio_poistettu as organis13_5_1_,
        organisaat1_.paivittaja as paivitt14_5_1_,
        organisaat1_.paivityspvm as paivity15_5_1_,
        organisaat1_.parentidpath as parenti16_5_1_,
        organisaat1_.parentoidpath as parento17_5_1_,
        organisaat1_.piilotettu as piilote18_5_1_,
        organisaat1_.tarkastus_pvm as tarkast19_5_1_,
        organisaat1_.toimipistekoodi as toimipi20_5_1_,
        organisaat1_.tuontipvm as tuontip21_5_1_,
        organisaat1_.varhaiskasvatuksen_toimipaikka_tiedot_id as varhais31_5_1_,
        organisaat1_.virastotunnus as virasto22_5_1_,
        organisaat1_.yhteishaunkoulukoodi as yhteish23_5_1_,
        organisaat1_.yritysmuoto as yritysm24_5_1_,
        organisaat1_.ytj_kieli as ytj_kie25_5_1_,
        organisaat1_.ytjpaivityspvm as ytjpaiv26_5_1_,
        organisaat1_.ytunnus as ytunnus27_5_1_ 
    from
        organisaatiosuhde organisaat0_ 
    inner join
        organisaatio organisaat1_ 
            on organisaat0_.parent_id=organisaat1_.id 
    where
        organisaat0_.child_id=? 
        and organisaat0_.suhdetyyppi=? 
        and (
            organisaat0_.alkupvm=? 
            or organisaat0_.alkupvm<?
        ) 
        and (
            organisaat0_.loppupvm is null 
            or organisaat0_.loppupvm>?
        ) 
        and organisaat1_.organisaatio_poistettu=? 
    order by
        organisaat0_.alkupvm desc
2020-06-10 18:11:51.997 TRACE 55751 --- [    Test worker] o.h.type.descriptor.sql.BasicBinder      : binding parameter [1] as [BIGINT] - [38]
2020-06-10 18:11:51.997 TRACE 55751 --- [    Test worker] o.h.type.descriptor.sql.BasicBinder      : binding parameter [2] as [VARCHAR] - [HISTORIA]
2020-06-10 18:11:51.997 TRACE 55751 --- [    Test worker] o.h.type.descriptor.sql.BasicBinder      : binding parameter [3] as [DATE] - [Wed Jun 10 18:11:51 EEST 2020]
2020-06-10 18:11:51.997 TRACE 55751 --- [    Test worker] o.h.type.descriptor.sql.BasicBinder      : binding parameter [4] as [DATE] - [Wed Jun 10 18:11:51 EEST 2020]
2020-06-10 18:11:51.997 TRACE 55751 --- [    Test worker] o.h.type.descriptor.sql.BasicBinder      : binding parameter [5] as [DATE] - [Wed Jun 10 18:11:51 EEST 2020]
2020-06-10 18:11:51.997 TRACE 55751 --- [    Test worker] o.h.type.descriptor.sql.BasicBinder      : binding parameter [6] as [BOOLEAN] - [false]
2020-06-10 18:11:51.997  INFO 55751 --- [    Test worker] .s.o.r.i.OrganisaatioSuhdeRepositoryImpl : addChild(1, 38, Wed Jun 10 18:11:51 EEST 2020)
Hibernate: 
    insert 
    into
        organisaatiosuhde
        (id, version, alkupvm, child_id, loppupvm, opetuspisteenjarjnro, parent_id, suhdetyyppi) 
    values
        (null, ?, ?, ?, ?, ?, ?, ?)
2020-06-10 18:11:51.998 TRACE 55751 --- [    Test worker] o.h.type.descriptor.sql.BasicBinder      : binding parameter [1] as [BIGINT] - [0]
2020-06-10 18:11:51.998 TRACE 55751 --- [    Test worker] o.h.type.descriptor.sql.BasicBinder      : binding parameter [2] as [DATE] - [Wed Jun 10 18:11:51 EEST 2020]
2020-06-10 18:11:51.998 TRACE 55751 --- [    Test worker] o.h.type.descriptor.sql.BasicBinder      : binding parameter [3] as [BIGINT] - [38]
2020-06-10 18:11:51.998 TRACE 55751 --- [    Test worker] o.h.type.descriptor.sql.BasicBinder      : binding parameter [4] as [DATE] - [null]
2020-06-10 18:11:51.998 TRACE 55751 --- [    Test worker] o.h.type.descriptor.sql.BasicBinder      : binding parameter [5] as [VARCHAR] - [null]
2020-06-10 18:11:51.998 TRACE 55751 --- [    Test worker] o.h.type.descriptor.sql.BasicBinder      : binding parameter [6] as [BIGINT] - [1]
2020-06-10 18:11:51.998 TRACE 55751 --- [    Test worker] o.h.type.descriptor.sql.BasicBinder      : binding parameter [7] as [VARCHAR] - [HISTORIA]
2020-06-10 18:11:51.998  INFO 55751 --- [    Test worker] .s.o.r.i.OrganisaatioSuhdeRepositoryImpl :     Created new child relation:  --> pId=1, cId=38, aPvm=Wed Jun 10 18:11:51 EEST 2020, lPvm=null
Hibernate: 
    select
        organisaat0_.id as id1_19_,
        organisaat0_.version as version2_19_,
        organisaat0_.alkupvm as alkupvm3_19_,
        organisaat0_.child_id as child_id7_19_,
        organisaat0_.loppupvm as loppupvm4_19_,
        organisaat0_.opetuspisteenjarjnro as opetuspi5_19_,
        organisaat0_.parent_id as parent_i8_19_,
        organisaat0_.suhdetyyppi as suhdetyy6_19_ 
    from
        organisaatiosuhde organisaat0_ 
    where
        organisaat0_.child_id=?
2020-06-10 18:11:51.999 TRACE 55751 --- [    Test worker] o.h.type.descriptor.sql.BasicBinder      : binding parameter [1] as [BIGINT] - [38]
2020-06-10 18:11:51.999 TRACE 55751 --- [    Test worker] o.h.type.descriptor.sql.BasicExtractor   : extracted value ([id1_19_] : [BIGINT]) - [42]
Hibernate: 
    select
        organisaat0_.id as id1_5_,
        organisaat0_.version as version2_5_,
        organisaat0_.alkupvm as alkupvm3_5_,
        organisaat0_.domainnimi as domainni4_5_,
        organisaat0_.kotipaikka as kotipaik5_5_,
        organisaat0_.kuvaus_mkt as kuvaus_28_5_,
        organisaat0_.lakkautuspvm as lakkautu6_5_,
        organisaat0_.maa as maa7_5_,
        organisaat0_.metadata_id as metadat29_5_,
        organisaat0_.nimi_mkt as nimi_mk30_5_,
        organisaat0_.nimihaku as nimihaku8_5_,
        organisaat0_.oid as oid9_5_,
        organisaat0_.opetuspisteenjarjnro as opetusp10_5_,
        organisaat0_.oppilaitoskoodi as oppilai11_5_,
        organisaat0_.oppilaitos_tyyppi as oppilai12_5_,
        organisaat0_.organisaatio_poistettu as organis13_5_,
        organisaat0_.paivittaja as paivitt14_5_,
        organisaat0_.paivityspvm as paivity15_5_,
        organisaat0_.parentidpath as parenti16_5_,
        organisaat0_.parentoidpath as parento17_5_,
        organisaat0_.piilotettu as piilote18_5_,
        organisaat0_.tarkastus_pvm as tarkast19_5_,
        organisaat0_.toimipistekoodi as toimipi20_5_,
        organisaat0_.tuontipvm as tuontip21_5_,
        organisaat0_.varhaiskasvatuksen_toimipaikka_tiedot_id as varhais31_5_,
        organisaat0_.virastotunnus as virasto22_5_,
        organisaat0_.yhteishaunkoulukoodi as yhteish23_5_,
        organisaat0_.yritysmuoto as yritysm24_5_,
        organisaat0_.ytj_kieli as ytj_kie25_5_,
        organisaat0_.ytjpaivityspvm as ytjpaiv26_5_,
        organisaat0_.ytunnus as ytunnus27_5_ 
    from
        organisaatio organisaat0_ 
    where
        organisaat0_.oid=?
2020-06-10 18:11:52.000 TRACE 55751 --- [    Test worker] o.h.type.descriptor.sql.BasicBinder      : binding parameter [1] as [VARCHAR] - [1.2.246.562.10.46923257671]
2020-06-10 18:11:52.001 TRACE 55751 --- [    Test worker] o.h.type.descriptor.sql.BasicExtractor   : extracted value ([id1_5_] : [BIGINT]) - [38]
Hibernate: 
    select
        organisaat0_.id as id1_5_,
        organisaat0_.version as version2_5_,
        organisaat0_.alkupvm as alkupvm3_5_,
        organisaat0_.domainnimi as domainni4_5_,
        organisaat0_.kotipaikka as kotipaik5_5_,
        organisaat0_.kuvaus_mkt as kuvaus_28_5_,
        organisaat0_.lakkautuspvm as lakkautu6_5_,
        organisaat0_.maa as maa7_5_,
        organisaat0_.metadata_id as metadat29_5_,
        organisaat0_.nimi_mkt as nimi_mk30_5_,
        organisaat0_.nimihaku as nimihaku8_5_,
        organisaat0_.oid as oid9_5_,
        organisaat0_.opetuspisteenjarjnro as opetusp10_5_,
        organisaat0_.oppilaitoskoodi as oppilai11_5_,
        organisaat0_.oppilaitos_tyyppi as oppilai12_5_,
        organisaat0_.organisaatio_poistettu as organis13_5_,
        organisaat0_.paivittaja as paivitt14_5_,
        organisaat0_.paivityspvm as paivity15_5_,
        organisaat0_.parentidpath as parenti16_5_,
        organisaat0_.parentoidpath as parento17_5_,
        organisaat0_.piilotettu as piilote18_5_,
        organisaat0_.tarkastus_pvm as tarkast19_5_,
        organisaat0_.toimipistekoodi as toimipi20_5_,
        organisaat0_.tuontipvm as tuontip21_5_,
        organisaat0_.varhaiskasvatuksen_toimipaikka_tiedot_id as varhais31_5_,
        organisaat0_.virastotunnus as virasto22_5_,
        organisaat0_.yhteishaunkoulukoodi as yhteish23_5_,
        organisaat0_.yritysmuoto as yritysm24_5_,
        organisaat0_.ytj_kieli as ytj_kie25_5_,
        organisaat0_.ytjpaivityspvm as ytjpaiv26_5_,
        organisaat0_.ytunnus as ytunnus27_5_ 
    from
        organisaatio organisaat0_ 
    where
        organisaat0_.oid=?
2020-06-10 18:11:52.002 TRACE 55751 --- [    Test worker] o.h.type.descriptor.sql.BasicBinder      : binding parameter [1] as [VARCHAR] - [1.2.246.562.10.27625532874]
Hibernate: 
    select
        organisaat0_.id as id1_5_,
        organisaat0_.version as version2_5_,
        organisaat0_.alkupvm as alkupvm3_5_,
        organisaat0_.domainnimi as domainni4_5_,
        organisaat0_.kotipaikka as kotipaik5_5_,
        organisaat0_.kuvaus_mkt as kuvaus_28_5_,
        organisaat0_.lakkautuspvm as lakkautu6_5_,
        organisaat0_.maa as maa7_5_,
        organisaat0_.metadata_id as metadat29_5_,
        organisaat0_.nimi_mkt as nimi_mk30_5_,
        organisaat0_.nimihaku as nimihaku8_5_,
        organisaat0_.oid as oid9_5_,
        organisaat0_.opetuspisteenjarjnro as opetusp10_5_,
        organisaat0_.oppilaitoskoodi as oppilai11_5_,
        organisaat0_.oppilaitos_tyyppi as oppilai12_5_,
        organisaat0_.organisaatio_poistettu as organis13_5_,
        organisaat0_.paivittaja as paivitt14_5_,
        organisaat0_.paivityspvm as paivity15_5_,
        organisaat0_.parentidpath as parenti16_5_,
        organisaat0_.parentoidpath as parento17_5_,
        organisaat0_.piilotettu as piilote18_5_,
        organisaat0_.tarkastus_pvm as tarkast19_5_,
        organisaat0_.toimipistekoodi as toimipi20_5_,
        organisaat0_.tuontipvm as tuontip21_5_,
        organisaat0_.varhaiskasvatuksen_toimipaikka_tiedot_id as varhais31_5_,
        organisaat0_.virastotunnus as virasto22_5_,
        organisaat0_.yhteishaunkoulukoodi as yhteish23_5_,
        organisaat0_.yritysmuoto as yritysm24_5_,
        organisaat0_.ytj_kieli as ytj_kie25_5_,
        organisaat0_.ytjpaivityspvm as ytjpaiv26_5_,
        organisaat0_.ytunnus as ytunnus27_5_ 
    from
        organisaatio organisaat0_ 
    where
        organisaat0_.oppilaitoskoodi=?
2020-06-10 18:11:52.003 TRACE 55751 --- [    Test worker] o.h.type.descriptor.sql.BasicBinder      : binding parameter [1] as [VARCHAR] - [oppilaitoskoodi]
Hibernate: 
    select
        organisaat0_.id as id1_5_,
        organisaat0_.version as version2_5_,
        organisaat0_.alkupvm as alkupvm3_5_,
        organisaat0_.domainnimi as domainni4_5_,
        organisaat0_.kotipaikka as kotipaik5_5_,
        organisaat0_.kuvaus_mkt as kuvaus_28_5_,
        organisaat0_.lakkautuspvm as lakkautu6_5_,
        organisaat0_.maa as maa7_5_,
        organisaat0_.metadata_id as metadat29_5_,
        organisaat0_.nimi_mkt as nimi_mk30_5_,
        organisaat0_.nimihaku as nimihaku8_5_,
        organisaat0_.oid as oid9_5_,
        organisaat0_.opetuspisteenjarjnro as opetusp10_5_,
        organisaat0_.oppilaitoskoodi as oppilai11_5_,
        organisaat0_.oppilaitos_tyyppi as oppilai12_5_,
        organisaat0_.organisaatio_poistettu as organis13_5_,
        organisaat0_.paivittaja as paivitt14_5_,
        organisaat0_.paivityspvm as paivity15_5_,
        organisaat0_.parentidpath as parenti16_5_,
        organisaat0_.parentoidpath as parento17_5_,
        organisaat0_.piilotettu as piilote18_5_,
        organisaat0_.tarkastus_pvm as tarkast19_5_,
        organisaat0_.toimipistekoodi as toimipi20_5_,
        organisaat0_.tuontipvm as tuontip21_5_,
        organisaat0_.varhaiskasvatuksen_toimipaikka_tiedot_id as varhais31_5_,
        organisaat0_.virastotunnus as virasto22_5_,
        organisaat0_.yhteishaunkoulukoodi as yhteish23_5_,
        organisaat0_.yritysmuoto as yritysm24_5_,
        organisaat0_.ytj_kieli as ytj_kie25_5_,
        organisaat0_.ytjpaivityspvm as ytjpaiv26_5_,
        organisaat0_.ytunnus as ytunnus27_5_ 
    from
        organisaatio organisaat0_ 
    where
        organisaat0_.oid=?
2020-06-10 18:11:52.004 TRACE 55751 --- [    Test worker] o.h.type.descriptor.sql.BasicBinder      : binding parameter [1] as [VARCHAR] - [1.2.246.562.10.46923257671]
2020-06-10 18:11:52.004 TRACE 55751 --- [    Test worker] o.h.type.descriptor.sql.BasicExtractor   : extracted value ([id1_5_] : [BIGINT]) - [38]
2020-06-10 18:11:52.254  WARN 55751 --- [    Test worker] fi.vm.sade.javautils.http.OphHttpClient  : Failed to CAS authenticate. Renewing proxy ticket.
Hibernate: 
    select
        organisaat0_.id as id1_5_,
        organisaat0_.version as version2_5_,
        organisaat0_.alkupvm as alkupvm3_5_,
        organisaat0_.domainnimi as domainni4_5_,
        organisaat0_.kotipaikka as kotipaik5_5_,
        organisaat0_.kuvaus_mkt as kuvaus_28_5_,
        organisaat0_.lakkautuspvm as lakkautu6_5_,
        organisaat0_.maa as maa7_5_,
        organisaat0_.metadata_id as metadat29_5_,
        organisaat0_.nimi_mkt as nimi_mk30_5_,
        organisaat0_.nimihaku as nimihaku8_5_,
        organisaat0_.oid as oid9_5_,
        organisaat0_.opetuspisteenjarjnro as opetusp10_5_,
        organisaat0_.oppilaitoskoodi as oppilai11_5_,
        organisaat0_.oppilaitos_tyyppi as oppilai12_5_,
        organisaat0_.organisaatio_poistettu as organis13_5_,
        organisaat0_.paivittaja as paivitt14_5_,
        organisaat0_.paivityspvm as paivity15_5_,
        organisaat0_.parentidpath as parenti16_5_,
        organisaat0_.parentoidpath as parento17_5_,
        organisaat0_.piilotettu as piilote18_5_,
        organisaat0_.tarkastus_pvm as tarkast19_5_,
        organisaat0_.toimipistekoodi as toimipi20_5_,
        organisaat0_.tuontipvm as tuontip21_5_,
        organisaat0_.varhaiskasvatuksen_toimipaikka_tiedot_id as varhais31_5_,
        organisaat0_.virastotunnus as virasto22_5_,
        organisaat0_.yhteishaunkoulukoodi as yhteish23_5_,
        organisaat0_.yritysmuoto as yritysm24_5_,
        organisaat0_.ytj_kieli as ytj_kie25_5_,
        organisaat0_.ytjpaivityspvm as ytjpaiv26_5_,
        organisaat0_.ytunnus as ytunnus27_5_ 
    from
        organisaatio organisaat0_ 
    where
        organisaat0_.oid=?
2020-06-10 18:11:52.372 TRACE 55751 --- [    Test worker] o.h.type.descriptor.sql.BasicBinder      : binding parameter [1] as [VARCHAR] - [1.2.246.562.10.46923257671]
2020-06-10 18:11:52.372 TRACE 55751 --- [    Test worker] o.h.type.descriptor.sql.BasicExtractor   : extracted value ([id1_5_] : [BIGINT]) - [38]
Hibernate: 
    select
        organisaat0_.id as id1_5_,
        organisaat0_.version as version2_5_,
        organisaat0_.alkupvm as alkupvm3_5_,
        organisaat0_.domainnimi as domainni4_5_,
        organisaat0_.kotipaikka as kotipaik5_5_,
        organisaat0_.kuvaus_mkt as kuvaus_28_5_,
        organisaat0_.lakkautuspvm as lakkautu6_5_,
        organisaat0_.maa as maa7_5_,
        organisaat0_.metadata_id as metadat29_5_,
        organisaat0_.nimi_mkt as nimi_mk30_5_,
        organisaat0_.nimihaku as nimihaku8_5_,
        organisaat0_.oid as oid9_5_,
        organisaat0_.opetuspisteenjarjnro as opetusp10_5_,
        organisaat0_.oppilaitoskoodi as oppilai11_5_,
        organisaat0_.oppilaitos_tyyppi as oppilai12_5_,
        organisaat0_.organisaatio_poistettu as organis13_5_,
        organisaat0_.paivittaja as paivitt14_5_,
        organisaat0_.paivityspvm as paivity15_5_,
        organisaat0_.parentidpath as parenti16_5_,
        organisaat0_.parentoidpath as parento17_5_,
        organisaat0_.piilotettu as piilote18_5_,
        organisaat0_.tarkastus_pvm as tarkast19_5_,
        organisaat0_.toimipistekoodi as toimipi20_5_,
        organisaat0_.tuontipvm as tuontip21_5_,
        organisaat0_.varhaiskasvatuksen_toimipaikka_tiedot_id as varhais31_5_,
        organisaat0_.virastotunnus as virasto22_5_,
        organisaat0_.yhteishaunkoulukoodi as yhteish23_5_,
        organisaat0_.yritysmuoto as yritysm24_5_,
        organisaat0_.ytj_kieli as ytj_kie25_5_,
        organisaat0_.ytjpaivityspvm as ytjpaiv26_5_,
        organisaat0_.ytunnus as ytunnus27_5_ 
    from
        organisaatio organisaat0_ 
    where
        organisaat0_.oid=?
2020-06-10 18:11:52.373 TRACE 55751 --- [    Test worker] o.h.type.descriptor.sql.BasicBinder      : binding parameter [1] as [VARCHAR] - [1.2.246.562.10.46923257671]
2020-06-10 18:11:52.373 TRACE 55751 --- [    Test worker] o.h.type.descriptor.sql.BasicExtractor   : extracted value ([id1_5_] : [BIGINT]) - [38]
Hibernate: 
    insert 
    into
        monikielinen_teksti
        (id, version) 
    values
        (null, ?)
2020-06-10 18:11:52.374 TRACE 55751 --- [    Test worker] o.h.type.descriptor.sql.BasicBinder      : binding parameter [1] as [BIGINT] - [0]
Hibernate: 
    insert 
    into
        monikielinen_teksti
        (id, version) 
    values
        (null, ?)
2020-06-10 18:11:52.374 TRACE 55751 --- [    Test worker] o.h.type.descriptor.sql.BasicBinder      : binding parameter [1] as [BIGINT] - [0]
Hibernate: 
    insert 
    into
        organisaatio
        (id, version, alkupvm, domainnimi, kotipaikka, kuvaus_mkt, lakkautuspvm, maa, metadata_id, nimi_mkt, nimihaku, oid, opetuspisteenjarjnro, oppilaitoskoodi, oppilaitos_tyyppi, organisaatio_poistettu, paivittaja, paivityspvm, parentidpath, parentoidpath, piilotettu, tarkastus_pvm, toimipistekoodi, tuontipvm, varhaiskasvatuksen_toimipaikka_tiedot_id, virastotunnus, yhteishaunkoulukoodi, yritysmuoto, ytj_kieli, ytjpaivityspvm, ytunnus) 
    values
        (null, ?, ?, ?, ?, ?, ?, ?, ?, ?, ?, ?, ?, ?, ?, ?, ?, ?, ?, ?, ?, ?, ?, ?, ?, ?, ?, ?, ?, ?, ?)
2020-06-10 18:11:52.375 TRACE 55751 --- [    Test worker] o.h.type.descriptor.sql.BasicBinder      : binding parameter [1] as [BIGINT] - [0]
2020-06-10 18:11:52.375 TRACE 55751 --- [    Test worker] o.h.type.descriptor.sql.BasicBinder      : binding parameter [2] as [DATE] - [Fri Dec 31 00:00:00 EET 1999]
2020-06-10 18:11:52.375 TRACE 55751 --- [    Test worker] o.h.type.descriptor.sql.BasicBinder      : binding parameter [3] as [VARCHAR] - [null]
2020-06-10 18:11:52.375 TRACE 55751 --- [    Test worker] o.h.type.descriptor.sql.BasicBinder      : binding parameter [4] as [VARCHAR] - [kunta_092]
2020-06-10 18:11:52.375 TRACE 55751 --- [    Test worker] o.h.type.descriptor.sql.BasicBinder      : binding parameter [5] as [BIGINT] - [1062]
2020-06-10 18:11:52.375 TRACE 55751 --- [    Test worker] o.h.type.descriptor.sql.BasicBinder      : binding parameter [6] as [DATE] - [null]
2020-06-10 18:11:52.375 TRACE 55751 --- [    Test worker] o.h.type.descriptor.sql.BasicBinder      : binding parameter [7] as [VARCHAR] - [maatjavaltiot1_fin]
2020-06-10 18:11:52.375 TRACE 55751 --- [    Test worker] o.h.type.descriptor.sql.BasicBinder      : binding parameter [8] as [BIGINT] - [null]
2020-06-10 18:11:52.375 TRACE 55751 --- [    Test worker] o.h.type.descriptor.sql.BasicBinder      : binding parameter [9] as [BIGINT] - [1063]
2020-06-10 18:11:52.375 TRACE 55751 --- [    Test worker] o.h.type.descriptor.sql.BasicBinder      : binding parameter [10] as [VARCHAR] - [,oppilaitos1]
2020-06-10 18:11:52.375 TRACE 55751 --- [    Test worker] o.h.type.descriptor.sql.BasicBinder      : binding parameter [11] as [VARCHAR] - [1.2.246.562.10.27625532874]
2020-06-10 18:11:52.375 TRACE 55751 --- [    Test worker] o.h.type.descriptor.sql.BasicBinder      : binding parameter [12] as [VARCHAR] - [null]
2020-06-10 18:11:52.375 TRACE 55751 --- [    Test worker] o.h.type.descriptor.sql.BasicBinder      : binding parameter [13] as [VARCHAR] - [oppilaitoskoodi]
2020-06-10 18:11:52.375 TRACE 55751 --- [    Test worker] o.h.type.descriptor.sql.BasicBinder      : binding parameter [14] as [VARCHAR] - [null]
2020-06-10 18:11:52.375 TRACE 55751 --- [    Test worker] o.h.type.descriptor.sql.BasicBinder      : binding parameter [15] as [BOOLEAN] - [false]
2020-06-10 18:11:52.375 TRACE 55751 --- [    Test worker] o.h.type.descriptor.sql.BasicBinder      : binding parameter [16] as [VARCHAR] - [ophadmin]
2020-06-10 18:11:52.375 TRACE 55751 --- [    Test worker] o.h.type.descriptor.sql.BasicBinder      : binding parameter [17] as [TIMESTAMP] - [Wed Jun 10 18:11:52 EEST 2020]
2020-06-10 18:11:52.375 TRACE 55751 --- [    Test worker] o.h.type.descriptor.sql.BasicBinder      : binding parameter [18] as [VARCHAR] - [|1|38|]
2020-06-10 18:11:52.375 TRACE 55751 --- [    Test worker] o.h.type.descriptor.sql.BasicBinder      : binding parameter [19] as [VARCHAR] - [|1.2.246.562.24.00000000001|1.2.246.562.10.46923257671|]
2020-06-10 18:11:52.375 TRACE 55751 --- [    Test worker] o.h.type.descriptor.sql.BasicBinder      : binding parameter [20] as [BOOLEAN] - [false]
2020-06-10 18:11:52.375 TRACE 55751 --- [    Test worker] o.h.type.descriptor.sql.BasicBinder      : binding parameter [21] as [TIMESTAMP] - [null]
2020-06-10 18:11:52.375 TRACE 55751 --- [    Test worker] o.h.type.descriptor.sql.BasicBinder      : binding parameter [22] as [VARCHAR] - [oppilaitoskoodi]
2020-06-10 18:11:52.375 TRACE 55751 --- [    Test worker] o.h.type.descriptor.sql.BasicBinder      : binding parameter [23] as [TIMESTAMP] - [null]
2020-06-10 18:11:52.375 TRACE 55751 --- [    Test worker] o.h.type.descriptor.sql.BasicBinder      : binding parameter [24] as [BIGINT] - [null]
2020-06-10 18:11:52.375 TRACE 55751 --- [    Test worker] o.h.type.descriptor.sql.BasicBinder      : binding parameter [25] as [VARCHAR] - [null]
2020-06-10 18:11:52.375 TRACE 55751 --- [    Test worker] o.h.type.descriptor.sql.BasicBinder      : binding parameter [26] as [VARCHAR] - [null]
2020-06-10 18:11:52.375 TRACE 55751 --- [    Test worker] o.h.type.descriptor.sql.BasicBinder      : binding parameter [27] as [VARCHAR] - [null]
2020-06-10 18:11:52.375 TRACE 55751 --- [    Test worker] o.h.type.descriptor.sql.BasicBinder      : binding parameter [28] as [VARCHAR] - [null]
2020-06-10 18:11:52.375 TRACE 55751 --- [    Test worker] o.h.type.descriptor.sql.BasicBinder      : binding parameter [29] as [DATE] - [null]
2020-06-10 18:11:52.375 TRACE 55751 --- [    Test worker] o.h.type.descriptor.sql.BasicBinder      : binding parameter [30] as [VARCHAR] - [null]
Hibernate: 
    insert 
    into
        organisaatio_nimi
        (id, version, alkupvm, nimi_mkt, organisaatio_id, paivittaja) 
    values
        (null, ?, ?, ?, ?, ?)
2020-06-10 18:11:52.376 TRACE 55751 --- [    Test worker] o.h.type.descriptor.sql.BasicBinder      : binding parameter [1] as [BIGINT] - [0]
2020-06-10 18:11:52.376 TRACE 55751 --- [    Test worker] o.h.type.descriptor.sql.BasicBinder      : binding parameter [2] as [DATE] - [Wed Jun 10 18:11:52 EEST 2020]
2020-06-10 18:11:52.376 TRACE 55751 --- [    Test worker] o.h.type.descriptor.sql.BasicBinder      : binding parameter [3] as [BIGINT] - [1063]
2020-06-10 18:11:52.376 TRACE 55751 --- [    Test worker] o.h.type.descriptor.sql.BasicBinder      : binding parameter [4] as [BIGINT] - [39]
2020-06-10 18:11:52.376 TRACE 55751 --- [    Test worker] o.h.type.descriptor.sql.BasicBinder      : binding parameter [5] as [VARCHAR] - [null]
Hibernate: 
    insert 
    into
        yhteystieto
        (id, version, kieli, organisaatio_id, yhteystieto_oid, coordinatetype, extrarivi, lat, lng, maa, osavaltio, osoite, osoite_tyyppi, postinumero, postitoimipaikka, ytjpaivityspvm, dtype) 
    values
        (null, ?, ?, ?, ?, ?, ?, ?, ?, ?, ?, ?, ?, ?, ?, ?, 'Osoite')
2020-06-10 18:11:52.376 TRACE 55751 --- [    Test worker] o.h.type.descriptor.sql.BasicBinder      : binding parameter [1] as [BIGINT] - [0]
2020-06-10 18:11:52.376 TRACE 55751 --- [    Test worker] o.h.type.descriptor.sql.BasicBinder      : binding parameter [2] as [VARCHAR] - [kieli_fi#1]
2020-06-10 18:11:52.376 TRACE 55751 --- [    Test worker] o.h.type.descriptor.sql.BasicBinder      : binding parameter [3] as [BIGINT] - [39]
2020-06-10 18:11:52.376 TRACE 55751 --- [    Test worker] o.h.type.descriptor.sql.BasicBinder      : binding parameter [4] as [VARCHAR] - [1.2.246.562.5.80618533057]
2020-06-10 18:11:52.376 TRACE 55751 --- [    Test worker] o.h.type.descriptor.sql.BasicBinder      : binding parameter [5] as [VARCHAR] - [null]
2020-06-10 18:11:52.376 TRACE 55751 --- [    Test worker] o.h.type.descriptor.sql.BasicBinder      : binding parameter [6] as [VARCHAR] - [null]
2020-06-10 18:11:52.376 TRACE 55751 --- [    Test worker] o.h.type.descriptor.sql.BasicBinder      : binding parameter [7] as [DOUBLE] - [null]
2020-06-10 18:11:52.376 TRACE 55751 --- [    Test worker] o.h.type.descriptor.sql.BasicBinder      : binding parameter [8] as [DOUBLE] - [null]
2020-06-10 18:11:52.376 TRACE 55751 --- [    Test worker] o.h.type.descriptor.sql.BasicBinder      : binding parameter [9] as [VARCHAR] - [null]
2020-06-10 18:11:52.376 TRACE 55751 --- [    Test worker] o.h.type.descriptor.sql.BasicBinder      : binding parameter [10] as [VARCHAR] - [null]
2020-06-10 18:11:52.376 TRACE 55751 --- [    Test worker] o.h.type.descriptor.sql.BasicBinder      : binding parameter [11] as [VARCHAR] - [Postiosoite 1A]
2020-06-10 18:11:52.376 TRACE 55751 --- [    Test worker] o.h.type.descriptor.sql.BasicBinder      : binding parameter [12] as [VARCHAR] - [posti]
2020-06-10 18:11:52.376 TRACE 55751 --- [    Test worker] o.h.type.descriptor.sql.BasicBinder      : binding parameter [13] as [VARCHAR] - [00550]
2020-06-10 18:11:52.376 TRACE 55751 --- [    Test worker] o.h.type.descriptor.sql.BasicBinder      : binding parameter [14] as [VARCHAR] - [Helsinki]
2020-06-10 18:11:52.376 TRACE 55751 --- [    Test worker] o.h.type.descriptor.sql.BasicBinder      : binding parameter [15] as [DATE] - [null]
Hibernate: 
    insert 
    into
        yhteystieto
        (id, version, kieli, organisaatio_id, yhteystieto_oid, puhelinnumero, tyyppi, dtype) 
    values
        (null, ?, ?, ?, ?, ?, ?, 'Puhelinnumero')
2020-06-10 18:11:52.377 TRACE 55751 --- [    Test worker] o.h.type.descriptor.sql.BasicBinder      : binding parameter [1] as [BIGINT] - [0]
2020-06-10 18:11:52.377 TRACE 55751 --- [    Test worker] o.h.type.descriptor.sql.BasicBinder      : binding parameter [2] as [VARCHAR] - [kieli_fi#1]
2020-06-10 18:11:52.377 TRACE 55751 --- [    Test worker] o.h.type.descriptor.sql.BasicBinder      : binding parameter [3] as [BIGINT] - [39]
2020-06-10 18:11:52.377 TRACE 55751 --- [    Test worker] o.h.type.descriptor.sql.BasicBinder      : binding parameter [4] as [VARCHAR] - [1.2.246.562.5.77610094522]
2020-06-10 18:11:52.377 TRACE 55751 --- [    Test worker] o.h.type.descriptor.sql.BasicBinder      : binding parameter [5] as [VARCHAR] - [123]
2020-06-10 18:11:52.377 TRACE 55751 --- [    Test worker] o.h.type.descriptor.sql.BasicBinder      : binding parameter [6] as [VARCHAR] - [puhelin]
Hibernate: 
    insert 
    into
        yhteystieto
        (id, version, kieli, organisaatio_id, yhteystieto_oid, www_osoite, dtype) 
    values
        (null, ?, ?, ?, ?, ?, 'Www')
2020-06-10 18:11:52.377 TRACE 55751 --- [    Test worker] o.h.type.descriptor.sql.BasicBinder      : binding parameter [1] as [BIGINT] - [0]
2020-06-10 18:11:52.377 TRACE 55751 --- [    Test worker] o.h.type.descriptor.sql.BasicBinder      : binding parameter [2] as [VARCHAR] - [kieli_fi#1]
2020-06-10 18:11:52.377 TRACE 55751 --- [    Test worker] o.h.type.descriptor.sql.BasicBinder      : binding parameter [3] as [BIGINT] - [39]
2020-06-10 18:11:52.377 TRACE 55751 --- [    Test worker] o.h.type.descriptor.sql.BasicBinder      : binding parameter [4] as [VARCHAR] - [15918019120020.24989341514264796]
2020-06-10 18:11:52.377 TRACE 55751 --- [    Test worker] o.h.type.descriptor.sql.BasicBinder      : binding parameter [5] as [VARCHAR] - [http://test.oph.fi]
Hibernate: 
    insert 
    into
        yhteystieto
        (id, version, kieli, organisaatio_id, yhteystieto_oid, coordinatetype, extrarivi, lat, lng, maa, osavaltio, osoite, osoite_tyyppi, postinumero, postitoimipaikka, ytjpaivityspvm, dtype) 
    values
        (null, ?, ?, ?, ?, ?, ?, ?, ?, ?, ?, ?, ?, ?, ?, ?, 'Osoite')
2020-06-10 18:11:52.378 TRACE 55751 --- [    Test worker] o.h.type.descriptor.sql.BasicBinder      : binding parameter [1] as [BIGINT] - [0]
2020-06-10 18:11:52.378 TRACE 55751 --- [    Test worker] o.h.type.descriptor.sql.BasicBinder      : binding parameter [2] as [VARCHAR] - [kieli_fi#1]
2020-06-10 18:11:52.378 TRACE 55751 --- [    Test worker] o.h.type.descriptor.sql.BasicBinder      : binding parameter [3] as [BIGINT] - [39]
2020-06-10 18:11:52.378 TRACE 55751 --- [    Test worker] o.h.type.descriptor.sql.BasicBinder      : binding parameter [4] as [VARCHAR] - [1.2.246.562.5.61555176764]
2020-06-10 18:11:52.378 TRACE 55751 --- [    Test worker] o.h.type.descriptor.sql.BasicBinder      : binding parameter [5] as [VARCHAR] - [null]
2020-06-10 18:11:52.378 TRACE 55751 --- [    Test worker] o.h.type.descriptor.sql.BasicBinder      : binding parameter [6] as [VARCHAR] - [null]
2020-06-10 18:11:52.378 TRACE 55751 --- [    Test worker] o.h.type.descriptor.sql.BasicBinder      : binding parameter [7] as [DOUBLE] - [null]
2020-06-10 18:11:52.378 TRACE 55751 --- [    Test worker] o.h.type.descriptor.sql.BasicBinder      : binding parameter [8] as [DOUBLE] - [null]
2020-06-10 18:11:52.378 TRACE 55751 --- [    Test worker] o.h.type.descriptor.sql.BasicBinder      : binding parameter [9] as [VARCHAR] - [null]
2020-06-10 18:11:52.378 TRACE 55751 --- [    Test worker] o.h.type.descriptor.sql.BasicBinder      : binding parameter [10] as [VARCHAR] - [null]
2020-06-10 18:11:52.378 TRACE 55751 --- [    Test worker] o.h.type.descriptor.sql.BasicBinder      : binding parameter [11] as [VARCHAR] - [Kayntiosoite 2B]
2020-06-10 18:11:52.378 TRACE 55751 --- [    Test worker] o.h.type.descriptor.sql.BasicBinder      : binding parameter [12] as [VARCHAR] - [kaynti]
2020-06-10 18:11:52.378 TRACE 55751 --- [    Test worker] o.h.type.descriptor.sql.BasicBinder      : binding parameter [13] as [VARCHAR] - [posti_00550]
2020-06-10 18:11:52.378 TRACE 55751 --- [    Test worker] o.h.type.descriptor.sql.BasicBinder      : binding parameter [14] as [VARCHAR] - [Helsinki]
2020-06-10 18:11:52.378 TRACE 55751 --- [    Test worker] o.h.type.descriptor.sql.BasicBinder      : binding parameter [15] as [DATE] - [null]
Hibernate: 
    insert 
    into
        yhteystieto
        (id, version, kieli, organisaatio_id, yhteystieto_oid, email, dtype) 
    values
        (null, ?, ?, ?, ?, ?, 'Email')
2020-06-10 18:11:52.379 TRACE 55751 --- [    Test worker] o.h.type.descriptor.sql.BasicBinder      : binding parameter [1] as [BIGINT] - [0]
2020-06-10 18:11:52.379 TRACE 55751 --- [    Test worker] o.h.type.descriptor.sql.BasicBinder      : binding parameter [2] as [VARCHAR] - [kieli_fi#1]
2020-06-10 18:11:52.379 TRACE 55751 --- [    Test worker] o.h.type.descriptor.sql.BasicBinder      : binding parameter [3] as [BIGINT] - [39]
2020-06-10 18:11:52.379 TRACE 55751 --- [    Test worker] o.h.type.descriptor.sql.BasicBinder      : binding parameter [4] as [VARCHAR] - [15918019120020.7114660805368863]
2020-06-10 18:11:52.379 TRACE 55751 --- [    Test worker] o.h.type.descriptor.sql.BasicBinder      : binding parameter [5] as [VARCHAR] - [asd@asd.asd]
2020-06-10 18:11:52.379  INFO 55751 --- [    Test worker] .s.o.r.i.OrganisaatioSuhdeRepositoryImpl : findParentTo(39, Wed Jun 10 18:11:52 EEST 2020)
Hibernate: 
    update
        organisaatio 
    set
        version=?,
        alkupvm=?,
        domainnimi=?,
        kotipaikka=?,
        kuvaus_mkt=?,
        lakkautuspvm=?,
        maa=?,
        metadata_id=?,
        nimi_mkt=?,
        nimihaku=?,
        oid=?,
        opetuspisteenjarjnro=?,
        oppilaitoskoodi=?,
        oppilaitos_tyyppi=?,
        organisaatio_poistettu=?,
        paivittaja=?,
        paivityspvm=?,
        parentidpath=?,
        parentoidpath=?,
        piilotettu=?,
        tarkastus_pvm=?,
        toimipistekoodi=?,
        tuontipvm=?,
        varhaiskasvatuksen_toimipaikka_tiedot_id=?,
        virastotunnus=?,
        yhteishaunkoulukoodi=?,
        yritysmuoto=?,
        ytj_kieli=?,
        ytjpaivityspvm=?,
        ytunnus=? 
    where
        id=? 
        and version=?
2020-06-10 18:11:52.380 TRACE 55751 --- [    Test worker] o.h.type.descriptor.sql.BasicBinder      : binding parameter [1] as [BIGINT] - [1]
2020-06-10 18:11:52.380 TRACE 55751 --- [    Test worker] o.h.type.descriptor.sql.BasicBinder      : binding parameter [2] as [DATE] - [Fri Dec 31 00:00:00 EET 1999]
2020-06-10 18:11:52.380 TRACE 55751 --- [    Test worker] o.h.type.descriptor.sql.BasicBinder      : binding parameter [3] as [VARCHAR] - [null]
2020-06-10 18:11:52.380 TRACE 55751 --- [    Test worker] o.h.type.descriptor.sql.BasicBinder      : binding parameter [4] as [VARCHAR] - [kunta_092]
2020-06-10 18:11:52.380 TRACE 55751 --- [    Test worker] o.h.type.descriptor.sql.BasicBinder      : binding parameter [5] as [BIGINT] - [1062]
2020-06-10 18:11:52.380 TRACE 55751 --- [    Test worker] o.h.type.descriptor.sql.BasicBinder      : binding parameter [6] as [DATE] - [null]
2020-06-10 18:11:52.381 TRACE 55751 --- [    Test worker] o.h.type.descriptor.sql.BasicBinder      : binding parameter [7] as [VARCHAR] - [maatjavaltiot1_fin]
2020-06-10 18:11:52.381 TRACE 55751 --- [    Test worker] o.h.type.descriptor.sql.BasicBinder      : binding parameter [8] as [BIGINT] - [null]
2020-06-10 18:11:52.381 TRACE 55751 --- [    Test worker] o.h.type.descriptor.sql.BasicBinder      : binding parameter [9] as [BIGINT] - [1063]
2020-06-10 18:11:52.381 TRACE 55751 --- [    Test worker] o.h.type.descriptor.sql.BasicBinder      : binding parameter [10] as [VARCHAR] - [,oppilaitos1]
2020-06-10 18:11:52.381 TRACE 55751 --- [    Test worker] o.h.type.descriptor.sql.BasicBinder      : binding parameter [11] as [VARCHAR] - [1.2.246.562.10.27625532874]
2020-06-10 18:11:52.381 TRACE 55751 --- [    Test worker] o.h.type.descriptor.sql.BasicBinder      : binding parameter [12] as [VARCHAR] - [null]
2020-06-10 18:11:52.381 TRACE 55751 --- [    Test worker] o.h.type.descriptor.sql.BasicBinder      : binding parameter [13] as [VARCHAR] - [oppilaitoskoodi]
2020-06-10 18:11:52.381 TRACE 55751 --- [    Test worker] o.h.type.descriptor.sql.BasicBinder      : binding parameter [14] as [VARCHAR] - [null]
2020-06-10 18:11:52.381 TRACE 55751 --- [    Test worker] o.h.type.descriptor.sql.BasicBinder      : binding parameter [15] as [BOOLEAN] - [false]
2020-06-10 18:11:52.381 TRACE 55751 --- [    Test worker] o.h.type.descriptor.sql.BasicBinder      : binding parameter [16] as [VARCHAR] - [ophadmin]
2020-06-10 18:11:52.381 TRACE 55751 --- [    Test worker] o.h.type.descriptor.sql.BasicBinder      : binding parameter [17] as [TIMESTAMP] - [Wed Jun 10 18:11:52 EEST 2020]
2020-06-10 18:11:52.381 TRACE 55751 --- [    Test worker] o.h.type.descriptor.sql.BasicBinder      : binding parameter [18] as [VARCHAR] - [|1|38|]
2020-06-10 18:11:52.381 TRACE 55751 --- [    Test worker] o.h.type.descriptor.sql.BasicBinder      : binding parameter [19] as [VARCHAR] - [|1.2.246.562.24.00000000001|1.2.246.562.10.46923257671|]
2020-06-10 18:11:52.381 TRACE 55751 --- [    Test worker] o.h.type.descriptor.sql.BasicBinder      : binding parameter [20] as [BOOLEAN] - [false]
2020-06-10 18:11:52.381 TRACE 55751 --- [    Test worker] o.h.type.descriptor.sql.BasicBinder      : binding parameter [21] as [TIMESTAMP] - [null]
2020-06-10 18:11:52.381 TRACE 55751 --- [    Test worker] o.h.type.descriptor.sql.BasicBinder      : binding parameter [22] as [VARCHAR] - [oppilaitoskoodi]
2020-06-10 18:11:52.381 TRACE 55751 --- [    Test worker] o.h.type.descriptor.sql.BasicBinder      : binding parameter [23] as [TIMESTAMP] - [null]
2020-06-10 18:11:52.381 TRACE 55751 --- [    Test worker] o.h.type.descriptor.sql.BasicBinder      : binding parameter [24] as [BIGINT] - [null]
2020-06-10 18:11:52.381 TRACE 55751 --- [    Test worker] o.h.type.descriptor.sql.BasicBinder      : binding parameter [25] as [VARCHAR] - [null]
2020-06-10 18:11:52.381 TRACE 55751 --- [    Test worker] o.h.type.descriptor.sql.BasicBinder      : binding parameter [26] as [VARCHAR] - [null]
2020-06-10 18:11:52.381 TRACE 55751 --- [    Test worker] o.h.type.descriptor.sql.BasicBinder      : binding parameter [27] as [VARCHAR] - [null]
2020-06-10 18:11:52.381 TRACE 55751 --- [    Test worker] o.h.type.descriptor.sql.BasicBinder      : binding parameter [28] as [VARCHAR] - [null]
2020-06-10 18:11:52.381 TRACE 55751 --- [    Test worker] o.h.type.descriptor.sql.BasicBinder      : binding parameter [29] as [DATE] - [null]
2020-06-10 18:11:52.381 TRACE 55751 --- [    Test worker] o.h.type.descriptor.sql.BasicBinder      : binding parameter [30] as [VARCHAR] - [null]
2020-06-10 18:11:52.381 TRACE 55751 --- [    Test worker] o.h.type.descriptor.sql.BasicBinder      : binding parameter [31] as [BIGINT] - [39]
2020-06-10 18:11:52.381 TRACE 55751 --- [    Test worker] o.h.type.descriptor.sql.BasicBinder      : binding parameter [32] as [BIGINT] - [0]
Hibernate: 
    insert 
    into
        organisaatio_kielet
        (organisaatio_id, kielet) 
    values
        (?, ?)
2020-06-10 18:11:52.381 TRACE 55751 --- [    Test worker] o.h.type.descriptor.sql.BasicBinder      : binding parameter [1] as [BIGINT] - [39]
2020-06-10 18:11:52.381 TRACE 55751 --- [    Test worker] o.h.type.descriptor.sql.BasicBinder      : binding parameter [2] as [VARCHAR] - [oppilaitoksenopetuskieli_1#1]
Hibernate: 
    insert 
    into
        organisaatio_tyypit
        (organisaatio_id, tyypit) 
    values
        (?, ?)
2020-06-10 18:11:52.382 TRACE 55751 --- [    Test worker] o.h.type.descriptor.sql.BasicBinder      : binding parameter [1] as [BIGINT] - [39]
2020-06-10 18:11:52.382 TRACE 55751 --- [    Test worker] o.h.type.descriptor.sql.BasicBinder      : binding parameter [2] as [VARCHAR] - [organisaatiotyyppi_02]
Hibernate: 
    insert 
    into
        monikielinen_teksti_values
        (id, key, value) 
    values
        (?, ?, ?)
2020-06-10 18:11:52.382 TRACE 55751 --- [    Test worker] o.h.type.descriptor.sql.BasicBinder      : binding parameter [1] as [BIGINT] - [1063]
2020-06-10 18:11:52.382 TRACE 55751 --- [    Test worker] o.h.type.descriptor.sql.BasicBinder      : binding parameter [2] as [VARCHAR] - [fi]
2020-06-10 18:11:52.382 TRACE 55751 --- [    Test worker] o.h.type.descriptor.sql.BasicBinder      : binding parameter [3] as [VARCHAR] - [oppilaitos1]
Hibernate: 
    select
        organisaat0_.id as id1_19_0_,
        organisaat1_.id as id1_5_1_,
        organisaat0_.version as version2_19_0_,
        organisaat0_.alkupvm as alkupvm3_19_0_,
        organisaat0_.child_id as child_id7_19_0_,
        organisaat0_.loppupvm as loppupvm4_19_0_,
        organisaat0_.opetuspisteenjarjnro as opetuspi5_19_0_,
        organisaat0_.parent_id as parent_i8_19_0_,
        organisaat0_.suhdetyyppi as suhdetyy6_19_0_,
        organisaat1_.version as version2_5_1_,
        organisaat1_.alkupvm as alkupvm3_5_1_,
        organisaat1_.domainnimi as domainni4_5_1_,
        organisaat1_.kotipaikka as kotipaik5_5_1_,
        organisaat1_.kuvaus_mkt as kuvaus_28_5_1_,
        organisaat1_.lakkautuspvm as lakkautu6_5_1_,
        organisaat1_.maa as maa7_5_1_,
        organisaat1_.metadata_id as metadat29_5_1_,
        organisaat1_.nimi_mkt as nimi_mk30_5_1_,
        organisaat1_.nimihaku as nimihaku8_5_1_,
        organisaat1_.oid as oid9_5_1_,
        organisaat1_.opetuspisteenjarjnro as opetusp10_5_1_,
        organisaat1_.oppilaitoskoodi as oppilai11_5_1_,
        organisaat1_.oppilaitos_tyyppi as oppilai12_5_1_,
        organisaat1_.organisaatio_poistettu as organis13_5_1_,
        organisaat1_.paivittaja as paivitt14_5_1_,
        organisaat1_.paivityspvm as paivity15_5_1_,
        organisaat1_.parentidpath as parenti16_5_1_,
        organisaat1_.parentoidpath as parento17_5_1_,
        organisaat1_.piilotettu as piilote18_5_1_,
        organisaat1_.tarkastus_pvm as tarkast19_5_1_,
        organisaat1_.toimipistekoodi as toimipi20_5_1_,
        organisaat1_.tuontipvm as tuontip21_5_1_,
        organisaat1_.varhaiskasvatuksen_toimipaikka_tiedot_id as varhais31_5_1_,
        organisaat1_.virastotunnus as virasto22_5_1_,
        organisaat1_.yhteishaunkoulukoodi as yhteish23_5_1_,
        organisaat1_.yritysmuoto as yritysm24_5_1_,
        organisaat1_.ytj_kieli as ytj_kie25_5_1_,
        organisaat1_.ytjpaivityspvm as ytjpaiv26_5_1_,
        organisaat1_.ytunnus as ytunnus27_5_1_ 
    from
        organisaatiosuhde organisaat0_ 
    inner join
        organisaatio organisaat1_ 
            on organisaat0_.parent_id=organisaat1_.id 
    where
        organisaat0_.child_id=? 
        and organisaat0_.suhdetyyppi=? 
        and (
            organisaat0_.alkupvm=? 
            or organisaat0_.alkupvm<?
        ) 
        and (
            organisaat0_.loppupvm is null 
            or organisaat0_.loppupvm>?
        ) 
        and organisaat1_.organisaatio_poistettu=? 
    order by
        organisaat0_.alkupvm desc
2020-06-10 18:11:52.382 TRACE 55751 --- [    Test worker] o.h.type.descriptor.sql.BasicBinder      : binding parameter [1] as [BIGINT] - [39]
2020-06-10 18:11:52.382 TRACE 55751 --- [    Test worker] o.h.type.descriptor.sql.BasicBinder      : binding parameter [2] as [VARCHAR] - [HISTORIA]
2020-06-10 18:11:52.382 TRACE 55751 --- [    Test worker] o.h.type.descriptor.sql.BasicBinder      : binding parameter [3] as [DATE] - [Wed Jun 10 18:11:52 EEST 2020]
2020-06-10 18:11:52.382 TRACE 55751 --- [    Test worker] o.h.type.descriptor.sql.BasicBinder      : binding parameter [4] as [DATE] - [Wed Jun 10 18:11:52 EEST 2020]
2020-06-10 18:11:52.382 TRACE 55751 --- [    Test worker] o.h.type.descriptor.sql.BasicBinder      : binding parameter [5] as [DATE] - [Wed Jun 10 18:11:52 EEST 2020]
2020-06-10 18:11:52.382 TRACE 55751 --- [    Test worker] o.h.type.descriptor.sql.BasicBinder      : binding parameter [6] as [BOOLEAN] - [false]
2020-06-10 18:11:52.383  INFO 55751 --- [    Test worker] .s.o.r.i.OrganisaatioSuhdeRepositoryImpl : addChild(38, 39, Wed Jun 10 18:11:52 EEST 2020)
Hibernate: 
    insert 
    into
        organisaatiosuhde
        (id, version, alkupvm, child_id, loppupvm, opetuspisteenjarjnro, parent_id, suhdetyyppi) 
    values
        (null, ?, ?, ?, ?, ?, ?, ?)
2020-06-10 18:11:52.383 TRACE 55751 --- [    Test worker] o.h.type.descriptor.sql.BasicBinder      : binding parameter [1] as [BIGINT] - [0]
2020-06-10 18:11:52.383 TRACE 55751 --- [    Test worker] o.h.type.descriptor.sql.BasicBinder      : binding parameter [2] as [DATE] - [Wed Jun 10 18:11:52 EEST 2020]
2020-06-10 18:11:52.383 TRACE 55751 --- [    Test worker] o.h.type.descriptor.sql.BasicBinder      : binding parameter [3] as [BIGINT] - [39]
2020-06-10 18:11:52.383 TRACE 55751 --- [    Test worker] o.h.type.descriptor.sql.BasicBinder      : binding parameter [4] as [DATE] - [null]
2020-06-10 18:11:52.383 TRACE 55751 --- [    Test worker] o.h.type.descriptor.sql.BasicBinder      : binding parameter [5] as [VARCHAR] - [null]
2020-06-10 18:11:52.383 TRACE 55751 --- [    Test worker] o.h.type.descriptor.sql.BasicBinder      : binding parameter [6] as [BIGINT] - [38]
2020-06-10 18:11:52.383 TRACE 55751 --- [    Test worker] o.h.type.descriptor.sql.BasicBinder      : binding parameter [7] as [VARCHAR] - [HISTORIA]
2020-06-10 18:11:52.384  INFO 55751 --- [    Test worker] .s.o.r.i.OrganisaatioSuhdeRepositoryImpl :     Created new child relation:  --> pId=38, cId=39, aPvm=Wed Jun 10 18:11:52 EEST 2020, lPvm=null
Hibernate: 
    select
        organisaat0_.id as id1_19_,
        organisaat0_.version as version2_19_,
        organisaat0_.alkupvm as alkupvm3_19_,
        organisaat0_.child_id as child_id7_19_,
        organisaat0_.loppupvm as loppupvm4_19_,
        organisaat0_.opetuspisteenjarjnro as opetuspi5_19_,
        organisaat0_.parent_id as parent_i8_19_,
        organisaat0_.suhdetyyppi as suhdetyy6_19_ 
    from
        organisaatiosuhde organisaat0_ 
    where
        organisaat0_.child_id=?
2020-06-10 18:11:52.384 TRACE 55751 --- [    Test worker] o.h.type.descriptor.sql.BasicBinder      : binding parameter [1] as [BIGINT] - [39]
2020-06-10 18:11:52.384 TRACE 55751 --- [    Test worker] o.h.type.descriptor.sql.BasicExtractor   : extracted value ([id1_19_] : [BIGINT]) - [43]
Hibernate: 
    select
        organisaat0_.id as id1_5_,
        organisaat0_.version as version2_5_,
        organisaat0_.alkupvm as alkupvm3_5_,
        organisaat0_.domainnimi as domainni4_5_,
        organisaat0_.kotipaikka as kotipaik5_5_,
        organisaat0_.kuvaus_mkt as kuvaus_28_5_,
        organisaat0_.lakkautuspvm as lakkautu6_5_,
        organisaat0_.maa as maa7_5_,
        organisaat0_.metadata_id as metadat29_5_,
        organisaat0_.nimi_mkt as nimi_mk30_5_,
        organisaat0_.nimihaku as nimihaku8_5_,
        organisaat0_.oid as oid9_5_,
        organisaat0_.opetuspisteenjarjnro as opetusp10_5_,
        organisaat0_.oppilaitoskoodi as oppilai11_5_,
        organisaat0_.oppilaitos_tyyppi as oppilai12_5_,
        organisaat0_.organisaatio_poistettu as organis13_5_,
        organisaat0_.paivittaja as paivitt14_5_,
        organisaat0_.paivityspvm as paivity15_5_,
        organisaat0_.parentidpath as parenti16_5_,
        organisaat0_.parentoidpath as parento17_5_,
        organisaat0_.piilotettu as piilote18_5_,
        organisaat0_.tarkastus_pvm as tarkast19_5_,
        organisaat0_.toimipistekoodi as toimipi20_5_,
        organisaat0_.tuontipvm as tuontip21_5_,
        organisaat0_.varhaiskasvatuksen_toimipaikka_tiedot_id as varhais31_5_,
        organisaat0_.virastotunnus as virasto22_5_,
        organisaat0_.yhteishaunkoulukoodi as yhteish23_5_,
        organisaat0_.yritysmuoto as yritysm24_5_,
        organisaat0_.ytj_kieli as ytj_kie25_5_,
        organisaat0_.ytjpaivityspvm as ytjpaiv26_5_,
        organisaat0_.ytunnus as ytunnus27_5_ 
    from
        organisaatio organisaat0_ 
    where
        organisaat0_.oid=?
2020-06-10 18:11:52.385 TRACE 55751 --- [    Test worker] o.h.type.descriptor.sql.BasicBinder      : binding parameter [1] as [VARCHAR] - [1.2.246.562.10.27625532874]
2020-06-10 18:11:52.385 TRACE 55751 --- [    Test worker] o.h.type.descriptor.sql.BasicExtractor   : extracted value ([id1_5_] : [BIGINT]) - [39]
Hibernate: 
    select
        organisaat0_.id as id1_5_,
        organisaat0_.version as version2_5_,
        organisaat0_.alkupvm as alkupvm3_5_,
        organisaat0_.domainnimi as domainni4_5_,
        organisaat0_.kotipaikka as kotipaik5_5_,
        organisaat0_.kuvaus_mkt as kuvaus_28_5_,
        organisaat0_.lakkautuspvm as lakkautu6_5_,
        organisaat0_.maa as maa7_5_,
        organisaat0_.metadata_id as metadat29_5_,
        organisaat0_.nimi_mkt as nimi_mk30_5_,
        organisaat0_.nimihaku as nimihaku8_5_,
        organisaat0_.oid as oid9_5_,
        organisaat0_.opetuspisteenjarjnro as opetusp10_5_,
        organisaat0_.oppilaitoskoodi as oppilai11_5_,
        organisaat0_.oppilaitos_tyyppi as oppilai12_5_,
        organisaat0_.organisaatio_poistettu as organis13_5_,
        organisaat0_.paivittaja as paivitt14_5_,
        organisaat0_.paivityspvm as paivity15_5_,
        organisaat0_.parentidpath as parenti16_5_,
        organisaat0_.parentoidpath as parento17_5_,
        organisaat0_.piilotettu as piilote18_5_,
        organisaat0_.tarkastus_pvm as tarkast19_5_,
        organisaat0_.toimipistekoodi as toimipi20_5_,
        organisaat0_.tuontipvm as tuontip21_5_,
        organisaat0_.varhaiskasvatuksen_toimipaikka_tiedot_id as varhais31_5_,
        organisaat0_.virastotunnus as virasto22_5_,
        organisaat0_.yhteishaunkoulukoodi as yhteish23_5_,
        organisaat0_.yritysmuoto as yritysm24_5_,
        organisaat0_.ytj_kieli as ytj_kie25_5_,
        organisaat0_.ytjpaivityspvm as ytjpaiv26_5_,
        organisaat0_.ytunnus as ytunnus27_5_ 
    from
        organisaatio organisaat0_ 
    where
        organisaat0_.oid=?
2020-06-10 18:11:52.387 TRACE 55751 --- [    Test worker] o.h.type.descriptor.sql.BasicBinder      : binding parameter [1] as [VARCHAR] - [1.2.246.562.10.60643548234]
Hibernate: 
    select
        organisaat0_.id as id1_5_,
        organisaat0_.version as version2_5_,
        organisaat0_.alkupvm as alkupvm3_5_,
        organisaat0_.domainnimi as domainni4_5_,
        organisaat0_.kotipaikka as kotipaik5_5_,
        organisaat0_.kuvaus_mkt as kuvaus_28_5_,
        organisaat0_.lakkautuspvm as lakkautu6_5_,
        organisaat0_.maa as maa7_5_,
        organisaat0_.metadata_id as metadat29_5_,
        organisaat0_.nimi_mkt as nimi_mk30_5_,
        organisaat0_.nimihaku as nimihaku8_5_,
        organisaat0_.oid as oid9_5_,
        organisaat0_.opetuspisteenjarjnro as opetusp10_5_,
        organisaat0_.oppilaitoskoodi as oppilai11_5_,
        organisaat0_.oppilaitos_tyyppi as oppilai12_5_,
        organisaat0_.organisaatio_poistettu as organis13_5_,
        organisaat0_.paivittaja as paivitt14_5_,
        organisaat0_.paivityspvm as paivity15_5_,
        organisaat0_.parentidpath as parenti16_5_,
        organisaat0_.parentoidpath as parento17_5_,
        organisaat0_.piilotettu as piilote18_5_,
        organisaat0_.tarkastus_pvm as tarkast19_5_,
        organisaat0_.toimipistekoodi as toimipi20_5_,
        organisaat0_.tuontipvm as tuontip21_5_,
        organisaat0_.varhaiskasvatuksen_toimipaikka_tiedot_id as varhais31_5_,
        organisaat0_.virastotunnus as virasto22_5_,
        organisaat0_.yhteishaunkoulukoodi as yhteish23_5_,
        organisaat0_.yritysmuoto as yritysm24_5_,
        organisaat0_.ytj_kieli as ytj_kie25_5_,
        organisaat0_.ytjpaivityspvm as ytjpaiv26_5_,
        organisaat0_.ytunnus as ytunnus27_5_ 
    from
        organisaatio organisaat0_ 
    where
        organisaat0_.oid=?
2020-06-10 18:11:52.387 TRACE 55751 --- [    Test worker] o.h.type.descriptor.sql.BasicBinder      : binding parameter [1] as [VARCHAR] - [1.2.246.562.10.27625532874]
2020-06-10 18:11:52.388 TRACE 55751 --- [    Test worker] o.h.type.descriptor.sql.BasicExtractor   : extracted value ([id1_5_] : [BIGINT]) - [39]
2020-06-10 18:11:52.640  WARN 55751 --- [    Test worker] fi.vm.sade.javautils.http.OphHttpClient  : Failed to CAS authenticate. Renewing proxy ticket.
Hibernate: 
    select
        organisaat0_.id as id1_5_,
        organisaat0_.version as version2_5_,
        organisaat0_.alkupvm as alkupvm3_5_,
        organisaat0_.domainnimi as domainni4_5_,
        organisaat0_.kotipaikka as kotipaik5_5_,
        organisaat0_.kuvaus_mkt as kuvaus_28_5_,
        organisaat0_.lakkautuspvm as lakkautu6_5_,
        organisaat0_.maa as maa7_5_,
        organisaat0_.metadata_id as metadat29_5_,
        organisaat0_.nimi_mkt as nimi_mk30_5_,
        organisaat0_.nimihaku as nimihaku8_5_,
        organisaat0_.oid as oid9_5_,
        organisaat0_.opetuspisteenjarjnro as opetusp10_5_,
        organisaat0_.oppilaitoskoodi as oppilai11_5_,
        organisaat0_.oppilaitos_tyyppi as oppilai12_5_,
        organisaat0_.organisaatio_poistettu as organis13_5_,
        organisaat0_.paivittaja as paivitt14_5_,
        organisaat0_.paivityspvm as paivity15_5_,
        organisaat0_.parentidpath as parenti16_5_,
        organisaat0_.parentoidpath as parento17_5_,
        organisaat0_.piilotettu as piilote18_5_,
        organisaat0_.tarkastus_pvm as tarkast19_5_,
        organisaat0_.toimipistekoodi as toimipi20_5_,
        organisaat0_.tuontipvm as tuontip21_5_,
        organisaat0_.varhaiskasvatuksen_toimipaikka_tiedot_id as varhais31_5_,
        organisaat0_.virastotunnus as virasto22_5_,
        organisaat0_.yhteishaunkoulukoodi as yhteish23_5_,
        organisaat0_.yritysmuoto as yritysm24_5_,
        organisaat0_.ytj_kieli as ytj_kie25_5_,
        organisaat0_.ytjpaivityspvm as ytjpaiv26_5_,
        organisaat0_.ytunnus as ytunnus27_5_ 
    from
        organisaatio organisaat0_ 
    where
        organisaat0_.oid=?
2020-06-10 18:11:52.757 TRACE 55751 --- [    Test worker] o.h.type.descriptor.sql.BasicBinder      : binding parameter [1] as [VARCHAR] - [1.2.246.562.10.27625532874]
2020-06-10 18:11:52.757 TRACE 55751 --- [    Test worker] o.h.type.descriptor.sql.BasicExtractor   : extracted value ([id1_5_] : [BIGINT]) - [39]
Hibernate: 
    select
        organisaat0_.id as id1_5_,
        organisaat0_.version as version2_5_,
        organisaat0_.alkupvm as alkupvm3_5_,
        organisaat0_.domainnimi as domainni4_5_,
        organisaat0_.kotipaikka as kotipaik5_5_,
        organisaat0_.kuvaus_mkt as kuvaus_28_5_,
        organisaat0_.lakkautuspvm as lakkautu6_5_,
        organisaat0_.maa as maa7_5_,
        organisaat0_.metadata_id as metadat29_5_,
        organisaat0_.nimi_mkt as nimi_mk30_5_,
        organisaat0_.nimihaku as nimihaku8_5_,
        organisaat0_.oid as oid9_5_,
        organisaat0_.opetuspisteenjarjnro as opetusp10_5_,
        organisaat0_.oppilaitoskoodi as oppilai11_5_,
        organisaat0_.oppilaitos_tyyppi as oppilai12_5_,
        organisaat0_.organisaatio_poistettu as organis13_5_,
        organisaat0_.paivittaja as paivitt14_5_,
        organisaat0_.paivityspvm as paivity15_5_,
        organisaat0_.parentidpath as parenti16_5_,
        organisaat0_.parentoidpath as parento17_5_,
        organisaat0_.piilotettu as piilote18_5_,
        organisaat0_.tarkastus_pvm as tarkast19_5_,
        organisaat0_.toimipistekoodi as toimipi20_5_,
        organisaat0_.tuontipvm as tuontip21_5_,
        organisaat0_.varhaiskasvatuksen_toimipaikka_tiedot_id as varhais31_5_,
        organisaat0_.virastotunnus as virasto22_5_,
        organisaat0_.yhteishaunkoulukoodi as yhteish23_5_,
        organisaat0_.yritysmuoto as yritysm24_5_,
        organisaat0_.ytj_kieli as ytj_kie25_5_,
        organisaat0_.ytjpaivityspvm as ytjpaiv26_5_,
        organisaat0_.ytunnus as ytunnus27_5_ 
    from
        organisaatio organisaat0_ 
    where
        organisaat0_.oid=?
2020-06-10 18:11:52.758 TRACE 55751 --- [    Test worker] o.h.type.descriptor.sql.BasicBinder      : binding parameter [1] as [VARCHAR] - [1.2.246.562.10.27625532874]
2020-06-10 18:11:52.758 TRACE 55751 --- [    Test worker] o.h.type.descriptor.sql.BasicExtractor   : extracted value ([id1_5_] : [BIGINT]) - [39]
Hibernate: 
    select
        organisaat0_.id as id1_5_,
        organisaat0_.version as version2_5_,
        organisaat0_.alkupvm as alkupvm3_5_,
        organisaat0_.domainnimi as domainni4_5_,
        organisaat0_.kotipaikka as kotipaik5_5_,
        organisaat0_.kuvaus_mkt as kuvaus_28_5_,
        organisaat0_.lakkautuspvm as lakkautu6_5_,
        organisaat0_.maa as maa7_5_,
        organisaat0_.metadata_id as metadat29_5_,
        organisaat0_.nimi_mkt as nimi_mk30_5_,
        organisaat0_.nimihaku as nimihaku8_5_,
        organisaat0_.oid as oid9_5_,
        organisaat0_.opetuspisteenjarjnro as opetusp10_5_,
        organisaat0_.oppilaitoskoodi as oppilai11_5_,
        organisaat0_.oppilaitos_tyyppi as oppilai12_5_,
        organisaat0_.organisaatio_poistettu as organis13_5_,
        organisaat0_.paivittaja as paivitt14_5_,
        organisaat0_.paivityspvm as paivity15_5_,
        organisaat0_.parentidpath as parenti16_5_,
        organisaat0_.parentoidpath as parento17_5_,
        organisaat0_.piilotettu as piilote18_5_,
        organisaat0_.tarkastus_pvm as tarkast19_5_,
        organisaat0_.toimipistekoodi as toimipi20_5_,
        organisaat0_.tuontipvm as tuontip21_5_,
        organisaat0_.varhaiskasvatuksen_toimipaikka_tiedot_id as varhais31_5_,
        organisaat0_.virastotunnus as virasto22_5_,
        organisaat0_.yhteishaunkoulukoodi as yhteish23_5_,
        organisaat0_.yritysmuoto as yritysm24_5_,
        organisaat0_.ytj_kieli as ytj_kie25_5_,
        organisaat0_.ytjpaivityspvm as ytjpaiv26_5_,
        organisaat0_.ytunnus as ytunnus27_5_ 
    from
        organisaatio organisaat0_ 
    where
        organisaat0_.toimipistekoodi=?
2020-06-10 18:11:52.759 TRACE 55751 --- [    Test worker] o.h.type.descriptor.sql.BasicBinder      : binding parameter [1] as [VARCHAR] - [oppilaitoskoodi01]
Hibernate: 
    insert 
    into
        monikielinen_teksti
        (id, version) 
    values
        (null, ?)
2020-06-10 18:11:52.760 TRACE 55751 --- [    Test worker] o.h.type.descriptor.sql.BasicBinder      : binding parameter [1] as [BIGINT] - [0]
Hibernate: 
    insert 
    into
        monikielinen_teksti
        (id, version) 
    values
        (null, ?)
2020-06-10 18:11:52.760 TRACE 55751 --- [    Test worker] o.h.type.descriptor.sql.BasicBinder      : binding parameter [1] as [BIGINT] - [0]
Hibernate: 
    insert 
    into
        organisaatio
        (id, version, alkupvm, domainnimi, kotipaikka, kuvaus_mkt, lakkautuspvm, maa, metadata_id, nimi_mkt, nimihaku, oid, opetuspisteenjarjnro, oppilaitoskoodi, oppilaitos_tyyppi, organisaatio_poistettu, paivittaja, paivityspvm, parentidpath, parentoidpath, piilotettu, tarkastus_pvm, toimipistekoodi, tuontipvm, varhaiskasvatuksen_toimipaikka_tiedot_id, virastotunnus, yhteishaunkoulukoodi, yritysmuoto, ytj_kieli, ytjpaivityspvm, ytunnus) 
    values
        (null, ?, ?, ?, ?, ?, ?, ?, ?, ?, ?, ?, ?, ?, ?, ?, ?, ?, ?, ?, ?, ?, ?, ?, ?, ?, ?, ?, ?, ?, ?)
2020-06-10 18:11:52.761 TRACE 55751 --- [    Test worker] o.h.type.descriptor.sql.BasicBinder      : binding parameter [1] as [BIGINT] - [0]
2020-06-10 18:11:52.761 TRACE 55751 --- [    Test worker] o.h.type.descriptor.sql.BasicBinder      : binding parameter [2] as [DATE] - [Fri Dec 31 00:00:00 EET 1999]
2020-06-10 18:11:52.761 TRACE 55751 --- [    Test worker] o.h.type.descriptor.sql.BasicBinder      : binding parameter [3] as [VARCHAR] - [null]
2020-06-10 18:11:52.761 TRACE 55751 --- [    Test worker] o.h.type.descriptor.sql.BasicBinder      : binding parameter [4] as [VARCHAR] - [kunta_092]
2020-06-10 18:11:52.761 TRACE 55751 --- [    Test worker] o.h.type.descriptor.sql.BasicBinder      : binding parameter [5] as [BIGINT] - [1064]
2020-06-10 18:11:52.761 TRACE 55751 --- [    Test worker] o.h.type.descriptor.sql.BasicBinder      : binding parameter [6] as [DATE] - [null]
2020-06-10 18:11:52.761 TRACE 55751 --- [    Test worker] o.h.type.descriptor.sql.BasicBinder      : binding parameter [7] as [VARCHAR] - [maatjavaltiot1_fin]
2020-06-10 18:11:52.761 TRACE 55751 --- [    Test worker] o.h.type.descriptor.sql.BasicBinder      : binding parameter [8] as [BIGINT] - [null]
2020-06-10 18:11:52.761 TRACE 55751 --- [    Test worker] o.h.type.descriptor.sql.BasicBinder      : binding parameter [9] as [BIGINT] - [1065]
2020-06-10 18:11:52.761 TRACE 55751 --- [    Test worker] o.h.type.descriptor.sql.BasicBinder      : binding parameter [10] as [VARCHAR] - [,oppilaitos1, toimipiste1]
2020-06-10 18:11:52.761 TRACE 55751 --- [    Test worker] o.h.type.descriptor.sql.BasicBinder      : binding parameter [11] as [VARCHAR] - [1.2.246.562.10.60643548234]
2020-06-10 18:11:52.761 TRACE 55751 --- [    Test worker] o.h.type.descriptor.sql.BasicBinder      : binding parameter [12] as [VARCHAR] - [01]
2020-06-10 18:11:52.761 TRACE 55751 --- [    Test worker] o.h.type.descriptor.sql.BasicBinder      : binding parameter [13] as [VARCHAR] - [null]
2020-06-10 18:11:52.761 TRACE 55751 --- [    Test worker] o.h.type.descriptor.sql.BasicBinder      : binding parameter [14] as [VARCHAR] - [null]
2020-06-10 18:11:52.761 TRACE 55751 --- [    Test worker] o.h.type.descriptor.sql.BasicBinder      : binding parameter [15] as [BOOLEAN] - [false]
2020-06-10 18:11:52.761 TRACE 55751 --- [    Test worker] o.h.type.descriptor.sql.BasicBinder      : binding parameter [16] as [VARCHAR] - [ophadmin]
2020-06-10 18:11:52.761 TRACE 55751 --- [    Test worker] o.h.type.descriptor.sql.BasicBinder      : binding parameter [17] as [TIMESTAMP] - [Wed Jun 10 18:11:52 EEST 2020]
2020-06-10 18:11:52.761 TRACE 55751 --- [    Test worker] o.h.type.descriptor.sql.BasicBinder      : binding parameter [18] as [VARCHAR] - [|1|38|39|]
2020-06-10 18:11:52.761 TRACE 55751 --- [    Test worker] o.h.type.descriptor.sql.BasicBinder      : binding parameter [19] as [VARCHAR] - [|1.2.246.562.24.00000000001|1.2.246.562.10.46923257671|1.2.246.562.10.27625532874|]
2020-06-10 18:11:52.761 TRACE 55751 --- [    Test worker] o.h.type.descriptor.sql.BasicBinder      : binding parameter [20] as [BOOLEAN] - [false]
2020-06-10 18:11:52.761 TRACE 55751 --- [    Test worker] o.h.type.descriptor.sql.BasicBinder      : binding parameter [21] as [TIMESTAMP] - [null]
2020-06-10 18:11:52.761 TRACE 55751 --- [    Test worker] o.h.type.descriptor.sql.BasicBinder      : binding parameter [22] as [VARCHAR] - [oppilaitoskoodi01]
2020-06-10 18:11:52.761 TRACE 55751 --- [    Test worker] o.h.type.descriptor.sql.BasicBinder      : binding parameter [23] as [TIMESTAMP] - [null]
2020-06-10 18:11:52.761 TRACE 55751 --- [    Test worker] o.h.type.descriptor.sql.BasicBinder      : binding parameter [24] as [BIGINT] - [null]
2020-06-10 18:11:52.761 TRACE 55751 --- [    Test worker] o.h.type.descriptor.sql.BasicBinder      : binding parameter [25] as [VARCHAR] - [null]
2020-06-10 18:11:52.761 TRACE 55751 --- [    Test worker] o.h.type.descriptor.sql.BasicBinder      : binding parameter [26] as [VARCHAR] - [null]
2020-06-10 18:11:52.761 TRACE 55751 --- [    Test worker] o.h.type.descriptor.sql.BasicBinder      : binding parameter [27] as [VARCHAR] - [null]
2020-06-10 18:11:52.761 TRACE 55751 --- [    Test worker] o.h.type.descriptor.sql.BasicBinder      : binding parameter [28] as [VARCHAR] - [null]
2020-06-10 18:11:52.761 TRACE 55751 --- [    Test worker] o.h.type.descriptor.sql.BasicBinder      : binding parameter [29] as [DATE] - [null]
2020-06-10 18:11:52.761 TRACE 55751 --- [    Test worker] o.h.type.descriptor.sql.BasicBinder      : binding parameter [30] as [VARCHAR] - [null]
Hibernate: 
    insert 
    into
        organisaatio_nimi
        (id, version, alkupvm, nimi_mkt, organisaatio_id, paivittaja) 
    values
        (null, ?, ?, ?, ?, ?)
2020-06-10 18:11:52.762 TRACE 55751 --- [    Test worker] o.h.type.descriptor.sql.BasicBinder      : binding parameter [1] as [BIGINT] - [0]
2020-06-10 18:11:52.762 TRACE 55751 --- [    Test worker] o.h.type.descriptor.sql.BasicBinder      : binding parameter [2] as [DATE] - [Wed Jun 10 18:11:52 EEST 2020]
2020-06-10 18:11:52.762 TRACE 55751 --- [    Test worker] o.h.type.descriptor.sql.BasicBinder      : binding parameter [3] as [BIGINT] - [1065]
2020-06-10 18:11:52.762 TRACE 55751 --- [    Test worker] o.h.type.descriptor.sql.BasicBinder      : binding parameter [4] as [BIGINT] - [40]
2020-06-10 18:11:52.762 TRACE 55751 --- [    Test worker] o.h.type.descriptor.sql.BasicBinder      : binding parameter [5] as [VARCHAR] - [null]
Hibernate: 
    insert 
    into
        yhteystieto
        (id, version, kieli, organisaatio_id, yhteystieto_oid, coordinatetype, extrarivi, lat, lng, maa, osavaltio, osoite, osoite_tyyppi, postinumero, postitoimipaikka, ytjpaivityspvm, dtype) 
    values
        (null, ?, ?, ?, ?, ?, ?, ?, ?, ?, ?, ?, ?, ?, ?, ?, 'Osoite')
2020-06-10 18:11:52.762 TRACE 55751 --- [    Test worker] o.h.type.descriptor.sql.BasicBinder      : binding parameter [1] as [BIGINT] - [0]
2020-06-10 18:11:52.762 TRACE 55751 --- [    Test worker] o.h.type.descriptor.sql.BasicBinder      : binding parameter [2] as [VARCHAR] - [kieli_fi#1]
2020-06-10 18:11:52.762 TRACE 55751 --- [    Test worker] o.h.type.descriptor.sql.BasicBinder      : binding parameter [3] as [BIGINT] - [40]
2020-06-10 18:11:52.762 TRACE 55751 --- [    Test worker] o.h.type.descriptor.sql.BasicBinder      : binding parameter [4] as [VARCHAR] - [1.2.246.562.5.82669538552]
2020-06-10 18:11:52.762 TRACE 55751 --- [    Test worker] o.h.type.descriptor.sql.BasicBinder      : binding parameter [5] as [VARCHAR] - [null]
2020-06-10 18:11:52.762 TRACE 55751 --- [    Test worker] o.h.type.descriptor.sql.BasicBinder      : binding parameter [6] as [VARCHAR] - [null]
2020-06-10 18:11:52.762 TRACE 55751 --- [    Test worker] o.h.type.descriptor.sql.BasicBinder      : binding parameter [7] as [DOUBLE] - [null]
2020-06-10 18:11:52.762 TRACE 55751 --- [    Test worker] o.h.type.descriptor.sql.BasicBinder      : binding parameter [8] as [DOUBLE] - [null]
2020-06-10 18:11:52.762 TRACE 55751 --- [    Test worker] o.h.type.descriptor.sql.BasicBinder      : binding parameter [9] as [VARCHAR] - [null]
2020-06-10 18:11:52.762 TRACE 55751 --- [    Test worker] o.h.type.descriptor.sql.BasicBinder      : binding parameter [10] as [VARCHAR] - [null]
2020-06-10 18:11:52.762 TRACE 55751 --- [    Test worker] o.h.type.descriptor.sql.BasicBinder      : binding parameter [11] as [VARCHAR] - [Kayntiosoite 2B]
2020-06-10 18:11:52.762 TRACE 55751 --- [    Test worker] o.h.type.descriptor.sql.BasicBinder      : binding parameter [12] as [VARCHAR] - [kaynti]
2020-06-10 18:11:52.762 TRACE 55751 --- [    Test worker] o.h.type.descriptor.sql.BasicBinder      : binding parameter [13] as [VARCHAR] - [posti_00550]
2020-06-10 18:11:52.762 TRACE 55751 --- [    Test worker] o.h.type.descriptor.sql.BasicBinder      : binding parameter [14] as [VARCHAR] - [Helsinki]
2020-06-10 18:11:52.762 TRACE 55751 --- [    Test worker] o.h.type.descriptor.sql.BasicBinder      : binding parameter [15] as [DATE] - [null]
Hibernate: 
    insert 
    into
        yhteystieto
        (id, version, kieli, organisaatio_id, yhteystieto_oid, puhelinnumero, tyyppi, dtype) 
    values
        (null, ?, ?, ?, ?, ?, ?, 'Puhelinnumero')
2020-06-10 18:11:52.763 TRACE 55751 --- [    Test worker] o.h.type.descriptor.sql.BasicBinder      : binding parameter [1] as [BIGINT] - [0]
2020-06-10 18:11:52.763 TRACE 55751 --- [    Test worker] o.h.type.descriptor.sql.BasicBinder      : binding parameter [2] as [VARCHAR] - [kieli_fi#1]
2020-06-10 18:11:52.763 TRACE 55751 --- [    Test worker] o.h.type.descriptor.sql.BasicBinder      : binding parameter [3] as [BIGINT] - [40]
2020-06-10 18:11:52.763 TRACE 55751 --- [    Test worker] o.h.type.descriptor.sql.BasicBinder      : binding parameter [4] as [VARCHAR] - [1.2.246.562.5.49491000529]
2020-06-10 18:11:52.763 TRACE 55751 --- [    Test worker] o.h.type.descriptor.sql.BasicBinder      : binding parameter [5] as [VARCHAR] - [123]
2020-06-10 18:11:52.763 TRACE 55751 --- [    Test worker] o.h.type.descriptor.sql.BasicBinder      : binding parameter [6] as [VARCHAR] - [puhelin]
Hibernate: 
    insert 
    into
        yhteystieto
        (id, version, kieli, organisaatio_id, yhteystieto_oid, www_osoite, dtype) 
    values
        (null, ?, ?, ?, ?, ?, 'Www')
2020-06-10 18:11:52.764 TRACE 55751 --- [    Test worker] o.h.type.descriptor.sql.BasicBinder      : binding parameter [1] as [BIGINT] - [0]
2020-06-10 18:11:52.764 TRACE 55751 --- [    Test worker] o.h.type.descriptor.sql.BasicBinder      : binding parameter [2] as [VARCHAR] - [kieli_fi#1]
2020-06-10 18:11:52.764 TRACE 55751 --- [    Test worker] o.h.type.descriptor.sql.BasicBinder      : binding parameter [3] as [BIGINT] - [40]
2020-06-10 18:11:52.764 TRACE 55751 --- [    Test worker] o.h.type.descriptor.sql.BasicBinder      : binding parameter [4] as [VARCHAR] - [15918019123860.2835717877864954]
2020-06-10 18:11:52.764 TRACE 55751 --- [    Test worker] o.h.type.descriptor.sql.BasicBinder      : binding parameter [5] as [VARCHAR] - [http://test.oph.fi]
Hibernate: 
    insert 
    into
        yhteystieto
        (id, version, kieli, organisaatio_id, yhteystieto_oid, email, dtype) 
    values
        (null, ?, ?, ?, ?, ?, 'Email')
2020-06-10 18:11:52.764 TRACE 55751 --- [    Test worker] o.h.type.descriptor.sql.BasicBinder      : binding parameter [1] as [BIGINT] - [0]
2020-06-10 18:11:52.764 TRACE 55751 --- [    Test worker] o.h.type.descriptor.sql.BasicBinder      : binding parameter [2] as [VARCHAR] - [kieli_fi#1]
2020-06-10 18:11:52.764 TRACE 55751 --- [    Test worker] o.h.type.descriptor.sql.BasicBinder      : binding parameter [3] as [BIGINT] - [40]
2020-06-10 18:11:52.764 TRACE 55751 --- [    Test worker] o.h.type.descriptor.sql.BasicBinder      : binding parameter [4] as [VARCHAR] - [15918019123860.0968775386542644]
2020-06-10 18:11:52.764 TRACE 55751 --- [    Test worker] o.h.type.descriptor.sql.BasicBinder      : binding parameter [5] as [VARCHAR] - [asd@asd.asd]
Hibernate: 
    insert 
    into
        yhteystieto
        (id, version, kieli, organisaatio_id, yhteystieto_oid, coordinatetype, extrarivi, lat, lng, maa, osavaltio, osoite, osoite_tyyppi, postinumero, postitoimipaikka, ytjpaivityspvm, dtype) 
    values
        (null, ?, ?, ?, ?, ?, ?, ?, ?, ?, ?, ?, ?, ?, ?, ?, 'Osoite')
2020-06-10 18:11:52.764 TRACE 55751 --- [    Test worker] o.h.type.descriptor.sql.BasicBinder      : binding parameter [1] as [BIGINT] - [0]
2020-06-10 18:11:52.764 TRACE 55751 --- [    Test worker] o.h.type.descriptor.sql.BasicBinder      : binding parameter [2] as [VARCHAR] - [kieli_fi#1]
2020-06-10 18:11:52.765 TRACE 55751 --- [    Test worker] o.h.type.descriptor.sql.BasicBinder      : binding parameter [3] as [BIGINT] - [40]
2020-06-10 18:11:52.765 TRACE 55751 --- [    Test worker] o.h.type.descriptor.sql.BasicBinder      : binding parameter [4] as [VARCHAR] - [1.2.246.562.5.26892221483]
2020-06-10 18:11:52.765 TRACE 55751 --- [    Test worker] o.h.type.descriptor.sql.BasicBinder      : binding parameter [5] as [VARCHAR] - [null]
2020-06-10 18:11:52.765 TRACE 55751 --- [    Test worker] o.h.type.descriptor.sql.BasicBinder      : binding parameter [6] as [VARCHAR] - [null]
2020-06-10 18:11:52.765 TRACE 55751 --- [    Test worker] o.h.type.descriptor.sql.BasicBinder      : binding parameter [7] as [DOUBLE] - [null]
2020-06-10 18:11:52.765 TRACE 55751 --- [    Test worker] o.h.type.descriptor.sql.BasicBinder      : binding parameter [8] as [DOUBLE] - [null]
2020-06-10 18:11:52.765 TRACE 55751 --- [    Test worker] o.h.type.descriptor.sql.BasicBinder      : binding parameter [9] as [VARCHAR] - [null]
2020-06-10 18:11:52.765 TRACE 55751 --- [    Test worker] o.h.type.descriptor.sql.BasicBinder      : binding parameter [10] as [VARCHAR] - [null]
2020-06-10 18:11:52.765 TRACE 55751 --- [    Test worker] o.h.type.descriptor.sql.BasicBinder      : binding parameter [11] as [VARCHAR] - [Postiosoite 1A]
2020-06-10 18:11:52.765 TRACE 55751 --- [    Test worker] o.h.type.descriptor.sql.BasicBinder      : binding parameter [12] as [VARCHAR] - [posti]
2020-06-10 18:11:52.765 TRACE 55751 --- [    Test worker] o.h.type.descriptor.sql.BasicBinder      : binding parameter [13] as [VARCHAR] - [00550]
2020-06-10 18:11:52.765 TRACE 55751 --- [    Test worker] o.h.type.descriptor.sql.BasicBinder      : binding parameter [14] as [VARCHAR] - [Helsinki]
2020-06-10 18:11:52.765 TRACE 55751 --- [    Test worker] o.h.type.descriptor.sql.BasicBinder      : binding parameter [15] as [DATE] - [null]
2020-06-10 18:11:52.765  INFO 55751 --- [    Test worker] .s.o.r.i.OrganisaatioSuhdeRepositoryImpl : findParentTo(40, Wed Jun 10 18:11:52 EEST 2020)
Hibernate: 
    update
        organisaatio 
    set
        version=?,
        alkupvm=?,
        domainnimi=?,
        kotipaikka=?,
        kuvaus_mkt=?,
        lakkautuspvm=?,
        maa=?,
        metadata_id=?,
        nimi_mkt=?,
        nimihaku=?,
        oid=?,
        opetuspisteenjarjnro=?,
        oppilaitoskoodi=?,
        oppilaitos_tyyppi=?,
        organisaatio_poistettu=?,
        paivittaja=?,
        paivityspvm=?,
        parentidpath=?,
        parentoidpath=?,
        piilotettu=?,
        tarkastus_pvm=?,
        toimipistekoodi=?,
        tuontipvm=?,
        varhaiskasvatuksen_toimipaikka_tiedot_id=?,
        virastotunnus=?,
        yhteishaunkoulukoodi=?,
        yritysmuoto=?,
        ytj_kieli=?,
        ytjpaivityspvm=?,
        ytunnus=? 
    where
        id=? 
        and version=?
2020-06-10 18:11:52.766 TRACE 55751 --- [    Test worker] o.h.type.descriptor.sql.BasicBinder      : binding parameter [1] as [BIGINT] - [1]
2020-06-10 18:11:52.766 TRACE 55751 --- [    Test worker] o.h.type.descriptor.sql.BasicBinder      : binding parameter [2] as [DATE] - [Fri Dec 31 00:00:00 EET 1999]
2020-06-10 18:11:52.766 TRACE 55751 --- [    Test worker] o.h.type.descriptor.sql.BasicBinder      : binding parameter [3] as [VARCHAR] - [null]
2020-06-10 18:11:52.766 TRACE 55751 --- [    Test worker] o.h.type.descriptor.sql.BasicBinder      : binding parameter [4] as [VARCHAR] - [kunta_092]
2020-06-10 18:11:52.766 TRACE 55751 --- [    Test worker] o.h.type.descriptor.sql.BasicBinder      : binding parameter [5] as [BIGINT] - [1064]
2020-06-10 18:11:52.766 TRACE 55751 --- [    Test worker] o.h.type.descriptor.sql.BasicBinder      : binding parameter [6] as [DATE] - [null]
2020-06-10 18:11:52.766 TRACE 55751 --- [    Test worker] o.h.type.descriptor.sql.BasicBinder      : binding parameter [7] as [VARCHAR] - [maatjavaltiot1_fin]
2020-06-10 18:11:52.767 TRACE 55751 --- [    Test worker] o.h.type.descriptor.sql.BasicBinder      : binding parameter [8] as [BIGINT] - [null]
2020-06-10 18:11:52.767 TRACE 55751 --- [    Test worker] o.h.type.descriptor.sql.BasicBinder      : binding parameter [9] as [BIGINT] - [1065]
2020-06-10 18:11:52.767 TRACE 55751 --- [    Test worker] o.h.type.descriptor.sql.BasicBinder      : binding parameter [10] as [VARCHAR] - [,oppilaitos1, toimipiste1]
2020-06-10 18:11:52.767 TRACE 55751 --- [    Test worker] o.h.type.descriptor.sql.BasicBinder      : binding parameter [11] as [VARCHAR] - [1.2.246.562.10.60643548234]
2020-06-10 18:11:52.767 TRACE 55751 --- [    Test worker] o.h.type.descriptor.sql.BasicBinder      : binding parameter [12] as [VARCHAR] - [01]
2020-06-10 18:11:52.767 TRACE 55751 --- [    Test worker] o.h.type.descriptor.sql.BasicBinder      : binding parameter [13] as [VARCHAR] - [null]
2020-06-10 18:11:52.767 TRACE 55751 --- [    Test worker] o.h.type.descriptor.sql.BasicBinder      : binding parameter [14] as [VARCHAR] - [null]
2020-06-10 18:11:52.767 TRACE 55751 --- [    Test worker] o.h.type.descriptor.sql.BasicBinder      : binding parameter [15] as [BOOLEAN] - [false]
2020-06-10 18:11:52.767 TRACE 55751 --- [    Test worker] o.h.type.descriptor.sql.BasicBinder      : binding parameter [16] as [VARCHAR] - [ophadmin]
2020-06-10 18:11:52.767 TRACE 55751 --- [    Test worker] o.h.type.descriptor.sql.BasicBinder      : binding parameter [17] as [TIMESTAMP] - [Wed Jun 10 18:11:52 EEST 2020]
2020-06-10 18:11:52.767 TRACE 55751 --- [    Test worker] o.h.type.descriptor.sql.BasicBinder      : binding parameter [18] as [VARCHAR] - [|1|38|39|]
2020-06-10 18:11:52.767 TRACE 55751 --- [    Test worker] o.h.type.descriptor.sql.BasicBinder      : binding parameter [19] as [VARCHAR] - [|1.2.246.562.24.00000000001|1.2.246.562.10.46923257671|1.2.246.562.10.27625532874|]
2020-06-10 18:11:52.767 TRACE 55751 --- [    Test worker] o.h.type.descriptor.sql.BasicBinder      : binding parameter [20] as [BOOLEAN] - [false]
2020-06-10 18:11:52.767 TRACE 55751 --- [    Test worker] o.h.type.descriptor.sql.BasicBinder      : binding parameter [21] as [TIMESTAMP] - [null]
2020-06-10 18:11:52.767 TRACE 55751 --- [    Test worker] o.h.type.descriptor.sql.BasicBinder      : binding parameter [22] as [VARCHAR] - [oppilaitoskoodi01]
2020-06-10 18:11:52.767 TRACE 55751 --- [    Test worker] o.h.type.descriptor.sql.BasicBinder      : binding parameter [23] as [TIMESTAMP] - [null]
2020-06-10 18:11:52.767 TRACE 55751 --- [    Test worker] o.h.type.descriptor.sql.BasicBinder      : binding parameter [24] as [BIGINT] - [null]
2020-06-10 18:11:52.767 TRACE 55751 --- [    Test worker] o.h.type.descriptor.sql.BasicBinder      : binding parameter [25] as [VARCHAR] - [null]
2020-06-10 18:11:52.767 TRACE 55751 --- [    Test worker] o.h.type.descriptor.sql.BasicBinder      : binding parameter [26] as [VARCHAR] - [null]
2020-06-10 18:11:52.767 TRACE 55751 --- [    Test worker] o.h.type.descriptor.sql.BasicBinder      : binding parameter [27] as [VARCHAR] - [null]
2020-06-10 18:11:52.767 TRACE 55751 --- [    Test worker] o.h.type.descriptor.sql.BasicBinder      : binding parameter [28] as [VARCHAR] - [null]
2020-06-10 18:11:52.767 TRACE 55751 --- [    Test worker] o.h.type.descriptor.sql.BasicBinder      : binding parameter [29] as [DATE] - [null]
2020-06-10 18:11:52.767 TRACE 55751 --- [    Test worker] o.h.type.descriptor.sql.BasicBinder      : binding parameter [30] as [VARCHAR] - [null]
2020-06-10 18:11:52.767 TRACE 55751 --- [    Test worker] o.h.type.descriptor.sql.BasicBinder      : binding parameter [31] as [BIGINT] - [40]
2020-06-10 18:11:52.767 TRACE 55751 --- [    Test worker] o.h.type.descriptor.sql.BasicBinder      : binding parameter [32] as [BIGINT] - [0]
Hibernate: 
    insert 
    into
        organisaatio_kielet
        (organisaatio_id, kielet) 
    values
        (?, ?)
2020-06-10 18:11:52.767 TRACE 55751 --- [    Test worker] o.h.type.descriptor.sql.BasicBinder      : binding parameter [1] as [BIGINT] - [40]
2020-06-10 18:11:52.767 TRACE 55751 --- [    Test worker] o.h.type.descriptor.sql.BasicBinder      : binding parameter [2] as [VARCHAR] - [oppilaitoksenopetuskieli_1#1]
Hibernate: 
    insert 
    into
        organisaatio_tyypit
        (organisaatio_id, tyypit) 
    values
        (?, ?)
2020-06-10 18:11:52.768 TRACE 55751 --- [    Test worker] o.h.type.descriptor.sql.BasicBinder      : binding parameter [1] as [BIGINT] - [40]
2020-06-10 18:11:52.768 TRACE 55751 --- [    Test worker] o.h.type.descriptor.sql.BasicBinder      : binding parameter [2] as [VARCHAR] - [organisaatiotyyppi_03]
Hibernate: 
    insert 
    into
        monikielinen_teksti_values
        (id, key, value) 
    values
        (?, ?, ?)
2020-06-10 18:11:52.768 TRACE 55751 --- [    Test worker] o.h.type.descriptor.sql.BasicBinder      : binding parameter [1] as [BIGINT] - [1065]
2020-06-10 18:11:52.768 TRACE 55751 --- [    Test worker] o.h.type.descriptor.sql.BasicBinder      : binding parameter [2] as [VARCHAR] - [fi]
2020-06-10 18:11:52.768 TRACE 55751 --- [    Test worker] o.h.type.descriptor.sql.BasicBinder      : binding parameter [3] as [VARCHAR] - [oppilaitos1, toimipiste1]
Hibernate: 
    select
        organisaat0_.id as id1_19_0_,
        organisaat1_.id as id1_5_1_,
        organisaat0_.version as version2_19_0_,
        organisaat0_.alkupvm as alkupvm3_19_0_,
        organisaat0_.child_id as child_id7_19_0_,
        organisaat0_.loppupvm as loppupvm4_19_0_,
        organisaat0_.opetuspisteenjarjnro as opetuspi5_19_0_,
        organisaat0_.parent_id as parent_i8_19_0_,
        organisaat0_.suhdetyyppi as suhdetyy6_19_0_,
        organisaat1_.version as version2_5_1_,
        organisaat1_.alkupvm as alkupvm3_5_1_,
        organisaat1_.domainnimi as domainni4_5_1_,
        organisaat1_.kotipaikka as kotipaik5_5_1_,
        organisaat1_.kuvaus_mkt as kuvaus_28_5_1_,
        organisaat1_.lakkautuspvm as lakkautu6_5_1_,
        organisaat1_.maa as maa7_5_1_,
        organisaat1_.metadata_id as metadat29_5_1_,
        organisaat1_.nimi_mkt as nimi_mk30_5_1_,
        organisaat1_.nimihaku as nimihaku8_5_1_,
        organisaat1_.oid as oid9_5_1_,
        organisaat1_.opetuspisteenjarjnro as opetusp10_5_1_,
        organisaat1_.oppilaitoskoodi as oppilai11_5_1_,
        organisaat1_.oppilaitos_tyyppi as oppilai12_5_1_,
        organisaat1_.organisaatio_poistettu as organis13_5_1_,
        organisaat1_.paivittaja as paivitt14_5_1_,
        organisaat1_.paivityspvm as paivity15_5_1_,
        organisaat1_.parentidpath as parenti16_5_1_,
        organisaat1_.parentoidpath as parento17_5_1_,
        organisaat1_.piilotettu as piilote18_5_1_,
        organisaat1_.tarkastus_pvm as tarkast19_5_1_,
        organisaat1_.toimipistekoodi as toimipi20_5_1_,
        organisaat1_.tuontipvm as tuontip21_5_1_,
        organisaat1_.varhaiskasvatuksen_toimipaikka_tiedot_id as varhais31_5_1_,
        organisaat1_.virastotunnus as virasto22_5_1_,
        organisaat1_.yhteishaunkoulukoodi as yhteish23_5_1_,
        organisaat1_.yritysmuoto as yritysm24_5_1_,
        organisaat1_.ytj_kieli as ytj_kie25_5_1_,
        organisaat1_.ytjpaivityspvm as ytjpaiv26_5_1_,
        organisaat1_.ytunnus as ytunnus27_5_1_ 
    from
        organisaatiosuhde organisaat0_ 
    inner join
        organisaatio organisaat1_ 
            on organisaat0_.parent_id=organisaat1_.id 
    where
        organisaat0_.child_id=? 
        and organisaat0_.suhdetyyppi=? 
        and (
            organisaat0_.alkupvm=? 
            or organisaat0_.alkupvm<?
        ) 
        and (
            organisaat0_.loppupvm is null 
            or organisaat0_.loppupvm>?
        ) 
        and organisaat1_.organisaatio_poistettu=? 
    order by
        organisaat0_.alkupvm desc
2020-06-10 18:11:52.768 TRACE 55751 --- [    Test worker] o.h.type.descriptor.sql.BasicBinder      : binding parameter [1] as [BIGINT] - [40]
2020-06-10 18:11:52.768 TRACE 55751 --- [    Test worker] o.h.type.descriptor.sql.BasicBinder      : binding parameter [2] as [VARCHAR] - [HISTORIA]
2020-06-10 18:11:52.768 TRACE 55751 --- [    Test worker] o.h.type.descriptor.sql.BasicBinder      : binding parameter [3] as [DATE] - [Wed Jun 10 18:11:52 EEST 2020]
2020-06-10 18:11:52.768 TRACE 55751 --- [    Test worker] o.h.type.descriptor.sql.BasicBinder      : binding parameter [4] as [DATE] - [Wed Jun 10 18:11:52 EEST 2020]
2020-06-10 18:11:52.768 TRACE 55751 --- [    Test worker] o.h.type.descriptor.sql.BasicBinder      : binding parameter [5] as [DATE] - [Wed Jun 10 18:11:52 EEST 2020]
2020-06-10 18:11:52.768 TRACE 55751 --- [    Test worker] o.h.type.descriptor.sql.BasicBinder      : binding parameter [6] as [BOOLEAN] - [false]
2020-06-10 18:11:52.769  INFO 55751 --- [    Test worker] .s.o.r.i.OrganisaatioSuhdeRepositoryImpl : addChild(39, 40, Wed Jun 10 18:11:52 EEST 2020)
Hibernate: 
    insert 
    into
        organisaatiosuhde
        (id, version, alkupvm, child_id, loppupvm, opetuspisteenjarjnro, parent_id, suhdetyyppi) 
    values
        (null, ?, ?, ?, ?, ?, ?, ?)
2020-06-10 18:11:52.769 TRACE 55751 --- [    Test worker] o.h.type.descriptor.sql.BasicBinder      : binding parameter [1] as [BIGINT] - [0]
2020-06-10 18:11:52.769 TRACE 55751 --- [    Test worker] o.h.type.descriptor.sql.BasicBinder      : binding parameter [2] as [DATE] - [Wed Jun 10 18:11:52 EEST 2020]
2020-06-10 18:11:52.769 TRACE 55751 --- [    Test worker] o.h.type.descriptor.sql.BasicBinder      : binding parameter [3] as [BIGINT] - [40]
2020-06-10 18:11:52.769 TRACE 55751 --- [    Test worker] o.h.type.descriptor.sql.BasicBinder      : binding parameter [4] as [DATE] - [null]
2020-06-10 18:11:52.769 TRACE 55751 --- [    Test worker] o.h.type.descriptor.sql.BasicBinder      : binding parameter [5] as [VARCHAR] - [01]
2020-06-10 18:11:52.769 TRACE 55751 --- [    Test worker] o.h.type.descriptor.sql.BasicBinder      : binding parameter [6] as [BIGINT] - [39]
2020-06-10 18:11:52.769 TRACE 55751 --- [    Test worker] o.h.type.descriptor.sql.BasicBinder      : binding parameter [7] as [VARCHAR] - [HISTORIA]
2020-06-10 18:11:52.770  INFO 55751 --- [    Test worker] .s.o.r.i.OrganisaatioSuhdeRepositoryImpl :     Created new child relation:  --> pId=39, cId=40, aPvm=Wed Jun 10 18:11:52 EEST 2020, lPvm=null
Hibernate: 
    select
        organisaat0_.id as id1_19_,
        organisaat0_.version as version2_19_,
        organisaat0_.alkupvm as alkupvm3_19_,
        organisaat0_.child_id as child_id7_19_,
        organisaat0_.loppupvm as loppupvm4_19_,
        organisaat0_.opetuspisteenjarjnro as opetuspi5_19_,
        organisaat0_.parent_id as parent_i8_19_,
        organisaat0_.suhdetyyppi as suhdetyy6_19_ 
    from
        organisaatiosuhde organisaat0_ 
    where
        organisaat0_.child_id=?
2020-06-10 18:11:52.770 TRACE 55751 --- [    Test worker] o.h.type.descriptor.sql.BasicBinder      : binding parameter [1] as [BIGINT] - [40]
2020-06-10 18:11:52.770 TRACE 55751 --- [    Test worker] o.h.type.descriptor.sql.BasicExtractor   : extracted value ([id1_19_] : [BIGINT]) - [44]
Hibernate: 
    select
        organisaat0_.id as id1_5_,
        organisaat0_.version as version2_5_,
        organisaat0_.alkupvm as alkupvm3_5_,
        organisaat0_.domainnimi as domainni4_5_,
        organisaat0_.kotipaikka as kotipaik5_5_,
        organisaat0_.kuvaus_mkt as kuvaus_28_5_,
        organisaat0_.lakkautuspvm as lakkautu6_5_,
        organisaat0_.maa as maa7_5_,
        organisaat0_.metadata_id as metadat29_5_,
        organisaat0_.nimi_mkt as nimi_mk30_5_,
        organisaat0_.nimihaku as nimihaku8_5_,
        organisaat0_.oid as oid9_5_,
        organisaat0_.opetuspisteenjarjnro as opetusp10_5_,
        organisaat0_.oppilaitoskoodi as oppilai11_5_,
        organisaat0_.oppilaitos_tyyppi as oppilai12_5_,
        organisaat0_.organisaatio_poistettu as organis13_5_,
        organisaat0_.paivittaja as paivitt14_5_,
        organisaat0_.paivityspvm as paivity15_5_,
        organisaat0_.parentidpath as parenti16_5_,
        organisaat0_.parentoidpath as parento17_5_,
        organisaat0_.piilotettu as piilote18_5_,
        organisaat0_.tarkastus_pvm as tarkast19_5_,
        organisaat0_.toimipistekoodi as toimipi20_5_,
        organisaat0_.tuontipvm as tuontip21_5_,
        organisaat0_.varhaiskasvatuksen_toimipaikka_tiedot_id as varhais31_5_,
        organisaat0_.virastotunnus as virasto22_5_,
        organisaat0_.yhteishaunkoulukoodi as yhteish23_5_,
        organisaat0_.yritysmuoto as yritysm24_5_,
        organisaat0_.ytj_kieli as ytj_kie25_5_,
        organisaat0_.ytjpaivityspvm as ytjpaiv26_5_,
        organisaat0_.ytunnus as ytunnus27_5_ 
    from
        organisaatio organisaat0_ 
    where
        organisaat0_.oid=?
2020-06-10 18:11:52.771 TRACE 55751 --- [    Test worker] o.h.type.descriptor.sql.BasicBinder      : binding parameter [1] as [VARCHAR] - [1.2.246.562.10.60643548234]
2020-06-10 18:11:52.772 TRACE 55751 --- [    Test worker] o.h.type.descriptor.sql.BasicExtractor   : extracted value ([id1_5_] : [BIGINT]) - [40]
Hibernate: 
    select
        organisaat0_.id as id1_5_,
        organisaat0_.version as version2_5_,
        organisaat0_.alkupvm as alkupvm3_5_,
        organisaat0_.domainnimi as domainni4_5_,
        organisaat0_.kotipaikka as kotipaik5_5_,
        organisaat0_.kuvaus_mkt as kuvaus_28_5_,
        organisaat0_.lakkautuspvm as lakkautu6_5_,
        organisaat0_.maa as maa7_5_,
        organisaat0_.metadata_id as metadat29_5_,
        organisaat0_.nimi_mkt as nimi_mk30_5_,
        organisaat0_.nimihaku as nimihaku8_5_,
        organisaat0_.oid as oid9_5_,
        organisaat0_.opetuspisteenjarjnro as opetusp10_5_,
        organisaat0_.oppilaitoskoodi as oppilai11_5_,
        organisaat0_.oppilaitos_tyyppi as oppilai12_5_,
        organisaat0_.organisaatio_poistettu as organis13_5_,
        organisaat0_.paivittaja as paivitt14_5_,
        organisaat0_.paivityspvm as paivity15_5_,
        organisaat0_.parentidpath as parenti16_5_,
        organisaat0_.parentoidpath as parento17_5_,
        organisaat0_.piilotettu as piilote18_5_,
        organisaat0_.tarkastus_pvm as tarkast19_5_,
        organisaat0_.toimipistekoodi as toimipi20_5_,
        organisaat0_.tuontipvm as tuontip21_5_,
        organisaat0_.varhaiskasvatuksen_toimipaikka_tiedot_id as varhais31_5_,
        organisaat0_.virastotunnus as virasto22_5_,
        organisaat0_.yhteishaunkoulukoodi as yhteish23_5_,
        organisaat0_.yritysmuoto as yritysm24_5_,
        organisaat0_.ytj_kieli as ytj_kie25_5_,
        organisaat0_.ytjpaivityspvm as ytjpaiv26_5_,
        organisaat0_.ytunnus as ytunnus27_5_ 
    from
        organisaatio organisaat0_ 
    where
        organisaat0_.oid=?
2020-06-10 18:11:52.773 TRACE 55751 --- [    Test worker] o.h.type.descriptor.sql.BasicBinder      : binding parameter [1] as [VARCHAR] - [1.2.246.562.10.52617184674]
Hibernate: 
    select
        organisaat0_.id as id1_5_,
        organisaat0_.version as version2_5_,
        organisaat0_.alkupvm as alkupvm3_5_,
        organisaat0_.domainnimi as domainni4_5_,
        organisaat0_.kotipaikka as kotipaik5_5_,
        organisaat0_.kuvaus_mkt as kuvaus_28_5_,
        organisaat0_.lakkautuspvm as lakkautu6_5_,
        organisaat0_.maa as maa7_5_,
        organisaat0_.metadata_id as metadat29_5_,
        organisaat0_.nimi_mkt as nimi_mk30_5_,
        organisaat0_.nimihaku as nimihaku8_5_,
        organisaat0_.oid as oid9_5_,
        organisaat0_.opetuspisteenjarjnro as opetusp10_5_,
        organisaat0_.oppilaitoskoodi as oppilai11_5_,
        organisaat0_.oppilaitos_tyyppi as oppilai12_5_,
        organisaat0_.organisaatio_poistettu as organis13_5_,
        organisaat0_.paivittaja as paivitt14_5_,
        organisaat0_.paivityspvm as paivity15_5_,
        organisaat0_.parentidpath as parenti16_5_,
        organisaat0_.parentoidpath as parento17_5_,
        organisaat0_.piilotettu as piilote18_5_,
        organisaat0_.tarkastus_pvm as tarkast19_5_,
        organisaat0_.toimipistekoodi as toimipi20_5_,
        organisaat0_.tuontipvm as tuontip21_5_,
        organisaat0_.varhaiskasvatuksen_toimipaikka_tiedot_id as varhais31_5_,
        organisaat0_.virastotunnus as virasto22_5_,
        organisaat0_.yhteishaunkoulukoodi as yhteish23_5_,
        organisaat0_.yritysmuoto as yritysm24_5_,
        organisaat0_.ytj_kieli as ytj_kie25_5_,
        organisaat0_.ytjpaivityspvm as ytjpaiv26_5_,
        organisaat0_.ytunnus as ytunnus27_5_ 
    from
        organisaatio organisaat0_ 
    where
        organisaat0_.oid=?
2020-06-10 18:11:52.774 TRACE 55751 --- [    Test worker] o.h.type.descriptor.sql.BasicBinder      : binding parameter [1] as [VARCHAR] - [1.2.246.562.10.27625532874]
2020-06-10 18:11:52.774 TRACE 55751 --- [    Test worker] o.h.type.descriptor.sql.BasicExtractor   : extracted value ([id1_5_] : [BIGINT]) - [39]
2020-06-10 18:11:53.017  WARN 55751 --- [    Test worker] fi.vm.sade.javautils.http.OphHttpClient  : Failed to CAS authenticate. Renewing proxy ticket.
Hibernate: 
    select
        organisaat0_.id as id1_5_,
        organisaat0_.version as version2_5_,
        organisaat0_.alkupvm as alkupvm3_5_,
        organisaat0_.domainnimi as domainni4_5_,
        organisaat0_.kotipaikka as kotipaik5_5_,
        organisaat0_.kuvaus_mkt as kuvaus_28_5_,
        organisaat0_.lakkautuspvm as lakkautu6_5_,
        organisaat0_.maa as maa7_5_,
        organisaat0_.metadata_id as metadat29_5_,
        organisaat0_.nimi_mkt as nimi_mk30_5_,
        organisaat0_.nimihaku as nimihaku8_5_,
        organisaat0_.oid as oid9_5_,
        organisaat0_.opetuspisteenjarjnro as opetusp10_5_,
        organisaat0_.oppilaitoskoodi as oppilai11_5_,
        organisaat0_.oppilaitos_tyyppi as oppilai12_5_,
        organisaat0_.organisaatio_poistettu as organis13_5_,
        organisaat0_.paivittaja as paivitt14_5_,
        organisaat0_.paivityspvm as paivity15_5_,
        organisaat0_.parentidpath as parenti16_5_,
        organisaat0_.parentoidpath as parento17_5_,
        organisaat0_.piilotettu as piilote18_5_,
        organisaat0_.tarkastus_pvm as tarkast19_5_,
        organisaat0_.toimipistekoodi as toimipi20_5_,
        organisaat0_.tuontipvm as tuontip21_5_,
        organisaat0_.varhaiskasvatuksen_toimipaikka_tiedot_id as varhais31_5_,
        organisaat0_.virastotunnus as virasto22_5_,
        organisaat0_.yhteishaunkoulukoodi as yhteish23_5_,
        organisaat0_.yritysmuoto as yritysm24_5_,
        organisaat0_.ytj_kieli as ytj_kie25_5_,
        organisaat0_.ytjpaivityspvm as ytjpaiv26_5_,
        organisaat0_.ytunnus as ytunnus27_5_ 
    from
        organisaatio organisaat0_ 
    where
        organisaat0_.oid=?
2020-06-10 18:11:53.127 TRACE 55751 --- [    Test worker] o.h.type.descriptor.sql.BasicBinder      : binding parameter [1] as [VARCHAR] - [1.2.246.562.10.27625532874]
2020-06-10 18:11:53.128 TRACE 55751 --- [    Test worker] o.h.type.descriptor.sql.BasicExtractor   : extracted value ([id1_5_] : [BIGINT]) - [39]
2020-06-10 18:11:53.128  WARN 55751 --- [    Test worker] f.v.s.o.b.i.OrganisaatioBusinessChecker  : Invalid organisation name format: For toimipiste, name must be prefixed with parent name (lang:fi, name:oppilaitos2, toimipiste2, parentname:oppilaitos1)
Hibernate: 
    select
        organisaat0_.id as id1_5_,
        organisaat0_.version as version2_5_,
        organisaat0_.alkupvm as alkupvm3_5_,
        organisaat0_.domainnimi as domainni4_5_,
        organisaat0_.kotipaikka as kotipaik5_5_,
        organisaat0_.kuvaus_mkt as kuvaus_28_5_,
        organisaat0_.lakkautuspvm as lakkautu6_5_,
        organisaat0_.maa as maa7_5_,
        organisaat0_.metadata_id as metadat29_5_,
        organisaat0_.nimi_mkt as nimi_mk30_5_,
        organisaat0_.nimihaku as nimihaku8_5_,
        organisaat0_.oid as oid9_5_,
        organisaat0_.opetuspisteenjarjnro as opetusp10_5_,
        organisaat0_.oppilaitoskoodi as oppilai11_5_,
        organisaat0_.oppilaitos_tyyppi as oppilai12_5_,
        organisaat0_.organisaatio_poistettu as organis13_5_,
        organisaat0_.paivittaja as paivitt14_5_,
        organisaat0_.paivityspvm as paivity15_5_,
        organisaat0_.parentidpath as parenti16_5_,
        organisaat0_.parentoidpath as parento17_5_,
        organisaat0_.piilotettu as piilote18_5_,
        organisaat0_.tarkastus_pvm as tarkast19_5_,
        organisaat0_.toimipistekoodi as toimipi20_5_,
        organisaat0_.tuontipvm as tuontip21_5_,
        organisaat0_.varhaiskasvatuksen_toimipaikka_tiedot_id as varhais31_5_,
        organisaat0_.virastotunnus as virasto22_5_,
        organisaat0_.yhteishaunkoulukoodi as yhteish23_5_,
        organisaat0_.yritysmuoto as yritysm24_5_,
        organisaat0_.ytj_kieli as ytj_kie25_5_,
        organisaat0_.ytjpaivityspvm as ytjpaiv26_5_,
        organisaat0_.ytunnus as ytunnus27_5_ 
    from
        organisaatio organisaat0_ 
    where
        organisaat0_.oid=?
2020-06-10 18:11:53.129 TRACE 55751 --- [    Test worker] o.h.type.descriptor.sql.BasicBinder      : binding parameter [1] as [VARCHAR] - [1.2.246.562.10.27625532874]
2020-06-10 18:11:53.129 TRACE 55751 --- [    Test worker] o.h.type.descriptor.sql.BasicExtractor   : extracted value ([id1_5_] : [BIGINT]) - [39]
Hibernate: 
    select
        organisaat0_.id as id1_5_,
        organisaat0_.version as version2_5_,
        organisaat0_.alkupvm as alkupvm3_5_,
        organisaat0_.domainnimi as domainni4_5_,
        organisaat0_.kotipaikka as kotipaik5_5_,
        organisaat0_.kuvaus_mkt as kuvaus_28_5_,
        organisaat0_.lakkautuspvm as lakkautu6_5_,
        organisaat0_.maa as maa7_5_,
        organisaat0_.metadata_id as metadat29_5_,
        organisaat0_.nimi_mkt as nimi_mk30_5_,
        organisaat0_.nimihaku as nimihaku8_5_,
        organisaat0_.oid as oid9_5_,
        organisaat0_.opetuspisteenjarjnro as opetusp10_5_,
        organisaat0_.oppilaitoskoodi as oppilai11_5_,
        organisaat0_.oppilaitos_tyyppi as oppilai12_5_,
        organisaat0_.organisaatio_poistettu as organis13_5_,
        organisaat0_.paivittaja as paivitt14_5_,
        organisaat0_.paivityspvm as paivity15_5_,
        organisaat0_.parentidpath as parenti16_5_,
        organisaat0_.parentoidpath as parento17_5_,
        organisaat0_.piilotettu as piilote18_5_,
        organisaat0_.tarkastus_pvm as tarkast19_5_,
        organisaat0_.toimipistekoodi as toimipi20_5_,
        organisaat0_.tuontipvm as tuontip21_5_,
        organisaat0_.varhaiskasvatuksen_toimipaikka_tiedot_id as varhais31_5_,
        organisaat0_.virastotunnus as virasto22_5_,
        organisaat0_.yhteishaunkoulukoodi as yhteish23_5_,
        organisaat0_.yritysmuoto as yritysm24_5_,
        organisaat0_.ytj_kieli as ytj_kie25_5_,
        organisaat0_.ytjpaivityspvm as ytjpaiv26_5_,
        organisaat0_.ytunnus as ytunnus27_5_ 
    from
        organisaatio organisaat0_ 
    where
        organisaat0_.toimipistekoodi=?
2020-06-10 18:11:53.130 TRACE 55751 --- [    Test worker] o.h.type.descriptor.sql.BasicBinder      : binding parameter [1] as [VARCHAR] - [oppilaitoskoodi01]
2020-06-10 18:11:53.130 TRACE 55751 --- [    Test worker] o.h.type.descriptor.sql.BasicExtractor   : extracted value ([id1_5_] : [BIGINT]) - [40]
Hibernate: 
    select
        organisaat0_.id as id1_5_,
        organisaat0_.version as version2_5_,
        organisaat0_.alkupvm as alkupvm3_5_,
        organisaat0_.domainnimi as domainni4_5_,
        organisaat0_.kotipaikka as kotipaik5_5_,
        organisaat0_.kuvaus_mkt as kuvaus_28_5_,
        organisaat0_.lakkautuspvm as lakkautu6_5_,
        organisaat0_.maa as maa7_5_,
        organisaat0_.metadata_id as metadat29_5_,
        organisaat0_.nimi_mkt as nimi_mk30_5_,
        organisaat0_.nimihaku as nimihaku8_5_,
        organisaat0_.oid as oid9_5_,
        organisaat0_.opetuspisteenjarjnro as opetusp10_5_,
        organisaat0_.oppilaitoskoodi as oppilai11_5_,
        organisaat0_.oppilaitos_tyyppi as oppilai12_5_,
        organisaat0_.organisaatio_poistettu as organis13_5_,
        organisaat0_.paivittaja as paivitt14_5_,
        organisaat0_.paivityspvm as paivity15_5_,
        organisaat0_.parentidpath as parenti16_5_,
        organisaat0_.parentoidpath as parento17_5_,
        organisaat0_.piilotettu as piilote18_5_,
        organisaat0_.tarkastus_pvm as tarkast19_5_,
        organisaat0_.toimipistekoodi as toimipi20_5_,
        organisaat0_.tuontipvm as tuontip21_5_,
        organisaat0_.varhaiskasvatuksen_toimipaikka_tiedot_id as varhais31_5_,
        organisaat0_.virastotunnus as virasto22_5_,
        organisaat0_.yhteishaunkoulukoodi as yhteish23_5_,
        organisaat0_.yritysmuoto as yritysm24_5_,
        organisaat0_.ytj_kieli as ytj_kie25_5_,
        organisaat0_.ytjpaivityspvm as ytjpaiv26_5_,
        organisaat0_.ytunnus as ytunnus27_5_ 
    from
        organisaatio organisaat0_ 
    where
        organisaat0_.toimipistekoodi=?
2020-06-10 18:11:53.131 TRACE 55751 --- [    Test worker] o.h.type.descriptor.sql.BasicBinder      : binding parameter [1] as [VARCHAR] - [oppilaitoskoodi02]
Hibernate: 
    insert 
    into
        monikielinen_teksti
        (id, version) 
    values
        (null, ?)
2020-06-10 18:11:53.132 TRACE 55751 --- [    Test worker] o.h.type.descriptor.sql.BasicBinder      : binding parameter [1] as [BIGINT] - [0]
Hibernate: 
    insert 
    into
        monikielinen_teksti
        (id, version) 
    values
        (null, ?)
2020-06-10 18:11:53.133 TRACE 55751 --- [    Test worker] o.h.type.descriptor.sql.BasicBinder      : binding parameter [1] as [BIGINT] - [0]
Hibernate: 
    insert 
    into
        organisaatio
        (id, version, alkupvm, domainnimi, kotipaikka, kuvaus_mkt, lakkautuspvm, maa, metadata_id, nimi_mkt, nimihaku, oid, opetuspisteenjarjnro, oppilaitoskoodi, oppilaitos_tyyppi, organisaatio_poistettu, paivittaja, paivityspvm, parentidpath, parentoidpath, piilotettu, tarkastus_pvm, toimipistekoodi, tuontipvm, varhaiskasvatuksen_toimipaikka_tiedot_id, virastotunnus, yhteishaunkoulukoodi, yritysmuoto, ytj_kieli, ytjpaivityspvm, ytunnus) 
    values
        (null, ?, ?, ?, ?, ?, ?, ?, ?, ?, ?, ?, ?, ?, ?, ?, ?, ?, ?, ?, ?, ?, ?, ?, ?, ?, ?, ?, ?, ?, ?)
2020-06-10 18:11:53.133 TRACE 55751 --- [    Test worker] o.h.type.descriptor.sql.BasicBinder      : binding parameter [1] as [BIGINT] - [0]
2020-06-10 18:11:53.133 TRACE 55751 --- [    Test worker] o.h.type.descriptor.sql.BasicBinder      : binding parameter [2] as [DATE] - [Fri Dec 31 00:00:00 EET 1999]
2020-06-10 18:11:53.133 TRACE 55751 --- [    Test worker] o.h.type.descriptor.sql.BasicBinder      : binding parameter [3] as [VARCHAR] - [null]
2020-06-10 18:11:53.133 TRACE 55751 --- [    Test worker] o.h.type.descriptor.sql.BasicBinder      : binding parameter [4] as [VARCHAR] - [kunta_092]
2020-06-10 18:11:53.133 TRACE 55751 --- [    Test worker] o.h.type.descriptor.sql.BasicBinder      : binding parameter [5] as [BIGINT] - [1066]
2020-06-10 18:11:53.133 TRACE 55751 --- [    Test worker] o.h.type.descriptor.sql.BasicBinder      : binding parameter [6] as [DATE] - [null]
2020-06-10 18:11:53.133 TRACE 55751 --- [    Test worker] o.h.type.descriptor.sql.BasicBinder      : binding parameter [7] as [VARCHAR] - [maatjavaltiot1_fin]
2020-06-10 18:11:53.133 TRACE 55751 --- [    Test worker] o.h.type.descriptor.sql.BasicBinder      : binding parameter [8] as [BIGINT] - [null]
2020-06-10 18:11:53.133 TRACE 55751 --- [    Test worker] o.h.type.descriptor.sql.BasicBinder      : binding parameter [9] as [BIGINT] - [1067]
2020-06-10 18:11:53.133 TRACE 55751 --- [    Test worker] o.h.type.descriptor.sql.BasicBinder      : binding parameter [10] as [VARCHAR] - [,oppilaitos2, toimipiste2]
2020-06-10 18:11:53.133 TRACE 55751 --- [    Test worker] o.h.type.descriptor.sql.BasicBinder      : binding parameter [11] as [VARCHAR] - [1.2.246.562.10.52617184674]
2020-06-10 18:11:53.133 TRACE 55751 --- [    Test worker] o.h.type.descriptor.sql.BasicBinder      : binding parameter [12] as [VARCHAR] - [02]
2020-06-10 18:11:53.133 TRACE 55751 --- [    Test worker] o.h.type.descriptor.sql.BasicBinder      : binding parameter [13] as [VARCHAR] - [null]
2020-06-10 18:11:53.133 TRACE 55751 --- [    Test worker] o.h.type.descriptor.sql.BasicBinder      : binding parameter [14] as [VARCHAR] - [null]
2020-06-10 18:11:53.133 TRACE 55751 --- [    Test worker] o.h.type.descriptor.sql.BasicBinder      : binding parameter [15] as [BOOLEAN] - [false]
2020-06-10 18:11:53.133 TRACE 55751 --- [    Test worker] o.h.type.descriptor.sql.BasicBinder      : binding parameter [16] as [VARCHAR] - [ophadmin]
2020-06-10 18:11:53.133 TRACE 55751 --- [    Test worker] o.h.type.descriptor.sql.BasicBinder      : binding parameter [17] as [TIMESTAMP] - [Wed Jun 10 18:11:53 EEST 2020]
2020-06-10 18:11:53.134 TRACE 55751 --- [    Test worker] o.h.type.descriptor.sql.BasicBinder      : binding parameter [18] as [VARCHAR] - [|1|38|39|]
2020-06-10 18:11:53.134 TRACE 55751 --- [    Test worker] o.h.type.descriptor.sql.BasicBinder      : binding parameter [19] as [VARCHAR] - [|1.2.246.562.24.00000000001|1.2.246.562.10.46923257671|1.2.246.562.10.27625532874|]
2020-06-10 18:11:53.134 TRACE 55751 --- [    Test worker] o.h.type.descriptor.sql.BasicBinder      : binding parameter [20] as [BOOLEAN] - [false]
2020-06-10 18:11:53.134 TRACE 55751 --- [    Test worker] o.h.type.descriptor.sql.BasicBinder      : binding parameter [21] as [TIMESTAMP] - [null]
2020-06-10 18:11:53.134 TRACE 55751 --- [    Test worker] o.h.type.descriptor.sql.BasicBinder      : binding parameter [22] as [VARCHAR] - [oppilaitoskoodi02]
2020-06-10 18:11:53.134 TRACE 55751 --- [    Test worker] o.h.type.descriptor.sql.BasicBinder      : binding parameter [23] as [TIMESTAMP] - [null]
2020-06-10 18:11:53.134 TRACE 55751 --- [    Test worker] o.h.type.descriptor.sql.BasicBinder      : binding parameter [24] as [BIGINT] - [null]
2020-06-10 18:11:53.134 TRACE 55751 --- [    Test worker] o.h.type.descriptor.sql.BasicBinder      : binding parameter [25] as [VARCHAR] - [null]
2020-06-10 18:11:53.134 TRACE 55751 --- [    Test worker] o.h.type.descriptor.sql.BasicBinder      : binding parameter [26] as [VARCHAR] - [null]
2020-06-10 18:11:53.134 TRACE 55751 --- [    Test worker] o.h.type.descriptor.sql.BasicBinder      : binding parameter [27] as [VARCHAR] - [null]
2020-06-10 18:11:53.134 TRACE 55751 --- [    Test worker] o.h.type.descriptor.sql.BasicBinder      : binding parameter [28] as [VARCHAR] - [null]
2020-06-10 18:11:53.134 TRACE 55751 --- [    Test worker] o.h.type.descriptor.sql.BasicBinder      : binding parameter [29] as [DATE] - [null]
2020-06-10 18:11:53.134 TRACE 55751 --- [    Test worker] o.h.type.descriptor.sql.BasicBinder      : binding parameter [30] as [VARCHAR] - [null]
Hibernate: 
    insert 
    into
        organisaatio_nimi
        (id, version, alkupvm, nimi_mkt, organisaatio_id, paivittaja) 
    values
        (null, ?, ?, ?, ?, ?)
2020-06-10 18:11:53.134 TRACE 55751 --- [    Test worker] o.h.type.descriptor.sql.BasicBinder      : binding parameter [1] as [BIGINT] - [0]
2020-06-10 18:11:53.134 TRACE 55751 --- [    Test worker] o.h.type.descriptor.sql.BasicBinder      : binding parameter [2] as [DATE] - [Wed Jun 10 18:11:52 EEST 2020]
2020-06-10 18:11:53.134 TRACE 55751 --- [    Test worker] o.h.type.descriptor.sql.BasicBinder      : binding parameter [3] as [BIGINT] - [1067]
2020-06-10 18:11:53.134 TRACE 55751 --- [    Test worker] o.h.type.descriptor.sql.BasicBinder      : binding parameter [4] as [BIGINT] - [41]
2020-06-10 18:11:53.134 TRACE 55751 --- [    Test worker] o.h.type.descriptor.sql.BasicBinder      : binding parameter [5] as [VARCHAR] - [null]
Hibernate: 
    insert 
    into
        yhteystieto
        (id, version, kieli, organisaatio_id, yhteystieto_oid, coordinatetype, extrarivi, lat, lng, maa, osavaltio, osoite, osoite_tyyppi, postinumero, postitoimipaikka, ytjpaivityspvm, dtype) 
    values
        (null, ?, ?, ?, ?, ?, ?, ?, ?, ?, ?, ?, ?, ?, ?, ?, 'Osoite')
2020-06-10 18:11:53.135 TRACE 55751 --- [    Test worker] o.h.type.descriptor.sql.BasicBinder      : binding parameter [1] as [BIGINT] - [0]
2020-06-10 18:11:53.135 TRACE 55751 --- [    Test worker] o.h.type.descriptor.sql.BasicBinder      : binding parameter [2] as [VARCHAR] - [kieli_fi#1]
2020-06-10 18:11:53.135 TRACE 55751 --- [    Test worker] o.h.type.descriptor.sql.BasicBinder      : binding parameter [3] as [BIGINT] - [41]
2020-06-10 18:11:53.135 TRACE 55751 --- [    Test worker] o.h.type.descriptor.sql.BasicBinder      : binding parameter [4] as [VARCHAR] - [1.2.246.562.5.20729264704]
2020-06-10 18:11:53.135 TRACE 55751 --- [    Test worker] o.h.type.descriptor.sql.BasicBinder      : binding parameter [5] as [VARCHAR] - [null]
2020-06-10 18:11:53.135 TRACE 55751 --- [    Test worker] o.h.type.descriptor.sql.BasicBinder      : binding parameter [6] as [VARCHAR] - [null]
2020-06-10 18:11:53.135 TRACE 55751 --- [    Test worker] o.h.type.descriptor.sql.BasicBinder      : binding parameter [7] as [DOUBLE] - [null]
2020-06-10 18:11:53.135 TRACE 55751 --- [    Test worker] o.h.type.descriptor.sql.BasicBinder      : binding parameter [8] as [DOUBLE] - [null]
2020-06-10 18:11:53.135 TRACE 55751 --- [    Test worker] o.h.type.descriptor.sql.BasicBinder      : binding parameter [9] as [VARCHAR] - [null]
2020-06-10 18:11:53.135 TRACE 55751 --- [    Test worker] o.h.type.descriptor.sql.BasicBinder      : binding parameter [10] as [VARCHAR] - [null]
2020-06-10 18:11:53.135 TRACE 55751 --- [    Test worker] o.h.type.descriptor.sql.BasicBinder      : binding parameter [11] as [VARCHAR] - [Kayntiosoite 2B]
2020-06-10 18:11:53.135 TRACE 55751 --- [    Test worker] o.h.type.descriptor.sql.BasicBinder      : binding parameter [12] as [VARCHAR] - [kaynti]
2020-06-10 18:11:53.135 TRACE 55751 --- [    Test worker] o.h.type.descriptor.sql.BasicBinder      : binding parameter [13] as [VARCHAR] - [posti_00550]
2020-06-10 18:11:53.135 TRACE 55751 --- [    Test worker] o.h.type.descriptor.sql.BasicBinder      : binding parameter [14] as [VARCHAR] - [Helsinki]
2020-06-10 18:11:53.135 TRACE 55751 --- [    Test worker] o.h.type.descriptor.sql.BasicBinder      : binding parameter [15] as [DATE] - [null]
Hibernate: 
    insert 
    into
        yhteystieto
        (id, version, kieli, organisaatio_id, yhteystieto_oid, coordinatetype, extrarivi, lat, lng, maa, osavaltio, osoite, osoite_tyyppi, postinumero, postitoimipaikka, ytjpaivityspvm, dtype) 
    values
        (null, ?, ?, ?, ?, ?, ?, ?, ?, ?, ?, ?, ?, ?, ?, ?, 'Osoite')
2020-06-10 18:11:53.136 TRACE 55751 --- [    Test worker] o.h.type.descriptor.sql.BasicBinder      : binding parameter [1] as [BIGINT] - [0]
2020-06-10 18:11:53.136 TRACE 55751 --- [    Test worker] o.h.type.descriptor.sql.BasicBinder      : binding parameter [2] as [VARCHAR] - [kieli_fi#1]
2020-06-10 18:11:53.136 TRACE 55751 --- [    Test worker] o.h.type.descriptor.sql.BasicBinder      : binding parameter [3] as [BIGINT] - [41]
2020-06-10 18:11:53.136 TRACE 55751 --- [    Test worker] o.h.type.descriptor.sql.BasicBinder      : binding parameter [4] as [VARCHAR] - [1.2.246.562.5.20782258796]
2020-06-10 18:11:53.136 TRACE 55751 --- [    Test worker] o.h.type.descriptor.sql.BasicBinder      : binding parameter [5] as [VARCHAR] - [null]
2020-06-10 18:11:53.136 TRACE 55751 --- [    Test worker] o.h.type.descriptor.sql.BasicBinder      : binding parameter [6] as [VARCHAR] - [null]
2020-06-10 18:11:53.136 TRACE 55751 --- [    Test worker] o.h.type.descriptor.sql.BasicBinder      : binding parameter [7] as [DOUBLE] - [null]
2020-06-10 18:11:53.136 TRACE 55751 --- [    Test worker] o.h.type.descriptor.sql.BasicBinder      : binding parameter [8] as [DOUBLE] - [null]
2020-06-10 18:11:53.136 TRACE 55751 --- [    Test worker] o.h.type.descriptor.sql.BasicBinder      : binding parameter [9] as [VARCHAR] - [null]
2020-06-10 18:11:53.136 TRACE 55751 --- [    Test worker] o.h.type.descriptor.sql.BasicBinder      : binding parameter [10] as [VARCHAR] - [null]
2020-06-10 18:11:53.136 TRACE 55751 --- [    Test worker] o.h.type.descriptor.sql.BasicBinder      : binding parameter [11] as [VARCHAR] - [Postiosoite 1A]
2020-06-10 18:11:53.136 TRACE 55751 --- [    Test worker] o.h.type.descriptor.sql.BasicBinder      : binding parameter [12] as [VARCHAR] - [posti]
2020-06-10 18:11:53.136 TRACE 55751 --- [    Test worker] o.h.type.descriptor.sql.BasicBinder      : binding parameter [13] as [VARCHAR] - [00550]
2020-06-10 18:11:53.136 TRACE 55751 --- [    Test worker] o.h.type.descriptor.sql.BasicBinder      : binding parameter [14] as [VARCHAR] - [Helsinki]
2020-06-10 18:11:53.136 TRACE 55751 --- [    Test worker] o.h.type.descriptor.sql.BasicBinder      : binding parameter [15] as [DATE] - [null]
Hibernate: 
    insert 
    into
        yhteystieto
        (id, version, kieli, organisaatio_id, yhteystieto_oid, email, dtype) 
    values
        (null, ?, ?, ?, ?, ?, 'Email')
2020-06-10 18:11:53.136 TRACE 55751 --- [    Test worker] o.h.type.descriptor.sql.BasicBinder      : binding parameter [1] as [BIGINT] - [0]
2020-06-10 18:11:53.136 TRACE 55751 --- [    Test worker] o.h.type.descriptor.sql.BasicBinder      : binding parameter [2] as [VARCHAR] - [kieli_fi#1]
2020-06-10 18:11:53.137 TRACE 55751 --- [    Test worker] o.h.type.descriptor.sql.BasicBinder      : binding parameter [3] as [BIGINT] - [41]
2020-06-10 18:11:53.137 TRACE 55751 --- [    Test worker] o.h.type.descriptor.sql.BasicBinder      : binding parameter [4] as [VARCHAR] - [15918019127720.6902415619542931]
2020-06-10 18:11:53.137 TRACE 55751 --- [    Test worker] o.h.type.descriptor.sql.BasicBinder      : binding parameter [5] as [VARCHAR] - [asd@asd.asd]
Hibernate: 
    insert 
    into
        yhteystieto
        (id, version, kieli, organisaatio_id, yhteystieto_oid, www_osoite, dtype) 
    values
        (null, ?, ?, ?, ?, ?, 'Www')
2020-06-10 18:11:53.137 TRACE 55751 --- [    Test worker] o.h.type.descriptor.sql.BasicBinder      : binding parameter [1] as [BIGINT] - [0]
2020-06-10 18:11:53.137 TRACE 55751 --- [    Test worker] o.h.type.descriptor.sql.BasicBinder      : binding parameter [2] as [VARCHAR] - [kieli_fi#1]
2020-06-10 18:11:53.137 TRACE 55751 --- [    Test worker] o.h.type.descriptor.sql.BasicBinder      : binding parameter [3] as [BIGINT] - [41]
2020-06-10 18:11:53.137 TRACE 55751 --- [    Test worker] o.h.type.descriptor.sql.BasicBinder      : binding parameter [4] as [VARCHAR] - [15918019127720.7423970151744783]
2020-06-10 18:11:53.137 TRACE 55751 --- [    Test worker] o.h.type.descriptor.sql.BasicBinder      : binding parameter [5] as [VARCHAR] - [http://test.oph.fi]
Hibernate: 
    insert 
    into
        yhteystieto
        (id, version, kieli, organisaatio_id, yhteystieto_oid, puhelinnumero, tyyppi, dtype) 
    values
        (null, ?, ?, ?, ?, ?, ?, 'Puhelinnumero')
2020-06-10 18:11:53.138 TRACE 55751 --- [    Test worker] o.h.type.descriptor.sql.BasicBinder      : binding parameter [1] as [BIGINT] - [0]
2020-06-10 18:11:53.138 TRACE 55751 --- [    Test worker] o.h.type.descriptor.sql.BasicBinder      : binding parameter [2] as [VARCHAR] - [kieli_fi#1]
2020-06-10 18:11:53.138 TRACE 55751 --- [    Test worker] o.h.type.descriptor.sql.BasicBinder      : binding parameter [3] as [BIGINT] - [41]
2020-06-10 18:11:53.138 TRACE 55751 --- [    Test worker] o.h.type.descriptor.sql.BasicBinder      : binding parameter [4] as [VARCHAR] - [1.2.246.562.5.72469086456]
2020-06-10 18:11:53.138 TRACE 55751 --- [    Test worker] o.h.type.descriptor.sql.BasicBinder      : binding parameter [5] as [VARCHAR] - [123]
2020-06-10 18:11:53.138 TRACE 55751 --- [    Test worker] o.h.type.descriptor.sql.BasicBinder      : binding parameter [6] as [VARCHAR] - [puhelin]
2020-06-10 18:11:53.138  INFO 55751 --- [    Test worker] .s.o.r.i.OrganisaatioSuhdeRepositoryImpl : findParentTo(41, Wed Jun 10 18:11:53 EEST 2020)
Hibernate: 
    update
        organisaatio 
    set
        version=?,
        alkupvm=?,
        domainnimi=?,
        kotipaikka=?,
        kuvaus_mkt=?,
        lakkautuspvm=?,
        maa=?,
        metadata_id=?,
        nimi_mkt=?,
        nimihaku=?,
        oid=?,
        opetuspisteenjarjnro=?,
        oppilaitoskoodi=?,
        oppilaitos_tyyppi=?,
        organisaatio_poistettu=?,
        paivittaja=?,
        paivityspvm=?,
        parentidpath=?,
        parentoidpath=?,
        piilotettu=?,
        tarkastus_pvm=?,
        toimipistekoodi=?,
        tuontipvm=?,
        varhaiskasvatuksen_toimipaikka_tiedot_id=?,
        virastotunnus=?,
        yhteishaunkoulukoodi=?,
        yritysmuoto=?,
        ytj_kieli=?,
        ytjpaivityspvm=?,
        ytunnus=? 
    where
        id=? 
        and version=?
2020-06-10 18:11:53.139 TRACE 55751 --- [    Test worker] o.h.type.descriptor.sql.BasicBinder      : binding parameter [1] as [BIGINT] - [1]
2020-06-10 18:11:53.139 TRACE 55751 --- [    Test worker] o.h.type.descriptor.sql.BasicBinder      : binding parameter [2] as [DATE] - [Fri Dec 31 00:00:00 EET 1999]
2020-06-10 18:11:53.139 TRACE 55751 --- [    Test worker] o.h.type.descriptor.sql.BasicBinder      : binding parameter [3] as [VARCHAR] - [null]
2020-06-10 18:11:53.139 TRACE 55751 --- [    Test worker] o.h.type.descriptor.sql.BasicBinder      : binding parameter [4] as [VARCHAR] - [kunta_092]
2020-06-10 18:11:53.139 TRACE 55751 --- [    Test worker] o.h.type.descriptor.sql.BasicBinder      : binding parameter [5] as [BIGINT] - [1066]
2020-06-10 18:11:53.139 TRACE 55751 --- [    Test worker] o.h.type.descriptor.sql.BasicBinder      : binding parameter [6] as [DATE] - [null]
2020-06-10 18:11:53.139 TRACE 55751 --- [    Test worker] o.h.type.descriptor.sql.BasicBinder      : binding parameter [7] as [VARCHAR] - [maatjavaltiot1_fin]
2020-06-10 18:11:53.139 TRACE 55751 --- [    Test worker] o.h.type.descriptor.sql.BasicBinder      : binding parameter [8] as [BIGINT] - [null]
2020-06-10 18:11:53.139 TRACE 55751 --- [    Test worker] o.h.type.descriptor.sql.BasicBinder      : binding parameter [9] as [BIGINT] - [1067]
2020-06-10 18:11:53.140 TRACE 55751 --- [    Test worker] o.h.type.descriptor.sql.BasicBinder      : binding parameter [10] as [VARCHAR] - [,oppilaitos2, toimipiste2]
2020-06-10 18:11:53.140 TRACE 55751 --- [    Test worker] o.h.type.descriptor.sql.BasicBinder      : binding parameter [11] as [VARCHAR] - [1.2.246.562.10.52617184674]
2020-06-10 18:11:53.140 TRACE 55751 --- [    Test worker] o.h.type.descriptor.sql.BasicBinder      : binding parameter [12] as [VARCHAR] - [02]
2020-06-10 18:11:53.140 TRACE 55751 --- [    Test worker] o.h.type.descriptor.sql.BasicBinder      : binding parameter [13] as [VARCHAR] - [null]
2020-06-10 18:11:53.140 TRACE 55751 --- [    Test worker] o.h.type.descriptor.sql.BasicBinder      : binding parameter [14] as [VARCHAR] - [null]
2020-06-10 18:11:53.140 TRACE 55751 --- [    Test worker] o.h.type.descriptor.sql.BasicBinder      : binding parameter [15] as [BOOLEAN] - [false]
2020-06-10 18:11:53.140 TRACE 55751 --- [    Test worker] o.h.type.descriptor.sql.BasicBinder      : binding parameter [16] as [VARCHAR] - [ophadmin]
2020-06-10 18:11:53.140 TRACE 55751 --- [    Test worker] o.h.type.descriptor.sql.BasicBinder      : binding parameter [17] as [TIMESTAMP] - [Wed Jun 10 18:11:53 EEST 2020]
2020-06-10 18:11:53.140 TRACE 55751 --- [    Test worker] o.h.type.descriptor.sql.BasicBinder      : binding parameter [18] as [VARCHAR] - [|1|38|39|]
2020-06-10 18:11:53.140 TRACE 55751 --- [    Test worker] o.h.type.descriptor.sql.BasicBinder      : binding parameter [19] as [VARCHAR] - [|1.2.246.562.24.00000000001|1.2.246.562.10.46923257671|1.2.246.562.10.27625532874|]
2020-06-10 18:11:53.140 TRACE 55751 --- [    Test worker] o.h.type.descriptor.sql.BasicBinder      : binding parameter [20] as [BOOLEAN] - [false]
2020-06-10 18:11:53.140 TRACE 55751 --- [    Test worker] o.h.type.descriptor.sql.BasicBinder      : binding parameter [21] as [TIMESTAMP] - [null]
2020-06-10 18:11:53.140 TRACE 55751 --- [    Test worker] o.h.type.descriptor.sql.BasicBinder      : binding parameter [22] as [VARCHAR] - [oppilaitoskoodi02]
2020-06-10 18:11:53.140 TRACE 55751 --- [    Test worker] o.h.type.descriptor.sql.BasicBinder      : binding parameter [23] as [TIMESTAMP] - [null]
2020-06-10 18:11:53.140 TRACE 55751 --- [    Test worker] o.h.type.descriptor.sql.BasicBinder      : binding parameter [24] as [BIGINT] - [null]
2020-06-10 18:11:53.140 TRACE 55751 --- [    Test worker] o.h.type.descriptor.sql.BasicBinder      : binding parameter [25] as [VARCHAR] - [null]
2020-06-10 18:11:53.140 TRACE 55751 --- [    Test worker] o.h.type.descriptor.sql.BasicBinder      : binding parameter [26] as [VARCHAR] - [null]
2020-06-10 18:11:53.140 TRACE 55751 --- [    Test worker] o.h.type.descriptor.sql.BasicBinder      : binding parameter [27] as [VARCHAR] - [null]
2020-06-10 18:11:53.140 TRACE 55751 --- [    Test worker] o.h.type.descriptor.sql.BasicBinder      : binding parameter [28] as [VARCHAR] - [null]
2020-06-10 18:11:53.140 TRACE 55751 --- [    Test worker] o.h.type.descriptor.sql.BasicBinder      : binding parameter [29] as [DATE] - [null]
2020-06-10 18:11:53.140 TRACE 55751 --- [    Test worker] o.h.type.descriptor.sql.BasicBinder      : binding parameter [30] as [VARCHAR] - [null]
2020-06-10 18:11:53.140 TRACE 55751 --- [    Test worker] o.h.type.descriptor.sql.BasicBinder      : binding parameter [31] as [BIGINT] - [41]
2020-06-10 18:11:53.140 TRACE 55751 --- [    Test worker] o.h.type.descriptor.sql.BasicBinder      : binding parameter [32] as [BIGINT] - [0]
Hibernate: 
    insert 
    into
        organisaatio_kielet
        (organisaatio_id, kielet) 
    values
        (?, ?)
2020-06-10 18:11:53.140 TRACE 55751 --- [    Test worker] o.h.type.descriptor.sql.BasicBinder      : binding parameter [1] as [BIGINT] - [41]
2020-06-10 18:11:53.140 TRACE 55751 --- [    Test worker] o.h.type.descriptor.sql.BasicBinder      : binding parameter [2] as [VARCHAR] - [oppilaitoksenopetuskieli_1#1]
Hibernate: 
    insert 
    into
        organisaatio_tyypit
        (organisaatio_id, tyypit) 
    values
        (?, ?)
2020-06-10 18:11:53.141 TRACE 55751 --- [    Test worker] o.h.type.descriptor.sql.BasicBinder      : binding parameter [1] as [BIGINT] - [41]
2020-06-10 18:11:53.141 TRACE 55751 --- [    Test worker] o.h.type.descriptor.sql.BasicBinder      : binding parameter [2] as [VARCHAR] - [organisaatiotyyppi_03]
Hibernate: 
    insert 
    into
        monikielinen_teksti_values
        (id, key, value) 
    values
        (?, ?, ?)
2020-06-10 18:11:53.141 TRACE 55751 --- [    Test worker] o.h.type.descriptor.sql.BasicBinder      : binding parameter [1] as [BIGINT] - [1067]
2020-06-10 18:11:53.141 TRACE 55751 --- [    Test worker] o.h.type.descriptor.sql.BasicBinder      : binding parameter [2] as [VARCHAR] - [fi]
2020-06-10 18:11:53.141 TRACE 55751 --- [    Test worker] o.h.type.descriptor.sql.BasicBinder      : binding parameter [3] as [VARCHAR] - [oppilaitos2, toimipiste2]
Hibernate: 
    select
        organisaat0_.id as id1_19_0_,
        organisaat1_.id as id1_5_1_,
        organisaat0_.version as version2_19_0_,
        organisaat0_.alkupvm as alkupvm3_19_0_,
        organisaat0_.child_id as child_id7_19_0_,
        organisaat0_.loppupvm as loppupvm4_19_0_,
        organisaat0_.opetuspisteenjarjnro as opetuspi5_19_0_,
        organisaat0_.parent_id as parent_i8_19_0_,
        organisaat0_.suhdetyyppi as suhdetyy6_19_0_,
        organisaat1_.version as version2_5_1_,
        organisaat1_.alkupvm as alkupvm3_5_1_,
        organisaat1_.domainnimi as domainni4_5_1_,
        organisaat1_.kotipaikka as kotipaik5_5_1_,
        organisaat1_.kuvaus_mkt as kuvaus_28_5_1_,
        organisaat1_.lakkautuspvm as lakkautu6_5_1_,
        organisaat1_.maa as maa7_5_1_,
        organisaat1_.metadata_id as metadat29_5_1_,
        organisaat1_.nimi_mkt as nimi_mk30_5_1_,
        organisaat1_.nimihaku as nimihaku8_5_1_,
        organisaat1_.oid as oid9_5_1_,
        organisaat1_.opetuspisteenjarjnro as opetusp10_5_1_,
        organisaat1_.oppilaitoskoodi as oppilai11_5_1_,
        organisaat1_.oppilaitos_tyyppi as oppilai12_5_1_,
        organisaat1_.organisaatio_poistettu as organis13_5_1_,
        organisaat1_.paivittaja as paivitt14_5_1_,
        organisaat1_.paivityspvm as paivity15_5_1_,
        organisaat1_.parentidpath as parenti16_5_1_,
        organisaat1_.parentoidpath as parento17_5_1_,
        organisaat1_.piilotettu as piilote18_5_1_,
        organisaat1_.tarkastus_pvm as tarkast19_5_1_,
        organisaat1_.toimipistekoodi as toimipi20_5_1_,
        organisaat1_.tuontipvm as tuontip21_5_1_,
        organisaat1_.varhaiskasvatuksen_toimipaikka_tiedot_id as varhais31_5_1_,
        organisaat1_.virastotunnus as virasto22_5_1_,
        organisaat1_.yhteishaunkoulukoodi as yhteish23_5_1_,
        organisaat1_.yritysmuoto as yritysm24_5_1_,
        organisaat1_.ytj_kieli as ytj_kie25_5_1_,
        organisaat1_.ytjpaivityspvm as ytjpaiv26_5_1_,
        organisaat1_.ytunnus as ytunnus27_5_1_ 
    from
        organisaatiosuhde organisaat0_ 
    inner join
        organisaatio organisaat1_ 
            on organisaat0_.parent_id=organisaat1_.id 
    where
        organisaat0_.child_id=? 
        and organisaat0_.suhdetyyppi=? 
        and (
            organisaat0_.alkupvm=? 
            or organisaat0_.alkupvm<?
        ) 
        and (
            organisaat0_.loppupvm is null 
            or organisaat0_.loppupvm>?
        ) 
        and organisaat1_.organisaatio_poistettu=? 
    order by
        organisaat0_.alkupvm desc
2020-06-10 18:11:53.141 TRACE 55751 --- [    Test worker] o.h.type.descriptor.sql.BasicBinder      : binding parameter [1] as [BIGINT] - [41]
2020-06-10 18:11:53.141 TRACE 55751 --- [    Test worker] o.h.type.descriptor.sql.BasicBinder      : binding parameter [2] as [VARCHAR] - [HISTORIA]
2020-06-10 18:11:53.141 TRACE 55751 --- [    Test worker] o.h.type.descriptor.sql.BasicBinder      : binding parameter [3] as [DATE] - [Wed Jun 10 18:11:53 EEST 2020]
2020-06-10 18:11:53.141 TRACE 55751 --- [    Test worker] o.h.type.descriptor.sql.BasicBinder      : binding parameter [4] as [DATE] - [Wed Jun 10 18:11:53 EEST 2020]
2020-06-10 18:11:53.141 TRACE 55751 --- [    Test worker] o.h.type.descriptor.sql.BasicBinder      : binding parameter [5] as [DATE] - [Wed Jun 10 18:11:53 EEST 2020]
2020-06-10 18:11:53.141 TRACE 55751 --- [    Test worker] o.h.type.descriptor.sql.BasicBinder      : binding parameter [6] as [BOOLEAN] - [false]
2020-06-10 18:11:53.142  INFO 55751 --- [    Test worker] .s.o.r.i.OrganisaatioSuhdeRepositoryImpl : addChild(39, 41, Wed Jun 10 18:11:53 EEST 2020)
Hibernate: 
    insert 
    into
        organisaatiosuhde
        (id, version, alkupvm, child_id, loppupvm, opetuspisteenjarjnro, parent_id, suhdetyyppi) 
    values
        (null, ?, ?, ?, ?, ?, ?, ?)
2020-06-10 18:11:53.142 TRACE 55751 --- [    Test worker] o.h.type.descriptor.sql.BasicBinder      : binding parameter [1] as [BIGINT] - [0]
2020-06-10 18:11:53.142 TRACE 55751 --- [    Test worker] o.h.type.descriptor.sql.BasicBinder      : binding parameter [2] as [DATE] - [Wed Jun 10 18:11:53 EEST 2020]
2020-06-10 18:11:53.142 TRACE 55751 --- [    Test worker] o.h.type.descriptor.sql.BasicBinder      : binding parameter [3] as [BIGINT] - [41]
2020-06-10 18:11:53.142 TRACE 55751 --- [    Test worker] o.h.type.descriptor.sql.BasicBinder      : binding parameter [4] as [DATE] - [null]
2020-06-10 18:11:53.142 TRACE 55751 --- [    Test worker] o.h.type.descriptor.sql.BasicBinder      : binding parameter [5] as [VARCHAR] - [02]
2020-06-10 18:11:53.143 TRACE 55751 --- [    Test worker] o.h.type.descriptor.sql.BasicBinder      : binding parameter [6] as [BIGINT] - [39]
2020-06-10 18:11:53.143 TRACE 55751 --- [    Test worker] o.h.type.descriptor.sql.BasicBinder      : binding parameter [7] as [VARCHAR] - [HISTORIA]
2020-06-10 18:11:53.143  INFO 55751 --- [    Test worker] .s.o.r.i.OrganisaatioSuhdeRepositoryImpl :     Created new child relation:  --> pId=39, cId=41, aPvm=Wed Jun 10 18:11:53 EEST 2020, lPvm=null
Hibernate: 
    select
        organisaat0_.id as id1_19_,
        organisaat0_.version as version2_19_,
        organisaat0_.alkupvm as alkupvm3_19_,
        organisaat0_.child_id as child_id7_19_,
        organisaat0_.loppupvm as loppupvm4_19_,
        organisaat0_.opetuspisteenjarjnro as opetuspi5_19_,
        organisaat0_.parent_id as parent_i8_19_,
        organisaat0_.suhdetyyppi as suhdetyy6_19_ 
    from
        organisaatiosuhde organisaat0_ 
    where
        organisaat0_.child_id=?
2020-06-10 18:11:53.143 TRACE 55751 --- [    Test worker] o.h.type.descriptor.sql.BasicBinder      : binding parameter [1] as [BIGINT] - [41]
2020-06-10 18:11:53.144 TRACE 55751 --- [    Test worker] o.h.type.descriptor.sql.BasicExtractor   : extracted value ([id1_19_] : [BIGINT]) - [45]
Hibernate: 
    select
        organisaat0_.id as id1_5_,
        organisaat0_.version as version2_5_,
        organisaat0_.alkupvm as alkupvm3_5_,
        organisaat0_.domainnimi as domainni4_5_,
        organisaat0_.kotipaikka as kotipaik5_5_,
        organisaat0_.kuvaus_mkt as kuvaus_28_5_,
        organisaat0_.lakkautuspvm as lakkautu6_5_,
        organisaat0_.maa as maa7_5_,
        organisaat0_.metadata_id as metadat29_5_,
        organisaat0_.nimi_mkt as nimi_mk30_5_,
        organisaat0_.nimihaku as nimihaku8_5_,
        organisaat0_.oid as oid9_5_,
        organisaat0_.opetuspisteenjarjnro as opetusp10_5_,
        organisaat0_.oppilaitoskoodi as oppilai11_5_,
        organisaat0_.oppilaitos_tyyppi as oppilai12_5_,
        organisaat0_.organisaatio_poistettu as organis13_5_,
        organisaat0_.paivittaja as paivitt14_5_,
        organisaat0_.paivityspvm as paivity15_5_,
        organisaat0_.parentidpath as parenti16_5_,
        organisaat0_.parentoidpath as parento17_5_,
        organisaat0_.piilotettu as piilote18_5_,
        organisaat0_.tarkastus_pvm as tarkast19_5_,
        organisaat0_.toimipistekoodi as toimipi20_5_,
        organisaat0_.tuontipvm as tuontip21_5_,
        organisaat0_.varhaiskasvatuksen_toimipaikka_tiedot_id as varhais31_5_,
        organisaat0_.virastotunnus as virasto22_5_,
        organisaat0_.yhteishaunkoulukoodi as yhteish23_5_,
        organisaat0_.yritysmuoto as yritysm24_5_,
        organisaat0_.ytj_kieli as ytj_kie25_5_,
        organisaat0_.ytjpaivityspvm as ytjpaiv26_5_,
        organisaat0_.ytunnus as ytunnus27_5_ 
    from
        organisaatio organisaat0_ 
    where
        organisaat0_.oid=?
2020-06-10 18:11:53.145 TRACE 55751 --- [    Test worker] o.h.type.descriptor.sql.BasicBinder      : binding parameter [1] as [VARCHAR] - [1.2.246.562.10.52617184674]
2020-06-10 18:11:53.145 TRACE 55751 --- [    Test worker] o.h.type.descriptor.sql.BasicExtractor   : extracted value ([id1_5_] : [BIGINT]) - [41]
Hibernate: 
    update
        organisaatio 
    set
        version=?,
        alkupvm=?,
        domainnimi=?,
        kotipaikka=?,
        kuvaus_mkt=?,
        lakkautuspvm=?,
        maa=?,
        metadata_id=?,
        nimi_mkt=?,
        nimihaku=?,
        oid=?,
        opetuspisteenjarjnro=?,
        oppilaitoskoodi=?,
        oppilaitos_tyyppi=?,
        organisaatio_poistettu=?,
        paivittaja=?,
        paivityspvm=?,
        parentidpath=?,
        parentoidpath=?,
        piilotettu=?,
        tarkastus_pvm=?,
        toimipistekoodi=?,
        tuontipvm=?,
        varhaiskasvatuksen_toimipaikka_tiedot_id=?,
        virastotunnus=?,
        yhteishaunkoulukoodi=?,
        yritysmuoto=?,
        ytj_kieli=?,
        ytjpaivityspvm=?,
        ytunnus=? 
    where
        id=? 
        and version=?
2020-06-10 18:11:53.147 TRACE 55751 --- [    Test worker] o.h.type.descriptor.sql.BasicBinder      : binding parameter [1] as [BIGINT] - [2]
2020-06-10 18:11:53.147 TRACE 55751 --- [    Test worker] o.h.type.descriptor.sql.BasicBinder      : binding parameter [2] as [DATE] - [Fri Dec 31 00:00:00 EET 1999]
2020-06-10 18:11:53.147 TRACE 55751 --- [    Test worker] o.h.type.descriptor.sql.BasicBinder      : binding parameter [3] as [VARCHAR] - [null]
2020-06-10 18:11:53.147 TRACE 55751 --- [    Test worker] o.h.type.descriptor.sql.BasicBinder      : binding parameter [4] as [VARCHAR] - [kunta_092]
2020-06-10 18:11:53.147 TRACE 55751 --- [    Test worker] o.h.type.descriptor.sql.BasicBinder      : binding parameter [5] as [BIGINT] - [1066]
2020-06-10 18:11:53.147 TRACE 55751 --- [    Test worker] o.h.type.descriptor.sql.BasicBinder      : binding parameter [6] as [DATE] - [null]
2020-06-10 18:11:53.147 TRACE 55751 --- [    Test worker] o.h.type.descriptor.sql.BasicBinder      : binding parameter [7] as [VARCHAR] - [maatjavaltiot1_fin]
2020-06-10 18:11:53.147 TRACE 55751 --- [    Test worker] o.h.type.descriptor.sql.BasicBinder      : binding parameter [8] as [BIGINT] - [null]
2020-06-10 18:11:53.147 TRACE 55751 --- [    Test worker] o.h.type.descriptor.sql.BasicBinder      : binding parameter [9] as [BIGINT] - [1067]
2020-06-10 18:11:53.147 TRACE 55751 --- [    Test worker] o.h.type.descriptor.sql.BasicBinder      : binding parameter [10] as [VARCHAR] - [,oppilaitos2, toimipiste2]
2020-06-10 18:11:53.147 TRACE 55751 --- [    Test worker] o.h.type.descriptor.sql.BasicBinder      : binding parameter [11] as [VARCHAR] - [1.2.246.562.10.52617184674]
2020-06-10 18:11:53.147 TRACE 55751 --- [    Test worker] o.h.type.descriptor.sql.BasicBinder      : binding parameter [12] as [VARCHAR] - [null]
2020-06-10 18:11:53.147 TRACE 55751 --- [    Test worker] o.h.type.descriptor.sql.BasicBinder      : binding parameter [13] as [VARCHAR] - [null]
2020-06-10 18:11:53.147 TRACE 55751 --- [    Test worker] o.h.type.descriptor.sql.BasicBinder      : binding parameter [14] as [VARCHAR] - [null]
2020-06-10 18:11:53.147 TRACE 55751 --- [    Test worker] o.h.type.descriptor.sql.BasicBinder      : binding parameter [15] as [BOOLEAN] - [false]
2020-06-10 18:11:53.147 TRACE 55751 --- [    Test worker] o.h.type.descriptor.sql.BasicBinder      : binding parameter [16] as [VARCHAR] - [ophadmin]
2020-06-10 18:11:53.147 TRACE 55751 --- [    Test worker] o.h.type.descriptor.sql.BasicBinder      : binding parameter [17] as [TIMESTAMP] - [Wed Jun 10 18:11:53 EEST 2020]
2020-06-10 18:11:53.147 TRACE 55751 --- [    Test worker] o.h.type.descriptor.sql.BasicBinder      : binding parameter [18] as [VARCHAR] - [|1|38|39|]
2020-06-10 18:11:53.147 TRACE 55751 --- [    Test worker] o.h.type.descriptor.sql.BasicBinder      : binding parameter [19] as [VARCHAR] - [|1.2.246.562.24.00000000001|1.2.246.562.10.46923257671|1.2.246.562.10.27625532874|]
2020-06-10 18:11:53.147 TRACE 55751 --- [    Test worker] o.h.type.descriptor.sql.BasicBinder      : binding parameter [20] as [BOOLEAN] - [false]
2020-06-10 18:11:53.148 TRACE 55751 --- [    Test worker] o.h.type.descriptor.sql.BasicBinder      : binding parameter [21] as [TIMESTAMP] - [null]
2020-06-10 18:11:53.148 TRACE 55751 --- [    Test worker] o.h.type.descriptor.sql.BasicBinder      : binding parameter [22] as [VARCHAR] - [null]
2020-06-10 18:11:53.148 TRACE 55751 --- [    Test worker] o.h.type.descriptor.sql.BasicBinder      : binding parameter [23] as [TIMESTAMP] - [null]
2020-06-10 18:11:53.148 TRACE 55751 --- [    Test worker] o.h.type.descriptor.sql.BasicBinder      : binding parameter [24] as [BIGINT] - [null]
2020-06-10 18:11:53.148 TRACE 55751 --- [    Test worker] o.h.type.descriptor.sql.BasicBinder      : binding parameter [25] as [VARCHAR] - [null]
2020-06-10 18:11:53.148 TRACE 55751 --- [    Test worker] o.h.type.descriptor.sql.BasicBinder      : binding parameter [26] as [VARCHAR] - [null]
2020-06-10 18:11:53.148 TRACE 55751 --- [    Test worker] o.h.type.descriptor.sql.BasicBinder      : binding parameter [27] as [VARCHAR] - [null]
2020-06-10 18:11:53.148 TRACE 55751 --- [    Test worker] o.h.type.descriptor.sql.BasicBinder      : binding parameter [28] as [VARCHAR] - [null]
2020-06-10 18:11:53.148 TRACE 55751 --- [    Test worker] o.h.type.descriptor.sql.BasicBinder      : binding parameter [29] as [DATE] - [null]
2020-06-10 18:11:53.148 TRACE 55751 --- [    Test worker] o.h.type.descriptor.sql.BasicBinder      : binding parameter [30] as [VARCHAR] - [null]
2020-06-10 18:11:53.148 TRACE 55751 --- [    Test worker] o.h.type.descriptor.sql.BasicBinder      : binding parameter [31] as [BIGINT] - [41]
2020-06-10 18:11:53.148 TRACE 55751 --- [    Test worker] o.h.type.descriptor.sql.BasicBinder      : binding parameter [32] as [BIGINT] - [1]
Hibernate: 
    select
        organisaat0_.id as id1_5_,
        organisaat0_.version as version2_5_,
        organisaat0_.alkupvm as alkupvm3_5_,
        organisaat0_.domainnimi as domainni4_5_,
        organisaat0_.kotipaikka as kotipaik5_5_,
        organisaat0_.kuvaus_mkt as kuvaus_28_5_,
        organisaat0_.lakkautuspvm as lakkautu6_5_,
        organisaat0_.maa as maa7_5_,
        organisaat0_.metadata_id as metadat29_5_,
        organisaat0_.nimi_mkt as nimi_mk30_5_,
        organisaat0_.nimihaku as nimihaku8_5_,
        organisaat0_.oid as oid9_5_,
        organisaat0_.opetuspisteenjarjnro as opetusp10_5_,
        organisaat0_.oppilaitoskoodi as oppilai11_5_,
        organisaat0_.oppilaitos_tyyppi as oppilai12_5_,
        organisaat0_.organisaatio_poistettu as organis13_5_,
        organisaat0_.paivittaja as paivitt14_5_,
        organisaat0_.paivityspvm as paivity15_5_,
        organisaat0_.parentidpath as parenti16_5_,
        organisaat0_.parentoidpath as parento17_5_,
        organisaat0_.piilotettu as piilote18_5_,
        organisaat0_.tarkastus_pvm as tarkast19_5_,
        organisaat0_.toimipistekoodi as toimipi20_5_,
        organisaat0_.tuontipvm as tuontip21_5_,
        organisaat0_.varhaiskasvatuksen_toimipaikka_tiedot_id as varhais31_5_,
        organisaat0_.virastotunnus as virasto22_5_,
        organisaat0_.yhteishaunkoulukoodi as yhteish23_5_,
        organisaat0_.yritysmuoto as yritysm24_5_,
        organisaat0_.ytj_kieli as ytj_kie25_5_,
        organisaat0_.ytjpaivityspvm as ytjpaiv26_5_,
        organisaat0_.ytunnus as ytunnus27_5_ 
    from
        organisaatio organisaat0_ 
    where
        organisaat0_.oid=?
2020-06-10 18:11:53.148 TRACE 55751 --- [    Test worker] o.h.type.descriptor.sql.BasicBinder      : binding parameter [1] as [VARCHAR] - [1.2.246.562.10.27625532874]
2020-06-10 18:11:53.148 TRACE 55751 --- [    Test worker] o.h.type.descriptor.sql.BasicExtractor   : extracted value ([id1_5_] : [BIGINT]) - [39]
2020-06-10 18:11:53.396  WARN 55751 --- [    Test worker] fi.vm.sade.javautils.http.OphHttpClient  : Failed to CAS authenticate. Renewing proxy ticket.
Hibernate: 
    select
        organisaat0_.id as id1_5_,
        organisaat0_.version as version2_5_,
        organisaat0_.alkupvm as alkupvm3_5_,
        organisaat0_.domainnimi as domainni4_5_,
        organisaat0_.kotipaikka as kotipaik5_5_,
        organisaat0_.kuvaus_mkt as kuvaus_28_5_,
        organisaat0_.lakkautuspvm as lakkautu6_5_,
        organisaat0_.maa as maa7_5_,
        organisaat0_.metadata_id as metadat29_5_,
        organisaat0_.nimi_mkt as nimi_mk30_5_,
        organisaat0_.nimihaku as nimihaku8_5_,
        organisaat0_.oid as oid9_5_,
        organisaat0_.opetuspisteenjarjnro as opetusp10_5_,
        organisaat0_.oppilaitoskoodi as oppilai11_5_,
        organisaat0_.oppilaitos_tyyppi as oppilai12_5_,
        organisaat0_.organisaatio_poistettu as organis13_5_,
        organisaat0_.paivittaja as paivitt14_5_,
        organisaat0_.paivityspvm as paivity15_5_,
        organisaat0_.parentidpath as parenti16_5_,
        organisaat0_.parentoidpath as parento17_5_,
        organisaat0_.piilotettu as piilote18_5_,
        organisaat0_.tarkastus_pvm as tarkast19_5_,
        organisaat0_.toimipistekoodi as toimipi20_5_,
        organisaat0_.tuontipvm as tuontip21_5_,
        organisaat0_.varhaiskasvatuksen_toimipaikka_tiedot_id as varhais31_5_,
        organisaat0_.virastotunnus as virasto22_5_,
        organisaat0_.yhteishaunkoulukoodi as yhteish23_5_,
        organisaat0_.yritysmuoto as yritysm24_5_,
        organisaat0_.ytj_kieli as ytj_kie25_5_,
        organisaat0_.ytjpaivityspvm as ytjpaiv26_5_,
        organisaat0_.ytunnus as ytunnus27_5_ 
    from
        organisaatio organisaat0_ 
    where
        organisaat0_.oid=?
2020-06-10 18:11:53.513 TRACE 55751 --- [    Test worker] o.h.type.descriptor.sql.BasicBinder      : binding parameter [1] as [VARCHAR] - [1.2.246.562.10.52617184674]
2020-06-10 18:11:53.513 TRACE 55751 --- [    Test worker] o.h.type.descriptor.sql.BasicExtractor   : extracted value ([id1_5_] : [BIGINT]) - [41]
Hibernate: 
    select
        organisaat0_.id as id1_5_,
        organisaat0_.version as version2_5_,
        organisaat0_.alkupvm as alkupvm3_5_,
        organisaat0_.domainnimi as domainni4_5_,
        organisaat0_.kotipaikka as kotipaik5_5_,
        organisaat0_.kuvaus_mkt as kuvaus_28_5_,
        organisaat0_.lakkautuspvm as lakkautu6_5_,
        organisaat0_.maa as maa7_5_,
        organisaat0_.metadata_id as metadat29_5_,
        organisaat0_.nimi_mkt as nimi_mk30_5_,
        organisaat0_.nimihaku as nimihaku8_5_,
        organisaat0_.oid as oid9_5_,
        organisaat0_.opetuspisteenjarjnro as opetusp10_5_,
        organisaat0_.oppilaitoskoodi as oppilai11_5_,
        organisaat0_.oppilaitos_tyyppi as oppilai12_5_,
        organisaat0_.organisaatio_poistettu as organis13_5_,
        organisaat0_.paivittaja as paivitt14_5_,
        organisaat0_.paivityspvm as paivity15_5_,
        organisaat0_.parentidpath as parenti16_5_,
        organisaat0_.parentoidpath as parento17_5_,
        organisaat0_.piilotettu as piilote18_5_,
        organisaat0_.tarkastus_pvm as tarkast19_5_,
        organisaat0_.toimipistekoodi as toimipi20_5_,
        organisaat0_.tuontipvm as tuontip21_5_,
        organisaat0_.varhaiskasvatuksen_toimipaikka_tiedot_id as varhais31_5_,
        organisaat0_.virastotunnus as virasto22_5_,
        organisaat0_.yhteishaunkoulukoodi as yhteish23_5_,
        organisaat0_.yritysmuoto as yritysm24_5_,
        organisaat0_.ytj_kieli as ytj_kie25_5_,
        organisaat0_.ytjpaivityspvm as ytjpaiv26_5_,
        organisaat0_.ytunnus as ytunnus27_5_ 
    from
        organisaatio organisaat0_ 
    where
        organisaat0_.oid=?
2020-06-10 18:11:53.515 TRACE 55751 --- [    Test worker] o.h.type.descriptor.sql.BasicBinder      : binding parameter [1] as [VARCHAR] - [1.2.246.562.10.27625532874]
2020-06-10 18:11:53.515 TRACE 55751 --- [    Test worker] o.h.type.descriptor.sql.BasicExtractor   : extracted value ([id1_5_] : [BIGINT]) - [39]
2020-06-10 18:11:53.515  WARN 55751 --- [    Test worker] f.v.s.o.b.i.OrganisaatioBusinessChecker  : Invalid organisation name format: For toimipiste, name must be prefixed with parent name (lang:fi, name:oppilaitos2, toimipiste2, parentname:oppilaitos1)
Hibernate: 
    select
        organisaat0_.id as id1_5_,
        organisaat0_.version as version2_5_,
        organisaat0_.alkupvm as alkupvm3_5_,
        organisaat0_.domainnimi as domainni4_5_,
        organisaat0_.kotipaikka as kotipaik5_5_,
        organisaat0_.kuvaus_mkt as kuvaus_28_5_,
        organisaat0_.lakkautuspvm as lakkautu6_5_,
        organisaat0_.maa as maa7_5_,
        organisaat0_.metadata_id as metadat29_5_,
        organisaat0_.nimi_mkt as nimi_mk30_5_,
        organisaat0_.nimihaku as nimihaku8_5_,
        organisaat0_.oid as oid9_5_,
        organisaat0_.opetuspisteenjarjnro as opetusp10_5_,
        organisaat0_.oppilaitoskoodi as oppilai11_5_,
        organisaat0_.oppilaitos_tyyppi as oppilai12_5_,
        organisaat0_.organisaatio_poistettu as organis13_5_,
        organisaat0_.paivittaja as paivitt14_5_,
        organisaat0_.paivityspvm as paivity15_5_,
        organisaat0_.parentidpath as parenti16_5_,
        organisaat0_.parentoidpath as parento17_5_,
        organisaat0_.piilotettu as piilote18_5_,
        organisaat0_.tarkastus_pvm as tarkast19_5_,
        organisaat0_.toimipistekoodi as toimipi20_5_,
        organisaat0_.tuontipvm as tuontip21_5_,
        organisaat0_.varhaiskasvatuksen_toimipaikka_tiedot_id as varhais31_5_,
        organisaat0_.virastotunnus as virasto22_5_,
        organisaat0_.yhteishaunkoulukoodi as yhteish23_5_,
        organisaat0_.yritysmuoto as yritysm24_5_,
        organisaat0_.ytj_kieli as ytj_kie25_5_,
        organisaat0_.ytjpaivityspvm as ytjpaiv26_5_,
        organisaat0_.ytunnus as ytunnus27_5_ 
    from
        organisaatio organisaat0_ 
    where
        organisaat0_.toimipistekoodi=?
2020-06-10 18:11:53.516 TRACE 55751 --- [    Test worker] o.h.type.descriptor.sql.BasicBinder      : binding parameter [1] as [VARCHAR] - [oppilaitoskoodi01]
2020-06-10 18:11:53.517 TRACE 55751 --- [    Test worker] o.h.type.descriptor.sql.BasicExtractor   : extracted value ([id1_5_] : [BIGINT]) - [40]
Hibernate: 
    select
        organisaat0_.id as id1_5_,
        organisaat0_.version as version2_5_,
        organisaat0_.alkupvm as alkupvm3_5_,
        organisaat0_.domainnimi as domainni4_5_,
        organisaat0_.kotipaikka as kotipaik5_5_,
        organisaat0_.kuvaus_mkt as kuvaus_28_5_,
        organisaat0_.lakkautuspvm as lakkautu6_5_,
        organisaat0_.maa as maa7_5_,
        organisaat0_.metadata_id as metadat29_5_,
        organisaat0_.nimi_mkt as nimi_mk30_5_,
        organisaat0_.nimihaku as nimihaku8_5_,
        organisaat0_.oid as oid9_5_,
        organisaat0_.opetuspisteenjarjnro as opetusp10_5_,
        organisaat0_.oppilaitoskoodi as oppilai11_5_,
        organisaat0_.oppilaitos_tyyppi as oppilai12_5_,
        organisaat0_.organisaatio_poistettu as organis13_5_,
        organisaat0_.paivittaja as paivitt14_5_,
        organisaat0_.paivityspvm as paivity15_5_,
        organisaat0_.parentidpath as parenti16_5_,
        organisaat0_.parentoidpath as parento17_5_,
        organisaat0_.piilotettu as piilote18_5_,
        organisaat0_.tarkastus_pvm as tarkast19_5_,
        organisaat0_.toimipistekoodi as toimipi20_5_,
        organisaat0_.tuontipvm as tuontip21_5_,
        organisaat0_.varhaiskasvatuksen_toimipaikka_tiedot_id as varhais31_5_,
        organisaat0_.virastotunnus as virasto22_5_,
        organisaat0_.yhteishaunkoulukoodi as yhteish23_5_,
        organisaat0_.yritysmuoto as yritysm24_5_,
        organisaat0_.ytj_kieli as ytj_kie25_5_,
        organisaat0_.ytjpaivityspvm as ytjpaiv26_5_,
        organisaat0_.ytunnus as ytunnus27_5_ 
    from
        organisaatio organisaat0_ 
    where
        organisaat0_.toimipistekoodi=?
2020-06-10 18:11:53.518 TRACE 55751 --- [    Test worker] o.h.type.descriptor.sql.BasicBinder      : binding parameter [1] as [VARCHAR] - [oppilaitoskoodi02]
Hibernate: 
    select
        yhteystiet0_.id as id1_26_,
        yhteystiet0_.version as version2_26_,
        yhteystiet0_.arvo_text as arvo_tex3_26_,
        yhteystiet0_.arvo_yhteystieto_id as arvo_yht6_26_,
        yhteystiet0_.kentta_id as kentta_i7_26_,
        yhteystiet0_.kieli as kieli4_26_,
        yhteystiet0_.organisaatio_id as organisa8_26_,
        yhteystiet0_.yhteystieto_arvo_oid as yhteysti5_26_ 
    from
        yhteystieto_arvo yhteystiet0_ 
    where
        yhteystiet0_.organisaatio_id=?
2020-06-10 18:11:53.519 TRACE 55751 --- [    Test worker] o.h.type.descriptor.sql.BasicBinder      : binding parameter [1] as [BIGINT] - [41]
Hibernate: 
    insert 
    into
        monikielinen_teksti
        (id, version) 
    values
        (null, ?)
2020-06-10 18:11:53.519 TRACE 55751 --- [    Test worker] o.h.type.descriptor.sql.BasicBinder      : binding parameter [1] as [BIGINT] - [0]
Hibernate: 
    insert 
    into
        organisaatio_nimi
        (id, version, alkupvm, nimi_mkt, organisaatio_id, paivittaja) 
    values
        (null, ?, ?, ?, ?, ?)
2020-06-10 18:11:53.520 TRACE 55751 --- [    Test worker] o.h.type.descriptor.sql.BasicBinder      : binding parameter [1] as [BIGINT] - [0]
2020-06-10 18:11:53.520 TRACE 55751 --- [    Test worker] o.h.type.descriptor.sql.BasicBinder      : binding parameter [2] as [DATE] - [Wed Jun 10 18:11:52 EEST 2020]
2020-06-10 18:11:53.520 TRACE 55751 --- [    Test worker] o.h.type.descriptor.sql.BasicBinder      : binding parameter [3] as [BIGINT] - [1068]
2020-06-10 18:11:53.520 TRACE 55751 --- [    Test worker] o.h.type.descriptor.sql.BasicBinder      : binding parameter [4] as [BIGINT] - [41]
2020-06-10 18:11:53.520 TRACE 55751 --- [    Test worker] o.h.type.descriptor.sql.BasicBinder      : binding parameter [5] as [VARCHAR] - [null]
Hibernate: 
    insert 
    into
        yhteystieto
        (id, version, kieli, organisaatio_id, yhteystieto_oid, coordinatetype, extrarivi, lat, lng, maa, osavaltio, osoite, osoite_tyyppi, postinumero, postitoimipaikka, ytjpaivityspvm, dtype) 
    values
        (null, ?, ?, ?, ?, ?, ?, ?, ?, ?, ?, ?, ?, ?, ?, ?, 'Osoite')
2020-06-10 18:11:53.520 TRACE 55751 --- [    Test worker] o.h.type.descriptor.sql.BasicBinder      : binding parameter [1] as [BIGINT] - [0]
2020-06-10 18:11:53.520 TRACE 55751 --- [    Test worker] o.h.type.descriptor.sql.BasicBinder      : binding parameter [2] as [VARCHAR] - [kieli_fi#1]
2020-06-10 18:11:53.520 TRACE 55751 --- [    Test worker] o.h.type.descriptor.sql.BasicBinder      : binding parameter [3] as [BIGINT] - [41]
2020-06-10 18:11:53.520 TRACE 55751 --- [    Test worker] o.h.type.descriptor.sql.BasicBinder      : binding parameter [4] as [VARCHAR] - [1.2.246.562.5.89782196679]
2020-06-10 18:11:53.520 TRACE 55751 --- [    Test worker] o.h.type.descriptor.sql.BasicBinder      : binding parameter [5] as [VARCHAR] - [null]
2020-06-10 18:11:53.520 TRACE 55751 --- [    Test worker] o.h.type.descriptor.sql.BasicBinder      : binding parameter [6] as [VARCHAR] - [null]
2020-06-10 18:11:53.520 TRACE 55751 --- [    Test worker] o.h.type.descriptor.sql.BasicBinder      : binding parameter [7] as [DOUBLE] - [null]
2020-06-10 18:11:53.520 TRACE 55751 --- [    Test worker] o.h.type.descriptor.sql.BasicBinder      : binding parameter [8] as [DOUBLE] - [null]
2020-06-10 18:11:53.521 TRACE 55751 --- [    Test worker] o.h.type.descriptor.sql.BasicBinder      : binding parameter [9] as [VARCHAR] - [null]
2020-06-10 18:11:53.521 TRACE 55751 --- [    Test worker] o.h.type.descriptor.sql.BasicBinder      : binding parameter [10] as [VARCHAR] - [null]
2020-06-10 18:11:53.521 TRACE 55751 --- [    Test worker] o.h.type.descriptor.sql.BasicBinder      : binding parameter [11] as [VARCHAR] - [Kayntiosoite 2B]
2020-06-10 18:11:53.521 TRACE 55751 --- [    Test worker] o.h.type.descriptor.sql.BasicBinder      : binding parameter [12] as [VARCHAR] - [kaynti]
2020-06-10 18:11:53.521 TRACE 55751 --- [    Test worker] o.h.type.descriptor.sql.BasicBinder      : binding parameter [13] as [VARCHAR] - [posti_00550]
2020-06-10 18:11:53.521 TRACE 55751 --- [    Test worker] o.h.type.descriptor.sql.BasicBinder      : binding parameter [14] as [VARCHAR] - [Helsinki]
2020-06-10 18:11:53.521 TRACE 55751 --- [    Test worker] o.h.type.descriptor.sql.BasicBinder      : binding parameter [15] as [DATE] - [null]
Hibernate: 
    insert 
    into
        yhteystieto
        (id, version, kieli, organisaatio_id, yhteystieto_oid, puhelinnumero, tyyppi, dtype) 
    values
        (null, ?, ?, ?, ?, ?, ?, 'Puhelinnumero')
2020-06-10 18:11:53.521 TRACE 55751 --- [    Test worker] o.h.type.descriptor.sql.BasicBinder      : binding parameter [1] as [BIGINT] - [0]
2020-06-10 18:11:53.521 TRACE 55751 --- [    Test worker] o.h.type.descriptor.sql.BasicBinder      : binding parameter [2] as [VARCHAR] - [kieli_fi#1]
2020-06-10 18:11:53.521 TRACE 55751 --- [    Test worker] o.h.type.descriptor.sql.BasicBinder      : binding parameter [3] as [BIGINT] - [41]
2020-06-10 18:11:53.521 TRACE 55751 --- [    Test worker] o.h.type.descriptor.sql.BasicBinder      : binding parameter [4] as [VARCHAR] - [1.2.246.562.5.97061904121]
2020-06-10 18:11:53.521 TRACE 55751 --- [    Test worker] o.h.type.descriptor.sql.BasicBinder      : binding parameter [5] as [VARCHAR] - [123]
2020-06-10 18:11:53.521 TRACE 55751 --- [    Test worker] o.h.type.descriptor.sql.BasicBinder      : binding parameter [6] as [VARCHAR] - [puhelin]
Hibernate: 
    insert 
    into
        yhteystieto
        (id, version, kieli, organisaatio_id, yhteystieto_oid, email, dtype) 
    values
        (null, ?, ?, ?, ?, ?, 'Email')
2020-06-10 18:11:53.522 TRACE 55751 --- [    Test worker] o.h.type.descriptor.sql.BasicBinder      : binding parameter [1] as [BIGINT] - [0]
2020-06-10 18:11:53.522 TRACE 55751 --- [    Test worker] o.h.type.descriptor.sql.BasicBinder      : binding parameter [2] as [VARCHAR] - [kieli_fi#1]
2020-06-10 18:11:53.522 TRACE 55751 --- [    Test worker] o.h.type.descriptor.sql.BasicBinder      : binding parameter [3] as [BIGINT] - [41]
2020-06-10 18:11:53.522 TRACE 55751 --- [    Test worker] o.h.type.descriptor.sql.BasicBinder      : binding parameter [4] as [VARCHAR] - [15918019131460.8884056408372362]
2020-06-10 18:11:53.522 TRACE 55751 --- [    Test worker] o.h.type.descriptor.sql.BasicBinder      : binding parameter [5] as [VARCHAR] - [asd@asd.asd]
Hibernate: 
    insert 
    into
        yhteystieto
        (id, version, kieli, organisaatio_id, yhteystieto_oid, www_osoite, dtype) 
    values
        (null, ?, ?, ?, ?, ?, 'Www')
2020-06-10 18:11:53.522 TRACE 55751 --- [    Test worker] o.h.type.descriptor.sql.BasicBinder      : binding parameter [1] as [BIGINT] - [0]
2020-06-10 18:11:53.522 TRACE 55751 --- [    Test worker] o.h.type.descriptor.sql.BasicBinder      : binding parameter [2] as [VARCHAR] - [kieli_fi#1]
2020-06-10 18:11:53.522 TRACE 55751 --- [    Test worker] o.h.type.descriptor.sql.BasicBinder      : binding parameter [3] as [BIGINT] - [41]
2020-06-10 18:11:53.522 TRACE 55751 --- [    Test worker] o.h.type.descriptor.sql.BasicBinder      : binding parameter [4] as [VARCHAR] - [15918019131460.6451113110908989]
2020-06-10 18:11:53.522 TRACE 55751 --- [    Test worker] o.h.type.descriptor.sql.BasicBinder      : binding parameter [5] as [VARCHAR] - [http://test.oph.fi]
Hibernate: 
    insert 
    into
        yhteystieto
        (id, version, kieli, organisaatio_id, yhteystieto_oid, coordinatetype, extrarivi, lat, lng, maa, osavaltio, osoite, osoite_tyyppi, postinumero, postitoimipaikka, ytjpaivityspvm, dtype) 
    values
        (null, ?, ?, ?, ?, ?, ?, ?, ?, ?, ?, ?, ?, ?, ?, ?, 'Osoite')
2020-06-10 18:11:53.523 TRACE 55751 --- [    Test worker] o.h.type.descriptor.sql.BasicBinder      : binding parameter [1] as [BIGINT] - [0]
2020-06-10 18:11:53.523 TRACE 55751 --- [    Test worker] o.h.type.descriptor.sql.BasicBinder      : binding parameter [2] as [VARCHAR] - [kieli_fi#1]
2020-06-10 18:11:53.523 TRACE 55751 --- [    Test worker] o.h.type.descriptor.sql.BasicBinder      : binding parameter [3] as [BIGINT] - [41]
2020-06-10 18:11:53.523 TRACE 55751 --- [    Test worker] o.h.type.descriptor.sql.BasicBinder      : binding parameter [4] as [VARCHAR] - [1.2.246.562.5.20028255795]
2020-06-10 18:11:53.523 TRACE 55751 --- [    Test worker] o.h.type.descriptor.sql.BasicBinder      : binding parameter [5] as [VARCHAR] - [null]
2020-06-10 18:11:53.523 TRACE 55751 --- [    Test worker] o.h.type.descriptor.sql.BasicBinder      : binding parameter [6] as [VARCHAR] - [null]
2020-06-10 18:11:53.523 TRACE 55751 --- [    Test worker] o.h.type.descriptor.sql.BasicBinder      : binding parameter [7] as [DOUBLE] - [null]
2020-06-10 18:11:53.523 TRACE 55751 --- [    Test worker] o.h.type.descriptor.sql.BasicBinder      : binding parameter [8] as [DOUBLE] - [null]
2020-06-10 18:11:53.523 TRACE 55751 --- [    Test worker] o.h.type.descriptor.sql.BasicBinder      : binding parameter [9] as [VARCHAR] - [null]
2020-06-10 18:11:53.523 TRACE 55751 --- [    Test worker] o.h.type.descriptor.sql.BasicBinder      : binding parameter [10] as [VARCHAR] - [null]
2020-06-10 18:11:53.523 TRACE 55751 --- [    Test worker] o.h.type.descriptor.sql.BasicBinder      : binding parameter [11] as [VARCHAR] - [Postiosoite 1A]
2020-06-10 18:11:53.523 TRACE 55751 --- [    Test worker] o.h.type.descriptor.sql.BasicBinder      : binding parameter [12] as [VARCHAR] - [posti]
2020-06-10 18:11:53.523 TRACE 55751 --- [    Test worker] o.h.type.descriptor.sql.BasicBinder      : binding parameter [13] as [VARCHAR] - [00550]
2020-06-10 18:11:53.523 TRACE 55751 --- [    Test worker] o.h.type.descriptor.sql.BasicBinder      : binding parameter [14] as [VARCHAR] - [Helsinki]
2020-06-10 18:11:53.523 TRACE 55751 --- [    Test worker] o.h.type.descriptor.sql.BasicBinder      : binding parameter [15] as [DATE] - [null]
2020-06-10 18:11:53.523  INFO 55751 --- [    Test worker] .s.o.r.i.OrganisaatioSuhdeRepositoryImpl : findParentTo(41, Wed Jun 10 18:11:53 EEST 2020)
Hibernate: 
    update
        organisaatio 
    set
        version=?,
        alkupvm=?,
        domainnimi=?,
        kotipaikka=?,
        kuvaus_mkt=?,
        lakkautuspvm=?,
        maa=?,
        metadata_id=?,
        nimi_mkt=?,
        nimihaku=?,
        oid=?,
        opetuspisteenjarjnro=?,
        oppilaitoskoodi=?,
        oppilaitos_tyyppi=?,
        organisaatio_poistettu=?,
        paivittaja=?,
        paivityspvm=?,
        parentidpath=?,
        parentoidpath=?,
        piilotettu=?,
        tarkastus_pvm=?,
        toimipistekoodi=?,
        tuontipvm=?,
        varhaiskasvatuksen_toimipaikka_tiedot_id=?,
        virastotunnus=?,
        yhteishaunkoulukoodi=?,
        yritysmuoto=?,
        ytj_kieli=?,
        ytjpaivityspvm=?,
        ytunnus=? 
    where
        id=? 
        and version=?
2020-06-10 18:11:53.525 TRACE 55751 --- [    Test worker] o.h.type.descriptor.sql.BasicBinder      : binding parameter [1] as [BIGINT] - [3]
2020-06-10 18:11:53.525 TRACE 55751 --- [    Test worker] o.h.type.descriptor.sql.BasicBinder      : binding parameter [2] as [DATE] - [Fri Dec 31 00:00:00 EET 1999]
2020-06-10 18:11:53.525 TRACE 55751 --- [    Test worker] o.h.type.descriptor.sql.BasicBinder      : binding parameter [3] as [VARCHAR] - [null]
2020-06-10 18:11:53.525 TRACE 55751 --- [    Test worker] o.h.type.descriptor.sql.BasicBinder      : binding parameter [4] as [VARCHAR] - [kunta_092]
2020-06-10 18:11:53.525 TRACE 55751 --- [    Test worker] o.h.type.descriptor.sql.BasicBinder      : binding parameter [5] as [BIGINT] - [1066]
2020-06-10 18:11:53.525 TRACE 55751 --- [    Test worker] o.h.type.descriptor.sql.BasicBinder      : binding parameter [6] as [DATE] - [null]
2020-06-10 18:11:53.525 TRACE 55751 --- [    Test worker] o.h.type.descriptor.sql.BasicBinder      : binding parameter [7] as [VARCHAR] - [maatjavaltiot1_fin]
2020-06-10 18:11:53.525 TRACE 55751 --- [    Test worker] o.h.type.descriptor.sql.BasicBinder      : binding parameter [8] as [BIGINT] - [null]
2020-06-10 18:11:53.525 TRACE 55751 --- [    Test worker] o.h.type.descriptor.sql.BasicBinder      : binding parameter [9] as [BIGINT] - [1068]
2020-06-10 18:11:53.525 TRACE 55751 --- [    Test worker] o.h.type.descriptor.sql.BasicBinder      : binding parameter [10] as [VARCHAR] - [,oppilaitos2, toimipiste2]
2020-06-10 18:11:53.525 TRACE 55751 --- [    Test worker] o.h.type.descriptor.sql.BasicBinder      : binding parameter [11] as [VARCHAR] - [1.2.246.562.10.52617184674]
2020-06-10 18:11:53.525 TRACE 55751 --- [    Test worker] o.h.type.descriptor.sql.BasicBinder      : binding parameter [12] as [VARCHAR] - [02]
2020-06-10 18:11:53.525 TRACE 55751 --- [    Test worker] o.h.type.descriptor.sql.BasicBinder      : binding parameter [13] as [VARCHAR] - [null]
2020-06-10 18:11:53.525 TRACE 55751 --- [    Test worker] o.h.type.descriptor.sql.BasicBinder      : binding parameter [14] as [VARCHAR] - [null]
2020-06-10 18:11:53.525 TRACE 55751 --- [    Test worker] o.h.type.descriptor.sql.BasicBinder      : binding parameter [15] as [BOOLEAN] - [false]
2020-06-10 18:11:53.525 TRACE 55751 --- [    Test worker] o.h.type.descriptor.sql.BasicBinder      : binding parameter [16] as [VARCHAR] - [ophadmin]
2020-06-10 18:11:53.525 TRACE 55751 --- [    Test worker] o.h.type.descriptor.sql.BasicBinder      : binding parameter [17] as [TIMESTAMP] - [Wed Jun 10 18:11:53 EEST 2020]
2020-06-10 18:11:53.525 TRACE 55751 --- [    Test worker] o.h.type.descriptor.sql.BasicBinder      : binding parameter [18] as [VARCHAR] - [|1|38|39|]
2020-06-10 18:11:53.525 TRACE 55751 --- [    Test worker] o.h.type.descriptor.sql.BasicBinder      : binding parameter [19] as [VARCHAR] - [|1.2.246.562.24.00000000001|1.2.246.562.10.46923257671|1.2.246.562.10.27625532874|]
2020-06-10 18:11:53.525 TRACE 55751 --- [    Test worker] o.h.type.descriptor.sql.BasicBinder      : binding parameter [20] as [BOOLEAN] - [false]
2020-06-10 18:11:53.525 TRACE 55751 --- [    Test worker] o.h.type.descriptor.sql.BasicBinder      : binding parameter [21] as [TIMESTAMP] - [null]
2020-06-10 18:11:53.525 TRACE 55751 --- [    Test worker] o.h.type.descriptor.sql.BasicBinder      : binding parameter [22] as [VARCHAR] - [oppilaitoskoodi02]
2020-06-10 18:11:53.525 TRACE 55751 --- [    Test worker] o.h.type.descriptor.sql.BasicBinder      : binding parameter [23] as [TIMESTAMP] - [null]
2020-06-10 18:11:53.525 TRACE 55751 --- [    Test worker] o.h.type.descriptor.sql.BasicBinder      : binding parameter [24] as [BIGINT] - [null]
2020-06-10 18:11:53.525 TRACE 55751 --- [    Test worker] o.h.type.descriptor.sql.BasicBinder      : binding parameter [25] as [VARCHAR] - [null]
2020-06-10 18:11:53.525 TRACE 55751 --- [    Test worker] o.h.type.descriptor.sql.BasicBinder      : binding parameter [26] as [VARCHAR] - [null]
2020-06-10 18:11:53.525 TRACE 55751 --- [    Test worker] o.h.type.descriptor.sql.BasicBinder      : binding parameter [27] as [VARCHAR] - [null]
2020-06-10 18:11:53.525 TRACE 55751 --- [    Test worker] o.h.type.descriptor.sql.BasicBinder      : binding parameter [28] as [VARCHAR] - [null]
2020-06-10 18:11:53.525 TRACE 55751 --- [    Test worker] o.h.type.descriptor.sql.BasicBinder      : binding parameter [29] as [DATE] - [null]
2020-06-10 18:11:53.525 TRACE 55751 --- [    Test worker] o.h.type.descriptor.sql.BasicBinder      : binding parameter [30] as [VARCHAR] - [null]
2020-06-10 18:11:53.525 TRACE 55751 --- [    Test worker] o.h.type.descriptor.sql.BasicBinder      : binding parameter [31] as [BIGINT] - [41]
2020-06-10 18:11:53.525 TRACE 55751 --- [    Test worker] o.h.type.descriptor.sql.BasicBinder      : binding parameter [32] as [BIGINT] - [2]
Hibernate: 
    insert 
    into
        monikielinen_teksti_values
        (id, key, value) 
    values
        (?, ?, ?)
2020-06-10 18:11:53.526 TRACE 55751 --- [    Test worker] o.h.type.descriptor.sql.BasicBinder      : binding parameter [1] as [BIGINT] - [1068]
2020-06-10 18:11:53.526 TRACE 55751 --- [    Test worker] o.h.type.descriptor.sql.BasicBinder      : binding parameter [2] as [VARCHAR] - [fi]
2020-06-10 18:11:53.526 TRACE 55751 --- [    Test worker] o.h.type.descriptor.sql.BasicBinder      : binding parameter [3] as [VARCHAR] - [oppilaitos2, toimipiste2]
Hibernate: 
    delete 
    from
        yhteystieto 
    where
        id=? 
        and version=?
2020-06-10 18:11:53.526 TRACE 55751 --- [    Test worker] o.h.type.descriptor.sql.BasicBinder      : binding parameter [1] as [BIGINT] - [1457]
2020-06-10 18:11:53.526 TRACE 55751 --- [    Test worker] o.h.type.descriptor.sql.BasicBinder      : binding parameter [2] as [BIGINT] - [0]
Hibernate: 
    delete 
    from
        yhteystieto 
    where
        id=? 
        and version=?
2020-06-10 18:11:53.526 TRACE 55751 --- [    Test worker] o.h.type.descriptor.sql.BasicBinder      : binding parameter [1] as [BIGINT] - [1458]
2020-06-10 18:11:53.526 TRACE 55751 --- [    Test worker] o.h.type.descriptor.sql.BasicBinder      : binding parameter [2] as [BIGINT] - [0]
Hibernate: 
    delete 
    from
        yhteystieto 
    where
        id=? 
        and version=?
2020-06-10 18:11:53.527 TRACE 55751 --- [    Test worker] o.h.type.descriptor.sql.BasicBinder      : binding parameter [1] as [BIGINT] - [1459]
2020-06-10 18:11:53.527 TRACE 55751 --- [    Test worker] o.h.type.descriptor.sql.BasicBinder      : binding parameter [2] as [BIGINT] - [0]
Hibernate: 
    delete 
    from
        yhteystieto 
    where
        id=? 
        and version=?
2020-06-10 18:11:53.527 TRACE 55751 --- [    Test worker] o.h.type.descriptor.sql.BasicBinder      : binding parameter [1] as [BIGINT] - [1460]
2020-06-10 18:11:53.527 TRACE 55751 --- [    Test worker] o.h.type.descriptor.sql.BasicBinder      : binding parameter [2] as [BIGINT] - [0]
Hibernate: 
    delete 
    from
        yhteystieto 
    where
        id=? 
        and version=?
2020-06-10 18:11:53.527 TRACE 55751 --- [    Test worker] o.h.type.descriptor.sql.BasicBinder      : binding parameter [1] as [BIGINT] - [1461]
2020-06-10 18:11:53.527 TRACE 55751 --- [    Test worker] o.h.type.descriptor.sql.BasicBinder      : binding parameter [2] as [BIGINT] - [0]
Hibernate: 
    select
        organisaat0_.id as id1_19_0_,
        organisaat1_.id as id1_5_1_,
        organisaat0_.version as version2_19_0_,
        organisaat0_.alkupvm as alkupvm3_19_0_,
        organisaat0_.child_id as child_id7_19_0_,
        organisaat0_.loppupvm as loppupvm4_19_0_,
        organisaat0_.opetuspisteenjarjnro as opetuspi5_19_0_,
        organisaat0_.parent_id as parent_i8_19_0_,
        organisaat0_.suhdetyyppi as suhdetyy6_19_0_,
        organisaat1_.version as version2_5_1_,
        organisaat1_.alkupvm as alkupvm3_5_1_,
        organisaat1_.domainnimi as domainni4_5_1_,
        organisaat1_.kotipaikka as kotipaik5_5_1_,
        organisaat1_.kuvaus_mkt as kuvaus_28_5_1_,
        organisaat1_.lakkautuspvm as lakkautu6_5_1_,
        organisaat1_.maa as maa7_5_1_,
        organisaat1_.metadata_id as metadat29_5_1_,
        organisaat1_.nimi_mkt as nimi_mk30_5_1_,
        organisaat1_.nimihaku as nimihaku8_5_1_,
        organisaat1_.oid as oid9_5_1_,
        organisaat1_.opetuspisteenjarjnro as opetusp10_5_1_,
        organisaat1_.oppilaitoskoodi as oppilai11_5_1_,
        organisaat1_.oppilaitos_tyyppi as oppilai12_5_1_,
        organisaat1_.organisaatio_poistettu as organis13_5_1_,
        organisaat1_.paivittaja as paivitt14_5_1_,
        organisaat1_.paivityspvm as paivity15_5_1_,
        organisaat1_.parentidpath as parenti16_5_1_,
        organisaat1_.parentoidpath as parento17_5_1_,
        organisaat1_.piilotettu as piilote18_5_1_,
        organisaat1_.tarkastus_pvm as tarkast19_5_1_,
        organisaat1_.toimipistekoodi as toimipi20_5_1_,
        organisaat1_.tuontipvm as tuontip21_5_1_,
        organisaat1_.varhaiskasvatuksen_toimipaikka_tiedot_id as varhais31_5_1_,
        organisaat1_.virastotunnus as virasto22_5_1_,
        organisaat1_.yhteishaunkoulukoodi as yhteish23_5_1_,
        organisaat1_.yritysmuoto as yritysm24_5_1_,
        organisaat1_.ytj_kieli as ytj_kie25_5_1_,
        organisaat1_.ytjpaivityspvm as ytjpaiv26_5_1_,
        organisaat1_.ytunnus as ytunnus27_5_1_ 
    from
        organisaatiosuhde organisaat0_ 
    inner join
        organisaatio organisaat1_ 
            on organisaat0_.parent_id=organisaat1_.id 
    where
        organisaat0_.child_id=? 
        and organisaat0_.suhdetyyppi=? 
        and (
            organisaat0_.alkupvm=? 
            or organisaat0_.alkupvm<?
        ) 
        and (
            organisaat0_.loppupvm is null 
            or organisaat0_.loppupvm>?
        ) 
        and organisaat1_.organisaatio_poistettu=? 
    order by
        organisaat0_.alkupvm desc
2020-06-10 18:11:53.528 TRACE 55751 --- [    Test worker] o.h.type.descriptor.sql.BasicBinder      : binding parameter [1] as [BIGINT] - [41]
2020-06-10 18:11:53.528 TRACE 55751 --- [    Test worker] o.h.type.descriptor.sql.BasicBinder      : binding parameter [2] as [VARCHAR] - [HISTORIA]
2020-06-10 18:11:53.528 TRACE 55751 --- [    Test worker] o.h.type.descriptor.sql.BasicBinder      : binding parameter [3] as [DATE] - [Wed Jun 10 18:11:53 EEST 2020]
2020-06-10 18:11:53.528 TRACE 55751 --- [    Test worker] o.h.type.descriptor.sql.BasicBinder      : binding parameter [4] as [DATE] - [Wed Jun 10 18:11:53 EEST 2020]
2020-06-10 18:11:53.528 TRACE 55751 --- [    Test worker] o.h.type.descriptor.sql.BasicBinder      : binding parameter [5] as [DATE] - [Wed Jun 10 18:11:53 EEST 2020]
2020-06-10 18:11:53.528 TRACE 55751 --- [    Test worker] o.h.type.descriptor.sql.BasicBinder      : binding parameter [6] as [BOOLEAN] - [false]
2020-06-10 18:11:53.528 TRACE 55751 --- [    Test worker] o.h.type.descriptor.sql.BasicExtractor   : extracted value ([id1_19_0_] : [BIGINT]) - [45]
2020-06-10 18:11:53.528 TRACE 55751 --- [    Test worker] o.h.type.descriptor.sql.BasicExtractor   : extracted value ([id1_5_1_] : [BIGINT]) - [39]
Hibernate: 
    select
        organisaat0_.id as id1_19_,
        organisaat0_.version as version2_19_,
        organisaat0_.alkupvm as alkupvm3_19_,
        organisaat0_.child_id as child_id7_19_,
        organisaat0_.loppupvm as loppupvm4_19_,
        organisaat0_.opetuspisteenjarjnro as opetuspi5_19_,
        organisaat0_.parent_id as parent_i8_19_,
        organisaat0_.suhdetyyppi as suhdetyy6_19_ 
    from
        organisaatiosuhde organisaat0_ 
    where
        organisaat0_.child_id=?
2020-06-10 18:11:53.529 TRACE 55751 --- [    Test worker] o.h.type.descriptor.sql.BasicBinder      : binding parameter [1] as [BIGINT] - [41]
2020-06-10 18:11:53.529 TRACE 55751 --- [    Test worker] o.h.type.descriptor.sql.BasicExtractor   : extracted value ([id1_19_] : [BIGINT]) - [45]
Hibernate: 
    select
        organisaat0_.id as id1_5_,
        organisaat0_.version as version2_5_,
        organisaat0_.alkupvm as alkupvm3_5_,
        organisaat0_.domainnimi as domainni4_5_,
        organisaat0_.kotipaikka as kotipaik5_5_,
        organisaat0_.kuvaus_mkt as kuvaus_28_5_,
        organisaat0_.lakkautuspvm as lakkautu6_5_,
        organisaat0_.maa as maa7_5_,
        organisaat0_.metadata_id as metadat29_5_,
        organisaat0_.nimi_mkt as nimi_mk30_5_,
        organisaat0_.nimihaku as nimihaku8_5_,
        organisaat0_.oid as oid9_5_,
        organisaat0_.opetuspisteenjarjnro as opetusp10_5_,
        organisaat0_.oppilaitoskoodi as oppilai11_5_,
        organisaat0_.oppilaitos_tyyppi as oppilai12_5_,
        organisaat0_.organisaatio_poistettu as organis13_5_,
        organisaat0_.paivittaja as paivitt14_5_,
        organisaat0_.paivityspvm as paivity15_5_,
        organisaat0_.parentidpath as parenti16_5_,
        organisaat0_.parentoidpath as parento17_5_,
        organisaat0_.piilotettu as piilote18_5_,
        organisaat0_.tarkastus_pvm as tarkast19_5_,
        organisaat0_.toimipistekoodi as toimipi20_5_,
        organisaat0_.tuontipvm as tuontip21_5_,
        organisaat0_.varhaiskasvatuksen_toimipaikka_tiedot_id as varhais31_5_,
        organisaat0_.virastotunnus as virasto22_5_,
        organisaat0_.yhteishaunkoulukoodi as yhteish23_5_,
        organisaat0_.yritysmuoto as yritysm24_5_,
        organisaat0_.ytj_kieli as ytj_kie25_5_,
        organisaat0_.ytjpaivityspvm as ytjpaiv26_5_,
        organisaat0_.ytunnus as ytunnus27_5_ 
    from
        organisaatio organisaat0_ 
    where
        organisaat0_.oid=?
2020-06-10 18:11:53.530 TRACE 55751 --- [    Test worker] o.h.type.descriptor.sql.BasicBinder      : binding parameter [1] as [VARCHAR] - [1.2.246.562.10.52617184674]
2020-06-10 18:11:53.530 TRACE 55751 --- [    Test worker] o.h.type.descriptor.sql.BasicExtractor   : extracted value ([id1_5_] : [BIGINT]) - [41]
2020-06-10 18:11:53.532  INFO 55751 --- [    Test worker] o.s.t.c.transaction.TransactionContext   : Rolled back transaction for test: [DefaultTestContext@633e0b9b testClass = OrganisaatioBusinessServiceImplTest, testInstance = fi.vm.sade.organisaatio.business.impl.OrganisaatioBusinessServiceImplTest@6a5dc5ab, testMethod = saveToimipisteShouldGenerateOpetuspisteenJarjNroAndToimipistekoodiWhenEmpty@OrganisaatioBusinessServiceImplTest, testException = [null], mergedContextConfiguration = [WebMergedContextConfiguration@142403d testClass = OrganisaatioBusinessServiceImplTest, locations = '{}', classes = '{class fi.vm.sade.organisaatio.OrganisaatioApplication, class fi.vm.sade.organisaatio.business.impl.OrganisaatioBusinessServiceImplTest$OrganisaatioBusinessServiceImplTestContextConfiguration}', contextInitializerClasses = '[]', activeProfiles = '{}', propertySourceLocations = '{}', propertySourceProperties = '{org.springframework.boot.test.context.SpringBootTestContextBootstrapper=true}', contextCustomizers = set[org.springframework.boot.test.autoconfigure.properties.PropertyMappingContextCustomizer@a273518a, org.springframework.boot.test.autoconfigure.web.servlet.WebDriverContextCustomizerFactory$Customizer@25a95d7a, [ImportsContextCustomizer@1758189f key = [org.springframework.boot.test.autoconfigure.jdbc.TestDatabaseAutoConfiguration, org.springframework.boot.autoconfigure.jdbc.DataSourceAutoConfiguration]], org.springframework.boot.test.context.filter.ExcludeFilterContextCustomizer@33d60c3d, org.springframework.boot.test.json.DuplicateJsonObjectContextCustomizerFactory$DuplicateJsonObjectContextCustomizer@6943770e, org.springframework.boot.test.mock.mockito.MockitoContextCustomizer@0, org.springframework.boot.test.web.client.TestRestTemplateContextCustomizer@536042e6, org.springframework.boot.test.context.SpringBootTestArgs@1], resourceBasePath = 'src/main/webapp', contextLoader = 'org.springframework.boot.test.context.SpringBootContextLoader', parent = [null]], attributes = map['org.springframework.test.context.web.ServletTestExecutionListener.activateListener' -> true, 'org.springframework.test.context.web.ServletTestExecutionListener.populatedRequestContextHolder' -> true, 'org.springframework.test.context.web.ServletTestExecutionListener.resetRequestContextHolder' -> true]]
]]></system-out>
  <system-err><![CDATA[]]></system-err>
</testsuite>
