<?xml version="1.0" encoding="UTF-8"?>
<testsuite name="fi.vm.sade.organisaatio.business.impl.OrganisaatioFindBusinessServiceImplTest" tests="8" skipped="0" failures="0" errors="0" timestamp="2020-06-10T15:12:01" hostname="Miikkas-MacBook-Pro.local" time="0.064">
  <properties/>
  <testcase name="haeMuutetutIncludesPiilotettuIfReadAccessToAll" classname="fi.vm.sade.organisaatio.business.impl.OrganisaatioFindBusinessServiceImplTest" time="0.007"/>
  <testcase name="findByCountChildren" classname="fi.vm.sade.organisaatio.business.impl.OrganisaatioFindBusinessServiceImplTest" time="0.009"/>
  <testcase name="findByIncludeParents" classname="fi.vm.sade.organisaatio.business.impl.OrganisaatioFindBusinessServiceImplTest" time="0.006"/>
  <testcase name="findBy" classname="fi.vm.sade.organisaatio.business.impl.OrganisaatioFindBusinessServiceImplTest" time="0.006"/>
  <testcase name="findByOidsV4ExcludesPiilotettu" classname="fi.vm.sade.organisaatio.business.impl.OrganisaatioFindBusinessServiceImplTest" time="0.006"/>
  <testcase name="findByIncludeChildren" classname="fi.vm.sade.organisaatio.business.impl.OrganisaatioFindBusinessServiceImplTest" time="0.011"/>
  <testcase name="findByOidsV4IncludesPiilotettuIfReadAccessToAll" classname="fi.vm.sade.organisaatio.business.impl.OrganisaatioFindBusinessServiceImplTest" time="0.006"/>
  <testcase name="haeMuutetutExcludesPiilotettu" classname="fi.vm.sade.organisaatio.business.impl.OrganisaatioFindBusinessServiceImplTest" time="0.005"/>
  <system-out><![CDATA[2020-06-10 18:12:01.703  INFO 55751 --- [    Test worker] o.s.t.c.transaction.TransactionContext   : Began transaction (1) for test context [DefaultTestContext@35deef63 testClass = OrganisaatioFindBusinessServiceImplTest, testInstance = fi.vm.sade.organisaatio.business.impl.OrganisaatioFindBusinessServiceImplTest@41b88563, testMethod = haeMuutetutIncludesPiilotettuIfReadAccessToAll@OrganisaatioFindBusinessServiceImplTest, testException = [null], mergedContextConfiguration = [WebMergedContextConfiguration@fd00172 testClass = OrganisaatioFindBusinessServiceImplTest, locations = '{}', classes = '{class fi.vm.sade.organisaatio.OrganisaatioApplication}', contextInitializerClasses = '[]', activeProfiles = '{}', propertySourceLocations = '{}', propertySourceProperties = '{org.springframework.boot.test.context.SpringBootTestContextBootstrapper=true}', contextCustomizers = set[org.springframework.boot.test.autoconfigure.properties.PropertyMappingContextCustomizer@a273518a, org.springframework.boot.test.autoconfigure.web.servlet.WebDriverContextCustomizerFactory$Customizer@25a95d7a, [ImportsContextCustomizer@272110a7 key = [org.springframework.boot.test.autoconfigure.jdbc.TestDatabaseAutoConfiguration, org.springframework.boot.autoconfigure.jdbc.DataSourceAutoConfiguration]], org.springframework.boot.test.context.filter.ExcludeFilterContextCustomizer@33d60c3d, org.springframework.boot.test.json.DuplicateJsonObjectContextCustomizerFactory$DuplicateJsonObjectContextCustomizer@6943770e, org.springframework.boot.test.mock.mockito.MockitoContextCustomizer@0, org.springframework.boot.test.web.client.TestRestTemplateContextCustomizer@536042e6, org.springframework.boot.test.context.SpringBootTestArgs@1], resourceBasePath = 'src/main/webapp', contextLoader = 'org.springframework.boot.test.context.SpringBootContextLoader', parent = [null]], attributes = map['org.springframework.test.context.web.ServletTestExecutionListener.activateListener' -> true, 'org.springframework.test.context.web.ServletTestExecutionListener.populatedRequestContextHolder' -> true, 'org.springframework.test.context.web.ServletTestExecutionListener.resetRequestContextHolder' -> true]]; transaction manager [org.springframework.orm.jpa.JpaTransactionManager@af9fb3]; rollback [true]
2020-06-10 18:12:01.709  INFO 55751 --- [    Test worker] o.s.t.c.transaction.TransactionContext   : Rolled back transaction for test: [DefaultTestContext@35deef63 testClass = OrganisaatioFindBusinessServiceImplTest, testInstance = fi.vm.sade.organisaatio.business.impl.OrganisaatioFindBusinessServiceImplTest@41b88563, testMethod = haeMuutetutIncludesPiilotettuIfReadAccessToAll@OrganisaatioFindBusinessServiceImplTest, testException = [null], mergedContextConfiguration = [WebMergedContextConfiguration@fd00172 testClass = OrganisaatioFindBusinessServiceImplTest, locations = '{}', classes = '{class fi.vm.sade.organisaatio.OrganisaatioApplication}', contextInitializerClasses = '[]', activeProfiles = '{}', propertySourceLocations = '{}', propertySourceProperties = '{org.springframework.boot.test.context.SpringBootTestContextBootstrapper=true}', contextCustomizers = set[org.springframework.boot.test.autoconfigure.properties.PropertyMappingContextCustomizer@a273518a, org.springframework.boot.test.autoconfigure.web.servlet.WebDriverContextCustomizerFactory$Customizer@25a95d7a, [ImportsContextCustomizer@272110a7 key = [org.springframework.boot.test.autoconfigure.jdbc.TestDatabaseAutoConfiguration, org.springframework.boot.autoconfigure.jdbc.DataSourceAutoConfiguration]], org.springframework.boot.test.context.filter.ExcludeFilterContextCustomizer@33d60c3d, org.springframework.boot.test.json.DuplicateJsonObjectContextCustomizerFactory$DuplicateJsonObjectContextCustomizer@6943770e, org.springframework.boot.test.mock.mockito.MockitoContextCustomizer@0, org.springframework.boot.test.web.client.TestRestTemplateContextCustomizer@536042e6, org.springframework.boot.test.context.SpringBootTestArgs@1], resourceBasePath = 'src/main/webapp', contextLoader = 'org.springframework.boot.test.context.SpringBootContextLoader', parent = [null]], attributes = map['org.springframework.test.context.web.ServletTestExecutionListener.activateListener' -> true, 'org.springframework.test.context.web.ServletTestExecutionListener.populatedRequestContextHolder' -> true, 'org.springframework.test.context.web.ServletTestExecutionListener.resetRequestContextHolder' -> true]]
2020-06-10 18:12:01.711  INFO 55751 --- [    Test worker] o.s.t.c.transaction.TransactionContext   : Began transaction (1) for test context [DefaultTestContext@35deef63 testClass = OrganisaatioFindBusinessServiceImplTest, testInstance = fi.vm.sade.organisaatio.business.impl.OrganisaatioFindBusinessServiceImplTest@55596842, testMethod = findByCountChildren@OrganisaatioFindBusinessServiceImplTest, testException = [null], mergedContextConfiguration = [WebMergedContextConfiguration@fd00172 testClass = OrganisaatioFindBusinessServiceImplTest, locations = '{}', classes = '{class fi.vm.sade.organisaatio.OrganisaatioApplication}', contextInitializerClasses = '[]', activeProfiles = '{}', propertySourceLocations = '{}', propertySourceProperties = '{org.springframework.boot.test.context.SpringBootTestContextBootstrapper=true}', contextCustomizers = set[org.springframework.boot.test.autoconfigure.properties.PropertyMappingContextCustomizer@a273518a, org.springframework.boot.test.autoconfigure.web.servlet.WebDriverContextCustomizerFactory$Customizer@25a95d7a, [ImportsContextCustomizer@272110a7 key = [org.springframework.boot.test.autoconfigure.jdbc.TestDatabaseAutoConfiguration, org.springframework.boot.autoconfigure.jdbc.DataSourceAutoConfiguration]], org.springframework.boot.test.context.filter.ExcludeFilterContextCustomizer@33d60c3d, org.springframework.boot.test.json.DuplicateJsonObjectContextCustomizerFactory$DuplicateJsonObjectContextCustomizer@6943770e, org.springframework.boot.test.mock.mockito.MockitoContextCustomizer@0, org.springframework.boot.test.web.client.TestRestTemplateContextCustomizer@536042e6, org.springframework.boot.test.context.SpringBootTestArgs@1], resourceBasePath = 'src/main/webapp', contextLoader = 'org.springframework.boot.test.context.SpringBootContextLoader', parent = [null]], attributes = map['org.springframework.test.context.web.ServletTestExecutionListener.activateListener' -> true, 'org.springframework.test.context.web.ServletTestExecutionListener.populatedRequestContextHolder' -> true, 'org.springframework.test.context.web.ServletTestExecutionListener.resetRequestContextHolder' -> true]]; transaction manager [org.springframework.orm.jpa.JpaTransactionManager@af9fb3]; rollback [true]
2020-06-10 18:12:01.719  INFO 55751 --- [    Test worker] o.s.t.c.transaction.TransactionContext   : Rolled back transaction for test: [DefaultTestContext@35deef63 testClass = OrganisaatioFindBusinessServiceImplTest, testInstance = fi.vm.sade.organisaatio.business.impl.OrganisaatioFindBusinessServiceImplTest@55596842, testMethod = findByCountChildren@OrganisaatioFindBusinessServiceImplTest, testException = [null], mergedContextConfiguration = [WebMergedContextConfiguration@fd00172 testClass = OrganisaatioFindBusinessServiceImplTest, locations = '{}', classes = '{class fi.vm.sade.organisaatio.OrganisaatioApplication}', contextInitializerClasses = '[]', activeProfiles = '{}', propertySourceLocations = '{}', propertySourceProperties = '{org.springframework.boot.test.context.SpringBootTestContextBootstrapper=true}', contextCustomizers = set[org.springframework.boot.test.autoconfigure.properties.PropertyMappingContextCustomizer@a273518a, org.springframework.boot.test.autoconfigure.web.servlet.WebDriverContextCustomizerFactory$Customizer@25a95d7a, [ImportsContextCustomizer@272110a7 key = [org.springframework.boot.test.autoconfigure.jdbc.TestDatabaseAutoConfiguration, org.springframework.boot.autoconfigure.jdbc.DataSourceAutoConfiguration]], org.springframework.boot.test.context.filter.ExcludeFilterContextCustomizer@33d60c3d, org.springframework.boot.test.json.DuplicateJsonObjectContextCustomizerFactory$DuplicateJsonObjectContextCustomizer@6943770e, org.springframework.boot.test.mock.mockito.MockitoContextCustomizer@0, org.springframework.boot.test.web.client.TestRestTemplateContextCustomizer@536042e6, org.springframework.boot.test.context.SpringBootTestArgs@1], resourceBasePath = 'src/main/webapp', contextLoader = 'org.springframework.boot.test.context.SpringBootContextLoader', parent = [null]], attributes = map['org.springframework.test.context.web.ServletTestExecutionListener.activateListener' -> true, 'org.springframework.test.context.web.ServletTestExecutionListener.populatedRequestContextHolder' -> true, 'org.springframework.test.context.web.ServletTestExecutionListener.resetRequestContextHolder' -> true]]
2020-06-10 18:12:01.721  INFO 55751 --- [    Test worker] o.s.t.c.transaction.TransactionContext   : Began transaction (1) for test context [DefaultTestContext@35deef63 testClass = OrganisaatioFindBusinessServiceImplTest, testInstance = fi.vm.sade.organisaatio.business.impl.OrganisaatioFindBusinessServiceImplTest@487072f7, testMethod = findByIncludeParents@OrganisaatioFindBusinessServiceImplTest, testException = [null], mergedContextConfiguration = [WebMergedContextConfiguration@fd00172 testClass = OrganisaatioFindBusinessServiceImplTest, locations = '{}', classes = '{class fi.vm.sade.organisaatio.OrganisaatioApplication}', contextInitializerClasses = '[]', activeProfiles = '{}', propertySourceLocations = '{}', propertySourceProperties = '{org.springframework.boot.test.context.SpringBootTestContextBootstrapper=true}', contextCustomizers = set[org.springframework.boot.test.autoconfigure.properties.PropertyMappingContextCustomizer@a273518a, org.springframework.boot.test.autoconfigure.web.servlet.WebDriverContextCustomizerFactory$Customizer@25a95d7a, [ImportsContextCustomizer@272110a7 key = [org.springframework.boot.test.autoconfigure.jdbc.TestDatabaseAutoConfiguration, org.springframework.boot.autoconfigure.jdbc.DataSourceAutoConfiguration]], org.springframework.boot.test.context.filter.ExcludeFilterContextCustomizer@33d60c3d, org.springframework.boot.test.json.DuplicateJsonObjectContextCustomizerFactory$DuplicateJsonObjectContextCustomizer@6943770e, org.springframework.boot.test.mock.mockito.MockitoContextCustomizer@0, org.springframework.boot.test.web.client.TestRestTemplateContextCustomizer@536042e6, org.springframework.boot.test.context.SpringBootTestArgs@1], resourceBasePath = 'src/main/webapp', contextLoader = 'org.springframework.boot.test.context.SpringBootContextLoader', parent = [null]], attributes = map['org.springframework.test.context.web.ServletTestExecutionListener.activateListener' -> true, 'org.springframework.test.context.web.ServletTestExecutionListener.populatedRequestContextHolder' -> true, 'org.springframework.test.context.web.ServletTestExecutionListener.resetRequestContextHolder' -> true]]; transaction manager [org.springframework.orm.jpa.JpaTransactionManager@af9fb3]; rollback [true]
2020-06-10 18:12:01.726  INFO 55751 --- [    Test worker] o.s.t.c.transaction.TransactionContext   : Rolled back transaction for test: [DefaultTestContext@35deef63 testClass = OrganisaatioFindBusinessServiceImplTest, testInstance = fi.vm.sade.organisaatio.business.impl.OrganisaatioFindBusinessServiceImplTest@487072f7, testMethod = findByIncludeParents@OrganisaatioFindBusinessServiceImplTest, testException = [null], mergedContextConfiguration = [WebMergedContextConfiguration@fd00172 testClass = OrganisaatioFindBusinessServiceImplTest, locations = '{}', classes = '{class fi.vm.sade.organisaatio.OrganisaatioApplication}', contextInitializerClasses = '[]', activeProfiles = '{}', propertySourceLocations = '{}', propertySourceProperties = '{org.springframework.boot.test.context.SpringBootTestContextBootstrapper=true}', contextCustomizers = set[org.springframework.boot.test.autoconfigure.properties.PropertyMappingContextCustomizer@a273518a, org.springframework.boot.test.autoconfigure.web.servlet.WebDriverContextCustomizerFactory$Customizer@25a95d7a, [ImportsContextCustomizer@272110a7 key = [org.springframework.boot.test.autoconfigure.jdbc.TestDatabaseAutoConfiguration, org.springframework.boot.autoconfigure.jdbc.DataSourceAutoConfiguration]], org.springframework.boot.test.context.filter.ExcludeFilterContextCustomizer@33d60c3d, org.springframework.boot.test.json.DuplicateJsonObjectContextCustomizerFactory$DuplicateJsonObjectContextCustomizer@6943770e, org.springframework.boot.test.mock.mockito.MockitoContextCustomizer@0, org.springframework.boot.test.web.client.TestRestTemplateContextCustomizer@536042e6, org.springframework.boot.test.context.SpringBootTestArgs@1], resourceBasePath = 'src/main/webapp', contextLoader = 'org.springframework.boot.test.context.SpringBootContextLoader', parent = [null]], attributes = map['org.springframework.test.context.web.ServletTestExecutionListener.activateListener' -> true, 'org.springframework.test.context.web.ServletTestExecutionListener.populatedRequestContextHolder' -> true, 'org.springframework.test.context.web.ServletTestExecutionListener.resetRequestContextHolder' -> true]]
2020-06-10 18:12:01.728  INFO 55751 --- [    Test worker] o.s.t.c.transaction.TransactionContext   : Began transaction (1) for test context [DefaultTestContext@35deef63 testClass = OrganisaatioFindBusinessServiceImplTest, testInstance = fi.vm.sade.organisaatio.business.impl.OrganisaatioFindBusinessServiceImplTest@c2d4ba9, testMethod = findBy@OrganisaatioFindBusinessServiceImplTest, testException = [null], mergedContextConfiguration = [WebMergedContextConfiguration@fd00172 testClass = OrganisaatioFindBusinessServiceImplTest, locations = '{}', classes = '{class fi.vm.sade.organisaatio.OrganisaatioApplication}', contextInitializerClasses = '[]', activeProfiles = '{}', propertySourceLocations = '{}', propertySourceProperties = '{org.springframework.boot.test.context.SpringBootTestContextBootstrapper=true}', contextCustomizers = set[org.springframework.boot.test.autoconfigure.properties.PropertyMappingContextCustomizer@a273518a, org.springframework.boot.test.autoconfigure.web.servlet.WebDriverContextCustomizerFactory$Customizer@25a95d7a, [ImportsContextCustomizer@272110a7 key = [org.springframework.boot.test.autoconfigure.jdbc.TestDatabaseAutoConfiguration, org.springframework.boot.autoconfigure.jdbc.DataSourceAutoConfiguration]], org.springframework.boot.test.context.filter.ExcludeFilterContextCustomizer@33d60c3d, org.springframework.boot.test.json.DuplicateJsonObjectContextCustomizerFactory$DuplicateJsonObjectContextCustomizer@6943770e, org.springframework.boot.test.mock.mockito.MockitoContextCustomizer@0, org.springframework.boot.test.web.client.TestRestTemplateContextCustomizer@536042e6, org.springframework.boot.test.context.SpringBootTestArgs@1], resourceBasePath = 'src/main/webapp', contextLoader = 'org.springframework.boot.test.context.SpringBootContextLoader', parent = [null]], attributes = map['org.springframework.test.context.web.ServletTestExecutionListener.activateListener' -> true, 'org.springframework.test.context.web.ServletTestExecutionListener.populatedRequestContextHolder' -> true, 'org.springframework.test.context.web.ServletTestExecutionListener.resetRequestContextHolder' -> true]]; transaction manager [org.springframework.orm.jpa.JpaTransactionManager@af9fb3]; rollback [true]
2020-06-10 18:12:01.734  INFO 55751 --- [    Test worker] o.s.t.c.transaction.TransactionContext   : Rolled back transaction for test: [DefaultTestContext@35deef63 testClass = OrganisaatioFindBusinessServiceImplTest, testInstance = fi.vm.sade.organisaatio.business.impl.OrganisaatioFindBusinessServiceImplTest@c2d4ba9, testMethod = findBy@OrganisaatioFindBusinessServiceImplTest, testException = [null], mergedContextConfiguration = [WebMergedContextConfiguration@fd00172 testClass = OrganisaatioFindBusinessServiceImplTest, locations = '{}', classes = '{class fi.vm.sade.organisaatio.OrganisaatioApplication}', contextInitializerClasses = '[]', activeProfiles = '{}', propertySourceLocations = '{}', propertySourceProperties = '{org.springframework.boot.test.context.SpringBootTestContextBootstrapper=true}', contextCustomizers = set[org.springframework.boot.test.autoconfigure.properties.PropertyMappingContextCustomizer@a273518a, org.springframework.boot.test.autoconfigure.web.servlet.WebDriverContextCustomizerFactory$Customizer@25a95d7a, [ImportsContextCustomizer@272110a7 key = [org.springframework.boot.test.autoconfigure.jdbc.TestDatabaseAutoConfiguration, org.springframework.boot.autoconfigure.jdbc.DataSourceAutoConfiguration]], org.springframework.boot.test.context.filter.ExcludeFilterContextCustomizer@33d60c3d, org.springframework.boot.test.json.DuplicateJsonObjectContextCustomizerFactory$DuplicateJsonObjectContextCustomizer@6943770e, org.springframework.boot.test.mock.mockito.MockitoContextCustomizer@0, org.springframework.boot.test.web.client.TestRestTemplateContextCustomizer@536042e6, org.springframework.boot.test.context.SpringBootTestArgs@1], resourceBasePath = 'src/main/webapp', contextLoader = 'org.springframework.boot.test.context.SpringBootContextLoader', parent = [null]], attributes = map['org.springframework.test.context.web.ServletTestExecutionListener.activateListener' -> true, 'org.springframework.test.context.web.ServletTestExecutionListener.populatedRequestContextHolder' -> true, 'org.springframework.test.context.web.ServletTestExecutionListener.resetRequestContextHolder' -> true]]
2020-06-10 18:12:01.736  INFO 55751 --- [    Test worker] o.s.t.c.transaction.TransactionContext   : Began transaction (1) for test context [DefaultTestContext@35deef63 testClass = OrganisaatioFindBusinessServiceImplTest, testInstance = fi.vm.sade.organisaatio.business.impl.OrganisaatioFindBusinessServiceImplTest@1ab21c43, testMethod = findByOidsV4ExcludesPiilotettu@OrganisaatioFindBusinessServiceImplTest, testException = [null], mergedContextConfiguration = [WebMergedContextConfiguration@fd00172 testClass = OrganisaatioFindBusinessServiceImplTest, locations = '{}', classes = '{class fi.vm.sade.organisaatio.OrganisaatioApplication}', contextInitializerClasses = '[]', activeProfiles = '{}', propertySourceLocations = '{}', propertySourceProperties = '{org.springframework.boot.test.context.SpringBootTestContextBootstrapper=true}', contextCustomizers = set[org.springframework.boot.test.autoconfigure.properties.PropertyMappingContextCustomizer@a273518a, org.springframework.boot.test.autoconfigure.web.servlet.WebDriverContextCustomizerFactory$Customizer@25a95d7a, [ImportsContextCustomizer@272110a7 key = [org.springframework.boot.test.autoconfigure.jdbc.TestDatabaseAutoConfiguration, org.springframework.boot.autoconfigure.jdbc.DataSourceAutoConfiguration]], org.springframework.boot.test.context.filter.ExcludeFilterContextCustomizer@33d60c3d, org.springframework.boot.test.json.DuplicateJsonObjectContextCustomizerFactory$DuplicateJsonObjectContextCustomizer@6943770e, org.springframework.boot.test.mock.mockito.MockitoContextCustomizer@0, org.springframework.boot.test.web.client.TestRestTemplateContextCustomizer@536042e6, org.springframework.boot.test.context.SpringBootTestArgs@1], resourceBasePath = 'src/main/webapp', contextLoader = 'org.springframework.boot.test.context.SpringBootContextLoader', parent = [null]], attributes = map['org.springframework.test.context.web.ServletTestExecutionListener.activateListener' -> true, 'org.springframework.test.context.web.ServletTestExecutionListener.populatedRequestContextHolder' -> true, 'org.springframework.test.context.web.ServletTestExecutionListener.resetRequestContextHolder' -> true]]; transaction manager [org.springframework.orm.jpa.JpaTransactionManager@af9fb3]; rollback [true]
2020-06-10 18:12:01.741  INFO 55751 --- [    Test worker] o.s.t.c.transaction.TransactionContext   : Rolled back transaction for test: [DefaultTestContext@35deef63 testClass = OrganisaatioFindBusinessServiceImplTest, testInstance = fi.vm.sade.organisaatio.business.impl.OrganisaatioFindBusinessServiceImplTest@1ab21c43, testMethod = findByOidsV4ExcludesPiilotettu@OrganisaatioFindBusinessServiceImplTest, testException = [null], mergedContextConfiguration = [WebMergedContextConfiguration@fd00172 testClass = OrganisaatioFindBusinessServiceImplTest, locations = '{}', classes = '{class fi.vm.sade.organisaatio.OrganisaatioApplication}', contextInitializerClasses = '[]', activeProfiles = '{}', propertySourceLocations = '{}', propertySourceProperties = '{org.springframework.boot.test.context.SpringBootTestContextBootstrapper=true}', contextCustomizers = set[org.springframework.boot.test.autoconfigure.properties.PropertyMappingContextCustomizer@a273518a, org.springframework.boot.test.autoconfigure.web.servlet.WebDriverContextCustomizerFactory$Customizer@25a95d7a, [ImportsContextCustomizer@272110a7 key = [org.springframework.boot.test.autoconfigure.jdbc.TestDatabaseAutoConfiguration, org.springframework.boot.autoconfigure.jdbc.DataSourceAutoConfiguration]], org.springframework.boot.test.context.filter.ExcludeFilterContextCustomizer@33d60c3d, org.springframework.boot.test.json.DuplicateJsonObjectContextCustomizerFactory$DuplicateJsonObjectContextCustomizer@6943770e, org.springframework.boot.test.mock.mockito.MockitoContextCustomizer@0, org.springframework.boot.test.web.client.TestRestTemplateContextCustomizer@536042e6, org.springframework.boot.test.context.SpringBootTestArgs@1], resourceBasePath = 'src/main/webapp', contextLoader = 'org.springframework.boot.test.context.SpringBootContextLoader', parent = [null]], attributes = map['org.springframework.test.context.web.ServletTestExecutionListener.activateListener' -> true, 'org.springframework.test.context.web.ServletTestExecutionListener.populatedRequestContextHolder' -> true, 'org.springframework.test.context.web.ServletTestExecutionListener.resetRequestContextHolder' -> true]]
2020-06-10 18:12:01.743  INFO 55751 --- [    Test worker] o.s.t.c.transaction.TransactionContext   : Began transaction (1) for test context [DefaultTestContext@35deef63 testClass = OrganisaatioFindBusinessServiceImplTest, testInstance = fi.vm.sade.organisaatio.business.impl.OrganisaatioFindBusinessServiceImplTest@a98f102, testMethod = findByIncludeChildren@OrganisaatioFindBusinessServiceImplTest, testException = [null], mergedContextConfiguration = [WebMergedContextConfiguration@fd00172 testClass = OrganisaatioFindBusinessServiceImplTest, locations = '{}', classes = '{class fi.vm.sade.organisaatio.OrganisaatioApplication}', contextInitializerClasses = '[]', activeProfiles = '{}', propertySourceLocations = '{}', propertySourceProperties = '{org.springframework.boot.test.context.SpringBootTestContextBootstrapper=true}', contextCustomizers = set[org.springframework.boot.test.autoconfigure.properties.PropertyMappingContextCustomizer@a273518a, org.springframework.boot.test.autoconfigure.web.servlet.WebDriverContextCustomizerFactory$Customizer@25a95d7a, [ImportsContextCustomizer@272110a7 key = [org.springframework.boot.test.autoconfigure.jdbc.TestDatabaseAutoConfiguration, org.springframework.boot.autoconfigure.jdbc.DataSourceAutoConfiguration]], org.springframework.boot.test.context.filter.ExcludeFilterContextCustomizer@33d60c3d, org.springframework.boot.test.json.DuplicateJsonObjectContextCustomizerFactory$DuplicateJsonObjectContextCustomizer@6943770e, org.springframework.boot.test.mock.mockito.MockitoContextCustomizer@0, org.springframework.boot.test.web.client.TestRestTemplateContextCustomizer@536042e6, org.springframework.boot.test.context.SpringBootTestArgs@1], resourceBasePath = 'src/main/webapp', contextLoader = 'org.springframework.boot.test.context.SpringBootContextLoader', parent = [null]], attributes = map['org.springframework.test.context.web.ServletTestExecutionListener.activateListener' -> true, 'org.springframework.test.context.web.ServletTestExecutionListener.populatedRequestContextHolder' -> true, 'org.springframework.test.context.web.ServletTestExecutionListener.resetRequestContextHolder' -> true]]; transaction manager [org.springframework.orm.jpa.JpaTransactionManager@af9fb3]; rollback [true]
2020-06-10 18:12:01.753  INFO 55751 --- [    Test worker] o.s.t.c.transaction.TransactionContext   : Rolled back transaction for test: [DefaultTestContext@35deef63 testClass = OrganisaatioFindBusinessServiceImplTest, testInstance = fi.vm.sade.organisaatio.business.impl.OrganisaatioFindBusinessServiceImplTest@a98f102, testMethod = findByIncludeChildren@OrganisaatioFindBusinessServiceImplTest, testException = [null], mergedContextConfiguration = [WebMergedContextConfiguration@fd00172 testClass = OrganisaatioFindBusinessServiceImplTest, locations = '{}', classes = '{class fi.vm.sade.organisaatio.OrganisaatioApplication}', contextInitializerClasses = '[]', activeProfiles = '{}', propertySourceLocations = '{}', propertySourceProperties = '{org.springframework.boot.test.context.SpringBootTestContextBootstrapper=true}', contextCustomizers = set[org.springframework.boot.test.autoconfigure.properties.PropertyMappingContextCustomizer@a273518a, org.springframework.boot.test.autoconfigure.web.servlet.WebDriverContextCustomizerFactory$Customizer@25a95d7a, [ImportsContextCustomizer@272110a7 key = [org.springframework.boot.test.autoconfigure.jdbc.TestDatabaseAutoConfiguration, org.springframework.boot.autoconfigure.jdbc.DataSourceAutoConfiguration]], org.springframework.boot.test.context.filter.ExcludeFilterContextCustomizer@33d60c3d, org.springframework.boot.test.json.DuplicateJsonObjectContextCustomizerFactory$DuplicateJsonObjectContextCustomizer@6943770e, org.springframework.boot.test.mock.mockito.MockitoContextCustomizer@0, org.springframework.boot.test.web.client.TestRestTemplateContextCustomizer@536042e6, org.springframework.boot.test.context.SpringBootTestArgs@1], resourceBasePath = 'src/main/webapp', contextLoader = 'org.springframework.boot.test.context.SpringBootContextLoader', parent = [null]], attributes = map['org.springframework.test.context.web.ServletTestExecutionListener.activateListener' -> true, 'org.springframework.test.context.web.ServletTestExecutionListener.populatedRequestContextHolder' -> true, 'org.springframework.test.context.web.ServletTestExecutionListener.resetRequestContextHolder' -> true]]
2020-06-10 18:12:01.755  INFO 55751 --- [    Test worker] o.s.t.c.transaction.TransactionContext   : Began transaction (1) for test context [DefaultTestContext@35deef63 testClass = OrganisaatioFindBusinessServiceImplTest, testInstance = fi.vm.sade.organisaatio.business.impl.OrganisaatioFindBusinessServiceImplTest@3af7cc3a, testMethod = findByOidsV4IncludesPiilotettuIfReadAccessToAll@OrganisaatioFindBusinessServiceImplTest, testException = [null], mergedContextConfiguration = [WebMergedContextConfiguration@fd00172 testClass = OrganisaatioFindBusinessServiceImplTest, locations = '{}', classes = '{class fi.vm.sade.organisaatio.OrganisaatioApplication}', contextInitializerClasses = '[]', activeProfiles = '{}', propertySourceLocations = '{}', propertySourceProperties = '{org.springframework.boot.test.context.SpringBootTestContextBootstrapper=true}', contextCustomizers = set[org.springframework.boot.test.autoconfigure.properties.PropertyMappingContextCustomizer@a273518a, org.springframework.boot.test.autoconfigure.web.servlet.WebDriverContextCustomizerFactory$Customizer@25a95d7a, [ImportsContextCustomizer@272110a7 key = [org.springframework.boot.test.autoconfigure.jdbc.TestDatabaseAutoConfiguration, org.springframework.boot.autoconfigure.jdbc.DataSourceAutoConfiguration]], org.springframework.boot.test.context.filter.ExcludeFilterContextCustomizer@33d60c3d, org.springframework.boot.test.json.DuplicateJsonObjectContextCustomizerFactory$DuplicateJsonObjectContextCustomizer@6943770e, org.springframework.boot.test.mock.mockito.MockitoContextCustomizer@0, org.springframework.boot.test.web.client.TestRestTemplateContextCustomizer@536042e6, org.springframework.boot.test.context.SpringBootTestArgs@1], resourceBasePath = 'src/main/webapp', contextLoader = 'org.springframework.boot.test.context.SpringBootContextLoader', parent = [null]], attributes = map['org.springframework.test.context.web.ServletTestExecutionListener.activateListener' -> true, 'org.springframework.test.context.web.ServletTestExecutionListener.populatedRequestContextHolder' -> true, 'org.springframework.test.context.web.ServletTestExecutionListener.resetRequestContextHolder' -> true]]; transaction manager [org.springframework.orm.jpa.JpaTransactionManager@af9fb3]; rollback [true]
2020-06-10 18:12:01.760  INFO 55751 --- [    Test worker] o.s.t.c.transaction.TransactionContext   : Rolled back transaction for test: [DefaultTestContext@35deef63 testClass = OrganisaatioFindBusinessServiceImplTest, testInstance = fi.vm.sade.organisaatio.business.impl.OrganisaatioFindBusinessServiceImplTest@3af7cc3a, testMethod = findByOidsV4IncludesPiilotettuIfReadAccessToAll@OrganisaatioFindBusinessServiceImplTest, testException = [null], mergedContextConfiguration = [WebMergedContextConfiguration@fd00172 testClass = OrganisaatioFindBusinessServiceImplTest, locations = '{}', classes = '{class fi.vm.sade.organisaatio.OrganisaatioApplication}', contextInitializerClasses = '[]', activeProfiles = '{}', propertySourceLocations = '{}', propertySourceProperties = '{org.springframework.boot.test.context.SpringBootTestContextBootstrapper=true}', contextCustomizers = set[org.springframework.boot.test.autoconfigure.properties.PropertyMappingContextCustomizer@a273518a, org.springframework.boot.test.autoconfigure.web.servlet.WebDriverContextCustomizerFactory$Customizer@25a95d7a, [ImportsContextCustomizer@272110a7 key = [org.springframework.boot.test.autoconfigure.jdbc.TestDatabaseAutoConfiguration, org.springframework.boot.autoconfigure.jdbc.DataSourceAutoConfiguration]], org.springframework.boot.test.context.filter.ExcludeFilterContextCustomizer@33d60c3d, org.springframework.boot.test.json.DuplicateJsonObjectContextCustomizerFactory$DuplicateJsonObjectContextCustomizer@6943770e, org.springframework.boot.test.mock.mockito.MockitoContextCustomizer@0, org.springframework.boot.test.web.client.TestRestTemplateContextCustomizer@536042e6, org.springframework.boot.test.context.SpringBootTestArgs@1], resourceBasePath = 'src/main/webapp', contextLoader = 'org.springframework.boot.test.context.SpringBootContextLoader', parent = [null]], attributes = map['org.springframework.test.context.web.ServletTestExecutionListener.activateListener' -> true, 'org.springframework.test.context.web.ServletTestExecutionListener.populatedRequestContextHolder' -> true, 'org.springframework.test.context.web.ServletTestExecutionListener.resetRequestContextHolder' -> true]]
2020-06-10 18:12:01.761  INFO 55751 --- [    Test worker] o.s.t.c.transaction.TransactionContext   : Began transaction (1) for test context [DefaultTestContext@35deef63 testClass = OrganisaatioFindBusinessServiceImplTest, testInstance = fi.vm.sade.organisaatio.business.impl.OrganisaatioFindBusinessServiceImplTest@208c7f35, testMethod = haeMuutetutExcludesPiilotettu@OrganisaatioFindBusinessServiceImplTest, testException = [null], mergedContextConfiguration = [WebMergedContextConfiguration@fd00172 testClass = OrganisaatioFindBusinessServiceImplTest, locations = '{}', classes = '{class fi.vm.sade.organisaatio.OrganisaatioApplication}', contextInitializerClasses = '[]', activeProfiles = '{}', propertySourceLocations = '{}', propertySourceProperties = '{org.springframework.boot.test.context.SpringBootTestContextBootstrapper=true}', contextCustomizers = set[org.springframework.boot.test.autoconfigure.properties.PropertyMappingContextCustomizer@a273518a, org.springframework.boot.test.autoconfigure.web.servlet.WebDriverContextCustomizerFactory$Customizer@25a95d7a, [ImportsContextCustomizer@272110a7 key = [org.springframework.boot.test.autoconfigure.jdbc.TestDatabaseAutoConfiguration, org.springframework.boot.autoconfigure.jdbc.DataSourceAutoConfiguration]], org.springframework.boot.test.context.filter.ExcludeFilterContextCustomizer@33d60c3d, org.springframework.boot.test.json.DuplicateJsonObjectContextCustomizerFactory$DuplicateJsonObjectContextCustomizer@6943770e, org.springframework.boot.test.mock.mockito.MockitoContextCustomizer@0, org.springframework.boot.test.web.client.TestRestTemplateContextCustomizer@536042e6, org.springframework.boot.test.context.SpringBootTestArgs@1], resourceBasePath = 'src/main/webapp', contextLoader = 'org.springframework.boot.test.context.SpringBootContextLoader', parent = [null]], attributes = map['org.springframework.test.context.web.ServletTestExecutionListener.activateListener' -> true, 'org.springframework.test.context.web.ServletTestExecutionListener.populatedRequestContextHolder' -> true, 'org.springframework.test.context.web.ServletTestExecutionListener.resetRequestContextHolder' -> true]]; transaction manager [org.springframework.orm.jpa.JpaTransactionManager@af9fb3]; rollback [true]
2020-06-10 18:12:01.766  INFO 55751 --- [    Test worker] o.s.t.c.transaction.TransactionContext   : Rolled back transaction for test: [DefaultTestContext@35deef63 testClass = OrganisaatioFindBusinessServiceImplTest, testInstance = fi.vm.sade.organisaatio.business.impl.OrganisaatioFindBusinessServiceImplTest@208c7f35, testMethod = haeMuutetutExcludesPiilotettu@OrganisaatioFindBusinessServiceImplTest, testException = [null], mergedContextConfiguration = [WebMergedContextConfiguration@fd00172 testClass = OrganisaatioFindBusinessServiceImplTest, locations = '{}', classes = '{class fi.vm.sade.organisaatio.OrganisaatioApplication}', contextInitializerClasses = '[]', activeProfiles = '{}', propertySourceLocations = '{}', propertySourceProperties = '{org.springframework.boot.test.context.SpringBootTestContextBootstrapper=true}', contextCustomizers = set[org.springframework.boot.test.autoconfigure.properties.PropertyMappingContextCustomizer@a273518a, org.springframework.boot.test.autoconfigure.web.servlet.WebDriverContextCustomizerFactory$Customizer@25a95d7a, [ImportsContextCustomizer@272110a7 key = [org.springframework.boot.test.autoconfigure.jdbc.TestDatabaseAutoConfiguration, org.springframework.boot.autoconfigure.jdbc.DataSourceAutoConfiguration]], org.springframework.boot.test.context.filter.ExcludeFilterContextCustomizer@33d60c3d, org.springframework.boot.test.json.DuplicateJsonObjectContextCustomizerFactory$DuplicateJsonObjectContextCustomizer@6943770e, org.springframework.boot.test.mock.mockito.MockitoContextCustomizer@0, org.springframework.boot.test.web.client.TestRestTemplateContextCustomizer@536042e6, org.springframework.boot.test.context.SpringBootTestArgs@1], resourceBasePath = 'src/main/webapp', contextLoader = 'org.springframework.boot.test.context.SpringBootContextLoader', parent = [null]], attributes = map['org.springframework.test.context.web.ServletTestExecutionListener.activateListener' -> true, 'org.springframework.test.context.web.ServletTestExecutionListener.populatedRequestContextHolder' -> true, 'org.springframework.test.context.web.ServletTestExecutionListener.resetRequestContextHolder' -> true]]
]]></system-out>
  <system-err><![CDATA[]]></system-err>
</testsuite>
