<?xml version="1.0" encoding="UTF-8"?>
<testsuite name="fi.vm.sade.organisaatio.service.util.OrganisaatioTyyppiUtilTest" tests="1" skipped="0" failures="0" errors="0" timestamp="2020-06-10T15:12:01" hostname="Miikkas-MacBook-Pro.local" time="0.001">
  <properties/>
  <testcase name="getOrgTypeLimit" classname="fi.vm.sade.organisaatio.service.util.OrganisaatioTyyppiUtilTest" time="0.001"/>
  <system-out><![CDATA[]]></system-out>
  <system-err><![CDATA[]]></system-err>
</testsuite>
