<?xml version="1.0" encoding="UTF-8"?>
<testsuite name="fi.vm.sade.organisaatio.resource.OrganisaatioResourceTest" tests="10" skipped="0" failures="0" errors="0" timestamp="2020-06-10T15:12:08" hostname="Miikkas-MacBook-Pro.local" time="1.047">
  <properties/>
  <testcase name="testParentOids" classname="fi.vm.sade.organisaatio.resource.OrganisaatioResourceTest" time="0.014"/>
  <testcase name="testSearchHierarchyReturnsToimipistekoodi" classname="fi.vm.sade.organisaatio.resource.OrganisaatioResourceTest" time="0.066"/>
  <testcase name="testFetchingHakutoimistoForMissingOrganisation" classname="fi.vm.sade.organisaatio.resource.OrganisaatioResourceTest" time="0.071"/>
  <testcase name="testFetchingHakutoimisto" classname="fi.vm.sade.organisaatio.resource.OrganisaatioResourceTest" time="0.031"/>
  <testcase name="testFetchingMissingHakutoimisto" classname="fi.vm.sade.organisaatio.resource.OrganisaatioResourceTest" time="0.019"/>
  <testcase name="testSearchOrganisaatios" classname="fi.vm.sade.organisaatio.resource.OrganisaatioResourceTest" time="0.097"/>
  <testcase name="testChangeParentOid" classname="fi.vm.sade.organisaatio.resource.OrganisaatioResourceTest" time="0.718"/>
  <testcase name="testParentOidsWithRoot" classname="fi.vm.sade.organisaatio.resource.OrganisaatioResourceTest" time="0.008"/>
  <testcase name="testMixedOsoitetyyppi" classname="fi.vm.sade.organisaatio.resource.OrganisaatioResourceTest" time="0.011"/>
  <testcase name="testParentOidsWithoutOrg" classname="fi.vm.sade.organisaatio.resource.OrganisaatioResourceTest" time="0.009"/>
  <system-out><![CDATA[Hibernate: 
    select
        organisaat0_.id as id1_5_,
        organisaat0_.version as version2_5_,
        organisaat0_.alkupvm as alkupvm3_5_,
        organisaat0_.domainnimi as domainni4_5_,
        organisaat0_.kotipaikka as kotipaik5_5_,
        organisaat0_.kuvaus_mkt as kuvaus_28_5_,
        organisaat0_.lakkautuspvm as lakkautu6_5_,
        organisaat0_.maa as maa7_5_,
        organisaat0_.metadata_id as metadat29_5_,
        organisaat0_.nimi_mkt as nimi_mk30_5_,
        organisaat0_.nimihaku as nimihaku8_5_,
        organisaat0_.oid as oid9_5_,
        organisaat0_.opetuspisteenjarjnro as opetusp10_5_,
        organisaat0_.oppilaitoskoodi as oppilai11_5_,
        organisaat0_.oppilaitos_tyyppi as oppilai12_5_,
        organisaat0_.organisaatio_poistettu as organis13_5_,
        organisaat0_.paivittaja as paivitt14_5_,
        organisaat0_.paivityspvm as paivity15_5_,
        organisaat0_.parentidpath as parenti16_5_,
        organisaat0_.parentoidpath as parento17_5_,
        organisaat0_.piilotettu as piilote18_5_,
        organisaat0_.tarkastus_pvm as tarkast19_5_,
        organisaat0_.toimipistekoodi as toimipi20_5_,
        organisaat0_.tuontipvm as tuontip21_5_,
        organisaat0_.varhaiskasvatuksen_toimipaikka_tiedot_id as varhais31_5_,
        organisaat0_.virastotunnus as virasto22_5_,
        organisaat0_.yhteishaunkoulukoodi as yhteish23_5_,
        organisaat0_.yritysmuoto as yritysm24_5_,
        organisaat0_.ytj_kieli as ytj_kie25_5_,
        organisaat0_.ytjpaivityspvm as ytjpaiv26_5_,
        organisaat0_.ytunnus as ytunnus27_5_ 
    from
        organisaatio organisaat0_ 
    where
        organisaat0_.oid=?
2020-06-10 18:12:08.464 TRACE 55751 --- [    Test worker] o.h.type.descriptor.sql.BasicBinder      : binding parameter [1] as [VARCHAR] - [1.2.2005.4]
2020-06-10 18:12:08.464 TRACE 55751 --- [    Test worker] o.h.type.descriptor.sql.BasicExtractor   : extracted value ([id1_5_] : [BIGINT]) - [6]
2020-06-10 18:12:08.464 TRACE 55751 --- [    Test worker] o.h.type.descriptor.sql.BasicExtractor   : extracted value ([version2_5_] : [BIGINT]) - [2]
2020-06-10 18:12:08.464 TRACE 55751 --- [    Test worker] o.h.type.descriptor.sql.BasicExtractor   : extracted value ([alkupvm3_5_] : [DATE]) - [2010-08-29]
2020-06-10 18:12:08.464 TRACE 55751 --- [    Test worker] o.h.type.descriptor.sql.BasicExtractor   : extracted value ([domainni4_5_] : [VARCHAR]) - [null]
2020-06-10 18:12:08.464 TRACE 55751 --- [    Test worker] o.h.type.descriptor.sql.BasicExtractor   : extracted value ([kotipaik5_5_] : [VARCHAR]) - [Helsinki]
2020-06-10 18:12:08.464 TRACE 55751 --- [    Test worker] o.h.type.descriptor.sql.BasicExtractor   : extracted value ([kuvaus_28_5_] : [BIGINT]) - [null]
2020-06-10 18:12:08.464 TRACE 55751 --- [    Test worker] o.h.type.descriptor.sql.BasicExtractor   : extracted value ([lakkautu6_5_] : [DATE]) - [null]
2020-06-10 18:12:08.464 TRACE 55751 --- [    Test worker] o.h.type.descriptor.sql.BasicExtractor   : extracted value ([maa7_5_] : [VARCHAR]) - [null]
2020-06-10 18:12:08.464 TRACE 55751 --- [    Test worker] o.h.type.descriptor.sql.BasicExtractor   : extracted value ([metadat29_5_] : [BIGINT]) - [null]
2020-06-10 18:12:08.464 TRACE 55751 --- [    Test worker] o.h.type.descriptor.sql.BasicExtractor   : extracted value ([nimi_mk30_5_] : [BIGINT]) - [6]
2020-06-10 18:12:08.464 TRACE 55751 --- [    Test worker] o.h.type.descriptor.sql.BasicExtractor   : extracted value ([nimihaku8_5_] : [VARCHAR]) - [node23 foo bar]
2020-06-10 18:12:08.464 TRACE 55751 --- [    Test worker] o.h.type.descriptor.sql.BasicExtractor   : extracted value ([oid9_5_] : [VARCHAR]) - [1.2.2005.4]
2020-06-10 18:12:08.464 TRACE 55751 --- [    Test worker] o.h.type.descriptor.sql.BasicExtractor   : extracted value ([opetusp10_5_] : [VARCHAR]) - [null]
2020-06-10 18:12:08.464 TRACE 55751 --- [    Test worker] o.h.type.descriptor.sql.BasicExtractor   : extracted value ([oppilai11_5_] : [VARCHAR]) - [null]
2020-06-10 18:12:08.464 TRACE 55751 --- [    Test worker] o.h.type.descriptor.sql.BasicExtractor   : extracted value ([oppilai12_5_] : [VARCHAR]) - [oppilaitostyyppi_42#1]
2020-06-10 18:12:08.464 TRACE 55751 --- [    Test worker] o.h.type.descriptor.sql.BasicExtractor   : extracted value ([organis13_5_] : [BOOLEAN]) - [false]
2020-06-10 18:12:08.464 TRACE 55751 --- [    Test worker] o.h.type.descriptor.sql.BasicExtractor   : extracted value ([paivitt14_5_] : [VARCHAR]) - [null]
2020-06-10 18:12:08.464 TRACE 55751 --- [    Test worker] o.h.type.descriptor.sql.BasicExtractor   : extracted value ([paivity15_5_] : [TIMESTAMP]) - [null]
2020-06-10 18:12:08.464 TRACE 55751 --- [    Test worker] o.h.type.descriptor.sql.BasicExtractor   : extracted value ([parenti16_5_] : [VARCHAR]) - [|1|2|4|]
2020-06-10 18:12:08.464 TRACE 55751 --- [    Test worker] o.h.type.descriptor.sql.BasicExtractor   : extracted value ([parento17_5_] : [VARCHAR]) - [|1.2.246.562.24.00000000001|1.2.2004.1|1.2.2004.3|]
2020-06-10 18:12:08.464 TRACE 55751 --- [    Test worker] o.h.type.descriptor.sql.BasicExtractor   : extracted value ([piilote18_5_] : [BOOLEAN]) - [false]
2020-06-10 18:12:08.464 TRACE 55751 --- [    Test worker] o.h.type.descriptor.sql.BasicExtractor   : extracted value ([tarkast19_5_] : [TIMESTAMP]) - [null]
2020-06-10 18:12:08.464 TRACE 55751 --- [    Test worker] o.h.type.descriptor.sql.BasicExtractor   : extracted value ([toimipi20_5_] : [VARCHAR]) - [null]
2020-06-10 18:12:08.464 TRACE 55751 --- [    Test worker] o.h.type.descriptor.sql.BasicExtractor   : extracted value ([tuontip21_5_] : [TIMESTAMP]) - [null]
2020-06-10 18:12:08.464 TRACE 55751 --- [    Test worker] o.h.type.descriptor.sql.BasicExtractor   : extracted value ([varhais31_5_] : [BIGINT]) - [null]
2020-06-10 18:12:08.464 TRACE 55751 --- [    Test worker] o.h.type.descriptor.sql.BasicExtractor   : extracted value ([virasto22_5_] : [VARCHAR]) - [null]
2020-06-10 18:12:08.464 TRACE 55751 --- [    Test worker] o.h.type.descriptor.sql.BasicExtractor   : extracted value ([yhteish23_5_] : [VARCHAR]) - [null]
2020-06-10 18:12:08.464 TRACE 55751 --- [    Test worker] o.h.type.descriptor.sql.BasicExtractor   : extracted value ([yritysm24_5_] : [VARCHAR]) - [oy]
2020-06-10 18:12:08.464 TRACE 55751 --- [    Test worker] o.h.type.descriptor.sql.BasicExtractor   : extracted value ([ytj_kie25_5_] : [VARCHAR]) - [null]
2020-06-10 18:12:08.464 TRACE 55751 --- [    Test worker] o.h.type.descriptor.sql.BasicExtractor   : extracted value ([ytjpaiv26_5_] : [DATE]) - [null]
2020-06-10 18:12:08.464 TRACE 55751 --- [    Test worker] o.h.type.descriptor.sql.BasicExtractor   : extracted value ([ytunnus27_5_] : [VARCHAR]) - [1234568-4]
2020-06-10 18:12:08.464 TRACE 55751 --- [    Test worker] org.hibernate.type.CollectionType        : Created collection wrapper: [fi.vm.sade.organisaatio.model.Organisaatio.childSuhteet#6]
2020-06-10 18:12:08.465 TRACE 55751 --- [    Test worker] org.hibernate.type.CollectionType        : Created collection wrapper: [fi.vm.sade.organisaatio.model.Organisaatio.kayttoryhmat#6]
2020-06-10 18:12:08.465 TRACE 55751 --- [    Test worker] org.hibernate.type.CollectionType        : Created collection wrapper: [fi.vm.sade.organisaatio.model.Organisaatio.kielet#6]
2020-06-10 18:12:08.465 TRACE 55751 --- [    Test worker] org.hibernate.type.CollectionType        : Created collection wrapper: [fi.vm.sade.organisaatio.model.Organisaatio.muutKotipaikatUris#6]
2020-06-10 18:12:08.465 TRACE 55751 --- [    Test worker] org.hibernate.type.CollectionType        : Created collection wrapper: [fi.vm.sade.organisaatio.model.Organisaatio.muutOppilaitosTyyppiUris#6]
2020-06-10 18:12:08.465 TRACE 55751 --- [    Test worker] org.hibernate.type.CollectionType        : Created collection wrapper: [fi.vm.sade.organisaatio.model.Organisaatio.nimet#6]
2020-06-10 18:12:08.465 TRACE 55751 --- [    Test worker] org.hibernate.type.CollectionType        : Created collection wrapper: [fi.vm.sade.organisaatio.model.Organisaatio.organisaatioLisatietotyypit#6]
2020-06-10 18:12:08.465 TRACE 55751 --- [    Test worker] org.hibernate.type.CollectionType        : Created collection wrapper: [fi.vm.sade.organisaatio.model.Organisaatio.parentSuhteet#6]
2020-06-10 18:12:08.465 TRACE 55751 --- [    Test worker] org.hibernate.type.CollectionType        : Created collection wrapper: [fi.vm.sade.organisaatio.model.Organisaatio.ryhmatyypit#6]
2020-06-10 18:12:08.465 TRACE 55751 --- [    Test worker] org.hibernate.type.CollectionType        : Created collection wrapper: [fi.vm.sade.organisaatio.model.Organisaatio.tyypit#6]
2020-06-10 18:12:08.465 TRACE 55751 --- [    Test worker] org.hibernate.type.CollectionType        : Created collection wrapper: [fi.vm.sade.organisaatio.model.Organisaatio.vuosiluokat#6]
2020-06-10 18:12:08.465 TRACE 55751 --- [    Test worker] org.hibernate.type.CollectionType        : Created collection wrapper: [fi.vm.sade.organisaatio.model.Organisaatio.yhteystiedot#6]
2020-06-10 18:12:08.465 TRACE 55751 --- [    Test worker] org.hibernate.type.CollectionType        : Created collection wrapper: [fi.vm.sade.organisaatio.model.Organisaatio.yhteystietoArvos#6]
Hibernate: 
    select
        organisaat0_.id as id1_5_,
        organisaat0_.version as version2_5_,
        organisaat0_.alkupvm as alkupvm3_5_,
        organisaat0_.domainnimi as domainni4_5_,
        organisaat0_.kotipaikka as kotipaik5_5_,
        organisaat0_.kuvaus_mkt as kuvaus_28_5_,
        organisaat0_.lakkautuspvm as lakkautu6_5_,
        organisaat0_.maa as maa7_5_,
        organisaat0_.metadata_id as metadat29_5_,
        organisaat0_.nimi_mkt as nimi_mk30_5_,
        organisaat0_.nimihaku as nimihaku8_5_,
        organisaat0_.oid as oid9_5_,
        organisaat0_.opetuspisteenjarjnro as opetusp10_5_,
        organisaat0_.oppilaitoskoodi as oppilai11_5_,
        organisaat0_.oppilaitos_tyyppi as oppilai12_5_,
        organisaat0_.organisaatio_poistettu as organis13_5_,
        organisaat0_.paivittaja as paivitt14_5_,
        organisaat0_.paivityspvm as paivity15_5_,
        organisaat0_.parentidpath as parenti16_5_,
        organisaat0_.parentoidpath as parento17_5_,
        organisaat0_.piilotettu as piilote18_5_,
        organisaat0_.tarkastus_pvm as tarkast19_5_,
        organisaat0_.toimipistekoodi as toimipi20_5_,
        organisaat0_.tuontipvm as tuontip21_5_,
        organisaat0_.varhaiskasvatuksen_toimipaikka_tiedot_id as varhais31_5_,
        organisaat0_.virastotunnus as virasto22_5_,
        organisaat0_.yhteishaunkoulukoodi as yhteish23_5_,
        organisaat0_.yritysmuoto as yritysm24_5_,
        organisaat0_.ytj_kieli as ytj_kie25_5_,
        organisaat0_.ytjpaivityspvm as ytjpaiv26_5_,
        organisaat0_.ytunnus as ytunnus27_5_ 
    from
        organisaatio organisaat0_ 
    where
        organisaat0_.oid=?
2020-06-10 18:12:08.466 TRACE 55751 --- [    Test worker] o.h.type.descriptor.sql.BasicBinder      : binding parameter [1] as [VARCHAR] - [1.2.2005.4]
2020-06-10 18:12:08.466 TRACE 55751 --- [    Test worker] o.h.type.descriptor.sql.BasicExtractor   : extracted value ([id1_5_] : [BIGINT]) - [6]
Hibernate: 
    select
        organisaat0_.oid as col_0_0_,
        organisaat0_.alkupvm as col_1_0_,
        organisaat0_.lakkautuspvm as col_2_0_,
        organisaat0_.parentoidpath as col_3_0_,
        organisaat0_.ytunnus as col_4_0_,
        organisaat0_.virastotunnus as col_5_0_,
        organisaat0_.oppilaitoskoodi as col_6_0_,
        organisaat0_.oppilaitos_tyyppi as col_7_0_,
        organisaat0_.toimipistekoodi as col_8_0_,
        values3_.key as col_9_0_,
        values3_.value as col_10_0_,
        tyypit1_.tyypit as col_11_0_,
        kielet4_.kielet as col_12_0_,
        organisaat0_.kotipaikka as col_13_0_ 
    from
        organisaatio organisaat0_ 
    inner join
        organisaatio_tyypit tyypit1_ 
            on organisaat0_.id=tyypit1_.organisaatio_id 
    left outer join
        monikielinen_teksti monikielin2_ 
            on organisaat0_.nimi_mkt=monikielin2_.id 
    left outer join
        monikielinen_teksti_values values3_ 
            on monikielin2_.id=values3_.id 
    left outer join
        organisaatio_kielet kielet4_ 
            on organisaat0_.id=kielet4_.organisaatio_id 
    where
        (
            organisaat0_.lakkautuspvm is null 
            or organisaat0_.lakkautuspvm>=?
        ) 
        and organisaat0_.organisaatio_poistettu=? 
        and tyypit1_.tyypit<>?
2020-06-10 18:12:08.499 TRACE 55751 --- [    Test worker] o.h.type.descriptor.sql.BasicBinder      : binding parameter [1] as [DATE] - [Wed Jun 10 18:12:08 EEST 2020]
2020-06-10 18:12:08.499 TRACE 55751 --- [    Test worker] o.h.type.descriptor.sql.BasicBinder      : binding parameter [2] as [BOOLEAN] - [false]
2020-06-10 18:12:08.499 TRACE 55751 --- [    Test worker] o.h.type.descriptor.sql.BasicBinder      : binding parameter [3] as [VARCHAR] - [Ryhma]
2020-06-10 18:12:08.499 TRACE 55751 --- [    Test worker] o.h.type.descriptor.sql.BasicExtractor   : extracted value ([col_0_0_] : [VARCHAR]) - [1.2.246.562.24.00000000001]
2020-06-10 18:12:08.499 TRACE 55751 --- [    Test worker] o.h.type.descriptor.sql.BasicExtractor   : extracted value ([col_1_0_] : [DATE]) - [2004-06-29]
2020-06-10 18:12:08.499 TRACE 55751 --- [    Test worker] o.h.type.descriptor.sql.BasicExtractor   : extracted value ([col_2_0_] : [DATE]) - [null]
2020-06-10 18:12:08.499 TRACE 55751 --- [    Test worker] o.h.type.descriptor.sql.BasicExtractor   : extracted value ([col_3_0_] : [VARCHAR]) - [null]
2020-06-10 18:12:08.499 TRACE 55751 --- [    Test worker] o.h.type.descriptor.sql.BasicExtractor   : extracted value ([col_4_0_] : [VARCHAR]) - [null]
2020-06-10 18:12:08.499 TRACE 55751 --- [    Test worker] o.h.type.descriptor.sql.BasicExtractor   : extracted value ([col_5_0_] : [VARCHAR]) - [null]
2020-06-10 18:12:08.499 TRACE 55751 --- [    Test worker] o.h.type.descriptor.sql.BasicExtractor   : extracted value ([col_6_0_] : [VARCHAR]) - [null]
2020-06-10 18:12:08.499 TRACE 55751 --- [    Test worker] o.h.type.descriptor.sql.BasicExtractor   : extracted value ([col_7_0_] : [VARCHAR]) - [null]
2020-06-10 18:12:08.499 TRACE 55751 --- [    Test worker] o.h.type.descriptor.sql.BasicExtractor   : extracted value ([col_8_0_] : [VARCHAR]) - [null]
2020-06-10 18:12:08.499 TRACE 55751 --- [    Test worker] o.h.type.descriptor.sql.BasicExtractor   : extracted value ([col_9_0_] : [VARCHAR]) - [fi]
2020-06-10 18:12:08.499 TRACE 55751 --- [    Test worker] o.h.type.descriptor.sql.BasicExtractor   : extracted value ([col_10_0_] : [VARCHAR]) - [opetushallitus]
2020-06-10 18:12:08.499 TRACE 55751 --- [    Test worker] o.h.type.descriptor.sql.BasicExtractor   : extracted value ([col_11_0_] : [VARCHAR]) - [organisaatiotyyppi_01]
2020-06-10 18:12:08.499 TRACE 55751 --- [    Test worker] o.h.type.descriptor.sql.BasicExtractor   : extracted value ([col_12_0_] : [VARCHAR]) - [null]
2020-06-10 18:12:08.499 TRACE 55751 --- [    Test worker] o.h.type.descriptor.sql.BasicExtractor   : extracted value ([col_13_0_] : [VARCHAR]) - [Helsinki]
2020-06-10 18:12:08.499 TRACE 55751 --- [    Test worker] o.h.type.descriptor.sql.BasicExtractor   : extracted value ([col_0_0_] : [VARCHAR]) - [1.2.2004.1]
2020-06-10 18:12:08.499 TRACE 55751 --- [    Test worker] o.h.type.descriptor.sql.BasicExtractor   : extracted value ([col_1_0_] : [DATE]) - [2004-08-08]
2020-06-10 18:12:08.500 TRACE 55751 --- [    Test worker] o.h.type.descriptor.sql.BasicExtractor   : extracted value ([col_2_0_] : [DATE]) - [null]
2020-06-10 18:12:08.500 TRACE 55751 --- [    Test worker] o.h.type.descriptor.sql.BasicExtractor   : extracted value ([col_3_0_] : [VARCHAR]) - [|1.2.246.562.24.00000000001|]
2020-06-10 18:12:08.500 TRACE 55751 --- [    Test worker] o.h.type.descriptor.sql.BasicExtractor   : extracted value ([col_4_0_] : [VARCHAR]) - [2255802-1]
2020-06-10 18:12:08.500 TRACE 55751 --- [    Test worker] o.h.type.descriptor.sql.BasicExtractor   : extracted value ([col_5_0_] : [VARCHAR]) - [null]
2020-06-10 18:12:08.500 TRACE 55751 --- [    Test worker] o.h.type.descriptor.sql.BasicExtractor   : extracted value ([col_6_0_] : [VARCHAR]) - [12345]
2020-06-10 18:12:08.500 TRACE 55751 --- [    Test worker] o.h.type.descriptor.sql.BasicExtractor   : extracted value ([col_7_0_] : [VARCHAR]) - [null]
2020-06-10 18:12:08.500 TRACE 55751 --- [    Test worker] o.h.type.descriptor.sql.BasicExtractor   : extracted value ([col_8_0_] : [VARCHAR]) - [null]
2020-06-10 18:12:08.500 TRACE 55751 --- [    Test worker] o.h.type.descriptor.sql.BasicExtractor   : extracted value ([col_9_0_] : [VARCHAR]) - [fi]
2020-06-10 18:12:08.500 TRACE 55751 --- [    Test worker] o.h.type.descriptor.sql.BasicExtractor   : extracted value ([col_10_0_] : [VARCHAR]) - [root test koulutustoimija]
2020-06-10 18:12:08.500 TRACE 55751 --- [    Test worker] o.h.type.descriptor.sql.BasicExtractor   : extracted value ([col_11_0_] : [VARCHAR]) - [organisaatiotyyppi_01]
2020-06-10 18:12:08.500 TRACE 55751 --- [    Test worker] o.h.type.descriptor.sql.BasicExtractor   : extracted value ([col_12_0_] : [VARCHAR]) - [null]
2020-06-10 18:12:08.500 TRACE 55751 --- [    Test worker] o.h.type.descriptor.sql.BasicExtractor   : extracted value ([col_13_0_] : [VARCHAR]) - [Helsinki]
2020-06-10 18:12:08.500 TRACE 55751 --- [    Test worker] o.h.type.descriptor.sql.BasicExtractor   : extracted value ([col_0_0_] : [VARCHAR]) - [1.2.2004.1]
2020-06-10 18:12:08.500 TRACE 55751 --- [    Test worker] o.h.type.descriptor.sql.BasicExtractor   : extracted value ([col_1_0_] : [DATE]) - [2004-08-08]
2020-06-10 18:12:08.500 TRACE 55751 --- [    Test worker] o.h.type.descriptor.sql.BasicExtractor   : extracted value ([col_2_0_] : [DATE]) - [null]
2020-06-10 18:12:08.500 TRACE 55751 --- [    Test worker] o.h.type.descriptor.sql.BasicExtractor   : extracted value ([col_3_0_] : [VARCHAR]) - [|1.2.246.562.24.00000000001|]
2020-06-10 18:12:08.500 TRACE 55751 --- [    Test worker] o.h.type.descriptor.sql.BasicExtractor   : extracted value ([col_4_0_] : [VARCHAR]) - [2255802-1]
2020-06-10 18:12:08.500 TRACE 55751 --- [    Test worker] o.h.type.descriptor.sql.BasicExtractor   : extracted value ([col_5_0_] : [VARCHAR]) - [null]
2020-06-10 18:12:08.500 TRACE 55751 --- [    Test worker] o.h.type.descriptor.sql.BasicExtractor   : extracted value ([col_6_0_] : [VARCHAR]) - [12345]
2020-06-10 18:12:08.500 TRACE 55751 --- [    Test worker] o.h.type.descriptor.sql.BasicExtractor   : extracted value ([col_7_0_] : [VARCHAR]) - [null]
2020-06-10 18:12:08.500 TRACE 55751 --- [    Test worker] o.h.type.descriptor.sql.BasicExtractor   : extracted value ([col_8_0_] : [VARCHAR]) - [null]
2020-06-10 18:12:08.500 TRACE 55751 --- [    Test worker] o.h.type.descriptor.sql.BasicExtractor   : extracted value ([col_9_0_] : [VARCHAR]) - [sv]
2020-06-10 18:12:08.500 TRACE 55751 --- [    Test worker] o.h.type.descriptor.sql.BasicExtractor   : extracted value ([col_10_0_] : [VARCHAR]) - [root test utbildningsoperator]
2020-06-10 18:12:08.500 TRACE 55751 --- [    Test worker] o.h.type.descriptor.sql.BasicExtractor   : extracted value ([col_11_0_] : [VARCHAR]) - [organisaatiotyyppi_01]
2020-06-10 18:12:08.500 TRACE 55751 --- [    Test worker] o.h.type.descriptor.sql.BasicExtractor   : extracted value ([col_12_0_] : [VARCHAR]) - [null]
2020-06-10 18:12:08.500 TRACE 55751 --- [    Test worker] o.h.type.descriptor.sql.BasicExtractor   : extracted value ([col_13_0_] : [VARCHAR]) - [Helsinki]
2020-06-10 18:12:08.500 TRACE 55751 --- [    Test worker] o.h.type.descriptor.sql.BasicExtractor   : extracted value ([col_0_0_] : [VARCHAR]) - [1.2.2004.2]
2020-06-10 18:12:08.500 TRACE 55751 --- [    Test worker] o.h.type.descriptor.sql.BasicExtractor   : extracted value ([col_1_0_] : [DATE]) - [2013-06-29]
2020-06-10 18:12:08.500 TRACE 55751 --- [    Test worker] o.h.type.descriptor.sql.BasicExtractor   : extracted value ([col_2_0_] : [DATE]) - [null]
2020-06-10 18:12:08.500 TRACE 55751 --- [    Test worker] o.h.type.descriptor.sql.BasicExtractor   : extracted value ([col_3_0_] : [VARCHAR]) - [|1.2.246.562.24.00000000001|1.2.2004.1|]
2020-06-10 18:12:08.500 TRACE 55751 --- [    Test worker] o.h.type.descriptor.sql.BasicExtractor   : extracted value ([col_4_0_] : [VARCHAR]) - [1234567-2]
2020-06-10 18:12:08.500 TRACE 55751 --- [    Test worker] o.h.type.descriptor.sql.BasicExtractor   : extracted value ([col_5_0_] : [VARCHAR]) - [null]
2020-06-10 18:12:08.500 TRACE 55751 --- [    Test worker] o.h.type.descriptor.sql.BasicExtractor   : extracted value ([col_6_0_] : [VARCHAR]) - [null]
2020-06-10 18:12:08.500 TRACE 55751 --- [    Test worker] o.h.type.descriptor.sql.BasicExtractor   : extracted value ([col_7_0_] : [VARCHAR]) - [oppilaitostyyppi_41#1]
2020-06-10 18:12:08.500 TRACE 55751 --- [    Test worker] o.h.type.descriptor.sql.BasicExtractor   : extracted value ([col_8_0_] : [VARCHAR]) - [123451]
2020-06-10 18:12:08.500 TRACE 55751 --- [    Test worker] o.h.type.descriptor.sql.BasicExtractor   : extracted value ([col_9_0_] : [VARCHAR]) - [fi]
2020-06-10 18:12:08.500 TRACE 55751 --- [    Test worker] o.h.type.descriptor.sql.BasicExtractor   : extracted value ([col_10_0_] : [VARCHAR]) - [node1 asd]
2020-06-10 18:12:08.500 TRACE 55751 --- [    Test worker] o.h.type.descriptor.sql.BasicExtractor   : extracted value ([col_11_0_] : [VARCHAR]) - [organisaatiotyyppi_03]
2020-06-10 18:12:08.500 TRACE 55751 --- [    Test worker] o.h.type.descriptor.sql.BasicExtractor   : extracted value ([col_12_0_] : [VARCHAR]) - [null]
2020-06-10 18:12:08.500 TRACE 55751 --- [    Test worker] o.h.type.descriptor.sql.BasicExtractor   : extracted value ([col_13_0_] : [VARCHAR]) - [Helsinki]
2020-06-10 18:12:08.500 TRACE 55751 --- [    Test worker] o.h.type.descriptor.sql.BasicExtractor   : extracted value ([col_0_0_] : [VARCHAR]) - [1.2.2004.2]
2020-06-10 18:12:08.500 TRACE 55751 --- [    Test worker] o.h.type.descriptor.sql.BasicExtractor   : extracted value ([col_1_0_] : [DATE]) - [2013-06-29]
2020-06-10 18:12:08.500 TRACE 55751 --- [    Test worker] o.h.type.descriptor.sql.BasicExtractor   : extracted value ([col_2_0_] : [DATE]) - [null]
2020-06-10 18:12:08.500 TRACE 55751 --- [    Test worker] o.h.type.descriptor.sql.BasicExtractor   : extracted value ([col_3_0_] : [VARCHAR]) - [|1.2.246.562.24.00000000001|1.2.2004.1|]
2020-06-10 18:12:08.500 TRACE 55751 --- [    Test worker] o.h.type.descriptor.sql.BasicExtractor   : extracted value ([col_4_0_] : [VARCHAR]) - [1234567-2]
2020-06-10 18:12:08.500 TRACE 55751 --- [    Test worker] o.h.type.descriptor.sql.BasicExtractor   : extracted value ([col_5_0_] : [VARCHAR]) - [null]
2020-06-10 18:12:08.500 TRACE 55751 --- [    Test worker] o.h.type.descriptor.sql.BasicExtractor   : extracted value ([col_6_0_] : [VARCHAR]) - [null]
2020-06-10 18:12:08.500 TRACE 55751 --- [    Test worker] o.h.type.descriptor.sql.BasicExtractor   : extracted value ([col_7_0_] : [VARCHAR]) - [oppilaitostyyppi_41#1]
2020-06-10 18:12:08.500 TRACE 55751 --- [    Test worker] o.h.type.descriptor.sql.BasicExtractor   : extracted value ([col_8_0_] : [VARCHAR]) - [123451]
2020-06-10 18:12:08.500 TRACE 55751 --- [    Test worker] o.h.type.descriptor.sql.BasicExtractor   : extracted value ([col_9_0_] : [VARCHAR]) - [fi]
2020-06-10 18:12:08.500 TRACE 55751 --- [    Test worker] o.h.type.descriptor.sql.BasicExtractor   : extracted value ([col_10_0_] : [VARCHAR]) - [node1 asd]
2020-06-10 18:12:08.500 TRACE 55751 --- [    Test worker] o.h.type.descriptor.sql.BasicExtractor   : extracted value ([col_11_0_] : [VARCHAR]) - [organisaatiotyyppi_02]
2020-06-10 18:12:08.500 TRACE 55751 --- [    Test worker] o.h.type.descriptor.sql.BasicExtractor   : extracted value ([col_12_0_] : [VARCHAR]) - [null]
2020-06-10 18:12:08.500 TRACE 55751 --- [    Test worker] o.h.type.descriptor.sql.BasicExtractor   : extracted value ([col_13_0_] : [VARCHAR]) - [Helsinki]
2020-06-10 18:12:08.500 TRACE 55751 --- [    Test worker] o.h.type.descriptor.sql.BasicExtractor   : extracted value ([col_0_0_] : [VARCHAR]) - [1.2.2004.2]
2020-06-10 18:12:08.500 TRACE 55751 --- [    Test worker] o.h.type.descriptor.sql.BasicExtractor   : extracted value ([col_1_0_] : [DATE]) - [2013-06-29]
2020-06-10 18:12:08.500 TRACE 55751 --- [    Test worker] o.h.type.descriptor.sql.BasicExtractor   : extracted value ([col_2_0_] : [DATE]) - [null]
2020-06-10 18:12:08.500 TRACE 55751 --- [    Test worker] o.h.type.descriptor.sql.BasicExtractor   : extracted value ([col_3_0_] : [VARCHAR]) - [|1.2.246.562.24.00000000001|1.2.2004.1|]
2020-06-10 18:12:08.500 TRACE 55751 --- [    Test worker] o.h.type.descriptor.sql.BasicExtractor   : extracted value ([col_4_0_] : [VARCHAR]) - [1234567-2]
2020-06-10 18:12:08.500 TRACE 55751 --- [    Test worker] o.h.type.descriptor.sql.BasicExtractor   : extracted value ([col_5_0_] : [VARCHAR]) - [null]
2020-06-10 18:12:08.500 TRACE 55751 --- [    Test worker] o.h.type.descriptor.sql.BasicExtractor   : extracted value ([col_6_0_] : [VARCHAR]) - [null]
2020-06-10 18:12:08.500 TRACE 55751 --- [    Test worker] o.h.type.descriptor.sql.BasicExtractor   : extracted value ([col_7_0_] : [VARCHAR]) - [oppilaitostyyppi_41#1]
2020-06-10 18:12:08.500 TRACE 55751 --- [    Test worker] o.h.type.descriptor.sql.BasicExtractor   : extracted value ([col_8_0_] : [VARCHAR]) - [123451]
2020-06-10 18:12:08.500 TRACE 55751 --- [    Test worker] o.h.type.descriptor.sql.BasicExtractor   : extracted value ([col_9_0_] : [VARCHAR]) - [fi]
2020-06-10 18:12:08.500 TRACE 55751 --- [    Test worker] o.h.type.descriptor.sql.BasicExtractor   : extracted value ([col_10_0_] : [VARCHAR]) - [node1 asd]
2020-06-10 18:12:08.501 TRACE 55751 --- [    Test worker] o.h.type.descriptor.sql.BasicExtractor   : extracted value ([col_11_0_] : [VARCHAR]) - [organisaatiotyyppi_04]
2020-06-10 18:12:08.501 TRACE 55751 --- [    Test worker] o.h.type.descriptor.sql.BasicExtractor   : extracted value ([col_12_0_] : [VARCHAR]) - [null]
2020-06-10 18:12:08.501 TRACE 55751 --- [    Test worker] o.h.type.descriptor.sql.BasicExtractor   : extracted value ([col_13_0_] : [VARCHAR]) - [Helsinki]
2020-06-10 18:12:08.501 TRACE 55751 --- [    Test worker] o.h.type.descriptor.sql.BasicExtractor   : extracted value ([col_0_0_] : [VARCHAR]) - [1.2.2004.3]
2020-06-10 18:12:08.501 TRACE 55751 --- [    Test worker] o.h.type.descriptor.sql.BasicExtractor   : extracted value ([col_1_0_] : [DATE]) - [null]
2020-06-10 18:12:08.501 TRACE 55751 --- [    Test worker] o.h.type.descriptor.sql.BasicExtractor   : extracted value ([col_2_0_] : [DATE]) - [null]
2020-06-10 18:12:08.501 TRACE 55751 --- [    Test worker] o.h.type.descriptor.sql.BasicExtractor   : extracted value ([col_3_0_] : [VARCHAR]) - [|1.2.246.562.24.00000000001|1.2.2004.1|]
2020-06-10 18:12:08.501 TRACE 55751 --- [    Test worker] o.h.type.descriptor.sql.BasicExtractor   : extracted value ([col_4_0_] : [VARCHAR]) - [1234567-3]
2020-06-10 18:12:08.501 TRACE 55751 --- [    Test worker] o.h.type.descriptor.sql.BasicExtractor   : extracted value ([col_5_0_] : [VARCHAR]) - [null]
2020-06-10 18:12:08.501 TRACE 55751 --- [    Test worker] o.h.type.descriptor.sql.BasicExtractor   : extracted value ([col_6_0_] : [VARCHAR]) - [null]
2020-06-10 18:12:08.501 TRACE 55751 --- [    Test worker] o.h.type.descriptor.sql.BasicExtractor   : extracted value ([col_7_0_] : [VARCHAR]) - [oppilaitostyyppi_42#1]
2020-06-10 18:12:08.501 TRACE 55751 --- [    Test worker] o.h.type.descriptor.sql.BasicExtractor   : extracted value ([col_8_0_] : [VARCHAR]) - [123452]
2020-06-10 18:12:08.501 TRACE 55751 --- [    Test worker] o.h.type.descriptor.sql.BasicExtractor   : extracted value ([col_9_0_] : [VARCHAR]) - [fi]
2020-06-10 18:12:08.501 TRACE 55751 --- [    Test worker] o.h.type.descriptor.sql.BasicExtractor   : extracted value ([col_10_0_] : [VARCHAR]) - [node2 foo]
2020-06-10 18:12:08.501 TRACE 55751 --- [    Test worker] o.h.type.descriptor.sql.BasicExtractor   : extracted value ([col_11_0_] : [VARCHAR]) - [organisaatiotyyppi_03]
2020-06-10 18:12:08.501 TRACE 55751 --- [    Test worker] o.h.type.descriptor.sql.BasicExtractor   : extracted value ([col_12_0_] : [VARCHAR]) - [null]
2020-06-10 18:12:08.501 TRACE 55751 --- [    Test worker] o.h.type.descriptor.sql.BasicExtractor   : extracted value ([col_13_0_] : [VARCHAR]) - [Helsinki]
2020-06-10 18:12:08.501 TRACE 55751 --- [    Test worker] o.h.type.descriptor.sql.BasicExtractor   : extracted value ([col_0_0_] : [VARCHAR]) - [1.2.2004.3]
2020-06-10 18:12:08.501 TRACE 55751 --- [    Test worker] o.h.type.descriptor.sql.BasicExtractor   : extracted value ([col_1_0_] : [DATE]) - [null]
2020-06-10 18:12:08.501 TRACE 55751 --- [    Test worker] o.h.type.descriptor.sql.BasicExtractor   : extracted value ([col_2_0_] : [DATE]) - [null]
2020-06-10 18:12:08.501 TRACE 55751 --- [    Test worker] o.h.type.descriptor.sql.BasicExtractor   : extracted value ([col_3_0_] : [VARCHAR]) - [|1.2.246.562.24.00000000001|1.2.2004.1|]
2020-06-10 18:12:08.501 TRACE 55751 --- [    Test worker] o.h.type.descriptor.sql.BasicExtractor   : extracted value ([col_4_0_] : [VARCHAR]) - [1234567-3]
2020-06-10 18:12:08.501 TRACE 55751 --- [    Test worker] o.h.type.descriptor.sql.BasicExtractor   : extracted value ([col_5_0_] : [VARCHAR]) - [null]
2020-06-10 18:12:08.501 TRACE 55751 --- [    Test worker] o.h.type.descriptor.sql.BasicExtractor   : extracted value ([col_6_0_] : [VARCHAR]) - [null]
2020-06-10 18:12:08.501 TRACE 55751 --- [    Test worker] o.h.type.descriptor.sql.BasicExtractor   : extracted value ([col_7_0_] : [VARCHAR]) - [oppilaitostyyppi_42#1]
2020-06-10 18:12:08.501 TRACE 55751 --- [    Test worker] o.h.type.descriptor.sql.BasicExtractor   : extracted value ([col_8_0_] : [VARCHAR]) - [123452]
2020-06-10 18:12:08.501 TRACE 55751 --- [    Test worker] o.h.type.descriptor.sql.BasicExtractor   : extracted value ([col_9_0_] : [VARCHAR]) - [fi]
2020-06-10 18:12:08.501 TRACE 55751 --- [    Test worker] o.h.type.descriptor.sql.BasicExtractor   : extracted value ([col_10_0_] : [VARCHAR]) - [node2 foo]
2020-06-10 18:12:08.501 TRACE 55751 --- [    Test worker] o.h.type.descriptor.sql.BasicExtractor   : extracted value ([col_11_0_] : [VARCHAR]) - [organisaatiotyyppi_02]
2020-06-10 18:12:08.501 TRACE 55751 --- [    Test worker] o.h.type.descriptor.sql.BasicExtractor   : extracted value ([col_12_0_] : [VARCHAR]) - [null]
2020-06-10 18:12:08.501 TRACE 55751 --- [    Test worker] o.h.type.descriptor.sql.BasicExtractor   : extracted value ([col_13_0_] : [VARCHAR]) - [Helsinki]
2020-06-10 18:12:08.501 TRACE 55751 --- [    Test worker] o.h.type.descriptor.sql.BasicExtractor   : extracted value ([col_0_0_] : [VARCHAR]) - [1.2.2004.3]
2020-06-10 18:12:08.501 TRACE 55751 --- [    Test worker] o.h.type.descriptor.sql.BasicExtractor   : extracted value ([col_1_0_] : [DATE]) - [null]
2020-06-10 18:12:08.501 TRACE 55751 --- [    Test worker] o.h.type.descriptor.sql.BasicExtractor   : extracted value ([col_2_0_] : [DATE]) - [null]
2020-06-10 18:12:08.501 TRACE 55751 --- [    Test worker] o.h.type.descriptor.sql.BasicExtractor   : extracted value ([col_3_0_] : [VARCHAR]) - [|1.2.246.562.24.00000000001|1.2.2004.1|]
2020-06-10 18:12:08.501 TRACE 55751 --- [    Test worker] o.h.type.descriptor.sql.BasicExtractor   : extracted value ([col_4_0_] : [VARCHAR]) - [1234567-3]
2020-06-10 18:12:08.501 TRACE 55751 --- [    Test worker] o.h.type.descriptor.sql.BasicExtractor   : extracted value ([col_5_0_] : [VARCHAR]) - [null]
2020-06-10 18:12:08.501 TRACE 55751 --- [    Test worker] o.h.type.descriptor.sql.BasicExtractor   : extracted value ([col_6_0_] : [VARCHAR]) - [null]
2020-06-10 18:12:08.501 TRACE 55751 --- [    Test worker] o.h.type.descriptor.sql.BasicExtractor   : extracted value ([col_7_0_] : [VARCHAR]) - [oppilaitostyyppi_42#1]
2020-06-10 18:12:08.501 TRACE 55751 --- [    Test worker] o.h.type.descriptor.sql.BasicExtractor   : extracted value ([col_8_0_] : [VARCHAR]) - [123452]
2020-06-10 18:12:08.501 TRACE 55751 --- [    Test worker] o.h.type.descriptor.sql.BasicExtractor   : extracted value ([col_9_0_] : [VARCHAR]) - [fi]
2020-06-10 18:12:08.501 TRACE 55751 --- [    Test worker] o.h.type.descriptor.sql.BasicExtractor   : extracted value ([col_10_0_] : [VARCHAR]) - [node2 foo]
2020-06-10 18:12:08.501 TRACE 55751 --- [    Test worker] o.h.type.descriptor.sql.BasicExtractor   : extracted value ([col_11_0_] : [VARCHAR]) - [organisaatiotyyppi_04]
2020-06-10 18:12:08.501 TRACE 55751 --- [    Test worker] o.h.type.descriptor.sql.BasicExtractor   : extracted value ([col_12_0_] : [VARCHAR]) - [null]
2020-06-10 18:12:08.501 TRACE 55751 --- [    Test worker] o.h.type.descriptor.sql.BasicExtractor   : extracted value ([col_13_0_] : [VARCHAR]) - [Helsinki]
2020-06-10 18:12:08.501 TRACE 55751 --- [    Test worker] o.h.type.descriptor.sql.BasicExtractor   : extracted value ([col_0_0_] : [VARCHAR]) - [1.2.2004.4]
2020-06-10 18:12:08.501 TRACE 55751 --- [    Test worker] o.h.type.descriptor.sql.BasicExtractor   : extracted value ([col_1_0_] : [DATE]) - [null]
2020-06-10 18:12:08.501 TRACE 55751 --- [    Test worker] o.h.type.descriptor.sql.BasicExtractor   : extracted value ([col_2_0_] : [DATE]) - [null]
2020-06-10 18:12:08.501 TRACE 55751 --- [    Test worker] o.h.type.descriptor.sql.BasicExtractor   : extracted value ([col_3_0_] : [VARCHAR]) - [|1.2.246.562.24.00000000001|1.2.2004.1|1.2.2004.3|]
2020-06-10 18:12:08.501 TRACE 55751 --- [    Test worker] o.h.type.descriptor.sql.BasicExtractor   : extracted value ([col_4_0_] : [VARCHAR]) - [1234567-4]
2020-06-10 18:12:08.501 TRACE 55751 --- [    Test worker] o.h.type.descriptor.sql.BasicExtractor   : extracted value ([col_5_0_] : [VARCHAR]) - [null]
2020-06-10 18:12:08.501 TRACE 55751 --- [    Test worker] o.h.type.descriptor.sql.BasicExtractor   : extracted value ([col_6_0_] : [VARCHAR]) - [null]
2020-06-10 18:12:08.501 TRACE 55751 --- [    Test worker] o.h.type.descriptor.sql.BasicExtractor   : extracted value ([col_7_0_] : [VARCHAR]) - [oppilaitostyyppi_42#1]
2020-06-10 18:12:08.501 TRACE 55751 --- [    Test worker] o.h.type.descriptor.sql.BasicExtractor   : extracted value ([col_8_0_] : [VARCHAR]) - [null]
2020-06-10 18:12:08.501 TRACE 55751 --- [    Test worker] o.h.type.descriptor.sql.BasicExtractor   : extracted value ([col_9_0_] : [VARCHAR]) - [fi]
2020-06-10 18:12:08.501 TRACE 55751 --- [    Test worker] o.h.type.descriptor.sql.BasicExtractor   : extracted value ([col_10_0_] : [VARCHAR]) - [node22 foo bar]
2020-06-10 18:12:08.501 TRACE 55751 --- [    Test worker] o.h.type.descriptor.sql.BasicExtractor   : extracted value ([col_11_0_] : [VARCHAR]) - [organisaatiotyyppi_03]
2020-06-10 18:12:08.501 TRACE 55751 --- [    Test worker] o.h.type.descriptor.sql.BasicExtractor   : extracted value ([col_12_0_] : [VARCHAR]) - [null]
2020-06-10 18:12:08.501 TRACE 55751 --- [    Test worker] o.h.type.descriptor.sql.BasicExtractor   : extracted value ([col_13_0_] : [VARCHAR]) - [Helsinki]
2020-06-10 18:12:08.501 TRACE 55751 --- [    Test worker] o.h.type.descriptor.sql.BasicExtractor   : extracted value ([col_0_0_] : [VARCHAR]) - [1.2.2004.4]
2020-06-10 18:12:08.501 TRACE 55751 --- [    Test worker] o.h.type.descriptor.sql.BasicExtractor   : extracted value ([col_1_0_] : [DATE]) - [null]
2020-06-10 18:12:08.501 TRACE 55751 --- [    Test worker] o.h.type.descriptor.sql.BasicExtractor   : extracted value ([col_2_0_] : [DATE]) - [null]
2020-06-10 18:12:08.501 TRACE 55751 --- [    Test worker] o.h.type.descriptor.sql.BasicExtractor   : extracted value ([col_3_0_] : [VARCHAR]) - [|1.2.246.562.24.00000000001|1.2.2004.1|1.2.2004.3|]
2020-06-10 18:12:08.501 TRACE 55751 --- [    Test worker] o.h.type.descriptor.sql.BasicExtractor   : extracted value ([col_4_0_] : [VARCHAR]) - [1234567-4]
2020-06-10 18:12:08.501 TRACE 55751 --- [    Test worker] o.h.type.descriptor.sql.BasicExtractor   : extracted value ([col_5_0_] : [VARCHAR]) - [null]
2020-06-10 18:12:08.501 TRACE 55751 --- [    Test worker] o.h.type.descriptor.sql.BasicExtractor   : extracted value ([col_6_0_] : [VARCHAR]) - [null]
2020-06-10 18:12:08.501 TRACE 55751 --- [    Test worker] o.h.type.descriptor.sql.BasicExtractor   : extracted value ([col_7_0_] : [VARCHAR]) - [oppilaitostyyppi_42#1]
2020-06-10 18:12:08.501 TRACE 55751 --- [    Test worker] o.h.type.descriptor.sql.BasicExtractor   : extracted value ([col_8_0_] : [VARCHAR]) - [null]
2020-06-10 18:12:08.501 TRACE 55751 --- [    Test worker] o.h.type.descriptor.sql.BasicExtractor   : extracted value ([col_9_0_] : [VARCHAR]) - [fi]
2020-06-10 18:12:08.501 TRACE 55751 --- [    Test worker] o.h.type.descriptor.sql.BasicExtractor   : extracted value ([col_10_0_] : [VARCHAR]) - [node22 foo bar]
2020-06-10 18:12:08.501 TRACE 55751 --- [    Test worker] o.h.type.descriptor.sql.BasicExtractor   : extracted value ([col_11_0_] : [VARCHAR]) - [organisaatiotyyppi_02]
2020-06-10 18:12:08.501 TRACE 55751 --- [    Test worker] o.h.type.descriptor.sql.BasicExtractor   : extracted value ([col_12_0_] : [VARCHAR]) - [null]
2020-06-10 18:12:08.501 TRACE 55751 --- [    Test worker] o.h.type.descriptor.sql.BasicExtractor   : extracted value ([col_13_0_] : [VARCHAR]) - [Helsinki]
2020-06-10 18:12:08.501 TRACE 55751 --- [    Test worker] o.h.type.descriptor.sql.BasicExtractor   : extracted value ([col_0_0_] : [VARCHAR]) - [1.2.2004.4]
2020-06-10 18:12:08.501 TRACE 55751 --- [    Test worker] o.h.type.descriptor.sql.BasicExtractor   : extracted value ([col_1_0_] : [DATE]) - [null]
2020-06-10 18:12:08.501 TRACE 55751 --- [    Test worker] o.h.type.descriptor.sql.BasicExtractor   : extracted value ([col_2_0_] : [DATE]) - [null]
2020-06-10 18:12:08.501 TRACE 55751 --- [    Test worker] o.h.type.descriptor.sql.BasicExtractor   : extracted value ([col_3_0_] : [VARCHAR]) - [|1.2.246.562.24.00000000001|1.2.2004.1|1.2.2004.3|]
2020-06-10 18:12:08.501 TRACE 55751 --- [    Test worker] o.h.type.descriptor.sql.BasicExtractor   : extracted value ([col_4_0_] : [VARCHAR]) - [1234567-4]
2020-06-10 18:12:08.501 TRACE 55751 --- [    Test worker] o.h.type.descriptor.sql.BasicExtractor   : extracted value ([col_5_0_] : [VARCHAR]) - [null]
2020-06-10 18:12:08.501 TRACE 55751 --- [    Test worker] o.h.type.descriptor.sql.BasicExtractor   : extracted value ([col_6_0_] : [VARCHAR]) - [null]
2020-06-10 18:12:08.502 TRACE 55751 --- [    Test worker] o.h.type.descriptor.sql.BasicExtractor   : extracted value ([col_7_0_] : [VARCHAR]) - [oppilaitostyyppi_42#1]
2020-06-10 18:12:08.502 TRACE 55751 --- [    Test worker] o.h.type.descriptor.sql.BasicExtractor   : extracted value ([col_8_0_] : [VARCHAR]) - [null]
2020-06-10 18:12:08.502 TRACE 55751 --- [    Test worker] o.h.type.descriptor.sql.BasicExtractor   : extracted value ([col_9_0_] : [VARCHAR]) - [fi]
2020-06-10 18:12:08.502 TRACE 55751 --- [    Test worker] o.h.type.descriptor.sql.BasicExtractor   : extracted value ([col_10_0_] : [VARCHAR]) - [node22 foo bar]
2020-06-10 18:12:08.502 TRACE 55751 --- [    Test worker] o.h.type.descriptor.sql.BasicExtractor   : extracted value ([col_11_0_] : [VARCHAR]) - [organisaatiotyyppi_04]
2020-06-10 18:12:08.502 TRACE 55751 --- [    Test worker] o.h.type.descriptor.sql.BasicExtractor   : extracted value ([col_12_0_] : [VARCHAR]) - [null]
2020-06-10 18:12:08.502 TRACE 55751 --- [    Test worker] o.h.type.descriptor.sql.BasicExtractor   : extracted value ([col_13_0_] : [VARCHAR]) - [Helsinki]
2020-06-10 18:12:08.502 TRACE 55751 --- [    Test worker] o.h.type.descriptor.sql.BasicExtractor   : extracted value ([col_0_0_] : [VARCHAR]) - [1.2.2005.4]
2020-06-10 18:12:08.502 TRACE 55751 --- [    Test worker] o.h.type.descriptor.sql.BasicExtractor   : extracted value ([col_1_0_] : [DATE]) - [2010-08-29]
2020-06-10 18:12:08.502 TRACE 55751 --- [    Test worker] o.h.type.descriptor.sql.BasicExtractor   : extracted value ([col_2_0_] : [DATE]) - [null]
2020-06-10 18:12:08.502 TRACE 55751 --- [    Test worker] o.h.type.descriptor.sql.BasicExtractor   : extracted value ([col_3_0_] : [VARCHAR]) - [|1.2.246.562.24.00000000001|1.2.2004.1|1.2.2004.3|]
2020-06-10 18:12:08.502 TRACE 55751 --- [    Test worker] o.h.type.descriptor.sql.BasicExtractor   : extracted value ([col_4_0_] : [VARCHAR]) - [1234568-4]
2020-06-10 18:12:08.502 TRACE 55751 --- [    Test worker] o.h.type.descriptor.sql.BasicExtractor   : extracted value ([col_5_0_] : [VARCHAR]) - [null]
2020-06-10 18:12:08.502 TRACE 55751 --- [    Test worker] o.h.type.descriptor.sql.BasicExtractor   : extracted value ([col_6_0_] : [VARCHAR]) - [null]
2020-06-10 18:12:08.502 TRACE 55751 --- [    Test worker] o.h.type.descriptor.sql.BasicExtractor   : extracted value ([col_7_0_] : [VARCHAR]) - [oppilaitostyyppi_42#1]
2020-06-10 18:12:08.502 TRACE 55751 --- [    Test worker] o.h.type.descriptor.sql.BasicExtractor   : extracted value ([col_8_0_] : [VARCHAR]) - [null]
2020-06-10 18:12:08.502 TRACE 55751 --- [    Test worker] o.h.type.descriptor.sql.BasicExtractor   : extracted value ([col_9_0_] : [VARCHAR]) - [fi]
2020-06-10 18:12:08.502 TRACE 55751 --- [    Test worker] o.h.type.descriptor.sql.BasicExtractor   : extracted value ([col_10_0_] : [VARCHAR]) - [node23 foo bar]
2020-06-10 18:12:08.502 TRACE 55751 --- [    Test worker] o.h.type.descriptor.sql.BasicExtractor   : extracted value ([col_11_0_] : [VARCHAR]) - [organisaatiotyyppi_03]
2020-06-10 18:12:08.502 TRACE 55751 --- [    Test worker] o.h.type.descriptor.sql.BasicExtractor   : extracted value ([col_12_0_] : [VARCHAR]) - [null]
2020-06-10 18:12:08.502 TRACE 55751 --- [    Test worker] o.h.type.descriptor.sql.BasicExtractor   : extracted value ([col_13_0_] : [VARCHAR]) - [Helsinki]
2020-06-10 18:12:08.502 TRACE 55751 --- [    Test worker] o.h.type.descriptor.sql.BasicExtractor   : extracted value ([col_0_0_] : [VARCHAR]) - [1.2.2005.4]
2020-06-10 18:12:08.502 TRACE 55751 --- [    Test worker] o.h.type.descriptor.sql.BasicExtractor   : extracted value ([col_1_0_] : [DATE]) - [2010-08-29]
2020-06-10 18:12:08.502 TRACE 55751 --- [    Test worker] o.h.type.descriptor.sql.BasicExtractor   : extracted value ([col_2_0_] : [DATE]) - [null]
2020-06-10 18:12:08.502 TRACE 55751 --- [    Test worker] o.h.type.descriptor.sql.BasicExtractor   : extracted value ([col_3_0_] : [VARCHAR]) - [|1.2.246.562.24.00000000001|1.2.2004.1|1.2.2004.3|]
2020-06-10 18:12:08.502 TRACE 55751 --- [    Test worker] o.h.type.descriptor.sql.BasicExtractor   : extracted value ([col_4_0_] : [VARCHAR]) - [1234568-4]
2020-06-10 18:12:08.502 TRACE 55751 --- [    Test worker] o.h.type.descriptor.sql.BasicExtractor   : extracted value ([col_5_0_] : [VARCHAR]) - [null]
2020-06-10 18:12:08.502 TRACE 55751 --- [    Test worker] o.h.type.descriptor.sql.BasicExtractor   : extracted value ([col_6_0_] : [VARCHAR]) - [null]
2020-06-10 18:12:08.502 TRACE 55751 --- [    Test worker] o.h.type.descriptor.sql.BasicExtractor   : extracted value ([col_7_0_] : [VARCHAR]) - [oppilaitostyyppi_42#1]
2020-06-10 18:12:08.502 TRACE 55751 --- [    Test worker] o.h.type.descriptor.sql.BasicExtractor   : extracted value ([col_8_0_] : [VARCHAR]) - [null]
2020-06-10 18:12:08.502 TRACE 55751 --- [    Test worker] o.h.type.descriptor.sql.BasicExtractor   : extracted value ([col_9_0_] : [VARCHAR]) - [fi]
2020-06-10 18:12:08.502 TRACE 55751 --- [    Test worker] o.h.type.descriptor.sql.BasicExtractor   : extracted value ([col_10_0_] : [VARCHAR]) - [node23 foo bar]
2020-06-10 18:12:08.502 TRACE 55751 --- [    Test worker] o.h.type.descriptor.sql.BasicExtractor   : extracted value ([col_11_0_] : [VARCHAR]) - [organisaatiotyyppi_02]
2020-06-10 18:12:08.502 TRACE 55751 --- [    Test worker] o.h.type.descriptor.sql.BasicExtractor   : extracted value ([col_12_0_] : [VARCHAR]) - [null]
2020-06-10 18:12:08.502 TRACE 55751 --- [    Test worker] o.h.type.descriptor.sql.BasicExtractor   : extracted value ([col_13_0_] : [VARCHAR]) - [Helsinki]
2020-06-10 18:12:08.502 TRACE 55751 --- [    Test worker] o.h.type.descriptor.sql.BasicExtractor   : extracted value ([col_0_0_] : [VARCHAR]) - [1.2.2005.4]
2020-06-10 18:12:08.502 TRACE 55751 --- [    Test worker] o.h.type.descriptor.sql.BasicExtractor   : extracted value ([col_1_0_] : [DATE]) - [2010-08-29]
2020-06-10 18:12:08.502 TRACE 55751 --- [    Test worker] o.h.type.descriptor.sql.BasicExtractor   : extracted value ([col_2_0_] : [DATE]) - [null]
2020-06-10 18:12:08.502 TRACE 55751 --- [    Test worker] o.h.type.descriptor.sql.BasicExtractor   : extracted value ([col_3_0_] : [VARCHAR]) - [|1.2.246.562.24.00000000001|1.2.2004.1|1.2.2004.3|]
2020-06-10 18:12:08.502 TRACE 55751 --- [    Test worker] o.h.type.descriptor.sql.BasicExtractor   : extracted value ([col_4_0_] : [VARCHAR]) - [1234568-4]
2020-06-10 18:12:08.502 TRACE 55751 --- [    Test worker] o.h.type.descriptor.sql.BasicExtractor   : extracted value ([col_5_0_] : [VARCHAR]) - [null]
2020-06-10 18:12:08.502 TRACE 55751 --- [    Test worker] o.h.type.descriptor.sql.BasicExtractor   : extracted value ([col_6_0_] : [VARCHAR]) - [null]
2020-06-10 18:12:08.502 TRACE 55751 --- [    Test worker] o.h.type.descriptor.sql.BasicExtractor   : extracted value ([col_7_0_] : [VARCHAR]) - [oppilaitostyyppi_42#1]
2020-06-10 18:12:08.502 TRACE 55751 --- [    Test worker] o.h.type.descriptor.sql.BasicExtractor   : extracted value ([col_8_0_] : [VARCHAR]) - [null]
2020-06-10 18:12:08.502 TRACE 55751 --- [    Test worker] o.h.type.descriptor.sql.BasicExtractor   : extracted value ([col_9_0_] : [VARCHAR]) - [fi]
2020-06-10 18:12:08.502 TRACE 55751 --- [    Test worker] o.h.type.descriptor.sql.BasicExtractor   : extracted value ([col_10_0_] : [VARCHAR]) - [node23 foo bar]
2020-06-10 18:12:08.502 TRACE 55751 --- [    Test worker] o.h.type.descriptor.sql.BasicExtractor   : extracted value ([col_11_0_] : [VARCHAR]) - [organisaatiotyyppi_04]
2020-06-10 18:12:08.502 TRACE 55751 --- [    Test worker] o.h.type.descriptor.sql.BasicExtractor   : extracted value ([col_12_0_] : [VARCHAR]) - [null]
2020-06-10 18:12:08.502 TRACE 55751 --- [    Test worker] o.h.type.descriptor.sql.BasicExtractor   : extracted value ([col_13_0_] : [VARCHAR]) - [Helsinki]
2020-06-10 18:12:08.502 TRACE 55751 --- [    Test worker] o.h.type.descriptor.sql.BasicExtractor   : extracted value ([col_0_0_] : [VARCHAR]) - [1.2.2004.5]
2020-06-10 18:12:08.502 TRACE 55751 --- [    Test worker] o.h.type.descriptor.sql.BasicExtractor   : extracted value ([col_1_0_] : [DATE]) - [2006-06-29]
2020-06-10 18:12:08.502 TRACE 55751 --- [    Test worker] o.h.type.descriptor.sql.BasicExtractor   : extracted value ([col_2_0_] : [DATE]) - [null]
2020-06-10 18:12:08.502 TRACE 55751 --- [    Test worker] o.h.type.descriptor.sql.BasicExtractor   : extracted value ([col_3_0_] : [VARCHAR]) - [|1.2.246.562.24.00000000001|]
2020-06-10 18:12:08.502 TRACE 55751 --- [    Test worker] o.h.type.descriptor.sql.BasicExtractor   : extracted value ([col_4_0_] : [VARCHAR]) - [1492449-0]
2020-06-10 18:12:08.502 TRACE 55751 --- [    Test worker] o.h.type.descriptor.sql.BasicExtractor   : extracted value ([col_5_0_] : [VARCHAR]) - [null]
2020-06-10 18:12:08.503 TRACE 55751 --- [    Test worker] o.h.type.descriptor.sql.BasicExtractor   : extracted value ([col_6_0_] : [VARCHAR]) - [null]
2020-06-10 18:12:08.503 TRACE 55751 --- [    Test worker] o.h.type.descriptor.sql.BasicExtractor   : extracted value ([col_7_0_] : [VARCHAR]) - [null]
2020-06-10 18:12:08.503 TRACE 55751 --- [    Test worker] o.h.type.descriptor.sql.BasicExtractor   : extracted value ([col_8_0_] : [VARCHAR]) - [null]
2020-06-10 18:12:08.503 TRACE 55751 --- [    Test worker] o.h.type.descriptor.sql.BasicExtractor   : extracted value ([col_9_0_] : [VARCHAR]) - [fi]
2020-06-10 18:12:08.503 TRACE 55751 --- [    Test worker] o.h.type.descriptor.sql.BasicExtractor   : extracted value ([col_10_0_] : [VARCHAR]) - [root2 test2 koulutustoimija2]
2020-06-10 18:12:08.503 TRACE 55751 --- [    Test worker] o.h.type.descriptor.sql.BasicExtractor   : extracted value ([col_11_0_] : [VARCHAR]) - [organisaatiotyyppi_01]
2020-06-10 18:12:08.503 TRACE 55751 --- [    Test worker] o.h.type.descriptor.sql.BasicExtractor   : extracted value ([col_12_0_] : [VARCHAR]) - [null]
2020-06-10 18:12:08.503 TRACE 55751 --- [    Test worker] o.h.type.descriptor.sql.BasicExtractor   : extracted value ([col_13_0_] : [VARCHAR]) - [Helsinki]
2020-06-10 18:12:08.503 TRACE 55751 --- [    Test worker] o.h.type.descriptor.sql.BasicExtractor   : extracted value ([col_0_0_] : [VARCHAR]) - [1.2.2005.5]
2020-06-10 18:12:08.503 TRACE 55751 --- [    Test worker] o.h.type.descriptor.sql.BasicExtractor   : extracted value ([col_1_0_] : [DATE]) - [1960-02-16]
2020-06-10 18:12:08.503 TRACE 55751 --- [    Test worker] o.h.type.descriptor.sql.BasicExtractor   : extracted value ([col_2_0_] : [DATE]) - [null]
2020-06-10 18:12:08.503 TRACE 55751 --- [    Test worker] o.h.type.descriptor.sql.BasicExtractor   : extracted value ([col_3_0_] : [VARCHAR]) - [|1.2.246.562.24.00000000001|1.2.2004.1|1.2.2004.3|1.2.2004.4|]
2020-06-10 18:12:08.503 TRACE 55751 --- [    Test worker] o.h.type.descriptor.sql.BasicExtractor   : extracted value ([col_4_0_] : [VARCHAR]) - [1730639-9]
2020-06-10 18:12:08.503 TRACE 55751 --- [    Test worker] o.h.type.descriptor.sql.BasicExtractor   : extracted value ([col_5_0_] : [VARCHAR]) - [null]
2020-06-10 18:12:08.503 TRACE 55751 --- [    Test worker] o.h.type.descriptor.sql.BasicExtractor   : extracted value ([col_6_0_] : [VARCHAR]) - [null]
2020-06-10 18:12:08.503 TRACE 55751 --- [    Test worker] o.h.type.descriptor.sql.BasicExtractor   : extracted value ([col_7_0_] : [VARCHAR]) - [oppilaitostyyppi_42#1]
2020-06-10 18:12:08.503 TRACE 55751 --- [    Test worker] o.h.type.descriptor.sql.BasicExtractor   : extracted value ([col_8_0_] : [VARCHAR]) - [null]
2020-06-10 18:12:08.503 TRACE 55751 --- [    Test worker] o.h.type.descriptor.sql.BasicExtractor   : extracted value ([col_9_0_] : [VARCHAR]) - [sv]
2020-06-10 18:12:08.503 TRACE 55751 --- [    Test worker] o.h.type.descriptor.sql.BasicExtractor   : extracted value ([col_10_0_] : [VARCHAR]) - [node231 foo bar]
2020-06-10 18:12:08.503 TRACE 55751 --- [    Test worker] o.h.type.descriptor.sql.BasicExtractor   : extracted value ([col_11_0_] : [VARCHAR]) - [organisaatiotyyppi_06]
2020-06-10 18:12:08.503 TRACE 55751 --- [    Test worker] o.h.type.descriptor.sql.BasicExtractor   : extracted value ([col_12_0_] : [VARCHAR]) - [null]
2020-06-10 18:12:08.503 TRACE 55751 --- [    Test worker] o.h.type.descriptor.sql.BasicExtractor   : extracted value ([col_13_0_] : [VARCHAR]) - [Helsinki]
2020-06-10 18:12:08.503 TRACE 55751 --- [    Test worker] o.h.type.descriptor.sql.BasicExtractor   : extracted value ([col_0_0_] : [VARCHAR]) - [1.2.8000.1]
2020-06-10 18:12:08.503 TRACE 55751 --- [    Test worker] o.h.type.descriptor.sql.BasicExtractor   : extracted value ([col_1_0_] : [DATE]) - [null]
2020-06-10 18:12:08.503 TRACE 55751 --- [    Test worker] o.h.type.descriptor.sql.BasicExtractor   : extracted value ([col_2_0_] : [DATE]) - [null]
2020-06-10 18:12:08.503 TRACE 55751 --- [    Test worker] o.h.type.descriptor.sql.BasicExtractor   : extracted value ([col_3_0_] : [VARCHAR]) - [|1.2.246.562.24.00000000001|]
2020-06-10 18:12:08.503 TRACE 55751 --- [    Test worker] o.h.type.descriptor.sql.BasicExtractor   : extracted value ([col_4_0_] : [VARCHAR]) - [1234569-5]
2020-06-10 18:12:08.503 TRACE 55751 --- [    Test worker] o.h.type.descriptor.sql.BasicExtractor   : extracted value ([col_5_0_] : [VARCHAR]) - [null]
2020-06-10 18:12:08.503 TRACE 55751 --- [    Test worker] o.h.type.descriptor.sql.BasicExtractor   : extracted value ([col_6_0_] : [VARCHAR]) - [null]
2020-06-10 18:12:08.503 TRACE 55751 --- [    Test worker] o.h.type.descriptor.sql.BasicExtractor   : extracted value ([col_7_0_] : [VARCHAR]) - [oppilaitostyyppi_42#1]
2020-06-10 18:12:08.503 TRACE 55751 --- [    Test worker] o.h.type.descriptor.sql.BasicExtractor   : extracted value ([col_8_0_] : [VARCHAR]) - [null]
2020-06-10 18:12:08.503 TRACE 55751 --- [    Test worker] o.h.type.descriptor.sql.BasicExtractor   : extracted value ([col_9_0_] : [VARCHAR]) - [fi]
2020-06-10 18:12:08.503 TRACE 55751 --- [    Test worker] o.h.type.descriptor.sql.BasicExtractor   : extracted value ([col_10_0_] : [VARCHAR]) - [node23 foo bar]
2020-06-10 18:12:08.503 TRACE 55751 --- [    Test worker] o.h.type.descriptor.sql.BasicExtractor   : extracted value ([col_11_0_] : [VARCHAR]) - [organisaatiotyyppi_02]
2020-06-10 18:12:08.503 TRACE 55751 --- [    Test worker] o.h.type.descriptor.sql.BasicExtractor   : extracted value ([col_12_0_] : [VARCHAR]) - [oppilaitoksenopetuskieli_1#1]
2020-06-10 18:12:08.503 TRACE 55751 --- [    Test worker] o.h.type.descriptor.sql.BasicExtractor   : extracted value ([col_13_0_] : [VARCHAR]) - [Helsinki]
2020-06-10 18:12:08.503 TRACE 55751 --- [    Test worker] o.h.type.descriptor.sql.BasicExtractor   : extracted value ([col_0_0_] : [VARCHAR]) - [1.2.8000.1]
2020-06-10 18:12:08.503 TRACE 55751 --- [    Test worker] o.h.type.descriptor.sql.BasicExtractor   : extracted value ([col_1_0_] : [DATE]) - [null]
2020-06-10 18:12:08.503 TRACE 55751 --- [    Test worker] o.h.type.descriptor.sql.BasicExtractor   : extracted value ([col_2_0_] : [DATE]) - [null]
2020-06-10 18:12:08.503 TRACE 55751 --- [    Test worker] o.h.type.descriptor.sql.BasicExtractor   : extracted value ([col_3_0_] : [VARCHAR]) - [|1.2.246.562.24.00000000001|]
2020-06-10 18:12:08.503 TRACE 55751 --- [    Test worker] o.h.type.descriptor.sql.BasicExtractor   : extracted value ([col_4_0_] : [VARCHAR]) - [1234569-5]
2020-06-10 18:12:08.503 TRACE 55751 --- [    Test worker] o.h.type.descriptor.sql.BasicExtractor   : extracted value ([col_5_0_] : [VARCHAR]) - [null]
2020-06-10 18:12:08.503 TRACE 55751 --- [    Test worker] o.h.type.descriptor.sql.BasicExtractor   : extracted value ([col_6_0_] : [VARCHAR]) - [null]
2020-06-10 18:12:08.503 TRACE 55751 --- [    Test worker] o.h.type.descriptor.sql.BasicExtractor   : extracted value ([col_7_0_] : [VARCHAR]) - [oppilaitostyyppi_42#1]
2020-06-10 18:12:08.503 TRACE 55751 --- [    Test worker] o.h.type.descriptor.sql.BasicExtractor   : extracted value ([col_8_0_] : [VARCHAR]) - [null]
2020-06-10 18:12:08.503 TRACE 55751 --- [    Test worker] o.h.type.descriptor.sql.BasicExtractor   : extracted value ([col_9_0_] : [VARCHAR]) - [fi]
2020-06-10 18:12:08.503 TRACE 55751 --- [    Test worker] o.h.type.descriptor.sql.BasicExtractor   : extracted value ([col_10_0_] : [VARCHAR]) - [node23 foo bar]
2020-06-10 18:12:08.503 TRACE 55751 --- [    Test worker] o.h.type.descriptor.sql.BasicExtractor   : extracted value ([col_11_0_] : [VARCHAR]) - [organisaatiotyyppi_02]
2020-06-10 18:12:08.503 TRACE 55751 --- [    Test worker] o.h.type.descriptor.sql.BasicExtractor   : extracted value ([col_12_0_] : [VARCHAR]) - [oppilaitoksenopetuskieli_2#1]
2020-06-10 18:12:08.503 TRACE 55751 --- [    Test worker] o.h.type.descriptor.sql.BasicExtractor   : extracted value ([col_13_0_] : [VARCHAR]) - [Helsinki]
2020-06-10 18:12:08.503 TRACE 55751 --- [    Test worker] o.h.type.descriptor.sql.BasicExtractor   : extracted value ([col_0_0_] : [VARCHAR]) - [1.2.8000.1]
2020-06-10 18:12:08.503 TRACE 55751 --- [    Test worker] o.h.type.descriptor.sql.BasicExtractor   : extracted value ([col_1_0_] : [DATE]) - [null]
2020-06-10 18:12:08.503 TRACE 55751 --- [    Test worker] o.h.type.descriptor.sql.BasicExtractor   : extracted value ([col_2_0_] : [DATE]) - [null]
2020-06-10 18:12:08.503 TRACE 55751 --- [    Test worker] o.h.type.descriptor.sql.BasicExtractor   : extracted value ([col_3_0_] : [VARCHAR]) - [|1.2.246.562.24.00000000001|]
2020-06-10 18:12:08.503 TRACE 55751 --- [    Test worker] o.h.type.descriptor.sql.BasicExtractor   : extracted value ([col_4_0_] : [VARCHAR]) - [1234569-5]
2020-06-10 18:12:08.503 TRACE 55751 --- [    Test worker] o.h.type.descriptor.sql.BasicExtractor   : extracted value ([col_5_0_] : [VARCHAR]) - [null]
2020-06-10 18:12:08.503 TRACE 55751 --- [    Test worker] o.h.type.descriptor.sql.BasicExtractor   : extracted value ([col_6_0_] : [VARCHAR]) - [null]
2020-06-10 18:12:08.503 TRACE 55751 --- [    Test worker] o.h.type.descriptor.sql.BasicExtractor   : extracted value ([col_7_0_] : [VARCHAR]) - [oppilaitostyyppi_42#1]
2020-06-10 18:12:08.503 TRACE 55751 --- [    Test worker] o.h.type.descriptor.sql.BasicExtractor   : extracted value ([col_8_0_] : [VARCHAR]) - [null]
2020-06-10 18:12:08.503 TRACE 55751 --- [    Test worker] o.h.type.descriptor.sql.BasicExtractor   : extracted value ([col_9_0_] : [VARCHAR]) - [fi]
2020-06-10 18:12:08.503 TRACE 55751 --- [    Test worker] o.h.type.descriptor.sql.BasicExtractor   : extracted value ([col_10_0_] : [VARCHAR]) - [node23 foo bar]
2020-06-10 18:12:08.503 TRACE 55751 --- [    Test worker] o.h.type.descriptor.sql.BasicExtractor   : extracted value ([col_11_0_] : [VARCHAR]) - [organisaatiotyyppi_02]
2020-06-10 18:12:08.503 TRACE 55751 --- [    Test worker] o.h.type.descriptor.sql.BasicExtractor   : extracted value ([col_12_0_] : [VARCHAR]) - [oppilaitoksenopetuskieli_3#1]
2020-06-10 18:12:08.504 TRACE 55751 --- [    Test worker] o.h.type.descriptor.sql.BasicExtractor   : extracted value ([col_13_0_] : [VARCHAR]) - [Helsinki]
2020-06-10 18:12:08.504 TRACE 55751 --- [    Test worker] o.h.type.descriptor.sql.BasicExtractor   : extracted value ([col_0_0_] : [VARCHAR]) - [1.2.8000.1]
2020-06-10 18:12:08.504 TRACE 55751 --- [    Test worker] o.h.type.descriptor.sql.BasicExtractor   : extracted value ([col_1_0_] : [DATE]) - [null]
2020-06-10 18:12:08.504 TRACE 55751 --- [    Test worker] o.h.type.descriptor.sql.BasicExtractor   : extracted value ([col_2_0_] : [DATE]) - [null]
2020-06-10 18:12:08.504 TRACE 55751 --- [    Test worker] o.h.type.descriptor.sql.BasicExtractor   : extracted value ([col_3_0_] : [VARCHAR]) - [|1.2.246.562.24.00000000001|]
2020-06-10 18:12:08.504 TRACE 55751 --- [    Test worker] o.h.type.descriptor.sql.BasicExtractor   : extracted value ([col_4_0_] : [VARCHAR]) - [1234569-5]
2020-06-10 18:12:08.504 TRACE 55751 --- [    Test worker] o.h.type.descriptor.sql.BasicExtractor   : extracted value ([col_5_0_] : [VARCHAR]) - [null]
2020-06-10 18:12:08.504 TRACE 55751 --- [    Test worker] o.h.type.descriptor.sql.BasicExtractor   : extracted value ([col_6_0_] : [VARCHAR]) - [null]
2020-06-10 18:12:08.504 TRACE 55751 --- [    Test worker] o.h.type.descriptor.sql.BasicExtractor   : extracted value ([col_7_0_] : [VARCHAR]) - [oppilaitostyyppi_42#1]
2020-06-10 18:12:08.504 TRACE 55751 --- [    Test worker] o.h.type.descriptor.sql.BasicExtractor   : extracted value ([col_8_0_] : [VARCHAR]) - [null]
2020-06-10 18:12:08.504 TRACE 55751 --- [    Test worker] o.h.type.descriptor.sql.BasicExtractor   : extracted value ([col_9_0_] : [VARCHAR]) - [fi]
2020-06-10 18:12:08.504 TRACE 55751 --- [    Test worker] o.h.type.descriptor.sql.BasicExtractor   : extracted value ([col_10_0_] : [VARCHAR]) - [node23 foo bar]
2020-06-10 18:12:08.504 TRACE 55751 --- [    Test worker] o.h.type.descriptor.sql.BasicExtractor   : extracted value ([col_11_0_] : [VARCHAR]) - [organisaatiotyyppi_07]
2020-06-10 18:12:08.504 TRACE 55751 --- [    Test worker] o.h.type.descriptor.sql.BasicExtractor   : extracted value ([col_12_0_] : [VARCHAR]) - [oppilaitoksenopetuskieli_1#1]
2020-06-10 18:12:08.504 TRACE 55751 --- [    Test worker] o.h.type.descriptor.sql.BasicExtractor   : extracted value ([col_13_0_] : [VARCHAR]) - [Helsinki]
2020-06-10 18:12:08.504 TRACE 55751 --- [    Test worker] o.h.type.descriptor.sql.BasicExtractor   : extracted value ([col_0_0_] : [VARCHAR]) - [1.2.8000.1]
2020-06-10 18:12:08.504 TRACE 55751 --- [    Test worker] o.h.type.descriptor.sql.BasicExtractor   : extracted value ([col_1_0_] : [DATE]) - [null]
2020-06-10 18:12:08.504 TRACE 55751 --- [    Test worker] o.h.type.descriptor.sql.BasicExtractor   : extracted value ([col_2_0_] : [DATE]) - [null]
2020-06-10 18:12:08.504 TRACE 55751 --- [    Test worker] o.h.type.descriptor.sql.BasicExtractor   : extracted value ([col_3_0_] : [VARCHAR]) - [|1.2.246.562.24.00000000001|]
2020-06-10 18:12:08.504 TRACE 55751 --- [    Test worker] o.h.type.descriptor.sql.BasicExtractor   : extracted value ([col_4_0_] : [VARCHAR]) - [1234569-5]
2020-06-10 18:12:08.504 TRACE 55751 --- [    Test worker] o.h.type.descriptor.sql.BasicExtractor   : extracted value ([col_5_0_] : [VARCHAR]) - [null]
2020-06-10 18:12:08.504 TRACE 55751 --- [    Test worker] o.h.type.descriptor.sql.BasicExtractor   : extracted value ([col_6_0_] : [VARCHAR]) - [null]
2020-06-10 18:12:08.504 TRACE 55751 --- [    Test worker] o.h.type.descriptor.sql.BasicExtractor   : extracted value ([col_7_0_] : [VARCHAR]) - [oppilaitostyyppi_42#1]
2020-06-10 18:12:08.504 TRACE 55751 --- [    Test worker] o.h.type.descriptor.sql.BasicExtractor   : extracted value ([col_8_0_] : [VARCHAR]) - [null]
2020-06-10 18:12:08.504 TRACE 55751 --- [    Test worker] o.h.type.descriptor.sql.BasicExtractor   : extracted value ([col_9_0_] : [VARCHAR]) - [fi]
2020-06-10 18:12:08.504 TRACE 55751 --- [    Test worker] o.h.type.descriptor.sql.BasicExtractor   : extracted value ([col_10_0_] : [VARCHAR]) - [node23 foo bar]
2020-06-10 18:12:08.504 TRACE 55751 --- [    Test worker] o.h.type.descriptor.sql.BasicExtractor   : extracted value ([col_11_0_] : [VARCHAR]) - [organisaatiotyyppi_07]
2020-06-10 18:12:08.504 TRACE 55751 --- [    Test worker] o.h.type.descriptor.sql.BasicExtractor   : extracted value ([col_12_0_] : [VARCHAR]) - [oppilaitoksenopetuskieli_2#1]
2020-06-10 18:12:08.504 TRACE 55751 --- [    Test worker] o.h.type.descriptor.sql.BasicExtractor   : extracted value ([col_13_0_] : [VARCHAR]) - [Helsinki]
2020-06-10 18:12:08.504 TRACE 55751 --- [    Test worker] o.h.type.descriptor.sql.BasicExtractor   : extracted value ([col_0_0_] : [VARCHAR]) - [1.2.8000.1]
2020-06-10 18:12:08.504 TRACE 55751 --- [    Test worker] o.h.type.descriptor.sql.BasicExtractor   : extracted value ([col_1_0_] : [DATE]) - [null]
2020-06-10 18:12:08.504 TRACE 55751 --- [    Test worker] o.h.type.descriptor.sql.BasicExtractor   : extracted value ([col_2_0_] : [DATE]) - [null]
2020-06-10 18:12:08.504 TRACE 55751 --- [    Test worker] o.h.type.descriptor.sql.BasicExtractor   : extracted value ([col_3_0_] : [VARCHAR]) - [|1.2.246.562.24.00000000001|]
2020-06-10 18:12:08.504 TRACE 55751 --- [    Test worker] o.h.type.descriptor.sql.BasicExtractor   : extracted value ([col_4_0_] : [VARCHAR]) - [1234569-5]
2020-06-10 18:12:08.504 TRACE 55751 --- [    Test worker] o.h.type.descriptor.sql.BasicExtractor   : extracted value ([col_5_0_] : [VARCHAR]) - [null]
2020-06-10 18:12:08.504 TRACE 55751 --- [    Test worker] o.h.type.descriptor.sql.BasicExtractor   : extracted value ([col_6_0_] : [VARCHAR]) - [null]
2020-06-10 18:12:08.504 TRACE 55751 --- [    Test worker] o.h.type.descriptor.sql.BasicExtractor   : extracted value ([col_7_0_] : [VARCHAR]) - [oppilaitostyyppi_42#1]
2020-06-10 18:12:08.504 TRACE 55751 --- [    Test worker] o.h.type.descriptor.sql.BasicExtractor   : extracted value ([col_8_0_] : [VARCHAR]) - [null]
2020-06-10 18:12:08.504 TRACE 55751 --- [    Test worker] o.h.type.descriptor.sql.BasicExtractor   : extracted value ([col_9_0_] : [VARCHAR]) - [fi]
2020-06-10 18:12:08.504 TRACE 55751 --- [    Test worker] o.h.type.descriptor.sql.BasicExtractor   : extracted value ([col_10_0_] : [VARCHAR]) - [node23 foo bar]
2020-06-10 18:12:08.504 TRACE 55751 --- [    Test worker] o.h.type.descriptor.sql.BasicExtractor   : extracted value ([col_11_0_] : [VARCHAR]) - [organisaatiotyyppi_07]
2020-06-10 18:12:08.504 TRACE 55751 --- [    Test worker] o.h.type.descriptor.sql.BasicExtractor   : extracted value ([col_12_0_] : [VARCHAR]) - [oppilaitoksenopetuskieli_3#1]
2020-06-10 18:12:08.504 TRACE 55751 --- [    Test worker] o.h.type.descriptor.sql.BasicExtractor   : extracted value ([col_13_0_] : [VARCHAR]) - [Helsinki]
Hibernate: 
    select
        organisaat0_.oid as col_0_0_,
        organisaat0_.alkupvm as col_1_0_,
        organisaat0_.lakkautuspvm as col_2_0_,
        organisaat0_.parentoidpath as col_3_0_,
        organisaat0_.ytunnus as col_4_0_,
        organisaat0_.virastotunnus as col_5_0_,
        organisaat0_.oppilaitoskoodi as col_6_0_,
        organisaat0_.oppilaitos_tyyppi as col_7_0_,
        organisaat0_.toimipistekoodi as col_8_0_,
        values3_.key as col_9_0_,
        values3_.value as col_10_0_,
        tyypit1_.tyypit as col_11_0_,
        kielet4_.kielet as col_12_0_,
        organisaat0_.kotipaikka as col_13_0_ 
    from
        organisaatio organisaat0_ 
    inner join
        organisaatio_tyypit tyypit1_ 
            on organisaat0_.id=tyypit1_.organisaatio_id 
    left outer join
        monikielinen_teksti monikielin2_ 
            on organisaat0_.nimi_mkt=monikielin2_.id 
    left outer join
        monikielinen_teksti_values values3_ 
            on monikielin2_.id=values3_.id 
    left outer join
        organisaatio_kielet kielet4_ 
            on organisaat0_.id=kielet4_.organisaatio_id 
    where
        (
            organisaat0_.lakkautuspvm is null 
            or organisaat0_.lakkautuspvm>=?
        ) 
        and organisaat0_.organisaatio_poistettu=? 
        and tyypit1_.tyypit<>? 
        and (
            organisaat0_.parentoidpath like ? escape '!' 
            or organisaat0_.parentoidpath like ? escape '!' 
            or organisaat0_.parentoidpath like ? escape '!'
        )
2020-06-10 18:12:08.511 TRACE 55751 --- [    Test worker] o.h.type.descriptor.sql.BasicBinder      : binding parameter [1] as [DATE] - [Wed Jun 10 18:12:08 EEST 2020]
2020-06-10 18:12:08.511 TRACE 55751 --- [    Test worker] o.h.type.descriptor.sql.BasicBinder      : binding parameter [2] as [BOOLEAN] - [false]
2020-06-10 18:12:08.511 TRACE 55751 --- [    Test worker] o.h.type.descriptor.sql.BasicBinder      : binding parameter [3] as [VARCHAR] - [Ryhma]
2020-06-10 18:12:08.511 TRACE 55751 --- [    Test worker] o.h.type.descriptor.sql.BasicBinder      : binding parameter [4] as [VARCHAR] - [|1.2.246.562.24.00000000001|1.2.2004.1|%]
2020-06-10 18:12:08.511 TRACE 55751 --- [    Test worker] o.h.type.descriptor.sql.BasicBinder      : binding parameter [5] as [VARCHAR] - [|1.2.246.562.24.00000000001|1.2.2004.5|%]
2020-06-10 18:12:08.511 TRACE 55751 --- [    Test worker] o.h.type.descriptor.sql.BasicBinder      : binding parameter [6] as [VARCHAR] - [|1.2.246.562.24.00000000001|1.2.8000.1|%]
2020-06-10 18:12:08.512 TRACE 55751 --- [    Test worker] o.h.type.descriptor.sql.BasicExtractor   : extracted value ([col_0_0_] : [VARCHAR]) - [1.2.2004.2]
2020-06-10 18:12:08.512 TRACE 55751 --- [    Test worker] o.h.type.descriptor.sql.BasicExtractor   : extracted value ([col_1_0_] : [DATE]) - [2013-06-29]
2020-06-10 18:12:08.512 TRACE 55751 --- [    Test worker] o.h.type.descriptor.sql.BasicExtractor   : extracted value ([col_2_0_] : [DATE]) - [null]
2020-06-10 18:12:08.512 TRACE 55751 --- [    Test worker] o.h.type.descriptor.sql.BasicExtractor   : extracted value ([col_3_0_] : [VARCHAR]) - [|1.2.246.562.24.00000000001|1.2.2004.1|]
2020-06-10 18:12:08.512 TRACE 55751 --- [    Test worker] o.h.type.descriptor.sql.BasicExtractor   : extracted value ([col_4_0_] : [VARCHAR]) - [1234567-2]
2020-06-10 18:12:08.512 TRACE 55751 --- [    Test worker] o.h.type.descriptor.sql.BasicExtractor   : extracted value ([col_5_0_] : [VARCHAR]) - [null]
2020-06-10 18:12:08.512 TRACE 55751 --- [    Test worker] o.h.type.descriptor.sql.BasicExtractor   : extracted value ([col_6_0_] : [VARCHAR]) - [null]
2020-06-10 18:12:08.512 TRACE 55751 --- [    Test worker] o.h.type.descriptor.sql.BasicExtractor   : extracted value ([col_7_0_] : [VARCHAR]) - [oppilaitostyyppi_41#1]
2020-06-10 18:12:08.512 TRACE 55751 --- [    Test worker] o.h.type.descriptor.sql.BasicExtractor   : extracted value ([col_8_0_] : [VARCHAR]) - [123451]
2020-06-10 18:12:08.512 TRACE 55751 --- [    Test worker] o.h.type.descriptor.sql.BasicExtractor   : extracted value ([col_9_0_] : [VARCHAR]) - [fi]
2020-06-10 18:12:08.512 TRACE 55751 --- [    Test worker] o.h.type.descriptor.sql.BasicExtractor   : extracted value ([col_10_0_] : [VARCHAR]) - [node1 asd]
2020-06-10 18:12:08.512 TRACE 55751 --- [    Test worker] o.h.type.descriptor.sql.BasicExtractor   : extracted value ([col_11_0_] : [VARCHAR]) - [organisaatiotyyppi_03]
2020-06-10 18:12:08.512 TRACE 55751 --- [    Test worker] o.h.type.descriptor.sql.BasicExtractor   : extracted value ([col_12_0_] : [VARCHAR]) - [null]
2020-06-10 18:12:08.512 TRACE 55751 --- [    Test worker] o.h.type.descriptor.sql.BasicExtractor   : extracted value ([col_13_0_] : [VARCHAR]) - [Helsinki]
2020-06-10 18:12:08.512 TRACE 55751 --- [    Test worker] o.h.type.descriptor.sql.BasicExtractor   : extracted value ([col_0_0_] : [VARCHAR]) - [1.2.2004.2]
2020-06-10 18:12:08.512 TRACE 55751 --- [    Test worker] o.h.type.descriptor.sql.BasicExtractor   : extracted value ([col_1_0_] : [DATE]) - [2013-06-29]
2020-06-10 18:12:08.512 TRACE 55751 --- [    Test worker] o.h.type.descriptor.sql.BasicExtractor   : extracted value ([col_2_0_] : [DATE]) - [null]
2020-06-10 18:12:08.512 TRACE 55751 --- [    Test worker] o.h.type.descriptor.sql.BasicExtractor   : extracted value ([col_3_0_] : [VARCHAR]) - [|1.2.246.562.24.00000000001|1.2.2004.1|]
2020-06-10 18:12:08.512 TRACE 55751 --- [    Test worker] o.h.type.descriptor.sql.BasicExtractor   : extracted value ([col_4_0_] : [VARCHAR]) - [1234567-2]
2020-06-10 18:12:08.512 TRACE 55751 --- [    Test worker] o.h.type.descriptor.sql.BasicExtractor   : extracted value ([col_5_0_] : [VARCHAR]) - [null]
2020-06-10 18:12:08.512 TRACE 55751 --- [    Test worker] o.h.type.descriptor.sql.BasicExtractor   : extracted value ([col_6_0_] : [VARCHAR]) - [null]
2020-06-10 18:12:08.512 TRACE 55751 --- [    Test worker] o.h.type.descriptor.sql.BasicExtractor   : extracted value ([col_7_0_] : [VARCHAR]) - [oppilaitostyyppi_41#1]
2020-06-10 18:12:08.512 TRACE 55751 --- [    Test worker] o.h.type.descriptor.sql.BasicExtractor   : extracted value ([col_8_0_] : [VARCHAR]) - [123451]
2020-06-10 18:12:08.512 TRACE 55751 --- [    Test worker] o.h.type.descriptor.sql.BasicExtractor   : extracted value ([col_9_0_] : [VARCHAR]) - [fi]
2020-06-10 18:12:08.512 TRACE 55751 --- [    Test worker] o.h.type.descriptor.sql.BasicExtractor   : extracted value ([col_10_0_] : [VARCHAR]) - [node1 asd]
2020-06-10 18:12:08.512 TRACE 55751 --- [    Test worker] o.h.type.descriptor.sql.BasicExtractor   : extracted value ([col_11_0_] : [VARCHAR]) - [organisaatiotyyppi_02]
2020-06-10 18:12:08.512 TRACE 55751 --- [    Test worker] o.h.type.descriptor.sql.BasicExtractor   : extracted value ([col_12_0_] : [VARCHAR]) - [null]
2020-06-10 18:12:08.512 TRACE 55751 --- [    Test worker] o.h.type.descriptor.sql.BasicExtractor   : extracted value ([col_13_0_] : [VARCHAR]) - [Helsinki]
2020-06-10 18:12:08.512 TRACE 55751 --- [    Test worker] o.h.type.descriptor.sql.BasicExtractor   : extracted value ([col_0_0_] : [VARCHAR]) - [1.2.2004.2]
2020-06-10 18:12:08.512 TRACE 55751 --- [    Test worker] o.h.type.descriptor.sql.BasicExtractor   : extracted value ([col_1_0_] : [DATE]) - [2013-06-29]
2020-06-10 18:12:08.512 TRACE 55751 --- [    Test worker] o.h.type.descriptor.sql.BasicExtractor   : extracted value ([col_2_0_] : [DATE]) - [null]
2020-06-10 18:12:08.512 TRACE 55751 --- [    Test worker] o.h.type.descriptor.sql.BasicExtractor   : extracted value ([col_3_0_] : [VARCHAR]) - [|1.2.246.562.24.00000000001|1.2.2004.1|]
2020-06-10 18:12:08.512 TRACE 55751 --- [    Test worker] o.h.type.descriptor.sql.BasicExtractor   : extracted value ([col_4_0_] : [VARCHAR]) - [1234567-2]
2020-06-10 18:12:08.512 TRACE 55751 --- [    Test worker] o.h.type.descriptor.sql.BasicExtractor   : extracted value ([col_5_0_] : [VARCHAR]) - [null]
2020-06-10 18:12:08.512 TRACE 55751 --- [    Test worker] o.h.type.descriptor.sql.BasicExtractor   : extracted value ([col_6_0_] : [VARCHAR]) - [null]
2020-06-10 18:12:08.512 TRACE 55751 --- [    Test worker] o.h.type.descriptor.sql.BasicExtractor   : extracted value ([col_7_0_] : [VARCHAR]) - [oppilaitostyyppi_41#1]
2020-06-10 18:12:08.512 TRACE 55751 --- [    Test worker] o.h.type.descriptor.sql.BasicExtractor   : extracted value ([col_8_0_] : [VARCHAR]) - [123451]
2020-06-10 18:12:08.512 TRACE 55751 --- [    Test worker] o.h.type.descriptor.sql.BasicExtractor   : extracted value ([col_9_0_] : [VARCHAR]) - [fi]
2020-06-10 18:12:08.513 TRACE 55751 --- [    Test worker] o.h.type.descriptor.sql.BasicExtractor   : extracted value ([col_10_0_] : [VARCHAR]) - [node1 asd]
2020-06-10 18:12:08.513 TRACE 55751 --- [    Test worker] o.h.type.descriptor.sql.BasicExtractor   : extracted value ([col_11_0_] : [VARCHAR]) - [organisaatiotyyppi_04]
2020-06-10 18:12:08.513 TRACE 55751 --- [    Test worker] o.h.type.descriptor.sql.BasicExtractor   : extracted value ([col_12_0_] : [VARCHAR]) - [null]
2020-06-10 18:12:08.513 TRACE 55751 --- [    Test worker] o.h.type.descriptor.sql.BasicExtractor   : extracted value ([col_13_0_] : [VARCHAR]) - [Helsinki]
2020-06-10 18:12:08.513 TRACE 55751 --- [    Test worker] o.h.type.descriptor.sql.BasicExtractor   : extracted value ([col_0_0_] : [VARCHAR]) - [1.2.2004.3]
2020-06-10 18:12:08.513 TRACE 55751 --- [    Test worker] o.h.type.descriptor.sql.BasicExtractor   : extracted value ([col_1_0_] : [DATE]) - [null]
2020-06-10 18:12:08.513 TRACE 55751 --- [    Test worker] o.h.type.descriptor.sql.BasicExtractor   : extracted value ([col_2_0_] : [DATE]) - [null]
2020-06-10 18:12:08.513 TRACE 55751 --- [    Test worker] o.h.type.descriptor.sql.BasicExtractor   : extracted value ([col_3_0_] : [VARCHAR]) - [|1.2.246.562.24.00000000001|1.2.2004.1|]
2020-06-10 18:12:08.513 TRACE 55751 --- [    Test worker] o.h.type.descriptor.sql.BasicExtractor   : extracted value ([col_4_0_] : [VARCHAR]) - [1234567-3]
2020-06-10 18:12:08.513 TRACE 55751 --- [    Test worker] o.h.type.descriptor.sql.BasicExtractor   : extracted value ([col_5_0_] : [VARCHAR]) - [null]
2020-06-10 18:12:08.513 TRACE 55751 --- [    Test worker] o.h.type.descriptor.sql.BasicExtractor   : extracted value ([col_6_0_] : [VARCHAR]) - [null]
2020-06-10 18:12:08.513 TRACE 55751 --- [    Test worker] o.h.type.descriptor.sql.BasicExtractor   : extracted value ([col_7_0_] : [VARCHAR]) - [oppilaitostyyppi_42#1]
2020-06-10 18:12:08.513 TRACE 55751 --- [    Test worker] o.h.type.descriptor.sql.BasicExtractor   : extracted value ([col_8_0_] : [VARCHAR]) - [123452]
2020-06-10 18:12:08.513 TRACE 55751 --- [    Test worker] o.h.type.descriptor.sql.BasicExtractor   : extracted value ([col_9_0_] : [VARCHAR]) - [fi]
2020-06-10 18:12:08.513 TRACE 55751 --- [    Test worker] o.h.type.descriptor.sql.BasicExtractor   : extracted value ([col_10_0_] : [VARCHAR]) - [node2 foo]
2020-06-10 18:12:08.513 TRACE 55751 --- [    Test worker] o.h.type.descriptor.sql.BasicExtractor   : extracted value ([col_11_0_] : [VARCHAR]) - [organisaatiotyyppi_03]
2020-06-10 18:12:08.513 TRACE 55751 --- [    Test worker] o.h.type.descriptor.sql.BasicExtractor   : extracted value ([col_12_0_] : [VARCHAR]) - [null]
2020-06-10 18:12:08.513 TRACE 55751 --- [    Test worker] o.h.type.descriptor.sql.BasicExtractor   : extracted value ([col_13_0_] : [VARCHAR]) - [Helsinki]
2020-06-10 18:12:08.513 TRACE 55751 --- [    Test worker] o.h.type.descriptor.sql.BasicExtractor   : extracted value ([col_0_0_] : [VARCHAR]) - [1.2.2004.3]
2020-06-10 18:12:08.513 TRACE 55751 --- [    Test worker] o.h.type.descriptor.sql.BasicExtractor   : extracted value ([col_1_0_] : [DATE]) - [null]
2020-06-10 18:12:08.513 TRACE 55751 --- [    Test worker] o.h.type.descriptor.sql.BasicExtractor   : extracted value ([col_2_0_] : [DATE]) - [null]
2020-06-10 18:12:08.513 TRACE 55751 --- [    Test worker] o.h.type.descriptor.sql.BasicExtractor   : extracted value ([col_3_0_] : [VARCHAR]) - [|1.2.246.562.24.00000000001|1.2.2004.1|]
2020-06-10 18:12:08.513 TRACE 55751 --- [    Test worker] o.h.type.descriptor.sql.BasicExtractor   : extracted value ([col_4_0_] : [VARCHAR]) - [1234567-3]
2020-06-10 18:12:08.513 TRACE 55751 --- [    Test worker] o.h.type.descriptor.sql.BasicExtractor   : extracted value ([col_5_0_] : [VARCHAR]) - [null]
2020-06-10 18:12:08.513 TRACE 55751 --- [    Test worker] o.h.type.descriptor.sql.BasicExtractor   : extracted value ([col_6_0_] : [VARCHAR]) - [null]
2020-06-10 18:12:08.513 TRACE 55751 --- [    Test worker] o.h.type.descriptor.sql.BasicExtractor   : extracted value ([col_7_0_] : [VARCHAR]) - [oppilaitostyyppi_42#1]
2020-06-10 18:12:08.513 TRACE 55751 --- [    Test worker] o.h.type.descriptor.sql.BasicExtractor   : extracted value ([col_8_0_] : [VARCHAR]) - [123452]
2020-06-10 18:12:08.513 TRACE 55751 --- [    Test worker] o.h.type.descriptor.sql.BasicExtractor   : extracted value ([col_9_0_] : [VARCHAR]) - [fi]
2020-06-10 18:12:08.513 TRACE 55751 --- [    Test worker] o.h.type.descriptor.sql.BasicExtractor   : extracted value ([col_10_0_] : [VARCHAR]) - [node2 foo]
2020-06-10 18:12:08.513 TRACE 55751 --- [    Test worker] o.h.type.descriptor.sql.BasicExtractor   : extracted value ([col_11_0_] : [VARCHAR]) - [organisaatiotyyppi_02]
2020-06-10 18:12:08.513 TRACE 55751 --- [    Test worker] o.h.type.descriptor.sql.BasicExtractor   : extracted value ([col_12_0_] : [VARCHAR]) - [null]
2020-06-10 18:12:08.513 TRACE 55751 --- [    Test worker] o.h.type.descriptor.sql.BasicExtractor   : extracted value ([col_13_0_] : [VARCHAR]) - [Helsinki]
2020-06-10 18:12:08.513 TRACE 55751 --- [    Test worker] o.h.type.descriptor.sql.BasicExtractor   : extracted value ([col_0_0_] : [VARCHAR]) - [1.2.2004.3]
2020-06-10 18:12:08.513 TRACE 55751 --- [    Test worker] o.h.type.descriptor.sql.BasicExtractor   : extracted value ([col_1_0_] : [DATE]) - [null]
2020-06-10 18:12:08.513 TRACE 55751 --- [    Test worker] o.h.type.descriptor.sql.BasicExtractor   : extracted value ([col_2_0_] : [DATE]) - [null]
2020-06-10 18:12:08.513 TRACE 55751 --- [    Test worker] o.h.type.descriptor.sql.BasicExtractor   : extracted value ([col_3_0_] : [VARCHAR]) - [|1.2.246.562.24.00000000001|1.2.2004.1|]
2020-06-10 18:12:08.513 TRACE 55751 --- [    Test worker] o.h.type.descriptor.sql.BasicExtractor   : extracted value ([col_4_0_] : [VARCHAR]) - [1234567-3]
2020-06-10 18:12:08.513 TRACE 55751 --- [    Test worker] o.h.type.descriptor.sql.BasicExtractor   : extracted value ([col_5_0_] : [VARCHAR]) - [null]
2020-06-10 18:12:08.513 TRACE 55751 --- [    Test worker] o.h.type.descriptor.sql.BasicExtractor   : extracted value ([col_6_0_] : [VARCHAR]) - [null]
2020-06-10 18:12:08.513 TRACE 55751 --- [    Test worker] o.h.type.descriptor.sql.BasicExtractor   : extracted value ([col_7_0_] : [VARCHAR]) - [oppilaitostyyppi_42#1]
2020-06-10 18:12:08.513 TRACE 55751 --- [    Test worker] o.h.type.descriptor.sql.BasicExtractor   : extracted value ([col_8_0_] : [VARCHAR]) - [123452]
2020-06-10 18:12:08.513 TRACE 55751 --- [    Test worker] o.h.type.descriptor.sql.BasicExtractor   : extracted value ([col_9_0_] : [VARCHAR]) - [fi]
2020-06-10 18:12:08.513 TRACE 55751 --- [    Test worker] o.h.type.descriptor.sql.BasicExtractor   : extracted value ([col_10_0_] : [VARCHAR]) - [node2 foo]
2020-06-10 18:12:08.513 TRACE 55751 --- [    Test worker] o.h.type.descriptor.sql.BasicExtractor   : extracted value ([col_11_0_] : [VARCHAR]) - [organisaatiotyyppi_04]
2020-06-10 18:12:08.513 TRACE 55751 --- [    Test worker] o.h.type.descriptor.sql.BasicExtractor   : extracted value ([col_12_0_] : [VARCHAR]) - [null]
2020-06-10 18:12:08.513 TRACE 55751 --- [    Test worker] o.h.type.descriptor.sql.BasicExtractor   : extracted value ([col_13_0_] : [VARCHAR]) - [Helsinki]
2020-06-10 18:12:08.513 TRACE 55751 --- [    Test worker] o.h.type.descriptor.sql.BasicExtractor   : extracted value ([col_0_0_] : [VARCHAR]) - [1.2.2004.4]
2020-06-10 18:12:08.513 TRACE 55751 --- [    Test worker] o.h.type.descriptor.sql.BasicExtractor   : extracted value ([col_1_0_] : [DATE]) - [null]
2020-06-10 18:12:08.513 TRACE 55751 --- [    Test worker] o.h.type.descriptor.sql.BasicExtractor   : extracted value ([col_2_0_] : [DATE]) - [null]
2020-06-10 18:12:08.513 TRACE 55751 --- [    Test worker] o.h.type.descriptor.sql.BasicExtractor   : extracted value ([col_3_0_] : [VARCHAR]) - [|1.2.246.562.24.00000000001|1.2.2004.1|1.2.2004.3|]
2020-06-10 18:12:08.513 TRACE 55751 --- [    Test worker] o.h.type.descriptor.sql.BasicExtractor   : extracted value ([col_4_0_] : [VARCHAR]) - [1234567-4]
2020-06-10 18:12:08.513 TRACE 55751 --- [    Test worker] o.h.type.descriptor.sql.BasicExtractor   : extracted value ([col_5_0_] : [VARCHAR]) - [null]
2020-06-10 18:12:08.513 TRACE 55751 --- [    Test worker] o.h.type.descriptor.sql.BasicExtractor   : extracted value ([col_6_0_] : [VARCHAR]) - [null]
2020-06-10 18:12:08.513 TRACE 55751 --- [    Test worker] o.h.type.descriptor.sql.BasicExtractor   : extracted value ([col_7_0_] : [VARCHAR]) - [oppilaitostyyppi_42#1]
2020-06-10 18:12:08.513 TRACE 55751 --- [    Test worker] o.h.type.descriptor.sql.BasicExtractor   : extracted value ([col_8_0_] : [VARCHAR]) - [null]
2020-06-10 18:12:08.513 TRACE 55751 --- [    Test worker] o.h.type.descriptor.sql.BasicExtractor   : extracted value ([col_9_0_] : [VARCHAR]) - [fi]
2020-06-10 18:12:08.513 TRACE 55751 --- [    Test worker] o.h.type.descriptor.sql.BasicExtractor   : extracted value ([col_10_0_] : [VARCHAR]) - [node22 foo bar]
2020-06-10 18:12:08.513 TRACE 55751 --- [    Test worker] o.h.type.descriptor.sql.BasicExtractor   : extracted value ([col_11_0_] : [VARCHAR]) - [organisaatiotyyppi_03]
2020-06-10 18:12:08.513 TRACE 55751 --- [    Test worker] o.h.type.descriptor.sql.BasicExtractor   : extracted value ([col_12_0_] : [VARCHAR]) - [null]
2020-06-10 18:12:08.513 TRACE 55751 --- [    Test worker] o.h.type.descriptor.sql.BasicExtractor   : extracted value ([col_13_0_] : [VARCHAR]) - [Helsinki]
2020-06-10 18:12:08.513 TRACE 55751 --- [    Test worker] o.h.type.descriptor.sql.BasicExtractor   : extracted value ([col_0_0_] : [VARCHAR]) - [1.2.2004.4]
2020-06-10 18:12:08.513 TRACE 55751 --- [    Test worker] o.h.type.descriptor.sql.BasicExtractor   : extracted value ([col_1_0_] : [DATE]) - [null]
2020-06-10 18:12:08.514 TRACE 55751 --- [    Test worker] o.h.type.descriptor.sql.BasicExtractor   : extracted value ([col_2_0_] : [DATE]) - [null]
2020-06-10 18:12:08.514 TRACE 55751 --- [    Test worker] o.h.type.descriptor.sql.BasicExtractor   : extracted value ([col_3_0_] : [VARCHAR]) - [|1.2.246.562.24.00000000001|1.2.2004.1|1.2.2004.3|]
2020-06-10 18:12:08.514 TRACE 55751 --- [    Test worker] o.h.type.descriptor.sql.BasicExtractor   : extracted value ([col_4_0_] : [VARCHAR]) - [1234567-4]
2020-06-10 18:12:08.514 TRACE 55751 --- [    Test worker] o.h.type.descriptor.sql.BasicExtractor   : extracted value ([col_5_0_] : [VARCHAR]) - [null]
2020-06-10 18:12:08.514 TRACE 55751 --- [    Test worker] o.h.type.descriptor.sql.BasicExtractor   : extracted value ([col_6_0_] : [VARCHAR]) - [null]
2020-06-10 18:12:08.514 TRACE 55751 --- [    Test worker] o.h.type.descriptor.sql.BasicExtractor   : extracted value ([col_7_0_] : [VARCHAR]) - [oppilaitostyyppi_42#1]
2020-06-10 18:12:08.514 TRACE 55751 --- [    Test worker] o.h.type.descriptor.sql.BasicExtractor   : extracted value ([col_8_0_] : [VARCHAR]) - [null]
2020-06-10 18:12:08.514 TRACE 55751 --- [    Test worker] o.h.type.descriptor.sql.BasicExtractor   : extracted value ([col_9_0_] : [VARCHAR]) - [fi]
2020-06-10 18:12:08.514 TRACE 55751 --- [    Test worker] o.h.type.descriptor.sql.BasicExtractor   : extracted value ([col_10_0_] : [VARCHAR]) - [node22 foo bar]
2020-06-10 18:12:08.514 TRACE 55751 --- [    Test worker] o.h.type.descriptor.sql.BasicExtractor   : extracted value ([col_11_0_] : [VARCHAR]) - [organisaatiotyyppi_02]
2020-06-10 18:12:08.514 TRACE 55751 --- [    Test worker] o.h.type.descriptor.sql.BasicExtractor   : extracted value ([col_12_0_] : [VARCHAR]) - [null]
2020-06-10 18:12:08.514 TRACE 55751 --- [    Test worker] o.h.type.descriptor.sql.BasicExtractor   : extracted value ([col_13_0_] : [VARCHAR]) - [Helsinki]
2020-06-10 18:12:08.514 TRACE 55751 --- [    Test worker] o.h.type.descriptor.sql.BasicExtractor   : extracted value ([col_0_0_] : [VARCHAR]) - [1.2.2004.4]
2020-06-10 18:12:08.514 TRACE 55751 --- [    Test worker] o.h.type.descriptor.sql.BasicExtractor   : extracted value ([col_1_0_] : [DATE]) - [null]
2020-06-10 18:12:08.514 TRACE 55751 --- [    Test worker] o.h.type.descriptor.sql.BasicExtractor   : extracted value ([col_2_0_] : [DATE]) - [null]
2020-06-10 18:12:08.514 TRACE 55751 --- [    Test worker] o.h.type.descriptor.sql.BasicExtractor   : extracted value ([col_3_0_] : [VARCHAR]) - [|1.2.246.562.24.00000000001|1.2.2004.1|1.2.2004.3|]
2020-06-10 18:12:08.514 TRACE 55751 --- [    Test worker] o.h.type.descriptor.sql.BasicExtractor   : extracted value ([col_4_0_] : [VARCHAR]) - [1234567-4]
2020-06-10 18:12:08.514 TRACE 55751 --- [    Test worker] o.h.type.descriptor.sql.BasicExtractor   : extracted value ([col_5_0_] : [VARCHAR]) - [null]
2020-06-10 18:12:08.514 TRACE 55751 --- [    Test worker] o.h.type.descriptor.sql.BasicExtractor   : extracted value ([col_6_0_] : [VARCHAR]) - [null]
2020-06-10 18:12:08.514 TRACE 55751 --- [    Test worker] o.h.type.descriptor.sql.BasicExtractor   : extracted value ([col_7_0_] : [VARCHAR]) - [oppilaitostyyppi_42#1]
2020-06-10 18:12:08.514 TRACE 55751 --- [    Test worker] o.h.type.descriptor.sql.BasicExtractor   : extracted value ([col_8_0_] : [VARCHAR]) - [null]
2020-06-10 18:12:08.514 TRACE 55751 --- [    Test worker] o.h.type.descriptor.sql.BasicExtractor   : extracted value ([col_9_0_] : [VARCHAR]) - [fi]
2020-06-10 18:12:08.514 TRACE 55751 --- [    Test worker] o.h.type.descriptor.sql.BasicExtractor   : extracted value ([col_10_0_] : [VARCHAR]) - [node22 foo bar]
2020-06-10 18:12:08.514 TRACE 55751 --- [    Test worker] o.h.type.descriptor.sql.BasicExtractor   : extracted value ([col_11_0_] : [VARCHAR]) - [organisaatiotyyppi_04]
2020-06-10 18:12:08.514 TRACE 55751 --- [    Test worker] o.h.type.descriptor.sql.BasicExtractor   : extracted value ([col_12_0_] : [VARCHAR]) - [null]
2020-06-10 18:12:08.514 TRACE 55751 --- [    Test worker] o.h.type.descriptor.sql.BasicExtractor   : extracted value ([col_13_0_] : [VARCHAR]) - [Helsinki]
2020-06-10 18:12:08.514 TRACE 55751 --- [    Test worker] o.h.type.descriptor.sql.BasicExtractor   : extracted value ([col_0_0_] : [VARCHAR]) - [1.2.2005.4]
2020-06-10 18:12:08.514 TRACE 55751 --- [    Test worker] o.h.type.descriptor.sql.BasicExtractor   : extracted value ([col_1_0_] : [DATE]) - [2010-08-29]
2020-06-10 18:12:08.514 TRACE 55751 --- [    Test worker] o.h.type.descriptor.sql.BasicExtractor   : extracted value ([col_2_0_] : [DATE]) - [null]
2020-06-10 18:12:08.514 TRACE 55751 --- [    Test worker] o.h.type.descriptor.sql.BasicExtractor   : extracted value ([col_3_0_] : [VARCHAR]) - [|1.2.246.562.24.00000000001|1.2.2004.1|1.2.2004.3|]
2020-06-10 18:12:08.514 TRACE 55751 --- [    Test worker] o.h.type.descriptor.sql.BasicExtractor   : extracted value ([col_4_0_] : [VARCHAR]) - [1234568-4]
2020-06-10 18:12:08.514 TRACE 55751 --- [    Test worker] o.h.type.descriptor.sql.BasicExtractor   : extracted value ([col_5_0_] : [VARCHAR]) - [null]
2020-06-10 18:12:08.514 TRACE 55751 --- [    Test worker] o.h.type.descriptor.sql.BasicExtractor   : extracted value ([col_6_0_] : [VARCHAR]) - [null]
2020-06-10 18:12:08.514 TRACE 55751 --- [    Test worker] o.h.type.descriptor.sql.BasicExtractor   : extracted value ([col_7_0_] : [VARCHAR]) - [oppilaitostyyppi_42#1]
2020-06-10 18:12:08.514 TRACE 55751 --- [    Test worker] o.h.type.descriptor.sql.BasicExtractor   : extracted value ([col_8_0_] : [VARCHAR]) - [null]
2020-06-10 18:12:08.514 TRACE 55751 --- [    Test worker] o.h.type.descriptor.sql.BasicExtractor   : extracted value ([col_9_0_] : [VARCHAR]) - [fi]
2020-06-10 18:12:08.514 TRACE 55751 --- [    Test worker] o.h.type.descriptor.sql.BasicExtractor   : extracted value ([col_10_0_] : [VARCHAR]) - [node23 foo bar]
2020-06-10 18:12:08.514 TRACE 55751 --- [    Test worker] o.h.type.descriptor.sql.BasicExtractor   : extracted value ([col_11_0_] : [VARCHAR]) - [organisaatiotyyppi_03]
2020-06-10 18:12:08.514 TRACE 55751 --- [    Test worker] o.h.type.descriptor.sql.BasicExtractor   : extracted value ([col_12_0_] : [VARCHAR]) - [null]
2020-06-10 18:12:08.514 TRACE 55751 --- [    Test worker] o.h.type.descriptor.sql.BasicExtractor   : extracted value ([col_13_0_] : [VARCHAR]) - [Helsinki]
2020-06-10 18:12:08.514 TRACE 55751 --- [    Test worker] o.h.type.descriptor.sql.BasicExtractor   : extracted value ([col_0_0_] : [VARCHAR]) - [1.2.2005.4]
2020-06-10 18:12:08.514 TRACE 55751 --- [    Test worker] o.h.type.descriptor.sql.BasicExtractor   : extracted value ([col_1_0_] : [DATE]) - [2010-08-29]
2020-06-10 18:12:08.514 TRACE 55751 --- [    Test worker] o.h.type.descriptor.sql.BasicExtractor   : extracted value ([col_2_0_] : [DATE]) - [null]
2020-06-10 18:12:08.514 TRACE 55751 --- [    Test worker] o.h.type.descriptor.sql.BasicExtractor   : extracted value ([col_3_0_] : [VARCHAR]) - [|1.2.246.562.24.00000000001|1.2.2004.1|1.2.2004.3|]
2020-06-10 18:12:08.514 TRACE 55751 --- [    Test worker] o.h.type.descriptor.sql.BasicExtractor   : extracted value ([col_4_0_] : [VARCHAR]) - [1234568-4]
2020-06-10 18:12:08.514 TRACE 55751 --- [    Test worker] o.h.type.descriptor.sql.BasicExtractor   : extracted value ([col_5_0_] : [VARCHAR]) - [null]
2020-06-10 18:12:08.514 TRACE 55751 --- [    Test worker] o.h.type.descriptor.sql.BasicExtractor   : extracted value ([col_6_0_] : [VARCHAR]) - [null]
2020-06-10 18:12:08.514 TRACE 55751 --- [    Test worker] o.h.type.descriptor.sql.BasicExtractor   : extracted value ([col_7_0_] : [VARCHAR]) - [oppilaitostyyppi_42#1]
2020-06-10 18:12:08.514 TRACE 55751 --- [    Test worker] o.h.type.descriptor.sql.BasicExtractor   : extracted value ([col_8_0_] : [VARCHAR]) - [null]
2020-06-10 18:12:08.514 TRACE 55751 --- [    Test worker] o.h.type.descriptor.sql.BasicExtractor   : extracted value ([col_9_0_] : [VARCHAR]) - [fi]
2020-06-10 18:12:08.514 TRACE 55751 --- [    Test worker] o.h.type.descriptor.sql.BasicExtractor   : extracted value ([col_10_0_] : [VARCHAR]) - [node23 foo bar]
2020-06-10 18:12:08.514 TRACE 55751 --- [    Test worker] o.h.type.descriptor.sql.BasicExtractor   : extracted value ([col_11_0_] : [VARCHAR]) - [organisaatiotyyppi_02]
2020-06-10 18:12:08.514 TRACE 55751 --- [    Test worker] o.h.type.descriptor.sql.BasicExtractor   : extracted value ([col_12_0_] : [VARCHAR]) - [null]
2020-06-10 18:12:08.514 TRACE 55751 --- [    Test worker] o.h.type.descriptor.sql.BasicExtractor   : extracted value ([col_13_0_] : [VARCHAR]) - [Helsinki]
2020-06-10 18:12:08.514 TRACE 55751 --- [    Test worker] o.h.type.descriptor.sql.BasicExtractor   : extracted value ([col_0_0_] : [VARCHAR]) - [1.2.2005.4]
2020-06-10 18:12:08.514 TRACE 55751 --- [    Test worker] o.h.type.descriptor.sql.BasicExtractor   : extracted value ([col_1_0_] : [DATE]) - [2010-08-29]
2020-06-10 18:12:08.514 TRACE 55751 --- [    Test worker] o.h.type.descriptor.sql.BasicExtractor   : extracted value ([col_2_0_] : [DATE]) - [null]
2020-06-10 18:12:08.514 TRACE 55751 --- [    Test worker] o.h.type.descriptor.sql.BasicExtractor   : extracted value ([col_3_0_] : [VARCHAR]) - [|1.2.246.562.24.00000000001|1.2.2004.1|1.2.2004.3|]
2020-06-10 18:12:08.514 TRACE 55751 --- [    Test worker] o.h.type.descriptor.sql.BasicExtractor   : extracted value ([col_4_0_] : [VARCHAR]) - [1234568-4]
2020-06-10 18:12:08.514 TRACE 55751 --- [    Test worker] o.h.type.descriptor.sql.BasicExtractor   : extracted value ([col_5_0_] : [VARCHAR]) - [null]
2020-06-10 18:12:08.514 TRACE 55751 --- [    Test worker] o.h.type.descriptor.sql.BasicExtractor   : extracted value ([col_6_0_] : [VARCHAR]) - [null]
2020-06-10 18:12:08.514 TRACE 55751 --- [    Test worker] o.h.type.descriptor.sql.BasicExtractor   : extracted value ([col_7_0_] : [VARCHAR]) - [oppilaitostyyppi_42#1]
2020-06-10 18:12:08.514 TRACE 55751 --- [    Test worker] o.h.type.descriptor.sql.BasicExtractor   : extracted value ([col_8_0_] : [VARCHAR]) - [null]
2020-06-10 18:12:08.515 TRACE 55751 --- [    Test worker] o.h.type.descriptor.sql.BasicExtractor   : extracted value ([col_9_0_] : [VARCHAR]) - [fi]
2020-06-10 18:12:08.515 TRACE 55751 --- [    Test worker] o.h.type.descriptor.sql.BasicExtractor   : extracted value ([col_10_0_] : [VARCHAR]) - [node23 foo bar]
2020-06-10 18:12:08.515 TRACE 55751 --- [    Test worker] o.h.type.descriptor.sql.BasicExtractor   : extracted value ([col_11_0_] : [VARCHAR]) - [organisaatiotyyppi_04]
2020-06-10 18:12:08.515 TRACE 55751 --- [    Test worker] o.h.type.descriptor.sql.BasicExtractor   : extracted value ([col_12_0_] : [VARCHAR]) - [null]
2020-06-10 18:12:08.515 TRACE 55751 --- [    Test worker] o.h.type.descriptor.sql.BasicExtractor   : extracted value ([col_13_0_] : [VARCHAR]) - [Helsinki]
2020-06-10 18:12:08.515 TRACE 55751 --- [    Test worker] o.h.type.descriptor.sql.BasicExtractor   : extracted value ([col_0_0_] : [VARCHAR]) - [1.2.2005.5]
2020-06-10 18:12:08.515 TRACE 55751 --- [    Test worker] o.h.type.descriptor.sql.BasicExtractor   : extracted value ([col_1_0_] : [DATE]) - [1960-02-16]
2020-06-10 18:12:08.515 TRACE 55751 --- [    Test worker] o.h.type.descriptor.sql.BasicExtractor   : extracted value ([col_2_0_] : [DATE]) - [null]
2020-06-10 18:12:08.515 TRACE 55751 --- [    Test worker] o.h.type.descriptor.sql.BasicExtractor   : extracted value ([col_3_0_] : [VARCHAR]) - [|1.2.246.562.24.00000000001|1.2.2004.1|1.2.2004.3|1.2.2004.4|]
2020-06-10 18:12:08.515 TRACE 55751 --- [    Test worker] o.h.type.descriptor.sql.BasicExtractor   : extracted value ([col_4_0_] : [VARCHAR]) - [1730639-9]
2020-06-10 18:12:08.515 TRACE 55751 --- [    Test worker] o.h.type.descriptor.sql.BasicExtractor   : extracted value ([col_5_0_] : [VARCHAR]) - [null]
2020-06-10 18:12:08.515 TRACE 55751 --- [    Test worker] o.h.type.descriptor.sql.BasicExtractor   : extracted value ([col_6_0_] : [VARCHAR]) - [null]
2020-06-10 18:12:08.515 TRACE 55751 --- [    Test worker] o.h.type.descriptor.sql.BasicExtractor   : extracted value ([col_7_0_] : [VARCHAR]) - [oppilaitostyyppi_42#1]
2020-06-10 18:12:08.515 TRACE 55751 --- [    Test worker] o.h.type.descriptor.sql.BasicExtractor   : extracted value ([col_8_0_] : [VARCHAR]) - [null]
2020-06-10 18:12:08.515 TRACE 55751 --- [    Test worker] o.h.type.descriptor.sql.BasicExtractor   : extracted value ([col_9_0_] : [VARCHAR]) - [sv]
2020-06-10 18:12:08.515 TRACE 55751 --- [    Test worker] o.h.type.descriptor.sql.BasicExtractor   : extracted value ([col_10_0_] : [VARCHAR]) - [node231 foo bar]
2020-06-10 18:12:08.515 TRACE 55751 --- [    Test worker] o.h.type.descriptor.sql.BasicExtractor   : extracted value ([col_11_0_] : [VARCHAR]) - [organisaatiotyyppi_06]
2020-06-10 18:12:08.515 TRACE 55751 --- [    Test worker] o.h.type.descriptor.sql.BasicExtractor   : extracted value ([col_12_0_] : [VARCHAR]) - [null]
2020-06-10 18:12:08.515 TRACE 55751 --- [    Test worker] o.h.type.descriptor.sql.BasicExtractor   : extracted value ([col_13_0_] : [VARCHAR]) - [Helsinki]
Hibernate: 
    select
        organisaat0_.oid as col_0_0_,
        count(organisaat2_.id) as col_1_0_ 
    from
        organisaatio organisaat0_ 
    inner join
        organisaatiosuhde childsuhte1_ 
            on organisaat0_.id=childsuhte1_.parent_id 
    inner join
        organisaatio organisaat2_ 
            on childsuhte1_.child_id=organisaat2_.id 
    where
        childsuhte1_.suhdetyyppi<>? 
        and (
            childsuhte1_.loppupvm is null 
            or childsuhte1_.loppupvm>?
        ) 
        and organisaat2_.organisaatio_poistettu=? 
        and (
            organisaat2_.lakkautuspvm is null 
            or organisaat2_.lakkautuspvm>?
        ) 
    group by
        organisaat0_.oid
2020-06-10 18:12:08.528 TRACE 55751 --- [    Test worker] o.h.type.descriptor.sql.BasicBinder      : binding parameter [1] as [VARCHAR] - [LIITOS]
2020-06-10 18:12:08.528 TRACE 55751 --- [    Test worker] o.h.type.descriptor.sql.BasicBinder      : binding parameter [2] as [DATE] - [Wed Jun 10 18:12:08 EEST 2020]
2020-06-10 18:12:08.528 TRACE 55751 --- [    Test worker] o.h.type.descriptor.sql.BasicBinder      : binding parameter [3] as [BOOLEAN] - [false]
2020-06-10 18:12:08.528 TRACE 55751 --- [    Test worker] o.h.type.descriptor.sql.BasicBinder      : binding parameter [4] as [DATE] - [Wed Jun 10 18:12:08 EEST 2020]
2020-06-10 18:12:08.529 TRACE 55751 --- [    Test worker] o.h.type.descriptor.sql.BasicExtractor   : extracted value ([col_0_0_] : [VARCHAR]) - [1.2.2004.4]
2020-06-10 18:12:08.529 TRACE 55751 --- [    Test worker] o.h.type.descriptor.sql.BasicExtractor   : extracted value ([col_1_0_] : [BIGINT]) - [1]
2020-06-10 18:12:08.529 TRACE 55751 --- [    Test worker] o.h.type.descriptor.sql.BasicExtractor   : extracted value ([col_0_0_] : [VARCHAR]) - [1.2.246.562.24.00000000001]
2020-06-10 18:12:08.529 TRACE 55751 --- [    Test worker] o.h.type.descriptor.sql.BasicExtractor   : extracted value ([col_1_0_] : [BIGINT]) - [3]
2020-06-10 18:12:08.529 TRACE 55751 --- [    Test worker] o.h.type.descriptor.sql.BasicExtractor   : extracted value ([col_0_0_] : [VARCHAR]) - [1.2.2004.1]
2020-06-10 18:12:08.529 TRACE 55751 --- [    Test worker] o.h.type.descriptor.sql.BasicExtractor   : extracted value ([col_1_0_] : [BIGINT]) - [2]
2020-06-10 18:12:08.529 TRACE 55751 --- [    Test worker] o.h.type.descriptor.sql.BasicExtractor   : extracted value ([col_0_0_] : [VARCHAR]) - [1.2.2004.3]
2020-06-10 18:12:08.529 TRACE 55751 --- [    Test worker] o.h.type.descriptor.sql.BasicExtractor   : extracted value ([col_1_0_] : [BIGINT]) - [2]
Hibernate: 
    select
        organisaat0_.id as id1_5_,
        organisaat0_.version as version2_5_,
        organisaat0_.alkupvm as alkupvm3_5_,
        organisaat0_.domainnimi as domainni4_5_,
        organisaat0_.kotipaikka as kotipaik5_5_,
        organisaat0_.kuvaus_mkt as kuvaus_28_5_,
        organisaat0_.lakkautuspvm as lakkautu6_5_,
        organisaat0_.maa as maa7_5_,
        organisaat0_.metadata_id as metadat29_5_,
        organisaat0_.nimi_mkt as nimi_mk30_5_,
        organisaat0_.nimihaku as nimihaku8_5_,
        organisaat0_.oid as oid9_5_,
        organisaat0_.opetuspisteenjarjnro as opetusp10_5_,
        organisaat0_.oppilaitoskoodi as oppilai11_5_,
        organisaat0_.oppilaitos_tyyppi as oppilai12_5_,
        organisaat0_.organisaatio_poistettu as organis13_5_,
        organisaat0_.paivittaja as paivitt14_5_,
        organisaat0_.paivityspvm as paivity15_5_,
        organisaat0_.parentidpath as parenti16_5_,
        organisaat0_.parentoidpath as parento17_5_,
        organisaat0_.piilotettu as piilote18_5_,
        organisaat0_.tarkastus_pvm as tarkast19_5_,
        organisaat0_.toimipistekoodi as toimipi20_5_,
        organisaat0_.tuontipvm as tuontip21_5_,
        organisaat0_.varhaiskasvatuksen_toimipaikka_tiedot_id as varhais31_5_,
        organisaat0_.virastotunnus as virasto22_5_,
        organisaat0_.yhteishaunkoulukoodi as yhteish23_5_,
        organisaat0_.yritysmuoto as yritysm24_5_,
        organisaat0_.ytj_kieli as ytj_kie25_5_,
        organisaat0_.ytjpaivityspvm as ytjpaiv26_5_,
        organisaat0_.ytunnus as ytunnus27_5_ 
    from
        organisaatio organisaat0_ 
    where
        organisaat0_.oid=?
2020-06-10 18:12:08.540 TRACE 55751 --- [    Test worker] o.h.type.descriptor.sql.BasicBinder      : binding parameter [1] as [VARCHAR] - [non.existing.oid]
Hibernate: 
    select
        organisaat0_.id as id1_5_,
        organisaat0_.version as version2_5_,
        organisaat0_.alkupvm as alkupvm3_5_,
        organisaat0_.domainnimi as domainni4_5_,
        organisaat0_.kotipaikka as kotipaik5_5_,
        organisaat0_.kuvaus_mkt as kuvaus_28_5_,
        organisaat0_.lakkautuspvm as lakkautu6_5_,
        organisaat0_.maa as maa7_5_,
        organisaat0_.metadata_id as metadat29_5_,
        organisaat0_.nimi_mkt as nimi_mk30_5_,
        organisaat0_.nimihaku as nimihaku8_5_,
        organisaat0_.oid as oid9_5_,
        organisaat0_.opetuspisteenjarjnro as opetusp10_5_,
        organisaat0_.oppilaitoskoodi as oppilai11_5_,
        organisaat0_.oppilaitos_tyyppi as oppilai12_5_,
        organisaat0_.organisaatio_poistettu as organis13_5_,
        organisaat0_.paivittaja as paivitt14_5_,
        organisaat0_.paivityspvm as paivity15_5_,
        organisaat0_.parentidpath as parenti16_5_,
        organisaat0_.parentoidpath as parento17_5_,
        organisaat0_.piilotettu as piilote18_5_,
        organisaat0_.tarkastus_pvm as tarkast19_5_,
        organisaat0_.toimipistekoodi as toimipi20_5_,
        organisaat0_.tuontipvm as tuontip21_5_,
        organisaat0_.varhaiskasvatuksen_toimipaikka_tiedot_id as varhais31_5_,
        organisaat0_.virastotunnus as virasto22_5_,
        organisaat0_.yhteishaunkoulukoodi as yhteish23_5_,
        organisaat0_.yritysmuoto as yritysm24_5_,
        organisaat0_.ytj_kieli as ytj_kie25_5_,
        organisaat0_.ytjpaivityspvm as ytjpaiv26_5_,
        organisaat0_.ytunnus as ytunnus27_5_ 
    from
        organisaatio organisaat0_ 
    where
        organisaat0_.oid=?
2020-06-10 18:12:08.541 TRACE 55751 --- [    Test worker] o.h.type.descriptor.sql.BasicBinder      : binding parameter [1] as [VARCHAR] - [non.existing.oid]
Hibernate: 
    select
        organisaat0_.id as id1_5_,
        organisaat0_.version as version2_5_,
        organisaat0_.alkupvm as alkupvm3_5_,
        organisaat0_.domainnimi as domainni4_5_,
        organisaat0_.kotipaikka as kotipaik5_5_,
        organisaat0_.kuvaus_mkt as kuvaus_28_5_,
        organisaat0_.lakkautuspvm as lakkautu6_5_,
        organisaat0_.maa as maa7_5_,
        organisaat0_.metadata_id as metadat29_5_,
        organisaat0_.nimi_mkt as nimi_mk30_5_,
        organisaat0_.nimihaku as nimihaku8_5_,
        organisaat0_.oid as oid9_5_,
        organisaat0_.opetuspisteenjarjnro as opetusp10_5_,
        organisaat0_.oppilaitoskoodi as oppilai11_5_,
        organisaat0_.oppilaitos_tyyppi as oppilai12_5_,
        organisaat0_.organisaatio_poistettu as organis13_5_,
        organisaat0_.paivittaja as paivitt14_5_,
        organisaat0_.paivityspvm as paivity15_5_,
        organisaat0_.parentidpath as parenti16_5_,
        organisaat0_.parentoidpath as parento17_5_,
        organisaat0_.piilotettu as piilote18_5_,
        organisaat0_.tarkastus_pvm as tarkast19_5_,
        organisaat0_.toimipistekoodi as toimipi20_5_,
        organisaat0_.tuontipvm as tuontip21_5_,
        organisaat0_.varhaiskasvatuksen_toimipaikka_tiedot_id as varhais31_5_,
        organisaat0_.virastotunnus as virasto22_5_,
        organisaat0_.yhteishaunkoulukoodi as yhteish23_5_,
        organisaat0_.yritysmuoto as yritysm24_5_,
        organisaat0_.ytj_kieli as ytj_kie25_5_,
        organisaat0_.ytjpaivityspvm as ytjpaiv26_5_,
        organisaat0_.ytunnus as ytunnus27_5_ 
    from
        organisaatio organisaat0_ 
    where
        organisaat0_.ytunnus=? 
        and organisaat0_.organisaatio_poistettu=? limit ?
2020-06-10 18:12:08.543 TRACE 55751 --- [    Test worker] o.h.type.descriptor.sql.BasicBinder      : binding parameter [1] as [VARCHAR] - [non.existing.oid]
2020-06-10 18:12:08.543 TRACE 55751 --- [    Test worker] o.h.type.descriptor.sql.BasicBinder      : binding parameter [2] as [BOOLEAN] - [false]
Hibernate: 
    select
        organisaat0_.id as id1_5_,
        organisaat0_.version as version2_5_,
        organisaat0_.alkupvm as alkupvm3_5_,
        organisaat0_.domainnimi as domainni4_5_,
        organisaat0_.kotipaikka as kotipaik5_5_,
        organisaat0_.kuvaus_mkt as kuvaus_28_5_,
        organisaat0_.lakkautuspvm as lakkautu6_5_,
        organisaat0_.maa as maa7_5_,
        organisaat0_.metadata_id as metadat29_5_,
        organisaat0_.nimi_mkt as nimi_mk30_5_,
        organisaat0_.nimihaku as nimihaku8_5_,
        organisaat0_.oid as oid9_5_,
        organisaat0_.opetuspisteenjarjnro as opetusp10_5_,
        organisaat0_.oppilaitoskoodi as oppilai11_5_,
        organisaat0_.oppilaitos_tyyppi as oppilai12_5_,
        organisaat0_.organisaatio_poistettu as organis13_5_,
        organisaat0_.paivittaja as paivitt14_5_,
        organisaat0_.paivityspvm as paivity15_5_,
        organisaat0_.parentidpath as parenti16_5_,
        organisaat0_.parentoidpath as parento17_5_,
        organisaat0_.piilotettu as piilote18_5_,
        organisaat0_.tarkastus_pvm as tarkast19_5_,
        organisaat0_.toimipistekoodi as toimipi20_5_,
        organisaat0_.tuontipvm as tuontip21_5_,
        organisaat0_.varhaiskasvatuksen_toimipaikka_tiedot_id as varhais31_5_,
        organisaat0_.virastotunnus as virasto22_5_,
        organisaat0_.yhteishaunkoulukoodi as yhteish23_5_,
        organisaat0_.yritysmuoto as yritysm24_5_,
        organisaat0_.ytj_kieli as ytj_kie25_5_,
        organisaat0_.ytjpaivityspvm as ytjpaiv26_5_,
        organisaat0_.ytunnus as ytunnus27_5_ 
    from
        organisaatio organisaat0_ 
    where
        organisaat0_.virastotunnus=? 
        and organisaat0_.organisaatio_poistettu=? limit ?
2020-06-10 18:12:08.545 TRACE 55751 --- [    Test worker] o.h.type.descriptor.sql.BasicBinder      : binding parameter [1] as [VARCHAR] - [non.existing.oid]
2020-06-10 18:12:08.546 TRACE 55751 --- [    Test worker] o.h.type.descriptor.sql.BasicBinder      : binding parameter [2] as [BOOLEAN] - [false]
Hibernate: 
    select
        organisaat0_.id as id1_5_,
        organisaat0_.version as version2_5_,
        organisaat0_.alkupvm as alkupvm3_5_,
        organisaat0_.domainnimi as domainni4_5_,
        organisaat0_.kotipaikka as kotipaik5_5_,
        organisaat0_.kuvaus_mkt as kuvaus_28_5_,
        organisaat0_.lakkautuspvm as lakkautu6_5_,
        organisaat0_.maa as maa7_5_,
        organisaat0_.metadata_id as metadat29_5_,
        organisaat0_.nimi_mkt as nimi_mk30_5_,
        organisaat0_.nimihaku as nimihaku8_5_,
        organisaat0_.oid as oid9_5_,
        organisaat0_.opetuspisteenjarjnro as opetusp10_5_,
        organisaat0_.oppilaitoskoodi as oppilai11_5_,
        organisaat0_.oppilaitos_tyyppi as oppilai12_5_,
        organisaat0_.organisaatio_poistettu as organis13_5_,
        organisaat0_.paivittaja as paivitt14_5_,
        organisaat0_.paivityspvm as paivity15_5_,
        organisaat0_.parentidpath as parenti16_5_,
        organisaat0_.parentoidpath as parento17_5_,
        organisaat0_.piilotettu as piilote18_5_,
        organisaat0_.tarkastus_pvm as tarkast19_5_,
        organisaat0_.toimipistekoodi as toimipi20_5_,
        organisaat0_.tuontipvm as tuontip21_5_,
        organisaat0_.varhaiskasvatuksen_toimipaikka_tiedot_id as varhais31_5_,
        organisaat0_.virastotunnus as virasto22_5_,
        organisaat0_.yhteishaunkoulukoodi as yhteish23_5_,
        organisaat0_.yritysmuoto as yritysm24_5_,
        organisaat0_.ytj_kieli as ytj_kie25_5_,
        organisaat0_.ytjpaivityspvm as ytjpaiv26_5_,
        organisaat0_.ytunnus as ytunnus27_5_ 
    from
        organisaatio organisaat0_ 
    where
        organisaat0_.oppilaitoskoodi=? 
        and organisaat0_.organisaatio_poistettu=? limit ?
2020-06-10 18:12:08.548 TRACE 55751 --- [    Test worker] o.h.type.descriptor.sql.BasicBinder      : binding parameter [1] as [VARCHAR] - [non.existing.oid]
2020-06-10 18:12:08.548 TRACE 55751 --- [    Test worker] o.h.type.descriptor.sql.BasicBinder      : binding parameter [2] as [BOOLEAN] - [false]
Hibernate: 
    select
        organisaat0_.id as id1_5_,
        organisaat0_.version as version2_5_,
        organisaat0_.alkupvm as alkupvm3_5_,
        organisaat0_.domainnimi as domainni4_5_,
        organisaat0_.kotipaikka as kotipaik5_5_,
        organisaat0_.kuvaus_mkt as kuvaus_28_5_,
        organisaat0_.lakkautuspvm as lakkautu6_5_,
        organisaat0_.maa as maa7_5_,
        organisaat0_.metadata_id as metadat29_5_,
        organisaat0_.nimi_mkt as nimi_mk30_5_,
        organisaat0_.nimihaku as nimihaku8_5_,
        organisaat0_.oid as oid9_5_,
        organisaat0_.opetuspisteenjarjnro as opetusp10_5_,
        organisaat0_.oppilaitoskoodi as oppilai11_5_,
        organisaat0_.oppilaitos_tyyppi as oppilai12_5_,
        organisaat0_.organisaatio_poistettu as organis13_5_,
        organisaat0_.paivittaja as paivitt14_5_,
        organisaat0_.paivityspvm as paivity15_5_,
        organisaat0_.parentidpath as parenti16_5_,
        organisaat0_.parentoidpath as parento17_5_,
        organisaat0_.piilotettu as piilote18_5_,
        organisaat0_.tarkastus_pvm as tarkast19_5_,
        organisaat0_.toimipistekoodi as toimipi20_5_,
        organisaat0_.tuontipvm as tuontip21_5_,
        organisaat0_.varhaiskasvatuksen_toimipaikka_tiedot_id as varhais31_5_,
        organisaat0_.virastotunnus as virasto22_5_,
        organisaat0_.yhteishaunkoulukoodi as yhteish23_5_,
        organisaat0_.yritysmuoto as yritysm24_5_,
        organisaat0_.ytj_kieli as ytj_kie25_5_,
        organisaat0_.ytjpaivityspvm as ytjpaiv26_5_,
        organisaat0_.ytunnus as ytunnus27_5_ 
    from
        organisaatio organisaat0_ 
    where
        organisaat0_.toimipistekoodi=? 
        and organisaat0_.organisaatio_poistettu=? limit ?
2020-06-10 18:12:08.550 TRACE 55751 --- [    Test worker] o.h.type.descriptor.sql.BasicBinder      : binding parameter [1] as [VARCHAR] - [non.existing.oid]
2020-06-10 18:12:08.550 TRACE 55751 --- [    Test worker] o.h.type.descriptor.sql.BasicBinder      : binding parameter [2] as [BOOLEAN] - [false]
2020-06-10 18:12:08.556  WARN 55751 --- [    Test worker] f.v.s.o.r.i.v.OrganisaatioResourceImplV2 : Hakutoimiston haku organisaatiolle non.existing.oid epäonnistui.

fi.vm.sade.organisaatio.business.exception.OrganisaatioNotFoundException: organisaatio Organisaatiota ei löydy: non.existing.oid was not found
	at fi.vm.sade.organisaatio.resource.impl.v2.OrganisaatioResourceImplV2.hakutoimistoRec(OrganisaatioResourceImplV2.java:653) ~[main/:na]
	at fi.vm.sade.organisaatio.resource.impl.v2.OrganisaatioResourceImplV2.hakutoimisto(OrganisaatioResourceImplV2.java:641) ~[main/:na]
	at fi.vm.sade.organisaatio.resource.impl.v2.OrganisaatioResourceImplV2$$FastClassBySpringCGLIB$$59425b91.invoke(<generated>) ~[main/:na]
	at org.springframework.cglib.proxy.MethodProxy.invoke(MethodProxy.java:218) ~[spring-core-5.2.6.RELEASE.jar:5.2.6.RELEASE]
	at org.springframework.aop.framework.CglibAopProxy$CglibMethodInvocation.invokeJoinpoint(CglibAopProxy.java:771) ~[spring-aop-5.2.6.RELEASE.jar:5.2.6.RELEASE]
	at org.springframework.aop.framework.ReflectiveMethodInvocation.proceed(ReflectiveMethodInvocation.java:163) ~[spring-aop-5.2.6.RELEASE.jar:5.2.6.RELEASE]
	at org.springframework.aop.framework.CglibAopProxy$CglibMethodInvocation.proceed(CglibAopProxy.java:749) ~[spring-aop-5.2.6.RELEASE.jar:5.2.6.RELEASE]
	at org.springframework.transaction.interceptor.TransactionAspectSupport.invokeWithinTransaction(TransactionAspectSupport.java:366) ~[spring-tx-5.2.6.RELEASE.jar:5.2.6.RELEASE]
	at org.springframework.transaction.interceptor.TransactionInterceptor.invoke(TransactionInterceptor.java:118) ~[spring-tx-5.2.6.RELEASE.jar:5.2.6.RELEASE]
	at org.springframework.aop.framework.ReflectiveMethodInvocation.proceed(ReflectiveMethodInvocation.java:186) ~[spring-aop-5.2.6.RELEASE.jar:5.2.6.RELEASE]
	at org.springframework.aop.framework.CglibAopProxy$CglibMethodInvocation.proceed(CglibAopProxy.java:749) ~[spring-aop-5.2.6.RELEASE.jar:5.2.6.RELEASE]
	at org.springframework.aop.framework.CglibAopProxy$DynamicAdvisedInterceptor.intercept(CglibAopProxy.java:691) ~[spring-aop-5.2.6.RELEASE.jar:5.2.6.RELEASE]
	at fi.vm.sade.organisaatio.resource.impl.v2.OrganisaatioResourceImplV2$$EnhancerBySpringCGLIB$$47de86df.hakutoimisto(<generated>) ~[main/:na]
	at fi.vm.sade.organisaatio.resource.OrganisaatioResourceTest.testFetchingHakutoimistoForMissingOrganisation(OrganisaatioResourceTest.java:233) ~[test/:na]
	at java.base/jdk.internal.reflect.NativeMethodAccessorImpl.invoke0(Native Method) ~[na:na]
	at java.base/jdk.internal.reflect.NativeMethodAccessorImpl.invoke(NativeMethodAccessorImpl.java:62) ~[na:na]
	at java.base/jdk.internal.reflect.DelegatingMethodAccessorImpl.invoke(DelegatingMethodAccessorImpl.java:43) ~[na:na]
	at java.base/java.lang.reflect.Method.invoke(Method.java:567) ~[na:na]
	at org.junit.runners.model.FrameworkMethod$1.runReflectiveCall(FrameworkMethod.java:59) ~[junit-4.13.jar:4.13]
	at org.junit.internal.runners.model.ReflectiveCallable.run(ReflectiveCallable.java:12) ~[junit-4.13.jar:4.13]
	at org.junit.runners.model.FrameworkMethod.invokeExplosively(FrameworkMethod.java:56) ~[junit-4.13.jar:4.13]
	at org.junit.internal.runners.statements.InvokeMethod.evaluate(InvokeMethod.java:17) ~[junit-4.13.jar:4.13]
	at org.springframework.test.context.junit4.statements.RunBeforeTestExecutionCallbacks.evaluate(RunBeforeTestExecutionCallbacks.java:74) ~[spring-test-5.2.6.RELEASE.jar:5.2.6.RELEASE]
	at org.springframework.test.context.junit4.statements.RunAfterTestExecutionCallbacks.evaluate(RunAfterTestExecutionCallbacks.java:84) ~[spring-test-5.2.6.RELEASE.jar:5.2.6.RELEASE]
	at org.junit.internal.runners.statements.RunBefores.evaluate(RunBefores.java:26) ~[junit-4.13.jar:4.13]
	at org.springframework.test.context.junit4.statements.RunBeforeTestMethodCallbacks.evaluate(RunBeforeTestMethodCallbacks.java:75) ~[spring-test-5.2.6.RELEASE.jar:5.2.6.RELEASE]
	at org.junit.internal.runners.statements.RunAfters.evaluate(RunAfters.java:27) ~[junit-4.13.jar:4.13]
	at org.springframework.test.context.junit4.statements.RunAfterTestMethodCallbacks.evaluate(RunAfterTestMethodCallbacks.java:86) ~[spring-test-5.2.6.RELEASE.jar:5.2.6.RELEASE]
	at org.springframework.test.context.junit4.statements.SpringRepeat.evaluate(SpringRepeat.java:84) ~[spring-test-5.2.6.RELEASE.jar:5.2.6.RELEASE]
	at org.junit.runners.ParentRunner.runLeaf(ParentRunner.java:366) ~[junit-4.13.jar:4.13]
	at org.springframework.test.context.junit4.SpringJUnit4ClassRunner.runChild(SpringJUnit4ClassRunner.java:251) ~[spring-test-5.2.6.RELEASE.jar:5.2.6.RELEASE]
	at org.springframework.test.context.junit4.SpringJUnit4ClassRunner.runChild(SpringJUnit4ClassRunner.java:97) ~[spring-test-5.2.6.RELEASE.jar:5.2.6.RELEASE]
	at org.junit.runners.ParentRunner$4.run(ParentRunner.java:331) ~[junit-4.13.jar:4.13]
	at org.junit.runners.ParentRunner$1.schedule(ParentRunner.java:79) ~[junit-4.13.jar:4.13]
	at org.junit.runners.ParentRunner.runChildren(ParentRunner.java:329) ~[junit-4.13.jar:4.13]
	at org.junit.runners.ParentRunner.access$100(ParentRunner.java:66) ~[junit-4.13.jar:4.13]
	at org.junit.runners.ParentRunner$2.evaluate(ParentRunner.java:293) ~[junit-4.13.jar:4.13]
	at org.springframework.test.context.junit4.statements.RunBeforeTestClassCallbacks.evaluate(RunBeforeTestClassCallbacks.java:61) ~[spring-test-5.2.6.RELEASE.jar:5.2.6.RELEASE]
	at org.springframework.test.context.junit4.statements.RunAfterTestClassCallbacks.evaluate(RunAfterTestClassCallbacks.java:70) ~[spring-test-5.2.6.RELEASE.jar:5.2.6.RELEASE]
	at org.junit.runners.ParentRunner$3.evaluate(ParentRunner.java:306) ~[junit-4.13.jar:4.13]
	at org.junit.runners.ParentRunner.run(ParentRunner.java:413) ~[junit-4.13.jar:4.13]
	at org.springframework.test.context.junit4.SpringJUnit4ClassRunner.run(SpringJUnit4ClassRunner.java:190) ~[spring-test-5.2.6.RELEASE.jar:5.2.6.RELEASE]
	at org.junit.runner.JUnitCore.run(JUnitCore.java:137) ~[junit-4.13.jar:4.13]
	at org.junit.runner.JUnitCore.run(JUnitCore.java:115) ~[junit-4.13.jar:4.13]
	at org.junit.vintage.engine.execution.RunnerExecutor.execute(RunnerExecutor.java:43) ~[junit-vintage-engine-5.6.2.jar:5.6.2]
	at java.base/java.util.stream.ForEachOps$ForEachOp$OfRef.accept(ForEachOps.java:183) ~[na:na]
	at java.base/java.util.stream.ReferencePipeline$3$1.accept(ReferencePipeline.java:195) ~[na:na]
	at java.base/java.util.Iterator.forEachRemaining(Iterator.java:133) ~[na:na]
	at java.base/java.util.Spliterators$IteratorSpliterator.forEachRemaining(Spliterators.java:1801) ~[na:na]
	at java.base/java.util.stream.AbstractPipeline.copyInto(AbstractPipeline.java:484) ~[na:na]
	at java.base/java.util.stream.AbstractPipeline.wrapAndCopyInto(AbstractPipeline.java:474) ~[na:na]
	at java.base/java.util.stream.ForEachOps$ForEachOp.evaluateSequential(ForEachOps.java:150) ~[na:na]
	at java.base/java.util.stream.ForEachOps$ForEachOp$OfRef.evaluateSequential(ForEachOps.java:173) ~[na:na]
	at java.base/java.util.stream.AbstractPipeline.evaluate(AbstractPipeline.java:234) ~[na:na]
	at java.base/java.util.stream.ReferencePipeline.forEach(ReferencePipeline.java:497) ~[na:na]
	at org.junit.vintage.engine.VintageTestEngine.executeAllChildren(VintageTestEngine.java:82) ~[junit-vintage-engine-5.6.2.jar:5.6.2]
	at org.junit.vintage.engine.VintageTestEngine.execute(VintageTestEngine.java:73) ~[junit-vintage-engine-5.6.2.jar:5.6.2]
	at org.junit.platform.launcher.core.DefaultLauncher.execute(DefaultLauncher.java:220) ~[na:na]
	at org.junit.platform.launcher.core.DefaultLauncher.lambda$execute$6(DefaultLauncher.java:188) ~[na:na]
	at org.junit.platform.launcher.core.DefaultLauncher.withInterceptedStreams(DefaultLauncher.java:202) ~[na:na]
	at org.junit.platform.launcher.core.DefaultLauncher.execute(DefaultLauncher.java:181) ~[na:na]
	at org.junit.platform.launcher.core.DefaultLauncher.execute(DefaultLauncher.java:128) ~[na:na]
	at org.gradle.api.internal.tasks.testing.junitplatform.JUnitPlatformTestClassProcessor$CollectAllTestClassesExecutor.processAllTestClasses(JUnitPlatformTestClassProcessor.java:99) ~[na:na]
	at org.gradle.api.internal.tasks.testing.junitplatform.JUnitPlatformTestClassProcessor$CollectAllTestClassesExecutor.access$000(JUnitPlatformTestClassProcessor.java:79) ~[na:na]
	at org.gradle.api.internal.tasks.testing.junitplatform.JUnitPlatformTestClassProcessor.stop(JUnitPlatformTestClassProcessor.java:75) ~[na:na]
	at org.gradle.api.internal.tasks.testing.SuiteTestClassProcessor.stop(SuiteTestClassProcessor.java:61) ~[na:na]
	at java.base/jdk.internal.reflect.NativeMethodAccessorImpl.invoke0(Native Method) ~[na:na]
	at java.base/jdk.internal.reflect.NativeMethodAccessorImpl.invoke(NativeMethodAccessorImpl.java:62) ~[na:na]
	at java.base/jdk.internal.reflect.DelegatingMethodAccessorImpl.invoke(DelegatingMethodAccessorImpl.java:43) ~[na:na]
	at java.base/java.lang.reflect.Method.invoke(Method.java:567) ~[na:na]
	at org.gradle.internal.dispatch.ReflectionDispatch.dispatch(ReflectionDispatch.java:36) ~[na:na]
	at org.gradle.internal.dispatch.ReflectionDispatch.dispatch(ReflectionDispatch.java:24) ~[na:na]
	at org.gradle.internal.dispatch.ContextClassLoaderDispatch.dispatch(ContextClassLoaderDispatch.java:33) ~[na:na]
	at org.gradle.internal.dispatch.ProxyDispatchAdapter$DispatchingInvocationHandler.invoke(ProxyDispatchAdapter.java:94) ~[na:na]
	at com.sun.proxy.$Proxy2.stop(Unknown Source) ~[na:na]
	at org.gradle.api.internal.tasks.testing.worker.TestWorker.stop(TestWorker.java:132) ~[na:na]
	at java.base/jdk.internal.reflect.NativeMethodAccessorImpl.invoke0(Native Method) ~[na:na]
	at java.base/jdk.internal.reflect.NativeMethodAccessorImpl.invoke(NativeMethodAccessorImpl.java:62) ~[na:na]
	at java.base/jdk.internal.reflect.DelegatingMethodAccessorImpl.invoke(DelegatingMethodAccessorImpl.java:43) ~[na:na]
	at java.base/java.lang.reflect.Method.invoke(Method.java:567) ~[na:na]
	at org.gradle.internal.dispatch.ReflectionDispatch.dispatch(ReflectionDispatch.java:36) ~[na:na]
	at org.gradle.internal.dispatch.ReflectionDispatch.dispatch(ReflectionDispatch.java:24) ~[na:na]
	at org.gradle.internal.remote.internal.hub.MessageHubBackedObjectConnection$DispatchWrapper.dispatch(MessageHubBackedObjectConnection.java:182) ~[na:na]
	at org.gradle.internal.remote.internal.hub.MessageHubBackedObjectConnection$DispatchWrapper.dispatch(MessageHubBackedObjectConnection.java:164) ~[na:na]
	at org.gradle.internal.remote.internal.hub.MessageHub$Handler.run(MessageHub.java:412) ~[na:na]
	at org.gradle.internal.concurrent.ExecutorPolicy$CatchAndRecordFailures.onExecute(ExecutorPolicy.java:64) ~[na:na]
	at org.gradle.internal.concurrent.ManagedExecutorImpl$1.run(ManagedExecutorImpl.java:48) ~[na:na]
	at java.base/java.util.concurrent.ThreadPoolExecutor.runWorker(ThreadPoolExecutor.java:1128) ~[na:na]
	at java.base/java.util.concurrent.ThreadPoolExecutor$Worker.run(ThreadPoolExecutor.java:628) ~[na:na]
	at org.gradle.internal.concurrent.ThreadFactoryImpl$ManagedThreadRunnable.run(ThreadFactoryImpl.java:56) ~[na:na]
	at java.base/java.lang.Thread.run(Thread.java:830) ~[na:na]

Hibernate: 
    select
        organisaat0_.id as id1_5_,
        organisaat0_.version as version2_5_,
        organisaat0_.alkupvm as alkupvm3_5_,
        organisaat0_.domainnimi as domainni4_5_,
        organisaat0_.kotipaikka as kotipaik5_5_,
        organisaat0_.kuvaus_mkt as kuvaus_28_5_,
        organisaat0_.lakkautuspvm as lakkautu6_5_,
        organisaat0_.maa as maa7_5_,
        organisaat0_.metadata_id as metadat29_5_,
        organisaat0_.nimi_mkt as nimi_mk30_5_,
        organisaat0_.nimihaku as nimihaku8_5_,
        organisaat0_.oid as oid9_5_,
        organisaat0_.opetuspisteenjarjnro as opetusp10_5_,
        organisaat0_.oppilaitoskoodi as oppilai11_5_,
        organisaat0_.oppilaitos_tyyppi as oppilai12_5_,
        organisaat0_.organisaatio_poistettu as organis13_5_,
        organisaat0_.paivittaja as paivitt14_5_,
        organisaat0_.paivityspvm as paivity15_5_,
        organisaat0_.parentidpath as parenti16_5_,
        organisaat0_.parentoidpath as parento17_5_,
        organisaat0_.piilotettu as piilote18_5_,
        organisaat0_.tarkastus_pvm as tarkast19_5_,
        organisaat0_.toimipistekoodi as toimipi20_5_,
        organisaat0_.tuontipvm as tuontip21_5_,
        organisaat0_.varhaiskasvatuksen_toimipaikka_tiedot_id as varhais31_5_,
        organisaat0_.virastotunnus as virasto22_5_,
        organisaat0_.yhteishaunkoulukoodi as yhteish23_5_,
        organisaat0_.yritysmuoto as yritysm24_5_,
        organisaat0_.ytj_kieli as ytj_kie25_5_,
        organisaat0_.ytjpaivityspvm as ytjpaiv26_5_,
        organisaat0_.ytunnus as ytunnus27_5_ 
    from
        organisaatio organisaat0_ 
    where
        organisaat0_.oid=?
2020-06-10 18:12:08.610 TRACE 55751 --- [    Test worker] o.h.type.descriptor.sql.BasicBinder      : binding parameter [1] as [VARCHAR] - [1.2.2004.4]
2020-06-10 18:12:08.610 TRACE 55751 --- [    Test worker] o.h.type.descriptor.sql.BasicExtractor   : extracted value ([id1_5_] : [BIGINT]) - [5]
2020-06-10 18:12:08.610 TRACE 55751 --- [    Test worker] o.h.type.descriptor.sql.BasicExtractor   : extracted value ([version2_5_] : [BIGINT]) - [2]
2020-06-10 18:12:08.610 TRACE 55751 --- [    Test worker] o.h.type.descriptor.sql.BasicExtractor   : extracted value ([alkupvm3_5_] : [DATE]) - [null]
2020-06-10 18:12:08.610 TRACE 55751 --- [    Test worker] o.h.type.descriptor.sql.BasicExtractor   : extracted value ([domainni4_5_] : [VARCHAR]) - [null]
2020-06-10 18:12:08.610 TRACE 55751 --- [    Test worker] o.h.type.descriptor.sql.BasicExtractor   : extracted value ([kotipaik5_5_] : [VARCHAR]) - [Helsinki]
2020-06-10 18:12:08.611 TRACE 55751 --- [    Test worker] o.h.type.descriptor.sql.BasicExtractor   : extracted value ([kuvaus_28_5_] : [BIGINT]) - [null]
2020-06-10 18:12:08.611 TRACE 55751 --- [    Test worker] o.h.type.descriptor.sql.BasicExtractor   : extracted value ([lakkautu6_5_] : [DATE]) - [null]
2020-06-10 18:12:08.611 TRACE 55751 --- [    Test worker] o.h.type.descriptor.sql.BasicExtractor   : extracted value ([maa7_5_] : [VARCHAR]) - [null]
2020-06-10 18:12:08.611 TRACE 55751 --- [    Test worker] o.h.type.descriptor.sql.BasicExtractor   : extracted value ([metadat29_5_] : [BIGINT]) - [null]
2020-06-10 18:12:08.611 TRACE 55751 --- [    Test worker] o.h.type.descriptor.sql.BasicExtractor   : extracted value ([nimi_mk30_5_] : [BIGINT]) - [5]
2020-06-10 18:12:08.611 TRACE 55751 --- [    Test worker] o.h.type.descriptor.sql.BasicExtractor   : extracted value ([nimihaku8_5_] : [VARCHAR]) - [node22 foo bar]
2020-06-10 18:12:08.611 TRACE 55751 --- [    Test worker] o.h.type.descriptor.sql.BasicExtractor   : extracted value ([oid9_5_] : [VARCHAR]) - [1.2.2004.4]
2020-06-10 18:12:08.611 TRACE 55751 --- [    Test worker] o.h.type.descriptor.sql.BasicExtractor   : extracted value ([opetusp10_5_] : [VARCHAR]) - [null]
2020-06-10 18:12:08.611 TRACE 55751 --- [    Test worker] o.h.type.descriptor.sql.BasicExtractor   : extracted value ([oppilai11_5_] : [VARCHAR]) - [null]
2020-06-10 18:12:08.611 TRACE 55751 --- [    Test worker] o.h.type.descriptor.sql.BasicExtractor   : extracted value ([oppilai12_5_] : [VARCHAR]) - [oppilaitostyyppi_42#1]
2020-06-10 18:12:08.611 TRACE 55751 --- [    Test worker] o.h.type.descriptor.sql.BasicExtractor   : extracted value ([organis13_5_] : [BOOLEAN]) - [false]
2020-06-10 18:12:08.611 TRACE 55751 --- [    Test worker] o.h.type.descriptor.sql.BasicExtractor   : extracted value ([paivitt14_5_] : [VARCHAR]) - [null]
2020-06-10 18:12:08.611 TRACE 55751 --- [    Test worker] o.h.type.descriptor.sql.BasicExtractor   : extracted value ([paivity15_5_] : [TIMESTAMP]) - [null]
2020-06-10 18:12:08.611 TRACE 55751 --- [    Test worker] o.h.type.descriptor.sql.BasicExtractor   : extracted value ([parenti16_5_] : [VARCHAR]) - [|1|2|4|]
2020-06-10 18:12:08.611 TRACE 55751 --- [    Test worker] o.h.type.descriptor.sql.BasicExtractor   : extracted value ([parento17_5_] : [VARCHAR]) - [|1.2.246.562.24.00000000001|1.2.2004.1|1.2.2004.3|]
2020-06-10 18:12:08.611 TRACE 55751 --- [    Test worker] o.h.type.descriptor.sql.BasicExtractor   : extracted value ([piilote18_5_] : [BOOLEAN]) - [false]
2020-06-10 18:12:08.611 TRACE 55751 --- [    Test worker] o.h.type.descriptor.sql.BasicExtractor   : extracted value ([tarkast19_5_] : [TIMESTAMP]) - [null]
2020-06-10 18:12:08.611 TRACE 55751 --- [    Test worker] o.h.type.descriptor.sql.BasicExtractor   : extracted value ([toimipi20_5_] : [VARCHAR]) - [null]
2020-06-10 18:12:08.611 TRACE 55751 --- [    Test worker] o.h.type.descriptor.sql.BasicExtractor   : extracted value ([tuontip21_5_] : [TIMESTAMP]) - [null]
2020-06-10 18:12:08.611 TRACE 55751 --- [    Test worker] o.h.type.descriptor.sql.BasicExtractor   : extracted value ([varhais31_5_] : [BIGINT]) - [null]
2020-06-10 18:12:08.611 TRACE 55751 --- [    Test worker] o.h.type.descriptor.sql.BasicExtractor   : extracted value ([virasto22_5_] : [VARCHAR]) - [null]
2020-06-10 18:12:08.611 TRACE 55751 --- [    Test worker] o.h.type.descriptor.sql.BasicExtractor   : extracted value ([yhteish23_5_] : [VARCHAR]) - [null]
2020-06-10 18:12:08.611 TRACE 55751 --- [    Test worker] o.h.type.descriptor.sql.BasicExtractor   : extracted value ([yritysm24_5_] : [VARCHAR]) - [oy]
2020-06-10 18:12:08.611 TRACE 55751 --- [    Test worker] o.h.type.descriptor.sql.BasicExtractor   : extracted value ([ytj_kie25_5_] : [VARCHAR]) - [null]
2020-06-10 18:12:08.611 TRACE 55751 --- [    Test worker] o.h.type.descriptor.sql.BasicExtractor   : extracted value ([ytjpaiv26_5_] : [DATE]) - [null]
2020-06-10 18:12:08.611 TRACE 55751 --- [    Test worker] o.h.type.descriptor.sql.BasicExtractor   : extracted value ([ytunnus27_5_] : [VARCHAR]) - [1234567-4]
2020-06-10 18:12:08.611 TRACE 55751 --- [    Test worker] org.hibernate.type.CollectionType        : Created collection wrapper: [fi.vm.sade.organisaatio.model.Organisaatio.childSuhteet#5]
2020-06-10 18:12:08.611 TRACE 55751 --- [    Test worker] org.hibernate.type.CollectionType        : Created collection wrapper: [fi.vm.sade.organisaatio.model.Organisaatio.kayttoryhmat#5]
2020-06-10 18:12:08.611 TRACE 55751 --- [    Test worker] org.hibernate.type.CollectionType        : Created collection wrapper: [fi.vm.sade.organisaatio.model.Organisaatio.kielet#5]
2020-06-10 18:12:08.611 TRACE 55751 --- [    Test worker] org.hibernate.type.CollectionType        : Created collection wrapper: [fi.vm.sade.organisaatio.model.Organisaatio.muutKotipaikatUris#5]
2020-06-10 18:12:08.611 TRACE 55751 --- [    Test worker] org.hibernate.type.CollectionType        : Created collection wrapper: [fi.vm.sade.organisaatio.model.Organisaatio.muutOppilaitosTyyppiUris#5]
2020-06-10 18:12:08.611 TRACE 55751 --- [    Test worker] org.hibernate.type.CollectionType        : Created collection wrapper: [fi.vm.sade.organisaatio.model.Organisaatio.nimet#5]
2020-06-10 18:12:08.611 TRACE 55751 --- [    Test worker] org.hibernate.type.CollectionType        : Created collection wrapper: [fi.vm.sade.organisaatio.model.Organisaatio.organisaatioLisatietotyypit#5]
2020-06-10 18:12:08.611 TRACE 55751 --- [    Test worker] org.hibernate.type.CollectionType        : Created collection wrapper: [fi.vm.sade.organisaatio.model.Organisaatio.parentSuhteet#5]
2020-06-10 18:12:08.611 TRACE 55751 --- [    Test worker] org.hibernate.type.CollectionType        : Created collection wrapper: [fi.vm.sade.organisaatio.model.Organisaatio.ryhmatyypit#5]
2020-06-10 18:12:08.611 TRACE 55751 --- [    Test worker] org.hibernate.type.CollectionType        : Created collection wrapper: [fi.vm.sade.organisaatio.model.Organisaatio.tyypit#5]
2020-06-10 18:12:08.612 TRACE 55751 --- [    Test worker] org.hibernate.type.CollectionType        : Created collection wrapper: [fi.vm.sade.organisaatio.model.Organisaatio.vuosiluokat#5]
2020-06-10 18:12:08.612 TRACE 55751 --- [    Test worker] org.hibernate.type.CollectionType        : Created collection wrapper: [fi.vm.sade.organisaatio.model.Organisaatio.yhteystiedot#5]
2020-06-10 18:12:08.612 TRACE 55751 --- [    Test worker] org.hibernate.type.CollectionType        : Created collection wrapper: [fi.vm.sade.organisaatio.model.Organisaatio.yhteystietoArvos#5]
Hibernate: 
    select
        organisaat0_.id as id1_5_,
        organisaat0_.version as version2_5_,
        organisaat0_.alkupvm as alkupvm3_5_,
        organisaat0_.domainnimi as domainni4_5_,
        organisaat0_.kotipaikka as kotipaik5_5_,
        organisaat0_.kuvaus_mkt as kuvaus_28_5_,
        organisaat0_.lakkautuspvm as lakkautu6_5_,
        organisaat0_.maa as maa7_5_,
        organisaat0_.metadata_id as metadat29_5_,
        organisaat0_.nimi_mkt as nimi_mk30_5_,
        organisaat0_.nimihaku as nimihaku8_5_,
        organisaat0_.oid as oid9_5_,
        organisaat0_.opetuspisteenjarjnro as opetusp10_5_,
        organisaat0_.oppilaitoskoodi as oppilai11_5_,
        organisaat0_.oppilaitos_tyyppi as oppilai12_5_,
        organisaat0_.organisaatio_poistettu as organis13_5_,
        organisaat0_.paivittaja as paivitt14_5_,
        organisaat0_.paivityspvm as paivity15_5_,
        organisaat0_.parentidpath as parenti16_5_,
        organisaat0_.parentoidpath as parento17_5_,
        organisaat0_.piilotettu as piilote18_5_,
        organisaat0_.tarkastus_pvm as tarkast19_5_,
        organisaat0_.toimipistekoodi as toimipi20_5_,
        organisaat0_.tuontipvm as tuontip21_5_,
        organisaat0_.varhaiskasvatuksen_toimipaikka_tiedot_id as varhais31_5_,
        organisaat0_.virastotunnus as virasto22_5_,
        organisaat0_.yhteishaunkoulukoodi as yhteish23_5_,
        organisaat0_.yritysmuoto as yritysm24_5_,
        organisaat0_.ytj_kieli as ytj_kie25_5_,
        organisaat0_.ytjpaivityspvm as ytjpaiv26_5_,
        organisaat0_.ytunnus as ytunnus27_5_ 
    from
        organisaatio organisaat0_ 
    where
        organisaat0_.oid=?
2020-06-10 18:12:08.612 TRACE 55751 --- [    Test worker] o.h.type.descriptor.sql.BasicBinder      : binding parameter [1] as [VARCHAR] - [1.2.2004.4]
2020-06-10 18:12:08.612 TRACE 55751 --- [    Test worker] o.h.type.descriptor.sql.BasicExtractor   : extracted value ([id1_5_] : [BIGINT]) - [5]
Hibernate: 
    select
        parentsuht0_.child_id as child_id7_19_0_,
        parentsuht0_.id as id1_19_0_,
        parentsuht0_.id as id1_19_1_,
        parentsuht0_.version as version2_19_1_,
        parentsuht0_.alkupvm as alkupvm3_19_1_,
        parentsuht0_.child_id as child_id7_19_1_,
        parentsuht0_.loppupvm as loppupvm4_19_1_,
        parentsuht0_.opetuspisteenjarjnro as opetuspi5_19_1_,
        parentsuht0_.parent_id as parent_i8_19_1_,
        parentsuht0_.suhdetyyppi as suhdetyy6_19_1_ 
    from
        organisaatiosuhde parentsuht0_ 
    where
        parentsuht0_.child_id=? 
    order by
        parentsuht0_.alkupvm
2020-06-10 18:12:08.613 TRACE 55751 --- [    Test worker] o.h.type.descriptor.sql.BasicBinder      : binding parameter [1] as [BIGINT] - [5]
2020-06-10 18:12:08.613 TRACE 55751 --- [    Test worker] o.h.type.descriptor.sql.BasicExtractor   : extracted value ([id1_19_1_] : [BIGINT]) - [4]
2020-06-10 18:12:08.613 TRACE 55751 --- [    Test worker] o.h.type.descriptor.sql.BasicExtractor   : extracted value ([version2_19_1_] : [BIGINT]) - [0]
2020-06-10 18:12:08.613 TRACE 55751 --- [    Test worker] o.h.type.descriptor.sql.BasicExtractor   : extracted value ([alkupvm3_19_1_] : [DATE]) - [2014-12-02]
2020-06-10 18:12:08.613 TRACE 55751 --- [    Test worker] o.h.type.descriptor.sql.BasicExtractor   : extracted value ([child_id7_19_1_] : [BIGINT]) - [5]
2020-06-10 18:12:08.613 TRACE 55751 --- [    Test worker] o.h.type.descriptor.sql.BasicExtractor   : extracted value ([loppupvm4_19_1_] : [DATE]) - [null]
2020-06-10 18:12:08.613 TRACE 55751 --- [    Test worker] o.h.type.descriptor.sql.BasicExtractor   : extracted value ([opetuspi5_19_1_] : [VARCHAR]) - [null]
2020-06-10 18:12:08.613 TRACE 55751 --- [    Test worker] o.h.type.descriptor.sql.BasicExtractor   : extracted value ([parent_i8_19_1_] : [BIGINT]) - [4]
2020-06-10 18:12:08.613 TRACE 55751 --- [    Test worker] o.h.type.descriptor.sql.BasicExtractor   : extracted value ([suhdetyy6_19_1_] : [VARCHAR]) - [HISTORIA]
2020-06-10 18:12:08.613 TRACE 55751 --- [    Test worker] o.h.type.descriptor.sql.BasicExtractor   : extracted value ([child_id7_19_0_] : [BIGINT]) - [5]
2020-06-10 18:12:08.613 TRACE 55751 --- [    Test worker] o.h.type.descriptor.sql.BasicExtractor   : extracted value ([id1_19_0_] : [BIGINT]) - [4]
Hibernate: 
    select
        organisaat0_.id as id1_5_0_,
        organisaat0_.version as version2_5_0_,
        organisaat0_.alkupvm as alkupvm3_5_0_,
        organisaat0_.domainnimi as domainni4_5_0_,
        organisaat0_.kotipaikka as kotipaik5_5_0_,
        organisaat0_.kuvaus_mkt as kuvaus_28_5_0_,
        organisaat0_.lakkautuspvm as lakkautu6_5_0_,
        organisaat0_.maa as maa7_5_0_,
        organisaat0_.metadata_id as metadat29_5_0_,
        organisaat0_.nimi_mkt as nimi_mk30_5_0_,
        organisaat0_.nimihaku as nimihaku8_5_0_,
        organisaat0_.oid as oid9_5_0_,
        organisaat0_.opetuspisteenjarjnro as opetusp10_5_0_,
        organisaat0_.oppilaitoskoodi as oppilai11_5_0_,
        organisaat0_.oppilaitos_tyyppi as oppilai12_5_0_,
        organisaat0_.organisaatio_poistettu as organis13_5_0_,
        organisaat0_.paivittaja as paivitt14_5_0_,
        organisaat0_.paivityspvm as paivity15_5_0_,
        organisaat0_.parentidpath as parenti16_5_0_,
        organisaat0_.parentoidpath as parento17_5_0_,
        organisaat0_.piilotettu as piilote18_5_0_,
        organisaat0_.tarkastus_pvm as tarkast19_5_0_,
        organisaat0_.toimipistekoodi as toimipi20_5_0_,
        organisaat0_.tuontipvm as tuontip21_5_0_,
        organisaat0_.varhaiskasvatuksen_toimipaikka_tiedot_id as varhais31_5_0_,
        organisaat0_.virastotunnus as virasto22_5_0_,
        organisaat0_.yhteishaunkoulukoodi as yhteish23_5_0_,
        organisaat0_.yritysmuoto as yritysm24_5_0_,
        organisaat0_.ytj_kieli as ytj_kie25_5_0_,
        organisaat0_.ytjpaivityspvm as ytjpaiv26_5_0_,
        organisaat0_.ytunnus as ytunnus27_5_0_ 
    from
        organisaatio organisaat0_ 
    where
        organisaat0_.id=?
2020-06-10 18:12:08.614 TRACE 55751 --- [    Test worker] o.h.type.descriptor.sql.BasicBinder      : binding parameter [1] as [BIGINT] - [4]
2020-06-10 18:12:08.615 TRACE 55751 --- [    Test worker] o.h.type.descriptor.sql.BasicExtractor   : extracted value ([version2_5_0_] : [BIGINT]) - [2]
2020-06-10 18:12:08.615 TRACE 55751 --- [    Test worker] o.h.type.descriptor.sql.BasicExtractor   : extracted value ([alkupvm3_5_0_] : [DATE]) - [null]
2020-06-10 18:12:08.615 TRACE 55751 --- [    Test worker] o.h.type.descriptor.sql.BasicExtractor   : extracted value ([domainni4_5_0_] : [VARCHAR]) - [null]
2020-06-10 18:12:08.615 TRACE 55751 --- [    Test worker] o.h.type.descriptor.sql.BasicExtractor   : extracted value ([kotipaik5_5_0_] : [VARCHAR]) - [Helsinki]
2020-06-10 18:12:08.615 TRACE 55751 --- [    Test worker] o.h.type.descriptor.sql.BasicExtractor   : extracted value ([kuvaus_28_5_0_] : [BIGINT]) - [null]
2020-06-10 18:12:08.615 TRACE 55751 --- [    Test worker] o.h.type.descriptor.sql.BasicExtractor   : extracted value ([lakkautu6_5_0_] : [DATE]) - [null]
2020-06-10 18:12:08.615 TRACE 55751 --- [    Test worker] o.h.type.descriptor.sql.BasicExtractor   : extracted value ([maa7_5_0_] : [VARCHAR]) - [null]
2020-06-10 18:12:08.615 TRACE 55751 --- [    Test worker] o.h.type.descriptor.sql.BasicExtractor   : extracted value ([metadat29_5_0_] : [BIGINT]) - [1]
2020-06-10 18:12:08.615 TRACE 55751 --- [    Test worker] o.h.type.descriptor.sql.BasicExtractor   : extracted value ([nimi_mk30_5_0_] : [BIGINT]) - [4]
2020-06-10 18:12:08.615 TRACE 55751 --- [    Test worker] o.h.type.descriptor.sql.BasicExtractor   : extracted value ([nimihaku8_5_0_] : [VARCHAR]) - [node2 foo]
2020-06-10 18:12:08.615 TRACE 55751 --- [    Test worker] o.h.type.descriptor.sql.BasicExtractor   : extracted value ([oid9_5_0_] : [VARCHAR]) - [1.2.2004.3]
2020-06-10 18:12:08.615 TRACE 55751 --- [    Test worker] o.h.type.descriptor.sql.BasicExtractor   : extracted value ([opetusp10_5_0_] : [VARCHAR]) - [2]
2020-06-10 18:12:08.615 TRACE 55751 --- [    Test worker] o.h.type.descriptor.sql.BasicExtractor   : extracted value ([oppilai11_5_0_] : [VARCHAR]) - [null]
2020-06-10 18:12:08.615 TRACE 55751 --- [    Test worker] o.h.type.descriptor.sql.BasicExtractor   : extracted value ([oppilai12_5_0_] : [VARCHAR]) - [oppilaitostyyppi_42#1]
2020-06-10 18:12:08.615 TRACE 55751 --- [    Test worker] o.h.type.descriptor.sql.BasicExtractor   : extracted value ([organis13_5_0_] : [BOOLEAN]) - [false]
2020-06-10 18:12:08.615 TRACE 55751 --- [    Test worker] o.h.type.descriptor.sql.BasicExtractor   : extracted value ([paivitt14_5_0_] : [VARCHAR]) - [null]
2020-06-10 18:12:08.615 TRACE 55751 --- [    Test worker] o.h.type.descriptor.sql.BasicExtractor   : extracted value ([paivity15_5_0_] : [TIMESTAMP]) - [null]
2020-06-10 18:12:08.615 TRACE 55751 --- [    Test worker] o.h.type.descriptor.sql.BasicExtractor   : extracted value ([parenti16_5_0_] : [VARCHAR]) - [|1|2|]
2020-06-10 18:12:08.615 TRACE 55751 --- [    Test worker] o.h.type.descriptor.sql.BasicExtractor   : extracted value ([parento17_5_0_] : [VARCHAR]) - [|1.2.246.562.24.00000000001|1.2.2004.1|]
2020-06-10 18:12:08.615 TRACE 55751 --- [    Test worker] o.h.type.descriptor.sql.BasicExtractor   : extracted value ([piilote18_5_0_] : [BOOLEAN]) - [false]
2020-06-10 18:12:08.615 TRACE 55751 --- [    Test worker] o.h.type.descriptor.sql.BasicExtractor   : extracted value ([tarkast19_5_0_] : [TIMESTAMP]) - [null]
2020-06-10 18:12:08.615 TRACE 55751 --- [    Test worker] o.h.type.descriptor.sql.BasicExtractor   : extracted value ([toimipi20_5_0_] : [VARCHAR]) - [123452]
2020-06-10 18:12:08.615 TRACE 55751 --- [    Test worker] o.h.type.descriptor.sql.BasicExtractor   : extracted value ([tuontip21_5_0_] : [TIMESTAMP]) - [null]
2020-06-10 18:12:08.615 TRACE 55751 --- [    Test worker] o.h.type.descriptor.sql.BasicExtractor   : extracted value ([varhais31_5_0_] : [BIGINT]) - [null]
2020-06-10 18:12:08.615 TRACE 55751 --- [    Test worker] o.h.type.descriptor.sql.BasicExtractor   : extracted value ([virasto22_5_0_] : [VARCHAR]) - [null]
2020-06-10 18:12:08.615 TRACE 55751 --- [    Test worker] o.h.type.descriptor.sql.BasicExtractor   : extracted value ([yhteish23_5_0_] : [VARCHAR]) - [null]
2020-06-10 18:12:08.615 TRACE 55751 --- [    Test worker] o.h.type.descriptor.sql.BasicExtractor   : extracted value ([yritysm24_5_0_] : [VARCHAR]) - [oy]
2020-06-10 18:12:08.615 TRACE 55751 --- [    Test worker] o.h.type.descriptor.sql.BasicExtractor   : extracted value ([ytj_kie25_5_0_] : [VARCHAR]) - [null]
2020-06-10 18:12:08.615 TRACE 55751 --- [    Test worker] o.h.type.descriptor.sql.BasicExtractor   : extracted value ([ytjpaiv26_5_0_] : [DATE]) - [null]
2020-06-10 18:12:08.615 TRACE 55751 --- [    Test worker] o.h.type.descriptor.sql.BasicExtractor   : extracted value ([ytunnus27_5_0_] : [VARCHAR]) - [1234567-3]
2020-06-10 18:12:08.615 TRACE 55751 --- [    Test worker] org.hibernate.type.CollectionType        : Created collection wrapper: [fi.vm.sade.organisaatio.model.Organisaatio.childSuhteet#4]
2020-06-10 18:12:08.615 TRACE 55751 --- [    Test worker] org.hibernate.type.CollectionType        : Created collection wrapper: [fi.vm.sade.organisaatio.model.Organisaatio.kayttoryhmat#4]
2020-06-10 18:12:08.615 TRACE 55751 --- [    Test worker] org.hibernate.type.CollectionType        : Created collection wrapper: [fi.vm.sade.organisaatio.model.Organisaatio.kielet#4]
2020-06-10 18:12:08.616 TRACE 55751 --- [    Test worker] org.hibernate.type.CollectionType        : Created collection wrapper: [fi.vm.sade.organisaatio.model.Organisaatio.muutKotipaikatUris#4]
2020-06-10 18:12:08.616 TRACE 55751 --- [    Test worker] org.hibernate.type.CollectionType        : Created collection wrapper: [fi.vm.sade.organisaatio.model.Organisaatio.muutOppilaitosTyyppiUris#4]
2020-06-10 18:12:08.616 TRACE 55751 --- [    Test worker] org.hibernate.type.CollectionType        : Created collection wrapper: [fi.vm.sade.organisaatio.model.Organisaatio.nimet#4]
2020-06-10 18:12:08.616 TRACE 55751 --- [    Test worker] org.hibernate.type.CollectionType        : Created collection wrapper: [fi.vm.sade.organisaatio.model.Organisaatio.organisaatioLisatietotyypit#4]
2020-06-10 18:12:08.617 TRACE 55751 --- [    Test worker] org.hibernate.type.CollectionType        : Created collection wrapper: [fi.vm.sade.organisaatio.model.Organisaatio.parentSuhteet#4]
2020-06-10 18:12:08.617 TRACE 55751 --- [    Test worker] org.hibernate.type.CollectionType        : Created collection wrapper: [fi.vm.sade.organisaatio.model.Organisaatio.ryhmatyypit#4]
2020-06-10 18:12:08.617 TRACE 55751 --- [    Test worker] org.hibernate.type.CollectionType        : Created collection wrapper: [fi.vm.sade.organisaatio.model.Organisaatio.tyypit#4]
2020-06-10 18:12:08.617 TRACE 55751 --- [    Test worker] org.hibernate.type.CollectionType        : Created collection wrapper: [fi.vm.sade.organisaatio.model.Organisaatio.vuosiluokat#4]
2020-06-10 18:12:08.617 TRACE 55751 --- [    Test worker] org.hibernate.type.CollectionType        : Created collection wrapper: [fi.vm.sade.organisaatio.model.Organisaatio.yhteystiedot#4]
2020-06-10 18:12:08.617 TRACE 55751 --- [    Test worker] org.hibernate.type.CollectionType        : Created collection wrapper: [fi.vm.sade.organisaatio.model.Organisaatio.yhteystietoArvos#4]
Hibernate: 
    select
        organisaat0_.id as id1_5_,
        organisaat0_.version as version2_5_,
        organisaat0_.alkupvm as alkupvm3_5_,
        organisaat0_.domainnimi as domainni4_5_,
        organisaat0_.kotipaikka as kotipaik5_5_,
        organisaat0_.kuvaus_mkt as kuvaus_28_5_,
        organisaat0_.lakkautuspvm as lakkautu6_5_,
        organisaat0_.maa as maa7_5_,
        organisaat0_.metadata_id as metadat29_5_,
        organisaat0_.nimi_mkt as nimi_mk30_5_,
        organisaat0_.nimihaku as nimihaku8_5_,
        organisaat0_.oid as oid9_5_,
        organisaat0_.opetuspisteenjarjnro as opetusp10_5_,
        organisaat0_.oppilaitoskoodi as oppilai11_5_,
        organisaat0_.oppilaitos_tyyppi as oppilai12_5_,
        organisaat0_.organisaatio_poistettu as organis13_5_,
        organisaat0_.paivittaja as paivitt14_5_,
        organisaat0_.paivityspvm as paivity15_5_,
        organisaat0_.parentidpath as parenti16_5_,
        organisaat0_.parentoidpath as parento17_5_,
        organisaat0_.piilotettu as piilote18_5_,
        organisaat0_.tarkastus_pvm as tarkast19_5_,
        organisaat0_.toimipistekoodi as toimipi20_5_,
        organisaat0_.tuontipvm as tuontip21_5_,
        organisaat0_.varhaiskasvatuksen_toimipaikka_tiedot_id as varhais31_5_,
        organisaat0_.virastotunnus as virasto22_5_,
        organisaat0_.yhteishaunkoulukoodi as yhteish23_5_,
        organisaat0_.yritysmuoto as yritysm24_5_,
        organisaat0_.ytj_kieli as ytj_kie25_5_,
        organisaat0_.ytjpaivityspvm as ytjpaiv26_5_,
        organisaat0_.ytunnus as ytunnus27_5_ 
    from
        organisaatio organisaat0_ 
    where
        organisaat0_.oid=?
2020-06-10 18:12:08.617 TRACE 55751 --- [    Test worker] o.h.type.descriptor.sql.BasicBinder      : binding parameter [1] as [VARCHAR] - [1.2.2004.3]
2020-06-10 18:12:08.617 TRACE 55751 --- [    Test worker] o.h.type.descriptor.sql.BasicExtractor   : extracted value ([id1_5_] : [BIGINT]) - [4]
Hibernate: 
    select
        organisaat0_.id as id1_16_0_,
        organisaat0_.version as version2_16_0_,
        organisaat0_.hakutoimistoectsemailmkt as hakutoim6_16_0_,
        organisaat0_.hakutoimistoectsnimimkt as hakutoim7_16_0_,
        organisaat0_.hakutoimistoectspuhelinmkt as hakutoim8_16_0_,
        organisaat0_.hakutoimistoectstehtavanimikemkt as hakutoim9_16_0_,
        organisaat0_.hakutoimisto_nimi_id as hakutoi10_16_0_,
        organisaat0_.koodi as koodi3_16_0_,
        organisaat0_.kuva_id as kuva_id11_16_0_,
        organisaat0_.luontipvm as luontipv4_16_0_,
        organisaat0_.muokkauspvm as muokkaus5_16_0_,
        organisaat0_.nimi_id as nimi_id12_16_0_,
        monikielin1_.id as id1_2_1_,
        monikielin1_.version as version2_2_1_,
        monikielin2_.id as id1_2_2_,
        monikielin2_.version as version2_2_2_,
        monikielin3_.id as id1_2_3_,
        monikielin3_.version as version2_2_3_,
        monikielin4_.id as id1_2_4_,
        monikielin4_.version as version2_2_4_,
        monikielin5_.id as id1_2_5_,
        monikielin5_.version as version2_2_5_,
        monikielin6_.id as id1_2_6_,
        monikielin6_.version as version2_2_6_,
        organisaat7_.id as id1_5_7_,
        organisaat7_.version as version2_5_7_,
        organisaat7_.alkupvm as alkupvm3_5_7_,
        organisaat7_.domainnimi as domainni4_5_7_,
        organisaat7_.kotipaikka as kotipaik5_5_7_,
        organisaat7_.kuvaus_mkt as kuvaus_28_5_7_,
        organisaat7_.lakkautuspvm as lakkautu6_5_7_,
        organisaat7_.maa as maa7_5_7_,
        organisaat7_.metadata_id as metadat29_5_7_,
        organisaat7_.nimi_mkt as nimi_mk30_5_7_,
        organisaat7_.nimihaku as nimihaku8_5_7_,
        organisaat7_.oid as oid9_5_7_,
        organisaat7_.opetuspisteenjarjnro as opetusp10_5_7_,
        organisaat7_.oppilaitoskoodi as oppilai11_5_7_,
        organisaat7_.oppilaitos_tyyppi as oppilai12_5_7_,
        organisaat7_.organisaatio_poistettu as organis13_5_7_,
        organisaat7_.paivittaja as paivitt14_5_7_,
        organisaat7_.paivityspvm as paivity15_5_7_,
        organisaat7_.parentidpath as parenti16_5_7_,
        organisaat7_.parentoidpath as parento17_5_7_,
        organisaat7_.piilotettu as piilote18_5_7_,
        organisaat7_.tarkastus_pvm as tarkast19_5_7_,
        organisaat7_.toimipistekoodi as toimipi20_5_7_,
        organisaat7_.tuontipvm as tuontip21_5_7_,
        organisaat7_.varhaiskasvatuksen_toimipaikka_tiedot_id as varhais31_5_7_,
        organisaat7_.virastotunnus as virasto22_5_7_,
        organisaat7_.yhteishaunkoulukoodi as yhteish23_5_7_,
        organisaat7_.yritysmuoto as yritysm24_5_7_,
        organisaat7_.ytj_kieli as ytj_kie25_5_7_,
        organisaat7_.ytjpaivityspvm as ytjpaiv26_5_7_,
        organisaat7_.ytunnus as ytunnus27_5_7_ 
    from
        organisaatio_meta_data organisaat0_ 
    left outer join
        monikielinen_teksti monikielin1_ 
            on organisaat0_.hakutoimistoectsemailmkt=monikielin1_.id 
    left outer join
        monikielinen_teksti monikielin2_ 
            on organisaat0_.hakutoimistoectsnimimkt=monikielin2_.id 
    left outer join
        monikielinen_teksti monikielin3_ 
            on organisaat0_.hakutoimistoectspuhelinmkt=monikielin3_.id 
    left outer join
        monikielinen_teksti monikielin4_ 
            on organisaat0_.hakutoimistoectstehtavanimikemkt=monikielin4_.id 
    left outer join
        monikielinen_teksti monikielin5_ 
            on organisaat0_.hakutoimisto_nimi_id=monikielin5_.id 
    left outer join
        monikielinen_teksti monikielin6_ 
            on organisaat0_.nimi_id=monikielin6_.id 
    left outer join
        organisaatio organisaat7_ 
            on organisaat0_.id=organisaat7_.metadata_id 
    where
        organisaat0_.id=?
2020-06-10 18:12:08.619 TRACE 55751 --- [    Test worker] o.h.type.descriptor.sql.BasicBinder      : binding parameter [1] as [BIGINT] - [1]
2020-06-10 18:12:08.619 TRACE 55751 --- [    Test worker] o.h.type.descriptor.sql.BasicExtractor   : extracted value ([id1_2_1_] : [BIGINT]) - [null]
2020-06-10 18:12:08.619 TRACE 55751 --- [    Test worker] o.h.type.descriptor.sql.BasicExtractor   : extracted value ([id1_2_2_] : [BIGINT]) - [null]
2020-06-10 18:12:08.619 TRACE 55751 --- [    Test worker] o.h.type.descriptor.sql.BasicExtractor   : extracted value ([id1_2_3_] : [BIGINT]) - [null]
2020-06-10 18:12:08.619 TRACE 55751 --- [    Test worker] o.h.type.descriptor.sql.BasicExtractor   : extracted value ([id1_2_4_] : [BIGINT]) - [null]
2020-06-10 18:12:08.619 TRACE 55751 --- [    Test worker] o.h.type.descriptor.sql.BasicExtractor   : extracted value ([id1_2_5_] : [BIGINT]) - [1000]
2020-06-10 18:12:08.619 TRACE 55751 --- [    Test worker] o.h.type.descriptor.sql.BasicExtractor   : extracted value ([id1_2_6_] : [BIGINT]) - [null]
2020-06-10 18:12:08.619 TRACE 55751 --- [    Test worker] o.h.type.descriptor.sql.BasicExtractor   : extracted value ([id1_5_7_] : [BIGINT]) - [4]
2020-06-10 18:12:08.619 TRACE 55751 --- [    Test worker] o.h.type.descriptor.sql.BasicExtractor   : extracted value ([version2_16_0_] : [BIGINT]) - [1]
2020-06-10 18:12:08.619 TRACE 55751 --- [    Test worker] o.h.type.descriptor.sql.BasicExtractor   : extracted value ([hakutoim6_16_0_] : [BIGINT]) - [null]
2020-06-10 18:12:08.619 TRACE 55751 --- [    Test worker] o.h.type.descriptor.sql.BasicExtractor   : extracted value ([hakutoim7_16_0_] : [BIGINT]) - [null]
2020-06-10 18:12:08.619 TRACE 55751 --- [    Test worker] o.h.type.descriptor.sql.BasicExtractor   : extracted value ([hakutoim8_16_0_] : [BIGINT]) - [null]
2020-06-10 18:12:08.619 TRACE 55751 --- [    Test worker] o.h.type.descriptor.sql.BasicExtractor   : extracted value ([hakutoim9_16_0_] : [BIGINT]) - [null]
2020-06-10 18:12:08.619 TRACE 55751 --- [    Test worker] o.h.type.descriptor.sql.BasicExtractor   : extracted value ([hakutoi10_16_0_] : [BIGINT]) - [1000]
2020-06-10 18:12:08.619 TRACE 55751 --- [    Test worker] o.h.type.descriptor.sql.BasicExtractor   : extracted value ([koodi3_16_0_] : [VARCHAR]) - [null]
2020-06-10 18:12:08.619 TRACE 55751 --- [    Test worker] o.h.type.descriptor.sql.BasicExtractor   : extracted value ([kuva_id11_16_0_] : [BIGINT]) - [null]
2020-06-10 18:12:08.619 TRACE 55751 --- [    Test worker] o.h.type.descriptor.sql.BasicExtractor   : extracted value ([luontipv4_16_0_] : [TIMESTAMP]) - [1970-01-01 00:00:00.0]
2020-06-10 18:12:08.620 TRACE 55751 --- [    Test worker] o.h.type.descriptor.sql.BasicExtractor   : extracted value ([muokkaus5_16_0_] : [TIMESTAMP]) - [1970-01-01 00:00:00.0]
2020-06-10 18:12:08.620 TRACE 55751 --- [    Test worker] o.h.type.descriptor.sql.BasicExtractor   : extracted value ([nimi_id12_16_0_] : [BIGINT]) - [null]
2020-06-10 18:12:08.620 TRACE 55751 --- [    Test worker] o.h.type.descriptor.sql.BasicExtractor   : extracted value ([version2_2_5_] : [BIGINT]) - [0]
2020-06-10 18:12:08.620 TRACE 55751 --- [    Test worker] org.hibernate.type.CollectionType        : Created collection wrapper: [fi.vm.sade.organisaatio.model.OrganisaatioMetaData.values#1]
2020-06-10 18:12:08.620 TRACE 55751 --- [    Test worker] org.hibernate.type.CollectionType        : Created collection wrapper: [fi.vm.sade.organisaatio.model.OrganisaatioMetaData.yhteystiedot#1]
2020-06-10 18:12:08.620 TRACE 55751 --- [    Test worker] org.hibernate.type.CollectionType        : Created collection wrapper: [fi.vm.sade.organisaatio.model.MonikielinenTeksti.values#1000]
Hibernate: 
    select
        yhteystied0_.organisaatio_meta_data_id as organisa1_18_2_,
        yhteystied0_.yhteystiedot_id as yhteysti2_18_2_,
        yhteystiet1_.id as id2_25_0_,
        yhteystiet1_.version as version3_25_0_,
        yhteystiet1_.kieli as kieli4_25_0_,
        yhteystiet1_.organisaatio_id as organis21_25_0_,
        yhteystiet1_.yhteystieto_oid as yhteysti5_25_0_,
        yhteystiet1_.email as email6_25_0_,
        yhteystiet1_.coordinatetype as coordina7_25_0_,
        yhteystiet1_.extrarivi as extrariv8_25_0_,
        yhteystiet1_.lat as lat9_25_0_,
        yhteystiet1_.lng as lng10_25_0_,
        yhteystiet1_.maa as maa11_25_0_,
        yhteystiet1_.osavaltio as osavalt12_25_0_,
        yhteystiet1_.osoite as osoite13_25_0_,
        yhteystiet1_.osoite_tyyppi as osoite_14_25_0_,
        yhteystiet1_.postinumero as postinu15_25_0_,
        yhteystiet1_.postitoimipaikka as postito16_25_0_,
        yhteystiet1_.ytjpaivityspvm as ytjpaiv17_25_0_,
        yhteystiet1_.puhelinnumero as puhelin18_25_0_,
        yhteystiet1_.tyyppi as tyyppi19_25_0_,
        yhteystiet1_.www_osoite as www_oso20_25_0_,
        yhteystiet1_.dtype as dtype1_25_0_,
        organisaat2_.id as id1_5_1_,
        organisaat2_.version as version2_5_1_,
        organisaat2_.alkupvm as alkupvm3_5_1_,
        organisaat2_.domainnimi as domainni4_5_1_,
        organisaat2_.kotipaikka as kotipaik5_5_1_,
        organisaat2_.kuvaus_mkt as kuvaus_28_5_1_,
        organisaat2_.lakkautuspvm as lakkautu6_5_1_,
        organisaat2_.maa as maa7_5_1_,
        organisaat2_.metadata_id as metadat29_5_1_,
        organisaat2_.nimi_mkt as nimi_mk30_5_1_,
        organisaat2_.nimihaku as nimihaku8_5_1_,
        organisaat2_.oid as oid9_5_1_,
        organisaat2_.opetuspisteenjarjnro as opetusp10_5_1_,
        organisaat2_.oppilaitoskoodi as oppilai11_5_1_,
        organisaat2_.oppilaitos_tyyppi as oppilai12_5_1_,
        organisaat2_.organisaatio_poistettu as organis13_5_1_,
        organisaat2_.paivittaja as paivitt14_5_1_,
        organisaat2_.paivityspvm as paivity15_5_1_,
        organisaat2_.parentidpath as parenti16_5_1_,
        organisaat2_.parentoidpath as parento17_5_1_,
        organisaat2_.piilotettu as piilote18_5_1_,
        organisaat2_.tarkastus_pvm as tarkast19_5_1_,
        organisaat2_.toimipistekoodi as toimipi20_5_1_,
        organisaat2_.tuontipvm as tuontip21_5_1_,
        organisaat2_.varhaiskasvatuksen_toimipaikka_tiedot_id as varhais31_5_1_,
        organisaat2_.virastotunnus as virasto22_5_1_,
        organisaat2_.yhteishaunkoulukoodi as yhteish23_5_1_,
        organisaat2_.yritysmuoto as yritysm24_5_1_,
        organisaat2_.ytj_kieli as ytj_kie25_5_1_,
        organisaat2_.ytjpaivityspvm as ytjpaiv26_5_1_,
        organisaat2_.ytunnus as ytunnus27_5_1_ 
    from
        organisaatio_meta_data_yhteystiedot yhteystied0_ 
    inner join
        yhteystieto yhteystiet1_ 
            on yhteystied0_.yhteystiedot_id=yhteystiet1_.id 
    left outer join
        organisaatio organisaat2_ 
            on yhteystiet1_.organisaatio_id=organisaat2_.id 
    where
        yhteystied0_.organisaatio_meta_data_id=?
2020-06-10 18:12:08.621 TRACE 55751 --- [    Test worker] o.h.type.descriptor.sql.BasicBinder      : binding parameter [1] as [BIGINT] - [1]
2020-06-10 18:12:08.621 TRACE 55751 --- [    Test worker] o.h.type.descriptor.sql.BasicExtractor   : extracted value ([id2_25_0_] : [BIGINT]) - [1000]
2020-06-10 18:12:08.621 TRACE 55751 --- [    Test worker] o.h.type.descriptor.sql.BasicExtractor   : extracted value ([id1_5_1_] : [BIGINT]) - [null]
2020-06-10 18:12:08.621 TRACE 55751 --- [    Test worker] o.h.type.descriptor.sql.BasicExtractor   : extracted value ([dtype1_25_0_] : [VARCHAR]) - [Osoite]
2020-06-10 18:12:08.621 TRACE 55751 --- [    Test worker] o.h.type.descriptor.sql.BasicExtractor   : extracted value ([version3_25_0_] : [BIGINT]) - [1]
2020-06-10 18:12:08.621 TRACE 55751 --- [    Test worker] o.h.type.descriptor.sql.BasicExtractor   : extracted value ([kieli4_25_0_] : [VARCHAR]) - [kieli_fi#1]
2020-06-10 18:12:08.621 TRACE 55751 --- [    Test worker] o.h.type.descriptor.sql.BasicExtractor   : extracted value ([organis21_25_0_] : [BIGINT]) - [null]
2020-06-10 18:12:08.621 TRACE 55751 --- [    Test worker] o.h.type.descriptor.sql.BasicExtractor   : extracted value ([yhteysti5_25_0_] : [VARCHAR]) - [1.2.2004.4]
2020-06-10 18:12:08.621 TRACE 55751 --- [    Test worker] o.h.type.descriptor.sql.BasicExtractor   : extracted value ([coordina7_25_0_] : [VARCHAR]) - [null]
2020-06-10 18:12:08.621 TRACE 55751 --- [    Test worker] o.h.type.descriptor.sql.BasicExtractor   : extracted value ([extrariv8_25_0_] : [VARCHAR]) - [null]
2020-06-10 18:12:08.621 TRACE 55751 --- [    Test worker] o.h.type.descriptor.sql.BasicExtractor   : extracted value ([lat9_25_0_] : [DOUBLE]) - [null]
2020-06-10 18:12:08.621 TRACE 55751 --- [    Test worker] o.h.type.descriptor.sql.BasicExtractor   : extracted value ([lng10_25_0_] : [DOUBLE]) - [null]
2020-06-10 18:12:08.621 TRACE 55751 --- [    Test worker] o.h.type.descriptor.sql.BasicExtractor   : extracted value ([maa11_25_0_] : [VARCHAR]) - [null]
2020-06-10 18:12:08.621 TRACE 55751 --- [    Test worker] o.h.type.descriptor.sql.BasicExtractor   : extracted value ([osavalt12_25_0_] : [VARCHAR]) - [null]
2020-06-10 18:12:08.621 TRACE 55751 --- [    Test worker] o.h.type.descriptor.sql.BasicExtractor   : extracted value ([osoite13_25_0_] : [VARCHAR]) - [Hassuttimenkatu 2]
2020-06-10 18:12:08.621 TRACE 55751 --- [    Test worker] o.h.type.descriptor.sql.BasicExtractor   : extracted value ([osoite_14_25_0_] : [VARCHAR]) - [kaynti]
2020-06-10 18:12:08.621 TRACE 55751 --- [    Test worker] o.h.type.descriptor.sql.BasicExtractor   : extracted value ([postinu15_25_0_] : [VARCHAR]) - [posti_10000]
2020-06-10 18:12:08.621 TRACE 55751 --- [    Test worker] o.h.type.descriptor.sql.BasicExtractor   : extracted value ([postito16_25_0_] : [VARCHAR]) - [Juupajoki]
2020-06-10 18:12:08.621 TRACE 55751 --- [    Test worker] o.h.type.descriptor.sql.BasicExtractor   : extracted value ([ytjpaiv17_25_0_] : [DATE]) - [null]
2020-06-10 18:12:08.621 TRACE 55751 --- [    Test worker] o.h.type.descriptor.sql.BasicExtractor   : extracted value ([organisa1_18_2_] : [BIGINT]) - [1]
2020-06-10 18:12:08.621 TRACE 55751 --- [    Test worker] o.h.type.descriptor.sql.BasicExtractor   : extracted value ([yhteysti2_18_2_] : [BIGINT]) - [1000]
2020-06-10 18:12:08.621 TRACE 55751 --- [    Test worker] o.h.type.descriptor.sql.BasicExtractor   : extracted value ([id2_25_0_] : [BIGINT]) - [1001]
2020-06-10 18:12:08.621 TRACE 55751 --- [    Test worker] o.h.type.descriptor.sql.BasicExtractor   : extracted value ([id1_5_1_] : [BIGINT]) - [null]
2020-06-10 18:12:08.621 TRACE 55751 --- [    Test worker] o.h.type.descriptor.sql.BasicExtractor   : extracted value ([dtype1_25_0_] : [VARCHAR]) - [Osoite]
2020-06-10 18:12:08.621 TRACE 55751 --- [    Test worker] o.h.type.descriptor.sql.BasicExtractor   : extracted value ([version3_25_0_] : [BIGINT]) - [1]
2020-06-10 18:12:08.621 TRACE 55751 --- [    Test worker] o.h.type.descriptor.sql.BasicExtractor   : extracted value ([kieli4_25_0_] : [VARCHAR]) - [kieli_fi#1]
2020-06-10 18:12:08.621 TRACE 55751 --- [    Test worker] o.h.type.descriptor.sql.BasicExtractor   : extracted value ([organis21_25_0_] : [BIGINT]) - [null]
2020-06-10 18:12:08.621 TRACE 55751 --- [    Test worker] o.h.type.descriptor.sql.BasicExtractor   : extracted value ([yhteysti5_25_0_] : [VARCHAR]) - [1.2.2004.5]
2020-06-10 18:12:08.621 TRACE 55751 --- [    Test worker] o.h.type.descriptor.sql.BasicExtractor   : extracted value ([coordina7_25_0_] : [VARCHAR]) - [null]
2020-06-10 18:12:08.621 TRACE 55751 --- [    Test worker] o.h.type.descriptor.sql.BasicExtractor   : extracted value ([extrariv8_25_0_] : [VARCHAR]) - [null]
2020-06-10 18:12:08.621 TRACE 55751 --- [    Test worker] o.h.type.descriptor.sql.BasicExtractor   : extracted value ([lat9_25_0_] : [DOUBLE]) - [null]
2020-06-10 18:12:08.621 TRACE 55751 --- [    Test worker] o.h.type.descriptor.sql.BasicExtractor   : extracted value ([lng10_25_0_] : [DOUBLE]) - [null]
2020-06-10 18:12:08.621 TRACE 55751 --- [    Test worker] o.h.type.descriptor.sql.BasicExtractor   : extracted value ([maa11_25_0_] : [VARCHAR]) - [null]
2020-06-10 18:12:08.621 TRACE 55751 --- [    Test worker] o.h.type.descriptor.sql.BasicExtractor   : extracted value ([osavalt12_25_0_] : [VARCHAR]) - [null]
2020-06-10 18:12:08.621 TRACE 55751 --- [    Test worker] o.h.type.descriptor.sql.BasicExtractor   : extracted value ([osoite13_25_0_] : [VARCHAR]) - [Hassuttimenkatu 2]
2020-06-10 18:12:08.621 TRACE 55751 --- [    Test worker] o.h.type.descriptor.sql.BasicExtractor   : extracted value ([osoite_14_25_0_] : [VARCHAR]) - [posti]
2020-06-10 18:12:08.621 TRACE 55751 --- [    Test worker] o.h.type.descriptor.sql.BasicExtractor   : extracted value ([postinu15_25_0_] : [VARCHAR]) - [posti_10000]
2020-06-10 18:12:08.621 TRACE 55751 --- [    Test worker] o.h.type.descriptor.sql.BasicExtractor   : extracted value ([postito16_25_0_] : [VARCHAR]) - [Juupajoki]
2020-06-10 18:12:08.621 TRACE 55751 --- [    Test worker] o.h.type.descriptor.sql.BasicExtractor   : extracted value ([ytjpaiv17_25_0_] : [DATE]) - [null]
2020-06-10 18:12:08.621 TRACE 55751 --- [    Test worker] o.h.type.descriptor.sql.BasicExtractor   : extracted value ([organisa1_18_2_] : [BIGINT]) - [1]
2020-06-10 18:12:08.621 TRACE 55751 --- [    Test worker] o.h.type.descriptor.sql.BasicExtractor   : extracted value ([yhteysti2_18_2_] : [BIGINT]) - [1001]
2020-06-10 18:12:08.622 TRACE 55751 --- [    Test worker] o.h.type.descriptor.sql.BasicExtractor   : extracted value ([id2_25_0_] : [BIGINT]) - [1002]
2020-06-10 18:12:08.622 TRACE 55751 --- [    Test worker] o.h.type.descriptor.sql.BasicExtractor   : extracted value ([id1_5_1_] : [BIGINT]) - [null]
2020-06-10 18:12:08.622 TRACE 55751 --- [    Test worker] o.h.type.descriptor.sql.BasicExtractor   : extracted value ([dtype1_25_0_] : [VARCHAR]) - [Osoite]
2020-06-10 18:12:08.622 TRACE 55751 --- [    Test worker] o.h.type.descriptor.sql.BasicExtractor   : extracted value ([version3_25_0_] : [BIGINT]) - [1]
2020-06-10 18:12:08.622 TRACE 55751 --- [    Test worker] o.h.type.descriptor.sql.BasicExtractor   : extracted value ([kieli4_25_0_] : [VARCHAR]) - [kieli_sv#1]
2020-06-10 18:12:08.622 TRACE 55751 --- [    Test worker] o.h.type.descriptor.sql.BasicExtractor   : extracted value ([organis21_25_0_] : [BIGINT]) - [null]
2020-06-10 18:12:08.622 TRACE 55751 --- [    Test worker] o.h.type.descriptor.sql.BasicExtractor   : extracted value ([yhteysti5_25_0_] : [VARCHAR]) - [1.2.2004.6]
2020-06-10 18:12:08.622 TRACE 55751 --- [    Test worker] o.h.type.descriptor.sql.BasicExtractor   : extracted value ([coordina7_25_0_] : [VARCHAR]) - [null]
2020-06-10 18:12:08.622 TRACE 55751 --- [    Test worker] o.h.type.descriptor.sql.BasicExtractor   : extracted value ([extrariv8_25_0_] : [VARCHAR]) - [null]
2020-06-10 18:12:08.622 TRACE 55751 --- [    Test worker] o.h.type.descriptor.sql.BasicExtractor   : extracted value ([lat9_25_0_] : [DOUBLE]) - [null]
2020-06-10 18:12:08.622 TRACE 55751 --- [    Test worker] o.h.type.descriptor.sql.BasicExtractor   : extracted value ([lng10_25_0_] : [DOUBLE]) - [null]
2020-06-10 18:12:08.622 TRACE 55751 --- [    Test worker] o.h.type.descriptor.sql.BasicExtractor   : extracted value ([maa11_25_0_] : [VARCHAR]) - [null]
2020-06-10 18:12:08.622 TRACE 55751 --- [    Test worker] o.h.type.descriptor.sql.BasicExtractor   : extracted value ([osavalt12_25_0_] : [VARCHAR]) - [null]
2020-06-10 18:12:08.622 TRACE 55751 --- [    Test worker] o.h.type.descriptor.sql.BasicExtractor   : extracted value ([osoite13_25_0_] : [VARCHAR]) - [Hassutingatan 2]
2020-06-10 18:12:08.622 TRACE 55751 --- [    Test worker] o.h.type.descriptor.sql.BasicExtractor   : extracted value ([osoite_14_25_0_] : [VARCHAR]) - [kaynti]
2020-06-10 18:12:08.622 TRACE 55751 --- [    Test worker] o.h.type.descriptor.sql.BasicExtractor   : extracted value ([postinu15_25_0_] : [VARCHAR]) - [posti_10000]
2020-06-10 18:12:08.622 TRACE 55751 --- [    Test worker] o.h.type.descriptor.sql.BasicExtractor   : extracted value ([postito16_25_0_] : [VARCHAR]) - [Juupajoki]
2020-06-10 18:12:08.622 TRACE 55751 --- [    Test worker] o.h.type.descriptor.sql.BasicExtractor   : extracted value ([ytjpaiv17_25_0_] : [DATE]) - [null]
2020-06-10 18:12:08.622 TRACE 55751 --- [    Test worker] o.h.type.descriptor.sql.BasicExtractor   : extracted value ([organisa1_18_2_] : [BIGINT]) - [1]
2020-06-10 18:12:08.622 TRACE 55751 --- [    Test worker] o.h.type.descriptor.sql.BasicExtractor   : extracted value ([yhteysti2_18_2_] : [BIGINT]) - [1002]
2020-06-10 18:12:08.622 TRACE 55751 --- [    Test worker] o.h.type.descriptor.sql.BasicExtractor   : extracted value ([id2_25_0_] : [BIGINT]) - [1003]
2020-06-10 18:12:08.622 TRACE 55751 --- [    Test worker] o.h.type.descriptor.sql.BasicExtractor   : extracted value ([id1_5_1_] : [BIGINT]) - [null]
2020-06-10 18:12:08.622 TRACE 55751 --- [    Test worker] o.h.type.descriptor.sql.BasicExtractor   : extracted value ([dtype1_25_0_] : [VARCHAR]) - [Osoite]
2020-06-10 18:12:08.622 TRACE 55751 --- [    Test worker] o.h.type.descriptor.sql.BasicExtractor   : extracted value ([version3_25_0_] : [BIGINT]) - [1]
2020-06-10 18:12:08.622 TRACE 55751 --- [    Test worker] o.h.type.descriptor.sql.BasicExtractor   : extracted value ([kieli4_25_0_] : [VARCHAR]) - [kieli_en#1]
2020-06-10 18:12:08.622 TRACE 55751 --- [    Test worker] o.h.type.descriptor.sql.BasicExtractor   : extracted value ([organis21_25_0_] : [BIGINT]) - [null]
2020-06-10 18:12:08.622 TRACE 55751 --- [    Test worker] o.h.type.descriptor.sql.BasicExtractor   : extracted value ([yhteysti5_25_0_] : [VARCHAR]) - [1.2.2004.7]
2020-06-10 18:12:08.622 TRACE 55751 --- [    Test worker] o.h.type.descriptor.sql.BasicExtractor   : extracted value ([coordina7_25_0_] : [VARCHAR]) - [null]
2020-06-10 18:12:08.622 TRACE 55751 --- [    Test worker] o.h.type.descriptor.sql.BasicExtractor   : extracted value ([extrariv8_25_0_] : [VARCHAR]) - [null]
2020-06-10 18:12:08.622 TRACE 55751 --- [    Test worker] o.h.type.descriptor.sql.BasicExtractor   : extracted value ([lat9_25_0_] : [DOUBLE]) - [null]
2020-06-10 18:12:08.622 TRACE 55751 --- [    Test worker] o.h.type.descriptor.sql.BasicExtractor   : extracted value ([lng10_25_0_] : [DOUBLE]) - [null]
2020-06-10 18:12:08.622 TRACE 55751 --- [    Test worker] o.h.type.descriptor.sql.BasicExtractor   : extracted value ([maa11_25_0_] : [VARCHAR]) - [null]
2020-06-10 18:12:08.622 TRACE 55751 --- [    Test worker] o.h.type.descriptor.sql.BasicExtractor   : extracted value ([osavalt12_25_0_] : [VARCHAR]) - [null]
2020-06-10 18:12:08.622 TRACE 55751 --- [    Test worker] o.h.type.descriptor.sql.BasicExtractor   : extracted value ([osoite13_25_0_] : [VARCHAR]) - [Hassuttimenkatu 2, 10000 Juupajoki, Finland]
2020-06-10 18:12:08.622 TRACE 55751 --- [    Test worker] o.h.type.descriptor.sql.BasicExtractor   : extracted value ([osoite_14_25_0_] : [VARCHAR]) - [ulkomainen_kaynti]
2020-06-10 18:12:08.622 TRACE 55751 --- [    Test worker] o.h.type.descriptor.sql.BasicExtractor   : extracted value ([postinu15_25_0_] : [VARCHAR]) - [null]
2020-06-10 18:12:08.622 TRACE 55751 --- [    Test worker] o.h.type.descriptor.sql.BasicExtractor   : extracted value ([postito16_25_0_] : [VARCHAR]) - [null]
2020-06-10 18:12:08.622 TRACE 55751 --- [    Test worker] o.h.type.descriptor.sql.BasicExtractor   : extracted value ([ytjpaiv17_25_0_] : [DATE]) - [null]
2020-06-10 18:12:08.622 TRACE 55751 --- [    Test worker] o.h.type.descriptor.sql.BasicExtractor   : extracted value ([organisa1_18_2_] : [BIGINT]) - [1]
2020-06-10 18:12:08.622 TRACE 55751 --- [    Test worker] o.h.type.descriptor.sql.BasicExtractor   : extracted value ([yhteysti2_18_2_] : [BIGINT]) - [1003]
2020-06-10 18:12:08.622 TRACE 55751 --- [    Test worker] o.h.type.descriptor.sql.BasicExtractor   : extracted value ([id2_25_0_] : [BIGINT]) - [1004]
2020-06-10 18:12:08.622 TRACE 55751 --- [    Test worker] o.h.type.descriptor.sql.BasicExtractor   : extracted value ([id1_5_1_] : [BIGINT]) - [null]
2020-06-10 18:12:08.622 TRACE 55751 --- [    Test worker] o.h.type.descriptor.sql.BasicExtractor   : extracted value ([dtype1_25_0_] : [VARCHAR]) - [Osoite]
2020-06-10 18:12:08.622 TRACE 55751 --- [    Test worker] o.h.type.descriptor.sql.BasicExtractor   : extracted value ([version3_25_0_] : [BIGINT]) - [1]
2020-06-10 18:12:08.622 TRACE 55751 --- [    Test worker] o.h.type.descriptor.sql.BasicExtractor   : extracted value ([kieli4_25_0_] : [VARCHAR]) - [kieli_en#1]
2020-06-10 18:12:08.622 TRACE 55751 --- [    Test worker] o.h.type.descriptor.sql.BasicExtractor   : extracted value ([organis21_25_0_] : [BIGINT]) - [null]
2020-06-10 18:12:08.622 TRACE 55751 --- [    Test worker] o.h.type.descriptor.sql.BasicExtractor   : extracted value ([yhteysti5_25_0_] : [VARCHAR]) - [1.2.2004.8]
2020-06-10 18:12:08.622 TRACE 55751 --- [    Test worker] o.h.type.descriptor.sql.BasicExtractor   : extracted value ([coordina7_25_0_] : [VARCHAR]) - [null]
2020-06-10 18:12:08.622 TRACE 55751 --- [    Test worker] o.h.type.descriptor.sql.BasicExtractor   : extracted value ([extrariv8_25_0_] : [VARCHAR]) - [null]
2020-06-10 18:12:08.622 TRACE 55751 --- [    Test worker] o.h.type.descriptor.sql.BasicExtractor   : extracted value ([lat9_25_0_] : [DOUBLE]) - [null]
2020-06-10 18:12:08.622 TRACE 55751 --- [    Test worker] o.h.type.descriptor.sql.BasicExtractor   : extracted value ([lng10_25_0_] : [DOUBLE]) - [null]
2020-06-10 18:12:08.622 TRACE 55751 --- [    Test worker] o.h.type.descriptor.sql.BasicExtractor   : extracted value ([maa11_25_0_] : [VARCHAR]) - [null]
2020-06-10 18:12:08.622 TRACE 55751 --- [    Test worker] o.h.type.descriptor.sql.BasicExtractor   : extracted value ([osavalt12_25_0_] : [VARCHAR]) - [null]
2020-06-10 18:12:08.622 TRACE 55751 --- [    Test worker] o.h.type.descriptor.sql.BasicExtractor   : extracted value ([osoite13_25_0_] : [VARCHAR]) - [Hassuttimenkatu 2, 10000 Juupajoki, Finland]
2020-06-10 18:12:08.622 TRACE 55751 --- [    Test worker] o.h.type.descriptor.sql.BasicExtractor   : extracted value ([osoite_14_25_0_] : [VARCHAR]) - [ulkomainen_posti]
2020-06-10 18:12:08.623 TRACE 55751 --- [    Test worker] o.h.type.descriptor.sql.BasicExtractor   : extracted value ([postinu15_25_0_] : [VARCHAR]) - [null]
2020-06-10 18:12:08.623 TRACE 55751 --- [    Test worker] o.h.type.descriptor.sql.BasicExtractor   : extracted value ([postito16_25_0_] : [VARCHAR]) - [null]
2020-06-10 18:12:08.623 TRACE 55751 --- [    Test worker] o.h.type.descriptor.sql.BasicExtractor   : extracted value ([ytjpaiv17_25_0_] : [DATE]) - [null]
2020-06-10 18:12:08.623 TRACE 55751 --- [    Test worker] o.h.type.descriptor.sql.BasicExtractor   : extracted value ([organisa1_18_2_] : [BIGINT]) - [1]
2020-06-10 18:12:08.623 TRACE 55751 --- [    Test worker] o.h.type.descriptor.sql.BasicExtractor   : extracted value ([yhteysti2_18_2_] : [BIGINT]) - [1004]
2020-06-10 18:12:08.623 TRACE 55751 --- [    Test worker] o.h.type.descriptor.sql.BasicExtractor   : extracted value ([id2_25_0_] : [BIGINT]) - [1101]
2020-06-10 18:12:08.623 TRACE 55751 --- [    Test worker] o.h.type.descriptor.sql.BasicExtractor   : extracted value ([id1_5_1_] : [BIGINT]) - [null]
2020-06-10 18:12:08.623 TRACE 55751 --- [    Test worker] o.h.type.descriptor.sql.BasicExtractor   : extracted value ([dtype1_25_0_] : [VARCHAR]) - [Www]
2020-06-10 18:12:08.623 TRACE 55751 --- [    Test worker] o.h.type.descriptor.sql.BasicExtractor   : extracted value ([version3_25_0_] : [BIGINT]) - [1]
2020-06-10 18:12:08.623 TRACE 55751 --- [    Test worker] o.h.type.descriptor.sql.BasicExtractor   : extracted value ([kieli4_25_0_] : [VARCHAR]) - [kieli_fi#1]
2020-06-10 18:12:08.623 TRACE 55751 --- [    Test worker] o.h.type.descriptor.sql.BasicExtractor   : extracted value ([organis21_25_0_] : [BIGINT]) - [null]
2020-06-10 18:12:08.623 TRACE 55751 --- [    Test worker] o.h.type.descriptor.sql.BasicExtractor   : extracted value ([yhteysti5_25_0_] : [VARCHAR]) - [1.2.2004.100]
2020-06-10 18:12:08.623 TRACE 55751 --- [    Test worker] o.h.type.descriptor.sql.BasicExtractor   : extracted value ([www_oso20_25_0_] : [VARCHAR]) - [http://www.foo.fi]
2020-06-10 18:12:08.623 TRACE 55751 --- [    Test worker] o.h.type.descriptor.sql.BasicExtractor   : extracted value ([organisa1_18_2_] : [BIGINT]) - [1]
2020-06-10 18:12:08.623 TRACE 55751 --- [    Test worker] o.h.type.descriptor.sql.BasicExtractor   : extracted value ([yhteysti2_18_2_] : [BIGINT]) - [1101]
2020-06-10 18:12:08.623 TRACE 55751 --- [    Test worker] o.h.type.descriptor.sql.BasicExtractor   : extracted value ([id2_25_0_] : [BIGINT]) - [1102]
2020-06-10 18:12:08.623 TRACE 55751 --- [    Test worker] o.h.type.descriptor.sql.BasicExtractor   : extracted value ([id1_5_1_] : [BIGINT]) - [null]
2020-06-10 18:12:08.623 TRACE 55751 --- [    Test worker] o.h.type.descriptor.sql.BasicExtractor   : extracted value ([dtype1_25_0_] : [VARCHAR]) - [Www]
2020-06-10 18:12:08.623 TRACE 55751 --- [    Test worker] o.h.type.descriptor.sql.BasicExtractor   : extracted value ([version3_25_0_] : [BIGINT]) - [1]
2020-06-10 18:12:08.623 TRACE 55751 --- [    Test worker] o.h.type.descriptor.sql.BasicExtractor   : extracted value ([kieli4_25_0_] : [VARCHAR]) - [kieli_en#1]
2020-06-10 18:12:08.623 TRACE 55751 --- [    Test worker] o.h.type.descriptor.sql.BasicExtractor   : extracted value ([organis21_25_0_] : [BIGINT]) - [null]
2020-06-10 18:12:08.623 TRACE 55751 --- [    Test worker] o.h.type.descriptor.sql.BasicExtractor   : extracted value ([yhteysti5_25_0_] : [VARCHAR]) - [1.2.2004.101]
2020-06-10 18:12:08.623 TRACE 55751 --- [    Test worker] o.h.type.descriptor.sql.BasicExtractor   : extracted value ([www_oso20_25_0_] : [VARCHAR]) - [http://www.foo.fi/en]
2020-06-10 18:12:08.623 TRACE 55751 --- [    Test worker] o.h.type.descriptor.sql.BasicExtractor   : extracted value ([organisa1_18_2_] : [BIGINT]) - [1]
2020-06-10 18:12:08.623 TRACE 55751 --- [    Test worker] o.h.type.descriptor.sql.BasicExtractor   : extracted value ([yhteysti2_18_2_] : [BIGINT]) - [1102]
2020-06-10 18:12:08.623 TRACE 55751 --- [    Test worker] o.h.type.descriptor.sql.BasicExtractor   : extracted value ([id2_25_0_] : [BIGINT]) - [1201]
2020-06-10 18:12:08.623 TRACE 55751 --- [    Test worker] o.h.type.descriptor.sql.BasicExtractor   : extracted value ([id1_5_1_] : [BIGINT]) - [null]
2020-06-10 18:12:08.623 TRACE 55751 --- [    Test worker] o.h.type.descriptor.sql.BasicExtractor   : extracted value ([dtype1_25_0_] : [VARCHAR]) - [Puhelinnumero]
2020-06-10 18:12:08.623 TRACE 55751 --- [    Test worker] o.h.type.descriptor.sql.BasicExtractor   : extracted value ([version3_25_0_] : [BIGINT]) - [1]
2020-06-10 18:12:08.623 TRACE 55751 --- [    Test worker] o.h.type.descriptor.sql.BasicExtractor   : extracted value ([kieli4_25_0_] : [VARCHAR]) - [kieli_fi#1]
2020-06-10 18:12:08.623 TRACE 55751 --- [    Test worker] o.h.type.descriptor.sql.BasicExtractor   : extracted value ([organis21_25_0_] : [BIGINT]) - [null]
2020-06-10 18:12:08.623 TRACE 55751 --- [    Test worker] o.h.type.descriptor.sql.BasicExtractor   : extracted value ([yhteysti5_25_0_] : [VARCHAR]) - [1.2.2004.201]
2020-06-10 18:12:08.623 TRACE 55751 --- [    Test worker] o.h.type.descriptor.sql.BasicExtractor   : extracted value ([puhelin18_25_0_] : [VARCHAR]) - [123456789]
2020-06-10 18:12:08.623 TRACE 55751 --- [    Test worker] o.h.type.descriptor.sql.BasicExtractor   : extracted value ([tyyppi19_25_0_] : [VARCHAR]) - [puhelin]
2020-06-10 18:12:08.623 TRACE 55751 --- [    Test worker] o.h.type.descriptor.sql.BasicExtractor   : extracted value ([organisa1_18_2_] : [BIGINT]) - [1]
2020-06-10 18:12:08.623 TRACE 55751 --- [    Test worker] o.h.type.descriptor.sql.BasicExtractor   : extracted value ([yhteysti2_18_2_] : [BIGINT]) - [1201]
2020-06-10 18:12:08.623 TRACE 55751 --- [    Test worker] o.h.type.descriptor.sql.BasicExtractor   : extracted value ([id2_25_0_] : [BIGINT]) - [1301]
2020-06-10 18:12:08.623 TRACE 55751 --- [    Test worker] o.h.type.descriptor.sql.BasicExtractor   : extracted value ([id1_5_1_] : [BIGINT]) - [null]
2020-06-10 18:12:08.623 TRACE 55751 --- [    Test worker] o.h.type.descriptor.sql.BasicExtractor   : extracted value ([dtype1_25_0_] : [VARCHAR]) - [Email]
2020-06-10 18:12:08.623 TRACE 55751 --- [    Test worker] o.h.type.descriptor.sql.BasicExtractor   : extracted value ([version3_25_0_] : [BIGINT]) - [1]
2020-06-10 18:12:08.624 TRACE 55751 --- [    Test worker] o.h.type.descriptor.sql.BasicExtractor   : extracted value ([kieli4_25_0_] : [VARCHAR]) - [kieli_fi#1]
2020-06-10 18:12:08.624 TRACE 55751 --- [    Test worker] o.h.type.descriptor.sql.BasicExtractor   : extracted value ([organis21_25_0_] : [BIGINT]) - [null]
2020-06-10 18:12:08.624 TRACE 55751 --- [    Test worker] o.h.type.descriptor.sql.BasicExtractor   : extracted value ([yhteysti5_25_0_] : [VARCHAR]) - [1.2.2004.301]
2020-06-10 18:12:08.624 TRACE 55751 --- [    Test worker] o.h.type.descriptor.sql.BasicExtractor   : extracted value ([email6_25_0_] : [VARCHAR]) - [foo@bar.com]
2020-06-10 18:12:08.624 TRACE 55751 --- [    Test worker] o.h.type.descriptor.sql.BasicExtractor   : extracted value ([organisa1_18_2_] : [BIGINT]) - [1]
2020-06-10 18:12:08.624 TRACE 55751 --- [    Test worker] o.h.type.descriptor.sql.BasicExtractor   : extracted value ([yhteysti2_18_2_] : [BIGINT]) - [1301]
Hibernate: 
    select
        values0_.id as id1_3_0_,
        values0_.value as value2_3_0_,
        values0_.key as key3_0_ 
    from
        monikielinen_teksti_values values0_ 
    where
        values0_.id=?
2020-06-10 18:12:08.627 TRACE 55751 --- [    Test worker] o.h.type.descriptor.sql.BasicBinder      : binding parameter [1] as [BIGINT] - [1000]
2020-06-10 18:12:08.627 TRACE 55751 --- [    Test worker] o.h.type.descriptor.sql.BasicExtractor   : extracted value ([id1_3_0_] : [BIGINT]) - [1000]
2020-06-10 18:12:08.627 TRACE 55751 --- [    Test worker] o.h.type.descriptor.sql.BasicExtractor   : extracted value ([value2_3_0_] : [VARCHAR]) - [Hakutoimiston nimi EN]
2020-06-10 18:12:08.627 TRACE 55751 --- [    Test worker] o.h.type.descriptor.sql.BasicExtractor   : extracted value ([key3_0_] : [VARCHAR]) - [kieli_en#1]
2020-06-10 18:12:08.627 TRACE 55751 --- [    Test worker] o.h.type.descriptor.sql.BasicExtractor   : extracted value ([id1_3_0_] : [BIGINT]) - [1000]
2020-06-10 18:12:08.627 TRACE 55751 --- [    Test worker] o.h.type.descriptor.sql.BasicExtractor   : extracted value ([value2_3_0_] : [VARCHAR]) - [Hakutoimiston nimi FI]
2020-06-10 18:12:08.627 TRACE 55751 --- [    Test worker] o.h.type.descriptor.sql.BasicExtractor   : extracted value ([key3_0_] : [VARCHAR]) - [kieli_fi#1]
Hibernate: 
    select
        organisaat0_.id as id1_5_,
        organisaat0_.version as version2_5_,
        organisaat0_.alkupvm as alkupvm3_5_,
        organisaat0_.domainnimi as domainni4_5_,
        organisaat0_.kotipaikka as kotipaik5_5_,
        organisaat0_.kuvaus_mkt as kuvaus_28_5_,
        organisaat0_.lakkautuspvm as lakkautu6_5_,
        organisaat0_.maa as maa7_5_,
        organisaat0_.metadata_id as metadat29_5_,
        organisaat0_.nimi_mkt as nimi_mk30_5_,
        organisaat0_.nimihaku as nimihaku8_5_,
        organisaat0_.oid as oid9_5_,
        organisaat0_.opetuspisteenjarjnro as opetusp10_5_,
        organisaat0_.oppilaitoskoodi as oppilai11_5_,
        organisaat0_.oppilaitos_tyyppi as oppilai12_5_,
        organisaat0_.organisaatio_poistettu as organis13_5_,
        organisaat0_.paivittaja as paivitt14_5_,
        organisaat0_.paivityspvm as paivity15_5_,
        organisaat0_.parentidpath as parenti16_5_,
        organisaat0_.parentoidpath as parento17_5_,
        organisaat0_.piilotettu as piilote18_5_,
        organisaat0_.tarkastus_pvm as tarkast19_5_,
        organisaat0_.toimipistekoodi as toimipi20_5_,
        organisaat0_.tuontipvm as tuontip21_5_,
        organisaat0_.varhaiskasvatuksen_toimipaikka_tiedot_id as varhais31_5_,
        organisaat0_.virastotunnus as virasto22_5_,
        organisaat0_.yhteishaunkoulukoodi as yhteish23_5_,
        organisaat0_.yritysmuoto as yritysm24_5_,
        organisaat0_.ytj_kieli as ytj_kie25_5_,
        organisaat0_.ytjpaivityspvm as ytjpaiv26_5_,
        organisaat0_.ytunnus as ytunnus27_5_ 
    from
        organisaatio organisaat0_ 
    where
        organisaat0_.oid=?
2020-06-10 18:12:08.641 TRACE 55751 --- [    Test worker] o.h.type.descriptor.sql.BasicBinder      : binding parameter [1] as [VARCHAR] - [1.2.2004.6]
2020-06-10 18:12:08.641 TRACE 55751 --- [    Test worker] o.h.type.descriptor.sql.BasicExtractor   : extracted value ([id1_5_] : [BIGINT]) - [8]
2020-06-10 18:12:08.641 TRACE 55751 --- [    Test worker] o.h.type.descriptor.sql.BasicExtractor   : extracted value ([version2_5_] : [BIGINT]) - [1]
2020-06-10 18:12:08.641 TRACE 55751 --- [    Test worker] o.h.type.descriptor.sql.BasicExtractor   : extracted value ([alkupvm3_5_] : [DATE]) - [2008-04-11]
2020-06-10 18:12:08.641 TRACE 55751 --- [    Test worker] o.h.type.descriptor.sql.BasicExtractor   : extracted value ([domainni4_5_] : [VARCHAR]) - [null]
2020-06-10 18:12:08.641 TRACE 55751 --- [    Test worker] o.h.type.descriptor.sql.BasicExtractor   : extracted value ([kotipaik5_5_] : [VARCHAR]) - [Helsinki]
2020-06-10 18:12:08.641 TRACE 55751 --- [    Test worker] o.h.type.descriptor.sql.BasicExtractor   : extracted value ([kuvaus_28_5_] : [BIGINT]) - [null]
2020-06-10 18:12:08.641 TRACE 55751 --- [    Test worker] o.h.type.descriptor.sql.BasicExtractor   : extracted value ([lakkautu6_5_] : [DATE]) - [2011-06-29]
2020-06-10 18:12:08.641 TRACE 55751 --- [    Test worker] o.h.type.descriptor.sql.BasicExtractor   : extracted value ([maa7_5_] : [VARCHAR]) - [null]
2020-06-10 18:12:08.642 TRACE 55751 --- [    Test worker] o.h.type.descriptor.sql.BasicExtractor   : extracted value ([metadat29_5_] : [BIGINT]) - [null]
2020-06-10 18:12:08.642 TRACE 55751 --- [    Test worker] o.h.type.descriptor.sql.BasicExtractor   : extracted value ([nimi_mk30_5_] : [BIGINT]) - [8]
2020-06-10 18:12:08.642 TRACE 55751 --- [    Test worker] o.h.type.descriptor.sql.BasicExtractor   : extracted value ([nimihaku8_5_] : [VARCHAR]) - [nodex bar]
2020-06-10 18:12:08.642 TRACE 55751 --- [    Test worker] o.h.type.descriptor.sql.BasicExtractor   : extracted value ([oid9_5_] : [VARCHAR]) - [1.2.2004.6]
2020-06-10 18:12:08.642 TRACE 55751 --- [    Test worker] o.h.type.descriptor.sql.BasicExtractor   : extracted value ([opetusp10_5_] : [VARCHAR]) - [null]
2020-06-10 18:12:08.642 TRACE 55751 --- [    Test worker] o.h.type.descriptor.sql.BasicExtractor   : extracted value ([oppilai11_5_] : [VARCHAR]) - [null]
2020-06-10 18:12:08.642 TRACE 55751 --- [    Test worker] o.h.type.descriptor.sql.BasicExtractor   : extracted value ([oppilai12_5_] : [VARCHAR]) - [oppilaitostyyppi_41#1]
2020-06-10 18:12:08.642 TRACE 55751 --- [    Test worker] o.h.type.descriptor.sql.BasicExtractor   : extracted value ([organis13_5_] : [BOOLEAN]) - [false]
2020-06-10 18:12:08.642 TRACE 55751 --- [    Test worker] o.h.type.descriptor.sql.BasicExtractor   : extracted value ([paivitt14_5_] : [VARCHAR]) - [null]
2020-06-10 18:12:08.642 TRACE 55751 --- [    Test worker] o.h.type.descriptor.sql.BasicExtractor   : extracted value ([paivity15_5_] : [TIMESTAMP]) - [null]
2020-06-10 18:12:08.642 TRACE 55751 --- [    Test worker] o.h.type.descriptor.sql.BasicExtractor   : extracted value ([parenti16_5_] : [VARCHAR]) - [|1|7|]
2020-06-10 18:12:08.642 TRACE 55751 --- [    Test worker] o.h.type.descriptor.sql.BasicExtractor   : extracted value ([parento17_5_] : [VARCHAR]) - [|1.2.246.562.24.00000000001|1.2.2004.5|]
2020-06-10 18:12:08.642 TRACE 55751 --- [    Test worker] o.h.type.descriptor.sql.BasicExtractor   : extracted value ([piilote18_5_] : [BOOLEAN]) - [false]
2020-06-10 18:12:08.642 TRACE 55751 --- [    Test worker] o.h.type.descriptor.sql.BasicExtractor   : extracted value ([tarkast19_5_] : [TIMESTAMP]) - [null]
2020-06-10 18:12:08.642 TRACE 55751 --- [    Test worker] o.h.type.descriptor.sql.BasicExtractor   : extracted value ([toimipi20_5_] : [VARCHAR]) - [null]
2020-06-10 18:12:08.642 TRACE 55751 --- [    Test worker] o.h.type.descriptor.sql.BasicExtractor   : extracted value ([tuontip21_5_] : [TIMESTAMP]) - [null]
2020-06-10 18:12:08.642 TRACE 55751 --- [    Test worker] o.h.type.descriptor.sql.BasicExtractor   : extracted value ([varhais31_5_] : [BIGINT]) - [null]
2020-06-10 18:12:08.642 TRACE 55751 --- [    Test worker] o.h.type.descriptor.sql.BasicExtractor   : extracted value ([virasto22_5_] : [VARCHAR]) - [null]
2020-06-10 18:12:08.642 TRACE 55751 --- [    Test worker] o.h.type.descriptor.sql.BasicExtractor   : extracted value ([yhteish23_5_] : [VARCHAR]) - [null]
2020-06-10 18:12:08.642 TRACE 55751 --- [    Test worker] o.h.type.descriptor.sql.BasicExtractor   : extracted value ([yritysm24_5_] : [VARCHAR]) - [oy]
2020-06-10 18:12:08.642 TRACE 55751 --- [    Test worker] o.h.type.descriptor.sql.BasicExtractor   : extracted value ([ytj_kie25_5_] : [VARCHAR]) - [null]
2020-06-10 18:12:08.642 TRACE 55751 --- [    Test worker] o.h.type.descriptor.sql.BasicExtractor   : extracted value ([ytjpaiv26_5_] : [DATE]) - [null]
2020-06-10 18:12:08.642 TRACE 55751 --- [    Test worker] o.h.type.descriptor.sql.BasicExtractor   : extracted value ([ytunnus27_5_] : [VARCHAR]) - [1234567-6]
2020-06-10 18:12:08.642 TRACE 55751 --- [    Test worker] org.hibernate.type.CollectionType        : Created collection wrapper: [fi.vm.sade.organisaatio.model.Organisaatio.childSuhteet#8]
2020-06-10 18:12:08.642 TRACE 55751 --- [    Test worker] org.hibernate.type.CollectionType        : Created collection wrapper: [fi.vm.sade.organisaatio.model.Organisaatio.kayttoryhmat#8]
2020-06-10 18:12:08.642 TRACE 55751 --- [    Test worker] org.hibernate.type.CollectionType        : Created collection wrapper: [fi.vm.sade.organisaatio.model.Organisaatio.kielet#8]
2020-06-10 18:12:08.642 TRACE 55751 --- [    Test worker] org.hibernate.type.CollectionType        : Created collection wrapper: [fi.vm.sade.organisaatio.model.Organisaatio.muutKotipaikatUris#8]
2020-06-10 18:12:08.642 TRACE 55751 --- [    Test worker] org.hibernate.type.CollectionType        : Created collection wrapper: [fi.vm.sade.organisaatio.model.Organisaatio.muutOppilaitosTyyppiUris#8]
2020-06-10 18:12:08.642 TRACE 55751 --- [    Test worker] org.hibernate.type.CollectionType        : Created collection wrapper: [fi.vm.sade.organisaatio.model.Organisaatio.nimet#8]
2020-06-10 18:12:08.642 TRACE 55751 --- [    Test worker] org.hibernate.type.CollectionType        : Created collection wrapper: [fi.vm.sade.organisaatio.model.Organisaatio.organisaatioLisatietotyypit#8]
2020-06-10 18:12:08.642 TRACE 55751 --- [    Test worker] org.hibernate.type.CollectionType        : Created collection wrapper: [fi.vm.sade.organisaatio.model.Organisaatio.parentSuhteet#8]
2020-06-10 18:12:08.642 TRACE 55751 --- [    Test worker] org.hibernate.type.CollectionType        : Created collection wrapper: [fi.vm.sade.organisaatio.model.Organisaatio.ryhmatyypit#8]
2020-06-10 18:12:08.642 TRACE 55751 --- [    Test worker] org.hibernate.type.CollectionType        : Created collection wrapper: [fi.vm.sade.organisaatio.model.Organisaatio.tyypit#8]
2020-06-10 18:12:08.642 TRACE 55751 --- [    Test worker] org.hibernate.type.CollectionType        : Created collection wrapper: [fi.vm.sade.organisaatio.model.Organisaatio.vuosiluokat#8]
2020-06-10 18:12:08.642 TRACE 55751 --- [    Test worker] org.hibernate.type.CollectionType        : Created collection wrapper: [fi.vm.sade.organisaatio.model.Organisaatio.yhteystiedot#8]
2020-06-10 18:12:08.642 TRACE 55751 --- [    Test worker] org.hibernate.type.CollectionType        : Created collection wrapper: [fi.vm.sade.organisaatio.model.Organisaatio.yhteystietoArvos#8]
Hibernate: 
    select
        organisaat0_.id as id1_5_,
        organisaat0_.version as version2_5_,
        organisaat0_.alkupvm as alkupvm3_5_,
        organisaat0_.domainnimi as domainni4_5_,
        organisaat0_.kotipaikka as kotipaik5_5_,
        organisaat0_.kuvaus_mkt as kuvaus_28_5_,
        organisaat0_.lakkautuspvm as lakkautu6_5_,
        organisaat0_.maa as maa7_5_,
        organisaat0_.metadata_id as metadat29_5_,
        organisaat0_.nimi_mkt as nimi_mk30_5_,
        organisaat0_.nimihaku as nimihaku8_5_,
        organisaat0_.oid as oid9_5_,
        organisaat0_.opetuspisteenjarjnro as opetusp10_5_,
        organisaat0_.oppilaitoskoodi as oppilai11_5_,
        organisaat0_.oppilaitos_tyyppi as oppilai12_5_,
        organisaat0_.organisaatio_poistettu as organis13_5_,
        organisaat0_.paivittaja as paivitt14_5_,
        organisaat0_.paivityspvm as paivity15_5_,
        organisaat0_.parentidpath as parenti16_5_,
        organisaat0_.parentoidpath as parento17_5_,
        organisaat0_.piilotettu as piilote18_5_,
        organisaat0_.tarkastus_pvm as tarkast19_5_,
        organisaat0_.toimipistekoodi as toimipi20_5_,
        organisaat0_.tuontipvm as tuontip21_5_,
        organisaat0_.varhaiskasvatuksen_toimipaikka_tiedot_id as varhais31_5_,
        organisaat0_.virastotunnus as virasto22_5_,
        organisaat0_.yhteishaunkoulukoodi as yhteish23_5_,
        organisaat0_.yritysmuoto as yritysm24_5_,
        organisaat0_.ytj_kieli as ytj_kie25_5_,
        organisaat0_.ytjpaivityspvm as ytjpaiv26_5_,
        organisaat0_.ytunnus as ytunnus27_5_ 
    from
        organisaatio organisaat0_ 
    where
        organisaat0_.oid=?
2020-06-10 18:12:08.643 TRACE 55751 --- [    Test worker] o.h.type.descriptor.sql.BasicBinder      : binding parameter [1] as [VARCHAR] - [1.2.2004.6]
2020-06-10 18:12:08.643 TRACE 55751 --- [    Test worker] o.h.type.descriptor.sql.BasicExtractor   : extracted value ([id1_5_] : [BIGINT]) - [8]
Hibernate: 
    select
        parentsuht0_.child_id as child_id7_19_0_,
        parentsuht0_.id as id1_19_0_,
        parentsuht0_.id as id1_19_1_,
        parentsuht0_.version as version2_19_1_,
        parentsuht0_.alkupvm as alkupvm3_19_1_,
        parentsuht0_.child_id as child_id7_19_1_,
        parentsuht0_.loppupvm as loppupvm4_19_1_,
        parentsuht0_.opetuspisteenjarjnro as opetuspi5_19_1_,
        parentsuht0_.parent_id as parent_i8_19_1_,
        parentsuht0_.suhdetyyppi as suhdetyy6_19_1_ 
    from
        organisaatiosuhde parentsuht0_ 
    where
        parentsuht0_.child_id=? 
    order by
        parentsuht0_.alkupvm
2020-06-10 18:12:08.643 TRACE 55751 --- [    Test worker] o.h.type.descriptor.sql.BasicBinder      : binding parameter [1] as [BIGINT] - [8]
2020-06-10 18:12:08.644 TRACE 55751 --- [    Test worker] o.h.type.descriptor.sql.BasicExtractor   : extracted value ([id1_19_1_] : [BIGINT]) - [7]
2020-06-10 18:12:08.644 TRACE 55751 --- [    Test worker] o.h.type.descriptor.sql.BasicExtractor   : extracted value ([version2_19_1_] : [BIGINT]) - [0]
2020-06-10 18:12:08.644 TRACE 55751 --- [    Test worker] o.h.type.descriptor.sql.BasicExtractor   : extracted value ([alkupvm3_19_1_] : [DATE]) - [2014-12-02]
2020-06-10 18:12:08.644 TRACE 55751 --- [    Test worker] o.h.type.descriptor.sql.BasicExtractor   : extracted value ([child_id7_19_1_] : [BIGINT]) - [8]
2020-06-10 18:12:08.644 TRACE 55751 --- [    Test worker] o.h.type.descriptor.sql.BasicExtractor   : extracted value ([loppupvm4_19_1_] : [DATE]) - [null]
2020-06-10 18:12:08.644 TRACE 55751 --- [    Test worker] o.h.type.descriptor.sql.BasicExtractor   : extracted value ([opetuspi5_19_1_] : [VARCHAR]) - [null]
2020-06-10 18:12:08.644 TRACE 55751 --- [    Test worker] o.h.type.descriptor.sql.BasicExtractor   : extracted value ([parent_i8_19_1_] : [BIGINT]) - [7]
2020-06-10 18:12:08.644 TRACE 55751 --- [    Test worker] o.h.type.descriptor.sql.BasicExtractor   : extracted value ([suhdetyy6_19_1_] : [VARCHAR]) - [HISTORIA]
2020-06-10 18:12:08.644 TRACE 55751 --- [    Test worker] o.h.type.descriptor.sql.BasicExtractor   : extracted value ([child_id7_19_0_] : [BIGINT]) - [8]
2020-06-10 18:12:08.644 TRACE 55751 --- [    Test worker] o.h.type.descriptor.sql.BasicExtractor   : extracted value ([id1_19_0_] : [BIGINT]) - [7]
Hibernate: 
    select
        organisaat0_.id as id1_5_0_,
        organisaat0_.version as version2_5_0_,
        organisaat0_.alkupvm as alkupvm3_5_0_,
        organisaat0_.domainnimi as domainni4_5_0_,
        organisaat0_.kotipaikka as kotipaik5_5_0_,
        organisaat0_.kuvaus_mkt as kuvaus_28_5_0_,
        organisaat0_.lakkautuspvm as lakkautu6_5_0_,
        organisaat0_.maa as maa7_5_0_,
        organisaat0_.metadata_id as metadat29_5_0_,
        organisaat0_.nimi_mkt as nimi_mk30_5_0_,
        organisaat0_.nimihaku as nimihaku8_5_0_,
        organisaat0_.oid as oid9_5_0_,
        organisaat0_.opetuspisteenjarjnro as opetusp10_5_0_,
        organisaat0_.oppilaitoskoodi as oppilai11_5_0_,
        organisaat0_.oppilaitos_tyyppi as oppilai12_5_0_,
        organisaat0_.organisaatio_poistettu as organis13_5_0_,
        organisaat0_.paivittaja as paivitt14_5_0_,
        organisaat0_.paivityspvm as paivity15_5_0_,
        organisaat0_.parentidpath as parenti16_5_0_,
        organisaat0_.parentoidpath as parento17_5_0_,
        organisaat0_.piilotettu as piilote18_5_0_,
        organisaat0_.tarkastus_pvm as tarkast19_5_0_,
        organisaat0_.toimipistekoodi as toimipi20_5_0_,
        organisaat0_.tuontipvm as tuontip21_5_0_,
        organisaat0_.varhaiskasvatuksen_toimipaikka_tiedot_id as varhais31_5_0_,
        organisaat0_.virastotunnus as virasto22_5_0_,
        organisaat0_.yhteishaunkoulukoodi as yhteish23_5_0_,
        organisaat0_.yritysmuoto as yritysm24_5_0_,
        organisaat0_.ytj_kieli as ytj_kie25_5_0_,
        organisaat0_.ytjpaivityspvm as ytjpaiv26_5_0_,
        organisaat0_.ytunnus as ytunnus27_5_0_ 
    from
        organisaatio organisaat0_ 
    where
        organisaat0_.id=?
2020-06-10 18:12:08.644 TRACE 55751 --- [    Test worker] o.h.type.descriptor.sql.BasicBinder      : binding parameter [1] as [BIGINT] - [7]
2020-06-10 18:12:08.644 TRACE 55751 --- [    Test worker] o.h.type.descriptor.sql.BasicExtractor   : extracted value ([version2_5_0_] : [BIGINT]) - [2]
2020-06-10 18:12:08.644 TRACE 55751 --- [    Test worker] o.h.type.descriptor.sql.BasicExtractor   : extracted value ([alkupvm3_5_0_] : [DATE]) - [2006-06-29]
2020-06-10 18:12:08.644 TRACE 55751 --- [    Test worker] o.h.type.descriptor.sql.BasicExtractor   : extracted value ([domainni4_5_0_] : [VARCHAR]) - [null]
2020-06-10 18:12:08.644 TRACE 55751 --- [    Test worker] o.h.type.descriptor.sql.BasicExtractor   : extracted value ([kotipaik5_5_0_] : [VARCHAR]) - [Helsinki]
2020-06-10 18:12:08.644 TRACE 55751 --- [    Test worker] o.h.type.descriptor.sql.BasicExtractor   : extracted value ([kuvaus_28_5_0_] : [BIGINT]) - [null]
2020-06-10 18:12:08.644 TRACE 55751 --- [    Test worker] o.h.type.descriptor.sql.BasicExtractor   : extracted value ([lakkautu6_5_0_] : [DATE]) - [null]
2020-06-10 18:12:08.644 TRACE 55751 --- [    Test worker] o.h.type.descriptor.sql.BasicExtractor   : extracted value ([maa7_5_0_] : [VARCHAR]) - [null]
2020-06-10 18:12:08.644 TRACE 55751 --- [    Test worker] o.h.type.descriptor.sql.BasicExtractor   : extracted value ([metadat29_5_0_] : [BIGINT]) - [null]
2020-06-10 18:12:08.644 TRACE 55751 --- [    Test worker] o.h.type.descriptor.sql.BasicExtractor   : extracted value ([nimi_mk30_5_0_] : [BIGINT]) - [7]
2020-06-10 18:12:08.644 TRACE 55751 --- [    Test worker] o.h.type.descriptor.sql.BasicExtractor   : extracted value ([nimihaku8_5_0_] : [VARCHAR]) - [root2 test2 koulutustoimija2]
2020-06-10 18:12:08.644 TRACE 55751 --- [    Test worker] o.h.type.descriptor.sql.BasicExtractor   : extracted value ([oid9_5_0_] : [VARCHAR]) - [1.2.2004.5]
2020-06-10 18:12:08.644 TRACE 55751 --- [    Test worker] o.h.type.descriptor.sql.BasicExtractor   : extracted value ([opetusp10_5_0_] : [VARCHAR]) - [null]
2020-06-10 18:12:08.644 TRACE 55751 --- [    Test worker] o.h.type.descriptor.sql.BasicExtractor   : extracted value ([oppilai11_5_0_] : [VARCHAR]) - [null]
2020-06-10 18:12:08.644 TRACE 55751 --- [    Test worker] o.h.type.descriptor.sql.BasicExtractor   : extracted value ([oppilai12_5_0_] : [VARCHAR]) - [null]
2020-06-10 18:12:08.645 TRACE 55751 --- [    Test worker] o.h.type.descriptor.sql.BasicExtractor   : extracted value ([organis13_5_0_] : [BOOLEAN]) - [false]
2020-06-10 18:12:08.645 TRACE 55751 --- [    Test worker] o.h.type.descriptor.sql.BasicExtractor   : extracted value ([paivitt14_5_0_] : [VARCHAR]) - [null]
2020-06-10 18:12:08.645 TRACE 55751 --- [    Test worker] o.h.type.descriptor.sql.BasicExtractor   : extracted value ([paivity15_5_0_] : [TIMESTAMP]) - [null]
2020-06-10 18:12:08.645 TRACE 55751 --- [    Test worker] o.h.type.descriptor.sql.BasicExtractor   : extracted value ([parenti16_5_0_] : [VARCHAR]) - [|1|]
2020-06-10 18:12:08.645 TRACE 55751 --- [    Test worker] o.h.type.descriptor.sql.BasicExtractor   : extracted value ([parento17_5_0_] : [VARCHAR]) - [|1.2.246.562.24.00000000001|]
2020-06-10 18:12:08.645 TRACE 55751 --- [    Test worker] o.h.type.descriptor.sql.BasicExtractor   : extracted value ([piilote18_5_0_] : [BOOLEAN]) - [false]
2020-06-10 18:12:08.645 TRACE 55751 --- [    Test worker] o.h.type.descriptor.sql.BasicExtractor   : extracted value ([tarkast19_5_0_] : [TIMESTAMP]) - [null]
2020-06-10 18:12:08.645 TRACE 55751 --- [    Test worker] o.h.type.descriptor.sql.BasicExtractor   : extracted value ([toimipi20_5_0_] : [VARCHAR]) - [null]
2020-06-10 18:12:08.645 TRACE 55751 --- [    Test worker] o.h.type.descriptor.sql.BasicExtractor   : extracted value ([tuontip21_5_0_] : [TIMESTAMP]) - [null]
2020-06-10 18:12:08.645 TRACE 55751 --- [    Test worker] o.h.type.descriptor.sql.BasicExtractor   : extracted value ([varhais31_5_0_] : [BIGINT]) - [null]
2020-06-10 18:12:08.645 TRACE 55751 --- [    Test worker] o.h.type.descriptor.sql.BasicExtractor   : extracted value ([virasto22_5_0_] : [VARCHAR]) - [null]
2020-06-10 18:12:08.645 TRACE 55751 --- [    Test worker] o.h.type.descriptor.sql.BasicExtractor   : extracted value ([yhteish23_5_0_] : [VARCHAR]) - [null]
2020-06-10 18:12:08.645 TRACE 55751 --- [    Test worker] o.h.type.descriptor.sql.BasicExtractor   : extracted value ([yritysm24_5_0_] : [VARCHAR]) - [oy]
2020-06-10 18:12:08.645 TRACE 55751 --- [    Test worker] o.h.type.descriptor.sql.BasicExtractor   : extracted value ([ytj_kie25_5_0_] : [VARCHAR]) - [null]
2020-06-10 18:12:08.645 TRACE 55751 --- [    Test worker] o.h.type.descriptor.sql.BasicExtractor   : extracted value ([ytjpaiv26_5_0_] : [DATE]) - [null]
2020-06-10 18:12:08.645 TRACE 55751 --- [    Test worker] o.h.type.descriptor.sql.BasicExtractor   : extracted value ([ytunnus27_5_0_] : [VARCHAR]) - [1492449-0]
2020-06-10 18:12:08.645 TRACE 55751 --- [    Test worker] org.hibernate.type.CollectionType        : Created collection wrapper: [fi.vm.sade.organisaatio.model.Organisaatio.childSuhteet#7]
2020-06-10 18:12:08.645 TRACE 55751 --- [    Test worker] org.hibernate.type.CollectionType        : Created collection wrapper: [fi.vm.sade.organisaatio.model.Organisaatio.kayttoryhmat#7]
2020-06-10 18:12:08.645 TRACE 55751 --- [    Test worker] org.hibernate.type.CollectionType        : Created collection wrapper: [fi.vm.sade.organisaatio.model.Organisaatio.kielet#7]
2020-06-10 18:12:08.645 TRACE 55751 --- [    Test worker] org.hibernate.type.CollectionType        : Created collection wrapper: [fi.vm.sade.organisaatio.model.Organisaatio.muutKotipaikatUris#7]
2020-06-10 18:12:08.645 TRACE 55751 --- [    Test worker] org.hibernate.type.CollectionType        : Created collection wrapper: [fi.vm.sade.organisaatio.model.Organisaatio.muutOppilaitosTyyppiUris#7]
2020-06-10 18:12:08.645 TRACE 55751 --- [    Test worker] org.hibernate.type.CollectionType        : Created collection wrapper: [fi.vm.sade.organisaatio.model.Organisaatio.nimet#7]
2020-06-10 18:12:08.645 TRACE 55751 --- [    Test worker] org.hibernate.type.CollectionType        : Created collection wrapper: [fi.vm.sade.organisaatio.model.Organisaatio.organisaatioLisatietotyypit#7]
2020-06-10 18:12:08.645 TRACE 55751 --- [    Test worker] org.hibernate.type.CollectionType        : Created collection wrapper: [fi.vm.sade.organisaatio.model.Organisaatio.parentSuhteet#7]
2020-06-10 18:12:08.645 TRACE 55751 --- [    Test worker] org.hibernate.type.CollectionType        : Created collection wrapper: [fi.vm.sade.organisaatio.model.Organisaatio.ryhmatyypit#7]
2020-06-10 18:12:08.645 TRACE 55751 --- [    Test worker] org.hibernate.type.CollectionType        : Created collection wrapper: [fi.vm.sade.organisaatio.model.Organisaatio.tyypit#7]
2020-06-10 18:12:08.645 TRACE 55751 --- [    Test worker] org.hibernate.type.CollectionType        : Created collection wrapper: [fi.vm.sade.organisaatio.model.Organisaatio.vuosiluokat#7]
2020-06-10 18:12:08.645 TRACE 55751 --- [    Test worker] org.hibernate.type.CollectionType        : Created collection wrapper: [fi.vm.sade.organisaatio.model.Organisaatio.yhteystiedot#7]
2020-06-10 18:12:08.645 TRACE 55751 --- [    Test worker] org.hibernate.type.CollectionType        : Created collection wrapper: [fi.vm.sade.organisaatio.model.Organisaatio.yhteystietoArvos#7]
Hibernate: 
    select
        organisaat0_.id as id1_5_,
        organisaat0_.version as version2_5_,
        organisaat0_.alkupvm as alkupvm3_5_,
        organisaat0_.domainnimi as domainni4_5_,
        organisaat0_.kotipaikka as kotipaik5_5_,
        organisaat0_.kuvaus_mkt as kuvaus_28_5_,
        organisaat0_.lakkautuspvm as lakkautu6_5_,
        organisaat0_.maa as maa7_5_,
        organisaat0_.metadata_id as metadat29_5_,
        organisaat0_.nimi_mkt as nimi_mk30_5_,
        organisaat0_.nimihaku as nimihaku8_5_,
        organisaat0_.oid as oid9_5_,
        organisaat0_.opetuspisteenjarjnro as opetusp10_5_,
        organisaat0_.oppilaitoskoodi as oppilai11_5_,
        organisaat0_.oppilaitos_tyyppi as oppilai12_5_,
        organisaat0_.organisaatio_poistettu as organis13_5_,
        organisaat0_.paivittaja as paivitt14_5_,
        organisaat0_.paivityspvm as paivity15_5_,
        organisaat0_.parentidpath as parenti16_5_,
        organisaat0_.parentoidpath as parento17_5_,
        organisaat0_.piilotettu as piilote18_5_,
        organisaat0_.tarkastus_pvm as tarkast19_5_,
        organisaat0_.toimipistekoodi as toimipi20_5_,
        organisaat0_.tuontipvm as tuontip21_5_,
        organisaat0_.varhaiskasvatuksen_toimipaikka_tiedot_id as varhais31_5_,
        organisaat0_.virastotunnus as virasto22_5_,
        organisaat0_.yhteishaunkoulukoodi as yhteish23_5_,
        organisaat0_.yritysmuoto as yritysm24_5_,
        organisaat0_.ytj_kieli as ytj_kie25_5_,
        organisaat0_.ytjpaivityspvm as ytjpaiv26_5_,
        organisaat0_.ytunnus as ytunnus27_5_ 
    from
        organisaatio organisaat0_ 
    where
        organisaat0_.oid=?
2020-06-10 18:12:08.646 TRACE 55751 --- [    Test worker] o.h.type.descriptor.sql.BasicBinder      : binding parameter [1] as [VARCHAR] - [1.2.2004.5]
2020-06-10 18:12:08.646 TRACE 55751 --- [    Test worker] o.h.type.descriptor.sql.BasicExtractor   : extracted value ([id1_5_] : [BIGINT]) - [7]
Hibernate: 
    select
        parentsuht0_.child_id as child_id7_19_0_,
        parentsuht0_.id as id1_19_0_,
        parentsuht0_.id as id1_19_1_,
        parentsuht0_.version as version2_19_1_,
        parentsuht0_.alkupvm as alkupvm3_19_1_,
        parentsuht0_.child_id as child_id7_19_1_,
        parentsuht0_.loppupvm as loppupvm4_19_1_,
        parentsuht0_.opetuspisteenjarjnro as opetuspi5_19_1_,
        parentsuht0_.parent_id as parent_i8_19_1_,
        parentsuht0_.suhdetyyppi as suhdetyy6_19_1_ 
    from
        organisaatiosuhde parentsuht0_ 
    where
        parentsuht0_.child_id=? 
    order by
        parentsuht0_.alkupvm
2020-06-10 18:12:08.646 TRACE 55751 --- [    Test worker] o.h.type.descriptor.sql.BasicBinder      : binding parameter [1] as [BIGINT] - [7]
2020-06-10 18:12:08.646 TRACE 55751 --- [    Test worker] o.h.type.descriptor.sql.BasicExtractor   : extracted value ([id1_19_1_] : [BIGINT]) - [6]
2020-06-10 18:12:08.646 TRACE 55751 --- [    Test worker] o.h.type.descriptor.sql.BasicExtractor   : extracted value ([version2_19_1_] : [BIGINT]) - [0]
2020-06-10 18:12:08.646 TRACE 55751 --- [    Test worker] o.h.type.descriptor.sql.BasicExtractor   : extracted value ([alkupvm3_19_1_] : [DATE]) - [2014-12-02]
2020-06-10 18:12:08.646 TRACE 55751 --- [    Test worker] o.h.type.descriptor.sql.BasicExtractor   : extracted value ([child_id7_19_1_] : [BIGINT]) - [7]
2020-06-10 18:12:08.646 TRACE 55751 --- [    Test worker] o.h.type.descriptor.sql.BasicExtractor   : extracted value ([loppupvm4_19_1_] : [DATE]) - [null]
2020-06-10 18:12:08.646 TRACE 55751 --- [    Test worker] o.h.type.descriptor.sql.BasicExtractor   : extracted value ([opetuspi5_19_1_] : [VARCHAR]) - [null]
2020-06-10 18:12:08.646 TRACE 55751 --- [    Test worker] o.h.type.descriptor.sql.BasicExtractor   : extracted value ([parent_i8_19_1_] : [BIGINT]) - [1]
2020-06-10 18:12:08.646 TRACE 55751 --- [    Test worker] o.h.type.descriptor.sql.BasicExtractor   : extracted value ([suhdetyy6_19_1_] : [VARCHAR]) - [HISTORIA]
2020-06-10 18:12:08.646 TRACE 55751 --- [    Test worker] o.h.type.descriptor.sql.BasicExtractor   : extracted value ([child_id7_19_0_] : [BIGINT]) - [7]
2020-06-10 18:12:08.646 TRACE 55751 --- [    Test worker] o.h.type.descriptor.sql.BasicExtractor   : extracted value ([id1_19_0_] : [BIGINT]) - [6]
Hibernate: 
    select
        organisaat0_.id as id1_5_0_,
        organisaat0_.version as version2_5_0_,
        organisaat0_.alkupvm as alkupvm3_5_0_,
        organisaat0_.domainnimi as domainni4_5_0_,
        organisaat0_.kotipaikka as kotipaik5_5_0_,
        organisaat0_.kuvaus_mkt as kuvaus_28_5_0_,
        organisaat0_.lakkautuspvm as lakkautu6_5_0_,
        organisaat0_.maa as maa7_5_0_,
        organisaat0_.metadata_id as metadat29_5_0_,
        organisaat0_.nimi_mkt as nimi_mk30_5_0_,
        organisaat0_.nimihaku as nimihaku8_5_0_,
        organisaat0_.oid as oid9_5_0_,
        organisaat0_.opetuspisteenjarjnro as opetusp10_5_0_,
        organisaat0_.oppilaitoskoodi as oppilai11_5_0_,
        organisaat0_.oppilaitos_tyyppi as oppilai12_5_0_,
        organisaat0_.organisaatio_poistettu as organis13_5_0_,
        organisaat0_.paivittaja as paivitt14_5_0_,
        organisaat0_.paivityspvm as paivity15_5_0_,
        organisaat0_.parentidpath as parenti16_5_0_,
        organisaat0_.parentoidpath as parento17_5_0_,
        organisaat0_.piilotettu as piilote18_5_0_,
        organisaat0_.tarkastus_pvm as tarkast19_5_0_,
        organisaat0_.toimipistekoodi as toimipi20_5_0_,
        organisaat0_.tuontipvm as tuontip21_5_0_,
        organisaat0_.varhaiskasvatuksen_toimipaikka_tiedot_id as varhais31_5_0_,
        organisaat0_.virastotunnus as virasto22_5_0_,
        organisaat0_.yhteishaunkoulukoodi as yhteish23_5_0_,
        organisaat0_.yritysmuoto as yritysm24_5_0_,
        organisaat0_.ytj_kieli as ytj_kie25_5_0_,
        organisaat0_.ytjpaivityspvm as ytjpaiv26_5_0_,
        organisaat0_.ytunnus as ytunnus27_5_0_ 
    from
        organisaatio organisaat0_ 
    where
        organisaat0_.id=?
2020-06-10 18:12:08.647 TRACE 55751 --- [    Test worker] o.h.type.descriptor.sql.BasicBinder      : binding parameter [1] as [BIGINT] - [1]
2020-06-10 18:12:08.647 TRACE 55751 --- [    Test worker] o.h.type.descriptor.sql.BasicExtractor   : extracted value ([version2_5_0_] : [BIGINT]) - [0]
2020-06-10 18:12:08.647 TRACE 55751 --- [    Test worker] o.h.type.descriptor.sql.BasicExtractor   : extracted value ([alkupvm3_5_0_] : [DATE]) - [2004-06-29]
2020-06-10 18:12:08.647 TRACE 55751 --- [    Test worker] o.h.type.descriptor.sql.BasicExtractor   : extracted value ([domainni4_5_0_] : [VARCHAR]) - [null]
2020-06-10 18:12:08.647 TRACE 55751 --- [    Test worker] o.h.type.descriptor.sql.BasicExtractor   : extracted value ([kotipaik5_5_0_] : [VARCHAR]) - [Helsinki]
2020-06-10 18:12:08.647 TRACE 55751 --- [    Test worker] o.h.type.descriptor.sql.BasicExtractor   : extracted value ([kuvaus_28_5_0_] : [BIGINT]) - [null]
2020-06-10 18:12:08.647 TRACE 55751 --- [    Test worker] o.h.type.descriptor.sql.BasicExtractor   : extracted value ([lakkautu6_5_0_] : [DATE]) - [null]
2020-06-10 18:12:08.647 TRACE 55751 --- [    Test worker] o.h.type.descriptor.sql.BasicExtractor   : extracted value ([maa7_5_0_] : [VARCHAR]) - [null]
2020-06-10 18:12:08.647 TRACE 55751 --- [    Test worker] o.h.type.descriptor.sql.BasicExtractor   : extracted value ([metadat29_5_0_] : [BIGINT]) - [null]
2020-06-10 18:12:08.647 TRACE 55751 --- [    Test worker] o.h.type.descriptor.sql.BasicExtractor   : extracted value ([nimi_mk30_5_0_] : [BIGINT]) - [1]
2020-06-10 18:12:08.647 TRACE 55751 --- [    Test worker] o.h.type.descriptor.sql.BasicExtractor   : extracted value ([nimihaku8_5_0_] : [VARCHAR]) - [opetushallitus]
2020-06-10 18:12:08.647 TRACE 55751 --- [    Test worker] o.h.type.descriptor.sql.BasicExtractor   : extracted value ([oid9_5_0_] : [VARCHAR]) - [1.2.246.562.24.00000000001]
2020-06-10 18:12:08.647 TRACE 55751 --- [    Test worker] o.h.type.descriptor.sql.BasicExtractor   : extracted value ([opetusp10_5_0_] : [VARCHAR]) - [null]
2020-06-10 18:12:08.647 TRACE 55751 --- [    Test worker] o.h.type.descriptor.sql.BasicExtractor   : extracted value ([oppilai11_5_0_] : [VARCHAR]) - [null]
2020-06-10 18:12:08.647 TRACE 55751 --- [    Test worker] o.h.type.descriptor.sql.BasicExtractor   : extracted value ([oppilai12_5_0_] : [VARCHAR]) - [null]
2020-06-10 18:12:08.647 TRACE 55751 --- [    Test worker] o.h.type.descriptor.sql.BasicExtractor   : extracted value ([organis13_5_0_] : [BOOLEAN]) - [false]
2020-06-10 18:12:08.647 TRACE 55751 --- [    Test worker] o.h.type.descriptor.sql.BasicExtractor   : extracted value ([paivitt14_5_0_] : [VARCHAR]) - [null]
2020-06-10 18:12:08.647 TRACE 55751 --- [    Test worker] o.h.type.descriptor.sql.BasicExtractor   : extracted value ([paivity15_5_0_] : [TIMESTAMP]) - [null]
2020-06-10 18:12:08.647 TRACE 55751 --- [    Test worker] o.h.type.descriptor.sql.BasicExtractor   : extracted value ([parenti16_5_0_] : [VARCHAR]) - [null]
2020-06-10 18:12:08.647 TRACE 55751 --- [    Test worker] o.h.type.descriptor.sql.BasicExtractor   : extracted value ([parento17_5_0_] : [VARCHAR]) - [null]
2020-06-10 18:12:08.647 TRACE 55751 --- [    Test worker] o.h.type.descriptor.sql.BasicExtractor   : extracted value ([piilote18_5_0_] : [BOOLEAN]) - [false]
2020-06-10 18:12:08.647 TRACE 55751 --- [    Test worker] o.h.type.descriptor.sql.BasicExtractor   : extracted value ([tarkast19_5_0_] : [TIMESTAMP]) - [null]
2020-06-10 18:12:08.647 TRACE 55751 --- [    Test worker] o.h.type.descriptor.sql.BasicExtractor   : extracted value ([toimipi20_5_0_] : [VARCHAR]) - [null]
2020-06-10 18:12:08.647 TRACE 55751 --- [    Test worker] o.h.type.descriptor.sql.BasicExtractor   : extracted value ([tuontip21_5_0_] : [TIMESTAMP]) - [null]
2020-06-10 18:12:08.647 TRACE 55751 --- [    Test worker] o.h.type.descriptor.sql.BasicExtractor   : extracted value ([varhais31_5_0_] : [BIGINT]) - [null]
2020-06-10 18:12:08.647 TRACE 55751 --- [    Test worker] o.h.type.descriptor.sql.BasicExtractor   : extracted value ([virasto22_5_0_] : [VARCHAR]) - [null]
2020-06-10 18:12:08.647 TRACE 55751 --- [    Test worker] o.h.type.descriptor.sql.BasicExtractor   : extracted value ([yhteish23_5_0_] : [VARCHAR]) - [null]
2020-06-10 18:12:08.647 TRACE 55751 --- [    Test worker] o.h.type.descriptor.sql.BasicExtractor   : extracted value ([yritysm24_5_0_] : [VARCHAR]) - [oy]
2020-06-10 18:12:08.647 TRACE 55751 --- [    Test worker] o.h.type.descriptor.sql.BasicExtractor   : extracted value ([ytj_kie25_5_0_] : [VARCHAR]) - [null]
2020-06-10 18:12:08.647 TRACE 55751 --- [    Test worker] o.h.type.descriptor.sql.BasicExtractor   : extracted value ([ytjpaiv26_5_0_] : [DATE]) - [null]
2020-06-10 18:12:08.647 TRACE 55751 --- [    Test worker] o.h.type.descriptor.sql.BasicExtractor   : extracted value ([ytunnus27_5_0_] : [VARCHAR]) - [null]
2020-06-10 18:12:08.647 TRACE 55751 --- [    Test worker] org.hibernate.type.CollectionType        : Created collection wrapper: [fi.vm.sade.organisaatio.model.Organisaatio.childSuhteet#1]
2020-06-10 18:12:08.647 TRACE 55751 --- [    Test worker] org.hibernate.type.CollectionType        : Created collection wrapper: [fi.vm.sade.organisaatio.model.Organisaatio.kayttoryhmat#1]
2020-06-10 18:12:08.648 TRACE 55751 --- [    Test worker] org.hibernate.type.CollectionType        : Created collection wrapper: [fi.vm.sade.organisaatio.model.Organisaatio.kielet#1]
2020-06-10 18:12:08.648 TRACE 55751 --- [    Test worker] org.hibernate.type.CollectionType        : Created collection wrapper: [fi.vm.sade.organisaatio.model.Organisaatio.muutKotipaikatUris#1]
2020-06-10 18:12:08.648 TRACE 55751 --- [    Test worker] org.hibernate.type.CollectionType        : Created collection wrapper: [fi.vm.sade.organisaatio.model.Organisaatio.muutOppilaitosTyyppiUris#1]
2020-06-10 18:12:08.648 TRACE 55751 --- [    Test worker] org.hibernate.type.CollectionType        : Created collection wrapper: [fi.vm.sade.organisaatio.model.Organisaatio.nimet#1]
2020-06-10 18:12:08.648 TRACE 55751 --- [    Test worker] org.hibernate.type.CollectionType        : Created collection wrapper: [fi.vm.sade.organisaatio.model.Organisaatio.organisaatioLisatietotyypit#1]
2020-06-10 18:12:08.648 TRACE 55751 --- [    Test worker] org.hibernate.type.CollectionType        : Created collection wrapper: [fi.vm.sade.organisaatio.model.Organisaatio.parentSuhteet#1]
2020-06-10 18:12:08.648 TRACE 55751 --- [    Test worker] org.hibernate.type.CollectionType        : Created collection wrapper: [fi.vm.sade.organisaatio.model.Organisaatio.ryhmatyypit#1]
2020-06-10 18:12:08.648 TRACE 55751 --- [    Test worker] org.hibernate.type.CollectionType        : Created collection wrapper: [fi.vm.sade.organisaatio.model.Organisaatio.tyypit#1]
2020-06-10 18:12:08.648 TRACE 55751 --- [    Test worker] org.hibernate.type.CollectionType        : Created collection wrapper: [fi.vm.sade.organisaatio.model.Organisaatio.vuosiluokat#1]
2020-06-10 18:12:08.648 TRACE 55751 --- [    Test worker] org.hibernate.type.CollectionType        : Created collection wrapper: [fi.vm.sade.organisaatio.model.Organisaatio.yhteystiedot#1]
2020-06-10 18:12:08.648 TRACE 55751 --- [    Test worker] org.hibernate.type.CollectionType        : Created collection wrapper: [fi.vm.sade.organisaatio.model.Organisaatio.yhteystietoArvos#1]
Hibernate: 
    select
        organisaat0_.id as id1_5_,
        organisaat0_.version as version2_5_,
        organisaat0_.alkupvm as alkupvm3_5_,
        organisaat0_.domainnimi as domainni4_5_,
        organisaat0_.kotipaikka as kotipaik5_5_,
        organisaat0_.kuvaus_mkt as kuvaus_28_5_,
        organisaat0_.lakkautuspvm as lakkautu6_5_,
        organisaat0_.maa as maa7_5_,
        organisaat0_.metadata_id as metadat29_5_,
        organisaat0_.nimi_mkt as nimi_mk30_5_,
        organisaat0_.nimihaku as nimihaku8_5_,
        organisaat0_.oid as oid9_5_,
        organisaat0_.opetuspisteenjarjnro as opetusp10_5_,
        organisaat0_.oppilaitoskoodi as oppilai11_5_,
        organisaat0_.oppilaitos_tyyppi as oppilai12_5_,
        organisaat0_.organisaatio_poistettu as organis13_5_,
        organisaat0_.paivittaja as paivitt14_5_,
        organisaat0_.paivityspvm as paivity15_5_,
        organisaat0_.parentidpath as parenti16_5_,
        organisaat0_.parentoidpath as parento17_5_,
        organisaat0_.piilotettu as piilote18_5_,
        organisaat0_.tarkastus_pvm as tarkast19_5_,
        organisaat0_.toimipistekoodi as toimipi20_5_,
        organisaat0_.tuontipvm as tuontip21_5_,
        organisaat0_.varhaiskasvatuksen_toimipaikka_tiedot_id as varhais31_5_,
        organisaat0_.virastotunnus as virasto22_5_,
        organisaat0_.yhteishaunkoulukoodi as yhteish23_5_,
        organisaat0_.yritysmuoto as yritysm24_5_,
        organisaat0_.ytj_kieli as ytj_kie25_5_,
        organisaat0_.ytjpaivityspvm as ytjpaiv26_5_,
        organisaat0_.ytunnus as ytunnus27_5_ 
    from
        organisaatio organisaat0_ 
    where
        organisaat0_.oid=?
2020-06-10 18:12:08.649 TRACE 55751 --- [    Test worker] o.h.type.descriptor.sql.BasicBinder      : binding parameter [1] as [VARCHAR] - [1.2.246.562.24.00000000001]
2020-06-10 18:12:08.649 TRACE 55751 --- [    Test worker] o.h.type.descriptor.sql.BasicExtractor   : extracted value ([id1_5_] : [BIGINT]) - [1]
Hibernate: 
    select
        parentsuht0_.child_id as child_id7_19_0_,
        parentsuht0_.id as id1_19_0_,
        parentsuht0_.id as id1_19_1_,
        parentsuht0_.version as version2_19_1_,
        parentsuht0_.alkupvm as alkupvm3_19_1_,
        parentsuht0_.child_id as child_id7_19_1_,
        parentsuht0_.loppupvm as loppupvm4_19_1_,
        parentsuht0_.opetuspisteenjarjnro as opetuspi5_19_1_,
        parentsuht0_.parent_id as parent_i8_19_1_,
        parentsuht0_.suhdetyyppi as suhdetyy6_19_1_ 
    from
        organisaatiosuhde parentsuht0_ 
    where
        parentsuht0_.child_id=? 
    order by
        parentsuht0_.alkupvm
2020-06-10 18:12:08.649 TRACE 55751 --- [    Test worker] o.h.type.descriptor.sql.BasicBinder      : binding parameter [1] as [BIGINT] - [1]
2020-06-10 18:12:08.655  WARN 55751 --- [    Test worker] f.v.s.o.r.i.v.OrganisaatioResourceImplV2 : Hakutoimiston haku organisaatiolle 1.2.2004.6 epäonnistui.

fi.vm.sade.organisaatio.business.exception.HakutoimistoNotFoundException: Hakutoimistoa ei löydy, ylin organisaatio 1.2.246.562.24.00000000001
	at fi.vm.sade.organisaatio.resource.impl.v2.OrganisaatioResourceImplV2.hakutoimistoFromParent(OrganisaatioResourceImplV2.java:663) ~[main/:na]
	at fi.vm.sade.organisaatio.resource.impl.v2.OrganisaatioResourceImplV2.hakutoimistoRec(OrganisaatioResourceImplV2.java:656) ~[main/:na]
	at fi.vm.sade.organisaatio.resource.impl.v2.OrganisaatioResourceImplV2.hakutoimistoFromParent(OrganisaatioResourceImplV2.java:661) ~[main/:na]
	at fi.vm.sade.organisaatio.resource.impl.v2.OrganisaatioResourceImplV2.hakutoimistoRec(OrganisaatioResourceImplV2.java:656) ~[main/:na]
	at fi.vm.sade.organisaatio.resource.impl.v2.OrganisaatioResourceImplV2.hakutoimistoFromParent(OrganisaatioResourceImplV2.java:661) ~[main/:na]
	at fi.vm.sade.organisaatio.resource.impl.v2.OrganisaatioResourceImplV2.hakutoimistoRec(OrganisaatioResourceImplV2.java:656) ~[main/:na]
	at fi.vm.sade.organisaatio.resource.impl.v2.OrganisaatioResourceImplV2.hakutoimisto(OrganisaatioResourceImplV2.java:641) ~[main/:na]
	at fi.vm.sade.organisaatio.resource.impl.v2.OrganisaatioResourceImplV2$$FastClassBySpringCGLIB$$59425b91.invoke(<generated>) ~[main/:na]
	at org.springframework.cglib.proxy.MethodProxy.invoke(MethodProxy.java:218) ~[spring-core-5.2.6.RELEASE.jar:5.2.6.RELEASE]
	at org.springframework.aop.framework.CglibAopProxy$CglibMethodInvocation.invokeJoinpoint(CglibAopProxy.java:771) ~[spring-aop-5.2.6.RELEASE.jar:5.2.6.RELEASE]
	at org.springframework.aop.framework.ReflectiveMethodInvocation.proceed(ReflectiveMethodInvocation.java:163) ~[spring-aop-5.2.6.RELEASE.jar:5.2.6.RELEASE]
	at org.springframework.aop.framework.CglibAopProxy$CglibMethodInvocation.proceed(CglibAopProxy.java:749) ~[spring-aop-5.2.6.RELEASE.jar:5.2.6.RELEASE]
	at org.springframework.transaction.interceptor.TransactionAspectSupport.invokeWithinTransaction(TransactionAspectSupport.java:366) ~[spring-tx-5.2.6.RELEASE.jar:5.2.6.RELEASE]
	at org.springframework.transaction.interceptor.TransactionInterceptor.invoke(TransactionInterceptor.java:118) ~[spring-tx-5.2.6.RELEASE.jar:5.2.6.RELEASE]
	at org.springframework.aop.framework.ReflectiveMethodInvocation.proceed(ReflectiveMethodInvocation.java:186) ~[spring-aop-5.2.6.RELEASE.jar:5.2.6.RELEASE]
	at org.springframework.aop.framework.CglibAopProxy$CglibMethodInvocation.proceed(CglibAopProxy.java:749) ~[spring-aop-5.2.6.RELEASE.jar:5.2.6.RELEASE]
	at org.springframework.aop.framework.CglibAopProxy$DynamicAdvisedInterceptor.intercept(CglibAopProxy.java:691) ~[spring-aop-5.2.6.RELEASE.jar:5.2.6.RELEASE]
	at fi.vm.sade.organisaatio.resource.impl.v2.OrganisaatioResourceImplV2$$EnhancerBySpringCGLIB$$47de86df.hakutoimisto(<generated>) ~[main/:na]
	at fi.vm.sade.organisaatio.resource.OrganisaatioResourceTest.testFetchingMissingHakutoimisto(OrganisaatioResourceTest.java:239) ~[test/:na]
	at java.base/jdk.internal.reflect.NativeMethodAccessorImpl.invoke0(Native Method) ~[na:na]
	at java.base/jdk.internal.reflect.NativeMethodAccessorImpl.invoke(NativeMethodAccessorImpl.java:62) ~[na:na]
	at java.base/jdk.internal.reflect.DelegatingMethodAccessorImpl.invoke(DelegatingMethodAccessorImpl.java:43) ~[na:na]
	at java.base/java.lang.reflect.Method.invoke(Method.java:567) ~[na:na]
	at org.junit.runners.model.FrameworkMethod$1.runReflectiveCall(FrameworkMethod.java:59) ~[junit-4.13.jar:4.13]
	at org.junit.internal.runners.model.ReflectiveCallable.run(ReflectiveCallable.java:12) ~[junit-4.13.jar:4.13]
	at org.junit.runners.model.FrameworkMethod.invokeExplosively(FrameworkMethod.java:56) ~[junit-4.13.jar:4.13]
	at org.junit.internal.runners.statements.InvokeMethod.evaluate(InvokeMethod.java:17) ~[junit-4.13.jar:4.13]
	at org.springframework.test.context.junit4.statements.RunBeforeTestExecutionCallbacks.evaluate(RunBeforeTestExecutionCallbacks.java:74) ~[spring-test-5.2.6.RELEASE.jar:5.2.6.RELEASE]
	at org.springframework.test.context.junit4.statements.RunAfterTestExecutionCallbacks.evaluate(RunAfterTestExecutionCallbacks.java:84) ~[spring-test-5.2.6.RELEASE.jar:5.2.6.RELEASE]
	at org.junit.internal.runners.statements.RunBefores.evaluate(RunBefores.java:26) ~[junit-4.13.jar:4.13]
	at org.springframework.test.context.junit4.statements.RunBeforeTestMethodCallbacks.evaluate(RunBeforeTestMethodCallbacks.java:75) ~[spring-test-5.2.6.RELEASE.jar:5.2.6.RELEASE]
	at org.junit.internal.runners.statements.RunAfters.evaluate(RunAfters.java:27) ~[junit-4.13.jar:4.13]
	at org.springframework.test.context.junit4.statements.RunAfterTestMethodCallbacks.evaluate(RunAfterTestMethodCallbacks.java:86) ~[spring-test-5.2.6.RELEASE.jar:5.2.6.RELEASE]
	at org.springframework.test.context.junit4.statements.SpringRepeat.evaluate(SpringRepeat.java:84) ~[spring-test-5.2.6.RELEASE.jar:5.2.6.RELEASE]
	at org.junit.runners.ParentRunner.runLeaf(ParentRunner.java:366) ~[junit-4.13.jar:4.13]
	at org.springframework.test.context.junit4.SpringJUnit4ClassRunner.runChild(SpringJUnit4ClassRunner.java:251) ~[spring-test-5.2.6.RELEASE.jar:5.2.6.RELEASE]
	at org.springframework.test.context.junit4.SpringJUnit4ClassRunner.runChild(SpringJUnit4ClassRunner.java:97) ~[spring-test-5.2.6.RELEASE.jar:5.2.6.RELEASE]
	at org.junit.runners.ParentRunner$4.run(ParentRunner.java:331) ~[junit-4.13.jar:4.13]
	at org.junit.runners.ParentRunner$1.schedule(ParentRunner.java:79) ~[junit-4.13.jar:4.13]
	at org.junit.runners.ParentRunner.runChildren(ParentRunner.java:329) ~[junit-4.13.jar:4.13]
	at org.junit.runners.ParentRunner.access$100(ParentRunner.java:66) ~[junit-4.13.jar:4.13]
	at org.junit.runners.ParentRunner$2.evaluate(ParentRunner.java:293) ~[junit-4.13.jar:4.13]
	at org.springframework.test.context.junit4.statements.RunBeforeTestClassCallbacks.evaluate(RunBeforeTestClassCallbacks.java:61) ~[spring-test-5.2.6.RELEASE.jar:5.2.6.RELEASE]
	at org.springframework.test.context.junit4.statements.RunAfterTestClassCallbacks.evaluate(RunAfterTestClassCallbacks.java:70) ~[spring-test-5.2.6.RELEASE.jar:5.2.6.RELEASE]
	at org.junit.runners.ParentRunner$3.evaluate(ParentRunner.java:306) ~[junit-4.13.jar:4.13]
	at org.junit.runners.ParentRunner.run(ParentRunner.java:413) ~[junit-4.13.jar:4.13]
	at org.springframework.test.context.junit4.SpringJUnit4ClassRunner.run(SpringJUnit4ClassRunner.java:190) ~[spring-test-5.2.6.RELEASE.jar:5.2.6.RELEASE]
	at org.junit.runner.JUnitCore.run(JUnitCore.java:137) ~[junit-4.13.jar:4.13]
	at org.junit.runner.JUnitCore.run(JUnitCore.java:115) ~[junit-4.13.jar:4.13]
	at org.junit.vintage.engine.execution.RunnerExecutor.execute(RunnerExecutor.java:43) ~[junit-vintage-engine-5.6.2.jar:5.6.2]
	at java.base/java.util.stream.ForEachOps$ForEachOp$OfRef.accept(ForEachOps.java:183) ~[na:na]
	at java.base/java.util.stream.ReferencePipeline$3$1.accept(ReferencePipeline.java:195) ~[na:na]
	at java.base/java.util.Iterator.forEachRemaining(Iterator.java:133) ~[na:na]
	at java.base/java.util.Spliterators$IteratorSpliterator.forEachRemaining(Spliterators.java:1801) ~[na:na]
	at java.base/java.util.stream.AbstractPipeline.copyInto(AbstractPipeline.java:484) ~[na:na]
	at java.base/java.util.stream.AbstractPipeline.wrapAndCopyInto(AbstractPipeline.java:474) ~[na:na]
	at java.base/java.util.stream.ForEachOps$ForEachOp.evaluateSequential(ForEachOps.java:150) ~[na:na]
	at java.base/java.util.stream.ForEachOps$ForEachOp$OfRef.evaluateSequential(ForEachOps.java:173) ~[na:na]
	at java.base/java.util.stream.AbstractPipeline.evaluate(AbstractPipeline.java:234) ~[na:na]
	at java.base/java.util.stream.ReferencePipeline.forEach(ReferencePipeline.java:497) ~[na:na]
	at org.junit.vintage.engine.VintageTestEngine.executeAllChildren(VintageTestEngine.java:82) ~[junit-vintage-engine-5.6.2.jar:5.6.2]
	at org.junit.vintage.engine.VintageTestEngine.execute(VintageTestEngine.java:73) ~[junit-vintage-engine-5.6.2.jar:5.6.2]
	at org.junit.platform.launcher.core.DefaultLauncher.execute(DefaultLauncher.java:220) ~[na:na]
	at org.junit.platform.launcher.core.DefaultLauncher.lambda$execute$6(DefaultLauncher.java:188) ~[na:na]
	at org.junit.platform.launcher.core.DefaultLauncher.withInterceptedStreams(DefaultLauncher.java:202) ~[na:na]
	at org.junit.platform.launcher.core.DefaultLauncher.execute(DefaultLauncher.java:181) ~[na:na]
	at org.junit.platform.launcher.core.DefaultLauncher.execute(DefaultLauncher.java:128) ~[na:na]
	at org.gradle.api.internal.tasks.testing.junitplatform.JUnitPlatformTestClassProcessor$CollectAllTestClassesExecutor.processAllTestClasses(JUnitPlatformTestClassProcessor.java:99) ~[na:na]
	at org.gradle.api.internal.tasks.testing.junitplatform.JUnitPlatformTestClassProcessor$CollectAllTestClassesExecutor.access$000(JUnitPlatformTestClassProcessor.java:79) ~[na:na]
	at org.gradle.api.internal.tasks.testing.junitplatform.JUnitPlatformTestClassProcessor.stop(JUnitPlatformTestClassProcessor.java:75) ~[na:na]
	at org.gradle.api.internal.tasks.testing.SuiteTestClassProcessor.stop(SuiteTestClassProcessor.java:61) ~[na:na]
	at java.base/jdk.internal.reflect.NativeMethodAccessorImpl.invoke0(Native Method) ~[na:na]
	at java.base/jdk.internal.reflect.NativeMethodAccessorImpl.invoke(NativeMethodAccessorImpl.java:62) ~[na:na]
	at java.base/jdk.internal.reflect.DelegatingMethodAccessorImpl.invoke(DelegatingMethodAccessorImpl.java:43) ~[na:na]
	at java.base/java.lang.reflect.Method.invoke(Method.java:567) ~[na:na]
	at org.gradle.internal.dispatch.ReflectionDispatch.dispatch(ReflectionDispatch.java:36) ~[na:na]
	at org.gradle.internal.dispatch.ReflectionDispatch.dispatch(ReflectionDispatch.java:24) ~[na:na]
	at org.gradle.internal.dispatch.ContextClassLoaderDispatch.dispatch(ContextClassLoaderDispatch.java:33) ~[na:na]
	at org.gradle.internal.dispatch.ProxyDispatchAdapter$DispatchingInvocationHandler.invoke(ProxyDispatchAdapter.java:94) ~[na:na]
	at com.sun.proxy.$Proxy2.stop(Unknown Source) ~[na:na]
	at org.gradle.api.internal.tasks.testing.worker.TestWorker.stop(TestWorker.java:132) ~[na:na]
	at java.base/jdk.internal.reflect.NativeMethodAccessorImpl.invoke0(Native Method) ~[na:na]
	at java.base/jdk.internal.reflect.NativeMethodAccessorImpl.invoke(NativeMethodAccessorImpl.java:62) ~[na:na]
	at java.base/jdk.internal.reflect.DelegatingMethodAccessorImpl.invoke(DelegatingMethodAccessorImpl.java:43) ~[na:na]
	at java.base/java.lang.reflect.Method.invoke(Method.java:567) ~[na:na]
	at org.gradle.internal.dispatch.ReflectionDispatch.dispatch(ReflectionDispatch.java:36) ~[na:na]
	at org.gradle.internal.dispatch.ReflectionDispatch.dispatch(ReflectionDispatch.java:24) ~[na:na]
	at org.gradle.internal.remote.internal.hub.MessageHubBackedObjectConnection$DispatchWrapper.dispatch(MessageHubBackedObjectConnection.java:182) ~[na:na]
	at org.gradle.internal.remote.internal.hub.MessageHubBackedObjectConnection$DispatchWrapper.dispatch(MessageHubBackedObjectConnection.java:164) ~[na:na]
	at org.gradle.internal.remote.internal.hub.MessageHub$Handler.run(MessageHub.java:412) ~[na:na]
	at org.gradle.internal.concurrent.ExecutorPolicy$CatchAndRecordFailures.onExecute(ExecutorPolicy.java:64) ~[na:na]
	at org.gradle.internal.concurrent.ManagedExecutorImpl$1.run(ManagedExecutorImpl.java:48) ~[na:na]
	at java.base/java.util.concurrent.ThreadPoolExecutor.runWorker(ThreadPoolExecutor.java:1128) ~[na:na]
	at java.base/java.util.concurrent.ThreadPoolExecutor$Worker.run(ThreadPoolExecutor.java:628) ~[na:na]
	at org.gradle.internal.concurrent.ThreadFactoryImpl$ManagedThreadRunnable.run(ThreadFactoryImpl.java:56) ~[na:na]
	at java.base/java.lang.Thread.run(Thread.java:830) ~[na:na]

Hibernate: 
    select
        organisaat0_.oid as col_0_0_,
        organisaat0_.alkupvm as col_1_0_,
        organisaat0_.lakkautuspvm as col_2_0_,
        organisaat0_.parentoidpath as col_3_0_,
        organisaat0_.ytunnus as col_4_0_,
        organisaat0_.virastotunnus as col_5_0_,
        organisaat0_.oppilaitoskoodi as col_6_0_,
        organisaat0_.oppilaitos_tyyppi as col_7_0_,
        organisaat0_.toimipistekoodi as col_8_0_,
        values3_.key as col_9_0_,
        values3_.value as col_10_0_,
        tyypit1_.tyypit as col_11_0_,
        kielet4_.kielet as col_12_0_,
        organisaat0_.kotipaikka as col_13_0_ 
    from
        organisaatio organisaat0_ 
    inner join
        organisaatio_tyypit tyypit1_ 
            on organisaat0_.id=tyypit1_.organisaatio_id 
    left outer join
        monikielinen_teksti monikielin2_ 
            on organisaat0_.nimi_mkt=monikielin2_.id 
    left outer join
        monikielinen_teksti_values values3_ 
            on monikielin2_.id=values3_.id 
    left outer join
        organisaatio_kielet kielet4_ 
            on organisaat0_.id=kielet4_.organisaatio_id 
    where
        (
            organisaat0_.lakkautuspvm is null 
            or organisaat0_.lakkautuspvm>=?
        ) 
        and organisaat0_.organisaatio_poistettu=? 
        and (
            organisaat0_.id in (
                select
                    organisaat5_.id 
                from
                    organisaatio organisaat5_ 
                inner join
                    organisaatio_tyypit tyypit6_ 
                        on organisaat5_.id=tyypit6_.organisaatio_id 
                where
                    tyypit6_.tyypit=?
            )
        )
2020-06-10 18:12:08.665 TRACE 55751 --- [    Test worker] o.h.type.descriptor.sql.BasicBinder      : binding parameter [1] as [DATE] - [Wed Jun 10 18:12:08 EEST 2020]
2020-06-10 18:12:08.665 TRACE 55751 --- [    Test worker] o.h.type.descriptor.sql.BasicBinder      : binding parameter [2] as [BOOLEAN] - [false]
2020-06-10 18:12:08.665 TRACE 55751 --- [    Test worker] o.h.type.descriptor.sql.BasicBinder      : binding parameter [3] as [VARCHAR] - [organisaatiotyyppi_01]
2020-06-10 18:12:08.666 TRACE 55751 --- [    Test worker] o.h.type.descriptor.sql.BasicExtractor   : extracted value ([col_0_0_] : [VARCHAR]) - [1.2.246.562.24.00000000001]
2020-06-10 18:12:08.666 TRACE 55751 --- [    Test worker] o.h.type.descriptor.sql.BasicExtractor   : extracted value ([col_1_0_] : [DATE]) - [2004-06-29]
2020-06-10 18:12:08.666 TRACE 55751 --- [    Test worker] o.h.type.descriptor.sql.BasicExtractor   : extracted value ([col_2_0_] : [DATE]) - [null]
2020-06-10 18:12:08.666 TRACE 55751 --- [    Test worker] o.h.type.descriptor.sql.BasicExtractor   : extracted value ([col_3_0_] : [VARCHAR]) - [null]
2020-06-10 18:12:08.666 TRACE 55751 --- [    Test worker] o.h.type.descriptor.sql.BasicExtractor   : extracted value ([col_4_0_] : [VARCHAR]) - [null]
2020-06-10 18:12:08.666 TRACE 55751 --- [    Test worker] o.h.type.descriptor.sql.BasicExtractor   : extracted value ([col_5_0_] : [VARCHAR]) - [null]
2020-06-10 18:12:08.666 TRACE 55751 --- [    Test worker] o.h.type.descriptor.sql.BasicExtractor   : extracted value ([col_6_0_] : [VARCHAR]) - [null]
2020-06-10 18:12:08.666 TRACE 55751 --- [    Test worker] o.h.type.descriptor.sql.BasicExtractor   : extracted value ([col_7_0_] : [VARCHAR]) - [null]
2020-06-10 18:12:08.666 TRACE 55751 --- [    Test worker] o.h.type.descriptor.sql.BasicExtractor   : extracted value ([col_8_0_] : [VARCHAR]) - [null]
2020-06-10 18:12:08.666 TRACE 55751 --- [    Test worker] o.h.type.descriptor.sql.BasicExtractor   : extracted value ([col_9_0_] : [VARCHAR]) - [fi]
2020-06-10 18:12:08.666 TRACE 55751 --- [    Test worker] o.h.type.descriptor.sql.BasicExtractor   : extracted value ([col_10_0_] : [VARCHAR]) - [opetushallitus]
2020-06-10 18:12:08.666 TRACE 55751 --- [    Test worker] o.h.type.descriptor.sql.BasicExtractor   : extracted value ([col_11_0_] : [VARCHAR]) - [organisaatiotyyppi_01]
2020-06-10 18:12:08.666 TRACE 55751 --- [    Test worker] o.h.type.descriptor.sql.BasicExtractor   : extracted value ([col_12_0_] : [VARCHAR]) - [null]
2020-06-10 18:12:08.666 TRACE 55751 --- [    Test worker] o.h.type.descriptor.sql.BasicExtractor   : extracted value ([col_13_0_] : [VARCHAR]) - [Helsinki]
2020-06-10 18:12:08.666 TRACE 55751 --- [    Test worker] o.h.type.descriptor.sql.BasicExtractor   : extracted value ([col_0_0_] : [VARCHAR]) - [1.2.2004.1]
2020-06-10 18:12:08.666 TRACE 55751 --- [    Test worker] o.h.type.descriptor.sql.BasicExtractor   : extracted value ([col_1_0_] : [DATE]) - [2004-08-08]
2020-06-10 18:12:08.666 TRACE 55751 --- [    Test worker] o.h.type.descriptor.sql.BasicExtractor   : extracted value ([col_2_0_] : [DATE]) - [null]
2020-06-10 18:12:08.666 TRACE 55751 --- [    Test worker] o.h.type.descriptor.sql.BasicExtractor   : extracted value ([col_3_0_] : [VARCHAR]) - [|1.2.246.562.24.00000000001|]
2020-06-10 18:12:08.666 TRACE 55751 --- [    Test worker] o.h.type.descriptor.sql.BasicExtractor   : extracted value ([col_4_0_] : [VARCHAR]) - [2255802-1]
2020-06-10 18:12:08.666 TRACE 55751 --- [    Test worker] o.h.type.descriptor.sql.BasicExtractor   : extracted value ([col_5_0_] : [VARCHAR]) - [null]
2020-06-10 18:12:08.666 TRACE 55751 --- [    Test worker] o.h.type.descriptor.sql.BasicExtractor   : extracted value ([col_6_0_] : [VARCHAR]) - [12345]
2020-06-10 18:12:08.666 TRACE 55751 --- [    Test worker] o.h.type.descriptor.sql.BasicExtractor   : extracted value ([col_7_0_] : [VARCHAR]) - [null]
2020-06-10 18:12:08.666 TRACE 55751 --- [    Test worker] o.h.type.descriptor.sql.BasicExtractor   : extracted value ([col_8_0_] : [VARCHAR]) - [null]
2020-06-10 18:12:08.666 TRACE 55751 --- [    Test worker] o.h.type.descriptor.sql.BasicExtractor   : extracted value ([col_9_0_] : [VARCHAR]) - [fi]
2020-06-10 18:12:08.666 TRACE 55751 --- [    Test worker] o.h.type.descriptor.sql.BasicExtractor   : extracted value ([col_10_0_] : [VARCHAR]) - [root test koulutustoimija]
2020-06-10 18:12:08.666 TRACE 55751 --- [    Test worker] o.h.type.descriptor.sql.BasicExtractor   : extracted value ([col_11_0_] : [VARCHAR]) - [organisaatiotyyppi_01]
2020-06-10 18:12:08.666 TRACE 55751 --- [    Test worker] o.h.type.descriptor.sql.BasicExtractor   : extracted value ([col_12_0_] : [VARCHAR]) - [null]
2020-06-10 18:12:08.666 TRACE 55751 --- [    Test worker] o.h.type.descriptor.sql.BasicExtractor   : extracted value ([col_13_0_] : [VARCHAR]) - [Helsinki]
2020-06-10 18:12:08.666 TRACE 55751 --- [    Test worker] o.h.type.descriptor.sql.BasicExtractor   : extracted value ([col_0_0_] : [VARCHAR]) - [1.2.2004.1]
2020-06-10 18:12:08.666 TRACE 55751 --- [    Test worker] o.h.type.descriptor.sql.BasicExtractor   : extracted value ([col_1_0_] : [DATE]) - [2004-08-08]
2020-06-10 18:12:08.666 TRACE 55751 --- [    Test worker] o.h.type.descriptor.sql.BasicExtractor   : extracted value ([col_2_0_] : [DATE]) - [null]
2020-06-10 18:12:08.666 TRACE 55751 --- [    Test worker] o.h.type.descriptor.sql.BasicExtractor   : extracted value ([col_3_0_] : [VARCHAR]) - [|1.2.246.562.24.00000000001|]
2020-06-10 18:12:08.666 TRACE 55751 --- [    Test worker] o.h.type.descriptor.sql.BasicExtractor   : extracted value ([col_4_0_] : [VARCHAR]) - [2255802-1]
2020-06-10 18:12:08.666 TRACE 55751 --- [    Test worker] o.h.type.descriptor.sql.BasicExtractor   : extracted value ([col_5_0_] : [VARCHAR]) - [null]
2020-06-10 18:12:08.666 TRACE 55751 --- [    Test worker] o.h.type.descriptor.sql.BasicExtractor   : extracted value ([col_6_0_] : [VARCHAR]) - [12345]
2020-06-10 18:12:08.666 TRACE 55751 --- [    Test worker] o.h.type.descriptor.sql.BasicExtractor   : extracted value ([col_7_0_] : [VARCHAR]) - [null]
2020-06-10 18:12:08.666 TRACE 55751 --- [    Test worker] o.h.type.descriptor.sql.BasicExtractor   : extracted value ([col_8_0_] : [VARCHAR]) - [null]
2020-06-10 18:12:08.666 TRACE 55751 --- [    Test worker] o.h.type.descriptor.sql.BasicExtractor   : extracted value ([col_9_0_] : [VARCHAR]) - [sv]
2020-06-10 18:12:08.666 TRACE 55751 --- [    Test worker] o.h.type.descriptor.sql.BasicExtractor   : extracted value ([col_10_0_] : [VARCHAR]) - [root test utbildningsoperator]
2020-06-10 18:12:08.666 TRACE 55751 --- [    Test worker] o.h.type.descriptor.sql.BasicExtractor   : extracted value ([col_11_0_] : [VARCHAR]) - [organisaatiotyyppi_01]
2020-06-10 18:12:08.666 TRACE 55751 --- [    Test worker] o.h.type.descriptor.sql.BasicExtractor   : extracted value ([col_12_0_] : [VARCHAR]) - [null]
2020-06-10 18:12:08.666 TRACE 55751 --- [    Test worker] o.h.type.descriptor.sql.BasicExtractor   : extracted value ([col_13_0_] : [VARCHAR]) - [Helsinki]
2020-06-10 18:12:08.666 TRACE 55751 --- [    Test worker] o.h.type.descriptor.sql.BasicExtractor   : extracted value ([col_0_0_] : [VARCHAR]) - [1.2.2004.5]
2020-06-10 18:12:08.666 TRACE 55751 --- [    Test worker] o.h.type.descriptor.sql.BasicExtractor   : extracted value ([col_1_0_] : [DATE]) - [2006-06-29]
2020-06-10 18:12:08.666 TRACE 55751 --- [    Test worker] o.h.type.descriptor.sql.BasicExtractor   : extracted value ([col_2_0_] : [DATE]) - [null]
2020-06-10 18:12:08.666 TRACE 55751 --- [    Test worker] o.h.type.descriptor.sql.BasicExtractor   : extracted value ([col_3_0_] : [VARCHAR]) - [|1.2.246.562.24.00000000001|]
2020-06-10 18:12:08.666 TRACE 55751 --- [    Test worker] o.h.type.descriptor.sql.BasicExtractor   : extracted value ([col_4_0_] : [VARCHAR]) - [1492449-0]
2020-06-10 18:12:08.666 TRACE 55751 --- [    Test worker] o.h.type.descriptor.sql.BasicExtractor   : extracted value ([col_5_0_] : [VARCHAR]) - [null]
2020-06-10 18:12:08.666 TRACE 55751 --- [    Test worker] o.h.type.descriptor.sql.BasicExtractor   : extracted value ([col_6_0_] : [VARCHAR]) - [null]
2020-06-10 18:12:08.666 TRACE 55751 --- [    Test worker] o.h.type.descriptor.sql.BasicExtractor   : extracted value ([col_7_0_] : [VARCHAR]) - [null]
2020-06-10 18:12:08.666 TRACE 55751 --- [    Test worker] o.h.type.descriptor.sql.BasicExtractor   : extracted value ([col_8_0_] : [VARCHAR]) - [null]
2020-06-10 18:12:08.667 TRACE 55751 --- [    Test worker] o.h.type.descriptor.sql.BasicExtractor   : extracted value ([col_9_0_] : [VARCHAR]) - [fi]
2020-06-10 18:12:08.667 TRACE 55751 --- [    Test worker] o.h.type.descriptor.sql.BasicExtractor   : extracted value ([col_10_0_] : [VARCHAR]) - [root2 test2 koulutustoimija2]
2020-06-10 18:12:08.667 TRACE 55751 --- [    Test worker] o.h.type.descriptor.sql.BasicExtractor   : extracted value ([col_11_0_] : [VARCHAR]) - [organisaatiotyyppi_01]
2020-06-10 18:12:08.667 TRACE 55751 --- [    Test worker] o.h.type.descriptor.sql.BasicExtractor   : extracted value ([col_12_0_] : [VARCHAR]) - [null]
2020-06-10 18:12:08.667 TRACE 55751 --- [    Test worker] o.h.type.descriptor.sql.BasicExtractor   : extracted value ([col_13_0_] : [VARCHAR]) - [Helsinki]
Hibernate: 
    select
        organisaat0_.oid as col_0_0_,
        organisaat0_.alkupvm as col_1_0_,
        organisaat0_.lakkautuspvm as col_2_0_,
        organisaat0_.parentoidpath as col_3_0_,
        organisaat0_.ytunnus as col_4_0_,
        organisaat0_.virastotunnus as col_5_0_,
        organisaat0_.oppilaitoskoodi as col_6_0_,
        organisaat0_.oppilaitos_tyyppi as col_7_0_,
        organisaat0_.toimipistekoodi as col_8_0_,
        values3_.key as col_9_0_,
        values3_.value as col_10_0_,
        tyypit1_.tyypit as col_11_0_,
        kielet4_.kielet as col_12_0_,
        organisaat0_.kotipaikka as col_13_0_ 
    from
        organisaatio organisaat0_ 
    inner join
        organisaatio_tyypit tyypit1_ 
            on organisaat0_.id=tyypit1_.organisaatio_id 
    left outer join
        monikielinen_teksti monikielin2_ 
            on organisaat0_.nimi_mkt=monikielin2_.id 
    left outer join
        monikielinen_teksti_values values3_ 
            on monikielin2_.id=values3_.id 
    left outer join
        organisaatio_kielet kielet4_ 
            on organisaat0_.id=kielet4_.organisaatio_id 
    where
        (
            organisaat0_.lakkautuspvm is null 
            or organisaat0_.lakkautuspvm>=?
        ) 
        and organisaat0_.organisaatio_poistettu=? 
        and (
            organisaat0_.id in (
                select
                    organisaat5_.id 
                from
                    organisaatio organisaat5_ 
                inner join
                    organisaatio_tyypit tyypit6_ 
                        on organisaat5_.id=tyypit6_.organisaatio_id 
                where
                    tyypit6_.tyypit in (
                        ? , ? , ? , ?
                    )
            )
        ) 
        and (
            organisaat0_.parentoidpath like ? escape '!' 
            or organisaat0_.parentoidpath like ? escape '!'
        )
2020-06-10 18:12:08.673 TRACE 55751 --- [    Test worker] o.h.type.descriptor.sql.BasicBinder      : binding parameter [1] as [DATE] - [Wed Jun 10 18:12:08 EEST 2020]
2020-06-10 18:12:08.673 TRACE 55751 --- [    Test worker] o.h.type.descriptor.sql.BasicBinder      : binding parameter [2] as [BOOLEAN] - [false]
2020-06-10 18:12:08.673 TRACE 55751 --- [    Test worker] o.h.type.descriptor.sql.BasicBinder      : binding parameter [3] as [VARCHAR] - [organisaatiotyyppi_02]
2020-06-10 18:12:08.673 TRACE 55751 --- [    Test worker] o.h.type.descriptor.sql.BasicBinder      : binding parameter [4] as [VARCHAR] - [organisaatiotyyppi_01]
2020-06-10 18:12:08.673 TRACE 55751 --- [    Test worker] o.h.type.descriptor.sql.BasicBinder      : binding parameter [5] as [VARCHAR] - [organisaatiotyyppi_04]
2020-06-10 18:12:08.673 TRACE 55751 --- [    Test worker] o.h.type.descriptor.sql.BasicBinder      : binding parameter [6] as [VARCHAR] - [organisaatiotyyppi_03]
2020-06-10 18:12:08.673 TRACE 55751 --- [    Test worker] o.h.type.descriptor.sql.BasicBinder      : binding parameter [7] as [VARCHAR] - [|1.2.246.562.24.00000000001|1.2.2004.1|%]
2020-06-10 18:12:08.673 TRACE 55751 --- [    Test worker] o.h.type.descriptor.sql.BasicBinder      : binding parameter [8] as [VARCHAR] - [|1.2.246.562.24.00000000001|1.2.2004.5|%]
2020-06-10 18:12:08.674 TRACE 55751 --- [    Test worker] o.h.type.descriptor.sql.BasicExtractor   : extracted value ([col_0_0_] : [VARCHAR]) - [1.2.2004.2]
2020-06-10 18:12:08.674 TRACE 55751 --- [    Test worker] o.h.type.descriptor.sql.BasicExtractor   : extracted value ([col_1_0_] : [DATE]) - [2013-06-29]
2020-06-10 18:12:08.674 TRACE 55751 --- [    Test worker] o.h.type.descriptor.sql.BasicExtractor   : extracted value ([col_2_0_] : [DATE]) - [null]
2020-06-10 18:12:08.674 TRACE 55751 --- [    Test worker] o.h.type.descriptor.sql.BasicExtractor   : extracted value ([col_3_0_] : [VARCHAR]) - [|1.2.246.562.24.00000000001|1.2.2004.1|]
2020-06-10 18:12:08.674 TRACE 55751 --- [    Test worker] o.h.type.descriptor.sql.BasicExtractor   : extracted value ([col_4_0_] : [VARCHAR]) - [1234567-2]
2020-06-10 18:12:08.674 TRACE 55751 --- [    Test worker] o.h.type.descriptor.sql.BasicExtractor   : extracted value ([col_5_0_] : [VARCHAR]) - [null]
2020-06-10 18:12:08.674 TRACE 55751 --- [    Test worker] o.h.type.descriptor.sql.BasicExtractor   : extracted value ([col_6_0_] : [VARCHAR]) - [null]
2020-06-10 18:12:08.674 TRACE 55751 --- [    Test worker] o.h.type.descriptor.sql.BasicExtractor   : extracted value ([col_7_0_] : [VARCHAR]) - [oppilaitostyyppi_41#1]
2020-06-10 18:12:08.674 TRACE 55751 --- [    Test worker] o.h.type.descriptor.sql.BasicExtractor   : extracted value ([col_8_0_] : [VARCHAR]) - [123451]
2020-06-10 18:12:08.674 TRACE 55751 --- [    Test worker] o.h.type.descriptor.sql.BasicExtractor   : extracted value ([col_9_0_] : [VARCHAR]) - [fi]
2020-06-10 18:12:08.674 TRACE 55751 --- [    Test worker] o.h.type.descriptor.sql.BasicExtractor   : extracted value ([col_10_0_] : [VARCHAR]) - [node1 asd]
2020-06-10 18:12:08.674 TRACE 55751 --- [    Test worker] o.h.type.descriptor.sql.BasicExtractor   : extracted value ([col_11_0_] : [VARCHAR]) - [organisaatiotyyppi_03]
2020-06-10 18:12:08.674 TRACE 55751 --- [    Test worker] o.h.type.descriptor.sql.BasicExtractor   : extracted value ([col_12_0_] : [VARCHAR]) - [null]
2020-06-10 18:12:08.674 TRACE 55751 --- [    Test worker] o.h.type.descriptor.sql.BasicExtractor   : extracted value ([col_13_0_] : [VARCHAR]) - [Helsinki]
2020-06-10 18:12:08.674 TRACE 55751 --- [    Test worker] o.h.type.descriptor.sql.BasicExtractor   : extracted value ([col_0_0_] : [VARCHAR]) - [1.2.2004.2]
2020-06-10 18:12:08.674 TRACE 55751 --- [    Test worker] o.h.type.descriptor.sql.BasicExtractor   : extracted value ([col_1_0_] : [DATE]) - [2013-06-29]
2020-06-10 18:12:08.674 TRACE 55751 --- [    Test worker] o.h.type.descriptor.sql.BasicExtractor   : extracted value ([col_2_0_] : [DATE]) - [null]
2020-06-10 18:12:08.674 TRACE 55751 --- [    Test worker] o.h.type.descriptor.sql.BasicExtractor   : extracted value ([col_3_0_] : [VARCHAR]) - [|1.2.246.562.24.00000000001|1.2.2004.1|]
2020-06-10 18:12:08.674 TRACE 55751 --- [    Test worker] o.h.type.descriptor.sql.BasicExtractor   : extracted value ([col_4_0_] : [VARCHAR]) - [1234567-2]
2020-06-10 18:12:08.674 TRACE 55751 --- [    Test worker] o.h.type.descriptor.sql.BasicExtractor   : extracted value ([col_5_0_] : [VARCHAR]) - [null]
2020-06-10 18:12:08.674 TRACE 55751 --- [    Test worker] o.h.type.descriptor.sql.BasicExtractor   : extracted value ([col_6_0_] : [VARCHAR]) - [null]
2020-06-10 18:12:08.674 TRACE 55751 --- [    Test worker] o.h.type.descriptor.sql.BasicExtractor   : extracted value ([col_7_0_] : [VARCHAR]) - [oppilaitostyyppi_41#1]
2020-06-10 18:12:08.674 TRACE 55751 --- [    Test worker] o.h.type.descriptor.sql.BasicExtractor   : extracted value ([col_8_0_] : [VARCHAR]) - [123451]
2020-06-10 18:12:08.674 TRACE 55751 --- [    Test worker] o.h.type.descriptor.sql.BasicExtractor   : extracted value ([col_9_0_] : [VARCHAR]) - [fi]
2020-06-10 18:12:08.674 TRACE 55751 --- [    Test worker] o.h.type.descriptor.sql.BasicExtractor   : extracted value ([col_10_0_] : [VARCHAR]) - [node1 asd]
2020-06-10 18:12:08.674 TRACE 55751 --- [    Test worker] o.h.type.descriptor.sql.BasicExtractor   : extracted value ([col_11_0_] : [VARCHAR]) - [organisaatiotyyppi_02]
2020-06-10 18:12:08.674 TRACE 55751 --- [    Test worker] o.h.type.descriptor.sql.BasicExtractor   : extracted value ([col_12_0_] : [VARCHAR]) - [null]
2020-06-10 18:12:08.674 TRACE 55751 --- [    Test worker] o.h.type.descriptor.sql.BasicExtractor   : extracted value ([col_13_0_] : [VARCHAR]) - [Helsinki]
2020-06-10 18:12:08.674 TRACE 55751 --- [    Test worker] o.h.type.descriptor.sql.BasicExtractor   : extracted value ([col_0_0_] : [VARCHAR]) - [1.2.2004.2]
2020-06-10 18:12:08.674 TRACE 55751 --- [    Test worker] o.h.type.descriptor.sql.BasicExtractor   : extracted value ([col_1_0_] : [DATE]) - [2013-06-29]
2020-06-10 18:12:08.674 TRACE 55751 --- [    Test worker] o.h.type.descriptor.sql.BasicExtractor   : extracted value ([col_2_0_] : [DATE]) - [null]
2020-06-10 18:12:08.674 TRACE 55751 --- [    Test worker] o.h.type.descriptor.sql.BasicExtractor   : extracted value ([col_3_0_] : [VARCHAR]) - [|1.2.246.562.24.00000000001|1.2.2004.1|]
2020-06-10 18:12:08.674 TRACE 55751 --- [    Test worker] o.h.type.descriptor.sql.BasicExtractor   : extracted value ([col_4_0_] : [VARCHAR]) - [1234567-2]
2020-06-10 18:12:08.674 TRACE 55751 --- [    Test worker] o.h.type.descriptor.sql.BasicExtractor   : extracted value ([col_5_0_] : [VARCHAR]) - [null]
2020-06-10 18:12:08.674 TRACE 55751 --- [    Test worker] o.h.type.descriptor.sql.BasicExtractor   : extracted value ([col_6_0_] : [VARCHAR]) - [null]
2020-06-10 18:12:08.674 TRACE 55751 --- [    Test worker] o.h.type.descriptor.sql.BasicExtractor   : extracted value ([col_7_0_] : [VARCHAR]) - [oppilaitostyyppi_41#1]
2020-06-10 18:12:08.674 TRACE 55751 --- [    Test worker] o.h.type.descriptor.sql.BasicExtractor   : extracted value ([col_8_0_] : [VARCHAR]) - [123451]
2020-06-10 18:12:08.674 TRACE 55751 --- [    Test worker] o.h.type.descriptor.sql.BasicExtractor   : extracted value ([col_9_0_] : [VARCHAR]) - [fi]
2020-06-10 18:12:08.674 TRACE 55751 --- [    Test worker] o.h.type.descriptor.sql.BasicExtractor   : extracted value ([col_10_0_] : [VARCHAR]) - [node1 asd]
2020-06-10 18:12:08.674 TRACE 55751 --- [    Test worker] o.h.type.descriptor.sql.BasicExtractor   : extracted value ([col_11_0_] : [VARCHAR]) - [organisaatiotyyppi_04]
2020-06-10 18:12:08.674 TRACE 55751 --- [    Test worker] o.h.type.descriptor.sql.BasicExtractor   : extracted value ([col_12_0_] : [VARCHAR]) - [null]
2020-06-10 18:12:08.674 TRACE 55751 --- [    Test worker] o.h.type.descriptor.sql.BasicExtractor   : extracted value ([col_13_0_] : [VARCHAR]) - [Helsinki]
2020-06-10 18:12:08.674 TRACE 55751 --- [    Test worker] o.h.type.descriptor.sql.BasicExtractor   : extracted value ([col_0_0_] : [VARCHAR]) - [1.2.2004.3]
2020-06-10 18:12:08.674 TRACE 55751 --- [    Test worker] o.h.type.descriptor.sql.BasicExtractor   : extracted value ([col_1_0_] : [DATE]) - [null]
2020-06-10 18:12:08.674 TRACE 55751 --- [    Test worker] o.h.type.descriptor.sql.BasicExtractor   : extracted value ([col_2_0_] : [DATE]) - [null]
2020-06-10 18:12:08.674 TRACE 55751 --- [    Test worker] o.h.type.descriptor.sql.BasicExtractor   : extracted value ([col_3_0_] : [VARCHAR]) - [|1.2.246.562.24.00000000001|1.2.2004.1|]
2020-06-10 18:12:08.674 TRACE 55751 --- [    Test worker] o.h.type.descriptor.sql.BasicExtractor   : extracted value ([col_4_0_] : [VARCHAR]) - [1234567-3]
2020-06-10 18:12:08.674 TRACE 55751 --- [    Test worker] o.h.type.descriptor.sql.BasicExtractor   : extracted value ([col_5_0_] : [VARCHAR]) - [null]
2020-06-10 18:12:08.674 TRACE 55751 --- [    Test worker] o.h.type.descriptor.sql.BasicExtractor   : extracted value ([col_6_0_] : [VARCHAR]) - [null]
2020-06-10 18:12:08.674 TRACE 55751 --- [    Test worker] o.h.type.descriptor.sql.BasicExtractor   : extracted value ([col_7_0_] : [VARCHAR]) - [oppilaitostyyppi_42#1]
2020-06-10 18:12:08.674 TRACE 55751 --- [    Test worker] o.h.type.descriptor.sql.BasicExtractor   : extracted value ([col_8_0_] : [VARCHAR]) - [123452]
2020-06-10 18:12:08.674 TRACE 55751 --- [    Test worker] o.h.type.descriptor.sql.BasicExtractor   : extracted value ([col_9_0_] : [VARCHAR]) - [fi]
2020-06-10 18:12:08.674 TRACE 55751 --- [    Test worker] o.h.type.descriptor.sql.BasicExtractor   : extracted value ([col_10_0_] : [VARCHAR]) - [node2 foo]
2020-06-10 18:12:08.674 TRACE 55751 --- [    Test worker] o.h.type.descriptor.sql.BasicExtractor   : extracted value ([col_11_0_] : [VARCHAR]) - [organisaatiotyyppi_03]
2020-06-10 18:12:08.675 TRACE 55751 --- [    Test worker] o.h.type.descriptor.sql.BasicExtractor   : extracted value ([col_12_0_] : [VARCHAR]) - [null]
2020-06-10 18:12:08.675 TRACE 55751 --- [    Test worker] o.h.type.descriptor.sql.BasicExtractor   : extracted value ([col_13_0_] : [VARCHAR]) - [Helsinki]
2020-06-10 18:12:08.675 TRACE 55751 --- [    Test worker] o.h.type.descriptor.sql.BasicExtractor   : extracted value ([col_0_0_] : [VARCHAR]) - [1.2.2004.3]
2020-06-10 18:12:08.675 TRACE 55751 --- [    Test worker] o.h.type.descriptor.sql.BasicExtractor   : extracted value ([col_1_0_] : [DATE]) - [null]
2020-06-10 18:12:08.675 TRACE 55751 --- [    Test worker] o.h.type.descriptor.sql.BasicExtractor   : extracted value ([col_2_0_] : [DATE]) - [null]
2020-06-10 18:12:08.675 TRACE 55751 --- [    Test worker] o.h.type.descriptor.sql.BasicExtractor   : extracted value ([col_3_0_] : [VARCHAR]) - [|1.2.246.562.24.00000000001|1.2.2004.1|]
2020-06-10 18:12:08.675 TRACE 55751 --- [    Test worker] o.h.type.descriptor.sql.BasicExtractor   : extracted value ([col_4_0_] : [VARCHAR]) - [1234567-3]
2020-06-10 18:12:08.675 TRACE 55751 --- [    Test worker] o.h.type.descriptor.sql.BasicExtractor   : extracted value ([col_5_0_] : [VARCHAR]) - [null]
2020-06-10 18:12:08.675 TRACE 55751 --- [    Test worker] o.h.type.descriptor.sql.BasicExtractor   : extracted value ([col_6_0_] : [VARCHAR]) - [null]
2020-06-10 18:12:08.675 TRACE 55751 --- [    Test worker] o.h.type.descriptor.sql.BasicExtractor   : extracted value ([col_7_0_] : [VARCHAR]) - [oppilaitostyyppi_42#1]
2020-06-10 18:12:08.675 TRACE 55751 --- [    Test worker] o.h.type.descriptor.sql.BasicExtractor   : extracted value ([col_8_0_] : [VARCHAR]) - [123452]
2020-06-10 18:12:08.675 TRACE 55751 --- [    Test worker] o.h.type.descriptor.sql.BasicExtractor   : extracted value ([col_9_0_] : [VARCHAR]) - [fi]
2020-06-10 18:12:08.675 TRACE 55751 --- [    Test worker] o.h.type.descriptor.sql.BasicExtractor   : extracted value ([col_10_0_] : [VARCHAR]) - [node2 foo]
2020-06-10 18:12:08.675 TRACE 55751 --- [    Test worker] o.h.type.descriptor.sql.BasicExtractor   : extracted value ([col_11_0_] : [VARCHAR]) - [organisaatiotyyppi_02]
2020-06-10 18:12:08.675 TRACE 55751 --- [    Test worker] o.h.type.descriptor.sql.BasicExtractor   : extracted value ([col_12_0_] : [VARCHAR]) - [null]
2020-06-10 18:12:08.675 TRACE 55751 --- [    Test worker] o.h.type.descriptor.sql.BasicExtractor   : extracted value ([col_13_0_] : [VARCHAR]) - [Helsinki]
2020-06-10 18:12:08.675 TRACE 55751 --- [    Test worker] o.h.type.descriptor.sql.BasicExtractor   : extracted value ([col_0_0_] : [VARCHAR]) - [1.2.2004.3]
2020-06-10 18:12:08.675 TRACE 55751 --- [    Test worker] o.h.type.descriptor.sql.BasicExtractor   : extracted value ([col_1_0_] : [DATE]) - [null]
2020-06-10 18:12:08.675 TRACE 55751 --- [    Test worker] o.h.type.descriptor.sql.BasicExtractor   : extracted value ([col_2_0_] : [DATE]) - [null]
2020-06-10 18:12:08.675 TRACE 55751 --- [    Test worker] o.h.type.descriptor.sql.BasicExtractor   : extracted value ([col_3_0_] : [VARCHAR]) - [|1.2.246.562.24.00000000001|1.2.2004.1|]
2020-06-10 18:12:08.675 TRACE 55751 --- [    Test worker] o.h.type.descriptor.sql.BasicExtractor   : extracted value ([col_4_0_] : [VARCHAR]) - [1234567-3]
2020-06-10 18:12:08.675 TRACE 55751 --- [    Test worker] o.h.type.descriptor.sql.BasicExtractor   : extracted value ([col_5_0_] : [VARCHAR]) - [null]
2020-06-10 18:12:08.675 TRACE 55751 --- [    Test worker] o.h.type.descriptor.sql.BasicExtractor   : extracted value ([col_6_0_] : [VARCHAR]) - [null]
2020-06-10 18:12:08.675 TRACE 55751 --- [    Test worker] o.h.type.descriptor.sql.BasicExtractor   : extracted value ([col_7_0_] : [VARCHAR]) - [oppilaitostyyppi_42#1]
2020-06-10 18:12:08.675 TRACE 55751 --- [    Test worker] o.h.type.descriptor.sql.BasicExtractor   : extracted value ([col_8_0_] : [VARCHAR]) - [123452]
2020-06-10 18:12:08.675 TRACE 55751 --- [    Test worker] o.h.type.descriptor.sql.BasicExtractor   : extracted value ([col_9_0_] : [VARCHAR]) - [fi]
2020-06-10 18:12:08.675 TRACE 55751 --- [    Test worker] o.h.type.descriptor.sql.BasicExtractor   : extracted value ([col_10_0_] : [VARCHAR]) - [node2 foo]
2020-06-10 18:12:08.675 TRACE 55751 --- [    Test worker] o.h.type.descriptor.sql.BasicExtractor   : extracted value ([col_11_0_] : [VARCHAR]) - [organisaatiotyyppi_04]
2020-06-10 18:12:08.675 TRACE 55751 --- [    Test worker] o.h.type.descriptor.sql.BasicExtractor   : extracted value ([col_12_0_] : [VARCHAR]) - [null]
2020-06-10 18:12:08.675 TRACE 55751 --- [    Test worker] o.h.type.descriptor.sql.BasicExtractor   : extracted value ([col_13_0_] : [VARCHAR]) - [Helsinki]
2020-06-10 18:12:08.675 TRACE 55751 --- [    Test worker] o.h.type.descriptor.sql.BasicExtractor   : extracted value ([col_0_0_] : [VARCHAR]) - [1.2.2004.4]
2020-06-10 18:12:08.675 TRACE 55751 --- [    Test worker] o.h.type.descriptor.sql.BasicExtractor   : extracted value ([col_1_0_] : [DATE]) - [null]
2020-06-10 18:12:08.675 TRACE 55751 --- [    Test worker] o.h.type.descriptor.sql.BasicExtractor   : extracted value ([col_2_0_] : [DATE]) - [null]
2020-06-10 18:12:08.675 TRACE 55751 --- [    Test worker] o.h.type.descriptor.sql.BasicExtractor   : extracted value ([col_3_0_] : [VARCHAR]) - [|1.2.246.562.24.00000000001|1.2.2004.1|1.2.2004.3|]
2020-06-10 18:12:08.675 TRACE 55751 --- [    Test worker] o.h.type.descriptor.sql.BasicExtractor   : extracted value ([col_4_0_] : [VARCHAR]) - [1234567-4]
2020-06-10 18:12:08.675 TRACE 55751 --- [    Test worker] o.h.type.descriptor.sql.BasicExtractor   : extracted value ([col_5_0_] : [VARCHAR]) - [null]
2020-06-10 18:12:08.675 TRACE 55751 --- [    Test worker] o.h.type.descriptor.sql.BasicExtractor   : extracted value ([col_6_0_] : [VARCHAR]) - [null]
2020-06-10 18:12:08.675 TRACE 55751 --- [    Test worker] o.h.type.descriptor.sql.BasicExtractor   : extracted value ([col_7_0_] : [VARCHAR]) - [oppilaitostyyppi_42#1]
2020-06-10 18:12:08.675 TRACE 55751 --- [    Test worker] o.h.type.descriptor.sql.BasicExtractor   : extracted value ([col_8_0_] : [VARCHAR]) - [null]
2020-06-10 18:12:08.675 TRACE 55751 --- [    Test worker] o.h.type.descriptor.sql.BasicExtractor   : extracted value ([col_9_0_] : [VARCHAR]) - [fi]
2020-06-10 18:12:08.675 TRACE 55751 --- [    Test worker] o.h.type.descriptor.sql.BasicExtractor   : extracted value ([col_10_0_] : [VARCHAR]) - [node22 foo bar]
2020-06-10 18:12:08.675 TRACE 55751 --- [    Test worker] o.h.type.descriptor.sql.BasicExtractor   : extracted value ([col_11_0_] : [VARCHAR]) - [organisaatiotyyppi_03]
2020-06-10 18:12:08.675 TRACE 55751 --- [    Test worker] o.h.type.descriptor.sql.BasicExtractor   : extracted value ([col_12_0_] : [VARCHAR]) - [null]
2020-06-10 18:12:08.675 TRACE 55751 --- [    Test worker] o.h.type.descriptor.sql.BasicExtractor   : extracted value ([col_13_0_] : [VARCHAR]) - [Helsinki]
2020-06-10 18:12:08.675 TRACE 55751 --- [    Test worker] o.h.type.descriptor.sql.BasicExtractor   : extracted value ([col_0_0_] : [VARCHAR]) - [1.2.2004.4]
2020-06-10 18:12:08.675 TRACE 55751 --- [    Test worker] o.h.type.descriptor.sql.BasicExtractor   : extracted value ([col_1_0_] : [DATE]) - [null]
2020-06-10 18:12:08.675 TRACE 55751 --- [    Test worker] o.h.type.descriptor.sql.BasicExtractor   : extracted value ([col_2_0_] : [DATE]) - [null]
2020-06-10 18:12:08.675 TRACE 55751 --- [    Test worker] o.h.type.descriptor.sql.BasicExtractor   : extracted value ([col_3_0_] : [VARCHAR]) - [|1.2.246.562.24.00000000001|1.2.2004.1|1.2.2004.3|]
2020-06-10 18:12:08.675 TRACE 55751 --- [    Test worker] o.h.type.descriptor.sql.BasicExtractor   : extracted value ([col_4_0_] : [VARCHAR]) - [1234567-4]
2020-06-10 18:12:08.675 TRACE 55751 --- [    Test worker] o.h.type.descriptor.sql.BasicExtractor   : extracted value ([col_5_0_] : [VARCHAR]) - [null]
2020-06-10 18:12:08.675 TRACE 55751 --- [    Test worker] o.h.type.descriptor.sql.BasicExtractor   : extracted value ([col_6_0_] : [VARCHAR]) - [null]
2020-06-10 18:12:08.675 TRACE 55751 --- [    Test worker] o.h.type.descriptor.sql.BasicExtractor   : extracted value ([col_7_0_] : [VARCHAR]) - [oppilaitostyyppi_42#1]
2020-06-10 18:12:08.675 TRACE 55751 --- [    Test worker] o.h.type.descriptor.sql.BasicExtractor   : extracted value ([col_8_0_] : [VARCHAR]) - [null]
2020-06-10 18:12:08.675 TRACE 55751 --- [    Test worker] o.h.type.descriptor.sql.BasicExtractor   : extracted value ([col_9_0_] : [VARCHAR]) - [fi]
2020-06-10 18:12:08.675 TRACE 55751 --- [    Test worker] o.h.type.descriptor.sql.BasicExtractor   : extracted value ([col_10_0_] : [VARCHAR]) - [node22 foo bar]
2020-06-10 18:12:08.675 TRACE 55751 --- [    Test worker] o.h.type.descriptor.sql.BasicExtractor   : extracted value ([col_11_0_] : [VARCHAR]) - [organisaatiotyyppi_02]
2020-06-10 18:12:08.675 TRACE 55751 --- [    Test worker] o.h.type.descriptor.sql.BasicExtractor   : extracted value ([col_12_0_] : [VARCHAR]) - [null]
2020-06-10 18:12:08.675 TRACE 55751 --- [    Test worker] o.h.type.descriptor.sql.BasicExtractor   : extracted value ([col_13_0_] : [VARCHAR]) - [Helsinki]
2020-06-10 18:12:08.675 TRACE 55751 --- [    Test worker] o.h.type.descriptor.sql.BasicExtractor   : extracted value ([col_0_0_] : [VARCHAR]) - [1.2.2004.4]
2020-06-10 18:12:08.675 TRACE 55751 --- [    Test worker] o.h.type.descriptor.sql.BasicExtractor   : extracted value ([col_1_0_] : [DATE]) - [null]
2020-06-10 18:12:08.675 TRACE 55751 --- [    Test worker] o.h.type.descriptor.sql.BasicExtractor   : extracted value ([col_2_0_] : [DATE]) - [null]
2020-06-10 18:12:08.675 TRACE 55751 --- [    Test worker] o.h.type.descriptor.sql.BasicExtractor   : extracted value ([col_3_0_] : [VARCHAR]) - [|1.2.246.562.24.00000000001|1.2.2004.1|1.2.2004.3|]
2020-06-10 18:12:08.675 TRACE 55751 --- [    Test worker] o.h.type.descriptor.sql.BasicExtractor   : extracted value ([col_4_0_] : [VARCHAR]) - [1234567-4]
2020-06-10 18:12:08.675 TRACE 55751 --- [    Test worker] o.h.type.descriptor.sql.BasicExtractor   : extracted value ([col_5_0_] : [VARCHAR]) - [null]
2020-06-10 18:12:08.675 TRACE 55751 --- [    Test worker] o.h.type.descriptor.sql.BasicExtractor   : extracted value ([col_6_0_] : [VARCHAR]) - [null]
2020-06-10 18:12:08.675 TRACE 55751 --- [    Test worker] o.h.type.descriptor.sql.BasicExtractor   : extracted value ([col_7_0_] : [VARCHAR]) - [oppilaitostyyppi_42#1]
2020-06-10 18:12:08.676 TRACE 55751 --- [    Test worker] o.h.type.descriptor.sql.BasicExtractor   : extracted value ([col_8_0_] : [VARCHAR]) - [null]
2020-06-10 18:12:08.676 TRACE 55751 --- [    Test worker] o.h.type.descriptor.sql.BasicExtractor   : extracted value ([col_9_0_] : [VARCHAR]) - [fi]
2020-06-10 18:12:08.676 TRACE 55751 --- [    Test worker] o.h.type.descriptor.sql.BasicExtractor   : extracted value ([col_10_0_] : [VARCHAR]) - [node22 foo bar]
2020-06-10 18:12:08.676 TRACE 55751 --- [    Test worker] o.h.type.descriptor.sql.BasicExtractor   : extracted value ([col_11_0_] : [VARCHAR]) - [organisaatiotyyppi_04]
2020-06-10 18:12:08.676 TRACE 55751 --- [    Test worker] o.h.type.descriptor.sql.BasicExtractor   : extracted value ([col_12_0_] : [VARCHAR]) - [null]
2020-06-10 18:12:08.676 TRACE 55751 --- [    Test worker] o.h.type.descriptor.sql.BasicExtractor   : extracted value ([col_13_0_] : [VARCHAR]) - [Helsinki]
2020-06-10 18:12:08.676 TRACE 55751 --- [    Test worker] o.h.type.descriptor.sql.BasicExtractor   : extracted value ([col_0_0_] : [VARCHAR]) - [1.2.2005.4]
2020-06-10 18:12:08.676 TRACE 55751 --- [    Test worker] o.h.type.descriptor.sql.BasicExtractor   : extracted value ([col_1_0_] : [DATE]) - [2010-08-29]
2020-06-10 18:12:08.676 TRACE 55751 --- [    Test worker] o.h.type.descriptor.sql.BasicExtractor   : extracted value ([col_2_0_] : [DATE]) - [null]
2020-06-10 18:12:08.676 TRACE 55751 --- [    Test worker] o.h.type.descriptor.sql.BasicExtractor   : extracted value ([col_3_0_] : [VARCHAR]) - [|1.2.246.562.24.00000000001|1.2.2004.1|1.2.2004.3|]
2020-06-10 18:12:08.676 TRACE 55751 --- [    Test worker] o.h.type.descriptor.sql.BasicExtractor   : extracted value ([col_4_0_] : [VARCHAR]) - [1234568-4]
2020-06-10 18:12:08.676 TRACE 55751 --- [    Test worker] o.h.type.descriptor.sql.BasicExtractor   : extracted value ([col_5_0_] : [VARCHAR]) - [null]
2020-06-10 18:12:08.676 TRACE 55751 --- [    Test worker] o.h.type.descriptor.sql.BasicExtractor   : extracted value ([col_6_0_] : [VARCHAR]) - [null]
2020-06-10 18:12:08.676 TRACE 55751 --- [    Test worker] o.h.type.descriptor.sql.BasicExtractor   : extracted value ([col_7_0_] : [VARCHAR]) - [oppilaitostyyppi_42#1]
2020-06-10 18:12:08.676 TRACE 55751 --- [    Test worker] o.h.type.descriptor.sql.BasicExtractor   : extracted value ([col_8_0_] : [VARCHAR]) - [null]
2020-06-10 18:12:08.676 TRACE 55751 --- [    Test worker] o.h.type.descriptor.sql.BasicExtractor   : extracted value ([col_9_0_] : [VARCHAR]) - [fi]
2020-06-10 18:12:08.676 TRACE 55751 --- [    Test worker] o.h.type.descriptor.sql.BasicExtractor   : extracted value ([col_10_0_] : [VARCHAR]) - [node23 foo bar]
2020-06-10 18:12:08.676 TRACE 55751 --- [    Test worker] o.h.type.descriptor.sql.BasicExtractor   : extracted value ([col_11_0_] : [VARCHAR]) - [organisaatiotyyppi_03]
2020-06-10 18:12:08.676 TRACE 55751 --- [    Test worker] o.h.type.descriptor.sql.BasicExtractor   : extracted value ([col_12_0_] : [VARCHAR]) - [null]
2020-06-10 18:12:08.676 TRACE 55751 --- [    Test worker] o.h.type.descriptor.sql.BasicExtractor   : extracted value ([col_13_0_] : [VARCHAR]) - [Helsinki]
2020-06-10 18:12:08.676 TRACE 55751 --- [    Test worker] o.h.type.descriptor.sql.BasicExtractor   : extracted value ([col_0_0_] : [VARCHAR]) - [1.2.2005.4]
2020-06-10 18:12:08.676 TRACE 55751 --- [    Test worker] o.h.type.descriptor.sql.BasicExtractor   : extracted value ([col_1_0_] : [DATE]) - [2010-08-29]
2020-06-10 18:12:08.676 TRACE 55751 --- [    Test worker] o.h.type.descriptor.sql.BasicExtractor   : extracted value ([col_2_0_] : [DATE]) - [null]
2020-06-10 18:12:08.676 TRACE 55751 --- [    Test worker] o.h.type.descriptor.sql.BasicExtractor   : extracted value ([col_3_0_] : [VARCHAR]) - [|1.2.246.562.24.00000000001|1.2.2004.1|1.2.2004.3|]
2020-06-10 18:12:08.676 TRACE 55751 --- [    Test worker] o.h.type.descriptor.sql.BasicExtractor   : extracted value ([col_4_0_] : [VARCHAR]) - [1234568-4]
2020-06-10 18:12:08.676 TRACE 55751 --- [    Test worker] o.h.type.descriptor.sql.BasicExtractor   : extracted value ([col_5_0_] : [VARCHAR]) - [null]
2020-06-10 18:12:08.676 TRACE 55751 --- [    Test worker] o.h.type.descriptor.sql.BasicExtractor   : extracted value ([col_6_0_] : [VARCHAR]) - [null]
2020-06-10 18:12:08.676 TRACE 55751 --- [    Test worker] o.h.type.descriptor.sql.BasicExtractor   : extracted value ([col_7_0_] : [VARCHAR]) - [oppilaitostyyppi_42#1]
2020-06-10 18:12:08.676 TRACE 55751 --- [    Test worker] o.h.type.descriptor.sql.BasicExtractor   : extracted value ([col_8_0_] : [VARCHAR]) - [null]
2020-06-10 18:12:08.676 TRACE 55751 --- [    Test worker] o.h.type.descriptor.sql.BasicExtractor   : extracted value ([col_9_0_] : [VARCHAR]) - [fi]
2020-06-10 18:12:08.676 TRACE 55751 --- [    Test worker] o.h.type.descriptor.sql.BasicExtractor   : extracted value ([col_10_0_] : [VARCHAR]) - [node23 foo bar]
2020-06-10 18:12:08.676 TRACE 55751 --- [    Test worker] o.h.type.descriptor.sql.BasicExtractor   : extracted value ([col_11_0_] : [VARCHAR]) - [organisaatiotyyppi_02]
2020-06-10 18:12:08.676 TRACE 55751 --- [    Test worker] o.h.type.descriptor.sql.BasicExtractor   : extracted value ([col_12_0_] : [VARCHAR]) - [null]
2020-06-10 18:12:08.676 TRACE 55751 --- [    Test worker] o.h.type.descriptor.sql.BasicExtractor   : extracted value ([col_13_0_] : [VARCHAR]) - [Helsinki]
2020-06-10 18:12:08.676 TRACE 55751 --- [    Test worker] o.h.type.descriptor.sql.BasicExtractor   : extracted value ([col_0_0_] : [VARCHAR]) - [1.2.2005.4]
2020-06-10 18:12:08.676 TRACE 55751 --- [    Test worker] o.h.type.descriptor.sql.BasicExtractor   : extracted value ([col_1_0_] : [DATE]) - [2010-08-29]
2020-06-10 18:12:08.676 TRACE 55751 --- [    Test worker] o.h.type.descriptor.sql.BasicExtractor   : extracted value ([col_2_0_] : [DATE]) - [null]
2020-06-10 18:12:08.676 TRACE 55751 --- [    Test worker] o.h.type.descriptor.sql.BasicExtractor   : extracted value ([col_3_0_] : [VARCHAR]) - [|1.2.246.562.24.00000000001|1.2.2004.1|1.2.2004.3|]
2020-06-10 18:12:08.676 TRACE 55751 --- [    Test worker] o.h.type.descriptor.sql.BasicExtractor   : extracted value ([col_4_0_] : [VARCHAR]) - [1234568-4]
2020-06-10 18:12:08.676 TRACE 55751 --- [    Test worker] o.h.type.descriptor.sql.BasicExtractor   : extracted value ([col_5_0_] : [VARCHAR]) - [null]
2020-06-10 18:12:08.676 TRACE 55751 --- [    Test worker] o.h.type.descriptor.sql.BasicExtractor   : extracted value ([col_6_0_] : [VARCHAR]) - [null]
2020-06-10 18:12:08.676 TRACE 55751 --- [    Test worker] o.h.type.descriptor.sql.BasicExtractor   : extracted value ([col_7_0_] : [VARCHAR]) - [oppilaitostyyppi_42#1]
2020-06-10 18:12:08.676 TRACE 55751 --- [    Test worker] o.h.type.descriptor.sql.BasicExtractor   : extracted value ([col_8_0_] : [VARCHAR]) - [null]
2020-06-10 18:12:08.676 TRACE 55751 --- [    Test worker] o.h.type.descriptor.sql.BasicExtractor   : extracted value ([col_9_0_] : [VARCHAR]) - [fi]
2020-06-10 18:12:08.676 TRACE 55751 --- [    Test worker] o.h.type.descriptor.sql.BasicExtractor   : extracted value ([col_10_0_] : [VARCHAR]) - [node23 foo bar]
2020-06-10 18:12:08.676 TRACE 55751 --- [    Test worker] o.h.type.descriptor.sql.BasicExtractor   : extracted value ([col_11_0_] : [VARCHAR]) - [organisaatiotyyppi_04]
2020-06-10 18:12:08.676 TRACE 55751 --- [    Test worker] o.h.type.descriptor.sql.BasicExtractor   : extracted value ([col_12_0_] : [VARCHAR]) - [null]
2020-06-10 18:12:08.676 TRACE 55751 --- [    Test worker] o.h.type.descriptor.sql.BasicExtractor   : extracted value ([col_13_0_] : [VARCHAR]) - [Helsinki]
Hibernate: 
    select
        organisaat0_.oid as col_0_0_,
        count(organisaat2_.id) as col_1_0_ 
    from
        organisaatio organisaat0_ 
    inner join
        organisaatiosuhde childsuhte1_ 
            on organisaat0_.id=childsuhte1_.parent_id 
    inner join
        organisaatio organisaat2_ 
            on childsuhte1_.child_id=organisaat2_.id 
    where
        childsuhte1_.suhdetyyppi<>? 
        and (
            childsuhte1_.loppupvm is null 
            or childsuhte1_.loppupvm>?
        ) 
        and organisaat2_.organisaatio_poistettu=? 
        and (
            organisaat2_.lakkautuspvm is null 
            or organisaat2_.lakkautuspvm>?
        ) 
    group by
        organisaat0_.oid
2020-06-10 18:12:08.677 TRACE 55751 --- [    Test worker] o.h.type.descriptor.sql.BasicBinder      : binding parameter [1] as [VARCHAR] - [LIITOS]
2020-06-10 18:12:08.677 TRACE 55751 --- [    Test worker] o.h.type.descriptor.sql.BasicBinder      : binding parameter [2] as [DATE] - [Wed Jun 10 18:12:08 EEST 2020]
2020-06-10 18:12:08.677 TRACE 55751 --- [    Test worker] o.h.type.descriptor.sql.BasicBinder      : binding parameter [3] as [BOOLEAN] - [false]
2020-06-10 18:12:08.678 TRACE 55751 --- [    Test worker] o.h.type.descriptor.sql.BasicBinder      : binding parameter [4] as [DATE] - [Wed Jun 10 18:12:08 EEST 2020]
2020-06-10 18:12:08.678 TRACE 55751 --- [    Test worker] o.h.type.descriptor.sql.BasicExtractor   : extracted value ([col_0_0_] : [VARCHAR]) - [1.2.2004.4]
2020-06-10 18:12:08.678 TRACE 55751 --- [    Test worker] o.h.type.descriptor.sql.BasicExtractor   : extracted value ([col_1_0_] : [BIGINT]) - [1]
2020-06-10 18:12:08.678 TRACE 55751 --- [    Test worker] o.h.type.descriptor.sql.BasicExtractor   : extracted value ([col_0_0_] : [VARCHAR]) - [1.2.246.562.24.00000000001]
2020-06-10 18:12:08.678 TRACE 55751 --- [    Test worker] o.h.type.descriptor.sql.BasicExtractor   : extracted value ([col_1_0_] : [BIGINT]) - [3]
2020-06-10 18:12:08.678 TRACE 55751 --- [    Test worker] o.h.type.descriptor.sql.BasicExtractor   : extracted value ([col_0_0_] : [VARCHAR]) - [1.2.2004.1]
2020-06-10 18:12:08.678 TRACE 55751 --- [    Test worker] o.h.type.descriptor.sql.BasicExtractor   : extracted value ([col_1_0_] : [BIGINT]) - [2]
2020-06-10 18:12:08.678 TRACE 55751 --- [    Test worker] o.h.type.descriptor.sql.BasicExtractor   : extracted value ([col_0_0_] : [VARCHAR]) - [1.2.2004.3]
2020-06-10 18:12:08.678 TRACE 55751 --- [    Test worker] o.h.type.descriptor.sql.BasicExtractor   : extracted value ([col_1_0_] : [BIGINT]) - [2]
Hibernate: 
    select
        organisaat0_.oid as col_0_0_,
        organisaat0_.alkupvm as col_1_0_,
        organisaat0_.lakkautuspvm as col_2_0_,
        organisaat0_.parentoidpath as col_3_0_,
        organisaat0_.ytunnus as col_4_0_,
        organisaat0_.virastotunnus as col_5_0_,
        organisaat0_.oppilaitoskoodi as col_6_0_,
        organisaat0_.oppilaitos_tyyppi as col_7_0_,
        organisaat0_.toimipistekoodi as col_8_0_,
        values3_.key as col_9_0_,
        values3_.value as col_10_0_,
        tyypit1_.tyypit as col_11_0_,
        kielet4_.kielet as col_12_0_,
        organisaat0_.kotipaikka as col_13_0_ 
    from
        organisaatio organisaat0_ 
    inner join
        organisaatio_tyypit tyypit1_ 
            on organisaat0_.id=tyypit1_.organisaatio_id 
    left outer join
        monikielinen_teksti monikielin2_ 
            on organisaat0_.nimi_mkt=monikielin2_.id 
    left outer join
        monikielinen_teksti_values values3_ 
            on monikielin2_.id=values3_.id 
    left outer join
        organisaatio_kielet kielet4_ 
            on organisaat0_.id=kielet4_.organisaatio_id 
    where
        (
            organisaat0_.lakkautuspvm is null 
            or organisaat0_.lakkautuspvm>=?
        ) 
        and organisaat0_.organisaatio_poistettu=? 
        and tyypit1_.tyypit<>? 
        and (
            organisaat0_.oid in (
                ? , ?
            ) 
            or organisaat0_.parentoidpath like ? escape '!' 
            or organisaat0_.parentoidpath like ? escape '!'
        )
2020-06-10 18:12:08.691 TRACE 55751 --- [    Test worker] o.h.type.descriptor.sql.BasicBinder      : binding parameter [1] as [DATE] - [Wed Jun 10 18:12:08 EEST 2020]
2020-06-10 18:12:08.691 TRACE 55751 --- [    Test worker] o.h.type.descriptor.sql.BasicBinder      : binding parameter [2] as [BOOLEAN] - [false]
2020-06-10 18:12:08.691 TRACE 55751 --- [    Test worker] o.h.type.descriptor.sql.BasicBinder      : binding parameter [3] as [VARCHAR] - [Ryhma]
2020-06-10 18:12:08.691 TRACE 55751 --- [    Test worker] o.h.type.descriptor.sql.BasicBinder      : binding parameter [4] as [VARCHAR] - [1.2.2004.5]
2020-06-10 18:12:08.691 TRACE 55751 --- [    Test worker] o.h.type.descriptor.sql.BasicBinder      : binding parameter [5] as [VARCHAR] - [1.2.2004.1]
2020-06-10 18:12:08.691 TRACE 55751 --- [    Test worker] o.h.type.descriptor.sql.BasicBinder      : binding parameter [6] as [VARCHAR] - [%1.2.2004.5%]
2020-06-10 18:12:08.691 TRACE 55751 --- [    Test worker] o.h.type.descriptor.sql.BasicBinder      : binding parameter [7] as [VARCHAR] - [%1.2.2004.1%]
2020-06-10 18:12:08.691 TRACE 55751 --- [    Test worker] o.h.type.descriptor.sql.BasicExtractor   : extracted value ([col_0_0_] : [VARCHAR]) - [1.2.2004.1]
2020-06-10 18:12:08.691 TRACE 55751 --- [    Test worker] o.h.type.descriptor.sql.BasicExtractor   : extracted value ([col_1_0_] : [DATE]) - [2004-08-08]
2020-06-10 18:12:08.691 TRACE 55751 --- [    Test worker] o.h.type.descriptor.sql.BasicExtractor   : extracted value ([col_2_0_] : [DATE]) - [null]
2020-06-10 18:12:08.691 TRACE 55751 --- [    Test worker] o.h.type.descriptor.sql.BasicExtractor   : extracted value ([col_3_0_] : [VARCHAR]) - [|1.2.246.562.24.00000000001|]
2020-06-10 18:12:08.691 TRACE 55751 --- [    Test worker] o.h.type.descriptor.sql.BasicExtractor   : extracted value ([col_4_0_] : [VARCHAR]) - [2255802-1]
2020-06-10 18:12:08.691 TRACE 55751 --- [    Test worker] o.h.type.descriptor.sql.BasicExtractor   : extracted value ([col_5_0_] : [VARCHAR]) - [null]
2020-06-10 18:12:08.691 TRACE 55751 --- [    Test worker] o.h.type.descriptor.sql.BasicExtractor   : extracted value ([col_6_0_] : [VARCHAR]) - [12345]
2020-06-10 18:12:08.691 TRACE 55751 --- [    Test worker] o.h.type.descriptor.sql.BasicExtractor   : extracted value ([col_7_0_] : [VARCHAR]) - [null]
2020-06-10 18:12:08.691 TRACE 55751 --- [    Test worker] o.h.type.descriptor.sql.BasicExtractor   : extracted value ([col_8_0_] : [VARCHAR]) - [null]
2020-06-10 18:12:08.691 TRACE 55751 --- [    Test worker] o.h.type.descriptor.sql.BasicExtractor   : extracted value ([col_9_0_] : [VARCHAR]) - [fi]
2020-06-10 18:12:08.691 TRACE 55751 --- [    Test worker] o.h.type.descriptor.sql.BasicExtractor   : extracted value ([col_10_0_] : [VARCHAR]) - [root test koulutustoimija]
2020-06-10 18:12:08.691 TRACE 55751 --- [    Test worker] o.h.type.descriptor.sql.BasicExtractor   : extracted value ([col_11_0_] : [VARCHAR]) - [organisaatiotyyppi_01]
2020-06-10 18:12:08.691 TRACE 55751 --- [    Test worker] o.h.type.descriptor.sql.BasicExtractor   : extracted value ([col_12_0_] : [VARCHAR]) - [null]
2020-06-10 18:12:08.691 TRACE 55751 --- [    Test worker] o.h.type.descriptor.sql.BasicExtractor   : extracted value ([col_13_0_] : [VARCHAR]) - [Helsinki]
2020-06-10 18:12:08.691 TRACE 55751 --- [    Test worker] o.h.type.descriptor.sql.BasicExtractor   : extracted value ([col_0_0_] : [VARCHAR]) - [1.2.2004.1]
2020-06-10 18:12:08.691 TRACE 55751 --- [    Test worker] o.h.type.descriptor.sql.BasicExtractor   : extracted value ([col_1_0_] : [DATE]) - [2004-08-08]
2020-06-10 18:12:08.691 TRACE 55751 --- [    Test worker] o.h.type.descriptor.sql.BasicExtractor   : extracted value ([col_2_0_] : [DATE]) - [null]
2020-06-10 18:12:08.691 TRACE 55751 --- [    Test worker] o.h.type.descriptor.sql.BasicExtractor   : extracted value ([col_3_0_] : [VARCHAR]) - [|1.2.246.562.24.00000000001|]
2020-06-10 18:12:08.691 TRACE 55751 --- [    Test worker] o.h.type.descriptor.sql.BasicExtractor   : extracted value ([col_4_0_] : [VARCHAR]) - [2255802-1]
2020-06-10 18:12:08.691 TRACE 55751 --- [    Test worker] o.h.type.descriptor.sql.BasicExtractor   : extracted value ([col_5_0_] : [VARCHAR]) - [null]
2020-06-10 18:12:08.691 TRACE 55751 --- [    Test worker] o.h.type.descriptor.sql.BasicExtractor   : extracted value ([col_6_0_] : [VARCHAR]) - [12345]
2020-06-10 18:12:08.691 TRACE 55751 --- [    Test worker] o.h.type.descriptor.sql.BasicExtractor   : extracted value ([col_7_0_] : [VARCHAR]) - [null]
2020-06-10 18:12:08.691 TRACE 55751 --- [    Test worker] o.h.type.descriptor.sql.BasicExtractor   : extracted value ([col_8_0_] : [VARCHAR]) - [null]
2020-06-10 18:12:08.692 TRACE 55751 --- [    Test worker] o.h.type.descriptor.sql.BasicExtractor   : extracted value ([col_9_0_] : [VARCHAR]) - [sv]
2020-06-10 18:12:08.692 TRACE 55751 --- [    Test worker] o.h.type.descriptor.sql.BasicExtractor   : extracted value ([col_10_0_] : [VARCHAR]) - [root test utbildningsoperator]
2020-06-10 18:12:08.692 TRACE 55751 --- [    Test worker] o.h.type.descriptor.sql.BasicExtractor   : extracted value ([col_11_0_] : [VARCHAR]) - [organisaatiotyyppi_01]
2020-06-10 18:12:08.692 TRACE 55751 --- [    Test worker] o.h.type.descriptor.sql.BasicExtractor   : extracted value ([col_12_0_] : [VARCHAR]) - [null]
2020-06-10 18:12:08.692 TRACE 55751 --- [    Test worker] o.h.type.descriptor.sql.BasicExtractor   : extracted value ([col_13_0_] : [VARCHAR]) - [Helsinki]
2020-06-10 18:12:08.692 TRACE 55751 --- [    Test worker] o.h.type.descriptor.sql.BasicExtractor   : extracted value ([col_0_0_] : [VARCHAR]) - [1.2.2004.2]
2020-06-10 18:12:08.692 TRACE 55751 --- [    Test worker] o.h.type.descriptor.sql.BasicExtractor   : extracted value ([col_1_0_] : [DATE]) - [2013-06-29]
2020-06-10 18:12:08.692 TRACE 55751 --- [    Test worker] o.h.type.descriptor.sql.BasicExtractor   : extracted value ([col_2_0_] : [DATE]) - [null]
2020-06-10 18:12:08.692 TRACE 55751 --- [    Test worker] o.h.type.descriptor.sql.BasicExtractor   : extracted value ([col_3_0_] : [VARCHAR]) - [|1.2.246.562.24.00000000001|1.2.2004.1|]
2020-06-10 18:12:08.692 TRACE 55751 --- [    Test worker] o.h.type.descriptor.sql.BasicExtractor   : extracted value ([col_4_0_] : [VARCHAR]) - [1234567-2]
2020-06-10 18:12:08.692 TRACE 55751 --- [    Test worker] o.h.type.descriptor.sql.BasicExtractor   : extracted value ([col_5_0_] : [VARCHAR]) - [null]
2020-06-10 18:12:08.692 TRACE 55751 --- [    Test worker] o.h.type.descriptor.sql.BasicExtractor   : extracted value ([col_6_0_] : [VARCHAR]) - [null]
2020-06-10 18:12:08.692 TRACE 55751 --- [    Test worker] o.h.type.descriptor.sql.BasicExtractor   : extracted value ([col_7_0_] : [VARCHAR]) - [oppilaitostyyppi_41#1]
2020-06-10 18:12:08.692 TRACE 55751 --- [    Test worker] o.h.type.descriptor.sql.BasicExtractor   : extracted value ([col_8_0_] : [VARCHAR]) - [123451]
2020-06-10 18:12:08.692 TRACE 55751 --- [    Test worker] o.h.type.descriptor.sql.BasicExtractor   : extracted value ([col_9_0_] : [VARCHAR]) - [fi]
2020-06-10 18:12:08.692 TRACE 55751 --- [    Test worker] o.h.type.descriptor.sql.BasicExtractor   : extracted value ([col_10_0_] : [VARCHAR]) - [node1 asd]
2020-06-10 18:12:08.692 TRACE 55751 --- [    Test worker] o.h.type.descriptor.sql.BasicExtractor   : extracted value ([col_11_0_] : [VARCHAR]) - [organisaatiotyyppi_03]
2020-06-10 18:12:08.692 TRACE 55751 --- [    Test worker] o.h.type.descriptor.sql.BasicExtractor   : extracted value ([col_12_0_] : [VARCHAR]) - [null]
2020-06-10 18:12:08.692 TRACE 55751 --- [    Test worker] o.h.type.descriptor.sql.BasicExtractor   : extracted value ([col_13_0_] : [VARCHAR]) - [Helsinki]
2020-06-10 18:12:08.692 TRACE 55751 --- [    Test worker] o.h.type.descriptor.sql.BasicExtractor   : extracted value ([col_0_0_] : [VARCHAR]) - [1.2.2004.2]
2020-06-10 18:12:08.692 TRACE 55751 --- [    Test worker] o.h.type.descriptor.sql.BasicExtractor   : extracted value ([col_1_0_] : [DATE]) - [2013-06-29]
2020-06-10 18:12:08.692 TRACE 55751 --- [    Test worker] o.h.type.descriptor.sql.BasicExtractor   : extracted value ([col_2_0_] : [DATE]) - [null]
2020-06-10 18:12:08.692 TRACE 55751 --- [    Test worker] o.h.type.descriptor.sql.BasicExtractor   : extracted value ([col_3_0_] : [VARCHAR]) - [|1.2.246.562.24.00000000001|1.2.2004.1|]
2020-06-10 18:12:08.692 TRACE 55751 --- [    Test worker] o.h.type.descriptor.sql.BasicExtractor   : extracted value ([col_4_0_] : [VARCHAR]) - [1234567-2]
2020-06-10 18:12:08.692 TRACE 55751 --- [    Test worker] o.h.type.descriptor.sql.BasicExtractor   : extracted value ([col_5_0_] : [VARCHAR]) - [null]
2020-06-10 18:12:08.692 TRACE 55751 --- [    Test worker] o.h.type.descriptor.sql.BasicExtractor   : extracted value ([col_6_0_] : [VARCHAR]) - [null]
2020-06-10 18:12:08.692 TRACE 55751 --- [    Test worker] o.h.type.descriptor.sql.BasicExtractor   : extracted value ([col_7_0_] : [VARCHAR]) - [oppilaitostyyppi_41#1]
2020-06-10 18:12:08.692 TRACE 55751 --- [    Test worker] o.h.type.descriptor.sql.BasicExtractor   : extracted value ([col_8_0_] : [VARCHAR]) - [123451]
2020-06-10 18:12:08.692 TRACE 55751 --- [    Test worker] o.h.type.descriptor.sql.BasicExtractor   : extracted value ([col_9_0_] : [VARCHAR]) - [fi]
2020-06-10 18:12:08.692 TRACE 55751 --- [    Test worker] o.h.type.descriptor.sql.BasicExtractor   : extracted value ([col_10_0_] : [VARCHAR]) - [node1 asd]
2020-06-10 18:12:08.692 TRACE 55751 --- [    Test worker] o.h.type.descriptor.sql.BasicExtractor   : extracted value ([col_11_0_] : [VARCHAR]) - [organisaatiotyyppi_02]
2020-06-10 18:12:08.692 TRACE 55751 --- [    Test worker] o.h.type.descriptor.sql.BasicExtractor   : extracted value ([col_12_0_] : [VARCHAR]) - [null]
2020-06-10 18:12:08.692 TRACE 55751 --- [    Test worker] o.h.type.descriptor.sql.BasicExtractor   : extracted value ([col_13_0_] : [VARCHAR]) - [Helsinki]
2020-06-10 18:12:08.692 TRACE 55751 --- [    Test worker] o.h.type.descriptor.sql.BasicExtractor   : extracted value ([col_0_0_] : [VARCHAR]) - [1.2.2004.2]
2020-06-10 18:12:08.692 TRACE 55751 --- [    Test worker] o.h.type.descriptor.sql.BasicExtractor   : extracted value ([col_1_0_] : [DATE]) - [2013-06-29]
2020-06-10 18:12:08.692 TRACE 55751 --- [    Test worker] o.h.type.descriptor.sql.BasicExtractor   : extracted value ([col_2_0_] : [DATE]) - [null]
2020-06-10 18:12:08.692 TRACE 55751 --- [    Test worker] o.h.type.descriptor.sql.BasicExtractor   : extracted value ([col_3_0_] : [VARCHAR]) - [|1.2.246.562.24.00000000001|1.2.2004.1|]
2020-06-10 18:12:08.692 TRACE 55751 --- [    Test worker] o.h.type.descriptor.sql.BasicExtractor   : extracted value ([col_4_0_] : [VARCHAR]) - [1234567-2]
2020-06-10 18:12:08.692 TRACE 55751 --- [    Test worker] o.h.type.descriptor.sql.BasicExtractor   : extracted value ([col_5_0_] : [VARCHAR]) - [null]
2020-06-10 18:12:08.692 TRACE 55751 --- [    Test worker] o.h.type.descriptor.sql.BasicExtractor   : extracted value ([col_6_0_] : [VARCHAR]) - [null]
2020-06-10 18:12:08.692 TRACE 55751 --- [    Test worker] o.h.type.descriptor.sql.BasicExtractor   : extracted value ([col_7_0_] : [VARCHAR]) - [oppilaitostyyppi_41#1]
2020-06-10 18:12:08.692 TRACE 55751 --- [    Test worker] o.h.type.descriptor.sql.BasicExtractor   : extracted value ([col_8_0_] : [VARCHAR]) - [123451]
2020-06-10 18:12:08.692 TRACE 55751 --- [    Test worker] o.h.type.descriptor.sql.BasicExtractor   : extracted value ([col_9_0_] : [VARCHAR]) - [fi]
2020-06-10 18:12:08.692 TRACE 55751 --- [    Test worker] o.h.type.descriptor.sql.BasicExtractor   : extracted value ([col_10_0_] : [VARCHAR]) - [node1 asd]
2020-06-10 18:12:08.692 TRACE 55751 --- [    Test worker] o.h.type.descriptor.sql.BasicExtractor   : extracted value ([col_11_0_] : [VARCHAR]) - [organisaatiotyyppi_04]
2020-06-10 18:12:08.692 TRACE 55751 --- [    Test worker] o.h.type.descriptor.sql.BasicExtractor   : extracted value ([col_12_0_] : [VARCHAR]) - [null]
2020-06-10 18:12:08.692 TRACE 55751 --- [    Test worker] o.h.type.descriptor.sql.BasicExtractor   : extracted value ([col_13_0_] : [VARCHAR]) - [Helsinki]
2020-06-10 18:12:08.692 TRACE 55751 --- [    Test worker] o.h.type.descriptor.sql.BasicExtractor   : extracted value ([col_0_0_] : [VARCHAR]) - [1.2.2004.3]
2020-06-10 18:12:08.692 TRACE 55751 --- [    Test worker] o.h.type.descriptor.sql.BasicExtractor   : extracted value ([col_1_0_] : [DATE]) - [null]
2020-06-10 18:12:08.692 TRACE 55751 --- [    Test worker] o.h.type.descriptor.sql.BasicExtractor   : extracted value ([col_2_0_] : [DATE]) - [null]
2020-06-10 18:12:08.692 TRACE 55751 --- [    Test worker] o.h.type.descriptor.sql.BasicExtractor   : extracted value ([col_3_0_] : [VARCHAR]) - [|1.2.246.562.24.00000000001|1.2.2004.1|]
2020-06-10 18:12:08.692 TRACE 55751 --- [    Test worker] o.h.type.descriptor.sql.BasicExtractor   : extracted value ([col_4_0_] : [VARCHAR]) - [1234567-3]
2020-06-10 18:12:08.692 TRACE 55751 --- [    Test worker] o.h.type.descriptor.sql.BasicExtractor   : extracted value ([col_5_0_] : [VARCHAR]) - [null]
2020-06-10 18:12:08.692 TRACE 55751 --- [    Test worker] o.h.type.descriptor.sql.BasicExtractor   : extracted value ([col_6_0_] : [VARCHAR]) - [null]
2020-06-10 18:12:08.692 TRACE 55751 --- [    Test worker] o.h.type.descriptor.sql.BasicExtractor   : extracted value ([col_7_0_] : [VARCHAR]) - [oppilaitostyyppi_42#1]
2020-06-10 18:12:08.692 TRACE 55751 --- [    Test worker] o.h.type.descriptor.sql.BasicExtractor   : extracted value ([col_8_0_] : [VARCHAR]) - [123452]
2020-06-10 18:12:08.692 TRACE 55751 --- [    Test worker] o.h.type.descriptor.sql.BasicExtractor   : extracted value ([col_9_0_] : [VARCHAR]) - [fi]
2020-06-10 18:12:08.692 TRACE 55751 --- [    Test worker] o.h.type.descriptor.sql.BasicExtractor   : extracted value ([col_10_0_] : [VARCHAR]) - [node2 foo]
2020-06-10 18:12:08.692 TRACE 55751 --- [    Test worker] o.h.type.descriptor.sql.BasicExtractor   : extracted value ([col_11_0_] : [VARCHAR]) - [organisaatiotyyppi_03]
2020-06-10 18:12:08.692 TRACE 55751 --- [    Test worker] o.h.type.descriptor.sql.BasicExtractor   : extracted value ([col_12_0_] : [VARCHAR]) - [null]
2020-06-10 18:12:08.692 TRACE 55751 --- [    Test worker] o.h.type.descriptor.sql.BasicExtractor   : extracted value ([col_13_0_] : [VARCHAR]) - [Helsinki]
2020-06-10 18:12:08.692 TRACE 55751 --- [    Test worker] o.h.type.descriptor.sql.BasicExtractor   : extracted value ([col_0_0_] : [VARCHAR]) - [1.2.2004.3]
2020-06-10 18:12:08.692 TRACE 55751 --- [    Test worker] o.h.type.descriptor.sql.BasicExtractor   : extracted value ([col_1_0_] : [DATE]) - [null]
2020-06-10 18:12:08.692 TRACE 55751 --- [    Test worker] o.h.type.descriptor.sql.BasicExtractor   : extracted value ([col_2_0_] : [DATE]) - [null]
2020-06-10 18:12:08.692 TRACE 55751 --- [    Test worker] o.h.type.descriptor.sql.BasicExtractor   : extracted value ([col_3_0_] : [VARCHAR]) - [|1.2.246.562.24.00000000001|1.2.2004.1|]
2020-06-10 18:12:08.692 TRACE 55751 --- [    Test worker] o.h.type.descriptor.sql.BasicExtractor   : extracted value ([col_4_0_] : [VARCHAR]) - [1234567-3]
2020-06-10 18:12:08.692 TRACE 55751 --- [    Test worker] o.h.type.descriptor.sql.BasicExtractor   : extracted value ([col_5_0_] : [VARCHAR]) - [null]
2020-06-10 18:12:08.692 TRACE 55751 --- [    Test worker] o.h.type.descriptor.sql.BasicExtractor   : extracted value ([col_6_0_] : [VARCHAR]) - [null]
2020-06-10 18:12:08.692 TRACE 55751 --- [    Test worker] o.h.type.descriptor.sql.BasicExtractor   : extracted value ([col_7_0_] : [VARCHAR]) - [oppilaitostyyppi_42#1]
2020-06-10 18:12:08.692 TRACE 55751 --- [    Test worker] o.h.type.descriptor.sql.BasicExtractor   : extracted value ([col_8_0_] : [VARCHAR]) - [123452]
2020-06-10 18:12:08.692 TRACE 55751 --- [    Test worker] o.h.type.descriptor.sql.BasicExtractor   : extracted value ([col_9_0_] : [VARCHAR]) - [fi]
2020-06-10 18:12:08.693 TRACE 55751 --- [    Test worker] o.h.type.descriptor.sql.BasicExtractor   : extracted value ([col_10_0_] : [VARCHAR]) - [node2 foo]
2020-06-10 18:12:08.693 TRACE 55751 --- [    Test worker] o.h.type.descriptor.sql.BasicExtractor   : extracted value ([col_11_0_] : [VARCHAR]) - [organisaatiotyyppi_02]
2020-06-10 18:12:08.693 TRACE 55751 --- [    Test worker] o.h.type.descriptor.sql.BasicExtractor   : extracted value ([col_12_0_] : [VARCHAR]) - [null]
2020-06-10 18:12:08.693 TRACE 55751 --- [    Test worker] o.h.type.descriptor.sql.BasicExtractor   : extracted value ([col_13_0_] : [VARCHAR]) - [Helsinki]
2020-06-10 18:12:08.693 TRACE 55751 --- [    Test worker] o.h.type.descriptor.sql.BasicExtractor   : extracted value ([col_0_0_] : [VARCHAR]) - [1.2.2004.3]
2020-06-10 18:12:08.693 TRACE 55751 --- [    Test worker] o.h.type.descriptor.sql.BasicExtractor   : extracted value ([col_1_0_] : [DATE]) - [null]
2020-06-10 18:12:08.693 TRACE 55751 --- [    Test worker] o.h.type.descriptor.sql.BasicExtractor   : extracted value ([col_2_0_] : [DATE]) - [null]
2020-06-10 18:12:08.693 TRACE 55751 --- [    Test worker] o.h.type.descriptor.sql.BasicExtractor   : extracted value ([col_3_0_] : [VARCHAR]) - [|1.2.246.562.24.00000000001|1.2.2004.1|]
2020-06-10 18:12:08.693 TRACE 55751 --- [    Test worker] o.h.type.descriptor.sql.BasicExtractor   : extracted value ([col_4_0_] : [VARCHAR]) - [1234567-3]
2020-06-10 18:12:08.693 TRACE 55751 --- [    Test worker] o.h.type.descriptor.sql.BasicExtractor   : extracted value ([col_5_0_] : [VARCHAR]) - [null]
2020-06-10 18:12:08.693 TRACE 55751 --- [    Test worker] o.h.type.descriptor.sql.BasicExtractor   : extracted value ([col_6_0_] : [VARCHAR]) - [null]
2020-06-10 18:12:08.693 TRACE 55751 --- [    Test worker] o.h.type.descriptor.sql.BasicExtractor   : extracted value ([col_7_0_] : [VARCHAR]) - [oppilaitostyyppi_42#1]
2020-06-10 18:12:08.693 TRACE 55751 --- [    Test worker] o.h.type.descriptor.sql.BasicExtractor   : extracted value ([col_8_0_] : [VARCHAR]) - [123452]
2020-06-10 18:12:08.693 TRACE 55751 --- [    Test worker] o.h.type.descriptor.sql.BasicExtractor   : extracted value ([col_9_0_] : [VARCHAR]) - [fi]
2020-06-10 18:12:08.693 TRACE 55751 --- [    Test worker] o.h.type.descriptor.sql.BasicExtractor   : extracted value ([col_10_0_] : [VARCHAR]) - [node2 foo]
2020-06-10 18:12:08.693 TRACE 55751 --- [    Test worker] o.h.type.descriptor.sql.BasicExtractor   : extracted value ([col_11_0_] : [VARCHAR]) - [organisaatiotyyppi_04]
2020-06-10 18:12:08.693 TRACE 55751 --- [    Test worker] o.h.type.descriptor.sql.BasicExtractor   : extracted value ([col_12_0_] : [VARCHAR]) - [null]
2020-06-10 18:12:08.693 TRACE 55751 --- [    Test worker] o.h.type.descriptor.sql.BasicExtractor   : extracted value ([col_13_0_] : [VARCHAR]) - [Helsinki]
2020-06-10 18:12:08.693 TRACE 55751 --- [    Test worker] o.h.type.descriptor.sql.BasicExtractor   : extracted value ([col_0_0_] : [VARCHAR]) - [1.2.2004.4]
2020-06-10 18:12:08.693 TRACE 55751 --- [    Test worker] o.h.type.descriptor.sql.BasicExtractor   : extracted value ([col_1_0_] : [DATE]) - [null]
2020-06-10 18:12:08.693 TRACE 55751 --- [    Test worker] o.h.type.descriptor.sql.BasicExtractor   : extracted value ([col_2_0_] : [DATE]) - [null]
2020-06-10 18:12:08.693 TRACE 55751 --- [    Test worker] o.h.type.descriptor.sql.BasicExtractor   : extracted value ([col_3_0_] : [VARCHAR]) - [|1.2.246.562.24.00000000001|1.2.2004.1|1.2.2004.3|]
2020-06-10 18:12:08.693 TRACE 55751 --- [    Test worker] o.h.type.descriptor.sql.BasicExtractor   : extracted value ([col_4_0_] : [VARCHAR]) - [1234567-4]
2020-06-10 18:12:08.693 TRACE 55751 --- [    Test worker] o.h.type.descriptor.sql.BasicExtractor   : extracted value ([col_5_0_] : [VARCHAR]) - [null]
2020-06-10 18:12:08.693 TRACE 55751 --- [    Test worker] o.h.type.descriptor.sql.BasicExtractor   : extracted value ([col_6_0_] : [VARCHAR]) - [null]
2020-06-10 18:12:08.693 TRACE 55751 --- [    Test worker] o.h.type.descriptor.sql.BasicExtractor   : extracted value ([col_7_0_] : [VARCHAR]) - [oppilaitostyyppi_42#1]
2020-06-10 18:12:08.693 TRACE 55751 --- [    Test worker] o.h.type.descriptor.sql.BasicExtractor   : extracted value ([col_8_0_] : [VARCHAR]) - [null]
2020-06-10 18:12:08.693 TRACE 55751 --- [    Test worker] o.h.type.descriptor.sql.BasicExtractor   : extracted value ([col_9_0_] : [VARCHAR]) - [fi]
2020-06-10 18:12:08.693 TRACE 55751 --- [    Test worker] o.h.type.descriptor.sql.BasicExtractor   : extracted value ([col_10_0_] : [VARCHAR]) - [node22 foo bar]
2020-06-10 18:12:08.693 TRACE 55751 --- [    Test worker] o.h.type.descriptor.sql.BasicExtractor   : extracted value ([col_11_0_] : [VARCHAR]) - [organisaatiotyyppi_03]
2020-06-10 18:12:08.693 TRACE 55751 --- [    Test worker] o.h.type.descriptor.sql.BasicExtractor   : extracted value ([col_12_0_] : [VARCHAR]) - [null]
2020-06-10 18:12:08.693 TRACE 55751 --- [    Test worker] o.h.type.descriptor.sql.BasicExtractor   : extracted value ([col_13_0_] : [VARCHAR]) - [Helsinki]
2020-06-10 18:12:08.693 TRACE 55751 --- [    Test worker] o.h.type.descriptor.sql.BasicExtractor   : extracted value ([col_0_0_] : [VARCHAR]) - [1.2.2004.4]
2020-06-10 18:12:08.693 TRACE 55751 --- [    Test worker] o.h.type.descriptor.sql.BasicExtractor   : extracted value ([col_1_0_] : [DATE]) - [null]
2020-06-10 18:12:08.693 TRACE 55751 --- [    Test worker] o.h.type.descriptor.sql.BasicExtractor   : extracted value ([col_2_0_] : [DATE]) - [null]
2020-06-10 18:12:08.693 TRACE 55751 --- [    Test worker] o.h.type.descriptor.sql.BasicExtractor   : extracted value ([col_3_0_] : [VARCHAR]) - [|1.2.246.562.24.00000000001|1.2.2004.1|1.2.2004.3|]
2020-06-10 18:12:08.693 TRACE 55751 --- [    Test worker] o.h.type.descriptor.sql.BasicExtractor   : extracted value ([col_4_0_] : [VARCHAR]) - [1234567-4]
2020-06-10 18:12:08.693 TRACE 55751 --- [    Test worker] o.h.type.descriptor.sql.BasicExtractor   : extracted value ([col_5_0_] : [VARCHAR]) - [null]
2020-06-10 18:12:08.693 TRACE 55751 --- [    Test worker] o.h.type.descriptor.sql.BasicExtractor   : extracted value ([col_6_0_] : [VARCHAR]) - [null]
2020-06-10 18:12:08.693 TRACE 55751 --- [    Test worker] o.h.type.descriptor.sql.BasicExtractor   : extracted value ([col_7_0_] : [VARCHAR]) - [oppilaitostyyppi_42#1]
2020-06-10 18:12:08.693 TRACE 55751 --- [    Test worker] o.h.type.descriptor.sql.BasicExtractor   : extracted value ([col_8_0_] : [VARCHAR]) - [null]
2020-06-10 18:12:08.693 TRACE 55751 --- [    Test worker] o.h.type.descriptor.sql.BasicExtractor   : extracted value ([col_9_0_] : [VARCHAR]) - [fi]
2020-06-10 18:12:08.693 TRACE 55751 --- [    Test worker] o.h.type.descriptor.sql.BasicExtractor   : extracted value ([col_10_0_] : [VARCHAR]) - [node22 foo bar]
2020-06-10 18:12:08.693 TRACE 55751 --- [    Test worker] o.h.type.descriptor.sql.BasicExtractor   : extracted value ([col_11_0_] : [VARCHAR]) - [organisaatiotyyppi_02]
2020-06-10 18:12:08.693 TRACE 55751 --- [    Test worker] o.h.type.descriptor.sql.BasicExtractor   : extracted value ([col_12_0_] : [VARCHAR]) - [null]
2020-06-10 18:12:08.693 TRACE 55751 --- [    Test worker] o.h.type.descriptor.sql.BasicExtractor   : extracted value ([col_13_0_] : [VARCHAR]) - [Helsinki]
2020-06-10 18:12:08.693 TRACE 55751 --- [    Test worker] o.h.type.descriptor.sql.BasicExtractor   : extracted value ([col_0_0_] : [VARCHAR]) - [1.2.2004.4]
2020-06-10 18:12:08.693 TRACE 55751 --- [    Test worker] o.h.type.descriptor.sql.BasicExtractor   : extracted value ([col_1_0_] : [DATE]) - [null]
2020-06-10 18:12:08.693 TRACE 55751 --- [    Test worker] o.h.type.descriptor.sql.BasicExtractor   : extracted value ([col_2_0_] : [DATE]) - [null]
2020-06-10 18:12:08.693 TRACE 55751 --- [    Test worker] o.h.type.descriptor.sql.BasicExtractor   : extracted value ([col_3_0_] : [VARCHAR]) - [|1.2.246.562.24.00000000001|1.2.2004.1|1.2.2004.3|]
2020-06-10 18:12:08.693 TRACE 55751 --- [    Test worker] o.h.type.descriptor.sql.BasicExtractor   : extracted value ([col_4_0_] : [VARCHAR]) - [1234567-4]
2020-06-10 18:12:08.693 TRACE 55751 --- [    Test worker] o.h.type.descriptor.sql.BasicExtractor   : extracted value ([col_5_0_] : [VARCHAR]) - [null]
2020-06-10 18:12:08.693 TRACE 55751 --- [    Test worker] o.h.type.descriptor.sql.BasicExtractor   : extracted value ([col_6_0_] : [VARCHAR]) - [null]
2020-06-10 18:12:08.697 TRACE 55751 --- [    Test worker] o.h.type.descriptor.sql.BasicExtractor   : extracted value ([col_7_0_] : [VARCHAR]) - [oppilaitostyyppi_42#1]
2020-06-10 18:12:08.697 TRACE 55751 --- [    Test worker] o.h.type.descriptor.sql.BasicExtractor   : extracted value ([col_8_0_] : [VARCHAR]) - [null]
2020-06-10 18:12:08.697 TRACE 55751 --- [    Test worker] o.h.type.descriptor.sql.BasicExtractor   : extracted value ([col_9_0_] : [VARCHAR]) - [fi]
2020-06-10 18:12:08.697 TRACE 55751 --- [    Test worker] o.h.type.descriptor.sql.BasicExtractor   : extracted value ([col_10_0_] : [VARCHAR]) - [node22 foo bar]
2020-06-10 18:12:08.697 TRACE 55751 --- [    Test worker] o.h.type.descriptor.sql.BasicExtractor   : extracted value ([col_11_0_] : [VARCHAR]) - [organisaatiotyyppi_04]
2020-06-10 18:12:08.697 TRACE 55751 --- [    Test worker] o.h.type.descriptor.sql.BasicExtractor   : extracted value ([col_12_0_] : [VARCHAR]) - [null]
2020-06-10 18:12:08.697 TRACE 55751 --- [    Test worker] o.h.type.descriptor.sql.BasicExtractor   : extracted value ([col_13_0_] : [VARCHAR]) - [Helsinki]
2020-06-10 18:12:08.697 TRACE 55751 --- [    Test worker] o.h.type.descriptor.sql.BasicExtractor   : extracted value ([col_0_0_] : [VARCHAR]) - [1.2.2005.4]
2020-06-10 18:12:08.698 TRACE 55751 --- [    Test worker] o.h.type.descriptor.sql.BasicExtractor   : extracted value ([col_1_0_] : [DATE]) - [2010-08-29]
2020-06-10 18:12:08.698 TRACE 55751 --- [    Test worker] o.h.type.descriptor.sql.BasicExtractor   : extracted value ([col_2_0_] : [DATE]) - [null]
2020-06-10 18:12:08.698 TRACE 55751 --- [    Test worker] o.h.type.descriptor.sql.BasicExtractor   : extracted value ([col_3_0_] : [VARCHAR]) - [|1.2.246.562.24.00000000001|1.2.2004.1|1.2.2004.3|]
2020-06-10 18:12:08.698 TRACE 55751 --- [    Test worker] o.h.type.descriptor.sql.BasicExtractor   : extracted value ([col_4_0_] : [VARCHAR]) - [1234568-4]
2020-06-10 18:12:08.698 TRACE 55751 --- [    Test worker] o.h.type.descriptor.sql.BasicExtractor   : extracted value ([col_5_0_] : [VARCHAR]) - [null]
2020-06-10 18:12:08.698 TRACE 55751 --- [    Test worker] o.h.type.descriptor.sql.BasicExtractor   : extracted value ([col_6_0_] : [VARCHAR]) - [null]
2020-06-10 18:12:08.698 TRACE 55751 --- [    Test worker] o.h.type.descriptor.sql.BasicExtractor   : extracted value ([col_7_0_] : [VARCHAR]) - [oppilaitostyyppi_42#1]
2020-06-10 18:12:08.698 TRACE 55751 --- [    Test worker] o.h.type.descriptor.sql.BasicExtractor   : extracted value ([col_8_0_] : [VARCHAR]) - [null]
2020-06-10 18:12:08.698 TRACE 55751 --- [    Test worker] o.h.type.descriptor.sql.BasicExtractor   : extracted value ([col_9_0_] : [VARCHAR]) - [fi]
2020-06-10 18:12:08.698 TRACE 55751 --- [    Test worker] o.h.type.descriptor.sql.BasicExtractor   : extracted value ([col_10_0_] : [VARCHAR]) - [node23 foo bar]
2020-06-10 18:12:08.698 TRACE 55751 --- [    Test worker] o.h.type.descriptor.sql.BasicExtractor   : extracted value ([col_11_0_] : [VARCHAR]) - [organisaatiotyyppi_03]
2020-06-10 18:12:08.698 TRACE 55751 --- [    Test worker] o.h.type.descriptor.sql.BasicExtractor   : extracted value ([col_12_0_] : [VARCHAR]) - [null]
2020-06-10 18:12:08.698 TRACE 55751 --- [    Test worker] o.h.type.descriptor.sql.BasicExtractor   : extracted value ([col_13_0_] : [VARCHAR]) - [Helsinki]
2020-06-10 18:12:08.698 TRACE 55751 --- [    Test worker] o.h.type.descriptor.sql.BasicExtractor   : extracted value ([col_0_0_] : [VARCHAR]) - [1.2.2005.4]
2020-06-10 18:12:08.698 TRACE 55751 --- [    Test worker] o.h.type.descriptor.sql.BasicExtractor   : extracted value ([col_1_0_] : [DATE]) - [2010-08-29]
2020-06-10 18:12:08.698 TRACE 55751 --- [    Test worker] o.h.type.descriptor.sql.BasicExtractor   : extracted value ([col_2_0_] : [DATE]) - [null]
2020-06-10 18:12:08.698 TRACE 55751 --- [    Test worker] o.h.type.descriptor.sql.BasicExtractor   : extracted value ([col_3_0_] : [VARCHAR]) - [|1.2.246.562.24.00000000001|1.2.2004.1|1.2.2004.3|]
2020-06-10 18:12:08.698 TRACE 55751 --- [    Test worker] o.h.type.descriptor.sql.BasicExtractor   : extracted value ([col_4_0_] : [VARCHAR]) - [1234568-4]
2020-06-10 18:12:08.698 TRACE 55751 --- [    Test worker] o.h.type.descriptor.sql.BasicExtractor   : extracted value ([col_5_0_] : [VARCHAR]) - [null]
2020-06-10 18:12:08.698 TRACE 55751 --- [    Test worker] o.h.type.descriptor.sql.BasicExtractor   : extracted value ([col_6_0_] : [VARCHAR]) - [null]
2020-06-10 18:12:08.698 TRACE 55751 --- [    Test worker] o.h.type.descriptor.sql.BasicExtractor   : extracted value ([col_7_0_] : [VARCHAR]) - [oppilaitostyyppi_42#1]
2020-06-10 18:12:08.698 TRACE 55751 --- [    Test worker] o.h.type.descriptor.sql.BasicExtractor   : extracted value ([col_8_0_] : [VARCHAR]) - [null]
2020-06-10 18:12:08.698 TRACE 55751 --- [    Test worker] o.h.type.descriptor.sql.BasicExtractor   : extracted value ([col_9_0_] : [VARCHAR]) - [fi]
2020-06-10 18:12:08.698 TRACE 55751 --- [    Test worker] o.h.type.descriptor.sql.BasicExtractor   : extracted value ([col_10_0_] : [VARCHAR]) - [node23 foo bar]
2020-06-10 18:12:08.698 TRACE 55751 --- [    Test worker] o.h.type.descriptor.sql.BasicExtractor   : extracted value ([col_11_0_] : [VARCHAR]) - [organisaatiotyyppi_02]
2020-06-10 18:12:08.698 TRACE 55751 --- [    Test worker] o.h.type.descriptor.sql.BasicExtractor   : extracted value ([col_12_0_] : [VARCHAR]) - [null]
2020-06-10 18:12:08.698 TRACE 55751 --- [    Test worker] o.h.type.descriptor.sql.BasicExtractor   : extracted value ([col_13_0_] : [VARCHAR]) - [Helsinki]
2020-06-10 18:12:08.698 TRACE 55751 --- [    Test worker] o.h.type.descriptor.sql.BasicExtractor   : extracted value ([col_0_0_] : [VARCHAR]) - [1.2.2005.4]
2020-06-10 18:12:08.698 TRACE 55751 --- [    Test worker] o.h.type.descriptor.sql.BasicExtractor   : extracted value ([col_1_0_] : [DATE]) - [2010-08-29]
2020-06-10 18:12:08.698 TRACE 55751 --- [    Test worker] o.h.type.descriptor.sql.BasicExtractor   : extracted value ([col_2_0_] : [DATE]) - [null]
2020-06-10 18:12:08.698 TRACE 55751 --- [    Test worker] o.h.type.descriptor.sql.BasicExtractor   : extracted value ([col_3_0_] : [VARCHAR]) - [|1.2.246.562.24.00000000001|1.2.2004.1|1.2.2004.3|]
2020-06-10 18:12:08.698 TRACE 55751 --- [    Test worker] o.h.type.descriptor.sql.BasicExtractor   : extracted value ([col_4_0_] : [VARCHAR]) - [1234568-4]
2020-06-10 18:12:08.698 TRACE 55751 --- [    Test worker] o.h.type.descriptor.sql.BasicExtractor   : extracted value ([col_5_0_] : [VARCHAR]) - [null]
2020-06-10 18:12:08.698 TRACE 55751 --- [    Test worker] o.h.type.descriptor.sql.BasicExtractor   : extracted value ([col_6_0_] : [VARCHAR]) - [null]
2020-06-10 18:12:08.698 TRACE 55751 --- [    Test worker] o.h.type.descriptor.sql.BasicExtractor   : extracted value ([col_7_0_] : [VARCHAR]) - [oppilaitostyyppi_42#1]
2020-06-10 18:12:08.698 TRACE 55751 --- [    Test worker] o.h.type.descriptor.sql.BasicExtractor   : extracted value ([col_8_0_] : [VARCHAR]) - [null]
2020-06-10 18:12:08.698 TRACE 55751 --- [    Test worker] o.h.type.descriptor.sql.BasicExtractor   : extracted value ([col_9_0_] : [VARCHAR]) - [fi]
2020-06-10 18:12:08.698 TRACE 55751 --- [    Test worker] o.h.type.descriptor.sql.BasicExtractor   : extracted value ([col_10_0_] : [VARCHAR]) - [node23 foo bar]
2020-06-10 18:12:08.698 TRACE 55751 --- [    Test worker] o.h.type.descriptor.sql.BasicExtractor   : extracted value ([col_11_0_] : [VARCHAR]) - [organisaatiotyyppi_04]
2020-06-10 18:12:08.698 TRACE 55751 --- [    Test worker] o.h.type.descriptor.sql.BasicExtractor   : extracted value ([col_12_0_] : [VARCHAR]) - [null]
2020-06-10 18:12:08.698 TRACE 55751 --- [    Test worker] o.h.type.descriptor.sql.BasicExtractor   : extracted value ([col_13_0_] : [VARCHAR]) - [Helsinki]
2020-06-10 18:12:08.698 TRACE 55751 --- [    Test worker] o.h.type.descriptor.sql.BasicExtractor   : extracted value ([col_0_0_] : [VARCHAR]) - [1.2.2004.5]
2020-06-10 18:12:08.698 TRACE 55751 --- [    Test worker] o.h.type.descriptor.sql.BasicExtractor   : extracted value ([col_1_0_] : [DATE]) - [2006-06-29]
2020-06-10 18:12:08.698 TRACE 55751 --- [    Test worker] o.h.type.descriptor.sql.BasicExtractor   : extracted value ([col_2_0_] : [DATE]) - [null]
2020-06-10 18:12:08.698 TRACE 55751 --- [    Test worker] o.h.type.descriptor.sql.BasicExtractor   : extracted value ([col_3_0_] : [VARCHAR]) - [|1.2.246.562.24.00000000001|]
2020-06-10 18:12:08.698 TRACE 55751 --- [    Test worker] o.h.type.descriptor.sql.BasicExtractor   : extracted value ([col_4_0_] : [VARCHAR]) - [1492449-0]
2020-06-10 18:12:08.698 TRACE 55751 --- [    Test worker] o.h.type.descriptor.sql.BasicExtractor   : extracted value ([col_5_0_] : [VARCHAR]) - [null]
2020-06-10 18:12:08.698 TRACE 55751 --- [    Test worker] o.h.type.descriptor.sql.BasicExtractor   : extracted value ([col_6_0_] : [VARCHAR]) - [null]
2020-06-10 18:12:08.698 TRACE 55751 --- [    Test worker] o.h.type.descriptor.sql.BasicExtractor   : extracted value ([col_7_0_] : [VARCHAR]) - [null]
2020-06-10 18:12:08.698 TRACE 55751 --- [    Test worker] o.h.type.descriptor.sql.BasicExtractor   : extracted value ([col_8_0_] : [VARCHAR]) - [null]
2020-06-10 18:12:08.698 TRACE 55751 --- [    Test worker] o.h.type.descriptor.sql.BasicExtractor   : extracted value ([col_9_0_] : [VARCHAR]) - [fi]
2020-06-10 18:12:08.698 TRACE 55751 --- [    Test worker] o.h.type.descriptor.sql.BasicExtractor   : extracted value ([col_10_0_] : [VARCHAR]) - [root2 test2 koulutustoimija2]
2020-06-10 18:12:08.698 TRACE 55751 --- [    Test worker] o.h.type.descriptor.sql.BasicExtractor   : extracted value ([col_11_0_] : [VARCHAR]) - [organisaatiotyyppi_01]
2020-06-10 18:12:08.698 TRACE 55751 --- [    Test worker] o.h.type.descriptor.sql.BasicExtractor   : extracted value ([col_12_0_] : [VARCHAR]) - [null]
2020-06-10 18:12:08.698 TRACE 55751 --- [    Test worker] o.h.type.descriptor.sql.BasicExtractor   : extracted value ([col_13_0_] : [VARCHAR]) - [Helsinki]
2020-06-10 18:12:08.698 TRACE 55751 --- [    Test worker] o.h.type.descriptor.sql.BasicExtractor   : extracted value ([col_0_0_] : [VARCHAR]) - [1.2.2005.5]
2020-06-10 18:12:08.698 TRACE 55751 --- [    Test worker] o.h.type.descriptor.sql.BasicExtractor   : extracted value ([col_1_0_] : [DATE]) - [1960-02-16]
2020-06-10 18:12:08.699 TRACE 55751 --- [    Test worker] o.h.type.descriptor.sql.BasicExtractor   : extracted value ([col_2_0_] : [DATE]) - [null]
2020-06-10 18:12:08.699 TRACE 55751 --- [    Test worker] o.h.type.descriptor.sql.BasicExtractor   : extracted value ([col_3_0_] : [VARCHAR]) - [|1.2.246.562.24.00000000001|1.2.2004.1|1.2.2004.3|1.2.2004.4|]
2020-06-10 18:12:08.699 TRACE 55751 --- [    Test worker] o.h.type.descriptor.sql.BasicExtractor   : extracted value ([col_4_0_] : [VARCHAR]) - [1730639-9]
2020-06-10 18:12:08.699 TRACE 55751 --- [    Test worker] o.h.type.descriptor.sql.BasicExtractor   : extracted value ([col_5_0_] : [VARCHAR]) - [null]
2020-06-10 18:12:08.699 TRACE 55751 --- [    Test worker] o.h.type.descriptor.sql.BasicExtractor   : extracted value ([col_6_0_] : [VARCHAR]) - [null]
2020-06-10 18:12:08.699 TRACE 55751 --- [    Test worker] o.h.type.descriptor.sql.BasicExtractor   : extracted value ([col_7_0_] : [VARCHAR]) - [oppilaitostyyppi_42#1]
2020-06-10 18:12:08.699 TRACE 55751 --- [    Test worker] o.h.type.descriptor.sql.BasicExtractor   : extracted value ([col_8_0_] : [VARCHAR]) - [null]
2020-06-10 18:12:08.699 TRACE 55751 --- [    Test worker] o.h.type.descriptor.sql.BasicExtractor   : extracted value ([col_9_0_] : [VARCHAR]) - [sv]
2020-06-10 18:12:08.699 TRACE 55751 --- [    Test worker] o.h.type.descriptor.sql.BasicExtractor   : extracted value ([col_10_0_] : [VARCHAR]) - [node231 foo bar]
2020-06-10 18:12:08.699 TRACE 55751 --- [    Test worker] o.h.type.descriptor.sql.BasicExtractor   : extracted value ([col_11_0_] : [VARCHAR]) - [organisaatiotyyppi_06]
2020-06-10 18:12:08.699 TRACE 55751 --- [    Test worker] o.h.type.descriptor.sql.BasicExtractor   : extracted value ([col_12_0_] : [VARCHAR]) - [null]
2020-06-10 18:12:08.699 TRACE 55751 --- [    Test worker] o.h.type.descriptor.sql.BasicExtractor   : extracted value ([col_13_0_] : [VARCHAR]) - [Helsinki]
Hibernate: 
    select
        organisaat0_.oid as col_0_0_,
        organisaat0_.alkupvm as col_1_0_,
        organisaat0_.lakkautuspvm as col_2_0_,
        organisaat0_.parentoidpath as col_3_0_,
        organisaat0_.ytunnus as col_4_0_,
        organisaat0_.virastotunnus as col_5_0_,
        organisaat0_.oppilaitoskoodi as col_6_0_,
        organisaat0_.oppilaitos_tyyppi as col_7_0_,
        organisaat0_.toimipistekoodi as col_8_0_,
        values3_.key as col_9_0_,
        values3_.value as col_10_0_,
        tyypit1_.tyypit as col_11_0_,
        kielet4_.kielet as col_12_0_,
        organisaat0_.kotipaikka as col_13_0_ 
    from
        organisaatio organisaat0_ 
    inner join
        organisaatio_tyypit tyypit1_ 
            on organisaat0_.id=tyypit1_.organisaatio_id 
    left outer join
        monikielinen_teksti monikielin2_ 
            on organisaat0_.nimi_mkt=monikielin2_.id 
    left outer join
        monikielinen_teksti_values values3_ 
            on monikielin2_.id=values3_.id 
    left outer join
        organisaatio_kielet kielet4_ 
            on organisaat0_.id=kielet4_.organisaatio_id 
    where
        (
            organisaat0_.lakkautuspvm is null 
            or organisaat0_.lakkautuspvm>=?
        ) 
        and organisaat0_.organisaatio_poistettu=? 
        and tyypit1_.tyypit<>? 
        and (
            organisaat0_.oid in (
                ? , ?
            ) 
            or organisaat0_.parentoidpath like ? escape '!' 
            or organisaat0_.parentoidpath like ? escape '!'
        ) 
        and (
            organisaat0_.parentoidpath like ? escape '!' 
            or organisaat0_.parentoidpath like ? escape '!'
        )
2020-06-10 18:12:08.704 TRACE 55751 --- [    Test worker] o.h.type.descriptor.sql.BasicBinder      : binding parameter [1] as [DATE] - [Wed Jun 10 18:12:08 EEST 2020]
2020-06-10 18:12:08.704 TRACE 55751 --- [    Test worker] o.h.type.descriptor.sql.BasicBinder      : binding parameter [2] as [BOOLEAN] - [false]
2020-06-10 18:12:08.704 TRACE 55751 --- [    Test worker] o.h.type.descriptor.sql.BasicBinder      : binding parameter [3] as [VARCHAR] - [Ryhma]
2020-06-10 18:12:08.704 TRACE 55751 --- [    Test worker] o.h.type.descriptor.sql.BasicBinder      : binding parameter [4] as [VARCHAR] - [1.2.2004.5]
2020-06-10 18:12:08.704 TRACE 55751 --- [    Test worker] o.h.type.descriptor.sql.BasicBinder      : binding parameter [5] as [VARCHAR] - [1.2.2004.1]
2020-06-10 18:12:08.704 TRACE 55751 --- [    Test worker] o.h.type.descriptor.sql.BasicBinder      : binding parameter [6] as [VARCHAR] - [%1.2.2004.5%]
2020-06-10 18:12:08.704 TRACE 55751 --- [    Test worker] o.h.type.descriptor.sql.BasicBinder      : binding parameter [7] as [VARCHAR] - [%1.2.2004.1%]
2020-06-10 18:12:08.705 TRACE 55751 --- [    Test worker] o.h.type.descriptor.sql.BasicBinder      : binding parameter [8] as [VARCHAR] - [|1.2.246.562.24.00000000001|1.2.2004.1|%]
2020-06-10 18:12:08.705 TRACE 55751 --- [    Test worker] o.h.type.descriptor.sql.BasicBinder      : binding parameter [9] as [VARCHAR] - [|1.2.246.562.24.00000000001|1.2.2004.5|%]
2020-06-10 18:12:08.705 TRACE 55751 --- [    Test worker] o.h.type.descriptor.sql.BasicExtractor   : extracted value ([col_0_0_] : [VARCHAR]) - [1.2.2004.2]
2020-06-10 18:12:08.705 TRACE 55751 --- [    Test worker] o.h.type.descriptor.sql.BasicExtractor   : extracted value ([col_1_0_] : [DATE]) - [2013-06-29]
2020-06-10 18:12:08.705 TRACE 55751 --- [    Test worker] o.h.type.descriptor.sql.BasicExtractor   : extracted value ([col_2_0_] : [DATE]) - [null]
2020-06-10 18:12:08.705 TRACE 55751 --- [    Test worker] o.h.type.descriptor.sql.BasicExtractor   : extracted value ([col_3_0_] : [VARCHAR]) - [|1.2.246.562.24.00000000001|1.2.2004.1|]
2020-06-10 18:12:08.705 TRACE 55751 --- [    Test worker] o.h.type.descriptor.sql.BasicExtractor   : extracted value ([col_4_0_] : [VARCHAR]) - [1234567-2]
2020-06-10 18:12:08.705 TRACE 55751 --- [    Test worker] o.h.type.descriptor.sql.BasicExtractor   : extracted value ([col_5_0_] : [VARCHAR]) - [null]
2020-06-10 18:12:08.705 TRACE 55751 --- [    Test worker] o.h.type.descriptor.sql.BasicExtractor   : extracted value ([col_6_0_] : [VARCHAR]) - [null]
2020-06-10 18:12:08.705 TRACE 55751 --- [    Test worker] o.h.type.descriptor.sql.BasicExtractor   : extracted value ([col_7_0_] : [VARCHAR]) - [oppilaitostyyppi_41#1]
2020-06-10 18:12:08.705 TRACE 55751 --- [    Test worker] o.h.type.descriptor.sql.BasicExtractor   : extracted value ([col_8_0_] : [VARCHAR]) - [123451]
2020-06-10 18:12:08.705 TRACE 55751 --- [    Test worker] o.h.type.descriptor.sql.BasicExtractor   : extracted value ([col_9_0_] : [VARCHAR]) - [fi]
2020-06-10 18:12:08.705 TRACE 55751 --- [    Test worker] o.h.type.descriptor.sql.BasicExtractor   : extracted value ([col_10_0_] : [VARCHAR]) - [node1 asd]
2020-06-10 18:12:08.705 TRACE 55751 --- [    Test worker] o.h.type.descriptor.sql.BasicExtractor   : extracted value ([col_11_0_] : [VARCHAR]) - [organisaatiotyyppi_03]
2020-06-10 18:12:08.705 TRACE 55751 --- [    Test worker] o.h.type.descriptor.sql.BasicExtractor   : extracted value ([col_12_0_] : [VARCHAR]) - [null]
2020-06-10 18:12:08.705 TRACE 55751 --- [    Test worker] o.h.type.descriptor.sql.BasicExtractor   : extracted value ([col_13_0_] : [VARCHAR]) - [Helsinki]
2020-06-10 18:12:08.705 TRACE 55751 --- [    Test worker] o.h.type.descriptor.sql.BasicExtractor   : extracted value ([col_0_0_] : [VARCHAR]) - [1.2.2004.2]
2020-06-10 18:12:08.705 TRACE 55751 --- [    Test worker] o.h.type.descriptor.sql.BasicExtractor   : extracted value ([col_1_0_] : [DATE]) - [2013-06-29]
2020-06-10 18:12:08.705 TRACE 55751 --- [    Test worker] o.h.type.descriptor.sql.BasicExtractor   : extracted value ([col_2_0_] : [DATE]) - [null]
2020-06-10 18:12:08.705 TRACE 55751 --- [    Test worker] o.h.type.descriptor.sql.BasicExtractor   : extracted value ([col_3_0_] : [VARCHAR]) - [|1.2.246.562.24.00000000001|1.2.2004.1|]
2020-06-10 18:12:08.705 TRACE 55751 --- [    Test worker] o.h.type.descriptor.sql.BasicExtractor   : extracted value ([col_4_0_] : [VARCHAR]) - [1234567-2]
2020-06-10 18:12:08.705 TRACE 55751 --- [    Test worker] o.h.type.descriptor.sql.BasicExtractor   : extracted value ([col_5_0_] : [VARCHAR]) - [null]
2020-06-10 18:12:08.705 TRACE 55751 --- [    Test worker] o.h.type.descriptor.sql.BasicExtractor   : extracted value ([col_6_0_] : [VARCHAR]) - [null]
2020-06-10 18:12:08.705 TRACE 55751 --- [    Test worker] o.h.type.descriptor.sql.BasicExtractor   : extracted value ([col_7_0_] : [VARCHAR]) - [oppilaitostyyppi_41#1]
2020-06-10 18:12:08.705 TRACE 55751 --- [    Test worker] o.h.type.descriptor.sql.BasicExtractor   : extracted value ([col_8_0_] : [VARCHAR]) - [123451]
2020-06-10 18:12:08.705 TRACE 55751 --- [    Test worker] o.h.type.descriptor.sql.BasicExtractor   : extracted value ([col_9_0_] : [VARCHAR]) - [fi]
2020-06-10 18:12:08.705 TRACE 55751 --- [    Test worker] o.h.type.descriptor.sql.BasicExtractor   : extracted value ([col_10_0_] : [VARCHAR]) - [node1 asd]
2020-06-10 18:12:08.705 TRACE 55751 --- [    Test worker] o.h.type.descriptor.sql.BasicExtractor   : extracted value ([col_11_0_] : [VARCHAR]) - [organisaatiotyyppi_02]
2020-06-10 18:12:08.705 TRACE 55751 --- [    Test worker] o.h.type.descriptor.sql.BasicExtractor   : extracted value ([col_12_0_] : [VARCHAR]) - [null]
2020-06-10 18:12:08.705 TRACE 55751 --- [    Test worker] o.h.type.descriptor.sql.BasicExtractor   : extracted value ([col_13_0_] : [VARCHAR]) - [Helsinki]
2020-06-10 18:12:08.705 TRACE 55751 --- [    Test worker] o.h.type.descriptor.sql.BasicExtractor   : extracted value ([col_0_0_] : [VARCHAR]) - [1.2.2004.2]
2020-06-10 18:12:08.705 TRACE 55751 --- [    Test worker] o.h.type.descriptor.sql.BasicExtractor   : extracted value ([col_1_0_] : [DATE]) - [2013-06-29]
2020-06-10 18:12:08.705 TRACE 55751 --- [    Test worker] o.h.type.descriptor.sql.BasicExtractor   : extracted value ([col_2_0_] : [DATE]) - [null]
2020-06-10 18:12:08.705 TRACE 55751 --- [    Test worker] o.h.type.descriptor.sql.BasicExtractor   : extracted value ([col_3_0_] : [VARCHAR]) - [|1.2.246.562.24.00000000001|1.2.2004.1|]
2020-06-10 18:12:08.705 TRACE 55751 --- [    Test worker] o.h.type.descriptor.sql.BasicExtractor   : extracted value ([col_4_0_] : [VARCHAR]) - [1234567-2]
2020-06-10 18:12:08.705 TRACE 55751 --- [    Test worker] o.h.type.descriptor.sql.BasicExtractor   : extracted value ([col_5_0_] : [VARCHAR]) - [null]
2020-06-10 18:12:08.705 TRACE 55751 --- [    Test worker] o.h.type.descriptor.sql.BasicExtractor   : extracted value ([col_6_0_] : [VARCHAR]) - [null]
2020-06-10 18:12:08.705 TRACE 55751 --- [    Test worker] o.h.type.descriptor.sql.BasicExtractor   : extracted value ([col_7_0_] : [VARCHAR]) - [oppilaitostyyppi_41#1]
2020-06-10 18:12:08.705 TRACE 55751 --- [    Test worker] o.h.type.descriptor.sql.BasicExtractor   : extracted value ([col_8_0_] : [VARCHAR]) - [123451]
2020-06-10 18:12:08.705 TRACE 55751 --- [    Test worker] o.h.type.descriptor.sql.BasicExtractor   : extracted value ([col_9_0_] : [VARCHAR]) - [fi]
2020-06-10 18:12:08.705 TRACE 55751 --- [    Test worker] o.h.type.descriptor.sql.BasicExtractor   : extracted value ([col_10_0_] : [VARCHAR]) - [node1 asd]
2020-06-10 18:12:08.705 TRACE 55751 --- [    Test worker] o.h.type.descriptor.sql.BasicExtractor   : extracted value ([col_11_0_] : [VARCHAR]) - [organisaatiotyyppi_04]
2020-06-10 18:12:08.705 TRACE 55751 --- [    Test worker] o.h.type.descriptor.sql.BasicExtractor   : extracted value ([col_12_0_] : [VARCHAR]) - [null]
2020-06-10 18:12:08.705 TRACE 55751 --- [    Test worker] o.h.type.descriptor.sql.BasicExtractor   : extracted value ([col_13_0_] : [VARCHAR]) - [Helsinki]
2020-06-10 18:12:08.705 TRACE 55751 --- [    Test worker] o.h.type.descriptor.sql.BasicExtractor   : extracted value ([col_0_0_] : [VARCHAR]) - [1.2.2004.3]
2020-06-10 18:12:08.705 TRACE 55751 --- [    Test worker] o.h.type.descriptor.sql.BasicExtractor   : extracted value ([col_1_0_] : [DATE]) - [null]
2020-06-10 18:12:08.705 TRACE 55751 --- [    Test worker] o.h.type.descriptor.sql.BasicExtractor   : extracted value ([col_2_0_] : [DATE]) - [null]
2020-06-10 18:12:08.705 TRACE 55751 --- [    Test worker] o.h.type.descriptor.sql.BasicExtractor   : extracted value ([col_3_0_] : [VARCHAR]) - [|1.2.246.562.24.00000000001|1.2.2004.1|]
2020-06-10 18:12:08.705 TRACE 55751 --- [    Test worker] o.h.type.descriptor.sql.BasicExtractor   : extracted value ([col_4_0_] : [VARCHAR]) - [1234567-3]
2020-06-10 18:12:08.705 TRACE 55751 --- [    Test worker] o.h.type.descriptor.sql.BasicExtractor   : extracted value ([col_5_0_] : [VARCHAR]) - [null]
2020-06-10 18:12:08.705 TRACE 55751 --- [    Test worker] o.h.type.descriptor.sql.BasicExtractor   : extracted value ([col_6_0_] : [VARCHAR]) - [null]
2020-06-10 18:12:08.705 TRACE 55751 --- [    Test worker] o.h.type.descriptor.sql.BasicExtractor   : extracted value ([col_7_0_] : [VARCHAR]) - [oppilaitostyyppi_42#1]
2020-06-10 18:12:08.705 TRACE 55751 --- [    Test worker] o.h.type.descriptor.sql.BasicExtractor   : extracted value ([col_8_0_] : [VARCHAR]) - [123452]
2020-06-10 18:12:08.706 TRACE 55751 --- [    Test worker] o.h.type.descriptor.sql.BasicExtractor   : extracted value ([col_9_0_] : [VARCHAR]) - [fi]
2020-06-10 18:12:08.706 TRACE 55751 --- [    Test worker] o.h.type.descriptor.sql.BasicExtractor   : extracted value ([col_10_0_] : [VARCHAR]) - [node2 foo]
2020-06-10 18:12:08.706 TRACE 55751 --- [    Test worker] o.h.type.descriptor.sql.BasicExtractor   : extracted value ([col_11_0_] : [VARCHAR]) - [organisaatiotyyppi_03]
2020-06-10 18:12:08.706 TRACE 55751 --- [    Test worker] o.h.type.descriptor.sql.BasicExtractor   : extracted value ([col_12_0_] : [VARCHAR]) - [null]
2020-06-10 18:12:08.706 TRACE 55751 --- [    Test worker] o.h.type.descriptor.sql.BasicExtractor   : extracted value ([col_13_0_] : [VARCHAR]) - [Helsinki]
2020-06-10 18:12:08.706 TRACE 55751 --- [    Test worker] o.h.type.descriptor.sql.BasicExtractor   : extracted value ([col_0_0_] : [VARCHAR]) - [1.2.2004.3]
2020-06-10 18:12:08.706 TRACE 55751 --- [    Test worker] o.h.type.descriptor.sql.BasicExtractor   : extracted value ([col_1_0_] : [DATE]) - [null]
2020-06-10 18:12:08.706 TRACE 55751 --- [    Test worker] o.h.type.descriptor.sql.BasicExtractor   : extracted value ([col_2_0_] : [DATE]) - [null]
2020-06-10 18:12:08.706 TRACE 55751 --- [    Test worker] o.h.type.descriptor.sql.BasicExtractor   : extracted value ([col_3_0_] : [VARCHAR]) - [|1.2.246.562.24.00000000001|1.2.2004.1|]
2020-06-10 18:12:08.706 TRACE 55751 --- [    Test worker] o.h.type.descriptor.sql.BasicExtractor   : extracted value ([col_4_0_] : [VARCHAR]) - [1234567-3]
2020-06-10 18:12:08.706 TRACE 55751 --- [    Test worker] o.h.type.descriptor.sql.BasicExtractor   : extracted value ([col_5_0_] : [VARCHAR]) - [null]
2020-06-10 18:12:08.706 TRACE 55751 --- [    Test worker] o.h.type.descriptor.sql.BasicExtractor   : extracted value ([col_6_0_] : [VARCHAR]) - [null]
2020-06-10 18:12:08.706 TRACE 55751 --- [    Test worker] o.h.type.descriptor.sql.BasicExtractor   : extracted value ([col_7_0_] : [VARCHAR]) - [oppilaitostyyppi_42#1]
2020-06-10 18:12:08.706 TRACE 55751 --- [    Test worker] o.h.type.descriptor.sql.BasicExtractor   : extracted value ([col_8_0_] : [VARCHAR]) - [123452]
2020-06-10 18:12:08.706 TRACE 55751 --- [    Test worker] o.h.type.descriptor.sql.BasicExtractor   : extracted value ([col_9_0_] : [VARCHAR]) - [fi]
2020-06-10 18:12:08.706 TRACE 55751 --- [    Test worker] o.h.type.descriptor.sql.BasicExtractor   : extracted value ([col_10_0_] : [VARCHAR]) - [node2 foo]
2020-06-10 18:12:08.706 TRACE 55751 --- [    Test worker] o.h.type.descriptor.sql.BasicExtractor   : extracted value ([col_11_0_] : [VARCHAR]) - [organisaatiotyyppi_02]
2020-06-10 18:12:08.706 TRACE 55751 --- [    Test worker] o.h.type.descriptor.sql.BasicExtractor   : extracted value ([col_12_0_] : [VARCHAR]) - [null]
2020-06-10 18:12:08.706 TRACE 55751 --- [    Test worker] o.h.type.descriptor.sql.BasicExtractor   : extracted value ([col_13_0_] : [VARCHAR]) - [Helsinki]
2020-06-10 18:12:08.706 TRACE 55751 --- [    Test worker] o.h.type.descriptor.sql.BasicExtractor   : extracted value ([col_0_0_] : [VARCHAR]) - [1.2.2004.3]
2020-06-10 18:12:08.706 TRACE 55751 --- [    Test worker] o.h.type.descriptor.sql.BasicExtractor   : extracted value ([col_1_0_] : [DATE]) - [null]
2020-06-10 18:12:08.706 TRACE 55751 --- [    Test worker] o.h.type.descriptor.sql.BasicExtractor   : extracted value ([col_2_0_] : [DATE]) - [null]
2020-06-10 18:12:08.706 TRACE 55751 --- [    Test worker] o.h.type.descriptor.sql.BasicExtractor   : extracted value ([col_3_0_] : [VARCHAR]) - [|1.2.246.562.24.00000000001|1.2.2004.1|]
2020-06-10 18:12:08.706 TRACE 55751 --- [    Test worker] o.h.type.descriptor.sql.BasicExtractor   : extracted value ([col_4_0_] : [VARCHAR]) - [1234567-3]
2020-06-10 18:12:08.706 TRACE 55751 --- [    Test worker] o.h.type.descriptor.sql.BasicExtractor   : extracted value ([col_5_0_] : [VARCHAR]) - [null]
2020-06-10 18:12:08.706 TRACE 55751 --- [    Test worker] o.h.type.descriptor.sql.BasicExtractor   : extracted value ([col_6_0_] : [VARCHAR]) - [null]
2020-06-10 18:12:08.706 TRACE 55751 --- [    Test worker] o.h.type.descriptor.sql.BasicExtractor   : extracted value ([col_7_0_] : [VARCHAR]) - [oppilaitostyyppi_42#1]
2020-06-10 18:12:08.706 TRACE 55751 --- [    Test worker] o.h.type.descriptor.sql.BasicExtractor   : extracted value ([col_8_0_] : [VARCHAR]) - [123452]
2020-06-10 18:12:08.706 TRACE 55751 --- [    Test worker] o.h.type.descriptor.sql.BasicExtractor   : extracted value ([col_9_0_] : [VARCHAR]) - [fi]
2020-06-10 18:12:08.706 TRACE 55751 --- [    Test worker] o.h.type.descriptor.sql.BasicExtractor   : extracted value ([col_10_0_] : [VARCHAR]) - [node2 foo]
2020-06-10 18:12:08.706 TRACE 55751 --- [    Test worker] o.h.type.descriptor.sql.BasicExtractor   : extracted value ([col_11_0_] : [VARCHAR]) - [organisaatiotyyppi_04]
2020-06-10 18:12:08.706 TRACE 55751 --- [    Test worker] o.h.type.descriptor.sql.BasicExtractor   : extracted value ([col_12_0_] : [VARCHAR]) - [null]
2020-06-10 18:12:08.706 TRACE 55751 --- [    Test worker] o.h.type.descriptor.sql.BasicExtractor   : extracted value ([col_13_0_] : [VARCHAR]) - [Helsinki]
2020-06-10 18:12:08.706 TRACE 55751 --- [    Test worker] o.h.type.descriptor.sql.BasicExtractor   : extracted value ([col_0_0_] : [VARCHAR]) - [1.2.2004.4]
2020-06-10 18:12:08.706 TRACE 55751 --- [    Test worker] o.h.type.descriptor.sql.BasicExtractor   : extracted value ([col_1_0_] : [DATE]) - [null]
2020-06-10 18:12:08.706 TRACE 55751 --- [    Test worker] o.h.type.descriptor.sql.BasicExtractor   : extracted value ([col_2_0_] : [DATE]) - [null]
2020-06-10 18:12:08.706 TRACE 55751 --- [    Test worker] o.h.type.descriptor.sql.BasicExtractor   : extracted value ([col_3_0_] : [VARCHAR]) - [|1.2.246.562.24.00000000001|1.2.2004.1|1.2.2004.3|]
2020-06-10 18:12:08.706 TRACE 55751 --- [    Test worker] o.h.type.descriptor.sql.BasicExtractor   : extracted value ([col_4_0_] : [VARCHAR]) - [1234567-4]
2020-06-10 18:12:08.706 TRACE 55751 --- [    Test worker] o.h.type.descriptor.sql.BasicExtractor   : extracted value ([col_5_0_] : [VARCHAR]) - [null]
2020-06-10 18:12:08.706 TRACE 55751 --- [    Test worker] o.h.type.descriptor.sql.BasicExtractor   : extracted value ([col_6_0_] : [VARCHAR]) - [null]
2020-06-10 18:12:08.706 TRACE 55751 --- [    Test worker] o.h.type.descriptor.sql.BasicExtractor   : extracted value ([col_7_0_] : [VARCHAR]) - [oppilaitostyyppi_42#1]
2020-06-10 18:12:08.706 TRACE 55751 --- [    Test worker] o.h.type.descriptor.sql.BasicExtractor   : extracted value ([col_8_0_] : [VARCHAR]) - [null]
2020-06-10 18:12:08.706 TRACE 55751 --- [    Test worker] o.h.type.descriptor.sql.BasicExtractor   : extracted value ([col_9_0_] : [VARCHAR]) - [fi]
2020-06-10 18:12:08.706 TRACE 55751 --- [    Test worker] o.h.type.descriptor.sql.BasicExtractor   : extracted value ([col_10_0_] : [VARCHAR]) - [node22 foo bar]
2020-06-10 18:12:08.706 TRACE 55751 --- [    Test worker] o.h.type.descriptor.sql.BasicExtractor   : extracted value ([col_11_0_] : [VARCHAR]) - [organisaatiotyyppi_03]
2020-06-10 18:12:08.706 TRACE 55751 --- [    Test worker] o.h.type.descriptor.sql.BasicExtractor   : extracted value ([col_12_0_] : [VARCHAR]) - [null]
2020-06-10 18:12:08.706 TRACE 55751 --- [    Test worker] o.h.type.descriptor.sql.BasicExtractor   : extracted value ([col_13_0_] : [VARCHAR]) - [Helsinki]
2020-06-10 18:12:08.706 TRACE 55751 --- [    Test worker] o.h.type.descriptor.sql.BasicExtractor   : extracted value ([col_0_0_] : [VARCHAR]) - [1.2.2004.4]
2020-06-10 18:12:08.706 TRACE 55751 --- [    Test worker] o.h.type.descriptor.sql.BasicExtractor   : extracted value ([col_1_0_] : [DATE]) - [null]
2020-06-10 18:12:08.706 TRACE 55751 --- [    Test worker] o.h.type.descriptor.sql.BasicExtractor   : extracted value ([col_2_0_] : [DATE]) - [null]
2020-06-10 18:12:08.706 TRACE 55751 --- [    Test worker] o.h.type.descriptor.sql.BasicExtractor   : extracted value ([col_3_0_] : [VARCHAR]) - [|1.2.246.562.24.00000000001|1.2.2004.1|1.2.2004.3|]
2020-06-10 18:12:08.706 TRACE 55751 --- [    Test worker] o.h.type.descriptor.sql.BasicExtractor   : extracted value ([col_4_0_] : [VARCHAR]) - [1234567-4]
2020-06-10 18:12:08.706 TRACE 55751 --- [    Test worker] o.h.type.descriptor.sql.BasicExtractor   : extracted value ([col_5_0_] : [VARCHAR]) - [null]
2020-06-10 18:12:08.706 TRACE 55751 --- [    Test worker] o.h.type.descriptor.sql.BasicExtractor   : extracted value ([col_6_0_] : [VARCHAR]) - [null]
2020-06-10 18:12:08.706 TRACE 55751 --- [    Test worker] o.h.type.descriptor.sql.BasicExtractor   : extracted value ([col_7_0_] : [VARCHAR]) - [oppilaitostyyppi_42#1]
2020-06-10 18:12:08.706 TRACE 55751 --- [    Test worker] o.h.type.descriptor.sql.BasicExtractor   : extracted value ([col_8_0_] : [VARCHAR]) - [null]
2020-06-10 18:12:08.706 TRACE 55751 --- [    Test worker] o.h.type.descriptor.sql.BasicExtractor   : extracted value ([col_9_0_] : [VARCHAR]) - [fi]
2020-06-10 18:12:08.706 TRACE 55751 --- [    Test worker] o.h.type.descriptor.sql.BasicExtractor   : extracted value ([col_10_0_] : [VARCHAR]) - [node22 foo bar]
2020-06-10 18:12:08.706 TRACE 55751 --- [    Test worker] o.h.type.descriptor.sql.BasicExtractor   : extracted value ([col_11_0_] : [VARCHAR]) - [organisaatiotyyppi_02]
2020-06-10 18:12:08.706 TRACE 55751 --- [    Test worker] o.h.type.descriptor.sql.BasicExtractor   : extracted value ([col_12_0_] : [VARCHAR]) - [null]
2020-06-10 18:12:08.706 TRACE 55751 --- [    Test worker] o.h.type.descriptor.sql.BasicExtractor   : extracted value ([col_13_0_] : [VARCHAR]) - [Helsinki]
2020-06-10 18:12:08.706 TRACE 55751 --- [    Test worker] o.h.type.descriptor.sql.BasicExtractor   : extracted value ([col_0_0_] : [VARCHAR]) - [1.2.2004.4]
2020-06-10 18:12:08.706 TRACE 55751 --- [    Test worker] o.h.type.descriptor.sql.BasicExtractor   : extracted value ([col_1_0_] : [DATE]) - [null]
2020-06-10 18:12:08.706 TRACE 55751 --- [    Test worker] o.h.type.descriptor.sql.BasicExtractor   : extracted value ([col_2_0_] : [DATE]) - [null]
2020-06-10 18:12:08.706 TRACE 55751 --- [    Test worker] o.h.type.descriptor.sql.BasicExtractor   : extracted value ([col_3_0_] : [VARCHAR]) - [|1.2.246.562.24.00000000001|1.2.2004.1|1.2.2004.3|]
2020-06-10 18:12:08.706 TRACE 55751 --- [    Test worker] o.h.type.descriptor.sql.BasicExtractor   : extracted value ([col_4_0_] : [VARCHAR]) - [1234567-4]
2020-06-10 18:12:08.706 TRACE 55751 --- [    Test worker] o.h.type.descriptor.sql.BasicExtractor   : extracted value ([col_5_0_] : [VARCHAR]) - [null]
2020-06-10 18:12:08.706 TRACE 55751 --- [    Test worker] o.h.type.descriptor.sql.BasicExtractor   : extracted value ([col_6_0_] : [VARCHAR]) - [null]
2020-06-10 18:12:08.706 TRACE 55751 --- [    Test worker] o.h.type.descriptor.sql.BasicExtractor   : extracted value ([col_7_0_] : [VARCHAR]) - [oppilaitostyyppi_42#1]
2020-06-10 18:12:08.706 TRACE 55751 --- [    Test worker] o.h.type.descriptor.sql.BasicExtractor   : extracted value ([col_8_0_] : [VARCHAR]) - [null]
2020-06-10 18:12:08.706 TRACE 55751 --- [    Test worker] o.h.type.descriptor.sql.BasicExtractor   : extracted value ([col_9_0_] : [VARCHAR]) - [fi]
2020-06-10 18:12:08.707 TRACE 55751 --- [    Test worker] o.h.type.descriptor.sql.BasicExtractor   : extracted value ([col_10_0_] : [VARCHAR]) - [node22 foo bar]
2020-06-10 18:12:08.707 TRACE 55751 --- [    Test worker] o.h.type.descriptor.sql.BasicExtractor   : extracted value ([col_11_0_] : [VARCHAR]) - [organisaatiotyyppi_04]
2020-06-10 18:12:08.707 TRACE 55751 --- [    Test worker] o.h.type.descriptor.sql.BasicExtractor   : extracted value ([col_12_0_] : [VARCHAR]) - [null]
2020-06-10 18:12:08.707 TRACE 55751 --- [    Test worker] o.h.type.descriptor.sql.BasicExtractor   : extracted value ([col_13_0_] : [VARCHAR]) - [Helsinki]
2020-06-10 18:12:08.707 TRACE 55751 --- [    Test worker] o.h.type.descriptor.sql.BasicExtractor   : extracted value ([col_0_0_] : [VARCHAR]) - [1.2.2005.4]
2020-06-10 18:12:08.707 TRACE 55751 --- [    Test worker] o.h.type.descriptor.sql.BasicExtractor   : extracted value ([col_1_0_] : [DATE]) - [2010-08-29]
2020-06-10 18:12:08.707 TRACE 55751 --- [    Test worker] o.h.type.descriptor.sql.BasicExtractor   : extracted value ([col_2_0_] : [DATE]) - [null]
2020-06-10 18:12:08.707 TRACE 55751 --- [    Test worker] o.h.type.descriptor.sql.BasicExtractor   : extracted value ([col_3_0_] : [VARCHAR]) - [|1.2.246.562.24.00000000001|1.2.2004.1|1.2.2004.3|]
2020-06-10 18:12:08.707 TRACE 55751 --- [    Test worker] o.h.type.descriptor.sql.BasicExtractor   : extracted value ([col_4_0_] : [VARCHAR]) - [1234568-4]
2020-06-10 18:12:08.707 TRACE 55751 --- [    Test worker] o.h.type.descriptor.sql.BasicExtractor   : extracted value ([col_5_0_] : [VARCHAR]) - [null]
2020-06-10 18:12:08.707 TRACE 55751 --- [    Test worker] o.h.type.descriptor.sql.BasicExtractor   : extracted value ([col_6_0_] : [VARCHAR]) - [null]
2020-06-10 18:12:08.707 TRACE 55751 --- [    Test worker] o.h.type.descriptor.sql.BasicExtractor   : extracted value ([col_7_0_] : [VARCHAR]) - [oppilaitostyyppi_42#1]
2020-06-10 18:12:08.707 TRACE 55751 --- [    Test worker] o.h.type.descriptor.sql.BasicExtractor   : extracted value ([col_8_0_] : [VARCHAR]) - [null]
2020-06-10 18:12:08.707 TRACE 55751 --- [    Test worker] o.h.type.descriptor.sql.BasicExtractor   : extracted value ([col_9_0_] : [VARCHAR]) - [fi]
2020-06-10 18:12:08.707 TRACE 55751 --- [    Test worker] o.h.type.descriptor.sql.BasicExtractor   : extracted value ([col_10_0_] : [VARCHAR]) - [node23 foo bar]
2020-06-10 18:12:08.707 TRACE 55751 --- [    Test worker] o.h.type.descriptor.sql.BasicExtractor   : extracted value ([col_11_0_] : [VARCHAR]) - [organisaatiotyyppi_03]
2020-06-10 18:12:08.707 TRACE 55751 --- [    Test worker] o.h.type.descriptor.sql.BasicExtractor   : extracted value ([col_12_0_] : [VARCHAR]) - [null]
2020-06-10 18:12:08.707 TRACE 55751 --- [    Test worker] o.h.type.descriptor.sql.BasicExtractor   : extracted value ([col_13_0_] : [VARCHAR]) - [Helsinki]
2020-06-10 18:12:08.707 TRACE 55751 --- [    Test worker] o.h.type.descriptor.sql.BasicExtractor   : extracted value ([col_0_0_] : [VARCHAR]) - [1.2.2005.4]
2020-06-10 18:12:08.707 TRACE 55751 --- [    Test worker] o.h.type.descriptor.sql.BasicExtractor   : extracted value ([col_1_0_] : [DATE]) - [2010-08-29]
2020-06-10 18:12:08.707 TRACE 55751 --- [    Test worker] o.h.type.descriptor.sql.BasicExtractor   : extracted value ([col_2_0_] : [DATE]) - [null]
2020-06-10 18:12:08.707 TRACE 55751 --- [    Test worker] o.h.type.descriptor.sql.BasicExtractor   : extracted value ([col_3_0_] : [VARCHAR]) - [|1.2.246.562.24.00000000001|1.2.2004.1|1.2.2004.3|]
2020-06-10 18:12:08.707 TRACE 55751 --- [    Test worker] o.h.type.descriptor.sql.BasicExtractor   : extracted value ([col_4_0_] : [VARCHAR]) - [1234568-4]
2020-06-10 18:12:08.707 TRACE 55751 --- [    Test worker] o.h.type.descriptor.sql.BasicExtractor   : extracted value ([col_5_0_] : [VARCHAR]) - [null]
2020-06-10 18:12:08.707 TRACE 55751 --- [    Test worker] o.h.type.descriptor.sql.BasicExtractor   : extracted value ([col_6_0_] : [VARCHAR]) - [null]
2020-06-10 18:12:08.707 TRACE 55751 --- [    Test worker] o.h.type.descriptor.sql.BasicExtractor   : extracted value ([col_7_0_] : [VARCHAR]) - [oppilaitostyyppi_42#1]
2020-06-10 18:12:08.707 TRACE 55751 --- [    Test worker] o.h.type.descriptor.sql.BasicExtractor   : extracted value ([col_8_0_] : [VARCHAR]) - [null]
2020-06-10 18:12:08.707 TRACE 55751 --- [    Test worker] o.h.type.descriptor.sql.BasicExtractor   : extracted value ([col_9_0_] : [VARCHAR]) - [fi]
2020-06-10 18:12:08.707 TRACE 55751 --- [    Test worker] o.h.type.descriptor.sql.BasicExtractor   : extracted value ([col_10_0_] : [VARCHAR]) - [node23 foo bar]
2020-06-10 18:12:08.707 TRACE 55751 --- [    Test worker] o.h.type.descriptor.sql.BasicExtractor   : extracted value ([col_11_0_] : [VARCHAR]) - [organisaatiotyyppi_02]
2020-06-10 18:12:08.707 TRACE 55751 --- [    Test worker] o.h.type.descriptor.sql.BasicExtractor   : extracted value ([col_12_0_] : [VARCHAR]) - [null]
2020-06-10 18:12:08.707 TRACE 55751 --- [    Test worker] o.h.type.descriptor.sql.BasicExtractor   : extracted value ([col_13_0_] : [VARCHAR]) - [Helsinki]
2020-06-10 18:12:08.707 TRACE 55751 --- [    Test worker] o.h.type.descriptor.sql.BasicExtractor   : extracted value ([col_0_0_] : [VARCHAR]) - [1.2.2005.4]
2020-06-10 18:12:08.707 TRACE 55751 --- [    Test worker] o.h.type.descriptor.sql.BasicExtractor   : extracted value ([col_1_0_] : [DATE]) - [2010-08-29]
2020-06-10 18:12:08.707 TRACE 55751 --- [    Test worker] o.h.type.descriptor.sql.BasicExtractor   : extracted value ([col_2_0_] : [DATE]) - [null]
2020-06-10 18:12:08.707 TRACE 55751 --- [    Test worker] o.h.type.descriptor.sql.BasicExtractor   : extracted value ([col_3_0_] : [VARCHAR]) - [|1.2.246.562.24.00000000001|1.2.2004.1|1.2.2004.3|]
2020-06-10 18:12:08.707 TRACE 55751 --- [    Test worker] o.h.type.descriptor.sql.BasicExtractor   : extracted value ([col_4_0_] : [VARCHAR]) - [1234568-4]
2020-06-10 18:12:08.707 TRACE 55751 --- [    Test worker] o.h.type.descriptor.sql.BasicExtractor   : extracted value ([col_5_0_] : [VARCHAR]) - [null]
2020-06-10 18:12:08.707 TRACE 55751 --- [    Test worker] o.h.type.descriptor.sql.BasicExtractor   : extracted value ([col_6_0_] : [VARCHAR]) - [null]
2020-06-10 18:12:08.707 TRACE 55751 --- [    Test worker] o.h.type.descriptor.sql.BasicExtractor   : extracted value ([col_7_0_] : [VARCHAR]) - [oppilaitostyyppi_42#1]
2020-06-10 18:12:08.707 TRACE 55751 --- [    Test worker] o.h.type.descriptor.sql.BasicExtractor   : extracted value ([col_8_0_] : [VARCHAR]) - [null]
2020-06-10 18:12:08.707 TRACE 55751 --- [    Test worker] o.h.type.descriptor.sql.BasicExtractor   : extracted value ([col_9_0_] : [VARCHAR]) - [fi]
2020-06-10 18:12:08.707 TRACE 55751 --- [    Test worker] o.h.type.descriptor.sql.BasicExtractor   : extracted value ([col_10_0_] : [VARCHAR]) - [node23 foo bar]
2020-06-10 18:12:08.707 TRACE 55751 --- [    Test worker] o.h.type.descriptor.sql.BasicExtractor   : extracted value ([col_11_0_] : [VARCHAR]) - [organisaatiotyyppi_04]
2020-06-10 18:12:08.707 TRACE 55751 --- [    Test worker] o.h.type.descriptor.sql.BasicExtractor   : extracted value ([col_12_0_] : [VARCHAR]) - [null]
2020-06-10 18:12:08.707 TRACE 55751 --- [    Test worker] o.h.type.descriptor.sql.BasicExtractor   : extracted value ([col_13_0_] : [VARCHAR]) - [Helsinki]
2020-06-10 18:12:08.707 TRACE 55751 --- [    Test worker] o.h.type.descriptor.sql.BasicExtractor   : extracted value ([col_0_0_] : [VARCHAR]) - [1.2.2005.5]
2020-06-10 18:12:08.707 TRACE 55751 --- [    Test worker] o.h.type.descriptor.sql.BasicExtractor   : extracted value ([col_1_0_] : [DATE]) - [1960-02-16]
2020-06-10 18:12:08.707 TRACE 55751 --- [    Test worker] o.h.type.descriptor.sql.BasicExtractor   : extracted value ([col_2_0_] : [DATE]) - [null]
2020-06-10 18:12:08.707 TRACE 55751 --- [    Test worker] o.h.type.descriptor.sql.BasicExtractor   : extracted value ([col_3_0_] : [VARCHAR]) - [|1.2.246.562.24.00000000001|1.2.2004.1|1.2.2004.3|1.2.2004.4|]
2020-06-10 18:12:08.707 TRACE 55751 --- [    Test worker] o.h.type.descriptor.sql.BasicExtractor   : extracted value ([col_4_0_] : [VARCHAR]) - [1730639-9]
2020-06-10 18:12:08.707 TRACE 55751 --- [    Test worker] o.h.type.descriptor.sql.BasicExtractor   : extracted value ([col_5_0_] : [VARCHAR]) - [null]
2020-06-10 18:12:08.707 TRACE 55751 --- [    Test worker] o.h.type.descriptor.sql.BasicExtractor   : extracted value ([col_6_0_] : [VARCHAR]) - [null]
2020-06-10 18:12:08.707 TRACE 55751 --- [    Test worker] o.h.type.descriptor.sql.BasicExtractor   : extracted value ([col_7_0_] : [VARCHAR]) - [oppilaitostyyppi_42#1]
2020-06-10 18:12:08.707 TRACE 55751 --- [    Test worker] o.h.type.descriptor.sql.BasicExtractor   : extracted value ([col_8_0_] : [VARCHAR]) - [null]
2020-06-10 18:12:08.707 TRACE 55751 --- [    Test worker] o.h.type.descriptor.sql.BasicExtractor   : extracted value ([col_9_0_] : [VARCHAR]) - [sv]
2020-06-10 18:12:08.707 TRACE 55751 --- [    Test worker] o.h.type.descriptor.sql.BasicExtractor   : extracted value ([col_10_0_] : [VARCHAR]) - [node231 foo bar]
2020-06-10 18:12:08.707 TRACE 55751 --- [    Test worker] o.h.type.descriptor.sql.BasicExtractor   : extracted value ([col_11_0_] : [VARCHAR]) - [organisaatiotyyppi_06]
2020-06-10 18:12:08.707 TRACE 55751 --- [    Test worker] o.h.type.descriptor.sql.BasicExtractor   : extracted value ([col_12_0_] : [VARCHAR]) - [null]
2020-06-10 18:12:08.707 TRACE 55751 --- [    Test worker] o.h.type.descriptor.sql.BasicExtractor   : extracted value ([col_13_0_] : [VARCHAR]) - [Helsinki]
Hibernate: 
    select
        organisaat0_.oid as col_0_0_,
        count(organisaat2_.id) as col_1_0_ 
    from
        organisaatio organisaat0_ 
    inner join
        organisaatiosuhde childsuhte1_ 
            on organisaat0_.id=childsuhte1_.parent_id 
    inner join
        organisaatio organisaat2_ 
            on childsuhte1_.child_id=organisaat2_.id 
    where
        childsuhte1_.suhdetyyppi<>? 
        and (
            childsuhte1_.loppupvm is null 
            or childsuhte1_.loppupvm>?
        ) 
        and organisaat2_.organisaatio_poistettu=? 
        and (
            organisaat2_.lakkautuspvm is null 
            or organisaat2_.lakkautuspvm>?
        ) 
    group by
        organisaat0_.oid
2020-06-10 18:12:08.709 TRACE 55751 --- [    Test worker] o.h.type.descriptor.sql.BasicBinder      : binding parameter [1] as [VARCHAR] - [LIITOS]
2020-06-10 18:12:08.709 TRACE 55751 --- [    Test worker] o.h.type.descriptor.sql.BasicBinder      : binding parameter [2] as [DATE] - [Wed Jun 10 18:12:08 EEST 2020]
2020-06-10 18:12:08.709 TRACE 55751 --- [    Test worker] o.h.type.descriptor.sql.BasicBinder      : binding parameter [3] as [BOOLEAN] - [false]
2020-06-10 18:12:08.709 TRACE 55751 --- [    Test worker] o.h.type.descriptor.sql.BasicBinder      : binding parameter [4] as [DATE] - [Wed Jun 10 18:12:08 EEST 2020]
2020-06-10 18:12:08.709 TRACE 55751 --- [    Test worker] o.h.type.descriptor.sql.BasicExtractor   : extracted value ([col_0_0_] : [VARCHAR]) - [1.2.2004.4]
2020-06-10 18:12:08.709 TRACE 55751 --- [    Test worker] o.h.type.descriptor.sql.BasicExtractor   : extracted value ([col_1_0_] : [BIGINT]) - [1]
2020-06-10 18:12:08.709 TRACE 55751 --- [    Test worker] o.h.type.descriptor.sql.BasicExtractor   : extracted value ([col_0_0_] : [VARCHAR]) - [1.2.246.562.24.00000000001]
2020-06-10 18:12:08.709 TRACE 55751 --- [    Test worker] o.h.type.descriptor.sql.BasicExtractor   : extracted value ([col_1_0_] : [BIGINT]) - [3]
2020-06-10 18:12:08.709 TRACE 55751 --- [    Test worker] o.h.type.descriptor.sql.BasicExtractor   : extracted value ([col_0_0_] : [VARCHAR]) - [1.2.2004.1]
2020-06-10 18:12:08.709 TRACE 55751 --- [    Test worker] o.h.type.descriptor.sql.BasicExtractor   : extracted value ([col_1_0_] : [BIGINT]) - [2]
2020-06-10 18:12:08.709 TRACE 55751 --- [    Test worker] o.h.type.descriptor.sql.BasicExtractor   : extracted value ([col_0_0_] : [VARCHAR]) - [1.2.2004.3]
2020-06-10 18:12:08.709 TRACE 55751 --- [    Test worker] o.h.type.descriptor.sql.BasicExtractor   : extracted value ([col_1_0_] : [BIGINT]) - [2]
Hibernate: 
    select
        organisaat0_.oid as col_0_0_,
        organisaat0_.alkupvm as col_1_0_,
        organisaat0_.lakkautuspvm as col_2_0_,
        organisaat0_.parentoidpath as col_3_0_,
        organisaat0_.ytunnus as col_4_0_,
        organisaat0_.virastotunnus as col_5_0_,
        organisaat0_.oppilaitoskoodi as col_6_0_,
        organisaat0_.oppilaitos_tyyppi as col_7_0_,
        organisaat0_.toimipistekoodi as col_8_0_,
        values3_.key as col_9_0_,
        values3_.value as col_10_0_,
        tyypit1_.tyypit as col_11_0_,
        kielet4_.kielet as col_12_0_,
        organisaat0_.kotipaikka as col_13_0_ 
    from
        organisaatio organisaat0_ 
    inner join
        organisaatio_tyypit tyypit1_ 
            on organisaat0_.id=tyypit1_.organisaatio_id 
    left outer join
        monikielinen_teksti monikielin2_ 
            on organisaat0_.nimi_mkt=monikielin2_.id 
    left outer join
        monikielinen_teksti_values values3_ 
            on monikielin2_.id=values3_.id 
    left outer join
        organisaatio_kielet kielet4_ 
            on organisaat0_.id=kielet4_.organisaatio_id 
    where
        (
            organisaat0_.lakkautuspvm is null 
            or organisaat0_.lakkautuspvm>=?
        ) 
        and organisaat0_.organisaatio_poistettu=? 
        and tyypit1_.tyypit<>? 
        and (
            lower(organisaat0_.nimihaku) like ? escape '!' 
            or organisaat0_.oid like ? escape '!' 
            or organisaat0_.ytunnus like ? escape '!' 
            or organisaat0_.oppilaitoskoodi like ? escape '!'
        )
2020-06-10 18:12:08.714 TRACE 55751 --- [    Test worker] o.h.type.descriptor.sql.BasicBinder      : binding parameter [1] as [DATE] - [Wed Jun 10 18:12:08 EEST 2020]
2020-06-10 18:12:08.714 TRACE 55751 --- [    Test worker] o.h.type.descriptor.sql.BasicBinder      : binding parameter [2] as [BOOLEAN] - [false]
2020-06-10 18:12:08.714 TRACE 55751 --- [    Test worker] o.h.type.descriptor.sql.BasicBinder      : binding parameter [3] as [VARCHAR] - [Ryhma]
2020-06-10 18:12:08.714 TRACE 55751 --- [    Test worker] o.h.type.descriptor.sql.BasicBinder      : binding parameter [4] as [VARCHAR] - [%bar%]
2020-06-10 18:12:08.714 TRACE 55751 --- [    Test worker] o.h.type.descriptor.sql.BasicBinder      : binding parameter [5] as [VARCHAR] - [%bar%]
2020-06-10 18:12:08.714 TRACE 55751 --- [    Test worker] o.h.type.descriptor.sql.BasicBinder      : binding parameter [6] as [VARCHAR] - [%bar%]
2020-06-10 18:12:08.714 TRACE 55751 --- [    Test worker] o.h.type.descriptor.sql.BasicBinder      : binding parameter [7] as [VARCHAR] - [%bar%]
2020-06-10 18:12:08.714 TRACE 55751 --- [    Test worker] o.h.type.descriptor.sql.BasicExtractor   : extracted value ([col_0_0_] : [VARCHAR]) - [1.2.2004.4]
2020-06-10 18:12:08.714 TRACE 55751 --- [    Test worker] o.h.type.descriptor.sql.BasicExtractor   : extracted value ([col_1_0_] : [DATE]) - [null]
2020-06-10 18:12:08.714 TRACE 55751 --- [    Test worker] o.h.type.descriptor.sql.BasicExtractor   : extracted value ([col_2_0_] : [DATE]) - [null]
2020-06-10 18:12:08.714 TRACE 55751 --- [    Test worker] o.h.type.descriptor.sql.BasicExtractor   : extracted value ([col_3_0_] : [VARCHAR]) - [|1.2.246.562.24.00000000001|1.2.2004.1|1.2.2004.3|]
2020-06-10 18:12:08.714 TRACE 55751 --- [    Test worker] o.h.type.descriptor.sql.BasicExtractor   : extracted value ([col_4_0_] : [VARCHAR]) - [1234567-4]
2020-06-10 18:12:08.714 TRACE 55751 --- [    Test worker] o.h.type.descriptor.sql.BasicExtractor   : extracted value ([col_5_0_] : [VARCHAR]) - [null]
2020-06-10 18:12:08.714 TRACE 55751 --- [    Test worker] o.h.type.descriptor.sql.BasicExtractor   : extracted value ([col_6_0_] : [VARCHAR]) - [null]
2020-06-10 18:12:08.714 TRACE 55751 --- [    Test worker] o.h.type.descriptor.sql.BasicExtractor   : extracted value ([col_7_0_] : [VARCHAR]) - [oppilaitostyyppi_42#1]
2020-06-10 18:12:08.715 TRACE 55751 --- [    Test worker] o.h.type.descriptor.sql.BasicExtractor   : extracted value ([col_8_0_] : [VARCHAR]) - [null]
2020-06-10 18:12:08.715 TRACE 55751 --- [    Test worker] o.h.type.descriptor.sql.BasicExtractor   : extracted value ([col_9_0_] : [VARCHAR]) - [fi]
2020-06-10 18:12:08.715 TRACE 55751 --- [    Test worker] o.h.type.descriptor.sql.BasicExtractor   : extracted value ([col_10_0_] : [VARCHAR]) - [node22 foo bar]
2020-06-10 18:12:08.715 TRACE 55751 --- [    Test worker] o.h.type.descriptor.sql.BasicExtractor   : extracted value ([col_11_0_] : [VARCHAR]) - [organisaatiotyyppi_03]
2020-06-10 18:12:08.715 TRACE 55751 --- [    Test worker] o.h.type.descriptor.sql.BasicExtractor   : extracted value ([col_12_0_] : [VARCHAR]) - [null]
2020-06-10 18:12:08.715 TRACE 55751 --- [    Test worker] o.h.type.descriptor.sql.BasicExtractor   : extracted value ([col_13_0_] : [VARCHAR]) - [Helsinki]
2020-06-10 18:12:08.715 TRACE 55751 --- [    Test worker] o.h.type.descriptor.sql.BasicExtractor   : extracted value ([col_0_0_] : [VARCHAR]) - [1.2.2004.4]
2020-06-10 18:12:08.715 TRACE 55751 --- [    Test worker] o.h.type.descriptor.sql.BasicExtractor   : extracted value ([col_1_0_] : [DATE]) - [null]
2020-06-10 18:12:08.715 TRACE 55751 --- [    Test worker] o.h.type.descriptor.sql.BasicExtractor   : extracted value ([col_2_0_] : [DATE]) - [null]
2020-06-10 18:12:08.715 TRACE 55751 --- [    Test worker] o.h.type.descriptor.sql.BasicExtractor   : extracted value ([col_3_0_] : [VARCHAR]) - [|1.2.246.562.24.00000000001|1.2.2004.1|1.2.2004.3|]
2020-06-10 18:12:08.715 TRACE 55751 --- [    Test worker] o.h.type.descriptor.sql.BasicExtractor   : extracted value ([col_4_0_] : [VARCHAR]) - [1234567-4]
2020-06-10 18:12:08.715 TRACE 55751 --- [    Test worker] o.h.type.descriptor.sql.BasicExtractor   : extracted value ([col_5_0_] : [VARCHAR]) - [null]
2020-06-10 18:12:08.715 TRACE 55751 --- [    Test worker] o.h.type.descriptor.sql.BasicExtractor   : extracted value ([col_6_0_] : [VARCHAR]) - [null]
2020-06-10 18:12:08.715 TRACE 55751 --- [    Test worker] o.h.type.descriptor.sql.BasicExtractor   : extracted value ([col_7_0_] : [VARCHAR]) - [oppilaitostyyppi_42#1]
2020-06-10 18:12:08.715 TRACE 55751 --- [    Test worker] o.h.type.descriptor.sql.BasicExtractor   : extracted value ([col_8_0_] : [VARCHAR]) - [null]
2020-06-10 18:12:08.715 TRACE 55751 --- [    Test worker] o.h.type.descriptor.sql.BasicExtractor   : extracted value ([col_9_0_] : [VARCHAR]) - [fi]
2020-06-10 18:12:08.715 TRACE 55751 --- [    Test worker] o.h.type.descriptor.sql.BasicExtractor   : extracted value ([col_10_0_] : [VARCHAR]) - [node22 foo bar]
2020-06-10 18:12:08.715 TRACE 55751 --- [    Test worker] o.h.type.descriptor.sql.BasicExtractor   : extracted value ([col_11_0_] : [VARCHAR]) - [organisaatiotyyppi_02]
2020-06-10 18:12:08.715 TRACE 55751 --- [    Test worker] o.h.type.descriptor.sql.BasicExtractor   : extracted value ([col_12_0_] : [VARCHAR]) - [null]
2020-06-10 18:12:08.715 TRACE 55751 --- [    Test worker] o.h.type.descriptor.sql.BasicExtractor   : extracted value ([col_13_0_] : [VARCHAR]) - [Helsinki]
2020-06-10 18:12:08.715 TRACE 55751 --- [    Test worker] o.h.type.descriptor.sql.BasicExtractor   : extracted value ([col_0_0_] : [VARCHAR]) - [1.2.2004.4]
2020-06-10 18:12:08.715 TRACE 55751 --- [    Test worker] o.h.type.descriptor.sql.BasicExtractor   : extracted value ([col_1_0_] : [DATE]) - [null]
2020-06-10 18:12:08.715 TRACE 55751 --- [    Test worker] o.h.type.descriptor.sql.BasicExtractor   : extracted value ([col_2_0_] : [DATE]) - [null]
2020-06-10 18:12:08.715 TRACE 55751 --- [    Test worker] o.h.type.descriptor.sql.BasicExtractor   : extracted value ([col_3_0_] : [VARCHAR]) - [|1.2.246.562.24.00000000001|1.2.2004.1|1.2.2004.3|]
2020-06-10 18:12:08.715 TRACE 55751 --- [    Test worker] o.h.type.descriptor.sql.BasicExtractor   : extracted value ([col_4_0_] : [VARCHAR]) - [1234567-4]
2020-06-10 18:12:08.715 TRACE 55751 --- [    Test worker] o.h.type.descriptor.sql.BasicExtractor   : extracted value ([col_5_0_] : [VARCHAR]) - [null]
2020-06-10 18:12:08.715 TRACE 55751 --- [    Test worker] o.h.type.descriptor.sql.BasicExtractor   : extracted value ([col_6_0_] : [VARCHAR]) - [null]
2020-06-10 18:12:08.715 TRACE 55751 --- [    Test worker] o.h.type.descriptor.sql.BasicExtractor   : extracted value ([col_7_0_] : [VARCHAR]) - [oppilaitostyyppi_42#1]
2020-06-10 18:12:08.715 TRACE 55751 --- [    Test worker] o.h.type.descriptor.sql.BasicExtractor   : extracted value ([col_8_0_] : [VARCHAR]) - [null]
2020-06-10 18:12:08.715 TRACE 55751 --- [    Test worker] o.h.type.descriptor.sql.BasicExtractor   : extracted value ([col_9_0_] : [VARCHAR]) - [fi]
2020-06-10 18:12:08.715 TRACE 55751 --- [    Test worker] o.h.type.descriptor.sql.BasicExtractor   : extracted value ([col_10_0_] : [VARCHAR]) - [node22 foo bar]
2020-06-10 18:12:08.715 TRACE 55751 --- [    Test worker] o.h.type.descriptor.sql.BasicExtractor   : extracted value ([col_11_0_] : [VARCHAR]) - [organisaatiotyyppi_04]
2020-06-10 18:12:08.715 TRACE 55751 --- [    Test worker] o.h.type.descriptor.sql.BasicExtractor   : extracted value ([col_12_0_] : [VARCHAR]) - [null]
2020-06-10 18:12:08.715 TRACE 55751 --- [    Test worker] o.h.type.descriptor.sql.BasicExtractor   : extracted value ([col_13_0_] : [VARCHAR]) - [Helsinki]
2020-06-10 18:12:08.715 TRACE 55751 --- [    Test worker] o.h.type.descriptor.sql.BasicExtractor   : extracted value ([col_0_0_] : [VARCHAR]) - [1.2.2005.4]
2020-06-10 18:12:08.715 TRACE 55751 --- [    Test worker] o.h.type.descriptor.sql.BasicExtractor   : extracted value ([col_1_0_] : [DATE]) - [2010-08-29]
2020-06-10 18:12:08.715 TRACE 55751 --- [    Test worker] o.h.type.descriptor.sql.BasicExtractor   : extracted value ([col_2_0_] : [DATE]) - [null]
2020-06-10 18:12:08.715 TRACE 55751 --- [    Test worker] o.h.type.descriptor.sql.BasicExtractor   : extracted value ([col_3_0_] : [VARCHAR]) - [|1.2.246.562.24.00000000001|1.2.2004.1|1.2.2004.3|]
2020-06-10 18:12:08.715 TRACE 55751 --- [    Test worker] o.h.type.descriptor.sql.BasicExtractor   : extracted value ([col_4_0_] : [VARCHAR]) - [1234568-4]
2020-06-10 18:12:08.715 TRACE 55751 --- [    Test worker] o.h.type.descriptor.sql.BasicExtractor   : extracted value ([col_5_0_] : [VARCHAR]) - [null]
2020-06-10 18:12:08.715 TRACE 55751 --- [    Test worker] o.h.type.descriptor.sql.BasicExtractor   : extracted value ([col_6_0_] : [VARCHAR]) - [null]
2020-06-10 18:12:08.715 TRACE 55751 --- [    Test worker] o.h.type.descriptor.sql.BasicExtractor   : extracted value ([col_7_0_] : [VARCHAR]) - [oppilaitostyyppi_42#1]
2020-06-10 18:12:08.715 TRACE 55751 --- [    Test worker] o.h.type.descriptor.sql.BasicExtractor   : extracted value ([col_8_0_] : [VARCHAR]) - [null]
2020-06-10 18:12:08.715 TRACE 55751 --- [    Test worker] o.h.type.descriptor.sql.BasicExtractor   : extracted value ([col_9_0_] : [VARCHAR]) - [fi]
2020-06-10 18:12:08.715 TRACE 55751 --- [    Test worker] o.h.type.descriptor.sql.BasicExtractor   : extracted value ([col_10_0_] : [VARCHAR]) - [node23 foo bar]
2020-06-10 18:12:08.715 TRACE 55751 --- [    Test worker] o.h.type.descriptor.sql.BasicExtractor   : extracted value ([col_11_0_] : [VARCHAR]) - [organisaatiotyyppi_03]
2020-06-10 18:12:08.715 TRACE 55751 --- [    Test worker] o.h.type.descriptor.sql.BasicExtractor   : extracted value ([col_12_0_] : [VARCHAR]) - [null]
2020-06-10 18:12:08.715 TRACE 55751 --- [    Test worker] o.h.type.descriptor.sql.BasicExtractor   : extracted value ([col_13_0_] : [VARCHAR]) - [Helsinki]
2020-06-10 18:12:08.715 TRACE 55751 --- [    Test worker] o.h.type.descriptor.sql.BasicExtractor   : extracted value ([col_0_0_] : [VARCHAR]) - [1.2.2005.4]
2020-06-10 18:12:08.715 TRACE 55751 --- [    Test worker] o.h.type.descriptor.sql.BasicExtractor   : extracted value ([col_1_0_] : [DATE]) - [2010-08-29]
2020-06-10 18:12:08.715 TRACE 55751 --- [    Test worker] o.h.type.descriptor.sql.BasicExtractor   : extracted value ([col_2_0_] : [DATE]) - [null]
2020-06-10 18:12:08.715 TRACE 55751 --- [    Test worker] o.h.type.descriptor.sql.BasicExtractor   : extracted value ([col_3_0_] : [VARCHAR]) - [|1.2.246.562.24.00000000001|1.2.2004.1|1.2.2004.3|]
2020-06-10 18:12:08.715 TRACE 55751 --- [    Test worker] o.h.type.descriptor.sql.BasicExtractor   : extracted value ([col_4_0_] : [VARCHAR]) - [1234568-4]
2020-06-10 18:12:08.715 TRACE 55751 --- [    Test worker] o.h.type.descriptor.sql.BasicExtractor   : extracted value ([col_5_0_] : [VARCHAR]) - [null]
2020-06-10 18:12:08.715 TRACE 55751 --- [    Test worker] o.h.type.descriptor.sql.BasicExtractor   : extracted value ([col_6_0_] : [VARCHAR]) - [null]
2020-06-10 18:12:08.715 TRACE 55751 --- [    Test worker] o.h.type.descriptor.sql.BasicExtractor   : extracted value ([col_7_0_] : [VARCHAR]) - [oppilaitostyyppi_42#1]
2020-06-10 18:12:08.715 TRACE 55751 --- [    Test worker] o.h.type.descriptor.sql.BasicExtractor   : extracted value ([col_8_0_] : [VARCHAR]) - [null]
2020-06-10 18:12:08.715 TRACE 55751 --- [    Test worker] o.h.type.descriptor.sql.BasicExtractor   : extracted value ([col_9_0_] : [VARCHAR]) - [fi]
2020-06-10 18:12:08.715 TRACE 55751 --- [    Test worker] o.h.type.descriptor.sql.BasicExtractor   : extracted value ([col_10_0_] : [VARCHAR]) - [node23 foo bar]
2020-06-10 18:12:08.715 TRACE 55751 --- [    Test worker] o.h.type.descriptor.sql.BasicExtractor   : extracted value ([col_11_0_] : [VARCHAR]) - [organisaatiotyyppi_02]
2020-06-10 18:12:08.715 TRACE 55751 --- [    Test worker] o.h.type.descriptor.sql.BasicExtractor   : extracted value ([col_12_0_] : [VARCHAR]) - [null]
2020-06-10 18:12:08.715 TRACE 55751 --- [    Test worker] o.h.type.descriptor.sql.BasicExtractor   : extracted value ([col_13_0_] : [VARCHAR]) - [Helsinki]
2020-06-10 18:12:08.715 TRACE 55751 --- [    Test worker] o.h.type.descriptor.sql.BasicExtractor   : extracted value ([col_0_0_] : [VARCHAR]) - [1.2.2005.4]
2020-06-10 18:12:08.715 TRACE 55751 --- [    Test worker] o.h.type.descriptor.sql.BasicExtractor   : extracted value ([col_1_0_] : [DATE]) - [2010-08-29]
2020-06-10 18:12:08.715 TRACE 55751 --- [    Test worker] o.h.type.descriptor.sql.BasicExtractor   : extracted value ([col_2_0_] : [DATE]) - [null]
2020-06-10 18:12:08.715 TRACE 55751 --- [    Test worker] o.h.type.descriptor.sql.BasicExtractor   : extracted value ([col_3_0_] : [VARCHAR]) - [|1.2.246.562.24.00000000001|1.2.2004.1|1.2.2004.3|]
2020-06-10 18:12:08.715 TRACE 55751 --- [    Test worker] o.h.type.descriptor.sql.BasicExtractor   : extracted value ([col_4_0_] : [VARCHAR]) - [1234568-4]
2020-06-10 18:12:08.715 TRACE 55751 --- [    Test worker] o.h.type.descriptor.sql.BasicExtractor   : extracted value ([col_5_0_] : [VARCHAR]) - [null]
2020-06-10 18:12:08.715 TRACE 55751 --- [    Test worker] o.h.type.descriptor.sql.BasicExtractor   : extracted value ([col_6_0_] : [VARCHAR]) - [null]
2020-06-10 18:12:08.715 TRACE 55751 --- [    Test worker] o.h.type.descriptor.sql.BasicExtractor   : extracted value ([col_7_0_] : [VARCHAR]) - [oppilaitostyyppi_42#1]
2020-06-10 18:12:08.715 TRACE 55751 --- [    Test worker] o.h.type.descriptor.sql.BasicExtractor   : extracted value ([col_8_0_] : [VARCHAR]) - [null]
2020-06-10 18:12:08.716 TRACE 55751 --- [    Test worker] o.h.type.descriptor.sql.BasicExtractor   : extracted value ([col_9_0_] : [VARCHAR]) - [fi]
2020-06-10 18:12:08.716 TRACE 55751 --- [    Test worker] o.h.type.descriptor.sql.BasicExtractor   : extracted value ([col_10_0_] : [VARCHAR]) - [node23 foo bar]
2020-06-10 18:12:08.716 TRACE 55751 --- [    Test worker] o.h.type.descriptor.sql.BasicExtractor   : extracted value ([col_11_0_] : [VARCHAR]) - [organisaatiotyyppi_04]
2020-06-10 18:12:08.716 TRACE 55751 --- [    Test worker] o.h.type.descriptor.sql.BasicExtractor   : extracted value ([col_12_0_] : [VARCHAR]) - [null]
2020-06-10 18:12:08.716 TRACE 55751 --- [    Test worker] o.h.type.descriptor.sql.BasicExtractor   : extracted value ([col_13_0_] : [VARCHAR]) - [Helsinki]
2020-06-10 18:12:08.716 TRACE 55751 --- [    Test worker] o.h.type.descriptor.sql.BasicExtractor   : extracted value ([col_0_0_] : [VARCHAR]) - [1.2.2005.5]
2020-06-10 18:12:08.716 TRACE 55751 --- [    Test worker] o.h.type.descriptor.sql.BasicExtractor   : extracted value ([col_1_0_] : [DATE]) - [1960-02-16]
2020-06-10 18:12:08.716 TRACE 55751 --- [    Test worker] o.h.type.descriptor.sql.BasicExtractor   : extracted value ([col_2_0_] : [DATE]) - [null]
2020-06-10 18:12:08.716 TRACE 55751 --- [    Test worker] o.h.type.descriptor.sql.BasicExtractor   : extracted value ([col_3_0_] : [VARCHAR]) - [|1.2.246.562.24.00000000001|1.2.2004.1|1.2.2004.3|1.2.2004.4|]
2020-06-10 18:12:08.716 TRACE 55751 --- [    Test worker] o.h.type.descriptor.sql.BasicExtractor   : extracted value ([col_4_0_] : [VARCHAR]) - [1730639-9]
2020-06-10 18:12:08.716 TRACE 55751 --- [    Test worker] o.h.type.descriptor.sql.BasicExtractor   : extracted value ([col_5_0_] : [VARCHAR]) - [null]
2020-06-10 18:12:08.716 TRACE 55751 --- [    Test worker] o.h.type.descriptor.sql.BasicExtractor   : extracted value ([col_6_0_] : [VARCHAR]) - [null]
2020-06-10 18:12:08.716 TRACE 55751 --- [    Test worker] o.h.type.descriptor.sql.BasicExtractor   : extracted value ([col_7_0_] : [VARCHAR]) - [oppilaitostyyppi_42#1]
2020-06-10 18:12:08.716 TRACE 55751 --- [    Test worker] o.h.type.descriptor.sql.BasicExtractor   : extracted value ([col_8_0_] : [VARCHAR]) - [null]
2020-06-10 18:12:08.716 TRACE 55751 --- [    Test worker] o.h.type.descriptor.sql.BasicExtractor   : extracted value ([col_9_0_] : [VARCHAR]) - [sv]
2020-06-10 18:12:08.716 TRACE 55751 --- [    Test worker] o.h.type.descriptor.sql.BasicExtractor   : extracted value ([col_10_0_] : [VARCHAR]) - [node231 foo bar]
2020-06-10 18:12:08.716 TRACE 55751 --- [    Test worker] o.h.type.descriptor.sql.BasicExtractor   : extracted value ([col_11_0_] : [VARCHAR]) - [organisaatiotyyppi_06]
2020-06-10 18:12:08.716 TRACE 55751 --- [    Test worker] o.h.type.descriptor.sql.BasicExtractor   : extracted value ([col_12_0_] : [VARCHAR]) - [null]
2020-06-10 18:12:08.716 TRACE 55751 --- [    Test worker] o.h.type.descriptor.sql.BasicExtractor   : extracted value ([col_13_0_] : [VARCHAR]) - [Helsinki]
Hibernate: 
    select
        organisaat0_.oid as col_0_0_,
        organisaat0_.alkupvm as col_1_0_,
        organisaat0_.lakkautuspvm as col_2_0_,
        organisaat0_.parentoidpath as col_3_0_,
        organisaat0_.ytunnus as col_4_0_,
        organisaat0_.virastotunnus as col_5_0_,
        organisaat0_.oppilaitoskoodi as col_6_0_,
        organisaat0_.oppilaitos_tyyppi as col_7_0_,
        organisaat0_.toimipistekoodi as col_8_0_,
        values3_.key as col_9_0_,
        values3_.value as col_10_0_,
        tyypit1_.tyypit as col_11_0_,
        kielet4_.kielet as col_12_0_,
        organisaat0_.kotipaikka as col_13_0_ 
    from
        organisaatio organisaat0_ 
    inner join
        organisaatio_tyypit tyypit1_ 
            on organisaat0_.id=tyypit1_.organisaatio_id 
    left outer join
        monikielinen_teksti monikielin2_ 
            on organisaat0_.nimi_mkt=monikielin2_.id 
    left outer join
        monikielinen_teksti_values values3_ 
            on monikielin2_.id=values3_.id 
    left outer join
        organisaatio_kielet kielet4_ 
            on organisaat0_.id=kielet4_.organisaatio_id 
    where
        (
            organisaat0_.lakkautuspvm is null 
            or organisaat0_.lakkautuspvm>=?
        ) 
        and organisaat0_.organisaatio_poistettu=? 
        and tyypit1_.tyypit<>? 
        and (
            organisaat0_.oid in (
                ? , ?
            )
        )
2020-06-10 18:12:08.721 TRACE 55751 --- [    Test worker] o.h.type.descriptor.sql.BasicBinder      : binding parameter [1] as [DATE] - [Wed Jun 10 18:12:08 EEST 2020]
2020-06-10 18:12:08.721 TRACE 55751 --- [    Test worker] o.h.type.descriptor.sql.BasicBinder      : binding parameter [2] as [BOOLEAN] - [false]
2020-06-10 18:12:08.721 TRACE 55751 --- [    Test worker] o.h.type.descriptor.sql.BasicBinder      : binding parameter [3] as [VARCHAR] - [Ryhma]
2020-06-10 18:12:08.721 TRACE 55751 --- [    Test worker] o.h.type.descriptor.sql.BasicBinder      : binding parameter [4] as [VARCHAR] - [1.2.2004.3]
2020-06-10 18:12:08.721 TRACE 55751 --- [    Test worker] o.h.type.descriptor.sql.BasicBinder      : binding parameter [5] as [VARCHAR] - [1.2.2004.1]
2020-06-10 18:12:08.721 TRACE 55751 --- [    Test worker] o.h.type.descriptor.sql.BasicExtractor   : extracted value ([col_0_0_] : [VARCHAR]) - [1.2.2004.1]
2020-06-10 18:12:08.721 TRACE 55751 --- [    Test worker] o.h.type.descriptor.sql.BasicExtractor   : extracted value ([col_1_0_] : [DATE]) - [2004-08-08]
2020-06-10 18:12:08.721 TRACE 55751 --- [    Test worker] o.h.type.descriptor.sql.BasicExtractor   : extracted value ([col_2_0_] : [DATE]) - [null]
2020-06-10 18:12:08.721 TRACE 55751 --- [    Test worker] o.h.type.descriptor.sql.BasicExtractor   : extracted value ([col_3_0_] : [VARCHAR]) - [|1.2.246.562.24.00000000001|]
2020-06-10 18:12:08.721 TRACE 55751 --- [    Test worker] o.h.type.descriptor.sql.BasicExtractor   : extracted value ([col_4_0_] : [VARCHAR]) - [2255802-1]
2020-06-10 18:12:08.721 TRACE 55751 --- [    Test worker] o.h.type.descriptor.sql.BasicExtractor   : extracted value ([col_5_0_] : [VARCHAR]) - [null]
2020-06-10 18:12:08.721 TRACE 55751 --- [    Test worker] o.h.type.descriptor.sql.BasicExtractor   : extracted value ([col_6_0_] : [VARCHAR]) - [12345]
2020-06-10 18:12:08.721 TRACE 55751 --- [    Test worker] o.h.type.descriptor.sql.BasicExtractor   : extracted value ([col_7_0_] : [VARCHAR]) - [null]
2020-06-10 18:12:08.721 TRACE 55751 --- [    Test worker] o.h.type.descriptor.sql.BasicExtractor   : extracted value ([col_8_0_] : [VARCHAR]) - [null]
2020-06-10 18:12:08.721 TRACE 55751 --- [    Test worker] o.h.type.descriptor.sql.BasicExtractor   : extracted value ([col_9_0_] : [VARCHAR]) - [fi]
2020-06-10 18:12:08.721 TRACE 55751 --- [    Test worker] o.h.type.descriptor.sql.BasicExtractor   : extracted value ([col_10_0_] : [VARCHAR]) - [root test koulutustoimija]
2020-06-10 18:12:08.721 TRACE 55751 --- [    Test worker] o.h.type.descriptor.sql.BasicExtractor   : extracted value ([col_11_0_] : [VARCHAR]) - [organisaatiotyyppi_01]
2020-06-10 18:12:08.721 TRACE 55751 --- [    Test worker] o.h.type.descriptor.sql.BasicExtractor   : extracted value ([col_12_0_] : [VARCHAR]) - [null]
2020-06-10 18:12:08.721 TRACE 55751 --- [    Test worker] o.h.type.descriptor.sql.BasicExtractor   : extracted value ([col_13_0_] : [VARCHAR]) - [Helsinki]
2020-06-10 18:12:08.721 TRACE 55751 --- [    Test worker] o.h.type.descriptor.sql.BasicExtractor   : extracted value ([col_0_0_] : [VARCHAR]) - [1.2.2004.1]
2020-06-10 18:12:08.721 TRACE 55751 --- [    Test worker] o.h.type.descriptor.sql.BasicExtractor   : extracted value ([col_1_0_] : [DATE]) - [2004-08-08]
2020-06-10 18:12:08.721 TRACE 55751 --- [    Test worker] o.h.type.descriptor.sql.BasicExtractor   : extracted value ([col_2_0_] : [DATE]) - [null]
2020-06-10 18:12:08.721 TRACE 55751 --- [    Test worker] o.h.type.descriptor.sql.BasicExtractor   : extracted value ([col_3_0_] : [VARCHAR]) - [|1.2.246.562.24.00000000001|]
2020-06-10 18:12:08.721 TRACE 55751 --- [    Test worker] o.h.type.descriptor.sql.BasicExtractor   : extracted value ([col_4_0_] : [VARCHAR]) - [2255802-1]
2020-06-10 18:12:08.721 TRACE 55751 --- [    Test worker] o.h.type.descriptor.sql.BasicExtractor   : extracted value ([col_5_0_] : [VARCHAR]) - [null]
2020-06-10 18:12:08.721 TRACE 55751 --- [    Test worker] o.h.type.descriptor.sql.BasicExtractor   : extracted value ([col_6_0_] : [VARCHAR]) - [12345]
2020-06-10 18:12:08.722 TRACE 55751 --- [    Test worker] o.h.type.descriptor.sql.BasicExtractor   : extracted value ([col_7_0_] : [VARCHAR]) - [null]
2020-06-10 18:12:08.722 TRACE 55751 --- [    Test worker] o.h.type.descriptor.sql.BasicExtractor   : extracted value ([col_8_0_] : [VARCHAR]) - [null]
2020-06-10 18:12:08.722 TRACE 55751 --- [    Test worker] o.h.type.descriptor.sql.BasicExtractor   : extracted value ([col_9_0_] : [VARCHAR]) - [sv]
2020-06-10 18:12:08.722 TRACE 55751 --- [    Test worker] o.h.type.descriptor.sql.BasicExtractor   : extracted value ([col_10_0_] : [VARCHAR]) - [root test utbildningsoperator]
2020-06-10 18:12:08.722 TRACE 55751 --- [    Test worker] o.h.type.descriptor.sql.BasicExtractor   : extracted value ([col_11_0_] : [VARCHAR]) - [organisaatiotyyppi_01]
2020-06-10 18:12:08.722 TRACE 55751 --- [    Test worker] o.h.type.descriptor.sql.BasicExtractor   : extracted value ([col_12_0_] : [VARCHAR]) - [null]
2020-06-10 18:12:08.722 TRACE 55751 --- [    Test worker] o.h.type.descriptor.sql.BasicExtractor   : extracted value ([col_13_0_] : [VARCHAR]) - [Helsinki]
2020-06-10 18:12:08.722 TRACE 55751 --- [    Test worker] o.h.type.descriptor.sql.BasicExtractor   : extracted value ([col_0_0_] : [VARCHAR]) - [1.2.2004.3]
2020-06-10 18:12:08.722 TRACE 55751 --- [    Test worker] o.h.type.descriptor.sql.BasicExtractor   : extracted value ([col_1_0_] : [DATE]) - [null]
2020-06-10 18:12:08.722 TRACE 55751 --- [    Test worker] o.h.type.descriptor.sql.BasicExtractor   : extracted value ([col_2_0_] : [DATE]) - [null]
2020-06-10 18:12:08.722 TRACE 55751 --- [    Test worker] o.h.type.descriptor.sql.BasicExtractor   : extracted value ([col_3_0_] : [VARCHAR]) - [|1.2.246.562.24.00000000001|1.2.2004.1|]
2020-06-10 18:12:08.722 TRACE 55751 --- [    Test worker] o.h.type.descriptor.sql.BasicExtractor   : extracted value ([col_4_0_] : [VARCHAR]) - [1234567-3]
2020-06-10 18:12:08.722 TRACE 55751 --- [    Test worker] o.h.type.descriptor.sql.BasicExtractor   : extracted value ([col_5_0_] : [VARCHAR]) - [null]
2020-06-10 18:12:08.722 TRACE 55751 --- [    Test worker] o.h.type.descriptor.sql.BasicExtractor   : extracted value ([col_6_0_] : [VARCHAR]) - [null]
2020-06-10 18:12:08.722 TRACE 55751 --- [    Test worker] o.h.type.descriptor.sql.BasicExtractor   : extracted value ([col_7_0_] : [VARCHAR]) - [oppilaitostyyppi_42#1]
2020-06-10 18:12:08.722 TRACE 55751 --- [    Test worker] o.h.type.descriptor.sql.BasicExtractor   : extracted value ([col_8_0_] : [VARCHAR]) - [123452]
2020-06-10 18:12:08.722 TRACE 55751 --- [    Test worker] o.h.type.descriptor.sql.BasicExtractor   : extracted value ([col_9_0_] : [VARCHAR]) - [fi]
2020-06-10 18:12:08.722 TRACE 55751 --- [    Test worker] o.h.type.descriptor.sql.BasicExtractor   : extracted value ([col_10_0_] : [VARCHAR]) - [node2 foo]
2020-06-10 18:12:08.722 TRACE 55751 --- [    Test worker] o.h.type.descriptor.sql.BasicExtractor   : extracted value ([col_11_0_] : [VARCHAR]) - [organisaatiotyyppi_03]
2020-06-10 18:12:08.722 TRACE 55751 --- [    Test worker] o.h.type.descriptor.sql.BasicExtractor   : extracted value ([col_12_0_] : [VARCHAR]) - [null]
2020-06-10 18:12:08.722 TRACE 55751 --- [    Test worker] o.h.type.descriptor.sql.BasicExtractor   : extracted value ([col_13_0_] : [VARCHAR]) - [Helsinki]
2020-06-10 18:12:08.722 TRACE 55751 --- [    Test worker] o.h.type.descriptor.sql.BasicExtractor   : extracted value ([col_0_0_] : [VARCHAR]) - [1.2.2004.3]
2020-06-10 18:12:08.722 TRACE 55751 --- [    Test worker] o.h.type.descriptor.sql.BasicExtractor   : extracted value ([col_1_0_] : [DATE]) - [null]
2020-06-10 18:12:08.722 TRACE 55751 --- [    Test worker] o.h.type.descriptor.sql.BasicExtractor   : extracted value ([col_2_0_] : [DATE]) - [null]
2020-06-10 18:12:08.722 TRACE 55751 --- [    Test worker] o.h.type.descriptor.sql.BasicExtractor   : extracted value ([col_3_0_] : [VARCHAR]) - [|1.2.246.562.24.00000000001|1.2.2004.1|]
2020-06-10 18:12:08.722 TRACE 55751 --- [    Test worker] o.h.type.descriptor.sql.BasicExtractor   : extracted value ([col_4_0_] : [VARCHAR]) - [1234567-3]
2020-06-10 18:12:08.722 TRACE 55751 --- [    Test worker] o.h.type.descriptor.sql.BasicExtractor   : extracted value ([col_5_0_] : [VARCHAR]) - [null]
2020-06-10 18:12:08.722 TRACE 55751 --- [    Test worker] o.h.type.descriptor.sql.BasicExtractor   : extracted value ([col_6_0_] : [VARCHAR]) - [null]
2020-06-10 18:12:08.722 TRACE 55751 --- [    Test worker] o.h.type.descriptor.sql.BasicExtractor   : extracted value ([col_7_0_] : [VARCHAR]) - [oppilaitostyyppi_42#1]
2020-06-10 18:12:08.722 TRACE 55751 --- [    Test worker] o.h.type.descriptor.sql.BasicExtractor   : extracted value ([col_8_0_] : [VARCHAR]) - [123452]
2020-06-10 18:12:08.722 TRACE 55751 --- [    Test worker] o.h.type.descriptor.sql.BasicExtractor   : extracted value ([col_9_0_] : [VARCHAR]) - [fi]
2020-06-10 18:12:08.722 TRACE 55751 --- [    Test worker] o.h.type.descriptor.sql.BasicExtractor   : extracted value ([col_10_0_] : [VARCHAR]) - [node2 foo]
2020-06-10 18:12:08.722 TRACE 55751 --- [    Test worker] o.h.type.descriptor.sql.BasicExtractor   : extracted value ([col_11_0_] : [VARCHAR]) - [organisaatiotyyppi_02]
2020-06-10 18:12:08.722 TRACE 55751 --- [    Test worker] o.h.type.descriptor.sql.BasicExtractor   : extracted value ([col_12_0_] : [VARCHAR]) - [null]
2020-06-10 18:12:08.722 TRACE 55751 --- [    Test worker] o.h.type.descriptor.sql.BasicExtractor   : extracted value ([col_13_0_] : [VARCHAR]) - [Helsinki]
2020-06-10 18:12:08.722 TRACE 55751 --- [    Test worker] o.h.type.descriptor.sql.BasicExtractor   : extracted value ([col_0_0_] : [VARCHAR]) - [1.2.2004.3]
2020-06-10 18:12:08.722 TRACE 55751 --- [    Test worker] o.h.type.descriptor.sql.BasicExtractor   : extracted value ([col_1_0_] : [DATE]) - [null]
2020-06-10 18:12:08.722 TRACE 55751 --- [    Test worker] o.h.type.descriptor.sql.BasicExtractor   : extracted value ([col_2_0_] : [DATE]) - [null]
2020-06-10 18:12:08.722 TRACE 55751 --- [    Test worker] o.h.type.descriptor.sql.BasicExtractor   : extracted value ([col_3_0_] : [VARCHAR]) - [|1.2.246.562.24.00000000001|1.2.2004.1|]
2020-06-10 18:12:08.722 TRACE 55751 --- [    Test worker] o.h.type.descriptor.sql.BasicExtractor   : extracted value ([col_4_0_] : [VARCHAR]) - [1234567-3]
2020-06-10 18:12:08.722 TRACE 55751 --- [    Test worker] o.h.type.descriptor.sql.BasicExtractor   : extracted value ([col_5_0_] : [VARCHAR]) - [null]
2020-06-10 18:12:08.722 TRACE 55751 --- [    Test worker] o.h.type.descriptor.sql.BasicExtractor   : extracted value ([col_6_0_] : [VARCHAR]) - [null]
2020-06-10 18:12:08.722 TRACE 55751 --- [    Test worker] o.h.type.descriptor.sql.BasicExtractor   : extracted value ([col_7_0_] : [VARCHAR]) - [oppilaitostyyppi_42#1]
2020-06-10 18:12:08.722 TRACE 55751 --- [    Test worker] o.h.type.descriptor.sql.BasicExtractor   : extracted value ([col_8_0_] : [VARCHAR]) - [123452]
2020-06-10 18:12:08.722 TRACE 55751 --- [    Test worker] o.h.type.descriptor.sql.BasicExtractor   : extracted value ([col_9_0_] : [VARCHAR]) - [fi]
2020-06-10 18:12:08.722 TRACE 55751 --- [    Test worker] o.h.type.descriptor.sql.BasicExtractor   : extracted value ([col_10_0_] : [VARCHAR]) - [node2 foo]
2020-06-10 18:12:08.722 TRACE 55751 --- [    Test worker] o.h.type.descriptor.sql.BasicExtractor   : extracted value ([col_11_0_] : [VARCHAR]) - [organisaatiotyyppi_04]
2020-06-10 18:12:08.722 TRACE 55751 --- [    Test worker] o.h.type.descriptor.sql.BasicExtractor   : extracted value ([col_12_0_] : [VARCHAR]) - [null]
2020-06-10 18:12:08.722 TRACE 55751 --- [    Test worker] o.h.type.descriptor.sql.BasicExtractor   : extracted value ([col_13_0_] : [VARCHAR]) - [Helsinki]
Hibernate: 
    select
        organisaat0_.oid as col_0_0_,
        organisaat0_.alkupvm as col_1_0_,
        organisaat0_.lakkautuspvm as col_2_0_,
        organisaat0_.parentoidpath as col_3_0_,
        organisaat0_.ytunnus as col_4_0_,
        organisaat0_.virastotunnus as col_5_0_,
        organisaat0_.oppilaitoskoodi as col_6_0_,
        organisaat0_.oppilaitos_tyyppi as col_7_0_,
        organisaat0_.toimipistekoodi as col_8_0_,
        values3_.key as col_9_0_,
        values3_.value as col_10_0_,
        tyypit1_.tyypit as col_11_0_,
        kielet4_.kielet as col_12_0_,
        organisaat0_.kotipaikka as col_13_0_ 
    from
        organisaatio organisaat0_ 
    inner join
        organisaatio_tyypit tyypit1_ 
            on organisaat0_.id=tyypit1_.organisaatio_id 
    left outer join
        monikielinen_teksti monikielin2_ 
            on organisaat0_.nimi_mkt=monikielin2_.id 
    left outer join
        monikielinen_teksti_values values3_ 
            on monikielin2_.id=values3_.id 
    left outer join
        organisaatio_kielet kielet4_ 
            on organisaat0_.id=kielet4_.organisaatio_id 
    where
        (
            organisaat0_.lakkautuspvm is null 
            or organisaat0_.lakkautuspvm>=?
        ) 
        and organisaat0_.organisaatio_poistettu=? 
        and tyypit1_.tyypit<>? 
        and (
            organisaat0_.parentoidpath like ? escape '!' 
            or organisaat0_.parentoidpath like ? escape '!'
        )
2020-06-10 18:12:08.725 TRACE 55751 --- [    Test worker] o.h.type.descriptor.sql.BasicBinder      : binding parameter [1] as [DATE] - [Wed Jun 10 18:12:08 EEST 2020]
2020-06-10 18:12:08.725 TRACE 55751 --- [    Test worker] o.h.type.descriptor.sql.BasicBinder      : binding parameter [2] as [BOOLEAN] - [false]
2020-06-10 18:12:08.725 TRACE 55751 --- [    Test worker] o.h.type.descriptor.sql.BasicBinder      : binding parameter [3] as [VARCHAR] - [Ryhma]
2020-06-10 18:12:08.725 TRACE 55751 --- [    Test worker] o.h.type.descriptor.sql.BasicBinder      : binding parameter [4] as [VARCHAR] - [|1.2.246.562.24.00000000001|1.2.2004.1|1.2.2004.3|1.2.2004.4|%]
2020-06-10 18:12:08.725 TRACE 55751 --- [    Test worker] o.h.type.descriptor.sql.BasicBinder      : binding parameter [5] as [VARCHAR] - [|1.2.246.562.24.00000000001|1.2.2004.1|1.2.2004.3|1.2.2005.4|%]
2020-06-10 18:12:08.725 TRACE 55751 --- [    Test worker] o.h.type.descriptor.sql.BasicExtractor   : extracted value ([col_0_0_] : [VARCHAR]) - [1.2.2005.5]
2020-06-10 18:12:08.725 TRACE 55751 --- [    Test worker] o.h.type.descriptor.sql.BasicExtractor   : extracted value ([col_1_0_] : [DATE]) - [1960-02-16]
2020-06-10 18:12:08.725 TRACE 55751 --- [    Test worker] o.h.type.descriptor.sql.BasicExtractor   : extracted value ([col_2_0_] : [DATE]) - [null]
2020-06-10 18:12:08.725 TRACE 55751 --- [    Test worker] o.h.type.descriptor.sql.BasicExtractor   : extracted value ([col_3_0_] : [VARCHAR]) - [|1.2.246.562.24.00000000001|1.2.2004.1|1.2.2004.3|1.2.2004.4|]
2020-06-10 18:12:08.725 TRACE 55751 --- [    Test worker] o.h.type.descriptor.sql.BasicExtractor   : extracted value ([col_4_0_] : [VARCHAR]) - [1730639-9]
2020-06-10 18:12:08.725 TRACE 55751 --- [    Test worker] o.h.type.descriptor.sql.BasicExtractor   : extracted value ([col_5_0_] : [VARCHAR]) - [null]
2020-06-10 18:12:08.726 TRACE 55751 --- [    Test worker] o.h.type.descriptor.sql.BasicExtractor   : extracted value ([col_6_0_] : [VARCHAR]) - [null]
2020-06-10 18:12:08.726 TRACE 55751 --- [    Test worker] o.h.type.descriptor.sql.BasicExtractor   : extracted value ([col_7_0_] : [VARCHAR]) - [oppilaitostyyppi_42#1]
2020-06-10 18:12:08.726 TRACE 55751 --- [    Test worker] o.h.type.descriptor.sql.BasicExtractor   : extracted value ([col_8_0_] : [VARCHAR]) - [null]
2020-06-10 18:12:08.726 TRACE 55751 --- [    Test worker] o.h.type.descriptor.sql.BasicExtractor   : extracted value ([col_9_0_] : [VARCHAR]) - [sv]
2020-06-10 18:12:08.726 TRACE 55751 --- [    Test worker] o.h.type.descriptor.sql.BasicExtractor   : extracted value ([col_10_0_] : [VARCHAR]) - [node231 foo bar]
2020-06-10 18:12:08.726 TRACE 55751 --- [    Test worker] o.h.type.descriptor.sql.BasicExtractor   : extracted value ([col_11_0_] : [VARCHAR]) - [organisaatiotyyppi_06]
2020-06-10 18:12:08.726 TRACE 55751 --- [    Test worker] o.h.type.descriptor.sql.BasicExtractor   : extracted value ([col_12_0_] : [VARCHAR]) - [null]
2020-06-10 18:12:08.726 TRACE 55751 --- [    Test worker] o.h.type.descriptor.sql.BasicExtractor   : extracted value ([col_13_0_] : [VARCHAR]) - [Helsinki]
Hibernate: 
    select
        organisaat0_.oid as col_0_0_,
        count(organisaat2_.id) as col_1_0_ 
    from
        organisaatio organisaat0_ 
    inner join
        organisaatiosuhde childsuhte1_ 
            on organisaat0_.id=childsuhte1_.parent_id 
    inner join
        organisaatio organisaat2_ 
            on childsuhte1_.child_id=organisaat2_.id 
    where
        childsuhte1_.suhdetyyppi<>? 
        and (
            childsuhte1_.loppupvm is null 
            or childsuhte1_.loppupvm>?
        ) 
        and organisaat2_.organisaatio_poistettu=? 
        and (
            organisaat2_.lakkautuspvm is null 
            or organisaat2_.lakkautuspvm>?
        ) 
    group by
        organisaat0_.oid
2020-06-10 18:12:08.727 TRACE 55751 --- [    Test worker] o.h.type.descriptor.sql.BasicBinder      : binding parameter [1] as [VARCHAR] - [LIITOS]
2020-06-10 18:12:08.727 TRACE 55751 --- [    Test worker] o.h.type.descriptor.sql.BasicBinder      : binding parameter [2] as [DATE] - [Wed Jun 10 18:12:08 EEST 2020]
2020-06-10 18:12:08.727 TRACE 55751 --- [    Test worker] o.h.type.descriptor.sql.BasicBinder      : binding parameter [3] as [BOOLEAN] - [false]
2020-06-10 18:12:08.727 TRACE 55751 --- [    Test worker] o.h.type.descriptor.sql.BasicBinder      : binding parameter [4] as [DATE] - [Wed Jun 10 18:12:08 EEST 2020]
2020-06-10 18:12:08.727 TRACE 55751 --- [    Test worker] o.h.type.descriptor.sql.BasicExtractor   : extracted value ([col_0_0_] : [VARCHAR]) - [1.2.2004.4]
2020-06-10 18:12:08.727 TRACE 55751 --- [    Test worker] o.h.type.descriptor.sql.BasicExtractor   : extracted value ([col_1_0_] : [BIGINT]) - [1]
2020-06-10 18:12:08.727 TRACE 55751 --- [    Test worker] o.h.type.descriptor.sql.BasicExtractor   : extracted value ([col_0_0_] : [VARCHAR]) - [1.2.246.562.24.00000000001]
2020-06-10 18:12:08.727 TRACE 55751 --- [    Test worker] o.h.type.descriptor.sql.BasicExtractor   : extracted value ([col_1_0_] : [BIGINT]) - [3]
2020-06-10 18:12:08.727 TRACE 55751 --- [    Test worker] o.h.type.descriptor.sql.BasicExtractor   : extracted value ([col_0_0_] : [VARCHAR]) - [1.2.2004.1]
2020-06-10 18:12:08.727 TRACE 55751 --- [    Test worker] o.h.type.descriptor.sql.BasicExtractor   : extracted value ([col_1_0_] : [BIGINT]) - [2]
2020-06-10 18:12:08.727 TRACE 55751 --- [    Test worker] o.h.type.descriptor.sql.BasicExtractor   : extracted value ([col_0_0_] : [VARCHAR]) - [1.2.2004.3]
2020-06-10 18:12:08.727 TRACE 55751 --- [    Test worker] o.h.type.descriptor.sql.BasicExtractor   : extracted value ([col_1_0_] : [BIGINT]) - [2]
Hibernate: 
    select
        organisaat0_.oid as col_0_0_,
        organisaat0_.alkupvm as col_1_0_,
        organisaat0_.lakkautuspvm as col_2_0_,
        organisaat0_.parentoidpath as col_3_0_,
        organisaat0_.ytunnus as col_4_0_,
        organisaat0_.virastotunnus as col_5_0_,
        organisaat0_.oppilaitoskoodi as col_6_0_,
        organisaat0_.oppilaitos_tyyppi as col_7_0_,
        organisaat0_.toimipistekoodi as col_8_0_,
        values3_.key as col_9_0_,
        values3_.value as col_10_0_,
        tyypit1_.tyypit as col_11_0_,
        kielet4_.kielet as col_12_0_,
        organisaat0_.kotipaikka as col_13_0_ 
    from
        organisaatio organisaat0_ 
    inner join
        organisaatio_tyypit tyypit1_ 
            on organisaat0_.id=tyypit1_.organisaatio_id 
    left outer join
        monikielinen_teksti monikielin2_ 
            on organisaat0_.nimi_mkt=monikielin2_.id 
    left outer join
        monikielinen_teksti_values values3_ 
            on monikielin2_.id=values3_.id 
    left outer join
        organisaatio_kielet kielet4_ 
            on organisaat0_.id=kielet4_.organisaatio_id 
    where
        (
            organisaat0_.lakkautuspvm is null 
            or organisaat0_.lakkautuspvm>=?
        ) 
        and organisaat0_.organisaatio_poistettu=? 
        and tyypit1_.tyypit<>? 
        and (
            organisaat0_.oppilaitos_tyyppi like ? escape '!'
        )
2020-06-10 18:12:08.731 TRACE 55751 --- [    Test worker] o.h.type.descriptor.sql.BasicBinder      : binding parameter [1] as [DATE] - [Wed Jun 10 18:12:08 EEST 2020]
2020-06-10 18:12:08.731 TRACE 55751 --- [    Test worker] o.h.type.descriptor.sql.BasicBinder      : binding parameter [2] as [BOOLEAN] - [false]
2020-06-10 18:12:08.731 TRACE 55751 --- [    Test worker] o.h.type.descriptor.sql.BasicBinder      : binding parameter [3] as [VARCHAR] - [Ryhma]
2020-06-10 18:12:08.731 TRACE 55751 --- [    Test worker] o.h.type.descriptor.sql.BasicBinder      : binding parameter [4] as [VARCHAR] - [oppilaitostyyppi_41#1]
2020-06-10 18:12:08.732 TRACE 55751 --- [    Test worker] o.h.type.descriptor.sql.BasicExtractor   : extracted value ([col_0_0_] : [VARCHAR]) - [1.2.2004.2]
2020-06-10 18:12:08.732 TRACE 55751 --- [    Test worker] o.h.type.descriptor.sql.BasicExtractor   : extracted value ([col_1_0_] : [DATE]) - [2013-06-29]
2020-06-10 18:12:08.732 TRACE 55751 --- [    Test worker] o.h.type.descriptor.sql.BasicExtractor   : extracted value ([col_2_0_] : [DATE]) - [null]
2020-06-10 18:12:08.732 TRACE 55751 --- [    Test worker] o.h.type.descriptor.sql.BasicExtractor   : extracted value ([col_3_0_] : [VARCHAR]) - [|1.2.246.562.24.00000000001|1.2.2004.1|]
2020-06-10 18:12:08.732 TRACE 55751 --- [    Test worker] o.h.type.descriptor.sql.BasicExtractor   : extracted value ([col_4_0_] : [VARCHAR]) - [1234567-2]
2020-06-10 18:12:08.732 TRACE 55751 --- [    Test worker] o.h.type.descriptor.sql.BasicExtractor   : extracted value ([col_5_0_] : [VARCHAR]) - [null]
2020-06-10 18:12:08.732 TRACE 55751 --- [    Test worker] o.h.type.descriptor.sql.BasicExtractor   : extracted value ([col_6_0_] : [VARCHAR]) - [null]
2020-06-10 18:12:08.732 TRACE 55751 --- [    Test worker] o.h.type.descriptor.sql.BasicExtractor   : extracted value ([col_7_0_] : [VARCHAR]) - [oppilaitostyyppi_41#1]
2020-06-10 18:12:08.732 TRACE 55751 --- [    Test worker] o.h.type.descriptor.sql.BasicExtractor   : extracted value ([col_8_0_] : [VARCHAR]) - [123451]
2020-06-10 18:12:08.732 TRACE 55751 --- [    Test worker] o.h.type.descriptor.sql.BasicExtractor   : extracted value ([col_9_0_] : [VARCHAR]) - [fi]
2020-06-10 18:12:08.732 TRACE 55751 --- [    Test worker] o.h.type.descriptor.sql.BasicExtractor   : extracted value ([col_10_0_] : [VARCHAR]) - [node1 asd]
2020-06-10 18:12:08.732 TRACE 55751 --- [    Test worker] o.h.type.descriptor.sql.BasicExtractor   : extracted value ([col_11_0_] : [VARCHAR]) - [organisaatiotyyppi_03]
2020-06-10 18:12:08.732 TRACE 55751 --- [    Test worker] o.h.type.descriptor.sql.BasicExtractor   : extracted value ([col_12_0_] : [VARCHAR]) - [null]
2020-06-10 18:12:08.732 TRACE 55751 --- [    Test worker] o.h.type.descriptor.sql.BasicExtractor   : extracted value ([col_13_0_] : [VARCHAR]) - [Helsinki]
2020-06-10 18:12:08.732 TRACE 55751 --- [    Test worker] o.h.type.descriptor.sql.BasicExtractor   : extracted value ([col_0_0_] : [VARCHAR]) - [1.2.2004.2]
2020-06-10 18:12:08.732 TRACE 55751 --- [    Test worker] o.h.type.descriptor.sql.BasicExtractor   : extracted value ([col_1_0_] : [DATE]) - [2013-06-29]
2020-06-10 18:12:08.732 TRACE 55751 --- [    Test worker] o.h.type.descriptor.sql.BasicExtractor   : extracted value ([col_2_0_] : [DATE]) - [null]
2020-06-10 18:12:08.732 TRACE 55751 --- [    Test worker] o.h.type.descriptor.sql.BasicExtractor   : extracted value ([col_3_0_] : [VARCHAR]) - [|1.2.246.562.24.00000000001|1.2.2004.1|]
2020-06-10 18:12:08.732 TRACE 55751 --- [    Test worker] o.h.type.descriptor.sql.BasicExtractor   : extracted value ([col_4_0_] : [VARCHAR]) - [1234567-2]
2020-06-10 18:12:08.732 TRACE 55751 --- [    Test worker] o.h.type.descriptor.sql.BasicExtractor   : extracted value ([col_5_0_] : [VARCHAR]) - [null]
2020-06-10 18:12:08.732 TRACE 55751 --- [    Test worker] o.h.type.descriptor.sql.BasicExtractor   : extracted value ([col_6_0_] : [VARCHAR]) - [null]
2020-06-10 18:12:08.732 TRACE 55751 --- [    Test worker] o.h.type.descriptor.sql.BasicExtractor   : extracted value ([col_7_0_] : [VARCHAR]) - [oppilaitostyyppi_41#1]
2020-06-10 18:12:08.732 TRACE 55751 --- [    Test worker] o.h.type.descriptor.sql.BasicExtractor   : extracted value ([col_8_0_] : [VARCHAR]) - [123451]
2020-06-10 18:12:08.732 TRACE 55751 --- [    Test worker] o.h.type.descriptor.sql.BasicExtractor   : extracted value ([col_9_0_] : [VARCHAR]) - [fi]
2020-06-10 18:12:08.732 TRACE 55751 --- [    Test worker] o.h.type.descriptor.sql.BasicExtractor   : extracted value ([col_10_0_] : [VARCHAR]) - [node1 asd]
2020-06-10 18:12:08.732 TRACE 55751 --- [    Test worker] o.h.type.descriptor.sql.BasicExtractor   : extracted value ([col_11_0_] : [VARCHAR]) - [organisaatiotyyppi_02]
2020-06-10 18:12:08.732 TRACE 55751 --- [    Test worker] o.h.type.descriptor.sql.BasicExtractor   : extracted value ([col_12_0_] : [VARCHAR]) - [null]
2020-06-10 18:12:08.732 TRACE 55751 --- [    Test worker] o.h.type.descriptor.sql.BasicExtractor   : extracted value ([col_13_0_] : [VARCHAR]) - [Helsinki]
2020-06-10 18:12:08.732 TRACE 55751 --- [    Test worker] o.h.type.descriptor.sql.BasicExtractor   : extracted value ([col_0_0_] : [VARCHAR]) - [1.2.2004.2]
2020-06-10 18:12:08.732 TRACE 55751 --- [    Test worker] o.h.type.descriptor.sql.BasicExtractor   : extracted value ([col_1_0_] : [DATE]) - [2013-06-29]
2020-06-10 18:12:08.732 TRACE 55751 --- [    Test worker] o.h.type.descriptor.sql.BasicExtractor   : extracted value ([col_2_0_] : [DATE]) - [null]
2020-06-10 18:12:08.732 TRACE 55751 --- [    Test worker] o.h.type.descriptor.sql.BasicExtractor   : extracted value ([col_3_0_] : [VARCHAR]) - [|1.2.246.562.24.00000000001|1.2.2004.1|]
2020-06-10 18:12:08.732 TRACE 55751 --- [    Test worker] o.h.type.descriptor.sql.BasicExtractor   : extracted value ([col_4_0_] : [VARCHAR]) - [1234567-2]
2020-06-10 18:12:08.732 TRACE 55751 --- [    Test worker] o.h.type.descriptor.sql.BasicExtractor   : extracted value ([col_5_0_] : [VARCHAR]) - [null]
2020-06-10 18:12:08.732 TRACE 55751 --- [    Test worker] o.h.type.descriptor.sql.BasicExtractor   : extracted value ([col_6_0_] : [VARCHAR]) - [null]
2020-06-10 18:12:08.732 TRACE 55751 --- [    Test worker] o.h.type.descriptor.sql.BasicExtractor   : extracted value ([col_7_0_] : [VARCHAR]) - [oppilaitostyyppi_41#1]
2020-06-10 18:12:08.732 TRACE 55751 --- [    Test worker] o.h.type.descriptor.sql.BasicExtractor   : extracted value ([col_8_0_] : [VARCHAR]) - [123451]
2020-06-10 18:12:08.732 TRACE 55751 --- [    Test worker] o.h.type.descriptor.sql.BasicExtractor   : extracted value ([col_9_0_] : [VARCHAR]) - [fi]
2020-06-10 18:12:08.732 TRACE 55751 --- [    Test worker] o.h.type.descriptor.sql.BasicExtractor   : extracted value ([col_10_0_] : [VARCHAR]) - [node1 asd]
2020-06-10 18:12:08.732 TRACE 55751 --- [    Test worker] o.h.type.descriptor.sql.BasicExtractor   : extracted value ([col_11_0_] : [VARCHAR]) - [organisaatiotyyppi_04]
2020-06-10 18:12:08.732 TRACE 55751 --- [    Test worker] o.h.type.descriptor.sql.BasicExtractor   : extracted value ([col_12_0_] : [VARCHAR]) - [null]
2020-06-10 18:12:08.732 TRACE 55751 --- [    Test worker] o.h.type.descriptor.sql.BasicExtractor   : extracted value ([col_13_0_] : [VARCHAR]) - [Helsinki]
Hibernate: 
    select
        organisaat0_.oid as col_0_0_,
        organisaat0_.alkupvm as col_1_0_,
        organisaat0_.lakkautuspvm as col_2_0_,
        organisaat0_.parentoidpath as col_3_0_,
        organisaat0_.ytunnus as col_4_0_,
        organisaat0_.virastotunnus as col_5_0_,
        organisaat0_.oppilaitoskoodi as col_6_0_,
        organisaat0_.oppilaitos_tyyppi as col_7_0_,
        organisaat0_.toimipistekoodi as col_8_0_,
        values3_.key as col_9_0_,
        values3_.value as col_10_0_,
        tyypit1_.tyypit as col_11_0_,
        kielet4_.kielet as col_12_0_,
        organisaat0_.kotipaikka as col_13_0_ 
    from
        organisaatio organisaat0_ 
    inner join
        organisaatio_tyypit tyypit1_ 
            on organisaat0_.id=tyypit1_.organisaatio_id 
    left outer join
        monikielinen_teksti monikielin2_ 
            on organisaat0_.nimi_mkt=monikielin2_.id 
    left outer join
        monikielinen_teksti_values values3_ 
            on monikielin2_.id=values3_.id 
    left outer join
        organisaatio_kielet kielet4_ 
            on organisaat0_.id=kielet4_.organisaatio_id 
    where
        (
            organisaat0_.lakkautuspvm is null 
            or organisaat0_.lakkautuspvm>=?
        ) 
        and organisaat0_.organisaatio_poistettu=? 
        and tyypit1_.tyypit<>? 
        and organisaat0_.oid=?
2020-06-10 18:12:08.736 TRACE 55751 --- [    Test worker] o.h.type.descriptor.sql.BasicBinder      : binding parameter [1] as [DATE] - [Wed Jun 10 18:12:08 EEST 2020]
2020-06-10 18:12:08.736 TRACE 55751 --- [    Test worker] o.h.type.descriptor.sql.BasicBinder      : binding parameter [2] as [BOOLEAN] - [false]
2020-06-10 18:12:08.736 TRACE 55751 --- [    Test worker] o.h.type.descriptor.sql.BasicBinder      : binding parameter [3] as [VARCHAR] - [Ryhma]
2020-06-10 18:12:08.736 TRACE 55751 --- [    Test worker] o.h.type.descriptor.sql.BasicBinder      : binding parameter [4] as [VARCHAR] - [1.2.2004.1]
2020-06-10 18:12:08.736 TRACE 55751 --- [    Test worker] o.h.type.descriptor.sql.BasicExtractor   : extracted value ([col_0_0_] : [VARCHAR]) - [1.2.2004.1]
2020-06-10 18:12:08.736 TRACE 55751 --- [    Test worker] o.h.type.descriptor.sql.BasicExtractor   : extracted value ([col_1_0_] : [DATE]) - [2004-08-08]
2020-06-10 18:12:08.736 TRACE 55751 --- [    Test worker] o.h.type.descriptor.sql.BasicExtractor   : extracted value ([col_2_0_] : [DATE]) - [null]
2020-06-10 18:12:08.736 TRACE 55751 --- [    Test worker] o.h.type.descriptor.sql.BasicExtractor   : extracted value ([col_3_0_] : [VARCHAR]) - [|1.2.246.562.24.00000000001|]
2020-06-10 18:12:08.736 TRACE 55751 --- [    Test worker] o.h.type.descriptor.sql.BasicExtractor   : extracted value ([col_4_0_] : [VARCHAR]) - [2255802-1]
2020-06-10 18:12:08.736 TRACE 55751 --- [    Test worker] o.h.type.descriptor.sql.BasicExtractor   : extracted value ([col_5_0_] : [VARCHAR]) - [null]
2020-06-10 18:12:08.736 TRACE 55751 --- [    Test worker] o.h.type.descriptor.sql.BasicExtractor   : extracted value ([col_6_0_] : [VARCHAR]) - [12345]
2020-06-10 18:12:08.736 TRACE 55751 --- [    Test worker] o.h.type.descriptor.sql.BasicExtractor   : extracted value ([col_7_0_] : [VARCHAR]) - [null]
2020-06-10 18:12:08.736 TRACE 55751 --- [    Test worker] o.h.type.descriptor.sql.BasicExtractor   : extracted value ([col_8_0_] : [VARCHAR]) - [null]
2020-06-10 18:12:08.736 TRACE 55751 --- [    Test worker] o.h.type.descriptor.sql.BasicExtractor   : extracted value ([col_9_0_] : [VARCHAR]) - [fi]
2020-06-10 18:12:08.736 TRACE 55751 --- [    Test worker] o.h.type.descriptor.sql.BasicExtractor   : extracted value ([col_10_0_] : [VARCHAR]) - [root test koulutustoimija]
2020-06-10 18:12:08.736 TRACE 55751 --- [    Test worker] o.h.type.descriptor.sql.BasicExtractor   : extracted value ([col_11_0_] : [VARCHAR]) - [organisaatiotyyppi_01]
2020-06-10 18:12:08.736 TRACE 55751 --- [    Test worker] o.h.type.descriptor.sql.BasicExtractor   : extracted value ([col_12_0_] : [VARCHAR]) - [null]
2020-06-10 18:12:08.736 TRACE 55751 --- [    Test worker] o.h.type.descriptor.sql.BasicExtractor   : extracted value ([col_13_0_] : [VARCHAR]) - [Helsinki]
2020-06-10 18:12:08.736 TRACE 55751 --- [    Test worker] o.h.type.descriptor.sql.BasicExtractor   : extracted value ([col_0_0_] : [VARCHAR]) - [1.2.2004.1]
2020-06-10 18:12:08.736 TRACE 55751 --- [    Test worker] o.h.type.descriptor.sql.BasicExtractor   : extracted value ([col_1_0_] : [DATE]) - [2004-08-08]
2020-06-10 18:12:08.736 TRACE 55751 --- [    Test worker] o.h.type.descriptor.sql.BasicExtractor   : extracted value ([col_2_0_] : [DATE]) - [null]
2020-06-10 18:12:08.736 TRACE 55751 --- [    Test worker] o.h.type.descriptor.sql.BasicExtractor   : extracted value ([col_3_0_] : [VARCHAR]) - [|1.2.246.562.24.00000000001|]
2020-06-10 18:12:08.736 TRACE 55751 --- [    Test worker] o.h.type.descriptor.sql.BasicExtractor   : extracted value ([col_4_0_] : [VARCHAR]) - [2255802-1]
2020-06-10 18:12:08.736 TRACE 55751 --- [    Test worker] o.h.type.descriptor.sql.BasicExtractor   : extracted value ([col_5_0_] : [VARCHAR]) - [null]
2020-06-10 18:12:08.736 TRACE 55751 --- [    Test worker] o.h.type.descriptor.sql.BasicExtractor   : extracted value ([col_6_0_] : [VARCHAR]) - [12345]
2020-06-10 18:12:08.736 TRACE 55751 --- [    Test worker] o.h.type.descriptor.sql.BasicExtractor   : extracted value ([col_7_0_] : [VARCHAR]) - [null]
2020-06-10 18:12:08.736 TRACE 55751 --- [    Test worker] o.h.type.descriptor.sql.BasicExtractor   : extracted value ([col_8_0_] : [VARCHAR]) - [null]
2020-06-10 18:12:08.736 TRACE 55751 --- [    Test worker] o.h.type.descriptor.sql.BasicExtractor   : extracted value ([col_9_0_] : [VARCHAR]) - [sv]
2020-06-10 18:12:08.736 TRACE 55751 --- [    Test worker] o.h.type.descriptor.sql.BasicExtractor   : extracted value ([col_10_0_] : [VARCHAR]) - [root test utbildningsoperator]
2020-06-10 18:12:08.736 TRACE 55751 --- [    Test worker] o.h.type.descriptor.sql.BasicExtractor   : extracted value ([col_11_0_] : [VARCHAR]) - [organisaatiotyyppi_01]
2020-06-10 18:12:08.736 TRACE 55751 --- [    Test worker] o.h.type.descriptor.sql.BasicExtractor   : extracted value ([col_12_0_] : [VARCHAR]) - [null]
2020-06-10 18:12:08.736 TRACE 55751 --- [    Test worker] o.h.type.descriptor.sql.BasicExtractor   : extracted value ([col_13_0_] : [VARCHAR]) - [Helsinki]
Hibernate: 
    select
        organisaat0_.oid as col_0_0_,
        organisaat0_.alkupvm as col_1_0_,
        organisaat0_.lakkautuspvm as col_2_0_,
        organisaat0_.parentoidpath as col_3_0_,
        organisaat0_.ytunnus as col_4_0_,
        organisaat0_.virastotunnus as col_5_0_,
        organisaat0_.oppilaitoskoodi as col_6_0_,
        organisaat0_.oppilaitos_tyyppi as col_7_0_,
        organisaat0_.toimipistekoodi as col_8_0_,
        values3_.key as col_9_0_,
        values3_.value as col_10_0_,
        tyypit1_.tyypit as col_11_0_,
        kielet4_.kielet as col_12_0_,
        organisaat0_.kotipaikka as col_13_0_ 
    from
        organisaatio organisaat0_ 
    inner join
        organisaatio_tyypit tyypit1_ 
            on organisaat0_.id=tyypit1_.organisaatio_id 
    left outer join
        monikielinen_teksti monikielin2_ 
            on organisaat0_.nimi_mkt=monikielin2_.id 
    left outer join
        monikielinen_teksti_values values3_ 
            on monikielin2_.id=values3_.id 
    left outer join
        organisaatio_kielet kielet4_ 
            on organisaat0_.id=kielet4_.organisaatio_id 
    where
        (
            organisaat0_.lakkautuspvm is null 
            or organisaat0_.lakkautuspvm>=?
        ) 
        and organisaat0_.organisaatio_poistettu=? 
        and tyypit1_.tyypit<>? 
        and (
            organisaat0_.parentoidpath like ? escape '!'
        )
2020-06-10 18:12:08.740 TRACE 55751 --- [    Test worker] o.h.type.descriptor.sql.BasicBinder      : binding parameter [1] as [DATE] - [Wed Jun 10 18:12:08 EEST 2020]
2020-06-10 18:12:08.740 TRACE 55751 --- [    Test worker] o.h.type.descriptor.sql.BasicBinder      : binding parameter [2] as [BOOLEAN] - [false]
2020-06-10 18:12:08.740 TRACE 55751 --- [    Test worker] o.h.type.descriptor.sql.BasicBinder      : binding parameter [3] as [VARCHAR] - [Ryhma]
2020-06-10 18:12:08.740 TRACE 55751 --- [    Test worker] o.h.type.descriptor.sql.BasicBinder      : binding parameter [4] as [VARCHAR] - [|1.2.246.562.24.00000000001|1.2.2004.1|1.2.2004.2|%]
Hibernate: 
    select
        organisaat0_.oid as col_0_0_,
        count(organisaat2_.id) as col_1_0_ 
    from
        organisaatio organisaat0_ 
    inner join
        organisaatiosuhde childsuhte1_ 
            on organisaat0_.id=childsuhte1_.parent_id 
    inner join
        organisaatio organisaat2_ 
            on childsuhte1_.child_id=organisaat2_.id 
    where
        childsuhte1_.suhdetyyppi<>? 
        and (
            childsuhte1_.loppupvm is null 
            or childsuhte1_.loppupvm>?
        ) 
        and organisaat2_.organisaatio_poistettu=? 
        and (
            organisaat2_.lakkautuspvm is null 
            or organisaat2_.lakkautuspvm>?
        ) 
    group by
        organisaat0_.oid
2020-06-10 18:12:08.741 TRACE 55751 --- [    Test worker] o.h.type.descriptor.sql.BasicBinder      : binding parameter [1] as [VARCHAR] - [LIITOS]
2020-06-10 18:12:08.741 TRACE 55751 --- [    Test worker] o.h.type.descriptor.sql.BasicBinder      : binding parameter [2] as [DATE] - [Wed Jun 10 18:12:08 EEST 2020]
2020-06-10 18:12:08.741 TRACE 55751 --- [    Test worker] o.h.type.descriptor.sql.BasicBinder      : binding parameter [3] as [BOOLEAN] - [false]
2020-06-10 18:12:08.741 TRACE 55751 --- [    Test worker] o.h.type.descriptor.sql.BasicBinder      : binding parameter [4] as [DATE] - [Wed Jun 10 18:12:08 EEST 2020]
2020-06-10 18:12:08.741 TRACE 55751 --- [    Test worker] o.h.type.descriptor.sql.BasicExtractor   : extracted value ([col_0_0_] : [VARCHAR]) - [1.2.2004.4]
2020-06-10 18:12:08.741 TRACE 55751 --- [    Test worker] o.h.type.descriptor.sql.BasicExtractor   : extracted value ([col_1_0_] : [BIGINT]) - [1]
2020-06-10 18:12:08.741 TRACE 55751 --- [    Test worker] o.h.type.descriptor.sql.BasicExtractor   : extracted value ([col_0_0_] : [VARCHAR]) - [1.2.246.562.24.00000000001]
2020-06-10 18:12:08.741 TRACE 55751 --- [    Test worker] o.h.type.descriptor.sql.BasicExtractor   : extracted value ([col_1_0_] : [BIGINT]) - [3]
2020-06-10 18:12:08.741 TRACE 55751 --- [    Test worker] o.h.type.descriptor.sql.BasicExtractor   : extracted value ([col_0_0_] : [VARCHAR]) - [1.2.2004.1]
2020-06-10 18:12:08.741 TRACE 55751 --- [    Test worker] o.h.type.descriptor.sql.BasicExtractor   : extracted value ([col_1_0_] : [BIGINT]) - [2]
2020-06-10 18:12:08.741 TRACE 55751 --- [    Test worker] o.h.type.descriptor.sql.BasicExtractor   : extracted value ([col_0_0_] : [VARCHAR]) - [1.2.2004.3]
2020-06-10 18:12:08.741 TRACE 55751 --- [    Test worker] o.h.type.descriptor.sql.BasicExtractor   : extracted value ([col_1_0_] : [BIGINT]) - [2]
Hibernate: 
    select
        organisaat0_.oid as col_0_0_,
        organisaat0_.alkupvm as col_1_0_,
        organisaat0_.lakkautuspvm as col_2_0_,
        organisaat0_.parentoidpath as col_3_0_,
        organisaat0_.ytunnus as col_4_0_,
        organisaat0_.virastotunnus as col_5_0_,
        organisaat0_.oppilaitoskoodi as col_6_0_,
        organisaat0_.oppilaitos_tyyppi as col_7_0_,
        organisaat0_.toimipistekoodi as col_8_0_,
        values3_.key as col_9_0_,
        values3_.value as col_10_0_,
        tyypit1_.tyypit as col_11_0_,
        kielet4_.kielet as col_12_0_,
        organisaat0_.kotipaikka as col_13_0_ 
    from
        organisaatio organisaat0_ 
    inner join
        organisaatio_tyypit tyypit1_ 
            on organisaat0_.id=tyypit1_.organisaatio_id 
    left outer join
        monikielinen_teksti monikielin2_ 
            on organisaat0_.nimi_mkt=monikielin2_.id 
    left outer join
        monikielinen_teksti_values values3_ 
            on monikielin2_.id=values3_.id 
    left outer join
        organisaatio_kielet kielet4_ 
            on organisaat0_.id=kielet4_.organisaatio_id 
    where
        (
            organisaat0_.lakkautuspvm is null 
            or organisaat0_.lakkautuspvm>=?
        ) 
        and organisaat0_.organisaatio_poistettu=? 
        and (
            organisaat0_.id in (
                select
                    organisaat5_.id 
                from
                    organisaatio organisaat5_ 
                inner join
                    organisaatio_tyypit tyypit6_ 
                        on organisaat5_.id=tyypit6_.organisaatio_id 
                where
                    tyypit6_.tyypit=?
            )
        )
2020-06-10 18:12:08.743 TRACE 55751 --- [    Test worker] o.h.type.descriptor.sql.BasicBinder      : binding parameter [1] as [DATE] - [Wed Jun 10 18:12:08 EEST 2020]
2020-06-10 18:12:08.743 TRACE 55751 --- [    Test worker] o.h.type.descriptor.sql.BasicBinder      : binding parameter [2] as [BOOLEAN] - [false]
2020-06-10 18:12:08.743 TRACE 55751 --- [    Test worker] o.h.type.descriptor.sql.BasicBinder      : binding parameter [3] as [VARCHAR] - [organisaatiotyyppi_07]
2020-06-10 18:12:08.743 TRACE 55751 --- [    Test worker] o.h.type.descriptor.sql.BasicExtractor   : extracted value ([col_0_0_] : [VARCHAR]) - [1.2.8000.1]
2020-06-10 18:12:08.743 TRACE 55751 --- [    Test worker] o.h.type.descriptor.sql.BasicExtractor   : extracted value ([col_1_0_] : [DATE]) - [null]
2020-06-10 18:12:08.743 TRACE 55751 --- [    Test worker] o.h.type.descriptor.sql.BasicExtractor   : extracted value ([col_2_0_] : [DATE]) - [null]
2020-06-10 18:12:08.743 TRACE 55751 --- [    Test worker] o.h.type.descriptor.sql.BasicExtractor   : extracted value ([col_3_0_] : [VARCHAR]) - [|1.2.246.562.24.00000000001|]
2020-06-10 18:12:08.743 TRACE 55751 --- [    Test worker] o.h.type.descriptor.sql.BasicExtractor   : extracted value ([col_4_0_] : [VARCHAR]) - [1234569-5]
2020-06-10 18:12:08.743 TRACE 55751 --- [    Test worker] o.h.type.descriptor.sql.BasicExtractor   : extracted value ([col_5_0_] : [VARCHAR]) - [null]
2020-06-10 18:12:08.743 TRACE 55751 --- [    Test worker] o.h.type.descriptor.sql.BasicExtractor   : extracted value ([col_6_0_] : [VARCHAR]) - [null]
2020-06-10 18:12:08.743 TRACE 55751 --- [    Test worker] o.h.type.descriptor.sql.BasicExtractor   : extracted value ([col_7_0_] : [VARCHAR]) - [oppilaitostyyppi_42#1]
2020-06-10 18:12:08.743 TRACE 55751 --- [    Test worker] o.h.type.descriptor.sql.BasicExtractor   : extracted value ([col_8_0_] : [VARCHAR]) - [null]
2020-06-10 18:12:08.743 TRACE 55751 --- [    Test worker] o.h.type.descriptor.sql.BasicExtractor   : extracted value ([col_9_0_] : [VARCHAR]) - [fi]
2020-06-10 18:12:08.743 TRACE 55751 --- [    Test worker] o.h.type.descriptor.sql.BasicExtractor   : extracted value ([col_10_0_] : [VARCHAR]) - [node23 foo bar]
2020-06-10 18:12:08.743 TRACE 55751 --- [    Test worker] o.h.type.descriptor.sql.BasicExtractor   : extracted value ([col_11_0_] : [VARCHAR]) - [organisaatiotyyppi_02]
2020-06-10 18:12:08.743 TRACE 55751 --- [    Test worker] o.h.type.descriptor.sql.BasicExtractor   : extracted value ([col_12_0_] : [VARCHAR]) - [oppilaitoksenopetuskieli_1#1]
2020-06-10 18:12:08.743 TRACE 55751 --- [    Test worker] o.h.type.descriptor.sql.BasicExtractor   : extracted value ([col_13_0_] : [VARCHAR]) - [Helsinki]
2020-06-10 18:12:08.743 TRACE 55751 --- [    Test worker] o.h.type.descriptor.sql.BasicExtractor   : extracted value ([col_0_0_] : [VARCHAR]) - [1.2.8000.1]
2020-06-10 18:12:08.743 TRACE 55751 --- [    Test worker] o.h.type.descriptor.sql.BasicExtractor   : extracted value ([col_1_0_] : [DATE]) - [null]
2020-06-10 18:12:08.743 TRACE 55751 --- [    Test worker] o.h.type.descriptor.sql.BasicExtractor   : extracted value ([col_2_0_] : [DATE]) - [null]
2020-06-10 18:12:08.743 TRACE 55751 --- [    Test worker] o.h.type.descriptor.sql.BasicExtractor   : extracted value ([col_3_0_] : [VARCHAR]) - [|1.2.246.562.24.00000000001|]
2020-06-10 18:12:08.743 TRACE 55751 --- [    Test worker] o.h.type.descriptor.sql.BasicExtractor   : extracted value ([col_4_0_] : [VARCHAR]) - [1234569-5]
2020-06-10 18:12:08.743 TRACE 55751 --- [    Test worker] o.h.type.descriptor.sql.BasicExtractor   : extracted value ([col_5_0_] : [VARCHAR]) - [null]
2020-06-10 18:12:08.743 TRACE 55751 --- [    Test worker] o.h.type.descriptor.sql.BasicExtractor   : extracted value ([col_6_0_] : [VARCHAR]) - [null]
2020-06-10 18:12:08.744 TRACE 55751 --- [    Test worker] o.h.type.descriptor.sql.BasicExtractor   : extracted value ([col_7_0_] : [VARCHAR]) - [oppilaitostyyppi_42#1]
2020-06-10 18:12:08.744 TRACE 55751 --- [    Test worker] o.h.type.descriptor.sql.BasicExtractor   : extracted value ([col_8_0_] : [VARCHAR]) - [null]
2020-06-10 18:12:08.744 TRACE 55751 --- [    Test worker] o.h.type.descriptor.sql.BasicExtractor   : extracted value ([col_9_0_] : [VARCHAR]) - [fi]
2020-06-10 18:12:08.744 TRACE 55751 --- [    Test worker] o.h.type.descriptor.sql.BasicExtractor   : extracted value ([col_10_0_] : [VARCHAR]) - [node23 foo bar]
2020-06-10 18:12:08.744 TRACE 55751 --- [    Test worker] o.h.type.descriptor.sql.BasicExtractor   : extracted value ([col_11_0_] : [VARCHAR]) - [organisaatiotyyppi_02]
2020-06-10 18:12:08.744 TRACE 55751 --- [    Test worker] o.h.type.descriptor.sql.BasicExtractor   : extracted value ([col_12_0_] : [VARCHAR]) - [oppilaitoksenopetuskieli_2#1]
2020-06-10 18:12:08.744 TRACE 55751 --- [    Test worker] o.h.type.descriptor.sql.BasicExtractor   : extracted value ([col_13_0_] : [VARCHAR]) - [Helsinki]
2020-06-10 18:12:08.744 TRACE 55751 --- [    Test worker] o.h.type.descriptor.sql.BasicExtractor   : extracted value ([col_0_0_] : [VARCHAR]) - [1.2.8000.1]
2020-06-10 18:12:08.744 TRACE 55751 --- [    Test worker] o.h.type.descriptor.sql.BasicExtractor   : extracted value ([col_1_0_] : [DATE]) - [null]
2020-06-10 18:12:08.744 TRACE 55751 --- [    Test worker] o.h.type.descriptor.sql.BasicExtractor   : extracted value ([col_2_0_] : [DATE]) - [null]
2020-06-10 18:12:08.744 TRACE 55751 --- [    Test worker] o.h.type.descriptor.sql.BasicExtractor   : extracted value ([col_3_0_] : [VARCHAR]) - [|1.2.246.562.24.00000000001|]
2020-06-10 18:12:08.744 TRACE 55751 --- [    Test worker] o.h.type.descriptor.sql.BasicExtractor   : extracted value ([col_4_0_] : [VARCHAR]) - [1234569-5]
2020-06-10 18:12:08.744 TRACE 55751 --- [    Test worker] o.h.type.descriptor.sql.BasicExtractor   : extracted value ([col_5_0_] : [VARCHAR]) - [null]
2020-06-10 18:12:08.744 TRACE 55751 --- [    Test worker] o.h.type.descriptor.sql.BasicExtractor   : extracted value ([col_6_0_] : [VARCHAR]) - [null]
2020-06-10 18:12:08.744 TRACE 55751 --- [    Test worker] o.h.type.descriptor.sql.BasicExtractor   : extracted value ([col_7_0_] : [VARCHAR]) - [oppilaitostyyppi_42#1]
2020-06-10 18:12:08.744 TRACE 55751 --- [    Test worker] o.h.type.descriptor.sql.BasicExtractor   : extracted value ([col_8_0_] : [VARCHAR]) - [null]
2020-06-10 18:12:08.744 TRACE 55751 --- [    Test worker] o.h.type.descriptor.sql.BasicExtractor   : extracted value ([col_9_0_] : [VARCHAR]) - [fi]
2020-06-10 18:12:08.744 TRACE 55751 --- [    Test worker] o.h.type.descriptor.sql.BasicExtractor   : extracted value ([col_10_0_] : [VARCHAR]) - [node23 foo bar]
2020-06-10 18:12:08.744 TRACE 55751 --- [    Test worker] o.h.type.descriptor.sql.BasicExtractor   : extracted value ([col_11_0_] : [VARCHAR]) - [organisaatiotyyppi_02]
2020-06-10 18:12:08.744 TRACE 55751 --- [    Test worker] o.h.type.descriptor.sql.BasicExtractor   : extracted value ([col_12_0_] : [VARCHAR]) - [oppilaitoksenopetuskieli_3#1]
2020-06-10 18:12:08.744 TRACE 55751 --- [    Test worker] o.h.type.descriptor.sql.BasicExtractor   : extracted value ([col_13_0_] : [VARCHAR]) - [Helsinki]
2020-06-10 18:12:08.744 TRACE 55751 --- [    Test worker] o.h.type.descriptor.sql.BasicExtractor   : extracted value ([col_0_0_] : [VARCHAR]) - [1.2.8000.1]
2020-06-10 18:12:08.744 TRACE 55751 --- [    Test worker] o.h.type.descriptor.sql.BasicExtractor   : extracted value ([col_1_0_] : [DATE]) - [null]
2020-06-10 18:12:08.744 TRACE 55751 --- [    Test worker] o.h.type.descriptor.sql.BasicExtractor   : extracted value ([col_2_0_] : [DATE]) - [null]
2020-06-10 18:12:08.744 TRACE 55751 --- [    Test worker] o.h.type.descriptor.sql.BasicExtractor   : extracted value ([col_3_0_] : [VARCHAR]) - [|1.2.246.562.24.00000000001|]
2020-06-10 18:12:08.744 TRACE 55751 --- [    Test worker] o.h.type.descriptor.sql.BasicExtractor   : extracted value ([col_4_0_] : [VARCHAR]) - [1234569-5]
2020-06-10 18:12:08.744 TRACE 55751 --- [    Test worker] o.h.type.descriptor.sql.BasicExtractor   : extracted value ([col_5_0_] : [VARCHAR]) - [null]
2020-06-10 18:12:08.744 TRACE 55751 --- [    Test worker] o.h.type.descriptor.sql.BasicExtractor   : extracted value ([col_6_0_] : [VARCHAR]) - [null]
2020-06-10 18:12:08.744 TRACE 55751 --- [    Test worker] o.h.type.descriptor.sql.BasicExtractor   : extracted value ([col_7_0_] : [VARCHAR]) - [oppilaitostyyppi_42#1]
2020-06-10 18:12:08.744 TRACE 55751 --- [    Test worker] o.h.type.descriptor.sql.BasicExtractor   : extracted value ([col_8_0_] : [VARCHAR]) - [null]
2020-06-10 18:12:08.744 TRACE 55751 --- [    Test worker] o.h.type.descriptor.sql.BasicExtractor   : extracted value ([col_9_0_] : [VARCHAR]) - [fi]
2020-06-10 18:12:08.744 TRACE 55751 --- [    Test worker] o.h.type.descriptor.sql.BasicExtractor   : extracted value ([col_10_0_] : [VARCHAR]) - [node23 foo bar]
2020-06-10 18:12:08.744 TRACE 55751 --- [    Test worker] o.h.type.descriptor.sql.BasicExtractor   : extracted value ([col_11_0_] : [VARCHAR]) - [organisaatiotyyppi_07]
2020-06-10 18:12:08.744 TRACE 55751 --- [    Test worker] o.h.type.descriptor.sql.BasicExtractor   : extracted value ([col_12_0_] : [VARCHAR]) - [oppilaitoksenopetuskieli_1#1]
2020-06-10 18:12:08.744 TRACE 55751 --- [    Test worker] o.h.type.descriptor.sql.BasicExtractor   : extracted value ([col_13_0_] : [VARCHAR]) - [Helsinki]
2020-06-10 18:12:08.744 TRACE 55751 --- [    Test worker] o.h.type.descriptor.sql.BasicExtractor   : extracted value ([col_0_0_] : [VARCHAR]) - [1.2.8000.1]
2020-06-10 18:12:08.744 TRACE 55751 --- [    Test worker] o.h.type.descriptor.sql.BasicExtractor   : extracted value ([col_1_0_] : [DATE]) - [null]
2020-06-10 18:12:08.744 TRACE 55751 --- [    Test worker] o.h.type.descriptor.sql.BasicExtractor   : extracted value ([col_2_0_] : [DATE]) - [null]
2020-06-10 18:12:08.744 TRACE 55751 --- [    Test worker] o.h.type.descriptor.sql.BasicExtractor   : extracted value ([col_3_0_] : [VARCHAR]) - [|1.2.246.562.24.00000000001|]
2020-06-10 18:12:08.744 TRACE 55751 --- [    Test worker] o.h.type.descriptor.sql.BasicExtractor   : extracted value ([col_4_0_] : [VARCHAR]) - [1234569-5]
2020-06-10 18:12:08.744 TRACE 55751 --- [    Test worker] o.h.type.descriptor.sql.BasicExtractor   : extracted value ([col_5_0_] : [VARCHAR]) - [null]
2020-06-10 18:12:08.744 TRACE 55751 --- [    Test worker] o.h.type.descriptor.sql.BasicExtractor   : extracted value ([col_6_0_] : [VARCHAR]) - [null]
2020-06-10 18:12:08.744 TRACE 55751 --- [    Test worker] o.h.type.descriptor.sql.BasicExtractor   : extracted value ([col_7_0_] : [VARCHAR]) - [oppilaitostyyppi_42#1]
2020-06-10 18:12:08.744 TRACE 55751 --- [    Test worker] o.h.type.descriptor.sql.BasicExtractor   : extracted value ([col_8_0_] : [VARCHAR]) - [null]
2020-06-10 18:12:08.744 TRACE 55751 --- [    Test worker] o.h.type.descriptor.sql.BasicExtractor   : extracted value ([col_9_0_] : [VARCHAR]) - [fi]
2020-06-10 18:12:08.744 TRACE 55751 --- [    Test worker] o.h.type.descriptor.sql.BasicExtractor   : extracted value ([col_10_0_] : [VARCHAR]) - [node23 foo bar]
2020-06-10 18:12:08.744 TRACE 55751 --- [    Test worker] o.h.type.descriptor.sql.BasicExtractor   : extracted value ([col_11_0_] : [VARCHAR]) - [organisaatiotyyppi_07]
2020-06-10 18:12:08.744 TRACE 55751 --- [    Test worker] o.h.type.descriptor.sql.BasicExtractor   : extracted value ([col_12_0_] : [VARCHAR]) - [oppilaitoksenopetuskieli_2#1]
2020-06-10 18:12:08.744 TRACE 55751 --- [    Test worker] o.h.type.descriptor.sql.BasicExtractor   : extracted value ([col_13_0_] : [VARCHAR]) - [Helsinki]
2020-06-10 18:12:08.744 TRACE 55751 --- [    Test worker] o.h.type.descriptor.sql.BasicExtractor   : extracted value ([col_0_0_] : [VARCHAR]) - [1.2.8000.1]
2020-06-10 18:12:08.744 TRACE 55751 --- [    Test worker] o.h.type.descriptor.sql.BasicExtractor   : extracted value ([col_1_0_] : [DATE]) - [null]
2020-06-10 18:12:08.744 TRACE 55751 --- [    Test worker] o.h.type.descriptor.sql.BasicExtractor   : extracted value ([col_2_0_] : [DATE]) - [null]
2020-06-10 18:12:08.744 TRACE 55751 --- [    Test worker] o.h.type.descriptor.sql.BasicExtractor   : extracted value ([col_3_0_] : [VARCHAR]) - [|1.2.246.562.24.00000000001|]
2020-06-10 18:12:08.744 TRACE 55751 --- [    Test worker] o.h.type.descriptor.sql.BasicExtractor   : extracted value ([col_4_0_] : [VARCHAR]) - [1234569-5]
2020-06-10 18:12:08.744 TRACE 55751 --- [    Test worker] o.h.type.descriptor.sql.BasicExtractor   : extracted value ([col_5_0_] : [VARCHAR]) - [null]
2020-06-10 18:12:08.744 TRACE 55751 --- [    Test worker] o.h.type.descriptor.sql.BasicExtractor   : extracted value ([col_6_0_] : [VARCHAR]) - [null]
2020-06-10 18:12:08.744 TRACE 55751 --- [    Test worker] o.h.type.descriptor.sql.BasicExtractor   : extracted value ([col_7_0_] : [VARCHAR]) - [oppilaitostyyppi_42#1]
2020-06-10 18:12:08.744 TRACE 55751 --- [    Test worker] o.h.type.descriptor.sql.BasicExtractor   : extracted value ([col_8_0_] : [VARCHAR]) - [null]
2020-06-10 18:12:08.744 TRACE 55751 --- [    Test worker] o.h.type.descriptor.sql.BasicExtractor   : extracted value ([col_9_0_] : [VARCHAR]) - [fi]
2020-06-10 18:12:08.744 TRACE 55751 --- [    Test worker] o.h.type.descriptor.sql.BasicExtractor   : extracted value ([col_10_0_] : [VARCHAR]) - [node23 foo bar]
2020-06-10 18:12:08.744 TRACE 55751 --- [    Test worker] o.h.type.descriptor.sql.BasicExtractor   : extracted value ([col_11_0_] : [VARCHAR]) - [organisaatiotyyppi_07]
2020-06-10 18:12:08.744 TRACE 55751 --- [    Test worker] o.h.type.descriptor.sql.BasicExtractor   : extracted value ([col_12_0_] : [VARCHAR]) - [oppilaitoksenopetuskieli_3#1]
2020-06-10 18:12:08.744 TRACE 55751 --- [    Test worker] o.h.type.descriptor.sql.BasicExtractor   : extracted value ([col_13_0_] : [VARCHAR]) - [Helsinki]
Hibernate: 
    select
        organisaat0_.oid as col_0_0_,
        organisaat0_.alkupvm as col_1_0_,
        organisaat0_.lakkautuspvm as col_2_0_,
        organisaat0_.parentoidpath as col_3_0_,
        organisaat0_.ytunnus as col_4_0_,
        organisaat0_.virastotunnus as col_5_0_,
        organisaat0_.oppilaitoskoodi as col_6_0_,
        organisaat0_.oppilaitos_tyyppi as col_7_0_,
        organisaat0_.toimipistekoodi as col_8_0_,
        values3_.key as col_9_0_,
        values3_.value as col_10_0_,
        tyypit1_.tyypit as col_11_0_,
        kielet4_.kielet as col_12_0_,
        organisaat0_.kotipaikka as col_13_0_ 
    from
        organisaatio organisaat0_ 
    inner join
        organisaatio_tyypit tyypit1_ 
            on organisaat0_.id=tyypit1_.organisaatio_id 
    left outer join
        monikielinen_teksti monikielin2_ 
            on organisaat0_.nimi_mkt=monikielin2_.id 
    left outer join
        monikielinen_teksti_values values3_ 
            on monikielin2_.id=values3_.id 
    left outer join
        organisaatio_kielet kielet4_ 
            on organisaat0_.id=kielet4_.organisaatio_id 
    where
        (
            organisaat0_.lakkautuspvm is null 
            or organisaat0_.lakkautuspvm>=?
        ) 
        and organisaat0_.organisaatio_poistettu=? 
        and (
            organisaat0_.id in (
                select
                    organisaat5_.id 
                from
                    organisaatio organisaat5_ 
                inner join
                    organisaatio_tyypit tyypit6_ 
                        on organisaat5_.id=tyypit6_.organisaatio_id 
                where
                    tyypit6_.tyypit in (
                        ? , ?
                    )
            )
        ) 
        and (
            organisaat0_.parentoidpath like ? escape '!'
        )
2020-06-10 18:12:08.749 TRACE 55751 --- [    Test worker] o.h.type.descriptor.sql.BasicBinder      : binding parameter [1] as [DATE] - [Wed Jun 10 18:12:08 EEST 2020]
2020-06-10 18:12:08.750 TRACE 55751 --- [    Test worker] o.h.type.descriptor.sql.BasicBinder      : binding parameter [2] as [BOOLEAN] - [false]
2020-06-10 18:12:08.750 TRACE 55751 --- [    Test worker] o.h.type.descriptor.sql.BasicBinder      : binding parameter [3] as [VARCHAR] - [organisaatiotyyppi_08]
2020-06-10 18:12:08.750 TRACE 55751 --- [    Test worker] o.h.type.descriptor.sql.BasicBinder      : binding parameter [4] as [VARCHAR] - [organisaatiotyyppi_07]
2020-06-10 18:12:08.750 TRACE 55751 --- [    Test worker] o.h.type.descriptor.sql.BasicBinder      : binding parameter [5] as [VARCHAR] - [|1.2.246.562.24.00000000001|1.2.8000.1|%]
Hibernate: 
    select
        organisaat0_.oid as col_0_0_,
        count(organisaat2_.id) as col_1_0_ 
    from
        organisaatio organisaat0_ 
    inner join
        organisaatiosuhde childsuhte1_ 
            on organisaat0_.id=childsuhte1_.parent_id 
    inner join
        organisaatio organisaat2_ 
            on childsuhte1_.child_id=organisaat2_.id 
    where
        childsuhte1_.suhdetyyppi<>? 
        and (
            childsuhte1_.loppupvm is null 
            or childsuhte1_.loppupvm>?
        ) 
        and organisaat2_.organisaatio_poistettu=? 
        and (
            organisaat2_.lakkautuspvm is null 
            or organisaat2_.lakkautuspvm>?
        ) 
    group by
        organisaat0_.oid
2020-06-10 18:12:08.751 TRACE 55751 --- [    Test worker] o.h.type.descriptor.sql.BasicBinder      : binding parameter [1] as [VARCHAR] - [LIITOS]
2020-06-10 18:12:08.752 TRACE 55751 --- [    Test worker] o.h.type.descriptor.sql.BasicBinder      : binding parameter [2] as [DATE] - [Wed Jun 10 18:12:08 EEST 2020]
2020-06-10 18:12:08.752 TRACE 55751 --- [    Test worker] o.h.type.descriptor.sql.BasicBinder      : binding parameter [3] as [BOOLEAN] - [false]
2020-06-10 18:12:08.752 TRACE 55751 --- [    Test worker] o.h.type.descriptor.sql.BasicBinder      : binding parameter [4] as [DATE] - [Wed Jun 10 18:12:08 EEST 2020]
2020-06-10 18:12:08.752 TRACE 55751 --- [    Test worker] o.h.type.descriptor.sql.BasicExtractor   : extracted value ([col_0_0_] : [VARCHAR]) - [1.2.2004.4]
2020-06-10 18:12:08.752 TRACE 55751 --- [    Test worker] o.h.type.descriptor.sql.BasicExtractor   : extracted value ([col_1_0_] : [BIGINT]) - [1]
2020-06-10 18:12:08.752 TRACE 55751 --- [    Test worker] o.h.type.descriptor.sql.BasicExtractor   : extracted value ([col_0_0_] : [VARCHAR]) - [1.2.246.562.24.00000000001]
2020-06-10 18:12:08.752 TRACE 55751 --- [    Test worker] o.h.type.descriptor.sql.BasicExtractor   : extracted value ([col_1_0_] : [BIGINT]) - [3]
2020-06-10 18:12:08.752 TRACE 55751 --- [    Test worker] o.h.type.descriptor.sql.BasicExtractor   : extracted value ([col_0_0_] : [VARCHAR]) - [1.2.2004.1]
2020-06-10 18:12:08.752 TRACE 55751 --- [    Test worker] o.h.type.descriptor.sql.BasicExtractor   : extracted value ([col_1_0_] : [BIGINT]) - [2]
2020-06-10 18:12:08.752 TRACE 55751 --- [    Test worker] o.h.type.descriptor.sql.BasicExtractor   : extracted value ([col_0_0_] : [VARCHAR]) - [1.2.2004.3]
2020-06-10 18:12:08.752 TRACE 55751 --- [    Test worker] o.h.type.descriptor.sql.BasicExtractor   : extracted value ([col_1_0_] : [BIGINT]) - [2]
Hibernate: 
    select
        organisaat0_.id as id1_5_,
        organisaat0_.version as version2_5_,
        organisaat0_.alkupvm as alkupvm3_5_,
        organisaat0_.domainnimi as domainni4_5_,
        organisaat0_.kotipaikka as kotipaik5_5_,
        organisaat0_.kuvaus_mkt as kuvaus_28_5_,
        organisaat0_.lakkautuspvm as lakkautu6_5_,
        organisaat0_.maa as maa7_5_,
        organisaat0_.metadata_id as metadat29_5_,
        organisaat0_.nimi_mkt as nimi_mk30_5_,
        organisaat0_.nimihaku as nimihaku8_5_,
        organisaat0_.oid as oid9_5_,
        organisaat0_.opetuspisteenjarjnro as opetusp10_5_,
        organisaat0_.oppilaitoskoodi as oppilai11_5_,
        organisaat0_.oppilaitos_tyyppi as oppilai12_5_,
        organisaat0_.organisaatio_poistettu as organis13_5_,
        organisaat0_.paivittaja as paivitt14_5_,
        organisaat0_.paivityspvm as paivity15_5_,
        organisaat0_.parentidpath as parenti16_5_,
        organisaat0_.parentoidpath as parento17_5_,
        organisaat0_.piilotettu as piilote18_5_,
        organisaat0_.tarkastus_pvm as tarkast19_5_,
        organisaat0_.toimipistekoodi as toimipi20_5_,
        organisaat0_.tuontipvm as tuontip21_5_,
        organisaat0_.varhaiskasvatuksen_toimipaikka_tiedot_id as varhais31_5_,
        organisaat0_.virastotunnus as virasto22_5_,
        organisaat0_.yhteishaunkoulukoodi as yhteish23_5_,
        organisaat0_.yritysmuoto as yritysm24_5_,
        organisaat0_.ytj_kieli as ytj_kie25_5_,
        organisaat0_.ytjpaivityspvm as ytjpaiv26_5_,
        organisaat0_.ytunnus as ytunnus27_5_ 
    from
        organisaatio organisaat0_ 
    where
        organisaat0_.oid=?
2020-06-10 18:12:08.758 TRACE 55751 --- [    Test worker] o.h.type.descriptor.sql.BasicBinder      : binding parameter [1] as [VARCHAR] - [1.2.2004.3]
2020-06-10 18:12:08.758 TRACE 55751 --- [    Test worker] o.h.type.descriptor.sql.BasicExtractor   : extracted value ([id1_5_] : [BIGINT]) - [4]
2020-06-10 18:12:08.758 TRACE 55751 --- [    Test worker] o.h.type.descriptor.sql.BasicExtractor   : extracted value ([version2_5_] : [BIGINT]) - [2]
2020-06-10 18:12:08.758 TRACE 55751 --- [    Test worker] o.h.type.descriptor.sql.BasicExtractor   : extracted value ([alkupvm3_5_] : [DATE]) - [null]
2020-06-10 18:12:08.758 TRACE 55751 --- [    Test worker] o.h.type.descriptor.sql.BasicExtractor   : extracted value ([domainni4_5_] : [VARCHAR]) - [null]
2020-06-10 18:12:08.758 TRACE 55751 --- [    Test worker] o.h.type.descriptor.sql.BasicExtractor   : extracted value ([kotipaik5_5_] : [VARCHAR]) - [Helsinki]
2020-06-10 18:12:08.758 TRACE 55751 --- [    Test worker] o.h.type.descriptor.sql.BasicExtractor   : extracted value ([kuvaus_28_5_] : [BIGINT]) - [null]
2020-06-10 18:12:08.758 TRACE 55751 --- [    Test worker] o.h.type.descriptor.sql.BasicExtractor   : extracted value ([lakkautu6_5_] : [DATE]) - [null]
2020-06-10 18:12:08.758 TRACE 55751 --- [    Test worker] o.h.type.descriptor.sql.BasicExtractor   : extracted value ([maa7_5_] : [VARCHAR]) - [null]
2020-06-10 18:12:08.758 TRACE 55751 --- [    Test worker] o.h.type.descriptor.sql.BasicExtractor   : extracted value ([metadat29_5_] : [BIGINT]) - [1]
2020-06-10 18:12:08.758 TRACE 55751 --- [    Test worker] o.h.type.descriptor.sql.BasicExtractor   : extracted value ([nimi_mk30_5_] : [BIGINT]) - [4]
2020-06-10 18:12:08.758 TRACE 55751 --- [    Test worker] o.h.type.descriptor.sql.BasicExtractor   : extracted value ([nimihaku8_5_] : [VARCHAR]) - [node2 foo]
2020-06-10 18:12:08.758 TRACE 55751 --- [    Test worker] o.h.type.descriptor.sql.BasicExtractor   : extracted value ([oid9_5_] : [VARCHAR]) - [1.2.2004.3]
2020-06-10 18:12:08.758 TRACE 55751 --- [    Test worker] o.h.type.descriptor.sql.BasicExtractor   : extracted value ([opetusp10_5_] : [VARCHAR]) - [2]
2020-06-10 18:12:08.758 TRACE 55751 --- [    Test worker] o.h.type.descriptor.sql.BasicExtractor   : extracted value ([oppilai11_5_] : [VARCHAR]) - [null]
2020-06-10 18:12:08.758 TRACE 55751 --- [    Test worker] o.h.type.descriptor.sql.BasicExtractor   : extracted value ([oppilai12_5_] : [VARCHAR]) - [oppilaitostyyppi_42#1]
2020-06-10 18:12:08.758 TRACE 55751 --- [    Test worker] o.h.type.descriptor.sql.BasicExtractor   : extracted value ([organis13_5_] : [BOOLEAN]) - [false]
2020-06-10 18:12:08.758 TRACE 55751 --- [    Test worker] o.h.type.descriptor.sql.BasicExtractor   : extracted value ([paivitt14_5_] : [VARCHAR]) - [null]
2020-06-10 18:12:08.758 TRACE 55751 --- [    Test worker] o.h.type.descriptor.sql.BasicExtractor   : extracted value ([paivity15_5_] : [TIMESTAMP]) - [null]
2020-06-10 18:12:08.758 TRACE 55751 --- [    Test worker] o.h.type.descriptor.sql.BasicExtractor   : extracted value ([parenti16_5_] : [VARCHAR]) - [|1|2|]
2020-06-10 18:12:08.758 TRACE 55751 --- [    Test worker] o.h.type.descriptor.sql.BasicExtractor   : extracted value ([parento17_5_] : [VARCHAR]) - [|1.2.246.562.24.00000000001|1.2.2004.1|]
2020-06-10 18:12:08.758 TRACE 55751 --- [    Test worker] o.h.type.descriptor.sql.BasicExtractor   : extracted value ([piilote18_5_] : [BOOLEAN]) - [false]
2020-06-10 18:12:08.758 TRACE 55751 --- [    Test worker] o.h.type.descriptor.sql.BasicExtractor   : extracted value ([tarkast19_5_] : [TIMESTAMP]) - [null]
2020-06-10 18:12:08.758 TRACE 55751 --- [    Test worker] o.h.type.descriptor.sql.BasicExtractor   : extracted value ([toimipi20_5_] : [VARCHAR]) - [123452]
2020-06-10 18:12:08.758 TRACE 55751 --- [    Test worker] o.h.type.descriptor.sql.BasicExtractor   : extracted value ([tuontip21_5_] : [TIMESTAMP]) - [null]
2020-06-10 18:12:08.758 TRACE 55751 --- [    Test worker] o.h.type.descriptor.sql.BasicExtractor   : extracted value ([varhais31_5_] : [BIGINT]) - [null]
2020-06-10 18:12:08.758 TRACE 55751 --- [    Test worker] o.h.type.descriptor.sql.BasicExtractor   : extracted value ([virasto22_5_] : [VARCHAR]) - [null]
2020-06-10 18:12:08.758 TRACE 55751 --- [    Test worker] o.h.type.descriptor.sql.BasicExtractor   : extracted value ([yhteish23_5_] : [VARCHAR]) - [null]
2020-06-10 18:12:08.758 TRACE 55751 --- [    Test worker] o.h.type.descriptor.sql.BasicExtractor   : extracted value ([yritysm24_5_] : [VARCHAR]) - [oy]
2020-06-10 18:12:08.758 TRACE 55751 --- [    Test worker] o.h.type.descriptor.sql.BasicExtractor   : extracted value ([ytj_kie25_5_] : [VARCHAR]) - [null]
2020-06-10 18:12:08.758 TRACE 55751 --- [    Test worker] o.h.type.descriptor.sql.BasicExtractor   : extracted value ([ytjpaiv26_5_] : [DATE]) - [null]
2020-06-10 18:12:08.758 TRACE 55751 --- [    Test worker] o.h.type.descriptor.sql.BasicExtractor   : extracted value ([ytunnus27_5_] : [VARCHAR]) - [1234567-3]
2020-06-10 18:12:08.759 TRACE 55751 --- [    Test worker] org.hibernate.type.CollectionType        : Created collection wrapper: [fi.vm.sade.organisaatio.model.Organisaatio.childSuhteet#4]
2020-06-10 18:12:08.759 TRACE 55751 --- [    Test worker] org.hibernate.type.CollectionType        : Created collection wrapper: [fi.vm.sade.organisaatio.model.Organisaatio.kayttoryhmat#4]
2020-06-10 18:12:08.759 TRACE 55751 --- [    Test worker] org.hibernate.type.CollectionType        : Created collection wrapper: [fi.vm.sade.organisaatio.model.Organisaatio.kielet#4]
2020-06-10 18:12:08.759 TRACE 55751 --- [    Test worker] org.hibernate.type.CollectionType        : Created collection wrapper: [fi.vm.sade.organisaatio.model.Organisaatio.muutKotipaikatUris#4]
2020-06-10 18:12:08.759 TRACE 55751 --- [    Test worker] org.hibernate.type.CollectionType        : Created collection wrapper: [fi.vm.sade.organisaatio.model.Organisaatio.muutOppilaitosTyyppiUris#4]
2020-06-10 18:12:08.759 TRACE 55751 --- [    Test worker] org.hibernate.type.CollectionType        : Created collection wrapper: [fi.vm.sade.organisaatio.model.Organisaatio.nimet#4]
2020-06-10 18:12:08.759 TRACE 55751 --- [    Test worker] org.hibernate.type.CollectionType        : Created collection wrapper: [fi.vm.sade.organisaatio.model.Organisaatio.organisaatioLisatietotyypit#4]
2020-06-10 18:12:08.759 TRACE 55751 --- [    Test worker] org.hibernate.type.CollectionType        : Created collection wrapper: [fi.vm.sade.organisaatio.model.Organisaatio.parentSuhteet#4]
2020-06-10 18:12:08.759 TRACE 55751 --- [    Test worker] org.hibernate.type.CollectionType        : Created collection wrapper: [fi.vm.sade.organisaatio.model.Organisaatio.ryhmatyypit#4]
2020-06-10 18:12:08.759 TRACE 55751 --- [    Test worker] org.hibernate.type.CollectionType        : Created collection wrapper: [fi.vm.sade.organisaatio.model.Organisaatio.tyypit#4]
2020-06-10 18:12:08.759 TRACE 55751 --- [    Test worker] org.hibernate.type.CollectionType        : Created collection wrapper: [fi.vm.sade.organisaatio.model.Organisaatio.vuosiluokat#4]
2020-06-10 18:12:08.759 TRACE 55751 --- [    Test worker] org.hibernate.type.CollectionType        : Created collection wrapper: [fi.vm.sade.organisaatio.model.Organisaatio.yhteystiedot#4]
2020-06-10 18:12:08.759 TRACE 55751 --- [    Test worker] org.hibernate.type.CollectionType        : Created collection wrapper: [fi.vm.sade.organisaatio.model.Organisaatio.yhteystietoArvos#4]
Hibernate: 
    select
        organisaat0_.id as id1_5_,
        organisaat0_.version as version2_5_,
        organisaat0_.alkupvm as alkupvm3_5_,
        organisaat0_.domainnimi as domainni4_5_,
        organisaat0_.kotipaikka as kotipaik5_5_,
        organisaat0_.kuvaus_mkt as kuvaus_28_5_,
        organisaat0_.lakkautuspvm as lakkautu6_5_,
        organisaat0_.maa as maa7_5_,
        organisaat0_.metadata_id as metadat29_5_,
        organisaat0_.nimi_mkt as nimi_mk30_5_,
        organisaat0_.nimihaku as nimihaku8_5_,
        organisaat0_.oid as oid9_5_,
        organisaat0_.opetuspisteenjarjnro as opetusp10_5_,
        organisaat0_.oppilaitoskoodi as oppilai11_5_,
        organisaat0_.oppilaitos_tyyppi as oppilai12_5_,
        organisaat0_.organisaatio_poistettu as organis13_5_,
        organisaat0_.paivittaja as paivitt14_5_,
        organisaat0_.paivityspvm as paivity15_5_,
        organisaat0_.parentidpath as parenti16_5_,
        organisaat0_.parentoidpath as parento17_5_,
        organisaat0_.piilotettu as piilote18_5_,
        organisaat0_.tarkastus_pvm as tarkast19_5_,
        organisaat0_.toimipistekoodi as toimipi20_5_,
        organisaat0_.tuontipvm as tuontip21_5_,
        organisaat0_.varhaiskasvatuksen_toimipaikka_tiedot_id as varhais31_5_,
        organisaat0_.virastotunnus as virasto22_5_,
        organisaat0_.yhteishaunkoulukoodi as yhteish23_5_,
        organisaat0_.yritysmuoto as yritysm24_5_,
        organisaat0_.ytj_kieli as ytj_kie25_5_,
        organisaat0_.ytjpaivityspvm as ytjpaiv26_5_,
        organisaat0_.ytunnus as ytunnus27_5_ 
    from
        organisaatio organisaat0_ 
    where
        organisaat0_.oid=?
2020-06-10 18:12:08.760 TRACE 55751 --- [    Test worker] o.h.type.descriptor.sql.BasicBinder      : binding parameter [1] as [VARCHAR] - [1.2.2004.3]
2020-06-10 18:12:08.760 TRACE 55751 --- [    Test worker] o.h.type.descriptor.sql.BasicExtractor   : extracted value ([id1_5_] : [BIGINT]) - [4]
Hibernate: 
    select
        organisaat0_.id as id1_16_0_,
        organisaat0_.version as version2_16_0_,
        organisaat0_.hakutoimistoectsemailmkt as hakutoim6_16_0_,
        organisaat0_.hakutoimistoectsnimimkt as hakutoim7_16_0_,
        organisaat0_.hakutoimistoectspuhelinmkt as hakutoim8_16_0_,
        organisaat0_.hakutoimistoectstehtavanimikemkt as hakutoim9_16_0_,
        organisaat0_.hakutoimisto_nimi_id as hakutoi10_16_0_,
        organisaat0_.koodi as koodi3_16_0_,
        organisaat0_.kuva_id as kuva_id11_16_0_,
        organisaat0_.luontipvm as luontipv4_16_0_,
        organisaat0_.muokkauspvm as muokkaus5_16_0_,
        organisaat0_.nimi_id as nimi_id12_16_0_,
        monikielin1_.id as id1_2_1_,
        monikielin1_.version as version2_2_1_,
        monikielin2_.id as id1_2_2_,
        monikielin2_.version as version2_2_2_,
        monikielin3_.id as id1_2_3_,
        monikielin3_.version as version2_2_3_,
        monikielin4_.id as id1_2_4_,
        monikielin4_.version as version2_2_4_,
        monikielin5_.id as id1_2_5_,
        monikielin5_.version as version2_2_5_,
        monikielin6_.id as id1_2_6_,
        monikielin6_.version as version2_2_6_,
        organisaat7_.id as id1_5_7_,
        organisaat7_.version as version2_5_7_,
        organisaat7_.alkupvm as alkupvm3_5_7_,
        organisaat7_.domainnimi as domainni4_5_7_,
        organisaat7_.kotipaikka as kotipaik5_5_7_,
        organisaat7_.kuvaus_mkt as kuvaus_28_5_7_,
        organisaat7_.lakkautuspvm as lakkautu6_5_7_,
        organisaat7_.maa as maa7_5_7_,
        organisaat7_.metadata_id as metadat29_5_7_,
        organisaat7_.nimi_mkt as nimi_mk30_5_7_,
        organisaat7_.nimihaku as nimihaku8_5_7_,
        organisaat7_.oid as oid9_5_7_,
        organisaat7_.opetuspisteenjarjnro as opetusp10_5_7_,
        organisaat7_.oppilaitoskoodi as oppilai11_5_7_,
        organisaat7_.oppilaitos_tyyppi as oppilai12_5_7_,
        organisaat7_.organisaatio_poistettu as organis13_5_7_,
        organisaat7_.paivittaja as paivitt14_5_7_,
        organisaat7_.paivityspvm as paivity15_5_7_,
        organisaat7_.parentidpath as parenti16_5_7_,
        organisaat7_.parentoidpath as parento17_5_7_,
        organisaat7_.piilotettu as piilote18_5_7_,
        organisaat7_.tarkastus_pvm as tarkast19_5_7_,
        organisaat7_.toimipistekoodi as toimipi20_5_7_,
        organisaat7_.tuontipvm as tuontip21_5_7_,
        organisaat7_.varhaiskasvatuksen_toimipaikka_tiedot_id as varhais31_5_7_,
        organisaat7_.virastotunnus as virasto22_5_7_,
        organisaat7_.yhteishaunkoulukoodi as yhteish23_5_7_,
        organisaat7_.yritysmuoto as yritysm24_5_7_,
        organisaat7_.ytj_kieli as ytj_kie25_5_7_,
        organisaat7_.ytjpaivityspvm as ytjpaiv26_5_7_,
        organisaat7_.ytunnus as ytunnus27_5_7_ 
    from
        organisaatio_meta_data organisaat0_ 
    left outer join
        monikielinen_teksti monikielin1_ 
            on organisaat0_.hakutoimistoectsemailmkt=monikielin1_.id 
    left outer join
        monikielinen_teksti monikielin2_ 
            on organisaat0_.hakutoimistoectsnimimkt=monikielin2_.id 
    left outer join
        monikielinen_teksti monikielin3_ 
            on organisaat0_.hakutoimistoectspuhelinmkt=monikielin3_.id 
    left outer join
        monikielinen_teksti monikielin4_ 
            on organisaat0_.hakutoimistoectstehtavanimikemkt=monikielin4_.id 
    left outer join
        monikielinen_teksti monikielin5_ 
            on organisaat0_.hakutoimisto_nimi_id=monikielin5_.id 
    left outer join
        monikielinen_teksti monikielin6_ 
            on organisaat0_.nimi_id=monikielin6_.id 
    left outer join
        organisaatio organisaat7_ 
            on organisaat0_.id=organisaat7_.metadata_id 
    where
        organisaat0_.id=?
2020-06-10 18:12:08.760 TRACE 55751 --- [    Test worker] o.h.type.descriptor.sql.BasicBinder      : binding parameter [1] as [BIGINT] - [1]
2020-06-10 18:12:08.760 TRACE 55751 --- [    Test worker] o.h.type.descriptor.sql.BasicExtractor   : extracted value ([id1_2_1_] : [BIGINT]) - [null]
2020-06-10 18:12:08.760 TRACE 55751 --- [    Test worker] o.h.type.descriptor.sql.BasicExtractor   : extracted value ([id1_2_2_] : [BIGINT]) - [null]
2020-06-10 18:12:08.760 TRACE 55751 --- [    Test worker] o.h.type.descriptor.sql.BasicExtractor   : extracted value ([id1_2_3_] : [BIGINT]) - [null]
2020-06-10 18:12:08.760 TRACE 55751 --- [    Test worker] o.h.type.descriptor.sql.BasicExtractor   : extracted value ([id1_2_4_] : [BIGINT]) - [null]
2020-06-10 18:12:08.760 TRACE 55751 --- [    Test worker] o.h.type.descriptor.sql.BasicExtractor   : extracted value ([id1_2_5_] : [BIGINT]) - [1000]
2020-06-10 18:12:08.760 TRACE 55751 --- [    Test worker] o.h.type.descriptor.sql.BasicExtractor   : extracted value ([id1_2_6_] : [BIGINT]) - [null]
2020-06-10 18:12:08.760 TRACE 55751 --- [    Test worker] o.h.type.descriptor.sql.BasicExtractor   : extracted value ([id1_5_7_] : [BIGINT]) - [4]
2020-06-10 18:12:08.760 TRACE 55751 --- [    Test worker] o.h.type.descriptor.sql.BasicExtractor   : extracted value ([version2_16_0_] : [BIGINT]) - [1]
2020-06-10 18:12:08.760 TRACE 55751 --- [    Test worker] o.h.type.descriptor.sql.BasicExtractor   : extracted value ([hakutoim6_16_0_] : [BIGINT]) - [null]
2020-06-10 18:12:08.760 TRACE 55751 --- [    Test worker] o.h.type.descriptor.sql.BasicExtractor   : extracted value ([hakutoim7_16_0_] : [BIGINT]) - [null]
2020-06-10 18:12:08.760 TRACE 55751 --- [    Test worker] o.h.type.descriptor.sql.BasicExtractor   : extracted value ([hakutoim8_16_0_] : [BIGINT]) - [null]
2020-06-10 18:12:08.760 TRACE 55751 --- [    Test worker] o.h.type.descriptor.sql.BasicExtractor   : extracted value ([hakutoim9_16_0_] : [BIGINT]) - [null]
2020-06-10 18:12:08.760 TRACE 55751 --- [    Test worker] o.h.type.descriptor.sql.BasicExtractor   : extracted value ([hakutoi10_16_0_] : [BIGINT]) - [1000]
2020-06-10 18:12:08.760 TRACE 55751 --- [    Test worker] o.h.type.descriptor.sql.BasicExtractor   : extracted value ([koodi3_16_0_] : [VARCHAR]) - [null]
2020-06-10 18:12:08.760 TRACE 55751 --- [    Test worker] o.h.type.descriptor.sql.BasicExtractor   : extracted value ([kuva_id11_16_0_] : [BIGINT]) - [null]
2020-06-10 18:12:08.760 TRACE 55751 --- [    Test worker] o.h.type.descriptor.sql.BasicExtractor   : extracted value ([luontipv4_16_0_] : [TIMESTAMP]) - [1970-01-01 00:00:00.0]
2020-06-10 18:12:08.760 TRACE 55751 --- [    Test worker] o.h.type.descriptor.sql.BasicExtractor   : extracted value ([muokkaus5_16_0_] : [TIMESTAMP]) - [1970-01-01 00:00:00.0]
2020-06-10 18:12:08.760 TRACE 55751 --- [    Test worker] o.h.type.descriptor.sql.BasicExtractor   : extracted value ([nimi_id12_16_0_] : [BIGINT]) - [null]
2020-06-10 18:12:08.761 TRACE 55751 --- [    Test worker] o.h.type.descriptor.sql.BasicExtractor   : extracted value ([version2_2_5_] : [BIGINT]) - [0]
2020-06-10 18:12:08.761 TRACE 55751 --- [    Test worker] org.hibernate.type.CollectionType        : Created collection wrapper: [fi.vm.sade.organisaatio.model.OrganisaatioMetaData.values#1]
2020-06-10 18:12:08.761 TRACE 55751 --- [    Test worker] org.hibernate.type.CollectionType        : Created collection wrapper: [fi.vm.sade.organisaatio.model.OrganisaatioMetaData.yhteystiedot#1]
2020-06-10 18:12:08.761 TRACE 55751 --- [    Test worker] org.hibernate.type.CollectionType        : Created collection wrapper: [fi.vm.sade.organisaatio.model.MonikielinenTeksti.values#1000]
Hibernate: 
    select
        kielet0_.organisaatio_id as organisa1_7_0_,
        kielet0_.kielet as kielet2_7_0_ 
    from
        organisaatio_kielet kielet0_ 
    where
        kielet0_.organisaatio_id=?
2020-06-10 18:12:08.761 TRACE 55751 --- [    Test worker] o.h.type.descriptor.sql.BasicBinder      : binding parameter [1] as [BIGINT] - [4]
Hibernate: 
    select
        values0_.id as id1_3_0_,
        values0_.value as value2_3_0_,
        values0_.key as key3_0_ 
    from
        monikielinen_teksti_values values0_ 
    where
        values0_.id=?
2020-06-10 18:12:08.761 TRACE 55751 --- [    Test worker] o.h.type.descriptor.sql.BasicBinder      : binding parameter [1] as [BIGINT] - [1000]
2020-06-10 18:12:08.761 TRACE 55751 --- [    Test worker] o.h.type.descriptor.sql.BasicExtractor   : extracted value ([id1_3_0_] : [BIGINT]) - [1000]
2020-06-10 18:12:08.761 TRACE 55751 --- [    Test worker] o.h.type.descriptor.sql.BasicExtractor   : extracted value ([value2_3_0_] : [VARCHAR]) - [Hakutoimiston nimi EN]
2020-06-10 18:12:08.761 TRACE 55751 --- [    Test worker] o.h.type.descriptor.sql.BasicExtractor   : extracted value ([key3_0_] : [VARCHAR]) - [kieli_en#1]
2020-06-10 18:12:08.762 TRACE 55751 --- [    Test worker] o.h.type.descriptor.sql.BasicExtractor   : extracted value ([id1_3_0_] : [BIGINT]) - [1000]
2020-06-10 18:12:08.762 TRACE 55751 --- [    Test worker] o.h.type.descriptor.sql.BasicExtractor   : extracted value ([value2_3_0_] : [VARCHAR]) - [Hakutoimiston nimi FI]
2020-06-10 18:12:08.762 TRACE 55751 --- [    Test worker] o.h.type.descriptor.sql.BasicExtractor   : extracted value ([key3_0_] : [VARCHAR]) - [kieli_fi#1]
Hibernate: 
    select
        yhteystied0_.organisaatio_meta_data_id as organisa1_18_2_,
        yhteystied0_.yhteystiedot_id as yhteysti2_18_2_,
        yhteystiet1_.id as id2_25_0_,
        yhteystiet1_.version as version3_25_0_,
        yhteystiet1_.kieli as kieli4_25_0_,
        yhteystiet1_.organisaatio_id as organis21_25_0_,
        yhteystiet1_.yhteystieto_oid as yhteysti5_25_0_,
        yhteystiet1_.email as email6_25_0_,
        yhteystiet1_.coordinatetype as coordina7_25_0_,
        yhteystiet1_.extrarivi as extrariv8_25_0_,
        yhteystiet1_.lat as lat9_25_0_,
        yhteystiet1_.lng as lng10_25_0_,
        yhteystiet1_.maa as maa11_25_0_,
        yhteystiet1_.osavaltio as osavalt12_25_0_,
        yhteystiet1_.osoite as osoite13_25_0_,
        yhteystiet1_.osoite_tyyppi as osoite_14_25_0_,
        yhteystiet1_.postinumero as postinu15_25_0_,
        yhteystiet1_.postitoimipaikka as postito16_25_0_,
        yhteystiet1_.ytjpaivityspvm as ytjpaiv17_25_0_,
        yhteystiet1_.puhelinnumero as puhelin18_25_0_,
        yhteystiet1_.tyyppi as tyyppi19_25_0_,
        yhteystiet1_.www_osoite as www_oso20_25_0_,
        yhteystiet1_.dtype as dtype1_25_0_,
        organisaat2_.id as id1_5_1_,
        organisaat2_.version as version2_5_1_,
        organisaat2_.alkupvm as alkupvm3_5_1_,
        organisaat2_.domainnimi as domainni4_5_1_,
        organisaat2_.kotipaikka as kotipaik5_5_1_,
        organisaat2_.kuvaus_mkt as kuvaus_28_5_1_,
        organisaat2_.lakkautuspvm as lakkautu6_5_1_,
        organisaat2_.maa as maa7_5_1_,
        organisaat2_.metadata_id as metadat29_5_1_,
        organisaat2_.nimi_mkt as nimi_mk30_5_1_,
        organisaat2_.nimihaku as nimihaku8_5_1_,
        organisaat2_.oid as oid9_5_1_,
        organisaat2_.opetuspisteenjarjnro as opetusp10_5_1_,
        organisaat2_.oppilaitoskoodi as oppilai11_5_1_,
        organisaat2_.oppilaitos_tyyppi as oppilai12_5_1_,
        organisaat2_.organisaatio_poistettu as organis13_5_1_,
        organisaat2_.paivittaja as paivitt14_5_1_,
        organisaat2_.paivityspvm as paivity15_5_1_,
        organisaat2_.parentidpath as parenti16_5_1_,
        organisaat2_.parentoidpath as parento17_5_1_,
        organisaat2_.piilotettu as piilote18_5_1_,
        organisaat2_.tarkastus_pvm as tarkast19_5_1_,
        organisaat2_.toimipistekoodi as toimipi20_5_1_,
        organisaat2_.tuontipvm as tuontip21_5_1_,
        organisaat2_.varhaiskasvatuksen_toimipaikka_tiedot_id as varhais31_5_1_,
        organisaat2_.virastotunnus as virasto22_5_1_,
        organisaat2_.yhteishaunkoulukoodi as yhteish23_5_1_,
        organisaat2_.yritysmuoto as yritysm24_5_1_,
        organisaat2_.ytj_kieli as ytj_kie25_5_1_,
        organisaat2_.ytjpaivityspvm as ytjpaiv26_5_1_,
        organisaat2_.ytunnus as ytunnus27_5_1_ 
    from
        organisaatio_meta_data_yhteystiedot yhteystied0_ 
    inner join
        yhteystieto yhteystiet1_ 
            on yhteystied0_.yhteystiedot_id=yhteystiet1_.id 
    left outer join
        organisaatio organisaat2_ 
            on yhteystiet1_.organisaatio_id=organisaat2_.id 
    where
        yhteystied0_.organisaatio_meta_data_id=?
2020-06-10 18:12:08.762 TRACE 55751 --- [    Test worker] o.h.type.descriptor.sql.BasicBinder      : binding parameter [1] as [BIGINT] - [1]
2020-06-10 18:12:08.762 TRACE 55751 --- [    Test worker] o.h.type.descriptor.sql.BasicExtractor   : extracted value ([id2_25_0_] : [BIGINT]) - [1000]
2020-06-10 18:12:08.762 TRACE 55751 --- [    Test worker] o.h.type.descriptor.sql.BasicExtractor   : extracted value ([id1_5_1_] : [BIGINT]) - [null]
2020-06-10 18:12:08.762 TRACE 55751 --- [    Test worker] o.h.type.descriptor.sql.BasicExtractor   : extracted value ([dtype1_25_0_] : [VARCHAR]) - [Osoite]
2020-06-10 18:12:08.762 TRACE 55751 --- [    Test worker] o.h.type.descriptor.sql.BasicExtractor   : extracted value ([version3_25_0_] : [BIGINT]) - [1]
2020-06-10 18:12:08.762 TRACE 55751 --- [    Test worker] o.h.type.descriptor.sql.BasicExtractor   : extracted value ([kieli4_25_0_] : [VARCHAR]) - [kieli_fi#1]
2020-06-10 18:12:08.762 TRACE 55751 --- [    Test worker] o.h.type.descriptor.sql.BasicExtractor   : extracted value ([organis21_25_0_] : [BIGINT]) - [null]
2020-06-10 18:12:08.762 TRACE 55751 --- [    Test worker] o.h.type.descriptor.sql.BasicExtractor   : extracted value ([yhteysti5_25_0_] : [VARCHAR]) - [1.2.2004.4]
2020-06-10 18:12:08.762 TRACE 55751 --- [    Test worker] o.h.type.descriptor.sql.BasicExtractor   : extracted value ([coordina7_25_0_] : [VARCHAR]) - [null]
2020-06-10 18:12:08.762 TRACE 55751 --- [    Test worker] o.h.type.descriptor.sql.BasicExtractor   : extracted value ([extrariv8_25_0_] : [VARCHAR]) - [null]
2020-06-10 18:12:08.762 TRACE 55751 --- [    Test worker] o.h.type.descriptor.sql.BasicExtractor   : extracted value ([lat9_25_0_] : [DOUBLE]) - [null]
2020-06-10 18:12:08.762 TRACE 55751 --- [    Test worker] o.h.type.descriptor.sql.BasicExtractor   : extracted value ([lng10_25_0_] : [DOUBLE]) - [null]
2020-06-10 18:12:08.762 TRACE 55751 --- [    Test worker] o.h.type.descriptor.sql.BasicExtractor   : extracted value ([maa11_25_0_] : [VARCHAR]) - [null]
2020-06-10 18:12:08.762 TRACE 55751 --- [    Test worker] o.h.type.descriptor.sql.BasicExtractor   : extracted value ([osavalt12_25_0_] : [VARCHAR]) - [null]
2020-06-10 18:12:08.762 TRACE 55751 --- [    Test worker] o.h.type.descriptor.sql.BasicExtractor   : extracted value ([osoite13_25_0_] : [VARCHAR]) - [Hassuttimenkatu 2]
2020-06-10 18:12:08.762 TRACE 55751 --- [    Test worker] o.h.type.descriptor.sql.BasicExtractor   : extracted value ([osoite_14_25_0_] : [VARCHAR]) - [kaynti]
2020-06-10 18:12:08.762 TRACE 55751 --- [    Test worker] o.h.type.descriptor.sql.BasicExtractor   : extracted value ([postinu15_25_0_] : [VARCHAR]) - [posti_10000]
2020-06-10 18:12:08.763 TRACE 55751 --- [    Test worker] o.h.type.descriptor.sql.BasicExtractor   : extracted value ([postito16_25_0_] : [VARCHAR]) - [Juupajoki]
2020-06-10 18:12:08.763 TRACE 55751 --- [    Test worker] o.h.type.descriptor.sql.BasicExtractor   : extracted value ([ytjpaiv17_25_0_] : [DATE]) - [null]
2020-06-10 18:12:08.763 TRACE 55751 --- [    Test worker] o.h.type.descriptor.sql.BasicExtractor   : extracted value ([organisa1_18_2_] : [BIGINT]) - [1]
2020-06-10 18:12:08.763 TRACE 55751 --- [    Test worker] o.h.type.descriptor.sql.BasicExtractor   : extracted value ([yhteysti2_18_2_] : [BIGINT]) - [1000]
2020-06-10 18:12:08.763 TRACE 55751 --- [    Test worker] o.h.type.descriptor.sql.BasicExtractor   : extracted value ([id2_25_0_] : [BIGINT]) - [1001]
2020-06-10 18:12:08.763 TRACE 55751 --- [    Test worker] o.h.type.descriptor.sql.BasicExtractor   : extracted value ([id1_5_1_] : [BIGINT]) - [null]
2020-06-10 18:12:08.763 TRACE 55751 --- [    Test worker] o.h.type.descriptor.sql.BasicExtractor   : extracted value ([dtype1_25_0_] : [VARCHAR]) - [Osoite]
2020-06-10 18:12:08.763 TRACE 55751 --- [    Test worker] o.h.type.descriptor.sql.BasicExtractor   : extracted value ([version3_25_0_] : [BIGINT]) - [1]
2020-06-10 18:12:08.763 TRACE 55751 --- [    Test worker] o.h.type.descriptor.sql.BasicExtractor   : extracted value ([kieli4_25_0_] : [VARCHAR]) - [kieli_fi#1]
2020-06-10 18:12:08.763 TRACE 55751 --- [    Test worker] o.h.type.descriptor.sql.BasicExtractor   : extracted value ([organis21_25_0_] : [BIGINT]) - [null]
2020-06-10 18:12:08.763 TRACE 55751 --- [    Test worker] o.h.type.descriptor.sql.BasicExtractor   : extracted value ([yhteysti5_25_0_] : [VARCHAR]) - [1.2.2004.5]
2020-06-10 18:12:08.763 TRACE 55751 --- [    Test worker] o.h.type.descriptor.sql.BasicExtractor   : extracted value ([coordina7_25_0_] : [VARCHAR]) - [null]
2020-06-10 18:12:08.763 TRACE 55751 --- [    Test worker] o.h.type.descriptor.sql.BasicExtractor   : extracted value ([extrariv8_25_0_] : [VARCHAR]) - [null]
2020-06-10 18:12:08.763 TRACE 55751 --- [    Test worker] o.h.type.descriptor.sql.BasicExtractor   : extracted value ([lat9_25_0_] : [DOUBLE]) - [null]
2020-06-10 18:12:08.763 TRACE 55751 --- [    Test worker] o.h.type.descriptor.sql.BasicExtractor   : extracted value ([lng10_25_0_] : [DOUBLE]) - [null]
2020-06-10 18:12:08.763 TRACE 55751 --- [    Test worker] o.h.type.descriptor.sql.BasicExtractor   : extracted value ([maa11_25_0_] : [VARCHAR]) - [null]
2020-06-10 18:12:08.763 TRACE 55751 --- [    Test worker] o.h.type.descriptor.sql.BasicExtractor   : extracted value ([osavalt12_25_0_] : [VARCHAR]) - [null]
2020-06-10 18:12:08.763 TRACE 55751 --- [    Test worker] o.h.type.descriptor.sql.BasicExtractor   : extracted value ([osoite13_25_0_] : [VARCHAR]) - [Hassuttimenkatu 2]
2020-06-10 18:12:08.763 TRACE 55751 --- [    Test worker] o.h.type.descriptor.sql.BasicExtractor   : extracted value ([osoite_14_25_0_] : [VARCHAR]) - [posti]
2020-06-10 18:12:08.763 TRACE 55751 --- [    Test worker] o.h.type.descriptor.sql.BasicExtractor   : extracted value ([postinu15_25_0_] : [VARCHAR]) - [posti_10000]
2020-06-10 18:12:08.763 TRACE 55751 --- [    Test worker] o.h.type.descriptor.sql.BasicExtractor   : extracted value ([postito16_25_0_] : [VARCHAR]) - [Juupajoki]
2020-06-10 18:12:08.763 TRACE 55751 --- [    Test worker] o.h.type.descriptor.sql.BasicExtractor   : extracted value ([ytjpaiv17_25_0_] : [DATE]) - [null]
2020-06-10 18:12:08.763 TRACE 55751 --- [    Test worker] o.h.type.descriptor.sql.BasicExtractor   : extracted value ([organisa1_18_2_] : [BIGINT]) - [1]
2020-06-10 18:12:08.763 TRACE 55751 --- [    Test worker] o.h.type.descriptor.sql.BasicExtractor   : extracted value ([yhteysti2_18_2_] : [BIGINT]) - [1001]
2020-06-10 18:12:08.763 TRACE 55751 --- [    Test worker] o.h.type.descriptor.sql.BasicExtractor   : extracted value ([id2_25_0_] : [BIGINT]) - [1002]
2020-06-10 18:12:08.763 TRACE 55751 --- [    Test worker] o.h.type.descriptor.sql.BasicExtractor   : extracted value ([id1_5_1_] : [BIGINT]) - [null]
2020-06-10 18:12:08.763 TRACE 55751 --- [    Test worker] o.h.type.descriptor.sql.BasicExtractor   : extracted value ([dtype1_25_0_] : [VARCHAR]) - [Osoite]
2020-06-10 18:12:08.763 TRACE 55751 --- [    Test worker] o.h.type.descriptor.sql.BasicExtractor   : extracted value ([version3_25_0_] : [BIGINT]) - [1]
2020-06-10 18:12:08.763 TRACE 55751 --- [    Test worker] o.h.type.descriptor.sql.BasicExtractor   : extracted value ([kieli4_25_0_] : [VARCHAR]) - [kieli_sv#1]
2020-06-10 18:12:08.763 TRACE 55751 --- [    Test worker] o.h.type.descriptor.sql.BasicExtractor   : extracted value ([organis21_25_0_] : [BIGINT]) - [null]
2020-06-10 18:12:08.763 TRACE 55751 --- [    Test worker] o.h.type.descriptor.sql.BasicExtractor   : extracted value ([yhteysti5_25_0_] : [VARCHAR]) - [1.2.2004.6]
2020-06-10 18:12:08.763 TRACE 55751 --- [    Test worker] o.h.type.descriptor.sql.BasicExtractor   : extracted value ([coordina7_25_0_] : [VARCHAR]) - [null]
2020-06-10 18:12:08.763 TRACE 55751 --- [    Test worker] o.h.type.descriptor.sql.BasicExtractor   : extracted value ([extrariv8_25_0_] : [VARCHAR]) - [null]
2020-06-10 18:12:08.763 TRACE 55751 --- [    Test worker] o.h.type.descriptor.sql.BasicExtractor   : extracted value ([lat9_25_0_] : [DOUBLE]) - [null]
2020-06-10 18:12:08.763 TRACE 55751 --- [    Test worker] o.h.type.descriptor.sql.BasicExtractor   : extracted value ([lng10_25_0_] : [DOUBLE]) - [null]
2020-06-10 18:12:08.763 TRACE 55751 --- [    Test worker] o.h.type.descriptor.sql.BasicExtractor   : extracted value ([maa11_25_0_] : [VARCHAR]) - [null]
2020-06-10 18:12:08.763 TRACE 55751 --- [    Test worker] o.h.type.descriptor.sql.BasicExtractor   : extracted value ([osavalt12_25_0_] : [VARCHAR]) - [null]
2020-06-10 18:12:08.763 TRACE 55751 --- [    Test worker] o.h.type.descriptor.sql.BasicExtractor   : extracted value ([osoite13_25_0_] : [VARCHAR]) - [Hassutingatan 2]
2020-06-10 18:12:08.763 TRACE 55751 --- [    Test worker] o.h.type.descriptor.sql.BasicExtractor   : extracted value ([osoite_14_25_0_] : [VARCHAR]) - [kaynti]
2020-06-10 18:12:08.763 TRACE 55751 --- [    Test worker] o.h.type.descriptor.sql.BasicExtractor   : extracted value ([postinu15_25_0_] : [VARCHAR]) - [posti_10000]
2020-06-10 18:12:08.763 TRACE 55751 --- [    Test worker] o.h.type.descriptor.sql.BasicExtractor   : extracted value ([postito16_25_0_] : [VARCHAR]) - [Juupajoki]
2020-06-10 18:12:08.763 TRACE 55751 --- [    Test worker] o.h.type.descriptor.sql.BasicExtractor   : extracted value ([ytjpaiv17_25_0_] : [DATE]) - [null]
2020-06-10 18:12:08.763 TRACE 55751 --- [    Test worker] o.h.type.descriptor.sql.BasicExtractor   : extracted value ([organisa1_18_2_] : [BIGINT]) - [1]
2020-06-10 18:12:08.763 TRACE 55751 --- [    Test worker] o.h.type.descriptor.sql.BasicExtractor   : extracted value ([yhteysti2_18_2_] : [BIGINT]) - [1002]
2020-06-10 18:12:08.763 TRACE 55751 --- [    Test worker] o.h.type.descriptor.sql.BasicExtractor   : extracted value ([id2_25_0_] : [BIGINT]) - [1003]
2020-06-10 18:12:08.763 TRACE 55751 --- [    Test worker] o.h.type.descriptor.sql.BasicExtractor   : extracted value ([id1_5_1_] : [BIGINT]) - [null]
2020-06-10 18:12:08.763 TRACE 55751 --- [    Test worker] o.h.type.descriptor.sql.BasicExtractor   : extracted value ([dtype1_25_0_] : [VARCHAR]) - [Osoite]
2020-06-10 18:12:08.763 TRACE 55751 --- [    Test worker] o.h.type.descriptor.sql.BasicExtractor   : extracted value ([version3_25_0_] : [BIGINT]) - [1]
2020-06-10 18:12:08.763 TRACE 55751 --- [    Test worker] o.h.type.descriptor.sql.BasicExtractor   : extracted value ([kieli4_25_0_] : [VARCHAR]) - [kieli_en#1]
2020-06-10 18:12:08.763 TRACE 55751 --- [    Test worker] o.h.type.descriptor.sql.BasicExtractor   : extracted value ([organis21_25_0_] : [BIGINT]) - [null]
2020-06-10 18:12:08.763 TRACE 55751 --- [    Test worker] o.h.type.descriptor.sql.BasicExtractor   : extracted value ([yhteysti5_25_0_] : [VARCHAR]) - [1.2.2004.7]
2020-06-10 18:12:08.763 TRACE 55751 --- [    Test worker] o.h.type.descriptor.sql.BasicExtractor   : extracted value ([coordina7_25_0_] : [VARCHAR]) - [null]
2020-06-10 18:12:08.763 TRACE 55751 --- [    Test worker] o.h.type.descriptor.sql.BasicExtractor   : extracted value ([extrariv8_25_0_] : [VARCHAR]) - [null]
2020-06-10 18:12:08.763 TRACE 55751 --- [    Test worker] o.h.type.descriptor.sql.BasicExtractor   : extracted value ([lat9_25_0_] : [DOUBLE]) - [null]
2020-06-10 18:12:08.763 TRACE 55751 --- [    Test worker] o.h.type.descriptor.sql.BasicExtractor   : extracted value ([lng10_25_0_] : [DOUBLE]) - [null]
2020-06-10 18:12:08.763 TRACE 55751 --- [    Test worker] o.h.type.descriptor.sql.BasicExtractor   : extracted value ([maa11_25_0_] : [VARCHAR]) - [null]
2020-06-10 18:12:08.763 TRACE 55751 --- [    Test worker] o.h.type.descriptor.sql.BasicExtractor   : extracted value ([osavalt12_25_0_] : [VARCHAR]) - [null]
2020-06-10 18:12:08.763 TRACE 55751 --- [    Test worker] o.h.type.descriptor.sql.BasicExtractor   : extracted value ([osoite13_25_0_] : [VARCHAR]) - [Hassuttimenkatu 2, 10000 Juupajoki, Finland]
2020-06-10 18:12:08.763 TRACE 55751 --- [    Test worker] o.h.type.descriptor.sql.BasicExtractor   : extracted value ([osoite_14_25_0_] : [VARCHAR]) - [ulkomainen_kaynti]
2020-06-10 18:12:08.763 TRACE 55751 --- [    Test worker] o.h.type.descriptor.sql.BasicExtractor   : extracted value ([postinu15_25_0_] : [VARCHAR]) - [null]
2020-06-10 18:12:08.763 TRACE 55751 --- [    Test worker] o.h.type.descriptor.sql.BasicExtractor   : extracted value ([postito16_25_0_] : [VARCHAR]) - [null]
2020-06-10 18:12:08.763 TRACE 55751 --- [    Test worker] o.h.type.descriptor.sql.BasicExtractor   : extracted value ([ytjpaiv17_25_0_] : [DATE]) - [null]
2020-06-10 18:12:08.763 TRACE 55751 --- [    Test worker] o.h.type.descriptor.sql.BasicExtractor   : extracted value ([organisa1_18_2_] : [BIGINT]) - [1]
2020-06-10 18:12:08.763 TRACE 55751 --- [    Test worker] o.h.type.descriptor.sql.BasicExtractor   : extracted value ([yhteysti2_18_2_] : [BIGINT]) - [1003]
2020-06-10 18:12:08.763 TRACE 55751 --- [    Test worker] o.h.type.descriptor.sql.BasicExtractor   : extracted value ([id2_25_0_] : [BIGINT]) - [1004]
2020-06-10 18:12:08.763 TRACE 55751 --- [    Test worker] o.h.type.descriptor.sql.BasicExtractor   : extracted value ([id1_5_1_] : [BIGINT]) - [null]
2020-06-10 18:12:08.763 TRACE 55751 --- [    Test worker] o.h.type.descriptor.sql.BasicExtractor   : extracted value ([dtype1_25_0_] : [VARCHAR]) - [Osoite]
2020-06-10 18:12:08.764 TRACE 55751 --- [    Test worker] o.h.type.descriptor.sql.BasicExtractor   : extracted value ([version3_25_0_] : [BIGINT]) - [1]
2020-06-10 18:12:08.764 TRACE 55751 --- [    Test worker] o.h.type.descriptor.sql.BasicExtractor   : extracted value ([kieli4_25_0_] : [VARCHAR]) - [kieli_en#1]
2020-06-10 18:12:08.764 TRACE 55751 --- [    Test worker] o.h.type.descriptor.sql.BasicExtractor   : extracted value ([organis21_25_0_] : [BIGINT]) - [null]
2020-06-10 18:12:08.764 TRACE 55751 --- [    Test worker] o.h.type.descriptor.sql.BasicExtractor   : extracted value ([yhteysti5_25_0_] : [VARCHAR]) - [1.2.2004.8]
2020-06-10 18:12:08.764 TRACE 55751 --- [    Test worker] o.h.type.descriptor.sql.BasicExtractor   : extracted value ([coordina7_25_0_] : [VARCHAR]) - [null]
2020-06-10 18:12:08.764 TRACE 55751 --- [    Test worker] o.h.type.descriptor.sql.BasicExtractor   : extracted value ([extrariv8_25_0_] : [VARCHAR]) - [null]
2020-06-10 18:12:08.764 TRACE 55751 --- [    Test worker] o.h.type.descriptor.sql.BasicExtractor   : extracted value ([lat9_25_0_] : [DOUBLE]) - [null]
2020-06-10 18:12:08.764 TRACE 55751 --- [    Test worker] o.h.type.descriptor.sql.BasicExtractor   : extracted value ([lng10_25_0_] : [DOUBLE]) - [null]
2020-06-10 18:12:08.764 TRACE 55751 --- [    Test worker] o.h.type.descriptor.sql.BasicExtractor   : extracted value ([maa11_25_0_] : [VARCHAR]) - [null]
2020-06-10 18:12:08.764 TRACE 55751 --- [    Test worker] o.h.type.descriptor.sql.BasicExtractor   : extracted value ([osavalt12_25_0_] : [VARCHAR]) - [null]
2020-06-10 18:12:08.764 TRACE 55751 --- [    Test worker] o.h.type.descriptor.sql.BasicExtractor   : extracted value ([osoite13_25_0_] : [VARCHAR]) - [Hassuttimenkatu 2, 10000 Juupajoki, Finland]
2020-06-10 18:12:08.764 TRACE 55751 --- [    Test worker] o.h.type.descriptor.sql.BasicExtractor   : extracted value ([osoite_14_25_0_] : [VARCHAR]) - [ulkomainen_posti]
2020-06-10 18:12:08.764 TRACE 55751 --- [    Test worker] o.h.type.descriptor.sql.BasicExtractor   : extracted value ([postinu15_25_0_] : [VARCHAR]) - [null]
2020-06-10 18:12:08.764 TRACE 55751 --- [    Test worker] o.h.type.descriptor.sql.BasicExtractor   : extracted value ([postito16_25_0_] : [VARCHAR]) - [null]
2020-06-10 18:12:08.764 TRACE 55751 --- [    Test worker] o.h.type.descriptor.sql.BasicExtractor   : extracted value ([ytjpaiv17_25_0_] : [DATE]) - [null]
2020-06-10 18:12:08.764 TRACE 55751 --- [    Test worker] o.h.type.descriptor.sql.BasicExtractor   : extracted value ([organisa1_18_2_] : [BIGINT]) - [1]
2020-06-10 18:12:08.764 TRACE 55751 --- [    Test worker] o.h.type.descriptor.sql.BasicExtractor   : extracted value ([yhteysti2_18_2_] : [BIGINT]) - [1004]
2020-06-10 18:12:08.764 TRACE 55751 --- [    Test worker] o.h.type.descriptor.sql.BasicExtractor   : extracted value ([id2_25_0_] : [BIGINT]) - [1101]
2020-06-10 18:12:08.764 TRACE 55751 --- [    Test worker] o.h.type.descriptor.sql.BasicExtractor   : extracted value ([id1_5_1_] : [BIGINT]) - [null]
2020-06-10 18:12:08.764 TRACE 55751 --- [    Test worker] o.h.type.descriptor.sql.BasicExtractor   : extracted value ([dtype1_25_0_] : [VARCHAR]) - [Www]
2020-06-10 18:12:08.764 TRACE 55751 --- [    Test worker] o.h.type.descriptor.sql.BasicExtractor   : extracted value ([version3_25_0_] : [BIGINT]) - [1]
2020-06-10 18:12:08.764 TRACE 55751 --- [    Test worker] o.h.type.descriptor.sql.BasicExtractor   : extracted value ([kieli4_25_0_] : [VARCHAR]) - [kieli_fi#1]
2020-06-10 18:12:08.764 TRACE 55751 --- [    Test worker] o.h.type.descriptor.sql.BasicExtractor   : extracted value ([organis21_25_0_] : [BIGINT]) - [null]
2020-06-10 18:12:08.764 TRACE 55751 --- [    Test worker] o.h.type.descriptor.sql.BasicExtractor   : extracted value ([yhteysti5_25_0_] : [VARCHAR]) - [1.2.2004.100]
2020-06-10 18:12:08.764 TRACE 55751 --- [    Test worker] o.h.type.descriptor.sql.BasicExtractor   : extracted value ([www_oso20_25_0_] : [VARCHAR]) - [http://www.foo.fi]
2020-06-10 18:12:08.764 TRACE 55751 --- [    Test worker] o.h.type.descriptor.sql.BasicExtractor   : extracted value ([organisa1_18_2_] : [BIGINT]) - [1]
2020-06-10 18:12:08.764 TRACE 55751 --- [    Test worker] o.h.type.descriptor.sql.BasicExtractor   : extracted value ([yhteysti2_18_2_] : [BIGINT]) - [1101]
2020-06-10 18:12:08.764 TRACE 55751 --- [    Test worker] o.h.type.descriptor.sql.BasicExtractor   : extracted value ([id2_25_0_] : [BIGINT]) - [1102]
2020-06-10 18:12:08.764 TRACE 55751 --- [    Test worker] o.h.type.descriptor.sql.BasicExtractor   : extracted value ([id1_5_1_] : [BIGINT]) - [null]
2020-06-10 18:12:08.764 TRACE 55751 --- [    Test worker] o.h.type.descriptor.sql.BasicExtractor   : extracted value ([dtype1_25_0_] : [VARCHAR]) - [Www]
2020-06-10 18:12:08.764 TRACE 55751 --- [    Test worker] o.h.type.descriptor.sql.BasicExtractor   : extracted value ([version3_25_0_] : [BIGINT]) - [1]
2020-06-10 18:12:08.764 TRACE 55751 --- [    Test worker] o.h.type.descriptor.sql.BasicExtractor   : extracted value ([kieli4_25_0_] : [VARCHAR]) - [kieli_en#1]
2020-06-10 18:12:08.764 TRACE 55751 --- [    Test worker] o.h.type.descriptor.sql.BasicExtractor   : extracted value ([organis21_25_0_] : [BIGINT]) - [null]
2020-06-10 18:12:08.764 TRACE 55751 --- [    Test worker] o.h.type.descriptor.sql.BasicExtractor   : extracted value ([yhteysti5_25_0_] : [VARCHAR]) - [1.2.2004.101]
2020-06-10 18:12:08.764 TRACE 55751 --- [    Test worker] o.h.type.descriptor.sql.BasicExtractor   : extracted value ([www_oso20_25_0_] : [VARCHAR]) - [http://www.foo.fi/en]
2020-06-10 18:12:08.764 TRACE 55751 --- [    Test worker] o.h.type.descriptor.sql.BasicExtractor   : extracted value ([organisa1_18_2_] : [BIGINT]) - [1]
2020-06-10 18:12:08.764 TRACE 55751 --- [    Test worker] o.h.type.descriptor.sql.BasicExtractor   : extracted value ([yhteysti2_18_2_] : [BIGINT]) - [1102]
2020-06-10 18:12:08.764 TRACE 55751 --- [    Test worker] o.h.type.descriptor.sql.BasicExtractor   : extracted value ([id2_25_0_] : [BIGINT]) - [1201]
2020-06-10 18:12:08.764 TRACE 55751 --- [    Test worker] o.h.type.descriptor.sql.BasicExtractor   : extracted value ([id1_5_1_] : [BIGINT]) - [null]
2020-06-10 18:12:08.764 TRACE 55751 --- [    Test worker] o.h.type.descriptor.sql.BasicExtractor   : extracted value ([dtype1_25_0_] : [VARCHAR]) - [Puhelinnumero]
2020-06-10 18:12:08.764 TRACE 55751 --- [    Test worker] o.h.type.descriptor.sql.BasicExtractor   : extracted value ([version3_25_0_] : [BIGINT]) - [1]
2020-06-10 18:12:08.764 TRACE 55751 --- [    Test worker] o.h.type.descriptor.sql.BasicExtractor   : extracted value ([kieli4_25_0_] : [VARCHAR]) - [kieli_fi#1]
2020-06-10 18:12:08.764 TRACE 55751 --- [    Test worker] o.h.type.descriptor.sql.BasicExtractor   : extracted value ([organis21_25_0_] : [BIGINT]) - [null]
2020-06-10 18:12:08.764 TRACE 55751 --- [    Test worker] o.h.type.descriptor.sql.BasicExtractor   : extracted value ([yhteysti5_25_0_] : [VARCHAR]) - [1.2.2004.201]
2020-06-10 18:12:08.764 TRACE 55751 --- [    Test worker] o.h.type.descriptor.sql.BasicExtractor   : extracted value ([puhelin18_25_0_] : [VARCHAR]) - [123456789]
2020-06-10 18:12:08.764 TRACE 55751 --- [    Test worker] o.h.type.descriptor.sql.BasicExtractor   : extracted value ([tyyppi19_25_0_] : [VARCHAR]) - [puhelin]
2020-06-10 18:12:08.764 TRACE 55751 --- [    Test worker] o.h.type.descriptor.sql.BasicExtractor   : extracted value ([organisa1_18_2_] : [BIGINT]) - [1]
2020-06-10 18:12:08.764 TRACE 55751 --- [    Test worker] o.h.type.descriptor.sql.BasicExtractor   : extracted value ([yhteysti2_18_2_] : [BIGINT]) - [1201]
2020-06-10 18:12:08.765 TRACE 55751 --- [    Test worker] o.h.type.descriptor.sql.BasicExtractor   : extracted value ([id2_25_0_] : [BIGINT]) - [1301]
2020-06-10 18:12:08.765 TRACE 55751 --- [    Test worker] o.h.type.descriptor.sql.BasicExtractor   : extracted value ([id1_5_1_] : [BIGINT]) - [null]
2020-06-10 18:12:08.765 TRACE 55751 --- [    Test worker] o.h.type.descriptor.sql.BasicExtractor   : extracted value ([dtype1_25_0_] : [VARCHAR]) - [Email]
2020-06-10 18:12:08.765 TRACE 55751 --- [    Test worker] o.h.type.descriptor.sql.BasicExtractor   : extracted value ([version3_25_0_] : [BIGINT]) - [1]
2020-06-10 18:12:08.765 TRACE 55751 --- [    Test worker] o.h.type.descriptor.sql.BasicExtractor   : extracted value ([kieli4_25_0_] : [VARCHAR]) - [kieli_fi#1]
2020-06-10 18:12:08.765 TRACE 55751 --- [    Test worker] o.h.type.descriptor.sql.BasicExtractor   : extracted value ([organis21_25_0_] : [BIGINT]) - [null]
2020-06-10 18:12:08.765 TRACE 55751 --- [    Test worker] o.h.type.descriptor.sql.BasicExtractor   : extracted value ([yhteysti5_25_0_] : [VARCHAR]) - [1.2.2004.301]
2020-06-10 18:12:08.765 TRACE 55751 --- [    Test worker] o.h.type.descriptor.sql.BasicExtractor   : extracted value ([email6_25_0_] : [VARCHAR]) - [foo@bar.com]
2020-06-10 18:12:08.765 TRACE 55751 --- [    Test worker] o.h.type.descriptor.sql.BasicExtractor   : extracted value ([organisa1_18_2_] : [BIGINT]) - [1]
2020-06-10 18:12:08.765 TRACE 55751 --- [    Test worker] o.h.type.descriptor.sql.BasicExtractor   : extracted value ([yhteysti2_18_2_] : [BIGINT]) - [1301]
Hibernate: 
    select
        values0_.organisaatio_meta_data_id as organisa1_17_1_,
        values0_.values_id as values_i2_17_1_,
        namedmonik1_.id as id1_4_0_,
        namedmonik1_.version as version2_4_0_,
        namedmonik1_.key as key3_4_0_,
        namedmonik1_.name_id as name_id4_4_0_,
        namedmonik1_.value_id as value_id5_4_0_ 
    from
        organisaatio_meta_data_values values0_ 
    inner join
        named_monikielinen_teksti namedmonik1_ 
            on values0_.values_id=namedmonik1_.id 
    where
        values0_.organisaatio_meta_data_id=?
2020-06-10 18:12:08.765 TRACE 55751 --- [    Test worker] o.h.type.descriptor.sql.BasicBinder      : binding parameter [1] as [BIGINT] - [1]
Hibernate: 
    select
        parentsuht0_.child_id as child_id7_19_0_,
        parentsuht0_.id as id1_19_0_,
        parentsuht0_.id as id1_19_1_,
        parentsuht0_.version as version2_19_1_,
        parentsuht0_.alkupvm as alkupvm3_19_1_,
        parentsuht0_.child_id as child_id7_19_1_,
        parentsuht0_.loppupvm as loppupvm4_19_1_,
        parentsuht0_.opetuspisteenjarjnro as opetuspi5_19_1_,
        parentsuht0_.parent_id as parent_i8_19_1_,
        parentsuht0_.suhdetyyppi as suhdetyy6_19_1_ 
    from
        organisaatiosuhde parentsuht0_ 
    where
        parentsuht0_.child_id=? 
    order by
        parentsuht0_.alkupvm
2020-06-10 18:12:08.766 TRACE 55751 --- [    Test worker] o.h.type.descriptor.sql.BasicBinder      : binding parameter [1] as [BIGINT] - [4]
2020-06-10 18:12:08.766 TRACE 55751 --- [    Test worker] o.h.type.descriptor.sql.BasicExtractor   : extracted value ([id1_19_1_] : [BIGINT]) - [3]
2020-06-10 18:12:08.766 TRACE 55751 --- [    Test worker] o.h.type.descriptor.sql.BasicExtractor   : extracted value ([version2_19_1_] : [BIGINT]) - [0]
2020-06-10 18:12:08.766 TRACE 55751 --- [    Test worker] o.h.type.descriptor.sql.BasicExtractor   : extracted value ([alkupvm3_19_1_] : [DATE]) - [2014-12-02]
2020-06-10 18:12:08.766 TRACE 55751 --- [    Test worker] o.h.type.descriptor.sql.BasicExtractor   : extracted value ([child_id7_19_1_] : [BIGINT]) - [4]
2020-06-10 18:12:08.766 TRACE 55751 --- [    Test worker] o.h.type.descriptor.sql.BasicExtractor   : extracted value ([loppupvm4_19_1_] : [DATE]) - [null]
2020-06-10 18:12:08.766 TRACE 55751 --- [    Test worker] o.h.type.descriptor.sql.BasicExtractor   : extracted value ([opetuspi5_19_1_] : [VARCHAR]) - [null]
2020-06-10 18:12:08.766 TRACE 55751 --- [    Test worker] o.h.type.descriptor.sql.BasicExtractor   : extracted value ([parent_i8_19_1_] : [BIGINT]) - [2]
2020-06-10 18:12:08.766 TRACE 55751 --- [    Test worker] o.h.type.descriptor.sql.BasicExtractor   : extracted value ([suhdetyy6_19_1_] : [VARCHAR]) - [HISTORIA]
2020-06-10 18:12:08.766 TRACE 55751 --- [    Test worker] o.h.type.descriptor.sql.BasicExtractor   : extracted value ([child_id7_19_0_] : [BIGINT]) - [4]
2020-06-10 18:12:08.766 TRACE 55751 --- [    Test worker] o.h.type.descriptor.sql.BasicExtractor   : extracted value ([id1_19_0_] : [BIGINT]) - [3]
Hibernate: 
    select
        organisaat0_.id as id1_5_0_,
        organisaat0_.version as version2_5_0_,
        organisaat0_.alkupvm as alkupvm3_5_0_,
        organisaat0_.domainnimi as domainni4_5_0_,
        organisaat0_.kotipaikka as kotipaik5_5_0_,
        organisaat0_.kuvaus_mkt as kuvaus_28_5_0_,
        organisaat0_.lakkautuspvm as lakkautu6_5_0_,
        organisaat0_.maa as maa7_5_0_,
        organisaat0_.metadata_id as metadat29_5_0_,
        organisaat0_.nimi_mkt as nimi_mk30_5_0_,
        organisaat0_.nimihaku as nimihaku8_5_0_,
        organisaat0_.oid as oid9_5_0_,
        organisaat0_.opetuspisteenjarjnro as opetusp10_5_0_,
        organisaat0_.oppilaitoskoodi as oppilai11_5_0_,
        organisaat0_.oppilaitos_tyyppi as oppilai12_5_0_,
        organisaat0_.organisaatio_poistettu as organis13_5_0_,
        organisaat0_.paivittaja as paivitt14_5_0_,
        organisaat0_.paivityspvm as paivity15_5_0_,
        organisaat0_.parentidpath as parenti16_5_0_,
        organisaat0_.parentoidpath as parento17_5_0_,
        organisaat0_.piilotettu as piilote18_5_0_,
        organisaat0_.tarkastus_pvm as tarkast19_5_0_,
        organisaat0_.toimipistekoodi as toimipi20_5_0_,
        organisaat0_.tuontipvm as tuontip21_5_0_,
        organisaat0_.varhaiskasvatuksen_toimipaikka_tiedot_id as varhais31_5_0_,
        organisaat0_.virastotunnus as virasto22_5_0_,
        organisaat0_.yhteishaunkoulukoodi as yhteish23_5_0_,
        organisaat0_.yritysmuoto as yritysm24_5_0_,
        organisaat0_.ytj_kieli as ytj_kie25_5_0_,
        organisaat0_.ytjpaivityspvm as ytjpaiv26_5_0_,
        organisaat0_.ytunnus as ytunnus27_5_0_ 
    from
        organisaatio organisaat0_ 
    where
        organisaat0_.id=?
2020-06-10 18:12:08.766 TRACE 55751 --- [    Test worker] o.h.type.descriptor.sql.BasicBinder      : binding parameter [1] as [BIGINT] - [2]
2020-06-10 18:12:08.767 TRACE 55751 --- [    Test worker] o.h.type.descriptor.sql.BasicExtractor   : extracted value ([version2_5_0_] : [BIGINT]) - [2]
2020-06-10 18:12:08.767 TRACE 55751 --- [    Test worker] o.h.type.descriptor.sql.BasicExtractor   : extracted value ([alkupvm3_5_0_] : [DATE]) - [2004-08-08]
2020-06-10 18:12:08.767 TRACE 55751 --- [    Test worker] o.h.type.descriptor.sql.BasicExtractor   : extracted value ([domainni4_5_0_] : [VARCHAR]) - [null]
2020-06-10 18:12:08.767 TRACE 55751 --- [    Test worker] o.h.type.descriptor.sql.BasicExtractor   : extracted value ([kotipaik5_5_0_] : [VARCHAR]) - [Helsinki]
2020-06-10 18:12:08.767 TRACE 55751 --- [    Test worker] o.h.type.descriptor.sql.BasicExtractor   : extracted value ([kuvaus_28_5_0_] : [BIGINT]) - [null]
2020-06-10 18:12:08.767 TRACE 55751 --- [    Test worker] o.h.type.descriptor.sql.BasicExtractor   : extracted value ([lakkautu6_5_0_] : [DATE]) - [null]
2020-06-10 18:12:08.767 TRACE 55751 --- [    Test worker] o.h.type.descriptor.sql.BasicExtractor   : extracted value ([maa7_5_0_] : [VARCHAR]) - [null]
2020-06-10 18:12:08.767 TRACE 55751 --- [    Test worker] o.h.type.descriptor.sql.BasicExtractor   : extracted value ([metadat29_5_0_] : [BIGINT]) - [null]
2020-06-10 18:12:08.767 TRACE 55751 --- [    Test worker] o.h.type.descriptor.sql.BasicExtractor   : extracted value ([nimi_mk30_5_0_] : [BIGINT]) - [2]
2020-06-10 18:12:08.767 TRACE 55751 --- [    Test worker] o.h.type.descriptor.sql.BasicExtractor   : extracted value ([nimihaku8_5_0_] : [VARCHAR]) - [root test koulutustoimija]
2020-06-10 18:12:08.767 TRACE 55751 --- [    Test worker] o.h.type.descriptor.sql.BasicExtractor   : extracted value ([oid9_5_0_] : [VARCHAR]) - [1.2.2004.1]
2020-06-10 18:12:08.767 TRACE 55751 --- [    Test worker] o.h.type.descriptor.sql.BasicExtractor   : extracted value ([opetusp10_5_0_] : [VARCHAR]) - [null]
2020-06-10 18:12:08.767 TRACE 55751 --- [    Test worker] o.h.type.descriptor.sql.BasicExtractor   : extracted value ([oppilai11_5_0_] : [VARCHAR]) - [12345]
2020-06-10 18:12:08.767 TRACE 55751 --- [    Test worker] o.h.type.descriptor.sql.BasicExtractor   : extracted value ([oppilai12_5_0_] : [VARCHAR]) - [null]
2020-06-10 18:12:08.767 TRACE 55751 --- [    Test worker] o.h.type.descriptor.sql.BasicExtractor   : extracted value ([organis13_5_0_] : [BOOLEAN]) - [false]
2020-06-10 18:12:08.767 TRACE 55751 --- [    Test worker] o.h.type.descriptor.sql.BasicExtractor   : extracted value ([paivitt14_5_0_] : [VARCHAR]) - [null]
2020-06-10 18:12:08.767 TRACE 55751 --- [    Test worker] o.h.type.descriptor.sql.BasicExtractor   : extracted value ([paivity15_5_0_] : [TIMESTAMP]) - [null]
2020-06-10 18:12:08.767 TRACE 55751 --- [    Test worker] o.h.type.descriptor.sql.BasicExtractor   : extracted value ([parenti16_5_0_] : [VARCHAR]) - [|1|]
2020-06-10 18:12:08.767 TRACE 55751 --- [    Test worker] o.h.type.descriptor.sql.BasicExtractor   : extracted value ([parento17_5_0_] : [VARCHAR]) - [|1.2.246.562.24.00000000001|]
2020-06-10 18:12:08.767 TRACE 55751 --- [    Test worker] o.h.type.descriptor.sql.BasicExtractor   : extracted value ([piilote18_5_0_] : [BOOLEAN]) - [false]
2020-06-10 18:12:08.767 TRACE 55751 --- [    Test worker] o.h.type.descriptor.sql.BasicExtractor   : extracted value ([tarkast19_5_0_] : [TIMESTAMP]) - [null]
2020-06-10 18:12:08.767 TRACE 55751 --- [    Test worker] o.h.type.descriptor.sql.BasicExtractor   : extracted value ([toimipi20_5_0_] : [VARCHAR]) - [null]
2020-06-10 18:12:08.767 TRACE 55751 --- [    Test worker] o.h.type.descriptor.sql.BasicExtractor   : extracted value ([tuontip21_5_0_] : [TIMESTAMP]) - [null]
2020-06-10 18:12:08.767 TRACE 55751 --- [    Test worker] o.h.type.descriptor.sql.BasicExtractor   : extracted value ([varhais31_5_0_] : [BIGINT]) - [null]
2020-06-10 18:12:08.767 TRACE 55751 --- [    Test worker] o.h.type.descriptor.sql.BasicExtractor   : extracted value ([virasto22_5_0_] : [VARCHAR]) - [null]
2020-06-10 18:12:08.767 TRACE 55751 --- [    Test worker] o.h.type.descriptor.sql.BasicExtractor   : extracted value ([yhteish23_5_0_] : [VARCHAR]) - [null]
2020-06-10 18:12:08.767 TRACE 55751 --- [    Test worker] o.h.type.descriptor.sql.BasicExtractor   : extracted value ([yritysm24_5_0_] : [VARCHAR]) - [oy]
2020-06-10 18:12:08.767 TRACE 55751 --- [    Test worker] o.h.type.descriptor.sql.BasicExtractor   : extracted value ([ytj_kie25_5_0_] : [VARCHAR]) - [null]
2020-06-10 18:12:08.767 TRACE 55751 --- [    Test worker] o.h.type.descriptor.sql.BasicExtractor   : extracted value ([ytjpaiv26_5_0_] : [DATE]) - [null]
2020-06-10 18:12:08.767 TRACE 55751 --- [    Test worker] o.h.type.descriptor.sql.BasicExtractor   : extracted value ([ytunnus27_5_0_] : [VARCHAR]) - [2255802-1]
2020-06-10 18:12:08.767 TRACE 55751 --- [    Test worker] org.hibernate.type.CollectionType        : Created collection wrapper: [fi.vm.sade.organisaatio.model.Organisaatio.childSuhteet#2]
2020-06-10 18:12:08.767 TRACE 55751 --- [    Test worker] org.hibernate.type.CollectionType        : Created collection wrapper: [fi.vm.sade.organisaatio.model.Organisaatio.kayttoryhmat#2]
2020-06-10 18:12:08.767 TRACE 55751 --- [    Test worker] org.hibernate.type.CollectionType        : Created collection wrapper: [fi.vm.sade.organisaatio.model.Organisaatio.kielet#2]
2020-06-10 18:12:08.767 TRACE 55751 --- [    Test worker] org.hibernate.type.CollectionType        : Created collection wrapper: [fi.vm.sade.organisaatio.model.Organisaatio.muutKotipaikatUris#2]
2020-06-10 18:12:08.767 TRACE 55751 --- [    Test worker] org.hibernate.type.CollectionType        : Created collection wrapper: [fi.vm.sade.organisaatio.model.Organisaatio.muutOppilaitosTyyppiUris#2]
2020-06-10 18:12:08.767 TRACE 55751 --- [    Test worker] org.hibernate.type.CollectionType        : Created collection wrapper: [fi.vm.sade.organisaatio.model.Organisaatio.nimet#2]
2020-06-10 18:12:08.767 TRACE 55751 --- [    Test worker] org.hibernate.type.CollectionType        : Created collection wrapper: [fi.vm.sade.organisaatio.model.Organisaatio.organisaatioLisatietotyypit#2]
2020-06-10 18:12:08.767 TRACE 55751 --- [    Test worker] org.hibernate.type.CollectionType        : Created collection wrapper: [fi.vm.sade.organisaatio.model.Organisaatio.parentSuhteet#2]
2020-06-10 18:12:08.767 TRACE 55751 --- [    Test worker] org.hibernate.type.CollectionType        : Created collection wrapper: [fi.vm.sade.organisaatio.model.Organisaatio.ryhmatyypit#2]
2020-06-10 18:12:08.767 TRACE 55751 --- [    Test worker] org.hibernate.type.CollectionType        : Created collection wrapper: [fi.vm.sade.organisaatio.model.Organisaatio.tyypit#2]
2020-06-10 18:12:08.767 TRACE 55751 --- [    Test worker] org.hibernate.type.CollectionType        : Created collection wrapper: [fi.vm.sade.organisaatio.model.Organisaatio.vuosiluokat#2]
2020-06-10 18:12:08.767 TRACE 55751 --- [    Test worker] org.hibernate.type.CollectionType        : Created collection wrapper: [fi.vm.sade.organisaatio.model.Organisaatio.yhteystiedot#2]
2020-06-10 18:12:08.767 TRACE 55751 --- [    Test worker] org.hibernate.type.CollectionType        : Created collection wrapper: [fi.vm.sade.organisaatio.model.Organisaatio.yhteystietoArvos#2]
Hibernate: 
    select
        tyypit0_.organisaatio_id as organisa1_14_0_,
        tyypit0_.tyypit as tyypit2_14_0_ 
    from
        organisaatio_tyypit tyypit0_ 
    where
        tyypit0_.organisaatio_id in (
            ?, ?
        )
2020-06-10 18:12:08.768 TRACE 55751 --- [    Test worker] o.h.type.descriptor.sql.BasicBinder      : binding parameter [1] as [BIGINT] - [4]
2020-06-10 18:12:08.768 TRACE 55751 --- [    Test worker] o.h.type.descriptor.sql.BasicBinder      : binding parameter [2] as [BIGINT] - [2]
2020-06-10 18:12:08.768 TRACE 55751 --- [    Test worker] o.h.type.descriptor.sql.BasicExtractor   : extracted value ([organisa1_14_0_] : [BIGINT]) - [2]
2020-06-10 18:12:08.768 TRACE 55751 --- [    Test worker] o.h.type.descriptor.sql.BasicExtractor   : extracted value ([tyypit2_14_0_] : [VARCHAR]) - [organisaatiotyyppi_01]
2020-06-10 18:12:08.768 TRACE 55751 --- [    Test worker] o.h.type.descriptor.sql.BasicExtractor   : extracted value ([organisa1_14_0_] : [BIGINT]) - [4]
2020-06-10 18:12:08.768 TRACE 55751 --- [    Test worker] o.h.type.descriptor.sql.BasicExtractor   : extracted value ([tyypit2_14_0_] : [VARCHAR]) - [organisaatiotyyppi_03]
2020-06-10 18:12:08.768 TRACE 55751 --- [    Test worker] o.h.type.descriptor.sql.BasicExtractor   : extracted value ([organisa1_14_0_] : [BIGINT]) - [4]
2020-06-10 18:12:08.768 TRACE 55751 --- [    Test worker] o.h.type.descriptor.sql.BasicExtractor   : extracted value ([tyypit2_14_0_] : [VARCHAR]) - [organisaatiotyyppi_02]
2020-06-10 18:12:08.768 TRACE 55751 --- [    Test worker] o.h.type.descriptor.sql.BasicExtractor   : extracted value ([organisa1_14_0_] : [BIGINT]) - [4]
2020-06-10 18:12:08.768 TRACE 55751 --- [    Test worker] o.h.type.descriptor.sql.BasicExtractor   : extracted value ([tyypit2_14_0_] : [VARCHAR]) - [organisaatiotyyppi_04]
Hibernate: 
    select
        vuosiluoka0_.organisaatio_id as organisa1_15_0_,
        vuosiluoka0_.vuosiluokat as vuosiluo2_15_0_ 
    from
        organisaatio_vuosiluokat vuosiluoka0_ 
    where
        vuosiluoka0_.organisaatio_id in (
            ?, ?
        )
2020-06-10 18:12:08.768 TRACE 55751 --- [    Test worker] o.h.type.descriptor.sql.BasicBinder      : binding parameter [1] as [BIGINT] - [4]
2020-06-10 18:12:08.768 TRACE 55751 --- [    Test worker] o.h.type.descriptor.sql.BasicBinder      : binding parameter [2] as [BIGINT] - [2]
Hibernate: 
    select
        ryhmatyypi0_.organisaatio_id as organisa1_12_0_,
        ryhmatyypi0_.ryhmatyypit as ryhmatyy2_12_0_ 
    from
        organisaatio_ryhmatyypit ryhmatyypi0_ 
    where
        ryhmatyypi0_.organisaatio_id in (
            ?, ?
        )
2020-06-10 18:12:08.768 TRACE 55751 --- [    Test worker] o.h.type.descriptor.sql.BasicBinder      : binding parameter [1] as [BIGINT] - [4]
2020-06-10 18:12:08.768 TRACE 55751 --- [    Test worker] o.h.type.descriptor.sql.BasicBinder      : binding parameter [2] as [BIGINT] - [2]
Hibernate: 
    select
        kayttoryhm0_.organisaatio_id as organisa1_6_0_,
        kayttoryhm0_.kayttoryhmat as kayttory2_6_0_ 
    from
        organisaatio_kayttoryhmat kayttoryhm0_ 
    where
        kayttoryhm0_.organisaatio_id in (
            ?, ?
        )
2020-06-10 18:12:08.769 TRACE 55751 --- [    Test worker] o.h.type.descriptor.sql.BasicBinder      : binding parameter [1] as [BIGINT] - [4]
2020-06-10 18:12:08.769 TRACE 55751 --- [    Test worker] o.h.type.descriptor.sql.BasicBinder      : binding parameter [2] as [BIGINT] - [2]
Hibernate: 
    select
        monikielin0_.id as id1_2_0_,
        monikielin0_.version as version2_2_0_ 
    from
        monikielinen_teksti monikielin0_ 
    where
        monikielin0_.id in (
            ?, ?
        )
2020-06-10 18:12:08.769 TRACE 55751 --- [    Test worker] o.h.type.descriptor.sql.BasicBinder      : binding parameter [1] as [BIGINT] - [4]
2020-06-10 18:12:08.769 TRACE 55751 --- [    Test worker] o.h.type.descriptor.sql.BasicBinder      : binding parameter [2] as [BIGINT] - [2]
2020-06-10 18:12:08.769 TRACE 55751 --- [    Test worker] o.h.type.descriptor.sql.BasicExtractor   : extracted value ([id1_2_0_] : [BIGINT]) - [2]
2020-06-10 18:12:08.769 TRACE 55751 --- [    Test worker] o.h.type.descriptor.sql.BasicExtractor   : extracted value ([version2_2_0_] : [BIGINT]) - [0]
2020-06-10 18:12:08.769 TRACE 55751 --- [    Test worker] o.h.type.descriptor.sql.BasicExtractor   : extracted value ([id1_2_0_] : [BIGINT]) - [4]
2020-06-10 18:12:08.769 TRACE 55751 --- [    Test worker] o.h.type.descriptor.sql.BasicExtractor   : extracted value ([version2_2_0_] : [BIGINT]) - [0]
2020-06-10 18:12:08.769 TRACE 55751 --- [    Test worker] org.hibernate.type.CollectionType        : Created collection wrapper: [fi.vm.sade.organisaatio.model.MonikielinenTeksti.values#2]
2020-06-10 18:12:08.769 TRACE 55751 --- [    Test worker] org.hibernate.type.CollectionType        : Created collection wrapper: [fi.vm.sade.organisaatio.model.MonikielinenTeksti.values#4]
Hibernate: 
    select
        values0_.id as id1_3_0_,
        values0_.value as value2_3_0_,
        values0_.key as key3_0_ 
    from
        monikielinen_teksti_values values0_ 
    where
        values0_.id in (
            ?, ?
        )
2020-06-10 18:12:08.770 TRACE 55751 --- [    Test worker] o.h.type.descriptor.sql.BasicBinder      : binding parameter [1] as [BIGINT] - [4]
2020-06-10 18:12:08.770 TRACE 55751 --- [    Test worker] o.h.type.descriptor.sql.BasicBinder      : binding parameter [2] as [BIGINT] - [2]
2020-06-10 18:12:08.770 TRACE 55751 --- [    Test worker] o.h.type.descriptor.sql.BasicExtractor   : extracted value ([id1_3_0_] : [BIGINT]) - [2]
2020-06-10 18:12:08.770 TRACE 55751 --- [    Test worker] o.h.type.descriptor.sql.BasicExtractor   : extracted value ([value2_3_0_] : [VARCHAR]) - [root test koulutustoimija]
2020-06-10 18:12:08.770 TRACE 55751 --- [    Test worker] o.h.type.descriptor.sql.BasicExtractor   : extracted value ([key3_0_] : [VARCHAR]) - [fi]
2020-06-10 18:12:08.770 TRACE 55751 --- [    Test worker] o.h.type.descriptor.sql.BasicExtractor   : extracted value ([id1_3_0_] : [BIGINT]) - [2]
2020-06-10 18:12:08.770 TRACE 55751 --- [    Test worker] o.h.type.descriptor.sql.BasicExtractor   : extracted value ([value2_3_0_] : [VARCHAR]) - [root test utbildningsoperator]
2020-06-10 18:12:08.770 TRACE 55751 --- [    Test worker] o.h.type.descriptor.sql.BasicExtractor   : extracted value ([key3_0_] : [VARCHAR]) - [sv]
2020-06-10 18:12:08.770 TRACE 55751 --- [    Test worker] o.h.type.descriptor.sql.BasicExtractor   : extracted value ([id1_3_0_] : [BIGINT]) - [4]
2020-06-10 18:12:08.770 TRACE 55751 --- [    Test worker] o.h.type.descriptor.sql.BasicExtractor   : extracted value ([value2_3_0_] : [VARCHAR]) - [node2 foo]
2020-06-10 18:12:08.770 TRACE 55751 --- [    Test worker] o.h.type.descriptor.sql.BasicExtractor   : extracted value ([key3_0_] : [VARCHAR]) - [fi]
Hibernate: 
    select
        nimet0_.organisaatio_id as organisa6_11_2_,
        nimet0_.id as id1_11_2_,
        nimet0_.id as id1_11_1_,
        nimet0_.version as version2_11_1_,
        nimet0_.alkupvm as alkupvm3_11_1_,
        nimet0_.nimi_mkt as nimi_mkt5_11_1_,
        nimet0_.organisaatio_id as organisa6_11_1_,
        nimet0_.paivittaja as paivitta4_11_1_,
        monikielin1_.id as id1_2_0_,
        monikielin1_.version as version2_2_0_ 
    from
        organisaatio_nimi nimet0_ 
    left outer join
        monikielinen_teksti monikielin1_ 
            on nimet0_.nimi_mkt=monikielin1_.id 
    where
        nimet0_.organisaatio_id in (
            ?, ?
        ) 
    order by
        nimet0_.alkupvm
2020-06-10 18:12:08.770 TRACE 55751 --- [    Test worker] o.h.type.descriptor.sql.BasicBinder      : binding parameter [1] as [BIGINT] - [4]
2020-06-10 18:12:08.770 TRACE 55751 --- [    Test worker] o.h.type.descriptor.sql.BasicBinder      : binding parameter [2] as [BIGINT] - [2]
2020-06-10 18:12:08.770 TRACE 55751 --- [    Test worker] o.h.type.descriptor.sql.BasicExtractor   : extracted value ([id1_2_0_] : [BIGINT]) - [2]
2020-06-10 18:12:08.770 TRACE 55751 --- [    Test worker] o.h.type.descriptor.sql.BasicExtractor   : extracted value ([id1_11_1_] : [BIGINT]) - [2]
2020-06-10 18:12:08.770 TRACE 55751 --- [    Test worker] o.h.type.descriptor.sql.BasicExtractor   : extracted value ([version2_11_1_] : [BIGINT]) - [0]
2020-06-10 18:12:08.770 TRACE 55751 --- [    Test worker] o.h.type.descriptor.sql.BasicExtractor   : extracted value ([alkupvm3_11_1_] : [DATE]) - [1970-01-01]
2020-06-10 18:12:08.770 TRACE 55751 --- [    Test worker] o.h.type.descriptor.sql.BasicExtractor   : extracted value ([nimi_mkt5_11_1_] : [BIGINT]) - [2]
2020-06-10 18:12:08.771 TRACE 55751 --- [    Test worker] o.h.type.descriptor.sql.BasicExtractor   : extracted value ([organisa6_11_1_] : [BIGINT]) - [2]
2020-06-10 18:12:08.771 TRACE 55751 --- [    Test worker] o.h.type.descriptor.sql.BasicExtractor   : extracted value ([paivitta4_11_1_] : [VARCHAR]) - [null]
2020-06-10 18:12:08.771 TRACE 55751 --- [    Test worker] o.h.type.descriptor.sql.BasicExtractor   : extracted value ([organisa6_11_2_] : [BIGINT]) - [2]
2020-06-10 18:12:08.771 TRACE 55751 --- [    Test worker] o.h.type.descriptor.sql.BasicExtractor   : extracted value ([id1_11_2_] : [BIGINT]) - [2]
2020-06-10 18:12:08.771 TRACE 55751 --- [    Test worker] o.h.type.descriptor.sql.BasicExtractor   : extracted value ([id1_2_0_] : [BIGINT]) - [4]
2020-06-10 18:12:08.771 TRACE 55751 --- [    Test worker] o.h.type.descriptor.sql.BasicExtractor   : extracted value ([id1_11_1_] : [BIGINT]) - [4]
2020-06-10 18:12:08.771 TRACE 55751 --- [    Test worker] o.h.type.descriptor.sql.BasicExtractor   : extracted value ([version2_11_1_] : [BIGINT]) - [0]
2020-06-10 18:12:08.771 TRACE 55751 --- [    Test worker] o.h.type.descriptor.sql.BasicExtractor   : extracted value ([alkupvm3_11_1_] : [DATE]) - [1970-01-01]
2020-06-10 18:12:08.771 TRACE 55751 --- [    Test worker] o.h.type.descriptor.sql.BasicExtractor   : extracted value ([nimi_mkt5_11_1_] : [BIGINT]) - [4]
2020-06-10 18:12:08.771 TRACE 55751 --- [    Test worker] o.h.type.descriptor.sql.BasicExtractor   : extracted value ([organisa6_11_1_] : [BIGINT]) - [4]
2020-06-10 18:12:08.771 TRACE 55751 --- [    Test worker] o.h.type.descriptor.sql.BasicExtractor   : extracted value ([paivitta4_11_1_] : [VARCHAR]) - [null]
2020-06-10 18:12:08.771 TRACE 55751 --- [    Test worker] o.h.type.descriptor.sql.BasicExtractor   : extracted value ([organisa6_11_2_] : [BIGINT]) - [4]
2020-06-10 18:12:08.771 TRACE 55751 --- [    Test worker] o.h.type.descriptor.sql.BasicExtractor   : extracted value ([id1_11_2_] : [BIGINT]) - [4]
Hibernate: 
    select
        yhteystied0_.organisaatio_id as organis21_25_1_,
        yhteystied0_.id as id2_25_1_,
        yhteystied0_.id as id2_25_0_,
        yhteystied0_.version as version3_25_0_,
        yhteystied0_.kieli as kieli4_25_0_,
        yhteystied0_.organisaatio_id as organis21_25_0_,
        yhteystied0_.yhteystieto_oid as yhteysti5_25_0_,
        yhteystied0_.email as email6_25_0_,
        yhteystied0_.coordinatetype as coordina7_25_0_,
        yhteystied0_.extrarivi as extrariv8_25_0_,
        yhteystied0_.lat as lat9_25_0_,
        yhteystied0_.lng as lng10_25_0_,
        yhteystied0_.maa as maa11_25_0_,
        yhteystied0_.osavaltio as osavalt12_25_0_,
        yhteystied0_.osoite as osoite13_25_0_,
        yhteystied0_.osoite_tyyppi as osoite_14_25_0_,
        yhteystied0_.postinumero as postinu15_25_0_,
        yhteystied0_.postitoimipaikka as postito16_25_0_,
        yhteystied0_.ytjpaivityspvm as ytjpaiv17_25_0_,
        yhteystied0_.puhelinnumero as puhelin18_25_0_,
        yhteystied0_.tyyppi as tyyppi19_25_0_,
        yhteystied0_.www_osoite as www_oso20_25_0_,
        yhteystied0_.dtype as dtype1_25_0_ 
    from
        yhteystieto yhteystied0_ 
    where
        yhteystied0_.organisaatio_id in (
            ?, ?
        )
2020-06-10 18:12:08.772 TRACE 55751 --- [    Test worker] o.h.type.descriptor.sql.BasicBinder      : binding parameter [1] as [BIGINT] - [4]
2020-06-10 18:12:08.772 TRACE 55751 --- [    Test worker] o.h.type.descriptor.sql.BasicBinder      : binding parameter [2] as [BIGINT] - [2]
2020-06-10 18:12:08.772 TRACE 55751 --- [    Test worker] o.h.type.descriptor.sql.BasicExtractor   : extracted value ([id2_25_0_] : [BIGINT]) - [7]
2020-06-10 18:12:08.772 TRACE 55751 --- [    Test worker] o.h.type.descriptor.sql.BasicExtractor   : extracted value ([dtype1_25_0_] : [VARCHAR]) - [Osoite]
2020-06-10 18:12:08.772 TRACE 55751 --- [    Test worker] o.h.type.descriptor.sql.BasicExtractor   : extracted value ([version3_25_0_] : [BIGINT]) - [0]
2020-06-10 18:12:08.772 TRACE 55751 --- [    Test worker] o.h.type.descriptor.sql.BasicExtractor   : extracted value ([kieli4_25_0_] : [VARCHAR]) - [kieli_fi#1]
2020-06-10 18:12:08.772 TRACE 55751 --- [    Test worker] o.h.type.descriptor.sql.BasicExtractor   : extracted value ([organis21_25_0_] : [BIGINT]) - [2]
2020-06-10 18:12:08.772 TRACE 55751 --- [    Test worker] o.h.type.descriptor.sql.BasicExtractor   : extracted value ([yhteysti5_25_0_] : [VARCHAR]) - [14175174064390.7485633929107891]
2020-06-10 18:12:08.772 TRACE 55751 --- [    Test worker] o.h.type.descriptor.sql.BasicExtractor   : extracted value ([coordina7_25_0_] : [VARCHAR]) - [null]
2020-06-10 18:12:08.772 TRACE 55751 --- [    Test worker] o.h.type.descriptor.sql.BasicExtractor   : extracted value ([extrariv8_25_0_] : [VARCHAR]) - [null]
2020-06-10 18:12:08.772 TRACE 55751 --- [    Test worker] o.h.type.descriptor.sql.BasicExtractor   : extracted value ([lat9_25_0_] : [DOUBLE]) - [null]
2020-06-10 18:12:08.772 TRACE 55751 --- [    Test worker] o.h.type.descriptor.sql.BasicExtractor   : extracted value ([lng10_25_0_] : [DOUBLE]) - [null]
2020-06-10 18:12:08.772 TRACE 55751 --- [    Test worker] o.h.type.descriptor.sql.BasicExtractor   : extracted value ([maa11_25_0_] : [VARCHAR]) - [null]
2020-06-10 18:12:08.772 TRACE 55751 --- [    Test worker] o.h.type.descriptor.sql.BasicExtractor   : extracted value ([osavalt12_25_0_] : [VARCHAR]) - [null]
2020-06-10 18:12:08.772 TRACE 55751 --- [    Test worker] o.h.type.descriptor.sql.BasicExtractor   : extracted value ([osoite13_25_0_] : [VARCHAR]) - [Mannerheimintie 1]
2020-06-10 18:12:08.772 TRACE 55751 --- [    Test worker] o.h.type.descriptor.sql.BasicExtractor   : extracted value ([osoite_14_25_0_] : [VARCHAR]) - [posti]
2020-06-10 18:12:08.772 TRACE 55751 --- [    Test worker] o.h.type.descriptor.sql.BasicExtractor   : extracted value ([postinu15_25_0_] : [VARCHAR]) - [posti_00100]
2020-06-10 18:12:08.772 TRACE 55751 --- [    Test worker] o.h.type.descriptor.sql.BasicExtractor   : extracted value ([postito16_25_0_] : [VARCHAR]) - [Helsinki]
2020-06-10 18:12:08.772 TRACE 55751 --- [    Test worker] o.h.type.descriptor.sql.BasicExtractor   : extracted value ([ytjpaiv17_25_0_] : [DATE]) - [null]
2020-06-10 18:12:08.772 TRACE 55751 --- [    Test worker] o.h.type.descriptor.sql.BasicExtractor   : extracted value ([organis21_25_1_] : [BIGINT]) - [2]
2020-06-10 18:12:08.772 TRACE 55751 --- [    Test worker] o.h.type.descriptor.sql.BasicExtractor   : extracted value ([id2_25_1_] : [BIGINT]) - [7]
2020-06-10 18:12:08.772 TRACE 55751 --- [    Test worker] o.h.type.descriptor.sql.BasicExtractor   : extracted value ([id2_25_0_] : [BIGINT]) - [8]
2020-06-10 18:12:08.772 TRACE 55751 --- [    Test worker] o.h.type.descriptor.sql.BasicExtractor   : extracted value ([dtype1_25_0_] : [VARCHAR]) - [Osoite]
2020-06-10 18:12:08.772 TRACE 55751 --- [    Test worker] o.h.type.descriptor.sql.BasicExtractor   : extracted value ([version3_25_0_] : [BIGINT]) - [0]
2020-06-10 18:12:08.772 TRACE 55751 --- [    Test worker] o.h.type.descriptor.sql.BasicExtractor   : extracted value ([kieli4_25_0_] : [VARCHAR]) - [kieli_fi#1]
2020-06-10 18:12:08.772 TRACE 55751 --- [    Test worker] o.h.type.descriptor.sql.BasicExtractor   : extracted value ([organis21_25_0_] : [BIGINT]) - [2]
2020-06-10 18:12:08.772 TRACE 55751 --- [    Test worker] o.h.type.descriptor.sql.BasicExtractor   : extracted value ([yhteysti5_25_0_] : [VARCHAR]) - [14175174064390.6645604532079388]
2020-06-10 18:12:08.772 TRACE 55751 --- [    Test worker] o.h.type.descriptor.sql.BasicExtractor   : extracted value ([coordina7_25_0_] : [VARCHAR]) - [null]
2020-06-10 18:12:08.772 TRACE 55751 --- [    Test worker] o.h.type.descriptor.sql.BasicExtractor   : extracted value ([extrariv8_25_0_] : [VARCHAR]) - [null]
2020-06-10 18:12:08.772 TRACE 55751 --- [    Test worker] o.h.type.descriptor.sql.BasicExtractor   : extracted value ([lat9_25_0_] : [DOUBLE]) - [null]
2020-06-10 18:12:08.772 TRACE 55751 --- [    Test worker] o.h.type.descriptor.sql.BasicExtractor   : extracted value ([lng10_25_0_] : [DOUBLE]) - [null]
2020-06-10 18:12:08.772 TRACE 55751 --- [    Test worker] o.h.type.descriptor.sql.BasicExtractor   : extracted value ([maa11_25_0_] : [VARCHAR]) - [null]
2020-06-10 18:12:08.772 TRACE 55751 --- [    Test worker] o.h.type.descriptor.sql.BasicExtractor   : extracted value ([osavalt12_25_0_] : [VARCHAR]) - [null]
2020-06-10 18:12:08.772 TRACE 55751 --- [    Test worker] o.h.type.descriptor.sql.BasicExtractor   : extracted value ([osoite13_25_0_] : [VARCHAR]) - [Mannerheimintie 1]
2020-06-10 18:12:08.772 TRACE 55751 --- [    Test worker] o.h.type.descriptor.sql.BasicExtractor   : extracted value ([osoite_14_25_0_] : [VARCHAR]) - [kaynti]
2020-06-10 18:12:08.772 TRACE 55751 --- [    Test worker] o.h.type.descriptor.sql.BasicExtractor   : extracted value ([postinu15_25_0_] : [VARCHAR]) - [posti_00100]
2020-06-10 18:12:08.772 TRACE 55751 --- [    Test worker] o.h.type.descriptor.sql.BasicExtractor   : extracted value ([postito16_25_0_] : [VARCHAR]) - [Helsinki]
2020-06-10 18:12:08.772 TRACE 55751 --- [    Test worker] o.h.type.descriptor.sql.BasicExtractor   : extracted value ([ytjpaiv17_25_0_] : [DATE]) - [null]
2020-06-10 18:12:08.772 TRACE 55751 --- [    Test worker] o.h.type.descriptor.sql.BasicExtractor   : extracted value ([organis21_25_1_] : [BIGINT]) - [2]
2020-06-10 18:12:08.772 TRACE 55751 --- [    Test worker] o.h.type.descriptor.sql.BasicExtractor   : extracted value ([id2_25_1_] : [BIGINT]) - [8]
2020-06-10 18:12:08.772 TRACE 55751 --- [    Test worker] o.h.type.descriptor.sql.BasicExtractor   : extracted value ([id2_25_0_] : [BIGINT]) - [9]
2020-06-10 18:12:08.772 TRACE 55751 --- [    Test worker] o.h.type.descriptor.sql.BasicExtractor   : extracted value ([dtype1_25_0_] : [VARCHAR]) - [Puhelinnumero]
2020-06-10 18:12:08.772 TRACE 55751 --- [    Test worker] o.h.type.descriptor.sql.BasicExtractor   : extracted value ([version3_25_0_] : [BIGINT]) - [0]
2020-06-10 18:12:08.772 TRACE 55751 --- [    Test worker] o.h.type.descriptor.sql.BasicExtractor   : extracted value ([kieli4_25_0_] : [VARCHAR]) - [kieli_fi#1]
2020-06-10 18:12:08.772 TRACE 55751 --- [    Test worker] o.h.type.descriptor.sql.BasicExtractor   : extracted value ([organis21_25_0_] : [BIGINT]) - [2]
2020-06-10 18:12:08.772 TRACE 55751 --- [    Test worker] o.h.type.descriptor.sql.BasicExtractor   : extracted value ([yhteysti5_25_0_] : [VARCHAR]) - [14175174064390.759769529586222]
2020-06-10 18:12:08.772 TRACE 55751 --- [    Test worker] o.h.type.descriptor.sql.BasicExtractor   : extracted value ([puhelin18_25_0_] : [VARCHAR]) - [12345]
2020-06-10 18:12:08.772 TRACE 55751 --- [    Test worker] o.h.type.descriptor.sql.BasicExtractor   : extracted value ([tyyppi19_25_0_] : [VARCHAR]) - [puhelin]
2020-06-10 18:12:08.772 TRACE 55751 --- [    Test worker] o.h.type.descriptor.sql.BasicExtractor   : extracted value ([organis21_25_1_] : [BIGINT]) - [2]
2020-06-10 18:12:08.773 TRACE 55751 --- [    Test worker] o.h.type.descriptor.sql.BasicExtractor   : extracted value ([id2_25_1_] : [BIGINT]) - [9]
2020-06-10 18:12:08.773 TRACE 55751 --- [    Test worker] o.h.type.descriptor.sql.BasicExtractor   : extracted value ([id2_25_0_] : [BIGINT]) - [11]
2020-06-10 18:12:08.773 TRACE 55751 --- [    Test worker] o.h.type.descriptor.sql.BasicExtractor   : extracted value ([dtype1_25_0_] : [VARCHAR]) - [Www]
2020-06-10 18:12:08.773 TRACE 55751 --- [    Test worker] o.h.type.descriptor.sql.BasicExtractor   : extracted value ([version3_25_0_] : [BIGINT]) - [0]
2020-06-10 18:12:08.773 TRACE 55751 --- [    Test worker] o.h.type.descriptor.sql.BasicExtractor   : extracted value ([kieli4_25_0_] : [VARCHAR]) - [kieli_fi#1]
2020-06-10 18:12:08.773 TRACE 55751 --- [    Test worker] o.h.type.descriptor.sql.BasicExtractor   : extracted value ([organis21_25_0_] : [BIGINT]) - [2]
2020-06-10 18:12:08.773 TRACE 55751 --- [    Test worker] o.h.type.descriptor.sql.BasicExtractor   : extracted value ([yhteysti5_25_0_] : [VARCHAR]) - [14175174064390.5602732430162826]
2020-06-10 18:12:08.773 TRACE 55751 --- [    Test worker] o.h.type.descriptor.sql.BasicExtractor   : extracted value ([www_oso20_25_0_] : [VARCHAR]) - [http://www.oph.fi]
2020-06-10 18:12:08.773 TRACE 55751 --- [    Test worker] o.h.type.descriptor.sql.BasicExtractor   : extracted value ([organis21_25_1_] : [BIGINT]) - [2]
2020-06-10 18:12:08.773 TRACE 55751 --- [    Test worker] o.h.type.descriptor.sql.BasicExtractor   : extracted value ([id2_25_1_] : [BIGINT]) - [11]
2020-06-10 18:12:08.773 TRACE 55751 --- [    Test worker] o.h.type.descriptor.sql.BasicExtractor   : extracted value ([id2_25_0_] : [BIGINT]) - [12]
2020-06-10 18:12:08.773 TRACE 55751 --- [    Test worker] o.h.type.descriptor.sql.BasicExtractor   : extracted value ([dtype1_25_0_] : [VARCHAR]) - [Email]
2020-06-10 18:12:08.773 TRACE 55751 --- [    Test worker] o.h.type.descriptor.sql.BasicExtractor   : extracted value ([version3_25_0_] : [BIGINT]) - [0]
2020-06-10 18:12:08.773 TRACE 55751 --- [    Test worker] o.h.type.descriptor.sql.BasicExtractor   : extracted value ([kieli4_25_0_] : [VARCHAR]) - [kieli_fi#1]
2020-06-10 18:12:08.773 TRACE 55751 --- [    Test worker] o.h.type.descriptor.sql.BasicExtractor   : extracted value ([organis21_25_0_] : [BIGINT]) - [2]
2020-06-10 18:12:08.773 TRACE 55751 --- [    Test worker] o.h.type.descriptor.sql.BasicExtractor   : extracted value ([yhteysti5_25_0_] : [VARCHAR]) - [14175174064390.5149287835370774]
2020-06-10 18:12:08.773 TRACE 55751 --- [    Test worker] o.h.type.descriptor.sql.BasicExtractor   : extracted value ([email6_25_0_] : [VARCHAR]) - [testi@oph.fi]
2020-06-10 18:12:08.773 TRACE 55751 --- [    Test worker] o.h.type.descriptor.sql.BasicExtractor   : extracted value ([organis21_25_1_] : [BIGINT]) - [2]
2020-06-10 18:12:08.773 TRACE 55751 --- [    Test worker] o.h.type.descriptor.sql.BasicExtractor   : extracted value ([id2_25_1_] : [BIGINT]) - [12]
2020-06-10 18:12:08.773 TRACE 55751 --- [    Test worker] o.h.type.descriptor.sql.BasicExtractor   : extracted value ([id2_25_0_] : [BIGINT]) - [19]
2020-06-10 18:12:08.773 TRACE 55751 --- [    Test worker] o.h.type.descriptor.sql.BasicExtractor   : extracted value ([dtype1_25_0_] : [VARCHAR]) - [Osoite]
2020-06-10 18:12:08.773 TRACE 55751 --- [    Test worker] o.h.type.descriptor.sql.BasicExtractor   : extracted value ([version3_25_0_] : [BIGINT]) - [0]
2020-06-10 18:12:08.773 TRACE 55751 --- [    Test worker] o.h.type.descriptor.sql.BasicExtractor   : extracted value ([kieli4_25_0_] : [VARCHAR]) - [kieli_fi#1]
2020-06-10 18:12:08.773 TRACE 55751 --- [    Test worker] o.h.type.descriptor.sql.BasicExtractor   : extracted value ([organis21_25_0_] : [BIGINT]) - [4]
2020-06-10 18:12:08.773 TRACE 55751 --- [    Test worker] o.h.type.descriptor.sql.BasicExtractor   : extracted value ([yhteysti5_25_0_] : [VARCHAR]) - [14175174065080.4219192693239784]
2020-06-10 18:12:08.773 TRACE 55751 --- [    Test worker] o.h.type.descriptor.sql.BasicExtractor   : extracted value ([coordina7_25_0_] : [VARCHAR]) - [null]
2020-06-10 18:12:08.773 TRACE 55751 --- [    Test worker] o.h.type.descriptor.sql.BasicExtractor   : extracted value ([extrariv8_25_0_] : [VARCHAR]) - [null]
2020-06-10 18:12:08.773 TRACE 55751 --- [    Test worker] o.h.type.descriptor.sql.BasicExtractor   : extracted value ([lat9_25_0_] : [DOUBLE]) - [null]
2020-06-10 18:12:08.773 TRACE 55751 --- [    Test worker] o.h.type.descriptor.sql.BasicExtractor   : extracted value ([lng10_25_0_] : [DOUBLE]) - [null]
2020-06-10 18:12:08.773 TRACE 55751 --- [    Test worker] o.h.type.descriptor.sql.BasicExtractor   : extracted value ([maa11_25_0_] : [VARCHAR]) - [null]
2020-06-10 18:12:08.773 TRACE 55751 --- [    Test worker] o.h.type.descriptor.sql.BasicExtractor   : extracted value ([osavalt12_25_0_] : [VARCHAR]) - [null]
2020-06-10 18:12:08.773 TRACE 55751 --- [    Test worker] o.h.type.descriptor.sql.BasicExtractor   : extracted value ([osoite13_25_0_] : [VARCHAR]) - [Mannerheimintie 1]
2020-06-10 18:12:08.773 TRACE 55751 --- [    Test worker] o.h.type.descriptor.sql.BasicExtractor   : extracted value ([osoite_14_25_0_] : [VARCHAR]) - [posti]
2020-06-10 18:12:08.773 TRACE 55751 --- [    Test worker] o.h.type.descriptor.sql.BasicExtractor   : extracted value ([postinu15_25_0_] : [VARCHAR]) - [posti_00100]
2020-06-10 18:12:08.773 TRACE 55751 --- [    Test worker] o.h.type.descriptor.sql.BasicExtractor   : extracted value ([postito16_25_0_] : [VARCHAR]) - [Helsinki]
2020-06-10 18:12:08.773 TRACE 55751 --- [    Test worker] o.h.type.descriptor.sql.BasicExtractor   : extracted value ([ytjpaiv17_25_0_] : [DATE]) - [null]
2020-06-10 18:12:08.773 TRACE 55751 --- [    Test worker] o.h.type.descriptor.sql.BasicExtractor   : extracted value ([organis21_25_1_] : [BIGINT]) - [4]
2020-06-10 18:12:08.773 TRACE 55751 --- [    Test worker] o.h.type.descriptor.sql.BasicExtractor   : extracted value ([id2_25_1_] : [BIGINT]) - [19]
2020-06-10 18:12:08.773 TRACE 55751 --- [    Test worker] o.h.type.descriptor.sql.BasicExtractor   : extracted value ([id2_25_0_] : [BIGINT]) - [20]
2020-06-10 18:12:08.773 TRACE 55751 --- [    Test worker] o.h.type.descriptor.sql.BasicExtractor   : extracted value ([dtype1_25_0_] : [VARCHAR]) - [Osoite]
2020-06-10 18:12:08.773 TRACE 55751 --- [    Test worker] o.h.type.descriptor.sql.BasicExtractor   : extracted value ([version3_25_0_] : [BIGINT]) - [0]
2020-06-10 18:12:08.773 TRACE 55751 --- [    Test worker] o.h.type.descriptor.sql.BasicExtractor   : extracted value ([kieli4_25_0_] : [VARCHAR]) - [kieli_fi#1]
2020-06-10 18:12:08.773 TRACE 55751 --- [    Test worker] o.h.type.descriptor.sql.BasicExtractor   : extracted value ([organis21_25_0_] : [BIGINT]) - [4]
2020-06-10 18:12:08.773 TRACE 55751 --- [    Test worker] o.h.type.descriptor.sql.BasicExtractor   : extracted value ([yhteysti5_25_0_] : [VARCHAR]) - [14175174065080.550941563558955]
2020-06-10 18:12:08.773 TRACE 55751 --- [    Test worker] o.h.type.descriptor.sql.BasicExtractor   : extracted value ([coordina7_25_0_] : [VARCHAR]) - [null]
2020-06-10 18:12:08.773 TRACE 55751 --- [    Test worker] o.h.type.descriptor.sql.BasicExtractor   : extracted value ([extrariv8_25_0_] : [VARCHAR]) - [null]
2020-06-10 18:12:08.774 TRACE 55751 --- [    Test worker] o.h.type.descriptor.sql.BasicExtractor   : extracted value ([lat9_25_0_] : [DOUBLE]) - [null]
2020-06-10 18:12:08.774 TRACE 55751 --- [    Test worker] o.h.type.descriptor.sql.BasicExtractor   : extracted value ([lng10_25_0_] : [DOUBLE]) - [null]
2020-06-10 18:12:08.774 TRACE 55751 --- [    Test worker] o.h.type.descriptor.sql.BasicExtractor   : extracted value ([maa11_25_0_] : [VARCHAR]) - [null]
2020-06-10 18:12:08.774 TRACE 55751 --- [    Test worker] o.h.type.descriptor.sql.BasicExtractor   : extracted value ([osavalt12_25_0_] : [VARCHAR]) - [null]
2020-06-10 18:12:08.774 TRACE 55751 --- [    Test worker] o.h.type.descriptor.sql.BasicExtractor   : extracted value ([osoite13_25_0_] : [VARCHAR]) - [Mannerheimintie 1]
2020-06-10 18:12:08.774 TRACE 55751 --- [    Test worker] o.h.type.descriptor.sql.BasicExtractor   : extracted value ([osoite_14_25_0_] : [VARCHAR]) - [kaynti]
2020-06-10 18:12:08.774 TRACE 55751 --- [    Test worker] o.h.type.descriptor.sql.BasicExtractor   : extracted value ([postinu15_25_0_] : [VARCHAR]) - [posti_00100]
2020-06-10 18:12:08.774 TRACE 55751 --- [    Test worker] o.h.type.descriptor.sql.BasicExtractor   : extracted value ([postito16_25_0_] : [VARCHAR]) - [Helsinki]
2020-06-10 18:12:08.774 TRACE 55751 --- [    Test worker] o.h.type.descriptor.sql.BasicExtractor   : extracted value ([ytjpaiv17_25_0_] : [DATE]) - [null]
2020-06-10 18:12:08.774 TRACE 55751 --- [    Test worker] o.h.type.descriptor.sql.BasicExtractor   : extracted value ([organis21_25_1_] : [BIGINT]) - [4]
2020-06-10 18:12:08.774 TRACE 55751 --- [    Test worker] o.h.type.descriptor.sql.BasicExtractor   : extracted value ([id2_25_1_] : [BIGINT]) - [20]
2020-06-10 18:12:08.774 TRACE 55751 --- [    Test worker] o.h.type.descriptor.sql.BasicExtractor   : extracted value ([id2_25_0_] : [BIGINT]) - [21]
2020-06-10 18:12:08.774 TRACE 55751 --- [    Test worker] o.h.type.descriptor.sql.BasicExtractor   : extracted value ([dtype1_25_0_] : [VARCHAR]) - [Puhelinnumero]
2020-06-10 18:12:08.774 TRACE 55751 --- [    Test worker] o.h.type.descriptor.sql.BasicExtractor   : extracted value ([version3_25_0_] : [BIGINT]) - [0]
2020-06-10 18:12:08.774 TRACE 55751 --- [    Test worker] o.h.type.descriptor.sql.BasicExtractor   : extracted value ([kieli4_25_0_] : [VARCHAR]) - [kieli_fi#1]
2020-06-10 18:12:08.774 TRACE 55751 --- [    Test worker] o.h.type.descriptor.sql.BasicExtractor   : extracted value ([organis21_25_0_] : [BIGINT]) - [4]
2020-06-10 18:12:08.774 TRACE 55751 --- [    Test worker] o.h.type.descriptor.sql.BasicExtractor   : extracted value ([yhteysti5_25_0_] : [VARCHAR]) - [14175174065080.10010532775601144]
2020-06-10 18:12:08.774 TRACE 55751 --- [    Test worker] o.h.type.descriptor.sql.BasicExtractor   : extracted value ([puhelin18_25_0_] : [VARCHAR]) - [12345]
2020-06-10 18:12:08.774 TRACE 55751 --- [    Test worker] o.h.type.descriptor.sql.BasicExtractor   : extracted value ([tyyppi19_25_0_] : [VARCHAR]) - [puhelin]
2020-06-10 18:12:08.774 TRACE 55751 --- [    Test worker] o.h.type.descriptor.sql.BasicExtractor   : extracted value ([organis21_25_1_] : [BIGINT]) - [4]
2020-06-10 18:12:08.774 TRACE 55751 --- [    Test worker] o.h.type.descriptor.sql.BasicExtractor   : extracted value ([id2_25_1_] : [BIGINT]) - [21]
2020-06-10 18:12:08.774 TRACE 55751 --- [    Test worker] o.h.type.descriptor.sql.BasicExtractor   : extracted value ([id2_25_0_] : [BIGINT]) - [23]
2020-06-10 18:12:08.774 TRACE 55751 --- [    Test worker] o.h.type.descriptor.sql.BasicExtractor   : extracted value ([dtype1_25_0_] : [VARCHAR]) - [Www]
2020-06-10 18:12:08.774 TRACE 55751 --- [    Test worker] o.h.type.descriptor.sql.BasicExtractor   : extracted value ([version3_25_0_] : [BIGINT]) - [0]
2020-06-10 18:12:08.774 TRACE 55751 --- [    Test worker] o.h.type.descriptor.sql.BasicExtractor   : extracted value ([kieli4_25_0_] : [VARCHAR]) - [kieli_fi#1]
2020-06-10 18:12:08.774 TRACE 55751 --- [    Test worker] o.h.type.descriptor.sql.BasicExtractor   : extracted value ([organis21_25_0_] : [BIGINT]) - [4]
2020-06-10 18:12:08.774 TRACE 55751 --- [    Test worker] o.h.type.descriptor.sql.BasicExtractor   : extracted value ([yhteysti5_25_0_] : [VARCHAR]) - [14175174065080.48943728578096246]
2020-06-10 18:12:08.774 TRACE 55751 --- [    Test worker] o.h.type.descriptor.sql.BasicExtractor   : extracted value ([www_oso20_25_0_] : [VARCHAR]) - [http://www.oph.fi]
2020-06-10 18:12:08.774 TRACE 55751 --- [    Test worker] o.h.type.descriptor.sql.BasicExtractor   : extracted value ([organis21_25_1_] : [BIGINT]) - [4]
2020-06-10 18:12:08.774 TRACE 55751 --- [    Test worker] o.h.type.descriptor.sql.BasicExtractor   : extracted value ([id2_25_1_] : [BIGINT]) - [23]
2020-06-10 18:12:08.774 TRACE 55751 --- [    Test worker] o.h.type.descriptor.sql.BasicExtractor   : extracted value ([id2_25_0_] : [BIGINT]) - [24]
2020-06-10 18:12:08.774 TRACE 55751 --- [    Test worker] o.h.type.descriptor.sql.BasicExtractor   : extracted value ([dtype1_25_0_] : [VARCHAR]) - [Email]
2020-06-10 18:12:08.774 TRACE 55751 --- [    Test worker] o.h.type.descriptor.sql.BasicExtractor   : extracted value ([version3_25_0_] : [BIGINT]) - [0]
2020-06-10 18:12:08.774 TRACE 55751 --- [    Test worker] o.h.type.descriptor.sql.BasicExtractor   : extracted value ([kieli4_25_0_] : [VARCHAR]) - [kieli_fi#1]
2020-06-10 18:12:08.774 TRACE 55751 --- [    Test worker] o.h.type.descriptor.sql.BasicExtractor   : extracted value ([organis21_25_0_] : [BIGINT]) - [4]
2020-06-10 18:12:08.774 TRACE 55751 --- [    Test worker] o.h.type.descriptor.sql.BasicExtractor   : extracted value ([yhteysti5_25_0_] : [VARCHAR]) - [14175174065080.4533891151600614]
2020-06-10 18:12:08.774 TRACE 55751 --- [    Test worker] o.h.type.descriptor.sql.BasicExtractor   : extracted value ([email6_25_0_] : [VARCHAR]) - [testi@oph.fi]
2020-06-10 18:12:08.774 TRACE 55751 --- [    Test worker] o.h.type.descriptor.sql.BasicExtractor   : extracted value ([organis21_25_1_] : [BIGINT]) - [4]
2020-06-10 18:12:08.774 TRACE 55751 --- [    Test worker] o.h.type.descriptor.sql.BasicExtractor   : extracted value ([id2_25_1_] : [BIGINT]) - [24]
Hibernate: 
    select
        yhteystiet0_.organisaatio_id as organisa8_26_6_,
        yhteystiet0_.id as id1_26_6_,
        yhteystiet0_.id as id1_26_5_,
        yhteystiet0_.version as version2_26_5_,
        yhteystiet0_.arvo_text as arvo_tex3_26_5_,
        yhteystiet0_.arvo_yhteystieto_id as arvo_yht6_26_5_,
        yhteystiet0_.kentta_id as kentta_i7_26_5_,
        yhteystiet0_.kieli as kieli4_26_5_,
        yhteystiet0_.organisaatio_id as organisa8_26_5_,
        yhteystiet0_.yhteystieto_arvo_oid as yhteysti5_26_5_,
        yhteystiet1_.id as id2_25_0_,
        yhteystiet1_.version as version3_25_0_,
        yhteystiet1_.kieli as kieli4_25_0_,
        yhteystiet1_.organisaatio_id as organis21_25_0_,
        yhteystiet1_.yhteystieto_oid as yhteysti5_25_0_,
        yhteystiet1_.email as email6_25_0_,
        yhteystiet1_.coordinatetype as coordina7_25_0_,
        yhteystiet1_.extrarivi as extrariv8_25_0_,
        yhteystiet1_.lat as lat9_25_0_,
        yhteystiet1_.lng as lng10_25_0_,
        yhteystiet1_.maa as maa11_25_0_,
        yhteystiet1_.osavaltio as osavalt12_25_0_,
        yhteystiet1_.osoite as osoite13_25_0_,
        yhteystiet1_.osoite_tyyppi as osoite_14_25_0_,
        yhteystiet1_.postinumero as postinu15_25_0_,
        yhteystiet1_.postitoimipaikka as postito16_25_0_,
        yhteystiet1_.ytjpaivityspvm as ytjpaiv17_25_0_,
        yhteystiet1_.puhelinnumero as puhelin18_25_0_,
        yhteystiet1_.tyyppi as tyyppi19_25_0_,
        yhteystiet1_.www_osoite as www_oso20_25_0_,
        yhteystiet1_.dtype as dtype1_25_0_,
        organisaat2_.id as id1_5_1_,
        organisaat2_.version as version2_5_1_,
        organisaat2_.alkupvm as alkupvm3_5_1_,
        organisaat2_.domainnimi as domainni4_5_1_,
        organisaat2_.kotipaikka as kotipaik5_5_1_,
        organisaat2_.kuvaus_mkt as kuvaus_28_5_1_,
        organisaat2_.lakkautuspvm as lakkautu6_5_1_,
        organisaat2_.maa as maa7_5_1_,
        organisaat2_.metadata_id as metadat29_5_1_,
        organisaat2_.nimi_mkt as nimi_mk30_5_1_,
        organisaat2_.nimihaku as nimihaku8_5_1_,
        organisaat2_.oid as oid9_5_1_,
        organisaat2_.opetuspisteenjarjnro as opetusp10_5_1_,
        organisaat2_.oppilaitoskoodi as oppilai11_5_1_,
        organisaat2_.oppilaitos_tyyppi as oppilai12_5_1_,
        organisaat2_.organisaatio_poistettu as organis13_5_1_,
        organisaat2_.paivittaja as paivitt14_5_1_,
        organisaat2_.paivityspvm as paivity15_5_1_,
        organisaat2_.parentidpath as parenti16_5_1_,
        organisaat2_.parentoidpath as parento17_5_1_,
        organisaat2_.piilotettu as piilote18_5_1_,
        organisaat2_.tarkastus_pvm as tarkast19_5_1_,
        organisaat2_.toimipistekoodi as toimipi20_5_1_,
        organisaat2_.tuontipvm as tuontip21_5_1_,
        organisaat2_.varhaiskasvatuksen_toimipaikka_tiedot_id as varhais31_5_1_,
        organisaat2_.virastotunnus as virasto22_5_1_,
        organisaat2_.yhteishaunkoulukoodi as yhteish23_5_1_,
        organisaat2_.yritysmuoto as yritysm24_5_1_,
        organisaat2_.ytj_kieli as ytj_kie25_5_1_,
        organisaat2_.ytjpaivityspvm as ytjpaiv26_5_1_,
        organisaat2_.ytunnus as ytunnus27_5_1_,
        yhteystiet3_.id as id1_27_2_,
        yhteystiet3_.version as version2_27_2_,
        yhteystiet3_.kaytossa as kaytossa3_27_2_,
        yhteystiet3_.nimi as nimi4_27_2_,
        yhteystiet3_.nimi_en as nimi_en5_27_2_,
        yhteystiet3_.nimi_sv as nimi_sv6_27_2_,
        yhteystiet3_.oid as oid7_27_2_,
        yhteystiet3_.pakollinen as pakollin8_27_2_,
        yhteystiet3_.tyyppi as tyyppi9_27_2_,
        yhteystiet3_.yhteystietojen_tyyppi_id as yhteyst10_27_2_,
        yhteystiet4_.id as id1_28_3_,
        yhteystiet4_.version as version2_28_3_,
        yhteystiet4_.nimi_mkt as nimi_mkt4_28_3_,
        yhteystiet4_.oid as oid3_28_3_,
        monikielin5_.id as id1_2_4_,
        monikielin5_.version as version2_2_4_ 
    from
        yhteystieto_arvo yhteystiet0_ 
    left outer join
        yhteystieto yhteystiet1_ 
            on yhteystiet0_.arvo_yhteystieto_id=yhteystiet1_.id 
    left outer join
        organisaatio organisaat2_ 
            on yhteystiet1_.organisaatio_id=organisaat2_.id 
    inner join
        yhteystieto_elementti yhteystiet3_ 
            on yhteystiet0_.kentta_id=yhteystiet3_.id 
    left outer join
        yhteystietojen_tyyppi yhteystiet4_ 
            on yhteystiet3_.yhteystietojen_tyyppi_id=yhteystiet4_.id 
    left outer join
        monikielinen_teksti monikielin5_ 
            on yhteystiet4_.nimi_mkt=monikielin5_.id 
    where
        yhteystiet0_.organisaatio_id in (
            ?, ?
        )
2020-06-10 18:12:08.775 TRACE 55751 --- [    Test worker] o.h.type.descriptor.sql.BasicBinder      : binding parameter [1] as [BIGINT] - [4]
2020-06-10 18:12:08.775 TRACE 55751 --- [    Test worker] o.h.type.descriptor.sql.BasicBinder      : binding parameter [2] as [BIGINT] - [2]
2020-06-10 18:12:08.776  INFO 55751 --- [    Test worker] f.v.s.o.r.OrganisaatioResourceImpl       : Saving 1.2.2004.3
Hibernate: 
    select
        organisaat0_.id as id1_5_,
        organisaat0_.version as version2_5_,
        organisaat0_.alkupvm as alkupvm3_5_,
        organisaat0_.domainnimi as domainni4_5_,
        organisaat0_.kotipaikka as kotipaik5_5_,
        organisaat0_.kuvaus_mkt as kuvaus_28_5_,
        organisaat0_.lakkautuspvm as lakkautu6_5_,
        organisaat0_.maa as maa7_5_,
        organisaat0_.metadata_id as metadat29_5_,
        organisaat0_.nimi_mkt as nimi_mk30_5_,
        organisaat0_.nimihaku as nimihaku8_5_,
        organisaat0_.oid as oid9_5_,
        organisaat0_.opetuspisteenjarjnro as opetusp10_5_,
        organisaat0_.oppilaitoskoodi as oppilai11_5_,
        organisaat0_.oppilaitos_tyyppi as oppilai12_5_,
        organisaat0_.organisaatio_poistettu as organis13_5_,
        organisaat0_.paivittaja as paivitt14_5_,
        organisaat0_.paivityspvm as paivity15_5_,
        organisaat0_.parentidpath as parenti16_5_,
        organisaat0_.parentoidpath as parento17_5_,
        organisaat0_.piilotettu as piilote18_5_,
        organisaat0_.tarkastus_pvm as tarkast19_5_,
        organisaat0_.toimipistekoodi as toimipi20_5_,
        organisaat0_.tuontipvm as tuontip21_5_,
        organisaat0_.varhaiskasvatuksen_toimipaikka_tiedot_id as varhais31_5_,
        organisaat0_.virastotunnus as virasto22_5_,
        organisaat0_.yhteishaunkoulukoodi as yhteish23_5_,
        organisaat0_.yritysmuoto as yritysm24_5_,
        organisaat0_.ytj_kieli as ytj_kie25_5_,
        organisaat0_.ytjpaivityspvm as ytjpaiv26_5_,
        organisaat0_.ytunnus as ytunnus27_5_ 
    from
        organisaatio organisaat0_ 
    where
        organisaat0_.oid=?
2020-06-10 18:12:08.776 TRACE 55751 --- [    Test worker] o.h.type.descriptor.sql.BasicBinder      : binding parameter [1] as [VARCHAR] - [1.2.2004.3]
2020-06-10 18:12:08.777 TRACE 55751 --- [    Test worker] o.h.type.descriptor.sql.BasicExtractor   : extracted value ([id1_5_] : [BIGINT]) - [4]
2020-06-10 18:12:08.777 TRACE 55751 --- [    Test worker] o.h.type.descriptor.sql.BasicExtractor   : extracted value ([version2_5_] : [BIGINT]) - [2]
2020-06-10 18:12:08.777 TRACE 55751 --- [    Test worker] o.h.type.descriptor.sql.BasicExtractor   : extracted value ([alkupvm3_5_] : [DATE]) - [null]
2020-06-10 18:12:08.777 TRACE 55751 --- [    Test worker] o.h.type.descriptor.sql.BasicExtractor   : extracted value ([domainni4_5_] : [VARCHAR]) - [null]
2020-06-10 18:12:08.777 TRACE 55751 --- [    Test worker] o.h.type.descriptor.sql.BasicExtractor   : extracted value ([kotipaik5_5_] : [VARCHAR]) - [Helsinki]
2020-06-10 18:12:08.777 TRACE 55751 --- [    Test worker] o.h.type.descriptor.sql.BasicExtractor   : extracted value ([kuvaus_28_5_] : [BIGINT]) - [null]
2020-06-10 18:12:08.777 TRACE 55751 --- [    Test worker] o.h.type.descriptor.sql.BasicExtractor   : extracted value ([lakkautu6_5_] : [DATE]) - [null]
2020-06-10 18:12:08.777 TRACE 55751 --- [    Test worker] o.h.type.descriptor.sql.BasicExtractor   : extracted value ([maa7_5_] : [VARCHAR]) - [null]
2020-06-10 18:12:08.777 TRACE 55751 --- [    Test worker] o.h.type.descriptor.sql.BasicExtractor   : extracted value ([metadat29_5_] : [BIGINT]) - [1]
2020-06-10 18:12:08.777 TRACE 55751 --- [    Test worker] o.h.type.descriptor.sql.BasicExtractor   : extracted value ([nimi_mk30_5_] : [BIGINT]) - [4]
2020-06-10 18:12:08.777 TRACE 55751 --- [    Test worker] o.h.type.descriptor.sql.BasicExtractor   : extracted value ([nimihaku8_5_] : [VARCHAR]) - [node2 foo]
2020-06-10 18:12:08.777 TRACE 55751 --- [    Test worker] o.h.type.descriptor.sql.BasicExtractor   : extracted value ([oid9_5_] : [VARCHAR]) - [1.2.2004.3]
2020-06-10 18:12:08.777 TRACE 55751 --- [    Test worker] o.h.type.descriptor.sql.BasicExtractor   : extracted value ([opetusp10_5_] : [VARCHAR]) - [2]
2020-06-10 18:12:08.777 TRACE 55751 --- [    Test worker] o.h.type.descriptor.sql.BasicExtractor   : extracted value ([oppilai11_5_] : [VARCHAR]) - [null]
2020-06-10 18:12:08.777 TRACE 55751 --- [    Test worker] o.h.type.descriptor.sql.BasicExtractor   : extracted value ([oppilai12_5_] : [VARCHAR]) - [oppilaitostyyppi_42#1]
2020-06-10 18:12:08.777 TRACE 55751 --- [    Test worker] o.h.type.descriptor.sql.BasicExtractor   : extracted value ([organis13_5_] : [BOOLEAN]) - [false]
2020-06-10 18:12:08.777 TRACE 55751 --- [    Test worker] o.h.type.descriptor.sql.BasicExtractor   : extracted value ([paivitt14_5_] : [VARCHAR]) - [null]
2020-06-10 18:12:08.777 TRACE 55751 --- [    Test worker] o.h.type.descriptor.sql.BasicExtractor   : extracted value ([paivity15_5_] : [TIMESTAMP]) - [null]
2020-06-10 18:12:08.777 TRACE 55751 --- [    Test worker] o.h.type.descriptor.sql.BasicExtractor   : extracted value ([parenti16_5_] : [VARCHAR]) - [|1|2|]
2020-06-10 18:12:08.777 TRACE 55751 --- [    Test worker] o.h.type.descriptor.sql.BasicExtractor   : extracted value ([parento17_5_] : [VARCHAR]) - [|1.2.246.562.24.00000000001|1.2.2004.1|]
2020-06-10 18:12:08.777 TRACE 55751 --- [    Test worker] o.h.type.descriptor.sql.BasicExtractor   : extracted value ([piilote18_5_] : [BOOLEAN]) - [false]
2020-06-10 18:12:08.777 TRACE 55751 --- [    Test worker] o.h.type.descriptor.sql.BasicExtractor   : extracted value ([tarkast19_5_] : [TIMESTAMP]) - [null]
2020-06-10 18:12:08.777 TRACE 55751 --- [    Test worker] o.h.type.descriptor.sql.BasicExtractor   : extracted value ([toimipi20_5_] : [VARCHAR]) - [123452]
2020-06-10 18:12:08.777 TRACE 55751 --- [    Test worker] o.h.type.descriptor.sql.BasicExtractor   : extracted value ([tuontip21_5_] : [TIMESTAMP]) - [null]
2020-06-10 18:12:08.777 TRACE 55751 --- [    Test worker] o.h.type.descriptor.sql.BasicExtractor   : extracted value ([varhais31_5_] : [BIGINT]) - [null]
2020-06-10 18:12:08.777 TRACE 55751 --- [    Test worker] o.h.type.descriptor.sql.BasicExtractor   : extracted value ([virasto22_5_] : [VARCHAR]) - [null]
2020-06-10 18:12:08.777 TRACE 55751 --- [    Test worker] o.h.type.descriptor.sql.BasicExtractor   : extracted value ([yhteish23_5_] : [VARCHAR]) - [null]
2020-06-10 18:12:08.777 TRACE 55751 --- [    Test worker] o.h.type.descriptor.sql.BasicExtractor   : extracted value ([yritysm24_5_] : [VARCHAR]) - [oy]
2020-06-10 18:12:08.777 TRACE 55751 --- [    Test worker] o.h.type.descriptor.sql.BasicExtractor   : extracted value ([ytj_kie25_5_] : [VARCHAR]) - [null]
2020-06-10 18:12:08.777 TRACE 55751 --- [    Test worker] o.h.type.descriptor.sql.BasicExtractor   : extracted value ([ytjpaiv26_5_] : [DATE]) - [null]
2020-06-10 18:12:08.777 TRACE 55751 --- [    Test worker] o.h.type.descriptor.sql.BasicExtractor   : extracted value ([ytunnus27_5_] : [VARCHAR]) - [1234567-3]
2020-06-10 18:12:08.777 TRACE 55751 --- [    Test worker] org.hibernate.type.CollectionType        : Created collection wrapper: [fi.vm.sade.organisaatio.model.Organisaatio.childSuhteet#4]
2020-06-10 18:12:08.777 TRACE 55751 --- [    Test worker] org.hibernate.type.CollectionType        : Created collection wrapper: [fi.vm.sade.organisaatio.model.Organisaatio.kayttoryhmat#4]
2020-06-10 18:12:08.777 TRACE 55751 --- [    Test worker] org.hibernate.type.CollectionType        : Created collection wrapper: [fi.vm.sade.organisaatio.model.Organisaatio.kielet#4]
2020-06-10 18:12:08.777 TRACE 55751 --- [    Test worker] org.hibernate.type.CollectionType        : Created collection wrapper: [fi.vm.sade.organisaatio.model.Organisaatio.muutKotipaikatUris#4]
2020-06-10 18:12:08.777 TRACE 55751 --- [    Test worker] org.hibernate.type.CollectionType        : Created collection wrapper: [fi.vm.sade.organisaatio.model.Organisaatio.muutOppilaitosTyyppiUris#4]
2020-06-10 18:12:08.777 TRACE 55751 --- [    Test worker] org.hibernate.type.CollectionType        : Created collection wrapper: [fi.vm.sade.organisaatio.model.Organisaatio.nimet#4]
2020-06-10 18:12:08.777 TRACE 55751 --- [    Test worker] org.hibernate.type.CollectionType        : Created collection wrapper: [fi.vm.sade.organisaatio.model.Organisaatio.organisaatioLisatietotyypit#4]
2020-06-10 18:12:08.777 TRACE 55751 --- [    Test worker] org.hibernate.type.CollectionType        : Created collection wrapper: [fi.vm.sade.organisaatio.model.Organisaatio.parentSuhteet#4]
2020-06-10 18:12:08.777 TRACE 55751 --- [    Test worker] org.hibernate.type.CollectionType        : Created collection wrapper: [fi.vm.sade.organisaatio.model.Organisaatio.ryhmatyypit#4]
2020-06-10 18:12:08.777 TRACE 55751 --- [    Test worker] org.hibernate.type.CollectionType        : Created collection wrapper: [fi.vm.sade.organisaatio.model.Organisaatio.tyypit#4]
2020-06-10 18:12:08.777 TRACE 55751 --- [    Test worker] org.hibernate.type.CollectionType        : Created collection wrapper: [fi.vm.sade.organisaatio.model.Organisaatio.vuosiluokat#4]
2020-06-10 18:12:08.777 TRACE 55751 --- [    Test worker] org.hibernate.type.CollectionType        : Created collection wrapper: [fi.vm.sade.organisaatio.model.Organisaatio.yhteystiedot#4]
2020-06-10 18:12:08.777 TRACE 55751 --- [    Test worker] org.hibernate.type.CollectionType        : Created collection wrapper: [fi.vm.sade.organisaatio.model.Organisaatio.yhteystietoArvos#4]
Hibernate: 
    select
        monikielin0_.id as id1_2_0_,
        monikielin0_.version as version2_2_0_ 
    from
        monikielinen_teksti monikielin0_ 
    where
        monikielin0_.id=?
2020-06-10 18:12:08.778 TRACE 55751 --- [    Test worker] o.h.type.descriptor.sql.BasicBinder      : binding parameter [1] as [BIGINT] - [4]
2020-06-10 18:12:08.778 TRACE 55751 --- [    Test worker] o.h.type.descriptor.sql.BasicExtractor   : extracted value ([version2_2_0_] : [BIGINT]) - [0]
2020-06-10 18:12:08.778 TRACE 55751 --- [    Test worker] org.hibernate.type.CollectionType        : Created collection wrapper: [fi.vm.sade.organisaatio.model.MonikielinenTeksti.values#4]
Hibernate: 
    select
        values0_.id as id1_3_0_,
        values0_.value as value2_3_0_,
        values0_.key as key3_0_ 
    from
        monikielinen_teksti_values values0_ 
    where
        values0_.id=?
2020-06-10 18:12:08.778 TRACE 55751 --- [    Test worker] o.h.type.descriptor.sql.BasicBinder      : binding parameter [1] as [BIGINT] - [4]
2020-06-10 18:12:08.778 TRACE 55751 --- [    Test worker] o.h.type.descriptor.sql.BasicExtractor   : extracted value ([id1_3_0_] : [BIGINT]) - [4]
2020-06-10 18:12:08.778 TRACE 55751 --- [    Test worker] o.h.type.descriptor.sql.BasicExtractor   : extracted value ([value2_3_0_] : [VARCHAR]) - [node2 foo]
2020-06-10 18:12:08.778 TRACE 55751 --- [    Test worker] o.h.type.descriptor.sql.BasicExtractor   : extracted value ([key3_0_] : [VARCHAR]) - [fi]
2020-06-10 18:12:08.783 ERROR 55751 --- [    Test worker] .s.o.a.OrganisaatioPermissionServiceImpl : checkAccess failed because exception: checkAccess failed, no targetOrganisationAndParentsOids null, auth: org.springframework.security.authentication.TestingAuthenticationToken@f3d5dc06: Principal: ophadmin; Credentials: [PROTECTED]; Authenticated: true; Details: null; Granted Authorities: APP_ORGANISAATIOHALLINTA_CRUD, APP_ORGANISAATIOHALLINTA_CRUD_1.2.246.562.24.00000000001

fi.vm.sade.authorization.NotAuthorizedException: checkAccess failed, no targetOrganisationAndParentsOids null
	at fi.vm.sade.security.OrganisationHierarchyAuthorizer.checkAccess(OrganisationHierarchyAuthorizer.java:68) ~[opintopolku-spring-security-0.2.0-SNAPSHOT.jar:na]
	at fi.vm.sade.security.OrganisationHierarchyAuthorizer.checkAccess(OrganisationHierarchyAuthorizer.java:58) ~[opintopolku-spring-security-0.2.0-SNAPSHOT.jar:na]
	at fi.vm.sade.generic.service.AbstractPermissionService.checkAccess(AbstractPermissionService.java:118) ~[generic-common-9.4-SNAPSHOT.jar:na]
	at fi.vm.sade.organisaatio.auth.OrganisaatioPermissionServiceImpl.userCanUpdateOrganisation(OrganisaatioPermissionServiceImpl.java:65) ~[main/:na]
	at fi.vm.sade.organisaatio.auth.PermissionChecker.checkSaveOrganisation(PermissionChecker.java:110) ~[main/:na]
	at fi.vm.sade.organisaatio.auth.PermissionChecker.checkSaveOrganisation(PermissionChecker.java:68) ~[main/:na]
	at fi.vm.sade.organisaatio.auth.PermissionChecker$$FastClassBySpringCGLIB$$abe365fc.invoke(<generated>) ~[main/:na]
	at org.springframework.cglib.proxy.MethodProxy.invoke(MethodProxy.java:218) ~[spring-core-5.2.6.RELEASE.jar:5.2.6.RELEASE]
	at org.springframework.aop.framework.CglibAopProxy$CglibMethodInvocation.invokeJoinpoint(CglibAopProxy.java:771) ~[spring-aop-5.2.6.RELEASE.jar:5.2.6.RELEASE]
	at org.springframework.aop.framework.ReflectiveMethodInvocation.proceed(ReflectiveMethodInvocation.java:163) ~[spring-aop-5.2.6.RELEASE.jar:5.2.6.RELEASE]
	at org.springframework.aop.framework.CglibAopProxy$CglibMethodInvocation.proceed(CglibAopProxy.java:749) ~[spring-aop-5.2.6.RELEASE.jar:5.2.6.RELEASE]
	at org.springframework.transaction.interceptor.TransactionAspectSupport.invokeWithinTransaction(TransactionAspectSupport.java:366) ~[spring-tx-5.2.6.RELEASE.jar:5.2.6.RELEASE]
	at org.springframework.transaction.interceptor.TransactionInterceptor.invoke(TransactionInterceptor.java:118) ~[spring-tx-5.2.6.RELEASE.jar:5.2.6.RELEASE]
	at org.springframework.aop.framework.ReflectiveMethodInvocation.proceed(ReflectiveMethodInvocation.java:186) ~[spring-aop-5.2.6.RELEASE.jar:5.2.6.RELEASE]
	at org.springframework.aop.framework.CglibAopProxy$CglibMethodInvocation.proceed(CglibAopProxy.java:749) ~[spring-aop-5.2.6.RELEASE.jar:5.2.6.RELEASE]
	at org.springframework.aop.framework.CglibAopProxy$DynamicAdvisedInterceptor.intercept(CglibAopProxy.java:691) ~[spring-aop-5.2.6.RELEASE.jar:5.2.6.RELEASE]
	at fi.vm.sade.organisaatio.auth.PermissionChecker$$EnhancerBySpringCGLIB$$b1ba0100.checkSaveOrganisation(<generated>) ~[main/:na]
	at fi.vm.sade.organisaatio.resource.OrganisaatioResourceImpl.updateOrganisaatio(OrganisaatioResourceImpl.java:250) ~[main/:na]
	at fi.vm.sade.organisaatio.resource.OrganisaatioResourceImpl$$FastClassBySpringCGLIB$$919e9dd1.invoke(<generated>) ~[main/:na]
	at org.springframework.cglib.proxy.MethodProxy.invoke(MethodProxy.java:218) ~[spring-core-5.2.6.RELEASE.jar:5.2.6.RELEASE]
	at org.springframework.aop.framework.CglibAopProxy$CglibMethodInvocation.invokeJoinpoint(CglibAopProxy.java:771) ~[spring-aop-5.2.6.RELEASE.jar:5.2.6.RELEASE]
	at org.springframework.aop.framework.ReflectiveMethodInvocation.proceed(ReflectiveMethodInvocation.java:163) ~[spring-aop-5.2.6.RELEASE.jar:5.2.6.RELEASE]
	at org.springframework.aop.framework.CglibAopProxy$CglibMethodInvocation.proceed(CglibAopProxy.java:749) ~[spring-aop-5.2.6.RELEASE.jar:5.2.6.RELEASE]
	at org.springframework.transaction.interceptor.TransactionAspectSupport.invokeWithinTransaction(TransactionAspectSupport.java:366) ~[spring-tx-5.2.6.RELEASE.jar:5.2.6.RELEASE]
	at org.springframework.transaction.interceptor.TransactionInterceptor.invoke(TransactionInterceptor.java:118) ~[spring-tx-5.2.6.RELEASE.jar:5.2.6.RELEASE]
	at org.springframework.aop.framework.ReflectiveMethodInvocation.proceed(ReflectiveMethodInvocation.java:186) ~[spring-aop-5.2.6.RELEASE.jar:5.2.6.RELEASE]
	at org.springframework.aop.framework.CglibAopProxy$CglibMethodInvocation.proceed(CglibAopProxy.java:749) ~[spring-aop-5.2.6.RELEASE.jar:5.2.6.RELEASE]
	at org.springframework.aop.framework.CglibAopProxy$DynamicAdvisedInterceptor.intercept(CglibAopProxy.java:691) ~[spring-aop-5.2.6.RELEASE.jar:5.2.6.RELEASE]
	at fi.vm.sade.organisaatio.resource.OrganisaatioResourceImpl$$EnhancerBySpringCGLIB$$a8eb59f.updateOrganisaatio(<generated>) ~[main/:na]
	at fi.vm.sade.organisaatio.resource.OrganisaatioResourceTest.testChangeParentOid(OrganisaatioResourceTest.java:116) ~[test/:na]
	at java.base/jdk.internal.reflect.NativeMethodAccessorImpl.invoke0(Native Method) ~[na:na]
	at java.base/jdk.internal.reflect.NativeMethodAccessorImpl.invoke(NativeMethodAccessorImpl.java:62) ~[na:na]
	at java.base/jdk.internal.reflect.DelegatingMethodAccessorImpl.invoke(DelegatingMethodAccessorImpl.java:43) ~[na:na]
	at java.base/java.lang.reflect.Method.invoke(Method.java:567) ~[na:na]
	at org.junit.runners.model.FrameworkMethod$1.runReflectiveCall(FrameworkMethod.java:59) ~[junit-4.13.jar:4.13]
	at org.junit.internal.runners.model.ReflectiveCallable.run(ReflectiveCallable.java:12) ~[junit-4.13.jar:4.13]
	at org.junit.runners.model.FrameworkMethod.invokeExplosively(FrameworkMethod.java:56) ~[junit-4.13.jar:4.13]
	at org.junit.internal.runners.statements.InvokeMethod.evaluate(InvokeMethod.java:17) ~[junit-4.13.jar:4.13]
	at org.springframework.test.context.junit4.statements.RunBeforeTestExecutionCallbacks.evaluate(RunBeforeTestExecutionCallbacks.java:74) ~[spring-test-5.2.6.RELEASE.jar:5.2.6.RELEASE]
	at org.springframework.test.context.junit4.statements.RunAfterTestExecutionCallbacks.evaluate(RunAfterTestExecutionCallbacks.java:84) ~[spring-test-5.2.6.RELEASE.jar:5.2.6.RELEASE]
	at org.junit.internal.runners.statements.RunBefores.evaluate(RunBefores.java:26) ~[junit-4.13.jar:4.13]
	at org.springframework.test.context.junit4.statements.RunBeforeTestMethodCallbacks.evaluate(RunBeforeTestMethodCallbacks.java:75) ~[spring-test-5.2.6.RELEASE.jar:5.2.6.RELEASE]
	at org.junit.internal.runners.statements.RunAfters.evaluate(RunAfters.java:27) ~[junit-4.13.jar:4.13]
	at org.springframework.test.context.junit4.statements.RunAfterTestMethodCallbacks.evaluate(RunAfterTestMethodCallbacks.java:86) ~[spring-test-5.2.6.RELEASE.jar:5.2.6.RELEASE]
	at org.springframework.test.context.junit4.statements.SpringRepeat.evaluate(SpringRepeat.java:84) ~[spring-test-5.2.6.RELEASE.jar:5.2.6.RELEASE]
	at org.junit.runners.ParentRunner.runLeaf(ParentRunner.java:366) ~[junit-4.13.jar:4.13]
	at org.springframework.test.context.junit4.SpringJUnit4ClassRunner.runChild(SpringJUnit4ClassRunner.java:251) ~[spring-test-5.2.6.RELEASE.jar:5.2.6.RELEASE]
	at org.springframework.test.context.junit4.SpringJUnit4ClassRunner.runChild(SpringJUnit4ClassRunner.java:97) ~[spring-test-5.2.6.RELEASE.jar:5.2.6.RELEASE]
	at org.junit.runners.ParentRunner$4.run(ParentRunner.java:331) ~[junit-4.13.jar:4.13]
	at org.junit.runners.ParentRunner$1.schedule(ParentRunner.java:79) ~[junit-4.13.jar:4.13]
	at org.junit.runners.ParentRunner.runChildren(ParentRunner.java:329) ~[junit-4.13.jar:4.13]
	at org.junit.runners.ParentRunner.access$100(ParentRunner.java:66) ~[junit-4.13.jar:4.13]
	at org.junit.runners.ParentRunner$2.evaluate(ParentRunner.java:293) ~[junit-4.13.jar:4.13]
	at org.springframework.test.context.junit4.statements.RunBeforeTestClassCallbacks.evaluate(RunBeforeTestClassCallbacks.java:61) ~[spring-test-5.2.6.RELEASE.jar:5.2.6.RELEASE]
	at org.springframework.test.context.junit4.statements.RunAfterTestClassCallbacks.evaluate(RunAfterTestClassCallbacks.java:70) ~[spring-test-5.2.6.RELEASE.jar:5.2.6.RELEASE]
	at org.junit.runners.ParentRunner$3.evaluate(ParentRunner.java:306) ~[junit-4.13.jar:4.13]
	at org.junit.runners.ParentRunner.run(ParentRunner.java:413) ~[junit-4.13.jar:4.13]
	at org.springframework.test.context.junit4.SpringJUnit4ClassRunner.run(SpringJUnit4ClassRunner.java:190) ~[spring-test-5.2.6.RELEASE.jar:5.2.6.RELEASE]
	at org.junit.runner.JUnitCore.run(JUnitCore.java:137) ~[junit-4.13.jar:4.13]
	at org.junit.runner.JUnitCore.run(JUnitCore.java:115) ~[junit-4.13.jar:4.13]
	at org.junit.vintage.engine.execution.RunnerExecutor.execute(RunnerExecutor.java:43) ~[junit-vintage-engine-5.6.2.jar:5.6.2]
	at java.base/java.util.stream.ForEachOps$ForEachOp$OfRef.accept(ForEachOps.java:183) ~[na:na]
	at java.base/java.util.stream.ReferencePipeline$3$1.accept(ReferencePipeline.java:195) ~[na:na]
	at java.base/java.util.Iterator.forEachRemaining(Iterator.java:133) ~[na:na]
	at java.base/java.util.Spliterators$IteratorSpliterator.forEachRemaining(Spliterators.java:1801) ~[na:na]
	at java.base/java.util.stream.AbstractPipeline.copyInto(AbstractPipeline.java:484) ~[na:na]
	at java.base/java.util.stream.AbstractPipeline.wrapAndCopyInto(AbstractPipeline.java:474) ~[na:na]
	at java.base/java.util.stream.ForEachOps$ForEachOp.evaluateSequential(ForEachOps.java:150) ~[na:na]
	at java.base/java.util.stream.ForEachOps$ForEachOp$OfRef.evaluateSequential(ForEachOps.java:173) ~[na:na]
	at java.base/java.util.stream.AbstractPipeline.evaluate(AbstractPipeline.java:234) ~[na:na]
	at java.base/java.util.stream.ReferencePipeline.forEach(ReferencePipeline.java:497) ~[na:na]
	at org.junit.vintage.engine.VintageTestEngine.executeAllChildren(VintageTestEngine.java:82) ~[junit-vintage-engine-5.6.2.jar:5.6.2]
	at org.junit.vintage.engine.VintageTestEngine.execute(VintageTestEngine.java:73) ~[junit-vintage-engine-5.6.2.jar:5.6.2]
	at org.junit.platform.launcher.core.DefaultLauncher.execute(DefaultLauncher.java:220) ~[na:na]
	at org.junit.platform.launcher.core.DefaultLauncher.lambda$execute$6(DefaultLauncher.java:188) ~[na:na]
	at org.junit.platform.launcher.core.DefaultLauncher.withInterceptedStreams(DefaultLauncher.java:202) ~[na:na]
	at org.junit.platform.launcher.core.DefaultLauncher.execute(DefaultLauncher.java:181) ~[na:na]
	at org.junit.platform.launcher.core.DefaultLauncher.execute(DefaultLauncher.java:128) ~[na:na]
	at org.gradle.api.internal.tasks.testing.junitplatform.JUnitPlatformTestClassProcessor$CollectAllTestClassesExecutor.processAllTestClasses(JUnitPlatformTestClassProcessor.java:99) ~[na:na]
	at org.gradle.api.internal.tasks.testing.junitplatform.JUnitPlatformTestClassProcessor$CollectAllTestClassesExecutor.access$000(JUnitPlatformTestClassProcessor.java:79) ~[na:na]
	at org.gradle.api.internal.tasks.testing.junitplatform.JUnitPlatformTestClassProcessor.stop(JUnitPlatformTestClassProcessor.java:75) ~[na:na]
	at org.gradle.api.internal.tasks.testing.SuiteTestClassProcessor.stop(SuiteTestClassProcessor.java:61) ~[na:na]
	at java.base/jdk.internal.reflect.NativeMethodAccessorImpl.invoke0(Native Method) ~[na:na]
	at java.base/jdk.internal.reflect.NativeMethodAccessorImpl.invoke(NativeMethodAccessorImpl.java:62) ~[na:na]
	at java.base/jdk.internal.reflect.DelegatingMethodAccessorImpl.invoke(DelegatingMethodAccessorImpl.java:43) ~[na:na]
	at java.base/java.lang.reflect.Method.invoke(Method.java:567) ~[na:na]
	at org.gradle.internal.dispatch.ReflectionDispatch.dispatch(ReflectionDispatch.java:36) ~[na:na]
	at org.gradle.internal.dispatch.ReflectionDispatch.dispatch(ReflectionDispatch.java:24) ~[na:na]
	at org.gradle.internal.dispatch.ContextClassLoaderDispatch.dispatch(ContextClassLoaderDispatch.java:33) ~[na:na]
	at org.gradle.internal.dispatch.ProxyDispatchAdapter$DispatchingInvocationHandler.invoke(ProxyDispatchAdapter.java:94) ~[na:na]
	at com.sun.proxy.$Proxy2.stop(Unknown Source) ~[na:na]
	at org.gradle.api.internal.tasks.testing.worker.TestWorker.stop(TestWorker.java:132) ~[na:na]
	at java.base/jdk.internal.reflect.NativeMethodAccessorImpl.invoke0(Native Method) ~[na:na]
	at java.base/jdk.internal.reflect.NativeMethodAccessorImpl.invoke(NativeMethodAccessorImpl.java:62) ~[na:na]
	at java.base/jdk.internal.reflect.DelegatingMethodAccessorImpl.invoke(DelegatingMethodAccessorImpl.java:43) ~[na:na]
	at java.base/java.lang.reflect.Method.invoke(Method.java:567) ~[na:na]
	at org.gradle.internal.dispatch.ReflectionDispatch.dispatch(ReflectionDispatch.java:36) ~[na:na]
	at org.gradle.internal.dispatch.ReflectionDispatch.dispatch(ReflectionDispatch.java:24) ~[na:na]
	at org.gradle.internal.remote.internal.hub.MessageHubBackedObjectConnection$DispatchWrapper.dispatch(MessageHubBackedObjectConnection.java:182) ~[na:na]
	at org.gradle.internal.remote.internal.hub.MessageHubBackedObjectConnection$DispatchWrapper.dispatch(MessageHubBackedObjectConnection.java:164) ~[na:na]
	at org.gradle.internal.remote.internal.hub.MessageHub$Handler.run(MessageHub.java:412) ~[na:na]
	at org.gradle.internal.concurrent.ExecutorPolicy$CatchAndRecordFailures.onExecute(ExecutorPolicy.java:64) ~[na:na]
	at org.gradle.internal.concurrent.ManagedExecutorImpl$1.run(ManagedExecutorImpl.java:48) ~[na:na]
	at java.base/java.util.concurrent.ThreadPoolExecutor.runWorker(ThreadPoolExecutor.java:1128) ~[na:na]
	at java.base/java.util.concurrent.ThreadPoolExecutor$Worker.run(ThreadPoolExecutor.java:628) ~[na:na]
	at org.gradle.internal.concurrent.ThreadFactoryImpl$ManagedThreadRunnable.run(ThreadFactoryImpl.java:56) ~[na:na]
	at java.base/java.lang.Thread.run(Thread.java:830) ~[na:na]

Hibernate: 
    select
        organisaat0_.id as id1_5_,
        organisaat0_.version as version2_5_,
        organisaat0_.alkupvm as alkupvm3_5_,
        organisaat0_.domainnimi as domainni4_5_,
        organisaat0_.kotipaikka as kotipaik5_5_,
        organisaat0_.kuvaus_mkt as kuvaus_28_5_,
        organisaat0_.lakkautuspvm as lakkautu6_5_,
        organisaat0_.maa as maa7_5_,
        organisaat0_.metadata_id as metadat29_5_,
        organisaat0_.nimi_mkt as nimi_mk30_5_,
        organisaat0_.nimihaku as nimihaku8_5_,
        organisaat0_.oid as oid9_5_,
        organisaat0_.opetuspisteenjarjnro as opetusp10_5_,
        organisaat0_.oppilaitoskoodi as oppilai11_5_,
        organisaat0_.oppilaitos_tyyppi as oppilai12_5_,
        organisaat0_.organisaatio_poistettu as organis13_5_,
        organisaat0_.paivittaja as paivitt14_5_,
        organisaat0_.paivityspvm as paivity15_5_,
        organisaat0_.parentidpath as parenti16_5_,
        organisaat0_.parentoidpath as parento17_5_,
        organisaat0_.piilotettu as piilote18_5_,
        organisaat0_.tarkastus_pvm as tarkast19_5_,
        organisaat0_.toimipistekoodi as toimipi20_5_,
        organisaat0_.tuontipvm as tuontip21_5_,
        organisaat0_.varhaiskasvatuksen_toimipaikka_tiedot_id as varhais31_5_,
        organisaat0_.virastotunnus as virasto22_5_,
        organisaat0_.yhteishaunkoulukoodi as yhteish23_5_,
        organisaat0_.yritysmuoto as yritysm24_5_,
        organisaat0_.ytj_kieli as ytj_kie25_5_,
        organisaat0_.ytjpaivityspvm as ytjpaiv26_5_,
        organisaat0_.ytunnus as ytunnus27_5_ 
    from
        organisaatio organisaat0_ 
    where
        organisaat0_.oid=?
2020-06-10 18:12:08.785 TRACE 55751 --- [    Test worker] o.h.type.descriptor.sql.BasicBinder      : binding parameter [1] as [VARCHAR] - [1.2.2004.5]
2020-06-10 18:12:08.785 TRACE 55751 --- [    Test worker] o.h.type.descriptor.sql.BasicExtractor   : extracted value ([id1_5_] : [BIGINT]) - [7]
2020-06-10 18:12:08.785 TRACE 55751 --- [    Test worker] o.h.type.descriptor.sql.BasicExtractor   : extracted value ([version2_5_] : [BIGINT]) - [2]
2020-06-10 18:12:08.785 TRACE 55751 --- [    Test worker] o.h.type.descriptor.sql.BasicExtractor   : extracted value ([alkupvm3_5_] : [DATE]) - [2006-06-29]
2020-06-10 18:12:08.785 TRACE 55751 --- [    Test worker] o.h.type.descriptor.sql.BasicExtractor   : extracted value ([domainni4_5_] : [VARCHAR]) - [null]
2020-06-10 18:12:08.785 TRACE 55751 --- [    Test worker] o.h.type.descriptor.sql.BasicExtractor   : extracted value ([kotipaik5_5_] : [VARCHAR]) - [Helsinki]
2020-06-10 18:12:08.785 TRACE 55751 --- [    Test worker] o.h.type.descriptor.sql.BasicExtractor   : extracted value ([kuvaus_28_5_] : [BIGINT]) - [null]
2020-06-10 18:12:08.785 TRACE 55751 --- [    Test worker] o.h.type.descriptor.sql.BasicExtractor   : extracted value ([lakkautu6_5_] : [DATE]) - [null]
2020-06-10 18:12:08.785 TRACE 55751 --- [    Test worker] o.h.type.descriptor.sql.BasicExtractor   : extracted value ([maa7_5_] : [VARCHAR]) - [null]
2020-06-10 18:12:08.785 TRACE 55751 --- [    Test worker] o.h.type.descriptor.sql.BasicExtractor   : extracted value ([metadat29_5_] : [BIGINT]) - [null]
2020-06-10 18:12:08.785 TRACE 55751 --- [    Test worker] o.h.type.descriptor.sql.BasicExtractor   : extracted value ([nimi_mk30_5_] : [BIGINT]) - [7]
2020-06-10 18:12:08.785 TRACE 55751 --- [    Test worker] o.h.type.descriptor.sql.BasicExtractor   : extracted value ([nimihaku8_5_] : [VARCHAR]) - [root2 test2 koulutustoimija2]
2020-06-10 18:12:08.785 TRACE 55751 --- [    Test worker] o.h.type.descriptor.sql.BasicExtractor   : extracted value ([oid9_5_] : [VARCHAR]) - [1.2.2004.5]
2020-06-10 18:12:08.785 TRACE 55751 --- [    Test worker] o.h.type.descriptor.sql.BasicExtractor   : extracted value ([opetusp10_5_] : [VARCHAR]) - [null]
2020-06-10 18:12:08.785 TRACE 55751 --- [    Test worker] o.h.type.descriptor.sql.BasicExtractor   : extracted value ([oppilai11_5_] : [VARCHAR]) - [null]
2020-06-10 18:12:08.785 TRACE 55751 --- [    Test worker] o.h.type.descriptor.sql.BasicExtractor   : extracted value ([oppilai12_5_] : [VARCHAR]) - [null]
2020-06-10 18:12:08.785 TRACE 55751 --- [    Test worker] o.h.type.descriptor.sql.BasicExtractor   : extracted value ([organis13_5_] : [BOOLEAN]) - [false]
2020-06-10 18:12:08.785 TRACE 55751 --- [    Test worker] o.h.type.descriptor.sql.BasicExtractor   : extracted value ([paivitt14_5_] : [VARCHAR]) - [null]
2020-06-10 18:12:08.785 TRACE 55751 --- [    Test worker] o.h.type.descriptor.sql.BasicExtractor   : extracted value ([paivity15_5_] : [TIMESTAMP]) - [null]
2020-06-10 18:12:08.785 TRACE 55751 --- [    Test worker] o.h.type.descriptor.sql.BasicExtractor   : extracted value ([parenti16_5_] : [VARCHAR]) - [|1|]
2020-06-10 18:12:08.785 TRACE 55751 --- [    Test worker] o.h.type.descriptor.sql.BasicExtractor   : extracted value ([parento17_5_] : [VARCHAR]) - [|1.2.246.562.24.00000000001|]
2020-06-10 18:12:08.785 TRACE 55751 --- [    Test worker] o.h.type.descriptor.sql.BasicExtractor   : extracted value ([piilote18_5_] : [BOOLEAN]) - [false]
2020-06-10 18:12:08.785 TRACE 55751 --- [    Test worker] o.h.type.descriptor.sql.BasicExtractor   : extracted value ([tarkast19_5_] : [TIMESTAMP]) - [null]
2020-06-10 18:12:08.785 TRACE 55751 --- [    Test worker] o.h.type.descriptor.sql.BasicExtractor   : extracted value ([toimipi20_5_] : [VARCHAR]) - [null]
2020-06-10 18:12:08.785 TRACE 55751 --- [    Test worker] o.h.type.descriptor.sql.BasicExtractor   : extracted value ([tuontip21_5_] : [TIMESTAMP]) - [null]
2020-06-10 18:12:08.785 TRACE 55751 --- [    Test worker] o.h.type.descriptor.sql.BasicExtractor   : extracted value ([varhais31_5_] : [BIGINT]) - [null]
2020-06-10 18:12:08.785 TRACE 55751 --- [    Test worker] o.h.type.descriptor.sql.BasicExtractor   : extracted value ([virasto22_5_] : [VARCHAR]) - [null]
2020-06-10 18:12:08.785 TRACE 55751 --- [    Test worker] o.h.type.descriptor.sql.BasicExtractor   : extracted value ([yhteish23_5_] : [VARCHAR]) - [null]
2020-06-10 18:12:08.785 TRACE 55751 --- [    Test worker] o.h.type.descriptor.sql.BasicExtractor   : extracted value ([yritysm24_5_] : [VARCHAR]) - [oy]
2020-06-10 18:12:08.785 TRACE 55751 --- [    Test worker] o.h.type.descriptor.sql.BasicExtractor   : extracted value ([ytj_kie25_5_] : [VARCHAR]) - [null]
2020-06-10 18:12:08.785 TRACE 55751 --- [    Test worker] o.h.type.descriptor.sql.BasicExtractor   : extracted value ([ytjpaiv26_5_] : [DATE]) - [null]
2020-06-10 18:12:08.785 TRACE 55751 --- [    Test worker] o.h.type.descriptor.sql.BasicExtractor   : extracted value ([ytunnus27_5_] : [VARCHAR]) - [1492449-0]
2020-06-10 18:12:08.785 TRACE 55751 --- [    Test worker] org.hibernate.type.CollectionType        : Created collection wrapper: [fi.vm.sade.organisaatio.model.Organisaatio.childSuhteet#7]
2020-06-10 18:12:08.785 TRACE 55751 --- [    Test worker] org.hibernate.type.CollectionType        : Created collection wrapper: [fi.vm.sade.organisaatio.model.Organisaatio.kayttoryhmat#7]
2020-06-10 18:12:08.785 TRACE 55751 --- [    Test worker] org.hibernate.type.CollectionType        : Created collection wrapper: [fi.vm.sade.organisaatio.model.Organisaatio.kielet#7]
2020-06-10 18:12:08.786 TRACE 55751 --- [    Test worker] org.hibernate.type.CollectionType        : Created collection wrapper: [fi.vm.sade.organisaatio.model.Organisaatio.muutKotipaikatUris#7]
2020-06-10 18:12:08.786 TRACE 55751 --- [    Test worker] org.hibernate.type.CollectionType        : Created collection wrapper: [fi.vm.sade.organisaatio.model.Organisaatio.muutOppilaitosTyyppiUris#7]
2020-06-10 18:12:08.786 TRACE 55751 --- [    Test worker] org.hibernate.type.CollectionType        : Created collection wrapper: [fi.vm.sade.organisaatio.model.Organisaatio.nimet#7]
2020-06-10 18:12:08.786 TRACE 55751 --- [    Test worker] org.hibernate.type.CollectionType        : Created collection wrapper: [fi.vm.sade.organisaatio.model.Organisaatio.organisaatioLisatietotyypit#7]
2020-06-10 18:12:08.786 TRACE 55751 --- [    Test worker] org.hibernate.type.CollectionType        : Created collection wrapper: [fi.vm.sade.organisaatio.model.Organisaatio.parentSuhteet#7]
2020-06-10 18:12:08.786 TRACE 55751 --- [    Test worker] org.hibernate.type.CollectionType        : Created collection wrapper: [fi.vm.sade.organisaatio.model.Organisaatio.ryhmatyypit#7]
2020-06-10 18:12:08.786 TRACE 55751 --- [    Test worker] org.hibernate.type.CollectionType        : Created collection wrapper: [fi.vm.sade.organisaatio.model.Organisaatio.tyypit#7]
2020-06-10 18:12:08.786 TRACE 55751 --- [    Test worker] org.hibernate.type.CollectionType        : Created collection wrapper: [fi.vm.sade.organisaatio.model.Organisaatio.vuosiluokat#7]
2020-06-10 18:12:08.786 TRACE 55751 --- [    Test worker] org.hibernate.type.CollectionType        : Created collection wrapper: [fi.vm.sade.organisaatio.model.Organisaatio.yhteystiedot#7]
2020-06-10 18:12:08.786 TRACE 55751 --- [    Test worker] org.hibernate.type.CollectionType        : Created collection wrapper: [fi.vm.sade.organisaatio.model.Organisaatio.yhteystietoArvos#7]
Hibernate: 
    select
        tyypit0_.organisaatio_id as organisa1_14_0_,
        tyypit0_.tyypit as tyypit2_14_0_ 
    from
        organisaatio_tyypit tyypit0_ 
    where
        tyypit0_.organisaatio_id in (
            ?, ?
        )
2020-06-10 18:12:08.786 TRACE 55751 --- [    Test worker] o.h.type.descriptor.sql.BasicBinder      : binding parameter [1] as [BIGINT] - [7]
2020-06-10 18:12:08.786 TRACE 55751 --- [    Test worker] o.h.type.descriptor.sql.BasicBinder      : binding parameter [2] as [BIGINT] - [4]
2020-06-10 18:12:08.786 TRACE 55751 --- [    Test worker] o.h.type.descriptor.sql.BasicExtractor   : extracted value ([organisa1_14_0_] : [BIGINT]) - [4]
2020-06-10 18:12:08.786 TRACE 55751 --- [    Test worker] o.h.type.descriptor.sql.BasicExtractor   : extracted value ([tyypit2_14_0_] : [VARCHAR]) - [organisaatiotyyppi_03]
2020-06-10 18:12:08.786 TRACE 55751 --- [    Test worker] o.h.type.descriptor.sql.BasicExtractor   : extracted value ([organisa1_14_0_] : [BIGINT]) - [4]
2020-06-10 18:12:08.786 TRACE 55751 --- [    Test worker] o.h.type.descriptor.sql.BasicExtractor   : extracted value ([tyypit2_14_0_] : [VARCHAR]) - [organisaatiotyyppi_02]
2020-06-10 18:12:08.786 TRACE 55751 --- [    Test worker] o.h.type.descriptor.sql.BasicExtractor   : extracted value ([organisa1_14_0_] : [BIGINT]) - [4]
2020-06-10 18:12:08.786 TRACE 55751 --- [    Test worker] o.h.type.descriptor.sql.BasicExtractor   : extracted value ([tyypit2_14_0_] : [VARCHAR]) - [organisaatiotyyppi_04]
2020-06-10 18:12:08.786 TRACE 55751 --- [    Test worker] o.h.type.descriptor.sql.BasicExtractor   : extracted value ([organisa1_14_0_] : [BIGINT]) - [7]
2020-06-10 18:12:08.787 TRACE 55751 --- [    Test worker] o.h.type.descriptor.sql.BasicExtractor   : extracted value ([tyypit2_14_0_] : [VARCHAR]) - [organisaatiotyyppi_01]
2020-06-10 18:12:09.027  WARN 55751 --- [    Test worker] fi.vm.sade.javautils.http.OphHttpClient  : Failed to CAS authenticate. Renewing proxy ticket.
Hibernate: 
    select
        organisaat0_.id as id1_5_,
        organisaat0_.version as version2_5_,
        organisaat0_.alkupvm as alkupvm3_5_,
        organisaat0_.domainnimi as domainni4_5_,
        organisaat0_.kotipaikka as kotipaik5_5_,
        organisaat0_.kuvaus_mkt as kuvaus_28_5_,
        organisaat0_.lakkautuspvm as lakkautu6_5_,
        organisaat0_.maa as maa7_5_,
        organisaat0_.metadata_id as metadat29_5_,
        organisaat0_.nimi_mkt as nimi_mk30_5_,
        organisaat0_.nimihaku as nimihaku8_5_,
        organisaat0_.oid as oid9_5_,
        organisaat0_.opetuspisteenjarjnro as opetusp10_5_,
        organisaat0_.oppilaitoskoodi as oppilai11_5_,
        organisaat0_.oppilaitos_tyyppi as oppilai12_5_,
        organisaat0_.organisaatio_poistettu as organis13_5_,
        organisaat0_.paivittaja as paivitt14_5_,
        organisaat0_.paivityspvm as paivity15_5_,
        organisaat0_.parentidpath as parenti16_5_,
        organisaat0_.parentoidpath as parento17_5_,
        organisaat0_.piilotettu as piilote18_5_,
        organisaat0_.tarkastus_pvm as tarkast19_5_,
        organisaat0_.toimipistekoodi as toimipi20_5_,
        organisaat0_.tuontipvm as tuontip21_5_,
        organisaat0_.varhaiskasvatuksen_toimipaikka_tiedot_id as varhais31_5_,
        organisaat0_.virastotunnus as virasto22_5_,
        organisaat0_.yhteishaunkoulukoodi as yhteish23_5_,
        organisaat0_.yritysmuoto as yritysm24_5_,
        organisaat0_.ytj_kieli as ytj_kie25_5_,
        organisaat0_.ytjpaivityspvm as ytjpaiv26_5_,
        organisaat0_.ytunnus as ytunnus27_5_ 
    from
        organisaatio organisaat0_ 
    where
        organisaat0_.oid=?
2020-06-10 18:12:09.383 TRACE 55751 --- [    Test worker] o.h.type.descriptor.sql.BasicBinder      : binding parameter [1] as [VARCHAR] - [1.2.2004.3]
2020-06-10 18:12:09.383 TRACE 55751 --- [    Test worker] o.h.type.descriptor.sql.BasicExtractor   : extracted value ([id1_5_] : [BIGINT]) - [4]
Hibernate: 
    select
        organisaat0_.id as id1_5_,
        organisaat0_.version as version2_5_,
        organisaat0_.alkupvm as alkupvm3_5_,
        organisaat0_.domainnimi as domainni4_5_,
        organisaat0_.kotipaikka as kotipaik5_5_,
        organisaat0_.kuvaus_mkt as kuvaus_28_5_,
        organisaat0_.lakkautuspvm as lakkautu6_5_,
        organisaat0_.maa as maa7_5_,
        organisaat0_.metadata_id as metadat29_5_,
        organisaat0_.nimi_mkt as nimi_mk30_5_,
        organisaat0_.nimihaku as nimihaku8_5_,
        organisaat0_.oid as oid9_5_,
        organisaat0_.opetuspisteenjarjnro as opetusp10_5_,
        organisaat0_.oppilaitoskoodi as oppilai11_5_,
        organisaat0_.oppilaitos_tyyppi as oppilai12_5_,
        organisaat0_.organisaatio_poistettu as organis13_5_,
        organisaat0_.paivittaja as paivitt14_5_,
        organisaat0_.paivityspvm as paivity15_5_,
        organisaat0_.parentidpath as parenti16_5_,
        organisaat0_.parentoidpath as parento17_5_,
        organisaat0_.piilotettu as piilote18_5_,
        organisaat0_.tarkastus_pvm as tarkast19_5_,
        organisaat0_.toimipistekoodi as toimipi20_5_,
        organisaat0_.tuontipvm as tuontip21_5_,
        organisaat0_.varhaiskasvatuksen_toimipaikka_tiedot_id as varhais31_5_,
        organisaat0_.virastotunnus as virasto22_5_,
        organisaat0_.yhteishaunkoulukoodi as yhteish23_5_,
        organisaat0_.yritysmuoto as yritysm24_5_,
        organisaat0_.ytj_kieli as ytj_kie25_5_,
        organisaat0_.ytjpaivityspvm as ytjpaiv26_5_,
        organisaat0_.ytunnus as ytunnus27_5_ 
    from
        organisaatio organisaat0_ 
    where
        organisaat0_.oid=?
2020-06-10 18:12:09.384 TRACE 55751 --- [    Test worker] o.h.type.descriptor.sql.BasicBinder      : binding parameter [1] as [VARCHAR] - [1.2.2004.5]
2020-06-10 18:12:09.384 TRACE 55751 --- [    Test worker] o.h.type.descriptor.sql.BasicExtractor   : extracted value ([id1_5_] : [BIGINT]) - [7]
Hibernate: 
    select
        parentsuht0_.child_id as child_id7_19_0_,
        parentsuht0_.id as id1_19_0_,
        parentsuht0_.id as id1_19_1_,
        parentsuht0_.version as version2_19_1_,
        parentsuht0_.alkupvm as alkupvm3_19_1_,
        parentsuht0_.child_id as child_id7_19_1_,
        parentsuht0_.loppupvm as loppupvm4_19_1_,
        parentsuht0_.opetuspisteenjarjnro as opetuspi5_19_1_,
        parentsuht0_.parent_id as parent_i8_19_1_,
        parentsuht0_.suhdetyyppi as suhdetyy6_19_1_ 
    from
        organisaatiosuhde parentsuht0_ 
    where
        parentsuht0_.child_id=? 
    order by
        parentsuht0_.alkupvm
2020-06-10 18:12:09.385 TRACE 55751 --- [    Test worker] o.h.type.descriptor.sql.BasicBinder      : binding parameter [1] as [BIGINT] - [7]
2020-06-10 18:12:09.385 TRACE 55751 --- [    Test worker] o.h.type.descriptor.sql.BasicExtractor   : extracted value ([id1_19_1_] : [BIGINT]) - [6]
2020-06-10 18:12:09.385 TRACE 55751 --- [    Test worker] o.h.type.descriptor.sql.BasicExtractor   : extracted value ([version2_19_1_] : [BIGINT]) - [0]
2020-06-10 18:12:09.385 TRACE 55751 --- [    Test worker] o.h.type.descriptor.sql.BasicExtractor   : extracted value ([alkupvm3_19_1_] : [DATE]) - [2014-12-02]
2020-06-10 18:12:09.385 TRACE 55751 --- [    Test worker] o.h.type.descriptor.sql.BasicExtractor   : extracted value ([child_id7_19_1_] : [BIGINT]) - [7]
2020-06-10 18:12:09.385 TRACE 55751 --- [    Test worker] o.h.type.descriptor.sql.BasicExtractor   : extracted value ([loppupvm4_19_1_] : [DATE]) - [null]
2020-06-10 18:12:09.385 TRACE 55751 --- [    Test worker] o.h.type.descriptor.sql.BasicExtractor   : extracted value ([opetuspi5_19_1_] : [VARCHAR]) - [null]
2020-06-10 18:12:09.385 TRACE 55751 --- [    Test worker] o.h.type.descriptor.sql.BasicExtractor   : extracted value ([parent_i8_19_1_] : [BIGINT]) - [1]
2020-06-10 18:12:09.385 TRACE 55751 --- [    Test worker] o.h.type.descriptor.sql.BasicExtractor   : extracted value ([suhdetyy6_19_1_] : [VARCHAR]) - [HISTORIA]
2020-06-10 18:12:09.385 TRACE 55751 --- [    Test worker] o.h.type.descriptor.sql.BasicExtractor   : extracted value ([child_id7_19_0_] : [BIGINT]) - [7]
2020-06-10 18:12:09.385 TRACE 55751 --- [    Test worker] o.h.type.descriptor.sql.BasicExtractor   : extracted value ([id1_19_0_] : [BIGINT]) - [6]
Hibernate: 
    select
        organisaat0_.id as id1_5_0_,
        organisaat0_.version as version2_5_0_,
        organisaat0_.alkupvm as alkupvm3_5_0_,
        organisaat0_.domainnimi as domainni4_5_0_,
        organisaat0_.kotipaikka as kotipaik5_5_0_,
        organisaat0_.kuvaus_mkt as kuvaus_28_5_0_,
        organisaat0_.lakkautuspvm as lakkautu6_5_0_,
        organisaat0_.maa as maa7_5_0_,
        organisaat0_.metadata_id as metadat29_5_0_,
        organisaat0_.nimi_mkt as nimi_mk30_5_0_,
        organisaat0_.nimihaku as nimihaku8_5_0_,
        organisaat0_.oid as oid9_5_0_,
        organisaat0_.opetuspisteenjarjnro as opetusp10_5_0_,
        organisaat0_.oppilaitoskoodi as oppilai11_5_0_,
        organisaat0_.oppilaitos_tyyppi as oppilai12_5_0_,
        organisaat0_.organisaatio_poistettu as organis13_5_0_,
        organisaat0_.paivittaja as paivitt14_5_0_,
        organisaat0_.paivityspvm as paivity15_5_0_,
        organisaat0_.parentidpath as parenti16_5_0_,
        organisaat0_.parentoidpath as parento17_5_0_,
        organisaat0_.piilotettu as piilote18_5_0_,
        organisaat0_.tarkastus_pvm as tarkast19_5_0_,
        organisaat0_.toimipistekoodi as toimipi20_5_0_,
        organisaat0_.tuontipvm as tuontip21_5_0_,
        organisaat0_.varhaiskasvatuksen_toimipaikka_tiedot_id as varhais31_5_0_,
        organisaat0_.virastotunnus as virasto22_5_0_,
        organisaat0_.yhteishaunkoulukoodi as yhteish23_5_0_,
        organisaat0_.yritysmuoto as yritysm24_5_0_,
        organisaat0_.ytj_kieli as ytj_kie25_5_0_,
        organisaat0_.ytjpaivityspvm as ytjpaiv26_5_0_,
        organisaat0_.ytunnus as ytunnus27_5_0_ 
    from
        organisaatio organisaat0_ 
    where
        organisaat0_.id=?
2020-06-10 18:12:09.385 TRACE 55751 --- [    Test worker] o.h.type.descriptor.sql.BasicBinder      : binding parameter [1] as [BIGINT] - [1]
2020-06-10 18:12:09.385 TRACE 55751 --- [    Test worker] o.h.type.descriptor.sql.BasicExtractor   : extracted value ([version2_5_0_] : [BIGINT]) - [0]
2020-06-10 18:12:09.385 TRACE 55751 --- [    Test worker] o.h.type.descriptor.sql.BasicExtractor   : extracted value ([alkupvm3_5_0_] : [DATE]) - [2004-06-29]
2020-06-10 18:12:09.385 TRACE 55751 --- [    Test worker] o.h.type.descriptor.sql.BasicExtractor   : extracted value ([domainni4_5_0_] : [VARCHAR]) - [null]
2020-06-10 18:12:09.385 TRACE 55751 --- [    Test worker] o.h.type.descriptor.sql.BasicExtractor   : extracted value ([kotipaik5_5_0_] : [VARCHAR]) - [Helsinki]
2020-06-10 18:12:09.385 TRACE 55751 --- [    Test worker] o.h.type.descriptor.sql.BasicExtractor   : extracted value ([kuvaus_28_5_0_] : [BIGINT]) - [null]
2020-06-10 18:12:09.385 TRACE 55751 --- [    Test worker] o.h.type.descriptor.sql.BasicExtractor   : extracted value ([lakkautu6_5_0_] : [DATE]) - [null]
2020-06-10 18:12:09.385 TRACE 55751 --- [    Test worker] o.h.type.descriptor.sql.BasicExtractor   : extracted value ([maa7_5_0_] : [VARCHAR]) - [null]
2020-06-10 18:12:09.385 TRACE 55751 --- [    Test worker] o.h.type.descriptor.sql.BasicExtractor   : extracted value ([metadat29_5_0_] : [BIGINT]) - [null]
2020-06-10 18:12:09.385 TRACE 55751 --- [    Test worker] o.h.type.descriptor.sql.BasicExtractor   : extracted value ([nimi_mk30_5_0_] : [BIGINT]) - [1]
2020-06-10 18:12:09.385 TRACE 55751 --- [    Test worker] o.h.type.descriptor.sql.BasicExtractor   : extracted value ([nimihaku8_5_0_] : [VARCHAR]) - [opetushallitus]
2020-06-10 18:12:09.386 TRACE 55751 --- [    Test worker] o.h.type.descriptor.sql.BasicExtractor   : extracted value ([oid9_5_0_] : [VARCHAR]) - [1.2.246.562.24.00000000001]
2020-06-10 18:12:09.386 TRACE 55751 --- [    Test worker] o.h.type.descriptor.sql.BasicExtractor   : extracted value ([opetusp10_5_0_] : [VARCHAR]) - [null]
2020-06-10 18:12:09.386 TRACE 55751 --- [    Test worker] o.h.type.descriptor.sql.BasicExtractor   : extracted value ([oppilai11_5_0_] : [VARCHAR]) - [null]
2020-06-10 18:12:09.386 TRACE 55751 --- [    Test worker] o.h.type.descriptor.sql.BasicExtractor   : extracted value ([oppilai12_5_0_] : [VARCHAR]) - [null]
2020-06-10 18:12:09.386 TRACE 55751 --- [    Test worker] o.h.type.descriptor.sql.BasicExtractor   : extracted value ([organis13_5_0_] : [BOOLEAN]) - [false]
2020-06-10 18:12:09.386 TRACE 55751 --- [    Test worker] o.h.type.descriptor.sql.BasicExtractor   : extracted value ([paivitt14_5_0_] : [VARCHAR]) - [null]
2020-06-10 18:12:09.386 TRACE 55751 --- [    Test worker] o.h.type.descriptor.sql.BasicExtractor   : extracted value ([paivity15_5_0_] : [TIMESTAMP]) - [null]
2020-06-10 18:12:09.386 TRACE 55751 --- [    Test worker] o.h.type.descriptor.sql.BasicExtractor   : extracted value ([parenti16_5_0_] : [VARCHAR]) - [null]
2020-06-10 18:12:09.386 TRACE 55751 --- [    Test worker] o.h.type.descriptor.sql.BasicExtractor   : extracted value ([parento17_5_0_] : [VARCHAR]) - [null]
2020-06-10 18:12:09.386 TRACE 55751 --- [    Test worker] o.h.type.descriptor.sql.BasicExtractor   : extracted value ([piilote18_5_0_] : [BOOLEAN]) - [false]
2020-06-10 18:12:09.386 TRACE 55751 --- [    Test worker] o.h.type.descriptor.sql.BasicExtractor   : extracted value ([tarkast19_5_0_] : [TIMESTAMP]) - [null]
2020-06-10 18:12:09.386 TRACE 55751 --- [    Test worker] o.h.type.descriptor.sql.BasicExtractor   : extracted value ([toimipi20_5_0_] : [VARCHAR]) - [null]
2020-06-10 18:12:09.386 TRACE 55751 --- [    Test worker] o.h.type.descriptor.sql.BasicExtractor   : extracted value ([tuontip21_5_0_] : [TIMESTAMP]) - [null]
2020-06-10 18:12:09.386 TRACE 55751 --- [    Test worker] o.h.type.descriptor.sql.BasicExtractor   : extracted value ([varhais31_5_0_] : [BIGINT]) - [null]
2020-06-10 18:12:09.386 TRACE 55751 --- [    Test worker] o.h.type.descriptor.sql.BasicExtractor   : extracted value ([virasto22_5_0_] : [VARCHAR]) - [null]
2020-06-10 18:12:09.386 TRACE 55751 --- [    Test worker] o.h.type.descriptor.sql.BasicExtractor   : extracted value ([yhteish23_5_0_] : [VARCHAR]) - [null]
2020-06-10 18:12:09.386 TRACE 55751 --- [    Test worker] o.h.type.descriptor.sql.BasicExtractor   : extracted value ([yritysm24_5_0_] : [VARCHAR]) - [oy]
2020-06-10 18:12:09.386 TRACE 55751 --- [    Test worker] o.h.type.descriptor.sql.BasicExtractor   : extracted value ([ytj_kie25_5_0_] : [VARCHAR]) - [null]
2020-06-10 18:12:09.386 TRACE 55751 --- [    Test worker] o.h.type.descriptor.sql.BasicExtractor   : extracted value ([ytjpaiv26_5_0_] : [DATE]) - [null]
2020-06-10 18:12:09.386 TRACE 55751 --- [    Test worker] o.h.type.descriptor.sql.BasicExtractor   : extracted value ([ytunnus27_5_0_] : [VARCHAR]) - [null]
2020-06-10 18:12:09.386 TRACE 55751 --- [    Test worker] org.hibernate.type.CollectionType        : Created collection wrapper: [fi.vm.sade.organisaatio.model.Organisaatio.childSuhteet#1]
2020-06-10 18:12:09.386 TRACE 55751 --- [    Test worker] org.hibernate.type.CollectionType        : Created collection wrapper: [fi.vm.sade.organisaatio.model.Organisaatio.kayttoryhmat#1]
2020-06-10 18:12:09.386 TRACE 55751 --- [    Test worker] org.hibernate.type.CollectionType        : Created collection wrapper: [fi.vm.sade.organisaatio.model.Organisaatio.kielet#1]
2020-06-10 18:12:09.386 TRACE 55751 --- [    Test worker] org.hibernate.type.CollectionType        : Created collection wrapper: [fi.vm.sade.organisaatio.model.Organisaatio.muutKotipaikatUris#1]
2020-06-10 18:12:09.386 TRACE 55751 --- [    Test worker] org.hibernate.type.CollectionType        : Created collection wrapper: [fi.vm.sade.organisaatio.model.Organisaatio.muutOppilaitosTyyppiUris#1]
2020-06-10 18:12:09.386 TRACE 55751 --- [    Test worker] org.hibernate.type.CollectionType        : Created collection wrapper: [fi.vm.sade.organisaatio.model.Organisaatio.nimet#1]
2020-06-10 18:12:09.386 TRACE 55751 --- [    Test worker] org.hibernate.type.CollectionType        : Created collection wrapper: [fi.vm.sade.organisaatio.model.Organisaatio.organisaatioLisatietotyypit#1]
2020-06-10 18:12:09.386 TRACE 55751 --- [    Test worker] org.hibernate.type.CollectionType        : Created collection wrapper: [fi.vm.sade.organisaatio.model.Organisaatio.parentSuhteet#1]
2020-06-10 18:12:09.386 TRACE 55751 --- [    Test worker] org.hibernate.type.CollectionType        : Created collection wrapper: [fi.vm.sade.organisaatio.model.Organisaatio.ryhmatyypit#1]
2020-06-10 18:12:09.386 TRACE 55751 --- [    Test worker] org.hibernate.type.CollectionType        : Created collection wrapper: [fi.vm.sade.organisaatio.model.Organisaatio.tyypit#1]
2020-06-10 18:12:09.386 TRACE 55751 --- [    Test worker] org.hibernate.type.CollectionType        : Created collection wrapper: [fi.vm.sade.organisaatio.model.Organisaatio.vuosiluokat#1]
2020-06-10 18:12:09.386 TRACE 55751 --- [    Test worker] org.hibernate.type.CollectionType        : Created collection wrapper: [fi.vm.sade.organisaatio.model.Organisaatio.yhteystiedot#1]
2020-06-10 18:12:09.386 TRACE 55751 --- [    Test worker] org.hibernate.type.CollectionType        : Created collection wrapper: [fi.vm.sade.organisaatio.model.Organisaatio.yhteystietoArvos#1]
Hibernate: 
    select
        parentsuht0_.child_id as child_id7_19_0_,
        parentsuht0_.id as id1_19_0_,
        parentsuht0_.id as id1_19_1_,
        parentsuht0_.version as version2_19_1_,
        parentsuht0_.alkupvm as alkupvm3_19_1_,
        parentsuht0_.child_id as child_id7_19_1_,
        parentsuht0_.loppupvm as loppupvm4_19_1_,
        parentsuht0_.opetuspisteenjarjnro as opetuspi5_19_1_,
        parentsuht0_.parent_id as parent_i8_19_1_,
        parentsuht0_.suhdetyyppi as suhdetyy6_19_1_ 
    from
        organisaatiosuhde parentsuht0_ 
    where
        parentsuht0_.child_id=? 
    order by
        parentsuht0_.alkupvm
2020-06-10 18:12:09.386 TRACE 55751 --- [    Test worker] o.h.type.descriptor.sql.BasicBinder      : binding parameter [1] as [BIGINT] - [1]
Hibernate: 
    select
        parentsuht0_.child_id as child_id7_19_0_,
        parentsuht0_.id as id1_19_0_,
        parentsuht0_.id as id1_19_1_,
        parentsuht0_.version as version2_19_1_,
        parentsuht0_.alkupvm as alkupvm3_19_1_,
        parentsuht0_.child_id as child_id7_19_1_,
        parentsuht0_.loppupvm as loppupvm4_19_1_,
        parentsuht0_.opetuspisteenjarjnro as opetuspi5_19_1_,
        parentsuht0_.parent_id as parent_i8_19_1_,
        parentsuht0_.suhdetyyppi as suhdetyy6_19_1_ 
    from
        organisaatiosuhde parentsuht0_ 
    where
        parentsuht0_.child_id=? 
    order by
        parentsuht0_.alkupvm
2020-06-10 18:12:09.387 TRACE 55751 --- [    Test worker] o.h.type.descriptor.sql.BasicBinder      : binding parameter [1] as [BIGINT] - [4]
2020-06-10 18:12:09.387 TRACE 55751 --- [    Test worker] o.h.type.descriptor.sql.BasicExtractor   : extracted value ([id1_19_1_] : [BIGINT]) - [3]
2020-06-10 18:12:09.387 TRACE 55751 --- [    Test worker] o.h.type.descriptor.sql.BasicExtractor   : extracted value ([version2_19_1_] : [BIGINT]) - [0]
2020-06-10 18:12:09.387 TRACE 55751 --- [    Test worker] o.h.type.descriptor.sql.BasicExtractor   : extracted value ([alkupvm3_19_1_] : [DATE]) - [2014-12-02]
2020-06-10 18:12:09.387 TRACE 55751 --- [    Test worker] o.h.type.descriptor.sql.BasicExtractor   : extracted value ([child_id7_19_1_] : [BIGINT]) - [4]
2020-06-10 18:12:09.387 TRACE 55751 --- [    Test worker] o.h.type.descriptor.sql.BasicExtractor   : extracted value ([loppupvm4_19_1_] : [DATE]) - [null]
2020-06-10 18:12:09.387 TRACE 55751 --- [    Test worker] o.h.type.descriptor.sql.BasicExtractor   : extracted value ([opetuspi5_19_1_] : [VARCHAR]) - [null]
2020-06-10 18:12:09.387 TRACE 55751 --- [    Test worker] o.h.type.descriptor.sql.BasicExtractor   : extracted value ([parent_i8_19_1_] : [BIGINT]) - [2]
2020-06-10 18:12:09.387 TRACE 55751 --- [    Test worker] o.h.type.descriptor.sql.BasicExtractor   : extracted value ([suhdetyy6_19_1_] : [VARCHAR]) - [HISTORIA]
2020-06-10 18:12:09.387 TRACE 55751 --- [    Test worker] o.h.type.descriptor.sql.BasicExtractor   : extracted value ([child_id7_19_0_] : [BIGINT]) - [4]
2020-06-10 18:12:09.387 TRACE 55751 --- [    Test worker] o.h.type.descriptor.sql.BasicExtractor   : extracted value ([id1_19_0_] : [BIGINT]) - [3]
Hibernate: 
    select
        organisaat0_.id as id1_5_0_,
        organisaat0_.version as version2_5_0_,
        organisaat0_.alkupvm as alkupvm3_5_0_,
        organisaat0_.domainnimi as domainni4_5_0_,
        organisaat0_.kotipaikka as kotipaik5_5_0_,
        organisaat0_.kuvaus_mkt as kuvaus_28_5_0_,
        organisaat0_.lakkautuspvm as lakkautu6_5_0_,
        organisaat0_.maa as maa7_5_0_,
        organisaat0_.metadata_id as metadat29_5_0_,
        organisaat0_.nimi_mkt as nimi_mk30_5_0_,
        organisaat0_.nimihaku as nimihaku8_5_0_,
        organisaat0_.oid as oid9_5_0_,
        organisaat0_.opetuspisteenjarjnro as opetusp10_5_0_,
        organisaat0_.oppilaitoskoodi as oppilai11_5_0_,
        organisaat0_.oppilaitos_tyyppi as oppilai12_5_0_,
        organisaat0_.organisaatio_poistettu as organis13_5_0_,
        organisaat0_.paivittaja as paivitt14_5_0_,
        organisaat0_.paivityspvm as paivity15_5_0_,
        organisaat0_.parentidpath as parenti16_5_0_,
        organisaat0_.parentoidpath as parento17_5_0_,
        organisaat0_.piilotettu as piilote18_5_0_,
        organisaat0_.tarkastus_pvm as tarkast19_5_0_,
        organisaat0_.toimipistekoodi as toimipi20_5_0_,
        organisaat0_.tuontipvm as tuontip21_5_0_,
        organisaat0_.varhaiskasvatuksen_toimipaikka_tiedot_id as varhais31_5_0_,
        organisaat0_.virastotunnus as virasto22_5_0_,
        organisaat0_.yhteishaunkoulukoodi as yhteish23_5_0_,
        organisaat0_.yritysmuoto as yritysm24_5_0_,
        organisaat0_.ytj_kieli as ytj_kie25_5_0_,
        organisaat0_.ytjpaivityspvm as ytjpaiv26_5_0_,
        organisaat0_.ytunnus as ytunnus27_5_0_ 
    from
        organisaatio organisaat0_ 
    where
        organisaat0_.id=?
2020-06-10 18:12:09.387 TRACE 55751 --- [    Test worker] o.h.type.descriptor.sql.BasicBinder      : binding parameter [1] as [BIGINT] - [2]
2020-06-10 18:12:09.387 TRACE 55751 --- [    Test worker] o.h.type.descriptor.sql.BasicExtractor   : extracted value ([version2_5_0_] : [BIGINT]) - [2]
2020-06-10 18:12:09.388 TRACE 55751 --- [    Test worker] o.h.type.descriptor.sql.BasicExtractor   : extracted value ([alkupvm3_5_0_] : [DATE]) - [2004-08-08]
2020-06-10 18:12:09.388 TRACE 55751 --- [    Test worker] o.h.type.descriptor.sql.BasicExtractor   : extracted value ([domainni4_5_0_] : [VARCHAR]) - [null]
2020-06-10 18:12:09.388 TRACE 55751 --- [    Test worker] o.h.type.descriptor.sql.BasicExtractor   : extracted value ([kotipaik5_5_0_] : [VARCHAR]) - [Helsinki]
2020-06-10 18:12:09.388 TRACE 55751 --- [    Test worker] o.h.type.descriptor.sql.BasicExtractor   : extracted value ([kuvaus_28_5_0_] : [BIGINT]) - [null]
2020-06-10 18:12:09.388 TRACE 55751 --- [    Test worker] o.h.type.descriptor.sql.BasicExtractor   : extracted value ([lakkautu6_5_0_] : [DATE]) - [null]
2020-06-10 18:12:09.388 TRACE 55751 --- [    Test worker] o.h.type.descriptor.sql.BasicExtractor   : extracted value ([maa7_5_0_] : [VARCHAR]) - [null]
2020-06-10 18:12:09.388 TRACE 55751 --- [    Test worker] o.h.type.descriptor.sql.BasicExtractor   : extracted value ([metadat29_5_0_] : [BIGINT]) - [null]
2020-06-10 18:12:09.388 TRACE 55751 --- [    Test worker] o.h.type.descriptor.sql.BasicExtractor   : extracted value ([nimi_mk30_5_0_] : [BIGINT]) - [2]
2020-06-10 18:12:09.388 TRACE 55751 --- [    Test worker] o.h.type.descriptor.sql.BasicExtractor   : extracted value ([nimihaku8_5_0_] : [VARCHAR]) - [root test koulutustoimija]
2020-06-10 18:12:09.388 TRACE 55751 --- [    Test worker] o.h.type.descriptor.sql.BasicExtractor   : extracted value ([oid9_5_0_] : [VARCHAR]) - [1.2.2004.1]
2020-06-10 18:12:09.388 TRACE 55751 --- [    Test worker] o.h.type.descriptor.sql.BasicExtractor   : extracted value ([opetusp10_5_0_] : [VARCHAR]) - [null]
2020-06-10 18:12:09.388 TRACE 55751 --- [    Test worker] o.h.type.descriptor.sql.BasicExtractor   : extracted value ([oppilai11_5_0_] : [VARCHAR]) - [12345]
2020-06-10 18:12:09.388 TRACE 55751 --- [    Test worker] o.h.type.descriptor.sql.BasicExtractor   : extracted value ([oppilai12_5_0_] : [VARCHAR]) - [null]
2020-06-10 18:12:09.388 TRACE 55751 --- [    Test worker] o.h.type.descriptor.sql.BasicExtractor   : extracted value ([organis13_5_0_] : [BOOLEAN]) - [false]
2020-06-10 18:12:09.388 TRACE 55751 --- [    Test worker] o.h.type.descriptor.sql.BasicExtractor   : extracted value ([paivitt14_5_0_] : [VARCHAR]) - [null]
2020-06-10 18:12:09.388 TRACE 55751 --- [    Test worker] o.h.type.descriptor.sql.BasicExtractor   : extracted value ([paivity15_5_0_] : [TIMESTAMP]) - [null]
2020-06-10 18:12:09.388 TRACE 55751 --- [    Test worker] o.h.type.descriptor.sql.BasicExtractor   : extracted value ([parenti16_5_0_] : [VARCHAR]) - [|1|]
2020-06-10 18:12:09.388 TRACE 55751 --- [    Test worker] o.h.type.descriptor.sql.BasicExtractor   : extracted value ([parento17_5_0_] : [VARCHAR]) - [|1.2.246.562.24.00000000001|]
2020-06-10 18:12:09.388 TRACE 55751 --- [    Test worker] o.h.type.descriptor.sql.BasicExtractor   : extracted value ([piilote18_5_0_] : [BOOLEAN]) - [false]
2020-06-10 18:12:09.388 TRACE 55751 --- [    Test worker] o.h.type.descriptor.sql.BasicExtractor   : extracted value ([tarkast19_5_0_] : [TIMESTAMP]) - [null]
2020-06-10 18:12:09.388 TRACE 55751 --- [    Test worker] o.h.type.descriptor.sql.BasicExtractor   : extracted value ([toimipi20_5_0_] : [VARCHAR]) - [null]
2020-06-10 18:12:09.388 TRACE 55751 --- [    Test worker] o.h.type.descriptor.sql.BasicExtractor   : extracted value ([tuontip21_5_0_] : [TIMESTAMP]) - [null]
2020-06-10 18:12:09.388 TRACE 55751 --- [    Test worker] o.h.type.descriptor.sql.BasicExtractor   : extracted value ([varhais31_5_0_] : [BIGINT]) - [null]
2020-06-10 18:12:09.388 TRACE 55751 --- [    Test worker] o.h.type.descriptor.sql.BasicExtractor   : extracted value ([virasto22_5_0_] : [VARCHAR]) - [null]
2020-06-10 18:12:09.388 TRACE 55751 --- [    Test worker] o.h.type.descriptor.sql.BasicExtractor   : extracted value ([yhteish23_5_0_] : [VARCHAR]) - [null]
2020-06-10 18:12:09.388 TRACE 55751 --- [    Test worker] o.h.type.descriptor.sql.BasicExtractor   : extracted value ([yritysm24_5_0_] : [VARCHAR]) - [oy]
2020-06-10 18:12:09.388 TRACE 55751 --- [    Test worker] o.h.type.descriptor.sql.BasicExtractor   : extracted value ([ytj_kie25_5_0_] : [VARCHAR]) - [null]
2020-06-10 18:12:09.388 TRACE 55751 --- [    Test worker] o.h.type.descriptor.sql.BasicExtractor   : extracted value ([ytjpaiv26_5_0_] : [DATE]) - [null]
2020-06-10 18:12:09.388 TRACE 55751 --- [    Test worker] o.h.type.descriptor.sql.BasicExtractor   : extracted value ([ytunnus27_5_0_] : [VARCHAR]) - [2255802-1]
2020-06-10 18:12:09.388 TRACE 55751 --- [    Test worker] org.hibernate.type.CollectionType        : Created collection wrapper: [fi.vm.sade.organisaatio.model.Organisaatio.childSuhteet#2]
2020-06-10 18:12:09.388 TRACE 55751 --- [    Test worker] org.hibernate.type.CollectionType        : Created collection wrapper: [fi.vm.sade.organisaatio.model.Organisaatio.kayttoryhmat#2]
2020-06-10 18:12:09.388 TRACE 55751 --- [    Test worker] org.hibernate.type.CollectionType        : Created collection wrapper: [fi.vm.sade.organisaatio.model.Organisaatio.kielet#2]
2020-06-10 18:12:09.388 TRACE 55751 --- [    Test worker] org.hibernate.type.CollectionType        : Created collection wrapper: [fi.vm.sade.organisaatio.model.Organisaatio.muutKotipaikatUris#2]
2020-06-10 18:12:09.388 TRACE 55751 --- [    Test worker] org.hibernate.type.CollectionType        : Created collection wrapper: [fi.vm.sade.organisaatio.model.Organisaatio.muutOppilaitosTyyppiUris#2]
2020-06-10 18:12:09.388 TRACE 55751 --- [    Test worker] org.hibernate.type.CollectionType        : Created collection wrapper: [fi.vm.sade.organisaatio.model.Organisaatio.nimet#2]
2020-06-10 18:12:09.388 TRACE 55751 --- [    Test worker] org.hibernate.type.CollectionType        : Created collection wrapper: [fi.vm.sade.organisaatio.model.Organisaatio.organisaatioLisatietotyypit#2]
2020-06-10 18:12:09.388 TRACE 55751 --- [    Test worker] org.hibernate.type.CollectionType        : Created collection wrapper: [fi.vm.sade.organisaatio.model.Organisaatio.parentSuhteet#2]
2020-06-10 18:12:09.388 TRACE 55751 --- [    Test worker] org.hibernate.type.CollectionType        : Created collection wrapper: [fi.vm.sade.organisaatio.model.Organisaatio.ryhmatyypit#2]
2020-06-10 18:12:09.388 TRACE 55751 --- [    Test worker] org.hibernate.type.CollectionType        : Created collection wrapper: [fi.vm.sade.organisaatio.model.Organisaatio.tyypit#2]
2020-06-10 18:12:09.388 TRACE 55751 --- [    Test worker] org.hibernate.type.CollectionType        : Created collection wrapper: [fi.vm.sade.organisaatio.model.Organisaatio.vuosiluokat#2]
2020-06-10 18:12:09.388 TRACE 55751 --- [    Test worker] org.hibernate.type.CollectionType        : Created collection wrapper: [fi.vm.sade.organisaatio.model.Organisaatio.yhteystiedot#2]
2020-06-10 18:12:09.388 TRACE 55751 --- [    Test worker] org.hibernate.type.CollectionType        : Created collection wrapper: [fi.vm.sade.organisaatio.model.Organisaatio.yhteystietoArvos#2]
2020-06-10 18:12:09.388  INFO 55751 --- [    Test worker] .s.o.b.i.OrganisaatioBusinessServiceImpl : Hierarkia muuttunut, tarkastetaan hierarkia.
Hibernate: 
    select
        organisaat0_.id as id1_5_,
        organisaat0_.version as version2_5_,
        organisaat0_.alkupvm as alkupvm3_5_,
        organisaat0_.domainnimi as domainni4_5_,
        organisaat0_.kotipaikka as kotipaik5_5_,
        organisaat0_.kuvaus_mkt as kuvaus_28_5_,
        organisaat0_.lakkautuspvm as lakkautu6_5_,
        organisaat0_.maa as maa7_5_,
        organisaat0_.metadata_id as metadat29_5_,
        organisaat0_.nimi_mkt as nimi_mk30_5_,
        organisaat0_.nimihaku as nimihaku8_5_,
        organisaat0_.oid as oid9_5_,
        organisaat0_.opetuspisteenjarjnro as opetusp10_5_,
        organisaat0_.oppilaitoskoodi as oppilai11_5_,
        organisaat0_.oppilaitos_tyyppi as oppilai12_5_,
        organisaat0_.organisaatio_poistettu as organis13_5_,
        organisaat0_.paivittaja as paivitt14_5_,
        organisaat0_.paivityspvm as paivity15_5_,
        organisaat0_.parentidpath as parenti16_5_,
        organisaat0_.parentoidpath as parento17_5_,
        organisaat0_.piilotettu as piilote18_5_,
        organisaat0_.tarkastus_pvm as tarkast19_5_,
        organisaat0_.toimipistekoodi as toimipi20_5_,
        organisaat0_.tuontipvm as tuontip21_5_,
        organisaat0_.varhaiskasvatuksen_toimipaikka_tiedot_id as varhais31_5_,
        organisaat0_.virastotunnus as virasto22_5_,
        organisaat0_.yhteishaunkoulukoodi as yhteish23_5_,
        organisaat0_.yritysmuoto as yritysm24_5_,
        organisaat0_.ytj_kieli as ytj_kie25_5_,
        organisaat0_.ytjpaivityspvm as ytjpaiv26_5_,
        organisaat0_.ytunnus as ytunnus27_5_ 
    from
        organisaatio organisaat0_ 
    where
        organisaat0_.oid=?
2020-06-10 18:12:09.389 TRACE 55751 --- [    Test worker] o.h.type.descriptor.sql.BasicBinder      : binding parameter [1] as [VARCHAR] - [1.2.2004.5]
2020-06-10 18:12:09.389 TRACE 55751 --- [    Test worker] o.h.type.descriptor.sql.BasicExtractor   : extracted value ([id1_5_] : [BIGINT]) - [7]
Hibernate: 
    select
        organisaat0_.id as id1_16_0_,
        organisaat0_.version as version2_16_0_,
        organisaat0_.hakutoimistoectsemailmkt as hakutoim6_16_0_,
        organisaat0_.hakutoimistoectsnimimkt as hakutoim7_16_0_,
        organisaat0_.hakutoimistoectspuhelinmkt as hakutoim8_16_0_,
        organisaat0_.hakutoimistoectstehtavanimikemkt as hakutoim9_16_0_,
        organisaat0_.hakutoimisto_nimi_id as hakutoi10_16_0_,
        organisaat0_.koodi as koodi3_16_0_,
        organisaat0_.kuva_id as kuva_id11_16_0_,
        organisaat0_.luontipvm as luontipv4_16_0_,
        organisaat0_.muokkauspvm as muokkaus5_16_0_,
        organisaat0_.nimi_id as nimi_id12_16_0_,
        monikielin1_.id as id1_2_1_,
        monikielin1_.version as version2_2_1_,
        monikielin2_.id as id1_2_2_,
        monikielin2_.version as version2_2_2_,
        monikielin3_.id as id1_2_3_,
        monikielin3_.version as version2_2_3_,
        monikielin4_.id as id1_2_4_,
        monikielin4_.version as version2_2_4_,
        monikielin5_.id as id1_2_5_,
        monikielin5_.version as version2_2_5_,
        monikielin6_.id as id1_2_6_,
        monikielin6_.version as version2_2_6_,
        organisaat7_.id as id1_5_7_,
        organisaat7_.version as version2_5_7_,
        organisaat7_.alkupvm as alkupvm3_5_7_,
        organisaat7_.domainnimi as domainni4_5_7_,
        organisaat7_.kotipaikka as kotipaik5_5_7_,
        organisaat7_.kuvaus_mkt as kuvaus_28_5_7_,
        organisaat7_.lakkautuspvm as lakkautu6_5_7_,
        organisaat7_.maa as maa7_5_7_,
        organisaat7_.metadata_id as metadat29_5_7_,
        organisaat7_.nimi_mkt as nimi_mk30_5_7_,
        organisaat7_.nimihaku as nimihaku8_5_7_,
        organisaat7_.oid as oid9_5_7_,
        organisaat7_.opetuspisteenjarjnro as opetusp10_5_7_,
        organisaat7_.oppilaitoskoodi as oppilai11_5_7_,
        organisaat7_.oppilaitos_tyyppi as oppilai12_5_7_,
        organisaat7_.organisaatio_poistettu as organis13_5_7_,
        organisaat7_.paivittaja as paivitt14_5_7_,
        organisaat7_.paivityspvm as paivity15_5_7_,
        organisaat7_.parentidpath as parenti16_5_7_,
        organisaat7_.parentoidpath as parento17_5_7_,
        organisaat7_.piilotettu as piilote18_5_7_,
        organisaat7_.tarkastus_pvm as tarkast19_5_7_,
        organisaat7_.toimipistekoodi as toimipi20_5_7_,
        organisaat7_.tuontipvm as tuontip21_5_7_,
        organisaat7_.varhaiskasvatuksen_toimipaikka_tiedot_id as varhais31_5_7_,
        organisaat7_.virastotunnus as virasto22_5_7_,
        organisaat7_.yhteishaunkoulukoodi as yhteish23_5_7_,
        organisaat7_.yritysmuoto as yritysm24_5_7_,
        organisaat7_.ytj_kieli as ytj_kie25_5_7_,
        organisaat7_.ytjpaivityspvm as ytjpaiv26_5_7_,
        organisaat7_.ytunnus as ytunnus27_5_7_ 
    from
        organisaatio_meta_data organisaat0_ 
    left outer join
        monikielinen_teksti monikielin1_ 
            on organisaat0_.hakutoimistoectsemailmkt=monikielin1_.id 
    left outer join
        monikielinen_teksti monikielin2_ 
            on organisaat0_.hakutoimistoectsnimimkt=monikielin2_.id 
    left outer join
        monikielinen_teksti monikielin3_ 
            on organisaat0_.hakutoimistoectspuhelinmkt=monikielin3_.id 
    left outer join
        monikielinen_teksti monikielin4_ 
            on organisaat0_.hakutoimistoectstehtavanimikemkt=monikielin4_.id 
    left outer join
        monikielinen_teksti monikielin5_ 
            on organisaat0_.hakutoimisto_nimi_id=monikielin5_.id 
    left outer join
        monikielinen_teksti monikielin6_ 
            on organisaat0_.nimi_id=monikielin6_.id 
    left outer join
        organisaatio organisaat7_ 
            on organisaat0_.id=organisaat7_.metadata_id 
    where
        organisaat0_.id=?
2020-06-10 18:12:09.390 TRACE 55751 --- [    Test worker] o.h.type.descriptor.sql.BasicBinder      : binding parameter [1] as [BIGINT] - [1]
2020-06-10 18:12:09.390 TRACE 55751 --- [    Test worker] o.h.type.descriptor.sql.BasicExtractor   : extracted value ([id1_2_1_] : [BIGINT]) - [null]
2020-06-10 18:12:09.390 TRACE 55751 --- [    Test worker] o.h.type.descriptor.sql.BasicExtractor   : extracted value ([id1_2_2_] : [BIGINT]) - [null]
2020-06-10 18:12:09.390 TRACE 55751 --- [    Test worker] o.h.type.descriptor.sql.BasicExtractor   : extracted value ([id1_2_3_] : [BIGINT]) - [null]
2020-06-10 18:12:09.390 TRACE 55751 --- [    Test worker] o.h.type.descriptor.sql.BasicExtractor   : extracted value ([id1_2_4_] : [BIGINT]) - [null]
2020-06-10 18:12:09.390 TRACE 55751 --- [    Test worker] o.h.type.descriptor.sql.BasicExtractor   : extracted value ([id1_2_5_] : [BIGINT]) - [1000]
2020-06-10 18:12:09.390 TRACE 55751 --- [    Test worker] o.h.type.descriptor.sql.BasicExtractor   : extracted value ([id1_2_6_] : [BIGINT]) - [null]
2020-06-10 18:12:09.390 TRACE 55751 --- [    Test worker] o.h.type.descriptor.sql.BasicExtractor   : extracted value ([id1_5_7_] : [BIGINT]) - [4]
2020-06-10 18:12:09.390 TRACE 55751 --- [    Test worker] o.h.type.descriptor.sql.BasicExtractor   : extracted value ([version2_16_0_] : [BIGINT]) - [1]
2020-06-10 18:12:09.390 TRACE 55751 --- [    Test worker] o.h.type.descriptor.sql.BasicExtractor   : extracted value ([hakutoim6_16_0_] : [BIGINT]) - [null]
2020-06-10 18:12:09.390 TRACE 55751 --- [    Test worker] o.h.type.descriptor.sql.BasicExtractor   : extracted value ([hakutoim7_16_0_] : [BIGINT]) - [null]
2020-06-10 18:12:09.390 TRACE 55751 --- [    Test worker] o.h.type.descriptor.sql.BasicExtractor   : extracted value ([hakutoim8_16_0_] : [BIGINT]) - [null]
2020-06-10 18:12:09.390 TRACE 55751 --- [    Test worker] o.h.type.descriptor.sql.BasicExtractor   : extracted value ([hakutoim9_16_0_] : [BIGINT]) - [null]
2020-06-10 18:12:09.390 TRACE 55751 --- [    Test worker] o.h.type.descriptor.sql.BasicExtractor   : extracted value ([hakutoi10_16_0_] : [BIGINT]) - [1000]
2020-06-10 18:12:09.390 TRACE 55751 --- [    Test worker] o.h.type.descriptor.sql.BasicExtractor   : extracted value ([koodi3_16_0_] : [VARCHAR]) - [null]
2020-06-10 18:12:09.390 TRACE 55751 --- [    Test worker] o.h.type.descriptor.sql.BasicExtractor   : extracted value ([kuva_id11_16_0_] : [BIGINT]) - [null]
2020-06-10 18:12:09.390 TRACE 55751 --- [    Test worker] o.h.type.descriptor.sql.BasicExtractor   : extracted value ([luontipv4_16_0_] : [TIMESTAMP]) - [1970-01-01 00:00:00.0]
2020-06-10 18:12:09.390 TRACE 55751 --- [    Test worker] o.h.type.descriptor.sql.BasicExtractor   : extracted value ([muokkaus5_16_0_] : [TIMESTAMP]) - [1970-01-01 00:00:00.0]
2020-06-10 18:12:09.390 TRACE 55751 --- [    Test worker] o.h.type.descriptor.sql.BasicExtractor   : extracted value ([nimi_id12_16_0_] : [BIGINT]) - [null]
2020-06-10 18:12:09.390 TRACE 55751 --- [    Test worker] o.h.type.descriptor.sql.BasicExtractor   : extracted value ([version2_2_5_] : [BIGINT]) - [0]
2020-06-10 18:12:09.390 TRACE 55751 --- [    Test worker] org.hibernate.type.CollectionType        : Created collection wrapper: [fi.vm.sade.organisaatio.model.OrganisaatioMetaData.values#1]
2020-06-10 18:12:09.390 TRACE 55751 --- [    Test worker] org.hibernate.type.CollectionType        : Created collection wrapper: [fi.vm.sade.organisaatio.model.OrganisaatioMetaData.yhteystiedot#1]
2020-06-10 18:12:09.390 TRACE 55751 --- [    Test worker] org.hibernate.type.CollectionType        : Created collection wrapper: [fi.vm.sade.organisaatio.model.MonikielinenTeksti.values#1000]
Hibernate: 
    select
        yhteystiet0_.id as id1_26_,
        yhteystiet0_.version as version2_26_,
        yhteystiet0_.arvo_text as arvo_tex3_26_,
        yhteystiet0_.arvo_yhteystieto_id as arvo_yht6_26_,
        yhteystiet0_.kentta_id as kentta_i7_26_,
        yhteystiet0_.kieli as kieli4_26_,
        yhteystiet0_.organisaatio_id as organisa8_26_,
        yhteystiet0_.yhteystieto_arvo_oid as yhteysti5_26_ 
    from
        yhteystieto_arvo yhteystiet0_ 
    where
        yhteystiet0_.organisaatio_id=?
2020-06-10 18:12:09.393 TRACE 55751 --- [    Test worker] o.h.type.descriptor.sql.BasicBinder      : binding parameter [1] as [BIGINT] - [4]
Hibernate: 
    insert 
    into
        monikielinen_teksti
        (id, version) 
    values
        (null, ?)
2020-06-10 18:12:09.393 TRACE 55751 --- [    Test worker] o.h.type.descriptor.sql.BasicBinder      : binding parameter [1] as [BIGINT] - [0]
Hibernate: 
    insert 
    into
        monikielinen_teksti
        (id, version) 
    values
        (null, ?)
2020-06-10 18:12:09.394 TRACE 55751 --- [    Test worker] o.h.type.descriptor.sql.BasicBinder      : binding parameter [1] as [BIGINT] - [0]
Hibernate: 
    insert 
    into
        monikielinen_teksti
        (id, version) 
    values
        (null, ?)
2020-06-10 18:12:09.394 TRACE 55751 --- [    Test worker] o.h.type.descriptor.sql.BasicBinder      : binding parameter [1] as [BIGINT] - [0]
Hibernate: 
    insert 
    into
        monikielinen_teksti
        (id, version) 
    values
        (null, ?)
2020-06-10 18:12:09.394 TRACE 55751 --- [    Test worker] o.h.type.descriptor.sql.BasicBinder      : binding parameter [1] as [BIGINT] - [0]
Hibernate: 
    insert 
    into
        monikielinen_teksti
        (id, version) 
    values
        (null, ?)
2020-06-10 18:12:09.394 TRACE 55751 --- [    Test worker] o.h.type.descriptor.sql.BasicBinder      : binding parameter [1] as [BIGINT] - [0]
Hibernate: 
    select
        values0_.id as id1_3_0_,
        values0_.value as value2_3_0_,
        values0_.key as key3_0_ 
    from
        monikielinen_teksti_values values0_ 
    where
        values0_.id=?
2020-06-10 18:12:09.395 TRACE 55751 --- [    Test worker] o.h.type.descriptor.sql.BasicBinder      : binding parameter [1] as [BIGINT] - [1000]
2020-06-10 18:12:09.395 TRACE 55751 --- [    Test worker] o.h.type.descriptor.sql.BasicExtractor   : extracted value ([id1_3_0_] : [BIGINT]) - [1000]
2020-06-10 18:12:09.395 TRACE 55751 --- [    Test worker] o.h.type.descriptor.sql.BasicExtractor   : extracted value ([value2_3_0_] : [VARCHAR]) - [Hakutoimiston nimi EN]
2020-06-10 18:12:09.395 TRACE 55751 --- [    Test worker] o.h.type.descriptor.sql.BasicExtractor   : extracted value ([key3_0_] : [VARCHAR]) - [kieli_en#1]
2020-06-10 18:12:09.395 TRACE 55751 --- [    Test worker] o.h.type.descriptor.sql.BasicExtractor   : extracted value ([id1_3_0_] : [BIGINT]) - [1000]
2020-06-10 18:12:09.395 TRACE 55751 --- [    Test worker] o.h.type.descriptor.sql.BasicExtractor   : extracted value ([value2_3_0_] : [VARCHAR]) - [Hakutoimiston nimi FI]
2020-06-10 18:12:09.395 TRACE 55751 --- [    Test worker] o.h.type.descriptor.sql.BasicExtractor   : extracted value ([key3_0_] : [VARCHAR]) - [kieli_fi#1]
Hibernate: 
    insert 
    into
        monikielinen_teksti
        (id, version) 
    values
        (null, ?)
2020-06-10 18:12:09.395 TRACE 55751 --- [    Test worker] o.h.type.descriptor.sql.BasicBinder      : binding parameter [1] as [BIGINT] - [0]
Hibernate: 
    insert 
    into
        yhteystieto
        (id, version, kieli, organisaatio_id, yhteystieto_oid, coordinatetype, extrarivi, lat, lng, maa, osavaltio, osoite, osoite_tyyppi, postinumero, postitoimipaikka, ytjpaivityspvm, dtype) 
    values
        (null, ?, ?, ?, ?, ?, ?, ?, ?, ?, ?, ?, ?, ?, ?, ?, 'Osoite')
2020-06-10 18:12:09.395 TRACE 55751 --- [    Test worker] o.h.type.descriptor.sql.BasicBinder      : binding parameter [1] as [BIGINT] - [0]
2020-06-10 18:12:09.395 TRACE 55751 --- [    Test worker] o.h.type.descriptor.sql.BasicBinder      : binding parameter [2] as [VARCHAR] - [kieli_fi#1]
2020-06-10 18:12:09.395 TRACE 55751 --- [    Test worker] o.h.type.descriptor.sql.BasicBinder      : binding parameter [3] as [BIGINT] - [null]
2020-06-10 18:12:09.395 TRACE 55751 --- [    Test worker] o.h.type.descriptor.sql.BasicBinder      : binding parameter [4] as [VARCHAR] - [1.2.2004.4]
2020-06-10 18:12:09.395 TRACE 55751 --- [    Test worker] o.h.type.descriptor.sql.BasicBinder      : binding parameter [5] as [VARCHAR] - [null]
2020-06-10 18:12:09.395 TRACE 55751 --- [    Test worker] o.h.type.descriptor.sql.BasicBinder      : binding parameter [6] as [VARCHAR] - [null]
2020-06-10 18:12:09.395 TRACE 55751 --- [    Test worker] o.h.type.descriptor.sql.BasicBinder      : binding parameter [7] as [DOUBLE] - [null]
2020-06-10 18:12:09.395 TRACE 55751 --- [    Test worker] o.h.type.descriptor.sql.BasicBinder      : binding parameter [8] as [DOUBLE] - [null]
2020-06-10 18:12:09.395 TRACE 55751 --- [    Test worker] o.h.type.descriptor.sql.BasicBinder      : binding parameter [9] as [VARCHAR] - [null]
2020-06-10 18:12:09.395 TRACE 55751 --- [    Test worker] o.h.type.descriptor.sql.BasicBinder      : binding parameter [10] as [VARCHAR] - [null]
2020-06-10 18:12:09.395 TRACE 55751 --- [    Test worker] o.h.type.descriptor.sql.BasicBinder      : binding parameter [11] as [VARCHAR] - [Hassuttimenkatu 2]
2020-06-10 18:12:09.395 TRACE 55751 --- [    Test worker] o.h.type.descriptor.sql.BasicBinder      : binding parameter [12] as [VARCHAR] - [kaynti]
2020-06-10 18:12:09.395 TRACE 55751 --- [    Test worker] o.h.type.descriptor.sql.BasicBinder      : binding parameter [13] as [VARCHAR] - [posti_10000]
2020-06-10 18:12:09.395 TRACE 55751 --- [    Test worker] o.h.type.descriptor.sql.BasicBinder      : binding parameter [14] as [VARCHAR] - [Juupajoki]
2020-06-10 18:12:09.395 TRACE 55751 --- [    Test worker] o.h.type.descriptor.sql.BasicBinder      : binding parameter [15] as [DATE] - [null]
Hibernate: 
    insert 
    into
        yhteystieto
        (id, version, kieli, organisaatio_id, yhteystieto_oid, coordinatetype, extrarivi, lat, lng, maa, osavaltio, osoite, osoite_tyyppi, postinumero, postitoimipaikka, ytjpaivityspvm, dtype) 
    values
        (null, ?, ?, ?, ?, ?, ?, ?, ?, ?, ?, ?, ?, ?, ?, ?, 'Osoite')
2020-06-10 18:12:09.396 TRACE 55751 --- [    Test worker] o.h.type.descriptor.sql.BasicBinder      : binding parameter [1] as [BIGINT] - [0]
2020-06-10 18:12:09.396 TRACE 55751 --- [    Test worker] o.h.type.descriptor.sql.BasicBinder      : binding parameter [2] as [VARCHAR] - [kieli_fi#1]
2020-06-10 18:12:09.396 TRACE 55751 --- [    Test worker] o.h.type.descriptor.sql.BasicBinder      : binding parameter [3] as [BIGINT] - [null]
2020-06-10 18:12:09.396 TRACE 55751 --- [    Test worker] o.h.type.descriptor.sql.BasicBinder      : binding parameter [4] as [VARCHAR] - [1.2.2004.5]
2020-06-10 18:12:09.396 TRACE 55751 --- [    Test worker] o.h.type.descriptor.sql.BasicBinder      : binding parameter [5] as [VARCHAR] - [null]
2020-06-10 18:12:09.396 TRACE 55751 --- [    Test worker] o.h.type.descriptor.sql.BasicBinder      : binding parameter [6] as [VARCHAR] - [null]
2020-06-10 18:12:09.396 TRACE 55751 --- [    Test worker] o.h.type.descriptor.sql.BasicBinder      : binding parameter [7] as [DOUBLE] - [null]
2020-06-10 18:12:09.396 TRACE 55751 --- [    Test worker] o.h.type.descriptor.sql.BasicBinder      : binding parameter [8] as [DOUBLE] - [null]
2020-06-10 18:12:09.396 TRACE 55751 --- [    Test worker] o.h.type.descriptor.sql.BasicBinder      : binding parameter [9] as [VARCHAR] - [null]
2020-06-10 18:12:09.396 TRACE 55751 --- [    Test worker] o.h.type.descriptor.sql.BasicBinder      : binding parameter [10] as [VARCHAR] - [null]
2020-06-10 18:12:09.396 TRACE 55751 --- [    Test worker] o.h.type.descriptor.sql.BasicBinder      : binding parameter [11] as [VARCHAR] - [Hassuttimenkatu 2]
2020-06-10 18:12:09.396 TRACE 55751 --- [    Test worker] o.h.type.descriptor.sql.BasicBinder      : binding parameter [12] as [VARCHAR] - [posti]
2020-06-10 18:12:09.396 TRACE 55751 --- [    Test worker] o.h.type.descriptor.sql.BasicBinder      : binding parameter [13] as [VARCHAR] - [posti_10000]
2020-06-10 18:12:09.396 TRACE 55751 --- [    Test worker] o.h.type.descriptor.sql.BasicBinder      : binding parameter [14] as [VARCHAR] - [Juupajoki]
2020-06-10 18:12:09.396 TRACE 55751 --- [    Test worker] o.h.type.descriptor.sql.BasicBinder      : binding parameter [15] as [DATE] - [null]
Hibernate: 
    insert 
    into
        yhteystieto
        (id, version, kieli, organisaatio_id, yhteystieto_oid, coordinatetype, extrarivi, lat, lng, maa, osavaltio, osoite, osoite_tyyppi, postinumero, postitoimipaikka, ytjpaivityspvm, dtype) 
    values
        (null, ?, ?, ?, ?, ?, ?, ?, ?, ?, ?, ?, ?, ?, ?, ?, 'Osoite')
2020-06-10 18:12:09.396 TRACE 55751 --- [    Test worker] o.h.type.descriptor.sql.BasicBinder      : binding parameter [1] as [BIGINT] - [0]
2020-06-10 18:12:09.396 TRACE 55751 --- [    Test worker] o.h.type.descriptor.sql.BasicBinder      : binding parameter [2] as [VARCHAR] - [kieli_sv#1]
2020-06-10 18:12:09.396 TRACE 55751 --- [    Test worker] o.h.type.descriptor.sql.BasicBinder      : binding parameter [3] as [BIGINT] - [null]
2020-06-10 18:12:09.396 TRACE 55751 --- [    Test worker] o.h.type.descriptor.sql.BasicBinder      : binding parameter [4] as [VARCHAR] - [1.2.2004.6]
2020-06-10 18:12:09.396 TRACE 55751 --- [    Test worker] o.h.type.descriptor.sql.BasicBinder      : binding parameter [5] as [VARCHAR] - [null]
2020-06-10 18:12:09.396 TRACE 55751 --- [    Test worker] o.h.type.descriptor.sql.BasicBinder      : binding parameter [6] as [VARCHAR] - [null]
2020-06-10 18:12:09.396 TRACE 55751 --- [    Test worker] o.h.type.descriptor.sql.BasicBinder      : binding parameter [7] as [DOUBLE] - [null]
2020-06-10 18:12:09.396 TRACE 55751 --- [    Test worker] o.h.type.descriptor.sql.BasicBinder      : binding parameter [8] as [DOUBLE] - [null]
2020-06-10 18:12:09.396 TRACE 55751 --- [    Test worker] o.h.type.descriptor.sql.BasicBinder      : binding parameter [9] as [VARCHAR] - [null]
2020-06-10 18:12:09.396 TRACE 55751 --- [    Test worker] o.h.type.descriptor.sql.BasicBinder      : binding parameter [10] as [VARCHAR] - [null]
2020-06-10 18:12:09.396 TRACE 55751 --- [    Test worker] o.h.type.descriptor.sql.BasicBinder      : binding parameter [11] as [VARCHAR] - [Hassutingatan 2]
2020-06-10 18:12:09.396 TRACE 55751 --- [    Test worker] o.h.type.descriptor.sql.BasicBinder      : binding parameter [12] as [VARCHAR] - [kaynti]
2020-06-10 18:12:09.397 TRACE 55751 --- [    Test worker] o.h.type.descriptor.sql.BasicBinder      : binding parameter [13] as [VARCHAR] - [posti_10000]
2020-06-10 18:12:09.397 TRACE 55751 --- [    Test worker] o.h.type.descriptor.sql.BasicBinder      : binding parameter [14] as [VARCHAR] - [Juupajoki]
2020-06-10 18:12:09.397 TRACE 55751 --- [    Test worker] o.h.type.descriptor.sql.BasicBinder      : binding parameter [15] as [DATE] - [null]
Hibernate: 
    insert 
    into
        yhteystieto
        (id, version, kieli, organisaatio_id, yhteystieto_oid, coordinatetype, extrarivi, lat, lng, maa, osavaltio, osoite, osoite_tyyppi, postinumero, postitoimipaikka, ytjpaivityspvm, dtype) 
    values
        (null, ?, ?, ?, ?, ?, ?, ?, ?, ?, ?, ?, ?, ?, ?, ?, 'Osoite')
2020-06-10 18:12:09.397 TRACE 55751 --- [    Test worker] o.h.type.descriptor.sql.BasicBinder      : binding parameter [1] as [BIGINT] - [0]
2020-06-10 18:12:09.397 TRACE 55751 --- [    Test worker] o.h.type.descriptor.sql.BasicBinder      : binding parameter [2] as [VARCHAR] - [kieli_en#1]
2020-06-10 18:12:09.397 TRACE 55751 --- [    Test worker] o.h.type.descriptor.sql.BasicBinder      : binding parameter [3] as [BIGINT] - [null]
2020-06-10 18:12:09.397 TRACE 55751 --- [    Test worker] o.h.type.descriptor.sql.BasicBinder      : binding parameter [4] as [VARCHAR] - [1.2.2004.7]
2020-06-10 18:12:09.397 TRACE 55751 --- [    Test worker] o.h.type.descriptor.sql.BasicBinder      : binding parameter [5] as [VARCHAR] - [null]
2020-06-10 18:12:09.397 TRACE 55751 --- [    Test worker] o.h.type.descriptor.sql.BasicBinder      : binding parameter [6] as [VARCHAR] - [null]
2020-06-10 18:12:09.397 TRACE 55751 --- [    Test worker] o.h.type.descriptor.sql.BasicBinder      : binding parameter [7] as [DOUBLE] - [null]
2020-06-10 18:12:09.397 TRACE 55751 --- [    Test worker] o.h.type.descriptor.sql.BasicBinder      : binding parameter [8] as [DOUBLE] - [null]
2020-06-10 18:12:09.397 TRACE 55751 --- [    Test worker] o.h.type.descriptor.sql.BasicBinder      : binding parameter [9] as [VARCHAR] - [null]
2020-06-10 18:12:09.397 TRACE 55751 --- [    Test worker] o.h.type.descriptor.sql.BasicBinder      : binding parameter [10] as [VARCHAR] - [null]
2020-06-10 18:12:09.397 TRACE 55751 --- [    Test worker] o.h.type.descriptor.sql.BasicBinder      : binding parameter [11] as [VARCHAR] - [Hassuttimenkatu 2, 10000 Juupajoki, Finland]
2020-06-10 18:12:09.397 TRACE 55751 --- [    Test worker] o.h.type.descriptor.sql.BasicBinder      : binding parameter [12] as [VARCHAR] - [ulkomainen_kaynti]
2020-06-10 18:12:09.397 TRACE 55751 --- [    Test worker] o.h.type.descriptor.sql.BasicBinder      : binding parameter [13] as [VARCHAR] - [null]
2020-06-10 18:12:09.397 TRACE 55751 --- [    Test worker] o.h.type.descriptor.sql.BasicBinder      : binding parameter [14] as [VARCHAR] - [null]
2020-06-10 18:12:09.397 TRACE 55751 --- [    Test worker] o.h.type.descriptor.sql.BasicBinder      : binding parameter [15] as [DATE] - [null]
Hibernate: 
    insert 
    into
        yhteystieto
        (id, version, kieli, organisaatio_id, yhteystieto_oid, coordinatetype, extrarivi, lat, lng, maa, osavaltio, osoite, osoite_tyyppi, postinumero, postitoimipaikka, ytjpaivityspvm, dtype) 
    values
        (null, ?, ?, ?, ?, ?, ?, ?, ?, ?, ?, ?, ?, ?, ?, ?, 'Osoite')
2020-06-10 18:12:09.397 TRACE 55751 --- [    Test worker] o.h.type.descriptor.sql.BasicBinder      : binding parameter [1] as [BIGINT] - [0]
2020-06-10 18:12:09.397 TRACE 55751 --- [    Test worker] o.h.type.descriptor.sql.BasicBinder      : binding parameter [2] as [VARCHAR] - [kieli_en#1]
2020-06-10 18:12:09.397 TRACE 55751 --- [    Test worker] o.h.type.descriptor.sql.BasicBinder      : binding parameter [3] as [BIGINT] - [null]
2020-06-10 18:12:09.397 TRACE 55751 --- [    Test worker] o.h.type.descriptor.sql.BasicBinder      : binding parameter [4] as [VARCHAR] - [1.2.2004.8]
2020-06-10 18:12:09.397 TRACE 55751 --- [    Test worker] o.h.type.descriptor.sql.BasicBinder      : binding parameter [5] as [VARCHAR] - [null]
2020-06-10 18:12:09.397 TRACE 55751 --- [    Test worker] o.h.type.descriptor.sql.BasicBinder      : binding parameter [6] as [VARCHAR] - [null]
2020-06-10 18:12:09.397 TRACE 55751 --- [    Test worker] o.h.type.descriptor.sql.BasicBinder      : binding parameter [7] as [DOUBLE] - [null]
2020-06-10 18:12:09.397 TRACE 55751 --- [    Test worker] o.h.type.descriptor.sql.BasicBinder      : binding parameter [8] as [DOUBLE] - [null]
2020-06-10 18:12:09.397 TRACE 55751 --- [    Test worker] o.h.type.descriptor.sql.BasicBinder      : binding parameter [9] as [VARCHAR] - [null]
2020-06-10 18:12:09.397 TRACE 55751 --- [    Test worker] o.h.type.descriptor.sql.BasicBinder      : binding parameter [10] as [VARCHAR] - [null]
2020-06-10 18:12:09.397 TRACE 55751 --- [    Test worker] o.h.type.descriptor.sql.BasicBinder      : binding parameter [11] as [VARCHAR] - [Hassuttimenkatu 2, 10000 Juupajoki, Finland]
2020-06-10 18:12:09.398 TRACE 55751 --- [    Test worker] o.h.type.descriptor.sql.BasicBinder      : binding parameter [12] as [VARCHAR] - [ulkomainen_posti]
2020-06-10 18:12:09.398 TRACE 55751 --- [    Test worker] o.h.type.descriptor.sql.BasicBinder      : binding parameter [13] as [VARCHAR] - [null]
2020-06-10 18:12:09.398 TRACE 55751 --- [    Test worker] o.h.type.descriptor.sql.BasicBinder      : binding parameter [14] as [VARCHAR] - [null]
2020-06-10 18:12:09.398 TRACE 55751 --- [    Test worker] o.h.type.descriptor.sql.BasicBinder      : binding parameter [15] as [DATE] - [null]
Hibernate: 
    insert 
    into
        yhteystieto
        (id, version, kieli, organisaatio_id, yhteystieto_oid, www_osoite, dtype) 
    values
        (null, ?, ?, ?, ?, ?, 'Www')
2020-06-10 18:12:09.398 TRACE 55751 --- [    Test worker] o.h.type.descriptor.sql.BasicBinder      : binding parameter [1] as [BIGINT] - [0]
2020-06-10 18:12:09.398 TRACE 55751 --- [    Test worker] o.h.type.descriptor.sql.BasicBinder      : binding parameter [2] as [VARCHAR] - [kieli_fi#1]
2020-06-10 18:12:09.398 TRACE 55751 --- [    Test worker] o.h.type.descriptor.sql.BasicBinder      : binding parameter [3] as [BIGINT] - [null]
2020-06-10 18:12:09.398 TRACE 55751 --- [    Test worker] o.h.type.descriptor.sql.BasicBinder      : binding parameter [4] as [VARCHAR] - [1.2.2004.100]
2020-06-10 18:12:09.398 TRACE 55751 --- [    Test worker] o.h.type.descriptor.sql.BasicBinder      : binding parameter [5] as [VARCHAR] - [http://www.foo.fi]
Hibernate: 
    insert 
    into
        yhteystieto
        (id, version, kieli, organisaatio_id, yhteystieto_oid, www_osoite, dtype) 
    values
        (null, ?, ?, ?, ?, ?, 'Www')
2020-06-10 18:12:09.399 TRACE 55751 --- [    Test worker] o.h.type.descriptor.sql.BasicBinder      : binding parameter [1] as [BIGINT] - [0]
2020-06-10 18:12:09.399 TRACE 55751 --- [    Test worker] o.h.type.descriptor.sql.BasicBinder      : binding parameter [2] as [VARCHAR] - [kieli_en#1]
2020-06-10 18:12:09.399 TRACE 55751 --- [    Test worker] o.h.type.descriptor.sql.BasicBinder      : binding parameter [3] as [BIGINT] - [null]
2020-06-10 18:12:09.399 TRACE 55751 --- [    Test worker] o.h.type.descriptor.sql.BasicBinder      : binding parameter [4] as [VARCHAR] - [1.2.2004.101]
2020-06-10 18:12:09.399 TRACE 55751 --- [    Test worker] o.h.type.descriptor.sql.BasicBinder      : binding parameter [5] as [VARCHAR] - [http://www.foo.fi/en]
Hibernate: 
    insert 
    into
        yhteystieto
        (id, version, kieli, organisaatio_id, yhteystieto_oid, puhelinnumero, tyyppi, dtype) 
    values
        (null, ?, ?, ?, ?, ?, ?, 'Puhelinnumero')
2020-06-10 18:12:09.399 TRACE 55751 --- [    Test worker] o.h.type.descriptor.sql.BasicBinder      : binding parameter [1] as [BIGINT] - [0]
2020-06-10 18:12:09.399 TRACE 55751 --- [    Test worker] o.h.type.descriptor.sql.BasicBinder      : binding parameter [2] as [VARCHAR] - [kieli_fi#1]
2020-06-10 18:12:09.399 TRACE 55751 --- [    Test worker] o.h.type.descriptor.sql.BasicBinder      : binding parameter [3] as [BIGINT] - [null]
2020-06-10 18:12:09.399 TRACE 55751 --- [    Test worker] o.h.type.descriptor.sql.BasicBinder      : binding parameter [4] as [VARCHAR] - [1.2.2004.201]
2020-06-10 18:12:09.399 TRACE 55751 --- [    Test worker] o.h.type.descriptor.sql.BasicBinder      : binding parameter [5] as [VARCHAR] - [123456789]
2020-06-10 18:12:09.399 TRACE 55751 --- [    Test worker] o.h.type.descriptor.sql.BasicBinder      : binding parameter [6] as [VARCHAR] - [puhelin]
Hibernate: 
    insert 
    into
        yhteystieto
        (id, version, kieli, organisaatio_id, yhteystieto_oid, email, dtype) 
    values
        (null, ?, ?, ?, ?, ?, 'Email')
2020-06-10 18:12:09.400 TRACE 55751 --- [    Test worker] o.h.type.descriptor.sql.BasicBinder      : binding parameter [1] as [BIGINT] - [0]
2020-06-10 18:12:09.400 TRACE 55751 --- [    Test worker] o.h.type.descriptor.sql.BasicBinder      : binding parameter [2] as [VARCHAR] - [kieli_fi#1]
2020-06-10 18:12:09.400 TRACE 55751 --- [    Test worker] o.h.type.descriptor.sql.BasicBinder      : binding parameter [3] as [BIGINT] - [null]
2020-06-10 18:12:09.400 TRACE 55751 --- [    Test worker] o.h.type.descriptor.sql.BasicBinder      : binding parameter [4] as [VARCHAR] - [1.2.2004.301]
2020-06-10 18:12:09.400 TRACE 55751 --- [    Test worker] o.h.type.descriptor.sql.BasicBinder      : binding parameter [5] as [VARCHAR] - [foo@bar.com]
Hibernate: 
    select
        values0_.organisaatio_meta_data_id as organisa1_17_1_,
        values0_.values_id as values_i2_17_1_,
        namedmonik1_.id as id1_4_0_,
        namedmonik1_.version as version2_4_0_,
        namedmonik1_.key as key3_4_0_,
        namedmonik1_.name_id as name_id4_4_0_,
        namedmonik1_.value_id as value_id5_4_0_ 
    from
        organisaatio_meta_data_values values0_ 
    inner join
        named_monikielinen_teksti namedmonik1_ 
            on values0_.values_id=namedmonik1_.id 
    where
        values0_.organisaatio_meta_data_id=?
2020-06-10 18:12:09.400 TRACE 55751 --- [    Test worker] o.h.type.descriptor.sql.BasicBinder      : binding parameter [1] as [BIGINT] - [1]
Hibernate: 
    select
        yhteystied0_.organisaatio_meta_data_id as organisa1_18_2_,
        yhteystied0_.yhteystiedot_id as yhteysti2_18_2_,
        yhteystiet1_.id as id2_25_0_,
        yhteystiet1_.version as version3_25_0_,
        yhteystiet1_.kieli as kieli4_25_0_,
        yhteystiet1_.organisaatio_id as organis21_25_0_,
        yhteystiet1_.yhteystieto_oid as yhteysti5_25_0_,
        yhteystiet1_.email as email6_25_0_,
        yhteystiet1_.coordinatetype as coordina7_25_0_,
        yhteystiet1_.extrarivi as extrariv8_25_0_,
        yhteystiet1_.lat as lat9_25_0_,
        yhteystiet1_.lng as lng10_25_0_,
        yhteystiet1_.maa as maa11_25_0_,
        yhteystiet1_.osavaltio as osavalt12_25_0_,
        yhteystiet1_.osoite as osoite13_25_0_,
        yhteystiet1_.osoite_tyyppi as osoite_14_25_0_,
        yhteystiet1_.postinumero as postinu15_25_0_,
        yhteystiet1_.postitoimipaikka as postito16_25_0_,
        yhteystiet1_.ytjpaivityspvm as ytjpaiv17_25_0_,
        yhteystiet1_.puhelinnumero as puhelin18_25_0_,
        yhteystiet1_.tyyppi as tyyppi19_25_0_,
        yhteystiet1_.www_osoite as www_oso20_25_0_,
        yhteystiet1_.dtype as dtype1_25_0_,
        organisaat2_.id as id1_5_1_,
        organisaat2_.version as version2_5_1_,
        organisaat2_.alkupvm as alkupvm3_5_1_,
        organisaat2_.domainnimi as domainni4_5_1_,
        organisaat2_.kotipaikka as kotipaik5_5_1_,
        organisaat2_.kuvaus_mkt as kuvaus_28_5_1_,
        organisaat2_.lakkautuspvm as lakkautu6_5_1_,
        organisaat2_.maa as maa7_5_1_,
        organisaat2_.metadata_id as metadat29_5_1_,
        organisaat2_.nimi_mkt as nimi_mk30_5_1_,
        organisaat2_.nimihaku as nimihaku8_5_1_,
        organisaat2_.oid as oid9_5_1_,
        organisaat2_.opetuspisteenjarjnro as opetusp10_5_1_,
        organisaat2_.oppilaitoskoodi as oppilai11_5_1_,
        organisaat2_.oppilaitos_tyyppi as oppilai12_5_1_,
        organisaat2_.organisaatio_poistettu as organis13_5_1_,
        organisaat2_.paivittaja as paivitt14_5_1_,
        organisaat2_.paivityspvm as paivity15_5_1_,
        organisaat2_.parentidpath as parenti16_5_1_,
        organisaat2_.parentoidpath as parento17_5_1_,
        organisaat2_.piilotettu as piilote18_5_1_,
        organisaat2_.tarkastus_pvm as tarkast19_5_1_,
        organisaat2_.toimipistekoodi as toimipi20_5_1_,
        organisaat2_.tuontipvm as tuontip21_5_1_,
        organisaat2_.varhaiskasvatuksen_toimipaikka_tiedot_id as varhais31_5_1_,
        organisaat2_.virastotunnus as virasto22_5_1_,
        organisaat2_.yhteishaunkoulukoodi as yhteish23_5_1_,
        organisaat2_.yritysmuoto as yritysm24_5_1_,
        organisaat2_.ytj_kieli as ytj_kie25_5_1_,
        organisaat2_.ytjpaivityspvm as ytjpaiv26_5_1_,
        organisaat2_.ytunnus as ytunnus27_5_1_ 
    from
        organisaatio_meta_data_yhteystiedot yhteystied0_ 
    inner join
        yhteystieto yhteystiet1_ 
            on yhteystied0_.yhteystiedot_id=yhteystiet1_.id 
    left outer join
        organisaatio organisaat2_ 
            on yhteystiet1_.organisaatio_id=organisaat2_.id 
    where
        yhteystied0_.organisaatio_meta_data_id=?
2020-06-10 18:12:09.401 TRACE 55751 --- [    Test worker] o.h.type.descriptor.sql.BasicBinder      : binding parameter [1] as [BIGINT] - [1]
2020-06-10 18:12:09.401 TRACE 55751 --- [    Test worker] o.h.type.descriptor.sql.BasicExtractor   : extracted value ([id2_25_0_] : [BIGINT]) - [1000]
2020-06-10 18:12:09.401 TRACE 55751 --- [    Test worker] o.h.type.descriptor.sql.BasicExtractor   : extracted value ([id1_5_1_] : [BIGINT]) - [null]
2020-06-10 18:12:09.401 TRACE 55751 --- [    Test worker] o.h.type.descriptor.sql.BasicExtractor   : extracted value ([dtype1_25_0_] : [VARCHAR]) - [Osoite]
2020-06-10 18:12:09.401 TRACE 55751 --- [    Test worker] o.h.type.descriptor.sql.BasicExtractor   : extracted value ([version3_25_0_] : [BIGINT]) - [1]
2020-06-10 18:12:09.401 TRACE 55751 --- [    Test worker] o.h.type.descriptor.sql.BasicExtractor   : extracted value ([kieli4_25_0_] : [VARCHAR]) - [kieli_fi#1]
2020-06-10 18:12:09.401 TRACE 55751 --- [    Test worker] o.h.type.descriptor.sql.BasicExtractor   : extracted value ([organis21_25_0_] : [BIGINT]) - [null]
2020-06-10 18:12:09.401 TRACE 55751 --- [    Test worker] o.h.type.descriptor.sql.BasicExtractor   : extracted value ([yhteysti5_25_0_] : [VARCHAR]) - [1.2.2004.4]
2020-06-10 18:12:09.401 TRACE 55751 --- [    Test worker] o.h.type.descriptor.sql.BasicExtractor   : extracted value ([coordina7_25_0_] : [VARCHAR]) - [null]
2020-06-10 18:12:09.401 TRACE 55751 --- [    Test worker] o.h.type.descriptor.sql.BasicExtractor   : extracted value ([extrariv8_25_0_] : [VARCHAR]) - [null]
2020-06-10 18:12:09.401 TRACE 55751 --- [    Test worker] o.h.type.descriptor.sql.BasicExtractor   : extracted value ([lat9_25_0_] : [DOUBLE]) - [null]
2020-06-10 18:12:09.401 TRACE 55751 --- [    Test worker] o.h.type.descriptor.sql.BasicExtractor   : extracted value ([lng10_25_0_] : [DOUBLE]) - [null]
2020-06-10 18:12:09.401 TRACE 55751 --- [    Test worker] o.h.type.descriptor.sql.BasicExtractor   : extracted value ([maa11_25_0_] : [VARCHAR]) - [null]
2020-06-10 18:12:09.401 TRACE 55751 --- [    Test worker] o.h.type.descriptor.sql.BasicExtractor   : extracted value ([osavalt12_25_0_] : [VARCHAR]) - [null]
2020-06-10 18:12:09.401 TRACE 55751 --- [    Test worker] o.h.type.descriptor.sql.BasicExtractor   : extracted value ([osoite13_25_0_] : [VARCHAR]) - [Hassuttimenkatu 2]
2020-06-10 18:12:09.401 TRACE 55751 --- [    Test worker] o.h.type.descriptor.sql.BasicExtractor   : extracted value ([osoite_14_25_0_] : [VARCHAR]) - [kaynti]
2020-06-10 18:12:09.401 TRACE 55751 --- [    Test worker] o.h.type.descriptor.sql.BasicExtractor   : extracted value ([postinu15_25_0_] : [VARCHAR]) - [posti_10000]
2020-06-10 18:12:09.401 TRACE 55751 --- [    Test worker] o.h.type.descriptor.sql.BasicExtractor   : extracted value ([postito16_25_0_] : [VARCHAR]) - [Juupajoki]
2020-06-10 18:12:09.401 TRACE 55751 --- [    Test worker] o.h.type.descriptor.sql.BasicExtractor   : extracted value ([ytjpaiv17_25_0_] : [DATE]) - [null]
2020-06-10 18:12:09.401 TRACE 55751 --- [    Test worker] o.h.type.descriptor.sql.BasicExtractor   : extracted value ([organisa1_18_2_] : [BIGINT]) - [1]
2020-06-10 18:12:09.401 TRACE 55751 --- [    Test worker] o.h.type.descriptor.sql.BasicExtractor   : extracted value ([yhteysti2_18_2_] : [BIGINT]) - [1000]
2020-06-10 18:12:09.401 TRACE 55751 --- [    Test worker] o.h.type.descriptor.sql.BasicExtractor   : extracted value ([id2_25_0_] : [BIGINT]) - [1001]
2020-06-10 18:12:09.401 TRACE 55751 --- [    Test worker] o.h.type.descriptor.sql.BasicExtractor   : extracted value ([id1_5_1_] : [BIGINT]) - [null]
2020-06-10 18:12:09.401 TRACE 55751 --- [    Test worker] o.h.type.descriptor.sql.BasicExtractor   : extracted value ([dtype1_25_0_] : [VARCHAR]) - [Osoite]
2020-06-10 18:12:09.401 TRACE 55751 --- [    Test worker] o.h.type.descriptor.sql.BasicExtractor   : extracted value ([version3_25_0_] : [BIGINT]) - [1]
2020-06-10 18:12:09.401 TRACE 55751 --- [    Test worker] o.h.type.descriptor.sql.BasicExtractor   : extracted value ([kieli4_25_0_] : [VARCHAR]) - [kieli_fi#1]
2020-06-10 18:12:09.401 TRACE 55751 --- [    Test worker] o.h.type.descriptor.sql.BasicExtractor   : extracted value ([organis21_25_0_] : [BIGINT]) - [null]
2020-06-10 18:12:09.401 TRACE 55751 --- [    Test worker] o.h.type.descriptor.sql.BasicExtractor   : extracted value ([yhteysti5_25_0_] : [VARCHAR]) - [1.2.2004.5]
2020-06-10 18:12:09.401 TRACE 55751 --- [    Test worker] o.h.type.descriptor.sql.BasicExtractor   : extracted value ([coordina7_25_0_] : [VARCHAR]) - [null]
2020-06-10 18:12:09.401 TRACE 55751 --- [    Test worker] o.h.type.descriptor.sql.BasicExtractor   : extracted value ([extrariv8_25_0_] : [VARCHAR]) - [null]
2020-06-10 18:12:09.401 TRACE 55751 --- [    Test worker] o.h.type.descriptor.sql.BasicExtractor   : extracted value ([lat9_25_0_] : [DOUBLE]) - [null]
2020-06-10 18:12:09.401 TRACE 55751 --- [    Test worker] o.h.type.descriptor.sql.BasicExtractor   : extracted value ([lng10_25_0_] : [DOUBLE]) - [null]
2020-06-10 18:12:09.401 TRACE 55751 --- [    Test worker] o.h.type.descriptor.sql.BasicExtractor   : extracted value ([maa11_25_0_] : [VARCHAR]) - [null]
2020-06-10 18:12:09.401 TRACE 55751 --- [    Test worker] o.h.type.descriptor.sql.BasicExtractor   : extracted value ([osavalt12_25_0_] : [VARCHAR]) - [null]
2020-06-10 18:12:09.401 TRACE 55751 --- [    Test worker] o.h.type.descriptor.sql.BasicExtractor   : extracted value ([osoite13_25_0_] : [VARCHAR]) - [Hassuttimenkatu 2]
2020-06-10 18:12:09.401 TRACE 55751 --- [    Test worker] o.h.type.descriptor.sql.BasicExtractor   : extracted value ([osoite_14_25_0_] : [VARCHAR]) - [posti]
2020-06-10 18:12:09.401 TRACE 55751 --- [    Test worker] o.h.type.descriptor.sql.BasicExtractor   : extracted value ([postinu15_25_0_] : [VARCHAR]) - [posti_10000]
2020-06-10 18:12:09.401 TRACE 55751 --- [    Test worker] o.h.type.descriptor.sql.BasicExtractor   : extracted value ([postito16_25_0_] : [VARCHAR]) - [Juupajoki]
2020-06-10 18:12:09.401 TRACE 55751 --- [    Test worker] o.h.type.descriptor.sql.BasicExtractor   : extracted value ([ytjpaiv17_25_0_] : [DATE]) - [null]
2020-06-10 18:12:09.401 TRACE 55751 --- [    Test worker] o.h.type.descriptor.sql.BasicExtractor   : extracted value ([organisa1_18_2_] : [BIGINT]) - [1]
2020-06-10 18:12:09.401 TRACE 55751 --- [    Test worker] o.h.type.descriptor.sql.BasicExtractor   : extracted value ([yhteysti2_18_2_] : [BIGINT]) - [1001]
2020-06-10 18:12:09.401 TRACE 55751 --- [    Test worker] o.h.type.descriptor.sql.BasicExtractor   : extracted value ([id2_25_0_] : [BIGINT]) - [1002]
2020-06-10 18:12:09.401 TRACE 55751 --- [    Test worker] o.h.type.descriptor.sql.BasicExtractor   : extracted value ([id1_5_1_] : [BIGINT]) - [null]
2020-06-10 18:12:09.401 TRACE 55751 --- [    Test worker] o.h.type.descriptor.sql.BasicExtractor   : extracted value ([dtype1_25_0_] : [VARCHAR]) - [Osoite]
2020-06-10 18:12:09.402 TRACE 55751 --- [    Test worker] o.h.type.descriptor.sql.BasicExtractor   : extracted value ([version3_25_0_] : [BIGINT]) - [1]
2020-06-10 18:12:09.402 TRACE 55751 --- [    Test worker] o.h.type.descriptor.sql.BasicExtractor   : extracted value ([kieli4_25_0_] : [VARCHAR]) - [kieli_sv#1]
2020-06-10 18:12:09.402 TRACE 55751 --- [    Test worker] o.h.type.descriptor.sql.BasicExtractor   : extracted value ([organis21_25_0_] : [BIGINT]) - [null]
2020-06-10 18:12:09.402 TRACE 55751 --- [    Test worker] o.h.type.descriptor.sql.BasicExtractor   : extracted value ([yhteysti5_25_0_] : [VARCHAR]) - [1.2.2004.6]
2020-06-10 18:12:09.402 TRACE 55751 --- [    Test worker] o.h.type.descriptor.sql.BasicExtractor   : extracted value ([coordina7_25_0_] : [VARCHAR]) - [null]
2020-06-10 18:12:09.402 TRACE 55751 --- [    Test worker] o.h.type.descriptor.sql.BasicExtractor   : extracted value ([extrariv8_25_0_] : [VARCHAR]) - [null]
2020-06-10 18:12:09.402 TRACE 55751 --- [    Test worker] o.h.type.descriptor.sql.BasicExtractor   : extracted value ([lat9_25_0_] : [DOUBLE]) - [null]
2020-06-10 18:12:09.402 TRACE 55751 --- [    Test worker] o.h.type.descriptor.sql.BasicExtractor   : extracted value ([lng10_25_0_] : [DOUBLE]) - [null]
2020-06-10 18:12:09.402 TRACE 55751 --- [    Test worker] o.h.type.descriptor.sql.BasicExtractor   : extracted value ([maa11_25_0_] : [VARCHAR]) - [null]
2020-06-10 18:12:09.402 TRACE 55751 --- [    Test worker] o.h.type.descriptor.sql.BasicExtractor   : extracted value ([osavalt12_25_0_] : [VARCHAR]) - [null]
2020-06-10 18:12:09.402 TRACE 55751 --- [    Test worker] o.h.type.descriptor.sql.BasicExtractor   : extracted value ([osoite13_25_0_] : [VARCHAR]) - [Hassutingatan 2]
2020-06-10 18:12:09.402 TRACE 55751 --- [    Test worker] o.h.type.descriptor.sql.BasicExtractor   : extracted value ([osoite_14_25_0_] : [VARCHAR]) - [kaynti]
2020-06-10 18:12:09.402 TRACE 55751 --- [    Test worker] o.h.type.descriptor.sql.BasicExtractor   : extracted value ([postinu15_25_0_] : [VARCHAR]) - [posti_10000]
2020-06-10 18:12:09.402 TRACE 55751 --- [    Test worker] o.h.type.descriptor.sql.BasicExtractor   : extracted value ([postito16_25_0_] : [VARCHAR]) - [Juupajoki]
2020-06-10 18:12:09.402 TRACE 55751 --- [    Test worker] o.h.type.descriptor.sql.BasicExtractor   : extracted value ([ytjpaiv17_25_0_] : [DATE]) - [null]
2020-06-10 18:12:09.402 TRACE 55751 --- [    Test worker] o.h.type.descriptor.sql.BasicExtractor   : extracted value ([organisa1_18_2_] : [BIGINT]) - [1]
2020-06-10 18:12:09.402 TRACE 55751 --- [    Test worker] o.h.type.descriptor.sql.BasicExtractor   : extracted value ([yhteysti2_18_2_] : [BIGINT]) - [1002]
2020-06-10 18:12:09.402 TRACE 55751 --- [    Test worker] o.h.type.descriptor.sql.BasicExtractor   : extracted value ([id2_25_0_] : [BIGINT]) - [1003]
2020-06-10 18:12:09.402 TRACE 55751 --- [    Test worker] o.h.type.descriptor.sql.BasicExtractor   : extracted value ([id1_5_1_] : [BIGINT]) - [null]
2020-06-10 18:12:09.402 TRACE 55751 --- [    Test worker] o.h.type.descriptor.sql.BasicExtractor   : extracted value ([dtype1_25_0_] : [VARCHAR]) - [Osoite]
2020-06-10 18:12:09.402 TRACE 55751 --- [    Test worker] o.h.type.descriptor.sql.BasicExtractor   : extracted value ([version3_25_0_] : [BIGINT]) - [1]
2020-06-10 18:12:09.402 TRACE 55751 --- [    Test worker] o.h.type.descriptor.sql.BasicExtractor   : extracted value ([kieli4_25_0_] : [VARCHAR]) - [kieli_en#1]
2020-06-10 18:12:09.402 TRACE 55751 --- [    Test worker] o.h.type.descriptor.sql.BasicExtractor   : extracted value ([organis21_25_0_] : [BIGINT]) - [null]
2020-06-10 18:12:09.402 TRACE 55751 --- [    Test worker] o.h.type.descriptor.sql.BasicExtractor   : extracted value ([yhteysti5_25_0_] : [VARCHAR]) - [1.2.2004.7]
2020-06-10 18:12:09.402 TRACE 55751 --- [    Test worker] o.h.type.descriptor.sql.BasicExtractor   : extracted value ([coordina7_25_0_] : [VARCHAR]) - [null]
2020-06-10 18:12:09.402 TRACE 55751 --- [    Test worker] o.h.type.descriptor.sql.BasicExtractor   : extracted value ([extrariv8_25_0_] : [VARCHAR]) - [null]
2020-06-10 18:12:09.402 TRACE 55751 --- [    Test worker] o.h.type.descriptor.sql.BasicExtractor   : extracted value ([lat9_25_0_] : [DOUBLE]) - [null]
2020-06-10 18:12:09.402 TRACE 55751 --- [    Test worker] o.h.type.descriptor.sql.BasicExtractor   : extracted value ([lng10_25_0_] : [DOUBLE]) - [null]
2020-06-10 18:12:09.402 TRACE 55751 --- [    Test worker] o.h.type.descriptor.sql.BasicExtractor   : extracted value ([maa11_25_0_] : [VARCHAR]) - [null]
2020-06-10 18:12:09.402 TRACE 55751 --- [    Test worker] o.h.type.descriptor.sql.BasicExtractor   : extracted value ([osavalt12_25_0_] : [VARCHAR]) - [null]
2020-06-10 18:12:09.402 TRACE 55751 --- [    Test worker] o.h.type.descriptor.sql.BasicExtractor   : extracted value ([osoite13_25_0_] : [VARCHAR]) - [Hassuttimenkatu 2, 10000 Juupajoki, Finland]
2020-06-10 18:12:09.402 TRACE 55751 --- [    Test worker] o.h.type.descriptor.sql.BasicExtractor   : extracted value ([osoite_14_25_0_] : [VARCHAR]) - [ulkomainen_kaynti]
2020-06-10 18:12:09.402 TRACE 55751 --- [    Test worker] o.h.type.descriptor.sql.BasicExtractor   : extracted value ([postinu15_25_0_] : [VARCHAR]) - [null]
2020-06-10 18:12:09.402 TRACE 55751 --- [    Test worker] o.h.type.descriptor.sql.BasicExtractor   : extracted value ([postito16_25_0_] : [VARCHAR]) - [null]
2020-06-10 18:12:09.402 TRACE 55751 --- [    Test worker] o.h.type.descriptor.sql.BasicExtractor   : extracted value ([ytjpaiv17_25_0_] : [DATE]) - [null]
2020-06-10 18:12:09.402 TRACE 55751 --- [    Test worker] o.h.type.descriptor.sql.BasicExtractor   : extracted value ([organisa1_18_2_] : [BIGINT]) - [1]
2020-06-10 18:12:09.402 TRACE 55751 --- [    Test worker] o.h.type.descriptor.sql.BasicExtractor   : extracted value ([yhteysti2_18_2_] : [BIGINT]) - [1003]
2020-06-10 18:12:09.402 TRACE 55751 --- [    Test worker] o.h.type.descriptor.sql.BasicExtractor   : extracted value ([id2_25_0_] : [BIGINT]) - [1004]
2020-06-10 18:12:09.402 TRACE 55751 --- [    Test worker] o.h.type.descriptor.sql.BasicExtractor   : extracted value ([id1_5_1_] : [BIGINT]) - [null]
2020-06-10 18:12:09.402 TRACE 55751 --- [    Test worker] o.h.type.descriptor.sql.BasicExtractor   : extracted value ([dtype1_25_0_] : [VARCHAR]) - [Osoite]
2020-06-10 18:12:09.402 TRACE 55751 --- [    Test worker] o.h.type.descriptor.sql.BasicExtractor   : extracted value ([version3_25_0_] : [BIGINT]) - [1]
2020-06-10 18:12:09.402 TRACE 55751 --- [    Test worker] o.h.type.descriptor.sql.BasicExtractor   : extracted value ([kieli4_25_0_] : [VARCHAR]) - [kieli_en#1]
2020-06-10 18:12:09.402 TRACE 55751 --- [    Test worker] o.h.type.descriptor.sql.BasicExtractor   : extracted value ([organis21_25_0_] : [BIGINT]) - [null]
2020-06-10 18:12:09.402 TRACE 55751 --- [    Test worker] o.h.type.descriptor.sql.BasicExtractor   : extracted value ([yhteysti5_25_0_] : [VARCHAR]) - [1.2.2004.8]
2020-06-10 18:12:09.402 TRACE 55751 --- [    Test worker] o.h.type.descriptor.sql.BasicExtractor   : extracted value ([coordina7_25_0_] : [VARCHAR]) - [null]
2020-06-10 18:12:09.402 TRACE 55751 --- [    Test worker] o.h.type.descriptor.sql.BasicExtractor   : extracted value ([extrariv8_25_0_] : [VARCHAR]) - [null]
2020-06-10 18:12:09.402 TRACE 55751 --- [    Test worker] o.h.type.descriptor.sql.BasicExtractor   : extracted value ([lat9_25_0_] : [DOUBLE]) - [null]
2020-06-10 18:12:09.402 TRACE 55751 --- [    Test worker] o.h.type.descriptor.sql.BasicExtractor   : extracted value ([lng10_25_0_] : [DOUBLE]) - [null]
2020-06-10 18:12:09.402 TRACE 55751 --- [    Test worker] o.h.type.descriptor.sql.BasicExtractor   : extracted value ([maa11_25_0_] : [VARCHAR]) - [null]
2020-06-10 18:12:09.402 TRACE 55751 --- [    Test worker] o.h.type.descriptor.sql.BasicExtractor   : extracted value ([osavalt12_25_0_] : [VARCHAR]) - [null]
2020-06-10 18:12:09.402 TRACE 55751 --- [    Test worker] o.h.type.descriptor.sql.BasicExtractor   : extracted value ([osoite13_25_0_] : [VARCHAR]) - [Hassuttimenkatu 2, 10000 Juupajoki, Finland]
2020-06-10 18:12:09.402 TRACE 55751 --- [    Test worker] o.h.type.descriptor.sql.BasicExtractor   : extracted value ([osoite_14_25_0_] : [VARCHAR]) - [ulkomainen_posti]
2020-06-10 18:12:09.402 TRACE 55751 --- [    Test worker] o.h.type.descriptor.sql.BasicExtractor   : extracted value ([postinu15_25_0_] : [VARCHAR]) - [null]
2020-06-10 18:12:09.402 TRACE 55751 --- [    Test worker] o.h.type.descriptor.sql.BasicExtractor   : extracted value ([postito16_25_0_] : [VARCHAR]) - [null]
2020-06-10 18:12:09.402 TRACE 55751 --- [    Test worker] o.h.type.descriptor.sql.BasicExtractor   : extracted value ([ytjpaiv17_25_0_] : [DATE]) - [null]
2020-06-10 18:12:09.402 TRACE 55751 --- [    Test worker] o.h.type.descriptor.sql.BasicExtractor   : extracted value ([organisa1_18_2_] : [BIGINT]) - [1]
2020-06-10 18:12:09.402 TRACE 55751 --- [    Test worker] o.h.type.descriptor.sql.BasicExtractor   : extracted value ([yhteysti2_18_2_] : [BIGINT]) - [1004]
2020-06-10 18:12:09.402 TRACE 55751 --- [    Test worker] o.h.type.descriptor.sql.BasicExtractor   : extracted value ([id2_25_0_] : [BIGINT]) - [1101]
2020-06-10 18:12:09.402 TRACE 55751 --- [    Test worker] o.h.type.descriptor.sql.BasicExtractor   : extracted value ([id1_5_1_] : [BIGINT]) - [null]
2020-06-10 18:12:09.402 TRACE 55751 --- [    Test worker] o.h.type.descriptor.sql.BasicExtractor   : extracted value ([dtype1_25_0_] : [VARCHAR]) - [Www]
2020-06-10 18:12:09.403 TRACE 55751 --- [    Test worker] o.h.type.descriptor.sql.BasicExtractor   : extracted value ([version3_25_0_] : [BIGINT]) - [1]
2020-06-10 18:12:09.403 TRACE 55751 --- [    Test worker] o.h.type.descriptor.sql.BasicExtractor   : extracted value ([kieli4_25_0_] : [VARCHAR]) - [kieli_fi#1]
2020-06-10 18:12:09.403 TRACE 55751 --- [    Test worker] o.h.type.descriptor.sql.BasicExtractor   : extracted value ([organis21_25_0_] : [BIGINT]) - [null]
2020-06-10 18:12:09.403 TRACE 55751 --- [    Test worker] o.h.type.descriptor.sql.BasicExtractor   : extracted value ([yhteysti5_25_0_] : [VARCHAR]) - [1.2.2004.100]
2020-06-10 18:12:09.403 TRACE 55751 --- [    Test worker] o.h.type.descriptor.sql.BasicExtractor   : extracted value ([www_oso20_25_0_] : [VARCHAR]) - [http://www.foo.fi]
2020-06-10 18:12:09.403 TRACE 55751 --- [    Test worker] o.h.type.descriptor.sql.BasicExtractor   : extracted value ([organisa1_18_2_] : [BIGINT]) - [1]
2020-06-10 18:12:09.403 TRACE 55751 --- [    Test worker] o.h.type.descriptor.sql.BasicExtractor   : extracted value ([yhteysti2_18_2_] : [BIGINT]) - [1101]
2020-06-10 18:12:09.403 TRACE 55751 --- [    Test worker] o.h.type.descriptor.sql.BasicExtractor   : extracted value ([id2_25_0_] : [BIGINT]) - [1102]
2020-06-10 18:12:09.403 TRACE 55751 --- [    Test worker] o.h.type.descriptor.sql.BasicExtractor   : extracted value ([id1_5_1_] : [BIGINT]) - [null]
2020-06-10 18:12:09.403 TRACE 55751 --- [    Test worker] o.h.type.descriptor.sql.BasicExtractor   : extracted value ([dtype1_25_0_] : [VARCHAR]) - [Www]
2020-06-10 18:12:09.403 TRACE 55751 --- [    Test worker] o.h.type.descriptor.sql.BasicExtractor   : extracted value ([version3_25_0_] : [BIGINT]) - [1]
2020-06-10 18:12:09.403 TRACE 55751 --- [    Test worker] o.h.type.descriptor.sql.BasicExtractor   : extracted value ([kieli4_25_0_] : [VARCHAR]) - [kieli_en#1]
2020-06-10 18:12:09.403 TRACE 55751 --- [    Test worker] o.h.type.descriptor.sql.BasicExtractor   : extracted value ([organis21_25_0_] : [BIGINT]) - [null]
2020-06-10 18:12:09.403 TRACE 55751 --- [    Test worker] o.h.type.descriptor.sql.BasicExtractor   : extracted value ([yhteysti5_25_0_] : [VARCHAR]) - [1.2.2004.101]
2020-06-10 18:12:09.403 TRACE 55751 --- [    Test worker] o.h.type.descriptor.sql.BasicExtractor   : extracted value ([www_oso20_25_0_] : [VARCHAR]) - [http://www.foo.fi/en]
2020-06-10 18:12:09.403 TRACE 55751 --- [    Test worker] o.h.type.descriptor.sql.BasicExtractor   : extracted value ([organisa1_18_2_] : [BIGINT]) - [1]
2020-06-10 18:12:09.403 TRACE 55751 --- [    Test worker] o.h.type.descriptor.sql.BasicExtractor   : extracted value ([yhteysti2_18_2_] : [BIGINT]) - [1102]
2020-06-10 18:12:09.403 TRACE 55751 --- [    Test worker] o.h.type.descriptor.sql.BasicExtractor   : extracted value ([id2_25_0_] : [BIGINT]) - [1201]
2020-06-10 18:12:09.403 TRACE 55751 --- [    Test worker] o.h.type.descriptor.sql.BasicExtractor   : extracted value ([id1_5_1_] : [BIGINT]) - [null]
2020-06-10 18:12:09.403 TRACE 55751 --- [    Test worker] o.h.type.descriptor.sql.BasicExtractor   : extracted value ([dtype1_25_0_] : [VARCHAR]) - [Puhelinnumero]
2020-06-10 18:12:09.403 TRACE 55751 --- [    Test worker] o.h.type.descriptor.sql.BasicExtractor   : extracted value ([version3_25_0_] : [BIGINT]) - [1]
2020-06-10 18:12:09.403 TRACE 55751 --- [    Test worker] o.h.type.descriptor.sql.BasicExtractor   : extracted value ([kieli4_25_0_] : [VARCHAR]) - [kieli_fi#1]
2020-06-10 18:12:09.403 TRACE 55751 --- [    Test worker] o.h.type.descriptor.sql.BasicExtractor   : extracted value ([organis21_25_0_] : [BIGINT]) - [null]
2020-06-10 18:12:09.403 TRACE 55751 --- [    Test worker] o.h.type.descriptor.sql.BasicExtractor   : extracted value ([yhteysti5_25_0_] : [VARCHAR]) - [1.2.2004.201]
2020-06-10 18:12:09.403 TRACE 55751 --- [    Test worker] o.h.type.descriptor.sql.BasicExtractor   : extracted value ([puhelin18_25_0_] : [VARCHAR]) - [123456789]
2020-06-10 18:12:09.403 TRACE 55751 --- [    Test worker] o.h.type.descriptor.sql.BasicExtractor   : extracted value ([tyyppi19_25_0_] : [VARCHAR]) - [puhelin]
2020-06-10 18:12:09.403 TRACE 55751 --- [    Test worker] o.h.type.descriptor.sql.BasicExtractor   : extracted value ([organisa1_18_2_] : [BIGINT]) - [1]
2020-06-10 18:12:09.403 TRACE 55751 --- [    Test worker] o.h.type.descriptor.sql.BasicExtractor   : extracted value ([yhteysti2_18_2_] : [BIGINT]) - [1201]
2020-06-10 18:12:09.403 TRACE 55751 --- [    Test worker] o.h.type.descriptor.sql.BasicExtractor   : extracted value ([id2_25_0_] : [BIGINT]) - [1301]
2020-06-10 18:12:09.403 TRACE 55751 --- [    Test worker] o.h.type.descriptor.sql.BasicExtractor   : extracted value ([id1_5_1_] : [BIGINT]) - [null]
2020-06-10 18:12:09.403 TRACE 55751 --- [    Test worker] o.h.type.descriptor.sql.BasicExtractor   : extracted value ([dtype1_25_0_] : [VARCHAR]) - [Email]
2020-06-10 18:12:09.403 TRACE 55751 --- [    Test worker] o.h.type.descriptor.sql.BasicExtractor   : extracted value ([version3_25_0_] : [BIGINT]) - [1]
2020-06-10 18:12:09.403 TRACE 55751 --- [    Test worker] o.h.type.descriptor.sql.BasicExtractor   : extracted value ([kieli4_25_0_] : [VARCHAR]) - [kieli_fi#1]
2020-06-10 18:12:09.403 TRACE 55751 --- [    Test worker] o.h.type.descriptor.sql.BasicExtractor   : extracted value ([organis21_25_0_] : [BIGINT]) - [null]
2020-06-10 18:12:09.403 TRACE 55751 --- [    Test worker] o.h.type.descriptor.sql.BasicExtractor   : extracted value ([yhteysti5_25_0_] : [VARCHAR]) - [1.2.2004.301]
2020-06-10 18:12:09.403 TRACE 55751 --- [    Test worker] o.h.type.descriptor.sql.BasicExtractor   : extracted value ([email6_25_0_] : [VARCHAR]) - [foo@bar.com]
2020-06-10 18:12:09.404 TRACE 55751 --- [    Test worker] o.h.type.descriptor.sql.BasicExtractor   : extracted value ([organisa1_18_2_] : [BIGINT]) - [1]
2020-06-10 18:12:09.404 TRACE 55751 --- [    Test worker] o.h.type.descriptor.sql.BasicExtractor   : extracted value ([yhteysti2_18_2_] : [BIGINT]) - [1301]
Hibernate: 
    insert 
    into
        monikielinen_teksti
        (id, version) 
    values
        (null, ?)
2020-06-10 18:12:09.404 TRACE 55751 --- [    Test worker] o.h.type.descriptor.sql.BasicBinder      : binding parameter [1] as [BIGINT] - [0]
Hibernate: 
    insert 
    into
        organisaatio_nimi
        (id, version, alkupvm, nimi_mkt, organisaatio_id, paivittaja) 
    values
        (null, ?, ?, ?, ?, ?)
2020-06-10 18:12:09.404 TRACE 55751 --- [    Test worker] o.h.type.descriptor.sql.BasicBinder      : binding parameter [1] as [BIGINT] - [0]
2020-06-10 18:12:09.404 TRACE 55751 --- [    Test worker] o.h.type.descriptor.sql.BasicBinder      : binding parameter [2] as [DATE] - [1970-01-01]
2020-06-10 18:12:09.404 TRACE 55751 --- [    Test worker] o.h.type.descriptor.sql.BasicBinder      : binding parameter [3] as [BIGINT] - [1007]
2020-06-10 18:12:09.404 TRACE 55751 --- [    Test worker] o.h.type.descriptor.sql.BasicBinder      : binding parameter [4] as [BIGINT] - [4]
2020-06-10 18:12:09.404 TRACE 55751 --- [    Test worker] o.h.type.descriptor.sql.BasicBinder      : binding parameter [5] as [VARCHAR] - [null]
Hibernate: 
    insert 
    into
        yhteystieto
        (id, version, kieli, organisaatio_id, yhteystieto_oid, coordinatetype, extrarivi, lat, lng, maa, osavaltio, osoite, osoite_tyyppi, postinumero, postitoimipaikka, ytjpaivityspvm, dtype) 
    values
        (null, ?, ?, ?, ?, ?, ?, ?, ?, ?, ?, ?, ?, ?, ?, ?, 'Osoite')
2020-06-10 18:12:09.405 TRACE 55751 --- [    Test worker] o.h.type.descriptor.sql.BasicBinder      : binding parameter [1] as [BIGINT] - [0]
2020-06-10 18:12:09.405 TRACE 55751 --- [    Test worker] o.h.type.descriptor.sql.BasicBinder      : binding parameter [2] as [VARCHAR] - [kieli_fi#1]
2020-06-10 18:12:09.405 TRACE 55751 --- [    Test worker] o.h.type.descriptor.sql.BasicBinder      : binding parameter [3] as [BIGINT] - [4]
2020-06-10 18:12:09.405 TRACE 55751 --- [    Test worker] o.h.type.descriptor.sql.BasicBinder      : binding parameter [4] as [VARCHAR] - [14175174065080.4219192693239784]
2020-06-10 18:12:09.405 TRACE 55751 --- [    Test worker] o.h.type.descriptor.sql.BasicBinder      : binding parameter [5] as [VARCHAR] - [null]
2020-06-10 18:12:09.405 TRACE 55751 --- [    Test worker] o.h.type.descriptor.sql.BasicBinder      : binding parameter [6] as [VARCHAR] - [null]
2020-06-10 18:12:09.405 TRACE 55751 --- [    Test worker] o.h.type.descriptor.sql.BasicBinder      : binding parameter [7] as [DOUBLE] - [null]
2020-06-10 18:12:09.405 TRACE 55751 --- [    Test worker] o.h.type.descriptor.sql.BasicBinder      : binding parameter [8] as [DOUBLE] - [null]
2020-06-10 18:12:09.405 TRACE 55751 --- [    Test worker] o.h.type.descriptor.sql.BasicBinder      : binding parameter [9] as [VARCHAR] - [null]
2020-06-10 18:12:09.405 TRACE 55751 --- [    Test worker] o.h.type.descriptor.sql.BasicBinder      : binding parameter [10] as [VARCHAR] - [null]
2020-06-10 18:12:09.405 TRACE 55751 --- [    Test worker] o.h.type.descriptor.sql.BasicBinder      : binding parameter [11] as [VARCHAR] - [Mannerheimintie 1]
2020-06-10 18:12:09.405 TRACE 55751 --- [    Test worker] o.h.type.descriptor.sql.BasicBinder      : binding parameter [12] as [VARCHAR] - [posti]
2020-06-10 18:12:09.405 TRACE 55751 --- [    Test worker] o.h.type.descriptor.sql.BasicBinder      : binding parameter [13] as [VARCHAR] - [posti_00100]
2020-06-10 18:12:09.405 TRACE 55751 --- [    Test worker] o.h.type.descriptor.sql.BasicBinder      : binding parameter [14] as [VARCHAR] - [Helsinki]
2020-06-10 18:12:09.405 TRACE 55751 --- [    Test worker] o.h.type.descriptor.sql.BasicBinder      : binding parameter [15] as [DATE] - [null]
Hibernate: 
    insert 
    into
        yhteystieto
        (id, version, kieli, organisaatio_id, yhteystieto_oid, coordinatetype, extrarivi, lat, lng, maa, osavaltio, osoite, osoite_tyyppi, postinumero, postitoimipaikka, ytjpaivityspvm, dtype) 
    values
        (null, ?, ?, ?, ?, ?, ?, ?, ?, ?, ?, ?, ?, ?, ?, ?, 'Osoite')
2020-06-10 18:12:09.405 TRACE 55751 --- [    Test worker] o.h.type.descriptor.sql.BasicBinder      : binding parameter [1] as [BIGINT] - [0]
2020-06-10 18:12:09.405 TRACE 55751 --- [    Test worker] o.h.type.descriptor.sql.BasicBinder      : binding parameter [2] as [VARCHAR] - [kieli_fi#1]
2020-06-10 18:12:09.405 TRACE 55751 --- [    Test worker] o.h.type.descriptor.sql.BasicBinder      : binding parameter [3] as [BIGINT] - [4]
2020-06-10 18:12:09.405 TRACE 55751 --- [    Test worker] o.h.type.descriptor.sql.BasicBinder      : binding parameter [4] as [VARCHAR] - [14175174065080.550941563558955]
2020-06-10 18:12:09.406 TRACE 55751 --- [    Test worker] o.h.type.descriptor.sql.BasicBinder      : binding parameter [5] as [VARCHAR] - [null]
2020-06-10 18:12:09.406 TRACE 55751 --- [    Test worker] o.h.type.descriptor.sql.BasicBinder      : binding parameter [6] as [VARCHAR] - [null]
2020-06-10 18:12:09.406 TRACE 55751 --- [    Test worker] o.h.type.descriptor.sql.BasicBinder      : binding parameter [7] as [DOUBLE] - [null]
2020-06-10 18:12:09.406 TRACE 55751 --- [    Test worker] o.h.type.descriptor.sql.BasicBinder      : binding parameter [8] as [DOUBLE] - [null]
2020-06-10 18:12:09.406 TRACE 55751 --- [    Test worker] o.h.type.descriptor.sql.BasicBinder      : binding parameter [9] as [VARCHAR] - [null]
2020-06-10 18:12:09.406 TRACE 55751 --- [    Test worker] o.h.type.descriptor.sql.BasicBinder      : binding parameter [10] as [VARCHAR] - [null]
2020-06-10 18:12:09.406 TRACE 55751 --- [    Test worker] o.h.type.descriptor.sql.BasicBinder      : binding parameter [11] as [VARCHAR] - [Mannerheimintie 1]
2020-06-10 18:12:09.406 TRACE 55751 --- [    Test worker] o.h.type.descriptor.sql.BasicBinder      : binding parameter [12] as [VARCHAR] - [kaynti]
2020-06-10 18:12:09.406 TRACE 55751 --- [    Test worker] o.h.type.descriptor.sql.BasicBinder      : binding parameter [13] as [VARCHAR] - [posti_00100]
2020-06-10 18:12:09.406 TRACE 55751 --- [    Test worker] o.h.type.descriptor.sql.BasicBinder      : binding parameter [14] as [VARCHAR] - [Helsinki]
2020-06-10 18:12:09.406 TRACE 55751 --- [    Test worker] o.h.type.descriptor.sql.BasicBinder      : binding parameter [15] as [DATE] - [null]
Hibernate: 
    insert 
    into
        yhteystieto
        (id, version, kieli, organisaatio_id, yhteystieto_oid, puhelinnumero, tyyppi, dtype) 
    values
        (null, ?, ?, ?, ?, ?, ?, 'Puhelinnumero')
2020-06-10 18:12:09.406 TRACE 55751 --- [    Test worker] o.h.type.descriptor.sql.BasicBinder      : binding parameter [1] as [BIGINT] - [0]
2020-06-10 18:12:09.406 TRACE 55751 --- [    Test worker] o.h.type.descriptor.sql.BasicBinder      : binding parameter [2] as [VARCHAR] - [kieli_fi#1]
2020-06-10 18:12:09.406 TRACE 55751 --- [    Test worker] o.h.type.descriptor.sql.BasicBinder      : binding parameter [3] as [BIGINT] - [4]
2020-06-10 18:12:09.406 TRACE 55751 --- [    Test worker] o.h.type.descriptor.sql.BasicBinder      : binding parameter [4] as [VARCHAR] - [14175174065080.10010532775601144]
2020-06-10 18:12:09.406 TRACE 55751 --- [    Test worker] o.h.type.descriptor.sql.BasicBinder      : binding parameter [5] as [VARCHAR] - [12345]
2020-06-10 18:12:09.406 TRACE 55751 --- [    Test worker] o.h.type.descriptor.sql.BasicBinder      : binding parameter [6] as [VARCHAR] - [puhelin]
Hibernate: 
    insert 
    into
        yhteystieto
        (id, version, kieli, organisaatio_id, yhteystieto_oid, www_osoite, dtype) 
    values
        (null, ?, ?, ?, ?, ?, 'Www')
2020-06-10 18:12:09.407 TRACE 55751 --- [    Test worker] o.h.type.descriptor.sql.BasicBinder      : binding parameter [1] as [BIGINT] - [0]
2020-06-10 18:12:09.407 TRACE 55751 --- [    Test worker] o.h.type.descriptor.sql.BasicBinder      : binding parameter [2] as [VARCHAR] - [kieli_fi#1]
2020-06-10 18:12:09.407 TRACE 55751 --- [    Test worker] o.h.type.descriptor.sql.BasicBinder      : binding parameter [3] as [BIGINT] - [4]
2020-06-10 18:12:09.407 TRACE 55751 --- [    Test worker] o.h.type.descriptor.sql.BasicBinder      : binding parameter [4] as [VARCHAR] - [14175174065080.48943728578096246]
2020-06-10 18:12:09.407 TRACE 55751 --- [    Test worker] o.h.type.descriptor.sql.BasicBinder      : binding parameter [5] as [VARCHAR] - [http://www.oph.fi]
Hibernate: 
    insert 
    into
        yhteystieto
        (id, version, kieli, organisaatio_id, yhteystieto_oid, email, dtype) 
    values
        (null, ?, ?, ?, ?, ?, 'Email')
2020-06-10 18:12:09.407 TRACE 55751 --- [    Test worker] o.h.type.descriptor.sql.BasicBinder      : binding parameter [1] as [BIGINT] - [0]
2020-06-10 18:12:09.407 TRACE 55751 --- [    Test worker] o.h.type.descriptor.sql.BasicBinder      : binding parameter [2] as [VARCHAR] - [kieli_fi#1]
2020-06-10 18:12:09.407 TRACE 55751 --- [    Test worker] o.h.type.descriptor.sql.BasicBinder      : binding parameter [3] as [BIGINT] - [4]
2020-06-10 18:12:09.407 TRACE 55751 --- [    Test worker] o.h.type.descriptor.sql.BasicBinder      : binding parameter [4] as [VARCHAR] - [14175174065080.4533891151600614]
2020-06-10 18:12:09.407 TRACE 55751 --- [    Test worker] o.h.type.descriptor.sql.BasicBinder      : binding parameter [5] as [VARCHAR] - [testi@oph.fi]
Hibernate: 
    select
        kayttoryhm0_.organisaatio_id as organisa1_6_0_,
        kayttoryhm0_.kayttoryhmat as kayttory2_6_0_ 
    from
        organisaatio_kayttoryhmat kayttoryhm0_ 
    where
        kayttoryhm0_.organisaatio_id in (
            ?, ?, ?, ?
        )
2020-06-10 18:12:09.408 TRACE 55751 --- [    Test worker] o.h.type.descriptor.sql.BasicBinder      : binding parameter [1] as [BIGINT] - [4]
2020-06-10 18:12:09.408 TRACE 55751 --- [    Test worker] o.h.type.descriptor.sql.BasicBinder      : binding parameter [2] as [BIGINT] - [7]
2020-06-10 18:12:09.408 TRACE 55751 --- [    Test worker] o.h.type.descriptor.sql.BasicBinder      : binding parameter [3] as [BIGINT] - [1]
2020-06-10 18:12:09.408 TRACE 55751 --- [    Test worker] o.h.type.descriptor.sql.BasicBinder      : binding parameter [4] as [BIGINT] - [2]
Hibernate: 
    select
        kielet0_.organisaatio_id as organisa1_7_0_,
        kielet0_.kielet as kielet2_7_0_ 
    from
        organisaatio_kielet kielet0_ 
    where
        kielet0_.organisaatio_id in (
            ?, ?, ?, ?
        )
2020-06-10 18:12:09.408 TRACE 55751 --- [    Test worker] o.h.type.descriptor.sql.BasicBinder      : binding parameter [1] as [BIGINT] - [4]
2020-06-10 18:12:09.408 TRACE 55751 --- [    Test worker] o.h.type.descriptor.sql.BasicBinder      : binding parameter [2] as [BIGINT] - [7]
2020-06-10 18:12:09.408 TRACE 55751 --- [    Test worker] o.h.type.descriptor.sql.BasicBinder      : binding parameter [3] as [BIGINT] - [1]
2020-06-10 18:12:09.408 TRACE 55751 --- [    Test worker] o.h.type.descriptor.sql.BasicBinder      : binding parameter [4] as [BIGINT] - [2]
Hibernate: 
    select
        muutkotipa0_.organisaatio_id as organisa1_9_0_,
        muutkotipa0_.muut_kotipaikat as muut_kot2_9_0_ 
    from
        organisaatio_muut_kotipaikat_uris muutkotipa0_ 
    where
        muutkotipa0_.organisaatio_id in (
            ?, ?, ?, ?
        )
2020-06-10 18:12:09.408 TRACE 55751 --- [    Test worker] o.h.type.descriptor.sql.BasicBinder      : binding parameter [1] as [BIGINT] - [4]
2020-06-10 18:12:09.408 TRACE 55751 --- [    Test worker] o.h.type.descriptor.sql.BasicBinder      : binding parameter [2] as [BIGINT] - [7]
2020-06-10 18:12:09.408 TRACE 55751 --- [    Test worker] o.h.type.descriptor.sql.BasicBinder      : binding parameter [3] as [BIGINT] - [1]
2020-06-10 18:12:09.408 TRACE 55751 --- [    Test worker] o.h.type.descriptor.sql.BasicBinder      : binding parameter [4] as [BIGINT] - [2]
Hibernate: 
    select
        muutoppila0_.organisaatio_id as organisa1_10_0_,
        muutoppila0_.oppilaitostyyppi as oppilait2_10_0_ 
    from
        organisaatio_muut_oppilaitostyypit muutoppila0_ 
    where
        muutoppila0_.organisaatio_id in (
            ?, ?, ?, ?
        )
2020-06-10 18:12:09.408 TRACE 55751 --- [    Test worker] o.h.type.descriptor.sql.BasicBinder      : binding parameter [1] as [BIGINT] - [4]
2020-06-10 18:12:09.408 TRACE 55751 --- [    Test worker] o.h.type.descriptor.sql.BasicBinder      : binding parameter [2] as [BIGINT] - [7]
2020-06-10 18:12:09.408 TRACE 55751 --- [    Test worker] o.h.type.descriptor.sql.BasicBinder      : binding parameter [3] as [BIGINT] - [1]
2020-06-10 18:12:09.408 TRACE 55751 --- [    Test worker] o.h.type.descriptor.sql.BasicBinder      : binding parameter [4] as [BIGINT] - [2]
Hibernate: 
    select
        ryhmatyypi0_.organisaatio_id as organisa1_12_0_,
        ryhmatyypi0_.ryhmatyypit as ryhmatyy2_12_0_ 
    from
        organisaatio_ryhmatyypit ryhmatyypi0_ 
    where
        ryhmatyypi0_.organisaatio_id in (
            ?, ?, ?, ?
        )
2020-06-10 18:12:09.409 TRACE 55751 --- [    Test worker] o.h.type.descriptor.sql.BasicBinder      : binding parameter [1] as [BIGINT] - [4]
2020-06-10 18:12:09.409 TRACE 55751 --- [    Test worker] o.h.type.descriptor.sql.BasicBinder      : binding parameter [2] as [BIGINT] - [7]
2020-06-10 18:12:09.409 TRACE 55751 --- [    Test worker] o.h.type.descriptor.sql.BasicBinder      : binding parameter [3] as [BIGINT] - [1]
2020-06-10 18:12:09.409 TRACE 55751 --- [    Test worker] o.h.type.descriptor.sql.BasicBinder      : binding parameter [4] as [BIGINT] - [2]
Hibernate: 
    select
        vuosiluoka0_.organisaatio_id as organisa1_15_0_,
        vuosiluoka0_.vuosiluokat as vuosiluo2_15_0_ 
    from
        organisaatio_vuosiluokat vuosiluoka0_ 
    where
        vuosiluoka0_.organisaatio_id in (
            ?, ?, ?, ?
        )
2020-06-10 18:12:09.409 TRACE 55751 --- [    Test worker] o.h.type.descriptor.sql.BasicBinder      : binding parameter [1] as [BIGINT] - [4]
2020-06-10 18:12:09.409 TRACE 55751 --- [    Test worker] o.h.type.descriptor.sql.BasicBinder      : binding parameter [2] as [BIGINT] - [7]
2020-06-10 18:12:09.409 TRACE 55751 --- [    Test worker] o.h.type.descriptor.sql.BasicBinder      : binding parameter [3] as [BIGINT] - [1]
2020-06-10 18:12:09.409 TRACE 55751 --- [    Test worker] o.h.type.descriptor.sql.BasicBinder      : binding parameter [4] as [BIGINT] - [2]
Hibernate: 
    select
        yhteystied0_.organisaatio_id as organis21_25_1_,
        yhteystied0_.id as id2_25_1_,
        yhteystied0_.id as id2_25_0_,
        yhteystied0_.version as version3_25_0_,
        yhteystied0_.kieli as kieli4_25_0_,
        yhteystied0_.organisaatio_id as organis21_25_0_,
        yhteystied0_.yhteystieto_oid as yhteysti5_25_0_,
        yhteystied0_.email as email6_25_0_,
        yhteystied0_.coordinatetype as coordina7_25_0_,
        yhteystied0_.extrarivi as extrariv8_25_0_,
        yhteystied0_.lat as lat9_25_0_,
        yhteystied0_.lng as lng10_25_0_,
        yhteystied0_.maa as maa11_25_0_,
        yhteystied0_.osavaltio as osavalt12_25_0_,
        yhteystied0_.osoite as osoite13_25_0_,
        yhteystied0_.osoite_tyyppi as osoite_14_25_0_,
        yhteystied0_.postinumero as postinu15_25_0_,
        yhteystied0_.postitoimipaikka as postito16_25_0_,
        yhteystied0_.ytjpaivityspvm as ytjpaiv17_25_0_,
        yhteystied0_.puhelinnumero as puhelin18_25_0_,
        yhteystied0_.tyyppi as tyyppi19_25_0_,
        yhteystied0_.www_osoite as www_oso20_25_0_,
        yhteystied0_.dtype as dtype1_25_0_ 
    from
        yhteystieto yhteystied0_ 
    where
        yhteystied0_.organisaatio_id in (
            ?, ?, ?, ?
        )
2020-06-10 18:12:09.409 TRACE 55751 --- [    Test worker] o.h.type.descriptor.sql.BasicBinder      : binding parameter [1] as [BIGINT] - [4]
2020-06-10 18:12:09.409 TRACE 55751 --- [    Test worker] o.h.type.descriptor.sql.BasicBinder      : binding parameter [2] as [BIGINT] - [7]
2020-06-10 18:12:09.409 TRACE 55751 --- [    Test worker] o.h.type.descriptor.sql.BasicBinder      : binding parameter [3] as [BIGINT] - [1]
2020-06-10 18:12:09.409 TRACE 55751 --- [    Test worker] o.h.type.descriptor.sql.BasicBinder      : binding parameter [4] as [BIGINT] - [2]
2020-06-10 18:12:09.409 TRACE 55751 --- [    Test worker] o.h.type.descriptor.sql.BasicExtractor   : extracted value ([id2_25_0_] : [BIGINT]) - [1]
2020-06-10 18:12:09.409 TRACE 55751 --- [    Test worker] o.h.type.descriptor.sql.BasicExtractor   : extracted value ([dtype1_25_0_] : [VARCHAR]) - [Osoite]
2020-06-10 18:12:09.409 TRACE 55751 --- [    Test worker] o.h.type.descriptor.sql.BasicExtractor   : extracted value ([version3_25_0_] : [BIGINT]) - [0]
2020-06-10 18:12:09.409 TRACE 55751 --- [    Test worker] o.h.type.descriptor.sql.BasicExtractor   : extracted value ([kieli4_25_0_] : [VARCHAR]) - [kieli_fi#1]
2020-06-10 18:12:09.409 TRACE 55751 --- [    Test worker] o.h.type.descriptor.sql.BasicExtractor   : extracted value ([organis21_25_0_] : [BIGINT]) - [1]
2020-06-10 18:12:09.409 TRACE 55751 --- [    Test worker] o.h.type.descriptor.sql.BasicExtractor   : extracted value ([yhteysti5_25_0_] : [VARCHAR]) - [14175174062990.39764983115354857]
2020-06-10 18:12:09.409 TRACE 55751 --- [    Test worker] o.h.type.descriptor.sql.BasicExtractor   : extracted value ([coordina7_25_0_] : [VARCHAR]) - [null]
2020-06-10 18:12:09.409 TRACE 55751 --- [    Test worker] o.h.type.descriptor.sql.BasicExtractor   : extracted value ([extrariv8_25_0_] : [VARCHAR]) - [null]
2020-06-10 18:12:09.409 TRACE 55751 --- [    Test worker] o.h.type.descriptor.sql.BasicExtractor   : extracted value ([lat9_25_0_] : [DOUBLE]) - [null]
2020-06-10 18:12:09.409 TRACE 55751 --- [    Test worker] o.h.type.descriptor.sql.BasicExtractor   : extracted value ([lng10_25_0_] : [DOUBLE]) - [null]
2020-06-10 18:12:09.410 TRACE 55751 --- [    Test worker] o.h.type.descriptor.sql.BasicExtractor   : extracted value ([maa11_25_0_] : [VARCHAR]) - [null]
2020-06-10 18:12:09.410 TRACE 55751 --- [    Test worker] o.h.type.descriptor.sql.BasicExtractor   : extracted value ([osavalt12_25_0_] : [VARCHAR]) - [null]
2020-06-10 18:12:09.410 TRACE 55751 --- [    Test worker] o.h.type.descriptor.sql.BasicExtractor   : extracted value ([osoite13_25_0_] : [VARCHAR]) - [Mannerheimintie 1]
2020-06-10 18:12:09.410 TRACE 55751 --- [    Test worker] o.h.type.descriptor.sql.BasicExtractor   : extracted value ([osoite_14_25_0_] : [VARCHAR]) - [posti]
2020-06-10 18:12:09.410 TRACE 55751 --- [    Test worker] o.h.type.descriptor.sql.BasicExtractor   : extracted value ([postinu15_25_0_] : [VARCHAR]) - [posti_00100]
2020-06-10 18:12:09.410 TRACE 55751 --- [    Test worker] o.h.type.descriptor.sql.BasicExtractor   : extracted value ([postito16_25_0_] : [VARCHAR]) - [Helsinki]
2020-06-10 18:12:09.410 TRACE 55751 --- [    Test worker] o.h.type.descriptor.sql.BasicExtractor   : extracted value ([ytjpaiv17_25_0_] : [DATE]) - [null]
2020-06-10 18:12:09.410 TRACE 55751 --- [    Test worker] o.h.type.descriptor.sql.BasicExtractor   : extracted value ([organis21_25_1_] : [BIGINT]) - [1]
2020-06-10 18:12:09.410 TRACE 55751 --- [    Test worker] o.h.type.descriptor.sql.BasicExtractor   : extracted value ([id2_25_1_] : [BIGINT]) - [1]
2020-06-10 18:12:09.410 TRACE 55751 --- [    Test worker] o.h.type.descriptor.sql.BasicExtractor   : extracted value ([id2_25_0_] : [BIGINT]) - [2]
2020-06-10 18:12:09.410 TRACE 55751 --- [    Test worker] o.h.type.descriptor.sql.BasicExtractor   : extracted value ([dtype1_25_0_] : [VARCHAR]) - [Osoite]
2020-06-10 18:12:09.410 TRACE 55751 --- [    Test worker] o.h.type.descriptor.sql.BasicExtractor   : extracted value ([version3_25_0_] : [BIGINT]) - [0]
2020-06-10 18:12:09.410 TRACE 55751 --- [    Test worker] o.h.type.descriptor.sql.BasicExtractor   : extracted value ([kieli4_25_0_] : [VARCHAR]) - [kieli_fi#1]
2020-06-10 18:12:09.410 TRACE 55751 --- [    Test worker] o.h.type.descriptor.sql.BasicExtractor   : extracted value ([organis21_25_0_] : [BIGINT]) - [1]
2020-06-10 18:12:09.410 TRACE 55751 --- [    Test worker] o.h.type.descriptor.sql.BasicExtractor   : extracted value ([yhteysti5_25_0_] : [VARCHAR]) - [14175174062990.620466503755304]
2020-06-10 18:12:09.410 TRACE 55751 --- [    Test worker] o.h.type.descriptor.sql.BasicExtractor   : extracted value ([coordina7_25_0_] : [VARCHAR]) - [null]
2020-06-10 18:12:09.410 TRACE 55751 --- [    Test worker] o.h.type.descriptor.sql.BasicExtractor   : extracted value ([extrariv8_25_0_] : [VARCHAR]) - [null]
2020-06-10 18:12:09.410 TRACE 55751 --- [    Test worker] o.h.type.descriptor.sql.BasicExtractor   : extracted value ([lat9_25_0_] : [DOUBLE]) - [null]
2020-06-10 18:12:09.410 TRACE 55751 --- [    Test worker] o.h.type.descriptor.sql.BasicExtractor   : extracted value ([lng10_25_0_] : [DOUBLE]) - [null]
2020-06-10 18:12:09.410 TRACE 55751 --- [    Test worker] o.h.type.descriptor.sql.BasicExtractor   : extracted value ([maa11_25_0_] : [VARCHAR]) - [null]
2020-06-10 18:12:09.410 TRACE 55751 --- [    Test worker] o.h.type.descriptor.sql.BasicExtractor   : extracted value ([osavalt12_25_0_] : [VARCHAR]) - [null]
2020-06-10 18:12:09.410 TRACE 55751 --- [    Test worker] o.h.type.descriptor.sql.BasicExtractor   : extracted value ([osoite13_25_0_] : [VARCHAR]) - [Mannerheimintie 1]
2020-06-10 18:12:09.410 TRACE 55751 --- [    Test worker] o.h.type.descriptor.sql.BasicExtractor   : extracted value ([osoite_14_25_0_] : [VARCHAR]) - [kaynti]
2020-06-10 18:12:09.410 TRACE 55751 --- [    Test worker] o.h.type.descriptor.sql.BasicExtractor   : extracted value ([postinu15_25_0_] : [VARCHAR]) - [posti_00100]
2020-06-10 18:12:09.410 TRACE 55751 --- [    Test worker] o.h.type.descriptor.sql.BasicExtractor   : extracted value ([postito16_25_0_] : [VARCHAR]) - [Helsinki]
2020-06-10 18:12:09.410 TRACE 55751 --- [    Test worker] o.h.type.descriptor.sql.BasicExtractor   : extracted value ([ytjpaiv17_25_0_] : [DATE]) - [null]
2020-06-10 18:12:09.410 TRACE 55751 --- [    Test worker] o.h.type.descriptor.sql.BasicExtractor   : extracted value ([organis21_25_1_] : [BIGINT]) - [1]
2020-06-10 18:12:09.410 TRACE 55751 --- [    Test worker] o.h.type.descriptor.sql.BasicExtractor   : extracted value ([id2_25_1_] : [BIGINT]) - [2]
2020-06-10 18:12:09.410 TRACE 55751 --- [    Test worker] o.h.type.descriptor.sql.BasicExtractor   : extracted value ([id2_25_0_] : [BIGINT]) - [3]
2020-06-10 18:12:09.410 TRACE 55751 --- [    Test worker] o.h.type.descriptor.sql.BasicExtractor   : extracted value ([dtype1_25_0_] : [VARCHAR]) - [Puhelinnumero]
2020-06-10 18:12:09.410 TRACE 55751 --- [    Test worker] o.h.type.descriptor.sql.BasicExtractor   : extracted value ([version3_25_0_] : [BIGINT]) - [0]
2020-06-10 18:12:09.410 TRACE 55751 --- [    Test worker] o.h.type.descriptor.sql.BasicExtractor   : extracted value ([kieli4_25_0_] : [VARCHAR]) - [kieli_fi#1]
2020-06-10 18:12:09.410 TRACE 55751 --- [    Test worker] o.h.type.descriptor.sql.BasicExtractor   : extracted value ([organis21_25_0_] : [BIGINT]) - [1]
2020-06-10 18:12:09.410 TRACE 55751 --- [    Test worker] o.h.type.descriptor.sql.BasicExtractor   : extracted value ([yhteysti5_25_0_] : [VARCHAR]) - [14175174062990.8204006983929734]
2020-06-10 18:12:09.410 TRACE 55751 --- [    Test worker] o.h.type.descriptor.sql.BasicExtractor   : extracted value ([puhelin18_25_0_] : [VARCHAR]) - [12345]
2020-06-10 18:12:09.410 TRACE 55751 --- [    Test worker] o.h.type.descriptor.sql.BasicExtractor   : extracted value ([tyyppi19_25_0_] : [VARCHAR]) - [puhelin]
2020-06-10 18:12:09.410 TRACE 55751 --- [    Test worker] o.h.type.descriptor.sql.BasicExtractor   : extracted value ([organis21_25_1_] : [BIGINT]) - [1]
2020-06-10 18:12:09.410 TRACE 55751 --- [    Test worker] o.h.type.descriptor.sql.BasicExtractor   : extracted value ([id2_25_1_] : [BIGINT]) - [3]
2020-06-10 18:12:09.410 TRACE 55751 --- [    Test worker] o.h.type.descriptor.sql.BasicExtractor   : extracted value ([id2_25_0_] : [BIGINT]) - [5]
2020-06-10 18:12:09.410 TRACE 55751 --- [    Test worker] o.h.type.descriptor.sql.BasicExtractor   : extracted value ([dtype1_25_0_] : [VARCHAR]) - [Www]
2020-06-10 18:12:09.410 TRACE 55751 --- [    Test worker] o.h.type.descriptor.sql.BasicExtractor   : extracted value ([version3_25_0_] : [BIGINT]) - [0]
2020-06-10 18:12:09.410 TRACE 55751 --- [    Test worker] o.h.type.descriptor.sql.BasicExtractor   : extracted value ([kieli4_25_0_] : [VARCHAR]) - [kieli_fi#1]
2020-06-10 18:12:09.411 TRACE 55751 --- [    Test worker] o.h.type.descriptor.sql.BasicExtractor   : extracted value ([organis21_25_0_] : [BIGINT]) - [1]
2020-06-10 18:12:09.411 TRACE 55751 --- [    Test worker] o.h.type.descriptor.sql.BasicExtractor   : extracted value ([yhteysti5_25_0_] : [VARCHAR]) - [14175174062990.27296380481785454]
2020-06-10 18:12:09.411 TRACE 55751 --- [    Test worker] o.h.type.descriptor.sql.BasicExtractor   : extracted value ([www_oso20_25_0_] : [VARCHAR]) - [http://www.oph.fi]
2020-06-10 18:12:09.411 TRACE 55751 --- [    Test worker] o.h.type.descriptor.sql.BasicExtractor   : extracted value ([organis21_25_1_] : [BIGINT]) - [1]
2020-06-10 18:12:09.411 TRACE 55751 --- [    Test worker] o.h.type.descriptor.sql.BasicExtractor   : extracted value ([id2_25_1_] : [BIGINT]) - [5]
2020-06-10 18:12:09.411 TRACE 55751 --- [    Test worker] o.h.type.descriptor.sql.BasicExtractor   : extracted value ([id2_25_0_] : [BIGINT]) - [6]
2020-06-10 18:12:09.411 TRACE 55751 --- [    Test worker] o.h.type.descriptor.sql.BasicExtractor   : extracted value ([dtype1_25_0_] : [VARCHAR]) - [Email]
2020-06-10 18:12:09.411 TRACE 55751 --- [    Test worker] o.h.type.descriptor.sql.BasicExtractor   : extracted value ([version3_25_0_] : [BIGINT]) - [0]
2020-06-10 18:12:09.411 TRACE 55751 --- [    Test worker] o.h.type.descriptor.sql.BasicExtractor   : extracted value ([kieli4_25_0_] : [VARCHAR]) - [kieli_fi#1]
2020-06-10 18:12:09.411 TRACE 55751 --- [    Test worker] o.h.type.descriptor.sql.BasicExtractor   : extracted value ([organis21_25_0_] : [BIGINT]) - [1]
2020-06-10 18:12:09.411 TRACE 55751 --- [    Test worker] o.h.type.descriptor.sql.BasicExtractor   : extracted value ([yhteysti5_25_0_] : [VARCHAR]) - [14175174062990.12215188486861617]
2020-06-10 18:12:09.411 TRACE 55751 --- [    Test worker] o.h.type.descriptor.sql.BasicExtractor   : extracted value ([email6_25_0_] : [VARCHAR]) - [testi@oph.fi]
2020-06-10 18:12:09.411 TRACE 55751 --- [    Test worker] o.h.type.descriptor.sql.BasicExtractor   : extracted value ([organis21_25_1_] : [BIGINT]) - [1]
2020-06-10 18:12:09.411 TRACE 55751 --- [    Test worker] o.h.type.descriptor.sql.BasicExtractor   : extracted value ([id2_25_1_] : [BIGINT]) - [6]
2020-06-10 18:12:09.411 TRACE 55751 --- [    Test worker] o.h.type.descriptor.sql.BasicExtractor   : extracted value ([id2_25_0_] : [BIGINT]) - [7]
2020-06-10 18:12:09.411 TRACE 55751 --- [    Test worker] o.h.type.descriptor.sql.BasicExtractor   : extracted value ([dtype1_25_0_] : [VARCHAR]) - [Osoite]
2020-06-10 18:12:09.411 TRACE 55751 --- [    Test worker] o.h.type.descriptor.sql.BasicExtractor   : extracted value ([version3_25_0_] : [BIGINT]) - [0]
2020-06-10 18:12:09.411 TRACE 55751 --- [    Test worker] o.h.type.descriptor.sql.BasicExtractor   : extracted value ([kieli4_25_0_] : [VARCHAR]) - [kieli_fi#1]
2020-06-10 18:12:09.411 TRACE 55751 --- [    Test worker] o.h.type.descriptor.sql.BasicExtractor   : extracted value ([organis21_25_0_] : [BIGINT]) - [2]
2020-06-10 18:12:09.411 TRACE 55751 --- [    Test worker] o.h.type.descriptor.sql.BasicExtractor   : extracted value ([yhteysti5_25_0_] : [VARCHAR]) - [14175174064390.7485633929107891]
2020-06-10 18:12:09.411 TRACE 55751 --- [    Test worker] o.h.type.descriptor.sql.BasicExtractor   : extracted value ([coordina7_25_0_] : [VARCHAR]) - [null]
2020-06-10 18:12:09.411 TRACE 55751 --- [    Test worker] o.h.type.descriptor.sql.BasicExtractor   : extracted value ([extrariv8_25_0_] : [VARCHAR]) - [null]
2020-06-10 18:12:09.411 TRACE 55751 --- [    Test worker] o.h.type.descriptor.sql.BasicExtractor   : extracted value ([lat9_25_0_] : [DOUBLE]) - [null]
2020-06-10 18:12:09.411 TRACE 55751 --- [    Test worker] o.h.type.descriptor.sql.BasicExtractor   : extracted value ([lng10_25_0_] : [DOUBLE]) - [null]
2020-06-10 18:12:09.411 TRACE 55751 --- [    Test worker] o.h.type.descriptor.sql.BasicExtractor   : extracted value ([maa11_25_0_] : [VARCHAR]) - [null]
2020-06-10 18:12:09.411 TRACE 55751 --- [    Test worker] o.h.type.descriptor.sql.BasicExtractor   : extracted value ([osavalt12_25_0_] : [VARCHAR]) - [null]
2020-06-10 18:12:09.411 TRACE 55751 --- [    Test worker] o.h.type.descriptor.sql.BasicExtractor   : extracted value ([osoite13_25_0_] : [VARCHAR]) - [Mannerheimintie 1]
2020-06-10 18:12:09.411 TRACE 55751 --- [    Test worker] o.h.type.descriptor.sql.BasicExtractor   : extracted value ([osoite_14_25_0_] : [VARCHAR]) - [posti]
2020-06-10 18:12:09.411 TRACE 55751 --- [    Test worker] o.h.type.descriptor.sql.BasicExtractor   : extracted value ([postinu15_25_0_] : [VARCHAR]) - [posti_00100]
2020-06-10 18:12:09.411 TRACE 55751 --- [    Test worker] o.h.type.descriptor.sql.BasicExtractor   : extracted value ([postito16_25_0_] : [VARCHAR]) - [Helsinki]
2020-06-10 18:12:09.411 TRACE 55751 --- [    Test worker] o.h.type.descriptor.sql.BasicExtractor   : extracted value ([ytjpaiv17_25_0_] : [DATE]) - [null]
2020-06-10 18:12:09.411 TRACE 55751 --- [    Test worker] o.h.type.descriptor.sql.BasicExtractor   : extracted value ([organis21_25_1_] : [BIGINT]) - [2]
2020-06-10 18:12:09.411 TRACE 55751 --- [    Test worker] o.h.type.descriptor.sql.BasicExtractor   : extracted value ([id2_25_1_] : [BIGINT]) - [7]
2020-06-10 18:12:09.411 TRACE 55751 --- [    Test worker] o.h.type.descriptor.sql.BasicExtractor   : extracted value ([id2_25_0_] : [BIGINT]) - [8]
2020-06-10 18:12:09.411 TRACE 55751 --- [    Test worker] o.h.type.descriptor.sql.BasicExtractor   : extracted value ([dtype1_25_0_] : [VARCHAR]) - [Osoite]
2020-06-10 18:12:09.411 TRACE 55751 --- [    Test worker] o.h.type.descriptor.sql.BasicExtractor   : extracted value ([version3_25_0_] : [BIGINT]) - [0]
2020-06-10 18:12:09.411 TRACE 55751 --- [    Test worker] o.h.type.descriptor.sql.BasicExtractor   : extracted value ([kieli4_25_0_] : [VARCHAR]) - [kieli_fi#1]
2020-06-10 18:12:09.411 TRACE 55751 --- [    Test worker] o.h.type.descriptor.sql.BasicExtractor   : extracted value ([organis21_25_0_] : [BIGINT]) - [2]
2020-06-10 18:12:09.411 TRACE 55751 --- [    Test worker] o.h.type.descriptor.sql.BasicExtractor   : extracted value ([yhteysti5_25_0_] : [VARCHAR]) - [14175174064390.6645604532079388]
2020-06-10 18:12:09.411 TRACE 55751 --- [    Test worker] o.h.type.descriptor.sql.BasicExtractor   : extracted value ([coordina7_25_0_] : [VARCHAR]) - [null]
2020-06-10 18:12:09.411 TRACE 55751 --- [    Test worker] o.h.type.descriptor.sql.BasicExtractor   : extracted value ([extrariv8_25_0_] : [VARCHAR]) - [null]
2020-06-10 18:12:09.411 TRACE 55751 --- [    Test worker] o.h.type.descriptor.sql.BasicExtractor   : extracted value ([lat9_25_0_] : [DOUBLE]) - [null]
2020-06-10 18:12:09.411 TRACE 55751 --- [    Test worker] o.h.type.descriptor.sql.BasicExtractor   : extracted value ([lng10_25_0_] : [DOUBLE]) - [null]
2020-06-10 18:12:09.411 TRACE 55751 --- [    Test worker] o.h.type.descriptor.sql.BasicExtractor   : extracted value ([maa11_25_0_] : [VARCHAR]) - [null]
2020-06-10 18:12:09.411 TRACE 55751 --- [    Test worker] o.h.type.descriptor.sql.BasicExtractor   : extracted value ([osavalt12_25_0_] : [VARCHAR]) - [null]
2020-06-10 18:12:09.411 TRACE 55751 --- [    Test worker] o.h.type.descriptor.sql.BasicExtractor   : extracted value ([osoite13_25_0_] : [VARCHAR]) - [Mannerheimintie 1]
2020-06-10 18:12:09.411 TRACE 55751 --- [    Test worker] o.h.type.descriptor.sql.BasicExtractor   : extracted value ([osoite_14_25_0_] : [VARCHAR]) - [kaynti]
2020-06-10 18:12:09.411 TRACE 55751 --- [    Test worker] o.h.type.descriptor.sql.BasicExtractor   : extracted value ([postinu15_25_0_] : [VARCHAR]) - [posti_00100]
2020-06-10 18:12:09.411 TRACE 55751 --- [    Test worker] o.h.type.descriptor.sql.BasicExtractor   : extracted value ([postito16_25_0_] : [VARCHAR]) - [Helsinki]
2020-06-10 18:12:09.411 TRACE 55751 --- [    Test worker] o.h.type.descriptor.sql.BasicExtractor   : extracted value ([ytjpaiv17_25_0_] : [DATE]) - [null]
2020-06-10 18:12:09.411 TRACE 55751 --- [    Test worker] o.h.type.descriptor.sql.BasicExtractor   : extracted value ([organis21_25_1_] : [BIGINT]) - [2]
2020-06-10 18:12:09.411 TRACE 55751 --- [    Test worker] o.h.type.descriptor.sql.BasicExtractor   : extracted value ([id2_25_1_] : [BIGINT]) - [8]
2020-06-10 18:12:09.411 TRACE 55751 --- [    Test worker] o.h.type.descriptor.sql.BasicExtractor   : extracted value ([id2_25_0_] : [BIGINT]) - [9]
2020-06-10 18:12:09.411 TRACE 55751 --- [    Test worker] o.h.type.descriptor.sql.BasicExtractor   : extracted value ([dtype1_25_0_] : [VARCHAR]) - [Puhelinnumero]
2020-06-10 18:12:09.411 TRACE 55751 --- [    Test worker] o.h.type.descriptor.sql.BasicExtractor   : extracted value ([version3_25_0_] : [BIGINT]) - [0]
2020-06-10 18:12:09.411 TRACE 55751 --- [    Test worker] o.h.type.descriptor.sql.BasicExtractor   : extracted value ([kieli4_25_0_] : [VARCHAR]) - [kieli_fi#1]
2020-06-10 18:12:09.411 TRACE 55751 --- [    Test worker] o.h.type.descriptor.sql.BasicExtractor   : extracted value ([organis21_25_0_] : [BIGINT]) - [2]
2020-06-10 18:12:09.411 TRACE 55751 --- [    Test worker] o.h.type.descriptor.sql.BasicExtractor   : extracted value ([yhteysti5_25_0_] : [VARCHAR]) - [14175174064390.759769529586222]
2020-06-10 18:12:09.411 TRACE 55751 --- [    Test worker] o.h.type.descriptor.sql.BasicExtractor   : extracted value ([puhelin18_25_0_] : [VARCHAR]) - [12345]
2020-06-10 18:12:09.411 TRACE 55751 --- [    Test worker] o.h.type.descriptor.sql.BasicExtractor   : extracted value ([tyyppi19_25_0_] : [VARCHAR]) - [puhelin]
2020-06-10 18:12:09.411 TRACE 55751 --- [    Test worker] o.h.type.descriptor.sql.BasicExtractor   : extracted value ([organis21_25_1_] : [BIGINT]) - [2]
2020-06-10 18:12:09.411 TRACE 55751 --- [    Test worker] o.h.type.descriptor.sql.BasicExtractor   : extracted value ([id2_25_1_] : [BIGINT]) - [9]
2020-06-10 18:12:09.411 TRACE 55751 --- [    Test worker] o.h.type.descriptor.sql.BasicExtractor   : extracted value ([id2_25_0_] : [BIGINT]) - [11]
2020-06-10 18:12:09.411 TRACE 55751 --- [    Test worker] o.h.type.descriptor.sql.BasicExtractor   : extracted value ([dtype1_25_0_] : [VARCHAR]) - [Www]
2020-06-10 18:12:09.411 TRACE 55751 --- [    Test worker] o.h.type.descriptor.sql.BasicExtractor   : extracted value ([version3_25_0_] : [BIGINT]) - [0]
2020-06-10 18:12:09.411 TRACE 55751 --- [    Test worker] o.h.type.descriptor.sql.BasicExtractor   : extracted value ([kieli4_25_0_] : [VARCHAR]) - [kieli_fi#1]
2020-06-10 18:12:09.411 TRACE 55751 --- [    Test worker] o.h.type.descriptor.sql.BasicExtractor   : extracted value ([organis21_25_0_] : [BIGINT]) - [2]
2020-06-10 18:12:09.411 TRACE 55751 --- [    Test worker] o.h.type.descriptor.sql.BasicExtractor   : extracted value ([yhteysti5_25_0_] : [VARCHAR]) - [14175174064390.5602732430162826]
2020-06-10 18:12:09.411 TRACE 55751 --- [    Test worker] o.h.type.descriptor.sql.BasicExtractor   : extracted value ([www_oso20_25_0_] : [VARCHAR]) - [http://www.oph.fi]
2020-06-10 18:12:09.411 TRACE 55751 --- [    Test worker] o.h.type.descriptor.sql.BasicExtractor   : extracted value ([organis21_25_1_] : [BIGINT]) - [2]
2020-06-10 18:12:09.412 TRACE 55751 --- [    Test worker] o.h.type.descriptor.sql.BasicExtractor   : extracted value ([id2_25_1_] : [BIGINT]) - [11]
2020-06-10 18:12:09.412 TRACE 55751 --- [    Test worker] o.h.type.descriptor.sql.BasicExtractor   : extracted value ([id2_25_0_] : [BIGINT]) - [12]
2020-06-10 18:12:09.412 TRACE 55751 --- [    Test worker] o.h.type.descriptor.sql.BasicExtractor   : extracted value ([dtype1_25_0_] : [VARCHAR]) - [Email]
2020-06-10 18:12:09.412 TRACE 55751 --- [    Test worker] o.h.type.descriptor.sql.BasicExtractor   : extracted value ([version3_25_0_] : [BIGINT]) - [0]
2020-06-10 18:12:09.412 TRACE 55751 --- [    Test worker] o.h.type.descriptor.sql.BasicExtractor   : extracted value ([kieli4_25_0_] : [VARCHAR]) - [kieli_fi#1]
2020-06-10 18:12:09.412 TRACE 55751 --- [    Test worker] o.h.type.descriptor.sql.BasicExtractor   : extracted value ([organis21_25_0_] : [BIGINT]) - [2]
2020-06-10 18:12:09.412 TRACE 55751 --- [    Test worker] o.h.type.descriptor.sql.BasicExtractor   : extracted value ([yhteysti5_25_0_] : [VARCHAR]) - [14175174064390.5149287835370774]
2020-06-10 18:12:09.412 TRACE 55751 --- [    Test worker] o.h.type.descriptor.sql.BasicExtractor   : extracted value ([email6_25_0_] : [VARCHAR]) - [testi@oph.fi]
2020-06-10 18:12:09.412 TRACE 55751 --- [    Test worker] o.h.type.descriptor.sql.BasicExtractor   : extracted value ([organis21_25_1_] : [BIGINT]) - [2]
2020-06-10 18:12:09.412 TRACE 55751 --- [    Test worker] o.h.type.descriptor.sql.BasicExtractor   : extracted value ([id2_25_1_] : [BIGINT]) - [12]
2020-06-10 18:12:09.412 TRACE 55751 --- [    Test worker] o.h.type.descriptor.sql.BasicExtractor   : extracted value ([id2_25_0_] : [BIGINT]) - [19]
2020-06-10 18:12:09.412 TRACE 55751 --- [    Test worker] o.h.type.descriptor.sql.BasicExtractor   : extracted value ([dtype1_25_0_] : [VARCHAR]) - [Osoite]
2020-06-10 18:12:09.412 TRACE 55751 --- [    Test worker] o.h.type.descriptor.sql.BasicExtractor   : extracted value ([version3_25_0_] : [BIGINT]) - [0]
2020-06-10 18:12:09.412 TRACE 55751 --- [    Test worker] o.h.type.descriptor.sql.BasicExtractor   : extracted value ([kieli4_25_0_] : [VARCHAR]) - [kieli_fi#1]
2020-06-10 18:12:09.412 TRACE 55751 --- [    Test worker] o.h.type.descriptor.sql.BasicExtractor   : extracted value ([organis21_25_0_] : [BIGINT]) - [4]
2020-06-10 18:12:09.412 TRACE 55751 --- [    Test worker] o.h.type.descriptor.sql.BasicExtractor   : extracted value ([yhteysti5_25_0_] : [VARCHAR]) - [14175174065080.4219192693239784]
2020-06-10 18:12:09.412 TRACE 55751 --- [    Test worker] o.h.type.descriptor.sql.BasicExtractor   : extracted value ([coordina7_25_0_] : [VARCHAR]) - [null]
2020-06-10 18:12:09.412 TRACE 55751 --- [    Test worker] o.h.type.descriptor.sql.BasicExtractor   : extracted value ([extrariv8_25_0_] : [VARCHAR]) - [null]
2020-06-10 18:12:09.412 TRACE 55751 --- [    Test worker] o.h.type.descriptor.sql.BasicExtractor   : extracted value ([lat9_25_0_] : [DOUBLE]) - [null]
2020-06-10 18:12:09.412 TRACE 55751 --- [    Test worker] o.h.type.descriptor.sql.BasicExtractor   : extracted value ([lng10_25_0_] : [DOUBLE]) - [null]
2020-06-10 18:12:09.412 TRACE 55751 --- [    Test worker] o.h.type.descriptor.sql.BasicExtractor   : extracted value ([maa11_25_0_] : [VARCHAR]) - [null]
2020-06-10 18:12:09.412 TRACE 55751 --- [    Test worker] o.h.type.descriptor.sql.BasicExtractor   : extracted value ([osavalt12_25_0_] : [VARCHAR]) - [null]
2020-06-10 18:12:09.412 TRACE 55751 --- [    Test worker] o.h.type.descriptor.sql.BasicExtractor   : extracted value ([osoite13_25_0_] : [VARCHAR]) - [Mannerheimintie 1]
2020-06-10 18:12:09.412 TRACE 55751 --- [    Test worker] o.h.type.descriptor.sql.BasicExtractor   : extracted value ([osoite_14_25_0_] : [VARCHAR]) - [posti]
2020-06-10 18:12:09.412 TRACE 55751 --- [    Test worker] o.h.type.descriptor.sql.BasicExtractor   : extracted value ([postinu15_25_0_] : [VARCHAR]) - [posti_00100]
2020-06-10 18:12:09.412 TRACE 55751 --- [    Test worker] o.h.type.descriptor.sql.BasicExtractor   : extracted value ([postito16_25_0_] : [VARCHAR]) - [Helsinki]
2020-06-10 18:12:09.412 TRACE 55751 --- [    Test worker] o.h.type.descriptor.sql.BasicExtractor   : extracted value ([ytjpaiv17_25_0_] : [DATE]) - [null]
2020-06-10 18:12:09.412 TRACE 55751 --- [    Test worker] o.h.type.descriptor.sql.BasicExtractor   : extracted value ([organis21_25_1_] : [BIGINT]) - [4]
2020-06-10 18:12:09.412 TRACE 55751 --- [    Test worker] o.h.type.descriptor.sql.BasicExtractor   : extracted value ([id2_25_1_] : [BIGINT]) - [19]
2020-06-10 18:12:09.412 TRACE 55751 --- [    Test worker] o.h.type.descriptor.sql.BasicExtractor   : extracted value ([id2_25_0_] : [BIGINT]) - [20]
2020-06-10 18:12:09.412 TRACE 55751 --- [    Test worker] o.h.type.descriptor.sql.BasicExtractor   : extracted value ([dtype1_25_0_] : [VARCHAR]) - [Osoite]
2020-06-10 18:12:09.412 TRACE 55751 --- [    Test worker] o.h.type.descriptor.sql.BasicExtractor   : extracted value ([version3_25_0_] : [BIGINT]) - [0]
2020-06-10 18:12:09.412 TRACE 55751 --- [    Test worker] o.h.type.descriptor.sql.BasicExtractor   : extracted value ([kieli4_25_0_] : [VARCHAR]) - [kieli_fi#1]
2020-06-10 18:12:09.412 TRACE 55751 --- [    Test worker] o.h.type.descriptor.sql.BasicExtractor   : extracted value ([organis21_25_0_] : [BIGINT]) - [4]
2020-06-10 18:12:09.412 TRACE 55751 --- [    Test worker] o.h.type.descriptor.sql.BasicExtractor   : extracted value ([yhteysti5_25_0_] : [VARCHAR]) - [14175174065080.550941563558955]
2020-06-10 18:12:09.412 TRACE 55751 --- [    Test worker] o.h.type.descriptor.sql.BasicExtractor   : extracted value ([coordina7_25_0_] : [VARCHAR]) - [null]
2020-06-10 18:12:09.412 TRACE 55751 --- [    Test worker] o.h.type.descriptor.sql.BasicExtractor   : extracted value ([extrariv8_25_0_] : [VARCHAR]) - [null]
2020-06-10 18:12:09.412 TRACE 55751 --- [    Test worker] o.h.type.descriptor.sql.BasicExtractor   : extracted value ([lat9_25_0_] : [DOUBLE]) - [null]
2020-06-10 18:12:09.412 TRACE 55751 --- [    Test worker] o.h.type.descriptor.sql.BasicExtractor   : extracted value ([lng10_25_0_] : [DOUBLE]) - [null]
2020-06-10 18:12:09.412 TRACE 55751 --- [    Test worker] o.h.type.descriptor.sql.BasicExtractor   : extracted value ([maa11_25_0_] : [VARCHAR]) - [null]
2020-06-10 18:12:09.412 TRACE 55751 --- [    Test worker] o.h.type.descriptor.sql.BasicExtractor   : extracted value ([osavalt12_25_0_] : [VARCHAR]) - [null]
2020-06-10 18:12:09.412 TRACE 55751 --- [    Test worker] o.h.type.descriptor.sql.BasicExtractor   : extracted value ([osoite13_25_0_] : [VARCHAR]) - [Mannerheimintie 1]
2020-06-10 18:12:09.412 TRACE 55751 --- [    Test worker] o.h.type.descriptor.sql.BasicExtractor   : extracted value ([osoite_14_25_0_] : [VARCHAR]) - [kaynti]
2020-06-10 18:12:09.412 TRACE 55751 --- [    Test worker] o.h.type.descriptor.sql.BasicExtractor   : extracted value ([postinu15_25_0_] : [VARCHAR]) - [posti_00100]
2020-06-10 18:12:09.412 TRACE 55751 --- [    Test worker] o.h.type.descriptor.sql.BasicExtractor   : extracted value ([postito16_25_0_] : [VARCHAR]) - [Helsinki]
2020-06-10 18:12:09.412 TRACE 55751 --- [    Test worker] o.h.type.descriptor.sql.BasicExtractor   : extracted value ([ytjpaiv17_25_0_] : [DATE]) - [null]
2020-06-10 18:12:09.412 TRACE 55751 --- [    Test worker] o.h.type.descriptor.sql.BasicExtractor   : extracted value ([organis21_25_1_] : [BIGINT]) - [4]
2020-06-10 18:12:09.412 TRACE 55751 --- [    Test worker] o.h.type.descriptor.sql.BasicExtractor   : extracted value ([id2_25_1_] : [BIGINT]) - [20]
2020-06-10 18:12:09.412 TRACE 55751 --- [    Test worker] o.h.type.descriptor.sql.BasicExtractor   : extracted value ([id2_25_0_] : [BIGINT]) - [21]
2020-06-10 18:12:09.412 TRACE 55751 --- [    Test worker] o.h.type.descriptor.sql.BasicExtractor   : extracted value ([dtype1_25_0_] : [VARCHAR]) - [Puhelinnumero]
2020-06-10 18:12:09.412 TRACE 55751 --- [    Test worker] o.h.type.descriptor.sql.BasicExtractor   : extracted value ([version3_25_0_] : [BIGINT]) - [0]
2020-06-10 18:12:09.412 TRACE 55751 --- [    Test worker] o.h.type.descriptor.sql.BasicExtractor   : extracted value ([kieli4_25_0_] : [VARCHAR]) - [kieli_fi#1]
2020-06-10 18:12:09.412 TRACE 55751 --- [    Test worker] o.h.type.descriptor.sql.BasicExtractor   : extracted value ([organis21_25_0_] : [BIGINT]) - [4]
2020-06-10 18:12:09.412 TRACE 55751 --- [    Test worker] o.h.type.descriptor.sql.BasicExtractor   : extracted value ([yhteysti5_25_0_] : [VARCHAR]) - [14175174065080.10010532775601144]
2020-06-10 18:12:09.412 TRACE 55751 --- [    Test worker] o.h.type.descriptor.sql.BasicExtractor   : extracted value ([puhelin18_25_0_] : [VARCHAR]) - [12345]
2020-06-10 18:12:09.412 TRACE 55751 --- [    Test worker] o.h.type.descriptor.sql.BasicExtractor   : extracted value ([tyyppi19_25_0_] : [VARCHAR]) - [puhelin]
2020-06-10 18:12:09.412 TRACE 55751 --- [    Test worker] o.h.type.descriptor.sql.BasicExtractor   : extracted value ([organis21_25_1_] : [BIGINT]) - [4]
2020-06-10 18:12:09.412 TRACE 55751 --- [    Test worker] o.h.type.descriptor.sql.BasicExtractor   : extracted value ([id2_25_1_] : [BIGINT]) - [21]
2020-06-10 18:12:09.412 TRACE 55751 --- [    Test worker] o.h.type.descriptor.sql.BasicExtractor   : extracted value ([id2_25_0_] : [BIGINT]) - [23]
2020-06-10 18:12:09.412 TRACE 55751 --- [    Test worker] o.h.type.descriptor.sql.BasicExtractor   : extracted value ([dtype1_25_0_] : [VARCHAR]) - [Www]
2020-06-10 18:12:09.412 TRACE 55751 --- [    Test worker] o.h.type.descriptor.sql.BasicExtractor   : extracted value ([version3_25_0_] : [BIGINT]) - [0]
2020-06-10 18:12:09.412 TRACE 55751 --- [    Test worker] o.h.type.descriptor.sql.BasicExtractor   : extracted value ([kieli4_25_0_] : [VARCHAR]) - [kieli_fi#1]
2020-06-10 18:12:09.412 TRACE 55751 --- [    Test worker] o.h.type.descriptor.sql.BasicExtractor   : extracted value ([organis21_25_0_] : [BIGINT]) - [4]
2020-06-10 18:12:09.412 TRACE 55751 --- [    Test worker] o.h.type.descriptor.sql.BasicExtractor   : extracted value ([yhteysti5_25_0_] : [VARCHAR]) - [14175174065080.48943728578096246]
2020-06-10 18:12:09.412 TRACE 55751 --- [    Test worker] o.h.type.descriptor.sql.BasicExtractor   : extracted value ([www_oso20_25_0_] : [VARCHAR]) - [http://www.oph.fi]
2020-06-10 18:12:09.412 TRACE 55751 --- [    Test worker] o.h.type.descriptor.sql.BasicExtractor   : extracted value ([organis21_25_1_] : [BIGINT]) - [4]
2020-06-10 18:12:09.412 TRACE 55751 --- [    Test worker] o.h.type.descriptor.sql.BasicExtractor   : extracted value ([id2_25_1_] : [BIGINT]) - [23]
2020-06-10 18:12:09.412 TRACE 55751 --- [    Test worker] o.h.type.descriptor.sql.BasicExtractor   : extracted value ([id2_25_0_] : [BIGINT]) - [24]
2020-06-10 18:12:09.412 TRACE 55751 --- [    Test worker] o.h.type.descriptor.sql.BasicExtractor   : extracted value ([dtype1_25_0_] : [VARCHAR]) - [Email]
2020-06-10 18:12:09.413 TRACE 55751 --- [    Test worker] o.h.type.descriptor.sql.BasicExtractor   : extracted value ([version3_25_0_] : [BIGINT]) - [0]
2020-06-10 18:12:09.413 TRACE 55751 --- [    Test worker] o.h.type.descriptor.sql.BasicExtractor   : extracted value ([kieli4_25_0_] : [VARCHAR]) - [kieli_fi#1]
2020-06-10 18:12:09.413 TRACE 55751 --- [    Test worker] o.h.type.descriptor.sql.BasicExtractor   : extracted value ([organis21_25_0_] : [BIGINT]) - [4]
2020-06-10 18:12:09.413 TRACE 55751 --- [    Test worker] o.h.type.descriptor.sql.BasicExtractor   : extracted value ([yhteysti5_25_0_] : [VARCHAR]) - [14175174065080.4533891151600614]
2020-06-10 18:12:09.413 TRACE 55751 --- [    Test worker] o.h.type.descriptor.sql.BasicExtractor   : extracted value ([email6_25_0_] : [VARCHAR]) - [testi@oph.fi]
2020-06-10 18:12:09.413 TRACE 55751 --- [    Test worker] o.h.type.descriptor.sql.BasicExtractor   : extracted value ([organis21_25_1_] : [BIGINT]) - [4]
2020-06-10 18:12:09.413 TRACE 55751 --- [    Test worker] o.h.type.descriptor.sql.BasicExtractor   : extracted value ([id2_25_1_] : [BIGINT]) - [24]
2020-06-10 18:12:09.413 TRACE 55751 --- [    Test worker] o.h.type.descriptor.sql.BasicExtractor   : extracted value ([id2_25_0_] : [BIGINT]) - [1311]
2020-06-10 18:12:09.413 TRACE 55751 --- [    Test worker] o.h.type.descriptor.sql.BasicExtractor   : extracted value ([organis21_25_1_] : [BIGINT]) - [4]
2020-06-10 18:12:09.413 TRACE 55751 --- [    Test worker] o.h.type.descriptor.sql.BasicExtractor   : extracted value ([id2_25_1_] : [BIGINT]) - [1311]
2020-06-10 18:12:09.413 TRACE 55751 --- [    Test worker] o.h.type.descriptor.sql.BasicExtractor   : extracted value ([id2_25_0_] : [BIGINT]) - [1312]
2020-06-10 18:12:09.413 TRACE 55751 --- [    Test worker] o.h.type.descriptor.sql.BasicExtractor   : extracted value ([organis21_25_1_] : [BIGINT]) - [4]
2020-06-10 18:12:09.413 TRACE 55751 --- [    Test worker] o.h.type.descriptor.sql.BasicExtractor   : extracted value ([id2_25_1_] : [BIGINT]) - [1312]
2020-06-10 18:12:09.413 TRACE 55751 --- [    Test worker] o.h.type.descriptor.sql.BasicExtractor   : extracted value ([id2_25_0_] : [BIGINT]) - [1313]
2020-06-10 18:12:09.413 TRACE 55751 --- [    Test worker] o.h.type.descriptor.sql.BasicExtractor   : extracted value ([organis21_25_1_] : [BIGINT]) - [4]
2020-06-10 18:12:09.413 TRACE 55751 --- [    Test worker] o.h.type.descriptor.sql.BasicExtractor   : extracted value ([id2_25_1_] : [BIGINT]) - [1313]
2020-06-10 18:12:09.413 TRACE 55751 --- [    Test worker] o.h.type.descriptor.sql.BasicExtractor   : extracted value ([id2_25_0_] : [BIGINT]) - [1314]
2020-06-10 18:12:09.413 TRACE 55751 --- [    Test worker] o.h.type.descriptor.sql.BasicExtractor   : extracted value ([organis21_25_1_] : [BIGINT]) - [4]
2020-06-10 18:12:09.413 TRACE 55751 --- [    Test worker] o.h.type.descriptor.sql.BasicExtractor   : extracted value ([id2_25_1_] : [BIGINT]) - [1314]
2020-06-10 18:12:09.413 TRACE 55751 --- [    Test worker] o.h.type.descriptor.sql.BasicExtractor   : extracted value ([id2_25_0_] : [BIGINT]) - [1315]
2020-06-10 18:12:09.413 TRACE 55751 --- [    Test worker] o.h.type.descriptor.sql.BasicExtractor   : extracted value ([organis21_25_1_] : [BIGINT]) - [4]
2020-06-10 18:12:09.413 TRACE 55751 --- [    Test worker] o.h.type.descriptor.sql.BasicExtractor   : extracted value ([id2_25_1_] : [BIGINT]) - [1315]
2020-06-10 18:12:09.413 TRACE 55751 --- [    Test worker] o.h.type.descriptor.sql.BasicExtractor   : extracted value ([id2_25_0_] : [BIGINT]) - [37]
2020-06-10 18:12:09.413 TRACE 55751 --- [    Test worker] o.h.type.descriptor.sql.BasicExtractor   : extracted value ([dtype1_25_0_] : [VARCHAR]) - [Osoite]
2020-06-10 18:12:09.413 TRACE 55751 --- [    Test worker] o.h.type.descriptor.sql.BasicExtractor   : extracted value ([version3_25_0_] : [BIGINT]) - [0]
2020-06-10 18:12:09.413 TRACE 55751 --- [    Test worker] o.h.type.descriptor.sql.BasicExtractor   : extracted value ([kieli4_25_0_] : [VARCHAR]) - [kieli_fi#1]
2020-06-10 18:12:09.413 TRACE 55751 --- [    Test worker] o.h.type.descriptor.sql.BasicExtractor   : extracted value ([organis21_25_0_] : [BIGINT]) - [7]
2020-06-10 18:12:09.413 TRACE 55751 --- [    Test worker] o.h.type.descriptor.sql.BasicExtractor   : extracted value ([yhteysti5_25_0_] : [VARCHAR]) - [14175174066030.7317595529754113]
2020-06-10 18:12:09.413 TRACE 55751 --- [    Test worker] o.h.type.descriptor.sql.BasicExtractor   : extracted value ([coordina7_25_0_] : [VARCHAR]) - [null]
2020-06-10 18:12:09.413 TRACE 55751 --- [    Test worker] o.h.type.descriptor.sql.BasicExtractor   : extracted value ([extrariv8_25_0_] : [VARCHAR]) - [null]
2020-06-10 18:12:09.413 TRACE 55751 --- [    Test worker] o.h.type.descriptor.sql.BasicExtractor   : extracted value ([lat9_25_0_] : [DOUBLE]) - [null]
2020-06-10 18:12:09.413 TRACE 55751 --- [    Test worker] o.h.type.descriptor.sql.BasicExtractor   : extracted value ([lng10_25_0_] : [DOUBLE]) - [null]
2020-06-10 18:12:09.413 TRACE 55751 --- [    Test worker] o.h.type.descriptor.sql.BasicExtractor   : extracted value ([maa11_25_0_] : [VARCHAR]) - [null]
2020-06-10 18:12:09.413 TRACE 55751 --- [    Test worker] o.h.type.descriptor.sql.BasicExtractor   : extracted value ([osavalt12_25_0_] : [VARCHAR]) - [null]
2020-06-10 18:12:09.413 TRACE 55751 --- [    Test worker] o.h.type.descriptor.sql.BasicExtractor   : extracted value ([osoite13_25_0_] : [VARCHAR]) - [Mannerheimintie 1]
2020-06-10 18:12:09.413 TRACE 55751 --- [    Test worker] o.h.type.descriptor.sql.BasicExtractor   : extracted value ([osoite_14_25_0_] : [VARCHAR]) - [posti]
2020-06-10 18:12:09.413 TRACE 55751 --- [    Test worker] o.h.type.descriptor.sql.BasicExtractor   : extracted value ([postinu15_25_0_] : [VARCHAR]) - [posti_00100]
2020-06-10 18:12:09.413 TRACE 55751 --- [    Test worker] o.h.type.descriptor.sql.BasicExtractor   : extracted value ([postito16_25_0_] : [VARCHAR]) - [Helsinki]
2020-06-10 18:12:09.413 TRACE 55751 --- [    Test worker] o.h.type.descriptor.sql.BasicExtractor   : extracted value ([ytjpaiv17_25_0_] : [DATE]) - [null]
2020-06-10 18:12:09.413 TRACE 55751 --- [    Test worker] o.h.type.descriptor.sql.BasicExtractor   : extracted value ([organis21_25_1_] : [BIGINT]) - [7]
2020-06-10 18:12:09.414 TRACE 55751 --- [    Test worker] o.h.type.descriptor.sql.BasicExtractor   : extracted value ([id2_25_1_] : [BIGINT]) - [37]
2020-06-10 18:12:09.414 TRACE 55751 --- [    Test worker] o.h.type.descriptor.sql.BasicExtractor   : extracted value ([id2_25_0_] : [BIGINT]) - [38]
2020-06-10 18:12:09.414 TRACE 55751 --- [    Test worker] o.h.type.descriptor.sql.BasicExtractor   : extracted value ([dtype1_25_0_] : [VARCHAR]) - [Osoite]
2020-06-10 18:12:09.414 TRACE 55751 --- [    Test worker] o.h.type.descriptor.sql.BasicExtractor   : extracted value ([version3_25_0_] : [BIGINT]) - [0]
2020-06-10 18:12:09.414 TRACE 55751 --- [    Test worker] o.h.type.descriptor.sql.BasicExtractor   : extracted value ([kieli4_25_0_] : [VARCHAR]) - [kieli_fi#1]
2020-06-10 18:12:09.414 TRACE 55751 --- [    Test worker] o.h.type.descriptor.sql.BasicExtractor   : extracted value ([organis21_25_0_] : [BIGINT]) - [7]
2020-06-10 18:12:09.414 TRACE 55751 --- [    Test worker] o.h.type.descriptor.sql.BasicExtractor   : extracted value ([yhteysti5_25_0_] : [VARCHAR]) - [14175174066030.21304763052326048]
2020-06-10 18:12:09.414 TRACE 55751 --- [    Test worker] o.h.type.descriptor.sql.BasicExtractor   : extracted value ([coordina7_25_0_] : [VARCHAR]) - [null]
2020-06-10 18:12:09.414 TRACE 55751 --- [    Test worker] o.h.type.descriptor.sql.BasicExtractor   : extracted value ([extrariv8_25_0_] : [VARCHAR]) - [null]
2020-06-10 18:12:09.414 TRACE 55751 --- [    Test worker] o.h.type.descriptor.sql.BasicExtractor   : extracted value ([lat9_25_0_] : [DOUBLE]) - [null]
2020-06-10 18:12:09.414 TRACE 55751 --- [    Test worker] o.h.type.descriptor.sql.BasicExtractor   : extracted value ([lng10_25_0_] : [DOUBLE]) - [null]
2020-06-10 18:12:09.414 TRACE 55751 --- [    Test worker] o.h.type.descriptor.sql.BasicExtractor   : extracted value ([maa11_25_0_] : [VARCHAR]) - [null]
2020-06-10 18:12:09.414 TRACE 55751 --- [    Test worker] o.h.type.descriptor.sql.BasicExtractor   : extracted value ([osavalt12_25_0_] : [VARCHAR]) - [null]
2020-06-10 18:12:09.414 TRACE 55751 --- [    Test worker] o.h.type.descriptor.sql.BasicExtractor   : extracted value ([osoite13_25_0_] : [VARCHAR]) - [Mannerheimintie 1]
2020-06-10 18:12:09.414 TRACE 55751 --- [    Test worker] o.h.type.descriptor.sql.BasicExtractor   : extracted value ([osoite_14_25_0_] : [VARCHAR]) - [kaynti]
2020-06-10 18:12:09.414 TRACE 55751 --- [    Test worker] o.h.type.descriptor.sql.BasicExtractor   : extracted value ([postinu15_25_0_] : [VARCHAR]) - [posti_00100]
2020-06-10 18:12:09.414 TRACE 55751 --- [    Test worker] o.h.type.descriptor.sql.BasicExtractor   : extracted value ([postito16_25_0_] : [VARCHAR]) - [Helsinki]
2020-06-10 18:12:09.414 TRACE 55751 --- [    Test worker] o.h.type.descriptor.sql.BasicExtractor   : extracted value ([ytjpaiv17_25_0_] : [DATE]) - [null]
2020-06-10 18:12:09.414 TRACE 55751 --- [    Test worker] o.h.type.descriptor.sql.BasicExtractor   : extracted value ([organis21_25_1_] : [BIGINT]) - [7]
2020-06-10 18:12:09.414 TRACE 55751 --- [    Test worker] o.h.type.descriptor.sql.BasicExtractor   : extracted value ([id2_25_1_] : [BIGINT]) - [38]
2020-06-10 18:12:09.414 TRACE 55751 --- [    Test worker] o.h.type.descriptor.sql.BasicExtractor   : extracted value ([id2_25_0_] : [BIGINT]) - [39]
2020-06-10 18:12:09.414 TRACE 55751 --- [    Test worker] o.h.type.descriptor.sql.BasicExtractor   : extracted value ([dtype1_25_0_] : [VARCHAR]) - [Puhelinnumero]
2020-06-10 18:12:09.414 TRACE 55751 --- [    Test worker] o.h.type.descriptor.sql.BasicExtractor   : extracted value ([version3_25_0_] : [BIGINT]) - [0]
2020-06-10 18:12:09.414 TRACE 55751 --- [    Test worker] o.h.type.descriptor.sql.BasicExtractor   : extracted value ([kieli4_25_0_] : [VARCHAR]) - [kieli_fi#1]
2020-06-10 18:12:09.414 TRACE 55751 --- [    Test worker] o.h.type.descriptor.sql.BasicExtractor   : extracted value ([organis21_25_0_] : [BIGINT]) - [7]
2020-06-10 18:12:09.414 TRACE 55751 --- [    Test worker] o.h.type.descriptor.sql.BasicExtractor   : extracted value ([yhteysti5_25_0_] : [VARCHAR]) - [14175174066030.517169300422662]
2020-06-10 18:12:09.414 TRACE 55751 --- [    Test worker] o.h.type.descriptor.sql.BasicExtractor   : extracted value ([puhelin18_25_0_] : [VARCHAR]) - [12345]
2020-06-10 18:12:09.414 TRACE 55751 --- [    Test worker] o.h.type.descriptor.sql.BasicExtractor   : extracted value ([tyyppi19_25_0_] : [VARCHAR]) - [puhelin]
2020-06-10 18:12:09.414 TRACE 55751 --- [    Test worker] o.h.type.descriptor.sql.BasicExtractor   : extracted value ([organis21_25_1_] : [BIGINT]) - [7]
2020-06-10 18:12:09.414 TRACE 55751 --- [    Test worker] o.h.type.descriptor.sql.BasicExtractor   : extracted value ([id2_25_1_] : [BIGINT]) - [39]
2020-06-10 18:12:09.414 TRACE 55751 --- [    Test worker] o.h.type.descriptor.sql.BasicExtractor   : extracted value ([id2_25_0_] : [BIGINT]) - [41]
2020-06-10 18:12:09.414 TRACE 55751 --- [    Test worker] o.h.type.descriptor.sql.BasicExtractor   : extracted value ([dtype1_25_0_] : [VARCHAR]) - [Www]
2020-06-10 18:12:09.414 TRACE 55751 --- [    Test worker] o.h.type.descriptor.sql.BasicExtractor   : extracted value ([version3_25_0_] : [BIGINT]) - [0]
2020-06-10 18:12:09.414 TRACE 55751 --- [    Test worker] o.h.type.descriptor.sql.BasicExtractor   : extracted value ([kieli4_25_0_] : [VARCHAR]) - [kieli_fi#1]
2020-06-10 18:12:09.414 TRACE 55751 --- [    Test worker] o.h.type.descriptor.sql.BasicExtractor   : extracted value ([organis21_25_0_] : [BIGINT]) - [7]
2020-06-10 18:12:09.414 TRACE 55751 --- [    Test worker] o.h.type.descriptor.sql.BasicExtractor   : extracted value ([yhteysti5_25_0_] : [VARCHAR]) - [14175174066030.29118402444503866]
2020-06-10 18:12:09.414 TRACE 55751 --- [    Test worker] o.h.type.descriptor.sql.BasicExtractor   : extracted value ([www_oso20_25_0_] : [VARCHAR]) - [http://www.oph.fi]
2020-06-10 18:12:09.414 TRACE 55751 --- [    Test worker] o.h.type.descriptor.sql.BasicExtractor   : extracted value ([organis21_25_1_] : [BIGINT]) - [7]
2020-06-10 18:12:09.414 TRACE 55751 --- [    Test worker] o.h.type.descriptor.sql.BasicExtractor   : extracted value ([id2_25_1_] : [BIGINT]) - [41]
2020-06-10 18:12:09.414 TRACE 55751 --- [    Test worker] o.h.type.descriptor.sql.BasicExtractor   : extracted value ([id2_25_0_] : [BIGINT]) - [42]
2020-06-10 18:12:09.414 TRACE 55751 --- [    Test worker] o.h.type.descriptor.sql.BasicExtractor   : extracted value ([dtype1_25_0_] : [VARCHAR]) - [Email]
2020-06-10 18:12:09.414 TRACE 55751 --- [    Test worker] o.h.type.descriptor.sql.BasicExtractor   : extracted value ([version3_25_0_] : [BIGINT]) - [0]
2020-06-10 18:12:09.414 TRACE 55751 --- [    Test worker] o.h.type.descriptor.sql.BasicExtractor   : extracted value ([kieli4_25_0_] : [VARCHAR]) - [kieli_fi#1]
2020-06-10 18:12:09.414 TRACE 55751 --- [    Test worker] o.h.type.descriptor.sql.BasicExtractor   : extracted value ([organis21_25_0_] : [BIGINT]) - [7]
2020-06-10 18:12:09.414 TRACE 55751 --- [    Test worker] o.h.type.descriptor.sql.BasicExtractor   : extracted value ([yhteysti5_25_0_] : [VARCHAR]) - [14175174066030.945052372475997]
2020-06-10 18:12:09.414 TRACE 55751 --- [    Test worker] o.h.type.descriptor.sql.BasicExtractor   : extracted value ([email6_25_0_] : [VARCHAR]) - [testi@oph.fi]
2020-06-10 18:12:09.414 TRACE 55751 --- [    Test worker] o.h.type.descriptor.sql.BasicExtractor   : extracted value ([organis21_25_1_] : [BIGINT]) - [7]
2020-06-10 18:12:09.414 TRACE 55751 --- [    Test worker] o.h.type.descriptor.sql.BasicExtractor   : extracted value ([id2_25_1_] : [BIGINT]) - [42]
Hibernate: 
    select
        yhteystiet0_.organisaatio_id as organisa8_26_6_,
        yhteystiet0_.id as id1_26_6_,
        yhteystiet0_.id as id1_26_5_,
        yhteystiet0_.version as version2_26_5_,
        yhteystiet0_.arvo_text as arvo_tex3_26_5_,
        yhteystiet0_.arvo_yhteystieto_id as arvo_yht6_26_5_,
        yhteystiet0_.kentta_id as kentta_i7_26_5_,
        yhteystiet0_.kieli as kieli4_26_5_,
        yhteystiet0_.organisaatio_id as organisa8_26_5_,
        yhteystiet0_.yhteystieto_arvo_oid as yhteysti5_26_5_,
        yhteystiet1_.id as id2_25_0_,
        yhteystiet1_.version as version3_25_0_,
        yhteystiet1_.kieli as kieli4_25_0_,
        yhteystiet1_.organisaatio_id as organis21_25_0_,
        yhteystiet1_.yhteystieto_oid as yhteysti5_25_0_,
        yhteystiet1_.email as email6_25_0_,
        yhteystiet1_.coordinatetype as coordina7_25_0_,
        yhteystiet1_.extrarivi as extrariv8_25_0_,
        yhteystiet1_.lat as lat9_25_0_,
        yhteystiet1_.lng as lng10_25_0_,
        yhteystiet1_.maa as maa11_25_0_,
        yhteystiet1_.osavaltio as osavalt12_25_0_,
        yhteystiet1_.osoite as osoite13_25_0_,
        yhteystiet1_.osoite_tyyppi as osoite_14_25_0_,
        yhteystiet1_.postinumero as postinu15_25_0_,
        yhteystiet1_.postitoimipaikka as postito16_25_0_,
        yhteystiet1_.ytjpaivityspvm as ytjpaiv17_25_0_,
        yhteystiet1_.puhelinnumero as puhelin18_25_0_,
        yhteystiet1_.tyyppi as tyyppi19_25_0_,
        yhteystiet1_.www_osoite as www_oso20_25_0_,
        yhteystiet1_.dtype as dtype1_25_0_,
        organisaat2_.id as id1_5_1_,
        organisaat2_.version as version2_5_1_,
        organisaat2_.alkupvm as alkupvm3_5_1_,
        organisaat2_.domainnimi as domainni4_5_1_,
        organisaat2_.kotipaikka as kotipaik5_5_1_,
        organisaat2_.kuvaus_mkt as kuvaus_28_5_1_,
        organisaat2_.lakkautuspvm as lakkautu6_5_1_,
        organisaat2_.maa as maa7_5_1_,
        organisaat2_.metadata_id as metadat29_5_1_,
        organisaat2_.nimi_mkt as nimi_mk30_5_1_,
        organisaat2_.nimihaku as nimihaku8_5_1_,
        organisaat2_.oid as oid9_5_1_,
        organisaat2_.opetuspisteenjarjnro as opetusp10_5_1_,
        organisaat2_.oppilaitoskoodi as oppilai11_5_1_,
        organisaat2_.oppilaitos_tyyppi as oppilai12_5_1_,
        organisaat2_.organisaatio_poistettu as organis13_5_1_,
        organisaat2_.paivittaja as paivitt14_5_1_,
        organisaat2_.paivityspvm as paivity15_5_1_,
        organisaat2_.parentidpath as parenti16_5_1_,
        organisaat2_.parentoidpath as parento17_5_1_,
        organisaat2_.piilotettu as piilote18_5_1_,
        organisaat2_.tarkastus_pvm as tarkast19_5_1_,
        organisaat2_.toimipistekoodi as toimipi20_5_1_,
        organisaat2_.tuontipvm as tuontip21_5_1_,
        organisaat2_.varhaiskasvatuksen_toimipaikka_tiedot_id as varhais31_5_1_,
        organisaat2_.virastotunnus as virasto22_5_1_,
        organisaat2_.yhteishaunkoulukoodi as yhteish23_5_1_,
        organisaat2_.yritysmuoto as yritysm24_5_1_,
        organisaat2_.ytj_kieli as ytj_kie25_5_1_,
        organisaat2_.ytjpaivityspvm as ytjpaiv26_5_1_,
        organisaat2_.ytunnus as ytunnus27_5_1_,
        yhteystiet3_.id as id1_27_2_,
        yhteystiet3_.version as version2_27_2_,
        yhteystiet3_.kaytossa as kaytossa3_27_2_,
        yhteystiet3_.nimi as nimi4_27_2_,
        yhteystiet3_.nimi_en as nimi_en5_27_2_,
        yhteystiet3_.nimi_sv as nimi_sv6_27_2_,
        yhteystiet3_.oid as oid7_27_2_,
        yhteystiet3_.pakollinen as pakollin8_27_2_,
        yhteystiet3_.tyyppi as tyyppi9_27_2_,
        yhteystiet3_.yhteystietojen_tyyppi_id as yhteyst10_27_2_,
        yhteystiet4_.id as id1_28_3_,
        yhteystiet4_.version as version2_28_3_,
        yhteystiet4_.nimi_mkt as nimi_mkt4_28_3_,
        yhteystiet4_.oid as oid3_28_3_,
        monikielin5_.id as id1_2_4_,
        monikielin5_.version as version2_2_4_ 
    from
        yhteystieto_arvo yhteystiet0_ 
    left outer join
        yhteystieto yhteystiet1_ 
            on yhteystiet0_.arvo_yhteystieto_id=yhteystiet1_.id 
    left outer join
        organisaatio organisaat2_ 
            on yhteystiet1_.organisaatio_id=organisaat2_.id 
    inner join
        yhteystieto_elementti yhteystiet3_ 
            on yhteystiet0_.kentta_id=yhteystiet3_.id 
    left outer join
        yhteystietojen_tyyppi yhteystiet4_ 
            on yhteystiet3_.yhteystietojen_tyyppi_id=yhteystiet4_.id 
    left outer join
        monikielinen_teksti monikielin5_ 
            on yhteystiet4_.nimi_mkt=monikielin5_.id 
    where
        yhteystiet0_.organisaatio_id in (
            ?, ?, ?, ?
        )
2020-06-10 18:12:09.416 TRACE 55751 --- [    Test worker] o.h.type.descriptor.sql.BasicBinder      : binding parameter [1] as [BIGINT] - [4]
2020-06-10 18:12:09.416 TRACE 55751 --- [    Test worker] o.h.type.descriptor.sql.BasicBinder      : binding parameter [2] as [BIGINT] - [7]
2020-06-10 18:12:09.416 TRACE 55751 --- [    Test worker] o.h.type.descriptor.sql.BasicBinder      : binding parameter [3] as [BIGINT] - [1]
2020-06-10 18:12:09.416 TRACE 55751 --- [    Test worker] o.h.type.descriptor.sql.BasicBinder      : binding parameter [4] as [BIGINT] - [2]
2020-06-10 18:12:09.416  INFO 55751 --- [    Test worker] .s.o.r.i.OrganisaatioSuhdeRepositoryImpl : findParentTo(4, Wed Jun 10 18:12:09 EEST 2020)
Hibernate: 
    update
        organisaatio 
    set
        version=?,
        alkupvm=?,
        domainnimi=?,
        kotipaikka=?,
        kuvaus_mkt=?,
        lakkautuspvm=?,
        maa=?,
        metadata_id=?,
        nimi_mkt=?,
        nimihaku=?,
        oid=?,
        opetuspisteenjarjnro=?,
        oppilaitoskoodi=?,
        oppilaitos_tyyppi=?,
        organisaatio_poistettu=?,
        paivittaja=?,
        paivityspvm=?,
        parentidpath=?,
        parentoidpath=?,
        piilotettu=?,
        tarkastus_pvm=?,
        toimipistekoodi=?,
        tuontipvm=?,
        varhaiskasvatuksen_toimipaikka_tiedot_id=?,
        virastotunnus=?,
        yhteishaunkoulukoodi=?,
        yritysmuoto=?,
        ytj_kieli=?,
        ytjpaivityspvm=?,
        ytunnus=? 
    where
        id=? 
        and version=?
2020-06-10 18:12:09.418 TRACE 55751 --- [    Test worker] o.h.type.descriptor.sql.BasicBinder      : binding parameter [1] as [BIGINT] - [3]
2020-06-10 18:12:09.418 TRACE 55751 --- [    Test worker] o.h.type.descriptor.sql.BasicBinder      : binding parameter [2] as [DATE] - [null]
2020-06-10 18:12:09.418 TRACE 55751 --- [    Test worker] o.h.type.descriptor.sql.BasicBinder      : binding parameter [3] as [VARCHAR] - [null]
2020-06-10 18:12:09.418 TRACE 55751 --- [    Test worker] o.h.type.descriptor.sql.BasicBinder      : binding parameter [4] as [VARCHAR] - [Helsinki]
2020-06-10 18:12:09.418 TRACE 55751 --- [    Test worker] o.h.type.descriptor.sql.BasicBinder      : binding parameter [5] as [BIGINT] - [1001]
2020-06-10 18:12:09.418 TRACE 55751 --- [    Test worker] o.h.type.descriptor.sql.BasicBinder      : binding parameter [6] as [DATE] - [null]
2020-06-10 18:12:09.418 TRACE 55751 --- [    Test worker] o.h.type.descriptor.sql.BasicBinder      : binding parameter [7] as [VARCHAR] - [null]
2020-06-10 18:12:09.418 TRACE 55751 --- [    Test worker] o.h.type.descriptor.sql.BasicBinder      : binding parameter [8] as [BIGINT] - [1]
2020-06-10 18:12:09.418 TRACE 55751 --- [    Test worker] o.h.type.descriptor.sql.BasicBinder      : binding parameter [9] as [BIGINT] - [1007]
2020-06-10 18:12:09.418 TRACE 55751 --- [    Test worker] o.h.type.descriptor.sql.BasicBinder      : binding parameter [10] as [VARCHAR] - [,node2 foo]
2020-06-10 18:12:09.418 TRACE 55751 --- [    Test worker] o.h.type.descriptor.sql.BasicBinder      : binding parameter [11] as [VARCHAR] - [1.2.2004.3]
2020-06-10 18:12:09.418 TRACE 55751 --- [    Test worker] o.h.type.descriptor.sql.BasicBinder      : binding parameter [12] as [VARCHAR] - [2]
2020-06-10 18:12:09.418 TRACE 55751 --- [    Test worker] o.h.type.descriptor.sql.BasicBinder      : binding parameter [13] as [VARCHAR] - [null]
2020-06-10 18:12:09.418 TRACE 55751 --- [    Test worker] o.h.type.descriptor.sql.BasicBinder      : binding parameter [14] as [VARCHAR] - [oppilaitostyyppi_42#1]
2020-06-10 18:12:09.418 TRACE 55751 --- [    Test worker] o.h.type.descriptor.sql.BasicBinder      : binding parameter [15] as [BOOLEAN] - [false]
2020-06-10 18:12:09.418 TRACE 55751 --- [    Test worker] o.h.type.descriptor.sql.BasicBinder      : binding parameter [16] as [VARCHAR] - [ophadmin]
2020-06-10 18:12:09.418 TRACE 55751 --- [    Test worker] o.h.type.descriptor.sql.BasicBinder      : binding parameter [17] as [TIMESTAMP] - [Wed Jun 10 18:12:09 EEST 2020]
2020-06-10 18:12:09.418 TRACE 55751 --- [    Test worker] o.h.type.descriptor.sql.BasicBinder      : binding parameter [18] as [VARCHAR] - [|1|7|]
2020-06-10 18:12:09.418 TRACE 55751 --- [    Test worker] o.h.type.descriptor.sql.BasicBinder      : binding parameter [19] as [VARCHAR] - [|1.2.246.562.24.00000000001|1.2.2004.5|]
2020-06-10 18:12:09.418 TRACE 55751 --- [    Test worker] o.h.type.descriptor.sql.BasicBinder      : binding parameter [20] as [BOOLEAN] - [false]
2020-06-10 18:12:09.418 TRACE 55751 --- [    Test worker] o.h.type.descriptor.sql.BasicBinder      : binding parameter [21] as [TIMESTAMP] - [null]
2020-06-10 18:12:09.418 TRACE 55751 --- [    Test worker] o.h.type.descriptor.sql.BasicBinder      : binding parameter [22] as [VARCHAR] - [123452]
2020-06-10 18:12:09.418 TRACE 55751 --- [    Test worker] o.h.type.descriptor.sql.BasicBinder      : binding parameter [23] as [TIMESTAMP] - [null]
2020-06-10 18:12:09.418 TRACE 55751 --- [    Test worker] o.h.type.descriptor.sql.BasicBinder      : binding parameter [24] as [BIGINT] - [null]
2020-06-10 18:12:09.418 TRACE 55751 --- [    Test worker] o.h.type.descriptor.sql.BasicBinder      : binding parameter [25] as [VARCHAR] - [null]
2020-06-10 18:12:09.418 TRACE 55751 --- [    Test worker] o.h.type.descriptor.sql.BasicBinder      : binding parameter [26] as [VARCHAR] - [null]
2020-06-10 18:12:09.418 TRACE 55751 --- [    Test worker] o.h.type.descriptor.sql.BasicBinder      : binding parameter [27] as [VARCHAR] - [oy]
2020-06-10 18:12:09.418 TRACE 55751 --- [    Test worker] o.h.type.descriptor.sql.BasicBinder      : binding parameter [28] as [VARCHAR] - [null]
2020-06-10 18:12:09.418 TRACE 55751 --- [    Test worker] o.h.type.descriptor.sql.BasicBinder      : binding parameter [29] as [DATE] - [null]
2020-06-10 18:12:09.418 TRACE 55751 --- [    Test worker] o.h.type.descriptor.sql.BasicBinder      : binding parameter [30] as [VARCHAR] - [1234567-3]
2020-06-10 18:12:09.418 TRACE 55751 --- [    Test worker] o.h.type.descriptor.sql.BasicBinder      : binding parameter [31] as [BIGINT] - [4]
2020-06-10 18:12:09.419 TRACE 55751 --- [    Test worker] o.h.type.descriptor.sql.BasicBinder      : binding parameter [32] as [BIGINT] - [2]
Hibernate: 
    update
        organisaatio_meta_data 
    set
        version=?,
        hakutoimistoectsemailmkt=?,
        hakutoimistoectsnimimkt=?,
        hakutoimistoectspuhelinmkt=?,
        hakutoimistoectstehtavanimikemkt=?,
        hakutoimisto_nimi_id=?,
        koodi=?,
        kuva_id=?,
        muokkauspvm=?,
        nimi_id=? 
    where
        id=? 
        and version=?
2020-06-10 18:12:09.419 TRACE 55751 --- [    Test worker] o.h.type.descriptor.sql.BasicBinder      : binding parameter [1] as [BIGINT] - [2]
2020-06-10 18:12:09.419 TRACE 55751 --- [    Test worker] o.h.type.descriptor.sql.BasicBinder      : binding parameter [2] as [BIGINT] - [1002]
2020-06-10 18:12:09.419 TRACE 55751 --- [    Test worker] o.h.type.descriptor.sql.BasicBinder      : binding parameter [3] as [BIGINT] - [1003]
2020-06-10 18:12:09.419 TRACE 55751 --- [    Test worker] o.h.type.descriptor.sql.BasicBinder      : binding parameter [4] as [BIGINT] - [1004]
2020-06-10 18:12:09.419 TRACE 55751 --- [    Test worker] o.h.type.descriptor.sql.BasicBinder      : binding parameter [5] as [BIGINT] - [1005]
2020-06-10 18:12:09.419 TRACE 55751 --- [    Test worker] o.h.type.descriptor.sql.BasicBinder      : binding parameter [6] as [BIGINT] - [1000]
2020-06-10 18:12:09.419 TRACE 55751 --- [    Test worker] o.h.type.descriptor.sql.BasicBinder      : binding parameter [7] as [VARCHAR] - [null]
2020-06-10 18:12:09.419 TRACE 55751 --- [    Test worker] o.h.type.descriptor.sql.BasicBinder      : binding parameter [8] as [BIGINT] - [null]
2020-06-10 18:12:09.419 TRACE 55751 --- [    Test worker] o.h.type.descriptor.sql.BasicBinder      : binding parameter [9] as [TIMESTAMP] - [1970-01-01 00:00:00.0]
2020-06-10 18:12:09.419 TRACE 55751 --- [    Test worker] o.h.type.descriptor.sql.BasicBinder      : binding parameter [10] as [BIGINT] - [1006]
2020-06-10 18:12:09.419 TRACE 55751 --- [    Test worker] o.h.type.descriptor.sql.BasicBinder      : binding parameter [11] as [BIGINT] - [1]
2020-06-10 18:12:09.419 TRACE 55751 --- [    Test worker] o.h.type.descriptor.sql.BasicBinder      : binding parameter [12] as [BIGINT] - [1]
Hibernate: 
    update
        monikielinen_teksti 
    set
        version=? 
    where
        id=? 
        and version=?
2020-06-10 18:12:09.419 TRACE 55751 --- [    Test worker] o.h.type.descriptor.sql.BasicBinder      : binding parameter [1] as [BIGINT] - [1]
2020-06-10 18:12:09.419 TRACE 55751 --- [    Test worker] o.h.type.descriptor.sql.BasicBinder      : binding parameter [2] as [BIGINT] - [1000]
2020-06-10 18:12:09.419 TRACE 55751 --- [    Test worker] o.h.type.descriptor.sql.BasicBinder      : binding parameter [3] as [BIGINT] - [0]
Hibernate: 
    delete 
    from
        organisaatio_meta_data_yhteystiedot 
    where
        organisaatio_meta_data_id=?
2020-06-10 18:12:09.420 TRACE 55751 --- [    Test worker] o.h.type.descriptor.sql.BasicBinder      : binding parameter [1] as [BIGINT] - [1]
Hibernate: 
    insert 
    into
        organisaatio_meta_data_yhteystiedot
        (organisaatio_meta_data_id, yhteystiedot_id) 
    values
        (?, ?)
2020-06-10 18:12:09.420 TRACE 55751 --- [    Test worker] o.h.type.descriptor.sql.BasicBinder      : binding parameter [1] as [BIGINT] - [1]
2020-06-10 18:12:09.420 TRACE 55751 --- [    Test worker] o.h.type.descriptor.sql.BasicBinder      : binding parameter [2] as [BIGINT] - [1302]
Hibernate: 
    insert 
    into
        organisaatio_meta_data_yhteystiedot
        (organisaatio_meta_data_id, yhteystiedot_id) 
    values
        (?, ?)
2020-06-10 18:12:09.420 TRACE 55751 --- [    Test worker] o.h.type.descriptor.sql.BasicBinder      : binding parameter [1] as [BIGINT] - [1]
2020-06-10 18:12:09.420 TRACE 55751 --- [    Test worker] o.h.type.descriptor.sql.BasicBinder      : binding parameter [2] as [BIGINT] - [1303]
Hibernate: 
    insert 
    into
        organisaatio_meta_data_yhteystiedot
        (organisaatio_meta_data_id, yhteystiedot_id) 
    values
        (?, ?)
2020-06-10 18:12:09.420 TRACE 55751 --- [    Test worker] o.h.type.descriptor.sql.BasicBinder      : binding parameter [1] as [BIGINT] - [1]
2020-06-10 18:12:09.420 TRACE 55751 --- [    Test worker] o.h.type.descriptor.sql.BasicBinder      : binding parameter [2] as [BIGINT] - [1304]
Hibernate: 
    insert 
    into
        organisaatio_meta_data_yhteystiedot
        (organisaatio_meta_data_id, yhteystiedot_id) 
    values
        (?, ?)
2020-06-10 18:12:09.420 TRACE 55751 --- [    Test worker] o.h.type.descriptor.sql.BasicBinder      : binding parameter [1] as [BIGINT] - [1]
2020-06-10 18:12:09.420 TRACE 55751 --- [    Test worker] o.h.type.descriptor.sql.BasicBinder      : binding parameter [2] as [BIGINT] - [1305]
Hibernate: 
    insert 
    into
        organisaatio_meta_data_yhteystiedot
        (organisaatio_meta_data_id, yhteystiedot_id) 
    values
        (?, ?)
2020-06-10 18:12:09.420 TRACE 55751 --- [    Test worker] o.h.type.descriptor.sql.BasicBinder      : binding parameter [1] as [BIGINT] - [1]
2020-06-10 18:12:09.420 TRACE 55751 --- [    Test worker] o.h.type.descriptor.sql.BasicBinder      : binding parameter [2] as [BIGINT] - [1306]
Hibernate: 
    insert 
    into
        organisaatio_meta_data_yhteystiedot
        (organisaatio_meta_data_id, yhteystiedot_id) 
    values
        (?, ?)
2020-06-10 18:12:09.420 TRACE 55751 --- [    Test worker] o.h.type.descriptor.sql.BasicBinder      : binding parameter [1] as [BIGINT] - [1]
2020-06-10 18:12:09.420 TRACE 55751 --- [    Test worker] o.h.type.descriptor.sql.BasicBinder      : binding parameter [2] as [BIGINT] - [1307]
Hibernate: 
    insert 
    into
        organisaatio_meta_data_yhteystiedot
        (organisaatio_meta_data_id, yhteystiedot_id) 
    values
        (?, ?)
2020-06-10 18:12:09.420 TRACE 55751 --- [    Test worker] o.h.type.descriptor.sql.BasicBinder      : binding parameter [1] as [BIGINT] - [1]
2020-06-10 18:12:09.420 TRACE 55751 --- [    Test worker] o.h.type.descriptor.sql.BasicBinder      : binding parameter [2] as [BIGINT] - [1308]
Hibernate: 
    insert 
    into
        organisaatio_meta_data_yhteystiedot
        (organisaatio_meta_data_id, yhteystiedot_id) 
    values
        (?, ?)
2020-06-10 18:12:09.420 TRACE 55751 --- [    Test worker] o.h.type.descriptor.sql.BasicBinder      : binding parameter [1] as [BIGINT] - [1]
2020-06-10 18:12:09.420 TRACE 55751 --- [    Test worker] o.h.type.descriptor.sql.BasicBinder      : binding parameter [2] as [BIGINT] - [1309]
Hibernate: 
    insert 
    into
        organisaatio_meta_data_yhteystiedot
        (organisaatio_meta_data_id, yhteystiedot_id) 
    values
        (?, ?)
2020-06-10 18:12:09.420 TRACE 55751 --- [    Test worker] o.h.type.descriptor.sql.BasicBinder      : binding parameter [1] as [BIGINT] - [1]
2020-06-10 18:12:09.420 TRACE 55751 --- [    Test worker] o.h.type.descriptor.sql.BasicBinder      : binding parameter [2] as [BIGINT] - [1310]
Hibernate: 
    insert 
    into
        monikielinen_teksti_values
        (id, key, value) 
    values
        (?, ?, ?)
2020-06-10 18:12:09.421 TRACE 55751 --- [    Test worker] o.h.type.descriptor.sql.BasicBinder      : binding parameter [1] as [BIGINT] - [1007]
2020-06-10 18:12:09.421 TRACE 55751 --- [    Test worker] o.h.type.descriptor.sql.BasicBinder      : binding parameter [2] as [VARCHAR] - [fi]
2020-06-10 18:12:09.421 TRACE 55751 --- [    Test worker] o.h.type.descriptor.sql.BasicBinder      : binding parameter [3] as [VARCHAR] - [node2 foo]
Hibernate: 
    delete 
    from
        yhteystieto 
    where
        id=? 
        and version=?
2020-06-10 18:12:09.421 TRACE 55751 --- [    Test worker] o.h.type.descriptor.sql.BasicBinder      : binding parameter [1] as [BIGINT] - [1000]
2020-06-10 18:12:09.421 TRACE 55751 --- [    Test worker] o.h.type.descriptor.sql.BasicBinder      : binding parameter [2] as [BIGINT] - [1]
Hibernate: 
    delete 
    from
        yhteystieto 
    where
        id=? 
        and version=?
2020-06-10 18:12:09.421 TRACE 55751 --- [    Test worker] o.h.type.descriptor.sql.BasicBinder      : binding parameter [1] as [BIGINT] - [1001]
2020-06-10 18:12:09.421 TRACE 55751 --- [    Test worker] o.h.type.descriptor.sql.BasicBinder      : binding parameter [2] as [BIGINT] - [1]
Hibernate: 
    delete 
    from
        yhteystieto 
    where
        id=? 
        and version=?
2020-06-10 18:12:09.421 TRACE 55751 --- [    Test worker] o.h.type.descriptor.sql.BasicBinder      : binding parameter [1] as [BIGINT] - [1002]
2020-06-10 18:12:09.421 TRACE 55751 --- [    Test worker] o.h.type.descriptor.sql.BasicBinder      : binding parameter [2] as [BIGINT] - [1]
Hibernate: 
    delete 
    from
        yhteystieto 
    where
        id=? 
        and version=?
2020-06-10 18:12:09.421 TRACE 55751 --- [    Test worker] o.h.type.descriptor.sql.BasicBinder      : binding parameter [1] as [BIGINT] - [1003]
2020-06-10 18:12:09.421 TRACE 55751 --- [    Test worker] o.h.type.descriptor.sql.BasicBinder      : binding parameter [2] as [BIGINT] - [1]
Hibernate: 
    delete 
    from
        yhteystieto 
    where
        id=? 
        and version=?
2020-06-10 18:12:09.422 TRACE 55751 --- [    Test worker] o.h.type.descriptor.sql.BasicBinder      : binding parameter [1] as [BIGINT] - [1004]
2020-06-10 18:12:09.422 TRACE 55751 --- [    Test worker] o.h.type.descriptor.sql.BasicBinder      : binding parameter [2] as [BIGINT] - [1]
Hibernate: 
    delete 
    from
        yhteystieto 
    where
        id=? 
        and version=?
2020-06-10 18:12:09.422 TRACE 55751 --- [    Test worker] o.h.type.descriptor.sql.BasicBinder      : binding parameter [1] as [BIGINT] - [1101]
2020-06-10 18:12:09.422 TRACE 55751 --- [    Test worker] o.h.type.descriptor.sql.BasicBinder      : binding parameter [2] as [BIGINT] - [1]
Hibernate: 
    delete 
    from
        yhteystieto 
    where
        id=? 
        and version=?
2020-06-10 18:12:09.422 TRACE 55751 --- [    Test worker] o.h.type.descriptor.sql.BasicBinder      : binding parameter [1] as [BIGINT] - [1102]
2020-06-10 18:12:09.422 TRACE 55751 --- [    Test worker] o.h.type.descriptor.sql.BasicBinder      : binding parameter [2] as [BIGINT] - [1]
Hibernate: 
    delete 
    from
        yhteystieto 
    where
        id=? 
        and version=?
2020-06-10 18:12:09.422 TRACE 55751 --- [    Test worker] o.h.type.descriptor.sql.BasicBinder      : binding parameter [1] as [BIGINT] - [1201]
2020-06-10 18:12:09.422 TRACE 55751 --- [    Test worker] o.h.type.descriptor.sql.BasicBinder      : binding parameter [2] as [BIGINT] - [1]
Hibernate: 
    delete 
    from
        yhteystieto 
    where
        id=? 
        and version=?
2020-06-10 18:12:09.422 TRACE 55751 --- [    Test worker] o.h.type.descriptor.sql.BasicBinder      : binding parameter [1] as [BIGINT] - [1301]
2020-06-10 18:12:09.422 TRACE 55751 --- [    Test worker] o.h.type.descriptor.sql.BasicBinder      : binding parameter [2] as [BIGINT] - [1]
Hibernate: 
    delete 
    from
        yhteystieto 
    where
        id=? 
        and version=?
2020-06-10 18:12:09.422 TRACE 55751 --- [    Test worker] o.h.type.descriptor.sql.BasicBinder      : binding parameter [1] as [BIGINT] - [19]
2020-06-10 18:12:09.422 TRACE 55751 --- [    Test worker] o.h.type.descriptor.sql.BasicBinder      : binding parameter [2] as [BIGINT] - [0]
Hibernate: 
    delete 
    from
        yhteystieto 
    where
        id=? 
        and version=?
2020-06-10 18:12:09.423 TRACE 55751 --- [    Test worker] o.h.type.descriptor.sql.BasicBinder      : binding parameter [1] as [BIGINT] - [20]
2020-06-10 18:12:09.423 TRACE 55751 --- [    Test worker] o.h.type.descriptor.sql.BasicBinder      : binding parameter [2] as [BIGINT] - [0]
Hibernate: 
    delete 
    from
        yhteystieto 
    where
        id=? 
        and version=?
2020-06-10 18:12:09.423 TRACE 55751 --- [    Test worker] o.h.type.descriptor.sql.BasicBinder      : binding parameter [1] as [BIGINT] - [21]
2020-06-10 18:12:09.423 TRACE 55751 --- [    Test worker] o.h.type.descriptor.sql.BasicBinder      : binding parameter [2] as [BIGINT] - [0]
Hibernate: 
    delete 
    from
        yhteystieto 
    where
        id=? 
        and version=?
2020-06-10 18:12:09.423 TRACE 55751 --- [    Test worker] o.h.type.descriptor.sql.BasicBinder      : binding parameter [1] as [BIGINT] - [23]
2020-06-10 18:12:09.423 TRACE 55751 --- [    Test worker] o.h.type.descriptor.sql.BasicBinder      : binding parameter [2] as [BIGINT] - [0]
Hibernate: 
    delete 
    from
        yhteystieto 
    where
        id=? 
        and version=?
2020-06-10 18:12:09.423 TRACE 55751 --- [    Test worker] o.h.type.descriptor.sql.BasicBinder      : binding parameter [1] as [BIGINT] - [24]
2020-06-10 18:12:09.423 TRACE 55751 --- [    Test worker] o.h.type.descriptor.sql.BasicBinder      : binding parameter [2] as [BIGINT] - [0]
Hibernate: 
    select
        organisaat0_.id as id1_19_0_,
        organisaat1_.id as id1_5_1_,
        organisaat0_.version as version2_19_0_,
        organisaat0_.alkupvm as alkupvm3_19_0_,
        organisaat0_.child_id as child_id7_19_0_,
        organisaat0_.loppupvm as loppupvm4_19_0_,
        organisaat0_.opetuspisteenjarjnro as opetuspi5_19_0_,
        organisaat0_.parent_id as parent_i8_19_0_,
        organisaat0_.suhdetyyppi as suhdetyy6_19_0_,
        organisaat1_.version as version2_5_1_,
        organisaat1_.alkupvm as alkupvm3_5_1_,
        organisaat1_.domainnimi as domainni4_5_1_,
        organisaat1_.kotipaikka as kotipaik5_5_1_,
        organisaat1_.kuvaus_mkt as kuvaus_28_5_1_,
        organisaat1_.lakkautuspvm as lakkautu6_5_1_,
        organisaat1_.maa as maa7_5_1_,
        organisaat1_.metadata_id as metadat29_5_1_,
        organisaat1_.nimi_mkt as nimi_mk30_5_1_,
        organisaat1_.nimihaku as nimihaku8_5_1_,
        organisaat1_.oid as oid9_5_1_,
        organisaat1_.opetuspisteenjarjnro as opetusp10_5_1_,
        organisaat1_.oppilaitoskoodi as oppilai11_5_1_,
        organisaat1_.oppilaitos_tyyppi as oppilai12_5_1_,
        organisaat1_.organisaatio_poistettu as organis13_5_1_,
        organisaat1_.paivittaja as paivitt14_5_1_,
        organisaat1_.paivityspvm as paivity15_5_1_,
        organisaat1_.parentidpath as parenti16_5_1_,
        organisaat1_.parentoidpath as parento17_5_1_,
        organisaat1_.piilotettu as piilote18_5_1_,
        organisaat1_.tarkastus_pvm as tarkast19_5_1_,
        organisaat1_.toimipistekoodi as toimipi20_5_1_,
        organisaat1_.tuontipvm as tuontip21_5_1_,
        organisaat1_.varhaiskasvatuksen_toimipaikka_tiedot_id as varhais31_5_1_,
        organisaat1_.virastotunnus as virasto22_5_1_,
        organisaat1_.yhteishaunkoulukoodi as yhteish23_5_1_,
        organisaat1_.yritysmuoto as yritysm24_5_1_,
        organisaat1_.ytj_kieli as ytj_kie25_5_1_,
        organisaat1_.ytjpaivityspvm as ytjpaiv26_5_1_,
        organisaat1_.ytunnus as ytunnus27_5_1_ 
    from
        organisaatiosuhde organisaat0_ 
    inner join
        organisaatio organisaat1_ 
            on organisaat0_.parent_id=organisaat1_.id 
    where
        organisaat0_.child_id=? 
        and organisaat0_.suhdetyyppi=? 
        and (
            organisaat0_.alkupvm=? 
            or organisaat0_.alkupvm<?
        ) 
        and (
            organisaat0_.loppupvm is null 
            or organisaat0_.loppupvm>?
        ) 
        and organisaat1_.organisaatio_poistettu=? 
    order by
        organisaat0_.alkupvm desc
2020-06-10 18:12:09.424 TRACE 55751 --- [    Test worker] o.h.type.descriptor.sql.BasicBinder      : binding parameter [1] as [BIGINT] - [4]
2020-06-10 18:12:09.424 TRACE 55751 --- [    Test worker] o.h.type.descriptor.sql.BasicBinder      : binding parameter [2] as [VARCHAR] - [HISTORIA]
2020-06-10 18:12:09.424 TRACE 55751 --- [    Test worker] o.h.type.descriptor.sql.BasicBinder      : binding parameter [3] as [DATE] - [Wed Jun 10 18:12:09 EEST 2020]
2020-06-10 18:12:09.424 TRACE 55751 --- [    Test worker] o.h.type.descriptor.sql.BasicBinder      : binding parameter [4] as [DATE] - [Wed Jun 10 18:12:09 EEST 2020]
2020-06-10 18:12:09.424 TRACE 55751 --- [    Test worker] o.h.type.descriptor.sql.BasicBinder      : binding parameter [5] as [DATE] - [Wed Jun 10 18:12:09 EEST 2020]
2020-06-10 18:12:09.424 TRACE 55751 --- [    Test worker] o.h.type.descriptor.sql.BasicBinder      : binding parameter [6] as [BOOLEAN] - [false]
2020-06-10 18:12:09.424 TRACE 55751 --- [    Test worker] o.h.type.descriptor.sql.BasicExtractor   : extracted value ([id1_19_0_] : [BIGINT]) - [3]
2020-06-10 18:12:09.424 TRACE 55751 --- [    Test worker] o.h.type.descriptor.sql.BasicExtractor   : extracted value ([id1_5_1_] : [BIGINT]) - [2]
2020-06-10 18:12:09.424  INFO 55751 --- [    Test worker] .s.o.r.i.OrganisaatioSuhdeRepositoryImpl : addChild(7, 4, Wed Jun 10 18:12:09 EEST 2020)
Hibernate: 
    insert 
    into
        organisaatiosuhde
        (id, version, alkupvm, child_id, loppupvm, opetuspisteenjarjnro, parent_id, suhdetyyppi) 
    values
        (null, ?, ?, ?, ?, ?, ?, ?)
2020-06-10 18:12:09.425 TRACE 55751 --- [    Test worker] o.h.type.descriptor.sql.BasicBinder      : binding parameter [1] as [BIGINT] - [0]
2020-06-10 18:12:09.425 TRACE 55751 --- [    Test worker] o.h.type.descriptor.sql.BasicBinder      : binding parameter [2] as [DATE] - [Wed Jun 10 18:12:09 EEST 2020]
2020-06-10 18:12:09.425 TRACE 55751 --- [    Test worker] o.h.type.descriptor.sql.BasicBinder      : binding parameter [3] as [BIGINT] - [4]
2020-06-10 18:12:09.425 TRACE 55751 --- [    Test worker] o.h.type.descriptor.sql.BasicBinder      : binding parameter [4] as [DATE] - [null]
2020-06-10 18:12:09.425 TRACE 55751 --- [    Test worker] o.h.type.descriptor.sql.BasicBinder      : binding parameter [5] as [VARCHAR] - [2]
2020-06-10 18:12:09.425 TRACE 55751 --- [    Test worker] o.h.type.descriptor.sql.BasicBinder      : binding parameter [6] as [BIGINT] - [7]
2020-06-10 18:12:09.425 TRACE 55751 --- [    Test worker] o.h.type.descriptor.sql.BasicBinder      : binding parameter [7] as [VARCHAR] - [HISTORIA]
2020-06-10 18:12:09.425  INFO 55751 --- [    Test worker] .s.o.r.i.OrganisaatioSuhdeRepositoryImpl :     Created new child relation:  --> pId=7, cId=4, aPvm=Wed Jun 10 18:12:09 EEST 2020, lPvm=null
Hibernate: 
    update
        organisaatiosuhde 
    set
        version=?,
        alkupvm=?,
        child_id=?,
        loppupvm=?,
        opetuspisteenjarjnro=?,
        parent_id=?,
        suhdetyyppi=? 
    where
        id=? 
        and version=?
2020-06-10 18:12:09.427 TRACE 55751 --- [    Test worker] o.h.type.descriptor.sql.BasicBinder      : binding parameter [1] as [BIGINT] - [1]
2020-06-10 18:12:09.427 TRACE 55751 --- [    Test worker] o.h.type.descriptor.sql.BasicBinder      : binding parameter [2] as [DATE] - [2014-12-02]
2020-06-10 18:12:09.427 TRACE 55751 --- [    Test worker] o.h.type.descriptor.sql.BasicBinder      : binding parameter [3] as [BIGINT] - [4]
2020-06-10 18:12:09.427 TRACE 55751 --- [    Test worker] o.h.type.descriptor.sql.BasicBinder      : binding parameter [4] as [DATE] - [Wed Jun 10 18:12:09 EEST 2020]
2020-06-10 18:12:09.427 TRACE 55751 --- [    Test worker] o.h.type.descriptor.sql.BasicBinder      : binding parameter [5] as [VARCHAR] - [null]
2020-06-10 18:12:09.427 TRACE 55751 --- [    Test worker] o.h.type.descriptor.sql.BasicBinder      : binding parameter [6] as [BIGINT] - [2]
2020-06-10 18:12:09.427 TRACE 55751 --- [    Test worker] o.h.type.descriptor.sql.BasicBinder      : binding parameter [7] as [VARCHAR] - [HISTORIA]
2020-06-10 18:12:09.427 TRACE 55751 --- [    Test worker] o.h.type.descriptor.sql.BasicBinder      : binding parameter [8] as [BIGINT] - [3]
2020-06-10 18:12:09.427 TRACE 55751 --- [    Test worker] o.h.type.descriptor.sql.BasicBinder      : binding parameter [9] as [BIGINT] - [0]
Hibernate: 
    select
        organisaat0_.id as id1_19_,
        organisaat0_.version as version2_19_,
        organisaat0_.alkupvm as alkupvm3_19_,
        organisaat0_.child_id as child_id7_19_,
        organisaat0_.loppupvm as loppupvm4_19_,
        organisaat0_.opetuspisteenjarjnro as opetuspi5_19_,
        organisaat0_.parent_id as parent_i8_19_,
        organisaat0_.suhdetyyppi as suhdetyy6_19_ 
    from
        organisaatiosuhde organisaat0_ 
    where
        organisaat0_.child_id=?
2020-06-10 18:12:09.428 TRACE 55751 --- [    Test worker] o.h.type.descriptor.sql.BasicBinder      : binding parameter [1] as [BIGINT] - [4]
2020-06-10 18:12:09.428 TRACE 55751 --- [    Test worker] o.h.type.descriptor.sql.BasicExtractor   : extracted value ([id1_19_] : [BIGINT]) - [3]
2020-06-10 18:12:09.428 TRACE 55751 --- [    Test worker] o.h.type.descriptor.sql.BasicExtractor   : extracted value ([id1_19_] : [BIGINT]) - [26]
Hibernate: 
    select
        organisaat0_.id as id1_5_,
        organisaat0_.version as version2_5_,
        organisaat0_.alkupvm as alkupvm3_5_,
        organisaat0_.domainnimi as domainni4_5_,
        organisaat0_.kotipaikka as kotipaik5_5_,
        organisaat0_.kuvaus_mkt as kuvaus_28_5_,
        organisaat0_.lakkautuspvm as lakkautu6_5_,
        organisaat0_.maa as maa7_5_,
        organisaat0_.metadata_id as metadat29_5_,
        organisaat0_.nimi_mkt as nimi_mk30_5_,
        organisaat0_.nimihaku as nimihaku8_5_,
        organisaat0_.oid as oid9_5_,
        organisaat0_.opetuspisteenjarjnro as opetusp10_5_,
        organisaat0_.oppilaitoskoodi as oppilai11_5_,
        organisaat0_.oppilaitos_tyyppi as oppilai12_5_,
        organisaat0_.organisaatio_poistettu as organis13_5_,
        organisaat0_.paivittaja as paivitt14_5_,
        organisaat0_.paivityspvm as paivity15_5_,
        organisaat0_.parentidpath as parenti16_5_,
        organisaat0_.parentoidpath as parento17_5_,
        organisaat0_.piilotettu as piilote18_5_,
        organisaat0_.tarkastus_pvm as tarkast19_5_,
        organisaat0_.toimipistekoodi as toimipi20_5_,
        organisaat0_.tuontipvm as tuontip21_5_,
        organisaat0_.varhaiskasvatuksen_toimipaikka_tiedot_id as varhais31_5_,
        organisaat0_.virastotunnus as virasto22_5_,
        organisaat0_.yhteishaunkoulukoodi as yhteish23_5_,
        organisaat0_.yritysmuoto as yritysm24_5_,
        organisaat0_.ytj_kieli as ytj_kie25_5_,
        organisaat0_.ytjpaivityspvm as ytjpaiv26_5_,
        organisaat0_.ytunnus as ytunnus27_5_ 
    from
        organisaatio organisaat0_ 
    where
        organisaat0_.oid=?
2020-06-10 18:12:09.429 TRACE 55751 --- [    Test worker] o.h.type.descriptor.sql.BasicBinder      : binding parameter [1] as [VARCHAR] - [1.2.2004.3]
2020-06-10 18:12:09.429 TRACE 55751 --- [    Test worker] o.h.type.descriptor.sql.BasicExtractor   : extracted value ([id1_5_] : [BIGINT]) - [4]
Hibernate: 
    select
        distinct organisaat0_.id as id1_5_,
        organisaat0_.version as version2_5_,
        organisaat0_.alkupvm as alkupvm3_5_,
        organisaat0_.domainnimi as domainni4_5_,
        organisaat0_.kotipaikka as kotipaik5_5_,
        organisaat0_.kuvaus_mkt as kuvaus_28_5_,
        organisaat0_.lakkautuspvm as lakkautu6_5_,
        organisaat0_.maa as maa7_5_,
        organisaat0_.metadata_id as metadat29_5_,
        organisaat0_.nimi_mkt as nimi_mk30_5_,
        organisaat0_.nimihaku as nimihaku8_5_,
        organisaat0_.oid as oid9_5_,
        organisaat0_.opetuspisteenjarjnro as opetusp10_5_,
        organisaat0_.oppilaitoskoodi as oppilai11_5_,
        organisaat0_.oppilaitos_tyyppi as oppilai12_5_,
        organisaat0_.organisaatio_poistettu as organis13_5_,
        organisaat0_.paivittaja as paivitt14_5_,
        organisaat0_.paivityspvm as paivity15_5_,
        organisaat0_.parentidpath as parenti16_5_,
        organisaat0_.parentoidpath as parento17_5_,
        organisaat0_.piilotettu as piilote18_5_,
        organisaat0_.tarkastus_pvm as tarkast19_5_,
        organisaat0_.toimipistekoodi as toimipi20_5_,
        organisaat0_.tuontipvm as tuontip21_5_,
        organisaat0_.varhaiskasvatuksen_toimipaikka_tiedot_id as varhais31_5_,
        organisaat0_.virastotunnus as virasto22_5_,
        organisaat0_.yhteishaunkoulukoodi as yhteish23_5_,
        organisaat0_.yritysmuoto as yritysm24_5_,
        organisaat0_.ytj_kieli as ytj_kie25_5_,
        organisaat0_.ytjpaivityspvm as ytjpaiv26_5_,
        organisaat0_.ytunnus as ytunnus27_5_ 
    from
        organisaatio organisaat0_ 
    where
        organisaat0_.parentidpath like ? escape '!'
2020-06-10 18:12:09.431 TRACE 55751 --- [    Test worker] o.h.type.descriptor.sql.BasicBinder      : binding parameter [1] as [VARCHAR] - [%|4|]
2020-06-10 18:12:09.431 TRACE 55751 --- [    Test worker] o.h.type.descriptor.sql.BasicExtractor   : extracted value ([id1_5_] : [BIGINT]) - [6]
2020-06-10 18:12:09.431 TRACE 55751 --- [    Test worker] o.h.type.descriptor.sql.BasicExtractor   : extracted value ([version2_5_] : [BIGINT]) - [2]
2020-06-10 18:12:09.431 TRACE 55751 --- [    Test worker] o.h.type.descriptor.sql.BasicExtractor   : extracted value ([alkupvm3_5_] : [DATE]) - [2010-08-29]
2020-06-10 18:12:09.431 TRACE 55751 --- [    Test worker] o.h.type.descriptor.sql.BasicExtractor   : extracted value ([domainni4_5_] : [VARCHAR]) - [null]
2020-06-10 18:12:09.431 TRACE 55751 --- [    Test worker] o.h.type.descriptor.sql.BasicExtractor   : extracted value ([kotipaik5_5_] : [VARCHAR]) - [Helsinki]
2020-06-10 18:12:09.431 TRACE 55751 --- [    Test worker] o.h.type.descriptor.sql.BasicExtractor   : extracted value ([kuvaus_28_5_] : [BIGINT]) - [null]
2020-06-10 18:12:09.431 TRACE 55751 --- [    Test worker] o.h.type.descriptor.sql.BasicExtractor   : extracted value ([lakkautu6_5_] : [DATE]) - [null]
2020-06-10 18:12:09.431 TRACE 55751 --- [    Test worker] o.h.type.descriptor.sql.BasicExtractor   : extracted value ([maa7_5_] : [VARCHAR]) - [null]
2020-06-10 18:12:09.431 TRACE 55751 --- [    Test worker] o.h.type.descriptor.sql.BasicExtractor   : extracted value ([metadat29_5_] : [BIGINT]) - [null]
2020-06-10 18:12:09.431 TRACE 55751 --- [    Test worker] o.h.type.descriptor.sql.BasicExtractor   : extracted value ([nimi_mk30_5_] : [BIGINT]) - [6]
2020-06-10 18:12:09.431 TRACE 55751 --- [    Test worker] o.h.type.descriptor.sql.BasicExtractor   : extracted value ([nimihaku8_5_] : [VARCHAR]) - [node23 foo bar]
2020-06-10 18:12:09.431 TRACE 55751 --- [    Test worker] o.h.type.descriptor.sql.BasicExtractor   : extracted value ([oid9_5_] : [VARCHAR]) - [1.2.2005.4]
2020-06-10 18:12:09.431 TRACE 55751 --- [    Test worker] o.h.type.descriptor.sql.BasicExtractor   : extracted value ([opetusp10_5_] : [VARCHAR]) - [null]
2020-06-10 18:12:09.431 TRACE 55751 --- [    Test worker] o.h.type.descriptor.sql.BasicExtractor   : extracted value ([oppilai11_5_] : [VARCHAR]) - [null]
2020-06-10 18:12:09.431 TRACE 55751 --- [    Test worker] o.h.type.descriptor.sql.BasicExtractor   : extracted value ([oppilai12_5_] : [VARCHAR]) - [oppilaitostyyppi_42#1]
2020-06-10 18:12:09.431 TRACE 55751 --- [    Test worker] o.h.type.descriptor.sql.BasicExtractor   : extracted value ([organis13_5_] : [BOOLEAN]) - [false]
2020-06-10 18:12:09.431 TRACE 55751 --- [    Test worker] o.h.type.descriptor.sql.BasicExtractor   : extracted value ([paivitt14_5_] : [VARCHAR]) - [null]
2020-06-10 18:12:09.431 TRACE 55751 --- [    Test worker] o.h.type.descriptor.sql.BasicExtractor   : extracted value ([paivity15_5_] : [TIMESTAMP]) - [null]
2020-06-10 18:12:09.431 TRACE 55751 --- [    Test worker] o.h.type.descriptor.sql.BasicExtractor   : extracted value ([parenti16_5_] : [VARCHAR]) - [|1|2|4|]
2020-06-10 18:12:09.431 TRACE 55751 --- [    Test worker] o.h.type.descriptor.sql.BasicExtractor   : extracted value ([parento17_5_] : [VARCHAR]) - [|1.2.246.562.24.00000000001|1.2.2004.1|1.2.2004.3|]
2020-06-10 18:12:09.431 TRACE 55751 --- [    Test worker] o.h.type.descriptor.sql.BasicExtractor   : extracted value ([piilote18_5_] : [BOOLEAN]) - [false]
2020-06-10 18:12:09.431 TRACE 55751 --- [    Test worker] o.h.type.descriptor.sql.BasicExtractor   : extracted value ([tarkast19_5_] : [TIMESTAMP]) - [null]
2020-06-10 18:12:09.431 TRACE 55751 --- [    Test worker] o.h.type.descriptor.sql.BasicExtractor   : extracted value ([toimipi20_5_] : [VARCHAR]) - [null]
2020-06-10 18:12:09.431 TRACE 55751 --- [    Test worker] o.h.type.descriptor.sql.BasicExtractor   : extracted value ([tuontip21_5_] : [TIMESTAMP]) - [null]
2020-06-10 18:12:09.431 TRACE 55751 --- [    Test worker] o.h.type.descriptor.sql.BasicExtractor   : extracted value ([varhais31_5_] : [BIGINT]) - [null]
2020-06-10 18:12:09.431 TRACE 55751 --- [    Test worker] o.h.type.descriptor.sql.BasicExtractor   : extracted value ([virasto22_5_] : [VARCHAR]) - [null]
2020-06-10 18:12:09.431 TRACE 55751 --- [    Test worker] o.h.type.descriptor.sql.BasicExtractor   : extracted value ([yhteish23_5_] : [VARCHAR]) - [null]
2020-06-10 18:12:09.431 TRACE 55751 --- [    Test worker] o.h.type.descriptor.sql.BasicExtractor   : extracted value ([yritysm24_5_] : [VARCHAR]) - [oy]
2020-06-10 18:12:09.431 TRACE 55751 --- [    Test worker] o.h.type.descriptor.sql.BasicExtractor   : extracted value ([ytj_kie25_5_] : [VARCHAR]) - [null]
2020-06-10 18:12:09.431 TRACE 55751 --- [    Test worker] o.h.type.descriptor.sql.BasicExtractor   : extracted value ([ytjpaiv26_5_] : [DATE]) - [null]
2020-06-10 18:12:09.431 TRACE 55751 --- [    Test worker] o.h.type.descriptor.sql.BasicExtractor   : extracted value ([ytunnus27_5_] : [VARCHAR]) - [1234568-4]
2020-06-10 18:12:09.431 TRACE 55751 --- [    Test worker] o.h.type.descriptor.sql.BasicExtractor   : extracted value ([id1_5_] : [BIGINT]) - [5]
2020-06-10 18:12:09.431 TRACE 55751 --- [    Test worker] o.h.type.descriptor.sql.BasicExtractor   : extracted value ([version2_5_] : [BIGINT]) - [2]
2020-06-10 18:12:09.431 TRACE 55751 --- [    Test worker] o.h.type.descriptor.sql.BasicExtractor   : extracted value ([alkupvm3_5_] : [DATE]) - [null]
2020-06-10 18:12:09.431 TRACE 55751 --- [    Test worker] o.h.type.descriptor.sql.BasicExtractor   : extracted value ([domainni4_5_] : [VARCHAR]) - [null]
2020-06-10 18:12:09.431 TRACE 55751 --- [    Test worker] o.h.type.descriptor.sql.BasicExtractor   : extracted value ([kotipaik5_5_] : [VARCHAR]) - [Helsinki]
2020-06-10 18:12:09.431 TRACE 55751 --- [    Test worker] o.h.type.descriptor.sql.BasicExtractor   : extracted value ([kuvaus_28_5_] : [BIGINT]) - [null]
2020-06-10 18:12:09.431 TRACE 55751 --- [    Test worker] o.h.type.descriptor.sql.BasicExtractor   : extracted value ([lakkautu6_5_] : [DATE]) - [null]
2020-06-10 18:12:09.431 TRACE 55751 --- [    Test worker] o.h.type.descriptor.sql.BasicExtractor   : extracted value ([maa7_5_] : [VARCHAR]) - [null]
2020-06-10 18:12:09.431 TRACE 55751 --- [    Test worker] o.h.type.descriptor.sql.BasicExtractor   : extracted value ([metadat29_5_] : [BIGINT]) - [null]
2020-06-10 18:12:09.432 TRACE 55751 --- [    Test worker] o.h.type.descriptor.sql.BasicExtractor   : extracted value ([nimi_mk30_5_] : [BIGINT]) - [5]
2020-06-10 18:12:09.432 TRACE 55751 --- [    Test worker] o.h.type.descriptor.sql.BasicExtractor   : extracted value ([nimihaku8_5_] : [VARCHAR]) - [node22 foo bar]
2020-06-10 18:12:09.432 TRACE 55751 --- [    Test worker] o.h.type.descriptor.sql.BasicExtractor   : extracted value ([oid9_5_] : [VARCHAR]) - [1.2.2004.4]
2020-06-10 18:12:09.432 TRACE 55751 --- [    Test worker] o.h.type.descriptor.sql.BasicExtractor   : extracted value ([opetusp10_5_] : [VARCHAR]) - [null]
2020-06-10 18:12:09.432 TRACE 55751 --- [    Test worker] o.h.type.descriptor.sql.BasicExtractor   : extracted value ([oppilai11_5_] : [VARCHAR]) - [null]
2020-06-10 18:12:09.432 TRACE 55751 --- [    Test worker] o.h.type.descriptor.sql.BasicExtractor   : extracted value ([oppilai12_5_] : [VARCHAR]) - [oppilaitostyyppi_42#1]
2020-06-10 18:12:09.432 TRACE 55751 --- [    Test worker] o.h.type.descriptor.sql.BasicExtractor   : extracted value ([organis13_5_] : [BOOLEAN]) - [false]
2020-06-10 18:12:09.432 TRACE 55751 --- [    Test worker] o.h.type.descriptor.sql.BasicExtractor   : extracted value ([paivitt14_5_] : [VARCHAR]) - [null]
2020-06-10 18:12:09.432 TRACE 55751 --- [    Test worker] o.h.type.descriptor.sql.BasicExtractor   : extracted value ([paivity15_5_] : [TIMESTAMP]) - [null]
2020-06-10 18:12:09.432 TRACE 55751 --- [    Test worker] o.h.type.descriptor.sql.BasicExtractor   : extracted value ([parenti16_5_] : [VARCHAR]) - [|1|2|4|]
2020-06-10 18:12:09.432 TRACE 55751 --- [    Test worker] o.h.type.descriptor.sql.BasicExtractor   : extracted value ([parento17_5_] : [VARCHAR]) - [|1.2.246.562.24.00000000001|1.2.2004.1|1.2.2004.3|]
2020-06-10 18:12:09.432 TRACE 55751 --- [    Test worker] o.h.type.descriptor.sql.BasicExtractor   : extracted value ([piilote18_5_] : [BOOLEAN]) - [false]
2020-06-10 18:12:09.432 TRACE 55751 --- [    Test worker] o.h.type.descriptor.sql.BasicExtractor   : extracted value ([tarkast19_5_] : [TIMESTAMP]) - [null]
2020-06-10 18:12:09.432 TRACE 55751 --- [    Test worker] o.h.type.descriptor.sql.BasicExtractor   : extracted value ([toimipi20_5_] : [VARCHAR]) - [null]
2020-06-10 18:12:09.432 TRACE 55751 --- [    Test worker] o.h.type.descriptor.sql.BasicExtractor   : extracted value ([tuontip21_5_] : [TIMESTAMP]) - [null]
2020-06-10 18:12:09.432 TRACE 55751 --- [    Test worker] o.h.type.descriptor.sql.BasicExtractor   : extracted value ([varhais31_5_] : [BIGINT]) - [null]
2020-06-10 18:12:09.432 TRACE 55751 --- [    Test worker] o.h.type.descriptor.sql.BasicExtractor   : extracted value ([virasto22_5_] : [VARCHAR]) - [null]
2020-06-10 18:12:09.432 TRACE 55751 --- [    Test worker] o.h.type.descriptor.sql.BasicExtractor   : extracted value ([yhteish23_5_] : [VARCHAR]) - [null]
2020-06-10 18:12:09.432 TRACE 55751 --- [    Test worker] o.h.type.descriptor.sql.BasicExtractor   : extracted value ([yritysm24_5_] : [VARCHAR]) - [oy]
2020-06-10 18:12:09.432 TRACE 55751 --- [    Test worker] o.h.type.descriptor.sql.BasicExtractor   : extracted value ([ytj_kie25_5_] : [VARCHAR]) - [null]
2020-06-10 18:12:09.432 TRACE 55751 --- [    Test worker] o.h.type.descriptor.sql.BasicExtractor   : extracted value ([ytjpaiv26_5_] : [DATE]) - [null]
2020-06-10 18:12:09.432 TRACE 55751 --- [    Test worker] o.h.type.descriptor.sql.BasicExtractor   : extracted value ([ytunnus27_5_] : [VARCHAR]) - [1234567-4]
2020-06-10 18:12:09.432 TRACE 55751 --- [    Test worker] org.hibernate.type.CollectionType        : Created collection wrapper: [fi.vm.sade.organisaatio.model.Organisaatio.childSuhteet#6]
2020-06-10 18:12:09.432 TRACE 55751 --- [    Test worker] org.hibernate.type.CollectionType        : Created collection wrapper: [fi.vm.sade.organisaatio.model.Organisaatio.kayttoryhmat#6]
2020-06-10 18:12:09.432 TRACE 55751 --- [    Test worker] org.hibernate.type.CollectionType        : Created collection wrapper: [fi.vm.sade.organisaatio.model.Organisaatio.kielet#6]
2020-06-10 18:12:09.432 TRACE 55751 --- [    Test worker] org.hibernate.type.CollectionType        : Created collection wrapper: [fi.vm.sade.organisaatio.model.Organisaatio.muutKotipaikatUris#6]
2020-06-10 18:12:09.432 TRACE 55751 --- [    Test worker] org.hibernate.type.CollectionType        : Created collection wrapper: [fi.vm.sade.organisaatio.model.Organisaatio.muutOppilaitosTyyppiUris#6]
2020-06-10 18:12:09.432 TRACE 55751 --- [    Test worker] org.hibernate.type.CollectionType        : Created collection wrapper: [fi.vm.sade.organisaatio.model.Organisaatio.nimet#6]
2020-06-10 18:12:09.432 TRACE 55751 --- [    Test worker] org.hibernate.type.CollectionType        : Created collection wrapper: [fi.vm.sade.organisaatio.model.Organisaatio.organisaatioLisatietotyypit#6]
2020-06-10 18:12:09.432 TRACE 55751 --- [    Test worker] org.hibernate.type.CollectionType        : Created collection wrapper: [fi.vm.sade.organisaatio.model.Organisaatio.parentSuhteet#6]
2020-06-10 18:12:09.432 TRACE 55751 --- [    Test worker] org.hibernate.type.CollectionType        : Created collection wrapper: [fi.vm.sade.organisaatio.model.Organisaatio.ryhmatyypit#6]
2020-06-10 18:12:09.432 TRACE 55751 --- [    Test worker] org.hibernate.type.CollectionType        : Created collection wrapper: [fi.vm.sade.organisaatio.model.Organisaatio.tyypit#6]
2020-06-10 18:12:09.432 TRACE 55751 --- [    Test worker] org.hibernate.type.CollectionType        : Created collection wrapper: [fi.vm.sade.organisaatio.model.Organisaatio.vuosiluokat#6]
2020-06-10 18:12:09.432 TRACE 55751 --- [    Test worker] org.hibernate.type.CollectionType        : Created collection wrapper: [fi.vm.sade.organisaatio.model.Organisaatio.yhteystiedot#6]
2020-06-10 18:12:09.432 TRACE 55751 --- [    Test worker] org.hibernate.type.CollectionType        : Created collection wrapper: [fi.vm.sade.organisaatio.model.Organisaatio.yhteystietoArvos#6]
2020-06-10 18:12:09.432 TRACE 55751 --- [    Test worker] org.hibernate.type.CollectionType        : Created collection wrapper: [fi.vm.sade.organisaatio.model.Organisaatio.childSuhteet#5]
2020-06-10 18:12:09.432 TRACE 55751 --- [    Test worker] org.hibernate.type.CollectionType        : Created collection wrapper: [fi.vm.sade.organisaatio.model.Organisaatio.kayttoryhmat#5]
2020-06-10 18:12:09.432 TRACE 55751 --- [    Test worker] org.hibernate.type.CollectionType        : Created collection wrapper: [fi.vm.sade.organisaatio.model.Organisaatio.kielet#5]
2020-06-10 18:12:09.432 TRACE 55751 --- [    Test worker] org.hibernate.type.CollectionType        : Created collection wrapper: [fi.vm.sade.organisaatio.model.Organisaatio.muutKotipaikatUris#5]
2020-06-10 18:12:09.432 TRACE 55751 --- [    Test worker] org.hibernate.type.CollectionType        : Created collection wrapper: [fi.vm.sade.organisaatio.model.Organisaatio.muutOppilaitosTyyppiUris#5]
2020-06-10 18:12:09.432 TRACE 55751 --- [    Test worker] org.hibernate.type.CollectionType        : Created collection wrapper: [fi.vm.sade.organisaatio.model.Organisaatio.nimet#5]
2020-06-10 18:12:09.432 TRACE 55751 --- [    Test worker] org.hibernate.type.CollectionType        : Created collection wrapper: [fi.vm.sade.organisaatio.model.Organisaatio.organisaatioLisatietotyypit#5]
2020-06-10 18:12:09.432 TRACE 55751 --- [    Test worker] org.hibernate.type.CollectionType        : Created collection wrapper: [fi.vm.sade.organisaatio.model.Organisaatio.parentSuhteet#5]
2020-06-10 18:12:09.432 TRACE 55751 --- [    Test worker] org.hibernate.type.CollectionType        : Created collection wrapper: [fi.vm.sade.organisaatio.model.Organisaatio.ryhmatyypit#5]
2020-06-10 18:12:09.432 TRACE 55751 --- [    Test worker] org.hibernate.type.CollectionType        : Created collection wrapper: [fi.vm.sade.organisaatio.model.Organisaatio.tyypit#5]
2020-06-10 18:12:09.432 TRACE 55751 --- [    Test worker] org.hibernate.type.CollectionType        : Created collection wrapper: [fi.vm.sade.organisaatio.model.Organisaatio.vuosiluokat#5]
2020-06-10 18:12:09.432 TRACE 55751 --- [    Test worker] org.hibernate.type.CollectionType        : Created collection wrapper: [fi.vm.sade.organisaatio.model.Organisaatio.yhteystiedot#5]
2020-06-10 18:12:09.432 TRACE 55751 --- [    Test worker] org.hibernate.type.CollectionType        : Created collection wrapper: [fi.vm.sade.organisaatio.model.Organisaatio.yhteystietoArvos#5]
Hibernate: 
    select
        monikielin0_.id as id1_2_0_,
        monikielin0_.version as version2_2_0_ 
    from
        monikielinen_teksti monikielin0_ 
    where
        monikielin0_.id in (
            ?, ?
        )
2020-06-10 18:12:09.433 TRACE 55751 --- [    Test worker] o.h.type.descriptor.sql.BasicBinder      : binding parameter [1] as [BIGINT] - [6]
2020-06-10 18:12:09.433 TRACE 55751 --- [    Test worker] o.h.type.descriptor.sql.BasicBinder      : binding parameter [2] as [BIGINT] - [5]
2020-06-10 18:12:09.433 TRACE 55751 --- [    Test worker] o.h.type.descriptor.sql.BasicExtractor   : extracted value ([id1_2_0_] : [BIGINT]) - [5]
2020-06-10 18:12:09.433 TRACE 55751 --- [    Test worker] o.h.type.descriptor.sql.BasicExtractor   : extracted value ([version2_2_0_] : [BIGINT]) - [0]
2020-06-10 18:12:09.433 TRACE 55751 --- [    Test worker] o.h.type.descriptor.sql.BasicExtractor   : extracted value ([id1_2_0_] : [BIGINT]) - [6]
2020-06-10 18:12:09.433 TRACE 55751 --- [    Test worker] o.h.type.descriptor.sql.BasicExtractor   : extracted value ([version2_2_0_] : [BIGINT]) - [0]
2020-06-10 18:12:09.433 TRACE 55751 --- [    Test worker] org.hibernate.type.CollectionType        : Created collection wrapper: [fi.vm.sade.organisaatio.model.MonikielinenTeksti.values#5]
2020-06-10 18:12:09.433 TRACE 55751 --- [    Test worker] org.hibernate.type.CollectionType        : Created collection wrapper: [fi.vm.sade.organisaatio.model.MonikielinenTeksti.values#6]
Hibernate: 
    select
        values0_.id as id1_3_0_,
        values0_.value as value2_3_0_,
        values0_.key as key3_0_ 
    from
        monikielinen_teksti_values values0_ 
    where
        values0_.id in (
            ?, ?
        )
2020-06-10 18:12:09.434 TRACE 55751 --- [    Test worker] o.h.type.descriptor.sql.BasicBinder      : binding parameter [1] as [BIGINT] - [6]
2020-06-10 18:12:09.434 TRACE 55751 --- [    Test worker] o.h.type.descriptor.sql.BasicBinder      : binding parameter [2] as [BIGINT] - [5]
2020-06-10 18:12:09.434 TRACE 55751 --- [    Test worker] o.h.type.descriptor.sql.BasicExtractor   : extracted value ([id1_3_0_] : [BIGINT]) - [5]
2020-06-10 18:12:09.434 TRACE 55751 --- [    Test worker] o.h.type.descriptor.sql.BasicExtractor   : extracted value ([value2_3_0_] : [VARCHAR]) - [node22 foo bar]
2020-06-10 18:12:09.434 TRACE 55751 --- [    Test worker] o.h.type.descriptor.sql.BasicExtractor   : extracted value ([key3_0_] : [VARCHAR]) - [fi]
2020-06-10 18:12:09.434 TRACE 55751 --- [    Test worker] o.h.type.descriptor.sql.BasicExtractor   : extracted value ([id1_3_0_] : [BIGINT]) - [6]
2020-06-10 18:12:09.434 TRACE 55751 --- [    Test worker] o.h.type.descriptor.sql.BasicExtractor   : extracted value ([value2_3_0_] : [VARCHAR]) - [node23 foo bar]
2020-06-10 18:12:09.434 TRACE 55751 --- [    Test worker] o.h.type.descriptor.sql.BasicExtractor   : extracted value ([key3_0_] : [VARCHAR]) - [fi]
Hibernate: 
    select
        distinct organisaat0_.id as id1_5_,
        organisaat0_.version as version2_5_,
        organisaat0_.alkupvm as alkupvm3_5_,
        organisaat0_.domainnimi as domainni4_5_,
        organisaat0_.kotipaikka as kotipaik5_5_,
        organisaat0_.kuvaus_mkt as kuvaus_28_5_,
        organisaat0_.lakkautuspvm as lakkautu6_5_,
        organisaat0_.maa as maa7_5_,
        organisaat0_.metadata_id as metadat29_5_,
        organisaat0_.nimi_mkt as nimi_mk30_5_,
        organisaat0_.nimihaku as nimihaku8_5_,
        organisaat0_.oid as oid9_5_,
        organisaat0_.opetuspisteenjarjnro as opetusp10_5_,
        organisaat0_.oppilaitoskoodi as oppilai11_5_,
        organisaat0_.oppilaitos_tyyppi as oppilai12_5_,
        organisaat0_.organisaatio_poistettu as organis13_5_,
        organisaat0_.paivittaja as paivitt14_5_,
        organisaat0_.paivityspvm as paivity15_5_,
        organisaat0_.parentidpath as parenti16_5_,
        organisaat0_.parentoidpath as parento17_5_,
        organisaat0_.piilotettu as piilote18_5_,
        organisaat0_.tarkastus_pvm as tarkast19_5_,
        organisaat0_.toimipistekoodi as toimipi20_5_,
        organisaat0_.tuontipvm as tuontip21_5_,
        organisaat0_.varhaiskasvatuksen_toimipaikka_tiedot_id as varhais31_5_,
        organisaat0_.virastotunnus as virasto22_5_,
        organisaat0_.yhteishaunkoulukoodi as yhteish23_5_,
        organisaat0_.yritysmuoto as yritysm24_5_,
        organisaat0_.ytj_kieli as ytj_kie25_5_,
        organisaat0_.ytjpaivityspvm as ytjpaiv26_5_,
        organisaat0_.ytunnus as ytunnus27_5_ 
    from
        organisaatio organisaat0_ 
    where
        organisaat0_.parentidpath like ? escape '!'
2020-06-10 18:12:09.436 TRACE 55751 --- [    Test worker] o.h.type.descriptor.sql.BasicBinder      : binding parameter [1] as [VARCHAR] - [%|4|]
2020-06-10 18:12:09.436 TRACE 55751 --- [    Test worker] o.h.type.descriptor.sql.BasicExtractor   : extracted value ([id1_5_] : [BIGINT]) - [6]
2020-06-10 18:12:09.436 TRACE 55751 --- [    Test worker] o.h.type.descriptor.sql.BasicExtractor   : extracted value ([id1_5_] : [BIGINT]) - [5]
Hibernate: 
    select
        organisaat0_.id as id1_5_,
        organisaat0_.version as version2_5_,
        organisaat0_.alkupvm as alkupvm3_5_,
        organisaat0_.domainnimi as domainni4_5_,
        organisaat0_.kotipaikka as kotipaik5_5_,
        organisaat0_.kuvaus_mkt as kuvaus_28_5_,
        organisaat0_.lakkautuspvm as lakkautu6_5_,
        organisaat0_.maa as maa7_5_,
        organisaat0_.metadata_id as metadat29_5_,
        organisaat0_.nimi_mkt as nimi_mk30_5_,
        organisaat0_.nimihaku as nimihaku8_5_,
        organisaat0_.oid as oid9_5_,
        organisaat0_.opetuspisteenjarjnro as opetusp10_5_,
        organisaat0_.oppilaitoskoodi as oppilai11_5_,
        organisaat0_.oppilaitos_tyyppi as oppilai12_5_,
        organisaat0_.organisaatio_poistettu as organis13_5_,
        organisaat0_.paivittaja as paivitt14_5_,
        organisaat0_.paivityspvm as paivity15_5_,
        organisaat0_.parentidpath as parenti16_5_,
        organisaat0_.parentoidpath as parento17_5_,
        organisaat0_.piilotettu as piilote18_5_,
        organisaat0_.tarkastus_pvm as tarkast19_5_,
        organisaat0_.toimipistekoodi as toimipi20_5_,
        organisaat0_.tuontipvm as tuontip21_5_,
        organisaat0_.varhaiskasvatuksen_toimipaikka_tiedot_id as varhais31_5_,
        organisaat0_.virastotunnus as virasto22_5_,
        organisaat0_.yhteishaunkoulukoodi as yhteish23_5_,
        organisaat0_.yritysmuoto as yritysm24_5_,
        organisaat0_.ytj_kieli as ytj_kie25_5_,
        organisaat0_.ytjpaivityspvm as ytjpaiv26_5_,
        organisaat0_.ytunnus as ytunnus27_5_ 
    from
        organisaatio organisaat0_ 
    where
        organisaat0_.oid=?
2020-06-10 18:12:09.437 TRACE 55751 --- [    Test worker] o.h.type.descriptor.sql.BasicBinder      : binding parameter [1] as [VARCHAR] - [1.2.2004.3]
2020-06-10 18:12:09.438 TRACE 55751 --- [    Test worker] o.h.type.descriptor.sql.BasicExtractor   : extracted value ([id1_5_] : [BIGINT]) - [4]
Hibernate: 
    update
        organisaatio 
    set
        version=?,
        alkupvm=?,
        domainnimi=?,
        kotipaikka=?,
        kuvaus_mkt=?,
        lakkautuspvm=?,
        maa=?,
        metadata_id=?,
        nimi_mkt=?,
        nimihaku=?,
        oid=?,
        opetuspisteenjarjnro=?,
        oppilaitoskoodi=?,
        oppilaitos_tyyppi=?,
        organisaatio_poistettu=?,
        paivittaja=?,
        paivityspvm=?,
        parentidpath=?,
        parentoidpath=?,
        piilotettu=?,
        tarkastus_pvm=?,
        toimipistekoodi=?,
        tuontipvm=?,
        varhaiskasvatuksen_toimipaikka_tiedot_id=?,
        virastotunnus=?,
        yhteishaunkoulukoodi=?,
        yritysmuoto=?,
        ytj_kieli=?,
        ytjpaivityspvm=?,
        ytunnus=? 
    where
        id=? 
        and version=?
2020-06-10 18:12:09.439 TRACE 55751 --- [    Test worker] o.h.type.descriptor.sql.BasicBinder      : binding parameter [1] as [BIGINT] - [3]
2020-06-10 18:12:09.439 TRACE 55751 --- [    Test worker] o.h.type.descriptor.sql.BasicBinder      : binding parameter [2] as [DATE] - [2010-08-29]
2020-06-10 18:12:09.439 TRACE 55751 --- [    Test worker] o.h.type.descriptor.sql.BasicBinder      : binding parameter [3] as [VARCHAR] - [null]
2020-06-10 18:12:09.439 TRACE 55751 --- [    Test worker] o.h.type.descriptor.sql.BasicBinder      : binding parameter [4] as [VARCHAR] - [Helsinki]
2020-06-10 18:12:09.439 TRACE 55751 --- [    Test worker] o.h.type.descriptor.sql.BasicBinder      : binding parameter [5] as [BIGINT] - [null]
2020-06-10 18:12:09.439 TRACE 55751 --- [    Test worker] o.h.type.descriptor.sql.BasicBinder      : binding parameter [6] as [DATE] - [null]
2020-06-10 18:12:09.439 TRACE 55751 --- [    Test worker] o.h.type.descriptor.sql.BasicBinder      : binding parameter [7] as [VARCHAR] - [null]
2020-06-10 18:12:09.439 TRACE 55751 --- [    Test worker] o.h.type.descriptor.sql.BasicBinder      : binding parameter [8] as [BIGINT] - [null]
2020-06-10 18:12:09.439 TRACE 55751 --- [    Test worker] o.h.type.descriptor.sql.BasicBinder      : binding parameter [9] as [BIGINT] - [6]
2020-06-10 18:12:09.439 TRACE 55751 --- [    Test worker] o.h.type.descriptor.sql.BasicBinder      : binding parameter [10] as [VARCHAR] - [node23 foo bar]
2020-06-10 18:12:09.439 TRACE 55751 --- [    Test worker] o.h.type.descriptor.sql.BasicBinder      : binding parameter [11] as [VARCHAR] - [1.2.2005.4]
2020-06-10 18:12:09.439 TRACE 55751 --- [    Test worker] o.h.type.descriptor.sql.BasicBinder      : binding parameter [12] as [VARCHAR] - [null]
2020-06-10 18:12:09.439 TRACE 55751 --- [    Test worker] o.h.type.descriptor.sql.BasicBinder      : binding parameter [13] as [VARCHAR] - [null]
2020-06-10 18:12:09.439 TRACE 55751 --- [    Test worker] o.h.type.descriptor.sql.BasicBinder      : binding parameter [14] as [VARCHAR] - [oppilaitostyyppi_42#1]
2020-06-10 18:12:09.439 TRACE 55751 --- [    Test worker] o.h.type.descriptor.sql.BasicBinder      : binding parameter [15] as [BOOLEAN] - [false]
2020-06-10 18:12:09.439 TRACE 55751 --- [    Test worker] o.h.type.descriptor.sql.BasicBinder      : binding parameter [16] as [VARCHAR] - [null]
2020-06-10 18:12:09.439 TRACE 55751 --- [    Test worker] o.h.type.descriptor.sql.BasicBinder      : binding parameter [17] as [TIMESTAMP] - [null]
2020-06-10 18:12:09.439 TRACE 55751 --- [    Test worker] o.h.type.descriptor.sql.BasicBinder      : binding parameter [18] as [VARCHAR] - [|1|7|4|]
2020-06-10 18:12:09.439 TRACE 55751 --- [    Test worker] o.h.type.descriptor.sql.BasicBinder      : binding parameter [19] as [VARCHAR] - [|1.2.246.562.24.00000000001|1.2.2004.5|1.2.2004.3|]
2020-06-10 18:12:09.439 TRACE 55751 --- [    Test worker] o.h.type.descriptor.sql.BasicBinder      : binding parameter [20] as [BOOLEAN] - [false]
2020-06-10 18:12:09.439 TRACE 55751 --- [    Test worker] o.h.type.descriptor.sql.BasicBinder      : binding parameter [21] as [TIMESTAMP] - [null]
2020-06-10 18:12:09.440 TRACE 55751 --- [    Test worker] o.h.type.descriptor.sql.BasicBinder      : binding parameter [22] as [VARCHAR] - [null]
2020-06-10 18:12:09.440 TRACE 55751 --- [    Test worker] o.h.type.descriptor.sql.BasicBinder      : binding parameter [23] as [TIMESTAMP] - [null]
2020-06-10 18:12:09.440 TRACE 55751 --- [    Test worker] o.h.type.descriptor.sql.BasicBinder      : binding parameter [24] as [BIGINT] - [null]
2020-06-10 18:12:09.440 TRACE 55751 --- [    Test worker] o.h.type.descriptor.sql.BasicBinder      : binding parameter [25] as [VARCHAR] - [null]
2020-06-10 18:12:09.440 TRACE 55751 --- [    Test worker] o.h.type.descriptor.sql.BasicBinder      : binding parameter [26] as [VARCHAR] - [null]
2020-06-10 18:12:09.440 TRACE 55751 --- [    Test worker] o.h.type.descriptor.sql.BasicBinder      : binding parameter [27] as [VARCHAR] - [oy]
2020-06-10 18:12:09.440 TRACE 55751 --- [    Test worker] o.h.type.descriptor.sql.BasicBinder      : binding parameter [28] as [VARCHAR] - [null]
2020-06-10 18:12:09.440 TRACE 55751 --- [    Test worker] o.h.type.descriptor.sql.BasicBinder      : binding parameter [29] as [DATE] - [null]
2020-06-10 18:12:09.440 TRACE 55751 --- [    Test worker] o.h.type.descriptor.sql.BasicBinder      : binding parameter [30] as [VARCHAR] - [1234568-4]
2020-06-10 18:12:09.440 TRACE 55751 --- [    Test worker] o.h.type.descriptor.sql.BasicBinder      : binding parameter [31] as [BIGINT] - [6]
2020-06-10 18:12:09.440 TRACE 55751 --- [    Test worker] o.h.type.descriptor.sql.BasicBinder      : binding parameter [32] as [BIGINT] - [2]
Hibernate: 
    select
        distinct organisaat0_.id as id1_5_,
        organisaat0_.version as version2_5_,
        organisaat0_.alkupvm as alkupvm3_5_,
        organisaat0_.domainnimi as domainni4_5_,
        organisaat0_.kotipaikka as kotipaik5_5_,
        organisaat0_.kuvaus_mkt as kuvaus_28_5_,
        organisaat0_.lakkautuspvm as lakkautu6_5_,
        organisaat0_.maa as maa7_5_,
        organisaat0_.metadata_id as metadat29_5_,
        organisaat0_.nimi_mkt as nimi_mk30_5_,
        organisaat0_.nimihaku as nimihaku8_5_,
        organisaat0_.oid as oid9_5_,
        organisaat0_.opetuspisteenjarjnro as opetusp10_5_,
        organisaat0_.oppilaitoskoodi as oppilai11_5_,
        organisaat0_.oppilaitos_tyyppi as oppilai12_5_,
        organisaat0_.organisaatio_poistettu as organis13_5_,
        organisaat0_.paivittaja as paivitt14_5_,
        organisaat0_.paivityspvm as paivity15_5_,
        organisaat0_.parentidpath as parenti16_5_,
        organisaat0_.parentoidpath as parento17_5_,
        organisaat0_.piilotettu as piilote18_5_,
        organisaat0_.tarkastus_pvm as tarkast19_5_,
        organisaat0_.toimipistekoodi as toimipi20_5_,
        organisaat0_.tuontipvm as tuontip21_5_,
        organisaat0_.varhaiskasvatuksen_toimipaikka_tiedot_id as varhais31_5_,
        organisaat0_.virastotunnus as virasto22_5_,
        organisaat0_.yhteishaunkoulukoodi as yhteish23_5_,
        organisaat0_.yritysmuoto as yritysm24_5_,
        organisaat0_.ytj_kieli as ytj_kie25_5_,
        organisaat0_.ytjpaivityspvm as ytjpaiv26_5_,
        organisaat0_.ytunnus as ytunnus27_5_ 
    from
        organisaatio organisaat0_ 
    where
        organisaat0_.parentidpath like ? escape '!'
2020-06-10 18:12:09.440 TRACE 55751 --- [    Test worker] o.h.type.descriptor.sql.BasicBinder      : binding parameter [1] as [VARCHAR] - [%|6|]
Hibernate: 
    select
        organisaat0_.id as id1_5_,
        organisaat0_.version as version2_5_,
        organisaat0_.alkupvm as alkupvm3_5_,
        organisaat0_.domainnimi as domainni4_5_,
        organisaat0_.kotipaikka as kotipaik5_5_,
        organisaat0_.kuvaus_mkt as kuvaus_28_5_,
        organisaat0_.lakkautuspvm as lakkautu6_5_,
        organisaat0_.maa as maa7_5_,
        organisaat0_.metadata_id as metadat29_5_,
        organisaat0_.nimi_mkt as nimi_mk30_5_,
        organisaat0_.nimihaku as nimihaku8_5_,
        organisaat0_.oid as oid9_5_,
        organisaat0_.opetuspisteenjarjnro as opetusp10_5_,
        organisaat0_.oppilaitoskoodi as oppilai11_5_,
        organisaat0_.oppilaitos_tyyppi as oppilai12_5_,
        organisaat0_.organisaatio_poistettu as organis13_5_,
        organisaat0_.paivittaja as paivitt14_5_,
        organisaat0_.paivityspvm as paivity15_5_,
        organisaat0_.parentidpath as parenti16_5_,
        organisaat0_.parentoidpath as parento17_5_,
        organisaat0_.piilotettu as piilote18_5_,
        organisaat0_.tarkastus_pvm as tarkast19_5_,
        organisaat0_.toimipistekoodi as toimipi20_5_,
        organisaat0_.tuontipvm as tuontip21_5_,
        organisaat0_.varhaiskasvatuksen_toimipaikka_tiedot_id as varhais31_5_,
        organisaat0_.virastotunnus as virasto22_5_,
        organisaat0_.yhteishaunkoulukoodi as yhteish23_5_,
        organisaat0_.yritysmuoto as yritysm24_5_,
        organisaat0_.ytj_kieli as ytj_kie25_5_,
        organisaat0_.ytjpaivityspvm as ytjpaiv26_5_,
        organisaat0_.ytunnus as ytunnus27_5_ 
    from
        organisaatio organisaat0_ 
    where
        organisaat0_.oid=?
2020-06-10 18:12:09.441 TRACE 55751 --- [    Test worker] o.h.type.descriptor.sql.BasicBinder      : binding parameter [1] as [VARCHAR] - [1.2.2004.3]
2020-06-10 18:12:09.442 TRACE 55751 --- [    Test worker] o.h.type.descriptor.sql.BasicExtractor   : extracted value ([id1_5_] : [BIGINT]) - [4]
Hibernate: 
    update
        organisaatio 
    set
        version=?,
        alkupvm=?,
        domainnimi=?,
        kotipaikka=?,
        kuvaus_mkt=?,
        lakkautuspvm=?,
        maa=?,
        metadata_id=?,
        nimi_mkt=?,
        nimihaku=?,
        oid=?,
        opetuspisteenjarjnro=?,
        oppilaitoskoodi=?,
        oppilaitos_tyyppi=?,
        organisaatio_poistettu=?,
        paivittaja=?,
        paivityspvm=?,
        parentidpath=?,
        parentoidpath=?,
        piilotettu=?,
        tarkastus_pvm=?,
        toimipistekoodi=?,
        tuontipvm=?,
        varhaiskasvatuksen_toimipaikka_tiedot_id=?,
        virastotunnus=?,
        yhteishaunkoulukoodi=?,
        yritysmuoto=?,
        ytj_kieli=?,
        ytjpaivityspvm=?,
        ytunnus=? 
    where
        id=? 
        and version=?
2020-06-10 18:12:09.443 TRACE 55751 --- [    Test worker] o.h.type.descriptor.sql.BasicBinder      : binding parameter [1] as [BIGINT] - [3]
2020-06-10 18:12:09.443 TRACE 55751 --- [    Test worker] o.h.type.descriptor.sql.BasicBinder      : binding parameter [2] as [DATE] - [null]
2020-06-10 18:12:09.443 TRACE 55751 --- [    Test worker] o.h.type.descriptor.sql.BasicBinder      : binding parameter [3] as [VARCHAR] - [null]
2020-06-10 18:12:09.443 TRACE 55751 --- [    Test worker] o.h.type.descriptor.sql.BasicBinder      : binding parameter [4] as [VARCHAR] - [Helsinki]
2020-06-10 18:12:09.443 TRACE 55751 --- [    Test worker] o.h.type.descriptor.sql.BasicBinder      : binding parameter [5] as [BIGINT] - [null]
2020-06-10 18:12:09.443 TRACE 55751 --- [    Test worker] o.h.type.descriptor.sql.BasicBinder      : binding parameter [6] as [DATE] - [null]
2020-06-10 18:12:09.443 TRACE 55751 --- [    Test worker] o.h.type.descriptor.sql.BasicBinder      : binding parameter [7] as [VARCHAR] - [null]
2020-06-10 18:12:09.443 TRACE 55751 --- [    Test worker] o.h.type.descriptor.sql.BasicBinder      : binding parameter [8] as [BIGINT] - [null]
2020-06-10 18:12:09.443 TRACE 55751 --- [    Test worker] o.h.type.descriptor.sql.BasicBinder      : binding parameter [9] as [BIGINT] - [5]
2020-06-10 18:12:09.443 TRACE 55751 --- [    Test worker] o.h.type.descriptor.sql.BasicBinder      : binding parameter [10] as [VARCHAR] - [node22 foo bar]
2020-06-10 18:12:09.443 TRACE 55751 --- [    Test worker] o.h.type.descriptor.sql.BasicBinder      : binding parameter [11] as [VARCHAR] - [1.2.2004.4]
2020-06-10 18:12:09.443 TRACE 55751 --- [    Test worker] o.h.type.descriptor.sql.BasicBinder      : binding parameter [12] as [VARCHAR] - [null]
2020-06-10 18:12:09.443 TRACE 55751 --- [    Test worker] o.h.type.descriptor.sql.BasicBinder      : binding parameter [13] as [VARCHAR] - [null]
2020-06-10 18:12:09.443 TRACE 55751 --- [    Test worker] o.h.type.descriptor.sql.BasicBinder      : binding parameter [14] as [VARCHAR] - [oppilaitostyyppi_42#1]
2020-06-10 18:12:09.443 TRACE 55751 --- [    Test worker] o.h.type.descriptor.sql.BasicBinder      : binding parameter [15] as [BOOLEAN] - [false]
2020-06-10 18:12:09.443 TRACE 55751 --- [    Test worker] o.h.type.descriptor.sql.BasicBinder      : binding parameter [16] as [VARCHAR] - [null]
2020-06-10 18:12:09.443 TRACE 55751 --- [    Test worker] o.h.type.descriptor.sql.BasicBinder      : binding parameter [17] as [TIMESTAMP] - [null]
2020-06-10 18:12:09.443 TRACE 55751 --- [    Test worker] o.h.type.descriptor.sql.BasicBinder      : binding parameter [18] as [VARCHAR] - [|1|7|4|]
2020-06-10 18:12:09.443 TRACE 55751 --- [    Test worker] o.h.type.descriptor.sql.BasicBinder      : binding parameter [19] as [VARCHAR] - [|1.2.246.562.24.00000000001|1.2.2004.5|1.2.2004.3|]
2020-06-10 18:12:09.443 TRACE 55751 --- [    Test worker] o.h.type.descriptor.sql.BasicBinder      : binding parameter [20] as [BOOLEAN] - [false]
2020-06-10 18:12:09.443 TRACE 55751 --- [    Test worker] o.h.type.descriptor.sql.BasicBinder      : binding parameter [21] as [TIMESTAMP] - [null]
2020-06-10 18:12:09.443 TRACE 55751 --- [    Test worker] o.h.type.descriptor.sql.BasicBinder      : binding parameter [22] as [VARCHAR] - [null]
2020-06-10 18:12:09.443 TRACE 55751 --- [    Test worker] o.h.type.descriptor.sql.BasicBinder      : binding parameter [23] as [TIMESTAMP] - [null]
2020-06-10 18:12:09.443 TRACE 55751 --- [    Test worker] o.h.type.descriptor.sql.BasicBinder      : binding parameter [24] as [BIGINT] - [null]
2020-06-10 18:12:09.443 TRACE 55751 --- [    Test worker] o.h.type.descriptor.sql.BasicBinder      : binding parameter [25] as [VARCHAR] - [null]
2020-06-10 18:12:09.443 TRACE 55751 --- [    Test worker] o.h.type.descriptor.sql.BasicBinder      : binding parameter [26] as [VARCHAR] - [null]
2020-06-10 18:12:09.443 TRACE 55751 --- [    Test worker] o.h.type.descriptor.sql.BasicBinder      : binding parameter [27] as [VARCHAR] - [oy]
2020-06-10 18:12:09.443 TRACE 55751 --- [    Test worker] o.h.type.descriptor.sql.BasicBinder      : binding parameter [28] as [VARCHAR] - [null]
2020-06-10 18:12:09.443 TRACE 55751 --- [    Test worker] o.h.type.descriptor.sql.BasicBinder      : binding parameter [29] as [DATE] - [null]
2020-06-10 18:12:09.443 TRACE 55751 --- [    Test worker] o.h.type.descriptor.sql.BasicBinder      : binding parameter [30] as [VARCHAR] - [1234567-4]
2020-06-10 18:12:09.443 TRACE 55751 --- [    Test worker] o.h.type.descriptor.sql.BasicBinder      : binding parameter [31] as [BIGINT] - [5]
2020-06-10 18:12:09.443 TRACE 55751 --- [    Test worker] o.h.type.descriptor.sql.BasicBinder      : binding parameter [32] as [BIGINT] - [2]
Hibernate: 
    select
        distinct organisaat0_.id as id1_5_,
        organisaat0_.version as version2_5_,
        organisaat0_.alkupvm as alkupvm3_5_,
        organisaat0_.domainnimi as domainni4_5_,
        organisaat0_.kotipaikka as kotipaik5_5_,
        organisaat0_.kuvaus_mkt as kuvaus_28_5_,
        organisaat0_.lakkautuspvm as lakkautu6_5_,
        organisaat0_.maa as maa7_5_,
        organisaat0_.metadata_id as metadat29_5_,
        organisaat0_.nimi_mkt as nimi_mk30_5_,
        organisaat0_.nimihaku as nimihaku8_5_,
        organisaat0_.oid as oid9_5_,
        organisaat0_.opetuspisteenjarjnro as opetusp10_5_,
        organisaat0_.oppilaitoskoodi as oppilai11_5_,
        organisaat0_.oppilaitos_tyyppi as oppilai12_5_,
        organisaat0_.organisaatio_poistettu as organis13_5_,
        organisaat0_.paivittaja as paivitt14_5_,
        organisaat0_.paivityspvm as paivity15_5_,
        organisaat0_.parentidpath as parenti16_5_,
        organisaat0_.parentoidpath as parento17_5_,
        organisaat0_.piilotettu as piilote18_5_,
        organisaat0_.tarkastus_pvm as tarkast19_5_,
        organisaat0_.toimipistekoodi as toimipi20_5_,
        organisaat0_.tuontipvm as tuontip21_5_,
        organisaat0_.varhaiskasvatuksen_toimipaikka_tiedot_id as varhais31_5_,
        organisaat0_.virastotunnus as virasto22_5_,
        organisaat0_.yhteishaunkoulukoodi as yhteish23_5_,
        organisaat0_.yritysmuoto as yritysm24_5_,
        organisaat0_.ytj_kieli as ytj_kie25_5_,
        organisaat0_.ytjpaivityspvm as ytjpaiv26_5_,
        organisaat0_.ytunnus as ytunnus27_5_ 
    from
        organisaatio organisaat0_ 
    where
        organisaat0_.parentidpath like ? escape '!'
2020-06-10 18:12:09.444 TRACE 55751 --- [    Test worker] o.h.type.descriptor.sql.BasicBinder      : binding parameter [1] as [VARCHAR] - [%|5|]
2020-06-10 18:12:09.444 TRACE 55751 --- [    Test worker] o.h.type.descriptor.sql.BasicExtractor   : extracted value ([id1_5_] : [BIGINT]) - [9]
2020-06-10 18:12:09.444 TRACE 55751 --- [    Test worker] o.h.type.descriptor.sql.BasicExtractor   : extracted value ([version2_5_] : [BIGINT]) - [2]
2020-06-10 18:12:09.444 TRACE 55751 --- [    Test worker] o.h.type.descriptor.sql.BasicExtractor   : extracted value ([alkupvm3_5_] : [DATE]) - [1960-02-16]
2020-06-10 18:12:09.444 TRACE 55751 --- [    Test worker] o.h.type.descriptor.sql.BasicExtractor   : extracted value ([domainni4_5_] : [VARCHAR]) - [null]
2020-06-10 18:12:09.444 TRACE 55751 --- [    Test worker] o.h.type.descriptor.sql.BasicExtractor   : extracted value ([kotipaik5_5_] : [VARCHAR]) - [Helsinki]
2020-06-10 18:12:09.444 TRACE 55751 --- [    Test worker] o.h.type.descriptor.sql.BasicExtractor   : extracted value ([kuvaus_28_5_] : [BIGINT]) - [null]
2020-06-10 18:12:09.444 TRACE 55751 --- [    Test worker] o.h.type.descriptor.sql.BasicExtractor   : extracted value ([lakkautu6_5_] : [DATE]) - [null]
2020-06-10 18:12:09.444 TRACE 55751 --- [    Test worker] o.h.type.descriptor.sql.BasicExtractor   : extracted value ([maa7_5_] : [VARCHAR]) - [null]
2020-06-10 18:12:09.444 TRACE 55751 --- [    Test worker] o.h.type.descriptor.sql.BasicExtractor   : extracted value ([metadat29_5_] : [BIGINT]) - [null]
2020-06-10 18:12:09.444 TRACE 55751 --- [    Test worker] o.h.type.descriptor.sql.BasicExtractor   : extracted value ([nimi_mk30_5_] : [BIGINT]) - [9]
2020-06-10 18:12:09.444 TRACE 55751 --- [    Test worker] o.h.type.descriptor.sql.BasicExtractor   : extracted value ([nimihaku8_5_] : [VARCHAR]) - [node231 foo bar]
2020-06-10 18:12:09.444 TRACE 55751 --- [    Test worker] o.h.type.descriptor.sql.BasicExtractor   : extracted value ([oid9_5_] : [VARCHAR]) - [1.2.2005.5]
2020-06-10 18:12:09.444 TRACE 55751 --- [    Test worker] o.h.type.descriptor.sql.BasicExtractor   : extracted value ([opetusp10_5_] : [VARCHAR]) - [null]
2020-06-10 18:12:09.444 TRACE 55751 --- [    Test worker] o.h.type.descriptor.sql.BasicExtractor   : extracted value ([oppilai11_5_] : [VARCHAR]) - [null]
2020-06-10 18:12:09.444 TRACE 55751 --- [    Test worker] o.h.type.descriptor.sql.BasicExtractor   : extracted value ([oppilai12_5_] : [VARCHAR]) - [oppilaitostyyppi_42#1]
2020-06-10 18:12:09.445 TRACE 55751 --- [    Test worker] o.h.type.descriptor.sql.BasicExtractor   : extracted value ([organis13_5_] : [BOOLEAN]) - [false]
2020-06-10 18:12:09.445 TRACE 55751 --- [    Test worker] o.h.type.descriptor.sql.BasicExtractor   : extracted value ([paivitt14_5_] : [VARCHAR]) - [null]
2020-06-10 18:12:09.445 TRACE 55751 --- [    Test worker] o.h.type.descriptor.sql.BasicExtractor   : extracted value ([paivity15_5_] : [TIMESTAMP]) - [null]
2020-06-10 18:12:09.445 TRACE 55751 --- [    Test worker] o.h.type.descriptor.sql.BasicExtractor   : extracted value ([parenti16_5_] : [VARCHAR]) - [|1|2|4|5|]
2020-06-10 18:12:09.445 TRACE 55751 --- [    Test worker] o.h.type.descriptor.sql.BasicExtractor   : extracted value ([parento17_5_] : [VARCHAR]) - [|1.2.246.562.24.00000000001|1.2.2004.1|1.2.2004.3|1.2.2004.4|]
2020-06-10 18:12:09.445 TRACE 55751 --- [    Test worker] o.h.type.descriptor.sql.BasicExtractor   : extracted value ([piilote18_5_] : [BOOLEAN]) - [false]
2020-06-10 18:12:09.445 TRACE 55751 --- [    Test worker] o.h.type.descriptor.sql.BasicExtractor   : extracted value ([tarkast19_5_] : [TIMESTAMP]) - [null]
2020-06-10 18:12:09.445 TRACE 55751 --- [    Test worker] o.h.type.descriptor.sql.BasicExtractor   : extracted value ([toimipi20_5_] : [VARCHAR]) - [null]
2020-06-10 18:12:09.445 TRACE 55751 --- [    Test worker] o.h.type.descriptor.sql.BasicExtractor   : extracted value ([tuontip21_5_] : [TIMESTAMP]) - [null]
2020-06-10 18:12:09.445 TRACE 55751 --- [    Test worker] o.h.type.descriptor.sql.BasicExtractor   : extracted value ([varhais31_5_] : [BIGINT]) - [null]
2020-06-10 18:12:09.445 TRACE 55751 --- [    Test worker] o.h.type.descriptor.sql.BasicExtractor   : extracted value ([virasto22_5_] : [VARCHAR]) - [null]
2020-06-10 18:12:09.445 TRACE 55751 --- [    Test worker] o.h.type.descriptor.sql.BasicExtractor   : extracted value ([yhteish23_5_] : [VARCHAR]) - [null]
2020-06-10 18:12:09.445 TRACE 55751 --- [    Test worker] o.h.type.descriptor.sql.BasicExtractor   : extracted value ([yritysm24_5_] : [VARCHAR]) - [oy]
2020-06-10 18:12:09.445 TRACE 55751 --- [    Test worker] o.h.type.descriptor.sql.BasicExtractor   : extracted value ([ytj_kie25_5_] : [VARCHAR]) - [null]
2020-06-10 18:12:09.445 TRACE 55751 --- [    Test worker] o.h.type.descriptor.sql.BasicExtractor   : extracted value ([ytjpaiv26_5_] : [DATE]) - [null]
2020-06-10 18:12:09.445 TRACE 55751 --- [    Test worker] o.h.type.descriptor.sql.BasicExtractor   : extracted value ([ytunnus27_5_] : [VARCHAR]) - [1730639-9]
2020-06-10 18:12:09.445 TRACE 55751 --- [    Test worker] org.hibernate.type.CollectionType        : Created collection wrapper: [fi.vm.sade.organisaatio.model.Organisaatio.childSuhteet#9]
2020-06-10 18:12:09.445 TRACE 55751 --- [    Test worker] org.hibernate.type.CollectionType        : Created collection wrapper: [fi.vm.sade.organisaatio.model.Organisaatio.kayttoryhmat#9]
2020-06-10 18:12:09.445 TRACE 55751 --- [    Test worker] org.hibernate.type.CollectionType        : Created collection wrapper: [fi.vm.sade.organisaatio.model.Organisaatio.kielet#9]
2020-06-10 18:12:09.445 TRACE 55751 --- [    Test worker] org.hibernate.type.CollectionType        : Created collection wrapper: [fi.vm.sade.organisaatio.model.Organisaatio.muutKotipaikatUris#9]
2020-06-10 18:12:09.445 TRACE 55751 --- [    Test worker] org.hibernate.type.CollectionType        : Created collection wrapper: [fi.vm.sade.organisaatio.model.Organisaatio.muutOppilaitosTyyppiUris#9]
2020-06-10 18:12:09.445 TRACE 55751 --- [    Test worker] org.hibernate.type.CollectionType        : Created collection wrapper: [fi.vm.sade.organisaatio.model.Organisaatio.nimet#9]
2020-06-10 18:12:09.445 TRACE 55751 --- [    Test worker] org.hibernate.type.CollectionType        : Created collection wrapper: [fi.vm.sade.organisaatio.model.Organisaatio.organisaatioLisatietotyypit#9]
2020-06-10 18:12:09.445 TRACE 55751 --- [    Test worker] org.hibernate.type.CollectionType        : Created collection wrapper: [fi.vm.sade.organisaatio.model.Organisaatio.parentSuhteet#9]
2020-06-10 18:12:09.445 TRACE 55751 --- [    Test worker] org.hibernate.type.CollectionType        : Created collection wrapper: [fi.vm.sade.organisaatio.model.Organisaatio.ryhmatyypit#9]
2020-06-10 18:12:09.445 TRACE 55751 --- [    Test worker] org.hibernate.type.CollectionType        : Created collection wrapper: [fi.vm.sade.organisaatio.model.Organisaatio.tyypit#9]
2020-06-10 18:12:09.445 TRACE 55751 --- [    Test worker] org.hibernate.type.CollectionType        : Created collection wrapper: [fi.vm.sade.organisaatio.model.Organisaatio.vuosiluokat#9]
2020-06-10 18:12:09.445 TRACE 55751 --- [    Test worker] org.hibernate.type.CollectionType        : Created collection wrapper: [fi.vm.sade.organisaatio.model.Organisaatio.yhteystiedot#9]
2020-06-10 18:12:09.445 TRACE 55751 --- [    Test worker] org.hibernate.type.CollectionType        : Created collection wrapper: [fi.vm.sade.organisaatio.model.Organisaatio.yhteystietoArvos#9]
Hibernate: 
    select
        organisaat0_.id as id1_5_,
        organisaat0_.version as version2_5_,
        organisaat0_.alkupvm as alkupvm3_5_,
        organisaat0_.domainnimi as domainni4_5_,
        organisaat0_.kotipaikka as kotipaik5_5_,
        organisaat0_.kuvaus_mkt as kuvaus_28_5_,
        organisaat0_.lakkautuspvm as lakkautu6_5_,
        organisaat0_.maa as maa7_5_,
        organisaat0_.metadata_id as metadat29_5_,
        organisaat0_.nimi_mkt as nimi_mk30_5_,
        organisaat0_.nimihaku as nimihaku8_5_,
        organisaat0_.oid as oid9_5_,
        organisaat0_.opetuspisteenjarjnro as opetusp10_5_,
        organisaat0_.oppilaitoskoodi as oppilai11_5_,
        organisaat0_.oppilaitos_tyyppi as oppilai12_5_,
        organisaat0_.organisaatio_poistettu as organis13_5_,
        organisaat0_.paivittaja as paivitt14_5_,
        organisaat0_.paivityspvm as paivity15_5_,
        organisaat0_.parentidpath as parenti16_5_,
        organisaat0_.parentoidpath as parento17_5_,
        organisaat0_.piilotettu as piilote18_5_,
        organisaat0_.tarkastus_pvm as tarkast19_5_,
        organisaat0_.toimipistekoodi as toimipi20_5_,
        organisaat0_.tuontipvm as tuontip21_5_,
        organisaat0_.varhaiskasvatuksen_toimipaikka_tiedot_id as varhais31_5_,
        organisaat0_.virastotunnus as virasto22_5_,
        organisaat0_.yhteishaunkoulukoodi as yhteish23_5_,
        organisaat0_.yritysmuoto as yritysm24_5_,
        organisaat0_.ytj_kieli as ytj_kie25_5_,
        organisaat0_.ytjpaivityspvm as ytjpaiv26_5_,
        organisaat0_.ytunnus as ytunnus27_5_ 
    from
        organisaatio organisaat0_ 
    where
        organisaat0_.oid=?
2020-06-10 18:12:09.446 TRACE 55751 --- [    Test worker] o.h.type.descriptor.sql.BasicBinder      : binding parameter [1] as [VARCHAR] - [1.2.2004.4]
2020-06-10 18:12:09.446 TRACE 55751 --- [    Test worker] o.h.type.descriptor.sql.BasicExtractor   : extracted value ([id1_5_] : [BIGINT]) - [5]
Hibernate: 
    select
        parentsuht0_.child_id as child_id7_19_0_,
        parentsuht0_.id as id1_19_0_,
        parentsuht0_.id as id1_19_1_,
        parentsuht0_.version as version2_19_1_,
        parentsuht0_.alkupvm as alkupvm3_19_1_,
        parentsuht0_.child_id as child_id7_19_1_,
        parentsuht0_.loppupvm as loppupvm4_19_1_,
        parentsuht0_.opetuspisteenjarjnro as opetuspi5_19_1_,
        parentsuht0_.parent_id as parent_i8_19_1_,
        parentsuht0_.suhdetyyppi as suhdetyy6_19_1_ 
    from
        organisaatiosuhde parentsuht0_ 
    where
        parentsuht0_.child_id=? 
    order by
        parentsuht0_.alkupvm
2020-06-10 18:12:09.447 TRACE 55751 --- [    Test worker] o.h.type.descriptor.sql.BasicBinder      : binding parameter [1] as [BIGINT] - [5]
2020-06-10 18:12:09.447 TRACE 55751 --- [    Test worker] o.h.type.descriptor.sql.BasicExtractor   : extracted value ([id1_19_1_] : [BIGINT]) - [4]
2020-06-10 18:12:09.447 TRACE 55751 --- [    Test worker] o.h.type.descriptor.sql.BasicExtractor   : extracted value ([version2_19_1_] : [BIGINT]) - [0]
2020-06-10 18:12:09.447 TRACE 55751 --- [    Test worker] o.h.type.descriptor.sql.BasicExtractor   : extracted value ([alkupvm3_19_1_] : [DATE]) - [2014-12-02]
2020-06-10 18:12:09.447 TRACE 55751 --- [    Test worker] o.h.type.descriptor.sql.BasicExtractor   : extracted value ([child_id7_19_1_] : [BIGINT]) - [5]
2020-06-10 18:12:09.447 TRACE 55751 --- [    Test worker] o.h.type.descriptor.sql.BasicExtractor   : extracted value ([loppupvm4_19_1_] : [DATE]) - [null]
2020-06-10 18:12:09.447 TRACE 55751 --- [    Test worker] o.h.type.descriptor.sql.BasicExtractor   : extracted value ([opetuspi5_19_1_] : [VARCHAR]) - [null]
2020-06-10 18:12:09.447 TRACE 55751 --- [    Test worker] o.h.type.descriptor.sql.BasicExtractor   : extracted value ([parent_i8_19_1_] : [BIGINT]) - [4]
2020-06-10 18:12:09.447 TRACE 55751 --- [    Test worker] o.h.type.descriptor.sql.BasicExtractor   : extracted value ([suhdetyy6_19_1_] : [VARCHAR]) - [HISTORIA]
2020-06-10 18:12:09.447 TRACE 55751 --- [    Test worker] o.h.type.descriptor.sql.BasicExtractor   : extracted value ([child_id7_19_0_] : [BIGINT]) - [5]
2020-06-10 18:12:09.447 TRACE 55751 --- [    Test worker] o.h.type.descriptor.sql.BasicExtractor   : extracted value ([id1_19_0_] : [BIGINT]) - [4]
Hibernate: 
    update
        organisaatio 
    set
        version=?,
        alkupvm=?,
        domainnimi=?,
        kotipaikka=?,
        kuvaus_mkt=?,
        lakkautuspvm=?,
        maa=?,
        metadata_id=?,
        nimi_mkt=?,
        nimihaku=?,
        oid=?,
        opetuspisteenjarjnro=?,
        oppilaitoskoodi=?,
        oppilaitos_tyyppi=?,
        organisaatio_poistettu=?,
        paivittaja=?,
        paivityspvm=?,
        parentidpath=?,
        parentoidpath=?,
        piilotettu=?,
        tarkastus_pvm=?,
        toimipistekoodi=?,
        tuontipvm=?,
        varhaiskasvatuksen_toimipaikka_tiedot_id=?,
        virastotunnus=?,
        yhteishaunkoulukoodi=?,
        yritysmuoto=?,
        ytj_kieli=?,
        ytjpaivityspvm=?,
        ytunnus=? 
    where
        id=? 
        and version=?
2020-06-10 18:12:09.449 TRACE 55751 --- [    Test worker] o.h.type.descriptor.sql.BasicBinder      : binding parameter [1] as [BIGINT] - [3]
2020-06-10 18:12:09.449 TRACE 55751 --- [    Test worker] o.h.type.descriptor.sql.BasicBinder      : binding parameter [2] as [DATE] - [1960-02-16]
2020-06-10 18:12:09.449 TRACE 55751 --- [    Test worker] o.h.type.descriptor.sql.BasicBinder      : binding parameter [3] as [VARCHAR] - [null]
2020-06-10 18:12:09.449 TRACE 55751 --- [    Test worker] o.h.type.descriptor.sql.BasicBinder      : binding parameter [4] as [VARCHAR] - [Helsinki]
2020-06-10 18:12:09.449 TRACE 55751 --- [    Test worker] o.h.type.descriptor.sql.BasicBinder      : binding parameter [5] as [BIGINT] - [null]
2020-06-10 18:12:09.449 TRACE 55751 --- [    Test worker] o.h.type.descriptor.sql.BasicBinder      : binding parameter [6] as [DATE] - [null]
2020-06-10 18:12:09.449 TRACE 55751 --- [    Test worker] o.h.type.descriptor.sql.BasicBinder      : binding parameter [7] as [VARCHAR] - [null]
2020-06-10 18:12:09.449 TRACE 55751 --- [    Test worker] o.h.type.descriptor.sql.BasicBinder      : binding parameter [8] as [BIGINT] - [null]
2020-06-10 18:12:09.449 TRACE 55751 --- [    Test worker] o.h.type.descriptor.sql.BasicBinder      : binding parameter [9] as [BIGINT] - [9]
2020-06-10 18:12:09.449 TRACE 55751 --- [    Test worker] o.h.type.descriptor.sql.BasicBinder      : binding parameter [10] as [VARCHAR] - [node231 foo bar]
2020-06-10 18:12:09.449 TRACE 55751 --- [    Test worker] o.h.type.descriptor.sql.BasicBinder      : binding parameter [11] as [VARCHAR] - [1.2.2005.5]
2020-06-10 18:12:09.449 TRACE 55751 --- [    Test worker] o.h.type.descriptor.sql.BasicBinder      : binding parameter [12] as [VARCHAR] - [null]
2020-06-10 18:12:09.449 TRACE 55751 --- [    Test worker] o.h.type.descriptor.sql.BasicBinder      : binding parameter [13] as [VARCHAR] - [null]
2020-06-10 18:12:09.449 TRACE 55751 --- [    Test worker] o.h.type.descriptor.sql.BasicBinder      : binding parameter [14] as [VARCHAR] - [oppilaitostyyppi_42#1]
2020-06-10 18:12:09.449 TRACE 55751 --- [    Test worker] o.h.type.descriptor.sql.BasicBinder      : binding parameter [15] as [BOOLEAN] - [false]
2020-06-10 18:12:09.449 TRACE 55751 --- [    Test worker] o.h.type.descriptor.sql.BasicBinder      : binding parameter [16] as [VARCHAR] - [null]
2020-06-10 18:12:09.449 TRACE 55751 --- [    Test worker] o.h.type.descriptor.sql.BasicBinder      : binding parameter [17] as [TIMESTAMP] - [null]
2020-06-10 18:12:09.449 TRACE 55751 --- [    Test worker] o.h.type.descriptor.sql.BasicBinder      : binding parameter [18] as [VARCHAR] - [|1|7|4|5|]
2020-06-10 18:12:09.449 TRACE 55751 --- [    Test worker] o.h.type.descriptor.sql.BasicBinder      : binding parameter [19] as [VARCHAR] - [|1.2.246.562.24.00000000001|1.2.2004.5|1.2.2004.3|1.2.2004.4|]
2020-06-10 18:12:09.449 TRACE 55751 --- [    Test worker] o.h.type.descriptor.sql.BasicBinder      : binding parameter [20] as [BOOLEAN] - [false]
2020-06-10 18:12:09.449 TRACE 55751 --- [    Test worker] o.h.type.descriptor.sql.BasicBinder      : binding parameter [21] as [TIMESTAMP] - [null]
2020-06-10 18:12:09.449 TRACE 55751 --- [    Test worker] o.h.type.descriptor.sql.BasicBinder      : binding parameter [22] as [VARCHAR] - [null]
2020-06-10 18:12:09.449 TRACE 55751 --- [    Test worker] o.h.type.descriptor.sql.BasicBinder      : binding parameter [23] as [TIMESTAMP] - [null]
2020-06-10 18:12:09.449 TRACE 55751 --- [    Test worker] o.h.type.descriptor.sql.BasicBinder      : binding parameter [24] as [BIGINT] - [null]
2020-06-10 18:12:09.449 TRACE 55751 --- [    Test worker] o.h.type.descriptor.sql.BasicBinder      : binding parameter [25] as [VARCHAR] - [null]
2020-06-10 18:12:09.449 TRACE 55751 --- [    Test worker] o.h.type.descriptor.sql.BasicBinder      : binding parameter [26] as [VARCHAR] - [null]
2020-06-10 18:12:09.449 TRACE 55751 --- [    Test worker] o.h.type.descriptor.sql.BasicBinder      : binding parameter [27] as [VARCHAR] - [oy]
2020-06-10 18:12:09.449 TRACE 55751 --- [    Test worker] o.h.type.descriptor.sql.BasicBinder      : binding parameter [28] as [VARCHAR] - [null]
2020-06-10 18:12:09.449 TRACE 55751 --- [    Test worker] o.h.type.descriptor.sql.BasicBinder      : binding parameter [29] as [DATE] - [null]
2020-06-10 18:12:09.449 TRACE 55751 --- [    Test worker] o.h.type.descriptor.sql.BasicBinder      : binding parameter [30] as [VARCHAR] - [1730639-9]
2020-06-10 18:12:09.449 TRACE 55751 --- [    Test worker] o.h.type.descriptor.sql.BasicBinder      : binding parameter [31] as [BIGINT] - [9]
2020-06-10 18:12:09.449 TRACE 55751 --- [    Test worker] o.h.type.descriptor.sql.BasicBinder      : binding parameter [32] as [BIGINT] - [2]
Hibernate: 
    select
        distinct organisaat0_.id as id1_5_,
        organisaat0_.version as version2_5_,
        organisaat0_.alkupvm as alkupvm3_5_,
        organisaat0_.domainnimi as domainni4_5_,
        organisaat0_.kotipaikka as kotipaik5_5_,
        organisaat0_.kuvaus_mkt as kuvaus_28_5_,
        organisaat0_.lakkautuspvm as lakkautu6_5_,
        organisaat0_.maa as maa7_5_,
        organisaat0_.metadata_id as metadat29_5_,
        organisaat0_.nimi_mkt as nimi_mk30_5_,
        organisaat0_.nimihaku as nimihaku8_5_,
        organisaat0_.oid as oid9_5_,
        organisaat0_.opetuspisteenjarjnro as opetusp10_5_,
        organisaat0_.oppilaitoskoodi as oppilai11_5_,
        organisaat0_.oppilaitos_tyyppi as oppilai12_5_,
        organisaat0_.organisaatio_poistettu as organis13_5_,
        organisaat0_.paivittaja as paivitt14_5_,
        organisaat0_.paivityspvm as paivity15_5_,
        organisaat0_.parentidpath as parenti16_5_,
        organisaat0_.parentoidpath as parento17_5_,
        organisaat0_.piilotettu as piilote18_5_,
        organisaat0_.tarkastus_pvm as tarkast19_5_,
        organisaat0_.toimipistekoodi as toimipi20_5_,
        organisaat0_.tuontipvm as tuontip21_5_,
        organisaat0_.varhaiskasvatuksen_toimipaikka_tiedot_id as varhais31_5_,
        organisaat0_.virastotunnus as virasto22_5_,
        organisaat0_.yhteishaunkoulukoodi as yhteish23_5_,
        organisaat0_.yritysmuoto as yritysm24_5_,
        organisaat0_.ytj_kieli as ytj_kie25_5_,
        organisaat0_.ytjpaivityspvm as ytjpaiv26_5_,
        organisaat0_.ytunnus as ytunnus27_5_ 
    from
        organisaatio organisaat0_ 
    where
        organisaat0_.parentidpath like ? escape '!'
2020-06-10 18:12:09.450 TRACE 55751 --- [    Test worker] o.h.type.descriptor.sql.BasicBinder      : binding parameter [1] as [VARCHAR] - [%|9|]
Hibernate: 
    select
        nimet0_.organisaatio_id as organisa6_11_2_,
        nimet0_.id as id1_11_2_,
        nimet0_.id as id1_11_1_,
        nimet0_.version as version2_11_1_,
        nimet0_.alkupvm as alkupvm3_11_1_,
        nimet0_.nimi_mkt as nimi_mkt5_11_1_,
        nimet0_.organisaatio_id as organisa6_11_1_,
        nimet0_.paivittaja as paivitta4_11_1_,
        monikielin1_.id as id1_2_0_,
        monikielin1_.version as version2_2_0_ 
    from
        organisaatio_nimi nimet0_ 
    left outer join
        monikielinen_teksti monikielin1_ 
            on nimet0_.nimi_mkt=monikielin1_.id 
    where
        nimet0_.organisaatio_id=? 
    order by
        nimet0_.alkupvm
2020-06-10 18:12:09.451 TRACE 55751 --- [    Test worker] o.h.type.descriptor.sql.BasicBinder      : binding parameter [1] as [BIGINT] - [4]
2020-06-10 18:12:09.451 TRACE 55751 --- [    Test worker] o.h.type.descriptor.sql.BasicExtractor   : extracted value ([id1_2_0_] : [BIGINT]) - [4]
2020-06-10 18:12:09.451 TRACE 55751 --- [    Test worker] o.h.type.descriptor.sql.BasicExtractor   : extracted value ([id1_11_1_] : [BIGINT]) - [4]
2020-06-10 18:12:09.451 TRACE 55751 --- [    Test worker] o.h.type.descriptor.sql.BasicExtractor   : extracted value ([version2_11_1_] : [BIGINT]) - [0]
2020-06-10 18:12:09.451 TRACE 55751 --- [    Test worker] o.h.type.descriptor.sql.BasicExtractor   : extracted value ([alkupvm3_11_1_] : [DATE]) - [1970-01-01]
2020-06-10 18:12:09.451 TRACE 55751 --- [    Test worker] o.h.type.descriptor.sql.BasicExtractor   : extracted value ([nimi_mkt5_11_1_] : [BIGINT]) - [4]
2020-06-10 18:12:09.451 TRACE 55751 --- [    Test worker] o.h.type.descriptor.sql.BasicExtractor   : extracted value ([organisa6_11_1_] : [BIGINT]) - [4]
2020-06-10 18:12:09.451 TRACE 55751 --- [    Test worker] o.h.type.descriptor.sql.BasicExtractor   : extracted value ([paivitta4_11_1_] : [VARCHAR]) - [null]
2020-06-10 18:12:09.451 TRACE 55751 --- [    Test worker] o.h.type.descriptor.sql.BasicExtractor   : extracted value ([organisa6_11_2_] : [BIGINT]) - [4]
2020-06-10 18:12:09.451 TRACE 55751 --- [    Test worker] o.h.type.descriptor.sql.BasicExtractor   : extracted value ([id1_11_2_] : [BIGINT]) - [4]
2020-06-10 18:12:09.451 TRACE 55751 --- [    Test worker] o.h.type.descriptor.sql.BasicExtractor   : extracted value ([id1_2_0_] : [BIGINT]) - [1007]
2020-06-10 18:12:09.451 TRACE 55751 --- [    Test worker] o.h.type.descriptor.sql.BasicExtractor   : extracted value ([id1_11_1_] : [BIGINT]) - [10]
2020-06-10 18:12:09.451 TRACE 55751 --- [    Test worker] o.h.type.descriptor.sql.BasicExtractor   : extracted value ([organisa6_11_2_] : [BIGINT]) - [4]
2020-06-10 18:12:09.451 TRACE 55751 --- [    Test worker] o.h.type.descriptor.sql.BasicExtractor   : extracted value ([id1_11_2_] : [BIGINT]) - [10]
2020-06-10 18:12:09.454  INFO 55751 --- [    Test worker] f.v.s.o.r.OrganisaatioResourceTest       : Path: |1.2.246.562.24.00000000001|1.2.2004.5|
Hibernate: 
    select
        organisaat0_.id as id1_5_,
        organisaat0_.version as version2_5_,
        organisaat0_.alkupvm as alkupvm3_5_,
        organisaat0_.domainnimi as domainni4_5_,
        organisaat0_.kotipaikka as kotipaik5_5_,
        organisaat0_.kuvaus_mkt as kuvaus_28_5_,
        organisaat0_.lakkautuspvm as lakkautu6_5_,
        organisaat0_.maa as maa7_5_,
        organisaat0_.metadata_id as metadat29_5_,
        organisaat0_.nimi_mkt as nimi_mk30_5_,
        organisaat0_.nimihaku as nimihaku8_5_,
        organisaat0_.oid as oid9_5_,
        organisaat0_.opetuspisteenjarjnro as opetusp10_5_,
        organisaat0_.oppilaitoskoodi as oppilai11_5_,
        organisaat0_.oppilaitos_tyyppi as oppilai12_5_,
        organisaat0_.organisaatio_poistettu as organis13_5_,
        organisaat0_.paivittaja as paivitt14_5_,
        organisaat0_.paivityspvm as paivity15_5_,
        organisaat0_.parentidpath as parenti16_5_,
        organisaat0_.parentoidpath as parento17_5_,
        organisaat0_.piilotettu as piilote18_5_,
        organisaat0_.tarkastus_pvm as tarkast19_5_,
        organisaat0_.toimipistekoodi as toimipi20_5_,
        organisaat0_.tuontipvm as tuontip21_5_,
        organisaat0_.varhaiskasvatuksen_toimipaikka_tiedot_id as varhais31_5_,
        organisaat0_.virastotunnus as virasto22_5_,
        organisaat0_.yhteishaunkoulukoodi as yhteish23_5_,
        organisaat0_.yritysmuoto as yritysm24_5_,
        organisaat0_.ytj_kieli as ytj_kie25_5_,
        organisaat0_.ytjpaivityspvm as ytjpaiv26_5_,
        organisaat0_.ytunnus as ytunnus27_5_ 
    from
        organisaatio organisaat0_ 
    where
        organisaat0_.oid=?
2020-06-10 18:12:09.455 TRACE 55751 --- [    Test worker] o.h.type.descriptor.sql.BasicBinder      : binding parameter [1] as [VARCHAR] - [1.2.2004.3]
2020-06-10 18:12:09.455 TRACE 55751 --- [    Test worker] o.h.type.descriptor.sql.BasicExtractor   : extracted value ([id1_5_] : [BIGINT]) - [4]
2020-06-10 18:12:09.455 TRACE 55751 --- [    Test worker] o.h.type.descriptor.sql.BasicExtractor   : extracted value ([version2_5_] : [BIGINT]) - [3]
2020-06-10 18:12:09.455 TRACE 55751 --- [    Test worker] o.h.type.descriptor.sql.BasicExtractor   : extracted value ([alkupvm3_5_] : [DATE]) - [null]
2020-06-10 18:12:09.455 TRACE 55751 --- [    Test worker] o.h.type.descriptor.sql.BasicExtractor   : extracted value ([domainni4_5_] : [VARCHAR]) - [null]
2020-06-10 18:12:09.455 TRACE 55751 --- [    Test worker] o.h.type.descriptor.sql.BasicExtractor   : extracted value ([kotipaik5_5_] : [VARCHAR]) - [Helsinki]
2020-06-10 18:12:09.455 TRACE 55751 --- [    Test worker] o.h.type.descriptor.sql.BasicExtractor   : extracted value ([kuvaus_28_5_] : [BIGINT]) - [1001]
2020-06-10 18:12:09.455 TRACE 55751 --- [    Test worker] o.h.type.descriptor.sql.BasicExtractor   : extracted value ([lakkautu6_5_] : [DATE]) - [null]
2020-06-10 18:12:09.455 TRACE 55751 --- [    Test worker] o.h.type.descriptor.sql.BasicExtractor   : extracted value ([maa7_5_] : [VARCHAR]) - [null]
2020-06-10 18:12:09.455 TRACE 55751 --- [    Test worker] o.h.type.descriptor.sql.BasicExtractor   : extracted value ([metadat29_5_] : [BIGINT]) - [1]
2020-06-10 18:12:09.455 TRACE 55751 --- [    Test worker] o.h.type.descriptor.sql.BasicExtractor   : extracted value ([nimi_mk30_5_] : [BIGINT]) - [1007]
2020-06-10 18:12:09.455 TRACE 55751 --- [    Test worker] o.h.type.descriptor.sql.BasicExtractor   : extracted value ([nimihaku8_5_] : [VARCHAR]) - [,node2 foo]
2020-06-10 18:12:09.455 TRACE 55751 --- [    Test worker] o.h.type.descriptor.sql.BasicExtractor   : extracted value ([oid9_5_] : [VARCHAR]) - [1.2.2004.3]
2020-06-10 18:12:09.455 TRACE 55751 --- [    Test worker] o.h.type.descriptor.sql.BasicExtractor   : extracted value ([opetusp10_5_] : [VARCHAR]) - [2]
2020-06-10 18:12:09.455 TRACE 55751 --- [    Test worker] o.h.type.descriptor.sql.BasicExtractor   : extracted value ([oppilai11_5_] : [VARCHAR]) - [null]
2020-06-10 18:12:09.455 TRACE 55751 --- [    Test worker] o.h.type.descriptor.sql.BasicExtractor   : extracted value ([oppilai12_5_] : [VARCHAR]) - [oppilaitostyyppi_42#1]
2020-06-10 18:12:09.455 TRACE 55751 --- [    Test worker] o.h.type.descriptor.sql.BasicExtractor   : extracted value ([organis13_5_] : [BOOLEAN]) - [false]
2020-06-10 18:12:09.455 TRACE 55751 --- [    Test worker] o.h.type.descriptor.sql.BasicExtractor   : extracted value ([paivitt14_5_] : [VARCHAR]) - [ophadmin]
2020-06-10 18:12:09.455 TRACE 55751 --- [    Test worker] o.h.type.descriptor.sql.BasicExtractor   : extracted value ([paivity15_5_] : [TIMESTAMP]) - [2020-06-10 18:12:09.387]
2020-06-10 18:12:09.455 TRACE 55751 --- [    Test worker] o.h.type.descriptor.sql.BasicExtractor   : extracted value ([parenti16_5_] : [VARCHAR]) - [|1|7|]
2020-06-10 18:12:09.455 TRACE 55751 --- [    Test worker] o.h.type.descriptor.sql.BasicExtractor   : extracted value ([parento17_5_] : [VARCHAR]) - [|1.2.246.562.24.00000000001|1.2.2004.5|]
2020-06-10 18:12:09.455 TRACE 55751 --- [    Test worker] o.h.type.descriptor.sql.BasicExtractor   : extracted value ([piilote18_5_] : [BOOLEAN]) - [false]
2020-06-10 18:12:09.455 TRACE 55751 --- [    Test worker] o.h.type.descriptor.sql.BasicExtractor   : extracted value ([tarkast19_5_] : [TIMESTAMP]) - [null]
2020-06-10 18:12:09.455 TRACE 55751 --- [    Test worker] o.h.type.descriptor.sql.BasicExtractor   : extracted value ([toimipi20_5_] : [VARCHAR]) - [123452]
2020-06-10 18:12:09.455 TRACE 55751 --- [    Test worker] o.h.type.descriptor.sql.BasicExtractor   : extracted value ([tuontip21_5_] : [TIMESTAMP]) - [null]
2020-06-10 18:12:09.455 TRACE 55751 --- [    Test worker] o.h.type.descriptor.sql.BasicExtractor   : extracted value ([varhais31_5_] : [BIGINT]) - [null]
2020-06-10 18:12:09.455 TRACE 55751 --- [    Test worker] o.h.type.descriptor.sql.BasicExtractor   : extracted value ([virasto22_5_] : [VARCHAR]) - [null]
2020-06-10 18:12:09.455 TRACE 55751 --- [    Test worker] o.h.type.descriptor.sql.BasicExtractor   : extracted value ([yhteish23_5_] : [VARCHAR]) - [null]
2020-06-10 18:12:09.455 TRACE 55751 --- [    Test worker] o.h.type.descriptor.sql.BasicExtractor   : extracted value ([yritysm24_5_] : [VARCHAR]) - [oy]
2020-06-10 18:12:09.455 TRACE 55751 --- [    Test worker] o.h.type.descriptor.sql.BasicExtractor   : extracted value ([ytj_kie25_5_] : [VARCHAR]) - [null]
2020-06-10 18:12:09.455 TRACE 55751 --- [    Test worker] o.h.type.descriptor.sql.BasicExtractor   : extracted value ([ytjpaiv26_5_] : [DATE]) - [null]
2020-06-10 18:12:09.455 TRACE 55751 --- [    Test worker] o.h.type.descriptor.sql.BasicExtractor   : extracted value ([ytunnus27_5_] : [VARCHAR]) - [1234567-3]
2020-06-10 18:12:09.455 TRACE 55751 --- [    Test worker] org.hibernate.type.CollectionType        : Created collection wrapper: [fi.vm.sade.organisaatio.model.Organisaatio.childSuhteet#4]
2020-06-10 18:12:09.455 TRACE 55751 --- [    Test worker] org.hibernate.type.CollectionType        : Created collection wrapper: [fi.vm.sade.organisaatio.model.Organisaatio.kayttoryhmat#4]
2020-06-10 18:12:09.455 TRACE 55751 --- [    Test worker] org.hibernate.type.CollectionType        : Created collection wrapper: [fi.vm.sade.organisaatio.model.Organisaatio.kielet#4]
2020-06-10 18:12:09.456 TRACE 55751 --- [    Test worker] org.hibernate.type.CollectionType        : Created collection wrapper: [fi.vm.sade.organisaatio.model.Organisaatio.muutKotipaikatUris#4]
2020-06-10 18:12:09.456 TRACE 55751 --- [    Test worker] org.hibernate.type.CollectionType        : Created collection wrapper: [fi.vm.sade.organisaatio.model.Organisaatio.muutOppilaitosTyyppiUris#4]
2020-06-10 18:12:09.456 TRACE 55751 --- [    Test worker] org.hibernate.type.CollectionType        : Created collection wrapper: [fi.vm.sade.organisaatio.model.Organisaatio.nimet#4]
2020-06-10 18:12:09.456 TRACE 55751 --- [    Test worker] org.hibernate.type.CollectionType        : Created collection wrapper: [fi.vm.sade.organisaatio.model.Organisaatio.organisaatioLisatietotyypit#4]
2020-06-10 18:12:09.456 TRACE 55751 --- [    Test worker] org.hibernate.type.CollectionType        : Created collection wrapper: [fi.vm.sade.organisaatio.model.Organisaatio.parentSuhteet#4]
2020-06-10 18:12:09.456 TRACE 55751 --- [    Test worker] org.hibernate.type.CollectionType        : Created collection wrapper: [fi.vm.sade.organisaatio.model.Organisaatio.ryhmatyypit#4]
2020-06-10 18:12:09.456 TRACE 55751 --- [    Test worker] org.hibernate.type.CollectionType        : Created collection wrapper: [fi.vm.sade.organisaatio.model.Organisaatio.tyypit#4]
2020-06-10 18:12:09.456 TRACE 55751 --- [    Test worker] org.hibernate.type.CollectionType        : Created collection wrapper: [fi.vm.sade.organisaatio.model.Organisaatio.vuosiluokat#4]
2020-06-10 18:12:09.456 TRACE 55751 --- [    Test worker] org.hibernate.type.CollectionType        : Created collection wrapper: [fi.vm.sade.organisaatio.model.Organisaatio.yhteystiedot#4]
2020-06-10 18:12:09.456 TRACE 55751 --- [    Test worker] org.hibernate.type.CollectionType        : Created collection wrapper: [fi.vm.sade.organisaatio.model.Organisaatio.yhteystietoArvos#4]
Hibernate: 
    select
        organisaat0_.id as id1_5_,
        organisaat0_.version as version2_5_,
        organisaat0_.alkupvm as alkupvm3_5_,
        organisaat0_.domainnimi as domainni4_5_,
        organisaat0_.kotipaikka as kotipaik5_5_,
        organisaat0_.kuvaus_mkt as kuvaus_28_5_,
        organisaat0_.lakkautuspvm as lakkautu6_5_,
        organisaat0_.maa as maa7_5_,
        organisaat0_.metadata_id as metadat29_5_,
        organisaat0_.nimi_mkt as nimi_mk30_5_,
        organisaat0_.nimihaku as nimihaku8_5_,
        organisaat0_.oid as oid9_5_,
        organisaat0_.opetuspisteenjarjnro as opetusp10_5_,
        organisaat0_.oppilaitoskoodi as oppilai11_5_,
        organisaat0_.oppilaitos_tyyppi as oppilai12_5_,
        organisaat0_.organisaatio_poistettu as organis13_5_,
        organisaat0_.paivittaja as paivitt14_5_,
        organisaat0_.paivityspvm as paivity15_5_,
        organisaat0_.parentidpath as parenti16_5_,
        organisaat0_.parentoidpath as parento17_5_,
        organisaat0_.piilotettu as piilote18_5_,
        organisaat0_.tarkastus_pvm as tarkast19_5_,
        organisaat0_.toimipistekoodi as toimipi20_5_,
        organisaat0_.tuontipvm as tuontip21_5_,
        organisaat0_.varhaiskasvatuksen_toimipaikka_tiedot_id as varhais31_5_,
        organisaat0_.virastotunnus as virasto22_5_,
        organisaat0_.yhteishaunkoulukoodi as yhteish23_5_,
        organisaat0_.yritysmuoto as yritysm24_5_,
        organisaat0_.ytj_kieli as ytj_kie25_5_,
        organisaat0_.ytjpaivityspvm as ytjpaiv26_5_,
        organisaat0_.ytunnus as ytunnus27_5_ 
    from
        organisaatio organisaat0_ 
    where
        organisaat0_.oid=?
2020-06-10 18:12:09.456 TRACE 55751 --- [    Test worker] o.h.type.descriptor.sql.BasicBinder      : binding parameter [1] as [VARCHAR] - [1.2.2004.3]
2020-06-10 18:12:09.457 TRACE 55751 --- [    Test worker] o.h.type.descriptor.sql.BasicExtractor   : extracted value ([id1_5_] : [BIGINT]) - [4]
Hibernate: 
    select
        childsuhte0_.parent_id as parent_i8_19_0_,
        childsuhte0_.id as id1_19_0_,
        childsuhte0_.id as id1_19_1_,
        childsuhte0_.version as version2_19_1_,
        childsuhte0_.alkupvm as alkupvm3_19_1_,
        childsuhte0_.child_id as child_id7_19_1_,
        childsuhte0_.loppupvm as loppupvm4_19_1_,
        childsuhte0_.opetuspisteenjarjnro as opetuspi5_19_1_,
        childsuhte0_.parent_id as parent_i8_19_1_,
        childsuhte0_.suhdetyyppi as suhdetyy6_19_1_ 
    from
        organisaatiosuhde childsuhte0_ 
    where
        childsuhte0_.parent_id=?
2020-06-10 18:12:09.457 TRACE 55751 --- [    Test worker] o.h.type.descriptor.sql.BasicBinder      : binding parameter [1] as [BIGINT] - [4]
2020-06-10 18:12:09.457 TRACE 55751 --- [    Test worker] o.h.type.descriptor.sql.BasicExtractor   : extracted value ([id1_19_1_] : [BIGINT]) - [4]
2020-06-10 18:12:09.457 TRACE 55751 --- [    Test worker] o.h.type.descriptor.sql.BasicExtractor   : extracted value ([version2_19_1_] : [BIGINT]) - [0]
2020-06-10 18:12:09.457 TRACE 55751 --- [    Test worker] o.h.type.descriptor.sql.BasicExtractor   : extracted value ([alkupvm3_19_1_] : [DATE]) - [2014-12-02]
2020-06-10 18:12:09.457 TRACE 55751 --- [    Test worker] o.h.type.descriptor.sql.BasicExtractor   : extracted value ([child_id7_19_1_] : [BIGINT]) - [5]
2020-06-10 18:12:09.457 TRACE 55751 --- [    Test worker] o.h.type.descriptor.sql.BasicExtractor   : extracted value ([loppupvm4_19_1_] : [DATE]) - [null]
2020-06-10 18:12:09.457 TRACE 55751 --- [    Test worker] o.h.type.descriptor.sql.BasicExtractor   : extracted value ([opetuspi5_19_1_] : [VARCHAR]) - [null]
2020-06-10 18:12:09.457 TRACE 55751 --- [    Test worker] o.h.type.descriptor.sql.BasicExtractor   : extracted value ([parent_i8_19_1_] : [BIGINT]) - [4]
2020-06-10 18:12:09.457 TRACE 55751 --- [    Test worker] o.h.type.descriptor.sql.BasicExtractor   : extracted value ([suhdetyy6_19_1_] : [VARCHAR]) - [HISTORIA]
2020-06-10 18:12:09.457 TRACE 55751 --- [    Test worker] o.h.type.descriptor.sql.BasicExtractor   : extracted value ([parent_i8_19_0_] : [BIGINT]) - [4]
2020-06-10 18:12:09.457 TRACE 55751 --- [    Test worker] o.h.type.descriptor.sql.BasicExtractor   : extracted value ([id1_19_0_] : [BIGINT]) - [4]
2020-06-10 18:12:09.457 TRACE 55751 --- [    Test worker] o.h.type.descriptor.sql.BasicExtractor   : extracted value ([id1_19_1_] : [BIGINT]) - [5]
2020-06-10 18:12:09.457 TRACE 55751 --- [    Test worker] o.h.type.descriptor.sql.BasicExtractor   : extracted value ([version2_19_1_] : [BIGINT]) - [0]
2020-06-10 18:12:09.457 TRACE 55751 --- [    Test worker] o.h.type.descriptor.sql.BasicExtractor   : extracted value ([alkupvm3_19_1_] : [DATE]) - [2014-12-02]
2020-06-10 18:12:09.457 TRACE 55751 --- [    Test worker] o.h.type.descriptor.sql.BasicExtractor   : extracted value ([child_id7_19_1_] : [BIGINT]) - [6]
2020-06-10 18:12:09.457 TRACE 55751 --- [    Test worker] o.h.type.descriptor.sql.BasicExtractor   : extracted value ([loppupvm4_19_1_] : [DATE]) - [null]
2020-06-10 18:12:09.457 TRACE 55751 --- [    Test worker] o.h.type.descriptor.sql.BasicExtractor   : extracted value ([opetuspi5_19_1_] : [VARCHAR]) - [null]
2020-06-10 18:12:09.457 TRACE 55751 --- [    Test worker] o.h.type.descriptor.sql.BasicExtractor   : extracted value ([parent_i8_19_1_] : [BIGINT]) - [4]
2020-06-10 18:12:09.457 TRACE 55751 --- [    Test worker] o.h.type.descriptor.sql.BasicExtractor   : extracted value ([suhdetyy6_19_1_] : [VARCHAR]) - [HISTORIA]
2020-06-10 18:12:09.457 TRACE 55751 --- [    Test worker] o.h.type.descriptor.sql.BasicExtractor   : extracted value ([parent_i8_19_0_] : [BIGINT]) - [4]
2020-06-10 18:12:09.457 TRACE 55751 --- [    Test worker] o.h.type.descriptor.sql.BasicExtractor   : extracted value ([id1_19_0_] : [BIGINT]) - [5]
Hibernate: 
    select
        organisaat0_.id as id1_5_0_,
        organisaat0_.version as version2_5_0_,
        organisaat0_.alkupvm as alkupvm3_5_0_,
        organisaat0_.domainnimi as domainni4_5_0_,
        organisaat0_.kotipaikka as kotipaik5_5_0_,
        organisaat0_.kuvaus_mkt as kuvaus_28_5_0_,
        organisaat0_.lakkautuspvm as lakkautu6_5_0_,
        organisaat0_.maa as maa7_5_0_,
        organisaat0_.metadata_id as metadat29_5_0_,
        organisaat0_.nimi_mkt as nimi_mk30_5_0_,
        organisaat0_.nimihaku as nimihaku8_5_0_,
        organisaat0_.oid as oid9_5_0_,
        organisaat0_.opetuspisteenjarjnro as opetusp10_5_0_,
        organisaat0_.oppilaitoskoodi as oppilai11_5_0_,
        organisaat0_.oppilaitos_tyyppi as oppilai12_5_0_,
        organisaat0_.organisaatio_poistettu as organis13_5_0_,
        organisaat0_.paivittaja as paivitt14_5_0_,
        organisaat0_.paivityspvm as paivity15_5_0_,
        organisaat0_.parentidpath as parenti16_5_0_,
        organisaat0_.parentoidpath as parento17_5_0_,
        organisaat0_.piilotettu as piilote18_5_0_,
        organisaat0_.tarkastus_pvm as tarkast19_5_0_,
        organisaat0_.toimipistekoodi as toimipi20_5_0_,
        organisaat0_.tuontipvm as tuontip21_5_0_,
        organisaat0_.varhaiskasvatuksen_toimipaikka_tiedot_id as varhais31_5_0_,
        organisaat0_.virastotunnus as virasto22_5_0_,
        organisaat0_.yhteishaunkoulukoodi as yhteish23_5_0_,
        organisaat0_.yritysmuoto as yritysm24_5_0_,
        organisaat0_.ytj_kieli as ytj_kie25_5_0_,
        organisaat0_.ytjpaivityspvm as ytjpaiv26_5_0_,
        organisaat0_.ytunnus as ytunnus27_5_0_ 
    from
        organisaatio organisaat0_ 
    where
        organisaat0_.id=?
2020-06-10 18:12:09.458 TRACE 55751 --- [    Test worker] o.h.type.descriptor.sql.BasicBinder      : binding parameter [1] as [BIGINT] - [5]
2020-06-10 18:12:09.458 TRACE 55751 --- [    Test worker] o.h.type.descriptor.sql.BasicExtractor   : extracted value ([version2_5_0_] : [BIGINT]) - [3]
2020-06-10 18:12:09.458 TRACE 55751 --- [    Test worker] o.h.type.descriptor.sql.BasicExtractor   : extracted value ([alkupvm3_5_0_] : [DATE]) - [null]
2020-06-10 18:12:09.458 TRACE 55751 --- [    Test worker] o.h.type.descriptor.sql.BasicExtractor   : extracted value ([domainni4_5_0_] : [VARCHAR]) - [null]
2020-06-10 18:12:09.458 TRACE 55751 --- [    Test worker] o.h.type.descriptor.sql.BasicExtractor   : extracted value ([kotipaik5_5_0_] : [VARCHAR]) - [Helsinki]
2020-06-10 18:12:09.458 TRACE 55751 --- [    Test worker] o.h.type.descriptor.sql.BasicExtractor   : extracted value ([kuvaus_28_5_0_] : [BIGINT]) - [null]
2020-06-10 18:12:09.458 TRACE 55751 --- [    Test worker] o.h.type.descriptor.sql.BasicExtractor   : extracted value ([lakkautu6_5_0_] : [DATE]) - [null]
2020-06-10 18:12:09.458 TRACE 55751 --- [    Test worker] o.h.type.descriptor.sql.BasicExtractor   : extracted value ([maa7_5_0_] : [VARCHAR]) - [null]
2020-06-10 18:12:09.458 TRACE 55751 --- [    Test worker] o.h.type.descriptor.sql.BasicExtractor   : extracted value ([metadat29_5_0_] : [BIGINT]) - [null]
2020-06-10 18:12:09.458 TRACE 55751 --- [    Test worker] o.h.type.descriptor.sql.BasicExtractor   : extracted value ([nimi_mk30_5_0_] : [BIGINT]) - [5]
2020-06-10 18:12:09.458 TRACE 55751 --- [    Test worker] o.h.type.descriptor.sql.BasicExtractor   : extracted value ([nimihaku8_5_0_] : [VARCHAR]) - [node22 foo bar]
2020-06-10 18:12:09.458 TRACE 55751 --- [    Test worker] o.h.type.descriptor.sql.BasicExtractor   : extracted value ([oid9_5_0_] : [VARCHAR]) - [1.2.2004.4]
2020-06-10 18:12:09.458 TRACE 55751 --- [    Test worker] o.h.type.descriptor.sql.BasicExtractor   : extracted value ([opetusp10_5_0_] : [VARCHAR]) - [null]
2020-06-10 18:12:09.458 TRACE 55751 --- [    Test worker] o.h.type.descriptor.sql.BasicExtractor   : extracted value ([oppilai11_5_0_] : [VARCHAR]) - [null]
2020-06-10 18:12:09.458 TRACE 55751 --- [    Test worker] o.h.type.descriptor.sql.BasicExtractor   : extracted value ([oppilai12_5_0_] : [VARCHAR]) - [oppilaitostyyppi_42#1]
2020-06-10 18:12:09.458 TRACE 55751 --- [    Test worker] o.h.type.descriptor.sql.BasicExtractor   : extracted value ([organis13_5_0_] : [BOOLEAN]) - [false]
2020-06-10 18:12:09.458 TRACE 55751 --- [    Test worker] o.h.type.descriptor.sql.BasicExtractor   : extracted value ([paivitt14_5_0_] : [VARCHAR]) - [null]
2020-06-10 18:12:09.458 TRACE 55751 --- [    Test worker] o.h.type.descriptor.sql.BasicExtractor   : extracted value ([paivity15_5_0_] : [TIMESTAMP]) - [null]
2020-06-10 18:12:09.458 TRACE 55751 --- [    Test worker] o.h.type.descriptor.sql.BasicExtractor   : extracted value ([parenti16_5_0_] : [VARCHAR]) - [|1|7|4|]
2020-06-10 18:12:09.458 TRACE 55751 --- [    Test worker] o.h.type.descriptor.sql.BasicExtractor   : extracted value ([parento17_5_0_] : [VARCHAR]) - [|1.2.246.562.24.00000000001|1.2.2004.5|1.2.2004.3|]
2020-06-10 18:12:09.458 TRACE 55751 --- [    Test worker] o.h.type.descriptor.sql.BasicExtractor   : extracted value ([piilote18_5_0_] : [BOOLEAN]) - [false]
2020-06-10 18:12:09.458 TRACE 55751 --- [    Test worker] o.h.type.descriptor.sql.BasicExtractor   : extracted value ([tarkast19_5_0_] : [TIMESTAMP]) - [null]
2020-06-10 18:12:09.458 TRACE 55751 --- [    Test worker] o.h.type.descriptor.sql.BasicExtractor   : extracted value ([toimipi20_5_0_] : [VARCHAR]) - [null]
2020-06-10 18:12:09.458 TRACE 55751 --- [    Test worker] o.h.type.descriptor.sql.BasicExtractor   : extracted value ([tuontip21_5_0_] : [TIMESTAMP]) - [null]
2020-06-10 18:12:09.458 TRACE 55751 --- [    Test worker] o.h.type.descriptor.sql.BasicExtractor   : extracted value ([varhais31_5_0_] : [BIGINT]) - [null]
2020-06-10 18:12:09.458 TRACE 55751 --- [    Test worker] o.h.type.descriptor.sql.BasicExtractor   : extracted value ([virasto22_5_0_] : [VARCHAR]) - [null]
2020-06-10 18:12:09.458 TRACE 55751 --- [    Test worker] o.h.type.descriptor.sql.BasicExtractor   : extracted value ([yhteish23_5_0_] : [VARCHAR]) - [null]
2020-06-10 18:12:09.458 TRACE 55751 --- [    Test worker] o.h.type.descriptor.sql.BasicExtractor   : extracted value ([yritysm24_5_0_] : [VARCHAR]) - [oy]
2020-06-10 18:12:09.458 TRACE 55751 --- [    Test worker] o.h.type.descriptor.sql.BasicExtractor   : extracted value ([ytj_kie25_5_0_] : [VARCHAR]) - [null]
2020-06-10 18:12:09.458 TRACE 55751 --- [    Test worker] o.h.type.descriptor.sql.BasicExtractor   : extracted value ([ytjpaiv26_5_0_] : [DATE]) - [null]
2020-06-10 18:12:09.458 TRACE 55751 --- [    Test worker] o.h.type.descriptor.sql.BasicExtractor   : extracted value ([ytunnus27_5_0_] : [VARCHAR]) - [1234567-4]
2020-06-10 18:12:09.458 TRACE 55751 --- [    Test worker] org.hibernate.type.CollectionType        : Created collection wrapper: [fi.vm.sade.organisaatio.model.Organisaatio.childSuhteet#5]
2020-06-10 18:12:09.458 TRACE 55751 --- [    Test worker] org.hibernate.type.CollectionType        : Created collection wrapper: [fi.vm.sade.organisaatio.model.Organisaatio.kayttoryhmat#5]
2020-06-10 18:12:09.458 TRACE 55751 --- [    Test worker] org.hibernate.type.CollectionType        : Created collection wrapper: [fi.vm.sade.organisaatio.model.Organisaatio.kielet#5]
2020-06-10 18:12:09.458 TRACE 55751 --- [    Test worker] org.hibernate.type.CollectionType        : Created collection wrapper: [fi.vm.sade.organisaatio.model.Organisaatio.muutKotipaikatUris#5]
2020-06-10 18:12:09.458 TRACE 55751 --- [    Test worker] org.hibernate.type.CollectionType        : Created collection wrapper: [fi.vm.sade.organisaatio.model.Organisaatio.muutOppilaitosTyyppiUris#5]
2020-06-10 18:12:09.458 TRACE 55751 --- [    Test worker] org.hibernate.type.CollectionType        : Created collection wrapper: [fi.vm.sade.organisaatio.model.Organisaatio.nimet#5]
2020-06-10 18:12:09.459 TRACE 55751 --- [    Test worker] org.hibernate.type.CollectionType        : Created collection wrapper: [fi.vm.sade.organisaatio.model.Organisaatio.organisaatioLisatietotyypit#5]
2020-06-10 18:12:09.459 TRACE 55751 --- [    Test worker] org.hibernate.type.CollectionType        : Created collection wrapper: [fi.vm.sade.organisaatio.model.Organisaatio.parentSuhteet#5]
2020-06-10 18:12:09.459 TRACE 55751 --- [    Test worker] org.hibernate.type.CollectionType        : Created collection wrapper: [fi.vm.sade.organisaatio.model.Organisaatio.ryhmatyypit#5]
2020-06-10 18:12:09.459 TRACE 55751 --- [    Test worker] org.hibernate.type.CollectionType        : Created collection wrapper: [fi.vm.sade.organisaatio.model.Organisaatio.tyypit#5]
2020-06-10 18:12:09.459 TRACE 55751 --- [    Test worker] org.hibernate.type.CollectionType        : Created collection wrapper: [fi.vm.sade.organisaatio.model.Organisaatio.vuosiluokat#5]
2020-06-10 18:12:09.459 TRACE 55751 --- [    Test worker] org.hibernate.type.CollectionType        : Created collection wrapper: [fi.vm.sade.organisaatio.model.Organisaatio.yhteystiedot#5]
2020-06-10 18:12:09.459 TRACE 55751 --- [    Test worker] org.hibernate.type.CollectionType        : Created collection wrapper: [fi.vm.sade.organisaatio.model.Organisaatio.yhteystietoArvos#5]
Hibernate: 
    select
        organisaat0_.id as id1_5_0_,
        organisaat0_.version as version2_5_0_,
        organisaat0_.alkupvm as alkupvm3_5_0_,
        organisaat0_.domainnimi as domainni4_5_0_,
        organisaat0_.kotipaikka as kotipaik5_5_0_,
        organisaat0_.kuvaus_mkt as kuvaus_28_5_0_,
        organisaat0_.lakkautuspvm as lakkautu6_5_0_,
        organisaat0_.maa as maa7_5_0_,
        organisaat0_.metadata_id as metadat29_5_0_,
        organisaat0_.nimi_mkt as nimi_mk30_5_0_,
        organisaat0_.nimihaku as nimihaku8_5_0_,
        organisaat0_.oid as oid9_5_0_,
        organisaat0_.opetuspisteenjarjnro as opetusp10_5_0_,
        organisaat0_.oppilaitoskoodi as oppilai11_5_0_,
        organisaat0_.oppilaitos_tyyppi as oppilai12_5_0_,
        organisaat0_.organisaatio_poistettu as organis13_5_0_,
        organisaat0_.paivittaja as paivitt14_5_0_,
        organisaat0_.paivityspvm as paivity15_5_0_,
        organisaat0_.parentidpath as parenti16_5_0_,
        organisaat0_.parentoidpath as parento17_5_0_,
        organisaat0_.piilotettu as piilote18_5_0_,
        organisaat0_.tarkastus_pvm as tarkast19_5_0_,
        organisaat0_.toimipistekoodi as toimipi20_5_0_,
        organisaat0_.tuontipvm as tuontip21_5_0_,
        organisaat0_.varhaiskasvatuksen_toimipaikka_tiedot_id as varhais31_5_0_,
        organisaat0_.virastotunnus as virasto22_5_0_,
        organisaat0_.yhteishaunkoulukoodi as yhteish23_5_0_,
        organisaat0_.yritysmuoto as yritysm24_5_0_,
        organisaat0_.ytj_kieli as ytj_kie25_5_0_,
        organisaat0_.ytjpaivityspvm as ytjpaiv26_5_0_,
        organisaat0_.ytunnus as ytunnus27_5_0_ 
    from
        organisaatio organisaat0_ 
    where
        organisaat0_.id=?
2020-06-10 18:12:09.459 TRACE 55751 --- [    Test worker] o.h.type.descriptor.sql.BasicBinder      : binding parameter [1] as [BIGINT] - [6]
2020-06-10 18:12:09.459 TRACE 55751 --- [    Test worker] o.h.type.descriptor.sql.BasicExtractor   : extracted value ([version2_5_0_] : [BIGINT]) - [3]
2020-06-10 18:12:09.459 TRACE 55751 --- [    Test worker] o.h.type.descriptor.sql.BasicExtractor   : extracted value ([alkupvm3_5_0_] : [DATE]) - [2010-08-29]
2020-06-10 18:12:09.459 TRACE 55751 --- [    Test worker] o.h.type.descriptor.sql.BasicExtractor   : extracted value ([domainni4_5_0_] : [VARCHAR]) - [null]
2020-06-10 18:12:09.459 TRACE 55751 --- [    Test worker] o.h.type.descriptor.sql.BasicExtractor   : extracted value ([kotipaik5_5_0_] : [VARCHAR]) - [Helsinki]
2020-06-10 18:12:09.459 TRACE 55751 --- [    Test worker] o.h.type.descriptor.sql.BasicExtractor   : extracted value ([kuvaus_28_5_0_] : [BIGINT]) - [null]
2020-06-10 18:12:09.459 TRACE 55751 --- [    Test worker] o.h.type.descriptor.sql.BasicExtractor   : extracted value ([lakkautu6_5_0_] : [DATE]) - [null]
2020-06-10 18:12:09.459 TRACE 55751 --- [    Test worker] o.h.type.descriptor.sql.BasicExtractor   : extracted value ([maa7_5_0_] : [VARCHAR]) - [null]
2020-06-10 18:12:09.459 TRACE 55751 --- [    Test worker] o.h.type.descriptor.sql.BasicExtractor   : extracted value ([metadat29_5_0_] : [BIGINT]) - [null]
2020-06-10 18:12:09.459 TRACE 55751 --- [    Test worker] o.h.type.descriptor.sql.BasicExtractor   : extracted value ([nimi_mk30_5_0_] : [BIGINT]) - [6]
2020-06-10 18:12:09.459 TRACE 55751 --- [    Test worker] o.h.type.descriptor.sql.BasicExtractor   : extracted value ([nimihaku8_5_0_] : [VARCHAR]) - [node23 foo bar]
2020-06-10 18:12:09.459 TRACE 55751 --- [    Test worker] o.h.type.descriptor.sql.BasicExtractor   : extracted value ([oid9_5_0_] : [VARCHAR]) - [1.2.2005.4]
2020-06-10 18:12:09.459 TRACE 55751 --- [    Test worker] o.h.type.descriptor.sql.BasicExtractor   : extracted value ([opetusp10_5_0_] : [VARCHAR]) - [null]
2020-06-10 18:12:09.459 TRACE 55751 --- [    Test worker] o.h.type.descriptor.sql.BasicExtractor   : extracted value ([oppilai11_5_0_] : [VARCHAR]) - [null]
2020-06-10 18:12:09.459 TRACE 55751 --- [    Test worker] o.h.type.descriptor.sql.BasicExtractor   : extracted value ([oppilai12_5_0_] : [VARCHAR]) - [oppilaitostyyppi_42#1]
2020-06-10 18:12:09.459 TRACE 55751 --- [    Test worker] o.h.type.descriptor.sql.BasicExtractor   : extracted value ([organis13_5_0_] : [BOOLEAN]) - [false]
2020-06-10 18:12:09.459 TRACE 55751 --- [    Test worker] o.h.type.descriptor.sql.BasicExtractor   : extracted value ([paivitt14_5_0_] : [VARCHAR]) - [null]
2020-06-10 18:12:09.459 TRACE 55751 --- [    Test worker] o.h.type.descriptor.sql.BasicExtractor   : extracted value ([paivity15_5_0_] : [TIMESTAMP]) - [null]
2020-06-10 18:12:09.459 TRACE 55751 --- [    Test worker] o.h.type.descriptor.sql.BasicExtractor   : extracted value ([parenti16_5_0_] : [VARCHAR]) - [|1|7|4|]
2020-06-10 18:12:09.459 TRACE 55751 --- [    Test worker] o.h.type.descriptor.sql.BasicExtractor   : extracted value ([parento17_5_0_] : [VARCHAR]) - [|1.2.246.562.24.00000000001|1.2.2004.5|1.2.2004.3|]
2020-06-10 18:12:09.459 TRACE 55751 --- [    Test worker] o.h.type.descriptor.sql.BasicExtractor   : extracted value ([piilote18_5_0_] : [BOOLEAN]) - [false]
2020-06-10 18:12:09.459 TRACE 55751 --- [    Test worker] o.h.type.descriptor.sql.BasicExtractor   : extracted value ([tarkast19_5_0_] : [TIMESTAMP]) - [null]
2020-06-10 18:12:09.459 TRACE 55751 --- [    Test worker] o.h.type.descriptor.sql.BasicExtractor   : extracted value ([toimipi20_5_0_] : [VARCHAR]) - [null]
2020-06-10 18:12:09.459 TRACE 55751 --- [    Test worker] o.h.type.descriptor.sql.BasicExtractor   : extracted value ([tuontip21_5_0_] : [TIMESTAMP]) - [null]
2020-06-10 18:12:09.459 TRACE 55751 --- [    Test worker] o.h.type.descriptor.sql.BasicExtractor   : extracted value ([varhais31_5_0_] : [BIGINT]) - [null]
2020-06-10 18:12:09.459 TRACE 55751 --- [    Test worker] o.h.type.descriptor.sql.BasicExtractor   : extracted value ([virasto22_5_0_] : [VARCHAR]) - [null]
2020-06-10 18:12:09.459 TRACE 55751 --- [    Test worker] o.h.type.descriptor.sql.BasicExtractor   : extracted value ([yhteish23_5_0_] : [VARCHAR]) - [null]
2020-06-10 18:12:09.459 TRACE 55751 --- [    Test worker] o.h.type.descriptor.sql.BasicExtractor   : extracted value ([yritysm24_5_0_] : [VARCHAR]) - [oy]
2020-06-10 18:12:09.459 TRACE 55751 --- [    Test worker] o.h.type.descriptor.sql.BasicExtractor   : extracted value ([ytj_kie25_5_0_] : [VARCHAR]) - [null]
2020-06-10 18:12:09.459 TRACE 55751 --- [    Test worker] o.h.type.descriptor.sql.BasicExtractor   : extracted value ([ytjpaiv26_5_0_] : [DATE]) - [null]
2020-06-10 18:12:09.459 TRACE 55751 --- [    Test worker] o.h.type.descriptor.sql.BasicExtractor   : extracted value ([ytunnus27_5_0_] : [VARCHAR]) - [1234568-4]
2020-06-10 18:12:09.459 TRACE 55751 --- [    Test worker] org.hibernate.type.CollectionType        : Created collection wrapper: [fi.vm.sade.organisaatio.model.Organisaatio.childSuhteet#6]
2020-06-10 18:12:09.459 TRACE 55751 --- [    Test worker] org.hibernate.type.CollectionType        : Created collection wrapper: [fi.vm.sade.organisaatio.model.Organisaatio.kayttoryhmat#6]
2020-06-10 18:12:09.459 TRACE 55751 --- [    Test worker] org.hibernate.type.CollectionType        : Created collection wrapper: [fi.vm.sade.organisaatio.model.Organisaatio.kielet#6]
2020-06-10 18:12:09.460 TRACE 55751 --- [    Test worker] org.hibernate.type.CollectionType        : Created collection wrapper: [fi.vm.sade.organisaatio.model.Organisaatio.muutKotipaikatUris#6]
2020-06-10 18:12:09.460 TRACE 55751 --- [    Test worker] org.hibernate.type.CollectionType        : Created collection wrapper: [fi.vm.sade.organisaatio.model.Organisaatio.muutOppilaitosTyyppiUris#6]
2020-06-10 18:12:09.460 TRACE 55751 --- [    Test worker] org.hibernate.type.CollectionType        : Created collection wrapper: [fi.vm.sade.organisaatio.model.Organisaatio.nimet#6]
2020-06-10 18:12:09.460 TRACE 55751 --- [    Test worker] org.hibernate.type.CollectionType        : Created collection wrapper: [fi.vm.sade.organisaatio.model.Organisaatio.organisaatioLisatietotyypit#6]
2020-06-10 18:12:09.460 TRACE 55751 --- [    Test worker] org.hibernate.type.CollectionType        : Created collection wrapper: [fi.vm.sade.organisaatio.model.Organisaatio.parentSuhteet#6]
2020-06-10 18:12:09.460 TRACE 55751 --- [    Test worker] org.hibernate.type.CollectionType        : Created collection wrapper: [fi.vm.sade.organisaatio.model.Organisaatio.ryhmatyypit#6]
2020-06-10 18:12:09.460 TRACE 55751 --- [    Test worker] org.hibernate.type.CollectionType        : Created collection wrapper: [fi.vm.sade.organisaatio.model.Organisaatio.tyypit#6]
2020-06-10 18:12:09.460 TRACE 55751 --- [    Test worker] org.hibernate.type.CollectionType        : Created collection wrapper: [fi.vm.sade.organisaatio.model.Organisaatio.vuosiluokat#6]
2020-06-10 18:12:09.460 TRACE 55751 --- [    Test worker] org.hibernate.type.CollectionType        : Created collection wrapper: [fi.vm.sade.organisaatio.model.Organisaatio.yhteystiedot#6]
2020-06-10 18:12:09.460 TRACE 55751 --- [    Test worker] org.hibernate.type.CollectionType        : Created collection wrapper: [fi.vm.sade.organisaatio.model.Organisaatio.yhteystietoArvos#6]
Hibernate: 
    select
        kielet0_.organisaatio_id as organisa1_7_0_,
        kielet0_.kielet as kielet2_7_0_ 
    from
        organisaatio_kielet kielet0_ 
    where
        kielet0_.organisaatio_id in (
            ?, ?, ?
        )
2020-06-10 18:12:09.460 TRACE 55751 --- [    Test worker] o.h.type.descriptor.sql.BasicBinder      : binding parameter [1] as [BIGINT] - [5]
2020-06-10 18:12:09.460 TRACE 55751 --- [    Test worker] o.h.type.descriptor.sql.BasicBinder      : binding parameter [2] as [BIGINT] - [4]
2020-06-10 18:12:09.460 TRACE 55751 --- [    Test worker] o.h.type.descriptor.sql.BasicBinder      : binding parameter [3] as [BIGINT] - [6]
Hibernate: 
    select
        parentsuht0_.child_id as child_id7_19_0_,
        parentsuht0_.id as id1_19_0_,
        parentsuht0_.id as id1_19_1_,
        parentsuht0_.version as version2_19_1_,
        parentsuht0_.alkupvm as alkupvm3_19_1_,
        parentsuht0_.child_id as child_id7_19_1_,
        parentsuht0_.loppupvm as loppupvm4_19_1_,
        parentsuht0_.opetuspisteenjarjnro as opetuspi5_19_1_,
        parentsuht0_.parent_id as parent_i8_19_1_,
        parentsuht0_.suhdetyyppi as suhdetyy6_19_1_ 
    from
        organisaatiosuhde parentsuht0_ 
    where
        parentsuht0_.child_id=? 
    order by
        parentsuht0_.alkupvm
2020-06-10 18:12:09.460 TRACE 55751 --- [    Test worker] o.h.type.descriptor.sql.BasicBinder      : binding parameter [1] as [BIGINT] - [5]
2020-06-10 18:12:09.460 TRACE 55751 --- [    Test worker] o.h.type.descriptor.sql.BasicExtractor   : extracted value ([id1_19_1_] : [BIGINT]) - [4]
2020-06-10 18:12:09.460 TRACE 55751 --- [    Test worker] o.h.type.descriptor.sql.BasicExtractor   : extracted value ([child_id7_19_0_] : [BIGINT]) - [5]
2020-06-10 18:12:09.461 TRACE 55751 --- [    Test worker] o.h.type.descriptor.sql.BasicExtractor   : extracted value ([id1_19_0_] : [BIGINT]) - [4]
Hibernate: 
    select
        tyypit0_.organisaatio_id as organisa1_14_0_,
        tyypit0_.tyypit as tyypit2_14_0_ 
    from
        organisaatio_tyypit tyypit0_ 
    where
        tyypit0_.organisaatio_id in (
            ?, ?, ?
        )
2020-06-10 18:12:09.461 TRACE 55751 --- [    Test worker] o.h.type.descriptor.sql.BasicBinder      : binding parameter [1] as [BIGINT] - [5]
2020-06-10 18:12:09.461 TRACE 55751 --- [    Test worker] o.h.type.descriptor.sql.BasicBinder      : binding parameter [2] as [BIGINT] - [4]
2020-06-10 18:12:09.461 TRACE 55751 --- [    Test worker] o.h.type.descriptor.sql.BasicBinder      : binding parameter [3] as [BIGINT] - [6]
2020-06-10 18:12:09.461 TRACE 55751 --- [    Test worker] o.h.type.descriptor.sql.BasicExtractor   : extracted value ([organisa1_14_0_] : [BIGINT]) - [4]
2020-06-10 18:12:09.461 TRACE 55751 --- [    Test worker] o.h.type.descriptor.sql.BasicExtractor   : extracted value ([tyypit2_14_0_] : [VARCHAR]) - [organisaatiotyyppi_03]
2020-06-10 18:12:09.461 TRACE 55751 --- [    Test worker] o.h.type.descriptor.sql.BasicExtractor   : extracted value ([organisa1_14_0_] : [BIGINT]) - [4]
2020-06-10 18:12:09.461 TRACE 55751 --- [    Test worker] o.h.type.descriptor.sql.BasicExtractor   : extracted value ([tyypit2_14_0_] : [VARCHAR]) - [organisaatiotyyppi_02]
2020-06-10 18:12:09.461 TRACE 55751 --- [    Test worker] o.h.type.descriptor.sql.BasicExtractor   : extracted value ([organisa1_14_0_] : [BIGINT]) - [4]
2020-06-10 18:12:09.461 TRACE 55751 --- [    Test worker] o.h.type.descriptor.sql.BasicExtractor   : extracted value ([tyypit2_14_0_] : [VARCHAR]) - [organisaatiotyyppi_04]
2020-06-10 18:12:09.461 TRACE 55751 --- [    Test worker] o.h.type.descriptor.sql.BasicExtractor   : extracted value ([organisa1_14_0_] : [BIGINT]) - [5]
2020-06-10 18:12:09.461 TRACE 55751 --- [    Test worker] o.h.type.descriptor.sql.BasicExtractor   : extracted value ([tyypit2_14_0_] : [VARCHAR]) - [organisaatiotyyppi_03]
2020-06-10 18:12:09.461 TRACE 55751 --- [    Test worker] o.h.type.descriptor.sql.BasicExtractor   : extracted value ([organisa1_14_0_] : [BIGINT]) - [5]
2020-06-10 18:12:09.461 TRACE 55751 --- [    Test worker] o.h.type.descriptor.sql.BasicExtractor   : extracted value ([tyypit2_14_0_] : [VARCHAR]) - [organisaatiotyyppi_02]
2020-06-10 18:12:09.461 TRACE 55751 --- [    Test worker] o.h.type.descriptor.sql.BasicExtractor   : extracted value ([organisa1_14_0_] : [BIGINT]) - [5]
2020-06-10 18:12:09.461 TRACE 55751 --- [    Test worker] o.h.type.descriptor.sql.BasicExtractor   : extracted value ([tyypit2_14_0_] : [VARCHAR]) - [organisaatiotyyppi_04]
2020-06-10 18:12:09.461 TRACE 55751 --- [    Test worker] o.h.type.descriptor.sql.BasicExtractor   : extracted value ([organisa1_14_0_] : [BIGINT]) - [6]
2020-06-10 18:12:09.461 TRACE 55751 --- [    Test worker] o.h.type.descriptor.sql.BasicExtractor   : extracted value ([tyypit2_14_0_] : [VARCHAR]) - [organisaatiotyyppi_03]
2020-06-10 18:12:09.461 TRACE 55751 --- [    Test worker] o.h.type.descriptor.sql.BasicExtractor   : extracted value ([organisa1_14_0_] : [BIGINT]) - [6]
2020-06-10 18:12:09.461 TRACE 55751 --- [    Test worker] o.h.type.descriptor.sql.BasicExtractor   : extracted value ([tyypit2_14_0_] : [VARCHAR]) - [organisaatiotyyppi_02]
2020-06-10 18:12:09.461 TRACE 55751 --- [    Test worker] o.h.type.descriptor.sql.BasicExtractor   : extracted value ([organisa1_14_0_] : [BIGINT]) - [6]
2020-06-10 18:12:09.461 TRACE 55751 --- [    Test worker] o.h.type.descriptor.sql.BasicExtractor   : extracted value ([tyypit2_14_0_] : [VARCHAR]) - [organisaatiotyyppi_04]
Hibernate: 
    select
        vuosiluoka0_.organisaatio_id as organisa1_15_0_,
        vuosiluoka0_.vuosiluokat as vuosiluo2_15_0_ 
    from
        organisaatio_vuosiluokat vuosiluoka0_ 
    where
        vuosiluoka0_.organisaatio_id in (
            ?, ?, ?
        )
2020-06-10 18:12:09.461 TRACE 55751 --- [    Test worker] o.h.type.descriptor.sql.BasicBinder      : binding parameter [1] as [BIGINT] - [5]
2020-06-10 18:12:09.461 TRACE 55751 --- [    Test worker] o.h.type.descriptor.sql.BasicBinder      : binding parameter [2] as [BIGINT] - [4]
2020-06-10 18:12:09.461 TRACE 55751 --- [    Test worker] o.h.type.descriptor.sql.BasicBinder      : binding parameter [3] as [BIGINT] - [6]
Hibernate: 
    select
        ryhmatyypi0_.organisaatio_id as organisa1_12_0_,
        ryhmatyypi0_.ryhmatyypit as ryhmatyy2_12_0_ 
    from
        organisaatio_ryhmatyypit ryhmatyypi0_ 
    where
        ryhmatyypi0_.organisaatio_id in (
            ?, ?, ?
        )
2020-06-10 18:12:09.462 TRACE 55751 --- [    Test worker] o.h.type.descriptor.sql.BasicBinder      : binding parameter [1] as [BIGINT] - [5]
2020-06-10 18:12:09.462 TRACE 55751 --- [    Test worker] o.h.type.descriptor.sql.BasicBinder      : binding parameter [2] as [BIGINT] - [4]
2020-06-10 18:12:09.462 TRACE 55751 --- [    Test worker] o.h.type.descriptor.sql.BasicBinder      : binding parameter [3] as [BIGINT] - [6]
Hibernate: 
    select
        kayttoryhm0_.organisaatio_id as organisa1_6_0_,
        kayttoryhm0_.kayttoryhmat as kayttory2_6_0_ 
    from
        organisaatio_kayttoryhmat kayttoryhm0_ 
    where
        kayttoryhm0_.organisaatio_id in (
            ?, ?, ?
        )
2020-06-10 18:12:09.462 TRACE 55751 --- [    Test worker] o.h.type.descriptor.sql.BasicBinder      : binding parameter [1] as [BIGINT] - [5]
2020-06-10 18:12:09.462 TRACE 55751 --- [    Test worker] o.h.type.descriptor.sql.BasicBinder      : binding parameter [2] as [BIGINT] - [4]
2020-06-10 18:12:09.462 TRACE 55751 --- [    Test worker] o.h.type.descriptor.sql.BasicBinder      : binding parameter [3] as [BIGINT] - [6]
Hibernate: 
    select
        monikielin0_.id as id1_2_0_,
        monikielin0_.version as version2_2_0_ 
    from
        monikielinen_teksti monikielin0_ 
    where
        monikielin0_.id in (
            ?, ?, ?, ?
        )
2020-06-10 18:12:09.462 TRACE 55751 --- [    Test worker] o.h.type.descriptor.sql.BasicBinder      : binding parameter [1] as [BIGINT] - [5]
2020-06-10 18:12:09.462 TRACE 55751 --- [    Test worker] o.h.type.descriptor.sql.BasicBinder      : binding parameter [2] as [BIGINT] - [1001]
2020-06-10 18:12:09.462 TRACE 55751 --- [    Test worker] o.h.type.descriptor.sql.BasicBinder      : binding parameter [3] as [BIGINT] - [1007]
2020-06-10 18:12:09.462 TRACE 55751 --- [    Test worker] o.h.type.descriptor.sql.BasicBinder      : binding parameter [4] as [BIGINT] - [6]
2020-06-10 18:12:09.462 TRACE 55751 --- [    Test worker] o.h.type.descriptor.sql.BasicExtractor   : extracted value ([id1_2_0_] : [BIGINT]) - [5]
2020-06-10 18:12:09.462 TRACE 55751 --- [    Test worker] o.h.type.descriptor.sql.BasicExtractor   : extracted value ([version2_2_0_] : [BIGINT]) - [0]
2020-06-10 18:12:09.462 TRACE 55751 --- [    Test worker] o.h.type.descriptor.sql.BasicExtractor   : extracted value ([id1_2_0_] : [BIGINT]) - [6]
2020-06-10 18:12:09.462 TRACE 55751 --- [    Test worker] o.h.type.descriptor.sql.BasicExtractor   : extracted value ([version2_2_0_] : [BIGINT]) - [0]
2020-06-10 18:12:09.462 TRACE 55751 --- [    Test worker] o.h.type.descriptor.sql.BasicExtractor   : extracted value ([id1_2_0_] : [BIGINT]) - [1001]
2020-06-10 18:12:09.462 TRACE 55751 --- [    Test worker] o.h.type.descriptor.sql.BasicExtractor   : extracted value ([version2_2_0_] : [BIGINT]) - [0]
2020-06-10 18:12:09.462 TRACE 55751 --- [    Test worker] o.h.type.descriptor.sql.BasicExtractor   : extracted value ([id1_2_0_] : [BIGINT]) - [1007]
2020-06-10 18:12:09.462 TRACE 55751 --- [    Test worker] o.h.type.descriptor.sql.BasicExtractor   : extracted value ([version2_2_0_] : [BIGINT]) - [0]
2020-06-10 18:12:09.462 TRACE 55751 --- [    Test worker] org.hibernate.type.CollectionType        : Created collection wrapper: [fi.vm.sade.organisaatio.model.MonikielinenTeksti.values#5]
2020-06-10 18:12:09.462 TRACE 55751 --- [    Test worker] org.hibernate.type.CollectionType        : Created collection wrapper: [fi.vm.sade.organisaatio.model.MonikielinenTeksti.values#6]
2020-06-10 18:12:09.462 TRACE 55751 --- [    Test worker] org.hibernate.type.CollectionType        : Created collection wrapper: [fi.vm.sade.organisaatio.model.MonikielinenTeksti.values#1001]
2020-06-10 18:12:09.462 TRACE 55751 --- [    Test worker] org.hibernate.type.CollectionType        : Created collection wrapper: [fi.vm.sade.organisaatio.model.MonikielinenTeksti.values#1007]
Hibernate: 
    select
        values0_.id as id1_3_0_,
        values0_.value as value2_3_0_,
        values0_.key as key3_0_ 
    from
        monikielinen_teksti_values values0_ 
    where
        values0_.id in (
            ?, ?, ?, ?
        )
2020-06-10 18:12:09.463 TRACE 55751 --- [    Test worker] o.h.type.descriptor.sql.BasicBinder      : binding parameter [1] as [BIGINT] - [5]
2020-06-10 18:12:09.463 TRACE 55751 --- [    Test worker] o.h.type.descriptor.sql.BasicBinder      : binding parameter [2] as [BIGINT] - [6]
2020-06-10 18:12:09.463 TRACE 55751 --- [    Test worker] o.h.type.descriptor.sql.BasicBinder      : binding parameter [3] as [BIGINT] - [1001]
2020-06-10 18:12:09.463 TRACE 55751 --- [    Test worker] o.h.type.descriptor.sql.BasicBinder      : binding parameter [4] as [BIGINT] - [1007]
2020-06-10 18:12:09.463 TRACE 55751 --- [    Test worker] o.h.type.descriptor.sql.BasicExtractor   : extracted value ([id1_3_0_] : [BIGINT]) - [5]
2020-06-10 18:12:09.463 TRACE 55751 --- [    Test worker] o.h.type.descriptor.sql.BasicExtractor   : extracted value ([value2_3_0_] : [VARCHAR]) - [node22 foo bar]
2020-06-10 18:12:09.463 TRACE 55751 --- [    Test worker] o.h.type.descriptor.sql.BasicExtractor   : extracted value ([key3_0_] : [VARCHAR]) - [fi]
2020-06-10 18:12:09.463 TRACE 55751 --- [    Test worker] o.h.type.descriptor.sql.BasicExtractor   : extracted value ([id1_3_0_] : [BIGINT]) - [6]
2020-06-10 18:12:09.463 TRACE 55751 --- [    Test worker] o.h.type.descriptor.sql.BasicExtractor   : extracted value ([value2_3_0_] : [VARCHAR]) - [node23 foo bar]
2020-06-10 18:12:09.463 TRACE 55751 --- [    Test worker] o.h.type.descriptor.sql.BasicExtractor   : extracted value ([key3_0_] : [VARCHAR]) - [fi]
2020-06-10 18:12:09.463 TRACE 55751 --- [    Test worker] o.h.type.descriptor.sql.BasicExtractor   : extracted value ([id1_3_0_] : [BIGINT]) - [1007]
2020-06-10 18:12:09.463 TRACE 55751 --- [    Test worker] o.h.type.descriptor.sql.BasicExtractor   : extracted value ([value2_3_0_] : [VARCHAR]) - [node2 foo]
2020-06-10 18:12:09.463 TRACE 55751 --- [    Test worker] o.h.type.descriptor.sql.BasicExtractor   : extracted value ([key3_0_] : [VARCHAR]) - [fi]
Hibernate: 
    select
        nimet0_.organisaatio_id as organisa6_11_2_,
        nimet0_.id as id1_11_2_,
        nimet0_.id as id1_11_1_,
        nimet0_.version as version2_11_1_,
        nimet0_.alkupvm as alkupvm3_11_1_,
        nimet0_.nimi_mkt as nimi_mkt5_11_1_,
        nimet0_.organisaatio_id as organisa6_11_1_,
        nimet0_.paivittaja as paivitta4_11_1_,
        monikielin1_.id as id1_2_0_,
        monikielin1_.version as version2_2_0_ 
    from
        organisaatio_nimi nimet0_ 
    left outer join
        monikielinen_teksti monikielin1_ 
            on nimet0_.nimi_mkt=monikielin1_.id 
    where
        nimet0_.organisaatio_id in (
            ?, ?, ?
        ) 
    order by
        nimet0_.alkupvm
2020-06-10 18:12:09.463 TRACE 55751 --- [    Test worker] o.h.type.descriptor.sql.BasicBinder      : binding parameter [1] as [BIGINT] - [5]
2020-06-10 18:12:09.463 TRACE 55751 --- [    Test worker] o.h.type.descriptor.sql.BasicBinder      : binding parameter [2] as [BIGINT] - [4]
2020-06-10 18:12:09.463 TRACE 55751 --- [    Test worker] o.h.type.descriptor.sql.BasicBinder      : binding parameter [3] as [BIGINT] - [6]
2020-06-10 18:12:09.463 TRACE 55751 --- [    Test worker] o.h.type.descriptor.sql.BasicExtractor   : extracted value ([id1_2_0_] : [BIGINT]) - [4]
2020-06-10 18:12:09.463 TRACE 55751 --- [    Test worker] o.h.type.descriptor.sql.BasicExtractor   : extracted value ([id1_11_1_] : [BIGINT]) - [4]
2020-06-10 18:12:09.463 TRACE 55751 --- [    Test worker] o.h.type.descriptor.sql.BasicExtractor   : extracted value ([version2_2_0_] : [BIGINT]) - [0]
2020-06-10 18:12:09.464 TRACE 55751 --- [    Test worker] o.h.type.descriptor.sql.BasicExtractor   : extracted value ([version2_11_1_] : [BIGINT]) - [0]
2020-06-10 18:12:09.464 TRACE 55751 --- [    Test worker] o.h.type.descriptor.sql.BasicExtractor   : extracted value ([alkupvm3_11_1_] : [DATE]) - [1970-01-01]
2020-06-10 18:12:09.464 TRACE 55751 --- [    Test worker] o.h.type.descriptor.sql.BasicExtractor   : extracted value ([nimi_mkt5_11_1_] : [BIGINT]) - [4]
2020-06-10 18:12:09.464 TRACE 55751 --- [    Test worker] o.h.type.descriptor.sql.BasicExtractor   : extracted value ([organisa6_11_1_] : [BIGINT]) - [4]
2020-06-10 18:12:09.464 TRACE 55751 --- [    Test worker] o.h.type.descriptor.sql.BasicExtractor   : extracted value ([paivitta4_11_1_] : [VARCHAR]) - [null]
2020-06-10 18:12:09.464 TRACE 55751 --- [    Test worker] o.h.type.descriptor.sql.BasicExtractor   : extracted value ([organisa6_11_2_] : [BIGINT]) - [4]
2020-06-10 18:12:09.464 TRACE 55751 --- [    Test worker] o.h.type.descriptor.sql.BasicExtractor   : extracted value ([id1_11_2_] : [BIGINT]) - [4]
2020-06-10 18:12:09.464 TRACE 55751 --- [    Test worker] o.h.type.descriptor.sql.BasicExtractor   : extracted value ([id1_2_0_] : [BIGINT]) - [1007]
2020-06-10 18:12:09.464 TRACE 55751 --- [    Test worker] o.h.type.descriptor.sql.BasicExtractor   : extracted value ([id1_11_1_] : [BIGINT]) - [10]
2020-06-10 18:12:09.464 TRACE 55751 --- [    Test worker] o.h.type.descriptor.sql.BasicExtractor   : extracted value ([version2_11_1_] : [BIGINT]) - [0]
2020-06-10 18:12:09.464 TRACE 55751 --- [    Test worker] o.h.type.descriptor.sql.BasicExtractor   : extracted value ([alkupvm3_11_1_] : [DATE]) - [1970-01-01]
2020-06-10 18:12:09.464 TRACE 55751 --- [    Test worker] o.h.type.descriptor.sql.BasicExtractor   : extracted value ([nimi_mkt5_11_1_] : [BIGINT]) - [1007]
2020-06-10 18:12:09.464 TRACE 55751 --- [    Test worker] o.h.type.descriptor.sql.BasicExtractor   : extracted value ([organisa6_11_1_] : [BIGINT]) - [4]
2020-06-10 18:12:09.464 TRACE 55751 --- [    Test worker] o.h.type.descriptor.sql.BasicExtractor   : extracted value ([paivitta4_11_1_] : [VARCHAR]) - [null]
2020-06-10 18:12:09.464 TRACE 55751 --- [    Test worker] o.h.type.descriptor.sql.BasicExtractor   : extracted value ([organisa6_11_2_] : [BIGINT]) - [4]
2020-06-10 18:12:09.464 TRACE 55751 --- [    Test worker] o.h.type.descriptor.sql.BasicExtractor   : extracted value ([id1_11_2_] : [BIGINT]) - [10]
2020-06-10 18:12:09.464 TRACE 55751 --- [    Test worker] o.h.type.descriptor.sql.BasicExtractor   : extracted value ([id1_2_0_] : [BIGINT]) - [5]
2020-06-10 18:12:09.464 TRACE 55751 --- [    Test worker] o.h.type.descriptor.sql.BasicExtractor   : extracted value ([id1_11_1_] : [BIGINT]) - [5]
2020-06-10 18:12:09.464 TRACE 55751 --- [    Test worker] o.h.type.descriptor.sql.BasicExtractor   : extracted value ([version2_11_1_] : [BIGINT]) - [0]
2020-06-10 18:12:09.464 TRACE 55751 --- [    Test worker] o.h.type.descriptor.sql.BasicExtractor   : extracted value ([alkupvm3_11_1_] : [DATE]) - [1970-01-01]
2020-06-10 18:12:09.464 TRACE 55751 --- [    Test worker] o.h.type.descriptor.sql.BasicExtractor   : extracted value ([nimi_mkt5_11_1_] : [BIGINT]) - [5]
2020-06-10 18:12:09.464 TRACE 55751 --- [    Test worker] o.h.type.descriptor.sql.BasicExtractor   : extracted value ([organisa6_11_1_] : [BIGINT]) - [5]
2020-06-10 18:12:09.464 TRACE 55751 --- [    Test worker] o.h.type.descriptor.sql.BasicExtractor   : extracted value ([paivitta4_11_1_] : [VARCHAR]) - [null]
2020-06-10 18:12:09.464 TRACE 55751 --- [    Test worker] o.h.type.descriptor.sql.BasicExtractor   : extracted value ([organisa6_11_2_] : [BIGINT]) - [5]
2020-06-10 18:12:09.464 TRACE 55751 --- [    Test worker] o.h.type.descriptor.sql.BasicExtractor   : extracted value ([id1_11_2_] : [BIGINT]) - [5]
2020-06-10 18:12:09.464 TRACE 55751 --- [    Test worker] o.h.type.descriptor.sql.BasicExtractor   : extracted value ([id1_2_0_] : [BIGINT]) - [6]
2020-06-10 18:12:09.464 TRACE 55751 --- [    Test worker] o.h.type.descriptor.sql.BasicExtractor   : extracted value ([id1_11_1_] : [BIGINT]) - [6]
2020-06-10 18:12:09.464 TRACE 55751 --- [    Test worker] o.h.type.descriptor.sql.BasicExtractor   : extracted value ([version2_11_1_] : [BIGINT]) - [0]
2020-06-10 18:12:09.464 TRACE 55751 --- [    Test worker] o.h.type.descriptor.sql.BasicExtractor   : extracted value ([alkupvm3_11_1_] : [DATE]) - [1970-01-01]
2020-06-10 18:12:09.464 TRACE 55751 --- [    Test worker] o.h.type.descriptor.sql.BasicExtractor   : extracted value ([nimi_mkt5_11_1_] : [BIGINT]) - [6]
2020-06-10 18:12:09.464 TRACE 55751 --- [    Test worker] o.h.type.descriptor.sql.BasicExtractor   : extracted value ([organisa6_11_1_] : [BIGINT]) - [6]
2020-06-10 18:12:09.464 TRACE 55751 --- [    Test worker] o.h.type.descriptor.sql.BasicExtractor   : extracted value ([paivitta4_11_1_] : [VARCHAR]) - [null]
2020-06-10 18:12:09.464 TRACE 55751 --- [    Test worker] o.h.type.descriptor.sql.BasicExtractor   : extracted value ([organisa6_11_2_] : [BIGINT]) - [6]
2020-06-10 18:12:09.464 TRACE 55751 --- [    Test worker] o.h.type.descriptor.sql.BasicExtractor   : extracted value ([id1_11_2_] : [BIGINT]) - [6]
2020-06-10 18:12:09.464 TRACE 55751 --- [    Test worker] org.hibernate.type.CollectionType        : Created collection wrapper: [fi.vm.sade.organisaatio.model.MonikielinenTeksti.values#4]
Hibernate: 
    select
        yhteystied0_.organisaatio_id as organis21_25_1_,
        yhteystied0_.id as id2_25_1_,
        yhteystied0_.id as id2_25_0_,
        yhteystied0_.version as version3_25_0_,
        yhteystied0_.kieli as kieli4_25_0_,
        yhteystied0_.organisaatio_id as organis21_25_0_,
        yhteystied0_.yhteystieto_oid as yhteysti5_25_0_,
        yhteystied0_.email as email6_25_0_,
        yhteystied0_.coordinatetype as coordina7_25_0_,
        yhteystied0_.extrarivi as extrariv8_25_0_,
        yhteystied0_.lat as lat9_25_0_,
        yhteystied0_.lng as lng10_25_0_,
        yhteystied0_.maa as maa11_25_0_,
        yhteystied0_.osavaltio as osavalt12_25_0_,
        yhteystied0_.osoite as osoite13_25_0_,
        yhteystied0_.osoite_tyyppi as osoite_14_25_0_,
        yhteystied0_.postinumero as postinu15_25_0_,
        yhteystied0_.postitoimipaikka as postito16_25_0_,
        yhteystied0_.ytjpaivityspvm as ytjpaiv17_25_0_,
        yhteystied0_.puhelinnumero as puhelin18_25_0_,
        yhteystied0_.tyyppi as tyyppi19_25_0_,
        yhteystied0_.www_osoite as www_oso20_25_0_,
        yhteystied0_.dtype as dtype1_25_0_ 
    from
        yhteystieto yhteystied0_ 
    where
        yhteystied0_.organisaatio_id in (
            ?, ?, ?
        )
2020-06-10 18:12:09.465 TRACE 55751 --- [    Test worker] o.h.type.descriptor.sql.BasicBinder      : binding parameter [1] as [BIGINT] - [5]
2020-06-10 18:12:09.465 TRACE 55751 --- [    Test worker] o.h.type.descriptor.sql.BasicBinder      : binding parameter [2] as [BIGINT] - [4]
2020-06-10 18:12:09.465 TRACE 55751 --- [    Test worker] o.h.type.descriptor.sql.BasicBinder      : binding parameter [3] as [BIGINT] - [6]
2020-06-10 18:12:09.465 TRACE 55751 --- [    Test worker] o.h.type.descriptor.sql.BasicExtractor   : extracted value ([id2_25_0_] : [BIGINT]) - [1311]
2020-06-10 18:12:09.465 TRACE 55751 --- [    Test worker] o.h.type.descriptor.sql.BasicExtractor   : extracted value ([dtype1_25_0_] : [VARCHAR]) - [Osoite]
2020-06-10 18:12:09.465 TRACE 55751 --- [    Test worker] o.h.type.descriptor.sql.BasicExtractor   : extracted value ([version3_25_0_] : [BIGINT]) - [0]
2020-06-10 18:12:09.465 TRACE 55751 --- [    Test worker] o.h.type.descriptor.sql.BasicExtractor   : extracted value ([kieli4_25_0_] : [VARCHAR]) - [kieli_fi#1]
2020-06-10 18:12:09.465 TRACE 55751 --- [    Test worker] o.h.type.descriptor.sql.BasicExtractor   : extracted value ([organis21_25_0_] : [BIGINT]) - [4]
2020-06-10 18:12:09.465 TRACE 55751 --- [    Test worker] o.h.type.descriptor.sql.BasicExtractor   : extracted value ([yhteysti5_25_0_] : [VARCHAR]) - [14175174065080.4219192693239784]
2020-06-10 18:12:09.465 TRACE 55751 --- [    Test worker] o.h.type.descriptor.sql.BasicExtractor   : extracted value ([coordina7_25_0_] : [VARCHAR]) - [null]
2020-06-10 18:12:09.465 TRACE 55751 --- [    Test worker] o.h.type.descriptor.sql.BasicExtractor   : extracted value ([extrariv8_25_0_] : [VARCHAR]) - [null]
2020-06-10 18:12:09.465 TRACE 55751 --- [    Test worker] o.h.type.descriptor.sql.BasicExtractor   : extracted value ([lat9_25_0_] : [DOUBLE]) - [null]
2020-06-10 18:12:09.465 TRACE 55751 --- [    Test worker] o.h.type.descriptor.sql.BasicExtractor   : extracted value ([lng10_25_0_] : [DOUBLE]) - [null]
2020-06-10 18:12:09.465 TRACE 55751 --- [    Test worker] o.h.type.descriptor.sql.BasicExtractor   : extracted value ([maa11_25_0_] : [VARCHAR]) - [null]
2020-06-10 18:12:09.465 TRACE 55751 --- [    Test worker] o.h.type.descriptor.sql.BasicExtractor   : extracted value ([osavalt12_25_0_] : [VARCHAR]) - [null]
2020-06-10 18:12:09.465 TRACE 55751 --- [    Test worker] o.h.type.descriptor.sql.BasicExtractor   : extracted value ([osoite13_25_0_] : [VARCHAR]) - [Mannerheimintie 1]
2020-06-10 18:12:09.465 TRACE 55751 --- [    Test worker] o.h.type.descriptor.sql.BasicExtractor   : extracted value ([osoite_14_25_0_] : [VARCHAR]) - [posti]
2020-06-10 18:12:09.465 TRACE 55751 --- [    Test worker] o.h.type.descriptor.sql.BasicExtractor   : extracted value ([postinu15_25_0_] : [VARCHAR]) - [posti_00100]
2020-06-10 18:12:09.465 TRACE 55751 --- [    Test worker] o.h.type.descriptor.sql.BasicExtractor   : extracted value ([postito16_25_0_] : [VARCHAR]) - [Helsinki]
2020-06-10 18:12:09.465 TRACE 55751 --- [    Test worker] o.h.type.descriptor.sql.BasicExtractor   : extracted value ([ytjpaiv17_25_0_] : [DATE]) - [null]
2020-06-10 18:12:09.465 TRACE 55751 --- [    Test worker] o.h.type.descriptor.sql.BasicExtractor   : extracted value ([organis21_25_1_] : [BIGINT]) - [4]
2020-06-10 18:12:09.465 TRACE 55751 --- [    Test worker] o.h.type.descriptor.sql.BasicExtractor   : extracted value ([id2_25_1_] : [BIGINT]) - [1311]
2020-06-10 18:12:09.465 TRACE 55751 --- [    Test worker] o.h.type.descriptor.sql.BasicExtractor   : extracted value ([id2_25_0_] : [BIGINT]) - [1312]
2020-06-10 18:12:09.465 TRACE 55751 --- [    Test worker] o.h.type.descriptor.sql.BasicExtractor   : extracted value ([dtype1_25_0_] : [VARCHAR]) - [Osoite]
2020-06-10 18:12:09.465 TRACE 55751 --- [    Test worker] o.h.type.descriptor.sql.BasicExtractor   : extracted value ([version3_25_0_] : [BIGINT]) - [0]
2020-06-10 18:12:09.465 TRACE 55751 --- [    Test worker] o.h.type.descriptor.sql.BasicExtractor   : extracted value ([kieli4_25_0_] : [VARCHAR]) - [kieli_fi#1]
2020-06-10 18:12:09.465 TRACE 55751 --- [    Test worker] o.h.type.descriptor.sql.BasicExtractor   : extracted value ([organis21_25_0_] : [BIGINT]) - [4]
2020-06-10 18:12:09.465 TRACE 55751 --- [    Test worker] o.h.type.descriptor.sql.BasicExtractor   : extracted value ([yhteysti5_25_0_] : [VARCHAR]) - [14175174065080.550941563558955]
2020-06-10 18:12:09.465 TRACE 55751 --- [    Test worker] o.h.type.descriptor.sql.BasicExtractor   : extracted value ([coordina7_25_0_] : [VARCHAR]) - [null]
2020-06-10 18:12:09.465 TRACE 55751 --- [    Test worker] o.h.type.descriptor.sql.BasicExtractor   : extracted value ([extrariv8_25_0_] : [VARCHAR]) - [null]
2020-06-10 18:12:09.466 TRACE 55751 --- [    Test worker] o.h.type.descriptor.sql.BasicExtractor   : extracted value ([lat9_25_0_] : [DOUBLE]) - [null]
2020-06-10 18:12:09.466 TRACE 55751 --- [    Test worker] o.h.type.descriptor.sql.BasicExtractor   : extracted value ([lng10_25_0_] : [DOUBLE]) - [null]
2020-06-10 18:12:09.466 TRACE 55751 --- [    Test worker] o.h.type.descriptor.sql.BasicExtractor   : extracted value ([maa11_25_0_] : [VARCHAR]) - [null]
2020-06-10 18:12:09.466 TRACE 55751 --- [    Test worker] o.h.type.descriptor.sql.BasicExtractor   : extracted value ([osavalt12_25_0_] : [VARCHAR]) - [null]
2020-06-10 18:12:09.466 TRACE 55751 --- [    Test worker] o.h.type.descriptor.sql.BasicExtractor   : extracted value ([osoite13_25_0_] : [VARCHAR]) - [Mannerheimintie 1]
2020-06-10 18:12:09.466 TRACE 55751 --- [    Test worker] o.h.type.descriptor.sql.BasicExtractor   : extracted value ([osoite_14_25_0_] : [VARCHAR]) - [kaynti]
2020-06-10 18:12:09.466 TRACE 55751 --- [    Test worker] o.h.type.descriptor.sql.BasicExtractor   : extracted value ([postinu15_25_0_] : [VARCHAR]) - [posti_00100]
2020-06-10 18:12:09.466 TRACE 55751 --- [    Test worker] o.h.type.descriptor.sql.BasicExtractor   : extracted value ([postito16_25_0_] : [VARCHAR]) - [Helsinki]
2020-06-10 18:12:09.466 TRACE 55751 --- [    Test worker] o.h.type.descriptor.sql.BasicExtractor   : extracted value ([ytjpaiv17_25_0_] : [DATE]) - [null]
2020-06-10 18:12:09.466 TRACE 55751 --- [    Test worker] o.h.type.descriptor.sql.BasicExtractor   : extracted value ([organis21_25_1_] : [BIGINT]) - [4]
2020-06-10 18:12:09.466 TRACE 55751 --- [    Test worker] o.h.type.descriptor.sql.BasicExtractor   : extracted value ([id2_25_1_] : [BIGINT]) - [1312]
2020-06-10 18:12:09.466 TRACE 55751 --- [    Test worker] o.h.type.descriptor.sql.BasicExtractor   : extracted value ([id2_25_0_] : [BIGINT]) - [1313]
2020-06-10 18:12:09.466 TRACE 55751 --- [    Test worker] o.h.type.descriptor.sql.BasicExtractor   : extracted value ([dtype1_25_0_] : [VARCHAR]) - [Puhelinnumero]
2020-06-10 18:12:09.466 TRACE 55751 --- [    Test worker] o.h.type.descriptor.sql.BasicExtractor   : extracted value ([version3_25_0_] : [BIGINT]) - [0]
2020-06-10 18:12:09.466 TRACE 55751 --- [    Test worker] o.h.type.descriptor.sql.BasicExtractor   : extracted value ([kieli4_25_0_] : [VARCHAR]) - [kieli_fi#1]
2020-06-10 18:12:09.466 TRACE 55751 --- [    Test worker] o.h.type.descriptor.sql.BasicExtractor   : extracted value ([organis21_25_0_] : [BIGINT]) - [4]
2020-06-10 18:12:09.466 TRACE 55751 --- [    Test worker] o.h.type.descriptor.sql.BasicExtractor   : extracted value ([yhteysti5_25_0_] : [VARCHAR]) - [14175174065080.10010532775601144]
2020-06-10 18:12:09.466 TRACE 55751 --- [    Test worker] o.h.type.descriptor.sql.BasicExtractor   : extracted value ([puhelin18_25_0_] : [VARCHAR]) - [12345]
2020-06-10 18:12:09.466 TRACE 55751 --- [    Test worker] o.h.type.descriptor.sql.BasicExtractor   : extracted value ([tyyppi19_25_0_] : [VARCHAR]) - [puhelin]
2020-06-10 18:12:09.466 TRACE 55751 --- [    Test worker] o.h.type.descriptor.sql.BasicExtractor   : extracted value ([organis21_25_1_] : [BIGINT]) - [4]
2020-06-10 18:12:09.466 TRACE 55751 --- [    Test worker] o.h.type.descriptor.sql.BasicExtractor   : extracted value ([id2_25_1_] : [BIGINT]) - [1313]
2020-06-10 18:12:09.466 TRACE 55751 --- [    Test worker] o.h.type.descriptor.sql.BasicExtractor   : extracted value ([id2_25_0_] : [BIGINT]) - [1314]
2020-06-10 18:12:09.466 TRACE 55751 --- [    Test worker] o.h.type.descriptor.sql.BasicExtractor   : extracted value ([dtype1_25_0_] : [VARCHAR]) - [Www]
2020-06-10 18:12:09.466 TRACE 55751 --- [    Test worker] o.h.type.descriptor.sql.BasicExtractor   : extracted value ([version3_25_0_] : [BIGINT]) - [0]
2020-06-10 18:12:09.466 TRACE 55751 --- [    Test worker] o.h.type.descriptor.sql.BasicExtractor   : extracted value ([kieli4_25_0_] : [VARCHAR]) - [kieli_fi#1]
2020-06-10 18:12:09.466 TRACE 55751 --- [    Test worker] o.h.type.descriptor.sql.BasicExtractor   : extracted value ([organis21_25_0_] : [BIGINT]) - [4]
2020-06-10 18:12:09.466 TRACE 55751 --- [    Test worker] o.h.type.descriptor.sql.BasicExtractor   : extracted value ([yhteysti5_25_0_] : [VARCHAR]) - [14175174065080.48943728578096246]
2020-06-10 18:12:09.466 TRACE 55751 --- [    Test worker] o.h.type.descriptor.sql.BasicExtractor   : extracted value ([www_oso20_25_0_] : [VARCHAR]) - [http://www.oph.fi]
2020-06-10 18:12:09.466 TRACE 55751 --- [    Test worker] o.h.type.descriptor.sql.BasicExtractor   : extracted value ([organis21_25_1_] : [BIGINT]) - [4]
2020-06-10 18:12:09.466 TRACE 55751 --- [    Test worker] o.h.type.descriptor.sql.BasicExtractor   : extracted value ([id2_25_1_] : [BIGINT]) - [1314]
2020-06-10 18:12:09.466 TRACE 55751 --- [    Test worker] o.h.type.descriptor.sql.BasicExtractor   : extracted value ([id2_25_0_] : [BIGINT]) - [1315]
2020-06-10 18:12:09.466 TRACE 55751 --- [    Test worker] o.h.type.descriptor.sql.BasicExtractor   : extracted value ([dtype1_25_0_] : [VARCHAR]) - [Email]
2020-06-10 18:12:09.466 TRACE 55751 --- [    Test worker] o.h.type.descriptor.sql.BasicExtractor   : extracted value ([version3_25_0_] : [BIGINT]) - [0]
2020-06-10 18:12:09.466 TRACE 55751 --- [    Test worker] o.h.type.descriptor.sql.BasicExtractor   : extracted value ([kieli4_25_0_] : [VARCHAR]) - [kieli_fi#1]
2020-06-10 18:12:09.466 TRACE 55751 --- [    Test worker] o.h.type.descriptor.sql.BasicExtractor   : extracted value ([organis21_25_0_] : [BIGINT]) - [4]
2020-06-10 18:12:09.466 TRACE 55751 --- [    Test worker] o.h.type.descriptor.sql.BasicExtractor   : extracted value ([yhteysti5_25_0_] : [VARCHAR]) - [14175174065080.4533891151600614]
2020-06-10 18:12:09.466 TRACE 55751 --- [    Test worker] o.h.type.descriptor.sql.BasicExtractor   : extracted value ([email6_25_0_] : [VARCHAR]) - [testi@oph.fi]
2020-06-10 18:12:09.466 TRACE 55751 --- [    Test worker] o.h.type.descriptor.sql.BasicExtractor   : extracted value ([organis21_25_1_] : [BIGINT]) - [4]
2020-06-10 18:12:09.466 TRACE 55751 --- [    Test worker] o.h.type.descriptor.sql.BasicExtractor   : extracted value ([id2_25_1_] : [BIGINT]) - [1315]
2020-06-10 18:12:09.466 TRACE 55751 --- [    Test worker] o.h.type.descriptor.sql.BasicExtractor   : extracted value ([id2_25_0_] : [BIGINT]) - [25]
2020-06-10 18:12:09.466 TRACE 55751 --- [    Test worker] o.h.type.descriptor.sql.BasicExtractor   : extracted value ([dtype1_25_0_] : [VARCHAR]) - [Osoite]
2020-06-10 18:12:09.466 TRACE 55751 --- [    Test worker] o.h.type.descriptor.sql.BasicExtractor   : extracted value ([version3_25_0_] : [BIGINT]) - [0]
2020-06-10 18:12:09.466 TRACE 55751 --- [    Test worker] o.h.type.descriptor.sql.BasicExtractor   : extracted value ([kieli4_25_0_] : [VARCHAR]) - [kieli_fi#1]
2020-06-10 18:12:09.466 TRACE 55751 --- [    Test worker] o.h.type.descriptor.sql.BasicExtractor   : extracted value ([organis21_25_0_] : [BIGINT]) - [5]
2020-06-10 18:12:09.466 TRACE 55751 --- [    Test worker] o.h.type.descriptor.sql.BasicExtractor   : extracted value ([yhteysti5_25_0_] : [VARCHAR]) - [14175174065360.6247828466966071]
2020-06-10 18:12:09.466 TRACE 55751 --- [    Test worker] o.h.type.descriptor.sql.BasicExtractor   : extracted value ([coordina7_25_0_] : [VARCHAR]) - [null]
2020-06-10 18:12:09.466 TRACE 55751 --- [    Test worker] o.h.type.descriptor.sql.BasicExtractor   : extracted value ([extrariv8_25_0_] : [VARCHAR]) - [null]
2020-06-10 18:12:09.466 TRACE 55751 --- [    Test worker] o.h.type.descriptor.sql.BasicExtractor   : extracted value ([lat9_25_0_] : [DOUBLE]) - [null]
2020-06-10 18:12:09.466 TRACE 55751 --- [    Test worker] o.h.type.descriptor.sql.BasicExtractor   : extracted value ([lng10_25_0_] : [DOUBLE]) - [null]
2020-06-10 18:12:09.466 TRACE 55751 --- [    Test worker] o.h.type.descriptor.sql.BasicExtractor   : extracted value ([maa11_25_0_] : [VARCHAR]) - [null]
2020-06-10 18:12:09.466 TRACE 55751 --- [    Test worker] o.h.type.descriptor.sql.BasicExtractor   : extracted value ([osavalt12_25_0_] : [VARCHAR]) - [null]
2020-06-10 18:12:09.466 TRACE 55751 --- [    Test worker] o.h.type.descriptor.sql.BasicExtractor   : extracted value ([osoite13_25_0_] : [VARCHAR]) - [Mannerheimintie 1]
2020-06-10 18:12:09.466 TRACE 55751 --- [    Test worker] o.h.type.descriptor.sql.BasicExtractor   : extracted value ([osoite_14_25_0_] : [VARCHAR]) - [posti]
2020-06-10 18:12:09.466 TRACE 55751 --- [    Test worker] o.h.type.descriptor.sql.BasicExtractor   : extracted value ([postinu15_25_0_] : [VARCHAR]) - [posti_00100]
2020-06-10 18:12:09.466 TRACE 55751 --- [    Test worker] o.h.type.descriptor.sql.BasicExtractor   : extracted value ([postito16_25_0_] : [VARCHAR]) - [Helsinki]
2020-06-10 18:12:09.466 TRACE 55751 --- [    Test worker] o.h.type.descriptor.sql.BasicExtractor   : extracted value ([ytjpaiv17_25_0_] : [DATE]) - [null]
2020-06-10 18:12:09.466 TRACE 55751 --- [    Test worker] o.h.type.descriptor.sql.BasicExtractor   : extracted value ([organis21_25_1_] : [BIGINT]) - [5]
2020-06-10 18:12:09.466 TRACE 55751 --- [    Test worker] o.h.type.descriptor.sql.BasicExtractor   : extracted value ([id2_25_1_] : [BIGINT]) - [25]
2020-06-10 18:12:09.466 TRACE 55751 --- [    Test worker] o.h.type.descriptor.sql.BasicExtractor   : extracted value ([id2_25_0_] : [BIGINT]) - [26]
2020-06-10 18:12:09.466 TRACE 55751 --- [    Test worker] o.h.type.descriptor.sql.BasicExtractor   : extracted value ([dtype1_25_0_] : [VARCHAR]) - [Osoite]
2020-06-10 18:12:09.467 TRACE 55751 --- [    Test worker] o.h.type.descriptor.sql.BasicExtractor   : extracted value ([version3_25_0_] : [BIGINT]) - [0]
2020-06-10 18:12:09.467 TRACE 55751 --- [    Test worker] o.h.type.descriptor.sql.BasicExtractor   : extracted value ([kieli4_25_0_] : [VARCHAR]) - [kieli_fi#1]
2020-06-10 18:12:09.467 TRACE 55751 --- [    Test worker] o.h.type.descriptor.sql.BasicExtractor   : extracted value ([organis21_25_0_] : [BIGINT]) - [5]
2020-06-10 18:12:09.467 TRACE 55751 --- [    Test worker] o.h.type.descriptor.sql.BasicExtractor   : extracted value ([yhteysti5_25_0_] : [VARCHAR]) - [14175174065360.9464436263842728]
2020-06-10 18:12:09.467 TRACE 55751 --- [    Test worker] o.h.type.descriptor.sql.BasicExtractor   : extracted value ([coordina7_25_0_] : [VARCHAR]) - [null]
2020-06-10 18:12:09.467 TRACE 55751 --- [    Test worker] o.h.type.descriptor.sql.BasicExtractor   : extracted value ([extrariv8_25_0_] : [VARCHAR]) - [null]
2020-06-10 18:12:09.467 TRACE 55751 --- [    Test worker] o.h.type.descriptor.sql.BasicExtractor   : extracted value ([lat9_25_0_] : [DOUBLE]) - [null]
2020-06-10 18:12:09.467 TRACE 55751 --- [    Test worker] o.h.type.descriptor.sql.BasicExtractor   : extracted value ([lng10_25_0_] : [DOUBLE]) - [null]
2020-06-10 18:12:09.467 TRACE 55751 --- [    Test worker] o.h.type.descriptor.sql.BasicExtractor   : extracted value ([maa11_25_0_] : [VARCHAR]) - [null]
2020-06-10 18:12:09.467 TRACE 55751 --- [    Test worker] o.h.type.descriptor.sql.BasicExtractor   : extracted value ([osavalt12_25_0_] : [VARCHAR]) - [null]
2020-06-10 18:12:09.467 TRACE 55751 --- [    Test worker] o.h.type.descriptor.sql.BasicExtractor   : extracted value ([osoite13_25_0_] : [VARCHAR]) - [Mannerheimintie 1]
2020-06-10 18:12:09.467 TRACE 55751 --- [    Test worker] o.h.type.descriptor.sql.BasicExtractor   : extracted value ([osoite_14_25_0_] : [VARCHAR]) - [kaynti]
2020-06-10 18:12:09.467 TRACE 55751 --- [    Test worker] o.h.type.descriptor.sql.BasicExtractor   : extracted value ([postinu15_25_0_] : [VARCHAR]) - [posti_00100]
2020-06-10 18:12:09.467 TRACE 55751 --- [    Test worker] o.h.type.descriptor.sql.BasicExtractor   : extracted value ([postito16_25_0_] : [VARCHAR]) - [Helsinki]
2020-06-10 18:12:09.467 TRACE 55751 --- [    Test worker] o.h.type.descriptor.sql.BasicExtractor   : extracted value ([ytjpaiv17_25_0_] : [DATE]) - [null]
2020-06-10 18:12:09.467 TRACE 55751 --- [    Test worker] o.h.type.descriptor.sql.BasicExtractor   : extracted value ([organis21_25_1_] : [BIGINT]) - [5]
2020-06-10 18:12:09.467 TRACE 55751 --- [    Test worker] o.h.type.descriptor.sql.BasicExtractor   : extracted value ([id2_25_1_] : [BIGINT]) - [26]
2020-06-10 18:12:09.467 TRACE 55751 --- [    Test worker] o.h.type.descriptor.sql.BasicExtractor   : extracted value ([id2_25_0_] : [BIGINT]) - [27]
2020-06-10 18:12:09.467 TRACE 55751 --- [    Test worker] o.h.type.descriptor.sql.BasicExtractor   : extracted value ([dtype1_25_0_] : [VARCHAR]) - [Puhelinnumero]
2020-06-10 18:12:09.467 TRACE 55751 --- [    Test worker] o.h.type.descriptor.sql.BasicExtractor   : extracted value ([version3_25_0_] : [BIGINT]) - [0]
2020-06-10 18:12:09.467 TRACE 55751 --- [    Test worker] o.h.type.descriptor.sql.BasicExtractor   : extracted value ([kieli4_25_0_] : [VARCHAR]) - [kieli_fi#1]
2020-06-10 18:12:09.467 TRACE 55751 --- [    Test worker] o.h.type.descriptor.sql.BasicExtractor   : extracted value ([organis21_25_0_] : [BIGINT]) - [5]
2020-06-10 18:12:09.467 TRACE 55751 --- [    Test worker] o.h.type.descriptor.sql.BasicExtractor   : extracted value ([yhteysti5_25_0_] : [VARCHAR]) - [14175174065360.2214006361289652]
2020-06-10 18:12:09.467 TRACE 55751 --- [    Test worker] o.h.type.descriptor.sql.BasicExtractor   : extracted value ([puhelin18_25_0_] : [VARCHAR]) - [12345]
2020-06-10 18:12:09.467 TRACE 55751 --- [    Test worker] o.h.type.descriptor.sql.BasicExtractor   : extracted value ([tyyppi19_25_0_] : [VARCHAR]) - [puhelin]
2020-06-10 18:12:09.467 TRACE 55751 --- [    Test worker] o.h.type.descriptor.sql.BasicExtractor   : extracted value ([organis21_25_1_] : [BIGINT]) - [5]
2020-06-10 18:12:09.467 TRACE 55751 --- [    Test worker] o.h.type.descriptor.sql.BasicExtractor   : extracted value ([id2_25_1_] : [BIGINT]) - [27]
2020-06-10 18:12:09.467 TRACE 55751 --- [    Test worker] o.h.type.descriptor.sql.BasicExtractor   : extracted value ([id2_25_0_] : [BIGINT]) - [29]
2020-06-10 18:12:09.467 TRACE 55751 --- [    Test worker] o.h.type.descriptor.sql.BasicExtractor   : extracted value ([dtype1_25_0_] : [VARCHAR]) - [Www]
2020-06-10 18:12:09.467 TRACE 55751 --- [    Test worker] o.h.type.descriptor.sql.BasicExtractor   : extracted value ([version3_25_0_] : [BIGINT]) - [0]
2020-06-10 18:12:09.467 TRACE 55751 --- [    Test worker] o.h.type.descriptor.sql.BasicExtractor   : extracted value ([kieli4_25_0_] : [VARCHAR]) - [kieli_fi#1]
2020-06-10 18:12:09.467 TRACE 55751 --- [    Test worker] o.h.type.descriptor.sql.BasicExtractor   : extracted value ([organis21_25_0_] : [BIGINT]) - [5]
2020-06-10 18:12:09.467 TRACE 55751 --- [    Test worker] o.h.type.descriptor.sql.BasicExtractor   : extracted value ([yhteysti5_25_0_] : [VARCHAR]) - [14175174065360.6067320470604116]
2020-06-10 18:12:09.467 TRACE 55751 --- [    Test worker] o.h.type.descriptor.sql.BasicExtractor   : extracted value ([www_oso20_25_0_] : [VARCHAR]) - [http://www.oph.fi]
2020-06-10 18:12:09.467 TRACE 55751 --- [    Test worker] o.h.type.descriptor.sql.BasicExtractor   : extracted value ([organis21_25_1_] : [BIGINT]) - [5]
2020-06-10 18:12:09.467 TRACE 55751 --- [    Test worker] o.h.type.descriptor.sql.BasicExtractor   : extracted value ([id2_25_1_] : [BIGINT]) - [29]
2020-06-10 18:12:09.467 TRACE 55751 --- [    Test worker] o.h.type.descriptor.sql.BasicExtractor   : extracted value ([id2_25_0_] : [BIGINT]) - [30]
2020-06-10 18:12:09.467 TRACE 55751 --- [    Test worker] o.h.type.descriptor.sql.BasicExtractor   : extracted value ([dtype1_25_0_] : [VARCHAR]) - [Email]
2020-06-10 18:12:09.467 TRACE 55751 --- [    Test worker] o.h.type.descriptor.sql.BasicExtractor   : extracted value ([version3_25_0_] : [BIGINT]) - [0]
2020-06-10 18:12:09.467 TRACE 55751 --- [    Test worker] o.h.type.descriptor.sql.BasicExtractor   : extracted value ([kieli4_25_0_] : [VARCHAR]) - [kieli_fi#1]
2020-06-10 18:12:09.467 TRACE 55751 --- [    Test worker] o.h.type.descriptor.sql.BasicExtractor   : extracted value ([organis21_25_0_] : [BIGINT]) - [5]
2020-06-10 18:12:09.467 TRACE 55751 --- [    Test worker] o.h.type.descriptor.sql.BasicExtractor   : extracted value ([yhteysti5_25_0_] : [VARCHAR]) - [14175174065360.7605481160245522]
2020-06-10 18:12:09.467 TRACE 55751 --- [    Test worker] o.h.type.descriptor.sql.BasicExtractor   : extracted value ([email6_25_0_] : [VARCHAR]) - [testi@oph.fi]
2020-06-10 18:12:09.467 TRACE 55751 --- [    Test worker] o.h.type.descriptor.sql.BasicExtractor   : extracted value ([organis21_25_1_] : [BIGINT]) - [5]
2020-06-10 18:12:09.467 TRACE 55751 --- [    Test worker] o.h.type.descriptor.sql.BasicExtractor   : extracted value ([id2_25_1_] : [BIGINT]) - [30]
2020-06-10 18:12:09.467 TRACE 55751 --- [    Test worker] o.h.type.descriptor.sql.BasicExtractor   : extracted value ([id2_25_0_] : [BIGINT]) - [31]
2020-06-10 18:12:09.467 TRACE 55751 --- [    Test worker] o.h.type.descriptor.sql.BasicExtractor   : extracted value ([dtype1_25_0_] : [VARCHAR]) - [Osoite]
2020-06-10 18:12:09.467 TRACE 55751 --- [    Test worker] o.h.type.descriptor.sql.BasicExtractor   : extracted value ([version3_25_0_] : [BIGINT]) - [0]
2020-06-10 18:12:09.467 TRACE 55751 --- [    Test worker] o.h.type.descriptor.sql.BasicExtractor   : extracted value ([kieli4_25_0_] : [VARCHAR]) - [kieli_fi#1]
2020-06-10 18:12:09.467 TRACE 55751 --- [    Test worker] o.h.type.descriptor.sql.BasicExtractor   : extracted value ([organis21_25_0_] : [BIGINT]) - [6]
2020-06-10 18:12:09.467 TRACE 55751 --- [    Test worker] o.h.type.descriptor.sql.BasicExtractor   : extracted value ([yhteysti5_25_0_] : [VARCHAR]) - [14175174065630.9590734144321167]
2020-06-10 18:12:09.467 TRACE 55751 --- [    Test worker] o.h.type.descriptor.sql.BasicExtractor   : extracted value ([coordina7_25_0_] : [VARCHAR]) - [null]
2020-06-10 18:12:09.467 TRACE 55751 --- [    Test worker] o.h.type.descriptor.sql.BasicExtractor   : extracted value ([extrariv8_25_0_] : [VARCHAR]) - [null]
2020-06-10 18:12:09.467 TRACE 55751 --- [    Test worker] o.h.type.descriptor.sql.BasicExtractor   : extracted value ([lat9_25_0_] : [DOUBLE]) - [null]
2020-06-10 18:12:09.467 TRACE 55751 --- [    Test worker] o.h.type.descriptor.sql.BasicExtractor   : extracted value ([lng10_25_0_] : [DOUBLE]) - [null]
2020-06-10 18:12:09.467 TRACE 55751 --- [    Test worker] o.h.type.descriptor.sql.BasicExtractor   : extracted value ([maa11_25_0_] : [VARCHAR]) - [null]
2020-06-10 18:12:09.467 TRACE 55751 --- [    Test worker] o.h.type.descriptor.sql.BasicExtractor   : extracted value ([osavalt12_25_0_] : [VARCHAR]) - [null]
2020-06-10 18:12:09.467 TRACE 55751 --- [    Test worker] o.h.type.descriptor.sql.BasicExtractor   : extracted value ([osoite13_25_0_] : [VARCHAR]) - [Mannerheimintie 1]
2020-06-10 18:12:09.467 TRACE 55751 --- [    Test worker] o.h.type.descriptor.sql.BasicExtractor   : extracted value ([osoite_14_25_0_] : [VARCHAR]) - [posti]
2020-06-10 18:12:09.467 TRACE 55751 --- [    Test worker] o.h.type.descriptor.sql.BasicExtractor   : extracted value ([postinu15_25_0_] : [VARCHAR]) - [posti_00100]
2020-06-10 18:12:09.467 TRACE 55751 --- [    Test worker] o.h.type.descriptor.sql.BasicExtractor   : extracted value ([postito16_25_0_] : [VARCHAR]) - [Helsinki]
2020-06-10 18:12:09.467 TRACE 55751 --- [    Test worker] o.h.type.descriptor.sql.BasicExtractor   : extracted value ([ytjpaiv17_25_0_] : [DATE]) - [null]
2020-06-10 18:12:09.467 TRACE 55751 --- [    Test worker] o.h.type.descriptor.sql.BasicExtractor   : extracted value ([organis21_25_1_] : [BIGINT]) - [6]
2020-06-10 18:12:09.467 TRACE 55751 --- [    Test worker] o.h.type.descriptor.sql.BasicExtractor   : extracted value ([id2_25_1_] : [BIGINT]) - [31]
2020-06-10 18:12:09.467 TRACE 55751 --- [    Test worker] o.h.type.descriptor.sql.BasicExtractor   : extracted value ([id2_25_0_] : [BIGINT]) - [32]
2020-06-10 18:12:09.468 TRACE 55751 --- [    Test worker] o.h.type.descriptor.sql.BasicExtractor   : extracted value ([dtype1_25_0_] : [VARCHAR]) - [Osoite]
2020-06-10 18:12:09.468 TRACE 55751 --- [    Test worker] o.h.type.descriptor.sql.BasicExtractor   : extracted value ([version3_25_0_] : [BIGINT]) - [0]
2020-06-10 18:12:09.468 TRACE 55751 --- [    Test worker] o.h.type.descriptor.sql.BasicExtractor   : extracted value ([kieli4_25_0_] : [VARCHAR]) - [kieli_fi#1]
2020-06-10 18:12:09.468 TRACE 55751 --- [    Test worker] o.h.type.descriptor.sql.BasicExtractor   : extracted value ([organis21_25_0_] : [BIGINT]) - [6]
2020-06-10 18:12:09.468 TRACE 55751 --- [    Test worker] o.h.type.descriptor.sql.BasicExtractor   : extracted value ([yhteysti5_25_0_] : [VARCHAR]) - [14175174065630.7513744924059244]
2020-06-10 18:12:09.468 TRACE 55751 --- [    Test worker] o.h.type.descriptor.sql.BasicExtractor   : extracted value ([coordina7_25_0_] : [VARCHAR]) - [null]
2020-06-10 18:12:09.468 TRACE 55751 --- [    Test worker] o.h.type.descriptor.sql.BasicExtractor   : extracted value ([extrariv8_25_0_] : [VARCHAR]) - [null]
2020-06-10 18:12:09.468 TRACE 55751 --- [    Test worker] o.h.type.descriptor.sql.BasicExtractor   : extracted value ([lat9_25_0_] : [DOUBLE]) - [null]
2020-06-10 18:12:09.468 TRACE 55751 --- [    Test worker] o.h.type.descriptor.sql.BasicExtractor   : extracted value ([lng10_25_0_] : [DOUBLE]) - [null]
2020-06-10 18:12:09.468 TRACE 55751 --- [    Test worker] o.h.type.descriptor.sql.BasicExtractor   : extracted value ([maa11_25_0_] : [VARCHAR]) - [null]
2020-06-10 18:12:09.468 TRACE 55751 --- [    Test worker] o.h.type.descriptor.sql.BasicExtractor   : extracted value ([osavalt12_25_0_] : [VARCHAR]) - [null]
2020-06-10 18:12:09.468 TRACE 55751 --- [    Test worker] o.h.type.descriptor.sql.BasicExtractor   : extracted value ([osoite13_25_0_] : [VARCHAR]) - [Mannerheimintie 1]
2020-06-10 18:12:09.468 TRACE 55751 --- [    Test worker] o.h.type.descriptor.sql.BasicExtractor   : extracted value ([osoite_14_25_0_] : [VARCHAR]) - [kaynti]
2020-06-10 18:12:09.468 TRACE 55751 --- [    Test worker] o.h.type.descriptor.sql.BasicExtractor   : extracted value ([postinu15_25_0_] : [VARCHAR]) - [posti_00100]
2020-06-10 18:12:09.468 TRACE 55751 --- [    Test worker] o.h.type.descriptor.sql.BasicExtractor   : extracted value ([postito16_25_0_] : [VARCHAR]) - [Helsinki]
2020-06-10 18:12:09.468 TRACE 55751 --- [    Test worker] o.h.type.descriptor.sql.BasicExtractor   : extracted value ([ytjpaiv17_25_0_] : [DATE]) - [null]
2020-06-10 18:12:09.468 TRACE 55751 --- [    Test worker] o.h.type.descriptor.sql.BasicExtractor   : extracted value ([organis21_25_1_] : [BIGINT]) - [6]
2020-06-10 18:12:09.468 TRACE 55751 --- [    Test worker] o.h.type.descriptor.sql.BasicExtractor   : extracted value ([id2_25_1_] : [BIGINT]) - [32]
2020-06-10 18:12:09.468 TRACE 55751 --- [    Test worker] o.h.type.descriptor.sql.BasicExtractor   : extracted value ([id2_25_0_] : [BIGINT]) - [33]
2020-06-10 18:12:09.468 TRACE 55751 --- [    Test worker] o.h.type.descriptor.sql.BasicExtractor   : extracted value ([dtype1_25_0_] : [VARCHAR]) - [Puhelinnumero]
2020-06-10 18:12:09.468 TRACE 55751 --- [    Test worker] o.h.type.descriptor.sql.BasicExtractor   : extracted value ([version3_25_0_] : [BIGINT]) - [0]
2020-06-10 18:12:09.468 TRACE 55751 --- [    Test worker] o.h.type.descriptor.sql.BasicExtractor   : extracted value ([kieli4_25_0_] : [VARCHAR]) - [kieli_fi#1]
2020-06-10 18:12:09.468 TRACE 55751 --- [    Test worker] o.h.type.descriptor.sql.BasicExtractor   : extracted value ([organis21_25_0_] : [BIGINT]) - [6]
2020-06-10 18:12:09.468 TRACE 55751 --- [    Test worker] o.h.type.descriptor.sql.BasicExtractor   : extracted value ([yhteysti5_25_0_] : [VARCHAR]) - [14175174065630.6480495083244752]
2020-06-10 18:12:09.468 TRACE 55751 --- [    Test worker] o.h.type.descriptor.sql.BasicExtractor   : extracted value ([puhelin18_25_0_] : [VARCHAR]) - [12345]
2020-06-10 18:12:09.468 TRACE 55751 --- [    Test worker] o.h.type.descriptor.sql.BasicExtractor   : extracted value ([tyyppi19_25_0_] : [VARCHAR]) - [puhelin]
2020-06-10 18:12:09.468 TRACE 55751 --- [    Test worker] o.h.type.descriptor.sql.BasicExtractor   : extracted value ([organis21_25_1_] : [BIGINT]) - [6]
2020-06-10 18:12:09.468 TRACE 55751 --- [    Test worker] o.h.type.descriptor.sql.BasicExtractor   : extracted value ([id2_25_1_] : [BIGINT]) - [33]
2020-06-10 18:12:09.468 TRACE 55751 --- [    Test worker] o.h.type.descriptor.sql.BasicExtractor   : extracted value ([id2_25_0_] : [BIGINT]) - [35]
2020-06-10 18:12:09.468 TRACE 55751 --- [    Test worker] o.h.type.descriptor.sql.BasicExtractor   : extracted value ([dtype1_25_0_] : [VARCHAR]) - [Www]
2020-06-10 18:12:09.468 TRACE 55751 --- [    Test worker] o.h.type.descriptor.sql.BasicExtractor   : extracted value ([version3_25_0_] : [BIGINT]) - [0]
2020-06-10 18:12:09.468 TRACE 55751 --- [    Test worker] o.h.type.descriptor.sql.BasicExtractor   : extracted value ([kieli4_25_0_] : [VARCHAR]) - [kieli_fi#1]
2020-06-10 18:12:09.468 TRACE 55751 --- [    Test worker] o.h.type.descriptor.sql.BasicExtractor   : extracted value ([organis21_25_0_] : [BIGINT]) - [6]
2020-06-10 18:12:09.468 TRACE 55751 --- [    Test worker] o.h.type.descriptor.sql.BasicExtractor   : extracted value ([yhteysti5_25_0_] : [VARCHAR]) - [14175174065630.6106530088032424]
2020-06-10 18:12:09.468 TRACE 55751 --- [    Test worker] o.h.type.descriptor.sql.BasicExtractor   : extracted value ([www_oso20_25_0_] : [VARCHAR]) - [http://www.oph.fi]
2020-06-10 18:12:09.468 TRACE 55751 --- [    Test worker] o.h.type.descriptor.sql.BasicExtractor   : extracted value ([organis21_25_1_] : [BIGINT]) - [6]
2020-06-10 18:12:09.468 TRACE 55751 --- [    Test worker] o.h.type.descriptor.sql.BasicExtractor   : extracted value ([id2_25_1_] : [BIGINT]) - [35]
2020-06-10 18:12:09.468 TRACE 55751 --- [    Test worker] o.h.type.descriptor.sql.BasicExtractor   : extracted value ([id2_25_0_] : [BIGINT]) - [36]
2020-06-10 18:12:09.468 TRACE 55751 --- [    Test worker] o.h.type.descriptor.sql.BasicExtractor   : extracted value ([dtype1_25_0_] : [VARCHAR]) - [Email]
2020-06-10 18:12:09.468 TRACE 55751 --- [    Test worker] o.h.type.descriptor.sql.BasicExtractor   : extracted value ([version3_25_0_] : [BIGINT]) - [0]
2020-06-10 18:12:09.468 TRACE 55751 --- [    Test worker] o.h.type.descriptor.sql.BasicExtractor   : extracted value ([kieli4_25_0_] : [VARCHAR]) - [kieli_fi#1]
2020-06-10 18:12:09.468 TRACE 55751 --- [    Test worker] o.h.type.descriptor.sql.BasicExtractor   : extracted value ([organis21_25_0_] : [BIGINT]) - [6]
2020-06-10 18:12:09.468 TRACE 55751 --- [    Test worker] o.h.type.descriptor.sql.BasicExtractor   : extracted value ([yhteysti5_25_0_] : [VARCHAR]) - [14175174065630.7174733712778176]
2020-06-10 18:12:09.468 TRACE 55751 --- [    Test worker] o.h.type.descriptor.sql.BasicExtractor   : extracted value ([email6_25_0_] : [VARCHAR]) - [testi@oph.fi]
2020-06-10 18:12:09.468 TRACE 55751 --- [    Test worker] o.h.type.descriptor.sql.BasicExtractor   : extracted value ([organis21_25_1_] : [BIGINT]) - [6]
2020-06-10 18:12:09.468 TRACE 55751 --- [    Test worker] o.h.type.descriptor.sql.BasicExtractor   : extracted value ([id2_25_1_] : [BIGINT]) - [36]
Hibernate: 
    select
        yhteystiet0_.organisaatio_id as organisa8_26_6_,
        yhteystiet0_.id as id1_26_6_,
        yhteystiet0_.id as id1_26_5_,
        yhteystiet0_.version as version2_26_5_,
        yhteystiet0_.arvo_text as arvo_tex3_26_5_,
        yhteystiet0_.arvo_yhteystieto_id as arvo_yht6_26_5_,
        yhteystiet0_.kentta_id as kentta_i7_26_5_,
        yhteystiet0_.kieli as kieli4_26_5_,
        yhteystiet0_.organisaatio_id as organisa8_26_5_,
        yhteystiet0_.yhteystieto_arvo_oid as yhteysti5_26_5_,
        yhteystiet1_.id as id2_25_0_,
        yhteystiet1_.version as version3_25_0_,
        yhteystiet1_.kieli as kieli4_25_0_,
        yhteystiet1_.organisaatio_id as organis21_25_0_,
        yhteystiet1_.yhteystieto_oid as yhteysti5_25_0_,
        yhteystiet1_.email as email6_25_0_,
        yhteystiet1_.coordinatetype as coordina7_25_0_,
        yhteystiet1_.extrarivi as extrariv8_25_0_,
        yhteystiet1_.lat as lat9_25_0_,
        yhteystiet1_.lng as lng10_25_0_,
        yhteystiet1_.maa as maa11_25_0_,
        yhteystiet1_.osavaltio as osavalt12_25_0_,
        yhteystiet1_.osoite as osoite13_25_0_,
        yhteystiet1_.osoite_tyyppi as osoite_14_25_0_,
        yhteystiet1_.postinumero as postinu15_25_0_,
        yhteystiet1_.postitoimipaikka as postito16_25_0_,
        yhteystiet1_.ytjpaivityspvm as ytjpaiv17_25_0_,
        yhteystiet1_.puhelinnumero as puhelin18_25_0_,
        yhteystiet1_.tyyppi as tyyppi19_25_0_,
        yhteystiet1_.www_osoite as www_oso20_25_0_,
        yhteystiet1_.dtype as dtype1_25_0_,
        organisaat2_.id as id1_5_1_,
        organisaat2_.version as version2_5_1_,
        organisaat2_.alkupvm as alkupvm3_5_1_,
        organisaat2_.domainnimi as domainni4_5_1_,
        organisaat2_.kotipaikka as kotipaik5_5_1_,
        organisaat2_.kuvaus_mkt as kuvaus_28_5_1_,
        organisaat2_.lakkautuspvm as lakkautu6_5_1_,
        organisaat2_.maa as maa7_5_1_,
        organisaat2_.metadata_id as metadat29_5_1_,
        organisaat2_.nimi_mkt as nimi_mk30_5_1_,
        organisaat2_.nimihaku as nimihaku8_5_1_,
        organisaat2_.oid as oid9_5_1_,
        organisaat2_.opetuspisteenjarjnro as opetusp10_5_1_,
        organisaat2_.oppilaitoskoodi as oppilai11_5_1_,
        organisaat2_.oppilaitos_tyyppi as oppilai12_5_1_,
        organisaat2_.organisaatio_poistettu as organis13_5_1_,
        organisaat2_.paivittaja as paivitt14_5_1_,
        organisaat2_.paivityspvm as paivity15_5_1_,
        organisaat2_.parentidpath as parenti16_5_1_,
        organisaat2_.parentoidpath as parento17_5_1_,
        organisaat2_.piilotettu as piilote18_5_1_,
        organisaat2_.tarkastus_pvm as tarkast19_5_1_,
        organisaat2_.toimipistekoodi as toimipi20_5_1_,
        organisaat2_.tuontipvm as tuontip21_5_1_,
        organisaat2_.varhaiskasvatuksen_toimipaikka_tiedot_id as varhais31_5_1_,
        organisaat2_.virastotunnus as virasto22_5_1_,
        organisaat2_.yhteishaunkoulukoodi as yhteish23_5_1_,
        organisaat2_.yritysmuoto as yritysm24_5_1_,
        organisaat2_.ytj_kieli as ytj_kie25_5_1_,
        organisaat2_.ytjpaivityspvm as ytjpaiv26_5_1_,
        organisaat2_.ytunnus as ytunnus27_5_1_,
        yhteystiet3_.id as id1_27_2_,
        yhteystiet3_.version as version2_27_2_,
        yhteystiet3_.kaytossa as kaytossa3_27_2_,
        yhteystiet3_.nimi as nimi4_27_2_,
        yhteystiet3_.nimi_en as nimi_en5_27_2_,
        yhteystiet3_.nimi_sv as nimi_sv6_27_2_,
        yhteystiet3_.oid as oid7_27_2_,
        yhteystiet3_.pakollinen as pakollin8_27_2_,
        yhteystiet3_.tyyppi as tyyppi9_27_2_,
        yhteystiet3_.yhteystietojen_tyyppi_id as yhteyst10_27_2_,
        yhteystiet4_.id as id1_28_3_,
        yhteystiet4_.version as version2_28_3_,
        yhteystiet4_.nimi_mkt as nimi_mkt4_28_3_,
        yhteystiet4_.oid as oid3_28_3_,
        monikielin5_.id as id1_2_4_,
        monikielin5_.version as version2_2_4_ 
    from
        yhteystieto_arvo yhteystiet0_ 
    left outer join
        yhteystieto yhteystiet1_ 
            on yhteystiet0_.arvo_yhteystieto_id=yhteystiet1_.id 
    left outer join
        organisaatio organisaat2_ 
            on yhteystiet1_.organisaatio_id=organisaat2_.id 
    inner join
        yhteystieto_elementti yhteystiet3_ 
            on yhteystiet0_.kentta_id=yhteystiet3_.id 
    left outer join
        yhteystietojen_tyyppi yhteystiet4_ 
            on yhteystiet3_.yhteystietojen_tyyppi_id=yhteystiet4_.id 
    left outer join
        monikielinen_teksti monikielin5_ 
            on yhteystiet4_.nimi_mkt=monikielin5_.id 
    where
        yhteystiet0_.organisaatio_id in (
            ?, ?, ?
        )
2020-06-10 18:12:09.469 TRACE 55751 --- [    Test worker] o.h.type.descriptor.sql.BasicBinder      : binding parameter [1] as [BIGINT] - [5]
2020-06-10 18:12:09.469 TRACE 55751 --- [    Test worker] o.h.type.descriptor.sql.BasicBinder      : binding parameter [2] as [BIGINT] - [4]
2020-06-10 18:12:09.469 TRACE 55751 --- [    Test worker] o.h.type.descriptor.sql.BasicBinder      : binding parameter [3] as [BIGINT] - [6]
Hibernate: 
    select
        parentsuht0_.child_id as child_id7_19_0_,
        parentsuht0_.id as id1_19_0_,
        parentsuht0_.id as id1_19_1_,
        parentsuht0_.version as version2_19_1_,
        parentsuht0_.alkupvm as alkupvm3_19_1_,
        parentsuht0_.child_id as child_id7_19_1_,
        parentsuht0_.loppupvm as loppupvm4_19_1_,
        parentsuht0_.opetuspisteenjarjnro as opetuspi5_19_1_,
        parentsuht0_.parent_id as parent_i8_19_1_,
        parentsuht0_.suhdetyyppi as suhdetyy6_19_1_ 
    from
        organisaatiosuhde parentsuht0_ 
    where
        parentsuht0_.child_id=? 
    order by
        parentsuht0_.alkupvm
2020-06-10 18:12:09.470 TRACE 55751 --- [    Test worker] o.h.type.descriptor.sql.BasicBinder      : binding parameter [1] as [BIGINT] - [6]
2020-06-10 18:12:09.470 TRACE 55751 --- [    Test worker] o.h.type.descriptor.sql.BasicExtractor   : extracted value ([id1_19_1_] : [BIGINT]) - [5]
2020-06-10 18:12:09.470 TRACE 55751 --- [    Test worker] o.h.type.descriptor.sql.BasicExtractor   : extracted value ([child_id7_19_0_] : [BIGINT]) - [6]
2020-06-10 18:12:09.470 TRACE 55751 --- [    Test worker] o.h.type.descriptor.sql.BasicExtractor   : extracted value ([id1_19_0_] : [BIGINT]) - [5]
2020-06-10 18:12:09.470  INFO 55751 --- [    Test worker] f.v.s.o.r.OrganisaatioResourceTest       : Child oid path: |1.2.246.562.24.00000000001|1.2.2004.5|1.2.2004.3|, id path: {}
2020-06-10 18:12:09.471  INFO 55751 --- [    Test worker] f.v.s.o.r.OrganisaatioResourceTest       : Child oid path: |1.2.246.562.24.00000000001|1.2.2004.5|1.2.2004.3|, id path: {}
Hibernate: 
    select
        organisaat0_.id as id1_5_,
        organisaat0_.version as version2_5_,
        organisaat0_.alkupvm as alkupvm3_5_,
        organisaat0_.domainnimi as domainni4_5_,
        organisaat0_.kotipaikka as kotipaik5_5_,
        organisaat0_.kuvaus_mkt as kuvaus_28_5_,
        organisaat0_.lakkautuspvm as lakkautu6_5_,
        organisaat0_.maa as maa7_5_,
        organisaat0_.metadata_id as metadat29_5_,
        organisaat0_.nimi_mkt as nimi_mk30_5_,
        organisaat0_.nimihaku as nimihaku8_5_,
        organisaat0_.oid as oid9_5_,
        organisaat0_.opetuspisteenjarjnro as opetusp10_5_,
        organisaat0_.oppilaitoskoodi as oppilai11_5_,
        organisaat0_.oppilaitos_tyyppi as oppilai12_5_,
        organisaat0_.organisaatio_poistettu as organis13_5_,
        organisaat0_.paivittaja as paivitt14_5_,
        organisaat0_.paivityspvm as paivity15_5_,
        organisaat0_.parentidpath as parenti16_5_,
        organisaat0_.parentoidpath as parento17_5_,
        organisaat0_.piilotettu as piilote18_5_,
        organisaat0_.tarkastus_pvm as tarkast19_5_,
        organisaat0_.toimipistekoodi as toimipi20_5_,
        organisaat0_.tuontipvm as tuontip21_5_,
        organisaat0_.varhaiskasvatuksen_toimipaikka_tiedot_id as varhais31_5_,
        organisaat0_.virastotunnus as virasto22_5_,
        organisaat0_.yhteishaunkoulukoodi as yhteish23_5_,
        organisaat0_.yritysmuoto as yritysm24_5_,
        organisaat0_.ytj_kieli as ytj_kie25_5_,
        organisaat0_.ytjpaivityspvm as ytjpaiv26_5_,
        organisaat0_.ytunnus as ytunnus27_5_ 
    from
        organisaatio organisaat0_ 
    where
        organisaat0_.oid=?
2020-06-10 18:12:09.477 TRACE 55751 --- [    Test worker] o.h.type.descriptor.sql.BasicBinder      : binding parameter [1] as [VARCHAR] - [1.2.246.562.24.00000000001]
2020-06-10 18:12:09.477 TRACE 55751 --- [    Test worker] o.h.type.descriptor.sql.BasicExtractor   : extracted value ([id1_5_] : [BIGINT]) - [1]
2020-06-10 18:12:09.477 TRACE 55751 --- [    Test worker] o.h.type.descriptor.sql.BasicExtractor   : extracted value ([version2_5_] : [BIGINT]) - [0]
2020-06-10 18:12:09.477 TRACE 55751 --- [    Test worker] o.h.type.descriptor.sql.BasicExtractor   : extracted value ([alkupvm3_5_] : [DATE]) - [2004-06-29]
2020-06-10 18:12:09.477 TRACE 55751 --- [    Test worker] o.h.type.descriptor.sql.BasicExtractor   : extracted value ([domainni4_5_] : [VARCHAR]) - [null]
2020-06-10 18:12:09.477 TRACE 55751 --- [    Test worker] o.h.type.descriptor.sql.BasicExtractor   : extracted value ([kotipaik5_5_] : [VARCHAR]) - [Helsinki]
2020-06-10 18:12:09.477 TRACE 55751 --- [    Test worker] o.h.type.descriptor.sql.BasicExtractor   : extracted value ([kuvaus_28_5_] : [BIGINT]) - [null]
2020-06-10 18:12:09.477 TRACE 55751 --- [    Test worker] o.h.type.descriptor.sql.BasicExtractor   : extracted value ([lakkautu6_5_] : [DATE]) - [null]
2020-06-10 18:12:09.477 TRACE 55751 --- [    Test worker] o.h.type.descriptor.sql.BasicExtractor   : extracted value ([maa7_5_] : [VARCHAR]) - [null]
2020-06-10 18:12:09.477 TRACE 55751 --- [    Test worker] o.h.type.descriptor.sql.BasicExtractor   : extracted value ([metadat29_5_] : [BIGINT]) - [null]
2020-06-10 18:12:09.477 TRACE 55751 --- [    Test worker] o.h.type.descriptor.sql.BasicExtractor   : extracted value ([nimi_mk30_5_] : [BIGINT]) - [1]
2020-06-10 18:12:09.477 TRACE 55751 --- [    Test worker] o.h.type.descriptor.sql.BasicExtractor   : extracted value ([nimihaku8_5_] : [VARCHAR]) - [opetushallitus]
2020-06-10 18:12:09.477 TRACE 55751 --- [    Test worker] o.h.type.descriptor.sql.BasicExtractor   : extracted value ([oid9_5_] : [VARCHAR]) - [1.2.246.562.24.00000000001]
2020-06-10 18:12:09.477 TRACE 55751 --- [    Test worker] o.h.type.descriptor.sql.BasicExtractor   : extracted value ([opetusp10_5_] : [VARCHAR]) - [null]
2020-06-10 18:12:09.477 TRACE 55751 --- [    Test worker] o.h.type.descriptor.sql.BasicExtractor   : extracted value ([oppilai11_5_] : [VARCHAR]) - [null]
2020-06-10 18:12:09.477 TRACE 55751 --- [    Test worker] o.h.type.descriptor.sql.BasicExtractor   : extracted value ([oppilai12_5_] : [VARCHAR]) - [null]
2020-06-10 18:12:09.477 TRACE 55751 --- [    Test worker] o.h.type.descriptor.sql.BasicExtractor   : extracted value ([organis13_5_] : [BOOLEAN]) - [false]
2020-06-10 18:12:09.477 TRACE 55751 --- [    Test worker] o.h.type.descriptor.sql.BasicExtractor   : extracted value ([paivitt14_5_] : [VARCHAR]) - [null]
2020-06-10 18:12:09.477 TRACE 55751 --- [    Test worker] o.h.type.descriptor.sql.BasicExtractor   : extracted value ([paivity15_5_] : [TIMESTAMP]) - [null]
2020-06-10 18:12:09.477 TRACE 55751 --- [    Test worker] o.h.type.descriptor.sql.BasicExtractor   : extracted value ([parenti16_5_] : [VARCHAR]) - [null]
2020-06-10 18:12:09.477 TRACE 55751 --- [    Test worker] o.h.type.descriptor.sql.BasicExtractor   : extracted value ([parento17_5_] : [VARCHAR]) - [null]
2020-06-10 18:12:09.477 TRACE 55751 --- [    Test worker] o.h.type.descriptor.sql.BasicExtractor   : extracted value ([piilote18_5_] : [BOOLEAN]) - [false]
2020-06-10 18:12:09.477 TRACE 55751 --- [    Test worker] o.h.type.descriptor.sql.BasicExtractor   : extracted value ([tarkast19_5_] : [TIMESTAMP]) - [null]
2020-06-10 18:12:09.477 TRACE 55751 --- [    Test worker] o.h.type.descriptor.sql.BasicExtractor   : extracted value ([toimipi20_5_] : [VARCHAR]) - [null]
2020-06-10 18:12:09.477 TRACE 55751 --- [    Test worker] o.h.type.descriptor.sql.BasicExtractor   : extracted value ([tuontip21_5_] : [TIMESTAMP]) - [null]
2020-06-10 18:12:09.477 TRACE 55751 --- [    Test worker] o.h.type.descriptor.sql.BasicExtractor   : extracted value ([varhais31_5_] : [BIGINT]) - [null]
2020-06-10 18:12:09.477 TRACE 55751 --- [    Test worker] o.h.type.descriptor.sql.BasicExtractor   : extracted value ([virasto22_5_] : [VARCHAR]) - [null]
2020-06-10 18:12:09.477 TRACE 55751 --- [    Test worker] o.h.type.descriptor.sql.BasicExtractor   : extracted value ([yhteish23_5_] : [VARCHAR]) - [null]
2020-06-10 18:12:09.477 TRACE 55751 --- [    Test worker] o.h.type.descriptor.sql.BasicExtractor   : extracted value ([yritysm24_5_] : [VARCHAR]) - [oy]
2020-06-10 18:12:09.477 TRACE 55751 --- [    Test worker] o.h.type.descriptor.sql.BasicExtractor   : extracted value ([ytj_kie25_5_] : [VARCHAR]) - [null]
2020-06-10 18:12:09.477 TRACE 55751 --- [    Test worker] o.h.type.descriptor.sql.BasicExtractor   : extracted value ([ytjpaiv26_5_] : [DATE]) - [null]
2020-06-10 18:12:09.477 TRACE 55751 --- [    Test worker] o.h.type.descriptor.sql.BasicExtractor   : extracted value ([ytunnus27_5_] : [VARCHAR]) - [null]
2020-06-10 18:12:09.477 TRACE 55751 --- [    Test worker] org.hibernate.type.CollectionType        : Created collection wrapper: [fi.vm.sade.organisaatio.model.Organisaatio.childSuhteet#1]
2020-06-10 18:12:09.477 TRACE 55751 --- [    Test worker] org.hibernate.type.CollectionType        : Created collection wrapper: [fi.vm.sade.organisaatio.model.Organisaatio.kayttoryhmat#1]
2020-06-10 18:12:09.477 TRACE 55751 --- [    Test worker] org.hibernate.type.CollectionType        : Created collection wrapper: [fi.vm.sade.organisaatio.model.Organisaatio.kielet#1]
2020-06-10 18:12:09.477 TRACE 55751 --- [    Test worker] org.hibernate.type.CollectionType        : Created collection wrapper: [fi.vm.sade.organisaatio.model.Organisaatio.muutKotipaikatUris#1]
2020-06-10 18:12:09.477 TRACE 55751 --- [    Test worker] org.hibernate.type.CollectionType        : Created collection wrapper: [fi.vm.sade.organisaatio.model.Organisaatio.muutOppilaitosTyyppiUris#1]
2020-06-10 18:12:09.477 TRACE 55751 --- [    Test worker] org.hibernate.type.CollectionType        : Created collection wrapper: [fi.vm.sade.organisaatio.model.Organisaatio.nimet#1]
2020-06-10 18:12:09.478 TRACE 55751 --- [    Test worker] org.hibernate.type.CollectionType        : Created collection wrapper: [fi.vm.sade.organisaatio.model.Organisaatio.organisaatioLisatietotyypit#1]
2020-06-10 18:12:09.478 TRACE 55751 --- [    Test worker] org.hibernate.type.CollectionType        : Created collection wrapper: [fi.vm.sade.organisaatio.model.Organisaatio.parentSuhteet#1]
2020-06-10 18:12:09.478 TRACE 55751 --- [    Test worker] org.hibernate.type.CollectionType        : Created collection wrapper: [fi.vm.sade.organisaatio.model.Organisaatio.ryhmatyypit#1]
2020-06-10 18:12:09.478 TRACE 55751 --- [    Test worker] org.hibernate.type.CollectionType        : Created collection wrapper: [fi.vm.sade.organisaatio.model.Organisaatio.tyypit#1]
2020-06-10 18:12:09.478 TRACE 55751 --- [    Test worker] org.hibernate.type.CollectionType        : Created collection wrapper: [fi.vm.sade.organisaatio.model.Organisaatio.vuosiluokat#1]
2020-06-10 18:12:09.478 TRACE 55751 --- [    Test worker] org.hibernate.type.CollectionType        : Created collection wrapper: [fi.vm.sade.organisaatio.model.Organisaatio.yhteystiedot#1]
2020-06-10 18:12:09.478 TRACE 55751 --- [    Test worker] org.hibernate.type.CollectionType        : Created collection wrapper: [fi.vm.sade.organisaatio.model.Organisaatio.yhteystietoArvos#1]
Hibernate: 
    select
        organisaat0_.id as id1_5_,
        organisaat0_.version as version2_5_,
        organisaat0_.alkupvm as alkupvm3_5_,
        organisaat0_.domainnimi as domainni4_5_,
        organisaat0_.kotipaikka as kotipaik5_5_,
        organisaat0_.kuvaus_mkt as kuvaus_28_5_,
        organisaat0_.lakkautuspvm as lakkautu6_5_,
        organisaat0_.maa as maa7_5_,
        organisaat0_.metadata_id as metadat29_5_,
        organisaat0_.nimi_mkt as nimi_mk30_5_,
        organisaat0_.nimihaku as nimihaku8_5_,
        organisaat0_.oid as oid9_5_,
        organisaat0_.opetuspisteenjarjnro as opetusp10_5_,
        organisaat0_.oppilaitoskoodi as oppilai11_5_,
        organisaat0_.oppilaitos_tyyppi as oppilai12_5_,
        organisaat0_.organisaatio_poistettu as organis13_5_,
        organisaat0_.paivittaja as paivitt14_5_,
        organisaat0_.paivityspvm as paivity15_5_,
        organisaat0_.parentidpath as parenti16_5_,
        organisaat0_.parentoidpath as parento17_5_,
        organisaat0_.piilotettu as piilote18_5_,
        organisaat0_.tarkastus_pvm as tarkast19_5_,
        organisaat0_.toimipistekoodi as toimipi20_5_,
        organisaat0_.tuontipvm as tuontip21_5_,
        organisaat0_.varhaiskasvatuksen_toimipaikka_tiedot_id as varhais31_5_,
        organisaat0_.virastotunnus as virasto22_5_,
        organisaat0_.yhteishaunkoulukoodi as yhteish23_5_,
        organisaat0_.yritysmuoto as yritysm24_5_,
        organisaat0_.ytj_kieli as ytj_kie25_5_,
        organisaat0_.ytjpaivityspvm as ytjpaiv26_5_,
        organisaat0_.ytunnus as ytunnus27_5_ 
    from
        organisaatio organisaat0_ 
    where
        organisaat0_.oid=?
2020-06-10 18:12:09.478 TRACE 55751 --- [    Test worker] o.h.type.descriptor.sql.BasicBinder      : binding parameter [1] as [VARCHAR] - [1.2.246.562.24.00000000001]
2020-06-10 18:12:09.478 TRACE 55751 --- [    Test worker] o.h.type.descriptor.sql.BasicExtractor   : extracted value ([id1_5_] : [BIGINT]) - [1]
Hibernate: 
    select
        organisaat0_.id as id1_5_,
        organisaat0_.version as version2_5_,
        organisaat0_.alkupvm as alkupvm3_5_,
        organisaat0_.domainnimi as domainni4_5_,
        organisaat0_.kotipaikka as kotipaik5_5_,
        organisaat0_.kuvaus_mkt as kuvaus_28_5_,
        organisaat0_.lakkautuspvm as lakkautu6_5_,
        organisaat0_.maa as maa7_5_,
        organisaat0_.metadata_id as metadat29_5_,
        organisaat0_.nimi_mkt as nimi_mk30_5_,
        organisaat0_.nimihaku as nimihaku8_5_,
        organisaat0_.oid as oid9_5_,
        organisaat0_.opetuspisteenjarjnro as opetusp10_5_,
        organisaat0_.oppilaitoskoodi as oppilai11_5_,
        organisaat0_.oppilaitos_tyyppi as oppilai12_5_,
        organisaat0_.organisaatio_poistettu as organis13_5_,
        organisaat0_.paivittaja as paivitt14_5_,
        organisaat0_.paivityspvm as paivity15_5_,
        organisaat0_.parentidpath as parenti16_5_,
        organisaat0_.parentoidpath as parento17_5_,
        organisaat0_.piilotettu as piilote18_5_,
        organisaat0_.tarkastus_pvm as tarkast19_5_,
        organisaat0_.toimipistekoodi as toimipi20_5_,
        organisaat0_.tuontipvm as tuontip21_5_,
        organisaat0_.varhaiskasvatuksen_toimipaikka_tiedot_id as varhais31_5_,
        organisaat0_.virastotunnus as virasto22_5_,
        organisaat0_.yhteishaunkoulukoodi as yhteish23_5_,
        organisaat0_.yritysmuoto as yritysm24_5_,
        organisaat0_.ytj_kieli as ytj_kie25_5_,
        organisaat0_.ytjpaivityspvm as ytjpaiv26_5_,
        organisaat0_.ytunnus as ytunnus27_5_ 
    from
        organisaatio organisaat0_ 
    where
        organisaat0_.oid=?
2020-06-10 18:12:09.484 TRACE 55751 --- [    Test worker] o.h.type.descriptor.sql.BasicBinder      : binding parameter [1] as [VARCHAR] - [1.2.8000.1]
2020-06-10 18:12:09.484 TRACE 55751 --- [    Test worker] o.h.type.descriptor.sql.BasicExtractor   : extracted value ([id1_5_] : [BIGINT]) - [10]
2020-06-10 18:12:09.484 TRACE 55751 --- [    Test worker] o.h.type.descriptor.sql.BasicExtractor   : extracted value ([version2_5_] : [BIGINT]) - [2]
2020-06-10 18:12:09.484 TRACE 55751 --- [    Test worker] o.h.type.descriptor.sql.BasicExtractor   : extracted value ([alkupvm3_5_] : [DATE]) - [null]
2020-06-10 18:12:09.484 TRACE 55751 --- [    Test worker] o.h.type.descriptor.sql.BasicExtractor   : extracted value ([domainni4_5_] : [VARCHAR]) - [null]
2020-06-10 18:12:09.484 TRACE 55751 --- [    Test worker] o.h.type.descriptor.sql.BasicExtractor   : extracted value ([kotipaik5_5_] : [VARCHAR]) - [Helsinki]
2020-06-10 18:12:09.484 TRACE 55751 --- [    Test worker] o.h.type.descriptor.sql.BasicExtractor   : extracted value ([kuvaus_28_5_] : [BIGINT]) - [null]
2020-06-10 18:12:09.484 TRACE 55751 --- [    Test worker] o.h.type.descriptor.sql.BasicExtractor   : extracted value ([lakkautu6_5_] : [DATE]) - [null]
2020-06-10 18:12:09.484 TRACE 55751 --- [    Test worker] o.h.type.descriptor.sql.BasicExtractor   : extracted value ([maa7_5_] : [VARCHAR]) - [null]
2020-06-10 18:12:09.484 TRACE 55751 --- [    Test worker] o.h.type.descriptor.sql.BasicExtractor   : extracted value ([metadat29_5_] : [BIGINT]) - [2]
2020-06-10 18:12:09.484 TRACE 55751 --- [    Test worker] o.h.type.descriptor.sql.BasicExtractor   : extracted value ([nimi_mk30_5_] : [BIGINT]) - [6]
2020-06-10 18:12:09.484 TRACE 55751 --- [    Test worker] o.h.type.descriptor.sql.BasicExtractor   : extracted value ([nimihaku8_5_] : [VARCHAR]) - [mixed osoitetyyppi organisaatio]
2020-06-10 18:12:09.484 TRACE 55751 --- [    Test worker] o.h.type.descriptor.sql.BasicExtractor   : extracted value ([oid9_5_] : [VARCHAR]) - [1.2.8000.1]
2020-06-10 18:12:09.484 TRACE 55751 --- [    Test worker] o.h.type.descriptor.sql.BasicExtractor   : extracted value ([opetusp10_5_] : [VARCHAR]) - [null]
2020-06-10 18:12:09.484 TRACE 55751 --- [    Test worker] o.h.type.descriptor.sql.BasicExtractor   : extracted value ([oppilai11_5_] : [VARCHAR]) - [null]
2020-06-10 18:12:09.484 TRACE 55751 --- [    Test worker] o.h.type.descriptor.sql.BasicExtractor   : extracted value ([oppilai12_5_] : [VARCHAR]) - [oppilaitostyyppi_42#1]
2020-06-10 18:12:09.484 TRACE 55751 --- [    Test worker] o.h.type.descriptor.sql.BasicExtractor   : extracted value ([organis13_5_] : [BOOLEAN]) - [false]
2020-06-10 18:12:09.484 TRACE 55751 --- [    Test worker] o.h.type.descriptor.sql.BasicExtractor   : extracted value ([paivitt14_5_] : [VARCHAR]) - [null]
2020-06-10 18:12:09.484 TRACE 55751 --- [    Test worker] o.h.type.descriptor.sql.BasicExtractor   : extracted value ([paivity15_5_] : [TIMESTAMP]) - [null]
2020-06-10 18:12:09.484 TRACE 55751 --- [    Test worker] o.h.type.descriptor.sql.BasicExtractor   : extracted value ([parenti16_5_] : [VARCHAR]) - [|1|]
2020-06-10 18:12:09.484 TRACE 55751 --- [    Test worker] o.h.type.descriptor.sql.BasicExtractor   : extracted value ([parento17_5_] : [VARCHAR]) - [|1.2.246.562.24.00000000001|]
2020-06-10 18:12:09.484 TRACE 55751 --- [    Test worker] o.h.type.descriptor.sql.BasicExtractor   : extracted value ([piilote18_5_] : [BOOLEAN]) - [false]
2020-06-10 18:12:09.484 TRACE 55751 --- [    Test worker] o.h.type.descriptor.sql.BasicExtractor   : extracted value ([tarkast19_5_] : [TIMESTAMP]) - [null]
2020-06-10 18:12:09.485 TRACE 55751 --- [    Test worker] o.h.type.descriptor.sql.BasicExtractor   : extracted value ([toimipi20_5_] : [VARCHAR]) - [null]
2020-06-10 18:12:09.485 TRACE 55751 --- [    Test worker] o.h.type.descriptor.sql.BasicExtractor   : extracted value ([tuontip21_5_] : [TIMESTAMP]) - [null]
2020-06-10 18:12:09.485 TRACE 55751 --- [    Test worker] o.h.type.descriptor.sql.BasicExtractor   : extracted value ([varhais31_5_] : [BIGINT]) - [null]
2020-06-10 18:12:09.485 TRACE 55751 --- [    Test worker] o.h.type.descriptor.sql.BasicExtractor   : extracted value ([virasto22_5_] : [VARCHAR]) - [null]
2020-06-10 18:12:09.485 TRACE 55751 --- [    Test worker] o.h.type.descriptor.sql.BasicExtractor   : extracted value ([yhteish23_5_] : [VARCHAR]) - [null]
2020-06-10 18:12:09.485 TRACE 55751 --- [    Test worker] o.h.type.descriptor.sql.BasicExtractor   : extracted value ([yritysm24_5_] : [VARCHAR]) - [oy]
2020-06-10 18:12:09.485 TRACE 55751 --- [    Test worker] o.h.type.descriptor.sql.BasicExtractor   : extracted value ([ytj_kie25_5_] : [VARCHAR]) - [null]
2020-06-10 18:12:09.485 TRACE 55751 --- [    Test worker] o.h.type.descriptor.sql.BasicExtractor   : extracted value ([ytjpaiv26_5_] : [DATE]) - [null]
2020-06-10 18:12:09.485 TRACE 55751 --- [    Test worker] o.h.type.descriptor.sql.BasicExtractor   : extracted value ([ytunnus27_5_] : [VARCHAR]) - [1234569-5]
2020-06-10 18:12:09.485 TRACE 55751 --- [    Test worker] org.hibernate.type.CollectionType        : Created collection wrapper: [fi.vm.sade.organisaatio.model.Organisaatio.childSuhteet#10]
2020-06-10 18:12:09.485 TRACE 55751 --- [    Test worker] org.hibernate.type.CollectionType        : Created collection wrapper: [fi.vm.sade.organisaatio.model.Organisaatio.kayttoryhmat#10]
2020-06-10 18:12:09.485 TRACE 55751 --- [    Test worker] org.hibernate.type.CollectionType        : Created collection wrapper: [fi.vm.sade.organisaatio.model.Organisaatio.kielet#10]
2020-06-10 18:12:09.485 TRACE 55751 --- [    Test worker] org.hibernate.type.CollectionType        : Created collection wrapper: [fi.vm.sade.organisaatio.model.Organisaatio.muutKotipaikatUris#10]
2020-06-10 18:12:09.485 TRACE 55751 --- [    Test worker] org.hibernate.type.CollectionType        : Created collection wrapper: [fi.vm.sade.organisaatio.model.Organisaatio.muutOppilaitosTyyppiUris#10]
2020-06-10 18:12:09.485 TRACE 55751 --- [    Test worker] org.hibernate.type.CollectionType        : Created collection wrapper: [fi.vm.sade.organisaatio.model.Organisaatio.nimet#10]
2020-06-10 18:12:09.485 TRACE 55751 --- [    Test worker] org.hibernate.type.CollectionType        : Created collection wrapper: [fi.vm.sade.organisaatio.model.Organisaatio.organisaatioLisatietotyypit#10]
2020-06-10 18:12:09.485 TRACE 55751 --- [    Test worker] org.hibernate.type.CollectionType        : Created collection wrapper: [fi.vm.sade.organisaatio.model.Organisaatio.parentSuhteet#10]
2020-06-10 18:12:09.485 TRACE 55751 --- [    Test worker] org.hibernate.type.CollectionType        : Created collection wrapper: [fi.vm.sade.organisaatio.model.Organisaatio.ryhmatyypit#10]
2020-06-10 18:12:09.485 TRACE 55751 --- [    Test worker] org.hibernate.type.CollectionType        : Created collection wrapper: [fi.vm.sade.organisaatio.model.Organisaatio.tyypit#10]
2020-06-10 18:12:09.485 TRACE 55751 --- [    Test worker] org.hibernate.type.CollectionType        : Created collection wrapper: [fi.vm.sade.organisaatio.model.Organisaatio.vuosiluokat#10]
2020-06-10 18:12:09.485 TRACE 55751 --- [    Test worker] org.hibernate.type.CollectionType        : Created collection wrapper: [fi.vm.sade.organisaatio.model.Organisaatio.yhteystiedot#10]
2020-06-10 18:12:09.485 TRACE 55751 --- [    Test worker] org.hibernate.type.CollectionType        : Created collection wrapper: [fi.vm.sade.organisaatio.model.Organisaatio.yhteystietoArvos#10]
Hibernate: 
    select
        organisaat0_.id as id1_5_,
        organisaat0_.version as version2_5_,
        organisaat0_.alkupvm as alkupvm3_5_,
        organisaat0_.domainnimi as domainni4_5_,
        organisaat0_.kotipaikka as kotipaik5_5_,
        organisaat0_.kuvaus_mkt as kuvaus_28_5_,
        organisaat0_.lakkautuspvm as lakkautu6_5_,
        organisaat0_.maa as maa7_5_,
        organisaat0_.metadata_id as metadat29_5_,
        organisaat0_.nimi_mkt as nimi_mk30_5_,
        organisaat0_.nimihaku as nimihaku8_5_,
        organisaat0_.oid as oid9_5_,
        organisaat0_.opetuspisteenjarjnro as opetusp10_5_,
        organisaat0_.oppilaitoskoodi as oppilai11_5_,
        organisaat0_.oppilaitos_tyyppi as oppilai12_5_,
        organisaat0_.organisaatio_poistettu as organis13_5_,
        organisaat0_.paivittaja as paivitt14_5_,
        organisaat0_.paivityspvm as paivity15_5_,
        organisaat0_.parentidpath as parenti16_5_,
        organisaat0_.parentoidpath as parento17_5_,
        organisaat0_.piilotettu as piilote18_5_,
        organisaat0_.tarkastus_pvm as tarkast19_5_,
        organisaat0_.toimipistekoodi as toimipi20_5_,
        organisaat0_.tuontipvm as tuontip21_5_,
        organisaat0_.varhaiskasvatuksen_toimipaikka_tiedot_id as varhais31_5_,
        organisaat0_.virastotunnus as virasto22_5_,
        organisaat0_.yhteishaunkoulukoodi as yhteish23_5_,
        organisaat0_.yritysmuoto as yritysm24_5_,
        organisaat0_.ytj_kieli as ytj_kie25_5_,
        organisaat0_.ytjpaivityspvm as ytjpaiv26_5_,
        organisaat0_.ytunnus as ytunnus27_5_ 
    from
        organisaatio organisaat0_ 
    where
        organisaat0_.oid=?
2020-06-10 18:12:09.486 TRACE 55751 --- [    Test worker] o.h.type.descriptor.sql.BasicBinder      : binding parameter [1] as [VARCHAR] - [1.2.8000.1]
2020-06-10 18:12:09.486 TRACE 55751 --- [    Test worker] o.h.type.descriptor.sql.BasicExtractor   : extracted value ([id1_5_] : [BIGINT]) - [10]
Hibernate: 
    select
        organisaat0_.id as id1_16_0_,
        organisaat0_.version as version2_16_0_,
        organisaat0_.hakutoimistoectsemailmkt as hakutoim6_16_0_,
        organisaat0_.hakutoimistoectsnimimkt as hakutoim7_16_0_,
        organisaat0_.hakutoimistoectspuhelinmkt as hakutoim8_16_0_,
        organisaat0_.hakutoimistoectstehtavanimikemkt as hakutoim9_16_0_,
        organisaat0_.hakutoimisto_nimi_id as hakutoi10_16_0_,
        organisaat0_.koodi as koodi3_16_0_,
        organisaat0_.kuva_id as kuva_id11_16_0_,
        organisaat0_.luontipvm as luontipv4_16_0_,
        organisaat0_.muokkauspvm as muokkaus5_16_0_,
        organisaat0_.nimi_id as nimi_id12_16_0_,
        monikielin1_.id as id1_2_1_,
        monikielin1_.version as version2_2_1_,
        monikielin2_.id as id1_2_2_,
        monikielin2_.version as version2_2_2_,
        monikielin3_.id as id1_2_3_,
        monikielin3_.version as version2_2_3_,
        monikielin4_.id as id1_2_4_,
        monikielin4_.version as version2_2_4_,
        monikielin5_.id as id1_2_5_,
        monikielin5_.version as version2_2_5_,
        monikielin6_.id as id1_2_6_,
        monikielin6_.version as version2_2_6_,
        organisaat7_.id as id1_5_7_,
        organisaat7_.version as version2_5_7_,
        organisaat7_.alkupvm as alkupvm3_5_7_,
        organisaat7_.domainnimi as domainni4_5_7_,
        organisaat7_.kotipaikka as kotipaik5_5_7_,
        organisaat7_.kuvaus_mkt as kuvaus_28_5_7_,
        organisaat7_.lakkautuspvm as lakkautu6_5_7_,
        organisaat7_.maa as maa7_5_7_,
        organisaat7_.metadata_id as metadat29_5_7_,
        organisaat7_.nimi_mkt as nimi_mk30_5_7_,
        organisaat7_.nimihaku as nimihaku8_5_7_,
        organisaat7_.oid as oid9_5_7_,
        organisaat7_.opetuspisteenjarjnro as opetusp10_5_7_,
        organisaat7_.oppilaitoskoodi as oppilai11_5_7_,
        organisaat7_.oppilaitos_tyyppi as oppilai12_5_7_,
        organisaat7_.organisaatio_poistettu as organis13_5_7_,
        organisaat7_.paivittaja as paivitt14_5_7_,
        organisaat7_.paivityspvm as paivity15_5_7_,
        organisaat7_.parentidpath as parenti16_5_7_,
        organisaat7_.parentoidpath as parento17_5_7_,
        organisaat7_.piilotettu as piilote18_5_7_,
        organisaat7_.tarkastus_pvm as tarkast19_5_7_,
        organisaat7_.toimipistekoodi as toimipi20_5_7_,
        organisaat7_.tuontipvm as tuontip21_5_7_,
        organisaat7_.varhaiskasvatuksen_toimipaikka_tiedot_id as varhais31_5_7_,
        organisaat7_.virastotunnus as virasto22_5_7_,
        organisaat7_.yhteishaunkoulukoodi as yhteish23_5_7_,
        organisaat7_.yritysmuoto as yritysm24_5_7_,
        organisaat7_.ytj_kieli as ytj_kie25_5_7_,
        organisaat7_.ytjpaivityspvm as ytjpaiv26_5_7_,
        organisaat7_.ytunnus as ytunnus27_5_7_ 
    from
        organisaatio_meta_data organisaat0_ 
    left outer join
        monikielinen_teksti monikielin1_ 
            on organisaat0_.hakutoimistoectsemailmkt=monikielin1_.id 
    left outer join
        monikielinen_teksti monikielin2_ 
            on organisaat0_.hakutoimistoectsnimimkt=monikielin2_.id 
    left outer join
        monikielinen_teksti monikielin3_ 
            on organisaat0_.hakutoimistoectspuhelinmkt=monikielin3_.id 
    left outer join
        monikielinen_teksti monikielin4_ 
            on organisaat0_.hakutoimistoectstehtavanimikemkt=monikielin4_.id 
    left outer join
        monikielinen_teksti monikielin5_ 
            on organisaat0_.hakutoimisto_nimi_id=monikielin5_.id 
    left outer join
        monikielinen_teksti monikielin6_ 
            on organisaat0_.nimi_id=monikielin6_.id 
    left outer join
        organisaatio organisaat7_ 
            on organisaat0_.id=organisaat7_.metadata_id 
    where
        organisaat0_.id=?
2020-06-10 18:12:09.487 TRACE 55751 --- [    Test worker] o.h.type.descriptor.sql.BasicBinder      : binding parameter [1] as [BIGINT] - [2]
2020-06-10 18:12:09.487 TRACE 55751 --- [    Test worker] o.h.type.descriptor.sql.BasicExtractor   : extracted value ([id1_2_1_] : [BIGINT]) - [null]
2020-06-10 18:12:09.487 TRACE 55751 --- [    Test worker] o.h.type.descriptor.sql.BasicExtractor   : extracted value ([id1_2_2_] : [BIGINT]) - [null]
2020-06-10 18:12:09.487 TRACE 55751 --- [    Test worker] o.h.type.descriptor.sql.BasicExtractor   : extracted value ([id1_2_3_] : [BIGINT]) - [null]
2020-06-10 18:12:09.487 TRACE 55751 --- [    Test worker] o.h.type.descriptor.sql.BasicExtractor   : extracted value ([id1_2_4_] : [BIGINT]) - [null]
2020-06-10 18:12:09.487 TRACE 55751 --- [    Test worker] o.h.type.descriptor.sql.BasicExtractor   : extracted value ([id1_2_5_] : [BIGINT]) - [1000]
2020-06-10 18:12:09.487 TRACE 55751 --- [    Test worker] o.h.type.descriptor.sql.BasicExtractor   : extracted value ([id1_2_6_] : [BIGINT]) - [null]
2020-06-10 18:12:09.487 TRACE 55751 --- [    Test worker] o.h.type.descriptor.sql.BasicExtractor   : extracted value ([id1_5_7_] : [BIGINT]) - [10]
2020-06-10 18:12:09.487 TRACE 55751 --- [    Test worker] o.h.type.descriptor.sql.BasicExtractor   : extracted value ([version2_16_0_] : [BIGINT]) - [1]
2020-06-10 18:12:09.487 TRACE 55751 --- [    Test worker] o.h.type.descriptor.sql.BasicExtractor   : extracted value ([hakutoim6_16_0_] : [BIGINT]) - [null]
2020-06-10 18:12:09.487 TRACE 55751 --- [    Test worker] o.h.type.descriptor.sql.BasicExtractor   : extracted value ([hakutoim7_16_0_] : [BIGINT]) - [null]
2020-06-10 18:12:09.487 TRACE 55751 --- [    Test worker] o.h.type.descriptor.sql.BasicExtractor   : extracted value ([hakutoim8_16_0_] : [BIGINT]) - [null]
2020-06-10 18:12:09.487 TRACE 55751 --- [    Test worker] o.h.type.descriptor.sql.BasicExtractor   : extracted value ([hakutoim9_16_0_] : [BIGINT]) - [null]
2020-06-10 18:12:09.487 TRACE 55751 --- [    Test worker] o.h.type.descriptor.sql.BasicExtractor   : extracted value ([hakutoi10_16_0_] : [BIGINT]) - [1000]
2020-06-10 18:12:09.487 TRACE 55751 --- [    Test worker] o.h.type.descriptor.sql.BasicExtractor   : extracted value ([koodi3_16_0_] : [VARCHAR]) - [null]
2020-06-10 18:12:09.487 TRACE 55751 --- [    Test worker] o.h.type.descriptor.sql.BasicExtractor   : extracted value ([kuva_id11_16_0_] : [BIGINT]) - [null]
2020-06-10 18:12:09.487 TRACE 55751 --- [    Test worker] o.h.type.descriptor.sql.BasicExtractor   : extracted value ([luontipv4_16_0_] : [TIMESTAMP]) - [1970-01-01 00:00:00.0]
2020-06-10 18:12:09.487 TRACE 55751 --- [    Test worker] o.h.type.descriptor.sql.BasicExtractor   : extracted value ([muokkaus5_16_0_] : [TIMESTAMP]) - [1970-01-01 00:00:00.0]
2020-06-10 18:12:09.487 TRACE 55751 --- [    Test worker] o.h.type.descriptor.sql.BasicExtractor   : extracted value ([nimi_id12_16_0_] : [BIGINT]) - [null]
2020-06-10 18:12:09.487 TRACE 55751 --- [    Test worker] o.h.type.descriptor.sql.BasicExtractor   : extracted value ([version2_2_5_] : [BIGINT]) - [0]
2020-06-10 18:12:09.487 TRACE 55751 --- [    Test worker] org.hibernate.type.CollectionType        : Created collection wrapper: [fi.vm.sade.organisaatio.model.OrganisaatioMetaData.values#2]
2020-06-10 18:12:09.487 TRACE 55751 --- [    Test worker] org.hibernate.type.CollectionType        : Created collection wrapper: [fi.vm.sade.organisaatio.model.OrganisaatioMetaData.yhteystiedot#2]
2020-06-10 18:12:09.487 TRACE 55751 --- [    Test worker] org.hibernate.type.CollectionType        : Created collection wrapper: [fi.vm.sade.organisaatio.model.MonikielinenTeksti.values#1000]
Hibernate: 
    select
        yhteystied0_.organisaatio_meta_data_id as organisa1_18_2_,
        yhteystied0_.yhteystiedot_id as yhteysti2_18_2_,
        yhteystiet1_.id as id2_25_0_,
        yhteystiet1_.version as version3_25_0_,
        yhteystiet1_.kieli as kieli4_25_0_,
        yhteystiet1_.organisaatio_id as organis21_25_0_,
        yhteystiet1_.yhteystieto_oid as yhteysti5_25_0_,
        yhteystiet1_.email as email6_25_0_,
        yhteystiet1_.coordinatetype as coordina7_25_0_,
        yhteystiet1_.extrarivi as extrariv8_25_0_,
        yhteystiet1_.lat as lat9_25_0_,
        yhteystiet1_.lng as lng10_25_0_,
        yhteystiet1_.maa as maa11_25_0_,
        yhteystiet1_.osavaltio as osavalt12_25_0_,
        yhteystiet1_.osoite as osoite13_25_0_,
        yhteystiet1_.osoite_tyyppi as osoite_14_25_0_,
        yhteystiet1_.postinumero as postinu15_25_0_,
        yhteystiet1_.postitoimipaikka as postito16_25_0_,
        yhteystiet1_.ytjpaivityspvm as ytjpaiv17_25_0_,
        yhteystiet1_.puhelinnumero as puhelin18_25_0_,
        yhteystiet1_.tyyppi as tyyppi19_25_0_,
        yhteystiet1_.www_osoite as www_oso20_25_0_,
        yhteystiet1_.dtype as dtype1_25_0_,
        organisaat2_.id as id1_5_1_,
        organisaat2_.version as version2_5_1_,
        organisaat2_.alkupvm as alkupvm3_5_1_,
        organisaat2_.domainnimi as domainni4_5_1_,
        organisaat2_.kotipaikka as kotipaik5_5_1_,
        organisaat2_.kuvaus_mkt as kuvaus_28_5_1_,
        organisaat2_.lakkautuspvm as lakkautu6_5_1_,
        organisaat2_.maa as maa7_5_1_,
        organisaat2_.metadata_id as metadat29_5_1_,
        organisaat2_.nimi_mkt as nimi_mk30_5_1_,
        organisaat2_.nimihaku as nimihaku8_5_1_,
        organisaat2_.oid as oid9_5_1_,
        organisaat2_.opetuspisteenjarjnro as opetusp10_5_1_,
        organisaat2_.oppilaitoskoodi as oppilai11_5_1_,
        organisaat2_.oppilaitos_tyyppi as oppilai12_5_1_,
        organisaat2_.organisaatio_poistettu as organis13_5_1_,
        organisaat2_.paivittaja as paivitt14_5_1_,
        organisaat2_.paivityspvm as paivity15_5_1_,
        organisaat2_.parentidpath as parenti16_5_1_,
        organisaat2_.parentoidpath as parento17_5_1_,
        organisaat2_.piilotettu as piilote18_5_1_,
        organisaat2_.tarkastus_pvm as tarkast19_5_1_,
        organisaat2_.toimipistekoodi as toimipi20_5_1_,
        organisaat2_.tuontipvm as tuontip21_5_1_,
        organisaat2_.varhaiskasvatuksen_toimipaikka_tiedot_id as varhais31_5_1_,
        organisaat2_.virastotunnus as virasto22_5_1_,
        organisaat2_.yhteishaunkoulukoodi as yhteish23_5_1_,
        organisaat2_.yritysmuoto as yritysm24_5_1_,
        organisaat2_.ytj_kieli as ytj_kie25_5_1_,
        organisaat2_.ytjpaivityspvm as ytjpaiv26_5_1_,
        organisaat2_.ytunnus as ytunnus27_5_1_ 
    from
        organisaatio_meta_data_yhteystiedot yhteystied0_ 
    inner join
        yhteystieto yhteystiet1_ 
            on yhteystied0_.yhteystiedot_id=yhteystiet1_.id 
    left outer join
        organisaatio organisaat2_ 
            on yhteystiet1_.organisaatio_id=organisaat2_.id 
    where
        yhteystied0_.organisaatio_meta_data_id=?
2020-06-10 18:12:09.488 TRACE 55751 --- [    Test worker] o.h.type.descriptor.sql.BasicBinder      : binding parameter [1] as [BIGINT] - [2]
2020-06-10 18:12:09.488 TRACE 55751 --- [    Test worker] o.h.type.descriptor.sql.BasicExtractor   : extracted value ([id2_25_0_] : [BIGINT]) - [1005]
2020-06-10 18:12:09.488 TRACE 55751 --- [    Test worker] o.h.type.descriptor.sql.BasicExtractor   : extracted value ([id1_5_1_] : [BIGINT]) - [null]
2020-06-10 18:12:09.488 TRACE 55751 --- [    Test worker] o.h.type.descriptor.sql.BasicExtractor   : extracted value ([dtype1_25_0_] : [VARCHAR]) - [Osoite]
2020-06-10 18:12:09.488 TRACE 55751 --- [    Test worker] o.h.type.descriptor.sql.BasicExtractor   : extracted value ([version3_25_0_] : [BIGINT]) - [1]
2020-06-10 18:12:09.488 TRACE 55751 --- [    Test worker] o.h.type.descriptor.sql.BasicExtractor   : extracted value ([kieli4_25_0_] : [VARCHAR]) - [kieli_en#1]
2020-06-10 18:12:09.488 TRACE 55751 --- [    Test worker] o.h.type.descriptor.sql.BasicExtractor   : extracted value ([organis21_25_0_] : [BIGINT]) - [null]
2020-06-10 18:12:09.488 TRACE 55751 --- [    Test worker] o.h.type.descriptor.sql.BasicExtractor   : extracted value ([yhteysti5_25_0_] : [VARCHAR]) - [1.2.2004.9]
2020-06-10 18:12:09.488 TRACE 55751 --- [    Test worker] o.h.type.descriptor.sql.BasicExtractor   : extracted value ([coordina7_25_0_] : [VARCHAR]) - [null]
2020-06-10 18:12:09.488 TRACE 55751 --- [    Test worker] o.h.type.descriptor.sql.BasicExtractor   : extracted value ([extrariv8_25_0_] : [VARCHAR]) - [null]
2020-06-10 18:12:09.488 TRACE 55751 --- [    Test worker] o.h.type.descriptor.sql.BasicExtractor   : extracted value ([lat9_25_0_] : [DOUBLE]) - [null]
2020-06-10 18:12:09.488 TRACE 55751 --- [    Test worker] o.h.type.descriptor.sql.BasicExtractor   : extracted value ([lng10_25_0_] : [DOUBLE]) - [null]
2020-06-10 18:12:09.488 TRACE 55751 --- [    Test worker] o.h.type.descriptor.sql.BasicExtractor   : extracted value ([maa11_25_0_] : [VARCHAR]) - [null]
2020-06-10 18:12:09.488 TRACE 55751 --- [    Test worker] o.h.type.descriptor.sql.BasicExtractor   : extracted value ([osavalt12_25_0_] : [VARCHAR]) - [null]
2020-06-10 18:12:09.488 TRACE 55751 --- [    Test worker] o.h.type.descriptor.sql.BasicExtractor   : extracted value ([osoite13_25_0_] : [VARCHAR]) - [Hassuttimenkatu 2, 10000 Juupajoki, Finland]
2020-06-10 18:12:09.488 TRACE 55751 --- [    Test worker] o.h.type.descriptor.sql.BasicExtractor   : extracted value ([osoite_14_25_0_] : [VARCHAR]) - [kaynti]
2020-06-10 18:12:09.488 TRACE 55751 --- [    Test worker] o.h.type.descriptor.sql.BasicExtractor   : extracted value ([postinu15_25_0_] : [VARCHAR]) - [null]
2020-06-10 18:12:09.488 TRACE 55751 --- [    Test worker] o.h.type.descriptor.sql.BasicExtractor   : extracted value ([postito16_25_0_] : [VARCHAR]) - [null]
2020-06-10 18:12:09.488 TRACE 55751 --- [    Test worker] o.h.type.descriptor.sql.BasicExtractor   : extracted value ([ytjpaiv17_25_0_] : [DATE]) - [null]
2020-06-10 18:12:09.488 TRACE 55751 --- [    Test worker] o.h.type.descriptor.sql.BasicExtractor   : extracted value ([organisa1_18_2_] : [BIGINT]) - [2]
2020-06-10 18:12:09.489 TRACE 55751 --- [    Test worker] o.h.type.descriptor.sql.BasicExtractor   : extracted value ([yhteysti2_18_2_] : [BIGINT]) - [1005]
2020-06-10 18:12:09.489 TRACE 55751 --- [    Test worker] o.h.type.descriptor.sql.BasicExtractor   : extracted value ([id2_25_0_] : [BIGINT]) - [1006]
2020-06-10 18:12:09.489 TRACE 55751 --- [    Test worker] o.h.type.descriptor.sql.BasicExtractor   : extracted value ([id1_5_1_] : [BIGINT]) - [null]
2020-06-10 18:12:09.489 TRACE 55751 --- [    Test worker] o.h.type.descriptor.sql.BasicExtractor   : extracted value ([dtype1_25_0_] : [VARCHAR]) - [Osoite]
2020-06-10 18:12:09.489 TRACE 55751 --- [    Test worker] o.h.type.descriptor.sql.BasicExtractor   : extracted value ([version3_25_0_] : [BIGINT]) - [1]
2020-06-10 18:12:09.489 TRACE 55751 --- [    Test worker] o.h.type.descriptor.sql.BasicExtractor   : extracted value ([kieli4_25_0_] : [VARCHAR]) - [kieli_en#1]
2020-06-10 18:12:09.489 TRACE 55751 --- [    Test worker] o.h.type.descriptor.sql.BasicExtractor   : extracted value ([organis21_25_0_] : [BIGINT]) - [null]
2020-06-10 18:12:09.489 TRACE 55751 --- [    Test worker] o.h.type.descriptor.sql.BasicExtractor   : extracted value ([yhteysti5_25_0_] : [VARCHAR]) - [1.2.2004.10]
2020-06-10 18:12:09.489 TRACE 55751 --- [    Test worker] o.h.type.descriptor.sql.BasicExtractor   : extracted value ([coordina7_25_0_] : [VARCHAR]) - [null]
2020-06-10 18:12:09.489 TRACE 55751 --- [    Test worker] o.h.type.descriptor.sql.BasicExtractor   : extracted value ([extrariv8_25_0_] : [VARCHAR]) - [null]
2020-06-10 18:12:09.489 TRACE 55751 --- [    Test worker] o.h.type.descriptor.sql.BasicExtractor   : extracted value ([lat9_25_0_] : [DOUBLE]) - [null]
2020-06-10 18:12:09.489 TRACE 55751 --- [    Test worker] o.h.type.descriptor.sql.BasicExtractor   : extracted value ([lng10_25_0_] : [DOUBLE]) - [null]
2020-06-10 18:12:09.489 TRACE 55751 --- [    Test worker] o.h.type.descriptor.sql.BasicExtractor   : extracted value ([maa11_25_0_] : [VARCHAR]) - [null]
2020-06-10 18:12:09.489 TRACE 55751 --- [    Test worker] o.h.type.descriptor.sql.BasicExtractor   : extracted value ([osavalt12_25_0_] : [VARCHAR]) - [null]
2020-06-10 18:12:09.489 TRACE 55751 --- [    Test worker] o.h.type.descriptor.sql.BasicExtractor   : extracted value ([osoite13_25_0_] : [VARCHAR]) - [Hassuttimenkatu 2, 10000 Juupajoki, Finland]
2020-06-10 18:12:09.489 TRACE 55751 --- [    Test worker] o.h.type.descriptor.sql.BasicExtractor   : extracted value ([osoite_14_25_0_] : [VARCHAR]) - [posti]
2020-06-10 18:12:09.489 TRACE 55751 --- [    Test worker] o.h.type.descriptor.sql.BasicExtractor   : extracted value ([postinu15_25_0_] : [VARCHAR]) - [null]
2020-06-10 18:12:09.489 TRACE 55751 --- [    Test worker] o.h.type.descriptor.sql.BasicExtractor   : extracted value ([postito16_25_0_] : [VARCHAR]) - [null]
2020-06-10 18:12:09.489 TRACE 55751 --- [    Test worker] o.h.type.descriptor.sql.BasicExtractor   : extracted value ([ytjpaiv17_25_0_] : [DATE]) - [null]
2020-06-10 18:12:09.489 TRACE 55751 --- [    Test worker] o.h.type.descriptor.sql.BasicExtractor   : extracted value ([organisa1_18_2_] : [BIGINT]) - [2]
2020-06-10 18:12:09.489 TRACE 55751 --- [    Test worker] o.h.type.descriptor.sql.BasicExtractor   : extracted value ([yhteysti2_18_2_] : [BIGINT]) - [1006]
Hibernate: 
    select
        values0_.id as id1_3_0_,
        values0_.value as value2_3_0_,
        values0_.key as key3_0_ 
    from
        monikielinen_teksti_values values0_ 
    where
        values0_.id=?
2020-06-10 18:12:09.489 TRACE 55751 --- [    Test worker] o.h.type.descriptor.sql.BasicBinder      : binding parameter [1] as [BIGINT] - [1000]
2020-06-10 18:12:09.489 TRACE 55751 --- [    Test worker] o.h.type.descriptor.sql.BasicExtractor   : extracted value ([id1_3_0_] : [BIGINT]) - [1000]
2020-06-10 18:12:09.489 TRACE 55751 --- [    Test worker] o.h.type.descriptor.sql.BasicExtractor   : extracted value ([value2_3_0_] : [VARCHAR]) - [Hakutoimiston nimi EN]
2020-06-10 18:12:09.490 TRACE 55751 --- [    Test worker] o.h.type.descriptor.sql.BasicExtractor   : extracted value ([key3_0_] : [VARCHAR]) - [kieli_en#1]
2020-06-10 18:12:09.490 TRACE 55751 --- [    Test worker] o.h.type.descriptor.sql.BasicExtractor   : extracted value ([id1_3_0_] : [BIGINT]) - [1000]
2020-06-10 18:12:09.490 TRACE 55751 --- [    Test worker] o.h.type.descriptor.sql.BasicExtractor   : extracted value ([value2_3_0_] : [VARCHAR]) - [Hakutoimiston nimi FI]
2020-06-10 18:12:09.490 TRACE 55751 --- [    Test worker] o.h.type.descriptor.sql.BasicExtractor   : extracted value ([key3_0_] : [VARCHAR]) - [kieli_fi#1]
Hibernate: 
    select
        organisaat0_.id as id1_5_,
        organisaat0_.version as version2_5_,
        organisaat0_.alkupvm as alkupvm3_5_,
        organisaat0_.domainnimi as domainni4_5_,
        organisaat0_.kotipaikka as kotipaik5_5_,
        organisaat0_.kuvaus_mkt as kuvaus_28_5_,
        organisaat0_.lakkautuspvm as lakkautu6_5_,
        organisaat0_.maa as maa7_5_,
        organisaat0_.metadata_id as metadat29_5_,
        organisaat0_.nimi_mkt as nimi_mk30_5_,
        organisaat0_.nimihaku as nimihaku8_5_,
        organisaat0_.oid as oid9_5_,
        organisaat0_.opetuspisteenjarjnro as opetusp10_5_,
        organisaat0_.oppilaitoskoodi as oppilai11_5_,
        organisaat0_.oppilaitos_tyyppi as oppilai12_5_,
        organisaat0_.organisaatio_poistettu as organis13_5_,
        organisaat0_.paivittaja as paivitt14_5_,
        organisaat0_.paivityspvm as paivity15_5_,
        organisaat0_.parentidpath as parenti16_5_,
        organisaat0_.parentoidpath as parento17_5_,
        organisaat0_.piilotettu as piilote18_5_,
        organisaat0_.tarkastus_pvm as tarkast19_5_,
        organisaat0_.toimipistekoodi as toimipi20_5_,
        organisaat0_.tuontipvm as tuontip21_5_,
        organisaat0_.varhaiskasvatuksen_toimipaikka_tiedot_id as varhais31_5_,
        organisaat0_.virastotunnus as virasto22_5_,
        organisaat0_.yhteishaunkoulukoodi as yhteish23_5_,
        organisaat0_.yritysmuoto as yritysm24_5_,
        organisaat0_.ytj_kieli as ytj_kie25_5_,
        organisaat0_.ytjpaivityspvm as ytjpaiv26_5_,
        organisaat0_.ytunnus as ytunnus27_5_ 
    from
        organisaatio organisaat0_ 
    where
        organisaat0_.oid=?
2020-06-10 18:12:09.495 TRACE 55751 --- [    Test worker] o.h.type.descriptor.sql.BasicBinder      : binding parameter [1] as [VARCHAR] - [does_not_exist]
Hibernate: 
    select
        organisaat0_.id as id1_5_,
        organisaat0_.version as version2_5_,
        organisaat0_.alkupvm as alkupvm3_5_,
        organisaat0_.domainnimi as domainni4_5_,
        organisaat0_.kotipaikka as kotipaik5_5_,
        organisaat0_.kuvaus_mkt as kuvaus_28_5_,
        organisaat0_.lakkautuspvm as lakkautu6_5_,
        organisaat0_.maa as maa7_5_,
        organisaat0_.metadata_id as metadat29_5_,
        organisaat0_.nimi_mkt as nimi_mk30_5_,
        organisaat0_.nimihaku as nimihaku8_5_,
        organisaat0_.oid as oid9_5_,
        organisaat0_.opetuspisteenjarjnro as opetusp10_5_,
        organisaat0_.oppilaitoskoodi as oppilai11_5_,
        organisaat0_.oppilaitos_tyyppi as oppilai12_5_,
        organisaat0_.organisaatio_poistettu as organis13_5_,
        organisaat0_.paivittaja as paivitt14_5_,
        organisaat0_.paivityspvm as paivity15_5_,
        organisaat0_.parentidpath as parenti16_5_,
        organisaat0_.parentoidpath as parento17_5_,
        organisaat0_.piilotettu as piilote18_5_,
        organisaat0_.tarkastus_pvm as tarkast19_5_,
        organisaat0_.toimipistekoodi as toimipi20_5_,
        organisaat0_.tuontipvm as tuontip21_5_,
        organisaat0_.varhaiskasvatuksen_toimipaikka_tiedot_id as varhais31_5_,
        organisaat0_.virastotunnus as virasto22_5_,
        organisaat0_.yhteishaunkoulukoodi as yhteish23_5_,
        organisaat0_.yritysmuoto as yritysm24_5_,
        organisaat0_.ytj_kieli as ytj_kie25_5_,
        organisaat0_.ytjpaivityspvm as ytjpaiv26_5_,
        organisaat0_.ytunnus as ytunnus27_5_ 
    from
        organisaatio organisaat0_ 
    where
        organisaat0_.oid=?
2020-06-10 18:12:09.496 TRACE 55751 --- [    Test worker] o.h.type.descriptor.sql.BasicBinder      : binding parameter [1] as [VARCHAR] - [does_not_exist]
Hibernate: 
    select
        organisaat0_.id as id1_5_,
        organisaat0_.version as version2_5_,
        organisaat0_.alkupvm as alkupvm3_5_,
        organisaat0_.domainnimi as domainni4_5_,
        organisaat0_.kotipaikka as kotipaik5_5_,
        organisaat0_.kuvaus_mkt as kuvaus_28_5_,
        organisaat0_.lakkautuspvm as lakkautu6_5_,
        organisaat0_.maa as maa7_5_,
        organisaat0_.metadata_id as metadat29_5_,
        organisaat0_.nimi_mkt as nimi_mk30_5_,
        organisaat0_.nimihaku as nimihaku8_5_,
        organisaat0_.oid as oid9_5_,
        organisaat0_.opetuspisteenjarjnro as opetusp10_5_,
        organisaat0_.oppilaitoskoodi as oppilai11_5_,
        organisaat0_.oppilaitos_tyyppi as oppilai12_5_,
        organisaat0_.organisaatio_poistettu as organis13_5_,
        organisaat0_.paivittaja as paivitt14_5_,
        organisaat0_.paivityspvm as paivity15_5_,
        organisaat0_.parentidpath as parenti16_5_,
        organisaat0_.parentoidpath as parento17_5_,
        organisaat0_.piilotettu as piilote18_5_,
        organisaat0_.tarkastus_pvm as tarkast19_5_,
        organisaat0_.toimipistekoodi as toimipi20_5_,
        organisaat0_.tuontipvm as tuontip21_5_,
        organisaat0_.varhaiskasvatuksen_toimipaikka_tiedot_id as varhais31_5_,
        organisaat0_.virastotunnus as virasto22_5_,
        organisaat0_.yhteishaunkoulukoodi as yhteish23_5_,
        organisaat0_.yritysmuoto as yritysm24_5_,
        organisaat0_.ytj_kieli as ytj_kie25_5_,
        organisaat0_.ytjpaivityspvm as ytjpaiv26_5_,
        organisaat0_.ytunnus as ytunnus27_5_ 
    from
        organisaatio organisaat0_ 
    where
        organisaat0_.ytunnus=? 
        and organisaat0_.organisaatio_poistettu=? limit ?
2020-06-10 18:12:09.497 TRACE 55751 --- [    Test worker] o.h.type.descriptor.sql.BasicBinder      : binding parameter [1] as [VARCHAR] - [does_not_exist]
2020-06-10 18:12:09.497 TRACE 55751 --- [    Test worker] o.h.type.descriptor.sql.BasicBinder      : binding parameter [2] as [BOOLEAN] - [false]
Hibernate: 
    select
        organisaat0_.id as id1_5_,
        organisaat0_.version as version2_5_,
        organisaat0_.alkupvm as alkupvm3_5_,
        organisaat0_.domainnimi as domainni4_5_,
        organisaat0_.kotipaikka as kotipaik5_5_,
        organisaat0_.kuvaus_mkt as kuvaus_28_5_,
        organisaat0_.lakkautuspvm as lakkautu6_5_,
        organisaat0_.maa as maa7_5_,
        organisaat0_.metadata_id as metadat29_5_,
        organisaat0_.nimi_mkt as nimi_mk30_5_,
        organisaat0_.nimihaku as nimihaku8_5_,
        organisaat0_.oid as oid9_5_,
        organisaat0_.opetuspisteenjarjnro as opetusp10_5_,
        organisaat0_.oppilaitoskoodi as oppilai11_5_,
        organisaat0_.oppilaitos_tyyppi as oppilai12_5_,
        organisaat0_.organisaatio_poistettu as organis13_5_,
        organisaat0_.paivittaja as paivitt14_5_,
        organisaat0_.paivityspvm as paivity15_5_,
        organisaat0_.parentidpath as parenti16_5_,
        organisaat0_.parentoidpath as parento17_5_,
        organisaat0_.piilotettu as piilote18_5_,
        organisaat0_.tarkastus_pvm as tarkast19_5_,
        organisaat0_.toimipistekoodi as toimipi20_5_,
        organisaat0_.tuontipvm as tuontip21_5_,
        organisaat0_.varhaiskasvatuksen_toimipaikka_tiedot_id as varhais31_5_,
        organisaat0_.virastotunnus as virasto22_5_,
        organisaat0_.yhteishaunkoulukoodi as yhteish23_5_,
        organisaat0_.yritysmuoto as yritysm24_5_,
        organisaat0_.ytj_kieli as ytj_kie25_5_,
        organisaat0_.ytjpaivityspvm as ytjpaiv26_5_,
        organisaat0_.ytunnus as ytunnus27_5_ 
    from
        organisaatio organisaat0_ 
    where
        organisaat0_.virastotunnus=? 
        and organisaat0_.organisaatio_poistettu=? limit ?
2020-06-10 18:12:09.497 TRACE 55751 --- [    Test worker] o.h.type.descriptor.sql.BasicBinder      : binding parameter [1] as [VARCHAR] - [does_not_exist]
2020-06-10 18:12:09.497 TRACE 55751 --- [    Test worker] o.h.type.descriptor.sql.BasicBinder      : binding parameter [2] as [BOOLEAN] - [false]
Hibernate: 
    select
        organisaat0_.id as id1_5_,
        organisaat0_.version as version2_5_,
        organisaat0_.alkupvm as alkupvm3_5_,
        organisaat0_.domainnimi as domainni4_5_,
        organisaat0_.kotipaikka as kotipaik5_5_,
        organisaat0_.kuvaus_mkt as kuvaus_28_5_,
        organisaat0_.lakkautuspvm as lakkautu6_5_,
        organisaat0_.maa as maa7_5_,
        organisaat0_.metadata_id as metadat29_5_,
        organisaat0_.nimi_mkt as nimi_mk30_5_,
        organisaat0_.nimihaku as nimihaku8_5_,
        organisaat0_.oid as oid9_5_,
        organisaat0_.opetuspisteenjarjnro as opetusp10_5_,
        organisaat0_.oppilaitoskoodi as oppilai11_5_,
        organisaat0_.oppilaitos_tyyppi as oppilai12_5_,
        organisaat0_.organisaatio_poistettu as organis13_5_,
        organisaat0_.paivittaja as paivitt14_5_,
        organisaat0_.paivityspvm as paivity15_5_,
        organisaat0_.parentidpath as parenti16_5_,
        organisaat0_.parentoidpath as parento17_5_,
        organisaat0_.piilotettu as piilote18_5_,
        organisaat0_.tarkastus_pvm as tarkast19_5_,
        organisaat0_.toimipistekoodi as toimipi20_5_,
        organisaat0_.tuontipvm as tuontip21_5_,
        organisaat0_.varhaiskasvatuksen_toimipaikka_tiedot_id as varhais31_5_,
        organisaat0_.virastotunnus as virasto22_5_,
        organisaat0_.yhteishaunkoulukoodi as yhteish23_5_,
        organisaat0_.yritysmuoto as yritysm24_5_,
        organisaat0_.ytj_kieli as ytj_kie25_5_,
        organisaat0_.ytjpaivityspvm as ytjpaiv26_5_,
        organisaat0_.ytunnus as ytunnus27_5_ 
    from
        organisaatio organisaat0_ 
    where
        organisaat0_.oppilaitoskoodi=? 
        and organisaat0_.organisaatio_poistettu=? limit ?
2020-06-10 18:12:09.498 TRACE 55751 --- [    Test worker] o.h.type.descriptor.sql.BasicBinder      : binding parameter [1] as [VARCHAR] - [does_not_exist]
2020-06-10 18:12:09.498 TRACE 55751 --- [    Test worker] o.h.type.descriptor.sql.BasicBinder      : binding parameter [2] as [BOOLEAN] - [false]
Hibernate: 
    select
        organisaat0_.id as id1_5_,
        organisaat0_.version as version2_5_,
        organisaat0_.alkupvm as alkupvm3_5_,
        organisaat0_.domainnimi as domainni4_5_,
        organisaat0_.kotipaikka as kotipaik5_5_,
        organisaat0_.kuvaus_mkt as kuvaus_28_5_,
        organisaat0_.lakkautuspvm as lakkautu6_5_,
        organisaat0_.maa as maa7_5_,
        organisaat0_.metadata_id as metadat29_5_,
        organisaat0_.nimi_mkt as nimi_mk30_5_,
        organisaat0_.nimihaku as nimihaku8_5_,
        organisaat0_.oid as oid9_5_,
        organisaat0_.opetuspisteenjarjnro as opetusp10_5_,
        organisaat0_.oppilaitoskoodi as oppilai11_5_,
        organisaat0_.oppilaitos_tyyppi as oppilai12_5_,
        organisaat0_.organisaatio_poistettu as organis13_5_,
        organisaat0_.paivittaja as paivitt14_5_,
        organisaat0_.paivityspvm as paivity15_5_,
        organisaat0_.parentidpath as parenti16_5_,
        organisaat0_.parentoidpath as parento17_5_,
        organisaat0_.piilotettu as piilote18_5_,
        organisaat0_.tarkastus_pvm as tarkast19_5_,
        organisaat0_.toimipistekoodi as toimipi20_5_,
        organisaat0_.tuontipvm as tuontip21_5_,
        organisaat0_.varhaiskasvatuksen_toimipaikka_tiedot_id as varhais31_5_,
        organisaat0_.virastotunnus as virasto22_5_,
        organisaat0_.yhteishaunkoulukoodi as yhteish23_5_,
        organisaat0_.yritysmuoto as yritysm24_5_,
        organisaat0_.ytj_kieli as ytj_kie25_5_,
        organisaat0_.ytjpaivityspvm as ytjpaiv26_5_,
        organisaat0_.ytunnus as ytunnus27_5_ 
    from
        organisaatio organisaat0_ 
    where
        organisaat0_.toimipistekoodi=? 
        and organisaat0_.organisaatio_poistettu=? limit ?
2020-06-10 18:12:09.499 TRACE 55751 --- [    Test worker] o.h.type.descriptor.sql.BasicBinder      : binding parameter [1] as [VARCHAR] - [does_not_exist]
2020-06-10 18:12:09.499 TRACE 55751 --- [    Test worker] o.h.type.descriptor.sql.BasicBinder      : binding parameter [2] as [BOOLEAN] - [false]
]]></system-out>
  <system-err><![CDATA[]]></system-err>
</testsuite>
