<?xml version="1.0" encoding="UTF-8"?>
<testsuite name="fi.vm.sade.organisaatio.service.OrganisaatioServiceAlgorithmsTest" tests="1" skipped="0" failures="0" errors="0" timestamp="2020-06-10T17:39:14" hostname="Miikkas-MacBook-Pro.local" time="0.0">
  <properties/>
  <testcase name="testLakkautusPvmLogic" classname="fi.vm.sade.organisaatio.service.OrganisaatioServiceAlgorithmsTest" time="0.0"/>
  <system-out><![CDATA[]]></system-out>
  <system-err><![CDATA[]]></system-err>
</testsuite>
