<?xml version="1.0" encoding="UTF-8"?>
<testsuite name="fi.vm.sade.organisaatio.service.YtjServiceTest" tests="3" skipped="0" failures="0" errors="0" timestamp="2020-06-10T15:12:01" hostname="Miikkas-MacBook-Pro.local" time="0.011">
  <properties/>
  <testcase name="fetchLessThan1000" classname="fi.vm.sade.organisaatio.service.YtjServiceTest" time="0.003"/>
  <testcase name="fetchMoreThan1000Test" classname="fi.vm.sade.organisaatio.service.YtjServiceTest" time="0.001"/>
  <testcase name="fetch1000Test" classname="fi.vm.sade.organisaatio.service.YtjServiceTest" time="0.001"/>
  <system-out><![CDATA[]]></system-out>
  <system-err><![CDATA[]]></system-err>
</testsuite>
